<?xml version="1.0" encoding="utf-8"?>
<TestRun id="bdea4c40-88ed-455c-8cb6-07b5c28caa98" name="DKSR-EFI-06$@DKSR-EFI-06 2024-01-09 15:41:21" runUser="NT AUTHORITY\NETWORK SERVICE" xmlns="http://microsoft.com/schemas/VisualStudio/TeamTest/2010">
  <Times creation="2024-01-09T15:41:21.9975439+01:00" queuing="2024-01-09T15:41:21.9975439+01:00" start="2024-01-09T15:41:18.4037906+01:00" finish="2024-01-09T15:41:25.9506701+01:00" />
  <TestSettings name="default" id="5101c0d3-6a33-4d98-a6b3-ae8d768ab7e0">
    <Deployment runDeploymentRoot="DKSR-EFI-06$_DKSR-EFI-06_2024-01-09_15_41_21" />
  </TestSettings>
  <Results>
    <UnitTestResult executionId="9025b1b1-7e19-40f2-ac98-c22878addf06" testId="c97251e0-524e-5109-53f3-5e1adead1298" testName="Given_WebSocketServerStarted_WhenHttpListenerThrowsException_Then_ServerStops" computerName="DKSR-EFI-06" duration="00:00:00.0849952" startTime="2024-01-09T15:41:24.5864228+01:00" endTime="2024-01-09T15:41:24.6716005+01:00" testType="13cdc9d9-ddb5-4fa4-a97d-d965ccfc6d4b" outcome="Passed" testListId="8c84fa94-04c1-424b-9868-57a2d4851a1d" relativeResultsDirectory="9025b1b1-7e19-40f2-ac98-c22878addf06" />
    <UnitTestResult executionId="eb7edc92-6c0f-4c7e-b211-a99ad9dff1fa" testId="dc190c44-9df3-627c-e706-5b20806e6976" testName="Given_HandleConnection_WhenCreatingMessageProcessorFactoryFails_Then_ExceptionIsLoggedAndCorrectResponseStatusSet" computerName="DKSR-EFI-06" duration="00:00:00.0024847" startTime="2024-01-09T15:41:23.8668095+01:00" endTime="2024-01-09T15:41:23.8694527+01:00" testType="13cdc9d9-ddb5-4fa4-a97d-d965ccfc6d4b" outcome="Passed" testListId="8c84fa94-04c1-424b-9868-57a2d4851a1d" relativeResultsDirectory="eb7edc92-6c0f-4c7e-b211-a99ad9dff1fa" />
    <UnitTestResult executionId="828a4562-ae82-498e-bf78-d54b08dd37c3" testId="c0b89de7-d5df-1192-84bc-7a554b7173bd" testName="ReadAsync_ShouldReturnNull_AndCloseSocket_WhenMessgeIsTooBig" computerName="DKSR-EFI-06" duration="00:00:00.3388140" startTime="2024-01-09T15:41:24.9878924+01:00" endTime="2024-01-09T15:41:25.3268630+01:00" testType="13cdc9d9-ddb5-4fa4-a97d-d965ccfc6d4b" outcome="Passed" testListId="8c84fa94-04c1-424b-9868-57a2d4851a1d" relativeResultsDirectory="828a4562-ae82-498e-bf78-d54b08dd37c3" />
    <UnitTestResult executionId="25fb29e8-e5a9-46cd-8256-ceacb9ce1553" testId="60e393e1-fb9a-677f-db7d-7b0867243a41" testName="ReadAsync_ShouldReturnNull_AndCloseSocket_WhenCloseIsReceived" computerName="DKSR-EFI-06" duration="00:00:00.0073615" startTime="2024-01-09T15:41:24.9268430+01:00" endTime="2024-01-09T15:41:24.9358799+01:00" testType="13cdc9d9-ddb5-4fa4-a97d-d965ccfc6d4b" outcome="Passed" testListId="8c84fa94-04c1-424b-9868-57a2d4851a1d" relativeResultsDirectory="25fb29e8-e5a9-46cd-8256-ceacb9ce1553" />
    <UnitTestResult executionId="5a12d451-c67d-4a1b-82a3-4a75beceeb30" testId="17113636-2838-540b-6e7b-9af7ed2f4a89" testName="ReadAsync_ShouldBeCancelled_WhenTokenIsCancelled" computerName="DKSR-EFI-06" duration="00:00:00.0053797" startTime="2024-01-09T15:41:25.3269339+01:00" endTime="2024-01-09T15:41:25.3326507+01:00" testType="13cdc9d9-ddb5-4fa4-a97d-d965ccfc6d4b" outcome="Passed" testListId="8c84fa94-04c1-424b-9868-57a2d4851a1d" relativeResultsDirectory="5a12d451-c67d-4a1b-82a3-4a75beceeb30" />
    <UnitTestResult executionId="095a389c-eeda-4da1-b0c9-73f6ba61390e" testId="786ed098-fd0c-ab3e-d959-e6ab09eb64f2" testName="WriteAsync_ShouldSendJsonData_WhenCalledWithAnObject" computerName="DKSR-EFI-06" duration="00:00:00.0067545" startTime="2024-01-09T15:41:24.5742605+01:00" endTime="2024-01-09T15:41:24.5813870+01:00" testType="13cdc9d9-ddb5-4fa4-a97d-d965ccfc6d4b" outcome="Passed" testListId="8c84fa94-04c1-424b-9868-57a2d4851a1d" relativeResultsDirectory="095a389c-eeda-4da1-b0c9-73f6ba61390e" />
    <UnitTestResult executionId="51f59700-90d6-409d-87cd-2a99e5f2769f" testId="6cbe5b7e-5a0c-4d41-4528-7220bcedb289" testName="Given_WebSocketServerRunning_WhenNonWebsocketRequestReceived_Then_CloseResponseWithStatus426_AndMessageProcessorIsDisposed" computerName="DKSR-EFI-06" duration="00:00:00.0360757" startTime="2024-01-09T15:41:24.6803158+01:00" endTime="2024-01-09T15:41:24.7166044+01:00" testType="13cdc9d9-ddb5-4fa4-a97d-d965ccfc6d4b" outcome="Passed" testListId="8c84fa94-04c1-424b-9868-57a2d4851a1d" relativeResultsDirectory="51f59700-90d6-409d-87cd-2a99e5f2769f" />
    <UnitTestResult executionId="a0055bb6-2d73-456f-b096-391f4823e19f" testId="07d0e3c4-f0e5-a0b1-e09d-27b246255d4a" testName="Given_ConnectionRuns_When_ConnectionIsCancelled_Then_ProcessMessagesAreAwaited" computerName="DKSR-EFI-06" startTime="2024-01-09T15:41:24.5532540+01:00" endTime="2024-01-09T15:41:24.5533387+01:00" testType="13cdc9d9-ddb5-4fa4-a97d-d965ccfc6d4b" outcome="NotExecuted" testListId="8c84fa94-04c1-424b-9868-57a2d4851a1d" relativeResultsDirectory="a0055bb6-2d73-456f-b096-391f4823e19f">
      <Output></Output>
    </UnitTestResult>
    <UnitTestResult executionId="3929aa8d-d023-487d-ad92-084d0c24eecd" testId="1a73e3fb-db04-acf8-efc0-c385c3668563" testName="Given_WebSocketServerRunning_WhenWebSocketRequestsReceived_AndClosedByClient_Then_ConnectionAndMessageProcessorAreDisposed" computerName="DKSR-EFI-06" duration="00:00:00.0160062" startTime="2024-01-09T15:41:24.9105819+01:00" endTime="2024-01-09T15:41:24.9267652+01:00" testType="13cdc9d9-ddb5-4fa4-a97d-d965ccfc6d4b" outcome="Passed" testListId="8c84fa94-04c1-424b-9868-57a2d4851a1d" relativeResultsDirectory="3929aa8d-d023-487d-ad92-084d0c24eecd" />
    <UnitTestResult executionId="c7cf335d-1aec-4b58-9014-8cec68e0bb21" testId="82208ecb-5dfd-fb08-9afb-08c75a19542d" testName="Given_ConnectionRuns_When_ConnectionIsClosed_Then_ProcessMessagesAreAwaited" computerName="DKSR-EFI-06" startTime="2024-01-09T15:41:24.5524700+01:00" endTime="2024-01-09T15:41:24.5531915+01:00" testType="13cdc9d9-ddb5-4fa4-a97d-d965ccfc6d4b" outcome="NotExecuted" testListId="8c84fa94-04c1-424b-9868-57a2d4851a1d" relativeResultsDirectory="c7cf335d-1aec-4b58-9014-8cec68e0bb21">
      <Output></Output>
    </UnitTestResult>
    <UnitTestResult executionId="1e48ad9f-a5fe-4fb0-82d0-d6f9f0debb59" testId="5c315a0f-66f4-9209-9ce3-f856f2e8b9fd" testName="ReadAsync_ShouldReturnMessage_WhenMessgeBytesFitInBuffer_AndIsNotSplit" computerName="DKSR-EFI-06" duration="00:00:00.0043291" startTime="2024-01-09T15:41:25.3327277+01:00" endTime="2024-01-09T15:41:25.3372075+01:00" testType="13cdc9d9-ddb5-4fa4-a97d-d965ccfc6d4b" outcome="Passed" testListId="8c84fa94-04c1-424b-9868-57a2d4851a1d" relativeResultsDirectory="1e48ad9f-a5fe-4fb0-82d0-d6f9f0debb59" />
    <UnitTestResult executionId="149cda65-e250-44e6-819e-fde0c147f2b6" testId="bd7e0b0c-ef43-360b-dfdb-030b0d50a8ec" testName="WriteAsync_ShouldBeCancelled_WhenTokenIsCancelled" computerName="DKSR-EFI-06" duration="00:00:00.0045436" startTime="2024-01-09T15:41:25.5365958+01:00" endTime="2024-01-09T15:41:25.5414786+01:00" testType="13cdc9d9-ddb5-4fa4-a97d-d965ccfc6d4b" outcome="Passed" testListId="8c84fa94-04c1-424b-9868-57a2d4851a1d" relativeResultsDirectory="149cda65-e250-44e6-819e-fde0c147f2b6" />
    <UnitTestResult executionId="f479c3e6-5828-4f8b-a9d3-47220cd17457" testId="ad5627d5-e497-1f22-e9cd-133a26af6477" testName="Given_HandleConnection_WhenValidateConnectionFails_Then_CorrectResponseStatusSet" computerName="DKSR-EFI-06" duration="00:00:00.0046584" startTime="2024-01-09T15:41:23.8619086+01:00" endTime="2024-01-09T15:41:23.8667321+01:00" testType="13cdc9d9-ddb5-4fa4-a97d-d965ccfc6d4b" outcome="Passed" testListId="8c84fa94-04c1-424b-9868-57a2d4851a1d" relativeResultsDirectory="f479c3e6-5828-4f8b-a9d3-47220cd17457" />
    <UnitTestResult executionId="9bddbc5c-e20a-46a3-8380-cb791765e4de" testId="f84c3ab6-5df5-c8d8-bb37-6142800c1835" testName="Given_ConnectionCreated_WhenRunAsync_Then_TaskRunsUntilReaderReportsConnectionClosed" computerName="DKSR-EFI-06" duration="00:00:00.1548620" startTime="2024-01-09T15:41:23.9861231+01:00" endTime="2024-01-09T15:41:24.1411888+01:00" testType="13cdc9d9-ddb5-4fa4-a97d-d965ccfc6d4b" outcome="Passed" testListId="8c84fa94-04c1-424b-9868-57a2d4851a1d" relativeResultsDirectory="9bddbc5c-e20a-46a3-8380-cb791765e4de" />
    <UnitTestResult executionId="1445a62f-2911-4b94-9534-085d28562334" testId="27924e98-8eeb-6eec-e518-9bff1acaa8bc" testName="Given_WebSocketServerRunning_WhenCancelled_Then_StopsWithoutException" computerName="DKSR-EFI-06" duration="00:00:00.0083438" startTime="2024-01-09T15:41:24.6716823+01:00" endTime="2024-01-09T15:41:24.6802198+01:00" testType="13cdc9d9-ddb5-4fa4-a97d-d965ccfc6d4b" outcome="Passed" testListId="8c84fa94-04c1-424b-9868-57a2d4851a1d" relativeResultsDirectory="1445a62f-2911-4b94-9534-085d28562334" />
    <UnitTestResult executionId="2ddc5c30-14d9-4667-aa91-fa098f9db4c2" testId="cfd6388b-cadd-07ab-aad8-887884679ccd" testName="Given_HandleConnectionCalled_WhenCancelled_Then_StopsWithoutException" computerName="DKSR-EFI-06" duration="00:00:00.4870153" startTime="2024-01-09T15:41:23.3659878+01:00" endTime="2024-01-09T15:41:23.8534346+01:00" testType="13cdc9d9-ddb5-4fa4-a97d-d965ccfc6d4b" outcome="Passed" testListId="8c84fa94-04c1-424b-9868-57a2d4851a1d" relativeResultsDirectory="2ddc5c30-14d9-4667-aa91-fa098f9db4c2" />
    <UnitTestResult executionId="8fcaf9d4-20c6-4cef-92e2-10ca2041a202" testId="3c1561df-e7db-a184-b7bc-63aba8a8c00a" testName="WriteAsync_ShouldSendClearTextData_WhenCalledWithAMessage" computerName="DKSR-EFI-06" duration="00:00:00.0037674" startTime="2024-01-09T15:41:25.5445568+01:00" endTime="2024-01-09T15:41:25.5495211+01:00" testType="13cdc9d9-ddb5-4fa4-a97d-d965ccfc6d4b" outcome="Passed" testListId="8c84fa94-04c1-424b-9868-57a2d4851a1d" relativeResultsDirectory="8fcaf9d4-20c6-4cef-92e2-10ca2041a202" />
    <UnitTestResult executionId="da7365df-74ff-48bf-a8cf-d51f27e244a4" testId="45fbabf4-059d-78c5-13e1-c6c213e9b668" testName="WriteAsync_ShouldSendBinaryData_WhenCalledWithBinaryData" computerName="DKSR-EFI-06" duration="00:00:01.7839415" startTime="2024-01-09T15:41:21.5814164+01:00" endTime="2024-01-09T15:41:23.3658228+01:00" testType="13cdc9d9-ddb5-4fa4-a97d-d965ccfc6d4b" outcome="Passed" testListId="8c84fa94-04c1-424b-9868-57a2d4851a1d" relativeResultsDirectory="da7365df-74ff-48bf-a8cf-d51f27e244a4" />
    <UnitTestResult executionId="fc624032-6354-4613-9c0c-1174871d8e8c" testId="2d53fdea-8210-12a2-fa20-75c46188c947" testName="Given_ConnectionCreated_WhenRunAsync_Then_TaskRunsUntilCancelled" computerName="DKSR-EFI-06" duration="00:00:00.1161989" startTime="2024-01-09T15:41:23.8695186+01:00" endTime="2024-01-09T15:41:23.9860376+01:00" testType="13cdc9d9-ddb5-4fa4-a97d-d965ccfc6d4b" outcome="Passed" testListId="8c84fa94-04c1-424b-9868-57a2d4851a1d" relativeResultsDirectory="fc624032-6354-4613-9c0c-1174871d8e8c" />
    <UnitTestResult executionId="b9971a0a-7645-4cb4-98ba-dbb73e3c451d" testId="74fbcf86-e02b-e102-508f-c289f907d623" testName="ReadAsync_ShouldReturnUnalteredByteArray_WhenGivenBinaryData" computerName="DKSR-EFI-06" duration="00:00:00.7950774" startTime="2024-01-09T15:41:20.6500986+01:00" endTime="2024-01-09T15:41:21.5720577+01:00" testType="13cdc9d9-ddb5-4fa4-a97d-d965ccfc6d4b" outcome="Passed" testListId="8c84fa94-04c1-424b-9868-57a2d4851a1d" relativeResultsDirectory="b9971a0a-7645-4cb4-98ba-dbb73e3c451d" />
    <UnitTestResult executionId="0209539d-2e66-4785-b99c-f98a02790f62" testId="45bc5c00-81fc-dcbb-35b0-d70ab735f706" testName="Given_WebSocketServerRunning_WhenWebSocketRequestsReceived_AndServerShutsDown_Then_ConnectionsAreClosedByServer_AndConnectionAndMessageProcessorAreDisposed" computerName="DKSR-EFI-06" duration="00:00:00.1806688" startTime="2024-01-09T15:41:24.7295985+01:00" endTime="2024-01-09T15:41:24.9104595+01:00" testType="13cdc9d9-ddb5-4fa4-a97d-d965ccfc6d4b" outcome="Passed" testListId="8c84fa94-04c1-424b-9868-57a2d4851a1d" relativeResultsDirectory="0209539d-2e66-4785-b99c-f98a02790f62" />
    <UnitTestResult executionId="15abc7b8-90f9-44d0-80d3-3791714b928d" testId="d828ff89-d542-aec2-0f85-e3a6f44609b4" testName="ReadAsync_ShouldReturnMessage_WhenMessgeBytesDoesNotFitInBuffer" computerName="DKSR-EFI-06" duration="00:00:00.1938189" startTime="2024-01-09T15:41:25.3424525+01:00" endTime="2024-01-09T15:41:25.5364390+01:00" testType="13cdc9d9-ddb5-4fa4-a97d-d965ccfc6d4b" outcome="Passed" testListId="8c84fa94-04c1-424b-9868-57a2d4851a1d" relativeResultsDirectory="15abc7b8-90f9-44d0-80d3-3791714b928d" />
    <UnitTestResult executionId="6f33536b-f2e6-43a2-b1e4-5071b8f18ea7" testId="a53282b4-6a05-242a-e4d2-b9565bce7581" testName="WriteAsync_ShouldFail_WhenMessageIsNull" computerName="DKSR-EFI-06" duration="00:00:00.0025563" startTime="2024-01-09T15:41:25.5416620+01:00" endTime="2024-01-09T15:41:25.5444850+01:00" testType="13cdc9d9-ddb5-4fa4-a97d-d965ccfc6d4b" outcome="Passed" testListId="8c84fa94-04c1-424b-9868-57a2d4851a1d" relativeResultsDirectory="6f33536b-f2e6-43a2-b1e4-5071b8f18ea7" />
    <UnitTestResult executionId="14bbd434-7e9f-4ba5-87b0-b5907fd88311" testId="c45e925c-2d90-9721-a7dd-15fb78334e99" testName="Given_ConnectionRuns_When_ProcessMessageThrowsProcessMessageException_Then_TheConnectionGetsClosed" computerName="DKSR-EFI-06" duration="00:00:00.1521206" startTime="2024-01-09T15:41:24.3243256+01:00" endTime="2024-01-09T15:41:24.4767073+01:00" testType="13cdc9d9-ddb5-4fa4-a97d-d965ccfc6d4b" outcome="Passed" testListId="8c84fa94-04c1-424b-9868-57a2d4851a1d" relativeResultsDirectory="14bbd434-7e9f-4ba5-87b0-b5907fd88311" />
    <UnitTestResult executionId="8d59eca4-9205-4931-bd66-984e0c8e3dd0" testId="541e7a25-1132-e1e5-2914-5c97dae45806" testName="Given_ConnectionCreated_WhenRunAsync_Then_TaskKeepRunningEvenIfAnExceptionIsThrown" computerName="DKSR-EFI-06" duration="00:00:00.0975999" startTime="2024-01-09T15:41:24.1412796+01:00" endTime="2024-01-09T15:41:24.2390872+01:00" testType="13cdc9d9-ddb5-4fa4-a97d-d965ccfc6d4b" outcome="Passed" testListId="8c84fa94-04c1-424b-9868-57a2d4851a1d" relativeResultsDirectory="8d59eca4-9205-4931-bd66-984e0c8e3dd0" />
    <UnitTestResult executionId="3bd2d728-bb50-4b35-9946-6941fc3eed09" testId="21bbf318-06fa-5331-4b4b-1b1314cab6cc" testName="ReadAsync_ShouldReturnObject_WhenGivenJson" computerName="DKSR-EFI-06" duration="00:00:00.0205528" startTime="2024-01-09T15:41:24.5533621+01:00" endTime="2024-01-09T15:41:24.5741730+01:00" testType="13cdc9d9-ddb5-4fa4-a97d-d965ccfc6d4b" outcome="Passed" testListId="8c84fa94-04c1-424b-9868-57a2d4851a1d" relativeResultsDirectory="3bd2d728-bb50-4b35-9946-6941fc3eed09" />
    <UnitTestResult executionId="29db1c48-79c4-4977-9fa2-f419b601b008" testId="43535fd5-c237-92ee-f62c-6062d656852a" testName="Given_ConnectionRuns_When_IncomingMessageProcessorResponds_Then_TheResponseIsPassedToTheWebSocketWriter" computerName="DKSR-EFI-06" duration="00:00:00.0730629" startTime="2024-01-09T15:41:24.4790607+01:00" endTime="2024-01-09T15:41:24.5523830+01:00" testType="13cdc9d9-ddb5-4fa4-a97d-d965ccfc6d4b" outcome="Passed" testListId="8c84fa94-04c1-424b-9868-57a2d4851a1d" relativeResultsDirectory="29db1c48-79c4-4977-9fa2-f419b601b008" />
    <UnitTestResult executionId="e67ac28f-92f7-4144-9693-a079f49cb238" testId="5d93fbf4-5ac7-c2bb-0495-c307c48f26fe" testName="Given_HandleConnection_WhenNonAcceptWebSocketTrows_Then_ExceptionIsTrown" computerName="DKSR-EFI-06" duration="00:00:00.0080866" startTime="2024-01-09T15:41:23.8535259+01:00" endTime="2024-01-09T15:41:23.8618197+01:00" testType="13cdc9d9-ddb5-4fa4-a97d-d965ccfc6d4b" outcome="Passed" testListId="8c84fa94-04c1-424b-9868-57a2d4851a1d" relativeResultsDirectory="e67ac28f-92f7-4144-9693-a079f49cb238" />
    <UnitTestResult executionId="1375ddbf-3d24-48e9-826d-6ae736535681" testId="d48b9345-2218-465d-52b1-e79f9f0ad5f6" testName="Given_WebSocketServerCreated_WhenDisposed_Then_HttpListenerIsDisposed" computerName="DKSR-EFI-06" duration="00:00:00.0046243" startTime="2024-01-09T15:41:24.5814662+01:00" endTime="2024-01-09T15:41:24.5863475+01:00" testType="13cdc9d9-ddb5-4fa4-a97d-d965ccfc6d4b" outcome="Passed" testListId="8c84fa94-04c1-424b-9868-57a2d4851a1d" relativeResultsDirectory="1375ddbf-3d24-48e9-826d-6ae736535681" />
    <UnitTestResult executionId="cedefc47-d6bb-4a67-a072-348614c2522b" testId="2db4a4b8-7542-9257-9c47-e10b048b1618" testName="ReadAsync_ShouldReturnMessage_WhenMessgeBytesFitInBuffer_AndIsSplitIn2" computerName="DKSR-EFI-06" duration="00:00:00.0043536" startTime="2024-01-09T15:41:25.3372732+01:00" endTime="2024-01-09T15:41:25.3417617+01:00" testType="13cdc9d9-ddb5-4fa4-a97d-d965ccfc6d4b" outcome="Passed" testListId="8c84fa94-04c1-424b-9868-57a2d4851a1d" relativeResultsDirectory="cedefc47-d6bb-4a67-a072-348614c2522b" />
    <UnitTestResult executionId="de3569f4-28e5-4781-a52d-8e1dd69da1f6" testId="4178cbcb-b670-4928-d5e3-684f18e91898" testName="Given_ConnectionRuns_When_MessageReceived_Then_ItIsProcessedByIncomingMessageProcessor" computerName="DKSR-EFI-06" duration="00:00:00.0848481" startTime="2024-01-09T15:41:24.2391714+01:00" endTime="2024-01-09T15:41:24.3242324+01:00" testType="13cdc9d9-ddb5-4fa4-a97d-d965ccfc6d4b" outcome="Passed" testListId="8c84fa94-04c1-424b-9868-57a2d4851a1d" relativeResultsDirectory="de3569f4-28e5-4781-a52d-8e1dd69da1f6" />
    <UnitTestResult executionId="572b4109-ba4d-47c0-8a59-d4cdd6a7f7b1" testId="b01ffc42-bd8d-f8f4-c137-073f90bc1c56" testName="ReadAsync_ShouldReturnNull_AndCloseSocket_WhenBinaryIsReceived" computerName="DKSR-EFI-06" duration="00:00:00.0517184" startTime="2024-01-09T15:41:24.9359479+01:00" endTime="2024-01-09T15:41:24.9878214+01:00" testType="13cdc9d9-ddb5-4fa4-a97d-d965ccfc6d4b" outcome="Passed" testListId="8c84fa94-04c1-424b-9868-57a2d4851a1d" relativeResultsDirectory="572b4109-ba4d-47c0-8a59-d4cdd6a7f7b1" />
    <UnitTestResult executionId="d34d526c-2ade-4967-aa37-9ca81a4bd364" testId="cb3e1099-bc6e-ffc9-3d3c-c21852b8c186" testName="Given_WebSocketServerRunning_WhenValidateClientReturnsUnauthorized_Then_CloseResponseWithStatus401_AndMessageProcessorIsDisposed" computerName="DKSR-EFI-06" duration="00:00:00.0084172" startTime="2024-01-09T15:41:24.7204880+01:00" endTime="2024-01-09T15:41:24.7295199+01:00" testType="13cdc9d9-ddb5-4fa4-a97d-d965ccfc6d4b" outcome="Passed" testListId="8c84fa94-04c1-424b-9868-57a2d4851a1d" relativeResultsDirectory="d34d526c-2ade-4967-aa37-9ca81a4bd364" />
  </Results>
  <TestDefinitions>
    <UnitTest name="ReadAsync_ShouldReturnMessage_WhenMessgeBytesFitInBuffer_AndIsSplitIn2" storage="d:\actions-runner\_work\xpco\xpco\allsolutions\..\common\videoos.common.websockets\tst\videoos.common.websockets.unittests\bin\debug\net6.0-windows\videoos.common.websockets.unittests.dll" id="2db4a4b8-7542-9257-9c47-e10b048b1618">
      <Execution id="cedefc47-d6bb-4a67-a072-348614c2522b" />
      <TestMethod codeBase="D:\actions-runner\_work\XPCO\XPCO\AllSolutions\..\Common\VideoOS.Common.WebSockets\tst\VideoOS.Common.WebSockets.UnitTests\bin\Debug\net6.0-windows\VideoOS.Common.WebSockets.UnitTests.dll" adapterTypeName="executor://mstestadapter/v2" className="VideoOS.Common.WebSockets.UnitTests.WebSocketTextReaderTests" name="ReadAsync_ShouldReturnMessage_WhenMessgeBytesFitInBuffer_AndIsSplitIn2" />
    </UnitTest>
    <UnitTest name="Given_HandleConnectionCalled_WhenCancelled_Then_StopsWithoutException" storage="d:\actions-runner\_work\xpco\xpco\allsolutions\..\common\videoos.common.websockets\tst\videoos.common.websockets.unittests\bin\debug\net6.0-windows\videoos.common.websockets.unittests.dll" id="cfd6388b-cadd-07ab-aad8-887884679ccd">
      <Execution id="2ddc5c30-14d9-4667-aa91-fa098f9db4c2" />
      <TestMethod codeBase="D:\actions-runner\_work\XPCO\XPCO\AllSolutions\..\Common\VideoOS.Common.WebSockets\tst\VideoOS.Common.WebSockets.UnitTests\bin\Debug\net6.0-windows\VideoOS.Common.WebSockets.UnitTests.dll" adapterTypeName="executor://mstestadapter/v2" className="VideoOS.Common.WebSockets.UnitTests.WebSocketConnectionHandlerTests" name="Given_HandleConnectionCalled_WhenCancelled_Then_StopsWithoutException" />
    </UnitTest>
    <UnitTest name="ReadAsync_ShouldReturnNull_AndCloseSocket_WhenCloseIsReceived" storage="d:\actions-runner\_work\xpco\xpco\allsolutions\..\common\videoos.common.websockets\tst\videoos.common.websockets.unittests\bin\debug\net6.0-windows\videoos.common.websockets.unittests.dll" id="60e393e1-fb9a-677f-db7d-7b0867243a41">
      <Execution id="25fb29e8-e5a9-46cd-8256-ceacb9ce1553" />
      <TestMethod codeBase="D:\actions-runner\_work\XPCO\XPCO\AllSolutions\..\Common\VideoOS.Common.WebSockets\tst\VideoOS.Common.WebSockets.UnitTests\bin\Debug\net6.0-windows\VideoOS.Common.WebSockets.UnitTests.dll" adapterTypeName="executor://mstestadapter/v2" className="VideoOS.Common.WebSockets.UnitTests.WebSocketTextReaderTests" name="ReadAsync_ShouldReturnNull_AndCloseSocket_WhenCloseIsReceived" />
    </UnitTest>
    <UnitTest name="Given_ConnectionRuns_When_MessageReceived_Then_ItIsProcessedByIncomingMessageProcessor" storage="d:\actions-runner\_work\xpco\xpco\allsolutions\..\common\videoos.common.websockets\tst\videoos.common.websockets.unittests\bin\debug\net6.0-windows\videoos.common.websockets.unittests.dll" id="4178cbcb-b670-4928-d5e3-684f18e91898">
      <Execution id="de3569f4-28e5-4781-a52d-8e1dd69da1f6" />
      <TestMethod codeBase="D:\actions-runner\_work\XPCO\XPCO\AllSolutions\..\Common\VideoOS.Common.WebSockets\tst\VideoOS.Common.WebSockets.UnitTests\bin\Debug\net6.0-windows\VideoOS.Common.WebSockets.UnitTests.dll" adapterTypeName="executor://mstestadapter/v2" className="VideoOS.Common.WebSockets.UnitTests.WebSocketConnectionTest" name="Given_ConnectionRuns_When_MessageReceived_Then_ItIsProcessedByIncomingMessageProcessor" />
    </UnitTest>
    <UnitTest name="Given_WebSocketServerRunning_WhenWebSocketRequestsReceived_AndServerShutsDown_Then_ConnectionsAreClosedByServer_AndConnectionAndMessageProcessorAreDisposed" storage="d:\actions-runner\_work\xpco\xpco\allsolutions\..\common\videoos.common.websockets\tst\videoos.common.websockets.unittests\bin\debug\net6.0-windows\videoos.common.websockets.unittests.dll" id="45bc5c00-81fc-dcbb-35b0-d70ab735f706">
      <Execution id="0209539d-2e66-4785-b99c-f98a02790f62" />
      <TestMethod codeBase="D:\actions-runner\_work\XPCO\XPCO\AllSolutions\..\Common\VideoOS.Common.WebSockets\tst\VideoOS.Common.WebSockets.UnitTests\bin\Debug\net6.0-windows\VideoOS.Common.WebSockets.UnitTests.dll" adapterTypeName="executor://mstestadapter/v2" className="VideoOS.Common.WebSockets.UnitTests.WebSocketServerTests" name="Given_WebSocketServerRunning_WhenWebSocketRequestsReceived_AndServerShutsDown_Then_ConnectionsAreClosedByServer_AndConnectionAndMessageProcessorAreDisposed" />
    </UnitTest>
    <UnitTest name="ReadAsync_ShouldReturnUnalteredByteArray_WhenGivenBinaryData" storage="d:\actions-runner\_work\xpco\xpco\allsolutions\..\common\videoos.common.websockets\tst\videoos.common.websockets.unittests\bin\debug\net6.0-windows\videoos.common.websockets.unittests.dll" id="74fbcf86-e02b-e102-508f-c289f907d623">
      <Execution id="b9971a0a-7645-4cb4-98ba-dbb73e3c451d" />
      <TestMethod codeBase="D:\actions-runner\_work\XPCO\XPCO\AllSolutions\..\Common\VideoOS.Common.WebSockets\tst\VideoOS.Common.WebSockets.UnitTests\bin\Debug\net6.0-windows\VideoOS.Common.WebSockets.UnitTests.dll" adapterTypeName="executor://mstestadapter/v2" className="VideoOS.Common.WebSockets.UnitTests.WebSocketBinaryReaderTests" name="ReadAsync_ShouldReturnUnalteredByteArray_WhenGivenBinaryData" />
    </UnitTest>
    <UnitTest name="Given_WebSocketServerRunning_WhenValidateClientReturnsUnauthorized_Then_CloseResponseWithStatus401_AndMessageProcessorIsDisposed" storage="d:\actions-runner\_work\xpco\xpco\allsolutions\..\common\videoos.common.websockets\tst\videoos.common.websockets.unittests\bin\debug\net6.0-windows\videoos.common.websockets.unittests.dll" id="cb3e1099-bc6e-ffc9-3d3c-c21852b8c186">
      <Execution id="d34d526c-2ade-4967-aa37-9ca81a4bd364" />
      <TestMethod codeBase="D:\actions-runner\_work\XPCO\XPCO\AllSolutions\..\Common\VideoOS.Common.WebSockets\tst\VideoOS.Common.WebSockets.UnitTests\bin\Debug\net6.0-windows\VideoOS.Common.WebSockets.UnitTests.dll" adapterTypeName="executor://mstestadapter/v2" className="VideoOS.Common.WebSockets.UnitTests.WebSocketServerTests" name="Given_WebSocketServerRunning_WhenValidateClientReturnsUnauthorized_Then_CloseResponseWithStatus401_AndMessageProcessorIsDisposed" />
    </UnitTest>
    <UnitTest name="ReadAsync_ShouldReturnObject_WhenGivenJson" storage="d:\actions-runner\_work\xpco\xpco\allsolutions\..\common\videoos.common.websockets\tst\videoos.common.websockets.unittests\bin\debug\net6.0-windows\videoos.common.websockets.unittests.dll" id="21bbf318-06fa-5331-4b4b-1b1314cab6cc">
      <Execution id="3bd2d728-bb50-4b35-9946-6941fc3eed09" />
      <TestMethod codeBase="D:\actions-runner\_work\XPCO\XPCO\AllSolutions\..\Common\VideoOS.Common.WebSockets\tst\VideoOS.Common.WebSockets.UnitTests\bin\Debug\net6.0-windows\VideoOS.Common.WebSockets.UnitTests.dll" adapterTypeName="executor://mstestadapter/v2" className="VideoOS.Common.WebSockets.UnitTests.WebSocketJsonReaderTests" name="ReadAsync_ShouldReturnObject_WhenGivenJson" />
    </UnitTest>
    <UnitTest name="ReadAsync_ShouldReturnMessage_WhenMessgeBytesDoesNotFitInBuffer" storage="d:\actions-runner\_work\xpco\xpco\allsolutions\..\common\videoos.common.websockets\tst\videoos.common.websockets.unittests\bin\debug\net6.0-windows\videoos.common.websockets.unittests.dll" id="d828ff89-d542-aec2-0f85-e3a6f44609b4">
      <Execution id="15abc7b8-90f9-44d0-80d3-3791714b928d" />
      <TestMethod codeBase="D:\actions-runner\_work\XPCO\XPCO\AllSolutions\..\Common\VideoOS.Common.WebSockets\tst\VideoOS.Common.WebSockets.UnitTests\bin\Debug\net6.0-windows\VideoOS.Common.WebSockets.UnitTests.dll" adapterTypeName="executor://mstestadapter/v2" className="VideoOS.Common.WebSockets.UnitTests.WebSocketTextReaderTests" name="ReadAsync_ShouldReturnMessage_WhenMessgeBytesDoesNotFitInBuffer" />
    </UnitTest>
    <UnitTest name="WriteAsync_ShouldFail_WhenMessageIsNull" storage="d:\actions-runner\_work\xpco\xpco\allsolutions\..\common\videoos.common.websockets\tst\videoos.common.websockets.unittests\bin\debug\net6.0-windows\videoos.common.websockets.unittests.dll" id="a53282b4-6a05-242a-e4d2-b9565bce7581">
      <Execution id="6f33536b-f2e6-43a2-b1e4-5071b8f18ea7" />
      <TestMethod codeBase="D:\actions-runner\_work\XPCO\XPCO\AllSolutions\..\Common\VideoOS.Common.WebSockets\tst\VideoOS.Common.WebSockets.UnitTests\bin\Debug\net6.0-windows\VideoOS.Common.WebSockets.UnitTests.dll" adapterTypeName="executor://mstestadapter/v2" className="VideoOS.Common.WebSockets.UnitTests.WebSocketTextWriterTests" name="WriteAsync_ShouldFail_WhenMessageIsNull" />
    </UnitTest>
    <UnitTest name="ReadAsync_ShouldBeCancelled_WhenTokenIsCancelled" storage="d:\actions-runner\_work\xpco\xpco\allsolutions\..\common\videoos.common.websockets\tst\videoos.common.websockets.unittests\bin\debug\net6.0-windows\videoos.common.websockets.unittests.dll" id="17113636-2838-540b-6e7b-9af7ed2f4a89">
      <Execution id="5a12d451-c67d-4a1b-82a3-4a75beceeb30" />
      <TestMethod codeBase="D:\actions-runner\_work\XPCO\XPCO\AllSolutions\..\Common\VideoOS.Common.WebSockets\tst\VideoOS.Common.WebSockets.UnitTests\bin\Debug\net6.0-windows\VideoOS.Common.WebSockets.UnitTests.dll" adapterTypeName="executor://mstestadapter/v2" className="VideoOS.Common.WebSockets.UnitTests.WebSocketTextReaderTests" name="ReadAsync_ShouldBeCancelled_WhenTokenIsCancelled" />
    </UnitTest>
    <UnitTest name="Given_WebSocketServerStarted_WhenHttpListenerThrowsException_Then_ServerStops" storage="d:\actions-runner\_work\xpco\xpco\allsolutions\..\common\videoos.common.websockets\tst\videoos.common.websockets.unittests\bin\debug\net6.0-windows\videoos.common.websockets.unittests.dll" id="c97251e0-524e-5109-53f3-5e1adead1298">
      <Execution id="9025b1b1-7e19-40f2-ac98-c22878addf06" />
      <TestMethod codeBase="D:\actions-runner\_work\XPCO\XPCO\AllSolutions\..\Common\VideoOS.Common.WebSockets\tst\VideoOS.Common.WebSockets.UnitTests\bin\Debug\net6.0-windows\VideoOS.Common.WebSockets.UnitTests.dll" adapterTypeName="executor://mstestadapter/v2" className="VideoOS.Common.WebSockets.UnitTests.WebSocketServerTests" name="Given_WebSocketServerStarted_WhenHttpListenerThrowsException_Then_ServerStops" />
    </UnitTest>
    <UnitTest name="Given_ConnectionRuns_When_ConnectionIsCancelled_Then_ProcessMessagesAreAwaited" storage="d:\actions-runner\_work\xpco\xpco\allsolutions\..\common\videoos.common.websockets\tst\videoos.common.websockets.unittests\bin\debug\net6.0-windows\videoos.common.websockets.unittests.dll" id="07d0e3c4-f0e5-a0b1-e09d-27b246255d4a">
      <Execution id="a0055bb6-2d73-456f-b096-391f4823e19f" />
      <TestMethod codeBase="D:\actions-runner\_work\XPCO\XPCO\AllSolutions\..\Common\VideoOS.Common.WebSockets\tst\VideoOS.Common.WebSockets.UnitTests\bin\Debug\net6.0-windows\VideoOS.Common.WebSockets.UnitTests.dll" adapterTypeName="executor://mstestadapter/v2" className="VideoOS.Common.WebSockets.UnitTests.WebSocketConnectionTest" name="Given_ConnectionRuns_When_ConnectionIsCancelled_Then_ProcessMessagesAreAwaited" />
    </UnitTest>
    <UnitTest name="Given_ConnectionRuns_When_IncomingMessageProcessorResponds_Then_TheResponseIsPassedToTheWebSocketWriter" storage="d:\actions-runner\_work\xpco\xpco\allsolutions\..\common\videoos.common.websockets\tst\videoos.common.websockets.unittests\bin\debug\net6.0-windows\videoos.common.websockets.unittests.dll" id="43535fd5-c237-92ee-f62c-6062d656852a">
      <Execution id="29db1c48-79c4-4977-9fa2-f419b601b008" />
      <TestMethod codeBase="D:\actions-runner\_work\XPCO\XPCO\AllSolutions\..\Common\VideoOS.Common.WebSockets\tst\VideoOS.Common.WebSockets.UnitTests\bin\Debug\net6.0-windows\VideoOS.Common.WebSockets.UnitTests.dll" adapterTypeName="executor://mstestadapter/v2" className="VideoOS.Common.WebSockets.UnitTests.WebSocketConnectionTest" name="Given_ConnectionRuns_When_IncomingMessageProcessorResponds_Then_TheResponseIsPassedToTheWebSocketWriter" />
    </UnitTest>
    <UnitTest name="ReadAsync_ShouldReturnNull_AndCloseSocket_WhenMessgeIsTooBig" storage="d:\actions-runner\_work\xpco\xpco\allsolutions\..\common\videoos.common.websockets\tst\videoos.common.websockets.unittests\bin\debug\net6.0-windows\videoos.common.websockets.unittests.dll" id="c0b89de7-d5df-1192-84bc-7a554b7173bd">
      <Execution id="828a4562-ae82-498e-bf78-d54b08dd37c3" />
      <TestMethod codeBase="D:\actions-runner\_work\XPCO\XPCO\AllSolutions\..\Common\VideoOS.Common.WebSockets\tst\VideoOS.Common.WebSockets.UnitTests\bin\Debug\net6.0-windows\VideoOS.Common.WebSockets.UnitTests.dll" adapterTypeName="executor://mstestadapter/v2" className="VideoOS.Common.WebSockets.UnitTests.WebSocketTextReaderTests" name="ReadAsync_ShouldReturnNull_AndCloseSocket_WhenMessgeIsTooBig" />
    </UnitTest>
    <UnitTest name="Given_ConnectionRuns_When_ConnectionIsClosed_Then_ProcessMessagesAreAwaited" storage="d:\actions-runner\_work\xpco\xpco\allsolutions\..\common\videoos.common.websockets\tst\videoos.common.websockets.unittests\bin\debug\net6.0-windows\videoos.common.websockets.unittests.dll" id="82208ecb-5dfd-fb08-9afb-08c75a19542d">
      <Execution id="c7cf335d-1aec-4b58-9014-8cec68e0bb21" />
      <TestMethod codeBase="D:\actions-runner\_work\XPCO\XPCO\AllSolutions\..\Common\VideoOS.Common.WebSockets\tst\VideoOS.Common.WebSockets.UnitTests\bin\Debug\net6.0-windows\VideoOS.Common.WebSockets.UnitTests.dll" adapterTypeName="executor://mstestadapter/v2" className="VideoOS.Common.WebSockets.UnitTests.WebSocketConnectionTest" name="Given_ConnectionRuns_When_ConnectionIsClosed_Then_ProcessMessagesAreAwaited" />
    </UnitTest>
    <UnitTest name="Given_ConnectionRuns_When_ProcessMessageThrowsProcessMessageException_Then_TheConnectionGetsClosed" storage="d:\actions-runner\_work\xpco\xpco\allsolutions\..\common\videoos.common.websockets\tst\videoos.common.websockets.unittests\bin\debug\net6.0-windows\videoos.common.websockets.unittests.dll" id="c45e925c-2d90-9721-a7dd-15fb78334e99">
      <Execution id="14bbd434-7e9f-4ba5-87b0-b5907fd88311" />
      <TestMethod codeBase="D:\actions-runner\_work\XPCO\XPCO\AllSolutions\..\Common\VideoOS.Common.WebSockets\tst\VideoOS.Common.WebSockets.UnitTests\bin\Debug\net6.0-windows\VideoOS.Common.WebSockets.UnitTests.dll" adapterTypeName="executor://mstestadapter/v2" className="VideoOS.Common.WebSockets.UnitTests.WebSocketConnectionTest" name="Given_ConnectionRuns_When_ProcessMessageThrowsProcessMessageException_Then_TheConnectionGetsClosed" />
    </UnitTest>
    <UnitTest name="Given_WebSocketServerRunning_WhenWebSocketRequestsReceived_AndClosedByClient_Then_ConnectionAndMessageProcessorAreDisposed" storage="d:\actions-runner\_work\xpco\xpco\allsolutions\..\common\videoos.common.websockets\tst\videoos.common.websockets.unittests\bin\debug\net6.0-windows\videoos.common.websockets.unittests.dll" id="1a73e3fb-db04-acf8-efc0-c385c3668563">
      <Execution id="3929aa8d-d023-487d-ad92-084d0c24eecd" />
      <TestMethod codeBase="D:\actions-runner\_work\XPCO\XPCO\AllSolutions\..\Common\VideoOS.Common.WebSockets\tst\VideoOS.Common.WebSockets.UnitTests\bin\Debug\net6.0-windows\VideoOS.Common.WebSockets.UnitTests.dll" adapterTypeName="executor://mstestadapter/v2" className="VideoOS.Common.WebSockets.UnitTests.WebSocketServerTests" name="Given_WebSocketServerRunning_WhenWebSocketRequestsReceived_AndClosedByClient_Then_ConnectionAndMessageProcessorAreDisposed" />
    </UnitTest>
    <UnitTest name="WriteAsync_ShouldSendClearTextData_WhenCalledWithAMessage" storage="d:\actions-runner\_work\xpco\xpco\allsolutions\..\common\videoos.common.websockets\tst\videoos.common.websockets.unittests\bin\debug\net6.0-windows\videoos.common.websockets.unittests.dll" id="3c1561df-e7db-a184-b7bc-63aba8a8c00a">
      <Execution id="8fcaf9d4-20c6-4cef-92e2-10ca2041a202" />
      <TestMethod codeBase="D:\actions-runner\_work\XPCO\XPCO\AllSolutions\..\Common\VideoOS.Common.WebSockets\tst\VideoOS.Common.WebSockets.UnitTests\bin\Debug\net6.0-windows\VideoOS.Common.WebSockets.UnitTests.dll" adapterTypeName="executor://mstestadapter/v2" className="VideoOS.Common.WebSockets.UnitTests.WebSocketTextWriterTests" name="WriteAsync_ShouldSendClearTextData_WhenCalledWithAMessage" />
    </UnitTest>
    <UnitTest name="Given_ConnectionCreated_WhenRunAsync_Then_TaskRunsUntilReaderReportsConnectionClosed" storage="d:\actions-runner\_work\xpco\xpco\allsolutions\..\common\videoos.common.websockets\tst\videoos.common.websockets.unittests\bin\debug\net6.0-windows\videoos.common.websockets.unittests.dll" id="f84c3ab6-5df5-c8d8-bb37-6142800c1835">
      <Execution id="9bddbc5c-e20a-46a3-8380-cb791765e4de" />
      <TestMethod codeBase="D:\actions-runner\_work\XPCO\XPCO\AllSolutions\..\Common\VideoOS.Common.WebSockets\tst\VideoOS.Common.WebSockets.UnitTests\bin\Debug\net6.0-windows\VideoOS.Common.WebSockets.UnitTests.dll" adapterTypeName="executor://mstestadapter/v2" className="VideoOS.Common.WebSockets.UnitTests.WebSocketConnectionTest" name="Given_ConnectionCreated_WhenRunAsync_Then_TaskRunsUntilReaderReportsConnectionClosed" />
    </UnitTest>
    <UnitTest name="Given_WebSocketServerRunning_WhenNonWebsocketRequestReceived_Then_CloseResponseWithStatus426_AndMessageProcessorIsDisposed" storage="d:\actions-runner\_work\xpco\xpco\allsolutions\..\common\videoos.common.websockets\tst\videoos.common.websockets.unittests\bin\debug\net6.0-windows\videoos.common.websockets.unittests.dll" id="6cbe5b7e-5a0c-4d41-4528-7220bcedb289">
      <Execution id="51f59700-90d6-409d-87cd-2a99e5f2769f" />
      <TestMethod codeBase="D:\actions-runner\_work\XPCO\XPCO\AllSolutions\..\Common\VideoOS.Common.WebSockets\tst\VideoOS.Common.WebSockets.UnitTests\bin\Debug\net6.0-windows\VideoOS.Common.WebSockets.UnitTests.dll" adapterTypeName="executor://mstestadapter/v2" className="VideoOS.Common.WebSockets.UnitTests.WebSocketServerTests" name="Given_WebSocketServerRunning_WhenNonWebsocketRequestReceived_Then_CloseResponseWithStatus426_AndMessageProcessorIsDisposed" />
    </UnitTest>
    <UnitTest name="ReadAsync_ShouldReturnNull_AndCloseSocket_WhenBinaryIsReceived" storage="d:\actions-runner\_work\xpco\xpco\allsolutions\..\common\videoos.common.websockets\tst\videoos.common.websockets.unittests\bin\debug\net6.0-windows\videoos.common.websockets.unittests.dll" id="b01ffc42-bd8d-f8f4-c137-073f90bc1c56">
      <Execution id="572b4109-ba4d-47c0-8a59-d4cdd6a7f7b1" />
      <TestMethod codeBase="D:\actions-runner\_work\XPCO\XPCO\AllSolutions\..\Common\VideoOS.Common.WebSockets\tst\VideoOS.Common.WebSockets.UnitTests\bin\Debug\net6.0-windows\VideoOS.Common.WebSockets.UnitTests.dll" adapterTypeName="executor://mstestadapter/v2" className="VideoOS.Common.WebSockets.UnitTests.WebSocketTextReaderTests" name="ReadAsync_ShouldReturnNull_AndCloseSocket_WhenBinaryIsReceived" />
    </UnitTest>
    <UnitTest name="Given_HandleConnection_WhenCreatingMessageProcessorFactoryFails_Then_ExceptionIsLoggedAndCorrectResponseStatusSet" storage="d:\actions-runner\_work\xpco\xpco\allsolutions\..\common\videoos.common.websockets\tst\videoos.common.websockets.unittests\bin\debug\net6.0-windows\videoos.common.websockets.unittests.dll" id="dc190c44-9df3-627c-e706-5b20806e6976">
      <Execution id="eb7edc92-6c0f-4c7e-b211-a99ad9dff1fa" />
      <TestMethod codeBase="D:\actions-runner\_work\XPCO\XPCO\AllSolutions\..\Common\VideoOS.Common.WebSockets\tst\VideoOS.Common.WebSockets.UnitTests\bin\Debug\net6.0-windows\VideoOS.Common.WebSockets.UnitTests.dll" adapterTypeName="executor://mstestadapter/v2" className="VideoOS.Common.WebSockets.UnitTests.WebSocketConnectionHandlerTests" name="Given_HandleConnection_WhenCreatingMessageProcessorFactoryFails_Then_ExceptionIsLoggedAndCorrectResponseStatusSet" />
    </UnitTest>
    <UnitTest name="Given_WebSocketServerCreated_WhenDisposed_Then_HttpListenerIsDisposed" storage="d:\actions-runner\_work\xpco\xpco\allsolutions\..\common\videoos.common.websockets\tst\videoos.common.websockets.unittests\bin\debug\net6.0-windows\videoos.common.websockets.unittests.dll" id="d48b9345-2218-465d-52b1-e79f9f0ad5f6">
      <Execution id="1375ddbf-3d24-48e9-826d-6ae736535681" />
      <TestMethod codeBase="D:\actions-runner\_work\XPCO\XPCO\AllSolutions\..\Common\VideoOS.Common.WebSockets\tst\VideoOS.Common.WebSockets.UnitTests\bin\Debug\net6.0-windows\VideoOS.Common.WebSockets.UnitTests.dll" adapterTypeName="executor://mstestadapter/v2" className="VideoOS.Common.WebSockets.UnitTests.WebSocketServerTests" name="Given_WebSocketServerCreated_WhenDisposed_Then_HttpListenerIsDisposed" />
    </UnitTest>
    <UnitTest name="WriteAsync_ShouldSendBinaryData_WhenCalledWithBinaryData" storage="d:\actions-runner\_work\xpco\xpco\allsolutions\..\common\videoos.common.websockets\tst\videoos.common.websockets.unittests\bin\debug\net6.0-windows\videoos.common.websockets.unittests.dll" id="45fbabf4-059d-78c5-13e1-c6c213e9b668">
      <Execution id="da7365df-74ff-48bf-a8cf-d51f27e244a4" />
      <TestMethod codeBase="D:\actions-runner\_work\XPCO\XPCO\AllSolutions\..\Common\VideoOS.Common.WebSockets\tst\VideoOS.Common.WebSockets.UnitTests\bin\Debug\net6.0-windows\VideoOS.Common.WebSockets.UnitTests.dll" adapterTypeName="executor://mstestadapter/v2" className="VideoOS.Common.WebSockets.UnitTests.WebSocketBinaryWriterTests" name="WriteAsync_ShouldSendBinaryData_WhenCalledWithBinaryData" />
    </UnitTest>
    <UnitTest name="Given_HandleConnection_WhenNonAcceptWebSocketTrows_Then_ExceptionIsTrown" storage="d:\actions-runner\_work\xpco\xpco\allsolutions\..\common\videoos.common.websockets\tst\videoos.common.websockets.unittests\bin\debug\net6.0-windows\videoos.common.websockets.unittests.dll" id="5d93fbf4-5ac7-c2bb-0495-c307c48f26fe">
      <Execution id="e67ac28f-92f7-4144-9693-a079f49cb238" />
      <TestMethod codeBase="D:\actions-runner\_work\XPCO\XPCO\AllSolutions\..\Common\VideoOS.Common.WebSockets\tst\VideoOS.Common.WebSockets.UnitTests\bin\Debug\net6.0-windows\VideoOS.Common.WebSockets.UnitTests.dll" adapterTypeName="executor://mstestadapter/v2" className="VideoOS.Common.WebSockets.UnitTests.WebSocketConnectionHandlerTests" name="Given_HandleConnection_WhenNonAcceptWebSocketTrows_Then_ExceptionIsTrown" />
    </UnitTest>
    <UnitTest name="Given_HandleConnection_WhenValidateConnectionFails_Then_CorrectResponseStatusSet" storage="d:\actions-runner\_work\xpco\xpco\allsolutions\..\common\videoos.common.websockets\tst\videoos.common.websockets.unittests\bin\debug\net6.0-windows\videoos.common.websockets.unittests.dll" id="ad5627d5-e497-1f22-e9cd-133a26af6477">
      <Execution id="f479c3e6-5828-4f8b-a9d3-47220cd17457" />
      <TestMethod codeBase="D:\actions-runner\_work\XPCO\XPCO\AllSolutions\..\Common\VideoOS.Common.WebSockets\tst\VideoOS.Common.WebSockets.UnitTests\bin\Debug\net6.0-windows\VideoOS.Common.WebSockets.UnitTests.dll" adapterTypeName="executor://mstestadapter/v2" className="VideoOS.Common.WebSockets.UnitTests.WebSocketConnectionHandlerTests" name="Given_HandleConnection_WhenValidateConnectionFails_Then_CorrectResponseStatusSet" />
    </UnitTest>
    <UnitTest name="WriteAsync_ShouldBeCancelled_WhenTokenIsCancelled" storage="d:\actions-runner\_work\xpco\xpco\allsolutions\..\common\videoos.common.websockets\tst\videoos.common.websockets.unittests\bin\debug\net6.0-windows\videoos.common.websockets.unittests.dll" id="bd7e0b0c-ef43-360b-dfdb-030b0d50a8ec">
      <Execution id="149cda65-e250-44e6-819e-fde0c147f2b6" />
      <TestMethod codeBase="D:\actions-runner\_work\XPCO\XPCO\AllSolutions\..\Common\VideoOS.Common.WebSockets\tst\VideoOS.Common.WebSockets.UnitTests\bin\Debug\net6.0-windows\VideoOS.Common.WebSockets.UnitTests.dll" adapterTypeName="executor://mstestadapter/v2" className="VideoOS.Common.WebSockets.UnitTests.WebSocketTextWriterTests" name="WriteAsync_ShouldBeCancelled_WhenTokenIsCancelled" />
    </UnitTest>
    <UnitTest name="WriteAsync_ShouldSendJsonData_WhenCalledWithAnObject" storage="d:\actions-runner\_work\xpco\xpco\allsolutions\..\common\videoos.common.websockets\tst\videoos.common.websockets.unittests\bin\debug\net6.0-windows\videoos.common.websockets.unittests.dll" id="786ed098-fd0c-ab3e-d959-e6ab09eb64f2">
      <Execution id="095a389c-eeda-4da1-b0c9-73f6ba61390e" />
      <TestMethod codeBase="D:\actions-runner\_work\XPCO\XPCO\AllSolutions\..\Common\VideoOS.Common.WebSockets\tst\VideoOS.Common.WebSockets.UnitTests\bin\Debug\net6.0-windows\VideoOS.Common.WebSockets.UnitTests.dll" adapterTypeName="executor://mstestadapter/v2" className="VideoOS.Common.WebSockets.UnitTests.WebSocketJsonWriterTests" name="WriteAsync_ShouldSendJsonData_WhenCalledWithAnObject" />
    </UnitTest>
    <UnitTest name="ReadAsync_ShouldReturnMessage_WhenMessgeBytesFitInBuffer_AndIsNotSplit" storage="d:\actions-runner\_work\xpco\xpco\allsolutions\..\common\videoos.common.websockets\tst\videoos.common.websockets.unittests\bin\debug\net6.0-windows\videoos.common.websockets.unittests.dll" id="5c315a0f-66f4-9209-9ce3-f856f2e8b9fd">
      <Execution id="1e48ad9f-a5fe-4fb0-82d0-d6f9f0debb59" />
      <TestMethod codeBase="D:\actions-runner\_work\XPCO\XPCO\AllSolutions\..\Common\VideoOS.Common.WebSockets\tst\VideoOS.Common.WebSockets.UnitTests\bin\Debug\net6.0-windows\VideoOS.Common.WebSockets.UnitTests.dll" adapterTypeName="executor://mstestadapter/v2" className="VideoOS.Common.WebSockets.UnitTests.WebSocketTextReaderTests" name="ReadAsync_ShouldReturnMessage_WhenMessgeBytesFitInBuffer_AndIsNotSplit" />
    </UnitTest>
    <UnitTest name="Given_ConnectionCreated_WhenRunAsync_Then_TaskKeepRunningEvenIfAnExceptionIsThrown" storage="d:\actions-runner\_work\xpco\xpco\allsolutions\..\common\videoos.common.websockets\tst\videoos.common.websockets.unittests\bin\debug\net6.0-windows\videoos.common.websockets.unittests.dll" id="541e7a25-1132-e1e5-2914-5c97dae45806">
      <Execution id="8d59eca4-9205-4931-bd66-984e0c8e3dd0" />
      <TestMethod codeBase="D:\actions-runner\_work\XPCO\XPCO\AllSolutions\..\Common\VideoOS.Common.WebSockets\tst\VideoOS.Common.WebSockets.UnitTests\bin\Debug\net6.0-windows\VideoOS.Common.WebSockets.UnitTests.dll" adapterTypeName="executor://mstestadapter/v2" className="VideoOS.Common.WebSockets.UnitTests.WebSocketConnectionTest" name="Given_ConnectionCreated_WhenRunAsync_Then_TaskKeepRunningEvenIfAnExceptionIsThrown" />
    </UnitTest>
    <UnitTest name="Given_ConnectionCreated_WhenRunAsync_Then_TaskRunsUntilCancelled" storage="d:\actions-runner\_work\xpco\xpco\allsolutions\..\common\videoos.common.websockets\tst\videoos.common.websockets.unittests\bin\debug\net6.0-windows\videoos.common.websockets.unittests.dll" id="2d53fdea-8210-12a2-fa20-75c46188c947">
      <Execution id="fc624032-6354-4613-9c0c-1174871d8e8c" />
      <TestMethod codeBase="D:\actions-runner\_work\XPCO\XPCO\AllSolutions\..\Common\VideoOS.Common.WebSockets\tst\VideoOS.Common.WebSockets.UnitTests\bin\Debug\net6.0-windows\VideoOS.Common.WebSockets.UnitTests.dll" adapterTypeName="executor://mstestadapter/v2" className="VideoOS.Common.WebSockets.UnitTests.WebSocketConnectionTest" name="Given_ConnectionCreated_WhenRunAsync_Then_TaskRunsUntilCancelled" />
    </UnitTest>
    <UnitTest name="Given_WebSocketServerRunning_WhenCancelled_Then_StopsWithoutException" storage="d:\actions-runner\_work\xpco\xpco\allsolutions\..\common\videoos.common.websockets\tst\videoos.common.websockets.unittests\bin\debug\net6.0-windows\videoos.common.websockets.unittests.dll" id="27924e98-8eeb-6eec-e518-9bff1acaa8bc">
      <Execution id="1445a62f-2911-4b94-9534-085d28562334" />
      <TestMethod codeBase="D:\actions-runner\_work\XPCO\XPCO\AllSolutions\..\Common\VideoOS.Common.WebSockets\tst\VideoOS.Common.WebSockets.UnitTests\bin\Debug\net6.0-windows\VideoOS.Common.WebSockets.UnitTests.dll" adapterTypeName="executor://mstestadapter/v2" className="VideoOS.Common.WebSockets.UnitTests.WebSocketServerTests" name="Given_WebSocketServerRunning_WhenCancelled_Then_StopsWithoutException" />
    </UnitTest>
  </TestDefinitions>
  <TestEntries>
    <TestEntry testId="c97251e0-524e-5109-53f3-5e1adead1298" executionId="9025b1b1-7e19-40f2-ac98-c22878addf06" testListId="8c84fa94-04c1-424b-9868-57a2d4851a1d" />
    <TestEntry testId="dc190c44-9df3-627c-e706-5b20806e6976" executionId="eb7edc92-6c0f-4c7e-b211-a99ad9dff1fa" testListId="8c84fa94-04c1-424b-9868-57a2d4851a1d" />
    <TestEntry testId="c0b89de7-d5df-1192-84bc-7a554b7173bd" executionId="828a4562-ae82-498e-bf78-d54b08dd37c3" testListId="8c84fa94-04c1-424b-9868-57a2d4851a1d" />
    <TestEntry testId="60e393e1-fb9a-677f-db7d-7b0867243a41" executionId="25fb29e8-e5a9-46cd-8256-ceacb9ce1553" testListId="8c84fa94-04c1-424b-9868-57a2d4851a1d" />
    <TestEntry testId="17113636-2838-540b-6e7b-9af7ed2f4a89" executionId="5a12d451-c67d-4a1b-82a3-4a75beceeb30" testListId="8c84fa94-04c1-424b-9868-57a2d4851a1d" />
    <TestEntry testId="786ed098-fd0c-ab3e-d959-e6ab09eb64f2" executionId="095a389c-eeda-4da1-b0c9-73f6ba61390e" testListId="8c84fa94-04c1-424b-9868-57a2d4851a1d" />
    <TestEntry testId="6cbe5b7e-5a0c-4d41-4528-7220bcedb289" executionId="51f59700-90d6-409d-87cd-2a99e5f2769f" testListId="8c84fa94-04c1-424b-9868-57a2d4851a1d" />
    <TestEntry testId="07d0e3c4-f0e5-a0b1-e09d-27b246255d4a" executionId="a0055bb6-2d73-456f-b096-391f4823e19f" testListId="8c84fa94-04c1-424b-9868-57a2d4851a1d" />
    <TestEntry testId="1a73e3fb-db04-acf8-efc0-c385c3668563" executionId="3929aa8d-d023-487d-ad92-084d0c24eecd" testListId="8c84fa94-04c1-424b-9868-57a2d4851a1d" />
    <TestEntry testId="82208ecb-5dfd-fb08-9afb-08c75a19542d" executionId="c7cf335d-1aec-4b58-9014-8cec68e0bb21" testListId="8c84fa94-04c1-424b-9868-57a2d4851a1d" />
    <TestEntry testId="5c315a0f-66f4-9209-9ce3-f856f2e8b9fd" executionId="1e48ad9f-a5fe-4fb0-82d0-d6f9f0debb59" testListId="8c84fa94-04c1-424b-9868-57a2d4851a1d" />
    <TestEntry testId="bd7e0b0c-ef43-360b-dfdb-030b0d50a8ec" executionId="149cda65-e250-44e6-819e-fde0c147f2b6" testListId="8c84fa94-04c1-424b-9868-57a2d4851a1d" />
    <TestEntry testId="ad5627d5-e497-1f22-e9cd-133a26af6477" executionId="f479c3e6-5828-4f8b-a9d3-47220cd17457" testListId="8c84fa94-04c1-424b-9868-57a2d4851a1d" />
    <TestEntry testId="f84c3ab6-5df5-c8d8-bb37-6142800c1835" executionId="9bddbc5c-e20a-46a3-8380-cb791765e4de" testListId="8c84fa94-04c1-424b-9868-57a2d4851a1d" />
    <TestEntry testId="27924e98-8eeb-6eec-e518-9bff1acaa8bc" executionId="1445a62f-2911-4b94-9534-085d28562334" testListId="8c84fa94-04c1-424b-9868-57a2d4851a1d" />
    <TestEntry testId="cfd6388b-cadd-07ab-aad8-887884679ccd" executionId="2ddc5c30-14d9-4667-aa91-fa098f9db4c2" testListId="8c84fa94-04c1-424b-9868-57a2d4851a1d" />
    <TestEntry testId="3c1561df-e7db-a184-b7bc-63aba8a8c00a" executionId="8fcaf9d4-20c6-4cef-92e2-10ca2041a202" testListId="8c84fa94-04c1-424b-9868-57a2d4851a1d" />
    <TestEntry testId="45fbabf4-059d-78c5-13e1-c6c213e9b668" executionId="da7365df-74ff-48bf-a8cf-d51f27e244a4" testListId="8c84fa94-04c1-424b-9868-57a2d4851a1d" />
    <TestEntry testId="2d53fdea-8210-12a2-fa20-75c46188c947" executionId="fc624032-6354-4613-9c0c-1174871d8e8c" testListId="8c84fa94-04c1-424b-9868-57a2d4851a1d" />
    <TestEntry testId="74fbcf86-e02b-e102-508f-c289f907d623" executionId="b9971a0a-7645-4cb4-98ba-dbb73e3c451d" testListId="8c84fa94-04c1-424b-9868-57a2d4851a1d" />
    <TestEntry testId="45bc5c00-81fc-dcbb-35b0-d70ab735f706" executionId="0209539d-2e66-4785-b99c-f98a02790f62" testListId="8c84fa94-04c1-424b-9868-57a2d4851a1d" />
    <TestEntry testId="d828ff89-d542-aec2-0f85-e3a6f44609b4" executionId="15abc7b8-90f9-44d0-80d3-3791714b928d" testListId="8c84fa94-04c1-424b-9868-57a2d4851a1d" />
    <TestEntry testId="a53282b4-6a05-242a-e4d2-b9565bce7581" executionId="6f33536b-f2e6-43a2-b1e4-5071b8f18ea7" testListId="8c84fa94-04c1-424b-9868-57a2d4851a1d" />
    <TestEntry testId="c45e925c-2d90-9721-a7dd-15fb78334e99" executionId="14bbd434-7e9f-4ba5-87b0-b5907fd88311" testListId="8c84fa94-04c1-424b-9868-57a2d4851a1d" />
    <TestEntry testId="541e7a25-1132-e1e5-2914-5c97dae45806" executionId="8d59eca4-9205-4931-bd66-984e0c8e3dd0" testListId="8c84fa94-04c1-424b-9868-57a2d4851a1d" />
    <TestEntry testId="21bbf318-06fa-5331-4b4b-1b1314cab6cc" executionId="3bd2d728-bb50-4b35-9946-6941fc3eed09" testListId="8c84fa94-04c1-424b-9868-57a2d4851a1d" />
    <TestEntry testId="43535fd5-c237-92ee-f62c-6062d656852a" executionId="29db1c48-79c4-4977-9fa2-f419b601b008" testListId="8c84fa94-04c1-424b-9868-57a2d4851a1d" />
    <TestEntry testId="5d93fbf4-5ac7-c2bb-0495-c307c48f26fe" executionId="e67ac28f-92f7-4144-9693-a079f49cb238" testListId="8c84fa94-04c1-424b-9868-57a2d4851a1d" />
    <TestEntry testId="d48b9345-2218-465d-52b1-e79f9f0ad5f6" executionId="1375ddbf-3d24-48e9-826d-6ae736535681" testListId="8c84fa94-04c1-424b-9868-57a2d4851a1d" />
    <TestEntry testId="2db4a4b8-7542-9257-9c47-e10b048b1618" executionId="cedefc47-d6bb-4a67-a072-348614c2522b" testListId="8c84fa94-04c1-424b-9868-57a2d4851a1d" />
    <TestEntry testId="4178cbcb-b670-4928-d5e3-684f18e91898" executionId="de3569f4-28e5-4781-a52d-8e1dd69da1f6" testListId="8c84fa94-04c1-424b-9868-57a2d4851a1d" />
    <TestEntry testId="b01ffc42-bd8d-f8f4-c137-073f90bc1c56" executionId="572b4109-ba4d-47c0-8a59-d4cdd6a7f7b1" testListId="8c84fa94-04c1-424b-9868-57a2d4851a1d" />
    <TestEntry testId="cb3e1099-bc6e-ffc9-3d3c-c21852b8c186" executionId="d34d526c-2ade-4967-aa37-9ca81a4bd364" testListId="8c84fa94-04c1-424b-9868-57a2d4851a1d" />
  </TestEntries>
  <TestLists>
    <TestList name="Results Not in a List" id="8c84fa94-04c1-424b-9868-57a2d4851a1d" />
    <TestList name="All Loaded Results" id="19431567-8539-422a-85d7-44ee4e166bda" />
  </TestLists>
  <ResultSummary outcome="Completed">
    <Counters total="33" executed="31" passed="31" failed="0" error="0" timeout="0" aborted="0" inconclusive="0" passedButRunAborted="0" notRunnable="0" notExecuted="0" disconnected="0" warning="0" completed="0" inProgress="0" pending="0" />
    <Output>
      <StdOut>Test 'Given_ConnectionRuns_When_ConnectionIsClosed_Then_ProcessMessagesAreAwaited' was skipped in the test run.&#xD;
Test 'Given_ConnectionRuns_When_ConnectionIsCancelled_Then_ProcessMessagesAreAwaited' was skipped in the test run.&#xD;
</StdOut>
    </Output>
  </ResultSummary>
</TestRun>