<?xml version="1.0" encoding="utf-8"?>
<TestRun id="3a35672c-d2eb-4593-81cf-222d604d9600" name="DKSR-EFI-06$@DKSR-EFI-06 2024-01-09 15:40:52" runUser="NT AUTHORITY\NETWORK SERVICE" xmlns="http://microsoft.com/schemas/VisualStudio/TeamTest/2010">
  <Times creation="2024-01-09T15:40:52.0859169+01:00" queuing="2024-01-09T15:40:52.0859169+01:00" start="2024-01-09T15:40:48.6484014+01:00" finish="2024-01-09T15:40:52.5390467+01:00" />
  <TestSettings name="default" id="c4753a54-db4b-4c15-b91d-89dacd5a8883">
    <Deployment runDeploymentRoot="DKSR-EFI-06$_DKSR-EFI-06_2024-01-09_15_40_52" />
  </TestSettings>
  <Results>
    <UnitTestResult executionId="5042653d-6721-4d11-9cb2-731b577c255a" testId="f44a0eb7-13c7-2f6c-7865-eb97bf283a61" testName="AddData_ShouldThrowException_WhenCameraCountIsLessThanOne (-3,2022-04-05 12:01:15)" computerName="DKSR-EFI-06" duration="00:00:00.0002185" startTime="2024-01-09T15:40:52.2751047+01:00" endTime="2024-01-09T15:40:52.2756810+01:00" testType="13cdc9d9-ddb5-4fa4-a97d-d965ccfc6d4b" outcome="Passed" testListId="8c84fa94-04c1-424b-9868-57a2d4851a1d" relativeResultsDirectory="5042653d-6721-4d11-9cb2-731b577c255a" />
    <UnitTestResult executionId="9518e8b3-6a73-4f4f-9338-f224c4c82c4b" testId="20d5366a-a22a-e492-7ee0-707408c0f645" testName="CreateViewLayout_ReturnsListOfRectangles_GivenPositiveInt (100,100)" computerName="DKSR-EFI-06" duration="00:00:00.0000128" startTime="2024-01-09T15:40:52.3944132+01:00" endTime="2024-01-09T15:40:52.3945576+01:00" testType="13cdc9d9-ddb5-4fa4-a97d-d965ccfc6d4b" outcome="Passed" testListId="8c84fa94-04c1-424b-9868-57a2d4851a1d" relativeResultsDirectory="9518e8b3-6a73-4f4f-9338-f224c4c82c4b" />
    <UnitTestResult executionId="10b75b59-13ea-4801-8056-a3fd3966f8a1" testId="8a1a18b6-e6ad-8a27-2c7a-cbc90a37566a" testName="GetMin_ShouldReturn_TotalMinValue_WhenNotTrimmed" computerName="DKSR-EFI-06" duration="00:00:00.0001318" startTime="2024-01-09T15:40:52.2674514+01:00" endTime="2024-01-09T15:40:52.2676766+01:00" testType="13cdc9d9-ddb5-4fa4-a97d-d965ccfc6d4b" outcome="Passed" testListId="8c84fa94-04c1-424b-9868-57a2d4851a1d" relativeResultsDirectory="10b75b59-13ea-4801-8056-a3fd3966f8a1" />
    <UnitTestResult executionId="686274d7-acf2-4ead-ac0e-58a3d9be27e8" testId="029ab865-562d-c107-d6e9-71ae5cfc519c" testName="CreateViewLayout_ReturnsListOfRectanglesOfTheSameSize_GivenTheSameAmountOfNumberOfItems" computerName="DKSR-EFI-06" duration="00:00:00.0001517" startTime="2024-01-09T15:40:52.3951443+01:00" endTime="2024-01-09T15:40:52.3963517+01:00" testType="13cdc9d9-ddb5-4fa4-a97d-d965ccfc6d4b" outcome="Passed" testListId="8c84fa94-04c1-424b-9868-57a2d4851a1d" relativeResultsDirectory="686274d7-acf2-4ead-ac0e-58a3d9be27e8" />
    <UnitTestResult executionId="bc60a06c-bf1d-430c-b6c1-218d1bd6bbbe" testId="044e5433-8762-9274-00d1-c52367e1f972" testName="AddData_ShouldThrowException_WhenCameraCountIsLessThanOne (0,2022-04-05 12:01:15)" computerName="DKSR-EFI-06" duration="00:00:00.0004156" startTime="2024-01-09T15:40:52.2744993+01:00" endTime="2024-01-09T15:40:52.2750735+01:00" testType="13cdc9d9-ddb5-4fa4-a97d-d965ccfc6d4b" outcome="Passed" testListId="8c84fa94-04c1-424b-9868-57a2d4851a1d" relativeResultsDirectory="bc60a06c-bf1d-430c-b6c1-218d1bd6bbbe" />
    <UnitTestResult executionId="b8c319a1-8ce5-4fc2-b081-6ff286607ad6" testId="42d2755b-88e9-e647-4383-01bfbf2afb95" testName="SequenceSort_ShouldThrow_ArgumentNullException" computerName="DKSR-EFI-06" duration="00:00:00.0487873" startTime="2024-01-09T15:40:51.7540183+01:00" endTime="2024-01-09T15:40:51.8031000+01:00" testType="13cdc9d9-ddb5-4fa4-a97d-d965ccfc6d4b" outcome="Passed" testListId="8c84fa94-04c1-424b-9868-57a2d4851a1d" relativeResultsDirectory="b8c319a1-8ce5-4fc2-b081-6ff286607ad6" />
    <UnitTestResult executionId="bb9ca7ff-1ff5-45d6-8c5c-a4029dd3e36b" testId="ec169457-f50c-b130-5722-010b519341e2" testName="GetMin_ShouldReturn_CorrectValue_WhenTrimmed (2022-01-01 12:01:15,1)" computerName="DKSR-EFI-06" duration="00:00:00.0018524" startTime="2024-01-09T15:40:52.2628552+01:00" endTime="2024-01-09T15:40:52.2650257+01:00" testType="13cdc9d9-ddb5-4fa4-a97d-d965ccfc6d4b" outcome="Passed" testListId="8c84fa94-04c1-424b-9868-57a2d4851a1d" relativeResultsDirectory="bb9ca7ff-1ff5-45d6-8c5c-a4029dd3e36b" />
    <UnitTestResult executionId="87dac830-b357-438e-9550-7758eb14ae28" testId="8af261f9-6635-7710-9051-53413d322871" testName="GetStrategy_ShouldThrow_ArgumentException (B)" computerName="DKSR-EFI-06" duration="00:00:00.0001867" startTime="2024-01-09T15:40:52.3884270+01:00" endTime="2024-01-09T15:40:52.3887096+01:00" testType="13cdc9d9-ddb5-4fa4-a97d-d965ccfc6d4b" outcome="Passed" testListId="8c84fa94-04c1-424b-9868-57a2d4851a1d" relativeResultsDirectory="87dac830-b357-438e-9550-7758eb14ae28" />
    <UnitTestResult executionId="7451a181-b714-45e2-8710-856cde728190" testId="0c0d18b3-65bc-0f1f-f0da-6108c3b14f23" testName="FindShouldReturnItem" computerName="DKSR-EFI-06" duration="00:00:00.0009005" startTime="2024-01-09T15:40:52.2618199+01:00" endTime="2024-01-09T15:40:52.2628232+01:00" testType="13cdc9d9-ddb5-4fa4-a97d-d965ccfc6d4b" outcome="Passed" testListId="8c84fa94-04c1-424b-9868-57a2d4851a1d" relativeResultsDirectory="7451a181-b714-45e2-8710-856cde728190" />
    <UnitTestResult executionId="f2dd7904-e6a8-4b5e-bbe4-312f5ce7f7cf" testId="e77ff40b-f574-965d-bc80-e7092c866434" testName="GetSourceSequence_ShouldReturnValidSequences_WhenQueryingOnIntervalOutside (2022-04-01 12:00:00,2020-04-01 14:00:00,System.Int32[])" computerName="DKSR-EFI-06" duration="00:00:00.0008104" startTime="2024-01-09T15:40:52.3610369+01:00" endTime="2024-01-09T15:40:52.3620126+01:00" testType="13cdc9d9-ddb5-4fa4-a97d-d965ccfc6d4b" outcome="Passed" testListId="8c84fa94-04c1-424b-9868-57a2d4851a1d" relativeResultsDirectory="f2dd7904-e6a8-4b5e-bbe4-312f5ce7f7cf" />
    <UnitTestResult executionId="af9cdeb8-c00c-485d-b478-11ac99442be3" testId="9a10d598-ba4b-5a67-77c7-f5c066eded7a" testName="ChangeStrategy_ShouldThrow_argumentException (2123123)" computerName="DKSR-EFI-06" duration="00:00:00.0016527" startTime="2024-01-09T15:40:51.8143334+01:00" endTime="2024-01-09T15:40:51.8163175+01:00" testType="13cdc9d9-ddb5-4fa4-a97d-d965ccfc6d4b" outcome="Passed" testListId="8c84fa94-04c1-424b-9868-57a2d4851a1d" relativeResultsDirectory="af9cdeb8-c00c-485d-b478-11ac99442be3" />
    <UnitTestResult executionId="f46ee959-64a0-4f0b-84c6-b96167883040" testId="2a5975db-1f92-86ab-51cd-f842419a85d7" testName="GetStrategy_ShouldReturnRight_InstanceTypeOfStrategy (SortCameraBySequenceST)" computerName="DKSR-EFI-06" duration="00:00:00.0003698" startTime="2024-01-09T15:40:52.3620436+01:00" endTime="2024-01-09T15:40:52.3626170+01:00" testType="13cdc9d9-ddb5-4fa4-a97d-d965ccfc6d4b" outcome="Passed" testListId="8c84fa94-04c1-424b-9868-57a2d4851a1d" relativeResultsDirectory="f46ee959-64a0-4f0b-84c6-b96167883040" />
    <UnitTestResult executionId="65c51521-98a6-4718-9350-e670ef93c694" testId="2dd82a65-bc9d-7d38-8362-601b8decbe24" testName="GetAvg_ShouldReturn_CorrectValue_WhenTrimmed (2022-01-01 12:01:30,5)" computerName="DKSR-EFI-06" duration="00:00:00.0011460" startTime="2024-01-09T15:40:52.2730240+01:00" endTime="2024-01-09T15:40:52.2742894+01:00" testType="13cdc9d9-ddb5-4fa4-a97d-d965ccfc6d4b" outcome="Passed" testListId="8c84fa94-04c1-424b-9868-57a2d4851a1d" relativeResultsDirectory="65c51521-98a6-4718-9350-e670ef93c694" />
    <UnitTestResult executionId="1a272732-4ef0-4289-960b-ed1c513f19fc" testId="74df6b47-cb2b-5c9d-318c-3ecce619358a" testName="CreateViewLayout_ReturnsListOfRectangles_GivenPositiveInt (2,2)" computerName="DKSR-EFI-06" duration="00:00:00.0000108" startTime="2024-01-09T15:40:52.3929695+01:00" endTime="2024-01-09T15:40:52.3931074+01:00" testType="13cdc9d9-ddb5-4fa4-a97d-d965ccfc6d4b" outcome="Passed" testListId="8c84fa94-04c1-424b-9868-57a2d4851a1d" relativeResultsDirectory="1a272732-4ef0-4289-960b-ed1c513f19fc" />
    <UnitTestResult executionId="431dfa5d-fe23-49aa-b262-86c66704f218" testId="e5fef9e7-a599-308f-c7f5-bc984ae0bfbe" testName="GetSourceSequence_ShouldReturnValidSequences_WhenQueryingOnIntervalInside (2022-01-01 12:00:00,2022-01-01 14:00:00,System.Int32[])" computerName="DKSR-EFI-06" duration="00:00:00.0033303" startTime="2024-01-09T15:40:52.3435726+01:00" endTime="2024-01-09T15:40:52.3551946+01:00" testType="13cdc9d9-ddb5-4fa4-a97d-d965ccfc6d4b" outcome="Passed" testListId="8c84fa94-04c1-424b-9868-57a2d4851a1d" relativeResultsDirectory="431dfa5d-fe23-49aa-b262-86c66704f218" />
    <UnitTestResult executionId="699561cc-1d95-4833-b036-078210554fee" testId="d3d3881b-f7f8-fee7-e85f-8ee07c9fb6cd" testName="GetMin_ShouldReturn_AddedDataOnly_WhenOutsideTimespan (2022-04-08 12:01:15,2)" computerName="DKSR-EFI-06" duration="00:00:00.0000205" startTime="2024-01-09T15:40:52.2686697+01:00" endTime="2024-01-09T15:40:52.2688044+01:00" testType="13cdc9d9-ddb5-4fa4-a97d-d965ccfc6d4b" outcome="Passed" testListId="8c84fa94-04c1-424b-9868-57a2d4851a1d" relativeResultsDirectory="699561cc-1d95-4833-b036-078210554fee" />
    <UnitTestResult executionId="23e1e4f7-e596-42a5-bfc8-6267b3cce745" testId="95f2d90a-8136-3dde-d7f9-c5d23456cc1e" testName="GetAvg_ShouldReturn_CorrectValue_WhenTrimmed (2022-01-01 11:59:55,4.5)" computerName="DKSR-EFI-06" duration="00:00:00.0000215" startTime="2024-01-09T15:40:52.2743307+01:00" endTime="2024-01-09T15:40:52.2744721+01:00" testType="13cdc9d9-ddb5-4fa4-a97d-d965ccfc6d4b" outcome="Passed" testListId="8c84fa94-04c1-424b-9868-57a2d4851a1d" relativeResultsDirectory="23e1e4f7-e596-42a5-bfc8-6267b3cce745" />
    <UnitTestResult executionId="82bd53b6-c509-41b3-a4e9-a41715ff4dbc" testId="b42fadc7-f1c1-8b0c-ae2f-fafe507c8d20" testName="GetMax_ShouldReturn_CorrectValue_WhenTrimmed (2022-01-01 12:01:15,10)" computerName="DKSR-EFI-06" duration="00:00:00.0004759" startTime="2024-01-09T15:40:52.2771278+01:00" endTime="2024-01-09T15:40:52.2777843+01:00" testType="13cdc9d9-ddb5-4fa4-a97d-d965ccfc6d4b" outcome="Passed" testListId="8c84fa94-04c1-424b-9868-57a2d4851a1d" relativeResultsDirectory="82bd53b6-c509-41b3-a4e9-a41715ff4dbc" />
    <UnitTestResult executionId="9dc1ed84-0212-42be-8a7a-b7637fcab7ae" testId="3490234a-ac8f-3724-dbc7-3d5410f11b2b" testName="GetAvg_ShouldReturn_ZeroWhen_TrimmedOutsideTimespan (2022-02-01 12:01:30)" computerName="DKSR-EFI-06" duration="00:00:00.0000422" startTime="2024-01-09T15:40:52.2719399+01:00" endTime="2024-01-09T15:40:52.2721198+01:00" testType="13cdc9d9-ddb5-4fa4-a97d-d965ccfc6d4b" outcome="Passed" testListId="8c84fa94-04c1-424b-9868-57a2d4851a1d" relativeResultsDirectory="9dc1ed84-0212-42be-8a7a-b7637fcab7ae" />
    <UnitTestResult executionId="3886dbaf-0cf3-4642-8be8-dc8dbb8157af" testId="116d5e26-4fa1-57c0-c6e6-33eee24f217c" testName="DeserializationWithCamerasShouldReturnInstance" computerName="DKSR-EFI-06" duration="00:00:00.0087444" startTime="2024-01-09T15:40:51.9473613+01:00" endTime="2024-01-09T15:40:51.9563064+01:00" testType="13cdc9d9-ddb5-4fa4-a97d-d965ccfc6d4b" outcome="Passed" testListId="8c84fa94-04c1-424b-9868-57a2d4851a1d" relativeResultsDirectory="3886dbaf-0cf3-4642-8be8-dc8dbb8157af" />
    <UnitTestResult executionId="c4fb939a-f487-4991-89c2-860d09fff049" testId="7b14a686-a367-76b1-c5b6-7d049d29ff99" testName="ChangeStrategy_ShouldThrow_argumentException (ABCDEFGH)" computerName="DKSR-EFI-06" duration="00:00:00.0005839" startTime="2024-01-09T15:40:51.8037462+01:00" endTime="2024-01-09T15:40:51.8142683+01:00" testType="13cdc9d9-ddb5-4fa4-a97d-d965ccfc6d4b" outcome="Passed" testListId="8c84fa94-04c1-424b-9868-57a2d4851a1d" relativeResultsDirectory="c4fb939a-f487-4991-89c2-860d09fff049" />
    <UnitTestResult executionId="4a1397da-b0e3-495f-8204-2bf5a1a7ab14" testId="b0be8439-cc4f-dc57-ae49-2e8174918bcd" testName="SequenceSort_ShouldReturn_ListOfFQIDS_In_Order" computerName="DKSR-EFI-06" duration="00:00:00.2104292" startTime="2024-01-09T15:40:51.4873301+01:00" endTime="2024-01-09T15:40:51.7444093+01:00" testType="13cdc9d9-ddb5-4fa4-a97d-d965ccfc6d4b" outcome="Passed" testListId="8c84fa94-04c1-424b-9868-57a2d4851a1d" relativeResultsDirectory="4a1397da-b0e3-495f-8204-2bf5a1a7ab14" />
    <UnitTestResult executionId="151e71c0-e9f5-440e-96cf-b2204d358449" testId="07457fa0-7a5a-4f97-fd03-8ce03a414f90" testName="AddData_ShouldThrowException_WhenCameraCountIsLessThanOne (-1000,2022-04-05 12:01:15)" computerName="DKSR-EFI-06" duration="00:00:00.0001952" startTime="2024-01-09T15:40:52.2757113+01:00" endTime="2024-01-09T15:40:52.2760430+01:00" testType="13cdc9d9-ddb5-4fa4-a97d-d965ccfc6d4b" outcome="Passed" testListId="8c84fa94-04c1-424b-9868-57a2d4851a1d" relativeResultsDirectory="151e71c0-e9f5-440e-96cf-b2204d358449" />
    <UnitTestResult executionId="1c628a64-2f06-46b1-bc3f-77e2a2093ded" testId="9bf3ca6d-2e3d-3081-b13c-ecaf4f099478" testName="GetSourceSequence_ShouldRaiseArgumentNullException_WhenFqidsIsNull" computerName="DKSR-EFI-06" duration="00:00:00.0626375" startTime="2024-01-09T15:40:52.2805706+01:00" endTime="2024-01-09T15:40:52.3435043+01:00" testType="13cdc9d9-ddb5-4fa4-a97d-d965ccfc6d4b" outcome="Passed" testListId="8c84fa94-04c1-424b-9868-57a2d4851a1d" relativeResultsDirectory="1c628a64-2f06-46b1-bc3f-77e2a2093ded" />
    <UnitTestResult executionId="8d7a86df-d23f-40c4-8def-aa720d5644e4" testId="7b34e006-2393-9bd9-39bb-543d59cc5559" testName="GetMax_ShouldReturn_AddedDataOnly_WhenOutsideTimespan (2022-04-05 12:01:15,93)" computerName="DKSR-EFI-06" duration="00:00:00.0001380" startTime="2024-01-09T15:40:52.2788912+01:00" endTime="2024-01-09T15:40:52.2791295+01:00" testType="13cdc9d9-ddb5-4fa4-a97d-d965ccfc6d4b" outcome="Passed" testListId="8c84fa94-04c1-424b-9868-57a2d4851a1d" relativeResultsDirectory="8d7a86df-d23f-40c4-8def-aa720d5644e4" />
    <UnitTestResult executionId="f126e6cb-5405-46b2-8757-91b1b3c10dc8" testId="dc71285d-f284-bab3-8211-8d4093ef346d" testName="GetSourceSequence_ShouldReturnValidSequences_WhenQueryingOnIntervalOutside (2022-02-01 12:00:00,2022-02-01 14:00:00,System.Int32[])" computerName="DKSR-EFI-06" duration="00:00:00.0011862" startTime="2024-01-09T15:40:52.3596465+01:00" endTime="2024-01-09T15:40:52.3609983+01:00" testType="13cdc9d9-ddb5-4fa4-a97d-d965ccfc6d4b" outcome="Passed" testListId="8c84fa94-04c1-424b-9868-57a2d4851a1d" relativeResultsDirectory="f126e6cb-5405-46b2-8757-91b1b3c10dc8" />
    <UnitTestResult executionId="75660411-8dc9-4552-b724-304ccbf591d8" testId="c009ca00-3eef-fab0-cd04-c7efd72ca2b0" testName="AddOrUpdateShouldFlagDirty" computerName="DKSR-EFI-06" duration="00:00:00.0006835" startTime="2024-01-09T15:40:52.2592747+01:00" endTime="2024-01-09T15:40:52.2600480+01:00" testType="13cdc9d9-ddb5-4fa4-a97d-d965ccfc6d4b" outcome="Passed" testListId="8c84fa94-04c1-424b-9868-57a2d4851a1d" relativeResultsDirectory="75660411-8dc9-4552-b724-304ccbf591d8" />
    <UnitTestResult executionId="deb2dbc2-ecbd-415f-bd52-5e0f0c8c616d" testId="66ee79a9-6b4f-8160-f17c-8cbea61ea26a" testName="CreateViewLayout_ReturnsListOfRectangles_GivenPositiveInt (4,4)" computerName="DKSR-EFI-06" duration="00:00:00.0000057" startTime="2024-01-09T15:40:52.3933241+01:00" endTime="2024-01-09T15:40:52.3933998+01:00" testType="13cdc9d9-ddb5-4fa4-a97d-d965ccfc6d4b" outcome="Passed" testListId="8c84fa94-04c1-424b-9868-57a2d4851a1d" relativeResultsDirectory="deb2dbc2-ecbd-415f-bd52-5e0f0c8c616d" />
    <UnitTestResult executionId="89ec7475-0888-457c-a752-b62bf4199861" testId="30bd7095-83ef-da9d-f32f-75147ed00515" testName="GetMin_ShouldReturn_AddedDataOnly_WhenOutsideTimespan (2022-04-05 12:01:15,8)" computerName="DKSR-EFI-06" duration="00:00:00.0002933" startTime="2024-01-09T15:40:52.2682395+01:00" endTime="2024-01-09T15:40:52.2686301+01:00" testType="13cdc9d9-ddb5-4fa4-a97d-d965ccfc6d4b" outcome="Passed" testListId="8c84fa94-04c1-424b-9868-57a2d4851a1d" relativeResultsDirectory="89ec7475-0888-457c-a752-b62bf4199861" />
    <UnitTestResult executionId="3a6e4caa-597f-4ef2-8485-0529b59138bd" testId="64beaafc-76ee-1c92-8b96-37040bafa60b" testName="CreateViewLayout_ReturnsListOfRectangles_GivenPositiveInt (0,1)" computerName="DKSR-EFI-06" duration="00:00:00.0039481" startTime="2024-01-09T15:40:52.3887374+01:00" endTime="2024-01-09T15:40:52.3929142+01:00" testType="13cdc9d9-ddb5-4fa4-a97d-d965ccfc6d4b" outcome="Passed" testListId="8c84fa94-04c1-424b-9868-57a2d4851a1d" relativeResultsDirectory="3a6e4caa-597f-4ef2-8485-0529b59138bd" />
    <UnitTestResult executionId="59afec30-35cf-4dba-af7b-5ae88592bd4e" testId="f2ddedac-a546-1ee8-2f16-d282065e3f03" testName="GetMin_ShouldReturn_CorrectValue_WhenTrimmed (2022-01-01 11:59:55,2)" computerName="DKSR-EFI-06" duration="00:00:00.0000249" startTime="2024-01-09T15:40:52.2650601+01:00" endTime="2024-01-09T15:40:52.2652268+01:00" testType="13cdc9d9-ddb5-4fa4-a97d-d965ccfc6d4b" outcome="Passed" testListId="8c84fa94-04c1-424b-9868-57a2d4851a1d" relativeResultsDirectory="59afec30-35cf-4dba-af7b-5ae88592bd4e" />
    <UnitTestResult executionId="54f95378-c262-4e97-a1ec-50316df3de0a" testId="283e7e10-909b-e065-3a15-59c64bfd2af4" testName="GetMax_ShouldReturn_ZeroWhen_TrimmedOutsideTimeSpan (2022-03-01 11:59:55)" computerName="DKSR-EFI-06" duration="00:00:00.0000154" startTime="2024-01-09T15:40:52.2787718+01:00" endTime="2024-01-09T15:40:52.2788697+01:00" testType="13cdc9d9-ddb5-4fa4-a97d-d965ccfc6d4b" outcome="Passed" testListId="8c84fa94-04c1-424b-9868-57a2d4851a1d" relativeResultsDirectory="54f95378-c262-4e97-a1ec-50316df3de0a" />
    <UnitTestResult executionId="6d5763cf-bad3-4894-a2a3-849ae8dfbf77" testId="cc1a83bf-926c-abfb-22bc-c622e98c40d3" testName="GetMax_ShouldReturn_TotalMaxValue_WhenNotTrimmed" computerName="DKSR-EFI-06" duration="00:00:00.0001381" startTime="2024-01-09T15:40:52.2781261+01:00" endTime="2024-01-09T15:40:52.2783548+01:00" testType="13cdc9d9-ddb5-4fa4-a97d-d965ccfc6d4b" outcome="Passed" testListId="8c84fa94-04c1-424b-9868-57a2d4851a1d" relativeResultsDirectory="6d5763cf-bad3-4894-a2a3-849ae8dfbf77" />
    <UnitTestResult executionId="abd364a5-acaa-43e3-b38b-3cc81bef8b53" testId="4b4008e0-adc8-5ca7-7477-8a04fac538dd" testName="GetStrategy_ShouldThrow_ArgumentException (0.5)" computerName="DKSR-EFI-06" duration="00:00:00.0000570" startTime="2024-01-09T15:40:52.3882379+01:00" endTime="2024-01-09T15:40:52.3884015+01:00" testType="13cdc9d9-ddb5-4fa4-a97d-d965ccfc6d4b" outcome="Passed" testListId="8c84fa94-04c1-424b-9868-57a2d4851a1d" relativeResultsDirectory="abd364a5-acaa-43e3-b38b-3cc81bef8b53" />
    <UnitTestResult executionId="cfb0b304-0957-4334-9691-eb33ae4dad0d" testId="cd0e257d-65b8-fafa-c5f1-7eb632863781" testName="SequenceSort_ShouldReturn_EmptyList_IfEmptyArgument" computerName="DKSR-EFI-06" duration="00:00:00.0003547" startTime="2024-01-09T15:40:51.8032087+01:00" endTime="2024-01-09T15:40:51.8037050+01:00" testType="13cdc9d9-ddb5-4fa4-a97d-d965ccfc6d4b" outcome="Passed" testListId="8c84fa94-04c1-424b-9868-57a2d4851a1d" relativeResultsDirectory="cfb0b304-0957-4334-9691-eb33ae4dad0d" />
    <UnitTestResult executionId="b8468398-9328-4806-9e55-3732928a5794" testId="a8b68a08-20db-0a99-3b0b-e3ed7886fa23" testName="GetMax_ShouldReturn_ZeroWhen_TrimmedOutsideTimeSpan (2022-02-01 12:01:30)" computerName="DKSR-EFI-06" duration="00:00:00.0000180" startTime="2024-01-09T15:40:52.2786374+01:00" endTime="2024-01-09T15:40:52.2787488+01:00" testType="13cdc9d9-ddb5-4fa4-a97d-d965ccfc6d4b" outcome="Passed" testListId="8c84fa94-04c1-424b-9868-57a2d4851a1d" relativeResultsDirectory="b8468398-9328-4806-9e55-3732928a5794" />
    <UnitTestResult executionId="de9e2c0d-e3bf-48e4-88da-7a9aed412dfa" testId="6cba4dff-f15b-cc91-1b9b-ef454dbfc164" testName="GetMax_ShouldReturn_AddedDataOnly_WhenOutsideTimespan (2022-04-08 12:01:15,2)" computerName="DKSR-EFI-06" duration="00:00:00.0000197" startTime="2024-01-09T15:40:52.2791569+01:00" endTime="2024-01-09T15:40:52.2792925+01:00" testType="13cdc9d9-ddb5-4fa4-a97d-d965ccfc6d4b" outcome="Passed" testListId="8c84fa94-04c1-424b-9868-57a2d4851a1d" relativeResultsDirectory="de9e2c0d-e3bf-48e4-88da-7a9aed412dfa" />
    <UnitTestResult executionId="8e06dfb9-c97e-4ecf-b096-d5215e0bbd63" testId="1899bbf1-a33d-1baa-c5a0-8654edfeffe9" testName="ChangeStrategy_ShouldThrow_argumentException (LOREM IPSUM)" computerName="DKSR-EFI-06" duration="00:00:00.0002450" startTime="2024-01-09T15:40:51.8163809+01:00" endTime="2024-01-09T15:40:51.8168114+01:00" testType="13cdc9d9-ddb5-4fa4-a97d-d965ccfc6d4b" outcome="Passed" testListId="8c84fa94-04c1-424b-9868-57a2d4851a1d" relativeResultsDirectory="8e06dfb9-c97e-4ecf-b096-d5215e0bbd63" />
    <UnitTestResult executionId="604d3d2d-909f-48a2-bc2a-1063817e5d89" testId="2c809abb-5010-c010-2acf-12757c770791" testName="DirtyShouldBeClear" computerName="DKSR-EFI-06" duration="00:00:00.0002615" startTime="2024-01-09T15:40:52.2588593+01:00" endTime="2024-01-09T15:40:52.2592386+01:00" testType="13cdc9d9-ddb5-4fa4-a97d-d965ccfc6d4b" outcome="Passed" testListId="8c84fa94-04c1-424b-9868-57a2d4851a1d" relativeResultsDirectory="604d3d2d-909f-48a2-bc2a-1063817e5d89" />
    <UnitTestResult executionId="e4da5173-bdab-4d76-8502-13756e7235ac" testId="98ff20c2-1892-3246-e4e0-7d96459ce805" testName="DirtyShouldBeCleared" computerName="DKSR-EFI-06" duration="00:00:00.0006101" startTime="2024-01-09T15:40:52.2610860+01:00" endTime="2024-01-09T15:40:52.2617797+01:00" testType="13cdc9d9-ddb5-4fa4-a97d-d965ccfc6d4b" outcome="Passed" testListId="8c84fa94-04c1-424b-9868-57a2d4851a1d" relativeResultsDirectory="e4da5173-bdab-4d76-8502-13756e7235ac" />
    <UnitTestResult executionId="a15c1348-1b37-4757-8d95-ba19bb4faefb" testId="325fb1b9-ebd2-6cf3-27e0-afa45663166a" testName="RemoveShouldFlagDirty" computerName="DKSR-EFI-06" duration="00:00:00.0008774" startTime="2024-01-09T15:40:52.2600923+01:00" endTime="2024-01-09T15:40:52.2610552+01:00" testType="13cdc9d9-ddb5-4fa4-a97d-d965ccfc6d4b" outcome="Passed" testListId="8c84fa94-04c1-424b-9868-57a2d4851a1d" relativeResultsDirectory="a15c1348-1b37-4757-8d95-ba19bb4faefb" />
    <UnitTestResult executionId="f145a676-54a5-4771-9cd9-aab5bc362c02" testId="2d34cd72-ee0e-193f-8f47-efd4d794c783" testName="GetMax_ShouldReturn_ZeroWhen_TrimmedOutsideTimeSpan (2022-04-01 12:01:15)" computerName="DKSR-EFI-06" duration="00:00:00.0001235" startTime="2024-01-09T15:40:52.2783832+01:00" endTime="2024-01-09T15:40:52.2786089+01:00" testType="13cdc9d9-ddb5-4fa4-a97d-d965ccfc6d4b" outcome="Passed" testListId="8c84fa94-04c1-424b-9868-57a2d4851a1d" relativeResultsDirectory="f145a676-54a5-4771-9cd9-aab5bc362c02" />
    <UnitTestResult executionId="0704b2ef-fb89-4dba-8776-8042b109fe7a" testId="abcc8a4e-7181-191b-62e9-bed0513127f7" testName="GetAvg_ShouldReturn_ZeroWhen_TrimmedOutsideTimespan (2022-03-01 11:59:55)" computerName="DKSR-EFI-06" duration="00:00:00.0000175" startTime="2024-01-09T15:40:52.2721531+01:00" endTime="2024-01-09T15:40:52.2722643+01:00" testType="13cdc9d9-ddb5-4fa4-a97d-d965ccfc6d4b" outcome="Passed" testListId="8c84fa94-04c1-424b-9868-57a2d4851a1d" relativeResultsDirectory="0704b2ef-fb89-4dba-8776-8042b109fe7a" />
    <UnitTestResult executionId="9a1e6391-5cc6-4398-9741-76525798aac9" testId="6e6bb3b1-1e41-620f-6828-ff0a9c5f6ced" testName="GetMin_ShouldReturn_CorrectValue_WhenTrimmed (2022-01-01 12:01:30,1)" computerName="DKSR-EFI-06" duration="00:00:00.0000252" startTime="2024-01-09T15:40:52.2672488+01:00" endTime="2024-01-09T15:40:52.2674170+01:00" testType="13cdc9d9-ddb5-4fa4-a97d-d965ccfc6d4b" outcome="Passed" testListId="8c84fa94-04c1-424b-9868-57a2d4851a1d" relativeResultsDirectory="9a1e6391-5cc6-4398-9741-76525798aac9" />
    <UnitTestResult executionId="355a1d21-ed5e-4000-894f-5770c6fc5724" testId="ac737876-1ffb-1c4d-374e-5edaf3dc8eae" testName="ChangeStrategy_ShouldThrow_argumentException (0.5)" computerName="DKSR-EFI-06" duration="00:00:00.0000774" startTime="2024-01-09T15:40:51.8168446+01:00" endTime="2024-01-09T15:40:51.8173033+01:00" testType="13cdc9d9-ddb5-4fa4-a97d-d965ccfc6d4b" outcome="Passed" testListId="8c84fa94-04c1-424b-9868-57a2d4851a1d" relativeResultsDirectory="355a1d21-ed5e-4000-894f-5770c6fc5724" />
    <UnitTestResult executionId="efed8077-5a8e-4e0c-970f-c982e90c575c" testId="08e0df7e-29cb-ea7e-ad57-9cf8ed9a7632" testName="DeserializationNoCamerasShouldReturnInstance" computerName="DKSR-EFI-06" duration="00:00:00.1296895" startTime="2024-01-09T15:40:51.8173369+01:00" endTime="2024-01-09T15:40:51.9472824+01:00" testType="13cdc9d9-ddb5-4fa4-a97d-d965ccfc6d4b" outcome="Passed" testListId="8c84fa94-04c1-424b-9868-57a2d4851a1d" relativeResultsDirectory="efed8077-5a8e-4e0c-970f-c982e90c575c" />
    <UnitTestResult executionId="30bff680-578b-4d2d-930b-44c219e4ed8b" testId="0d9abbc8-4fa9-ed1f-a3ee-a4c91064961a" testName="GetSourceSequence_ShouldReturnValidSequences_WhenQueryingOnIntervalOutside (2020-02-01 12:00:00,2020-02-01 14:00:00,System.Int32[])" computerName="DKSR-EFI-06" duration="00:00:00.0013845" startTime="2024-01-09T15:40:52.3580218+01:00" endTime="2024-01-09T15:40:52.3595998+01:00" testType="13cdc9d9-ddb5-4fa4-a97d-d965ccfc6d4b" outcome="Passed" testListId="8c84fa94-04c1-424b-9868-57a2d4851a1d" relativeResultsDirectory="30bff680-578b-4d2d-930b-44c219e4ed8b" />
    <UnitTestResult executionId="4a39bc58-dfa1-4831-8d99-fadef34b33bd" testId="8449b7d0-fd33-8f58-a8ac-66d7816c2601" testName="GetMax_ShouldReturn_AddedDataOnly_WhenOutsideTimespan (2022-03-08 12:00:15,2)" computerName="DKSR-EFI-06" duration="00:00:00.0000301" startTime="2024-01-09T15:40:52.2803872+01:00" endTime="2024-01-09T15:40:52.2805409+01:00" testType="13cdc9d9-ddb5-4fa4-a97d-d965ccfc6d4b" outcome="Passed" testListId="8c84fa94-04c1-424b-9868-57a2d4851a1d" relativeResultsDirectory="4a39bc58-dfa1-4831-8d99-fadef34b33bd" />
    <UnitTestResult executionId="aa3a5aec-7aad-4ac2-8bfc-d4835e0bc9bf" testId="38175a51-6f87-7c8a-df9b-9d5a197b6bf7" testName="GetMin_ShouldReturn_AddedDataOnly_WhenOutsideTimespan (2022-02-05 12:01:15,6)" computerName="DKSR-EFI-06" duration="00:00:00.0000174" startTime="2024-01-09T15:40:52.2688351+01:00" endTime="2024-01-09T15:40:52.2689446+01:00" testType="13cdc9d9-ddb5-4fa4-a97d-d965ccfc6d4b" outcome="Passed" testListId="8c84fa94-04c1-424b-9868-57a2d4851a1d" relativeResultsDirectory="aa3a5aec-7aad-4ac2-8bfc-d4835e0bc9bf" />
    <UnitTestResult executionId="2b4ba2bd-e642-4e66-b493-d909c97e25a5" testId="205fe64e-5388-04fb-20e8-8232fc2bf2df" testName="CreateViewLayout_ReturnsListOfRectangles_GivenPositiveInt (7,9)" computerName="DKSR-EFI-06" duration="00:00:00.0000047" startTime="2024-01-09T15:40:52.3932319+01:00" endTime="2024-01-09T15:40:52.3933033+01:00" testType="13cdc9d9-ddb5-4fa4-a97d-d965ccfc6d4b" outcome="Passed" testListId="8c84fa94-04c1-424b-9868-57a2d4851a1d" relativeResultsDirectory="2b4ba2bd-e642-4e66-b493-d909c97e25a5" />
    <UnitTestResult executionId="937f0a14-beb9-44d9-a270-9e3d518bef33" testId="6eb7e548-0efa-01b9-a194-347f3d15b59e" testName="GetStrategy_ShouldThrow_ArgumentException (1321)" computerName="DKSR-EFI-06" duration="00:00:00.0001079" startTime="2024-01-09T15:40:52.3874175+01:00" endTime="2024-01-09T15:40:52.3877799+01:00" testType="13cdc9d9-ddb5-4fa4-a97d-d965ccfc6d4b" outcome="Passed" testListId="8c84fa94-04c1-424b-9868-57a2d4851a1d" relativeResultsDirectory="937f0a14-beb9-44d9-a270-9e3d518bef33" />
    <UnitTestResult executionId="1691f2ff-5133-4fd2-8ed9-e1b24df01234" testId="9d58fa00-a07b-556a-b20b-0e479ab33000" testName="GetMax_ShouldReturn_CorrectValue_WhenTrimmed (2022-01-01 11:59:55,8)" computerName="DKSR-EFI-06" duration="00:00:00.0000176" startTime="2024-01-09T15:40:52.2779820+01:00" endTime="2024-01-09T15:40:52.2781042+01:00" testType="13cdc9d9-ddb5-4fa4-a97d-d965ccfc6d4b" outcome="Passed" testListId="8c84fa94-04c1-424b-9868-57a2d4851a1d" relativeResultsDirectory="1691f2ff-5133-4fd2-8ed9-e1b24df01234" />
    <UnitTestResult executionId="b3a6a39c-f07b-4ff5-8fa5-4d981a46e77f" testId="70ccea66-b129-c7ac-8921-4c96ed0890cc" testName="GetAvg_ShouldReturn_CorrectValue_WhenTrimmed (2022-01-01 12:01:05,4.5)" computerName="DKSR-EFI-06" duration="00:00:00.0001579" startTime="2024-01-09T15:40:52.2727054+01:00" endTime="2024-01-09T15:40:52.2729860+01:00" testType="13cdc9d9-ddb5-4fa4-a97d-d965ccfc6d4b" outcome="Passed" testListId="8c84fa94-04c1-424b-9868-57a2d4851a1d" relativeResultsDirectory="b3a6a39c-f07b-4ff5-8fa5-4d981a46e77f" />
    <UnitTestResult executionId="077628b1-5f35-4f52-9f86-184afbe71bd2" testId="9d99199e-7f16-1cec-569e-dd42160143a9" testName="GetAvg_ShouldReturn_AddedDataOnly_WhenOutsideTimespan (2022-04-05 12:01:15,8)" computerName="DKSR-EFI-06" duration="00:00:00.0002787" startTime="2024-01-09T15:40:52.2722866+01:00" endTime="2024-01-09T15:40:52.2726734+01:00" testType="13cdc9d9-ddb5-4fa4-a97d-d965ccfc6d4b" outcome="Passed" testListId="8c84fa94-04c1-424b-9868-57a2d4851a1d" relativeResultsDirectory="077628b1-5f35-4f52-9f86-184afbe71bd2" />
    <UnitTestResult executionId="9f446b9c-e336-487e-b547-00603fb697dc" testId="4410f975-8fe1-0592-fd85-066020f2bc67" testName="GetStrategy_ShouldThrow_ArgumentException (adaptiveView)" computerName="DKSR-EFI-06" duration="00:00:00.0003587" startTime="2024-01-09T15:40:52.3626495+01:00" endTime="2024-01-09T15:40:52.3631424+01:00" testType="13cdc9d9-ddb5-4fa4-a97d-d965ccfc6d4b" outcome="Passed" testListId="8c84fa94-04c1-424b-9868-57a2d4851a1d" relativeResultsDirectory="9f446b9c-e336-487e-b547-00603fb697dc" />
    <UnitTestResult executionId="09ea5a6d-4a3f-4add-9fbb-8e5e1bffae25" testId="0bb0650d-1d1e-a1e3-1275-1977a15320d7" testName="CreateViewLayout_ThrowsOutOfRangeException_GivenNegativeInt" computerName="DKSR-EFI-06" duration="00:00:00.0003825" startTime="2024-01-09T15:40:52.3945926+01:00" endTime="2024-01-09T15:40:52.3951085+01:00" testType="13cdc9d9-ddb5-4fa4-a97d-d965ccfc6d4b" outcome="Passed" testListId="8c84fa94-04c1-424b-9868-57a2d4851a1d" relativeResultsDirectory="09ea5a6d-4a3f-4add-9fbb-8e5e1bffae25" />
    <UnitTestResult executionId="d0bc93c1-88d3-42de-b982-6635b6223d0d" testId="5eef58ae-37e9-737a-1fde-20b85e2b5c68" testName="GetMax_ShouldReturn_CorrectValue_WhenTrimmed (2022-01-01 12:01:30,10)" computerName="DKSR-EFI-06" duration="00:00:00.0000212" startTime="2024-01-09T15:40:52.2778170+01:00" endTime="2024-01-09T15:40:52.2779577+01:00" testType="13cdc9d9-ddb5-4fa4-a97d-d965ccfc6d4b" outcome="Passed" testListId="8c84fa94-04c1-424b-9868-57a2d4851a1d" relativeResultsDirectory="d0bc93c1-88d3-42de-b982-6635b6223d0d" />
    <UnitTestResult executionId="35c05223-3d2c-4bbb-a408-9d85a02d7b15" testId="ddcee8f1-c652-97fb-2fb9-f9f8311569d6" testName="GetSourceSequence_ShouldReturnValidSequences_WhenQueryingOnIntervalInside (2022-01-01 13:50:00,2022-01-01 14:50:00,System.Int32[])" computerName="DKSR-EFI-06" duration="00:00:00.0024428" startTime="2024-01-09T15:40:52.3552600+01:00" endTime="2024-01-09T15:40:52.3579714+01:00" testType="13cdc9d9-ddb5-4fa4-a97d-d965ccfc6d4b" outcome="Passed" testListId="8c84fa94-04c1-424b-9868-57a2d4851a1d" relativeResultsDirectory="35c05223-3d2c-4bbb-a408-9d85a02d7b15" />
    <UnitTestResult executionId="b4699d28-a6a4-4289-9185-c6e201801480" testId="9d3618d5-c2a4-2e79-609b-16b76430beac" testName="GetMin_ShouldReturn_ZeroWhen_TrimmedOutsideTimeSpan (2022-02-01 12:01:30)" computerName="DKSR-EFI-06" duration="00:00:00.0000178" startTime="2024-01-09T15:40:52.2679853+01:00" endTime="2024-01-09T15:40:52.2680930+01:00" testType="13cdc9d9-ddb5-4fa4-a97d-d965ccfc6d4b" outcome="Passed" testListId="8c84fa94-04c1-424b-9868-57a2d4851a1d" relativeResultsDirectory="b4699d28-a6a4-4289-9185-c6e201801480" />
    <UnitTestResult executionId="6d2d63fe-8d1f-4eda-bede-a47729254d90" testId="65374fe2-6ca3-59e2-d946-9210eeb3ba1d" testName="RemoveShouldRemoveViewItem" computerName="DKSR-EFI-06" duration="00:00:00.0028443" startTime="2024-01-09T15:40:52.2557859+01:00" endTime="2024-01-09T15:40:52.2587862+01:00" testType="13cdc9d9-ddb5-4fa4-a97d-d965ccfc6d4b" outcome="Passed" testListId="8c84fa94-04c1-424b-9868-57a2d4851a1d" relativeResultsDirectory="6d2d63fe-8d1f-4eda-bede-a47729254d90" />
    <UnitTestResult executionId="68e85399-319e-44da-91ed-3b05edcb20ab" testId="871c1129-142e-49e1-cfcf-1471ae340852" testName="GetStrategy_ShouldThrow_ArgumentException (LOREM IPSUM DIVIDEOPTIMSUM)" computerName="DKSR-EFI-06" duration="00:00:00.0002396" startTime="2024-01-09T15:40:52.3878394+01:00" endTime="2024-01-09T15:40:52.3882026+01:00" testType="13cdc9d9-ddb5-4fa4-a97d-d965ccfc6d4b" outcome="Passed" testListId="8c84fa94-04c1-424b-9868-57a2d4851a1d" relativeResultsDirectory="68e85399-319e-44da-91ed-3b05edcb20ab" />
    <UnitTestResult executionId="3abc2252-fa7d-458d-a71c-634359477c5b" testId="28243d5a-f45d-3920-e422-23206f7432ee" testName="GetMin_ShouldReturn_ZeroWhen_TrimmedOutsideTimeSpan (2022-04-01 12:01:15)" computerName="DKSR-EFI-06" duration="00:00:00.0001377" startTime="2024-01-09T15:40:52.2677086+01:00" endTime="2024-01-09T15:40:52.2679478+01:00" testType="13cdc9d9-ddb5-4fa4-a97d-d965ccfc6d4b" outcome="Passed" testListId="8c84fa94-04c1-424b-9868-57a2d4851a1d" relativeResultsDirectory="3abc2252-fa7d-458d-a71c-634359477c5b" />
    <UnitTestResult executionId="54112595-1642-4a6b-a013-8f0e7b2209f3" testId="783102e1-7e96-a1c3-a3ac-275b68cff7d7" testName="CreateViewLayout_ReturnsListOfRectangles_GivenPositiveInt (5,6)" computerName="DKSR-EFI-06" duration="00:00:00.0000054" startTime="2024-01-09T15:40:52.3931330+01:00" endTime="2024-01-09T15:40:52.3932115+01:00" testType="13cdc9d9-ddb5-4fa4-a97d-d965ccfc6d4b" outcome="Passed" testListId="8c84fa94-04c1-424b-9868-57a2d4851a1d" relativeResultsDirectory="54112595-1642-4a6b-a013-8f0e7b2209f3" />
    <UnitTestResult executionId="8d0e3c4c-29aa-421e-ad1e-0db1e6d9cb50" testId="b37cf9a9-1778-14d5-ef3c-8118e3a2fe34" testName="GetMin_ShouldReturn_ZeroWhen_TrimmedOutsideTimeSpan (2022-03-01 11:59:55)" computerName="DKSR-EFI-06" duration="00:00:00.0000154" startTime="2024-01-09T15:40:52.2681214+01:00" endTime="2024-01-09T15:40:52.2682124+01:00" testType="13cdc9d9-ddb5-4fa4-a97d-d965ccfc6d4b" outcome="Passed" testListId="8c84fa94-04c1-424b-9868-57a2d4851a1d" relativeResultsDirectory="8d0e3c4c-29aa-421e-ad1e-0db1e6d9cb50" />
    <UnitTestResult executionId="025720ff-457d-492d-b242-4c8c19ae33b3" testId="9abb690d-efd9-2ab1-bd30-d00c10bbceb5" testName="AddOrUpdateShouldAddViewItem" computerName="DKSR-EFI-06" duration="00:00:00.2461956" startTime="2024-01-09T15:40:52.0093177+01:00" endTime="2024-01-09T15:40:52.2557077+01:00" testType="13cdc9d9-ddb5-4fa4-a97d-d965ccfc6d4b" outcome="Passed" testListId="8c84fa94-04c1-424b-9868-57a2d4851a1d" relativeResultsDirectory="025720ff-457d-492d-b242-4c8c19ae33b3" />
    <UnitTestResult executionId="b324b5c4-1860-40c0-9326-800a98e6f477" testId="a68d6c53-34d2-fb4d-71fb-cbc7f8e3f1f2" testName="GetAvg_ShouldReturn_ZeroWhen_TrimmedOutsideTimespan (2022-04-01 12:01:15)" computerName="DKSR-EFI-06" duration="00:00:00.0017318" startTime="2024-01-09T15:40:52.2689731+01:00" endTime="2024-01-09T15:40:52.2708095+01:00" testType="13cdc9d9-ddb5-4fa4-a97d-d965ccfc6d4b" outcome="Passed" testListId="8c84fa94-04c1-424b-9868-57a2d4851a1d" relativeResultsDirectory="b324b5c4-1860-40c0-9326-800a98e6f477" />
  </Results>
  <TestDefinitions>
    <UnitTest name="ChangeStrategy_ShouldThrow_argumentException (2123123)" storage="d:\actions-runner\_work\xpco\xpco\allsolutions\..\addons\plugins\adaptiveview\tst\videoos.plugins.adaptiveview.unittests\bin\x64\debug\net6.0-windows\videoos.plugins.adaptiveview.unittests.dll" id="9a10d598-ba4b-5a67-77c7-f5c066eded7a">
      <Execution id="af9cdeb8-c00c-485d-b478-11ac99442be3" />
      <TestMethod codeBase="D:\actions-runner\_work\XPCO\XPCO\AllSolutions\..\AddOns\Plugins\AdaptiveView\tst\VideoOS.Plugins.AdaptiveView.UnitTests\bin\x64\Debug\net6.0-windows\VideoOS.Plugins.AdaptiveView.UnitTests.dll" adapterTypeName="executor://mstestadapter/v2" className="VideoOS.Plugins.AdaptiveView.UnitTests.CameraSortManagerTests" name="ChangeStrategy_ShouldThrow_argumentException" />
    </UnitTest>
    <UnitTest name="GetAvg_ShouldReturn_ZeroWhen_TrimmedOutsideTimespan (2022-03-01 11:59:55)" storage="d:\actions-runner\_work\xpco\xpco\allsolutions\..\addons\plugins\adaptiveview\tst\videoos.plugins.adaptiveview.unittests\bin\x64\debug\net6.0-windows\videoos.plugins.adaptiveview.unittests.dll" id="abcc8a4e-7181-191b-62e9-bed0513127f7">
      <Execution id="0704b2ef-fb89-4dba-8776-8042b109fe7a" />
      <TestMethod codeBase="D:\actions-runner\_work\XPCO\XPCO\AllSolutions\..\AddOns\Plugins\AdaptiveView\tst\VideoOS.Plugins.AdaptiveView.UnitTests\bin\x64\Debug\net6.0-windows\VideoOS.Plugins.AdaptiveView.UnitTests.dll" adapterTypeName="executor://mstestadapter/v2" className="VideoOS.Plugins.AdaptiveView.UnitTests.MovingListTests" name="GetAvg_ShouldReturn_ZeroWhen_TrimmedOutsideTimespan" />
    </UnitTest>
    <UnitTest name="GetSourceSequence_ShouldReturnValidSequences_WhenQueryingOnIntervalInside (2022-01-01 13:50:00,2022-01-01 14:50:00,System.Int32[])" storage="d:\actions-runner\_work\xpco\xpco\allsolutions\..\addons\plugins\adaptiveview\tst\videoos.plugins.adaptiveview.unittests\bin\x64\debug\net6.0-windows\videoos.plugins.adaptiveview.unittests.dll" id="ddcee8f1-c652-97fb-2fb9-f9f8311569d6">
      <Execution id="35c05223-3d2c-4bbb-a408-9d85a02d7b15" />
      <TestMethod codeBase="D:\actions-runner\_work\XPCO\XPCO\AllSolutions\..\AddOns\Plugins\AdaptiveView\tst\VideoOS.Plugins.AdaptiveView.UnitTests\bin\x64\Debug\net6.0-windows\VideoOS.Plugins.AdaptiveView.UnitTests.dll" adapterTypeName="executor://mstestadapter/v2" className="VideoOS.Plugins.AdaptiveView.UnitTests.SequenceManagerTest" name="GetSourceSequence_ShouldReturnValidSequences_WhenQueryingOnIntervalInside" />
    </UnitTest>
    <UnitTest name="FindShouldReturnItem" storage="d:\actions-runner\_work\xpco\xpco\allsolutions\..\addons\plugins\adaptiveview\tst\videoos.plugins.adaptiveview.unittests\bin\x64\debug\net6.0-windows\videoos.plugins.adaptiveview.unittests.dll" id="0c0d18b3-65bc-0f1f-f0da-6108c3b14f23">
      <Execution id="7451a181-b714-45e2-8710-856cde728190" />
      <TestMethod codeBase="D:\actions-runner\_work\XPCO\XPCO\AllSolutions\..\AddOns\Plugins\AdaptiveView\tst\VideoOS.Plugins.AdaptiveView.UnitTests\bin\x64\Debug\net6.0-windows\VideoOS.Plugins.AdaptiveView.UnitTests.dll" adapterTypeName="executor://mstestadapter/v2" className="VideoOS.Plugins.AdaptiveView.UnitTests.ConfigurationTests" name="FindShouldReturnItem" />
    </UnitTest>
    <UnitTest name="GetAvg_ShouldReturn_ZeroWhen_TrimmedOutsideTimespan (2022-02-01 12:01:30)" storage="d:\actions-runner\_work\xpco\xpco\allsolutions\..\addons\plugins\adaptiveview\tst\videoos.plugins.adaptiveview.unittests\bin\x64\debug\net6.0-windows\videoos.plugins.adaptiveview.unittests.dll" id="3490234a-ac8f-3724-dbc7-3d5410f11b2b">
      <Execution id="9dc1ed84-0212-42be-8a7a-b7637fcab7ae" />
      <TestMethod codeBase="D:\actions-runner\_work\XPCO\XPCO\AllSolutions\..\AddOns\Plugins\AdaptiveView\tst\VideoOS.Plugins.AdaptiveView.UnitTests\bin\x64\Debug\net6.0-windows\VideoOS.Plugins.AdaptiveView.UnitTests.dll" adapterTypeName="executor://mstestadapter/v2" className="VideoOS.Plugins.AdaptiveView.UnitTests.MovingListTests" name="GetAvg_ShouldReturn_ZeroWhen_TrimmedOutsideTimespan" />
    </UnitTest>
    <UnitTest name="GetStrategy_ShouldThrow_ArgumentException (1321)" storage="d:\actions-runner\_work\xpco\xpco\allsolutions\..\addons\plugins\adaptiveview\tst\videoos.plugins.adaptiveview.unittests\bin\x64\debug\net6.0-windows\videoos.plugins.adaptiveview.unittests.dll" id="6eb7e548-0efa-01b9-a194-347f3d15b59e">
      <Execution id="937f0a14-beb9-44d9-a270-9e3d518bef33" />
      <TestMethod codeBase="D:\actions-runner\_work\XPCO\XPCO\AllSolutions\..\AddOns\Plugins\AdaptiveView\tst\VideoOS.Plugins.AdaptiveView.UnitTests\bin\x64\Debug\net6.0-windows\VideoOS.Plugins.AdaptiveView.UnitTests.dll" adapterTypeName="executor://mstestadapter/v2" className="VideoOS.Plugins.AdaptiveView.UnitTests.SortStrategyFactoryTests" name="GetStrategy_ShouldThrow_ArgumentException" />
    </UnitTest>
    <UnitTest name="GetSourceSequence_ShouldReturnValidSequences_WhenQueryingOnIntervalInside (2022-01-01 12:00:00,2022-01-01 14:00:00,System.Int32[])" storage="d:\actions-runner\_work\xpco\xpco\allsolutions\..\addons\plugins\adaptiveview\tst\videoos.plugins.adaptiveview.unittests\bin\x64\debug\net6.0-windows\videoos.plugins.adaptiveview.unittests.dll" id="e5fef9e7-a599-308f-c7f5-bc984ae0bfbe">
      <Execution id="431dfa5d-fe23-49aa-b262-86c66704f218" />
      <TestMethod codeBase="D:\actions-runner\_work\XPCO\XPCO\AllSolutions\..\AddOns\Plugins\AdaptiveView\tst\VideoOS.Plugins.AdaptiveView.UnitTests\bin\x64\Debug\net6.0-windows\VideoOS.Plugins.AdaptiveView.UnitTests.dll" adapterTypeName="executor://mstestadapter/v2" className="VideoOS.Plugins.AdaptiveView.UnitTests.SequenceManagerTest" name="GetSourceSequence_ShouldReturnValidSequences_WhenQueryingOnIntervalInside" />
    </UnitTest>
    <UnitTest name="GetMax_ShouldReturn_ZeroWhen_TrimmedOutsideTimeSpan (2022-03-01 11:59:55)" storage="d:\actions-runner\_work\xpco\xpco\allsolutions\..\addons\plugins\adaptiveview\tst\videoos.plugins.adaptiveview.unittests\bin\x64\debug\net6.0-windows\videoos.plugins.adaptiveview.unittests.dll" id="283e7e10-909b-e065-3a15-59c64bfd2af4">
      <Execution id="54f95378-c262-4e97-a1ec-50316df3de0a" />
      <TestMethod codeBase="D:\actions-runner\_work\XPCO\XPCO\AllSolutions\..\AddOns\Plugins\AdaptiveView\tst\VideoOS.Plugins.AdaptiveView.UnitTests\bin\x64\Debug\net6.0-windows\VideoOS.Plugins.AdaptiveView.UnitTests.dll" adapterTypeName="executor://mstestadapter/v2" className="VideoOS.Plugins.AdaptiveView.UnitTests.MovingListTests" name="GetMax_ShouldReturn_ZeroWhen_TrimmedOutsideTimeSpan" />
    </UnitTest>
    <UnitTest name="AddOrUpdateShouldFlagDirty" storage="d:\actions-runner\_work\xpco\xpco\allsolutions\..\addons\plugins\adaptiveview\tst\videoos.plugins.adaptiveview.unittests\bin\x64\debug\net6.0-windows\videoos.plugins.adaptiveview.unittests.dll" id="c009ca00-3eef-fab0-cd04-c7efd72ca2b0">
      <Execution id="75660411-8dc9-4552-b724-304ccbf591d8" />
      <TestMethod codeBase="D:\actions-runner\_work\XPCO\XPCO\AllSolutions\..\AddOns\Plugins\AdaptiveView\tst\VideoOS.Plugins.AdaptiveView.UnitTests\bin\x64\Debug\net6.0-windows\VideoOS.Plugins.AdaptiveView.UnitTests.dll" adapterTypeName="executor://mstestadapter/v2" className="VideoOS.Plugins.AdaptiveView.UnitTests.ConfigurationTests" name="AddOrUpdateShouldFlagDirty" />
    </UnitTest>
    <UnitTest name="DirtyShouldBeCleared" storage="d:\actions-runner\_work\xpco\xpco\allsolutions\..\addons\plugins\adaptiveview\tst\videoos.plugins.adaptiveview.unittests\bin\x64\debug\net6.0-windows\videoos.plugins.adaptiveview.unittests.dll" id="98ff20c2-1892-3246-e4e0-7d96459ce805">
      <Execution id="e4da5173-bdab-4d76-8502-13756e7235ac" />
      <TestMethod codeBase="D:\actions-runner\_work\XPCO\XPCO\AllSolutions\..\AddOns\Plugins\AdaptiveView\tst\VideoOS.Plugins.AdaptiveView.UnitTests\bin\x64\Debug\net6.0-windows\VideoOS.Plugins.AdaptiveView.UnitTests.dll" adapterTypeName="executor://mstestadapter/v2" className="VideoOS.Plugins.AdaptiveView.UnitTests.ConfigurationTests" name="DirtyShouldBeCleared" />
    </UnitTest>
    <UnitTest name="SequenceSort_ShouldReturn_EmptyList_IfEmptyArgument" storage="d:\actions-runner\_work\xpco\xpco\allsolutions\..\addons\plugins\adaptiveview\tst\videoos.plugins.adaptiveview.unittests\bin\x64\debug\net6.0-windows\videoos.plugins.adaptiveview.unittests.dll" id="cd0e257d-65b8-fafa-c5f1-7eb632863781">
      <Execution id="cfb0b304-0957-4334-9691-eb33ae4dad0d" />
      <TestMethod codeBase="D:\actions-runner\_work\XPCO\XPCO\AllSolutions\..\AddOns\Plugins\AdaptiveView\tst\VideoOS.Plugins.AdaptiveView.UnitTests\bin\x64\Debug\net6.0-windows\VideoOS.Plugins.AdaptiveView.UnitTests.dll" adapterTypeName="executor://mstestadapter/v2" className="VideoOS.Plugins.AdaptiveView.UnitTests.CameraSortManagerTests" name="SequenceSort_ShouldReturn_EmptyList_IfEmptyArgument" />
    </UnitTest>
    <UnitTest name="CreateViewLayout_ReturnsListOfRectangles_GivenPositiveInt (7,9)" storage="d:\actions-runner\_work\xpco\xpco\allsolutions\..\addons\plugins\adaptiveview\tst\videoos.plugins.adaptiveview.unittests\bin\x64\debug\net6.0-windows\videoos.plugins.adaptiveview.unittests.dll" id="205fe64e-5388-04fb-20e8-8232fc2bf2df">
      <Execution id="2b4ba2bd-e642-4e66-b493-d909c97e25a5" />
      <TestMethod codeBase="D:\actions-runner\_work\XPCO\XPCO\AllSolutions\..\AddOns\Plugins\AdaptiveView\tst\VideoOS.Plugins.AdaptiveView.UnitTests\bin\x64\Debug\net6.0-windows\VideoOS.Plugins.AdaptiveView.UnitTests.dll" adapterTypeName="executor://mstestadapter/v2" className="VideoOS.Plugins.AdaptiveView.UnitTests.ViewLayoutManagerTests" name="CreateViewLayout_ReturnsListOfRectangles_GivenPositiveInt" />
    </UnitTest>
    <UnitTest name="GetStrategy_ShouldThrow_ArgumentException (0.5)" storage="d:\actions-runner\_work\xpco\xpco\allsolutions\..\addons\plugins\adaptiveview\tst\videoos.plugins.adaptiveview.unittests\bin\x64\debug\net6.0-windows\videoos.plugins.adaptiveview.unittests.dll" id="4b4008e0-adc8-5ca7-7477-8a04fac538dd">
      <Execution id="abd364a5-acaa-43e3-b38b-3cc81bef8b53" />
      <TestMethod codeBase="D:\actions-runner\_work\XPCO\XPCO\AllSolutions\..\AddOns\Plugins\AdaptiveView\tst\VideoOS.Plugins.AdaptiveView.UnitTests\bin\x64\Debug\net6.0-windows\VideoOS.Plugins.AdaptiveView.UnitTests.dll" adapterTypeName="executor://mstestadapter/v2" className="VideoOS.Plugins.AdaptiveView.UnitTests.SortStrategyFactoryTests" name="GetStrategy_ShouldThrow_ArgumentException" />
    </UnitTest>
    <UnitTest name="GetMin_ShouldReturn_TotalMinValue_WhenNotTrimmed" storage="d:\actions-runner\_work\xpco\xpco\allsolutions\..\addons\plugins\adaptiveview\tst\videoos.plugins.adaptiveview.unittests\bin\x64\debug\net6.0-windows\videoos.plugins.adaptiveview.unittests.dll" id="8a1a18b6-e6ad-8a27-2c7a-cbc90a37566a">
      <Execution id="10b75b59-13ea-4801-8056-a3fd3966f8a1" />
      <TestMethod codeBase="D:\actions-runner\_work\XPCO\XPCO\AllSolutions\..\AddOns\Plugins\AdaptiveView\tst\VideoOS.Plugins.AdaptiveView.UnitTests\bin\x64\Debug\net6.0-windows\VideoOS.Plugins.AdaptiveView.UnitTests.dll" adapterTypeName="executor://mstestadapter/v2" className="VideoOS.Plugins.AdaptiveView.UnitTests.MovingListTests" name="GetMin_ShouldReturn_TotalMinValue_WhenNotTrimmed" />
    </UnitTest>
    <UnitTest name="GetSourceSequence_ShouldReturnValidSequences_WhenQueryingOnIntervalOutside (2022-04-01 12:00:00,2020-04-01 14:00:00,System.Int32[])" storage="d:\actions-runner\_work\xpco\xpco\allsolutions\..\addons\plugins\adaptiveview\tst\videoos.plugins.adaptiveview.unittests\bin\x64\debug\net6.0-windows\videoos.plugins.adaptiveview.unittests.dll" id="e77ff40b-f574-965d-bc80-e7092c866434">
      <Execution id="f2dd7904-e6a8-4b5e-bbe4-312f5ce7f7cf" />
      <TestMethod codeBase="D:\actions-runner\_work\XPCO\XPCO\AllSolutions\..\AddOns\Plugins\AdaptiveView\tst\VideoOS.Plugins.AdaptiveView.UnitTests\bin\x64\Debug\net6.0-windows\VideoOS.Plugins.AdaptiveView.UnitTests.dll" adapterTypeName="executor://mstestadapter/v2" className="VideoOS.Plugins.AdaptiveView.UnitTests.SequenceManagerTest" name="GetSourceSequence_ShouldReturnValidSequences_WhenQueryingOnIntervalOutside" />
    </UnitTest>
    <UnitTest name="GetMax_ShouldReturn_TotalMaxValue_WhenNotTrimmed" storage="d:\actions-runner\_work\xpco\xpco\allsolutions\..\addons\plugins\adaptiveview\tst\videoos.plugins.adaptiveview.unittests\bin\x64\debug\net6.0-windows\videoos.plugins.adaptiveview.unittests.dll" id="cc1a83bf-926c-abfb-22bc-c622e98c40d3">
      <Execution id="6d5763cf-bad3-4894-a2a3-849ae8dfbf77" />
      <TestMethod codeBase="D:\actions-runner\_work\XPCO\XPCO\AllSolutions\..\AddOns\Plugins\AdaptiveView\tst\VideoOS.Plugins.AdaptiveView.UnitTests\bin\x64\Debug\net6.0-windows\VideoOS.Plugins.AdaptiveView.UnitTests.dll" adapterTypeName="executor://mstestadapter/v2" className="VideoOS.Plugins.AdaptiveView.UnitTests.MovingListTests" name="GetMax_ShouldReturn_TotalMaxValue_WhenNotTrimmed" />
    </UnitTest>
    <UnitTest name="GetSourceSequence_ShouldReturnValidSequences_WhenQueryingOnIntervalOutside (2022-02-01 12:00:00,2022-02-01 14:00:00,System.Int32[])" storage="d:\actions-runner\_work\xpco\xpco\allsolutions\..\addons\plugins\adaptiveview\tst\videoos.plugins.adaptiveview.unittests\bin\x64\debug\net6.0-windows\videoos.plugins.adaptiveview.unittests.dll" id="dc71285d-f284-bab3-8211-8d4093ef346d">
      <Execution id="f126e6cb-5405-46b2-8757-91b1b3c10dc8" />
      <TestMethod codeBase="D:\actions-runner\_work\XPCO\XPCO\AllSolutions\..\AddOns\Plugins\AdaptiveView\tst\VideoOS.Plugins.AdaptiveView.UnitTests\bin\x64\Debug\net6.0-windows\VideoOS.Plugins.AdaptiveView.UnitTests.dll" adapterTypeName="executor://mstestadapter/v2" className="VideoOS.Plugins.AdaptiveView.UnitTests.SequenceManagerTest" name="GetSourceSequence_ShouldReturnValidSequences_WhenQueryingOnIntervalOutside" />
    </UnitTest>
    <UnitTest name="GetAvg_ShouldReturn_AddedDataOnly_WhenOutsideTimespan (2022-04-05 12:01:15,8)" storage="d:\actions-runner\_work\xpco\xpco\allsolutions\..\addons\plugins\adaptiveview\tst\videoos.plugins.adaptiveview.unittests\bin\x64\debug\net6.0-windows\videoos.plugins.adaptiveview.unittests.dll" id="9d99199e-7f16-1cec-569e-dd42160143a9">
      <Execution id="077628b1-5f35-4f52-9f86-184afbe71bd2" />
      <TestMethod codeBase="D:\actions-runner\_work\XPCO\XPCO\AllSolutions\..\AddOns\Plugins\AdaptiveView\tst\VideoOS.Plugins.AdaptiveView.UnitTests\bin\x64\Debug\net6.0-windows\VideoOS.Plugins.AdaptiveView.UnitTests.dll" adapterTypeName="executor://mstestadapter/v2" className="VideoOS.Plugins.AdaptiveView.UnitTests.MovingListTests" name="GetAvg_ShouldReturn_AddedDataOnly_WhenOutsideTimespan" />
    </UnitTest>
    <UnitTest name="GetAvg_ShouldReturn_CorrectValue_WhenTrimmed (2022-01-01 12:01:30,5)" storage="d:\actions-runner\_work\xpco\xpco\allsolutions\..\addons\plugins\adaptiveview\tst\videoos.plugins.adaptiveview.unittests\bin\x64\debug\net6.0-windows\videoos.plugins.adaptiveview.unittests.dll" id="2dd82a65-bc9d-7d38-8362-601b8decbe24">
      <Execution id="65c51521-98a6-4718-9350-e670ef93c694" />
      <TestMethod codeBase="D:\actions-runner\_work\XPCO\XPCO\AllSolutions\..\AddOns\Plugins\AdaptiveView\tst\VideoOS.Plugins.AdaptiveView.UnitTests\bin\x64\Debug\net6.0-windows\VideoOS.Plugins.AdaptiveView.UnitTests.dll" adapterTypeName="executor://mstestadapter/v2" className="VideoOS.Plugins.AdaptiveView.UnitTests.MovingListTests" name="GetAvg_ShouldReturn_CorrectValue_WhenTrimmed" />
    </UnitTest>
    <UnitTest name="GetAvg_ShouldReturn_CorrectValue_WhenTrimmed (2022-01-01 12:01:05,4.5)" storage="d:\actions-runner\_work\xpco\xpco\allsolutions\..\addons\plugins\adaptiveview\tst\videoos.plugins.adaptiveview.unittests\bin\x64\debug\net6.0-windows\videoos.plugins.adaptiveview.unittests.dll" id="70ccea66-b129-c7ac-8921-4c96ed0890cc">
      <Execution id="b3a6a39c-f07b-4ff5-8fa5-4d981a46e77f" />
      <TestMethod codeBase="D:\actions-runner\_work\XPCO\XPCO\AllSolutions\..\AddOns\Plugins\AdaptiveView\tst\VideoOS.Plugins.AdaptiveView.UnitTests\bin\x64\Debug\net6.0-windows\VideoOS.Plugins.AdaptiveView.UnitTests.dll" adapterTypeName="executor://mstestadapter/v2" className="VideoOS.Plugins.AdaptiveView.UnitTests.MovingListTests" name="GetAvg_ShouldReturn_CorrectValue_WhenTrimmed" />
    </UnitTest>
    <UnitTest name="GetMin_ShouldReturn_CorrectValue_WhenTrimmed (2022-01-01 11:59:55,2)" storage="d:\actions-runner\_work\xpco\xpco\allsolutions\..\addons\plugins\adaptiveview\tst\videoos.plugins.adaptiveview.unittests\bin\x64\debug\net6.0-windows\videoos.plugins.adaptiveview.unittests.dll" id="f2ddedac-a546-1ee8-2f16-d282065e3f03">
      <Execution id="59afec30-35cf-4dba-af7b-5ae88592bd4e" />
      <TestMethod codeBase="D:\actions-runner\_work\XPCO\XPCO\AllSolutions\..\AddOns\Plugins\AdaptiveView\tst\VideoOS.Plugins.AdaptiveView.UnitTests\bin\x64\Debug\net6.0-windows\VideoOS.Plugins.AdaptiveView.UnitTests.dll" adapterTypeName="executor://mstestadapter/v2" className="VideoOS.Plugins.AdaptiveView.UnitTests.MovingListTests" name="GetMin_ShouldReturn_CorrectValue_WhenTrimmed" />
    </UnitTest>
    <UnitTest name="GetMax_ShouldReturn_AddedDataOnly_WhenOutsideTimespan (2022-04-08 12:01:15,2)" storage="d:\actions-runner\_work\xpco\xpco\allsolutions\..\addons\plugins\adaptiveview\tst\videoos.plugins.adaptiveview.unittests\bin\x64\debug\net6.0-windows\videoos.plugins.adaptiveview.unittests.dll" id="6cba4dff-f15b-cc91-1b9b-ef454dbfc164">
      <Execution id="de9e2c0d-e3bf-48e4-88da-7a9aed412dfa" />
      <TestMethod codeBase="D:\actions-runner\_work\XPCO\XPCO\AllSolutions\..\AddOns\Plugins\AdaptiveView\tst\VideoOS.Plugins.AdaptiveView.UnitTests\bin\x64\Debug\net6.0-windows\VideoOS.Plugins.AdaptiveView.UnitTests.dll" adapterTypeName="executor://mstestadapter/v2" className="VideoOS.Plugins.AdaptiveView.UnitTests.MovingListTests" name="GetMax_ShouldReturn_AddedDataOnly_WhenOutsideTimespan" />
    </UnitTest>
    <UnitTest name="DeserializationWithCamerasShouldReturnInstance" storage="d:\actions-runner\_work\xpco\xpco\allsolutions\..\addons\plugins\adaptiveview\tst\videoos.plugins.adaptiveview.unittests\bin\x64\debug\net6.0-windows\videoos.plugins.adaptiveview.unittests.dll" id="116d5e26-4fa1-57c0-c6e6-33eee24f217c">
      <Execution id="3886dbaf-0cf3-4642-8be8-dc8dbb8157af" />
      <TestMethod codeBase="D:\actions-runner\_work\XPCO\XPCO\AllSolutions\..\AddOns\Plugins\AdaptiveView\tst\VideoOS.Plugins.AdaptiveView.UnitTests\bin\x64\Debug\net6.0-windows\VideoOS.Plugins.AdaptiveView.UnitTests.dll" adapterTypeName="executor://mstestadapter/v2" className="VideoOS.Plugins.AdaptiveView.UnitTests.ConfigurationTests" name="DeserializationWithCamerasShouldReturnInstance" />
    </UnitTest>
    <UnitTest name="GetMax_ShouldReturn_ZeroWhen_TrimmedOutsideTimeSpan (2022-02-01 12:01:30)" storage="d:\actions-runner\_work\xpco\xpco\allsolutions\..\addons\plugins\adaptiveview\tst\videoos.plugins.adaptiveview.unittests\bin\x64\debug\net6.0-windows\videoos.plugins.adaptiveview.unittests.dll" id="a8b68a08-20db-0a99-3b0b-e3ed7886fa23">
      <Execution id="b8468398-9328-4806-9e55-3732928a5794" />
      <TestMethod codeBase="D:\actions-runner\_work\XPCO\XPCO\AllSolutions\..\AddOns\Plugins\AdaptiveView\tst\VideoOS.Plugins.AdaptiveView.UnitTests\bin\x64\Debug\net6.0-windows\VideoOS.Plugins.AdaptiveView.UnitTests.dll" adapterTypeName="executor://mstestadapter/v2" className="VideoOS.Plugins.AdaptiveView.UnitTests.MovingListTests" name="GetMax_ShouldReturn_ZeroWhen_TrimmedOutsideTimeSpan" />
    </UnitTest>
    <UnitTest name="GetMax_ShouldReturn_CorrectValue_WhenTrimmed (2022-01-01 12:01:30,10)" storage="d:\actions-runner\_work\xpco\xpco\allsolutions\..\addons\plugins\adaptiveview\tst\videoos.plugins.adaptiveview.unittests\bin\x64\debug\net6.0-windows\videoos.plugins.adaptiveview.unittests.dll" id="5eef58ae-37e9-737a-1fde-20b85e2b5c68">
      <Execution id="d0bc93c1-88d3-42de-b982-6635b6223d0d" />
      <TestMethod codeBase="D:\actions-runner\_work\XPCO\XPCO\AllSolutions\..\AddOns\Plugins\AdaptiveView\tst\VideoOS.Plugins.AdaptiveView.UnitTests\bin\x64\Debug\net6.0-windows\VideoOS.Plugins.AdaptiveView.UnitTests.dll" adapterTypeName="executor://mstestadapter/v2" className="VideoOS.Plugins.AdaptiveView.UnitTests.MovingListTests" name="GetMax_ShouldReturn_CorrectValue_WhenTrimmed" />
    </UnitTest>
    <UnitTest name="DeserializationNoCamerasShouldReturnInstance" storage="d:\actions-runner\_work\xpco\xpco\allsolutions\..\addons\plugins\adaptiveview\tst\videoos.plugins.adaptiveview.unittests\bin\x64\debug\net6.0-windows\videoos.plugins.adaptiveview.unittests.dll" id="08e0df7e-29cb-ea7e-ad57-9cf8ed9a7632">
      <Execution id="efed8077-5a8e-4e0c-970f-c982e90c575c" />
      <TestMethod codeBase="D:\actions-runner\_work\XPCO\XPCO\AllSolutions\..\AddOns\Plugins\AdaptiveView\tst\VideoOS.Plugins.AdaptiveView.UnitTests\bin\x64\Debug\net6.0-windows\VideoOS.Plugins.AdaptiveView.UnitTests.dll" adapterTypeName="executor://mstestadapter/v2" className="VideoOS.Plugins.AdaptiveView.UnitTests.ConfigurationTests" name="DeserializationNoCamerasShouldReturnInstance" />
    </UnitTest>
    <UnitTest name="ChangeStrategy_ShouldThrow_argumentException (LOREM IPSUM)" storage="d:\actions-runner\_work\xpco\xpco\allsolutions\..\addons\plugins\adaptiveview\tst\videoos.plugins.adaptiveview.unittests\bin\x64\debug\net6.0-windows\videoos.plugins.adaptiveview.unittests.dll" id="1899bbf1-a33d-1baa-c5a0-8654edfeffe9">
      <Execution id="8e06dfb9-c97e-4ecf-b096-d5215e0bbd63" />
      <TestMethod codeBase="D:\actions-runner\_work\XPCO\XPCO\AllSolutions\..\AddOns\Plugins\AdaptiveView\tst\VideoOS.Plugins.AdaptiveView.UnitTests\bin\x64\Debug\net6.0-windows\VideoOS.Plugins.AdaptiveView.UnitTests.dll" adapterTypeName="executor://mstestadapter/v2" className="VideoOS.Plugins.AdaptiveView.UnitTests.CameraSortManagerTests" name="ChangeStrategy_ShouldThrow_argumentException" />
    </UnitTest>
    <UnitTest name="GetMin_ShouldReturn_ZeroWhen_TrimmedOutsideTimeSpan (2022-04-01 12:01:15)" storage="d:\actions-runner\_work\xpco\xpco\allsolutions\..\addons\plugins\adaptiveview\tst\videoos.plugins.adaptiveview.unittests\bin\x64\debug\net6.0-windows\videoos.plugins.adaptiveview.unittests.dll" id="28243d5a-f45d-3920-e422-23206f7432ee">
      <Execution id="3abc2252-fa7d-458d-a71c-634359477c5b" />
      <TestMethod codeBase="D:\actions-runner\_work\XPCO\XPCO\AllSolutions\..\AddOns\Plugins\AdaptiveView\tst\VideoOS.Plugins.AdaptiveView.UnitTests\bin\x64\Debug\net6.0-windows\VideoOS.Plugins.AdaptiveView.UnitTests.dll" adapterTypeName="executor://mstestadapter/v2" className="VideoOS.Plugins.AdaptiveView.UnitTests.MovingListTests" name="GetMin_ShouldReturn_ZeroWhen_TrimmedOutsideTimeSpan" />
    </UnitTest>
    <UnitTest name="RemoveShouldFlagDirty" storage="d:\actions-runner\_work\xpco\xpco\allsolutions\..\addons\plugins\adaptiveview\tst\videoos.plugins.adaptiveview.unittests\bin\x64\debug\net6.0-windows\videoos.plugins.adaptiveview.unittests.dll" id="325fb1b9-ebd2-6cf3-27e0-afa45663166a">
      <Execution id="a15c1348-1b37-4757-8d95-ba19bb4faefb" />
      <TestMethod codeBase="D:\actions-runner\_work\XPCO\XPCO\AllSolutions\..\AddOns\Plugins\AdaptiveView\tst\VideoOS.Plugins.AdaptiveView.UnitTests\bin\x64\Debug\net6.0-windows\VideoOS.Plugins.AdaptiveView.UnitTests.dll" adapterTypeName="executor://mstestadapter/v2" className="VideoOS.Plugins.AdaptiveView.UnitTests.ConfigurationTests" name="RemoveShouldFlagDirty" />
    </UnitTest>
    <UnitTest name="GetMax_ShouldReturn_AddedDataOnly_WhenOutsideTimespan (2022-03-08 12:00:15,2)" storage="d:\actions-runner\_work\xpco\xpco\allsolutions\..\addons\plugins\adaptiveview\tst\videoos.plugins.adaptiveview.unittests\bin\x64\debug\net6.0-windows\videoos.plugins.adaptiveview.unittests.dll" id="8449b7d0-fd33-8f58-a8ac-66d7816c2601">
      <Execution id="4a39bc58-dfa1-4831-8d99-fadef34b33bd" />
      <TestMethod codeBase="D:\actions-runner\_work\XPCO\XPCO\AllSolutions\..\AddOns\Plugins\AdaptiveView\tst\VideoOS.Plugins.AdaptiveView.UnitTests\bin\x64\Debug\net6.0-windows\VideoOS.Plugins.AdaptiveView.UnitTests.dll" adapterTypeName="executor://mstestadapter/v2" className="VideoOS.Plugins.AdaptiveView.UnitTests.MovingListTests" name="GetMax_ShouldReturn_AddedDataOnly_WhenOutsideTimespan" />
    </UnitTest>
    <UnitTest name="GetMax_ShouldReturn_CorrectValue_WhenTrimmed (2022-01-01 11:59:55,8)" storage="d:\actions-runner\_work\xpco\xpco\allsolutions\..\addons\plugins\adaptiveview\tst\videoos.plugins.adaptiveview.unittests\bin\x64\debug\net6.0-windows\videoos.plugins.adaptiveview.unittests.dll" id="9d58fa00-a07b-556a-b20b-0e479ab33000">
      <Execution id="1691f2ff-5133-4fd2-8ed9-e1b24df01234" />
      <TestMethod codeBase="D:\actions-runner\_work\XPCO\XPCO\AllSolutions\..\AddOns\Plugins\AdaptiveView\tst\VideoOS.Plugins.AdaptiveView.UnitTests\bin\x64\Debug\net6.0-windows\VideoOS.Plugins.AdaptiveView.UnitTests.dll" adapterTypeName="executor://mstestadapter/v2" className="VideoOS.Plugins.AdaptiveView.UnitTests.MovingListTests" name="GetMax_ShouldReturn_CorrectValue_WhenTrimmed" />
    </UnitTest>
    <UnitTest name="SequenceSort_ShouldThrow_ArgumentNullException" storage="d:\actions-runner\_work\xpco\xpco\allsolutions\..\addons\plugins\adaptiveview\tst\videoos.plugins.adaptiveview.unittests\bin\x64\debug\net6.0-windows\videoos.plugins.adaptiveview.unittests.dll" id="42d2755b-88e9-e647-4383-01bfbf2afb95">
      <Execution id="b8c319a1-8ce5-4fc2-b081-6ff286607ad6" />
      <TestMethod codeBase="D:\actions-runner\_work\XPCO\XPCO\AllSolutions\..\AddOns\Plugins\AdaptiveView\tst\VideoOS.Plugins.AdaptiveView.UnitTests\bin\x64\Debug\net6.0-windows\VideoOS.Plugins.AdaptiveView.UnitTests.dll" adapterTypeName="executor://mstestadapter/v2" className="VideoOS.Plugins.AdaptiveView.UnitTests.CameraSortManagerTests" name="SequenceSort_ShouldThrow_ArgumentNullException" />
    </UnitTest>
    <UnitTest name="ChangeStrategy_ShouldThrow_argumentException (0.5)" storage="d:\actions-runner\_work\xpco\xpco\allsolutions\..\addons\plugins\adaptiveview\tst\videoos.plugins.adaptiveview.unittests\bin\x64\debug\net6.0-windows\videoos.plugins.adaptiveview.unittests.dll" id="ac737876-1ffb-1c4d-374e-5edaf3dc8eae">
      <Execution id="355a1d21-ed5e-4000-894f-5770c6fc5724" />
      <TestMethod codeBase="D:\actions-runner\_work\XPCO\XPCO\AllSolutions\..\AddOns\Plugins\AdaptiveView\tst\VideoOS.Plugins.AdaptiveView.UnitTests\bin\x64\Debug\net6.0-windows\VideoOS.Plugins.AdaptiveView.UnitTests.dll" adapterTypeName="executor://mstestadapter/v2" className="VideoOS.Plugins.AdaptiveView.UnitTests.CameraSortManagerTests" name="ChangeStrategy_ShouldThrow_argumentException" />
    </UnitTest>
    <UnitTest name="DirtyShouldBeClear" storage="d:\actions-runner\_work\xpco\xpco\allsolutions\..\addons\plugins\adaptiveview\tst\videoos.plugins.adaptiveview.unittests\bin\x64\debug\net6.0-windows\videoos.plugins.adaptiveview.unittests.dll" id="2c809abb-5010-c010-2acf-12757c770791">
      <Execution id="604d3d2d-909f-48a2-bc2a-1063817e5d89" />
      <TestMethod codeBase="D:\actions-runner\_work\XPCO\XPCO\AllSolutions\..\AddOns\Plugins\AdaptiveView\tst\VideoOS.Plugins.AdaptiveView.UnitTests\bin\x64\Debug\net6.0-windows\VideoOS.Plugins.AdaptiveView.UnitTests.dll" adapterTypeName="executor://mstestadapter/v2" className="VideoOS.Plugins.AdaptiveView.UnitTests.ConfigurationTests" name="DirtyShouldBeClear" />
    </UnitTest>
    <UnitTest name="CreateViewLayout_ReturnsListOfRectangles_GivenPositiveInt (5,6)" storage="d:\actions-runner\_work\xpco\xpco\allsolutions\..\addons\plugins\adaptiveview\tst\videoos.plugins.adaptiveview.unittests\bin\x64\debug\net6.0-windows\videoos.plugins.adaptiveview.unittests.dll" id="783102e1-7e96-a1c3-a3ac-275b68cff7d7">
      <Execution id="54112595-1642-4a6b-a013-8f0e7b2209f3" />
      <TestMethod codeBase="D:\actions-runner\_work\XPCO\XPCO\AllSolutions\..\AddOns\Plugins\AdaptiveView\tst\VideoOS.Plugins.AdaptiveView.UnitTests\bin\x64\Debug\net6.0-windows\VideoOS.Plugins.AdaptiveView.UnitTests.dll" adapterTypeName="executor://mstestadapter/v2" className="VideoOS.Plugins.AdaptiveView.UnitTests.ViewLayoutManagerTests" name="CreateViewLayout_ReturnsListOfRectangles_GivenPositiveInt" />
    </UnitTest>
    <UnitTest name="GetStrategy_ShouldReturnRight_InstanceTypeOfStrategy (SortCameraBySequenceST)" storage="d:\actions-runner\_work\xpco\xpco\allsolutions\..\addons\plugins\adaptiveview\tst\videoos.plugins.adaptiveview.unittests\bin\x64\debug\net6.0-windows\videoos.plugins.adaptiveview.unittests.dll" id="2a5975db-1f92-86ab-51cd-f842419a85d7">
      <Execution id="f46ee959-64a0-4f0b-84c6-b96167883040" />
      <TestMethod codeBase="D:\actions-runner\_work\XPCO\XPCO\AllSolutions\..\AddOns\Plugins\AdaptiveView\tst\VideoOS.Plugins.AdaptiveView.UnitTests\bin\x64\Debug\net6.0-windows\VideoOS.Plugins.AdaptiveView.UnitTests.dll" adapterTypeName="executor://mstestadapter/v2" className="VideoOS.Plugins.AdaptiveView.UnitTests.SortStrategyFactoryTests" name="GetStrategy_ShouldReturnRight_InstanceTypeOfStrategy" />
    </UnitTest>
    <UnitTest name="AddData_ShouldThrowException_WhenCameraCountIsLessThanOne (0,2022-04-05 12:01:15)" storage="d:\actions-runner\_work\xpco\xpco\allsolutions\..\addons\plugins\adaptiveview\tst\videoos.plugins.adaptiveview.unittests\bin\x64\debug\net6.0-windows\videoos.plugins.adaptiveview.unittests.dll" id="044e5433-8762-9274-00d1-c52367e1f972">
      <Execution id="bc60a06c-bf1d-430c-b6c1-218d1bd6bbbe" />
      <TestMethod codeBase="D:\actions-runner\_work\XPCO\XPCO\AllSolutions\..\AddOns\Plugins\AdaptiveView\tst\VideoOS.Plugins.AdaptiveView.UnitTests\bin\x64\Debug\net6.0-windows\VideoOS.Plugins.AdaptiveView.UnitTests.dll" adapterTypeName="executor://mstestadapter/v2" className="VideoOS.Plugins.AdaptiveView.UnitTests.MovingListTests" name="AddData_ShouldThrowException_WhenCameraCountIsLessThanOne" />
    </UnitTest>
    <UnitTest name="CreateViewLayout_ThrowsOutOfRangeException_GivenNegativeInt" storage="d:\actions-runner\_work\xpco\xpco\allsolutions\..\addons\plugins\adaptiveview\tst\videoos.plugins.adaptiveview.unittests\bin\x64\debug\net6.0-windows\videoos.plugins.adaptiveview.unittests.dll" id="0bb0650d-1d1e-a1e3-1275-1977a15320d7">
      <Execution id="09ea5a6d-4a3f-4add-9fbb-8e5e1bffae25" />
      <TestMethod codeBase="D:\actions-runner\_work\XPCO\XPCO\AllSolutions\..\AddOns\Plugins\AdaptiveView\tst\VideoOS.Plugins.AdaptiveView.UnitTests\bin\x64\Debug\net6.0-windows\VideoOS.Plugins.AdaptiveView.UnitTests.dll" adapterTypeName="executor://mstestadapter/v2" className="VideoOS.Plugins.AdaptiveView.UnitTests.ViewLayoutManagerTests" name="CreateViewLayout_ThrowsOutOfRangeException_GivenNegativeInt" />
    </UnitTest>
    <UnitTest name="GetMin_ShouldReturn_ZeroWhen_TrimmedOutsideTimeSpan (2022-02-01 12:01:30)" storage="d:\actions-runner\_work\xpco\xpco\allsolutions\..\addons\plugins\adaptiveview\tst\videoos.plugins.adaptiveview.unittests\bin\x64\debug\net6.0-windows\videoos.plugins.adaptiveview.unittests.dll" id="9d3618d5-c2a4-2e79-609b-16b76430beac">
      <Execution id="b4699d28-a6a4-4289-9185-c6e201801480" />
      <TestMethod codeBase="D:\actions-runner\_work\XPCO\XPCO\AllSolutions\..\AddOns\Plugins\AdaptiveView\tst\VideoOS.Plugins.AdaptiveView.UnitTests\bin\x64\Debug\net6.0-windows\VideoOS.Plugins.AdaptiveView.UnitTests.dll" adapterTypeName="executor://mstestadapter/v2" className="VideoOS.Plugins.AdaptiveView.UnitTests.MovingListTests" name="GetMin_ShouldReturn_ZeroWhen_TrimmedOutsideTimeSpan" />
    </UnitTest>
    <UnitTest name="GetMin_ShouldReturn_AddedDataOnly_WhenOutsideTimespan (2022-04-08 12:01:15,2)" storage="d:\actions-runner\_work\xpco\xpco\allsolutions\..\addons\plugins\adaptiveview\tst\videoos.plugins.adaptiveview.unittests\bin\x64\debug\net6.0-windows\videoos.plugins.adaptiveview.unittests.dll" id="d3d3881b-f7f8-fee7-e85f-8ee07c9fb6cd">
      <Execution id="699561cc-1d95-4833-b036-078210554fee" />
      <TestMethod codeBase="D:\actions-runner\_work\XPCO\XPCO\AllSolutions\..\AddOns\Plugins\AdaptiveView\tst\VideoOS.Plugins.AdaptiveView.UnitTests\bin\x64\Debug\net6.0-windows\VideoOS.Plugins.AdaptiveView.UnitTests.dll" adapterTypeName="executor://mstestadapter/v2" className="VideoOS.Plugins.AdaptiveView.UnitTests.MovingListTests" name="GetMin_ShouldReturn_AddedDataOnly_WhenOutsideTimespan" />
    </UnitTest>
    <UnitTest name="AddData_ShouldThrowException_WhenCameraCountIsLessThanOne (-3,2022-04-05 12:01:15)" storage="d:\actions-runner\_work\xpco\xpco\allsolutions\..\addons\plugins\adaptiveview\tst\videoos.plugins.adaptiveview.unittests\bin\x64\debug\net6.0-windows\videoos.plugins.adaptiveview.unittests.dll" id="f44a0eb7-13c7-2f6c-7865-eb97bf283a61">
      <Execution id="5042653d-6721-4d11-9cb2-731b577c255a" />
      <TestMethod codeBase="D:\actions-runner\_work\XPCO\XPCO\AllSolutions\..\AddOns\Plugins\AdaptiveView\tst\VideoOS.Plugins.AdaptiveView.UnitTests\bin\x64\Debug\net6.0-windows\VideoOS.Plugins.AdaptiveView.UnitTests.dll" adapterTypeName="executor://mstestadapter/v2" className="VideoOS.Plugins.AdaptiveView.UnitTests.MovingListTests" name="AddData_ShouldThrowException_WhenCameraCountIsLessThanOne" />
    </UnitTest>
    <UnitTest name="CreateViewLayout_ReturnsListOfRectanglesOfTheSameSize_GivenTheSameAmountOfNumberOfItems" storage="d:\actions-runner\_work\xpco\xpco\allsolutions\..\addons\plugins\adaptiveview\tst\videoos.plugins.adaptiveview.unittests\bin\x64\debug\net6.0-windows\videoos.plugins.adaptiveview.unittests.dll" id="029ab865-562d-c107-d6e9-71ae5cfc519c">
      <Execution id="686274d7-acf2-4ead-ac0e-58a3d9be27e8" />
      <TestMethod codeBase="D:\actions-runner\_work\XPCO\XPCO\AllSolutions\..\AddOns\Plugins\AdaptiveView\tst\VideoOS.Plugins.AdaptiveView.UnitTests\bin\x64\Debug\net6.0-windows\VideoOS.Plugins.AdaptiveView.UnitTests.dll" adapterTypeName="executor://mstestadapter/v2" className="VideoOS.Plugins.AdaptiveView.UnitTests.ViewLayoutManagerTests" name="CreateViewLayout_ReturnsListOfRectanglesOfTheSameSize_GivenTheSameAmountOfNumberOfItems" />
    </UnitTest>
    <UnitTest name="GetMax_ShouldReturn_CorrectValue_WhenTrimmed (2022-01-01 12:01:15,10)" storage="d:\actions-runner\_work\xpco\xpco\allsolutions\..\addons\plugins\adaptiveview\tst\videoos.plugins.adaptiveview.unittests\bin\x64\debug\net6.0-windows\videoos.plugins.adaptiveview.unittests.dll" id="b42fadc7-f1c1-8b0c-ae2f-fafe507c8d20">
      <Execution id="82bd53b6-c509-41b3-a4e9-a41715ff4dbc" />
      <TestMethod codeBase="D:\actions-runner\_work\XPCO\XPCO\AllSolutions\..\AddOns\Plugins\AdaptiveView\tst\VideoOS.Plugins.AdaptiveView.UnitTests\bin\x64\Debug\net6.0-windows\VideoOS.Plugins.AdaptiveView.UnitTests.dll" adapterTypeName="executor://mstestadapter/v2" className="VideoOS.Plugins.AdaptiveView.UnitTests.MovingListTests" name="GetMax_ShouldReturn_CorrectValue_WhenTrimmed" />
    </UnitTest>
    <UnitTest name="GetSourceSequence_ShouldReturnValidSequences_WhenQueryingOnIntervalOutside (2020-02-01 12:00:00,2020-02-01 14:00:00,System.Int32[])" storage="d:\actions-runner\_work\xpco\xpco\allsolutions\..\addons\plugins\adaptiveview\tst\videoos.plugins.adaptiveview.unittests\bin\x64\debug\net6.0-windows\videoos.plugins.adaptiveview.unittests.dll" id="0d9abbc8-4fa9-ed1f-a3ee-a4c91064961a">
      <Execution id="30bff680-578b-4d2d-930b-44c219e4ed8b" />
      <TestMethod codeBase="D:\actions-runner\_work\XPCO\XPCO\AllSolutions\..\AddOns\Plugins\AdaptiveView\tst\VideoOS.Plugins.AdaptiveView.UnitTests\bin\x64\Debug\net6.0-windows\VideoOS.Plugins.AdaptiveView.UnitTests.dll" adapterTypeName="executor://mstestadapter/v2" className="VideoOS.Plugins.AdaptiveView.UnitTests.SequenceManagerTest" name="GetSourceSequence_ShouldReturnValidSequences_WhenQueryingOnIntervalOutside" />
    </UnitTest>
    <UnitTest name="GetSourceSequence_ShouldRaiseArgumentNullException_WhenFqidsIsNull" storage="d:\actions-runner\_work\xpco\xpco\allsolutions\..\addons\plugins\adaptiveview\tst\videoos.plugins.adaptiveview.unittests\bin\x64\debug\net6.0-windows\videoos.plugins.adaptiveview.unittests.dll" id="9bf3ca6d-2e3d-3081-b13c-ecaf4f099478">
      <Execution id="1c628a64-2f06-46b1-bc3f-77e2a2093ded" />
      <TestMethod codeBase="D:\actions-runner\_work\XPCO\XPCO\AllSolutions\..\AddOns\Plugins\AdaptiveView\tst\VideoOS.Plugins.AdaptiveView.UnitTests\bin\x64\Debug\net6.0-windows\VideoOS.Plugins.AdaptiveView.UnitTests.dll" adapterTypeName="executor://mstestadapter/v2" className="VideoOS.Plugins.AdaptiveView.UnitTests.SequenceManagerTest" name="GetSourceSequence_ShouldRaiseArgumentNullException_WhenFqidsIsNull" />
    </UnitTest>
    <UnitTest name="GetMin_ShouldReturn_AddedDataOnly_WhenOutsideTimespan (2022-02-05 12:01:15,6)" storage="d:\actions-runner\_work\xpco\xpco\allsolutions\..\addons\plugins\adaptiveview\tst\videoos.plugins.adaptiveview.unittests\bin\x64\debug\net6.0-windows\videoos.plugins.adaptiveview.unittests.dll" id="38175a51-6f87-7c8a-df9b-9d5a197b6bf7">
      <Execution id="aa3a5aec-7aad-4ac2-8bfc-d4835e0bc9bf" />
      <TestMethod codeBase="D:\actions-runner\_work\XPCO\XPCO\AllSolutions\..\AddOns\Plugins\AdaptiveView\tst\VideoOS.Plugins.AdaptiveView.UnitTests\bin\x64\Debug\net6.0-windows\VideoOS.Plugins.AdaptiveView.UnitTests.dll" adapterTypeName="executor://mstestadapter/v2" className="VideoOS.Plugins.AdaptiveView.UnitTests.MovingListTests" name="GetMin_ShouldReturn_AddedDataOnly_WhenOutsideTimespan" />
    </UnitTest>
    <UnitTest name="GetMax_ShouldReturn_ZeroWhen_TrimmedOutsideTimeSpan (2022-04-01 12:01:15)" storage="d:\actions-runner\_work\xpco\xpco\allsolutions\..\addons\plugins\adaptiveview\tst\videoos.plugins.adaptiveview.unittests\bin\x64\debug\net6.0-windows\videoos.plugins.adaptiveview.unittests.dll" id="2d34cd72-ee0e-193f-8f47-efd4d794c783">
      <Execution id="f145a676-54a5-4771-9cd9-aab5bc362c02" />
      <TestMethod codeBase="D:\actions-runner\_work\XPCO\XPCO\AllSolutions\..\AddOns\Plugins\AdaptiveView\tst\VideoOS.Plugins.AdaptiveView.UnitTests\bin\x64\Debug\net6.0-windows\VideoOS.Plugins.AdaptiveView.UnitTests.dll" adapterTypeName="executor://mstestadapter/v2" className="VideoOS.Plugins.AdaptiveView.UnitTests.MovingListTests" name="GetMax_ShouldReturn_ZeroWhen_TrimmedOutsideTimeSpan" />
    </UnitTest>
    <UnitTest name="GetMin_ShouldReturn_ZeroWhen_TrimmedOutsideTimeSpan (2022-03-01 11:59:55)" storage="d:\actions-runner\_work\xpco\xpco\allsolutions\..\addons\plugins\adaptiveview\tst\videoos.plugins.adaptiveview.unittests\bin\x64\debug\net6.0-windows\videoos.plugins.adaptiveview.unittests.dll" id="b37cf9a9-1778-14d5-ef3c-8118e3a2fe34">
      <Execution id="8d0e3c4c-29aa-421e-ad1e-0db1e6d9cb50" />
      <TestMethod codeBase="D:\actions-runner\_work\XPCO\XPCO\AllSolutions\..\AddOns\Plugins\AdaptiveView\tst\VideoOS.Plugins.AdaptiveView.UnitTests\bin\x64\Debug\net6.0-windows\VideoOS.Plugins.AdaptiveView.UnitTests.dll" adapterTypeName="executor://mstestadapter/v2" className="VideoOS.Plugins.AdaptiveView.UnitTests.MovingListTests" name="GetMin_ShouldReturn_ZeroWhen_TrimmedOutsideTimeSpan" />
    </UnitTest>
    <UnitTest name="CreateViewLayout_ReturnsListOfRectangles_GivenPositiveInt (4,4)" storage="d:\actions-runner\_work\xpco\xpco\allsolutions\..\addons\plugins\adaptiveview\tst\videoos.plugins.adaptiveview.unittests\bin\x64\debug\net6.0-windows\videoos.plugins.adaptiveview.unittests.dll" id="66ee79a9-6b4f-8160-f17c-8cbea61ea26a">
      <Execution id="deb2dbc2-ecbd-415f-bd52-5e0f0c8c616d" />
      <TestMethod codeBase="D:\actions-runner\_work\XPCO\XPCO\AllSolutions\..\AddOns\Plugins\AdaptiveView\tst\VideoOS.Plugins.AdaptiveView.UnitTests\bin\x64\Debug\net6.0-windows\VideoOS.Plugins.AdaptiveView.UnitTests.dll" adapterTypeName="executor://mstestadapter/v2" className="VideoOS.Plugins.AdaptiveView.UnitTests.ViewLayoutManagerTests" name="CreateViewLayout_ReturnsListOfRectangles_GivenPositiveInt" />
    </UnitTest>
    <UnitTest name="GetStrategy_ShouldThrow_ArgumentException (LOREM IPSUM DIVIDEOPTIMSUM)" storage="d:\actions-runner\_work\xpco\xpco\allsolutions\..\addons\plugins\adaptiveview\tst\videoos.plugins.adaptiveview.unittests\bin\x64\debug\net6.0-windows\videoos.plugins.adaptiveview.unittests.dll" id="871c1129-142e-49e1-cfcf-1471ae340852">
      <Execution id="68e85399-319e-44da-91ed-3b05edcb20ab" />
      <TestMethod codeBase="D:\actions-runner\_work\XPCO\XPCO\AllSolutions\..\AddOns\Plugins\AdaptiveView\tst\VideoOS.Plugins.AdaptiveView.UnitTests\bin\x64\Debug\net6.0-windows\VideoOS.Plugins.AdaptiveView.UnitTests.dll" adapterTypeName="executor://mstestadapter/v2" className="VideoOS.Plugins.AdaptiveView.UnitTests.SortStrategyFactoryTests" name="GetStrategy_ShouldThrow_ArgumentException" />
    </UnitTest>
    <UnitTest name="CreateViewLayout_ReturnsListOfRectangles_GivenPositiveInt (2,2)" storage="d:\actions-runner\_work\xpco\xpco\allsolutions\..\addons\plugins\adaptiveview\tst\videoos.plugins.adaptiveview.unittests\bin\x64\debug\net6.0-windows\videoos.plugins.adaptiveview.unittests.dll" id="74df6b47-cb2b-5c9d-318c-3ecce619358a">
      <Execution id="1a272732-4ef0-4289-960b-ed1c513f19fc" />
      <TestMethod codeBase="D:\actions-runner\_work\XPCO\XPCO\AllSolutions\..\AddOns\Plugins\AdaptiveView\tst\VideoOS.Plugins.AdaptiveView.UnitTests\bin\x64\Debug\net6.0-windows\VideoOS.Plugins.AdaptiveView.UnitTests.dll" adapterTypeName="executor://mstestadapter/v2" className="VideoOS.Plugins.AdaptiveView.UnitTests.ViewLayoutManagerTests" name="CreateViewLayout_ReturnsListOfRectangles_GivenPositiveInt" />
    </UnitTest>
    <UnitTest name="ChangeStrategy_ShouldThrow_argumentException (ABCDEFGH)" storage="d:\actions-runner\_work\xpco\xpco\allsolutions\..\addons\plugins\adaptiveview\tst\videoos.plugins.adaptiveview.unittests\bin\x64\debug\net6.0-windows\videoos.plugins.adaptiveview.unittests.dll" id="7b14a686-a367-76b1-c5b6-7d049d29ff99">
      <Execution id="c4fb939a-f487-4991-89c2-860d09fff049" />
      <TestMethod codeBase="D:\actions-runner\_work\XPCO\XPCO\AllSolutions\..\AddOns\Plugins\AdaptiveView\tst\VideoOS.Plugins.AdaptiveView.UnitTests\bin\x64\Debug\net6.0-windows\VideoOS.Plugins.AdaptiveView.UnitTests.dll" adapterTypeName="executor://mstestadapter/v2" className="VideoOS.Plugins.AdaptiveView.UnitTests.CameraSortManagerTests" name="ChangeStrategy_ShouldThrow_argumentException" />
    </UnitTest>
    <UnitTest name="GetAvg_ShouldReturn_ZeroWhen_TrimmedOutsideTimespan (2022-04-01 12:01:15)" storage="d:\actions-runner\_work\xpco\xpco\allsolutions\..\addons\plugins\adaptiveview\tst\videoos.plugins.adaptiveview.unittests\bin\x64\debug\net6.0-windows\videoos.plugins.adaptiveview.unittests.dll" id="a68d6c53-34d2-fb4d-71fb-cbc7f8e3f1f2">
      <Execution id="b324b5c4-1860-40c0-9326-800a98e6f477" />
      <TestMethod codeBase="D:\actions-runner\_work\XPCO\XPCO\AllSolutions\..\AddOns\Plugins\AdaptiveView\tst\VideoOS.Plugins.AdaptiveView.UnitTests\bin\x64\Debug\net6.0-windows\VideoOS.Plugins.AdaptiveView.UnitTests.dll" adapterTypeName="executor://mstestadapter/v2" className="VideoOS.Plugins.AdaptiveView.UnitTests.MovingListTests" name="GetAvg_ShouldReturn_ZeroWhen_TrimmedOutsideTimespan" />
    </UnitTest>
    <UnitTest name="AddData_ShouldThrowException_WhenCameraCountIsLessThanOne (-1000,2022-04-05 12:01:15)" storage="d:\actions-runner\_work\xpco\xpco\allsolutions\..\addons\plugins\adaptiveview\tst\videoos.plugins.adaptiveview.unittests\bin\x64\debug\net6.0-windows\videoos.plugins.adaptiveview.unittests.dll" id="07457fa0-7a5a-4f97-fd03-8ce03a414f90">
      <Execution id="151e71c0-e9f5-440e-96cf-b2204d358449" />
      <TestMethod codeBase="D:\actions-runner\_work\XPCO\XPCO\AllSolutions\..\AddOns\Plugins\AdaptiveView\tst\VideoOS.Plugins.AdaptiveView.UnitTests\bin\x64\Debug\net6.0-windows\VideoOS.Plugins.AdaptiveView.UnitTests.dll" adapterTypeName="executor://mstestadapter/v2" className="VideoOS.Plugins.AdaptiveView.UnitTests.MovingListTests" name="AddData_ShouldThrowException_WhenCameraCountIsLessThanOne" />
    </UnitTest>
    <UnitTest name="SequenceSort_ShouldReturn_ListOfFQIDS_In_Order" storage="d:\actions-runner\_work\xpco\xpco\allsolutions\..\addons\plugins\adaptiveview\tst\videoos.plugins.adaptiveview.unittests\bin\x64\debug\net6.0-windows\videoos.plugins.adaptiveview.unittests.dll" id="b0be8439-cc4f-dc57-ae49-2e8174918bcd">
      <Execution id="4a1397da-b0e3-495f-8204-2bf5a1a7ab14" />
      <TestMethod codeBase="D:\actions-runner\_work\XPCO\XPCO\AllSolutions\..\AddOns\Plugins\AdaptiveView\tst\VideoOS.Plugins.AdaptiveView.UnitTests\bin\x64\Debug\net6.0-windows\VideoOS.Plugins.AdaptiveView.UnitTests.dll" adapterTypeName="executor://mstestadapter/v2" className="VideoOS.Plugins.AdaptiveView.UnitTests.CameraSortManagerTests" name="SequenceSort_ShouldReturn_ListOfFQIDS_In_Order" />
    </UnitTest>
    <UnitTest name="GetMax_ShouldReturn_AddedDataOnly_WhenOutsideTimespan (2022-04-05 12:01:15,93)" storage="d:\actions-runner\_work\xpco\xpco\allsolutions\..\addons\plugins\adaptiveview\tst\videoos.plugins.adaptiveview.unittests\bin\x64\debug\net6.0-windows\videoos.plugins.adaptiveview.unittests.dll" id="7b34e006-2393-9bd9-39bb-543d59cc5559">
      <Execution id="8d7a86df-d23f-40c4-8def-aa720d5644e4" />
      <TestMethod codeBase="D:\actions-runner\_work\XPCO\XPCO\AllSolutions\..\AddOns\Plugins\AdaptiveView\tst\VideoOS.Plugins.AdaptiveView.UnitTests\bin\x64\Debug\net6.0-windows\VideoOS.Plugins.AdaptiveView.UnitTests.dll" adapterTypeName="executor://mstestadapter/v2" className="VideoOS.Plugins.AdaptiveView.UnitTests.MovingListTests" name="GetMax_ShouldReturn_AddedDataOnly_WhenOutsideTimespan" />
    </UnitTest>
    <UnitTest name="GetAvg_ShouldReturn_CorrectValue_WhenTrimmed (2022-01-01 11:59:55,4.5)" storage="d:\actions-runner\_work\xpco\xpco\allsolutions\..\addons\plugins\adaptiveview\tst\videoos.plugins.adaptiveview.unittests\bin\x64\debug\net6.0-windows\videoos.plugins.adaptiveview.unittests.dll" id="95f2d90a-8136-3dde-d7f9-c5d23456cc1e">
      <Execution id="23e1e4f7-e596-42a5-bfc8-6267b3cce745" />
      <TestMethod codeBase="D:\actions-runner\_work\XPCO\XPCO\AllSolutions\..\AddOns\Plugins\AdaptiveView\tst\VideoOS.Plugins.AdaptiveView.UnitTests\bin\x64\Debug\net6.0-windows\VideoOS.Plugins.AdaptiveView.UnitTests.dll" adapterTypeName="executor://mstestadapter/v2" className="VideoOS.Plugins.AdaptiveView.UnitTests.MovingListTests" name="GetAvg_ShouldReturn_CorrectValue_WhenTrimmed" />
    </UnitTest>
    <UnitTest name="GetMin_ShouldReturn_CorrectValue_WhenTrimmed (2022-01-01 12:01:15,1)" storage="d:\actions-runner\_work\xpco\xpco\allsolutions\..\addons\plugins\adaptiveview\tst\videoos.plugins.adaptiveview.unittests\bin\x64\debug\net6.0-windows\videoos.plugins.adaptiveview.unittests.dll" id="ec169457-f50c-b130-5722-010b519341e2">
      <Execution id="bb9ca7ff-1ff5-45d6-8c5c-a4029dd3e36b" />
      <TestMethod codeBase="D:\actions-runner\_work\XPCO\XPCO\AllSolutions\..\AddOns\Plugins\AdaptiveView\tst\VideoOS.Plugins.AdaptiveView.UnitTests\bin\x64\Debug\net6.0-windows\VideoOS.Plugins.AdaptiveView.UnitTests.dll" adapterTypeName="executor://mstestadapter/v2" className="VideoOS.Plugins.AdaptiveView.UnitTests.MovingListTests" name="GetMin_ShouldReturn_CorrectValue_WhenTrimmed" />
    </UnitTest>
    <UnitTest name="GetMin_ShouldReturn_CorrectValue_WhenTrimmed (2022-01-01 12:01:30,1)" storage="d:\actions-runner\_work\xpco\xpco\allsolutions\..\addons\plugins\adaptiveview\tst\videoos.plugins.adaptiveview.unittests\bin\x64\debug\net6.0-windows\videoos.plugins.adaptiveview.unittests.dll" id="6e6bb3b1-1e41-620f-6828-ff0a9c5f6ced">
      <Execution id="9a1e6391-5cc6-4398-9741-76525798aac9" />
      <TestMethod codeBase="D:\actions-runner\_work\XPCO\XPCO\AllSolutions\..\AddOns\Plugins\AdaptiveView\tst\VideoOS.Plugins.AdaptiveView.UnitTests\bin\x64\Debug\net6.0-windows\VideoOS.Plugins.AdaptiveView.UnitTests.dll" adapterTypeName="executor://mstestadapter/v2" className="VideoOS.Plugins.AdaptiveView.UnitTests.MovingListTests" name="GetMin_ShouldReturn_CorrectValue_WhenTrimmed" />
    </UnitTest>
    <UnitTest name="GetStrategy_ShouldThrow_ArgumentException (adaptiveView)" storage="d:\actions-runner\_work\xpco\xpco\allsolutions\..\addons\plugins\adaptiveview\tst\videoos.plugins.adaptiveview.unittests\bin\x64\debug\net6.0-windows\videoos.plugins.adaptiveview.unittests.dll" id="4410f975-8fe1-0592-fd85-066020f2bc67">
      <Execution id="9f446b9c-e336-487e-b547-00603fb697dc" />
      <TestMethod codeBase="D:\actions-runner\_work\XPCO\XPCO\AllSolutions\..\AddOns\Plugins\AdaptiveView\tst\VideoOS.Plugins.AdaptiveView.UnitTests\bin\x64\Debug\net6.0-windows\VideoOS.Plugins.AdaptiveView.UnitTests.dll" adapterTypeName="executor://mstestadapter/v2" className="VideoOS.Plugins.AdaptiveView.UnitTests.SortStrategyFactoryTests" name="GetStrategy_ShouldThrow_ArgumentException" />
    </UnitTest>
    <UnitTest name="CreateViewLayout_ReturnsListOfRectangles_GivenPositiveInt (100,100)" storage="d:\actions-runner\_work\xpco\xpco\allsolutions\..\addons\plugins\adaptiveview\tst\videoos.plugins.adaptiveview.unittests\bin\x64\debug\net6.0-windows\videoos.plugins.adaptiveview.unittests.dll" id="20d5366a-a22a-e492-7ee0-707408c0f645">
      <Execution id="9518e8b3-6a73-4f4f-9338-f224c4c82c4b" />
      <TestMethod codeBase="D:\actions-runner\_work\XPCO\XPCO\AllSolutions\..\AddOns\Plugins\AdaptiveView\tst\VideoOS.Plugins.AdaptiveView.UnitTests\bin\x64\Debug\net6.0-windows\VideoOS.Plugins.AdaptiveView.UnitTests.dll" adapterTypeName="executor://mstestadapter/v2" className="VideoOS.Plugins.AdaptiveView.UnitTests.ViewLayoutManagerTests" name="CreateViewLayout_ReturnsListOfRectangles_GivenPositiveInt" />
    </UnitTest>
    <UnitTest name="GetMin_ShouldReturn_AddedDataOnly_WhenOutsideTimespan (2022-04-05 12:01:15,8)" storage="d:\actions-runner\_work\xpco\xpco\allsolutions\..\addons\plugins\adaptiveview\tst\videoos.plugins.adaptiveview.unittests\bin\x64\debug\net6.0-windows\videoos.plugins.adaptiveview.unittests.dll" id="30bd7095-83ef-da9d-f32f-75147ed00515">
      <Execution id="89ec7475-0888-457c-a752-b62bf4199861" />
      <TestMethod codeBase="D:\actions-runner\_work\XPCO\XPCO\AllSolutions\..\AddOns\Plugins\AdaptiveView\tst\VideoOS.Plugins.AdaptiveView.UnitTests\bin\x64\Debug\net6.0-windows\VideoOS.Plugins.AdaptiveView.UnitTests.dll" adapterTypeName="executor://mstestadapter/v2" className="VideoOS.Plugins.AdaptiveView.UnitTests.MovingListTests" name="GetMin_ShouldReturn_AddedDataOnly_WhenOutsideTimespan" />
    </UnitTest>
    <UnitTest name="CreateViewLayout_ReturnsListOfRectangles_GivenPositiveInt (0,1)" storage="d:\actions-runner\_work\xpco\xpco\allsolutions\..\addons\plugins\adaptiveview\tst\videoos.plugins.adaptiveview.unittests\bin\x64\debug\net6.0-windows\videoos.plugins.adaptiveview.unittests.dll" id="64beaafc-76ee-1c92-8b96-37040bafa60b">
      <Execution id="3a6e4caa-597f-4ef2-8485-0529b59138bd" />
      <TestMethod codeBase="D:\actions-runner\_work\XPCO\XPCO\AllSolutions\..\AddOns\Plugins\AdaptiveView\tst\VideoOS.Plugins.AdaptiveView.UnitTests\bin\x64\Debug\net6.0-windows\VideoOS.Plugins.AdaptiveView.UnitTests.dll" adapterTypeName="executor://mstestadapter/v2" className="VideoOS.Plugins.AdaptiveView.UnitTests.ViewLayoutManagerTests" name="CreateViewLayout_ReturnsListOfRectangles_GivenPositiveInt" />
    </UnitTest>
    <UnitTest name="AddOrUpdateShouldAddViewItem" storage="d:\actions-runner\_work\xpco\xpco\allsolutions\..\addons\plugins\adaptiveview\tst\videoos.plugins.adaptiveview.unittests\bin\x64\debug\net6.0-windows\videoos.plugins.adaptiveview.unittests.dll" id="9abb690d-efd9-2ab1-bd30-d00c10bbceb5">
      <Execution id="025720ff-457d-492d-b242-4c8c19ae33b3" />
      <TestMethod codeBase="D:\actions-runner\_work\XPCO\XPCO\AllSolutions\..\AddOns\Plugins\AdaptiveView\tst\VideoOS.Plugins.AdaptiveView.UnitTests\bin\x64\Debug\net6.0-windows\VideoOS.Plugins.AdaptiveView.UnitTests.dll" adapterTypeName="executor://mstestadapter/v2" className="VideoOS.Plugins.AdaptiveView.UnitTests.ConfigurationTests" name="AddOrUpdateShouldAddViewItem" />
    </UnitTest>
    <UnitTest name="RemoveShouldRemoveViewItem" storage="d:\actions-runner\_work\xpco\xpco\allsolutions\..\addons\plugins\adaptiveview\tst\videoos.plugins.adaptiveview.unittests\bin\x64\debug\net6.0-windows\videoos.plugins.adaptiveview.unittests.dll" id="65374fe2-6ca3-59e2-d946-9210eeb3ba1d">
      <Execution id="6d2d63fe-8d1f-4eda-bede-a47729254d90" />
      <TestMethod codeBase="D:\actions-runner\_work\XPCO\XPCO\AllSolutions\..\AddOns\Plugins\AdaptiveView\tst\VideoOS.Plugins.AdaptiveView.UnitTests\bin\x64\Debug\net6.0-windows\VideoOS.Plugins.AdaptiveView.UnitTests.dll" adapterTypeName="executor://mstestadapter/v2" className="VideoOS.Plugins.AdaptiveView.UnitTests.ConfigurationTests" name="RemoveShouldRemoveViewItem" />
    </UnitTest>
    <UnitTest name="GetStrategy_ShouldThrow_ArgumentException (B)" storage="d:\actions-runner\_work\xpco\xpco\allsolutions\..\addons\plugins\adaptiveview\tst\videoos.plugins.adaptiveview.unittests\bin\x64\debug\net6.0-windows\videoos.plugins.adaptiveview.unittests.dll" id="8af261f9-6635-7710-9051-53413d322871">
      <Execution id="87dac830-b357-438e-9550-7758eb14ae28" />
      <TestMethod codeBase="D:\actions-runner\_work\XPCO\XPCO\AllSolutions\..\AddOns\Plugins\AdaptiveView\tst\VideoOS.Plugins.AdaptiveView.UnitTests\bin\x64\Debug\net6.0-windows\VideoOS.Plugins.AdaptiveView.UnitTests.dll" adapterTypeName="executor://mstestadapter/v2" className="VideoOS.Plugins.AdaptiveView.UnitTests.SortStrategyFactoryTests" name="GetStrategy_ShouldThrow_ArgumentException" />
    </UnitTest>
  </TestDefinitions>
  <TestEntries>
    <TestEntry testId="f44a0eb7-13c7-2f6c-7865-eb97bf283a61" executionId="5042653d-6721-4d11-9cb2-731b577c255a" testListId="8c84fa94-04c1-424b-9868-57a2d4851a1d" />
    <TestEntry testId="20d5366a-a22a-e492-7ee0-707408c0f645" executionId="9518e8b3-6a73-4f4f-9338-f224c4c82c4b" testListId="8c84fa94-04c1-424b-9868-57a2d4851a1d" />
    <TestEntry testId="8a1a18b6-e6ad-8a27-2c7a-cbc90a37566a" executionId="10b75b59-13ea-4801-8056-a3fd3966f8a1" testListId="8c84fa94-04c1-424b-9868-57a2d4851a1d" />
    <TestEntry testId="029ab865-562d-c107-d6e9-71ae5cfc519c" executionId="686274d7-acf2-4ead-ac0e-58a3d9be27e8" testListId="8c84fa94-04c1-424b-9868-57a2d4851a1d" />
    <TestEntry testId="044e5433-8762-9274-00d1-c52367e1f972" executionId="bc60a06c-bf1d-430c-b6c1-218d1bd6bbbe" testListId="8c84fa94-04c1-424b-9868-57a2d4851a1d" />
    <TestEntry testId="42d2755b-88e9-e647-4383-01bfbf2afb95" executionId="b8c319a1-8ce5-4fc2-b081-6ff286607ad6" testListId="8c84fa94-04c1-424b-9868-57a2d4851a1d" />
    <TestEntry testId="ec169457-f50c-b130-5722-010b519341e2" executionId="bb9ca7ff-1ff5-45d6-8c5c-a4029dd3e36b" testListId="8c84fa94-04c1-424b-9868-57a2d4851a1d" />
    <TestEntry testId="8af261f9-6635-7710-9051-53413d322871" executionId="87dac830-b357-438e-9550-7758eb14ae28" testListId="8c84fa94-04c1-424b-9868-57a2d4851a1d" />
    <TestEntry testId="0c0d18b3-65bc-0f1f-f0da-6108c3b14f23" executionId="7451a181-b714-45e2-8710-856cde728190" testListId="8c84fa94-04c1-424b-9868-57a2d4851a1d" />
    <TestEntry testId="e77ff40b-f574-965d-bc80-e7092c866434" executionId="f2dd7904-e6a8-4b5e-bbe4-312f5ce7f7cf" testListId="8c84fa94-04c1-424b-9868-57a2d4851a1d" />
    <TestEntry testId="9a10d598-ba4b-5a67-77c7-f5c066eded7a" executionId="af9cdeb8-c00c-485d-b478-11ac99442be3" testListId="8c84fa94-04c1-424b-9868-57a2d4851a1d" />
    <TestEntry testId="2a5975db-1f92-86ab-51cd-f842419a85d7" executionId="f46ee959-64a0-4f0b-84c6-b96167883040" testListId="8c84fa94-04c1-424b-9868-57a2d4851a1d" />
    <TestEntry testId="2dd82a65-bc9d-7d38-8362-601b8decbe24" executionId="65c51521-98a6-4718-9350-e670ef93c694" testListId="8c84fa94-04c1-424b-9868-57a2d4851a1d" />
    <TestEntry testId="74df6b47-cb2b-5c9d-318c-3ecce619358a" executionId="1a272732-4ef0-4289-960b-ed1c513f19fc" testListId="8c84fa94-04c1-424b-9868-57a2d4851a1d" />
    <TestEntry testId="e5fef9e7-a599-308f-c7f5-bc984ae0bfbe" executionId="431dfa5d-fe23-49aa-b262-86c66704f218" testListId="8c84fa94-04c1-424b-9868-57a2d4851a1d" />
    <TestEntry testId="d3d3881b-f7f8-fee7-e85f-8ee07c9fb6cd" executionId="699561cc-1d95-4833-b036-078210554fee" testListId="8c84fa94-04c1-424b-9868-57a2d4851a1d" />
    <TestEntry testId="95f2d90a-8136-3dde-d7f9-c5d23456cc1e" executionId="23e1e4f7-e596-42a5-bfc8-6267b3cce745" testListId="8c84fa94-04c1-424b-9868-57a2d4851a1d" />
    <TestEntry testId="b42fadc7-f1c1-8b0c-ae2f-fafe507c8d20" executionId="82bd53b6-c509-41b3-a4e9-a41715ff4dbc" testListId="8c84fa94-04c1-424b-9868-57a2d4851a1d" />
    <TestEntry testId="3490234a-ac8f-3724-dbc7-3d5410f11b2b" executionId="9dc1ed84-0212-42be-8a7a-b7637fcab7ae" testListId="8c84fa94-04c1-424b-9868-57a2d4851a1d" />
    <TestEntry testId="116d5e26-4fa1-57c0-c6e6-33eee24f217c" executionId="3886dbaf-0cf3-4642-8be8-dc8dbb8157af" testListId="8c84fa94-04c1-424b-9868-57a2d4851a1d" />
    <TestEntry testId="7b14a686-a367-76b1-c5b6-7d049d29ff99" executionId="c4fb939a-f487-4991-89c2-860d09fff049" testListId="8c84fa94-04c1-424b-9868-57a2d4851a1d" />
    <TestEntry testId="b0be8439-cc4f-dc57-ae49-2e8174918bcd" executionId="4a1397da-b0e3-495f-8204-2bf5a1a7ab14" testListId="8c84fa94-04c1-424b-9868-57a2d4851a1d" />
    <TestEntry testId="07457fa0-7a5a-4f97-fd03-8ce03a414f90" executionId="151e71c0-e9f5-440e-96cf-b2204d358449" testListId="8c84fa94-04c1-424b-9868-57a2d4851a1d" />
    <TestEntry testId="9bf3ca6d-2e3d-3081-b13c-ecaf4f099478" executionId="1c628a64-2f06-46b1-bc3f-77e2a2093ded" testListId="8c84fa94-04c1-424b-9868-57a2d4851a1d" />
    <TestEntry testId="7b34e006-2393-9bd9-39bb-543d59cc5559" executionId="8d7a86df-d23f-40c4-8def-aa720d5644e4" testListId="8c84fa94-04c1-424b-9868-57a2d4851a1d" />
    <TestEntry testId="dc71285d-f284-bab3-8211-8d4093ef346d" executionId="f126e6cb-5405-46b2-8757-91b1b3c10dc8" testListId="8c84fa94-04c1-424b-9868-57a2d4851a1d" />
    <TestEntry testId="c009ca00-3eef-fab0-cd04-c7efd72ca2b0" executionId="75660411-8dc9-4552-b724-304ccbf591d8" testListId="8c84fa94-04c1-424b-9868-57a2d4851a1d" />
    <TestEntry testId="66ee79a9-6b4f-8160-f17c-8cbea61ea26a" executionId="deb2dbc2-ecbd-415f-bd52-5e0f0c8c616d" testListId="8c84fa94-04c1-424b-9868-57a2d4851a1d" />
    <TestEntry testId="30bd7095-83ef-da9d-f32f-75147ed00515" executionId="89ec7475-0888-457c-a752-b62bf4199861" testListId="8c84fa94-04c1-424b-9868-57a2d4851a1d" />
    <TestEntry testId="64beaafc-76ee-1c92-8b96-37040bafa60b" executionId="3a6e4caa-597f-4ef2-8485-0529b59138bd" testListId="8c84fa94-04c1-424b-9868-57a2d4851a1d" />
    <TestEntry testId="f2ddedac-a546-1ee8-2f16-d282065e3f03" executionId="59afec30-35cf-4dba-af7b-5ae88592bd4e" testListId="8c84fa94-04c1-424b-9868-57a2d4851a1d" />
    <TestEntry testId="283e7e10-909b-e065-3a15-59c64bfd2af4" executionId="54f95378-c262-4e97-a1ec-50316df3de0a" testListId="8c84fa94-04c1-424b-9868-57a2d4851a1d" />
    <TestEntry testId="cc1a83bf-926c-abfb-22bc-c622e98c40d3" executionId="6d5763cf-bad3-4894-a2a3-849ae8dfbf77" testListId="8c84fa94-04c1-424b-9868-57a2d4851a1d" />
    <TestEntry testId="4b4008e0-adc8-5ca7-7477-8a04fac538dd" executionId="abd364a5-acaa-43e3-b38b-3cc81bef8b53" testListId="8c84fa94-04c1-424b-9868-57a2d4851a1d" />
    <TestEntry testId="cd0e257d-65b8-fafa-c5f1-7eb632863781" executionId="cfb0b304-0957-4334-9691-eb33ae4dad0d" testListId="8c84fa94-04c1-424b-9868-57a2d4851a1d" />
    <TestEntry testId="a8b68a08-20db-0a99-3b0b-e3ed7886fa23" executionId="b8468398-9328-4806-9e55-3732928a5794" testListId="8c84fa94-04c1-424b-9868-57a2d4851a1d" />
    <TestEntry testId="6cba4dff-f15b-cc91-1b9b-ef454dbfc164" executionId="de9e2c0d-e3bf-48e4-88da-7a9aed412dfa" testListId="8c84fa94-04c1-424b-9868-57a2d4851a1d" />
    <TestEntry testId="1899bbf1-a33d-1baa-c5a0-8654edfeffe9" executionId="8e06dfb9-c97e-4ecf-b096-d5215e0bbd63" testListId="8c84fa94-04c1-424b-9868-57a2d4851a1d" />
    <TestEntry testId="2c809abb-5010-c010-2acf-12757c770791" executionId="604d3d2d-909f-48a2-bc2a-1063817e5d89" testListId="8c84fa94-04c1-424b-9868-57a2d4851a1d" />
    <TestEntry testId="98ff20c2-1892-3246-e4e0-7d96459ce805" executionId="e4da5173-bdab-4d76-8502-13756e7235ac" testListId="8c84fa94-04c1-424b-9868-57a2d4851a1d" />
    <TestEntry testId="325fb1b9-ebd2-6cf3-27e0-afa45663166a" executionId="a15c1348-1b37-4757-8d95-ba19bb4faefb" testListId="8c84fa94-04c1-424b-9868-57a2d4851a1d" />
    <TestEntry testId="2d34cd72-ee0e-193f-8f47-efd4d794c783" executionId="f145a676-54a5-4771-9cd9-aab5bc362c02" testListId="8c84fa94-04c1-424b-9868-57a2d4851a1d" />
    <TestEntry testId="abcc8a4e-7181-191b-62e9-bed0513127f7" executionId="0704b2ef-fb89-4dba-8776-8042b109fe7a" testListId="8c84fa94-04c1-424b-9868-57a2d4851a1d" />
    <TestEntry testId="6e6bb3b1-1e41-620f-6828-ff0a9c5f6ced" executionId="9a1e6391-5cc6-4398-9741-76525798aac9" testListId="8c84fa94-04c1-424b-9868-57a2d4851a1d" />
    <TestEntry testId="ac737876-1ffb-1c4d-374e-5edaf3dc8eae" executionId="355a1d21-ed5e-4000-894f-5770c6fc5724" testListId="8c84fa94-04c1-424b-9868-57a2d4851a1d" />
    <TestEntry testId="08e0df7e-29cb-ea7e-ad57-9cf8ed9a7632" executionId="efed8077-5a8e-4e0c-970f-c982e90c575c" testListId="8c84fa94-04c1-424b-9868-57a2d4851a1d" />
    <TestEntry testId="0d9abbc8-4fa9-ed1f-a3ee-a4c91064961a" executionId="30bff680-578b-4d2d-930b-44c219e4ed8b" testListId="8c84fa94-04c1-424b-9868-57a2d4851a1d" />
    <TestEntry testId="8449b7d0-fd33-8f58-a8ac-66d7816c2601" executionId="4a39bc58-dfa1-4831-8d99-fadef34b33bd" testListId="8c84fa94-04c1-424b-9868-57a2d4851a1d" />
    <TestEntry testId="38175a51-6f87-7c8a-df9b-9d5a197b6bf7" executionId="aa3a5aec-7aad-4ac2-8bfc-d4835e0bc9bf" testListId="8c84fa94-04c1-424b-9868-57a2d4851a1d" />
    <TestEntry testId="205fe64e-5388-04fb-20e8-8232fc2bf2df" executionId="2b4ba2bd-e642-4e66-b493-d909c97e25a5" testListId="8c84fa94-04c1-424b-9868-57a2d4851a1d" />
    <TestEntry testId="6eb7e548-0efa-01b9-a194-347f3d15b59e" executionId="937f0a14-beb9-44d9-a270-9e3d518bef33" testListId="8c84fa94-04c1-424b-9868-57a2d4851a1d" />
    <TestEntry testId="9d58fa00-a07b-556a-b20b-0e479ab33000" executionId="1691f2ff-5133-4fd2-8ed9-e1b24df01234" testListId="8c84fa94-04c1-424b-9868-57a2d4851a1d" />
    <TestEntry testId="70ccea66-b129-c7ac-8921-4c96ed0890cc" executionId="b3a6a39c-f07b-4ff5-8fa5-4d981a46e77f" testListId="8c84fa94-04c1-424b-9868-57a2d4851a1d" />
    <TestEntry testId="9d99199e-7f16-1cec-569e-dd42160143a9" executionId="077628b1-5f35-4f52-9f86-184afbe71bd2" testListId="8c84fa94-04c1-424b-9868-57a2d4851a1d" />
    <TestEntry testId="4410f975-8fe1-0592-fd85-066020f2bc67" executionId="9f446b9c-e336-487e-b547-00603fb697dc" testListId="8c84fa94-04c1-424b-9868-57a2d4851a1d" />
    <TestEntry testId="0bb0650d-1d1e-a1e3-1275-1977a15320d7" executionId="09ea5a6d-4a3f-4add-9fbb-8e5e1bffae25" testListId="8c84fa94-04c1-424b-9868-57a2d4851a1d" />
    <TestEntry testId="5eef58ae-37e9-737a-1fde-20b85e2b5c68" executionId="d0bc93c1-88d3-42de-b982-6635b6223d0d" testListId="8c84fa94-04c1-424b-9868-57a2d4851a1d" />
    <TestEntry testId="ddcee8f1-c652-97fb-2fb9-f9f8311569d6" executionId="35c05223-3d2c-4bbb-a408-9d85a02d7b15" testListId="8c84fa94-04c1-424b-9868-57a2d4851a1d" />
    <TestEntry testId="9d3618d5-c2a4-2e79-609b-16b76430beac" executionId="b4699d28-a6a4-4289-9185-c6e201801480" testListId="8c84fa94-04c1-424b-9868-57a2d4851a1d" />
    <TestEntry testId="65374fe2-6ca3-59e2-d946-9210eeb3ba1d" executionId="6d2d63fe-8d1f-4eda-bede-a47729254d90" testListId="8c84fa94-04c1-424b-9868-57a2d4851a1d" />
    <TestEntry testId="871c1129-142e-49e1-cfcf-1471ae340852" executionId="68e85399-319e-44da-91ed-3b05edcb20ab" testListId="8c84fa94-04c1-424b-9868-57a2d4851a1d" />
    <TestEntry testId="28243d5a-f45d-3920-e422-23206f7432ee" executionId="3abc2252-fa7d-458d-a71c-634359477c5b" testListId="8c84fa94-04c1-424b-9868-57a2d4851a1d" />
    <TestEntry testId="783102e1-7e96-a1c3-a3ac-275b68cff7d7" executionId="54112595-1642-4a6b-a013-8f0e7b2209f3" testListId="8c84fa94-04c1-424b-9868-57a2d4851a1d" />
    <TestEntry testId="b37cf9a9-1778-14d5-ef3c-8118e3a2fe34" executionId="8d0e3c4c-29aa-421e-ad1e-0db1e6d9cb50" testListId="8c84fa94-04c1-424b-9868-57a2d4851a1d" />
    <TestEntry testId="9abb690d-efd9-2ab1-bd30-d00c10bbceb5" executionId="025720ff-457d-492d-b242-4c8c19ae33b3" testListId="8c84fa94-04c1-424b-9868-57a2d4851a1d" />
    <TestEntry testId="a68d6c53-34d2-fb4d-71fb-cbc7f8e3f1f2" executionId="b324b5c4-1860-40c0-9326-800a98e6f477" testListId="8c84fa94-04c1-424b-9868-57a2d4851a1d" />
  </TestEntries>
  <TestLists>
    <TestList name="Results Not in a List" id="8c84fa94-04c1-424b-9868-57a2d4851a1d" />
    <TestList name="All Loaded Results" id="19431567-8539-422a-85d7-44ee4e166bda" />
  </TestLists>
  <ResultSummary outcome="Completed">
    <Counters total="66" executed="66" passed="66" failed="0" error="0" timeout="0" aborted="0" inconclusive="0" passedButRunAborted="0" notRunnable="0" notExecuted="0" disconnected="0" warning="0" completed="0" inProgress="0" pending="0" />
  </ResultSummary>
</TestRun>