<?xml version="1.0" encoding="utf-8"?>
<TestRun id="bf11d4f8-78a8-43fa-8f78-0865f4c25662" name="DKSR-EFI-06$@DKSR-EFI-06 2024-01-09 15:42:28" runUser="NT AUTHORITY\NETWORK SERVICE" xmlns="http://microsoft.com/schemas/VisualStudio/TeamTest/2010">
  <Times creation="2024-01-09T15:42:28.4977632+01:00" queuing="2024-01-09T15:42:28.4977632+01:00" start="2024-01-09T15:42:23.0133391+01:00" finish="2024-01-09T15:43:01.6228182+01:00" />
  <TestSettings name="default" id="631d00ef-eb99-4e75-b9d2-0108bd2f6a7a">
    <Deployment runDeploymentRoot="DKSR-EFI-06$_DKSR-EFI-06_2024-01-09_15_42_28" />
  </TestSettings>
  <Results>
    <UnitTestResult executionId="5e23dec7-e2e6-4376-8e91-a70347f54f1c" testId="9c6021a0-5c69-1d26-d3e6-3538913699de" testName="Create_NoRecycledItemsAvailable_Success" computerName="DKSR-EFI-06" duration="00:00:00.0038057" startTime="2024-01-09T15:42:29.2167568+01:00" endTime="2024-01-09T15:42:29.2208717+01:00" testType="13cdc9d9-ddb5-4fa4-a97d-d965ccfc6d4b" outcome="Passed" testListId="8c84fa94-04c1-424b-9868-57a2d4851a1d" relativeResultsDirectory="5e23dec7-e2e6-4376-8e91-a70347f54f1c" />
    <UnitTestResult executionId="5a137e84-b5a9-4410-a25a-4952399b4d04" testId="6cf7fdb3-260b-5bc9-89b2-d50224c7f7ac" testName="GetStates_NoSessionStarted_NoSession" computerName="DKSR-EFI-06" duration="00:00:00.0015305" startTime="2024-01-09T15:43:00.8026937+01:00" endTime="2024-01-09T15:43:00.8044034+01:00" testType="13cdc9d9-ddb5-4fa4-a97d-d965ccfc6d4b" outcome="Passed" testListId="8c84fa94-04c1-424b-9868-57a2d4851a1d" relativeResultsDirectory="5a137e84-b5a9-4410-a25a-4952399b4d04" />
    <UnitTestResult executionId="3f1402ee-8aaf-43ca-b836-db90cdee35dd" testId="583152d9-d199-0061-6cfe-e7b3f5f54327" testName="AuthenticationWindowsDefault_SetEnabled_Throws_InvalidOperationException" computerName="DKSR-EFI-06" duration="00:00:00.0003199" startTime="2024-01-09T15:43:01.2227217+01:00" endTime="2024-01-09T15:43:01.2232470+01:00" testType="13cdc9d9-ddb5-4fa4-a97d-d965ccfc6d4b" outcome="Passed" testListId="8c84fa94-04c1-424b-9868-57a2d4851a1d" relativeResultsDirectory="3f1402ee-8aaf-43ca-b836-db90cdee35dd" />
    <UnitTestResult executionId="0bc665cc-57f8-4c9b-9cf7-7c3eae155145" testId="28408d30-8448-8f9c-b04c-e7779e7625cc" testName="DragDrop_RangeMinOverRangeMax_RangeEditDisplayed" computerName="DKSR-EFI-06" duration="00:00:00.0916634" startTime="2024-01-09T15:42:34.0151139+01:00" endTime="2024-01-09T15:42:34.1688411+01:00" testType="13cdc9d9-ddb5-4fa4-a97d-d965ccfc6d4b" outcome="Passed" testListId="8c84fa94-04c1-424b-9868-57a2d4851a1d" relativeResultsDirectory="0bc665cc-57f8-4c9b-9cf7-7c3eae155145" />
    <UnitTestResult executionId="6f1a2362-bf99-4a97-a5d8-a589acec0dcc" testId="e4efa2e9-6d62-0683-b9e7-1e5cf6253345" testName="IntersectOrdered" computerName="DKSR-EFI-06" duration="00:00:00.0027054" startTime="2024-01-09T15:42:49.8505897+01:00" endTime="2024-01-09T15:42:49.8535477+01:00" testType="13cdc9d9-ddb5-4fa4-a97d-d965ccfc6d4b" outcome="Passed" testListId="8c84fa94-04c1-424b-9868-57a2d4851a1d" relativeResultsDirectory="6f1a2362-bf99-4a97-a5d8-a589acec0dcc" />
    <UnitTestResult executionId="050b8a24-8133-4c40-9bc6-8e3fca06a95a" testId="ce5d6351-00d4-a4e9-7df0-2fe2199468f7" testName="IsUnsecureConnectionAllowedForUser_ShouldReturnFalse_WhenAllowUnsecureSetToNotDecided" computerName="DKSR-EFI-06" duration="00:00:00.0007994" startTime="2024-01-09T15:43:01.3414144+01:00" endTime="2024-01-09T15:43:01.3424069+01:00" testType="13cdc9d9-ddb5-4fa4-a97d-d965ccfc6d4b" outcome="Passed" testListId="8c84fa94-04c1-424b-9868-57a2d4851a1d" relativeResultsDirectory="050b8a24-8133-4c40-9bc6-8e3fca06a95a" />
    <UnitTestResult executionId="d785aa91-ff72-48fb-ba0f-e0218913faab" testId="18e7f5ad-6f64-9e86-3f8d-3ffdc05df7e8" testName="SerializedSlides_ShouldCorrectlySerializeAndDeserialize" computerName="DKSR-EFI-06" duration="00:00:00.0071730" startTime="2024-01-09T15:42:49.5497609+01:00" endTime="2024-01-09T15:42:49.5571571+01:00" testType="13cdc9d9-ddb5-4fa4-a97d-d965ccfc6d4b" outcome="Passed" testListId="8c84fa94-04c1-424b-9868-57a2d4851a1d" relativeResultsDirectory="d785aa91-ff72-48fb-ba0f-e0218913faab" />
    <UnitTestResult executionId="083e62ef-46a7-49d7-bcff-3f62e37886eb" testId="d321e896-1c35-b87a-a0b5-276c58a0218b" testName="DetermineScaledWindowLocationAndSize_150Percent_Scaling" computerName="DKSR-EFI-06" duration="00:00:00.0008495" startTime="2024-01-09T15:42:50.2733340+01:00" endTime="2024-01-09T15:42:50.2743633+01:00" testType="13cdc9d9-ddb5-4fa4-a97d-d965ccfc6d4b" outcome="Passed" testListId="8c84fa94-04c1-424b-9868-57a2d4851a1d" relativeResultsDirectory="083e62ef-46a7-49d7-bcff-3f62e37886eb" />
    <UnitTestResult executionId="6da52a5c-9017-43e7-a38d-e3e677802acd" testId="95ce4bfb-8a8a-2e2d-8537-47c45d12d2d7" testName="TileIsStateUndefinedIfCurrentStatesIsNull" computerName="DKSR-EFI-06" duration="00:00:00.0039265" startTime="2024-01-09T15:42:39.0958568+01:00" endTime="2024-01-09T15:42:39.1562080+01:00" testType="13cdc9d9-ddb5-4fa4-a97d-d965ccfc6d4b" outcome="Passed" testListId="8c84fa94-04c1-424b-9868-57a2d4851a1d" relativeResultsDirectory="6da52a5c-9017-43e7-a38d-e3e677802acd" />
    <UnitTestResult executionId="acc98b34-7dff-4b55-806c-86b3e62477dc" testId="84bf38e9-9144-dc3f-3fbb-788aeff94918" testName="AddNullToast_Failure_WithArgumentNullException" computerName="DKSR-EFI-06" duration="00:00:00.0022711" startTime="2024-01-09T15:42:50.5169611+01:00" endTime="2024-01-09T15:42:50.5197755+01:00" testType="13cdc9d9-ddb5-4fa4-a97d-d965ccfc6d4b" outcome="Passed" testListId="8c84fa94-04c1-424b-9868-57a2d4851a1d" relativeResultsDirectory="acc98b34-7dff-4b55-806c-86b3e62477dc" />
    <UnitTestResult executionId="0218cca7-511e-4952-b9ff-73190beb394a" testId="24801bf2-63b2-04d1-d795-083a0ecbe814" testName="DrawControl_Success" computerName="DKSR-EFI-06" duration="00:00:00.0964242" startTime="2024-01-09T15:42:31.8498320+01:00" endTime="2024-01-09T15:42:31.9916892+01:00" testType="13cdc9d9-ddb5-4fa4-a97d-d965ccfc6d4b" outcome="Passed" testListId="8c84fa94-04c1-424b-9868-57a2d4851a1d" relativeResultsDirectory="0218cca7-511e-4952-b9ff-73190beb394a" />
    <UnitTestResult executionId="9f7a302d-2f11-4122-8dad-2de62c7f4d89" testId="13a2427c-e785-ce2d-2d1c-b445eff86f81" testName="FormsControlScaledLocationAndSize_NegativePositions_150Percent_Scaling" computerName="DKSR-EFI-06" duration="00:00:00.0008945" startTime="2024-01-09T15:42:50.2666260+01:00" endTime="2024-01-09T15:42:50.2677195+01:00" testType="13cdc9d9-ddb5-4fa4-a97d-d965ccfc6d4b" outcome="Passed" testListId="8c84fa94-04c1-424b-9868-57a2d4851a1d" relativeResultsDirectory="9f7a302d-2f11-4122-8dad-2de62c7f4d89" />
    <UnitTestResult executionId="3c0cc7ef-f7b1-4a79-86d0-830e63a9078b" testId="2feabfd6-0ffa-cf5e-b63d-1731ea803e6d" testName="OnPreviewKeyDown_PageUp_Success" computerName="DKSR-EFI-06" duration="00:00:00.1798839" startTime="2024-01-09T15:42:55.9468206+01:00" endTime="2024-01-09T15:42:56.1698263+01:00" testType="13cdc9d9-ddb5-4fa4-a97d-d965ccfc6d4b" outcome="Passed" testListId="8c84fa94-04c1-424b-9868-57a2d4851a1d" relativeResultsDirectory="3c0cc7ef-f7b1-4a79-86d0-830e63a9078b" />
    <UnitTestResult executionId="727e09aa-b2c7-4a89-ba44-fbd7e02e6d0a" testId="a4f1aa92-0955-504e-be1f-a783fd5bf664" testName="OnPreviewKeyDown_RightCtrl_A_SelectAll_Success" computerName="DKSR-EFI-06" duration="00:00:00.1672716" startTime="2024-01-09T15:42:56.9837938+01:00" endTime="2024-01-09T15:42:57.1598994+01:00" testType="13cdc9d9-ddb5-4fa4-a97d-d965ccfc6d4b" outcome="Passed" testListId="8c84fa94-04c1-424b-9868-57a2d4851a1d" relativeResultsDirectory="727e09aa-b2c7-4a89-ba44-fbd7e02e6d0a" />
    <UnitTestResult executionId="80ae8a49-6770-484f-a155-f7194020148e" testId="856c051c-051a-4b4c-bec5-8f02fddd04ae" testName="GetImageSource_Missing24px_Returns32pxImage" computerName="DKSR-EFI-06" duration="00:00:00.0056522" startTime="2024-01-09T15:42:49.8171784+01:00" endTime="2024-01-09T15:42:49.8231026+01:00" testType="13cdc9d9-ddb5-4fa4-a97d-d965ccfc6d4b" outcome="Passed" testListId="8c84fa94-04c1-424b-9868-57a2d4851a1d" relativeResultsDirectory="80ae8a49-6770-484f-a155-f7194020148e" />
    <UnitTestResult executionId="518d3dde-1866-4633-98e6-b504629d2c88" testId="0c965795-08e1-96ff-221c-6c48f278966b" testName="GetTimeSpanValueOrDefault_KeyNotFound_DefaultValueReturned" computerName="DKSR-EFI-06" duration="00:00:00.0003643" startTime="2024-01-09T15:43:00.7623958+01:00" endTime="2024-01-09T15:43:00.7629627+01:00" testType="13cdc9d9-ddb5-4fa4-a97d-d965ccfc6d4b" outcome="Passed" testListId="8c84fa94-04c1-424b-9868-57a2d4851a1d" relativeResultsDirectory="518d3dde-1866-4633-98e6-b504629d2c88" />
    <UnitTestResult executionId="83ee2d48-f8b5-4ef8-bca1-c103c223ed7e" testId="adb4be23-162a-8b95-3e02-bd423cdb5788" testName="MouseDrag_RangeMinSetToMinValue_EditBoxIsWithinControlBoundaries" computerName="DKSR-EFI-06" duration="00:00:00.1142988" startTime="2024-01-09T15:42:32.6774498+01:00" endTime="2024-01-09T15:42:32.9294539+01:00" testType="13cdc9d9-ddb5-4fa4-a97d-d965ccfc6d4b" outcome="Passed" testListId="8c84fa94-04c1-424b-9868-57a2d4851a1d" relativeResultsDirectory="83ee2d48-f8b5-4ef8-bca1-c103c223ed7e" />
    <UnitTestResult executionId="5cc07800-50c0-4ecb-8e26-8e2117515026" testId="89375aca-5b37-064f-74cf-5102a1c4ec81" testName="ProvideValue_ReturnsThis" computerName="DKSR-EFI-06" duration="00:00:00.0045901" startTime="2024-01-09T15:42:29.2294943+01:00" endTime="2024-01-09T15:42:29.2343906+01:00" testType="13cdc9d9-ddb5-4fa4-a97d-d965ccfc6d4b" outcome="Passed" testListId="8c84fa94-04c1-424b-9868-57a2d4851a1d" relativeResultsDirectory="5cc07800-50c0-4ecb-8e26-8e2117515026" />
    <UnitTestResult executionId="e04bc2c6-7cb8-43c6-bdb6-3a34ea3a2ea5" testId="98ef8a3d-1657-a6ae-7eaf-dfb44be1b2e7" testName="GetStates_NoSessionStarted_NoSession" computerName="DKSR-EFI-06" duration="00:00:00.0010163" startTime="2024-01-09T15:43:01.2060289+01:00" endTime="2024-01-09T15:43:01.2072371+01:00" testType="13cdc9d9-ddb5-4fa4-a97d-d965ccfc6d4b" outcome="Passed" testListId="8c84fa94-04c1-424b-9868-57a2d4851a1d" relativeResultsDirectory="e04bc2c6-7cb8-43c6-bdb6-3a34ea3a2ea5" />
    <UnitTestResult executionId="6c2a1346-234c-43c1-8707-d4680f8c1520" testId="7bd27d81-06b7-0043-ca3b-42b8a3ad840b" testName="Convert_WithMultiplierAndOffset_Success" computerName="DKSR-EFI-06" duration="00:00:00.0002395" startTime="2024-01-09T15:42:29.2492715+01:00" endTime="2024-01-09T15:42:29.2497112+01:00" testType="13cdc9d9-ddb5-4fa4-a97d-d965ccfc6d4b" outcome="Passed" testListId="8c84fa94-04c1-424b-9868-57a2d4851a1d" relativeResultsDirectory="6c2a1346-234c-43c1-8707-d4680f8c1520" />
    <UnitTestResult executionId="5fe9c10e-1811-49ff-8afe-ff2212401746" testId="1bd901f8-3f7d-e4b9-9350-b8e0d21cecdd" testName="Convert_SingleValueConverter_NotANumber_Throws" computerName="DKSR-EFI-06" duration="00:00:00.0042706" startTime="2024-01-09T15:42:50.3003295+01:00" endTime="2024-01-09T15:42:50.3048548+01:00" testType="13cdc9d9-ddb5-4fa4-a97d-d965ccfc6d4b" outcome="Passed" testListId="8c84fa94-04c1-424b-9868-57a2d4851a1d" relativeResultsDirectory="5fe9c10e-1811-49ff-8afe-ff2212401746" />
    <UnitTestResult executionId="c7db5b91-fce7-4491-88a4-09bdace3d87d" testId="968cb0b5-2676-6cd1-05ad-544228943f8e" testName="SaveToFile_ShouldSaveAllowUnsecureConnection_WhenAllowUnsecureSetToTrueAndNoUserExistsInXml" computerName="DKSR-EFI-06" duration="00:00:00.0029306" startTime="2024-01-09T15:43:01.3303551+01:00" endTime="2024-01-09T15:43:01.3334652+01:00" testType="13cdc9d9-ddb5-4fa4-a97d-d965ccfc6d4b" outcome="Passed" testListId="8c84fa94-04c1-424b-9868-57a2d4851a1d" relativeResultsDirectory="c7db5b91-fce7-4491-88a4-09bdace3d87d" />
    <UnitTestResult executionId="54002f8f-6276-4db2-8371-2f35c1926401" testId="52a29049-9c8e-815e-36f6-b6f14de4f7c1" testName="RemoveRange_FewItems_SuccessWithResetNotification" computerName="DKSR-EFI-06" duration="00:00:00.0014507" startTime="2024-01-09T15:43:00.2744267+01:00" endTime="2024-01-09T15:43:00.2760794+01:00" testType="13cdc9d9-ddb5-4fa4-a97d-d965ccfc6d4b" outcome="Passed" testListId="8c84fa94-04c1-424b-9868-57a2d4851a1d" relativeResultsDirectory="54002f8f-6276-4db2-8371-2f35c1926401" />
    <UnitTestResult executionId="4c9e4f1e-07e3-4e0c-b286-4a8a5cc66c00" testId="187b12dc-8a8d-a2dd-a376-a830b72404bd" testName="IsUnsecureConnectionAllowedForUser_ShouldReturnTrue_WhenAllowUnsecureSetToAllowed" computerName="DKSR-EFI-06" duration="00:00:00.0027826" startTime="2024-01-09T15:43:01.3379198+01:00" endTime="2024-01-09T15:43:01.3409099+01:00" testType="13cdc9d9-ddb5-4fa4-a97d-d965ccfc6d4b" outcome="Passed" testListId="8c84fa94-04c1-424b-9868-57a2d4851a1d" relativeResultsDirectory="4c9e4f1e-07e3-4e0c-b286-4a8a5cc66c00" />
    <UnitTestResult executionId="f53c2a34-b674-4dba-b137-1bdeb57b8346" testId="0ee94363-92bd-eb3e-d7fb-92ad8f9a8087" testName="GetStates_SessionStarted_NoStates" computerName="DKSR-EFI-06" duration="00:00:00.0011182" startTime="2024-01-09T15:43:00.8113915+01:00" endTime="2024-01-09T15:43:00.8126773+01:00" testType="13cdc9d9-ddb5-4fa4-a97d-d965ccfc6d4b" outcome="Passed" testListId="8c84fa94-04c1-424b-9868-57a2d4851a1d" relativeResultsDirectory="f53c2a34-b674-4dba-b137-1bdeb57b8346" />
    <UnitTestResult executionId="a5ed710a-36c3-4eae-b091-8d25f8544bb2" testId="a0254ac5-3cdd-5371-614b-9e5a2dd1e775" testName="Finds_Rule_With_Context" computerName="DKSR-EFI-06" duration="00:00:00.0045007" startTime="2024-01-09T15:42:49.6981547+01:00" endTime="2024-01-09T15:42:49.7231809+01:00" testType="13cdc9d9-ddb5-4fa4-a97d-d965ccfc6d4b" outcome="Passed" testListId="8c84fa94-04c1-424b-9868-57a2d4851a1d" relativeResultsDirectory="a5ed710a-36c3-4eae-b091-8d25f8544bb2" />
    <UnitTestResult executionId="d284f0a4-1d76-43d5-9d6a-176ed7553b65" testId="0cb85e0d-e620-5ffd-3a6f-c0a03dbcffb6" testName="ShowDialogScaledHorizontalCenter_EnsureWithinScreen_100Percent_Scaling" computerName="DKSR-EFI-06" duration="00:00:00.0096845" startTime="2024-01-09T15:42:50.1282091+01:00" endTime="2024-01-09T15:42:50.1751107+01:00" testType="13cdc9d9-ddb5-4fa4-a97d-d965ccfc6d4b" outcome="Passed" testListId="8c84fa94-04c1-424b-9868-57a2d4851a1d" relativeResultsDirectory="d284f0a4-1d76-43d5-9d6a-176ed7553b65" />
    <UnitTestResult executionId="0bdbc69f-ece4-4f75-ae0c-5db076629c60" testId="6a9b6055-9055-6cdd-ce58-2c6f0ec341c2" testName="SimpleTest" computerName="DKSR-EFI-06" duration="00:00:00.0076530" startTime="2024-01-09T15:42:49.5576623+01:00" endTime="2024-01-09T15:42:49.5656415+01:00" testType="13cdc9d9-ddb5-4fa4-a97d-d965ccfc6d4b" outcome="Passed" testListId="8c84fa94-04c1-424b-9868-57a2d4851a1d" relativeResultsDirectory="0bdbc69f-ece4-4f75-ae0c-5db076629c60" />
    <UnitTestResult executionId="8a4c9b24-8170-46dd-80ae-cb9b07bdcf26" testId="d01aff65-cc66-59d9-483c-ef58ff5b02b0" testName="Remove_SingleItem_SuccessWithSingleNotification" computerName="DKSR-EFI-06" duration="00:00:00.0022263" startTime="2024-01-09T15:43:00.2714651+01:00" endTime="2024-01-09T15:43:00.2739065+01:00" testType="13cdc9d9-ddb5-4fa4-a97d-d965ccfc6d4b" outcome="Passed" testListId="8c84fa94-04c1-424b-9868-57a2d4851a1d" relativeResultsDirectory="8a4c9b24-8170-46dd-80ae-cb9b07bdcf26" />
    <UnitTestResult executionId="b5fd2d31-bdaf-437b-b302-8f408a194f22" testId="3a686c1f-b102-e8a9-b329-09a0749c945a" testName="RangeMaxEdit_EnterLargeNumber_EditFieldAutosizedAndAlignedRight" computerName="DKSR-EFI-06" duration="00:00:00.1806829" startTime="2024-01-09T15:42:34.2960521+01:00" endTime="2024-01-09T15:42:34.5127659+01:00" testType="13cdc9d9-ddb5-4fa4-a97d-d965ccfc6d4b" outcome="Passed" testListId="8c84fa94-04c1-424b-9868-57a2d4851a1d" relativeResultsDirectory="b5fd2d31-bdaf-437b-b302-8f408a194f22" />
    <UnitTestResult executionId="2678b17b-9f00-49ae-942f-57380f4c966a" testId="5ec2fd00-c7ca-4cee-7758-7801f820c473" testName="AuthenticationExternal_CopyConstructor_Success" computerName="DKSR-EFI-06" duration="00:00:00.0005789" startTime="2024-01-09T15:43:01.2310568+01:00" endTime="2024-01-09T15:43:01.2318146+01:00" testType="13cdc9d9-ddb5-4fa4-a97d-d965ccfc6d4b" outcome="Passed" testListId="8c84fa94-04c1-424b-9868-57a2d4851a1d" relativeResultsDirectory="2678b17b-9f00-49ae-942f-57380f4c966a" />
    <UnitTestResult executionId="79b39965-d63a-41ec-af24-4684bcc43521" testId="4f94cd28-33c0-a9f8-eb7e-0b5388f1fdc5" testName="TooltipServiceWarning_Failover_SSLError" computerName="DKSR-EFI-06" duration="00:00:00.0003459" startTime="2024-01-09T15:43:00.2859093+01:00" endTime="2024-01-09T15:43:00.2864338+01:00" testType="13cdc9d9-ddb5-4fa4-a97d-d965ccfc6d4b" outcome="Passed" testListId="8c84fa94-04c1-424b-9868-57a2d4851a1d" relativeResultsDirectory="79b39965-d63a-41ec-af24-4684bcc43521" />
    <UnitTestResult executionId="0d42a581-9638-4bb7-a923-c14b26ca0cd7" testId="70718e81-81f4-db7d-389b-91346f649480" testName="AuthenticationWindows_SetName_Throws_InvalidOperationException" computerName="DKSR-EFI-06" duration="00:00:00.0005037" startTime="2024-01-09T15:43:01.2182421+01:00" endTime="2024-01-09T15:43:01.2190062+01:00" testType="13cdc9d9-ddb5-4fa4-a97d-d965ccfc6d4b" outcome="Passed" testListId="8c84fa94-04c1-424b-9868-57a2d4851a1d" relativeResultsDirectory="0d42a581-9638-4bb7-a923-c14b26ca0cd7" />
    <UnitTestResult executionId="09a95230-578b-45cc-90d4-223a397e831a" testId="e47e5959-0404-6a12-bb2e-be035056d2fc" testName="RoundToHour_Nearest" computerName="DKSR-EFI-06" duration="00:00:00.0007045" startTime="2024-01-09T15:42:50.0241476+01:00" endTime="2024-01-09T15:42:50.0250400+01:00" testType="13cdc9d9-ddb5-4fa4-a97d-d965ccfc6d4b" outcome="Passed" testListId="8c84fa94-04c1-424b-9868-57a2d4851a1d" relativeResultsDirectory="09a95230-578b-45cc-90d4-223a397e831a" />
    <UnitTestResult executionId="a1188469-00af-4307-bd29-0e4a950fda2b" testId="8c18207a-4a3c-8ee5-7129-6f35cbcaea2a" testName="GetRoundRectangle_Success" computerName="DKSR-EFI-06" duration="00:00:00.0032254" startTime="2024-01-09T15:42:50.5307289+01:00" endTime="2024-01-09T15:42:50.5342429+01:00" testType="13cdc9d9-ddb5-4fa4-a97d-d965ccfc6d4b" outcome="Passed" testListId="8c84fa94-04c1-424b-9868-57a2d4851a1d" relativeResultsDirectory="a1188469-00af-4307-bd29-0e4a950fda2b" />
    <UnitTestResult executionId="716aeaa5-e13c-41f9-a272-2f23351aa078" testId="501c02cb-ac5f-5745-c75a-6cf52f922f62" testName="SequenceEquals_NullCollection_RespectOrder_FalseResult" computerName="DKSR-EFI-06" duration="00:00:00.0001735" startTime="2024-01-09T15:42:49.5837290+01:00" endTime="2024-01-09T15:42:49.5840574+01:00" testType="13cdc9d9-ddb5-4fa4-a97d-d965ccfc6d4b" outcome="Passed" testListId="8c84fa94-04c1-424b-9868-57a2d4851a1d" relativeResultsDirectory="716aeaa5-e13c-41f9-a272-2f23351aa078" />
    <UnitTestResult executionId="966dc391-7421-40ac-9a08-10df3c3f6973" testId="ba582828-87c0-f796-0108-b7c57cda86c7" testName="Convert_NotDoubleParameter_ReturnsUnsetValue" computerName="DKSR-EFI-06" duration="00:00:00.0005033" startTime="2024-01-09T15:42:29.2432328+01:00" endTime="2024-01-09T15:42:29.2438704+01:00" testType="13cdc9d9-ddb5-4fa4-a97d-d965ccfc6d4b" outcome="Passed" testListId="8c84fa94-04c1-424b-9868-57a2d4851a1d" relativeResultsDirectory="966dc391-7421-40ac-9a08-10df3c3f6973" />
    <UnitTestResult executionId="44972f61-4f3a-49d0-967b-2c1027fb400a" testId="b65ce05c-91af-c3db-9a3c-440082baa61d" testName="Convert_WithOffset_Success" computerName="DKSR-EFI-06" duration="00:00:00.0003309" startTime="2024-01-09T15:42:29.2457506+01:00" endTime="2024-01-09T15:42:29.2462093+01:00" testType="13cdc9d9-ddb5-4fa4-a97d-d965ccfc6d4b" outcome="Passed" testListId="8c84fa94-04c1-424b-9868-57a2d4851a1d" relativeResultsDirectory="44972f61-4f3a-49d0-967b-2c1027fb400a" />
    <UnitTestResult executionId="c6389bd1-a5aa-4b4b-99a0-73d9c6791ec8" testId="959b9c9e-d734-ce8a-a43a-d0fda79ec4d9" testName="Convert_MultiValueConverter_ValidValues_Success" computerName="DKSR-EFI-06" duration="00:00:00.0003171" startTime="2024-01-09T15:42:50.3117214+01:00" endTime="2024-01-09T15:42:50.3122155+01:00" testType="13cdc9d9-ddb5-4fa4-a97d-d965ccfc6d4b" outcome="Passed" testListId="8c84fa94-04c1-424b-9868-57a2d4851a1d" relativeResultsDirectory="c6389bd1-a5aa-4b4b-99a0-73d9c6791ec8" />
    <UnitTestResult executionId="b724f9fa-6cd5-432b-85a4-563f42b9baf8" testId="3fd0a529-448c-e9e0-7074-0b5c637ad7a8" testName="SetUnsecureConnectionAllowedForUser_ShouldAddUser_WhenAllowUnsecureConnectionsDoesNotContainUser" computerName="DKSR-EFI-06" duration="00:00:00.0013745" startTime="2024-01-09T15:43:01.3643590+01:00" endTime="2024-01-09T15:43:01.3659082+01:00" testType="13cdc9d9-ddb5-4fa4-a97d-d965ccfc6d4b" outcome="Passed" testListId="8c84fa94-04c1-424b-9868-57a2d4851a1d" relativeResultsDirectory="b724f9fa-6cd5-432b-85a4-563f42b9baf8" />
    <UnitTestResult executionId="900bad76-d91c-4822-aa4c-0e04f3254bf0" testId="0a8ef08d-9dbb-9ec8-d4a3-65f99078cd81" testName="OnPreviewKeyDown_Right_Success" computerName="DKSR-EFI-06" duration="00:00:00.2784818" startTime="2024-01-09T15:42:54.5166401+01:00" endTime="2024-01-09T15:42:54.8521078+01:00" testType="13cdc9d9-ddb5-4fa4-a97d-d965ccfc6d4b" outcome="Passed" testListId="8c84fa94-04c1-424b-9868-57a2d4851a1d" relativeResultsDirectory="900bad76-d91c-4822-aa4c-0e04f3254bf0" />
    <UnitTestResult executionId="5af0a281-503d-45e3-bd83-f55f5712ae4a" testId="09c48a42-9cc6-7c96-0386-069c96816ff0" testName="Convert_DefaultMultiplierAndOffset_ReturnsProvidedValue" computerName="DKSR-EFI-06" duration="00:00:00.0004961" startTime="2024-01-09T15:42:29.2444942+01:00" endTime="2024-01-09T15:42:29.2451218+01:00" testType="13cdc9d9-ddb5-4fa4-a97d-d965ccfc6d4b" outcome="Passed" testListId="8c84fa94-04c1-424b-9868-57a2d4851a1d" relativeResultsDirectory="5af0a281-503d-45e3-bd83-f55f5712ae4a" />
    <UnitTestResult executionId="029ef5a2-966a-46b1-9c2d-712a37c346e6" testId="192bc75c-0987-6d84-ba23-75d2871c7fb0" testName="Partial_Updating_Works" computerName="DKSR-EFI-06" duration="00:00:00.0029869" startTime="2024-01-09T15:42:49.5661675+01:00" endTime="2024-01-09T15:42:49.5695924+01:00" testType="13cdc9d9-ddb5-4fa4-a97d-d965ccfc6d4b" outcome="Passed" testListId="8c84fa94-04c1-424b-9868-57a2d4851a1d" relativeResultsDirectory="029ef5a2-966a-46b1-9c2d-712a37c346e6" />
    <UnitTestResult executionId="38652e98-8993-4aed-8514-bb88bf209279" testId="d0c56151-9eb1-435a-613d-6b16219b3912" testName="OnPreviewKeyDown_LeftShift_Click_Select_Success" computerName="DKSR-EFI-06" duration="00:00:00.2755058" startTime="2024-01-09T15:42:57.6437181+01:00" endTime="2024-01-09T15:42:57.9290420+01:00" testType="13cdc9d9-ddb5-4fa4-a97d-d965ccfc6d4b" outcome="Passed" testListId="8c84fa94-04c1-424b-9868-57a2d4851a1d" relativeResultsDirectory="38652e98-8993-4aed-8514-bb88bf209279" />
    <UnitTestResult executionId="aebb5b57-9bbe-41b0-8605-5fd9e180a234" testId="8d3a13e4-7529-dcc7-acab-a47c8e85a381" testName="GetStates_SessionStarted_WithStates" computerName="DKSR-EFI-06" duration="00:00:00.0017665" startTime="2024-01-09T15:43:01.2036064+01:00" endTime="2024-01-09T15:43:01.2055435+01:00" testType="13cdc9d9-ddb5-4fa4-a97d-d965ccfc6d4b" outcome="Passed" testListId="8c84fa94-04c1-424b-9868-57a2d4851a1d" relativeResultsDirectory="aebb5b57-9bbe-41b0-8605-5fd9e180a234" />
    <UnitTestResult executionId="6e2af08d-b26d-4b20-882b-e6ab8cfa688e" testId="4c169ed1-2ceb-3ce5-de75-44f39814124d" testName="GetStates_SessionStarted_NoStates" computerName="DKSR-EFI-06" duration="00:00:00.0008879" startTime="2024-01-09T15:43:01.2020596+01:00" endTime="2024-01-09T15:43:01.2031222+01:00" testType="13cdc9d9-ddb5-4fa4-a97d-d965ccfc6d4b" outcome="Passed" testListId="8c84fa94-04c1-424b-9868-57a2d4851a1d" relativeResultsDirectory="6e2af08d-b26d-4b20-882b-e6ab8cfa688e" />
    <UnitTestResult executionId="866360fe-2046-4e74-a2b7-8f4d1f04e115" testId="87c36423-3ba7-fe8e-7a2d-f8a7fdd246be" testName="CreateTileMustInitializeWithProperLocalizedText" computerName="DKSR-EFI-06" duration="00:00:00.0128391" startTime="2024-01-09T15:42:39.9152131+01:00" endTime="2024-01-09T15:42:39.9282565+01:00" testType="13cdc9d9-ddb5-4fa4-a97d-d965ccfc6d4b" outcome="Passed" testListId="8c84fa94-04c1-424b-9868-57a2d4851a1d" relativeResultsDirectory="866360fe-2046-4e74-a2b7-8f4d1f04e115" />
    <UnitTestResult executionId="a4e73c60-cbba-41f6-8273-82eb1aa5bc02" testId="33919fac-e25b-5982-05db-e9034087e4af" testName="AddToast_NullToast_Throws" computerName="DKSR-EFI-06" duration="00:00:00.2531699" startTime="2024-01-09T15:42:29.4282749+01:00" endTime="2024-01-09T15:42:29.6818718+01:00" testType="13cdc9d9-ddb5-4fa4-a97d-d965ccfc6d4b" outcome="Passed" testListId="8c84fa94-04c1-424b-9868-57a2d4851a1d" relativeResultsDirectory="a4e73c60-cbba-41f6-8273-82eb1aa5bc02" />
    <UnitTestResult executionId="a4e72420-2d90-4529-a7b6-1b742c795b2d" testId="f5cf44f1-55f9-84ba-0c1d-f402f9b081e8" testName="TooltipServiceWarning_Failover_Combined" computerName="DKSR-EFI-06" duration="00:00:00.0002304" startTime="2024-01-09T15:43:00.2869155+01:00" endTime="2024-01-09T15:43:00.2873151+01:00" testType="13cdc9d9-ddb5-4fa4-a97d-d965ccfc6d4b" outcome="Passed" testListId="8c84fa94-04c1-424b-9868-57a2d4851a1d" relativeResultsDirectory="a4e72420-2d90-4529-a7b6-1b742c795b2d" />
    <UnitTestResult executionId="cf39f31a-2a14-4185-9f64-21c7ad1e0fa2" testId="a77657a1-a493-b15e-b5c4-9e5ce796a8ee" testName="MouseLeftButtonUp_ShouldNotInvokeClickHandlerAfterDelay_WhenNoDoubleClickIsDetectedAndMouseIsNotDirectlyOver" computerName="DKSR-EFI-06" duration="00:00:00.0044088" startTime="2024-01-09T15:43:00.3738656+01:00" endTime="2024-01-09T15:43:00.4014924+01:00" testType="13cdc9d9-ddb5-4fa4-a97d-d965ccfc6d4b" outcome="Passed" testListId="8c84fa94-04c1-424b-9868-57a2d4851a1d" relativeResultsDirectory="cf39f31a-2a14-4185-9f64-21c7ad1e0fa2" />
    <UnitTestResult executionId="697a9a77-fa9a-4029-a5f7-2ad95da24353" testId="14a1f95e-78fa-735f-e1e1-62755f5e4ea3" testName="GetDoubleValueOrDefault_WrongKeyValue_DefaultValueReturned" computerName="DKSR-EFI-06" duration="00:00:00.0002400" startTime="2024-01-09T15:43:00.7615053+01:00" endTime="2024-01-09T15:43:00.7619234+01:00" testType="13cdc9d9-ddb5-4fa4-a97d-d965ccfc6d4b" outcome="Passed" testListId="8c84fa94-04c1-424b-9868-57a2d4851a1d" relativeResultsDirectory="697a9a77-fa9a-4029-a5f7-2ad95da24353" />
    <UnitTestResult executionId="ba3decfb-4045-4543-a7a2-a7dfec1fa3a6" testId="e1c70711-e4bc-fec3-f088-e58c3b0e3088" testName="TileStateBecomesDefinedAsSoonAsOneCounterStateBecomesDefined" computerName="DKSR-EFI-06" duration="00:00:00.0018907" startTime="2024-01-09T15:42:39.3121885+01:00" endTime="2024-01-09T15:42:39.3366508+01:00" testType="13cdc9d9-ddb5-4fa4-a97d-d965ccfc6d4b" outcome="Passed" testListId="8c84fa94-04c1-424b-9868-57a2d4851a1d" relativeResultsDirectory="ba3decfb-4045-4543-a7a2-a7dfec1fa3a6" />
    <UnitTestResult executionId="2d2f5b5e-ccb8-4a46-bb52-ecbdb7db5e88" testId="bc77ee0c-1b15-15e6-cc3d-5cb4ade23cbd" testName="Dismiss_ToastDismissed" computerName="DKSR-EFI-06" duration="00:00:00.0009851" startTime="2024-01-09T15:42:50.3136436+01:00" endTime="2024-01-09T15:42:50.3149559+01:00" testType="13cdc9d9-ddb5-4fa4-a97d-d965ccfc6d4b" outcome="Passed" testListId="8c84fa94-04c1-424b-9868-57a2d4851a1d" relativeResultsDirectory="2d2f5b5e-ccb8-4a46-bb52-ecbdb7db5e88" />
    <UnitTestResult executionId="98a4aa24-1dd5-4913-bf33-9ed5c40a6091" testId="edd04f72-e846-3536-4d16-cb04e8460e6b" testName="FormsControlScaledLocationAndSize_AnchorRightAndBottom_150Percent_Scaling" computerName="DKSR-EFI-06" duration="00:00:00.0010331" startTime="2024-01-09T15:42:50.2715503+01:00" endTime="2024-01-09T15:42:50.2728135+01:00" testType="13cdc9d9-ddb5-4fa4-a97d-d965ccfc6d4b" outcome="Passed" testListId="8c84fa94-04c1-424b-9868-57a2d4851a1d" relativeResultsDirectory="98a4aa24-1dd5-4913-bf33-9ed5c40a6091" />
    <UnitTestResult executionId="f98d932d-dc11-4339-8fc7-254eb5f5d2a1" testId="6be2a7ca-9e0f-738a-b561-fdbbb35486e2" testName="ProvideValue_ReturnsThis" computerName="DKSR-EFI-06" duration="00:00:00.0006471" startTime="2024-01-09T15:42:29.2416262+01:00" endTime="2024-01-09T15:42:29.2425649+01:00" testType="13cdc9d9-ddb5-4fa4-a97d-d965ccfc6d4b" outcome="Passed" testListId="8c84fa94-04c1-424b-9868-57a2d4851a1d" relativeResultsDirectory="f98d932d-dc11-4339-8fc7-254eb5f5d2a1" />
    <UnitTestResult executionId="84b644d1-8787-4b59-a931-e39e5f828a11" testId="096497aa-f877-ca92-6ca3-eb3764bf4357" testName="TileStateMaintainsDefinedStateAsLongAsAtLeastOneCurrentStateIsDefined" computerName="DKSR-EFI-06" duration="00:00:00.0078144" startTime="2024-01-09T15:42:39.2392134+01:00" endTime="2024-01-09T15:42:39.3115993+01:00" testType="13cdc9d9-ddb5-4fa4-a97d-d965ccfc6d4b" outcome="Passed" testListId="8c84fa94-04c1-424b-9868-57a2d4851a1d" relativeResultsDirectory="84b644d1-8787-4b59-a931-e39e5f828a11" />
    <UnitTestResult executionId="60d580f8-ba79-4bd4-b649-9282436e6b54" testId="75ddff72-1da7-7256-0e4d-9208c0d7b717" testName="OnPreviewKeyDown_Down_Success" computerName="DKSR-EFI-06" duration="00:00:00.2418531" startTime="2024-01-09T15:42:53.6858534+01:00" endTime="2024-01-09T15:42:54.1842861+01:00" testType="13cdc9d9-ddb5-4fa4-a97d-d965ccfc6d4b" outcome="Passed" testListId="8c84fa94-04c1-424b-9868-57a2d4851a1d" relativeResultsDirectory="60d580f8-ba79-4bd4-b649-9282436e6b54" />
    <UnitTestResult executionId="2d67eb27-4b9c-4281-91d2-fba83044c70f" testId="cbe296a6-601b-dd72-bc79-8548a0abe9dd" testName="MouseHover_OverSelectionRange_IsMouseOverRangeBar_IsTrue" computerName="DKSR-EFI-06" duration="00:00:00.0803705" startTime="2024-01-09T15:42:33.0765554+01:00" endTime="2024-01-09T15:42:33.1812992+01:00" testType="13cdc9d9-ddb5-4fa4-a97d-d965ccfc6d4b" outcome="Passed" testListId="8c84fa94-04c1-424b-9868-57a2d4851a1d" relativeResultsDirectory="2d67eb27-4b9c-4281-91d2-fba83044c70f" />
    <UnitTestResult executionId="e80d9f01-7d53-4670-aa6b-febba8d41357" testId="bb65ea30-4ccc-91b1-efbb-715f93a6d534" testName="Constructor_StateService_ArgumentNull_Thrown" computerName="DKSR-EFI-06" duration="00:00:00.0074591" startTime="2024-01-09T15:43:00.7813863+01:00" endTime="2024-01-09T15:43:00.7893010+01:00" testType="13cdc9d9-ddb5-4fa4-a97d-d965ccfc6d4b" outcome="Passed" testListId="8c84fa94-04c1-424b-9868-57a2d4851a1d" relativeResultsDirectory="e80d9f01-7d53-4670-aa6b-febba8d41357" />
    <UnitTestResult executionId="26801e1b-6e76-41d5-9320-1476f903b8f4" testId="4c2c17d3-0b22-1bad-fc18-dfc6e618f39b" testName="AuthenticationWindows_SetEnabled_Throws_InvalidOperationException" computerName="DKSR-EFI-06" duration="00:00:00.0003108" startTime="2024-01-09T15:43:01.2216820+01:00" endTime="2024-01-09T15:43:01.2222086+01:00" testType="13cdc9d9-ddb5-4fa4-a97d-d965ccfc6d4b" outcome="Passed" testListId="8c84fa94-04c1-424b-9868-57a2d4851a1d" relativeResultsDirectory="26801e1b-6e76-41d5-9320-1476f903b8f4" />
    <UnitTestResult executionId="443d48a8-8a27-450a-872a-8eaf6dafc526" testId="ac7da09a-9c21-96d1-0628-e57364e271db" testName="ClearUnsecureConnectionAllowedForUser_ShouldRemoveAllowUnsecureConnectionsNode_WhenAllUsersAreRemoved" computerName="DKSR-EFI-06" duration="00:00:00.0044280" startTime="2024-01-09T15:43:01.3546734+01:00" endTime="2024-01-09T15:43:01.3592968+01:00" testType="13cdc9d9-ddb5-4fa4-a97d-d965ccfc6d4b" outcome="Passed" testListId="8c84fa94-04c1-424b-9868-57a2d4851a1d" relativeResultsDirectory="443d48a8-8a27-450a-872a-8eaf6dafc526" />
    <UnitTestResult executionId="e57fa326-5dbd-4f65-8ea4-c239bbd918b9" testId="78d8640f-f64c-e788-cbb5-62b4d5593dba" testName="RemoveFrameworkElementsOverlay_WithUnknownId_ShouldLeaveListsUnchanged" computerName="DKSR-EFI-06" duration="00:00:00.0015540" startTime="2024-01-09T15:43:00.6704550+01:00" endTime="2024-01-09T15:43:00.6732020+01:00" testType="13cdc9d9-ddb5-4fa4-a97d-d965ccfc6d4b" outcome="Passed" testListId="8c84fa94-04c1-424b-9868-57a2d4851a1d" relativeResultsDirectory="e57fa326-5dbd-4f65-8ea4-c239bbd918b9" />
    <UnitTestResult executionId="7338c4b4-21bc-46dc-887f-bc77ed489fbc" testId="704cc4f9-442e-9c30-b5d7-b60631e124cf" testName="Constructor_ShouldCreateTreeOfDepth2_WhenUnitsHaveGrandparent" computerName="DKSR-EFI-06" duration="00:00:00.0045485" startTime="2024-01-09T15:42:29.0949676+01:00" endTime="2024-01-09T15:42:29.0996698+01:00" testType="13cdc9d9-ddb5-4fa4-a97d-d965ccfc6d4b" outcome="Passed" testListId="8c84fa94-04c1-424b-9868-57a2d4851a1d" relativeResultsDirectory="7338c4b4-21bc-46dc-887f-bc77ed489fbc" />
    <UnitTestResult executionId="1e6e44f6-26c7-4988-b1dc-0b1e01c1ce3e" testId="3c8c7252-b903-0c1c-e35f-58aec4759494" testName="RoundToHour_Nearest" computerName="DKSR-EFI-06" duration="00:00:00.0007958" startTime="2024-01-09T15:42:49.7530905+01:00" endTime="2024-01-09T15:42:49.7540779+01:00" testType="13cdc9d9-ddb5-4fa4-a97d-d965ccfc6d4b" outcome="Passed" testListId="8c84fa94-04c1-424b-9868-57a2d4851a1d" relativeResultsDirectory="1e6e44f6-26c7-4988-b1dc-0b1e01c1ce3e" />
    <UnitTestResult executionId="95e16432-bc77-4f02-83a1-70015dfcb242" testId="3b2d2dcf-dfa8-bcce-057a-1c433d9c6c08" testName="OnPreviewKeyDown_Shift_Click_Select_FromGreaterIndexToLowerIndex_Success" computerName="DKSR-EFI-06" duration="00:00:00.2432816" startTime="2024-01-09T15:42:58.2605921+01:00" endTime="2024-01-09T15:42:58.6153472+01:00" testType="13cdc9d9-ddb5-4fa4-a97d-d965ccfc6d4b" outcome="Passed" testListId="8c84fa94-04c1-424b-9868-57a2d4851a1d" relativeResultsDirectory="95e16432-bc77-4f02-83a1-70015dfcb242" />
    <UnitTestResult executionId="1da1f7d0-e71c-4797-a855-15250bbfe6d6" testId="ca6d72ce-f71b-8ae1-85b8-7dccf00e0632" testName="SequenceEquals_DifferentlySizedCollections_RespectOrder_SymmetricalFalseResult" computerName="DKSR-EFI-06" duration="00:00:00.0011583" startTime="2024-01-09T15:42:49.5736535+01:00" endTime="2024-01-09T15:42:49.5750082+01:00" testType="13cdc9d9-ddb5-4fa4-a97d-d965ccfc6d4b" outcome="Passed" testListId="8c84fa94-04c1-424b-9868-57a2d4851a1d" relativeResultsDirectory="1da1f7d0-e71c-4797-a855-15250bbfe6d6" />
    <UnitTestResult executionId="7e3fbaae-507a-447f-9711-f4642b3c488b" testId="459463df-7b24-1834-e524-ebc8eb49d9bc" testName="PersistTilesCallsAppropriateMethodsInProvider" computerName="DKSR-EFI-06" duration="00:00:00.0249873" startTime="2024-01-09T15:42:37.8544966+01:00" endTime="2024-01-09T15:42:37.9315785+01:00" testType="13cdc9d9-ddb5-4fa4-a97d-d965ccfc6d4b" outcome="Passed" testListId="8c84fa94-04c1-424b-9868-57a2d4851a1d" relativeResultsDirectory="7e3fbaae-507a-447f-9711-f4642b3c488b" />
    <UnitTestResult executionId="aa7a779c-01e2-4e96-a705-d11653206379" testId="d5c0e485-765d-c99d-60c1-f669baa2c385" testName="Convert_SingleValueConverter_ValidValue_Success" computerName="DKSR-EFI-06" duration="00:00:00.0004207" startTime="2024-01-09T15:42:50.3054189+01:00" endTime="2024-01-09T15:42:50.3060536+01:00" testType="13cdc9d9-ddb5-4fa4-a97d-d965ccfc6d4b" outcome="Passed" testListId="8c84fa94-04c1-424b-9868-57a2d4851a1d" relativeResultsDirectory="aa7a779c-01e2-4e96-a705-d11653206379" />
    <UnitTestResult executionId="65160069-95c9-4edb-8a64-86922597215b" testId="c7b24253-640c-715b-788e-d204a9314e7e" testName="ReorderTilesOrdersByPositionServer" computerName="DKSR-EFI-06" startTime="2024-01-09T15:42:37.2724113+01:00" endTime="2024-01-09T15:42:37.2732606+01:00" testType="13cdc9d9-ddb5-4fa4-a97d-d965ccfc6d4b" outcome="NotExecuted" testListId="8c84fa94-04c1-424b-9868-57a2d4851a1d" relativeResultsDirectory="65160069-95c9-4edb-8a64-86922597215b">
      <Output>
        <ErrorInfo>
          <Message>EORP-655 unstable test: fails in gate (probability ~1/100).</Message>
        </ErrorInfo>
      </Output>
    </UnitTestResult>
    <UnitTestResult executionId="1ce2ef12-74d7-4477-9b62-51e62e8cab81" testId="74add8a2-d9f3-2054-f072-e9237767895b" testName="ProvideValue_ReturnsThis" computerName="DKSR-EFI-06" duration="00:00:00.0008038" startTime="2024-01-09T15:42:50.2985491+01:00" endTime="2024-01-09T15:42:50.2997155+01:00" testType="13cdc9d9-ddb5-4fa4-a97d-d965ccfc6d4b" outcome="Passed" testListId="8c84fa94-04c1-424b-9868-57a2d4851a1d" relativeResultsDirectory="1ce2ef12-74d7-4477-9b62-51e62e8cab81" />
    <UnitTestResult executionId="bc188215-d864-4671-a222-4cedf7c14939" testId="bf21cb13-4f33-4868-5185-223274a7024a" testName="TryGetIntValue_KeyFound_ValueReturned" computerName="DKSR-EFI-06" duration="00:00:00.0002196" startTime="2024-01-09T15:43:00.7796757+01:00" endTime="2024-01-09T15:43:00.7800576+01:00" testType="13cdc9d9-ddb5-4fa4-a97d-d965ccfc6d4b" outcome="Passed" testListId="8c84fa94-04c1-424b-9868-57a2d4851a1d" relativeResultsDirectory="bc188215-d864-4671-a222-4cedf7c14939" />
    <UnitTestResult executionId="e2cf2640-90d3-4036-a09e-f50a666240fb" testId="41441101-47ad-5d05-d82c-2bfa6a698b36" testName="RoundToHour_Down" computerName="DKSR-EFI-06" duration="00:00:00.0008900" startTime="2024-01-09T15:42:49.7497930+01:00" endTime="2024-01-09T15:42:49.7508446+01:00" testType="13cdc9d9-ddb5-4fa4-a97d-d965ccfc6d4b" outcome="Passed" testListId="8c84fa94-04c1-424b-9868-57a2d4851a1d" relativeResultsDirectory="e2cf2640-90d3-4036-a09e-f50a666240fb" />
    <UnitTestResult executionId="bc9d6fb7-b8bf-4b8f-95c9-dbddb500ae26" testId="8d2e4a94-ff96-e137-7aa1-856c2b177202" testName="FindOptimalTilingCalculatesEqualNumberOfRowsAndColumnsIfRatioIsOne" computerName="DKSR-EFI-06" duration="00:00:00.2462302" startTime="2024-01-09T15:42:36.5503736+01:00" endTime="2024-01-09T15:42:36.9109494+01:00" testType="13cdc9d9-ddb5-4fa4-a97d-d965ccfc6d4b" outcome="Passed" testListId="8c84fa94-04c1-424b-9868-57a2d4851a1d" relativeResultsDirectory="bc9d6fb7-b8bf-4b8f-95c9-dbddb500ae26" />
    <UnitTestResult executionId="1d7d358a-65fe-4a83-9c9d-f29e8329588f" testId="93774d2d-144b-7040-611e-7e563672ebaa" testName="SaveToFile_ShouldSaveAllowUnsecureConnection_WhenAllowUnsecureIsTrue" computerName="DKSR-EFI-06" duration="00:00:00.0167541" startTime="2024-01-09T15:43:01.3090918+01:00" endTime="2024-01-09T15:43:01.3260523+01:00" testType="13cdc9d9-ddb5-4fa4-a97d-d965ccfc6d4b" outcome="Passed" testListId="8c84fa94-04c1-424b-9868-57a2d4851a1d" relativeResultsDirectory="1d7d358a-65fe-4a83-9c9d-f29e8329588f" />
    <UnitTestResult executionId="f8be0c31-20d1-494b-8fda-6d51a2f608b8" testId="3a13def5-4099-72b0-8c0e-420253783341" testName="UpdateToast_Success" computerName="DKSR-EFI-06" duration="00:00:00.0091882" startTime="2024-01-09T15:42:50.5062765+01:00" endTime="2024-01-09T15:42:50.5157258+01:00" testType="13cdc9d9-ddb5-4fa4-a97d-d965ccfc6d4b" outcome="Passed" testListId="8c84fa94-04c1-424b-9868-57a2d4851a1d" relativeResultsDirectory="f8be0c31-20d1-494b-8fda-6d51a2f608b8" />
    <UnitTestResult executionId="c26eeff7-f9f2-4150-a625-549a4be05f7e" testId="a219a971-ee6f-7138-7f95-5ebe25d5d446" testName="AddFrameworkElementsOverlay_WithFollowDigitalZoomTrue_ShouldAddToFrameworkElementsOverlaysFollowDigitalZoom" computerName="DKSR-EFI-06" duration="00:00:00.0427795" startTime="2024-01-09T15:43:00.4207454+01:00" endTime="2024-01-09T15:43:00.4934769+01:00" testType="13cdc9d9-ddb5-4fa4-a97d-d965ccfc6d4b" outcome="Passed" testListId="8c84fa94-04c1-424b-9868-57a2d4851a1d" relativeResultsDirectory="c26eeff7-f9f2-4150-a625-549a4be05f7e" />
    <UnitTestResult executionId="988fbf00-8a13-4988-96a9-d3bc18b384a2" testId="ed71c039-25d2-86e6-ce2e-7f7815b19541" testName="FindOptimalTilingReturnsIfNoCameraTilesAndNoServerTiles" computerName="DKSR-EFI-06" duration="00:00:00.0034674" startTime="2024-01-09T15:42:36.4077805+01:00" endTime="2024-01-09T15:42:36.5465839+01:00" testType="13cdc9d9-ddb5-4fa4-a97d-d965ccfc6d4b" outcome="Passed" testListId="8c84fa94-04c1-424b-9868-57a2d4851a1d" relativeResultsDirectory="988fbf00-8a13-4988-96a9-d3bc18b384a2" />
    <UnitTestResult executionId="2fab885c-ea6d-4534-a20c-4d253d38132f" testId="ff05611d-fdda-b2a8-4bf8-b702f180c253" testName="UpTileSwapsPositionsOfTileAndPredecessor" computerName="DKSR-EFI-06" duration="00:00:00.0052327" startTime="2024-01-09T15:42:37.6951357+01:00" endTime="2024-01-09T15:42:37.7811859+01:00" testType="13cdc9d9-ddb5-4fa4-a97d-d965ccfc6d4b" outcome="Passed" testListId="8c84fa94-04c1-424b-9868-57a2d4851a1d" relativeResultsDirectory="2fab885c-ea6d-4534-a20c-4d253d38132f" />
    <UnitTestResult executionId="aa286cf8-7cbc-4990-bf56-0126e1c8f087" testId="7f0c527e-e0ba-a3e5-7988-c20f8f846917" testName="OnPreviewKeyDown_Shift_Click_Select_ChangeSelection_Success" computerName="DKSR-EFI-06" duration="00:00:00.2500441" startTime="2024-01-09T15:42:58.6161277+01:00" endTime="2024-01-09T15:42:58.9136967+01:00" testType="13cdc9d9-ddb5-4fa4-a97d-d965ccfc6d4b" outcome="Passed" testListId="8c84fa94-04c1-424b-9868-57a2d4851a1d" relativeResultsDirectory="aa286cf8-7cbc-4990-bf56-0126e1c8f087" />
    <UnitTestResult executionId="c895614c-5fec-4e45-9c79-5740e0b2c46e" testId="e959378d-d0fd-4d49-0362-8d51b28a1ec4" testName="FormsControlScaledHeight_100Percent_Scaling" computerName="DKSR-EFI-06" duration="00:00:00.0008784" startTime="2024-01-09T15:42:50.2571078+01:00" endTime="2024-01-09T15:42:50.2582821+01:00" testType="13cdc9d9-ddb5-4fa4-a97d-d965ccfc6d4b" outcome="Passed" testListId="8c84fa94-04c1-424b-9868-57a2d4851a1d" relativeResultsDirectory="c895614c-5fec-4e45-9c79-5740e0b2c46e" />
    <UnitTestResult executionId="729cdb04-79e6-42cb-8c3a-27effff07a7b" testId="31287f75-c0f1-e036-018c-5c569b7613eb" testName="TickFrequenceSet_GreaterThanMax_ValueValidatedAndUpdated" computerName="DKSR-EFI-06" duration="00:00:00.0037252" startTime="2024-01-09T15:42:31.7868188+01:00" endTime="2024-01-09T15:42:31.8491207+01:00" testType="13cdc9d9-ddb5-4fa4-a97d-d965ccfc6d4b" outcome="Passed" testListId="8c84fa94-04c1-424b-9868-57a2d4851a1d" relativeResultsDirectory="729cdb04-79e6-42cb-8c3a-27effff07a7b" />
    <UnitTestResult executionId="47f9ec43-df4d-43b6-a959-59196e166995" testId="7f7d1819-d3c3-0c1a-31f2-188e1a6b0674" testName="RoundToSecond_Down" computerName="DKSR-EFI-06" duration="00:00:00.0009962" startTime="2024-01-09T15:42:49.7391358+01:00" endTime="2024-01-09T15:42:49.7403263+01:00" testType="13cdc9d9-ddb5-4fa4-a97d-d965ccfc6d4b" outcome="Passed" testListId="8c84fa94-04c1-424b-9868-57a2d4851a1d" relativeResultsDirectory="47f9ec43-df4d-43b6-a959-59196e166995" />
    <UnitTestResult executionId="03d239a0-3d8b-4d1b-b13d-a2b7dd25dd20" testId="3310872c-02b1-3a9f-d890-3c3dc06b553c" testName="ToastOnToastRemoved_ToastRemoved_Success" computerName="DKSR-EFI-06" duration="00:00:00.0178421" startTime="2024-01-09T15:42:29.7078562+01:00" endTime="2024-01-09T15:42:29.7258848+01:00" testType="13cdc9d9-ddb5-4fa4-a97d-d965ccfc6d4b" outcome="Passed" testListId="8c84fa94-04c1-424b-9868-57a2d4851a1d" relativeResultsDirectory="03d239a0-3d8b-4d1b-b13d-a2b7dd25dd20" />
    <UnitTestResult executionId="617c7c90-481a-4454-bb0f-72eef0fde973" testId="38f8f45d-602d-9fe2-6af1-7d834fd278db" testName="GetImageSource_thisIconIsNull_ReturnsFallback" computerName="DKSR-EFI-06" duration="00:00:00.0076206" startTime="2024-01-09T15:42:49.8247831+01:00" endTime="2024-01-09T15:42:49.8326953+01:00" testType="13cdc9d9-ddb5-4fa4-a97d-d965ccfc6d4b" outcome="Passed" testListId="8c84fa94-04c1-424b-9868-57a2d4851a1d" relativeResultsDirectory="617c7c90-481a-4454-bb0f-72eef0fde973" />
    <UnitTestResult executionId="59151200-ef4a-456a-912a-504b29476e7e" testId="c5d5c0bb-f780-e550-d703-b15880279a9f" testName="Convert_ShouldReturnEqualOrLessString_WhenValueIsEqualToThreshold" computerName="DKSR-EFI-06" duration="00:00:00.0002902" startTime="2024-01-09T15:42:50.2933266+01:00" endTime="2024-01-09T15:42:50.2938129+01:00" testType="13cdc9d9-ddb5-4fa4-a97d-d965ccfc6d4b" outcome="Passed" testListId="8c84fa94-04c1-424b-9868-57a2d4851a1d" relativeResultsDirectory="59151200-ef4a-456a-912a-504b29476e7e" />
    <UnitTestResult executionId="c48a395b-f446-4277-ab21-6a1b08a678a5" testId="c93e1fde-ba93-9054-d493-30af75ea0b03" testName="SelectManyOrdered_With_Key_Selector" computerName="DKSR-EFI-06" duration="00:00:00.0071011" startTime="2024-01-09T15:42:49.8426571+01:00" endTime="2024-01-09T15:42:49.8500158+01:00" testType="13cdc9d9-ddb5-4fa4-a97d-d965ccfc6d4b" outcome="Passed" testListId="8c84fa94-04c1-424b-9868-57a2d4851a1d" relativeResultsDirectory="c48a395b-f446-4277-ab21-6a1b08a678a5" />
    <UnitTestResult executionId="6b9283f2-26af-4f18-9bb5-cfba82d4c3ed" testId="12c318f1-025e-56db-70fc-391decd83ddf" testName="AllowUnsecureConnection_ShouldBeFalse_WhenUsernameDoesNotExist" computerName="DKSR-EFI-06" duration="00:00:00.0021452" startTime="2024-01-09T15:43:01.3027763+01:00" endTime="2024-01-09T15:43:01.3051011+01:00" testType="13cdc9d9-ddb5-4fa4-a97d-d965ccfc6d4b" outcome="Passed" testListId="8c84fa94-04c1-424b-9868-57a2d4851a1d" relativeResultsDirectory="6b9283f2-26af-4f18-9bb5-cfba82d4c3ed" />
    <UnitTestResult executionId="7c0973d4-72fc-436e-b4b6-490f622b7b78" testId="2bf7024d-c9a8-0f52-01c6-a02fd7b7c6c8" testName="SequenceEqualIgnoreOrder_OneCollectionWithDuplicateElementOrderedDifferently_IgnoreOrder_SymmetricalFalseResult" computerName="DKSR-EFI-06" duration="00:00:00.0002551" startTime="2024-01-09T15:42:49.8643013+01:00" endTime="2024-01-09T15:42:49.8647386+01:00" testType="13cdc9d9-ddb5-4fa4-a97d-d965ccfc6d4b" outcome="Passed" testListId="8c84fa94-04c1-424b-9868-57a2d4851a1d" relativeResultsDirectory="7c0973d4-72fc-436e-b4b6-490f622b7b78" />
    <UnitTestResult executionId="9a8e6127-5e8d-4613-9858-a46b1a74e016" testId="1a9ef545-ced5-a479-15d2-22e0772b422a" testName="GetTimeSpanValueOrDefault_KeyFound_ValueReturned" computerName="DKSR-EFI-06" duration="00:00:00.0002905" startTime="2024-01-09T15:43:00.7634386+01:00" endTime="2024-01-09T15:43:00.7649473+01:00" testType="13cdc9d9-ddb5-4fa4-a97d-d965ccfc6d4b" outcome="Passed" testListId="8c84fa94-04c1-424b-9868-57a2d4851a1d" relativeResultsDirectory="9a8e6127-5e8d-4613-9858-a46b1a74e016" />
    <UnitTestResult executionId="291a113c-2ab8-4caa-b70d-e02546b18c47" testId="9e746348-f3a7-2f41-9d29-e3b583264792" testName="RoundToMillisecond_Down" computerName="DKSR-EFI-06" duration="00:00:00.0106283" startTime="2024-01-09T15:42:49.7237666+01:00" endTime="2024-01-09T15:42:49.7348727+01:00" testType="13cdc9d9-ddb5-4fa4-a97d-d965ccfc6d4b" outcome="Passed" testListId="8c84fa94-04c1-424b-9868-57a2d4851a1d" relativeResultsDirectory="291a113c-2ab8-4caa-b70d-e02546b18c47" />
    <UnitTestResult executionId="23806fd5-1a4f-4e24-a65d-df4bb9d3bce1" testId="8ca24930-13c2-9054-276b-c0c9a4d03ea7" testName="SequenceEquals_OneCollectionWithDuplicateElementOrderedDifferently_IgnoreOrder_SymmetricalFalseResult" computerName="DKSR-EFI-06" duration="00:00:00.0002292" startTime="2024-01-09T15:42:49.5845378+01:00" endTime="2024-01-09T15:42:49.5849377+01:00" testType="13cdc9d9-ddb5-4fa4-a97d-d965ccfc6d4b" outcome="Passed" testListId="8c84fa94-04c1-424b-9868-57a2d4851a1d" relativeResultsDirectory="23806fd5-1a4f-4e24-a65d-df4bb9d3bce1" />
    <UnitTestResult executionId="a8056e13-6e74-408f-83ce-4bef90561729" testId="c3eb088b-e534-d6fa-e2f7-38f7fde309c3" testName="SetTheSameCamAndDateTimeTwice" computerName="DKSR-EFI-06" duration="00:00:00.0006639" startTime="2024-01-09T15:42:36.1849168+01:00" endTime="2024-01-09T15:42:36.1857057+01:00" testType="13cdc9d9-ddb5-4fa4-a97d-d965ccfc6d4b" outcome="Passed" testListId="8c84fa94-04c1-424b-9868-57a2d4851a1d" relativeResultsDirectory="a8056e13-6e74-408f-83ce-4bef90561729" />
    <UnitTestResult executionId="bce02a56-99c4-4877-9bb3-70bd023927f0" testId="ea980a94-f888-1c61-339c-f499bb9324bc" testName="SetUnsecureConnectionAllowedForUser_ShouldUpdateUser_WhenUserExistsWithDiffetentValue" computerName="DKSR-EFI-06" duration="00:00:00.0013850" startTime="2024-01-09T15:43:01.3663823+01:00" endTime="2024-01-09T15:43:01.3679380+01:00" testType="13cdc9d9-ddb5-4fa4-a97d-d965ccfc6d4b" outcome="Passed" testListId="8c84fa94-04c1-424b-9868-57a2d4851a1d" relativeResultsDirectory="bce02a56-99c4-4877-9bb3-70bd023927f0" />
    <UnitTestResult executionId="60e072ab-52f1-48ff-8f0b-be8ff92f9a19" testId="7cbfb0f2-220f-3c70-4132-45e5c8965201" testName="Constructor_ShouldCreateDefaultSlide_WhenZeroSlidesGiven" computerName="DKSR-EFI-06" duration="00:00:00.0006833" startTime="2024-01-09T15:42:49.5355230+01:00" endTime="2024-01-09T15:42:49.5364125+01:00" testType="13cdc9d9-ddb5-4fa4-a97d-d965ccfc6d4b" outcome="Passed" testListId="8c84fa94-04c1-424b-9868-57a2d4851a1d" relativeResultsDirectory="60e072ab-52f1-48ff-8f0b-be8ff92f9a19" />
    <UnitTestResult executionId="7da52480-9d95-43d8-9e7d-26af46a370d5" testId="00128a49-1d90-04d8-005b-b12d7a997cf3" testName="StopAndDisconnect_SessionNotStarted_ServiceNotCalled" computerName="DKSR-EFI-06" duration="00:00:00.0007251" startTime="2024-01-09T15:43:01.1991796+01:00" endTime="2024-01-09T15:43:01.2000722+01:00" testType="13cdc9d9-ddb5-4fa4-a97d-d965ccfc6d4b" outcome="Passed" testListId="8c84fa94-04c1-424b-9868-57a2d4851a1d" relativeResultsDirectory="7da52480-9d95-43d8-9e7d-26af46a370d5" />
    <UnitTestResult executionId="20416291-e1b5-4974-806e-a610c6bdbaa4" testId="76a3a4c2-b730-8445-7c90-0d70d705d3b2" testName="OnPreviewKeyDown_RightCtrl_A_UnselectAll_Success" computerName="DKSR-EFI-06" duration="00:00:00.1998294" startTime="2024-01-09T15:42:57.3684784+01:00" endTime="2024-01-09T15:42:57.6430258+01:00" testType="13cdc9d9-ddb5-4fa4-a97d-d965ccfc6d4b" outcome="Passed" testListId="8c84fa94-04c1-424b-9868-57a2d4851a1d" relativeResultsDirectory="20416291-e1b5-4974-806e-a610c6bdbaa4" />
    <UnitTestResult executionId="ad0d12ae-9037-4d00-971c-222f9279023b" testId="661c40ac-bb0a-5c56-01a5-d53b34f19b38" testName="Create_RecycledItemAlreadyBeingReused_Success" computerName="DKSR-EFI-06" duration="00:00:00.0006419" startTime="2024-01-09T15:42:29.2235582+01:00" endTime="2024-01-09T15:42:29.2243490+01:00" testType="13cdc9d9-ddb5-4fa4-a97d-d965ccfc6d4b" outcome="Passed" testListId="8c84fa94-04c1-424b-9868-57a2d4851a1d" relativeResultsDirectory="ad0d12ae-9037-4d00-971c-222f9279023b" />
    <UnitTestResult executionId="b4750482-cfc5-40f4-94a0-d5f2491429bc" testId="441a4176-3f9e-7fdb-d742-3ee7574fadc4" testName="TooltipServiceWarning_Failover_LocalAuthorizationError" computerName="DKSR-EFI-06" duration="00:00:00.0003518" startTime="2024-01-09T15:43:00.2888564+01:00" endTime="2024-01-09T15:43:00.2893799+01:00" testType="13cdc9d9-ddb5-4fa4-a97d-d965ccfc6d4b" outcome="Passed" testListId="8c84fa94-04c1-424b-9868-57a2d4851a1d" relativeResultsDirectory="b4750482-cfc5-40f4-94a0-d5f2491429bc" />
    <UnitTestResult executionId="c2b20e6a-b2e7-4fa6-9f03-644e000c1b26" testId="75b02970-aa24-70a3-87c6-08d86ea85974" testName="AuthenticationWindowsDefault_SetName_Throws_InvalidOperationException" computerName="DKSR-EFI-06" duration="00:00:00.0003909" startTime="2024-01-09T15:43:01.2194787+01:00" endTime="2024-01-09T15:43:01.2200606+01:00" testType="13cdc9d9-ddb5-4fa4-a97d-d965ccfc6d4b" outcome="Passed" testListId="8c84fa94-04c1-424b-9868-57a2d4851a1d" relativeResultsDirectory="c2b20e6a-b2e7-4fa6-9f03-644e000c1b26" />
    <UnitTestResult executionId="8e20f5f1-1ab9-486f-896f-d9b4c327aa96" testId="b722671b-5697-c030-4a64-cd7cdd00f422" testName="ShowDialogScaledHorizontalCenter_150Percent_Scaling" computerName="DKSR-EFI-06" duration="00:00:00.0043348" startTime="2024-01-09T15:42:50.0904268+01:00" endTime="2024-01-09T15:42:50.1267593+01:00" testType="13cdc9d9-ddb5-4fa4-a97d-d965ccfc6d4b" outcome="Passed" testListId="8c84fa94-04c1-424b-9868-57a2d4851a1d" relativeResultsDirectory="8e20f5f1-1ab9-486f-896f-d9b4c327aa96" />
    <UnitTestResult executionId="e0b4b9e0-c462-4aec-8832-9413d5456b9f" testId="2b14ff95-cabe-8a3e-8e5c-8673fcb142c5" testName="SingleCameraMustSetDisplayNameDeletedCameraTextIfItDoesNotExist" computerName="DKSR-EFI-06" duration="00:00:00.0004380" startTime="2024-01-09T15:42:39.9074069+01:00" endTime="2024-01-09T15:42:39.9080129+01:00" testType="13cdc9d9-ddb5-4fa4-a97d-d965ccfc6d4b" outcome="Passed" testListId="8c84fa94-04c1-424b-9868-57a2d4851a1d" relativeResultsDirectory="e0b4b9e0-c462-4aec-8832-9413d5456b9f" />
    <UnitTestResult executionId="ab782c25-de7f-433c-8189-8e922a84a373" testId="6e65f41d-fe2d-ee70-9028-5945410fb292" testName="GetStringValueOrDefault_WrongKeyValue_DefaultValueReturned" computerName="DKSR-EFI-06" duration="00:00:00.0001917" startTime="2024-01-09T15:43:00.7733774+01:00" endTime="2024-01-09T15:43:00.7737328+01:00" testType="13cdc9d9-ddb5-4fa4-a97d-d965ccfc6d4b" outcome="Passed" testListId="8c84fa94-04c1-424b-9868-57a2d4851a1d" relativeResultsDirectory="ab782c25-de7f-433c-8189-8e922a84a373" />
    <UnitTestResult executionId="324dff04-2eb2-4855-8625-56d723f22f9b" testId="d8e63543-1f0c-4f29-79c8-6459f1072b63" testName="DetermineScaledWindowLocationAndSize_CenterScreen_150Percent_Scaling" computerName="DKSR-EFI-06" duration="00:00:00.0043726" startTime="2024-01-09T15:42:50.2788620+01:00" endTime="2024-01-09T15:42:50.2834375+01:00" testType="13cdc9d9-ddb5-4fa4-a97d-d965ccfc6d4b" outcome="Passed" testListId="8c84fa94-04c1-424b-9868-57a2d4851a1d" relativeResultsDirectory="324dff04-2eb2-4855-8625-56d723f22f9b" />
    <UnitTestResult executionId="83bf1f8b-63d9-4145-afc5-b56e330f6ee7" testId="99ffc01d-6d47-54d4-118d-67b642c0d057" testName="SelectedItems_Cleanup_Success" computerName="DKSR-EFI-06" duration="00:00:00.0046463" startTime="2024-01-09T15:43:00.0935032+01:00" endTime="2024-01-09T15:43:00.1268975+01:00" testType="13cdc9d9-ddb5-4fa4-a97d-d965ccfc6d4b" outcome="Passed" testListId="8c84fa94-04c1-424b-9868-57a2d4851a1d" relativeResultsDirectory="83bf1f8b-63d9-4145-afc5-b56e330f6ee7" />
    <UnitTestResult executionId="2784b0e3-daa3-4105-a078-fd67770baa55" testId="d94fec79-4b64-232e-e01f-dd0b26b0effe" testName="Constructor_OAuth_ArgumentNull_NotThrown" computerName="DKSR-EFI-06" duration="00:00:00.0028776" startTime="2024-01-09T15:43:01.1882640+01:00" endTime="2024-01-09T15:43:01.1913357+01:00" testType="13cdc9d9-ddb5-4fa4-a97d-d965ccfc6d4b" outcome="Passed" testListId="8c84fa94-04c1-424b-9868-57a2d4851a1d" relativeResultsDirectory="2784b0e3-daa3-4105-a078-fd67770baa55" />
    <UnitTestResult executionId="52668951-63f0-4c74-b847-2f10ba52191b" testId="3b223dd9-b4de-6435-8d9f-fb5af0ea22bc" testName="Ctor_Success" computerName="DKSR-EFI-06" duration="00:00:00.0004692" startTime="2024-01-09T15:42:50.5293803+01:00" endTime="2024-01-09T15:42:50.5301837+01:00" testType="13cdc9d9-ddb5-4fa4-a97d-d965ccfc6d4b" outcome="Passed" testListId="8c84fa94-04c1-424b-9868-57a2d4851a1d" relativeResultsDirectory="52668951-63f0-4c74-b847-2f10ba52191b" />
    <UnitTestResult executionId="19f05b46-b183-455a-ab4b-9295af837c84" testId="e7fe4176-e00b-74b7-50f4-595529010ad0" testName="DeleteTileThrowsIfTileNotInBox" computerName="DKSR-EFI-06" duration="00:00:00.0037368" startTime="2024-01-09T15:42:37.4159701+01:00" endTime="2024-01-09T15:42:37.5162257+01:00" testType="13cdc9d9-ddb5-4fa4-a97d-d965ccfc6d4b" outcome="Passed" testListId="8c84fa94-04c1-424b-9868-57a2d4851a1d" relativeResultsDirectory="19f05b46-b183-455a-ab4b-9295af837c84" />
    <UnitTestResult executionId="18b54b79-54b3-41f2-9ba8-91b8924ef366" testId="b6fd8020-db5d-f64a-77cc-9352b31e97f8" testName="SequenceEquals_EqualCollectionsOrderedDifferently_IgnoreOrder_SymmetricalTrueResult" computerName="DKSR-EFI-06" duration="00:00:00.0002430" startTime="2024-01-09T15:42:49.5820034+01:00" endTime="2024-01-09T15:42:49.5824249+01:00" testType="13cdc9d9-ddb5-4fa4-a97d-d965ccfc6d4b" outcome="Passed" testListId="8c84fa94-04c1-424b-9868-57a2d4851a1d" relativeResultsDirectory="18b54b79-54b3-41f2-9ba8-91b8924ef366" />
    <UnitTestResult executionId="dfb663ce-eb57-4aa0-a8aa-b6a123448c8e" testId="586aa199-8ad2-c267-31e0-7d856afcab20" testName="SetUnsecureConnectionAllowedForUser_ShouldAddUser_WhenUserIsEmpty" computerName="DKSR-EFI-06" duration="00:00:00.0024714" startTime="2024-01-09T15:43:01.3611914+01:00" endTime="2024-01-09T15:43:01.3638403+01:00" testType="13cdc9d9-ddb5-4fa4-a97d-d965ccfc6d4b" outcome="Passed" testListId="8c84fa94-04c1-424b-9868-57a2d4851a1d" relativeResultsDirectory="dfb663ce-eb57-4aa0-a8aa-b6a123448c8e" />
    <UnitTestResult executionId="8acbc789-048c-4e5c-bf07-9292ae3a4257" testId="fb8d16f8-d393-a6c5-f7cb-47543546127a" testName="MouseDown_OverLeftRangeBar_RangeMaxUpdated" computerName="DKSR-EFI-06" duration="00:00:00.2051112" startTime="2024-01-09T15:42:33.4347987+01:00" endTime="2024-01-09T15:42:33.6508836+01:00" testType="13cdc9d9-ddb5-4fa4-a97d-d965ccfc6d4b" outcome="Passed" testListId="8c84fa94-04c1-424b-9868-57a2d4851a1d" relativeResultsDirectory="8acbc789-048c-4e5c-bf07-9292ae3a4257" />
    <UnitTestResult executionId="b8d9ee95-5013-4e32-bb69-275acc0c0417" testId="a0a697d6-c6a3-5a08-d701-7b26e299e138" testName="SaveToFile_ShouldSaveAllowUnsecureConnection_WhenAllowUnsecureSetToTrueAndServerEntryDoesNotExistInXml" computerName="DKSR-EFI-06" duration="00:00:00.0031519" startTime="2024-01-09T15:43:01.3339979+01:00" endTime="2024-01-09T15:43:01.3373522+01:00" testType="13cdc9d9-ddb5-4fa4-a97d-d965ccfc6d4b" outcome="Passed" testListId="8c84fa94-04c1-424b-9868-57a2d4851a1d" relativeResultsDirectory="b8d9ee95-5013-4e32-bb69-275acc0c0417" />
    <UnitTestResult executionId="0c1464c5-ab0e-4ffd-818b-a30b21960cc1" testId="669c2664-9e93-7539-3901-e5233189df70" testName="Convert_ShouldReturnGreaterThanString_WhenValueIsGreaterThanThreshold" computerName="DKSR-EFI-06" duration="00:00:00.0004535" startTime="2024-01-09T15:42:50.2943147+01:00" endTime="2024-01-09T15:42:50.2949514+01:00" testType="13cdc9d9-ddb5-4fa4-a97d-d965ccfc6d4b" outcome="Passed" testListId="8c84fa94-04c1-424b-9868-57a2d4851a1d" relativeResultsDirectory="0c1464c5-ab0e-4ffd-818b-a30b21960cc1" />
    <UnitTestResult executionId="d71416d1-ca1e-46c9-babf-63b6508f90e5" testId="3e5839e2-2685-aaaf-8dd6-2d9da7f4f9a8" testName="FormsControlScaledLocationAndSize_AnchorLeftAndTop_150Percent_Scaling" computerName="DKSR-EFI-06" duration="00:00:00.0008420" startTime="2024-01-09T15:42:50.2700168+01:00" endTime="2024-01-09T15:42:50.2710514+01:00" testType="13cdc9d9-ddb5-4fa4-a97d-d965ccfc6d4b" outcome="Passed" testListId="8c84fa94-04c1-424b-9868-57a2d4851a1d" relativeResultsDirectory="d71416d1-ca1e-46c9-babf-63b6508f90e5" />
    <UnitTestResult executionId="ddfe2b0a-e47c-40dd-bb7e-2da297f57bd1" testId="7e8a853c-5510-8468-d824-0047ef588b74" testName="OnPreviewKeyDown_RightAlt_Click_Select_Success" computerName="DKSR-EFI-06" duration="00:00:00.2521416" startTime="2024-01-09T15:42:59.5461937+01:00" endTime="2024-01-09T15:42:59.8158113+01:00" testType="13cdc9d9-ddb5-4fa4-a97d-d965ccfc6d4b" outcome="Passed" testListId="8c84fa94-04c1-424b-9868-57a2d4851a1d" relativeResultsDirectory="ddfe2b0a-e47c-40dd-bb7e-2da297f57bd1" />
    <UnitTestResult executionId="e44ba2e8-67d4-4d45-9a95-72ea75685457" testId="958cf364-23eb-e2d5-f664-d61945c55467" testName="IsUnsecureConnectionAllowedForUser_ShouldReturnFalse_WhenAllowUnsecureIsInvalid" computerName="DKSR-EFI-06" duration="00:00:00.0006405" startTime="2024-01-09T15:43:01.3429044+01:00" endTime="2024-01-09T15:43:01.3437241+01:00" testType="13cdc9d9-ddb5-4fa4-a97d-d965ccfc6d4b" outcome="Passed" testListId="8c84fa94-04c1-424b-9868-57a2d4851a1d" relativeResultsDirectory="e44ba2e8-67d4-4d45-9a95-72ea75685457" />
    <UnitTestResult executionId="c10b83c4-d755-4cc6-afca-0565029616e8" testId="535b5010-34ee-7c3d-315a-1071e5381898" testName="Convert_SingleValueConverter_DifferentTargetType_Success" computerName="DKSR-EFI-06" duration="00:00:00.0002672" startTime="2024-01-09T15:42:50.3065688+01:00" endTime="2024-01-09T15:42:50.3070357+01:00" testType="13cdc9d9-ddb5-4fa4-a97d-d965ccfc6d4b" outcome="Passed" testListId="8c84fa94-04c1-424b-9868-57a2d4851a1d" relativeResultsDirectory="c10b83c4-d755-4cc6-afca-0565029616e8" />
    <UnitTestResult executionId="d1f9d2b4-da49-43ed-a895-2729a8db48fb" testId="8a554420-2901-ce60-a106-99e771204384" testName="TryCreateUri_ShouldReturnFalse_WhenInputIsInvalidUri" computerName="DKSR-EFI-06" duration="00:00:00.0012391" startTime="2024-01-09T15:42:49.9952415+01:00" endTime="2024-01-09T15:42:49.9968407+01:00" testType="13cdc9d9-ddb5-4fa4-a97d-d965ccfc6d4b" outcome="Passed" testListId="8c84fa94-04c1-424b-9868-57a2d4851a1d" relativeResultsDirectory="d1f9d2b4-da49-43ed-a895-2729a8db48fb" />
    <UnitTestResult executionId="35c79c8e-3974-4d43-8a04-2a7428f35612" testId="21727a68-5514-e7fd-4cbf-85c9b79894da" testName="ItemHolder_SelectedToggleButton_MouseClick_Success" computerName="DKSR-EFI-06" duration="00:00:00.1490928" startTime="2024-01-09T15:42:52.9422379+01:00" endTime="2024-01-09T15:42:53.1413628+01:00" testType="13cdc9d9-ddb5-4fa4-a97d-d965ccfc6d4b" outcome="Passed" testListId="8c84fa94-04c1-424b-9868-57a2d4851a1d" relativeResultsDirectory="35c79c8e-3974-4d43-8a04-2a7428f35612" />
    <UnitTestResult executionId="1e198c5a-66d4-4fb4-a675-85aba49969b3" testId="9e8c12e8-27ef-31c9-ca23-5d60c890c874" testName="GetBoolValueOrDefault_EmptyKeyValue_DefaultValueReturned" computerName="DKSR-EFI-06" duration="00:00:00.0001772" startTime="2024-01-09T15:43:00.7768214+01:00" endTime="2024-01-09T15:43:00.7771655+01:00" testType="13cdc9d9-ddb5-4fa4-a97d-d965ccfc6d4b" outcome="Passed" testListId="8c84fa94-04c1-424b-9868-57a2d4851a1d" relativeResultsDirectory="1e198c5a-66d4-4fb4-a675-85aba49969b3" />
    <UnitTestResult executionId="4d7238ad-012e-433f-abb3-edacfdcc255d" testId="e1f855c8-36b9-4274-1f3f-20a1e21c5404" testName="OnPreviewKeyDown_Ctrl_Click_Unselect_Success" computerName="DKSR-EFI-06" duration="00:00:00.2574144" startTime="2024-01-09T15:42:59.8198625+01:00" endTime="2024-01-09T15:43:00.0926668+01:00" testType="13cdc9d9-ddb5-4fa4-a97d-d965ccfc6d4b" outcome="Passed" testListId="8c84fa94-04c1-424b-9868-57a2d4851a1d" relativeResultsDirectory="4d7238ad-012e-433f-abb3-edacfdcc255d" />
    <UnitTestResult executionId="698b86b6-b618-4a73-9080-6a6d44c5224a" testId="255725f3-62ba-63bd-b914-0cdfd4638d83" testName="DetermineScaledWindowLocationAndSize_100Percent_Scaling" computerName="DKSR-EFI-06" duration="00:00:00.0007815" startTime="2024-01-09T15:42:50.2749158+01:00" endTime="2024-01-09T15:42:50.2758811+01:00" testType="13cdc9d9-ddb5-4fa4-a97d-d965ccfc6d4b" outcome="Passed" testListId="8c84fa94-04c1-424b-9868-57a2d4851a1d" relativeResultsDirectory="698b86b6-b618-4a73-9080-6a6d44c5224a" />
    <UnitTestResult executionId="94e17d5d-817d-4d30-9e9d-8119ed1d67e8" testId="0b0e0ad1-c995-9403-bc1c-5f3fb5cc273a" testName="GetBoolValueOrDefault_KeyFound_ValueReturned" computerName="DKSR-EFI-06" duration="00:00:00.0001968" startTime="2024-01-09T15:43:00.7751553+01:00" endTime="2024-01-09T15:43:00.7755116+01:00" testType="13cdc9d9-ddb5-4fa4-a97d-d965ccfc6d4b" outcome="Passed" testListId="8c84fa94-04c1-424b-9868-57a2d4851a1d" relativeResultsDirectory="94e17d5d-817d-4d30-9e9d-8119ed1d67e8" />
    <UnitTestResult executionId="b854751a-d57f-4559-b39e-ba085cd4b13d" testId="51395a71-b567-dc86-b950-ec06701415e4" testName="ReorderTilesOrdersByPositionCamera" computerName="DKSR-EFI-06" startTime="2024-01-09T15:42:37.2738877+01:00" endTime="2024-01-09T15:42:37.2739978+01:00" testType="13cdc9d9-ddb5-4fa4-a97d-d965ccfc6d4b" outcome="NotExecuted" testListId="8c84fa94-04c1-424b-9868-57a2d4851a1d" relativeResultsDirectory="b854751a-d57f-4559-b39e-ba085cd4b13d">
      <Output>
        <ErrorInfo>
          <Message>EORP-942 unstable test</Message>
        </ErrorInfo>
      </Output>
    </UnitTestResult>
    <UnitTestResult executionId="0b708d27-d50a-4c2f-9895-812d189f3a91" testId="e0165201-5cdb-4323-41c0-fe10a5054fb9" testName="ToastsCanLeaveQueue_Success" computerName="DKSR-EFI-06" duration="00:00:00.0130647" startTime="2024-01-09T15:42:50.4901883+01:00" endTime="2024-01-09T15:42:50.5036313+01:00" testType="13cdc9d9-ddb5-4fa4-a97d-d965ccfc6d4b" outcome="Passed" testListId="8c84fa94-04c1-424b-9868-57a2d4851a1d" relativeResultsDirectory="0b708d27-d50a-4c2f-9895-812d189f3a91" />
    <UnitTestResult executionId="27e86a70-1a85-4742-82c1-0c8acd0d381e" testId="16c91d34-e916-3d59-f51a-4f9b85399289" testName="EqualsTest" computerName="DKSR-EFI-06" duration="00:00:00.0006662" startTime="2024-01-09T15:42:28.5867620+01:00" endTime="2024-01-09T15:42:28.5876016+01:00" testType="13cdc9d9-ddb5-4fa4-a97d-d965ccfc6d4b" outcome="Passed" testListId="8c84fa94-04c1-424b-9868-57a2d4851a1d" relativeResultsDirectory="27e86a70-1a85-4742-82c1-0c8acd0d381e" />
    <UnitTestResult executionId="c147d592-0999-48b4-a174-c4ff7488b60f" testId="a40e30ee-4537-9698-9f88-45700d1ef781" testName="Convert_WithAutomationId_ReturnsValue" computerName="DKSR-EFI-06" duration="00:00:00.0002202" startTime="2024-01-09T15:42:29.2394196+01:00" endTime="2024-01-09T15:42:29.2397653+01:00" testType="13cdc9d9-ddb5-4fa4-a97d-d965ccfc6d4b" outcome="Passed" testListId="8c84fa94-04c1-424b-9868-57a2d4851a1d" relativeResultsDirectory="c147d592-0999-48b4-a174-c4ff7488b60f" />
    <UnitTestResult executionId="c34a8f18-b492-488d-984a-f2fe6a662571" testId="9055d3e9-2242-b78d-4e5e-551084a63cc0" testName="FiresCorrectly" computerName="DKSR-EFI-06" duration="00:00:00.0026961" startTime="2024-01-09T15:42:49.6021293+01:00" endTime="2024-01-09T15:42:49.6051444+01:00" testType="13cdc9d9-ddb5-4fa4-a97d-d965ccfc6d4b" outcome="Passed" testListId="8c84fa94-04c1-424b-9868-57a2d4851a1d" relativeResultsDirectory="c34a8f18-b492-488d-984a-f2fe6a662571" />
    <UnitTestResult executionId="d8645b54-a441-4f65-b109-3bca3923b419" testId="12ac6e7d-4dc0-7730-a820-51b345ac71e7" testName="ctor_Success" computerName="DKSR-EFI-06" duration="00:00:00.4724997" startTime="2024-01-09T15:42:29.7470635+01:00" endTime="2024-01-09T15:42:30.2471007+01:00" testType="13cdc9d9-ddb5-4fa4-a97d-d965ccfc6d4b" outcome="Passed" testListId="8c84fa94-04c1-424b-9868-57a2d4851a1d" relativeResultsDirectory="d8645b54-a441-4f65-b109-3bca3923b419" />
    <UnitTestResult executionId="5091746d-fd11-42aa-ae22-0a181b98af1d" testId="8e17e180-a6fb-9c35-ec45-dff245336c94" testName="Create_RecycledItemAvailable_Success" computerName="DKSR-EFI-06" duration="00:00:00.0011250" startTime="2024-01-09T15:42:29.2216042+01:00" endTime="2024-01-09T15:42:29.2229053+01:00" testType="13cdc9d9-ddb5-4fa4-a97d-d965ccfc6d4b" outcome="Passed" testListId="8c84fa94-04c1-424b-9868-57a2d4851a1d" relativeResultsDirectory="5091746d-fd11-42aa-ae22-0a181b98af1d" />
    <UnitTestResult executionId="8f1ca3f3-a47f-42a9-be74-7d4c8e81d996" testId="4f39f42c-bd61-1d3b-a9d4-94ed188e9ad5" testName="SequenceEqualIgnoreOrder_NullCollection_IgnoreOrder_FalseResult" computerName="DKSR-EFI-06" duration="00:00:00.0002172" startTime="2024-01-09T15:42:49.8633277+01:00" endTime="2024-01-09T15:42:49.8637367+01:00" testType="13cdc9d9-ddb5-4fa4-a97d-d965ccfc6d4b" outcome="Passed" testListId="8c84fa94-04c1-424b-9868-57a2d4851a1d" relativeResultsDirectory="8f1ca3f3-a47f-42a9-be74-7d4c8e81d996" />
    <UnitTestResult executionId="a01f4e40-4afb-4af9-906a-f4f4dcd046da" testId="91452546-d657-4c1c-6138-277aca7ba885" testName="RoundToMinute_RoundDown" computerName="DKSR-EFI-06" duration="00:00:00.0008831" startTime="2024-01-09T15:42:50.0155117+01:00" endTime="2024-01-09T15:42:50.0165719+01:00" testType="13cdc9d9-ddb5-4fa4-a97d-d965ccfc6d4b" outcome="Passed" testListId="8c84fa94-04c1-424b-9868-57a2d4851a1d" relativeResultsDirectory="a01f4e40-4afb-4af9-906a-f4f4dcd046da" />
    <UnitTestResult executionId="f0e67a6e-8977-408c-be08-437e0725fad0" testId="e06e61ed-13a4-6147-16b5-ee8c50cfb777" testName="MeasureCounters_UpdatesGPUInformationCorrectly" computerName="DKSR-EFI-06" duration="00:00:00.0014346" startTime="2024-01-09T15:42:49.4490129+01:00" endTime="2024-01-09T15:42:49.4506769+01:00" testType="13cdc9d9-ddb5-4fa4-a97d-d965ccfc6d4b" outcome="Passed" testListId="8c84fa94-04c1-424b-9868-57a2d4851a1d" relativeResultsDirectory="f0e67a6e-8977-408c-be08-437e0725fad0" />
    <UnitTestResult executionId="5d4ce657-0bd8-478d-a16e-57f7013a4722" testId="e245fb45-69ee-13c5-5051-f3d423a730df" testName="Add_Child_Success" computerName="DKSR-EFI-06" duration="00:00:00.0030308" startTime="2024-01-09T15:42:51.3054254+01:00" endTime="2024-01-09T15:42:51.4078023+01:00" testType="13cdc9d9-ddb5-4fa4-a97d-d965ccfc6d4b" outcome="Passed" testListId="8c84fa94-04c1-424b-9868-57a2d4851a1d" relativeResultsDirectory="5d4ce657-0bd8-478d-a16e-57f7013a4722" />
    <UnitTestResult executionId="c1c1c96b-2249-4930-85d3-4edddb3beb03" testId="ab1319d7-a2c3-e991-b6a2-1cf10c8be090" testName="FormsControlScaleValue_100Percent_Scaling" computerName="DKSR-EFI-06" duration="00:00:00.0008260" startTime="2024-01-09T15:42:50.2615239+01:00" endTime="2024-01-09T15:42:50.2625493+01:00" testType="13cdc9d9-ddb5-4fa4-a97d-d965ccfc6d4b" outcome="Passed" testListId="8c84fa94-04c1-424b-9868-57a2d4851a1d" relativeResultsDirectory="c1c1c96b-2249-4930-85d3-4edddb3beb03" />
    <UnitTestResult executionId="b04f8524-25e0-4346-afbc-64ac5bb4a596" testId="76bac099-ab90-0ad5-557d-efa1c929ace3" testName="TickFrequenceChange_Success" computerName="DKSR-EFI-06" duration="00:00:00.0097570" startTime="2024-01-09T15:42:31.6816394+01:00" endTime="2024-01-09T15:42:31.7858956+01:00" testType="13cdc9d9-ddb5-4fa4-a97d-d965ccfc6d4b" outcome="Passed" testListId="8c84fa94-04c1-424b-9868-57a2d4851a1d" relativeResultsDirectory="b04f8524-25e0-4346-afbc-64ac5bb4a596" />
    <UnitTestResult executionId="b4c0231f-cbf9-4ae1-bb3a-f22e9d75b0bd" testId="5f23c18d-428e-08d4-6861-aed4128bbfb5" testName="ShowCustomizeWindowThrowsWhenParentControlIsNull" computerName="DKSR-EFI-06" duration="00:00:00.0122456" startTime="2024-01-09T15:42:37.2184617+01:00" endTime="2024-01-09T15:42:37.2716380+01:00" testType="13cdc9d9-ddb5-4fa4-a97d-d965ccfc6d4b" outcome="Passed" testListId="8c84fa94-04c1-424b-9868-57a2d4851a1d" relativeResultsDirectory="b4c0231f-cbf9-4ae1-bb3a-f22e9d75b0bd" />
    <UnitTestResult executionId="cd39b50d-efb7-4ed9-acec-8e83f826b74f" testId="c9c040fb-43ed-370d-2782-b2d5defe722d" testName="EmptyConstructor_ShouldCreateDefaultSlide" computerName="DKSR-EFI-06" duration="00:00:00.0005229" startTime="2024-01-09T15:42:49.5370884+01:00" endTime="2024-01-09T15:42:49.5377910+01:00" testType="13cdc9d9-ddb5-4fa4-a97d-d965ccfc6d4b" outcome="Passed" testListId="8c84fa94-04c1-424b-9868-57a2d4851a1d" relativeResultsDirectory="cd39b50d-efb7-4ed9-acec-8e83f826b74f" />
    <UnitTestResult executionId="e8bcf025-b376-48cb-94d7-5603488980c4" testId="76a2e345-aae7-9b1e-7fd6-6ac6ca32b74e" testName="GetStates_NoSessionStarted_NewSession" computerName="DKSR-EFI-06" duration="00:00:00.0016822" startTime="2024-01-09T15:43:00.8161911+01:00" endTime="2024-01-09T15:43:00.8180468+01:00" testType="13cdc9d9-ddb5-4fa4-a97d-d965ccfc6d4b" outcome="Passed" testListId="8c84fa94-04c1-424b-9868-57a2d4851a1d" relativeResultsDirectory="e8bcf025-b376-48cb-94d7-5603488980c4" />
    <UnitTestResult executionId="75295e25-f599-4d43-91d6-094339832785" testId="d78750b2-ef6e-b941-b3e8-5db7115013c1" testName="DispatcherCreateTest" computerName="DKSR-EFI-06" duration="00:00:00.2991014" startTime="2024-01-09T15:42:27.7876772+01:00" endTime="2024-01-09T15:42:28.1255931+01:00" testType="13cdc9d9-ddb5-4fa4-a97d-d965ccfc6d4b" outcome="Passed" testListId="8c84fa94-04c1-424b-9868-57a2d4851a1d" relativeResultsDirectory="75295e25-f599-4d43-91d6-094339832785" />
    <UnitTestResult executionId="392fb751-b119-486f-9877-2739b8cf2991" testId="8d4c082a-f9d0-c638-ed0b-343bc5cdce37" testName="Constructor_ShouldCreateTreeOfDepth1_WhenUnitsHaveNoParentButIncludeIsEnabled" computerName="DKSR-EFI-06" duration="00:00:00.0026054" startTime="2024-01-09T15:42:29.0843882+01:00" endTime="2024-01-09T15:42:29.0871630+01:00" testType="13cdc9d9-ddb5-4fa4-a97d-d965ccfc6d4b" outcome="Passed" testListId="8c84fa94-04c1-424b-9868-57a2d4851a1d" relativeResultsDirectory="392fb751-b119-486f-9877-2739b8cf2991" />
    <UnitTestResult executionId="44b749c4-d853-4583-8c3d-603bfe095e90" testId="eff56118-333e-58bc-c876-e39cbb7e3925" testName="TimerOnElapsed_MaxIdleTimeReached_CleanupNotPerformed" computerName="DKSR-EFI-06" duration="00:00:00.0004101" startTime="2024-01-09T15:42:29.2262771+01:00" endTime="2024-01-09T15:42:29.2268222+01:00" testType="13cdc9d9-ddb5-4fa4-a97d-d965ccfc6d4b" outcome="Passed" testListId="8c84fa94-04c1-424b-9868-57a2d4851a1d" relativeResultsDirectory="44b749c4-d853-4583-8c3d-603bfe095e90" />
    <UnitTestResult executionId="b5f54d78-c773-48fc-856f-95062ace3a54" testId="b898ad5d-e738-1d64-d2c4-772f55ed34ea" testName="Full_Updating_With_Comparer_Works" computerName="DKSR-EFI-06" duration="00:00:00.0026866" startTime="2024-01-09T15:42:49.5701335+01:00" endTime="2024-01-09T15:42:49.5730136+01:00" testType="13cdc9d9-ddb5-4fa4-a97d-d965ccfc6d4b" outcome="Passed" testListId="8c84fa94-04c1-424b-9868-57a2d4851a1d" relativeResultsDirectory="b5f54d78-c773-48fc-856f-95062ace3a54" />
    <UnitTestResult executionId="3c99f8be-aeca-4d30-9b52-2a878d49066a" testId="0f992a8c-5f2a-115c-5c24-adb0ecb69f62" testName="RemoveAllFrameworkElementsOverlays_ShouldRemoveAllItems" computerName="DKSR-EFI-06" duration="00:00:00.0010845" startTime="2024-01-09T15:43:00.6764494+01:00" endTime="2024-01-09T15:43:00.6787445+01:00" testType="13cdc9d9-ddb5-4fa4-a97d-d965ccfc6d4b" outcome="Passed" testListId="8c84fa94-04c1-424b-9868-57a2d4851a1d" relativeResultsDirectory="3c99f8be-aeca-4d30-9b52-2a878d49066a" />
    <UnitTestResult executionId="d2cfd19d-e3f6-4873-810d-e97b78da0843" testId="4cc8300a-eeed-c2e1-d868-e1046399c3e2" testName="TileNewStateGetsAddedAndCurrentStatesGetUpdatedIfCurrentStatesIsNullAndNewStateIsNotUndefined" computerName="DKSR-EFI-06" duration="00:00:00.0020669" startTime="2024-01-09T15:42:39.1567678+01:00" endTime="2024-01-09T15:42:39.2288902+01:00" testType="13cdc9d9-ddb5-4fa4-a97d-d965ccfc6d4b" outcome="Passed" testListId="8c84fa94-04c1-424b-9868-57a2d4851a1d" relativeResultsDirectory="d2cfd19d-e3f6-4873-810d-e97b78da0843" />
    <UnitTestResult executionId="816003fc-a2f4-4bdd-99dd-055141f12466" testId="dfdaa8e6-900c-926b-6ac3-82e2d0119e60" testName="ExpirationTimerOnTick_ToastNotExpired_Success" computerName="DKSR-EFI-06" duration="00:00:00.0006442" startTime="2024-01-09T15:42:50.3178566+01:00" endTime="2024-01-09T15:42:50.3186966+01:00" testType="13cdc9d9-ddb5-4fa4-a97d-d965ccfc6d4b" outcome="Passed" testListId="8c84fa94-04c1-424b-9868-57a2d4851a1d" relativeResultsDirectory="816003fc-a2f4-4bdd-99dd-055141f12466" />
    <UnitTestResult executionId="4d272143-5e01-474d-a7e0-e779c2eff9e7" testId="86511367-20e7-9ea5-808a-c86846f8f9e3" testName="MeasureOverride_3childEnoughSpaceNoSpacing_Shrunk" computerName="DKSR-EFI-06" duration="00:00:00.0117523" startTime="2024-01-09T15:42:34.7191324+01:00" endTime="2024-01-09T15:42:34.7940000+01:00" testType="13cdc9d9-ddb5-4fa4-a97d-d965ccfc6d4b" outcome="Passed" testListId="8c84fa94-04c1-424b-9868-57a2d4851a1d" relativeResultsDirectory="4d272143-5e01-474d-a7e0-e779c2eff9e7" />
    <UnitTestResult executionId="2823123a-6993-441c-a36e-d791c94abace" testId="6cb4c9a0-0faa-e5bf-8132-58751189c459" testName="SingleCameraMustReturnDisplayNameAsEntityName" computerName="DKSR-EFI-06" duration="00:00:00.0005205" startTime="2024-01-09T15:42:39.9029078+01:00" endTime="2024-01-09T15:42:39.9036287+01:00" testType="13cdc9d9-ddb5-4fa4-a97d-d965ccfc6d4b" outcome="Passed" testListId="8c84fa94-04c1-424b-9868-57a2d4851a1d" relativeResultsDirectory="2823123a-6993-441c-a36e-d791c94abace" />
    <UnitTestResult executionId="92e9194f-d523-4bb5-a8ac-00bc12b23956" testId="4d104602-0dda-c899-6d83-d5aa637c46a2" testName="MouseDown_InsideSelection_RangeMinUpdated" computerName="DKSR-EFI-06" duration="00:00:00.0794719" startTime="2024-01-09T15:42:33.6516511+01:00" endTime="2024-01-09T15:42:33.7626092+01:00" testType="13cdc9d9-ddb5-4fa4-a97d-d965ccfc6d4b" outcome="Passed" testListId="8c84fa94-04c1-424b-9868-57a2d4851a1d" relativeResultsDirectory="92e9194f-d523-4bb5-a8ac-00bc12b23956" />
    <UnitTestResult executionId="b8f5b388-6ac9-4abd-a3eb-fd7cda4d0d39" testId="1f62d143-3147-647f-0581-911ba09941ed" testName="OnPreviewKeyDown_Enter_Success" computerName="DKSR-EFI-06" duration="00:00:00.1909020" startTime="2024-01-09T15:42:56.1704695+01:00" endTime="2024-01-09T15:42:56.4669218+01:00" testType="13cdc9d9-ddb5-4fa4-a97d-d965ccfc6d4b" outcome="Passed" testListId="8c84fa94-04c1-424b-9868-57a2d4851a1d" relativeResultsDirectory="b8f5b388-6ac9-4abd-a3eb-fd7cda4d0d39" />
    <UnitTestResult executionId="8068306e-d639-472a-a94d-1497588b86e5" testId="406127ab-b342-e721-d286-823ee31b0fbc" testName="AuthenticationExternal_CopyConstructor_NullBaseAuth_Throws_ArgumentNullException" computerName="DKSR-EFI-06" duration="00:00:00.0004148" startTime="2024-01-09T15:43:01.2323569+01:00" endTime="2024-01-09T15:43:01.2329946+01:00" testType="13cdc9d9-ddb5-4fa4-a97d-d965ccfc6d4b" outcome="Passed" testListId="8c84fa94-04c1-424b-9868-57a2d4851a1d" relativeResultsDirectory="8068306e-d639-472a-a94d-1497588b86e5" />
    <UnitTestResult executionId="bf60fd3e-b503-4d01-91e9-ea31dfac7b09" testId="a8dd4421-721b-7464-1ec7-7a0950dbe7f2" testName="ArrangeOverride__3child_AllMustShrink__AllAreShrunk" computerName="DKSR-EFI-06" duration="00:00:00.0077998" startTime="2024-01-09T15:42:35.0122277+01:00" endTime="2024-01-09T15:42:35.0552495+01:00" testType="13cdc9d9-ddb5-4fa4-a97d-d965ccfc6d4b" outcome="Passed" testListId="8c84fa94-04c1-424b-9868-57a2d4851a1d" relativeResultsDirectory="bf60fd3e-b503-4d01-91e9-ea31dfac7b09">
      <Output>
        <StdOut>Debug Trace:&#xD;
offsets: 0, 20, 40&#xD;
widths: 10, 10, 10</StdOut>
      </Output>
    </UnitTestResult>
    <UnitTestResult executionId="32cbb8e7-5e9f-4bdf-819a-c76ba360d79f" testId="db062b49-88de-b8f8-9ca6-8a07ff86d1c6" testName="GetIntersectingTest" computerName="DKSR-EFI-06" duration="00:00:00.1284897" startTime="2024-01-09T15:42:28.4470462+01:00" endTime="2024-01-09T15:42:28.5759281+01:00" testType="13cdc9d9-ddb5-4fa4-a97d-d965ccfc6d4b" outcome="Passed" testListId="8c84fa94-04c1-424b-9868-57a2d4851a1d" relativeResultsDirectory="32cbb8e7-5e9f-4bdf-819a-c76ba360d79f">
      <Output>
        <StdOut>Debug Trace:&#xD;
Warning: GetAllIntersecting is executing using IEnumerable. Investigate upgrading the collection to C5.ISorted.</StdOut>
      </Output>
    </UnitTestResult>
    <UnitTestResult executionId="1383faf6-b1a4-44e5-96e1-655892c9835d" testId="dbbf39a1-557e-8113-cb77-f2aa3140bfbd" testName="ItemHolder_MouseOver_Success" computerName="DKSR-EFI-06" duration="00:00:00.1417170" startTime="2024-01-09T15:42:52.3603853+01:00" endTime="2024-01-09T15:42:52.5403984+01:00" testType="13cdc9d9-ddb5-4fa4-a97d-d965ccfc6d4b" outcome="Passed" testListId="8c84fa94-04c1-424b-9868-57a2d4851a1d" relativeResultsDirectory="1383faf6-b1a4-44e5-96e1-655892c9835d" />
    <UnitTestResult executionId="6a7def9f-5bc6-49d3-a641-304af4f4810b" testId="3e8485c9-a7cd-7c8f-f394-cfd45a272654" testName="UpdateFrameworkElementsOverlay_WithBothArgumentsNull_ShouldReturnTrueAndLeaveListsUnchanged" computerName="DKSR-EFI-06" duration="00:00:00.0012559" startTime="2024-01-09T15:43:00.5885652+01:00" endTime="2024-01-09T15:43:00.6231923+01:00" testType="13cdc9d9-ddb5-4fa4-a97d-d965ccfc6d4b" outcome="Passed" testListId="8c84fa94-04c1-424b-9868-57a2d4851a1d" relativeResultsDirectory="6a7def9f-5bc6-49d3-a641-304af4f4810b" />
    <UnitTestResult executionId="791326e1-c703-4bf1-ae8c-1196bf5d4cbe" testId="f9fd199c-9720-ab0c-f9a1-3482c7ab7054" testName="RemoveToast_NonExistingToast_DoesNotCrash" computerName="DKSR-EFI-06" duration="00:00:00.0011453" startTime="2024-01-09T15:42:29.7000020+01:00" endTime="2024-01-09T15:42:29.7013286+01:00" testType="13cdc9d9-ddb5-4fa4-a97d-d965ccfc6d4b" outcome="Passed" testListId="8c84fa94-04c1-424b-9868-57a2d4851a1d" relativeResultsDirectory="791326e1-c703-4bf1-ae8c-1196bf5d4cbe" />
    <UnitTestResult executionId="6e5ac6ef-ad34-4a96-9a09-b249949a5f04" testId="31fd8fc3-155f-83fd-baeb-6572fbd4102c" testName="DownTileSwapsPositionsOfTileAndSuccessor" computerName="DKSR-EFI-06" duration="00:00:00.0101455" startTime="2024-01-09T15:42:37.8173275+01:00" endTime="2024-01-09T15:42:37.8517477+01:00" testType="13cdc9d9-ddb5-4fa4-a97d-d965ccfc6d4b" outcome="Passed" testListId="8c84fa94-04c1-424b-9868-57a2d4851a1d" relativeResultsDirectory="6e5ac6ef-ad34-4a96-9a09-b249949a5f04" />
    <UnitTestResult executionId="54de67e4-b73d-4986-895a-5288e892eb79" testId="dbce7785-0027-ceda-950a-0631c1c23a9b" testName="GetAllIntersectingTest" computerName="DKSR-EFI-06" duration="00:00:00.0053990" startTime="2024-01-09T15:42:28.5779184+01:00" endTime="2024-01-09T15:42:28.5835454+01:00" testType="13cdc9d9-ddb5-4fa4-a97d-d965ccfc6d4b" outcome="Passed" testListId="8c84fa94-04c1-424b-9868-57a2d4851a1d" relativeResultsDirectory="54de67e4-b73d-4986-895a-5288e892eb79" />
    <UnitTestResult executionId="d7719d0c-6efb-4795-a0c1-729c9ffc2c8a" testId="5791d93f-2ea0-ebcc-a300-0da5e771609b" testName="TryCreateUri_ShouldReturnValidUriWithHttps_WhenInputIsRelativeUriAndNoCustomFallbackSchemeProvided" computerName="DKSR-EFI-06" duration="00:00:00.0003140" startTime="2024-01-09T15:42:49.9984942+01:00" endTime="2024-01-09T15:42:49.9989928+01:00" testType="13cdc9d9-ddb5-4fa4-a97d-d965ccfc6d4b" outcome="Passed" testListId="8c84fa94-04c1-424b-9868-57a2d4851a1d" relativeResultsDirectory="d7719d0c-6efb-4795-a0c1-729c9ffc2c8a" />
    <UnitTestResult executionId="d705a41b-a65d-43ae-a299-7b2053371664" testId="cef7f277-5dc3-b0b8-eda4-af499be481dc" testName="OnApplyChildClip_Success" computerName="DKSR-EFI-06" duration="00:00:00.0396945" startTime="2024-01-09T15:42:51.4084457+01:00" endTime="2024-01-09T15:42:51.5693450+01:00" testType="13cdc9d9-ddb5-4fa4-a97d-d965ccfc6d4b" outcome="Passed" testListId="8c84fa94-04c1-424b-9868-57a2d4851a1d" relativeResultsDirectory="d705a41b-a65d-43ae-a299-7b2053371664" />
    <UnitTestResult executionId="608fa022-384f-4ef8-82df-579074f9eb2a" testId="9c1495d5-6651-ae8f-908a-bfaa0ece52f3" testName="OnPreviewKeyDown_End_Success" computerName="DKSR-EFI-06" duration="00:00:00.2274661" startTime="2024-01-09T15:42:55.0770196+01:00" endTime="2024-01-09T15:42:55.3658912+01:00" testType="13cdc9d9-ddb5-4fa4-a97d-d965ccfc6d4b" outcome="Passed" testListId="8c84fa94-04c1-424b-9868-57a2d4851a1d" relativeResultsDirectory="608fa022-384f-4ef8-82df-579074f9eb2a" />
    <UnitTestResult executionId="91fd83af-b161-4dfa-850e-73aeb487a5f7" testId="fc42ecd1-8c72-c445-ea96-97544145f9ab" testName="ValidSlides_ShouldNotContainDefaults" computerName="DKSR-EFI-06" duration="00:00:00.0019804" startTime="2024-01-09T15:42:49.5384748+01:00" endTime="2024-01-09T15:42:49.5406404+01:00" testType="13cdc9d9-ddb5-4fa4-a97d-d965ccfc6d4b" outcome="Passed" testListId="8c84fa94-04c1-424b-9868-57a2d4851a1d" relativeResultsDirectory="91fd83af-b161-4dfa-850e-73aeb487a5f7" />
    <UnitTestResult executionId="a1ac874f-f7fb-4be6-9fa4-0b0d5f70a3e3" testId="a53bc742-1aa6-1112-cd67-7bd1ef336fc4" testName="FormsControlScaledLocationAndSize_NegativePositions_100Percent_Scaling" computerName="DKSR-EFI-06" duration="00:00:00.0028326" startTime="2024-01-09T15:42:50.2630450+01:00" endTime="2024-01-09T15:42:50.2660887+01:00" testType="13cdc9d9-ddb5-4fa4-a97d-d965ccfc6d4b" outcome="Passed" testListId="8c84fa94-04c1-424b-9868-57a2d4851a1d" relativeResultsDirectory="a1ac874f-f7fb-4be6-9fa4-0b0d5f70a3e3" />
    <UnitTestResult executionId="01373fbb-cb84-4490-a71a-37db186f83f6" testId="bff954f8-e2d5-b0a0-fd97-8dd0ad93ed5a" testName="ExtensionInvokeTest" computerName="DKSR-EFI-06" duration="00:00:00.0549799" startTime="2024-01-09T15:42:28.1437555+01:00" endTime="2024-01-09T15:42:28.1990015+01:00" testType="13cdc9d9-ddb5-4fa4-a97d-d965ccfc6d4b" outcome="Passed" testListId="8c84fa94-04c1-424b-9868-57a2d4851a1d" relativeResultsDirectory="01373fbb-cb84-4490-a71a-37db186f83f6" />
    <UnitTestResult executionId="14e3f2e7-5f2f-4780-a3dc-4c5cb6488ac4" testId="ed486ee2-750d-c7b9-06cc-eb3021382eda" testName="Convert_NoAutomationIdWithFallbackProperty_ReturnsValue" computerName="DKSR-EFI-06" duration="00:00:00.0005754" startTime="2024-01-09T15:42:29.2380572+01:00" endTime="2024-01-09T15:42:29.2387939+01:00" testType="13cdc9d9-ddb5-4fa4-a97d-d965ccfc6d4b" outcome="Passed" testListId="8c84fa94-04c1-424b-9868-57a2d4851a1d" relativeResultsDirectory="14e3f2e7-5f2f-4780-a3dc-4c5cb6488ac4" />
    <UnitTestResult executionId="e6ceda20-3d8d-4667-87d8-4809d55c54d1" testId="6bf27e89-1adf-d0e5-6e64-45ecd4ed017f" testName="RoundToHour_RoundUp" computerName="DKSR-EFI-06" duration="00:00:00.0006778" startTime="2024-01-09T15:42:50.0227421+01:00" endTime="2024-01-09T15:42:50.0236506+01:00" testType="13cdc9d9-ddb5-4fa4-a97d-d965ccfc6d4b" outcome="Passed" testListId="8c84fa94-04c1-424b-9868-57a2d4851a1d" relativeResultsDirectory="e6ceda20-3d8d-4667-87d8-4809d55c54d1" />
    <UnitTestResult executionId="12f98789-ccfa-4dae-a9f6-7ba3fe3d97a6" testId="a54e380b-42dc-d3a2-3d9d-8dd53d65fcd3" testName="ArrangeOverride__3child_2of3MustShrink__2of3AreShrunkEqually" computerName="DKSR-EFI-06" duration="00:00:00.0416906" startTime="2024-01-09T15:42:35.0560138+01:00" endTime="2024-01-09T15:42:35.1251326+01:00" testType="13cdc9d9-ddb5-4fa4-a97d-d965ccfc6d4b" outcome="Passed" testListId="8c84fa94-04c1-424b-9868-57a2d4851a1d" relativeResultsDirectory="12f98789-ccfa-4dae-a9f6-7ba3fe3d97a6">
      <Output>
        <StdOut>Debug Trace:&#xD;
offsets: 0, 21, 50&#xD;
widths: 11, 19, 19</StdOut>
      </Output>
    </UnitTestResult>
    <UnitTestResult executionId="3b32b583-4ebd-48d3-b3ef-6d4d18f13de1" testId="ce44940c-50be-b7ab-4e00-61b9f154d25c" testName="RangeSingleEdit_EnterLargeNumber_EditFieldAutosizedAndCentered" computerName="DKSR-EFI-06" duration="00:00:00.1011132" startTime="2024-01-09T15:42:34.1696372+01:00" endTime="2024-01-09T15:42:34.2952593+01:00" testType="13cdc9d9-ddb5-4fa4-a97d-d965ccfc6d4b" outcome="Passed" testListId="8c84fa94-04c1-424b-9868-57a2d4851a1d" relativeResultsDirectory="3b32b583-4ebd-48d3-b3ef-6d4d18f13de1" />
    <UnitTestResult executionId="969405f8-aa7f-4cca-a489-500b6451d99c" testId="9bbc1906-5daa-9c01-5fbd-04abcb77a4b4" testName="SelectManyOrdered" computerName="DKSR-EFI-06" duration="00:00:00.0041469" startTime="2024-01-09T15:42:49.8377233+01:00" endTime="2024-01-09T15:42:49.8420948+01:00" testType="13cdc9d9-ddb5-4fa4-a97d-d965ccfc6d4b" outcome="Passed" testListId="8c84fa94-04c1-424b-9868-57a2d4851a1d" relativeResultsDirectory="969405f8-aa7f-4cca-a489-500b6451d99c" />
    <UnitTestResult executionId="039cc696-0e8a-45b2-aa5d-fd986ad20696" testId="f182b61b-da52-b9d6-afe0-3488a377d621" testName="TooltipServiceWarning_Failover_UnknownTriggerValue" computerName="DKSR-EFI-06" duration="00:00:00.0002093" startTime="2024-01-09T15:43:00.2945015+01:00" endTime="2024-01-09T15:43:00.2949122+01:00" testType="13cdc9d9-ddb5-4fa4-a97d-d965ccfc6d4b" outcome="Passed" testListId="8c84fa94-04c1-424b-9868-57a2d4851a1d" relativeResultsDirectory="039cc696-0e8a-45b2-aa5d-fd986ad20696" />
    <UnitTestResult executionId="0d9588de-d1f2-4985-804a-3d151ff636fd" testId="af38776a-6751-f268-5d04-8090b4d28593" testName="TileLayout_Selected_BorderBrushUpdated" computerName="DKSR-EFI-06" duration="00:00:00.0109357" startTime="2024-01-09T15:42:50.9088056+01:00" endTime="2024-01-09T15:42:51.0964181+01:00" testType="13cdc9d9-ddb5-4fa4-a97d-d965ccfc6d4b" outcome="Passed" testListId="8c84fa94-04c1-424b-9868-57a2d4851a1d" relativeResultsDirectory="0d9588de-d1f2-4985-804a-3d151ff636fd" />
    <UnitTestResult executionId="3f2de04b-c395-462f-9b9e-ac0ca6e7a061" testId="3a11b55c-2e4b-9de3-e429-e8e4d5b33710" testName="MeasureCounters_SetsTheCorrectInitialGpuInformation" computerName="DKSR-EFI-06" duration="00:00:00.0019880" startTime="2024-01-09T15:42:49.4459380+01:00" endTime="2024-01-09T15:42:49.4483106+01:00" testType="13cdc9d9-ddb5-4fa4-a97d-d965ccfc6d4b" outcome="Passed" testListId="8c84fa94-04c1-424b-9868-57a2d4851a1d" relativeResultsDirectory="3f2de04b-c395-462f-9b9e-ac0ca6e7a061" />
    <UnitTestResult executionId="5ad44596-151b-4bff-b315-7b8bbcb01950" testId="bcf043e2-e23c-d4b1-e8df-ddcfaf2c6564" testName="IntersectWithTest" computerName="DKSR-EFI-06" duration="00:00:00.0028578" startTime="2024-01-09T15:42:28.6095881+01:00" endTime="2024-01-09T15:42:28.6126488+01:00" testType="13cdc9d9-ddb5-4fa4-a97d-d965ccfc6d4b" outcome="Passed" testListId="8c84fa94-04c1-424b-9868-57a2d4851a1d" relativeResultsDirectory="5ad44596-151b-4bff-b315-7b8bbcb01950" />
    <UnitTestResult executionId="890fbf5e-f2ab-4aa9-8ef8-f196def90efb" testId="7afa246b-f4b2-fc5f-fe61-fe719713919d" testName="TileLayout_MouseOver_BorderBrushUpdated" computerName="DKSR-EFI-06" duration="00:00:00.0161454" startTime="2024-01-09T15:42:51.2754158+01:00" endTime="2024-01-09T15:42:51.3047739+01:00" testType="13cdc9d9-ddb5-4fa4-a97d-d965ccfc6d4b" outcome="Passed" testListId="8c84fa94-04c1-424b-9868-57a2d4851a1d" relativeResultsDirectory="890fbf5e-f2ab-4aa9-8ef8-f196def90efb" />
    <UnitTestResult executionId="219617ab-0e8f-44ac-8e0f-54b6185e73c2" testId="9d6748d3-43a8-fd2d-d4c5-a0b3805774ee" testName="LoaderIsNotCalledWhenDataIsInCacheTest" computerName="DKSR-EFI-06" duration="00:00:00.0430622" startTime="2024-01-09T15:42:36.1219652+01:00" endTime="2024-01-09T15:42:36.1652348+01:00" testType="13cdc9d9-ddb5-4fa4-a97d-d965ccfc6d4b" outcome="Passed" testListId="8c84fa94-04c1-424b-9868-57a2d4851a1d" relativeResultsDirectory="219617ab-0e8f-44ac-8e0f-54b6185e73c2" />
    <UnitTestResult executionId="3eaac8ac-c2bb-4fcf-8daf-5dedb8f842b3" testId="d3834f26-d7ff-018a-555c-a0be35190a28" testName="IntersectsWithTest" computerName="DKSR-EFI-06" duration="00:00:00.0007519" startTime="2024-01-09T15:42:28.5883625+01:00" endTime="2024-01-09T15:42:28.5892679+01:00" testType="13cdc9d9-ddb5-4fa4-a97d-d965ccfc6d4b" outcome="Passed" testListId="8c84fa94-04c1-424b-9868-57a2d4851a1d" relativeResultsDirectory="3eaac8ac-c2bb-4fcf-8daf-5dedb8f842b3" />
    <UnitTestResult executionId="0b77ad15-5bd9-4797-ab24-0f1e1921c86c" testId="298c066a-2f38-5d22-8d3d-0de208425162" testName="DoComboSelectionSetTextToEntityDisplayNameWhenSingleInstance" computerName="DKSR-EFI-06" duration="00:00:00.0120991" startTime="2024-01-09T15:42:38.9364898+01:00" endTime="2024-01-09T15:42:38.9799276+01:00" testType="13cdc9d9-ddb5-4fa4-a97d-d965ccfc6d4b" outcome="Passed" testListId="8c84fa94-04c1-424b-9868-57a2d4851a1d" relativeResultsDirectory="0b77ad15-5bd9-4797-ab24-0f1e1921c86c" />
    <UnitTestResult executionId="1f926a56-63e0-4dab-ac7f-5b54ccc2fe2a" testId="569900d4-58ce-d7ba-87cf-ed8c555e623f" testName="TileStateIsUpdatedEvenIfCurrentStatesIsNull" computerName="DKSR-EFI-06" duration="00:00:00.0015198" startTime="2024-01-09T15:42:39.4652373+01:00" endTime="2024-01-09T15:42:39.5732674+01:00" testType="13cdc9d9-ddb5-4fa4-a97d-d965ccfc6d4b" outcome="Passed" testListId="8c84fa94-04c1-424b-9868-57a2d4851a1d" relativeResultsDirectory="1f926a56-63e0-4dab-ac7f-5b54ccc2fe2a" />
    <UnitTestResult executionId="56e8ae28-1927-409b-8806-bf59f9265bf3" testId="b8e97d03-ef15-901d-1e9d-db40f54cbfb0" testName="FormsControlScaledHeight_150Percent_Scaling" computerName="DKSR-EFI-06" duration="00:00:00.0802544" startTime="2024-01-09T15:42:50.1759561+01:00" endTime="2024-01-09T15:42:50.2564767+01:00" testType="13cdc9d9-ddb5-4fa4-a97d-d965ccfc6d4b" outcome="Passed" testListId="8c84fa94-04c1-424b-9868-57a2d4851a1d" relativeResultsDirectory="56e8ae28-1927-409b-8806-bf59f9265bf3" />
    <UnitTestResult executionId="9f255905-1859-44e2-8276-fbed4a600f78" testId="517e03e4-4abb-9810-ab6e-fc1b74f3e022" testName="GetDoubleValueOrDefault_KeyFound_ValueReturned" computerName="DKSR-EFI-06" duration="00:00:00.0002979" startTime="2024-01-09T15:43:00.7605090+01:00" endTime="2024-01-09T15:43:00.7610213+01:00" testType="13cdc9d9-ddb5-4fa4-a97d-d965ccfc6d4b" outcome="Passed" testListId="8c84fa94-04c1-424b-9868-57a2d4851a1d" relativeResultsDirectory="9f255905-1859-44e2-8276-fbed4a600f78" />
    <UnitTestResult executionId="06b7826c-22e4-44ce-a1f7-f233db8cfe21" testId="9f21fd60-dc5f-a407-0a71-dc6ac4edd3a8" testName="SequenceEquals_EqualCollections_IgnoreOrder_SymmetricalTrueResult" computerName="DKSR-EFI-06" duration="00:00:00.0018206" startTime="2024-01-09T15:42:49.5795001+01:00" endTime="2024-01-09T15:42:49.5814975+01:00" testType="13cdc9d9-ddb5-4fa4-a97d-d965ccfc6d4b" outcome="Passed" testListId="8c84fa94-04c1-424b-9868-57a2d4851a1d" relativeResultsDirectory="06b7826c-22e4-44ce-a1f7-f233db8cfe21" />
    <UnitTestResult executionId="abe1ef47-a955-4b13-9f82-84ac1d31283d" testId="ef941c35-94f0-1c6b-ae1b-3d9480badfe1" testName="ChangeMinValue_GreaterThanMaxValue_RangeAndMaxValueUpdated" computerName="DKSR-EFI-06" duration="00:00:00.0039430" startTime="2024-01-09T15:42:31.5736844+01:00" endTime="2024-01-09T15:42:31.6285835+01:00" testType="13cdc9d9-ddb5-4fa4-a97d-d965ccfc6d4b" outcome="Passed" testListId="8c84fa94-04c1-424b-9868-57a2d4851a1d" relativeResultsDirectory="abe1ef47-a955-4b13-9f82-84ac1d31283d" />
    <UnitTestResult executionId="91fdbba9-d1ad-4ccb-b468-1c8f6b88da8d" testId="f02c80b8-49d2-fc2d-4c9d-16620ea9d887" testName="RoundToMinute_RoundUp" computerName="DKSR-EFI-06" duration="00:00:00.0006686" startTime="2024-01-09T15:42:50.0170536+01:00" endTime="2024-01-09T15:42:50.0179033+01:00" testType="13cdc9d9-ddb5-4fa4-a97d-d965ccfc6d4b" outcome="Passed" testListId="8c84fa94-04c1-424b-9868-57a2d4851a1d" relativeResultsDirectory="91fdbba9-d1ad-4ccb-b468-1c8f6b88da8d" />
    <UnitTestResult executionId="60989760-5c10-43d0-adcb-757716e65458" testId="98ecfc2f-a242-ec20-0f52-a34da70ff901" testName="DoComboSelectionSetsComboTextToTypeNameIfSelectionIsNotInstance" computerName="DKSR-EFI-06" duration="00:00:00.0036058" startTime="2024-01-09T15:42:38.9097532+01:00" endTime="2024-01-09T15:42:38.9354656+01:00" testType="13cdc9d9-ddb5-4fa4-a97d-d965ccfc6d4b" outcome="Passed" testListId="8c84fa94-04c1-424b-9868-57a2d4851a1d" relativeResultsDirectory="60989760-5c10-43d0-adcb-757716e65458" />
    <UnitTestResult executionId="626aae24-d223-4b4b-8eca-fb5c9964aea6" testId="9512ba48-0839-7f8e-1a51-7ed8079ac71a" testName="Ctor_MaxIdleTimeBeforeCleanupMoreThanAllowed_TimerNotEnabled" computerName="DKSR-EFI-06" duration="00:00:00.0566554" startTime="2024-01-09T15:42:29.1591252+01:00" endTime="2024-01-09T15:42:29.2160267+01:00" testType="13cdc9d9-ddb5-4fa4-a97d-d965ccfc6d4b" outcome="Passed" testListId="8c84fa94-04c1-424b-9868-57a2d4851a1d" relativeResultsDirectory="626aae24-d223-4b4b-8eca-fb5c9964aea6" />
    <UnitTestResult executionId="768da5d7-2c7d-436b-853a-c2853567199e" testId="30e292f5-f798-eac9-ba1e-713f3566415c" testName="OnPreviewKeyDown_Left_Success" computerName="DKSR-EFI-06" duration="00:00:00.1630974" startTime="2024-01-09T15:42:54.8529183+01:00" endTime="2024-01-09T15:42:55.0763964+01:00" testType="13cdc9d9-ddb5-4fa4-a97d-d965ccfc6d4b" outcome="Passed" testListId="8c84fa94-04c1-424b-9868-57a2d4851a1d" relativeResultsDirectory="768da5d7-2c7d-436b-853a-c2853567199e" />
    <UnitTestResult executionId="b7e4c1fb-6d63-4a29-b882-5e1608f40cc5" testId="da038b78-6557-20eb-7b54-2bd092edb693" testName="DownTileThrowsIfTileNotInBox" computerName="DKSR-EFI-06" duration="00:00:00.0034946" startTime="2024-01-09T15:42:37.7839405+01:00" endTime="2024-01-09T15:42:37.8167076+01:00" testType="13cdc9d9-ddb5-4fa4-a97d-d965ccfc6d4b" outcome="Passed" testListId="8c84fa94-04c1-424b-9868-57a2d4851a1d" relativeResultsDirectory="b7e4c1fb-6d63-4a29-b882-5e1608f40cc5" />
    <UnitTestResult executionId="79caf950-0575-46a4-811e-bcfd65cf7b46" testId="223a2e32-2c68-23be-9c45-d825c6cf4171" testName="Constructor_ShouldCreateEmptyTree_WhenUnitsHaveNoParent" computerName="DKSR-EFI-06" duration="00:00:00.4585311" startTime="2024-01-09T15:42:28.6133650+01:00" endTime="2024-01-09T15:42:29.0722383+01:00" testType="13cdc9d9-ddb5-4fa4-a97d-d965ccfc6d4b" outcome="Passed" testListId="8c84fa94-04c1-424b-9868-57a2d4851a1d" relativeResultsDirectory="79caf950-0575-46a4-811e-bcfd65cf7b46" />
    <UnitTestResult executionId="150cfadd-65ee-4244-9bff-9cd89db80c4f" testId="9af8ac57-47e8-e560-cb3c-d72fb3be6de6" testName="OnPreviewKeyDown_Up_Success" computerName="DKSR-EFI-06" duration="00:00:00.1643957" startTime="2024-01-09T15:42:54.1849442+01:00" endTime="2024-01-09T15:42:54.5153977+01:00" testType="13cdc9d9-ddb5-4fa4-a97d-d965ccfc6d4b" outcome="Passed" testListId="8c84fa94-04c1-424b-9868-57a2d4851a1d" relativeResultsDirectory="150cfadd-65ee-4244-9bff-9cd89db80c4f" />
    <UnitTestResult executionId="8c276853-f04b-4922-b42c-6f224e34c51e" testId="da7d9a18-f239-39a4-8fc7-3bf5666ab8f3" testName="TooltipServiceWarning_Failover_LocalSSLError" computerName="DKSR-EFI-06" duration="00:00:00.0004216" startTime="2024-01-09T15:43:00.2877944+01:00" endTime="2024-01-09T15:43:00.2883825+01:00" testType="13cdc9d9-ddb5-4fa4-a97d-d965ccfc6d4b" outcome="Passed" testListId="8c84fa94-04c1-424b-9868-57a2d4851a1d" relativeResultsDirectory="8c276853-f04b-4922-b42c-6f224e34c51e" />
    <UnitTestResult executionId="3d5a0297-d044-4161-ab4b-155c616c4912" testId="732023ed-2a84-ce2e-e7c1-285eeae1c920" testName="OnPreviewKeyDown_LeftCtrl_A_UnselectAll_Success" computerName="DKSR-EFI-06" duration="00:00:00.1836679" startTime="2024-01-09T15:42:57.1606334+01:00" endTime="2024-01-09T15:42:57.3677989+01:00" testType="13cdc9d9-ddb5-4fa4-a97d-d965ccfc6d4b" outcome="Passed" testListId="8c84fa94-04c1-424b-9868-57a2d4851a1d" relativeResultsDirectory="3d5a0297-d044-4161-ab4b-155c616c4912" />
    <UnitTestResult executionId="6f5d82e7-a665-460c-a440-75f0ea2715ce" testId="d78b0152-cc1a-328b-d637-c02c8df9200a" testName="Finds_Simple_Rule" computerName="DKSR-EFI-06" duration="00:00:00.0065514" startTime="2024-01-09T15:42:49.6072097+01:00" endTime="2024-01-09T15:42:49.6972775+01:00" testType="13cdc9d9-ddb5-4fa4-a97d-d965ccfc6d4b" outcome="Passed" testListId="8c84fa94-04c1-424b-9868-57a2d4851a1d" relativeResultsDirectory="6f5d82e7-a665-460c-a440-75f0ea2715ce" />
    <UnitTestResult executionId="05731777-85a0-497b-bf9f-8fbf53813e52" testId="08927107-8d8c-0e18-84c3-bf6112c63fb2" testName="TileLayout_Focused_BorderBrushUpdated" computerName="DKSR-EFI-06" duration="00:00:00.0087722" startTime="2024-01-09T15:42:51.0970811+01:00" endTime="2024-01-09T15:42:51.2746883+01:00" testType="13cdc9d9-ddb5-4fa4-a97d-d965ccfc6d4b" outcome="Passed" testListId="8c84fa94-04c1-424b-9868-57a2d4851a1d" relativeResultsDirectory="05731777-85a0-497b-bf9f-8fbf53813e52" />
    <UnitTestResult executionId="8c0660c0-090a-4250-a2a3-d2c2fe5b18d3" testId="64f4b309-46ce-14bc-92c8-2dbd5092f999" testName="UpdateFrameworkElementsOverlay_WithNewFrameworkElementList_ShouldUpdateList" computerName="DKSR-EFI-06" duration="00:00:00.0012599" startTime="2024-01-09T15:43:00.6646136+01:00" endTime="2024-01-09T15:43:00.6699222+01:00" testType="13cdc9d9-ddb5-4fa4-a97d-d965ccfc6d4b" outcome="Passed" testListId="8c84fa94-04c1-424b-9868-57a2d4851a1d" relativeResultsDirectory="8c0660c0-090a-4250-a2a3-d2c2fe5b18d3" />
    <UnitTestResult executionId="1de672b4-30eb-4edd-a620-37be6424c84b" testId="fdac1400-a880-08a5-eb9b-8963e9019833" testName="StopAndDisconnect_SessionStarted_ServiceCalled" computerName="DKSR-EFI-06" duration="00:00:00.0007966" startTime="2024-01-09T15:43:01.2006071+01:00" endTime="2024-01-09T15:43:01.2015785+01:00" testType="13cdc9d9-ddb5-4fa4-a97d-d965ccfc6d4b" outcome="Passed" testListId="8c84fa94-04c1-424b-9868-57a2d4851a1d" relativeResultsDirectory="1de672b4-30eb-4edd-a620-37be6424c84b" />
    <UnitTestResult executionId="e5d68e1e-8f4c-4797-ba4d-12af84cb50b7" testId="3cad3393-810a-cc62-94bb-2ded6c4b88c7" testName="OkEditTileThrowsIfNoEventSources" computerName="DKSR-EFI-06" duration="00:00:00.0023720" startTime="2024-01-09T15:42:38.7939254+01:00" endTime="2024-01-09T15:42:38.8768369+01:00" testType="13cdc9d9-ddb5-4fa4-a97d-d965ccfc6d4b" outcome="Passed" testListId="8c84fa94-04c1-424b-9868-57a2d4851a1d" relativeResultsDirectory="e5d68e1e-8f4c-4797-ba4d-12af84cb50b7" />
    <UnitTestResult executionId="6e01cfa0-cd3d-4676-9fac-5cf3b3ce3923" testId="d326e466-8fe4-d29b-9b6b-a9886d65bce4" testName="GetStates_NoSessionStarted_NewSession" computerName="DKSR-EFI-06" duration="00:00:00.0014398" startTime="2024-01-09T15:43:01.2087239+01:00" endTime="2024-01-09T15:43:01.2103444+01:00" testType="13cdc9d9-ddb5-4fa4-a97d-d965ccfc6d4b" outcome="Passed" testListId="8c84fa94-04c1-424b-9868-57a2d4851a1d" relativeResultsDirectory="6e01cfa0-cd3d-4676-9fac-5cf3b3ce3923" />
    <UnitTestResult executionId="a890fd7f-5c92-49c3-a071-625f07f8aec3" testId="27329ac4-220b-b901-238d-32a5c22c05d2" testName="ItemHolder_MouseDoubleClick_Success" computerName="DKSR-EFI-06" duration="00:00:00.1462979" startTime="2024-01-09T15:42:53.1419939+01:00" endTime="2024-01-09T15:42:53.2898095+01:00" testType="13cdc9d9-ddb5-4fa4-a97d-d965ccfc6d4b" outcome="Passed" testListId="8c84fa94-04c1-424b-9868-57a2d4851a1d" relativeResultsDirectory="a890fd7f-5c92-49c3-a071-625f07f8aec3" />
    <UnitTestResult executionId="99dc664f-836b-409f-a3ee-8b8a3de467ef" testId="2ad348ab-ada5-a25f-9253-b563f1c5898f" testName="ArrangeOverride__6child_2MustShrink__2AreShrunk" computerName="DKSR-EFI-06" duration="00:00:00.0102686" startTime="2024-01-09T15:42:35.1591849+01:00" endTime="2024-01-09T15:42:35.1804642+01:00" testType="13cdc9d9-ddb5-4fa4-a97d-d965ccfc6d4b" outcome="Passed" testListId="8c84fa94-04c1-424b-9868-57a2d4851a1d" relativeResultsDirectory="99dc664f-836b-409f-a3ee-8b8a3de467ef">
      <Output>
        <StdOut>Debug Trace:&#xD;
offsets: 0, 21, 60, 99, 100, 120&#xD;
widths: 11, 29, 29, 0, 11, 29</StdOut>
      </Output>
    </UnitTestResult>
    <UnitTestResult executionId="7b4978d9-9e7e-488c-8d15-bfaac3bf869d" testId="6a5073ae-b067-17a6-9c6f-959cad372ca7" testName="GetItemUserControl_Success" computerName="DKSR-EFI-06" duration="00:00:00.0059683" startTime="2024-01-09T15:42:52.0246454+01:00" endTime="2024-01-09T15:42:52.0587848+01:00" testType="13cdc9d9-ddb5-4fa4-a97d-d965ccfc6d4b" outcome="Passed" testListId="8c84fa94-04c1-424b-9868-57a2d4851a1d" relativeResultsDirectory="7b4978d9-9e7e-488c-8d15-bfaac3bf869d" />
    <UnitTestResult executionId="df64a784-2c83-46cb-aabf-edcfe2627b35" testId="46887356-7c48-625a-9fa8-4ca482d2d04d" testName="SingleCameraGroupMustReturnDisplayNameAsEntityName" computerName="DKSR-EFI-06" duration="00:00:00.0002733" startTime="2024-01-09T15:42:39.9041255+01:00" endTime="2024-01-09T15:42:39.9045669+01:00" testType="13cdc9d9-ddb5-4fa4-a97d-d965ccfc6d4b" outcome="Passed" testListId="8c84fa94-04c1-424b-9868-57a2d4851a1d" relativeResultsDirectory="df64a784-2c83-46cb-aabf-edcfe2627b35" />
    <UnitTestResult executionId="10844e6b-c2e4-47c1-8d86-6ad34e15996e" testId="ae9f9017-443d-54ba-c5ef-294c75c79e4f" testName="DrawControl_NegatigeMinValue_VisualsOK" computerName="DKSR-EFI-06" duration="00:00:00.0785200" startTime="2024-01-09T15:42:32.1857624+01:00" endTime="2024-01-09T15:42:32.3105432+01:00" testType="13cdc9d9-ddb5-4fa4-a97d-d965ccfc6d4b" outcome="Passed" testListId="8c84fa94-04c1-424b-9868-57a2d4851a1d" relativeResultsDirectory="10844e6b-c2e4-47c1-8d86-6ad34e15996e" />
    <UnitTestResult executionId="78262dfc-90fb-4e5c-b701-3af30882a0c9" testId="4ddfc6a2-cba3-9569-714c-b24431bc49c1" testName="DrawControl_ReapplyTemplate_Success" computerName="DKSR-EFI-06" duration="00:00:00.0722697" startTime="2024-01-09T15:42:31.9924119+01:00" endTime="2024-01-09T15:42:32.0915813+01:00" testType="13cdc9d9-ddb5-4fa4-a97d-d965ccfc6d4b" outcome="Passed" testListId="8c84fa94-04c1-424b-9868-57a2d4851a1d" relativeResultsDirectory="78262dfc-90fb-4e5c-b701-3af30882a0c9" />
    <UnitTestResult executionId="0afa672f-bbcc-4210-a842-5cda2786a4a2" testId="9b6bcf4a-f6d4-8ccc-f16d-a434ebb9feb9" testName="DetermineScaledWindowLocationAndSize_CenterScreen_100Percent_Scaling" computerName="DKSR-EFI-06" duration="00:00:00.0012371" startTime="2024-01-09T15:42:50.2853547+01:00" endTime="2024-01-09T15:42:50.2868485+01:00" testType="13cdc9d9-ddb5-4fa4-a97d-d965ccfc6d4b" outcome="Passed" testListId="8c84fa94-04c1-424b-9868-57a2d4851a1d" relativeResultsDirectory="0afa672f-bbcc-4210-a842-5cda2786a4a2" />
    <UnitTestResult executionId="1b16a4cd-6119-4b12-8dad-a8191771a219" testId="fe6a9027-ba74-76b9-9001-ff053b4242c3" testName="MeasureOverride_3childEnoughSpace_NotShrunk" computerName="DKSR-EFI-06" duration="00:00:00.0071456" startTime="2024-01-09T15:42:34.6545356+01:00" endTime="2024-01-09T15:42:34.7149065+01:00" testType="13cdc9d9-ddb5-4fa4-a97d-d965ccfc6d4b" outcome="Passed" testListId="8c84fa94-04c1-424b-9868-57a2d4851a1d" relativeResultsDirectory="1b16a4cd-6119-4b12-8dad-a8191771a219" />
    <UnitTestResult executionId="8d0149c4-cfd6-491f-8c7b-406efefd78cf" testId="133cb637-1f14-da6d-6e37-6a27375b1670" testName="ArrangeOverride__6child_AllMustShrinkAndRestore__AllAreShrunkAndRestored" computerName="DKSR-EFI-06" duration="00:00:00.0246411" startTime="2024-01-09T15:42:35.2265245+01:00" endTime="2024-01-09T15:42:35.2865694+01:00" testType="13cdc9d9-ddb5-4fa4-a97d-d965ccfc6d4b" outcome="Passed" testListId="8c84fa94-04c1-424b-9868-57a2d4851a1d" relativeResultsDirectory="8d0149c4-cfd6-491f-8c7b-406efefd78cf">
      <Output>
        <StdOut>Debug Trace:&#xD;
offsets: 0, 31, 82, 123, 123, 164&#xD;
widths: 11, 31, 51, 0, 11, 51</StdOut>
      </Output>
    </UnitTestResult>
    <UnitTestResult executionId="28b147a5-2101-4acb-8562-3011959c97fe" testId="6b82ab31-6a38-fe74-50c1-7d145afb1011" testName="SpinlockHandlerTest" computerName="DKSR-EFI-06" duration="00:00:00.0844937" startTime="2024-01-09T15:42:28.3283874+01:00" endTime="2024-01-09T15:42:28.4132272+01:00" testType="13cdc9d9-ddb5-4fa4-a97d-d965ccfc6d4b" outcome="Passed" testListId="8c84fa94-04c1-424b-9868-57a2d4851a1d" relativeResultsDirectory="28b147a5-2101-4acb-8562-3011959c97fe" />
    <UnitTestResult executionId="08c55279-f1c3-4346-9f2c-636962d349b8" testId="a6478b4f-f785-703a-7384-c2061869f444" testName="DoComboTicksAllIfSelectedTileIsNull" computerName="DKSR-EFI-06" duration="00:00:00.0101225" startTime="2024-01-09T15:42:39.5925438+01:00" endTime="2024-01-09T15:42:39.8141485+01:00" testType="13cdc9d9-ddb5-4fa4-a97d-d965ccfc6d4b" outcome="Passed" testListId="8c84fa94-04c1-424b-9868-57a2d4851a1d" relativeResultsDirectory="08c55279-f1c3-4346-9f2c-636962d349b8" />
    <UnitTestResult executionId="6db21d11-f917-4a38-800d-3f25cf6695ed" testId="54792cc5-5557-3941-5368-3e4248495373" testName="AddFrameworkElementsOverlay_WithFollowDigitalZoomFalse_ShouldAddToFrameworkElementsOverlaysFixed" computerName="DKSR-EFI-06" duration="00:00:00.0012383" startTime="2024-01-09T15:43:00.4950328+01:00" endTime="2024-01-09T15:43:00.5435545+01:00" testType="13cdc9d9-ddb5-4fa4-a97d-d965ccfc6d4b" outcome="Passed" testListId="8c84fa94-04c1-424b-9868-57a2d4851a1d" relativeResultsDirectory="6db21d11-f917-4a38-800d-3f25cf6695ed" />
    <UnitTestResult executionId="fe324152-515e-447f-a519-7fde3ac363be" testId="6302655b-61c8-7b0f-1cb8-2a78b11ff788" testName="GetStates_SessionStarted_WithStates" computerName="DKSR-EFI-06" duration="00:00:00.0020600" startTime="2024-01-09T15:43:00.7999296+01:00" endTime="2024-01-09T15:43:00.8021994+01:00" testType="13cdc9d9-ddb5-4fa4-a97d-d965ccfc6d4b" outcome="Passed" testListId="8c84fa94-04c1-424b-9868-57a2d4851a1d" relativeResultsDirectory="fe324152-515e-447f-a519-7fde3ac363be" />
    <UnitTestResult executionId="1afa50ce-4e33-4fd6-bf57-51d4a8785a16" testId="d3857317-63e0-c190-44d9-5fb025d72a80" testName="TryGetIntValue_KeyNotFound_ReturnFalse" computerName="DKSR-EFI-06" duration="00:00:00.0003194" startTime="2024-01-09T15:43:00.7776335+01:00" endTime="2024-01-09T15:43:00.7781107+01:00" testType="13cdc9d9-ddb5-4fa4-a97d-d965ccfc6d4b" outcome="Passed" testListId="8c84fa94-04c1-424b-9868-57a2d4851a1d" relativeResultsDirectory="1afa50ce-4e33-4fd6-bf57-51d4a8785a16" />
    <UnitTestResult executionId="e24934e5-db94-46cc-b89c-28e2a14946c2" testId="30615111-4d56-31e8-6884-f7dcdc0aad49" testName="TestPersistTilesAsync" computerName="DKSR-EFI-06" duration="00:00:00.0616874" startTime="2024-01-09T15:42:49.4512354+01:00" endTime="2024-01-09T15:42:49.5133543+01:00" testType="13cdc9d9-ddb5-4fa4-a97d-d965ccfc6d4b" outcome="Passed" testListId="8c84fa94-04c1-424b-9868-57a2d4851a1d" relativeResultsDirectory="e24934e5-db94-46cc-b89c-28e2a14946c2" />
    <UnitTestResult executionId="4318852e-6770-47f9-a120-cf59bc9e04ab" testId="39dbf18b-e14c-3648-f5ba-d9480b6b2143" testName="RoundToSecond_RoundDown" computerName="DKSR-EFI-06" duration="00:00:00.0014004" startTime="2024-01-09T15:42:50.0104329+01:00" endTime="2024-01-09T15:42:50.0120479+01:00" testType="13cdc9d9-ddb5-4fa4-a97d-d965ccfc6d4b" outcome="Passed" testListId="8c84fa94-04c1-424b-9868-57a2d4851a1d" relativeResultsDirectory="4318852e-6770-47f9-a120-cf59bc9e04ab" />
    <UnitTestResult executionId="029e11db-21a7-421c-a6c1-849b6e8ed141" testId="8222d29f-50ae-b106-6ccd-5b5874365d8b" testName="RemoveNonExistingToast_Success" computerName="DKSR-EFI-06" duration="00:00:00.0021042" startTime="2024-01-09T15:42:50.5209730+01:00" endTime="2024-01-09T15:42:50.5239189+01:00" testType="13cdc9d9-ddb5-4fa4-a97d-d965ccfc6d4b" outcome="Passed" testListId="8c84fa94-04c1-424b-9868-57a2d4851a1d" relativeResultsDirectory="029e11db-21a7-421c-a6c1-849b6e8ed141" />
    <UnitTestResult executionId="67df5ab2-c8b2-486e-81f1-52178efe30d2" testId="ca1a74cf-f42b-b5b7-8415-1bec1e2927e4" testName="Convert_MultiValueConverter_NotANumber_Throws" computerName="DKSR-EFI-06" duration="00:00:00.0018841" startTime="2024-01-09T15:42:50.3075336+01:00" endTime="2024-01-09T15:42:50.3096537+01:00" testType="13cdc9d9-ddb5-4fa4-a97d-d965ccfc6d4b" outcome="Passed" testListId="8c84fa94-04c1-424b-9868-57a2d4851a1d" relativeResultsDirectory="67df5ab2-c8b2-486e-81f1-52178efe30d2" />
    <UnitTestResult executionId="71ebb3f7-5967-476f-8bd3-f600b25d5cb5" testId="c66e3bc2-2f46-3828-947c-08aea11ba952" testName="IfInstanceIdIsNotSetThenEntityNameIsCategoryName" computerName="DKSR-EFI-06" duration="00:00:00.0003023" startTime="2024-01-09T15:42:39.9129006+01:00" endTime="2024-01-09T15:42:39.9133624+01:00" testType="13cdc9d9-ddb5-4fa4-a97d-d965ccfc6d4b" outcome="Passed" testListId="8c84fa94-04c1-424b-9868-57a2d4851a1d" relativeResultsDirectory="71ebb3f7-5967-476f-8bd3-f600b25d5cb5" />
    <UnitTestResult executionId="c7e33dc6-2f55-4ae5-b695-c8d81a481d2c" testId="2cd364b1-6937-7083-5f7e-1dd1eac47cf1" testName="AuthenticationExternal_SetProperties_Success" computerName="DKSR-EFI-06" duration="00:00:00.0022133" startTime="2024-01-09T15:43:01.2237500+01:00" endTime="2024-01-09T15:43:01.2261459+01:00" testType="13cdc9d9-ddb5-4fa4-a97d-d965ccfc6d4b" outcome="Passed" testListId="8c84fa94-04c1-424b-9868-57a2d4851a1d" relativeResultsDirectory="c7e33dc6-2f55-4ae5-b695-c8d81a481d2c" />
    <UnitTestResult executionId="44a0d867-1634-4a32-b993-92a37561af2a" testId="97ed5bad-2fed-e9d4-6d6f-bad924a904de" testName="GetStates_NoSessionStarted_NoSession" computerName="DKSR-EFI-06" duration="00:00:00.0009720" startTime="2024-01-09T15:43:00.8145679+01:00" endTime="2024-01-09T15:43:00.8157133+01:00" testType="13cdc9d9-ddb5-4fa4-a97d-d965ccfc6d4b" outcome="Passed" testListId="8c84fa94-04c1-424b-9868-57a2d4851a1d" relativeResultsDirectory="44a0d867-1634-4a32-b993-92a37561af2a" />
    <UnitTestResult executionId="55c58bf6-3405-41ea-b7a2-4d3dc90caa81" testId="9fa25131-4a4e-7dac-7ed1-7e35fdb0b337" testName="ItemHolderSelectedToggleButton_Init_Success" computerName="DKSR-EFI-06" duration="00:00:00.0185338" startTime="2024-01-09T15:42:50.6826226+01:00" endTime="2024-01-09T15:42:50.8098013+01:00" testType="13cdc9d9-ddb5-4fa4-a97d-d965ccfc6d4b" outcome="Passed" testListId="8c84fa94-04c1-424b-9868-57a2d4851a1d" relativeResultsDirectory="55c58bf6-3405-41ea-b7a2-4d3dc90caa81" />
    <UnitTestResult executionId="13f61526-9fdb-4633-88c6-d69cdefea5ce" testId="16d4258e-743c-71b8-441e-da9ab5d1a655" testName="SequenceEquals_DifferentlySizedCollections_IgnoreOrder_SymmetricalFalseResult" computerName="DKSR-EFI-06" duration="00:00:00.0002205" startTime="2024-01-09T15:42:49.5773867+01:00" endTime="2024-01-09T15:42:49.5777668+01:00" testType="13cdc9d9-ddb5-4fa4-a97d-d965ccfc6d4b" outcome="Passed" testListId="8c84fa94-04c1-424b-9868-57a2d4851a1d" relativeResultsDirectory="13f61526-9fdb-4633-88c6-d69cdefea5ce" />
    <UnitTestResult executionId="0216902d-81f8-4fe9-9998-cf1260a76d20" testId="896a835e-aa00-d5b5-efb0-cae3f484c942" testName="CleanUpShouldBeEnforced" computerName="DKSR-EFI-06" duration="00:00:00.0098341" startTime="2024-01-09T15:42:36.1730187+01:00" endTime="2024-01-09T15:42:36.1830004+01:00" testType="13cdc9d9-ddb5-4fa4-a97d-d965ccfc6d4b" outcome="Passed" testListId="8c84fa94-04c1-424b-9868-57a2d4851a1d" relativeResultsDirectory="0216902d-81f8-4fe9-9998-cf1260a76d20" />
    <UnitTestResult executionId="17900ce8-6a5a-4268-b795-c794d49ff93c" testId="d757e934-8867-a54c-c93f-b9b8e2d4f452" testName="ArrangeOverride__6child_EnoughSpace__NotShrunk" computerName="DKSR-EFI-06" duration="00:00:00.0152476" startTime="2024-01-09T15:42:35.1259970+01:00" endTime="2024-01-09T15:42:35.1583886+01:00" testType="13cdc9d9-ddb5-4fa4-a97d-d965ccfc6d4b" outcome="Passed" testListId="8c84fa94-04c1-424b-9868-57a2d4851a1d" relativeResultsDirectory="17900ce8-6a5a-4268-b795-c794d49ff93c">
      <Output>
        <StdOut>Debug Trace:&#xD;
offsets: 0, 21, 62, 120, 121, 141&#xD;
widths: 11, 31, 48, 0, 11, 48</StdOut>
      </Output>
    </UnitTestResult>
    <UnitTestResult executionId="e978d766-6d0f-4ad4-8cd4-513f227e0e13" testId="30702b8e-5ec7-eb10-4c6a-7105f5c77df3" testName="Convert_ShouldReturnEqualOrLessString_WhenValueIsLessThanThreshold" computerName="DKSR-EFI-06" duration="00:00:00.0011247" startTime="2024-01-09T15:42:50.2913217+01:00" endTime="2024-01-09T15:42:50.2927844+01:00" testType="13cdc9d9-ddb5-4fa4-a97d-d965ccfc6d4b" outcome="Passed" testListId="8c84fa94-04c1-424b-9868-57a2d4851a1d" relativeResultsDirectory="e978d766-6d0f-4ad4-8cd4-513f227e0e13" />
    <UnitTestResult executionId="1ebd3fd2-7519-4718-a4c3-0eafbab4f4cb" testId="a157e23c-b861-4296-80a4-584edfe004e0" testName="ChangeRangeMax_LowerThanRangeMin_StopAtRangeMin" computerName="DKSR-EFI-06" duration="00:00:00.0041467" startTime="2024-01-09T15:42:31.5273376+01:00" endTime="2024-01-09T15:42:31.5729559+01:00" testType="13cdc9d9-ddb5-4fa4-a97d-d965ccfc6d4b" outcome="Passed" testListId="8c84fa94-04c1-424b-9868-57a2d4851a1d" relativeResultsDirectory="1ebd3fd2-7519-4718-a4c3-0eafbab4f4cb" />
    <UnitTestResult executionId="1007274f-0159-4a5a-bcb8-d7911d9508b4" testId="fea21907-a26b-6132-ad20-d11fecd505f7" testName="Ctor_DurationTimeSpanMax_DoesNotCrash" computerName="DKSR-EFI-06" duration="00:00:00.0001819" startTime="2024-01-09T15:42:50.3206693+01:00" endTime="2024-01-09T15:42:50.3210224+01:00" testType="13cdc9d9-ddb5-4fa4-a97d-d965ccfc6d4b" outcome="Passed" testListId="8c84fa94-04c1-424b-9868-57a2d4851a1d" relativeResultsDirectory="1007274f-0159-4a5a-bcb8-d7911d9508b4" />
    <UnitTestResult executionId="9b1093d4-e10d-4b1f-860a-c438fee49b65" testId="24d7108a-b492-bd24-b0f8-ceb600b42692" testName="ScrollIntoView_Success" computerName="DKSR-EFI-06" duration="00:00:00.3017231" startTime="2024-01-09T15:42:51.6522008+01:00" endTime="2024-01-09T15:42:52.0240077+01:00" testType="13cdc9d9-ddb5-4fa4-a97d-d965ccfc6d4b" outcome="Passed" testListId="8c84fa94-04c1-424b-9868-57a2d4851a1d" relativeResultsDirectory="9b1093d4-e10d-4b1f-860a-c438fee49b65" />
    <UnitTestResult executionId="e3cc10fa-c5cb-479b-be5e-b2be5cf8dc25" testId="ae5ac97e-8b8c-eeb7-7e79-fd8b61df6329" testName="Constructor_ShouldCreateTreeOfDepth1_WhenUnitsHaveNoParentButToplevelNodesAreSet" computerName="DKSR-EFI-06" duration="00:00:00.0104651" startTime="2024-01-09T15:42:29.0730075+01:00" endTime="2024-01-09T15:42:29.0836673+01:00" testType="13cdc9d9-ddb5-4fa4-a97d-d965ccfc6d4b" outcome="Passed" testListId="8c84fa94-04c1-424b-9868-57a2d4851a1d" relativeResultsDirectory="e3cc10fa-c5cb-479b-be5e-b2be5cf8dc25" />
    <UnitTestResult executionId="0cb28233-3d47-435c-a935-8089ff70980e" testId="db261fbf-eb7c-9161-ff1c-532a3db0f6a5" testName="UpTileThrowsIfTileNotInBox" computerName="DKSR-EFI-06" duration="00:00:00.0102292" startTime="2024-01-09T15:42:37.5240976+01:00" endTime="2024-01-09T15:42:37.6855419+01:00" testType="13cdc9d9-ddb5-4fa4-a97d-d965ccfc6d4b" outcome="Passed" testListId="8c84fa94-04c1-424b-9868-57a2d4851a1d" relativeResultsDirectory="0cb28233-3d47-435c-a935-8089ff70980e" />
    <UnitTestResult executionId="e23c5c8d-7c66-4686-95da-a7e0cf6c76ff" testId="928f2455-6ebd-8ffd-8fc5-fc1e86ca64c0" testName="TooltipServiceWarning_Failover_None" computerName="DKSR-EFI-06" duration="00:00:00.0001671" startTime="2024-01-09T15:43:00.2898568+01:00" endTime="2024-01-09T15:43:00.2901815+01:00" testType="13cdc9d9-ddb5-4fa4-a97d-d965ccfc6d4b" outcome="Passed" testListId="8c84fa94-04c1-424b-9868-57a2d4851a1d" relativeResultsDirectory="e23c5c8d-7c66-4686-95da-a7e0cf6c76ff" />
    <UnitTestResult executionId="f5eaf400-ccd0-449f-b4c1-dcc42e2e47b6" testId="cc3505a4-7232-cc24-3cfe-056b7e73ed2b" testName="CompareToTest" computerName="DKSR-EFI-06" duration="00:00:00.0012256" startTime="2024-01-09T15:42:28.5843930+01:00" endTime="2024-01-09T15:42:28.5859519+01:00" testType="13cdc9d9-ddb5-4fa4-a97d-d965ccfc6d4b" outcome="Passed" testListId="8c84fa94-04c1-424b-9868-57a2d4851a1d" relativeResultsDirectory="f5eaf400-ccd0-449f-b4c1-dcc42e2e47b6" />
    <UnitTestResult executionId="2041567d-4cc9-497e-b2de-b6a6545b1edc" testId="5faaddbc-e454-1cad-1ea4-51f228dc32db" testName="SingleServerMustReturnDisplayNameAsEntityName" computerName="DKSR-EFI-06" duration="00:00:00.0871271" startTime="2024-01-09T15:42:39.8147441+01:00" endTime="2024-01-09T15:42:39.9023340+01:00" testType="13cdc9d9-ddb5-4fa4-a97d-d965ccfc6d4b" outcome="Passed" testListId="8c84fa94-04c1-424b-9868-57a2d4851a1d" relativeResultsDirectory="2041567d-4cc9-497e-b2de-b6a6545b1edc" />
    <UnitTestResult executionId="9d5ef550-298f-41f8-9648-c3da1c3e2073" testId="4f4a64cd-6297-dad0-e258-e2bc655c9f25" testName="ShowCustomizeWindowReturnsIfNoWritePermission" computerName="DKSR-EFI-06" duration="00:00:00.0020248" startTime="2024-01-09T15:42:37.1574460+01:00" endTime="2024-01-09T15:42:37.2171861+01:00" testType="13cdc9d9-ddb5-4fa4-a97d-d965ccfc6d4b" outcome="Passed" testListId="8c84fa94-04c1-424b-9868-57a2d4851a1d" relativeResultsDirectory="9d5ef550-298f-41f8-9648-c3da1c3e2073" />
    <UnitTestResult executionId="0eb939b0-0dcf-4ad9-833f-d7060148b9f8" testId="d6602b74-10ff-8e4a-a599-5e89f61e24aa" testName="DetermineScaledWindowLocationAndSize_AtPosition_100Percent_Scaling" computerName="DKSR-EFI-06" duration="00:00:00.0014872" startTime="2024-01-09T15:42:50.2874460+01:00" endTime="2024-01-09T15:42:50.2891308+01:00" testType="13cdc9d9-ddb5-4fa4-a97d-d965ccfc6d4b" outcome="Passed" testListId="8c84fa94-04c1-424b-9868-57a2d4851a1d" relativeResultsDirectory="0eb939b0-0dcf-4ad9-833f-d7060148b9f8" />
    <UnitTestResult executionId="2f83d730-13a8-442e-99fd-6bceabb0053f" testId="4f9e68da-d964-48d6-9d3b-7273107c43bc" testName="RoundToMinute_Nearest" computerName="DKSR-EFI-06" duration="00:00:00.0006280" startTime="2024-01-09T15:42:50.0183902+01:00" endTime="2024-01-09T15:42:50.0193569+01:00" testType="13cdc9d9-ddb5-4fa4-a97d-d965ccfc6d4b" outcome="Passed" testListId="8c84fa94-04c1-424b-9868-57a2d4851a1d" relativeResultsDirectory="2f83d730-13a8-442e-99fd-6bceabb0053f" />
    <UnitTestResult executionId="0e0a82fa-af0b-4841-bb57-cf434c06a772" testId="93e1c6bd-3907-bf6a-9788-32ce344adf8d" testName="RoundToSecond_Up" computerName="DKSR-EFI-06" duration="00:00:00.0009667" startTime="2024-01-09T15:42:49.7408318+01:00" endTime="2024-01-09T15:42:49.7419875+01:00" testType="13cdc9d9-ddb5-4fa4-a97d-d965ccfc6d4b" outcome="Passed" testListId="8c84fa94-04c1-424b-9868-57a2d4851a1d" relativeResultsDirectory="0e0a82fa-af0b-4841-bb57-cf434c06a772" />
    <UnitTestResult executionId="b944a371-3b76-449e-9150-47ecce0ca98d" testId="f9581051-4325-f7fc-7cc2-b7b62afe7956" testName="MeasureOverride_NoChildEnoughSpace_NotShrunk" computerName="DKSR-EFI-06" duration="00:00:00.0273009" startTime="2024-01-09T15:42:34.5137057+01:00" endTime="2024-01-09T15:42:34.5869392+01:00" testType="13cdc9d9-ddb5-4fa4-a97d-d965ccfc6d4b" outcome="Passed" testListId="8c84fa94-04c1-424b-9868-57a2d4851a1d" relativeResultsDirectory="b944a371-3b76-449e-9150-47ecce0ca98d" />
    <UnitTestResult executionId="c0995294-cd30-4bc3-9f6c-a61db7be0d27" testId="1b91abd4-9b99-9dc8-e442-fa99a1f0e332" testName="MouseLeftButtonUp_ShouldReleaseMouseCapture_WhenInvokingSingleClickHandlerDelayed" computerName="DKSR-EFI-06" duration="00:00:00.0036681" startTime="2024-01-09T15:43:00.4020591+01:00" endTime="2024-01-09T15:43:00.4201529+01:00" testType="13cdc9d9-ddb5-4fa4-a97d-d965ccfc6d4b" outcome="Passed" testListId="8c84fa94-04c1-424b-9868-57a2d4851a1d" relativeResultsDirectory="c0995294-cd30-4bc3-9f6c-a61db7be0d27" />
    <UnitTestResult executionId="c5190b6e-890f-40e6-980d-c17e7775224c" testId="8f9aaf67-4846-3c14-9893-fd9a67976dbd" testName="TryCreateUri_ShouldReturnValidUri_WhenInputIsRelativeUri" computerName="DKSR-EFI-06" duration="00:00:00.0003758" startTime="2024-01-09T15:42:49.9973694+01:00" endTime="2024-01-09T15:42:49.9979675+01:00" testType="13cdc9d9-ddb5-4fa4-a97d-d965ccfc6d4b" outcome="Passed" testListId="8c84fa94-04c1-424b-9868-57a2d4851a1d" relativeResultsDirectory="c5190b6e-890f-40e6-980d-c17e7775224c" />
    <UnitTestResult executionId="43d1fa5d-f0c7-49f3-a4a5-2f424337c865" testId="5901b859-8c35-d7a1-4b20-7aa832e2b2ac" testName="ArrangeOverride_1child_EnoughSpace_NotShrunk" computerName="DKSR-EFI-06" duration="00:00:00.0067729" startTime="2024-01-09T15:42:34.8945908+01:00" endTime="2024-01-09T15:42:34.9896931+01:00" testType="13cdc9d9-ddb5-4fa4-a97d-d965ccfc6d4b" outcome="Passed" testListId="8c84fa94-04c1-424b-9868-57a2d4851a1d" relativeResultsDirectory="43d1fa5d-f0c7-49f3-a4a5-2f424337c865" />
    <UnitTestResult executionId="10dd1f7c-46d0-4c52-8927-701e5979ed0a" testId="05ee0585-5324-c075-c884-eef61e6407ec" testName="Distinct" computerName="DKSR-EFI-06" duration="00:00:00.0019817" startTime="2024-01-09T15:42:49.8348874+01:00" endTime="2024-01-09T15:42:49.8372325+01:00" testType="13cdc9d9-ddb5-4fa4-a97d-d965ccfc6d4b" outcome="Passed" testListId="8c84fa94-04c1-424b-9868-57a2d4851a1d" relativeResultsDirectory="10dd1f7c-46d0-4c52-8927-701e5979ed0a" />
    <UnitTestResult executionId="77e4b80f-ba25-4c0d-bb08-996e698374c1" testId="bb96e440-92b4-1c31-95b5-59b0e4d11807" testName="GetIntValueOrDefault_KeyFound_ValueReturned" computerName="DKSR-EFI-06" duration="00:00:00.0002474" startTime="2024-01-09T15:43:00.7533270+01:00" endTime="2024-01-09T15:43:00.7537673+01:00" testType="13cdc9d9-ddb5-4fa4-a97d-d965ccfc6d4b" outcome="Passed" testListId="8c84fa94-04c1-424b-9868-57a2d4851a1d" relativeResultsDirectory="77e4b80f-ba25-4c0d-bb08-996e698374c1" />
    <UnitTestResult executionId="f109099d-52d2-4257-a903-b3f2c6bc6706" testId="b2995b06-1442-48cc-a8f7-299ee21d333d" testName="UpdateFrameworkElementsOverlay_WithUnknownId_ShouldReturnFalse" computerName="DKSR-EFI-06" duration="00:00:00.0007450" startTime="2024-01-09T15:43:00.5441635+01:00" endTime="2024-01-09T15:43:00.5878172+01:00" testType="13cdc9d9-ddb5-4fa4-a97d-d965ccfc6d4b" outcome="Passed" testListId="8c84fa94-04c1-424b-9868-57a2d4851a1d" relativeResultsDirectory="f109099d-52d2-4257-a903-b3f2c6bc6706" />
    <UnitTestResult executionId="b72f0869-d979-4e52-ab50-a1d132d71efa" testId="a4ebc8c3-3a4e-4ab1-e6c5-04365965ee9e" testName="Constructor_StateService_ArgumentNull_Thrown" computerName="DKSR-EFI-06" duration="00:00:00.0006361" startTime="2024-01-09T15:43:00.8077302+01:00" endTime="2024-01-09T15:43:00.8087222+01:00" testType="13cdc9d9-ddb5-4fa4-a97d-d965ccfc6d4b" outcome="Passed" testListId="8c84fa94-04c1-424b-9868-57a2d4851a1d" relativeResultsDirectory="b72f0869-d979-4e52-ab50-a1d132d71efa" />
    <UnitTestResult executionId="4d18f0e8-2b59-4d19-be58-a4f99bf0bb95" testId="b452384b-46c9-9d28-fc42-8e46ec09f689" testName="MouseLeftButtonUp_ShouldInvokeClickHandlerAfterDelay_WhenNoDoubleClickIsDetectedAndMouseIsDirectlyOver" computerName="DKSR-EFI-06" duration="00:00:00.0453634" startTime="2024-01-09T15:43:00.3017186+01:00" endTime="2024-01-09T15:43:00.3733441+01:00" testType="13cdc9d9-ddb5-4fa4-a97d-d965ccfc6d4b" outcome="Passed" testListId="8c84fa94-04c1-424b-9868-57a2d4851a1d" relativeResultsDirectory="4d18f0e8-2b59-4d19-be58-a4f99bf0bb95" />
    <UnitTestResult executionId="d5073f6f-d3d8-4cfc-82fc-5397291bdb4d" testId="f3327606-b2a8-9974-e840-2b31246f10e1" testName="DrawControl_AllRangeSelected_VisualsOK" computerName="DKSR-EFI-06" duration="00:00:00.0738132" startTime="2024-01-09T15:42:32.0923333+01:00" endTime="2024-01-09T15:42:32.1685699+01:00" testType="13cdc9d9-ddb5-4fa4-a97d-d965ccfc6d4b" outcome="Passed" testListId="8c84fa94-04c1-424b-9868-57a2d4851a1d" relativeResultsDirectory="d5073f6f-d3d8-4cfc-82fc-5397291bdb4d" />
    <UnitTestResult executionId="97bb62e4-7058-4e6c-96f5-baa5677d7a0a" testId="34b2f47b-480a-22d6-69fb-dc7eedfd64fd" testName="FormsControlScaleValue_150Percent_Scaling" computerName="DKSR-EFI-06" duration="00:00:00.0011316" startTime="2024-01-09T15:42:50.2587825+01:00" endTime="2024-01-09T15:42:50.2601000+01:00" testType="13cdc9d9-ddb5-4fa4-a97d-d965ccfc6d4b" outcome="Passed" testListId="8c84fa94-04c1-424b-9868-57a2d4851a1d" relativeResultsDirectory="97bb62e4-7058-4e6c-96f5-baa5677d7a0a" />
    <UnitTestResult executionId="1f73993e-64f1-460b-8e88-a092825fb3a9" testId="c6c1a6ca-c551-f84f-b4f7-d3d4f0f2582f" testName="TryGetIntValue_WrongKeyValue_ValueReturnedZero" computerName="DKSR-EFI-06" duration="00:00:00.0002164" startTime="2024-01-09T15:43:00.7805241+01:00" endTime="2024-01-09T15:43:00.7809095+01:00" testType="13cdc9d9-ddb5-4fa4-a97d-d965ccfc6d4b" outcome="Passed" testListId="8c84fa94-04c1-424b-9868-57a2d4851a1d" relativeResultsDirectory="1f73993e-64f1-460b-8e88-a092825fb3a9" />
    <UnitTestResult executionId="38c7274c-2966-4ead-8113-087ea8ea5ef4" testId="4542ac08-3156-be6f-f9b6-60fac905db13" testName="DetermineScaledWindowLocationAndSize_AtPosition_150Percent_Scaling" computerName="DKSR-EFI-06" duration="00:00:00.0009919" startTime="2024-01-09T15:42:50.2896474+01:00" endTime="2024-01-09T15:42:50.2908341+01:00" testType="13cdc9d9-ddb5-4fa4-a97d-d965ccfc6d4b" outcome="Passed" testListId="8c84fa94-04c1-424b-9868-57a2d4851a1d" relativeResultsDirectory="38c7274c-2966-4ead-8113-087ea8ea5ef4" />
    <UnitTestResult executionId="92c5a41d-614e-48fd-9713-a7b739c61fa3" testId="17d84dca-08db-1fc3-9f2e-4c3ca40d4597" testName="GetTimeSpanValueOrDefault_WrongKeyValue_DefaultValueReturned" computerName="DKSR-EFI-06" duration="00:00:00.0003069" startTime="2024-01-09T15:43:00.7700729+01:00" endTime="2024-01-09T15:43:00.7705756+01:00" testType="13cdc9d9-ddb5-4fa4-a97d-d965ccfc6d4b" outcome="Passed" testListId="8c84fa94-04c1-424b-9868-57a2d4851a1d" relativeResultsDirectory="92c5a41d-614e-48fd-9713-a7b739c61fa3" />
    <UnitTestResult executionId="aed84487-ab41-401e-81f3-6c386fc3a278" testId="5a716387-727c-9f4a-576d-c532745d27fc" testName="RoundToMinute_Down" computerName="DKSR-EFI-06" duration="00:00:00.0010545" startTime="2024-01-09T15:42:49.7452014+01:00" endTime="2024-01-09T15:42:49.7464495+01:00" testType="13cdc9d9-ddb5-4fa4-a97d-d965ccfc6d4b" outcome="Passed" testListId="8c84fa94-04c1-424b-9868-57a2d4851a1d" relativeResultsDirectory="aed84487-ab41-401e-81f3-6c386fc3a278" />
    <UnitTestResult executionId="8702f233-c6ac-44f3-b28f-e79da6b9f0c3" testId="4fee98d5-de39-1ee6-cb6e-aeb30d9e4547" testName="GetBoolValueOrDefault_KeyNotFound_DefaultValueReturned" computerName="DKSR-EFI-06" duration="00:00:00.0003471" startTime="2024-01-09T15:43:00.7741777+01:00" endTime="2024-01-09T15:43:00.7746877+01:00" testType="13cdc9d9-ddb5-4fa4-a97d-d965ccfc6d4b" outcome="Passed" testListId="8c84fa94-04c1-424b-9868-57a2d4851a1d" relativeResultsDirectory="8702f233-c6ac-44f3-b28f-e79da6b9f0c3" />
    <UnitTestResult executionId="d47ed198-de37-4b6b-9fde-5f0a8628ce08" testId="22b2ca51-378e-71cd-e0e0-67e36d20ff15" testName="ArrangeOverride_3child_EnoughSpace_NotShrunk" computerName="DKSR-EFI-06" duration="00:00:00.0099139" startTime="2024-01-09T15:42:34.9915093+01:00" endTime="2024-01-09T15:42:35.0107904+01:00" testType="13cdc9d9-ddb5-4fa4-a97d-d965ccfc6d4b" outcome="Passed" testListId="8c84fa94-04c1-424b-9868-57a2d4851a1d" relativeResultsDirectory="d47ed198-de37-4b6b-9fde-5f0a8628ce08">
      <Output>
        <StdOut>Debug Trace:&#xD;
offsets: 0, 21, 62&#xD;
widths: 11, 31, 51</StdOut>
      </Output>
    </UnitTestResult>
    <UnitTestResult executionId="f312c63e-9b68-4330-ad11-2eacc60f23c9" testId="3eb1bfa3-50f3-b918-d5a1-91e494194649" testName="GetImageSource_fallbackImageThrows_ExceptionIsThrown" computerName="DKSR-EFI-06" duration="00:00:00.0008805" startTime="2024-01-09T15:42:49.8332291+01:00" endTime="2024-01-09T15:42:49.8344079+01:00" testType="13cdc9d9-ddb5-4fa4-a97d-d965ccfc6d4b" outcome="Passed" testListId="8c84fa94-04c1-424b-9868-57a2d4851a1d" relativeResultsDirectory="f312c63e-9b68-4330-ad11-2eacc60f23c9" />
    <UnitTestResult executionId="2671f334-7b8f-466f-bf52-1ecdc1536a8e" testId="800a9cc5-fc26-2bf4-fde7-906d76a2a91c" testName="AddToast_ExistingToast_Success" computerName="DKSR-EFI-06" duration="00:00:00.0046203" startTime="2024-01-09T15:42:29.6944271+01:00" endTime="2024-01-09T15:42:29.6992483+01:00" testType="13cdc9d9-ddb5-4fa4-a97d-d965ccfc6d4b" outcome="Passed" testListId="8c84fa94-04c1-424b-9868-57a2d4851a1d" relativeResultsDirectory="2671f334-7b8f-466f-bf52-1ecdc1536a8e" />
    <UnitTestResult executionId="7c02fd57-2e8d-4772-a244-32b820e24bc9" testId="3625363b-2b2b-2a01-cb9b-b878cc7db25a" testName="MouseDrag_RangeMinOverRangeMax_DataInvariantIsOK" computerName="DKSR-EFI-06" duration="00:00:00.1218723" startTime="2024-01-09T15:42:32.3114587+01:00" endTime="2024-01-09T15:42:32.5001166+01:00" testType="13cdc9d9-ddb5-4fa4-a97d-d965ccfc6d4b" outcome="Passed" testListId="8c84fa94-04c1-424b-9868-57a2d4851a1d" relativeResultsDirectory="7c02fd57-2e8d-4772-a244-32b820e24bc9" />
    <UnitTestResult executionId="3451c4cd-9cd1-437b-954c-36f79ee9f4a2" testId="2e5f6fa9-36cf-588f-e363-93c7c6e15067" testName="Constructor_StateService_ArgumentNull_Thrown" computerName="DKSR-EFI-06" duration="00:00:00.0006183" startTime="2024-01-09T15:43:01.1918806+01:00" endTime="2024-01-09T15:43:01.1929566+01:00" testType="13cdc9d9-ddb5-4fa4-a97d-d965ccfc6d4b" outcome="Passed" testListId="8c84fa94-04c1-424b-9868-57a2d4851a1d" relativeResultsDirectory="3451c4cd-9cd1-437b-954c-36f79ee9f4a2" />
    <UnitTestResult executionId="0c41eb89-2eb4-461f-8d9e-ad3a7242372e" testId="d32054d7-3151-5a17-efe5-d560f827fbcf" testName="RoundToHour_Up" computerName="DKSR-EFI-06" duration="00:00:00.0011084" startTime="2024-01-09T15:42:49.7513143+01:00" endTime="2024-01-09T15:42:49.7526003+01:00" testType="13cdc9d9-ddb5-4fa4-a97d-d965ccfc6d4b" outcome="Passed" testListId="8c84fa94-04c1-424b-9868-57a2d4851a1d" relativeResultsDirectory="0c41eb89-2eb4-461f-8d9e-ad3a7242372e" />
    <UnitTestResult executionId="01f47cc0-9d8c-4c2f-a105-084ade2b6f41" testId="9bb26b43-c785-7f17-8df6-312acd18b6b3" testName="RemoveToast_Success" computerName="DKSR-EFI-06" duration="00:00:00.0032076" startTime="2024-01-09T15:42:50.5250665+01:00" endTime="2024-01-09T15:42:50.5286379+01:00" testType="13cdc9d9-ddb5-4fa4-a97d-d965ccfc6d4b" outcome="Passed" testListId="8c84fa94-04c1-424b-9868-57a2d4851a1d" relativeResultsDirectory="01f47cc0-9d8c-4c2f-a105-084ade2b6f41" />
    <UnitTestResult executionId="e97cd400-541b-4de5-9ae5-1ec4c7246ffe" testId="bd6f3f69-8756-1ecb-680e-dc8bdb5e7007" testName="RoundToSecond_RoundUp" computerName="DKSR-EFI-06" duration="00:00:00.0006976" startTime="2024-01-09T15:42:50.0125719+01:00" endTime="2024-01-09T15:42:50.0134928+01:00" testType="13cdc9d9-ddb5-4fa4-a97d-d965ccfc6d4b" outcome="Passed" testListId="8c84fa94-04c1-424b-9868-57a2d4851a1d" relativeResultsDirectory="e97cd400-541b-4de5-9ae5-1ec4c7246ffe" />
    <UnitTestResult executionId="23a995a1-189a-4356-a654-fcc75d6d47d6" testId="f4aace76-8b78-d9f9-5c7e-a830773b46bd" testName="ConvertToTileStates_ArgumentNull_NotThrown" computerName="DKSR-EFI-06" duration="00:00:00.0001647" startTime="2024-01-09T15:43:01.1965750+01:00" endTime="2024-01-09T15:43:01.1968886+01:00" testType="13cdc9d9-ddb5-4fa4-a97d-d965ccfc6d4b" outcome="Passed" testListId="8c84fa94-04c1-424b-9868-57a2d4851a1d" relativeResultsDirectory="23a995a1-189a-4356-a654-fcc75d6d47d6" />
    <UnitTestResult executionId="9e4cacea-875b-4902-99b3-c3f15071cbfd" testId="800a71d5-fd75-b55e-d8d0-21c57915ee72" testName="DragRangeMin_NotifyInvoked_Success" computerName="DKSR-EFI-06" duration="00:00:01.2365041" startTime="2024-01-09T15:42:30.2479557+01:00" endTime="2024-01-09T15:42:31.5265968+01:00" testType="13cdc9d9-ddb5-4fa4-a97d-d965ccfc6d4b" outcome="Passed" testListId="8c84fa94-04c1-424b-9868-57a2d4851a1d" relativeResultsDirectory="9e4cacea-875b-4902-99b3-c3f15071cbfd" />
    <UnitTestResult executionId="3a2ec5a3-69cc-4b1a-8a04-4698c721b9e5" testId="f8481245-447a-5b32-a26f-ec1feabc1ee3" testName="ItemHolder_MouseClick_Success" computerName="DKSR-EFI-06" duration="00:00:00.3087806" startTime="2024-01-09T15:42:52.5411503+01:00" endTime="2024-01-09T15:42:52.9344554+01:00" testType="13cdc9d9-ddb5-4fa4-a97d-d965ccfc6d4b" outcome="Passed" testListId="8c84fa94-04c1-424b-9868-57a2d4851a1d" relativeResultsDirectory="3a2ec5a3-69cc-4b1a-8a04-4698c721b9e5" />
    <UnitTestResult executionId="e39f7a98-6c98-44ad-9fe2-fccf43dca054" testId="3ff3319a-948e-ff61-1feb-7a7a66592fd5" testName="ConvertToTileStates_Convert" computerName="DKSR-EFI-06" duration="00:00:00.0012010" startTime="2024-01-09T15:43:01.1973458+01:00" endTime="2024-01-09T15:43:01.1987110+01:00" testType="13cdc9d9-ddb5-4fa4-a97d-d965ccfc6d4b" outcome="Passed" testListId="8c84fa94-04c1-424b-9868-57a2d4851a1d" relativeResultsDirectory="e39f7a98-6c98-44ad-9fe2-fccf43dca054" />
    <UnitTestResult executionId="d4a12d78-0cae-4d70-b93b-a501fcb45b8f" testId="d571e5ac-82ed-ebaf-4d14-3695e99fdecf" testName="DetermineScaledWindowLocationAndSize_75Percent_Scaling" computerName="DKSR-EFI-06" duration="00:00:00.0008653" startTime="2024-01-09T15:42:50.2763430+01:00" endTime="2024-01-09T15:42:50.2773792+01:00" testType="13cdc9d9-ddb5-4fa4-a97d-d965ccfc6d4b" outcome="Passed" testListId="8c84fa94-04c1-424b-9868-57a2d4851a1d" relativeResultsDirectory="d4a12d78-0cae-4d70-b93b-a501fcb45b8f" />
    <UnitTestResult executionId="a51ce187-df40-48de-aedf-4aae4c523aae" testId="8a767b9b-e015-e5fc-c6e0-fb31075f769b" testName="GetImageSource_16px_Success" computerName="DKSR-EFI-06" duration="00:00:00.0616325" startTime="2024-01-09T15:42:49.7545418+01:00" endTime="2024-01-09T15:42:49.8165782+01:00" testType="13cdc9d9-ddb5-4fa4-a97d-d965ccfc6d4b" outcome="Passed" testListId="8c84fa94-04c1-424b-9868-57a2d4851a1d" relativeResultsDirectory="a51ce187-df40-48de-aedf-4aae4c523aae" />
    <UnitTestResult executionId="fdc4472a-ffc5-41c0-872b-a99afa53ef0b" testId="322678fe-2d0e-03ee-cda0-d8553512610f" testName="GetStates_SessionStarted_NoStates" computerName="DKSR-EFI-06" duration="00:00:00.0081171" startTime="2024-01-09T15:43:00.7910304+01:00" endTime="2024-01-09T15:43:00.7993476+01:00" testType="13cdc9d9-ddb5-4fa4-a97d-d965ccfc6d4b" outcome="Passed" testListId="8c84fa94-04c1-424b-9868-57a2d4851a1d" relativeResultsDirectory="fdc4472a-ffc5-41c0-872b-a99afa53ef0b" />
    <UnitTestResult executionId="8c2283f3-e930-49cb-8b11-43051d995739" testId="2aca5760-5736-8fb2-f42a-c078d75461ed" testName="DoComboSelectionThrowsIfServerTypeIdIsNotAValidGuid" computerName="DKSR-EFI-06" duration="00:00:00.0142974" startTime="2024-01-09T15:42:38.8774280+01:00" endTime="2024-01-09T15:42:38.9091797+01:00" testType="13cdc9d9-ddb5-4fa4-a97d-d965ccfc6d4b" outcome="Passed" testListId="8c84fa94-04c1-424b-9868-57a2d4851a1d" relativeResultsDirectory="8c2283f3-e930-49cb-8b11-43051d995739" />
    <UnitTestResult executionId="1b16a388-bd31-4048-b218-113839699068" testId="853fc9d6-6db1-9e50-13df-6a1ab3128380" testName="Clear_NoCleanupTimerRunning_Success" computerName="DKSR-EFI-06" duration="00:00:00.0002505" startTime="2024-01-09T15:42:29.2274229+01:00" endTime="2024-01-09T15:42:29.2277961+01:00" testType="13cdc9d9-ddb5-4fa4-a97d-d965ccfc6d4b" outcome="Passed" testListId="8c84fa94-04c1-424b-9868-57a2d4851a1d" relativeResultsDirectory="1b16a388-bd31-4048-b218-113839699068" />
    <UnitTestResult executionId="f995d67a-2370-4308-8a48-c097c23fbf6a" testId="a9359554-6927-fb85-3830-72d7f8df0ae0" testName="RoundToHour_RoundDown" computerName="DKSR-EFI-06" duration="00:00:00.0010143" startTime="2024-01-09T15:42:50.0210184+01:00" endTime="2024-01-09T15:42:50.0222384+01:00" testType="13cdc9d9-ddb5-4fa4-a97d-d965ccfc6d4b" outcome="Passed" testListId="8c84fa94-04c1-424b-9868-57a2d4851a1d" relativeResultsDirectory="f995d67a-2370-4308-8a48-c097c23fbf6a" />
    <UnitTestResult executionId="0e8d7945-ad9c-4540-80f7-31b3135c4725" testId="96d31876-ad33-952c-3bd1-b146a14e3f83" testName="Constructor_ShouldCreateTreeWithUnitChildren_WhenUnitsHaveParentAndChildrenAndTheyMustBeIncludedInTree" computerName="DKSR-EFI-06" duration="00:00:00.0041986" startTime="2024-01-09T15:42:29.1418948+01:00" endTime="2024-01-09T15:42:29.1464042+01:00" testType="13cdc9d9-ddb5-4fa4-a97d-d965ccfc6d4b" outcome="Passed" testListId="8c84fa94-04c1-424b-9868-57a2d4851a1d" relativeResultsDirectory="0e8d7945-ad9c-4540-80f7-31b3135c4725" />
    <UnitTestResult executionId="af3b5eb1-de90-444e-b4fc-e1e86638e4e8" testId="1eb83994-41a5-06de-d18f-7e1407514b78" testName="SequenceEqualIgnoreOrder_EqualCollectionsOrderedDifferently_IgnoreOrder_SymmetricalTrueResult" computerName="DKSR-EFI-06" duration="00:00:00.0003947" startTime="2024-01-09T15:42:49.8622302+01:00" endTime="2024-01-09T15:42:49.8628320+01:00" testType="13cdc9d9-ddb5-4fa4-a97d-d965ccfc6d4b" outcome="Passed" testListId="8c84fa94-04c1-424b-9868-57a2d4851a1d" relativeResultsDirectory="af3b5eb1-de90-444e-b4fc-e1e86638e4e8" />
    <UnitTestResult executionId="3f3695f1-d6c3-43b8-a3a3-b2f1d836178d" testId="cbb93574-008f-0923-82a1-ea6b8693b1c4" testName="Changing_The_Last_Item_Works" computerName="DKSR-EFI-06" duration="00:00:00.0011345" startTime="2024-01-09T15:42:49.5992270+01:00" endTime="2024-01-09T15:42:49.6005591+01:00" testType="13cdc9d9-ddb5-4fa4-a97d-d965ccfc6d4b" outcome="Passed" testListId="8c84fa94-04c1-424b-9868-57a2d4851a1d" relativeResultsDirectory="3f3695f1-d6c3-43b8-a3a3-b2f1d836178d" />
    <UnitTestResult executionId="aaeb5ec5-f0cc-4f6d-afc2-7548aa063648" testId="a7304e06-ae3e-2e3a-5ce1-1639916ee77c" testName="OnPreviewKeyDown_Return_Success" computerName="DKSR-EFI-06" duration="00:00:00.1756219" startTime="2024-01-09T15:42:56.4677334+01:00" endTime="2024-01-09T15:42:56.7648685+01:00" testType="13cdc9d9-ddb5-4fa4-a97d-d965ccfc6d4b" outcome="Passed" testListId="8c84fa94-04c1-424b-9868-57a2d4851a1d" relativeResultsDirectory="aaeb5ec5-f0cc-4f6d-afc2-7548aa063648" />
    <UnitTestResult executionId="f22883d1-78d0-4dc2-baf8-86bf46782fd2" testId="c196c0e0-1845-801a-d6ce-5a2a7861546a" testName="Constructor_ShouldForwardSlides_WhenMoreThanZero" computerName="DKSR-EFI-06" duration="00:00:00.0204201" startTime="2024-01-09T15:42:49.5140035+01:00" endTime="2024-01-09T15:42:49.5348248+01:00" testType="13cdc9d9-ddb5-4fa4-a97d-d965ccfc6d4b" outcome="Passed" testListId="8c84fa94-04c1-424b-9868-57a2d4851a1d" relativeResultsDirectory="f22883d1-78d0-4dc2-baf8-86bf46782fd2" />
    <UnitTestResult executionId="2baab774-b66d-40f8-9429-d1fd9f9d6fec" testId="332e199d-ea86-764a-0c78-68ba66fc4ac1" testName="Basic_Functionality_Works" computerName="DKSR-EFI-06" duration="00:00:00.0065896" startTime="2024-01-09T15:42:49.5854512+01:00" endTime="2024-01-09T15:42:49.5923759+01:00" testType="13cdc9d9-ddb5-4fa4-a97d-d965ccfc6d4b" outcome="Passed" testListId="8c84fa94-04c1-424b-9868-57a2d4851a1d" relativeResultsDirectory="2baab774-b66d-40f8-9429-d1fd9f9d6fec" />
    <UnitTestResult executionId="7d93c6d7-991b-4c0c-bb3c-f81fe442d506" testId="08c8c1c6-bdcb-21d2-0325-62806128a803" testName="MouseDown_OverRightRangeBar_RangeMinUpdated" computerName="DKSR-EFI-06" duration="00:00:00.1195709" startTime="2024-01-09T15:42:33.1820448+01:00" endTime="2024-01-09T15:42:33.4332083+01:00" testType="13cdc9d9-ddb5-4fa4-a97d-d965ccfc6d4b" outcome="Passed" testListId="8c84fa94-04c1-424b-9868-57a2d4851a1d" relativeResultsDirectory="7d93c6d7-991b-4c0c-bb3c-f81fe442d506" />
    <UnitTestResult executionId="5c11fc0d-01f8-432f-9cd9-ff6b3be7024b" testId="213635e5-649b-5c44-aecd-050b59df7240" testName="Convert_RespectMinValue_Success" computerName="DKSR-EFI-06" duration="00:00:00.0003314" startTime="2024-01-09T15:42:29.2503461+01:00" endTime="2024-01-09T15:42:29.2508079+01:00" testType="13cdc9d9-ddb5-4fa4-a97d-d965ccfc6d4b" outcome="Passed" testListId="8c84fa94-04c1-424b-9868-57a2d4851a1d" relativeResultsDirectory="5c11fc0d-01f8-432f-9cd9-ff6b3be7024b" />
    <UnitTestResult executionId="fd612893-ddad-489b-86d1-d570b4766972" testId="b0a63f8f-6af7-a1eb-69e4-87897c177ded" testName="ClearUnsecureConnectionAllowedForUser_ShouldDoNothing_WhenUserDoesNotExist" computerName="DKSR-EFI-06" duration="00:00:00.0007475" startTime="2024-01-09T15:43:01.3597718+01:00" endTime="2024-01-09T15:43:01.3606947+01:00" testType="13cdc9d9-ddb5-4fa4-a97d-d965ccfc6d4b" outcome="Passed" testListId="8c84fa94-04c1-424b-9868-57a2d4851a1d" relativeResultsDirectory="fd612893-ddad-489b-86d1-d570b4766972" />
    <UnitTestResult executionId="dedc92a3-adf3-4b21-8445-e2ad97af8deb" testId="f335010e-9fe4-33d4-3df2-9a2fa868a446" testName="Ctor_Success" computerName="DKSR-EFI-06" duration="00:00:00.0194508" startTime="2024-01-09T15:42:51.5700250+01:00" endTime="2024-01-09T15:42:51.6516769+01:00" testType="13cdc9d9-ddb5-4fa4-a97d-d965ccfc6d4b" outcome="Passed" testListId="8c84fa94-04c1-424b-9868-57a2d4851a1d" relativeResultsDirectory="dedc92a3-adf3-4b21-8445-e2ad97af8deb" />
    <UnitTestResult executionId="a7473b20-90b3-4333-b243-edde4719d456" testId="3d591622-7a9a-3607-596b-40dbc7119e9a" testName="RemoveFrameworkElementsOverlay_WithKnownId_ShouldRemoveCorrectItem" computerName="DKSR-EFI-06" duration="00:00:00.0010711" startTime="2024-01-09T15:43:00.6739228+01:00" endTime="2024-01-09T15:43:00.6759511+01:00" testType="13cdc9d9-ddb5-4fa4-a97d-d965ccfc6d4b" outcome="Passed" testListId="8c84fa94-04c1-424b-9868-57a2d4851a1d" relativeResultsDirectory="a7473b20-90b3-4333-b243-edde4719d456" />
    <UnitTestResult executionId="04f62b5b-65b2-42bb-8edb-f5fd7fa427a3" testId="f31e5243-90c8-7dae-7404-a3986e0efbe1" testName="Convert_WithMultiplier_Success" computerName="DKSR-EFI-06" duration="00:00:00.0003293" startTime="2024-01-09T15:42:29.2480740+01:00" endTime="2024-01-09T15:42:29.2485927+01:00" testType="13cdc9d9-ddb5-4fa4-a97d-d965ccfc6d4b" outcome="Passed" testListId="8c84fa94-04c1-424b-9868-57a2d4851a1d" relativeResultsDirectory="04f62b5b-65b2-42bb-8edb-f5fd7fa427a3" />
    <UnitTestResult executionId="bc59db81-48eb-40e5-b0f1-0900107a8730" testId="126d2357-7090-a0c3-d4b1-34920ceb72d7" testName="ToastsCanEnterQueue_Success" computerName="DKSR-EFI-06" duration="00:00:00.0362663" startTime="2024-01-09T15:42:50.4528407+01:00" endTime="2024-01-09T15:42:50.4893363+01:00" testType="13cdc9d9-ddb5-4fa4-a97d-d965ccfc6d4b" outcome="Passed" testListId="8c84fa94-04c1-424b-9868-57a2d4851a1d" relativeResultsDirectory="bc59db81-48eb-40e5-b0f1-0900107a8730" />
    <UnitTestResult executionId="30c59aac-a7ec-420e-8981-85f84369b30d" testId="b8abe570-968b-bdd1-9711-285d9d0a6ba1" testName="Changing_Items_In_The_Middle_Works" computerName="DKSR-EFI-06" duration="00:00:00.0013569" startTime="2024-01-09T15:42:49.5971280+01:00" endTime="2024-01-09T15:42:49.5986922+01:00" testType="13cdc9d9-ddb5-4fa4-a97d-d965ccfc6d4b" outcome="Passed" testListId="8c84fa94-04c1-424b-9868-57a2d4851a1d" relativeResultsDirectory="30c59aac-a7ec-420e-8981-85f84369b30d" />
    <UnitTestResult executionId="0a50d756-a99b-4e57-b36b-3312c7077630" testId="9407802f-e3bb-717e-dfa6-c4f68e793c26" testName="Constructor_StateSessionHelper_ArgumentNull_Thrown" computerName="DKSR-EFI-06" duration="00:00:00.0003505" startTime="2024-01-09T15:43:01.1945696+01:00" endTime="2024-01-09T15:43:01.1951392+01:00" testType="13cdc9d9-ddb5-4fa4-a97d-d965ccfc6d4b" outcome="Passed" testListId="8c84fa94-04c1-424b-9868-57a2d4851a1d" relativeResultsDirectory="0a50d756-a99b-4e57-b36b-3312c7077630" />
    <UnitTestResult executionId="e111079f-e83f-44fe-acc9-c53347a45f40" testId="62aebf56-249e-bb4c-3c75-70b7badd4f85" testName="MouseHover_OverRangeBarAndThumbs_IsMouseOverRangeBar_IsTrue" computerName="DKSR-EFI-06" duration="00:00:00.0816724" startTime="2024-01-09T15:42:32.9315638+01:00" endTime="2024-01-09T15:42:33.0750287+01:00" testType="13cdc9d9-ddb5-4fa4-a97d-d965ccfc6d4b" outcome="Passed" testListId="8c84fa94-04c1-424b-9868-57a2d4851a1d" relativeResultsDirectory="e111079f-e83f-44fe-acc9-c53347a45f40" />
    <UnitTestResult executionId="2eb4c315-8187-4c7b-8b3a-892c460b1977" testId="2d512390-4feb-0be5-34ad-eaab831bb98b" testName="AddRange_FewItems_SuccessWithSingleNotification" computerName="DKSR-EFI-06" duration="00:00:00.0013557" startTime="2024-01-09T15:43:00.2693065+01:00" endTime="2024-01-09T15:43:00.2708882+01:00" testType="13cdc9d9-ddb5-4fa4-a97d-d965ccfc6d4b" outcome="Passed" testListId="8c84fa94-04c1-424b-9868-57a2d4851a1d" relativeResultsDirectory="2eb4c315-8187-4c7b-8b3a-892c460b1977" />
    <UnitTestResult executionId="bde0d609-01bc-4f26-a134-953fe84bfaf7" testId="e04fdc2f-e623-9c34-4386-5fa6abb1dcd4" testName="GetColumnDefinitions_Success" computerName="DKSR-EFI-06" duration="00:00:00.1425594" startTime="2024-01-09T15:42:52.1479398+01:00" endTime="2024-01-09T15:42:52.3594328+01:00" testType="13cdc9d9-ddb5-4fa4-a97d-d965ccfc6d4b" outcome="Passed" testListId="8c84fa94-04c1-424b-9868-57a2d4851a1d" relativeResultsDirectory="bde0d609-01bc-4f26-a134-953fe84bfaf7" />
    <UnitTestResult executionId="9d2793ef-8065-41dc-8dae-6b8eebc234b0" testId="db58122d-1cb6-c9dc-b0c5-af4f8da57592" testName="SubstractIntervalListTest" computerName="DKSR-EFI-06" duration="00:00:00.0029245" startTime="2024-01-09T15:42:28.6016706+01:00" endTime="2024-01-09T15:42:28.6048235+01:00" testType="13cdc9d9-ddb5-4fa4-a97d-d965ccfc6d4b" outcome="Passed" testListId="8c84fa94-04c1-424b-9868-57a2d4851a1d" relativeResultsDirectory="9d2793ef-8065-41dc-8dae-6b8eebc234b0" />
    <UnitTestResult executionId="902d7409-303e-4715-bab4-4d538df3df66" testId="319f8796-7403-b14a-34e0-f1797faae63e" testName="GetIntValueOrDefault_KeyNotFound_DefaultValueReturned" computerName="DKSR-EFI-06" duration="00:00:00.0008145" startTime="2024-01-09T15:43:00.7515239+01:00" endTime="2024-01-09T15:43:00.7528205+01:00" testType="13cdc9d9-ddb5-4fa4-a97d-d965ccfc6d4b" outcome="Passed" testListId="8c84fa94-04c1-424b-9868-57a2d4851a1d" relativeResultsDirectory="902d7409-303e-4715-bab4-4d538df3df66" />
    <UnitTestResult executionId="a9d73807-7a19-4689-8c55-8e01d8f9d1a4" testId="2dbf24a9-29c5-3ef0-69a0-687ac45d4c86" testName="Constructor_ShouldCreateTreeOfMixedDepth_WhenUnitsHaveDifferentNumberOfAncestors" computerName="DKSR-EFI-06" duration="00:00:00.0028236" startTime="2024-01-09T15:42:29.1099865+01:00" endTime="2024-01-09T15:42:29.1131020+01:00" testType="13cdc9d9-ddb5-4fa4-a97d-d965ccfc6d4b" outcome="Passed" testListId="8c84fa94-04c1-424b-9868-57a2d4851a1d" relativeResultsDirectory="a9d73807-7a19-4689-8c55-8e01d8f9d1a4" />
    <UnitTestResult executionId="a3f25e34-78ec-4e04-bc65-b433008d5e4f" testId="cf3d443f-6dec-a121-7292-16e5d1c821cc" testName="ColumnDefinition_ToString_Success" computerName="DKSR-EFI-06" duration="00:00:00.0007485" startTime="2024-01-09T15:43:00.1274976+01:00" endTime="2024-01-09T15:43:00.2570716+01:00" testType="13cdc9d9-ddb5-4fa4-a97d-d965ccfc6d4b" outcome="Passed" testListId="8c84fa94-04c1-424b-9868-57a2d4851a1d" relativeResultsDirectory="a3f25e34-78ec-4e04-bc65-b433008d5e4f" />
    <UnitTestResult executionId="d1f968ba-5d18-4df3-988c-5dc0c961343e" testId="39556250-42a0-8230-36af-33fb371b59df" testName="ShowDialogScaled_150Percent_Scaling" computerName="DKSR-EFI-06" duration="00:00:00.0224085" startTime="2024-01-09T15:42:50.0255446+01:00" endTime="2024-01-09T15:42:50.0898380+01:00" testType="13cdc9d9-ddb5-4fa4-a97d-d965ccfc6d4b" outcome="Passed" testListId="8c84fa94-04c1-424b-9868-57a2d4851a1d" relativeResultsDirectory="d1f968ba-5d18-4df3-988c-5dc0c961343e" />
    <UnitTestResult executionId="98f84ad0-a135-4d64-b46e-5fb035cfde09" testId="ac417528-a5fc-0267-1e71-119d845e1bc0" testName="SmartSearchFilterValue_Deserialize_Success" computerName="DKSR-EFI-06" duration="00:00:00.0593652" startTime="2024-01-09T15:43:00.6913431+01:00" endTime="2024-01-09T15:43:00.7509650+01:00" testType="13cdc9d9-ddb5-4fa4-a97d-d965ccfc6d4b" outcome="Passed" testListId="8c84fa94-04c1-424b-9868-57a2d4851a1d" relativeResultsDirectory="98f84ad0-a135-4d64-b46e-5fb035cfde09" />
    <UnitTestResult executionId="189c28b9-a74f-4b6e-9b4d-8e5e8f11ceb9" testId="91b01448-6a92-47bb-7ce5-67a9221a299c" testName="Ctor_Success" computerName="DKSR-EFI-06" duration="00:00:00.0149283" startTime="2024-01-09T15:42:50.5347691+01:00" endTime="2024-01-09T15:42:50.6816533+01:00" testType="13cdc9d9-ddb5-4fa4-a97d-d965ccfc6d4b" outcome="Passed" testListId="8c84fa94-04c1-424b-9868-57a2d4851a1d" relativeResultsDirectory="189c28b9-a74f-4b6e-9b4d-8e5e8f11ceb9" />
    <UnitTestResult executionId="6cc457a7-726e-4017-a229-15434c266c18" testId="50b702b0-e703-363d-0b04-619370ec937b" testName="AllowUnsecureConnection_ShouldBeTrue_WhenNoServerEntryButUserExists" computerName="DKSR-EFI-06" duration="00:00:00.0018039" startTime="2024-01-09T15:43:01.3066116+01:00" endTime="2024-01-09T15:43:01.3085925+01:00" testType="13cdc9d9-ddb5-4fa4-a97d-d965ccfc6d4b" outcome="Passed" testListId="8c84fa94-04c1-424b-9868-57a2d4851a1d" relativeResultsDirectory="6cc457a7-726e-4017-a229-15434c266c18" />
    <UnitTestResult executionId="e4d3a02b-911a-44b6-abb9-5d52b83ce765" testId="c1eeccdf-9e70-35f5-8d31-8a133efe3993" testName="GetItemUserControl_Failure" computerName="DKSR-EFI-06" duration="00:00:00.0045393" startTime="2024-01-09T15:42:52.0593857+01:00" endTime="2024-01-09T15:42:52.1462072+01:00" testType="13cdc9d9-ddb5-4fa4-a97d-d965ccfc6d4b" outcome="Passed" testListId="8c84fa94-04c1-424b-9868-57a2d4851a1d" relativeResultsDirectory="e4d3a02b-911a-44b6-abb9-5d52b83ce765" />
    <UnitTestResult executionId="ad762c14-6ef6-48cf-a227-1673cf3c752f" testId="d7a4b603-8308-5acd-9a99-39b73afff367" testName="RoundToSecond_Nearest" computerName="DKSR-EFI-06" duration="00:00:00.0008104" startTime="2024-01-09T15:42:50.0140182+01:00" endTime="2024-01-09T15:42:50.0150166+01:00" testType="13cdc9d9-ddb5-4fa4-a97d-d965ccfc6d4b" outcome="Passed" testListId="8c84fa94-04c1-424b-9868-57a2d4851a1d" relativeResultsDirectory="ad762c14-6ef6-48cf-a227-1673cf3c752f" />
    <UnitTestResult executionId="30473b85-12b0-4bf4-8b50-b14a20cadfbe" testId="febb8456-be0b-5098-be4c-94fbaa942835" testName="AllowUnsecureConnection_ShouldBeFalse_WhenAllowUnsecureIsNotSet" computerName="DKSR-EFI-06" duration="00:00:00.0020087" startTime="2024-01-09T15:43:01.2973643+01:00" endTime="2024-01-09T15:43:01.2995747+01:00" testType="13cdc9d9-ddb5-4fa4-a97d-d965ccfc6d4b" outcome="Passed" testListId="8c84fa94-04c1-424b-9868-57a2d4851a1d" relativeResultsDirectory="30473b85-12b0-4bf4-8b50-b14a20cadfbe" />
    <UnitTestResult executionId="5a341c8c-dc86-4c46-ba33-8cdb8932af46" testId="982659d8-a45b-dd6c-ac91-40bffddd94cf" testName="RoundToMillisecond_Nearest" computerName="DKSR-EFI-06" duration="00:00:00.0008527" startTime="2024-01-09T15:42:50.0086696+01:00" endTime="2024-01-09T15:42:50.0097484+01:00" testType="13cdc9d9-ddb5-4fa4-a97d-d965ccfc6d4b" outcome="Passed" testListId="8c84fa94-04c1-424b-9868-57a2d4851a1d" relativeResultsDirectory="5a341c8c-dc86-4c46-ba33-8cdb8932af46" />
    <UnitTestResult executionId="b6ddf8d1-400c-43ee-9041-92d88d457bb6" testId="5bb482fa-8a48-3336-66c9-7ea3af463c94" testName="OnPreviewKeyDown_RightCtrl_Click_Select_Success" computerName="DKSR-EFI-06" duration="00:00:00.2229559" startTime="2024-01-09T15:42:59.2729910+01:00" endTime="2024-01-09T15:42:59.5454213+01:00" testType="13cdc9d9-ddb5-4fa4-a97d-d965ccfc6d4b" outcome="Passed" testListId="8c84fa94-04c1-424b-9868-57a2d4851a1d" relativeResultsDirectory="b6ddf8d1-400c-43ee-9041-92d88d457bb6" />
    <UnitTestResult executionId="8ce680bd-42a1-42f7-a70a-3d587ec21fd2" testId="33341dd4-6583-40f9-1eba-1c8c959a3a5e" testName="UpdateFrameworkElementsOverlay_WithChangedFollowDigitalZoom_ShouldUpdateBothLists" computerName="DKSR-EFI-06" duration="00:00:00.0015213" startTime="2024-01-09T15:43:00.6237862+01:00" endTime="2024-01-09T15:43:00.6640363+01:00" testType="13cdc9d9-ddb5-4fa4-a97d-d965ccfc6d4b" outcome="Passed" testListId="8c84fa94-04c1-424b-9868-57a2d4851a1d" relativeResultsDirectory="8ce680bd-42a1-42f7-a70a-3d587ec21fd2" />
    <UnitTestResult executionId="d83f6120-3f42-4f95-ac6e-9ce28c00fa80" testId="57b6d097-e9d6-3704-ff59-5ba052e3b406" testName="ExtensionBeginInvokeNoParamTest" computerName="DKSR-EFI-06" duration="00:00:00.0691495" startTime="2024-01-09T15:42:28.2003724+01:00" endTime="2024-01-09T15:42:28.2697451+01:00" testType="13cdc9d9-ddb5-4fa4-a97d-d965ccfc6d4b" outcome="Passed" testListId="8c84fa94-04c1-424b-9868-57a2d4851a1d" relativeResultsDirectory="d83f6120-3f42-4f95-ac6e-9ce28c00fa80" />
    <UnitTestResult executionId="b9bfd0cd-9357-420a-966f-b422386fd140" testId="b0004f06-300e-d87d-8715-e540888dd689" testName="TooltipServiceWarning_UpdateTimeDefined" computerName="DKSR-EFI-06" duration="00:00:00.0004394" startTime="2024-01-09T15:43:00.2906642+01:00" endTime="2024-01-09T15:43:00.2912682+01:00" testType="13cdc9d9-ddb5-4fa4-a97d-d965ccfc6d4b" outcome="Passed" testListId="8c84fa94-04c1-424b-9868-57a2d4851a1d" relativeResultsDirectory="b9bfd0cd-9357-420a-966f-b422386fd140" />
    <UnitTestResult executionId="fd3142bc-a722-4c84-93d3-916fc178642d" testId="7137fa11-d3cd-d2e9-1892-35a2bcf917d7" testName="MeasureCounters_UpdatesCpuUsage_WithPercentage" computerName="DKSR-EFI-06" duration="00:00:09.5135438" startTime="2024-01-09T15:42:39.9288094+01:00" endTime="2024-01-09T15:42:49.4427954+01:00" testType="13cdc9d9-ddb5-4fa4-a97d-d965ccfc6d4b" outcome="Passed" testListId="8c84fa94-04c1-424b-9868-57a2d4851a1d" relativeResultsDirectory="fd3142bc-a722-4c84-93d3-916fc178642d" />
    <UnitTestResult executionId="a7a54b1b-49bf-4bfd-82d1-b9051acceb6b" testId="876bc370-09a2-ee34-0b46-51df5caf6b5d" testName="AddToast_NewToast_Success" computerName="DKSR-EFI-06" duration="00:00:00.0107108" startTime="2024-01-09T15:42:29.6826856+01:00" endTime="2024-01-09T15:42:29.6936417+01:00" testType="13cdc9d9-ddb5-4fa4-a97d-d965ccfc6d4b" outcome="Passed" testListId="8c84fa94-04c1-424b-9868-57a2d4851a1d" relativeResultsDirectory="a7a54b1b-49bf-4bfd-82d1-b9051acceb6b" />
    <UnitTestResult executionId="fc8da1ac-3abf-4ec7-8056-1596efa6fca7" testId="9dcd4ce8-33dc-3db8-df54-9c3e687528fe" testName="Convert_MultiValueConverter_DifferentTargetType_Success" computerName="DKSR-EFI-06" duration="00:00:00.0002773" startTime="2024-01-09T15:42:50.3126758+01:00" endTime="2024-01-09T15:42:50.3131289+01:00" testType="13cdc9d9-ddb5-4fa4-a97d-d965ccfc6d4b" outcome="Passed" testListId="8c84fa94-04c1-424b-9868-57a2d4851a1d" relativeResultsDirectory="fc8da1ac-3abf-4ec7-8056-1596efa6fca7" />
    <UnitTestResult executionId="2210e2da-405a-4976-af4c-7ca5272debe0" testId="f973a97f-5a8e-0209-5020-2d35dba67422" testName="Convert_WithRenamedAutomationId_ReturnsValue" computerName="DKSR-EFI-06" duration="00:00:00.0004273" startTime="2024-01-09T15:42:29.2403927+01:00" endTime="2024-01-09T15:42:29.2409531+01:00" testType="13cdc9d9-ddb5-4fa4-a97d-d965ccfc6d4b" outcome="Passed" testListId="8c84fa94-04c1-424b-9868-57a2d4851a1d" relativeResultsDirectory="2210e2da-405a-4976-af4c-7ca5272debe0" />
    <UnitTestResult executionId="413cd91b-0a26-4b96-ad6c-4d5f18a2842a" testId="1c73ceb9-2072-2e5e-a2de-ee8cd9695cfc" testName="GetStringValueOrDefault_KeyNotFound_DefaultValueReturned" computerName="DKSR-EFI-06" duration="00:00:00.0002824" startTime="2024-01-09T15:43:00.7710403+01:00" endTime="2024-01-09T15:43:00.7714918+01:00" testType="13cdc9d9-ddb5-4fa4-a97d-d965ccfc6d4b" outcome="Passed" testListId="8c84fa94-04c1-424b-9868-57a2d4851a1d" relativeResultsDirectory="413cd91b-0a26-4b96-ad6c-4d5f18a2842a" />
    <UnitTestResult executionId="f051d91f-68b9-4d89-b875-cf9e4a065a39" testId="5a36dc19-91e6-2110-bdf3-d2f7bfc377f6" testName="ShowToast_Success" computerName="DKSR-EFI-06" duration="00:00:00.0226147" startTime="2024-01-09T15:42:50.3967938+01:00" endTime="2024-01-09T15:42:50.4196566+01:00" testType="13cdc9d9-ddb5-4fa4-a97d-d965ccfc6d4b" outcome="Passed" testListId="8c84fa94-04c1-424b-9868-57a2d4851a1d" relativeResultsDirectory="f051d91f-68b9-4d89-b875-cf9e4a065a39" />
    <UnitTestResult executionId="27018930-47a5-44b3-9839-63719a69deea" testId="8d92020e-5832-705d-100b-9a3d128c1860" testName="IsFailover_IsNotFailover_IDNotSet" computerName="DKSR-EFI-06" duration="00:00:00.0001127" startTime="2024-01-09T15:43:00.2990310+01:00" endTime="2024-01-09T15:43:00.2994271+01:00" testType="13cdc9d9-ddb5-4fa4-a97d-d965ccfc6d4b" outcome="Passed" testListId="8c84fa94-04c1-424b-9868-57a2d4851a1d" relativeResultsDirectory="27018930-47a5-44b3-9839-63719a69deea" />
    <UnitTestResult executionId="75b3b16b-dffa-4d52-8c7a-56505d1e583d" testId="132e103c-17cc-dd6d-9a83-6fdfdde045a1" testName="RoundToMillisecond_RoundDown" computerName="DKSR-EFI-06" duration="00:00:00.0049131" startTime="2024-01-09T15:42:50.0005812+01:00" endTime="2024-01-09T15:42:50.0060017+01:00" testType="13cdc9d9-ddb5-4fa4-a97d-d965ccfc6d4b" outcome="Passed" testListId="8c84fa94-04c1-424b-9868-57a2d4851a1d" relativeResultsDirectory="75b3b16b-dffa-4d52-8c7a-56505d1e583d" />
    <UnitTestResult executionId="12b7725a-81b9-48d7-868a-9aca5295b743" testId="90cfc5f0-b7f9-31e3-d21a-be242b733ee9" testName="SingleServerMustSetDisplayNameDeletedServerTextIfItDoesNotExist" computerName="DKSR-EFI-06" duration="00:00:00.0016942" startTime="2024-01-09T15:42:39.9050367+01:00" endTime="2024-01-09T15:42:39.9069034+01:00" testType="13cdc9d9-ddb5-4fa4-a97d-d965ccfc6d4b" outcome="Passed" testListId="8c84fa94-04c1-424b-9868-57a2d4851a1d" relativeResultsDirectory="12b7725a-81b9-48d7-868a-9aca5295b743" />
    <UnitTestResult executionId="af912580-fce3-49b8-b135-a9dcd1551e80" testId="61b1c2a4-89cd-5144-7bf8-430d589649be" testName="RoundToMillisecond_Up" computerName="DKSR-EFI-06" duration="00:00:00.0011742" startTime="2024-01-09T15:42:49.7354432+01:00" endTime="2024-01-09T15:42:49.7368558+01:00" testType="13cdc9d9-ddb5-4fa4-a97d-d965ccfc6d4b" outcome="Passed" testListId="8c84fa94-04c1-424b-9868-57a2d4851a1d" relativeResultsDirectory="af912580-fce3-49b8-b135-a9dcd1551e80" />
    <UnitTestResult executionId="396ce736-468b-437e-8728-a4693f8b66de" testId="43785e1c-5d96-d5bd-319b-47bbf8cd5cd3" testName="ExtractItems_ShouldExtractSubset_WhenNotAllItemsAreOfExtractedType" computerName="DKSR-EFI-06" duration="00:00:00.0020208" startTime="2024-01-09T15:42:49.9633553+01:00" endTime="2024-01-09T15:42:49.9881355+01:00" testType="13cdc9d9-ddb5-4fa4-a97d-d965ccfc6d4b" outcome="Passed" testListId="8c84fa94-04c1-424b-9868-57a2d4851a1d" relativeResultsDirectory="396ce736-468b-437e-8728-a4693f8b66de" />
    <UnitTestResult executionId="d2da1b3e-08c8-4aa6-930e-27577d808e84" testId="09ded2a6-c372-2eb2-ac00-fef2bebd4e6e" testName="TryCreateUri_ShouldReturnValidUri_WhenInputIsAbsoluteUri" computerName="DKSR-EFI-06" duration="00:00:00.0050912" startTime="2024-01-09T15:42:49.9888834+01:00" endTime="2024-01-09T15:42:49.9946015+01:00" testType="13cdc9d9-ddb5-4fa4-a97d-d965ccfc6d4b" outcome="Passed" testListId="8c84fa94-04c1-424b-9868-57a2d4851a1d" relativeResultsDirectory="d2da1b3e-08c8-4aa6-930e-27577d808e84" />
    <UnitTestResult executionId="dbcf7ab4-ac08-4ab3-b0f2-e9a28d4676bb" testId="77b841d2-c43a-4070-249a-23480e6bd29c" testName="MouseDrag_RangeMaxLessRangeMin_DataInvariantIsOK" computerName="DKSR-EFI-06" duration="00:00:00.1023471" startTime="2024-01-09T15:42:32.5008507+01:00" endTime="2024-01-09T15:42:32.6766562+01:00" testType="13cdc9d9-ddb5-4fa4-a97d-d965ccfc6d4b" outcome="Passed" testListId="8c84fa94-04c1-424b-9868-57a2d4851a1d" relativeResultsDirectory="dbcf7ab4-ac08-4ab3-b0f2-e9a28d4676bb" />
    <UnitTestResult executionId="c9e10b5d-62ea-4307-a725-2d9f4f9b907e" testId="3d782eb2-1185-1de8-9482-d479e4373af3" testName="MeasureCounters_UpdatesMemoryUsage_WithPercentage" computerName="DKSR-EFI-06" duration="00:00:00.0010626" startTime="2024-01-09T15:42:49.4440562+01:00" endTime="2024-01-09T15:42:49.4453987+01:00" testType="13cdc9d9-ddb5-4fa4-a97d-d965ccfc6d4b" outcome="Passed" testListId="8c84fa94-04c1-424b-9868-57a2d4851a1d" relativeResultsDirectory="c9e10b5d-62ea-4307-a725-2d9f4f9b907e" />
    <UnitTestResult executionId="d9bdfab8-4b94-4a3b-a8dd-26f76308410e" testId="910ea956-c4b4-dc72-c890-ea2c8afbd1ba" testName="AllowUnsecureConnection_ShouldBeTrue_WhenAllowUnsecureIsTrue" computerName="DKSR-EFI-06" duration="00:00:00.0032618" startTime="2024-01-09T15:43:01.2933458+01:00" endTime="2024-01-09T15:43:01.2968294+01:00" testType="13cdc9d9-ddb5-4fa4-a97d-d965ccfc6d4b" outcome="Passed" testListId="8c84fa94-04c1-424b-9868-57a2d4851a1d" relativeResultsDirectory="d9bdfab8-4b94-4a3b-a8dd-26f76308410e" />
    <UnitTestResult executionId="dc95a914-21ec-46fd-83b3-be0f6d39069a" testId="a295235b-bf9f-1e32-c688-419c5d57596e" testName="SequenceEqualIgnoreOrder_EqualCollections_IgnoreOrder_SymmetricalTrueResult" computerName="DKSR-EFI-06" duration="00:00:00.0003246" startTime="2024-01-09T15:42:49.8598729+01:00" endTime="2024-01-09T15:42:49.8604102+01:00" testType="13cdc9d9-ddb5-4fa4-a97d-d965ccfc6d4b" outcome="Passed" testListId="8c84fa94-04c1-424b-9868-57a2d4851a1d" relativeResultsDirectory="dc95a914-21ec-46fd-83b3-be0f6d39069a" />
    <UnitTestResult executionId="9cb8f252-0b4a-4581-b8a8-49e6feb07be9" testId="49b54f08-f7f0-ba91-ee50-7ae6390d4af1" testName="GetDoubleValueOrDefault_KeyNotFound_DefaultValueReturned" computerName="DKSR-EFI-06" duration="00:00:00.0006682" startTime="2024-01-09T15:43:00.7551212+01:00" endTime="2024-01-09T15:43:00.7559635+01:00" testType="13cdc9d9-ddb5-4fa4-a97d-d965ccfc6d4b" outcome="Passed" testListId="8c84fa94-04c1-424b-9868-57a2d4851a1d" relativeResultsDirectory="9cb8f252-0b4a-4581-b8a8-49e6feb07be9" />
    <UnitTestResult executionId="88e60590-9989-4db1-8553-fb0d5c55f992" testId="98166cc9-e914-f13d-508c-30c89f0ae058" testName="DismissAllToasts_MultipleToasts_Success" computerName="DKSR-EFI-06" duration="00:00:00.0194934" startTime="2024-01-09T15:42:29.7266050+01:00" endTime="2024-01-09T15:42:29.7463063+01:00" testType="13cdc9d9-ddb5-4fa4-a97d-d965ccfc6d4b" outcome="Passed" testListId="8c84fa94-04c1-424b-9868-57a2d4851a1d" relativeResultsDirectory="88e60590-9989-4db1-8553-fb0d5c55f992" />
    <UnitTestResult executionId="7f8a0c42-d8fc-4edb-b503-fafb1941a0fb" testId="d44e5ef1-d45e-248e-aa87-897c4217e08f" testName="TooltipServiceWarning_Failover_AuthorizationError" computerName="DKSR-EFI-06" duration="00:00:00.0034637" startTime="2024-01-09T15:43:00.2817787+01:00" endTime="2024-01-09T15:43:00.2854172+01:00" testType="13cdc9d9-ddb5-4fa4-a97d-d965ccfc6d4b" outcome="Passed" testListId="8c84fa94-04c1-424b-9868-57a2d4851a1d" relativeResultsDirectory="7f8a0c42-d8fc-4edb-b503-fafb1941a0fb" />
    <UnitTestResult executionId="19494689-0920-4abf-916b-cdc9768f5b86" testId="35804b06-11f8-fb19-7cd9-4b5182d944a6" testName="TestTest" computerName="DKSR-EFI-06" duration="00:00:00.0154272" startTime="2024-01-09T15:42:28.4303224+01:00" endTime="2024-01-09T15:42:28.4460967+01:00" testType="13cdc9d9-ddb5-4fa4-a97d-d965ccfc6d4b" outcome="Passed" testListId="8c84fa94-04c1-424b-9868-57a2d4851a1d" relativeResultsDirectory="19494689-0920-4abf-916b-cdc9768f5b86" />
    <UnitTestResult executionId="51a9c14c-5ba3-4661-b6ca-c69b5760b22f" testId="20c0e1dd-a74f-c654-d865-142fb2a2787f" testName="Activate_ToastActivated" computerName="DKSR-EFI-06" duration="00:00:00.0005173" startTime="2024-01-09T15:42:50.3165585+01:00" endTime="2024-01-09T15:42:50.3172822+01:00" testType="13cdc9d9-ddb5-4fa4-a97d-d965ccfc6d4b" outcome="Passed" testListId="8c84fa94-04c1-424b-9868-57a2d4851a1d" relativeResultsDirectory="51a9c14c-5ba3-4661-b6ca-c69b5760b22f" />
    <UnitTestResult executionId="21698fd6-3f52-416f-a629-dc40eb8cd87b" testId="bb23e984-379e-7e0e-1bce-dc1dbfcf6fc3" testName="AuthenticationSimple_SetName_Throws_InvalidOperationException" computerName="DKSR-EFI-06" duration="00:00:00.0063753" startTime="2024-01-09T15:43:01.2108376+01:00" endTime="2024-01-09T15:43:01.2176659+01:00" testType="13cdc9d9-ddb5-4fa4-a97d-d965ccfc6d4b" outcome="Passed" testListId="8c84fa94-04c1-424b-9868-57a2d4851a1d" relativeResultsDirectory="21698fd6-3f52-416f-a629-dc40eb8cd87b" />
    <UnitTestResult executionId="893832b0-ee52-4be6-8092-aca0aa239b17" testId="4a077e12-b64a-edfe-3b33-7ee47b81322b" testName="SaveToFile_ShouldNotSaveAllowUnsecureConnection_WhenAllowUnsecureSetToFalse" computerName="DKSR-EFI-06" duration="00:00:00.0029786" startTime="2024-01-09T15:43:01.3267020+01:00" endTime="2024-01-09T15:43:01.3298835+01:00" testType="13cdc9d9-ddb5-4fa4-a97d-d965ccfc6d4b" outcome="Passed" testListId="8c84fa94-04c1-424b-9868-57a2d4851a1d" relativeResultsDirectory="893832b0-ee52-4be6-8092-aca0aa239b17" />
    <UnitTestResult executionId="3efff6ae-7d0f-425a-8496-fc7b48000bac" testId="66e703e4-29de-a4c7-8c30-1bc7e1752b2f" testName="GetStates_NoSessionStarted_NewSession" computerName="DKSR-EFI-06" duration="00:00:00.0021883" startTime="2024-01-09T15:43:00.8048890+01:00" endTime="2024-01-09T15:43:00.8072516+01:00" testType="13cdc9d9-ddb5-4fa4-a97d-d965ccfc6d4b" outcome="Passed" testListId="8c84fa94-04c1-424b-9868-57a2d4851a1d" relativeResultsDirectory="3efff6ae-7d0f-425a-8496-fc7b48000bac" />
    <UnitTestResult executionId="7feb9ccb-8f27-447f-9312-c3549ed0032c" testId="68a3dcd6-b2e6-5bb3-d82c-04377e1a7b9b" testName="UpdateServerState_FailoverErrorState" computerName="DKSR-EFI-06" duration="00:00:00.0009282" startTime="2024-01-09T15:43:00.3000518+01:00" endTime="2024-01-09T15:43:00.3012484+01:00" testType="13cdc9d9-ddb5-4fa4-a97d-d965ccfc6d4b" outcome="Passed" testListId="8c84fa94-04c1-424b-9868-57a2d4851a1d" relativeResultsDirectory="7feb9ccb-8f27-447f-9312-c3549ed0032c" />
    <UnitTestResult executionId="e8f0691c-2d8e-4da6-b840-2961d235bb8a" testId="94400230-a0cf-2852-335d-5880a46a038d" testName="Constructor_StateSessionHelper_ArgumentNull_Thrown" computerName="DKSR-EFI-06" duration="00:00:00.0005406" startTime="2024-01-09T15:43:00.7897916+01:00" endTime="2024-01-09T15:43:00.7905419+01:00" testType="13cdc9d9-ddb5-4fa4-a97d-d965ccfc6d4b" outcome="Passed" testListId="8c84fa94-04c1-424b-9868-57a2d4851a1d" relativeResultsDirectory="e8f0691c-2d8e-4da6-b840-2961d235bb8a" />
    <UnitTestResult executionId="b44713a7-a1b2-440d-97f1-48be8c4bc5b1" testId="5a9cc3cc-6255-3658-268b-a50ddfebf55b" testName="ClearUnsecureConnectionAllowedForUser_ShouldRemoveUser_WhenUserExists" computerName="DKSR-EFI-06" duration="00:00:00.0062416" startTime="2024-01-09T15:43:01.3477229+01:00" endTime="2024-01-09T15:43:01.3541416+01:00" testType="13cdc9d9-ddb5-4fa4-a97d-d965ccfc6d4b" outcome="Passed" testListId="8c84fa94-04c1-424b-9868-57a2d4851a1d" relativeResultsDirectory="b44713a7-a1b2-440d-97f1-48be8c4bc5b1" />
    <UnitTestResult executionId="884366aa-cd49-4fcc-b7c9-4ab75e263650" testId="55857ea6-972d-1faa-f735-21722cd852ac" testName="Constructor_OAuth_TokenCache_ArgumentNull_Thrown" computerName="DKSR-EFI-06" duration="00:00:00.0005522" startTime="2024-01-09T15:43:01.1868455+01:00" endTime="2024-01-09T15:43:01.1876799+01:00" testType="13cdc9d9-ddb5-4fa4-a97d-d965ccfc6d4b" outcome="Passed" testListId="8c84fa94-04c1-424b-9868-57a2d4851a1d" relativeResultsDirectory="884366aa-cd49-4fcc-b7c9-4ab75e263650" />
    <UnitTestResult executionId="681c817b-d85c-4032-ac31-d1d0a5020c11" testId="2eb304bc-29a1-e3fc-a1ed-62b709614ba3" testName="FindOptimalTilingCalculatesRowsColumnsAppropriateToTileAndWindowRatioAndWithOptimumNumberOfCells" computerName="DKSR-EFI-06" duration="00:00:00.0353800" startTime="2024-01-09T15:42:36.9132367+01:00" endTime="2024-01-09T15:42:37.1562488+01:00" testType="13cdc9d9-ddb5-4fa4-a97d-d965ccfc6d4b" outcome="Passed" testListId="8c84fa94-04c1-424b-9868-57a2d4851a1d" relativeResultsDirectory="681c817b-d85c-4032-ac31-d1d0a5020c11" />
    <UnitTestResult executionId="6b406d9e-dc9a-4439-b801-bb2be3eeb1a5" testId="f106274d-5d2d-5f08-6dad-6f5b4c7e2e4c" testName="OkEditTileEditsTile" computerName="DKSR-EFI-06" duration="00:00:00.0046697" startTime="2024-01-09T15:42:38.7235605+01:00" endTime="2024-01-09T15:42:38.7619282+01:00" testType="13cdc9d9-ddb5-4fa4-a97d-d965ccfc6d4b" outcome="Passed" testListId="8c84fa94-04c1-424b-9868-57a2d4851a1d" relativeResultsDirectory="6b406d9e-dc9a-4439-b801-bb2be3eeb1a5" />
    <UnitTestResult executionId="a186c422-3748-4e2e-a23e-696d7dbede8d" testId="046145c9-879d-c051-80d4-25fb448d3ce7" testName="Convert_MultiValueConverter_SingleValueNotANumber_Throws" computerName="DKSR-EFI-06" duration="00:00:00.0008608" startTime="2024-01-09T15:42:50.3101402+01:00" endTime="2024-01-09T15:42:50.3112220+01:00" testType="13cdc9d9-ddb5-4fa4-a97d-d965ccfc6d4b" outcome="Passed" testListId="8c84fa94-04c1-424b-9868-57a2d4851a1d" relativeResultsDirectory="a186c422-3748-4e2e-a23e-696d7dbede8d" />
    <UnitTestResult executionId="1cfd359c-1200-47e8-9728-cf88b13ad179" testId="067f6aa9-8e9c-3bdb-54dc-59497bccef18" testName="Convert_RespectMaxValue_Success" computerName="DKSR-EFI-06" duration="00:00:00.0003163" startTime="2024-01-09T15:42:29.2514741+01:00" endTime="2024-01-09T15:42:29.2519423+01:00" testType="13cdc9d9-ddb5-4fa4-a97d-d965ccfc6d4b" outcome="Passed" testListId="8c84fa94-04c1-424b-9868-57a2d4851a1d" relativeResultsDirectory="1cfd359c-1200-47e8-9728-cf88b13ad179" />
    <UnitTestResult executionId="ef1cd7bb-e1d4-4e3f-874b-0682af51bba5" testId="88c0ee23-26fa-850a-6ac5-863c20752b1c" testName="TileIsStateUndefinedIfAllCurrentStatesAreUndefined" computerName="DKSR-EFI-06" duration="00:00:00.0167988" startTime="2024-01-09T15:42:38.9811315+01:00" endTime="2024-01-09T15:42:39.0944330+01:00" testType="13cdc9d9-ddb5-4fa4-a97d-d965ccfc6d4b" outcome="Passed" testListId="8c84fa94-04c1-424b-9868-57a2d4851a1d" relativeResultsDirectory="ef1cd7bb-e1d4-4e3f-874b-0682af51bba5" />
    <UnitTestResult executionId="870e0059-2feb-440d-ae64-cef0f7a9faef" testId="3edfc2a7-1754-35d9-a869-000eb02198df" testName="FindOptimalTilingReturnsIfPassedZeroSize" computerName="DKSR-EFI-06" duration="00:00:00.0454722" startTime="2024-01-09T15:42:36.1873051+01:00" endTime="2024-01-09T15:42:36.4070686+01:00" testType="13cdc9d9-ddb5-4fa4-a97d-d965ccfc6d4b" outcome="Passed" testListId="8c84fa94-04c1-424b-9868-57a2d4851a1d" relativeResultsDirectory="870e0059-2feb-440d-ae64-cef0f7a9faef" />
    <UnitTestResult executionId="a104c1ed-4f71-41f8-b994-8d61dfafa352" testId="01c86469-a2b3-56b4-e415-0f887f533923" testName="Ctor_ImmutablePropertiesSet" computerName="DKSR-EFI-06" duration="00:00:00.1745853" startTime="2024-01-09T15:42:29.2526087+01:00" endTime="2024-01-09T15:42:29.4275021+01:00" testType="13cdc9d9-ddb5-4fa4-a97d-d965ccfc6d4b" outcome="Passed" testListId="8c84fa94-04c1-424b-9868-57a2d4851a1d" relativeResultsDirectory="a104c1ed-4f71-41f8-b994-8d61dfafa352" />
    <UnitTestResult executionId="c73a1bc5-cdeb-4cef-b630-8366858c2b78" testId="6dd090ae-0423-7a7c-d8df-35146cee22d9" testName="ExpirationTimerOnTick_ToastExpired_Success" computerName="DKSR-EFI-06" duration="00:00:00.0007414" startTime="2024-01-09T15:42:50.3192228+01:00" endTime="2024-01-09T15:42:50.3201578+01:00" testType="13cdc9d9-ddb5-4fa4-a97d-d965ccfc6d4b" outcome="Passed" testListId="8c84fa94-04c1-424b-9868-57a2d4851a1d" relativeResultsDirectory="c73a1bc5-cdeb-4cef-b630-8366858c2b78" />
    <UnitTestResult executionId="47db165c-3580-45f3-9e87-7c0bbb72ed48" testId="4a3a4767-2fcd-8cd1-559f-f87bde132fcc" testName="RoundToMillisecond_Nearest" computerName="DKSR-EFI-06" duration="00:00:00.0010811" startTime="2024-01-09T15:42:49.7373718+01:00" endTime="2024-01-09T15:42:49.7386580+01:00" testType="13cdc9d9-ddb5-4fa4-a97d-d965ccfc6d4b" outcome="Passed" testListId="8c84fa94-04c1-424b-9868-57a2d4851a1d" relativeResultsDirectory="47db165c-3580-45f3-9e87-7c0bbb72ed48" />
    <UnitTestResult executionId="ae813c7a-c789-4fea-ae51-845322edf961" testId="49da23cd-956c-d063-f00f-78019f6587a5" testName="ExtractItems_ShouldEmptyItemsControl_WhenAllItemsAreOfExtractedType" computerName="DKSR-EFI-06" duration="00:00:00.0108456" startTime="2024-01-09T15:42:49.8653486+01:00" endTime="2024-01-09T15:42:49.9626711+01:00" testType="13cdc9d9-ddb5-4fa4-a97d-d965ccfc6d4b" outcome="Passed" testListId="8c84fa94-04c1-424b-9868-57a2d4851a1d" relativeResultsDirectory="ae813c7a-c789-4fea-ae51-845322edf961" />
    <UnitTestResult executionId="ab885b81-fddb-4ec9-97aa-efe76984b119" testId="439fd027-b2f2-7d61-d60d-ad31877df020" testName="IsUnsecureConnectionAllowedForUser_ShouldReturnFalse_WhenUsernameDoesNotExist" computerName="DKSR-EFI-06" duration="00:00:00.0006105" startTime="2024-01-09T15:43:01.3442083+01:00" endTime="2024-01-09T15:43:01.3449912+01:00" testType="13cdc9d9-ddb5-4fa4-a97d-d965ccfc6d4b" outcome="Passed" testListId="8c84fa94-04c1-424b-9868-57a2d4851a1d" relativeResultsDirectory="ab885b81-fddb-4ec9-97aa-efe76984b119" />
    <UnitTestResult executionId="3fdf34e8-5cc5-4808-96cf-14263dc1aac0" testId="a3cffcd5-ca5b-acfc-2c92-56cbd2780945" testName="RightMouseDown_InsideSelection_NothingChanges" computerName="DKSR-EFI-06" duration="00:00:00.1552271" startTime="2024-01-09T15:42:33.7649701+01:00" endTime="2024-01-09T15:42:34.0143097+01:00" testType="13cdc9d9-ddb5-4fa4-a97d-d965ccfc6d4b" outcome="Passed" testListId="8c84fa94-04c1-424b-9868-57a2d4851a1d" relativeResultsDirectory="3fdf34e8-5cc5-4808-96cf-14263dc1aac0" />
    <UnitTestResult executionId="51ea443a-efd3-4e36-bbcb-ff8e838f4320" testId="82fcf867-5749-9edd-5c4f-4e3b8b6ee0a4" testName="ExtensionBeginInvokeOneParamTest" computerName="DKSR-EFI-06" duration="00:00:00.0561731" startTime="2024-01-09T15:42:28.2706737+01:00" endTime="2024-01-09T15:42:28.3274464+01:00" testType="13cdc9d9-ddb5-4fa4-a97d-d965ccfc6d4b" outcome="Passed" testListId="8c84fa94-04c1-424b-9868-57a2d4851a1d" relativeResultsDirectory="51ea443a-efd3-4e36-bbcb-ff8e838f4320" />
    <UnitTestResult executionId="cac77103-4ef3-460e-bb12-9b7b7289e351" testId="b5545286-2d51-273f-e678-5706630cef56" testName="Convert_NoAutomationIdAndNoFallback_ReturnsUnsetValue" computerName="DKSR-EFI-06" duration="00:00:00.0021229" startTime="2024-01-09T15:42:29.2350728+01:00" endTime="2024-01-09T15:42:29.2373745+01:00" testType="13cdc9d9-ddb5-4fa4-a97d-d965ccfc6d4b" outcome="Passed" testListId="8c84fa94-04c1-424b-9868-57a2d4851a1d" relativeResultsDirectory="cac77103-4ef3-460e-bb12-9b7b7289e351" />
    <UnitTestResult executionId="01f19fbe-0698-4e13-84fb-053f02bb11ee" testId="b62c4f1d-0c70-3ca6-698f-93042754bfc6" testName="ChangeMaxValue_LessThanMinValue_RangeAndMinValueUpdated" computerName="DKSR-EFI-06" duration="00:00:00.0040081" startTime="2024-01-09T15:42:31.6303726+01:00" endTime="2024-01-09T15:42:31.6809549+01:00" testType="13cdc9d9-ddb5-4fa4-a97d-d965ccfc6d4b" outcome="Passed" testListId="8c84fa94-04c1-424b-9868-57a2d4851a1d" relativeResultsDirectory="01f19fbe-0698-4e13-84fb-053f02bb11ee" />
    <UnitTestResult executionId="4539bd77-b518-46c6-8303-a533a8913f50" testId="b68df490-f19b-a1a8-b878-ba437321192c" testName="OnPreviewKeyDown_Home_Success" computerName="DKSR-EFI-06" duration="00:00:00.1913016" startTime="2024-01-09T15:42:55.3665793+01:00" endTime="2024-01-09T15:42:55.5886817+01:00" testType="13cdc9d9-ddb5-4fa4-a97d-d965ccfc6d4b" outcome="Passed" testListId="8c84fa94-04c1-424b-9868-57a2d4851a1d" relativeResultsDirectory="4539bd77-b518-46c6-8303-a533a8913f50" />
    <UnitTestResult executionId="1def4bd2-4750-4dea-9abb-a0215a42d912" testId="b64d692e-2bcf-ef81-2204-4e384a726323" testName="GetBoolValueOrDefault_WrongKeyValue_DefaultValueReturned" computerName="DKSR-EFI-06" duration="00:00:00.0001873" startTime="2024-01-09T15:43:00.7759718+01:00" endTime="2024-01-09T15:43:00.7763175+01:00" testType="13cdc9d9-ddb5-4fa4-a97d-d965ccfc6d4b" outcome="Passed" testListId="8c84fa94-04c1-424b-9868-57a2d4851a1d" relativeResultsDirectory="1def4bd2-4750-4dea-9abb-a0215a42d912" />
    <UnitTestResult executionId="04f30a38-12f8-4d85-b52d-936cc94dca11" testId="2f93e454-b30c-a78b-d137-5d738935ef23" testName="AllowUnsecureConnection_ShouldBeFalse_WhenAllowUnsecureIsInvalid" computerName="DKSR-EFI-06" duration="00:00:00.0019183" startTime="2024-01-09T15:43:01.3000870+01:00" endTime="2024-01-09T15:43:01.3021933+01:00" testType="13cdc9d9-ddb5-4fa4-a97d-d965ccfc6d4b" outcome="Passed" testListId="8c84fa94-04c1-424b-9868-57a2d4851a1d" relativeResultsDirectory="04f30a38-12f8-4d85-b52d-936cc94dca11" />
    <UnitTestResult executionId="f03fab7e-807b-4cf4-bf65-5e3aacba683a" testId="8dde7174-38d7-ee12-7e68-7117e399b660" testName="OkNewTileAddsANewTile" computerName="DKSR-EFI-06" duration="00:00:00.0103574" startTime="2024-01-09T15:42:38.0726891+01:00" endTime="2024-01-09T15:42:38.4918852+01:00" testType="13cdc9d9-ddb5-4fa4-a97d-d965ccfc6d4b" outcome="Passed" testListId="8c84fa94-04c1-424b-9868-57a2d4851a1d" relativeResultsDirectory="f03fab7e-807b-4cf4-bf65-5e3aacba683a" />
    <UnitTestResult executionId="7ac1c119-eb8f-4cc8-a348-d2e5bb064b11" testId="877328ba-697b-0240-60a8-80c7a7d265bf" testName="OnPreviewKeyDown_LeftCtrl_A_SelectAll_Success" computerName="DKSR-EFI-06" duration="00:00:00.1826388" startTime="2024-01-09T15:42:56.7657731+01:00" endTime="2024-01-09T15:42:56.9831491+01:00" testType="13cdc9d9-ddb5-4fa4-a97d-d965ccfc6d4b" outcome="Passed" testListId="8c84fa94-04c1-424b-9868-57a2d4851a1d" relativeResultsDirectory="7ac1c119-eb8f-4cc8-a348-d2e5bb064b11" />
    <UnitTestResult executionId="20f53921-46bd-4fc7-9156-4ea10ca13045" testId="70585a7d-e8bb-2ea7-4d4d-a7d89c0cc001" testName="SequenceEquals_EqualCollections_RespectOrder_SymmetricalTrueResult" computerName="DKSR-EFI-06" duration="00:00:00.0003728" startTime="2024-01-09T15:42:49.5754974+01:00" endTime="2024-01-09T15:42:49.5760442+01:00" testType="13cdc9d9-ddb5-4fa4-a97d-d965ccfc6d4b" outcome="Passed" testListId="8c84fa94-04c1-424b-9868-57a2d4851a1d" relativeResultsDirectory="20f53921-46bd-4fc7-9156-4ea10ca13045" />
    <UnitTestResult executionId="5d1fda0a-3b9c-4f45-801a-09ae000d2438" testId="ba4c1a66-a8cb-a425-dd33-a7ca657b44ae" testName="AuthenticationWindows_SetProperties_Success" computerName="DKSR-EFI-06" duration="00:00:00.0004702" startTime="2024-01-09T15:43:01.2287718+01:00" endTime="2024-01-09T15:43:01.2293855+01:00" testType="13cdc9d9-ddb5-4fa4-a97d-d965ccfc6d4b" outcome="Passed" testListId="8c84fa94-04c1-424b-9868-57a2d4851a1d" relativeResultsDirectory="5d1fda0a-3b9c-4f45-801a-09ae000d2438" />
    <UnitTestResult executionId="3b62b9d0-cd04-4f7a-b1bb-3ac64724c741" testId="bd58f8d9-e6cb-76f7-101e-84475807384c" testName="TooltipServiceWarning_EmptyServer" computerName="DKSR-EFI-06" duration="00:00:00.0014649" startTime="2024-01-09T15:43:00.2766786+01:00" endTime="2024-01-09T15:43:00.2785817+01:00" testType="13cdc9d9-ddb5-4fa4-a97d-d965ccfc6d4b" outcome="Passed" testListId="8c84fa94-04c1-424b-9868-57a2d4851a1d" relativeResultsDirectory="3b62b9d0-cd04-4f7a-b1bb-3ac64724c741" />
    <UnitTestResult executionId="2927be24-a35b-4eef-8da7-91cbef356bb9" testId="b301c31a-5fce-b4b4-96b1-9d8598e593a2" testName="RoundToMinute_Up" computerName="DKSR-EFI-06" duration="00:00:00.0007660" startTime="2024-01-09T15:42:49.7469996+01:00" endTime="2024-01-09T15:42:49.7479674+01:00" testType="13cdc9d9-ddb5-4fa4-a97d-d965ccfc6d4b" outcome="Passed" testListId="8c84fa94-04c1-424b-9868-57a2d4851a1d" relativeResultsDirectory="2927be24-a35b-4eef-8da7-91cbef356bb9" />
    <UnitTestResult executionId="46a62b4f-a894-4173-89af-8e4b7e49b0fd" testId="f5caa479-ad8a-fc77-0f9d-b10ee7e2accc" testName="Ctor_NegativeMaxIdleTimeBeforeCleanup_Throws" computerName="DKSR-EFI-06" duration="00:00:00.0104497" startTime="2024-01-09T15:42:29.1473187+01:00" endTime="2024-01-09T15:42:29.1582874+01:00" testType="13cdc9d9-ddb5-4fa4-a97d-d965ccfc6d4b" outcome="Passed" testListId="8c84fa94-04c1-424b-9868-57a2d4851a1d" relativeResultsDirectory="46a62b4f-a894-4173-89af-8e4b7e49b0fd" />
    <UnitTestResult executionId="7330b842-3864-4960-b521-dee26f59307c" testId="8767f881-fdc8-88b5-6aba-c8e95f3120ba" testName="Constructor_ShouldCreateTreeOfDepth2_WhenUnitsHaveParentButNoGrandparentButIncludeIsEnabled" computerName="DKSR-EFI-06" duration="00:00:00.0031406" startTime="2024-01-09T15:42:29.0910856+01:00" endTime="2024-01-09T15:42:29.0943695+01:00" testType="13cdc9d9-ddb5-4fa4-a97d-d965ccfc6d4b" outcome="Passed" testListId="8c84fa94-04c1-424b-9868-57a2d4851a1d" relativeResultsDirectory="7330b842-3864-4960-b521-dee26f59307c" />
    <UnitTestResult executionId="1c0acfe6-1a36-4e62-9ec6-fab175f390f7" testId="e7ac6111-62b8-1737-1b08-b5a95b8c801f" testName="LoaderCalledWhenDataIsNotInCacheTest" computerName="DKSR-EFI-06" duration="00:00:00.0013570" startTime="2024-01-09T15:42:36.1659219+01:00" endTime="2024-01-09T15:42:36.1674433+01:00" testType="13cdc9d9-ddb5-4fa4-a97d-d965ccfc6d4b" outcome="Passed" testListId="8c84fa94-04c1-424b-9868-57a2d4851a1d" relativeResultsDirectory="1c0acfe6-1a36-4e62-9ec6-fab175f390f7" />
    <UnitTestResult executionId="2406ab05-66c7-496f-b779-7b704aab0f2a" testId="b7e36637-289c-8e0e-9091-6aff9c16739a" testName="SetUnsecureConnectionAllowedForUser_ShouldDoNothing_WhenUserExistsAndHaveCorrectValue" computerName="DKSR-EFI-06" duration="00:00:00.0007477" startTime="2024-01-09T15:43:01.3684122+01:00" endTime="2024-01-09T15:43:01.3705959+01:00" testType="13cdc9d9-ddb5-4fa4-a97d-d965ccfc6d4b" outcome="Passed" testListId="8c84fa94-04c1-424b-9868-57a2d4851a1d" relativeResultsDirectory="2406ab05-66c7-496f-b779-7b704aab0f2a" />
    <UnitTestResult executionId="39532fc1-1b39-4bd5-bbdb-edf3b22cc42a" testId="6ff49ce2-6c5f-2d12-78c5-d9fccb402e88" testName="RemoveToast_ExistingToast_Success" computerName="DKSR-EFI-06" duration="00:00:00.0034924" startTime="2024-01-09T15:42:29.7035066+01:00" endTime="2024-01-09T15:42:29.7071795+01:00" testType="13cdc9d9-ddb5-4fa4-a97d-d965ccfc6d4b" outcome="Passed" testListId="8c84fa94-04c1-424b-9868-57a2d4851a1d" relativeResultsDirectory="39532fc1-1b39-4bd5-bbdb-edf3b22cc42a" />
    <UnitTestResult executionId="8b088fb3-edcb-4d4b-8f13-0688db54e782" testId="06f7ab65-67b0-9ceb-7950-154a66e24a54" testName="IntersectOrdered_With_Key_Selector" computerName="DKSR-EFI-06" duration="00:00:00.0027455" startTime="2024-01-09T15:42:49.8541211+01:00" endTime="2024-01-09T15:42:49.8570996+01:00" testType="13cdc9d9-ddb5-4fa4-a97d-d965ccfc6d4b" outcome="Passed" testListId="8c84fa94-04c1-424b-9868-57a2d4851a1d" relativeResultsDirectory="8b088fb3-edcb-4d4b-8f13-0688db54e782" />
    <UnitTestResult executionId="2d47da4d-d3c6-41cb-a9cf-e7f300ba5a1c" testId="6e2b046c-b538-e705-bf5a-ce4b83d68120" testName="MeasureOverride_1childEnoughSpace_NotShrunk" computerName="DKSR-EFI-06" duration="00:00:00.0090407" startTime="2024-01-09T15:42:34.5878004+01:00" endTime="2024-01-09T15:42:34.6535353+01:00" testType="13cdc9d9-ddb5-4fa4-a97d-d965ccfc6d4b" outcome="Passed" testListId="8c84fa94-04c1-424b-9868-57a2d4851a1d" relativeResultsDirectory="2d47da4d-d3c6-41cb-a9cf-e7f300ba5a1c" />
    <UnitTestResult executionId="7107c681-207b-4e3f-926b-5d70f28edd19" testId="54f6e699-b3d1-75b1-4814-37e5fcfee1a3" testName="Constructor_ShouldCreateTreeOfDepth3_WhenUnitsHaveGrandparentButIncludeIsEnabled" computerName="DKSR-EFI-06" duration="00:00:00.0080604" startTime="2024-01-09T15:42:29.1003446+01:00" endTime="2024-01-09T15:42:29.1085838+01:00" testType="13cdc9d9-ddb5-4fa4-a97d-d965ccfc6d4b" outcome="Passed" testListId="8c84fa94-04c1-424b-9868-57a2d4851a1d" relativeResultsDirectory="7107c681-207b-4e3f-926b-5d70f28edd19" />
    <UnitTestResult executionId="a88a3dd6-3997-4dec-b4ff-b52d1166b802" testId="278a11dd-76cf-5c46-224d-0d3283afee51" testName="GetStates_SessionStarted_WithStates" computerName="DKSR-EFI-06" duration="00:00:00.0007515" startTime="2024-01-09T15:43:00.8131609+01:00" endTime="2024-01-09T15:43:00.8140845+01:00" testType="13cdc9d9-ddb5-4fa4-a97d-d965ccfc6d4b" outcome="Passed" testListId="8c84fa94-04c1-424b-9868-57a2d4851a1d" relativeResultsDirectory="a88a3dd6-3997-4dec-b4ff-b52d1166b802" />
    <UnitTestResult executionId="2c9266fe-75a6-4fd7-80ab-43c8216676ba" testId="035ef68b-c3bd-7b62-9eec-5a605eb83f8c" testName="RoundToMillisecond_RoundUp" computerName="DKSR-EFI-06" duration="00:00:00.0010505" startTime="2024-01-09T15:42:50.0068413+01:00" endTime="2024-01-09T15:42:50.0081260+01:00" testType="13cdc9d9-ddb5-4fa4-a97d-d965ccfc6d4b" outcome="Passed" testListId="8c84fa94-04c1-424b-9868-57a2d4851a1d" relativeResultsDirectory="2c9266fe-75a6-4fd7-80ab-43c8216676ba" />
    <UnitTestResult executionId="362b23c2-f047-4e3f-a5ef-7a5de7589af6" testId="bad298ac-94ba-545f-f256-1e42ffa5b7b5" testName="TileStateMustRemainUnchangedByHostOnlineAndServiceAvailableStateChanges" computerName="DKSR-EFI-06" duration="00:00:00.0029041" startTime="2024-01-09T15:42:39.3386496+01:00" endTime="2024-01-09T15:42:39.3837920+01:00" testType="13cdc9d9-ddb5-4fa4-a97d-d965ccfc6d4b" outcome="Passed" testListId="8c84fa94-04c1-424b-9868-57a2d4851a1d" relativeResultsDirectory="362b23c2-f047-4e3f-a5ef-7a5de7589af6" />
    <UnitTestResult executionId="8105a8f9-cab3-4b9c-b539-c28d61dc60b2" testId="c6a10fb2-e3f8-d6eb-e921-0173f07aa1b5" testName="FormsControlScaledLocationAndSize_AnchorLeftAndTop_100Percent_Scaling" computerName="DKSR-EFI-06" duration="00:00:00.0010987" startTime="2024-01-09T15:42:50.2682245+01:00" endTime="2024-01-09T15:42:50.2695157+01:00" testType="13cdc9d9-ddb5-4fa4-a97d-d965ccfc6d4b" outcome="Passed" testListId="8c84fa94-04c1-424b-9868-57a2d4851a1d" relativeResultsDirectory="8105a8f9-cab3-4b9c-b539-c28d61dc60b2" />
    <UnitTestResult executionId="c6a736dc-743e-422e-9937-77ee6a5abae8" testId="a22bf289-0878-e3c5-33fd-766102ec1be1" testName="TimerOnElapsed_MaxIdleTimeNotReached_CleanupNotPerformed" computerName="DKSR-EFI-06" duration="00:00:00.0005497" startTime="2024-01-09T15:42:29.2249650+01:00" endTime="2024-01-09T15:42:29.2256523+01:00" testType="13cdc9d9-ddb5-4fa4-a97d-d965ccfc6d4b" outcome="Passed" testListId="8c84fa94-04c1-424b-9868-57a2d4851a1d" relativeResultsDirectory="c6a736dc-743e-422e-9937-77ee6a5abae8" />
    <UnitTestResult executionId="d6541940-d5b4-4e4c-a05b-501e759cd6a0" testId="b986ab05-f3dd-e5e1-b031-20a48d4b9519" testName="OkNewTileThrowsIfNoEventSources" computerName="DKSR-EFI-06" duration="00:00:00.0022971" startTime="2024-01-09T15:42:38.4926798+01:00" endTime="2024-01-09T15:42:38.7188705+01:00" testType="13cdc9d9-ddb5-4fa4-a97d-d965ccfc6d4b" outcome="Passed" testListId="8c84fa94-04c1-424b-9868-57a2d4851a1d" relativeResultsDirectory="d6541940-d5b4-4e4c-a05b-501e759cd6a0" />
    <UnitTestResult executionId="07839756-dac4-4262-b3f5-0e0e7a9e1e3e" testId="18f2ab8d-6696-bf3f-7e10-34e8c36dc629" testName="AuthenticationSimple_SetEnabled_Throws_InvalidOperationException" computerName="DKSR-EFI-06" duration="00:00:00.0004274" startTime="2024-01-09T15:43:01.2205359+01:00" endTime="2024-01-09T15:43:01.2211679+01:00" testType="13cdc9d9-ddb5-4fa4-a97d-d965ccfc6d4b" outcome="Passed" testListId="8c84fa94-04c1-424b-9868-57a2d4851a1d" relativeResultsDirectory="07839756-dac4-4262-b3f5-0e0e7a9e1e3e" />
    <UnitTestResult executionId="b61b00b4-cda9-4759-9657-852ed80174e6" testId="fbddede5-5be9-fcfe-2d72-bc891322f303" testName="OnPreviewKeyDown_LeftCtrl_Click_Select_Success" computerName="DKSR-EFI-06" duration="00:00:00.2430352" startTime="2024-01-09T15:42:58.9143460+01:00" endTime="2024-01-09T15:42:59.2722755+01:00" testType="13cdc9d9-ddb5-4fa4-a97d-d965ccfc6d4b" outcome="Passed" testListId="8c84fa94-04c1-424b-9868-57a2d4851a1d" relativeResultsDirectory="b61b00b4-cda9-4759-9657-852ed80174e6" />
    <UnitTestResult executionId="b5ead6e4-9689-4b36-806d-275ba121d903" testId="2ee2e56d-59f2-3ef3-a9cd-f2fe65fa91af" testName="Convert_ShouldReturnGreaterThanString_WhenValueIsDoubleValueGreaterThanThreshold" computerName="DKSR-EFI-06" duration="00:00:00.0003357" startTime="2024-01-09T15:42:50.2954684+01:00" endTime="2024-01-09T15:42:50.2959835+01:00" testType="13cdc9d9-ddb5-4fa4-a97d-d965ccfc6d4b" outcome="Passed" testListId="8c84fa94-04c1-424b-9868-57a2d4851a1d" relativeResultsDirectory="b5ead6e4-9689-4b36-806d-275ba121d903" />
    <UnitTestResult executionId="14dbf08e-5c6f-46f6-9215-b9e76c6e1bec" testId="4e8ec708-b63a-3736-0e4f-25924095128b" testName="Convert_ShouldReturnUnsetValue_WhenValueCannotBeParsedToAnIntegerValue" computerName="DKSR-EFI-06" duration="00:00:00.0005303" startTime="2024-01-09T15:42:50.2964720+01:00" endTime="2024-01-09T15:42:50.2971767+01:00" testType="13cdc9d9-ddb5-4fa4-a97d-d965ccfc6d4b" outcome="Passed" testListId="8c84fa94-04c1-424b-9868-57a2d4851a1d" relativeResultsDirectory="14dbf08e-5c6f-46f6-9215-b9e76c6e1bec" />
    <UnitTestResult executionId="f6979fa9-0f80-44c7-9622-beb5ff5c5a25" testId="81f8c431-ec3f-72e9-977b-252633de4ae4" testName="Constructor_StateSessionHelper_ArgumentNull_Thrown" computerName="DKSR-EFI-06" duration="00:00:00.0003811" startTime="2024-01-09T15:43:00.8103010+01:00" endTime="2024-01-09T15:43:00.8109092+01:00" testType="13cdc9d9-ddb5-4fa4-a97d-d965ccfc6d4b" outcome="Passed" testListId="8c84fa94-04c1-424b-9868-57a2d4851a1d" relativeResultsDirectory="f6979fa9-0f80-44c7-9622-beb5ff5c5a25" />
    <UnitTestResult executionId="26adf891-7d04-4ab7-bf68-97e54457fce1" testId="4976d7df-aa75-dba7-69e7-9402402b4c8e" testName="GetThumbDependOnTheCamId" computerName="DKSR-EFI-06" duration="00:00:00.0003278" startTime="2024-01-09T15:42:36.1710738+01:00" endTime="2024-01-09T15:42:36.1715360+01:00" testType="13cdc9d9-ddb5-4fa4-a97d-d965ccfc6d4b" outcome="Passed" testListId="8c84fa94-04c1-424b-9868-57a2d4851a1d" relativeResultsDirectory="26adf891-7d04-4ab7-bf68-97e54457fce1" />
    <UnitTestResult executionId="a06348c8-686d-422d-9455-2237e9399d69" testId="3a338b5e-ca33-280e-31b5-7634bd32733f" testName="CacheCanBeResetTest" computerName="DKSR-EFI-06" duration="00:00:00.0002805" startTime="2024-01-09T15:42:36.1720847+01:00" endTime="2024-01-09T15:42:36.1724817+01:00" testType="13cdc9d9-ddb5-4fa4-a97d-d965ccfc6d4b" outcome="Passed" testListId="8c84fa94-04c1-424b-9868-57a2d4851a1d" relativeResultsDirectory="a06348c8-686d-422d-9455-2237e9399d69" />
    <UnitTestResult executionId="05859648-ca89-4281-81f9-f042ebd52c71" testId="d2336b6f-ec47-a30f-6052-9d509a829189" testName="TestHistoryFileSetter" computerName="DKSR-EFI-06" duration="00:00:00.0587751" startTime="2024-01-09T15:43:01.2334938+01:00" endTime="2024-01-09T15:43:01.2927784+01:00" testType="13cdc9d9-ddb5-4fa4-a97d-d965ccfc6d4b" outcome="Passed" testListId="8c84fa94-04c1-424b-9868-57a2d4851a1d" relativeResultsDirectory="05859648-ca89-4281-81f9-f042ebd52c71" />
    <UnitTestResult executionId="e6a23615-a87d-409f-bb8d-50ea1ff34675" testId="f1184a8e-b69a-6295-ac82-24b2bd10984c" testName="OnPreviewKeyDown_Space_Success" computerName="DKSR-EFI-06" duration="00:00:00.2264681" startTime="2024-01-09T15:42:53.2903956+01:00" endTime="2024-01-09T15:42:53.6852304+01:00" testType="13cdc9d9-ddb5-4fa4-a97d-d965ccfc6d4b" outcome="Passed" testListId="8c84fa94-04c1-424b-9868-57a2d4851a1d" relativeResultsDirectory="e6a23615-a87d-409f-bb8d-50ea1ff34675" />
    <UnitTestResult executionId="bd6d504d-439f-4951-bbe6-63372fce4a18" testId="4d866a2f-8988-0d70-b30c-379e46401f2f" testName="Ctor_CreateAndClose_Success" computerName="DKSR-EFI-06" duration="00:00:00.0742383" startTime="2024-01-09T15:42:50.3215498+01:00" endTime="2024-01-09T15:42:50.3961867+01:00" testType="13cdc9d9-ddb5-4fa4-a97d-d965ccfc6d4b" outcome="Passed" testListId="8c84fa94-04c1-424b-9868-57a2d4851a1d" relativeResultsDirectory="bd6d504d-439f-4951-bbe6-63372fce4a18" />
    <UnitTestResult executionId="f548d68a-7b5a-43d8-8a7e-b5f98e66c14b" testId="be742706-2384-ae61-bc11-568bd8c32abe" testName="Changing_The_First_Item_Works" computerName="DKSR-EFI-06" duration="00:00:00.0034141" startTime="2024-01-09T15:42:49.5929313+01:00" endTime="2024-01-09T15:42:49.5965718+01:00" testType="13cdc9d9-ddb5-4fa4-a97d-d965ccfc6d4b" outcome="Passed" testListId="8c84fa94-04c1-424b-9868-57a2d4851a1d" relativeResultsDirectory="f548d68a-7b5a-43d8-8a7e-b5f98e66c14b" />
    <UnitTestResult executionId="45fd07e0-f191-469f-abb1-089db38835d0" testId="6405a933-f1c3-2d9d-c133-14524337831d" testName="GetLocalizedTextThrowsIfTypeDoesNotHaveLocalizedText" computerName="DKSR-EFI-06" duration="00:00:00.0006238" startTime="2024-01-09T15:42:39.9138053+01:00" endTime="2024-01-09T15:42:39.9146397+01:00" testType="13cdc9d9-ddb5-4fa4-a97d-d965ccfc6d4b" outcome="Passed" testListId="8c84fa94-04c1-424b-9868-57a2d4851a1d" relativeResultsDirectory="45fd07e0-f191-469f-abb1-089db38835d0" />
    <UnitTestResult executionId="84bc3bc2-5edb-4774-a927-d5a8a0f9b756" testId="ce743239-1b20-9584-c28b-8dc6a59dc3bb" testName="IsUnsecureConnectionAllowedForUser_ShouldReturnFalse_WhenNoUser" computerName="DKSR-EFI-06" duration="00:00:00.0006169" startTime="2024-01-09T15:43:01.3464331+01:00" endTime="2024-01-09T15:43:01.3472226+01:00" testType="13cdc9d9-ddb5-4fa4-a97d-d965ccfc6d4b" outcome="Passed" testListId="8c84fa94-04c1-424b-9868-57a2d4851a1d" relativeResultsDirectory="84bc3bc2-5edb-4774-a927-d5a8a0f9b756" />
    <UnitTestResult executionId="e7652a3f-ef43-4bb1-b17e-94efb3d85476" testId="dab9c0b3-4ffb-2848-2c64-5c66c2da8b39" testName="SequenceEqualIgnoreOrder_DifferentlySizedCollections_IgnoreOrder_SymmetricalFalseResult" computerName="DKSR-EFI-06" duration="00:00:00.0010409" startTime="2024-01-09T15:42:49.8577402+01:00" endTime="2024-01-09T15:42:49.8590971+01:00" testType="13cdc9d9-ddb5-4fa4-a97d-d965ccfc6d4b" outcome="Passed" testListId="8c84fa94-04c1-424b-9868-57a2d4851a1d" relativeResultsDirectory="e7652a3f-ef43-4bb1-b17e-94efb3d85476" />
    <UnitTestResult executionId="671b0c60-5180-478d-bd6d-bb69f2040e83" testId="c92c23d1-5ca1-d95a-512b-ef3370dd6502" testName="ThumbsCanBeAddedAndFetchedTest" computerName="DKSR-EFI-06" duration="00:00:00.0021619" startTime="2024-01-09T15:42:36.1680262+01:00" endTime="2024-01-09T15:42:36.1705003+01:00" testType="13cdc9d9-ddb5-4fa4-a97d-d965ccfc6d4b" outcome="Passed" testListId="8c84fa94-04c1-424b-9868-57a2d4851a1d" relativeResultsDirectory="671b0c60-5180-478d-bd6d-bb69f2040e83" />
    <UnitTestResult executionId="540fbb40-68bd-4b5b-843d-fe152cb6eeab" testId="fe19cce5-cc9d-9aa6-e44d-fbae8d8bb129" testName="SmartSearchFilterValue_Serialize_Success" computerName="DKSR-EFI-06" duration="00:00:00.0092033" startTime="2024-01-09T15:43:00.6792480+01:00" endTime="2024-01-09T15:43:00.6888022+01:00" testType="13cdc9d9-ddb5-4fa4-a97d-d965ccfc6d4b" outcome="Passed" testListId="8c84fa94-04c1-424b-9868-57a2d4851a1d" relativeResultsDirectory="540fbb40-68bd-4b5b-843d-fe152cb6eeab" />
    <UnitTestResult executionId="6ede0a1e-c3f5-4b64-9ae5-1fce8adf7bbb" testId="c1622c67-8934-6098-5c3f-000e90cb0bbf" testName="FontUpCommand_ShouldIncreaseFontForSelectedSlide" computerName="DKSR-EFI-06" duration="00:00:00.0007867" startTime="2024-01-09T15:42:49.5410995+01:00" endTime="2024-01-09T15:42:49.5420538+01:00" testType="13cdc9d9-ddb5-4fa4-a97d-d965ccfc6d4b" outcome="Passed" testListId="8c84fa94-04c1-424b-9868-57a2d4851a1d" relativeResultsDirectory="6ede0a1e-c3f5-4b64-9ae5-1fce8adf7bbb" />
    <UnitTestResult executionId="68fcdb5e-ac0a-439d-9022-9675ad2846fc" testId="c852d483-d9e0-2c2b-b9c0-ac3a615cecaf" testName="IsFailover_IsFailover" computerName="DKSR-EFI-06" duration="00:00:00.0003681" startTime="2024-01-09T15:43:00.2971562+01:00" endTime="2024-01-09T15:43:00.2978262+01:00" testType="13cdc9d9-ddb5-4fa4-a97d-d965ccfc6d4b" outcome="Passed" testListId="8c84fa94-04c1-424b-9868-57a2d4851a1d" relativeResultsDirectory="68fcdb5e-ac0a-439d-9022-9675ad2846fc" />
    <UnitTestResult executionId="dc7d353e-6592-447c-a8f7-ff8e4d114c26" testId="7b296182-9791-5bb6-d0bc-cac1175b5b79" testName="AuthenticationSimple_SetProperties_Success" computerName="DKSR-EFI-06" duration="00:00:00.0006008" startTime="2024-01-09T15:43:01.2297777+01:00" endTime="2024-01-09T15:43:01.2305298+01:00" testType="13cdc9d9-ddb5-4fa4-a97d-d965ccfc6d4b" outcome="Passed" testListId="8c84fa94-04c1-424b-9868-57a2d4851a1d" relativeResultsDirectory="dc7d353e-6592-447c-a8f7-ff8e4d114c26" />
    <UnitTestResult executionId="49b3b03d-8a21-4992-a293-0d8fe6e17e24" testId="107b14c3-6a21-48da-a917-3a863ef45b45" testName="Constructor_StateSessionHelperFactory_ArgumentNull_Thrown" computerName="DKSR-EFI-06" duration="00:00:00.0003127" startTime="2024-01-09T15:43:01.1956130+01:00" endTime="2024-01-09T15:43:01.1961148+01:00" testType="13cdc9d9-ddb5-4fa4-a97d-d965ccfc6d4b" outcome="Passed" testListId="8c84fa94-04c1-424b-9868-57a2d4851a1d" relativeResultsDirectory="49b3b03d-8a21-4992-a293-0d8fe6e17e24" />
    <UnitTestResult executionId="8e258a2e-fe4c-4d95-9bbe-d0bf7fd11664" testId="8c9d0f43-0c95-b12f-4abf-b89bea8f7dec" testName="RoundToMinute_Nearest" computerName="DKSR-EFI-06" duration="00:00:00.0007564" startTime="2024-01-09T15:42:49.7484383+01:00" endTime="2024-01-09T15:42:49.7493665+01:00" testType="13cdc9d9-ddb5-4fa4-a97d-d965ccfc6d4b" outcome="Passed" testListId="8c84fa94-04c1-424b-9868-57a2d4851a1d" relativeResultsDirectory="8e258a2e-fe4c-4d95-9bbe-d0bf7fd11664" />
    <UnitTestResult executionId="c20364b3-629f-4d96-b583-eff60d47bb68" testId="1c24a4c8-79d9-1a7e-b3df-8a6211e695a8" testName="OnPreviewKeyDown_RightShift_Click_Select_Success" computerName="DKSR-EFI-06" duration="00:00:00.2347637" startTime="2024-01-09T15:42:57.9297013+01:00" endTime="2024-01-09T15:42:58.2599493+01:00" testType="13cdc9d9-ddb5-4fa4-a97d-d965ccfc6d4b" outcome="Passed" testListId="8c84fa94-04c1-424b-9868-57a2d4851a1d" relativeResultsDirectory="c20364b3-629f-4d96-b583-eff60d47bb68" />
    <UnitTestResult executionId="2ef0e6e8-1590-4553-95c6-7a13eaa73c09" testId="8a840b5c-7cc0-3e0e-9c58-be69d6fcfb38" testName="FontDownCommand_ShouldDecreaseFontForSelectedSlide" computerName="DKSR-EFI-06" duration="00:00:00.0006884" startTime="2024-01-09T15:42:49.5483510+01:00" endTime="2024-01-09T15:42:49.5492584+01:00" testType="13cdc9d9-ddb5-4fa4-a97d-d965ccfc6d4b" outcome="Passed" testListId="8c84fa94-04c1-424b-9868-57a2d4851a1d" relativeResultsDirectory="2ef0e6e8-1590-4553-95c6-7a13eaa73c09" />
    <UnitTestResult executionId="a124267d-8b90-4c98-801c-8e4f0e335aa0" testId="eee8a259-a056-ce20-fd00-ef8675395c38" testName="SequenceEquals_NullCollection_IgnoreOrder_FalseResult" computerName="DKSR-EFI-06" duration="00:00:00.0001742" startTime="2024-01-09T15:42:49.5829095+01:00" endTime="2024-01-09T15:42:49.5832547+01:00" testType="13cdc9d9-ddb5-4fa4-a97d-d965ccfc6d4b" outcome="Passed" testListId="8c84fa94-04c1-424b-9868-57a2d4851a1d" relativeResultsDirectory="a124267d-8b90-4c98-801c-8e4f0e335aa0" />
    <UnitTestResult executionId="a5dc2335-62e2-4cf5-b16a-862044cf2c3f" testId="af71ed0e-187b-fd2b-1963-f93916cf4abc" testName="TooltipServiceWarning_NotCritical" computerName="DKSR-EFI-06" duration="00:00:00.0001708" startTime="2024-01-09T15:43:00.2963538+01:00" endTime="2024-01-09T15:43:00.2966956+01:00" testType="13cdc9d9-ddb5-4fa4-a97d-d965ccfc6d4b" outcome="Passed" testListId="8c84fa94-04c1-424b-9868-57a2d4851a1d" relativeResultsDirectory="a5dc2335-62e2-4cf5-b16a-862044cf2c3f" />
    <UnitTestResult executionId="ea27640a-fc76-4775-bb4a-07733dbd22b7" testId="f2effcb5-d303-005d-6682-8ccbac2c3bbc" testName="ShowMultipleToasts_Success" computerName="DKSR-EFI-06" duration="00:00:00.0143002" startTime="2024-01-09T15:42:50.4376900+01:00" endTime="2024-01-09T15:42:50.4522543+01:00" testType="13cdc9d9-ddb5-4fa4-a97d-d965ccfc6d4b" outcome="Passed" testListId="8c84fa94-04c1-424b-9868-57a2d4851a1d" relativeResultsDirectory="ea27640a-fc76-4775-bb4a-07733dbd22b7" />
    <UnitTestResult executionId="7b4bc7f2-f816-442b-b232-d7c723f06b53" testId="45ce53b6-2a00-442b-a6cc-32488dfaae90" testName="GetIntValueOrDefault_WrongKeyValue_DefaultValueReturned" computerName="DKSR-EFI-06" duration="00:00:00.0002363" startTime="2024-01-09T15:43:00.7542408+01:00" endTime="2024-01-09T15:43:00.7546434+01:00" testType="13cdc9d9-ddb5-4fa4-a97d-d965ccfc6d4b" outcome="Passed" testListId="8c84fa94-04c1-424b-9868-57a2d4851a1d" relativeResultsDirectory="7b4bc7f2-f816-442b-b232-d7c723f06b53" />
    <UnitTestResult executionId="fccb686f-2c0b-401b-8f7e-e4a6353020de" testId="8830f43b-5d5e-0d90-f334-a1cf125e39b1" testName="SubstractTest" computerName="DKSR-EFI-06" duration="00:00:00.0021390" startTime="2024-01-09T15:42:28.5900237+01:00" endTime="2024-01-09T15:42:28.5923028+01:00" testType="13cdc9d9-ddb5-4fa4-a97d-d965ccfc6d4b" outcome="Passed" testListId="8c84fa94-04c1-424b-9868-57a2d4851a1d" relativeResultsDirectory="fccb686f-2c0b-401b-8f7e-e4a6353020de" />
    <UnitTestResult executionId="75e99eed-c6e9-4b58-b102-b7e73a553f6f" testId="3b4e9ba3-5a1a-3d04-7b0a-c75c5f0c3a72" testName="StopsFiringAfterRemove" computerName="DKSR-EFI-06" duration="00:00:00.0008063" startTime="2024-01-09T15:42:49.6056893+01:00" endTime="2024-01-09T15:42:49.6066994+01:00" testType="13cdc9d9-ddb5-4fa4-a97d-d965ccfc6d4b" outcome="Passed" testListId="8c84fa94-04c1-424b-9868-57a2d4851a1d" relativeResultsDirectory="75e99eed-c6e9-4b58-b102-b7e73a553f6f" />
    <UnitTestResult executionId="9121bdc5-3c41-4c63-bb2b-7dadefaecf6c" testId="7cf60077-2671-481f-1310-11968c982eb2" testName="RoundToSecond_Nearest" computerName="DKSR-EFI-06" duration="00:00:00.0008134" startTime="2024-01-09T15:42:49.7436283+01:00" endTime="2024-01-09T15:42:49.7446536+01:00" testType="13cdc9d9-ddb5-4fa4-a97d-d965ccfc6d4b" outcome="Passed" testListId="8c84fa94-04c1-424b-9868-57a2d4851a1d" relativeResultsDirectory="9121bdc5-3c41-4c63-bb2b-7dadefaecf6c" />
    <UnitTestResult executionId="d21fe4e0-1d4c-4db4-92a0-000d5a3c1f29" testId="70886465-8a9c-f3a3-e66e-9c4d9f1e425f" testName="TileStateBecomesDefinedIfInputStateIsDefined" computerName="DKSR-EFI-06" duration="00:00:00.0013108" startTime="2024-01-09T15:42:39.3844471+01:00" endTime="2024-01-09T15:42:39.4598555+01:00" testType="13cdc9d9-ddb5-4fa4-a97d-d965ccfc6d4b" outcome="Passed" testListId="8c84fa94-04c1-424b-9868-57a2d4851a1d" relativeResultsDirectory="d21fe4e0-1d4c-4db4-92a0-000d5a3c1f29" />
    <UnitTestResult executionId="18749415-e348-4a68-abc0-1ab7857745a9" testId="aadb342a-ff06-0cc2-8ee7-a275dc1cd7f8" testName="MeasureOverride_4child_InvalidChild_EnoughSpace_NotShrunk" computerName="DKSR-EFI-06" duration="00:00:00.0096645" startTime="2024-01-09T15:42:34.7963327+01:00" endTime="2024-01-09T15:42:34.8891218+01:00" testType="13cdc9d9-ddb5-4fa4-a97d-d965ccfc6d4b" outcome="Passed" testListId="8c84fa94-04c1-424b-9868-57a2d4851a1d" relativeResultsDirectory="18749415-e348-4a68-abc0-1ab7857745a9" />
    <UnitTestResult executionId="77c51fde-16c8-471c-b552-7940d3347812" testId="b55addd3-5335-70b5-4725-96a0e81794df" testName="ArrangeOverride__6child_AllMustShrink__AllAreShrunk" computerName="DKSR-EFI-06" duration="00:00:00.0165294" startTime="2024-01-09T15:42:35.1817042+01:00" endTime="2024-01-09T15:42:35.2257783+01:00" testType="13cdc9d9-ddb5-4fa4-a97d-d965ccfc6d4b" outcome="Passed" testListId="8c84fa94-04c1-424b-9868-57a2d4851a1d" relativeResultsDirectory="77c51fde-16c8-471c-b552-7940d3347812">
      <Output>
        <StdOut>Debug Trace:&#xD;
offsets: 0, 20, 40, 60, 60, 80&#xD;
widths: 10, 10, 10, 0, 10, 10</StdOut>
      </Output>
    </UnitTestResult>
    <UnitTestResult executionId="90367972-8a11-4fad-aaa5-673f94110d3c" testId="5095d613-b74e-da81-c8c0-bc71c282beb3" testName="SequenceEquals_UnequalCollections_RespectOrder_SymmetricalTrueResult" computerName="DKSR-EFI-06" duration="00:00:00.0002169" startTime="2024-01-09T15:42:49.5765297+01:00" endTime="2024-01-09T15:42:49.5769116+01:00" testType="13cdc9d9-ddb5-4fa4-a97d-d965ccfc6d4b" outcome="Passed" testListId="8c84fa94-04c1-424b-9868-57a2d4851a1d" relativeResultsDirectory="90367972-8a11-4fad-aaa5-673f94110d3c" />
    <UnitTestResult executionId="e6158e11-a100-4e63-9e94-555caf7fbbfb" testId="85fbbcd0-881b-ae29-40f1-5696b7e80975" testName="Add_SingleItem_SuccessWithSingleNotification" computerName="DKSR-EFI-06" duration="00:00:00.0038057" startTime="2024-01-09T15:43:00.2579168+01:00" endTime="2024-01-09T15:43:00.2687005+01:00" testType="13cdc9d9-ddb5-4fa4-a97d-d965ccfc6d4b" outcome="Passed" testListId="8c84fa94-04c1-424b-9868-57a2d4851a1d" relativeResultsDirectory="e6158e11-a100-4e63-9e94-555caf7fbbfb" />
    <UnitTestResult executionId="2094531a-82ae-4940-aca6-1b1a3097c637" testId="c6b0eba2-ea22-d188-1409-7b75cdedc201" testName="Constructor_OAuth_BaseServerAddress_ArgumentNull_Thrown" computerName="DKSR-EFI-06" duration="00:00:00.3670801" startTime="2024-01-09T15:43:00.8185424+01:00" endTime="2024-01-09T15:43:01.1860404+01:00" testType="13cdc9d9-ddb5-4fa4-a97d-d965ccfc6d4b" outcome="Passed" testListId="8c84fa94-04c1-424b-9868-57a2d4851a1d" relativeResultsDirectory="2094531a-82ae-4940-aca6-1b1a3097c637" />
    <UnitTestResult executionId="7836f21c-2319-47dd-a9dc-9e0a7ff1a01b" testId="6993f887-a58d-8b2d-0d37-9a2f5f848573" testName="DeleteTileDeletesIfTileIsInListBox" computerName="DKSR-EFI-06" duration="00:00:00.0804459" startTime="2024-01-09T15:42:37.2744938+01:00" endTime="2024-01-09T15:42:37.4138987+01:00" testType="13cdc9d9-ddb5-4fa4-a97d-d965ccfc6d4b" outcome="Passed" testListId="8c84fa94-04c1-424b-9868-57a2d4851a1d" relativeResultsDirectory="7836f21c-2319-47dd-a9dc-9e0a7ff1a01b" />
    <UnitTestResult executionId="2c1d48de-8527-4c8a-9dec-9c40b45ed2df" testId="62c465a4-ad44-3be7-a78e-7e91064f29e0" testName="SingleCameraGroupMustSetDisplayNameDeletedCameraTextIfItDoesNotExist" computerName="DKSR-EFI-06" duration="00:00:00.0004754" startTime="2024-01-09T15:42:39.9117158+01:00" endTime="2024-01-09T15:42:39.9124076+01:00" testType="13cdc9d9-ddb5-4fa4-a97d-d965ccfc6d4b" outcome="Passed" testListId="8c84fa94-04c1-424b-9868-57a2d4851a1d" relativeResultsDirectory="2c1d48de-8527-4c8a-9dec-9c40b45ed2df" />
    <UnitTestResult executionId="f0fe9dec-aeb5-43e8-badd-4ba9a4d42225" testId="45e75a0d-4283-5aac-6b8e-d457bbb3aa8a" testName="GetStringValueOrDefault_KeyFound_ValueReturned" computerName="DKSR-EFI-06" duration="00:00:00.0002122" startTime="2024-01-09T15:43:00.7721660+01:00" endTime="2024-01-09T15:43:00.7725457+01:00" testType="13cdc9d9-ddb5-4fa4-a97d-d965ccfc6d4b" outcome="Passed" testListId="8c84fa94-04c1-424b-9868-57a2d4851a1d" relativeResultsDirectory="f0fe9dec-aeb5-43e8-badd-4ba9a4d42225" />
    <UnitTestResult executionId="06f119d1-9f9c-4219-9a0e-0794ee582169" testId="286237b8-58c5-8f71-48e4-5e1734d0ac85" testName="OnPreviewKeyDown_PageDown_Success" computerName="DKSR-EFI-06" duration="00:00:00.2055850" startTime="2024-01-09T15:42:55.5893990+01:00" endTime="2024-01-09T15:42:55.9460347+01:00" testType="13cdc9d9-ddb5-4fa4-a97d-d965ccfc6d4b" outcome="Passed" testListId="8c84fa94-04c1-424b-9868-57a2d4851a1d" relativeResultsDirectory="06f119d1-9f9c-4219-9a0e-0794ee582169" />
    <UnitTestResult executionId="5f8235d3-775f-4ce0-a796-12e598dd1732" testId="6149a481-7ba1-ce8d-da96-1adf4aeb4783" testName="ItemHolderSelectedToggleButton_CheckedChanged" computerName="DKSR-EFI-06" duration="00:00:00.0111481" startTime="2024-01-09T15:42:50.8104501+01:00" endTime="2024-01-09T15:42:50.9066935+01:00" testType="13cdc9d9-ddb5-4fa4-a97d-d965ccfc6d4b" outcome="Passed" testListId="8c84fa94-04c1-424b-9868-57a2d4851a1d" relativeResultsDirectory="5f8235d3-775f-4ce0-a796-12e598dd1732" />
    <UnitTestResult executionId="d0c5ee90-74a0-4c0c-9031-2850f8b9afcc" testId="a3ace3b8-2cc6-88df-a94a-a9602ec1951a" testName="IsFailover_IsNotFailover" computerName="DKSR-EFI-06" duration="00:00:00.0001406" startTime="2024-01-09T15:43:00.2982854+01:00" endTime="2024-01-09T15:43:00.2985783+01:00" testType="13cdc9d9-ddb5-4fa4-a97d-d965ccfc6d4b" outcome="Passed" testListId="8c84fa94-04c1-424b-9868-57a2d4851a1d" relativeResultsDirectory="d0c5ee90-74a0-4c0c-9031-2850f8b9afcc" />
    <UnitTestResult executionId="f55164ee-4ee4-4e68-9344-1fe62c663e78" testId="a968b87e-cff6-bf9a-9da7-2e125015401d" testName="CloseShouldBlockTheCache" computerName="DKSR-EFI-06" duration="00:00:00.0005825" startTime="2024-01-09T15:42:36.1836126+01:00" endTime="2024-01-09T15:42:36.1843537+01:00" testType="13cdc9d9-ddb5-4fa4-a97d-d965ccfc6d4b" outcome="Passed" testListId="8c84fa94-04c1-424b-9868-57a2d4851a1d" relativeResultsDirectory="f55164ee-4ee4-4e68-9344-1fe62c663e78" />
    <UnitTestResult executionId="ec5d753e-8ad4-4f4d-9e90-c4b50a54b3ef" testId="16ee0ac6-17eb-3505-339b-384a8e931cbc" testName="ThumbLoadedEventIsNotFiredUntilAllThumbsAreLoaded" computerName="DKSR-EFI-06" duration="00:00:00.8310090" startTime="2024-01-09T15:42:35.2891798+01:00" endTime="2024-01-09T15:42:36.1212030+01:00" testType="13cdc9d9-ddb5-4fa4-a97d-d965ccfc6d4b" outcome="Passed" testListId="8c84fa94-04c1-424b-9868-57a2d4851a1d" relativeResultsDirectory="ec5d753e-8ad4-4f4d-9e90-c4b50a54b3ef" />
    <UnitTestResult executionId="6b1331f7-4b0d-4ed9-8406-0baa5dee9a6f" testId="bd9d6efd-ee5b-c8e1-7fe2-91d5e9a397a3" testName="Constructor_ShouldCreateTreeOfDepth1_WhenUnitsHaveParentButNoGrandparent" computerName="DKSR-EFI-06" duration="00:00:00.0024753" startTime="2024-01-09T15:42:29.0877724+01:00" endTime="2024-01-09T15:42:29.0904009+01:00" testType="13cdc9d9-ddb5-4fa4-a97d-d965ccfc6d4b" outcome="Passed" testListId="8c84fa94-04c1-424b-9868-57a2d4851a1d" relativeResultsDirectory="6b1331f7-4b0d-4ed9-8406-0baa5dee9a6f" />
    <UnitTestResult executionId="18cf9565-7556-4b63-ba78-00a78abc66bf" testId="af1fb9a2-8a78-6d8f-f175-66671f902a9b" testName="TooltipServiceWarning_EmptyServerType" computerName="DKSR-EFI-06" duration="00:00:00.0006020" startTime="2024-01-09T15:43:00.2805203+01:00" endTime="2024-01-09T15:43:00.2813087+01:00" testType="13cdc9d9-ddb5-4fa4-a97d-d965ccfc6d4b" outcome="Passed" testListId="8c84fa94-04c1-424b-9868-57a2d4851a1d" relativeResultsDirectory="18cf9565-7556-4b63-ba78-00a78abc66bf" />
    <UnitTestResult executionId="e6255005-f92f-4d9f-9ab4-0da680506499" testId="da2d2e18-01f0-acb5-e8f2-d394d1e9d5f0" testName="AuthenticationWindowsDefault_SetProperties_Success" computerName="DKSR-EFI-06" duration="00:00:00.0006868" startTime="2024-01-09T15:43:01.2266516+01:00" endTime="2024-01-09T15:43:01.2275195+01:00" testType="13cdc9d9-ddb5-4fa4-a97d-d965ccfc6d4b" outcome="Passed" testListId="8c84fa94-04c1-424b-9868-57a2d4851a1d" relativeResultsDirectory="e6255005-f92f-4d9f-9ab4-0da680506499" />
  </Results>
  <TestDefinitions>
    <UnitTest name="PersistTilesCallsAppropriateMethodsInProvider" storage="d:\actions-runner\_work\xpco\xpco\allsolutions\..\common\sc_commonfiles\zsc_commonfiles_unittest\bin\debug\net6.0-windows\zsc_commonfiles_unittest.dll" id="459463df-7b24-1834-e524-ebc8eb49d9bc">
      <Execution id="7e3fbaae-507a-447f-9711-f4642b3c488b" />
      <TestMethod codeBase="D:\actions-runner\_work\XPCO\XPCO\AllSolutions\..\Common\SC_CommonFiles\zSC_CommonFiles_UnitTest\bin\Debug\net6.0-windows\zSC_CommonFiles_UnitTest.dll" adapterTypeName="executor://mstestadapter/v2" className="zSC_CommonFiles_UnitTest.DashboardTilesTests" name="PersistTilesCallsAppropriateMethodsInProvider" />
    </UnitTest>
    <UnitTest name="ItemHolder_MouseOver_Success" storage="d:\actions-runner\_work\xpco\xpco\allsolutions\..\common\sc_commonfiles\zsc_commonfiles_unittest\bin\debug\net6.0-windows\zsc_commonfiles_unittest.dll" id="dbbf39a1-557e-8113-cb77-f2aa3140bfbd">
      <TestCategory>
        <TestCategoryItem TestCategory="SC_CommonFiles.WPF.TileLayout" />
      </TestCategory>
      <Execution id="1383faf6-b1a4-44e5-96e1-655892c9835d" />
      <TestMethod codeBase="D:\actions-runner\_work\XPCO\XPCO\AllSolutions\..\Common\SC_CommonFiles\zSC_CommonFiles_UnitTest\bin\Debug\net6.0-windows\zSC_CommonFiles_UnitTest.dll" adapterTypeName="executor://mstestadapter/v2" className="zSC_CommonFiles_UnitTest.VideoOS.UI.Common.WPF.TileLayout.TileLayoutTest" name="ItemHolder_MouseOver_Success" />
    </UnitTest>
    <UnitTest name="AuthenticationExternal_CopyConstructor_NullBaseAuth_Throws_ArgumentNullException" storage="d:\actions-runner\_work\xpco\xpco\allsolutions\..\common\sc_commonfiles\zsc_commonfiles_unittest\bin\debug\net6.0-windows\zsc_commonfiles_unittest.dll" id="406127ab-b342-e721-d286-823ee31b0fbc">
      <TestCategory>
        <TestCategoryItem TestCategory="AuthenticationInfoTests" />
      </TestCategory>
      <Execution id="8068306e-d639-472a-a94d-1497588b86e5" />
      <TestMethod codeBase="D:\actions-runner\_work\XPCO\XPCO\AllSolutions\..\Common\SC_CommonFiles\zSC_CommonFiles_UnitTest\bin\Debug\net6.0-windows\zSC_CommonFiles_UnitTest.dll" adapterTypeName="executor://mstestadapter/v2" className="zSC_CommonFiles_UnitTest.VideoOS.Common.Login.AuthenticationInfoTests" name="AuthenticationExternal_CopyConstructor_NullBaseAuth_Throws_ArgumentNullException" />
    </UnitTest>
    <UnitTest name="RangeSingleEdit_EnterLargeNumber_EditFieldAutosizedAndCentered" storage="d:\actions-runner\_work\xpco\xpco\allsolutions\..\common\sc_commonfiles\zsc_commonfiles_unittest\bin\debug\net6.0-windows\zsc_commonfiles_unittest.dll" id="ce44940c-50be-b7ab-4e00-61b9f154d25c">
      <TestCategory>
        <TestCategoryItem TestCategory="RangeSelector" />
      </TestCategory>
      <Execution id="3b32b583-4ebd-48d3-b3ef-6d4d18f13de1" />
      <TestMethod codeBase="D:\actions-runner\_work\XPCO\XPCO\AllSolutions\..\Common\SC_CommonFiles\zSC_CommonFiles_UnitTest\bin\Debug\net6.0-windows\zSC_CommonFiles_UnitTest.dll" adapterTypeName="executor://mstestadapter/v2" className="VideoOS.UI.Common.WPF.RangeSelector.RangeSelectorTest" name="RangeSingleEdit_EnterLargeNumber_EditFieldAutosizedAndCentered" />
    </UnitTest>
    <UnitTest name="TooltipServiceWarning_UpdateTimeDefined" storage="d:\actions-runner\_work\xpco\xpco\allsolutions\..\common\sc_commonfiles\zsc_commonfiles_unittest\bin\debug\net6.0-windows\zsc_commonfiles_unittest.dll" id="b0004f06-300e-d87d-8715-e540888dd689">
      <Execution id="b9bfd0cd-9357-420a-966f-b422386fd140" />
      <TestMethod codeBase="D:\actions-runner\_work\XPCO\XPCO\AllSolutions\..\Common\SC_CommonFiles\zSC_CommonFiles_UnitTest\bin\Debug\net6.0-windows\zSC_CommonFiles_UnitTest.dll" adapterTypeName="executor://mstestadapter/v2" className="zSC_CommonFiles_UnitTest.VideoOS.UI.Common.WPF.Dashboard.Types.ServerTest" name="TooltipServiceWarning_UpdateTimeDefined" />
    </UnitTest>
    <UnitTest name="SaveToFile_ShouldSaveAllowUnsecureConnection_WhenAllowUnsecureIsTrue" storage="d:\actions-runner\_work\xpco\xpco\allsolutions\..\common\sc_commonfiles\zsc_commonfiles_unittest\bin\debug\net6.0-windows\zsc_commonfiles_unittest.dll" id="93774d2d-144b-7040-611e-7e563672ebaa">
      <Execution id="1d7d358a-65fe-4a83-9c9d-f29e8329588f" />
      <TestMethod codeBase="D:\actions-runner\_work\XPCO\XPCO\AllSolutions\..\Common\SC_CommonFiles\zSC_CommonFiles_UnitTest\bin\Debug\net6.0-windows\zSC_CommonFiles_UnitTest.dll" adapterTypeName="executor://mstestadapter/v2" className="zSC_CommonFiles_UnitTest.VideoOS.Common.Login.UIConnectionInfoTests" name="SaveToFile_ShouldSaveAllowUnsecureConnection_WhenAllowUnsecureIsTrue" />
    </UnitTest>
    <UnitTest name="RoundToSecond_Nearest" storage="d:\actions-runner\_work\xpco\xpco\allsolutions\..\common\sc_commonfiles\zsc_commonfiles_unittest\bin\debug\net6.0-windows\zsc_commonfiles_unittest.dll" id="7cf60077-2671-481f-1310-11968c982eb2">
      <Execution id="9121bdc5-3c41-4c63-bb2b-7dadefaecf6c" />
      <TestMethod codeBase="D:\actions-runner\_work\XPCO\XPCO\AllSolutions\..\Common\SC_CommonFiles\zSC_CommonFiles_UnitTest\bin\Debug\net6.0-windows\zSC_CommonFiles_UnitTest.dll" adapterTypeName="executor://mstestadapter/v2" className="zSC_CommonFiles_UnitTest.VideoOS.UI.Common.WPF.Utils.ExtensionMethods.DateTimeExtensionsTests" name="RoundToSecond_Nearest" />
    </UnitTest>
    <UnitTest name="OnPreviewKeyDown_Return_Success" storage="d:\actions-runner\_work\xpco\xpco\allsolutions\..\common\sc_commonfiles\zsc_commonfiles_unittest\bin\debug\net6.0-windows\zsc_commonfiles_unittest.dll" id="a7304e06-ae3e-2e3a-5ce1-1639916ee77c">
      <TestCategory>
        <TestCategoryItem TestCategory="SC_CommonFiles.WPF.TileLayout" />
      </TestCategory>
      <Execution id="aaeb5ec5-f0cc-4f6d-afc2-7548aa063648" />
      <TestMethod codeBase="D:\actions-runner\_work\XPCO\XPCO\AllSolutions\..\Common\SC_CommonFiles\zSC_CommonFiles_UnitTest\bin\Debug\net6.0-windows\zSC_CommonFiles_UnitTest.dll" adapterTypeName="executor://mstestadapter/v2" className="zSC_CommonFiles_UnitTest.VideoOS.UI.Common.WPF.TileLayout.TileLayoutTest" name="OnPreviewKeyDown_Return_Success" />
    </UnitTest>
    <UnitTest name="ShowDialogScaled_150Percent_Scaling" storage="d:\actions-runner\_work\xpco\xpco\allsolutions\..\common\sc_commonfiles\zsc_commonfiles_unittest\bin\debug\net6.0-windows\zsc_commonfiles_unittest.dll" id="39556250-42a0-8230-36af-33fb371b59df">
      <Execution id="d1f968ba-5d18-4df3-988c-5dc0c961343e" />
      <TestMethod codeBase="D:\actions-runner\_work\XPCO\XPCO\AllSolutions\..\Common\SC_CommonFiles\zSC_CommonFiles_UnitTest\bin\Debug\net6.0-windows\zSC_CommonFiles_UnitTest.dll" adapterTypeName="executor://mstestadapter/v2" className="zSC_CommonFiles_UnitTest.VideoOS.UI.Common.WPF.Utils.ExtensionMethods.WindowExtensionsTests" name="ShowDialogScaled_150Percent_Scaling" />
    </UnitTest>
    <UnitTest name="ValidSlides_ShouldNotContainDefaults" storage="d:\actions-runner\_work\xpco\xpco\allsolutions\..\common\sc_commonfiles\zsc_commonfiles_unittest\bin\debug\net6.0-windows\zsc_commonfiles_unittest.dll" id="fc42ecd1-8c72-c445-ea96-97544145f9ab">
      <Execution id="91fd83af-b161-4dfa-850e-73aeb487a5f7" />
      <TestMethod codeBase="D:\actions-runner\_work\XPCO\XPCO\AllSolutions\..\Common\SC_CommonFiles\zSC_CommonFiles_UnitTest\bin\Debug\net6.0-windows\zSC_CommonFiles_UnitTest.dll" adapterTypeName="executor://mstestadapter/v2" className="zSC_CommonFiles_UnitTest.VideoOS.UI.Common.WPF.VideoText.VideoTextWindowViewModelTests" name="ValidSlides_ShouldNotContainDefaults" />
    </UnitTest>
    <UnitTest name="FindOptimalTilingCalculatesRowsColumnsAppropriateToTileAndWindowRatioAndWithOptimumNumberOfCells" storage="d:\actions-runner\_work\xpco\xpco\allsolutions\..\common\sc_commonfiles\zsc_commonfiles_unittest\bin\debug\net6.0-windows\zsc_commonfiles_unittest.dll" id="2eb304bc-29a1-e3fc-a1ed-62b709614ba3">
      <Execution id="681c817b-d85c-4032-ac31-d1d0a5020c11" />
      <TestMethod codeBase="D:\actions-runner\_work\XPCO\XPCO\AllSolutions\..\Common\SC_CommonFiles\zSC_CommonFiles_UnitTest\bin\Debug\net6.0-windows\zSC_CommonFiles_UnitTest.dll" adapterTypeName="executor://mstestadapter/v2" className="zSC_CommonFiles_UnitTest.DashboardTilesTests" name="FindOptimalTilingCalculatesRowsColumnsAppropriateToTileAndWindowRatioAndWithOptimumNumberOfCells" />
    </UnitTest>
    <UnitTest name="GetImageSource_16px_Success" storage="d:\actions-runner\_work\xpco\xpco\allsolutions\..\common\sc_commonfiles\zsc_commonfiles_unittest\bin\debug\net6.0-windows\zsc_commonfiles_unittest.dll" id="8a767b9b-e015-e5fc-c6e0-fb31075f769b">
      <TestCategory>
        <TestCategoryItem TestCategory="SC_CommonFiles.WPF" />
      </TestCategory>
      <Execution id="a51ce187-df40-48de-aedf-4aae4c523aae" />
      <TestMethod codeBase="D:\actions-runner\_work\XPCO\XPCO\AllSolutions\..\Common\SC_CommonFiles\zSC_CommonFiles_UnitTest\bin\Debug\net6.0-windows\zSC_CommonFiles_UnitTest.dll" adapterTypeName="executor://mstestadapter/v2" className="zSC_CommonFiles_UnitTest.VideoOS.UI.Common.WPF.Utils.ExtensionMethods.IconExtensionsTests" name="GetImageSource_16px_Success" />
    </UnitTest>
    <UnitTest name="GetDoubleValueOrDefault_KeyNotFound_DefaultValueReturned" storage="d:\actions-runner\_work\xpco\xpco\allsolutions\..\common\sc_commonfiles\zsc_commonfiles_unittest\bin\debug\net6.0-windows\zsc_commonfiles_unittest.dll" id="49b54f08-f7f0-ba91-ee50-7ae6390d4af1">
      <Execution id="9cb8f252-0b4a-4581-b8a8-49e6feb07be9" />
      <TestMethod codeBase="D:\actions-runner\_work\XPCO\XPCO\AllSolutions\..\Common\SC_CommonFiles\zSC_CommonFiles_UnitTest\bin\Debug\net6.0-windows\zSC_CommonFiles_UnitTest.dll" adapterTypeName="executor://mstestadapter/v2" className="zSC_CommonFiles_UnitTest.VideoOS.Common.Configuration.NameValueCollectionExtensionsTest" name="GetDoubleValueOrDefault_KeyNotFound_DefaultValueReturned" />
    </UnitTest>
    <UnitTest name="MeasureOverride_4child_InvalidChild_EnoughSpace_NotShrunk" storage="d:\actions-runner\_work\xpco\xpco\allsolutions\..\common\sc_commonfiles\zsc_commonfiles_unittest\bin\debug\net6.0-windows\zsc_commonfiles_unittest.dll" id="aadb342a-ff06-0cc2-8ee7-a275dc1cd7f8">
      <TestCategory>
        <TestCategoryItem TestCategory="Controls" />
      </TestCategory>
      <Execution id="18749415-e348-4a68-abc0-1ab7857745a9" />
      <TestMethod codeBase="D:\actions-runner\_work\XPCO\XPCO\AllSolutions\..\Common\SC_CommonFiles\zSC_CommonFiles_UnitTest\bin\Debug\net6.0-windows\zSC_CommonFiles_UnitTest.dll" adapterTypeName="executor://mstestadapter/v2" className="VideoOS.UI.Common.WPF.Controls.HorizontalPanelTests" name="MeasureOverride_4child_InvalidChild_EnoughSpace_NotShrunk" />
    </UnitTest>
    <UnitTest name="DetermineScaledWindowLocationAndSize_100Percent_Scaling" storage="d:\actions-runner\_work\xpco\xpco\allsolutions\..\common\sc_commonfiles\zsc_commonfiles_unittest\bin\debug\net6.0-windows\zsc_commonfiles_unittest.dll" id="255725f3-62ba-63bd-b914-0cdfd4638d83">
      <Execution id="698b86b6-b618-4a73-9080-6a6d44c5224a" />
      <TestMethod codeBase="D:\actions-runner\_work\XPCO\XPCO\AllSolutions\..\Common\SC_CommonFiles\zSC_CommonFiles_UnitTest\bin\Debug\net6.0-windows\zSC_CommonFiles_UnitTest.dll" adapterTypeName="executor://mstestadapter/v2" className="zSC_CommonFiles_UnitTest.VideoOS.UI.Common.WPF.Utils.ExtensionMethods.WindowExtensionsTests" name="DetermineScaledWindowLocationAndSize_100Percent_Scaling" />
    </UnitTest>
    <UnitTest name="StopAndDisconnect_SessionNotStarted_ServiceNotCalled" storage="d:\actions-runner\_work\xpco\xpco\allsolutions\..\common\sc_commonfiles\zsc_commonfiles_unittest\bin\debug\net6.0-windows\zsc_commonfiles_unittest.dll" id="00128a49-1d90-04d8-005b-b12d7a997cf3">
      <Execution id="7da52480-9d95-43d8-9e7d-26af46a370d5" />
      <TestMethod codeBase="D:\actions-runner\_work\XPCO\XPCO\AllSolutions\..\Common\SC_CommonFiles\zSC_CommonFiles_UnitTest\bin\Debug\net6.0-windows\zSC_CommonFiles_UnitTest.dll" adapterTypeName="executor://mstestadapter/v2" className="zSC_CommonFiles_UnitTest.VideoOS.Common.State.StateManagerTests" name="StopAndDisconnect_SessionNotStarted_ServiceNotCalled" />
    </UnitTest>
    <UnitTest name="TileIsStateUndefinedIfCurrentStatesIsNull" storage="d:\actions-runner\_work\xpco\xpco\allsolutions\..\common\sc_commonfiles\zsc_commonfiles_unittest\bin\debug\net6.0-windows\zsc_commonfiles_unittest.dll" id="95ce4bfb-8a8a-2e2d-8537-47c45d12d2d7">
      <Execution id="6da52a5c-9017-43e7-a38d-e3e677802acd" />
      <TestMethod codeBase="D:\actions-runner\_work\XPCO\XPCO\AllSolutions\..\Common\SC_CommonFiles\zSC_CommonFiles_UnitTest\bin\Debug\net6.0-windows\zSC_CommonFiles_UnitTest.dll" adapterTypeName="executor://mstestadapter/v2" className="zSC_CommonFiles_UnitTest.DashboardTilesTests" name="TileIsStateUndefinedIfCurrentStatesIsNull" />
    </UnitTest>
    <UnitTest name="DetermineScaledWindowLocationAndSize_AtPosition_100Percent_Scaling" storage="d:\actions-runner\_work\xpco\xpco\allsolutions\..\common\sc_commonfiles\zsc_commonfiles_unittest\bin\debug\net6.0-windows\zsc_commonfiles_unittest.dll" id="d6602b74-10ff-8e4a-a599-5e89f61e24aa">
      <Execution id="0eb939b0-0dcf-4ad9-833f-d7060148b9f8" />
      <TestMethod codeBase="D:\actions-runner\_work\XPCO\XPCO\AllSolutions\..\Common\SC_CommonFiles\zSC_CommonFiles_UnitTest\bin\Debug\net6.0-windows\zSC_CommonFiles_UnitTest.dll" adapterTypeName="executor://mstestadapter/v2" className="zSC_CommonFiles_UnitTest.VideoOS.UI.Common.WPF.Utils.ExtensionMethods.WindowExtensionsTests" name="DetermineScaledWindowLocationAndSize_AtPosition_100Percent_Scaling" />
    </UnitTest>
    <UnitTest name="FormsControlScaledLocationAndSize_NegativePositions_100Percent_Scaling" storage="d:\actions-runner\_work\xpco\xpco\allsolutions\..\common\sc_commonfiles\zsc_commonfiles_unittest\bin\debug\net6.0-windows\zsc_commonfiles_unittest.dll" id="a53bc742-1aa6-1112-cd67-7bd1ef336fc4">
      <Execution id="a1ac874f-f7fb-4be6-9fa4-0b0d5f70a3e3" />
      <TestMethod codeBase="D:\actions-runner\_work\XPCO\XPCO\AllSolutions\..\Common\SC_CommonFiles\zSC_CommonFiles_UnitTest\bin\Debug\net6.0-windows\zSC_CommonFiles_UnitTest.dll" adapterTypeName="executor://mstestadapter/v2" className="zSC_CommonFiles_UnitTest.VideoOS.UI.Common.WPF.Utils.ExtensionMethods.WindowExtensionsTests" name="FormsControlScaledLocationAndSize_NegativePositions_100Percent_Scaling" />
    </UnitTest>
    <UnitTest name="TestHistoryFileSetter" storage="d:\actions-runner\_work\xpco\xpco\allsolutions\..\common\sc_commonfiles\zsc_commonfiles_unittest\bin\debug\net6.0-windows\zsc_commonfiles_unittest.dll" id="d2336b6f-ec47-a30f-6052-9d509a829189">
      <Execution id="05859648-ca89-4281-81f9-f042ebd52c71" />
      <TestMethod codeBase="D:\actions-runner\_work\XPCO\XPCO\AllSolutions\..\Common\SC_CommonFiles\zSC_CommonFiles_UnitTest\bin\Debug\net6.0-windows\zSC_CommonFiles_UnitTest.dll" adapterTypeName="executor://mstestadapter/v2" className="zSC_CommonFiles_UnitTest.VideoOS.Common.Login.UIConnectionInfoTests" name="TestHistoryFileSetter" />
    </UnitTest>
    <UnitTest name="TryGetIntValue_KeyFound_ValueReturned" storage="d:\actions-runner\_work\xpco\xpco\allsolutions\..\common\sc_commonfiles\zsc_commonfiles_unittest\bin\debug\net6.0-windows\zsc_commonfiles_unittest.dll" id="bf21cb13-4f33-4868-5185-223274a7024a">
      <Execution id="bc188215-d864-4671-a222-4cedf7c14939" />
      <TestMethod codeBase="D:\actions-runner\_work\XPCO\XPCO\AllSolutions\..\Common\SC_CommonFiles\zSC_CommonFiles_UnitTest\bin\Debug\net6.0-windows\zSC_CommonFiles_UnitTest.dll" adapterTypeName="executor://mstestadapter/v2" className="zSC_CommonFiles_UnitTest.VideoOS.Common.Configuration.NameValueCollectionExtensionsTest" name="TryGetIntValue_KeyFound_ValueReturned" />
    </UnitTest>
    <UnitTest name="Constructor_ShouldCreateTreeOfDepth1_WhenUnitsHaveNoParentButToplevelNodesAreSet" storage="d:\actions-runner\_work\xpco\xpco\allsolutions\..\common\sc_commonfiles\zsc_commonfiles_unittest\bin\debug\net6.0-windows\zsc_commonfiles_unittest.dll" id="ae5ac97e-8b8c-eeb7-7e79-fd8b61df6329">
      <Execution id="e3cc10fa-c5cb-479b-be5e-b2be5cf8dc25" />
      <TestMethod codeBase="D:\actions-runner\_work\XPCO\XPCO\AllSolutions\..\Common\SC_CommonFiles\zSC_CommonFiles_UnitTest\bin\Debug\net6.0-windows\zSC_CommonFiles_UnitTest.dll" adapterTypeName="executor://mstestadapter/v2" className="SmartClient_UnitTest_VideoOS_UI_Common_WPF_FilterTree.FilterTreeUserControlViewModelTest" name="Constructor_ShouldCreateTreeOfDepth1_WhenUnitsHaveNoParentButToplevelNodesAreSet" />
    </UnitTest>
    <UnitTest name="FormsControlScaledLocationAndSize_AnchorRightAndBottom_150Percent_Scaling" storage="d:\actions-runner\_work\xpco\xpco\allsolutions\..\common\sc_commonfiles\zsc_commonfiles_unittest\bin\debug\net6.0-windows\zsc_commonfiles_unittest.dll" id="edd04f72-e846-3536-4d16-cb04e8460e6b">
      <Execution id="98a4aa24-1dd5-4913-bf33-9ed5c40a6091" />
      <TestMethod codeBase="D:\actions-runner\_work\XPCO\XPCO\AllSolutions\..\Common\SC_CommonFiles\zSC_CommonFiles_UnitTest\bin\Debug\net6.0-windows\zSC_CommonFiles_UnitTest.dll" adapterTypeName="executor://mstestadapter/v2" className="zSC_CommonFiles_UnitTest.VideoOS.UI.Common.WPF.Utils.ExtensionMethods.WindowExtensionsTests" name="FormsControlScaledLocationAndSize_AnchorRightAndBottom_150Percent_Scaling" />
    </UnitTest>
    <UnitTest name="UpdateServerState_FailoverErrorState" storage="d:\actions-runner\_work\xpco\xpco\allsolutions\..\common\sc_commonfiles\zsc_commonfiles_unittest\bin\debug\net6.0-windows\zsc_commonfiles_unittest.dll" id="68a3dcd6-b2e6-5bb3-d82c-04377e1a7b9b">
      <Execution id="7feb9ccb-8f27-447f-9312-c3549ed0032c" />
      <TestMethod codeBase="D:\actions-runner\_work\XPCO\XPCO\AllSolutions\..\Common\SC_CommonFiles\zSC_CommonFiles_UnitTest\bin\Debug\net6.0-windows\zSC_CommonFiles_UnitTest.dll" adapterTypeName="executor://mstestadapter/v2" className="zSC_CommonFiles_UnitTest.VideoOS.UI.Common.WPF.Dashboard.List.ListServersAndCamerasModelTest" name="UpdateServerState_FailoverErrorState" />
    </UnitTest>
    <UnitTest name="Activate_ToastActivated" storage="d:\actions-runner\_work\xpco\xpco\allsolutions\..\common\sc_commonfiles\zsc_commonfiles_unittest\bin\debug\net6.0-windows\zsc_commonfiles_unittest.dll" id="20c0e1dd-a74f-c654-d865-142fb2a2787f">
      <TestCategory>
        <TestCategoryItem TestCategory="Toasts" />
      </TestCategory>
      <Execution id="51a9c14c-5ba3-4661-b6ca-c69b5760b22f" />
      <TestMethod codeBase="D:\actions-runner\_work\XPCO\XPCO\AllSolutions\..\Common\SC_CommonFiles\zSC_CommonFiles_UnitTest\bin\Debug\net6.0-windows\zSC_CommonFiles_UnitTest.dll" adapterTypeName="executor://mstestadapter/v2" className="zSC_CommonFiles_UnitTest.VideoOS.UI.Common.WPF.Toast.ToastBaseTests" name="Activate_ToastActivated" />
    </UnitTest>
    <UnitTest name="RoundToMillisecond_RoundDown" storage="d:\actions-runner\_work\xpco\xpco\allsolutions\..\common\sc_commonfiles\zsc_commonfiles_unittest\bin\debug\net6.0-windows\zsc_commonfiles_unittest.dll" id="132e103c-17cc-dd6d-9a83-6fdfdde045a1">
      <Execution id="75b3b16b-dffa-4d52-8c7a-56505d1e583d" />
      <TestMethod codeBase="D:\actions-runner\_work\XPCO\XPCO\AllSolutions\..\Common\SC_CommonFiles\zSC_CommonFiles_UnitTest\bin\Debug\net6.0-windows\zSC_CommonFiles_UnitTest.dll" adapterTypeName="executor://mstestadapter/v2" className="zSC_CommonFiles_UnitTest.VideoOS.UI.Common.WPF.Utils.ExtensionMethods.TimeSpanExtensionsTests" name="RoundToMillisecond_RoundDown" />
    </UnitTest>
    <UnitTest name="Clear_NoCleanupTimerRunning_Success" storage="d:\actions-runner\_work\xpco\xpco\allsolutions\..\common\sc_commonfiles\zsc_commonfiles_unittest\bin\debug\net6.0-windows\zsc_commonfiles_unittest.dll" id="853fc9d6-6db1-9e50-13df-6a1ab3128380">
      <Execution id="1b16a388-bd31-4048-b218-113839699068" />
      <TestMethod codeBase="D:\actions-runner\_work\XPCO\XPCO\AllSolutions\..\Common\SC_CommonFiles\zSC_CommonFiles_UnitTest\bin\Debug\net6.0-windows\zSC_CommonFiles_UnitTest.dll" adapterTypeName="executor://mstestadapter/v2" className="VideoOS.UI.Common.WPF.Utils.RecyclingFactory.RecyclingFactoryTests" name="Clear_NoCleanupTimerRunning_Success" />
    </UnitTest>
    <UnitTest name="SubstractTest" storage="d:\actions-runner\_work\xpco\xpco\allsolutions\..\common\sc_commonfiles\zsc_commonfiles_unittest\bin\debug\net6.0-windows\zsc_commonfiles_unittest.dll" id="8830f43b-5d5e-0d90-f334-a1cf125e39b1">
      <Execution id="fccb686f-2c0b-401b-8f7e-e4a6353020de" />
      <TestMethod codeBase="D:\actions-runner\_work\XPCO\XPCO\AllSolutions\..\Common\SC_CommonFiles\zSC_CommonFiles_UnitTest\bin\Debug\net6.0-windows\zSC_CommonFiles_UnitTest.dll" adapterTypeName="executor://mstestadapter/v2" className="SmartClient_UnitTest_VideoOS_UI_Common_WPF_Timeline.TimeIntervalTest" name="SubstractTest" />
    </UnitTest>
    <UnitTest name="TileIsStateUndefinedIfAllCurrentStatesAreUndefined" storage="d:\actions-runner\_work\xpco\xpco\allsolutions\..\common\sc_commonfiles\zsc_commonfiles_unittest\bin\debug\net6.0-windows\zsc_commonfiles_unittest.dll" id="88c0ee23-26fa-850a-6ac5-863c20752b1c">
      <Execution id="ef1cd7bb-e1d4-4e3f-874b-0682af51bba5" />
      <TestMethod codeBase="D:\actions-runner\_work\XPCO\XPCO\AllSolutions\..\Common\SC_CommonFiles\zSC_CommonFiles_UnitTest\bin\Debug\net6.0-windows\zSC_CommonFiles_UnitTest.dll" adapterTypeName="executor://mstestadapter/v2" className="zSC_CommonFiles_UnitTest.DashboardTilesTests" name="TileIsStateUndefinedIfAllCurrentStatesAreUndefined" />
    </UnitTest>
    <UnitTest name="FiresCorrectly" storage="d:\actions-runner\_work\xpco\xpco\allsolutions\..\common\sc_commonfiles\zsc_commonfiles_unittest\bin\debug\net6.0-windows\zsc_commonfiles_unittest.dll" id="9055d3e9-2242-b78d-4e5e-551084a63cc0">
      <Execution id="c34a8f18-b492-488d-984a-f2fe6a662571" />
      <TestMethod codeBase="D:\actions-runner\_work\XPCO\XPCO\AllSolutions\..\Common\SC_CommonFiles\zSC_CommonFiles_UnitTest\bin\Debug\net6.0-windows\zSC_CommonFiles_UnitTest.dll" adapterTypeName="executor://mstestadapter/v2" className="zSC_CommonFiles_UnitTest.VideoOS.UI.Common.WPF.Utils.WeakEventTests" name="FiresCorrectly" />
    </UnitTest>
    <UnitTest name="ClearUnsecureConnectionAllowedForUser_ShouldRemoveUser_WhenUserExists" storage="d:\actions-runner\_work\xpco\xpco\allsolutions\..\common\sc_commonfiles\zsc_commonfiles_unittest\bin\debug\net6.0-windows\zsc_commonfiles_unittest.dll" id="5a9cc3cc-6255-3658-268b-a50ddfebf55b">
      <Execution id="b44713a7-a1b2-440d-97f1-48be8c4bc5b1" />
      <TestMethod codeBase="D:\actions-runner\_work\XPCO\XPCO\AllSolutions\..\Common\SC_CommonFiles\zSC_CommonFiles_UnitTest\bin\Debug\net6.0-windows\zSC_CommonFiles_UnitTest.dll" adapterTypeName="executor://mstestadapter/v2" className="zSC_CommonFiles_UnitTest.VideoOS.Common.Login.UIConnectionInfoTests" name="ClearUnsecureConnectionAllowedForUser_ShouldRemoveUser_WhenUserExists" />
    </UnitTest>
    <UnitTest name="UpdateFrameworkElementsOverlay_WithChangedFollowDigitalZoom_ShouldUpdateBothLists" storage="d:\actions-runner\_work\xpco\xpco\allsolutions\..\common\sc_commonfiles\zsc_commonfiles_unittest\bin\debug\net6.0-windows\zsc_commonfiles_unittest.dll" id="33341dd4-6583-40f9-1eba-1c8c959a3a5e">
      <Execution id="8ce680bd-42a1-42f7-a70a-3d587ec21fd2" />
      <TestMethod codeBase="D:\actions-runner\_work\XPCO\XPCO\AllSolutions\..\Common\SC_CommonFiles\zSC_CommonFiles_UnitTest\bin\Debug\net6.0-windows\zSC_CommonFiles_UnitTest.dll" adapterTypeName="executor://mstestadapter/v2" className="zSC_CommonFiles_UnitTest.VideoOS.UI.Common.WPF.VideoPlayer.Model.FrameworkElementsOverlayModelTests" name="UpdateFrameworkElementsOverlay_WithChangedFollowDigitalZoom_ShouldUpdateBothLists" />
    </UnitTest>
    <UnitTest name="AuthenticationExternal_SetProperties_Success" storage="d:\actions-runner\_work\xpco\xpco\allsolutions\..\common\sc_commonfiles\zsc_commonfiles_unittest\bin\debug\net6.0-windows\zsc_commonfiles_unittest.dll" id="2cd364b1-6937-7083-5f7e-1dd1eac47cf1">
      <TestCategory>
        <TestCategoryItem TestCategory="AuthenticationInfoTests" />
      </TestCategory>
      <Execution id="c7e33dc6-2f55-4ae5-b695-c8d81a481d2c" />
      <TestMethod codeBase="D:\actions-runner\_work\XPCO\XPCO\AllSolutions\..\Common\SC_CommonFiles\zSC_CommonFiles_UnitTest\bin\Debug\net6.0-windows\zSC_CommonFiles_UnitTest.dll" adapterTypeName="executor://mstestadapter/v2" className="zSC_CommonFiles_UnitTest.VideoOS.Common.Login.AuthenticationInfoTests" name="AuthenticationExternal_SetProperties_Success" />
    </UnitTest>
    <UnitTest name="TileStateBecomesDefinedAsSoonAsOneCounterStateBecomesDefined" storage="d:\actions-runner\_work\xpco\xpco\allsolutions\..\common\sc_commonfiles\zsc_commonfiles_unittest\bin\debug\net6.0-windows\zsc_commonfiles_unittest.dll" id="e1c70711-e4bc-fec3-f088-e58c3b0e3088">
      <Execution id="ba3decfb-4045-4543-a7a2-a7dfec1fa3a6" />
      <TestMethod codeBase="D:\actions-runner\_work\XPCO\XPCO\AllSolutions\..\Common\SC_CommonFiles\zSC_CommonFiles_UnitTest\bin\Debug\net6.0-windows\zSC_CommonFiles_UnitTest.dll" adapterTypeName="executor://mstestadapter/v2" className="zSC_CommonFiles_UnitTest.DashboardTilesTests" name="TileStateBecomesDefinedAsSoonAsOneCounterStateBecomesDefined" />
    </UnitTest>
    <UnitTest name="TooltipServiceWarning_Failover_Combined" storage="d:\actions-runner\_work\xpco\xpco\allsolutions\..\common\sc_commonfiles\zsc_commonfiles_unittest\bin\debug\net6.0-windows\zsc_commonfiles_unittest.dll" id="f5cf44f1-55f9-84ba-0c1d-f402f9b081e8">
      <Execution id="a4e72420-2d90-4529-a7b6-1b742c795b2d" />
      <TestMethod codeBase="D:\actions-runner\_work\XPCO\XPCO\AllSolutions\..\Common\SC_CommonFiles\zSC_CommonFiles_UnitTest\bin\Debug\net6.0-windows\zSC_CommonFiles_UnitTest.dll" adapterTypeName="executor://mstestadapter/v2" className="zSC_CommonFiles_UnitTest.VideoOS.UI.Common.WPF.Dashboard.Types.ServerTest" name="TooltipServiceWarning_Failover_Combined" />
    </UnitTest>
    <UnitTest name="Convert_RespectMaxValue_Success" storage="d:\actions-runner\_work\xpco\xpco\allsolutions\..\common\sc_commonfiles\zsc_commonfiles_unittest\bin\debug\net6.0-windows\zsc_commonfiles_unittest.dll" id="067f6aa9-8e9c-3bdb-54dc-59497bccef18">
      <TestCategory>
        <TestCategoryItem TestCategory="Converters" />
      </TestCategory>
      <Execution id="1cfd359c-1200-47e8-9728-cf88b13ad179" />
      <TestMethod codeBase="D:\actions-runner\_work\XPCO\XPCO\AllSolutions\..\Common\SC_CommonFiles\zSC_CommonFiles_UnitTest\bin\Debug\net6.0-windows\zSC_CommonFiles_UnitTest.dll" adapterTypeName="executor://mstestadapter/v2" className="VideoOS.UI.Common.WPF.Utils.Converters.OffsetConverterTests" name="Convert_RespectMaxValue_Success" />
    </UnitTest>
    <UnitTest name="Constructor_ShouldCreateTreeOfMixedDepth_WhenUnitsHaveDifferentNumberOfAncestors" storage="d:\actions-runner\_work\xpco\xpco\allsolutions\..\common\sc_commonfiles\zsc_commonfiles_unittest\bin\debug\net6.0-windows\zsc_commonfiles_unittest.dll" id="2dbf24a9-29c5-3ef0-69a0-687ac45d4c86">
      <Execution id="a9d73807-7a19-4689-8c55-8e01d8f9d1a4" />
      <TestMethod codeBase="D:\actions-runner\_work\XPCO\XPCO\AllSolutions\..\Common\SC_CommonFiles\zSC_CommonFiles_UnitTest\bin\Debug\net6.0-windows\zSC_CommonFiles_UnitTest.dll" adapterTypeName="executor://mstestadapter/v2" className="SmartClient_UnitTest_VideoOS_UI_Common_WPF_FilterTree.FilterTreeUserControlViewModelTest" name="Constructor_ShouldCreateTreeOfMixedDepth_WhenUnitsHaveDifferentNumberOfAncestors" />
    </UnitTest>
    <UnitTest name="SelectManyOrdered" storage="d:\actions-runner\_work\xpco\xpco\allsolutions\..\common\sc_commonfiles\zsc_commonfiles_unittest\bin\debug\net6.0-windows\zsc_commonfiles_unittest.dll" id="9bbc1906-5daa-9c01-5fbd-04abcb77a4b4">
      <Execution id="969405f8-aa7f-4cca-a489-500b6451d99c" />
      <TestMethod codeBase="D:\actions-runner\_work\XPCO\XPCO\AllSolutions\..\Common\SC_CommonFiles\zSC_CommonFiles_UnitTest\bin\Debug\net6.0-windows\zSC_CommonFiles_UnitTest.dll" adapterTypeName="executor://mstestadapter/v2" className="zSC_CommonFiles_UnitTest.VideoOS.UI.Common.WPF.Utils.ExtensionMethods.IEnumerableExtensionTests" name="SelectManyOrdered" />
    </UnitTest>
    <UnitTest name="OnPreviewKeyDown_LeftCtrl_A_UnselectAll_Success" storage="d:\actions-runner\_work\xpco\xpco\allsolutions\..\common\sc_commonfiles\zsc_commonfiles_unittest\bin\debug\net6.0-windows\zsc_commonfiles_unittest.dll" id="732023ed-2a84-ce2e-e7c1-285eeae1c920">
      <TestCategory>
        <TestCategoryItem TestCategory="SC_CommonFiles.WPF.TileLayout" />
      </TestCategory>
      <Execution id="3d5a0297-d044-4161-ab4b-155c616c4912" />
      <TestMethod codeBase="D:\actions-runner\_work\XPCO\XPCO\AllSolutions\..\Common\SC_CommonFiles\zSC_CommonFiles_UnitTest\bin\Debug\net6.0-windows\zSC_CommonFiles_UnitTest.dll" adapterTypeName="executor://mstestadapter/v2" className="zSC_CommonFiles_UnitTest.VideoOS.UI.Common.WPF.TileLayout.TileLayoutTest" name="OnPreviewKeyDown_LeftCtrl_A_UnselectAll_Success" />
    </UnitTest>
    <UnitTest name="UpTileThrowsIfTileNotInBox" storage="d:\actions-runner\_work\xpco\xpco\allsolutions\..\common\sc_commonfiles\zsc_commonfiles_unittest\bin\debug\net6.0-windows\zsc_commonfiles_unittest.dll" id="db261fbf-eb7c-9161-ff1c-532a3db0f6a5">
      <Execution id="0cb28233-3d47-435c-a935-8089ff70980e" />
      <TestMethod codeBase="D:\actions-runner\_work\XPCO\XPCO\AllSolutions\..\Common\SC_CommonFiles\zSC_CommonFiles_UnitTest\bin\Debug\net6.0-windows\zSC_CommonFiles_UnitTest.dll" adapterTypeName="executor://mstestadapter/v2" className="zSC_CommonFiles_UnitTest.DashboardTilesTests" name="UpTileThrowsIfTileNotInBox" />
    </UnitTest>
    <UnitTest name="ShowToast_Success" storage="d:\actions-runner\_work\xpco\xpco\allsolutions\..\common\sc_commonfiles\zsc_commonfiles_unittest\bin\debug\net6.0-windows\zsc_commonfiles_unittest.dll" id="5a36dc19-91e6-2110-bdf3-d2f7bfc377f6">
      <TestCategory>
        <TestCategoryItem TestCategory="Toasts" />
      </TestCategory>
      <Execution id="f051d91f-68b9-4d89-b875-cf9e4a065a39" />
      <TestMethod codeBase="D:\actions-runner\_work\XPCO\XPCO\AllSolutions\..\Common\SC_CommonFiles\zSC_CommonFiles_UnitTest\bin\Debug\net6.0-windows\zSC_CommonFiles_UnitTest.dll" adapterTypeName="executor://mstestadapter/v2" className="zSC_CommonFiles_UnitTest.VideoOS.UI.Common.WPF.Toast.ToastsViewModelTests" name="ShowToast_Success" />
    </UnitTest>
    <UnitTest name="TickFrequenceChange_Success" storage="d:\actions-runner\_work\xpco\xpco\allsolutions\..\common\sc_commonfiles\zsc_commonfiles_unittest\bin\debug\net6.0-windows\zsc_commonfiles_unittest.dll" id="76bac099-ab90-0ad5-557d-efa1c929ace3">
      <TestCategory>
        <TestCategoryItem TestCategory="RangeSelector" />
      </TestCategory>
      <Execution id="b04f8524-25e0-4346-afbc-64ac5bb4a596" />
      <TestMethod codeBase="D:\actions-runner\_work\XPCO\XPCO\AllSolutions\..\Common\SC_CommonFiles\zSC_CommonFiles_UnitTest\bin\Debug\net6.0-windows\zSC_CommonFiles_UnitTest.dll" adapterTypeName="executor://mstestadapter/v2" className="VideoOS.UI.Common.WPF.RangeSelector.RangeSelectorTest" name="TickFrequenceChange_Success" />
    </UnitTest>
    <UnitTest name="ToastOnToastRemoved_ToastRemoved_Success" storage="d:\actions-runner\_work\xpco\xpco\allsolutions\..\common\sc_commonfiles\zsc_commonfiles_unittest\bin\debug\net6.0-windows\zsc_commonfiles_unittest.dll" id="3310872c-02b1-3a9f-d890-3c3dc06b553c">
      <TestCategory>
        <TestCategoryItem TestCategory="Toasts" />
      </TestCategory>
      <Execution id="03d239a0-3d8b-4d1b-b13d-a2b7dd25dd20" />
      <TestMethod codeBase="D:\actions-runner\_work\XPCO\XPCO\AllSolutions\..\Common\SC_CommonFiles\zSC_CommonFiles_UnitTest\bin\Debug\net6.0-windows\zSC_CommonFiles_UnitTest.dll" adapterTypeName="executor://mstestadapter/v2" className="VideoOS.UI.Common.WPF.Toast.ToastManagerTests" name="ToastOnToastRemoved_ToastRemoved_Success" />
    </UnitTest>
    <UnitTest name="FormsControlScaleValue_150Percent_Scaling" storage="d:\actions-runner\_work\xpco\xpco\allsolutions\..\common\sc_commonfiles\zsc_commonfiles_unittest\bin\debug\net6.0-windows\zsc_commonfiles_unittest.dll" id="34b2f47b-480a-22d6-69fb-dc7eedfd64fd">
      <Execution id="97bb62e4-7058-4e6c-96f5-baa5677d7a0a" />
      <TestMethod codeBase="D:\actions-runner\_work\XPCO\XPCO\AllSolutions\..\Common\SC_CommonFiles\zSC_CommonFiles_UnitTest\bin\Debug\net6.0-windows\zSC_CommonFiles_UnitTest.dll" adapterTypeName="executor://mstestadapter/v2" className="zSC_CommonFiles_UnitTest.VideoOS.UI.Common.WPF.Utils.ExtensionMethods.WindowExtensionsTests" name="FormsControlScaleValue_150Percent_Scaling" />
    </UnitTest>
    <UnitTest name="GetStates_SessionStarted_NoStates" storage="d:\actions-runner\_work\xpco\xpco\allsolutions\..\common\sc_commonfiles\zsc_commonfiles_unittest\bin\debug\net6.0-windows\zsc_commonfiles_unittest.dll" id="4c169ed1-2ceb-3ce5-de75-44f39814124d">
      <Execution id="6e2af08d-b26d-4b20-882b-e6ab8cfa688e" />
      <TestMethod codeBase="D:\actions-runner\_work\XPCO\XPCO\AllSolutions\..\Common\SC_CommonFiles\zSC_CommonFiles_UnitTest\bin\Debug\net6.0-windows\zSC_CommonFiles_UnitTest.dll" adapterTypeName="executor://mstestadapter/v2" className="zSC_CommonFiles_UnitTest.VideoOS.Common.State.StateManagerTests" name="GetStates_SessionStarted_NoStates" />
    </UnitTest>
    <UnitTest name="TileLayout_Selected_BorderBrushUpdated" storage="d:\actions-runner\_work\xpco\xpco\allsolutions\..\common\sc_commonfiles\zsc_commonfiles_unittest\bin\debug\net6.0-windows\zsc_commonfiles_unittest.dll" id="af38776a-6751-f268-5d04-8090b4d28593">
      <TestCategory>
        <TestCategoryItem TestCategory="SC_CommonFiles.WPF.TileLayout" />
      </TestCategory>
      <Execution id="0d9588de-d1f2-4985-804a-3d151ff636fd" />
      <TestMethod codeBase="D:\actions-runner\_work\XPCO\XPCO\AllSolutions\..\Common\SC_CommonFiles\zSC_CommonFiles_UnitTest\bin\Debug\net6.0-windows\zSC_CommonFiles_UnitTest.dll" adapterTypeName="executor://mstestadapter/v2" className="zSC_CommonFiles_UnitTest.VideoOS.UI.Common.WPF.TileLayout.ItemHolderTest" name="TileLayout_Selected_BorderBrushUpdated" />
    </UnitTest>
    <UnitTest name="Constructor_ShouldCreateTreeOfDepth3_WhenUnitsHaveGrandparentButIncludeIsEnabled" storage="d:\actions-runner\_work\xpco\xpco\allsolutions\..\common\sc_commonfiles\zsc_commonfiles_unittest\bin\debug\net6.0-windows\zsc_commonfiles_unittest.dll" id="54f6e699-b3d1-75b1-4814-37e5fcfee1a3">
      <Execution id="7107c681-207b-4e3f-926b-5d70f28edd19" />
      <TestMethod codeBase="D:\actions-runner\_work\XPCO\XPCO\AllSolutions\..\Common\SC_CommonFiles\zSC_CommonFiles_UnitTest\bin\Debug\net6.0-windows\zSC_CommonFiles_UnitTest.dll" adapterTypeName="executor://mstestadapter/v2" className="SmartClient_UnitTest_VideoOS_UI_Common_WPF_FilterTree.FilterTreeUserControlViewModelTest" name="Constructor_ShouldCreateTreeOfDepth3_WhenUnitsHaveGrandparentButIncludeIsEnabled" />
    </UnitTest>
    <UnitTest name="AllowUnsecureConnection_ShouldBeFalse_WhenAllowUnsecureIsInvalid" storage="d:\actions-runner\_work\xpco\xpco\allsolutions\..\common\sc_commonfiles\zsc_commonfiles_unittest\bin\debug\net6.0-windows\zsc_commonfiles_unittest.dll" id="2f93e454-b30c-a78b-d137-5d738935ef23">
      <Execution id="04f30a38-12f8-4d85-b52d-936cc94dca11" />
      <TestMethod codeBase="D:\actions-runner\_work\XPCO\XPCO\AllSolutions\..\Common\SC_CommonFiles\zSC_CommonFiles_UnitTest\bin\Debug\net6.0-windows\zSC_CommonFiles_UnitTest.dll" adapterTypeName="executor://mstestadapter/v2" className="zSC_CommonFiles_UnitTest.VideoOS.Common.Login.UIConnectionInfoTests" name="AllowUnsecureConnection_ShouldBeFalse_WhenAllowUnsecureIsInvalid" />
    </UnitTest>
    <UnitTest name="OnPreviewKeyDown_RightShift_Click_Select_Success" storage="d:\actions-runner\_work\xpco\xpco\allsolutions\..\common\sc_commonfiles\zsc_commonfiles_unittest\bin\debug\net6.0-windows\zsc_commonfiles_unittest.dll" id="1c24a4c8-79d9-1a7e-b3df-8a6211e695a8">
      <TestCategory>
        <TestCategoryItem TestCategory="SC_CommonFiles.WPF.TileLayout" />
      </TestCategory>
      <Execution id="c20364b3-629f-4d96-b583-eff60d47bb68" />
      <TestMethod codeBase="D:\actions-runner\_work\XPCO\XPCO\AllSolutions\..\Common\SC_CommonFiles\zSC_CommonFiles_UnitTest\bin\Debug\net6.0-windows\zSC_CommonFiles_UnitTest.dll" adapterTypeName="executor://mstestadapter/v2" className="zSC_CommonFiles_UnitTest.VideoOS.UI.Common.WPF.TileLayout.TileLayoutTest" name="OnPreviewKeyDown_RightShift_Click_Select_Success" />
    </UnitTest>
    <UnitTest name="TooltipServiceWarning_Failover_SSLError" storage="d:\actions-runner\_work\xpco\xpco\allsolutions\..\common\sc_commonfiles\zsc_commonfiles_unittest\bin\debug\net6.0-windows\zsc_commonfiles_unittest.dll" id="4f94cd28-33c0-a9f8-eb7e-0b5388f1fdc5">
      <Execution id="79b39965-d63a-41ec-af24-4684bcc43521" />
      <TestMethod codeBase="D:\actions-runner\_work\XPCO\XPCO\AllSolutions\..\Common\SC_CommonFiles\zSC_CommonFiles_UnitTest\bin\Debug\net6.0-windows\zSC_CommonFiles_UnitTest.dll" adapterTypeName="executor://mstestadapter/v2" className="zSC_CommonFiles_UnitTest.VideoOS.UI.Common.WPF.Dashboard.Types.ServerTest" name="TooltipServiceWarning_Failover_SSLError" />
    </UnitTest>
    <UnitTest name="Constructor_StateService_ArgumentNull_Thrown" storage="d:\actions-runner\_work\xpco\xpco\allsolutions\..\common\sc_commonfiles\zsc_commonfiles_unittest\bin\debug\net6.0-windows\zsc_commonfiles_unittest.dll" id="2e5f6fa9-36cf-588f-e363-93c7c6e15067">
      <Execution id="3451c4cd-9cd1-437b-954c-36f79ee9f4a2" />
      <TestMethod codeBase="D:\actions-runner\_work\XPCO\XPCO\AllSolutions\..\Common\SC_CommonFiles\zSC_CommonFiles_UnitTest\bin\Debug\net6.0-windows\zSC_CommonFiles_UnitTest.dll" adapterTypeName="executor://mstestadapter/v2" className="zSC_CommonFiles_UnitTest.VideoOS.Common.State.StateManagerTests" name="Constructor_StateService_ArgumentNull_Thrown" />
    </UnitTest>
    <UnitTest name="GetStates_SessionStarted_WithStates" storage="d:\actions-runner\_work\xpco\xpco\allsolutions\..\common\sc_commonfiles\zsc_commonfiles_unittest\bin\debug\net6.0-windows\zsc_commonfiles_unittest.dll" id="8d3a13e4-7529-dcc7-acab-a47c8e85a381">
      <Execution id="aebb5b57-9bbe-41b0-8605-5fd9e180a234" />
      <TestMethod codeBase="D:\actions-runner\_work\XPCO\XPCO\AllSolutions\..\Common\SC_CommonFiles\zSC_CommonFiles_UnitTest\bin\Debug\net6.0-windows\zSC_CommonFiles_UnitTest.dll" adapterTypeName="executor://mstestadapter/v2" className="zSC_CommonFiles_UnitTest.VideoOS.Common.State.StateManagerTests" name="GetStates_SessionStarted_WithStates" />
    </UnitTest>
    <UnitTest name="Finds_Simple_Rule" storage="d:\actions-runner\_work\xpco\xpco\allsolutions\..\common\sc_commonfiles\zsc_commonfiles_unittest\bin\debug\net6.0-windows\zsc_commonfiles_unittest.dll" id="d78b0152-cc1a-328b-d637-c02c8df9200a">
      <Execution id="6f5d82e7-a665-460c-a440-75f0ea2715ce" />
      <TestMethod codeBase="D:\actions-runner\_work\XPCO\XPCO\AllSolutions\..\Common\SC_CommonFiles\zSC_CommonFiles_UnitTest\bin\Debug\net6.0-windows\zSC_CommonFiles_UnitTest.dll" adapterTypeName="executor://mstestadapter/v2" className="zSC_CommonFiles_UnitTest.VideoOS.UI.Common.WPF.Utils.MvvmHelpers.ViewLocatorTest" name="Finds_Simple_Rule" />
    </UnitTest>
    <UnitTest name="Constructor_ShouldForwardSlides_WhenMoreThanZero" storage="d:\actions-runner\_work\xpco\xpco\allsolutions\..\common\sc_commonfiles\zsc_commonfiles_unittest\bin\debug\net6.0-windows\zsc_commonfiles_unittest.dll" id="c196c0e0-1845-801a-d6ce-5a2a7861546a">
      <Execution id="f22883d1-78d0-4dc2-baf8-86bf46782fd2" />
      <TestMethod codeBase="D:\actions-runner\_work\XPCO\XPCO\AllSolutions\..\Common\SC_CommonFiles\zSC_CommonFiles_UnitTest\bin\Debug\net6.0-windows\zSC_CommonFiles_UnitTest.dll" adapterTypeName="executor://mstestadapter/v2" className="zSC_CommonFiles_UnitTest.VideoOS.UI.Common.WPF.VideoText.VideoTextWindowViewModelTests" name="Constructor_ShouldForwardSlides_WhenMoreThanZero" />
    </UnitTest>
    <UnitTest name="DeleteTileDeletesIfTileIsInListBox" storage="d:\actions-runner\_work\xpco\xpco\allsolutions\..\common\sc_commonfiles\zsc_commonfiles_unittest\bin\debug\net6.0-windows\zsc_commonfiles_unittest.dll" id="6993f887-a58d-8b2d-0d37-9a2f5f848573">
      <Execution id="7836f21c-2319-47dd-a9dc-9e0a7ff1a01b" />
      <TestMethod codeBase="D:\actions-runner\_work\XPCO\XPCO\AllSolutions\..\Common\SC_CommonFiles\zSC_CommonFiles_UnitTest\bin\Debug\net6.0-windows\zSC_CommonFiles_UnitTest.dll" adapterTypeName="executor://mstestadapter/v2" className="zSC_CommonFiles_UnitTest.DashboardTilesTests" name="DeleteTileDeletesIfTileIsInListBox" />
    </UnitTest>
    <UnitTest name="TryCreateUri_ShouldReturnValidUri_WhenInputIsRelativeUri" storage="d:\actions-runner\_work\xpco\xpco\allsolutions\..\common\sc_commonfiles\zsc_commonfiles_unittest\bin\debug\net6.0-windows\zsc_commonfiles_unittest.dll" id="8f9aaf67-4846-3c14-9893-fd9a67976dbd">
      <Execution id="c5190b6e-890f-40e6-980d-c17e7775224c" />
      <TestMethod codeBase="D:\actions-runner\_work\XPCO\XPCO\AllSolutions\..\Common\SC_CommonFiles\zSC_CommonFiles_UnitTest\bin\Debug\net6.0-windows\zSC_CommonFiles_UnitTest.dll" adapterTypeName="executor://mstestadapter/v2" className="zSC_CommonFiles_UnitTest.VideoOS.UI.Common.WPF.Utils.ExtensionMethods.StringExtensionsTests" name="TryCreateUri_ShouldReturnValidUri_WhenInputIsRelativeUri" />
    </UnitTest>
    <UnitTest name="Constructor_StateService_ArgumentNull_Thrown" storage="d:\actions-runner\_work\xpco\xpco\allsolutions\..\common\sc_commonfiles\zsc_commonfiles_unittest\bin\debug\net6.0-windows\zsc_commonfiles_unittest.dll" id="bb65ea30-4ccc-91b1-efbb-715f93a6d534">
      <Execution id="e80d9f01-7d53-4670-aa6b-febba8d41357" />
      <TestMethod codeBase="D:\actions-runner\_work\XPCO\XPCO\AllSolutions\..\Common\SC_CommonFiles\zSC_CommonFiles_UnitTest\bin\Debug\net6.0-windows\zSC_CommonFiles_UnitTest.dll" adapterTypeName="executor://mstestadapter/v2" className="zSC_CommonFiles_UnitTest.VideoOS.Common.State.CameraStateManagerTests" name="Constructor_StateService_ArgumentNull_Thrown" />
    </UnitTest>
    <UnitTest name="Convert_MultiValueConverter_NotANumber_Throws" storage="d:\actions-runner\_work\xpco\xpco\allsolutions\..\common\sc_commonfiles\zsc_commonfiles_unittest\bin\debug\net6.0-windows\zsc_commonfiles_unittest.dll" id="ca1a74cf-f42b-b5b7-8415-1bec1e2927e4">
      <Execution id="67df5ab2-c8b2-486e-81f1-52178efe30d2" />
      <TestMethod codeBase="D:\actions-runner\_work\XPCO\XPCO\AllSolutions\..\Common\SC_CommonFiles\zSC_CommonFiles_UnitTest\bin\Debug\net6.0-windows\zSC_CommonFiles_UnitTest.dll" adapterTypeName="executor://mstestadapter/v2" className="zSC_CommonFiles_UnitTest.VideoOS.UI.Common.WPF.Utils.Converters.MaxWidthConverterTests" name="Convert_MultiValueConverter_NotANumber_Throws" />
    </UnitTest>
    <UnitTest name="Convert_NotDoubleParameter_ReturnsUnsetValue" storage="d:\actions-runner\_work\xpco\xpco\allsolutions\..\common\sc_commonfiles\zsc_commonfiles_unittest\bin\debug\net6.0-windows\zsc_commonfiles_unittest.dll" id="ba582828-87c0-f796-0108-b7c57cda86c7">
      <TestCategory>
        <TestCategoryItem TestCategory="Converters" />
      </TestCategory>
      <Execution id="966dc391-7421-40ac-9a08-10df3c3f6973" />
      <TestMethod codeBase="D:\actions-runner\_work\XPCO\XPCO\AllSolutions\..\Common\SC_CommonFiles\zSC_CommonFiles_UnitTest\bin\Debug\net6.0-windows\zSC_CommonFiles_UnitTest.dll" adapterTypeName="executor://mstestadapter/v2" className="VideoOS.UI.Common.WPF.Utils.Converters.OffsetConverterTests" name="Convert_NotDoubleParameter_ReturnsUnsetValue" />
    </UnitTest>
    <UnitTest name="GetBoolValueOrDefault_KeyNotFound_DefaultValueReturned" storage="d:\actions-runner\_work\xpco\xpco\allsolutions\..\common\sc_commonfiles\zsc_commonfiles_unittest\bin\debug\net6.0-windows\zsc_commonfiles_unittest.dll" id="4fee98d5-de39-1ee6-cb6e-aeb30d9e4547">
      <Execution id="8702f233-c6ac-44f3-b28f-e79da6b9f0c3" />
      <TestMethod codeBase="D:\actions-runner\_work\XPCO\XPCO\AllSolutions\..\Common\SC_CommonFiles\zSC_CommonFiles_UnitTest\bin\Debug\net6.0-windows\zSC_CommonFiles_UnitTest.dll" adapterTypeName="executor://mstestadapter/v2" className="zSC_CommonFiles_UnitTest.VideoOS.Common.Configuration.NameValueCollectionExtensionsTest" name="GetBoolValueOrDefault_KeyNotFound_DefaultValueReturned" />
    </UnitTest>
    <UnitTest name="Constructor_OAuth_TokenCache_ArgumentNull_Thrown" storage="d:\actions-runner\_work\xpco\xpco\allsolutions\..\common\sc_commonfiles\zsc_commonfiles_unittest\bin\debug\net6.0-windows\zsc_commonfiles_unittest.dll" id="55857ea6-972d-1faa-f735-21722cd852ac">
      <Execution id="884366aa-cd49-4fcc-b7c9-4ab75e263650" />
      <TestMethod codeBase="D:\actions-runner\_work\XPCO\XPCO\AllSolutions\..\Common\SC_CommonFiles\zSC_CommonFiles_UnitTest\bin\Debug\net6.0-windows\zSC_CommonFiles_UnitTest.dll" adapterTypeName="executor://mstestadapter/v2" className="zSC_CommonFiles_UnitTest.VideoOS.Common.State.StateHandlerTests" name="Constructor_OAuth_TokenCache_ArgumentNull_Thrown" />
    </UnitTest>
    <UnitTest name="ConvertToTileStates_Convert" storage="d:\actions-runner\_work\xpco\xpco\allsolutions\..\common\sc_commonfiles\zsc_commonfiles_unittest\bin\debug\net6.0-windows\zsc_commonfiles_unittest.dll" id="3ff3319a-948e-ff61-1feb-7a7a66592fd5">
      <Execution id="e39f7a98-6c98-44ad-9fe2-fccf43dca054" />
      <TestMethod codeBase="D:\actions-runner\_work\XPCO\XPCO\AllSolutions\..\Common\SC_CommonFiles\zSC_CommonFiles_UnitTest\bin\Debug\net6.0-windows\zSC_CommonFiles_UnitTest.dll" adapterTypeName="executor://mstestadapter/v2" className="zSC_CommonFiles_UnitTest.VideoOS.Common.State.StateManagerTests" name="ConvertToTileStates_Convert" />
    </UnitTest>
    <UnitTest name="Ctor_DurationTimeSpanMax_DoesNotCrash" storage="d:\actions-runner\_work\xpco\xpco\allsolutions\..\common\sc_commonfiles\zsc_commonfiles_unittest\bin\debug\net6.0-windows\zsc_commonfiles_unittest.dll" id="fea21907-a26b-6132-ad20-d11fecd505f7">
      <TestCategory>
        <TestCategoryItem TestCategory="Toasts" />
      </TestCategory>
      <Execution id="1007274f-0159-4a5a-bcb8-d7911d9508b4" />
      <TestMethod codeBase="D:\actions-runner\_work\XPCO\XPCO\AllSolutions\..\Common\SC_CommonFiles\zSC_CommonFiles_UnitTest\bin\Debug\net6.0-windows\zSC_CommonFiles_UnitTest.dll" adapterTypeName="executor://mstestadapter/v2" className="zSC_CommonFiles_UnitTest.VideoOS.UI.Common.WPF.Toast.ToastBaseTests" name="Ctor_DurationTimeSpanMax_DoesNotCrash" />
    </UnitTest>
    <UnitTest name="SingleServerMustReturnDisplayNameAsEntityName" storage="d:\actions-runner\_work\xpco\xpco\allsolutions\..\common\sc_commonfiles\zsc_commonfiles_unittest\bin\debug\net6.0-windows\zsc_commonfiles_unittest.dll" id="5faaddbc-e454-1cad-1ea4-51f228dc32db">
      <Execution id="2041567d-4cc9-497e-b2de-b6a6545b1edc" />
      <TestMethod codeBase="D:\actions-runner\_work\XPCO\XPCO\AllSolutions\..\Common\SC_CommonFiles\zSC_CommonFiles_UnitTest\bin\Debug\net6.0-windows\zSC_CommonFiles_UnitTest.dll" adapterTypeName="executor://mstestadapter/v2" className="zSC_CommonFiles_UnitTest.LocalizationTests" name="SingleServerMustReturnDisplayNameAsEntityName" />
    </UnitTest>
    <UnitTest name="GetStates_SessionStarted_NoStates" storage="d:\actions-runner\_work\xpco\xpco\allsolutions\..\common\sc_commonfiles\zsc_commonfiles_unittest\bin\debug\net6.0-windows\zsc_commonfiles_unittest.dll" id="322678fe-2d0e-03ee-cda0-d8553512610f">
      <Execution id="fdc4472a-ffc5-41c0-872b-a99afa53ef0b" />
      <TestMethod codeBase="D:\actions-runner\_work\XPCO\XPCO\AllSolutions\..\Common\SC_CommonFiles\zSC_CommonFiles_UnitTest\bin\Debug\net6.0-windows\zSC_CommonFiles_UnitTest.dll" adapterTypeName="executor://mstestadapter/v2" className="zSC_CommonFiles_UnitTest.VideoOS.Common.State.CameraStateManagerTests" name="GetStates_SessionStarted_NoStates" />
    </UnitTest>
    <UnitTest name="SingleCameraGroupMustSetDisplayNameDeletedCameraTextIfItDoesNotExist" storage="d:\actions-runner\_work\xpco\xpco\allsolutions\..\common\sc_commonfiles\zsc_commonfiles_unittest\bin\debug\net6.0-windows\zsc_commonfiles_unittest.dll" id="62c465a4-ad44-3be7-a78e-7e91064f29e0">
      <Execution id="2c1d48de-8527-4c8a-9dec-9c40b45ed2df" />
      <TestMethod codeBase="D:\actions-runner\_work\XPCO\XPCO\AllSolutions\..\Common\SC_CommonFiles\zSC_CommonFiles_UnitTest\bin\Debug\net6.0-windows\zSC_CommonFiles_UnitTest.dll" adapterTypeName="executor://mstestadapter/v2" className="zSC_CommonFiles_UnitTest.LocalizationTests" name="SingleCameraGroupMustSetDisplayNameDeletedCameraTextIfItDoesNotExist" />
    </UnitTest>
    <UnitTest name="LoaderCalledWhenDataIsNotInCacheTest" storage="d:\actions-runner\_work\xpco\xpco\allsolutions\..\common\sc_commonfiles\zsc_commonfiles_unittest\bin\debug\net6.0-windows\zsc_commonfiles_unittest.dll" id="e7ac6111-62b8-1737-1b08-b5a95b8c801f">
      <Execution id="1c0acfe6-1a36-4e62-9ec6-fab175f390f7" />
      <TestMethod codeBase="D:\actions-runner\_work\XPCO\XPCO\AllSolutions\..\Common\SC_CommonFiles\zSC_CommonFiles_UnitTest\bin\Debug\net6.0-windows\zSC_CommonFiles_UnitTest.dll" adapterTypeName="executor://mstestadapter/v2" className="SC_CommonFiles_UnitTest_VideoOS_UI_Common_Data_SequenceRetriever.ThumbFetcherTest" name="LoaderCalledWhenDataIsNotInCacheTest" />
    </UnitTest>
    <UnitTest name="ItemHolderSelectedToggleButton_CheckedChanged" storage="d:\actions-runner\_work\xpco\xpco\allsolutions\..\common\sc_commonfiles\zsc_commonfiles_unittest\bin\debug\net6.0-windows\zsc_commonfiles_unittest.dll" id="6149a481-7ba1-ce8d-da96-1adf4aeb4783">
      <TestCategory>
        <TestCategoryItem TestCategory="SC_CommonFiles.WPF.TileLayout" />
      </TestCategory>
      <Execution id="5f8235d3-775f-4ce0-a796-12e598dd1732" />
      <TestMethod codeBase="D:\actions-runner\_work\XPCO\XPCO\AllSolutions\..\Common\SC_CommonFiles\zSC_CommonFiles_UnitTest\bin\Debug\net6.0-windows\zSC_CommonFiles_UnitTest.dll" adapterTypeName="executor://mstestadapter/v2" className="zSC_CommonFiles_UnitTest.VideoOS.UI.Common.WPF.TileLayout.ItemHolderTest" name="ItemHolderSelectedToggleButton_CheckedChanged" />
    </UnitTest>
    <UnitTest name="Finds_Rule_With_Context" storage="d:\actions-runner\_work\xpco\xpco\allsolutions\..\common\sc_commonfiles\zsc_commonfiles_unittest\bin\debug\net6.0-windows\zsc_commonfiles_unittest.dll" id="a0254ac5-3cdd-5371-614b-9e5a2dd1e775">
      <Execution id="a5ed710a-36c3-4eae-b091-8d25f8544bb2" />
      <TestMethod codeBase="D:\actions-runner\_work\XPCO\XPCO\AllSolutions\..\Common\SC_CommonFiles\zSC_CommonFiles_UnitTest\bin\Debug\net6.0-windows\zSC_CommonFiles_UnitTest.dll" adapterTypeName="executor://mstestadapter/v2" className="zSC_CommonFiles_UnitTest.VideoOS.UI.Common.WPF.Utils.MvvmHelpers.ViewLocatorTest" name="Finds_Rule_With_Context" />
    </UnitTest>
    <UnitTest name="DetermineScaledWindowLocationAndSize_CenterScreen_150Percent_Scaling" storage="d:\actions-runner\_work\xpco\xpco\allsolutions\..\common\sc_commonfiles\zsc_commonfiles_unittest\bin\debug\net6.0-windows\zsc_commonfiles_unittest.dll" id="d8e63543-1f0c-4f29-79c8-6459f1072b63">
      <Execution id="324dff04-2eb2-4855-8625-56d723f22f9b" />
      <TestMethod codeBase="D:\actions-runner\_work\XPCO\XPCO\AllSolutions\..\Common\SC_CommonFiles\zSC_CommonFiles_UnitTest\bin\Debug\net6.0-windows\zSC_CommonFiles_UnitTest.dll" adapterTypeName="executor://mstestadapter/v2" className="zSC_CommonFiles_UnitTest.VideoOS.UI.Common.WPF.Utils.ExtensionMethods.WindowExtensionsTests" name="DetermineScaledWindowLocationAndSize_CenterScreen_150Percent_Scaling" />
    </UnitTest>
    <UnitTest name="DragRangeMin_NotifyInvoked_Success" storage="d:\actions-runner\_work\xpco\xpco\allsolutions\..\common\sc_commonfiles\zsc_commonfiles_unittest\bin\debug\net6.0-windows\zsc_commonfiles_unittest.dll" id="800a71d5-fd75-b55e-d8d0-21c57915ee72">
      <TestCategory>
        <TestCategoryItem TestCategory="RangeSelector" />
      </TestCategory>
      <Execution id="9e4cacea-875b-4902-99b3-c3f15071cbfd" />
      <TestMethod codeBase="D:\actions-runner\_work\XPCO\XPCO\AllSolutions\..\Common\SC_CommonFiles\zSC_CommonFiles_UnitTest\bin\Debug\net6.0-windows\zSC_CommonFiles_UnitTest.dll" adapterTypeName="executor://mstestadapter/v2" className="VideoOS.UI.Common.WPF.RangeSelector.RangeSelectorTest" name="DragRangeMin_NotifyInvoked_Success" />
    </UnitTest>
    <UnitTest name="SequenceEquals_EqualCollections_RespectOrder_SymmetricalTrueResult" storage="d:\actions-runner\_work\xpco\xpco\allsolutions\..\common\sc_commonfiles\zsc_commonfiles_unittest\bin\debug\net6.0-windows\zsc_commonfiles_unittest.dll" id="70585a7d-e8bb-2ea7-4d4d-a7d89c0cc001">
      <Execution id="20f53921-46bd-4fc7-9156-4ea10ca13045" />
      <TestMethod codeBase="D:\actions-runner\_work\XPCO\XPCO\AllSolutions\..\Common\SC_CommonFiles\zSC_CommonFiles_UnitTest\bin\Debug\net6.0-windows\zSC_CommonFiles_UnitTest.dll" adapterTypeName="executor://mstestadapter/v2" className="zSC_CommonFiles_UnitTest.VideoOS.UI.Common.WPF.Utils.ObservableCollectionExtensionTest" name="SequenceEquals_EqualCollections_RespectOrder_SymmetricalTrueResult" />
    </UnitTest>
    <UnitTest name="ItemHolder_MouseDoubleClick_Success" storage="d:\actions-runner\_work\xpco\xpco\allsolutions\..\common\sc_commonfiles\zsc_commonfiles_unittest\bin\debug\net6.0-windows\zsc_commonfiles_unittest.dll" id="27329ac4-220b-b901-238d-32a5c22c05d2">
      <TestCategory>
        <TestCategoryItem TestCategory="SC_CommonFiles.WPF.TileLayout" />
      </TestCategory>
      <Execution id="a890fd7f-5c92-49c3-a071-625f07f8aec3" />
      <TestMethod codeBase="D:\actions-runner\_work\XPCO\XPCO\AllSolutions\..\Common\SC_CommonFiles\zSC_CommonFiles_UnitTest\bin\Debug\net6.0-windows\zSC_CommonFiles_UnitTest.dll" adapterTypeName="executor://mstestadapter/v2" className="zSC_CommonFiles_UnitTest.VideoOS.UI.Common.WPF.TileLayout.TileLayoutTest" name="ItemHolder_MouseDoubleClick_Success" />
    </UnitTest>
    <UnitTest name="ArrangeOverride_1child_EnoughSpace_NotShrunk" storage="d:\actions-runner\_work\xpco\xpco\allsolutions\..\common\sc_commonfiles\zsc_commonfiles_unittest\bin\debug\net6.0-windows\zsc_commonfiles_unittest.dll" id="5901b859-8c35-d7a1-4b20-7aa832e2b2ac">
      <TestCategory>
        <TestCategoryItem TestCategory="Controls" />
      </TestCategory>
      <Execution id="43d1fa5d-f0c7-49f3-a4a5-2f424337c865" />
      <TestMethod codeBase="D:\actions-runner\_work\XPCO\XPCO\AllSolutions\..\Common\SC_CommonFiles\zSC_CommonFiles_UnitTest\bin\Debug\net6.0-windows\zSC_CommonFiles_UnitTest.dll" adapterTypeName="executor://mstestadapter/v2" className="VideoOS.UI.Common.WPF.Controls.HorizontalPanelTests" name="ArrangeOverride_1child_EnoughSpace_NotShrunk" />
    </UnitTest>
    <UnitTest name="ShowCustomizeWindowReturnsIfNoWritePermission" storage="d:\actions-runner\_work\xpco\xpco\allsolutions\..\common\sc_commonfiles\zsc_commonfiles_unittest\bin\debug\net6.0-windows\zsc_commonfiles_unittest.dll" id="4f4a64cd-6297-dad0-e258-e2bc655c9f25">
      <Execution id="9d5ef550-298f-41f8-9648-c3da1c3e2073" />
      <TestMethod codeBase="D:\actions-runner\_work\XPCO\XPCO\AllSolutions\..\Common\SC_CommonFiles\zSC_CommonFiles_UnitTest\bin\Debug\net6.0-windows\zSC_CommonFiles_UnitTest.dll" adapterTypeName="executor://mstestadapter/v2" className="zSC_CommonFiles_UnitTest.DashboardTilesTests" name="ShowCustomizeWindowReturnsIfNoWritePermission" />
    </UnitTest>
    <UnitTest name="SetUnsecureConnectionAllowedForUser_ShouldAddUser_WhenUserIsEmpty" storage="d:\actions-runner\_work\xpco\xpco\allsolutions\..\common\sc_commonfiles\zsc_commonfiles_unittest\bin\debug\net6.0-windows\zsc_commonfiles_unittest.dll" id="586aa199-8ad2-c267-31e0-7d856afcab20">
      <Execution id="dfb663ce-eb57-4aa0-a8aa-b6a123448c8e" />
      <TestMethod codeBase="D:\actions-runner\_work\XPCO\XPCO\AllSolutions\..\Common\SC_CommonFiles\zSC_CommonFiles_UnitTest\bin\Debug\net6.0-windows\zSC_CommonFiles_UnitTest.dll" adapterTypeName="executor://mstestadapter/v2" className="zSC_CommonFiles_UnitTest.VideoOS.Common.Login.UIConnectionInfoTests" name="SetUnsecureConnectionAllowedForUser_ShouldAddUser_WhenUserIsEmpty" />
    </UnitTest>
    <UnitTest name="OnPreviewKeyDown_Shift_Click_Select_FromGreaterIndexToLowerIndex_Success" storage="d:\actions-runner\_work\xpco\xpco\allsolutions\..\common\sc_commonfiles\zsc_commonfiles_unittest\bin\debug\net6.0-windows\zsc_commonfiles_unittest.dll" id="3b2d2dcf-dfa8-bcce-057a-1c433d9c6c08">
      <TestCategory>
        <TestCategoryItem TestCategory="SC_CommonFiles.WPF.TileLayout" />
      </TestCategory>
      <Execution id="95e16432-bc77-4f02-83a1-70015dfcb242" />
      <TestMethod codeBase="D:\actions-runner\_work\XPCO\XPCO\AllSolutions\..\Common\SC_CommonFiles\zSC_CommonFiles_UnitTest\bin\Debug\net6.0-windows\zSC_CommonFiles_UnitTest.dll" adapterTypeName="executor://mstestadapter/v2" className="zSC_CommonFiles_UnitTest.VideoOS.UI.Common.WPF.TileLayout.TileLayoutTest" name="OnPreviewKeyDown_Shift_Click_Select_FromGreaterIndexToLowerIndex_Success" />
    </UnitTest>
    <UnitTest name="MouseDown_OverLeftRangeBar_RangeMaxUpdated" storage="d:\actions-runner\_work\xpco\xpco\allsolutions\..\common\sc_commonfiles\zsc_commonfiles_unittest\bin\debug\net6.0-windows\zsc_commonfiles_unittest.dll" id="fb8d16f8-d393-a6c5-f7cb-47543546127a">
      <TestCategory>
        <TestCategoryItem TestCategory="RangeSelector" />
      </TestCategory>
      <Execution id="8acbc789-048c-4e5c-bf07-9292ae3a4257" />
      <TestMethod codeBase="D:\actions-runner\_work\XPCO\XPCO\AllSolutions\..\Common\SC_CommonFiles\zSC_CommonFiles_UnitTest\bin\Debug\net6.0-windows\zSC_CommonFiles_UnitTest.dll" adapterTypeName="executor://mstestadapter/v2" className="VideoOS.UI.Common.WPF.RangeSelector.RangeSelectorTest" name="MouseDown_OverLeftRangeBar_RangeMaxUpdated" />
    </UnitTest>
    <UnitTest name="FontUpCommand_ShouldIncreaseFontForSelectedSlide" storage="d:\actions-runner\_work\xpco\xpco\allsolutions\..\common\sc_commonfiles\zsc_commonfiles_unittest\bin\debug\net6.0-windows\zsc_commonfiles_unittest.dll" id="c1622c67-8934-6098-5c3f-000e90cb0bbf">
      <Execution id="6ede0a1e-c3f5-4b64-9ae5-1fce8adf7bbb" />
      <TestMethod codeBase="D:\actions-runner\_work\XPCO\XPCO\AllSolutions\..\Common\SC_CommonFiles\zSC_CommonFiles_UnitTest\bin\Debug\net6.0-windows\zSC_CommonFiles_UnitTest.dll" adapterTypeName="executor://mstestadapter/v2" className="zSC_CommonFiles_UnitTest.VideoOS.UI.Common.WPF.VideoText.VideoTextWindowViewModelTests" name="FontUpCommand_ShouldIncreaseFontForSelectedSlide" />
    </UnitTest>
    <UnitTest name="Ctor_MaxIdleTimeBeforeCleanupMoreThanAllowed_TimerNotEnabled" storage="d:\actions-runner\_work\xpco\xpco\allsolutions\..\common\sc_commonfiles\zsc_commonfiles_unittest\bin\debug\net6.0-windows\zsc_commonfiles_unittest.dll" id="9512ba48-0839-7f8e-1a51-7ed8079ac71a">
      <Execution id="626aae24-d223-4b4b-8eca-fb5c9964aea6" />
      <TestMethod codeBase="D:\actions-runner\_work\XPCO\XPCO\AllSolutions\..\Common\SC_CommonFiles\zSC_CommonFiles_UnitTest\bin\Debug\net6.0-windows\zSC_CommonFiles_UnitTest.dll" adapterTypeName="executor://mstestadapter/v2" className="VideoOS.UI.Common.WPF.Utils.RecyclingFactory.RecyclingFactoryTests" name="Ctor_MaxIdleTimeBeforeCleanupMoreThanAllowed_TimerNotEnabled" />
    </UnitTest>
    <UnitTest name="ColumnDefinition_ToString_Success" storage="d:\actions-runner\_work\xpco\xpco\allsolutions\..\common\sc_commonfiles\zsc_commonfiles_unittest\bin\debug\net6.0-windows\zsc_commonfiles_unittest.dll" id="cf3d443f-6dec-a121-7292-16e5d1c821cc">
      <TestCategory>
        <TestCategoryItem TestCategory="SC_CommonFiles.WPF.TileLayout" />
      </TestCategory>
      <Execution id="a3f25e34-78ec-4e04-bc65-b433008d5e4f" />
      <TestMethod codeBase="D:\actions-runner\_work\XPCO\XPCO\AllSolutions\..\Common\SC_CommonFiles\zSC_CommonFiles_UnitTest\bin\Debug\net6.0-windows\zSC_CommonFiles_UnitTest.dll" adapterTypeName="executor://mstestadapter/v2" className="zSC_CommonFiles_UnitTest.VideoOS.UI.Common.WPF.TileLayout.TileLayoutTest" name="ColumnDefinition_ToString_Success" />
    </UnitTest>
    <UnitTest name="DeleteTileThrowsIfTileNotInBox" storage="d:\actions-runner\_work\xpco\xpco\allsolutions\..\common\sc_commonfiles\zsc_commonfiles_unittest\bin\debug\net6.0-windows\zsc_commonfiles_unittest.dll" id="e7fe4176-e00b-74b7-50f4-595529010ad0">
      <Execution id="19f05b46-b183-455a-ab4b-9295af837c84" />
      <TestMethod codeBase="D:\actions-runner\_work\XPCO\XPCO\AllSolutions\..\Common\SC_CommonFiles\zSC_CommonFiles_UnitTest\bin\Debug\net6.0-windows\zSC_CommonFiles_UnitTest.dll" adapterTypeName="executor://mstestadapter/v2" className="zSC_CommonFiles_UnitTest.DashboardTilesTests" name="DeleteTileThrowsIfTileNotInBox" />
    </UnitTest>
    <UnitTest name="ArrangeOverride__3child_2of3MustShrink__2of3AreShrunkEqually" storage="d:\actions-runner\_work\xpco\xpco\allsolutions\..\common\sc_commonfiles\zsc_commonfiles_unittest\bin\debug\net6.0-windows\zsc_commonfiles_unittest.dll" id="a54e380b-42dc-d3a2-3d9d-8dd53d65fcd3">
      <TestCategory>
        <TestCategoryItem TestCategory="Controls" />
      </TestCategory>
      <Execution id="12f98789-ccfa-4dae-a9f6-7ba3fe3d97a6" />
      <TestMethod codeBase="D:\actions-runner\_work\XPCO\XPCO\AllSolutions\..\Common\SC_CommonFiles\zSC_CommonFiles_UnitTest\bin\Debug\net6.0-windows\zSC_CommonFiles_UnitTest.dll" adapterTypeName="executor://mstestadapter/v2" className="VideoOS.UI.Common.WPF.Controls.HorizontalPanelTests" name="ArrangeOverride__3child_2of3MustShrink__2of3AreShrunkEqually" />
    </UnitTest>
    <UnitTest name="GetStates_NoSessionStarted_NewSession" storage="d:\actions-runner\_work\xpco\xpco\allsolutions\..\common\sc_commonfiles\zsc_commonfiles_unittest\bin\debug\net6.0-windows\zsc_commonfiles_unittest.dll" id="66e703e4-29de-a4c7-8c30-1bc7e1752b2f">
      <Execution id="3efff6ae-7d0f-425a-8496-fc7b48000bac" />
      <TestMethod codeBase="D:\actions-runner\_work\XPCO\XPCO\AllSolutions\..\Common\SC_CommonFiles\zSC_CommonFiles_UnitTest\bin\Debug\net6.0-windows\zSC_CommonFiles_UnitTest.dll" adapterTypeName="executor://mstestadapter/v2" className="zSC_CommonFiles_UnitTest.VideoOS.Common.State.CameraStateManagerTests" name="GetStates_NoSessionStarted_NewSession" />
    </UnitTest>
    <UnitTest name="GetItemUserControl_Success" storage="d:\actions-runner\_work\xpco\xpco\allsolutions\..\common\sc_commonfiles\zsc_commonfiles_unittest\bin\debug\net6.0-windows\zsc_commonfiles_unittest.dll" id="6a5073ae-b067-17a6-9c6f-959cad372ca7">
      <TestCategory>
        <TestCategoryItem TestCategory="SC_CommonFiles.WPF.TileLayout" />
      </TestCategory>
      <Execution id="7b4978d9-9e7e-488c-8d15-bfaac3bf869d" />
      <TestMethod codeBase="D:\actions-runner\_work\XPCO\XPCO\AllSolutions\..\Common\SC_CommonFiles\zSC_CommonFiles_UnitTest\bin\Debug\net6.0-windows\zSC_CommonFiles_UnitTest.dll" adapterTypeName="executor://mstestadapter/v2" className="zSC_CommonFiles_UnitTest.VideoOS.UI.Common.WPF.TileLayout.TileLayoutTest" name="GetItemUserControl_Success" />
    </UnitTest>
    <UnitTest name="AuthenticationWindows_SetName_Throws_InvalidOperationException" storage="d:\actions-runner\_work\xpco\xpco\allsolutions\..\common\sc_commonfiles\zsc_commonfiles_unittest\bin\debug\net6.0-windows\zsc_commonfiles_unittest.dll" id="70718e81-81f4-db7d-389b-91346f649480">
      <TestCategory>
        <TestCategoryItem TestCategory="AuthenticationInfoTests" />
      </TestCategory>
      <Execution id="0d42a581-9638-4bb7-a923-c14b26ca0cd7" />
      <TestMethod codeBase="D:\actions-runner\_work\XPCO\XPCO\AllSolutions\..\Common\SC_CommonFiles\zSC_CommonFiles_UnitTest\bin\Debug\net6.0-windows\zSC_CommonFiles_UnitTest.dll" adapterTypeName="executor://mstestadapter/v2" className="zSC_CommonFiles_UnitTest.VideoOS.Common.Login.AuthenticationInfoTests" name="AuthenticationWindows_SetName_Throws_InvalidOperationException" />
    </UnitTest>
    <UnitTest name="OnPreviewKeyDown_Shift_Click_Select_ChangeSelection_Success" storage="d:\actions-runner\_work\xpco\xpco\allsolutions\..\common\sc_commonfiles\zsc_commonfiles_unittest\bin\debug\net6.0-windows\zsc_commonfiles_unittest.dll" id="7f0c527e-e0ba-a3e5-7988-c20f8f846917">
      <TestCategory>
        <TestCategoryItem TestCategory="SC_CommonFiles.WPF.TileLayout" />
      </TestCategory>
      <Execution id="aa286cf8-7cbc-4990-bf56-0126e1c8f087" />
      <TestMethod codeBase="D:\actions-runner\_work\XPCO\XPCO\AllSolutions\..\Common\SC_CommonFiles\zSC_CommonFiles_UnitTest\bin\Debug\net6.0-windows\zSC_CommonFiles_UnitTest.dll" adapterTypeName="executor://mstestadapter/v2" className="zSC_CommonFiles_UnitTest.VideoOS.UI.Common.WPF.TileLayout.TileLayoutTest" name="OnPreviewKeyDown_Shift_Click_Select_ChangeSelection_Success" />
    </UnitTest>
    <UnitTest name="IsUnsecureConnectionAllowedForUser_ShouldReturnTrue_WhenAllowUnsecureSetToAllowed" storage="d:\actions-runner\_work\xpco\xpco\allsolutions\..\common\sc_commonfiles\zsc_commonfiles_unittest\bin\debug\net6.0-windows\zsc_commonfiles_unittest.dll" id="187b12dc-8a8d-a2dd-a376-a830b72404bd">
      <Execution id="4c9e4f1e-07e3-4e0c-b286-4a8a5cc66c00" />
      <TestMethod codeBase="D:\actions-runner\_work\XPCO\XPCO\AllSolutions\..\Common\SC_CommonFiles\zSC_CommonFiles_UnitTest\bin\Debug\net6.0-windows\zSC_CommonFiles_UnitTest.dll" adapterTypeName="executor://mstestadapter/v2" className="zSC_CommonFiles_UnitTest.VideoOS.Common.Login.UIConnectionInfoTests" name="IsUnsecureConnectionAllowedForUser_ShouldReturnTrue_WhenAllowUnsecureSetToAllowed" />
    </UnitTest>
    <UnitTest name="MouseLeftButtonUp_ShouldReleaseMouseCapture_WhenInvokingSingleClickHandlerDelayed" storage="d:\actions-runner\_work\xpco\xpco\allsolutions\..\common\sc_commonfiles\zsc_commonfiles_unittest\bin\debug\net6.0-windows\zsc_commonfiles_unittest.dll" id="1b91abd4-9b99-9dc8-e442-fa99a1f0e332">
      <Execution id="c0995294-cd30-4bc3-9f6c-a61db7be0d27" />
      <TestMethod codeBase="D:\actions-runner\_work\XPCO\XPCO\AllSolutions\..\Common\SC_CommonFiles\zSC_CommonFiles_UnitTest\bin\Debug\net6.0-windows\zSC_CommonFiles_UnitTest.dll" adapterTypeName="executor://mstestadapter/v2" className="zSC_CommonFiles_UnitTest.VideoOS.UI.Common.WPF.Behaviors.MouseInputBehaviorTests" name="MouseLeftButtonUp_ShouldReleaseMouseCapture_WhenInvokingSingleClickHandlerDelayed" />
    </UnitTest>
    <UnitTest name="GetLocalizedTextThrowsIfTypeDoesNotHaveLocalizedText" storage="d:\actions-runner\_work\xpco\xpco\allsolutions\..\common\sc_commonfiles\zsc_commonfiles_unittest\bin\debug\net6.0-windows\zsc_commonfiles_unittest.dll" id="6405a933-f1c3-2d9d-c133-14524337831d">
      <Execution id="45fd07e0-f191-469f-abb1-089db38835d0" />
      <TestMethod codeBase="D:\actions-runner\_work\XPCO\XPCO\AllSolutions\..\Common\SC_CommonFiles\zSC_CommonFiles_UnitTest\bin\Debug\net6.0-windows\zSC_CommonFiles_UnitTest.dll" adapterTypeName="executor://mstestadapter/v2" className="zSC_CommonFiles_UnitTest.LocalizationTests" name="GetLocalizedTextThrowsIfTypeDoesNotHaveLocalizedText" />
    </UnitTest>
    <UnitTest name="RoundToMinute_Nearest" storage="d:\actions-runner\_work\xpco\xpco\allsolutions\..\common\sc_commonfiles\zsc_commonfiles_unittest\bin\debug\net6.0-windows\zsc_commonfiles_unittest.dll" id="4f9e68da-d964-48d6-9d3b-7273107c43bc">
      <Execution id="2f83d730-13a8-442e-99fd-6bceabb0053f" />
      <TestMethod codeBase="D:\actions-runner\_work\XPCO\XPCO\AllSolutions\..\Common\SC_CommonFiles\zSC_CommonFiles_UnitTest\bin\Debug\net6.0-windows\zSC_CommonFiles_UnitTest.dll" adapterTypeName="executor://mstestadapter/v2" className="zSC_CommonFiles_UnitTest.VideoOS.UI.Common.WPF.Utils.ExtensionMethods.TimeSpanExtensionsTests" name="RoundToMinute_Nearest" />
    </UnitTest>
    <UnitTest name="IntersectsWithTest" storage="d:\actions-runner\_work\xpco\xpco\allsolutions\..\common\sc_commonfiles\zsc_commonfiles_unittest\bin\debug\net6.0-windows\zsc_commonfiles_unittest.dll" id="d3834f26-d7ff-018a-555c-a0be35190a28">
      <Execution id="3eaac8ac-c2bb-4fcf-8daf-5dedb8f842b3" />
      <TestMethod codeBase="D:\actions-runner\_work\XPCO\XPCO\AllSolutions\..\Common\SC_CommonFiles\zSC_CommonFiles_UnitTest\bin\Debug\net6.0-windows\zSC_CommonFiles_UnitTest.dll" adapterTypeName="executor://mstestadapter/v2" className="SmartClient_UnitTest_VideoOS_UI_Common_WPF_Timeline.TimeIntervalTest" name="IntersectsWithTest" />
    </UnitTest>
    <UnitTest name="RoundToMillisecond_Up" storage="d:\actions-runner\_work\xpco\xpco\allsolutions\..\common\sc_commonfiles\zsc_commonfiles_unittest\bin\debug\net6.0-windows\zsc_commonfiles_unittest.dll" id="61b1c2a4-89cd-5144-7bf8-430d589649be">
      <Execution id="af912580-fce3-49b8-b135-a9dcd1551e80" />
      <TestMethod codeBase="D:\actions-runner\_work\XPCO\XPCO\AllSolutions\..\Common\SC_CommonFiles\zSC_CommonFiles_UnitTest\bin\Debug\net6.0-windows\zSC_CommonFiles_UnitTest.dll" adapterTypeName="executor://mstestadapter/v2" className="zSC_CommonFiles_UnitTest.VideoOS.UI.Common.WPF.Utils.ExtensionMethods.DateTimeExtensionsTests" name="RoundToMillisecond_Up" />
    </UnitTest>
    <UnitTest name="RoundToMillisecond_Nearest" storage="d:\actions-runner\_work\xpco\xpco\allsolutions\..\common\sc_commonfiles\zsc_commonfiles_unittest\bin\debug\net6.0-windows\zsc_commonfiles_unittest.dll" id="4a3a4767-2fcd-8cd1-559f-f87bde132fcc">
      <Execution id="47db165c-3580-45f3-9e87-7c0bbb72ed48" />
      <TestMethod codeBase="D:\actions-runner\_work\XPCO\XPCO\AllSolutions\..\Common\SC_CommonFiles\zSC_CommonFiles_UnitTest\bin\Debug\net6.0-windows\zSC_CommonFiles_UnitTest.dll" adapterTypeName="executor://mstestadapter/v2" className="zSC_CommonFiles_UnitTest.VideoOS.UI.Common.WPF.Utils.ExtensionMethods.DateTimeExtensionsTests" name="RoundToMillisecond_Nearest" />
    </UnitTest>
    <UnitTest name="AuthenticationWindowsDefault_SetName_Throws_InvalidOperationException" storage="d:\actions-runner\_work\xpco\xpco\allsolutions\..\common\sc_commonfiles\zsc_commonfiles_unittest\bin\debug\net6.0-windows\zsc_commonfiles_unittest.dll" id="75b02970-aa24-70a3-87c6-08d86ea85974">
      <TestCategory>
        <TestCategoryItem TestCategory="AuthenticationInfoTests" />
      </TestCategory>
      <Execution id="c2b20e6a-b2e7-4fa6-9f03-644e000c1b26" />
      <TestMethod codeBase="D:\actions-runner\_work\XPCO\XPCO\AllSolutions\..\Common\SC_CommonFiles\zSC_CommonFiles_UnitTest\bin\Debug\net6.0-windows\zSC_CommonFiles_UnitTest.dll" adapterTypeName="executor://mstestadapter/v2" className="zSC_CommonFiles_UnitTest.VideoOS.Common.Login.AuthenticationInfoTests" name="AuthenticationWindowsDefault_SetName_Throws_InvalidOperationException" />
    </UnitTest>
    <UnitTest name="OnPreviewKeyDown_PageDown_Success" storage="d:\actions-runner\_work\xpco\xpco\allsolutions\..\common\sc_commonfiles\zsc_commonfiles_unittest\bin\debug\net6.0-windows\zsc_commonfiles_unittest.dll" id="286237b8-58c5-8f71-48e4-5e1734d0ac85">
      <TestCategory>
        <TestCategoryItem TestCategory="SC_CommonFiles.WPF.TileLayout" />
      </TestCategory>
      <Execution id="06f119d1-9f9c-4219-9a0e-0794ee582169" />
      <TestMethod codeBase="D:\actions-runner\_work\XPCO\XPCO\AllSolutions\..\Common\SC_CommonFiles\zSC_CommonFiles_UnitTest\bin\Debug\net6.0-windows\zSC_CommonFiles_UnitTest.dll" adapterTypeName="executor://mstestadapter/v2" className="zSC_CommonFiles_UnitTest.VideoOS.UI.Common.WPF.TileLayout.TileLayoutTest" name="OnPreviewKeyDown_PageDown_Success" />
    </UnitTest>
    <UnitTest name="GetStates_SessionStarted_WithStates" storage="d:\actions-runner\_work\xpco\xpco\allsolutions\..\common\sc_commonfiles\zsc_commonfiles_unittest\bin\debug\net6.0-windows\zsc_commonfiles_unittest.dll" id="6302655b-61c8-7b0f-1cb8-2a78b11ff788">
      <Execution id="fe324152-515e-447f-a519-7fde3ac363be" />
      <TestMethod codeBase="D:\actions-runner\_work\XPCO\XPCO\AllSolutions\..\Common\SC_CommonFiles\zSC_CommonFiles_UnitTest\bin\Debug\net6.0-windows\zSC_CommonFiles_UnitTest.dll" adapterTypeName="executor://mstestadapter/v2" className="zSC_CommonFiles_UnitTest.VideoOS.Common.State.CameraStateManagerTests" name="GetStates_SessionStarted_WithStates" />
    </UnitTest>
    <UnitTest name="DismissAllToasts_MultipleToasts_Success" storage="d:\actions-runner\_work\xpco\xpco\allsolutions\..\common\sc_commonfiles\zsc_commonfiles_unittest\bin\debug\net6.0-windows\zsc_commonfiles_unittest.dll" id="98166cc9-e914-f13d-508c-30c89f0ae058">
      <TestCategory>
        <TestCategoryItem TestCategory="Toasts" />
      </TestCategory>
      <Execution id="88e60590-9989-4db1-8553-fb0d5c55f992" />
      <TestMethod codeBase="D:\actions-runner\_work\XPCO\XPCO\AllSolutions\..\Common\SC_CommonFiles\zSC_CommonFiles_UnitTest\bin\Debug\net6.0-windows\zSC_CommonFiles_UnitTest.dll" adapterTypeName="executor://mstestadapter/v2" className="VideoOS.UI.Common.WPF.Toast.ToastManagerTests" name="DismissAllToasts_MultipleToasts_Success" />
    </UnitTest>
    <UnitTest name="MouseLeftButtonUp_ShouldNotInvokeClickHandlerAfterDelay_WhenNoDoubleClickIsDetectedAndMouseIsNotDirectlyOver" storage="d:\actions-runner\_work\xpco\xpco\allsolutions\..\common\sc_commonfiles\zsc_commonfiles_unittest\bin\debug\net6.0-windows\zsc_commonfiles_unittest.dll" id="a77657a1-a493-b15e-b5c4-9e5ce796a8ee">
      <Execution id="cf39f31a-2a14-4185-9f64-21c7ad1e0fa2" />
      <TestMethod codeBase="D:\actions-runner\_work\XPCO\XPCO\AllSolutions\..\Common\SC_CommonFiles\zSC_CommonFiles_UnitTest\bin\Debug\net6.0-windows\zSC_CommonFiles_UnitTest.dll" adapterTypeName="executor://mstestadapter/v2" className="zSC_CommonFiles_UnitTest.VideoOS.UI.Common.WPF.Behaviors.MouseInputBehaviorTests" name="MouseLeftButtonUp_ShouldNotInvokeClickHandlerAfterDelay_WhenNoDoubleClickIsDetectedAndMouseIsNotDirectlyOver" />
    </UnitTest>
    <UnitTest name="GetBoolValueOrDefault_KeyFound_ValueReturned" storage="d:\actions-runner\_work\xpco\xpco\allsolutions\..\common\sc_commonfiles\zsc_commonfiles_unittest\bin\debug\net6.0-windows\zsc_commonfiles_unittest.dll" id="0b0e0ad1-c995-9403-bc1c-5f3fb5cc273a">
      <Execution id="94e17d5d-817d-4d30-9e9d-8119ed1d67e8" />
      <TestMethod codeBase="D:\actions-runner\_work\XPCO\XPCO\AllSolutions\..\Common\SC_CommonFiles\zSC_CommonFiles_UnitTest\bin\Debug\net6.0-windows\zSC_CommonFiles_UnitTest.dll" adapterTypeName="executor://mstestadapter/v2" className="zSC_CommonFiles_UnitTest.VideoOS.Common.Configuration.NameValueCollectionExtensionsTest" name="GetBoolValueOrDefault_KeyFound_ValueReturned" />
    </UnitTest>
    <UnitTest name="TooltipServiceWarning_Failover_LocalAuthorizationError" storage="d:\actions-runner\_work\xpco\xpco\allsolutions\..\common\sc_commonfiles\zsc_commonfiles_unittest\bin\debug\net6.0-windows\zsc_commonfiles_unittest.dll" id="441a4176-3f9e-7fdb-d742-3ee7574fadc4">
      <Execution id="b4750482-cfc5-40f4-94a0-d5f2491429bc" />
      <TestMethod codeBase="D:\actions-runner\_work\XPCO\XPCO\AllSolutions\..\Common\SC_CommonFiles\zSC_CommonFiles_UnitTest\bin\Debug\net6.0-windows\zSC_CommonFiles_UnitTest.dll" adapterTypeName="executor://mstestadapter/v2" className="zSC_CommonFiles_UnitTest.VideoOS.UI.Common.WPF.Dashboard.Types.ServerTest" name="TooltipServiceWarning_Failover_LocalAuthorizationError" />
    </UnitTest>
    <UnitTest name="GetIntValueOrDefault_WrongKeyValue_DefaultValueReturned" storage="d:\actions-runner\_work\xpco\xpco\allsolutions\..\common\sc_commonfiles\zsc_commonfiles_unittest\bin\debug\net6.0-windows\zsc_commonfiles_unittest.dll" id="45ce53b6-2a00-442b-a6cc-32488dfaae90">
      <Execution id="7b4bc7f2-f816-442b-b232-d7c723f06b53" />
      <TestMethod codeBase="D:\actions-runner\_work\XPCO\XPCO\AllSolutions\..\Common\SC_CommonFiles\zSC_CommonFiles_UnitTest\bin\Debug\net6.0-windows\zSC_CommonFiles_UnitTest.dll" adapterTypeName="executor://mstestadapter/v2" className="zSC_CommonFiles_UnitTest.VideoOS.Common.Configuration.NameValueCollectionExtensionsTest" name="GetIntValueOrDefault_WrongKeyValue_DefaultValueReturned" />
    </UnitTest>
    <UnitTest name="MouseHover_OverSelectionRange_IsMouseOverRangeBar_IsTrue" storage="d:\actions-runner\_work\xpco\xpco\allsolutions\..\common\sc_commonfiles\zsc_commonfiles_unittest\bin\debug\net6.0-windows\zsc_commonfiles_unittest.dll" id="cbe296a6-601b-dd72-bc79-8548a0abe9dd">
      <TestCategory>
        <TestCategoryItem TestCategory="RangeSelector" />
      </TestCategory>
      <Execution id="2d67eb27-4b9c-4281-91d2-fba83044c70f" />
      <TestMethod codeBase="D:\actions-runner\_work\XPCO\XPCO\AllSolutions\..\Common\SC_CommonFiles\zSC_CommonFiles_UnitTest\bin\Debug\net6.0-windows\zSC_CommonFiles_UnitTest.dll" adapterTypeName="executor://mstestadapter/v2" className="VideoOS.UI.Common.WPF.RangeSelector.RangeSelectorTest" name="MouseHover_OverSelectionRange_IsMouseOverRangeBar_IsTrue" />
    </UnitTest>
    <UnitTest name="TileStateMaintainsDefinedStateAsLongAsAtLeastOneCurrentStateIsDefined" storage="d:\actions-runner\_work\xpco\xpco\allsolutions\..\common\sc_commonfiles\zsc_commonfiles_unittest\bin\debug\net6.0-windows\zsc_commonfiles_unittest.dll" id="096497aa-f877-ca92-6ca3-eb3764bf4357">
      <Execution id="84b644d1-8787-4b59-a931-e39e5f828a11" />
      <TestMethod codeBase="D:\actions-runner\_work\XPCO\XPCO\AllSolutions\..\Common\SC_CommonFiles\zSC_CommonFiles_UnitTest\bin\Debug\net6.0-windows\zSC_CommonFiles_UnitTest.dll" adapterTypeName="executor://mstestadapter/v2" className="zSC_CommonFiles_UnitTest.DashboardTilesTests" name="TileStateMaintainsDefinedStateAsLongAsAtLeastOneCurrentStateIsDefined" />
    </UnitTest>
    <UnitTest name="SequenceEqualIgnoreOrder_EqualCollectionsOrderedDifferently_IgnoreOrder_SymmetricalTrueResult" storage="d:\actions-runner\_work\xpco\xpco\allsolutions\..\common\sc_commonfiles\zsc_commonfiles_unittest\bin\debug\net6.0-windows\zsc_commonfiles_unittest.dll" id="1eb83994-41a5-06de-d18f-7e1407514b78">
      <Execution id="af3b5eb1-de90-444e-b4fc-e1e86638e4e8" />
      <TestMethod codeBase="D:\actions-runner\_work\XPCO\XPCO\AllSolutions\..\Common\SC_CommonFiles\zSC_CommonFiles_UnitTest\bin\Debug\net6.0-windows\zSC_CommonFiles_UnitTest.dll" adapterTypeName="executor://mstestadapter/v2" className="zSC_CommonFiles_UnitTest.VideoOS.UI.Common.WPF.Utils.ExtensionMethods.IEnumerableExtensionTests" name="SequenceEqualIgnoreOrder_EqualCollectionsOrderedDifferently_IgnoreOrder_SymmetricalTrueResult" />
    </UnitTest>
    <UnitTest name="MouseHover_OverRangeBarAndThumbs_IsMouseOverRangeBar_IsTrue" storage="d:\actions-runner\_work\xpco\xpco\allsolutions\..\common\sc_commonfiles\zsc_commonfiles_unittest\bin\debug\net6.0-windows\zsc_commonfiles_unittest.dll" id="62aebf56-249e-bb4c-3c75-70b7badd4f85">
      <TestCategory>
        <TestCategoryItem TestCategory="RangeSelector" />
      </TestCategory>
      <Execution id="e111079f-e83f-44fe-acc9-c53347a45f40" />
      <TestMethod codeBase="D:\actions-runner\_work\XPCO\XPCO\AllSolutions\..\Common\SC_CommonFiles\zSC_CommonFiles_UnitTest\bin\Debug\net6.0-windows\zSC_CommonFiles_UnitTest.dll" adapterTypeName="executor://mstestadapter/v2" className="VideoOS.UI.Common.WPF.RangeSelector.RangeSelectorTest" name="MouseHover_OverRangeBarAndThumbs_IsMouseOverRangeBar_IsTrue" />
    </UnitTest>
    <UnitTest name="TryGetIntValue_KeyNotFound_ReturnFalse" storage="d:\actions-runner\_work\xpco\xpco\allsolutions\..\common\sc_commonfiles\zsc_commonfiles_unittest\bin\debug\net6.0-windows\zsc_commonfiles_unittest.dll" id="d3857317-63e0-c190-44d9-5fb025d72a80">
      <Execution id="1afa50ce-4e33-4fd6-bf57-51d4a8785a16" />
      <TestMethod codeBase="D:\actions-runner\_work\XPCO\XPCO\AllSolutions\..\Common\SC_CommonFiles\zSC_CommonFiles_UnitTest\bin\Debug\net6.0-windows\zSC_CommonFiles_UnitTest.dll" adapterTypeName="executor://mstestadapter/v2" className="zSC_CommonFiles_UnitTest.VideoOS.Common.Configuration.NameValueCollectionExtensionsTest" name="TryGetIntValue_KeyNotFound_ReturnFalse" />
    </UnitTest>
    <UnitTest name="ShowMultipleToasts_Success" storage="d:\actions-runner\_work\xpco\xpco\allsolutions\..\common\sc_commonfiles\zsc_commonfiles_unittest\bin\debug\net6.0-windows\zsc_commonfiles_unittest.dll" id="f2effcb5-d303-005d-6682-8ccbac2c3bbc">
      <TestCategory>
        <TestCategoryItem TestCategory="Toasts" />
      </TestCategory>
      <Execution id="ea27640a-fc76-4775-bb4a-07733dbd22b7" />
      <TestMethod codeBase="D:\actions-runner\_work\XPCO\XPCO\AllSolutions\..\Common\SC_CommonFiles\zSC_CommonFiles_UnitTest\bin\Debug\net6.0-windows\zSC_CommonFiles_UnitTest.dll" adapterTypeName="executor://mstestadapter/v2" className="zSC_CommonFiles_UnitTest.VideoOS.UI.Common.WPF.Toast.ToastsViewModelTests" name="ShowMultipleToasts_Success" />
    </UnitTest>
    <UnitTest name="IntersectWithTest" storage="d:\actions-runner\_work\xpco\xpco\allsolutions\..\common\sc_commonfiles\zsc_commonfiles_unittest\bin\debug\net6.0-windows\zsc_commonfiles_unittest.dll" id="bcf043e2-e23c-d4b1-e8df-ddcfaf2c6564">
      <Execution id="5ad44596-151b-4bff-b315-7b8bbcb01950" />
      <TestMethod codeBase="D:\actions-runner\_work\XPCO\XPCO\AllSolutions\..\Common\SC_CommonFiles\zSC_CommonFiles_UnitTest\bin\Debug\net6.0-windows\zSC_CommonFiles_UnitTest.dll" adapterTypeName="executor://mstestadapter/v2" className="SmartClient_UnitTest_VideoOS_UI_Common_WPF_Timeline.TimeIntervalTest" name="IntersectWithTest" />
    </UnitTest>
    <UnitTest name="TickFrequenceSet_GreaterThanMax_ValueValidatedAndUpdated" storage="d:\actions-runner\_work\xpco\xpco\allsolutions\..\common\sc_commonfiles\zsc_commonfiles_unittest\bin\debug\net6.0-windows\zsc_commonfiles_unittest.dll" id="31287f75-c0f1-e036-018c-5c569b7613eb">
      <TestCategory>
        <TestCategoryItem TestCategory="RangeSelector" />
      </TestCategory>
      <Execution id="729cdb04-79e6-42cb-8c3a-27effff07a7b" />
      <TestMethod codeBase="D:\actions-runner\_work\XPCO\XPCO\AllSolutions\..\Common\SC_CommonFiles\zSC_CommonFiles_UnitTest\bin\Debug\net6.0-windows\zSC_CommonFiles_UnitTest.dll" adapterTypeName="executor://mstestadapter/v2" className="VideoOS.UI.Common.WPF.RangeSelector.RangeSelectorTest" name="TickFrequenceSet_GreaterThanMax_ValueValidatedAndUpdated" />
    </UnitTest>
    <UnitTest name="FormsControlScaledHeight_100Percent_Scaling" storage="d:\actions-runner\_work\xpco\xpco\allsolutions\..\common\sc_commonfiles\zsc_commonfiles_unittest\bin\debug\net6.0-windows\zsc_commonfiles_unittest.dll" id="e959378d-d0fd-4d49-0362-8d51b28a1ec4">
      <Execution id="c895614c-5fec-4e45-9c79-5740e0b2c46e" />
      <TestMethod codeBase="D:\actions-runner\_work\XPCO\XPCO\AllSolutions\..\Common\SC_CommonFiles\zSC_CommonFiles_UnitTest\bin\Debug\net6.0-windows\zSC_CommonFiles_UnitTest.dll" adapterTypeName="executor://mstestadapter/v2" className="zSC_CommonFiles_UnitTest.VideoOS.UI.Common.WPF.Utils.ExtensionMethods.WindowExtensionsTests" name="FormsControlScaledHeight_100Percent_Scaling" />
    </UnitTest>
    <UnitTest name="AuthenticationExternal_CopyConstructor_Success" storage="d:\actions-runner\_work\xpco\xpco\allsolutions\..\common\sc_commonfiles\zsc_commonfiles_unittest\bin\debug\net6.0-windows\zsc_commonfiles_unittest.dll" id="5ec2fd00-c7ca-4cee-7758-7801f820c473">
      <TestCategory>
        <TestCategoryItem TestCategory="AuthenticationInfoTests" />
      </TestCategory>
      <Execution id="2678b17b-9f00-49ae-942f-57380f4c966a" />
      <TestMethod codeBase="D:\actions-runner\_work\XPCO\XPCO\AllSolutions\..\Common\SC_CommonFiles\zSC_CommonFiles_UnitTest\bin\Debug\net6.0-windows\zSC_CommonFiles_UnitTest.dll" adapterTypeName="executor://mstestadapter/v2" className="zSC_CommonFiles_UnitTest.VideoOS.Common.Login.AuthenticationInfoTests" name="AuthenticationExternal_CopyConstructor_Success" />
    </UnitTest>
    <UnitTest name="RemoveRange_FewItems_SuccessWithResetNotification" storage="d:\actions-runner\_work\xpco\xpco\allsolutions\..\common\sc_commonfiles\zsc_commonfiles_unittest\bin\debug\net6.0-windows\zsc_commonfiles_unittest.dll" id="52a29049-9c8e-815e-36f6-b6f14de4f7c1">
      <TestCategory>
        <TestCategoryItem TestCategory="SC_CommonFiles.WPF" />
      </TestCategory>
      <Execution id="54002f8f-6276-4db2-8371-2f35c1926401" />
      <TestMethod codeBase="D:\actions-runner\_work\XPCO\XPCO\AllSolutions\..\Common\SC_CommonFiles\zSC_CommonFiles_UnitTest\bin\Debug\net6.0-windows\zSC_CommonFiles_UnitTest.dll" adapterTypeName="executor://mstestadapter/v2" className="zSC_CommonFiles_UnitTest.VideoOS.UI.Common.WPF.ObservableCollections.BulkObservableCollectionTests" name="RemoveRange_FewItems_SuccessWithResetNotification" />
    </UnitTest>
    <UnitTest name="DetermineScaledWindowLocationAndSize_150Percent_Scaling" storage="d:\actions-runner\_work\xpco\xpco\allsolutions\..\common\sc_commonfiles\zsc_commonfiles_unittest\bin\debug\net6.0-windows\zsc_commonfiles_unittest.dll" id="d321e896-1c35-b87a-a0b5-276c58a0218b">
      <Execution id="083e62ef-46a7-49d7-bcff-3f62e37886eb" />
      <TestMethod codeBase="D:\actions-runner\_work\XPCO\XPCO\AllSolutions\..\Common\SC_CommonFiles\zSC_CommonFiles_UnitTest\bin\Debug\net6.0-windows\zSC_CommonFiles_UnitTest.dll" adapterTypeName="executor://mstestadapter/v2" className="zSC_CommonFiles_UnitTest.VideoOS.UI.Common.WPF.Utils.ExtensionMethods.WindowExtensionsTests" name="DetermineScaledWindowLocationAndSize_150Percent_Scaling" />
    </UnitTest>
    <UnitTest name="OnPreviewKeyDown_Right_Success" storage="d:\actions-runner\_work\xpco\xpco\allsolutions\..\common\sc_commonfiles\zsc_commonfiles_unittest\bin\debug\net6.0-windows\zsc_commonfiles_unittest.dll" id="0a8ef08d-9dbb-9ec8-d4a3-65f99078cd81">
      <TestCategory>
        <TestCategoryItem TestCategory="SC_CommonFiles.WPF.TileLayout" />
      </TestCategory>
      <Execution id="900bad76-d91c-4822-aa4c-0e04f3254bf0" />
      <TestMethod codeBase="D:\actions-runner\_work\XPCO\XPCO\AllSolutions\..\Common\SC_CommonFiles\zSC_CommonFiles_UnitTest\bin\Debug\net6.0-windows\zSC_CommonFiles_UnitTest.dll" adapterTypeName="executor://mstestadapter/v2" className="zSC_CommonFiles_UnitTest.VideoOS.UI.Common.WPF.TileLayout.TileLayoutTest" name="OnPreviewKeyDown_Right_Success" />
    </UnitTest>
    <UnitTest name="TileStateMustRemainUnchangedByHostOnlineAndServiceAvailableStateChanges" storage="d:\actions-runner\_work\xpco\xpco\allsolutions\..\common\sc_commonfiles\zsc_commonfiles_unittest\bin\debug\net6.0-windows\zsc_commonfiles_unittest.dll" id="bad298ac-94ba-545f-f256-1e42ffa5b7b5">
      <Execution id="362b23c2-f047-4e3f-a5ef-7a5de7589af6" />
      <TestMethod codeBase="D:\actions-runner\_work\XPCO\XPCO\AllSolutions\..\Common\SC_CommonFiles\zSC_CommonFiles_UnitTest\bin\Debug\net6.0-windows\zSC_CommonFiles_UnitTest.dll" adapterTypeName="executor://mstestadapter/v2" className="zSC_CommonFiles_UnitTest.DashboardTilesTests" name="TileStateMustRemainUnchangedByHostOnlineAndServiceAvailableStateChanges" />
    </UnitTest>
    <UnitTest name="GetDoubleValueOrDefault_WrongKeyValue_DefaultValueReturned" storage="d:\actions-runner\_work\xpco\xpco\allsolutions\..\common\sc_commonfiles\zsc_commonfiles_unittest\bin\debug\net6.0-windows\zsc_commonfiles_unittest.dll" id="14a1f95e-78fa-735f-e1e1-62755f5e4ea3">
      <Execution id="697a9a77-fa9a-4029-a5f7-2ad95da24353" />
      <TestMethod codeBase="D:\actions-runner\_work\XPCO\XPCO\AllSolutions\..\Common\SC_CommonFiles\zSC_CommonFiles_UnitTest\bin\Debug\net6.0-windows\zSC_CommonFiles_UnitTest.dll" adapterTypeName="executor://mstestadapter/v2" className="zSC_CommonFiles_UnitTest.VideoOS.Common.Configuration.NameValueCollectionExtensionsTest" name="GetDoubleValueOrDefault_WrongKeyValue_DefaultValueReturned" />
    </UnitTest>
    <UnitTest name="Convert_RespectMinValue_Success" storage="d:\actions-runner\_work\xpco\xpco\allsolutions\..\common\sc_commonfiles\zsc_commonfiles_unittest\bin\debug\net6.0-windows\zsc_commonfiles_unittest.dll" id="213635e5-649b-5c44-aecd-050b59df7240">
      <TestCategory>
        <TestCategoryItem TestCategory="Converters" />
      </TestCategory>
      <Execution id="5c11fc0d-01f8-432f-9cd9-ff6b3be7024b" />
      <TestMethod codeBase="D:\actions-runner\_work\XPCO\XPCO\AllSolutions\..\Common\SC_CommonFiles\zSC_CommonFiles_UnitTest\bin\Debug\net6.0-windows\zSC_CommonFiles_UnitTest.dll" adapterTypeName="executor://mstestadapter/v2" className="VideoOS.UI.Common.WPF.Utils.Converters.OffsetConverterTests" name="Convert_RespectMinValue_Success" />
    </UnitTest>
    <UnitTest name="ExtensionBeginInvokeNoParamTest" storage="d:\actions-runner\_work\xpco\xpco\allsolutions\..\common\sc_commonfiles\zsc_commonfiles_unittest\bin\debug\net6.0-windows\zsc_commonfiles_unittest.dll" id="57b6d097-e9d6-3704-ff59-5ba052e3b406">
      <Execution id="d83f6120-3f42-4f95-ac6e-9ce28c00fa80" />
      <TestMethod codeBase="D:\actions-runner\_work\XPCO\XPCO\AllSolutions\..\Common\SC_CommonFiles\zSC_CommonFiles_UnitTest\bin\Debug\net6.0-windows\zSC_CommonFiles_UnitTest.dll" adapterTypeName="executor://mstestadapter/v2" className="SmartClient_UnitTest.VideoOS.UI.Common.WPF.Utils.Threading.DispatcherExtensionsTest" name="ExtensionBeginInvokeNoParamTest" />
    </UnitTest>
    <UnitTest name="Convert_ShouldReturnEqualOrLessString_WhenValueIsEqualToThreshold" storage="d:\actions-runner\_work\xpco\xpco\allsolutions\..\common\sc_commonfiles\zsc_commonfiles_unittest\bin\debug\net6.0-windows\zsc_commonfiles_unittest.dll" id="c5d5c0bb-f780-e550-d703-b15880279a9f">
      <Execution id="59151200-ef4a-456a-912a-504b29476e7e" />
      <TestMethod codeBase="D:\actions-runner\_work\XPCO\XPCO\AllSolutions\..\Common\SC_CommonFiles\zSC_CommonFiles_UnitTest\bin\Debug\net6.0-windows\zSC_CommonFiles_UnitTest.dll" adapterTypeName="executor://mstestadapter/v2" className="zSC_CommonFiles_UnitTest.VideoOS.UI.Common.WPF.Utils.Converters.CountToStringConverterTests" name="Convert_ShouldReturnEqualOrLessString_WhenValueIsEqualToThreshold" />
    </UnitTest>
    <UnitTest name="ArrangeOverride__6child_AllMustShrinkAndRestore__AllAreShrunkAndRestored" storage="d:\actions-runner\_work\xpco\xpco\allsolutions\..\common\sc_commonfiles\zsc_commonfiles_unittest\bin\debug\net6.0-windows\zsc_commonfiles_unittest.dll" id="133cb637-1f14-da6d-6e37-6a27375b1670">
      <TestCategory>
        <TestCategoryItem TestCategory="Controls" />
      </TestCategory>
      <Execution id="8d0149c4-cfd6-491f-8c7b-406efefd78cf" />
      <TestMethod codeBase="D:\actions-runner\_work\XPCO\XPCO\AllSolutions\..\Common\SC_CommonFiles\zSC_CommonFiles_UnitTest\bin\Debug\net6.0-windows\zSC_CommonFiles_UnitTest.dll" adapterTypeName="executor://mstestadapter/v2" className="VideoOS.UI.Common.WPF.Controls.HorizontalPanelTests" name="ArrangeOverride__6child_AllMustShrinkAndRestore__AllAreShrunkAndRestored" />
    </UnitTest>
    <UnitTest name="DownTileSwapsPositionsOfTileAndSuccessor" storage="d:\actions-runner\_work\xpco\xpco\allsolutions\..\common\sc_commonfiles\zsc_commonfiles_unittest\bin\debug\net6.0-windows\zsc_commonfiles_unittest.dll" id="31fd8fc3-155f-83fd-baeb-6572fbd4102c">
      <Execution id="6e5ac6ef-ad34-4a96-9a09-b249949a5f04" />
      <TestMethod codeBase="D:\actions-runner\_work\XPCO\XPCO\AllSolutions\..\Common\SC_CommonFiles\zSC_CommonFiles_UnitTest\bin\Debug\net6.0-windows\zSC_CommonFiles_UnitTest.dll" adapterTypeName="executor://mstestadapter/v2" className="zSC_CommonFiles_UnitTest.DashboardTilesTests" name="DownTileSwapsPositionsOfTileAndSuccessor" />
    </UnitTest>
    <UnitTest name="SaveToFile_ShouldSaveAllowUnsecureConnection_WhenAllowUnsecureSetToTrueAndServerEntryDoesNotExistInXml" storage="d:\actions-runner\_work\xpco\xpco\allsolutions\..\common\sc_commonfiles\zsc_commonfiles_unittest\bin\debug\net6.0-windows\zsc_commonfiles_unittest.dll" id="a0a697d6-c6a3-5a08-d701-7b26e299e138">
      <Execution id="b8d9ee95-5013-4e32-bb69-275acc0c0417" />
      <TestMethod codeBase="D:\actions-runner\_work\XPCO\XPCO\AllSolutions\..\Common\SC_CommonFiles\zSC_CommonFiles_UnitTest\bin\Debug\net6.0-windows\zSC_CommonFiles_UnitTest.dll" adapterTypeName="executor://mstestadapter/v2" className="zSC_CommonFiles_UnitTest.VideoOS.Common.Login.UIConnectionInfoTests" name="SaveToFile_ShouldSaveAllowUnsecureConnection_WhenAllowUnsecureSetToTrueAndServerEntryDoesNotExistInXml" />
    </UnitTest>
    <UnitTest name="Convert_WithOffset_Success" storage="d:\actions-runner\_work\xpco\xpco\allsolutions\..\common\sc_commonfiles\zsc_commonfiles_unittest\bin\debug\net6.0-windows\zsc_commonfiles_unittest.dll" id="b65ce05c-91af-c3db-9a3c-440082baa61d">
      <TestCategory>
        <TestCategoryItem TestCategory="Converters" />
      </TestCategory>
      <Execution id="44972f61-4f3a-49d0-967b-2c1027fb400a" />
      <TestMethod codeBase="D:\actions-runner\_work\XPCO\XPCO\AllSolutions\..\Common\SC_CommonFiles\zSC_CommonFiles_UnitTest\bin\Debug\net6.0-windows\zSC_CommonFiles_UnitTest.dll" adapterTypeName="executor://mstestadapter/v2" className="VideoOS.UI.Common.WPF.Utils.Converters.OffsetConverterTests" name="Convert_WithOffset_Success" />
    </UnitTest>
    <UnitTest name="Partial_Updating_Works" storage="d:\actions-runner\_work\xpco\xpco\allsolutions\..\common\sc_commonfiles\zsc_commonfiles_unittest\bin\debug\net6.0-windows\zsc_commonfiles_unittest.dll" id="192bc75c-0987-6d84-ba23-75d2871c7fb0">
      <Execution id="029ef5a2-966a-46b1-9c2d-712a37c346e6" />
      <TestMethod codeBase="D:\actions-runner\_work\XPCO\XPCO\AllSolutions\..\Common\SC_CommonFiles\zSC_CommonFiles_UnitTest\bin\Debug\net6.0-windows\zSC_CommonFiles_UnitTest.dll" adapterTypeName="executor://mstestadapter/v2" className="zSC_CommonFiles_UnitTest.VideoOS.UI.Common.WPF.Utils.ObservableCollectionExtensionTest" name="Partial_Updating_Works" />
    </UnitTest>
    <UnitTest name="SmartSearchFilterValue_Serialize_Success" storage="d:\actions-runner\_work\xpco\xpco\allsolutions\..\common\sc_commonfiles\zsc_commonfiles_unittest\bin\debug\net6.0-windows\zsc_commonfiles_unittest.dll" id="fe19cce5-cc9d-9aa6-e44d-fbae8d8bb129">
      <TestCategory>
        <TestCategoryItem TestCategory="Search.FilterValues" />
      </TestCategory>
      <Execution id="540fbb40-68bd-4b5b-843d-fe152cb6eeab" />
      <TestMethod codeBase="D:\actions-runner\_work\XPCO\XPCO\AllSolutions\..\Common\SC_CommonFiles\zSC_CommonFiles_UnitTest\bin\Debug\net6.0-windows\zSC_CommonFiles_UnitTest.dll" adapterTypeName="executor://mstestadapter/v2" className="zSC_CommonFiles_UnitTest.VideoOS.UI.Common.Data.SmartSearch.SmartSearchFilterValueTests" name="SmartSearchFilterValue_Serialize_Success" />
    </UnitTest>
    <UnitTest name="MouseLeftButtonUp_ShouldInvokeClickHandlerAfterDelay_WhenNoDoubleClickIsDetectedAndMouseIsDirectlyOver" storage="d:\actions-runner\_work\xpco\xpco\allsolutions\..\common\sc_commonfiles\zsc_commonfiles_unittest\bin\debug\net6.0-windows\zsc_commonfiles_unittest.dll" id="b452384b-46c9-9d28-fc42-8e46ec09f689">
      <Execution id="4d18f0e8-2b59-4d19-be58-a4f99bf0bb95" />
      <TestMethod codeBase="D:\actions-runner\_work\XPCO\XPCO\AllSolutions\..\Common\SC_CommonFiles\zSC_CommonFiles_UnitTest\bin\Debug\net6.0-windows\zSC_CommonFiles_UnitTest.dll" adapterTypeName="executor://mstestadapter/v2" className="zSC_CommonFiles_UnitTest.VideoOS.UI.Common.WPF.Behaviors.MouseInputBehaviorTests" name="MouseLeftButtonUp_ShouldInvokeClickHandlerAfterDelay_WhenNoDoubleClickIsDetectedAndMouseIsDirectlyOver" />
    </UnitTest>
    <UnitTest name="RoundToHour_Nearest" storage="d:\actions-runner\_work\xpco\xpco\allsolutions\..\common\sc_commonfiles\zsc_commonfiles_unittest\bin\debug\net6.0-windows\zsc_commonfiles_unittest.dll" id="e47e5959-0404-6a12-bb2e-be035056d2fc">
      <Execution id="09a95230-578b-45cc-90d4-223a397e831a" />
      <TestMethod codeBase="D:\actions-runner\_work\XPCO\XPCO\AllSolutions\..\Common\SC_CommonFiles\zSC_CommonFiles_UnitTest\bin\Debug\net6.0-windows\zSC_CommonFiles_UnitTest.dll" adapterTypeName="executor://mstestadapter/v2" className="zSC_CommonFiles_UnitTest.VideoOS.UI.Common.WPF.Utils.ExtensionMethods.TimeSpanExtensionsTests" name="RoundToHour_Nearest" />
    </UnitTest>
    <UnitTest name="MeasureOverride_3childEnoughSpaceNoSpacing_Shrunk" storage="d:\actions-runner\_work\xpco\xpco\allsolutions\..\common\sc_commonfiles\zsc_commonfiles_unittest\bin\debug\net6.0-windows\zsc_commonfiles_unittest.dll" id="86511367-20e7-9ea5-808a-c86846f8f9e3">
      <TestCategory>
        <TestCategoryItem TestCategory="Controls" />
      </TestCategory>
      <Execution id="4d272143-5e01-474d-a7e0-e779c2eff9e7" />
      <TestMethod codeBase="D:\actions-runner\_work\XPCO\XPCO\AllSolutions\..\Common\SC_CommonFiles\zSC_CommonFiles_UnitTest\bin\Debug\net6.0-windows\zSC_CommonFiles_UnitTest.dll" adapterTypeName="executor://mstestadapter/v2" className="VideoOS.UI.Common.WPF.Controls.HorizontalPanelTests" name="MeasureOverride_3childEnoughSpaceNoSpacing_Shrunk" />
    </UnitTest>
    <UnitTest name="RoundToHour_RoundUp" storage="d:\actions-runner\_work\xpco\xpco\allsolutions\..\common\sc_commonfiles\zsc_commonfiles_unittest\bin\debug\net6.0-windows\zsc_commonfiles_unittest.dll" id="6bf27e89-1adf-d0e5-6e64-45ecd4ed017f">
      <Execution id="e6ceda20-3d8d-4667-87d8-4809d55c54d1" />
      <TestMethod codeBase="D:\actions-runner\_work\XPCO\XPCO\AllSolutions\..\Common\SC_CommonFiles\zSC_CommonFiles_UnitTest\bin\Debug\net6.0-windows\zSC_CommonFiles_UnitTest.dll" adapterTypeName="executor://mstestadapter/v2" className="zSC_CommonFiles_UnitTest.VideoOS.UI.Common.WPF.Utils.ExtensionMethods.TimeSpanExtensionsTests" name="RoundToHour_RoundUp" />
    </UnitTest>
    <UnitTest name="SequenceEqualIgnoreOrder_NullCollection_IgnoreOrder_FalseResult" storage="d:\actions-runner\_work\xpco\xpco\allsolutions\..\common\sc_commonfiles\zsc_commonfiles_unittest\bin\debug\net6.0-windows\zsc_commonfiles_unittest.dll" id="4f39f42c-bd61-1d3b-a9d4-94ed188e9ad5">
      <Execution id="8f1ca3f3-a47f-42a9-be74-7d4c8e81d996" />
      <TestMethod codeBase="D:\actions-runner\_work\XPCO\XPCO\AllSolutions\..\Common\SC_CommonFiles\zSC_CommonFiles_UnitTest\bin\Debug\net6.0-windows\zSC_CommonFiles_UnitTest.dll" adapterTypeName="executor://mstestadapter/v2" className="zSC_CommonFiles_UnitTest.VideoOS.UI.Common.WPF.Utils.ExtensionMethods.IEnumerableExtensionTests" name="SequenceEqualIgnoreOrder_NullCollection_IgnoreOrder_FalseResult" />
    </UnitTest>
    <UnitTest name="GetIntValueOrDefault_KeyFound_ValueReturned" storage="d:\actions-runner\_work\xpco\xpco\allsolutions\..\common\sc_commonfiles\zsc_commonfiles_unittest\bin\debug\net6.0-windows\zsc_commonfiles_unittest.dll" id="bb96e440-92b4-1c31-95b5-59b0e4d11807">
      <Execution id="77e4b80f-ba25-4c0d-bb08-996e698374c1" />
      <TestMethod codeBase="D:\actions-runner\_work\XPCO\XPCO\AllSolutions\..\Common\SC_CommonFiles\zSC_CommonFiles_UnitTest\bin\Debug\net6.0-windows\zSC_CommonFiles_UnitTest.dll" adapterTypeName="executor://mstestadapter/v2" className="zSC_CommonFiles_UnitTest.VideoOS.Common.Configuration.NameValueCollectionExtensionsTest" name="GetIntValueOrDefault_KeyFound_ValueReturned" />
    </UnitTest>
    <UnitTest name="Ctor_CreateAndClose_Success" storage="d:\actions-runner\_work\xpco\xpco\allsolutions\..\common\sc_commonfiles\zsc_commonfiles_unittest\bin\debug\net6.0-windows\zsc_commonfiles_unittest.dll" id="4d866a2f-8988-0d70-b30c-379e46401f2f">
      <TestCategory>
        <TestCategoryItem TestCategory="Toasts" />
      </TestCategory>
      <Execution id="bd6d504d-439f-4951-bbe6-63372fce4a18" />
      <TestMethod codeBase="D:\actions-runner\_work\XPCO\XPCO\AllSolutions\..\Common\SC_CommonFiles\zSC_CommonFiles_UnitTest\bin\Debug\net6.0-windows\zSC_CommonFiles_UnitTest.dll" adapterTypeName="executor://mstestadapter/v2" className="zSC_CommonFiles_UnitTest.VideoOS.UI.Common.WPF.Toast.ToastsViewModelTests" name="Ctor_CreateAndClose_Success" />
    </UnitTest>
    <UnitTest name="OnPreviewKeyDown_End_Success" storage="d:\actions-runner\_work\xpco\xpco\allsolutions\..\common\sc_commonfiles\zsc_commonfiles_unittest\bin\debug\net6.0-windows\zsc_commonfiles_unittest.dll" id="9c1495d5-6651-ae8f-908a-bfaa0ece52f3">
      <TestCategory>
        <TestCategoryItem TestCategory="SC_CommonFiles.WPF.TileLayout" />
      </TestCategory>
      <Execution id="608fa022-384f-4ef8-82df-579074f9eb2a" />
      <TestMethod codeBase="D:\actions-runner\_work\XPCO\XPCO\AllSolutions\..\Common\SC_CommonFiles\zSC_CommonFiles_UnitTest\bin\Debug\net6.0-windows\zSC_CommonFiles_UnitTest.dll" adapterTypeName="executor://mstestadapter/v2" className="zSC_CommonFiles_UnitTest.VideoOS.UI.Common.WPF.TileLayout.TileLayoutTest" name="OnPreviewKeyDown_End_Success" />
    </UnitTest>
    <UnitTest name="FormsControlScaledHeight_150Percent_Scaling" storage="d:\actions-runner\_work\xpco\xpco\allsolutions\..\common\sc_commonfiles\zsc_commonfiles_unittest\bin\debug\net6.0-windows\zsc_commonfiles_unittest.dll" id="b8e97d03-ef15-901d-1e9d-db40f54cbfb0">
      <Execution id="56e8ae28-1927-409b-8806-bf59f9265bf3" />
      <TestMethod codeBase="D:\actions-runner\_work\XPCO\XPCO\AllSolutions\..\Common\SC_CommonFiles\zSC_CommonFiles_UnitTest\bin\Debug\net6.0-windows\zSC_CommonFiles_UnitTest.dll" adapterTypeName="executor://mstestadapter/v2" className="zSC_CommonFiles_UnitTest.VideoOS.UI.Common.WPF.Utils.ExtensionMethods.WindowExtensionsTests" name="FormsControlScaledHeight_150Percent_Scaling" />
    </UnitTest>
    <UnitTest name="SaveToFile_ShouldNotSaveAllowUnsecureConnection_WhenAllowUnsecureSetToFalse" storage="d:\actions-runner\_work\xpco\xpco\allsolutions\..\common\sc_commonfiles\zsc_commonfiles_unittest\bin\debug\net6.0-windows\zsc_commonfiles_unittest.dll" id="4a077e12-b64a-edfe-3b33-7ee47b81322b">
      <Execution id="893832b0-ee52-4be6-8092-aca0aa239b17" />
      <TestMethod codeBase="D:\actions-runner\_work\XPCO\XPCO\AllSolutions\..\Common\SC_CommonFiles\zSC_CommonFiles_UnitTest\bin\Debug\net6.0-windows\zSC_CommonFiles_UnitTest.dll" adapterTypeName="executor://mstestadapter/v2" className="zSC_CommonFiles_UnitTest.VideoOS.Common.Login.UIConnectionInfoTests" name="SaveToFile_ShouldNotSaveAllowUnsecureConnection_WhenAllowUnsecureSetToFalse" />
    </UnitTest>
    <UnitTest name="ToastsCanLeaveQueue_Success" storage="d:\actions-runner\_work\xpco\xpco\allsolutions\..\common\sc_commonfiles\zsc_commonfiles_unittest\bin\debug\net6.0-windows\zsc_commonfiles_unittest.dll" id="e0165201-5cdb-4323-41c0-fe10a5054fb9">
      <TestCategory>
        <TestCategoryItem TestCategory="Toasts" />
      </TestCategory>
      <Execution id="0b708d27-d50a-4c2f-9895-812d189f3a91" />
      <TestMethod codeBase="D:\actions-runner\_work\XPCO\XPCO\AllSolutions\..\Common\SC_CommonFiles\zSC_CommonFiles_UnitTest\bin\Debug\net6.0-windows\zSC_CommonFiles_UnitTest.dll" adapterTypeName="executor://mstestadapter/v2" className="zSC_CommonFiles_UnitTest.VideoOS.UI.Common.WPF.Toast.ToastsViewModelTests" name="ToastsCanLeaveQueue_Success" />
    </UnitTest>
    <UnitTest name="FormsControlScaledLocationAndSize_NegativePositions_150Percent_Scaling" storage="d:\actions-runner\_work\xpco\xpco\allsolutions\..\common\sc_commonfiles\zsc_commonfiles_unittest\bin\debug\net6.0-windows\zsc_commonfiles_unittest.dll" id="13a2427c-e785-ce2d-2d1c-b445eff86f81">
      <Execution id="9f7a302d-2f11-4122-8dad-2de62c7f4d89" />
      <TestMethod codeBase="D:\actions-runner\_work\XPCO\XPCO\AllSolutions\..\Common\SC_CommonFiles\zSC_CommonFiles_UnitTest\bin\Debug\net6.0-windows\zSC_CommonFiles_UnitTest.dll" adapterTypeName="executor://mstestadapter/v2" className="zSC_CommonFiles_UnitTest.VideoOS.UI.Common.WPF.Utils.ExtensionMethods.WindowExtensionsTests" name="FormsControlScaledLocationAndSize_NegativePositions_150Percent_Scaling" />
    </UnitTest>
    <UnitTest name="ArrangeOverride__6child_EnoughSpace__NotShrunk" storage="d:\actions-runner\_work\xpco\xpco\allsolutions\..\common\sc_commonfiles\zsc_commonfiles_unittest\bin\debug\net6.0-windows\zsc_commonfiles_unittest.dll" id="d757e934-8867-a54c-c93f-b9b8e2d4f452">
      <TestCategory>
        <TestCategoryItem TestCategory="Controls" />
      </TestCategory>
      <Execution id="17900ce8-6a5a-4268-b795-c794d49ff93c" />
      <TestMethod codeBase="D:\actions-runner\_work\XPCO\XPCO\AllSolutions\..\Common\SC_CommonFiles\zSC_CommonFiles_UnitTest\bin\Debug\net6.0-windows\zSC_CommonFiles_UnitTest.dll" adapterTypeName="executor://mstestadapter/v2" className="VideoOS.UI.Common.WPF.Controls.HorizontalPanelTests" name="ArrangeOverride__6child_EnoughSpace__NotShrunk" />
    </UnitTest>
    <UnitTest name="Convert_WithMultiplier_Success" storage="d:\actions-runner\_work\xpco\xpco\allsolutions\..\common\sc_commonfiles\zsc_commonfiles_unittest\bin\debug\net6.0-windows\zsc_commonfiles_unittest.dll" id="f31e5243-90c8-7dae-7404-a3986e0efbe1">
      <TestCategory>
        <TestCategoryItem TestCategory="Converters" />
      </TestCategory>
      <Execution id="04f62b5b-65b2-42bb-8edb-f5fd7fa427a3" />
      <TestMethod codeBase="D:\actions-runner\_work\XPCO\XPCO\AllSolutions\..\Common\SC_CommonFiles\zSC_CommonFiles_UnitTest\bin\Debug\net6.0-windows\zSC_CommonFiles_UnitTest.dll" adapterTypeName="executor://mstestadapter/v2" className="VideoOS.UI.Common.WPF.Utils.Converters.OffsetConverterTests" name="Convert_WithMultiplier_Success" />
    </UnitTest>
    <UnitTest name="DetermineScaledWindowLocationAndSize_75Percent_Scaling" storage="d:\actions-runner\_work\xpco\xpco\allsolutions\..\common\sc_commonfiles\zsc_commonfiles_unittest\bin\debug\net6.0-windows\zsc_commonfiles_unittest.dll" id="d571e5ac-82ed-ebaf-4d14-3695e99fdecf">
      <Execution id="d4a12d78-0cae-4d70-b93b-a501fcb45b8f" />
      <TestMethod codeBase="D:\actions-runner\_work\XPCO\XPCO\AllSolutions\..\Common\SC_CommonFiles\zSC_CommonFiles_UnitTest\bin\Debug\net6.0-windows\zSC_CommonFiles_UnitTest.dll" adapterTypeName="executor://mstestadapter/v2" className="zSC_CommonFiles_UnitTest.VideoOS.UI.Common.WPF.Utils.ExtensionMethods.WindowExtensionsTests" name="DetermineScaledWindowLocationAndSize_75Percent_Scaling" />
    </UnitTest>
    <UnitTest name="RemoveToast_NonExistingToast_DoesNotCrash" storage="d:\actions-runner\_work\xpco\xpco\allsolutions\..\common\sc_commonfiles\zsc_commonfiles_unittest\bin\debug\net6.0-windows\zsc_commonfiles_unittest.dll" id="f9fd199c-9720-ab0c-f9a1-3482c7ab7054">
      <TestCategory>
        <TestCategoryItem TestCategory="Toasts" />
      </TestCategory>
      <Execution id="791326e1-c703-4bf1-ae8c-1196bf5d4cbe" />
      <TestMethod codeBase="D:\actions-runner\_work\XPCO\XPCO\AllSolutions\..\Common\SC_CommonFiles\zSC_CommonFiles_UnitTest\bin\Debug\net6.0-windows\zSC_CommonFiles_UnitTest.dll" adapterTypeName="executor://mstestadapter/v2" className="VideoOS.UI.Common.WPF.Toast.ToastManagerTests" name="RemoveToast_NonExistingToast_DoesNotCrash" />
    </UnitTest>
    <UnitTest name="CompareToTest" storage="d:\actions-runner\_work\xpco\xpco\allsolutions\..\common\sc_commonfiles\zsc_commonfiles_unittest\bin\debug\net6.0-windows\zsc_commonfiles_unittest.dll" id="cc3505a4-7232-cc24-3cfe-056b7e73ed2b">
      <Execution id="f5eaf400-ccd0-449f-b4c1-dcc42e2e47b6" />
      <TestMethod codeBase="D:\actions-runner\_work\XPCO\XPCO\AllSolutions\..\Common\SC_CommonFiles\zSC_CommonFiles_UnitTest\bin\Debug\net6.0-windows\zSC_CommonFiles_UnitTest.dll" adapterTypeName="executor://mstestadapter/v2" className="SmartClient_UnitTest_VideoOS_UI_Common_WPF_Timeline.TimeIntervalTest" name="CompareToTest" />
    </UnitTest>
    <UnitTest name="DownTileThrowsIfTileNotInBox" storage="d:\actions-runner\_work\xpco\xpco\allsolutions\..\common\sc_commonfiles\zsc_commonfiles_unittest\bin\debug\net6.0-windows\zsc_commonfiles_unittest.dll" id="da038b78-6557-20eb-7b54-2bd092edb693">
      <Execution id="b7e4c1fb-6d63-4a29-b882-5e1608f40cc5" />
      <TestMethod codeBase="D:\actions-runner\_work\XPCO\XPCO\AllSolutions\..\Common\SC_CommonFiles\zSC_CommonFiles_UnitTest\bin\Debug\net6.0-windows\zSC_CommonFiles_UnitTest.dll" adapterTypeName="executor://mstestadapter/v2" className="zSC_CommonFiles_UnitTest.DashboardTilesTests" name="DownTileThrowsIfTileNotInBox" />
    </UnitTest>
    <UnitTest name="AuthenticationWindowsDefault_SetProperties_Success" storage="d:\actions-runner\_work\xpco\xpco\allsolutions\..\common\sc_commonfiles\zsc_commonfiles_unittest\bin\debug\net6.0-windows\zsc_commonfiles_unittest.dll" id="da2d2e18-01f0-acb5-e8f2-d394d1e9d5f0">
      <TestCategory>
        <TestCategoryItem TestCategory="AuthenticationInfoTests" />
      </TestCategory>
      <Execution id="e6255005-f92f-4d9f-9ab4-0da680506499" />
      <TestMethod codeBase="D:\actions-runner\_work\XPCO\XPCO\AllSolutions\..\Common\SC_CommonFiles\zSC_CommonFiles_UnitTest\bin\Debug\net6.0-windows\zSC_CommonFiles_UnitTest.dll" adapterTypeName="executor://mstestadapter/v2" className="zSC_CommonFiles_UnitTest.VideoOS.Common.Login.AuthenticationInfoTests" name="AuthenticationWindowsDefault_SetProperties_Success" />
    </UnitTest>
    <UnitTest name="CleanUpShouldBeEnforced" storage="d:\actions-runner\_work\xpco\xpco\allsolutions\..\common\sc_commonfiles\zsc_commonfiles_unittest\bin\debug\net6.0-windows\zsc_commonfiles_unittest.dll" id="896a835e-aa00-d5b5-efb0-cae3f484c942">
      <Execution id="0216902d-81f8-4fe9-9998-cf1260a76d20" />
      <TestMethod codeBase="D:\actions-runner\_work\XPCO\XPCO\AllSolutions\..\Common\SC_CommonFiles\zSC_CommonFiles_UnitTest\bin\Debug\net6.0-windows\zSC_CommonFiles_UnitTest.dll" adapterTypeName="executor://mstestadapter/v2" className="SC_Common_UnitTest_VideoOS_UI_Common_Data_SequenceRetriever_ThumbCache.ThumbCacheTest" name="CleanUpShouldBeEnforced" />
    </UnitTest>
    <UnitTest name="Constructor_ShouldCreateDefaultSlide_WhenZeroSlidesGiven" storage="d:\actions-runner\_work\xpco\xpco\allsolutions\..\common\sc_commonfiles\zsc_commonfiles_unittest\bin\debug\net6.0-windows\zsc_commonfiles_unittest.dll" id="7cbfb0f2-220f-3c70-4132-45e5c8965201">
      <Execution id="60e072ab-52f1-48ff-8f0b-be8ff92f9a19" />
      <TestMethod codeBase="D:\actions-runner\_work\XPCO\XPCO\AllSolutions\..\Common\SC_CommonFiles\zSC_CommonFiles_UnitTest\bin\Debug\net6.0-windows\zSC_CommonFiles_UnitTest.dll" adapterTypeName="executor://mstestadapter/v2" className="zSC_CommonFiles_UnitTest.VideoOS.UI.Common.WPF.VideoText.VideoTextWindowViewModelTests" name="Constructor_ShouldCreateDefaultSlide_WhenZeroSlidesGiven" />
    </UnitTest>
    <UnitTest name="SaveToFile_ShouldSaveAllowUnsecureConnection_WhenAllowUnsecureSetToTrueAndNoUserExistsInXml" storage="d:\actions-runner\_work\xpco\xpco\allsolutions\..\common\sc_commonfiles\zsc_commonfiles_unittest\bin\debug\net6.0-windows\zsc_commonfiles_unittest.dll" id="968cb0b5-2676-6cd1-05ad-544228943f8e">
      <Execution id="c7db5b91-fce7-4491-88a4-09bdace3d87d" />
      <TestMethod codeBase="D:\actions-runner\_work\XPCO\XPCO\AllSolutions\..\Common\SC_CommonFiles\zSC_CommonFiles_UnitTest\bin\Debug\net6.0-windows\zSC_CommonFiles_UnitTest.dll" adapterTypeName="executor://mstestadapter/v2" className="zSC_CommonFiles_UnitTest.VideoOS.Common.Login.UIConnectionInfoTests" name="SaveToFile_ShouldSaveAllowUnsecureConnection_WhenAllowUnsecureSetToTrueAndNoUserExistsInXml" />
    </UnitTest>
    <UnitTest name="Constructor_StateSessionHelper_ArgumentNull_Thrown" storage="d:\actions-runner\_work\xpco\xpco\allsolutions\..\common\sc_commonfiles\zsc_commonfiles_unittest\bin\debug\net6.0-windows\zsc_commonfiles_unittest.dll" id="81f8c431-ec3f-72e9-977b-252633de4ae4">
      <Execution id="f6979fa9-0f80-44c7-9622-beb5ff5c5a25" />
      <TestMethod codeBase="D:\actions-runner\_work\XPCO\XPCO\AllSolutions\..\Common\SC_CommonFiles\zSC_CommonFiles_UnitTest\bin\Debug\net6.0-windows\zSC_CommonFiles_UnitTest.dll" adapterTypeName="executor://mstestadapter/v2" className="zSC_CommonFiles_UnitTest.VideoOS.Common.State.ServerStateManagerTests" name="Constructor_StateSessionHelper_ArgumentNull_Thrown" />
    </UnitTest>
    <UnitTest name="MeasureOverride_3childEnoughSpace_NotShrunk" storage="d:\actions-runner\_work\xpco\xpco\allsolutions\..\common\sc_commonfiles\zsc_commonfiles_unittest\bin\debug\net6.0-windows\zsc_commonfiles_unittest.dll" id="fe6a9027-ba74-76b9-9001-ff053b4242c3">
      <TestCategory>
        <TestCategoryItem TestCategory="Controls" />
      </TestCategory>
      <Execution id="1b16a4cd-6119-4b12-8dad-a8191771a219" />
      <TestMethod codeBase="D:\actions-runner\_work\XPCO\XPCO\AllSolutions\..\Common\SC_CommonFiles\zSC_CommonFiles_UnitTest\bin\Debug\net6.0-windows\zSC_CommonFiles_UnitTest.dll" adapterTypeName="executor://mstestadapter/v2" className="VideoOS.UI.Common.WPF.Controls.HorizontalPanelTests" name="MeasureOverride_3childEnoughSpace_NotShrunk" />
    </UnitTest>
    <UnitTest name="Ctor_ImmutablePropertiesSet" storage="d:\actions-runner\_work\xpco\xpco\allsolutions\..\common\sc_commonfiles\zsc_commonfiles_unittest\bin\debug\net6.0-windows\zsc_commonfiles_unittest.dll" id="01c86469-a2b3-56b4-e415-0f887f533923">
      <TestCategory>
        <TestCategoryItem TestCategory="Toasts" />
      </TestCategory>
      <Execution id="a104c1ed-4f71-41f8-b994-8d61dfafa352" />
      <TestMethod codeBase="D:\actions-runner\_work\XPCO\XPCO\AllSolutions\..\Common\SC_CommonFiles\zSC_CommonFiles_UnitTest\bin\Debug\net6.0-windows\zSC_CommonFiles_UnitTest.dll" adapterTypeName="executor://mstestadapter/v2" className="VideoOS.UI.Common.WPF.Toast.TextToastTests" name="Ctor_ImmutablePropertiesSet" />
    </UnitTest>
    <UnitTest name="MeasureCounters_UpdatesMemoryUsage_WithPercentage" storage="d:\actions-runner\_work\xpco\xpco\allsolutions\..\common\sc_commonfiles\zsc_commonfiles_unittest\bin\debug\net6.0-windows\zsc_commonfiles_unittest.dll" id="3d782eb2-1185-1de8-9482-d479e4373af3">
      <Execution id="c9e10b5d-62ea-4307-a725-2d9f4f9b907e" />
      <TestMethod codeBase="D:\actions-runner\_work\XPCO\XPCO\AllSolutions\..\Common\SC_CommonFiles\zSC_CommonFiles_UnitTest\bin\Debug\net6.0-windows\zSC_CommonFiles_UnitTest.dll" adapterTypeName="executor://mstestadapter/v2" className="zSC_CommonFiles_UnitTest.VideoOS.UI.Common.WPF.ClientDataGathererTests" name="MeasureCounters_UpdatesMemoryUsage_WithPercentage" />
    </UnitTest>
    <UnitTest name="OnPreviewKeyDown_Home_Success" storage="d:\actions-runner\_work\xpco\xpco\allsolutions\..\common\sc_commonfiles\zsc_commonfiles_unittest\bin\debug\net6.0-windows\zsc_commonfiles_unittest.dll" id="b68df490-f19b-a1a8-b878-ba437321192c">
      <TestCategory>
        <TestCategoryItem TestCategory="SC_CommonFiles.WPF.TileLayout" />
      </TestCategory>
      <Execution id="4539bd77-b518-46c6-8303-a533a8913f50" />
      <TestMethod codeBase="D:\actions-runner\_work\XPCO\XPCO\AllSolutions\..\Common\SC_CommonFiles\zSC_CommonFiles_UnitTest\bin\Debug\net6.0-windows\zSC_CommonFiles_UnitTest.dll" adapterTypeName="executor://mstestadapter/v2" className="zSC_CommonFiles_UnitTest.VideoOS.UI.Common.WPF.TileLayout.TileLayoutTest" name="OnPreviewKeyDown_Home_Success" />
    </UnitTest>
    <UnitTest name="AddRange_FewItems_SuccessWithSingleNotification" storage="d:\actions-runner\_work\xpco\xpco\allsolutions\..\common\sc_commonfiles\zsc_commonfiles_unittest\bin\debug\net6.0-windows\zsc_commonfiles_unittest.dll" id="2d512390-4feb-0be5-34ad-eaab831bb98b">
      <TestCategory>
        <TestCategoryItem TestCategory="SC_CommonFiles.WPF" />
      </TestCategory>
      <Execution id="2eb4c315-8187-4c7b-8b3a-892c460b1977" />
      <TestMethod codeBase="D:\actions-runner\_work\XPCO\XPCO\AllSolutions\..\Common\SC_CommonFiles\zSC_CommonFiles_UnitTest\bin\Debug\net6.0-windows\zSC_CommonFiles_UnitTest.dll" adapterTypeName="executor://mstestadapter/v2" className="zSC_CommonFiles_UnitTest.VideoOS.UI.Common.WPF.ObservableCollections.BulkObservableCollectionTests" name="AddRange_FewItems_SuccessWithSingleNotification" />
    </UnitTest>
    <UnitTest name="ClearUnsecureConnectionAllowedForUser_ShouldDoNothing_WhenUserDoesNotExist" storage="d:\actions-runner\_work\xpco\xpco\allsolutions\..\common\sc_commonfiles\zsc_commonfiles_unittest\bin\debug\net6.0-windows\zsc_commonfiles_unittest.dll" id="b0a63f8f-6af7-a1eb-69e4-87897c177ded">
      <Execution id="fd612893-ddad-489b-86d1-d570b4766972" />
      <TestMethod codeBase="D:\actions-runner\_work\XPCO\XPCO\AllSolutions\..\Common\SC_CommonFiles\zSC_CommonFiles_UnitTest\bin\Debug\net6.0-windows\zSC_CommonFiles_UnitTest.dll" adapterTypeName="executor://mstestadapter/v2" className="zSC_CommonFiles_UnitTest.VideoOS.Common.Login.UIConnectionInfoTests" name="ClearUnsecureConnectionAllowedForUser_ShouldDoNothing_WhenUserDoesNotExist" />
    </UnitTest>
    <UnitTest name="OnApplyChildClip_Success" storage="d:\actions-runner\_work\xpco\xpco\allsolutions\..\common\sc_commonfiles\zsc_commonfiles_unittest\bin\debug\net6.0-windows\zsc_commonfiles_unittest.dll" id="cef7f277-5dc3-b0b8-eda4-af499be481dc">
      <TestCategory>
        <TestCategoryItem TestCategory="SC_CommonFiles.WPF.TileLayout" />
      </TestCategory>
      <Execution id="d705a41b-a65d-43ae-a299-7b2053371664" />
      <TestMethod codeBase="D:\actions-runner\_work\XPCO\XPCO\AllSolutions\..\Common\SC_CommonFiles\zSC_CommonFiles_UnitTest\bin\Debug\net6.0-windows\zSC_CommonFiles_UnitTest.dll" adapterTypeName="executor://mstestadapter/v2" className="zSC_CommonFiles_UnitTest.VideoOS.UI.Common.WPF.TileLayout.ItemHolderTest" name="OnApplyChildClip_Success" />
    </UnitTest>
    <UnitTest name="FormsControlScaledLocationAndSize_AnchorLeftAndTop_150Percent_Scaling" storage="d:\actions-runner\_work\xpco\xpco\allsolutions\..\common\sc_commonfiles\zsc_commonfiles_unittest\bin\debug\net6.0-windows\zsc_commonfiles_unittest.dll" id="3e5839e2-2685-aaaf-8dd6-2d9da7f4f9a8">
      <Execution id="d71416d1-ca1e-46c9-babf-63b6508f90e5" />
      <TestMethod codeBase="D:\actions-runner\_work\XPCO\XPCO\AllSolutions\..\Common\SC_CommonFiles\zSC_CommonFiles_UnitTest\bin\Debug\net6.0-windows\zSC_CommonFiles_UnitTest.dll" adapterTypeName="executor://mstestadapter/v2" className="zSC_CommonFiles_UnitTest.VideoOS.UI.Common.WPF.Utils.ExtensionMethods.WindowExtensionsTests" name="FormsControlScaledLocationAndSize_AnchorLeftAndTop_150Percent_Scaling" />
    </UnitTest>
    <UnitTest name="ToastsCanEnterQueue_Success" storage="d:\actions-runner\_work\xpco\xpco\allsolutions\..\common\sc_commonfiles\zsc_commonfiles_unittest\bin\debug\net6.0-windows\zsc_commonfiles_unittest.dll" id="126d2357-7090-a0c3-d4b1-34920ceb72d7">
      <TestCategory>
        <TestCategoryItem TestCategory="Toasts" />
      </TestCategory>
      <Execution id="bc59db81-48eb-40e5-b0f1-0900107a8730" />
      <TestMethod codeBase="D:\actions-runner\_work\XPCO\XPCO\AllSolutions\..\Common\SC_CommonFiles\zSC_CommonFiles_UnitTest\bin\Debug\net6.0-windows\zSC_CommonFiles_UnitTest.dll" adapterTypeName="executor://mstestadapter/v2" className="zSC_CommonFiles_UnitTest.VideoOS.UI.Common.WPF.Toast.ToastsViewModelTests" name="ToastsCanEnterQueue_Success" />
    </UnitTest>
    <UnitTest name="Convert_NoAutomationIdWithFallbackProperty_ReturnsValue" storage="d:\actions-runner\_work\xpco\xpco\allsolutions\..\common\sc_commonfiles\zsc_commonfiles_unittest\bin\debug\net6.0-windows\zsc_commonfiles_unittest.dll" id="ed486ee2-750d-c7b9-06cc-eb3021382eda">
      <TestCategory>
        <TestCategoryItem TestCategory="Converters" />
      </TestCategory>
      <Execution id="14e3f2e7-5f2f-4780-a3dc-4c5cb6488ac4" />
      <TestMethod codeBase="D:\actions-runner\_work\XPCO\XPCO\AllSolutions\..\Common\SC_CommonFiles\zSC_CommonFiles_UnitTest\bin\Debug\net6.0-windows\zSC_CommonFiles_UnitTest.dll" adapterTypeName="executor://mstestadapter/v2" className="VideoOS.UI.Common.WPF.Utils.Converters.AutomationIdConverterTests" name="Convert_NoAutomationIdWithFallbackProperty_ReturnsValue" />
    </UnitTest>
    <UnitTest name="UpTileSwapsPositionsOfTileAndPredecessor" storage="d:\actions-runner\_work\xpco\xpco\allsolutions\..\common\sc_commonfiles\zsc_commonfiles_unittest\bin\debug\net6.0-windows\zsc_commonfiles_unittest.dll" id="ff05611d-fdda-b2a8-4bf8-b702f180c253">
      <Execution id="2fab885c-ea6d-4534-a20c-4d253d38132f" />
      <TestMethod codeBase="D:\actions-runner\_work\XPCO\XPCO\AllSolutions\..\Common\SC_CommonFiles\zSC_CommonFiles_UnitTest\bin\Debug\net6.0-windows\zSC_CommonFiles_UnitTest.dll" adapterTypeName="executor://mstestadapter/v2" className="zSC_CommonFiles_UnitTest.DashboardTilesTests" name="UpTileSwapsPositionsOfTileAndPredecessor" />
    </UnitTest>
    <UnitTest name="Changing_The_First_Item_Works" storage="d:\actions-runner\_work\xpco\xpco\allsolutions\..\common\sc_commonfiles\zsc_commonfiles_unittest\bin\debug\net6.0-windows\zsc_commonfiles_unittest.dll" id="be742706-2384-ae61-bc11-568bd8c32abe">
      <Execution id="f548d68a-7b5a-43d8-8a7e-b5f98e66c14b" />
      <TestMethod codeBase="D:\actions-runner\_work\XPCO\XPCO\AllSolutions\..\Common\SC_CommonFiles\zSC_CommonFiles_UnitTest\bin\Debug\net6.0-windows\zSC_CommonFiles_UnitTest.dll" adapterTypeName="executor://mstestadapter/v2" className="zSC_CommonFiles_UnitTest.VideoOS.UI.Common.WPF.Utils.ReadOnlyCollectionExtensionsTest" name="Changing_The_First_Item_Works" />
    </UnitTest>
    <UnitTest name="RangeMaxEdit_EnterLargeNumber_EditFieldAutosizedAndAlignedRight" storage="d:\actions-runner\_work\xpco\xpco\allsolutions\..\common\sc_commonfiles\zsc_commonfiles_unittest\bin\debug\net6.0-windows\zsc_commonfiles_unittest.dll" id="3a686c1f-b102-e8a9-b329-09a0749c945a">
      <TestCategory>
        <TestCategoryItem TestCategory="RangeSelector" />
      </TestCategory>
      <Execution id="b5fd2d31-bdaf-437b-b302-8f408a194f22" />
      <TestMethod codeBase="D:\actions-runner\_work\XPCO\XPCO\AllSolutions\..\Common\SC_CommonFiles\zSC_CommonFiles_UnitTest\bin\Debug\net6.0-windows\zSC_CommonFiles_UnitTest.dll" adapterTypeName="executor://mstestadapter/v2" className="VideoOS.UI.Common.WPF.RangeSelector.RangeSelectorTest" name="RangeMaxEdit_EnterLargeNumber_EditFieldAutosizedAndAlignedRight" />
    </UnitTest>
    <UnitTest name="StopsFiringAfterRemove" storage="d:\actions-runner\_work\xpco\xpco\allsolutions\..\common\sc_commonfiles\zsc_commonfiles_unittest\bin\debug\net6.0-windows\zsc_commonfiles_unittest.dll" id="3b4e9ba3-5a1a-3d04-7b0a-c75c5f0c3a72">
      <Execution id="75e99eed-c6e9-4b58-b102-b7e73a553f6f" />
      <TestMethod codeBase="D:\actions-runner\_work\XPCO\XPCO\AllSolutions\..\Common\SC_CommonFiles\zSC_CommonFiles_UnitTest\bin\Debug\net6.0-windows\zSC_CommonFiles_UnitTest.dll" adapterTypeName="executor://mstestadapter/v2" className="zSC_CommonFiles_UnitTest.VideoOS.UI.Common.WPF.Utils.WeakEventTests" name="StopsFiringAfterRemove" />
    </UnitTest>
    <UnitTest name="ArrangeOverride__6child_2MustShrink__2AreShrunk" storage="d:\actions-runner\_work\xpco\xpco\allsolutions\..\common\sc_commonfiles\zsc_commonfiles_unittest\bin\debug\net6.0-windows\zsc_commonfiles_unittest.dll" id="2ad348ab-ada5-a25f-9253-b563f1c5898f">
      <TestCategory>
        <TestCategoryItem TestCategory="Controls" />
      </TestCategory>
      <Execution id="99dc664f-836b-409f-a3ee-8b8a3de467ef" />
      <TestMethod codeBase="D:\actions-runner\_work\XPCO\XPCO\AllSolutions\..\Common\SC_CommonFiles\zSC_CommonFiles_UnitTest\bin\Debug\net6.0-windows\zSC_CommonFiles_UnitTest.dll" adapterTypeName="executor://mstestadapter/v2" className="VideoOS.UI.Common.WPF.Controls.HorizontalPanelTests" name="ArrangeOverride__6child_2MustShrink__2AreShrunk" />
    </UnitTest>
    <UnitTest name="Convert_ShouldReturnGreaterThanString_WhenValueIsDoubleValueGreaterThanThreshold" storage="d:\actions-runner\_work\xpco\xpco\allsolutions\..\common\sc_commonfiles\zsc_commonfiles_unittest\bin\debug\net6.0-windows\zsc_commonfiles_unittest.dll" id="2ee2e56d-59f2-3ef3-a9cd-f2fe65fa91af">
      <Execution id="b5ead6e4-9689-4b36-806d-275ba121d903" />
      <TestMethod codeBase="D:\actions-runner\_work\XPCO\XPCO\AllSolutions\..\Common\SC_CommonFiles\zSC_CommonFiles_UnitTest\bin\Debug\net6.0-windows\zSC_CommonFiles_UnitTest.dll" adapterTypeName="executor://mstestadapter/v2" className="zSC_CommonFiles_UnitTest.VideoOS.UI.Common.WPF.Utils.Converters.CountToStringConverterTests" name="Convert_ShouldReturnGreaterThanString_WhenValueIsDoubleValueGreaterThanThreshold" />
    </UnitTest>
    <UnitTest name="GetStringValueOrDefault_WrongKeyValue_DefaultValueReturned" storage="d:\actions-runner\_work\xpco\xpco\allsolutions\..\common\sc_commonfiles\zsc_commonfiles_unittest\bin\debug\net6.0-windows\zsc_commonfiles_unittest.dll" id="6e65f41d-fe2d-ee70-9028-5945410fb292">
      <Execution id="ab782c25-de7f-433c-8189-8e922a84a373" />
      <TestMethod codeBase="D:\actions-runner\_work\XPCO\XPCO\AllSolutions\..\Common\SC_CommonFiles\zSC_CommonFiles_UnitTest\bin\Debug\net6.0-windows\zSC_CommonFiles_UnitTest.dll" adapterTypeName="executor://mstestadapter/v2" className="zSC_CommonFiles_UnitTest.VideoOS.Common.Configuration.NameValueCollectionExtensionsTest" name="GetStringValueOrDefault_WrongKeyValue_DefaultValueReturned" />
    </UnitTest>
    <UnitTest name="RoundToMinute_Down" storage="d:\actions-runner\_work\xpco\xpco\allsolutions\..\common\sc_commonfiles\zsc_commonfiles_unittest\bin\debug\net6.0-windows\zsc_commonfiles_unittest.dll" id="5a716387-727c-9f4a-576d-c532745d27fc">
      <Execution id="aed84487-ab41-401e-81f3-6c386fc3a278" />
      <TestMethod codeBase="D:\actions-runner\_work\XPCO\XPCO\AllSolutions\..\Common\SC_CommonFiles\zSC_CommonFiles_UnitTest\bin\Debug\net6.0-windows\zSC_CommonFiles_UnitTest.dll" adapterTypeName="executor://mstestadapter/v2" className="zSC_CommonFiles_UnitTest.VideoOS.UI.Common.WPF.Utils.ExtensionMethods.DateTimeExtensionsTests" name="RoundToMinute_Down" />
    </UnitTest>
    <UnitTest name="Convert_SingleValueConverter_ValidValue_Success" storage="d:\actions-runner\_work\xpco\xpco\allsolutions\..\common\sc_commonfiles\zsc_commonfiles_unittest\bin\debug\net6.0-windows\zsc_commonfiles_unittest.dll" id="d5c0e485-765d-c99d-60c1-f669baa2c385">
      <Execution id="aa7a779c-01e2-4e96-a705-d11653206379" />
      <TestMethod codeBase="D:\actions-runner\_work\XPCO\XPCO\AllSolutions\..\Common\SC_CommonFiles\zSC_CommonFiles_UnitTest\bin\Debug\net6.0-windows\zSC_CommonFiles_UnitTest.dll" adapterTypeName="executor://mstestadapter/v2" className="zSC_CommonFiles_UnitTest.VideoOS.UI.Common.WPF.Utils.Converters.MaxWidthConverterTests" name="Convert_SingleValueConverter_ValidValue_Success" />
    </UnitTest>
    <UnitTest name="OkNewTileThrowsIfNoEventSources" storage="d:\actions-runner\_work\xpco\xpco\allsolutions\..\common\sc_commonfiles\zsc_commonfiles_unittest\bin\debug\net6.0-windows\zsc_commonfiles_unittest.dll" id="b986ab05-f3dd-e5e1-b031-20a48d4b9519">
      <Execution id="d6541940-d5b4-4e4c-a05b-501e759cd6a0" />
      <TestMethod codeBase="D:\actions-runner\_work\XPCO\XPCO\AllSolutions\..\Common\SC_CommonFiles\zSC_CommonFiles_UnitTest\bin\Debug\net6.0-windows\zSC_CommonFiles_UnitTest.dll" adapterTypeName="executor://mstestadapter/v2" className="zSC_CommonFiles_UnitTest.DashboardTilesTests" name="OkNewTileThrowsIfNoEventSources" />
    </UnitTest>
    <UnitTest name="DetermineScaledWindowLocationAndSize_AtPosition_150Percent_Scaling" storage="d:\actions-runner\_work\xpco\xpco\allsolutions\..\common\sc_commonfiles\zsc_commonfiles_unittest\bin\debug\net6.0-windows\zsc_commonfiles_unittest.dll" id="4542ac08-3156-be6f-f9b6-60fac905db13">
      <Execution id="38c7274c-2966-4ead-8113-087ea8ea5ef4" />
      <TestMethod codeBase="D:\actions-runner\_work\XPCO\XPCO\AllSolutions\..\Common\SC_CommonFiles\zSC_CommonFiles_UnitTest\bin\Debug\net6.0-windows\zSC_CommonFiles_UnitTest.dll" adapterTypeName="executor://mstestadapter/v2" className="zSC_CommonFiles_UnitTest.VideoOS.UI.Common.WPF.Utils.ExtensionMethods.WindowExtensionsTests" name="DetermineScaledWindowLocationAndSize_AtPosition_150Percent_Scaling" />
    </UnitTest>
    <UnitTest name="SetTheSameCamAndDateTimeTwice" storage="d:\actions-runner\_work\xpco\xpco\allsolutions\..\common\sc_commonfiles\zsc_commonfiles_unittest\bin\debug\net6.0-windows\zsc_commonfiles_unittest.dll" id="c3eb088b-e534-d6fa-e2f7-38f7fde309c3">
      <Execution id="a8056e13-6e74-408f-83ce-4bef90561729" />
      <TestMethod codeBase="D:\actions-runner\_work\XPCO\XPCO\AllSolutions\..\Common\SC_CommonFiles\zSC_CommonFiles_UnitTest\bin\Debug\net6.0-windows\zSC_CommonFiles_UnitTest.dll" adapterTypeName="executor://mstestadapter/v2" className="SC_Common_UnitTest_VideoOS_UI_Common_Data_SequenceRetriever_ThumbCache.ThumbCacheTest" name="SetTheSameCamAndDateTimeTwice" />
    </UnitTest>
    <UnitTest name="AllowUnsecureConnection_ShouldBeTrue_WhenNoServerEntryButUserExists" storage="d:\actions-runner\_work\xpco\xpco\allsolutions\..\common\sc_commonfiles\zsc_commonfiles_unittest\bin\debug\net6.0-windows\zsc_commonfiles_unittest.dll" id="50b702b0-e703-363d-0b04-619370ec937b">
      <Execution id="6cc457a7-726e-4017-a229-15434c266c18" />
      <TestMethod codeBase="D:\actions-runner\_work\XPCO\XPCO\AllSolutions\..\Common\SC_CommonFiles\zSC_CommonFiles_UnitTest\bin\Debug\net6.0-windows\zSC_CommonFiles_UnitTest.dll" adapterTypeName="executor://mstestadapter/v2" className="zSC_CommonFiles_UnitTest.VideoOS.Common.Login.UIConnectionInfoTests" name="AllowUnsecureConnection_ShouldBeTrue_WhenNoServerEntryButUserExists" />
    </UnitTest>
    <UnitTest name="DrawControl_NegatigeMinValue_VisualsOK" storage="d:\actions-runner\_work\xpco\xpco\allsolutions\..\common\sc_commonfiles\zsc_commonfiles_unittest\bin\debug\net6.0-windows\zsc_commonfiles_unittest.dll" id="ae9f9017-443d-54ba-c5ef-294c75c79e4f">
      <TestCategory>
        <TestCategoryItem TestCategory="RangeSelector" />
      </TestCategory>
      <Execution id="10844e6b-c2e4-47c1-8d86-6ad34e15996e" />
      <TestMethod codeBase="D:\actions-runner\_work\XPCO\XPCO\AllSolutions\..\Common\SC_CommonFiles\zSC_CommonFiles_UnitTest\bin\Debug\net6.0-windows\zSC_CommonFiles_UnitTest.dll" adapterTypeName="executor://mstestadapter/v2" className="VideoOS.UI.Common.WPF.RangeSelector.RangeSelectorTest" name="DrawControl_NegatigeMinValue_VisualsOK" />
    </UnitTest>
    <UnitTest name="RemoveFrameworkElementsOverlay_WithUnknownId_ShouldLeaveListsUnchanged" storage="d:\actions-runner\_work\xpco\xpco\allsolutions\..\common\sc_commonfiles\zsc_commonfiles_unittest\bin\debug\net6.0-windows\zsc_commonfiles_unittest.dll" id="78d8640f-f64c-e788-cbb5-62b4d5593dba">
      <Execution id="e57fa326-5dbd-4f65-8ea4-c239bbd918b9" />
      <TestMethod codeBase="D:\actions-runner\_work\XPCO\XPCO\AllSolutions\..\Common\SC_CommonFiles\zSC_CommonFiles_UnitTest\bin\Debug\net6.0-windows\zSC_CommonFiles_UnitTest.dll" adapterTypeName="executor://mstestadapter/v2" className="zSC_CommonFiles_UnitTest.VideoOS.UI.Common.WPF.VideoPlayer.Model.FrameworkElementsOverlayModelTests" name="RemoveFrameworkElementsOverlay_WithUnknownId_ShouldLeaveListsUnchanged" />
    </UnitTest>
    <UnitTest name="OnPreviewKeyDown_RightCtrl_A_SelectAll_Success" storage="d:\actions-runner\_work\xpco\xpco\allsolutions\..\common\sc_commonfiles\zsc_commonfiles_unittest\bin\debug\net6.0-windows\zsc_commonfiles_unittest.dll" id="a4f1aa92-0955-504e-be1f-a783fd5bf664">
      <TestCategory>
        <TestCategoryItem TestCategory="SC_CommonFiles.WPF.TileLayout" />
      </TestCategory>
      <Execution id="727e09aa-b2c7-4a89-ba44-fbd7e02e6d0a" />
      <TestMethod codeBase="D:\actions-runner\_work\XPCO\XPCO\AllSolutions\..\Common\SC_CommonFiles\zSC_CommonFiles_UnitTest\bin\Debug\net6.0-windows\zSC_CommonFiles_UnitTest.dll" adapterTypeName="executor://mstestadapter/v2" className="zSC_CommonFiles_UnitTest.VideoOS.UI.Common.WPF.TileLayout.TileLayoutTest" name="OnPreviewKeyDown_RightCtrl_A_SelectAll_Success" />
    </UnitTest>
    <UnitTest name="EmptyConstructor_ShouldCreateDefaultSlide" storage="d:\actions-runner\_work\xpco\xpco\allsolutions\..\common\sc_commonfiles\zsc_commonfiles_unittest\bin\debug\net6.0-windows\zsc_commonfiles_unittest.dll" id="c9c040fb-43ed-370d-2782-b2d5defe722d">
      <Execution id="cd39b50d-efb7-4ed9-acec-8e83f826b74f" />
      <TestMethod codeBase="D:\actions-runner\_work\XPCO\XPCO\AllSolutions\..\Common\SC_CommonFiles\zSC_CommonFiles_UnitTest\bin\Debug\net6.0-windows\zSC_CommonFiles_UnitTest.dll" adapterTypeName="executor://mstestadapter/v2" className="zSC_CommonFiles_UnitTest.VideoOS.UI.Common.WPF.VideoText.VideoTextWindowViewModelTests" name="EmptyConstructor_ShouldCreateDefaultSlide" />
    </UnitTest>
    <UnitTest name="GetBoolValueOrDefault_EmptyKeyValue_DefaultValueReturned" storage="d:\actions-runner\_work\xpco\xpco\allsolutions\..\common\sc_commonfiles\zsc_commonfiles_unittest\bin\debug\net6.0-windows\zsc_commonfiles_unittest.dll" id="9e8c12e8-27ef-31c9-ca23-5d60c890c874">
      <Execution id="1e198c5a-66d4-4fb4-a675-85aba49969b3" />
      <TestMethod codeBase="D:\actions-runner\_work\XPCO\XPCO\AllSolutions\..\Common\SC_CommonFiles\zSC_CommonFiles_UnitTest\bin\Debug\net6.0-windows\zSC_CommonFiles_UnitTest.dll" adapterTypeName="executor://mstestadapter/v2" className="zSC_CommonFiles_UnitTest.VideoOS.Common.Configuration.NameValueCollectionExtensionsTest" name="GetBoolValueOrDefault_EmptyKeyValue_DefaultValueReturned" />
    </UnitTest>
    <UnitTest name="TooltipServiceWarning_EmptyServerType" storage="d:\actions-runner\_work\xpco\xpco\allsolutions\..\common\sc_commonfiles\zsc_commonfiles_unittest\bin\debug\net6.0-windows\zsc_commonfiles_unittest.dll" id="af1fb9a2-8a78-6d8f-f175-66671f902a9b">
      <Execution id="18cf9565-7556-4b63-ba78-00a78abc66bf" />
      <TestMethod codeBase="D:\actions-runner\_work\XPCO\XPCO\AllSolutions\..\Common\SC_CommonFiles\zSC_CommonFiles_UnitTest\bin\Debug\net6.0-windows\zSC_CommonFiles_UnitTest.dll" adapterTypeName="executor://mstestadapter/v2" className="zSC_CommonFiles_UnitTest.VideoOS.UI.Common.WPF.Dashboard.Types.ServerTest" name="TooltipServiceWarning_EmptyServerType" />
    </UnitTest>
    <UnitTest name="Create_RecycledItemAlreadyBeingReused_Success" storage="d:\actions-runner\_work\xpco\xpco\allsolutions\..\common\sc_commonfiles\zsc_commonfiles_unittest\bin\debug\net6.0-windows\zsc_commonfiles_unittest.dll" id="661c40ac-bb0a-5c56-01a5-d53b34f19b38">
      <Execution id="ad0d12ae-9037-4d00-971c-222f9279023b" />
      <TestMethod codeBase="D:\actions-runner\_work\XPCO\XPCO\AllSolutions\..\Common\SC_CommonFiles\zSC_CommonFiles_UnitTest\bin\Debug\net6.0-windows\zSC_CommonFiles_UnitTest.dll" adapterTypeName="executor://mstestadapter/v2" className="VideoOS.UI.Common.WPF.Utils.RecyclingFactory.RecyclingFactoryTests" name="Create_RecycledItemAlreadyBeingReused_Success" />
    </UnitTest>
    <UnitTest name="Changing_The_Last_Item_Works" storage="d:\actions-runner\_work\xpco\xpco\allsolutions\..\common\sc_commonfiles\zsc_commonfiles_unittest\bin\debug\net6.0-windows\zsc_commonfiles_unittest.dll" id="cbb93574-008f-0923-82a1-ea6b8693b1c4">
      <Execution id="3f3695f1-d6c3-43b8-a3a3-b2f1d836178d" />
      <TestMethod codeBase="D:\actions-runner\_work\XPCO\XPCO\AllSolutions\..\Common\SC_CommonFiles\zSC_CommonFiles_UnitTest\bin\Debug\net6.0-windows\zSC_CommonFiles_UnitTest.dll" adapterTypeName="executor://mstestadapter/v2" className="zSC_CommonFiles_UnitTest.VideoOS.UI.Common.WPF.Utils.ReadOnlyCollectionExtensionsTest" name="Changing_The_Last_Item_Works" />
    </UnitTest>
    <UnitTest name="Convert_MultiValueConverter_ValidValues_Success" storage="d:\actions-runner\_work\xpco\xpco\allsolutions\..\common\sc_commonfiles\zsc_commonfiles_unittest\bin\debug\net6.0-windows\zsc_commonfiles_unittest.dll" id="959b9c9e-d734-ce8a-a43a-d0fda79ec4d9">
      <Execution id="c6389bd1-a5aa-4b4b-99a0-73d9c6791ec8" />
      <TestMethod codeBase="D:\actions-runner\_work\XPCO\XPCO\AllSolutions\..\Common\SC_CommonFiles\zSC_CommonFiles_UnitTest\bin\Debug\net6.0-windows\zSC_CommonFiles_UnitTest.dll" adapterTypeName="executor://mstestadapter/v2" className="zSC_CommonFiles_UnitTest.VideoOS.UI.Common.WPF.Utils.Converters.MaxWidthConverterTests" name="Convert_MultiValueConverter_ValidValues_Success" />
    </UnitTest>
    <UnitTest name="SequenceEqualIgnoreOrder_EqualCollections_IgnoreOrder_SymmetricalTrueResult" storage="d:\actions-runner\_work\xpco\xpco\allsolutions\..\common\sc_commonfiles\zsc_commonfiles_unittest\bin\debug\net6.0-windows\zsc_commonfiles_unittest.dll" id="a295235b-bf9f-1e32-c688-419c5d57596e">
      <Execution id="dc95a914-21ec-46fd-83b3-be0f6d39069a" />
      <TestMethod codeBase="D:\actions-runner\_work\XPCO\XPCO\AllSolutions\..\Common\SC_CommonFiles\zSC_CommonFiles_UnitTest\bin\Debug\net6.0-windows\zSC_CommonFiles_UnitTest.dll" adapterTypeName="executor://mstestadapter/v2" className="zSC_CommonFiles_UnitTest.VideoOS.UI.Common.WPF.Utils.ExtensionMethods.IEnumerableExtensionTests" name="SequenceEqualIgnoreOrder_EqualCollections_IgnoreOrder_SymmetricalTrueResult" />
    </UnitTest>
    <UnitTest name="TimerOnElapsed_MaxIdleTimeReached_CleanupNotPerformed" storage="d:\actions-runner\_work\xpco\xpco\allsolutions\..\common\sc_commonfiles\zsc_commonfiles_unittest\bin\debug\net6.0-windows\zsc_commonfiles_unittest.dll" id="eff56118-333e-58bc-c876-e39cbb7e3925">
      <Execution id="44b749c4-d853-4583-8c3d-603bfe095e90" />
      <TestMethod codeBase="D:\actions-runner\_work\XPCO\XPCO\AllSolutions\..\Common\SC_CommonFiles\zSC_CommonFiles_UnitTest\bin\Debug\net6.0-windows\zSC_CommonFiles_UnitTest.dll" adapterTypeName="executor://mstestadapter/v2" className="VideoOS.UI.Common.WPF.Utils.RecyclingFactory.RecyclingFactoryTests" name="TimerOnElapsed_MaxIdleTimeReached_CleanupNotPerformed" />
    </UnitTest>
    <UnitTest name="GetColumnDefinitions_Success" storage="d:\actions-runner\_work\xpco\xpco\allsolutions\..\common\sc_commonfiles\zsc_commonfiles_unittest\bin\debug\net6.0-windows\zsc_commonfiles_unittest.dll" id="e04fdc2f-e623-9c34-4386-5fa6abb1dcd4">
      <TestCategory>
        <TestCategoryItem TestCategory="SC_CommonFiles.WPF.TileLayout" />
      </TestCategory>
      <Execution id="bde0d609-01bc-4f26-a134-953fe84bfaf7" />
      <TestMethod codeBase="D:\actions-runner\_work\XPCO\XPCO\AllSolutions\..\Common\SC_CommonFiles\zSC_CommonFiles_UnitTest\bin\Debug\net6.0-windows\zSC_CommonFiles_UnitTest.dll" adapterTypeName="executor://mstestadapter/v2" className="zSC_CommonFiles_UnitTest.VideoOS.UI.Common.WPF.TileLayout.TileLayoutTest" name="GetColumnDefinitions_Success" />
    </UnitTest>
    <UnitTest name="RoundToSecond_Down" storage="d:\actions-runner\_work\xpco\xpco\allsolutions\..\common\sc_commonfiles\zsc_commonfiles_unittest\bin\debug\net6.0-windows\zsc_commonfiles_unittest.dll" id="7f7d1819-d3c3-0c1a-31f2-188e1a6b0674">
      <Execution id="47f9ec43-df4d-43b6-a959-59196e166995" />
      <TestMethod codeBase="D:\actions-runner\_work\XPCO\XPCO\AllSolutions\..\Common\SC_CommonFiles\zSC_CommonFiles_UnitTest\bin\Debug\net6.0-windows\zSC_CommonFiles_UnitTest.dll" adapterTypeName="executor://mstestadapter/v2" className="zSC_CommonFiles_UnitTest.VideoOS.UI.Common.WPF.Utils.ExtensionMethods.DateTimeExtensionsTests" name="RoundToSecond_Down" />
    </UnitTest>
    <UnitTest name="Constructor_StateSessionHelperFactory_ArgumentNull_Thrown" storage="d:\actions-runner\_work\xpco\xpco\allsolutions\..\common\sc_commonfiles\zsc_commonfiles_unittest\bin\debug\net6.0-windows\zsc_commonfiles_unittest.dll" id="107b14c3-6a21-48da-a917-3a863ef45b45">
      <Execution id="49b3b03d-8a21-4992-a293-0d8fe6e17e24" />
      <TestMethod codeBase="D:\actions-runner\_work\XPCO\XPCO\AllSolutions\..\Common\SC_CommonFiles\zSC_CommonFiles_UnitTest\bin\Debug\net6.0-windows\zSC_CommonFiles_UnitTest.dll" adapterTypeName="executor://mstestadapter/v2" className="zSC_CommonFiles_UnitTest.VideoOS.Common.State.StateManagerTests" name="Constructor_StateSessionHelperFactory_ArgumentNull_Thrown" />
    </UnitTest>
    <UnitTest name="SelectedItems_Cleanup_Success" storage="d:\actions-runner\_work\xpco\xpco\allsolutions\..\common\sc_commonfiles\zsc_commonfiles_unittest\bin\debug\net6.0-windows\zsc_commonfiles_unittest.dll" id="99ffc01d-6d47-54d4-118d-67b642c0d057">
      <TestCategory>
        <TestCategoryItem TestCategory="SC_CommonFiles.WPF.TileLayout" />
      </TestCategory>
      <Execution id="83bf1f8b-63d9-4145-afc5-b56e330f6ee7" />
      <TestMethod codeBase="D:\actions-runner\_work\XPCO\XPCO\AllSolutions\..\Common\SC_CommonFiles\zSC_CommonFiles_UnitTest\bin\Debug\net6.0-windows\zSC_CommonFiles_UnitTest.dll" adapterTypeName="executor://mstestadapter/v2" className="zSC_CommonFiles_UnitTest.VideoOS.UI.Common.WPF.TileLayout.TileLayoutTest" name="SelectedItems_Cleanup_Success" />
    </UnitTest>
    <UnitTest name="LoaderIsNotCalledWhenDataIsInCacheTest" storage="d:\actions-runner\_work\xpco\xpco\allsolutions\..\common\sc_commonfiles\zsc_commonfiles_unittest\bin\debug\net6.0-windows\zsc_commonfiles_unittest.dll" id="9d6748d3-43a8-fd2d-d4c5-a0b3805774ee">
      <Execution id="219617ab-0e8f-44ac-8e0f-54b6185e73c2" />
      <TestMethod codeBase="D:\actions-runner\_work\XPCO\XPCO\AllSolutions\..\Common\SC_CommonFiles\zSC_CommonFiles_UnitTest\bin\Debug\net6.0-windows\zSC_CommonFiles_UnitTest.dll" adapterTypeName="executor://mstestadapter/v2" className="SC_CommonFiles_UnitTest_VideoOS_UI_Common_Data_SequenceRetriever.ThumbFetcherTest" name="LoaderIsNotCalledWhenDataIsInCacheTest" />
    </UnitTest>
    <UnitTest name="RemoveToast_ExistingToast_Success" storage="d:\actions-runner\_work\xpco\xpco\allsolutions\..\common\sc_commonfiles\zsc_commonfiles_unittest\bin\debug\net6.0-windows\zsc_commonfiles_unittest.dll" id="6ff49ce2-6c5f-2d12-78c5-d9fccb402e88">
      <TestCategory>
        <TestCategoryItem TestCategory="Toasts" />
      </TestCategory>
      <Execution id="39532fc1-1b39-4bd5-bbdb-edf3b22cc42a" />
      <TestMethod codeBase="D:\actions-runner\_work\XPCO\XPCO\AllSolutions\..\Common\SC_CommonFiles\zSC_CommonFiles_UnitTest\bin\Debug\net6.0-windows\zSC_CommonFiles_UnitTest.dll" adapterTypeName="executor://mstestadapter/v2" className="VideoOS.UI.Common.WPF.Toast.ToastManagerTests" name="RemoveToast_ExistingToast_Success" />
    </UnitTest>
    <UnitTest name="TryGetIntValue_WrongKeyValue_ValueReturnedZero" storage="d:\actions-runner\_work\xpco\xpco\allsolutions\..\common\sc_commonfiles\zsc_commonfiles_unittest\bin\debug\net6.0-windows\zsc_commonfiles_unittest.dll" id="c6c1a6ca-c551-f84f-b4f7-d3d4f0f2582f">
      <Execution id="1f73993e-64f1-460b-8e88-a092825fb3a9" />
      <TestMethod codeBase="D:\actions-runner\_work\XPCO\XPCO\AllSolutions\..\Common\SC_CommonFiles\zSC_CommonFiles_UnitTest\bin\Debug\net6.0-windows\zSC_CommonFiles_UnitTest.dll" adapterTypeName="executor://mstestadapter/v2" className="zSC_CommonFiles_UnitTest.VideoOS.Common.Configuration.NameValueCollectionExtensionsTest" name="TryGetIntValue_WrongKeyValue_ValueReturnedZero" />
    </UnitTest>
    <UnitTest name="OnPreviewKeyDown_Left_Success" storage="d:\actions-runner\_work\xpco\xpco\allsolutions\..\common\sc_commonfiles\zsc_commonfiles_unittest\bin\debug\net6.0-windows\zsc_commonfiles_unittest.dll" id="30e292f5-f798-eac9-ba1e-713f3566415c">
      <TestCategory>
        <TestCategoryItem TestCategory="SC_CommonFiles.WPF.TileLayout" />
      </TestCategory>
      <Execution id="768da5d7-2c7d-436b-853a-c2853567199e" />
      <TestMethod codeBase="D:\actions-runner\_work\XPCO\XPCO\AllSolutions\..\Common\SC_CommonFiles\zSC_CommonFiles_UnitTest\bin\Debug\net6.0-windows\zSC_CommonFiles_UnitTest.dll" adapterTypeName="executor://mstestadapter/v2" className="zSC_CommonFiles_UnitTest.VideoOS.UI.Common.WPF.TileLayout.TileLayoutTest" name="OnPreviewKeyDown_Left_Success" />
    </UnitTest>
    <UnitTest name="OnPreviewKeyDown_PageUp_Success" storage="d:\actions-runner\_work\xpco\xpco\allsolutions\..\common\sc_commonfiles\zsc_commonfiles_unittest\bin\debug\net6.0-windows\zsc_commonfiles_unittest.dll" id="2feabfd6-0ffa-cf5e-b63d-1731ea803e6d">
      <TestCategory>
        <TestCategoryItem TestCategory="SC_CommonFiles.WPF.TileLayout" />
      </TestCategory>
      <Execution id="3c0cc7ef-f7b1-4a79-86d0-830e63a9078b" />
      <TestMethod codeBase="D:\actions-runner\_work\XPCO\XPCO\AllSolutions\..\Common\SC_CommonFiles\zSC_CommonFiles_UnitTest\bin\Debug\net6.0-windows\zSC_CommonFiles_UnitTest.dll" adapterTypeName="executor://mstestadapter/v2" className="zSC_CommonFiles_UnitTest.VideoOS.UI.Common.WPF.TileLayout.TileLayoutTest" name="OnPreviewKeyDown_PageUp_Success" />
    </UnitTest>
    <UnitTest name="Full_Updating_With_Comparer_Works" storage="d:\actions-runner\_work\xpco\xpco\allsolutions\..\common\sc_commonfiles\zsc_commonfiles_unittest\bin\debug\net6.0-windows\zsc_commonfiles_unittest.dll" id="b898ad5d-e738-1d64-d2c4-772f55ed34ea">
      <Execution id="b5f54d78-c773-48fc-856f-95062ace3a54" />
      <TestMethod codeBase="D:\actions-runner\_work\XPCO\XPCO\AllSolutions\..\Common\SC_CommonFiles\zSC_CommonFiles_UnitTest\bin\Debug\net6.0-windows\zSC_CommonFiles_UnitTest.dll" adapterTypeName="executor://mstestadapter/v2" className="zSC_CommonFiles_UnitTest.VideoOS.UI.Common.WPF.Utils.ObservableCollectionExtensionTest" name="Full_Updating_With_Comparer_Works" />
    </UnitTest>
    <UnitTest name="MeasureCounters_UpdatesCpuUsage_WithPercentage" storage="d:\actions-runner\_work\xpco\xpco\allsolutions\..\common\sc_commonfiles\zsc_commonfiles_unittest\bin\debug\net6.0-windows\zsc_commonfiles_unittest.dll" id="7137fa11-d3cd-d2e9-1892-35a2bcf917d7">
      <Execution id="fd3142bc-a722-4c84-93d3-916fc178642d" />
      <TestMethod codeBase="D:\actions-runner\_work\XPCO\XPCO\AllSolutions\..\Common\SC_CommonFiles\zSC_CommonFiles_UnitTest\bin\Debug\net6.0-windows\zSC_CommonFiles_UnitTest.dll" adapterTypeName="executor://mstestadapter/v2" className="zSC_CommonFiles_UnitTest.VideoOS.UI.Common.WPF.ClientDataGathererTests" name="MeasureCounters_UpdatesCpuUsage_WithPercentage" />
    </UnitTest>
    <UnitTest name="MeasureOverride_1childEnoughSpace_NotShrunk" storage="d:\actions-runner\_work\xpco\xpco\allsolutions\..\common\sc_commonfiles\zsc_commonfiles_unittest\bin\debug\net6.0-windows\zsc_commonfiles_unittest.dll" id="6e2b046c-b538-e705-bf5a-ce4b83d68120">
      <TestCategory>
        <TestCategoryItem TestCategory="Controls" />
      </TestCategory>
      <Execution id="2d47da4d-d3c6-41cb-a9cf-e7f300ba5a1c" />
      <TestMethod codeBase="D:\actions-runner\_work\XPCO\XPCO\AllSolutions\..\Common\SC_CommonFiles\zSC_CommonFiles_UnitTest\bin\Debug\net6.0-windows\zSC_CommonFiles_UnitTest.dll" adapterTypeName="executor://mstestadapter/v2" className="VideoOS.UI.Common.WPF.Controls.HorizontalPanelTests" name="MeasureOverride_1childEnoughSpace_NotShrunk" />
    </UnitTest>
    <UnitTest name="DrawControl_ReapplyTemplate_Success" storage="d:\actions-runner\_work\xpco\xpco\allsolutions\..\common\sc_commonfiles\zsc_commonfiles_unittest\bin\debug\net6.0-windows\zsc_commonfiles_unittest.dll" id="4ddfc6a2-cba3-9569-714c-b24431bc49c1">
      <TestCategory>
        <TestCategoryItem TestCategory="RangeSelector" />
      </TestCategory>
      <Execution id="78262dfc-90fb-4e5c-b701-3af30882a0c9" />
      <TestMethod codeBase="D:\actions-runner\_work\XPCO\XPCO\AllSolutions\..\Common\SC_CommonFiles\zSC_CommonFiles_UnitTest\bin\Debug\net6.0-windows\zSC_CommonFiles_UnitTest.dll" adapterTypeName="executor://mstestadapter/v2" className="VideoOS.UI.Common.WPF.RangeSelector.RangeSelectorTest" name="DrawControl_ReapplyTemplate_Success" />
    </UnitTest>
    <UnitTest name="AuthenticationWindows_SetProperties_Success" storage="d:\actions-runner\_work\xpco\xpco\allsolutions\..\common\sc_commonfiles\zsc_commonfiles_unittest\bin\debug\net6.0-windows\zsc_commonfiles_unittest.dll" id="ba4c1a66-a8cb-a425-dd33-a7ca657b44ae">
      <TestCategory>
        <TestCategoryItem TestCategory="AuthenticationInfoTests" />
      </TestCategory>
      <Execution id="5d1fda0a-3b9c-4f45-801a-09ae000d2438" />
      <TestMethod codeBase="D:\actions-runner\_work\XPCO\XPCO\AllSolutions\..\Common\SC_CommonFiles\zSC_CommonFiles_UnitTest\bin\Debug\net6.0-windows\zSC_CommonFiles_UnitTest.dll" adapterTypeName="executor://mstestadapter/v2" className="zSC_CommonFiles_UnitTest.VideoOS.Common.Login.AuthenticationInfoTests" name="AuthenticationWindows_SetProperties_Success" />
    </UnitTest>
    <UnitTest name="OnPreviewKeyDown_Enter_Success" storage="d:\actions-runner\_work\xpco\xpco\allsolutions\..\common\sc_commonfiles\zsc_commonfiles_unittest\bin\debug\net6.0-windows\zsc_commonfiles_unittest.dll" id="1f62d143-3147-647f-0581-911ba09941ed">
      <TestCategory>
        <TestCategoryItem TestCategory="SC_CommonFiles.WPF.TileLayout" />
      </TestCategory>
      <Execution id="b8f5b388-6ac9-4abd-a3eb-fd7cda4d0d39" />
      <TestMethod codeBase="D:\actions-runner\_work\XPCO\XPCO\AllSolutions\..\Common\SC_CommonFiles\zSC_CommonFiles_UnitTest\bin\Debug\net6.0-windows\zSC_CommonFiles_UnitTest.dll" adapterTypeName="executor://mstestadapter/v2" className="zSC_CommonFiles_UnitTest.VideoOS.UI.Common.WPF.TileLayout.TileLayoutTest" name="OnPreviewKeyDown_Enter_Success" />
    </UnitTest>
    <UnitTest name="GetImageSource_thisIconIsNull_ReturnsFallback" storage="d:\actions-runner\_work\xpco\xpco\allsolutions\..\common\sc_commonfiles\zsc_commonfiles_unittest\bin\debug\net6.0-windows\zsc_commonfiles_unittest.dll" id="38f8f45d-602d-9fe2-6af1-7d834fd278db">
      <TestCategory>
        <TestCategoryItem TestCategory="SC_CommonFiles.WPF" />
      </TestCategory>
      <Execution id="617c7c90-481a-4454-bb0f-72eef0fde973" />
      <TestMethod codeBase="D:\actions-runner\_work\XPCO\XPCO\AllSolutions\..\Common\SC_CommonFiles\zSC_CommonFiles_UnitTest\bin\Debug\net6.0-windows\zSC_CommonFiles_UnitTest.dll" adapterTypeName="executor://mstestadapter/v2" className="zSC_CommonFiles_UnitTest.VideoOS.UI.Common.WPF.Utils.ExtensionMethods.IconExtensionsTests" name="GetImageSource_thisIconIsNull_ReturnsFallback" />
    </UnitTest>
    <UnitTest name="FindOptimalTilingReturnsIfNoCameraTilesAndNoServerTiles" storage="d:\actions-runner\_work\xpco\xpco\allsolutions\..\common\sc_commonfiles\zsc_commonfiles_unittest\bin\debug\net6.0-windows\zsc_commonfiles_unittest.dll" id="ed71c039-25d2-86e6-ce2e-7f7815b19541">
      <Execution id="988fbf00-8a13-4988-96a9-d3bc18b384a2" />
      <TestMethod codeBase="D:\actions-runner\_work\XPCO\XPCO\AllSolutions\..\Common\SC_CommonFiles\zSC_CommonFiles_UnitTest\bin\Debug\net6.0-windows\zSC_CommonFiles_UnitTest.dll" adapterTypeName="executor://mstestadapter/v2" className="zSC_CommonFiles_UnitTest.DashboardTilesTests" name="FindOptimalTilingReturnsIfNoCameraTilesAndNoServerTiles" />
    </UnitTest>
    <UnitTest name="FormsControlScaleValue_100Percent_Scaling" storage="d:\actions-runner\_work\xpco\xpco\allsolutions\..\common\sc_commonfiles\zsc_commonfiles_unittest\bin\debug\net6.0-windows\zsc_commonfiles_unittest.dll" id="ab1319d7-a2c3-e991-b6a2-1cf10c8be090">
      <Execution id="c1c1c96b-2249-4930-85d3-4edddb3beb03" />
      <TestMethod codeBase="D:\actions-runner\_work\XPCO\XPCO\AllSolutions\..\Common\SC_CommonFiles\zSC_CommonFiles_UnitTest\bin\Debug\net6.0-windows\zSC_CommonFiles_UnitTest.dll" adapterTypeName="executor://mstestadapter/v2" className="zSC_CommonFiles_UnitTest.VideoOS.UI.Common.WPF.Utils.ExtensionMethods.WindowExtensionsTests" name="FormsControlScaleValue_100Percent_Scaling" />
    </UnitTest>
    <UnitTest name="AuthenticationWindowsDefault_SetEnabled_Throws_InvalidOperationException" storage="d:\actions-runner\_work\xpco\xpco\allsolutions\..\common\sc_commonfiles\zsc_commonfiles_unittest\bin\debug\net6.0-windows\zsc_commonfiles_unittest.dll" id="583152d9-d199-0061-6cfe-e7b3f5f54327">
      <TestCategory>
        <TestCategoryItem TestCategory="AuthenticationInfoTests" />
      </TestCategory>
      <Execution id="3f1402ee-8aaf-43ca-b836-db90cdee35dd" />
      <TestMethod codeBase="D:\actions-runner\_work\XPCO\XPCO\AllSolutions\..\Common\SC_CommonFiles\zSC_CommonFiles_UnitTest\bin\Debug\net6.0-windows\zSC_CommonFiles_UnitTest.dll" adapterTypeName="executor://mstestadapter/v2" className="zSC_CommonFiles_UnitTest.VideoOS.Common.Login.AuthenticationInfoTests" name="AuthenticationWindowsDefault_SetEnabled_Throws_InvalidOperationException" />
    </UnitTest>
    <UnitTest name="SetUnsecureConnectionAllowedForUser_ShouldUpdateUser_WhenUserExistsWithDiffetentValue" storage="d:\actions-runner\_work\xpco\xpco\allsolutions\..\common\sc_commonfiles\zsc_commonfiles_unittest\bin\debug\net6.0-windows\zsc_commonfiles_unittest.dll" id="ea980a94-f888-1c61-339c-f499bb9324bc">
      <Execution id="bce02a56-99c4-4877-9bb3-70bd023927f0" />
      <TestMethod codeBase="D:\actions-runner\_work\XPCO\XPCO\AllSolutions\..\Common\SC_CommonFiles\zSC_CommonFiles_UnitTest\bin\Debug\net6.0-windows\zSC_CommonFiles_UnitTest.dll" adapterTypeName="executor://mstestadapter/v2" className="zSC_CommonFiles_UnitTest.VideoOS.Common.Login.UIConnectionInfoTests" name="SetUnsecureConnectionAllowedForUser_ShouldUpdateUser_WhenUserExistsWithDiffetentValue" />
    </UnitTest>
    <UnitTest name="RoundToMillisecond_Nearest" storage="d:\actions-runner\_work\xpco\xpco\allsolutions\..\common\sc_commonfiles\zsc_commonfiles_unittest\bin\debug\net6.0-windows\zsc_commonfiles_unittest.dll" id="982659d8-a45b-dd6c-ac91-40bffddd94cf">
      <Execution id="5a341c8c-dc86-4c46-ba33-8cdb8932af46" />
      <TestMethod codeBase="D:\actions-runner\_work\XPCO\XPCO\AllSolutions\..\Common\SC_CommonFiles\zSC_CommonFiles_UnitTest\bin\Debug\net6.0-windows\zSC_CommonFiles_UnitTest.dll" adapterTypeName="executor://mstestadapter/v2" className="zSC_CommonFiles_UnitTest.VideoOS.UI.Common.WPF.Utils.ExtensionMethods.TimeSpanExtensionsTests" name="RoundToMillisecond_Nearest" />
    </UnitTest>
    <UnitTest name="DoComboSelectionSetTextToEntityDisplayNameWhenSingleInstance" storage="d:\actions-runner\_work\xpco\xpco\allsolutions\..\common\sc_commonfiles\zsc_commonfiles_unittest\bin\debug\net6.0-windows\zsc_commonfiles_unittest.dll" id="298c066a-2f38-5d22-8d3d-0de208425162">
      <Execution id="0b77ad15-5bd9-4797-ab24-0f1e1921c86c" />
      <TestMethod codeBase="D:\actions-runner\_work\XPCO\XPCO\AllSolutions\..\Common\SC_CommonFiles\zSC_CommonFiles_UnitTest\bin\Debug\net6.0-windows\zSC_CommonFiles_UnitTest.dll" adapterTypeName="executor://mstestadapter/v2" className="zSC_CommonFiles_UnitTest.DashboardTilesTests" name="DoComboSelectionSetTextToEntityDisplayNameWhenSingleInstance" />
    </UnitTest>
    <UnitTest name="FindOptimalTilingReturnsIfPassedZeroSize" storage="d:\actions-runner\_work\xpco\xpco\allsolutions\..\common\sc_commonfiles\zsc_commonfiles_unittest\bin\debug\net6.0-windows\zsc_commonfiles_unittest.dll" id="3edfc2a7-1754-35d9-a869-000eb02198df">
      <Execution id="870e0059-2feb-440d-ae64-cef0f7a9faef" />
      <TestMethod codeBase="D:\actions-runner\_work\XPCO\XPCO\AllSolutions\..\Common\SC_CommonFiles\zSC_CommonFiles_UnitTest\bin\Debug\net6.0-windows\zSC_CommonFiles_UnitTest.dll" adapterTypeName="executor://mstestadapter/v2" className="zSC_CommonFiles_UnitTest.DashboardTilesTests" name="FindOptimalTilingReturnsIfPassedZeroSize" />
    </UnitTest>
    <UnitTest name="Convert_ShouldReturnEqualOrLessString_WhenValueIsLessThanThreshold" storage="d:\actions-runner\_work\xpco\xpco\allsolutions\..\common\sc_commonfiles\zsc_commonfiles_unittest\bin\debug\net6.0-windows\zsc_commonfiles_unittest.dll" id="30702b8e-5ec7-eb10-4c6a-7105f5c77df3">
      <Execution id="e978d766-6d0f-4ad4-8cd4-513f227e0e13" />
      <TestMethod codeBase="D:\actions-runner\_work\XPCO\XPCO\AllSolutions\..\Common\SC_CommonFiles\zSC_CommonFiles_UnitTest\bin\Debug\net6.0-windows\zSC_CommonFiles_UnitTest.dll" adapterTypeName="executor://mstestadapter/v2" className="zSC_CommonFiles_UnitTest.VideoOS.UI.Common.WPF.Utils.Converters.CountToStringConverterTests" name="Convert_ShouldReturnEqualOrLessString_WhenValueIsLessThanThreshold" />
    </UnitTest>
    <UnitTest name="AddToast_ExistingToast_Success" storage="d:\actions-runner\_work\xpco\xpco\allsolutions\..\common\sc_commonfiles\zsc_commonfiles_unittest\bin\debug\net6.0-windows\zsc_commonfiles_unittest.dll" id="800a9cc5-fc26-2bf4-fde7-906d76a2a91c">
      <TestCategory>
        <TestCategoryItem TestCategory="Toasts" />
      </TestCategory>
      <Execution id="2671f334-7b8f-466f-bf52-1ecdc1536a8e" />
      <TestMethod codeBase="D:\actions-runner\_work\XPCO\XPCO\AllSolutions\..\Common\SC_CommonFiles\zSC_CommonFiles_UnitTest\bin\Debug\net6.0-windows\zSC_CommonFiles_UnitTest.dll" adapterTypeName="executor://mstestadapter/v2" className="VideoOS.UI.Common.WPF.Toast.ToastManagerTests" name="AddToast_ExistingToast_Success" />
    </UnitTest>
    <UnitTest name="SubstractIntervalListTest" storage="d:\actions-runner\_work\xpco\xpco\allsolutions\..\common\sc_commonfiles\zsc_commonfiles_unittest\bin\debug\net6.0-windows\zsc_commonfiles_unittest.dll" id="db58122d-1cb6-c9dc-b0c5-af4f8da57592">
      <Execution id="9d2793ef-8065-41dc-8dae-6b8eebc234b0" />
      <TestMethod codeBase="D:\actions-runner\_work\XPCO\XPCO\AllSolutions\..\Common\SC_CommonFiles\zSC_CommonFiles_UnitTest\bin\Debug\net6.0-windows\zSC_CommonFiles_UnitTest.dll" adapterTypeName="executor://mstestadapter/v2" className="SmartClient_UnitTest_VideoOS_UI_Common_WPF_Timeline.TimeIntervalTest" name="SubstractIntervalListTest" />
    </UnitTest>
    <UnitTest name="Convert_WithAutomationId_ReturnsValue" storage="d:\actions-runner\_work\xpco\xpco\allsolutions\..\common\sc_commonfiles\zsc_commonfiles_unittest\bin\debug\net6.0-windows\zsc_commonfiles_unittest.dll" id="a40e30ee-4537-9698-9f88-45700d1ef781">
      <TestCategory>
        <TestCategoryItem TestCategory="Converters" />
      </TestCategory>
      <Execution id="c147d592-0999-48b4-a174-c4ff7488b60f" />
      <TestMethod codeBase="D:\actions-runner\_work\XPCO\XPCO\AllSolutions\..\Common\SC_CommonFiles\zSC_CommonFiles_UnitTest\bin\Debug\net6.0-windows\zSC_CommonFiles_UnitTest.dll" adapterTypeName="executor://mstestadapter/v2" className="VideoOS.UI.Common.WPF.Utils.Converters.AutomationIdConverterTests" name="Convert_WithAutomationId_ReturnsValue" />
    </UnitTest>
    <UnitTest name="DrawControl_AllRangeSelected_VisualsOK" storage="d:\actions-runner\_work\xpco\xpco\allsolutions\..\common\sc_commonfiles\zsc_commonfiles_unittest\bin\debug\net6.0-windows\zsc_commonfiles_unittest.dll" id="f3327606-b2a8-9974-e840-2b31246f10e1">
      <TestCategory>
        <TestCategoryItem TestCategory="RangeSelector" />
      </TestCategory>
      <Execution id="d5073f6f-d3d8-4cfc-82fc-5397291bdb4d" />
      <TestMethod codeBase="D:\actions-runner\_work\XPCO\XPCO\AllSolutions\..\Common\SC_CommonFiles\zSC_CommonFiles_UnitTest\bin\Debug\net6.0-windows\zSC_CommonFiles_UnitTest.dll" adapterTypeName="executor://mstestadapter/v2" className="VideoOS.UI.Common.WPF.RangeSelector.RangeSelectorTest" name="DrawControl_AllRangeSelected_VisualsOK" />
    </UnitTest>
    <UnitTest name="OnPreviewKeyDown_Space_Success" storage="d:\actions-runner\_work\xpco\xpco\allsolutions\..\common\sc_commonfiles\zsc_commonfiles_unittest\bin\debug\net6.0-windows\zsc_commonfiles_unittest.dll" id="f1184a8e-b69a-6295-ac82-24b2bd10984c">
      <TestCategory>
        <TestCategoryItem TestCategory="SC_CommonFiles.WPF.TileLayout" />
      </TestCategory>
      <Execution id="e6a23615-a87d-409f-bb8d-50ea1ff34675" />
      <TestMethod codeBase="D:\actions-runner\_work\XPCO\XPCO\AllSolutions\..\Common\SC_CommonFiles\zSC_CommonFiles_UnitTest\bin\Debug\net6.0-windows\zSC_CommonFiles_UnitTest.dll" adapterTypeName="executor://mstestadapter/v2" className="zSC_CommonFiles_UnitTest.VideoOS.UI.Common.WPF.TileLayout.TileLayoutTest" name="OnPreviewKeyDown_Space_Success" />
    </UnitTest>
    <UnitTest name="ChangeMinValue_GreaterThanMaxValue_RangeAndMaxValueUpdated" storage="d:\actions-runner\_work\xpco\xpco\allsolutions\..\common\sc_commonfiles\zsc_commonfiles_unittest\bin\debug\net6.0-windows\zsc_commonfiles_unittest.dll" id="ef941c35-94f0-1c6b-ae1b-3d9480badfe1">
      <TestCategory>
        <TestCategoryItem TestCategory="RangeSelector" />
      </TestCategory>
      <Execution id="abe1ef47-a955-4b13-9f82-84ac1d31283d" />
      <TestMethod codeBase="D:\actions-runner\_work\XPCO\XPCO\AllSolutions\..\Common\SC_CommonFiles\zSC_CommonFiles_UnitTest\bin\Debug\net6.0-windows\zSC_CommonFiles_UnitTest.dll" adapterTypeName="executor://mstestadapter/v2" className="VideoOS.UI.Common.WPF.RangeSelector.RangeSelectorTest" name="ChangeMinValue_GreaterThanMaxValue_RangeAndMaxValueUpdated" />
    </UnitTest>
    <UnitTest name="GetStates_SessionStarted_NoStates" storage="d:\actions-runner\_work\xpco\xpco\allsolutions\..\common\sc_commonfiles\zsc_commonfiles_unittest\bin\debug\net6.0-windows\zsc_commonfiles_unittest.dll" id="0ee94363-92bd-eb3e-d7fb-92ad8f9a8087">
      <Execution id="f53c2a34-b674-4dba-b137-1bdeb57b8346" />
      <TestMethod codeBase="D:\actions-runner\_work\XPCO\XPCO\AllSolutions\..\Common\SC_CommonFiles\zSC_CommonFiles_UnitTest\bin\Debug\net6.0-windows\zSC_CommonFiles_UnitTest.dll" adapterTypeName="executor://mstestadapter/v2" className="zSC_CommonFiles_UnitTest.VideoOS.Common.State.ServerStateManagerTests" name="GetStates_SessionStarted_NoStates" />
    </UnitTest>
    <UnitTest name="Remove_SingleItem_SuccessWithSingleNotification" storage="d:\actions-runner\_work\xpco\xpco\allsolutions\..\common\sc_commonfiles\zsc_commonfiles_unittest\bin\debug\net6.0-windows\zsc_commonfiles_unittest.dll" id="d01aff65-cc66-59d9-483c-ef58ff5b02b0">
      <TestCategory>
        <TestCategoryItem TestCategory="SC_CommonFiles.WPF" />
      </TestCategory>
      <Execution id="8a4c9b24-8170-46dd-80ae-cb9b07bdcf26" />
      <TestMethod codeBase="D:\actions-runner\_work\XPCO\XPCO\AllSolutions\..\Common\SC_CommonFiles\zSC_CommonFiles_UnitTest\bin\Debug\net6.0-windows\zSC_CommonFiles_UnitTest.dll" adapterTypeName="executor://mstestadapter/v2" className="zSC_CommonFiles_UnitTest.VideoOS.UI.Common.WPF.ObservableCollections.BulkObservableCollectionTests" name="Remove_SingleItem_SuccessWithSingleNotification" />
    </UnitTest>
    <UnitTest name="ThumbsCanBeAddedAndFetchedTest" storage="d:\actions-runner\_work\xpco\xpco\allsolutions\..\common\sc_commonfiles\zsc_commonfiles_unittest\bin\debug\net6.0-windows\zsc_commonfiles_unittest.dll" id="c92c23d1-5ca1-d95a-512b-ef3370dd6502">
      <Execution id="671b0c60-5180-478d-bd6d-bb69f2040e83" />
      <TestMethod codeBase="D:\actions-runner\_work\XPCO\XPCO\AllSolutions\..\Common\SC_CommonFiles\zSC_CommonFiles_UnitTest\bin\Debug\net6.0-windows\zSC_CommonFiles_UnitTest.dll" adapterTypeName="executor://mstestadapter/v2" className="SC_Common_UnitTest_VideoOS_UI_Common_Data_SequenceRetriever_ThumbCache.ThumbCacheTest" name="ThumbsCanBeAddedAndFetchedTest" />
    </UnitTest>
    <UnitTest name="GetIntValueOrDefault_KeyNotFound_DefaultValueReturned" storage="d:\actions-runner\_work\xpco\xpco\allsolutions\..\common\sc_commonfiles\zsc_commonfiles_unittest\bin\debug\net6.0-windows\zsc_commonfiles_unittest.dll" id="319f8796-7403-b14a-34e0-f1797faae63e">
      <Execution id="902d7409-303e-4715-bab4-4d538df3df66" />
      <TestMethod codeBase="D:\actions-runner\_work\XPCO\XPCO\AllSolutions\..\Common\SC_CommonFiles\zSC_CommonFiles_UnitTest\bin\Debug\net6.0-windows\zSC_CommonFiles_UnitTest.dll" adapterTypeName="executor://mstestadapter/v2" className="zSC_CommonFiles_UnitTest.VideoOS.Common.Configuration.NameValueCollectionExtensionsTest" name="GetIntValueOrDefault_KeyNotFound_DefaultValueReturned" />
    </UnitTest>
    <UnitTest name="OnPreviewKeyDown_Up_Success" storage="d:\actions-runner\_work\xpco\xpco\allsolutions\..\common\sc_commonfiles\zsc_commonfiles_unittest\bin\debug\net6.0-windows\zsc_commonfiles_unittest.dll" id="9af8ac57-47e8-e560-cb3c-d72fb3be6de6">
      <TestCategory>
        <TestCategoryItem TestCategory="SC_CommonFiles.WPF.TileLayout" />
      </TestCategory>
      <Execution id="150cfadd-65ee-4244-9bff-9cd89db80c4f" />
      <TestMethod codeBase="D:\actions-runner\_work\XPCO\XPCO\AllSolutions\..\Common\SC_CommonFiles\zSC_CommonFiles_UnitTest\bin\Debug\net6.0-windows\zSC_CommonFiles_UnitTest.dll" adapterTypeName="executor://mstestadapter/v2" className="zSC_CommonFiles_UnitTest.VideoOS.UI.Common.WPF.TileLayout.TileLayoutTest" name="OnPreviewKeyDown_Up_Success" />
    </UnitTest>
    <UnitTest name="UpdateFrameworkElementsOverlay_WithBothArgumentsNull_ShouldReturnTrueAndLeaveListsUnchanged" storage="d:\actions-runner\_work\xpco\xpco\allsolutions\..\common\sc_commonfiles\zsc_commonfiles_unittest\bin\debug\net6.0-windows\zsc_commonfiles_unittest.dll" id="3e8485c9-a7cd-7c8f-f394-cfd45a272654">
      <Execution id="6a7def9f-5bc6-49d3-a641-304af4f4810b" />
      <TestMethod codeBase="D:\actions-runner\_work\XPCO\XPCO\AllSolutions\..\Common\SC_CommonFiles\zSC_CommonFiles_UnitTest\bin\Debug\net6.0-windows\zSC_CommonFiles_UnitTest.dll" adapterTypeName="executor://mstestadapter/v2" className="zSC_CommonFiles_UnitTest.VideoOS.UI.Common.WPF.VideoPlayer.Model.FrameworkElementsOverlayModelTests" name="UpdateFrameworkElementsOverlay_WithBothArgumentsNull_ShouldReturnTrueAndLeaveListsUnchanged" />
    </UnitTest>
    <UnitTest name="Add_SingleItem_SuccessWithSingleNotification" storage="d:\actions-runner\_work\xpco\xpco\allsolutions\..\common\sc_commonfiles\zsc_commonfiles_unittest\bin\debug\net6.0-windows\zsc_commonfiles_unittest.dll" id="85fbbcd0-881b-ae29-40f1-5696b7e80975">
      <TestCategory>
        <TestCategoryItem TestCategory="SC_CommonFiles.WPF" />
      </TestCategory>
      <Execution id="e6158e11-a100-4e63-9e94-555caf7fbbfb" />
      <TestMethod codeBase="D:\actions-runner\_work\XPCO\XPCO\AllSolutions\..\Common\SC_CommonFiles\zSC_CommonFiles_UnitTest\bin\Debug\net6.0-windows\zSC_CommonFiles_UnitTest.dll" adapterTypeName="executor://mstestadapter/v2" className="zSC_CommonFiles_UnitTest.VideoOS.UI.Common.WPF.ObservableCollections.BulkObservableCollectionTests" name="Add_SingleItem_SuccessWithSingleNotification" />
    </UnitTest>
    <UnitTest name="DetermineScaledWindowLocationAndSize_CenterScreen_100Percent_Scaling" storage="d:\actions-runner\_work\xpco\xpco\allsolutions\..\common\sc_commonfiles\zsc_commonfiles_unittest\bin\debug\net6.0-windows\zsc_commonfiles_unittest.dll" id="9b6bcf4a-f6d4-8ccc-f16d-a434ebb9feb9">
      <Execution id="0afa672f-bbcc-4210-a842-5cda2786a4a2" />
      <TestMethod codeBase="D:\actions-runner\_work\XPCO\XPCO\AllSolutions\..\Common\SC_CommonFiles\zSC_CommonFiles_UnitTest\bin\Debug\net6.0-windows\zSC_CommonFiles_UnitTest.dll" adapterTypeName="executor://mstestadapter/v2" className="zSC_CommonFiles_UnitTest.VideoOS.UI.Common.WPF.Utils.ExtensionMethods.WindowExtensionsTests" name="DetermineScaledWindowLocationAndSize_CenterScreen_100Percent_Scaling" />
    </UnitTest>
    <UnitTest name="ItemHolder_MouseClick_Success" storage="d:\actions-runner\_work\xpco\xpco\allsolutions\..\common\sc_commonfiles\zsc_commonfiles_unittest\bin\debug\net6.0-windows\zsc_commonfiles_unittest.dll" id="f8481245-447a-5b32-a26f-ec1feabc1ee3">
      <TestCategory>
        <TestCategoryItem TestCategory="SC_CommonFiles.WPF.TileLayout" />
      </TestCategory>
      <Execution id="3a2ec5a3-69cc-4b1a-8a04-4698c721b9e5" />
      <TestMethod codeBase="D:\actions-runner\_work\XPCO\XPCO\AllSolutions\..\Common\SC_CommonFiles\zSC_CommonFiles_UnitTest\bin\Debug\net6.0-windows\zSC_CommonFiles_UnitTest.dll" adapterTypeName="executor://mstestadapter/v2" className="zSC_CommonFiles_UnitTest.VideoOS.UI.Common.WPF.TileLayout.TileLayoutTest" name="ItemHolder_MouseClick_Success" />
    </UnitTest>
    <UnitTest name="GetDoubleValueOrDefault_KeyFound_ValueReturned" storage="d:\actions-runner\_work\xpco\xpco\allsolutions\..\common\sc_commonfiles\zsc_commonfiles_unittest\bin\debug\net6.0-windows\zsc_commonfiles_unittest.dll" id="517e03e4-4abb-9810-ab6e-fc1b74f3e022">
      <Execution id="9f255905-1859-44e2-8276-fbed4a600f78" />
      <TestMethod codeBase="D:\actions-runner\_work\XPCO\XPCO\AllSolutions\..\Common\SC_CommonFiles\zSC_CommonFiles_UnitTest\bin\Debug\net6.0-windows\zSC_CommonFiles_UnitTest.dll" adapterTypeName="executor://mstestadapter/v2" className="zSC_CommonFiles_UnitTest.VideoOS.Common.Configuration.NameValueCollectionExtensionsTest" name="GetDoubleValueOrDefault_KeyFound_ValueReturned" />
    </UnitTest>
    <UnitTest name="SequenceEqualIgnoreOrder_DifferentlySizedCollections_IgnoreOrder_SymmetricalFalseResult" storage="d:\actions-runner\_work\xpco\xpco\allsolutions\..\common\sc_commonfiles\zsc_commonfiles_unittest\bin\debug\net6.0-windows\zsc_commonfiles_unittest.dll" id="dab9c0b3-4ffb-2848-2c64-5c66c2da8b39">
      <Execution id="e7652a3f-ef43-4bb1-b17e-94efb3d85476" />
      <TestMethod codeBase="D:\actions-runner\_work\XPCO\XPCO\AllSolutions\..\Common\SC_CommonFiles\zSC_CommonFiles_UnitTest\bin\Debug\net6.0-windows\zSC_CommonFiles_UnitTest.dll" adapterTypeName="executor://mstestadapter/v2" className="zSC_CommonFiles_UnitTest.VideoOS.UI.Common.WPF.Utils.ExtensionMethods.IEnumerableExtensionTests" name="SequenceEqualIgnoreOrder_DifferentlySizedCollections_IgnoreOrder_SymmetricalFalseResult" />
    </UnitTest>
    <UnitTest name="ArrangeOverride__3child_AllMustShrink__AllAreShrunk" storage="d:\actions-runner\_work\xpco\xpco\allsolutions\..\common\sc_commonfiles\zsc_commonfiles_unittest\bin\debug\net6.0-windows\zsc_commonfiles_unittest.dll" id="a8dd4421-721b-7464-1ec7-7a0950dbe7f2">
      <TestCategory>
        <TestCategoryItem TestCategory="Controls" />
      </TestCategory>
      <Execution id="bf60fd3e-b503-4d01-91e9-ea31dfac7b09" />
      <TestMethod codeBase="D:\actions-runner\_work\XPCO\XPCO\AllSolutions\..\Common\SC_CommonFiles\zSC_CommonFiles_UnitTest\bin\Debug\net6.0-windows\zSC_CommonFiles_UnitTest.dll" adapterTypeName="executor://mstestadapter/v2" className="VideoOS.UI.Common.WPF.Controls.HorizontalPanelTests" name="ArrangeOverride__3child_AllMustShrink__AllAreShrunk" />
    </UnitTest>
    <UnitTest name="ProvideValue_ReturnsThis" storage="d:\actions-runner\_work\xpco\xpco\allsolutions\..\common\sc_commonfiles\zsc_commonfiles_unittest\bin\debug\net6.0-windows\zsc_commonfiles_unittest.dll" id="74add8a2-d9f3-2054-f072-e9237767895b">
      <Execution id="1ce2ef12-74d7-4477-9b62-51e62e8cab81" />
      <TestMethod codeBase="D:\actions-runner\_work\XPCO\XPCO\AllSolutions\..\Common\SC_CommonFiles\zSC_CommonFiles_UnitTest\bin\Debug\net6.0-windows\zSC_CommonFiles_UnitTest.dll" adapterTypeName="executor://mstestadapter/v2" className="zSC_CommonFiles_UnitTest.VideoOS.UI.Common.WPF.Utils.Converters.MaxWidthConverterTests" name="ProvideValue_ReturnsThis" />
    </UnitTest>
    <UnitTest name="TileLayout_MouseOver_BorderBrushUpdated" storage="d:\actions-runner\_work\xpco\xpco\allsolutions\..\common\sc_commonfiles\zsc_commonfiles_unittest\bin\debug\net6.0-windows\zsc_commonfiles_unittest.dll" id="7afa246b-f4b2-fc5f-fe61-fe719713919d">
      <TestCategory>
        <TestCategoryItem TestCategory="SC_CommonFiles.WPF.TileLayout" />
      </TestCategory>
      <Execution id="890fbf5e-f2ab-4aa9-8ef8-f196def90efb" />
      <TestMethod codeBase="D:\actions-runner\_work\XPCO\XPCO\AllSolutions\..\Common\SC_CommonFiles\zSC_CommonFiles_UnitTest\bin\Debug\net6.0-windows\zSC_CommonFiles_UnitTest.dll" adapterTypeName="executor://mstestadapter/v2" className="zSC_CommonFiles_UnitTest.VideoOS.UI.Common.WPF.TileLayout.ItemHolderTest" name="TileLayout_MouseOver_BorderBrushUpdated" />
    </UnitTest>
    <UnitTest name="Convert_SingleValueConverter_DifferentTargetType_Success" storage="d:\actions-runner\_work\xpco\xpco\allsolutions\..\common\sc_commonfiles\zsc_commonfiles_unittest\bin\debug\net6.0-windows\zsc_commonfiles_unittest.dll" id="535b5010-34ee-7c3d-315a-1071e5381898">
      <Execution id="c10b83c4-d755-4cc6-afca-0565029616e8" />
      <TestMethod codeBase="D:\actions-runner\_work\XPCO\XPCO\AllSolutions\..\Common\SC_CommonFiles\zSC_CommonFiles_UnitTest\bin\Debug\net6.0-windows\zSC_CommonFiles_UnitTest.dll" adapterTypeName="executor://mstestadapter/v2" className="zSC_CommonFiles_UnitTest.VideoOS.UI.Common.WPF.Utils.Converters.MaxWidthConverterTests" name="Convert_SingleValueConverter_DifferentTargetType_Success" />
    </UnitTest>
    <UnitTest name="TimerOnElapsed_MaxIdleTimeNotReached_CleanupNotPerformed" storage="d:\actions-runner\_work\xpco\xpco\allsolutions\..\common\sc_commonfiles\zsc_commonfiles_unittest\bin\debug\net6.0-windows\zsc_commonfiles_unittest.dll" id="a22bf289-0878-e3c5-33fd-766102ec1be1">
      <Execution id="c6a736dc-743e-422e-9937-77ee6a5abae8" />
      <TestMethod codeBase="D:\actions-runner\_work\XPCO\XPCO\AllSolutions\..\Common\SC_CommonFiles\zSC_CommonFiles_UnitTest\bin\Debug\net6.0-windows\zSC_CommonFiles_UnitTest.dll" adapterTypeName="executor://mstestadapter/v2" className="VideoOS.UI.Common.WPF.Utils.RecyclingFactory.RecyclingFactoryTests" name="TimerOnElapsed_MaxIdleTimeNotReached_CleanupNotPerformed" />
    </UnitTest>
    <UnitTest name="TryCreateUri_ShouldReturnValidUriWithHttps_WhenInputIsRelativeUriAndNoCustomFallbackSchemeProvided" storage="d:\actions-runner\_work\xpco\xpco\allsolutions\..\common\sc_commonfiles\zsc_commonfiles_unittest\bin\debug\net6.0-windows\zsc_commonfiles_unittest.dll" id="5791d93f-2ea0-ebcc-a300-0da5e771609b">
      <Execution id="d7719d0c-6efb-4795-a0c1-729c9ffc2c8a" />
      <TestMethod codeBase="D:\actions-runner\_work\XPCO\XPCO\AllSolutions\..\Common\SC_CommonFiles\zSC_CommonFiles_UnitTest\bin\Debug\net6.0-windows\zSC_CommonFiles_UnitTest.dll" adapterTypeName="executor://mstestadapter/v2" className="zSC_CommonFiles_UnitTest.VideoOS.UI.Common.WPF.Utils.ExtensionMethods.StringExtensionsTests" name="TryCreateUri_ShouldReturnValidUriWithHttps_WhenInputIsRelativeUriAndNoCustomFallbackSchemeProvided" />
    </UnitTest>
    <UnitTest name="TryCreateUri_ShouldReturnValidUri_WhenInputIsAbsoluteUri" storage="d:\actions-runner\_work\xpco\xpco\allsolutions\..\common\sc_commonfiles\zsc_commonfiles_unittest\bin\debug\net6.0-windows\zsc_commonfiles_unittest.dll" id="09ded2a6-c372-2eb2-ac00-fef2bebd4e6e">
      <Execution id="d2da1b3e-08c8-4aa6-930e-27577d808e84" />
      <TestMethod codeBase="D:\actions-runner\_work\XPCO\XPCO\AllSolutions\..\Common\SC_CommonFiles\zSC_CommonFiles_UnitTest\bin\Debug\net6.0-windows\zSC_CommonFiles_UnitTest.dll" adapterTypeName="executor://mstestadapter/v2" className="zSC_CommonFiles_UnitTest.VideoOS.UI.Common.WPF.Utils.ExtensionMethods.StringExtensionsTests" name="TryCreateUri_ShouldReturnValidUri_WhenInputIsAbsoluteUri" />
    </UnitTest>
    <UnitTest name="RoundToSecond_Up" storage="d:\actions-runner\_work\xpco\xpco\allsolutions\..\common\sc_commonfiles\zsc_commonfiles_unittest\bin\debug\net6.0-windows\zsc_commonfiles_unittest.dll" id="93e1c6bd-3907-bf6a-9788-32ce344adf8d">
      <Execution id="0e0a82fa-af0b-4841-bb57-cf434c06a772" />
      <TestMethod codeBase="D:\actions-runner\_work\XPCO\XPCO\AllSolutions\..\Common\SC_CommonFiles\zSC_CommonFiles_UnitTest\bin\Debug\net6.0-windows\zSC_CommonFiles_UnitTest.dll" adapterTypeName="executor://mstestadapter/v2" className="zSC_CommonFiles_UnitTest.VideoOS.UI.Common.WPF.Utils.ExtensionMethods.DateTimeExtensionsTests" name="RoundToSecond_Up" />
    </UnitTest>
    <UnitTest name="Convert_MultiValueConverter_SingleValueNotANumber_Throws" storage="d:\actions-runner\_work\xpco\xpco\allsolutions\..\common\sc_commonfiles\zsc_commonfiles_unittest\bin\debug\net6.0-windows\zsc_commonfiles_unittest.dll" id="046145c9-879d-c051-80d4-25fb448d3ce7">
      <Execution id="a186c422-3748-4e2e-a23e-696d7dbede8d" />
      <TestMethod codeBase="D:\actions-runner\_work\XPCO\XPCO\AllSolutions\..\Common\SC_CommonFiles\zSC_CommonFiles_UnitTest\bin\Debug\net6.0-windows\zSC_CommonFiles_UnitTest.dll" adapterTypeName="executor://mstestadapter/v2" className="zSC_CommonFiles_UnitTest.VideoOS.UI.Common.WPF.Utils.Converters.MaxWidthConverterTests" name="Convert_MultiValueConverter_SingleValueNotANumber_Throws" />
    </UnitTest>
    <UnitTest name="ThumbLoadedEventIsNotFiredUntilAllThumbsAreLoaded" storage="d:\actions-runner\_work\xpco\xpco\allsolutions\..\common\sc_commonfiles\zsc_commonfiles_unittest\bin\debug\net6.0-windows\zsc_commonfiles_unittest.dll" id="16ee0ac6-17eb-3505-339b-384a8e931cbc">
      <Execution id="ec5d753e-8ad4-4f4d-9e90-c4b50a54b3ef" />
      <TestMethod codeBase="D:\actions-runner\_work\XPCO\XPCO\AllSolutions\..\Common\SC_CommonFiles\zSC_CommonFiles_UnitTest\bin\Debug\net6.0-windows\zSC_CommonFiles_UnitTest.dll" adapterTypeName="executor://mstestadapter/v2" className="SC_CommonFiles_UnitTest_VideoOS_UI_Common_Data_SequenceRetriever.ThumbFetcherTest" name="ThumbLoadedEventIsNotFiredUntilAllThumbsAreLoaded" />
    </UnitTest>
    <UnitTest name="ExpirationTimerOnTick_ToastExpired_Success" storage="d:\actions-runner\_work\xpco\xpco\allsolutions\..\common\sc_commonfiles\zsc_commonfiles_unittest\bin\debug\net6.0-windows\zsc_commonfiles_unittest.dll" id="6dd090ae-0423-7a7c-d8df-35146cee22d9">
      <TestCategory>
        <TestCategoryItem TestCategory="Toasts" />
      </TestCategory>
      <Execution id="c73a1bc5-cdeb-4cef-b630-8366858c2b78" />
      <TestMethod codeBase="D:\actions-runner\_work\XPCO\XPCO\AllSolutions\..\Common\SC_CommonFiles\zSC_CommonFiles_UnitTest\bin\Debug\net6.0-windows\zSC_CommonFiles_UnitTest.dll" adapterTypeName="executor://mstestadapter/v2" className="zSC_CommonFiles_UnitTest.VideoOS.UI.Common.WPF.Toast.ToastBaseTests" name="ExpirationTimerOnTick_ToastExpired_Success" />
    </UnitTest>
    <UnitTest name="Convert_WithRenamedAutomationId_ReturnsValue" storage="d:\actions-runner\_work\xpco\xpco\allsolutions\..\common\sc_commonfiles\zsc_commonfiles_unittest\bin\debug\net6.0-windows\zsc_commonfiles_unittest.dll" id="f973a97f-5a8e-0209-5020-2d35dba67422">
      <TestCategory>
        <TestCategoryItem TestCategory="Converters" />
      </TestCategory>
      <Execution id="2210e2da-405a-4976-af4c-7ca5272debe0" />
      <TestMethod codeBase="D:\actions-runner\_work\XPCO\XPCO\AllSolutions\..\Common\SC_CommonFiles\zSC_CommonFiles_UnitTest\bin\Debug\net6.0-windows\zSC_CommonFiles_UnitTest.dll" adapterTypeName="executor://mstestadapter/v2" className="VideoOS.UI.Common.WPF.Utils.Converters.AutomationIdConverterTests" name="Convert_WithRenamedAutomationId_ReturnsValue" />
    </UnitTest>
    <UnitTest name="SimpleTest" storage="d:\actions-runner\_work\xpco\xpco\allsolutions\..\common\sc_commonfiles\zsc_commonfiles_unittest\bin\debug\net6.0-windows\zsc_commonfiles_unittest.dll" id="6a9b6055-9055-6cdd-ce58-2c6f0ec341c2">
      <Execution id="0bdbc69f-ece4-4f75-ae0c-5db076629c60" />
      <TestMethod codeBase="D:\actions-runner\_work\XPCO\XPCO\AllSolutions\..\Common\SC_CommonFiles\zSC_CommonFiles_UnitTest\bin\Debug\net6.0-windows\zSC_CommonFiles_UnitTest.dll" adapterTypeName="executor://mstestadapter/v2" className="zSC_CommonFiles_UnitTest.VideoOS.UI.Common.WPF.Utils.CacheTests" name="SimpleTest" />
    </UnitTest>
    <UnitTest name="IsUnsecureConnectionAllowedForUser_ShouldReturnFalse_WhenAllowUnsecureIsInvalid" storage="d:\actions-runner\_work\xpco\xpco\allsolutions\..\common\sc_commonfiles\zsc_commonfiles_unittest\bin\debug\net6.0-windows\zsc_commonfiles_unittest.dll" id="958cf364-23eb-e2d5-f664-d61945c55467">
      <Execution id="e44ba2e8-67d4-4d45-9a95-72ea75685457" />
      <TestMethod codeBase="D:\actions-runner\_work\XPCO\XPCO\AllSolutions\..\Common\SC_CommonFiles\zSC_CommonFiles_UnitTest\bin\Debug\net6.0-windows\zSC_CommonFiles_UnitTest.dll" adapterTypeName="executor://mstestadapter/v2" className="zSC_CommonFiles_UnitTest.VideoOS.Common.Login.UIConnectionInfoTests" name="IsUnsecureConnectionAllowedForUser_ShouldReturnFalse_WhenAllowUnsecureIsInvalid" />
    </UnitTest>
    <UnitTest name="IsFailover_IsNotFailover" storage="d:\actions-runner\_work\xpco\xpco\allsolutions\..\common\sc_commonfiles\zsc_commonfiles_unittest\bin\debug\net6.0-windows\zsc_commonfiles_unittest.dll" id="a3ace3b8-2cc6-88df-a94a-a9602ec1951a">
      <Execution id="d0c5ee90-74a0-4c0c-9031-2850f8b9afcc" />
      <TestMethod codeBase="D:\actions-runner\_work\XPCO\XPCO\AllSolutions\..\Common\SC_CommonFiles\zSC_CommonFiles_UnitTest\bin\Debug\net6.0-windows\zSC_CommonFiles_UnitTest.dll" adapterTypeName="executor://mstestadapter/v2" className="zSC_CommonFiles_UnitTest.VideoOS.UI.Common.WPF.Dashboard.Types.ServerTypeTest" name="IsFailover_IsNotFailover" />
    </UnitTest>
    <UnitTest name="IsFailover_IsFailover" storage="d:\actions-runner\_work\xpco\xpco\allsolutions\..\common\sc_commonfiles\zsc_commonfiles_unittest\bin\debug\net6.0-windows\zsc_commonfiles_unittest.dll" id="c852d483-d9e0-2c2b-b9c0-ac3a615cecaf">
      <Execution id="68fcdb5e-ac0a-439d-9022-9675ad2846fc" />
      <TestMethod codeBase="D:\actions-runner\_work\XPCO\XPCO\AllSolutions\..\Common\SC_CommonFiles\zSC_CommonFiles_UnitTest\bin\Debug\net6.0-windows\zSC_CommonFiles_UnitTest.dll" adapterTypeName="executor://mstestadapter/v2" className="zSC_CommonFiles_UnitTest.VideoOS.UI.Common.WPF.Dashboard.Types.ServerTypeTest" name="IsFailover_IsFailover" />
    </UnitTest>
    <UnitTest name="Distinct" storage="d:\actions-runner\_work\xpco\xpco\allsolutions\..\common\sc_commonfiles\zsc_commonfiles_unittest\bin\debug\net6.0-windows\zsc_commonfiles_unittest.dll" id="05ee0585-5324-c075-c884-eef61e6407ec">
      <Execution id="10dd1f7c-46d0-4c52-8927-701e5979ed0a" />
      <TestMethod codeBase="D:\actions-runner\_work\XPCO\XPCO\AllSolutions\..\Common\SC_CommonFiles\zSC_CommonFiles_UnitTest\bin\Debug\net6.0-windows\zSC_CommonFiles_UnitTest.dll" adapterTypeName="executor://mstestadapter/v2" className="zSC_CommonFiles_UnitTest.VideoOS.UI.Common.WPF.Utils.ExtensionMethods.IEnumerableExtensionTests" name="Distinct" />
    </UnitTest>
    <UnitTest name="GetTimeSpanValueOrDefault_KeyNotFound_DefaultValueReturned" storage="d:\actions-runner\_work\xpco\xpco\allsolutions\..\common\sc_commonfiles\zsc_commonfiles_unittest\bin\debug\net6.0-windows\zsc_commonfiles_unittest.dll" id="0c965795-08e1-96ff-221c-6c48f278966b">
      <Execution id="518d3dde-1866-4633-98e6-b504629d2c88" />
      <TestMethod codeBase="D:\actions-runner\_work\XPCO\XPCO\AllSolutions\..\Common\SC_CommonFiles\zSC_CommonFiles_UnitTest\bin\Debug\net6.0-windows\zSC_CommonFiles_UnitTest.dll" adapterTypeName="executor://mstestadapter/v2" className="zSC_CommonFiles_UnitTest.VideoOS.Common.Configuration.NameValueCollectionExtensionsTest" name="GetTimeSpanValueOrDefault_KeyNotFound_DefaultValueReturned" />
    </UnitTest>
    <UnitTest name="DragDrop_RangeMinOverRangeMax_RangeEditDisplayed" storage="d:\actions-runner\_work\xpco\xpco\allsolutions\..\common\sc_commonfiles\zsc_commonfiles_unittest\bin\debug\net6.0-windows\zsc_commonfiles_unittest.dll" id="28408d30-8448-8f9c-b04c-e7779e7625cc">
      <TestCategory>
        <TestCategoryItem TestCategory="RangeSelector" />
      </TestCategory>
      <Execution id="0bc665cc-57f8-4c9b-9cf7-7c3eae155145" />
      <TestMethod codeBase="D:\actions-runner\_work\XPCO\XPCO\AllSolutions\..\Common\SC_CommonFiles\zSC_CommonFiles_UnitTest\bin\Debug\net6.0-windows\zSC_CommonFiles_UnitTest.dll" adapterTypeName="executor://mstestadapter/v2" className="VideoOS.UI.Common.WPF.RangeSelector.RangeSelectorTest" name="DragDrop_RangeMinOverRangeMax_RangeEditDisplayed" />
    </UnitTest>
    <UnitTest name="UpdateFrameworkElementsOverlay_WithNewFrameworkElementList_ShouldUpdateList" storage="d:\actions-runner\_work\xpco\xpco\allsolutions\..\common\sc_commonfiles\zsc_commonfiles_unittest\bin\debug\net6.0-windows\zsc_commonfiles_unittest.dll" id="64f4b309-46ce-14bc-92c8-2dbd5092f999">
      <Execution id="8c0660c0-090a-4250-a2a3-d2c2fe5b18d3" />
      <TestMethod codeBase="D:\actions-runner\_work\XPCO\XPCO\AllSolutions\..\Common\SC_CommonFiles\zSC_CommonFiles_UnitTest\bin\Debug\net6.0-windows\zSC_CommonFiles_UnitTest.dll" adapterTypeName="executor://mstestadapter/v2" className="zSC_CommonFiles_UnitTest.VideoOS.UI.Common.WPF.VideoPlayer.Model.FrameworkElementsOverlayModelTests" name="UpdateFrameworkElementsOverlay_WithNewFrameworkElementList_ShouldUpdateList" />
    </UnitTest>
    <UnitTest name="OnPreviewKeyDown_LeftShift_Click_Select_Success" storage="d:\actions-runner\_work\xpco\xpco\allsolutions\..\common\sc_commonfiles\zsc_commonfiles_unittest\bin\debug\net6.0-windows\zsc_commonfiles_unittest.dll" id="d0c56151-9eb1-435a-613d-6b16219b3912">
      <TestCategory>
        <TestCategoryItem TestCategory="SC_CommonFiles.WPF.TileLayout" />
      </TestCategory>
      <Execution id="38652e98-8993-4aed-8514-bb88bf209279" />
      <TestMethod codeBase="D:\actions-runner\_work\XPCO\XPCO\AllSolutions\..\Common\SC_CommonFiles\zSC_CommonFiles_UnitTest\bin\Debug\net6.0-windows\zSC_CommonFiles_UnitTest.dll" adapterTypeName="executor://mstestadapter/v2" className="zSC_CommonFiles_UnitTest.VideoOS.UI.Common.WPF.TileLayout.TileLayoutTest" name="OnPreviewKeyDown_LeftShift_Click_Select_Success" />
    </UnitTest>
    <UnitTest name="IntersectOrdered_With_Key_Selector" storage="d:\actions-runner\_work\xpco\xpco\allsolutions\..\common\sc_commonfiles\zsc_commonfiles_unittest\bin\debug\net6.0-windows\zsc_commonfiles_unittest.dll" id="06f7ab65-67b0-9ceb-7950-154a66e24a54">
      <Execution id="8b088fb3-edcb-4d4b-8f13-0688db54e782" />
      <TestMethod codeBase="D:\actions-runner\_work\XPCO\XPCO\AllSolutions\..\Common\SC_CommonFiles\zSC_CommonFiles_UnitTest\bin\Debug\net6.0-windows\zSC_CommonFiles_UnitTest.dll" adapterTypeName="executor://mstestadapter/v2" className="zSC_CommonFiles_UnitTest.VideoOS.UI.Common.WPF.Utils.ExtensionMethods.IEnumerableExtensionTests" name="IntersectOrdered_With_Key_Selector" />
    </UnitTest>
    <UnitTest name="ScrollIntoView_Success" storage="d:\actions-runner\_work\xpco\xpco\allsolutions\..\common\sc_commonfiles\zsc_commonfiles_unittest\bin\debug\net6.0-windows\zsc_commonfiles_unittest.dll" id="24d7108a-b492-bd24-b0f8-ceb600b42692">
      <TestCategory>
        <TestCategoryItem TestCategory="SC_CommonFiles.WPF.TileLayout" />
      </TestCategory>
      <Execution id="9b1093d4-e10d-4b1f-860a-c438fee49b65" />
      <TestMethod codeBase="D:\actions-runner\_work\XPCO\XPCO\AllSolutions\..\Common\SC_CommonFiles\zSC_CommonFiles_UnitTest\bin\Debug\net6.0-windows\zSC_CommonFiles_UnitTest.dll" adapterTypeName="executor://mstestadapter/v2" className="zSC_CommonFiles_UnitTest.VideoOS.UI.Common.WPF.TileLayout.TileLayoutTest" name="ScrollIntoView_Success" />
    </UnitTest>
    <UnitTest name="SetUnsecureConnectionAllowedForUser_ShouldDoNothing_WhenUserExistsAndHaveCorrectValue" storage="d:\actions-runner\_work\xpco\xpco\allsolutions\..\common\sc_commonfiles\zsc_commonfiles_unittest\bin\debug\net6.0-windows\zsc_commonfiles_unittest.dll" id="b7e36637-289c-8e0e-9091-6aff9c16739a">
      <Execution id="2406ab05-66c7-496f-b779-7b704aab0f2a" />
      <TestMethod codeBase="D:\actions-runner\_work\XPCO\XPCO\AllSolutions\..\Common\SC_CommonFiles\zSC_CommonFiles_UnitTest\bin\Debug\net6.0-windows\zSC_CommonFiles_UnitTest.dll" adapterTypeName="executor://mstestadapter/v2" className="zSC_CommonFiles_UnitTest.VideoOS.Common.Login.UIConnectionInfoTests" name="SetUnsecureConnectionAllowedForUser_ShouldDoNothing_WhenUserExistsAndHaveCorrectValue" />
    </UnitTest>
    <UnitTest name="MeasureCounters_UpdatesGPUInformationCorrectly" storage="d:\actions-runner\_work\xpco\xpco\allsolutions\..\common\sc_commonfiles\zsc_commonfiles_unittest\bin\debug\net6.0-windows\zsc_commonfiles_unittest.dll" id="e06e61ed-13a4-6147-16b5-ee8c50cfb777">
      <Execution id="f0e67a6e-8977-408c-be08-437e0725fad0" />
      <TestMethod codeBase="D:\actions-runner\_work\XPCO\XPCO\AllSolutions\..\Common\SC_CommonFiles\zSC_CommonFiles_UnitTest\bin\Debug\net6.0-windows\zSC_CommonFiles_UnitTest.dll" adapterTypeName="executor://mstestadapter/v2" className="zSC_CommonFiles_UnitTest.VideoOS.UI.Common.WPF.ClientDataGathererTests" name="MeasureCounters_UpdatesGPUInformationCorrectly" />
    </UnitTest>
    <UnitTest name="ArrangeOverride_3child_EnoughSpace_NotShrunk" storage="d:\actions-runner\_work\xpco\xpco\allsolutions\..\common\sc_commonfiles\zsc_commonfiles_unittest\bin\debug\net6.0-windows\zsc_commonfiles_unittest.dll" id="22b2ca51-378e-71cd-e0e0-67e36d20ff15">
      <TestCategory>
        <TestCategoryItem TestCategory="Controls" />
      </TestCategory>
      <Execution id="d47ed198-de37-4b6b-9fde-5f0a8628ce08" />
      <TestMethod codeBase="D:\actions-runner\_work\XPCO\XPCO\AllSolutions\..\Common\SC_CommonFiles\zSC_CommonFiles_UnitTest\bin\Debug\net6.0-windows\zSC_CommonFiles_UnitTest.dll" adapterTypeName="executor://mstestadapter/v2" className="VideoOS.UI.Common.WPF.Controls.HorizontalPanelTests" name="ArrangeOverride_3child_EnoughSpace_NotShrunk" />
    </UnitTest>
    <UnitTest name="Convert_NoAutomationIdAndNoFallback_ReturnsUnsetValue" storage="d:\actions-runner\_work\xpco\xpco\allsolutions\..\common\sc_commonfiles\zsc_commonfiles_unittest\bin\debug\net6.0-windows\zsc_commonfiles_unittest.dll" id="b5545286-2d51-273f-e678-5706630cef56">
      <TestCategory>
        <TestCategoryItem TestCategory="Converters" />
      </TestCategory>
      <Execution id="cac77103-4ef3-460e-bb12-9b7b7289e351" />
      <TestMethod codeBase="D:\actions-runner\_work\XPCO\XPCO\AllSolutions\..\Common\SC_CommonFiles\zSC_CommonFiles_UnitTest\bin\Debug\net6.0-windows\zSC_CommonFiles_UnitTest.dll" adapterTypeName="executor://mstestadapter/v2" className="VideoOS.UI.Common.WPF.Utils.Converters.AutomationIdConverterTests" name="Convert_NoAutomationIdAndNoFallback_ReturnsUnsetValue" />
    </UnitTest>
    <UnitTest name="SelectManyOrdered_With_Key_Selector" storage="d:\actions-runner\_work\xpco\xpco\allsolutions\..\common\sc_commonfiles\zsc_commonfiles_unittest\bin\debug\net6.0-windows\zsc_commonfiles_unittest.dll" id="c93e1fde-ba93-9054-d493-30af75ea0b03">
      <Execution id="c48a395b-f446-4277-ab21-6a1b08a678a5" />
      <TestMethod codeBase="D:\actions-runner\_work\XPCO\XPCO\AllSolutions\..\Common\SC_CommonFiles\zSC_CommonFiles_UnitTest\bin\Debug\net6.0-windows\zSC_CommonFiles_UnitTest.dll" adapterTypeName="executor://mstestadapter/v2" className="zSC_CommonFiles_UnitTest.VideoOS.UI.Common.WPF.Utils.ExtensionMethods.IEnumerableExtensionTests" name="SelectManyOrdered_With_Key_Selector" />
    </UnitTest>
    <UnitTest name="SequenceEquals_EqualCollectionsOrderedDifferently_IgnoreOrder_SymmetricalTrueResult" storage="d:\actions-runner\_work\xpco\xpco\allsolutions\..\common\sc_commonfiles\zsc_commonfiles_unittest\bin\debug\net6.0-windows\zsc_commonfiles_unittest.dll" id="b6fd8020-db5d-f64a-77cc-9352b31e97f8">
      <Execution id="18b54b79-54b3-41f2-9ba8-91b8924ef366" />
      <TestMethod codeBase="D:\actions-runner\_work\XPCO\XPCO\AllSolutions\..\Common\SC_CommonFiles\zSC_CommonFiles_UnitTest\bin\Debug\net6.0-windows\zSC_CommonFiles_UnitTest.dll" adapterTypeName="executor://mstestadapter/v2" className="zSC_CommonFiles_UnitTest.VideoOS.UI.Common.WPF.Utils.ObservableCollectionExtensionTest" name="SequenceEquals_EqualCollectionsOrderedDifferently_IgnoreOrder_SymmetricalTrueResult" />
    </UnitTest>
    <UnitTest name="RemoveToast_Success" storage="d:\actions-runner\_work\xpco\xpco\allsolutions\..\common\sc_commonfiles\zsc_commonfiles_unittest\bin\debug\net6.0-windows\zsc_commonfiles_unittest.dll" id="9bb26b43-c785-7f17-8df6-312acd18b6b3">
      <TestCategory>
        <TestCategoryItem TestCategory="Toasts" />
      </TestCategory>
      <Execution id="01f47cc0-9d8c-4c2f-a105-084ade2b6f41" />
      <TestMethod codeBase="D:\actions-runner\_work\XPCO\XPCO\AllSolutions\..\Common\SC_CommonFiles\zSC_CommonFiles_UnitTest\bin\Debug\net6.0-windows\zSC_CommonFiles_UnitTest.dll" adapterTypeName="executor://mstestadapter/v2" className="zSC_CommonFiles_UnitTest.VideoOS.UI.Common.WPF.Toast.ToastsViewModelTests" name="RemoveToast_Success" />
    </UnitTest>
    <UnitTest name="MouseDrag_RangeMinSetToMinValue_EditBoxIsWithinControlBoundaries" storage="d:\actions-runner\_work\xpco\xpco\allsolutions\..\common\sc_commonfiles\zsc_commonfiles_unittest\bin\debug\net6.0-windows\zsc_commonfiles_unittest.dll" id="adb4be23-162a-8b95-3e02-bd423cdb5788">
      <TestCategory>
        <TestCategoryItem TestCategory="RangeSelector" />
      </TestCategory>
      <Execution id="83ee2d48-f8b5-4ef8-bca1-c103c223ed7e" />
      <TestMethod codeBase="D:\actions-runner\_work\XPCO\XPCO\AllSolutions\..\Common\SC_CommonFiles\zSC_CommonFiles_UnitTest\bin\Debug\net6.0-windows\zSC_CommonFiles_UnitTest.dll" adapterTypeName="executor://mstestadapter/v2" className="VideoOS.UI.Common.WPF.RangeSelector.RangeSelectorTest" name="MouseDrag_RangeMinSetToMinValue_EditBoxIsWithinControlBoundaries" />
    </UnitTest>
    <UnitTest name="SingleCameraMustSetDisplayNameDeletedCameraTextIfItDoesNotExist" storage="d:\actions-runner\_work\xpco\xpco\allsolutions\..\common\sc_commonfiles\zsc_commonfiles_unittest\bin\debug\net6.0-windows\zsc_commonfiles_unittest.dll" id="2b14ff95-cabe-8a3e-8e5c-8673fcb142c5">
      <Execution id="e0b4b9e0-c462-4aec-8832-9413d5456b9f" />
      <TestMethod codeBase="D:\actions-runner\_work\XPCO\XPCO\AllSolutions\..\Common\SC_CommonFiles\zSC_CommonFiles_UnitTest\bin\Debug\net6.0-windows\zSC_CommonFiles_UnitTest.dll" adapterTypeName="executor://mstestadapter/v2" className="zSC_CommonFiles_UnitTest.LocalizationTests" name="SingleCameraMustSetDisplayNameDeletedCameraTextIfItDoesNotExist" />
    </UnitTest>
    <UnitTest name="RoundToSecond_Nearest" storage="d:\actions-runner\_work\xpco\xpco\allsolutions\..\common\sc_commonfiles\zsc_commonfiles_unittest\bin\debug\net6.0-windows\zsc_commonfiles_unittest.dll" id="d7a4b603-8308-5acd-9a99-39b73afff367">
      <Execution id="ad762c14-6ef6-48cf-a227-1673cf3c752f" />
      <TestMethod codeBase="D:\actions-runner\_work\XPCO\XPCO\AllSolutions\..\Common\SC_CommonFiles\zSC_CommonFiles_UnitTest\bin\Debug\net6.0-windows\zSC_CommonFiles_UnitTest.dll" adapterTypeName="executor://mstestadapter/v2" className="zSC_CommonFiles_UnitTest.VideoOS.UI.Common.WPF.Utils.ExtensionMethods.TimeSpanExtensionsTests" name="RoundToSecond_Nearest" />
    </UnitTest>
    <UnitTest name="SingleServerMustSetDisplayNameDeletedServerTextIfItDoesNotExist" storage="d:\actions-runner\_work\xpco\xpco\allsolutions\..\common\sc_commonfiles\zsc_commonfiles_unittest\bin\debug\net6.0-windows\zsc_commonfiles_unittest.dll" id="90cfc5f0-b7f9-31e3-d21a-be242b733ee9">
      <Execution id="12b7725a-81b9-48d7-868a-9aca5295b743" />
      <TestMethod codeBase="D:\actions-runner\_work\XPCO\XPCO\AllSolutions\..\Common\SC_CommonFiles\zSC_CommonFiles_UnitTest\bin\Debug\net6.0-windows\zSC_CommonFiles_UnitTest.dll" adapterTypeName="executor://mstestadapter/v2" className="zSC_CommonFiles_UnitTest.LocalizationTests" name="SingleServerMustSetDisplayNameDeletedServerTextIfItDoesNotExist" />
    </UnitTest>
    <UnitTest name="OnPreviewKeyDown_RightCtrl_Click_Select_Success" storage="d:\actions-runner\_work\xpco\xpco\allsolutions\..\common\sc_commonfiles\zsc_commonfiles_unittest\bin\debug\net6.0-windows\zsc_commonfiles_unittest.dll" id="5bb482fa-8a48-3336-66c9-7ea3af463c94">
      <TestCategory>
        <TestCategoryItem TestCategory="SC_CommonFiles.WPF.TileLayout" />
      </TestCategory>
      <Execution id="b6ddf8d1-400c-43ee-9041-92d88d457bb6" />
      <TestMethod codeBase="D:\actions-runner\_work\XPCO\XPCO\AllSolutions\..\Common\SC_CommonFiles\zSC_CommonFiles_UnitTest\bin\Debug\net6.0-windows\zSC_CommonFiles_UnitTest.dll" adapterTypeName="executor://mstestadapter/v2" className="zSC_CommonFiles_UnitTest.VideoOS.UI.Common.WPF.TileLayout.TileLayoutTest" name="OnPreviewKeyDown_RightCtrl_Click_Select_Success" />
    </UnitTest>
    <UnitTest name="Convert_SingleValueConverter_NotANumber_Throws" storage="d:\actions-runner\_work\xpco\xpco\allsolutions\..\common\sc_commonfiles\zsc_commonfiles_unittest\bin\debug\net6.0-windows\zsc_commonfiles_unittest.dll" id="1bd901f8-3f7d-e4b9-9350-b8e0d21cecdd">
      <Execution id="5fe9c10e-1811-49ff-8afe-ff2212401746" />
      <TestMethod codeBase="D:\actions-runner\_work\XPCO\XPCO\AllSolutions\..\Common\SC_CommonFiles\zSC_CommonFiles_UnitTest\bin\Debug\net6.0-windows\zSC_CommonFiles_UnitTest.dll" adapterTypeName="executor://mstestadapter/v2" className="zSC_CommonFiles_UnitTest.VideoOS.UI.Common.WPF.Utils.Converters.MaxWidthConverterTests" name="Convert_SingleValueConverter_NotANumber_Throws" />
    </UnitTest>
    <UnitTest name="SequenceEqualIgnoreOrder_OneCollectionWithDuplicateElementOrderedDifferently_IgnoreOrder_SymmetricalFalseResult" storage="d:\actions-runner\_work\xpco\xpco\allsolutions\..\common\sc_commonfiles\zsc_commonfiles_unittest\bin\debug\net6.0-windows\zsc_commonfiles_unittest.dll" id="2bf7024d-c9a8-0f52-01c6-a02fd7b7c6c8">
      <Execution id="7c0973d4-72fc-436e-b4b6-490f622b7b78" />
      <TestMethod codeBase="D:\actions-runner\_work\XPCO\XPCO\AllSolutions\..\Common\SC_CommonFiles\zSC_CommonFiles_UnitTest\bin\Debug\net6.0-windows\zSC_CommonFiles_UnitTest.dll" adapterTypeName="executor://mstestadapter/v2" className="zSC_CommonFiles_UnitTest.VideoOS.UI.Common.WPF.Utils.ExtensionMethods.IEnumerableExtensionTests" name="SequenceEqualIgnoreOrder_OneCollectionWithDuplicateElementOrderedDifferently_IgnoreOrder_SymmetricalFalseResult" />
    </UnitTest>
    <UnitTest name="SmartSearchFilterValue_Deserialize_Success" storage="d:\actions-runner\_work\xpco\xpco\allsolutions\..\common\sc_commonfiles\zsc_commonfiles_unittest\bin\debug\net6.0-windows\zsc_commonfiles_unittest.dll" id="ac417528-a5fc-0267-1e71-119d845e1bc0">
      <TestCategory>
        <TestCategoryItem TestCategory="Search.FilterValues" />
      </TestCategory>
      <Execution id="98f84ad0-a135-4d64-b46e-5fb035cfde09" />
      <TestMethod codeBase="D:\actions-runner\_work\XPCO\XPCO\AllSolutions\..\Common\SC_CommonFiles\zSC_CommonFiles_UnitTest\bin\Debug\net6.0-windows\zSC_CommonFiles_UnitTest.dll" adapterTypeName="executor://mstestadapter/v2" className="zSC_CommonFiles_UnitTest.VideoOS.UI.Common.Data.SmartSearch.SmartSearchFilterValueTests" name="SmartSearchFilterValue_Deserialize_Success" />
    </UnitTest>
    <UnitTest name="ExpirationTimerOnTick_ToastNotExpired_Success" storage="d:\actions-runner\_work\xpco\xpco\allsolutions\..\common\sc_commonfiles\zsc_commonfiles_unittest\bin\debug\net6.0-windows\zsc_commonfiles_unittest.dll" id="dfdaa8e6-900c-926b-6ac3-82e2d0119e60">
      <TestCategory>
        <TestCategoryItem TestCategory="Toasts" />
      </TestCategory>
      <Execution id="816003fc-a2f4-4bdd-99dd-055141f12466" />
      <TestMethod codeBase="D:\actions-runner\_work\XPCO\XPCO\AllSolutions\..\Common\SC_CommonFiles\zSC_CommonFiles_UnitTest\bin\Debug\net6.0-windows\zSC_CommonFiles_UnitTest.dll" adapterTypeName="executor://mstestadapter/v2" className="zSC_CommonFiles_UnitTest.VideoOS.UI.Common.WPF.Toast.ToastBaseTests" name="ExpirationTimerOnTick_ToastNotExpired_Success" />
    </UnitTest>
    <UnitTest name="Convert_DefaultMultiplierAndOffset_ReturnsProvidedValue" storage="d:\actions-runner\_work\xpco\xpco\allsolutions\..\common\sc_commonfiles\zsc_commonfiles_unittest\bin\debug\net6.0-windows\zsc_commonfiles_unittest.dll" id="09c48a42-9cc6-7c96-0386-069c96816ff0">
      <TestCategory>
        <TestCategoryItem TestCategory="Converters" />
      </TestCategory>
      <Execution id="5af0a281-503d-45e3-bd83-f55f5712ae4a" />
      <TestMethod codeBase="D:\actions-runner\_work\XPCO\XPCO\AllSolutions\..\Common\SC_CommonFiles\zSC_CommonFiles_UnitTest\bin\Debug\net6.0-windows\zSC_CommonFiles_UnitTest.dll" adapterTypeName="executor://mstestadapter/v2" className="VideoOS.UI.Common.WPF.Utils.Converters.OffsetConverterTests" name="Convert_DefaultMultiplierAndOffset_ReturnsProvidedValue" />
    </UnitTest>
    <UnitTest name="OnPreviewKeyDown_RightCtrl_A_UnselectAll_Success" storage="d:\actions-runner\_work\xpco\xpco\allsolutions\..\common\sc_commonfiles\zsc_commonfiles_unittest\bin\debug\net6.0-windows\zsc_commonfiles_unittest.dll" id="76a3a4c2-b730-8445-7c90-0d70d705d3b2">
      <TestCategory>
        <TestCategoryItem TestCategory="SC_CommonFiles.WPF.TileLayout" />
      </TestCategory>
      <Execution id="20416291-e1b5-4974-806e-a610c6bdbaa4" />
      <TestMethod codeBase="D:\actions-runner\_work\XPCO\XPCO\AllSolutions\..\Common\SC_CommonFiles\zSC_CommonFiles_UnitTest\bin\Debug\net6.0-windows\zSC_CommonFiles_UnitTest.dll" adapterTypeName="executor://mstestadapter/v2" className="zSC_CommonFiles_UnitTest.VideoOS.UI.Common.WPF.TileLayout.TileLayoutTest" name="OnPreviewKeyDown_RightCtrl_A_UnselectAll_Success" />
    </UnitTest>
    <UnitTest name="Convert_WithMultiplierAndOffset_Success" storage="d:\actions-runner\_work\xpco\xpco\allsolutions\..\common\sc_commonfiles\zsc_commonfiles_unittest\bin\debug\net6.0-windows\zsc_commonfiles_unittest.dll" id="7bd27d81-06b7-0043-ca3b-42b8a3ad840b">
      <TestCategory>
        <TestCategoryItem TestCategory="Converters" />
      </TestCategory>
      <Execution id="6c2a1346-234c-43c1-8707-d4680f8c1520" />
      <TestMethod codeBase="D:\actions-runner\_work\XPCO\XPCO\AllSolutions\..\Common\SC_CommonFiles\zSC_CommonFiles_UnitTest\bin\Debug\net6.0-windows\zSC_CommonFiles_UnitTest.dll" adapterTypeName="executor://mstestadapter/v2" className="VideoOS.UI.Common.WPF.Utils.Converters.OffsetConverterTests" name="Convert_WithMultiplierAndOffset_Success" />
    </UnitTest>
    <UnitTest name="AuthenticationSimple_SetEnabled_Throws_InvalidOperationException" storage="d:\actions-runner\_work\xpco\xpco\allsolutions\..\common\sc_commonfiles\zsc_commonfiles_unittest\bin\debug\net6.0-windows\zsc_commonfiles_unittest.dll" id="18f2ab8d-6696-bf3f-7e10-34e8c36dc629">
      <TestCategory>
        <TestCategoryItem TestCategory="AuthenticationInfoTests" />
      </TestCategory>
      <Execution id="07839756-dac4-4262-b3f5-0e0e7a9e1e3e" />
      <TestMethod codeBase="D:\actions-runner\_work\XPCO\XPCO\AllSolutions\..\Common\SC_CommonFiles\zSC_CommonFiles_UnitTest\bin\Debug\net6.0-windows\zSC_CommonFiles_UnitTest.dll" adapterTypeName="executor://mstestadapter/v2" className="zSC_CommonFiles_UnitTest.VideoOS.Common.Login.AuthenticationInfoTests" name="AuthenticationSimple_SetEnabled_Throws_InvalidOperationException" />
    </UnitTest>
    <UnitTest name="MeasureOverride_NoChildEnoughSpace_NotShrunk" storage="d:\actions-runner\_work\xpco\xpco\allsolutions\..\common\sc_commonfiles\zsc_commonfiles_unittest\bin\debug\net6.0-windows\zsc_commonfiles_unittest.dll" id="f9581051-4325-f7fc-7cc2-b7b62afe7956">
      <TestCategory>
        <TestCategoryItem TestCategory="Controls" />
      </TestCategory>
      <Execution id="b944a371-3b76-449e-9150-47ecce0ca98d" />
      <TestMethod codeBase="D:\actions-runner\_work\XPCO\XPCO\AllSolutions\..\Common\SC_CommonFiles\zSC_CommonFiles_UnitTest\bin\Debug\net6.0-windows\zSC_CommonFiles_UnitTest.dll" adapterTypeName="executor://mstestadapter/v2" className="VideoOS.UI.Common.WPF.Controls.HorizontalPanelTests" name="MeasureOverride_NoChildEnoughSpace_NotShrunk" />
    </UnitTest>
    <UnitTest name="Ctor_NegativeMaxIdleTimeBeforeCleanup_Throws" storage="d:\actions-runner\_work\xpco\xpco\allsolutions\..\common\sc_commonfiles\zsc_commonfiles_unittest\bin\debug\net6.0-windows\zsc_commonfiles_unittest.dll" id="f5caa479-ad8a-fc77-0f9d-b10ee7e2accc">
      <Execution id="46a62b4f-a894-4173-89af-8e4b7e49b0fd" />
      <TestMethod codeBase="D:\actions-runner\_work\XPCO\XPCO\AllSolutions\..\Common\SC_CommonFiles\zSC_CommonFiles_UnitTest\bin\Debug\net6.0-windows\zSC_CommonFiles_UnitTest.dll" adapterTypeName="executor://mstestadapter/v2" className="VideoOS.UI.Common.WPF.Utils.RecyclingFactory.RecyclingFactoryTests" name="Ctor_NegativeMaxIdleTimeBeforeCleanup_Throws" />
    </UnitTest>
    <UnitTest name="RemoveFrameworkElementsOverlay_WithKnownId_ShouldRemoveCorrectItem" storage="d:\actions-runner\_work\xpco\xpco\allsolutions\..\common\sc_commonfiles\zsc_commonfiles_unittest\bin\debug\net6.0-windows\zsc_commonfiles_unittest.dll" id="3d591622-7a9a-3607-596b-40dbc7119e9a">
      <Execution id="a7473b20-90b3-4333-b243-edde4719d456" />
      <TestMethod codeBase="D:\actions-runner\_work\XPCO\XPCO\AllSolutions\..\Common\SC_CommonFiles\zSC_CommonFiles_UnitTest\bin\Debug\net6.0-windows\zSC_CommonFiles_UnitTest.dll" adapterTypeName="executor://mstestadapter/v2" className="zSC_CommonFiles_UnitTest.VideoOS.UI.Common.WPF.VideoPlayer.Model.FrameworkElementsOverlayModelTests" name="RemoveFrameworkElementsOverlay_WithKnownId_ShouldRemoveCorrectItem" />
    </UnitTest>
    <UnitTest name="RoundToSecond_RoundUp" storage="d:\actions-runner\_work\xpco\xpco\allsolutions\..\common\sc_commonfiles\zsc_commonfiles_unittest\bin\debug\net6.0-windows\zsc_commonfiles_unittest.dll" id="bd6f3f69-8756-1ecb-680e-dc8bdb5e7007">
      <Execution id="e97cd400-541b-4de5-9ae5-1ec4c7246ffe" />
      <TestMethod codeBase="D:\actions-runner\_work\XPCO\XPCO\AllSolutions\..\Common\SC_CommonFiles\zSC_CommonFiles_UnitTest\bin\Debug\net6.0-windows\zSC_CommonFiles_UnitTest.dll" adapterTypeName="executor://mstestadapter/v2" className="zSC_CommonFiles_UnitTest.VideoOS.UI.Common.WPF.Utils.ExtensionMethods.TimeSpanExtensionsTests" name="RoundToSecond_RoundUp" />
    </UnitTest>
    <UnitTest name="AllowUnsecureConnection_ShouldBeFalse_WhenAllowUnsecureIsNotSet" storage="d:\actions-runner\_work\xpco\xpco\allsolutions\..\common\sc_commonfiles\zsc_commonfiles_unittest\bin\debug\net6.0-windows\zsc_commonfiles_unittest.dll" id="febb8456-be0b-5098-be4c-94fbaa942835">
      <Execution id="30473b85-12b0-4bf4-8b50-b14a20cadfbe" />
      <TestMethod codeBase="D:\actions-runner\_work\XPCO\XPCO\AllSolutions\..\Common\SC_CommonFiles\zSC_CommonFiles_UnitTest\bin\Debug\net6.0-windows\zSC_CommonFiles_UnitTest.dll" adapterTypeName="executor://mstestadapter/v2" className="zSC_CommonFiles_UnitTest.VideoOS.Common.Login.UIConnectionInfoTests" name="AllowUnsecureConnection_ShouldBeFalse_WhenAllowUnsecureIsNotSet" />
    </UnitTest>
    <UnitTest name="ConvertToTileStates_ArgumentNull_NotThrown" storage="d:\actions-runner\_work\xpco\xpco\allsolutions\..\common\sc_commonfiles\zsc_commonfiles_unittest\bin\debug\net6.0-windows\zsc_commonfiles_unittest.dll" id="f4aace76-8b78-d9f9-5c7e-a830773b46bd">
      <Execution id="23a995a1-189a-4356-a654-fcc75d6d47d6" />
      <TestMethod codeBase="D:\actions-runner\_work\XPCO\XPCO\AllSolutions\..\Common\SC_CommonFiles\zSC_CommonFiles_UnitTest\bin\Debug\net6.0-windows\zSC_CommonFiles_UnitTest.dll" adapterTypeName="executor://mstestadapter/v2" className="zSC_CommonFiles_UnitTest.VideoOS.Common.State.StateManagerTests" name="ConvertToTileStates_ArgumentNull_NotThrown" />
    </UnitTest>
    <UnitTest name="GetRoundRectangle_Success" storage="d:\actions-runner\_work\xpco\xpco\allsolutions\..\common\sc_commonfiles\zsc_commonfiles_unittest\bin\debug\net6.0-windows\zsc_commonfiles_unittest.dll" id="8c18207a-4a3c-8ee5-7129-6f35cbcaea2a">
      <TestCategory>
        <TestCategoryItem TestCategory="SC_CommonFiles.WPF.TileLayout" />
      </TestCategory>
      <Execution id="a1188469-00af-4307-bd29-0e4a950fda2b" />
      <TestMethod codeBase="D:\actions-runner\_work\XPCO\XPCO\AllSolutions\..\Common\SC_CommonFiles\zSC_CommonFiles_UnitTest\bin\Debug\net6.0-windows\zSC_CommonFiles_UnitTest.dll" adapterTypeName="executor://mstestadapter/v2" className="zSC_CommonFiles_UnitTest.VideoOS.UI.Common.WPF.TileLayout.ItemHolderHelperTest" name="GetRoundRectangle_Success" />
    </UnitTest>
    <UnitTest name="SerializedSlides_ShouldCorrectlySerializeAndDeserialize" storage="d:\actions-runner\_work\xpco\xpco\allsolutions\..\common\sc_commonfiles\zsc_commonfiles_unittest\bin\debug\net6.0-windows\zsc_commonfiles_unittest.dll" id="18e7f5ad-6f64-9e86-3f8d-3ffdc05df7e8">
      <Execution id="d785aa91-ff72-48fb-ba0f-e0218913faab" />
      <TestMethod codeBase="D:\actions-runner\_work\XPCO\XPCO\AllSolutions\..\Common\SC_CommonFiles\zSC_CommonFiles_UnitTest\bin\Debug\net6.0-windows\zSC_CommonFiles_UnitTest.dll" adapterTypeName="executor://mstestadapter/v2" className="zSC_CommonFiles_UnitTest.VideoOS.UI.Common.WPF.VideoText.VideoTextWindowViewModelTests" name="SerializedSlides_ShouldCorrectlySerializeAndDeserialize" />
    </UnitTest>
    <UnitTest name="GetImageSource_Missing24px_Returns32pxImage" storage="d:\actions-runner\_work\xpco\xpco\allsolutions\..\common\sc_commonfiles\zsc_commonfiles_unittest\bin\debug\net6.0-windows\zsc_commonfiles_unittest.dll" id="856c051c-051a-4b4c-bec5-8f02fddd04ae">
      <TestCategory>
        <TestCategoryItem TestCategory="SC_CommonFiles.WPF" />
      </TestCategory>
      <Execution id="80ae8a49-6770-484f-a155-f7194020148e" />
      <TestMethod codeBase="D:\actions-runner\_work\XPCO\XPCO\AllSolutions\..\Common\SC_CommonFiles\zSC_CommonFiles_UnitTest\bin\Debug\net6.0-windows\zSC_CommonFiles_UnitTest.dll" adapterTypeName="executor://mstestadapter/v2" className="zSC_CommonFiles_UnitTest.VideoOS.UI.Common.WPF.Utils.ExtensionMethods.IconExtensionsTests" name="GetImageSource_Missing24px_Returns32pxImage" />
    </UnitTest>
    <UnitTest name="GetStates_NoSessionStarted_NewSession" storage="d:\actions-runner\_work\xpco\xpco\allsolutions\..\common\sc_commonfiles\zsc_commonfiles_unittest\bin\debug\net6.0-windows\zsc_commonfiles_unittest.dll" id="d326e466-8fe4-d29b-9b6b-a9886d65bce4">
      <Execution id="6e01cfa0-cd3d-4676-9fac-5cf3b3ce3923" />
      <TestMethod codeBase="D:\actions-runner\_work\XPCO\XPCO\AllSolutions\..\Common\SC_CommonFiles\zSC_CommonFiles_UnitTest\bin\Debug\net6.0-windows\zSC_CommonFiles_UnitTest.dll" adapterTypeName="executor://mstestadapter/v2" className="zSC_CommonFiles_UnitTest.VideoOS.Common.State.StateManagerTests" name="GetStates_NoSessionStarted_NewSession" />
    </UnitTest>
    <UnitTest name="FindOptimalTilingCalculatesEqualNumberOfRowsAndColumnsIfRatioIsOne" storage="d:\actions-runner\_work\xpco\xpco\allsolutions\..\common\sc_commonfiles\zsc_commonfiles_unittest\bin\debug\net6.0-windows\zsc_commonfiles_unittest.dll" id="8d2e4a94-ff96-e137-7aa1-856c2b177202">
      <Execution id="bc9d6fb7-b8bf-4b8f-95c9-dbddb500ae26" />
      <TestMethod codeBase="D:\actions-runner\_work\XPCO\XPCO\AllSolutions\..\Common\SC_CommonFiles\zSC_CommonFiles_UnitTest\bin\Debug\net6.0-windows\zSC_CommonFiles_UnitTest.dll" adapterTypeName="executor://mstestadapter/v2" className="zSC_CommonFiles_UnitTest.DashboardTilesTests" name="FindOptimalTilingCalculatesEqualNumberOfRowsAndColumnsIfRatioIsOne" />
    </UnitTest>
    <UnitTest name="RoundToMillisecond_Down" storage="d:\actions-runner\_work\xpco\xpco\allsolutions\..\common\sc_commonfiles\zsc_commonfiles_unittest\bin\debug\net6.0-windows\zsc_commonfiles_unittest.dll" id="9e746348-f3a7-2f41-9d29-e3b583264792">
      <Execution id="291a113c-2ab8-4caa-b70d-e02546b18c47" />
      <TestMethod codeBase="D:\actions-runner\_work\XPCO\XPCO\AllSolutions\..\Common\SC_CommonFiles\zSC_CommonFiles_UnitTest\bin\Debug\net6.0-windows\zSC_CommonFiles_UnitTest.dll" adapterTypeName="executor://mstestadapter/v2" className="zSC_CommonFiles_UnitTest.VideoOS.UI.Common.WPF.Utils.ExtensionMethods.DateTimeExtensionsTests" name="RoundToMillisecond_Down" />
    </UnitTest>
    <UnitTest name="DispatcherCreateTest" storage="d:\actions-runner\_work\xpco\xpco\allsolutions\..\common\sc_commonfiles\zsc_commonfiles_unittest\bin\debug\net6.0-windows\zsc_commonfiles_unittest.dll" id="d78750b2-ef6e-b941-b3e8-5db7115013c1">
      <Execution id="75295e25-f599-4d43-91d6-094339832785" />
      <TestMethod codeBase="D:\actions-runner\_work\XPCO\XPCO\AllSolutions\..\Common\SC_CommonFiles\zSC_CommonFiles_UnitTest\bin\Debug\net6.0-windows\zSC_CommonFiles_UnitTest.dll" adapterTypeName="executor://mstestadapter/v2" className="SmartClient_UnitTest.VideoOS.UI.Common.WPF.Utils.Threading.DispatcherExtensionsTest" name="DispatcherCreateTest" />
    </UnitTest>
    <UnitTest name="SpinlockHandlerTest" storage="d:\actions-runner\_work\xpco\xpco\allsolutions\..\common\sc_commonfiles\zsc_commonfiles_unittest\bin\debug\net6.0-windows\zsc_commonfiles_unittest.dll" id="6b82ab31-6a38-fe74-50c1-7d145afb1011">
      <Execution id="28b147a5-2101-4acb-8562-3011959c97fe" />
      <TestMethod codeBase="D:\actions-runner\_work\XPCO\XPCO\AllSolutions\..\Common\SC_CommonFiles\zSC_CommonFiles_UnitTest\bin\Debug\net6.0-windows\zSC_CommonFiles_UnitTest.dll" adapterTypeName="executor://mstestadapter/v2" className="SmartClient_UnitTest.VideoOS.UI.Common.WPF.Utils.Threading.SpinLockHandlerTest" name="SpinlockHandlerTest" />
    </UnitTest>
    <UnitTest name="AuthenticationSimple_SetProperties_Success" storage="d:\actions-runner\_work\xpco\xpco\allsolutions\..\common\sc_commonfiles\zsc_commonfiles_unittest\bin\debug\net6.0-windows\zsc_commonfiles_unittest.dll" id="7b296182-9791-5bb6-d0bc-cac1175b5b79">
      <TestCategory>
        <TestCategoryItem TestCategory="AuthenticationInfoTests" />
      </TestCategory>
      <Execution id="dc7d353e-6592-447c-a8f7-ff8e4d114c26" />
      <TestMethod codeBase="D:\actions-runner\_work\XPCO\XPCO\AllSolutions\..\Common\SC_CommonFiles\zSC_CommonFiles_UnitTest\bin\Debug\net6.0-windows\zSC_CommonFiles_UnitTest.dll" adapterTypeName="executor://mstestadapter/v2" className="zSC_CommonFiles_UnitTest.VideoOS.Common.Login.AuthenticationInfoTests" name="AuthenticationSimple_SetProperties_Success" />
    </UnitTest>
    <UnitTest name="ShowDialogScaledHorizontalCenter_EnsureWithinScreen_100Percent_Scaling" storage="d:\actions-runner\_work\xpco\xpco\allsolutions\..\common\sc_commonfiles\zsc_commonfiles_unittest\bin\debug\net6.0-windows\zsc_commonfiles_unittest.dll" id="0cb85e0d-e620-5ffd-3a6f-c0a03dbcffb6">
      <Execution id="d284f0a4-1d76-43d5-9d6a-176ed7553b65" />
      <TestMethod codeBase="D:\actions-runner\_work\XPCO\XPCO\AllSolutions\..\Common\SC_CommonFiles\zSC_CommonFiles_UnitTest\bin\Debug\net6.0-windows\zSC_CommonFiles_UnitTest.dll" adapterTypeName="executor://mstestadapter/v2" className="zSC_CommonFiles_UnitTest.VideoOS.UI.Common.WPF.Utils.ExtensionMethods.WindowExtensionsTests" name="ShowDialogScaledHorizontalCenter_EnsureWithinScreen_100Percent_Scaling" />
    </UnitTest>
    <UnitTest name="ChangeMaxValue_LessThanMinValue_RangeAndMinValueUpdated" storage="d:\actions-runner\_work\xpco\xpco\allsolutions\..\common\sc_commonfiles\zsc_commonfiles_unittest\bin\debug\net6.0-windows\zsc_commonfiles_unittest.dll" id="b62c4f1d-0c70-3ca6-698f-93042754bfc6">
      <TestCategory>
        <TestCategoryItem TestCategory="RangeSelector" />
      </TestCategory>
      <Execution id="01f19fbe-0698-4e13-84fb-053f02bb11ee" />
      <TestMethod codeBase="D:\actions-runner\_work\XPCO\XPCO\AllSolutions\..\Common\SC_CommonFiles\zSC_CommonFiles_UnitTest\bin\Debug\net6.0-windows\zSC_CommonFiles_UnitTest.dll" adapterTypeName="executor://mstestadapter/v2" className="VideoOS.UI.Common.WPF.RangeSelector.RangeSelectorTest" name="ChangeMaxValue_LessThanMinValue_RangeAndMinValueUpdated" />
    </UnitTest>
    <UnitTest name="AuthenticationWindows_SetEnabled_Throws_InvalidOperationException" storage="d:\actions-runner\_work\xpco\xpco\allsolutions\..\common\sc_commonfiles\zsc_commonfiles_unittest\bin\debug\net6.0-windows\zsc_commonfiles_unittest.dll" id="4c2c17d3-0b22-1bad-fc18-dfc6e618f39b">
      <TestCategory>
        <TestCategoryItem TestCategory="AuthenticationInfoTests" />
      </TestCategory>
      <Execution id="26801e1b-6e76-41d5-9320-1476f903b8f4" />
      <TestMethod codeBase="D:\actions-runner\_work\XPCO\XPCO\AllSolutions\..\Common\SC_CommonFiles\zSC_CommonFiles_UnitTest\bin\Debug\net6.0-windows\zSC_CommonFiles_UnitTest.dll" adapterTypeName="executor://mstestadapter/v2" className="zSC_CommonFiles_UnitTest.VideoOS.Common.Login.AuthenticationInfoTests" name="AuthenticationWindows_SetEnabled_Throws_InvalidOperationException" />
    </UnitTest>
    <UnitTest name="RoundToMinute_RoundDown" storage="d:\actions-runner\_work\xpco\xpco\allsolutions\..\common\sc_commonfiles\zsc_commonfiles_unittest\bin\debug\net6.0-windows\zsc_commonfiles_unittest.dll" id="91452546-d657-4c1c-6138-277aca7ba885">
      <Execution id="a01f4e40-4afb-4af9-906a-f4f4dcd046da" />
      <TestMethod codeBase="D:\actions-runner\_work\XPCO\XPCO\AllSolutions\..\Common\SC_CommonFiles\zSC_CommonFiles_UnitTest\bin\Debug\net6.0-windows\zSC_CommonFiles_UnitTest.dll" adapterTypeName="executor://mstestadapter/v2" className="zSC_CommonFiles_UnitTest.VideoOS.UI.Common.WPF.Utils.ExtensionMethods.TimeSpanExtensionsTests" name="RoundToMinute_RoundDown" />
    </UnitTest>
    <UnitTest name="AuthenticationSimple_SetName_Throws_InvalidOperationException" storage="d:\actions-runner\_work\xpco\xpco\allsolutions\..\common\sc_commonfiles\zsc_commonfiles_unittest\bin\debug\net6.0-windows\zsc_commonfiles_unittest.dll" id="bb23e984-379e-7e0e-1bce-dc1dbfcf6fc3">
      <TestCategory>
        <TestCategoryItem TestCategory="AuthenticationInfoTests" />
      </TestCategory>
      <Execution id="21698fd6-3f52-416f-a629-dc40eb8cd87b" />
      <TestMethod codeBase="D:\actions-runner\_work\XPCO\XPCO\AllSolutions\..\Common\SC_CommonFiles\zSC_CommonFiles_UnitTest\bin\Debug\net6.0-windows\zSC_CommonFiles_UnitTest.dll" adapterTypeName="executor://mstestadapter/v2" className="zSC_CommonFiles_UnitTest.VideoOS.Common.Login.AuthenticationInfoTests" name="AuthenticationSimple_SetName_Throws_InvalidOperationException" />
    </UnitTest>
    <UnitTest name="Constructor_OAuth_ArgumentNull_NotThrown" storage="d:\actions-runner\_work\xpco\xpco\allsolutions\..\common\sc_commonfiles\zsc_commonfiles_unittest\bin\debug\net6.0-windows\zsc_commonfiles_unittest.dll" id="d94fec79-4b64-232e-e01f-dd0b26b0effe">
      <Execution id="2784b0e3-daa3-4105-a078-fd67770baa55" />
      <TestMethod codeBase="D:\actions-runner\_work\XPCO\XPCO\AllSolutions\..\Common\SC_CommonFiles\zSC_CommonFiles_UnitTest\bin\Debug\net6.0-windows\zSC_CommonFiles_UnitTest.dll" adapterTypeName="executor://mstestadapter/v2" className="zSC_CommonFiles_UnitTest.VideoOS.Common.State.StateHandlerTests" name="Constructor_OAuth_ArgumentNull_NotThrown" />
    </UnitTest>
    <UnitTest name="GetAllIntersectingTest" storage="d:\actions-runner\_work\xpco\xpco\allsolutions\..\common\sc_commonfiles\zsc_commonfiles_unittest\bin\debug\net6.0-windows\zsc_commonfiles_unittest.dll" id="dbce7785-0027-ceda-950a-0631c1c23a9b">
      <Execution id="54de67e4-b73d-4986-895a-5288e892eb79" />
      <TestMethod codeBase="D:\actions-runner\_work\XPCO\XPCO\AllSolutions\..\Common\SC_CommonFiles\zSC_CommonFiles_UnitTest\bin\Debug\net6.0-windows\zSC_CommonFiles_UnitTest.dll" adapterTypeName="executor://mstestadapter/v2" className="SmartClient_UnitTest_VideoOS_UI_Common_WPF_Timeline.TimeIntervalC5ExtensionTest" name="GetAllIntersectingTest" />
    </UnitTest>
    <UnitTest name="Convert_ShouldReturnUnsetValue_WhenValueCannotBeParsedToAnIntegerValue" storage="d:\actions-runner\_work\xpco\xpco\allsolutions\..\common\sc_commonfiles\zsc_commonfiles_unittest\bin\debug\net6.0-windows\zsc_commonfiles_unittest.dll" id="4e8ec708-b63a-3736-0e4f-25924095128b">
      <Execution id="14dbf08e-5c6f-46f6-9215-b9e76c6e1bec" />
      <TestMethod codeBase="D:\actions-runner\_work\XPCO\XPCO\AllSolutions\..\Common\SC_CommonFiles\zSC_CommonFiles_UnitTest\bin\Debug\net6.0-windows\zSC_CommonFiles_UnitTest.dll" adapterTypeName="executor://mstestadapter/v2" className="zSC_CommonFiles_UnitTest.VideoOS.UI.Common.WPF.Utils.Converters.CountToStringConverterTests" name="Convert_ShouldReturnUnsetValue_WhenValueCannotBeParsedToAnIntegerValue" />
    </UnitTest>
    <UnitTest name="Constructor_OAuth_BaseServerAddress_ArgumentNull_Thrown" storage="d:\actions-runner\_work\xpco\xpco\allsolutions\..\common\sc_commonfiles\zsc_commonfiles_unittest\bin\debug\net6.0-windows\zsc_commonfiles_unittest.dll" id="c6b0eba2-ea22-d188-1409-7b75cdedc201">
      <Execution id="2094531a-82ae-4940-aca6-1b1a3097c637" />
      <TestMethod codeBase="D:\actions-runner\_work\XPCO\XPCO\AllSolutions\..\Common\SC_CommonFiles\zSC_CommonFiles_UnitTest\bin\Debug\net6.0-windows\zSC_CommonFiles_UnitTest.dll" adapterTypeName="executor://mstestadapter/v2" className="zSC_CommonFiles_UnitTest.VideoOS.Common.State.StateHandlerTests" name="Constructor_OAuth_BaseServerAddress_ArgumentNull_Thrown" />
    </UnitTest>
    <UnitTest name="FormsControlScaledLocationAndSize_AnchorLeftAndTop_100Percent_Scaling" storage="d:\actions-runner\_work\xpco\xpco\allsolutions\..\common\sc_commonfiles\zsc_commonfiles_unittest\bin\debug\net6.0-windows\zsc_commonfiles_unittest.dll" id="c6a10fb2-e3f8-d6eb-e921-0173f07aa1b5">
      <Execution id="8105a8f9-cab3-4b9c-b539-c28d61dc60b2" />
      <TestMethod codeBase="D:\actions-runner\_work\XPCO\XPCO\AllSolutions\..\Common\SC_CommonFiles\zSC_CommonFiles_UnitTest\bin\Debug\net6.0-windows\zSC_CommonFiles_UnitTest.dll" adapterTypeName="executor://mstestadapter/v2" className="zSC_CommonFiles_UnitTest.VideoOS.UI.Common.WPF.Utils.ExtensionMethods.WindowExtensionsTests" name="FormsControlScaledLocationAndSize_AnchorLeftAndTop_100Percent_Scaling" />
    </UnitTest>
    <UnitTest name="RemoveNonExistingToast_Success" storage="d:\actions-runner\_work\xpco\xpco\allsolutions\..\common\sc_commonfiles\zsc_commonfiles_unittest\bin\debug\net6.0-windows\zsc_commonfiles_unittest.dll" id="8222d29f-50ae-b106-6ccd-5b5874365d8b">
      <TestCategory>
        <TestCategoryItem TestCategory="Toasts" />
      </TestCategory>
      <Execution id="029e11db-21a7-421c-a6c1-849b6e8ed141" />
      <TestMethod codeBase="D:\actions-runner\_work\XPCO\XPCO\AllSolutions\..\Common\SC_CommonFiles\zSC_CommonFiles_UnitTest\bin\Debug\net6.0-windows\zSC_CommonFiles_UnitTest.dll" adapterTypeName="executor://mstestadapter/v2" className="zSC_CommonFiles_UnitTest.VideoOS.UI.Common.WPF.Toast.ToastsViewModelTests" name="RemoveNonExistingToast_Success" />
    </UnitTest>
    <UnitTest name="IsUnsecureConnectionAllowedForUser_ShouldReturnFalse_WhenUsernameDoesNotExist" storage="d:\actions-runner\_work\xpco\xpco\allsolutions\..\common\sc_commonfiles\zsc_commonfiles_unittest\bin\debug\net6.0-windows\zsc_commonfiles_unittest.dll" id="439fd027-b2f2-7d61-d60d-ad31877df020">
      <Execution id="ab885b81-fddb-4ec9-97aa-efe76984b119" />
      <TestMethod codeBase="D:\actions-runner\_work\XPCO\XPCO\AllSolutions\..\Common\SC_CommonFiles\zSC_CommonFiles_UnitTest\bin\Debug\net6.0-windows\zSC_CommonFiles_UnitTest.dll" adapterTypeName="executor://mstestadapter/v2" className="zSC_CommonFiles_UnitTest.VideoOS.Common.Login.UIConnectionInfoTests" name="IsUnsecureConnectionAllowedForUser_ShouldReturnFalse_WhenUsernameDoesNotExist" />
    </UnitTest>
    <UnitTest name="MouseDown_OverRightRangeBar_RangeMinUpdated" storage="d:\actions-runner\_work\xpco\xpco\allsolutions\..\common\sc_commonfiles\zsc_commonfiles_unittest\bin\debug\net6.0-windows\zsc_commonfiles_unittest.dll" id="08c8c1c6-bdcb-21d2-0325-62806128a803">
      <TestCategory>
        <TestCategoryItem TestCategory="RangeSelector" />
      </TestCategory>
      <Execution id="7d93c6d7-991b-4c0c-bb3c-f81fe442d506" />
      <TestMethod codeBase="D:\actions-runner\_work\XPCO\XPCO\AllSolutions\..\Common\SC_CommonFiles\zSC_CommonFiles_UnitTest\bin\Debug\net6.0-windows\zSC_CommonFiles_UnitTest.dll" adapterTypeName="executor://mstestadapter/v2" className="VideoOS.UI.Common.WPF.RangeSelector.RangeSelectorTest" name="MouseDown_OverRightRangeBar_RangeMinUpdated" />
    </UnitTest>
    <UnitTest name="Constructor_ShouldCreateEmptyTree_WhenUnitsHaveNoParent" storage="d:\actions-runner\_work\xpco\xpco\allsolutions\..\common\sc_commonfiles\zsc_commonfiles_unittest\bin\debug\net6.0-windows\zsc_commonfiles_unittest.dll" id="223a2e32-2c68-23be-9c45-d825c6cf4171">
      <Execution id="79caf950-0575-46a4-811e-bcfd65cf7b46" />
      <TestMethod codeBase="D:\actions-runner\_work\XPCO\XPCO\AllSolutions\..\Common\SC_CommonFiles\zSC_CommonFiles_UnitTest\bin\Debug\net6.0-windows\zSC_CommonFiles_UnitTest.dll" adapterTypeName="executor://mstestadapter/v2" className="SmartClient_UnitTest_VideoOS_UI_Common_WPF_FilterTree.FilterTreeUserControlViewModelTest" name="Constructor_ShouldCreateEmptyTree_WhenUnitsHaveNoParent" />
    </UnitTest>
    <UnitTest name="DoComboTicksAllIfSelectedTileIsNull" storage="d:\actions-runner\_work\xpco\xpco\allsolutions\..\common\sc_commonfiles\zsc_commonfiles_unittest\bin\debug\net6.0-windows\zsc_commonfiles_unittest.dll" id="a6478b4f-f785-703a-7384-c2061869f444">
      <Execution id="08c55279-f1c3-4346-9f2c-636962d349b8" />
      <TestMethod codeBase="D:\actions-runner\_work\XPCO\XPCO\AllSolutions\..\Common\SC_CommonFiles\zSC_CommonFiles_UnitTest\bin\Debug\net6.0-windows\zSC_CommonFiles_UnitTest.dll" adapterTypeName="executor://mstestadapter/v2" className="zSC_CommonFiles_UnitTest.DashboardTilesTests" name="DoComboTicksAllIfSelectedTileIsNull" />
    </UnitTest>
    <UnitTest name="SequenceEquals_NullCollection_IgnoreOrder_FalseResult" storage="d:\actions-runner\_work\xpco\xpco\allsolutions\..\common\sc_commonfiles\zsc_commonfiles_unittest\bin\debug\net6.0-windows\zsc_commonfiles_unittest.dll" id="eee8a259-a056-ce20-fd00-ef8675395c38">
      <Execution id="a124267d-8b90-4c98-801c-8e4f0e335aa0" />
      <TestMethod codeBase="D:\actions-runner\_work\XPCO\XPCO\AllSolutions\..\Common\SC_CommonFiles\zSC_CommonFiles_UnitTest\bin\Debug\net6.0-windows\zSC_CommonFiles_UnitTest.dll" adapterTypeName="executor://mstestadapter/v2" className="zSC_CommonFiles_UnitTest.VideoOS.UI.Common.WPF.Utils.ObservableCollectionExtensionTest" name="SequenceEquals_NullCollection_IgnoreOrder_FalseResult" />
    </UnitTest>
    <UnitTest name="GetStates_NoSessionStarted_NoSession" storage="d:\actions-runner\_work\xpco\xpco\allsolutions\..\common\sc_commonfiles\zsc_commonfiles_unittest\bin\debug\net6.0-windows\zsc_commonfiles_unittest.dll" id="97ed5bad-2fed-e9d4-6d6f-bad924a904de">
      <Execution id="44a0d867-1634-4a32-b993-92a37561af2a" />
      <TestMethod codeBase="D:\actions-runner\_work\XPCO\XPCO\AllSolutions\..\Common\SC_CommonFiles\zSC_CommonFiles_UnitTest\bin\Debug\net6.0-windows\zSC_CommonFiles_UnitTest.dll" adapterTypeName="executor://mstestadapter/v2" className="zSC_CommonFiles_UnitTest.VideoOS.Common.State.ServerStateManagerTests" name="GetStates_NoSessionStarted_NoSession" />
    </UnitTest>
    <UnitTest name="SequenceEquals_UnequalCollections_RespectOrder_SymmetricalTrueResult" storage="d:\actions-runner\_work\xpco\xpco\allsolutions\..\common\sc_commonfiles\zsc_commonfiles_unittest\bin\debug\net6.0-windows\zsc_commonfiles_unittest.dll" id="5095d613-b74e-da81-c8c0-bc71c282beb3">
      <Execution id="90367972-8a11-4fad-aaa5-673f94110d3c" />
      <TestMethod codeBase="D:\actions-runner\_work\XPCO\XPCO\AllSolutions\..\Common\SC_CommonFiles\zSC_CommonFiles_UnitTest\bin\Debug\net6.0-windows\zSC_CommonFiles_UnitTest.dll" adapterTypeName="executor://mstestadapter/v2" className="zSC_CommonFiles_UnitTest.VideoOS.UI.Common.WPF.Utils.ObservableCollectionExtensionTest" name="SequenceEquals_UnequalCollections_RespectOrder_SymmetricalTrueResult" />
    </UnitTest>
    <UnitTest name="OnPreviewKeyDown_LeftCtrl_Click_Select_Success" storage="d:\actions-runner\_work\xpco\xpco\allsolutions\..\common\sc_commonfiles\zsc_commonfiles_unittest\bin\debug\net6.0-windows\zsc_commonfiles_unittest.dll" id="fbddede5-5be9-fcfe-2d72-bc891322f303">
      <TestCategory>
        <TestCategoryItem TestCategory="SC_CommonFiles.WPF.TileLayout" />
      </TestCategory>
      <Execution id="b61b00b4-cda9-4759-9657-852ed80174e6" />
      <TestMethod codeBase="D:\actions-runner\_work\XPCO\XPCO\AllSolutions\..\Common\SC_CommonFiles\zSC_CommonFiles_UnitTest\bin\Debug\net6.0-windows\zSC_CommonFiles_UnitTest.dll" adapterTypeName="executor://mstestadapter/v2" className="zSC_CommonFiles_UnitTest.VideoOS.UI.Common.WPF.TileLayout.TileLayoutTest" name="OnPreviewKeyDown_LeftCtrl_Click_Select_Success" />
    </UnitTest>
    <UnitTest name="RoundToMinute_Up" storage="d:\actions-runner\_work\xpco\xpco\allsolutions\..\common\sc_commonfiles\zsc_commonfiles_unittest\bin\debug\net6.0-windows\zsc_commonfiles_unittest.dll" id="b301c31a-5fce-b4b4-96b1-9d8598e593a2">
      <Execution id="2927be24-a35b-4eef-8da7-91cbef356bb9" />
      <TestMethod codeBase="D:\actions-runner\_work\XPCO\XPCO\AllSolutions\..\Common\SC_CommonFiles\zSC_CommonFiles_UnitTest\bin\Debug\net6.0-windows\zSC_CommonFiles_UnitTest.dll" adapterTypeName="executor://mstestadapter/v2" className="zSC_CommonFiles_UnitTest.VideoOS.UI.Common.WPF.Utils.ExtensionMethods.DateTimeExtensionsTests" name="RoundToMinute_Up" />
    </UnitTest>
    <UnitTest name="OnPreviewKeyDown_Down_Success" storage="d:\actions-runner\_work\xpco\xpco\allsolutions\..\common\sc_commonfiles\zsc_commonfiles_unittest\bin\debug\net6.0-windows\zsc_commonfiles_unittest.dll" id="75ddff72-1da7-7256-0e4d-9208c0d7b717">
      <TestCategory>
        <TestCategoryItem TestCategory="SC_CommonFiles.WPF.TileLayout" />
      </TestCategory>
      <Execution id="60d580f8-ba79-4bd4-b649-9282436e6b54" />
      <TestMethod codeBase="D:\actions-runner\_work\XPCO\XPCO\AllSolutions\..\Common\SC_CommonFiles\zSC_CommonFiles_UnitTest\bin\Debug\net6.0-windows\zSC_CommonFiles_UnitTest.dll" adapterTypeName="executor://mstestadapter/v2" className="zSC_CommonFiles_UnitTest.VideoOS.UI.Common.WPF.TileLayout.TileLayoutTest" name="OnPreviewKeyDown_Down_Success" />
    </UnitTest>
    <UnitTest name="GetTimeSpanValueOrDefault_WrongKeyValue_DefaultValueReturned" storage="d:\actions-runner\_work\xpco\xpco\allsolutions\..\common\sc_commonfiles\zsc_commonfiles_unittest\bin\debug\net6.0-windows\zsc_commonfiles_unittest.dll" id="17d84dca-08db-1fc3-9f2e-4c3ca40d4597">
      <Execution id="92c5a41d-614e-48fd-9713-a7b739c61fa3" />
      <TestMethod codeBase="D:\actions-runner\_work\XPCO\XPCO\AllSolutions\..\Common\SC_CommonFiles\zSC_CommonFiles_UnitTest\bin\Debug\net6.0-windows\zSC_CommonFiles_UnitTest.dll" adapterTypeName="executor://mstestadapter/v2" className="zSC_CommonFiles_UnitTest.VideoOS.Common.Configuration.NameValueCollectionExtensionsTest" name="GetTimeSpanValueOrDefault_WrongKeyValue_DefaultValueReturned" />
    </UnitTest>
    <UnitTest name="DoComboSelectionSetsComboTextToTypeNameIfSelectionIsNotInstance" storage="d:\actions-runner\_work\xpco\xpco\allsolutions\..\common\sc_commonfiles\zsc_commonfiles_unittest\bin\debug\net6.0-windows\zsc_commonfiles_unittest.dll" id="98ecfc2f-a242-ec20-0f52-a34da70ff901">
      <Execution id="60989760-5c10-43d0-adcb-757716e65458" />
      <TestMethod codeBase="D:\actions-runner\_work\XPCO\XPCO\AllSolutions\..\Common\SC_CommonFiles\zSC_CommonFiles_UnitTest\bin\Debug\net6.0-windows\zSC_CommonFiles_UnitTest.dll" adapterTypeName="executor://mstestadapter/v2" className="zSC_CommonFiles_UnitTest.DashboardTilesTests" name="DoComboSelectionSetsComboTextToTypeNameIfSelectionIsNotInstance" />
    </UnitTest>
    <UnitTest name="SingleCameraMustReturnDisplayNameAsEntityName" storage="d:\actions-runner\_work\xpco\xpco\allsolutions\..\common\sc_commonfiles\zsc_commonfiles_unittest\bin\debug\net6.0-windows\zsc_commonfiles_unittest.dll" id="6cb4c9a0-0faa-e5bf-8132-58751189c459">
      <Execution id="2823123a-6993-441c-a36e-d791c94abace" />
      <TestMethod codeBase="D:\actions-runner\_work\XPCO\XPCO\AllSolutions\..\Common\SC_CommonFiles\zSC_CommonFiles_UnitTest\bin\Debug\net6.0-windows\zSC_CommonFiles_UnitTest.dll" adapterTypeName="executor://mstestadapter/v2" className="zSC_CommonFiles_UnitTest.LocalizationTests" name="SingleCameraMustReturnDisplayNameAsEntityName" />
    </UnitTest>
    <UnitTest name="GetStates_NoSessionStarted_NoSession" storage="d:\actions-runner\_work\xpco\xpco\allsolutions\..\common\sc_commonfiles\zsc_commonfiles_unittest\bin\debug\net6.0-windows\zsc_commonfiles_unittest.dll" id="98ef8a3d-1657-a6ae-7eaf-dfb44be1b2e7">
      <Execution id="e04bc2c6-7cb8-43c6-bdb6-3a34ea3a2ea5" />
      <TestMethod codeBase="D:\actions-runner\_work\XPCO\XPCO\AllSolutions\..\Common\SC_CommonFiles\zSC_CommonFiles_UnitTest\bin\Debug\net6.0-windows\zSC_CommonFiles_UnitTest.dll" adapterTypeName="executor://mstestadapter/v2" className="zSC_CommonFiles_UnitTest.VideoOS.Common.State.StateManagerTests" name="GetStates_NoSessionStarted_NoSession" />
    </UnitTest>
    <UnitTest name="SequenceEquals_EqualCollections_IgnoreOrder_SymmetricalTrueResult" storage="d:\actions-runner\_work\xpco\xpco\allsolutions\..\common\sc_commonfiles\zsc_commonfiles_unittest\bin\debug\net6.0-windows\zsc_commonfiles_unittest.dll" id="9f21fd60-dc5f-a407-0a71-dc6ac4edd3a8">
      <Execution id="06b7826c-22e4-44ce-a1f7-f233db8cfe21" />
      <TestMethod codeBase="D:\actions-runner\_work\XPCO\XPCO\AllSolutions\..\Common\SC_CommonFiles\zSC_CommonFiles_UnitTest\bin\Debug\net6.0-windows\zSC_CommonFiles_UnitTest.dll" adapterTypeName="executor://mstestadapter/v2" className="zSC_CommonFiles_UnitTest.VideoOS.UI.Common.WPF.Utils.ObservableCollectionExtensionTest" name="SequenceEquals_EqualCollections_IgnoreOrder_SymmetricalTrueResult" />
    </UnitTest>
    <UnitTest name="Constructor_ShouldCreateTreeOfDepth2_WhenUnitsHaveParentButNoGrandparentButIncludeIsEnabled" storage="d:\actions-runner\_work\xpco\xpco\allsolutions\..\common\sc_commonfiles\zsc_commonfiles_unittest\bin\debug\net6.0-windows\zsc_commonfiles_unittest.dll" id="8767f881-fdc8-88b5-6aba-c8e95f3120ba">
      <Execution id="7330b842-3864-4960-b521-dee26f59307c" />
      <TestMethod codeBase="D:\actions-runner\_work\XPCO\XPCO\AllSolutions\..\Common\SC_CommonFiles\zSC_CommonFiles_UnitTest\bin\Debug\net6.0-windows\zSC_CommonFiles_UnitTest.dll" adapterTypeName="executor://mstestadapter/v2" className="SmartClient_UnitTest_VideoOS_UI_Common_WPF_FilterTree.FilterTreeUserControlViewModelTest" name="Constructor_ShouldCreateTreeOfDepth2_WhenUnitsHaveParentButNoGrandparentButIncludeIsEnabled" />
    </UnitTest>
    <UnitTest name="IntersectOrdered" storage="d:\actions-runner\_work\xpco\xpco\allsolutions\..\common\sc_commonfiles\zsc_commonfiles_unittest\bin\debug\net6.0-windows\zsc_commonfiles_unittest.dll" id="e4efa2e9-6d62-0683-b9e7-1e5cf6253345">
      <Execution id="6f1a2362-bf99-4a97-a5d8-a589acec0dcc" />
      <TestMethod codeBase="D:\actions-runner\_work\XPCO\XPCO\AllSolutions\..\Common\SC_CommonFiles\zSC_CommonFiles_UnitTest\bin\Debug\net6.0-windows\zSC_CommonFiles_UnitTest.dll" adapterTypeName="executor://mstestadapter/v2" className="zSC_CommonFiles_UnitTest.VideoOS.UI.Common.WPF.Utils.ExtensionMethods.IEnumerableExtensionTests" name="IntersectOrdered" />
    </UnitTest>
    <UnitTest name="AddFrameworkElementsOverlay_WithFollowDigitalZoomTrue_ShouldAddToFrameworkElementsOverlaysFollowDigitalZoom" storage="d:\actions-runner\_work\xpco\xpco\allsolutions\..\common\sc_commonfiles\zsc_commonfiles_unittest\bin\debug\net6.0-windows\zsc_commonfiles_unittest.dll" id="a219a971-ee6f-7138-7f95-5ebe25d5d446">
      <Execution id="c26eeff7-f9f2-4150-a625-549a4be05f7e" />
      <TestMethod codeBase="D:\actions-runner\_work\XPCO\XPCO\AllSolutions\..\Common\SC_CommonFiles\zSC_CommonFiles_UnitTest\bin\Debug\net6.0-windows\zSC_CommonFiles_UnitTest.dll" adapterTypeName="executor://mstestadapter/v2" className="zSC_CommonFiles_UnitTest.VideoOS.UI.Common.WPF.VideoPlayer.Model.FrameworkElementsOverlayModelTests" name="AddFrameworkElementsOverlay_WithFollowDigitalZoomTrue_ShouldAddToFrameworkElementsOverlaysFollowDigitalZoom" />
    </UnitTest>
    <UnitTest name="AddToast_NewToast_Success" storage="d:\actions-runner\_work\xpco\xpco\allsolutions\..\common\sc_commonfiles\zsc_commonfiles_unittest\bin\debug\net6.0-windows\zsc_commonfiles_unittest.dll" id="876bc370-09a2-ee34-0b46-51df5caf6b5d">
      <TestCategory>
        <TestCategoryItem TestCategory="Toasts" />
      </TestCategory>
      <Execution id="a7a54b1b-49bf-4bfd-82d1-b9051acceb6b" />
      <TestMethod codeBase="D:\actions-runner\_work\XPCO\XPCO\AllSolutions\..\Common\SC_CommonFiles\zSC_CommonFiles_UnitTest\bin\Debug\net6.0-windows\zSC_CommonFiles_UnitTest.dll" adapterTypeName="executor://mstestadapter/v2" className="VideoOS.UI.Common.WPF.Toast.ToastManagerTests" name="AddToast_NewToast_Success" />
    </UnitTest>
    <UnitTest name="Dismiss_ToastDismissed" storage="d:\actions-runner\_work\xpco\xpco\allsolutions\..\common\sc_commonfiles\zsc_commonfiles_unittest\bin\debug\net6.0-windows\zsc_commonfiles_unittest.dll" id="bc77ee0c-1b15-15e6-cc3d-5cb4ade23cbd">
      <TestCategory>
        <TestCategoryItem TestCategory="Toasts" />
      </TestCategory>
      <Execution id="2d2f5b5e-ccb8-4a46-bb52-ecbdb7db5e88" />
      <TestMethod codeBase="D:\actions-runner\_work\XPCO\XPCO\AllSolutions\..\Common\SC_CommonFiles\zSC_CommonFiles_UnitTest\bin\Debug\net6.0-windows\zSC_CommonFiles_UnitTest.dll" adapterTypeName="executor://mstestadapter/v2" className="zSC_CommonFiles_UnitTest.VideoOS.UI.Common.WPF.Toast.ToastBaseTests" name="Dismiss_ToastDismissed" />
    </UnitTest>
    <UnitTest name="Add_Child_Success" storage="d:\actions-runner\_work\xpco\xpco\allsolutions\..\common\sc_commonfiles\zsc_commonfiles_unittest\bin\debug\net6.0-windows\zsc_commonfiles_unittest.dll" id="e245fb45-69ee-13c5-5051-f3d423a730df">
      <TestCategory>
        <TestCategoryItem TestCategory="SC_CommonFiles.WPF.TileLayout" />
      </TestCategory>
      <Execution id="5d4ce657-0bd8-478d-a16e-57f7013a4722" />
      <TestMethod codeBase="D:\actions-runner\_work\XPCO\XPCO\AllSolutions\..\Common\SC_CommonFiles\zSC_CommonFiles_UnitTest\bin\Debug\net6.0-windows\zSC_CommonFiles_UnitTest.dll" adapterTypeName="executor://mstestadapter/v2" className="zSC_CommonFiles_UnitTest.VideoOS.UI.Common.WPF.TileLayout.ItemHolderTest" name="Add_Child_Success" />
    </UnitTest>
    <UnitTest name="Constructor_ShouldCreateTreeOfDepth2_WhenUnitsHaveGrandparent" storage="d:\actions-runner\_work\xpco\xpco\allsolutions\..\common\sc_commonfiles\zsc_commonfiles_unittest\bin\debug\net6.0-windows\zsc_commonfiles_unittest.dll" id="704cc4f9-442e-9c30-b5d7-b60631e124cf">
      <Execution id="7338c4b4-21bc-46dc-887f-bc77ed489fbc" />
      <TestMethod codeBase="D:\actions-runner\_work\XPCO\XPCO\AllSolutions\..\Common\SC_CommonFiles\zSC_CommonFiles_UnitTest\bin\Debug\net6.0-windows\zSC_CommonFiles_UnitTest.dll" adapterTypeName="executor://mstestadapter/v2" className="SmartClient_UnitTest_VideoOS_UI_Common_WPF_FilterTree.FilterTreeUserControlViewModelTest" name="Constructor_ShouldCreateTreeOfDepth2_WhenUnitsHaveGrandparent" />
    </UnitTest>
    <UnitTest name="TestTest" storage="d:\actions-runner\_work\xpco\xpco\allsolutions\..\common\sc_commonfiles\zsc_commonfiles_unittest\bin\debug\net6.0-windows\zsc_commonfiles_unittest.dll" id="35804b06-11f8-fb19-7cd9-4b5182d944a6">
      <Execution id="19494689-0920-4abf-916b-cdc9768f5b86" />
      <TestMethod codeBase="D:\actions-runner\_work\XPCO\XPCO\AllSolutions\..\Common\SC_CommonFiles\zSC_CommonFiles_UnitTest\bin\Debug\net6.0-windows\zSC_CommonFiles_UnitTest.dll" adapterTypeName="executor://mstestadapter/v2" className="SmartClient_UnitTest_VideoOS_UI_Common_WPF_Timeline_QueryDispatcher.QueryDispatcherTest" name="TestTest" />
    </UnitTest>
    <UnitTest name="ProvideValue_ReturnsThis" storage="d:\actions-runner\_work\xpco\xpco\allsolutions\..\common\sc_commonfiles\zsc_commonfiles_unittest\bin\debug\net6.0-windows\zsc_commonfiles_unittest.dll" id="89375aca-5b37-064f-74cf-5102a1c4ec81">
      <TestCategory>
        <TestCategoryItem TestCategory="Converters" />
      </TestCategory>
      <Execution id="5cc07800-50c0-4ecb-8e26-8e2117515026" />
      <TestMethod codeBase="D:\actions-runner\_work\XPCO\XPCO\AllSolutions\..\Common\SC_CommonFiles\zSC_CommonFiles_UnitTest\bin\Debug\net6.0-windows\zSC_CommonFiles_UnitTest.dll" adapterTypeName="executor://mstestadapter/v2" className="VideoOS.UI.Common.WPF.Utils.Converters.AutomationIdConverterTests" name="ProvideValue_ReturnsThis" />
    </UnitTest>
    <UnitTest name="RoundToMinute_RoundUp" storage="d:\actions-runner\_work\xpco\xpco\allsolutions\..\common\sc_commonfiles\zsc_commonfiles_unittest\bin\debug\net6.0-windows\zsc_commonfiles_unittest.dll" id="f02c80b8-49d2-fc2d-4c9d-16620ea9d887">
      <Execution id="91fdbba9-d1ad-4ccb-b468-1c8f6b88da8d" />
      <TestMethod codeBase="D:\actions-runner\_work\XPCO\XPCO\AllSolutions\..\Common\SC_CommonFiles\zSC_CommonFiles_UnitTest\bin\Debug\net6.0-windows\zSC_CommonFiles_UnitTest.dll" adapterTypeName="executor://mstestadapter/v2" className="zSC_CommonFiles_UnitTest.VideoOS.UI.Common.WPF.Utils.ExtensionMethods.TimeSpanExtensionsTests" name="RoundToMinute_RoundUp" />
    </UnitTest>
    <UnitTest name="RoundToHour_Nearest" storage="d:\actions-runner\_work\xpco\xpco\allsolutions\..\common\sc_commonfiles\zsc_commonfiles_unittest\bin\debug\net6.0-windows\zsc_commonfiles_unittest.dll" id="3c8c7252-b903-0c1c-e35f-58aec4759494">
      <Execution id="1e6e44f6-26c7-4988-b1dc-0b1e01c1ce3e" />
      <TestMethod codeBase="D:\actions-runner\_work\XPCO\XPCO\AllSolutions\..\Common\SC_CommonFiles\zSC_CommonFiles_UnitTest\bin\Debug\net6.0-windows\zSC_CommonFiles_UnitTest.dll" adapterTypeName="executor://mstestadapter/v2" className="zSC_CommonFiles_UnitTest.VideoOS.UI.Common.WPF.Utils.ExtensionMethods.DateTimeExtensionsTests" name="RoundToHour_Nearest" />
    </UnitTest>
    <UnitTest name="TryCreateUri_ShouldReturnFalse_WhenInputIsInvalidUri" storage="d:\actions-runner\_work\xpco\xpco\allsolutions\..\common\sc_commonfiles\zsc_commonfiles_unittest\bin\debug\net6.0-windows\zsc_commonfiles_unittest.dll" id="8a554420-2901-ce60-a106-99e771204384">
      <Execution id="d1f9d2b4-da49-43ed-a895-2729a8db48fb" />
      <TestMethod codeBase="D:\actions-runner\_work\XPCO\XPCO\AllSolutions\..\Common\SC_CommonFiles\zSC_CommonFiles_UnitTest\bin\Debug\net6.0-windows\zSC_CommonFiles_UnitTest.dll" adapterTypeName="executor://mstestadapter/v2" className="zSC_CommonFiles_UnitTest.VideoOS.UI.Common.WPF.Utils.ExtensionMethods.StringExtensionsTests" name="TryCreateUri_ShouldReturnFalse_WhenInputIsInvalidUri" />
    </UnitTest>
    <UnitTest name="SingleCameraGroupMustReturnDisplayNameAsEntityName" storage="d:\actions-runner\_work\xpco\xpco\allsolutions\..\common\sc_commonfiles\zsc_commonfiles_unittest\bin\debug\net6.0-windows\zsc_commonfiles_unittest.dll" id="46887356-7c48-625a-9fa8-4ca482d2d04d">
      <Execution id="df64a784-2c83-46cb-aabf-edcfe2627b35" />
      <TestMethod codeBase="D:\actions-runner\_work\XPCO\XPCO\AllSolutions\..\Common\SC_CommonFiles\zSC_CommonFiles_UnitTest\bin\Debug\net6.0-windows\zSC_CommonFiles_UnitTest.dll" adapterTypeName="executor://mstestadapter/v2" className="zSC_CommonFiles_UnitTest.LocalizationTests" name="SingleCameraGroupMustReturnDisplayNameAsEntityName" />
    </UnitTest>
    <UnitTest name="TileStateIsUpdatedEvenIfCurrentStatesIsNull" storage="d:\actions-runner\_work\xpco\xpco\allsolutions\..\common\sc_commonfiles\zsc_commonfiles_unittest\bin\debug\net6.0-windows\zsc_commonfiles_unittest.dll" id="569900d4-58ce-d7ba-87cf-ed8c555e623f">
      <Execution id="1f926a56-63e0-4dab-ac7f-5b54ccc2fe2a" />
      <TestMethod codeBase="D:\actions-runner\_work\XPCO\XPCO\AllSolutions\..\Common\SC_CommonFiles\zSC_CommonFiles_UnitTest\bin\Debug\net6.0-windows\zSC_CommonFiles_UnitTest.dll" adapterTypeName="executor://mstestadapter/v2" className="zSC_CommonFiles_UnitTest.DashboardTilesTests" name="TileStateIsUpdatedEvenIfCurrentStatesIsNull" />
    </UnitTest>
    <UnitTest name="GetThumbDependOnTheCamId" storage="d:\actions-runner\_work\xpco\xpco\allsolutions\..\common\sc_commonfiles\zsc_commonfiles_unittest\bin\debug\net6.0-windows\zsc_commonfiles_unittest.dll" id="4976d7df-aa75-dba7-69e7-9402402b4c8e">
      <Execution id="26adf891-7d04-4ab7-bf68-97e54457fce1" />
      <TestMethod codeBase="D:\actions-runner\_work\XPCO\XPCO\AllSolutions\..\Common\SC_CommonFiles\zSC_CommonFiles_UnitTest\bin\Debug\net6.0-windows\zSC_CommonFiles_UnitTest.dll" adapterTypeName="executor://mstestadapter/v2" className="SC_Common_UnitTest_VideoOS_UI_Common_Data_SequenceRetriever_ThumbCache.ThumbCacheTest" name="GetThumbDependOnTheCamId" />
    </UnitTest>
    <UnitTest name="ShowCustomizeWindowThrowsWhenParentControlIsNull" storage="d:\actions-runner\_work\xpco\xpco\allsolutions\..\common\sc_commonfiles\zsc_commonfiles_unittest\bin\debug\net6.0-windows\zsc_commonfiles_unittest.dll" id="5f23c18d-428e-08d4-6861-aed4128bbfb5">
      <Execution id="b4c0231f-cbf9-4ae1-bb3a-f22e9d75b0bd" />
      <TestMethod codeBase="D:\actions-runner\_work\XPCO\XPCO\AllSolutions\..\Common\SC_CommonFiles\zSC_CommonFiles_UnitTest\bin\Debug\net6.0-windows\zSC_CommonFiles_UnitTest.dll" adapterTypeName="executor://mstestadapter/v2" className="zSC_CommonFiles_UnitTest.DashboardTilesTests" name="ShowCustomizeWindowThrowsWhenParentControlIsNull" />
    </UnitTest>
    <UnitTest name="ChangeRangeMax_LowerThanRangeMin_StopAtRangeMin" storage="d:\actions-runner\_work\xpco\xpco\allsolutions\..\common\sc_commonfiles\zsc_commonfiles_unittest\bin\debug\net6.0-windows\zsc_commonfiles_unittest.dll" id="a157e23c-b861-4296-80a4-584edfe004e0">
      <TestCategory>
        <TestCategoryItem TestCategory="RangeSelector" />
      </TestCategory>
      <Execution id="1ebd3fd2-7519-4718-a4c3-0eafbab4f4cb" />
      <TestMethod codeBase="D:\actions-runner\_work\XPCO\XPCO\AllSolutions\..\Common\SC_CommonFiles\zSC_CommonFiles_UnitTest\bin\Debug\net6.0-windows\zSC_CommonFiles_UnitTest.dll" adapterTypeName="executor://mstestadapter/v2" className="VideoOS.UI.Common.WPF.RangeSelector.RangeSelectorTest" name="ChangeRangeMax_LowerThanRangeMin_StopAtRangeMin" />
    </UnitTest>
    <UnitTest name="TooltipServiceWarning_EmptyServer" storage="d:\actions-runner\_work\xpco\xpco\allsolutions\..\common\sc_commonfiles\zsc_commonfiles_unittest\bin\debug\net6.0-windows\zsc_commonfiles_unittest.dll" id="bd58f8d9-e6cb-76f7-101e-84475807384c">
      <Execution id="3b62b9d0-cd04-4f7a-b1bb-3ac64724c741" />
      <TestMethod codeBase="D:\actions-runner\_work\XPCO\XPCO\AllSolutions\..\Common\SC_CommonFiles\zSC_CommonFiles_UnitTest\bin\Debug\net6.0-windows\zSC_CommonFiles_UnitTest.dll" adapterTypeName="executor://mstestadapter/v2" className="zSC_CommonFiles_UnitTest.VideoOS.UI.Common.WPF.Dashboard.Types.ServerTest" name="TooltipServiceWarning_EmptyServer" />
    </UnitTest>
    <UnitTest name="RoundToHour_RoundDown" storage="d:\actions-runner\_work\xpco\xpco\allsolutions\..\common\sc_commonfiles\zsc_commonfiles_unittest\bin\debug\net6.0-windows\zsc_commonfiles_unittest.dll" id="a9359554-6927-fb85-3830-72d7f8df0ae0">
      <Execution id="f995d67a-2370-4308-8a48-c097c23fbf6a" />
      <TestMethod codeBase="D:\actions-runner\_work\XPCO\XPCO\AllSolutions\..\Common\SC_CommonFiles\zSC_CommonFiles_UnitTest\bin\Debug\net6.0-windows\zSC_CommonFiles_UnitTest.dll" adapterTypeName="executor://mstestadapter/v2" className="zSC_CommonFiles_UnitTest.VideoOS.UI.Common.WPF.Utils.ExtensionMethods.TimeSpanExtensionsTests" name="RoundToHour_RoundDown" />
    </UnitTest>
    <UnitTest name="CacheCanBeResetTest" storage="d:\actions-runner\_work\xpco\xpco\allsolutions\..\common\sc_commonfiles\zsc_commonfiles_unittest\bin\debug\net6.0-windows\zsc_commonfiles_unittest.dll" id="3a338b5e-ca33-280e-31b5-7634bd32733f">
      <Execution id="a06348c8-686d-422d-9455-2237e9399d69" />
      <TestMethod codeBase="D:\actions-runner\_work\XPCO\XPCO\AllSolutions\..\Common\SC_CommonFiles\zSC_CommonFiles_UnitTest\bin\Debug\net6.0-windows\zSC_CommonFiles_UnitTest.dll" adapterTypeName="executor://mstestadapter/v2" className="SC_Common_UnitTest_VideoOS_UI_Common_Data_SequenceRetriever_ThumbCache.ThumbCacheTest" name="CacheCanBeResetTest" />
    </UnitTest>
    <UnitTest name="Ctor_Success" storage="d:\actions-runner\_work\xpco\xpco\allsolutions\..\common\sc_commonfiles\zsc_commonfiles_unittest\bin\debug\net6.0-windows\zsc_commonfiles_unittest.dll" id="3b223dd9-b4de-6435-8d9f-fb5af0ea22bc">
      <TestCategory>
        <TestCategoryItem TestCategory="SC_CommonFiles.WPF.TileLayout" />
      </TestCategory>
      <Execution id="52668951-63f0-4c74-b847-2f10ba52191b" />
      <TestMethod codeBase="D:\actions-runner\_work\XPCO\XPCO\AllSolutions\..\Common\SC_CommonFiles\zSC_CommonFiles_UnitTest\bin\Debug\net6.0-windows\zSC_CommonFiles_UnitTest.dll" adapterTypeName="executor://mstestadapter/v2" className="zSC_CommonFiles_UnitTest.VideoOS.UI.Common.WPF.TileLayout.ItemEventArgsTest" name="Ctor_Success" />
    </UnitTest>
    <UnitTest name="MouseDrag_RangeMinOverRangeMax_DataInvariantIsOK" storage="d:\actions-runner\_work\xpco\xpco\allsolutions\..\common\sc_commonfiles\zsc_commonfiles_unittest\bin\debug\net6.0-windows\zsc_commonfiles_unittest.dll" id="3625363b-2b2b-2a01-cb9b-b878cc7db25a">
      <TestCategory>
        <TestCategoryItem TestCategory="RangeSelector" />
      </TestCategory>
      <Execution id="7c02fd57-2e8d-4772-a244-32b820e24bc9" />
      <TestMethod codeBase="D:\actions-runner\_work\XPCO\XPCO\AllSolutions\..\Common\SC_CommonFiles\zSC_CommonFiles_UnitTest\bin\Debug\net6.0-windows\zSC_CommonFiles_UnitTest.dll" adapterTypeName="executor://mstestadapter/v2" className="VideoOS.UI.Common.WPF.RangeSelector.RangeSelectorTest" name="MouseDrag_RangeMinOverRangeMax_DataInvariantIsOK" />
    </UnitTest>
    <UnitTest name="MouseDrag_RangeMaxLessRangeMin_DataInvariantIsOK" storage="d:\actions-runner\_work\xpco\xpco\allsolutions\..\common\sc_commonfiles\zsc_commonfiles_unittest\bin\debug\net6.0-windows\zsc_commonfiles_unittest.dll" id="77b841d2-c43a-4070-249a-23480e6bd29c">
      <TestCategory>
        <TestCategoryItem TestCategory="RangeSelector" />
      </TestCategory>
      <Execution id="dbcf7ab4-ac08-4ab3-b0f2-e9a28d4676bb" />
      <TestMethod codeBase="D:\actions-runner\_work\XPCO\XPCO\AllSolutions\..\Common\SC_CommonFiles\zSC_CommonFiles_UnitTest\bin\Debug\net6.0-windows\zSC_CommonFiles_UnitTest.dll" adapterTypeName="executor://mstestadapter/v2" className="VideoOS.UI.Common.WPF.RangeSelector.RangeSelectorTest" name="MouseDrag_RangeMaxLessRangeMin_DataInvariantIsOK" />
    </UnitTest>
    <UnitTest name="Constructor_ShouldCreateTreeWithUnitChildren_WhenUnitsHaveParentAndChildrenAndTheyMustBeIncludedInTree" storage="d:\actions-runner\_work\xpco\xpco\allsolutions\..\common\sc_commonfiles\zsc_commonfiles_unittest\bin\debug\net6.0-windows\zsc_commonfiles_unittest.dll" id="96d31876-ad33-952c-3bd1-b146a14e3f83">
      <Execution id="0e8d7945-ad9c-4540-80f7-31b3135c4725" />
      <TestMethod codeBase="D:\actions-runner\_work\XPCO\XPCO\AllSolutions\..\Common\SC_CommonFiles\zSC_CommonFiles_UnitTest\bin\Debug\net6.0-windows\zSC_CommonFiles_UnitTest.dll" adapterTypeName="executor://mstestadapter/v2" className="SmartClient_UnitTest_VideoOS_UI_Common_WPF_FilterTree.FilterTreeUserControlViewModelTest" name="Constructor_ShouldCreateTreeWithUnitChildren_WhenUnitsHaveParentAndChildrenAndTheyMustBeIncludedInTree" />
    </UnitTest>
    <UnitTest name="GetImageSource_fallbackImageThrows_ExceptionIsThrown" storage="d:\actions-runner\_work\xpco\xpco\allsolutions\..\common\sc_commonfiles\zsc_commonfiles_unittest\bin\debug\net6.0-windows\zsc_commonfiles_unittest.dll" id="3eb1bfa3-50f3-b918-d5a1-91e494194649">
      <Execution id="f312c63e-9b68-4330-ad11-2eacc60f23c9" />
      <TestMethod codeBase="D:\actions-runner\_work\XPCO\XPCO\AllSolutions\..\Common\SC_CommonFiles\zSC_CommonFiles_UnitTest\bin\Debug\net6.0-windows\zSC_CommonFiles_UnitTest.dll" adapterTypeName="executor://mstestadapter/v2" className="zSC_CommonFiles_UnitTest.VideoOS.UI.Common.WPF.Utils.ExtensionMethods.IconExtensionsTests" name="GetImageSource_fallbackImageThrows_ExceptionIsThrown" />
    </UnitTest>
    <UnitTest name="RightMouseDown_InsideSelection_NothingChanges" storage="d:\actions-runner\_work\xpco\xpco\allsolutions\..\common\sc_commonfiles\zsc_commonfiles_unittest\bin\debug\net6.0-windows\zsc_commonfiles_unittest.dll" id="a3cffcd5-ca5b-acfc-2c92-56cbd2780945">
      <TestCategory>
        <TestCategoryItem TestCategory="RangeSelector" />
      </TestCategory>
      <Execution id="3fdf34e8-5cc5-4808-96cf-14263dc1aac0" />
      <TestMethod codeBase="D:\actions-runner\_work\XPCO\XPCO\AllSolutions\..\Common\SC_CommonFiles\zSC_CommonFiles_UnitTest\bin\Debug\net6.0-windows\zSC_CommonFiles_UnitTest.dll" adapterTypeName="executor://mstestadapter/v2" className="VideoOS.UI.Common.WPF.RangeSelector.RangeSelectorTest" name="RightMouseDown_InsideSelection_NothingChanges" />
    </UnitTest>
    <UnitTest name="RoundToMinute_Nearest" storage="d:\actions-runner\_work\xpco\xpco\allsolutions\..\common\sc_commonfiles\zsc_commonfiles_unittest\bin\debug\net6.0-windows\zsc_commonfiles_unittest.dll" id="8c9d0f43-0c95-b12f-4abf-b89bea8f7dec">
      <Execution id="8e258a2e-fe4c-4d95-9bbe-d0bf7fd11664" />
      <TestMethod codeBase="D:\actions-runner\_work\XPCO\XPCO\AllSolutions\..\Common\SC_CommonFiles\zSC_CommonFiles_UnitTest\bin\Debug\net6.0-windows\zSC_CommonFiles_UnitTest.dll" adapterTypeName="executor://mstestadapter/v2" className="zSC_CommonFiles_UnitTest.VideoOS.UI.Common.WPF.Utils.ExtensionMethods.DateTimeExtensionsTests" name="RoundToMinute_Nearest" />
    </UnitTest>
    <UnitTest name="SequenceEquals_OneCollectionWithDuplicateElementOrderedDifferently_IgnoreOrder_SymmetricalFalseResult" storage="d:\actions-runner\_work\xpco\xpco\allsolutions\..\common\sc_commonfiles\zsc_commonfiles_unittest\bin\debug\net6.0-windows\zsc_commonfiles_unittest.dll" id="8ca24930-13c2-9054-276b-c0c9a4d03ea7">
      <Execution id="23806fd5-1a4f-4e24-a65d-df4bb9d3bce1" />
      <TestMethod codeBase="D:\actions-runner\_work\XPCO\XPCO\AllSolutions\..\Common\SC_CommonFiles\zSC_CommonFiles_UnitTest\bin\Debug\net6.0-windows\zSC_CommonFiles_UnitTest.dll" adapterTypeName="executor://mstestadapter/v2" className="zSC_CommonFiles_UnitTest.VideoOS.UI.Common.WPF.Utils.ObservableCollectionExtensionTest" name="SequenceEquals_OneCollectionWithDuplicateElementOrderedDifferently_IgnoreOrder_SymmetricalFalseResult" />
    </UnitTest>
    <UnitTest name="Basic_Functionality_Works" storage="d:\actions-runner\_work\xpco\xpco\allsolutions\..\common\sc_commonfiles\zsc_commonfiles_unittest\bin\debug\net6.0-windows\zsc_commonfiles_unittest.dll" id="332e199d-ea86-764a-0c78-68ba66fc4ac1">
      <Execution id="2baab774-b66d-40f8-9429-d1fd9f9d6fec" />
      <TestMethod codeBase="D:\actions-runner\_work\XPCO\XPCO\AllSolutions\..\Common\SC_CommonFiles\zSC_CommonFiles_UnitTest\bin\Debug\net6.0-windows\zSC_CommonFiles_UnitTest.dll" adapterTypeName="executor://mstestadapter/v2" className="zSC_CommonFiles_UnitTest.VideoOS.UI.Common.WPF.Utils.ReadOnlyCollectionExtensionsTest" name="Basic_Functionality_Works" />
    </UnitTest>
    <UnitTest name="ReorderTilesOrdersByPositionServer" storage="d:\actions-runner\_work\xpco\xpco\allsolutions\..\common\sc_commonfiles\zsc_commonfiles_unittest\bin\debug\net6.0-windows\zsc_commonfiles_unittest.dll" id="c7b24253-640c-715b-788e-d204a9314e7e">
      <Execution id="65160069-95c9-4edb-8a64-86922597215b" />
      <TestMethod codeBase="D:\actions-runner\_work\XPCO\XPCO\AllSolutions\..\Common\SC_CommonFiles\zSC_CommonFiles_UnitTest\bin\Debug\net6.0-windows\zSC_CommonFiles_UnitTest.dll" adapterTypeName="executor://mstestadapter/v2" className="zSC_CommonFiles_UnitTest.DashboardTilesTests" name="ReorderTilesOrdersByPositionServer" />
    </UnitTest>
    <UnitTest name="Ctor_Success" storage="d:\actions-runner\_work\xpco\xpco\allsolutions\..\common\sc_commonfiles\zsc_commonfiles_unittest\bin\debug\net6.0-windows\zsc_commonfiles_unittest.dll" id="f335010e-9fe4-33d4-3df2-9a2fa868a446">
      <TestCategory>
        <TestCategoryItem TestCategory="SC_CommonFiles.WPF.TileLayout" />
      </TestCategory>
      <Execution id="dedc92a3-adf3-4b21-8445-e2ad97af8deb" />
      <TestMethod codeBase="D:\actions-runner\_work\XPCO\XPCO\AllSolutions\..\Common\SC_CommonFiles\zSC_CommonFiles_UnitTest\bin\Debug\net6.0-windows\zSC_CommonFiles_UnitTest.dll" adapterTypeName="executor://mstestadapter/v2" className="zSC_CommonFiles_UnitTest.VideoOS.UI.Common.WPF.TileLayout.TileLayoutTest" name="Ctor_Success" />
    </UnitTest>
    <UnitTest name="IsFailover_IsNotFailover_IDNotSet" storage="d:\actions-runner\_work\xpco\xpco\allsolutions\..\common\sc_commonfiles\zsc_commonfiles_unittest\bin\debug\net6.0-windows\zsc_commonfiles_unittest.dll" id="8d92020e-5832-705d-100b-9a3d128c1860">
      <Execution id="27018930-47a5-44b3-9839-63719a69deea" />
      <TestMethod codeBase="D:\actions-runner\_work\XPCO\XPCO\AllSolutions\..\Common\SC_CommonFiles\zSC_CommonFiles_UnitTest\bin\Debug\net6.0-windows\zSC_CommonFiles_UnitTest.dll" adapterTypeName="executor://mstestadapter/v2" className="zSC_CommonFiles_UnitTest.VideoOS.UI.Common.WPF.Dashboard.Types.ServerTypeTest" name="IsFailover_IsNotFailover_IDNotSet" />
    </UnitTest>
    <UnitTest name="Constructor_ShouldCreateTreeOfDepth1_WhenUnitsHaveParentButNoGrandparent" storage="d:\actions-runner\_work\xpco\xpco\allsolutions\..\common\sc_commonfiles\zsc_commonfiles_unittest\bin\debug\net6.0-windows\zsc_commonfiles_unittest.dll" id="bd9d6efd-ee5b-c8e1-7fe2-91d5e9a397a3">
      <Execution id="6b1331f7-4b0d-4ed9-8406-0baa5dee9a6f" />
      <TestMethod codeBase="D:\actions-runner\_work\XPCO\XPCO\AllSolutions\..\Common\SC_CommonFiles\zSC_CommonFiles_UnitTest\bin\Debug\net6.0-windows\zSC_CommonFiles_UnitTest.dll" adapterTypeName="executor://mstestadapter/v2" className="SmartClient_UnitTest_VideoOS_UI_Common_WPF_FilterTree.FilterTreeUserControlViewModelTest" name="Constructor_ShouldCreateTreeOfDepth1_WhenUnitsHaveParentButNoGrandparent" />
    </UnitTest>
    <UnitTest name="ClearUnsecureConnectionAllowedForUser_ShouldRemoveAllowUnsecureConnectionsNode_WhenAllUsersAreRemoved" storage="d:\actions-runner\_work\xpco\xpco\allsolutions\..\common\sc_commonfiles\zsc_commonfiles_unittest\bin\debug\net6.0-windows\zsc_commonfiles_unittest.dll" id="ac7da09a-9c21-96d1-0628-e57364e271db">
      <Execution id="443d48a8-8a27-450a-872a-8eaf6dafc526" />
      <TestMethod codeBase="D:\actions-runner\_work\XPCO\XPCO\AllSolutions\..\Common\SC_CommonFiles\zSC_CommonFiles_UnitTest\bin\Debug\net6.0-windows\zSC_CommonFiles_UnitTest.dll" adapterTypeName="executor://mstestadapter/v2" className="zSC_CommonFiles_UnitTest.VideoOS.Common.Login.UIConnectionInfoTests" name="ClearUnsecureConnectionAllowedForUser_ShouldRemoveAllowUnsecureConnectionsNode_WhenAllUsersAreRemoved" />
    </UnitTest>
    <UnitTest name="GetTimeSpanValueOrDefault_KeyFound_ValueReturned" storage="d:\actions-runner\_work\xpco\xpco\allsolutions\..\common\sc_commonfiles\zsc_commonfiles_unittest\bin\debug\net6.0-windows\zsc_commonfiles_unittest.dll" id="1a9ef545-ced5-a479-15d2-22e0772b422a">
      <Execution id="9a8e6127-5e8d-4613-9858-a46b1a74e016" />
      <TestMethod codeBase="D:\actions-runner\_work\XPCO\XPCO\AllSolutions\..\Common\SC_CommonFiles\zSC_CommonFiles_UnitTest\bin\Debug\net6.0-windows\zSC_CommonFiles_UnitTest.dll" adapterTypeName="executor://mstestadapter/v2" className="zSC_CommonFiles_UnitTest.VideoOS.Common.Configuration.NameValueCollectionExtensionsTest" name="GetTimeSpanValueOrDefault_KeyFound_ValueReturned" />
    </UnitTest>
    <UnitTest name="Ctor_Success" storage="d:\actions-runner\_work\xpco\xpco\allsolutions\..\common\sc_commonfiles\zsc_commonfiles_unittest\bin\debug\net6.0-windows\zsc_commonfiles_unittest.dll" id="91b01448-6a92-47bb-7ce5-67a9221a299c">
      <TestCategory>
        <TestCategoryItem TestCategory="SC_CommonFiles.WPF.TileLayout" />
      </TestCategory>
      <Execution id="189c28b9-a74f-4b6e-9b4d-8e5e8f11ceb9" />
      <TestMethod codeBase="D:\actions-runner\_work\XPCO\XPCO\AllSolutions\..\Common\SC_CommonFiles\zSC_CommonFiles_UnitTest\bin\Debug\net6.0-windows\zSC_CommonFiles_UnitTest.dll" adapterTypeName="executor://mstestadapter/v2" className="zSC_CommonFiles_UnitTest.VideoOS.UI.Common.WPF.TileLayout.ItemHolderTest" name="Ctor_Success" />
    </UnitTest>
    <UnitTest name="ctor_Success" storage="d:\actions-runner\_work\xpco\xpco\allsolutions\..\common\sc_commonfiles\zsc_commonfiles_unittest\bin\debug\net6.0-windows\zsc_commonfiles_unittest.dll" id="12ac6e7d-4dc0-7730-a820-51b345ac71e7">
      <TestCategory>
        <TestCategoryItem TestCategory="RangeSelector" />
      </TestCategory>
      <Execution id="d8645b54-a441-4f65-b109-3bca3923b419" />
      <TestMethod codeBase="D:\actions-runner\_work\XPCO\XPCO\AllSolutions\..\Common\SC_CommonFiles\zSC_CommonFiles_UnitTest\bin\Debug\net6.0-windows\zSC_CommonFiles_UnitTest.dll" adapterTypeName="executor://mstestadapter/v2" className="VideoOS.UI.Common.WPF.RangeSelector.RangeSelectorTest" name="ctor_Success" />
    </UnitTest>
    <UnitTest name="SetUnsecureConnectionAllowedForUser_ShouldAddUser_WhenAllowUnsecureConnectionsDoesNotContainUser" storage="d:\actions-runner\_work\xpco\xpco\allsolutions\..\common\sc_commonfiles\zsc_commonfiles_unittest\bin\debug\net6.0-windows\zsc_commonfiles_unittest.dll" id="3fd0a529-448c-e9e0-7074-0b5c637ad7a8">
      <Execution id="b724f9fa-6cd5-432b-85a4-563f42b9baf8" />
      <TestMethod codeBase="D:\actions-runner\_work\XPCO\XPCO\AllSolutions\..\Common\SC_CommonFiles\zSC_CommonFiles_UnitTest\bin\Debug\net6.0-windows\zSC_CommonFiles_UnitTest.dll" adapterTypeName="executor://mstestadapter/v2" className="zSC_CommonFiles_UnitTest.VideoOS.Common.Login.UIConnectionInfoTests" name="SetUnsecureConnectionAllowedForUser_ShouldAddUser_WhenAllowUnsecureConnectionsDoesNotContainUser" />
    </UnitTest>
    <UnitTest name="OkEditTileThrowsIfNoEventSources" storage="d:\actions-runner\_work\xpco\xpco\allsolutions\..\common\sc_commonfiles\zsc_commonfiles_unittest\bin\debug\net6.0-windows\zsc_commonfiles_unittest.dll" id="3cad3393-810a-cc62-94bb-2ded6c4b88c7">
      <Execution id="e5d68e1e-8f4c-4797-ba4d-12af84cb50b7" />
      <TestMethod codeBase="D:\actions-runner\_work\XPCO\XPCO\AllSolutions\..\Common\SC_CommonFiles\zSC_CommonFiles_UnitTest\bin\Debug\net6.0-windows\zSC_CommonFiles_UnitTest.dll" adapterTypeName="executor://mstestadapter/v2" className="zSC_CommonFiles_UnitTest.DashboardTilesTests" name="OkEditTileThrowsIfNoEventSources" />
    </UnitTest>
    <UnitTest name="OnPreviewKeyDown_LeftCtrl_A_SelectAll_Success" storage="d:\actions-runner\_work\xpco\xpco\allsolutions\..\common\sc_commonfiles\zsc_commonfiles_unittest\bin\debug\net6.0-windows\zsc_commonfiles_unittest.dll" id="877328ba-697b-0240-60a8-80c7a7d265bf">
      <TestCategory>
        <TestCategoryItem TestCategory="SC_CommonFiles.WPF.TileLayout" />
      </TestCategory>
      <Execution id="7ac1c119-eb8f-4cc8-a348-d2e5bb064b11" />
      <TestMethod codeBase="D:\actions-runner\_work\XPCO\XPCO\AllSolutions\..\Common\SC_CommonFiles\zSC_CommonFiles_UnitTest\bin\Debug\net6.0-windows\zSC_CommonFiles_UnitTest.dll" adapterTypeName="executor://mstestadapter/v2" className="zSC_CommonFiles_UnitTest.VideoOS.UI.Common.WPF.TileLayout.TileLayoutTest" name="OnPreviewKeyDown_LeftCtrl_A_SelectAll_Success" />
    </UnitTest>
    <UnitTest name="TileStateBecomesDefinedIfInputStateIsDefined" storage="d:\actions-runner\_work\xpco\xpco\allsolutions\..\common\sc_commonfiles\zsc_commonfiles_unittest\bin\debug\net6.0-windows\zsc_commonfiles_unittest.dll" id="70886465-8a9c-f3a3-e66e-9c4d9f1e425f">
      <Execution id="d21fe4e0-1d4c-4db4-92a0-000d5a3c1f29" />
      <TestMethod codeBase="D:\actions-runner\_work\XPCO\XPCO\AllSolutions\..\Common\SC_CommonFiles\zSC_CommonFiles_UnitTest\bin\Debug\net6.0-windows\zSC_CommonFiles_UnitTest.dll" adapterTypeName="executor://mstestadapter/v2" className="zSC_CommonFiles_UnitTest.DashboardTilesTests" name="TileStateBecomesDefinedIfInputStateIsDefined" />
    </UnitTest>
    <UnitTest name="AllowUnsecureConnection_ShouldBeTrue_WhenAllowUnsecureIsTrue" storage="d:\actions-runner\_work\xpco\xpco\allsolutions\..\common\sc_commonfiles\zsc_commonfiles_unittest\bin\debug\net6.0-windows\zsc_commonfiles_unittest.dll" id="910ea956-c4b4-dc72-c890-ea2c8afbd1ba">
      <Execution id="d9bdfab8-4b94-4a3b-a8dd-26f76308410e" />
      <TestMethod codeBase="D:\actions-runner\_work\XPCO\XPCO\AllSolutions\..\Common\SC_CommonFiles\zSC_CommonFiles_UnitTest\bin\Debug\net6.0-windows\zSC_CommonFiles_UnitTest.dll" adapterTypeName="executor://mstestadapter/v2" className="zSC_CommonFiles_UnitTest.VideoOS.Common.Login.UIConnectionInfoTests" name="AllowUnsecureConnection_ShouldBeTrue_WhenAllowUnsecureIsTrue" />
    </UnitTest>
    <UnitTest name="GetStates_NoSessionStarted_NewSession" storage="d:\actions-runner\_work\xpco\xpco\allsolutions\..\common\sc_commonfiles\zsc_commonfiles_unittest\bin\debug\net6.0-windows\zsc_commonfiles_unittest.dll" id="76a2e345-aae7-9b1e-7fd6-6ac6ca32b74e">
      <Execution id="e8bcf025-b376-48cb-94d7-5603488980c4" />
      <TestMethod codeBase="D:\actions-runner\_work\XPCO\XPCO\AllSolutions\..\Common\SC_CommonFiles\zSC_CommonFiles_UnitTest\bin\Debug\net6.0-windows\zSC_CommonFiles_UnitTest.dll" adapterTypeName="executor://mstestadapter/v2" className="zSC_CommonFiles_UnitTest.VideoOS.Common.State.ServerStateManagerTests" name="GetStates_NoSessionStarted_NewSession" />
    </UnitTest>
    <UnitTest name="TooltipServiceWarning_Failover_None" storage="d:\actions-runner\_work\xpco\xpco\allsolutions\..\common\sc_commonfiles\zsc_commonfiles_unittest\bin\debug\net6.0-windows\zsc_commonfiles_unittest.dll" id="928f2455-6ebd-8ffd-8fc5-fc1e86ca64c0">
      <Execution id="e23c5c8d-7c66-4686-95da-a7e0cf6c76ff" />
      <TestMethod codeBase="D:\actions-runner\_work\XPCO\XPCO\AllSolutions\..\Common\SC_CommonFiles\zSC_CommonFiles_UnitTest\bin\Debug\net6.0-windows\zSC_CommonFiles_UnitTest.dll" adapterTypeName="executor://mstestadapter/v2" className="zSC_CommonFiles_UnitTest.VideoOS.UI.Common.WPF.Dashboard.Types.ServerTest" name="TooltipServiceWarning_Failover_None" />
    </UnitTest>
    <UnitTest name="TooltipServiceWarning_NotCritical" storage="d:\actions-runner\_work\xpco\xpco\allsolutions\..\common\sc_commonfiles\zsc_commonfiles_unittest\bin\debug\net6.0-windows\zsc_commonfiles_unittest.dll" id="af71ed0e-187b-fd2b-1963-f93916cf4abc">
      <Execution id="a5dc2335-62e2-4cf5-b16a-862044cf2c3f" />
      <TestMethod codeBase="D:\actions-runner\_work\XPCO\XPCO\AllSolutions\..\Common\SC_CommonFiles\zSC_CommonFiles_UnitTest\bin\Debug\net6.0-windows\zSC_CommonFiles_UnitTest.dll" adapterTypeName="executor://mstestadapter/v2" className="zSC_CommonFiles_UnitTest.VideoOS.UI.Common.WPF.Dashboard.Types.ServerTest" name="TooltipServiceWarning_NotCritical" />
    </UnitTest>
    <UnitTest name="UpdateToast_Success" storage="d:\actions-runner\_work\xpco\xpco\allsolutions\..\common\sc_commonfiles\zsc_commonfiles_unittest\bin\debug\net6.0-windows\zsc_commonfiles_unittest.dll" id="3a13def5-4099-72b0-8c0e-420253783341">
      <TestCategory>
        <TestCategoryItem TestCategory="Toasts" />
      </TestCategory>
      <Execution id="f8be0c31-20d1-494b-8fda-6d51a2f608b8" />
      <TestMethod codeBase="D:\actions-runner\_work\XPCO\XPCO\AllSolutions\..\Common\SC_CommonFiles\zSC_CommonFiles_UnitTest\bin\Debug\net6.0-windows\zSC_CommonFiles_UnitTest.dll" adapterTypeName="executor://mstestadapter/v2" className="zSC_CommonFiles_UnitTest.VideoOS.UI.Common.WPF.Toast.ToastsViewModelTests" name="UpdateToast_Success" />
    </UnitTest>
    <UnitTest name="Constructor_StateSessionHelper_ArgumentNull_Thrown" storage="d:\actions-runner\_work\xpco\xpco\allsolutions\..\common\sc_commonfiles\zsc_commonfiles_unittest\bin\debug\net6.0-windows\zsc_commonfiles_unittest.dll" id="94400230-a0cf-2852-335d-5880a46a038d">
      <Execution id="e8f0691c-2d8e-4da6-b840-2961d235bb8a" />
      <TestMethod codeBase="D:\actions-runner\_work\XPCO\XPCO\AllSolutions\..\Common\SC_CommonFiles\zSC_CommonFiles_UnitTest\bin\Debug\net6.0-windows\zSC_CommonFiles_UnitTest.dll" adapterTypeName="executor://mstestadapter/v2" className="zSC_CommonFiles_UnitTest.VideoOS.Common.State.CameraStateManagerTests" name="Constructor_StateSessionHelper_ArgumentNull_Thrown" />
    </UnitTest>
    <UnitTest name="TooltipServiceWarning_Failover_UnknownTriggerValue" storage="d:\actions-runner\_work\xpco\xpco\allsolutions\..\common\sc_commonfiles\zsc_commonfiles_unittest\bin\debug\net6.0-windows\zsc_commonfiles_unittest.dll" id="f182b61b-da52-b9d6-afe0-3488a377d621">
      <Execution id="039cc696-0e8a-45b2-aa5d-fd986ad20696" />
      <TestMethod codeBase="D:\actions-runner\_work\XPCO\XPCO\AllSolutions\..\Common\SC_CommonFiles\zSC_CommonFiles_UnitTest\bin\Debug\net6.0-windows\zSC_CommonFiles_UnitTest.dll" adapterTypeName="executor://mstestadapter/v2" className="zSC_CommonFiles_UnitTest.VideoOS.UI.Common.WPF.Dashboard.Types.ServerTest" name="TooltipServiceWarning_Failover_UnknownTriggerValue" />
    </UnitTest>
    <UnitTest name="OnPreviewKeyDown_Ctrl_Click_Unselect_Success" storage="d:\actions-runner\_work\xpco\xpco\allsolutions\..\common\sc_commonfiles\zsc_commonfiles_unittest\bin\debug\net6.0-windows\zsc_commonfiles_unittest.dll" id="e1f855c8-36b9-4274-1f3f-20a1e21c5404">
      <TestCategory>
        <TestCategoryItem TestCategory="SC_CommonFiles.WPF.TileLayout" />
      </TestCategory>
      <Execution id="4d7238ad-012e-433f-abb3-edacfdcc255d" />
      <TestMethod codeBase="D:\actions-runner\_work\XPCO\XPCO\AllSolutions\..\Common\SC_CommonFiles\zSC_CommonFiles_UnitTest\bin\Debug\net6.0-windows\zSC_CommonFiles_UnitTest.dll" adapterTypeName="executor://mstestadapter/v2" className="zSC_CommonFiles_UnitTest.VideoOS.UI.Common.WPF.TileLayout.TileLayoutTest" name="OnPreviewKeyDown_Ctrl_Click_Unselect_Success" />
    </UnitTest>
    <UnitTest name="AddNullToast_Failure_WithArgumentNullException" storage="d:\actions-runner\_work\xpco\xpco\allsolutions\..\common\sc_commonfiles\zsc_commonfiles_unittest\bin\debug\net6.0-windows\zsc_commonfiles_unittest.dll" id="84bf38e9-9144-dc3f-3fbb-788aeff94918">
      <TestCategory>
        <TestCategoryItem TestCategory="Toasts" />
      </TestCategory>
      <Execution id="acc98b34-7dff-4b55-806c-86b3e62477dc" />
      <TestMethod codeBase="D:\actions-runner\_work\XPCO\XPCO\AllSolutions\..\Common\SC_CommonFiles\zSC_CommonFiles_UnitTest\bin\Debug\net6.0-windows\zSC_CommonFiles_UnitTest.dll" adapterTypeName="executor://mstestadapter/v2" className="zSC_CommonFiles_UnitTest.VideoOS.UI.Common.WPF.Toast.ToastsViewModelTests" name="AddNullToast_Failure_WithArgumentNullException" />
    </UnitTest>
    <UnitTest name="TileNewStateGetsAddedAndCurrentStatesGetUpdatedIfCurrentStatesIsNullAndNewStateIsNotUndefined" storage="d:\actions-runner\_work\xpco\xpco\allsolutions\..\common\sc_commonfiles\zsc_commonfiles_unittest\bin\debug\net6.0-windows\zsc_commonfiles_unittest.dll" id="4cc8300a-eeed-c2e1-d868-e1046399c3e2">
      <Execution id="d2cfd19d-e3f6-4873-810d-e97b78da0843" />
      <TestMethod codeBase="D:\actions-runner\_work\XPCO\XPCO\AllSolutions\..\Common\SC_CommonFiles\zSC_CommonFiles_UnitTest\bin\Debug\net6.0-windows\zSC_CommonFiles_UnitTest.dll" adapterTypeName="executor://mstestadapter/v2" className="zSC_CommonFiles_UnitTest.DashboardTilesTests" name="TileNewStateGetsAddedAndCurrentStatesGetUpdatedIfCurrentStatesIsNullAndNewStateIsNotUndefined" />
    </UnitTest>
    <UnitTest name="StopAndDisconnect_SessionStarted_ServiceCalled" storage="d:\actions-runner\_work\xpco\xpco\allsolutions\..\common\sc_commonfiles\zsc_commonfiles_unittest\bin\debug\net6.0-windows\zsc_commonfiles_unittest.dll" id="fdac1400-a880-08a5-eb9b-8963e9019833">
      <Execution id="1de672b4-30eb-4edd-a620-37be6424c84b" />
      <TestMethod codeBase="D:\actions-runner\_work\XPCO\XPCO\AllSolutions\..\Common\SC_CommonFiles\zSC_CommonFiles_UnitTest\bin\Debug\net6.0-windows\zSC_CommonFiles_UnitTest.dll" adapterTypeName="executor://mstestadapter/v2" className="zSC_CommonFiles_UnitTest.VideoOS.Common.State.StateManagerTests" name="StopAndDisconnect_SessionStarted_ServiceCalled" />
    </UnitTest>
    <UnitTest name="ExtractItems_ShouldExtractSubset_WhenNotAllItemsAreOfExtractedType" storage="d:\actions-runner\_work\xpco\xpco\allsolutions\..\common\sc_commonfiles\zsc_commonfiles_unittest\bin\debug\net6.0-windows\zsc_commonfiles_unittest.dll" id="43785e1c-5d96-d5bd-319b-47bbf8cd5cd3">
      <TestCategory>
        <TestCategoryItem TestCategory="UIControlsExtensions" />
      </TestCategory>
      <Execution id="396ce736-468b-437e-8728-a4693f8b66de" />
      <TestMethod codeBase="D:\actions-runner\_work\XPCO\XPCO\AllSolutions\..\Common\SC_CommonFiles\zSC_CommonFiles_UnitTest\bin\Debug\net6.0-windows\zSC_CommonFiles_UnitTest.dll" adapterTypeName="executor://mstestadapter/v2" className="zSC_CommonFiles_UnitTest.VideoOS.UI.Common.WPF.Utils.ExtensionMethods.ItemsControlExtensionsTests" name="ExtractItems_ShouldExtractSubset_WhenNotAllItemsAreOfExtractedType" />
    </UnitTest>
    <UnitTest name="GetItemUserControl_Failure" storage="d:\actions-runner\_work\xpco\xpco\allsolutions\..\common\sc_commonfiles\zsc_commonfiles_unittest\bin\debug\net6.0-windows\zsc_commonfiles_unittest.dll" id="c1eeccdf-9e70-35f5-8d31-8a133efe3993">
      <TestCategory>
        <TestCategoryItem TestCategory="SC_CommonFiles.WPF.TileLayout" />
      </TestCategory>
      <Execution id="e4d3a02b-911a-44b6-abb9-5d52b83ce765" />
      <TestMethod codeBase="D:\actions-runner\_work\XPCO\XPCO\AllSolutions\..\Common\SC_CommonFiles\zSC_CommonFiles_UnitTest\bin\Debug\net6.0-windows\zSC_CommonFiles_UnitTest.dll" adapterTypeName="executor://mstestadapter/v2" className="zSC_CommonFiles_UnitTest.VideoOS.UI.Common.WPF.TileLayout.TileLayoutTest" name="GetItemUserControl_Failure" />
    </UnitTest>
    <UnitTest name="Create_NoRecycledItemsAvailable_Success" storage="d:\actions-runner\_work\xpco\xpco\allsolutions\..\common\sc_commonfiles\zsc_commonfiles_unittest\bin\debug\net6.0-windows\zsc_commonfiles_unittest.dll" id="9c6021a0-5c69-1d26-d3e6-3538913699de">
      <Execution id="5e23dec7-e2e6-4376-8e91-a70347f54f1c" />
      <TestMethod codeBase="D:\actions-runner\_work\XPCO\XPCO\AllSolutions\..\Common\SC_CommonFiles\zSC_CommonFiles_UnitTest\bin\Debug\net6.0-windows\zSC_CommonFiles_UnitTest.dll" adapterTypeName="executor://mstestadapter/v2" className="VideoOS.UI.Common.WPF.Utils.RecyclingFactory.RecyclingFactoryTests" name="Create_NoRecycledItemsAvailable_Success" />
    </UnitTest>
    <UnitTest name="Constructor_ShouldCreateTreeOfDepth1_WhenUnitsHaveNoParentButIncludeIsEnabled" storage="d:\actions-runner\_work\xpco\xpco\allsolutions\..\common\sc_commonfiles\zsc_commonfiles_unittest\bin\debug\net6.0-windows\zsc_commonfiles_unittest.dll" id="8d4c082a-f9d0-c638-ed0b-343bc5cdce37">
      <Execution id="392fb751-b119-486f-9877-2739b8cf2991" />
      <TestMethod codeBase="D:\actions-runner\_work\XPCO\XPCO\AllSolutions\..\Common\SC_CommonFiles\zSC_CommonFiles_UnitTest\bin\Debug\net6.0-windows\zSC_CommonFiles_UnitTest.dll" adapterTypeName="executor://mstestadapter/v2" className="SmartClient_UnitTest_VideoOS_UI_Common_WPF_FilterTree.FilterTreeUserControlViewModelTest" name="Constructor_ShouldCreateTreeOfDepth1_WhenUnitsHaveNoParentButIncludeIsEnabled" />
    </UnitTest>
    <UnitTest name="OnPreviewKeyDown_RightAlt_Click_Select_Success" storage="d:\actions-runner\_work\xpco\xpco\allsolutions\..\common\sc_commonfiles\zsc_commonfiles_unittest\bin\debug\net6.0-windows\zsc_commonfiles_unittest.dll" id="7e8a853c-5510-8468-d824-0047ef588b74">
      <TestCategory>
        <TestCategoryItem TestCategory="SC_CommonFiles.WPF.TileLayout" />
      </TestCategory>
      <Execution id="ddfe2b0a-e47c-40dd-bb7e-2da297f57bd1" />
      <TestMethod codeBase="D:\actions-runner\_work\XPCO\XPCO\AllSolutions\..\Common\SC_CommonFiles\zSC_CommonFiles_UnitTest\bin\Debug\net6.0-windows\zSC_CommonFiles_UnitTest.dll" adapterTypeName="executor://mstestadapter/v2" className="zSC_CommonFiles_UnitTest.VideoOS.UI.Common.WPF.TileLayout.TileLayoutTest" name="OnPreviewKeyDown_RightAlt_Click_Select_Success" />
    </UnitTest>
    <UnitTest name="MouseDown_InsideSelection_RangeMinUpdated" storage="d:\actions-runner\_work\xpco\xpco\allsolutions\..\common\sc_commonfiles\zsc_commonfiles_unittest\bin\debug\net6.0-windows\zsc_commonfiles_unittest.dll" id="4d104602-0dda-c899-6d83-d5aa637c46a2">
      <TestCategory>
        <TestCategoryItem TestCategory="RangeSelector" />
      </TestCategory>
      <Execution id="92e9194f-d523-4bb5-a8ac-00bc12b23956" />
      <TestMethod codeBase="D:\actions-runner\_work\XPCO\XPCO\AllSolutions\..\Common\SC_CommonFiles\zSC_CommonFiles_UnitTest\bin\Debug\net6.0-windows\zSC_CommonFiles_UnitTest.dll" adapterTypeName="executor://mstestadapter/v2" className="VideoOS.UI.Common.WPF.RangeSelector.RangeSelectorTest" name="MouseDown_InsideSelection_RangeMinUpdated" />
    </UnitTest>
    <UnitTest name="IsUnsecureConnectionAllowedForUser_ShouldReturnFalse_WhenAllowUnsecureSetToNotDecided" storage="d:\actions-runner\_work\xpco\xpco\allsolutions\..\common\sc_commonfiles\zsc_commonfiles_unittest\bin\debug\net6.0-windows\zsc_commonfiles_unittest.dll" id="ce5d6351-00d4-a4e9-7df0-2fe2199468f7">
      <Execution id="050b8a24-8133-4c40-9bc6-8e3fca06a95a" />
      <TestMethod codeBase="D:\actions-runner\_work\XPCO\XPCO\AllSolutions\..\Common\SC_CommonFiles\zSC_CommonFiles_UnitTest\bin\Debug\net6.0-windows\zSC_CommonFiles_UnitTest.dll" adapterTypeName="executor://mstestadapter/v2" className="zSC_CommonFiles_UnitTest.VideoOS.Common.Login.UIConnectionInfoTests" name="IsUnsecureConnectionAllowedForUser_ShouldReturnFalse_WhenAllowUnsecureSetToNotDecided" />
    </UnitTest>
    <UnitTest name="SequenceEquals_DifferentlySizedCollections_IgnoreOrder_SymmetricalFalseResult" storage="d:\actions-runner\_work\xpco\xpco\allsolutions\..\common\sc_commonfiles\zsc_commonfiles_unittest\bin\debug\net6.0-windows\zsc_commonfiles_unittest.dll" id="16d4258e-743c-71b8-441e-da9ab5d1a655">
      <Execution id="13f61526-9fdb-4633-88c6-d69cdefea5ce" />
      <TestMethod codeBase="D:\actions-runner\_work\XPCO\XPCO\AllSolutions\..\Common\SC_CommonFiles\zSC_CommonFiles_UnitTest\bin\Debug\net6.0-windows\zSC_CommonFiles_UnitTest.dll" adapterTypeName="executor://mstestadapter/v2" className="zSC_CommonFiles_UnitTest.VideoOS.UI.Common.WPF.Utils.ObservableCollectionExtensionTest" name="SequenceEquals_DifferentlySizedCollections_IgnoreOrder_SymmetricalFalseResult" />
    </UnitTest>
    <UnitTest name="SequenceEquals_NullCollection_RespectOrder_FalseResult" storage="d:\actions-runner\_work\xpco\xpco\allsolutions\..\common\sc_commonfiles\zsc_commonfiles_unittest\bin\debug\net6.0-windows\zsc_commonfiles_unittest.dll" id="501c02cb-ac5f-5745-c75a-6cf52f922f62">
      <Execution id="716aeaa5-e13c-41f9-a272-2f23351aa078" />
      <TestMethod codeBase="D:\actions-runner\_work\XPCO\XPCO\AllSolutions\..\Common\SC_CommonFiles\zSC_CommonFiles_UnitTest\bin\Debug\net6.0-windows\zSC_CommonFiles_UnitTest.dll" adapterTypeName="executor://mstestadapter/v2" className="zSC_CommonFiles_UnitTest.VideoOS.UI.Common.WPF.Utils.ObservableCollectionExtensionTest" name="SequenceEquals_NullCollection_RespectOrder_FalseResult" />
    </UnitTest>
    <UnitTest name="Constructor_StateService_ArgumentNull_Thrown" storage="d:\actions-runner\_work\xpco\xpco\allsolutions\..\common\sc_commonfiles\zsc_commonfiles_unittest\bin\debug\net6.0-windows\zsc_commonfiles_unittest.dll" id="a4ebc8c3-3a4e-4ab1-e6c5-04365965ee9e">
      <Execution id="b72f0869-d979-4e52-ab50-a1d132d71efa" />
      <TestMethod codeBase="D:\actions-runner\_work\XPCO\XPCO\AllSolutions\..\Common\SC_CommonFiles\zSC_CommonFiles_UnitTest\bin\Debug\net6.0-windows\zSC_CommonFiles_UnitTest.dll" adapterTypeName="executor://mstestadapter/v2" className="zSC_CommonFiles_UnitTest.VideoOS.Common.State.ServerStateManagerTests" name="Constructor_StateService_ArgumentNull_Thrown" />
    </UnitTest>
    <UnitTest name="FontDownCommand_ShouldDecreaseFontForSelectedSlide" storage="d:\actions-runner\_work\xpco\xpco\allsolutions\..\common\sc_commonfiles\zsc_commonfiles_unittest\bin\debug\net6.0-windows\zsc_commonfiles_unittest.dll" id="8a840b5c-7cc0-3e0e-9c58-be69d6fcfb38">
      <Execution id="2ef0e6e8-1590-4553-95c6-7a13eaa73c09" />
      <TestMethod codeBase="D:\actions-runner\_work\XPCO\XPCO\AllSolutions\..\Common\SC_CommonFiles\zSC_CommonFiles_UnitTest\bin\Debug\net6.0-windows\zSC_CommonFiles_UnitTest.dll" adapterTypeName="executor://mstestadapter/v2" className="zSC_CommonFiles_UnitTest.VideoOS.UI.Common.WPF.VideoText.VideoTextWindowViewModelTests" name="FontDownCommand_ShouldDecreaseFontForSelectedSlide" />
    </UnitTest>
    <UnitTest name="CreateTileMustInitializeWithProperLocalizedText" storage="d:\actions-runner\_work\xpco\xpco\allsolutions\..\common\sc_commonfiles\zsc_commonfiles_unittest\bin\debug\net6.0-windows\zsc_commonfiles_unittest.dll" id="87c36423-3ba7-fe8e-7a2d-f8a7fdd246be">
      <Execution id="866360fe-2046-4e74-a2b7-8f4d1f04e115" />
      <TestMethod codeBase="D:\actions-runner\_work\XPCO\XPCO\AllSolutions\..\Common\SC_CommonFiles\zSC_CommonFiles_UnitTest\bin\Debug\net6.0-windows\zSC_CommonFiles_UnitTest.dll" adapterTypeName="executor://mstestadapter/v2" className="zSC_CommonFiles_UnitTest.LocalizationTests" name="CreateTileMustInitializeWithProperLocalizedText" />
    </UnitTest>
    <UnitTest name="ExtractItems_ShouldEmptyItemsControl_WhenAllItemsAreOfExtractedType" storage="d:\actions-runner\_work\xpco\xpco\allsolutions\..\common\sc_commonfiles\zsc_commonfiles_unittest\bin\debug\net6.0-windows\zsc_commonfiles_unittest.dll" id="49da23cd-956c-d063-f00f-78019f6587a5">
      <TestCategory>
        <TestCategoryItem TestCategory="UIControlsExtensions" />
      </TestCategory>
      <Execution id="ae813c7a-c789-4fea-ae51-845322edf961" />
      <TestMethod codeBase="D:\actions-runner\_work\XPCO\XPCO\AllSolutions\..\Common\SC_CommonFiles\zSC_CommonFiles_UnitTest\bin\Debug\net6.0-windows\zSC_CommonFiles_UnitTest.dll" adapterTypeName="executor://mstestadapter/v2" className="zSC_CommonFiles_UnitTest.VideoOS.UI.Common.WPF.Utils.ExtensionMethods.ItemsControlExtensionsTests" name="ExtractItems_ShouldEmptyItemsControl_WhenAllItemsAreOfExtractedType" />
    </UnitTest>
    <UnitTest name="AddToast_NullToast_Throws" storage="d:\actions-runner\_work\xpco\xpco\allsolutions\..\common\sc_commonfiles\zsc_commonfiles_unittest\bin\debug\net6.0-windows\zsc_commonfiles_unittest.dll" id="33919fac-e25b-5982-05db-e9034087e4af">
      <TestCategory>
        <TestCategoryItem TestCategory="Toasts" />
      </TestCategory>
      <Execution id="a4e73c60-cbba-41f6-8273-82eb1aa5bc02" />
      <TestMethod codeBase="D:\actions-runner\_work\XPCO\XPCO\AllSolutions\..\Common\SC_CommonFiles\zSC_CommonFiles_UnitTest\bin\Debug\net6.0-windows\zSC_CommonFiles_UnitTest.dll" adapterTypeName="executor://mstestadapter/v2" className="VideoOS.UI.Common.WPF.Toast.ToastManagerTests" name="AddToast_NullToast_Throws" />
    </UnitTest>
    <UnitTest name="Constructor_StateSessionHelper_ArgumentNull_Thrown" storage="d:\actions-runner\_work\xpco\xpco\allsolutions\..\common\sc_commonfiles\zsc_commonfiles_unittest\bin\debug\net6.0-windows\zsc_commonfiles_unittest.dll" id="9407802f-e3bb-717e-dfa6-c4f68e793c26">
      <Execution id="0a50d756-a99b-4e57-b36b-3312c7077630" />
      <TestMethod codeBase="D:\actions-runner\_work\XPCO\XPCO\AllSolutions\..\Common\SC_CommonFiles\zSC_CommonFiles_UnitTest\bin\Debug\net6.0-windows\zSC_CommonFiles_UnitTest.dll" adapterTypeName="executor://mstestadapter/v2" className="zSC_CommonFiles_UnitTest.VideoOS.Common.State.StateManagerTests" name="Constructor_StateSessionHelper_ArgumentNull_Thrown" />
    </UnitTest>
    <UnitTest name="GetBoolValueOrDefault_WrongKeyValue_DefaultValueReturned" storage="d:\actions-runner\_work\xpco\xpco\allsolutions\..\common\sc_commonfiles\zsc_commonfiles_unittest\bin\debug\net6.0-windows\zsc_commonfiles_unittest.dll" id="b64d692e-2bcf-ef81-2204-4e384a726323">
      <Execution id="1def4bd2-4750-4dea-9abb-a0215a42d912" />
      <TestMethod codeBase="D:\actions-runner\_work\XPCO\XPCO\AllSolutions\..\Common\SC_CommonFiles\zSC_CommonFiles_UnitTest\bin\Debug\net6.0-windows\zSC_CommonFiles_UnitTest.dll" adapterTypeName="executor://mstestadapter/v2" className="zSC_CommonFiles_UnitTest.VideoOS.Common.Configuration.NameValueCollectionExtensionsTest" name="GetBoolValueOrDefault_WrongKeyValue_DefaultValueReturned" />
    </UnitTest>
    <UnitTest name="IsUnsecureConnectionAllowedForUser_ShouldReturnFalse_WhenNoUser" storage="d:\actions-runner\_work\xpco\xpco\allsolutions\..\common\sc_commonfiles\zsc_commonfiles_unittest\bin\debug\net6.0-windows\zsc_commonfiles_unittest.dll" id="ce743239-1b20-9584-c28b-8dc6a59dc3bb">
      <Execution id="84bc3bc2-5edb-4774-a927-d5a8a0f9b756" />
      <TestMethod codeBase="D:\actions-runner\_work\XPCO\XPCO\AllSolutions\..\Common\SC_CommonFiles\zSC_CommonFiles_UnitTest\bin\Debug\net6.0-windows\zSC_CommonFiles_UnitTest.dll" adapterTypeName="executor://mstestadapter/v2" className="zSC_CommonFiles_UnitTest.VideoOS.Common.Login.UIConnectionInfoTests" name="IsUnsecureConnectionAllowedForUser_ShouldReturnFalse_WhenNoUser" />
    </UnitTest>
    <UnitTest name="ArrangeOverride__6child_AllMustShrink__AllAreShrunk" storage="d:\actions-runner\_work\xpco\xpco\allsolutions\..\common\sc_commonfiles\zsc_commonfiles_unittest\bin\debug\net6.0-windows\zsc_commonfiles_unittest.dll" id="b55addd3-5335-70b5-4725-96a0e81794df">
      <TestCategory>
        <TestCategoryItem TestCategory="Controls" />
      </TestCategory>
      <Execution id="77c51fde-16c8-471c-b552-7940d3347812" />
      <TestMethod codeBase="D:\actions-runner\_work\XPCO\XPCO\AllSolutions\..\Common\SC_CommonFiles\zSC_CommonFiles_UnitTest\bin\Debug\net6.0-windows\zSC_CommonFiles_UnitTest.dll" adapterTypeName="executor://mstestadapter/v2" className="VideoOS.UI.Common.WPF.Controls.HorizontalPanelTests" name="ArrangeOverride__6child_AllMustShrink__AllAreShrunk" />
    </UnitTest>
    <UnitTest name="RoundToHour_Down" storage="d:\actions-runner\_work\xpco\xpco\allsolutions\..\common\sc_commonfiles\zsc_commonfiles_unittest\bin\debug\net6.0-windows\zsc_commonfiles_unittest.dll" id="41441101-47ad-5d05-d82c-2bfa6a698b36">
      <Execution id="e2cf2640-90d3-4036-a09e-f50a666240fb" />
      <TestMethod codeBase="D:\actions-runner\_work\XPCO\XPCO\AllSolutions\..\Common\SC_CommonFiles\zSC_CommonFiles_UnitTest\bin\Debug\net6.0-windows\zSC_CommonFiles_UnitTest.dll" adapterTypeName="executor://mstestadapter/v2" className="zSC_CommonFiles_UnitTest.VideoOS.UI.Common.WPF.Utils.ExtensionMethods.DateTimeExtensionsTests" name="RoundToHour_Down" />
    </UnitTest>
    <UnitTest name="Convert_ShouldReturnGreaterThanString_WhenValueIsGreaterThanThreshold" storage="d:\actions-runner\_work\xpco\xpco\allsolutions\..\common\sc_commonfiles\zsc_commonfiles_unittest\bin\debug\net6.0-windows\zsc_commonfiles_unittest.dll" id="669c2664-9e93-7539-3901-e5233189df70">
      <Execution id="0c1464c5-ab0e-4ffd-818b-a30b21960cc1" />
      <TestMethod codeBase="D:\actions-runner\_work\XPCO\XPCO\AllSolutions\..\Common\SC_CommonFiles\zSC_CommonFiles_UnitTest\bin\Debug\net6.0-windows\zSC_CommonFiles_UnitTest.dll" adapterTypeName="executor://mstestadapter/v2" className="zSC_CommonFiles_UnitTest.VideoOS.UI.Common.WPF.Utils.Converters.CountToStringConverterTests" name="Convert_ShouldReturnGreaterThanString_WhenValueIsGreaterThanThreshold" />
    </UnitTest>
    <UnitTest name="Convert_MultiValueConverter_DifferentTargetType_Success" storage="d:\actions-runner\_work\xpco\xpco\allsolutions\..\common\sc_commonfiles\zsc_commonfiles_unittest\bin\debug\net6.0-windows\zsc_commonfiles_unittest.dll" id="9dcd4ce8-33dc-3db8-df54-9c3e687528fe">
      <Execution id="fc8da1ac-3abf-4ec7-8056-1596efa6fca7" />
      <TestMethod codeBase="D:\actions-runner\_work\XPCO\XPCO\AllSolutions\..\Common\SC_CommonFiles\zSC_CommonFiles_UnitTest\bin\Debug\net6.0-windows\zSC_CommonFiles_UnitTest.dll" adapterTypeName="executor://mstestadapter/v2" className="zSC_CommonFiles_UnitTest.VideoOS.UI.Common.WPF.Utils.Converters.MaxWidthConverterTests" name="Convert_MultiValueConverter_DifferentTargetType_Success" />
    </UnitTest>
    <UnitTest name="ExtensionInvokeTest" storage="d:\actions-runner\_work\xpco\xpco\allsolutions\..\common\sc_commonfiles\zsc_commonfiles_unittest\bin\debug\net6.0-windows\zsc_commonfiles_unittest.dll" id="bff954f8-e2d5-b0a0-fd97-8dd0ad93ed5a">
      <Execution id="01373fbb-cb84-4490-a71a-37db186f83f6" />
      <TestMethod codeBase="D:\actions-runner\_work\XPCO\XPCO\AllSolutions\..\Common\SC_CommonFiles\zSC_CommonFiles_UnitTest\bin\Debug\net6.0-windows\zSC_CommonFiles_UnitTest.dll" adapterTypeName="executor://mstestadapter/v2" className="SmartClient_UnitTest.VideoOS.UI.Common.WPF.Utils.Threading.DispatcherExtensionsTest" name="ExtensionInvokeTest" />
    </UnitTest>
    <UnitTest name="TooltipServiceWarning_Failover_AuthorizationError" storage="d:\actions-runner\_work\xpco\xpco\allsolutions\..\common\sc_commonfiles\zsc_commonfiles_unittest\bin\debug\net6.0-windows\zsc_commonfiles_unittest.dll" id="d44e5ef1-d45e-248e-aa87-897c4217e08f">
      <Execution id="7f8a0c42-d8fc-4edb-b503-fafb1941a0fb" />
      <TestMethod codeBase="D:\actions-runner\_work\XPCO\XPCO\AllSolutions\..\Common\SC_CommonFiles\zSC_CommonFiles_UnitTest\bin\Debug\net6.0-windows\zSC_CommonFiles_UnitTest.dll" adapterTypeName="executor://mstestadapter/v2" className="zSC_CommonFiles_UnitTest.VideoOS.UI.Common.WPF.Dashboard.Types.ServerTest" name="TooltipServiceWarning_Failover_AuthorizationError" />
    </UnitTest>
    <UnitTest name="CloseShouldBlockTheCache" storage="d:\actions-runner\_work\xpco\xpco\allsolutions\..\common\sc_commonfiles\zsc_commonfiles_unittest\bin\debug\net6.0-windows\zsc_commonfiles_unittest.dll" id="a968b87e-cff6-bf9a-9da7-2e125015401d">
      <Execution id="f55164ee-4ee4-4e68-9344-1fe62c663e78" />
      <TestMethod codeBase="D:\actions-runner\_work\XPCO\XPCO\AllSolutions\..\Common\SC_CommonFiles\zSC_CommonFiles_UnitTest\bin\Debug\net6.0-windows\zSC_CommonFiles_UnitTest.dll" adapterTypeName="executor://mstestadapter/v2" className="SC_Common_UnitTest_VideoOS_UI_Common_Data_SequenceRetriever_ThumbCache.ThumbCacheTest" name="CloseShouldBlockTheCache" />
    </UnitTest>
    <UnitTest name="ItemHolderSelectedToggleButton_Init_Success" storage="d:\actions-runner\_work\xpco\xpco\allsolutions\..\common\sc_commonfiles\zsc_commonfiles_unittest\bin\debug\net6.0-windows\zsc_commonfiles_unittest.dll" id="9fa25131-4a4e-7dac-7ed1-7e35fdb0b337">
      <TestCategory>
        <TestCategoryItem TestCategory="SC_CommonFiles.WPF.TileLayout" />
      </TestCategory>
      <Execution id="55c58bf6-3405-41ea-b7a2-4d3dc90caa81" />
      <TestMethod codeBase="D:\actions-runner\_work\XPCO\XPCO\AllSolutions\..\Common\SC_CommonFiles\zSC_CommonFiles_UnitTest\bin\Debug\net6.0-windows\zSC_CommonFiles_UnitTest.dll" adapterTypeName="executor://mstestadapter/v2" className="zSC_CommonFiles_UnitTest.VideoOS.UI.Common.WPF.TileLayout.ItemHolderTest" name="ItemHolderSelectedToggleButton_Init_Success" />
    </UnitTest>
    <UnitTest name="AddFrameworkElementsOverlay_WithFollowDigitalZoomFalse_ShouldAddToFrameworkElementsOverlaysFixed" storage="d:\actions-runner\_work\xpco\xpco\allsolutions\..\common\sc_commonfiles\zsc_commonfiles_unittest\bin\debug\net6.0-windows\zsc_commonfiles_unittest.dll" id="54792cc5-5557-3941-5368-3e4248495373">
      <Execution id="6db21d11-f917-4a38-800d-3f25cf6695ed" />
      <TestMethod codeBase="D:\actions-runner\_work\XPCO\XPCO\AllSolutions\..\Common\SC_CommonFiles\zSC_CommonFiles_UnitTest\bin\Debug\net6.0-windows\zSC_CommonFiles_UnitTest.dll" adapterTypeName="executor://mstestadapter/v2" className="zSC_CommonFiles_UnitTest.VideoOS.UI.Common.WPF.VideoPlayer.Model.FrameworkElementsOverlayModelTests" name="AddFrameworkElementsOverlay_WithFollowDigitalZoomFalse_ShouldAddToFrameworkElementsOverlaysFixed" />
    </UnitTest>
    <UnitTest name="Create_RecycledItemAvailable_Success" storage="d:\actions-runner\_work\xpco\xpco\allsolutions\..\common\sc_commonfiles\zsc_commonfiles_unittest\bin\debug\net6.0-windows\zsc_commonfiles_unittest.dll" id="8e17e180-a6fb-9c35-ec45-dff245336c94">
      <Execution id="5091746d-fd11-42aa-ae22-0a181b98af1d" />
      <TestMethod codeBase="D:\actions-runner\_work\XPCO\XPCO\AllSolutions\..\Common\SC_CommonFiles\zSC_CommonFiles_UnitTest\bin\Debug\net6.0-windows\zSC_CommonFiles_UnitTest.dll" adapterTypeName="executor://mstestadapter/v2" className="VideoOS.UI.Common.WPF.Utils.RecyclingFactory.RecyclingFactoryTests" name="Create_RecycledItemAvailable_Success" />
    </UnitTest>
    <UnitTest name="ShowDialogScaledHorizontalCenter_150Percent_Scaling" storage="d:\actions-runner\_work\xpco\xpco\allsolutions\..\common\sc_commonfiles\zsc_commonfiles_unittest\bin\debug\net6.0-windows\zsc_commonfiles_unittest.dll" id="b722671b-5697-c030-4a64-cd7cdd00f422">
      <Execution id="8e20f5f1-1ab9-486f-896f-d9b4c327aa96" />
      <TestMethod codeBase="D:\actions-runner\_work\XPCO\XPCO\AllSolutions\..\Common\SC_CommonFiles\zSC_CommonFiles_UnitTest\bin\Debug\net6.0-windows\zSC_CommonFiles_UnitTest.dll" adapterTypeName="executor://mstestadapter/v2" className="zSC_CommonFiles_UnitTest.VideoOS.UI.Common.WPF.Utils.ExtensionMethods.WindowExtensionsTests" name="ShowDialogScaledHorizontalCenter_150Percent_Scaling" />
    </UnitTest>
    <UnitTest name="GetStringValueOrDefault_KeyNotFound_DefaultValueReturned" storage="d:\actions-runner\_work\xpco\xpco\allsolutions\..\common\sc_commonfiles\zsc_commonfiles_unittest\bin\debug\net6.0-windows\zsc_commonfiles_unittest.dll" id="1c73ceb9-2072-2e5e-a2de-ee8cd9695cfc">
      <Execution id="413cd91b-0a26-4b96-ad6c-4d5f18a2842a" />
      <TestMethod codeBase="D:\actions-runner\_work\XPCO\XPCO\AllSolutions\..\Common\SC_CommonFiles\zSC_CommonFiles_UnitTest\bin\Debug\net6.0-windows\zSC_CommonFiles_UnitTest.dll" adapterTypeName="executor://mstestadapter/v2" className="zSC_CommonFiles_UnitTest.VideoOS.Common.Configuration.NameValueCollectionExtensionsTest" name="GetStringValueOrDefault_KeyNotFound_DefaultValueReturned" />
    </UnitTest>
    <UnitTest name="RoundToMillisecond_RoundUp" storage="d:\actions-runner\_work\xpco\xpco\allsolutions\..\common\sc_commonfiles\zsc_commonfiles_unittest\bin\debug\net6.0-windows\zsc_commonfiles_unittest.dll" id="035ef68b-c3bd-7b62-9eec-5a605eb83f8c">
      <Execution id="2c9266fe-75a6-4fd7-80ab-43c8216676ba" />
      <TestMethod codeBase="D:\actions-runner\_work\XPCO\XPCO\AllSolutions\..\Common\SC_CommonFiles\zSC_CommonFiles_UnitTest\bin\Debug\net6.0-windows\zSC_CommonFiles_UnitTest.dll" adapterTypeName="executor://mstestadapter/v2" className="zSC_CommonFiles_UnitTest.VideoOS.UI.Common.WPF.Utils.ExtensionMethods.TimeSpanExtensionsTests" name="RoundToMillisecond_RoundUp" />
    </UnitTest>
    <UnitTest name="ExtensionBeginInvokeOneParamTest" storage="d:\actions-runner\_work\xpco\xpco\allsolutions\..\common\sc_commonfiles\zsc_commonfiles_unittest\bin\debug\net6.0-windows\zsc_commonfiles_unittest.dll" id="82fcf867-5749-9edd-5c4f-4e3b8b6ee0a4">
      <Execution id="51ea443a-efd3-4e36-bbcb-ff8e838f4320" />
      <TestMethod codeBase="D:\actions-runner\_work\XPCO\XPCO\AllSolutions\..\Common\SC_CommonFiles\zSC_CommonFiles_UnitTest\bin\Debug\net6.0-windows\zSC_CommonFiles_UnitTest.dll" adapterTypeName="executor://mstestadapter/v2" className="SmartClient_UnitTest.VideoOS.UI.Common.WPF.Utils.Threading.DispatcherExtensionsTest" name="ExtensionBeginInvokeOneParamTest" />
    </UnitTest>
    <UnitTest name="OkNewTileAddsANewTile" storage="d:\actions-runner\_work\xpco\xpco\allsolutions\..\common\sc_commonfiles\zsc_commonfiles_unittest\bin\debug\net6.0-windows\zsc_commonfiles_unittest.dll" id="8dde7174-38d7-ee12-7e68-7117e399b660">
      <Execution id="f03fab7e-807b-4cf4-bf65-5e3aacba683a" />
      <TestMethod codeBase="D:\actions-runner\_work\XPCO\XPCO\AllSolutions\..\Common\SC_CommonFiles\zSC_CommonFiles_UnitTest\bin\Debug\net6.0-windows\zSC_CommonFiles_UnitTest.dll" adapterTypeName="executor://mstestadapter/v2" className="zSC_CommonFiles_UnitTest.DashboardTilesTests" name="OkNewTileAddsANewTile" />
    </UnitTest>
    <UnitTest name="EqualsTest" storage="d:\actions-runner\_work\xpco\xpco\allsolutions\..\common\sc_commonfiles\zsc_commonfiles_unittest\bin\debug\net6.0-windows\zsc_commonfiles_unittest.dll" id="16c91d34-e916-3d59-f51a-4f9b85399289">
      <Execution id="27e86a70-1a85-4742-82c1-0c8acd0d381e" />
      <TestMethod codeBase="D:\actions-runner\_work\XPCO\XPCO\AllSolutions\..\Common\SC_CommonFiles\zSC_CommonFiles_UnitTest\bin\Debug\net6.0-windows\zSC_CommonFiles_UnitTest.dll" adapterTypeName="executor://mstestadapter/v2" className="SmartClient_UnitTest_VideoOS_UI_Common_WPF_Timeline.TimeIntervalTest" name="EqualsTest" />
    </UnitTest>
    <UnitTest name="IfInstanceIdIsNotSetThenEntityNameIsCategoryName" storage="d:\actions-runner\_work\xpco\xpco\allsolutions\..\common\sc_commonfiles\zsc_commonfiles_unittest\bin\debug\net6.0-windows\zsc_commonfiles_unittest.dll" id="c66e3bc2-2f46-3828-947c-08aea11ba952">
      <Execution id="71ebb3f7-5967-476f-8bd3-f600b25d5cb5" />
      <TestMethod codeBase="D:\actions-runner\_work\XPCO\XPCO\AllSolutions\..\Common\SC_CommonFiles\zSC_CommonFiles_UnitTest\bin\Debug\net6.0-windows\zSC_CommonFiles_UnitTest.dll" adapterTypeName="executor://mstestadapter/v2" className="zSC_CommonFiles_UnitTest.LocalizationTests" name="IfInstanceIdIsNotSetThenEntityNameIsCategoryName" />
    </UnitTest>
    <UnitTest name="GetStates_SessionStarted_WithStates" storage="d:\actions-runner\_work\xpco\xpco\allsolutions\..\common\sc_commonfiles\zsc_commonfiles_unittest\bin\debug\net6.0-windows\zsc_commonfiles_unittest.dll" id="278a11dd-76cf-5c46-224d-0d3283afee51">
      <Execution id="a88a3dd6-3997-4dec-b4ff-b52d1166b802" />
      <TestMethod codeBase="D:\actions-runner\_work\XPCO\XPCO\AllSolutions\..\Common\SC_CommonFiles\zSC_CommonFiles_UnitTest\bin\Debug\net6.0-windows\zSC_CommonFiles_UnitTest.dll" adapterTypeName="executor://mstestadapter/v2" className="zSC_CommonFiles_UnitTest.VideoOS.Common.State.ServerStateManagerTests" name="GetStates_SessionStarted_WithStates" />
    </UnitTest>
    <UnitTest name="OkEditTileEditsTile" storage="d:\actions-runner\_work\xpco\xpco\allsolutions\..\common\sc_commonfiles\zsc_commonfiles_unittest\bin\debug\net6.0-windows\zsc_commonfiles_unittest.dll" id="f106274d-5d2d-5f08-6dad-6f5b4c7e2e4c">
      <Execution id="6b406d9e-dc9a-4439-b801-bb2be3eeb1a5" />
      <TestMethod codeBase="D:\actions-runner\_work\XPCO\XPCO\AllSolutions\..\Common\SC_CommonFiles\zSC_CommonFiles_UnitTest\bin\Debug\net6.0-windows\zSC_CommonFiles_UnitTest.dll" adapterTypeName="executor://mstestadapter/v2" className="zSC_CommonFiles_UnitTest.DashboardTilesTests" name="OkEditTileEditsTile" />
    </UnitTest>
    <UnitTest name="GetIntersectingTest" storage="d:\actions-runner\_work\xpco\xpco\allsolutions\..\common\sc_commonfiles\zsc_commonfiles_unittest\bin\debug\net6.0-windows\zsc_commonfiles_unittest.dll" id="db062b49-88de-b8f8-9ca6-8a07ff86d1c6">
      <Execution id="32cbb8e7-5e9f-4bdf-819a-c76ba360d79f" />
      <TestMethod codeBase="D:\actions-runner\_work\XPCO\XPCO\AllSolutions\..\Common\SC_CommonFiles\zSC_CommonFiles_UnitTest\bin\Debug\net6.0-windows\zSC_CommonFiles_UnitTest.dll" adapterTypeName="executor://mstestadapter/v2" className="SmartClient_UnitTest_VideoOS_UI_Common_WPF_Timeline.TimeIntervalC5ExtensionTest" name="GetIntersectingTest" />
    </UnitTest>
    <UnitTest name="ReorderTilesOrdersByPositionCamera" storage="d:\actions-runner\_work\xpco\xpco\allsolutions\..\common\sc_commonfiles\zsc_commonfiles_unittest\bin\debug\net6.0-windows\zsc_commonfiles_unittest.dll" id="51395a71-b567-dc86-b950-ec06701415e4">
      <Execution id="b854751a-d57f-4559-b39e-ba085cd4b13d" />
      <TestMethod codeBase="D:\actions-runner\_work\XPCO\XPCO\AllSolutions\..\Common\SC_CommonFiles\zSC_CommonFiles_UnitTest\bin\Debug\net6.0-windows\zSC_CommonFiles_UnitTest.dll" adapterTypeName="executor://mstestadapter/v2" className="zSC_CommonFiles_UnitTest.DashboardTilesTests" name="ReorderTilesOrdersByPositionCamera" />
    </UnitTest>
    <UnitTest name="UpdateFrameworkElementsOverlay_WithUnknownId_ShouldReturnFalse" storage="d:\actions-runner\_work\xpco\xpco\allsolutions\..\common\sc_commonfiles\zsc_commonfiles_unittest\bin\debug\net6.0-windows\zsc_commonfiles_unittest.dll" id="b2995b06-1442-48cc-a8f7-299ee21d333d">
      <Execution id="f109099d-52d2-4257-a903-b3f2c6bc6706" />
      <TestMethod codeBase="D:\actions-runner\_work\XPCO\XPCO\AllSolutions\..\Common\SC_CommonFiles\zSC_CommonFiles_UnitTest\bin\Debug\net6.0-windows\zSC_CommonFiles_UnitTest.dll" adapterTypeName="executor://mstestadapter/v2" className="zSC_CommonFiles_UnitTest.VideoOS.UI.Common.WPF.VideoPlayer.Model.FrameworkElementsOverlayModelTests" name="UpdateFrameworkElementsOverlay_WithUnknownId_ShouldReturnFalse" />
    </UnitTest>
    <UnitTest name="DrawControl_Success" storage="d:\actions-runner\_work\xpco\xpco\allsolutions\..\common\sc_commonfiles\zsc_commonfiles_unittest\bin\debug\net6.0-windows\zsc_commonfiles_unittest.dll" id="24801bf2-63b2-04d1-d795-083a0ecbe814">
      <TestCategory>
        <TestCategoryItem TestCategory="RangeSelector" />
      </TestCategory>
      <Execution id="0218cca7-511e-4952-b9ff-73190beb394a" />
      <TestMethod codeBase="D:\actions-runner\_work\XPCO\XPCO\AllSolutions\..\Common\SC_CommonFiles\zSC_CommonFiles_UnitTest\bin\Debug\net6.0-windows\zSC_CommonFiles_UnitTest.dll" adapterTypeName="executor://mstestadapter/v2" className="VideoOS.UI.Common.WPF.RangeSelector.RangeSelectorTest" name="DrawControl_Success" />
    </UnitTest>
    <UnitTest name="AllowUnsecureConnection_ShouldBeFalse_WhenUsernameDoesNotExist" storage="d:\actions-runner\_work\xpco\xpco\allsolutions\..\common\sc_commonfiles\zsc_commonfiles_unittest\bin\debug\net6.0-windows\zsc_commonfiles_unittest.dll" id="12c318f1-025e-56db-70fc-391decd83ddf">
      <Execution id="6b9283f2-26af-4f18-9bb5-cfba82d4c3ed" />
      <TestMethod codeBase="D:\actions-runner\_work\XPCO\XPCO\AllSolutions\..\Common\SC_CommonFiles\zSC_CommonFiles_UnitTest\bin\Debug\net6.0-windows\zSC_CommonFiles_UnitTest.dll" adapterTypeName="executor://mstestadapter/v2" className="zSC_CommonFiles_UnitTest.VideoOS.Common.Login.UIConnectionInfoTests" name="AllowUnsecureConnection_ShouldBeFalse_WhenUsernameDoesNotExist" />
    </UnitTest>
    <UnitTest name="TileLayout_Focused_BorderBrushUpdated" storage="d:\actions-runner\_work\xpco\xpco\allsolutions\..\common\sc_commonfiles\zsc_commonfiles_unittest\bin\debug\net6.0-windows\zsc_commonfiles_unittest.dll" id="08927107-8d8c-0e18-84c3-bf6112c63fb2">
      <TestCategory>
        <TestCategoryItem TestCategory="SC_CommonFiles.WPF.TileLayout" />
      </TestCategory>
      <Execution id="05731777-85a0-497b-bf9f-8fbf53813e52" />
      <TestMethod codeBase="D:\actions-runner\_work\XPCO\XPCO\AllSolutions\..\Common\SC_CommonFiles\zSC_CommonFiles_UnitTest\bin\Debug\net6.0-windows\zSC_CommonFiles_UnitTest.dll" adapterTypeName="executor://mstestadapter/v2" className="zSC_CommonFiles_UnitTest.VideoOS.UI.Common.WPF.TileLayout.ItemHolderTest" name="TileLayout_Focused_BorderBrushUpdated" />
    </UnitTest>
    <UnitTest name="GetStringValueOrDefault_KeyFound_ValueReturned" storage="d:\actions-runner\_work\xpco\xpco\allsolutions\..\common\sc_commonfiles\zsc_commonfiles_unittest\bin\debug\net6.0-windows\zsc_commonfiles_unittest.dll" id="45e75a0d-4283-5aac-6b8e-d457bbb3aa8a">
      <Execution id="f0fe9dec-aeb5-43e8-badd-4ba9a4d42225" />
      <TestMethod codeBase="D:\actions-runner\_work\XPCO\XPCO\AllSolutions\..\Common\SC_CommonFiles\zSC_CommonFiles_UnitTest\bin\Debug\net6.0-windows\zSC_CommonFiles_UnitTest.dll" adapterTypeName="executor://mstestadapter/v2" className="zSC_CommonFiles_UnitTest.VideoOS.Common.Configuration.NameValueCollectionExtensionsTest" name="GetStringValueOrDefault_KeyFound_ValueReturned" />
    </UnitTest>
    <UnitTest name="ProvideValue_ReturnsThis" storage="d:\actions-runner\_work\xpco\xpco\allsolutions\..\common\sc_commonfiles\zsc_commonfiles_unittest\bin\debug\net6.0-windows\zsc_commonfiles_unittest.dll" id="6be2a7ca-9e0f-738a-b561-fdbbb35486e2">
      <TestCategory>
        <TestCategoryItem TestCategory="Converters" />
      </TestCategory>
      <Execution id="f98d932d-dc11-4339-8fc7-254eb5f5d2a1" />
      <TestMethod codeBase="D:\actions-runner\_work\XPCO\XPCO\AllSolutions\..\Common\SC_CommonFiles\zSC_CommonFiles_UnitTest\bin\Debug\net6.0-windows\zSC_CommonFiles_UnitTest.dll" adapterTypeName="executor://mstestadapter/v2" className="VideoOS.UI.Common.WPF.Utils.Converters.OffsetConverterTests" name="ProvideValue_ReturnsThis" />
    </UnitTest>
    <UnitTest name="TooltipServiceWarning_Failover_LocalSSLError" storage="d:\actions-runner\_work\xpco\xpco\allsolutions\..\common\sc_commonfiles\zsc_commonfiles_unittest\bin\debug\net6.0-windows\zsc_commonfiles_unittest.dll" id="da7d9a18-f239-39a4-8fc7-3bf5666ab8f3">
      <Execution id="8c276853-f04b-4922-b42c-6f224e34c51e" />
      <TestMethod codeBase="D:\actions-runner\_work\XPCO\XPCO\AllSolutions\..\Common\SC_CommonFiles\zSC_CommonFiles_UnitTest\bin\Debug\net6.0-windows\zSC_CommonFiles_UnitTest.dll" adapterTypeName="executor://mstestadapter/v2" className="zSC_CommonFiles_UnitTest.VideoOS.UI.Common.WPF.Dashboard.Types.ServerTest" name="TooltipServiceWarning_Failover_LocalSSLError" />
    </UnitTest>
    <UnitTest name="TestPersistTilesAsync" storage="d:\actions-runner\_work\xpco\xpco\allsolutions\..\common\sc_commonfiles\zsc_commonfiles_unittest\bin\debug\net6.0-windows\zsc_commonfiles_unittest.dll" id="30615111-4d56-31e8-6884-f7dcdc0aad49">
      <Execution id="e24934e5-db94-46cc-b89c-28e2a14946c2" />
      <TestMethod codeBase="D:\actions-runner\_work\XPCO\XPCO\AllSolutions\..\Common\SC_CommonFiles\zSC_CommonFiles_UnitTest\bin\Debug\net6.0-windows\zSC_CommonFiles_UnitTest.dll" adapterTypeName="executor://mstestadapter/v2" className="zSC_CommonFiles_UnitTest.VideoOS.UI.Common.WPF.SystemDashboardUnitTests" name="TestPersistTilesAsync" />
    </UnitTest>
    <UnitTest name="Changing_Items_In_The_Middle_Works" storage="d:\actions-runner\_work\xpco\xpco\allsolutions\..\common\sc_commonfiles\zsc_commonfiles_unittest\bin\debug\net6.0-windows\zsc_commonfiles_unittest.dll" id="b8abe570-968b-bdd1-9711-285d9d0a6ba1">
      <Execution id="30c59aac-a7ec-420e-8981-85f84369b30d" />
      <TestMethod codeBase="D:\actions-runner\_work\XPCO\XPCO\AllSolutions\..\Common\SC_CommonFiles\zSC_CommonFiles_UnitTest\bin\Debug\net6.0-windows\zSC_CommonFiles_UnitTest.dll" adapterTypeName="executor://mstestadapter/v2" className="zSC_CommonFiles_UnitTest.VideoOS.UI.Common.WPF.Utils.ReadOnlyCollectionExtensionsTest" name="Changing_Items_In_The_Middle_Works" />
    </UnitTest>
    <UnitTest name="MeasureCounters_SetsTheCorrectInitialGpuInformation" storage="d:\actions-runner\_work\xpco\xpco\allsolutions\..\common\sc_commonfiles\zsc_commonfiles_unittest\bin\debug\net6.0-windows\zsc_commonfiles_unittest.dll" id="3a11b55c-2e4b-9de3-e429-e8e4d5b33710">
      <Execution id="3f2de04b-c395-462f-9b9e-ac0ca6e7a061" />
      <TestMethod codeBase="D:\actions-runner\_work\XPCO\XPCO\AllSolutions\..\Common\SC_CommonFiles\zSC_CommonFiles_UnitTest\bin\Debug\net6.0-windows\zSC_CommonFiles_UnitTest.dll" adapterTypeName="executor://mstestadapter/v2" className="zSC_CommonFiles_UnitTest.VideoOS.UI.Common.WPF.ClientDataGathererTests" name="MeasureCounters_SetsTheCorrectInitialGpuInformation" />
    </UnitTest>
    <UnitTest name="RoundToHour_Up" storage="d:\actions-runner\_work\xpco\xpco\allsolutions\..\common\sc_commonfiles\zsc_commonfiles_unittest\bin\debug\net6.0-windows\zsc_commonfiles_unittest.dll" id="d32054d7-3151-5a17-efe5-d560f827fbcf">
      <Execution id="0c41eb89-2eb4-461f-8d9e-ad3a7242372e" />
      <TestMethod codeBase="D:\actions-runner\_work\XPCO\XPCO\AllSolutions\..\Common\SC_CommonFiles\zSC_CommonFiles_UnitTest\bin\Debug\net6.0-windows\zSC_CommonFiles_UnitTest.dll" adapterTypeName="executor://mstestadapter/v2" className="zSC_CommonFiles_UnitTest.VideoOS.UI.Common.WPF.Utils.ExtensionMethods.DateTimeExtensionsTests" name="RoundToHour_Up" />
    </UnitTest>
    <UnitTest name="SequenceEquals_DifferentlySizedCollections_RespectOrder_SymmetricalFalseResult" storage="d:\actions-runner\_work\xpco\xpco\allsolutions\..\common\sc_commonfiles\zsc_commonfiles_unittest\bin\debug\net6.0-windows\zsc_commonfiles_unittest.dll" id="ca6d72ce-f71b-8ae1-85b8-7dccf00e0632">
      <Execution id="1da1f7d0-e71c-4797-a855-15250bbfe6d6" />
      <TestMethod codeBase="D:\actions-runner\_work\XPCO\XPCO\AllSolutions\..\Common\SC_CommonFiles\zSC_CommonFiles_UnitTest\bin\Debug\net6.0-windows\zSC_CommonFiles_UnitTest.dll" adapterTypeName="executor://mstestadapter/v2" className="zSC_CommonFiles_UnitTest.VideoOS.UI.Common.WPF.Utils.ObservableCollectionExtensionTest" name="SequenceEquals_DifferentlySizedCollections_RespectOrder_SymmetricalFalseResult" />
    </UnitTest>
    <UnitTest name="DoComboSelectionThrowsIfServerTypeIdIsNotAValidGuid" storage="d:\actions-runner\_work\xpco\xpco\allsolutions\..\common\sc_commonfiles\zsc_commonfiles_unittest\bin\debug\net6.0-windows\zsc_commonfiles_unittest.dll" id="2aca5760-5736-8fb2-f42a-c078d75461ed">
      <Execution id="8c2283f3-e930-49cb-8b11-43051d995739" />
      <TestMethod codeBase="D:\actions-runner\_work\XPCO\XPCO\AllSolutions\..\Common\SC_CommonFiles\zSC_CommonFiles_UnitTest\bin\Debug\net6.0-windows\zSC_CommonFiles_UnitTest.dll" adapterTypeName="executor://mstestadapter/v2" className="zSC_CommonFiles_UnitTest.DashboardTilesTests" name="DoComboSelectionThrowsIfServerTypeIdIsNotAValidGuid" />
    </UnitTest>
    <UnitTest name="RemoveAllFrameworkElementsOverlays_ShouldRemoveAllItems" storage="d:\actions-runner\_work\xpco\xpco\allsolutions\..\common\sc_commonfiles\zsc_commonfiles_unittest\bin\debug\net6.0-windows\zsc_commonfiles_unittest.dll" id="0f992a8c-5f2a-115c-5c24-adb0ecb69f62">
      <Execution id="3c99f8be-aeca-4d30-9b52-2a878d49066a" />
      <TestMethod codeBase="D:\actions-runner\_work\XPCO\XPCO\AllSolutions\..\Common\SC_CommonFiles\zSC_CommonFiles_UnitTest\bin\Debug\net6.0-windows\zSC_CommonFiles_UnitTest.dll" adapterTypeName="executor://mstestadapter/v2" className="zSC_CommonFiles_UnitTest.VideoOS.UI.Common.WPF.VideoPlayer.Model.FrameworkElementsOverlayModelTests" name="RemoveAllFrameworkElementsOverlays_ShouldRemoveAllItems" />
    </UnitTest>
    <UnitTest name="ItemHolder_SelectedToggleButton_MouseClick_Success" storage="d:\actions-runner\_work\xpco\xpco\allsolutions\..\common\sc_commonfiles\zsc_commonfiles_unittest\bin\debug\net6.0-windows\zsc_commonfiles_unittest.dll" id="21727a68-5514-e7fd-4cbf-85c9b79894da">
      <TestCategory>
        <TestCategoryItem TestCategory="SC_CommonFiles.WPF.TileLayout" />
      </TestCategory>
      <Execution id="35c79c8e-3974-4d43-8a04-2a7428f35612" />
      <TestMethod codeBase="D:\actions-runner\_work\XPCO\XPCO\AllSolutions\..\Common\SC_CommonFiles\zSC_CommonFiles_UnitTest\bin\Debug\net6.0-windows\zSC_CommonFiles_UnitTest.dll" adapterTypeName="executor://mstestadapter/v2" className="zSC_CommonFiles_UnitTest.VideoOS.UI.Common.WPF.TileLayout.TileLayoutTest" name="ItemHolder_SelectedToggleButton_MouseClick_Success" />
    </UnitTest>
    <UnitTest name="GetStates_NoSessionStarted_NoSession" storage="d:\actions-runner\_work\xpco\xpco\allsolutions\..\common\sc_commonfiles\zsc_commonfiles_unittest\bin\debug\net6.0-windows\zsc_commonfiles_unittest.dll" id="6cf7fdb3-260b-5bc9-89b2-d50224c7f7ac">
      <Execution id="5a137e84-b5a9-4410-a25a-4952399b4d04" />
      <TestMethod codeBase="D:\actions-runner\_work\XPCO\XPCO\AllSolutions\..\Common\SC_CommonFiles\zSC_CommonFiles_UnitTest\bin\Debug\net6.0-windows\zSC_CommonFiles_UnitTest.dll" adapterTypeName="executor://mstestadapter/v2" className="zSC_CommonFiles_UnitTest.VideoOS.Common.State.CameraStateManagerTests" name="GetStates_NoSessionStarted_NoSession" />
    </UnitTest>
    <UnitTest name="RoundToSecond_RoundDown" storage="d:\actions-runner\_work\xpco\xpco\allsolutions\..\common\sc_commonfiles\zsc_commonfiles_unittest\bin\debug\net6.0-windows\zsc_commonfiles_unittest.dll" id="39dbf18b-e14c-3648-f5ba-d9480b6b2143">
      <Execution id="4318852e-6770-47f9-a120-cf59bc9e04ab" />
      <TestMethod codeBase="D:\actions-runner\_work\XPCO\XPCO\AllSolutions\..\Common\SC_CommonFiles\zSC_CommonFiles_UnitTest\bin\Debug\net6.0-windows\zSC_CommonFiles_UnitTest.dll" adapterTypeName="executor://mstestadapter/v2" className="zSC_CommonFiles_UnitTest.VideoOS.UI.Common.WPF.Utils.ExtensionMethods.TimeSpanExtensionsTests" name="RoundToSecond_RoundDown" />
    </UnitTest>
  </TestDefinitions>
  <TestEntries>
    <TestEntry testId="9c6021a0-5c69-1d26-d3e6-3538913699de" executionId="5e23dec7-e2e6-4376-8e91-a70347f54f1c" testListId="8c84fa94-04c1-424b-9868-57a2d4851a1d" />
    <TestEntry testId="6cf7fdb3-260b-5bc9-89b2-d50224c7f7ac" executionId="5a137e84-b5a9-4410-a25a-4952399b4d04" testListId="8c84fa94-04c1-424b-9868-57a2d4851a1d" />
    <TestEntry testId="583152d9-d199-0061-6cfe-e7b3f5f54327" executionId="3f1402ee-8aaf-43ca-b836-db90cdee35dd" testListId="8c84fa94-04c1-424b-9868-57a2d4851a1d" />
    <TestEntry testId="28408d30-8448-8f9c-b04c-e7779e7625cc" executionId="0bc665cc-57f8-4c9b-9cf7-7c3eae155145" testListId="8c84fa94-04c1-424b-9868-57a2d4851a1d" />
    <TestEntry testId="e4efa2e9-6d62-0683-b9e7-1e5cf6253345" executionId="6f1a2362-bf99-4a97-a5d8-a589acec0dcc" testListId="8c84fa94-04c1-424b-9868-57a2d4851a1d" />
    <TestEntry testId="ce5d6351-00d4-a4e9-7df0-2fe2199468f7" executionId="050b8a24-8133-4c40-9bc6-8e3fca06a95a" testListId="8c84fa94-04c1-424b-9868-57a2d4851a1d" />
    <TestEntry testId="18e7f5ad-6f64-9e86-3f8d-3ffdc05df7e8" executionId="d785aa91-ff72-48fb-ba0f-e0218913faab" testListId="8c84fa94-04c1-424b-9868-57a2d4851a1d" />
    <TestEntry testId="d321e896-1c35-b87a-a0b5-276c58a0218b" executionId="083e62ef-46a7-49d7-bcff-3f62e37886eb" testListId="8c84fa94-04c1-424b-9868-57a2d4851a1d" />
    <TestEntry testId="95ce4bfb-8a8a-2e2d-8537-47c45d12d2d7" executionId="6da52a5c-9017-43e7-a38d-e3e677802acd" testListId="8c84fa94-04c1-424b-9868-57a2d4851a1d" />
    <TestEntry testId="84bf38e9-9144-dc3f-3fbb-788aeff94918" executionId="acc98b34-7dff-4b55-806c-86b3e62477dc" testListId="8c84fa94-04c1-424b-9868-57a2d4851a1d" />
    <TestEntry testId="24801bf2-63b2-04d1-d795-083a0ecbe814" executionId="0218cca7-511e-4952-b9ff-73190beb394a" testListId="8c84fa94-04c1-424b-9868-57a2d4851a1d" />
    <TestEntry testId="13a2427c-e785-ce2d-2d1c-b445eff86f81" executionId="9f7a302d-2f11-4122-8dad-2de62c7f4d89" testListId="8c84fa94-04c1-424b-9868-57a2d4851a1d" />
    <TestEntry testId="2feabfd6-0ffa-cf5e-b63d-1731ea803e6d" executionId="3c0cc7ef-f7b1-4a79-86d0-830e63a9078b" testListId="8c84fa94-04c1-424b-9868-57a2d4851a1d" />
    <TestEntry testId="a4f1aa92-0955-504e-be1f-a783fd5bf664" executionId="727e09aa-b2c7-4a89-ba44-fbd7e02e6d0a" testListId="8c84fa94-04c1-424b-9868-57a2d4851a1d" />
    <TestEntry testId="856c051c-051a-4b4c-bec5-8f02fddd04ae" executionId="80ae8a49-6770-484f-a155-f7194020148e" testListId="8c84fa94-04c1-424b-9868-57a2d4851a1d" />
    <TestEntry testId="0c965795-08e1-96ff-221c-6c48f278966b" executionId="518d3dde-1866-4633-98e6-b504629d2c88" testListId="8c84fa94-04c1-424b-9868-57a2d4851a1d" />
    <TestEntry testId="adb4be23-162a-8b95-3e02-bd423cdb5788" executionId="83ee2d48-f8b5-4ef8-bca1-c103c223ed7e" testListId="8c84fa94-04c1-424b-9868-57a2d4851a1d" />
    <TestEntry testId="89375aca-5b37-064f-74cf-5102a1c4ec81" executionId="5cc07800-50c0-4ecb-8e26-8e2117515026" testListId="8c84fa94-04c1-424b-9868-57a2d4851a1d" />
    <TestEntry testId="98ef8a3d-1657-a6ae-7eaf-dfb44be1b2e7" executionId="e04bc2c6-7cb8-43c6-bdb6-3a34ea3a2ea5" testListId="8c84fa94-04c1-424b-9868-57a2d4851a1d" />
    <TestEntry testId="7bd27d81-06b7-0043-ca3b-42b8a3ad840b" executionId="6c2a1346-234c-43c1-8707-d4680f8c1520" testListId="8c84fa94-04c1-424b-9868-57a2d4851a1d" />
    <TestEntry testId="1bd901f8-3f7d-e4b9-9350-b8e0d21cecdd" executionId="5fe9c10e-1811-49ff-8afe-ff2212401746" testListId="8c84fa94-04c1-424b-9868-57a2d4851a1d" />
    <TestEntry testId="968cb0b5-2676-6cd1-05ad-544228943f8e" executionId="c7db5b91-fce7-4491-88a4-09bdace3d87d" testListId="8c84fa94-04c1-424b-9868-57a2d4851a1d" />
    <TestEntry testId="52a29049-9c8e-815e-36f6-b6f14de4f7c1" executionId="54002f8f-6276-4db2-8371-2f35c1926401" testListId="8c84fa94-04c1-424b-9868-57a2d4851a1d" />
    <TestEntry testId="187b12dc-8a8d-a2dd-a376-a830b72404bd" executionId="4c9e4f1e-07e3-4e0c-b286-4a8a5cc66c00" testListId="8c84fa94-04c1-424b-9868-57a2d4851a1d" />
    <TestEntry testId="0ee94363-92bd-eb3e-d7fb-92ad8f9a8087" executionId="f53c2a34-b674-4dba-b137-1bdeb57b8346" testListId="8c84fa94-04c1-424b-9868-57a2d4851a1d" />
    <TestEntry testId="a0254ac5-3cdd-5371-614b-9e5a2dd1e775" executionId="a5ed710a-36c3-4eae-b091-8d25f8544bb2" testListId="8c84fa94-04c1-424b-9868-57a2d4851a1d" />
    <TestEntry testId="0cb85e0d-e620-5ffd-3a6f-c0a03dbcffb6" executionId="d284f0a4-1d76-43d5-9d6a-176ed7553b65" testListId="8c84fa94-04c1-424b-9868-57a2d4851a1d" />
    <TestEntry testId="6a9b6055-9055-6cdd-ce58-2c6f0ec341c2" executionId="0bdbc69f-ece4-4f75-ae0c-5db076629c60" testListId="8c84fa94-04c1-424b-9868-57a2d4851a1d" />
    <TestEntry testId="d01aff65-cc66-59d9-483c-ef58ff5b02b0" executionId="8a4c9b24-8170-46dd-80ae-cb9b07bdcf26" testListId="8c84fa94-04c1-424b-9868-57a2d4851a1d" />
    <TestEntry testId="3a686c1f-b102-e8a9-b329-09a0749c945a" executionId="b5fd2d31-bdaf-437b-b302-8f408a194f22" testListId="8c84fa94-04c1-424b-9868-57a2d4851a1d" />
    <TestEntry testId="5ec2fd00-c7ca-4cee-7758-7801f820c473" executionId="2678b17b-9f00-49ae-942f-57380f4c966a" testListId="8c84fa94-04c1-424b-9868-57a2d4851a1d" />
    <TestEntry testId="4f94cd28-33c0-a9f8-eb7e-0b5388f1fdc5" executionId="79b39965-d63a-41ec-af24-4684bcc43521" testListId="8c84fa94-04c1-424b-9868-57a2d4851a1d" />
    <TestEntry testId="70718e81-81f4-db7d-389b-91346f649480" executionId="0d42a581-9638-4bb7-a923-c14b26ca0cd7" testListId="8c84fa94-04c1-424b-9868-57a2d4851a1d" />
    <TestEntry testId="e47e5959-0404-6a12-bb2e-be035056d2fc" executionId="09a95230-578b-45cc-90d4-223a397e831a" testListId="8c84fa94-04c1-424b-9868-57a2d4851a1d" />
    <TestEntry testId="8c18207a-4a3c-8ee5-7129-6f35cbcaea2a" executionId="a1188469-00af-4307-bd29-0e4a950fda2b" testListId="8c84fa94-04c1-424b-9868-57a2d4851a1d" />
    <TestEntry testId="501c02cb-ac5f-5745-c75a-6cf52f922f62" executionId="716aeaa5-e13c-41f9-a272-2f23351aa078" testListId="8c84fa94-04c1-424b-9868-57a2d4851a1d" />
    <TestEntry testId="ba582828-87c0-f796-0108-b7c57cda86c7" executionId="966dc391-7421-40ac-9a08-10df3c3f6973" testListId="8c84fa94-04c1-424b-9868-57a2d4851a1d" />
    <TestEntry testId="b65ce05c-91af-c3db-9a3c-440082baa61d" executionId="44972f61-4f3a-49d0-967b-2c1027fb400a" testListId="8c84fa94-04c1-424b-9868-57a2d4851a1d" />
    <TestEntry testId="959b9c9e-d734-ce8a-a43a-d0fda79ec4d9" executionId="c6389bd1-a5aa-4b4b-99a0-73d9c6791ec8" testListId="8c84fa94-04c1-424b-9868-57a2d4851a1d" />
    <TestEntry testId="3fd0a529-448c-e9e0-7074-0b5c637ad7a8" executionId="b724f9fa-6cd5-432b-85a4-563f42b9baf8" testListId="8c84fa94-04c1-424b-9868-57a2d4851a1d" />
    <TestEntry testId="0a8ef08d-9dbb-9ec8-d4a3-65f99078cd81" executionId="900bad76-d91c-4822-aa4c-0e04f3254bf0" testListId="8c84fa94-04c1-424b-9868-57a2d4851a1d" />
    <TestEntry testId="09c48a42-9cc6-7c96-0386-069c96816ff0" executionId="5af0a281-503d-45e3-bd83-f55f5712ae4a" testListId="8c84fa94-04c1-424b-9868-57a2d4851a1d" />
    <TestEntry testId="192bc75c-0987-6d84-ba23-75d2871c7fb0" executionId="029ef5a2-966a-46b1-9c2d-712a37c346e6" testListId="8c84fa94-04c1-424b-9868-57a2d4851a1d" />
    <TestEntry testId="d0c56151-9eb1-435a-613d-6b16219b3912" executionId="38652e98-8993-4aed-8514-bb88bf209279" testListId="8c84fa94-04c1-424b-9868-57a2d4851a1d" />
    <TestEntry testId="8d3a13e4-7529-dcc7-acab-a47c8e85a381" executionId="aebb5b57-9bbe-41b0-8605-5fd9e180a234" testListId="8c84fa94-04c1-424b-9868-57a2d4851a1d" />
    <TestEntry testId="4c169ed1-2ceb-3ce5-de75-44f39814124d" executionId="6e2af08d-b26d-4b20-882b-e6ab8cfa688e" testListId="8c84fa94-04c1-424b-9868-57a2d4851a1d" />
    <TestEntry testId="87c36423-3ba7-fe8e-7a2d-f8a7fdd246be" executionId="866360fe-2046-4e74-a2b7-8f4d1f04e115" testListId="8c84fa94-04c1-424b-9868-57a2d4851a1d" />
    <TestEntry testId="33919fac-e25b-5982-05db-e9034087e4af" executionId="a4e73c60-cbba-41f6-8273-82eb1aa5bc02" testListId="8c84fa94-04c1-424b-9868-57a2d4851a1d" />
    <TestEntry testId="f5cf44f1-55f9-84ba-0c1d-f402f9b081e8" executionId="a4e72420-2d90-4529-a7b6-1b742c795b2d" testListId="8c84fa94-04c1-424b-9868-57a2d4851a1d" />
    <TestEntry testId="a77657a1-a493-b15e-b5c4-9e5ce796a8ee" executionId="cf39f31a-2a14-4185-9f64-21c7ad1e0fa2" testListId="8c84fa94-04c1-424b-9868-57a2d4851a1d" />
    <TestEntry testId="14a1f95e-78fa-735f-e1e1-62755f5e4ea3" executionId="697a9a77-fa9a-4029-a5f7-2ad95da24353" testListId="8c84fa94-04c1-424b-9868-57a2d4851a1d" />
    <TestEntry testId="e1c70711-e4bc-fec3-f088-e58c3b0e3088" executionId="ba3decfb-4045-4543-a7a2-a7dfec1fa3a6" testListId="8c84fa94-04c1-424b-9868-57a2d4851a1d" />
    <TestEntry testId="bc77ee0c-1b15-15e6-cc3d-5cb4ade23cbd" executionId="2d2f5b5e-ccb8-4a46-bb52-ecbdb7db5e88" testListId="8c84fa94-04c1-424b-9868-57a2d4851a1d" />
    <TestEntry testId="edd04f72-e846-3536-4d16-cb04e8460e6b" executionId="98a4aa24-1dd5-4913-bf33-9ed5c40a6091" testListId="8c84fa94-04c1-424b-9868-57a2d4851a1d" />
    <TestEntry testId="6be2a7ca-9e0f-738a-b561-fdbbb35486e2" executionId="f98d932d-dc11-4339-8fc7-254eb5f5d2a1" testListId="8c84fa94-04c1-424b-9868-57a2d4851a1d" />
    <TestEntry testId="096497aa-f877-ca92-6ca3-eb3764bf4357" executionId="84b644d1-8787-4b59-a931-e39e5f828a11" testListId="8c84fa94-04c1-424b-9868-57a2d4851a1d" />
    <TestEntry testId="75ddff72-1da7-7256-0e4d-9208c0d7b717" executionId="60d580f8-ba79-4bd4-b649-9282436e6b54" testListId="8c84fa94-04c1-424b-9868-57a2d4851a1d" />
    <TestEntry testId="cbe296a6-601b-dd72-bc79-8548a0abe9dd" executionId="2d67eb27-4b9c-4281-91d2-fba83044c70f" testListId="8c84fa94-04c1-424b-9868-57a2d4851a1d" />
    <TestEntry testId="bb65ea30-4ccc-91b1-efbb-715f93a6d534" executionId="e80d9f01-7d53-4670-aa6b-febba8d41357" testListId="8c84fa94-04c1-424b-9868-57a2d4851a1d" />
    <TestEntry testId="4c2c17d3-0b22-1bad-fc18-dfc6e618f39b" executionId="26801e1b-6e76-41d5-9320-1476f903b8f4" testListId="8c84fa94-04c1-424b-9868-57a2d4851a1d" />
    <TestEntry testId="ac7da09a-9c21-96d1-0628-e57364e271db" executionId="443d48a8-8a27-450a-872a-8eaf6dafc526" testListId="8c84fa94-04c1-424b-9868-57a2d4851a1d" />
    <TestEntry testId="78d8640f-f64c-e788-cbb5-62b4d5593dba" executionId="e57fa326-5dbd-4f65-8ea4-c239bbd918b9" testListId="8c84fa94-04c1-424b-9868-57a2d4851a1d" />
    <TestEntry testId="704cc4f9-442e-9c30-b5d7-b60631e124cf" executionId="7338c4b4-21bc-46dc-887f-bc77ed489fbc" testListId="8c84fa94-04c1-424b-9868-57a2d4851a1d" />
    <TestEntry testId="3c8c7252-b903-0c1c-e35f-58aec4759494" executionId="1e6e44f6-26c7-4988-b1dc-0b1e01c1ce3e" testListId="8c84fa94-04c1-424b-9868-57a2d4851a1d" />
    <TestEntry testId="3b2d2dcf-dfa8-bcce-057a-1c433d9c6c08" executionId="95e16432-bc77-4f02-83a1-70015dfcb242" testListId="8c84fa94-04c1-424b-9868-57a2d4851a1d" />
    <TestEntry testId="ca6d72ce-f71b-8ae1-85b8-7dccf00e0632" executionId="1da1f7d0-e71c-4797-a855-15250bbfe6d6" testListId="8c84fa94-04c1-424b-9868-57a2d4851a1d" />
    <TestEntry testId="459463df-7b24-1834-e524-ebc8eb49d9bc" executionId="7e3fbaae-507a-447f-9711-f4642b3c488b" testListId="8c84fa94-04c1-424b-9868-57a2d4851a1d" />
    <TestEntry testId="d5c0e485-765d-c99d-60c1-f669baa2c385" executionId="aa7a779c-01e2-4e96-a705-d11653206379" testListId="8c84fa94-04c1-424b-9868-57a2d4851a1d" />
    <TestEntry testId="c7b24253-640c-715b-788e-d204a9314e7e" executionId="65160069-95c9-4edb-8a64-86922597215b" testListId="8c84fa94-04c1-424b-9868-57a2d4851a1d" />
    <TestEntry testId="74add8a2-d9f3-2054-f072-e9237767895b" executionId="1ce2ef12-74d7-4477-9b62-51e62e8cab81" testListId="8c84fa94-04c1-424b-9868-57a2d4851a1d" />
    <TestEntry testId="bf21cb13-4f33-4868-5185-223274a7024a" executionId="bc188215-d864-4671-a222-4cedf7c14939" testListId="8c84fa94-04c1-424b-9868-57a2d4851a1d" />
    <TestEntry testId="41441101-47ad-5d05-d82c-2bfa6a698b36" executionId="e2cf2640-90d3-4036-a09e-f50a666240fb" testListId="8c84fa94-04c1-424b-9868-57a2d4851a1d" />
    <TestEntry testId="8d2e4a94-ff96-e137-7aa1-856c2b177202" executionId="bc9d6fb7-b8bf-4b8f-95c9-dbddb500ae26" testListId="8c84fa94-04c1-424b-9868-57a2d4851a1d" />
    <TestEntry testId="93774d2d-144b-7040-611e-7e563672ebaa" executionId="1d7d358a-65fe-4a83-9c9d-f29e8329588f" testListId="8c84fa94-04c1-424b-9868-57a2d4851a1d" />
    <TestEntry testId="3a13def5-4099-72b0-8c0e-420253783341" executionId="f8be0c31-20d1-494b-8fda-6d51a2f608b8" testListId="8c84fa94-04c1-424b-9868-57a2d4851a1d" />
    <TestEntry testId="a219a971-ee6f-7138-7f95-5ebe25d5d446" executionId="c26eeff7-f9f2-4150-a625-549a4be05f7e" testListId="8c84fa94-04c1-424b-9868-57a2d4851a1d" />
    <TestEntry testId="ed71c039-25d2-86e6-ce2e-7f7815b19541" executionId="988fbf00-8a13-4988-96a9-d3bc18b384a2" testListId="8c84fa94-04c1-424b-9868-57a2d4851a1d" />
    <TestEntry testId="ff05611d-fdda-b2a8-4bf8-b702f180c253" executionId="2fab885c-ea6d-4534-a20c-4d253d38132f" testListId="8c84fa94-04c1-424b-9868-57a2d4851a1d" />
    <TestEntry testId="7f0c527e-e0ba-a3e5-7988-c20f8f846917" executionId="aa286cf8-7cbc-4990-bf56-0126e1c8f087" testListId="8c84fa94-04c1-424b-9868-57a2d4851a1d" />
    <TestEntry testId="e959378d-d0fd-4d49-0362-8d51b28a1ec4" executionId="c895614c-5fec-4e45-9c79-5740e0b2c46e" testListId="8c84fa94-04c1-424b-9868-57a2d4851a1d" />
    <TestEntry testId="31287f75-c0f1-e036-018c-5c569b7613eb" executionId="729cdb04-79e6-42cb-8c3a-27effff07a7b" testListId="8c84fa94-04c1-424b-9868-57a2d4851a1d" />
    <TestEntry testId="7f7d1819-d3c3-0c1a-31f2-188e1a6b0674" executionId="47f9ec43-df4d-43b6-a959-59196e166995" testListId="8c84fa94-04c1-424b-9868-57a2d4851a1d" />
    <TestEntry testId="3310872c-02b1-3a9f-d890-3c3dc06b553c" executionId="03d239a0-3d8b-4d1b-b13d-a2b7dd25dd20" testListId="8c84fa94-04c1-424b-9868-57a2d4851a1d" />
    <TestEntry testId="38f8f45d-602d-9fe2-6af1-7d834fd278db" executionId="617c7c90-481a-4454-bb0f-72eef0fde973" testListId="8c84fa94-04c1-424b-9868-57a2d4851a1d" />
    <TestEntry testId="c5d5c0bb-f780-e550-d703-b15880279a9f" executionId="59151200-ef4a-456a-912a-504b29476e7e" testListId="8c84fa94-04c1-424b-9868-57a2d4851a1d" />
    <TestEntry testId="c93e1fde-ba93-9054-d493-30af75ea0b03" executionId="c48a395b-f446-4277-ab21-6a1b08a678a5" testListId="8c84fa94-04c1-424b-9868-57a2d4851a1d" />
    <TestEntry testId="12c318f1-025e-56db-70fc-391decd83ddf" executionId="6b9283f2-26af-4f18-9bb5-cfba82d4c3ed" testListId="8c84fa94-04c1-424b-9868-57a2d4851a1d" />
    <TestEntry testId="2bf7024d-c9a8-0f52-01c6-a02fd7b7c6c8" executionId="7c0973d4-72fc-436e-b4b6-490f622b7b78" testListId="8c84fa94-04c1-424b-9868-57a2d4851a1d" />
    <TestEntry testId="1a9ef545-ced5-a479-15d2-22e0772b422a" executionId="9a8e6127-5e8d-4613-9858-a46b1a74e016" testListId="8c84fa94-04c1-424b-9868-57a2d4851a1d" />
    <TestEntry testId="9e746348-f3a7-2f41-9d29-e3b583264792" executionId="291a113c-2ab8-4caa-b70d-e02546b18c47" testListId="8c84fa94-04c1-424b-9868-57a2d4851a1d" />
    <TestEntry testId="8ca24930-13c2-9054-276b-c0c9a4d03ea7" executionId="23806fd5-1a4f-4e24-a65d-df4bb9d3bce1" testListId="8c84fa94-04c1-424b-9868-57a2d4851a1d" />
    <TestEntry testId="c3eb088b-e534-d6fa-e2f7-38f7fde309c3" executionId="a8056e13-6e74-408f-83ce-4bef90561729" testListId="8c84fa94-04c1-424b-9868-57a2d4851a1d" />
    <TestEntry testId="ea980a94-f888-1c61-339c-f499bb9324bc" executionId="bce02a56-99c4-4877-9bb3-70bd023927f0" testListId="8c84fa94-04c1-424b-9868-57a2d4851a1d" />
    <TestEntry testId="7cbfb0f2-220f-3c70-4132-45e5c8965201" executionId="60e072ab-52f1-48ff-8f0b-be8ff92f9a19" testListId="8c84fa94-04c1-424b-9868-57a2d4851a1d" />
    <TestEntry testId="00128a49-1d90-04d8-005b-b12d7a997cf3" executionId="7da52480-9d95-43d8-9e7d-26af46a370d5" testListId="8c84fa94-04c1-424b-9868-57a2d4851a1d" />
    <TestEntry testId="76a3a4c2-b730-8445-7c90-0d70d705d3b2" executionId="20416291-e1b5-4974-806e-a610c6bdbaa4" testListId="8c84fa94-04c1-424b-9868-57a2d4851a1d" />
    <TestEntry testId="661c40ac-bb0a-5c56-01a5-d53b34f19b38" executionId="ad0d12ae-9037-4d00-971c-222f9279023b" testListId="8c84fa94-04c1-424b-9868-57a2d4851a1d" />
    <TestEntry testId="441a4176-3f9e-7fdb-d742-3ee7574fadc4" executionId="b4750482-cfc5-40f4-94a0-d5f2491429bc" testListId="8c84fa94-04c1-424b-9868-57a2d4851a1d" />
    <TestEntry testId="75b02970-aa24-70a3-87c6-08d86ea85974" executionId="c2b20e6a-b2e7-4fa6-9f03-644e000c1b26" testListId="8c84fa94-04c1-424b-9868-57a2d4851a1d" />
    <TestEntry testId="b722671b-5697-c030-4a64-cd7cdd00f422" executionId="8e20f5f1-1ab9-486f-896f-d9b4c327aa96" testListId="8c84fa94-04c1-424b-9868-57a2d4851a1d" />
    <TestEntry testId="2b14ff95-cabe-8a3e-8e5c-8673fcb142c5" executionId="e0b4b9e0-c462-4aec-8832-9413d5456b9f" testListId="8c84fa94-04c1-424b-9868-57a2d4851a1d" />
    <TestEntry testId="6e65f41d-fe2d-ee70-9028-5945410fb292" executionId="ab782c25-de7f-433c-8189-8e922a84a373" testListId="8c84fa94-04c1-424b-9868-57a2d4851a1d" />
    <TestEntry testId="d8e63543-1f0c-4f29-79c8-6459f1072b63" executionId="324dff04-2eb2-4855-8625-56d723f22f9b" testListId="8c84fa94-04c1-424b-9868-57a2d4851a1d" />
    <TestEntry testId="99ffc01d-6d47-54d4-118d-67b642c0d057" executionId="83bf1f8b-63d9-4145-afc5-b56e330f6ee7" testListId="8c84fa94-04c1-424b-9868-57a2d4851a1d" />
    <TestEntry testId="d94fec79-4b64-232e-e01f-dd0b26b0effe" executionId="2784b0e3-daa3-4105-a078-fd67770baa55" testListId="8c84fa94-04c1-424b-9868-57a2d4851a1d" />
    <TestEntry testId="3b223dd9-b4de-6435-8d9f-fb5af0ea22bc" executionId="52668951-63f0-4c74-b847-2f10ba52191b" testListId="8c84fa94-04c1-424b-9868-57a2d4851a1d" />
    <TestEntry testId="e7fe4176-e00b-74b7-50f4-595529010ad0" executionId="19f05b46-b183-455a-ab4b-9295af837c84" testListId="8c84fa94-04c1-424b-9868-57a2d4851a1d" />
    <TestEntry testId="b6fd8020-db5d-f64a-77cc-9352b31e97f8" executionId="18b54b79-54b3-41f2-9ba8-91b8924ef366" testListId="8c84fa94-04c1-424b-9868-57a2d4851a1d" />
    <TestEntry testId="586aa199-8ad2-c267-31e0-7d856afcab20" executionId="dfb663ce-eb57-4aa0-a8aa-b6a123448c8e" testListId="8c84fa94-04c1-424b-9868-57a2d4851a1d" />
    <TestEntry testId="fb8d16f8-d393-a6c5-f7cb-47543546127a" executionId="8acbc789-048c-4e5c-bf07-9292ae3a4257" testListId="8c84fa94-04c1-424b-9868-57a2d4851a1d" />
    <TestEntry testId="a0a697d6-c6a3-5a08-d701-7b26e299e138" executionId="b8d9ee95-5013-4e32-bb69-275acc0c0417" testListId="8c84fa94-04c1-424b-9868-57a2d4851a1d" />
    <TestEntry testId="669c2664-9e93-7539-3901-e5233189df70" executionId="0c1464c5-ab0e-4ffd-818b-a30b21960cc1" testListId="8c84fa94-04c1-424b-9868-57a2d4851a1d" />
    <TestEntry testId="3e5839e2-2685-aaaf-8dd6-2d9da7f4f9a8" executionId="d71416d1-ca1e-46c9-babf-63b6508f90e5" testListId="8c84fa94-04c1-424b-9868-57a2d4851a1d" />
    <TestEntry testId="7e8a853c-5510-8468-d824-0047ef588b74" executionId="ddfe2b0a-e47c-40dd-bb7e-2da297f57bd1" testListId="8c84fa94-04c1-424b-9868-57a2d4851a1d" />
    <TestEntry testId="958cf364-23eb-e2d5-f664-d61945c55467" executionId="e44ba2e8-67d4-4d45-9a95-72ea75685457" testListId="8c84fa94-04c1-424b-9868-57a2d4851a1d" />
    <TestEntry testId="535b5010-34ee-7c3d-315a-1071e5381898" executionId="c10b83c4-d755-4cc6-afca-0565029616e8" testListId="8c84fa94-04c1-424b-9868-57a2d4851a1d" />
    <TestEntry testId="8a554420-2901-ce60-a106-99e771204384" executionId="d1f9d2b4-da49-43ed-a895-2729a8db48fb" testListId="8c84fa94-04c1-424b-9868-57a2d4851a1d" />
    <TestEntry testId="21727a68-5514-e7fd-4cbf-85c9b79894da" executionId="35c79c8e-3974-4d43-8a04-2a7428f35612" testListId="8c84fa94-04c1-424b-9868-57a2d4851a1d" />
    <TestEntry testId="9e8c12e8-27ef-31c9-ca23-5d60c890c874" executionId="1e198c5a-66d4-4fb4-a675-85aba49969b3" testListId="8c84fa94-04c1-424b-9868-57a2d4851a1d" />
    <TestEntry testId="e1f855c8-36b9-4274-1f3f-20a1e21c5404" executionId="4d7238ad-012e-433f-abb3-edacfdcc255d" testListId="8c84fa94-04c1-424b-9868-57a2d4851a1d" />
    <TestEntry testId="255725f3-62ba-63bd-b914-0cdfd4638d83" executionId="698b86b6-b618-4a73-9080-6a6d44c5224a" testListId="8c84fa94-04c1-424b-9868-57a2d4851a1d" />
    <TestEntry testId="0b0e0ad1-c995-9403-bc1c-5f3fb5cc273a" executionId="94e17d5d-817d-4d30-9e9d-8119ed1d67e8" testListId="8c84fa94-04c1-424b-9868-57a2d4851a1d" />
    <TestEntry testId="51395a71-b567-dc86-b950-ec06701415e4" executionId="b854751a-d57f-4559-b39e-ba085cd4b13d" testListId="8c84fa94-04c1-424b-9868-57a2d4851a1d" />
    <TestEntry testId="e0165201-5cdb-4323-41c0-fe10a5054fb9" executionId="0b708d27-d50a-4c2f-9895-812d189f3a91" testListId="8c84fa94-04c1-424b-9868-57a2d4851a1d" />
    <TestEntry testId="16c91d34-e916-3d59-f51a-4f9b85399289" executionId="27e86a70-1a85-4742-82c1-0c8acd0d381e" testListId="8c84fa94-04c1-424b-9868-57a2d4851a1d" />
    <TestEntry testId="a40e30ee-4537-9698-9f88-45700d1ef781" executionId="c147d592-0999-48b4-a174-c4ff7488b60f" testListId="8c84fa94-04c1-424b-9868-57a2d4851a1d" />
    <TestEntry testId="9055d3e9-2242-b78d-4e5e-551084a63cc0" executionId="c34a8f18-b492-488d-984a-f2fe6a662571" testListId="8c84fa94-04c1-424b-9868-57a2d4851a1d" />
    <TestEntry testId="12ac6e7d-4dc0-7730-a820-51b345ac71e7" executionId="d8645b54-a441-4f65-b109-3bca3923b419" testListId="8c84fa94-04c1-424b-9868-57a2d4851a1d" />
    <TestEntry testId="8e17e180-a6fb-9c35-ec45-dff245336c94" executionId="5091746d-fd11-42aa-ae22-0a181b98af1d" testListId="8c84fa94-04c1-424b-9868-57a2d4851a1d" />
    <TestEntry testId="4f39f42c-bd61-1d3b-a9d4-94ed188e9ad5" executionId="8f1ca3f3-a47f-42a9-be74-7d4c8e81d996" testListId="8c84fa94-04c1-424b-9868-57a2d4851a1d" />
    <TestEntry testId="91452546-d657-4c1c-6138-277aca7ba885" executionId="a01f4e40-4afb-4af9-906a-f4f4dcd046da" testListId="8c84fa94-04c1-424b-9868-57a2d4851a1d" />
    <TestEntry testId="e06e61ed-13a4-6147-16b5-ee8c50cfb777" executionId="f0e67a6e-8977-408c-be08-437e0725fad0" testListId="8c84fa94-04c1-424b-9868-57a2d4851a1d" />
    <TestEntry testId="e245fb45-69ee-13c5-5051-f3d423a730df" executionId="5d4ce657-0bd8-478d-a16e-57f7013a4722" testListId="8c84fa94-04c1-424b-9868-57a2d4851a1d" />
    <TestEntry testId="ab1319d7-a2c3-e991-b6a2-1cf10c8be090" executionId="c1c1c96b-2249-4930-85d3-4edddb3beb03" testListId="8c84fa94-04c1-424b-9868-57a2d4851a1d" />
    <TestEntry testId="76bac099-ab90-0ad5-557d-efa1c929ace3" executionId="b04f8524-25e0-4346-afbc-64ac5bb4a596" testListId="8c84fa94-04c1-424b-9868-57a2d4851a1d" />
    <TestEntry testId="5f23c18d-428e-08d4-6861-aed4128bbfb5" executionId="b4c0231f-cbf9-4ae1-bb3a-f22e9d75b0bd" testListId="8c84fa94-04c1-424b-9868-57a2d4851a1d" />
    <TestEntry testId="c9c040fb-43ed-370d-2782-b2d5defe722d" executionId="cd39b50d-efb7-4ed9-acec-8e83f826b74f" testListId="8c84fa94-04c1-424b-9868-57a2d4851a1d" />
    <TestEntry testId="76a2e345-aae7-9b1e-7fd6-6ac6ca32b74e" executionId="e8bcf025-b376-48cb-94d7-5603488980c4" testListId="8c84fa94-04c1-424b-9868-57a2d4851a1d" />
    <TestEntry testId="d78750b2-ef6e-b941-b3e8-5db7115013c1" executionId="75295e25-f599-4d43-91d6-094339832785" testListId="8c84fa94-04c1-424b-9868-57a2d4851a1d" />
    <TestEntry testId="8d4c082a-f9d0-c638-ed0b-343bc5cdce37" executionId="392fb751-b119-486f-9877-2739b8cf2991" testListId="8c84fa94-04c1-424b-9868-57a2d4851a1d" />
    <TestEntry testId="eff56118-333e-58bc-c876-e39cbb7e3925" executionId="44b749c4-d853-4583-8c3d-603bfe095e90" testListId="8c84fa94-04c1-424b-9868-57a2d4851a1d" />
    <TestEntry testId="b898ad5d-e738-1d64-d2c4-772f55ed34ea" executionId="b5f54d78-c773-48fc-856f-95062ace3a54" testListId="8c84fa94-04c1-424b-9868-57a2d4851a1d" />
    <TestEntry testId="0f992a8c-5f2a-115c-5c24-adb0ecb69f62" executionId="3c99f8be-aeca-4d30-9b52-2a878d49066a" testListId="8c84fa94-04c1-424b-9868-57a2d4851a1d" />
    <TestEntry testId="4cc8300a-eeed-c2e1-d868-e1046399c3e2" executionId="d2cfd19d-e3f6-4873-810d-e97b78da0843" testListId="8c84fa94-04c1-424b-9868-57a2d4851a1d" />
    <TestEntry testId="dfdaa8e6-900c-926b-6ac3-82e2d0119e60" executionId="816003fc-a2f4-4bdd-99dd-055141f12466" testListId="8c84fa94-04c1-424b-9868-57a2d4851a1d" />
    <TestEntry testId="86511367-20e7-9ea5-808a-c86846f8f9e3" executionId="4d272143-5e01-474d-a7e0-e779c2eff9e7" testListId="8c84fa94-04c1-424b-9868-57a2d4851a1d" />
    <TestEntry testId="6cb4c9a0-0faa-e5bf-8132-58751189c459" executionId="2823123a-6993-441c-a36e-d791c94abace" testListId="8c84fa94-04c1-424b-9868-57a2d4851a1d" />
    <TestEntry testId="4d104602-0dda-c899-6d83-d5aa637c46a2" executionId="92e9194f-d523-4bb5-a8ac-00bc12b23956" testListId="8c84fa94-04c1-424b-9868-57a2d4851a1d" />
    <TestEntry testId="1f62d143-3147-647f-0581-911ba09941ed" executionId="b8f5b388-6ac9-4abd-a3eb-fd7cda4d0d39" testListId="8c84fa94-04c1-424b-9868-57a2d4851a1d" />
    <TestEntry testId="406127ab-b342-e721-d286-823ee31b0fbc" executionId="8068306e-d639-472a-a94d-1497588b86e5" testListId="8c84fa94-04c1-424b-9868-57a2d4851a1d" />
    <TestEntry testId="a8dd4421-721b-7464-1ec7-7a0950dbe7f2" executionId="bf60fd3e-b503-4d01-91e9-ea31dfac7b09" testListId="8c84fa94-04c1-424b-9868-57a2d4851a1d" />
    <TestEntry testId="db062b49-88de-b8f8-9ca6-8a07ff86d1c6" executionId="32cbb8e7-5e9f-4bdf-819a-c76ba360d79f" testListId="8c84fa94-04c1-424b-9868-57a2d4851a1d" />
    <TestEntry testId="dbbf39a1-557e-8113-cb77-f2aa3140bfbd" executionId="1383faf6-b1a4-44e5-96e1-655892c9835d" testListId="8c84fa94-04c1-424b-9868-57a2d4851a1d" />
    <TestEntry testId="3e8485c9-a7cd-7c8f-f394-cfd45a272654" executionId="6a7def9f-5bc6-49d3-a641-304af4f4810b" testListId="8c84fa94-04c1-424b-9868-57a2d4851a1d" />
    <TestEntry testId="f9fd199c-9720-ab0c-f9a1-3482c7ab7054" executionId="791326e1-c703-4bf1-ae8c-1196bf5d4cbe" testListId="8c84fa94-04c1-424b-9868-57a2d4851a1d" />
    <TestEntry testId="31fd8fc3-155f-83fd-baeb-6572fbd4102c" executionId="6e5ac6ef-ad34-4a96-9a09-b249949a5f04" testListId="8c84fa94-04c1-424b-9868-57a2d4851a1d" />
    <TestEntry testId="dbce7785-0027-ceda-950a-0631c1c23a9b" executionId="54de67e4-b73d-4986-895a-5288e892eb79" testListId="8c84fa94-04c1-424b-9868-57a2d4851a1d" />
    <TestEntry testId="5791d93f-2ea0-ebcc-a300-0da5e771609b" executionId="d7719d0c-6efb-4795-a0c1-729c9ffc2c8a" testListId="8c84fa94-04c1-424b-9868-57a2d4851a1d" />
    <TestEntry testId="cef7f277-5dc3-b0b8-eda4-af499be481dc" executionId="d705a41b-a65d-43ae-a299-7b2053371664" testListId="8c84fa94-04c1-424b-9868-57a2d4851a1d" />
    <TestEntry testId="9c1495d5-6651-ae8f-908a-bfaa0ece52f3" executionId="608fa022-384f-4ef8-82df-579074f9eb2a" testListId="8c84fa94-04c1-424b-9868-57a2d4851a1d" />
    <TestEntry testId="fc42ecd1-8c72-c445-ea96-97544145f9ab" executionId="91fd83af-b161-4dfa-850e-73aeb487a5f7" testListId="8c84fa94-04c1-424b-9868-57a2d4851a1d" />
    <TestEntry testId="a53bc742-1aa6-1112-cd67-7bd1ef336fc4" executionId="a1ac874f-f7fb-4be6-9fa4-0b0d5f70a3e3" testListId="8c84fa94-04c1-424b-9868-57a2d4851a1d" />
    <TestEntry testId="bff954f8-e2d5-b0a0-fd97-8dd0ad93ed5a" executionId="01373fbb-cb84-4490-a71a-37db186f83f6" testListId="8c84fa94-04c1-424b-9868-57a2d4851a1d" />
    <TestEntry testId="ed486ee2-750d-c7b9-06cc-eb3021382eda" executionId="14e3f2e7-5f2f-4780-a3dc-4c5cb6488ac4" testListId="8c84fa94-04c1-424b-9868-57a2d4851a1d" />
    <TestEntry testId="6bf27e89-1adf-d0e5-6e64-45ecd4ed017f" executionId="e6ceda20-3d8d-4667-87d8-4809d55c54d1" testListId="8c84fa94-04c1-424b-9868-57a2d4851a1d" />
    <TestEntry testId="a54e380b-42dc-d3a2-3d9d-8dd53d65fcd3" executionId="12f98789-ccfa-4dae-a9f6-7ba3fe3d97a6" testListId="8c84fa94-04c1-424b-9868-57a2d4851a1d" />
    <TestEntry testId="ce44940c-50be-b7ab-4e00-61b9f154d25c" executionId="3b32b583-4ebd-48d3-b3ef-6d4d18f13de1" testListId="8c84fa94-04c1-424b-9868-57a2d4851a1d" />
    <TestEntry testId="9bbc1906-5daa-9c01-5fbd-04abcb77a4b4" executionId="969405f8-aa7f-4cca-a489-500b6451d99c" testListId="8c84fa94-04c1-424b-9868-57a2d4851a1d" />
    <TestEntry testId="f182b61b-da52-b9d6-afe0-3488a377d621" executionId="039cc696-0e8a-45b2-aa5d-fd986ad20696" testListId="8c84fa94-04c1-424b-9868-57a2d4851a1d" />
    <TestEntry testId="af38776a-6751-f268-5d04-8090b4d28593" executionId="0d9588de-d1f2-4985-804a-3d151ff636fd" testListId="8c84fa94-04c1-424b-9868-57a2d4851a1d" />
    <TestEntry testId="3a11b55c-2e4b-9de3-e429-e8e4d5b33710" executionId="3f2de04b-c395-462f-9b9e-ac0ca6e7a061" testListId="8c84fa94-04c1-424b-9868-57a2d4851a1d" />
    <TestEntry testId="bcf043e2-e23c-d4b1-e8df-ddcfaf2c6564" executionId="5ad44596-151b-4bff-b315-7b8bbcb01950" testListId="8c84fa94-04c1-424b-9868-57a2d4851a1d" />
    <TestEntry testId="7afa246b-f4b2-fc5f-fe61-fe719713919d" executionId="890fbf5e-f2ab-4aa9-8ef8-f196def90efb" testListId="8c84fa94-04c1-424b-9868-57a2d4851a1d" />
    <TestEntry testId="9d6748d3-43a8-fd2d-d4c5-a0b3805774ee" executionId="219617ab-0e8f-44ac-8e0f-54b6185e73c2" testListId="8c84fa94-04c1-424b-9868-57a2d4851a1d" />
    <TestEntry testId="d3834f26-d7ff-018a-555c-a0be35190a28" executionId="3eaac8ac-c2bb-4fcf-8daf-5dedb8f842b3" testListId="8c84fa94-04c1-424b-9868-57a2d4851a1d" />
    <TestEntry testId="298c066a-2f38-5d22-8d3d-0de208425162" executionId="0b77ad15-5bd9-4797-ab24-0f1e1921c86c" testListId="8c84fa94-04c1-424b-9868-57a2d4851a1d" />
    <TestEntry testId="569900d4-58ce-d7ba-87cf-ed8c555e623f" executionId="1f926a56-63e0-4dab-ac7f-5b54ccc2fe2a" testListId="8c84fa94-04c1-424b-9868-57a2d4851a1d" />
    <TestEntry testId="b8e97d03-ef15-901d-1e9d-db40f54cbfb0" executionId="56e8ae28-1927-409b-8806-bf59f9265bf3" testListId="8c84fa94-04c1-424b-9868-57a2d4851a1d" />
    <TestEntry testId="517e03e4-4abb-9810-ab6e-fc1b74f3e022" executionId="9f255905-1859-44e2-8276-fbed4a600f78" testListId="8c84fa94-04c1-424b-9868-57a2d4851a1d" />
    <TestEntry testId="9f21fd60-dc5f-a407-0a71-dc6ac4edd3a8" executionId="06b7826c-22e4-44ce-a1f7-f233db8cfe21" testListId="8c84fa94-04c1-424b-9868-57a2d4851a1d" />
    <TestEntry testId="ef941c35-94f0-1c6b-ae1b-3d9480badfe1" executionId="abe1ef47-a955-4b13-9f82-84ac1d31283d" testListId="8c84fa94-04c1-424b-9868-57a2d4851a1d" />
    <TestEntry testId="f02c80b8-49d2-fc2d-4c9d-16620ea9d887" executionId="91fdbba9-d1ad-4ccb-b468-1c8f6b88da8d" testListId="8c84fa94-04c1-424b-9868-57a2d4851a1d" />
    <TestEntry testId="98ecfc2f-a242-ec20-0f52-a34da70ff901" executionId="60989760-5c10-43d0-adcb-757716e65458" testListId="8c84fa94-04c1-424b-9868-57a2d4851a1d" />
    <TestEntry testId="9512ba48-0839-7f8e-1a51-7ed8079ac71a" executionId="626aae24-d223-4b4b-8eca-fb5c9964aea6" testListId="8c84fa94-04c1-424b-9868-57a2d4851a1d" />
    <TestEntry testId="30e292f5-f798-eac9-ba1e-713f3566415c" executionId="768da5d7-2c7d-436b-853a-c2853567199e" testListId="8c84fa94-04c1-424b-9868-57a2d4851a1d" />
    <TestEntry testId="da038b78-6557-20eb-7b54-2bd092edb693" executionId="b7e4c1fb-6d63-4a29-b882-5e1608f40cc5" testListId="8c84fa94-04c1-424b-9868-57a2d4851a1d" />
    <TestEntry testId="223a2e32-2c68-23be-9c45-d825c6cf4171" executionId="79caf950-0575-46a4-811e-bcfd65cf7b46" testListId="8c84fa94-04c1-424b-9868-57a2d4851a1d" />
    <TestEntry testId="9af8ac57-47e8-e560-cb3c-d72fb3be6de6" executionId="150cfadd-65ee-4244-9bff-9cd89db80c4f" testListId="8c84fa94-04c1-424b-9868-57a2d4851a1d" />
    <TestEntry testId="da7d9a18-f239-39a4-8fc7-3bf5666ab8f3" executionId="8c276853-f04b-4922-b42c-6f224e34c51e" testListId="8c84fa94-04c1-424b-9868-57a2d4851a1d" />
    <TestEntry testId="732023ed-2a84-ce2e-e7c1-285eeae1c920" executionId="3d5a0297-d044-4161-ab4b-155c616c4912" testListId="8c84fa94-04c1-424b-9868-57a2d4851a1d" />
    <TestEntry testId="d78b0152-cc1a-328b-d637-c02c8df9200a" executionId="6f5d82e7-a665-460c-a440-75f0ea2715ce" testListId="8c84fa94-04c1-424b-9868-57a2d4851a1d" />
    <TestEntry testId="08927107-8d8c-0e18-84c3-bf6112c63fb2" executionId="05731777-85a0-497b-bf9f-8fbf53813e52" testListId="8c84fa94-04c1-424b-9868-57a2d4851a1d" />
    <TestEntry testId="64f4b309-46ce-14bc-92c8-2dbd5092f999" executionId="8c0660c0-090a-4250-a2a3-d2c2fe5b18d3" testListId="8c84fa94-04c1-424b-9868-57a2d4851a1d" />
    <TestEntry testId="fdac1400-a880-08a5-eb9b-8963e9019833" executionId="1de672b4-30eb-4edd-a620-37be6424c84b" testListId="8c84fa94-04c1-424b-9868-57a2d4851a1d" />
    <TestEntry testId="3cad3393-810a-cc62-94bb-2ded6c4b88c7" executionId="e5d68e1e-8f4c-4797-ba4d-12af84cb50b7" testListId="8c84fa94-04c1-424b-9868-57a2d4851a1d" />
    <TestEntry testId="d326e466-8fe4-d29b-9b6b-a9886d65bce4" executionId="6e01cfa0-cd3d-4676-9fac-5cf3b3ce3923" testListId="8c84fa94-04c1-424b-9868-57a2d4851a1d" />
    <TestEntry testId="27329ac4-220b-b901-238d-32a5c22c05d2" executionId="a890fd7f-5c92-49c3-a071-625f07f8aec3" testListId="8c84fa94-04c1-424b-9868-57a2d4851a1d" />
    <TestEntry testId="2ad348ab-ada5-a25f-9253-b563f1c5898f" executionId="99dc664f-836b-409f-a3ee-8b8a3de467ef" testListId="8c84fa94-04c1-424b-9868-57a2d4851a1d" />
    <TestEntry testId="6a5073ae-b067-17a6-9c6f-959cad372ca7" executionId="7b4978d9-9e7e-488c-8d15-bfaac3bf869d" testListId="8c84fa94-04c1-424b-9868-57a2d4851a1d" />
    <TestEntry testId="46887356-7c48-625a-9fa8-4ca482d2d04d" executionId="df64a784-2c83-46cb-aabf-edcfe2627b35" testListId="8c84fa94-04c1-424b-9868-57a2d4851a1d" />
    <TestEntry testId="ae9f9017-443d-54ba-c5ef-294c75c79e4f" executionId="10844e6b-c2e4-47c1-8d86-6ad34e15996e" testListId="8c84fa94-04c1-424b-9868-57a2d4851a1d" />
    <TestEntry testId="4ddfc6a2-cba3-9569-714c-b24431bc49c1" executionId="78262dfc-90fb-4e5c-b701-3af30882a0c9" testListId="8c84fa94-04c1-424b-9868-57a2d4851a1d" />
    <TestEntry testId="9b6bcf4a-f6d4-8ccc-f16d-a434ebb9feb9" executionId="0afa672f-bbcc-4210-a842-5cda2786a4a2" testListId="8c84fa94-04c1-424b-9868-57a2d4851a1d" />
    <TestEntry testId="fe6a9027-ba74-76b9-9001-ff053b4242c3" executionId="1b16a4cd-6119-4b12-8dad-a8191771a219" testListId="8c84fa94-04c1-424b-9868-57a2d4851a1d" />
    <TestEntry testId="133cb637-1f14-da6d-6e37-6a27375b1670" executionId="8d0149c4-cfd6-491f-8c7b-406efefd78cf" testListId="8c84fa94-04c1-424b-9868-57a2d4851a1d" />
    <TestEntry testId="6b82ab31-6a38-fe74-50c1-7d145afb1011" executionId="28b147a5-2101-4acb-8562-3011959c97fe" testListId="8c84fa94-04c1-424b-9868-57a2d4851a1d" />
    <TestEntry testId="a6478b4f-f785-703a-7384-c2061869f444" executionId="08c55279-f1c3-4346-9f2c-636962d349b8" testListId="8c84fa94-04c1-424b-9868-57a2d4851a1d" />
    <TestEntry testId="54792cc5-5557-3941-5368-3e4248495373" executionId="6db21d11-f917-4a38-800d-3f25cf6695ed" testListId="8c84fa94-04c1-424b-9868-57a2d4851a1d" />
    <TestEntry testId="6302655b-61c8-7b0f-1cb8-2a78b11ff788" executionId="fe324152-515e-447f-a519-7fde3ac363be" testListId="8c84fa94-04c1-424b-9868-57a2d4851a1d" />
    <TestEntry testId="d3857317-63e0-c190-44d9-5fb025d72a80" executionId="1afa50ce-4e33-4fd6-bf57-51d4a8785a16" testListId="8c84fa94-04c1-424b-9868-57a2d4851a1d" />
    <TestEntry testId="30615111-4d56-31e8-6884-f7dcdc0aad49" executionId="e24934e5-db94-46cc-b89c-28e2a14946c2" testListId="8c84fa94-04c1-424b-9868-57a2d4851a1d" />
    <TestEntry testId="39dbf18b-e14c-3648-f5ba-d9480b6b2143" executionId="4318852e-6770-47f9-a120-cf59bc9e04ab" testListId="8c84fa94-04c1-424b-9868-57a2d4851a1d" />
    <TestEntry testId="8222d29f-50ae-b106-6ccd-5b5874365d8b" executionId="029e11db-21a7-421c-a6c1-849b6e8ed141" testListId="8c84fa94-04c1-424b-9868-57a2d4851a1d" />
    <TestEntry testId="ca1a74cf-f42b-b5b7-8415-1bec1e2927e4" executionId="67df5ab2-c8b2-486e-81f1-52178efe30d2" testListId="8c84fa94-04c1-424b-9868-57a2d4851a1d" />
    <TestEntry testId="c66e3bc2-2f46-3828-947c-08aea11ba952" executionId="71ebb3f7-5967-476f-8bd3-f600b25d5cb5" testListId="8c84fa94-04c1-424b-9868-57a2d4851a1d" />
    <TestEntry testId="2cd364b1-6937-7083-5f7e-1dd1eac47cf1" executionId="c7e33dc6-2f55-4ae5-b695-c8d81a481d2c" testListId="8c84fa94-04c1-424b-9868-57a2d4851a1d" />
    <TestEntry testId="97ed5bad-2fed-e9d4-6d6f-bad924a904de" executionId="44a0d867-1634-4a32-b993-92a37561af2a" testListId="8c84fa94-04c1-424b-9868-57a2d4851a1d" />
    <TestEntry testId="9fa25131-4a4e-7dac-7ed1-7e35fdb0b337" executionId="55c58bf6-3405-41ea-b7a2-4d3dc90caa81" testListId="8c84fa94-04c1-424b-9868-57a2d4851a1d" />
    <TestEntry testId="16d4258e-743c-71b8-441e-da9ab5d1a655" executionId="13f61526-9fdb-4633-88c6-d69cdefea5ce" testListId="8c84fa94-04c1-424b-9868-57a2d4851a1d" />
    <TestEntry testId="896a835e-aa00-d5b5-efb0-cae3f484c942" executionId="0216902d-81f8-4fe9-9998-cf1260a76d20" testListId="8c84fa94-04c1-424b-9868-57a2d4851a1d" />
    <TestEntry testId="d757e934-8867-a54c-c93f-b9b8e2d4f452" executionId="17900ce8-6a5a-4268-b795-c794d49ff93c" testListId="8c84fa94-04c1-424b-9868-57a2d4851a1d" />
    <TestEntry testId="30702b8e-5ec7-eb10-4c6a-7105f5c77df3" executionId="e978d766-6d0f-4ad4-8cd4-513f227e0e13" testListId="8c84fa94-04c1-424b-9868-57a2d4851a1d" />
    <TestEntry testId="a157e23c-b861-4296-80a4-584edfe004e0" executionId="1ebd3fd2-7519-4718-a4c3-0eafbab4f4cb" testListId="8c84fa94-04c1-424b-9868-57a2d4851a1d" />
    <TestEntry testId="fea21907-a26b-6132-ad20-d11fecd505f7" executionId="1007274f-0159-4a5a-bcb8-d7911d9508b4" testListId="8c84fa94-04c1-424b-9868-57a2d4851a1d" />
    <TestEntry testId="24d7108a-b492-bd24-b0f8-ceb600b42692" executionId="9b1093d4-e10d-4b1f-860a-c438fee49b65" testListId="8c84fa94-04c1-424b-9868-57a2d4851a1d" />
    <TestEntry testId="ae5ac97e-8b8c-eeb7-7e79-fd8b61df6329" executionId="e3cc10fa-c5cb-479b-be5e-b2be5cf8dc25" testListId="8c84fa94-04c1-424b-9868-57a2d4851a1d" />
    <TestEntry testId="db261fbf-eb7c-9161-ff1c-532a3db0f6a5" executionId="0cb28233-3d47-435c-a935-8089ff70980e" testListId="8c84fa94-04c1-424b-9868-57a2d4851a1d" />
    <TestEntry testId="928f2455-6ebd-8ffd-8fc5-fc1e86ca64c0" executionId="e23c5c8d-7c66-4686-95da-a7e0cf6c76ff" testListId="8c84fa94-04c1-424b-9868-57a2d4851a1d" />
    <TestEntry testId="cc3505a4-7232-cc24-3cfe-056b7e73ed2b" executionId="f5eaf400-ccd0-449f-b4c1-dcc42e2e47b6" testListId="8c84fa94-04c1-424b-9868-57a2d4851a1d" />
    <TestEntry testId="5faaddbc-e454-1cad-1ea4-51f228dc32db" executionId="2041567d-4cc9-497e-b2de-b6a6545b1edc" testListId="8c84fa94-04c1-424b-9868-57a2d4851a1d" />
    <TestEntry testId="4f4a64cd-6297-dad0-e258-e2bc655c9f25" executionId="9d5ef550-298f-41f8-9648-c3da1c3e2073" testListId="8c84fa94-04c1-424b-9868-57a2d4851a1d" />
    <TestEntry testId="d6602b74-10ff-8e4a-a599-5e89f61e24aa" executionId="0eb939b0-0dcf-4ad9-833f-d7060148b9f8" testListId="8c84fa94-04c1-424b-9868-57a2d4851a1d" />
    <TestEntry testId="4f9e68da-d964-48d6-9d3b-7273107c43bc" executionId="2f83d730-13a8-442e-99fd-6bceabb0053f" testListId="8c84fa94-04c1-424b-9868-57a2d4851a1d" />
    <TestEntry testId="93e1c6bd-3907-bf6a-9788-32ce344adf8d" executionId="0e0a82fa-af0b-4841-bb57-cf434c06a772" testListId="8c84fa94-04c1-424b-9868-57a2d4851a1d" />
    <TestEntry testId="f9581051-4325-f7fc-7cc2-b7b62afe7956" executionId="b944a371-3b76-449e-9150-47ecce0ca98d" testListId="8c84fa94-04c1-424b-9868-57a2d4851a1d" />
    <TestEntry testId="1b91abd4-9b99-9dc8-e442-fa99a1f0e332" executionId="c0995294-cd30-4bc3-9f6c-a61db7be0d27" testListId="8c84fa94-04c1-424b-9868-57a2d4851a1d" />
    <TestEntry testId="8f9aaf67-4846-3c14-9893-fd9a67976dbd" executionId="c5190b6e-890f-40e6-980d-c17e7775224c" testListId="8c84fa94-04c1-424b-9868-57a2d4851a1d" />
    <TestEntry testId="5901b859-8c35-d7a1-4b20-7aa832e2b2ac" executionId="43d1fa5d-f0c7-49f3-a4a5-2f424337c865" testListId="8c84fa94-04c1-424b-9868-57a2d4851a1d" />
    <TestEntry testId="05ee0585-5324-c075-c884-eef61e6407ec" executionId="10dd1f7c-46d0-4c52-8927-701e5979ed0a" testListId="8c84fa94-04c1-424b-9868-57a2d4851a1d" />
    <TestEntry testId="bb96e440-92b4-1c31-95b5-59b0e4d11807" executionId="77e4b80f-ba25-4c0d-bb08-996e698374c1" testListId="8c84fa94-04c1-424b-9868-57a2d4851a1d" />
    <TestEntry testId="b2995b06-1442-48cc-a8f7-299ee21d333d" executionId="f109099d-52d2-4257-a903-b3f2c6bc6706" testListId="8c84fa94-04c1-424b-9868-57a2d4851a1d" />
    <TestEntry testId="a4ebc8c3-3a4e-4ab1-e6c5-04365965ee9e" executionId="b72f0869-d979-4e52-ab50-a1d132d71efa" testListId="8c84fa94-04c1-424b-9868-57a2d4851a1d" />
    <TestEntry testId="b452384b-46c9-9d28-fc42-8e46ec09f689" executionId="4d18f0e8-2b59-4d19-be58-a4f99bf0bb95" testListId="8c84fa94-04c1-424b-9868-57a2d4851a1d" />
    <TestEntry testId="f3327606-b2a8-9974-e840-2b31246f10e1" executionId="d5073f6f-d3d8-4cfc-82fc-5397291bdb4d" testListId="8c84fa94-04c1-424b-9868-57a2d4851a1d" />
    <TestEntry testId="34b2f47b-480a-22d6-69fb-dc7eedfd64fd" executionId="97bb62e4-7058-4e6c-96f5-baa5677d7a0a" testListId="8c84fa94-04c1-424b-9868-57a2d4851a1d" />
    <TestEntry testId="c6c1a6ca-c551-f84f-b4f7-d3d4f0f2582f" executionId="1f73993e-64f1-460b-8e88-a092825fb3a9" testListId="8c84fa94-04c1-424b-9868-57a2d4851a1d" />
    <TestEntry testId="4542ac08-3156-be6f-f9b6-60fac905db13" executionId="38c7274c-2966-4ead-8113-087ea8ea5ef4" testListId="8c84fa94-04c1-424b-9868-57a2d4851a1d" />
    <TestEntry testId="17d84dca-08db-1fc3-9f2e-4c3ca40d4597" executionId="92c5a41d-614e-48fd-9713-a7b739c61fa3" testListId="8c84fa94-04c1-424b-9868-57a2d4851a1d" />
    <TestEntry testId="5a716387-727c-9f4a-576d-c532745d27fc" executionId="aed84487-ab41-401e-81f3-6c386fc3a278" testListId="8c84fa94-04c1-424b-9868-57a2d4851a1d" />
    <TestEntry testId="4fee98d5-de39-1ee6-cb6e-aeb30d9e4547" executionId="8702f233-c6ac-44f3-b28f-e79da6b9f0c3" testListId="8c84fa94-04c1-424b-9868-57a2d4851a1d" />
    <TestEntry testId="22b2ca51-378e-71cd-e0e0-67e36d20ff15" executionId="d47ed198-de37-4b6b-9fde-5f0a8628ce08" testListId="8c84fa94-04c1-424b-9868-57a2d4851a1d" />
    <TestEntry testId="3eb1bfa3-50f3-b918-d5a1-91e494194649" executionId="f312c63e-9b68-4330-ad11-2eacc60f23c9" testListId="8c84fa94-04c1-424b-9868-57a2d4851a1d" />
    <TestEntry testId="800a9cc5-fc26-2bf4-fde7-906d76a2a91c" executionId="2671f334-7b8f-466f-bf52-1ecdc1536a8e" testListId="8c84fa94-04c1-424b-9868-57a2d4851a1d" />
    <TestEntry testId="3625363b-2b2b-2a01-cb9b-b878cc7db25a" executionId="7c02fd57-2e8d-4772-a244-32b820e24bc9" testListId="8c84fa94-04c1-424b-9868-57a2d4851a1d" />
    <TestEntry testId="2e5f6fa9-36cf-588f-e363-93c7c6e15067" executionId="3451c4cd-9cd1-437b-954c-36f79ee9f4a2" testListId="8c84fa94-04c1-424b-9868-57a2d4851a1d" />
    <TestEntry testId="d32054d7-3151-5a17-efe5-d560f827fbcf" executionId="0c41eb89-2eb4-461f-8d9e-ad3a7242372e" testListId="8c84fa94-04c1-424b-9868-57a2d4851a1d" />
    <TestEntry testId="9bb26b43-c785-7f17-8df6-312acd18b6b3" executionId="01f47cc0-9d8c-4c2f-a105-084ade2b6f41" testListId="8c84fa94-04c1-424b-9868-57a2d4851a1d" />
    <TestEntry testId="bd6f3f69-8756-1ecb-680e-dc8bdb5e7007" executionId="e97cd400-541b-4de5-9ae5-1ec4c7246ffe" testListId="8c84fa94-04c1-424b-9868-57a2d4851a1d" />
    <TestEntry testId="f4aace76-8b78-d9f9-5c7e-a830773b46bd" executionId="23a995a1-189a-4356-a654-fcc75d6d47d6" testListId="8c84fa94-04c1-424b-9868-57a2d4851a1d" />
    <TestEntry testId="800a71d5-fd75-b55e-d8d0-21c57915ee72" executionId="9e4cacea-875b-4902-99b3-c3f15071cbfd" testListId="8c84fa94-04c1-424b-9868-57a2d4851a1d" />
    <TestEntry testId="f8481245-447a-5b32-a26f-ec1feabc1ee3" executionId="3a2ec5a3-69cc-4b1a-8a04-4698c721b9e5" testListId="8c84fa94-04c1-424b-9868-57a2d4851a1d" />
    <TestEntry testId="3ff3319a-948e-ff61-1feb-7a7a66592fd5" executionId="e39f7a98-6c98-44ad-9fe2-fccf43dca054" testListId="8c84fa94-04c1-424b-9868-57a2d4851a1d" />
    <TestEntry testId="d571e5ac-82ed-ebaf-4d14-3695e99fdecf" executionId="d4a12d78-0cae-4d70-b93b-a501fcb45b8f" testListId="8c84fa94-04c1-424b-9868-57a2d4851a1d" />
    <TestEntry testId="8a767b9b-e015-e5fc-c6e0-fb31075f769b" executionId="a51ce187-df40-48de-aedf-4aae4c523aae" testListId="8c84fa94-04c1-424b-9868-57a2d4851a1d" />
    <TestEntry testId="322678fe-2d0e-03ee-cda0-d8553512610f" executionId="fdc4472a-ffc5-41c0-872b-a99afa53ef0b" testListId="8c84fa94-04c1-424b-9868-57a2d4851a1d" />
    <TestEntry testId="2aca5760-5736-8fb2-f42a-c078d75461ed" executionId="8c2283f3-e930-49cb-8b11-43051d995739" testListId="8c84fa94-04c1-424b-9868-57a2d4851a1d" />
    <TestEntry testId="853fc9d6-6db1-9e50-13df-6a1ab3128380" executionId="1b16a388-bd31-4048-b218-113839699068" testListId="8c84fa94-04c1-424b-9868-57a2d4851a1d" />
    <TestEntry testId="a9359554-6927-fb85-3830-72d7f8df0ae0" executionId="f995d67a-2370-4308-8a48-c097c23fbf6a" testListId="8c84fa94-04c1-424b-9868-57a2d4851a1d" />
    <TestEntry testId="96d31876-ad33-952c-3bd1-b146a14e3f83" executionId="0e8d7945-ad9c-4540-80f7-31b3135c4725" testListId="8c84fa94-04c1-424b-9868-57a2d4851a1d" />
    <TestEntry testId="1eb83994-41a5-06de-d18f-7e1407514b78" executionId="af3b5eb1-de90-444e-b4fc-e1e86638e4e8" testListId="8c84fa94-04c1-424b-9868-57a2d4851a1d" />
    <TestEntry testId="cbb93574-008f-0923-82a1-ea6b8693b1c4" executionId="3f3695f1-d6c3-43b8-a3a3-b2f1d836178d" testListId="8c84fa94-04c1-424b-9868-57a2d4851a1d" />
    <TestEntry testId="a7304e06-ae3e-2e3a-5ce1-1639916ee77c" executionId="aaeb5ec5-f0cc-4f6d-afc2-7548aa063648" testListId="8c84fa94-04c1-424b-9868-57a2d4851a1d" />
    <TestEntry testId="c196c0e0-1845-801a-d6ce-5a2a7861546a" executionId="f22883d1-78d0-4dc2-baf8-86bf46782fd2" testListId="8c84fa94-04c1-424b-9868-57a2d4851a1d" />
    <TestEntry testId="332e199d-ea86-764a-0c78-68ba66fc4ac1" executionId="2baab774-b66d-40f8-9429-d1fd9f9d6fec" testListId="8c84fa94-04c1-424b-9868-57a2d4851a1d" />
    <TestEntry testId="08c8c1c6-bdcb-21d2-0325-62806128a803" executionId="7d93c6d7-991b-4c0c-bb3c-f81fe442d506" testListId="8c84fa94-04c1-424b-9868-57a2d4851a1d" />
    <TestEntry testId="213635e5-649b-5c44-aecd-050b59df7240" executionId="5c11fc0d-01f8-432f-9cd9-ff6b3be7024b" testListId="8c84fa94-04c1-424b-9868-57a2d4851a1d" />
    <TestEntry testId="b0a63f8f-6af7-a1eb-69e4-87897c177ded" executionId="fd612893-ddad-489b-86d1-d570b4766972" testListId="8c84fa94-04c1-424b-9868-57a2d4851a1d" />
    <TestEntry testId="f335010e-9fe4-33d4-3df2-9a2fa868a446" executionId="dedc92a3-adf3-4b21-8445-e2ad97af8deb" testListId="8c84fa94-04c1-424b-9868-57a2d4851a1d" />
    <TestEntry testId="3d591622-7a9a-3607-596b-40dbc7119e9a" executionId="a7473b20-90b3-4333-b243-edde4719d456" testListId="8c84fa94-04c1-424b-9868-57a2d4851a1d" />
    <TestEntry testId="f31e5243-90c8-7dae-7404-a3986e0efbe1" executionId="04f62b5b-65b2-42bb-8edb-f5fd7fa427a3" testListId="8c84fa94-04c1-424b-9868-57a2d4851a1d" />
    <TestEntry testId="126d2357-7090-a0c3-d4b1-34920ceb72d7" executionId="bc59db81-48eb-40e5-b0f1-0900107a8730" testListId="8c84fa94-04c1-424b-9868-57a2d4851a1d" />
    <TestEntry testId="b8abe570-968b-bdd1-9711-285d9d0a6ba1" executionId="30c59aac-a7ec-420e-8981-85f84369b30d" testListId="8c84fa94-04c1-424b-9868-57a2d4851a1d" />
    <TestEntry testId="9407802f-e3bb-717e-dfa6-c4f68e793c26" executionId="0a50d756-a99b-4e57-b36b-3312c7077630" testListId="8c84fa94-04c1-424b-9868-57a2d4851a1d" />
    <TestEntry testId="62aebf56-249e-bb4c-3c75-70b7badd4f85" executionId="e111079f-e83f-44fe-acc9-c53347a45f40" testListId="8c84fa94-04c1-424b-9868-57a2d4851a1d" />
    <TestEntry testId="2d512390-4feb-0be5-34ad-eaab831bb98b" executionId="2eb4c315-8187-4c7b-8b3a-892c460b1977" testListId="8c84fa94-04c1-424b-9868-57a2d4851a1d" />
    <TestEntry testId="e04fdc2f-e623-9c34-4386-5fa6abb1dcd4" executionId="bde0d609-01bc-4f26-a134-953fe84bfaf7" testListId="8c84fa94-04c1-424b-9868-57a2d4851a1d" />
    <TestEntry testId="db58122d-1cb6-c9dc-b0c5-af4f8da57592" executionId="9d2793ef-8065-41dc-8dae-6b8eebc234b0" testListId="8c84fa94-04c1-424b-9868-57a2d4851a1d" />
    <TestEntry testId="319f8796-7403-b14a-34e0-f1797faae63e" executionId="902d7409-303e-4715-bab4-4d538df3df66" testListId="8c84fa94-04c1-424b-9868-57a2d4851a1d" />
    <TestEntry testId="2dbf24a9-29c5-3ef0-69a0-687ac45d4c86" executionId="a9d73807-7a19-4689-8c55-8e01d8f9d1a4" testListId="8c84fa94-04c1-424b-9868-57a2d4851a1d" />
    <TestEntry testId="cf3d443f-6dec-a121-7292-16e5d1c821cc" executionId="a3f25e34-78ec-4e04-bc65-b433008d5e4f" testListId="8c84fa94-04c1-424b-9868-57a2d4851a1d" />
    <TestEntry testId="39556250-42a0-8230-36af-33fb371b59df" executionId="d1f968ba-5d18-4df3-988c-5dc0c961343e" testListId="8c84fa94-04c1-424b-9868-57a2d4851a1d" />
    <TestEntry testId="ac417528-a5fc-0267-1e71-119d845e1bc0" executionId="98f84ad0-a135-4d64-b46e-5fb035cfde09" testListId="8c84fa94-04c1-424b-9868-57a2d4851a1d" />
    <TestEntry testId="91b01448-6a92-47bb-7ce5-67a9221a299c" executionId="189c28b9-a74f-4b6e-9b4d-8e5e8f11ceb9" testListId="8c84fa94-04c1-424b-9868-57a2d4851a1d" />
    <TestEntry testId="50b702b0-e703-363d-0b04-619370ec937b" executionId="6cc457a7-726e-4017-a229-15434c266c18" testListId="8c84fa94-04c1-424b-9868-57a2d4851a1d" />
    <TestEntry testId="c1eeccdf-9e70-35f5-8d31-8a133efe3993" executionId="e4d3a02b-911a-44b6-abb9-5d52b83ce765" testListId="8c84fa94-04c1-424b-9868-57a2d4851a1d" />
    <TestEntry testId="d7a4b603-8308-5acd-9a99-39b73afff367" executionId="ad762c14-6ef6-48cf-a227-1673cf3c752f" testListId="8c84fa94-04c1-424b-9868-57a2d4851a1d" />
    <TestEntry testId="febb8456-be0b-5098-be4c-94fbaa942835" executionId="30473b85-12b0-4bf4-8b50-b14a20cadfbe" testListId="8c84fa94-04c1-424b-9868-57a2d4851a1d" />
    <TestEntry testId="982659d8-a45b-dd6c-ac91-40bffddd94cf" executionId="5a341c8c-dc86-4c46-ba33-8cdb8932af46" testListId="8c84fa94-04c1-424b-9868-57a2d4851a1d" />
    <TestEntry testId="5bb482fa-8a48-3336-66c9-7ea3af463c94" executionId="b6ddf8d1-400c-43ee-9041-92d88d457bb6" testListId="8c84fa94-04c1-424b-9868-57a2d4851a1d" />
    <TestEntry testId="33341dd4-6583-40f9-1eba-1c8c959a3a5e" executionId="8ce680bd-42a1-42f7-a70a-3d587ec21fd2" testListId="8c84fa94-04c1-424b-9868-57a2d4851a1d" />
    <TestEntry testId="57b6d097-e9d6-3704-ff59-5ba052e3b406" executionId="d83f6120-3f42-4f95-ac6e-9ce28c00fa80" testListId="8c84fa94-04c1-424b-9868-57a2d4851a1d" />
    <TestEntry testId="b0004f06-300e-d87d-8715-e540888dd689" executionId="b9bfd0cd-9357-420a-966f-b422386fd140" testListId="8c84fa94-04c1-424b-9868-57a2d4851a1d" />
    <TestEntry testId="7137fa11-d3cd-d2e9-1892-35a2bcf917d7" executionId="fd3142bc-a722-4c84-93d3-916fc178642d" testListId="8c84fa94-04c1-424b-9868-57a2d4851a1d" />
    <TestEntry testId="876bc370-09a2-ee34-0b46-51df5caf6b5d" executionId="a7a54b1b-49bf-4bfd-82d1-b9051acceb6b" testListId="8c84fa94-04c1-424b-9868-57a2d4851a1d" />
    <TestEntry testId="9dcd4ce8-33dc-3db8-df54-9c3e687528fe" executionId="fc8da1ac-3abf-4ec7-8056-1596efa6fca7" testListId="8c84fa94-04c1-424b-9868-57a2d4851a1d" />
    <TestEntry testId="f973a97f-5a8e-0209-5020-2d35dba67422" executionId="2210e2da-405a-4976-af4c-7ca5272debe0" testListId="8c84fa94-04c1-424b-9868-57a2d4851a1d" />
    <TestEntry testId="1c73ceb9-2072-2e5e-a2de-ee8cd9695cfc" executionId="413cd91b-0a26-4b96-ad6c-4d5f18a2842a" testListId="8c84fa94-04c1-424b-9868-57a2d4851a1d" />
    <TestEntry testId="5a36dc19-91e6-2110-bdf3-d2f7bfc377f6" executionId="f051d91f-68b9-4d89-b875-cf9e4a065a39" testListId="8c84fa94-04c1-424b-9868-57a2d4851a1d" />
    <TestEntry testId="8d92020e-5832-705d-100b-9a3d128c1860" executionId="27018930-47a5-44b3-9839-63719a69deea" testListId="8c84fa94-04c1-424b-9868-57a2d4851a1d" />
    <TestEntry testId="132e103c-17cc-dd6d-9a83-6fdfdde045a1" executionId="75b3b16b-dffa-4d52-8c7a-56505d1e583d" testListId="8c84fa94-04c1-424b-9868-57a2d4851a1d" />
    <TestEntry testId="90cfc5f0-b7f9-31e3-d21a-be242b733ee9" executionId="12b7725a-81b9-48d7-868a-9aca5295b743" testListId="8c84fa94-04c1-424b-9868-57a2d4851a1d" />
    <TestEntry testId="61b1c2a4-89cd-5144-7bf8-430d589649be" executionId="af912580-fce3-49b8-b135-a9dcd1551e80" testListId="8c84fa94-04c1-424b-9868-57a2d4851a1d" />
    <TestEntry testId="43785e1c-5d96-d5bd-319b-47bbf8cd5cd3" executionId="396ce736-468b-437e-8728-a4693f8b66de" testListId="8c84fa94-04c1-424b-9868-57a2d4851a1d" />
    <TestEntry testId="09ded2a6-c372-2eb2-ac00-fef2bebd4e6e" executionId="d2da1b3e-08c8-4aa6-930e-27577d808e84" testListId="8c84fa94-04c1-424b-9868-57a2d4851a1d" />
    <TestEntry testId="77b841d2-c43a-4070-249a-23480e6bd29c" executionId="dbcf7ab4-ac08-4ab3-b0f2-e9a28d4676bb" testListId="8c84fa94-04c1-424b-9868-57a2d4851a1d" />
    <TestEntry testId="3d782eb2-1185-1de8-9482-d479e4373af3" executionId="c9e10b5d-62ea-4307-a725-2d9f4f9b907e" testListId="8c84fa94-04c1-424b-9868-57a2d4851a1d" />
    <TestEntry testId="910ea956-c4b4-dc72-c890-ea2c8afbd1ba" executionId="d9bdfab8-4b94-4a3b-a8dd-26f76308410e" testListId="8c84fa94-04c1-424b-9868-57a2d4851a1d" />
    <TestEntry testId="a295235b-bf9f-1e32-c688-419c5d57596e" executionId="dc95a914-21ec-46fd-83b3-be0f6d39069a" testListId="8c84fa94-04c1-424b-9868-57a2d4851a1d" />
    <TestEntry testId="49b54f08-f7f0-ba91-ee50-7ae6390d4af1" executionId="9cb8f252-0b4a-4581-b8a8-49e6feb07be9" testListId="8c84fa94-04c1-424b-9868-57a2d4851a1d" />
    <TestEntry testId="98166cc9-e914-f13d-508c-30c89f0ae058" executionId="88e60590-9989-4db1-8553-fb0d5c55f992" testListId="8c84fa94-04c1-424b-9868-57a2d4851a1d" />
    <TestEntry testId="d44e5ef1-d45e-248e-aa87-897c4217e08f" executionId="7f8a0c42-d8fc-4edb-b503-fafb1941a0fb" testListId="8c84fa94-04c1-424b-9868-57a2d4851a1d" />
    <TestEntry testId="35804b06-11f8-fb19-7cd9-4b5182d944a6" executionId="19494689-0920-4abf-916b-cdc9768f5b86" testListId="8c84fa94-04c1-424b-9868-57a2d4851a1d" />
    <TestEntry testId="20c0e1dd-a74f-c654-d865-142fb2a2787f" executionId="51a9c14c-5ba3-4661-b6ca-c69b5760b22f" testListId="8c84fa94-04c1-424b-9868-57a2d4851a1d" />
    <TestEntry testId="bb23e984-379e-7e0e-1bce-dc1dbfcf6fc3" executionId="21698fd6-3f52-416f-a629-dc40eb8cd87b" testListId="8c84fa94-04c1-424b-9868-57a2d4851a1d" />
    <TestEntry testId="4a077e12-b64a-edfe-3b33-7ee47b81322b" executionId="893832b0-ee52-4be6-8092-aca0aa239b17" testListId="8c84fa94-04c1-424b-9868-57a2d4851a1d" />
    <TestEntry testId="66e703e4-29de-a4c7-8c30-1bc7e1752b2f" executionId="3efff6ae-7d0f-425a-8496-fc7b48000bac" testListId="8c84fa94-04c1-424b-9868-57a2d4851a1d" />
    <TestEntry testId="68a3dcd6-b2e6-5bb3-d82c-04377e1a7b9b" executionId="7feb9ccb-8f27-447f-9312-c3549ed0032c" testListId="8c84fa94-04c1-424b-9868-57a2d4851a1d" />
    <TestEntry testId="94400230-a0cf-2852-335d-5880a46a038d" executionId="e8f0691c-2d8e-4da6-b840-2961d235bb8a" testListId="8c84fa94-04c1-424b-9868-57a2d4851a1d" />
    <TestEntry testId="5a9cc3cc-6255-3658-268b-a50ddfebf55b" executionId="b44713a7-a1b2-440d-97f1-48be8c4bc5b1" testListId="8c84fa94-04c1-424b-9868-57a2d4851a1d" />
    <TestEntry testId="55857ea6-972d-1faa-f735-21722cd852ac" executionId="884366aa-cd49-4fcc-b7c9-4ab75e263650" testListId="8c84fa94-04c1-424b-9868-57a2d4851a1d" />
    <TestEntry testId="2eb304bc-29a1-e3fc-a1ed-62b709614ba3" executionId="681c817b-d85c-4032-ac31-d1d0a5020c11" testListId="8c84fa94-04c1-424b-9868-57a2d4851a1d" />
    <TestEntry testId="f106274d-5d2d-5f08-6dad-6f5b4c7e2e4c" executionId="6b406d9e-dc9a-4439-b801-bb2be3eeb1a5" testListId="8c84fa94-04c1-424b-9868-57a2d4851a1d" />
    <TestEntry testId="046145c9-879d-c051-80d4-25fb448d3ce7" executionId="a186c422-3748-4e2e-a23e-696d7dbede8d" testListId="8c84fa94-04c1-424b-9868-57a2d4851a1d" />
    <TestEntry testId="067f6aa9-8e9c-3bdb-54dc-59497bccef18" executionId="1cfd359c-1200-47e8-9728-cf88b13ad179" testListId="8c84fa94-04c1-424b-9868-57a2d4851a1d" />
    <TestEntry testId="88c0ee23-26fa-850a-6ac5-863c20752b1c" executionId="ef1cd7bb-e1d4-4e3f-874b-0682af51bba5" testListId="8c84fa94-04c1-424b-9868-57a2d4851a1d" />
    <TestEntry testId="3edfc2a7-1754-35d9-a869-000eb02198df" executionId="870e0059-2feb-440d-ae64-cef0f7a9faef" testListId="8c84fa94-04c1-424b-9868-57a2d4851a1d" />
    <TestEntry testId="01c86469-a2b3-56b4-e415-0f887f533923" executionId="a104c1ed-4f71-41f8-b994-8d61dfafa352" testListId="8c84fa94-04c1-424b-9868-57a2d4851a1d" />
    <TestEntry testId="6dd090ae-0423-7a7c-d8df-35146cee22d9" executionId="c73a1bc5-cdeb-4cef-b630-8366858c2b78" testListId="8c84fa94-04c1-424b-9868-57a2d4851a1d" />
    <TestEntry testId="4a3a4767-2fcd-8cd1-559f-f87bde132fcc" executionId="47db165c-3580-45f3-9e87-7c0bbb72ed48" testListId="8c84fa94-04c1-424b-9868-57a2d4851a1d" />
    <TestEntry testId="49da23cd-956c-d063-f00f-78019f6587a5" executionId="ae813c7a-c789-4fea-ae51-845322edf961" testListId="8c84fa94-04c1-424b-9868-57a2d4851a1d" />
    <TestEntry testId="439fd027-b2f2-7d61-d60d-ad31877df020" executionId="ab885b81-fddb-4ec9-97aa-efe76984b119" testListId="8c84fa94-04c1-424b-9868-57a2d4851a1d" />
    <TestEntry testId="a3cffcd5-ca5b-acfc-2c92-56cbd2780945" executionId="3fdf34e8-5cc5-4808-96cf-14263dc1aac0" testListId="8c84fa94-04c1-424b-9868-57a2d4851a1d" />
    <TestEntry testId="82fcf867-5749-9edd-5c4f-4e3b8b6ee0a4" executionId="51ea443a-efd3-4e36-bbcb-ff8e838f4320" testListId="8c84fa94-04c1-424b-9868-57a2d4851a1d" />
    <TestEntry testId="b5545286-2d51-273f-e678-5706630cef56" executionId="cac77103-4ef3-460e-bb12-9b7b7289e351" testListId="8c84fa94-04c1-424b-9868-57a2d4851a1d" />
    <TestEntry testId="b62c4f1d-0c70-3ca6-698f-93042754bfc6" executionId="01f19fbe-0698-4e13-84fb-053f02bb11ee" testListId="8c84fa94-04c1-424b-9868-57a2d4851a1d" />
    <TestEntry testId="b68df490-f19b-a1a8-b878-ba437321192c" executionId="4539bd77-b518-46c6-8303-a533a8913f50" testListId="8c84fa94-04c1-424b-9868-57a2d4851a1d" />
    <TestEntry testId="b64d692e-2bcf-ef81-2204-4e384a726323" executionId="1def4bd2-4750-4dea-9abb-a0215a42d912" testListId="8c84fa94-04c1-424b-9868-57a2d4851a1d" />
    <TestEntry testId="2f93e454-b30c-a78b-d137-5d738935ef23" executionId="04f30a38-12f8-4d85-b52d-936cc94dca11" testListId="8c84fa94-04c1-424b-9868-57a2d4851a1d" />
    <TestEntry testId="8dde7174-38d7-ee12-7e68-7117e399b660" executionId="f03fab7e-807b-4cf4-bf65-5e3aacba683a" testListId="8c84fa94-04c1-424b-9868-57a2d4851a1d" />
    <TestEntry testId="877328ba-697b-0240-60a8-80c7a7d265bf" executionId="7ac1c119-eb8f-4cc8-a348-d2e5bb064b11" testListId="8c84fa94-04c1-424b-9868-57a2d4851a1d" />
    <TestEntry testId="70585a7d-e8bb-2ea7-4d4d-a7d89c0cc001" executionId="20f53921-46bd-4fc7-9156-4ea10ca13045" testListId="8c84fa94-04c1-424b-9868-57a2d4851a1d" />
    <TestEntry testId="ba4c1a66-a8cb-a425-dd33-a7ca657b44ae" executionId="5d1fda0a-3b9c-4f45-801a-09ae000d2438" testListId="8c84fa94-04c1-424b-9868-57a2d4851a1d" />
    <TestEntry testId="bd58f8d9-e6cb-76f7-101e-84475807384c" executionId="3b62b9d0-cd04-4f7a-b1bb-3ac64724c741" testListId="8c84fa94-04c1-424b-9868-57a2d4851a1d" />
    <TestEntry testId="b301c31a-5fce-b4b4-96b1-9d8598e593a2" executionId="2927be24-a35b-4eef-8da7-91cbef356bb9" testListId="8c84fa94-04c1-424b-9868-57a2d4851a1d" />
    <TestEntry testId="f5caa479-ad8a-fc77-0f9d-b10ee7e2accc" executionId="46a62b4f-a894-4173-89af-8e4b7e49b0fd" testListId="8c84fa94-04c1-424b-9868-57a2d4851a1d" />
    <TestEntry testId="8767f881-fdc8-88b5-6aba-c8e95f3120ba" executionId="7330b842-3864-4960-b521-dee26f59307c" testListId="8c84fa94-04c1-424b-9868-57a2d4851a1d" />
    <TestEntry testId="e7ac6111-62b8-1737-1b08-b5a95b8c801f" executionId="1c0acfe6-1a36-4e62-9ec6-fab175f390f7" testListId="8c84fa94-04c1-424b-9868-57a2d4851a1d" />
    <TestEntry testId="b7e36637-289c-8e0e-9091-6aff9c16739a" executionId="2406ab05-66c7-496f-b779-7b704aab0f2a" testListId="8c84fa94-04c1-424b-9868-57a2d4851a1d" />
    <TestEntry testId="6ff49ce2-6c5f-2d12-78c5-d9fccb402e88" executionId="39532fc1-1b39-4bd5-bbdb-edf3b22cc42a" testListId="8c84fa94-04c1-424b-9868-57a2d4851a1d" />
    <TestEntry testId="06f7ab65-67b0-9ceb-7950-154a66e24a54" executionId="8b088fb3-edcb-4d4b-8f13-0688db54e782" testListId="8c84fa94-04c1-424b-9868-57a2d4851a1d" />
    <TestEntry testId="6e2b046c-b538-e705-bf5a-ce4b83d68120" executionId="2d47da4d-d3c6-41cb-a9cf-e7f300ba5a1c" testListId="8c84fa94-04c1-424b-9868-57a2d4851a1d" />
    <TestEntry testId="54f6e699-b3d1-75b1-4814-37e5fcfee1a3" executionId="7107c681-207b-4e3f-926b-5d70f28edd19" testListId="8c84fa94-04c1-424b-9868-57a2d4851a1d" />
    <TestEntry testId="278a11dd-76cf-5c46-224d-0d3283afee51" executionId="a88a3dd6-3997-4dec-b4ff-b52d1166b802" testListId="8c84fa94-04c1-424b-9868-57a2d4851a1d" />
    <TestEntry testId="035ef68b-c3bd-7b62-9eec-5a605eb83f8c" executionId="2c9266fe-75a6-4fd7-80ab-43c8216676ba" testListId="8c84fa94-04c1-424b-9868-57a2d4851a1d" />
    <TestEntry testId="bad298ac-94ba-545f-f256-1e42ffa5b7b5" executionId="362b23c2-f047-4e3f-a5ef-7a5de7589af6" testListId="8c84fa94-04c1-424b-9868-57a2d4851a1d" />
    <TestEntry testId="c6a10fb2-e3f8-d6eb-e921-0173f07aa1b5" executionId="8105a8f9-cab3-4b9c-b539-c28d61dc60b2" testListId="8c84fa94-04c1-424b-9868-57a2d4851a1d" />
    <TestEntry testId="a22bf289-0878-e3c5-33fd-766102ec1be1" executionId="c6a736dc-743e-422e-9937-77ee6a5abae8" testListId="8c84fa94-04c1-424b-9868-57a2d4851a1d" />
    <TestEntry testId="b986ab05-f3dd-e5e1-b031-20a48d4b9519" executionId="d6541940-d5b4-4e4c-a05b-501e759cd6a0" testListId="8c84fa94-04c1-424b-9868-57a2d4851a1d" />
    <TestEntry testId="18f2ab8d-6696-bf3f-7e10-34e8c36dc629" executionId="07839756-dac4-4262-b3f5-0e0e7a9e1e3e" testListId="8c84fa94-04c1-424b-9868-57a2d4851a1d" />
    <TestEntry testId="fbddede5-5be9-fcfe-2d72-bc891322f303" executionId="b61b00b4-cda9-4759-9657-852ed80174e6" testListId="8c84fa94-04c1-424b-9868-57a2d4851a1d" />
    <TestEntry testId="2ee2e56d-59f2-3ef3-a9cd-f2fe65fa91af" executionId="b5ead6e4-9689-4b36-806d-275ba121d903" testListId="8c84fa94-04c1-424b-9868-57a2d4851a1d" />
    <TestEntry testId="4e8ec708-b63a-3736-0e4f-25924095128b" executionId="14dbf08e-5c6f-46f6-9215-b9e76c6e1bec" testListId="8c84fa94-04c1-424b-9868-57a2d4851a1d" />
    <TestEntry testId="81f8c431-ec3f-72e9-977b-252633de4ae4" executionId="f6979fa9-0f80-44c7-9622-beb5ff5c5a25" testListId="8c84fa94-04c1-424b-9868-57a2d4851a1d" />
    <TestEntry testId="4976d7df-aa75-dba7-69e7-9402402b4c8e" executionId="26adf891-7d04-4ab7-bf68-97e54457fce1" testListId="8c84fa94-04c1-424b-9868-57a2d4851a1d" />
    <TestEntry testId="3a338b5e-ca33-280e-31b5-7634bd32733f" executionId="a06348c8-686d-422d-9455-2237e9399d69" testListId="8c84fa94-04c1-424b-9868-57a2d4851a1d" />
    <TestEntry testId="d2336b6f-ec47-a30f-6052-9d509a829189" executionId="05859648-ca89-4281-81f9-f042ebd52c71" testListId="8c84fa94-04c1-424b-9868-57a2d4851a1d" />
    <TestEntry testId="f1184a8e-b69a-6295-ac82-24b2bd10984c" executionId="e6a23615-a87d-409f-bb8d-50ea1ff34675" testListId="8c84fa94-04c1-424b-9868-57a2d4851a1d" />
    <TestEntry testId="4d866a2f-8988-0d70-b30c-379e46401f2f" executionId="bd6d504d-439f-4951-bbe6-63372fce4a18" testListId="8c84fa94-04c1-424b-9868-57a2d4851a1d" />
    <TestEntry testId="be742706-2384-ae61-bc11-568bd8c32abe" executionId="f548d68a-7b5a-43d8-8a7e-b5f98e66c14b" testListId="8c84fa94-04c1-424b-9868-57a2d4851a1d" />
    <TestEntry testId="6405a933-f1c3-2d9d-c133-14524337831d" executionId="45fd07e0-f191-469f-abb1-089db38835d0" testListId="8c84fa94-04c1-424b-9868-57a2d4851a1d" />
    <TestEntry testId="ce743239-1b20-9584-c28b-8dc6a59dc3bb" executionId="84bc3bc2-5edb-4774-a927-d5a8a0f9b756" testListId="8c84fa94-04c1-424b-9868-57a2d4851a1d" />
    <TestEntry testId="dab9c0b3-4ffb-2848-2c64-5c66c2da8b39" executionId="e7652a3f-ef43-4bb1-b17e-94efb3d85476" testListId="8c84fa94-04c1-424b-9868-57a2d4851a1d" />
    <TestEntry testId="c92c23d1-5ca1-d95a-512b-ef3370dd6502" executionId="671b0c60-5180-478d-bd6d-bb69f2040e83" testListId="8c84fa94-04c1-424b-9868-57a2d4851a1d" />
    <TestEntry testId="fe19cce5-cc9d-9aa6-e44d-fbae8d8bb129" executionId="540fbb40-68bd-4b5b-843d-fe152cb6eeab" testListId="8c84fa94-04c1-424b-9868-57a2d4851a1d" />
    <TestEntry testId="c1622c67-8934-6098-5c3f-000e90cb0bbf" executionId="6ede0a1e-c3f5-4b64-9ae5-1fce8adf7bbb" testListId="8c84fa94-04c1-424b-9868-57a2d4851a1d" />
    <TestEntry testId="c852d483-d9e0-2c2b-b9c0-ac3a615cecaf" executionId="68fcdb5e-ac0a-439d-9022-9675ad2846fc" testListId="8c84fa94-04c1-424b-9868-57a2d4851a1d" />
    <TestEntry testId="7b296182-9791-5bb6-d0bc-cac1175b5b79" executionId="dc7d353e-6592-447c-a8f7-ff8e4d114c26" testListId="8c84fa94-04c1-424b-9868-57a2d4851a1d" />
    <TestEntry testId="107b14c3-6a21-48da-a917-3a863ef45b45" executionId="49b3b03d-8a21-4992-a293-0d8fe6e17e24" testListId="8c84fa94-04c1-424b-9868-57a2d4851a1d" />
    <TestEntry testId="8c9d0f43-0c95-b12f-4abf-b89bea8f7dec" executionId="8e258a2e-fe4c-4d95-9bbe-d0bf7fd11664" testListId="8c84fa94-04c1-424b-9868-57a2d4851a1d" />
    <TestEntry testId="1c24a4c8-79d9-1a7e-b3df-8a6211e695a8" executionId="c20364b3-629f-4d96-b583-eff60d47bb68" testListId="8c84fa94-04c1-424b-9868-57a2d4851a1d" />
    <TestEntry testId="8a840b5c-7cc0-3e0e-9c58-be69d6fcfb38" executionId="2ef0e6e8-1590-4553-95c6-7a13eaa73c09" testListId="8c84fa94-04c1-424b-9868-57a2d4851a1d" />
    <TestEntry testId="eee8a259-a056-ce20-fd00-ef8675395c38" executionId="a124267d-8b90-4c98-801c-8e4f0e335aa0" testListId="8c84fa94-04c1-424b-9868-57a2d4851a1d" />
    <TestEntry testId="af71ed0e-187b-fd2b-1963-f93916cf4abc" executionId="a5dc2335-62e2-4cf5-b16a-862044cf2c3f" testListId="8c84fa94-04c1-424b-9868-57a2d4851a1d" />
    <TestEntry testId="f2effcb5-d303-005d-6682-8ccbac2c3bbc" executionId="ea27640a-fc76-4775-bb4a-07733dbd22b7" testListId="8c84fa94-04c1-424b-9868-57a2d4851a1d" />
    <TestEntry testId="45ce53b6-2a00-442b-a6cc-32488dfaae90" executionId="7b4bc7f2-f816-442b-b232-d7c723f06b53" testListId="8c84fa94-04c1-424b-9868-57a2d4851a1d" />
    <TestEntry testId="8830f43b-5d5e-0d90-f334-a1cf125e39b1" executionId="fccb686f-2c0b-401b-8f7e-e4a6353020de" testListId="8c84fa94-04c1-424b-9868-57a2d4851a1d" />
    <TestEntry testId="3b4e9ba3-5a1a-3d04-7b0a-c75c5f0c3a72" executionId="75e99eed-c6e9-4b58-b102-b7e73a553f6f" testListId="8c84fa94-04c1-424b-9868-57a2d4851a1d" />
    <TestEntry testId="7cf60077-2671-481f-1310-11968c982eb2" executionId="9121bdc5-3c41-4c63-bb2b-7dadefaecf6c" testListId="8c84fa94-04c1-424b-9868-57a2d4851a1d" />
    <TestEntry testId="70886465-8a9c-f3a3-e66e-9c4d9f1e425f" executionId="d21fe4e0-1d4c-4db4-92a0-000d5a3c1f29" testListId="8c84fa94-04c1-424b-9868-57a2d4851a1d" />
    <TestEntry testId="aadb342a-ff06-0cc2-8ee7-a275dc1cd7f8" executionId="18749415-e348-4a68-abc0-1ab7857745a9" testListId="8c84fa94-04c1-424b-9868-57a2d4851a1d" />
    <TestEntry testId="b55addd3-5335-70b5-4725-96a0e81794df" executionId="77c51fde-16c8-471c-b552-7940d3347812" testListId="8c84fa94-04c1-424b-9868-57a2d4851a1d" />
    <TestEntry testId="5095d613-b74e-da81-c8c0-bc71c282beb3" executionId="90367972-8a11-4fad-aaa5-673f94110d3c" testListId="8c84fa94-04c1-424b-9868-57a2d4851a1d" />
    <TestEntry testId="85fbbcd0-881b-ae29-40f1-5696b7e80975" executionId="e6158e11-a100-4e63-9e94-555caf7fbbfb" testListId="8c84fa94-04c1-424b-9868-57a2d4851a1d" />
    <TestEntry testId="c6b0eba2-ea22-d188-1409-7b75cdedc201" executionId="2094531a-82ae-4940-aca6-1b1a3097c637" testListId="8c84fa94-04c1-424b-9868-57a2d4851a1d" />
    <TestEntry testId="6993f887-a58d-8b2d-0d37-9a2f5f848573" executionId="7836f21c-2319-47dd-a9dc-9e0a7ff1a01b" testListId="8c84fa94-04c1-424b-9868-57a2d4851a1d" />
    <TestEntry testId="62c465a4-ad44-3be7-a78e-7e91064f29e0" executionId="2c1d48de-8527-4c8a-9dec-9c40b45ed2df" testListId="8c84fa94-04c1-424b-9868-57a2d4851a1d" />
    <TestEntry testId="45e75a0d-4283-5aac-6b8e-d457bbb3aa8a" executionId="f0fe9dec-aeb5-43e8-badd-4ba9a4d42225" testListId="8c84fa94-04c1-424b-9868-57a2d4851a1d" />
    <TestEntry testId="286237b8-58c5-8f71-48e4-5e1734d0ac85" executionId="06f119d1-9f9c-4219-9a0e-0794ee582169" testListId="8c84fa94-04c1-424b-9868-57a2d4851a1d" />
    <TestEntry testId="6149a481-7ba1-ce8d-da96-1adf4aeb4783" executionId="5f8235d3-775f-4ce0-a796-12e598dd1732" testListId="8c84fa94-04c1-424b-9868-57a2d4851a1d" />
    <TestEntry testId="a3ace3b8-2cc6-88df-a94a-a9602ec1951a" executionId="d0c5ee90-74a0-4c0c-9031-2850f8b9afcc" testListId="8c84fa94-04c1-424b-9868-57a2d4851a1d" />
    <TestEntry testId="a968b87e-cff6-bf9a-9da7-2e125015401d" executionId="f55164ee-4ee4-4e68-9344-1fe62c663e78" testListId="8c84fa94-04c1-424b-9868-57a2d4851a1d" />
    <TestEntry testId="16ee0ac6-17eb-3505-339b-384a8e931cbc" executionId="ec5d753e-8ad4-4f4d-9e90-c4b50a54b3ef" testListId="8c84fa94-04c1-424b-9868-57a2d4851a1d" />
    <TestEntry testId="bd9d6efd-ee5b-c8e1-7fe2-91d5e9a397a3" executionId="6b1331f7-4b0d-4ed9-8406-0baa5dee9a6f" testListId="8c84fa94-04c1-424b-9868-57a2d4851a1d" />
    <TestEntry testId="af1fb9a2-8a78-6d8f-f175-66671f902a9b" executionId="18cf9565-7556-4b63-ba78-00a78abc66bf" testListId="8c84fa94-04c1-424b-9868-57a2d4851a1d" />
    <TestEntry testId="da2d2e18-01f0-acb5-e8f2-d394d1e9d5f0" executionId="e6255005-f92f-4d9f-9ab4-0da680506499" testListId="8c84fa94-04c1-424b-9868-57a2d4851a1d" />
  </TestEntries>
  <TestLists>
    <TestList name="Results Not in a List" id="8c84fa94-04c1-424b-9868-57a2d4851a1d" />
    <TestList name="All Loaded Results" id="19431567-8539-422a-85d7-44ee4e166bda" />
  </TestLists>
  <ResultSummary outcome="Completed">
    <Counters total="415" executed="413" passed="413" failed="0" error="0" timeout="0" aborted="0" inconclusive="0" passedButRunAborted="0" notRunnable="0" notExecuted="0" disconnected="0" warning="0" completed="0" inProgress="0" pending="0" />
    <Output>
      <StdOut>Test 'ReorderTilesOrdersByPositionServer' was skipped in the test run.&#xD;
Test 'ReorderTilesOrdersByPositionCamera' was skipped in the test run.&#xD;
</StdOut>
    </Output>
  </ResultSummary>
</TestRun>