<?xml version="1.0" encoding="utf-8"?>
<TestRun id="43c6aac1-e1ff-40bf-a3cf-dfab470e649b" name="DKSR-EFI-06$@DKSR-EFI-06 2024-01-09 15:47:40" runUser="NT AUTHORITY\NETWORK SERVICE" xmlns="http://microsoft.com/schemas/VisualStudio/TeamTest/2010">
  <Times creation="2024-01-09T15:47:40.9818944+01:00" queuing="2024-01-09T15:47:40.9818944+01:00" start="2024-01-09T15:47:37.4034182+01:00" finish="2024-01-09T15:48:53.1447261+01:00" />
  <TestSettings name="default" id="3ad5fdae-f9a8-48c4-a12f-e5e42bf49fa0">
    <Deployment runDeploymentRoot="DKSR-EFI-06$_DKSR-EFI-06_2024-01-09_15_47_40" />
  </TestSettings>
  <Results>
    <UnitTestResult executionId="2f64c703-a9c5-4913-a818-d80e0427a5ca" testId="f710e014-90ce-d71f-9c5f-5c71e6c4af0c" testName="Execute_CopyToClipboardCommand_ClipboardContainsText" computerName="DKSR-EFI-06" duration="00:00:00.0065943" startTime="2024-01-09T15:48:45.0121503+01:00" endTime="2024-01-09T15:48:45.0189073+01:00" testType="13cdc9d9-ddb5-4fa4-a97d-d965ccfc6d4b" outcome="Passed" testListId="8c84fa94-04c1-424b-9868-57a2d4851a1d" relativeResultsDirectory="2f64c703-a9c5-4913-a818-d80e0427a5ca" />
    <UnitTestResult executionId="8b881a4c-5c05-4b4e-90a5-cff73afbf322" testId="80e1e452-82cf-b088-db40-d28f7d32c62d" testName="EvidenceLock when Other" computerName="DKSR-EFI-06" duration="00:00:00.0158292" startTime="2024-01-09T15:48:44.4031801+01:00" endTime="2024-01-09T15:48:44.6194645+01:00" testType="13cdc9d9-ddb5-4fa4-a97d-d965ccfc6d4b" outcome="Passed" testListId="8c84fa94-04c1-424b-9868-57a2d4851a1d" relativeResultsDirectory="8b881a4c-5c05-4b4e-90a5-cff73afbf322" />
    <UnitTestResult executionId="6e702f80-1c84-4ad3-9280-cb3e15cf22bd" testId="84fbc41b-f8b3-97c4-0d80-49164e74cf8a" testName="ApplyStatesToUi_StateWithItemSize_UpdateItemSizeCalled" computerName="DKSR-EFI-06" duration="00:00:00.7118006" startTime="2024-01-09T15:48:02.4844646+01:00" endTime="2024-01-09T15:48:03.1993009+01:00" testType="13cdc9d9-ddb5-4fa4-a97d-d965ccfc6d4b" outcome="Passed" testListId="8c84fa94-04c1-424b-9868-57a2d4851a1d" relativeResultsDirectory="6e702f80-1c84-4ad3-9280-cb3e15cf22bd" />
    <UnitTestResult executionId="80a591f3-d46c-4ea0-8e23-fb0666aaf445" testId="15f7fdde-30c5-c5bb-c91a-0ce0590214e2" testName="GetViewGroups" computerName="DKSR-EFI-06" duration="00:00:00.0032733" startTime="2024-01-09T15:47:43.3013455+01:00" endTime="2024-01-09T15:47:43.3048877+01:00" testType="13cdc9d9-ddb5-4fa4-a97d-d965ccfc6d4b" outcome="Passed" testListId="8c84fa94-04c1-424b-9868-57a2d4851a1d" relativeResultsDirectory="80a591f3-d46c-4ea0-8e23-fb0666aaf445" />
    <UnitTestResult executionId="3c854157-9453-46be-b87b-7b9b6a8f750f" testId="c28e213e-317a-4527-5d0b-e1f50d0ea576" testName="SearchResultsActionBarActions_MipAction_Exists" computerName="DKSR-EFI-06" duration="00:00:00.1637809" startTime="2024-01-09T15:48:22.6408146+01:00" endTime="2024-01-09T15:48:22.8047785+01:00" testType="13cdc9d9-ddb5-4fa4-a97d-d965ccfc6d4b" outcome="Passed" testListId="8c84fa94-04c1-424b-9868-57a2d4851a1d" relativeResultsDirectory="3c854157-9453-46be-b87b-7b9b6a8f750f" />
    <UnitTestResult executionId="ea107dc2-933d-4d0e-9460-e515e0f4017e" testId="ebe31b64-a15f-5d1c-5a6d-837a5656ceb3" testName="SmartMapGoToPositionHandler_WhenViewIndexDoesNotMatch_ShouldDoNothing" computerName="DKSR-EFI-06" duration="00:00:00.0016750" startTime="2024-01-09T15:47:49.6807496+01:00" endTime="2024-01-09T15:47:49.6825609+01:00" testType="13cdc9d9-ddb5-4fa4-a97d-d965ccfc6d4b" outcome="Passed" testListId="8c84fa94-04c1-424b-9868-57a2d4851a1d" relativeResultsDirectory="ea107dc2-933d-4d0e-9460-e515e0f4017e" />
    <UnitTestResult executionId="4dfd88ed-97c4-4d40-84cd-e94bf9bc5162" testId="1242f06f-0c87-0502-1a6f-b0f180763fd7" testName="PtzSessionController_Register_Camera_Generates_PtzSessionUserChangedEvent_Test" computerName="DKSR-EFI-06" duration="00:00:00.0033686" startTime="2024-01-09T15:47:43.1647203+01:00" endTime="2024-01-09T15:47:43.1682673+01:00" testType="13cdc9d9-ddb5-4fa4-a97d-d965ccfc6d4b" outcome="Passed" testListId="8c84fa94-04c1-424b-9868-57a2d4851a1d" relativeResultsDirectory="4dfd88ed-97c4-4d40-84cd-e94bf9bc5162" />
    <UnitTestResult executionId="4c3d3364-9629-458a-a6f3-7db603b88884" testId="45426788-53bd-fdd6-9e67-f15e7f5b5490" testName="MoveToTop_ShouldMoveMarkerTopmost_WhenNotAlreadyTopmost" computerName="DKSR-EFI-06" duration="00:00:00.0406967" startTime="2024-01-09T15:47:46.2376631+01:00" endTime="2024-01-09T15:47:46.2839432+01:00" testType="13cdc9d9-ddb5-4fa4-a97d-d965ccfc6d4b" outcome="Passed" testListId="8c84fa94-04c1-424b-9868-57a2d4851a1d" relativeResultsDirectory="4c3d3364-9629-458a-a6f3-7db603b88884" />
    <UnitTestResult executionId="5be82829-279f-4d78-8ddb-a47fe430133a" testId="0d8d7f88-cdb1-c8e3-59a9-3cff81206fb2" testName="UpdateMarkers_OnResize_Success" computerName="DKSR-EFI-06" duration="00:00:00.0308540" startTime="2024-01-09T15:48:12.6424213+01:00" endTime="2024-01-09T15:48:12.6760702+01:00" testType="13cdc9d9-ddb5-4fa4-a97d-d965ccfc6d4b" outcome="Passed" testListId="8c84fa94-04c1-424b-9868-57a2d4851a1d" relativeResultsDirectory="5be82829-279f-4d78-8ddb-a47fe430133a" />
    <UnitTestResult executionId="889b700b-647b-4912-a5f8-e9574c155657" testId="5d6c44db-c687-1340-5e99-d0beeace71f3" testName="Outline_ShouldRejectSet_WhenOutlineIsNull" computerName="DKSR-EFI-06" duration="00:00:00.0055232" startTime="2024-01-09T15:48:38.6038858+01:00" endTime="2024-01-09T15:48:38.6095938+01:00" testType="13cdc9d9-ddb5-4fa4-a97d-d965ccfc6d4b" outcome="Passed" testListId="8c84fa94-04c1-424b-9868-57a2d4851a1d" relativeResultsDirectory="889b700b-647b-4912-a5f8-e9574c155657" />
    <UnitTestResult executionId="7cfb939e-cab0-4200-a6e6-39b594dfc50f" testId="5f62afcf-78b1-cf27-ec49-8afca2d6fc38" testName="PtzSessionControllerInfo_TimeChangedTest_Different_Timeout" computerName="DKSR-EFI-06" duration="00:00:00.0002833" startTime="2024-01-09T15:47:43.2143781+01:00" endTime="2024-01-09T15:47:43.2148119+01:00" testType="13cdc9d9-ddb5-4fa4-a97d-d965ccfc6d4b" outcome="Passed" testListId="8c84fa94-04c1-424b-9868-57a2d4851a1d" relativeResultsDirectory="7cfb939e-cab0-4200-a6e6-39b594dfc50f" />
    <UnitTestResult executionId="7c71a0d2-7657-42b4-8e80-d3e88595010a" testId="9293549a-e4d8-25ee-0a7e-0a58daedfd4d" testName="SequenceEntryDto_ShouldYieldSameValues_WhenRoundTripConverted" computerName="DKSR-EFI-06" duration="00:00:00.0014084" startTime="2024-01-09T15:47:41.0033879+01:00" endTime="2024-01-09T15:47:41.0048997+01:00" testType="13cdc9d9-ddb5-4fa4-a97d-d965ccfc6d4b" outcome="Passed" testListId="8c84fa94-04c1-424b-9868-57a2d4851a1d" relativeResultsDirectory="7c71a0d2-7657-42b4-8e80-d3e88595010a" />
    <UnitTestResult executionId="5bfb2674-35d9-4415-88aa-fff2d731b55a" testId="47525e4b-96e7-dfdf-5445-9a26f7449bd8" testName="CameraListCleared_ShouldRemoveAnyPendingSearches" computerName="DKSR-EFI-06" duration="00:00:00.0038888" startTime="2024-01-09T15:48:26.4745012+01:00" endTime="2024-01-09T15:48:26.4785302+01:00" testType="13cdc9d9-ddb5-4fa4-a97d-d965ccfc6d4b" outcome="Passed" testListId="8c84fa94-04c1-424b-9868-57a2d4851a1d" relativeResultsDirectory="5bfb2674-35d9-4415-88aa-fff2d731b55a" />
    <UnitTestResult executionId="379909a4-f5fc-4c02-93c4-7217ccf1beb5" testId="19c9cf52-9433-0ae2-27f1-e1c0ebb67acf" testName="Initialize_NullState_DoesNotCrash" computerName="DKSR-EFI-06" duration="00:00:00.0068015" startTime="2024-01-09T15:48:10.2520009+01:00" endTime="2024-01-09T15:48:10.2614486+01:00" testType="13cdc9d9-ddb5-4fa4-a97d-d965ccfc6d4b" outcome="Passed" testListId="8c84fa94-04c1-424b-9868-57a2d4851a1d" relativeResultsDirectory="379909a4-f5fc-4c02-93c4-7217ccf1beb5" />
    <UnitTestResult executionId="4dfdf980-b78b-4fc7-80a5-36b3fb8818b8" testId="1869091f-40a7-b7a8-b1dc-92bece636d41" testName="ToUnsafeName_SingleSafeName_Success" computerName="DKSR-EFI-06" duration="00:00:00.0001036" startTime="2024-01-09T15:48:51.6651495+01:00" endTime="2024-01-09T15:48:51.6653662+01:00" testType="13cdc9d9-ddb5-4fa4-a97d-d965ccfc6d4b" outcome="Passed" testListId="8c84fa94-04c1-424b-9868-57a2d4851a1d" relativeResultsDirectory="4dfdf980-b78b-4fc7-80a5-36b3fb8818b8" />
    <UnitTestResult executionId="f4d3b790-d713-42b3-91e4-4e61a5040471" testId="dd385b74-b0ce-69dd-5bae-8f3c49a74f34" testName="SupportsRightClick_ShouldBeFalse_WhenInteractionStateIsNotNormal" computerName="DKSR-EFI-06" duration="00:00:00.0178016" startTime="2024-01-09T15:47:47.8627260+01:00" endTime="2024-01-09T15:47:47.8830629+01:00" testType="13cdc9d9-ddb5-4fa4-a97d-d965ccfc6d4b" outcome="Passed" testListId="8c84fa94-04c1-424b-9868-57a2d4851a1d" relativeResultsDirectory="f4d3b790-d713-42b3-91e4-4e61a5040471" />
    <UnitTestResult executionId="8a66f1c6-c9a6-400f-876a-e634f825360b" testId="3d65563e-5c93-99b0-3def-2e75403bb40e" testName="CreateDefinition_NoItems_SearchNotStarted" computerName="DKSR-EFI-06" duration="00:00:00.0031895" startTime="2024-01-09T15:48:26.3804888+01:00" endTime="2024-01-09T15:48:26.3838227+01:00" testType="13cdc9d9-ddb5-4fa4-a97d-d965ccfc6d4b" outcome="Passed" testListId="8c84fa94-04c1-424b-9868-57a2d4851a1d" relativeResultsDirectory="8a66f1c6-c9a6-400f-876a-e634f825360b" />
    <UnitTestResult executionId="6c4c222a-f5fa-4945-86c7-aa03649a7437" testId="651e8dde-0b5e-5bed-5256-d6a71b2a59d0" testName="GetLayerFeatures_ShouldReturnCameraLayerFeaturesBasedOnCameraItemsMapLayer_WhenCameraKind" computerName="DKSR-EFI-06" duration="00:00:00.0015161" startTime="2024-01-09T15:48:43.0480492+01:00" endTime="2024-01-09T15:48:43.0497143+01:00" testType="13cdc9d9-ddb5-4fa4-a97d-d965ccfc6d4b" outcome="Passed" testListId="8c84fa94-04c1-424b-9868-57a2d4851a1d" relativeResultsDirectory="6c4c222a-f5fa-4945-86c7-aa03649a7437" />
    <UnitTestResult executionId="5503c26a-c0fe-4d79-aa8f-61650979e96f" testId="b2f0581d-5dcb-6a8a-df35-b5108915cfe4" testName="ActionBarPluginsEnabled_TwoPluginsOneThirdPartyAndOneNot_ThirdPartyPrioritizedLowerThanNonThirdParty" computerName="DKSR-EFI-06" duration="00:00:00.0191179" startTime="2024-01-09T15:47:53.9446890+01:00" endTime="2024-01-09T15:47:53.9664969+01:00" testType="13cdc9d9-ddb5-4fa4-a97d-d965ccfc6d4b" outcome="Passed" testListId="8c84fa94-04c1-424b-9868-57a2d4851a1d" relativeResultsDirectory="5503c26a-c0fe-4d79-aa8f-61650979e96f" />
    <UnitTestResult executionId="4a3517cf-107f-4ed9-9679-b166266fd47a" testId="e2466cfc-7e0f-fee8-93df-e8c746cb8a63" testName="OnMarkerRightClicked_ShouldUseCrossTypeMenuItems_WhenMultipleItemsFromDifferentLayersAreSelected" computerName="DKSR-EFI-06" duration="00:00:00.0181638" startTime="2024-01-09T15:47:47.0803876+01:00" endTime="2024-01-09T15:47:47.1011431+01:00" testType="13cdc9d9-ddb5-4fa4-a97d-d965ccfc6d4b" outcome="Passed" testListId="8c84fa94-04c1-424b-9868-57a2d4851a1d" relativeResultsDirectory="4a3517cf-107f-4ed9-9679-b166266fd47a" />
    <UnitTestResult executionId="8ef0ebb1-5a6e-4310-90a3-d6367a515ba2" testId="4cca1d5f-44b2-3473-1e35-1d77003b5df5" testName="LoadBoundingShapes_RectangleShapeWithNegativeWidth_NotAddedToUI" computerName="DKSR-EFI-06" duration="00:00:00.0133540" startTime="2024-01-09T15:48:37.7825614+01:00" endTime="2024-01-09T15:48:37.7983472+01:00" testType="13cdc9d9-ddb5-4fa4-a97d-d965ccfc6d4b" outcome="Passed" testListId="8c84fa94-04c1-424b-9868-57a2d4851a1d" relativeResultsDirectory="8ef0ebb1-5a6e-4310-90a3-d6367a515ba2" />
    <UnitTestResult executionId="c70870b0-6a9f-43ca-8954-95526c1f0323" testId="daa7dc49-f207-f73b-e691-533a5b8c5990" testName="ZoomIn_MapSet_MapZoomInInvoked" computerName="DKSR-EFI-06" duration="00:00:00.0046150" startTime="2024-01-09T15:47:45.9827660+01:00" endTime="2024-01-09T15:47:45.9875431+01:00" testType="13cdc9d9-ddb5-4fa4-a97d-d965ccfc6d4b" outcome="Passed" testListId="8c84fa94-04c1-424b-9868-57a2d4851a1d" relativeResultsDirectory="c70870b0-6a9f-43ca-8954-95526c1f0323" />
    <UnitTestResult executionId="36026cbe-6748-40b3-8a71-62c1b22830b4" testId="a32220e9-95d2-d3ef-9079-aef9756aa4b6" testName="AddToExportTuples_ShouldReturnCorrectResult (0,5,0)" computerName="DKSR-EFI-06" duration="00:00:00.0044580" startTime="2024-01-09T15:48:45.3209845+01:00" endTime="2024-01-09T15:48:45.3256657+01:00" testType="13cdc9d9-ddb5-4fa4-a97d-d965ccfc6d4b" outcome="Passed" testListId="8c84fa94-04c1-424b-9868-57a2d4851a1d" relativeResultsDirectory="36026cbe-6748-40b3-8a71-62c1b22830b4" />
    <UnitTestResult executionId="02495e75-f383-4061-b6ff-f32c76247b46" testId="ddbacd2a-c40a-102c-db67-c9bb149b6b99" testName="PtzSessionControllerInfo_ReservedChangedTest_Different_CameraId" computerName="DKSR-EFI-06" duration="00:00:00.0002164" startTime="2024-01-09T15:47:43.2227619+01:00" endTime="2024-01-09T15:47:43.2230813+01:00" testType="13cdc9d9-ddb5-4fa4-a97d-d965ccfc6d4b" outcome="Passed" testListId="8c84fa94-04c1-424b-9868-57a2d4851a1d" relativeResultsDirectory="02495e75-f383-4061-b6ff-f32c76247b46" />
    <UnitTestResult executionId="0442321d-a0ec-438d-b3ee-7f9b7e05e1b6" testId="1a507d86-1921-f620-6368-d6adb1877080" testName="TestCreateMipTabWorkroom_Two_Success" computerName="DKSR-EFI-06" duration="00:00:00.0144172" startTime="2024-01-09T15:47:42.6902679+01:00" endTime="2024-01-09T15:47:42.7049771+01:00" testType="13cdc9d9-ddb5-4fa4-a97d-d965ccfc6d4b" outcome="Passed" testListId="8c84fa94-04c1-424b-9868-57a2d4851a1d" relativeResultsDirectory="0442321d-a0ec-438d-b3ee-7f9b7e05e1b6" />
    <UnitTestResult executionId="793e9aff-b636-4b28-b51c-490226b552f5" testId="2111d8db-c64b-ce9e-32b3-88fa21541431" testName="PtzSessionController_Start_Test" computerName="DKSR-EFI-06" duration="00:00:00.0007767" startTime="2024-01-09T15:47:43.1778178+01:00" endTime="2024-01-09T15:47:43.1787186+01:00" testType="13cdc9d9-ddb5-4fa4-a97d-d965ccfc6d4b" outcome="Passed" testListId="8c84fa94-04c1-424b-9868-57a2d4851a1d" relativeResultsDirectory="793e9aff-b636-4b28-b51c-490226b552f5" />
    <UnitTestResult executionId="5945cff8-12f2-4f3f-b800-0b41daeaa5d2" testId="a189583c-978a-c969-def3-f27770df3054" testName="ClearAllItemOutlines_MappedToViewModel_Success" computerName="DKSR-EFI-06" duration="00:00:00.0089555" startTime="2024-01-09T15:47:49.9674513+01:00" endTime="2024-01-09T15:47:49.9788592+01:00" testType="13cdc9d9-ddb5-4fa4-a97d-d965ccfc6d4b" outcome="Passed" testListId="8c84fa94-04c1-424b-9868-57a2d4851a1d" relativeResultsDirectory="5945cff8-12f2-4f3f-b800-0b41daeaa5d2" />
    <UnitTestResult executionId="478fea5b-fcc4-45b0-976a-f1b30fb30734" testId="f1b8d3af-7232-b482-4982-8c83d005f2cf" testName="CreateExportDialog_ProjectCommentOnlyVisible_WhenSmartClientFormatIsIncluded" computerName="DKSR-EFI-06" duration="00:00:00.0063137" startTime="2024-01-09T15:47:51.3688563+01:00" endTime="2024-01-09T15:47:51.3754133+01:00" testType="13cdc9d9-ddb5-4fa4-a97d-d965ccfc6d4b" outcome="Passed" testListId="8c84fa94-04c1-424b-9868-57a2d4851a1d" relativeResultsDirectory="478fea5b-fcc4-45b0-976a-f1b30fb30734" />
    <UnitTestResult executionId="42912aed-a77b-4016-ad1f-0c5ecbfe452a" testId="80e60020-24f2-b8c1-7ee1-a8544259cfd1" testName="BoundingBoxLiveStartNoLiveHandler" computerName="DKSR-EFI-06" duration="00:00:00.0008287" startTime="2024-01-09T15:48:46.2313886+01:00" endTime="2024-01-09T15:48:46.2323529+01:00" testType="13cdc9d9-ddb5-4fa4-a97d-d965ccfc6d4b" outcome="Passed" testListId="8c84fa94-04c1-424b-9868-57a2d4851a1d" relativeResultsDirectory="42912aed-a77b-4016-ad1f-0c5ecbfe452a" />
    <UnitTestResult executionId="d7b1c00b-16a7-445b-8b46-4e6587d4faf0" testId="c620d01b-a235-adbe-ef3b-c8f7cbb07bda" testName="AndOrSearchDefinitionToCornerRadiusMultiConverter_CallConvert_Or" computerName="DKSR-EFI-06" duration="00:00:00.0003727" startTime="2024-01-09T15:48:10.2687914+01:00" endTime="2024-01-09T15:48:10.2692930+01:00" testType="13cdc9d9-ddb5-4fa4-a97d-d965ccfc6d4b" outcome="Passed" testListId="8c84fa94-04c1-424b-9868-57a2d4851a1d" relativeResultsDirectory="d7b1c00b-16a7-445b-8b46-4e6587d4faf0" />
    <UnitTestResult executionId="c85d0a5f-3362-49f3-8b39-b2d3838c48a9" testId="17c23f4a-d1aa-c7f2-4b0c-28e098799329" testName="GetServerTypes_ShouldReturnMobileServerType" computerName="DKSR-EFI-06" duration="00:00:00.0003011" startTime="2024-01-09T15:48:46.9688355+01:00" endTime="2024-01-09T15:48:46.9692757+01:00" testType="13cdc9d9-ddb5-4fa4-a97d-d965ccfc6d4b" outcome="Passed" testListId="8c84fa94-04c1-424b-9868-57a2d4851a1d" relativeResultsDirectory="c85d0a5f-3362-49f3-8b39-b2d3838c48a9" />
    <UnitTestResult executionId="13b9270d-1225-4e50-b6d3-67d0980aef27" testId="d02a9bfe-ef70-0b80-6768-a063d853aefd" testName="TestInitializeWorkrooms_AllBuiltinWorkroomsWithSearchTabAsInitialWorkroom_Success" computerName="DKSR-EFI-06" duration="00:00:00.0229313" startTime="2024-01-09T15:47:42.9524489+01:00" endTime="2024-01-09T15:47:42.9755620+01:00" testType="13cdc9d9-ddb5-4fa4-a97d-d965ccfc6d4b" outcome="Passed" testListId="8c84fa94-04c1-424b-9868-57a2d4851a1d" relativeResultsDirectory="13b9270d-1225-4e50-b6d3-67d0980aef27" />
    <UnitTestResult executionId="cf3a9b46-ba19-4734-9249-debb05237590" testId="787ee61a-eea4-f68b-10a6-56765d45d4e8" testName="Remove_ShouldRemoveViewItemFromIncludedViewItemsForSelectedView" computerName="DKSR-EFI-06" duration="00:00:00.0007571" startTime="2024-01-09T15:47:43.2328246+01:00" endTime="2024-01-09T15:47:43.2337370+01:00" testType="13cdc9d9-ddb5-4fa4-a97d-d965ccfc6d4b" outcome="Passed" testListId="8c84fa94-04c1-424b-9868-57a2d4851a1d" relativeResultsDirectory="cf3a9b46-ba19-4734-9249-debb05237590" />
    <UnitTestResult executionId="2a333e41-15d1-462a-9ea5-78a8e108a29b" testId="9060f73f-d5fa-875e-8bed-572cba260200" testName="CloseDeviceSelectorUserControl_ShouldCallDispose_WhenUserControlImplementsIDisposable" computerName="DKSR-EFI-06" duration="00:00:00.0009875" startTime="2024-01-09T15:47:45.9523191+01:00" endTime="2024-01-09T15:47:45.9559421+01:00" testType="13cdc9d9-ddb5-4fa4-a97d-d965ccfc6d4b" outcome="Passed" testListId="8c84fa94-04c1-424b-9868-57a2d4851a1d" relativeResultsDirectory="2a333e41-15d1-462a-9ea5-78a8e108a29b" />
    <UnitTestResult executionId="50550e4a-ed61-4e0e-8dbc-119fbfb6e8cf" testId="131a26fa-18ee-ab45-1c25-e4348e5f16b7" testName="GetDuration_OneDay_Success" computerName="DKSR-EFI-06" duration="00:00:00.0001594" startTime="2024-01-09T15:48:25.9133674+01:00" endTime="2024-01-09T15:48:25.9136508+01:00" testType="13cdc9d9-ddb5-4fa4-a97d-d965ccfc6d4b" outcome="Passed" testListId="8c84fa94-04c1-424b-9868-57a2d4851a1d" relativeResultsDirectory="50550e4a-ed61-4e0e-8dbc-119fbfb6e8cf" />
    <UnitTestResult executionId="c8fdee06-e9d6-44b9-a668-5c89f2308bee" testId="337537ae-5ca8-61cb-549e-269d84719921" testName="SmartSearchStatusType_ShouldYieldSameValuesForAllEnumValues_WhenRoundTripConverted (SearchResultReady,SearchResultReady)" computerName="DKSR-EFI-06" duration="00:00:00.0000080" startTime="2024-01-09T15:47:41.0217979+01:00" endTime="2024-01-09T15:47:41.0219066+01:00" testType="13cdc9d9-ddb5-4fa4-a97d-d965ccfc6d4b" outcome="Passed" testListId="8c84fa94-04c1-424b-9868-57a2d4851a1d" relativeResultsDirectory="c8fdee06-e9d6-44b9-a668-5c89f2308bee" />
    <UnitTestResult executionId="b0e8ff4f-340c-42bf-9d01-c45168d0a89e" testId="bfbae833-a487-affd-e910-685bd64afc57" testName="OnLayersRetrieved_ShouldSetComponentsToCameraAndInput_WhenLayersCollectionContainsCameraAndInputAndOutput" computerName="DKSR-EFI-06" duration="00:00:00.0695786" startTime="2024-01-09T15:47:44.9861725+01:00" endTime="2024-01-09T15:47:45.0585723+01:00" testType="13cdc9d9-ddb5-4fa4-a97d-d965ccfc6d4b" outcome="Passed" testListId="8c84fa94-04c1-424b-9868-57a2d4851a1d" relativeResultsDirectory="b0e8ff4f-340c-42bf-9d01-c45168d0a89e" />
    <UnitTestResult executionId="a9ecc1d2-6101-4105-9ce8-fb615f06d8c8" testId="6e773555-d3bc-18e6-58f4-6a33d2e565e0" testName="CreateExportDialog_CanCreateExport_WithDefaults" computerName="DKSR-EFI-06" duration="00:00:00.0448241" startTime="2024-01-09T15:47:51.2544788+01:00" endTime="2024-01-09T15:47:51.2996211+01:00" testType="13cdc9d9-ddb5-4fa4-a97d-d965ccfc6d4b" outcome="Passed" testListId="8c84fa94-04c1-424b-9868-57a2d4851a1d" relativeResultsDirectory="a9ecc1d2-6101-4105-9ce8-fb615f06d8c8" />
    <UnitTestResult executionId="65545177-a4bd-4485-b66b-6ad5f8811ce8" testId="64bb4b70-7e25-7afc-6d81-0c3474ed7a2b" testName="TimeLineInformationDataDto_ShouldYieldSameValues_WhenRoundTripConverted" computerName="DKSR-EFI-06" duration="00:00:00.0016627" startTime="2024-01-09T15:47:41.0103285+01:00" endTime="2024-01-09T15:47:41.0120940+01:00" testType="13cdc9d9-ddb5-4fa4-a97d-d965ccfc6d4b" outcome="Passed" testListId="8c84fa94-04c1-424b-9868-57a2d4851a1d" relativeResultsDirectory="65545177-a4bd-4485-b66b-6ad5f8811ce8" />
    <UnitTestResult executionId="bcc60267-e19d-4dbd-bb64-37cb3fb31abc" testId="3013af1b-1881-534b-ca91-63b1a27651d6" testName="SearchCriteria_AddAndRemoveFilterValues_SearchAttributesCorrect" computerName="DKSR-EFI-06" duration="00:00:00.0184207" startTime="2024-01-09T15:48:22.4320171+01:00" endTime="2024-01-09T15:48:22.4505771+01:00" testType="13cdc9d9-ddb5-4fa4-a97d-d965ccfc6d4b" outcome="Passed" testListId="8c84fa94-04c1-424b-9868-57a2d4851a1d" relativeResultsDirectory="bcc60267-e19d-4dbd-bb64-37cb3fb31abc" />
    <UnitTestResult executionId="927e39dc-0d10-402b-b805-a7bfaa6feab9" testId="a28e9689-4e5e-848d-448b-9fc289af2ecb" testName="Search_MultipleCategories_SearchCallsDelegatedToSearchManager" computerName="DKSR-EFI-06" duration="00:00:00.0070000" startTime="2024-01-09T15:48:37.3831327+01:00" endTime="2024-01-09T15:48:37.3902697+01:00" testType="13cdc9d9-ddb5-4fa4-a97d-d965ccfc6d4b" outcome="Passed" testListId="8c84fa94-04c1-424b-9868-57a2d4851a1d" relativeResultsDirectory="927e39dc-0d10-402b-b805-a7bfaa6feab9" />
    <UnitTestResult executionId="b988ba6a-6052-4bfd-af0a-0dc5e322f7f1" testId="65ef895f-879d-2d2d-7aa0-966d606f5376" testName="EndTime_ShouldBeSetToValueOfSearchResult" computerName="DKSR-EFI-06" duration="00:00:00.0003450" startTime="2024-01-09T15:48:26.7383615+01:00" endTime="2024-01-09T15:48:26.7388306+01:00" testType="13cdc9d9-ddb5-4fa4-a97d-d965ccfc6d4b" outcome="Passed" testListId="8c84fa94-04c1-424b-9868-57a2d4851a1d" relativeResultsDirectory="b988ba6a-6052-4bfd-af0a-0dc5e322f7f1" />
    <UnitTestResult executionId="fd110cf9-7aa2-493d-a84f-9729854ba1a8" testId="a00003bd-aa50-3927-aba0-52fe02475d39" testName="Convert_ShouldRaiseInvalidCastException_WhenParameterIsAnInteractionState" computerName="DKSR-EFI-06" duration="00:00:00.0002772" startTime="2024-01-09T15:47:44.4109355+01:00" endTime="2024-01-09T15:47:44.4113446+01:00" testType="13cdc9d9-ddb5-4fa4-a97d-d965ccfc6d4b" outcome="Passed" testListId="8c84fa94-04c1-424b-9868-57a2d4851a1d" relativeResultsDirectory="fd110cf9-7aa2-493d-a84f-9729854ba1a8" />
    <UnitTestResult executionId="fe2a832e-8252-495a-8757-c2dcbc413ac9" testId="2f8a4bab-4df9-e4ff-fb91-be0d70ec975d" testName="PatrollingProfileListViewModel_AddProfileExecute" computerName="DKSR-EFI-06" duration="00:00:00.0040041" startTime="2024-01-09T15:48:43.8462328+01:00" endTime="2024-01-09T15:48:43.8503881+01:00" testType="13cdc9d9-ddb5-4fa4-a97d-d965ccfc6d4b" outcome="Passed" testListId="8c84fa94-04c1-424b-9868-57a2d4851a1d" relativeResultsDirectory="fe2a832e-8252-495a-8757-c2dcbc413ac9" />
    <UnitTestResult executionId="92fe9af7-7d62-4755-bfa4-dc8f19c317be" testId="10a72da7-6e6a-e08f-6884-b1f500f16a56" testName="GisMapModel_DeleteBuildings_Success" computerName="DKSR-EFI-06" duration="00:00:00.0616891" startTime="2024-01-09T15:48:39.0285325+01:00" endTime="2024-01-09T15:48:39.0904512+01:00" testType="13cdc9d9-ddb5-4fa4-a97d-d965ccfc6d4b" outcome="Passed" testListId="8c84fa94-04c1-424b-9868-57a2d4851a1d" relativeResultsDirectory="92fe9af7-7d62-4755-bfa4-dc8f19c317be" />
    <UnitTestResult executionId="94cbdc64-9e04-451f-bf69-42c537c73bb5" testId="cf838b6b-7995-4cd7-4849-142f7382a183" testName="Serialize_ScopeItemsOnly_Success" computerName="DKSR-EFI-06" duration="00:00:00.0011378" startTime="2024-01-09T15:48:26.7902397+01:00" endTime="2024-01-09T15:48:26.7915093+01:00" testType="13cdc9d9-ddb5-4fa4-a97d-d965ccfc6d4b" outcome="Passed" testListId="8c84fa94-04c1-424b-9868-57a2d4851a1d" relativeResultsDirectory="94cbdc64-9e04-451f-bf69-42c537c73bb5" />
    <UnitTestResult executionId="187a33d8-641e-4122-9b84-712a08881af5" testId="c453d029-07d1-c3a5-eeb3-4f67d3418e09" testName="ResultCountText_OneResults_Success" computerName="DKSR-EFI-06" duration="00:00:00.0036019" startTime="2024-01-09T15:48:23.6240655+01:00" endTime="2024-01-09T15:48:23.6278079+01:00" testType="13cdc9d9-ddb5-4fa4-a97d-d965ccfc6d4b" outcome="Passed" testListId="8c84fa94-04c1-424b-9868-57a2d4851a1d" relativeResultsDirectory="187a33d8-641e-4122-9b84-712a08881af5" />
    <UnitTestResult executionId="fcf3a119-29f9-48f3-8da1-5b6d341c1d23" testId="184dde77-5a92-558e-ebbc-812bb20e2c0f" testName="PointMapItem_Load_CameraDevice_Success" computerName="DKSR-EFI-06" duration="00:00:00.0354446" startTime="2024-01-09T15:48:39.1327336+01:00" endTime="2024-01-09T15:48:39.1683818+01:00" testType="13cdc9d9-ddb5-4fa4-a97d-d965ccfc6d4b" outcome="Passed" testListId="8c84fa94-04c1-424b-9868-57a2d4851a1d" relativeResultsDirectory="fcf3a119-29f9-48f3-8da1-5b6d341c1d23" />
    <UnitTestResult executionId="e78a3899-091c-4bf7-a4f1-dc1a31ec86ce" testId="ed5d2d51-b6a2-01b7-2ce0-6c8ba87417c3" testName="AndOrSearchDefinitionToCornerRadiusMultiConverter_CallConvert_MiddleAnd" computerName="DKSR-EFI-06" duration="00:00:00.0005917" startTime="2024-01-09T15:48:10.2729592+01:00" endTime="2024-01-09T15:48:10.2737631+01:00" testType="13cdc9d9-ddb5-4fa4-a97d-d965ccfc6d4b" outcome="Passed" testListId="8c84fa94-04c1-424b-9868-57a2d4851a1d" relativeResultsDirectory="e78a3899-091c-4bf7-a4f1-dc1a31ec86ce" />
    <UnitTestResult executionId="ab11723e-71ee-429f-95de-e0370f5658af" testId="41ffe1b6-1bbb-2400-999f-02df2a743ad6" testName="Connect_WhenServerAuthenticationIsOAuthSecure_ShouldCreateSecureSchClient" computerName="DKSR-EFI-06" duration="00:00:00.0010927" startTime="2024-01-09T15:47:41.1901084+01:00" endTime="2024-01-09T15:47:41.1913392+01:00" testType="13cdc9d9-ddb5-4fa4-a97d-d965ccfc6d4b" outcome="Passed" testListId="8c84fa94-04c1-424b-9868-57a2d4851a1d" relativeResultsDirectory="ab11723e-71ee-429f-95de-e0370f5658af" />
    <UnitTestResult executionId="b13a6e19-f29f-4ac8-8a0f-0788dfa8e19e" testId="d83a6664-b710-0c77-9aee-d0cf89f7ee93" testName="Valid password bigger length" computerName="DKSR-EFI-06" duration="00:00:00.0000922" startTime="2024-01-09T15:47:52.2184349+01:00" endTime="2024-01-09T15:47:52.2186468+01:00" testType="13cdc9d9-ddb5-4fa4-a97d-d965ccfc6d4b" outcome="Passed" testListId="8c84fa94-04c1-424b-9868-57a2d4851a1d" relativeResultsDirectory="b13a6e19-f29f-4ac8-8a0f-0788dfa8e19e" />
    <UnitTestResult executionId="1e50d025-8a6b-4627-a87e-2403ff8b7360" testId="88adc3c3-8805-8765-8e54-e11a02ee63c8" testName="Constructor_ShouldRaiseArgumentNullException_WhenNextDeviceDataHandlerIsNull" computerName="DKSR-EFI-06" duration="00:00:00.0054594" startTime="2024-01-09T15:47:50.9990215+01:00" endTime="2024-01-09T15:47:51.0046675+01:00" testType="13cdc9d9-ddb5-4fa4-a97d-d965ccfc6d4b" outcome="Passed" testListId="8c84fa94-04c1-424b-9868-57a2d4851a1d" relativeResultsDirectory="1e50d025-8a6b-4627-a87e-2403ff8b7360" />
    <UnitTestResult executionId="980e1bcb-c6f1-4f73-9c90-ab3d11a48cb5" testId="6e48d542-e9b0-81b3-6d86-e61f8dff61ca" testName="FetchDeviceConfiguration_ShouldLoadCache_WhenCacheFileIsPresent" computerName="DKSR-EFI-06" duration="00:00:00.0052487" startTime="2024-01-09T15:48:51.5094493+01:00" endTime="2024-01-09T15:48:51.5148817+01:00" testType="13cdc9d9-ddb5-4fa4-a97d-d965ccfc6d4b" outcome="Passed" testListId="8c84fa94-04c1-424b-9868-57a2d4851a1d" relativeResultsDirectory="980e1bcb-c6f1-4f73-9c90-ab3d11a48cb5" />
    <UnitTestResult executionId="271dde4a-00dd-47cd-ae2f-fa27858d00b9" testId="2f70380e-1d07-1023-936c-dd584dd81a70" testName="CreateUniqeNameTest" computerName="DKSR-EFI-06" duration="00:00:00.0014750" startTime="2024-01-09T15:48:49.6772676+01:00" endTime="2024-01-09T15:48:49.6789653+01:00" testType="13cdc9d9-ddb5-4fa4-a97d-d965ccfc6d4b" outcome="Passed" testListId="8c84fa94-04c1-424b-9868-57a2d4851a1d" relativeResultsDirectory="271dde4a-00dd-47cd-ae2f-fa27858d00b9" />
    <UnitTestResult executionId="33acc1e5-94a4-4ab2-86dd-35e5ecea0e1d" testId="42e0893f-9727-8df7-fab4-99edc06f1ca2" testName="Compare_NotNullVsNull_LessThan" computerName="DKSR-EFI-06" duration="00:00:00.0001436" startTime="2024-01-09T15:48:26.7756568+01:00" endTime="2024-01-09T15:48:26.7759219+01:00" testType="13cdc9d9-ddb5-4fa4-a97d-d965ccfc6d4b" outcome="Passed" testListId="8c84fa94-04c1-424b-9868-57a2d4851a1d" relativeResultsDirectory="33acc1e5-94a4-4ab2-86dd-35e5ecea0e1d" />
    <UnitTestResult executionId="cc43f9d8-cfee-42ed-b5d0-a1900ec5dbc1" testId="737570f7-4183-1643-93e9-5894a6ee837f" testName="ForceUpdate_CallsUpdateStrategyForceUpdate" computerName="DKSR-EFI-06" duration="00:00:00.0012675" startTime="2024-01-09T15:47:49.8261102+01:00" endTime="2024-01-09T15:47:49.8275183+01:00" testType="13cdc9d9-ddb5-4fa4-a97d-d965ccfc6d4b" outcome="Passed" testListId="8c84fa94-04c1-424b-9868-57a2d4851a1d" relativeResultsDirectory="cc43f9d8-cfee-42ed-b5d0-a1900ec5dbc1" />
    <UnitTestResult executionId="1aa69f7b-a795-485e-86cc-05760ca127a4" testId="54d37202-700f-6df9-4a02-04121275df7c" testName="DeleteBookmarksAsync_NoPermissionDeleteBookmark_ErrorRaised" computerName="DKSR-EFI-06" duration="00:00:00.0022855" startTime="2024-01-09T15:48:22.4046320+01:00" endTime="2024-01-09T15:48:22.4070582+01:00" testType="13cdc9d9-ddb5-4fa4-a97d-d965ccfc6d4b" outcome="Passed" testListId="8c84fa94-04c1-424b-9868-57a2d4851a1d" relativeResultsDirectory="1aa69f7b-a795-485e-86cc-05760ca127a4" />
    <UnitTestResult executionId="26b142fc-f82d-4dce-b6f1-c4ac5afb4124" testId="21b483a6-27e8-bb30-b612-d3263e5cc6f1" testName="MenuItemIcon_ShouldBeSet_WhenSuppliedInCtor" computerName="DKSR-EFI-06" duration="00:00:00.0020703" startTime="2024-01-09T15:47:49.5770626+01:00" endTime="2024-01-09T15:47:49.5813595+01:00" testType="13cdc9d9-ddb5-4fa4-a97d-d965ccfc6d4b" outcome="Passed" testListId="8c84fa94-04c1-424b-9868-57a2d4851a1d" relativeResultsDirectory="26b142fc-f82d-4dce-b6f1-c4ac5afb4124" />
    <UnitTestResult executionId="75892b79-d61a-4c95-a3fe-bd8a9c2193e4" testId="d2b449cb-82fb-dec3-6452-d5d13d9ac572" testName="AddToExportDevices_ShouldAddToExportData (5)" computerName="DKSR-EFI-06" duration="00:00:00.0017863" startTime="2024-01-09T15:48:45.3721316+01:00" endTime="2024-01-09T15:48:45.3740738+01:00" testType="13cdc9d9-ddb5-4fa4-a97d-d965ccfc6d4b" outcome="Passed" testListId="8c84fa94-04c1-424b-9868-57a2d4851a1d" relativeResultsDirectory="75892b79-d61a-4c95-a3fe-bd8a9c2193e4" />
    <UnitTestResult executionId="44da9d8a-5540-4c0e-a7e7-73449d536748" testId="f7a4182b-ffd3-38f8-408e-5d4264f4f5e8" testName="GetPropertiesAsync_ShouldIgnoreNullPropertyCollectionFromSubResults" computerName="DKSR-EFI-06" duration="00:00:00.0027464" startTime="2024-01-09T15:48:26.7021044+01:00" endTime="2024-01-09T15:48:26.7049991+01:00" testType="13cdc9d9-ddb5-4fa4-a97d-d965ccfc6d4b" outcome="Passed" testListId="8c84fa94-04c1-424b-9868-57a2d4851a1d" relativeResultsDirectory="44da9d8a-5540-4c0e-a7e7-73449d536748" />
    <UnitTestResult executionId="52283154-b6af-462a-9b4b-8da171f5fea8" testId="4ab80538-8920-6bd3-f5bf-6a692e875394" testName="GetUtcToday_DifferentTimeZoneNoDst_Success" computerName="DKSR-EFI-06" duration="00:00:00.0017773" startTime="2024-01-09T15:48:25.9220534+01:00" endTime="2024-01-09T15:48:25.9240271+01:00" testType="13cdc9d9-ddb5-4fa4-a97d-d965ccfc6d4b" outcome="Passed" testListId="8c84fa94-04c1-424b-9868-57a2d4851a1d" relativeResultsDirectory="52283154-b6af-462a-9b4b-8da171f5fea8" />
    <UnitTestResult executionId="bb94d71b-4381-4544-b649-01aeb5425339" testId="bf3342cd-aa37-ec7a-aed8-02a15815d43f" testName="TestGetAllTasks" computerName="DKSR-EFI-06" duration="00:00:00.0079690" startTime="2024-01-09T15:48:45.0852411+01:00" endTime="2024-01-09T15:48:45.0933827+01:00" testType="13cdc9d9-ddb5-4fa4-a97d-d965ccfc6d4b" outcome="Passed" testListId="8c84fa94-04c1-424b-9868-57a2d4851a1d" relativeResultsDirectory="bb94d71b-4381-4544-b649-01aeb5425339" />
    <UnitTestResult executionId="562c14fe-b9f9-4ab2-94f0-c111dde98e05" testId="3a3cca08-f659-9a8e-cc12-ee5c6f4e3dbd" testName="ValidateExportLocation_ShouldReturnFailResult_ExportPathIsInvalid (qwerty)" computerName="DKSR-EFI-06" duration="00:00:00.0070916" startTime="2024-01-09T15:47:52.0552697+01:00" endTime="2024-01-09T15:47:52.0625559+01:00" testType="13cdc9d9-ddb5-4fa4-a97d-d965ccfc6d4b" outcome="Passed" testListId="8c84fa94-04c1-424b-9868-57a2d4851a1d" relativeResultsDirectory="562c14fe-b9f9-4ab2-94f0-c111dde98e05" />
    <UnitTestResult executionId="25b334ae-fb51-4348-bdcc-7adba06d364d" testId="c9e65ace-67e8-aaf0-227a-cc6ee9b8878a" testName="Perform_ActionFastAfterFirst_Delay" computerName="DKSR-EFI-06" duration="00:00:00.0087918" startTime="2024-01-09T15:47:43.2430728+01:00" endTime="2024-01-09T15:47:43.2520873+01:00" testType="13cdc9d9-ddb5-4fa4-a97d-d965ccfc6d4b" outcome="Passed" testListId="8c84fa94-04c1-424b-9868-57a2d4851a1d" relativeResultsDirectory="25b334ae-fb51-4348-bdcc-7adba06d364d" />
    <UnitTestResult executionId="53e51197-3fcb-4b02-ae01-c271c508e635" testId="fdf9438a-27a4-c417-e139-bbc64b5e5709" testName="PtzSessionInfoDto_ShouldYieldSameValues_WhenRoundTripConverted" computerName="DKSR-EFI-06" duration="00:00:00.0031272" startTime="2024-01-09T15:47:40.9997319+01:00" endTime="2024-01-09T15:47:41.0029651+01:00" testType="13cdc9d9-ddb5-4fa4-a97d-d965ccfc6d4b" outcome="Passed" testListId="8c84fa94-04c1-424b-9868-57a2d4851a1d" relativeResultsDirectory="53e51197-3fcb-4b02-ae01-c271c508e635" />
    <UnitTestResult executionId="d2822619-df18-4947-b943-8c671ce73679" testId="ff967a29-b052-9b02-d0d2-90cfa45b8b4f" testName="CreateSearchResultUserControl_AllMappings_Success" computerName="DKSR-EFI-06" duration="00:00:00.0135875" startTime="2024-01-09T15:48:37.5308358+01:00" endTime="2024-01-09T15:48:37.5469560+01:00" testType="13cdc9d9-ddb5-4fa4-a97d-d965ccfc6d4b" outcome="Passed" testListId="8c84fa94-04c1-424b-9868-57a2d4851a1d" relativeResultsDirectory="d2822619-df18-4947-b943-8c671ce73679" />
    <UnitTestResult executionId="be2f1816-2b26-45c9-a7ef-7021de10cb4a" testId="c3862469-efa6-2b47-619c-2ccf15cc9a36" testName="DrawCore_ShouldUseCachedMarkers_WhenRedrawSameData" computerName="DKSR-EFI-06" duration="00:00:00.0096711" startTime="2024-01-09T15:47:46.5456550+01:00" endTime="2024-01-09T15:47:46.5579443+01:00" testType="13cdc9d9-ddb5-4fa4-a97d-d965ccfc6d4b" outcome="Passed" testListId="8c84fa94-04c1-424b-9868-57a2d4851a1d" relativeResultsDirectory="be2f1816-2b26-45c9-a7ef-7021de10cb4a" />
    <UnitTestResult executionId="f3e57242-de63-41b7-8409-9c75054f42bf" testId="aeb3ec96-26ad-062b-455a-de324c4a715b" testName="BuildContentOptions_ShouldReturnInternalTab (00000000-0000-0000-0000-000000000000,False)" computerName="DKSR-EFI-06" duration="00:00:00.0013059" startTime="2024-01-09T15:48:51.5702133+01:00" endTime="2024-01-09T15:48:51.5716720+01:00" testType="13cdc9d9-ddb5-4fa4-a97d-d965ccfc6d4b" outcome="Passed" testListId="8c84fa94-04c1-424b-9868-57a2d4851a1d" relativeResultsDirectory="f3e57242-de63-41b7-8409-9c75054f42bf" />
    <UnitTestResult executionId="b2803626-5fe9-4c45-9096-76ce46dff9d6" testId="a65d3f02-ca6d-a89f-9465-6c592d8f6d71" testName="Constructor_ShouldThrowArgumentNullException_WhenServerConfigurationIsNull" computerName="DKSR-EFI-06" duration="00:00:00.0017168" startTime="2024-01-09T15:48:44.0634246+01:00" endTime="2024-01-09T15:48:44.0652757+01:00" testType="13cdc9d9-ddb5-4fa4-a97d-d965ccfc6d4b" outcome="Passed" testListId="8c84fa94-04c1-424b-9868-57a2d4851a1d" relativeResultsDirectory="b2803626-5fe9-4c45-9096-76ce46dff9d6" />
    <UnitTestResult executionId="cb7bb1a7-3fea-40c7-9677-d2891dd71bb3" testId="229876bb-741e-424e-6d09-7576e2519ca6" testName="ResolveSearchDefinitions_ShouldReturnResultSearchDefinition_WhenCombinedSearchResultWithMultipleSubResultAndNullSearchDefinitionsAreGiven" computerName="DKSR-EFI-06" duration="00:00:00.0007362" startTime="2024-01-09T15:48:26.0058895+01:00" endTime="2024-01-09T15:48:26.0068033+01:00" testType="13cdc9d9-ddb5-4fa4-a97d-d965ccfc6d4b" outcome="Passed" testListId="8c84fa94-04c1-424b-9868-57a2d4851a1d" relativeResultsDirectory="cb7bb1a7-3fea-40c7-9677-d2891dd71bb3" />
    <UnitTestResult executionId="8fda2da4-2edb-4944-a00c-540d207e4cce" testId="42b5cf79-6dbd-73ce-f336-4c9a97122aad" testName="ScWorkSpaceModeChangedEvent_ShouldSetDeviceIsDisabledToTrue_WhenSwitchingToBrowseMode" computerName="DKSR-EFI-06" duration="00:00:00.0208711" startTime="2024-01-09T15:48:40.9180411+01:00" endTime="2024-01-09T15:48:40.9418684+01:00" testType="13cdc9d9-ddb5-4fa4-a97d-d965ccfc6d4b" outcome="Passed" testListId="8c84fa94-04c1-424b-9868-57a2d4851a1d" relativeResultsDirectory="8fda2da4-2edb-4944-a00c-540d207e4cce" />
    <UnitTestResult executionId="8f7dcf28-76f4-4b99-b2aa-0ce86d7e6533" testId="c92b65c5-6961-9b98-a1f9-2c2587ff0054" testName="SearchResultsActionBarActions_CreateSnapshot_InvokeCommand_SingleSnapshotSucceeded_CorrectStatusTextShown" computerName="DKSR-EFI-06" duration="00:00:00.0083208" startTime="2024-01-09T15:48:23.1809994+01:00" endTime="2024-01-09T15:48:23.1894823+01:00" testType="13cdc9d9-ddb5-4fa4-a97d-d965ccfc6d4b" outcome="Passed" testListId="8c84fa94-04c1-424b-9868-57a2d4851a1d" relativeResultsDirectory="8f7dcf28-76f4-4b99-b2aa-0ce86d7e6533" />
    <UnitTestResult executionId="c93d3002-ac13-42ef-bab2-439a34d8b588" testId="cc27b110-75f5-fa85-b001-d22c68a54aec" testName="PatrollingStepListViewModel_CanAddStepExecute" computerName="DKSR-EFI-06" duration="00:00:00.0013426" startTime="2024-01-09T15:48:43.9595324+01:00" endTime="2024-01-09T15:48:43.9610104+01:00" testType="13cdc9d9-ddb5-4fa4-a97d-d965ccfc6d4b" outcome="Passed" testListId="8c84fa94-04c1-424b-9868-57a2d4851a1d" relativeResultsDirectory="c93d3002-ac13-42ef-bab2-439a34d8b588" />
    <UnitTestResult executionId="643dc2af-5231-4aa0-87b3-61fa640a14cb" testId="6247c776-b6f2-69b6-74d1-6fc24161e71e" testName="MoveToTop_ShouldMoveMarkerTopmost_WhenNotAlreadyTopmostButHasPreviouslyBeenMovedToTop" computerName="DKSR-EFI-06" duration="00:00:00.0101790" startTime="2024-01-09T15:47:46.2861494+01:00" endTime="2024-01-09T15:47:46.2993518+01:00" testType="13cdc9d9-ddb5-4fa4-a97d-d965ccfc6d4b" outcome="Passed" testListId="8c84fa94-04c1-424b-9868-57a2d4851a1d" relativeResultsDirectory="643dc2af-5231-4aa0-87b3-61fa640a14cb" />
    <UnitTestResult executionId="ed9dcc07-62da-4892-8f9e-aea8a3454d92" testId="a112e5f5-c328-3fe0-6f6d-307e1fa97026" testName="Compare_NullVsNotNullDescending_LessThan" computerName="DKSR-EFI-06" duration="00:00:00.0001676" startTime="2024-01-09T15:48:26.7434558+01:00" endTime="2024-01-09T15:48:26.7437536+01:00" testType="13cdc9d9-ddb5-4fa4-a97d-d965ccfc6d4b" outcome="Passed" testListId="8c84fa94-04c1-424b-9868-57a2d4851a1d" relativeResultsDirectory="ed9dcc07-62da-4892-8f9e-aea8a3454d92" />
    <UnitTestResult executionId="ae15e667-7e8d-4526-9533-ee3ae2707dcb" testId="1ff412f4-a550-fccb-f616-ee490e039d87" testName="HandleSetLayerFeatures_ShouldRaiseArgumentException_WhenNotCameraKindAndCameraLayerFeaturesAndInputLayer" computerName="DKSR-EFI-06" duration="00:00:00.0009343" startTime="2024-01-09T15:48:42.9318886+01:00" endTime="2024-01-09T15:48:42.9330014+01:00" testType="13cdc9d9-ddb5-4fa4-a97d-d965ccfc6d4b" outcome="Passed" testListId="8c84fa94-04c1-424b-9868-57a2d4851a1d" relativeResultsDirectory="ae15e667-7e8d-4526-9533-ee3ae2707dcb" />
    <UnitTestResult executionId="06d31cd7-3fd7-4898-8edd-a9b0185c65b5" testId="1bcc3d33-eed0-82c1-06ce-172f567f9802" testName="PatrollingProfileViewModelTest_SelectEndPosition_SamePosition" computerName="DKSR-EFI-06" duration="00:00:00.0018872" startTime="2024-01-09T15:48:43.9164855+01:00" endTime="2024-01-09T15:48:43.9185162+01:00" testType="13cdc9d9-ddb5-4fa4-a97d-d965ccfc6d4b" outcome="Passed" testListId="8c84fa94-04c1-424b-9868-57a2d4851a1d" relativeResultsDirectory="06d31cd7-3fd7-4898-8edd-a9b0185c65b5" />
    <UnitTestResult executionId="15ff8fee-7b3b-4227-840d-e3f17e5a06a9" testId="8b4713f9-68f1-4919-7ef6-846f4eb9b2ba" testName="ShowPermissionDeniedStatusBarError_ShouldSendAMessage (5,1)" computerName="DKSR-EFI-06" duration="00:00:00.0033554" startTime="2024-01-09T15:48:45.5496224+01:00" endTime="2024-01-09T15:48:45.5531648+01:00" testType="13cdc9d9-ddb5-4fa4-a97d-d965ccfc6d4b" outcome="Passed" testListId="8c84fa94-04c1-424b-9868-57a2d4851a1d" relativeResultsDirectory="15ff8fee-7b3b-4227-840d-e3f17e5a06a9" />
    <UnitTestResult executionId="65b7aae6-5508-430c-a987-8ad6195890e6" testId="cb1f6500-ecbe-a116-4190-78f304902ad9" testName="ButtonVisibilityProperties_ShouldSetDefaultValues_WhenNoPropertiesLoaded" computerName="DKSR-EFI-06" duration="00:00:00.0041204" startTime="2024-01-09T15:47:44.3371914+01:00" endTime="2024-01-09T15:47:44.3416585+01:00" testType="13cdc9d9-ddb5-4fa4-a97d-d965ccfc6d4b" outcome="Passed" testListId="8c84fa94-04c1-424b-9868-57a2d4851a1d" relativeResultsDirectory="65b7aae6-5508-430c-a987-8ad6195890e6" />
    <UnitTestResult executionId="848fab50-14f0-4f72-acff-23a2d08a7813" testId="6cf1d803-864d-f447-b323-57be8d42bea0" testName="ActionBarPluginEnabled_SinglePluginWithNotEnoughRoom_PluginButtonPresentInOverflowMenu" computerName="DKSR-EFI-06" duration="00:00:00.0254600" startTime="2024-01-09T15:47:53.8586384+01:00" endTime="2024-01-09T15:47:53.8868488+01:00" testType="13cdc9d9-ddb5-4fa4-a97d-d965ccfc6d4b" outcome="Passed" testListId="8c84fa94-04c1-424b-9868-57a2d4851a1d" relativeResultsDirectory="848fab50-14f0-4f72-acff-23a2d08a7813" />
    <UnitTestResult executionId="f03c13fc-2c21-4966-8483-3279f879cd00" testId="dc0d2b36-aa1d-1594-0d6a-cf1fe6649772" testName="DeleteLevel2Of12_Success" computerName="DKSR-EFI-06" duration="00:00:00.0317069" startTime="2024-01-09T15:48:42.7943296+01:00" endTime="2024-01-09T15:48:42.8262312+01:00" testType="13cdc9d9-ddb5-4fa4-a97d-d965ccfc6d4b" outcome="Passed" testListId="8c84fa94-04c1-424b-9868-57a2d4851a1d" relativeResultsDirectory="f03c13fc-2c21-4966-8483-3279f879cd00">
      <Output>
        <StdOut>Debug Trace:&#xD;
 &gt;&gt;&gt; ERROR: System.NullReferenceException: Object reference not set to an instance of an object.&#xD;
   at VideoOS.RemoteClient.GisMapData.MapBuildings.MapLevel.LoadLayersAsync(UIContext context) in D:\actions-runner\_work\XPCO\XPCO\SC\Components\dotNet\VideoOS.RemoteClient.GisMapData\MapBuildings\MapLevel.cs:line 283&#xD;
 &gt;&gt;&gt; Stack:    at VideoOS.RemoteClient.GisMapData.MapBuildings.MapLevel.LoadLayersAsync(UIContext context) in D:\actions-runner\_work\XPCO\XPCO\SC\Components\dotNet\VideoOS.RemoteClient.GisMapData\MapBuildings\MapLevel.cs:line 283&#xD;
 &gt;&gt;&gt; ERROR: System.NullReferenceException: Object reference not set to an instance of an object.&#xD;
   at VideoOS.RemoteClient.GisMapData.MapBuildings.MapLevel.LoadLayersAsync(UIContext context) in D:\actions-runner\_work\XPCO\XPCO\SC\Components\dotNet\VideoOS.RemoteClient.GisMapData\MapBuildings\MapLevel.cs:line 283&#xD;
 &gt;&gt;&gt; Stack:    at VideoOS.RemoteClient.GisMapData.MapBuildings.MapLevel.LoadLayersAsync(UIContext context) in D:\actions-runner\_work\XPCO\XPCO\SC\Components\dotNet\VideoOS.RemoteClient.GisMapData\MapBuildings\MapLevel.cs:line 283&#xD;
 &gt;&gt;&gt; ERROR: System.NullReferenceException: Object reference not set to an instance of an object.&#xD;
   at VideoOS.RemoteClient.GisMapData.MapBuildings.MapLevel.LoadLayersAsync(UIContext context) in D:\actions-runner\_work\XPCO\XPCO\SC\Components\dotNet\VideoOS.RemoteClient.GisMapData\MapBuildings\MapLevel.cs:line 283&#xD;
 &gt;&gt;&gt; Stack:    at VideoOS.RemoteClient.GisMapData.MapBuildings.MapLevel.LoadLayersAsync(UIContext context) in D:\actions-runner\_work\XPCO\XPCO\SC\Components\dotNet\VideoOS.RemoteClient.GisMapData\MapBuildings\MapLevel.cs:line 283</StdOut>
      </Output>
    </UnitTestResult>
    <UnitTestResult executionId="a9c826d8-596d-400c-ad56-05a4d8b63a98" testId="3127eee9-b24b-38fc-7372-b6a7a8378a18" testName="SearchResultsActionBarActions_CreateEvidenceLock_OptionAvailable_Enabled" computerName="DKSR-EFI-06" duration="00:00:00.0067636" startTime="2024-01-09T15:48:23.1072162+01:00" endTime="2024-01-09T15:48:23.1141431+01:00" testType="13cdc9d9-ddb5-4fa4-a97d-d965ccfc6d4b" outcome="Passed" testListId="8c84fa94-04c1-424b-9868-57a2d4851a1d" relativeResultsDirectory="a9c826d8-596d-400c-ad56-05a4d8b63a98" />
    <UnitTestResult executionId="aa562635-38ba-40ae-bf7c-3ac0bb954ef6" testId="943426cc-a0b6-5655-2737-0a0d3026e0a7" testName="BuildContentOptions_ShouldReturnCorrectWorkspaceName (73576FEA-BD0E-43C4-AD9D-589FBE4DC29B,Default title,Live)" computerName="DKSR-EFI-06" duration="00:00:00.0038057" startTime="2024-01-09T15:48:51.5610498+01:00" endTime="2024-01-09T15:48:51.5650148+01:00" testType="13cdc9d9-ddb5-4fa4-a97d-d965ccfc6d4b" outcome="Passed" testListId="8c84fa94-04c1-424b-9868-57a2d4851a1d" relativeResultsDirectory="aa562635-38ba-40ae-bf7c-3ac0bb954ef6" />
    <UnitTestResult executionId="19bf3518-78c6-45db-96ba-e720deb4325e" testId="2031c616-1edd-8f7a-639e-5fd173aaa18e" testName="LeftButtonDown_ShouldNotRaiseAnException_WhenFired" computerName="DKSR-EFI-06" duration="00:00:00.0152327" startTime="2024-01-09T15:47:44.3636873+01:00" endTime="2024-01-09T15:47:44.3816768+01:00" testType="13cdc9d9-ddb5-4fa4-a97d-d965ccfc6d4b" outcome="Passed" testListId="8c84fa94-04c1-424b-9868-57a2d4851a1d" relativeResultsDirectory="19bf3518-78c6-45db-96ba-e720deb4325e" />
    <UnitTestResult executionId="656ce8a7-3faa-4e5d-be14-00b9102fa4ca" testId="276b5f57-b83c-bd25-6650-6ee4475653b5" testName="Optics enabled, forced" computerName="DKSR-EFI-06" duration="00:00:00.0004368" startTime="2024-01-09T15:47:51.4349524+01:00" endTime="2024-01-09T15:47:51.4356085+01:00" testType="13cdc9d9-ddb5-4fa4-a97d-d965ccfc6d4b" outcome="Passed" testListId="8c84fa94-04c1-424b-9868-57a2d4851a1d" relativeResultsDirectory="656ce8a7-3faa-4e5d-be14-00b9102fa4ca" />
    <UnitTestResult executionId="96c78306-3e26-4cc4-9be6-a2ad4daed525" testId="f41a40ab-384f-e635-88d2-0deb0549b00c" testName="PatrollingStepViewModel_WaitTime" computerName="DKSR-EFI-06" duration="00:00:00.0019455" startTime="2024-01-09T15:48:43.9968207+01:00" endTime="2024-01-09T15:48:43.9989033+01:00" testType="13cdc9d9-ddb5-4fa4-a97d-d965ccfc6d4b" outcome="Passed" testListId="8c84fa94-04c1-424b-9868-57a2d4851a1d" relativeResultsDirectory="96c78306-3e26-4cc4-9be6-a2ad4daed525" />
    <UnitTestResult executionId="3e963652-7096-4df6-8594-dcfe7d494d0c" testId="1f8f2766-504d-6eef-54e8-b4e73b68637d" testName="TestInitializeWorkrooms_AllBuiltinWorkrooms_Success" computerName="DKSR-EFI-06" duration="00:00:00.2115921" startTime="2024-01-09T15:47:42.7401383+01:00" endTime="2024-01-09T15:47:42.9519227+01:00" testType="13cdc9d9-ddb5-4fa4-a97d-d965ccfc6d4b" outcome="Passed" testListId="8c84fa94-04c1-424b-9868-57a2d4851a1d" relativeResultsDirectory="3e963652-7096-4df6-8594-dcfe7d494d0c" />
    <UnitTestResult executionId="fdabf1af-c184-4ffc-bfed-f8c1f2d9f14f" testId="71b3373f-dea8-3cfe-2919-2c270031d8d7" testName="UpdateHomeLocationInModel_NoUpdate_Succes" computerName="DKSR-EFI-06" duration="00:00:00.5557904" startTime="2024-01-09T15:47:43.6356097+01:00" endTime="2024-01-09T15:47:44.1949406+01:00" testType="13cdc9d9-ddb5-4fa4-a97d-d965ccfc6d4b" outcome="Passed" testListId="8c84fa94-04c1-424b-9868-57a2d4851a1d" relativeResultsDirectory="fdabf1af-c184-4ffc-bfed-f8c1f2d9f14f" />
    <UnitTestResult executionId="f7dc59d0-ab68-4617-bec9-9503520fcac3" testId="be546a67-03cf-7dc5-701c-f28c8929b881" testName="AddItems_ThreeMapItems_ThreeClusterChanges" computerName="DKSR-EFI-06" duration="00:00:00.0101285" startTime="2024-01-09T15:48:43.7331862+01:00" endTime="2024-01-09T15:48:43.7434745+01:00" testType="13cdc9d9-ddb5-4fa4-a97d-d965ccfc6d4b" outcome="Passed" testListId="8c84fa94-04c1-424b-9868-57a2d4851a1d" relativeResultsDirectory="f7dc59d0-ab68-4617-bec9-9503520fcac3" />
    <UnitTestResult executionId="bdf25ee0-c0bd-4e0c-a23a-4b7ebad8032c" testId="f4ab981e-0c0f-f2f3-f99e-665599b904ff" testName="SelectedDuration_ShouldRevertToPreviousSelection_WhenCustomIntervalSelectionPopupIsClosedWithoutBeingSetOrCancelled" computerName="DKSR-EFI-06" duration="00:00:00.0057926" startTime="2024-01-09T15:48:24.8464796+01:00" endTime="2024-01-09T15:48:24.8524322+01:00" testType="13cdc9d9-ddb5-4fa4-a97d-d965ccfc6d4b" outcome="Passed" testListId="8c84fa94-04c1-424b-9868-57a2d4851a1d" relativeResultsDirectory="bdf25ee0-c0bd-4e0c-a23a-4b7ebad8032c" />
    <UnitTestResult executionId="54c483fd-0e64-4f42-946c-f0c618873897" testId="aa78a0a1-2106-fb0e-c153-f9f2a07b5821" testName="PatrollingStepViewModel_ConvertToIPatrollingStep" computerName="DKSR-EFI-06" duration="00:00:00.0014408" startTime="2024-01-09T15:48:44.0137668+01:00" endTime="2024-01-09T15:48:44.0153391+01:00" testType="13cdc9d9-ddb5-4fa4-a97d-d965ccfc6d4b" outcome="Passed" testListId="8c84fa94-04c1-424b-9868-57a2d4851a1d" relativeResultsDirectory="54c483fd-0e64-4f42-946c-f0c618873897" />
    <UnitTestResult executionId="07566023-721e-4f61-b09f-dbaf55bd73bf" testId="ce972480-9742-1510-efc9-f75d1c2264f7" testName="ValidateExportFormats_SmartClientPlayerFormat_ShouldReturnFailResult_ExportPathIsTooLong (c:\aaaaaaaaaaaaaaaaaaaaaaaaaaaaaaaaaaaaaaaaaaaaaaaaaaaaaaaaaaaaaaaaaaaaaaaaaaaaaaaaaaaaaaaaaaaaaaaaaaaaaaaaaaaaaaaaaaaaaaaaaaaaaaaaaaaaaaaaaaaaaaaaaaaaaaaaaaaaaaaaaaaaaaaaaaaaaaaaaaaaaaa)" computerName="DKSR-EFI-06" duration="00:00:00.0077443" startTime="2024-01-09T15:47:52.1335118+01:00" endTime="2024-01-09T15:47:52.1414346+01:00" testType="13cdc9d9-ddb5-4fa4-a97d-d965ccfc6d4b" outcome="Passed" testListId="8c84fa94-04c1-424b-9868-57a2d4851a1d" relativeResultsDirectory="07566023-721e-4f61-b09f-dbaf55bd73bf" />
    <UnitTestResult executionId="25e72e68-53dc-4c20-b679-5cd4cd0013a3" testId="d1c49c69-fe5f-8257-84d6-6eb683f2a033" testName="MapLayerType_ShouldBeOutputItemsMapLayer_WhenCalled" computerName="DKSR-EFI-06" duration="00:00:00.0001981" startTime="2024-01-09T15:48:40.7838759+01:00" endTime="2024-01-09T15:48:40.7842621+01:00" testType="13cdc9d9-ddb5-4fa4-a97d-d965ccfc6d4b" outcome="Passed" testListId="8c84fa94-04c1-424b-9868-57a2d4851a1d" relativeResultsDirectory="25e72e68-53dc-4c20-b679-5cd4cd0013a3" />
    <UnitTestResult executionId="d120a827-8773-46b1-9b53-c164195fed73" testId="3adcd1f6-966f-7457-7e36-7976f4188830" testName="CameraItemsMapLayer_Load_Save_DataIsSame" computerName="DKSR-EFI-06" duration="00:00:00.0107906" startTime="2024-01-09T15:48:38.8073522+01:00" endTime="2024-01-09T15:48:38.8182975+01:00" testType="13cdc9d9-ddb5-4fa4-a97d-d965ccfc6d4b" outcome="Passed" testListId="8c84fa94-04c1-424b-9868-57a2d4851a1d" relativeResultsDirectory="d120a827-8773-46b1-9b53-c164195fed73" />
    <UnitTestResult executionId="87cb7151-d692-4e8f-8d70-edac4e639c94" testId="b6ee4187-2f4d-362e-5b8c-3b73aeaf5c65" testName="SearchResultsActionBarActions_DeleteBookmark_2Results1Failed_DeleteBookmarkInvoked" computerName="DKSR-EFI-06" duration="00:00:00.0147240" startTime="2024-01-09T15:48:23.4773768+01:00" endTime="2024-01-09T15:48:23.4922778+01:00" testType="13cdc9d9-ddb5-4fa4-a97d-d965ccfc6d4b" outcome="Passed" testListId="8c84fa94-04c1-424b-9868-57a2d4851a1d" relativeResultsDirectory="87cb7151-d692-4e8f-8d70-edac4e639c94" />
    <UnitTestResult executionId="6603a868-877c-4d5b-aa52-7a687d54ee6b" testId="0c42f315-9eeb-2ce5-c75f-9a00eaad39ea" testName="Path enabled, not forced" computerName="DKSR-EFI-06" duration="00:00:00.0044573" startTime="2024-01-09T15:47:51.4193416+01:00" endTime="2024-01-09T15:47:51.4240333+01:00" testType="13cdc9d9-ddb5-4fa4-a97d-d965ccfc6d4b" outcome="Passed" testListId="8c84fa94-04c1-424b-9868-57a2d4851a1d" relativeResultsDirectory="6603a868-877c-4d5b-aa52-7a687d54ee6b" />
    <UnitTestResult executionId="df4b3ac1-1b7a-4247-b8ff-c5045e3f764f" testId="80e1e452-82cf-b088-db40-d28f7d32c62d" testName="Export when Live" computerName="DKSR-EFI-06" duration="00:00:00.0778137" startTime="2024-01-09T15:48:44.4031801+01:00" endTime="2024-01-09T15:48:44.6194645+01:00" testType="13cdc9d9-ddb5-4fa4-a97d-d965ccfc6d4b" outcome="Passed" testListId="8c84fa94-04c1-424b-9868-57a2d4851a1d" relativeResultsDirectory="df4b3ac1-1b7a-4247-b8ff-c5045e3f764f" />
    <UnitTestResult executionId="af87d7a4-6d26-4286-8ea8-36f8d7ce9ad2" testId="ac028d00-9e94-7167-70c4-eff006ef19bc" testName="Command_WithNullResults_PluginInstanceActivatedCalled" computerName="DKSR-EFI-06" duration="00:00:00.0025387" startTime="2024-01-09T15:48:23.5736546+01:00" endTime="2024-01-09T15:48:23.5763330+01:00" testType="13cdc9d9-ddb5-4fa4-a97d-d965ccfc6d4b" outcome="Passed" testListId="8c84fa94-04c1-424b-9868-57a2d4851a1d" relativeResultsDirectory="af87d7a4-6d26-4286-8ea8-36f8d7ce9ad2" />
    <UnitTestResult executionId="9cabe8a5-cba5-456a-ab8f-18944231bc74" testId="27435069-3b26-ac29-8504-ccee8722f11b" testName="ToDenormalizedDirection_Minus0_5" computerName="DKSR-EFI-06" duration="00:00:00.0000781" startTime="2024-01-09T15:48:38.6355284+01:00" endTime="2024-01-09T15:48:38.6357218+01:00" testType="13cdc9d9-ddb5-4fa4-a97d-d965ccfc6d4b" outcome="Passed" testListId="8c84fa94-04c1-424b-9868-57a2d4851a1d" relativeResultsDirectory="9cabe8a5-cba5-456a-ab8f-18944231bc74" />
    <UnitTestResult executionId="93dc7b92-16ef-47b2-8ed5-e4f50fa710a1" testId="c91e348e-da6a-7f91-b16a-f6b11cfb0f4a" testName="GetGisMapLayerFlyoutName_ShouldReturnOpenStreetMap_WhenGeographicLayerIsNull" computerName="DKSR-EFI-06" duration="00:00:00.0008242" startTime="2024-01-09T15:48:42.9966032+01:00" endTime="2024-01-09T15:48:42.9975623+01:00" testType="13cdc9d9-ddb5-4fa4-a97d-d965ccfc6d4b" outcome="Passed" testListId="8c84fa94-04c1-424b-9868-57a2d4851a1d" relativeResultsDirectory="93dc7b92-16ef-47b2-8ed5-e4f50fa710a1" />
    <UnitTestResult executionId="0bcc4037-47f7-4036-9abe-a3ccd2e09d91" testId="9bd36f2b-bb15-3fec-5cc0-8da29f15f2eb" testName="EndSelection_ShouldNotStartInPlaceEditMode_WhenItemIsNotSelected" computerName="DKSR-EFI-06" duration="00:00:00.0029908" startTime="2024-01-09T15:47:47.1940240+01:00" endTime="2024-01-09T15:47:47.1991900+01:00" testType="13cdc9d9-ddb5-4fa4-a97d-d965ccfc6d4b" outcome="Passed" testListId="8c84fa94-04c1-424b-9868-57a2d4851a1d" relativeResultsDirectory="0bcc4037-47f7-4036-9abe-a3ccd2e09d91" />
    <UnitTestResult executionId="2f91de73-1e81-4e45-acb1-d8dba23cd9c6" testId="3457bd27-1f00-b005-3af0-cc532182e652" testName="SearchFilterCategoryGet_TwoSearchAgents_AllFiltersAdded" computerName="DKSR-EFI-06" duration="00:00:00.0020164" startTime="2024-01-09T15:48:37.3289726+01:00" endTime="2024-01-09T15:48:37.3311399+01:00" testType="13cdc9d9-ddb5-4fa4-a97d-d965ccfc6d4b" outcome="Passed" testListId="8c84fa94-04c1-424b-9868-57a2d4851a1d" relativeResultsDirectory="2f91de73-1e81-4e45-acb1-d8dba23cd9c6" />
    <UnitTestResult executionId="633caefc-75d7-4fb6-846a-98628b5d7ed6" testId="1fb4c865-1faa-3cb2-dba2-5caed6ef1c09" testName="TestConstructor_NullMapBuilding_Failure" computerName="DKSR-EFI-06" duration="00:00:00.0054961" startTime="2024-01-09T15:48:42.6155949+01:00" endTime="2024-01-09T15:48:42.6213018+01:00" testType="13cdc9d9-ddb5-4fa4-a97d-d965ccfc6d4b" outcome="Passed" testListId="8c84fa94-04c1-424b-9868-57a2d4851a1d" relativeResultsDirectory="633caefc-75d7-4fb6-846a-98628b5d7ed6" />
    <UnitTestResult executionId="c43a46cd-7968-496c-b7d6-7eb0e80c34d2" testId="a96b347d-5d1c-d89b-916b-371c05303b3e" testName="ActiveInteractionStateBinding_ShouldNotBeNull_WhenCtorIsCalled" computerName="DKSR-EFI-06" duration="00:00:00.0287527" startTime="2024-01-09T15:47:47.6175558+01:00" endTime="2024-01-09T15:47:47.6494061+01:00" testType="13cdc9d9-ddb5-4fa4-a97d-d965ccfc6d4b" outcome="Passed" testListId="8c84fa94-04c1-424b-9868-57a2d4851a1d" relativeResultsDirectory="c43a46cd-7968-496c-b7d6-7eb0e80c34d2" />
    <UnitTestResult executionId="06023bf5-4cdf-4915-a193-73b13482fbe1" testId="a8f9d2e6-a062-909a-f825-43244fd288c9" testName="BuildMapOptions_ShouldReturnCorrectNumberOfOptions" computerName="DKSR-EFI-06" duration="00:00:00.0017499" startTime="2024-01-09T15:48:51.5441099+01:00" endTime="2024-01-09T15:48:51.5461088+01:00" testType="13cdc9d9-ddb5-4fa4-a97d-d965ccfc6d4b" outcome="Passed" testListId="8c84fa94-04c1-424b-9868-57a2d4851a1d" relativeResultsDirectory="06023bf5-4cdf-4915-a193-73b13482fbe1" />
    <UnitTestResult executionId="a02fa72b-0033-4bfd-b6cf-31e9ed3af553" testId="e9871a8e-a7b1-7767-3712-747754e9915c" testName="WorkspaceToolBarItemEdgeRetrieve_ShouldGoIntoSelectionMode_WhenNotInSelectionMode" computerName="DKSR-EFI-06" duration="00:00:00.0037695" startTime="2024-01-09T15:48:45.9948477+01:00" endTime="2024-01-09T15:48:45.9987726+01:00" testType="13cdc9d9-ddb5-4fa4-a97d-d965ccfc6d4b" outcome="Passed" testListId="8c84fa94-04c1-424b-9868-57a2d4851a1d" relativeResultsDirectory="a02fa72b-0033-4bfd-b6cf-31e9ed3af553" />
    <UnitTestResult executionId="3f407167-2cb4-409b-a9a8-0fbb9bd3df61" testId="6b0b8696-32c2-657c-f281-65444866a1da" testName="GetDomainAndUserName_ShouldReturnDomainAndUserNamePartOfNetworkCredentials_WhenNetworkCredentialsContainsAUserNameAndDomain" computerName="DKSR-EFI-06" duration="00:00:00.0001571" startTime="2024-01-09T15:47:43.3715156+01:00" endTime="2024-01-09T15:47:43.3717885+01:00" testType="13cdc9d9-ddb5-4fa4-a97d-d965ccfc6d4b" outcome="Passed" testListId="8c84fa94-04c1-424b-9868-57a2d4851a1d" relativeResultsDirectory="3f407167-2cb4-409b-a9a8-0fbb9bd3df61" />
    <UnitTestResult executionId="6c8a5803-f310-458b-bbe8-fbb05e338e7b" testId="92a9af5f-4b73-82b6-5006-408d1559b096" testName="GetProductDisplayVersion_ShouldReturnSomething" computerName="DKSR-EFI-06" duration="00:00:00.0015031" startTime="2024-01-09T15:48:51.5295598+01:00" endTime="2024-01-09T15:48:51.5311893+01:00" testType="13cdc9d9-ddb5-4fa4-a97d-d965ccfc6d4b" outcome="Passed" testListId="8c84fa94-04c1-424b-9868-57a2d4851a1d" relativeResultsDirectory="6c8a5803-f310-458b-bbe8-fbb05e338e7b" />
    <UnitTestResult executionId="8cdbae96-ce66-442f-b482-c41781450181" testId="9ccd04df-3e0c-6d9f-958b-55fa47ad0ff1" testName="GetIsOpenStreetMapValid_ShouldReturnFalse_WhenGeographicLayerIsNullAndAlternativeServerIsEmpty" computerName="DKSR-EFI-06" duration="00:00:00.0004986" startTime="2024-01-09T15:48:43.0034485+01:00" endTime="2024-01-09T15:48:43.0040797+01:00" testType="13cdc9d9-ddb5-4fa4-a97d-d965ccfc6d4b" outcome="Passed" testListId="8c84fa94-04c1-424b-9868-57a2d4851a1d" relativeResultsDirectory="8cdbae96-ce66-442f-b482-c41781450181" />
    <UnitTestResult executionId="988128f5-31c7-4dbc-a63f-eefa2c5c00fd" testId="3284ea6f-a6ad-01dc-f291-bda78cd8c320" testName="Deserialize_ShouldReturnCombineTypeOr_WhenCombineTypeIsNotPresentInXml" computerName="DKSR-EFI-06" duration="00:00:00.0032229" startTime="2024-01-09T15:48:26.5502471+01:00" endTime="2024-01-09T15:48:26.5536253+01:00" testType="13cdc9d9-ddb5-4fa4-a97d-d965ccfc6d4b" outcome="Passed" testListId="8c84fa94-04c1-424b-9868-57a2d4851a1d" relativeResultsDirectory="988128f5-31c7-4dbc-a63f-eefa2c5c00fd" />
    <UnitTestResult executionId="c3195800-01f3-43e9-bcd3-40fb2b0c72aa" testId="4fbe1405-2b3d-d3ff-a663-0a6e5d9aa972" testName="TryGetEventServerIdByACSystemId_ShouldReturnTrue_WhenEventServerIdIsPartOfServerConfiguredAccessControlSystemsDictionary" computerName="DKSR-EFI-06" duration="00:00:00.0300047" startTime="2024-01-09T15:48:52.5151558+01:00" endTime="2024-01-09T15:48:52.5454096+01:00" testType="13cdc9d9-ddb5-4fa4-a97d-d965ccfc6d4b" outcome="Passed" testListId="8c84fa94-04c1-424b-9868-57a2d4851a1d" relativeResultsDirectory="c3195800-01f3-43e9-bcd3-40fb2b0c72aa" />
    <UnitTestResult executionId="f4384a80-3e45-4cf2-a797-302bf21c51e8" testId="227dae21-47d4-ba20-0c10-f41a6c7e9f9c" testName="PatrollingProfileListViewModel_CanExecuteDeleteProfile_Profile_Selected" computerName="DKSR-EFI-06" duration="00:00:00.0012831" startTime="2024-01-09T15:48:43.8618445+01:00" endTime="2024-01-09T15:48:43.8632645+01:00" testType="13cdc9d9-ddb5-4fa4-a97d-d965ccfc6d4b" outcome="Passed" testListId="8c84fa94-04c1-424b-9868-57a2d4851a1d" relativeResultsDirectory="f4384a80-3e45-4cf2-a797-302bf21c51e8" />
    <UnitTestResult executionId="391eb2e6-ce37-4e7e-b78b-1e3a276cf37e" testId="504360c9-285d-3030-32b3-a9a95cfffe51" testName="LeftButtonDown_DoubleClick_ZoomsIn" computerName="DKSR-EFI-06" duration="00:00:00.0056825" startTime="2024-01-09T15:47:46.0105882+01:00" endTime="2024-01-09T15:47:46.0186999+01:00" testType="13cdc9d9-ddb5-4fa4-a97d-d965ccfc6d4b" outcome="Passed" testListId="8c84fa94-04c1-424b-9868-57a2d4851a1d" relativeResultsDirectory="391eb2e6-ce37-4e7e-b78b-1e3a276cf37e" />
    <UnitTestResult executionId="50e2c8b2-46c0-4f80-a313-87ee584e5c1b" testId="85091bf5-79fb-de26-dea4-3270f148dbfd" testName="PatrollingStepListViewModel_PresetModified" computerName="DKSR-EFI-06" duration="00:00:00.0020797" startTime="2024-01-09T15:48:43.9849333+01:00" endTime="2024-01-09T15:48:43.9871469+01:00" testType="13cdc9d9-ddb5-4fa4-a97d-d965ccfc6d4b" outcome="Passed" testListId="8c84fa94-04c1-424b-9868-57a2d4851a1d" relativeResultsDirectory="50e2c8b2-46c0-4f80-a313-87ee584e5c1b" />
    <UnitTestResult executionId="4f14783a-6488-4ba0-b09d-31f3576be0ab" testId="27438fb6-5317-1252-e840-ea85e2375f48" testName="PatrollingProfileListViewModel_SelectedPatrollingProfileViewModel_No_Selected_PatrollingStep" computerName="DKSR-EFI-06" duration="00:00:00.0127509" startTime="2024-01-09T15:48:43.8237019+01:00" endTime="2024-01-09T15:48:43.8366173+01:00" testType="13cdc9d9-ddb5-4fa4-a97d-d965ccfc6d4b" outcome="Passed" testListId="8c84fa94-04c1-424b-9868-57a2d4851a1d" relativeResultsDirectory="4f14783a-6488-4ba0-b09d-31f3576be0ab" />
    <UnitTestResult executionId="d165148c-4144-4eec-a31a-b488afe8295a" testId="5f330a2c-7575-4b82-cdc2-dae925c0e744" testName="MilestoneOemResourcesTest" computerName="DKSR-EFI-06" duration="00:00:00.9426135" startTime="2024-01-09T15:48:49.6794010+01:00" endTime="2024-01-09T15:48:50.6224023+01:00" testType="13cdc9d9-ddb5-4fa4-a97d-d965ccfc6d4b" outcome="Passed" testListId="8c84fa94-04c1-424b-9868-57a2d4851a1d" relativeResultsDirectory="d165148c-4144-4eec-a31a-b488afe8295a" />
    <UnitTestResult executionId="af704873-851d-469c-9faf-9b2a1d78ba84" testId="cf366775-ad88-dfab-044d-7fd00fe030bf" testName="AllMappingsIncluded" computerName="DKSR-EFI-06" duration="00:00:00.0133256" startTime="2024-01-09T15:48:37.5144171+01:00" endTime="2024-01-09T15:48:37.5303347+01:00" testType="13cdc9d9-ddb5-4fa4-a97d-d965ccfc6d4b" outcome="Passed" testListId="8c84fa94-04c1-424b-9868-57a2d4851a1d" relativeResultsDirectory="af704873-851d-469c-9faf-9b2a1d78ba84" />
    <UnitTestResult executionId="f2022d9a-02cd-430a-85d9-e048422011ca" testId="ca442d25-1d56-7ce4-2a08-3c581c8826e1" testName="MapLayerType_ShouldBeInputItemsMapLayer_WhenCalled" computerName="DKSR-EFI-06" duration="00:00:00.0002642" startTime="2024-01-09T15:48:40.7784981+01:00" endTime="2024-01-09T15:48:40.7791099+01:00" testType="13cdc9d9-ddb5-4fa4-a97d-d965ccfc6d4b" outcome="Passed" testListId="8c84fa94-04c1-424b-9868-57a2d4851a1d" relativeResultsDirectory="f2022d9a-02cd-430a-85d9-e048422011ca" />
    <UnitTestResult executionId="c17725ff-ef05-42cd-a117-7d8edbd39286" testId="7191513c-28f2-659c-e5d2-897223e1317f" testName="ToNormalizedFieldOfView_OutOfRange_LessZero_Fail" computerName="DKSR-EFI-06" duration="00:00:00.0003318" startTime="2024-01-09T15:48:38.6473146+01:00" endTime="2024-01-09T15:48:38.6478043+01:00" testType="13cdc9d9-ddb5-4fa4-a97d-d965ccfc6d4b" outcome="Passed" testListId="8c84fa94-04c1-424b-9868-57a2d4851a1d" relativeResultsDirectory="c17725ff-ef05-42cd-a117-7d8edbd39286" />
    <UnitTestResult executionId="3e7990ed-0c3a-45c5-9ea2-f694c22982db" testId="073071ee-a9ec-09b5-e762-5a4e8dd50939" testName="PtzSessionControllerInfoConstructorTest_From_PtzSessionInfo_Patrolling_User" computerName="DKSR-EFI-06" duration="00:00:00.0006803" startTime="2024-01-09T15:47:43.1899328+01:00" endTime="2024-01-09T15:47:43.1907504+01:00" testType="13cdc9d9-ddb5-4fa4-a97d-d965ccfc6d4b" outcome="Passed" testListId="8c84fa94-04c1-424b-9868-57a2d4851a1d" relativeResultsDirectory="3e7990ed-0c3a-45c5-9ea2-f694c22982db" />
    <UnitTestResult executionId="95a7d08f-ff7f-4078-af64-1b9946675f86" testId="1d2a1f8c-9df5-1e11-ff05-9be1bb8085db" testName="TestForAssemblyCoverage" computerName="DKSR-EFI-06" duration="00:00:00.0001579" startTime="2024-01-09T15:48:38.1414302+01:00" endTime="2024-01-09T15:48:38.1417720+01:00" testType="13cdc9d9-ddb5-4fa4-a97d-d965ccfc6d4b" outcome="Passed" testListId="8c84fa94-04c1-424b-9868-57a2d4851a1d" relativeResultsDirectory="95a7d08f-ff7f-4078-af64-1b9946675f86" />
    <UnitTestResult executionId="c0100d26-6fc2-4401-9407-32f9628e4df5" testId="847f64c7-3f64-8d01-6913-77b9ebb56919" testName="Convert_ShouldReturnTrue_WhenParameterArrayContainsValue" computerName="DKSR-EFI-06" duration="00:00:00.0009270" startTime="2024-01-09T15:47:44.4118047+01:00" endTime="2024-01-09T15:47:44.4128530+01:00" testType="13cdc9d9-ddb5-4fa4-a97d-d965ccfc6d4b" outcome="Passed" testListId="8c84fa94-04c1-424b-9868-57a2d4851a1d" relativeResultsDirectory="c0100d26-6fc2-4401-9407-32f9628e4df5" />
    <UnitTestResult executionId="9bb103ef-ebea-487d-a200-109598a143f3" testId="a3b47612-c41f-b6f9-cd26-71a4607bc51d" testName="SearchFilterCategoryGet_TwoSearchAgentsWithOverlappingFilters_AllFiltersAdded" computerName="DKSR-EFI-06" duration="00:00:00.0019532" startTime="2024-01-09T15:48:37.3315997+01:00" endTime="2024-01-09T15:48:37.3336964+01:00" testType="13cdc9d9-ddb5-4fa4-a97d-d965ccfc6d4b" outcome="Passed" testListId="8c84fa94-04c1-424b-9868-57a2d4851a1d" relativeResultsDirectory="9bb103ef-ebea-487d-a200-109598a143f3" />
    <UnitTestResult executionId="b4567533-ff6e-4cc4-9542-ac65d5716737" testId="b532dcb5-d46e-e627-c8a2-132588b28593" testName="WorkspaceToolBarItemExportAdd_ShouldGoIntoSelectionMode_WhenNotInSelectionMode" computerName="DKSR-EFI-06" duration="00:00:00.0165647" startTime="2024-01-09T15:48:45.9775335+01:00" endTime="2024-01-09T15:48:45.9943580+01:00" testType="13cdc9d9-ddb5-4fa4-a97d-d965ccfc6d4b" outcome="Passed" testListId="8c84fa94-04c1-424b-9868-57a2d4851a1d" relativeResultsDirectory="b4567533-ff6e-4cc4-9542-ac65d5716737" />
    <UnitTestResult executionId="d80cbb2a-d6d7-4014-9c57-0804d85102da" testId="91ccec24-6878-75d9-83f5-29ad2ed9f604" testName="SelectedDuration_ShouldRevertToPreviousSelection_WhenCustomIntervalSelectionIsCancelled" computerName="DKSR-EFI-06" duration="00:00:00.0070263" startTime="2024-01-09T15:48:24.8388021+01:00" endTime="2024-01-09T15:48:24.8459878+01:00" testType="13cdc9d9-ddb5-4fa4-a97d-d965ccfc6d4b" outcome="Passed" testListId="8c84fa94-04c1-424b-9868-57a2d4851a1d" relativeResultsDirectory="d80cbb2a-d6d7-4014-9c57-0804d85102da" />
    <UnitTestResult executionId="42d22a1c-e859-4561-af01-df0420956321" testId="fe6f2295-84a6-bdea-0225-d326e31ab62b" testName="CallingAction_Activates_WorkSpaceToolbarPluginInstance_WhenToolbarPluginTypeIsAction" computerName="DKSR-EFI-06" duration="00:00:00.0019315" startTime="2024-01-09T15:48:45.6515145+01:00" endTime="2024-01-09T15:48:45.6556755+01:00" testType="13cdc9d9-ddb5-4fa4-a97d-d965ccfc6d4b" outcome="Passed" testListId="8c84fa94-04c1-424b-9868-57a2d4851a1d" relativeResultsDirectory="42d22a1c-e859-4561-af01-df0420956321" />
    <UnitTestResult executionId="fd00d3b0-a5b1-4613-9103-9c5a00975805" testId="d88de873-7cef-0143-495e-05b7d2b41757" testName="ToString_ShouldSuccess_Always" computerName="DKSR-EFI-06" duration="00:00:00.0313974" startTime="2024-01-09T15:48:43.6255399+01:00" endTime="2024-01-09T15:48:43.6571407+01:00" testType="13cdc9d9-ddb5-4fa4-a97d-d965ccfc6d4b" outcome="Passed" testListId="8c84fa94-04c1-424b-9868-57a2d4851a1d" relativeResultsDirectory="fd00d3b0-a5b1-4613-9103-9c5a00975805" />
    <UnitTestResult executionId="519e8666-fa67-4958-af38-b0a9c79ad04e" testId="e34756db-13d7-7720-a8fd-b5442759c6e4" testName="Passwords are the same" computerName="DKSR-EFI-06" duration="00:00:00.0000973" startTime="2024-01-09T15:47:52.2248035+01:00" endTime="2024-01-09T15:47:52.2250256+01:00" testType="13cdc9d9-ddb5-4fa4-a97d-d965ccfc6d4b" outcome="Passed" testListId="8c84fa94-04c1-424b-9868-57a2d4851a1d" relativeResultsDirectory="519e8666-fa67-4958-af38-b0a9c79ad04e" />
    <UnitTestResult executionId="e0ec4bb4-5c4e-48ae-a727-e782f756243d" testId="a480eb88-b28c-a072-8d06-d39cc9a234d7" testName="Outline_ShouldRejectSet_WhenOutlineIsSelfcrossing" computerName="DKSR-EFI-06" duration="00:00:00.0067600" startTime="2024-01-09T15:48:38.6100691+01:00" endTime="2024-01-09T15:48:38.6170090+01:00" testType="13cdc9d9-ddb5-4fa4-a97d-d965ccfc6d4b" outcome="Passed" testListId="8c84fa94-04c1-424b-9868-57a2d4851a1d" relativeResultsDirectory="e0ec4bb4-5c4e-48ae-a727-e782f756243d" />
    <UnitTestResult executionId="49b21255-b843-4b54-a518-ff214bb6b089" testId="881744e7-6022-e700-6b80-eadb3836c4cd" testName="Connect_SucceedeInConnectingWithOAuthUnsecure_ShouldReturnTrue" computerName="DKSR-EFI-06" duration="00:00:00.0007006" startTime="2024-01-09T15:47:40.9472268+01:00" endTime="2024-01-09T15:47:40.9480285+01:00" testType="13cdc9d9-ddb5-4fa4-a97d-d965ccfc6d4b" outcome="Passed" testListId="8c84fa94-04c1-424b-9868-57a2d4851a1d" relativeResultsDirectory="49b21255-b843-4b54-a518-ff214bb6b089" />
    <UnitTestResult executionId="e146b14d-a691-4838-b191-2e8435ea9a4b" testId="c383fd61-e302-4310-1a46-101c91056cfd" testName="When password 1 is invalid, password 2 is valid" computerName="DKSR-EFI-06" duration="00:00:00.0001051" startTime="2024-01-09T15:47:52.2254313+01:00" endTime="2024-01-09T15:47:52.2256585+01:00" testType="13cdc9d9-ddb5-4fa4-a97d-d965ccfc6d4b" outcome="Passed" testListId="8c84fa94-04c1-424b-9868-57a2d4851a1d" relativeResultsDirectory="e146b14d-a691-4838-b191-2e8435ea9a4b" />
    <UnitTestResult executionId="ec833cdd-57c7-4bf2-9f2e-a2273f845fc7" testId="7066e281-486d-b17e-901e-9424698e9f74" testName="MergeOptionNodes_ShouldMergeOptionsFromOldKeyAndNewKey_WhenBothSettingsHaveOptions" computerName="DKSR-EFI-06" duration="00:00:00.0004619" startTime="2024-01-09T15:48:45.5937697+01:00" endTime="2024-01-09T15:48:45.5943717+01:00" testType="13cdc9d9-ddb5-4fa4-a97d-d965ccfc6d4b" outcome="Passed" testListId="8c84fa94-04c1-424b-9868-57a2d4851a1d" relativeResultsDirectory="ec833cdd-57c7-4bf2-9f2e-a2273f845fc7" />
    <UnitTestResult executionId="3fc4c9ec-3979-4569-8121-1c1c43003211" testId="78ae1d5d-740b-66e6-7a5c-ade2279f3a28" testName="Add_ShouldAddViewItemToIncludedViewItemsForSelectedView" computerName="DKSR-EFI-06" duration="00:00:00.0076959" startTime="2024-01-09T15:47:43.2243528+01:00" endTime="2024-01-09T15:47:43.2323061+01:00" testType="13cdc9d9-ddb5-4fa4-a97d-d965ccfc6d4b" outcome="Passed" testListId="8c84fa94-04c1-424b-9868-57a2d4851a1d" relativeResultsDirectory="3fc4c9ec-3979-4569-8121-1c1c43003211" />
    <UnitTestResult executionId="6384504a-5438-436d-8ecd-8c9582e30f7e" testId="de27c998-c190-9d93-e424-7870d21a123c" testName="InputMapItem_ForceActivateAsync_InBuilding_UseLastLevel_Success" computerName="DKSR-EFI-06" duration="00:00:00.0110370" startTime="2024-01-09T15:48:42.3930968+01:00" endTime="2024-01-09T15:48:42.4043145+01:00" testType="13cdc9d9-ddb5-4fa4-a97d-d965ccfc6d4b" outcome="Passed" testListId="8c84fa94-04c1-424b-9868-57a2d4851a1d" relativeResultsDirectory="6384504a-5438-436d-8ecd-8c9582e30f7e" />
    <UnitTestResult executionId="fc2a741c-ae07-4d01-b403-87f168fdc8fa" testId="7ca40658-07ed-4fea-d08c-7887f7c6e388" testName="SearchDefinitionCountSet_SameValue_NoEventFired" computerName="DKSR-EFI-06" duration="00:00:00.0016325" startTime="2024-01-09T15:48:26.6103592+01:00" endTime="2024-01-09T15:48:26.6121590+01:00" testType="13cdc9d9-ddb5-4fa4-a97d-d965ccfc6d4b" outcome="Passed" testListId="8c84fa94-04c1-424b-9868-57a2d4851a1d" relativeResultsDirectory="fc2a741c-ae07-4d01-b403-87f168fdc8fa" />
    <UnitTestResult executionId="0e35886f-8060-475d-b05e-b02b60817c7e" testId="a1ef0514-5d41-eded-e838-32de99602a54" testName="TestLoadLevelsAsync_Success" computerName="DKSR-EFI-06" duration="00:00:00.0344606" startTime="2024-01-09T15:48:38.2347575+01:00" endTime="2024-01-09T15:48:38.2693883+01:00" testType="13cdc9d9-ddb5-4fa4-a97d-d965ccfc6d4b" outcome="Passed" testListId="8c84fa94-04c1-424b-9868-57a2d4851a1d" relativeResultsDirectory="0e35886f-8060-475d-b05e-b02b60817c7e" />
    <UnitTestResult executionId="9bd278ad-81db-473d-ae56-9fecd02fc797" testId="6480e990-929e-4f74-6838-96e2b97d0c00" testName="Constructor_ShouldRaiseArgumentNullException_WhenDeviceIdsIsNull" computerName="DKSR-EFI-06" duration="00:00:00.0003704" startTime="2024-01-09T15:48:43.7834792+01:00" endTime="2024-01-09T15:48:43.7840866+01:00" testType="13cdc9d9-ddb5-4fa4-a97d-d965ccfc6d4b" outcome="Passed" testListId="8c84fa94-04c1-424b-9868-57a2d4851a1d" relativeResultsDirectory="9bd278ad-81db-473d-ae56-9fecd02fc797" />
    <UnitTestResult executionId="d7386b9b-3f86-4c99-b360-34fe83c9fbde" testId="1dfcecbd-375a-81ed-2ce9-6d3e61013acd" testName="RightButtonDown_DoubleClickNoZoomHandler_DoesNotCrash" computerName="DKSR-EFI-06" duration="00:00:00.0065840" startTime="2024-01-09T15:47:46.0285757+01:00" endTime="2024-01-09T15:47:46.0386162+01:00" testType="13cdc9d9-ddb5-4fa4-a97d-d965ccfc6d4b" outcome="Passed" testListId="8c84fa94-04c1-424b-9868-57a2d4851a1d" relativeResultsDirectory="d7386b9b-3f86-4c99-b360-34fe83c9fbde" />
    <UnitTestResult executionId="ed636f52-ffba-4fce-9097-171a69c53da2" testId="93ea4899-517e-c6f1-21bb-544e5f026df8" testName="RetrievalTestStopping" computerName="DKSR-EFI-06" duration="00:00:00.0116758" startTime="2024-01-09T15:48:45.1390518+01:00" endTime="2024-01-09T15:48:45.1509160+01:00" testType="13cdc9d9-ddb5-4fa4-a97d-d965ccfc6d4b" outcome="Passed" testListId="8c84fa94-04c1-424b-9868-57a2d4851a1d" relativeResultsDirectory="ed636f52-ffba-4fce-9097-171a69c53da2" />
    <UnitTestResult executionId="abe30136-2437-4281-a595-83a6b931c9bf" testId="575af213-6f43-c554-7582-c09e43d49cdb" testName="ResolveSearchDefinitions_ShouldReturnResultSearchDefinition_WhenSingleSearchResultAndSearchDefinitionsContainingCorrectSearchDefinitionsAreGiven" computerName="DKSR-EFI-06" duration="00:00:00.0004180" startTime="2024-01-09T15:48:25.9938420+01:00" endTime="2024-01-09T15:48:25.9943946+01:00" testType="13cdc9d9-ddb5-4fa4-a97d-d965ccfc6d4b" outcome="Passed" testListId="8c84fa94-04c1-424b-9868-57a2d4851a1d" relativeResultsDirectory="abe30136-2437-4281-a595-83a6b931c9bf" />
    <UnitTestResult executionId="692fac19-ee95-4f02-85ec-c87ce6ef3490" testId="ee3692c6-4239-b2e2-f69d-66ef9eb784ce" testName="TestForAssemblyCoverage" computerName="DKSR-EFI-06" duration="00:00:00.0024852" startTime="2024-01-09T15:47:43.4816947+01:00" endTime="2024-01-09T15:47:43.4844106+01:00" testType="13cdc9d9-ddb5-4fa4-a97d-d965ccfc6d4b" outcome="Passed" testListId="8c84fa94-04c1-424b-9868-57a2d4851a1d" relativeResultsDirectory="692fac19-ee95-4f02-85ec-c87ce6ef3490" />
    <UnitTestResult executionId="79d3ed85-c938-476d-96c1-a5118d8aba61" testId="2a74f75f-14b3-bc86-2d45-d53566346d28" testName="DeviceSelectorUserControl_ShouldRaiseMissingMethodException_WhenUserControlLacksConstructorWithInteractionStateParameter" computerName="DKSR-EFI-06" duration="00:00:00.0168972" startTime="2024-01-09T15:47:45.9603639+01:00" endTime="2024-01-09T15:47:45.9774838+01:00" testType="13cdc9d9-ddb5-4fa4-a97d-d965ccfc6d4b" outcome="Passed" testListId="8c84fa94-04c1-424b-9868-57a2d4851a1d" relativeResultsDirectory="79d3ed85-c938-476d-96c1-a5118d8aba61" />
    <UnitTestResult executionId="1830ae02-288d-437f-914f-3580283f50d2" testId="7cf8856e-c7a5-694a-07b3-b67149d2c5fd" testName="AddToExportDevices_ShouldReturnCorrectResult (0,5,5)" computerName="DKSR-EFI-06" duration="00:00:00.0027195" startTime="2024-01-09T15:48:45.4023230+01:00" endTime="2024-01-09T15:48:45.4052095+01:00" testType="13cdc9d9-ddb5-4fa4-a97d-d965ccfc6d4b" outcome="Passed" testListId="8c84fa94-04c1-424b-9868-57a2d4851a1d" relativeResultsDirectory="1830ae02-288d-437f-914f-3580283f50d2" />
    <UnitTestResult executionId="21a74bc7-f22c-41e9-9989-bb0e2656a42d" testId="52f7905c-ef65-6a99-dc3b-01a6a292c041" testName="TestForAssemblyCoverage" computerName="DKSR-EFI-06" duration="00:00:00.0001719" startTime="2024-01-09T15:47:43.4250770+01:00" endTime="2024-01-09T15:47:43.4254384+01:00" testType="13cdc9d9-ddb5-4fa4-a97d-d965ccfc6d4b" outcome="Passed" testListId="8c84fa94-04c1-424b-9868-57a2d4851a1d" relativeResultsDirectory="21a74bc7-f22c-41e9-9989-bb0e2656a42d" />
    <UnitTestResult executionId="7283d03f-108d-4934-8bda-61b0ba52cea3" testId="91c02083-3eab-8cf1-1555-f235b60671d1" testName="Decorate_ShouldRaiseArgumentNullException_WhenWindowIsNull" computerName="DKSR-EFI-06" duration="00:00:00.0007341" startTime="2024-01-09T15:47:44.3450559+01:00" endTime="2024-01-09T15:47:44.3485072+01:00" testType="13cdc9d9-ddb5-4fa4-a97d-d965ccfc6d4b" outcome="Passed" testListId="8c84fa94-04c1-424b-9868-57a2d4851a1d" relativeResultsDirectory="7283d03f-108d-4934-8bda-61b0ba52cea3" />
    <UnitTestResult executionId="c407c4ae-18f6-472f-bb14-8fec4a3da8b5" testId="e9caefce-c71e-206f-c8b4-a603b26c14bb" testName="FetchDeviceConfiguration_ShouldNotLoadFromServer_WhenCacheFileIsPresentAndFetchTypeIsOnlyCache" computerName="DKSR-EFI-06" duration="00:00:00.0018585" startTime="2024-01-09T15:48:51.5177650+01:00" endTime="2024-01-09T15:48:51.5197658+01:00" testType="13cdc9d9-ddb5-4fa4-a97d-d965ccfc6d4b" outcome="Passed" testListId="8c84fa94-04c1-424b-9868-57a2d4851a1d" relativeResultsDirectory="c407c4ae-18f6-472f-bb14-8fec4a3da8b5" />
    <UnitTestResult executionId="15d68be0-18d1-4df3-b622-6caa3a975eef" testId="907e6cbe-4234-cd51-c51e-c0122588864e" testName="MonitorsAreSortedCorrectly" computerName="DKSR-EFI-06" duration="00:00:00.0039908" startTime="2024-01-09T15:48:44.9776121+01:00" endTime="2024-01-09T15:48:44.9817379+01:00" testType="13cdc9d9-ddb5-4fa4-a97d-d965ccfc6d4b" outcome="Passed" testListId="8c84fa94-04c1-424b-9868-57a2d4851a1d" relativeResultsDirectory="15d68be0-18d1-4df3-b622-6caa3a975eef" />
    <UnitTestResult executionId="3003dce1-285c-494f-bf9d-5c9556d5b0a4" testId="f952c068-f034-3ff2-3bf8-7e5b673c1e64" testName="Compare_ShouldPrioritizeCombinedResults_WhenSingleAndCombinedResultsArePresent" computerName="DKSR-EFI-06" duration="00:00:00.0016673" startTime="2024-01-09T15:48:26.7589855+01:00" endTime="2024-01-09T15:48:26.7607855+01:00" testType="13cdc9d9-ddb5-4fa4-a97d-d965ccfc6d4b" outcome="Passed" testListId="8c84fa94-04c1-424b-9868-57a2d4851a1d" relativeResultsDirectory="3003dce1-285c-494f-bf9d-5c9556d5b0a4" />
    <UnitTestResult executionId="36de9ab6-4091-49e6-846a-2911bf98ddee" testId="86c3c546-c6cf-be65-f34c-24ab64b4ab72" testName="InputMapItem_Delete_Success" computerName="DKSR-EFI-06" duration="00:00:00.0101615" startTime="2024-01-09T15:48:42.1998342+01:00" endTime="2024-01-09T15:48:42.2101534+01:00" testType="13cdc9d9-ddb5-4fa4-a97d-d965ccfc6d4b" outcome="Passed" testListId="8c84fa94-04c1-424b-9868-57a2d4851a1d" relativeResultsDirectory="36de9ab6-4091-49e6-846a-2911bf98ddee" />
    <UnitTestResult executionId="4e185141-f31f-4b09-813c-b03efe92a4a1" testId="30fe8312-9877-ebd0-79b2-11d30d1e5b58" testName="VideoResultSearchResult_SetThenReset_PropertiesEmptied" computerName="DKSR-EFI-06" duration="00:00:00.0165440" startTime="2024-01-09T15:48:10.4309649+01:00" endTime="2024-01-09T15:48:10.4503448+01:00" testType="13cdc9d9-ddb5-4fa4-a97d-d965ccfc6d4b" outcome="Passed" testListId="8c84fa94-04c1-424b-9868-57a2d4851a1d" relativeResultsDirectory="4e185141-f31f-4b09-813c-b03efe92a4a1" />
    <UnitTestResult executionId="0aa8263c-d8a9-4d7d-bf4a-a1fe452f8bcb" testId="dd886858-691f-731d-ef45-b4933e1e6cbf" testName="GetUtcToday_UtcTimeZoneNoDst_Success" computerName="DKSR-EFI-06" duration="00:00:00.0004247" startTime="2024-01-09T15:48:25.9197206+01:00" endTime="2024-01-09T15:48:25.9202751+01:00" testType="13cdc9d9-ddb5-4fa4-a97d-d965ccfc6d4b" outcome="Passed" testListId="8c84fa94-04c1-424b-9868-57a2d4851a1d" relativeResultsDirectory="0aa8263c-d8a9-4d7d-bf4a-a1fe452f8bcb" />
    <UnitTestResult executionId="a3963a47-8fd7-4a3c-bf16-c2de91190ea8" testId="17fe6ff4-b5d4-9e8c-2ff8-d274a9cc9666" testName="AttributeValueGet_NullValue_Success" computerName="DKSR-EFI-06" duration="00:00:00.0175951" startTime="2024-01-09T15:48:37.9980821+01:00" endTime="2024-01-09T15:48:38.0181751+01:00" testType="13cdc9d9-ddb5-4fa4-a97d-d965ccfc6d4b" outcome="Passed" testListId="8c84fa94-04c1-424b-9868-57a2d4851a1d" relativeResultsDirectory="a3963a47-8fd7-4a3c-bf16-c2de91190ea8" />
    <UnitTestResult executionId="ccc75ff9-1cf4-4d45-8bca-90c8642fb279" testId="f8c8d11d-62f5-abc3-7817-a973cfa3607a" testName="IsMicrophoneEnabled_ShouldBeFalse_WhenMicrophoneIsDisabled" computerName="DKSR-EFI-06" duration="00:00:00.0136532" startTime="2024-01-09T15:48:41.0496178+01:00" endTime="2024-01-09T15:48:41.0656941+01:00" testType="13cdc9d9-ddb5-4fa4-a97d-d965ccfc6d4b" outcome="Passed" testListId="8c84fa94-04c1-424b-9868-57a2d4851a1d" relativeResultsDirectory="ccc75ff9-1cf4-4d45-8bca-90c8642fb279" />
    <UnitTestResult executionId="1abd420c-6086-4acf-800c-af50aee737ea" testId="a5677ca9-068f-1409-b05b-617b1124d3e3" testName="GetBoundingShapesForMetadataObjectsAsync_ShouldIncludeNonFirstMetadataObject_WhenRequestedTimeIsWithinMetadataTimespan" computerName="DKSR-EFI-06" duration="00:00:00.0020013" startTime="2024-01-09T15:48:25.9485091+01:00" endTime="2024-01-09T15:48:25.9506938+01:00" testType="13cdc9d9-ddb5-4fa4-a97d-d965ccfc6d4b" outcome="Passed" testListId="8c84fa94-04c1-424b-9868-57a2d4851a1d" relativeResultsDirectory="1abd420c-6086-4acf-800c-af50aee737ea" />
    <UnitTestResult executionId="f584833e-25b9-4ae5-9600-8ff03c98f3b5" testId="7d3b3df9-6c4c-813c-3fe6-820682e70bdf" testName="RemoveSelectedCameraCommand_CameraInList_OnlySelectedCameraRemoved" computerName="DKSR-EFI-06" duration="00:00:00.0056548" startTime="2024-01-09T15:48:24.7942044+01:00" endTime="2024-01-09T15:48:24.8000252+01:00" testType="13cdc9d9-ddb5-4fa4-a97d-d965ccfc6d4b" outcome="Passed" testListId="8c84fa94-04c1-424b-9868-57a2d4851a1d" relativeResultsDirectory="f584833e-25b9-4ae5-9600-8ff03c98f3b5" />
    <UnitTestResult executionId="bd995136-58ba-4791-aeaf-75401903676b" testId="8558e7ab-4f92-48f5-6cd7-72956b247ea9" testName="CreateSearchResultUserControl_UnmappedConfiguration_ReturnsUnknownSearchResultUserControl" computerName="DKSR-EFI-06" duration="00:00:00.0134941" startTime="2024-01-09T15:48:37.5474682+01:00" endTime="2024-01-09T15:48:37.5633973+01:00" testType="13cdc9d9-ddb5-4fa4-a97d-d965ccfc6d4b" outcome="Passed" testListId="8c84fa94-04c1-424b-9868-57a2d4851a1d" relativeResultsDirectory="bd995136-58ba-4791-aeaf-75401903676b" />
    <UnitTestResult executionId="fd52be6c-5b6a-4b2d-8ec9-71d4cd775537" testId="c91a6029-2d3a-0f60-dab5-db888083c7c3" testName="State_ShouldUpdateMicrophoneIconImage_WhenSetToUnMute" computerName="DKSR-EFI-06" duration="00:00:00.0107932" startTime="2024-01-09T15:48:42.0303192+01:00" endTime="2024-01-09T15:48:42.0438160+01:00" testType="13cdc9d9-ddb5-4fa4-a97d-d965ccfc6d4b" outcome="Passed" testListId="8c84fa94-04c1-424b-9868-57a2d4851a1d" relativeResultsDirectory="fd52be6c-5b6a-4b2d-8ec9-71d4cd775537" />
    <UnitTestResult executionId="e8051389-92b5-421b-be20-e279a523ae85" testId="fcff554d-34c8-97ff-ebce-88a9ec7d660a" testName="MulticastInfoDto_ShouldYieldSameValues_WhenRoundTripConverted" computerName="DKSR-EFI-06" duration="00:00:00.0029765" startTime="2024-01-09T15:47:40.9905538+01:00" endTime="2024-01-09T15:47:40.9937142+01:00" testType="13cdc9d9-ddb5-4fa4-a97d-d965ccfc6d4b" outcome="Passed" testListId="8c84fa94-04c1-424b-9868-57a2d4851a1d" relativeResultsDirectory="e8051389-92b5-421b-be20-e279a523ae85" />
    <UnitTestResult executionId="45bdc366-6d69-4c2b-8156-c1fc26fb1649" testId="e5b3b709-ebd8-5410-dfc8-207021a3b5a1" testName="GetDuration_OneDayAndTwoHours_Success" computerName="DKSR-EFI-06" duration="00:00:00.0002839" startTime="2024-01-09T15:48:25.9140820+01:00" endTime="2024-01-09T15:48:25.9144914+01:00" testType="13cdc9d9-ddb5-4fa4-a97d-d965ccfc6d4b" outcome="Passed" testListId="8c84fa94-04c1-424b-9868-57a2d4851a1d" relativeResultsDirectory="45bdc366-6d69-4c2b-8156-c1fc26fb1649" />
    <UnitTestResult executionId="c65c32f0-0f7e-466b-8bc3-1aa8ce7dcead" testId="2674b7c4-7076-fd3a-f5df-01507f4b862a" testName="ResolveBaseResultProperties_ShouldOnlyReturnTriggerTimesThatAreWithinBeginEndWithPadding" computerName="DKSR-EFI-06" duration="00:00:00.0022380" startTime="2024-01-09T15:48:26.0208761+01:00" endTime="2024-01-09T15:48:26.0232453+01:00" testType="13cdc9d9-ddb5-4fa4-a97d-d965ccfc6d4b" outcome="Passed" testListId="8c84fa94-04c1-424b-9868-57a2d4851a1d" relativeResultsDirectory="c65c32f0-0f7e-466b-8bc3-1aa8ce7dcead" />
    <UnitTestResult executionId="7082292c-1f6d-4b61-b1c7-a148432d8e24" testId="0d68917f-e0c8-8b03-5d02-6e8d6b862245" testName="ConvertBack_Throws" computerName="DKSR-EFI-06" duration="00:00:00.0007404" startTime="2024-01-09T15:48:10.3320256+01:00" endTime="2024-01-09T15:48:10.3331780+01:00" testType="13cdc9d9-ddb5-4fa4-a97d-d965ccfc6d4b" outcome="Passed" testListId="8c84fa94-04c1-424b-9868-57a2d4851a1d" relativeResultsDirectory="7082292c-1f6d-4b61-b1c7-a148432d8e24" />
    <UnitTestResult executionId="2d0b69c6-f888-4c6d-b96e-243f870963db" testId="47ac3dda-7749-2f44-950d-c0fd39257f55" testName="AudioControllerOnDevicesLockEvent_ShouldDisableMicrophones_WhenLockingAudioDevicesAndApplicationIsInLiveMode" computerName="DKSR-EFI-06" duration="00:00:00.0140691" startTime="2024-01-09T15:48:41.2268559+01:00" endTime="2024-01-09T15:48:41.2433426+01:00" testType="13cdc9d9-ddb5-4fa4-a97d-d965ccfc6d4b" outcome="Passed" testListId="8c84fa94-04c1-424b-9868-57a2d4851a1d" relativeResultsDirectory="2d0b69c6-f888-4c6d-b96e-243f870963db" />
    <UnitTestResult executionId="522d3e44-dfb0-4424-8dea-9b763eb1b3d4" testId="3e00ced7-c9ef-e081-8698-0bfc18ba5ea0" testName="Ctor_NullOptionManager_Failure" computerName="DKSR-EFI-06" duration="00:00:00.0003134" startTime="2024-01-09T15:48:25.6067406+01:00" endTime="2024-01-09T15:48:25.6072205+01:00" testType="13cdc9d9-ddb5-4fa4-a97d-d965ccfc6d4b" outcome="Passed" testListId="8c84fa94-04c1-424b-9868-57a2d4851a1d" relativeResultsDirectory="522d3e44-dfb0-4424-8dea-9b763eb1b3d4" />
    <UnitTestResult executionId="21c64b31-77fd-494d-a7c9-01df5a17b90c" testId="ab9ddcfe-5059-def5-d0f3-2a728312c36d" testName="DisplayErrorOnNotificationArea_UnknownDerivedFromSearchError_LoggingDisabled_Success" computerName="DKSR-EFI-06" duration="00:00:00.0070736" startTime="2024-01-09T15:48:25.1900184+01:00" endTime="2024-01-09T15:48:25.1972573+01:00" testType="13cdc9d9-ddb5-4fa4-a97d-d965ccfc6d4b" outcome="Passed" testListId="8c84fa94-04c1-424b-9868-57a2d4851a1d" relativeResultsDirectory="21c64b31-77fd-494d-a7c9-01df5a17b90c" />
    <UnitTestResult executionId="d6ad4267-2c31-4f4f-9eba-49c380b3b37c" testId="540a3b23-7cf4-4873-bac2-ebb7a9a2a9f2" testName="ActiveInteractionStateBinding_ShouldOnlyContainNormalAndNewDevice_WhenCtorIsCalled" computerName="DKSR-EFI-06" duration="00:00:00.0435883" startTime="2024-01-09T15:47:49.1180481+01:00" endTime="2024-01-09T15:47:49.1650333+01:00" testType="13cdc9d9-ddb5-4fa4-a97d-d965ccfc6d4b" outcome="Passed" testListId="8c84fa94-04c1-424b-9868-57a2d4851a1d" relativeResultsDirectory="d6ad4267-2c31-4f4f-9eba-49c380b3b37c" />
    <UnitTestResult executionId="2e404d79-91f9-4ad6-b17f-4570433068c9" testId="19f414fb-e29e-e53a-f5c0-dddd8004a79d" testName="ObjectToEnabledConverter_Convert_Success" computerName="DKSR-EFI-06" duration="00:00:00.0004506" startTime="2024-01-09T15:48:44.0157697+01:00" endTime="2024-01-09T15:48:44.0164354+01:00" testType="13cdc9d9-ddb5-4fa4-a97d-d965ccfc6d4b" outcome="Passed" testListId="8c84fa94-04c1-424b-9868-57a2d4851a1d" relativeResultsDirectory="2e404d79-91f9-4ad6-b17f-4570433068c9" />
    <UnitTestResult executionId="1327b55b-0624-44ff-903f-962d6f86e2a5" testId="06412854-071a-034e-5a5f-ce51d467c3ae" testName="UpdateScope_NullItems_Throws" computerName="DKSR-EFI-06" duration="00:00:00.0004042" startTime="2024-01-09T15:48:26.6611767+01:00" endTime="2024-01-09T15:48:26.6618701+01:00" testType="13cdc9d9-ddb5-4fa4-a97d-d965ccfc6d4b" outcome="Passed" testListId="8c84fa94-04c1-424b-9868-57a2d4851a1d" relativeResultsDirectory="1327b55b-0624-44ff-903f-962d6f86e2a5" />
    <UnitTestResult executionId="1d332433-159e-4f3b-ab24-42febf2a030d" testId="1bd47a22-fa5c-5334-c7fb-8e1b4053f662" testName="Map_Layers_InsertDirectly_Fail" computerName="DKSR-EFI-06" duration="00:00:00.0057466" startTime="2024-01-09T15:48:40.5438609+01:00" endTime="2024-01-09T15:48:40.5497851+01:00" testType="13cdc9d9-ddb5-4fa4-a97d-d965ccfc6d4b" outcome="Passed" testListId="8c84fa94-04c1-424b-9868-57a2d4851a1d" relativeResultsDirectory="1d332433-159e-4f3b-ab24-42febf2a030d" />
    <UnitTestResult executionId="53bb1acc-aa10-4a93-8cf9-d2192f6ba2ef" testId="91b2687b-d336-be96-6484-dd3e01d48bcc" testName="TwentyFourHours_Success" computerName="DKSR-EFI-06" duration="00:00:00.0001811" startTime="2024-01-09T15:48:26.1061200+01:00" endTime="2024-01-09T15:48:26.1064468+01:00" testType="13cdc9d9-ddb5-4fa4-a97d-d965ccfc6d4b" outcome="Passed" testListId="8c84fa94-04c1-424b-9868-57a2d4851a1d" relativeResultsDirectory="53bb1acc-aa10-4a93-8cf9-d2192f6ba2ef" />
    <UnitTestResult executionId="32b0be8d-6128-469c-920b-babea5ad2648" testId="8cc6d850-7864-120d-52a3-07064eb9831b" testName="IconResourceKey_ShouldBeValid_WhenInteractionStateIsAddCamera" computerName="DKSR-EFI-06" duration="00:00:00.0005409" startTime="2024-01-09T15:47:45.9358862+01:00" endTime="2024-01-09T15:47:45.9365801+01:00" testType="13cdc9d9-ddb5-4fa4-a97d-d965ccfc6d4b" outcome="Passed" testListId="8c84fa94-04c1-424b-9868-57a2d4851a1d" relativeResultsDirectory="32b0be8d-6128-469c-920b-babea5ad2648" />
    <UnitTestResult executionId="0984398d-1620-44fb-b6b0-5d3b9ea08b1b" testId="be46907d-a173-13ad-6a6b-f04367a3abb5" testName="RightClick_ShouldSetContextMenu_WhenHostIsNotContextMenuAware" computerName="DKSR-EFI-06" duration="00:00:00.0084112" startTime="2024-01-09T15:47:47.3245645+01:00" endTime="2024-01-09T15:47:47.3354792+01:00" testType="13cdc9d9-ddb5-4fa4-a97d-d965ccfc6d4b" outcome="Passed" testListId="8c84fa94-04c1-424b-9868-57a2d4851a1d" relativeResultsDirectory="0984398d-1620-44fb-b6b0-5d3b9ea08b1b" />
    <UnitTestResult executionId="6b12e279-f383-4377-b893-b2456da6a4d5" testId="cedacd39-cebe-080f-c95c-117129a33131" testName="Constructor_ShouldRaiseArgumentNullException_WhenGisMapModelIsNull" computerName="DKSR-EFI-06" duration="00:00:00.0066822" startTime="2024-01-09T15:47:50.7804916+01:00" endTime="2024-01-09T15:47:50.7875084+01:00" testType="13cdc9d9-ddb5-4fa4-a97d-d965ccfc6d4b" outcome="Passed" testListId="8c84fa94-04c1-424b-9868-57a2d4851a1d" relativeResultsDirectory="6b12e279-f383-4377-b893-b2456da6a4d5" />
    <UnitTestResult executionId="9661838b-14f4-4e26-ab29-2672e2877798" testId="d4287150-22c1-db59-46c8-b3a46f9472fc" testName="SearchResultDetailsView_MouseDoubleClick_AnimationEnabled_DetailsViewRemovedFromMainGrid" computerName="DKSR-EFI-06" duration="00:00:00.7477282" startTime="2024-01-09T15:47:58.8578609+01:00" endTime="2024-01-09T15:47:59.6085122+01:00" testType="13cdc9d9-ddb5-4fa4-a97d-d965ccfc6d4b" outcome="Passed" testListId="8c84fa94-04c1-424b-9868-57a2d4851a1d" relativeResultsDirectory="9661838b-14f4-4e26-ab29-2672e2877798" />
    <UnitTestResult executionId="e0211f28-0cc3-4a0c-9c6a-508d676bfdf9" testId="62930b8c-e45e-fc1a-2573-556c126ac982" testName="DeviceIcons_ShouldReturnIconsInAProperOrder_WhenCalled" computerName="DKSR-EFI-06" duration="00:00:00.0023365" startTime="2024-01-09T15:48:40.8070850+01:00" endTime="2024-01-09T15:48:40.8095491+01:00" testType="13cdc9d9-ddb5-4fa4-a97d-d965ccfc6d4b" outcome="Passed" testListId="8c84fa94-04c1-424b-9868-57a2d4851a1d" relativeResultsDirectory="e0211f28-0cc3-4a0c-9c6a-508d676bfdf9" />
    <UnitTestResult executionId="171efde7-c651-4901-a327-17f0409d4709" testId="965562eb-8289-311d-8c35-1161a699ffcd" testName="MipItemsMapLayer_Constructed_Success" computerName="DKSR-EFI-06" duration="00:00:00.0065976" startTime="2024-01-09T15:48:38.7217122+01:00" endTime="2024-01-09T15:48:38.7284839+01:00" testType="13cdc9d9-ddb5-4fa4-a97d-d965ccfc6d4b" outcome="Passed" testListId="8c84fa94-04c1-424b-9868-57a2d4851a1d" relativeResultsDirectory="171efde7-c651-4901-a327-17f0409d4709" />
    <UnitTestResult executionId="2e117432-80ea-46cd-9590-e75b8681eb99" testId="6041a665-a5c2-d6e3-acc3-d07918acde37" testName="BoundingBoxLiveStart" computerName="DKSR-EFI-06" duration="00:00:00.0954746" startTime="2024-01-09T15:48:46.1333275+01:00" endTime="2024-01-09T15:48:46.2291878+01:00" testType="13cdc9d9-ddb5-4fa4-a97d-d965ccfc6d4b" outcome="Passed" testListId="8c84fa94-04c1-424b-9868-57a2d4851a1d" relativeResultsDirectory="2e117432-80ea-46cd-9590-e75b8681eb99" />
    <UnitTestResult executionId="87cad904-6de9-46ae-b784-1a632a5ec87e" testId="abed422e-8ff0-5810-3b31-84bfdebdfcc3" testName="Constructor_ShouldRaiseArgumentNullException_WhenGisMapModelIsNull" computerName="DKSR-EFI-06" duration="00:00:00.0115346" startTime="2024-01-09T15:47:50.8805285+01:00" endTime="2024-01-09T15:47:50.8924012+01:00" testType="13cdc9d9-ddb5-4fa4-a97d-d965ccfc6d4b" outcome="Passed" testListId="8c84fa94-04c1-424b-9868-57a2d4851a1d" relativeResultsDirectory="87cad904-6de9-46ae-b784-1a632a5ec87e" />
    <UnitTestResult executionId="231df7d4-d9b7-45b0-ac07-b3faa9ba922a" testId="76aaeca3-fba5-a4e3-743c-70ebeb58a048" testName="GetSearchReportDialog_SelectedSearchResults_MultiResults_Success" computerName="DKSR-EFI-06" duration="00:00:00.0716739" startTime="2024-01-09T15:48:25.5261717+01:00" endTime="2024-01-09T15:48:25.6023285+01:00" testType="13cdc9d9-ddb5-4fa4-a97d-d965ccfc6d4b" outcome="Passed" testListId="8c84fa94-04c1-424b-9868-57a2d4851a1d" relativeResultsDirectory="231df7d4-d9b7-45b0-ac07-b3faa9ba922a" />
    <UnitTestResult executionId="230f72d9-eab4-40b4-949c-582492e49271" testId="27433e55-5768-6c79-0b23-c4648c647a81" testName="Constructor_ShouldThrowException_WhenReportViewerStateIsNull" computerName="DKSR-EFI-06" duration="00:00:00.0003579" startTime="2024-01-09T15:48:47.0495065+01:00" endTime="2024-01-09T15:48:47.0500297+01:00" testType="13cdc9d9-ddb5-4fa4-a97d-d965ccfc6d4b" outcome="Passed" testListId="8c84fa94-04c1-424b-9868-57a2d4851a1d" relativeResultsDirectory="230f72d9-eab4-40b4-949c-582492e49271" />
    <UnitTestResult executionId="8913e671-21c7-48c4-ab0c-0be4b3e30261" testId="1742c7aa-b082-d69c-8853-7ede68919ffd" testName="SmartSearchStatusType_ShouldYieldSameValuesForAllEnumValues_WhenRoundTripConverted (UnspecifiedError,UnspecifiedError)" computerName="DKSR-EFI-06" duration="00:00:00.0000059" startTime="2024-01-09T15:47:41.0223258+01:00" endTime="2024-01-09T15:47:41.0224189+01:00" testType="13cdc9d9-ddb5-4fa4-a97d-d965ccfc6d4b" outcome="Passed" testListId="8c84fa94-04c1-424b-9868-57a2d4851a1d" relativeResultsDirectory="8913e671-21c7-48c4-ab0c-0be4b3e30261" />
    <UnitTestResult executionId="cb4f7ee0-4b99-480e-8878-501d893c331b" testId="142d7f64-df34-9fff-6e19-8f208ebae02f" testName="BuildEvidenceCreatedProperties_ShouldReturnCorrectValues (some headline,some description,03:00:00,Days,1.22:00:00,0,True,True,03:00:00,Days,1.22:00:00,0)" computerName="DKSR-EFI-06" duration="00:00:00.0125195" startTime="2024-01-09T15:48:51.6070898+01:00" endTime="2024-01-09T15:48:51.6198704+01:00" testType="13cdc9d9-ddb5-4fa4-a97d-d965ccfc6d4b" outcome="Passed" testListId="8c84fa94-04c1-424b-9868-57a2d4851a1d" relativeResultsDirectory="cb4f7ee0-4b99-480e-8878-501d893c331b" />
    <UnitTestResult executionId="1c5e619c-4c64-45bc-92be-8b34230fc9c7" testId="224208d0-b60c-0e1e-7362-af15735beb49" testName="PatrollingStepListViewModel_SelectedPatrollingStepViewModel" computerName="DKSR-EFI-06" duration="00:00:00.0033612" startTime="2024-01-09T15:48:43.9442306+01:00" endTime="2024-01-09T15:48:43.9477313+01:00" testType="13cdc9d9-ddb5-4fa4-a97d-d965ccfc6d4b" outcome="Passed" testListId="8c84fa94-04c1-424b-9868-57a2d4851a1d" relativeResultsDirectory="1c5e619c-4c64-45bc-92be-8b34230fc9c7" />
    <UnitTestResult executionId="90752d08-2192-405a-a2b1-9c3d99e9a291" testId="91badbed-8323-8970-07a3-e3c2481d7a72" testName="Deserialize_ToTimeOnly_Success" computerName="DKSR-EFI-06" duration="00:00:00.0006683" startTime="2024-01-09T15:48:26.8307903+01:00" endTime="2024-01-09T15:48:26.8315880+01:00" testType="13cdc9d9-ddb5-4fa4-a97d-d965ccfc6d4b" outcome="Passed" testListId="8c84fa94-04c1-424b-9868-57a2d4851a1d" relativeResultsDirectory="90752d08-2192-405a-a2b1-9c3d99e9a291" />
    <UnitTestResult executionId="fa34bbb2-f163-40b3-a093-1be36cc98ea1" testId="a1f63b95-bed0-b504-3aa1-12bbb203c9f9" testName="HandleSetLayerFeatures_ShouldRaiseArgumentException_WhenNotOutputKindAndOutputLayerFeatures" computerName="DKSR-EFI-06" duration="00:00:00.0012905" startTime="2024-01-09T15:48:42.9882447+01:00" endTime="2024-01-09T15:48:42.9896968+01:00" testType="13cdc9d9-ddb5-4fa4-a97d-d965ccfc6d4b" outcome="Passed" testListId="8c84fa94-04c1-424b-9868-57a2d4851a1d" relativeResultsDirectory="fa34bbb2-f163-40b3-a093-1be36cc98ea1" />
    <UnitTestResult executionId="a2285c0c-8272-4e49-83f0-681cf80a0d07" testId="30772405-8178-0ea1-63c6-a4f72d01f565" testName="Ctor_NullScreen_ThrowsException" computerName="DKSR-EFI-06" duration="00:00:00.0018821" startTime="2024-01-09T15:48:44.0175766+01:00" endTime="2024-01-09T15:48:44.0222627+01:00" testType="13cdc9d9-ddb5-4fa4-a97d-d965ccfc6d4b" outcome="Passed" testListId="8c84fa94-04c1-424b-9868-57a2d4851a1d" relativeResultsDirectory="a2285c0c-8272-4e49-83f0-681cf80a0d07" />
    <UnitTestResult executionId="10633bdf-cdea-4a7a-943f-a16cfda9026a" testId="9f2d8267-74f7-ee47-e40a-a9214d8b0149" testName="ValueWithFallbackConverterTests_Convert_OneValue_Success" computerName="DKSR-EFI-06" duration="00:00:00.0003795" startTime="2024-01-09T15:48:10.3594453+01:00" endTime="2024-01-09T15:48:10.3599967+01:00" testType="13cdc9d9-ddb5-4fa4-a97d-d965ccfc6d4b" outcome="Passed" testListId="8c84fa94-04c1-424b-9868-57a2d4851a1d" relativeResultsDirectory="10633bdf-cdea-4a7a-943f-a16cfda9026a" />
    <UnitTestResult executionId="0dfda336-3b33-4ab3-8849-345b2352e74d" testId="411bf916-58a4-1dad-e0e6-3f86688192cf" testName="ScrollIntoView_Async_DefinitionViewBelowOutOfViewPort_Scrolled" computerName="DKSR-EFI-06" duration="00:00:00.0533803" startTime="2024-01-09T15:47:52.9907147+01:00" endTime="2024-01-09T15:47:53.0532782+01:00" testType="13cdc9d9-ddb5-4fa4-a97d-d965ccfc6d4b" outcome="Passed" testListId="8c84fa94-04c1-424b-9868-57a2d4851a1d" relativeResultsDirectory="0dfda336-3b33-4ab3-8849-345b2352e74d" />
    <UnitTestResult executionId="1201e502-8baa-4c00-a76a-98241e5bdac4" testId="eafd993c-1009-37c6-4ede-de325862c5a7" testName="FromBase64_Success" computerName="DKSR-EFI-06" duration="00:00:00.0069022" startTime="2024-01-09T15:48:49.3726832+01:00" endTime="2024-01-09T15:48:49.3797688+01:00" testType="13cdc9d9-ddb5-4fa4-a97d-d965ccfc6d4b" outcome="Passed" testListId="8c84fa94-04c1-424b-9868-57a2d4851a1d" relativeResultsDirectory="1201e502-8baa-4c00-a76a-98241e5bdac4" />
    <UnitTestResult executionId="5deef480-6443-4d99-aec9-66229e3c4352" testId="ecb78db4-fbd8-8b6b-a357-e550309c3c9c" testName="SearchEventsAsync_ShouldReturnNull_WhenAccessControlLoginInfoIsNull" computerName="DKSR-EFI-06" duration="00:00:00.0031970" startTime="2024-01-09T15:48:52.7931801+01:00" endTime="2024-01-09T15:48:52.7965527+01:00" testType="13cdc9d9-ddb5-4fa4-a97d-d965ccfc6d4b" outcome="Passed" testListId="8c84fa94-04c1-424b-9868-57a2d4851a1d" relativeResultsDirectory="5deef480-6443-4d99-aec9-66229e3c4352" />
    <UnitTestResult executionId="b4d0b018-6d23-4fbf-a8fc-84ee32815d88" testId="f4a64d46-5162-ebbc-c6d5-bf9ee224f0ba" testName="ActionBarPluginsEnabled_TwoPluginsWithDifferentOverflowModes_PluginButtonPresentInActionBarAndSortedCorrectly" computerName="DKSR-EFI-06" duration="00:00:00.0278993" startTime="2024-01-09T15:47:53.8874296+01:00" endTime="2024-01-09T15:47:53.9180763+01:00" testType="13cdc9d9-ddb5-4fa4-a97d-d965ccfc6d4b" outcome="Passed" testListId="8c84fa94-04c1-424b-9868-57a2d4851a1d" relativeResultsDirectory="b4d0b018-6d23-4fbf-a8fc-84ee32815d88" />
    <UnitTestResult executionId="2e86ca28-0f3a-469c-821d-976e464bddb4" testId="41d4421e-5dd5-6cec-027d-d4227fb48184" testName="ParseFromName_SecondPartNotZero_MinutesRoundedUp" computerName="DKSR-EFI-06" duration="00:00:00.0005990" startTime="2024-01-09T15:48:25.9166633+01:00" endTime="2024-01-09T15:48:25.9173893+01:00" testType="13cdc9d9-ddb5-4fa4-a97d-d965ccfc6d4b" outcome="Passed" testListId="8c84fa94-04c1-424b-9868-57a2d4851a1d" relativeResultsDirectory="2e86ca28-0f3a-469c-821d-976e464bddb4" />
    <UnitTestResult executionId="9b18d24e-3276-4761-824c-faa4ce269f1e" testId="0882c6fe-e955-9a8a-eee5-7ae62c8b3178" testName="DateToStringConverter_ProvideValue_Success" computerName="DKSR-EFI-06" duration="00:00:00.0002984" startTime="2024-01-09T15:48:10.3001009+01:00" endTime="2024-01-09T15:48:10.3005287+01:00" testType="13cdc9d9-ddb5-4fa4-a97d-d965ccfc6d4b" outcome="Passed" testListId="8c84fa94-04c1-424b-9868-57a2d4851a1d" relativeResultsDirectory="9b18d24e-3276-4761-824c-faa4ce269f1e" />
    <UnitTestResult executionId="763740cc-66c8-4225-8149-0b6723406efd" testId="4ca2f8f4-021b-5238-c299-1b1fb7ab3fab" testName="GisPointToIndexGridPosition_00_ReturnsPowerScaleMinusOne" computerName="DKSR-EFI-06" duration="00:00:00.0002365" startTime="2024-01-09T15:48:43.6982461+01:00" endTime="2024-01-09T15:48:43.6987322+01:00" testType="13cdc9d9-ddb5-4fa4-a97d-d965ccfc6d4b" outcome="Passed" testListId="8c84fa94-04c1-424b-9868-57a2d4851a1d" relativeResultsDirectory="763740cc-66c8-4225-8149-0b6723406efd" />
    <UnitTestResult executionId="6a4f0384-e721-4ba9-8c7a-ec02da704fd2" testId="e81103cb-7818-2463-05b1-4325c5ff61c8" testName="OnSizeChanged_TilesRerendered" computerName="DKSR-EFI-06" duration="00:00:00.0197712" startTime="2024-01-09T15:48:10.4508964+01:00" endTime="2024-01-09T15:48:10.4734614+01:00" testType="13cdc9d9-ddb5-4fa4-a97d-d965ccfc6d4b" outcome="Passed" testListId="8c84fa94-04c1-424b-9868-57a2d4851a1d" relativeResultsDirectory="6a4f0384-e721-4ba9-8c7a-ec02da704fd2" />
    <UnitTestResult executionId="93b6f0fd-6a29-4169-a7f5-b62fa7f2ee75" testId="63135864-bbed-7d2f-1686-fca6f6a9f030" testName="SearchCriteriaOnChanged_ShouldNotThrow_WhenNoRegionSelectionOrSmartSearchFilterValuesAdded" computerName="DKSR-EFI-06" duration="00:00:00.0018702" startTime="2024-01-09T15:48:26.7130118+01:00" endTime="2024-01-09T15:48:26.7151058+01:00" testType="13cdc9d9-ddb5-4fa4-a97d-d965ccfc6d4b" outcome="Passed" testListId="8c84fa94-04c1-424b-9868-57a2d4851a1d" relativeResultsDirectory="93b6f0fd-6a29-4169-a7f5-b62fa7f2ee75" />
    <UnitTestResult executionId="eeb8eb6c-fc18-436c-a3eb-b9876fe3e007" testId="7bbe3c7b-c7f6-b4cd-97f0-8c1f6db6c80e" testName="UpdateHomeLocationInModel_Updated_Succes" computerName="DKSR-EFI-06" duration="00:00:00.0206485" startTime="2024-01-09T15:47:44.2267292+01:00" endTime="2024-01-09T15:47:44.2501702+01:00" testType="13cdc9d9-ddb5-4fa4-a97d-d965ccfc6d4b" outcome="Passed" testListId="8c84fa94-04c1-424b-9868-57a2d4851a1d" relativeResultsDirectory="eeb8eb6c-fc18-436c-a3eb-b9876fe3e007" />
    <UnitTestResult executionId="0aab9f5c-94c2-40af-8ad2-b7d4e667a457" testId="c5313a02-9751-5e36-b637-63c29c825679" testName="SetCustomPickerResult_Set_CustomIntervalOpenResetAndNotificationFired" computerName="DKSR-EFI-06" duration="00:00:00.0069438" startTime="2024-01-09T15:48:24.8529962+01:00" endTime="2024-01-09T15:48:24.8601123+01:00" testType="13cdc9d9-ddb5-4fa4-a97d-d965ccfc6d4b" outcome="Passed" testListId="8c84fa94-04c1-424b-9868-57a2d4851a1d" relativeResultsDirectory="0aab9f5c-94c2-40af-8ad2-b7d4e667a457" />
    <UnitTestResult executionId="32e95c64-ccd9-467d-afa3-439a99cebe8e" testId="f8050766-a819-6e5a-f094-40b949fa7692" testName="PointMapItem_Load_Success" computerName="DKSR-EFI-06" duration="00:00:00.0300609" startTime="2024-01-09T15:48:39.1018337+01:00" endTime="2024-01-09T15:48:39.1322104+01:00" testType="13cdc9d9-ddb5-4fa4-a97d-d965ccfc6d4b" outcome="Passed" testListId="8c84fa94-04c1-424b-9868-57a2d4851a1d" relativeResultsDirectory="32e95c64-ccd9-467d-afa3-439a99cebe8e" />
    <UnitTestResult executionId="69d4058e-dae9-4aba-a17f-ea11a37c20eb" testId="d9a71493-8a98-1ce2-4921-b216ae947c71" testName="SupportsDoubleClick_ShouldBeFalse_WhenInteractionStateIsNotNormalAndNotInSetupMode" computerName="DKSR-EFI-06" duration="00:00:00.0154505" startTime="2024-01-09T15:47:47.9427412+01:00" endTime="2024-01-09T15:47:47.9607652+01:00" testType="13cdc9d9-ddb5-4fa4-a97d-d965ccfc6d4b" outcome="Passed" testListId="8c84fa94-04c1-424b-9868-57a2d4851a1d" relativeResultsDirectory="69d4058e-dae9-4aba-a17f-ea11a37c20eb" />
    <UnitTestResult executionId="9e1e266b-5b43-4c3e-9b64-231b1b824d92" testId="bf66e757-0492-e485-8a4b-fc8c1a4bef3b" testName="TestUpdateState_SmartWallViewType" computerName="DKSR-EFI-06" duration="00:00:00.0033428" startTime="2024-01-09T15:48:45.6758585+01:00" endTime="2024-01-09T15:48:45.6793518+01:00" testType="13cdc9d9-ddb5-4fa4-a97d-d965ccfc6d4b" outcome="Passed" testListId="8c84fa94-04c1-424b-9868-57a2d4851a1d" relativeResultsDirectory="9e1e266b-5b43-4c3e-9b64-231b1b824d92" />
    <UnitTestResult executionId="d5441890-6ce3-42e0-9d63-921597fce6f0" testId="4d11492e-27b0-719b-9344-aa3d6645e529" testName="DisplayErrorOnNotificationArea_ServerNotAvailableSearchError_Success" computerName="DKSR-EFI-06" duration="00:00:00.0073304" startTime="2024-01-09T15:48:25.1055831+01:00" endTime="2024-01-09T15:48:25.1130668+01:00" testType="13cdc9d9-ddb5-4fa4-a97d-d965ccfc6d4b" outcome="Passed" testListId="8c84fa94-04c1-424b-9868-57a2d4851a1d" relativeResultsDirectory="d5441890-6ce3-42e0-9d63-921597fce6f0" />
    <UnitTestResult executionId="f998630d-475c-4c8c-a9ce-f1c85b3e4754" testId="7df9b500-6856-6e35-de99-08c43bb682f1" testName="TestForAssemblyCoverage" computerName="DKSR-EFI-06" duration="00:00:00.0028429" startTime="2024-01-09T15:47:43.5903226+01:00" endTime="2024-01-09T15:47:43.5933773+01:00" testType="13cdc9d9-ddb5-4fa4-a97d-d965ccfc6d4b" outcome="Passed" testListId="8c84fa94-04c1-424b-9868-57a2d4851a1d" relativeResultsDirectory="f998630d-475c-4c8c-a9ce-f1c85b3e4754" />
    <UnitTestResult executionId="af5cfb66-93ce-4080-af3b-f16ca5b48c1d" testId="a2942f2b-9678-3c30-9d53-cbabd8538e8a" testName="SmartMapGoToPositionHandler_WhenZoomIsInvalid_ShouldWriteToLog" computerName="DKSR-EFI-06" duration="00:00:00.0012226" startTime="2024-01-09T15:47:49.6873596+01:00" endTime="2024-01-09T15:47:49.6886956+01:00" testType="13cdc9d9-ddb5-4fa4-a97d-d965ccfc6d4b" outcome="Passed" testListId="8c84fa94-04c1-424b-9868-57a2d4851a1d" relativeResultsDirectory="af5cfb66-93ce-4080-af3b-f16ca5b48c1d" />
    <UnitTestResult executionId="527ed9bd-fa69-49c9-832f-5be51c8e6904" testId="7f31e1a8-eb37-a7f7-05cb-b001ed2dcb3c" testName="SearchResultsReady_ShouldReturnAllResults_WhenSearchResultIdsAreUnique" computerName="DKSR-EFI-06" duration="00:00:00.0046906" startTime="2024-01-09T15:48:26.4631252+01:00" endTime="2024-01-09T15:48:26.4679578+01:00" testType="13cdc9d9-ddb5-4fa4-a97d-d965ccfc6d4b" outcome="Passed" testListId="8c84fa94-04c1-424b-9868-57a2d4851a1d" relativeResultsDirectory="527ed9bd-fa69-49c9-832f-5be51c8e6904" />
    <UnitTestResult executionId="f8d64c2c-fef3-4741-b04e-3a506c3224e0" testId="94ba17e6-30fb-3cd3-1d80-21c645e8deb9" testName="GetWorkspaceToolbarItems_ShouldReturnLiveToolbarItemDisabledPlaybackToolbarItemEnabled_WhenWorkspaceIsPlayback" computerName="DKSR-EFI-06" duration="00:00:00.0022206" startTime="2024-01-09T15:48:44.3632712+01:00" endTime="2024-01-09T15:48:44.3656362+01:00" testType="13cdc9d9-ddb5-4fa4-a97d-d965ccfc6d4b" outcome="Passed" testListId="8c84fa94-04c1-424b-9868-57a2d4851a1d" relativeResultsDirectory="f8d64c2c-fef3-4741-b04e-3a506c3224e0" />
    <UnitTestResult executionId="145b1771-9106-427f-9c04-b7019e2d2134" testId="380c2d79-325d-3409-b945-e63fa33fc5f3" testName="ToDenormalizedDirection_LesserThanMinus1_0_Failure" computerName="DKSR-EFI-06" duration="00:00:00.0002326" startTime="2024-01-09T15:48:38.6307122+01:00" endTime="2024-01-09T15:48:38.6311036+01:00" testType="13cdc9d9-ddb5-4fa4-a97d-d965ccfc6d4b" outcome="Passed" testListId="8c84fa94-04c1-424b-9868-57a2d4851a1d" relativeResultsDirectory="145b1771-9106-427f-9c04-b7019e2d2134" />
    <UnitTestResult executionId="f9456816-8b0c-4b3b-9d70-dde18c4f18fd" testId="1b5117b5-2de0-24e5-94e2-f368e4d15b39" testName="Disable_WhenInvoked_ThenAlarmsDisabledAndNoSubscribers" computerName="DKSR-EFI-06" duration="00:00:00.0009159" startTime="2024-01-09T15:48:40.8458505+01:00" endTime="2024-01-09T15:48:40.8468962+01:00" testType="13cdc9d9-ddb5-4fa4-a97d-d965ccfc6d4b" outcome="Passed" testListId="8c84fa94-04c1-424b-9868-57a2d4851a1d" relativeResultsDirectory="f9456816-8b0c-4b3b-9d70-dde18c4f18fd" />
    <UnitTestResult executionId="48f8ba41-7d71-4486-b783-c974e93826dc" testId="a3df582b-9242-8550-dbc2-e8cf5432b6b2" testName="Connect_WhenCredentialsIsNull_ShouldThrowException" computerName="DKSR-EFI-06" duration="00:00:00.0111145" startTime="2024-01-09T15:47:41.0265588+01:00" endTime="2024-01-09T15:47:41.0379392+01:00" testType="13cdc9d9-ddb5-4fa4-a97d-d965ccfc6d4b" outcome="Passed" testListId="8c84fa94-04c1-424b-9868-57a2d4851a1d" relativeResultsDirectory="48f8ba41-7d71-4486-b783-c974e93826dc" />
    <UnitTestResult executionId="00b7bd16-c9d6-484a-b731-61d2d175323d" testId="15776c9e-bed1-aa30-abbc-b85a9e95cf84" testName="SmartMapGoToLocationHandler_WhenDataIsValid_ShouldCallNavigateTo" computerName="DKSR-EFI-06" duration="00:00:00.0015534" startTime="2024-01-09T15:47:49.6734753+01:00" endTime="2024-01-09T15:47:49.6751420+01:00" testType="13cdc9d9-ddb5-4fa4-a97d-d965ccfc6d4b" outcome="Passed" testListId="8c84fa94-04c1-424b-9868-57a2d4851a1d" relativeResultsDirectory="00b7bd16-c9d6-484a-b731-61d2d175323d" />
    <UnitTestResult executionId="f66867ea-19ff-4637-afca-5031825ec32a" testId="0e000a76-c424-1348-5a62-7f5cf04c0b5a" testName="SelectionCountDisplayText_ZeroSelectedResults_ReturnsEmptyString" computerName="DKSR-EFI-06" duration="00:00:00.0059143" startTime="2024-01-09T15:48:22.5920957+01:00" endTime="2024-01-09T15:48:22.5981686+01:00" testType="13cdc9d9-ddb5-4fa4-a97d-d965ccfc6d4b" outcome="Passed" testListId="8c84fa94-04c1-424b-9868-57a2d4851a1d" relativeResultsDirectory="f66867ea-19ff-4637-afca-5031825ec32a" />
    <UnitTestResult executionId="964669e9-ed8f-42fb-a509-02a328f88f87" testId="d77fa2b3-cd91-4a80-9070-a6c107df2662" testName="Deserialize_ManagerUnableToCreateSearchDefinition_Error" computerName="DKSR-EFI-06" duration="00:00:00.0011312" startTime="2024-01-09T15:48:26.8189366+01:00" endTime="2024-01-09T15:48:26.8202011+01:00" testType="13cdc9d9-ddb5-4fa4-a97d-d965ccfc6d4b" outcome="Passed" testListId="8c84fa94-04c1-424b-9868-57a2d4851a1d" relativeResultsDirectory="964669e9-ed8f-42fb-a509-02a328f88f87" />
    <UnitTestResult executionId="86bd9a8b-db30-46d8-af3d-14b85f80731f" testId="6a8a8393-b45c-5684-e668-393262a5478a" testName="Tooltip_ShouldShowMuteText_WhenMicrophoneIsUnmutedOnLiveModeAndUserHasListenPermissions" computerName="DKSR-EFI-06" duration="00:00:00.0828727" startTime="2024-01-09T15:47:48.4665818+01:00" endTime="2024-01-09T15:47:48.5523671+01:00" testType="13cdc9d9-ddb5-4fa4-a97d-d965ccfc6d4b" outcome="Passed" testListId="8c84fa94-04c1-424b-9868-57a2d4851a1d" relativeResultsDirectory="86bd9a8b-db30-46d8-af3d-14b85f80731f" />
    <UnitTestResult executionId="9f25860f-c55b-456c-b4fd-c9973661728d" testId="d4a56e7d-608d-82d0-94be-2ee3ccb3dc5e" testName="ResolveSearchDefinitions_ShouldReturnResultSearchDefinition_WhenCombinedSearchResultWithSingleSubResultAndEmptySearchDefinitionsAreGiven" computerName="DKSR-EFI-06" duration="00:00:00.0005206" startTime="2024-01-09T15:48:25.9986864+01:00" endTime="2024-01-09T15:48:25.9993413+01:00" testType="13cdc9d9-ddb5-4fa4-a97d-d965ccfc6d4b" outcome="Passed" testListId="8c84fa94-04c1-424b-9868-57a2d4851a1d" relativeResultsDirectory="9f25860f-c55b-456c-b4fd-c9973661728d" />
    <UnitTestResult executionId="60ac4a45-9a01-4321-a21b-8d9dc8a7fe95" testId="715b0ee1-c454-706c-d41f-d24a89af9ced" testName="IsProductionEnvironment_ShouldReturnCorrectValue (,True)" computerName="DKSR-EFI-06" duration="00:00:00.0000048" startTime="2024-01-09T15:48:51.6485261+01:00" endTime="2024-01-09T15:48:51.6486727+01:00" testType="13cdc9d9-ddb5-4fa4-a97d-d965ccfc6d4b" outcome="Passed" testListId="8c84fa94-04c1-424b-9868-57a2d4851a1d" relativeResultsDirectory="60ac4a45-9a01-4321-a21b-8d9dc8a7fe95" />
    <UnitTestResult executionId="ba821294-3c48-468e-bf0f-79e2597326c0" testId="c7b7da64-3485-b2c1-376a-4a2776f7bf98" testName="AutomationId_ShouldBeValid_WhenInteractionStateIsInput" computerName="DKSR-EFI-06" duration="00:00:00.0001708" startTime="2024-01-09T15:47:45.9393212+01:00" endTime="2024-01-09T15:47:45.9395978+01:00" testType="13cdc9d9-ddb5-4fa4-a97d-d965ccfc6d4b" outcome="Passed" testListId="8c84fa94-04c1-424b-9868-57a2d4851a1d" relativeResultsDirectory="ba821294-3c48-468e-bf0f-79e2597326c0" />
    <UnitTestResult executionId="531fabd0-e175-468b-9cfa-e27e5c8957e9" testId="0b37f41d-8f42-9020-28e4-8cbe84e05257" testName="DeleteSearchTemplateAsync_Fails_Success" computerName="DKSR-EFI-06" duration="00:00:00.0024294" startTime="2024-01-09T15:48:26.0837661+01:00" endTime="2024-01-09T15:48:26.0863315+01:00" testType="13cdc9d9-ddb5-4fa4-a97d-d965ccfc6d4b" outcome="Passed" testListId="8c84fa94-04c1-424b-9868-57a2d4851a1d" relativeResultsDirectory="531fabd0-e175-468b-9cfa-e27e5c8957e9" />
    <UnitTestResult executionId="9fa96dfd-f361-47f7-812f-5a58a8fdc461" testId="5358a71c-808a-a4c2-6851-01de58a4759c" testName="Ctor_OneBuiltInGroupDefined_OneCompositeAgentAdded" computerName="DKSR-EFI-06" duration="00:00:00.0020293" startTime="2024-01-09T15:48:37.4669803+01:00" endTime="2024-01-09T15:48:37.4691463+01:00" testType="13cdc9d9-ddb5-4fa4-a97d-d965ccfc6d4b" outcome="Passed" testListId="8c84fa94-04c1-424b-9868-57a2d4851a1d" relativeResultsDirectory="9fa96dfd-f361-47f7-812f-5a58a8fdc461" />
    <UnitTestResult executionId="1603e46e-3129-433d-952b-bf2f6eb1b723" testId="6785fdff-345e-55ce-2159-cac1962fde04" testName="ChangeSorting_WithNoFocusItem_Success" computerName="DKSR-EFI-06" duration="00:00:00.0062488" startTime="2024-01-09T15:48:25.2474770+01:00" endTime="2024-01-09T15:48:25.2538732+01:00" testType="13cdc9d9-ddb5-4fa4-a97d-d965ccfc6d4b" outcome="Passed" testListId="8c84fa94-04c1-424b-9868-57a2d4851a1d" relativeResultsDirectory="1603e46e-3129-433d-952b-bf2f6eb1b723" />
    <UnitTestResult executionId="b6826fca-ad73-4fd8-9435-0d8a4408da4a" testId="d096cf54-9fe3-48d3-6b60-9dbe5862c472" testName="SupportsRightClick_ShouldBeTrue_WhenInteractionStateIsNormal" computerName="DKSR-EFI-06" duration="00:00:00.0156838" startTime="2024-01-09T15:47:47.6817004+01:00" endTime="2024-01-09T15:47:47.7002547+01:00" testType="13cdc9d9-ddb5-4fa4-a97d-d965ccfc6d4b" outcome="Passed" testListId="8c84fa94-04c1-424b-9868-57a2d4851a1d" relativeResultsDirectory="b6826fca-ad73-4fd8-9435-0d8a4408da4a" />
    <UnitTestResult executionId="95945b22-6bfb-468e-81a5-dbdf62f00f93" testId="b00af7f0-604c-fe77-ba1c-c7a5845e3353" testName="AddResults_ExcludePartialResults_TwoPartialResult_Success" computerName="DKSR-EFI-06" duration="00:00:00.0018746" startTime="2024-01-09T15:48:26.6481127+01:00" endTime="2024-01-09T15:48:26.6501442+01:00" testType="13cdc9d9-ddb5-4fa4-a97d-d965ccfc6d4b" outcome="Passed" testListId="8c84fa94-04c1-424b-9868-57a2d4851a1d" relativeResultsDirectory="95945b22-6bfb-468e-81a5-dbdf62f00f93" />
    <UnitTestResult executionId="b780c5f5-9d41-4c5c-b00d-9ab9f9b76e16" testId="ae62f6d0-4efb-1563-b9f4-62dadf9c392c" testName="PopulateTooltip_ManyResultsFromSingleCamera24Hours_ValidText" computerName="DKSR-EFI-06" duration="00:00:00.1437839" startTime="2024-01-09T15:48:19.6828651+01:00" endTime="2024-01-09T15:48:19.8295945+01:00" testType="13cdc9d9-ddb5-4fa4-a97d-d965ccfc6d4b" outcome="Passed" testListId="8c84fa94-04c1-424b-9868-57a2d4851a1d" relativeResultsDirectory="b780c5f5-9d41-4c5c-b00d-9ab9f9b76e16" />
    <UnitTestResult executionId="f5833ccc-2701-4c44-859d-7e864abb5372" testId="db290d1d-343a-aa78-7298-12912ae25f44" testName="AddToExportTuples_ShouldReturnCorrectResult (1,0,0)" computerName="DKSR-EFI-06" duration="00:00:00.0020895" startTime="2024-01-09T15:48:45.2926343+01:00" endTime="2024-01-09T15:48:45.2949098+01:00" testType="13cdc9d9-ddb5-4fa4-a97d-d965ccfc6d4b" outcome="Passed" testListId="8c84fa94-04c1-424b-9868-57a2d4851a1d" relativeResultsDirectory="f5833ccc-2701-4c44-859d-7e864abb5372" />
    <UnitTestResult executionId="5c1e5f91-481b-4d15-8f65-14b9d0d6100f" testId="53c0737c-9e1d-a506-fd7e-f73a88cea37f" testName="Id_ShouldBeSame_WhenSearchResultIdIsIdentical" computerName="DKSR-EFI-06" duration="00:00:00.0006369" startTime="2024-01-09T15:48:26.7326633+01:00" endTime="2024-01-09T15:48:26.7334575+01:00" testType="13cdc9d9-ddb5-4fa4-a97d-d965ccfc6d4b" outcome="Passed" testListId="8c84fa94-04c1-424b-9868-57a2d4851a1d" relativeResultsDirectory="5c1e5f91-481b-4d15-8f65-14b9d0d6100f" />
    <UnitTestResult executionId="7443bac9-b1a9-4845-a709-79f6b9aceb54" testId="dc737986-5f31-39b1-5b21-1df0ec0bc6e2" testName="AddToExportDevices_ShouldReturnCorrectResult (0,0,5)" computerName="DKSR-EFI-06" duration="00:00:00.0018256" startTime="2024-01-09T15:48:45.3998499+01:00" endTime="2024-01-09T15:48:45.4018384+01:00" testType="13cdc9d9-ddb5-4fa4-a97d-d965ccfc6d4b" outcome="Passed" testListId="8c84fa94-04c1-424b-9868-57a2d4851a1d" relativeResultsDirectory="7443bac9-b1a9-4845-a709-79f6b9aceb54" />
    <UnitTestResult executionId="d10badc9-7f58-459f-91b5-ac1ae17dd1bc" testId="102b1376-858e-c079-f8d2-05ad7ca84e2b" testName="PerfCnt_ExecuteUnknownCounter_Success" computerName="DKSR-EFI-06" duration="00:00:00.0009830" startTime="2024-01-09T15:48:45.0391170+01:00" endTime="2024-01-09T15:48:45.0403390+01:00" testType="13cdc9d9-ddb5-4fa4-a97d-d965ccfc6d4b" outcome="Passed" testListId="8c84fa94-04c1-424b-9868-57a2d4851a1d" relativeResultsDirectory="d10badc9-7f58-459f-91b5-ac1ae17dd1bc" />
    <UnitTestResult executionId="2e24e1ce-6f73-4b61-a3a2-d5c4b6be5f28" testId="283f9f13-cb3e-1218-3fcd-08b263d8e990" testName="Initialize_ShouldAttachOptionChanged_WhenAllowOnlyFipsAlgorithmsIsFalse" computerName="DKSR-EFI-06" duration="00:00:00.1888696" startTime="2024-01-09T15:48:52.5702680+01:00" endTime="2024-01-09T15:48:52.7593236+01:00" testType="13cdc9d9-ddb5-4fa4-a97d-d965ccfc6d4b" outcome="Passed" testListId="8c84fa94-04c1-424b-9868-57a2d4851a1d" relativeResultsDirectory="2e24e1ce-6f73-4b61-a3a2-d5c4b6be5f28" />
    <UnitTestResult executionId="8ab52120-362d-4a07-8700-8652c4a242c5" testId="10564402-f576-f83c-7508-dc98243ffb4b" testName="FocusedSearchResultChanged_NoSearchResultSelected_NavigateToHome" computerName="DKSR-EFI-06" duration="00:00:00.0241133" startTime="2024-01-09T15:48:22.1154216+01:00" endTime="2024-01-09T15:48:22.1421743+01:00" testType="13cdc9d9-ddb5-4fa4-a97d-d965ccfc6d4b" outcome="Passed" testListId="8c84fa94-04c1-424b-9868-57a2d4851a1d" relativeResultsDirectory="8ab52120-362d-4a07-8700-8652c4a242c5" />
    <UnitTestResult executionId="57e366c7-11de-4c6e-8b46-1c57591c95e6" testId="6d978bab-aad4-7287-6436-c0f917b175ca" testName="FetchDeviceConfiguration_ShouldLoadFromServer_WhenCacheFileIsNotPresentAndFetchTypeIsOnlyCache" computerName="DKSR-EFI-06" duration="00:00:00.0017726" startTime="2024-01-09T15:48:51.5202015+01:00" endTime="2024-01-09T15:48:51.5221196+01:00" testType="13cdc9d9-ddb5-4fa4-a97d-d965ccfc6d4b" outcome="Passed" testListId="8c84fa94-04c1-424b-9868-57a2d4851a1d" relativeResultsDirectory="57e366c7-11de-4c6e-8b46-1c57591c95e6" />
    <UnitTestResult executionId="6763c4e5-771b-4ba6-8805-9c3c3a424d15" testId="7f46d23c-5d7c-d0cd-6885-7066d3b47889" testName="GetLayerFeatures_ShouldReturnInputLayerFeatures_WhenMicrophoneKind" computerName="DKSR-EFI-06" duration="00:00:00.0032278" startTime="2024-01-09T15:48:43.0379018+01:00" endTime="2024-01-09T15:48:43.0412853+01:00" testType="13cdc9d9-ddb5-4fa4-a97d-d965ccfc6d4b" outcome="Passed" testListId="8c84fa94-04c1-424b-9868-57a2d4851a1d" relativeResultsDirectory="6763c4e5-771b-4ba6-8805-9c3c3a424d15" />
    <UnitTestResult executionId="66c450aa-a8c5-4a05-ac79-7ec2245184cf" testId="e5d0a93d-5262-e4d0-5f45-ee6b0db6945d" testName="Dispose_ShouldReleaseResources_WhenCalled" computerName="DKSR-EFI-06" duration="00:00:00.0208935" startTime="2024-01-09T15:47:44.9485720+01:00" endTime="2024-01-09T15:47:44.9730482+01:00" testType="13cdc9d9-ddb5-4fa4-a97d-d965ccfc6d4b" outcome="Passed" testListId="8c84fa94-04c1-424b-9868-57a2d4851a1d" relativeResultsDirectory="66c450aa-a8c5-4a05-ac79-7ec2245184cf" />
    <UnitTestResult executionId="318b17ab-3b65-499b-9893-e1ad3683f0c9" testId="d8157b41-29f4-4a55-1811-3e5273ac9071" testName="SupportsRightClick_ShouldBeFalse_WhenInteractionStateIsNotNormal" computerName="DKSR-EFI-06" duration="00:00:00.0151239" startTime="2024-01-09T15:47:47.7007218+01:00" endTime="2024-01-09T15:47:47.7185364+01:00" testType="13cdc9d9-ddb5-4fa4-a97d-d965ccfc6d4b" outcome="Passed" testListId="8c84fa94-04c1-424b-9868-57a2d4851a1d" relativeResultsDirectory="318b17ab-3b65-499b-9893-e1ad3683f0c9" />
    <UnitTestResult executionId="6eaa836c-c336-471d-b289-a0f2de39193b" testId="0642a600-4a64-e9cb-eb5f-0984d3d228c6" testName="ScWorkspaceStateChangedEvent_ShouldSetDeviceIsDisabledToFalse_WhenSwitchingToSetupModeAndDeviceIsDisabled" computerName="DKSR-EFI-06" duration="00:00:00.0166446" startTime="2024-01-09T15:48:41.3323304+01:00" endTime="2024-01-09T15:48:41.3518992+01:00" testType="13cdc9d9-ddb5-4fa4-a97d-d965ccfc6d4b" outcome="Passed" testListId="8c84fa94-04c1-424b-9868-57a2d4851a1d" relativeResultsDirectory="6eaa836c-c336-471d-b289-a0f2de39193b" />
    <UnitTestResult executionId="91c87610-a45a-438f-a70a-62f7a4bccf76" testId="0235937d-7835-1be7-a6de-aa25a4b10aac" testName="GetSnapshots_NoPlaybackRight_Failure" computerName="DKSR-EFI-06" duration="00:00:00.0028179" startTime="2024-01-09T15:48:25.8468197+01:00" endTime="2024-01-09T15:48:25.8498163+01:00" testType="13cdc9d9-ddb5-4fa4-a97d-d965ccfc6d4b" outcome="Passed" testListId="8c84fa94-04c1-424b-9868-57a2d4851a1d" relativeResultsDirectory="91c87610-a45a-438f-a70a-62f7a4bccf76" />
    <UnitTestResult executionId="910132b7-336f-4411-8ed1-e424245d9e8a" testId="198a7352-93d7-0944-f1ae-7a5a353fc2ea" testName="PtzSessionController_Register_Camera_Test" computerName="DKSR-EFI-06" duration="00:00:00.1102417" startTime="2024-01-09T15:47:43.0529735+01:00" endTime="2024-01-09T15:47:43.1634031+01:00" testType="13cdc9d9-ddb5-4fa4-a97d-d965ccfc6d4b" outcome="Passed" testListId="8c84fa94-04c1-424b-9868-57a2d4851a1d" relativeResultsDirectory="910132b7-336f-4411-8ed1-e424245d9e8a" />
    <UnitTestResult executionId="297fbb56-ef47-4b4f-97d3-d4406e077e35" testId="ed7779e7-8a74-5c39-caff-a41255fdc4f9" testName="Default, not forced" computerName="DKSR-EFI-06" duration="00:00:00.0067489" startTime="2024-01-09T15:47:51.4370683+01:00" endTime="2024-01-09T15:47:51.4440383+01:00" testType="13cdc9d9-ddb5-4fa4-a97d-d965ccfc6d4b" outcome="Passed" testListId="8c84fa94-04c1-424b-9868-57a2d4851a1d" relativeResultsDirectory="297fbb56-ef47-4b4f-97d3-d4406e077e35" />
    <UnitTestResult executionId="65bf01fa-937d-442f-8802-050665e884e9" testId="2106a4d7-5b05-e5c0-8033-860c82b0ad6a" testName="StartSearch_Success" computerName="DKSR-EFI-06" duration="00:00:00.0176258" startTime="2024-01-09T15:48:25.2122424+01:00" endTime="2024-01-09T15:48:25.2300155+01:00" testType="13cdc9d9-ddb5-4fa4-a97d-d965ccfc6d4b" outcome="Passed" testListId="8c84fa94-04c1-424b-9868-57a2d4851a1d" relativeResultsDirectory="65bf01fa-937d-442f-8802-050665e884e9" />
    <UnitTestResult executionId="5bf28263-0c5c-4b6f-8830-547f841eb95a" testId="d4294147-b6f1-1dea-474b-6d1ef066918c" testName="IsSelected_ShouldBeTrue_WhenSelectedMicrophoneGetsDisabled" computerName="DKSR-EFI-06" duration="00:00:00.0106616" startTime="2024-01-09T15:48:42.0852525+01:00" endTime="2024-01-09T15:48:42.0982970+01:00" testType="13cdc9d9-ddb5-4fa4-a97d-d965ccfc6d4b" outcome="Passed" testListId="8c84fa94-04c1-424b-9868-57a2d4851a1d" relativeResultsDirectory="5bf28263-0c5c-4b6f-8830-547f841eb95a" />
    <UnitTestResult executionId="483e3254-3ca5-4c49-b870-7193e2e29100" testId="eeeef62f-490f-22e7-a2d2-ec5886a54dce" testName="GetResultGroups_ShouldReturnGroupsMatchingSearchAgentIds_WhenResultsAreNotCombined" computerName="DKSR-EFI-06" duration="00:00:00.0035481" startTime="2024-01-09T15:48:23.4430473+01:00" endTime="2024-01-09T15:48:23.4467576+01:00" testType="13cdc9d9-ddb5-4fa4-a97d-d965ccfc6d4b" outcome="Passed" testListId="8c84fa94-04c1-424b-9868-57a2d4851a1d" relativeResultsDirectory="483e3254-3ca5-4c49-b870-7193e2e29100" />
    <UnitTestResult executionId="f3fdc588-27ea-4be6-bcca-88ccd3fbb3a7" testId="a466016b-4a7a-12db-67a6-4d7bfdd8044c" testName="Connect_WhenMajorServerVersionIs13AndMinorServerVersionIs2_ShouldCreateOldSchClient" computerName="DKSR-EFI-06" duration="00:00:00.0020090" startTime="2024-01-09T15:47:41.1849795+01:00" endTime="2024-01-09T15:47:41.1871957+01:00" testType="13cdc9d9-ddb5-4fa4-a97d-d965ccfc6d4b" outcome="Passed" testListId="8c84fa94-04c1-424b-9868-57a2d4851a1d" relativeResultsDirectory="f3fdc588-27ea-4be6-bcca-88ccd3fbb3a7" />
    <UnitTestResult executionId="ea23c982-4905-4ced-8212-c17be2a9daa2" testId="575a32bf-8dea-b537-a592-8290f971bf09" testName="LoadSearchTemplate_ActiveToNewActive_UpdateAndEvent" computerName="DKSR-EFI-06" duration="00:00:00.0005673" startTime="2024-01-09T15:48:26.0441787+01:00" endTime="2024-01-09T15:48:26.0448846+01:00" testType="13cdc9d9-ddb5-4fa4-a97d-d965ccfc6d4b" outcome="Passed" testListId="8c84fa94-04c1-424b-9868-57a2d4851a1d" relativeResultsDirectory="ea23c982-4905-4ced-8212-c17be2a9daa2" />
    <UnitTestResult executionId="09848471-fa74-4274-bbfb-62e142e69874" testId="7aa29abd-7d3e-a7dc-4d9c-0edf39d05bae" testName="SupportsDoubleClick_ShouldBeTrue_WhenInteractionStateIsNormalAndInSetupMode" computerName="DKSR-EFI-06" duration="00:00:00.0164373" startTime="2024-01-09T15:47:47.8835490+01:00" endTime="2024-01-09T15:47:47.9026694+01:00" testType="13cdc9d9-ddb5-4fa4-a97d-d965ccfc6d4b" outcome="Passed" testListId="8c84fa94-04c1-424b-9868-57a2d4851a1d" relativeResultsDirectory="09848471-fa74-4274-bbfb-62e142e69874" />
    <UnitTestResult executionId="15ae8a74-45e8-4d9e-90d5-1a77a4b2e631" testId="3a44bf9a-8ca0-1e46-e5d0-584bd0cbe223" testName="TestGetWorkroom_ByWorkSpaceId_Success" computerName="DKSR-EFI-06" duration="00:00:00.0090498" startTime="2024-01-09T15:47:42.9931677+01:00" endTime="2024-01-09T15:47:43.0023644+01:00" testType="13cdc9d9-ddb5-4fa4-a97d-d965ccfc6d4b" outcome="Passed" testListId="8c84fa94-04c1-424b-9868-57a2d4851a1d" relativeResultsDirectory="15ae8a74-45e8-4d9e-90d5-1a77a4b2e631" />
    <UnitTestResult executionId="3cbef72a-297e-45c3-ac82-332f28d42474" testId="2393804e-4c64-30b5-d8f4-67c3cee41ca1" testName="ShowAccessControlSystems_ShouldReturnTrue_WhenTwoACSystemsAvailable" computerName="DKSR-EFI-06" duration="00:00:00.0021504" startTime="2024-01-09T15:48:52.8345320+01:00" endTime="2024-01-09T15:48:52.8376208+01:00" testType="13cdc9d9-ddb5-4fa4-a97d-d965ccfc6d4b" outcome="Passed" testListId="8c84fa94-04c1-424b-9868-57a2d4851a1d" relativeResultsDirectory="3cbef72a-297e-45c3-ac82-332f28d42474" />
    <UnitTestResult executionId="c4139d1c-8053-4051-a806-215c240df9fa" testId="b063cbf8-fbea-b941-bdb6-591483cd4018" testName="CameraItemsLayer_NotIsGeographic_Load_Success" computerName="DKSR-EFI-06" duration="00:00:00.0147500" startTime="2024-01-09T15:48:38.6719809+01:00" endTime="2024-01-09T15:48:38.6868907+01:00" testType="13cdc9d9-ddb5-4fa4-a97d-d965ccfc6d4b" outcome="Passed" testListId="8c84fa94-04c1-424b-9868-57a2d4851a1d" relativeResultsDirectory="c4139d1c-8053-4051-a806-215c240df9fa" />
    <UnitTestResult executionId="783f95d2-27b6-4e7b-8352-765ebb7bead7" testId="27f390ff-a294-3ac4-6f34-9d39f621e68b" testName="Ctor_NullItems_ThrowsException" computerName="DKSR-EFI-06" duration="00:00:00.0002281" startTime="2024-01-09T15:48:44.9849073+01:00" endTime="2024-01-09T15:48:44.9852861+01:00" testType="13cdc9d9-ddb5-4fa4-a97d-d965ccfc6d4b" outcome="Passed" testListId="8c84fa94-04c1-424b-9868-57a2d4851a1d" relativeResultsDirectory="783f95d2-27b6-4e7b-8352-765ebb7bead7" />
    <UnitTestResult executionId="b00f6ba1-2f39-4465-bc3d-c47315fbfaf7" testId="772d579c-1f25-0ecf-1421-f86f202fcaa5" testName="TestConstructor_CastToPolygon_Success" computerName="DKSR-EFI-06" duration="00:00:00.0001114" startTime="2024-01-09T15:48:39.8609630+01:00" endTime="2024-01-09T15:48:39.8612042+01:00" testType="13cdc9d9-ddb5-4fa4-a97d-d965ccfc6d4b" outcome="Passed" testListId="8c84fa94-04c1-424b-9868-57a2d4851a1d" relativeResultsDirectory="b00f6ba1-2f39-4465-bc3d-c47315fbfaf7" />
    <UnitTestResult executionId="beed895e-a45f-4f98-ba3e-4e15b4cbb5e8" testId="cadbf7d4-d58e-eeac-6faf-7c00f5bba9ec" testName="SearchResultCombineType_DefaultValue_And" computerName="DKSR-EFI-06" duration="00:00:00.0067509" startTime="2024-01-09T15:48:25.3207130+01:00" endTime="2024-01-09T15:48:25.3276302+01:00" testType="13cdc9d9-ddb5-4fa4-a97d-d965ccfc6d4b" outcome="Passed" testListId="8c84fa94-04c1-424b-9868-57a2d4851a1d" relativeResultsDirectory="beed895e-a45f-4f98-ba3e-4e15b4cbb5e8" />
    <UnitTestResult executionId="d3d362e4-7742-4f9f-8d4c-e22a1dfbbd24" testId="c1c2bc59-f0a7-06da-8b9c-e5d38bba111a" testName="SearchResultsActionBarActions_CreateSnapshot_InvokeCommand_SingleSnapshotFailed_CorrectErrorMessageShown" computerName="DKSR-EFI-06" duration="00:00:00.0152895" startTime="2024-01-09T15:48:23.1996810+01:00" endTime="2024-01-09T15:48:23.2151362+01:00" testType="13cdc9d9-ddb5-4fa4-a97d-d965ccfc6d4b" outcome="Passed" testListId="8c84fa94-04c1-424b-9868-57a2d4851a1d" relativeResultsDirectory="d3d362e4-7742-4f9f-8d4c-e22a1dfbbd24" />
    <UnitTestResult executionId="82517651-57d5-4053-b3fc-890e48fcd196" testId="3e265c80-d18d-ffa2-733c-86a2e1bcbc61" testName="SearchResultsActionBarActions_MipActionSupportsSelectedSearchResult_ActionEnabled" computerName="DKSR-EFI-06" duration="00:00:00.0073585" startTime="2024-01-09T15:48:22.8052962+01:00" endTime="2024-01-09T15:48:22.8128345+01:00" testType="13cdc9d9-ddb5-4fa4-a97d-d965ccfc6d4b" outcome="Passed" testListId="8c84fa94-04c1-424b-9868-57a2d4851a1d" relativeResultsDirectory="82517651-57d5-4053-b3fc-890e48fcd196" />
    <UnitTestResult executionId="ebcfc761-ecdb-4917-9027-bf59e365e828" testId="da72df1e-3911-6673-65ef-dc8a157dd1ea" testName="SelectTemplate_NullItem_ReturnsPopupTemplate" computerName="DKSR-EFI-06" duration="00:00:00.0373459" startTime="2024-01-09T15:47:52.5035871+01:00" endTime="2024-01-09T15:47:52.5412560+01:00" testType="13cdc9d9-ddb5-4fa4-a97d-d965ccfc6d4b" outcome="Passed" testListId="8c84fa94-04c1-424b-9868-57a2d4851a1d" relativeResultsDirectory="ebcfc761-ecdb-4917-9027-bf59e365e828" />
    <UnitTestResult executionId="1ac468f8-d2f1-4071-b15e-4676cbe66ff4" testId="dfe3fd2e-b517-b2eb-b2e2-30f7a11293dd" testName="PatrollingProfileListViewModel_CanExecuteDeleteProfile_No_Profile_Selected" computerName="DKSR-EFI-06" duration="00:00:00.0012966" startTime="2024-01-09T15:48:43.8591950+01:00" endTime="2024-01-09T15:48:43.8606261+01:00" testType="13cdc9d9-ddb5-4fa4-a97d-d965ccfc6d4b" outcome="Passed" testListId="8c84fa94-04c1-424b-9868-57a2d4851a1d" relativeResultsDirectory="1ac468f8-d2f1-4071-b15e-4676cbe66ff4" />
    <UnitTestResult executionId="85a9dee8-2cf3-46f4-9af6-7f2f76a777fc" testId="165287bc-bef0-3870-c69b-a17243fed1fc" testName="LoadSearchTemplate_NoActiveToNewActive_UpdateAndEvent" computerName="DKSR-EFI-06" duration="00:00:00.0006701" startTime="2024-01-09T15:48:26.0411495+01:00" endTime="2024-01-09T15:48:26.0419611+01:00" testType="13cdc9d9-ddb5-4fa4-a97d-d965ccfc6d4b" outcome="Passed" testListId="8c84fa94-04c1-424b-9868-57a2d4851a1d" relativeResultsDirectory="85a9dee8-2cf3-46f4-9af6-7f2f76a777fc" />
    <UnitTestResult executionId="5da2747f-a656-413e-9459-489df02a0ab8" testId="138f94fd-09a3-ac1a-466f-d3cf0cc3562a" testName="UpdateStartupLocationInModel_NoUpdate_Success" computerName="DKSR-EFI-06" duration="00:00:00.0165060" startTime="2024-01-09T15:47:44.2506422+01:00" endTime="2024-01-09T15:47:44.2697751+01:00" testType="13cdc9d9-ddb5-4fa4-a97d-d965ccfc6d4b" outcome="Passed" testListId="8c84fa94-04c1-424b-9868-57a2d4851a1d" relativeResultsDirectory="5da2747f-a656-413e-9459-489df02a0ab8" />
    <UnitTestResult executionId="ed660cf7-491e-40dd-993a-4edb0e0aee77" testId="5ab2a160-0b3e-3ddc-61b5-6572c40a7f10" testName="DeactivateView_Success" computerName="DKSR-EFI-06" duration="00:00:00.0059265" startTime="2024-01-09T15:48:25.2056987+01:00" endTime="2024-01-09T15:48:25.2117662+01:00" testType="13cdc9d9-ddb5-4fa4-a97d-d965ccfc6d4b" outcome="Passed" testListId="8c84fa94-04c1-424b-9868-57a2d4851a1d" relativeResultsDirectory="ed660cf7-491e-40dd-993a-4edb0e0aee77" />
    <UnitTestResult executionId="9590a8cf-bb96-46ee-b35d-62290d6d98b9" testId="05cdc091-f2e6-9c3b-1f81-118e480d95e3" testName="Deserialize_ScopeItemsOnly_Success" computerName="DKSR-EFI-06" duration="00:00:00.0011508" startTime="2024-01-09T15:48:26.8320293+01:00" endTime="2024-01-09T15:48:26.8333110+01:00" testType="13cdc9d9-ddb5-4fa4-a97d-d965ccfc6d4b" outcome="Passed" testListId="8c84fa94-04c1-424b-9868-57a2d4851a1d" relativeResultsDirectory="9590a8cf-bb96-46ee-b35d-62290d6d98b9" />
    <UnitTestResult executionId="239283c5-424c-49e7-9bea-6d9bd235e9c5" testId="13a4d90a-2e75-f52a-90e5-614716c51196" testName="Constructor_ShouldRaiseArgumentNullException_WhenMapLayersIsNull" computerName="DKSR-EFI-06" duration="00:00:00.0007402" startTime="2024-01-09T15:47:45.9000651+01:00" endTime="2024-01-09T15:47:45.9010521+01:00" testType="13cdc9d9-ddb5-4fa4-a97d-d965ccfc6d4b" outcome="Passed" testListId="8c84fa94-04c1-424b-9868-57a2d4851a1d" relativeResultsDirectory="239283c5-424c-49e7-9bea-6d9bd235e9c5" />
    <UnitTestResult executionId="49733620-f47b-43aa-84b6-77bf598836d4" testId="35fc3a4c-edd3-265e-4852-719b6a1e2df7" testName="Close_ViewIsDisposed" computerName="DKSR-EFI-06" duration="00:00:00.0056283" startTime="2024-01-09T15:47:51.8270317+01:00" endTime="2024-01-09T15:47:51.8328437+01:00" testType="13cdc9d9-ddb5-4fa4-a97d-d965ccfc6d4b" outcome="Passed" testListId="8c84fa94-04c1-424b-9868-57a2d4851a1d" relativeResultsDirectory="49733620-f47b-43aa-84b6-77bf598836d4" />
    <UnitTestResult executionId="31fb1e9e-f50b-4759-b15f-eea5a04e4b23" testId="e2bc20ac-f49d-eabf-edc0-8474eb6a4a1c" testName="SmartMapGoToPositionHandler_WhenDataIsNotSmartMapGoToPositionCommandData_ShouldWriteToLog" computerName="DKSR-EFI-06" duration="00:00:00.0015630" startTime="2024-01-09T15:47:49.6755307+01:00" endTime="2024-01-09T15:47:49.6772036+01:00" testType="13cdc9d9-ddb5-4fa4-a97d-d965ccfc6d4b" outcome="Passed" testListId="8c84fa94-04c1-424b-9868-57a2d4851a1d" relativeResultsDirectory="31fb1e9e-f50b-4759-b15f-eea5a04e4b23" />
    <UnitTestResult executionId="2c9d0d70-9e31-4ed3-9b45-9e383a862374" testId="5e16f1a5-ac2f-de21-a1b1-de59b21f35bb" testName="IsDisabled_ShouldBeTrue_WhenApplicationIsInBrowseMode" computerName="DKSR-EFI-06" duration="00:00:00.0134727" startTime="2024-01-09T15:48:41.9176334+01:00" endTime="2024-01-09T15:48:41.9312894+01:00" testType="13cdc9d9-ddb5-4fa4-a97d-d965ccfc6d4b" outcome="Passed" testListId="8c84fa94-04c1-424b-9868-57a2d4851a1d" relativeResultsDirectory="2c9d0d70-9e31-4ed3-9b45-9e383a862374" />
    <UnitTestResult executionId="b6f46c6d-ce4c-48cf-8a45-bd4f2abb12b1" testId="cd667223-fa51-4fa7-4447-c5ef6b869998" testName="AddToExportDevices_ShouldReturnCorrectResult (1,1,0)" computerName="DKSR-EFI-06" duration="00:00:00.0013776" startTime="2024-01-09T15:48:45.3897049+01:00" endTime="2024-01-09T15:48:45.3912489+01:00" testType="13cdc9d9-ddb5-4fa4-a97d-d965ccfc6d4b" outcome="Passed" testListId="8c84fa94-04c1-424b-9868-57a2d4851a1d" relativeResultsDirectory="b6f46c6d-ce4c-48cf-8a45-bd4f2abb12b1" />
    <UnitTestResult executionId="71cb7109-2394-4c06-bee1-288246701055" testId="790684f3-79cb-8225-0da5-fcb35e52e25a" testName="BuildSessionStarted_ShouldReturnCorrectValues" computerName="DKSR-EFI-06" duration="00:00:00.0139983" startTime="2024-01-09T15:48:51.5745951+01:00" endTime="2024-01-09T15:48:51.5887320+01:00" testType="13cdc9d9-ddb5-4fa4-a97d-d965ccfc6d4b" outcome="Passed" testListId="8c84fa94-04c1-424b-9868-57a2d4851a1d" relativeResultsDirectory="71cb7109-2394-4c06-bee1-288246701055" />
    <UnitTestResult executionId="e69bf439-0e39-4bca-b553-3fd6443b8321" testId="43a12b2e-14a7-1d5f-4fc9-a448b6cf0edd" testName="SetLayerFeatures_ShouldRaiseArgumentException_WhenCameraKindAndNoneCameraLayerFeatures" computerName="DKSR-EFI-06" duration="00:00:00.0016081" startTime="2024-01-09T15:48:43.0654241+01:00" endTime="2024-01-09T15:48:43.0672542+01:00" testType="13cdc9d9-ddb5-4fa4-a97d-d965ccfc6d4b" outcome="Passed" testListId="8c84fa94-04c1-424b-9868-57a2d4851a1d" relativeResultsDirectory="e69bf439-0e39-4bca-b553-3fd6443b8321" />
    <UnitTestResult executionId="23fc6ef3-d99f-4cd6-9226-d7fab5cd030a" testId="64807985-c509-c615-5e46-3ee5e8e0197e" testName="Result_Updates_Correctly" computerName="DKSR-EFI-06" duration="00:00:00.1189638" startTime="2024-01-09T15:48:52.0413064+01:00" endTime="2024-01-09T15:48:52.1643098+01:00" testType="13cdc9d9-ddb5-4fa4-a97d-d965ccfc6d4b" outcome="Passed" testListId="8c84fa94-04c1-424b-9868-57a2d4851a1d" relativeResultsDirectory="23fc6ef3-d99f-4cd6-9226-d7fab5cd030a" />
    <UnitTestResult executionId="70d76f56-0c78-4d32-abbd-501bbaea31fb" testId="d3a599a4-935b-da5b-b016-03413c57fddc" testName="CameraMapItem_Delete_Success" computerName="DKSR-EFI-06" duration="00:00:00.0096205" startTime="2024-01-09T15:48:39.4414676+01:00" endTime="2024-01-09T15:48:39.4512559+01:00" testType="13cdc9d9-ddb5-4fa4-a97d-d965ccfc6d4b" outcome="Passed" testListId="8c84fa94-04c1-424b-9868-57a2d4851a1d" relativeResultsDirectory="70d76f56-0c78-4d32-abbd-501bbaea31fb" />
    <UnitTestResult executionId="182c8c72-45a0-4e99-a0c8-63d6d4e75592" testId="3011877c-371c-af3a-5f96-72aad6f976b4" testName="GetUserOptions_ShouldReturnCustomSettingsFromOldAndNewKey_WhenDataIsAvailableInTheSystem" computerName="DKSR-EFI-06" duration="00:00:00.0023359" startTime="2024-01-09T15:48:45.5858252+01:00" endTime="2024-01-09T15:48:45.5883199+01:00" testType="13cdc9d9-ddb5-4fa4-a97d-d965ccfc6d4b" outcome="Passed" testListId="8c84fa94-04c1-424b-9868-57a2d4851a1d" relativeResultsDirectory="182c8c72-45a0-4e99-a0c8-63d6d4e75592" />
    <UnitTestResult executionId="2cef211e-6262-47a9-bbf9-b3f05688b938" testId="84ba2f48-d35e-2565-b5d6-9096907c8416" testName="CreateDefinition_DisposeModelWhileWaitingForStartSearch_ModelDisposed" computerName="DKSR-EFI-06" duration="00:00:00.0054077" startTime="2024-01-09T15:48:26.3744608+01:00" endTime="2024-01-09T15:48:26.3800168+01:00" testType="13cdc9d9-ddb5-4fa4-a97d-d965ccfc6d4b" outcome="Passed" testListId="8c84fa94-04c1-424b-9868-57a2d4851a1d" relativeResultsDirectory="2cef211e-6262-47a9-bbf9-b3f05688b938" />
    <UnitTestResult executionId="cbdec23d-11c8-4f8b-8482-360b538df84f" testId="c845158a-13c6-a74d-17c8-bb3ff5beabf6" testName="Retrieve_Success" computerName="DKSR-EFI-06" duration="00:00:00.0068499" startTime="2024-01-09T15:47:49.7074707+01:00" endTime="2024-01-09T15:47:49.7146246+01:00" testType="13cdc9d9-ddb5-4fa4-a97d-d965ccfc6d4b" outcome="Passed" testListId="8c84fa94-04c1-424b-9868-57a2d4851a1d" relativeResultsDirectory="cbdec23d-11c8-4f8b-8482-360b538df84f" />
    <UnitTestResult executionId="2a57abc8-304a-4f6f-b7d7-c238592d66fc" testId="c2089cd7-1abb-31da-c4ba-3d9555a4f6a0" testName="PtzSessionControllerInfo_ReservedChangedTest_Argument_Null_2" computerName="DKSR-EFI-06" duration="00:00:00.0003366" startTime="2024-01-09T15:47:43.2204621+01:00" endTime="2024-01-09T15:47:43.2209428+01:00" testType="13cdc9d9-ddb5-4fa4-a97d-d965ccfc6d4b" outcome="Passed" testListId="8c84fa94-04c1-424b-9868-57a2d4851a1d" relativeResultsDirectory="2a57abc8-304a-4f6f-b7d7-c238592d66fc" />
    <UnitTestResult executionId="1c93af1d-4b95-4240-b2f2-2769654940da" testId="59476004-430a-3b34-3bb3-3229ecde9f89" testName="SupportsDoubleClick_ShouldBeFalse_WhenInteractionStateIsNormalAndNotInSetupMode" computerName="DKSR-EFI-06" duration="00:00:00.0149374" startTime="2024-01-09T15:47:47.9031422+01:00" endTime="2024-01-09T15:47:47.9206158+01:00" testType="13cdc9d9-ddb5-4fa4-a97d-d965ccfc6d4b" outcome="Passed" testListId="8c84fa94-04c1-424b-9868-57a2d4851a1d" relativeResultsDirectory="1c93af1d-4b95-4240-b2f2-2769654940da" />
    <UnitTestResult executionId="aa914abc-961b-4c7c-ad66-6a604dfd0bc2" testId="4b6fecb5-59c1-ea5f-e98e-45127e9005f6" testName="ValidateExportLocation_ShouldReturnFailResult_DestinationRequired" computerName="DKSR-EFI-06" duration="00:00:00.0430320" startTime="2024-01-09T15:47:51.9902696+01:00" endTime="2024-01-09T15:47:52.0334717+01:00" testType="13cdc9d9-ddb5-4fa4-a97d-d965ccfc6d4b" outcome="Passed" testListId="8c84fa94-04c1-424b-9868-57a2d4851a1d" relativeResultsDirectory="aa914abc-961b-4c7c-ad66-6a604dfd0bc2" />
    <UnitTestResult executionId="09a68364-3354-494c-a72c-c5c4d6222a3f" testId="06bd284b-d73d-920f-7739-efb670bc85e0" testName="SupportsDoubleClick_ShouldBeTrue_WhenInteractionStateIsNormal" computerName="DKSR-EFI-06" duration="00:00:00.0287789" startTime="2024-01-09T15:47:48.8327896+01:00" endTime="2024-01-09T15:47:48.8642672+01:00" testType="13cdc9d9-ddb5-4fa4-a97d-d965ccfc6d4b" outcome="Passed" testListId="8c84fa94-04c1-424b-9868-57a2d4851a1d" relativeResultsDirectory="09a68364-3354-494c-a72c-c5c4d6222a3f" />
    <UnitTestResult executionId="a8652c8b-88c0-4ae7-96d9-b7a08cb2dce2" testId="82581c83-f8ac-d2d4-2282-bfb72f7ace78" testName="GeNumberOfMonitors_GetResolution_ShouldReturnValidValue" computerName="DKSR-EFI-06" duration="00:00:00.0009220" startTime="2024-01-09T15:48:51.5280722+01:00" endTime="2024-01-09T15:48:51.5291243+01:00" testType="13cdc9d9-ddb5-4fa4-a97d-d965ccfc6d4b" outcome="Passed" testListId="8c84fa94-04c1-424b-9868-57a2d4851a1d" relativeResultsDirectory="a8652c8b-88c0-4ae7-96d9-b7a08cb2dce2" />
    <UnitTestResult executionId="28263d05-7eb4-4e26-8989-8c6a0647e5ab" testId="9a0ec1ee-717c-f9be-241c-4cf9cb866a4c" testName="Toolbar_HasButtonsVisibleByDefault_WhenInLive" computerName="DKSR-EFI-06" duration="00:00:00.0112447" startTime="2024-01-09T15:48:44.8098233+01:00" endTime="2024-01-09T15:48:44.8213301+01:00" testType="13cdc9d9-ddb5-4fa4-a97d-d965ccfc6d4b" outcome="Passed" testListId="8c84fa94-04c1-424b-9868-57a2d4851a1d" relativeResultsDirectory="28263d05-7eb4-4e26-8989-8c6a0647e5ab" />
    <UnitTestResult executionId="9ecee11f-ca8e-4ec5-b264-5e41f5cb904a" testId="89b47aac-6f01-eda4-d247-3a79dc9d2cab" testName="RemoveWorkroom_ShouldReturnFalse_WhenWorkroomToRemoveIsNotInWorkroomController" computerName="DKSR-EFI-06" duration="00:00:00.0059479" startTime="2024-01-09T15:48:51.4510638+01:00" endTime="2024-01-09T15:48:51.4571613+01:00" testType="13cdc9d9-ddb5-4fa4-a97d-d965ccfc6d4b" outcome="Passed" testListId="8c84fa94-04c1-424b-9868-57a2d4851a1d" relativeResultsDirectory="9ecee11f-ca8e-4ec5-b264-5e41f5cb904a" />
    <UnitTestResult executionId="9bcb7af4-8c53-4fd4-bc98-eb264b5d50e0" testId="b1732416-dfe0-9e87-af0e-b787555e9f9f" testName="SearchResultsActionBarActions_Export_InvokeCommand_Success" computerName="DKSR-EFI-06" duration="00:00:00.0237360" startTime="2024-01-09T15:48:22.8807645+01:00" endTime="2024-01-09T15:48:22.9046572+01:00" testType="13cdc9d9-ddb5-4fa4-a97d-d965ccfc6d4b" outcome="Passed" testListId="8c84fa94-04c1-424b-9868-57a2d4851a1d" relativeResultsDirectory="9bcb7af4-8c53-4fd4-bc98-eb264b5d50e0" />
    <UnitTestResult executionId="94b4d6b5-4449-4bc8-a309-8996de57d32b" testId="42206c17-853c-7b3a-7834-e4be8b79460f" testName="DeviceIcons_ShouldNotBeEmpty_WhenCalled" computerName="DKSR-EFI-06" duration="00:00:00.0001278" startTime="2024-01-09T15:48:40.8057235+01:00" endTime="2024-01-09T15:48:40.8059718+01:00" testType="13cdc9d9-ddb5-4fa4-a97d-d965ccfc6d4b" outcome="Passed" testListId="8c84fa94-04c1-424b-9868-57a2d4851a1d" relativeResultsDirectory="94b4d6b5-4449-4bc8-a309-8996de57d32b" />
    <UnitTestResult executionId="1dda49f0-99da-4c6f-84c3-433ad77ec9af" testId="9d8dbace-9130-7ffd-4719-3c557ceeb743" testName="CreateSearchDefinition_MultipleCalls_FactoryInvokedWithUniqueSearchManagers" computerName="DKSR-EFI-06" duration="00:00:00.0019814" startTime="2024-01-09T15:48:37.3432104+01:00" endTime="2024-01-09T15:48:37.3453327+01:00" testType="13cdc9d9-ddb5-4fa4-a97d-d965ccfc6d4b" outcome="Passed" testListId="8c84fa94-04c1-424b-9868-57a2d4851a1d" relativeResultsDirectory="1dda49f0-99da-4c6f-84c3-433ad77ec9af" />
    <UnitTestResult executionId="83526f58-6de8-49cb-a737-168678f9eb3e" testId="ff8eb243-16fd-8ea6-b898-642c78c53e2e" testName="Optics enabled, not forced" computerName="DKSR-EFI-06" duration="00:00:00.0048071" startTime="2024-01-09T15:47:51.4012224+01:00" endTime="2024-01-09T15:47:51.4062813+01:00" testType="13cdc9d9-ddb5-4fa4-a97d-d965ccfc6d4b" outcome="Passed" testListId="8c84fa94-04c1-424b-9868-57a2d4851a1d" relativeResultsDirectory="83526f58-6de8-49cb-a737-168678f9eb3e" />
    <UnitTestResult executionId="2503ba16-e453-4583-98eb-80bbb82d806f" testId="b9339d47-1b08-2f87-b4ed-bf554f7069bd" testName="TestForAssemblyCoverage" computerName="DKSR-EFI-06" duration="00:00:00.0030017" startTime="2024-01-09T15:47:43.6319051+01:00" endTime="2024-01-09T15:47:43.6351024+01:00" testType="13cdc9d9-ddb5-4fa4-a97d-d965ccfc6d4b" outcome="Passed" testListId="8c84fa94-04c1-424b-9868-57a2d4851a1d" relativeResultsDirectory="2503ba16-e453-4583-98eb-80bbb82d806f" />
    <UnitTestResult executionId="a07f4968-1109-4eaa-b54f-cc69c03b0312" testId="ea6b211e-3258-7db9-8b82-11e88b9536ce" testName="HandleSetLayerFeatures_ShouldRaiseArgumentException_WhenInputKindAndNotInputLayerFeatures" computerName="DKSR-EFI-06" duration="00:00:00.0010880" startTime="2024-01-09T15:48:42.9480678+01:00" endTime="2024-01-09T15:48:42.9493162+01:00" testType="13cdc9d9-ddb5-4fa4-a97d-d965ccfc6d4b" outcome="Passed" testListId="8c84fa94-04c1-424b-9868-57a2d4851a1d" relativeResultsDirectory="a07f4968-1109-4eaa-b54f-cc69c03b0312" />
    <UnitTestResult executionId="2b4c907e-cad0-46f9-afec-bb579e4ac747" testId="987edaa0-0a3b-cbb4-5b40-8112a4826bc5" testName="SupportsDoubleClick_ShouldBeFalse_WhenInteractionStateIsNotNormalAndNotInSetupMode" computerName="DKSR-EFI-06" duration="00:00:00.0177140" startTime="2024-01-09T15:47:47.7846275+01:00" endTime="2024-01-09T15:47:47.8049618+01:00" testType="13cdc9d9-ddb5-4fa4-a97d-d965ccfc6d4b" outcome="Passed" testListId="8c84fa94-04c1-424b-9868-57a2d4851a1d" relativeResultsDirectory="2b4c907e-cad0-46f9-afec-bb579e4ac747" />
    <UnitTestResult executionId="417c0a0b-bbf0-4a4f-b576-0cd2280298d6" testId="d9e596ab-93a9-7684-fb6f-71e1dbbc0c03" testName="Compare_ShouldBeDeterministic_WhenOnlyIdOfResultsDiffer" computerName="DKSR-EFI-06" duration="00:00:00.0039422" startTime="2024-01-09T15:48:26.7685788+01:00" endTime="2024-01-09T15:48:26.7726560+01:00" testType="13cdc9d9-ddb5-4fa4-a97d-d965ccfc6d4b" outcome="Passed" testListId="8c84fa94-04c1-424b-9868-57a2d4851a1d" relativeResultsDirectory="417c0a0b-bbf0-4a4f-b576-0cd2280298d6" />
    <UnitTestResult executionId="dc0e5cdd-eb70-40de-b34f-3295e40d202a" testId="7ca171df-e98e-0a85-0373-bda8d8a6f93c" testName="Init_NullState_CorrectViewModelSetOnView" computerName="DKSR-EFI-06" duration="00:00:00.3472348" startTime="2024-01-09T15:47:51.4754046+01:00" endTime="2024-01-09T15:47:51.8230850+01:00" testType="13cdc9d9-ddb5-4fa4-a97d-d965ccfc6d4b" outcome="Passed" testListId="8c84fa94-04c1-424b-9868-57a2d4851a1d" relativeResultsDirectory="dc0e5cdd-eb70-40de-b34f-3295e40d202a" />
    <UnitTestResult executionId="0a55b63e-c4d6-450a-b6c6-153bf51a71c5" testId="ad0fb3f5-59c6-f38e-8f48-61ec61251228" testName="TryGetOsmServerTileAddress_ShouldSetUriWithOsmTileSuffix_WhenOsmServerAddressDoesNotIncludeOsmTileSuffix" computerName="DKSR-EFI-06" duration="00:00:00.0001981" startTime="2024-01-09T15:48:43.0220441+01:00" endTime="2024-01-09T15:48:43.0224239+01:00" testType="13cdc9d9-ddb5-4fa4-a97d-d965ccfc6d4b" outcome="Passed" testListId="8c84fa94-04c1-424b-9868-57a2d4851a1d" relativeResultsDirectory="0a55b63e-c4d6-450a-b6c6-153bf51a71c5" />
    <UnitTestResult executionId="82463179-a821-4eba-8957-88d096ef1351" testId="8911612a-a11f-ae1d-ffaf-716d141c41ca" testName="OutputMapItem_Delete_Success" computerName="DKSR-EFI-06" duration="00:00:00.0142291" startTime="2024-01-09T15:48:41.5210310+01:00" endTime="2024-01-09T15:48:41.5354396+01:00" testType="13cdc9d9-ddb5-4fa4-a97d-d965ccfc6d4b" outcome="Passed" testListId="8c84fa94-04c1-424b-9868-57a2d4851a1d" relativeResultsDirectory="82463179-a821-4eba-8957-88d096ef1351" />
    <UnitTestResult executionId="380c432c-eb2a-4199-a447-24e48e0b5ed8" testId="08662725-81c0-39ee-21c2-6a500f721bcc" testName="TestAttribute_Success" computerName="DKSR-EFI-06" duration="00:00:00.0093226" startTime="2024-01-09T15:48:38.1936226+01:00" endTime="2024-01-09T15:48:38.2031086+01:00" testType="13cdc9d9-ddb5-4fa4-a97d-d965ccfc6d4b" outcome="Passed" testListId="8c84fa94-04c1-424b-9868-57a2d4851a1d" relativeResultsDirectory="380c432c-eb2a-4199-a447-24e48e0b5ed8" />
    <UnitTestResult executionId="7fc4c7b3-5e0b-4349-9cfd-8c53099751cd" testId="450403dd-612e-6c5e-cdd7-e2b614d0687c" testName="ParseExceptionToTokenError_ShouldReturnTokenErrors_WhenExceptionIsKnown" computerName="DKSR-EFI-06" duration="00:00:00.0089304" startTime="2024-01-09T15:48:51.4028578+01:00" endTime="2024-01-09T15:48:51.4120757+01:00" testType="13cdc9d9-ddb5-4fa4-a97d-d965ccfc6d4b" outcome="Passed" testListId="8c84fa94-04c1-424b-9868-57a2d4851a1d" relativeResultsDirectory="7fc4c7b3-5e0b-4349-9cfd-8c53099751cd" />
    <UnitTestResult executionId="bdb0aa48-8ba4-46f4-9ab3-41505ffb6754" testId="d334a597-c565-285a-8550-3b9ea2cba29c" testName="CalculateNewExtent_ShouldScaleEvenly_WhenWithinMaxInLowerLeft" computerName="DKSR-EFI-06" duration="00:00:00.0001985" startTime="2024-01-09T15:47:49.8730453+01:00" endTime="2024-01-09T15:47:49.8733819+01:00" testType="13cdc9d9-ddb5-4fa4-a97d-d965ccfc6d4b" outcome="Passed" testListId="8c84fa94-04c1-424b-9868-57a2d4851a1d" relativeResultsDirectory="bdb0aa48-8ba4-46f4-9ab3-41505ffb6754" />
    <UnitTestResult executionId="9cda6155-f434-4e6c-9aae-a445df6ab615" testId="682e27e5-2d38-b387-eab4-fececdef538a" testName="ValidateExportFormats_SmartClientPlayerFormat_ShouldNotReturnFailResult_ExportPathIsTooLong_WhenLongPathsEnabled (c:\aaaaaaaaaaaaaaaaaaaaaaaaaaaaaaaaaaaaaaaaaaaaaaaaaaaaaaaaaaaaaaaaaaaaaaaaaaaaaaaaaaaaaaaaaaaaaaaaaaaaaaaaaaaaaaaaaaaaaaaaaaaaaaaaaaaaaaaaaaaaaaaaaaaaaaaaaaaaaaaaaaaaaaaaaaaaaaaaaaaaaaa\aaaaaaaaaaaaaaaaaaaaaaaaaaaaaaaaaaaaaaaaaaaaaaaaaaaaaaaaaaaaaaaaaaaaaaaaaaaaaaaaaaaaaaaaaaaaaaaaaaaaaaaaaaaaaaaaaaaaaaaaaaaaaaaaaaaaaaaaaaaaaaaaaaaaaaaaaaaaaaaaaaaaaaaaaaaaaaaaaaaaaaa)" computerName="DKSR-EFI-06" duration="00:00:00.0071722" startTime="2024-01-09T15:47:52.1504023+01:00" endTime="2024-01-09T15:47:52.1577388+01:00" testType="13cdc9d9-ddb5-4fa4-a97d-d965ccfc6d4b" outcome="Passed" testListId="8c84fa94-04c1-424b-9868-57a2d4851a1d" relativeResultsDirectory="9cda6155-f434-4e6c-9aae-a445df6ab615" />
    <UnitTestResult executionId="9326ee19-1f2f-4f33-bc95-6b5b09cf9437" testId="8376a42a-500a-809e-e536-1b6e6744ec3b" testName="Password1 valid, Password 2 valid" computerName="DKSR-EFI-06" duration="00:00:00.0000955" startTime="2024-01-09T15:47:52.2147934+01:00" endTime="2024-01-09T15:47:52.2150160+01:00" testType="13cdc9d9-ddb5-4fa4-a97d-d965ccfc6d4b" outcome="Passed" testListId="8c84fa94-04c1-424b-9868-57a2d4851a1d" relativeResultsDirectory="9326ee19-1f2f-4f33-bc95-6b5b09cf9437" />
    <UnitTestResult executionId="435f932c-1e10-4508-bb40-9afae795d0a0" testId="68eba393-9613-4207-7542-82e0b37e4100" testName="PtzSessionController_Constructor_ArgumentNull_ApplicationController_Test" computerName="DKSR-EFI-06" duration="00:00:00.0004208" startTime="2024-01-09T15:47:43.0388548+01:00" endTime="2024-01-09T15:47:43.0394348+01:00" testType="13cdc9d9-ddb5-4fa4-a97d-d965ccfc6d4b" outcome="Passed" testListId="8c84fa94-04c1-424b-9868-57a2d4851a1d" relativeResultsDirectory="435f932c-1e10-4508-bb40-9afae795d0a0" />
    <UnitTestResult executionId="0f431cd9-66de-4da9-b974-bdbfd693f6f5" testId="b3f5f35c-92f5-1335-49e4-d72ffb56774b" testName="Constructor_ShouldRaiseArgumentNullException_WhenNextDeviceDataHandlerIsNull" computerName="DKSR-EFI-06" duration="00:00:00.0062947" startTime="2024-01-09T15:47:50.8928822+01:00" endTime="2024-01-09T15:47:50.8993600+01:00" testType="13cdc9d9-ddb5-4fa4-a97d-d965ccfc6d4b" outcome="Passed" testListId="8c84fa94-04c1-424b-9868-57a2d4851a1d" relativeResultsDirectory="0f431cd9-66de-4da9-b974-bdbfd693f6f5" />
    <UnitTestResult executionId="ce31f12d-bdbb-4728-b3ce-cd2ceefb4508" testId="80e1e452-82cf-b088-db40-d28f7d32c62d" testName="Export when Playback" computerName="DKSR-EFI-06" duration="00:00:00.0232100" startTime="2024-01-09T15:48:44.4031801+01:00" endTime="2024-01-09T15:48:44.6194645+01:00" testType="13cdc9d9-ddb5-4fa4-a97d-d965ccfc6d4b" outcome="Passed" testListId="8c84fa94-04c1-424b-9868-57a2d4851a1d" relativeResultsDirectory="ce31f12d-bdbb-4728-b3ce-cd2ceefb4508" />
    <UnitTestResult executionId="85e87776-f97b-4439-af03-d9592ef47e5b" testId="e0bc5994-1c1d-ed47-7ea9-5075ce14af91" testName="Deserialize_UnknownItem_Error" computerName="DKSR-EFI-06" duration="00:00:00.0011257" startTime="2024-01-09T15:48:26.8123492+01:00" endTime="2024-01-09T15:48:26.8136317+01:00" testType="13cdc9d9-ddb5-4fa4-a97d-d965ccfc6d4b" outcome="Passed" testListId="8c84fa94-04c1-424b-9868-57a2d4851a1d" relativeResultsDirectory="85e87776-f97b-4439-af03-d9592ef47e5b" />
    <UnitTestResult executionId="f149a11f-8999-47c6-8150-b77a58fbd23a" testId="48054fb2-bd75-c8f4-21b2-fc21c0457ce0" testName="SearchModelOnSearchResultsExpired_NotOnUiThread_Success" computerName="DKSR-EFI-06" duration="00:00:00.0085603" startTime="2024-01-09T15:48:25.0656211+01:00" endTime="2024-01-09T15:48:25.0743494+01:00" testType="13cdc9d9-ddb5-4fa4-a97d-d965ccfc6d4b" outcome="Passed" testListId="8c84fa94-04c1-424b-9868-57a2d4851a1d" relativeResultsDirectory="f149a11f-8999-47c6-8150-b77a58fbd23a" />
    <UnitTestResult executionId="d6cc5f7b-61b0-4a9e-b902-340fcbe95784" testId="75b7a6d2-cb73-668d-0435-045642c36b2f" testName="PtzInfoViewModel_PtzReservedByAnonymousOtherUserTest" computerName="DKSR-EFI-06" duration="00:00:00.0009831" startTime="2024-01-09T15:47:43.5887465+01:00" endTime="2024-01-09T15:47:43.5899043+01:00" testType="13cdc9d9-ddb5-4fa4-a97d-d965ccfc6d4b" outcome="Passed" testListId="8c84fa94-04c1-424b-9868-57a2d4851a1d" relativeResultsDirectory="d6cc5f7b-61b0-4a9e-b902-340fcbe95784" />
    <UnitTestResult executionId="bdb91951-59f6-4141-b5fa-77c3b2ce2418" testId="2ce1ff21-6093-7b3b-54d2-6773bfebe33a" testName="TestAttachedView_WithKeepInMemory_Success" computerName="DKSR-EFI-06" duration="00:00:00.0002537" startTime="2024-01-09T15:48:51.4194908+01:00" endTime="2024-01-09T15:48:51.4198645+01:00" testType="13cdc9d9-ddb5-4fa4-a97d-d965ccfc6d4b" outcome="Passed" testListId="8c84fa94-04c1-424b-9868-57a2d4851a1d" relativeResultsDirectory="bdb91951-59f6-4141-b5fa-77c3b2ce2418" />
    <UnitTestResult executionId="7e2e99d2-b29b-4080-b51d-5f6e2f732316" testId="d8aaa504-6178-a22d-3fb8-ce2b255c46bf" testName="Toolbar_IsVisible_WhenNotInLiveOrPlayback_ButFullscreen" computerName="DKSR-EFI-06" duration="00:00:00.0164852" startTime="2024-01-09T15:48:44.8812148+01:00" endTime="2024-01-09T15:48:44.8978801+01:00" testType="13cdc9d9-ddb5-4fa4-a97d-d965ccfc6d4b" outcome="Passed" testListId="8c84fa94-04c1-424b-9868-57a2d4851a1d" relativeResultsDirectory="7e2e99d2-b29b-4080-b51d-5f6e2f732316" />
    <UnitTestResult executionId="c38987e5-c59a-487b-8704-7f8fac949cdf" testId="d9d0601b-6afc-d56b-58cd-43bff45267f6" testName="OnLayersRetrieved_ShouldSetComponentsOrdered_WhenLayersCollectionContainsCamera" computerName="DKSR-EFI-06" duration="00:00:00.0099211" startTime="2024-01-09T15:47:45.1000579+01:00" endTime="2024-01-09T15:47:45.1126436+01:00" testType="13cdc9d9-ddb5-4fa4-a97d-d965ccfc6d4b" outcome="Passed" testListId="8c84fa94-04c1-424b-9868-57a2d4851a1d" relativeResultsDirectory="c38987e5-c59a-487b-8704-7f8fac949cdf" />
    <UnitTestResult executionId="869f7d6a-68f6-44d3-ad6c-6d11345105ad" testId="652f52e4-9689-ca02-1038-58cbd6e682e8" testName="BuildContentOptions_ShouldReturnCorrectWorkspaceName (00000000-0000-0000-0000-000000000000,Default title,00000000-0000-0000-0000-000000000000)" computerName="DKSR-EFI-06" duration="00:00:00.0013596" startTime="2024-01-09T15:48:51.5654904+01:00" endTime="2024-01-09T15:48:51.5670061+01:00" testType="13cdc9d9-ddb5-4fa4-a97d-d965ccfc6d4b" outcome="Passed" testListId="8c84fa94-04c1-424b-9868-57a2d4851a1d" relativeResultsDirectory="869f7d6a-68f6-44d3-ad6c-6d11345105ad" />
    <UnitTestResult executionId="43201ea1-66c4-4339-bcc2-26c684a3811e" testId="e8f3b5b9-78ec-f897-d51a-a5d2a544c215" testName="SupportsDoubleClick_ShouldBeTrue_WhenInteractionStateIsNormalAndInSetupMode" computerName="DKSR-EFI-06" duration="00:00:00.0185329" startTime="2024-01-09T15:47:47.5451210+01:00" endTime="2024-01-09T15:47:47.5665820+01:00" testType="13cdc9d9-ddb5-4fa4-a97d-d965ccfc6d4b" outcome="Passed" testListId="8c84fa94-04c1-424b-9868-57a2d4851a1d" relativeResultsDirectory="43201ea1-66c4-4339-bcc2-26c684a3811e" />
    <UnitTestResult executionId="d2eef036-f273-42ec-a5f7-1f03d58a2149" testId="b99d652b-8f29-0344-acef-87a042a63281" testName="LoadBoundingShapes_EllipseShape_AddedToUIAndSizedCorrectly" computerName="DKSR-EFI-06" duration="00:00:00.0165601" startTime="2024-01-09T15:48:37.8148520+01:00" endTime="2024-01-09T15:48:37.8339105+01:00" testType="13cdc9d9-ddb5-4fa4-a97d-d965ccfc6d4b" outcome="Passed" testListId="8c84fa94-04c1-424b-9868-57a2d4851a1d" relativeResultsDirectory="d2eef036-f273-42ec-a5f7-1f03d58a2149" />
    <UnitTestResult executionId="6a9c6891-1573-40f3-bde5-858984ee96ec" testId="1908903c-8778-1771-d8eb-296b41bd1c8a" testName="MarkerFactory_WhenMarkerDoesNotExistForMapItem_ShouldReturnNull" computerName="DKSR-EFI-06" duration="00:00:00.1484512" startTime="2024-01-09T15:47:50.0914459+01:00" endTime="2024-01-09T15:47:50.2426376+01:00" testType="13cdc9d9-ddb5-4fa4-a97d-d965ccfc6d4b" outcome="Passed" testListId="8c84fa94-04c1-424b-9868-57a2d4851a1d" relativeResultsDirectory="6a9c6891-1573-40f3-bde5-858984ee96ec" />
    <UnitTestResult executionId="e1f94046-ae5b-4536-9ed9-5b5dfd19df67" testId="8ed2a60a-eeda-1585-64ac-27fd20cde828" testName="ToMipSearchResultData_ShouldIncludeMetadataObjectsFromAllSubResults" computerName="DKSR-EFI-06" duration="00:00:00.0052729" startTime="2024-01-09T15:48:26.6829366+01:00" endTime="2024-01-09T15:48:26.6883663+01:00" testType="13cdc9d9-ddb5-4fa4-a97d-d965ccfc6d4b" outcome="Passed" testListId="8c84fa94-04c1-424b-9868-57a2d4851a1d" relativeResultsDirectory="e1f94046-ae5b-4536-9ed9-5b5dfd19df67" />
    <UnitTestResult executionId="57ddef10-f0b7-403e-b6a3-6512e5e13608" testId="a11326b9-3454-b2a2-061f-4440307800dc" testName="OpenStreetMapLayerIsDisabled_ShouldReturnTrue_WhenOpenStreetMapGeographicLayerOptionIsNotAvailableAndOpenStreetMapAlternativeServerIsEmpty" computerName="DKSR-EFI-06" duration="00:00:00.0065687" startTime="2024-01-09T15:48:38.7850828+01:00" endTime="2024-01-09T15:48:38.7917999+01:00" testType="13cdc9d9-ddb5-4fa4-a97d-d965ccfc6d4b" outcome="Passed" testListId="8c84fa94-04c1-424b-9868-57a2d4851a1d" relativeResultsDirectory="57ddef10-f0b7-403e-b6a3-6512e5e13608" />
    <UnitTestResult executionId="aa8e7dbd-9777-4006-a443-a3c7ca89ea98" testId="18369d63-550f-80cc-1769-12a3b1196b7b" testName="OnLayersRetrieved_ShouldSetComponentsOrdered_WhenLayersCollectionContainsCameraAndInputAndOutput" computerName="DKSR-EFI-06" duration="00:00:00.0111166" startTime="2024-01-09T15:47:45.0590737+01:00" endTime="2024-01-09T15:47:45.0729062+01:00" testType="13cdc9d9-ddb5-4fa4-a97d-d965ccfc6d4b" outcome="Passed" testListId="8c84fa94-04c1-424b-9868-57a2d4851a1d" relativeResultsDirectory="aa8e7dbd-9777-4006-a443-a3c7ca89ea98" />
    <UnitTestResult executionId="4961f3d9-bf43-4c2d-ae0f-b0a6887ad673" testId="7b5ff511-526b-7adf-f4f4-c89931ab0b4e" testName="SetLayerFeatures_ShouldRaiseArgumentException_WhenNoneCameraKindAndCameraLayerFeatures" computerName="DKSR-EFI-06" duration="00:00:00.0016648" startTime="2024-01-09T15:48:43.0631035+01:00" endTime="2024-01-09T15:48:43.0649763+01:00" testType="13cdc9d9-ddb5-4fa4-a97d-d965ccfc6d4b" outcome="Passed" testListId="8c84fa94-04c1-424b-9868-57a2d4851a1d" relativeResultsDirectory="4961f3d9-bf43-4c2d-ae0f-b0a6887ad673" />
    <UnitTestResult executionId="5d509c92-8af8-4766-a6ae-8c07fa78bfec" testId="dc138ee9-21ff-a5b7-13f9-f62a771c926b" testName="IconValueConverter_ConvertInvalidIconSource_Null" computerName="DKSR-EFI-06" duration="00:00:00.0007084" startTime="2024-01-09T15:48:10.3026438+01:00" endTime="2024-01-09T15:48:10.3034955+01:00" testType="13cdc9d9-ddb5-4fa4-a97d-d965ccfc6d4b" outcome="Passed" testListId="8c84fa94-04c1-424b-9868-57a2d4851a1d" relativeResultsDirectory="5d509c92-8af8-4766-a6ae-8c07fa78bfec" />
    <UnitTestResult executionId="a8a1f05d-6e3d-457e-8653-7062d9e7a277" testId="59d7ce5a-9242-f1c0-ee68-764d8def5314" testName="PtzInfoViewModel_PtzReservedByAnonymousOwnUserTest" computerName="DKSR-EFI-06" duration="00:00:00.0011971" startTime="2024-01-09T15:47:43.5866665+01:00" endTime="2024-01-09T15:47:43.5880277+01:00" testType="13cdc9d9-ddb5-4fa4-a97d-d965ccfc6d4b" outcome="Passed" testListId="8c84fa94-04c1-424b-9868-57a2d4851a1d" relativeResultsDirectory="a8a1f05d-6e3d-457e-8653-7062d9e7a277" />
    <UnitTestResult executionId="cf3e2aba-81d0-4f73-a472-e0f61f7ff7c9" testId="199cdec6-ec51-273d-006c-9fb34f580f59" testName="CreateCameraListItem_ShouldNotAddRegionSelectionToFilterValue_WhenAlreadyPresent" computerName="DKSR-EFI-06" duration="00:00:00.0009508" startTime="2024-01-09T15:48:38.1099740+01:00" endTime="2024-01-09T15:48:38.1110640+01:00" testType="13cdc9d9-ddb5-4fa4-a97d-d965ccfc6d4b" outcome="Passed" testListId="8c84fa94-04c1-424b-9868-57a2d4851a1d" relativeResultsDirectory="cf3e2aba-81d0-4f73-a472-e0f61f7ff7c9" />
    <UnitTestResult executionId="066e09d8-1e13-4826-8c9c-b8e0ccf119fb" testId="ae9b7ba8-a455-9b25-0586-eaded100e724" testName="GetPartialDiffBetweenDictionaries_ShouldReturnCorrectValues (System.Collections.Generic.Dictionary`2[System.String,System.String],System.Collections.Generic.Dictionary`2[System.String,System.String],System.Collections.Generic.Dictionary`2[System.String,System.String])" computerName="DKSR-EFI-06" duration="00:00:00.0001915" startTime="2024-01-09T15:48:51.6036954+01:00" endTime="2024-01-09T15:48:51.6041005+01:00" testType="13cdc9d9-ddb5-4fa4-a97d-d965ccfc6d4b" outcome="Passed" testListId="8c84fa94-04c1-424b-9868-57a2d4851a1d" relativeResultsDirectory="066e09d8-1e13-4826-8c9c-b8e0ccf119fb" />
    <UnitTestResult executionId="7757f2b6-9d1e-40a8-9869-61ed990c286e" testId="1a4e885e-6ffc-c617-8987-ed7778452758" testName="UpdateSearchAttributes_NoAttributes_NoChange" computerName="DKSR-EFI-06" duration="00:00:00.0028414" startTime="2024-01-09T15:48:22.4219310+01:00" endTime="2024-01-09T15:48:22.4249121+01:00" testType="13cdc9d9-ddb5-4fa4-a97d-d965ccfc6d4b" outcome="Passed" testListId="8c84fa94-04c1-424b-9868-57a2d4851a1d" relativeResultsDirectory="7757f2b6-9d1e-40a8-9869-61ed990c286e" />
    <UnitTestResult executionId="58e4ae83-4a64-4801-94d5-1eb0c8da7549" testId="82925021-fc8d-b0e6-5578-b84c5fa8b18a" testName="IOState_ShouldYieldSameValuesForAllEnumValues_WhenRoundTripConverted (Deactivated,Deactivated)" computerName="DKSR-EFI-06" duration="00:00:00.0000413" startTime="2024-01-09T15:47:41.0254480+01:00" endTime="2024-01-09T15:47:41.0256156+01:00" testType="13cdc9d9-ddb5-4fa4-a97d-d965ccfc6d4b" outcome="Passed" testListId="8c84fa94-04c1-424b-9868-57a2d4851a1d" relativeResultsDirectory="58e4ae83-4a64-4801-94d5-1eb0c8da7549" />
    <UnitTestResult executionId="d0cebd25-60d7-4842-a42a-0eaf1aeb1078" testId="ee49bb23-cebf-abdf-0b3d-a9f5e1a1dc4f" testName="SearchResultsActionBarActions_AddBookmark_BookmarkAgentAdded_SingleResult_CreateBookmarkInvoked" computerName="DKSR-EFI-06" duration="00:00:00.0114953" startTime="2024-01-09T15:48:23.0150719+01:00" endTime="2024-01-09T15:48:23.0267493+01:00" testType="13cdc9d9-ddb5-4fa4-a97d-d965ccfc6d4b" outcome="Passed" testListId="8c84fa94-04c1-424b-9868-57a2d4851a1d" relativeResultsDirectory="d0cebd25-60d7-4842-a42a-0eaf1aeb1078" />
    <UnitTestResult executionId="a445bdac-6d8b-492e-a524-4250782e0693" testId="24de239e-634e-94d1-f05a-2dd6d4c77c91" testName="Parse_TwelveHours_Success" computerName="DKSR-EFI-06" duration="00:00:00.0000892" startTime="2024-01-09T15:48:26.1111103+01:00" endTime="2024-01-09T15:48:26.1113189+01:00" testType="13cdc9d9-ddb5-4fa4-a97d-d965ccfc6d4b" outcome="Passed" testListId="8c84fa94-04c1-424b-9868-57a2d4851a1d" relativeResultsDirectory="a445bdac-6d8b-492e-a524-4250782e0693" />
    <UnitTestResult executionId="4a51b1b3-1c99-4677-8e0e-eeddbc005021" testId="63b5e857-7c0f-1bfb-6bac-ed0592160bce" testName="UpdateScope_ToTimeChangedWithNullScopeDuration_ReturnsTrue" computerName="DKSR-EFI-06" duration="00:00:00.0001437" startTime="2024-01-09T15:48:26.6654685+01:00" endTime="2024-01-09T15:48:26.6657409+01:00" testType="13cdc9d9-ddb5-4fa4-a97d-d965ccfc6d4b" outcome="Passed" testListId="8c84fa94-04c1-424b-9868-57a2d4851a1d" relativeResultsDirectory="4a51b1b3-1c99-4677-8e0e-eeddbc005021" />
    <UnitTestResult executionId="9159489f-8dc8-4e2e-8b5e-b867c362670f" testId="680b5a30-8d08-87c3-1561-38e60980ac40" testName="ConnectSlave_FailToConnectAndAllowingSecureConnection_ShouldReturnFalse" computerName="DKSR-EFI-06" duration="00:00:00.0009514" startTime="2024-01-09T15:47:40.9640555+01:00" endTime="2024-01-09T15:47:40.9651276+01:00" testType="13cdc9d9-ddb5-4fa4-a97d-d965ccfc6d4b" outcome="Passed" testListId="8c84fa94-04c1-424b-9868-57a2d4851a1d" relativeResultsDirectory="9159489f-8dc8-4e2e-8b5e-b867c362670f" />
    <UnitTestResult executionId="adeaee20-8c6b-4e37-9f89-0da585f07f6e" testId="727eace4-6f24-f89e-4093-133963eb0bdd" testName="IsOutputEnabled_ShouldBeFalse_WhenOutputIsDisabled" computerName="DKSR-EFI-06" duration="00:00:00.0142264" startTime="2024-01-09T15:48:41.4328698+01:00" endTime="2024-01-09T15:48:41.4495840+01:00" testType="13cdc9d9-ddb5-4fa4-a97d-d965ccfc6d4b" outcome="Passed" testListId="8c84fa94-04c1-424b-9868-57a2d4851a1d" relativeResultsDirectory="adeaee20-8c6b-4e37-9f89-0da585f07f6e" />
    <UnitTestResult executionId="b1d781db-e07d-4e05-86d1-65102ae536be" testId="61fff35a-1f51-c483-72f9-65b70f75c0e7" testName="Ctor_NullSearchResultDataList_Failure" computerName="DKSR-EFI-06" duration="00:00:00.0013141" startTime="2024-01-09T15:48:25.6028933+01:00" endTime="2024-01-09T15:48:25.6045563+01:00" testType="13cdc9d9-ddb5-4fa4-a97d-d965ccfc6d4b" outcome="Passed" testListId="8c84fa94-04c1-424b-9868-57a2d4851a1d" relativeResultsDirectory="b1d781db-e07d-4e05-86d1-65102ae536be" />
    <UnitTestResult executionId="9ed24436-9460-4c45-b9f6-9489ea8fb4d8" testId="044f4a26-7cbd-7c3b-61fb-5e7facd7c43c" testName="CreateDefinition_NullValue_Throws" computerName="DKSR-EFI-06" duration="00:00:00.0682880" startTime="2024-01-09T15:48:26.2011963+01:00" endTime="2024-01-09T15:48:26.2697083+01:00" testType="13cdc9d9-ddb5-4fa4-a97d-d965ccfc6d4b" outcome="Passed" testListId="8c84fa94-04c1-424b-9868-57a2d4851a1d" relativeResultsDirectory="9ed24436-9460-4c45-b9f6-9489ea8fb4d8" />
    <UnitTestResult executionId="b3240dcf-46e6-4172-89a2-04414ddfebd7" testId="eaeacd17-7709-0ad4-3782-3c779da7e956" testName="PtzPresetsMenuViewModel_PtzReservedByCurrentUserTest" computerName="DKSR-EFI-06" duration="00:00:00.0008675" startTime="2024-01-09T15:48:49.5825731+01:00" endTime="2024-01-09T15:48:49.5835711+01:00" testType="13cdc9d9-ddb5-4fa4-a97d-d965ccfc6d4b" outcome="Passed" testListId="8c84fa94-04c1-424b-9868-57a2d4851a1d" relativeResultsDirectory="b3240dcf-46e6-4172-89a2-04414ddfebd7" />
    <UnitTestResult executionId="63d2882d-3167-45e9-ab83-7da6990a83f2" testId="43d61832-991c-baec-6981-658713b1dd1b" testName="CameraMapItem_ForceActivateAsync_InBuilding_Success" computerName="DKSR-EFI-06" duration="00:00:00.1809268" startTime="2024-01-09T15:48:39.4618011+01:00" endTime="2024-01-09T15:48:39.6429532+01:00" testType="13cdc9d9-ddb5-4fa4-a97d-d965ccfc6d4b" outcome="Passed" testListId="8c84fa94-04c1-424b-9868-57a2d4851a1d" relativeResultsDirectory="63d2882d-3167-45e9-ab83-7da6990a83f2" />
    <UnitTestResult executionId="196c4f13-ca65-45dc-a2ac-80f0da354612" testId="b6f07467-7831-36e3-42f4-7ae0ac1fdc16" testName="SetIncludePartialResults_ShouldRespectResultsToReselect_WhenResultsToReselectIsEmpty" computerName="DKSR-EFI-06" duration="00:00:00.0012485" startTime="2024-01-09T15:48:26.6538767+01:00" endTime="2024-01-09T15:48:26.6552610+01:00" testType="13cdc9d9-ddb5-4fa4-a97d-d965ccfc6d4b" outcome="Passed" testListId="8c84fa94-04c1-424b-9868-57a2d4851a1d" relativeResultsDirectory="196c4f13-ca65-45dc-a2ac-80f0da354612" />
    <UnitTestResult executionId="e82cec8c-fae3-416b-b047-516f601995ea" testId="e0397ba9-9217-2c04-c95a-ff9b50a208f5" testName="GetSnapshots_UnknownErrorWhileRetrievingImage_Failure" computerName="DKSR-EFI-06" duration="00:00:00.0021317" startTime="2024-01-09T15:48:25.8662058+01:00" endTime="2024-01-09T15:48:25.8684797+01:00" testType="13cdc9d9-ddb5-4fa4-a97d-d965ccfc6d4b" outcome="Passed" testListId="8c84fa94-04c1-424b-9868-57a2d4851a1d" relativeResultsDirectory="e82cec8c-fae3-416b-b047-516f601995ea" />
    <UnitTestResult executionId="f4d2a33a-18ef-4af4-977a-b9d7f2d11abd" testId="63e96068-9f53-27fa-ddcd-94b9c2880dd5" testName="GetCredential_ShouldReturnContainedBasicCredentials_WhenUriAndAuthTypeAreNotNull" computerName="DKSR-EFI-06" duration="00:00:00.0001760" startTime="2024-01-09T15:47:43.3601146+01:00" endTime="2024-01-09T15:47:43.3604063+01:00" testType="13cdc9d9-ddb5-4fa4-a97d-d965ccfc6d4b" outcome="Passed" testListId="8c84fa94-04c1-424b-9868-57a2d4851a1d" relativeResultsDirectory="f4d2a33a-18ef-4af4-977a-b9d7f2d11abd" />
    <UnitTestResult executionId="022e07cd-2018-4200-9de6-9ebb3b1fc613" testId="6e8c0e78-ac96-07f6-2327-5c670bb6a7bf" testName="CreateExportDialog_CannotCreateExport_WithMissingExportName" computerName="DKSR-EFI-06" duration="00:00:00.0096453" startTime="2024-01-09T15:47:51.3001026+01:00" endTime="2024-01-09T15:47:51.3099125+01:00" testType="13cdc9d9-ddb5-4fa4-a97d-d965ccfc6d4b" outcome="Passed" testListId="8c84fa94-04c1-424b-9868-57a2d4851a1d" relativeResultsDirectory="022e07cd-2018-4200-9de6-9ebb3b1fc613" />
    <UnitTestResult executionId="e0377aea-e1b4-49c9-adf7-ec8752347f9b" testId="e136a8cd-3f63-a904-c5bb-437c3044bc59" testName="CanMoreRegionsBeAdded_ShouldReturnTrue_WhenMaximumRegionsAllowedIsReachedAndSelectedCameraHasRegionsSelected" computerName="DKSR-EFI-06" duration="00:00:00.0003361" startTime="2024-01-09T15:48:38.1061291+01:00" endTime="2024-01-09T15:48:38.1066038+01:00" testType="13cdc9d9-ddb5-4fa4-a97d-d965ccfc6d4b" outcome="Passed" testListId="8c84fa94-04c1-424b-9868-57a2d4851a1d" relativeResultsDirectory="e0377aea-e1b4-49c9-adf7-ec8752347f9b" />
    <UnitTestResult executionId="9c32a382-44e7-48b4-b39a-6310bfa10507" testId="4fc92a95-da20-ab9b-15d1-74f6c3c27fe0" testName="RemoveWorkroom_ShouldChangeSelectionToNextWorkroom_WhenSelectedWorkroomIsRemoved" computerName="DKSR-EFI-06" duration="00:00:00.0077399" startTime="2024-01-09T15:48:51.4701966+01:00" endTime="2024-01-09T15:48:51.4780794+01:00" testType="13cdc9d9-ddb5-4fa4-a97d-d965ccfc6d4b" outcome="Passed" testListId="8c84fa94-04c1-424b-9868-57a2d4851a1d" relativeResultsDirectory="9c32a382-44e7-48b4-b39a-6310bfa10507" />
    <UnitTestResult executionId="532e8703-c6d2-493c-8e5d-087190115461" testId="f82ee61b-ae97-d19b-9f9c-9b68d981c021" testName="TestConstructor_MultipleGenerations_Success" computerName="DKSR-EFI-06" duration="00:00:00.0002197" startTime="2024-01-09T15:48:43.1493243+01:00" endTime="2024-01-09T15:48:43.1496877+01:00" testType="13cdc9d9-ddb5-4fa4-a97d-d965ccfc6d4b" outcome="Passed" testListId="8c84fa94-04c1-424b-9868-57a2d4851a1d" relativeResultsDirectory="532e8703-c6d2-493c-8e5d-087190115461" />
    <UnitTestResult executionId="e63cc5d1-0878-45cd-924c-cd00e8c0a767" testId="b0092946-2776-e7d9-62f7-adb16861e4a5" testName="DrawItems_TimeZoneUtcPlus1_MarksShifted" computerName="DKSR-EFI-06" duration="00:00:00.0279522" startTime="2024-01-09T15:48:12.6765941+01:00" endTime="2024-01-09T15:48:12.7074425+01:00" testType="13cdc9d9-ddb5-4fa4-a97d-d965ccfc6d4b" outcome="Passed" testListId="8c84fa94-04c1-424b-9868-57a2d4851a1d" relativeResultsDirectory="e63cc5d1-0878-45cd-924c-cd00e8c0a767" />
    <UnitTestResult executionId="481e721b-3ba8-4808-bc45-ae83d765aa8c" testId="6bac4380-8ca1-03ec-b0fa-87faadf2b614" testName="TestChangeProperties_Note_Success" computerName="DKSR-EFI-06" duration="00:00:00.0054756" startTime="2024-01-09T15:48:38.2097227+01:00" endTime="2024-01-09T15:48:38.2153341+01:00" testType="13cdc9d9-ddb5-4fa4-a97d-d965ccfc6d4b" outcome="Passed" testListId="8c84fa94-04c1-424b-9868-57a2d4851a1d" relativeResultsDirectory="481e721b-3ba8-4808-bc45-ae83d765aa8c" />
    <UnitTestResult executionId="ddcafa71-704f-4d97-a74c-590f9b960a08" testId="60c69ff5-89b2-197d-90c0-5219587cb80d" testName="Deserialize_MissingItemKind_Error" computerName="DKSR-EFI-06" duration="00:00:00.0009787" startTime="2024-01-09T15:48:26.8094290+01:00" endTime="2024-01-09T15:48:26.8105635+01:00" testType="13cdc9d9-ddb5-4fa4-a97d-d965ccfc6d4b" outcome="Passed" testListId="8c84fa94-04c1-424b-9868-57a2d4851a1d" relativeResultsDirectory="ddcafa71-704f-4d97-a74c-590f9b960a08" />
    <UnitTestResult executionId="669dd420-3d26-408b-9b41-7b3d99e7558a" testId="5da91449-988e-883d-873e-5998d198d64c" testName="ConvertBack_ShouldRaiseInvalidCastException_WhenValueIsTrueAndParameterIsNotAnInteractionState" computerName="DKSR-EFI-06" duration="00:00:00.0003247" startTime="2024-01-09T15:47:44.4188816+01:00" endTime="2024-01-09T15:47:44.4193648+01:00" testType="13cdc9d9-ddb5-4fa4-a97d-d965ccfc6d4b" outcome="Passed" testListId="8c84fa94-04c1-424b-9868-57a2d4851a1d" relativeResultsDirectory="669dd420-3d26-408b-9b41-7b3d99e7558a" />
    <UnitTestResult executionId="61f9934b-4608-43b0-b591-855b92df8d5b" testId="d6a182f6-1abb-4c06-28b1-3486154a7ed6" testName="VideoResultSearchResult_ShouldOnlyHavePropertiesFromSecondContext_WhenSetTwiceWithoutThrowingOnTokenCancellation" computerName="DKSR-EFI-06" startTime="2024-01-09T15:48:10.4739643+01:00" endTime="2024-01-09T15:48:10.4741075+01:00" testType="13cdc9d9-ddb5-4fa4-a97d-d965ccfc6d4b" outcome="NotExecuted" testListId="8c84fa94-04c1-424b-9868-57a2d4851a1d" relativeResultsDirectory="61f9934b-4608-43b0-b591-855b92df8d5b">
      <Output>
        <ErrorInfo>
          <Message>Flaky unit test</Message>
        </ErrorInfo>
      </Output>
    </UnitTestResult>
    <UnitTestResult executionId="ca204a87-e627-487d-b2c3-0ed26e3e6b38" testId="896580b1-84f1-933f-fef3-e601288590b2" testName="CreateCameraListItem_ShouldNotAddRegionSelectionToFilterValue_WhenAlreadyPresent" computerName="DKSR-EFI-06" duration="00:00:00.0010640" startTime="2024-01-09T15:48:38.0898746+01:00" endTime="2024-01-09T15:48:38.0910862+01:00" testType="13cdc9d9-ddb5-4fa4-a97d-d965ccfc6d4b" outcome="Passed" testListId="8c84fa94-04c1-424b-9868-57a2d4851a1d" relativeResultsDirectory="ca204a87-e627-487d-b2c3-0ed26e3e6b38" />
    <UnitTestResult executionId="cba00cc9-5e47-4754-bdad-9f826b3768cb" testId="025863ce-ac84-e56c-d6b6-947b70b4b25d" testName="OnLoaded_NullFactory_DoesNotCrash" computerName="DKSR-EFI-06" duration="00:00:00.0048648" startTime="2024-01-09T15:48:22.0945788+01:00" endTime="2024-01-09T15:48:22.1021606+01:00" testType="13cdc9d9-ddb5-4fa4-a97d-d965ccfc6d4b" outcome="Passed" testListId="8c84fa94-04c1-424b-9868-57a2d4851a1d" relativeResultsDirectory="cba00cc9-5e47-4754-bdad-9f826b3768cb" />
    <UnitTestResult executionId="bbe0c334-9b9b-449c-916f-c322ae47a1ac" testId="9a38b1c7-2744-f7db-489b-6f81a442d11b" testName="ResolveSearchDefinitions_ShouldReturnResultSearchDefinition_WhenCombinedSearchResultWithSingleSubResultAndSearchDefinitionsContainingCorrectSearchDefinitionsAreGiven" computerName="DKSR-EFI-06" duration="00:00:00.0005639" startTime="2024-01-09T15:48:26.0016836+01:00" endTime="2024-01-09T15:48:26.0023819+01:00" testType="13cdc9d9-ddb5-4fa4-a97d-d965ccfc6d4b" outcome="Passed" testListId="8c84fa94-04c1-424b-9868-57a2d4851a1d" relativeResultsDirectory="bbe0c334-9b9b-449c-916f-c322ae47a1ac" />
    <UnitTestResult executionId="637124b8-fbc6-4851-bba1-748e8ffa2bbe" testId="6bca5693-82fe-719f-17b6-6224c9668233" testName="UserHasCreatePublicSearchPermission_HasCreatePermission_ReturnsTrue" computerName="DKSR-EFI-06" duration="00:00:00.0004383" startTime="2024-01-09T15:48:26.0985429+01:00" endTime="2024-01-09T15:48:26.0991146+01:00" testType="13cdc9d9-ddb5-4fa4-a97d-d965ccfc6d4b" outcome="Passed" testListId="8c84fa94-04c1-424b-9868-57a2d4851a1d" relativeResultsDirectory="637124b8-fbc6-4851-bba1-748e8ffa2bbe" />
    <UnitTestResult executionId="cc007308-3038-4658-8382-c62bee69dc98" testId="e788a2d0-4486-022b-835a-f533cc3033d2" testName="DeviceIcons_ShouldBeCached_WhenCalled" computerName="DKSR-EFI-06" duration="00:00:00.0001522" startTime="2024-01-09T15:48:40.8280181+01:00" endTime="2024-01-09T15:48:40.8282971+01:00" testType="13cdc9d9-ddb5-4fa4-a97d-d965ccfc6d4b" outcome="Passed" testListId="8c84fa94-04c1-424b-9868-57a2d4851a1d" relativeResultsDirectory="cc007308-3038-4658-8382-c62bee69dc98" />
    <UnitTestResult executionId="eff1ae71-1a9e-434e-8082-c75f10c4ef95" testId="0352ab5e-ef5f-b291-c33f-bb3ed2d6f909" testName="AutomationId_ShouldBeValid_WhenInteractionStateIsAddMicrophone" computerName="DKSR-EFI-06" duration="00:00:00.0001743" startTime="2024-01-09T15:47:45.9803972+01:00" endTime="2024-01-09T15:47:45.9806975+01:00" testType="13cdc9d9-ddb5-4fa4-a97d-d965ccfc6d4b" outcome="Passed" testListId="8c84fa94-04c1-424b-9868-57a2d4851a1d" relativeResultsDirectory="eff1ae71-1a9e-434e-8082-c75f10c4ef95" />
    <UnitTestResult executionId="f15241b7-b007-4ac5-bf70-4a61944b7568" testId="47884aeb-7497-b6ff-3c54-8cf7d508053b" testName="Load_Save_Success" computerName="DKSR-EFI-06" duration="00:00:00.0082739" startTime="2024-01-09T15:48:39.0928279+01:00" endTime="2024-01-09T15:48:39.1013453+01:00" testType="13cdc9d9-ddb5-4fa4-a97d-d965ccfc6d4b" outcome="Passed" testListId="8c84fa94-04c1-424b-9868-57a2d4851a1d" relativeResultsDirectory="f15241b7-b007-4ac5-bf70-4a61944b7568" />
    <UnitTestResult executionId="6307b705-850f-4d6d-ad3a-d3a66c9300d0" testId="2a4dd686-62ac-c714-9f30-f0d81a07f831" testName="GetDeviceData_ShouldReturnDeviceData_WhenCameraKindAndExistingCameraId" computerName="DKSR-EFI-06" duration="00:00:00.0279162" startTime="2024-01-09T15:47:51.1097581+01:00" endTime="2024-01-09T15:47:51.1378493+01:00" testType="13cdc9d9-ddb5-4fa4-a97d-d965ccfc6d4b" outcome="Passed" testListId="8c84fa94-04c1-424b-9868-57a2d4851a1d" relativeResultsDirectory="6307b705-850f-4d6d-ad3a-d3a66c9300d0" />
    <UnitTestResult executionId="d4d65215-2f5d-4578-a813-d2210808ae97" testId="13e00d9f-1356-be26-5e63-c3874f003845" testName="SmartMapPositionChanged_WhenMapPositionIsChanged_ShouldCallPostMessage" computerName="DKSR-EFI-06" duration="00:00:00.0603620" startTime="2024-01-09T15:47:49.5817993+01:00" endTime="2024-01-09T15:47:49.6425097+01:00" testType="13cdc9d9-ddb5-4fa4-a97d-d965ccfc6d4b" outcome="Passed" testListId="8c84fa94-04c1-424b-9868-57a2d4851a1d" relativeResultsDirectory="d4d65215-2f5d-4578-a813-d2210808ae97" />
    <UnitTestResult executionId="d394fe8b-ff26-437a-b390-98f5880803d4" testId="187ee319-c305-31ec-cc6d-df00e81417f3" testName="SupportsDoubleClick_ShouldBeFalse_WhenInteractionStateIsNormalAndNotInSetupMode" computerName="DKSR-EFI-06" duration="00:00:00.0156365" startTime="2024-01-09T15:47:47.7473049+01:00" endTime="2024-01-09T15:47:47.7655660+01:00" testType="13cdc9d9-ddb5-4fa4-a97d-d965ccfc6d4b" outcome="Passed" testListId="8c84fa94-04c1-424b-9868-57a2d4851a1d" relativeResultsDirectory="d394fe8b-ff26-437a-b390-98f5880803d4" />
    <UnitTestResult executionId="3e969710-fbcf-4ea8-b284-d03115669381" testId="2b33b0ae-9699-070c-729a-42132d028501" testName="GetLayerFeatures_ShouldReturnOutputLayerFeatures_WhenOutputKind" computerName="DKSR-EFI-06" duration="00:00:00.0018710" startTime="2024-01-09T15:48:43.0417338+01:00" endTime="2024-01-09T15:48:43.0437378+01:00" testType="13cdc9d9-ddb5-4fa4-a97d-d965ccfc6d4b" outcome="Passed" testListId="8c84fa94-04c1-424b-9868-57a2d4851a1d" relativeResultsDirectory="3e969710-fbcf-4ea8-b284-d03115669381" />
    <UnitTestResult executionId="55f7e0b6-76eb-406e-8747-0fc0aaa6727d" testId="83ccd97a-3d39-ee6a-e0f8-f15f62764577" testName="GetIsOpenStreetMapValid_ShouldReturnTrue_WhenGeographicLayerIsNullAndAlternativeServerHasValidUrl" computerName="DKSR-EFI-06" duration="00:00:00.0005006" startTime="2024-01-09T15:48:43.0045200+01:00" endTime="2024-01-09T15:48:43.0051503+01:00" testType="13cdc9d9-ddb5-4fa4-a97d-d965ccfc6d4b" outcome="Passed" testListId="8c84fa94-04c1-424b-9868-57a2d4851a1d" relativeResultsDirectory="55f7e0b6-76eb-406e-8747-0fc0aaa6727d" />
    <UnitTestResult executionId="587f22b5-886f-4128-a78c-32e8f5c9b3fa" testId="e571b35d-57ce-9cb9-ba77-a93c8415ec13" testName="CreateDetailsViewControl_ValidSearchResult_DetailsViewPlaybackSpeedSet_Success" computerName="DKSR-EFI-06" duration="00:00:00.7141682" startTime="2024-01-09T15:48:01.0739038+01:00" endTime="2024-01-09T15:48:01.7912200+01:00" testType="13cdc9d9-ddb5-4fa4-a97d-d965ccfc6d4b" outcome="Passed" testListId="8c84fa94-04c1-424b-9868-57a2d4851a1d" relativeResultsDirectory="587f22b5-886f-4128-a78c-32e8f5c9b3fa" />
    <UnitTestResult executionId="ab86f4f7-7830-4389-b0fb-3da0cc90b9b9" testId="4f0f0f05-4e54-c98a-97cd-1164c4d7679e" testName="Constructor_ShouldRaiseArgumentNullException_WhenEventServerIdsIsNull" computerName="DKSR-EFI-06" duration="00:00:00.0015970" startTime="2024-01-09T15:48:52.8477404+01:00" endTime="2024-01-09T15:48:52.8496633+01:00" testType="13cdc9d9-ddb5-4fa4-a97d-d965ccfc6d4b" outcome="Passed" testListId="8c84fa94-04c1-424b-9868-57a2d4851a1d" relativeResultsDirectory="ab86f4f7-7830-4389-b0fb-3da0cc90b9b9" />
    <UnitTestResult executionId="b441e0e5-7e00-4ad1-b667-7286cbbfa417" testId="a2a9cc5c-ea62-0899-d27a-81da48bb47d1" testName="IgnoredFiltersChanged_WarningTextChanges" computerName="DKSR-EFI-06" duration="00:00:00.0208515" startTime="2024-01-09T15:48:22.3605710+01:00" endTime="2024-01-09T15:48:22.3815720+01:00" testType="13cdc9d9-ddb5-4fa4-a97d-d965ccfc6d4b" outcome="Passed" testListId="8c84fa94-04c1-424b-9868-57a2d4851a1d" relativeResultsDirectory="b441e0e5-7e00-4ad1-b667-7286cbbfa417" />
    <UnitTestResult executionId="3b1d3eb4-c600-470a-a7bc-8cbeac01b7ab" testId="8402d0b2-2627-8799-bef9-7a7055750766" testName="Path enabled, forced" computerName="DKSR-EFI-06" duration="00:00:00.0047632" startTime="2024-01-09T15:47:51.3956389+01:00" endTime="2024-01-09T15:47:51.4006718+01:00" testType="13cdc9d9-ddb5-4fa4-a97d-d965ccfc6d4b" outcome="Passed" testListId="8c84fa94-04c1-424b-9868-57a2d4851a1d" relativeResultsDirectory="3b1d3eb4-c600-470a-a7bc-8cbeac01b7ab" />
    <UnitTestResult executionId="89ba82fa-64b5-470f-b0fa-193ff7bf0c9d" testId="83492e0d-212b-a788-b283-557077b5c1d0" testName="NearestPossibleZoomLevel_ShouldReturnZoomLevel19_WhenScaleIsZoomLevel19" computerName="DKSR-EFI-06" duration="00:00:00.0005690" startTime="2024-01-09T15:47:47.2612766+01:00" endTime="2024-01-09T15:47:47.2619576+01:00" testType="13cdc9d9-ddb5-4fa4-a97d-d965ccfc6d4b" outcome="Passed" testListId="8c84fa94-04c1-424b-9868-57a2d4851a1d" relativeResultsDirectory="89ba82fa-64b5-470f-b0fa-193ff7bf0c9d" />
    <UnitTestResult executionId="3b4f3d36-695c-446d-866a-09c37cb67b87" testId="ac8063fd-ec4b-484a-0383-753253f47780" testName="GetBoundingShapesAsync_ShouldIgnoreNullBoundingShapesCollectionFromSubResults" computerName="DKSR-EFI-06" duration="00:00:00.0034891" startTime="2024-01-09T15:48:26.7089280+01:00" endTime="2024-01-09T15:48:26.7125616+01:00" testType="13cdc9d9-ddb5-4fa4-a97d-d965ccfc6d4b" outcome="Passed" testListId="8c84fa94-04c1-424b-9868-57a2d4851a1d" relativeResultsDirectory="3b4f3d36-695c-446d-866a-09c37cb67b87" />
    <UnitTestResult executionId="fa133363-900d-438d-8278-f7a8f8929638" testId="cd274a06-2388-99e3-3a1d-9499479d5159" testName="GetWorkspaceToolbarItems_ShouldReturnNoToolbarItems_WhenNoPluginsAndPluginGroupsAreSet" computerName="DKSR-EFI-06" duration="00:00:00.0095969" startTime="2024-01-09T15:48:44.2122712+01:00" endTime="2024-01-09T15:48:44.2221969+01:00" testType="13cdc9d9-ddb5-4fa4-a97d-d965ccfc6d4b" outcome="Passed" testListId="8c84fa94-04c1-424b-9868-57a2d4851a1d" relativeResultsDirectory="fa133363-900d-438d-8278-f7a8f8929638" />
    <UnitTestResult executionId="9b0c91af-7360-4ab5-8d70-7ca1d9a917b6" testId="68a0cb09-28c6-2900-d9b8-f1de6e183f62" testName="ToDenormalizedFieldOfView_GreaterThan1_0_Failure" computerName="DKSR-EFI-06" duration="00:00:00.0002440" startTime="2024-01-09T15:48:38.6381377+01:00" endTime="2024-01-09T15:48:38.6385292+01:00" testType="13cdc9d9-ddb5-4fa4-a97d-d965ccfc6d4b" outcome="Passed" testListId="8c84fa94-04c1-424b-9868-57a2d4851a1d" relativeResultsDirectory="9b0c91af-7360-4ab5-8d70-7ca1d9a917b6" />
    <UnitTestResult executionId="c6331621-79ea-4fc9-8767-05c33486bfa4" testId="917a5570-b519-84b9-98e6-e30d662a605f" testName="AttributeValueGet_NoItems_ReturnsEmptyList" computerName="DKSR-EFI-06" duration="00:00:00.0098337" startTime="2024-01-09T15:48:37.9722953+01:00" endTime="2024-01-09T15:48:37.9847142+01:00" testType="13cdc9d9-ddb5-4fa4-a97d-d965ccfc6d4b" outcome="Passed" testListId="8c84fa94-04c1-424b-9868-57a2d4851a1d" relativeResultsDirectory="c6331621-79ea-4fc9-8767-05c33486bfa4" />
    <UnitTestResult executionId="5497d32f-66a4-4f73-b9d8-cf2a0c4d7286" testId="9337e38c-4624-4f1b-786d-f8be59a53622" testName="MutedMicrophoneIcons_ShouldReturnIconsInAProperOrder_WhenCalled" computerName="DKSR-EFI-06" duration="00:00:00.0024615" startTime="2024-01-09T15:48:40.8107667+01:00" endTime="2024-01-09T15:48:40.8133694+01:00" testType="13cdc9d9-ddb5-4fa4-a97d-d965ccfc6d4b" outcome="Passed" testListId="8c84fa94-04c1-424b-9868-57a2d4851a1d" relativeResultsDirectory="5497d32f-66a4-4f73-b9d8-cf2a0c4d7286" />
    <UnitTestResult executionId="a47fbcff-c0af-4438-9bb9-85ed16f8e93e" testId="d33238ac-1e47-b12a-5f1e-c0efc2aabbf1" testName="ManualRecordingInfoDto_ShouldYieldSameValues_WhenRoundTripConverted" computerName="DKSR-EFI-06" duration="00:00:00.0009000" startTime="2024-01-09T15:47:40.9835130+01:00" endTime="2024-01-09T15:47:40.9845190+01:00" testType="13cdc9d9-ddb5-4fa4-a97d-d965ccfc6d4b" outcome="Passed" testListId="8c84fa94-04c1-424b-9868-57a2d4851a1d" relativeResultsDirectory="a47fbcff-c0af-4438-9bb9-85ed16f8e93e" />
    <UnitTestResult executionId="9ed898d7-542e-4d48-b1ff-7773e1c9bc6b" testId="7353773e-46a1-eddc-a4ca-f5b4ae8543b5" testName="AddSelectedWindowsToExport_ShouldShowCorrectToastMessages (5,5,0)" computerName="DKSR-EFI-06" duration="00:00:00.0050089" startTime="2024-01-09T15:48:45.4870517+01:00" endTime="2024-01-09T15:48:45.4922654+01:00" testType="13cdc9d9-ddb5-4fa4-a97d-d965ccfc6d4b" outcome="Passed" testListId="8c84fa94-04c1-424b-9868-57a2d4851a1d" relativeResultsDirectory="9ed898d7-542e-4d48-b1ff-7773e1c9bc6b" />
    <UnitTestResult executionId="4087c94c-3acc-4bf8-b486-6e3eccc40f11" testId="fb9b27c6-d958-01c3-0bba-3a3e5a814ae8" testName="ScrollWheelInTileLayout_ScrollDown_DecreasesItemSize" computerName="DKSR-EFI-06" duration="00:00:00.7097094" startTime="2024-01-09T15:48:05.2990550+01:00" endTime="2024-01-09T15:48:06.0119308+01:00" testType="13cdc9d9-ddb5-4fa4-a97d-d965ccfc6d4b" outcome="Passed" testListId="8c84fa94-04c1-424b-9868-57a2d4851a1d" relativeResultsDirectory="4087c94c-3acc-4bf8-b486-6e3eccc40f11" />
    <UnitTestResult executionId="88f7a39d-0679-404b-9f65-2e089505e1ab" testId="df434b1a-bd33-b3a0-035c-8fb9149eaa0e" testName="HasMd5ProviderStrategy2_ShouldReturnFalse_WhenAllEventServerIdAreFipsCompliant" computerName="DKSR-EFI-06" duration="00:00:00.0003089" startTime="2024-01-09T15:48:52.8616224+01:00" endTime="2024-01-09T15:48:52.8620709+01:00" testType="13cdc9d9-ddb5-4fa4-a97d-d965ccfc6d4b" outcome="Passed" testListId="8c84fa94-04c1-424b-9868-57a2d4851a1d" relativeResultsDirectory="88f7a39d-0679-404b-9f65-2e089505e1ab" />
    <UnitTestResult executionId="1f79594d-895f-42b9-91c6-79e0ecec019e" testId="2373c7df-8688-ecca-12e2-43612d6b960f" testName="TestChangeProperties_Outline_Success" computerName="DKSR-EFI-06" duration="00:00:00.0063301" startTime="2024-01-09T15:48:38.2157856+01:00" endTime="2024-01-09T15:48:38.2222581+01:00" testType="13cdc9d9-ddb5-4fa4-a97d-d965ccfc6d4b" outcome="Passed" testListId="8c84fa94-04c1-424b-9868-57a2d4851a1d" relativeResultsDirectory="1f79594d-895f-42b9-91c6-79e0ecec019e" />
    <UnitTestResult executionId="b417548b-a751-47b6-895b-3a073e83d109" testId="e9266c48-cfc4-e144-1936-f643e910fdf5" testName="GisMapModel_Save_Success" computerName="DKSR-EFI-06" duration="00:00:00.0198494" startTime="2024-01-09T15:48:40.0233098+01:00" endTime="2024-01-09T15:48:40.0433416+01:00" testType="13cdc9d9-ddb5-4fa4-a97d-d965ccfc6d4b" outcome="Passed" testListId="8c84fa94-04c1-424b-9868-57a2d4851a1d" relativeResultsDirectory="b417548b-a751-47b6-895b-3a073e83d109" />
    <UnitTestResult executionId="337a4d10-23c3-46d3-aacf-72d74cb9baf1" testId="26493e2f-f09a-fd85-4932-ec0c6378d5e5" testName="Constructor_ShouldThrowArgumentNullException_WhenControllerManagerIsNull" computerName="DKSR-EFI-06" duration="00:00:00.0141066" startTime="2024-01-09T15:48:44.0458868+01:00" endTime="2024-01-09T15:48:44.0602951+01:00" testType="13cdc9d9-ddb5-4fa4-a97d-d965ccfc6d4b" outcome="Passed" testListId="8c84fa94-04c1-424b-9868-57a2d4851a1d" relativeResultsDirectory="337a4d10-23c3-46d3-aacf-72d74cb9baf1" />
    <UnitTestResult executionId="d49381fb-d25c-47f0-8285-ec3f879b60ad" testId="81ad0f4d-94e1-c01b-9944-7761641e9301" testName="AddToExportTuples_ShouldReturnCorrectResult (5,5,5)" computerName="DKSR-EFI-06" duration="00:00:00.0096504" startTime="2024-01-09T15:48:45.3538078+01:00" endTime="2024-01-09T15:48:45.3636316+01:00" testType="13cdc9d9-ddb5-4fa4-a97d-d965ccfc6d4b" outcome="Passed" testListId="8c84fa94-04c1-424b-9868-57a2d4851a1d" relativeResultsDirectory="d49381fb-d25c-47f0-8285-ec3f879b60ad" />
    <UnitTestResult executionId="ecbe978f-5b1f-4e59-84fc-8ca54af83797" testId="920a2918-af9a-e3ed-e910-d0d07bf9fed3" testName="IsProcessing_CancelWhileUnprocessedItemsAndThenResumeSearch_Success" computerName="DKSR-EFI-06" duration="00:00:00.0016643" startTime="2024-01-09T15:48:26.6336453+01:00" endTime="2024-01-09T15:48:26.6354491+01:00" testType="13cdc9d9-ddb5-4fa4-a97d-d965ccfc6d4b" outcome="Passed" testListId="8c84fa94-04c1-424b-9868-57a2d4851a1d" relativeResultsDirectory="ecbe978f-5b1f-4e59-84fc-8ca54af83797" />
    <UnitTestResult executionId="d940d936-4e79-49ab-8d6b-c448ca7afbe8" testId="76f114f4-6a41-0573-26af-b718e6fbb07c" testName="RightButtonUp_ShouldSetActiveInteractionStateToNormal_WhenInteractionStateIsNotAddNewDevice" computerName="DKSR-EFI-06" duration="00:00:00.0139939" startTime="2024-01-09T15:47:46.0875438+01:00" endTime="2024-01-09T15:47:46.1041185+01:00" testType="13cdc9d9-ddb5-4fa4-a97d-d965ccfc6d4b" outcome="Passed" testListId="8c84fa94-04c1-424b-9868-57a2d4851a1d" relativeResultsDirectory="d940d936-4e79-49ab-8d6b-c448ca7afbe8" />
    <UnitTestResult executionId="5f194a5e-027f-414d-9ddf-773be23a7988" testId="a2ceebde-d242-3694-fb90-e4ca65781850" testName="PatrollingProfileListViewModel_DeleteProfileExecute" computerName="DKSR-EFI-06" duration="00:00:00.0016526" startTime="2024-01-09T15:48:43.8569536+01:00" endTime="2024-01-09T15:48:43.8587615+01:00" testType="13cdc9d9-ddb5-4fa4-a97d-d965ccfc6d4b" outcome="Passed" testListId="8c84fa94-04c1-424b-9868-57a2d4851a1d" relativeResultsDirectory="5f194a5e-027f-414d-9ddf-773be23a7988" />
    <UnitTestResult executionId="c5e898ea-a5da-477b-8d37-cf13dd5d20d0" testId="0b48726b-7d83-90f3-a7e6-6509817ad105" testName="SelectTemplate_NullViewModel_Throws" computerName="DKSR-EFI-06" duration="00:00:00.0004559" startTime="2024-01-09T15:47:52.5568692+01:00" endTime="2024-01-09T15:47:52.5574806+01:00" testType="13cdc9d9-ddb5-4fa4-a97d-d965ccfc6d4b" outcome="Passed" testListId="8c84fa94-04c1-424b-9868-57a2d4851a1d" relativeResultsDirectory="c5e898ea-a5da-477b-8d37-cf13dd5d20d0" />
    <UnitTestResult executionId="0de0f332-bc43-42e1-b3d1-f008cfcda2ad" testId="f18dd244-4a09-e214-2e8b-a1adb5d41997" testName="SearchResultsActionBarActions_CreateSnapshot_InvokeCommand_MultipleSnapshotsFailed_CorrectErrorMessageShown" computerName="DKSR-EFI-06" duration="00:00:00.0104155" startTime="2024-01-09T15:48:23.2156300+01:00" endTime="2024-01-09T15:48:23.2262106+01:00" testType="13cdc9d9-ddb5-4fa4-a97d-d965ccfc6d4b" outcome="Passed" testListId="8c84fa94-04c1-424b-9868-57a2d4851a1d" relativeResultsDirectory="0de0f332-bc43-42e1-b3d1-f008cfcda2ad" />
    <UnitTestResult executionId="fdb3bddc-da29-4a6a-afdb-f00f69806cee" testId="cb9d51a2-5e3a-42d0-6e0f-8acb24bb5634" testName="True" computerName="DKSR-EFI-06" duration="00:00:00.0015045" startTime="2024-01-09T15:48:45.6276209+01:00" endTime="2024-01-09T15:48:45.6312702+01:00" testType="13cdc9d9-ddb5-4fa4-a97d-d965ccfc6d4b" outcome="Passed" testListId="8c84fa94-04c1-424b-9868-57a2d4851a1d" relativeResultsDirectory="fdb3bddc-da29-4a6a-afdb-f00f69806cee" />
    <UnitTestResult executionId="79e88c7c-1e49-4cbb-8fa2-14f2c28afaee" testId="e2a3c11c-1944-c086-d9fe-0c8ab6c0a314" testName="SearchResultsActionBarActions_Export_OptionUnavailable_NotVisible" computerName="DKSR-EFI-06" duration="00:00:00.0073332" startTime="2024-01-09T15:48:22.8508338+01:00" endTime="2024-01-09T15:48:22.8583320+01:00" testType="13cdc9d9-ddb5-4fa4-a97d-d965ccfc6d4b" outcome="Passed" testListId="8c84fa94-04c1-424b-9868-57a2d4851a1d" relativeResultsDirectory="79e88c7c-1e49-4cbb-8fa2-14f2c28afaee" />
    <UnitTestResult executionId="2ab4dfec-d5a3-48f6-ad34-b16edd74a036" testId="57e42158-c478-d557-913f-3f7cb2a55e4f" testName="Dispose_ShouldDetachOnUpdateMutedMicrophonesRaised_WhenCalled" computerName="DKSR-EFI-06" duration="00:00:00.0119279" startTime="2024-01-09T15:48:41.1982229+01:00" endTime="2024-01-09T15:48:41.2126216+01:00" testType="13cdc9d9-ddb5-4fa4-a97d-d965ccfc6d4b" outcome="Passed" testListId="8c84fa94-04c1-424b-9868-57a2d4851a1d" relativeResultsDirectory="2ab4dfec-d5a3-48f6-ad34-b16edd74a036" />
    <UnitTestResult executionId="c5765432-04e5-48d9-b538-f89b1f416861" testId="7a648730-a880-ab42-6524-73337b3605fc" testName="ActiveIncomingMicrophones_ShouldHave_OneMicrophoneWhenMicrophoneIsUnmuted" computerName="DKSR-EFI-06" duration="00:00:00.0079002" startTime="2024-01-09T15:48:39.8948033+01:00" endTime="2024-01-09T15:48:39.9028435+01:00" testType="13cdc9d9-ddb5-4fa4-a97d-d965ccfc6d4b" outcome="Passed" testListId="8c84fa94-04c1-424b-9868-57a2d4851a1d" relativeResultsDirectory="c5765432-04e5-48d9-b538-f89b1f416861" />
    <UnitTestResult executionId="b2c18e07-d0c8-4ccc-9ed1-ebfcdfd2473a" testId="c8bbc1da-c94e-b071-1c1c-4c9621410661" testName="BoundingBoxPlaybackNoLiveOrPlaybackHandler" computerName="DKSR-EFI-06" duration="00:00:00.0017591" startTime="2024-01-09T15:48:46.8128700+01:00" endTime="2024-01-09T15:48:46.8148586+01:00" testType="13cdc9d9-ddb5-4fa4-a97d-d965ccfc6d4b" outcome="Passed" testListId="8c84fa94-04c1-424b-9868-57a2d4851a1d" relativeResultsDirectory="b2c18e07-d0c8-4ccc-9ed1-ebfcdfd2473a" />
    <UnitTestResult executionId="45f1efed-a326-48f5-8ded-d9b17d2c8c1c" testId="f7312006-b3af-0869-4d9b-ec9b8e868889" testName="Ctor_NullArgument_Throws" computerName="DKSR-EFI-06" duration="00:00:00.0013993" startTime="2024-01-09T15:48:22.4108751+01:00" endTime="2024-01-09T15:48:22.4125095+01:00" testType="13cdc9d9-ddb5-4fa4-a97d-d965ccfc6d4b" outcome="Passed" testListId="8c84fa94-04c1-424b-9868-57a2d4851a1d" relativeResultsDirectory="45f1efed-a326-48f5-8ded-d9b17d2c8c1c" />
    <UnitTestResult executionId="fa9156f4-1241-4152-9404-c3aef82e9519" testId="0d69c7de-0a79-1b02-2fcf-9739b7f2143b" testName="GetIsOpenStreetMapValid_ShouldReturnTrue_WhenGeographicLayerIsAvailableAndAlternativeServerHasInvalidUrl" computerName="DKSR-EFI-06" duration="00:00:00.0005674" startTime="2024-01-09T15:48:43.0075308+01:00" endTime="2024-01-09T15:48:43.0082285+01:00" testType="13cdc9d9-ddb5-4fa4-a97d-d965ccfc6d4b" outcome="Passed" testListId="8c84fa94-04c1-424b-9868-57a2d4851a1d" relativeResultsDirectory="fa9156f4-1241-4152-9404-c3aef82e9519" />
    <UnitTestResult executionId="d6d8f306-3424-4898-8e75-31c1b3916c75" testId="905c94e4-bdc8-1fe6-5444-613a4eb6d1c7" testName="SearchResultsActionBarActions_SendToFloatingWindowVerifyTimeSelectionInterval_InvokeCommand_WarningDialogDisplayed" computerName="DKSR-EFI-06" duration="00:00:00.0107897" startTime="2024-01-09T15:48:22.9507110+01:00" endTime="2024-01-09T15:48:22.9616693+01:00" testType="13cdc9d9-ddb5-4fa4-a97d-d965ccfc6d4b" outcome="Passed" testListId="8c84fa94-04c1-424b-9868-57a2d4851a1d" relativeResultsDirectory="d6d8f306-3424-4898-8e75-31c1b3916c75" />
    <UnitTestResult executionId="eec978e8-a50d-4b73-aa4e-888cdfba699b" testId="bcf3e398-10f5-c5db-c0c4-dde95790e302" testName="GetDeviceData_ShouldReturnNotFoundDeviceData_WhenNotSupportedKind" computerName="DKSR-EFI-06" duration="00:00:00.0260517" startTime="2024-01-09T15:47:51.2276969+01:00" endTime="2024-01-09T15:47:51.2539396+01:00" testType="13cdc9d9-ddb5-4fa4-a97d-d965ccfc6d4b" outcome="Passed" testListId="8c84fa94-04c1-424b-9868-57a2d4851a1d" relativeResultsDirectory="eec978e8-a50d-4b73-aa4e-888cdfba699b" />
    <UnitTestResult executionId="293653c5-5cd2-42f8-935b-5c0fe8b9bac0" testId="29212116-6a0b-3ffd-ae50-19c86a9244cc" testName="PtzPresetsMenuViewModel_PtzCotrolledByPatrollingTest" computerName="DKSR-EFI-06" duration="00:00:00.0008685" startTime="2024-01-09T15:48:49.5784000+01:00" endTime="2024-01-09T15:48:49.5793990+01:00" testType="13cdc9d9-ddb5-4fa4-a97d-d965ccfc6d4b" outcome="Passed" testListId="8c84fa94-04c1-424b-9868-57a2d4851a1d" relativeResultsDirectory="293653c5-5cd2-42f8-935b-5c0fe8b9bac0" />
    <UnitTestResult executionId="ab8b7936-2a0f-4e9b-8026-f50d27b34b5f" testId="593930ca-a7df-1408-b332-7a4bf0c72a54" testName="State_ShouldUpdateMicrophoneIconId_WhenSetToMute" computerName="DKSR-EFI-06" duration="00:00:00.0110329" startTime="2024-01-09T15:48:42.0443385+01:00" endTime="2024-01-09T15:48:42.0580226+01:00" testType="13cdc9d9-ddb5-4fa4-a97d-d965ccfc6d4b" outcome="Passed" testListId="8c84fa94-04c1-424b-9868-57a2d4851a1d" relativeResultsDirectory="ab8b7936-2a0f-4e9b-8026-f50d27b34b5f" />
    <UnitTestResult executionId="84b3cdc3-3d5e-4186-a36d-a03b9000fa21" testId="9f58f9ac-c237-b302-81b2-6eb6c67dcabf" testName="ViewsAreSortedCorrectly" computerName="DKSR-EFI-06" duration="00:00:00.0024846" startTime="2024-01-09T15:48:44.9745325+01:00" endTime="2024-01-09T15:48:44.9771739+01:00" testType="13cdc9d9-ddb5-4fa4-a97d-d965ccfc6d4b" outcome="Passed" testListId="8c84fa94-04c1-424b-9868-57a2d4851a1d" relativeResultsDirectory="84b3cdc3-3d5e-4186-a36d-a03b9000fa21" />
    <UnitTestResult executionId="1d1eabda-20f4-4332-8012-2c5491bd6cd6" testId="0888e3f9-abd4-4799-6395-fe5ed75b869d" testName="ShowAccessControlSystems_ShouldReturnFalse_WhenOneACSystemsAvailable" computerName="DKSR-EFI-06" duration="00:00:00.0049584" startTime="2024-01-09T15:48:52.8288811+01:00" endTime="2024-01-09T15:48:52.8340545+01:00" testType="13cdc9d9-ddb5-4fa4-a97d-d965ccfc6d4b" outcome="Passed" testListId="8c84fa94-04c1-424b-9868-57a2d4851a1d" relativeResultsDirectory="1d1eabda-20f4-4332-8012-2c5491bd6cd6" />
    <UnitTestResult executionId="b908bf58-68bc-460e-b8a0-6d80307cf658" testId="831c9d38-b235-c32d-79f4-dc554e18bb06" testName="PtzSessionControllerInfo_ReservedChangedTest_Different" computerName="DKSR-EFI-06" duration="00:00:00.0001933" startTime="2024-01-09T15:47:43.2220701+01:00" endTime="2024-01-09T15:47:43.2223664+01:00" testType="13cdc9d9-ddb5-4fa4-a97d-d965ccfc6d4b" outcome="Passed" testListId="8c84fa94-04c1-424b-9868-57a2d4851a1d" relativeResultsDirectory="b908bf58-68bc-460e-b8a0-6d80307cf658" />
    <UnitTestResult executionId="54e65e3a-5dde-48e2-80d2-b04569ee9a46" testId="489bb6c1-57c4-1ecc-b27a-2b7660cd9960" testName="ValidateExportFormats_SmartClientPlayerFormat_ShouldReturnFailResult_ProjectCommentRequired" computerName="DKSR-EFI-06" duration="00:00:00.0099008" startTime="2024-01-09T15:47:52.1112377+01:00" endTime="2024-01-09T15:47:52.1213239+01:00" testType="13cdc9d9-ddb5-4fa4-a97d-d965ccfc6d4b" outcome="Passed" testListId="8c84fa94-04c1-424b-9868-57a2d4851a1d" relativeResultsDirectory="54e65e3a-5dde-48e2-80d2-b04569ee9a46" />
    <UnitTestResult executionId="a2d6f962-b54c-4f79-b528-8d3e856ac584" testId="e591cb66-07e5-1b9d-9e29-d469d485e69c" testName="ShowAccessControlSystems_ShouldReturnFalse_WhenTwoACSystemsNotSupportingCardholdersAvailable" computerName="DKSR-EFI-06" duration="00:00:00.0014174" startTime="2024-01-09T15:48:52.8381123+01:00" endTime="2024-01-09T15:48:52.8396694+01:00" testType="13cdc9d9-ddb5-4fa4-a97d-d965ccfc6d4b" outcome="Passed" testListId="8c84fa94-04c1-424b-9868-57a2d4851a1d" relativeResultsDirectory="a2d6f962-b54c-4f79-b528-8d3e856ac584" />
    <UnitTestResult executionId="33c891f3-fbe3-490c-b7a0-88ec8618dbf9" testId="d516c9f8-a086-c688-a8dc-fd4cd17c2bf6" testName="Deserialize_InvalidValidate_ErrorCollectionNotEmpty" computerName="DKSR-EFI-06" duration="00:00:00.0047715" startTime="2024-01-09T15:48:26.5378475+01:00" endTime="2024-01-09T15:48:26.5427863+01:00" testType="13cdc9d9-ddb5-4fa4-a97d-d965ccfc6d4b" outcome="Passed" testListId="8c84fa94-04c1-424b-9868-57a2d4851a1d" relativeResultsDirectory="33c891f3-fbe3-490c-b7a0-88ec8618dbf9" />
    <UnitTestResult executionId="ba55df0c-08e4-479b-aa24-1387fcc4719a" testId="e60bae60-c13a-330d-734d-4108f8865d47" testName="SmartMapGetPositionRequestHandler_WhenDataIsValid_ShouldCallNavigateTo" computerName="DKSR-EFI-06" duration="00:00:00.0038974" startTime="2024-01-09T15:47:49.7027575+01:00" endTime="2024-01-09T15:47:49.7068198+01:00" testType="13cdc9d9-ddb5-4fa4-a97d-d965ccfc6d4b" outcome="Passed" testListId="8c84fa94-04c1-424b-9868-57a2d4851a1d" relativeResultsDirectory="ba55df0c-08e4-479b-aa24-1387fcc4719a" />
    <UnitTestResult executionId="b34906fc-d884-44d7-85c4-c3c62237b12c" testId="c9640990-b6c9-dafb-a909-cdccd9fc41e7" testName="Create_Retention_Times_Cannot_Be_Before_1900" computerName="DKSR-EFI-06" duration="00:00:00.0025968" startTime="2024-01-09T15:48:52.4361309+01:00" endTime="2024-01-09T15:48:52.4388625+01:00" testType="13cdc9d9-ddb5-4fa4-a97d-d965ccfc6d4b" outcome="Passed" testListId="8c84fa94-04c1-424b-9868-57a2d4851a1d" relativeResultsDirectory="b34906fc-d884-44d7-85c4-c3c62237b12c" />
    <UnitTestResult executionId="5a4cca05-5f83-43d9-9f8e-a5e56d3d1aad" testId="35c37eb8-e213-391e-0beb-46923447e480" testName="When password 1 is invalid, password 2 is valid, even when different" computerName="DKSR-EFI-06" duration="00:00:00.0000989" startTime="2024-01-09T15:47:52.2260643+01:00" endTime="2024-01-09T15:47:52.2262928+01:00" testType="13cdc9d9-ddb5-4fa4-a97d-d965ccfc6d4b" outcome="Passed" testListId="8c84fa94-04c1-424b-9868-57a2d4851a1d" relativeResultsDirectory="5a4cca05-5f83-43d9-9f8e-a5e56d3d1aad" />
    <UnitTestResult executionId="5430616d-e728-40c8-97f0-8455d9336ef5" testId="6447c994-5b95-325f-325b-e1016ffa29e1" testName="IconTooltip_ShouldBeValid_WhenInteractionStateIsAddCamera" computerName="DKSR-EFI-06" duration="00:00:00.0009868" startTime="2024-01-09T15:47:45.9369917+01:00" endTime="2024-01-09T15:47:45.9380912+01:00" testType="13cdc9d9-ddb5-4fa4-a97d-d965ccfc6d4b" outcome="Passed" testListId="8c84fa94-04c1-424b-9868-57a2d4851a1d" relativeResultsDirectory="5430616d-e728-40c8-97f0-8455d9336ef5" />
    <UnitTestResult executionId="7ed72a5d-e6d1-4e35-aceb-7c8335a7d57c" testId="9a94a475-1b0f-e9b3-ba5e-634b89ce686f" testName="HandleGetDeviceData_ShouldReturnNotFoundDeviceData_WhenCalled" computerName="DKSR-EFI-06" duration="00:00:00.0003536" startTime="2024-01-09T15:47:50.9910509+01:00" endTime="2024-01-09T15:47:50.9916560+01:00" testType="13cdc9d9-ddb5-4fa4-a97d-d965ccfc6d4b" outcome="Passed" testListId="8c84fa94-04c1-424b-9868-57a2d4851a1d" relativeResultsDirectory="7ed72a5d-e6d1-4e35-aceb-7c8335a7d57c" />
    <UnitTestResult executionId="99548809-9da7-4f81-8c4b-7521930d52d7" testId="cdf3455a-ff33-49bd-8e27-f8c9df19be38" testName="Related_devices_removed_when_camera_removed" computerName="DKSR-EFI-06" duration="00:00:00.0018813" startTime="2024-01-09T15:48:52.5023791+01:00" endTime="2024-01-09T15:48:52.5043837+01:00" testType="13cdc9d9-ddb5-4fa4-a97d-d965ccfc6d4b" outcome="Passed" testListId="8c84fa94-04c1-424b-9868-57a2d4851a1d" relativeResultsDirectory="99548809-9da7-4f81-8c4b-7521930d52d7" />
    <UnitTestResult executionId="e82ee867-5e66-4855-8241-0fe373998379" testId="ea3dc3ca-b9db-c951-f087-38b03fc1d7df" testName="RemoveItems_SingleMapItem_OneClusterChange" computerName="DKSR-EFI-06" duration="00:00:00.0063136" startTime="2024-01-09T15:48:43.7515024+01:00" endTime="2024-01-09T15:48:43.7579661+01:00" testType="13cdc9d9-ddb5-4fa4-a97d-d965ccfc6d4b" outcome="Passed" testListId="8c84fa94-04c1-424b-9868-57a2d4851a1d" relativeResultsDirectory="e82ee867-5e66-4855-8241-0fe373998379" />
    <UnitTestResult executionId="c909ee77-f74c-4c20-a3bb-59569cadec8c" testId="08e5fbd3-af06-8bc6-9a21-3f68283f610d" testName="Ctor_ShouldThrowException_WhenServerAuthenticationIsUnknown" computerName="DKSR-EFI-06" duration="00:00:00.0181362" startTime="2024-01-09T15:47:43.3208286+01:00" endTime="2024-01-09T15:47:43.3396841+01:00" testType="13cdc9d9-ddb5-4fa4-a97d-d965ccfc6d4b" outcome="Passed" testListId="8c84fa94-04c1-424b-9868-57a2d4851a1d" relativeResultsDirectory="c909ee77-f74c-4c20-a3bb-59569cadec8c" />
    <UnitTestResult executionId="51672660-4388-4b6c-8c82-0e93d32b0e9f" testId="017cc019-8cef-3e6e-38b3-9860b15006c5" testName="ValidateExportName_ShouldReturnFailResult_ExportNameRequired" computerName="DKSR-EFI-06" duration="00:00:00.1304341" startTime="2024-01-09T15:47:51.8383669+01:00" endTime="2024-01-09T15:47:51.9692159+01:00" testType="13cdc9d9-ddb5-4fa4-a97d-d965ccfc6d4b" outcome="Passed" testListId="8c84fa94-04c1-424b-9868-57a2d4851a1d" relativeResultsDirectory="51672660-4388-4b6c-8c82-0e93d32b0e9f" />
    <UnitTestResult executionId="9d606960-290e-495a-a083-d0d65736b679" testId="cc0eb8f4-de0d-0d2a-a312-64bcc8b88edd" testName="OpenStreetMapLayerIsDisabled_ShouldReturnFalse_WhenOpenStreetMapGeographicLayerOptionIsNotAvailableAndOpenStreetMapAlternativeServerIsNotEmpty" computerName="DKSR-EFI-06" duration="00:00:00.0064294" startTime="2024-01-09T15:48:38.7923177+01:00" endTime="2024-01-09T15:48:38.7988954+01:00" testType="13cdc9d9-ddb5-4fa4-a97d-d965ccfc6d4b" outcome="Passed" testListId="8c84fa94-04c1-424b-9868-57a2d4851a1d" relativeResultsDirectory="9d606960-290e-495a-a083-d0d65736b679" />
    <UnitTestResult executionId="a0594521-bfb7-4965-8aad-636a625d6ac5" testId="aa5c4da8-abb1-5dab-502e-bd81c20e341d" testName="TestForAssemblyCoverage" computerName="DKSR-EFI-06" duration="00:00:00.0028664" startTime="2024-01-09T15:47:43.4780922+01:00" endTime="2024-01-09T15:47:43.4812151+01:00" testType="13cdc9d9-ddb5-4fa4-a97d-d965ccfc6d4b" outcome="Passed" testListId="8c84fa94-04c1-424b-9868-57a2d4851a1d" relativeResultsDirectory="a0594521-bfb7-4965-8aad-636a625d6ac5" />
    <UnitTestResult executionId="4d8b6206-67e5-4a57-a609-53b4c5d54d04" testId="958a4635-0d5e-dda4-f61e-9578d9aa3b40" testName="GetLayerVisibilityItemsData_ShouldAddThreeFixedLayersInOrder_WhenThreeNonRelatedMapLayersAreProvided" computerName="DKSR-EFI-06" duration="00:00:00.0828257" startTime="2024-01-09T15:47:45.7706050+01:00" endTime="2024-01-09T15:47:45.8536264+01:00" testType="13cdc9d9-ddb5-4fa4-a97d-d965ccfc6d4b" outcome="Passed" testListId="8c84fa94-04c1-424b-9868-57a2d4851a1d" relativeResultsDirectory="4d8b6206-67e5-4a57-a609-53b4c5d54d04" />
    <UnitTestResult executionId="5bd36cea-b605-4cfa-87b5-ac9fa43d92b8" testId="41b6c041-6264-4714-8517-a042a107be15" testName="ActiveInteractionStateBinding_ShouldNotBeNull_WhenCtorIsCalled" computerName="DKSR-EFI-06" duration="00:00:00.0145997" startTime="2024-01-09T15:47:49.4328508+01:00" endTime="2024-01-09T15:47:49.4502732+01:00" testType="13cdc9d9-ddb5-4fa4-a97d-d965ccfc6d4b" outcome="Passed" testListId="8c84fa94-04c1-424b-9868-57a2d4851a1d" relativeResultsDirectory="5bd36cea-b605-4cfa-87b5-ac9fa43d92b8" />
    <UnitTestResult executionId="a69d7d32-171c-4ff7-b331-0b7c0740af58" testId="6c232766-0173-c070-73ea-ec002545c357" testName="Parse_Yesterday_Success" computerName="DKSR-EFI-06" duration="00:00:00.0001318" startTime="2024-01-09T15:48:26.1124761+01:00" endTime="2024-01-09T15:48:26.1128212+01:00" testType="13cdc9d9-ddb5-4fa4-a97d-d965ccfc6d4b" outcome="Passed" testListId="8c84fa94-04c1-424b-9868-57a2d4851a1d" relativeResultsDirectory="a69d7d32-171c-4ff7-b331-0b7c0740af58" />
    <UnitTestResult executionId="33e1180c-c844-4c72-a2a3-fd5b69633a88" testId="4ac872cb-6eae-9e1a-7612-37a387bb363b" testName="TestUpdateState_InSetup" computerName="DKSR-EFI-06" duration="00:00:00.1237624" startTime="2024-01-09T15:48:45.6798501+01:00" endTime="2024-01-09T15:48:45.8038055+01:00" testType="13cdc9d9-ddb5-4fa4-a97d-d965ccfc6d4b" outcome="Passed" testListId="8c84fa94-04c1-424b-9868-57a2d4851a1d" relativeResultsDirectory="33e1180c-c844-4c72-a2a3-fd5b69633a88" />
    <UnitTestResult executionId="0331788a-34ee-48a3-b44b-e29a9c7c1ddc" testId="7b69f7ac-73d5-55bc-5045-f13549ae846c" testName="Yesterday_Success" computerName="DKSR-EFI-06" duration="00:00:00.0003497" startTime="2024-01-09T15:48:26.1076325+01:00" endTime="2024-01-09T15:48:26.1081041+01:00" testType="13cdc9d9-ddb5-4fa4-a97d-d965ccfc6d4b" outcome="Passed" testListId="8c84fa94-04c1-424b-9868-57a2d4851a1d" relativeResultsDirectory="0331788a-34ee-48a3-b44b-e29a9c7c1ddc" />
    <UnitTestResult executionId="657c1191-92cb-4ed1-a3df-baf7222d5fba" testId="2c45a0c4-a819-6921-a82a-e9167bcfa09d" testName="AddLevel_Success" computerName="DKSR-EFI-06" duration="00:00:00.0343986" startTime="2024-01-09T15:48:42.6572458+01:00" endTime="2024-01-09T15:48:42.6918098+01:00" testType="13cdc9d9-ddb5-4fa4-a97d-d965ccfc6d4b" outcome="Passed" testListId="8c84fa94-04c1-424b-9868-57a2d4851a1d" relativeResultsDirectory="657c1191-92cb-4ed1-a3df-baf7222d5fba" />
    <UnitTestResult executionId="39732cda-4396-47e9-a67d-7d39903522a9" testId="20e8ccab-a0f4-bc81-8521-21ef899c1e27" testName="Map_DeleteLayers_OSM_ImageLayer_Success" computerName="DKSR-EFI-06" duration="00:00:00.0168341" startTime="2024-01-09T15:48:40.4959884+01:00" endTime="2024-01-09T15:48:40.5130064+01:00" testType="13cdc9d9-ddb5-4fa4-a97d-d965ccfc6d4b" outcome="Passed" testListId="8c84fa94-04c1-424b-9868-57a2d4851a1d" relativeResultsDirectory="39732cda-4396-47e9-a67d-7d39903522a9" />
    <UnitTestResult executionId="33c38835-aa8e-4fa2-9888-bc6b63e9438a" testId="30f4ca0f-0cfa-0e61-edff-19f1044181dc" testName="PatrollingProfileViewModelTest_patrollingStepListViewModel_PropertyChanged" computerName="DKSR-EFI-06" duration="00:00:00.0018737" startTime="2024-01-09T15:48:43.9386173+01:00" endTime="2024-01-09T15:48:43.9406620+01:00" testType="13cdc9d9-ddb5-4fa4-a97d-d965ccfc6d4b" outcome="Passed" testListId="8c84fa94-04c1-424b-9868-57a2d4851a1d" relativeResultsDirectory="33c38835-aa8e-4fa2-9888-bc6b63e9438a" />
    <UnitTestResult executionId="6981c393-dd1c-4e50-b101-50bcea10f2ac" testId="903924a4-7ced-4d98-9edf-15f9a7cfa0d7" testName="MapLayer_LoadSave_DataIsSame" computerName="DKSR-EFI-06" duration="00:00:00.0128802" startTime="2024-01-09T15:48:38.6502056+01:00" endTime="2024-01-09T15:48:38.6634015+01:00" testType="13cdc9d9-ddb5-4fa4-a97d-d965ccfc6d4b" outcome="Passed" testListId="8c84fa94-04c1-424b-9868-57a2d4851a1d" relativeResultsDirectory="6981c393-dd1c-4e50-b101-50bcea10f2ac" />
    <UnitTestResult executionId="aedf8e71-f15d-493e-8f48-e02ffc0d4eac" testId="086df0e0-5aad-7a70-c738-24f763045ce7" testName="BuildState_SelectionWithSearchDefinitionIndices_Success" computerName="DKSR-EFI-06" duration="00:00:00.0416705" startTime="2024-01-09T15:47:52.4258797+01:00" endTime="2024-01-09T15:47:52.4677787+01:00" testType="13cdc9d9-ddb5-4fa4-a97d-d965ccfc6d4b" outcome="Passed" testListId="8c84fa94-04c1-424b-9868-57a2d4851a1d" relativeResultsDirectory="aedf8e71-f15d-493e-8f48-e02ffc0d4eac" />
    <UnitTestResult executionId="cc4ced2f-58df-415e-9151-ac93234d3769" testId="3a31272a-a65c-0e34-46f8-f3357cdba23a" testName="IconValueConverter_ConvertInvalidIconSourceFallbackBuiltIn_Success" computerName="DKSR-EFI-06" duration="00:00:00.0016251" startTime="2024-01-09T15:48:10.3173883+01:00" endTime="2024-01-09T15:48:10.3194769+01:00" testType="13cdc9d9-ddb5-4fa4-a97d-d965ccfc6d4b" outcome="Passed" testListId="8c84fa94-04c1-424b-9868-57a2d4851a1d" relativeResultsDirectory="cc4ced2f-58df-415e-9151-ac93234d3769" />
    <UnitTestResult executionId="51a20e47-9c68-4cd0-b46a-86d1bec777f5" testId="4acf2e12-f867-ff67-73aa-be136e127327" testName="IsVisible_OneSelectedResult_ReturnsTrue" computerName="DKSR-EFI-06" duration="00:00:00.0126003" startTime="2024-01-09T15:48:22.5605081+01:00" endTime="2024-01-09T15:48:22.5732934+01:00" testType="13cdc9d9-ddb5-4fa4-a97d-d965ccfc6d4b" outcome="Passed" testListId="8c84fa94-04c1-424b-9868-57a2d4851a1d" relativeResultsDirectory="51a20e47-9c68-4cd0-b46a-86d1bec777f5" />
    <UnitTestResult executionId="4e0b22fd-1a41-442b-ae16-def5046e2fc8" testId="92df0312-a314-f2ad-872b-182bbef5a446" testName="ValidateExportFormats_VideoClipFormat_ShouldValidate" computerName="DKSR-EFI-06" duration="00:00:00.0080342" startTime="2024-01-09T15:47:52.1970535+01:00" endTime="2024-01-09T15:47:52.2052316+01:00" testType="13cdc9d9-ddb5-4fa4-a97d-d965ccfc6d4b" outcome="Passed" testListId="8c84fa94-04c1-424b-9868-57a2d4851a1d" relativeResultsDirectory="4e0b22fd-1a41-442b-ae16-def5046e2fc8" />
    <UnitTestResult executionId="050b5437-07b4-4e36-8bce-68bb7ba1a2e7" testId="535a6c4c-9d95-551a-92bd-bde3b28a38d2" testName="RemoveSelectedCameraCommand_NoCameraSelected_NoChange" computerName="DKSR-EFI-06" duration="00:00:00.0067540" startTime="2024-01-09T15:48:24.7737586+01:00" endTime="2024-01-09T15:48:24.7806818+01:00" testType="13cdc9d9-ddb5-4fa4-a97d-d965ccfc6d4b" outcome="Passed" testListId="8c84fa94-04c1-424b-9868-57a2d4851a1d" relativeResultsDirectory="050b5437-07b4-4e36-8bce-68bb7ba1a2e7" />
    <UnitTestResult executionId="c653b68b-ec06-49ac-a1db-058f51cadfdd" testId="02af0d15-e099-b0e6-50ad-6fe37219924b" testName="AddResults_NoPartialResults_Success" computerName="DKSR-EFI-06" duration="00:00:00.0018383" startTime="2024-01-09T15:48:26.6358916+01:00" endTime="2024-01-09T15:48:26.6378621+01:00" testType="13cdc9d9-ddb5-4fa4-a97d-d965ccfc6d4b" outcome="Passed" testListId="8c84fa94-04c1-424b-9868-57a2d4851a1d" relativeResultsDirectory="c653b68b-ec06-49ac-a1db-058f51cadfdd" />
    <UnitTestResult executionId="0c465b2b-20fc-4679-9385-85ae5d70f74b" testId="2b48bd6d-d40f-68da-88e6-66c25aa42362" testName="OnUnloaded_NoResultControl_DoesNotCrash" computerName="DKSR-EFI-06" duration="00:00:00.0082135" startTime="2024-01-09T15:47:54.6958283+01:00" endTime="2024-01-09T15:47:54.7068455+01:00" testType="13cdc9d9-ddb5-4fa4-a97d-d965ccfc6d4b" outcome="Passed" testListId="8c84fa94-04c1-424b-9868-57a2d4851a1d" relativeResultsDirectory="0c465b2b-20fc-4679-9385-85ae5d70f74b" />
    <UnitTestResult executionId="4ab0057f-e008-47d7-9874-26911111bc79" testId="898a040b-fc5b-2cd2-659c-46113f65fe38" testName="ToDenormalizedDirection_0_25" computerName="DKSR-EFI-06" duration="00:00:00.0000833" startTime="2024-01-09T15:48:38.6321934+01:00" endTime="2024-01-09T15:48:38.6323946+01:00" testType="13cdc9d9-ddb5-4fa4-a97d-d965ccfc6d4b" outcome="Passed" testListId="8c84fa94-04c1-424b-9868-57a2d4851a1d" relativeResultsDirectory="4ab0057f-e008-47d7-9874-26911111bc79" />
    <UnitTestResult executionId="cf3e3a8c-c3ed-4449-825f-d0e34347d7b8" testId="b89a6798-9691-5fa5-5f0c-53d6c5a0e9aa" testName="CompareMilestonePinkTest" computerName="DKSR-EFI-06" duration="00:00:00.0229081" startTime="2024-01-09T15:48:51.3792342+01:00" endTime="2024-01-09T15:48:51.4023448+01:00" testType="13cdc9d9-ddb5-4fa4-a97d-d965ccfc6d4b" outcome="Passed" testListId="8c84fa94-04c1-424b-9868-57a2d4851a1d" relativeResultsDirectory="cf3e3a8c-c3ed-4449-825f-d0e34347d7b8" />
    <UnitTestResult executionId="91f46d7b-8f6e-493e-ae76-e583962f1cb3" testId="72e0aaef-b782-3799-5f94-2f93780a25bc" testName="AssignPanTiltValue_WhenValueIsInsideDeadzone_ShouldReturnCenterValue" computerName="DKSR-EFI-06" duration="00:00:00.0322947" startTime="2024-01-09T15:47:43.5938200+01:00" endTime="2024-01-09T15:47:43.6264002+01:00" testType="13cdc9d9-ddb5-4fa4-a97d-d965ccfc6d4b" outcome="Passed" testListId="8c84fa94-04c1-424b-9868-57a2d4851a1d" relativeResultsDirectory="91f46d7b-8f6e-493e-ae76-e583962f1cb3" />
    <UnitTestResult executionId="e665de3b-4599-4ca2-8fa5-051399322cd3" testId="6c45a0dd-5772-753d-7493-6b1e41606871" testName="NearestPossibleZoomLevel_ShouldReturnZoomLevel19_WhenScaleIsJustBelowZoomLevel19" computerName="DKSR-EFI-06" duration="00:00:00.0006183" startTime="2024-01-09T15:47:47.2601498+01:00" endTime="2024-01-09T15:47:47.2608838+01:00" testType="13cdc9d9-ddb5-4fa4-a97d-d965ccfc6d4b" outcome="Passed" testListId="8c84fa94-04c1-424b-9868-57a2d4851a1d" relativeResultsDirectory="e665de3b-4599-4ca2-8fa5-051399322cd3" />
    <UnitTestResult executionId="03989dc6-b7aa-49d6-b6ae-4e93b96c0dfc" testId="8b769f83-03d1-54d2-bd91-c30ba7e579fb" testName="CreateGeometry_NullPointsCollection_ThrowsArgNullException" computerName="DKSR-EFI-06" duration="00:00:00.0003055" startTime="2024-01-09T15:48:43.7050924+01:00" endTime="2024-01-09T15:48:43.7055611+01:00" testType="13cdc9d9-ddb5-4fa4-a97d-d965ccfc6d4b" outcome="Passed" testListId="8c84fa94-04c1-424b-9868-57a2d4851a1d" relativeResultsDirectory="03989dc6-b7aa-49d6-b6ae-4e93b96c0dfc" />
    <UnitTestResult executionId="4c5263c8-71ff-4dd0-ad09-bcdeba6f4070" testId="e36cf31f-4200-8205-4a12-8df912fdbdf1" testName="ResolveSearchDefinitions_ShouldReturnResultSearchDefinition_WhenSingleSearchResultAndSearchDefinitionsNotContainingCorrectSearchDefinitionsAreGiven" computerName="DKSR-EFI-06" duration="00:00:00.0004502" startTime="2024-01-09T15:48:25.9925278+01:00" endTime="2024-01-09T15:48:25.9933944+01:00" testType="13cdc9d9-ddb5-4fa4-a97d-d965ccfc6d4b" outcome="Passed" testListId="8c84fa94-04c1-424b-9868-57a2d4851a1d" relativeResultsDirectory="4c5263c8-71ff-4dd0-ad09-bcdeba6f4070" />
    <UnitTestResult executionId="985ce1da-8667-4e1b-979f-187f09d5aca4" testId="3215309a-c170-3a90-36e8-c896704e6333" testName="Decorate_ShouldAddChildren_WhenThereAreLayersImplementingITitleToggleableWithItems" computerName="DKSR-EFI-06" duration="00:00:00.0024048" startTime="2024-01-09T15:47:45.9083544+01:00" endTime="2024-01-09T15:47:45.9109177+01:00" testType="13cdc9d9-ddb5-4fa4-a97d-d965ccfc6d4b" outcome="Passed" testListId="8c84fa94-04c1-424b-9868-57a2d4851a1d" relativeResultsDirectory="985ce1da-8667-4e1b-979f-187f09d5aca4" />
    <UnitTestResult executionId="de20287e-f11c-49ab-b4dd-aa970dbfdf9f" testId="455c6da2-80f5-0fe8-cc92-891d7de0d2ac" testName="StartSelection_ShouldClearAnyExistingSelections_WhenNotAddingToExitingSelection" computerName="DKSR-EFI-06" duration="00:00:00.0204147" startTime="2024-01-09T15:47:47.1583686+01:00" endTime="2024-01-09T15:47:47.1816150+01:00" testType="13cdc9d9-ddb5-4fa4-a97d-d965ccfc6d4b" outcome="Passed" testListId="8c84fa94-04c1-424b-9868-57a2d4851a1d" relativeResultsDirectory="de20287e-f11c-49ab-b4dd-aa970dbfdf9f" />
    <UnitTestResult executionId="439819b6-60f5-41fe-bb2e-76e50f8d805c" testId="a4f00ade-c810-bdc2-a419-06f9196522bd" testName="CreateGeometry_FourCornerBuilding_Success" computerName="DKSR-EFI-06" duration="00:00:00.0005420" startTime="2024-01-09T15:48:43.7098706+01:00" endTime="2024-01-09T15:48:43.7105428+01:00" testType="13cdc9d9-ddb5-4fa4-a97d-d965ccfc6d4b" outcome="Passed" testListId="8c84fa94-04c1-424b-9868-57a2d4851a1d" relativeResultsDirectory="439819b6-60f5-41fe-bb2e-76e50f8d805c" />
    <UnitTestResult executionId="39baefe0-5019-4f78-805b-e90f941f5dd8" testId="9b69c053-abc5-671a-966c-e8011ea8926f" testName="Deserialize_ShouldReturnCombineTypeOr_WhenCombineTypeIsOrInXml" computerName="DKSR-EFI-06" duration="00:00:00.0028897" startTime="2024-01-09T15:48:26.5585284+01:00" endTime="2024-01-09T15:48:26.5615740+01:00" testType="13cdc9d9-ddb5-4fa4-a97d-d965ccfc6d4b" outcome="Passed" testListId="8c84fa94-04c1-424b-9868-57a2d4851a1d" relativeResultsDirectory="39baefe0-5019-4f78-805b-e90f941f5dd8" />
    <UnitTestResult executionId="a22d6679-7ab6-4bb6-9eff-09e42ea8f8c9" testId="d87bb820-5df8-b7cb-0dc2-a51e231db935" testName="AndOrSearchDefinitionToCornerRadiusMultiConverter_CallConvert_LastAnd" computerName="DKSR-EFI-06" duration="00:00:00.0006452" startTime="2024-01-09T15:48:10.2742524+01:00" endTime="2024-01-09T15:48:10.2750514+01:00" testType="13cdc9d9-ddb5-4fa4-a97d-d965ccfc6d4b" outcome="Passed" testListId="8c84fa94-04c1-424b-9868-57a2d4851a1d" relativeResultsDirectory="a22d6679-7ab6-4bb6-9eff-09e42ea8f8c9" />
    <UnitTestResult executionId="e306eb53-e185-4694-ab6c-6a6d7bdc7de8" testId="4ccdfeb9-004d-3fe2-5c2e-c79ef1dd5941" testName="CreateCameraListItem_ShouldCreateNotEnabledCamera_WhenEnabledParameterIsFalse" computerName="DKSR-EFI-06" duration="00:00:00.0002721" startTime="2024-01-09T15:48:38.1126766+01:00" endTime="2024-01-09T15:48:38.1131107+01:00" testType="13cdc9d9-ddb5-4fa4-a97d-d965ccfc6d4b" outcome="Passed" testListId="8c84fa94-04c1-424b-9868-57a2d4851a1d" relativeResultsDirectory="e306eb53-e185-4694-ab6c-6a6d7bdc7de8" />
    <UnitTestResult executionId="7bc8feb0-8148-4c01-a549-cc9423eef848" testId="11bc7ddd-0334-e311-f2a7-f381145ec805" testName="CreateGeometry_EmptyPointsCollection_ThrowsArgException" computerName="DKSR-EFI-06" duration="00:00:00.0003520" startTime="2024-01-09T15:48:43.7060044+01:00" endTime="2024-01-09T15:48:43.7065162+01:00" testType="13cdc9d9-ddb5-4fa4-a97d-d965ccfc6d4b" outcome="Passed" testListId="8c84fa94-04c1-424b-9868-57a2d4851a1d" relativeResultsDirectory="7bc8feb0-8148-4c01-a549-cc9423eef848" />
    <UnitTestResult executionId="fa7dc3b1-3094-4969-b74e-baeb5a66ea3a" testId="86e972ed-14c6-3ad2-ddf5-8b4f957f0006" testName="CreateDetailsViewControl_ValidSearchResult_Success" computerName="DKSR-EFI-06" duration="00:00:00.7002078" startTime="2024-01-09T15:48:00.3699807+01:00" endTime="2024-01-09T15:48:01.0733594+01:00" testType="13cdc9d9-ddb5-4fa4-a97d-d965ccfc6d4b" outcome="Passed" testListId="8c84fa94-04c1-424b-9868-57a2d4851a1d" relativeResultsDirectory="fa7dc3b1-3094-4969-b74e-baeb5a66ea3a" />
    <UnitTestResult executionId="85049e4a-700e-45cc-8f1a-9dd651b0791e" testId="4e8d1cbd-b8ef-6778-0ee2-4c64d9b96b59" testName="MakeId_ShouldGenerateSameId_WhenDefinitionsChangeOrderButResultsAreSame" computerName="DKSR-EFI-06" duration="00:00:00.0002805" startTime="2024-01-09T15:48:26.7246658+01:00" endTime="2024-01-09T15:48:26.7250737+01:00" testType="13cdc9d9-ddb5-4fa4-a97d-d965ccfc6d4b" outcome="Passed" testListId="8c84fa94-04c1-424b-9868-57a2d4851a1d" relativeResultsDirectory="85049e4a-700e-45cc-8f1a-9dd651b0791e" />
    <UnitTestResult executionId="c3e24474-09f6-4d05-8d4d-55ce3f34c95c" testId="8ccd7a8f-ef67-0ae3-b153-d3f9ffe8fcc3" testName="SmartMapGoToAreaHandler_WhenDataIsValid_ShouldCallNavigateTo" computerName="DKSR-EFI-06" duration="00:00:00.0029850" startTime="2024-01-09T15:47:49.6966190+01:00" endTime="2024-01-09T15:47:49.6997160+01:00" testType="13cdc9d9-ddb5-4fa4-a97d-d965ccfc6d4b" outcome="Passed" testListId="8c84fa94-04c1-424b-9868-57a2d4851a1d" relativeResultsDirectory="c3e24474-09f6-4d05-8d4d-55ce3f34c95c" />
    <UnitTestResult executionId="b72d5c23-6142-4ea6-9447-a7edf97a3af3" testId="81b361c4-c965-939e-7e57-636c62f4161d" testName="DeleteLevel_WhereLevelsHasBeenRenumbered_Success" computerName="DKSR-EFI-06" duration="00:00:00.0394470" startTime="2024-01-09T15:48:42.8267515+01:00" endTime="2024-01-09T15:48:42.8663862+01:00" testType="13cdc9d9-ddb5-4fa4-a97d-d965ccfc6d4b" outcome="Passed" testListId="8c84fa94-04c1-424b-9868-57a2d4851a1d" relativeResultsDirectory="b72d5c23-6142-4ea6-9447-a7edf97a3af3">
      <Output>
        <StdOut>Debug Trace:&#xD;
 &gt;&gt;&gt; ERROR: System.NullReferenceException: Object reference not set to an instance of an object.&#xD;
   at VideoOS.RemoteClient.GisMapData.MapBuildings.MapLevel.LoadLayersAsync(UIContext context) in D:\actions-runner\_work\XPCO\XPCO\SC\Components\dotNet\VideoOS.RemoteClient.GisMapData\MapBuildings\MapLevel.cs:line 283&#xD;
 &gt;&gt;&gt; Stack:    at VideoOS.RemoteClient.GisMapData.MapBuildings.MapLevel.LoadLayersAsync(UIContext context) in D:\actions-runner\_work\XPCO\XPCO\SC\Components\dotNet\VideoOS.RemoteClient.GisMapData\MapBuildings\MapLevel.cs:line 283&#xD;
 &gt;&gt;&gt; ERROR: System.NullReferenceException: Object reference not set to an instance of an object.&#xD;
   at VideoOS.RemoteClient.GisMapData.MapBuildings.MapLevel.LoadLayersAsync(UIContext context) in D:\actions-runner\_work\XPCO\XPCO\SC\Components\dotNet\VideoOS.RemoteClient.GisMapData\MapBuildings\MapLevel.cs:line 283&#xD;
 &gt;&gt;&gt; Stack:    at VideoOS.RemoteClient.GisMapData.MapBuildings.MapLevel.LoadLayersAsync(UIContext context) in D:\actions-runner\_work\XPCO\XPCO\SC\Components\dotNet\VideoOS.RemoteClient.GisMapData\MapBuildings\MapLevel.cs:line 283&#xD;
 &gt;&gt;&gt; ERROR: System.NullReferenceException: Object reference not set to an instance of an object.&#xD;
   at VideoOS.RemoteClient.GisMapData.MapBuildings.MapLevel.LoadLayersAsync(UIContext context) in D:\actions-runner\_work\XPCO\XPCO\SC\Components\dotNet\VideoOS.RemoteClient.GisMapData\MapBuildings\MapLevel.cs:line 283&#xD;
 &gt;&gt;&gt; Stack:    at VideoOS.RemoteClient.GisMapData.MapBuildings.MapLevel.LoadLayersAsync(UIContext context) in D:\actions-runner\_work\XPCO\XPCO\SC\Components\dotNet\VideoOS.RemoteClient.GisMapData\MapBuildings\MapLevel.cs:line 283</StdOut>
      </Output>
    </UnitTestResult>
    <UnitTestResult executionId="4c4434ef-5b79-4a72-9d78-9825e3f5694a" testId="3b4fccf6-70be-2d9b-f5f2-d6283b7fde7b" testName="CreateGeometry_OnePointsCollection_ThrowsArgException" computerName="DKSR-EFI-06" duration="00:00:00.0015112" startTime="2024-01-09T15:48:43.7069572+01:00" endTime="2024-01-09T15:48:43.7086011+01:00" testType="13cdc9d9-ddb5-4fa4-a97d-d965ccfc6d4b" outcome="Passed" testListId="8c84fa94-04c1-424b-9868-57a2d4851a1d" relativeResultsDirectory="4c4434ef-5b79-4a72-9d78-9825e3f5694a" />
    <UnitTestResult executionId="a7684024-0325-4cad-a4e4-6522694e6588" testId="6bb54fbb-dfac-5d0a-56dc-de94512d7ee7" testName="ToUnsafeName_DifferentSeperator_Success" computerName="DKSR-EFI-06" duration="00:00:00.0001319" startTime="2024-01-09T15:48:51.6665789+01:00" endTime="2024-01-09T15:48:51.6668461+01:00" testType="13cdc9d9-ddb5-4fa4-a97d-d965ccfc6d4b" outcome="Passed" testListId="8c84fa94-04c1-424b-9868-57a2d4851a1d" relativeResultsDirectory="a7684024-0325-4cad-a4e4-6522694e6588" />
    <UnitTestResult executionId="8304aaac-e7c9-4498-897c-cd82f16404f0" testId="85b176e4-fb59-5c82-65b9-233680a9d61b" testName="PopulateTooltip_ManyResultsFromManyCameras24Hours_ValidText" computerName="DKSR-EFI-06" duration="00:00:01.2519388" startTime="2024-01-09T15:48:20.8390802+01:00" endTime="2024-01-09T15:48:22.0940453+01:00" testType="13cdc9d9-ddb5-4fa4-a97d-d965ccfc6d4b" outcome="Passed" testListId="8c84fa94-04c1-424b-9868-57a2d4851a1d" relativeResultsDirectory="8304aaac-e7c9-4498-897c-cd82f16404f0" />
    <UnitTestResult executionId="d679877a-7e91-4501-8133-2aa57198fdfd" testId="b228f7b3-2a35-5ed1-38ba-c95d5b6752e4" testName="FocusedSearchResultChanged_CameraOnMap_CameraMapLevelFeaturesSavedAndRestored" computerName="DKSR-EFI-06" duration="00:00:00.0141304" startTime="2024-01-09T15:48:22.1749866+01:00" endTime="2024-01-09T15:48:22.1919168+01:00" testType="13cdc9d9-ddb5-4fa4-a97d-d965ccfc6d4b" outcome="Passed" testListId="8c84fa94-04c1-424b-9868-57a2d4851a1d" relativeResultsDirectory="d679877a-7e91-4501-8133-2aa57198fdfd" />
    <UnitTestResult executionId="40c93660-9581-4fb7-9edc-5e5035e4106f" testId="3dff5113-fbc5-85c4-6443-3894194c92b8" testName="AddSelectedCameras_ValidCamera_CameraAdded" computerName="DKSR-EFI-06" duration="00:00:00.0196688" startTime="2024-01-09T15:48:23.9214485+01:00" endTime="2024-01-09T15:48:23.9413040+01:00" testType="13cdc9d9-ddb5-4fa4-a97d-d965ccfc6d4b" outcome="Passed" testListId="8c84fa94-04c1-424b-9868-57a2d4851a1d" relativeResultsDirectory="40c93660-9581-4fb7-9edc-5e5035e4106f" />
    <UnitTestResult executionId="660cb978-efee-4a3c-96a0-0113b982f217" testId="80e1e452-82cf-b088-db40-d28f7d32c62d" testName="Export when Other" computerName="DKSR-EFI-06" duration="00:00:00.0167140" startTime="2024-01-09T15:48:44.4031801+01:00" endTime="2024-01-09T15:48:44.6194645+01:00" testType="13cdc9d9-ddb5-4fa4-a97d-d965ccfc6d4b" outcome="Passed" testListId="8c84fa94-04c1-424b-9868-57a2d4851a1d" relativeResultsDirectory="660cb978-efee-4a3c-96a0-0113b982f217" />
    <UnitTestResult executionId="ee908246-8990-434a-a38d-94dfec57f01d" testId="7d900372-2011-73f8-033d-c6e57807e942" testName="Search_SearchResultReceived_EventFired" computerName="DKSR-EFI-06" duration="00:00:00.0331754" startTime="2024-01-09T15:48:37.4010884+01:00" endTime="2024-01-09T15:48:37.4344157+01:00" testType="13cdc9d9-ddb5-4fa4-a97d-d965ccfc6d4b" outcome="Passed" testListId="8c84fa94-04c1-424b-9868-57a2d4851a1d" relativeResultsDirectory="ee908246-8990-434a-a38d-94dfec57f01d" />
    <UnitTestResult executionId="70274616-a7ee-425e-afa2-0f21b58f58dd" testId="1326eca0-5707-a15c-4eaf-c5b6ab9d34ec" testName="OutputMapItem_ForceActivateAsync_InBuilding_MapLevelsNotLoaded_Success" computerName="DKSR-EFI-06" duration="00:00:00.0105353" startTime="2024-01-09T15:48:41.7286108+01:00" endTime="2024-01-09T15:48:41.7393290+01:00" testType="13cdc9d9-ddb5-4fa4-a97d-d965ccfc6d4b" outcome="Passed" testListId="8c84fa94-04c1-424b-9868-57a2d4851a1d" relativeResultsDirectory="70274616-a7ee-425e-afa2-0f21b58f58dd" />
    <UnitTestResult executionId="96619c60-149b-46af-a2f1-a38ce2b4d756" testId="7899bcea-7118-cfa0-aa3f-14444c7eb8ac" testName="DoubleClickOnPreviewPlayer_ShouldOpenDetailsViewWithAnimation_WhenFocusedItemIsNotNullAndAnimationsAreEnabled" computerName="DKSR-EFI-06" duration="00:00:00.9469472" startTime="2024-01-09T15:48:08.3618634+01:00" endTime="2024-01-09T15:48:09.3120664+01:00" testType="13cdc9d9-ddb5-4fa4-a97d-d965ccfc6d4b" outcome="Passed" testListId="8c84fa94-04c1-424b-9868-57a2d4851a1d" relativeResultsDirectory="96619c60-149b-46af-a2f1-a38ce2b4d756" />
    <UnitTestResult executionId="87514820-3b4e-4617-8ee4-efe8e5671135" testId="71d3bf04-2f4b-0825-76a5-fe6f8626ce91" testName="RaiseUpdateUnmutedMicrophonesAsync_ShouldUnmutedMicrophones_WhenEventIsRaised" computerName="DKSR-EFI-06" duration="00:00:00.0139436" startTime="2024-01-09T15:48:39.9457750+01:00" endTime="2024-01-09T15:48:39.9598844+01:00" testType="13cdc9d9-ddb5-4fa4-a97d-d965ccfc6d4b" outcome="Passed" testListId="8c84fa94-04c1-424b-9868-57a2d4851a1d" relativeResultsDirectory="87514820-3b4e-4617-8ee4-efe8e5671135" />
    <UnitTestResult executionId="5580567a-00e3-4134-b725-cf8c5619fb19" testId="923f1aa7-880c-4c72-8f5e-a07409280a9b" testName="GisMap_Create_MembersInitializedOK" computerName="DKSR-EFI-06" duration="00:00:00.0065027" startTime="2024-01-09T15:48:39.9759375+01:00" endTime="2024-01-09T15:48:39.9827430+01:00" testType="13cdc9d9-ddb5-4fa4-a97d-d965ccfc6d4b" outcome="Passed" testListId="8c84fa94-04c1-424b-9868-57a2d4851a1d" relativeResultsDirectory="5580567a-00e3-4134-b725-cf8c5619fb19" />
    <UnitTestResult executionId="f35b922c-aff2-4e06-8e57-6831d2f91db8" testId="54665edf-a1f2-e9fe-2f83-fd5f97c5627f" testName="WorkspaceChangedEvent_ShouldSetLayerDeviceVisibilityItemDataCached_WhenEnteringIntoSetupMode" computerName="DKSR-EFI-06" duration="00:00:00.0087787" startTime="2024-01-09T15:47:45.8882209+01:00" endTime="2024-01-09T15:47:45.8971382+01:00" testType="13cdc9d9-ddb5-4fa4-a97d-d965ccfc6d4b" outcome="Passed" testListId="8c84fa94-04c1-424b-9868-57a2d4851a1d" relativeResultsDirectory="f35b922c-aff2-4e06-8e57-6831d2f91db8" />
    <UnitTestResult executionId="9c7dc312-c610-4c63-9e90-3cb220cedc4e" testId="e0e4a25c-da24-71c2-6a4d-30260f82e840" testName="PtzSessionController_Stop_Test" computerName="DKSR-EFI-06" duration="00:00:00.0006552" startTime="2024-01-09T15:47:43.1791425+01:00" endTime="2024-01-09T15:47:43.1799143+01:00" testType="13cdc9d9-ddb5-4fa4-a97d-d965ccfc6d4b" outcome="Passed" testListId="8c84fa94-04c1-424b-9868-57a2d4851a1d" relativeResultsDirectory="9c7dc312-c610-4c63-9e90-3cb220cedc4e" />
    <UnitTestResult executionId="16d7bd6a-5925-4beb-97b8-bef98b9601dd" testId="24aad481-07c1-3aaa-142a-c2bdd14112ca" testName="IconValueConverter_ConvertBack_Fail" computerName="DKSR-EFI-06" duration="00:00:00.0009566" startTime="2024-01-09T15:48:10.3202871+01:00" endTime="2024-01-09T15:48:10.3215255+01:00" testType="13cdc9d9-ddb5-4fa4-a97d-d965ccfc6d4b" outcome="Passed" testListId="8c84fa94-04c1-424b-9868-57a2d4851a1d" relativeResultsDirectory="16d7bd6a-5925-4beb-97b8-bef98b9601dd" />
    <UnitTestResult executionId="387a0bc4-9e07-41e2-948b-a08175aaca04" testId="2baa9530-1f3b-08c8-d90b-9f25fb854e03" testName="State_ShouldUpdateMicrophoneIconImage_WhenSetToMute" computerName="DKSR-EFI-06" duration="00:00:00.0103983" startTime="2024-01-09T15:48:42.0585445+01:00" endTime="2024-01-09T15:48:42.0715218+01:00" testType="13cdc9d9-ddb5-4fa4-a97d-d965ccfc6d4b" outcome="Passed" testListId="8c84fa94-04c1-424b-9868-57a2d4851a1d" relativeResultsDirectory="387a0bc4-9e07-41e2-948b-a08175aaca04" />
    <UnitTestResult executionId="5ba051f8-1eac-4c4c-8ea8-0b6e6343edd9" testId="326c0813-dde1-1e08-607c-dc55537bd92d" testName="Deserialize_CustomScopeDurationAndFromToValues_ToAndFromValuesUsed" computerName="DKSR-EFI-06" duration="00:00:00.0033549" startTime="2024-01-09T15:48:26.5748668+01:00" endTime="2024-01-09T15:48:26.5783709+01:00" testType="13cdc9d9-ddb5-4fa4-a97d-d965ccfc6d4b" outcome="Passed" testListId="8c84fa94-04c1-424b-9868-57a2d4851a1d" relativeResultsDirectory="5ba051f8-1eac-4c4c-8ea8-0b6e6343edd9" />
    <UnitTestResult executionId="48f675c1-c432-451a-afc3-d08d5c45de80" testId="cb87cf1a-c232-cb4e-8509-02ba48adec73" testName="UpdateScope_ItemsChangedWithNullScopeDuration_ReturnsTrue" computerName="DKSR-EFI-06" duration="00:00:00.0001528" startTime="2024-01-09T15:48:26.6661778+01:00" endTime="2024-01-09T15:48:26.6664533+01:00" testType="13cdc9d9-ddb5-4fa4-a97d-d965ccfc6d4b" outcome="Passed" testListId="8c84fa94-04c1-424b-9868-57a2d4851a1d" relativeResultsDirectory="48f675c1-c432-451a-afc3-d08d5c45de80" />
    <UnitTestResult executionId="176c6e5c-6f9f-451b-90d0-78f477fabbf8" testId="2ebfe8ce-3c37-b151-62ae-982463586759" testName="Constructor_ShouldThrowAnException_WhenWorkroomIsNull" computerName="DKSR-EFI-06" duration="00:00:00.0141125" startTime="2024-01-09T15:48:44.3862394+01:00" endTime="2024-01-09T15:48:44.4006829+01:00" testType="13cdc9d9-ddb5-4fa4-a97d-d965ccfc6d4b" outcome="Passed" testListId="8c84fa94-04c1-424b-9868-57a2d4851a1d" relativeResultsDirectory="176c6e5c-6f9f-451b-90d0-78f477fabbf8" />
    <UnitTestResult executionId="488001fb-0523-4241-863c-c5f66ddd19bc" testId="c3f29bf2-4c11-11c6-eb66-4e32acc46d8c" testName="MainScopeTitleMaxWidthConverter_ProvideValueSuccess" computerName="DKSR-EFI-06" duration="00:00:00.0008707" startTime="2024-01-09T15:48:10.3224968+01:00" endTime="2024-01-09T15:48:10.3237944+01:00" testType="13cdc9d9-ddb5-4fa4-a97d-d965ccfc6d4b" outcome="Passed" testListId="8c84fa94-04c1-424b-9868-57a2d4851a1d" relativeResultsDirectory="488001fb-0523-4241-863c-c5f66ddd19bc" />
    <UnitTestResult executionId="dde9e99e-cea7-47bf-aa4c-ee97d864de3d" testId="bebeb62d-71fa-2720-42c0-f4320951d2ce" testName="SmartMapGoToPositionHandler_WhenLatitudeIsInvalid_ShouldWriteToLog" computerName="DKSR-EFI-06" duration="00:00:00.0013508" startTime="2024-01-09T15:47:49.6829489+01:00" endTime="2024-01-09T15:47:49.6844040+01:00" testType="13cdc9d9-ddb5-4fa4-a97d-d965ccfc6d4b" outcome="Passed" testListId="8c84fa94-04c1-424b-9868-57a2d4851a1d" relativeResultsDirectory="dde9e99e-cea7-47bf-aa4c-ee97d864de3d" />
    <UnitTestResult executionId="d1243c8e-7b9b-4c34-95b9-acf997e21d3c" testId="67ee2264-2350-9541-5091-2e559be75dbe" testName="TestProperties_Name_Success" computerName="DKSR-EFI-06" duration="00:00:00.0058160" startTime="2024-01-09T15:48:42.6438632+01:00" endTime="2024-01-09T15:48:42.6498264+01:00" testType="13cdc9d9-ddb5-4fa4-a97d-d965ccfc6d4b" outcome="Passed" testListId="8c84fa94-04c1-424b-9868-57a2d4851a1d" relativeResultsDirectory="d1243c8e-7b9b-4c34-95b9-acf997e21d3c" />
    <UnitTestResult executionId="b0f0a8f5-ceba-4c2a-8d95-28669f60255e" testId="83e5fe5b-931d-f217-a151-96bc1abdc89d" testName="Dispose_ActiveSearchResults_DefinitionsCancelled" computerName="DKSR-EFI-06" duration="00:00:00.0049169" startTime="2024-01-09T15:48:26.4568393+01:00" endTime="2024-01-09T15:48:26.4618921+01:00" testType="13cdc9d9-ddb5-4fa4-a97d-d965ccfc6d4b" outcome="Passed" testListId="8c84fa94-04c1-424b-9868-57a2d4851a1d" relativeResultsDirectory="b0f0a8f5-ceba-4c2a-8d95-28669f60255e" />
    <UnitTestResult executionId="226d390d-6839-4c76-8170-45c2fec67250" testId="8baf1177-ddd8-e709-9da7-68dded36199a" testName="IconTooltip_ShouldBeValid_WhenInteractionStateIsAddOutput" computerName="DKSR-EFI-06" duration="00:00:00.0003362" startTime="2024-01-09T15:47:45.9511625+01:00" endTime="2024-01-09T15:47:45.9516648+01:00" testType="13cdc9d9-ddb5-4fa4-a97d-d965ccfc6d4b" outcome="Passed" testListId="8c84fa94-04c1-424b-9868-57a2d4851a1d" relativeResultsDirectory="226d390d-6839-4c76-8170-45c2fec67250" />
    <UnitTestResult executionId="59c83d42-69ca-4952-a51e-33244b196d8a" testId="a6e357f5-5043-640f-dc7b-7f6d8536f9c8" testName="PtzSessionController_Constructor_ArgumentNull_PtzSessionInfoCommunication_Test" computerName="DKSR-EFI-06" duration="00:00:00.0003464" startTime="2024-01-09T15:47:43.0398686+01:00" endTime="2024-01-09T15:47:43.0404312+01:00" testType="13cdc9d9-ddb5-4fa4-a97d-d965ccfc6d4b" outcome="Passed" testListId="8c84fa94-04c1-424b-9868-57a2d4851a1d" relativeResultsDirectory="59c83d42-69ca-4952-a51e-33244b196d8a" />
    <UnitTestResult executionId="e70cace7-4782-4a83-984f-ef7e9cb89a38" testId="57d998ab-72e0-6699-7a67-4312514fd442" testName="ToTimeScope_YesterdayInTransitionToDST_Success" computerName="DKSR-EFI-06" duration="00:00:00.0009267" startTime="2024-01-09T15:48:26.1228120+01:00" endTime="2024-01-09T15:48:26.1238798+01:00" testType="13cdc9d9-ddb5-4fa4-a97d-d965ccfc6d4b" outcome="Passed" testListId="8c84fa94-04c1-424b-9868-57a2d4851a1d" relativeResultsDirectory="e70cace7-4782-4a83-984f-ef7e9cb89a38" />
    <UnitTestResult executionId="7168d351-3353-45b3-a969-7cb4b6c36b48" testId="f144e82e-b1a8-81fa-ae3f-f634d720ce68" testName="ShowAccessControlSystems_ShouldReturnTrue_WhenTwoACSystemsOnlyOneSupportingCardholdersAvailable" computerName="DKSR-EFI-06" duration="00:00:00.0033116" startTime="2024-01-09T15:48:52.8400995+01:00" endTime="2024-01-09T15:48:52.8436098+01:00" testType="13cdc9d9-ddb5-4fa4-a97d-d965ccfc6d4b" outcome="Passed" testListId="8c84fa94-04c1-424b-9868-57a2d4851a1d" relativeResultsDirectory="7168d351-3353-45b3-a969-7cb4b6c36b48" />
    <UnitTestResult executionId="fdf7d299-1156-4536-9abe-d6761511a116" testId="a463440b-2916-b6c4-8a71-e3deeca8173f" testName="TestInitializeWorkrooms_OnlySearchWorkroom_Success" computerName="DKSR-EFI-06" duration="00:00:00.0121559" startTime="2024-01-09T15:47:42.9760647+01:00" endTime="2024-01-09T15:47:42.9883876+01:00" testType="13cdc9d9-ddb5-4fa4-a97d-d965ccfc6d4b" outcome="Passed" testListId="8c84fa94-04c1-424b-9868-57a2d4851a1d" relativeResultsDirectory="fdf7d299-1156-4536-9abe-d6761511a116" />
    <UnitTestResult executionId="bf01b5ce-5e24-41ff-9962-106bafc04220" testId="77538764-96ab-d361-cc57-e43d65dc3ccd" testName="Tooltip_ShouldShowMicrophoneName_WhenMicrophoneIsDisabled" computerName="DKSR-EFI-06" duration="00:00:00.0295805" startTime="2024-01-09T15:47:48.6298877+01:00" endTime="2024-01-09T15:47:48.6620135+01:00" testType="13cdc9d9-ddb5-4fa4-a97d-d965ccfc6d4b" outcome="Passed" testListId="8c84fa94-04c1-424b-9868-57a2d4851a1d" relativeResultsDirectory="bf01b5ce-5e24-41ff-9962-106bafc04220" />
    <UnitTestResult executionId="f42b8fb5-b8cb-4e42-9316-1c6f378c5b85" testId="3ff6b5d8-f141-7a2b-08b3-b0a5923ed411" testName="ActiveInteractionStateBinding_ShouldOnlyContainNormalAndNewDevice_WhenCtorIsCalled" computerName="DKSR-EFI-06" duration="00:00:00.0220668" startTime="2024-01-09T15:47:48.7534185+01:00" endTime="2024-01-09T15:47:48.7782787+01:00" testType="13cdc9d9-ddb5-4fa4-a97d-d965ccfc6d4b" outcome="Passed" testListId="8c84fa94-04c1-424b-9868-57a2d4851a1d" relativeResultsDirectory="f42b8fb5-b8cb-4e42-9316-1c6f378c5b85" />
    <UnitTestResult executionId="00fb9f5a-c54b-4a98-a219-d94dd061d435" testId="9dc38d44-5d89-36d6-7b22-483d30b44b5f" testName="DefaultConstructor_Success" computerName="DKSR-EFI-06" duration="00:00:00.0121833" startTime="2024-01-09T15:48:38.1422014+01:00" endTime="2024-01-09T15:48:38.1546567+01:00" testType="13cdc9d9-ddb5-4fa4-a97d-d965ccfc6d4b" outcome="Passed" testListId="8c84fa94-04c1-424b-9868-57a2d4851a1d" relativeResultsDirectory="00fb9f5a-c54b-4a98-a219-d94dd061d435" />
    <UnitTestResult executionId="e1c1aaa7-85d2-461a-bf28-cdcfba9938ac" testId="df09f867-7de1-e38f-53d1-73f889393669" testName="IsServer_ShouldReturnTrue_WhenSingleServerGroupSelected" computerName="DKSR-EFI-06" duration="00:00:00.0002472" startTime="2024-01-09T15:48:46.9913860+01:00" endTime="2024-01-09T15:48:46.9917646+01:00" testType="13cdc9d9-ddb5-4fa4-a97d-d965ccfc6d4b" outcome="Passed" testListId="8c84fa94-04c1-424b-9868-57a2d4851a1d" relativeResultsDirectory="e1c1aaa7-85d2-461a-bf28-cdcfba9938ac" />
    <UnitTestResult executionId="e0968062-5721-469c-8cd2-b0b84e8faea7" testId="7ce02435-55dc-be77-8a7d-085f35894996" testName="PatrollingPresetViewModel_Constructor_1_Success" computerName="DKSR-EFI-06" duration="00:00:00.0005037" startTime="2024-01-09T15:48:43.7845312+01:00" endTime="2024-01-09T15:48:43.7852404+01:00" testType="13cdc9d9-ddb5-4fa4-a97d-d965ccfc6d4b" outcome="Passed" testListId="8c84fa94-04c1-424b-9868-57a2d4851a1d" relativeResultsDirectory="e0968062-5721-469c-8cd2-b0b84e8faea7" />
    <UnitTestResult executionId="9e2c9311-b2bc-4ea5-9283-d69c45f47fd8" testId="7c80c5ff-8206-70cb-2a46-eb970cd4a208" testName="GetUtcToday_DifferentTimeZoneDst_Success" computerName="DKSR-EFI-06" duration="00:00:00.0007175" startTime="2024-01-09T15:48:25.9247505+01:00" endTime="2024-01-09T15:48:25.9256597+01:00" testType="13cdc9d9-ddb5-4fa4-a97d-d965ccfc6d4b" outcome="Passed" testListId="8c84fa94-04c1-424b-9868-57a2d4851a1d" relativeResultsDirectory="9e2c9311-b2bc-4ea5-9283-d69c45f47fd8" />
    <UnitTestResult executionId="e501bcbc-bdc8-4a45-98cc-a9179f6776ec" testId="ca54778c-c4c5-e9c4-6078-1f6eb9837f98" testName="UpdateItemState_Enabled_AllTrue" computerName="DKSR-EFI-06" duration="00:00:00.0290462" startTime="2024-01-09T15:48:49.5840164+01:00" endTime="2024-01-09T15:48:49.6133759+01:00" testType="13cdc9d9-ddb5-4fa4-a97d-d965ccfc6d4b" outcome="Passed" testListId="8c84fa94-04c1-424b-9868-57a2d4851a1d" relativeResultsDirectory="e501bcbc-bdc8-4a45-98cc-a9179f6776ec" />
    <UnitTestResult executionId="a85bf7dc-e029-46b1-a302-7881917df434" testId="49c08253-b1e4-f17b-bbba-a7e45be6cbd0" testName="ToUnsafeName_NullName_Failure" computerName="DKSR-EFI-06" duration="00:00:00.0006472" startTime="2024-01-09T15:48:51.6609850+01:00" endTime="2024-01-09T15:48:51.6618114+01:00" testType="13cdc9d9-ddb5-4fa4-a97d-d965ccfc6d4b" outcome="Passed" testListId="8c84fa94-04c1-424b-9868-57a2d4851a1d" relativeResultsDirectory="a85bf7dc-e029-46b1-a302-7881917df434" />
    <UnitTestResult executionId="8bc78cb1-d7f5-4831-8ede-d5bfda004565" testId="dae60964-6fd2-ce46-6ae5-e5c61041a0e8" testName="Problem_Repro" computerName="DKSR-EFI-06" duration="00:00:00.1058287" startTime="2024-01-09T15:48:52.2784450+01:00" endTime="2024-01-09T15:48:52.3888602+01:00" testType="13cdc9d9-ddb5-4fa4-a97d-d965ccfc6d4b" outcome="Passed" testListId="8c84fa94-04c1-424b-9868-57a2d4851a1d" relativeResultsDirectory="8bc78cb1-d7f5-4831-8ede-d5bfda004565" />
    <UnitTestResult executionId="a6026351-4ab4-4bcf-b655-e9e654e354e0" testId="8005e8bb-64fd-8f7e-b8b0-c5f3354ecb07" testName="DateToStringConverter_SingleConvertValidInput_Success" computerName="DKSR-EFI-06" duration="00:00:00.0006786" startTime="2024-01-09T15:48:10.2948622+01:00" endTime="2024-01-09T15:48:10.2956924+01:00" testType="13cdc9d9-ddb5-4fa4-a97d-d965ccfc6d4b" outcome="Passed" testListId="8c84fa94-04c1-424b-9868-57a2d4851a1d" relativeResultsDirectory="a6026351-4ab4-4bcf-b655-e9e654e354e0" />
    <UnitTestResult executionId="a0e3c75a-721c-4355-b42d-da99681aa153" testId="d8c85228-fbef-6713-8b24-27f4eac58477" testName="AddMapLayer_CheckPersistedDatagramUpdated_And_RolledbackOnEnterSetupMode_Success" computerName="DKSR-EFI-06" duration="00:00:00.0214374" startTime="2024-01-09T15:48:40.5571201+01:00" endTime="2024-01-09T15:48:40.5787384+01:00" testType="13cdc9d9-ddb5-4fa4-a97d-d965ccfc6d4b" outcome="Passed" testListId="8c84fa94-04c1-424b-9868-57a2d4851a1d" relativeResultsDirectory="a0e3c75a-721c-4355-b42d-da99681aa153" />
    <UnitTestResult executionId="ffa6d99f-4d4d-4473-9e46-01fbe1e463da" testId="2978490b-f335-bd98-3d44-ea762b2e8674" testName="CalculateNewExtent_ShouldLimitExtent_WhenBeyondMaxOnUpperLeftEdge" computerName="DKSR-EFI-06" duration="00:00:00.0003116" startTime="2024-01-09T15:47:49.8700715+01:00" endTime="2024-01-09T15:47:49.8705052+01:00" testType="13cdc9d9-ddb5-4fa4-a97d-d965ccfc6d4b" outcome="Passed" testListId="8c84fa94-04c1-424b-9868-57a2d4851a1d" relativeResultsDirectory="ffa6d99f-4d4d-4473-9e46-01fbe1e463da" />
    <UnitTestResult executionId="f0a8671b-4fd2-406e-a07b-a2d51f88e5a8" testId="ff572efe-33da-3147-c10c-1641937b78fe" testName="TestHasCapapability_DoesNotHave_Success" computerName="DKSR-EFI-06" duration="00:00:00.0001292" startTime="2024-01-09T15:48:43.1516529+01:00" endTime="2024-01-09T15:48:43.1519023+01:00" testType="13cdc9d9-ddb5-4fa4-a97d-d965ccfc6d4b" outcome="Passed" testListId="8c84fa94-04c1-424b-9868-57a2d4851a1d" relativeResultsDirectory="f0a8671b-4fd2-406e-a07b-a2d51f88e5a8" />
    <UnitTestResult executionId="ab4d9ed2-8014-459f-abc6-a284047499fc" testId="81128042-c745-b3dd-d6e9-cc3789c8a026" testName="TestConstructor_viewSelectionSetterIsNull_FailWithArgumentNullException" computerName="DKSR-EFI-06" duration="00:00:00.0057881" startTime="2024-01-09T15:47:41.7476547+01:00" endTime="2024-01-09T15:47:41.7537142+01:00" testType="13cdc9d9-ddb5-4fa4-a97d-d965ccfc6d4b" outcome="Passed" testListId="8c84fa94-04c1-424b-9868-57a2d4851a1d" relativeResultsDirectory="ab4d9ed2-8014-459f-abc6-a284047499fc" />
    <UnitTestResult executionId="aa30d6a0-bf29-4753-bca7-a81184eed33d" testId="bd4280d2-c5d6-9ce8-8082-e33833fcfdb0" testName="ToSafeName_SingleUnsafeName_Success" computerName="DKSR-EFI-06" duration="00:00:00.0000985" startTime="2024-01-09T15:48:51.6563422+01:00" endTime="2024-01-09T15:48:51.6565556+01:00" testType="13cdc9d9-ddb5-4fa4-a97d-d965ccfc6d4b" outcome="Passed" testListId="8c84fa94-04c1-424b-9868-57a2d4851a1d" relativeResultsDirectory="aa30d6a0-bf29-4753-bca7-a81184eed33d" />
    <UnitTestResult executionId="bd79a82e-f3f1-472e-a27b-7dbaf2a5f2c6" testId="57c51b3e-0bbc-373f-47ab-9b946ca10dfa" testName="FilterValueHasRegionSelectionForCamera_ShouldReturnFalse_WhenFilterValueDoesNotHaveRegionSelectionForCamera" computerName="DKSR-EFI-06" duration="00:00:00.0074651" startTime="2024-01-09T15:48:38.0915971+01:00" endTime="2024-01-09T15:48:38.0992037+01:00" testType="13cdc9d9-ddb5-4fa4-a97d-d965ccfc6d4b" outcome="Passed" testListId="8c84fa94-04c1-424b-9868-57a2d4851a1d" relativeResultsDirectory="bd79a82e-f3f1-472e-a27b-7dbaf2a5f2c6" />
    <UnitTestResult executionId="90c130a2-d44f-47d2-837d-ad85e6a98178" testId="4d525835-86fa-0619-e484-37026867a280" testName="OnSearchResultsSelectionChangedByUser_ShouldUpdateSelectedResults_WhenSelectionChangedByUser" computerName="DKSR-EFI-06" duration="00:00:00.0125776" startTime="2024-01-09T15:48:25.3074552+01:00" endTime="2024-01-09T15:48:25.3202045+01:00" testType="13cdc9d9-ddb5-4fa4-a97d-d965ccfc6d4b" outcome="Passed" testListId="8c84fa94-04c1-424b-9868-57a2d4851a1d" relativeResultsDirectory="90c130a2-d44f-47d2-837d-ad85e6a98178" />
    <UnitTestResult executionId="d6b488c7-3949-47b8-ad96-a69c10a6b89b" testId="8f3be891-cc07-82e3-b944-406561072d26" testName="GetBoundingShapesPathsAsync_ShouldGetBoundingShapesFromAllSources_WhenAllSourcesArePassedIn" computerName="DKSR-EFI-06" duration="00:00:00.0193171" startTime="2024-01-09T15:48:25.9519041+01:00" endTime="2024-01-09T15:48:25.9744196+01:00" testType="13cdc9d9-ddb5-4fa4-a97d-d965ccfc6d4b" outcome="Passed" testListId="8c84fa94-04c1-424b-9868-57a2d4851a1d" relativeResultsDirectory="d6b488c7-3949-47b8-ad96-a69c10a6b89b" />
    <UnitTestResult executionId="d3bed7e0-9f10-4dca-84a7-3f59aa4bdee5" testId="b023ed0a-de55-261e-b76b-b001235c2a21" testName="WhenActionExecutedWithNoAlarmsThenNoObserverNotified" computerName="DKSR-EFI-06" duration="00:00:00.0421418" startTime="2024-01-09T15:48:43.0894948+01:00" endTime="2024-01-09T15:48:43.1319861+01:00" testType="13cdc9d9-ddb5-4fa4-a97d-d965ccfc6d4b" outcome="Passed" testListId="8c84fa94-04c1-424b-9868-57a2d4851a1d" relativeResultsDirectory="d3bed7e0-9f10-4dca-84a7-3f59aa4bdee5" />
    <UnitTestResult executionId="213a10ac-859a-4289-b82c-499156b1c9e7" testId="dd9fef57-cc98-7ad4-c53a-0bf4ce117b29" testName="SearchResultsActionBarActions_AddBookmark_MultipleResult_CreateBookmarkInvokedForAllItems" computerName="DKSR-EFI-06" duration="00:00:00.0103485" startTime="2024-01-09T15:48:23.0272536+01:00" endTime="2024-01-09T15:48:23.0378081+01:00" testType="13cdc9d9-ddb5-4fa4-a97d-d965ccfc6d4b" outcome="Passed" testListId="8c84fa94-04c1-424b-9868-57a2d4851a1d" relativeResultsDirectory="213a10ac-859a-4289-b82c-499156b1c9e7" />
    <UnitTestResult executionId="a1908e7f-89b1-40d8-bd7b-069aadcae7de" testId="e9210e25-ddb7-3ad7-3147-1b0286b3f5d2" testName="ProvideValue_ShouldAlwaysReturnItself" computerName="DKSR-EFI-06" duration="00:00:00.0023239" startTime="2024-01-09T15:47:43.4259433+01:00" endTime="2024-01-09T15:47:43.4350632+01:00" testType="13cdc9d9-ddb5-4fa4-a97d-d965ccfc6d4b" outcome="Passed" testListId="8c84fa94-04c1-424b-9868-57a2d4851a1d" relativeResultsDirectory="a1908e7f-89b1-40d8-bd7b-069aadcae7de" />
    <UnitTestResult executionId="675f26db-fcb5-441e-b4f6-bc2d622fff36" testId="a86403c6-a793-aab2-0ab7-ce467563d7d6" testName="GetCredential_ShouldThrowException_WhenUriIsNull" computerName="DKSR-EFI-06" duration="00:00:00.0008026" startTime="2024-01-09T15:47:43.3575516+01:00" endTime="2024-01-09T15:47:43.3585008+01:00" testType="13cdc9d9-ddb5-4fa4-a97d-d965ccfc6d4b" outcome="Passed" testListId="8c84fa94-04c1-424b-9868-57a2d4851a1d" relativeResultsDirectory="675f26db-fcb5-441e-b4f6-bc2d622fff36" />
    <UnitTestResult executionId="2f822395-49bf-482c-96d1-3b461ffb4ac1" testId="642e6019-2faa-a30d-dbaf-ea59f97e9c72" testName="SearchAction_BrowseMode_OneYearInThePast" computerName="DKSR-EFI-06" duration="00:00:00.0080701" startTime="2024-01-09T15:48:45.9355808+01:00" endTime="2024-01-09T15:48:45.9438308+01:00" testType="13cdc9d9-ddb5-4fa4-a97d-d965ccfc6d4b" outcome="Passed" testListId="8c84fa94-04c1-424b-9868-57a2d4851a1d" relativeResultsDirectory="2f822395-49bf-482c-96d1-3b461ffb4ac1" />
    <UnitTestResult executionId="01f77c49-bcad-44f8-a269-a44f237e8e13" testId="880da315-51a5-facb-4f5d-0ceb4daad608" testName="DeviceIcons_ShouldNotBeEmpty_WhenCalled" computerName="DKSR-EFI-06" duration="00:00:00.0001599" startTime="2024-01-09T15:48:40.8272393+01:00" endTime="2024-01-09T15:48:40.8275274+01:00" testType="13cdc9d9-ddb5-4fa4-a97d-d965ccfc6d4b" outcome="Passed" testListId="8c84fa94-04c1-424b-9868-57a2d4851a1d" relativeResultsDirectory="01f77c49-bcad-44f8-a269-a44f237e8e13" />
    <UnitTestResult executionId="0a5d7e1a-b0d9-4617-9131-7f128cb15437" testId="8ecade2b-3ad6-f16a-0138-df9b1b58928f" testName="Warning_Shown_When_Removing_Camera" computerName="DKSR-EFI-06" duration="00:00:00.0023523" startTime="2024-01-09T15:48:52.4557896+01:00" endTime="2024-01-09T15:48:52.4582713+01:00" testType="13cdc9d9-ddb5-4fa4-a97d-d965ccfc6d4b" outcome="Passed" testListId="8c84fa94-04c1-424b-9868-57a2d4851a1d" relativeResultsDirectory="0a5d7e1a-b0d9-4617-9131-7f128cb15437" />
    <UnitTestResult executionId="23ca7018-626f-4576-9b63-bda0e4888b4b" testId="6ce0ebd1-2fbb-36d1-63ea-8fff8a05554e" testName="UpdateWorkspaceToolbarItemsState_ShouldUpdateToolbarItemState_WhenWorkspaceStateChanges" computerName="DKSR-EFI-06" duration="00:00:00.0033903" startTime="2024-01-09T15:48:44.3821452+01:00" endTime="2024-01-09T15:48:44.3856938+01:00" testType="13cdc9d9-ddb5-4fa4-a97d-d965ccfc6d4b" outcome="Passed" testListId="8c84fa94-04c1-424b-9868-57a2d4851a1d" relativeResultsDirectory="23ca7018-626f-4576-9b63-bda0e4888b4b" />
    <UnitTestResult executionId="c3bd55a6-1946-4692-a036-bbeb2d0ad346" testId="9d2adb93-4837-25dd-c5fc-bdfa01122682" testName="HandleGetLayerFeatures_ShouldRaiseArgumentException_WhenIsCalled" computerName="DKSR-EFI-06" duration="00:00:00.0003343" startTime="2024-01-09T15:48:42.9731641+01:00" endTime="2024-01-09T15:48:42.9737420+01:00" testType="13cdc9d9-ddb5-4fa4-a97d-d965ccfc6d4b" outcome="Passed" testListId="8c84fa94-04c1-424b-9868-57a2d4851a1d" relativeResultsDirectory="c3bd55a6-1946-4692-a036-bbeb2d0ad346" />
    <UnitTestResult executionId="22d2c90a-561d-4f59-966f-b10b2838c799" testId="edafcc43-4593-3e69-06bb-d94b360979cb" testName="ToDenormalizedDirection_0_50" computerName="DKSR-EFI-06" duration="00:00:00.0000967" startTime="2024-01-09T15:48:38.6329360+01:00" endTime="2024-01-09T15:48:38.6332398+01:00" testType="13cdc9d9-ddb5-4fa4-a97d-d965ccfc6d4b" outcome="Passed" testListId="8c84fa94-04c1-424b-9868-57a2d4851a1d" relativeResultsDirectory="22d2c90a-561d-4f59-966f-b10b2838c799" />
    <UnitTestResult executionId="c3f21b69-871d-4067-818f-96edf6e9c2b5" testId="af78caca-a27e-9e6b-678d-4aa454a90502" testName="ToNormalizedDirection_OutOfRange_2PI_Fail" computerName="DKSR-EFI-06" duration="00:00:00.0002050" startTime="2024-01-09T15:48:38.6457728+01:00" endTime="2024-01-09T15:48:38.6461250+01:00" testType="13cdc9d9-ddb5-4fa4-a97d-d965ccfc6d4b" outcome="Passed" testListId="8c84fa94-04c1-424b-9868-57a2d4851a1d" relativeResultsDirectory="c3f21b69-871d-4067-818f-96edf6e9c2b5" />
    <UnitTestResult executionId="a9b077cb-c583-4f74-a744-1067aaf60e48" testId="b0add685-1c58-f35e-e4aa-57de22bf2774" testName="PtzPresetsMenuViewModel_SetInfo_PtzSessionControllerInfo_ArgumentNullCheckTest" computerName="DKSR-EFI-06" duration="00:00:00.0010232" startTime="2024-01-09T15:48:49.5723796+01:00" endTime="2024-01-09T15:48:49.5735763+01:00" testType="13cdc9d9-ddb5-4fa4-a97d-d965ccfc6d4b" outcome="Passed" testListId="8c84fa94-04c1-424b-9868-57a2d4851a1d" relativeResultsDirectory="a9b077cb-c583-4f74-a744-1067aaf60e48" />
    <UnitTestResult executionId="81aa37b8-a094-4a0b-b99a-b91b961207b5" testId="e18e3570-53c3-3508-0442-177c4a2f785b" testName="ValidateExportFormats_SmartClientPlayerFormat_ShouldReturnFailResult_ViewItemCommentRequired" computerName="DKSR-EFI-06" duration="00:00:00.0085263" startTime="2024-01-09T15:47:52.1243223+01:00" endTime="2024-01-09T15:47:52.1330378+01:00" testType="13cdc9d9-ddb5-4fa4-a97d-d965ccfc6d4b" outcome="Passed" testListId="8c84fa94-04c1-424b-9868-57a2d4851a1d" relativeResultsDirectory="81aa37b8-a094-4a0b-b99a-b91b961207b5" />
    <UnitTestResult executionId="fc054820-3730-4223-94c8-82ac9f7adb4a" testId="95a21395-b040-7ff7-fe99-d443a657de60" testName="MonitorPlaybackState_Serialize_Success" computerName="DKSR-EFI-06" duration="00:00:00.0085074" startTime="2024-01-09T15:48:52.8866569+01:00" endTime="2024-01-09T15:48:52.8953168+01:00" testType="13cdc9d9-ddb5-4fa4-a97d-d965ccfc6d4b" outcome="Passed" testListId="8c84fa94-04c1-424b-9868-57a2d4851a1d" relativeResultsDirectory="fc054820-3730-4223-94c8-82ac9f7adb4a" />
    <UnitTestResult executionId="e78cf724-5617-41ca-9a6f-a6f00a6871e2" testId="6e09ad1b-dc7a-2da6-6085-ead018e4d60b" testName="UpdateRecorderInfoTest" computerName="DKSR-EFI-06" duration="00:00:00.0038996" startTime="2024-01-09T15:47:43.4141895+01:00" endTime="2024-01-09T15:47:43.4182530+01:00" testType="13cdc9d9-ddb5-4fa4-a97d-d965ccfc6d4b" outcome="Passed" testListId="8c84fa94-04c1-424b-9868-57a2d4851a1d" relativeResultsDirectory="e78cf724-5617-41ca-9a6f-a6f00a6871e2" />
    <UnitTestResult executionId="30eed126-6f37-4043-ae05-c375b04a7061" testId="e91df096-2318-b52c-fe1f-08261834359a" testName="DateToStringConverter_MultiConvertBack_Fail" computerName="DKSR-EFI-06" duration="00:00:00.0005011" startTime="2024-01-09T15:48:10.2990144+01:00" endTime="2024-01-09T15:48:10.2996745+01:00" testType="13cdc9d9-ddb5-4fa4-a97d-d965ccfc6d4b" outcome="Passed" testListId="8c84fa94-04c1-424b-9868-57a2d4851a1d" relativeResultsDirectory="30eed126-6f37-4043-ae05-c375b04a7061" />
    <UnitTestResult executionId="116d9a43-9306-496b-bb0a-31406bcf0fbc" testId="6b9d0101-5179-e1bc-9826-482bb244b50e" testName="CameraItemsLayer_NotIsGeographic_Save_Success" computerName="DKSR-EFI-06" duration="00:00:00.0114432" startTime="2024-01-09T15:48:38.7497109+01:00" endTime="2024-01-09T15:48:38.7613154+01:00" testType="13cdc9d9-ddb5-4fa4-a97d-d965ccfc6d4b" outcome="Passed" testListId="8c84fa94-04c1-424b-9868-57a2d4851a1d" relativeResultsDirectory="116d9a43-9306-496b-bb0a-31406bcf0fbc" />
    <UnitTestResult executionId="5e0ba041-d6c2-46fc-b253-b332f2355656" testId="98a7490b-a0d5-3f84-ad1f-205206139c5a" testName="DeviceIcons_ShouldBeCached_WhenCalled" computerName="DKSR-EFI-06" duration="00:00:00.0001559" startTime="2024-01-09T15:48:40.8034241+01:00" endTime="2024-01-09T15:48:40.8037062+01:00" testType="13cdc9d9-ddb5-4fa4-a97d-d965ccfc6d4b" outcome="Passed" testListId="8c84fa94-04c1-424b-9868-57a2d4851a1d" relativeResultsDirectory="5e0ba041-d6c2-46fc-b253-b332f2355656" />
    <UnitTestResult executionId="09fc47b2-ee56-4f01-9a0f-2ecdd0fefcd3" testId="7a75352d-c73e-5868-4a6f-939343fd10a2" testName="PtzSessionControllerInfoConstructorTest_Success" computerName="DKSR-EFI-06" duration="00:00:00.0012702" startTime="2024-01-09T15:47:43.1803263+01:00" endTime="2024-01-09T15:47:43.1817170+01:00" testType="13cdc9d9-ddb5-4fa4-a97d-d965ccfc6d4b" outcome="Passed" testListId="8c84fa94-04c1-424b-9868-57a2d4851a1d" relativeResultsDirectory="09fc47b2-ee56-4f01-9a0f-2ecdd0fefcd3" />
    <UnitTestResult executionId="cd286bd7-eb2c-4f5b-9959-ad1f022a441c" testId="96dce277-8e08-3c8a-12f9-10c2b51249cb" testName="FindSearchTemplatesAsync_Succeeds_Success" computerName="DKSR-EFI-06" duration="00:00:00.0043834" startTime="2024-01-09T15:48:26.0869235+01:00" endTime="2024-01-09T15:48:26.0914509+01:00" testType="13cdc9d9-ddb5-4fa4-a97d-d965ccfc6d4b" outcome="Passed" testListId="8c84fa94-04c1-424b-9868-57a2d4851a1d" relativeResultsDirectory="cd286bd7-eb2c-4f5b-9959-ad1f022a441c" />
    <UnitTestResult executionId="7b51dc8b-7c93-42d5-bc40-04892f20f487" testId="ffa5f9ad-66df-b9a8-3ecf-eff774a0ebee" testName="BoundingBoxErrorOccurred" computerName="DKSR-EFI-06" duration="00:00:00.0027949" startTime="2024-01-09T15:48:46.7952373+01:00" endTime="2024-01-09T15:48:46.7981971+01:00" testType="13cdc9d9-ddb5-4fa4-a97d-d965ccfc6d4b" outcome="Passed" testListId="8c84fa94-04c1-424b-9868-57a2d4851a1d" relativeResultsDirectory="7b51dc8b-7c93-42d5-bc40-04892f20f487" />
    <UnitTestResult executionId="d8f4647c-f83d-4615-80b4-c618de1d412c" testId="cfadad16-7fef-9797-8a05-f69be03fa506" testName="ValueWithFallbackConverterTests_Convert_FirstValueNull_SecondValueNotNull_Success" computerName="DKSR-EFI-06" duration="00:00:00.0001559" startTime="2024-01-09T15:48:10.3604321+01:00" endTime="2024-01-09T15:48:10.3607166+01:00" testType="13cdc9d9-ddb5-4fa4-a97d-d965ccfc6d4b" outcome="Passed" testListId="8c84fa94-04c1-424b-9868-57a2d4851a1d" relativeResultsDirectory="d8f4647c-f83d-4615-80b4-c618de1d412c" />
    <UnitTestResult executionId="b3263cf8-b31c-4cb0-8552-4f401d8e2d16" testId="d14ec128-bbfb-0096-f562-be494b986880" testName="Redrawing_SettingsSet_Success" computerName="DKSR-EFI-06" duration="00:00:00.0369466" startTime="2024-01-09T15:47:46.0475044+01:00" endTime="2024-01-09T15:47:46.0870475+01:00" testType="13cdc9d9-ddb5-4fa4-a97d-d965ccfc6d4b" outcome="Passed" testListId="8c84fa94-04c1-424b-9868-57a2d4851a1d" relativeResultsDirectory="b3263cf8-b31c-4cb0-8552-4f401d8e2d16" />
    <UnitTestResult executionId="7ce0c1e0-512d-4b65-b37b-4295175f51dc" testId="47771962-fd80-aab3-ebc0-33717839eb97" testName="GetMutedMicrophoneIconId_ShouldReturnValidMutedMicrophoneIconId_WhenValidUnmutedMicrophoneIconIdIsProvided" computerName="DKSR-EFI-06" duration="00:00:00.0001722" startTime="2024-01-09T15:48:40.8223553+01:00" endTime="2024-01-09T15:48:40.8226602+01:00" testType="13cdc9d9-ddb5-4fa4-a97d-d965ccfc6d4b" outcome="Passed" testListId="8c84fa94-04c1-424b-9868-57a2d4851a1d" relativeResultsDirectory="7ce0c1e0-512d-4b65-b37b-4295175f51dc" />
    <UnitTestResult executionId="660c9fc0-8ced-4a3c-a47a-446324d81fa3" testId="537b2445-9bec-85ec-3d34-ba15ef73d25d" testName="PtzSessionControllerInfo_UserChangedTest_NoChange_Anonymous" computerName="DKSR-EFI-06" duration="00:00:00.0002008" startTime="2024-01-09T15:47:43.2067970+01:00" endTime="2024-01-09T15:47:43.2071003+01:00" testType="13cdc9d9-ddb5-4fa4-a97d-d965ccfc6d4b" outcome="Passed" testListId="8c84fa94-04c1-424b-9868-57a2d4851a1d" relativeResultsDirectory="660c9fc0-8ced-4a3c-a47a-446324d81fa3" />
    <UnitTestResult executionId="fc4b6d54-9b7c-41c4-8263-cdba4385304f" testId="673f3e73-dfeb-8ed6-a405-443eef7a608a" testName="OnLoaded_ValidUserControl_Success" computerName="DKSR-EFI-06" duration="00:00:00.4517357" startTime="2024-01-09T15:47:54.2189381+01:00" endTime="2024-01-09T15:47:54.6741085+01:00" testType="13cdc9d9-ddb5-4fa4-a97d-d965ccfc6d4b" outcome="Passed" testListId="8c84fa94-04c1-424b-9868-57a2d4851a1d" relativeResultsDirectory="fc4b6d54-9b7c-41c4-8263-cdba4385304f" />
    <UnitTestResult executionId="0986b059-4399-4d19-a0fb-27c93b79b872" testId="73c84d82-bb7d-01f8-8894-e9f1d48f8356" testName="Convert_InvalidArgumentCount_LessThanExpected_Collapsed" computerName="DKSR-EFI-06" duration="00:00:00.0002452" startTime="2024-01-09T15:48:10.3370772+01:00" endTime="2024-01-09T15:48:10.3375515+01:00" testType="13cdc9d9-ddb5-4fa4-a97d-d965ccfc6d4b" outcome="Passed" testListId="8c84fa94-04c1-424b-9868-57a2d4851a1d" relativeResultsDirectory="0986b059-4399-4d19-a0fb-27c93b79b872" />
    <UnitTestResult executionId="e3368dcb-e084-4a14-baad-4a6e8174e209" testId="eafedef4-77b0-0ba7-44ca-5ee1ec158773" testName="ValidEncryptionStrengthsForExport_ShouldOnlyReturnAllAesStrengths_WhenLegacyEncryptionEnabledInAppConfigAndFipsEnabled" computerName="DKSR-EFI-06" duration="00:00:00.0003987" startTime="2024-01-09T15:48:46.8900737+01:00" endTime="2024-01-09T15:48:46.8906177+01:00" testType="13cdc9d9-ddb5-4fa4-a97d-d965ccfc6d4b" outcome="Passed" testListId="8c84fa94-04c1-424b-9868-57a2d4851a1d" relativeResultsDirectory="e3368dcb-e084-4a14-baad-4a6e8174e209" />
    <UnitTestResult executionId="325af0ad-e474-4493-8803-b38f6bf189af" testId="8338d7c2-18e7-4534-499f-88d705208b50" testName="CreateGeometry_FourCornerBuildingNotClosed_Success" computerName="DKSR-EFI-06" duration="00:00:00.0003206" startTime="2024-01-09T15:48:43.7117389+01:00" endTime="2024-01-09T15:48:43.7121978+01:00" testType="13cdc9d9-ddb5-4fa4-a97d-d965ccfc6d4b" outcome="Passed" testListId="8c84fa94-04c1-424b-9868-57a2d4851a1d" relativeResultsDirectory="325af0ad-e474-4493-8803-b38f6bf189af" />
    <UnitTestResult executionId="5d807208-ac89-4f17-92fc-c69f9222aa93" testId="ee325437-e5fe-a792-f60f-ba53523f3b7b" testName="MaxRegionsAllowed_ShouldBeIntMaxValue_WhenProvidedMaxIsNegative" computerName="DKSR-EFI-06" duration="00:00:00.0001372" startTime="2024-01-09T15:48:38.0852853+01:00" endTime="2024-01-09T15:48:38.0855541+01:00" testType="13cdc9d9-ddb5-4fa4-a97d-d965ccfc6d4b" outcome="Passed" testListId="8c84fa94-04c1-424b-9868-57a2d4851a1d" relativeResultsDirectory="5d807208-ac89-4f17-92fc-c69f9222aa93" />
    <UnitTestResult executionId="9d3c425d-d2d9-4b94-8d26-2b81e5c09838" testId="795c0b9d-f299-8ffa-d2ce-4bce515e128c" testName="ConvertBack_ShouldReturnIsNormalState_WhenValueFalse" computerName="DKSR-EFI-06" duration="00:00:00.0002236" startTime="2024-01-09T15:47:44.4206442+01:00" endTime="2024-01-09T15:47:44.4209919+01:00" testType="13cdc9d9-ddb5-4fa4-a97d-d965ccfc6d4b" outcome="Passed" testListId="8c84fa94-04c1-424b-9868-57a2d4851a1d" relativeResultsDirectory="9d3c425d-d2d9-4b94-8d26-2b81e5c09838" />
    <UnitTestResult executionId="fee37167-95ea-4d74-b727-3087c891da48" testId="7863e25b-2679-2198-6c24-80dcdc161cf9" testName="IsCurrentScaleEqualTo_ShouldReturnTrue_WhenValuesAreEqualWithinGivenPrecision" computerName="DKSR-EFI-06" duration="00:00:00.0034445" startTime="2024-01-09T15:47:47.2425244+01:00" endTime="2024-01-09T15:47:47.2462482+01:00" testType="13cdc9d9-ddb5-4fa4-a97d-d965ccfc6d4b" outcome="Passed" testListId="8c84fa94-04c1-424b-9868-57a2d4851a1d" relativeResultsDirectory="fee37167-95ea-4d74-b727-3087c891da48" />
    <UnitTestResult executionId="c7655d1e-87d6-4e2d-a434-9feda4976631" testId="31ae9737-3293-daff-e7b1-357b7daf0b9b" testName="ShouldReturnFalseWhenScaleChangedButOverlayTypeIsNotRedraw" computerName="DKSR-EFI-06" duration="00:00:00.0007993" startTime="2024-01-09T15:47:49.8410728+01:00" endTime="2024-01-09T15:47:49.8420148+01:00" testType="13cdc9d9-ddb5-4fa4-a97d-d965ccfc6d4b" outcome="Passed" testListId="8c84fa94-04c1-424b-9868-57a2d4851a1d" relativeResultsDirectory="c7655d1e-87d6-4e2d-a434-9feda4976631" />
    <UnitTestResult executionId="6804ef4b-b530-4c69-b9d1-bdf81aec5bc4" testId="5ff1d928-fddf-7f17-ef34-f8a1593f2a8d" testName="GetWorkspaceToolbarItems_ShouldReturnGroupedToolbarItem_WhenPluginGroupIsSet" computerName="DKSR-EFI-06" duration="00:00:00.0077226" startTime="2024-01-09T15:48:44.3479657+01:00" endTime="2024-01-09T15:48:44.3560283+01:00" testType="13cdc9d9-ddb5-4fa4-a97d-d965ccfc6d4b" outcome="Passed" testListId="8c84fa94-04c1-424b-9868-57a2d4851a1d" relativeResultsDirectory="6804ef4b-b530-4c69-b9d1-bdf81aec5bc4" />
    <UnitTestResult executionId="6c0a4fdd-158e-44db-a98e-95ba5f409ab4" testId="6fee5694-49d5-a68c-4692-637882795255" testName="Ctor_OneBuiltInGroupDefined_OneCompositeAgentAddedAndOneStandardAgentAdded" computerName="DKSR-EFI-06" duration="00:00:00.0012068" startTime="2024-01-09T15:48:37.4711142+01:00" endTime="2024-01-09T15:48:37.4724605+01:00" testType="13cdc9d9-ddb5-4fa4-a97d-d965ccfc6d4b" outcome="Passed" testListId="8c84fa94-04c1-424b-9868-57a2d4851a1d" relativeResultsDirectory="6c0a4fdd-158e-44db-a98e-95ba5f409ab4" />
    <UnitTestResult executionId="6788e2b5-3fca-471f-ab56-aa13f7483631" testId="03c0368b-e341-b507-4b7e-610a5973bcc4" testName="WhenActionExecutedWithAlarmsThenEveryObserverNotified" computerName="DKSR-EFI-06" duration="00:00:00.0047545" startTime="2024-01-09T15:48:43.1325160+01:00" endTime="2024-01-09T15:48:43.1374420+01:00" testType="13cdc9d9-ddb5-4fa4-a97d-d965ccfc6d4b" outcome="Passed" testListId="8c84fa94-04c1-424b-9868-57a2d4851a1d" relativeResultsDirectory="6788e2b5-3fca-471f-ab56-aa13f7483631" />
    <UnitTestResult executionId="3ed91846-07d3-4b3f-9fe2-5e93e916d39f" testId="c179356e-fb95-bde9-7e42-099773116f5f" testName="ShouldCameraListItemBeEnabledForCamera_ShouldReturnTrue" computerName="DKSR-EFI-06" duration="00:00:00.0002840" startTime="2024-01-09T15:48:38.1007240+01:00" endTime="2024-01-09T15:48:38.1011482+01:00" testType="13cdc9d9-ddb5-4fa4-a97d-d965ccfc6d4b" outcome="Passed" testListId="8c84fa94-04c1-424b-9868-57a2d4851a1d" relativeResultsDirectory="3ed91846-07d3-4b3f-9fe2-5e93e916d39f" />
    <UnitTestResult executionId="34aed07b-daef-4d49-8d76-3b10c76acb6b" testId="2c6723b1-fdb4-937b-160d-3f3a2b624a13" testName="Valid password bigger length" computerName="DKSR-EFI-06" duration="00:00:00.0000975" startTime="2024-01-09T15:47:52.2212559+01:00" endTime="2024-01-09T15:47:52.2214715+01:00" testType="13cdc9d9-ddb5-4fa4-a97d-d965ccfc6d4b" outcome="Passed" testListId="8c84fa94-04c1-424b-9868-57a2d4851a1d" relativeResultsDirectory="34aed07b-daef-4d49-8d76-3b10c76acb6b" />
    <UnitTestResult executionId="3e89618d-ec3c-4a18-b174-093b612ddb2b" testId="500812c7-2caf-0961-5585-75ab839884c8" testName="Tooltip_ShouldShowMicrophoneName_WhenMicrophoneIsMutedOnLiveModeAndUserHasListenPermissions" computerName="DKSR-EFI-06" duration="00:00:00.0306593" startTime="2024-01-09T15:47:48.5528667+01:00" endTime="2024-01-09T15:47:48.5860973+01:00" testType="13cdc9d9-ddb5-4fa4-a97d-d965ccfc6d4b" outcome="Passed" testListId="8c84fa94-04c1-424b-9868-57a2d4851a1d" relativeResultsDirectory="3e89618d-ec3c-4a18-b174-093b612ddb2b" />
    <UnitTestResult executionId="2aa65805-206f-4208-87c4-db4f63d3bc87" testId="007b902b-e17d-c451-d588-1b1be6581913" testName="AssignPanTiltValue_WhenValueJustAboveDeadzone_ShouldReturnJustAboveCenterValue" computerName="DKSR-EFI-06" duration="00:00:00.0001010" startTime="2024-01-09T15:47:43.6290890+01:00" endTime="2024-01-09T15:47:43.6292861+01:00" testType="13cdc9d9-ddb5-4fa4-a97d-d965ccfc6d4b" outcome="Passed" testListId="8c84fa94-04c1-424b-9868-57a2d4851a1d" relativeResultsDirectory="2aa65805-206f-4208-87c4-db4f63d3bc87" />
    <UnitTestResult executionId="827b7a1b-1ca6-4cce-9b0e-0a2e5a4c191c" testId="9a0fb96e-e4fc-b2c2-ba48-82a57235f1f3" testName="Parse_LastSevenDays_Success" computerName="DKSR-EFI-06" duration="00:00:00.0000945" startTime="2024-01-09T15:48:26.1132611+01:00" endTime="2024-01-09T15:48:26.1134767+01:00" testType="13cdc9d9-ddb5-4fa4-a97d-d965ccfc6d4b" outcome="Passed" testListId="8c84fa94-04c1-424b-9868-57a2d4851a1d" relativeResultsDirectory="827b7a1b-1ca6-4cce-9b0e-0a2e5a4c191c" />
    <UnitTestResult executionId="25f4c792-86f6-4987-aa7c-de3d04e662d2" testId="bc03d8ec-092f-15f4-b2b5-81687d93c9f8" testName="ToUnsafeName_MultipleSafeNames_Success" computerName="DKSR-EFI-06" duration="00:00:00.0001116" startTime="2024-01-09T15:48:51.6657731+01:00" endTime="2024-01-09T15:48:51.6660020+01:00" testType="13cdc9d9-ddb5-4fa4-a97d-d965ccfc6d4b" outcome="Passed" testListId="8c84fa94-04c1-424b-9868-57a2d4851a1d" relativeResultsDirectory="25f4c792-86f6-4987-aa7c-de3d04e662d2" />
    <UnitTestResult executionId="736eb9df-4cf0-42dd-b01b-334aee2d33bf" testId="1522f9c5-5447-f8a7-7916-026ac691e6f0" testName="GetDuration_SeveralMinutes_Success" computerName="DKSR-EFI-06" duration="00:00:00.0002620" startTime="2024-01-09T15:48:25.9106570+01:00" endTime="2024-01-09T15:48:25.9110530+01:00" testType="13cdc9d9-ddb5-4fa4-a97d-d965ccfc6d4b" outcome="Passed" testListId="8c84fa94-04c1-424b-9868-57a2d4851a1d" relativeResultsDirectory="736eb9df-4cf0-42dd-b01b-334aee2d33bf" />
    <UnitTestResult executionId="06c03aa1-43a3-45c2-bfa7-a73505b97c4f" testId="d4781dc2-7c6c-059d-3535-c27ddbecee56" testName="LoadBoundingShapes_RectangleShape_AddedToUIAndSizedCorrectly" computerName="DKSR-EFI-06" duration="00:00:00.0225784" startTime="2024-01-09T15:48:37.7383395+01:00" endTime="2024-01-09T15:48:37.7636278+01:00" testType="13cdc9d9-ddb5-4fa4-a97d-d965ccfc6d4b" outcome="Passed" testListId="8c84fa94-04c1-424b-9868-57a2d4851a1d" relativeResultsDirectory="06c03aa1-43a3-45c2-bfa7-a73505b97c4f" />
    <UnitTestResult executionId="5ba30972-b2d4-4cfa-b77e-ab4959a8316b" testId="30021480-71a7-de84-e2a2-5d33b74ca139" testName="ValidateExportName_ShouldReturnFailResult_InvalidCharactersInExportName (1213&gt;)" computerName="DKSR-EFI-06" duration="00:00:00.0023282" startTime="2024-01-09T15:47:51.9734000+01:00" endTime="2024-01-09T15:47:51.9759084+01:00" testType="13cdc9d9-ddb5-4fa4-a97d-d965ccfc6d4b" outcome="Passed" testListId="8c84fa94-04c1-424b-9868-57a2d4851a1d" relativeResultsDirectory="5ba30972-b2d4-4cfa-b77e-ab4959a8316b" />
    <UnitTestResult executionId="0be1355e-031e-4f23-8cce-4f7e1527f20a" testId="5803be46-e356-847f-cccc-58e283b812ae" testName="OnLoaded_NoDataContext_DoesNotCrash" computerName="DKSR-EFI-06" duration="00:00:00.0103692" startTime="2024-01-09T15:47:54.1501753+01:00" endTime="2024-01-09T15:47:54.1631575+01:00" testType="13cdc9d9-ddb5-4fa4-a97d-d965ccfc6d4b" outcome="Passed" testListId="8c84fa94-04c1-424b-9868-57a2d4851a1d" relativeResultsDirectory="0be1355e-031e-4f23-8cce-4f7e1527f20a" />
    <UnitTestResult executionId="24656c3e-a979-4085-93e2-14da5a989611" testId="95bdcbe4-e420-deb8-8439-dbd680e08a25" testName="ActiveInteractionStateBinding_ShouldNotBeNull_WhenCtorIsCalled" computerName="DKSR-EFI-06" duration="00:00:00.0391464" startTime="2024-01-09T15:47:48.7109684+01:00" endTime="2024-01-09T15:47:48.7529297+01:00" testType="13cdc9d9-ddb5-4fa4-a97d-d965ccfc6d4b" outcome="Passed" testListId="8c84fa94-04c1-424b-9868-57a2d4851a1d" relativeResultsDirectory="24656c3e-a979-4085-93e2-14da5a989611" />
    <UnitTestResult executionId="537782c7-01cc-4e04-9eed-3f6579ac6ef9" testId="0fed5cd0-f477-3126-e159-48e4c927506e" testName="ShowAlreadyAddedToast_ShouldShowCorrectNumberOfToasts (0,0)" computerName="DKSR-EFI-06" duration="00:00:00.0014505" startTime="2024-01-09T15:48:45.5234200+01:00" endTime="2024-01-09T15:48:45.5250506+01:00" testType="13cdc9d9-ddb5-4fa4-a97d-d965ccfc6d4b" outcome="Passed" testListId="8c84fa94-04c1-424b-9868-57a2d4851a1d" relativeResultsDirectory="537782c7-01cc-4e04-9eed-3f6579ac6ef9" />
    <UnitTestResult executionId="89b56fa2-d872-4945-bf80-74960f8dba48" testId="ceb42b69-4329-8c68-9d19-b6fb1b9c3ef1" testName="PtzSessionController_DisposeTest" computerName="DKSR-EFI-06" duration="00:00:00.0052020" startTime="2024-01-09T15:47:43.0416935+01:00" endTime="2024-01-09T15:47:43.0470734+01:00" testType="13cdc9d9-ddb5-4fa4-a97d-d965ccfc6d4b" outcome="Passed" testListId="8c84fa94-04c1-424b-9868-57a2d4851a1d" relativeResultsDirectory="89b56fa2-d872-4945-bf80-74960f8dba48" />
    <UnitTestResult executionId="c5ec4f1f-95da-427a-8163-a40b8ac83974" testId="b734b426-c8b0-ef6c-467b-1212971e7759" testName="MainScopeTitleMaxWidthConverter_ConvertBack_Fails" computerName="DKSR-EFI-06" duration="00:00:00.0009723" startTime="2024-01-09T15:48:10.3247115+01:00" endTime="2024-01-09T15:48:10.3259471+01:00" testType="13cdc9d9-ddb5-4fa4-a97d-d965ccfc6d4b" outcome="Passed" testListId="8c84fa94-04c1-424b-9868-57a2d4851a1d" relativeResultsDirectory="c5ec4f1f-95da-427a-8163-a40b8ac83974" />
    <UnitTestResult executionId="f629a701-423d-4772-9266-26c047c0967a" testId="31b9ac86-ff3a-2d5f-32cb-aba7e18815ce" testName="GetMapLayerArguments_ShouldReturnIGisMapModelAndMapLayerDataId_WhenCalled" computerName="DKSR-EFI-06" duration="00:00:00.0018395" startTime="2024-01-09T15:48:40.7814605+01:00" endTime="2024-01-09T15:48:40.7834363+01:00" testType="13cdc9d9-ddb5-4fa4-a97d-d965ccfc6d4b" outcome="Passed" testListId="8c84fa94-04c1-424b-9868-57a2d4851a1d" relativeResultsDirectory="f629a701-423d-4772-9266-26c047c0967a" />
    <UnitTestResult executionId="1822b4cf-0fe4-4155-8ae7-ea17f1007286" testId="22f57bdb-c5ee-b53f-99a9-02334618ffe6" testName="Decorate_ShouldRaiseMissingMethodException_WhenDecoratorUsesLayerVisibilityItemData" computerName="DKSR-EFI-06" duration="00:00:00.0014184" startTime="2024-01-09T15:47:45.9034182+01:00" endTime="2024-01-09T15:47:45.9049874+01:00" testType="13cdc9d9-ddb5-4fa4-a97d-d965ccfc6d4b" outcome="Passed" testListId="8c84fa94-04c1-424b-9868-57a2d4851a1d" relativeResultsDirectory="1822b4cf-0fe4-4155-8ae7-ea17f1007286" />
    <UnitTestResult executionId="730b6a94-b7bd-4f2a-be2b-b94c850d6833" testId="7693c0df-b71c-2c4d-9039-a2e154577900" testName="DeleteMapItems_ShouldReturnFalse_WhenUserDeclinesDeletionOfMultipleItems" computerName="DKSR-EFI-06" duration="00:00:00.0021617" startTime="2024-01-09T15:48:40.7710818+01:00" endTime="2024-01-09T15:48:40.7733864+01:00" testType="13cdc9d9-ddb5-4fa4-a97d-d965ccfc6d4b" outcome="Passed" testListId="8c84fa94-04c1-424b-9868-57a2d4851a1d" relativeResultsDirectory="730b6a94-b7bd-4f2a-be2b-b94c850d6833" />
    <UnitTestResult executionId="dae79718-ad79-4982-8a1e-9ecc57b37203" testId="0af4332b-024f-1289-6f42-007e21f2be10" testName="CreateDefinition_FireMultipleSearchResultsInMultipleEvents_SearchFinishedWithResults" computerName="DKSR-EFI-06" duration="00:00:00.0105603" startTime="2024-01-09T15:48:26.4010818+01:00" endTime="2024-01-09T15:48:26.4117983+01:00" testType="13cdc9d9-ddb5-4fa4-a97d-d965ccfc6d4b" outcome="Passed" testListId="8c84fa94-04c1-424b-9868-57a2d4851a1d" relativeResultsDirectory="dae79718-ad79-4982-8a1e-9ecc57b37203" />
    <UnitTestResult executionId="b2c7fb97-2563-49c9-9711-31614fe5639d" testId="cd13bfee-f8b4-3d5e-a0f6-00049079c32f" testName="ResultsAvailable_SomeResults_Success" computerName="DKSR-EFI-06" duration="00:00:00.0039338" startTime="2024-01-09T15:48:23.6141482+01:00" endTime="2024-01-09T15:48:23.6182444+01:00" testType="13cdc9d9-ddb5-4fa4-a97d-d965ccfc6d4b" outcome="Passed" testListId="8c84fa94-04c1-424b-9868-57a2d4851a1d" relativeResultsDirectory="b2c7fb97-2563-49c9-9711-31614fe5639d" />
    <UnitTestResult executionId="7c6952e5-9966-4dd2-b876-7679ad7c9e91" testId="0df0cb69-797b-9ae4-83ed-e8c0cce4f5b0" testName="ToDenormalizedFieldOfView_0_0" computerName="DKSR-EFI-06" duration="00:00:00.0000901" startTime="2024-01-09T15:48:38.6397696+01:00" endTime="2024-01-09T15:48:38.6399817+01:00" testType="13cdc9d9-ddb5-4fa4-a97d-d965ccfc6d4b" outcome="Passed" testListId="8c84fa94-04c1-424b-9868-57a2d4851a1d" relativeResultsDirectory="7c6952e5-9966-4dd2-b876-7679ad7c9e91" />
    <UnitTestResult executionId="382aa9ca-824f-457c-a493-df230930d7fa" testId="c16412a0-c100-f8dd-8f2b-f63db635bf73" testName="MergeWith_EmptyCluster_ThisNotChanged" computerName="DKSR-EFI-06" duration="00:00:00.0093156" startTime="2024-01-09T15:48:43.6762318+01:00" endTime="2024-01-09T15:48:43.6858381+01:00" testType="13cdc9d9-ddb5-4fa4-a97d-d965ccfc6d4b" outcome="Passed" testListId="8c84fa94-04c1-424b-9868-57a2d4851a1d" relativeResultsDirectory="382aa9ca-824f-457c-a493-df230930d7fa" />
    <UnitTestResult executionId="8aa6c9ff-2892-4240-bc99-1b30bc31fbe3" testId="7480cb9c-3d2a-334b-c8f7-266fc8075bc0" testName="GisMap_Load_Success" computerName="DKSR-EFI-06" duration="00:00:00.0301787" startTime="2024-01-09T15:48:39.9833048+01:00" endTime="2024-01-09T15:48:40.0136746+01:00" testType="13cdc9d9-ddb5-4fa4-a97d-d965ccfc6d4b" outcome="Passed" testListId="8c84fa94-04c1-424b-9868-57a2d4851a1d" relativeResultsDirectory="8aa6c9ff-2892-4240-bc99-1b30bc31fbe3" />
    <UnitTestResult executionId="98d8e26d-fec6-4c81-934e-47eea5e675e3" testId="35b5794f-dc92-a851-4d12-94da292a02d3" testName="ShowAlreadyAddedToast_ShouldShowCorrectNumberOfToasts (1,1)" computerName="DKSR-EFI-06" duration="00:00:00.0015595" startTime="2024-01-09T15:48:45.5255442+01:00" endTime="2024-01-09T15:48:45.5273198+01:00" testType="13cdc9d9-ddb5-4fa4-a97d-d965ccfc6d4b" outcome="Passed" testListId="8c84fa94-04c1-424b-9868-57a2d4851a1d" relativeResultsDirectory="98d8e26d-fec6-4c81-934e-47eea5e675e3" />
    <UnitTestResult executionId="708ad2bd-30d0-4162-8ddc-b17f3620122d" testId="0f9a112c-49fc-58b4-a426-aaecb19145b0" testName="AddToExportTuples_ShouldReturnCorrectResult (1,0,1)" computerName="DKSR-EFI-06" duration="00:00:00.0022071" startTime="2024-01-09T15:48:45.3031265+01:00" endTime="2024-01-09T15:48:45.3055493+01:00" testType="13cdc9d9-ddb5-4fa4-a97d-d965ccfc6d4b" outcome="Passed" testListId="8c84fa94-04c1-424b-9868-57a2d4851a1d" relativeResultsDirectory="708ad2bd-30d0-4162-8ddc-b17f3620122d" />
    <UnitTestResult executionId="4d78f337-b200-40d5-abfc-87c4b13d2555" testId="0abf48ed-aa70-1dda-b2cb-ff714665e116" testName="UpdateSearchFilter_SingleFilterWithoutValues_NotAdded" computerName="DKSR-EFI-06" duration="00:00:00.0005813" startTime="2024-01-09T15:48:22.4297252+01:00" endTime="2024-01-09T15:48:22.4304378+01:00" testType="13cdc9d9-ddb5-4fa4-a97d-d965ccfc6d4b" outcome="Passed" testListId="8c84fa94-04c1-424b-9868-57a2d4851a1d" relativeResultsDirectory="4d78f337-b200-40d5-abfc-87c4b13d2555" />
    <UnitTestResult executionId="41e4218b-88b7-4c7e-b61d-a078aa3d11da" testId="3b017c71-375f-442c-f7b3-12802f145c64" testName="OutputIconStates_ShouldReturnOutputIconStatesInAProperOrder_WhenCalled" computerName="DKSR-EFI-06" duration="00:00:00.0014546" startTime="2024-01-09T15:48:40.8325278+01:00" endTime="2024-01-09T15:48:40.8341152+01:00" testType="13cdc9d9-ddb5-4fa4-a97d-d965ccfc6d4b" outcome="Passed" testListId="8c84fa94-04c1-424b-9868-57a2d4851a1d" relativeResultsDirectory="41e4218b-88b7-4c7e-b61d-a078aa3d11da" />
    <UnitTestResult executionId="081db586-9e46-4827-96eb-6f33ac4d57e0" testId="e0ca0f50-e0fe-3af6-65f6-228d57aa9d13" testName="Constructor_ShouldThrowAnException_WhenWorkspaceToolbarPluginIsNull" computerName="DKSR-EFI-06" duration="00:00:00.0009501" startTime="2024-01-09T15:48:45.6019744+01:00" endTime="2024-01-09T15:48:45.6052036+01:00" testType="13cdc9d9-ddb5-4fa4-a97d-d965ccfc6d4b" outcome="Passed" testListId="8c84fa94-04c1-424b-9868-57a2d4851a1d" relativeResultsDirectory="081db586-9e46-4827-96eb-6f33ac4d57e0" />
    <UnitTestResult executionId="1660c9a5-1391-40a9-a52f-896de477db0e" testId="122455fe-79f5-1209-2010-58a75f33896d" testName="AddSelectedWindowsToExport_ShouldAddToExportData (0)" computerName="DKSR-EFI-06" duration="00:00:00.0060657" startTime="2024-01-09T15:48:45.4162014+01:00" endTime="2024-01-09T15:48:45.4224277+01:00" testType="13cdc9d9-ddb5-4fa4-a97d-d965ccfc6d4b" outcome="Passed" testListId="8c84fa94-04c1-424b-9868-57a2d4851a1d" relativeResultsDirectory="1660c9a5-1391-40a9-a52f-896de477db0e" />
    <UnitTestResult executionId="0df9dfff-8184-4863-adee-ef09900db4d7" testId="1a438984-8e5e-2cb0-c251-969595afcd3b" testName="ScrollIntoView_Async_DefinitionViewAboveOutOfViewPort_Scrolled" computerName="DKSR-EFI-06" duration="00:00:00.0543844" startTime="2024-01-09T15:47:53.0555605+01:00" endTime="2024-01-09T15:47:53.1131311+01:00" testType="13cdc9d9-ddb5-4fa4-a97d-d965ccfc6d4b" outcome="Passed" testListId="8c84fa94-04c1-424b-9868-57a2d4851a1d" relativeResultsDirectory="0df9dfff-8184-4863-adee-ef09900db4d7" />
    <UnitTestResult executionId="02363ce1-634e-4a83-a6dc-f75902044a8f" testId="d2b63634-b2a8-712b-6997-a00fbcbd57df" testName="SearchResultsActionBarActions_CreateSnapshot_InvokeCommand_MultipleSnapshotsSucceeded_CorrectStatusTextShown" computerName="DKSR-EFI-06" duration="00:00:00.0082709" startTime="2024-01-09T15:48:23.1907311+01:00" endTime="2024-01-09T15:48:23.1991608+01:00" testType="13cdc9d9-ddb5-4fa4-a97d-d965ccfc6d4b" outcome="Passed" testListId="8c84fa94-04c1-424b-9868-57a2d4851a1d" relativeResultsDirectory="02363ce1-634e-4a83-a6dc-f75902044a8f" />
    <UnitTestResult executionId="e77df0cd-6e84-40cb-9e21-668233e5db4f" testId="a7073313-f063-a674-8d00-3ff21318e1ce" testName="CreateCameraListItem_ShouldAddRegionSelectionToFilterValue_WhenNotAlreadyPresent" computerName="DKSR-EFI-06" duration="00:00:00.0021897" startTime="2024-01-09T15:48:38.1070452+01:00" endTime="2024-01-09T15:48:38.1095163+01:00" testType="13cdc9d9-ddb5-4fa4-a97d-d965ccfc6d4b" outcome="Passed" testListId="8c84fa94-04c1-424b-9868-57a2d4851a1d" relativeResultsDirectory="e77df0cd-6e84-40cb-9e21-668233e5db4f" />
    <UnitTestResult executionId="8499a461-ce37-47f3-aa90-09856c4cac16" testId="73ba8d8b-63f0-7559-fdd9-22c8ccb33146" testName="UpdateItemState_Hidden_NullCamera" computerName="DKSR-EFI-06" duration="00:00:00.0008412" startTime="2024-01-09T15:48:49.6138941+01:00" endTime="2024-01-09T15:48:49.6148999+01:00" testType="13cdc9d9-ddb5-4fa4-a97d-d965ccfc6d4b" outcome="Passed" testListId="8c84fa94-04c1-424b-9868-57a2d4851a1d" relativeResultsDirectory="8499a461-ce37-47f3-aa90-09856c4cac16" />
    <UnitTestResult executionId="f7ff0c01-fca7-48df-8c91-ef1ac3668748" testId="79975695-e433-2a9b-026b-7999a642c311" testName="BoundingBoxBrowseTimeChangedTest" computerName="DKSR-EFI-06" duration="00:00:00.0207028" startTime="2024-01-09T15:48:46.8153581+01:00" endTime="2024-01-09T15:48:46.8362226+01:00" testType="13cdc9d9-ddb5-4fa4-a97d-d965ccfc6d4b" outcome="Passed" testListId="8c84fa94-04c1-424b-9868-57a2d4851a1d" relativeResultsDirectory="f7ff0c01-fca7-48df-8c91-ef1ac3668748" />
    <UnitTestResult executionId="943530c6-53da-4b00-baea-ac1714c23d3b" testId="311fde88-c34a-c749-87ef-d691bdbb01e5" testName="SearchResultsActionBarActions_DeleteBookmark_SingleResult_DeleteBookmarkInvoked" computerName="DKSR-EFI-06" duration="00:00:00.0286942" startTime="2024-01-09T15:48:23.4480040+01:00" endTime="2024-01-09T15:48:23.4768660+01:00" testType="13cdc9d9-ddb5-4fa4-a97d-d965ccfc6d4b" outcome="Passed" testListId="8c84fa94-04c1-424b-9868-57a2d4851a1d" relativeResultsDirectory="943530c6-53da-4b00-baea-ac1714c23d3b" />
    <UnitTestResult executionId="e1e4fae0-8b6c-485b-886f-bee688ce9917" testId="14375da6-0c80-56ea-8d0d-fd5af8584025" testName="ShouldReturnTrueWhenLevelChanged" computerName="DKSR-EFI-06" duration="00:00:00.0026722" startTime="2024-01-09T15:47:49.8620598+01:00" endTime="2024-01-09T15:47:49.8648738+01:00" testType="13cdc9d9-ddb5-4fa4-a97d-d965ccfc6d4b" outcome="Passed" testListId="8c84fa94-04c1-424b-9868-57a2d4851a1d" relativeResultsDirectory="e1e4fae0-8b6c-485b-886f-bee688ce9917" />
    <UnitTestResult executionId="70dcce42-811e-4abe-bb47-06544ca07f85" testId="62c0f445-e4f5-0b37-109b-e9362caf5a8c" testName="Unrelated_devices_removed_when_camera_removed" computerName="DKSR-EFI-06" duration="00:00:00.0017248" startTime="2024-01-09T15:48:52.5048112+01:00" endTime="2024-01-09T15:48:52.5066590+01:00" testType="13cdc9d9-ddb5-4fa4-a97d-d965ccfc6d4b" outcome="Passed" testListId="8c84fa94-04c1-424b-9868-57a2d4851a1d" relativeResultsDirectory="70dcce42-811e-4abe-bb47-06544ca07f85" />
    <UnitTestResult executionId="50aa289a-1e4b-4c27-90c7-b6e384321c5a" testId="0d83c1ac-5a73-d746-bd8b-9b4e86108c9b" testName="PopulateTooltip_FewResultsFromSingleCamera24Hours_ValidText" computerName="DKSR-EFI-06" duration="00:00:00.0538120" startTime="2024-01-09T15:48:19.0795801+01:00" endTime="2024-01-09T15:48:19.1364429+01:00" testType="13cdc9d9-ddb5-4fa4-a97d-d965ccfc6d4b" outcome="Passed" testListId="8c84fa94-04c1-424b-9868-57a2d4851a1d" relativeResultsDirectory="50aa289a-1e4b-4c27-90c7-b6e384321c5a" />
    <UnitTestResult executionId="8c4d4b51-23b7-4642-a0ff-0322f3a00315" testId="06bd11df-bf70-d0e2-a507-7181600bcc81" testName="AndOrSearchDefinitionToCornerRadiusMultiConverter_CallConvert_FirstAnd" computerName="DKSR-EFI-06" duration="00:00:00.0005159" startTime="2024-01-09T15:48:10.2717900+01:00" endTime="2024-01-09T15:48:10.2724388+01:00" testType="13cdc9d9-ddb5-4fa4-a97d-d965ccfc6d4b" outcome="Passed" testListId="8c84fa94-04c1-424b-9868-57a2d4851a1d" relativeResultsDirectory="8c4d4b51-23b7-4642-a0ff-0322f3a00315" />
    <UnitTestResult executionId="a45733c4-b5dc-40d3-a5af-e70a9b3eb922" testId="86b5c5b9-f5c0-2dad-738f-2d685bd44644" testName="PopulateTooltip_FewResultsFromFewCameras24Hours_ValidText" computerName="DKSR-EFI-06" duration="00:00:00.0730709" startTime="2024-01-09T15:48:19.1921859+01:00" endTime="2024-01-09T15:48:19.2684941+01:00" testType="13cdc9d9-ddb5-4fa4-a97d-d965ccfc6d4b" outcome="Passed" testListId="8c84fa94-04c1-424b-9868-57a2d4851a1d" relativeResultsDirectory="a45733c4-b5dc-40d3-a5af-e70a9b3eb922" />
    <UnitTestResult executionId="d6286bb5-e0e0-4d7b-899e-f370fab8ef5c" testId="866f7855-bb2c-7de3-0df1-014de8905cab" testName="GetDuration_SeveralDays_Success" computerName="DKSR-EFI-06" duration="00:00:00.0002688" startTime="2024-01-09T15:48:25.9150027+01:00" endTime="2024-01-09T15:48:25.9154035+01:00" testType="13cdc9d9-ddb5-4fa4-a97d-d965ccfc6d4b" outcome="Passed" testListId="8c84fa94-04c1-424b-9868-57a2d4851a1d" relativeResultsDirectory="d6286bb5-e0e0-4d7b-899e-f370fab8ef5c" />
    <UnitTestResult executionId="abbceb24-53b8-4569-8acc-78a4374f3ebd" testId="0ae53827-c728-1e97-29dd-bbdf893d6166" testName="PatrollingStepViewModel_SelectPreset" computerName="DKSR-EFI-06" duration="00:00:00.0020898" startTime="2024-01-09T15:48:44.0089194+01:00" endTime="2024-01-09T15:48:44.0111425+01:00" testType="13cdc9d9-ddb5-4fa4-a97d-d965ccfc6d4b" outcome="Passed" testListId="8c84fa94-04c1-424b-9868-57a2d4851a1d" relativeResultsDirectory="abbceb24-53b8-4569-8acc-78a4374f3ebd" />
    <UnitTestResult executionId="df9c5f7c-a198-42b8-b427-fc97692e9bd9" testId="f1e0caf2-26c1-7e52-0baf-d74ce88aa74e" testName="Unrelated_devices_removed_when_unrelated_camera_added" computerName="DKSR-EFI-06" duration="00:00:00.0018180" startTime="2024-01-09T15:48:52.5078166+01:00" endTime="2024-01-09T15:48:52.5097625+01:00" testType="13cdc9d9-ddb5-4fa4-a97d-d965ccfc6d4b" outcome="Passed" testListId="8c84fa94-04c1-424b-9868-57a2d4851a1d" relativeResultsDirectory="df9c5f7c-a198-42b8-b427-fc97692e9bd9" />
    <UnitTestResult executionId="3d9f4a70-69d1-437c-980d-aebe8e871ccc" testId="daf95640-1ecb-1c8c-09bc-d8c8490777c1" testName="SearchCriteriaFilterValues_ValidatePopupFunctionality_Success" computerName="DKSR-EFI-06" duration="00:00:00.0447782" startTime="2024-01-09T15:48:22.1933099+01:00" endTime="2024-01-09T15:48:22.2412869+01:00" testType="13cdc9d9-ddb5-4fa4-a97d-d965ccfc6d4b" outcome="Passed" testListId="8c84fa94-04c1-424b-9868-57a2d4851a1d" relativeResultsDirectory="3d9f4a70-69d1-437c-980d-aebe8e871ccc" />
    <UnitTestResult executionId="e3d8164e-3a29-4a4c-97a0-ea1813962035" testId="1346e005-ae3a-56c9-a07e-e25c215c66a3" testName="ShowPermissionDeniedToasts_ShouldShowCorrectNumberOfToasts (5,1)" computerName="DKSR-EFI-06" duration="00:00:00.0036300" startTime="2024-01-09T15:48:45.5382079+01:00" endTime="2024-01-09T15:48:45.5420093+01:00" testType="13cdc9d9-ddb5-4fa4-a97d-d965ccfc6d4b" outcome="Passed" testListId="8c84fa94-04c1-424b-9868-57a2d4851a1d" relativeResultsDirectory="e3d8164e-3a29-4a4c-97a0-ea1813962035" />
    <UnitTestResult executionId="519f782a-4c05-4190-97f3-971ce100a80a" testId="f948b06a-352e-85e9-1354-e9aec0364e60" testName="Ctor_NullResourceManager_Throws" computerName="DKSR-EFI-06" duration="00:00:00.0204573" startTime="2024-01-09T15:48:23.5021798+01:00" endTime="2024-01-09T15:48:23.5229664+01:00" testType="13cdc9d9-ddb5-4fa4-a97d-d965ccfc6d4b" outcome="Passed" testListId="8c84fa94-04c1-424b-9868-57a2d4851a1d" relativeResultsDirectory="519f782a-4c05-4190-97f3-971ce100a80a" />
    <UnitTestResult executionId="895972c5-27ce-4db8-90c5-d0827d7b44bc" testId="2ee134e1-115d-c1eb-9935-4d228f8143e5" testName="OnLoaded_ValidConfigurationNoInlineEdit_InlineAttributeEditControlNotSet" computerName="DKSR-EFI-06" duration="00:00:00.0773190" startTime="2024-01-09T15:47:53.3041461+01:00" endTime="2024-01-09T15:47:53.3843362+01:00" testType="13cdc9d9-ddb5-4fa4-a97d-d965ccfc6d4b" outcome="Passed" testListId="8c84fa94-04c1-424b-9868-57a2d4851a1d" relativeResultsDirectory="895972c5-27ce-4db8-90c5-d0827d7b44bc" />
    <UnitTestResult executionId="4443a45a-61ad-49e5-a334-c914ffdadae7" testId="3dd17c2d-4aaa-fdf7-41d3-a00ff3aff086" testName="Constructor_ShouldRaiseArgumentNullException_WhenNextDeviceDataHandlerIsNull" computerName="DKSR-EFI-06" duration="00:00:00.0058705" startTime="2024-01-09T15:47:50.7888331+01:00" endTime="2024-01-09T15:47:50.7948984+01:00" testType="13cdc9d9-ddb5-4fa4-a97d-d965ccfc6d4b" outcome="Passed" testListId="8c84fa94-04c1-424b-9868-57a2d4851a1d" relativeResultsDirectory="4443a45a-61ad-49e5-a334-c914ffdadae7" />
    <UnitTestResult executionId="61423373-74b9-424e-b70a-f0b9d43097d0" testId="8029d216-4010-3441-1bae-329046b8b3a9" testName="OnLoaded_UserControlIsLoadingEventChanges_Success" computerName="DKSR-EFI-06" duration="00:00:00.0169322" startTime="2024-01-09T15:47:54.6747503+01:00" endTime="2024-01-09T15:47:54.6952769+01:00" testType="13cdc9d9-ddb5-4fa4-a97d-d965ccfc6d4b" outcome="Passed" testListId="8c84fa94-04c1-424b-9868-57a2d4851a1d" relativeResultsDirectory="61423373-74b9-424e-b70a-f0b9d43097d0" />
    <UnitTestResult executionId="964ffe4e-806c-4337-b6a8-9fca815265a0" testId="45f53e24-e644-c161-a854-8f98e8cdbf61" testName="DisplayErrorOnNotificationArea_UnknownSearchError_LoggingDisabled_Success" computerName="DKSR-EFI-06" duration="00:00:00.0094633" startTime="2024-01-09T15:48:25.1452393+01:00" endTime="2024-01-09T15:48:25.1548487+01:00" testType="13cdc9d9-ddb5-4fa4-a97d-d965ccfc6d4b" outcome="Passed" testListId="8c84fa94-04c1-424b-9868-57a2d4851a1d" relativeResultsDirectory="964ffe4e-806c-4337-b6a8-9fca815265a0" />
    <UnitTestResult executionId="7369063f-7ab2-44ba-bd06-0543fdfc3fc2" testId="b15c0dd5-d448-b8b2-12b9-2297f983e50d" testName="SearchResultsActionBarActions_CreateEvidenceLock_OptionUnavailable_NotEnabled" computerName="DKSR-EFI-06" duration="00:00:00.0067378" startTime="2024-01-09T15:48:23.1146408+01:00" endTime="2024-01-09T15:48:23.1215702+01:00" testType="13cdc9d9-ddb5-4fa4-a97d-d965ccfc6d4b" outcome="Passed" testListId="8c84fa94-04c1-424b-9868-57a2d4851a1d" relativeResultsDirectory="7369063f-7ab2-44ba-bd06-0543fdfc3fc2" />
    <UnitTestResult executionId="ba7bc306-2916-4fd1-99a8-c3483fbb6cc0" testId="43ebd83e-9e77-e80a-e383-3f96bfb58151" testName="TwelveHours_Success" computerName="DKSR-EFI-06" duration="00:00:00.0001614" startTime="2024-01-09T15:48:26.1053966+01:00" endTime="2024-01-09T15:48:26.1056841+01:00" testType="13cdc9d9-ddb5-4fa4-a97d-d965ccfc6d4b" outcome="Passed" testListId="8c84fa94-04c1-424b-9868-57a2d4851a1d" relativeResultsDirectory="ba7bc306-2916-4fd1-99a8-c3483fbb6cc0" />
    <UnitTestResult executionId="cffe33a4-6cef-4d55-9701-ac1acc78974e" testId="c0fbebe8-662e-1768-fb63-e3fa6064e5a1" testName="VideoResultSearchResult_Properties_CollectedAndDisplayed" computerName="DKSR-EFI-06" duration="00:00:00.0436485" startTime="2024-01-09T15:48:10.3839019+01:00" endTime="2024-01-09T15:48:10.4304358+01:00" testType="13cdc9d9-ddb5-4fa4-a97d-d965ccfc6d4b" outcome="Passed" testListId="8c84fa94-04c1-424b-9868-57a2d4851a1d" relativeResultsDirectory="cffe33a4-6cef-4d55-9701-ac1acc78974e" />
    <UnitTestResult executionId="23c0bddb-c322-4d62-900f-b12180b554aa" testId="bdb27dac-eff0-8887-ff55-d405cca80355" testName="Ctor_WpfMessageBoxButtonIsSetToYesNoCancel_OnlyYesNoCancelButtonsVisible" computerName="DKSR-EFI-06" duration="00:00:00.0005398" startTime="2024-01-09T15:48:45.0016784+01:00" endTime="2024-01-09T15:48:45.0024238+01:00" testType="13cdc9d9-ddb5-4fa4-a97d-d965ccfc6d4b" outcome="Passed" testListId="8c84fa94-04c1-424b-9868-57a2d4851a1d" relativeResultsDirectory="23c0bddb-c322-4d62-900f-b12180b554aa" />
    <UnitTestResult executionId="196ae8bc-9963-4fc0-bf96-439aec652777" testId="7cef2a09-ed80-a76c-b595-1833aff59ca7" testName="EndTimeWithPadding_ShouldBeSetToValueOfSearchResult" computerName="DKSR-EFI-06" duration="00:00:00.0002753" startTime="2024-01-09T15:48:26.7392679+01:00" endTime="2024-01-09T15:48:26.7396681+01:00" testType="13cdc9d9-ddb5-4fa4-a97d-d965ccfc6d4b" outcome="Passed" testListId="8c84fa94-04c1-424b-9868-57a2d4851a1d" relativeResultsDirectory="196ae8bc-9963-4fc0-bf96-439aec652777" />
    <UnitTestResult executionId="2b561ac6-5e98-4ec5-86f0-e679b9d7e5d3" testId="4b45c6e7-7f37-b930-8977-ed2b5f3bab07" testName="ToNormalizedDirection_OutOfRange_Minus2PI_Fail" computerName="DKSR-EFI-06" duration="00:00:00.0002553" startTime="2024-01-09T15:48:38.6449205+01:00" endTime="2024-01-09T15:48:38.6453346+01:00" testType="13cdc9d9-ddb5-4fa4-a97d-d965ccfc6d4b" outcome="Passed" testListId="8c84fa94-04c1-424b-9868-57a2d4851a1d" relativeResultsDirectory="2b561ac6-5e98-4ec5-86f0-e679b9d7e5d3" />
    <UnitTestResult executionId="d6badcf8-3acc-4a42-a797-1e9ed647c9a9" testId="443c2399-34e1-f6f5-cccc-278f0b0d999a" testName="AudioControllerOnDevicesLockEvent_ShouldNotEnableMicrophones_WhenUnlockingAudioDevicesAndApplicationIsInBrowseMode" computerName="DKSR-EFI-06" duration="00:00:00.0128455" startTime="2024-01-09T15:48:41.2593936+01:00" endTime="2024-01-09T15:48:41.2745723+01:00" testType="13cdc9d9-ddb5-4fa4-a97d-d965ccfc6d4b" outcome="Passed" testListId="8c84fa94-04c1-424b-9868-57a2d4851a1d" relativeResultsDirectory="d6badcf8-3acc-4a42-a797-1e9ed647c9a9" />
    <UnitTestResult executionId="7b069793-4334-4ca0-8712-59186d6c5a39" testId="dfb5cf56-cecf-f905-a0de-98205eae9749" testName="RightButtonUp_ShouldNotChangeActiveInteractionState_WhenInteractionStateIsAddNewDevice" computerName="DKSR-EFI-06" duration="00:00:00.0095133" startTime="2024-01-09T15:47:46.1046021+01:00" endTime="2024-01-09T15:47:46.1165301+01:00" testType="13cdc9d9-ddb5-4fa4-a97d-d965ccfc6d4b" outcome="Passed" testListId="8c84fa94-04c1-424b-9868-57a2d4851a1d" relativeResultsDirectory="7b069793-4334-4ca0-8712-59186d6c5a39" />
    <UnitTestResult executionId="0d8fbf89-03ff-47a0-aa39-714f4c736313" testId="a2a3a958-6508-e929-6708-500cc4e3cc3a" testName="PatrollingProfileViewModelTest_IsInEditMode_IsNotInEditMode_Unset" computerName="DKSR-EFI-06" duration="00:00:00.0017779" startTime="2024-01-09T15:48:43.9111066+01:00" endTime="2024-01-09T15:48:43.9130213+01:00" testType="13cdc9d9-ddb5-4fa4-a97d-d965ccfc6d4b" outcome="Passed" testListId="8c84fa94-04c1-424b-9868-57a2d4851a1d" relativeResultsDirectory="0d8fbf89-03ff-47a0-aa39-714f4c736313" />
    <UnitTestResult executionId="c80760c2-a887-49be-a569-56277b8a0437" testId="cb217fc0-412f-9e5e-8b31-b39324af2ee8" testName="SearchAction_BrowseMode_OneYearInTheFuture" computerName="DKSR-EFI-06" duration="00:00:00.0082423" startTime="2024-01-09T15:48:45.9443643+01:00" endTime="2024-01-09T15:48:45.9527681+01:00" testType="13cdc9d9-ddb5-4fa4-a97d-d965ccfc6d4b" outcome="Passed" testListId="8c84fa94-04c1-424b-9868-57a2d4851a1d" relativeResultsDirectory="c80760c2-a887-49be-a569-56277b8a0437" />
    <UnitTestResult executionId="635a913a-e6d6-4589-ad2f-278d85ecbf8c" testId="a43f900e-4fec-3e1d-f2a5-059d8a29dd3c" testName="BuildMapOptions_ShouldHandleSecretStringOptionsCorrectly (GisMapBingMapKey,,False)" computerName="DKSR-EFI-06" duration="00:00:00.0007361" startTime="2024-01-09T15:48:51.5597028+01:00" endTime="2024-01-09T15:48:51.5605955+01:00" testType="13cdc9d9-ddb5-4fa4-a97d-d965ccfc6d4b" outcome="Passed" testListId="8c84fa94-04c1-424b-9868-57a2d4851a1d" relativeResultsDirectory="635a913a-e6d6-4589-ad2f-278d85ecbf8c" />
    <UnitTestResult executionId="1f87c014-efae-4094-9b65-0e413604edda" testId="d72e9a2a-9534-badd-5a74-22ef698e678e" testName="PtzSessionControllerInfo_UserChangedTest_NoChange" computerName="DKSR-EFI-06" duration="00:00:00.0002562" startTime="2024-01-09T15:47:43.2052357+01:00" endTime="2024-01-09T15:47:43.2056231+01:00" testType="13cdc9d9-ddb5-4fa4-a97d-d965ccfc6d4b" outcome="Passed" testListId="8c84fa94-04c1-424b-9868-57a2d4851a1d" relativeResultsDirectory="1f87c014-efae-4094-9b65-0e413604edda" />
    <UnitTestResult executionId="e72b2e95-8173-4c77-8f48-f5fb669155e4" testId="62ccd416-325f-fc18-4621-c0f70b480ec4" testName="MonitorLiveState_Deserialize_Success" computerName="DKSR-EFI-06" duration="00:00:00.0039498" startTime="2024-01-09T15:48:52.8821009+01:00" endTime="2024-01-09T15:48:52.8861958+01:00" testType="13cdc9d9-ddb5-4fa4-a97d-d965ccfc6d4b" outcome="Passed" testListId="8c84fa94-04c1-424b-9868-57a2d4851a1d" relativeResultsDirectory="e72b2e95-8173-4c77-8f48-f5fb669155e4" />
    <UnitTestResult executionId="c983595a-8d82-408e-a67b-fa7439b47b7c" testId="eef2616b-2ca4-c350-22c0-5b72ecd848dd" testName="UpdateSearchTemplateAsync_Succeeds_Success" computerName="DKSR-EFI-06" duration="00:00:00.0034954" startTime="2024-01-09T15:48:26.0686643+01:00" endTime="2024-01-09T15:48:26.0722976+01:00" testType="13cdc9d9-ddb5-4fa4-a97d-d965ccfc6d4b" outcome="Passed" testListId="8c84fa94-04c1-424b-9868-57a2d4851a1d" relativeResultsDirectory="c983595a-8d82-408e-a67b-fa7439b47b7c" />
    <UnitTestResult executionId="a3841bbf-b9a0-49cc-ac00-6bf09ce9a943" testId="b475e3ab-bcbc-5954-7660-9f7524c4b9d5" testName="NearestPossibleZoomLevel_ShouldReturnMin_WhenScaleIs0" computerName="DKSR-EFI-06" duration="00:00:00.0038569" startTime="2024-01-09T15:47:47.2544899+01:00" endTime="2024-01-09T15:47:47.2585208+01:00" testType="13cdc9d9-ddb5-4fa4-a97d-d965ccfc6d4b" outcome="Passed" testListId="8c84fa94-04c1-424b-9868-57a2d4851a1d" relativeResultsDirectory="a3841bbf-b9a0-49cc-ac00-6bf09ce9a943" />
    <UnitTestResult executionId="b8172e4f-b51b-4bf6-b07a-4fcdbfb32153" testId="5ea77848-9cab-6829-7cc9-030d32485ccd" testName="TryGetOsmServerTileAddress_ShouldReturnFalse_WhenOsmServerAddressIsEmpty" computerName="DKSR-EFI-06" duration="00:00:00.0001838" startTime="2024-01-09T15:48:43.0252271+01:00" endTime="2024-01-09T15:48:43.0255891+01:00" testType="13cdc9d9-ddb5-4fa4-a97d-d965ccfc6d4b" outcome="Passed" testListId="8c84fa94-04c1-424b-9868-57a2d4851a1d" relativeResultsDirectory="b8172e4f-b51b-4bf6-b07a-4fcdbfb32153" />
    <UnitTestResult executionId="e4bf15f3-883e-4369-8e9b-cf2fb670d7c2" testId="faa83ec7-f24a-086a-e966-e8c82cf7330a" testName="Detach_ShouldDetachWindowMouseDownEvent_WhenAttachWasCalledPreviously" computerName="DKSR-EFI-06" duration="00:00:00.0018413" startTime="2024-01-09T15:47:44.3959589+01:00" endTime="2024-01-09T15:47:44.4001060+01:00" testType="13cdc9d9-ddb5-4fa4-a97d-d965ccfc6d4b" outcome="Passed" testListId="8c84fa94-04c1-424b-9868-57a2d4851a1d" relativeResultsDirectory="e4bf15f3-883e-4369-8e9b-cf2fb670d7c2" />
    <UnitTestResult executionId="e1fc0614-7bd2-4513-80bd-72bcf1004aed" testId="74bce2b8-452d-5f85-d604-2ca1701607c3" testName="SearchResultsActionBarActions_Export_Exists" computerName="DKSR-EFI-06" duration="00:00:00.0059613" startTime="2024-01-09T15:48:22.6269149+01:00" endTime="2024-01-09T15:48:22.6330347+01:00" testType="13cdc9d9-ddb5-4fa4-a97d-d965ccfc6d4b" outcome="Passed" testListId="8c84fa94-04c1-424b-9868-57a2d4851a1d" relativeResultsDirectory="e1fc0614-7bd2-4513-80bd-72bcf1004aed" />
    <UnitTestResult executionId="79b91dcc-ae3c-47af-9122-959463fea5f1" testId="e00876fb-cb05-16ea-34dd-7b76a35afbc9" testName="Password1 valid, Password 2 invalid, same length" computerName="DKSR-EFI-06" duration="00:00:00.0001038" startTime="2024-01-09T15:47:52.2126001+01:00" endTime="2024-01-09T15:47:52.2128306+01:00" testType="13cdc9d9-ddb5-4fa4-a97d-d965ccfc6d4b" outcome="Passed" testListId="8c84fa94-04c1-424b-9868-57a2d4851a1d" relativeResultsDirectory="79b91dcc-ae3c-47af-9122-959463fea5f1" />
    <UnitTestResult executionId="fe4a3a33-b0cb-45a0-99c5-6fff5fbea5d7" testId="f5dc02d2-c831-9a51-1ebc-8f8a343ea344" testName="Convert_ShouldReturnFalse_WhenParameterContainsValue" computerName="DKSR-EFI-06" duration="00:00:00.0001801" startTime="2024-01-09T15:47:44.4139674+01:00" endTime="2024-01-09T15:47:44.4142491+01:00" testType="13cdc9d9-ddb5-4fa4-a97d-d965ccfc6d4b" outcome="Passed" testListId="8c84fa94-04c1-424b-9868-57a2d4851a1d" relativeResultsDirectory="fe4a3a33-b0cb-45a0-99c5-6fff5fbea5d7" />
    <UnitTestResult executionId="a6e863ad-0096-4e8b-8df9-72ece0e87b3e" testId="29952541-0072-8c3b-e8db-a524fa1509da" testName="RemoveSelectedCameraCommand_WithActiveSearchTemplateAndValidCamera_ActiveSearchTemplateModifiedSet" computerName="DKSR-EFI-06" duration="00:00:00.0062822" startTime="2024-01-09T15:48:24.7873009+01:00" endTime="2024-01-09T15:48:24.7937355+01:00" testType="13cdc9d9-ddb5-4fa4-a97d-d965ccfc6d4b" outcome="Passed" testListId="8c84fa94-04c1-424b-9868-57a2d4851a1d" relativeResultsDirectory="a6e863ad-0096-4e8b-8df9-72ece0e87b3e" />
    <UnitTestResult executionId="35898b8a-1195-49fb-ac7d-324556a1ee2f" testId="d2403e41-fe85-53e9-35b9-5ba516826082" testName="MapOutputIcons_WhenMilestoneOemResource_ShouldReturnTwoIcons" computerName="DKSR-EFI-06" duration="00:00:00.0578718" startTime="2024-01-09T15:48:50.7676032+01:00" endTime="2024-01-09T15:48:50.8256791+01:00" testType="13cdc9d9-ddb5-4fa4-a97d-d965ccfc6d4b" outcome="Passed" testListId="8c84fa94-04c1-424b-9868-57a2d4851a1d" relativeResultsDirectory="35898b8a-1195-49fb-ac7d-324556a1ee2f" />
    <UnitTestResult executionId="40437b91-7bff-4409-80cd-b0c8199a98b0" testId="dcdbbe69-ab49-7246-fc1b-b94cfe92e639" testName="ServerAuthentication_ShouldReturnLegacyWindows_WhenConstructedUsingWindows" computerName="DKSR-EFI-06" duration="00:00:00.0001543" startTime="2024-01-09T15:47:43.3747618+01:00" endTime="2024-01-09T15:47:43.3750375+01:00" testType="13cdc9d9-ddb5-4fa4-a97d-d965ccfc6d4b" outcome="Passed" testListId="8c84fa94-04c1-424b-9868-57a2d4851a1d" relativeResultsDirectory="40437b91-7bff-4409-80cd-b0c8199a98b0" />
    <UnitTestResult executionId="38adae2b-caa0-4e29-b212-a24f24f5e992" testId="c5b82386-ac03-bc8b-608e-5bd976068876" testName="SerializeDeserialize_RoundTripWithValues_Equals" computerName="DKSR-EFI-06" duration="00:00:00.0027498" startTime="2024-01-09T15:48:46.0037629+01:00" endTime="2024-01-09T15:48:46.0066504+01:00" testType="13cdc9d9-ddb5-4fa4-a97d-d965ccfc6d4b" outcome="Passed" testListId="8c84fa94-04c1-424b-9868-57a2d4851a1d" relativeResultsDirectory="38adae2b-caa0-4e29-b212-a24f24f5e992" />
    <UnitTestResult executionId="59fb9b7b-cadb-40de-9732-664c19cb916e" testId="fb9b6cec-ea3c-18e4-a458-d89d0dfaac9b" testName="GetIsOpenStreetMapValid_ShouldReturnFalse_WhenGeographicLayerIsUnavailableAndAlternativeServerIsEmpty" computerName="DKSR-EFI-06" duration="00:00:00.0005291" startTime="2024-01-09T15:48:43.0088111+01:00" endTime="2024-01-09T15:48:43.0095439+01:00" testType="13cdc9d9-ddb5-4fa4-a97d-d965ccfc6d4b" outcome="Passed" testListId="8c84fa94-04c1-424b-9868-57a2d4851a1d" relativeResultsDirectory="59fb9b7b-cadb-40de-9732-664c19cb916e" />
    <UnitTestResult executionId="76196dc6-bdac-4b67-8750-5d75a99c2bfb" testId="7e58be8f-9941-69cb-e59f-eb5323ed9f2d" testName="SupportsRightClick_ShouldBeTrue_WhenInteractionStateIsNormal" computerName="DKSR-EFI-06" duration="00:00:00.0594291" startTime="2024-01-09T15:47:49.1655245+01:00" endTime="2024-01-09T15:47:49.2295831+01:00" testType="13cdc9d9-ddb5-4fa4-a97d-d965ccfc6d4b" outcome="Passed" testListId="8c84fa94-04c1-424b-9868-57a2d4851a1d" relativeResultsDirectory="76196dc6-bdac-4b67-8750-5d75a99c2bfb" />
    <UnitTestResult executionId="d8944b80-1117-4a8b-82a9-403362ff3f08" testId="2690c66e-1a17-c167-c5a2-9a34963b7540" testName="Execute_CancelCommand_DialogResultReturnsFalse" computerName="DKSR-EFI-06" duration="00:00:00.0007443" startTime="2024-01-09T15:48:45.0064476+01:00" endTime="2024-01-09T15:48:45.0073321+01:00" testType="13cdc9d9-ddb5-4fa4-a97d-d965ccfc6d4b" outcome="Passed" testListId="8c84fa94-04c1-424b-9868-57a2d4851a1d" relativeResultsDirectory="d8944b80-1117-4a8b-82a9-403362ff3f08" />
    <UnitTestResult executionId="1450b759-f277-4896-a408-d17bfb95c4d3" testId="fcfc9cad-5753-f6cc-59a6-f568d4caf2fd" testName="Ctor_Success" computerName="DKSR-EFI-06" duration="00:00:00.0012027" startTime="2024-01-09T15:48:22.3587712+01:00" endTime="2024-01-09T15:48:22.3601213+01:00" testType="13cdc9d9-ddb5-4fa4-a97d-d965ccfc6d4b" outcome="Passed" testListId="8c84fa94-04c1-424b-9868-57a2d4851a1d" relativeResultsDirectory="1450b759-f277-4896-a408-d17bfb95c4d3" />
    <UnitTestResult executionId="67d93f7b-8e87-4bcf-ac16-04351b299790" testId="3a324bfc-234e-c9df-2934-23de7ff42e44" testName="TriggerTime_ShouldBeSetToValueOfSearchResult" computerName="DKSR-EFI-06" duration="00:00:00.0002589" startTime="2024-01-09T15:48:26.7375449+01:00" endTime="2024-01-09T15:48:26.7379345+01:00" testType="13cdc9d9-ddb5-4fa4-a97d-d965ccfc6d4b" outcome="Passed" testListId="8c84fa94-04c1-424b-9868-57a2d4851a1d" relativeResultsDirectory="67d93f7b-8e87-4bcf-ac16-04351b299790" />
    <UnitTestResult executionId="61c533ed-2daf-4642-b238-237a3a4a0f99" testId="135e5704-6a7d-41be-b6f0-09a10aa88b3e" testName="FocusedSearchResultChanged_MapControlDisposed_CallIgnored" computerName="DKSR-EFI-06" duration="00:00:00.0075926" startTime="2024-01-09T15:48:22.1643027+01:00" endTime="2024-01-09T15:48:22.1744994+01:00" testType="13cdc9d9-ddb5-4fa4-a97d-d965ccfc6d4b" outcome="Passed" testListId="8c84fa94-04c1-424b-9868-57a2d4851a1d" relativeResultsDirectory="61c533ed-2daf-4642-b238-237a3a4a0f99" />
    <UnitTestResult executionId="43bd00c7-7a12-4f22-8818-f7066b5d3a4f" testId="a7e344e1-2528-5469-f149-8c729b6a9d91" testName="SupportsRightClick_ShouldBeFalse_WhenInteractionStateIsNotNormal" computerName="DKSR-EFI-06" duration="00:00:00.0150114" startTime="2024-01-09T15:47:47.5270244+01:00" endTime="2024-01-09T15:47:47.5446367+01:00" testType="13cdc9d9-ddb5-4fa4-a97d-d965ccfc6d4b" outcome="Passed" testListId="8c84fa94-04c1-424b-9868-57a2d4851a1d" relativeResultsDirectory="43bd00c7-7a12-4f22-8818-f7066b5d3a4f" />
    <UnitTestResult executionId="436a3270-8db1-4b45-85bd-e7dd02a6ff27" testId="40053e00-4502-6843-1f1d-ac2a3e574fe1" testName="MuteMicrophone_ShouldBeCalled_WhenMicrophoneStateGoesFromUnmutedToMuted" computerName="DKSR-EFI-06" duration="00:00:00.0079893" startTime="2024-01-09T15:48:39.8862140+01:00" endTime="2024-01-09T15:48:39.8943459+01:00" testType="13cdc9d9-ddb5-4fa4-a97d-d965ccfc6d4b" outcome="Passed" testListId="8c84fa94-04c1-424b-9868-57a2d4851a1d" relativeResultsDirectory="436a3270-8db1-4b45-85bd-e7dd02a6ff27" />
    <UnitTestResult executionId="9550717e-4fd5-4e21-be56-5e2628ecd1fe" testId="f959810f-2600-c7c3-3e3a-8928298ba128" testName="SetItemOutlines_OutlinesNull_Success" computerName="DKSR-EFI-06" duration="00:00:00.0105995" startTime="2024-01-09T15:47:50.0080004+01:00" endTime="2024-01-09T15:47:50.0210818+01:00" testType="13cdc9d9-ddb5-4fa4-a97d-d965ccfc6d4b" outcome="Passed" testListId="8c84fa94-04c1-424b-9868-57a2d4851a1d" relativeResultsDirectory="9550717e-4fd5-4e21-be56-5e2628ecd1fe" />
    <UnitTestResult executionId="30ad60e8-fd92-4bd9-a61c-99ce7670ba90" testId="16cbfe5e-7bb9-3462-1447-f565ffc95fc8" testName="HandleSetLayerFeatures_ShouldRaiseArgumentException_WhenIsCalled" computerName="DKSR-EFI-06" duration="00:00:00.0003589" startTime="2024-01-09T15:48:42.9742086+01:00" endTime="2024-01-09T15:48:42.9747407+01:00" testType="13cdc9d9-ddb5-4fa4-a97d-d965ccfc6d4b" outcome="Passed" testListId="8c84fa94-04c1-424b-9868-57a2d4851a1d" relativeResultsDirectory="30ad60e8-fd92-4bd9-a61c-99ce7670ba90" />
    <UnitTestResult executionId="45c20225-c313-4678-8895-a396128df69e" testId="c0f25cd3-6ed3-eae8-438d-18b69791b31c" testName="DateToStringConverter_Ctor_Success" computerName="DKSR-EFI-06" duration="00:00:00.0027831" startTime="2024-01-09T15:48:10.2757385+01:00" endTime="2024-01-09T15:48:10.2788015+01:00" testType="13cdc9d9-ddb5-4fa4-a97d-d965ccfc6d4b" outcome="Passed" testListId="8c84fa94-04c1-424b-9868-57a2d4851a1d" relativeResultsDirectory="45c20225-c313-4678-8895-a396128df69e" />
    <UnitTestResult executionId="a6a03baa-ef1c-48fd-99df-54a7074b7970" testId="b380b0ee-9aa4-cd9d-29ce-2b0885fdf47b" testName="BoundingBoxBrowseTimeChangedTestYoungData" computerName="DKSR-EFI-06" duration="00:00:00.0049785" startTime="2024-01-09T15:48:46.8428022+01:00" endTime="2024-01-09T15:48:46.8479299+01:00" testType="13cdc9d9-ddb5-4fa4-a97d-d965ccfc6d4b" outcome="Passed" testListId="8c84fa94-04c1-424b-9868-57a2d4851a1d" relativeResultsDirectory="a6a03baa-ef1c-48fd-99df-54a7074b7970" />
    <UnitTestResult executionId="1c0a83c3-2bfd-4202-a9d5-a5ef01309347" testId="3ab16e75-8a5c-b09f-3b52-52df61cf6c95" testName="JobData_SetsCorrect_StatusText_And_SortOrder" computerName="DKSR-EFI-06" duration="00:00:00.0975696" startTime="2024-01-09T15:48:44.1138693+01:00" endTime="2024-01-09T15:48:44.2117630+01:00" testType="13cdc9d9-ddb5-4fa4-a97d-d965ccfc6d4b" outcome="Passed" testListId="8c84fa94-04c1-424b-9868-57a2d4851a1d" relativeResultsDirectory="1c0a83c3-2bfd-4202-a9d5-a5ef01309347" />
    <UnitTestResult executionId="923deba9-01d6-4f6d-bf3c-2e83080c7d70" testId="9338997c-d9a9-672b-42cd-fbb543d1c72e" testName="SearchResultsActionBarActions_Export_InvokeCommand_DeviceNotAvailable_Failure" computerName="DKSR-EFI-06" duration="00:00:00.0129583" startTime="2024-01-09T15:48:22.9051467+01:00" endTime="2024-01-09T15:48:22.9182649+01:00" testType="13cdc9d9-ddb5-4fa4-a97d-d965ccfc6d4b" outcome="Passed" testListId="8c84fa94-04c1-424b-9868-57a2d4851a1d" relativeResultsDirectory="923deba9-01d6-4f6d-bf3c-2e83080c7d70" />
    <UnitTestResult executionId="abe678cc-f3e0-48f9-b015-9fedae4b43d7" testId="8a331f63-bf32-57ca-e19f-2c5fb3b70109" testName="SupportsDoubleClick_ShouldBeTrue_WhenInteractionStateIsNormalAndInSetupMode" computerName="DKSR-EFI-06" duration="00:00:00.0253299" startTime="2024-01-09T15:47:47.7189989+01:00" endTime="2024-01-09T15:47:47.7468227+01:00" testType="13cdc9d9-ddb5-4fa4-a97d-d965ccfc6d4b" outcome="Passed" testListId="8c84fa94-04c1-424b-9868-57a2d4851a1d" relativeResultsDirectory="abe678cc-f3e0-48f9-b015-9fedae4b43d7" />
    <UnitTestResult executionId="24991cea-caf9-4d19-a244-13fb98a5782f" testId="a29ab1db-8305-8d4c-4b34-cf235b407b90" testName="TestHasCapapability_GreaterThan_Success" computerName="DKSR-EFI-06" duration="00:00:00.0001583" startTime="2024-01-09T15:48:43.1523180+01:00" endTime="2024-01-09T15:48:43.1525949+01:00" testType="13cdc9d9-ddb5-4fa4-a97d-d965ccfc6d4b" outcome="Passed" testListId="8c84fa94-04c1-424b-9868-57a2d4851a1d" relativeResultsDirectory="24991cea-caf9-4d19-a244-13fb98a5782f" />
    <UnitTestResult executionId="2f4d3734-cc42-40b0-bd3b-525b3622ca86" testId="c182b392-9fcc-95a2-7938-cd3b2c46ad54" testName="RemoveMicTest" computerName="DKSR-EFI-06" duration="00:00:00.0006347" startTime="2024-01-09T15:47:43.4224844+01:00" endTime="2024-01-09T15:47:43.4232589+01:00" testType="13cdc9d9-ddb5-4fa4-a97d-d965ccfc6d4b" outcome="Passed" testListId="8c84fa94-04c1-424b-9868-57a2d4851a1d" relativeResultsDirectory="2f4d3734-cc42-40b0-bd3b-525b3622ca86" />
    <UnitTestResult executionId="6ebd8659-fb99-4875-b690-d2cfaad79a67" testId="5e9a784a-512a-9e3c-4365-749c6efbd67e" testName="GetClusters_ShouldIncludeItemFromBuildingIntoSuperClusterOutsideBuilding_WhenBuildingIsTooSmallToRender" computerName="DKSR-EFI-06" duration="00:00:00.0059522" startTime="2024-01-09T15:48:43.6579037+01:00" endTime="2024-01-09T15:48:43.6641421+01:00" testType="13cdc9d9-ddb5-4fa4-a97d-d965ccfc6d4b" outcome="Passed" testListId="8c84fa94-04c1-424b-9868-57a2d4851a1d" relativeResultsDirectory="6ebd8659-fb99-4875-b690-d2cfaad79a67" />
    <UnitTestResult executionId="1f477428-5b6c-4320-837a-9021c6ed8571" testId="0d6c642a-81af-572a-f3ab-8e4b1d302c6a" testName="ShouldReturnTrueWhenScaleChanged" computerName="DKSR-EFI-06" duration="00:00:00.0009894" startTime="2024-01-09T15:47:49.8386671+01:00" endTime="2024-01-09T15:47:49.8397981+01:00" testType="13cdc9d9-ddb5-4fa4-a97d-d965ccfc6d4b" outcome="Passed" testListId="8c84fa94-04c1-424b-9868-57a2d4851a1d" relativeResultsDirectory="1f477428-5b6c-4320-837a-9021c6ed8571" />
    <UnitTestResult executionId="6052abd6-af76-4322-8db3-991f1e8051eb" testId="2a44ed0f-e637-248d-7f45-7c53931a1bbe" testName="Close_NotMainController_StateNotSaved" computerName="DKSR-EFI-06" duration="00:00:00.0046824" startTime="2024-01-09T15:47:52.4868667+01:00" endTime="2024-01-09T15:47:52.4917002+01:00" testType="13cdc9d9-ddb5-4fa4-a97d-d965ccfc6d4b" outcome="Passed" testListId="8c84fa94-04c1-424b-9868-57a2d4851a1d" relativeResultsDirectory="6052abd6-af76-4322-8db3-991f1e8051eb" />
    <UnitTestResult executionId="447f26f5-3918-42f6-bc3d-50280a6ddb62" testId="efa5f5d5-e246-d31e-90ae-ee25a83e9147" testName="LoadBuilding_DefaultLevel_Selected" computerName="DKSR-EFI-06" duration="00:00:00.0150818" startTime="2024-01-09T15:48:38.5881206+01:00" endTime="2024-01-09T15:48:38.6033944+01:00" testType="13cdc9d9-ddb5-4fa4-a97d-d965ccfc6d4b" outcome="Passed" testListId="8c84fa94-04c1-424b-9868-57a2d4851a1d" relativeResultsDirectory="447f26f5-3918-42f6-bc3d-50280a6ddb62" />
    <UnitTestResult executionId="a5affe2c-6838-4465-8922-7c84c019bd3d" testId="17ba5638-6ea6-b4d6-f1bc-1949b3768658" testName="PopulateTooltip_FewResultsFromFewCameras12Hours_ValidText" computerName="DKSR-EFI-06" duration="00:00:00.0506278" startTime="2024-01-09T15:48:19.1370534+01:00" endTime="2024-01-09T15:48:19.1908449+01:00" testType="13cdc9d9-ddb5-4fa4-a97d-d965ccfc6d4b" outcome="Passed" testListId="8c84fa94-04c1-424b-9868-57a2d4851a1d" relativeResultsDirectory="a5affe2c-6838-4465-8922-7c84c019bd3d" />
    <UnitTestResult executionId="36208a9b-bc05-42db-8cd3-e3e5c5cafc44" testId="c1d7928e-75c0-4c88-3fea-e132fd775b5e" testName="PatrollingProfileViewModelTest_patrollingProfileViewModel_PropertyChanged" computerName="DKSR-EFI-06" duration="00:00:00.0014825" startTime="2024-01-09T15:48:43.8878811+01:00" endTime="2024-01-09T15:48:43.8895045+01:00" testType="13cdc9d9-ddb5-4fa4-a97d-d965ccfc6d4b" outcome="Passed" testListId="8c84fa94-04c1-424b-9868-57a2d4851a1d" relativeResultsDirectory="36208a9b-bc05-42db-8cd3-e3e5c5cafc44" />
    <UnitTestResult executionId="ffdb3c4b-372d-4c5e-8c11-814c418ce1b4" testId="90f79a7f-93e8-4862-4be1-6691fb292404" testName="AndOrSearchDefinitionToCornerRadiusMultiConverter_CallConvert_SingleAnd" computerName="DKSR-EFI-06" duration="00:00:00.0006571" startTime="2024-01-09T15:48:10.2705356+01:00" endTime="2024-01-09T15:48:10.2713549+01:00" testType="13cdc9d9-ddb5-4fa4-a97d-d965ccfc6d4b" outcome="Passed" testListId="8c84fa94-04c1-424b-9868-57a2d4851a1d" relativeResultsDirectory="ffdb3c4b-372d-4c5e-8c11-814c418ce1b4" />
    <UnitTestResult executionId="5ec8362a-5a3d-4cec-a55f-8aafcccb7700" testId="c6aa84d9-56b3-333b-31b6-309528e6353e" testName="DeviceIcons_ShouldReturnIconsInAProperOrder_WhenCalled" computerName="DKSR-EFI-06" duration="00:00:00.0006471" startTime="2024-01-09T15:48:40.8288275+01:00" endTime="2024-01-09T15:48:40.8296637+01:00" testType="13cdc9d9-ddb5-4fa4-a97d-d965ccfc6d4b" outcome="Passed" testListId="8c84fa94-04c1-424b-9868-57a2d4851a1d" relativeResultsDirectory="5ec8362a-5a3d-4cec-a55f-8aafcccb7700" />
    <UnitTestResult executionId="b5277d3d-3cc5-4556-bea3-65de33515477" testId="55d96512-5a91-19ab-11b5-5b61e2c70e29" testName="DisplayErrorOnNotificationArea_CustomSearchError_Success" computerName="DKSR-EFI-06" duration="00:00:00.0073970" startTime="2024-01-09T15:48:25.1553220+01:00" endTime="2024-01-09T15:48:25.1628648+01:00" testType="13cdc9d9-ddb5-4fa4-a97d-d965ccfc6d4b" outcome="Passed" testListId="8c84fa94-04c1-424b-9868-57a2d4851a1d" relativeResultsDirectory="b5277d3d-3cc5-4556-bea3-65de33515477" />
    <UnitTestResult executionId="05255e03-75fc-4f04-a00c-38e331a6761b" testId="3e97705f-0ff9-64fe-c5d8-6844deb02dbb" testName="AddToExportDevices_ShouldReturnCorrectResult (5,5,5)" computerName="DKSR-EFI-06" duration="00:00:00.0034534" startTime="2024-01-09T15:48:45.4120916+01:00" endTime="2024-01-09T15:48:45.4157095+01:00" testType="13cdc9d9-ddb5-4fa4-a97d-d965ccfc6d4b" outcome="Passed" testListId="8c84fa94-04c1-424b-9868-57a2d4851a1d" relativeResultsDirectory="05255e03-75fc-4f04-a00c-38e331a6761b" />
    <UnitTestResult executionId="50d34ad2-b72c-46ec-8b73-650eb823fb5e" testId="9e1c156c-7717-458a-15e2-7e227d19e93b" testName="CreateExportDialog_CannotSelectExportToOptics_WithNoOpticalDrivesPresent" computerName="DKSR-EFI-06" duration="00:00:00.0062197" startTime="2024-01-09T15:47:51.3377593+01:00" endTime="2024-01-09T15:47:51.3441514+01:00" testType="13cdc9d9-ddb5-4fa4-a97d-d965ccfc6d4b" outcome="Passed" testListId="8c84fa94-04c1-424b-9868-57a2d4851a1d" relativeResultsDirectory="50d34ad2-b72c-46ec-8b73-650eb823fb5e" />
    <UnitTestResult executionId="344273b7-acb2-44f7-a741-ffc59f479483" testId="3682e780-aa17-fe02-e0c3-3a38eee876d9" testName="TestForAssemblyCoverage" computerName="DKSR-EFI-06" duration="00:00:00.0034803" startTime="2024-01-09T15:47:43.4623293+01:00" endTime="2024-01-09T15:47:43.4661281+01:00" testType="13cdc9d9-ddb5-4fa4-a97d-d965ccfc6d4b" outcome="Passed" testListId="8c84fa94-04c1-424b-9868-57a2d4851a1d" relativeResultsDirectory="344273b7-acb2-44f7-a741-ffc59f479483" />
    <UnitTestResult executionId="356a6fed-69a3-4343-a24c-278bf34db7b0" testId="1fc3baec-2132-0d3b-0fbb-cac33cb1b4b4" testName="AddToExportDevices_ShouldReturnCorrectResult (0,1,0)" computerName="DKSR-EFI-06" duration="00:00:00.0011706" startTime="2024-01-09T15:48:45.3793966+01:00" endTime="2024-01-09T15:48:45.3807346+01:00" testType="13cdc9d9-ddb5-4fa4-a97d-d965ccfc6d4b" outcome="Passed" testListId="8c84fa94-04c1-424b-9868-57a2d4851a1d" relativeResultsDirectory="356a6fed-69a3-4343-a24c-278bf34db7b0" />
    <UnitTestResult executionId="90f8e4c9-f0c4-4ea2-92ea-381af0996606" testId="8b541578-adaa-009d-fcd7-342c1711308d" testName="HandleSetLayerFeatures_ShouldRaiseArgumentException_WhenOutputKindAndNotOutputLayerFeatures" computerName="DKSR-EFI-06" duration="00:00:00.0012458" startTime="2024-01-09T15:48:42.9901607+01:00" endTime="2024-01-09T15:48:42.9915700+01:00" testType="13cdc9d9-ddb5-4fa4-a97d-d965ccfc6d4b" outcome="Passed" testListId="8c84fa94-04c1-424b-9868-57a2d4851a1d" relativeResultsDirectory="90f8e4c9-f0c4-4ea2-92ea-381af0996606" />
    <UnitTestResult executionId="00acb362-623c-4f07-84e3-a382c8f6dc71" testId="6816708f-fdf2-3222-9491-91819f8c817b" testName="GetMapLayerArguments_ShouldReturnIGisMapModelAndAlarmsObservables_WhenCalled" computerName="DKSR-EFI-06" duration="00:00:00.0003831" startTime="2024-01-09T15:48:40.7796295+01:00" endTime="2024-01-09T15:48:40.7801435+01:00" testType="13cdc9d9-ddb5-4fa4-a97d-d965ccfc6d4b" outcome="Passed" testListId="8c84fa94-04c1-424b-9868-57a2d4851a1d" relativeResultsDirectory="00acb362-623c-4f07-84e3-a382c8f6dc71" />
    <UnitTestResult executionId="62dc0642-189f-41b2-bc62-111060c3fd26" testId="a159b604-532f-6996-d93d-757652430688" testName="PatrollingStepListViewModel_AddStepExecute_NoPreset" computerName="DKSR-EFI-06" duration="00:00:00.0015642" startTime="2024-01-09T15:48:43.9566265+01:00" endTime="2024-01-09T15:48:43.9583566+01:00" testType="13cdc9d9-ddb5-4fa4-a97d-d965ccfc6d4b" outcome="Passed" testListId="8c84fa94-04c1-424b-9868-57a2d4851a1d" relativeResultsDirectory="62dc0642-189f-41b2-bc62-111060c3fd26" />
    <UnitTestResult executionId="96b5fc6d-7f9c-4d44-9f8c-23f2b8f1554d" testId="10efcc4c-555d-12e7-645e-f8f3c9a79e16" testName="SelectTemplate_RangeSliderFilterConfiguration_ReturnsInlineTemplate" computerName="DKSR-EFI-06" duration="00:00:00.0006012" startTime="2024-01-09T15:47:52.5602860+01:00" endTime="2024-01-09T15:47:52.5610059+01:00" testType="13cdc9d9-ddb5-4fa4-a97d-d965ccfc6d4b" outcome="Passed" testListId="8c84fa94-04c1-424b-9868-57a2d4851a1d" relativeResultsDirectory="96b5fc6d-7f9c-4d44-9f8c-23f2b8f1554d" />
    <UnitTestResult executionId="f3ba334c-fe2b-4caf-a913-c96964579bdb" testId="ecf00477-94a3-5251-4140-6240ac1b0b60" testName="Perform_FirstAction_Success" computerName="DKSR-EFI-06" duration="00:00:00.0039138" startTime="2024-01-09T15:47:43.2383323+01:00" endTime="2024-01-09T15:47:43.2425092+01:00" testType="13cdc9d9-ddb5-4fa4-a97d-d965ccfc6d4b" outcome="Passed" testListId="8c84fa94-04c1-424b-9868-57a2d4851a1d" relativeResultsDirectory="f3ba334c-fe2b-4caf-a913-c96964579bdb" />
    <UnitTestResult executionId="6f412937-5ea9-4ef3-8531-1320aebf75d2" testId="8647f015-786e-4211-7702-95ed8f5c87dc" testName="GetServerGroups_ShouldReturnServerGroupsType" computerName="DKSR-EFI-06" duration="00:00:00.0004083" startTime="2024-01-09T15:48:46.9922386+01:00" endTime="2024-01-09T15:48:46.9927863+01:00" testType="13cdc9d9-ddb5-4fa4-a97d-d965ccfc6d4b" outcome="Passed" testListId="8c84fa94-04c1-424b-9868-57a2d4851a1d" relativeResultsDirectory="6f412937-5ea9-4ef3-8531-1320aebf75d2" />
    <UnitTestResult executionId="ddc82975-6db4-4175-a2c2-c78d5c0b1995" testId="929085e5-a3c9-9121-b306-acebdc919f57" testName="IsHomeButtonVisible_MappedToViewModel_Success" computerName="DKSR-EFI-06" duration="00:00:00.0099364" startTime="2024-01-09T15:47:49.9338833+01:00" endTime="2024-01-09T15:47:49.9463478+01:00" testType="13cdc9d9-ddb5-4fa4-a97d-d965ccfc6d4b" outcome="Passed" testListId="8c84fa94-04c1-424b-9868-57a2d4851a1d" relativeResultsDirectory="ddc82975-6db4-4175-a2c2-c78d5c0b1995" />
    <UnitTestResult executionId="2c7c3dd3-5c1c-46c8-8661-93a4105cd4e4" testId="bcf60051-ecc6-b8b5-1879-3df57ae16566" testName="SearchResultsActionBarActions_CreateEvidenceLock_InvokeCommand_Success" computerName="DKSR-EFI-06" duration="00:00:00.0208235" startTime="2024-01-09T15:48:23.1220375+01:00" endTime="2024-01-09T15:48:23.1430215+01:00" testType="13cdc9d9-ddb5-4fa4-a97d-d965ccfc6d4b" outcome="Passed" testListId="8c84fa94-04c1-424b-9868-57a2d4851a1d" relativeResultsDirectory="2c7c3dd3-5c1c-46c8-8661-93a4105cd4e4" />
    <UnitTestResult executionId="81b8b76c-e351-461a-aacd-903aa1e2c674" testId="aad7f35a-646d-e848-06d9-3817cba16168" testName="PopulateTooltip_FewResultsFromManyCameras12Hours_ValidText" computerName="DKSR-EFI-06" duration="00:00:00.1083361" startTime="2024-01-09T15:48:19.2690228+01:00" endTime="2024-01-09T15:48:19.3802356+01:00" testType="13cdc9d9-ddb5-4fa4-a97d-d965ccfc6d4b" outcome="Passed" testListId="8c84fa94-04c1-424b-9868-57a2d4851a1d" relativeResultsDirectory="81b8b76c-e351-461a-aacd-903aa1e2c674" />
    <UnitTestResult executionId="61945b7d-81d0-489f-b761-d20c8fe3d6e9" testId="e5f806d4-832f-52ef-8b31-b0825a471642" testName="IsCurrentScaleEqualTo_ShouldReturnFalse_WhenValuesAreNotEqualWithinGivenPrecision" computerName="DKSR-EFI-06" duration="00:00:00.0005430" startTime="2024-01-09T15:47:47.2466801+01:00" endTime="2024-01-09T15:47:47.2473531+01:00" testType="13cdc9d9-ddb5-4fa4-a97d-d965ccfc6d4b" outcome="Passed" testListId="8c84fa94-04c1-424b-9868-57a2d4851a1d" relativeResultsDirectory="61945b7d-81d0-489f-b761-d20c8fe3d6e9" />
    <UnitTestResult executionId="8ba52ba8-534d-4840-8ed0-779df1761827" testId="98080849-b9da-3c6c-854e-942231adfd8f" testName="Path enabled, forced" computerName="DKSR-EFI-06" duration="00:00:00.0044363" startTime="2024-01-09T15:47:51.4245461+01:00" endTime="2024-01-09T15:47:51.4292207+01:00" testType="13cdc9d9-ddb5-4fa4-a97d-d965ccfc6d4b" outcome="Passed" testListId="8c84fa94-04c1-424b-9868-57a2d4851a1d" relativeResultsDirectory="8ba52ba8-534d-4840-8ed0-779df1761827" />
    <UnitTestResult executionId="97d133d4-40a4-4fc9-99d9-0ce539c0b7f5" testId="a721bda0-d060-fd7b-5877-e579358eb55b" testName="UserInfoDto_ShouldYieldSameValues_WhenRoundTripConverted" computerName="DKSR-EFI-06" duration="00:00:00.0001775" startTime="2024-01-09T15:47:41.0125184+01:00" endTime="2024-01-09T15:47:41.0127937+01:00" testType="13cdc9d9-ddb5-4fa4-a97d-d965ccfc6d4b" outcome="Passed" testListId="8c84fa94-04c1-424b-9868-57a2d4851a1d" relativeResultsDirectory="97d133d4-40a4-4fc9-99d9-0ce539c0b7f5" />
    <UnitTestResult executionId="b5d1c22e-9503-442f-91e6-d6ab74afad55" testId="b6df7e61-5cd3-7534-d237-3d944ef5fa3d" testName="Ctor_NoBuiltInGroupsDefined_NoAgentsAdded" computerName="DKSR-EFI-06" duration="00:00:00.0052364" startTime="2024-01-09T15:48:37.4581277+01:00" endTime="2024-01-09T15:48:37.4636225+01:00" testType="13cdc9d9-ddb5-4fa4-a97d-d965ccfc6d4b" outcome="Passed" testListId="8c84fa94-04c1-424b-9868-57a2d4851a1d" relativeResultsDirectory="b5d1c22e-9503-442f-91e6-d6ab74afad55" />
    <UnitTestResult executionId="ca66e4a1-c3a9-4e25-8c93-1f15031cdc5d" testId="c6bb27a1-5619-6a1e-cb9a-a062fa5050e7" testName="MapLayerType_ShouldBeCameraItemsMapLayer_WhenCalled" computerName="DKSR-EFI-06" duration="00:00:00.0003315" startTime="2024-01-09T15:48:40.7746028+01:00" endTime="2024-01-09T15:48:40.7751514+01:00" testType="13cdc9d9-ddb5-4fa4-a97d-d965ccfc6d4b" outcome="Passed" testListId="8c84fa94-04c1-424b-9868-57a2d4851a1d" relativeResultsDirectory="ca66e4a1-c3a9-4e25-8c93-1f15031cdc5d" />
    <UnitTestResult executionId="4f177793-b213-4a04-b672-e67ed8e1661a" testId="c4ff8731-9813-5df7-e5dd-207c7cca1b16" testName="CreateSearchAttributeEditControl_AllMappings_Success" computerName="DKSR-EFI-06" duration="00:00:00.1353176" startTime="2024-01-09T15:48:37.5638869+01:00" endTime="2024-01-09T15:48:37.7017072+01:00" testType="13cdc9d9-ddb5-4fa4-a97d-d965ccfc6d4b" outcome="Passed" testListId="8c84fa94-04c1-424b-9868-57a2d4851a1d" relativeResultsDirectory="4f177793-b213-4a04-b672-e67ed8e1661a" />
    <UnitTestResult executionId="ce8533f3-1292-4cd0-89d3-7497e1c2b8ae" testId="046c17a3-2693-b379-a8a6-25e6537747cf" testName="Constructor_ShouldThrowException_WhenStateHandlerFactoryIsNull" computerName="DKSR-EFI-06" duration="00:00:00.0003537" startTime="2024-01-09T15:48:47.0504749+01:00" endTime="2024-01-09T15:48:47.0509862+01:00" testType="13cdc9d9-ddb5-4fa4-a97d-d965ccfc6d4b" outcome="Passed" testListId="8c84fa94-04c1-424b-9868-57a2d4851a1d" relativeResultsDirectory="ce8533f3-1292-4cd0-89d3-7497e1c2b8ae" />
    <UnitTestResult executionId="60bb2cb7-fb4e-4317-bb44-7e9f9dc8cf35" testId="acb150f5-b42c-e1e1-4437-dd62b031592b" testName="Dispose_ShouldDetachOnUpdateUnmutedMicrophonesRaised_WhenCalled" computerName="DKSR-EFI-06" duration="00:00:00.0107301" startTime="2024-01-09T15:48:41.2131391+01:00" endTime="2024-01-09T15:48:41.2263659+01:00" testType="13cdc9d9-ddb5-4fa4-a97d-d965ccfc6d4b" outcome="Passed" testListId="8c84fa94-04c1-424b-9868-57a2d4851a1d" relativeResultsDirectory="60bb2cb7-fb4e-4317-bb44-7e9f9dc8cf35" />
    <UnitTestResult executionId="88646c5c-70d8-4cd4-8a4a-29ff93bc7c09" testId="e9e0e7d6-a421-cf24-61f6-b52746752039" testName="GetClusters_NotInitialized_NoClusters" computerName="DKSR-EFI-06" duration="00:00:00.0056113" startTime="2024-01-09T15:48:43.7126347+01:00" endTime="2024-01-09T15:48:43.7185009+01:00" testType="13cdc9d9-ddb5-4fa4-a97d-d965ccfc6d4b" outcome="Passed" testListId="8c84fa94-04c1-424b-9868-57a2d4851a1d" relativeResultsDirectory="88646c5c-70d8-4cd4-8a4a-29ff93bc7c09" />
    <UnitTestResult executionId="46a7b3c8-05af-4000-b3b8-86da5eb5a88f" testId="31d5d148-0cd6-8d1e-0567-f1c07ae35162" testName="IncludeViewItemToggledEvent_ShouldAddViewItemToIncludedViewItems_WhenIncludedIsTrueOnContentHolderControl" computerName="DKSR-EFI-06" duration="00:00:00.0195240" startTime="2024-01-09T15:48:49.5213142+01:00" endTime="2024-01-09T15:48:49.5447037+01:00" testType="13cdc9d9-ddb5-4fa4-a97d-d965ccfc6d4b" outcome="Passed" testListId="8c84fa94-04c1-424b-9868-57a2d4851a1d" relativeResultsDirectory="46a7b3c8-05af-4000-b3b8-86da5eb5a88f" />
    <UnitTestResult executionId="c15b6b41-9ff1-42d1-8a73-24462867288a" testId="6754b662-82b1-e1e8-5fb7-5034b721677b" testName="Ctor_Success" computerName="DKSR-EFI-06" duration="00:00:00.0577846" startTime="2024-01-09T15:48:25.6076640+01:00" endTime="2024-01-09T15:48:25.6656217+01:00" testType="13cdc9d9-ddb5-4fa4-a97d-d965ccfc6d4b" outcome="Passed" testListId="8c84fa94-04c1-424b-9868-57a2d4851a1d" relativeResultsDirectory="c15b6b41-9ff1-42d1-8a73-24462867288a" />
    <UnitTestResult executionId="c5a245b0-d70a-4633-b8b2-55cf5916f93c" testId="9dcc893b-d6ef-d5e3-81ca-720cad492687" testName="LoadInitialState_ValidStateInStateManage_ReturnsStateFromStateManager" computerName="DKSR-EFI-06" duration="00:00:00.0012029" startTime="2024-01-09T15:47:52.3888509+01:00" endTime="2024-01-09T15:47:52.3901891+01:00" testType="13cdc9d9-ddb5-4fa4-a97d-d965ccfc6d4b" outcome="Passed" testListId="8c84fa94-04c1-424b-9868-57a2d4851a1d" relativeResultsDirectory="c5a245b0-d70a-4633-b8b2-55cf5916f93c" />
    <UnitTestResult executionId="44c963b6-d47f-46ad-ada4-7633e7c03a3a" testId="14586c69-09d9-7b16-15c8-c6b5e4ea64f4" testName="ScrollIntoView_Async_3DefinitionViewsBelowViewPort_ScrolledToTopmost" computerName="DKSR-EFI-06" duration="00:00:00.0459404" startTime="2024-01-09T15:47:53.1656028+01:00" endTime="2024-01-09T15:47:53.2147737+01:00" testType="13cdc9d9-ddb5-4fa4-a97d-d965ccfc6d4b" outcome="Passed" testListId="8c84fa94-04c1-424b-9868-57a2d4851a1d" relativeResultsDirectory="44c963b6-d47f-46ad-ada4-7633e7c03a3a" />
    <UnitTestResult executionId="b462813c-75e8-4d80-adaf-a91921705fbc" testId="4a1a2788-2d06-5b60-601c-3b966d1658c3" testName="Serialize_ScopeDurationOnly_Success" computerName="DKSR-EFI-06" duration="00:00:00.0006720" startTime="2024-01-09T15:48:26.7867106+01:00" endTime="2024-01-09T15:48:26.7875165+01:00" testType="13cdc9d9-ddb5-4fa4-a97d-d965ccfc6d4b" outcome="Passed" testListId="8c84fa94-04c1-424b-9868-57a2d4851a1d" relativeResultsDirectory="b462813c-75e8-4d80-adaf-a91921705fbc" />
    <UnitTestResult executionId="f30f9944-fc9a-4402-90be-1ac27b9324ab" testId="46662b5d-bee1-3465-212d-6cf5f23d5fcf" testName="PtzInfoViewModel_PtzCotrolledByAnonymousTest" computerName="DKSR-EFI-06" duration="00:00:00.0012769" startTime="2024-01-09T15:47:43.5791327+01:00" endTime="2024-01-09T15:47:43.5805799+01:00" testType="13cdc9d9-ddb5-4fa4-a97d-d965ccfc6d4b" outcome="Passed" testListId="8c84fa94-04c1-424b-9868-57a2d4851a1d" relativeResultsDirectory="f30f9944-fc9a-4402-90be-1ac27b9324ab" />
    <UnitTestResult executionId="f41d1940-3c2b-44b9-a6e4-e28af449a3d7" testId="4ded814a-816b-915a-dcce-433d1dc05ab0" testName="PtzSessionControllerInfo_UserChangedTest_Different_CameraId" computerName="DKSR-EFI-06" duration="00:00:00.0001918" startTime="2024-01-09T15:47:43.2103530+01:00" endTime="2024-01-09T15:47:43.2106475+01:00" testType="13cdc9d9-ddb5-4fa4-a97d-d965ccfc6d4b" outcome="Passed" testListId="8c84fa94-04c1-424b-9868-57a2d4851a1d" relativeResultsDirectory="f41d1940-3c2b-44b9-a6e4-e28af449a3d7" />
    <UnitTestResult executionId="8a7d81df-3999-4084-a95b-fd33db28fb5d" testId="d267b36b-f7e7-25e9-6fde-c14a7c8d614c" testName="FilterValueHasRegionSelectionForCamera_ShouldReturnTrue_WhenFilterValueDoesHaveRegionSelectionForCamera" computerName="DKSR-EFI-06" duration="00:00:00.0004251" startTime="2024-01-09T15:48:38.0996587+01:00" endTime="2024-01-09T15:48:38.1002190+01:00" testType="13cdc9d9-ddb5-4fa4-a97d-d965ccfc6d4b" outcome="Passed" testListId="8c84fa94-04c1-424b-9868-57a2d4851a1d" relativeResultsDirectory="8a7d81df-3999-4084-a95b-fd33db28fb5d" />
    <UnitTestResult executionId="a7785ce0-38b3-496b-bd9b-5ff729c53002" testId="0fc44201-8e69-82b3-88da-4213b7a1319c" testName="Constructor_ShouldRaiseArgumentNullException_WhenGisMapModelIsNull" computerName="DKSR-EFI-06" duration="00:00:00.0061217" startTime="2024-01-09T15:47:50.9921421+01:00" endTime="2024-01-09T15:47:50.9985740+01:00" testType="13cdc9d9-ddb5-4fa4-a97d-d965ccfc6d4b" outcome="Passed" testListId="8c84fa94-04c1-424b-9868-57a2d4851a1d" relativeResultsDirectory="a7785ce0-38b3-496b-bd9b-5ff729c53002" />
    <UnitTestResult executionId="69877de1-4a1c-4976-8ef4-0ff65db6b13b" testId="a82486f4-91e1-c778-be1c-6489525080cf" testName="PtzSessionControllerInfoConstructorTest_From_PtzSessionInfo_Windows_User" computerName="DKSR-EFI-06" duration="00:00:00.0071869" startTime="2024-01-09T15:47:43.1821379+01:00" endTime="2024-01-09T15:47:43.1894649+01:00" testType="13cdc9d9-ddb5-4fa4-a97d-d965ccfc6d4b" outcome="Passed" testListId="8c84fa94-04c1-424b-9868-57a2d4851a1d" relativeResultsDirectory="69877de1-4a1c-4976-8ef4-0ff65db6b13b" />
    <UnitTestResult executionId="5497fd65-dc5f-4302-8e21-8e638f73c683" testId="f4a81b1f-d65d-e48b-b006-18eab3f2b023" testName="Map_DeleteLayer_ImageLayer_Success" computerName="DKSR-EFI-06" duration="00:00:00.0225632" startTime="2024-01-09T15:48:40.4719555+01:00" endTime="2024-01-09T15:48:40.4947044+01:00" testType="13cdc9d9-ddb5-4fa4-a97d-d965ccfc6d4b" outcome="Passed" testListId="8c84fa94-04c1-424b-9868-57a2d4851a1d" relativeResultsDirectory="5497fd65-dc5f-4302-8e21-8e638f73c683" />
    <UnitTestResult executionId="4930aaf4-20cb-4a64-a7b0-a93f5be842e0" testId="110c5f83-752f-57c6-1e06-5ba87b7d2a16" testName="ChangeSorting_ShouldApplyRelevanceComparerAndNewestEventTimeSortOrder_WhenRelevanceEnumValueIsApplied" computerName="DKSR-EFI-06" duration="00:00:00.0070107" startTime="2024-01-09T15:48:25.2688673+01:00" endTime="2024-01-09T15:48:25.2760262+01:00" testType="13cdc9d9-ddb5-4fa4-a97d-d965ccfc6d4b" outcome="Passed" testListId="8c84fa94-04c1-424b-9868-57a2d4851a1d" relativeResultsDirectory="4930aaf4-20cb-4a64-a7b0-a93f5be842e0" />
    <UnitTestResult executionId="67f5507a-b280-404b-8aaa-f8f59782ad21" testId="43001655-6df0-fd55-49b4-09a30b307ee3" testName="Compare_SameBeginTimeDeterministicBehavior_CameraId_Success" computerName="DKSR-EFI-06" duration="00:00:00.0010171" startTime="2024-01-09T15:48:26.7537475+01:00" endTime="2024-01-09T15:48:26.7548978+01:00" testType="13cdc9d9-ddb5-4fa4-a97d-d965ccfc6d4b" outcome="Passed" testListId="8c84fa94-04c1-424b-9868-57a2d4851a1d" relativeResultsDirectory="67f5507a-b280-404b-8aaa-f8f59782ad21" />
    <UnitTestResult executionId="6b46b059-b44e-4336-a7d3-8e57b6f2164c" testId="4a1a72a9-3748-b54f-9812-2fd52873801b" testName="HandleGetDeviceData_ShouldReturnNotFoundDeviceData_WhenInputKindAndNonExistingInputId" computerName="DKSR-EFI-06" duration="00:00:00.0288764" startTime="2024-01-09T15:47:50.8245308+01:00" endTime="2024-01-09T15:47:50.8535903+01:00" testType="13cdc9d9-ddb5-4fa4-a97d-d965ccfc6d4b" outcome="Passed" testListId="8c84fa94-04c1-424b-9868-57a2d4851a1d" relativeResultsDirectory="6b46b059-b44e-4336-a7d3-8e57b6f2164c" />
    <UnitTestResult executionId="276c32e5-0da6-4371-bed0-a78c1df03ba7" testId="2efbf2d6-dad1-cfe2-2063-c228f2b12aef" testName="TimeToStringConverter_Convert_Success" computerName="DKSR-EFI-06" duration="00:00:00.0018380" startTime="2024-01-09T15:48:10.3521547+01:00" endTime="2024-01-09T15:48:10.3541360+01:00" testType="13cdc9d9-ddb5-4fa4-a97d-d965ccfc6d4b" outcome="Passed" testListId="8c84fa94-04c1-424b-9868-57a2d4851a1d" relativeResultsDirectory="276c32e5-0da6-4371-bed0-a78c1df03ba7" />
    <UnitTestResult executionId="a9454e64-2727-4c52-af17-14f18edc6ce4" testId="61320e3d-b3bf-23f6-1c7c-0aea9f2fda01" testName="SearchAction_BrowseMode_30MinutesInTheFuture" computerName="DKSR-EFI-06" duration="00:00:00.0054582" startTime="2024-01-09T15:48:49.6684206+01:00" endTime="2024-01-09T15:48:49.6740431+01:00" testType="13cdc9d9-ddb5-4fa4-a97d-d965ccfc6d4b" outcome="Passed" testListId="8c84fa94-04c1-424b-9868-57a2d4851a1d" relativeResultsDirectory="a9454e64-2727-4c52-af17-14f18edc6ce4" />
    <UnitTestResult executionId="14b17382-c42b-494b-a507-2563ca879a41" testId="c6c12d45-27fb-4bdb-9c70-a3598bb5e949" testName="GetCameraTypes_ShouldReturnCameraGroupType" computerName="DKSR-EFI-06" duration="00:00:00.0003608" startTime="2024-01-09T15:48:46.9750581+01:00" endTime="2024-01-09T15:48:46.9755573+01:00" testType="13cdc9d9-ddb5-4fa4-a97d-d965ccfc6d4b" outcome="Passed" testListId="8c84fa94-04c1-424b-9868-57a2d4851a1d" relativeResultsDirectory="14b17382-c42b-494b-a507-2563ca879a41" />
    <UnitTestResult executionId="78f39c6e-84f3-4e39-8d3e-4fcfb5ef6539" testId="dc781f78-aa42-d9b1-8797-d2b3767e846c" testName="UpdateScope_RelativeScopeDurationFromTimeChanged_ReturnsFalse" computerName="DKSR-EFI-06" duration="00:00:00.0001803" startTime="2024-01-09T15:48:26.6668881+01:00" endTime="2024-01-09T15:48:26.6671928+01:00" testType="13cdc9d9-ddb5-4fa4-a97d-d965ccfc6d4b" outcome="Passed" testListId="8c84fa94-04c1-424b-9868-57a2d4851a1d" relativeResultsDirectory="78f39c6e-84f3-4e39-8d3e-4fcfb5ef6539" />
    <UnitTestResult executionId="d3036af0-2fd7-43db-bc5a-c7af24a8d196" testId="9bd97529-6ca2-0a88-ecb8-dfa8925597ef" testName="ResolveGenericResultProperties_ShouldReturnOrderedProperties_WhenGivenCombinedSearchResults" computerName="DKSR-EFI-06" duration="00:00:00.0015204" startTime="2024-01-09T15:48:26.0284405+01:00" endTime="2024-01-09T15:48:26.0301082+01:00" testType="13cdc9d9-ddb5-4fa4-a97d-d965ccfc6d4b" outcome="Passed" testListId="8c84fa94-04c1-424b-9868-57a2d4851a1d" relativeResultsDirectory="d3036af0-2fd7-43db-bc5a-c7af24a8d196" />
    <UnitTestResult executionId="c2ceb585-e452-453d-8693-826fa89afde4" testId="e36d83f9-6b5d-9305-3ea9-821cb3744fa4" testName="PatrollingStepListViewModel_ConvertToIPatrollingSteps" computerName="DKSR-EFI-06" duration="00:00:00.0013813" startTime="2024-01-09T15:48:43.9875878+01:00" endTime="2024-01-09T15:48:43.9891002+01:00" testType="13cdc9d9-ddb5-4fa4-a97d-d965ccfc6d4b" outcome="Passed" testListId="8c84fa94-04c1-424b-9868-57a2d4851a1d" relativeResultsDirectory="c2ceb585-e452-453d-8693-826fa89afde4" />
    <UnitTestResult executionId="bb2edb07-980d-407f-86cf-574650b32db2" testId="4e54cb2c-d65b-9738-63c7-b5798acdd38c" testName="GetIndexCell_Milestone_Success" computerName="DKSR-EFI-06" duration="00:00:00.0002938" startTime="2024-01-09T15:48:43.7021688+01:00" endTime="2024-01-09T15:48:43.7025939+01:00" testType="13cdc9d9-ddb5-4fa4-a97d-d965ccfc6d4b" outcome="Passed" testListId="8c84fa94-04c1-424b-9868-57a2d4851a1d" relativeResultsDirectory="bb2edb07-980d-407f-86cf-574650b32db2" />
    <UnitTestResult executionId="d11310da-bdad-499f-b9e8-a2b22fc81ded" testId="2fac8697-42a0-e62c-c584-1a27c1834f8e" testName="SaveAsNewSearchTemplateAsync_Fails_Success" computerName="DKSR-EFI-06" duration="00:00:00.0028273" startTime="2024-01-09T15:48:26.0652500+01:00" endTime="2024-01-09T15:48:26.0682146+01:00" testType="13cdc9d9-ddb5-4fa4-a97d-d965ccfc6d4b" outcome="Passed" testListId="8c84fa94-04c1-424b-9868-57a2d4851a1d" relativeResultsDirectory="d11310da-bdad-499f-b9e8-a2b22fc81ded" />
    <UnitTestResult executionId="26d79893-4938-4a57-a9ee-1d32639353fc" testId="14084b93-5aba-08b1-aca1-53c6d97f4819" testName="DeserializeEmptyState_Fail" computerName="DKSR-EFI-06" duration="00:00:00.0001026" startTime="2024-01-09T15:48:52.9016332+01:00" endTime="2024-01-09T15:48:52.9018640+01:00" testType="13cdc9d9-ddb5-4fa4-a97d-d965ccfc6d4b" outcome="Passed" testListId="8c84fa94-04c1-424b-9868-57a2d4851a1d" relativeResultsDirectory="26d79893-4938-4a57-a9ee-1d32639353fc" />
    <UnitTestResult executionId="b5bb4812-05b1-4acc-8d89-5076554e8cd0" testId="ca24c09d-a214-cd57-9506-eb63722a25cc" testName="UpdateHomeLocationInModel_HomeLocationId_NoUpdated_DragDataSet_Succes" computerName="DKSR-EFI-06" duration="00:00:00.0280351" startTime="2024-01-09T15:47:44.1954476+01:00" endTime="2024-01-09T15:47:44.2261999+01:00" testType="13cdc9d9-ddb5-4fa4-a97d-d965ccfc6d4b" outcome="Passed" testListId="8c84fa94-04c1-424b-9868-57a2d4851a1d" relativeResultsDirectory="b5bb4812-05b1-4acc-8d89-5076554e8cd0" />
    <UnitTestResult executionId="f3eeaf0d-7d53-4c82-bb95-789a2d71674a" testId="34b0562a-74f3-0cb2-347b-f7ebddcca606" testName="IOState_ShouldYieldSameValuesForAllEnumValues_WhenRoundTripConverted (Activated,Activated)" computerName="DKSR-EFI-06" duration="00:00:00.0020049" startTime="2024-01-09T15:47:41.0228437+01:00" endTime="2024-01-09T15:47:41.0249619+01:00" testType="13cdc9d9-ddb5-4fa4-a97d-d965ccfc6d4b" outcome="Passed" testListId="8c84fa94-04c1-424b-9868-57a2d4851a1d" relativeResultsDirectory="f3eeaf0d-7d53-4c82-bb95-789a2d71674a" />
    <UnitTestResult executionId="848353b2-7341-41a5-9ca7-941fe6b8e06d" testId="e16392e0-b74b-20a1-bfd8-cf04cd22dc42" testName="Constructor_ShouldRaiseArgumentNullException_WhenHeadlinesIsNull" computerName="DKSR-EFI-06" duration="00:00:00.0017587" startTime="2024-01-09T15:47:45.8975878+01:00" endTime="2024-01-09T15:47:45.8996248+01:00" testType="13cdc9d9-ddb5-4fa4-a97d-d965ccfc6d4b" outcome="Passed" testListId="8c84fa94-04c1-424b-9868-57a2d4851a1d" relativeResultsDirectory="848353b2-7341-41a5-9ca7-941fe6b8e06d" />
    <UnitTestResult executionId="ea7c7429-c758-45a6-8b24-e0b2ca721664" testId="2720977a-3c1d-8925-ae8c-f10491ee0903" testName="DeviceIcons_ShouldNotBeEmpty_WhenCalled" computerName="DKSR-EFI-06" duration="00:00:00.0009414" startTime="2024-01-09T15:48:40.7908747+01:00" endTime="2024-01-09T15:48:40.7919544+01:00" testType="13cdc9d9-ddb5-4fa4-a97d-d965ccfc6d4b" outcome="Passed" testListId="8c84fa94-04c1-424b-9868-57a2d4851a1d" relativeResultsDirectory="ea7c7429-c758-45a6-8b24-e0b2ca721664" />
    <UnitTestResult executionId="ce0db14c-2aa6-4d24-82d6-47a64d127347" testId="f342c369-1b63-ac09-7592-3bbf19ea7792" testName="HandleSetLayerFeatures_ShouldUpdateInputLayerFeatures_WhenInputKindAndInputLayerFeatures" computerName="DKSR-EFI-06" duration="00:00:00.0011481" startTime="2024-01-09T15:48:42.9446645+01:00" endTime="2024-01-09T15:48:42.9461359+01:00" testType="13cdc9d9-ddb5-4fa4-a97d-d965ccfc6d4b" outcome="Passed" testListId="8c84fa94-04c1-424b-9868-57a2d4851a1d" relativeResultsDirectory="ce0db14c-2aa6-4d24-82d6-47a64d127347" />
    <UnitTestResult executionId="ff7dee2d-42ba-4769-94a9-c15297d0040c" testId="d7c6fd34-24a6-6d61-4f74-e11b861b527b" testName="ToggleMicrophoneStateAsync_ShouldUnMuteMicrophone_WhenMicrophoneWasMuted" computerName="DKSR-EFI-06" duration="00:00:00.0101835" startTime="2024-01-09T15:48:39.9349568+01:00" endTime="2024-01-09T15:48:39.9453089+01:00" testType="13cdc9d9-ddb5-4fa4-a97d-d965ccfc6d4b" outcome="Passed" testListId="8c84fa94-04c1-424b-9868-57a2d4851a1d" relativeResultsDirectory="ff7dee2d-42ba-4769-94a9-c15297d0040c" />
    <UnitTestResult executionId="c8812b36-e0f2-41b8-bdf0-be852679dae0" testId="e7c0b876-bbe6-d4df-1806-4ff85a920c2f" testName="PatrollingStepListViewModel_CanExecuteMoveUp" computerName="DKSR-EFI-06" duration="00:00:00.0015006" startTime="2024-01-09T15:48:43.9731761+01:00" endTime="2024-01-09T15:48:43.9748101+01:00" testType="13cdc9d9-ddb5-4fa4-a97d-d965ccfc6d4b" outcome="Passed" testListId="8c84fa94-04c1-424b-9868-57a2d4851a1d" relativeResultsDirectory="c8812b36-e0f2-41b8-bdf0-be852679dae0" />
    <UnitTestResult executionId="83440417-7303-4bcf-b88a-bebedff3cfdd" testId="b788bde6-97e9-6ba8-c7c6-e8edebf2372e" testName="PatrollingProfileViewModelTest_SelectEndPosition" computerName="DKSR-EFI-06" duration="00:00:00.0023279" startTime="2024-01-09T15:48:43.9134567+01:00" endTime="2024-01-09T15:48:43.9159228+01:00" testType="13cdc9d9-ddb5-4fa4-a97d-d965ccfc6d4b" outcome="Passed" testListId="8c84fa94-04c1-424b-9868-57a2d4851a1d" relativeResultsDirectory="83440417-7303-4bcf-b88a-bebedff3cfdd" />
    <UnitTestResult executionId="6b00f2bd-1acc-4236-bef3-be09f0eca223" testId="533b05cc-a804-1759-db1f-d456efa129c0" testName="GetClusters_ShouldIncludeItemFromBuildingIntoSuperClusterOutsideBuilding_WhenBuildingLayerIsHidden" computerName="DKSR-EFI-06" duration="00:00:00.0014134" startTime="2024-01-09T15:48:43.6646440+01:00" endTime="2024-01-09T15:48:43.6662083+01:00" testType="13cdc9d9-ddb5-4fa4-a97d-d965ccfc6d4b" outcome="Passed" testListId="8c84fa94-04c1-424b-9868-57a2d4851a1d" relativeResultsDirectory="6b00f2bd-1acc-4236-bef3-be09f0eca223" />
    <UnitTestResult executionId="3f345d4e-5bba-45da-8493-2b4d8a94e792" testId="eaf31246-ac2a-9db5-b972-39aa2ca6d2e0" testName="AddToExportTuples_ShouldReturnCorrectResult (0,1,0)" computerName="DKSR-EFI-06" duration="00:00:00.0019522" startTime="2024-01-09T15:48:45.2954001+01:00" endTime="2024-01-09T15:48:45.2975270+01:00" testType="13cdc9d9-ddb5-4fa4-a97d-d965ccfc6d4b" outcome="Passed" testListId="8c84fa94-04c1-424b-9868-57a2d4851a1d" relativeResultsDirectory="3f345d4e-5bba-45da-8493-2b4d8a94e792" />
    <UnitTestResult executionId="7397f345-7887-41c4-8356-36c06fc9d262" testId="e38866b9-8332-5f7b-d7b8-fb3e9c3d9029" testName="ToTimeScope_YesterdayInTransitionToNonDST_Success" computerName="DKSR-EFI-06" duration="00:00:00.0009305" startTime="2024-01-09T15:48:26.1204893+01:00" endTime="2024-01-09T15:48:26.1215641+01:00" testType="13cdc9d9-ddb5-4fa4-a97d-d965ccfc6d4b" outcome="Passed" testListId="8c84fa94-04c1-424b-9868-57a2d4851a1d" relativeResultsDirectory="7397f345-7887-41c4-8356-36c06fc9d262" />
    <UnitTestResult executionId="44092db1-0180-4450-aed9-970b8ad14076" testId="24c926a6-ee97-c276-700e-e9cf4f4112ef" testName="PatrollingStepViewModel_Position" computerName="DKSR-EFI-06" duration="00:00:00.0018999" startTime="2024-01-09T15:48:43.9943422+01:00" endTime="2024-01-09T15:48:43.9963761+01:00" testType="13cdc9d9-ddb5-4fa4-a97d-d965ccfc6d4b" outcome="Passed" testListId="8c84fa94-04c1-424b-9868-57a2d4851a1d" relativeResultsDirectory="44092db1-0180-4450-aed9-970b8ad14076" />
    <UnitTestResult executionId="46758205-a2af-4001-be05-48151cf0c3c4" testId="48d0aa96-83b2-ad6d-f963-8245525eabe9" testName="DateToStringConverter_SingleConvertInvalidInput_UnsetValue" computerName="DKSR-EFI-06" duration="00:00:00.0040109" startTime="2024-01-09T15:48:10.2899201+01:00" endTime="2024-01-09T15:48:10.2942521+01:00" testType="13cdc9d9-ddb5-4fa4-a97d-d965ccfc6d4b" outcome="Passed" testListId="8c84fa94-04c1-424b-9868-57a2d4851a1d" relativeResultsDirectory="46758205-a2af-4001-be05-48151cf0c3c4" />
    <UnitTestResult executionId="e218051a-1403-4e89-a67f-08b3967f61d2" testId="2920c2e0-39a3-dd93-5693-d4ce08512159" testName="Deserialize_ShouldReportMissingCombineType_WhenCombineTypeIsNotPresentInXml" computerName="DKSR-EFI-06" duration="00:00:00.0006169" startTime="2024-01-09T15:48:26.8025360+01:00" endTime="2024-01-09T15:48:26.8032881+01:00" testType="13cdc9d9-ddb5-4fa4-a97d-d965ccfc6d4b" outcome="Passed" testListId="8c84fa94-04c1-424b-9868-57a2d4851a1d" relativeResultsDirectory="e218051a-1403-4e89-a67f-08b3967f61d2" />
    <UnitTestResult executionId="49596d4c-9d7e-4b48-93e9-faaa81b82a40" testId="074ff88b-4399-26b0-d5af-74bb943b8f07" testName="FilterValueHasRegionSelectionForCamera_ShouldReturnFalse_WhenFilterValueDoesNotHaveRegionSelectionForCamera" computerName="DKSR-EFI-06" duration="00:00:00.0074547" startTime="2024-01-09T15:48:38.1135552+01:00" endTime="2024-01-09T15:48:38.1211440+01:00" testType="13cdc9d9-ddb5-4fa4-a97d-d965ccfc6d4b" outcome="Passed" testListId="8c84fa94-04c1-424b-9868-57a2d4851a1d" relativeResultsDirectory="49596d4c-9d7e-4b48-93e9-faaa81b82a40" />
    <UnitTestResult executionId="bcbc5489-8e73-4e7a-998c-6d527a2dc6a9" testId="bc299358-874f-d04a-92ad-e691bf3c092e" testName="SetItemOutlines_ItemNotCameraKind_Exception" computerName="DKSR-EFI-06" duration="00:00:00.0089245" startTime="2024-01-09T15:47:49.9960709+01:00" endTime="2024-01-09T15:47:50.0075298+01:00" testType="13cdc9d9-ddb5-4fa4-a97d-d965ccfc6d4b" outcome="Passed" testListId="8c84fa94-04c1-424b-9868-57a2d4851a1d" relativeResultsDirectory="bcbc5489-8e73-4e7a-998c-6d527a2dc6a9" />
    <UnitTestResult executionId="d768147f-cf84-4f48-9a3f-3bfbe32a31eb" testId="e07f5d01-bfa0-04f4-825e-59c493d5b5f5" testName="GetDomain_ShouldReturnDomainPartOfNetworkCredentials_WhenNetworkCredentialsContainsADomain" computerName="DKSR-EFI-06" duration="00:00:00.0003044" startTime="2024-01-09T15:47:43.3697954+01:00" endTime="2024-01-09T15:47:43.3702326+01:00" testType="13cdc9d9-ddb5-4fa4-a97d-d965ccfc6d4b" outcome="Passed" testListId="8c84fa94-04c1-424b-9868-57a2d4851a1d" relativeResultsDirectory="d768147f-cf84-4f48-9a3f-3bfbe32a31eb" />
    <UnitTestResult executionId="201363bf-3a48-48ab-ae76-9969027a4bac" testId="0edc3f32-14dd-b812-075b-a9e435bcc1ca" testName="Ctor_NullPassedToNotNullParameters_Failure" computerName="DKSR-EFI-06" duration="00:00:00.0759051" startTime="2024-01-09T15:48:26.1243237+01:00" endTime="2024-01-09T15:48:26.2006774+01:00" testType="13cdc9d9-ddb5-4fa4-a97d-d965ccfc6d4b" outcome="Passed" testListId="8c84fa94-04c1-424b-9868-57a2d4851a1d" relativeResultsDirectory="201363bf-3a48-48ab-ae76-9969027a4bac" />
    <UnitTestResult executionId="c02f8c5e-1b91-4950-9551-5d60ad3fb259" testId="8e2c4cca-7551-4f11-2133-425fd4297ee4" testName="SelectedComponent_ShouldDefaultToFirstComponent_WhenSettingsDialogIsOpened" computerName="DKSR-EFI-06" duration="00:00:00.0164152" startTime="2024-01-09T15:48:44.0657824+01:00" endTime="2024-01-09T15:48:44.0823444+01:00" testType="13cdc9d9-ddb5-4fa4-a97d-d965ccfc6d4b" outcome="Passed" testListId="8c84fa94-04c1-424b-9868-57a2d4851a1d" relativeResultsDirectory="c02f8c5e-1b91-4950-9551-5d60ad3fb259" />
    <UnitTestResult executionId="e1fd4cc8-d405-48a2-ac78-7673ed845b11" testId="957f9b92-e025-9215-a70c-c67cce904d02" testName="Parse_AttributeMissing_SuccessWithWarning" computerName="DKSR-EFI-06" duration="00:00:00.0024960" startTime="2024-01-09T15:48:45.0359494+01:00" endTime="2024-01-09T15:48:45.0386378+01:00" testType="13cdc9d9-ddb5-4fa4-a97d-d965ccfc6d4b" outcome="Passed" testListId="8c84fa94-04c1-424b-9868-57a2d4851a1d" relativeResultsDirectory="e1fd4cc8-d405-48a2-ac78-7673ed845b11" />
    <UnitTestResult executionId="e73fbda0-4f69-434f-8e93-1139d6969725" testId="8655e08e-93f9-ea96-e1a5-f913a90803b9" testName="GetGisMapLayerFlyoutName_ShouldReturnOpenStreetMap_WhenGeographicLayerIsUnavailableAndAlternativeServerIsNotEmpty" computerName="DKSR-EFI-06" duration="00:00:00.0005742" startTime="2024-01-09T15:48:43.0013925+01:00" endTime="2024-01-09T15:48:43.0021004+01:00" testType="13cdc9d9-ddb5-4fa4-a97d-d965ccfc6d4b" outcome="Passed" testListId="8c84fa94-04c1-424b-9868-57a2d4851a1d" relativeResultsDirectory="e73fbda0-4f69-434f-8e93-1139d6969725" />
    <UnitTestResult executionId="9489b29c-be73-4c4b-8239-040e54e040f9" testId="369c6e4e-5e84-29f7-23b9-0a90869fcac4" testName="Decorate_ShouldNotAddChildren_WhenThereIsCameraLayerButNotViewZoneLayer" computerName="DKSR-EFI-06" duration="00:00:00.0006923" startTime="2024-01-09T15:47:45.9195306+01:00" endTime="2024-01-09T15:47:45.9203286+01:00" testType="13cdc9d9-ddb5-4fa4-a97d-d965ccfc6d4b" outcome="Passed" testListId="8c84fa94-04c1-424b-9868-57a2d4851a1d" relativeResultsDirectory="9489b29c-be73-4c4b-8239-040e54e040f9" />
    <UnitTestResult executionId="993ac0b8-6e04-48b9-b528-d6a12a2e4ab9" testId="7864a8c4-a573-3a51-886b-b27b4cabfd5e" testName="BuildEvidenceLockFilterProperties_ShouldReturnCorrectValues (True,1,0,Only me,All)" computerName="DKSR-EFI-06" duration="00:00:00.0008345" startTime="2024-01-09T15:48:51.5892665+01:00" endTime="2024-01-09T15:48:51.5903214+01:00" testType="13cdc9d9-ddb5-4fa4-a97d-d965ccfc6d4b" outcome="Passed" testListId="8c84fa94-04c1-424b-9868-57a2d4851a1d" relativeResultsDirectory="993ac0b8-6e04-48b9-b528-d6a12a2e4ab9" />
    <UnitTestResult executionId="c11b633a-e2a1-41be-9519-c728ae85dff3" testId="4dadd341-55c4-2c66-0797-5674a8d63b8b" testName="ConvertBack_ShouldReturnIsNormalState_WhenValueIsNull" computerName="DKSR-EFI-06" duration="00:00:00.0010654" startTime="2024-01-09T15:47:44.4160914+01:00" endTime="2024-01-09T15:47:44.4172653+01:00" testType="13cdc9d9-ddb5-4fa4-a97d-d965ccfc6d4b" outcome="Passed" testListId="8c84fa94-04c1-424b-9868-57a2d4851a1d" relativeResultsDirectory="c11b633a-e2a1-41be-9519-c728ae85dff3" />
    <UnitTestResult executionId="2106d8bd-49e1-4872-a137-588be7e29eca" testId="c90acf43-beb9-9440-08e2-aeffc5687d1e" testName="DetermineUserAllowsUnsecureConnection_WhereUserIsAskedAndChoiceIsSaved_ShouldCallLoginManager" computerName="DKSR-EFI-06" duration="00:00:00.0208304" startTime="2024-01-09T15:47:41.6553946+01:00" endTime="2024-01-09T15:47:41.6772067+01:00" testType="13cdc9d9-ddb5-4fa4-a97d-d965ccfc6d4b" outcome="Passed" testListId="8c84fa94-04c1-424b-9868-57a2d4851a1d" relativeResultsDirectory="2106d8bd-49e1-4872-a137-588be7e29eca" />
    <UnitTestResult executionId="7e53e737-69ef-4bb3-ba21-4a30d5c2c077" testId="2b46b6c4-bcde-6b7d-2664-3e89c49247f4" testName="Deserialize_SearchDefinitionsOnly_Success" computerName="DKSR-EFI-06" duration="00:00:00.0012814" startTime="2024-01-09T15:48:26.8337609+01:00" endTime="2024-01-09T15:48:26.8351737+01:00" testType="13cdc9d9-ddb5-4fa4-a97d-d965ccfc6d4b" outcome="Passed" testListId="8c84fa94-04c1-424b-9868-57a2d4851a1d" relativeResultsDirectory="7e53e737-69ef-4bb3-ba21-4a30d5c2c077" />
    <UnitTestResult executionId="4e4fa473-38b4-4a20-bf53-a9833ee41cf1" testId="f2e999d7-fcf7-7136-bb2b-42136c5b53f0" testName="ShowSuccessToast_ShouldShowCorrectNumberOfToasts (1,1)" computerName="DKSR-EFI-06" duration="00:00:00.0037728" startTime="2024-01-09T15:48:45.5135998+01:00" endTime="2024-01-09T15:48:45.5175598+01:00" testType="13cdc9d9-ddb5-4fa4-a97d-d965ccfc6d4b" outcome="Passed" testListId="8c84fa94-04c1-424b-9868-57a2d4851a1d" relativeResultsDirectory="4e4fa473-38b4-4a20-bf53-a9833ee41cf1" />
    <UnitTestResult executionId="f4b40a48-6d74-4cf0-81fc-fc55d6f9f2b7" testId="ad2137f8-da12-9879-f4e4-b1576d0429b7" testName="InitialPassword_ShouldBePropagatedToPasswords" computerName="DKSR-EFI-06" duration="00:00:00.0006050" startTime="2024-01-09T15:47:52.2088776+01:00" endTime="2024-01-09T15:47:52.2096040+01:00" testType="13cdc9d9-ddb5-4fa4-a97d-d965ccfc6d4b" outcome="Passed" testListId="8c84fa94-04c1-424b-9868-57a2d4851a1d" relativeResultsDirectory="f4b40a48-6d74-4cf0-81fc-fc55d6f9f2b7" />
    <UnitTestResult executionId="7a509e76-a527-4666-816e-a3a2a366d265" testId="f386bd71-4890-9925-d3d2-7dcbf0b9febe" testName="AndOrSearchDefinitionToVisibilityMultiConverter_CallConvert_NotFirstInListOr" computerName="DKSR-EFI-06" duration="00:00:00.0004029" startTime="2024-01-09T15:48:10.2664588+01:00" endTime="2024-01-09T15:48:10.2669916+01:00" testType="13cdc9d9-ddb5-4fa4-a97d-d965ccfc6d4b" outcome="Passed" testListId="8c84fa94-04c1-424b-9868-57a2d4851a1d" relativeResultsDirectory="7a509e76-a527-4666-816e-a3a2a366d265" />
    <UnitTestResult executionId="c7a81ac1-d911-4e4b-ab0a-55a8c8c9b9ed" testId="935f6e0f-c97b-5019-7e62-2a29c5b4df2c" testName="Detach_ShouldNotRaiseAnException_WhenAttachWasNotCalledPreviously" computerName="DKSR-EFI-06" duration="00:00:00.0006023" startTime="2024-01-09T15:47:44.3916563+01:00" endTime="2024-01-09T15:47:44.3946991+01:00" testType="13cdc9d9-ddb5-4fa4-a97d-d965ccfc6d4b" outcome="Passed" testListId="8c84fa94-04c1-424b-9868-57a2d4851a1d" relativeResultsDirectory="c7a81ac1-d911-4e4b-ab0a-55a8c8c9b9ed" />
    <UnitTestResult executionId="f5f852ff-5a2e-4ec3-a85c-6bc246095ba6" testId="bc1eab18-b23a-a958-6a7b-2426121871d6" testName="AndOrSearchDefinitionToVisibilityMultiConverter_CallConvert_WithNullSearchDefinitionWrapper" computerName="DKSR-EFI-06" duration="00:00:00.0007245" startTime="2024-01-09T15:48:10.2620240+01:00" endTime="2024-01-09T15:48:10.2630476+01:00" testType="13cdc9d9-ddb5-4fa4-a97d-d965ccfc6d4b" outcome="Passed" testListId="8c84fa94-04c1-424b-9868-57a2d4851a1d" relativeResultsDirectory="f5f852ff-5a2e-4ec3-a85c-6bc246095ba6" />
    <UnitTestResult executionId="34cdd056-63dd-4c1a-b1c2-f65f70606582" testId="c37e3ceb-4de2-f887-5ba0-5f1d4459693f" testName="DateToStringConverter_MultiConvertInvalidInput_UnsetValue" computerName="DKSR-EFI-06" duration="00:00:00.0003260" startTime="2024-01-09T15:48:10.2972345+01:00" endTime="2024-01-09T15:48:10.2976937+01:00" testType="13cdc9d9-ddb5-4fa4-a97d-d965ccfc6d4b" outcome="Passed" testListId="8c84fa94-04c1-424b-9868-57a2d4851a1d" relativeResultsDirectory="34cdd056-63dd-4c1a-b1c2-f65f70606582" />
    <UnitTestResult executionId="4cf83bc6-abf1-4010-b985-48f1b899ebc8" testId="ed8ce939-1ecb-5339-ef24-908cae52144a" testName="PtzInfoViewModel_PtzCotrolledByPatrollingTest" computerName="DKSR-EFI-06" duration="00:00:00.0014018" startTime="2024-01-09T15:47:43.5767855+01:00" endTime="2024-01-09T15:47:43.5783775+01:00" testType="13cdc9d9-ddb5-4fa4-a97d-d965ccfc6d4b" outcome="Passed" testListId="8c84fa94-04c1-424b-9868-57a2d4851a1d" relativeResultsDirectory="4cf83bc6-abf1-4010-b985-48f1b899ebc8" />
    <UnitTestResult executionId="0f353b38-c1ec-4ea5-940f-986ee0cdc9de" testId="f472fa58-6e18-42be-4063-867fef6b02e5" testName="AddResults_IncludePartialResults_TwoPartialResult_Success" computerName="DKSR-EFI-06" duration="00:00:00.0020253" startTime="2024-01-09T15:48:26.6454965+01:00" endTime="2024-01-09T15:48:26.6476611+01:00" testType="13cdc9d9-ddb5-4fa4-a97d-d965ccfc6d4b" outcome="Passed" testListId="8c84fa94-04c1-424b-9868-57a2d4851a1d" relativeResultsDirectory="0f353b38-c1ec-4ea5-940f-986ee0cdc9de" />
    <UnitTestResult executionId="30c7d684-e3c7-406b-babc-a48ad28b066d" testId="34490af8-d3d6-7a91-eac4-416d37c4c03b" testName="SerializeDeserialize_Success" computerName="DKSR-EFI-06" duration="00:00:00.0003859" startTime="2024-01-09T15:48:26.1024113+01:00" endTime="2024-01-09T15:48:26.1030422+01:00" testType="13cdc9d9-ddb5-4fa4-a97d-d965ccfc6d4b" outcome="Passed" testListId="8c84fa94-04c1-424b-9868-57a2d4851a1d" relativeResultsDirectory="30c7d684-e3c7-406b-babc-a48ad28b066d" />
    <UnitTestResult executionId="249c72b0-a648-4454-88c0-7cf611747b5c" testId="c80f6705-aed7-e74b-8edd-9b2f7c5971b3" testName="PtzPresetsMenuViewModel_PtzReservedByOtherUserTest" computerName="DKSR-EFI-06" duration="00:00:00.0008369" startTime="2024-01-09T15:48:49.5811782+01:00" endTime="2024-01-09T15:48:49.5821418+01:00" testType="13cdc9d9-ddb5-4fa4-a97d-d965ccfc6d4b" outcome="Passed" testListId="8c84fa94-04c1-424b-9868-57a2d4851a1d" relativeResultsDirectory="249c72b0-a648-4454-88c0-7cf611747b5c" />
    <UnitTestResult executionId="5c257f45-29f7-4979-b320-23c8a4a9d7db" testId="1ce67353-df26-d1bd-d2aa-05733d1ac693" testName="PointMapItem_Load_Input_Success" computerName="DKSR-EFI-06" duration="00:00:00.0313638" startTime="2024-01-09T15:48:42.1328595+01:00" endTime="2024-01-09T15:48:42.1645487+01:00" testType="13cdc9d9-ddb5-4fa4-a97d-d965ccfc6d4b" outcome="Passed" testListId="8c84fa94-04c1-424b-9868-57a2d4851a1d" relativeResultsDirectory="5c257f45-29f7-4979-b320-23c8a4a9d7db" />
    <UnitTestResult executionId="099ba23c-43e1-4cf9-813a-64fbe8a098a3" testId="c0babfb5-0c51-8e86-82e8-b342920c9494" testName="ToSafeName_MultpleUnsafeName_Success" computerName="DKSR-EFI-06" duration="00:00:00.0000933" startTime="2024-01-09T15:48:51.6569686+01:00" endTime="2024-01-09T15:48:51.6571732+01:00" testType="13cdc9d9-ddb5-4fa4-a97d-d965ccfc6d4b" outcome="Passed" testListId="8c84fa94-04c1-424b-9868-57a2d4851a1d" relativeResultsDirectory="099ba23c-43e1-4cf9-813a-64fbe8a098a3" />
    <UnitTestResult executionId="88dcba5f-5616-41c1-aaba-17aaeccb077b" testId="2f100db4-2fb5-00e2-487e-75a3a7b6d272" testName="PtzPresetsMenuViewModel_PtzCotrolledByUserTest" computerName="DKSR-EFI-06" duration="00:00:00.0009006" startTime="2024-01-09T15:48:49.5769287+01:00" endTime="2024-01-09T15:48:49.5779671+01:00" testType="13cdc9d9-ddb5-4fa4-a97d-d965ccfc6d4b" outcome="Passed" testListId="8c84fa94-04c1-424b-9868-57a2d4851a1d" relativeResultsDirectory="88dcba5f-5616-41c1-aaba-17aaeccb077b" />
    <UnitTestResult executionId="aff3cbc4-c94c-459e-b148-92aa7be47a5e" testId="f84b750e-f7b1-dfa1-6239-ac206a9e1008" testName="GetDomain_ShouldReturnEmptyDomainPartOfNetworkCredentials_WhenNetworkCredentialsContainsNoDomain" computerName="DKSR-EFI-06" duration="00:00:00.0001597" startTime="2024-01-09T15:47:43.3707316+01:00" endTime="2024-01-09T15:47:43.3710179+01:00" testType="13cdc9d9-ddb5-4fa4-a97d-d965ccfc6d4b" outcome="Passed" testListId="8c84fa94-04c1-424b-9868-57a2d4851a1d" relativeResultsDirectory="aff3cbc4-c94c-459e-b148-92aa7be47a5e" />
    <UnitTestResult executionId="baa49ad9-3e9c-4d31-90b2-f4c953dec18b" testId="2b4d39ea-1010-36f3-4fa9-2911297ae4a4" testName="PointMapItem_CameraDeviceWithNoShortName_Success" computerName="DKSR-EFI-06" duration="00:00:00.0324569" startTime="2024-01-09T15:48:39.1688945+01:00" endTime="2024-01-09T15:48:39.2015487+01:00" testType="13cdc9d9-ddb5-4fa4-a97d-d965ccfc6d4b" outcome="Passed" testListId="8c84fa94-04c1-424b-9868-57a2d4851a1d" relativeResultsDirectory="baa49ad9-3e9c-4d31-90b2-f4c953dec18b" />
    <UnitTestResult executionId="ac91d84c-f6a3-4b5c-a01c-a09c579dba69" testId="63df17ff-7d87-8f4d-112e-c1a3760436bb" testName="GetDuration_AllCombined_Success" computerName="DKSR-EFI-06" duration="00:00:00.0002209" startTime="2024-01-09T15:48:25.9158825+01:00" endTime="2024-01-09T15:48:25.9162289+01:00" testType="13cdc9d9-ddb5-4fa4-a97d-d965ccfc6d4b" outcome="Passed" testListId="8c84fa94-04c1-424b-9868-57a2d4851a1d" relativeResultsDirectory="ac91d84c-f6a3-4b5c-a01c-a09c579dba69" />
    <UnitTestResult executionId="53b25f0f-9644-4566-b87c-8ab7f96aa0f1" testId="50fd2e3e-e95c-2e26-b861-12f593cf9a0f" testName="BuildMapOptions_ShouldHandleEnumOptionsCorrectly (GisMapOpenStreetMapGeographicLayer,Unavailable,False)" computerName="DKSR-EFI-06" duration="00:00:00.0007550" startTime="2024-01-09T15:48:51.5492282+01:00" endTime="2024-01-09T15:48:51.5501557+01:00" testType="13cdc9d9-ddb5-4fa4-a97d-d965ccfc6d4b" outcome="Passed" testListId="8c84fa94-04c1-424b-9868-57a2d4851a1d" relativeResultsDirectory="53b25f0f-9644-4566-b87c-8ab7f96aa0f1" />
    <UnitTestResult executionId="66e116e3-1c19-450e-a2d7-3a6cb9681a47" testId="b1b5a4b2-ef61-9282-6663-5d7233efeaab" testName="SupportsDoubleClick_ShouldBeFalse_WhenInteractionStateIsNotNormalAndInSetupMode" computerName="DKSR-EFI-06" duration="00:00:00.0155292" startTime="2024-01-09T15:47:47.7660525+01:00" endTime="2024-01-09T15:47:47.7841619+01:00" testType="13cdc9d9-ddb5-4fa4-a97d-d965ccfc6d4b" outcome="Passed" testListId="8c84fa94-04c1-424b-9868-57a2d4851a1d" relativeResultsDirectory="66e116e3-1c19-450e-a2d7-3a6cb9681a47" />
    <UnitTestResult executionId="1a2866af-932a-4963-90d6-99f1168891ab" testId="9f986ee2-f890-4bb4-9d18-dc0473ae370b" testName="AddToExportDevices_ShouldReturnCorrectResult (0,5,0)" computerName="DKSR-EFI-06" duration="00:00:00.0018464" startTime="2024-01-09T15:48:45.3973421+01:00" endTime="2024-01-09T15:48:45.3993650+01:00" testType="13cdc9d9-ddb5-4fa4-a97d-d965ccfc6d4b" outcome="Passed" testListId="8c84fa94-04c1-424b-9868-57a2d4851a1d" relativeResultsDirectory="1a2866af-932a-4963-90d6-99f1168891ab" />
    <UnitTestResult executionId="c6c99e88-221a-4ecc-b967-9940560c6998" testId="d84aea0e-76b6-55d2-4b7e-5e6eebfaed0e" testName="BoundingShapesCanvasVisibility_UpdateCorrectly" computerName="DKSR-EFI-06" duration="00:00:00.0286845" startTime="2024-01-09T15:48:37.9096098+01:00" endTime="2024-01-09T15:48:37.9409834+01:00" testType="13cdc9d9-ddb5-4fa4-a97d-d965ccfc6d4b" outcome="Passed" testListId="8c84fa94-04c1-424b-9868-57a2d4851a1d" relativeResultsDirectory="c6c99e88-221a-4ecc-b967-9940560c6998" />
    <UnitTestResult executionId="8a8c56b9-fcff-4ebb-8861-d0badb1001da" testId="ff39d078-db32-05c4-cda1-a2362a7ad157" testName="Compare_ShouldSortByPrimaryEventTime_WhenOnlySingleResults" computerName="DKSR-EFI-06" duration="00:00:00.0012631" startTime="2024-01-09T15:48:26.7570391+01:00" endTime="2024-01-09T15:48:26.7585362+01:00" testType="13cdc9d9-ddb5-4fa4-a97d-d965ccfc6d4b" outcome="Passed" testListId="8c84fa94-04c1-424b-9868-57a2d4851a1d" relativeResultsDirectory="8a8c56b9-fcff-4ebb-8861-d0badb1001da" />
    <UnitTestResult executionId="5715c1ad-59fb-4bdf-bc92-c9b235208482" testId="fc2cbc5b-c2b1-3d19-f684-8de533e0344a" testName="ToDenormalizedDirection_Minus0_25" computerName="DKSR-EFI-06" duration="00:00:00.0000775" startTime="2024-01-09T15:48:38.6349168+01:00" endTime="2024-01-09T15:48:38.6351087+01:00" testType="13cdc9d9-ddb5-4fa4-a97d-d965ccfc6d4b" outcome="Passed" testListId="8c84fa94-04c1-424b-9868-57a2d4851a1d" relativeResultsDirectory="5715c1ad-59fb-4bdf-bc92-c9b235208482" />
    <UnitTestResult executionId="63cd7826-a8d4-455e-b7b8-c3f2dbf79064" testId="c49afcd7-de27-7990-5754-d54f7b7c14ac" testName="SearchResultContainerView_OnItemActivated_AnimationDisabled_DetailsViewAddedToDetailsViewControl" computerName="DKSR-EFI-06" duration="00:00:00.6596653" startTime="2024-01-09T15:47:56.2268764+01:00" endTime="2024-01-09T15:47:56.8895860+01:00" testType="13cdc9d9-ddb5-4fa4-a97d-d965ccfc6d4b" outcome="Passed" testListId="8c84fa94-04c1-424b-9868-57a2d4851a1d" relativeResultsDirectory="63cd7826-a8d4-455e-b7b8-c3f2dbf79064" />
    <UnitTestResult executionId="a2ab450a-612e-4dfd-b72a-040daa5787f9" testId="4a97d8d2-9fcf-7559-c175-69939d513efc" testName="SignUrl_WhereUrlIsNull_ThrowException" computerName="DKSR-EFI-06" duration="00:00:00.0009400" startTime="2024-01-09T15:47:45.9260173+01:00" endTime="2024-01-09T15:47:45.9270799+01:00" testType="13cdc9d9-ddb5-4fa4-a97d-d965ccfc6d4b" outcome="Passed" testListId="8c84fa94-04c1-424b-9868-57a2d4851a1d" relativeResultsDirectory="a2ab450a-612e-4dfd-b72a-040daa5787f9" />
    <UnitTestResult executionId="c6e9b242-70ac-4c8e-94e0-84e58499f6b9" testId="56fde5b0-e4df-3dd0-b924-b3d8168ff571" testName="PatrollingProfileViewModelTest_Name" computerName="DKSR-EFI-06" duration="00:00:00.0020681" startTime="2024-01-09T15:48:43.9030889+01:00" endTime="2024-01-09T15:48:43.9053078+01:00" testType="13cdc9d9-ddb5-4fa4-a97d-d965ccfc6d4b" outcome="Passed" testListId="8c84fa94-04c1-424b-9868-57a2d4851a1d" relativeResultsDirectory="c6e9b242-70ac-4c8e-94e0-84e58499f6b9" />
    <UnitTestResult executionId="086c9498-7822-4d2a-bac2-61c92cd20da1" testId="d054dd78-c223-2b18-9e0c-69480854f65f" testName="Init_NullState_CorrectViewAppliedAsContent" computerName="DKSR-EFI-06" duration="00:00:00.0021025" startTime="2024-01-09T15:47:51.8243330+01:00" endTime="2024-01-09T15:47:51.8265962+01:00" testType="13cdc9d9-ddb5-4fa4-a97d-d965ccfc6d4b" outcome="Passed" testListId="8c84fa94-04c1-424b-9868-57a2d4851a1d" relativeResultsDirectory="086c9498-7822-4d2a-bac2-61c92cd20da1" />
    <UnitTestResult executionId="a7cdc5bb-d347-44b0-a057-2aebc866d8c5" testId="feb3bdce-3024-5a59-89ff-b1ebe27d119c" testName="SearchResultsActionBarActions_SelectedSearchResults_ExportActionEnabled" computerName="DKSR-EFI-06" duration="00:00:00.0066750" startTime="2024-01-09T15:48:22.6335137+01:00" endTime="2024-01-09T15:48:22.6403412+01:00" testType="13cdc9d9-ddb5-4fa4-a97d-d965ccfc6d4b" outcome="Passed" testListId="8c84fa94-04c1-424b-9868-57a2d4851a1d" relativeResultsDirectory="a7cdc5bb-d347-44b0-a057-2aebc866d8c5" />
    <UnitTestResult executionId="a352169d-0b39-4312-8363-2402290688ea" testId="8ad53d84-7b7f-42f1-3c0f-a181a1bcf187" testName="FieldOfView_XPCO_SC_RoundtripTransform_Success" computerName="DKSR-EFI-06" duration="00:00:00.0005861" startTime="2024-01-09T15:48:38.6490287+01:00" endTime="2024-01-09T15:48:38.6497668+01:00" testType="13cdc9d9-ddb5-4fa4-a97d-d965ccfc6d4b" outcome="Passed" testListId="8c84fa94-04c1-424b-9868-57a2d4851a1d" relativeResultsDirectory="a352169d-0b39-4312-8363-2402290688ea" />
    <UnitTestResult executionId="c81f10be-e99a-4e5e-a0cf-3fe7cb7d7af1" testId="400c5eaf-48ad-3c64-9e1d-3969836d1b6d" testName="SupportsDoubleClick_ShouldBeTrue_WhenInteractionStateIsNormal" computerName="DKSR-EFI-06" duration="00:00:00.0360113" startTime="2024-01-09T15:47:48.3160052+01:00" endTime="2024-01-09T15:47:48.3548339+01:00" testType="13cdc9d9-ddb5-4fa4-a97d-d965ccfc6d4b" outcome="Passed" testListId="8c84fa94-04c1-424b-9868-57a2d4851a1d" relativeResultsDirectory="c81f10be-e99a-4e5e-a0cf-3fe7cb7d7af1" />
    <UnitTestResult executionId="91a0b756-e6e5-4920-85b2-c51c1f49b609" testId="96e8936d-0390-58bc-a96b-c2ae29467c1e" testName="SmartSearchStatusType_ShouldYieldSameValuesForAllEnumValues_WhenRoundTripConverted (SearchInProgress,SearchInProgress)" computerName="DKSR-EFI-06" duration="00:00:00.0000066" startTime="2024-01-09T15:47:41.0212650+01:00" endTime="2024-01-09T15:47:41.0213698+01:00" testType="13cdc9d9-ddb5-4fa4-a97d-d965ccfc6d4b" outcome="Passed" testListId="8c84fa94-04c1-424b-9868-57a2d4851a1d" relativeResultsDirectory="91a0b756-e6e5-4920-85b2-c51c1f49b609" />
    <UnitTestResult executionId="5326f727-5504-4402-9cf8-1bf4257171a7" testId="63f12d9f-b048-76b8-264d-b989df0bfbca" testName="GetOsmServerAddress_ShouldReturnAlternativeServerValue_WhenGeographicLayerIsNullAndAlternativeServerHasValidUrl" computerName="DKSR-EFI-06" duration="00:00:00.0005129" startTime="2024-01-09T15:48:43.0132583+01:00" endTime="2024-01-09T15:48:43.0139031+01:00" testType="13cdc9d9-ddb5-4fa4-a97d-d965ccfc6d4b" outcome="Passed" testListId="8c84fa94-04c1-424b-9868-57a2d4851a1d" relativeResultsDirectory="5326f727-5504-4402-9cf8-1bf4257171a7" />
    <UnitTestResult executionId="320000cc-ce74-46bc-8d7f-b2ec6fc70289" testId="4586ccb8-434e-a6fb-3efe-7ae23e91a4a4" testName="MarkerOnMouseLeftButtonDoubleClicked_ShouldCallToggleMicrophoneStateAsync_WhenIsInLiveMode" computerName="DKSR-EFI-06" duration="00:00:00.0454588" startTime="2024-01-09T15:47:48.6624869+01:00" endTime="2024-01-09T15:47:48.7104729+01:00" testType="13cdc9d9-ddb5-4fa4-a97d-d965ccfc6d4b" outcome="Passed" testListId="8c84fa94-04c1-424b-9868-57a2d4851a1d" relativeResultsDirectory="320000cc-ce74-46bc-8d7f-b2ec6fc70289" />
    <UnitTestResult executionId="7b51f2d9-0ad8-4d54-a498-bcf157e08398" testId="17258b23-ff23-da1c-73fb-351e418fb581" testName="BeginTime_ShouldBeSetToValueOfSearchResult" computerName="DKSR-EFI-06" duration="00:00:00.0003626" startTime="2024-01-09T15:48:26.7357703+01:00" endTime="2024-01-09T15:48:26.7362612+01:00" testType="13cdc9d9-ddb5-4fa4-a97d-d965ccfc6d4b" outcome="Passed" testListId="8c84fa94-04c1-424b-9868-57a2d4851a1d" relativeResultsDirectory="7b51f2d9-0ad8-4d54-a498-bcf157e08398" />
    <UnitTestResult executionId="d8a1f778-3427-4ec0-bf19-ebfd1a197559" testId="2328c08a-6b16-a28c-b157-2e48d92660b0" testName="ValidateExportLocation_ShouldReturnFailResult_ExportFolderIsIllegal (True,True)" computerName="DKSR-EFI-06" duration="00:00:00.0082798" startTime="2024-01-09T15:47:52.0809029+01:00" endTime="2024-01-09T15:47:52.0893882+01:00" testType="13cdc9d9-ddb5-4fa4-a97d-d965ccfc6d4b" outcome="Passed" testListId="8c84fa94-04c1-424b-9868-57a2d4851a1d" relativeResultsDirectory="d8a1f778-3427-4ec0-bf19-ebfd1a197559" />
    <UnitTestResult executionId="60cbd422-1076-428a-9935-727593a2c847" testId="d3a153fd-0e88-372e-ad4d-024de9ccde9a" testName="Constructor_ShouldRaiseArgumentNullException_WhenControllerManagerIsNull" computerName="DKSR-EFI-06" duration="00:00:00.0082666" startTime="2024-01-09T15:48:39.8616349+01:00" endTime="2024-01-09T15:48:39.8701763+01:00" testType="13cdc9d9-ddb5-4fa4-a97d-d965ccfc6d4b" outcome="Passed" testListId="8c84fa94-04c1-424b-9868-57a2d4851a1d" relativeResultsDirectory="60cbd422-1076-428a-9935-727593a2c847" />
    <UnitTestResult executionId="7b72bf85-9e34-4cba-bda4-d79543fffabd" testId="cb7e0b0b-265a-1cd7-8d28-4bc375b72be8" testName="TestLoadLevelsAsync_CommunicationFailure_Success" computerName="DKSR-EFI-06" duration="00:00:00.0094486" startTime="2024-01-09T15:48:38.2699019+01:00" endTime="2024-01-09T15:48:38.2795252+01:00" testType="13cdc9d9-ddb5-4fa4-a97d-d965ccfc6d4b" outcome="Passed" testListId="8c84fa94-04c1-424b-9868-57a2d4851a1d" relativeResultsDirectory="7b72bf85-9e34-4cba-bda4-d79543fffabd" />
    <UnitTestResult executionId="faa72efc-61db-43a5-afce-38374ceffa6b" testId="e26b2205-c180-7f1b-f046-b9155ed9b951" testName="ScWorkspaceStateChangedEvent_ShouldKeepIsSelected_WhenSwitchingToSetupMode" computerName="DKSR-EFI-06" duration="00:00:00.0166944" startTime="2024-01-09T15:48:41.3943740+01:00" endTime="2024-01-09T15:48:41.4137540+01:00" testType="13cdc9d9-ddb5-4fa4-a97d-d965ccfc6d4b" outcome="Passed" testListId="8c84fa94-04c1-424b-9868-57a2d4851a1d" relativeResultsDirectory="faa72efc-61db-43a5-afce-38374ceffa6b" />
    <UnitTestResult executionId="2bf47f61-5ef5-47fc-920e-11a0deb8859c" testId="1a9497ea-544a-7067-529f-b7c94b2f8c7f" testName="MicrophoneMapItem_UpdateName_Rejected" computerName="DKSR-EFI-06" duration="00:00:00.0100744" startTime="2024-01-09T15:48:42.0026789+01:00" endTime="2024-01-09T15:48:42.0158382+01:00" testType="13cdc9d9-ddb5-4fa4-a97d-d965ccfc6d4b" outcome="Passed" testListId="8c84fa94-04c1-424b-9868-57a2d4851a1d" relativeResultsDirectory="2bf47f61-5ef5-47fc-920e-11a0deb8859c" />
    <UnitTestResult executionId="ce77555d-4eac-491e-9f57-611291821f73" testId="47bead1c-a537-8842-47a7-b3ba583fe988" testName="Convert_NullArgument_Collapsed" computerName="DKSR-EFI-06" duration="00:00:00.0005313" startTime="2024-01-09T15:48:10.3341350+01:00" endTime="2024-01-09T15:48:10.3348917+01:00" testType="13cdc9d9-ddb5-4fa4-a97d-d965ccfc6d4b" outcome="Passed" testListId="8c84fa94-04c1-424b-9868-57a2d4851a1d" relativeResultsDirectory="ce77555d-4eac-491e-9f57-611291821f73" />
    <UnitTestResult executionId="e1e509b5-9ef0-4727-a68d-038930ac0313" testId="faece781-49e2-4e59-ebf9-bba502576c3c" testName="RemoveWorkroom_ShouldReturnFalse_WhenThereIsOnlyOneWorkroom" computerName="DKSR-EFI-06" duration="00:00:00.0225042" startTime="2024-01-09T15:48:51.4226714+01:00" endTime="2024-01-09T15:48:51.4454286+01:00" testType="13cdc9d9-ddb5-4fa4-a97d-d965ccfc6d4b" outcome="Passed" testListId="8c84fa94-04c1-424b-9868-57a2d4851a1d" relativeResultsDirectory="e1e509b5-9ef0-4727-a68d-038930ac0313" />
    <UnitTestResult executionId="53297d7a-4e71-4d99-a1b7-1c323cc3ca4c" testId="8696aa0c-12a3-d654-df89-f1e1b8ee687b" testName="ValidateExportName_ShouldReturnFailResult_InvalidCharactersInExportName (1213/)" computerName="DKSR-EFI-06" duration="00:00:00.0026540" startTime="2024-01-09T15:47:51.9792023+01:00" endTime="2024-01-09T15:47:51.9821099+01:00" testType="13cdc9d9-ddb5-4fa4-a97d-d965ccfc6d4b" outcome="Passed" testListId="8c84fa94-04c1-424b-9868-57a2d4851a1d" relativeResultsDirectory="53297d7a-4e71-4d99-a1b7-1c323cc3ca4c" />
    <UnitTestResult executionId="109b5b0e-355b-4b98-98a2-19fbb1023b54" testId="b18c5783-3346-0ed2-7230-790ae4df554b" testName="EnsureLayersOrderIsValidBy_Swap201_Success" computerName="DKSR-EFI-06" duration="00:00:00.0195453" startTime="2024-01-09T15:48:40.6103951+01:00" endTime="2024-01-09T15:48:40.6301259+01:00" testType="13cdc9d9-ddb5-4fa4-a97d-d965ccfc6d4b" outcome="Passed" testListId="8c84fa94-04c1-424b-9868-57a2d4851a1d" relativeResultsDirectory="109b5b0e-355b-4b98-98a2-19fbb1023b54" />
    <UnitTestResult executionId="1b3fd992-8bad-4806-ab4a-07d701edca4c" testId="b58eb60e-3eb1-72c6-0301-c9875128ee4e" testName="PopulateTooltip_ManyResultsFromFewCameras24Hours_ValidText" computerName="DKSR-EFI-06" duration="00:00:00.2565827" startTime="2024-01-09T15:48:19.9818463+01:00" endTime="2024-01-09T15:48:20.2414257+01:00" testType="13cdc9d9-ddb5-4fa4-a97d-d965ccfc6d4b" outcome="Passed" testListId="8c84fa94-04c1-424b-9868-57a2d4851a1d" relativeResultsDirectory="1b3fd992-8bad-4806-ab4a-07d701edca4c" />
    <UnitTestResult executionId="3bbd32bd-7444-4174-8999-d576409d81fa" testId="dddb1835-bc62-9ecf-f6da-266a9e5d6d03" testName="SerializeDeserialize_RoundTripNoValues_Equals" computerName="DKSR-EFI-06" duration="00:00:00.0011636" startTime="2024-01-09T15:48:46.0018999+01:00" endTime="2024-01-09T15:48:46.0033020+01:00" testType="13cdc9d9-ddb5-4fa4-a97d-d965ccfc6d4b" outcome="Passed" testListId="8c84fa94-04c1-424b-9868-57a2d4851a1d" relativeResultsDirectory="3bbd32bd-7444-4174-8999-d576409d81fa" />
    <UnitTestResult executionId="703b363a-d4c7-4eaa-88c3-4437271624fe" testId="cfda1da7-2899-4bbe-17b2-c69d57b6f85d" testName="ShowAccessControlSystems_ShouldReturnFalse_WhenNoACSystemsAvailable" computerName="DKSR-EFI-06" duration="00:00:00.0309956" startTime="2024-01-09T15:48:52.7970468+01:00" endTime="2024-01-09T15:48:52.8283197+01:00" testType="13cdc9d9-ddb5-4fa4-a97d-d965ccfc6d4b" outcome="Passed" testListId="8c84fa94-04c1-424b-9868-57a2d4851a1d" relativeResultsDirectory="703b363a-d4c7-4eaa-88c3-4437271624fe" />
    <UnitTestResult executionId="583cd15d-090e-4b00-8348-dc6e8f68dac3" testId="b2858415-8d80-7600-7fe5-6b1b7d183235" testName="Create_Success" computerName="DKSR-EFI-06" duration="00:00:00.0755104" startTime="2024-01-09T15:47:49.4854810+01:00" endTime="2024-01-09T15:47:49.5642880+01:00" testType="13cdc9d9-ddb5-4fa4-a97d-d965ccfc6d4b" outcome="Passed" testListId="8c84fa94-04c1-424b-9868-57a2d4851a1d" relativeResultsDirectory="583cd15d-090e-4b00-8348-dc6e8f68dac3" />
    <UnitTestResult executionId="92bd2fea-f434-4625-8de0-c5f03596b083" testId="ce2cf82c-5810-0ccc-465a-37da15418741" testName="HandleSetLayerFeatures_ShouldRaiseArgumentException_WhenMicrophoneKindAndNotMicrophoneLayerFeatures" computerName="DKSR-EFI-06" duration="00:00:00.0027606" startTime="2024-01-09T15:48:42.9697595+01:00" endTime="2024-01-09T15:48:42.9726970+01:00" testType="13cdc9d9-ddb5-4fa4-a97d-d965ccfc6d4b" outcome="Passed" testListId="8c84fa94-04c1-424b-9868-57a2d4851a1d" relativeResultsDirectory="92bd2fea-f434-4625-8de0-c5f03596b083" />
    <UnitTestResult executionId="832e1f6d-e16c-4ad7-83c5-629e8f513812" testId="7b7ac52a-fd20-eae1-4eee-941b2f9ad41c" testName="TestForAssemblyCoverage" computerName="DKSR-EFI-06" duration="00:00:00.0027920" startTime="2024-01-09T15:48:38.1380064+01:00" endTime="2024-01-09T15:48:38.1410019+01:00" testType="13cdc9d9-ddb5-4fa4-a97d-d965ccfc6d4b" outcome="Passed" testListId="8c84fa94-04c1-424b-9868-57a2d4851a1d" relativeResultsDirectory="832e1f6d-e16c-4ad7-83c5-629e8f513812" />
    <UnitTestResult executionId="98d6f38b-d9b1-43ec-805c-b2eaa18a3a57" testId="6cd2234b-585d-b823-54fb-25eb6199902f" testName="PointMapItem_Load_Microphone_Success" computerName="DKSR-EFI-06" duration="00:00:00.0242035" startTime="2024-01-09T15:48:41.9318027+01:00" endTime="2024-01-09T15:48:41.9591893+01:00" testType="13cdc9d9-ddb5-4fa4-a97d-d965ccfc6d4b" outcome="Passed" testListId="8c84fa94-04c1-424b-9868-57a2d4851a1d" relativeResultsDirectory="98d6f38b-d9b1-43ec-805c-b2eaa18a3a57" />
    <UnitTestResult executionId="f06c31c0-6ea4-4e5a-94b8-e5c55ea34ad5" testId="076370ef-98dd-553b-4db5-16eb7626b01e" testName="GetLayerVisibilityItemsData_ShouldAddOneFixedLayer_WhenOnlyDeviceMapLayersAreProvided" computerName="DKSR-EFI-06" duration="00:00:00.0132978" startTime="2024-01-09T15:47:45.8541198+01:00" endTime="2024-01-09T15:47:45.8676045+01:00" testType="13cdc9d9-ddb5-4fa4-a97d-d965ccfc6d4b" outcome="Passed" testListId="8c84fa94-04c1-424b-9868-57a2d4851a1d" relativeResultsDirectory="f06c31c0-6ea4-4e5a-94b8-e5c55ea34ad5" />
    <UnitTestResult executionId="e9a6df34-4d02-4946-b9dd-dc17edbe074c" testId="2521704e-7859-65c2-160f-02af43e2aa44" testName="PatrollingProfileListViewModel_SelectedPatrollingProfileViewModel_Selected_PatrollingStep" computerName="DKSR-EFI-06" duration="00:00:00.0060945" startTime="2024-01-09T15:48:43.8371262+01:00" endTime="2024-01-09T15:48:43.8433851+01:00" testType="13cdc9d9-ddb5-4fa4-a97d-d965ccfc6d4b" outcome="Passed" testListId="8c84fa94-04c1-424b-9868-57a2d4851a1d" relativeResultsDirectory="e9a6df34-4d02-4946-b9dd-dc17edbe074c" />
    <UnitTestResult executionId="0f656add-3e19-45c8-ab1b-894bd50a8d9f" testId="361cc772-0d75-885b-698f-f995fb066fc5" testName="ReCreateOverlay_WhereOverlayIsRecreable_OverlayRequestToBeReCreated" computerName="DKSR-EFI-06" duration="00:00:00.0677636" startTime="2024-01-09T15:47:46.1664169+01:00" endTime="2024-01-09T15:47:46.2371645+01:00" testType="13cdc9d9-ddb5-4fa4-a97d-d965ccfc6d4b" outcome="Passed" testListId="8c84fa94-04c1-424b-9868-57a2d4851a1d" relativeResultsDirectory="0f656add-3e19-45c8-ab1b-894bd50a8d9f" />
    <UnitTestResult executionId="a0e8658e-3e6e-4861-ada9-8d7738f73035" testId="c2441b73-f50b-2134-daff-42ee09341afb" testName="CanEditRegionSelection_ShouldBeFalse_WhenHelperDoesNotAllowMoreRegionsToBeAdded" computerName="DKSR-EFI-06" duration="00:00:00.0007676" startTime="2024-01-09T15:48:38.0827950+01:00" endTime="2024-01-09T15:48:38.0837104+01:00" testType="13cdc9d9-ddb5-4fa4-a97d-d965ccfc6d4b" outcome="Passed" testListId="8c84fa94-04c1-424b-9868-57a2d4851a1d" relativeResultsDirectory="a0e8658e-3e6e-4861-ada9-8d7738f73035" />
    <UnitTestResult executionId="6253806b-5598-4644-8a1c-1fb7a9bf4ddb" testId="c277206d-3ad5-99fa-fd35-5b55265763de" testName="Execute_OkCommand_DialogResultReturnsTrue" computerName="DKSR-EFI-06" duration="00:00:00.0020391" startTime="2024-01-09T15:48:45.0037994+01:00" endTime="2024-01-09T15:48:45.0059756+01:00" testType="13cdc9d9-ddb5-4fa4-a97d-d965ccfc6d4b" outcome="Passed" testListId="8c84fa94-04c1-424b-9868-57a2d4851a1d" relativeResultsDirectory="6253806b-5598-4644-8a1c-1fb7a9bf4ddb" />
    <UnitTestResult executionId="a6cd2889-eace-46ba-80c7-1a8a28970b42" testId="3c716f34-734b-16bb-9f28-27f6b4a026ec" testName="Perform_NewActionDuringDelay_OverwritesPrevious" computerName="DKSR-EFI-06" duration="00:00:00.0018141" startTime="2024-01-09T15:47:43.2543068+01:00" endTime="2024-01-09T15:47:43.2562693+01:00" testType="13cdc9d9-ddb5-4fa4-a97d-d965ccfc6d4b" outcome="Passed" testListId="8c84fa94-04c1-424b-9868-57a2d4851a1d" relativeResultsDirectory="a6cd2889-eace-46ba-80c7-1a8a28970b42" />
    <UnitTestResult executionId="64df9e45-d2df-4a94-9560-2d4c2090296b" testId="b9ffa3f4-1f18-4167-4317-71e05fdcc916" testName="PatrollingProfileListViewModel_AddProfileExecute_Name_Taken" computerName="DKSR-EFI-06" duration="00:00:00.0015821" startTime="2024-01-09T15:48:43.8509441+01:00" endTime="2024-01-09T15:48:43.8526669+01:00" testType="13cdc9d9-ddb5-4fa4-a97d-d965ccfc6d4b" outcome="Passed" testListId="8c84fa94-04c1-424b-9868-57a2d4851a1d" relativeResultsDirectory="64df9e45-d2df-4a94-9560-2d4c2090296b" />
    <UnitTestResult executionId="8ab4255e-2247-43e2-80fe-d45b9b8c8f7b" testId="a6aa36e2-697d-2507-2a34-be6ba6cdbea9" testName="GeNumberOfMonitors_ShouldReturnValidValue" computerName="DKSR-EFI-06" duration="00:00:00.0027348" startTime="2024-01-09T15:48:51.5246680+01:00" endTime="2024-01-09T15:48:51.5276324+01:00" testType="13cdc9d9-ddb5-4fa4-a97d-d965ccfc6d4b" outcome="Passed" testListId="8c84fa94-04c1-424b-9868-57a2d4851a1d" relativeResultsDirectory="8ab4255e-2247-43e2-80fe-d45b9b8c8f7b" />
    <UnitTestResult executionId="2c52cac1-fbf5-4adb-9c3b-fa647d8dfe46" testId="c56f457f-add8-fe75-61ba-d07e5ee3df6d" testName="ValidateExportItems_ShouldReturnFailResult_ViewItemRequired" computerName="DKSR-EFI-06" duration="00:00:00.0038148" startTime="2024-01-09T15:47:51.9858774+01:00" endTime="2024-01-09T15:47:51.9898406+01:00" testType="13cdc9d9-ddb5-4fa4-a97d-d965ccfc6d4b" outcome="Passed" testListId="8c84fa94-04c1-424b-9868-57a2d4851a1d" relativeResultsDirectory="2c52cac1-fbf5-4adb-9c3b-fa647d8dfe46" />
    <UnitTestResult executionId="cc1a5463-6890-4a9e-8dfd-50f3aa32a593" testId="5a96435f-7bfb-674d-9228-2eed29df56f2" testName="SetLayerFeatures_ShouldUpdateInputItemsMapLayer_WhenInputKindAndInputLayerFeatures" computerName="DKSR-EFI-06" duration="00:00:00.0018968" startTime="2024-01-09T15:48:43.0677107+01:00" endTime="2024-01-09T15:48:43.0698163+01:00" testType="13cdc9d9-ddb5-4fa4-a97d-d965ccfc6d4b" outcome="Passed" testListId="8c84fa94-04c1-424b-9868-57a2d4851a1d" relativeResultsDirectory="cc1a5463-6890-4a9e-8dfd-50f3aa32a593" />
    <UnitTestResult executionId="3abb17c7-c8b1-4cf8-8711-285d86727e26" testId="3bf91338-9db5-e244-3437-2a694f10cdfe" testName="Ctor_NullLogger_Failure" computerName="DKSR-EFI-06" duration="00:00:00.0003157" startTime="2024-01-09T15:48:25.6050180+01:00" endTime="2024-01-09T15:48:25.6055046+01:00" testType="13cdc9d9-ddb5-4fa4-a97d-d965ccfc6d4b" outcome="Passed" testListId="8c84fa94-04c1-424b-9868-57a2d4851a1d" relativeResultsDirectory="3abb17c7-c8b1-4cf8-8711-285d86727e26" />
    <UnitTestResult executionId="0a22d5f5-8688-4871-92fa-80a8ee48d810" testId="9cc6be48-d93e-7fa9-ac2d-151cc03c3ec0" testName="Compare_Descending_Success" computerName="DKSR-EFI-06" duration="00:00:00.0003780" startTime="2024-01-09T15:48:26.7798501+01:00" endTime="2024-01-09T15:48:26.7803720+01:00" testType="13cdc9d9-ddb5-4fa4-a97d-d965ccfc6d4b" outcome="Passed" testListId="8c84fa94-04c1-424b-9868-57a2d4851a1d" relativeResultsDirectory="0a22d5f5-8688-4871-92fa-80a8ee48d810" />
    <UnitTestResult executionId="0f67052e-4287-4820-a668-34607b5a9d67" testId="f23cbfaa-bd0e-0a68-964c-aedac70dbd89" testName="Constructor_ShouldRaiseArgumentNullException_WhenLayersIsNull" computerName="DKSR-EFI-06" duration="00:00:00.0026236" startTime="2024-01-09T15:48:43.0295177+01:00" endTime="2024-01-09T15:48:43.0325797+01:00" testType="13cdc9d9-ddb5-4fa4-a97d-d965ccfc6d4b" outcome="Passed" testListId="8c84fa94-04c1-424b-9868-57a2d4851a1d" relativeResultsDirectory="0f67052e-4287-4820-a668-34607b5a9d67" />
    <UnitTestResult executionId="3977cd6f-309b-4e5c-a487-2bd6e6aa593b" testId="65a9b794-921a-eae9-026a-f733825b3d4a" testName="SearchAction_BrowseMode_30MinutesInTheFuture" computerName="DKSR-EFI-06" duration="00:00:00.0070710" startTime="2024-01-09T15:48:45.9698283+01:00" endTime="2024-01-09T15:48:45.9770582+01:00" testType="13cdc9d9-ddb5-4fa4-a97d-d965ccfc6d4b" outcome="Passed" testListId="8c84fa94-04c1-424b-9868-57a2d4851a1d" relativeResultsDirectory="3977cd6f-309b-4e5c-a487-2bd6e6aa593b" />
    <UnitTestResult executionId="e56bd3e5-e1ff-4d8a-b7df-f229bf7fd9be" testId="935f9d23-02e5-8e42-a5d2-10f08e3ce4fe" testName="Ctor_NullCaption_ThrowsException" computerName="DKSR-EFI-06" duration="00:00:00.0011424" startTime="2024-01-09T15:48:44.9821814+01:00" endTime="2024-01-09T15:48:44.9836206+01:00" testType="13cdc9d9-ddb5-4fa4-a97d-d965ccfc6d4b" outcome="Passed" testListId="8c84fa94-04c1-424b-9868-57a2d4851a1d" relativeResultsDirectory="e56bd3e5-e1ff-4d8a-b7df-f229bf7fd9be" />
    <UnitTestResult executionId="0319cfd5-bb3d-4c5a-acd8-1ed24ef4f3fa" testId="2e48f727-377d-16c5-c400-f5ba4ec6882c" testName="Command_WithInputValues_PluginInstanceActivateCalled" computerName="DKSR-EFI-06" duration="00:00:00.0022904" startTime="2024-01-09T15:48:23.5639077+01:00" endTime="2024-01-09T15:48:23.5663370+01:00" testType="13cdc9d9-ddb5-4fa4-a97d-d965ccfc6d4b" outcome="Passed" testListId="8c84fa94-04c1-424b-9868-57a2d4851a1d" relativeResultsDirectory="0319cfd5-bb3d-4c5a-acd8-1ed24ef4f3fa" />
    <UnitTestResult executionId="3fd6325f-c8a3-47a7-bd02-5476246fd2a6" testId="d9f777ed-3466-7c99-be02-84bb7ebbad4b" testName="SearchResultsActionBarActions_EditBookmark_SingleResult_EditBookmarkInvoked" computerName="DKSR-EFI-06" duration="00:00:00.0136113" startTime="2024-01-09T15:48:23.0539838+01:00" endTime="2024-01-09T15:48:23.0677552+01:00" testType="13cdc9d9-ddb5-4fa4-a97d-d965ccfc6d4b" outcome="Passed" testListId="8c84fa94-04c1-424b-9868-57a2d4851a1d" relativeResultsDirectory="3fd6325f-c8a3-47a7-bd02-5476246fd2a6" />
    <UnitTestResult executionId="eca533a2-0b50-4223-907d-f538bc4b7111" testId="bd7d68bd-5950-0934-2e64-6a07c08a54b7" testName="GetUtcToday_DayOffsetIncluded_Success" computerName="DKSR-EFI-06" duration="00:00:00.0005637" startTime="2024-01-09T15:48:25.9263514+01:00" endTime="2024-01-09T15:48:25.9271034+01:00" testType="13cdc9d9-ddb5-4fa4-a97d-d965ccfc6d4b" outcome="Passed" testListId="8c84fa94-04c1-424b-9868-57a2d4851a1d" relativeResultsDirectory="eca533a2-0b50-4223-907d-f538bc4b7111" />
    <UnitTestResult executionId="d16ba754-ede7-472c-81e8-3b87b1ee4f85" testId="10a1b738-5399-5e92-e2ed-009c7ed9c454" testName="AddLevelWithLoadNewLevel_Success" computerName="DKSR-EFI-06" duration="00:00:00.0321063" startTime="2024-01-09T15:48:42.6923385+01:00" endTime="2024-01-09T15:48:42.7246407+01:00" testType="13cdc9d9-ddb5-4fa4-a97d-d965ccfc6d4b" outcome="Passed" testListId="8c84fa94-04c1-424b-9868-57a2d4851a1d" relativeResultsDirectory="d16ba754-ede7-472c-81e8-3b87b1ee4f85" />
    <UnitTestResult executionId="a4064430-b30e-4ea0-b346-e6e47291ba39" testId="afde7264-8c54-4b55-3afb-8cc9db7bdd2c" testName="SupportsRightClick_ShouldBeTrue_WhenInteractionStateIsNormal" computerName="DKSR-EFI-06" duration="00:00:00.0402083" startTime="2024-01-09T15:47:48.2350993+01:00" endTime="2024-01-09T15:47:48.2779363+01:00" testType="13cdc9d9-ddb5-4fa4-a97d-d965ccfc6d4b" outcome="Passed" testListId="8c84fa94-04c1-424b-9868-57a2d4851a1d" relativeResultsDirectory="a4064430-b30e-4ea0-b346-e6e47291ba39" />
    <UnitTestResult executionId="2e1997f9-7a31-4fa0-b399-c6bda838477d" testId="79131a3d-642e-dea5-31f3-3e3bb8d72cf5" testName="ClearCommand_Invoke_ClearsText" computerName="DKSR-EFI-06" duration="00:00:00.0111888" startTime="2024-01-09T15:48:38.0321783+01:00" endTime="2024-01-09T15:48:38.0458883+01:00" testType="13cdc9d9-ddb5-4fa4-a97d-d965ccfc6d4b" outcome="Passed" testListId="8c84fa94-04c1-424b-9868-57a2d4851a1d" relativeResultsDirectory="2e1997f9-7a31-4fa0-b399-c6bda838477d" />
    <UnitTestResult executionId="db237f2a-ee4a-4f4f-bbea-99ef7bf1d196" testId="cecff56d-f2c2-5f4f-f26a-46e190ce7353" testName="Ctor_ValidParameters_ParametersSetCorrectly" computerName="DKSR-EFI-06" duration="00:00:00.0108900" startTime="2024-01-09T15:48:44.9857081+01:00" endTime="2024-01-09T15:48:44.9967387+01:00" testType="13cdc9d9-ddb5-4fa4-a97d-d965ccfc6d4b" outcome="Passed" testListId="8c84fa94-04c1-424b-9868-57a2d4851a1d" relativeResultsDirectory="db237f2a-ee4a-4f4f-bbea-99ef7bf1d196" />
    <UnitTestResult executionId="9b926466-f5bd-4257-830a-95e827e63cef" testId="6a069b88-27e1-e70c-13f9-4c619372c66b" testName="SearchResultCombineType_ShouldStartSearchWithEmptyCollection_WhenValueChanges" computerName="DKSR-EFI-06" duration="00:00:00.0085223" startTime="2024-01-09T15:48:25.3359849+01:00" endTime="2024-01-09T15:48:25.3446652+01:00" testType="13cdc9d9-ddb5-4fa4-a97d-d965ccfc6d4b" outcome="Passed" testListId="8c84fa94-04c1-424b-9868-57a2d4851a1d" relativeResultsDirectory="9b926466-f5bd-4257-830a-95e827e63cef" />
    <UnitTestResult executionId="619ba7c5-a579-4c5f-b3d1-7401d28ebb5c" testId="e81278a0-f697-84b0-67b1-ed0b5035a30c" testName="SearchAction_BrowseMode_Now" computerName="DKSR-EFI-06" duration="00:00:00.0070270" startTime="2024-01-09T15:48:45.9621283+01:00" endTime="2024-01-09T15:48:45.9693116+01:00" testType="13cdc9d9-ddb5-4fa4-a97d-d965ccfc6d4b" outcome="Passed" testListId="8c84fa94-04c1-424b-9868-57a2d4851a1d" relativeResultsDirectory="619ba7c5-a579-4c5f-b3d1-7401d28ebb5c" />
    <UnitTestResult executionId="c65882be-c1cb-4638-9211-a199700d949e" testId="9e8c2141-20ec-ba37-0f1b-2e2277c88211" testName="DeleteItems_ShouldResetGisPointAndRaiseEvent_WhenAnItemIsDeleted" computerName="DKSR-EFI-06" duration="00:00:00.0033645" startTime="2024-01-09T15:48:41.2750712+01:00" endTime="2024-01-09T15:48:41.2786823+01:00" testType="13cdc9d9-ddb5-4fa4-a97d-d965ccfc6d4b" outcome="Passed" testListId="8c84fa94-04c1-424b-9868-57a2d4851a1d" relativeResultsDirectory="c65882be-c1cb-4638-9211-a199700d949e" />
    <UnitTestResult executionId="d0ef70b0-9b2d-4a09-9819-c8682a4762d1" testId="5ce1375e-46fd-90ff-af6f-56b477f36294" testName="GetWorkspaceToolbarItems_ShouldNotReturnGroupedToolbarItem_WhenGroupIdIsNull" computerName="DKSR-EFI-06" duration="00:00:00.0687347" startTime="2024-01-09T15:48:44.2227108+01:00" endTime="2024-01-09T15:48:44.2916408+01:00" testType="13cdc9d9-ddb5-4fa4-a97d-d965ccfc6d4b" outcome="Passed" testListId="8c84fa94-04c1-424b-9868-57a2d4851a1d" relativeResultsDirectory="d0ef70b0-9b2d-4a09-9819-c8682a4762d1" />
    <UnitTestResult executionId="ea79c2c4-4834-4824-a0e5-aea13131ab3f" testId="3def0511-4e40-2e00-f9b9-6bb18ace3fe8" testName="HideNotificationMessage_SetsIsNotificationMessageShownToFalse_WhenCalled" computerName="DKSR-EFI-06" duration="00:00:00.0144529" startTime="2024-01-09T15:47:44.3187549+01:00" endTime="2024-01-09T15:47:44.3359280+01:00" testType="13cdc9d9-ddb5-4fa4-a97d-d965ccfc6d4b" outcome="Passed" testListId="8c84fa94-04c1-424b-9868-57a2d4851a1d" relativeResultsDirectory="ea79c2c4-4834-4824-a0e5-aea13131ab3f" />
    <UnitTestResult executionId="a23fa4a4-13fe-4f3e-975a-68c11b073058" testId="828aa887-d61e-2965-7b2f-bafe3c7dac25" testName="Constructor_ShouldThrow_ArgumentNullException_WhenConstructedWithNullClientCredentials" computerName="DKSR-EFI-06" duration="00:00:00.0007054" startTime="2024-01-09T15:47:43.3788219+01:00" endTime="2024-01-09T15:47:43.3796414+01:00" testType="13cdc9d9-ddb5-4fa4-a97d-d965ccfc6d4b" outcome="Passed" testListId="8c84fa94-04c1-424b-9868-57a2d4851a1d" relativeResultsDirectory="a23fa4a4-13fe-4f3e-975a-68c11b073058" />
    <UnitTestResult executionId="86f9ebc9-9365-41e4-8002-c1d2d756149a" testId="4e201780-8be5-36cf-a6cd-fc75ae04350d" testName="Compare_NullVsNotNullDescending_LessThan" computerName="DKSR-EFI-06" duration="00:00:00.0001483" startTime="2024-01-09T15:48:26.7749335+01:00" endTime="2024-01-09T15:48:26.7752036+01:00" testType="13cdc9d9-ddb5-4fa4-a97d-d965ccfc6d4b" outcome="Passed" testListId="8c84fa94-04c1-424b-9868-57a2d4851a1d" relativeResultsDirectory="86f9ebc9-9365-41e4-8002-c1d2d756149a" />
    <UnitTestResult executionId="29e33fc6-8424-4f6f-ba93-9c13bc5644cb" testId="59a4f4a0-e2da-d6b5-1323-31e33b78b21f" testName="GetBoundingShapesForMetadataObjectsAsync_ShouldIncludeMetadataObject_WhenRequestedTimeIsWithinMetadataTimespan" computerName="DKSR-EFI-06" duration="00:00:00.0141553" startTime="2024-01-09T15:48:25.9336184+01:00" endTime="2024-01-09T15:48:25.9479455+01:00" testType="13cdc9d9-ddb5-4fa4-a97d-d965ccfc6d4b" outcome="Passed" testListId="8c84fa94-04c1-424b-9868-57a2d4851a1d" relativeResultsDirectory="29e33fc6-8424-4f6f-ba93-9c13bc5644cb" />
    <UnitTestResult executionId="f35b99f5-69e3-44e2-96e8-0fc6bcd96b55" testId="65cfed84-d8b7-91f1-c7b3-2b30cf50cfed" testName="Deserialize_MissingScopeDurationAndFromToValues_DefaultsToTwoHours" computerName="DKSR-EFI-06" duration="00:00:00.0039538" startTime="2024-01-09T15:48:26.5654692+01:00" endTime="2024-01-09T15:48:26.5695781+01:00" testType="13cdc9d9-ddb5-4fa4-a97d-d965ccfc6d4b" outcome="Passed" testListId="8c84fa94-04c1-424b-9868-57a2d4851a1d" relativeResultsDirectory="f35b99f5-69e3-44e2-96e8-0fc6bcd96b55" />
    <UnitTestResult executionId="b73605d0-1a3d-400e-8bf3-6b19f2d49349" testId="2ed74c97-cc2b-13bf-aac4-2247c3b9fbc5" testName="RemoveCameraTest" computerName="DKSR-EFI-06" duration="00:00:00.0031280" startTime="2024-01-09T15:47:43.4187305+01:00" endTime="2024-01-09T15:47:43.4220132+01:00" testType="13cdc9d9-ddb5-4fa4-a97d-d965ccfc6d4b" outcome="Passed" testListId="8c84fa94-04c1-424b-9868-57a2d4851a1d" relativeResultsDirectory="b73605d0-1a3d-400e-8bf3-6b19f2d49349" />
    <UnitTestResult executionId="295770e6-d5d1-40b6-9869-ca6387d70213" testId="4e7ccc39-dfc0-cf1c-eb6a-128de9b59e45" testName="Compare_ShouldPrioritizeCombinedResultsWithMostTriggerTimesInTimespan_WhenAllTriggerTimesAreCounted" computerName="DKSR-EFI-06" duration="00:00:00.0005786" startTime="2024-01-09T15:48:26.7612333+01:00" endTime="2024-01-09T15:48:26.7619425+01:00" testType="13cdc9d9-ddb5-4fa4-a97d-d965ccfc6d4b" outcome="Passed" testListId="8c84fa94-04c1-424b-9868-57a2d4851a1d" relativeResultsDirectory="295770e6-d5d1-40b6-9869-ca6387d70213" />
    <UnitTestResult executionId="c9e18812-5c35-4707-b557-b286b05b3bd2" testId="c8da5140-6bbf-d2bf-c522-f95e06d6a595" testName="PtzSessionControllerInfo_UserChangedTest_Different_User" computerName="DKSR-EFI-06" duration="00:00:00.0002051" startTime="2024-01-09T15:47:43.2082746+01:00" endTime="2024-01-09T15:47:43.2085871+01:00" testType="13cdc9d9-ddb5-4fa4-a97d-d965ccfc6d4b" outcome="Passed" testListId="8c84fa94-04c1-424b-9868-57a2d4851a1d" relativeResultsDirectory="c9e18812-5c35-4707-b557-b286b05b3bd2" />
    <UnitTestResult executionId="86c66814-d51d-4a6d-94ca-5f304b5ab09f" testId="0910d3e9-c4fa-4b0a-4db0-a2f6efd079c5" testName="AssignPanTiltValue_WhenValueMin_ShouldReturnMinValue" computerName="DKSR-EFI-06" duration="00:00:00.0001058" startTime="2024-01-09T15:47:43.6284806+01:00" endTime="2024-01-09T15:47:43.6286907+01:00" testType="13cdc9d9-ddb5-4fa4-a97d-d965ccfc6d4b" outcome="Passed" testListId="8c84fa94-04c1-424b-9868-57a2d4851a1d" relativeResultsDirectory="86c66814-d51d-4a6d-94ca-5f304b5ab09f" />
    <UnitTestResult executionId="907c96cd-472c-43c2-a061-3d0c8b25f27a" testId="97233566-784e-0a25-ecca-3d6658603571" testName="Constructor_ShouldInitialiseDeviceSelectorWindowViewModel_WhenCreatingInstance" computerName="DKSR-EFI-06" duration="00:00:00.0280581" startTime="2024-01-09T15:47:45.2519181+01:00" endTime="2024-01-09T15:47:45.2832512+01:00" testType="13cdc9d9-ddb5-4fa4-a97d-d965ccfc6d4b" outcome="Passed" testListId="8c84fa94-04c1-424b-9868-57a2d4851a1d" relativeResultsDirectory="907c96cd-472c-43c2-a061-3d0c8b25f27a" />
    <UnitTestResult executionId="9f816dbd-e774-4a21-b2f7-bbd1443fc0ec" testId="4552c7a0-9f71-d2b4-51c4-e785ac828b42" testName="ResolveBaseResultProperties_ShouldReturnOrderedTriggerTimes_WhenGivenUnorderedTriggerTimes" computerName="DKSR-EFI-06" duration="00:00:00.0016582" startTime="2024-01-09T15:48:26.0236983+01:00" endTime="2024-01-09T15:48:26.0254912+01:00" testType="13cdc9d9-ddb5-4fa4-a97d-d965ccfc6d4b" outcome="Passed" testListId="8c84fa94-04c1-424b-9868-57a2d4851a1d" relativeResultsDirectory="9f816dbd-e774-4a21-b2f7-bbd1443fc0ec" />
    <UnitTestResult executionId="0f926ec1-f5e7-4a62-8adb-5d08834c2dba" testId="8fbd09a9-7857-948c-1090-871fb08766df" testName="AddToExportDevices_ShouldReturnCorrectResult (0,0,0)" computerName="DKSR-EFI-06" duration="00:00:00.0019193" startTime="2024-01-09T15:48:45.3746198+01:00" endTime="2024-01-09T15:48:45.3767370+01:00" testType="13cdc9d9-ddb5-4fa4-a97d-d965ccfc6d4b" outcome="Passed" testListId="8c84fa94-04c1-424b-9868-57a2d4851a1d" relativeResultsDirectory="0f926ec1-f5e7-4a62-8adb-5d08834c2dba" />
    <UnitTestResult executionId="ca9224c5-c18b-410a-bd5e-bdb89d6a0574" testId="a23b4ce6-5a10-4f53-6d78-06dd8b92b431" testName="PatrollingStepViewModel_CreatePatrollingStepViewModel_Success" computerName="DKSR-EFI-06" duration="00:00:00.0016005" startTime="2024-01-09T15:48:43.9921855+01:00" endTime="2024-01-09T15:48:43.9939165+01:00" testType="13cdc9d9-ddb5-4fa4-a97d-d965ccfc6d4b" outcome="Passed" testListId="8c84fa94-04c1-424b-9868-57a2d4851a1d" relativeResultsDirectory="ca9224c5-c18b-410a-bd5e-bdb89d6a0574" />
    <UnitTestResult executionId="f4a22bd0-2461-4ba1-91b4-f295de8d5b5c" testId="c41fdcd8-e2bb-ccbb-e17c-f63252358ede" testName="RightButtonDown_SingleClick_DoesNotZoom" computerName="DKSR-EFI-06" duration="00:00:00.0058037" startTime="2024-01-09T15:47:46.0191678+01:00" endTime="2024-01-09T15:47:46.0273173+01:00" testType="13cdc9d9-ddb5-4fa4-a97d-d965ccfc6d4b" outcome="Passed" testListId="8c84fa94-04c1-424b-9868-57a2d4851a1d" relativeResultsDirectory="f4a22bd0-2461-4ba1-91b4-f295de8d5b5c" />
    <UnitTestResult executionId="242293e5-317b-44c2-96e5-8dbf901812e3" testId="11fef51e-1413-6166-5290-53a01cd14134" testName="IsProductionEnvironment_ShouldReturnCorrectValue (,True)" computerName="DKSR-EFI-06" duration="00:00:00.0001681" startTime="2024-01-09T15:48:51.6475941+01:00" endTime="2024-01-09T15:48:51.6479940+01:00" testType="13cdc9d9-ddb5-4fa4-a97d-d965ccfc6d4b" outcome="Passed" testListId="8c84fa94-04c1-424b-9868-57a2d4851a1d" relativeResultsDirectory="242293e5-317b-44c2-96e5-8dbf901812e3" />
    <UnitTestResult executionId="9d0e7e09-ec64-40a6-8da8-2e23217b0549" testId="da81eaec-1453-f24c-a30b-9b3f5e23a05c" testName="SearchAction_BrowseMode_30MinutesInThePast" computerName="DKSR-EFI-06" duration="00:00:00.0073405" startTime="2024-01-09T15:48:45.9541381+01:00" endTime="2024-01-09T15:48:45.9616483+01:00" testType="13cdc9d9-ddb5-4fa4-a97d-d965ccfc6d4b" outcome="Passed" testListId="8c84fa94-04c1-424b-9868-57a2d4851a1d" relativeResultsDirectory="9d0e7e09-ec64-40a6-8da8-2e23217b0549" />
    <UnitTestResult executionId="7ec72749-c600-4ae3-950f-86132b226cec" testId="27a95cc0-3e4b-dbea-fc7f-0563168b8940" testName="ConnectSlave_SucceedeInConnectingAndAllowingSecureConnection_ShouldReturnTrueAndAValidUrl" computerName="DKSR-EFI-06" duration="00:00:00.0150587" startTime="2024-01-09T15:47:40.9484363+01:00" endTime="2024-01-09T15:47:40.9636109+01:00" testType="13cdc9d9-ddb5-4fa4-a97d-d965ccfc6d4b" outcome="Passed" testListId="8c84fa94-04c1-424b-9868-57a2d4851a1d" relativeResultsDirectory="7ec72749-c600-4ae3-950f-86132b226cec" />
    <UnitTestResult executionId="bcec475d-9bc9-4c28-be1c-230ce10b202f" testId="b8af5950-498b-c4c9-4d6a-619dcb6074cf" testName="ClearTest" computerName="DKSR-EFI-06" duration="00:00:00.0018185" startTime="2024-01-09T15:48:49.5613109+01:00" endTime="2024-01-09T15:48:49.5633889+01:00" testType="13cdc9d9-ddb5-4fa4-a97d-d965ccfc6d4b" outcome="Passed" testListId="8c84fa94-04c1-424b-9868-57a2d4851a1d" relativeResultsDirectory="bcec475d-9bc9-4c28-be1c-230ce10b202f" />
    <UnitTestResult executionId="903aa4d7-1544-4e6b-9f86-edf4208ead1d" testId="e7590a2a-9404-cfd8-85e4-42ebf7fee746" testName="EvidenceLockNotVisible_WhenFeatureDisabled" computerName="DKSR-EFI-06" duration="00:00:00.0174629" startTime="2024-01-09T15:48:44.6395181+01:00" endTime="2024-01-09T15:48:44.6571546+01:00" testType="13cdc9d9-ddb5-4fa4-a97d-d965ccfc6d4b" outcome="Passed" testListId="8c84fa94-04c1-424b-9868-57a2d4851a1d" relativeResultsDirectory="903aa4d7-1544-4e6b-9f86-edf4208ead1d" />
    <UnitTestResult executionId="d4aa0bea-80d4-4107-8f0c-b78d1cc8fb82" testId="c733db05-5b7b-4d43-767f-ec9ea4306b0e" testName="InputMapItem_ForceActivateAsync_InBuilding_MapLevelsNotLoaded_Success" computerName="DKSR-EFI-06" duration="00:00:00.0112539" startTime="2024-01-09T15:48:42.4167146+01:00" endTime="2024-01-09T15:48:42.4281464+01:00" testType="13cdc9d9-ddb5-4fa4-a97d-d965ccfc6d4b" outcome="Passed" testListId="8c84fa94-04c1-424b-9868-57a2d4851a1d" relativeResultsDirectory="d4aa0bea-80d4-4107-8f0c-b78d1cc8fb82" />
    <UnitTestResult executionId="4b8452f2-4aa6-4e31-b556-3823172ec088" testId="131db61b-d56f-3e66-34f7-f920cef250e0" testName="ShowPermissionDeniedToasts_ShouldShowCorrectNumberOfToasts (1,1)" computerName="DKSR-EFI-06" duration="00:00:00.0038840" startTime="2024-01-09T15:48:45.5335991+01:00" endTime="2024-01-09T15:48:45.5376366+01:00" testType="13cdc9d9-ddb5-4fa4-a97d-d965ccfc6d4b" outcome="Passed" testListId="8c84fa94-04c1-424b-9868-57a2d4851a1d" relativeResultsDirectory="4b8452f2-4aa6-4e31-b556-3823172ec088" />
    <UnitTestResult executionId="9b63ef26-72be-428f-b7a8-8dafc57e49f5" testId="11e32396-3f3f-284e-b683-2e3e119136e4" testName="PopulateTooltip_ManyResultsFromManyCameras12Hours_ValidText" computerName="DKSR-EFI-06" duration="00:00:00.5892091" startTime="2024-01-09T15:48:20.2463257+01:00" endTime="2024-01-09T15:48:20.8385468+01:00" testType="13cdc9d9-ddb5-4fa4-a97d-d965ccfc6d4b" outcome="Passed" testListId="8c84fa94-04c1-424b-9868-57a2d4851a1d" relativeResultsDirectory="9b63ef26-72be-428f-b7a8-8dafc57e49f5" />
    <UnitTestResult executionId="1bcfc9ad-a63f-46a2-9ebf-53a6d433514d" testId="d2ac6e2c-d244-6600-ac41-33c9ad0aa47c" testName="Close_ShouldBeInvoked_WhenMarkerIsDisposed" computerName="DKSR-EFI-06" duration="00:00:00.0580071" startTime="2024-01-09T15:47:47.2623441+01:00" endTime="2024-01-09T15:47:47.3233325+01:00" testType="13cdc9d9-ddb5-4fa4-a97d-d965ccfc6d4b" outcome="Passed" testListId="8c84fa94-04c1-424b-9868-57a2d4851a1d" relativeResultsDirectory="1bcfc9ad-a63f-46a2-9ebf-53a6d433514d" />
    <UnitTestResult executionId="fb84de40-0e9b-42d5-aa20-f83248d287cf" testId="18ef78f3-1eb2-cc48-74e1-3d0d69ec27f2" testName="LoadStateFrom_OrderResultsBy_Success" computerName="DKSR-EFI-06" duration="00:00:00.0062293" startTime="2024-01-09T15:48:23.6465426+01:00" endTime="2024-01-09T15:48:23.6529198+01:00" testType="13cdc9d9-ddb5-4fa4-a97d-d965ccfc6d4b" outcome="Passed" testListId="8c84fa94-04c1-424b-9868-57a2d4851a1d" relativeResultsDirectory="fb84de40-0e9b-42d5-aa20-f83248d287cf" />
    <UnitTestResult executionId="decaf050-60ee-45ce-9b30-1fba9e910a6e" testId="3dd075ba-7c20-36ac-fd3e-ad2d99db0844" testName="TestSelectedWorkroom_GetSelectedWorkroomWithNoWorkroomsInCollection_FailWithInvalidOperationException" computerName="DKSR-EFI-06" duration="00:00:00.0012518" startTime="2024-01-09T15:47:42.9888912+01:00" endTime="2024-01-09T15:47:42.9903330+01:00" testType="13cdc9d9-ddb5-4fa4-a97d-d965ccfc6d4b" outcome="Passed" testListId="8c84fa94-04c1-424b-9868-57a2d4851a1d" relativeResultsDirectory="decaf050-60ee-45ce-9b30-1fba9e910a6e" />
    <UnitTestResult executionId="8a182dc6-3295-415b-8498-134bf1b57feb" testId="2ea7f788-a228-7eb9-ef8c-629855bfb76d" testName="TestConstructor_WithNullParameter_Failure" computerName="DKSR-EFI-06" duration="00:00:00.0003069" startTime="2024-01-09T15:48:43.1484043+01:00" endTime="2024-01-09T15:48:43.1488978+01:00" testType="13cdc9d9-ddb5-4fa4-a97d-d965ccfc6d4b" outcome="Passed" testListId="8c84fa94-04c1-424b-9868-57a2d4851a1d" relativeResultsDirectory="8a182dc6-3295-415b-8498-134bf1b57feb" />
    <UnitTestResult executionId="6886d64d-c995-4192-b09d-0518a384fc48" testId="37c23154-aec4-129b-8dc2-bb50808aef9e" testName="OnMarkerSelected_ShouldSelectMarkerExcludeItFromClusteringAndBeginInPlaceEditMode_WhenSingleSelection" computerName="DKSR-EFI-06" duration="00:00:00.0050676" startTime="2024-01-09T15:47:47.2068278+01:00" endTime="2024-01-09T15:47:47.2141486+01:00" testType="13cdc9d9-ddb5-4fa4-a97d-d965ccfc6d4b" outcome="Passed" testListId="8c84fa94-04c1-424b-9868-57a2d4851a1d" relativeResultsDirectory="6886d64d-c995-4192-b09d-0518a384fc48" />
    <UnitTestResult executionId="bf14874e-b0c6-4a79-8401-83ceff216a35" testId="e76554b4-34ba-70cf-dfc9-f4d63f94ac41" testName="ReorderLevels12to21_Success" computerName="DKSR-EFI-06" duration="00:00:00.0601880" startTime="2024-01-09T15:48:38.3639161+01:00" endTime="2024-01-09T15:48:38.4243158+01:00" testType="13cdc9d9-ddb5-4fa4-a97d-d965ccfc6d4b" outcome="Passed" testListId="8c84fa94-04c1-424b-9868-57a2d4851a1d" relativeResultsDirectory="bf14874e-b0c6-4a79-8401-83ceff216a35" />
    <UnitTestResult executionId="ca9f59c9-d827-41b6-9505-ded25724c501" testId="f56230b0-cb3e-b433-0b22-beaca6317724" testName="SearchResultsActionBarActions_Export_OptionFormatAvailable_OtherExportOptionsUnavailable_NotVisible" computerName="DKSR-EFI-06" duration="00:00:00.0066830" startTime="2024-01-09T15:48:22.8588189+01:00" endTime="2024-01-09T15:48:22.8656595+01:00" testType="13cdc9d9-ddb5-4fa4-a97d-d965ccfc6d4b" outcome="Passed" testListId="8c84fa94-04c1-424b-9868-57a2d4851a1d" relativeResultsDirectory="ca9f59c9-d827-41b6-9505-ded25724c501" />
    <UnitTestResult executionId="67294615-1d6c-4604-ac2c-1ff33216398d" testId="491df381-b5ce-67d7-d550-c29421a6f155" testName="GetOsmServerAddress_ShouldReturnGeographicLayerValue_WhenGeographicLayerIsAvailableAndAlternativeServerIsEmpty" computerName="DKSR-EFI-06" duration="00:00:00.0006886" startTime="2024-01-09T15:48:43.0143446+01:00" endTime="2024-01-09T15:48:43.0151657+01:00" testType="13cdc9d9-ddb5-4fa4-a97d-d965ccfc6d4b" outcome="Passed" testListId="8c84fa94-04c1-424b-9868-57a2d4851a1d" relativeResultsDirectory="67294615-1d6c-4604-ac2c-1ff33216398d" />
    <UnitTestResult executionId="3203ccd2-be95-4520-943d-7ac901426e8c" testId="d5b83293-8848-4b1e-df37-68e69f1f794e" testName="SearchResultsActionBarActions_EditBookmark_MultipleResult_EditBookmarkInvoked" computerName="DKSR-EFI-06" duration="00:00:00.0143355" startTime="2024-01-09T15:48:23.0683110+01:00" endTime="2024-01-09T15:48:23.0828123+01:00" testType="13cdc9d9-ddb5-4fa4-a97d-d965ccfc6d4b" outcome="Passed" testListId="8c84fa94-04c1-424b-9868-57a2d4851a1d" relativeResultsDirectory="3203ccd2-be95-4520-943d-7ac901426e8c" />
    <UnitTestResult executionId="05ae1de7-6b30-4761-bc29-32f5b940cb0e" testId="195cadae-c368-871e-b908-a48bf7f49ea5" testName="Constructor2_ShouldNotAllowInjectionOfNulls" computerName="DKSR-EFI-06" duration="00:00:00.0005032" startTime="2024-01-09T15:47:52.2078336+01:00" endTime="2024-01-09T15:47:52.2084869+01:00" testType="13cdc9d9-ddb5-4fa4-a97d-d965ccfc6d4b" outcome="Passed" testListId="8c84fa94-04c1-424b-9868-57a2d4851a1d" relativeResultsDirectory="05ae1de7-6b30-4761-bc29-32f5b940cb0e" />
    <UnitTestResult executionId="640bc36f-6668-4fb2-b202-8e54eb9cca45" testId="a6af3342-e82c-99d7-7280-f0bc3b6ef111" testName="SupportsDoubleClick_ShouldBeTrue_WhenInteractionStateIsNewDevice" computerName="DKSR-EFI-06" duration="00:00:00.0179841" startTime="2024-01-09T15:47:48.0930831+01:00" endTime="2024-01-09T15:47:48.1134240+01:00" testType="13cdc9d9-ddb5-4fa4-a97d-d965ccfc6d4b" outcome="Passed" testListId="8c84fa94-04c1-424b-9868-57a2d4851a1d" relativeResultsDirectory="640bc36f-6668-4fb2-b202-8e54eb9cca45" />
    <UnitTestResult executionId="1557edc0-26a9-4f95-b23c-14cbc6c1e5fe" testId="5038381c-1ef8-8dbb-06ed-8a9f21662b0a" testName="Clear_EventFired" computerName="DKSR-EFI-06" duration="00:00:00.0072681" startTime="2024-01-09T15:48:26.6152655+01:00" endTime="2024-01-09T15:48:26.6226805+01:00" testType="13cdc9d9-ddb5-4fa4-a97d-d965ccfc6d4b" outcome="Passed" testListId="8c84fa94-04c1-424b-9868-57a2d4851a1d" relativeResultsDirectory="1557edc0-26a9-4f95-b23c-14cbc6c1e5fe" />
    <UnitTestResult executionId="60a5e2be-5121-49e3-8c6d-6a81d5445aea" testId="2864b3eb-0ab6-4da0-5436-4c6f89cc4874" testName="ToTimeScope_YesterdayInNonDST_Success" computerName="DKSR-EFI-06" duration="00:00:00.0037585" startTime="2024-01-09T15:48:26.1161065+01:00" endTime="2024-01-09T15:48:26.1200035+01:00" testType="13cdc9d9-ddb5-4fa4-a97d-d965ccfc6d4b" outcome="Passed" testListId="8c84fa94-04c1-424b-9868-57a2d4851a1d" relativeResultsDirectory="60a5e2be-5121-49e3-8c6d-6a81d5445aea" />
    <UnitTestResult executionId="20a3efdb-0c96-47d1-bb51-584476926db7" testId="e5d551bc-1dd2-666f-0864-398b71d25710" testName="SignUrl_WhereUrlIsInvalid_ThrowException" computerName="DKSR-EFI-06" duration="00:00:00.0007830" startTime="2024-01-09T15:47:45.9312282+01:00" endTime="2024-01-09T15:47:45.9321705+01:00" testType="13cdc9d9-ddb5-4fa4-a97d-d965ccfc6d4b" outcome="Passed" testListId="8c84fa94-04c1-424b-9868-57a2d4851a1d" relativeResultsDirectory="20a3efdb-0c96-47d1-bb51-584476926db7" />
    <UnitTestResult executionId="cd69c52f-b65d-42d2-9385-8c39cd92cb01" testId="fb103779-d04c-1686-3285-367738634a78" testName="HandleGetDeviceData_ShouldReturnMicrophoneData_WhenMicrophoneKindAndExistingMicrophoneId" computerName="DKSR-EFI-06" duration="00:00:00.0268655" startTime="2024-01-09T15:47:50.8998125+01:00" endTime="2024-01-09T15:47:50.9268462+01:00" testType="13cdc9d9-ddb5-4fa4-a97d-d965ccfc6d4b" outcome="Passed" testListId="8c84fa94-04c1-424b-9868-57a2d4851a1d" relativeResultsDirectory="cd69c52f-b65d-42d2-9385-8c39cd92cb01" />
    <UnitTestResult executionId="bce0d725-0b59-432e-bde6-ca5c4f4cd3e9" testId="7bc82cbe-20de-caab-82e3-ab7c085d6916" testName="ScWorkspaceStateChangedEvent_ShouldSetDeviceStateToMuted_WhenSwitchingToSetupMode" computerName="DKSR-EFI-06" duration="00:00:00.0142019" startTime="2024-01-09T15:48:40.8999331+01:00" endTime="2024-01-09T15:48:40.9167344+01:00" testType="13cdc9d9-ddb5-4fa4-a97d-d965ccfc6d4b" outcome="Passed" testListId="8c84fa94-04c1-424b-9868-57a2d4851a1d" relativeResultsDirectory="bce0d725-0b59-432e-bde6-ca5c4f4cd3e9" />
    <UnitTestResult executionId="f22b4c6c-be6d-4c30-ae61-3578c4b6cec5" testId="80e1e452-82cf-b088-db40-d28f7d32c62d" testName="EdgeRetrieve when Playback" computerName="DKSR-EFI-06" duration="00:00:00.0163659" startTime="2024-01-09T15:48:44.4031801+01:00" endTime="2024-01-09T15:48:44.6194645+01:00" testType="13cdc9d9-ddb5-4fa4-a97d-d965ccfc6d4b" outcome="Passed" testListId="8c84fa94-04c1-424b-9868-57a2d4851a1d" relativeResultsDirectory="f22b4c6c-be6d-4c30-ae61-3578c4b6cec5" />
    <UnitTestResult executionId="a2c874b3-6baf-4e59-98c1-a5188b70ddcb" testId="0b4d5c4e-e489-765d-d3a8-0ce9513428a5" testName="CameraMapItem_ForceActivateAsync_InBuilding_MapLevelsNotLoaded_Success" computerName="DKSR-EFI-06" duration="00:00:00.0143773" startTime="2024-01-09T15:48:39.6712704+01:00" endTime="2024-01-09T15:48:39.6858316+01:00" testType="13cdc9d9-ddb5-4fa4-a97d-d965ccfc6d4b" outcome="Passed" testListId="8c84fa94-04c1-424b-9868-57a2d4851a1d" relativeResultsDirectory="a2c874b3-6baf-4e59-98c1-a5188b70ddcb" />
    <UnitTestResult executionId="5c9871ef-5459-439e-92b9-4d26b2a41d08" testId="7f664b57-7413-e68a-c6c0-a58e6b75f164" testName="Ctor_NoSearchAgents_Throws" computerName="DKSR-EFI-06" duration="00:00:00.0209494" startTime="2024-01-09T15:48:37.2809588+01:00" endTime="2024-01-09T15:48:37.3022324+01:00" testType="13cdc9d9-ddb5-4fa4-a97d-d965ccfc6d4b" outcome="Passed" testListId="8c84fa94-04c1-424b-9868-57a2d4851a1d" relativeResultsDirectory="5c9871ef-5459-439e-92b9-4d26b2a41d08" />
    <UnitTestResult executionId="3bec5588-ab28-4251-bb5e-a72ff5d2e454" testId="3375033a-d5e6-72b6-24f8-d995495958e4" testName="SearchResultsActionBarActions_MipActionSpecificallySupportsSelectedSearchResult_ActionEnabled" computerName="DKSR-EFI-06" duration="00:00:00.0073094" startTime="2024-01-09T15:48:22.8211578+01:00" endTime="2024-01-09T15:48:22.8286328+01:00" testType="13cdc9d9-ddb5-4fa4-a97d-d965ccfc6d4b" outcome="Passed" testListId="8c84fa94-04c1-424b-9868-57a2d4851a1d" relativeResultsDirectory="3bec5588-ab28-4251-bb5e-a72ff5d2e454" />
    <UnitTestResult executionId="18701a2b-6fa2-4a60-9a71-39fb8ef00e30" testId="3cdeee93-383b-1b35-6fc8-87b7d5d7dcac" testName="BuildMapOptions_ShouldHandleStringOptionsCorrectly (GisMapOpenStreetMapAlternativeServer,,False)" computerName="DKSR-EFI-06" duration="00:00:00.0007424" startTime="2024-01-09T15:48:51.5548218+01:00" endTime="2024-01-09T15:48:51.5557230+01:00" testType="13cdc9d9-ddb5-4fa4-a97d-d965ccfc6d4b" outcome="Passed" testListId="8c84fa94-04c1-424b-9868-57a2d4851a1d" relativeResultsDirectory="18701a2b-6fa2-4a60-9a71-39fb8ef00e30" />
    <UnitTestResult executionId="59144685-788f-4282-b17d-c074406f3c2a" testId="788c7744-bd48-e28d-a864-bbd05271aa4c" testName="CreateDefinition_ThreeFiltersInCategory_ZeroFilterValuesAddedToSearchCriteria" computerName="DKSR-EFI-06" duration="00:00:00.0037116" startTime="2024-01-09T15:48:26.2910308+01:00" endTime="2024-01-09T15:48:26.2948789+01:00" testType="13cdc9d9-ddb5-4fa4-a97d-d965ccfc6d4b" outcome="Passed" testListId="8c84fa94-04c1-424b-9868-57a2d4851a1d" relativeResultsDirectory="59144685-788f-4282-b17d-c074406f3c2a" />
    <UnitTestResult executionId="af5ba8cc-ec3f-46e0-93cf-05ebdd799651" testId="e76f4094-8dcd-5aeb-e147-a8a4e7a18b8c" testName="SupportsDoubleClick_ShouldBeFalse_WhenInteractionStateIsNotNormalOrNewDevice" computerName="DKSR-EFI-06" duration="00:00:00.0351570" startTime="2024-01-09T15:47:48.3920521+01:00" endTime="2024-01-09T15:47:48.4309770+01:00" testType="13cdc9d9-ddb5-4fa4-a97d-d965ccfc6d4b" outcome="Passed" testListId="8c84fa94-04c1-424b-9868-57a2d4851a1d" relativeResultsDirectory="af5ba8cc-ec3f-46e0-93cf-05ebdd799651" />
    <UnitTestResult executionId="38977e2b-d6a1-4e9c-95b6-a8a76105d632" testId="6f067ff4-f915-05c2-a0a4-f5e23793ba9b" testName="GetServers_ShouldReturnCorrectServerByIdsTest" computerName="DKSR-EFI-06" duration="00:00:00.0038293" startTime="2024-01-09T15:48:46.9542396+01:00" endTime="2024-01-09T15:48:46.9585520+01:00" testType="13cdc9d9-ddb5-4fa4-a97d-d965ccfc6d4b" outcome="Passed" testListId="8c84fa94-04c1-424b-9868-57a2d4851a1d" relativeResultsDirectory="38977e2b-d6a1-4e9c-95b6-a8a76105d632" />
    <UnitTestResult executionId="5be59743-c02d-4b3a-8be8-df0af168f5a5" testId="f212a945-9645-4128-b861-6596693a6fad" testName="Decorate_ShouldAddChildren_WhenThereIsCameraLayerAndViewZoneLayer" computerName="DKSR-EFI-06" duration="00:00:00.0012950" startTime="2024-01-09T15:47:45.9208767+01:00" endTime="2024-01-09T15:47:45.9222966+01:00" testType="13cdc9d9-ddb5-4fa4-a97d-d965ccfc6d4b" outcome="Passed" testListId="8c84fa94-04c1-424b-9868-57a2d4851a1d" relativeResultsDirectory="5be59743-c02d-4b3a-8be8-df0af168f5a5" />
    <UnitTestResult executionId="48ea1814-ea5b-44e6-ab5b-d14a260d57b2" testId="5f26c092-7e48-0463-47d6-e2236b104caa" testName="AddSelectedWindowsToExport_ShouldAddToExportData (5)" computerName="DKSR-EFI-06" duration="00:00:00.0035354" startTime="2024-01-09T15:48:45.4274452+01:00" endTime="2024-01-09T15:48:45.4311514+01:00" testType="13cdc9d9-ddb5-4fa4-a97d-d965ccfc6d4b" outcome="Passed" testListId="8c84fa94-04c1-424b-9868-57a2d4851a1d" relativeResultsDirectory="48ea1814-ea5b-44e6-ab5b-d14a260d57b2" />
    <UnitTestResult executionId="10ddd53f-bb59-4e8f-a9c9-622d1583b9b0" testId="e56a4d58-0ff2-e6be-cab4-b17c9aa01d74" testName="ValueWithFallbackConverterTests_Convert_FirstValueNotNull_SecondValueNotNull_Success" computerName="DKSR-EFI-06" duration="00:00:00.0001507" startTime="2024-01-09T15:48:10.3611374+01:00" endTime="2024-01-09T15:48:10.3614117+01:00" testType="13cdc9d9-ddb5-4fa4-a97d-d965ccfc6d4b" outcome="Passed" testListId="8c84fa94-04c1-424b-9868-57a2d4851a1d" relativeResultsDirectory="10ddd53f-bb59-4e8f-a9c9-622d1583b9b0" />
    <UnitTestResult executionId="26c680cb-8c1a-4ef0-ad99-ef0516359c79" testId="f7bcbf5e-0012-a0f0-d3f0-82ca6b14f5dd" testName="ResultCountText_SeveralResults_Success" computerName="DKSR-EFI-06" duration="00:00:00.0121978" startTime="2024-01-09T15:48:23.6282686+01:00" endTime="2024-01-09T15:48:23.6406075+01:00" testType="13cdc9d9-ddb5-4fa4-a97d-d965ccfc6d4b" outcome="Passed" testListId="8c84fa94-04c1-424b-9868-57a2d4851a1d" relativeResultsDirectory="26c680cb-8c1a-4ef0-ad99-ef0516359c79" />
    <UnitTestResult executionId="690428c4-886f-4078-b9b9-845ab851d72f" testId="2960add4-9952-f70d-dcad-c47d9da5fd58" testName="SelectTemplate_RegionSelectionFilterConfiguration_ReturnsPopupTemplate" computerName="DKSR-EFI-06" duration="00:00:00.0006286" startTime="2024-01-09T15:47:52.5645940+01:00" endTime="2024-01-09T15:47:52.5654206+01:00" testType="13cdc9d9-ddb5-4fa4-a97d-d965ccfc6d4b" outcome="Passed" testListId="8c84fa94-04c1-424b-9868-57a2d4851a1d" relativeResultsDirectory="690428c4-886f-4078-b9b9-845ab851d72f" />
    <UnitTestResult executionId="4eb8835f-5b51-4172-a734-25ad10876831" testId="5b38455f-575a-f0bf-1374-9f24005465f7" testName="Ctor_UnknownEditControl_DropDownAttributeEditorUsed" computerName="DKSR-EFI-06" duration="00:00:00.0096687" startTime="2024-01-09T15:48:22.4532782+01:00" endTime="2024-01-09T15:48:22.4657754+01:00" testType="13cdc9d9-ddb5-4fa4-a97d-d965ccfc6d4b" outcome="Passed" testListId="8c84fa94-04c1-424b-9868-57a2d4851a1d" relativeResultsDirectory="4eb8835f-5b51-4172-a734-25ad10876831" />
    <UnitTestResult executionId="470070c2-3133-44ca-b38a-b2717c656bcb" testId="885e02ef-e416-e860-c427-66861a1cef8a" testName="LoginPlugins_ShouldContainOneAccessControlLoginPluginElement_WhenCloseHasBeenPreviouslyCalled" computerName="DKSR-EFI-06" duration="00:00:00.0017280" startTime="2024-01-09T15:48:52.8714796+01:00" endTime="2024-01-09T15:48:52.8733987+01:00" testType="13cdc9d9-ddb5-4fa4-a97d-d965ccfc6d4b" outcome="Passed" testListId="8c84fa94-04c1-424b-9868-57a2d4851a1d" relativeResultsDirectory="470070c2-3133-44ca-b38a-b2717c656bcb" />
    <UnitTestResult executionId="139a7819-86b0-4f8a-8019-931f554446e0" testId="d4c8bd44-a5f8-3ff8-b16d-c714a3420f05" testName="ValidateExportLocation_ShouldReturnFailResult_ExportFolderIsIllegal (True,False)" computerName="DKSR-EFI-06" duration="00:00:00.0090040" startTime="2024-01-09T15:47:52.0711836+01:00" endTime="2024-01-09T15:47:52.0804023+01:00" testType="13cdc9d9-ddb5-4fa4-a97d-d965ccfc6d4b" outcome="Passed" testListId="8c84fa94-04c1-424b-9868-57a2d4851a1d" relativeResultsDirectory="139a7819-86b0-4f8a-8019-931f554446e0" />
    <UnitTestResult executionId="9cdaa042-c318-470c-987e-14de2c80c783" testId="e6354ff1-9ff3-d19c-6313-930a0e558467" testName="ResolveGenericResultProperties_ShouldAppendNumberOnDuplicateTitles_WhenGivenCombinedSearchResultsWithDuplicateTitles" computerName="DKSR-EFI-06" duration="00:00:00.0019250" startTime="2024-01-09T15:48:26.0305567+01:00" endTime="2024-01-09T15:48:26.0326305+01:00" testType="13cdc9d9-ddb5-4fa4-a97d-d965ccfc6d4b" outcome="Passed" testListId="8c84fa94-04c1-424b-9868-57a2d4851a1d" relativeResultsDirectory="9cdaa042-c318-470c-987e-14de2c80c783" />
    <UnitTestResult executionId="cdeef17e-2c2f-452f-b2b4-784d25412326" testId="25e21b40-8b6b-75c0-de39-11c840b2c816" testName="ConvertToNewLevel_OneLevelUp_Success" computerName="DKSR-EFI-06" duration="00:00:00.0009582" startTime="2024-01-09T15:48:43.6942816+01:00" endTime="2024-01-09T15:48:43.6954771+01:00" testType="13cdc9d9-ddb5-4fa4-a97d-d965ccfc6d4b" outcome="Passed" testListId="8c84fa94-04c1-424b-9868-57a2d4851a1d" relativeResultsDirectory="cdeef17e-2c2f-452f-b2b4-784d25412326" />
    <UnitTestResult executionId="c8fa7811-5332-440f-9619-24eae5bc18d0" testId="19146f14-6143-cfb7-4c8f-467081c697c0" testName="TestGetAllTasksAsync" computerName="DKSR-EFI-06" duration="00:00:00.0081957" startTime="2024-01-09T15:48:45.1153291+01:00" endTime="2024-01-09T15:48:45.1236858+01:00" testType="13cdc9d9-ddb5-4fa4-a97d-d965ccfc6d4b" outcome="Passed" testListId="8c84fa94-04c1-424b-9868-57a2d4851a1d" relativeResultsDirectory="c8fa7811-5332-440f-9619-24eae5bc18d0" />
    <UnitTestResult executionId="dcb382b0-fa65-43da-8f23-c6ebb9e0645e" testId="aae708ca-94a3-f452-ba7c-adc8143fc2ae" testName="LeftButtonUpEvent_ShouldDeselectMapItems_WhenInteractionStateIsAddNewDeviceState" computerName="DKSR-EFI-06" duration="00:00:00.0237596" startTime="2024-01-09T15:47:46.1170997+01:00" endTime="2024-01-09T15:47:46.1438726+01:00" testType="13cdc9d9-ddb5-4fa4-a97d-d965ccfc6d4b" outcome="Passed" testListId="8c84fa94-04c1-424b-9868-57a2d4851a1d" relativeResultsDirectory="dcb382b0-fa65-43da-8f23-c6ebb9e0645e">
      <Output>
        <StdOut>Debug Trace:&#xD;
 &gt;&gt;&gt; IsAddNewDeviceState: MapPoint: (long, lat, alt): 0, 0, 0, ScreenPoint: 0,0, scale: 0, extent: GisRectangle isEmpty:True ul[(long, lat, alt): 0, 0, 0]:lr[(long, lat, alt): 0, 0, 0], extentInMeters:</StdOut>
      </Output>
    </UnitTestResult>
    <UnitTestResult executionId="fe9d00d2-1517-4efd-93a8-97d91c845706" testId="2d399f3a-cd79-9af4-db68-ab2622857a87" testName="SupportsRightClick_ShouldBeFalse_WhenInteractionStateIsNotNormal" computerName="DKSR-EFI-06" duration="00:00:00.0224458" startTime="2024-01-09T15:47:48.8066531+01:00" endTime="2024-01-09T15:47:48.8323136+01:00" testType="13cdc9d9-ddb5-4fa4-a97d-d965ccfc6d4b" outcome="Passed" testListId="8c84fa94-04c1-424b-9868-57a2d4851a1d" relativeResultsDirectory="fe9d00d2-1517-4efd-93a8-97d91c845706" />
    <UnitTestResult executionId="65613bd2-514c-475e-a88a-eebd6c6a60e2" testId="1ae4eff8-6b2f-6b05-41a0-15eb97967c7f" testName="Password_ShouldThrow_InvalidOperationException_WhenConstructedUsingExternal" computerName="DKSR-EFI-06" duration="00:00:00.0006181" startTime="2024-01-09T15:47:43.3834575+01:00" endTime="2024-01-09T15:47:43.3842413+01:00" testType="13cdc9d9-ddb5-4fa4-a97d-d965ccfc6d4b" outcome="Passed" testListId="8c84fa94-04c1-424b-9868-57a2d4851a1d" relativeResultsDirectory="65613bd2-514c-475e-a88a-eebd6c6a60e2" />
    <UnitTestResult executionId="b3deaf8b-c16d-4279-b6a7-2ced2c60dad0" testId="8f6cd5c2-e849-6c20-9267-83c3d531958e" testName="Compare_NotNullVsNullDescending_GreaterThan" computerName="DKSR-EFI-06" duration="00:00:00.0001448" startTime="2024-01-09T15:48:26.7763524+01:00" endTime="2024-01-09T15:48:26.7766161+01:00" testType="13cdc9d9-ddb5-4fa4-a97d-d965ccfc6d4b" outcome="Passed" testListId="8c84fa94-04c1-424b-9868-57a2d4851a1d" relativeResultsDirectory="b3deaf8b-c16d-4279-b6a7-2ced2c60dad0" />
    <UnitTestResult executionId="02512611-3d76-450b-afdb-525f049dd6e9" testId="8dd7c6d4-048f-e61d-123a-5b91a453390c" testName="Categories_ValidateCollection" computerName="DKSR-EFI-06" duration="00:00:00.0044284" startTime="2024-01-09T15:48:26.3184259+01:00" endTime="2024-01-09T15:48:26.3229960+01:00" testType="13cdc9d9-ddb5-4fa4-a97d-d965ccfc6d4b" outcome="Passed" testListId="8c84fa94-04c1-424b-9868-57a2d4851a1d" relativeResultsDirectory="02512611-3d76-450b-afdb-525f049dd6e9" />
    <UnitTestResult executionId="de8134c9-514a-4b65-a53d-f38aa0efab08" testId="134dc4da-478b-60fb-2dfc-b3d26508bd1a" testName="BoundingBoxLiveStartNoLiveOrPlaybackHandler" computerName="DKSR-EFI-06" duration="00:00:00.0006107" startTime="2024-01-09T15:48:46.2336069+01:00" endTime="2024-01-09T15:48:46.2343535+01:00" testType="13cdc9d9-ddb5-4fa4-a97d-d965ccfc6d4b" outcome="Passed" testListId="8c84fa94-04c1-424b-9868-57a2d4851a1d" relativeResultsDirectory="de8134c9-514a-4b65-a53d-f38aa0efab08" />
    <UnitTestResult executionId="3a492afb-be2e-430d-be37-11468420a6ec" testId="4092a02b-aad1-4cd2-975c-e2b5b68e9e4b" testName="HandleSetLayerFeatures_ShouldRaiseArgumentException_WhenNotInputKindAndInputLayerFeatures" computerName="DKSR-EFI-06" duration="00:00:00.0008818" startTime="2024-01-09T15:48:42.9465782+01:00" endTime="2024-01-09T15:48:42.9476197+01:00" testType="13cdc9d9-ddb5-4fa4-a97d-d965ccfc6d4b" outcome="Passed" testListId="8c84fa94-04c1-424b-9868-57a2d4851a1d" relativeResultsDirectory="3a492afb-be2e-430d-be37-11468420a6ec" />
    <UnitTestResult executionId="440738ab-70fb-4b7a-90ca-af4815743c71" testId="57bd8ba2-a7b1-3773-dd72-99c3e39978da" testName="GetSKU_ShouldReturnEmptyString_WhenLicenseIsNull" computerName="DKSR-EFI-06" duration="00:00:00.0003969" startTime="2024-01-09T15:48:51.5431645+01:00" endTime="2024-01-09T15:48:51.5436886+01:00" testType="13cdc9d9-ddb5-4fa4-a97d-d965ccfc6d4b" outcome="Passed" testListId="8c84fa94-04c1-424b-9868-57a2d4851a1d" relativeResultsDirectory="440738ab-70fb-4b7a-90ca-af4815743c71" />
    <UnitTestResult executionId="762781fd-c86f-4362-b980-0e4302154184" testId="4190041e-4d7b-4cda-212b-4ae0c9029e36" testName="GetGisMapLayerFlyoutName_ShouldReturnMilestoneGisMapServiceName_WhenGeographicLayerIsAvailableAndAlternativeServerIsEmpty" computerName="DKSR-EFI-06" duration="00:00:00.0014143" startTime="2024-01-09T15:48:42.9980075+01:00" endTime="2024-01-09T15:48:42.9996674+01:00" testType="13cdc9d9-ddb5-4fa4-a97d-d965ccfc6d4b" outcome="Passed" testListId="8c84fa94-04c1-424b-9868-57a2d4851a1d" relativeResultsDirectory="762781fd-c86f-4362-b980-0e4302154184" />
    <UnitTestResult executionId="f31debdb-645b-4484-a176-ee8f51f7a3b2" testId="a9f42cf1-dbcf-e8c2-1ef1-a003ae0c7ff8" testName="AddToExportDevices_ShouldReturnCorrectResult (5,0,5)" computerName="DKSR-EFI-06" duration="00:00:00.0025582" startTime="2024-01-09T15:48:45.4057222+01:00" endTime="2024-01-09T15:48:45.4084468+01:00" testType="13cdc9d9-ddb5-4fa4-a97d-d965ccfc6d4b" outcome="Passed" testListId="8c84fa94-04c1-424b-9868-57a2d4851a1d" relativeResultsDirectory="f31debdb-645b-4484-a176-ee8f51f7a3b2" />
    <UnitTestResult executionId="7a652156-def1-4cf0-8413-e4c803b5d6d7" testId="ae8385af-29cc-f7d5-51ff-84300db47ada" testName="Ctor_NullControllerManager_Throws" computerName="DKSR-EFI-06" duration="00:00:00.0010497" startTime="2024-01-09T15:48:22.4190088+01:00" endTime="2024-01-09T15:48:22.4203428+01:00" testType="13cdc9d9-ddb5-4fa4-a97d-d965ccfc6d4b" outcome="Passed" testListId="8c84fa94-04c1-424b-9868-57a2d4851a1d" relativeResultsDirectory="7a652156-def1-4cf0-8413-e4c803b5d6d7" />
    <UnitTestResult executionId="51727925-31e6-4817-a2cd-0c8f7d440b95" testId="102f1558-5f20-a6d5-8bb1-2bdfa2e7b50e" testName="RemoveDefinition_ExistingDefinitionWithSearchResult_SearchResultsCleared" computerName="DKSR-EFI-06" duration="00:00:00.0073626" startTime="2024-01-09T15:48:26.4290080+01:00" endTime="2024-01-09T15:48:26.4365053+01:00" testType="13cdc9d9-ddb5-4fa4-a97d-d965ccfc6d4b" outcome="Passed" testListId="8c84fa94-04c1-424b-9868-57a2d4851a1d" relativeResultsDirectory="51727925-31e6-4817-a2cd-0c8f7d440b95" />
    <UnitTestResult executionId="c0a10ccd-a725-4501-9627-2a096a673949" testId="a890ab18-0d5c-e9a7-db4d-696ea60071f9" testName="IsServer_ShouldReturnTrue_WhenAllServersSelected" computerName="DKSR-EFI-06" duration="00:00:00.0013128" startTime="2024-01-09T15:48:46.9894951+01:00" endTime="2024-01-09T15:48:46.9909455+01:00" testType="13cdc9d9-ddb5-4fa4-a97d-d965ccfc6d4b" outcome="Passed" testListId="8c84fa94-04c1-424b-9868-57a2d4851a1d" relativeResultsDirectory="c0a10ccd-a725-4501-9627-2a096a673949" />
    <UnitTestResult executionId="cb1d1fa3-458a-4309-8167-5048b781076a" testId="89684484-4d0f-00a8-989b-9cbdfecf3e30" testName="GetSnapshots_InvalidSnapshotPath_Failure" computerName="DKSR-EFI-06" duration="00:00:00.1798985" startTime="2024-01-09T15:48:25.6661494+01:00" endTime="2024-01-09T15:48:25.8462858+01:00" testType="13cdc9d9-ddb5-4fa4-a97d-d965ccfc6d4b" outcome="Passed" testListId="8c84fa94-04c1-424b-9868-57a2d4851a1d" relativeResultsDirectory="cb1d1fa3-458a-4309-8167-5048b781076a" />
    <UnitTestResult executionId="44f658cc-7b2c-41b0-ac9b-886ee4f09f60" testId="9161b7a2-9233-72ad-eb95-c7d6bfabd975" testName="Password1 invalid, Password 2 valid" computerName="DKSR-EFI-06" duration="00:00:00.0001012" startTime="2024-01-09T15:47:52.2141390+01:00" endTime="2024-01-09T15:47:52.2143785+01:00" testType="13cdc9d9-ddb5-4fa4-a97d-d965ccfc6d4b" outcome="Passed" testListId="8c84fa94-04c1-424b-9868-57a2d4851a1d" relativeResultsDirectory="44f658cc-7b2c-41b0-ac9b-886ee4f09f60" />
    <UnitTestResult executionId="50f0bbc9-2fe6-44d9-b9eb-da90aee7f1e9" testId="81d4eeef-857b-5bf1-5cd0-3e8726c4f84c" testName="GetSearchReportDialog_SelectedSearchResults_Empty_Failure" computerName="DKSR-EFI-06" duration="00:00:00.0101175" startTime="2024-01-09T15:48:25.3992950+01:00" endTime="2024-01-09T15:48:25.4119679+01:00" testType="13cdc9d9-ddb5-4fa4-a97d-d965ccfc6d4b" outcome="Passed" testListId="8c84fa94-04c1-424b-9868-57a2d4851a1d" relativeResultsDirectory="50f0bbc9-2fe6-44d9-b9eb-da90aee7f1e9" />
    <UnitTestResult executionId="b8571ce5-026d-4bbb-861c-a4b3195217c5" testId="bf71a57f-ee03-3700-bbbe-0a8bed916dfe" testName="Convert_ShouldReturnFalse_WhenParameterIsNull" computerName="DKSR-EFI-06" duration="00:00:00.0002407" startTime="2024-01-09T15:47:44.4082270+01:00" endTime="2024-01-09T15:47:44.4085966+01:00" testType="13cdc9d9-ddb5-4fa4-a97d-d965ccfc6d4b" outcome="Passed" testListId="8c84fa94-04c1-424b-9868-57a2d4851a1d" relativeResultsDirectory="b8571ce5-026d-4bbb-861c-a4b3195217c5" />
    <UnitTestResult executionId="c0f04c79-3923-454a-93b5-c6d94a91db73" testId="af9e36c7-6a97-f2e2-549f-4bcadfe1d626" testName="DateToStringConverter_ConvertBack_Fail" computerName="DKSR-EFI-06" duration="00:00:00.0009525" startTime="2024-01-09T15:48:10.2874215+01:00" endTime="2024-01-09T15:48:10.2885395+01:00" testType="13cdc9d9-ddb5-4fa4-a97d-d965ccfc6d4b" outcome="Passed" testListId="8c84fa94-04c1-424b-9868-57a2d4851a1d" relativeResultsDirectory="c0f04c79-3923-454a-93b5-c6d94a91db73" />
    <UnitTestResult executionId="4d38436f-d7c8-49d9-8a23-977608540efb" testId="0a626f9c-1fcc-6ba0-e354-bb3374659d02" testName="PermanentMarkers_ShouldAdd_WhenTryInitExecuted" computerName="DKSR-EFI-06" duration="00:00:00.0309567" startTime="2024-01-09T15:47:46.3179367+01:00" endTime="2024-01-09T15:47:46.3520535+01:00" testType="13cdc9d9-ddb5-4fa4-a97d-d965ccfc6d4b" outcome="Passed" testListId="8c84fa94-04c1-424b-9868-57a2d4851a1d" relativeResultsDirectory="4d38436f-d7c8-49d9-8a23-977608540efb" />
    <UnitTestResult executionId="cc89b01d-adf1-4f11-b46d-0135014b86aa" testId="7cda1263-ac69-512e-7ac9-aa77b99959cd" testName="GetResultGroups_ShouldReturnOnlyCombinedGroup_WhenAllResultsAreCombined" computerName="DKSR-EFI-06" duration="00:00:00.0024503" startTime="2024-01-09T15:48:23.4398562+01:00" endTime="2024-01-09T15:48:23.4424860+01:00" testType="13cdc9d9-ddb5-4fa4-a97d-d965ccfc6d4b" outcome="Passed" testListId="8c84fa94-04c1-424b-9868-57a2d4851a1d" relativeResultsDirectory="cc89b01d-adf1-4f11-b46d-0135014b86aa" />
    <UnitTestResult executionId="ccdd40bc-36df-44b3-be64-cdaec7b79edd" testId="5be7c8bc-c613-0652-ed73-c4eee352182b" testName="Deserialize_MissingPluginIdElement_Error" computerName="DKSR-EFI-06" duration="00:00:00.0006653" startTime="2024-01-09T15:48:26.8140952+01:00" endTime="2024-01-09T15:48:26.8148914+01:00" testType="13cdc9d9-ddb5-4fa4-a97d-d965ccfc6d4b" outcome="Passed" testListId="8c84fa94-04c1-424b-9868-57a2d4851a1d" relativeResultsDirectory="ccdd40bc-36df-44b3-be64-cdaec7b79edd" />
    <UnitTestResult executionId="f1d76292-9944-4de1-8b44-a53f907b710d" testId="2a52f03a-cddc-7860-41d6-2e4a73025212" testName="VideoResultSearchResult_ShouldOnlyHavePropertiesFromSecondContext_WhenSetTwiceAndThrowingOnTokenCancellation" computerName="DKSR-EFI-06" duration="00:00:02.0384609" startTime="2024-01-09T15:48:10.4745138+01:00" endTime="2024-01-09T15:48:12.5168301+01:00" testType="13cdc9d9-ddb5-4fa4-a97d-d965ccfc6d4b" outcome="Passed" testListId="8c84fa94-04c1-424b-9868-57a2d4851a1d" relativeResultsDirectory="f1d76292-9944-4de1-8b44-a53f907b710d" />
    <UnitTestResult executionId="f443ca9f-3c99-4af3-ac50-dc41bc7ba1e2" testId="628ededf-b510-91fa-7712-c59b72f0952a" testName="DateToStringConverter_MultiConvertValidInput_Success" computerName="DKSR-EFI-06" duration="00:00:00.0003413" startTime="2024-01-09T15:48:10.2981172+01:00" endTime="2024-01-09T15:48:10.2985834+01:00" testType="13cdc9d9-ddb5-4fa4-a97d-d965ccfc6d4b" outcome="Passed" testListId="8c84fa94-04c1-424b-9868-57a2d4851a1d" relativeResultsDirectory="f443ca9f-3c99-4af3-ac50-dc41bc7ba1e2" />
    <UnitTestResult executionId="f26a0446-f61c-4d57-a981-f206dc17221d" testId="fb67ea71-6b78-1dc1-49b9-30224c6a1bae" testName="Enabled_WhenInterrupted_ThenNoSubscribers" computerName="DKSR-EFI-06" duration="00:00:00.0029189" startTime="2024-01-09T15:48:40.8473272+01:00" endTime="2024-01-09T15:48:40.8503769+01:00" testType="13cdc9d9-ddb5-4fa4-a97d-d965ccfc6d4b" outcome="Passed" testListId="8c84fa94-04c1-424b-9868-57a2d4851a1d" relativeResultsDirectory="f26a0446-f61c-4d57-a981-f206dc17221d" />
    <UnitTestResult executionId="6a26af5a-2523-4be9-9d30-fcd1ec2842ed" testId="2670b347-ae46-c79b-6a32-846917e5ef9a" testName="HandleSetLayerFeatures_ShouldRaiseArgumentException_WhenCameraKindAndNotCameraLayerFeaturesAndInputLayer" computerName="DKSR-EFI-06" duration="00:00:00.0009754" startTime="2024-01-09T15:48:42.9335034+01:00" endTime="2024-01-09T15:48:42.9346441+01:00" testType="13cdc9d9-ddb5-4fa4-a97d-d965ccfc6d4b" outcome="Passed" testListId="8c84fa94-04c1-424b-9868-57a2d4851a1d" relativeResultsDirectory="6a26af5a-2523-4be9-9d30-fcd1ec2842ed" />
    <UnitTestResult executionId="3830930b-af82-4dc3-aaca-1f65c4cfbcae" testId="d0982f73-d6e4-f513-6ec6-0568fe669026" testName="Passwords are not the same, same length" computerName="DKSR-EFI-06" duration="00:00:00.0000975" startTime="2024-01-09T15:47:52.2241628+01:00" endTime="2024-01-09T15:47:52.2243954+01:00" testType="13cdc9d9-ddb5-4fa4-a97d-d965ccfc6d4b" outcome="Passed" testListId="8c84fa94-04c1-424b-9868-57a2d4851a1d" relativeResultsDirectory="3830930b-af82-4dc3-aaca-1f65c4cfbcae" />
    <UnitTestResult executionId="124bacfd-e86b-42d6-bdf6-cf6bda291702" testId="568e27a2-2d92-2560-0d4d-7360cf22e5e8" testName="GetItemsIn_BuildingNoLevels_Returns2Items" computerName="DKSR-EFI-06" duration="00:00:00.0411183" startTime="2024-01-09T15:48:43.2427037+01:00" endTime="2024-01-09T15:48:43.2840215+01:00" testType="13cdc9d9-ddb5-4fa4-a97d-d965ccfc6d4b" outcome="Passed" testListId="8c84fa94-04c1-424b-9868-57a2d4851a1d" relativeResultsDirectory="124bacfd-e86b-42d6-bdf6-cf6bda291702" />
    <UnitTestResult executionId="a1019036-fa5b-4cb9-b09c-c4fc4f99b690" testId="bd1c2cab-1265-633f-739a-62f24eef82f7" testName="CreateSearchDefinition_FactoryInvokedWithCorrectParameters" computerName="DKSR-EFI-06" duration="00:00:00.0084587" startTime="2024-01-09T15:48:37.3341526+01:00" endTime="2024-01-09T15:48:37.3427497+01:00" testType="13cdc9d9-ddb5-4fa4-a97d-d965ccfc6d4b" outcome="Passed" testListId="8c84fa94-04c1-424b-9868-57a2d4851a1d" relativeResultsDirectory="a1019036-fa5b-4cb9-b09c-c4fc4f99b690" />
    <UnitTestResult executionId="44440b0d-707b-419e-b935-e3cff709c4da" testId="a1d9d132-2e0d-40a7-b61c-5ad666efa8c0" testName="AddSelectedWindowsToExport_ShouldShowCorrectToastMessages (5,0,0)" computerName="DKSR-EFI-06" duration="00:00:00.0038174" startTime="2024-01-09T15:48:45.4606066+01:00" endTime="2024-01-09T15:48:45.4646397+01:00" testType="13cdc9d9-ddb5-4fa4-a97d-d965ccfc6d4b" outcome="Passed" testListId="8c84fa94-04c1-424b-9868-57a2d4851a1d" relativeResultsDirectory="44440b0d-707b-419e-b935-e3cff709c4da" />
    <UnitTestResult executionId="7787e219-c367-4afa-a489-03b662f8c63d" testId="5ff0df64-4714-54ce-b6d1-3a4063918e93" testName="InputItemsLayer_NotIsGeographic_Load_Success" computerName="DKSR-EFI-06" duration="00:00:00.0104676" startTime="2024-01-09T15:48:38.6873827+01:00" endTime="2024-01-09T15:48:38.6980884+01:00" testType="13cdc9d9-ddb5-4fa4-a97d-d965ccfc6d4b" outcome="Passed" testListId="8c84fa94-04c1-424b-9868-57a2d4851a1d" relativeResultsDirectory="7787e219-c367-4afa-a489-03b662f8c63d" />
    <UnitTestResult executionId="e28ee28a-ca70-4e50-a46d-df897b13c558" testId="dbc1a342-48a8-affa-8d55-c00e2654c55f" testName="ScWorkSpaceModeChangedEvent_ShouldSetDeviceIsDisabledToFalse_WhenSwitchingToLiveModeAndDeviceIsDisabled" computerName="DKSR-EFI-06" duration="00:00:00.0154396" startTime="2024-01-09T15:48:41.4142712+01:00" endTime="2024-01-09T15:48:41.4323382+01:00" testType="13cdc9d9-ddb5-4fa4-a97d-d965ccfc6d4b" outcome="Passed" testListId="8c84fa94-04c1-424b-9868-57a2d4851a1d" relativeResultsDirectory="e28ee28a-ca70-4e50-a46d-df897b13c558" />
    <UnitTestResult executionId="e0799d5b-0998-4725-b977-2fd3485469f5" testId="947e66f8-3edd-6840-266f-9e5f8a6ffe6e" testName="PointMapItem_Load_Output_Success" computerName="DKSR-EFI-06" duration="00:00:00.0286760" startTime="2024-01-09T15:48:41.4668740+01:00" endTime="2024-01-09T15:48:41.4958771+01:00" testType="13cdc9d9-ddb5-4fa4-a97d-d965ccfc6d4b" outcome="Passed" testListId="8c84fa94-04c1-424b-9868-57a2d4851a1d" relativeResultsDirectory="e0799d5b-0998-4725-b977-2fd3485469f5" />
    <UnitTestResult executionId="6af4c001-a3e3-49b2-9370-a4097569d366" testId="9a208f53-2994-a17f-1d39-9e17cb2164bd" testName="FetchDeviceConfiguration_ShouldNotLoadCache_WhenCacheFileIsNotPresent" computerName="DKSR-EFI-06" duration="00:00:00.0217702" startTime="2024-01-09T15:48:51.4861597+01:00" endTime="2024-01-09T15:48:51.5081884+01:00" testType="13cdc9d9-ddb5-4fa4-a97d-d965ccfc6d4b" outcome="Passed" testListId="8c84fa94-04c1-424b-9868-57a2d4851a1d" relativeResultsDirectory="6af4c001-a3e3-49b2-9370-a4097569d366" />
    <UnitTestResult executionId="da7b550a-d131-4369-aacf-40bb6654ccbe" testId="d59c7867-81fa-72b0-e0e7-f75e74dd41dd" testName="Convert_ShouldReturnFalse_WhenValueIsNull" computerName="DKSR-EFI-06" duration="00:00:00.0065965" startTime="2024-01-09T15:47:44.4008673+01:00" endTime="2024-01-09T15:47:44.4077686+01:00" testType="13cdc9d9-ddb5-4fa4-a97d-d965ccfc6d4b" outcome="Passed" testListId="8c84fa94-04c1-424b-9868-57a2d4851a1d" relativeResultsDirectory="da7b550a-d131-4369-aacf-40bb6654ccbe" />
    <UnitTestResult executionId="ba748af7-5d37-4522-bc5a-7c2fac883ad0" testId="ef92f893-79c7-0d51-127f-8470ebdbc768" testName="GetViewGroup_SubGroup_WithMissingGroupsElement" computerName="DKSR-EFI-06" duration="00:00:00.0091679" startTime="2024-01-09T15:47:43.3053797+01:00" endTime="2024-01-09T15:47:43.3147406+01:00" testType="13cdc9d9-ddb5-4fa4-a97d-d965ccfc6d4b" outcome="Passed" testListId="8c84fa94-04c1-424b-9868-57a2d4851a1d" relativeResultsDirectory="ba748af7-5d37-4522-bc5a-7c2fac883ad0" />
    <UnitTestResult executionId="3f95f62e-a408-4c07-afe4-7842f404bcc1" testId="a476d913-853e-9006-57bf-9e825d119810" testName="CreateMenuItem_Success" computerName="DKSR-EFI-06" duration="00:00:00.0070011" startTime="2024-01-09T15:47:49.4615743+01:00" endTime="2024-01-09T15:47:49.4714204+01:00" testType="13cdc9d9-ddb5-4fa4-a97d-d965ccfc6d4b" outcome="Passed" testListId="8c84fa94-04c1-424b-9868-57a2d4851a1d" relativeResultsDirectory="3f95f62e-a408-4c07-afe4-7842f404bcc1" />
    <UnitTestResult executionId="8dbb1b77-eae1-468f-97ed-adc9fed73a88" testId="1ff772ea-316c-7a4b-bb91-f3ab3f44e05b" testName="CreateExportDialog_CannotCreateExport_WithInvalidExportPath" computerName="DKSR-EFI-06" duration="00:00:00.0087969" startTime="2024-01-09T15:47:51.3170665+01:00" endTime="2024-01-09T15:47:51.3260320+01:00" testType="13cdc9d9-ddb5-4fa4-a97d-d965ccfc6d4b" outcome="Passed" testListId="8c84fa94-04c1-424b-9868-57a2d4851a1d" relativeResultsDirectory="8dbb1b77-eae1-468f-97ed-adc9fed73a88" />
    <UnitTestResult executionId="c5d2ab60-94de-4764-97b6-736a9871b11d" testId="dd098655-ce3b-b407-bc7d-fa88b3ed5381" testName="FocusedSearchResultChanged_CameraOnMap_NavigateToCamera" computerName="DKSR-EFI-06" duration="00:00:00.0075127" startTime="2024-01-09T15:48:22.1535885+01:00" endTime="2024-01-09T15:48:22.1638037+01:00" testType="13cdc9d9-ddb5-4fa4-a97d-d965ccfc6d4b" outcome="Passed" testListId="8c84fa94-04c1-424b-9868-57a2d4851a1d" relativeResultsDirectory="c5d2ab60-94de-4764-97b6-736a9871b11d" />
    <UnitTestResult executionId="c6c082d5-3219-435a-aaaa-a1608749b898" testId="d6a59c85-6c58-584e-c43d-f10c50d7e1a2" testName="ConvertToNewLevel_ThreeLevelsUp_Success" computerName="DKSR-EFI-06" duration="00:00:00.0002096" startTime="2024-01-09T15:48:43.6959305+01:00" endTime="2024-01-09T15:48:43.6962816+01:00" testType="13cdc9d9-ddb5-4fa4-a97d-d965ccfc6d4b" outcome="Passed" testListId="8c84fa94-04c1-424b-9868-57a2d4851a1d" relativeResultsDirectory="c6c082d5-3219-435a-aaaa-a1608749b898" />
    <UnitTestResult executionId="b0e7b379-6893-4fcb-bc59-7174c7ef2139" testId="05aeaa8c-7d80-f9e7-54a6-810812bf76ac" testName="ConnectSlave_FailToConnectAndDoNotAllowgSecureConnection_ShouldThrowException" computerName="DKSR-EFI-06" duration="00:00:00.0015306" startTime="2024-01-09T15:47:40.9737135+01:00" endTime="2024-01-09T15:47:40.9755831+01:00" testType="13cdc9d9-ddb5-4fa4-a97d-d965ccfc6d4b" outcome="Passed" testListId="8c84fa94-04c1-424b-9868-57a2d4851a1d" relativeResultsDirectory="b0e7b379-6893-4fcb-bc59-7174c7ef2139" />
    <UnitTestResult executionId="88df9809-07e6-4a1d-b07f-58be9609e2f8" testId="6d62f599-0f0c-18d4-6cc8-c03dee27684a" testName="TestHasCapapability_LesserThan_Success" computerName="DKSR-EFI-06" duration="00:00:00.0001400" startTime="2024-01-09T15:48:43.1530127+01:00" endTime="2024-01-09T15:48:43.1533146+01:00" testType="13cdc9d9-ddb5-4fa4-a97d-d965ccfc6d4b" outcome="Passed" testListId="8c84fa94-04c1-424b-9868-57a2d4851a1d" relativeResultsDirectory="88df9809-07e6-4a1d-b07f-58be9609e2f8" />
    <UnitTestResult executionId="7c4b2f20-e120-49c7-9a09-9a0d07d10b5d" testId="61c2e857-2ecc-1265-1a6e-d3f3e6eddf31" testName="PatrollingProfileViewModelTest_Save_CreateProfile" computerName="DKSR-EFI-06" duration="00:00:00.0051166" startTime="2024-01-09T15:48:43.9213093+01:00" endTime="2024-01-09T15:48:43.9265757+01:00" testType="13cdc9d9-ddb5-4fa4-a97d-d965ccfc6d4b" outcome="Passed" testListId="8c84fa94-04c1-424b-9868-57a2d4851a1d" relativeResultsDirectory="7c4b2f20-e120-49c7-9a09-9a0d07d10b5d" />
    <UnitTestResult executionId="eee0d707-2fa5-4765-9c3b-dc7f10b10471" testId="9c9fd855-69d4-9918-84e1-a8e0fcc2b097" testName="SearchAction_Carrousel_PlaybackMode" computerName="DKSR-EFI-06" duration="00:00:00.0092262" startTime="2024-01-09T15:48:45.9256605+01:00" endTime="2024-01-09T15:48:45.9350767+01:00" testType="13cdc9d9-ddb5-4fa4-a97d-d965ccfc6d4b" outcome="Passed" testListId="8c84fa94-04c1-424b-9868-57a2d4851a1d" relativeResultsDirectory="eee0d707-2fa5-4765-9c3b-dc7f10b10471" />
    <UnitTestResult executionId="3fe346c8-328c-4461-b0de-97be65c446ca" testId="9245a3fe-e6e8-4a14-f7b3-94227339454e" testName="IconValueConverter_ConvertInvalidIconSourceFallback_Success" computerName="DKSR-EFI-06" duration="00:00:00.0112865" startTime="2024-01-09T15:48:10.3050927+01:00" endTime="2024-01-09T15:48:10.3165732+01:00" testType="13cdc9d9-ddb5-4fa4-a97d-d965ccfc6d4b" outcome="Passed" testListId="8c84fa94-04c1-424b-9868-57a2d4851a1d" relativeResultsDirectory="3fe346c8-328c-4461-b0de-97be65c446ca" />
    <UnitTestResult executionId="b43a79f1-91a9-4c28-9891-6eb0bcc4d965" testId="8717c557-1272-1ca3-c2f1-71d1819ddb50" testName="Result_Expands_Correctly" computerName="DKSR-EFI-06" duration="00:00:00.1090579" startTime="2024-01-09T15:48:52.1648134+01:00" endTime="2024-01-09T15:48:52.2779017+01:00" testType="13cdc9d9-ddb5-4fa4-a97d-d965ccfc6d4b" outcome="Passed" testListId="8c84fa94-04c1-424b-9868-57a2d4851a1d" relativeResultsDirectory="b43a79f1-91a9-4c28-9891-6eb0bcc4d965" />
    <UnitTestResult executionId="301c9642-a5ac-4502-b854-beb8adb12adb" testId="befe5650-f39d-378d-4992-3ef8f2152fe0" testName="Custom, not forced" computerName="DKSR-EFI-06" duration="00:00:00.0044926" startTime="2024-01-09T15:47:51.4509551+01:00" endTime="2024-01-09T15:47:51.4557003+01:00" testType="13cdc9d9-ddb5-4fa4-a97d-d965ccfc6d4b" outcome="Passed" testListId="8c84fa94-04c1-424b-9868-57a2d4851a1d" relativeResultsDirectory="301c9642-a5ac-4502-b854-beb8adb12adb" />
    <UnitTestResult executionId="152f8a59-d7b5-4358-837a-6cabfd0401a7" testId="fbf1e532-d446-55e3-818a-b4fc676cabf8" testName="GetCameraGroups_ShouldReturnCameraGroupsType" computerName="DKSR-EFI-06" duration="00:00:00.0001838" startTime="2024-01-09T15:48:46.9933320+01:00" endTime="2024-01-09T15:48:46.9936498+01:00" testType="13cdc9d9-ddb5-4fa4-a97d-d965ccfc6d4b" outcome="Passed" testListId="8c84fa94-04c1-424b-9868-57a2d4851a1d" relativeResultsDirectory="152f8a59-d7b5-4358-837a-6cabfd0401a7" />
    <UnitTestResult executionId="26781a6c-5f94-43f6-b520-01a98d5dfec1" testId="18d974d6-a642-8807-34d7-9a9c256df013" testName="Loaded_NoActionBarPlugins_NoActionButtonsPresent" computerName="DKSR-EFI-06" duration="00:00:00.0369386" startTime="2024-01-09T15:47:53.7809028+01:00" endTime="2024-01-09T15:47:53.8207490+01:00" testType="13cdc9d9-ddb5-4fa4-a97d-d965ccfc6d4b" outcome="Passed" testListId="8c84fa94-04c1-424b-9868-57a2d4851a1d" relativeResultsDirectory="26781a6c-5f94-43f6-b520-01a98d5dfec1" />
    <UnitTestResult executionId="efe7f7f2-d328-4313-90de-284cae2f6737" testId="f6638888-72f9-3abc-824d-07e5504a43a5" testName="IconResourceKey_ShouldBeValid_WhenInteractionStateIsAddMicrophone" computerName="DKSR-EFI-06" duration="00:00:00.0001912" startTime="2024-01-09T15:47:45.9788901+01:00" endTime="2024-01-09T15:47:45.9792008+01:00" testType="13cdc9d9-ddb5-4fa4-a97d-d965ccfc6d4b" outcome="Passed" testListId="8c84fa94-04c1-424b-9868-57a2d4851a1d" relativeResultsDirectory="efe7f7f2-d328-4313-90de-284cae2f6737" />
    <UnitTestResult executionId="747fbf67-33da-4cc1-b828-6130095528f2" testId="b518f299-3b00-cc5d-b78d-f3f85f49a757" testName="AddSelectedCameras_EmptyList_NoChange" computerName="DKSR-EFI-06" duration="00:00:00.0084197" startTime="2024-01-09T15:48:23.9123350+01:00" endTime="2024-01-09T15:48:23.9209364+01:00" testType="13cdc9d9-ddb5-4fa4-a97d-d965ccfc6d4b" outcome="Passed" testListId="8c84fa94-04c1-424b-9868-57a2d4851a1d" relativeResultsDirectory="747fbf67-33da-4cc1-b828-6130095528f2" />
    <UnitTestResult executionId="f1f46e3f-cd51-432b-a2fd-5526025ebcd5" testId="018fb1d0-368a-28a4-c323-ba8d6e4a76b9" testName="AddToExportTuples_ShouldAddToExportData (5)" computerName="DKSR-EFI-06" duration="00:00:00.0049205" startTime="2024-01-09T15:48:45.2844645+01:00" endTime="2024-01-09T15:48:45.2895859+01:00" testType="13cdc9d9-ddb5-4fa4-a97d-d965ccfc6d4b" outcome="Passed" testListId="8c84fa94-04c1-424b-9868-57a2d4851a1d" relativeResultsDirectory="f1f46e3f-cd51-432b-a2fd-5526025ebcd5" />
    <UnitTestResult executionId="b5b286b9-e285-4029-ad5c-80f950b276d0" testId="199e5799-986d-710e-fa92-973a198651af" testName="PatrollingProfileListViewModel_Save_CreateProfile_Failed" computerName="DKSR-EFI-06" duration="00:00:00.0030748" startTime="2024-01-09T15:48:43.8772987+01:00" endTime="2024-01-09T15:48:43.8805159+01:00" testType="13cdc9d9-ddb5-4fa4-a97d-d965ccfc6d4b" outcome="Passed" testListId="8c84fa94-04c1-424b-9868-57a2d4851a1d" relativeResultsDirectory="b5b286b9-e285-4029-ad5c-80f950b276d0" />
    <UnitTestResult executionId="fd1de5d1-68af-4189-8773-4224bc2337e3" testId="842bf4ca-6371-3a8a-228b-d721ac1b9eb1" testName="Convert_ShouldRaiseInvalidCastException_WhenParameterIsNotAnArrayOfInteractionState" computerName="DKSR-EFI-06" duration="00:00:00.0003258" startTime="2024-01-09T15:47:44.4100612+01:00" endTime="2024-01-09T15:47:44.4105300+01:00" testType="13cdc9d9-ddb5-4fa4-a97d-d965ccfc6d4b" outcome="Passed" testListId="8c84fa94-04c1-424b-9868-57a2d4851a1d" relativeResultsDirectory="fd1de5d1-68af-4189-8773-4224bc2337e3" />
    <UnitTestResult executionId="4e732a3e-f7b8-47c7-9b9e-6636ff1e3af5" testId="171feea5-abd8-a592-59bf-79484281ec17" testName="AddSelectedWindowsToExport_ShouldShowCorrectToastMessages (0,0,0)" computerName="DKSR-EFI-06" duration="00:00:00.0030807" startTime="2024-01-09T15:48:45.4316541+01:00" endTime="2024-01-09T15:48:45.4349253+01:00" testType="13cdc9d9-ddb5-4fa4-a97d-d965ccfc6d4b" outcome="Passed" testListId="8c84fa94-04c1-424b-9868-57a2d4851a1d" relativeResultsDirectory="4e732a3e-f7b8-47c7-9b9e-6636ff1e3af5" />
    <UnitTestResult executionId="dc7d6971-849b-4158-8d1b-bcc268b5212b" testId="81fc8aa1-de6a-e087-adfe-af829f91bad7" testName="Deserialize_FromTimeOnly_Success" computerName="DKSR-EFI-06" duration="00:00:00.0006872" startTime="2024-01-09T15:48:26.8295275+01:00" endTime="2024-01-09T15:48:26.8303462+01:00" testType="13cdc9d9-ddb5-4fa4-a97d-d965ccfc6d4b" outcome="Passed" testListId="8c84fa94-04c1-424b-9868-57a2d4851a1d" relativeResultsDirectory="dc7d6971-849b-4158-8d1b-bcc268b5212b" />
    <UnitTestResult executionId="a36bc435-f623-4307-8c78-85a68da0d0bd" testId="9636a1f1-1232-f981-d42a-36589836bff4" testName="DeviceIcons_ShouldNotBeNull_WhenCalled" computerName="DKSR-EFI-06" duration="00:00:00.0001633" startTime="2024-01-09T15:48:40.8264301+01:00" endTime="2024-01-09T15:48:40.8267268+01:00" testType="13cdc9d9-ddb5-4fa4-a97d-d965ccfc6d4b" outcome="Passed" testListId="8c84fa94-04c1-424b-9868-57a2d4851a1d" relativeResultsDirectory="a36bc435-f623-4307-8c78-85a68da0d0bd" />
    <UnitTestResult executionId="6b96c4d3-a76e-4546-9625-19a1d5f98d2b" testId="518a8b99-6420-184f-272c-7fecbc8732ca" testName="LanguageOptionsData_IsSorted_Success" computerName="DKSR-EFI-06" duration="00:00:00.0206959" startTime="2024-01-09T15:48:44.0227251+01:00" endTime="2024-01-09T15:48:44.0436520+01:00" testType="13cdc9d9-ddb5-4fa4-a97d-d965ccfc6d4b" outcome="Passed" testListId="8c84fa94-04c1-424b-9868-57a2d4851a1d" relativeResultsDirectory="6b96c4d3-a76e-4546-9625-19a1d5f98d2b" />
    <UnitTestResult executionId="a020933f-bbdb-485c-8733-aca65a6e399e" testId="8f3c7e47-c7ba-15e0-4ea3-5c99da54e2cf" testName="TestReadXmlTaskId" computerName="DKSR-EFI-06" duration="00:00:00.0004141" startTime="2024-01-09T15:48:46.0118688+01:00" endTime="2024-01-09T15:48:46.0124435+01:00" testType="13cdc9d9-ddb5-4fa4-a97d-d965ccfc6d4b" outcome="Passed" testListId="8c84fa94-04c1-424b-9868-57a2d4851a1d" relativeResultsDirectory="a020933f-bbdb-485c-8733-aca65a6e399e" />
    <UnitTestResult executionId="ac015da1-73fa-475c-b4ef-96e2a1271e03" testId="112015e3-431e-b435-09f5-dc36bf2bbc1b" testName="Compare_NotNullVsNullDescending_GreaterThan" computerName="DKSR-EFI-06" duration="00:00:00.0001409" startTime="2024-01-09T15:48:26.7449123+01:00" endTime="2024-01-09T15:48:26.7451741+01:00" testType="13cdc9d9-ddb5-4fa4-a97d-d965ccfc6d4b" outcome="Passed" testListId="8c84fa94-04c1-424b-9868-57a2d4851a1d" relativeResultsDirectory="ac015da1-73fa-475c-b4ef-96e2a1271e03" />
    <UnitTestResult executionId="b3704757-1f03-4524-bd20-bb5bbe0f1e4a" testId="56f5cfe7-c187-684a-c730-d4624e106c42" testName="Parse_Success" computerName="DKSR-EFI-06" duration="00:00:00.0154180" startTime="2024-01-09T15:48:45.0196601+01:00" endTime="2024-01-09T15:48:45.0353866+01:00" testType="13cdc9d9-ddb5-4fa4-a97d-d965ccfc6d4b" outcome="Passed" testListId="8c84fa94-04c1-424b-9868-57a2d4851a1d" relativeResultsDirectory="b3704757-1f03-4524-bd20-bb5bbe0f1e4a" />
    <UnitTestResult executionId="ec0e11ef-80ed-4089-be31-81821b51df8a" testId="616c12d5-722e-e683-3114-c8a71232eef2" testName="GetLayerFeatures_ShouldReturnMicrophoneLayerFeaturesBasedOnMicrophoneItemsMapLayer_WhenMicrophoneKind" computerName="DKSR-EFI-06" duration="00:00:00.0031308" startTime="2024-01-09T15:48:43.0560488+01:00" endTime="2024-01-09T15:48:43.0593547+01:00" testType="13cdc9d9-ddb5-4fa4-a97d-d965ccfc6d4b" outcome="Passed" testListId="8c84fa94-04c1-424b-9868-57a2d4851a1d" relativeResultsDirectory="ec0e11ef-80ed-4089-be31-81821b51df8a" />
    <UnitTestResult executionId="e6c170f0-f0f7-46f4-941b-1ffa863628d4" testId="233a6bed-ae00-b023-a337-828767e08ee8" testName="AlwaysPutSmartWallGroupLast" computerName="DKSR-EFI-06" duration="00:00:00.0004994" startTime="2024-01-09T15:48:44.9734735+01:00" endTime="2024-01-09T15:48:44.9741005+01:00" testType="13cdc9d9-ddb5-4fa4-a97d-d965ccfc6d4b" outcome="Passed" testListId="8c84fa94-04c1-424b-9868-57a2d4851a1d" relativeResultsDirectory="e6c170f0-f0f7-46f4-941b-1ffa863628d4" />
    <UnitTestResult executionId="846fb550-9716-4446-bada-891b5f156bf3" testId="74ee50b8-0598-e8ca-7e2f-330081ea45bc" testName="TestWriteXmlTaskId" computerName="DKSR-EFI-06" duration="00:00:00.0005367" startTime="2024-01-09T15:48:46.0128621+01:00" endTime="2024-01-09T15:48:46.0135157+01:00" testType="13cdc9d9-ddb5-4fa4-a97d-d965ccfc6d4b" outcome="Passed" testListId="8c84fa94-04c1-424b-9868-57a2d4851a1d" relativeResultsDirectory="846fb550-9716-4446-bada-891b5f156bf3" />
    <UnitTestResult executionId="248d3213-0b1e-467d-a6ec-d208b74bd4c7" testId="f4609267-8826-6634-3e91-b8471488e292" testName="GetServerTypes_ShouldReturnRecordingServiceType" computerName="DKSR-EFI-06" duration="00:00:00.0003116" startTime="2024-01-09T15:48:46.9711968+01:00" endTime="2024-01-09T15:48:46.9716381+01:00" testType="13cdc9d9-ddb5-4fa4-a97d-d965ccfc6d4b" outcome="Passed" testListId="8c84fa94-04c1-424b-9868-57a2d4851a1d" relativeResultsDirectory="248d3213-0b1e-467d-a6ec-d208b74bd4c7" />
    <UnitTestResult executionId="29fd60f5-1b44-47e4-bb51-4d5f3e785499" testId="1995aa56-764e-e077-7015-d7ad96740ef7" testName="UpdateAction_SingleAccepted_DoesNotChangeToolTip" computerName="DKSR-EFI-06" duration="00:00:00.0023332" startTime="2024-01-09T15:48:23.5545451+01:00" endTime="2024-01-09T15:48:23.5570411+01:00" testType="13cdc9d9-ddb5-4fa4-a97d-d965ccfc6d4b" outcome="Passed" testListId="8c84fa94-04c1-424b-9868-57a2d4851a1d" relativeResultsDirectory="29fd60f5-1b44-47e4-bb51-4d5f3e785499" />
    <UnitTestResult executionId="23b4da25-dc1c-4afc-83d7-93540566b7da" testId="ecf13227-e49d-1db7-a97a-21cf256d2c96" testName="ShowOrHidePartialResultsCommand_Triggered_ButtonTextChanged" computerName="DKSR-EFI-06" duration="00:00:00.0013089" startTime="2024-01-09T15:48:22.3820528+01:00" endTime="2024-01-09T15:48:22.3835165+01:00" testType="13cdc9d9-ddb5-4fa4-a97d-d965ccfc6d4b" outcome="Passed" testListId="8c84fa94-04c1-424b-9868-57a2d4851a1d" relativeResultsDirectory="23b4da25-dc1c-4afc-83d7-93540566b7da" />
    <UnitTestResult executionId="192c70bf-191e-461f-a45f-2497c1a3fb35" testId="20efb3d3-79c6-bd77-1370-aab1347bcb2b" testName="DeleteSearchTemplateAsync_Succeeds_Success" computerName="DKSR-EFI-06" duration="00:00:00.0034523" startTime="2024-01-09T15:48:26.0797265+01:00" endTime="2024-01-09T15:48:26.0833157+01:00" testType="13cdc9d9-ddb5-4fa4-a97d-d965ccfc6d4b" outcome="Passed" testListId="8c84fa94-04c1-424b-9868-57a2d4851a1d" relativeResultsDirectory="192c70bf-191e-461f-a45f-2497c1a3fb35" />
    <UnitTestResult executionId="ff4fafb6-5446-4fe0-b0d4-4af13522b843" testId="63448ae4-3822-6161-d46b-a6dd1dfe44fd" testName="SupportsDoubleClick_ShouldBeFalse_WhenInteractionStateIsNotNormalAndNotInSetupMode" computerName="DKSR-EFI-06" duration="00:00:00.0138555" startTime="2024-01-09T15:47:47.6004832+01:00" endTime="2024-01-09T15:47:47.6170867+01:00" testType="13cdc9d9-ddb5-4fa4-a97d-d965ccfc6d4b" outcome="Passed" testListId="8c84fa94-04c1-424b-9868-57a2d4851a1d" relativeResultsDirectory="ff4fafb6-5446-4fe0-b0d4-4af13522b843" />
    <UnitTestResult executionId="9028dcaa-3056-4118-8bd4-576205add581" testId="401d2e62-9623-23c2-8f1c-f70d5a6debc1" testName="CreateDefinition_ModelReturnsNullDefinition_ReturnsNull" computerName="DKSR-EFI-06" duration="00:00:00.0045609" startTime="2024-01-09T15:48:26.2702271+01:00" endTime="2024-01-09T15:48:26.2749560+01:00" testType="13cdc9d9-ddb5-4fa4-a97d-d965ccfc6d4b" outcome="Passed" testListId="8c84fa94-04c1-424b-9868-57a2d4851a1d" relativeResultsDirectory="9028dcaa-3056-4118-8bd4-576205add581" />
    <UnitTestResult executionId="11d833a8-38f5-4394-9920-8a30d285dec1" testId="7e7082ae-fc95-11b5-f109-06c5d9d16b4c" testName="Edit_Is_Enabled_When_Both_Update_And_Create_Rights_Present" computerName="DKSR-EFI-06" duration="00:00:00.0028771" startTime="2024-01-09T15:48:52.4587061+01:00" endTime="2024-01-09T15:48:52.4618232+01:00" testType="13cdc9d9-ddb5-4fa4-a97d-d965ccfc6d4b" outcome="Passed" testListId="8c84fa94-04c1-424b-9868-57a2d4851a1d" relativeResultsDirectory="11d833a8-38f5-4394-9920-8a30d285dec1" />
    <UnitTestResult executionId="88337e0c-1297-4d85-817e-82b2044d3ccc" testId="1947d432-ac4e-8ff4-6a61-109d18cd0bdb" testName="ConvertToNewLevel_OneLevelDown_Success" computerName="DKSR-EFI-06" duration="00:00:00.0001916" startTime="2024-01-09T15:48:43.6967245+01:00" endTime="2024-01-09T15:48:43.6970441+01:00" testType="13cdc9d9-ddb5-4fa4-a97d-d965ccfc6d4b" outcome="Passed" testListId="8c84fa94-04c1-424b-9868-57a2d4851a1d" relativeResultsDirectory="88337e0c-1297-4d85-817e-82b2044d3ccc" />
    <UnitTestResult executionId="4403eedd-b2cb-45b1-8b56-9744098162bd" testId="a62f73f0-335e-a678-1617-1f76a60aab0f" testName="TestConstructor_NormalParameters_Success" computerName="DKSR-EFI-06" duration="00:00:00.0004594" startTime="2024-01-09T15:47:41.7541755+01:00" endTime="2024-01-09T15:47:41.7547550+01:00" testType="13cdc9d9-ddb5-4fa4-a97d-d965ccfc6d4b" outcome="Passed" testListId="8c84fa94-04c1-424b-9868-57a2d4851a1d" relativeResultsDirectory="4403eedd-b2cb-45b1-8b56-9744098162bd" />
    <UnitTestResult executionId="8c07547d-c966-4407-a34c-8fd5ba1afaf4" testId="16850f24-a3f3-b035-b0b3-7c99490a9542" testName="CreateDefinition_FireMultipleSearchResultsInOneEvent_SearchFinishedWithResults" computerName="DKSR-EFI-06" duration="00:00:00.0062440" startTime="2024-01-09T15:48:26.3934418+01:00" endTime="2024-01-09T15:48:26.3998333+01:00" testType="13cdc9d9-ddb5-4fa4-a97d-d965ccfc6d4b" outcome="Passed" testListId="8c84fa94-04c1-424b-9868-57a2d4851a1d" relativeResultsDirectory="8c07547d-c966-4407-a34c-8fd5ba1afaf4" />
    <UnitTestResult executionId="35e33c50-65b1-4632-898e-ff7a1274b518" testId="0aa70671-374f-7770-8a94-a9ce6a48572f" testName="OnIsVisiblePropertyChanged_ShouldActivateSoundOfAllUnmutedMicrophones_WhenShowingMicrophonesLayer" computerName="DKSR-EFI-06" duration="00:00:00.0133298" startTime="2024-01-09T15:48:40.9975771+01:00" endTime="2024-01-09T15:48:41.0133524+01:00" testType="13cdc9d9-ddb5-4fa4-a97d-d965ccfc6d4b" outcome="Passed" testListId="8c84fa94-04c1-424b-9868-57a2d4851a1d" relativeResultsDirectory="35e33c50-65b1-4632-898e-ff7a1274b518" />
    <UnitTestResult executionId="06e0d680-d913-42c4-bc5a-15954696124c" testId="affa63ad-42e7-9452-c5a5-b0d4d8cb39a1" testName="Compare_Ascending_Success" computerName="DKSR-EFI-06" duration="00:00:00.0013900" startTime="2024-01-09T15:48:26.7770476+01:00" endTime="2024-01-09T15:48:26.7785671+01:00" testType="13cdc9d9-ddb5-4fa4-a97d-d965ccfc6d4b" outcome="Passed" testListId="8c84fa94-04c1-424b-9868-57a2d4851a1d" relativeResultsDirectory="06e0d680-d913-42c4-bc5a-15954696124c" />
    <UnitTestResult executionId="0a8ca264-1882-41ba-ac12-7748c7355dda" testId="451bffc0-3ae5-2acf-fc45-f7a1232d7fdf" testName="Constructor_ShouldRaiseArgumentNullException_WhenGisMapViewModelIsNull" computerName="DKSR-EFI-06" duration="00:00:00.0199720" startTime="2024-01-09T15:47:45.7490024+01:00" endTime="2024-01-09T15:47:45.7692844+01:00" testType="13cdc9d9-ddb5-4fa4-a97d-d965ccfc6d4b" outcome="Passed" testListId="8c84fa94-04c1-424b-9868-57a2d4851a1d" relativeResultsDirectory="0a8ca264-1882-41ba-ac12-7748c7355dda" />
    <UnitTestResult executionId="82ca5f76-aa49-4ee6-8e2a-81171af98182" testId="028566f8-b92e-8888-84dd-3fb5690b9d88" testName="TwoHours_Success" computerName="DKSR-EFI-06" duration="00:00:00.0003120" startTime="2024-01-09T15:48:26.1034865+01:00" endTime="2024-01-09T15:48:26.1040772+01:00" testType="13cdc9d9-ddb5-4fa4-a97d-d965ccfc6d4b" outcome="Passed" testListId="8c84fa94-04c1-424b-9868-57a2d4851a1d" relativeResultsDirectory="82ca5f76-aa49-4ee6-8e2a-81171af98182" />
    <UnitTestResult executionId="b706dd43-17fe-46aa-ba51-44e30de00319" testId="60bdbe1c-556f-ee06-0399-2842675c306a" testName="NavigateAndSelectAsync_SelectAdditionalCamera_ReCenterCommandEnabled" computerName="DKSR-EFI-06" duration="00:00:00.0243089" startTime="2024-01-09T15:47:45.6860551+01:00" endTime="2024-01-09T15:47:45.7131678+01:00" testType="13cdc9d9-ddb5-4fa4-a97d-d965ccfc6d4b" outcome="Passed" testListId="8c84fa94-04c1-424b-9868-57a2d4851a1d" relativeResultsDirectory="b706dd43-17fe-46aa-ba51-44e30de00319" />
    <UnitTestResult executionId="639775b2-3685-47c2-8a52-72e2b0a209c0" testId="99a87674-ee88-dca5-48a5-598cbe7cb43b" testName="Search_TokenCancelled_SearchCallNotDelegatedToSearchManager" computerName="DKSR-EFI-06" duration="00:00:00.0055119" startTime="2024-01-09T15:48:37.3576422+01:00" endTime="2024-01-09T15:48:37.3632905+01:00" testType="13cdc9d9-ddb5-4fa4-a97d-d965ccfc6d4b" outcome="Passed" testListId="8c84fa94-04c1-424b-9868-57a2d4851a1d" relativeResultsDirectory="639775b2-3685-47c2-8a52-72e2b0a209c0" />
    <UnitTestResult executionId="0011156d-e469-482d-a32d-711e3691c349" testId="691d68a9-645d-890d-6c67-c584c444916d" testName="SidePanelToggleButtonIsVisible_DependingOnConditions (FullScreen,True,False,False)" computerName="DKSR-EFI-06" duration="00:00:00.0161058" startTime="2024-01-09T15:48:44.7469875+01:00" endTime="2024-01-09T15:48:44.7633228+01:00" testType="13cdc9d9-ddb5-4fa4-a97d-d965ccfc6d4b" outcome="Passed" testListId="8c84fa94-04c1-424b-9868-57a2d4851a1d" relativeResultsDirectory="0011156d-e469-482d-a32d-711e3691c349" />
    <UnitTestResult executionId="75f0bc38-770b-4186-bc83-16f8a2e07b0b" testId="37ae04ae-6997-0ecf-07a1-64b6d7659569" testName="SearchResultsActionBarActions_Export_OptionStillAvailable_OtherExportOptionsUnavailable_NotVisible" computerName="DKSR-EFI-06" duration="00:00:00.0066431" startTime="2024-01-09T15:48:22.8734690+01:00" endTime="2024-01-09T15:48:22.8802916+01:00" testType="13cdc9d9-ddb5-4fa4-a97d-d965ccfc6d4b" outcome="Passed" testListId="8c84fa94-04c1-424b-9868-57a2d4851a1d" relativeResultsDirectory="75f0bc38-770b-4186-bc83-16f8a2e07b0b" />
    <UnitTestResult executionId="ed6e3bde-1767-4f01-bb76-1822457b57ba" testId="27664859-4d07-7aa6-2422-c69fa8d16b38" testName="Ctor_ValidParameterWithTimeZoneManager_Success" computerName="DKSR-EFI-06" duration="00:00:00.0222738" startTime="2024-01-09T15:48:23.8893389+01:00" endTime="2024-01-09T15:48:23.9118078+01:00" testType="13cdc9d9-ddb5-4fa4-a97d-d965ccfc6d4b" outcome="Passed" testListId="8c84fa94-04c1-424b-9868-57a2d4851a1d" relativeResultsDirectory="ed6e3bde-1767-4f01-bb76-1822457b57ba" />
    <UnitTestResult executionId="4adc77d0-aa58-4838-8472-592ba80ab53b" testId="c98efbf5-2f3d-50a2-5f38-9c6abe3c1c8e" testName="CreateDefinition_StartSearch_ExecutedAfterDelay" computerName="DKSR-EFI-06" duration="00:00:00.0133746" startTime="2024-01-09T15:48:26.3527165+01:00" endTime="2024-01-09T15:48:26.3662764+01:00" testType="13cdc9d9-ddb5-4fa4-a97d-d965ccfc6d4b" outcome="Passed" testListId="8c84fa94-04c1-424b-9868-57a2d4851a1d" relativeResultsDirectory="4adc77d0-aa58-4838-8472-592ba80ab53b" />
    <UnitTestResult executionId="3afd79ab-c7b8-4eb4-b86f-3aceac97dbf1" testId="8f59d74f-1387-b481-45ba-5b4638b6eca1" testName="ActiveInteractionStateBinding_ShouldOnlyContainNormal_WhenCtorIsCalled" computerName="DKSR-EFI-06" duration="00:00:00.0138136" startTime="2024-01-09T15:47:47.8273656+01:00" endTime="2024-01-09T15:47:47.8438815+01:00" testType="13cdc9d9-ddb5-4fa4-a97d-d965ccfc6d4b" outcome="Passed" testListId="8c84fa94-04c1-424b-9868-57a2d4851a1d" relativeResultsDirectory="3afd79ab-c7b8-4eb4-b86f-3aceac97dbf1" />
    <UnitTestResult executionId="239698d7-7abc-46c3-bc5d-ad6315263f68" testId="efa5e684-eb87-76bd-ab26-0cf3ca05e354" testName="AddToExportDevices_ShouldReturnCorrectResult (5,0,0)" computerName="DKSR-EFI-06" duration="00:00:00.0018428" startTime="2024-01-09T15:48:45.3946971+01:00" endTime="2024-01-09T15:48:45.3967110+01:00" testType="13cdc9d9-ddb5-4fa4-a97d-d965ccfc6d4b" outcome="Passed" testListId="8c84fa94-04c1-424b-9868-57a2d4851a1d" relativeResultsDirectory="239698d7-7abc-46c3-bc5d-ad6315263f68" />
    <UnitTestResult executionId="e679a71b-16fb-4d58-9297-b2b847ec0d35" testId="7487436c-f2c5-4df4-5b49-6474bc347b87" testName="PatrollingProfileViewModelTest_CreatePatrollingProfileViewModel_Success" computerName="DKSR-EFI-06" duration="00:00:00.0017788" startTime="2024-01-09T15:48:43.9006743+01:00" endTime="2024-01-09T15:48:43.9026069+01:00" testType="13cdc9d9-ddb5-4fa4-a97d-d965ccfc6d4b" outcome="Passed" testListId="8c84fa94-04c1-424b-9868-57a2d4851a1d" relativeResultsDirectory="e679a71b-16fb-4d58-9297-b2b847ec0d35" />
    <UnitTestResult executionId="1c4481f1-1477-4d35-9a9d-1529e7e610ad" testId="47579cf9-48ad-7878-45dc-383da1251400" testName="AddToExportTuples_ShouldReturnCorrectResult (0,0,5)" computerName="DKSR-EFI-06" duration="00:00:00.0040292" startTime="2024-01-09T15:48:45.3261805+01:00" endTime="2024-01-09T15:48:45.3304009+01:00" testType="13cdc9d9-ddb5-4fa4-a97d-d965ccfc6d4b" outcome="Passed" testListId="8c84fa94-04c1-424b-9868-57a2d4851a1d" relativeResultsDirectory="1c4481f1-1477-4d35-9a9d-1529e7e610ad" />
    <UnitTestResult executionId="ea4fabd7-5a59-4bdf-a436-f85379b4b102" testId="02e79180-7231-3946-3d30-86e386fbe7e5" testName="CreateExportDialog_CanSelectExportToOptics_WithOpticalDrivesPresent" computerName="DKSR-EFI-06" duration="00:00:00.0091543" startTime="2024-01-09T15:47:51.3446200+01:00" endTime="2024-01-09T15:47:51.3539449+01:00" testType="13cdc9d9-ddb5-4fa4-a97d-d965ccfc6d4b" outcome="Passed" testListId="8c84fa94-04c1-424b-9868-57a2d4851a1d" relativeResultsDirectory="ea4fabd7-5a59-4bdf-a436-f85379b4b102" />
    <UnitTestResult executionId="a5f08a22-0a06-45ee-823b-f540403a3571" testId="52626f5f-39de-9b23-4fa0-8fc2ec03293a" testName="Custom, forced" computerName="DKSR-EFI-06" duration="00:00:00.0055212" startTime="2024-01-09T15:47:51.4562000+01:00" endTime="2024-01-09T15:47:51.4619591+01:00" testType="13cdc9d9-ddb5-4fa4-a97d-d965ccfc6d4b" outcome="Passed" testListId="8c84fa94-04c1-424b-9868-57a2d4851a1d" relativeResultsDirectory="a5f08a22-0a06-45ee-823b-f540403a3571" />
    <UnitTestResult executionId="27fd3969-934f-4f4a-9cee-bc220b1933a6" testId="4c079a3c-32b1-18a2-0888-498e65e1e695" testName="AddSelectedCameras_TooManyCamerasMultiple_AddedUntilMaxAndWarningMessageDisplayed" computerName="DKSR-EFI-06" duration="00:00:00.0240682" startTime="2024-01-09T15:48:24.0030919+01:00" endTime="2024-01-09T15:48:24.0273447+01:00" testType="13cdc9d9-ddb5-4fa4-a97d-d965ccfc6d4b" outcome="Passed" testListId="8c84fa94-04c1-424b-9868-57a2d4851a1d" relativeResultsDirectory="27fd3969-934f-4f4a-9cee-bc220b1933a6" />
    <UnitTestResult executionId="b064c24f-9294-4046-9730-5db8e01ec421" testId="5ab62b20-54a2-c1ce-b77e-78e0928171bb" testName="AddToExportDevices_ShouldReturnCorrectResult (1,0,0)" computerName="DKSR-EFI-06" duration="00:00:00.0015037" startTime="2024-01-09T15:48:45.3772272+01:00" endTime="2024-01-09T15:48:45.3789085+01:00" testType="13cdc9d9-ddb5-4fa4-a97d-d965ccfc6d4b" outcome="Passed" testListId="8c84fa94-04c1-424b-9868-57a2d4851a1d" relativeResultsDirectory="b064c24f-9294-4046-9730-5db8e01ec421" />
    <UnitTestResult executionId="793016ab-58a0-4726-a292-a7af4c8cacee" testId="e671fc0c-9f3c-71e0-8b22-c4f68d735e7f" testName="GetServerTypes_ShouldReturnLogServiceType" computerName="DKSR-EFI-06" duration="00:00:00.0006982" startTime="2024-01-09T15:48:46.9657055+01:00" endTime="2024-01-09T15:48:46.9668565+01:00" testType="13cdc9d9-ddb5-4fa4-a97d-d965ccfc6d4b" outcome="Passed" testListId="8c84fa94-04c1-424b-9868-57a2d4851a1d" relativeResultsDirectory="793016ab-58a0-4726-a292-a7af4c8cacee" />
    <UnitTestResult executionId="41db573b-95e6-4599-84c4-8ebfa01bd462" testId="0e950736-8c33-6909-c85f-78e931c25e77" testName="TryAddInterval_ShouldReturnCorrectValue (True,True,Success)" computerName="DKSR-EFI-06" duration="00:00:00.0147379" startTime="2024-01-09T15:48:45.1514307+01:00" endTime="2024-01-09T15:48:45.1665353+01:00" testType="13cdc9d9-ddb5-4fa4-a97d-d965ccfc6d4b" outcome="Passed" testListId="8c84fa94-04c1-424b-9868-57a2d4851a1d" relativeResultsDirectory="41db573b-95e6-4599-84c4-8ebfa01bd462" />
    <UnitTestResult executionId="1ac83c2f-5c64-436c-887e-11678ba00957" testId="406cee59-f4cd-7984-c0a3-27cb754058dc" testName="ClipLength_ValueCorrect" computerName="DKSR-EFI-06" duration="00:00:00.0169694" startTime="2024-01-09T15:48:37.7182951+01:00" endTime="2024-01-09T15:48:37.7378390+01:00" testType="13cdc9d9-ddb5-4fa4-a97d-d965ccfc6d4b" outcome="Passed" testListId="8c84fa94-04c1-424b-9868-57a2d4851a1d" relativeResultsDirectory="1ac83c2f-5c64-436c-887e-11678ba00957" />
    <UnitTestResult executionId="1a447238-ae63-4302-931f-ef4758b6bd8c" testId="72855fe1-8be2-532b-4d86-61e95119c906" testName="PatrollingStepListViewModel_MoveStepUpExecute" computerName="DKSR-EFI-06" duration="00:00:00.0023713" startTime="2024-01-09T15:48:43.9702257+01:00" endTime="2024-01-09T15:48:43.9727339+01:00" testType="13cdc9d9-ddb5-4fa4-a97d-d965ccfc6d4b" outcome="Passed" testListId="8c84fa94-04c1-424b-9868-57a2d4851a1d" relativeResultsDirectory="1a447238-ae63-4302-931f-ef4758b6bd8c" />
    <UnitTestResult executionId="f480d828-d5d5-4c4c-9a5f-2ece65e52798" testId="dc5553ed-c8db-34b6-aa61-f33cd39a8ce9" testName="BoundingBoxBrowseTimeChangedTestOldData" computerName="DKSR-EFI-06" duration="00:00:00.0054327" startTime="2024-01-09T15:48:46.8367432+01:00" endTime="2024-01-09T15:48:46.8423331+01:00" testType="13cdc9d9-ddb5-4fa4-a97d-d965ccfc6d4b" outcome="Passed" testListId="8c84fa94-04c1-424b-9868-57a2d4851a1d" relativeResultsDirectory="f480d828-d5d5-4c4c-9a5f-2ece65e52798" />
    <UnitTestResult executionId="b0338d88-274f-4111-93f5-9368867a258d" testId="0ad4b394-46f3-87fb-eed4-e2c73091dff3" testName="OnMarkerRightClicked_ShouldLetMapLayerControlMenuItems_WhenMultipleItemsFromSameLayerAreSelected" computerName="DKSR-EFI-06" duration="00:00:00.0136072" startTime="2024-01-09T15:47:47.0630369+01:00" endTime="2024-01-09T15:47:47.0799103+01:00" testType="13cdc9d9-ddb5-4fa4-a97d-d965ccfc6d4b" outcome="Passed" testListId="8c84fa94-04c1-424b-9868-57a2d4851a1d" relativeResultsDirectory="b0338d88-274f-4111-93f5-9368867a258d" />
    <UnitTestResult executionId="0213fc57-21f2-4e72-abd6-43bc9cfdf527" testId="6e25d482-aece-59bc-9c5e-d67985d22dcc" testName="TryAddInterval_ShouldReturnCorrectValue (False,False,PermissionDenied)" computerName="DKSR-EFI-06" duration="00:00:00.0014063" startTime="2024-01-09T15:48:45.1715510+01:00" endTime="2024-01-09T15:48:45.1731234+01:00" testType="13cdc9d9-ddb5-4fa4-a97d-d965ccfc6d4b" outcome="Passed" testListId="8c84fa94-04c1-424b-9868-57a2d4851a1d" relativeResultsDirectory="0213fc57-21f2-4e72-abd6-43bc9cfdf527" />
    <UnitTestResult executionId="730d85c6-a6c5-4be2-8832-4f052a8bc28e" testId="7a5350b3-34d1-bd37-e8d8-d06d15c440d2" testName="ConvertToValidPath_WhenAllowDirectories_ConvertToValidPath" computerName="DKSR-EFI-06" duration="00:00:00.0005699" startTime="2024-01-09T15:48:51.5225742+01:00" endTime="2024-01-09T15:48:51.5233659+01:00" testType="13cdc9d9-ddb5-4fa4-a97d-d965ccfc6d4b" outcome="Passed" testListId="8c84fa94-04c1-424b-9868-57a2d4851a1d" relativeResultsDirectory="730d85c6-a6c5-4be2-8832-4f052a8bc28e" />
    <UnitTestResult executionId="2fd2fb30-60f4-4505-96ae-f4a89c4c7102" testId="87830711-b32c-2c47-4ef6-67875858e949" testName="EmptySearchResult_PropertiesCollection_IsEmpty" computerName="DKSR-EFI-06" duration="00:00:00.0168224" startTime="2024-01-09T15:48:10.3633830+01:00" endTime="2024-01-09T15:48:10.3833847+01:00" testType="13cdc9d9-ddb5-4fa4-a97d-d965ccfc6d4b" outcome="Passed" testListId="8c84fa94-04c1-424b-9868-57a2d4851a1d" relativeResultsDirectory="2fd2fb30-60f4-4505-96ae-f4a89c4c7102" />
    <UnitTestResult executionId="45193042-4a59-4a43-937c-d4f6f40ad59f" testId="8781c4e8-8f6b-fc4e-fad2-e4adb8260be9" testName="GetDeviceData_ShouldReturnDeviceData_WhenInputKindAndExistingInputId" computerName="DKSR-EFI-06" duration="00:00:00.0349496" startTime="2024-01-09T15:47:51.1384774+01:00" endTime="2024-01-09T15:47:51.1736272+01:00" testType="13cdc9d9-ddb5-4fa4-a97d-d965ccfc6d4b" outcome="Passed" testListId="8c84fa94-04c1-424b-9868-57a2d4851a1d" relativeResultsDirectory="45193042-4a59-4a43-937c-d4f6f40ad59f" />
    <UnitTestResult executionId="325aee1b-6c4c-4404-8201-38874874f3df" testId="62360bb2-0571-b412-04d5-fd14e8294ea1" testName="OnMarkerRightClicked_ShouldLetMapLayerControlMenuItems_WhenSingleMapItemSelected" computerName="DKSR-EFI-06" duration="00:00:00.3851710" startTime="2024-01-09T15:47:46.6745794+01:00" endTime="2024-01-09T15:47:47.0625476+01:00" testType="13cdc9d9-ddb5-4fa4-a97d-d965ccfc6d4b" outcome="Passed" testListId="8c84fa94-04c1-424b-9868-57a2d4851a1d" relativeResultsDirectory="325aee1b-6c4c-4404-8201-38874874f3df" />
    <UnitTestResult executionId="073744a6-a623-4ba9-aaef-464b789aaa08" testId="ff37e13a-ef96-a965-37b4-7e2b5b7bc7cd" testName="Ctor_NullPassedToNotNullParameters_Failure" computerName="DKSR-EFI-06" duration="00:00:00.0030366" startTime="2024-01-09T15:48:37.3457912+01:00" endTime="2024-01-09T15:48:37.3491066+01:00" testType="13cdc9d9-ddb5-4fa4-a97d-d965ccfc6d4b" outcome="Passed" testListId="8c84fa94-04c1-424b-9868-57a2d4851a1d" relativeResultsDirectory="073744a6-a623-4ba9-aaef-464b789aaa08" />
    <UnitTestResult executionId="07be319a-3213-410a-a831-451eea1c2bc6" testId="74b99f6c-f52d-e611-9fc2-7e56383e4299" testName="Parse_Custom_Success" computerName="DKSR-EFI-06" duration="00:00:00.0000879" startTime="2024-01-09T15:48:26.1139039+01:00" endTime="2024-01-09T15:48:26.1141083+01:00" testType="13cdc9d9-ddb5-4fa4-a97d-d965ccfc6d4b" outcome="Passed" testListId="8c84fa94-04c1-424b-9868-57a2d4851a1d" relativeResultsDirectory="07be319a-3213-410a-a831-451eea1c2bc6" />
    <UnitTestResult executionId="1b095982-931a-4c5c-9b5c-b1311d749709" testId="a0bf150c-e557-e095-022b-d649c58ba210" testName="Initialize_ShouldCreateAllCameraItems_WhenInitializedWithNonEmptyScope" computerName="DKSR-EFI-06" duration="00:00:00.0102738" startTime="2024-01-09T15:48:38.0659864+01:00" endTime="2024-01-09T15:48:38.0764361+01:00" testType="13cdc9d9-ddb5-4fa4-a97d-d965ccfc6d4b" outcome="Passed" testListId="8c84fa94-04c1-424b-9868-57a2d4851a1d" relativeResultsDirectory="1b095982-931a-4c5c-9b5c-b1311d749709" />
    <UnitTestResult executionId="c80cf750-5db4-4177-9163-63cf4f8f8491" testId="cf2bce97-0784-515c-e2f5-b39bb123cf9f" testName="Constructor_ShouldRaiseArgumentNullException_WhenWorkroomIsNull" computerName="DKSR-EFI-06" duration="00:00:00.0447087" startTime="2024-01-09T15:47:45.1768029+01:00" endTime="2024-01-09T15:47:45.2244706+01:00" testType="13cdc9d9-ddb5-4fa4-a97d-d965ccfc6d4b" outcome="Passed" testListId="8c84fa94-04c1-424b-9868-57a2d4851a1d" relativeResultsDirectory="c80cf750-5db4-4177-9163-63cf4f8f8491" />
    <UnitTestResult executionId="e51b225e-1adf-41ab-b039-9afc71085c13" testId="56ff3fa9-0890-e06e-62f8-d4c54f830dfc" testName="SearchTemplatesEnabled_SaveSearchesServerOptionIsTrue_ReturnsTrue" computerName="DKSR-EFI-06" duration="00:00:00.0062138" startTime="2024-01-09T15:48:25.2764847+01:00" endTime="2024-01-09T15:48:25.2828436+01:00" testType="13cdc9d9-ddb5-4fa4-a97d-d965ccfc6d4b" outcome="Passed" testListId="8c84fa94-04c1-424b-9868-57a2d4851a1d" relativeResultsDirectory="e51b225e-1adf-41ab-b039-9afc71085c13" />
    <UnitTestResult executionId="49c1e9f9-9dfd-483b-9efc-853d4b64004f" testId="d2bdec8a-ca9e-7ce3-8f9b-b4cc3a8ec042" testName="DrawItems_200KResultItems_Success" computerName="DKSR-EFI-06" duration="00:00:05.9890913" startTime="2024-01-09T15:48:12.8157060+01:00" endTime="2024-01-09T15:48:18.8088669+01:00" testType="13cdc9d9-ddb5-4fa4-a97d-d965ccfc6d4b" outcome="Passed" testListId="8c84fa94-04c1-424b-9868-57a2d4851a1d" relativeResultsDirectory="49c1e9f9-9dfd-483b-9efc-853d4b64004f" />
    <UnitTestResult executionId="1b892803-4367-4b74-b265-e6c120dea915" testId="4ad3fc13-c11a-f5b6-2594-d08a3607b0ec" testName="TestSaveMap_MapAndLayerChanges_Success" computerName="DKSR-EFI-06" duration="00:00:00.0404546" startTime="2024-01-09T15:48:40.3830714+01:00" endTime="2024-01-09T15:48:40.4237134+01:00" testType="13cdc9d9-ddb5-4fa4-a97d-d965ccfc6d4b" outcome="Passed" testListId="8c84fa94-04c1-424b-9868-57a2d4851a1d" relativeResultsDirectory="1b892803-4367-4b74-b265-e6c120dea915" />
    <UnitTestResult executionId="6f689032-ea84-45d4-866e-1ad23792f4e7" testId="d90a523b-e1ac-2a8a-dd1a-2b2e05a4e8cb" testName="UpdateItemSize_ItemSizeChangedAndEventFired" computerName="DKSR-EFI-06" duration="00:00:00.6926321" startTime="2024-01-09T15:48:03.8910801+01:00" endTime="2024-01-09T15:48:04.5866841+01:00" testType="13cdc9d9-ddb5-4fa4-a97d-d965ccfc6d4b" outcome="Passed" testListId="8c84fa94-04c1-424b-9868-57a2d4851a1d" relativeResultsDirectory="6f689032-ea84-45d4-866e-1ad23792f4e7" />
    <UnitTestResult executionId="d81fd7e6-5565-4697-8c0a-baafc8d4a58e" testId="23c3222c-43bf-12ab-6d71-69f32f727a99" testName="Constructor_ShouldCreateNewGenericClient_WhenPassedWithNotOldVersion" computerName="DKSR-EFI-06" duration="00:00:00.0035824" startTime="2024-01-09T15:47:41.1957037+01:00" endTime="2024-01-09T15:47:41.1996039+01:00" testType="13cdc9d9-ddb5-4fa4-a97d-d965ccfc6d4b" outcome="Passed" testListId="8c84fa94-04c1-424b-9868-57a2d4851a1d" relativeResultsDirectory="d81fd7e6-5565-4697-8c0a-baafc8d4a58e" />
    <UnitTestResult executionId="cdf155a2-5174-489c-b4da-5dc72d6501a9" testId="895eb9fc-2343-3650-d2d8-97e69df3493b" testName="RaiseUpdateMutedMicrophonesAsync_ShouldMutedMicrophones_WhenEventIsRaised" computerName="DKSR-EFI-06" duration="00:00:00.0141300" startTime="2024-01-09T15:48:39.9603580+01:00" endTime="2024-01-09T15:48:39.9746640+01:00" testType="13cdc9d9-ddb5-4fa4-a97d-d965ccfc6d4b" outcome="Passed" testListId="8c84fa94-04c1-424b-9868-57a2d4851a1d" relativeResultsDirectory="cdf155a2-5174-489c-b4da-5dc72d6501a9" />
    <UnitTestResult executionId="a9c43a0f-f1cd-4c84-94a5-7eefec323751" testId="d01a472c-8c79-6237-bbd9-99dcce00cbb8" testName="Constructor_ShouldThrowArgumentNullException_WhenStateManagerIsNull" computerName="DKSR-EFI-06" duration="00:00:00.0020269" startTime="2024-01-09T15:48:44.0607834+01:00" endTime="2024-01-09T15:48:44.0629530+01:00" testType="13cdc9d9-ddb5-4fa4-a97d-d965ccfc6d4b" outcome="Passed" testListId="8c84fa94-04c1-424b-9868-57a2d4851a1d" relativeResultsDirectory="a9c43a0f-f1cd-4c84-94a5-7eefec323751" />
    <UnitTestResult executionId="bb8ed4ac-fd10-4473-a799-49ec9ab0dd30" testId="8711fcc3-eab8-86a0-2ca3-46b7c717fdd4" testName="TestCreateMipTabWorkroom_workSpaceItemIsNull_FailWithArgumentNullException" computerName="DKSR-EFI-06" duration="00:00:00.0015494" startTime="2024-01-09T15:47:41.7551825+01:00" endTime="2024-01-09T15:47:41.7568650+01:00" testType="13cdc9d9-ddb5-4fa4-a97d-d965ccfc6d4b" outcome="Passed" testListId="8c84fa94-04c1-424b-9868-57a2d4851a1d" relativeResultsDirectory="bb8ed4ac-fd10-4473-a799-49ec9ab0dd30" />
    <UnitTestResult executionId="302816d8-4465-4967-aed5-f08c469486e2" testId="2d0e7e74-3dc2-b64e-e8df-81c281af4e3d" testName="SupportsRightClick_ShouldBeFalse_WhenInteractionStateIsNotNormal" computerName="DKSR-EFI-06" duration="00:00:00.0507104" startTime="2024-01-09T15:47:49.2302927+01:00" endTime="2024-01-09T15:47:49.2848165+01:00" testType="13cdc9d9-ddb5-4fa4-a97d-d965ccfc6d4b" outcome="Passed" testListId="8c84fa94-04c1-424b-9868-57a2d4851a1d" relativeResultsDirectory="302816d8-4465-4967-aed5-f08c469486e2" />
    <UnitTestResult executionId="5e65ad2e-6e6e-4d01-befd-f2288b968a34" testId="660d3fbc-11c9-2181-8c43-b82c5f6b1504" testName="Serialize_NothingToSerialize_Success" computerName="DKSR-EFI-06" duration="00:00:00.0012295" startTime="2024-01-09T15:48:26.7846716+01:00" endTime="2024-01-09T15:48:26.7862605+01:00" testType="13cdc9d9-ddb5-4fa4-a97d-d965ccfc6d4b" outcome="Passed" testListId="8c84fa94-04c1-424b-9868-57a2d4851a1d" relativeResultsDirectory="5e65ad2e-6e6e-4d01-befd-f2288b968a34" />
    <UnitTestResult executionId="961c48ff-42e4-44a1-81bb-7e26538e34f0" testId="8d3921c6-4c1a-b1d4-4584-3d6429a3707e" testName="DetermineUserAllowsUnsecureConnection_WhereUserIsAskedAndUnsecureIsAllow_ShouldReturnTrue" computerName="DKSR-EFI-06" duration="00:00:00.0003703" startTime="2024-01-09T15:47:41.2173449+01:00" endTime="2024-01-09T15:47:41.2183304+01:00" testType="13cdc9d9-ddb5-4fa4-a97d-d965ccfc6d4b" outcome="Passed" testListId="8c84fa94-04c1-424b-9868-57a2d4851a1d" relativeResultsDirectory="961c48ff-42e4-44a1-81bb-7e26538e34f0" />
    <UnitTestResult executionId="ae3ca41c-1510-48a0-8691-677064962623" testId="7a29bb4c-872a-7722-5bfa-4ff03f288d37" testName="GetWorkspaceToolbarItems_ShouldNotReturnGroupedToolbarItem_WhenPluginGroupIsNotSetInPluginDefinition" computerName="DKSR-EFI-06" duration="00:00:00.0546545" startTime="2024-01-09T15:48:44.2921675+01:00" endTime="2024-01-09T15:48:44.3470145+01:00" testType="13cdc9d9-ddb5-4fa4-a97d-d965ccfc6d4b" outcome="Passed" testListId="8c84fa94-04c1-424b-9868-57a2d4851a1d" relativeResultsDirectory="ae3ca41c-1510-48a0-8691-677064962623" />
    <UnitTestResult executionId="f065db19-bb2c-483d-9e17-fa6595385323" testId="2c1f07ec-ce8f-9b5e-788c-417096e2b9e1" testName="SupportsRightClick_ShouldBeFalse_WhenInteractionStateIsNotNormal" computerName="DKSR-EFI-06" duration="00:00:00.0079424" startTime="2024-01-09T15:47:47.4277276+01:00" endTime="2024-01-09T15:47:47.4381569+01:00" testType="13cdc9d9-ddb5-4fa4-a97d-d965ccfc6d4b" outcome="Passed" testListId="8c84fa94-04c1-424b-9868-57a2d4851a1d" relativeResultsDirectory="f065db19-bb2c-483d-9e17-fa6595385323" />
    <UnitTestResult executionId="be43f468-cb7a-4eb9-ab6a-c90876791420" testId="a786e6a0-7158-6a05-c54a-28647fb14bb7" testName="TestConstructor_windowManagerIsNull_FailWithArgumentNullException" computerName="DKSR-EFI-06" duration="00:00:00.0687082" startTime="2024-01-09T15:47:41.6778678+01:00" endTime="2024-01-09T15:47:41.7469917+01:00" testType="13cdc9d9-ddb5-4fa4-a97d-d965ccfc6d4b" outcome="Passed" testListId="8c84fa94-04c1-424b-9868-57a2d4851a1d" relativeResultsDirectory="be43f468-cb7a-4eb9-ab6a-c90876791420" />
    <UnitTestResult executionId="62374473-6ca4-4323-b71e-9a49482ad900" testId="cb87ae3f-127d-d533-f5f1-ec7b4f65cbcc" testName="SearchResultsActionBarActions_Export_OptionMediaPlayerAvailable_OtherExportOptionsUnavailable_NotVisible" computerName="DKSR-EFI-06" duration="00:00:00.0067023" startTime="2024-01-09T15:48:22.8661412+01:00" endTime="2024-01-09T15:48:22.8729982+01:00" testType="13cdc9d9-ddb5-4fa4-a97d-d965ccfc6d4b" outcome="Passed" testListId="8c84fa94-04c1-424b-9868-57a2d4851a1d" relativeResultsDirectory="62374473-6ca4-4323-b71e-9a49482ad900" />
    <UnitTestResult executionId="9c81ebd0-9137-4935-ab32-ec185a55aefc" testId="4c20bf32-144e-f991-5a67-7f381a38b0ef" testName="Search_SingleCategory_FiltersUpdatedInSubDefinition" computerName="DKSR-EFI-06" duration="00:00:00.0044807" startTime="2024-01-09T15:48:37.3907270+01:00" endTime="2024-01-09T15:48:37.3953467+01:00" testType="13cdc9d9-ddb5-4fa4-a97d-d965ccfc6d4b" outcome="Passed" testListId="8c84fa94-04c1-424b-9868-57a2d4851a1d" relativeResultsDirectory="9c81ebd0-9137-4935-ab32-ec185a55aefc" />
    <UnitTestResult executionId="2efb0d90-8e74-49b0-81ac-ba28cc2b03d1" testId="63fb96d5-d28e-59d8-da39-0b1d1307a3be" testName="ShouldReturnTrueWhenBuildingsChanged" computerName="DKSR-EFI-06" duration="00:00:00.0150832" startTime="2024-01-09T15:47:49.8463846+01:00" endTime="2024-01-09T15:47:49.8616051+01:00" testType="13cdc9d9-ddb5-4fa4-a97d-d965ccfc6d4b" outcome="Passed" testListId="8c84fa94-04c1-424b-9868-57a2d4851a1d" relativeResultsDirectory="2efb0d90-8e74-49b0-81ac-ba28cc2b03d1" />
    <UnitTestResult executionId="b96c8f29-440f-4954-8437-a557a2f386be" testId="d02f35d6-61fd-fd34-88f9-5255843d0782" testName="TestGetBuildingClient_WithBuildingSupport_Success" computerName="DKSR-EFI-06" duration="00:00:00.0075439" startTime="2024-01-09T15:48:43.0773963+01:00" endTime="2024-01-09T15:48:43.0852065+01:00" testType="13cdc9d9-ddb5-4fa4-a97d-d965ccfc6d4b" outcome="Passed" testListId="8c84fa94-04c1-424b-9868-57a2d4851a1d" relativeResultsDirectory="b96c8f29-440f-4954-8437-a557a2f386be" />
    <UnitTestResult executionId="aeb9de41-1d34-4b0c-a0a4-2dfdddef741d" testId="89935175-7a1b-8472-5162-947ab445be3b" testName="Constructor_ShouldRaiseArgumentException_WhenEventServerIdsIsEmpty" computerName="DKSR-EFI-06" duration="00:00:00.0004441" startTime="2024-01-09T15:48:52.8508782+01:00" endTime="2024-01-09T15:48:52.8514933+01:00" testType="13cdc9d9-ddb5-4fa4-a97d-d965ccfc6d4b" outcome="Passed" testListId="8c84fa94-04c1-424b-9868-57a2d4851a1d" relativeResultsDirectory="aeb9de41-1d34-4b0c-a0a4-2dfdddef741d" />
    <UnitTestResult executionId="ac8c5d69-8f8f-4421-a518-82180b04f315" testId="0dee4a37-8d38-ef6d-98a5-3e594bce7f88" testName="PTZArgsDto_ShouldYieldSameValues_WhenRoundTripConverted" computerName="DKSR-EFI-06" duration="00:00:00.0035074" startTime="2024-01-09T15:47:40.9956795+01:00" endTime="2024-01-09T15:47:40.9993022+01:00" testType="13cdc9d9-ddb5-4fa4-a97d-d965ccfc6d4b" outcome="Passed" testListId="8c84fa94-04c1-424b-9868-57a2d4851a1d" relativeResultsDirectory="ac8c5d69-8f8f-4421-a518-82180b04f315" />
    <UnitTestResult executionId="cdcd5b2c-5839-4569-962b-262479db2ade" testId="478d0236-e1c2-77c9-69c0-a72f12637e60" testName="BindingModelTitle_Matches_PluginInstanceTitle" computerName="DKSR-EFI-06" duration="00:00:00.0021915" startTime="2024-01-09T15:48:45.6056554+01:00" endTime="2024-01-09T15:48:45.6101268+01:00" testType="13cdc9d9-ddb5-4fa4-a97d-d965ccfc6d4b" outcome="Passed" testListId="8c84fa94-04c1-424b-9868-57a2d4851a1d" relativeResultsDirectory="cdcd5b2c-5839-4569-962b-262479db2ade" />
    <UnitTestResult executionId="d51fa6ed-056a-4c56-82d3-fc3080a8b891" testId="4fdd99bf-6905-0af0-30e5-6e050f489153" testName="Decorate_ShouldNotAddChildren_WhenThereAreNoLayersImplementingITitleToggleable" computerName="DKSR-EFI-06" duration="00:00:00.0007963" startTime="2024-01-09T15:47:45.9070404+01:00" endTime="2024-01-09T15:47:45.9079497+01:00" testType="13cdc9d9-ddb5-4fa4-a97d-d965ccfc6d4b" outcome="Passed" testListId="8c84fa94-04c1-424b-9868-57a2d4851a1d" relativeResultsDirectory="d51fa6ed-056a-4c56-82d3-fc3080a8b891" />
    <UnitTestResult executionId="3bf69027-6939-4672-acd8-db844af966e8" testId="973652a4-37ac-8c5a-9df8-ff32f79b8968" testName="DisplayErrorOnNotificationArea_InvalidAttributeSearchError_Success" computerName="DKSR-EFI-06" duration="00:00:00.0104524" startTime="2024-01-09T15:48:25.0945006+01:00" endTime="2024-01-09T15:48:25.1051088+01:00" testType="13cdc9d9-ddb5-4fa4-a97d-d965ccfc6d4b" outcome="Passed" testListId="8c84fa94-04c1-424b-9868-57a2d4851a1d" relativeResultsDirectory="3bf69027-6939-4672-acd8-db844af966e8" />
    <UnitTestResult executionId="2cc8afce-2bd2-43f4-a1d5-7bb2690cd9c7" testId="fde63fcf-969d-dfa6-38ad-696fd5d00bc2" testName="GetLayerFeatures_ShouldReturnInputLayerFeatures_WhenInputKind" computerName="DKSR-EFI-06" duration="00:00:00.0019646" startTime="2024-01-09T15:48:43.0353525+01:00" endTime="2024-01-09T15:48:43.0374584+01:00" testType="13cdc9d9-ddb5-4fa4-a97d-d965ccfc6d4b" outcome="Passed" testListId="8c84fa94-04c1-424b-9868-57a2d4851a1d" relativeResultsDirectory="2cc8afce-2bd2-43f4-a1d5-7bb2690cd9c7" />
    <UnitTestResult executionId="1bb2ec6b-8644-409a-9f64-630da95685ce" testId="a181eeb7-1c31-8890-a7e0-69f2adb601a4" testName="GetClusters_ShouldMergeSimpleClustersToSuperCluster_WhenZoomingOut" computerName="DKSR-EFI-06" duration="00:00:00.0039169" startTime="2024-01-09T15:48:43.7765000+01:00" endTime="2024-01-09T15:48:43.7806559+01:00" testType="13cdc9d9-ddb5-4fa4-a97d-d965ccfc6d4b" outcome="Passed" testListId="8c84fa94-04c1-424b-9868-57a2d4851a1d" relativeResultsDirectory="1bb2ec6b-8644-409a-9f64-630da95685ce" />
    <UnitTestResult executionId="2769f5f7-9214-4b44-a0a4-24f70b96e586" testId="d697ec40-0cdc-2a97-6199-7cace147591a" testName="FindSearchTemplatesAsync_Fails_Success" computerName="DKSR-EFI-06" duration="00:00:00.0026313" startTime="2024-01-09T15:48:26.0919557+01:00" endTime="2024-01-09T15:48:26.0947256+01:00" testType="13cdc9d9-ddb5-4fa4-a97d-d965ccfc6d4b" outcome="Passed" testListId="8c84fa94-04c1-424b-9868-57a2d4851a1d" relativeResultsDirectory="2769f5f7-9214-4b44-a0a4-24f70b96e586" />
    <UnitTestResult executionId="7df7558f-b1cb-4c06-a0ac-74c228cd8e4e" testId="55521edb-a4b7-bc99-96a2-4a68c93fc884" testName="BoundingBoxInvalidData" computerName="DKSR-EFI-06" duration="00:00:00.4926106" startTime="2024-01-09T15:48:46.2905535+01:00" endTime="2024-01-09T15:48:46.7834071+01:00" testType="13cdc9d9-ddb5-4fa4-a97d-d965ccfc6d4b" outcome="Passed" testListId="8c84fa94-04c1-424b-9868-57a2d4851a1d" relativeResultsDirectory="7df7558f-b1cb-4c06-a0ac-74c228cd8e4e" />
    <UnitTestResult executionId="4c17f9f2-c7fb-4429-87d2-ac7e9e500812" testId="0ea16923-06ad-6887-3f6e-aa5fa78ff65a" testName="GetOsmServerAddress_ShouldRaiseArgumentNullException_WhenOptionManagerIsNull" computerName="DKSR-EFI-06" duration="00:00:00.0004641" startTime="2024-01-09T15:48:43.0110879+01:00" endTime="2024-01-09T15:48:43.0117132+01:00" testType="13cdc9d9-ddb5-4fa4-a97d-d965ccfc6d4b" outcome="Passed" testListId="8c84fa94-04c1-424b-9868-57a2d4851a1d" relativeResultsDirectory="4c17f9f2-c7fb-4429-87d2-ac7e9e500812" />
    <UnitTestResult executionId="79b99eb5-e184-49ff-9939-23792877e683" testId="58078e76-fc8c-090d-f603-a4db3d83abcc" testName="MicrophoneItemsMapLayer_Load_Save_DataIsSame" computerName="DKSR-EFI-06" duration="00:00:00.0096077" startTime="2024-01-09T15:48:38.8458853+01:00" endTime="2024-01-09T15:48:38.8556482+01:00" testType="13cdc9d9-ddb5-4fa4-a97d-d965ccfc6d4b" outcome="Passed" testListId="8c84fa94-04c1-424b-9868-57a2d4851a1d" relativeResultsDirectory="79b99eb5-e184-49ff-9939-23792877e683" />
    <UnitTestResult executionId="a746f419-5603-4374-a5f6-8a1429548023" testId="b7095fa5-4f07-bfb6-a358-0338e32383f9" testName="MapCameraIcons_WhenPinkOemResource_ShouldReturnTenIcons" computerName="DKSR-EFI-06" duration="00:00:00.0288628" startTime="2024-01-09T15:48:50.6495460+01:00" endTime="2024-01-09T15:48:50.6785818+01:00" testType="13cdc9d9-ddb5-4fa4-a97d-d965ccfc6d4b" outcome="Passed" testListId="8c84fa94-04c1-424b-9868-57a2d4851a1d" relativeResultsDirectory="a746f419-5603-4374-a5f6-8a1429548023" />
    <UnitTestResult executionId="d6f4df08-a16e-431c-8553-5115f8c046df" testId="5304ef5f-6f68-f464-023c-0e8f2792256b" testName="Command_WithNullActivateResult_PluginInstanceActivatedCalled" computerName="DKSR-EFI-06" duration="00:00:00.0026319" startTime="2024-01-09T15:48:23.5704272+01:00" endTime="2024-01-09T15:48:23.5732019+01:00" testType="13cdc9d9-ddb5-4fa4-a97d-d965ccfc6d4b" outcome="Passed" testListId="8c84fa94-04c1-424b-9868-57a2d4851a1d" relativeResultsDirectory="d6f4df08-a16e-431c-8553-5115f8c046df" />
    <UnitTestResult executionId="7183a1df-c08a-45de-ace1-f979365569e4" testId="2a89a08d-dc4f-9b66-c54a-43d74ab324c2" testName="TrySelectAvailableExportNameTest_ShouldReturnValidationResultOk_WhenEverythingIsOk" computerName="DKSR-EFI-06" duration="00:00:00.0004835" startTime="2024-01-09T15:48:46.8759775+01:00" endTime="2024-01-09T15:48:46.8766131+01:00" testType="13cdc9d9-ddb5-4fa4-a97d-d965ccfc6d4b" outcome="Passed" testListId="8c84fa94-04c1-424b-9868-57a2d4851a1d" relativeResultsDirectory="7183a1df-c08a-45de-ace1-f979365569e4" />
    <UnitTestResult executionId="377bf522-93ec-435c-80ad-a14e96a99519" testId="c98d87e1-2599-14ad-dad8-186cb5a68eb4" testName="TestUpdateState_NotLoggedIn" computerName="DKSR-EFI-06" duration="00:00:00.0092274" startTime="2024-01-09T15:48:45.6617870+01:00" endTime="2024-01-09T15:48:45.6713258+01:00" testType="13cdc9d9-ddb5-4fa4-a97d-d965ccfc6d4b" outcome="Passed" testListId="8c84fa94-04c1-424b-9868-57a2d4851a1d" relativeResultsDirectory="377bf522-93ec-435c-80ad-a14e96a99519" />
    <UnitTestResult executionId="a3fe5c92-62bd-4345-88d4-51ee034fee97" testId="e0f9e943-40a9-c69d-3157-2bda05edf6aa" testName="TestTaskUpdate" computerName="DKSR-EFI-06" duration="00:00:00.0333323" startTime="2024-01-09T15:48:45.0511656+01:00" endTime="2024-01-09T15:48:45.0847221+01:00" testType="13cdc9d9-ddb5-4fa4-a97d-d965ccfc6d4b" outcome="Passed" testListId="8c84fa94-04c1-424b-9868-57a2d4851a1d" relativeResultsDirectory="a3fe5c92-62bd-4345-88d4-51ee034fee97" />
    <UnitTestResult executionId="3e872071-3775-4331-a709-3204c5cdec1f" testId="f5d9ddfe-7809-e6c0-f589-d7f4a1e2a8af" testName="Compare_SameTriggerTimeDeterministicBehavior_Id_Success" computerName="DKSR-EFI-06" duration="00:00:00.0006154" startTime="2024-01-09T15:48:26.7808186+01:00" endTime="2024-01-09T15:48:26.7815646+01:00" testType="13cdc9d9-ddb5-4fa4-a97d-d965ccfc6d4b" outcome="Passed" testListId="8c84fa94-04c1-424b-9868-57a2d4851a1d" relativeResultsDirectory="3e872071-3775-4331-a709-3204c5cdec1f" />
    <UnitTestResult executionId="831c8ade-55dd-4cd0-961f-5e5898230c08" testId="b0e10c91-c024-4a15-62c7-840e030250c4" testName="GetMutedMicrophoneIconId_ShouldRaiseArgumentException_WhenArgumentIsNotAUnmutedMicrophoneIconId" computerName="DKSR-EFI-06" duration="00:00:00.0003527" startTime="2024-01-09T15:48:40.8213670+01:00" endTime="2024-01-09T15:48:40.8218788+01:00" testType="13cdc9d9-ddb5-4fa4-a97d-d965ccfc6d4b" outcome="Passed" testListId="8c84fa94-04c1-424b-9868-57a2d4851a1d" relativeResultsDirectory="831c8ade-55dd-4cd0-961f-5e5898230c08" />
    <UnitTestResult executionId="f14b5edd-eb64-4731-ac97-10130f3f045f" testId="c3727fbd-7b27-2b58-8aac-80b9993febce" testName="OutputMapItem_ForceActivateAsync_InBuilding_MapLayerHidden_Success" computerName="DKSR-EFI-06" duration="00:00:00.0100013" startTime="2024-01-09T15:48:41.7179693+01:00" endTime="2024-01-09T15:48:41.7281333+01:00" testType="13cdc9d9-ddb5-4fa4-a97d-d965ccfc6d4b" outcome="Passed" testListId="8c84fa94-04c1-424b-9868-57a2d4851a1d" relativeResultsDirectory="f14b5edd-eb64-4731-ac97-10130f3f045f" />
    <UnitTestResult executionId="80e988df-1a3f-4942-b7bd-a7c42b28b543" testId="ac48ab08-0586-5064-3572-983965e5b6b6" testName="ActiveInteractionStateBinding_ShouldNotBeNull_WhenCtorIsCalled" computerName="DKSR-EFI-06" duration="00:00:00.0555452" startTime="2024-01-09T15:47:48.1429378+01:00" endTime="2024-01-09T15:47:48.2016746+01:00" testType="13cdc9d9-ddb5-4fa4-a97d-d965ccfc6d4b" outcome="Passed" testListId="8c84fa94-04c1-424b-9868-57a2d4851a1d" relativeResultsDirectory="80e988df-1a3f-4942-b7bd-a7c42b28b543" />
    <UnitTestResult executionId="4e9e424e-507a-4a24-ada1-1ee79b5a84de" testId="9aeccaa7-2271-ee00-99ac-96f3fa1164be" testName="SetMapItemCluster_ShouldSetIcon_WhenNotSuperClusterAndNotCamera" computerName="DKSR-EFI-06" duration="00:00:00.0298158" startTime="2024-01-09T15:47:49.0253601+01:00" endTime="2024-01-09T15:47:49.0582324+01:00" testType="13cdc9d9-ddb5-4fa4-a97d-d965ccfc6d4b" outcome="Passed" testListId="8c84fa94-04c1-424b-9868-57a2d4851a1d" relativeResultsDirectory="4e9e424e-507a-4a24-ada1-1ee79b5a84de" />
    <UnitTestResult executionId="8fa24781-cf73-4f4b-9bec-e476a7081fe9" testId="3c6da4f1-e15b-e209-7afc-b41a7ac6ff10" testName="AuthType_ShouldReturnNegotiate_WhenConstructedUsingWindowsDefault" computerName="DKSR-EFI-06" duration="00:00:00.0002206" startTime="2024-01-09T15:47:43.3543284+01:00" endTime="2024-01-09T15:47:43.3547377+01:00" testType="13cdc9d9-ddb5-4fa4-a97d-d965ccfc6d4b" outcome="Passed" testListId="8c84fa94-04c1-424b-9868-57a2d4851a1d" relativeResultsDirectory="8fa24781-cf73-4f4b-9bec-e476a7081fe9" />
    <UnitTestResult executionId="6a7d3b69-ad04-4cb5-a459-7ffa7c9abf7b" testId="776120a9-8caa-dd82-0111-de02703fa844" testName="ImageMaskDto_ShouldYieldSameValues_WhenRoundTripConverted" computerName="DKSR-EFI-06" duration="00:00:00.0015015" startTime="2024-01-09T15:47:40.9796348+01:00" endTime="2024-01-09T15:47:40.9812470+01:00" testType="13cdc9d9-ddb5-4fa4-a97d-d965ccfc6d4b" outcome="Passed" testListId="8c84fa94-04c1-424b-9868-57a2d4851a1d" relativeResultsDirectory="6a7d3b69-ad04-4cb5-a459-7ffa7c9abf7b" />
    <UnitTestResult executionId="1101a397-398a-4336-97c5-0cf18118b7b8" testId="305136ec-e536-ca06-24de-c6336ceb8a55" testName="DeleteMapItems_ShouldReturnTrue_WhenUserAcknowledgesDeletionOfMultipleItems" computerName="DKSR-EFI-06" duration="00:00:00.0032206" startTime="2024-01-09T15:48:40.7672464+01:00" endTime="2024-01-09T15:48:40.7706130+01:00" testType="13cdc9d9-ddb5-4fa4-a97d-d965ccfc6d4b" outcome="Passed" testListId="8c84fa94-04c1-424b-9868-57a2d4851a1d" relativeResultsDirectory="1101a397-398a-4336-97c5-0cf18118b7b8" />
    <UnitTestResult executionId="4e7ceb33-f78b-4198-8c9f-11fda49c48b9" testId="8b87f0b1-f144-8df8-ff9c-dd082dee0789" testName="False" computerName="DKSR-EFI-06" duration="00:00:00.0008093" startTime="2024-01-09T15:48:45.6318430+01:00" endTime="2024-01-09T15:48:45.6348702+01:00" testType="13cdc9d9-ddb5-4fa4-a97d-d965ccfc6d4b" outcome="Passed" testListId="8c84fa94-04c1-424b-9868-57a2d4851a1d" relativeResultsDirectory="4e7ceb33-f78b-4198-8c9f-11fda49c48b9" />
    <UnitTestResult executionId="88c08b97-65f0-428d-8905-fff50686fd11" testId="db58b9a0-b265-e010-375f-3c8e68defc73" testName="GetUserOptions_ShouldNotDecryptOptions_WhenServerIs2020R3OrNewer" computerName="DKSR-EFI-06" duration="00:00:00.0019817" startTime="2024-01-09T15:48:45.5832048+01:00" endTime="2024-01-09T15:48:45.5853576+01:00" testType="13cdc9d9-ddb5-4fa4-a97d-d965ccfc6d4b" outcome="Passed" testListId="8c84fa94-04c1-424b-9868-57a2d4851a1d" relativeResultsDirectory="88c08b97-65f0-428d-8905-fff50686fd11" />
    <UnitTestResult executionId="e2ee4929-a3b9-4b52-9772-a856554d4b5a" testId="78da3d90-e186-2eb8-9d50-1ad80ad9921b" testName="Direction_XPCO_SC_RoundtripTransform_Success" computerName="DKSR-EFI-06" duration="00:00:00.0024084" startTime="2024-01-09T15:48:38.6419119+01:00" endTime="2024-01-09T15:48:38.6444655+01:00" testType="13cdc9d9-ddb5-4fa4-a97d-d965ccfc6d4b" outcome="Passed" testListId="8c84fa94-04c1-424b-9868-57a2d4851a1d" relativeResultsDirectory="e2ee4929-a3b9-4b52-9772-a856554d4b5a" />
    <UnitTestResult executionId="07c4b7d6-a7e1-45a8-8f49-e5641f1108f2" testId="2be8ff91-530a-56da-c98c-d25f9ef28970" testName="CanMoreRegionsBeAdded_ShouldReturnTrue_WhenMaximumRegionsAllowedIsNotReached" computerName="DKSR-EFI-06" duration="00:00:00.0008143" startTime="2024-01-09T15:48:38.1025093+01:00" endTime="2024-01-09T15:48:38.1034961+01:00" testType="13cdc9d9-ddb5-4fa4-a97d-d965ccfc6d4b" outcome="Passed" testListId="8c84fa94-04c1-424b-9868-57a2d4851a1d" relativeResultsDirectory="07c4b7d6-a7e1-45a8-8f49-e5641f1108f2" />
    <UnitTestResult executionId="69313656-8ab0-4585-8bd5-a81b37dc9fd5" testId="b13c73e0-3d5f-8cb8-a883-f65f02f74154" testName="TestConstructor_OuterRing_Success" computerName="DKSR-EFI-06" duration="00:00:00.0001749" startTime="2024-01-09T15:48:39.8571253+01:00" endTime="2024-01-09T15:48:39.8574237+01:00" testType="13cdc9d9-ddb5-4fa4-a97d-d965ccfc6d4b" outcome="Passed" testListId="8c84fa94-04c1-424b-9868-57a2d4851a1d" relativeResultsDirectory="69313656-8ab0-4585-8bd5-a81b37dc9fd5" />
    <UnitTestResult executionId="8cc0f934-c5f8-49d1-942d-e98f5020e1fa" testId="f16a12ad-889f-384d-d0eb-cbbdfad076fe" testName="TestMultipleTaskUpdate" computerName="DKSR-EFI-06" duration="00:00:00.0139240" startTime="2024-01-09T15:48:45.0938889+01:00" endTime="2024-01-09T15:48:45.1079992+01:00" testType="13cdc9d9-ddb5-4fa4-a97d-d965ccfc6d4b" outcome="Passed" testListId="8c84fa94-04c1-424b-9868-57a2d4851a1d" relativeResultsDirectory="8cc0f934-c5f8-49d1-942d-e98f5020e1fa" />
    <UnitTestResult executionId="3d1a5b44-ad26-407e-8c87-044760338804" testId="95782b76-412a-a409-a816-e93155ca7714" testName="ResultTick_MouseClick_FirstItemSelected" computerName="DKSR-EFI-06" duration="00:00:00.0390214" startTime="2024-01-09T15:48:12.7079584+01:00" endTime="2024-01-09T15:48:12.7497092+01:00" testType="13cdc9d9-ddb5-4fa4-a97d-d965ccfc6d4b" outcome="Passed" testListId="8c84fa94-04c1-424b-9868-57a2d4851a1d" relativeResultsDirectory="3d1a5b44-ad26-407e-8c87-044760338804" />
    <UnitTestResult executionId="6e499952-b1e4-4345-b5e0-bb965416006d" testId="a2d013ca-7402-4f94-4ab9-860cc766f7d2" testName="SearchCriteriaOnChanged_ShouldUpdateRegionSelectionFilterValue_WhenCameraScopeIsUpdated" computerName="DKSR-EFI-06" duration="00:00:00.0027287" startTime="2024-01-09T15:48:26.7163594+01:00" endTime="2024-01-09T15:48:26.7192313+01:00" testType="13cdc9d9-ddb5-4fa4-a97d-d965ccfc6d4b" outcome="Passed" testListId="8c84fa94-04c1-424b-9868-57a2d4851a1d" relativeResultsDirectory="6e499952-b1e4-4345-b5e0-bb965416006d" />
    <UnitTestResult executionId="7cc0de79-88ce-45e1-be10-92a56507b5a3" testId="855e6bd6-0b07-1dab-aa8f-031499a76818" testName="Valid password exact length" computerName="DKSR-EFI-06" duration="00:00:00.0000969" startTime="2024-01-09T15:47:52.2206353+01:00" endTime="2024-01-09T15:47:52.2208516+01:00" testType="13cdc9d9-ddb5-4fa4-a97d-d965ccfc6d4b" outcome="Passed" testListId="8c84fa94-04c1-424b-9868-57a2d4851a1d" relativeResultsDirectory="7cc0de79-88ce-45e1-be10-92a56507b5a3" />
    <UnitTestResult executionId="64de99ea-cf50-454f-a0e6-3190055323d1" testId="1131d610-fdb8-bf14-5dd7-5607c21d80e3" testName="Search_SortOrderSpecified_Success" computerName="DKSR-EFI-06" duration="00:00:00.0050317" startTime="2024-01-09T15:48:37.4349194+01:00" endTime="2024-01-09T15:48:37.4401098+01:00" testType="13cdc9d9-ddb5-4fa4-a97d-d965ccfc6d4b" outcome="Passed" testListId="8c84fa94-04c1-424b-9868-57a2d4851a1d" relativeResultsDirectory="64de99ea-cf50-454f-a0e6-3190055323d1" />
    <UnitTestResult executionId="61aba3cb-180c-4bd9-86b7-27bcf72191a9" testId="3355c355-6b0a-3812-de70-8d7a8a005906" testName="TestWriteXml" computerName="DKSR-EFI-06" duration="00:00:00.0005258" startTime="2024-01-09T15:48:46.0107879+01:00" endTime="2024-01-09T15:48:46.0114495+01:00" testType="13cdc9d9-ddb5-4fa4-a97d-d965ccfc6d4b" outcome="Passed" testListId="8c84fa94-04c1-424b-9868-57a2d4851a1d" relativeResultsDirectory="61aba3cb-180c-4bd9-86b7-27bcf72191a9" />
    <UnitTestResult executionId="9e2fc58e-5a2d-4b17-a78e-d19a3c5a21d3" testId="86d2f9a3-cd73-6e30-e154-d9542034e978" testName="InitializeTokenException_ShouldThrow_WhenErrorOutOfRangeHigh" computerName="DKSR-EFI-06" duration="00:00:00.0002400" startTime="2024-01-09T15:48:51.4149799+01:00" endTime="2024-01-09T15:48:51.4153846+01:00" testType="13cdc9d9-ddb5-4fa4-a97d-d965ccfc6d4b" outcome="Passed" testListId="8c84fa94-04c1-424b-9868-57a2d4851a1d" relativeResultsDirectory="9e2fc58e-5a2d-4b17-a78e-d19a3c5a21d3" />
    <UnitTestResult executionId="66687b6b-b02b-4ab0-98a6-8be40c03e783" testId="c78705d8-4e54-e5cc-d7aa-358b1af77cf7" testName="ValueWithFallbackConverterTests_Ctor_Success" computerName="DKSR-EFI-06" duration="00:00:00.0002901" startTime="2024-01-09T15:48:10.3584204+01:00" endTime="2024-01-09T15:48:10.3589394+01:00" testType="13cdc9d9-ddb5-4fa4-a97d-d965ccfc6d4b" outcome="Passed" testListId="8c84fa94-04c1-424b-9868-57a2d4851a1d" relativeResultsDirectory="66687b6b-b02b-4ab0-98a6-8be40c03e783" />
    <UnitTestResult executionId="afa8c7ed-b062-403f-acef-8027c1dc9a7c" testId="06d7b27d-6e66-2e53-04a1-64a9308dafcb" testName="HandleGetDeviceData_ShouldReturnCameraData_WhenCameraKindAndExistingCameraId" computerName="DKSR-EFI-06" duration="00:00:00.1713019" startTime="2024-01-09T15:47:50.5396783+01:00" endTime="2024-01-09T15:47:50.7111543+01:00" testType="13cdc9d9-ddb5-4fa4-a97d-d965ccfc6d4b" outcome="Passed" testListId="8c84fa94-04c1-424b-9868-57a2d4851a1d" relativeResultsDirectory="afa8c7ed-b062-403f-acef-8027c1dc9a7c" />
    <UnitTestResult executionId="05407a0c-3950-4ca9-bd97-3605a4f60039" testId="90ade623-c933-13b0-3f87-d92db5a5c117" testName="Parse_SixHours_Success" computerName="DKSR-EFI-06" duration="00:00:00.0000996" startTime="2024-01-09T15:48:26.1104444+01:00" endTime="2024-01-09T15:48:26.1106771+01:00" testType="13cdc9d9-ddb5-4fa4-a97d-d965ccfc6d4b" outcome="Passed" testListId="8c84fa94-04c1-424b-9868-57a2d4851a1d" relativeResultsDirectory="05407a0c-3950-4ca9-bd97-3605a4f60039" />
    <UnitTestResult executionId="f01178ca-acf7-4685-b9dc-8d8f456a8982" testId="861f7062-4b72-e737-65a5-00e91edfb64b" testName="AddToExportDevices_ShouldReturnCorrectResult (1,0,1)" computerName="DKSR-EFI-06" duration="00:00:00.0019348" startTime="2024-01-09T15:48:45.3870226+01:00" endTime="2024-01-09T15:48:45.3892024+01:00" testType="13cdc9d9-ddb5-4fa4-a97d-d965ccfc6d4b" outcome="Passed" testListId="8c84fa94-04c1-424b-9868-57a2d4851a1d" relativeResultsDirectory="f01178ca-acf7-4685-b9dc-8d8f456a8982" />
    <UnitTestResult executionId="0636fbd5-71f6-41ed-82c9-a0b318573060" testId="dfc99105-842d-994d-413a-71febf5a5573" testName="False" computerName="DKSR-EFI-06" duration="00:00:00.0006642" startTime="2024-01-09T15:48:45.6192928+01:00" endTime="2024-01-09T15:48:45.6221156+01:00" testType="13cdc9d9-ddb5-4fa4-a97d-d965ccfc6d4b" outcome="Passed" testListId="8c84fa94-04c1-424b-9868-57a2d4851a1d" relativeResultsDirectory="0636fbd5-71f6-41ed-82c9-a0b318573060" />
    <UnitTestResult executionId="40925876-ebfa-4fbb-a8d1-421a44c1aa14" testId="8a8e4fe8-cc44-1592-1359-5f4e8b98044b" testName="TestCreateWorkroom_Single_Success" computerName="DKSR-EFI-06" duration="00:00:00.0097156" startTime="2024-01-09T15:47:42.7065771+01:00" endTime="2024-01-09T15:47:42.7164862+01:00" testType="13cdc9d9-ddb5-4fa4-a97d-d965ccfc6d4b" outcome="Passed" testListId="8c84fa94-04c1-424b-9868-57a2d4851a1d" relativeResultsDirectory="40925876-ebfa-4fbb-a8d1-421a44c1aa14" />
    <UnitTestResult executionId="3d5f44d3-6a9f-46f7-aa9e-8d56eff90bb5" testId="64c5fa93-8c90-e61b-c74e-24c3a14c685e" testName="HandleGetDeviceData_ShouldReturnNotFoundDeviceData_WhenNotSupportedKind" computerName="DKSR-EFI-06" duration="00:00:00.0320320" startTime="2024-01-09T15:47:50.7477892+01:00" endTime="2024-01-09T15:47:50.7800084+01:00" testType="13cdc9d9-ddb5-4fa4-a97d-d965ccfc6d4b" outcome="Passed" testListId="8c84fa94-04c1-424b-9868-57a2d4851a1d" relativeResultsDirectory="3d5f44d3-6a9f-46f7-aa9e-8d56eff90bb5" />
    <UnitTestResult executionId="bdc353d8-e7dd-4bf6-97e4-c1ceaae36775" testId="332d7c0b-99e9-8913-1359-6d2df137b355" testName="TestForAssemblyCoverage" computerName="DKSR-EFI-06" duration="00:00:00.0097133" startTime="2024-01-09T15:47:43.4676540+01:00" endTime="2024-01-09T15:47:43.4775873+01:00" testType="13cdc9d9-ddb5-4fa4-a97d-d965ccfc6d4b" outcome="Passed" testListId="8c84fa94-04c1-424b-9868-57a2d4851a1d" relativeResultsDirectory="bdc353d8-e7dd-4bf6-97e4-c1ceaae36775" />
    <UnitTestResult executionId="25bbece7-3571-4094-a401-a69a71f66b99" testId="1b215d44-dc60-3855-41b7-391caaf25646" testName="PatrollingProfileViewModelTest_Save_UpdateProfile" computerName="DKSR-EFI-06" duration="00:00:00.0030803" startTime="2024-01-09T15:48:43.9314268+01:00" endTime="2024-01-09T15:48:43.9346543+01:00" testType="13cdc9d9-ddb5-4fa4-a97d-d965ccfc6d4b" outcome="Passed" testListId="8c84fa94-04c1-424b-9868-57a2d4851a1d" relativeResultsDirectory="25bbece7-3571-4094-a401-a69a71f66b99" />
    <UnitTestResult executionId="35c50fcb-75f7-42d3-822c-d18a8fc1dc28" testId="ba697472-1eee-6276-10b8-517f33455021" testName="SmartWallButtonHidden_WhenNotInSmartWallView" computerName="DKSR-EFI-06" duration="00:00:00.0153759" startTime="2024-01-09T15:48:44.6754031+01:00" endTime="2024-01-09T15:48:44.6909544+01:00" testType="13cdc9d9-ddb5-4fa4-a97d-d965ccfc6d4b" outcome="Passed" testListId="8c84fa94-04c1-424b-9868-57a2d4851a1d" relativeResultsDirectory="35c50fcb-75f7-42d3-822c-d18a8fc1dc28" />
    <UnitTestResult executionId="b1c3ba19-6b47-49aa-afcd-296d9124ca4e" testId="fc8ab86d-a099-7d02-2f3d-3dc65e5166d3" testName="Not forced" computerName="DKSR-EFI-06" duration="00:00:00.0054047" startTime="2024-01-09T15:47:51.4624648+01:00" endTime="2024-01-09T15:47:51.4681088+01:00" testType="13cdc9d9-ddb5-4fa4-a97d-d965ccfc6d4b" outcome="Passed" testListId="8c84fa94-04c1-424b-9868-57a2d4851a1d" relativeResultsDirectory="b1c3ba19-6b47-49aa-afcd-296d9124ca4e" />
    <UnitTestResult executionId="2f688946-bc19-47f9-9c1d-67491138d709" testId="ef4e21c0-7da5-c60c-260f-ced0773f5f69" testName="DeviceIcons_ShouldHaveTenElements_WhenCalled" computerName="DKSR-EFI-06" duration="00:00:00.0009207" startTime="2024-01-09T15:48:40.7924060+01:00" endTime="2024-01-09T15:48:40.7934637+01:00" testType="13cdc9d9-ddb5-4fa4-a97d-d965ccfc6d4b" outcome="Passed" testListId="8c84fa94-04c1-424b-9868-57a2d4851a1d" relativeResultsDirectory="2f688946-bc19-47f9-9c1d-67491138d709" />
    <UnitTestResult executionId="bf0812d2-25d8-4051-8515-5002c6bc7d06" testId="20b32a9d-1528-d876-b23d-11423094b46d" testName="Unrelated_devices_removed_when_unrelated_camera_with_related_devices_added" computerName="DKSR-EFI-06" duration="00:00:00.0020016" startTime="2024-01-09T15:48:52.5102306+01:00" endTime="2024-01-09T15:48:52.5123580+01:00" testType="13cdc9d9-ddb5-4fa4-a97d-d965ccfc6d4b" outcome="Passed" testListId="8c84fa94-04c1-424b-9868-57a2d4851a1d" relativeResultsDirectory="bf0812d2-25d8-4051-8515-5002c6bc7d06" />
    <UnitTestResult executionId="227545b5-375b-4ebc-ab92-4ff2b3b56537" testId="e9db157d-7d85-2810-0c2d-91345491fde3" testName="ValidateExportFormats_VideoClipFormat_ShouldReturnFailResult_PrePostTextsRequired" computerName="DKSR-EFI-06" duration="00:00:00.0100385" startTime="2024-01-09T15:47:52.1864100+01:00" endTime="2024-01-09T15:47:52.1966162+01:00" testType="13cdc9d9-ddb5-4fa4-a97d-d965ccfc6d4b" outcome="Passed" testListId="8c84fa94-04c1-424b-9868-57a2d4851a1d" relativeResultsDirectory="227545b5-375b-4ebc-ab92-4ff2b3b56537" />
    <UnitTestResult executionId="2f9b0389-c650-4719-a13c-d7030aaee7f2" testId="c122d3c0-e65a-97bc-0031-9b0adfb0a20b" testName="Execute_YesCommand_DialogResultReturnsTrue" computerName="DKSR-EFI-06" duration="00:00:00.0006669" startTime="2024-01-09T15:48:45.0077684+01:00" endTime="2024-01-09T15:48:45.0085711+01:00" testType="13cdc9d9-ddb5-4fa4-a97d-d965ccfc6d4b" outcome="Passed" testListId="8c84fa94-04c1-424b-9868-57a2d4851a1d" relativeResultsDirectory="2f9b0389-c650-4719-a13c-d7030aaee7f2" />
    <UnitTestResult executionId="3c4570db-a53c-4aa7-8878-d490c243eb51" testId="971ae998-f6f4-2825-fcc4-633419b90bb1" testName="PatrollingProfileViewModelTest_Constructor_Success" computerName="DKSR-EFI-06" duration="00:00:00.0091626" startTime="2024-01-09T15:48:43.8899880+01:00" endTime="2024-01-09T15:48:43.8994296+01:00" testType="13cdc9d9-ddb5-4fa4-a97d-d965ccfc6d4b" outcome="Passed" testListId="8c84fa94-04c1-424b-9868-57a2d4851a1d" relativeResultsDirectory="3c4570db-a53c-4aa7-8878-d490c243eb51" />
    <UnitTestResult executionId="8fdc9755-7f82-4f28-89d2-e28c9616bdfd" testId="2c3cc6dd-0ecc-2298-ce4a-d064661bf1a0" testName="Init_NullStateAndManagerReturnsNullState_InitialStateCreatedFromScratch" computerName="DKSR-EFI-06" duration="00:00:00.0085244" startTime="2024-01-09T15:47:52.3654736+01:00" endTime="2024-01-09T15:47:52.3743151+01:00" testType="13cdc9d9-ddb5-4fa4-a97d-d965ccfc6d4b" outcome="Passed" testListId="8c84fa94-04c1-424b-9868-57a2d4851a1d" relativeResultsDirectory="8fdc9755-7f82-4f28-89d2-e28c9616bdfd" />
    <UnitTestResult executionId="b3d2c0a3-3a48-4f0e-adf0-964d16c7e7a5" testId="2e3adaa4-ba6e-d91b-783c-2bb11efe1b7a" testName="Ctor_WpfMessageBoxButtonIsSetToYesNo_OnlyYesNoButtonsVisible" computerName="DKSR-EFI-06" duration="00:00:00.0004315" startTime="2024-01-09T15:48:45.0005235+01:00" endTime="2024-01-09T15:48:45.0010933+01:00" testType="13cdc9d9-ddb5-4fa4-a97d-d965ccfc6d4b" outcome="Passed" testListId="8c84fa94-04c1-424b-9868-57a2d4851a1d" relativeResultsDirectory="b3d2c0a3-3a48-4f0e-adf0-964d16c7e7a5" />
    <UnitTestResult executionId="bb2ee193-44c2-4517-a397-e7f4a7f41322" testId="50437517-5fc5-21fb-fd24-7bb70ccad1c0" testName="Constructor_ShouldThrowAnException_WhenSearchManagerIsNull" computerName="DKSR-EFI-06" duration="00:00:00.0013779" startTime="2024-01-09T15:48:44.4011875+01:00" endTime="2024-01-09T15:48:44.4027186+01:00" testType="13cdc9d9-ddb5-4fa4-a97d-d965ccfc6d4b" outcome="Passed" testListId="8c84fa94-04c1-424b-9868-57a2d4851a1d" relativeResultsDirectory="bb2ee193-44c2-4517-a397-e7f4a7f41322" />
    <UnitTestResult executionId="85603011-41f9-44f1-a74c-2305d33d415a" testId="e5d871b7-fc8e-4988-1624-5f0f63d734ec" testName="ActiveInteractionStateBinding_ShouldOnlyContainNormalAndNewDevice_WhenCtorIsCalled" computerName="DKSR-EFI-06" duration="00:00:00.0299171" startTime="2024-01-09T15:47:48.2021538+01:00" endTime="2024-01-09T15:47:48.2345444+01:00" testType="13cdc9d9-ddb5-4fa4-a97d-d965ccfc6d4b" outcome="Passed" testListId="8c84fa94-04c1-424b-9868-57a2d4851a1d" relativeResultsDirectory="85603011-41f9-44f1-a74c-2305d33d415a" />
    <UnitTestResult executionId="832a9c9d-6f7a-40df-90ad-856368b6654f" testId="0fea2cc1-51cc-e0fa-152a-f6a58ad22a37" testName="DeviceIcons_ShouldHaveSevenElements_WhenCalled" computerName="DKSR-EFI-06" duration="00:00:00.0001526" startTime="2024-01-09T15:48:40.8027074+01:00" endTime="2024-01-09T15:48:40.8029862+01:00" testType="13cdc9d9-ddb5-4fa4-a97d-d965ccfc6d4b" outcome="Passed" testListId="8c84fa94-04c1-424b-9868-57a2d4851a1d" relativeResultsDirectory="832a9c9d-6f7a-40df-90ad-856368b6654f" />
    <UnitTestResult executionId="fd06c33d-b2bf-49e9-8978-1dfd8534be21" testId="d49deff6-a41c-933f-0317-09cc05fa0974" testName="AddToExportTuples_ShouldReturnCorrectResult (5,0,5)" computerName="DKSR-EFI-06" duration="00:00:00.0069998" startTime="2024-01-09T15:48:45.3385716+01:00" endTime="2024-01-09T15:48:45.3457419+01:00" testType="13cdc9d9-ddb5-4fa4-a97d-d965ccfc6d4b" outcome="Passed" testListId="8c84fa94-04c1-424b-9868-57a2d4851a1d" relativeResultsDirectory="fd06c33d-b2bf-49e9-8978-1dfd8534be21" />
    <UnitTestResult executionId="f54839c6-5874-4960-8778-22b5f442e5ff" testId="7b500be0-a5d4-b64a-b894-c5511ab58617" testName="PatrollingStepListViewModel_AddStepCommand" computerName="DKSR-EFI-06" duration="00:00:00.0016089" startTime="2024-01-09T15:48:43.9481709+01:00" endTime="2024-01-09T15:48:43.9499159+01:00" testType="13cdc9d9-ddb5-4fa4-a97d-d965ccfc6d4b" outcome="Passed" testListId="8c84fa94-04c1-424b-9868-57a2d4851a1d" relativeResultsDirectory="f54839c6-5874-4960-8778-22b5f442e5ff" />
    <UnitTestResult executionId="f3ac95e5-ad8d-404a-9420-c9da1ebbe8a5" testId="13b2a1dd-d764-6ad5-a674-3e86cc761e8a" testName="Deserialize_RelativeScopeDurationAndFromToValues_ToAndFromValuesIgnored" computerName="DKSR-EFI-06" duration="00:00:00.0042011" startTime="2024-01-09T15:48:26.5700526+01:00" endTime="2024-01-09T15:48:26.5744028+01:00" testType="13cdc9d9-ddb5-4fa4-a97d-d965ccfc6d4b" outcome="Passed" testListId="8c84fa94-04c1-424b-9868-57a2d4851a1d" relativeResultsDirectory="f3ac95e5-ad8d-404a-9420-c9da1ebbe8a5" />
    <UnitTestResult executionId="666c9e1e-6971-41be-a8ed-dd0cc1e7c5fb" testId="c3c6004f-1cee-dde7-31e1-dc9ac6e20c92" testName="ValidateExportName_ShouldReturnFailResult_InvalidCharactersInExportName (1213?)" computerName="DKSR-EFI-06" duration="00:00:00.0022557" startTime="2024-01-09T15:47:51.9763527+01:00" endTime="2024-01-09T15:47:51.9787527+01:00" testType="13cdc9d9-ddb5-4fa4-a97d-d965ccfc6d4b" outcome="Passed" testListId="8c84fa94-04c1-424b-9868-57a2d4851a1d" relativeResultsDirectory="666c9e1e-6971-41be-a8ed-dd0cc1e7c5fb" />
    <UnitTestResult executionId="5baa1166-9b35-4133-b0b4-915aa9a54563" testId="d2076066-545c-8d0e-4e0a-900f85db5e1f" testName="AddSelectedWindowsToExport_ShouldShowCorrectToastMessages (0,0,1)" computerName="DKSR-EFI-06" duration="00:00:00.0019200" startTime="2024-01-09T15:48:45.4411915+01:00" endTime="2024-01-09T15:48:45.4432847+01:00" testType="13cdc9d9-ddb5-4fa4-a97d-d965ccfc6d4b" outcome="Passed" testListId="8c84fa94-04c1-424b-9868-57a2d4851a1d" relativeResultsDirectory="5baa1166-9b35-4133-b0b4-915aa9a54563" />
    <UnitTestResult executionId="8b3f721b-ffc9-46e8-805d-bc6e1b0a5ba1" testId="fdaa70b5-d6a7-4b1c-2dcb-1ad653aa4853" testName="ConvertGridMaskTestImageServerFormat" computerName="DKSR-EFI-06" duration="00:00:00.0008498" startTime="2024-01-09T15:48:49.5638387+01:00" endTime="2024-01-09T15:48:49.5648380+01:00" testType="13cdc9d9-ddb5-4fa4-a97d-d965ccfc6d4b" outcome="Passed" testListId="8c84fa94-04c1-424b-9868-57a2d4851a1d" relativeResultsDirectory="8b3f721b-ffc9-46e8-805d-bc6e1b0a5ba1" />
    <UnitTestResult executionId="8804ae58-95b6-426b-b39e-72b59c0b1e3b" testId="671ee35e-217f-e976-440a-afae3aff818a" testName="PerformAction_ExceptionHandled" computerName="DKSR-EFI-06" duration="00:00:00.0015628" startTime="2024-01-09T15:47:49.7262792+01:00" endTime="2024-01-09T15:47:49.7279690+01:00" testType="13cdc9d9-ddb5-4fa4-a97d-d965ccfc6d4b" outcome="Passed" testListId="8c84fa94-04c1-424b-9868-57a2d4851a1d" relativeResultsDirectory="8804ae58-95b6-426b-b39e-72b59c0b1e3b" />
    <UnitTestResult executionId="d40a0ab1-9455-457e-a248-b8c6aa493c67" testId="b95925c6-4417-d47a-19a9-e46062ab44bc" testName="IOState_ShouldYieldSameValuesForAllEnumValues_WhenRoundTripConverted (NotAvailable,Unknown)" computerName="DKSR-EFI-06" duration="00:00:00.0000048" startTime="2024-01-09T15:47:41.0260521+01:00" endTime="2024-01-09T15:47:41.0261648+01:00" testType="13cdc9d9-ddb5-4fa4-a97d-d965ccfc6d4b" outcome="Passed" testListId="8c84fa94-04c1-424b-9868-57a2d4851a1d" relativeResultsDirectory="d40a0ab1-9455-457e-a248-b8c6aa493c67" />
    <UnitTestResult executionId="a2452522-3126-45b9-911c-bbdc84ea2cc4" testId="b53cbe33-730e-fb6f-4fda-1e9679963edf" testName="AuthType_ShouldReturnBasic_WhenConstructedUsingSimple" computerName="DKSR-EFI-06" duration="00:00:00.0019807" startTime="2024-01-09T15:47:43.3448722+01:00" endTime="2024-01-09T15:47:43.3470189+01:00" testType="13cdc9d9-ddb5-4fa4-a97d-d965ccfc6d4b" outcome="Passed" testListId="8c84fa94-04c1-424b-9868-57a2d4851a1d" relativeResultsDirectory="a2452522-3126-45b9-911c-bbdc84ea2cc4" />
    <UnitTestResult executionId="440c93ea-e388-44e6-8c5e-d605cf5efb2b" testId="623a898d-977d-5b91-e1b8-7c6682d95502" testName="MapLayerType_ShouldBeNull_WhenCalled" computerName="DKSR-EFI-06" duration="00:00:00.0001866" startTime="2024-01-09T15:48:40.7806075+01:00" endTime="2024-01-09T15:48:40.7809892+01:00" testType="13cdc9d9-ddb5-4fa4-a97d-d965ccfc6d4b" outcome="Passed" testListId="8c84fa94-04c1-424b-9868-57a2d4851a1d" relativeResultsDirectory="440c93ea-e388-44e6-8c5e-d605cf5efb2b" />
    <UnitTestResult executionId="30019471-bfb5-42bf-8f27-0b534fbb9e6e" testId="88071ce5-6a3f-f4ed-8ba6-7bfde6e1c46a" testName="TestConstructor_EmptyOuterRing_GetBounds_Success" computerName="DKSR-EFI-06" duration="00:00:00.0012507" startTime="2024-01-09T15:48:39.8591219+01:00" endTime="2024-01-09T15:48:39.8605134+01:00" testType="13cdc9d9-ddb5-4fa4-a97d-d965ccfc6d4b" outcome="Passed" testListId="8c84fa94-04c1-424b-9868-57a2d4851a1d" relativeResultsDirectory="30019471-bfb5-42bf-8f27-0b534fbb9e6e" />
    <UnitTestResult executionId="d31d4e81-8e5f-4f4b-bce9-777d152e24a8" testId="0110325c-27e3-3325-4a17-71d49ff6f036" testName="GetUnmutedMicrophoneIconId_ShouldReturnValidUnMutedMicrophoneIconId_WhenValidMutedMicrophoneIconIdIsProvided" computerName="DKSR-EFI-06" duration="00:00:00.0001684" startTime="2024-01-09T15:48:40.8240554+01:00" endTime="2024-01-09T15:48:40.8243546+01:00" testType="13cdc9d9-ddb5-4fa4-a97d-d965ccfc6d4b" outcome="Passed" testListId="8c84fa94-04c1-424b-9868-57a2d4851a1d" relativeResultsDirectory="d31d4e81-8e5f-4f4b-bce9-777d152e24a8" />
    <UnitTestResult executionId="91ac8179-1b7c-4a35-8e0e-2b88443f64fb" testId="471a9d0c-0431-d46b-1459-094d77836e47" testName="CalculateNewExtent_ShouldScaleEvenly_WhenWithinMaxInUpperRight" computerName="DKSR-EFI-06" duration="00:00:00.0002351" startTime="2024-01-09T15:47:49.8737742+01:00" endTime="2024-01-09T15:47:49.8741403+01:00" testType="13cdc9d9-ddb5-4fa4-a97d-d965ccfc6d4b" outcome="Passed" testListId="8c84fa94-04c1-424b-9868-57a2d4851a1d" relativeResultsDirectory="91ac8179-1b7c-4a35-8e0e-2b88443f64fb" />
    <UnitTestResult executionId="20b1d8a3-4c30-4a50-8c12-1cb92852a780" testId="6a126318-594d-0412-acf1-03ec27689761" testName="GisPointToIndexGridPosition_Milestone_Success" computerName="DKSR-EFI-06" duration="00:00:00.0001649" startTime="2024-01-09T15:48:43.6999183+01:00" endTime="2024-01-09T15:48:43.7002116+01:00" testType="13cdc9d9-ddb5-4fa4-a97d-d965ccfc6d4b" outcome="Passed" testListId="8c84fa94-04c1-424b-9868-57a2d4851a1d" relativeResultsDirectory="20b1d8a3-4c30-4a50-8c12-1cb92852a780" />
    <UnitTestResult executionId="90992b07-6753-43e7-9b3f-f12f7c8a9a13" testId="5cd4b702-56a3-e460-79f3-24a1a68869f7" testName="SelectOptions_ShouldNotChangeSelectedComponent_WhenGivenOptionGroupWithNoCorrelatedComponent" computerName="DKSR-EFI-06" duration="00:00:00.0026252" startTime="2024-01-09T15:48:44.0892748+01:00" endTime="2024-01-09T15:48:44.0920626+01:00" testType="13cdc9d9-ddb5-4fa4-a97d-d965ccfc6d4b" outcome="Passed" testListId="8c84fa94-04c1-424b-9868-57a2d4851a1d" relativeResultsDirectory="90992b07-6753-43e7-9b3f-f12f7c8a9a13" />
    <UnitTestResult executionId="77870537-c68f-4136-a443-f6d50b5bafd4" testId="84d3c143-14c2-3de5-71ff-f8eed6db60b1" testName="SearchDefinitionCountSet_NewValue_EventFired" computerName="DKSR-EFI-06" duration="00:00:00.0011302" startTime="2024-01-09T15:48:26.6126245+01:00" endTime="2024-01-09T15:48:26.6138974+01:00" testType="13cdc9d9-ddb5-4fa4-a97d-d965ccfc6d4b" outcome="Passed" testListId="8c84fa94-04c1-424b-9868-57a2d4851a1d" relativeResultsDirectory="77870537-c68f-4136-a443-f6d50b5bafd4" />
    <UnitTestResult executionId="d9b52841-9717-4872-9019-aa48ab26bb22" testId="cd8ebcc2-066f-cdc6-6883-57e1205bcf51" testName="OnMarkerRightClicked_ShouldUseCrossTypeMenuItems_WhenNotInSetupModeAndMultipleItemsFromDifferentLayersIncludingAtLeastOneCameraAreSelected" computerName="DKSR-EFI-06" duration="00:00:00.0089230" startTime="2024-01-09T15:47:47.1369616+01:00" endTime="2024-01-09T15:47:47.1482591+01:00" testType="13cdc9d9-ddb5-4fa4-a97d-d965ccfc6d4b" outcome="Passed" testListId="8c84fa94-04c1-424b-9868-57a2d4851a1d" relativeResultsDirectory="d9b52841-9717-4872-9019-aa48ab26bb22" />
    <UnitTestResult executionId="bc08533f-ff50-48b0-8cf0-865be0b9bb68" testId="0f2fab4c-9ed0-8156-9134-b17ff014dc4a" testName="SearchResultDetailsView_EscapeKey_AnimationEnabled_DetailsViewRemovedFromMainGrid" computerName="DKSR-EFI-06" duration="00:00:00.7553252" startTime="2024-01-09T15:47:59.6090354+01:00" endTime="2024-01-09T15:48:00.3685621+01:00" testType="13cdc9d9-ddb5-4fa4-a97d-d965ccfc6d4b" outcome="Passed" testListId="8c84fa94-04c1-424b-9868-57a2d4851a1d" relativeResultsDirectory="bc08533f-ff50-48b0-8cf0-865be0b9bb68" />
    <UnitTestResult executionId="aad66a6d-e300-423c-b6ea-ffd5bc8a8a0e" testId="5a8fb903-2861-1882-49ca-4356404c3995" testName="IsMicrophoneDisabled_ShouldBeFalse_WhenMicrophoneIsEnabled" computerName="DKSR-EFI-06" duration="00:00:00.0132464" startTime="2024-01-09T15:48:41.0661956+01:00" endTime="2024-01-09T15:48:41.0818868+01:00" testType="13cdc9d9-ddb5-4fa4-a97d-d965ccfc6d4b" outcome="Passed" testListId="8c84fa94-04c1-424b-9868-57a2d4851a1d" relativeResultsDirectory="aad66a6d-e300-423c-b6ea-ffd5bc8a8a0e" />
    <UnitTestResult executionId="467c4787-0d62-4332-8b79-dd78bc290a27" testId="fb732742-5469-4819-2a2e-a73e08e91605" testName="SelectTemplate_ListSelectionFilterConfiguration_LessThanThreeItems_ReturnsInlineTemplate" computerName="DKSR-EFI-06" duration="00:00:00.0007768" startTime="2024-01-09T15:47:52.5658237+01:00" endTime="2024-01-09T15:47:52.5667206+01:00" testType="13cdc9d9-ddb5-4fa4-a97d-d965ccfc6d4b" outcome="Passed" testListId="8c84fa94-04c1-424b-9868-57a2d4851a1d" relativeResultsDirectory="467c4787-0d62-4332-8b79-dd78bc290a27" />
    <UnitTestResult executionId="ff5fd5b9-0d76-44c7-91e2-11f7099a9a15" testId="ba333333-3cb8-334f-91af-f5ad79143e8f" testName="ToDenormalizedDirection_Minus1_0" computerName="DKSR-EFI-06" duration="00:00:00.0000858" startTime="2024-01-09T15:48:38.6375006+01:00" endTime="2024-01-09T15:48:38.6377118+01:00" testType="13cdc9d9-ddb5-4fa4-a97d-d965ccfc6d4b" outcome="Passed" testListId="8c84fa94-04c1-424b-9868-57a2d4851a1d" relativeResultsDirectory="ff5fd5b9-0d76-44c7-91e2-11f7099a9a15" />
    <UnitTestResult executionId="aba77f0f-a4a5-42cf-b4b9-e3fc21cce287" testId="8f3e7c48-bb88-696a-3cb3-b7922e8f86c1" testName="Empty password" computerName="DKSR-EFI-06" duration="00:00:00.0001074" startTime="2024-01-09T15:47:52.2199613+01:00" endTime="2024-01-09T15:47:52.2202242+01:00" testType="13cdc9d9-ddb5-4fa4-a97d-d965ccfc6d4b" outcome="Passed" testListId="8c84fa94-04c1-424b-9868-57a2d4851a1d" relativeResultsDirectory="aba77f0f-a4a5-42cf-b4b9-e3fc21cce287" />
    <UnitTestResult executionId="f7b293bc-9d27-4f38-890d-ea14880be6c7" testId="12e3f3e5-87cc-94c2-7b91-aad929301ec9" testName="Execute_RemoveCommand_DialogResultReturnsTrue" computerName="DKSR-EFI-06" duration="00:00:00.0006332" startTime="2024-01-09T15:48:45.0102038+01:00" endTime="2024-01-09T15:48:45.0109722+01:00" testType="13cdc9d9-ddb5-4fa4-a97d-d965ccfc6d4b" outcome="Passed" testListId="8c84fa94-04c1-424b-9868-57a2d4851a1d" relativeResultsDirectory="f7b293bc-9d27-4f38-890d-ea14880be6c7" />
    <UnitTestResult executionId="04925885-b709-4a6d-bfd9-1d75d479daf4" testId="60f76d2a-8443-d6c5-ab49-4b19e96bdb7e" testName="Toolbar_IsVisible_WhenInPlayback" computerName="DKSR-EFI-06" duration="00:00:00.0177944" startTime="2024-01-09T15:48:44.8442402+01:00" endTime="2024-01-09T15:48:44.8622149+01:00" testType="13cdc9d9-ddb5-4fa4-a97d-d965ccfc6d4b" outcome="Passed" testListId="8c84fa94-04c1-424b-9868-57a2d4851a1d" relativeResultsDirectory="04925885-b709-4a6d-bfd9-1d75d479daf4" />
    <UnitTestResult executionId="9fabee1f-a475-4c0e-a11c-a505456e7297" testId="6eb63bb3-0a07-3cfb-8d0a-86ee2a28be11" testName="TestSave_Success" computerName="DKSR-EFI-06" duration="00:00:00.0346179" startTime="2024-01-09T15:48:42.8669136+01:00" endTime="2024-01-09T15:48:42.9017293+01:00" testType="13cdc9d9-ddb5-4fa4-a97d-d965ccfc6d4b" outcome="Passed" testListId="8c84fa94-04c1-424b-9868-57a2d4851a1d" relativeResultsDirectory="9fabee1f-a475-4c0e-a11c-a505456e7297" />
    <UnitTestResult executionId="a8d01e67-68cf-4e0f-95ea-68b4da9ac205" testId="d02218a8-fae4-70d3-39b6-dbd98bfacc73" testName="PinkOemResourcesTest" computerName="DKSR-EFI-06" duration="00:00:00.5112926" startTime="2024-01-09T15:48:50.8671655+01:00" endTime="2024-01-09T15:48:51.3787157+01:00" testType="13cdc9d9-ddb5-4fa4-a97d-d965ccfc6d4b" outcome="Passed" testListId="8c84fa94-04c1-424b-9868-57a2d4851a1d" relativeResultsDirectory="a8d01e67-68cf-4e0f-95ea-68b4da9ac205" />
    <UnitTestResult executionId="3e8b5729-9322-44b6-9604-6d0c878c524e" testId="01ab0198-4b7e-8a94-e88d-b1f770a7248f" testName="EnsureSnapshotIsPngFormat" computerName="DKSR-EFI-06" duration="00:00:00.0005469" startTime="2024-01-09T15:48:49.5600658+01:00" endTime="2024-01-09T15:48:49.5608658+01:00" testType="13cdc9d9-ddb5-4fa4-a97d-d965ccfc6d4b" outcome="Passed" testListId="8c84fa94-04c1-424b-9868-57a2d4851a1d" relativeResultsDirectory="3e8b5729-9322-44b6-9604-6d0c878c524e" />
    <UnitTestResult executionId="c54d62f9-d2a0-49ef-aa7e-153542b47efa" testId="db2886ea-13dd-b03a-a528-49fda3ee9983" testName="PtzSessionControllerInfo_UserChangedTest_Different_Domain" computerName="DKSR-EFI-06" duration="00:00:00.0001912" startTime="2024-01-09T15:47:43.2096631+01:00" endTime="2024-01-09T15:47:43.2099536+01:00" testType="13cdc9d9-ddb5-4fa4-a97d-d965ccfc6d4b" outcome="Passed" testListId="8c84fa94-04c1-424b-9868-57a2d4851a1d" relativeResultsDirectory="c54d62f9-d2a0-49ef-aa7e-153542b47efa" />
    <UnitTestResult executionId="de284700-1eee-4ced-a227-3cc79829e2b2" testId="87f381e7-d9c3-dd59-a7de-147f1cb1e49c" testName="SelectTemplate_TextBoxFilterConfiguration_ReturnsInlineTemplate" computerName="DKSR-EFI-06" duration="00:00:00.0006268" startTime="2024-01-09T15:47:52.5622517+01:00" endTime="2024-01-09T15:47:52.5630075+01:00" testType="13cdc9d9-ddb5-4fa4-a97d-d965ccfc6d4b" outcome="Passed" testListId="8c84fa94-04c1-424b-9868-57a2d4851a1d" relativeResultsDirectory="de284700-1eee-4ced-a227-3cc79829e2b2" />
    <UnitTestResult executionId="152a1af2-7d39-485a-807f-90e801c4be28" testId="5175ef0f-a0f9-284b-e221-701056f8c5c0" testName="GetSearchReportDialog_SelectedSearchResults_Null_Failure" computerName="DKSR-EFI-06" duration="00:00:00.0039054" startTime="2024-01-09T15:48:25.3918074+01:00" endTime="2024-01-09T15:48:25.3987583+01:00" testType="13cdc9d9-ddb5-4fa4-a97d-d965ccfc6d4b" outcome="Passed" testListId="8c84fa94-04c1-424b-9868-57a2d4851a1d" relativeResultsDirectory="152a1af2-7d39-485a-807f-90e801c4be28" />
    <UnitTestResult executionId="a109a672-6b28-4f58-bd8a-255acdffe8fb" testId="5c82a30b-ee73-73a7-ae23-b19a1b7c7820" testName="DisplayErrorOnNotificationArea_NoItemsSupportedSearchError_Success" computerName="DKSR-EFI-06" duration="00:00:00.0073136" startTime="2024-01-09T15:48:25.1213616+01:00" endTime="2024-01-09T15:48:25.1288448+01:00" testType="13cdc9d9-ddb5-4fa4-a97d-d965ccfc6d4b" outcome="Passed" testListId="8c84fa94-04c1-424b-9868-57a2d4851a1d" relativeResultsDirectory="a109a672-6b28-4f58-bd8a-255acdffe8fb" />
    <UnitTestResult executionId="74fc35a9-197c-4931-b1cc-a19b8b9c6f98" testId="f4957e0d-8b3e-6f39-d235-00a44690d337" testName="Constructor_ShouldRaiseArgumentNullException_WhenCursorIsNull" computerName="DKSR-EFI-06" duration="00:00:00.0014606" startTime="2024-01-09T15:48:49.3802727+01:00" endTime="2024-01-09T15:48:49.3863677+01:00" testType="13cdc9d9-ddb5-4fa4-a97d-d965ccfc6d4b" outcome="Passed" testListId="8c84fa94-04c1-424b-9868-57a2d4851a1d" relativeResultsDirectory="74fc35a9-197c-4931-b1cc-a19b8b9c6f98" />
    <UnitTestResult executionId="7f01b0ac-7e18-4d23-89c8-ca6129932548" testId="05f48571-d878-d35c-a36e-2898473abdf2" testName="TestAttachedView_WithNull_Success" computerName="DKSR-EFI-06" duration="00:00:00.0001339" startTime="2024-01-09T15:48:51.4188128+01:00" endTime="2024-01-09T15:48:51.4190712+01:00" testType="13cdc9d9-ddb5-4fa4-a97d-d965ccfc6d4b" outcome="Passed" testListId="8c84fa94-04c1-424b-9868-57a2d4851a1d" relativeResultsDirectory="7f01b0ac-7e18-4d23-89c8-ca6129932548" />
    <UnitTestResult executionId="1e2a79c8-f663-42d4-bf39-b3496849488c" testId="a2585aed-0f0c-4b5a-b559-bb2fb6af779c" testName="Dispose_ClusterMarkersNotDisposed_WhenMarkerMovedToCache" computerName="DKSR-EFI-06" duration="00:00:00.0874557" startTime="2024-01-09T15:47:46.5839488+01:00" endTime="2024-01-09T15:47:46.6740750+01:00" testType="13cdc9d9-ddb5-4fa4-a97d-d965ccfc6d4b" outcome="Passed" testListId="8c84fa94-04c1-424b-9868-57a2d4851a1d" relativeResultsDirectory="1e2a79c8-f663-42d4-bf39-b3496849488c" />
    <UnitTestResult executionId="93fbe4e3-8663-4115-8112-a227ae4e98f0" testId="550475a3-cdd8-1a4c-8164-53657594f4b5" testName="RemoveWorkroom_ShouldThrowException_WhenWorkroomToRemoveIsNull" computerName="DKSR-EFI-06" duration="00:00:00.0044341" startTime="2024-01-09T15:48:51.4459454+01:00" endTime="2024-01-09T15:48:51.4505762+01:00" testType="13cdc9d9-ddb5-4fa4-a97d-d965ccfc6d4b" outcome="Passed" testListId="8c84fa94-04c1-424b-9868-57a2d4851a1d" relativeResultsDirectory="93fbe4e3-8663-4115-8112-a227ae4e98f0" />
    <UnitTestResult executionId="61996922-2133-49ea-8fab-840bdfb2a1fe" testId="f2eafc92-05e6-6561-5ea1-9b5fc4ef5a32" testName="ShouldReturnTrueWhenExtentChanged" computerName="DKSR-EFI-06" duration="00:00:00.0007719" startTime="2024-01-09T15:47:49.8424389+01:00" endTime="2024-01-09T15:47:49.8433313+01:00" testType="13cdc9d9-ddb5-4fa4-a97d-d965ccfc6d4b" outcome="Passed" testListId="8c84fa94-04c1-424b-9868-57a2d4851a1d" relativeResultsDirectory="61996922-2133-49ea-8fab-840bdfb2a1fe" />
    <UnitTestResult executionId="949d6b7a-8b1b-4240-8200-3195231a1500" testId="ed095898-1909-8564-6a3c-b8e3252b52c8" testName="Serialize_SearchDefinitionsOnly_Success" computerName="DKSR-EFI-06" duration="00:00:00.0015555" startTime="2024-01-09T15:48:26.7953155+01:00" endTime="2024-01-09T15:48:26.7970091+01:00" testType="13cdc9d9-ddb5-4fa4-a97d-d965ccfc6d4b" outcome="Passed" testListId="8c84fa94-04c1-424b-9868-57a2d4851a1d" relativeResultsDirectory="949d6b7a-8b1b-4240-8200-3195231a1500" />
    <UnitTestResult executionId="9208a545-91a9-47f9-9826-275b067592e7" testId="97f51352-286e-4e1f-35c9-41d9a4f5e756" testName="BuildEvidenceCreatedProperties_ShouldReturnCorrectValues (some headline,,03:00:00,Weeks,1.22:00:00,3,True,False,03:00:00,Weeks,1.22:00:00,3)" computerName="DKSR-EFI-06" duration="00:00:00.0241925" startTime="2024-01-09T15:48:51.6205117+01:00" endTime="2024-01-09T15:48:51.6450262+01:00" testType="13cdc9d9-ddb5-4fa4-a97d-d965ccfc6d4b" outcome="Passed" testListId="8c84fa94-04c1-424b-9868-57a2d4851a1d" relativeResultsDirectory="9208a545-91a9-47f9-9826-275b067592e7" />
    <UnitTestResult executionId="c7e50025-0b0c-44c9-bfba-101d6e9bbaeb" testId="caaa1ff0-9d50-8a88-cc0f-12986835057f" testName="GetLayerVisibilityItemsData_ShouldAddDeviceFixedLayerInOrder_WhenMultipleLayersAreProvided" computerName="DKSR-EFI-06" duration="00:00:00.0062053" startTime="2024-01-09T15:47:45.8774116+01:00" endTime="2024-01-09T15:47:45.8837556+01:00" testType="13cdc9d9-ddb5-4fa4-a97d-d965ccfc6d4b" outcome="Passed" testListId="8c84fa94-04c1-424b-9868-57a2d4851a1d" relativeResultsDirectory="c7e50025-0b0c-44c9-bfba-101d6e9bbaeb" />
    <UnitTestResult executionId="4cd3e306-d791-4d0e-87cb-84671326e24f" testId="33935880-2468-ac2a-2804-1f3918d25628" testName="AddSelectedWindowsToExport_ShouldShowCorrectToastMessages (0,5,5)" computerName="DKSR-EFI-06" duration="00:00:00.0060721" startTime="2024-01-09T15:48:45.4744650+01:00" endTime="2024-01-09T15:48:45.4807765+01:00" testType="13cdc9d9-ddb5-4fa4-a97d-d965ccfc6d4b" outcome="Passed" testListId="8c84fa94-04c1-424b-9868-57a2d4851a1d" relativeResultsDirectory="4cd3e306-d791-4d0e-87cb-84671326e24f" />
    <UnitTestResult executionId="18acc416-a00c-4c0f-8267-ea85e27ce5de" testId="c7772852-e1ce-5a56-9e2d-f376c5ee0d2f" testName="SearchResultsActionBarActions_SendToFloatingWindowMaxCamerasExceededButAccepted_InvokeCommand_WarningDialogDisplayed" computerName="DKSR-EFI-06" duration="00:00:00.0114442" startTime="2024-01-09T15:48:22.9385288+01:00" endTime="2024-01-09T15:48:22.9501528+01:00" testType="13cdc9d9-ddb5-4fa4-a97d-d965ccfc6d4b" outcome="Passed" testListId="8c84fa94-04c1-424b-9868-57a2d4851a1d" relativeResultsDirectory="18acc416-a00c-4c0f-8267-ea85e27ce5de" />
    <UnitTestResult executionId="a6b2145a-c409-4dd6-8bee-1dd9ca1fc74d" testId="738cbe03-e159-a418-8d3e-aaea3bd6f9f5" testName="GetOsmServerAddress_ShouldReturnAlternativeServerValue_WhenGeographicLayerIsUnavailable" computerName="DKSR-EFI-06" duration="00:00:00.0005427" startTime="2024-01-09T15:48:43.0176069+01:00" endTime="2024-01-09T15:48:43.0182902+01:00" testType="13cdc9d9-ddb5-4fa4-a97d-d965ccfc6d4b" outcome="Passed" testListId="8c84fa94-04c1-424b-9868-57a2d4851a1d" relativeResultsDirectory="a6b2145a-c409-4dd6-8bee-1dd9ca1fc74d" />
    <UnitTestResult executionId="1dab0b48-ab54-4495-8f61-1fd166f0bd7a" testId="8b087bdb-e613-2682-1659-90f070e3535d" testName="AddGetConfigurationCameraTest" computerName="DKSR-EFI-06" duration="00:00:00.0238271" startTime="2024-01-09T15:47:43.3849077+01:00" endTime="2024-01-09T15:47:43.4090855+01:00" testType="13cdc9d9-ddb5-4fa4-a97d-d965ccfc6d4b" outcome="Passed" testListId="8c84fa94-04c1-424b-9868-57a2d4851a1d" relativeResultsDirectory="1dab0b48-ab54-4495-8f61-1fd166f0bd7a" />
    <UnitTestResult executionId="5695ff37-2f2c-4ccb-bb8e-0de7fa2c559f" testId="4c99feff-404f-f1d9-19da-f0e8d2262427" testName="Both enabled, forced" computerName="DKSR-EFI-06" duration="00:00:00.0045748" startTime="2024-01-09T15:47:51.4140014+01:00" endTime="2024-01-09T15:47:51.4188393+01:00" testType="13cdc9d9-ddb5-4fa4-a97d-d965ccfc6d4b" outcome="Passed" testListId="8c84fa94-04c1-424b-9868-57a2d4851a1d" relativeResultsDirectory="5695ff37-2f2c-4ccb-bb8e-0de7fa2c559f" />
    <UnitTestResult executionId="e3231a27-f538-4784-ae41-196ce1903255" testId="2a4b4823-fd60-1de2-7bef-a1adf9e470c2" testName="IsCurrentCenterEqualTo_ShouldReturnFalse_WhenValuesAreNotEqualWithinGivenPrecision" computerName="DKSR-EFI-06" duration="00:00:00.0010398" startTime="2024-01-09T15:47:47.2529402+01:00" endTime="2024-01-09T15:47:47.2540963+01:00" testType="13cdc9d9-ddb5-4fa4-a97d-d965ccfc6d4b" outcome="Passed" testListId="8c84fa94-04c1-424b-9868-57a2d4851a1d" relativeResultsDirectory="e3231a27-f538-4784-ae41-196ce1903255" />
    <UnitTestResult executionId="91f99bbd-9495-4977-ba12-0a2852fe4d30" testId="27940d64-03df-8f28-2a77-22152c4e2bc7" testName="IsSearchInProgressChanged_Success" computerName="DKSR-EFI-06" duration="00:00:00.0048194" startTime="2024-01-09T15:48:23.6410732+01:00" endTime="2024-01-09T15:48:23.6460387+01:00" testType="13cdc9d9-ddb5-4fa4-a97d-d965ccfc6d4b" outcome="Passed" testListId="8c84fa94-04c1-424b-9868-57a2d4851a1d" relativeResultsDirectory="91f99bbd-9495-4977-ba12-0a2852fe4d30" />
    <UnitTestResult executionId="74da2482-6757-44d7-bda1-c75154ae5dca" testId="701dc107-7f79-fab2-b18e-55df056f2ab4" testName="DrawCore_ShouldNotDisplayClusterMarkers_WhenClusteringDisabled" computerName="DKSR-EFI-06" duration="00:00:00.0126186" startTime="2024-01-09T15:47:46.5298013+01:00" endTime="2024-01-09T15:47:46.5451584+01:00" testType="13cdc9d9-ddb5-4fa4-a97d-d965ccfc6d4b" outcome="Passed" testListId="8c84fa94-04c1-424b-9868-57a2d4851a1d" relativeResultsDirectory="74da2482-6757-44d7-bda1-c75154ae5dca" />
    <UnitTestResult executionId="773cbcc9-868b-459b-9b80-747b0e29645e" testId="1f86583b-e772-053b-5dde-1a3c6a164dcd" testName="LoadInitialState_NullState_ReturnsNewEmptyState" computerName="DKSR-EFI-06" duration="00:00:00.0008397" startTime="2024-01-09T15:47:52.3809378+01:00" endTime="2024-01-09T15:47:52.3819334+01:00" testType="13cdc9d9-ddb5-4fa4-a97d-d965ccfc6d4b" outcome="Passed" testListId="8c84fa94-04c1-424b-9868-57a2d4851a1d" relativeResultsDirectory="773cbcc9-868b-459b-9b80-747b0e29645e" />
    <UnitTestResult executionId="3a9131b2-4d96-4b3d-bf5a-da1f907e65a1" testId="9a1e0638-3454-96aa-be92-9d9c7a4bfa39" testName="GetItemsIn_BuildingNoLevelsNotIndexed_NoException" computerName="DKSR-EFI-06" duration="00:00:00.0401565" startTime="2024-01-09T15:48:43.2845703+01:00" endTime="2024-01-09T15:48:43.3249944+01:00" testType="13cdc9d9-ddb5-4fa4-a97d-d965ccfc6d4b" outcome="Passed" testListId="8c84fa94-04c1-424b-9868-57a2d4851a1d" relativeResultsDirectory="3a9131b2-4d96-4b3d-bf5a-da1f907e65a1" />
    <UnitTestResult executionId="32947358-c8eb-4eac-aa13-0ba07ae5d6b8" testId="4ffbb65d-5283-caab-4ee9-d197524190bc" testName="PtzSessionControllerInfo_UserChangedTest_Argument_Null_2" computerName="DKSR-EFI-06" duration="00:00:00.0005331" startTime="2024-01-09T15:47:43.2040100+01:00" endTime="2024-01-09T15:47:43.2047693+01:00" testType="13cdc9d9-ddb5-4fa4-a97d-d965ccfc6d4b" outcome="Passed" testListId="8c84fa94-04c1-424b-9868-57a2d4851a1d" relativeResultsDirectory="32947358-c8eb-4eac-aa13-0ba07ae5d6b8" />
    <UnitTestResult executionId="7ab32f1d-c52a-4b2a-8480-b164e1c92d14" testId="73bd23e6-7d5d-17da-f712-c442eb016e35" testName="GetServerTiles_ShouldReturnCorrectServerTilesWithSingleServerTest" computerName="DKSR-EFI-06" duration="00:00:00.0043251" startTime="2024-01-09T15:48:47.0296513+01:00" endTime="2024-01-09T15:48:47.0341342+01:00" testType="13cdc9d9-ddb5-4fa4-a97d-d965ccfc6d4b" outcome="Passed" testListId="8c84fa94-04c1-424b-9868-57a2d4851a1d" relativeResultsDirectory="7ab32f1d-c52a-4b2a-8480-b164e1c92d14" />
    <UnitTestResult executionId="817398a3-befe-423b-bfb4-20e07f651390" testId="319e9db8-8f37-6739-0cbb-83eff6d39b32" testName="PtzSessionControllerInfo_TimeChangedTest_NoChange" computerName="DKSR-EFI-06" duration="00:00:00.0003059" startTime="2024-01-09T15:47:43.2132556+01:00" endTime="2024-01-09T15:47:43.2137312+01:00" testType="13cdc9d9-ddb5-4fa4-a97d-d965ccfc6d4b" outcome="Passed" testListId="8c84fa94-04c1-424b-9868-57a2d4851a1d" relativeResultsDirectory="817398a3-befe-423b-bfb4-20e07f651390" />
    <UnitTestResult executionId="3df938dc-cce1-481f-a9ac-167833242973" testId="8c07f686-6c37-5afb-9e2e-861969346f9f" testName="AddResults_IncludePartialResults_OnePartialResult_Success" computerName="DKSR-EFI-06" duration="00:00:00.0034759" startTime="2024-01-09T15:48:26.6383140+01:00" endTime="2024-01-09T15:48:26.6419221+01:00" testType="13cdc9d9-ddb5-4fa4-a97d-d965ccfc6d4b" outcome="Passed" testListId="8c84fa94-04c1-424b-9868-57a2d4851a1d" relativeResultsDirectory="3df938dc-cce1-481f-a9ac-167833242973" />
    <UnitTestResult executionId="ca2c2278-cf25-49e2-aafc-0220cb5d7eae" testId="e6f18f4e-717d-7e35-b333-de26f141ac91" testName="BindingModelVisible_ReactsTo_PluginInstanceEnabledUpdate" computerName="DKSR-EFI-06" duration="00:00:00.0017263" startTime="2024-01-09T15:48:45.6354514+01:00" endTime="2024-01-09T15:48:45.6406129+01:00" testType="13cdc9d9-ddb5-4fa4-a97d-d965ccfc6d4b" outcome="Passed" testListId="8c84fa94-04c1-424b-9868-57a2d4851a1d" relativeResultsDirectory="ca2c2278-cf25-49e2-aafc-0220cb5d7eae" />
    <UnitTestResult executionId="9d33cc86-fd43-4190-9a73-dbd2c984abe8" testId="417be307-97e0-4052-1dcd-f4ea8d9db811" testName="Deserialize_ShouldIncludeCombineTypeAnd_WhenCombineTypeIsAndInXml" computerName="DKSR-EFI-06" duration="00:00:00.0004997" startTime="2024-01-09T15:48:26.8081385+01:00" endTime="2024-01-09T15:48:26.8087753+01:00" testType="13cdc9d9-ddb5-4fa4-a97d-d965ccfc6d4b" outcome="Passed" testListId="8c84fa94-04c1-424b-9868-57a2d4851a1d" relativeResultsDirectory="9d33cc86-fd43-4190-9a73-dbd2c984abe8" />
    <UnitTestResult executionId="5566ff5c-6295-4f48-b97a-b177eff8b50b" testId="7e087806-67ee-93e5-99ce-89aefdf33c63" testName="CreateDefinition_ZeroFiltersInCategory_ZeroFilterValuesAddedToSearchCriteria" computerName="DKSR-EFI-06" duration="00:00:00.0049368" startTime="2024-01-09T15:48:26.2755937+01:00" endTime="2024-01-09T15:48:26.2807320+01:00" testType="13cdc9d9-ddb5-4fa4-a97d-d965ccfc6d4b" outcome="Passed" testListId="8c84fa94-04c1-424b-9868-57a2d4851a1d" relativeResultsDirectory="5566ff5c-6295-4f48-b97a-b177eff8b50b" />
    <UnitTestResult executionId="8ca8598d-a2fd-430c-a814-f3e49f171c8c" testId="8e306d02-bff6-2147-0601-d259a33cfc75" testName="IsProductionEnvironment_ShouldReturnCorrectValue (wtst,False)" computerName="DKSR-EFI-06" duration="00:00:00.0000038" startTime="2024-01-09T15:48:51.6491092+01:00" endTime="2024-01-09T15:48:51.6492397+01:00" testType="13cdc9d9-ddb5-4fa4-a97d-d965ccfc6d4b" outcome="Passed" testListId="8c84fa94-04c1-424b-9868-57a2d4851a1d" relativeResultsDirectory="8ca8598d-a2fd-430c-a814-f3e49f171c8c" />
    <UnitTestResult executionId="5575987c-f783-43df-8ab1-690a23414bef" testId="de275d14-569b-3727-dc66-e87b528f415d" testName="RightButtonDown_DoubleClick_ZoomsOut" computerName="DKSR-EFI-06" duration="00:00:00.0055436" startTime="2024-01-09T15:47:46.0391042+01:00" endTime="2024-01-09T15:47:46.0470677+01:00" testType="13cdc9d9-ddb5-4fa4-a97d-d965ccfc6d4b" outcome="Passed" testListId="8c84fa94-04c1-424b-9868-57a2d4851a1d" relativeResultsDirectory="5575987c-f783-43df-8ab1-690a23414bef" />
    <UnitTestResult executionId="4a5ecf81-e954-471d-a906-d313b872c9f6" testId="3ed7a399-d9a7-d9be-39f4-d877ad4e286e" testName="LoginPlugins_ShouldContainOneAccessControlLoginPluginElement_WhenIsInitialized" computerName="DKSR-EFI-06" duration="00:00:00.0074439" startTime="2024-01-09T15:48:52.8632745+01:00" endTime="2024-01-09T15:48:52.8709950+01:00" testType="13cdc9d9-ddb5-4fa4-a97d-d965ccfc6d4b" outcome="Passed" testListId="8c84fa94-04c1-424b-9868-57a2d4851a1d" relativeResultsDirectory="4a5ecf81-e954-471d-a906-d313b872c9f6" />
    <UnitTestResult executionId="40afaef9-143e-40cc-86c7-88d72886cbe5" testId="81d55e49-1ae7-4ea3-83a6-f68b4a9992bd" testName="Optics enabled, not forced" computerName="DKSR-EFI-06" duration="00:00:00.0044769" startTime="2024-01-09T15:47:51.4297271+01:00" endTime="2024-01-09T15:47:51.4344401+01:00" testType="13cdc9d9-ddb5-4fa4-a97d-d965ccfc6d4b" outcome="Passed" testListId="8c84fa94-04c1-424b-9868-57a2d4851a1d" relativeResultsDirectory="40afaef9-143e-40cc-86c7-88d72886cbe5" />
    <UnitTestResult executionId="757c3779-b487-4f78-a8da-77431b8e93e4" testId="1991c578-2343-4df2-6af1-b0db3a798f44" testName="State_ShouldBeMuted_WhenMicrophoneIsDisabled" computerName="DKSR-EFI-06" duration="00:00:00.0102199" startTime="2024-01-09T15:48:42.0720860+01:00" endTime="2024-01-09T15:48:42.0847337+01:00" testType="13cdc9d9-ddb5-4fa4-a97d-d965ccfc6d4b" outcome="Passed" testListId="8c84fa94-04c1-424b-9868-57a2d4851a1d" relativeResultsDirectory="757c3779-b487-4f78-a8da-77431b8e93e4" />
    <UnitTestResult executionId="2719dc09-f726-45df-9366-5e852fe121d0" testId="3166ce8a-6864-b5e2-c1c8-2bea9adde082" testName="MonitorPlaybackState_Deserialize_Success" computerName="DKSR-EFI-06" duration="00:00:00.0034634" startTime="2024-01-09T15:48:52.8958101+01:00" endTime="2024-01-09T15:48:52.8994351+01:00" testType="13cdc9d9-ddb5-4fa4-a97d-d965ccfc6d4b" outcome="Passed" testListId="8c84fa94-04c1-424b-9868-57a2d4851a1d" relativeResultsDirectory="2719dc09-f726-45df-9366-5e852fe121d0" />
    <UnitTestResult executionId="b2e52c7d-7d40-4010-ab7f-729ad5053ec6" testId="dacad55c-89db-4a83-ada9-6fb14502b91c" testName="EnsureLayersOrderIsValidBy_AddLayersAt_Success" computerName="DKSR-EFI-06" duration="00:00:00.0473526" startTime="2024-01-09T15:48:40.6527900+01:00" endTime="2024-01-09T15:48:40.7003591+01:00" testType="13cdc9d9-ddb5-4fa4-a97d-d965ccfc6d4b" outcome="Passed" testListId="8c84fa94-04c1-424b-9868-57a2d4851a1d" relativeResultsDirectory="b2e52c7d-7d40-4010-ab7f-729ad5053ec6" />
    <UnitTestResult executionId="1a386d70-c9f0-48f1-bb16-07108718c565" testId="eb8cc7fe-9fe8-0f19-c373-e4f56eaad478" testName="Close_ViewModelIsClosed" computerName="DKSR-EFI-06" duration="00:00:00.0035993" startTime="2024-01-09T15:47:51.8341817+01:00" endTime="2024-01-09T15:47:51.8379341+01:00" testType="13cdc9d9-ddb5-4fa4-a97d-d965ccfc6d4b" outcome="Passed" testListId="8c84fa94-04c1-424b-9868-57a2d4851a1d" relativeResultsDirectory="1a386d70-c9f0-48f1-bb16-07108718c565" />
    <UnitTestResult executionId="e7cfe180-3ae8-4c13-9dd9-3078bf801575" testId="1b048c4f-8dd0-574f-1458-26bf1df29b58" testName="BoundingBoxRefreshWithData" computerName="DKSR-EFI-06" duration="00:00:00.0469497" startTime="2024-01-09T15:48:46.2381016+01:00" endTime="2024-01-09T15:48:46.2852966+01:00" testType="13cdc9d9-ddb5-4fa4-a97d-d965ccfc6d4b" outcome="Passed" testListId="8c84fa94-04c1-424b-9868-57a2d4851a1d" relativeResultsDirectory="e7cfe180-3ae8-4c13-9dd9-3078bf801575" />
    <UnitTestResult executionId="853170b1-605c-4ce9-81f8-6ad3f645cc16" testId="45bd735f-7812-dc55-613d-6b72234baad1" testName="BoundingBoxRefresh" computerName="DKSR-EFI-06" duration="00:00:00.0026024" startTime="2024-01-09T15:48:46.2348026+01:00" endTime="2024-01-09T15:48:46.2375874+01:00" testType="13cdc9d9-ddb5-4fa4-a97d-d965ccfc6d4b" outcome="Passed" testListId="8c84fa94-04c1-424b-9868-57a2d4851a1d" relativeResultsDirectory="853170b1-605c-4ce9-81f8-6ad3f645cc16" />
    <UnitTestResult executionId="77bb8889-fe81-4a0b-8046-4738f25cf747" testId="efcae59c-c765-a30f-3362-183bf9168666" testName="Ctor_OneBuiltInIncompleteGroupDefined_NoCompositeAgentsAdded" computerName="DKSR-EFI-06" duration="00:00:00.0009242" startTime="2024-01-09T15:48:37.4696083+01:00" endTime="2024-01-09T15:48:37.4706686+01:00" testType="13cdc9d9-ddb5-4fa4-a97d-d965ccfc6d4b" outcome="Passed" testListId="8c84fa94-04c1-424b-9868-57a2d4851a1d" relativeResultsDirectory="77bb8889-fe81-4a0b-8046-4738f25cf747" />
    <UnitTestResult executionId="1b49136a-5f68-48c8-9617-34b982366a05" testId="6bd5f4c7-c179-311a-1fc1-8d1f4fd89099" testName="AddResults_ExcludePartialResults_OnePartialResult_Success" computerName="DKSR-EFI-06" duration="00:00:00.0017778" startTime="2024-01-09T15:48:26.6423744+01:00" endTime="2024-01-09T15:48:26.6442878+01:00" testType="13cdc9d9-ddb5-4fa4-a97d-d965ccfc6d4b" outcome="Passed" testListId="8c84fa94-04c1-424b-9868-57a2d4851a1d" relativeResultsDirectory="1b49136a-5f68-48c8-9617-34b982366a05" />
    <UnitTestResult executionId="d0fbe71a-5269-4bda-8964-d581cb5d6e75" testId="34c107db-e9ce-df15-620e-0ed84eb2d0d6" testName="DisplayErrorOnNotificationArea_DeviceSearchError_Success" computerName="DKSR-EFI-06" duration="00:00:00.0072092" startTime="2024-01-09T15:48:25.1293089+01:00" endTime="2024-01-09T15:48:25.1366581+01:00" testType="13cdc9d9-ddb5-4fa4-a97d-d965ccfc6d4b" outcome="Passed" testListId="8c84fa94-04c1-424b-9868-57a2d4851a1d" relativeResultsDirectory="d0fbe71a-5269-4bda-8964-d581cb5d6e75" />
    <UnitTestResult executionId="d0d5e0d1-b3fc-4f0f-995f-1274fe52d9db" testId="0fc9e9bc-717c-57dc-ce36-115b2e3717aa" testName="SearchAction_BrowseMode_OneYearInThePast" computerName="DKSR-EFI-06" duration="00:00:00.0055516" startTime="2024-01-09T15:48:49.6433409+01:00" endTime="2024-01-09T15:48:49.6490497+01:00" testType="13cdc9d9-ddb5-4fa4-a97d-d965ccfc6d4b" outcome="Passed" testListId="8c84fa94-04c1-424b-9868-57a2d4851a1d" relativeResultsDirectory="d0d5e0d1-b3fc-4f0f-995f-1274fe52d9db" />
    <UnitTestResult executionId="3e5a107d-a121-487f-a0ee-681878bf3551" testId="101686f8-0bec-03ef-e5aa-8afcc05984fe" testName="SelectionCountDisplayText_OneSelectedResult_ReturnsSingleString" computerName="DKSR-EFI-06" duration="00:00:00.0063590" startTime="2024-01-09T15:48:22.5986570+01:00" endTime="2024-01-09T15:48:22.6051702+01:00" testType="13cdc9d9-ddb5-4fa4-a97d-d965ccfc6d4b" outcome="Passed" testListId="8c84fa94-04c1-424b-9868-57a2d4851a1d" relativeResultsDirectory="3e5a107d-a121-487f-a0ee-681878bf3551" />
    <UnitTestResult executionId="6d9d2fce-5b44-46b9-a726-236900b58d1f" testId="9a284a1d-156e-907f-d45e-bf23dce7a8b2" testName="HandleGetLayerFeatures_ShouldRaiseArgumentException_WhenNotInputKind" computerName="DKSR-EFI-06" duration="00:00:00.0008819" startTime="2024-01-09T15:48:42.9431663+01:00" endTime="2024-01-09T15:48:42.9442153+01:00" testType="13cdc9d9-ddb5-4fa4-a97d-d965ccfc6d4b" outcome="Passed" testListId="8c84fa94-04c1-424b-9868-57a2d4851a1d" relativeResultsDirectory="6d9d2fce-5b44-46b9-a726-236900b58d1f" />
    <UnitTestResult executionId="c248d872-8a3b-4b58-82ed-664080bfec4d" testId="13753856-9a1f-9357-f48e-ccc42a00eb0c" testName="Cameras_where_the_user_has_RetentionCreate_rights_can_be_added_to_the_evidence_lock" computerName="DKSR-EFI-06" duration="00:00:00.0022032" startTime="2024-01-09T15:48:52.4713246+01:00" endTime="2024-01-09T15:48:52.4736557+01:00" testType="13cdc9d9-ddb5-4fa4-a97d-d965ccfc6d4b" outcome="Passed" testListId="8c84fa94-04c1-424b-9868-57a2d4851a1d" relativeResultsDirectory="c248d872-8a3b-4b58-82ed-664080bfec4d" />
    <UnitTestResult executionId="f2403490-5daf-4a52-b65c-09c1a7231ca5" testId="19ae25b4-0231-fc97-1b8f-0232f3086906" testName="Close_MainController_Success" computerName="DKSR-EFI-06" duration="00:00:00.0068171" startTime="2024-01-09T15:47:52.4793233+01:00" endTime="2024-01-09T15:47:52.4864053+01:00" testType="13cdc9d9-ddb5-4fa4-a97d-d965ccfc6d4b" outcome="Passed" testListId="8c84fa94-04c1-424b-9868-57a2d4851a1d" relativeResultsDirectory="f2403490-5daf-4a52-b65c-09c1a7231ca5" />
    <UnitTestResult executionId="7304e32a-906a-4a96-be47-be2dd89cc38a" testId="584617a4-8322-97bf-2a6c-744ce8c991ef" testName="Constructor_WhenPassingNullCredentials_ShouldThrowException" computerName="DKSR-EFI-06" duration="00:00:00.1580050" startTime="2024-01-09T15:47:40.5374807+01:00" endTime="2024-01-09T15:47:40.7220388+01:00" testType="13cdc9d9-ddb5-4fa4-a97d-d965ccfc6d4b" outcome="Passed" testListId="8c84fa94-04c1-424b-9868-57a2d4851a1d" relativeResultsDirectory="7304e32a-906a-4a96-be47-be2dd89cc38a" />
    <UnitTestResult executionId="452eb515-5636-426c-ae1c-0512a14a177e" testId="156bd96a-a805-e045-2ce9-1615a20e29fa" testName="Execute_NoCommand_DialogResultReturnsFalse" computerName="DKSR-EFI-06" duration="00:00:00.0006349" startTime="2024-01-09T15:48:45.0090040+01:00" endTime="2024-01-09T15:48:45.0097741+01:00" testType="13cdc9d9-ddb5-4fa4-a97d-d965ccfc6d4b" outcome="Passed" testListId="8c84fa94-04c1-424b-9868-57a2d4851a1d" relativeResultsDirectory="452eb515-5636-426c-ae1c-0512a14a177e" />
    <UnitTestResult executionId="f91f02ce-7bf8-41e0-b87e-e65ac5fde512" testId="23557db4-cf2f-5c4a-81e2-b54970cb5a80" testName="LoadMapAsyncWithBuildings_Success" computerName="DKSR-EFI-06" duration="00:00:00.0503015" startTime="2024-01-09T15:48:40.3038105+01:00" endTime="2024-01-09T15:48:40.3544022+01:00" testType="13cdc9d9-ddb5-4fa4-a97d-d965ccfc6d4b" outcome="Passed" testListId="8c84fa94-04c1-424b-9868-57a2d4851a1d" relativeResultsDirectory="f91f02ce-7bf8-41e0-b87e-e65ac5fde512" />
    <UnitTestResult executionId="20f67cd2-c6be-4518-8be7-325f8f5152d3" testId="efe4db7d-9fc9-dd9f-492e-e4ff6529fb1e" testName="SerializeDeserialize_ExcludeNotPersistedProperties_Success" computerName="DKSR-EFI-06" duration="00:00:00.0009870" startTime="2024-01-09T15:48:46.0071200+01:00" endTime="2024-01-09T15:48:46.0082462+01:00" testType="13cdc9d9-ddb5-4fa4-a97d-d965ccfc6d4b" outcome="Passed" testListId="8c84fa94-04c1-424b-9868-57a2d4851a1d" relativeResultsDirectory="20f67cd2-c6be-4518-8be7-325f8f5152d3" />
    <UnitTestResult executionId="88e6e1ff-9879-4341-bc91-755821616fcd" testId="56b52fe7-501e-5059-ffb3-616a27cb0414" testName="WhenActionExecutedWithAlarmsWithRelatedDeviceThenEveryObserverNotifiedWithRelated" computerName="DKSR-EFI-06" duration="00:00:00.0059361" startTime="2024-01-09T15:48:43.1409178+01:00" endTime="2024-01-09T15:48:43.1470132+01:00" testType="13cdc9d9-ddb5-4fa4-a97d-d965ccfc6d4b" outcome="Passed" testListId="8c84fa94-04c1-424b-9868-57a2d4851a1d" relativeResultsDirectory="88e6e1ff-9879-4341-bc91-755821616fcd" />
    <UnitTestResult executionId="9efeb89e-70c6-400a-82f4-fa7d4861e0d6" testId="6abab9f6-2ccc-d047-2fba-1c19ca4d1351" testName="UpdateAndSaveBuilding_Success" computerName="DKSR-EFI-06" duration="00:00:00.0831846" startTime="2024-01-09T15:48:38.2799967+01:00" endTime="2024-01-09T15:48:38.3633855+01:00" testType="13cdc9d9-ddb5-4fa4-a97d-d965ccfc6d4b" outcome="Passed" testListId="8c84fa94-04c1-424b-9868-57a2d4851a1d" relativeResultsDirectory="9efeb89e-70c6-400a-82f4-fa7d4861e0d6" />
    <UnitTestResult executionId="1570c621-4ca3-46d8-a9ba-d52fbc73ef65" testId="c9679473-a3e5-7489-307e-ee6faf3a6896" testName="SupportsDoubleClick_ShouldBeFalse_WhenInteractionStateIsNotNormal" computerName="DKSR-EFI-06" duration="00:00:00.0079475" startTime="2024-01-09T15:47:47.4500200+01:00" endTime="2024-01-09T15:47:47.4604346+01:00" testType="13cdc9d9-ddb5-4fa4-a97d-d965ccfc6d4b" outcome="Passed" testListId="8c84fa94-04c1-424b-9868-57a2d4851a1d" relativeResultsDirectory="1570c621-4ca3-46d8-a9ba-d52fbc73ef65" />
    <UnitTestResult executionId="0a1fb810-0ee7-4b07-8fea-efc89e834d35" testId="a0ce8b18-c0e1-b20c-c79e-d473edcc8518" testName="SearchResultsActionBarActions_EditBookmark_ResultMovedOutOfSearchScope_EditBookmarkInvokedAndSearchStarted" computerName="DKSR-EFI-06" duration="00:00:00.0125322" startTime="2024-01-09T15:48:23.0841303+01:00" endTime="2024-01-09T15:48:23.0968361+01:00" testType="13cdc9d9-ddb5-4fa4-a97d-d965ccfc6d4b" outcome="Passed" testListId="8c84fa94-04c1-424b-9868-57a2d4851a1d" relativeResultsDirectory="0a1fb810-0ee7-4b07-8fea-efc89e834d35" />
    <UnitTestResult executionId="d23e2781-9e60-4130-b6c4-753334f6cc54" testId="c126ef38-de54-9d14-e11c-edf70abaf073" testName="PtzInfoViewModel_PtzNotCotrolledTest" computerName="DKSR-EFI-06" duration="00:00:00.0039443" startTime="2024-01-09T15:47:43.5673610+01:00" endTime="2024-01-09T15:47:43.5715334+01:00" testType="13cdc9d9-ddb5-4fa4-a97d-d965ccfc6d4b" outcome="Passed" testListId="8c84fa94-04c1-424b-9868-57a2d4851a1d" relativeResultsDirectory="d23e2781-9e60-4130-b6c4-753334f6cc54" />
    <UnitTestResult executionId="38927c83-d1be-47ea-9304-532686f2b828" testId="ab974738-a590-83df-60ac-92b301ef7ab8" testName="Deserialize_MissingItemId_Error" computerName="DKSR-EFI-06" duration="00:00:00.0012469" startTime="2024-01-09T15:48:26.8006967+01:00" endTime="2024-01-09T15:48:26.8020808+01:00" testType="13cdc9d9-ddb5-4fa4-a97d-d965ccfc6d4b" outcome="Passed" testListId="8c84fa94-04c1-424b-9868-57a2d4851a1d" relativeResultsDirectory="38927c83-d1be-47ea-9304-532686f2b828" />
    <UnitTestResult executionId="95bbfe92-0246-4170-baef-c9de2aa684c2" testId="dbc60698-0cd7-03e9-b63e-13b29d5c84fe" testName="VideoResultSearchResult_PropertiesWhenCombinedResultBothSameAndDifferentCategoryNames_CollectedAndDisplayed" computerName="DKSR-EFI-06" duration="00:00:00.0174683" startTime="2024-01-09T15:48:12.5755599+01:00" endTime="2024-01-09T15:48:12.5959632+01:00" testType="13cdc9d9-ddb5-4fa4-a97d-d965ccfc6d4b" outcome="Passed" testListId="8c84fa94-04c1-424b-9868-57a2d4851a1d" relativeResultsDirectory="95bbfe92-0246-4170-baef-c9de2aa684c2" />
    <UnitTestResult executionId="829af7e2-b3cd-422e-a155-45d6a121f7b5" testId="b77b4041-c2a1-a348-dd99-14c2acc50a9c" testName="ConvertToNewLevel_ThreeLevelsDown_Success" computerName="DKSR-EFI-06" duration="00:00:00.0001995" startTime="2024-01-09T15:48:43.6974794+01:00" endTime="2024-01-09T15:48:43.6978092+01:00" testType="13cdc9d9-ddb5-4fa4-a97d-d965ccfc6d4b" outcome="Passed" testListId="8c84fa94-04c1-424b-9868-57a2d4851a1d" relativeResultsDirectory="829af7e2-b3cd-422e-a155-45d6a121f7b5" />
    <UnitTestResult executionId="193f2f81-860f-4378-8650-adca43d80c76" testId="8ad35947-3018-f160-b80e-8c54c467a21a" testName="GetCredential_ShouldReturnNull_WhenAuthTypeIsNull" computerName="DKSR-EFI-06" duration="00:00:00.0006224" startTime="2024-01-09T15:47:43.3589400+01:00" endTime="2024-01-09T15:47:43.3596819+01:00" testType="13cdc9d9-ddb5-4fa4-a97d-d965ccfc6d4b" outcome="Passed" testListId="8c84fa94-04c1-424b-9868-57a2d4851a1d" relativeResultsDirectory="193f2f81-860f-4378-8650-adca43d80c76" />
    <UnitTestResult executionId="7cee4925-e4ab-45a1-ad1a-27a6c3ca27f6" testId="96abbcdd-783c-a6e6-4e38-7f3dc42ebf4f" testName="FilteredItems_NoFilter_AllItemsVisible" computerName="DKSR-EFI-06" duration="00:00:00.0120257" startTime="2024-01-09T15:48:37.9414828+01:00" endTime="2024-01-09T15:48:37.9560934+01:00" testType="13cdc9d9-ddb5-4fa4-a97d-d965ccfc6d4b" outcome="Passed" testListId="8c84fa94-04c1-424b-9868-57a2d4851a1d" relativeResultsDirectory="7cee4925-e4ab-45a1-ad1a-27a6c3ca27f6" />
    <UnitTestResult executionId="259c391f-530a-46eb-a63c-193e356a002a" testId="5af784fc-9243-ca85-aed0-526fe2586632" testName="BuildState_Success" computerName="DKSR-EFI-06" duration="00:00:00.0266096" startTime="2024-01-09T15:47:52.3985540+01:00" endTime="2024-01-09T15:47:52.4253326+01:00" testType="13cdc9d9-ddb5-4fa4-a97d-d965ccfc6d4b" outcome="Passed" testListId="8c84fa94-04c1-424b-9868-57a2d4851a1d" relativeResultsDirectory="259c391f-530a-46eb-a63c-193e356a002a" />
    <UnitTestResult executionId="4a385491-7fa3-4eb0-89d5-bd283221c44b" testId="80cc67c7-792e-07c8-c20a-98cfccf11348" testName="UpdateAttributeValue_ValidAttributeAndCriteria_DisplayValueUpdated" computerName="DKSR-EFI-06" duration="00:00:00.0009854" startTime="2024-01-09T15:48:22.4129558+01:00" endTime="2024-01-09T15:48:22.4140771+01:00" testType="13cdc9d9-ddb5-4fa4-a97d-d965ccfc6d4b" outcome="Passed" testListId="8c84fa94-04c1-424b-9868-57a2d4851a1d" relativeResultsDirectory="4a385491-7fa3-4eb0-89d5-bd283221c44b" />
    <UnitTestResult executionId="925eb37f-37c9-4de6-b6c2-344f5172bbbd" testId="3396378a-9ca0-08c0-5632-b84c1a5adbad" testName="RemoveWorkroom_ShouldChangeSelectionToPreviousWorkroom_WhenSelectedWorkroomIsRemovedAndThereIsNoNextWorkroom" computerName="DKSR-EFI-06" duration="00:00:00.0069996" startTime="2024-01-09T15:48:51.4785604+01:00" endTime="2024-01-09T15:48:51.4857125+01:00" testType="13cdc9d9-ddb5-4fa4-a97d-d965ccfc6d4b" outcome="Passed" testListId="8c84fa94-04c1-424b-9868-57a2d4851a1d" relativeResultsDirectory="925eb37f-37c9-4de6-b6c2-344f5172bbbd" />
    <UnitTestResult executionId="bfeb1a32-761c-44f5-aeb2-af3c24905bf4" testId="c6be3c70-f05e-da41-cdde-2e744b71ec65" testName="GetUserName_ShouldReturnUserNamePartOfNetworkCredentials_WhenNetworkCredentialsContainsAUserName" computerName="DKSR-EFI-06" duration="00:00:00.0026708" startTime="2024-01-09T15:47:43.3654473+01:00" endTime="2024-01-09T15:47:43.3682645+01:00" testType="13cdc9d9-ddb5-4fa4-a97d-d965ccfc6d4b" outcome="Passed" testListId="8c84fa94-04c1-424b-9868-57a2d4851a1d" relativeResultsDirectory="bfeb1a32-761c-44f5-aeb2-af3c24905bf4" />
    <UnitTestResult executionId="82d1ae2b-eecb-4263-b2db-f2c6e5d9fbc0" testId="cea1f122-04c5-bf3d-5adc-09ad4dc7f7c2" testName="Ctor_CentralizedSearchStateWithNoSelectedSearchTemplate_ActiveSearchTemplateNotSet" computerName="DKSR-EFI-06" duration="00:00:00.0077507" startTime="2024-01-09T15:48:24.8786753+01:00" endTime="2024-01-09T15:48:24.8866027+01:00" testType="13cdc9d9-ddb5-4fa4-a97d-d965ccfc6d4b" outcome="Passed" testListId="8c84fa94-04c1-424b-9868-57a2d4851a1d" relativeResultsDirectory="82d1ae2b-eecb-4263-b2db-f2c6e5d9fbc0" />
    <UnitTestResult executionId="97818ca2-4ef6-42b1-8b96-070bb32e79da" testId="cc634d85-ac00-a639-0e52-434691164702" testName="Search_MultipleCategoriesWithOverlappingFilter_AppropriateFiltersUpdatedInSubDefinitions" computerName="DKSR-EFI-06" duration="00:00:00.0046924" startTime="2024-01-09T15:48:37.3958052+01:00" endTime="2024-01-09T15:48:37.4006352+01:00" testType="13cdc9d9-ddb5-4fa4-a97d-d965ccfc6d4b" outcome="Passed" testListId="8c84fa94-04c1-424b-9868-57a2d4851a1d" relativeResultsDirectory="97818ca2-4ef6-42b1-8b96-070bb32e79da" />
    <UnitTestResult executionId="d862254f-8cf9-4651-be1f-9a506ae4a6ef" testId="53f5a1ce-14d4-a418-d0ff-8ef725db7d01" testName="Ctor_WpfMessageBoxButtonIsSetToOkCancel_OnlyOkCancelButtonsVisible" computerName="DKSR-EFI-06" duration="00:00:00.0004783" startTime="2024-01-09T15:48:44.9993573+01:00" endTime="2024-01-09T15:48:44.9999847+01:00" testType="13cdc9d9-ddb5-4fa4-a97d-d965ccfc6d4b" outcome="Passed" testListId="8c84fa94-04c1-424b-9868-57a2d4851a1d" relativeResultsDirectory="d862254f-8cf9-4651-be1f-9a506ae4a6ef" />
    <UnitTestResult executionId="5bc1e094-637e-4314-9e79-5b6f27586f66" testId="8afe4c58-19f6-dd1a-c67e-b2b4ee85f2ac" testName="Selected_retention_option_is_cleared_when_not_available" computerName="DKSR-EFI-06" duration="00:00:00.0037729" startTime="2024-01-09T15:48:52.4317791+01:00" endTime="2024-01-09T15:48:52.4356904+01:00" testType="13cdc9d9-ddb5-4fa4-a97d-d965ccfc6d4b" outcome="Passed" testListId="8c84fa94-04c1-424b-9868-57a2d4851a1d" relativeResultsDirectory="5bc1e094-637e-4314-9e79-5b6f27586f66" />
    <UnitTestResult executionId="46280dcc-376e-49bb-b2f3-bd2347d2a858" testId="faf9bd45-1e34-2d61-de4a-11b39437c102" testName="SearchTemplatesEnabled_SaveSearchesServerOptionIsFalse_ReturnsFalse" computerName="DKSR-EFI-06" duration="00:00:00.0066015" startTime="2024-01-09T15:48:25.2608970+01:00" endTime="2024-01-09T15:48:25.2676411+01:00" testType="13cdc9d9-ddb5-4fa4-a97d-d965ccfc6d4b" outcome="Passed" testListId="8c84fa94-04c1-424b-9868-57a2d4851a1d" relativeResultsDirectory="46280dcc-376e-49bb-b2f3-bd2347d2a858" />
    <UnitTestResult executionId="b2b1a7b5-58c4-4a18-9b6e-19298d66a1a2" testId="e3eaed0d-86bd-8f89-51b2-10bb869eeb76" testName="RetrievalTestStop" computerName="DKSR-EFI-06" duration="00:00:00.0142175" startTime="2024-01-09T15:48:45.1241624+01:00" endTime="2024-01-09T15:48:45.1385608+01:00" testType="13cdc9d9-ddb5-4fa4-a97d-d965ccfc6d4b" outcome="Passed" testListId="8c84fa94-04c1-424b-9868-57a2d4851a1d" relativeResultsDirectory="b2b1a7b5-58c4-4a18-9b6e-19298d66a1a2" />
    <UnitTestResult executionId="d9192189-e1d6-4de3-a880-cdaf3019f7ea" testId="eccb1112-d77c-887e-87bf-b7f65298e1a6" testName="SmartSearchStatusDto_ShouldYieldSameValues_WhenRoundTripConverted" computerName="DKSR-EFI-06" duration="00:00:00.0011171" startTime="2024-01-09T15:47:41.0085913+01:00" endTime="2024-01-09T15:47:41.0099015+01:00" testType="13cdc9d9-ddb5-4fa4-a97d-d965ccfc6d4b" outcome="Passed" testListId="8c84fa94-04c1-424b-9868-57a2d4851a1d" relativeResultsDirectory="d9192189-e1d6-4de3-a880-cdaf3019f7ea" />
    <UnitTestResult executionId="12655675-66ad-41a0-a5c0-72e5199d4a4b" testId="6cafc5ed-fe23-6238-885d-2059ca1b7427" testName="HandleSetLayerFeatures_ShouldRaiseArgumentException_WhenNotCameraKindAndCameraLayerFeaturesAndOutputLayer" computerName="DKSR-EFI-06" duration="00:00:00.0008677" startTime="2024-01-09T15:48:42.9350865+01:00" endTime="2024-01-09T15:48:42.9361089+01:00" testType="13cdc9d9-ddb5-4fa4-a97d-d965ccfc6d4b" outcome="Passed" testListId="8c84fa94-04c1-424b-9868-57a2d4851a1d" relativeResultsDirectory="12655675-66ad-41a0-a5c0-72e5199d4a4b" />
    <UnitTestResult executionId="8ff7ebe1-ef19-4cfd-b0da-f047dbf63ece" testId="f33717b2-6c8e-2361-6ace-29e4108005a6" testName="AndOrSearchDefinitionToCornerRadiusMultiConverter_CallConvert_WithNullSearchDefinitionWrapper" computerName="DKSR-EFI-06" duration="00:00:00.0007124" startTime="2024-01-09T15:48:10.2674956+01:00" endTime="2024-01-09T15:48:10.2683503+01:00" testType="13cdc9d9-ddb5-4fa4-a97d-d965ccfc6d4b" outcome="Passed" testListId="8c84fa94-04c1-424b-9868-57a2d4851a1d" relativeResultsDirectory="8ff7ebe1-ef19-4cfd-b0da-f047dbf63ece" />
    <UnitTestResult executionId="75c780d8-d885-4f96-ba78-b9ff191cb28c" testId="91423947-d9d3-4bfd-cfab-68c119421239" testName="GetWorkspaceToolbarItems_ShouldReturnGroupedToolbarItemAsDisabled_WhenAllSubItemsAreDisabled" computerName="DKSR-EFI-06" duration="00:00:00.0018190" startTime="2024-01-09T15:48:44.3661003+01:00" endTime="2024-01-09T15:48:44.3680583+01:00" testType="13cdc9d9-ddb5-4fa4-a97d-d965ccfc6d4b" outcome="Passed" testListId="8c84fa94-04c1-424b-9868-57a2d4851a1d" relativeResultsDirectory="75c780d8-d885-4f96-ba78-b9ff191cb28c" />
    <UnitTestResult executionId="c38a13e6-5671-4854-bcaf-4dedc90885e1" testId="f5cc9535-b7e6-daa3-8b93-880b7a1798ad" testName="AddClientId_WhereClientIsNull_ThrowException" computerName="DKSR-EFI-06" duration="00:00:00.0005162" startTime="2024-01-09T15:47:45.9226874+01:00" endTime="2024-01-09T15:47:45.9234465+01:00" testType="13cdc9d9-ddb5-4fa4-a97d-d965ccfc6d4b" outcome="Passed" testListId="8c84fa94-04c1-424b-9868-57a2d4851a1d" relativeResultsDirectory="c38a13e6-5671-4854-bcaf-4dedc90885e1" />
    <UnitTestResult executionId="80c4b0bb-c249-4e89-985d-454719d15c9e" testId="f9180ab0-97a0-1d07-1493-896e111e86f4" testName="TryGetOsmServerTileAddress_ShouldSetEmptyUriAddress_WhenOsmServerAddressIsEmpty" computerName="DKSR-EFI-06" duration="00:00:00.0002376" startTime="2024-01-09T15:48:43.0198262+01:00" endTime="2024-01-09T15:48:43.0202753+01:00" testType="13cdc9d9-ddb5-4fa4-a97d-d965ccfc6d4b" outcome="Passed" testListId="8c84fa94-04c1-424b-9868-57a2d4851a1d" relativeResultsDirectory="80c4b0bb-c249-4e89-985d-454719d15c9e" />
    <UnitTestResult executionId="590da88f-0146-40ed-8bac-201fef7f4595" testId="2833457c-1856-8c1e-4496-190a417e49d0" testName="Deserialize_ShouldReturnCombineTypeAnd_WhenCombineTypeIsAndInXml" computerName="DKSR-EFI-06" duration="00:00:00.0027821" startTime="2024-01-09T15:48:26.5620426+01:00" endTime="2024-01-09T15:48:26.5649702+01:00" testType="13cdc9d9-ddb5-4fa4-a97d-d965ccfc6d4b" outcome="Passed" testListId="8c84fa94-04c1-424b-9868-57a2d4851a1d" relativeResultsDirectory="590da88f-0146-40ed-8bac-201fef7f4595" />
    <UnitTestResult executionId="373b3d15-fc4e-47a0-b8eb-6420d531b07f" testId="df32f1cb-82fe-5f6f-2fce-2d11c090b877" testName="TryGetOsmServerTileAddress_ShouldSetEmptyAddress_WhenOsmServerAddressIsNull" computerName="DKSR-EFI-06" duration="00:00:00.0004536" startTime="2024-01-09T15:48:43.0187339+01:00" endTime="2024-01-09T15:48:43.0193222+01:00" testType="13cdc9d9-ddb5-4fa4-a97d-d965ccfc6d4b" outcome="Passed" testListId="8c84fa94-04c1-424b-9868-57a2d4851a1d" relativeResultsDirectory="373b3d15-fc4e-47a0-b8eb-6420d531b07f" />
    <UnitTestResult executionId="6b21107d-9ba5-47e5-90ea-42328c61bd32" testId="113f0a6f-863e-d128-89b6-fd830e00edfd" testName="DoubleClickOnPreviewPlayer_ShouldNotOpenDetailsView_WhenFocusedItemIsNull" computerName="DKSR-EFI-06" duration="00:00:00.9160912" startTime="2024-01-09T15:48:07.4420300+01:00" endTime="2024-01-09T15:48:08.3613280+01:00" testType="13cdc9d9-ddb5-4fa4-a97d-d965ccfc6d4b" outcome="Passed" testListId="8c84fa94-04c1-424b-9868-57a2d4851a1d" relativeResultsDirectory="6b21107d-9ba5-47e5-90ea-42328c61bd32" />
    <UnitTestResult executionId="b5c7dc73-5d9e-4d7a-a5ac-e6eb9b63389d" testId="eaed56d6-5fe7-43a9-6be3-9e902b595505" testName="TestConstructor_Copy_Success" computerName="DKSR-EFI-06" duration="00:00:00.0004199" startTime="2024-01-09T15:48:39.8543105+01:00" endTime="2024-01-09T15:48:39.8548728+01:00" testType="13cdc9d9-ddb5-4fa4-a97d-d965ccfc6d4b" outcome="Passed" testListId="8c84fa94-04c1-424b-9868-57a2d4851a1d" relativeResultsDirectory="b5c7dc73-5d9e-4d7a-a5ac-e6eb9b63389d" />
    <UnitTestResult executionId="46a26383-9acd-48d4-8dad-ed3118e713d6" testId="b292696a-1665-7718-2677-c233de8e9b49" testName="UserHasDeletePublicSearchPermission_HasDeletePermission_ReturnsTrue" computerName="DKSR-EFI-06" duration="00:00:00.0003493" startTime="2024-01-09T15:48:26.1012466+01:00" endTime="2024-01-09T15:48:26.1017343+01:00" testType="13cdc9d9-ddb5-4fa4-a97d-d965ccfc6d4b" outcome="Passed" testListId="8c84fa94-04c1-424b-9868-57a2d4851a1d" relativeResultsDirectory="46a26383-9acd-48d4-8dad-ed3118e713d6" />
    <UnitTestResult executionId="44ab667e-2bb4-4195-b5be-a1cc7dd9373a" testId="cb294e8a-66b3-92e4-9b3b-b2ff0e864477" testName="Update_Retention_Times_Cannot_Be_Before_1900" computerName="DKSR-EFI-06" duration="00:00:00.0021745" startTime="2024-01-09T15:48:52.4425617+01:00" endTime="2024-01-09T15:48:52.4448744+01:00" testType="13cdc9d9-ddb5-4fa4-a97d-d965ccfc6d4b" outcome="Passed" testListId="8c84fa94-04c1-424b-9868-57a2d4851a1d" relativeResultsDirectory="44ab667e-2bb4-4195-b5be-a1cc7dd9373a" />
    <UnitTestResult executionId="5ebcc405-5e45-4832-b99a-3773a92d37c0" testId="f5f7c350-0036-6cce-ab16-407f71b81cb4" testName="SidePanelToggleButtonIsVisible_DependingOnConditions (FullScreen,True,True,False)" computerName="DKSR-EFI-06" duration="00:00:00.0157158" startTime="2024-01-09T15:48:44.7638489+01:00" endTime="2024-01-09T15:48:44.7797871+01:00" testType="13cdc9d9-ddb5-4fa4-a97d-d965ccfc6d4b" outcome="Passed" testListId="8c84fa94-04c1-424b-9868-57a2d4851a1d" relativeResultsDirectory="5ebcc405-5e45-4832-b99a-3773a92d37c0" />
    <UnitTestResult executionId="e0af03c8-d26a-438f-af23-15c6fb0b8fee" testId="45e90a7e-78c2-d92a-c93a-505afc46f1ab" testName="OnLoaded_NoUserControl_Success" computerName="DKSR-EFI-06" duration="00:00:00.0502243" startTime="2024-01-09T15:47:54.1636457+01:00" endTime="2024-01-09T15:47:54.2173460+01:00" testType="13cdc9d9-ddb5-4fa4-a97d-d965ccfc6d4b" outcome="Passed" testListId="8c84fa94-04c1-424b-9868-57a2d4851a1d" relativeResultsDirectory="e0af03c8-d26a-438f-af23-15c6fb0b8fee" />
    <UnitTestResult executionId="6886b33b-0459-4f2c-ac1d-1f42b37ee53b" testId="633b1573-6042-ec26-9f10-dd2e2dcea040" testName="ScrollIntoView_Sync_DefinitionViewInViewPort_NotScrolled" computerName="DKSR-EFI-06" duration="00:00:00.0488193" startTime="2024-01-09T15:47:53.1136234+01:00" endTime="2024-01-09T15:47:53.1650513+01:00" testType="13cdc9d9-ddb5-4fa4-a97d-d965ccfc6d4b" outcome="Passed" testListId="8c84fa94-04c1-424b-9868-57a2d4851a1d" relativeResultsDirectory="6886b33b-0459-4f2c-ac1d-1f42b37ee53b" />
    <UnitTestResult executionId="667ecfa8-1a27-4555-b91c-d4e678199407" testId="782e99d7-36f7-67c7-e68d-cb6d91a4a048" testName="Convert_ShouldReturnTextBlock_WhenValueIsString" computerName="DKSR-EFI-06" duration="00:00:00.0007120" startTime="2024-01-09T15:47:43.4537130+01:00" endTime="2024-01-09T15:47:43.4576238+01:00" testType="13cdc9d9-ddb5-4fa4-a97d-d965ccfc6d4b" outcome="Passed" testListId="8c84fa94-04c1-424b-9868-57a2d4851a1d" relativeResultsDirectory="667ecfa8-1a27-4555-b91c-d4e678199407" />
    <UnitTestResult executionId="a752776e-2124-407c-8707-dccbc1612e16" testId="8304cf81-7f4f-297c-5609-3851440a85fa" testName="Compare_NullVsNotNull_GreaterThan" computerName="DKSR-EFI-06" duration="00:00:00.0002128" startTime="2024-01-09T15:48:26.7424572+01:00" endTime="2024-01-09T15:48:26.7428039+01:00" testType="13cdc9d9-ddb5-4fa4-a97d-d965ccfc6d4b" outcome="Passed" testListId="8c84fa94-04c1-424b-9868-57a2d4851a1d" relativeResultsDirectory="a752776e-2124-407c-8707-dccbc1612e16" />
    <UnitTestResult executionId="6e7cd69b-3f4c-4f69-be67-468977ca1854" testId="b39b8640-a4cc-96cc-891a-64310b2030c3" testName="SearchResultDetailsView_MouseDoubleClick_AnimationDisabled_DetailsViewRemovedFromDetailsViewControl" computerName="DKSR-EFI-06" startTime="2024-01-09T15:47:58.8563467+01:00" endTime="2024-01-09T15:47:58.8569412+01:00" testType="13cdc9d9-ddb5-4fa4-a97d-d965ccfc6d4b" outcome="NotExecuted" testListId="8c84fa94-04c1-424b-9868-57a2d4851a1d" relativeResultsDirectory="6e7cd69b-3f4c-4f69-be67-468977ca1854">
      <Output></Output>
    </UnitTestResult>
    <UnitTestResult executionId="469ab97b-5547-4c7b-acd4-7699174b88ac" testId="abc7abf0-9397-c3e5-30a2-27064f8066b3" testName="Password1 valid, Password 2 invalid, higher length" computerName="DKSR-EFI-06" duration="00:00:00.0001033" startTime="2024-01-09T15:47:52.2119303+01:00" endTime="2024-01-09T15:47:52.2121848+01:00" testType="13cdc9d9-ddb5-4fa4-a97d-d965ccfc6d4b" outcome="Passed" testListId="8c84fa94-04c1-424b-9868-57a2d4851a1d" relativeResultsDirectory="469ab97b-5547-4c7b-acd4-7699174b88ac" />
    <UnitTestResult executionId="d0b35d38-9e8c-48e4-b2d3-f5fdb21e42e9" testId="9c878434-1b6f-51cd-943c-ef6ecaa488ad" testName="Password too short" computerName="DKSR-EFI-06" duration="00:00:00.0002242" startTime="2024-01-09T15:47:52.2190511+01:00" endTime="2024-01-09T15:47:52.2194019+01:00" testType="13cdc9d9-ddb5-4fa4-a97d-d965ccfc6d4b" outcome="Passed" testListId="8c84fa94-04c1-424b-9868-57a2d4851a1d" relativeResultsDirectory="d0b35d38-9e8c-48e4-b2d3-f5fdb21e42e9" />
    <UnitTestResult executionId="712a9307-403f-4b12-b44f-ce27bb944d37" testId="117fa8ef-1259-0f08-beca-cde4c7f00c30" testName="InputMapItem_ForceActivateAsync_InBuilding_MapLayerHidden_Success" computerName="DKSR-EFI-06" duration="00:00:00.0104527" startTime="2024-01-09T15:48:42.4048224+01:00" endTime="2024-01-09T15:48:42.4154474+01:00" testType="13cdc9d9-ddb5-4fa4-a97d-d965ccfc6d4b" outcome="Passed" testListId="8c84fa94-04c1-424b-9868-57a2d4851a1d" relativeResultsDirectory="712a9307-403f-4b12-b44f-ce27bb944d37" />
    <UnitTestResult executionId="36074655-a956-472e-84c9-4e58936d27bd" testId="7e66b483-7a2b-eb7e-b3f4-08fdb2d87edb" testName="SaveSearchTemplateAsync_ActiveAndSaveFails_Success" computerName="DKSR-EFI-06" duration="00:00:00.0040018" startTime="2024-01-09T15:48:26.0557894+01:00" endTime="2024-01-09T15:48:26.0599336+01:00" testType="13cdc9d9-ddb5-4fa4-a97d-d965ccfc6d4b" outcome="Passed" testListId="8c84fa94-04c1-424b-9868-57a2d4851a1d" relativeResultsDirectory="36074655-a956-472e-84c9-4e58936d27bd" />
    <UnitTestResult executionId="b0eef59f-bf11-41a7-8aa3-9cacfaa49881" testId="3d6545fc-4bd4-f8dd-090b-7fa4464a971d" testName="Constructor_ShouldRaiseArgumentNullException_WhenGisMapViewModelIsNull" computerName="DKSR-EFI-06" duration="00:00:00.0101934" startTime="2024-01-09T15:47:44.9215327+01:00" endTime="2024-01-09T15:47:44.9348820+01:00" testType="13cdc9d9-ddb5-4fa4-a97d-d965ccfc6d4b" outcome="Passed" testListId="8c84fa94-04c1-424b-9868-57a2d4851a1d" relativeResultsDirectory="b0eef59f-bf11-41a7-8aa3-9cacfaa49881" />
    <UnitTestResult executionId="913d544d-5f9a-47ee-8d1d-2ec7ffe1b088" testId="a4234a76-75fb-b47f-57a5-6def17414cfd" testName="UpdateScope_AbsoluteScopeDurationToTimeChanged_ReturnsTrue" computerName="DKSR-EFI-06" duration="00:00:00.0001581" startTime="2024-01-09T15:48:26.6692288+01:00" endTime="2024-01-09T15:48:26.6695086+01:00" testType="13cdc9d9-ddb5-4fa4-a97d-d965ccfc6d4b" outcome="Passed" testListId="8c84fa94-04c1-424b-9868-57a2d4851a1d" relativeResultsDirectory="913d544d-5f9a-47ee-8d1d-2ec7ffe1b088" />
    <UnitTestResult executionId="7c188d25-a075-4151-a7f3-3da7decb035f" testId="e321a84a-46d6-5a10-48a6-04d6f541eeb1" testName="PtzSessionControllerInfoConstructorTest_From_PtzSessionInfo_Idle_User" computerName="DKSR-EFI-06" duration="00:00:00.0004966" startTime="2024-01-09T15:47:43.1947680+01:00" endTime="2024-01-09T15:47:43.1954393+01:00" testType="13cdc9d9-ddb5-4fa4-a97d-d965ccfc6d4b" outcome="Passed" testListId="8c84fa94-04c1-424b-9868-57a2d4851a1d" relativeResultsDirectory="7c188d25-a075-4151-a7f3-3da7decb035f" />
    <UnitTestResult executionId="64c26369-9d67-4f1b-b556-f52ebaede743" testId="d6e18f4d-928d-faa8-fd00-f4b6e0b7623e" testName="PreprocessorResultsProcessed_ShouldAppendReselectedSearchResults_WhenPreprocessorHasResultsToReselect" computerName="DKSR-EFI-06" duration="00:00:00.0133396" startTime="2024-01-09T15:48:25.2933033+01:00" endTime="2024-01-09T15:48:25.3068063+01:00" testType="13cdc9d9-ddb5-4fa4-a97d-d965ccfc6d4b" outcome="Passed" testListId="8c84fa94-04c1-424b-9868-57a2d4851a1d" relativeResultsDirectory="64c26369-9d67-4f1b-b556-f52ebaede743" />
    <UnitTestResult executionId="7624b80f-13f9-436f-b349-0676c007acce" testId="f7f3f6a6-4ba1-e9bb-d8fc-f000e145af31" testName="ToDenormalizedDirection_GreaterThan1_0_Failure" computerName="DKSR-EFI-06" duration="00:00:00.0003332" startTime="2024-01-09T15:48:38.6288546+01:00" endTime="2024-01-09T15:48:38.6295000+01:00" testType="13cdc9d9-ddb5-4fa4-a97d-d965ccfc6d4b" outcome="Passed" testListId="8c84fa94-04c1-424b-9868-57a2d4851a1d" relativeResultsDirectory="7624b80f-13f9-436f-b349-0676c007acce" />
    <UnitTestResult executionId="468d04da-e1fa-46ea-8f7c-30b673ed3b89" testId="bfa2e036-0b0c-2621-93e6-fae23f6d7c6d" testName="Initialize_ShouldSelectTheFirstCameraWithRegionSelected_WhenInitializedWithFilterValueThatHasRegionSelected" computerName="DKSR-EFI-06" duration="00:00:00.0023741" startTime="2024-01-09T15:48:38.0769423+01:00" endTime="2024-01-09T15:48:38.0795084+01:00" testType="13cdc9d9-ddb5-4fa4-a97d-d965ccfc6d4b" outcome="Passed" testListId="8c84fa94-04c1-424b-9868-57a2d4851a1d" relativeResultsDirectory="468d04da-e1fa-46ea-8f7c-30b673ed3b89" />
    <UnitTestResult executionId="ac9edd57-19c6-49d2-af31-b0c34505e1fc" testId="f63c2d26-77b7-377e-2b59-219fb8f0f7b9" testName="CameraMapItem_UpdateName_Rejected" computerName="DKSR-EFI-06" duration="00:00:00.0258803" startTime="2024-01-09T15:48:39.4148314+01:00" endTime="2024-01-09T15:48:39.4409315+01:00" testType="13cdc9d9-ddb5-4fa4-a97d-d965ccfc6d4b" outcome="Passed" testListId="8c84fa94-04c1-424b-9868-57a2d4851a1d" relativeResultsDirectory="ac9edd57-19c6-49d2-af31-b0c34505e1fc" />
    <UnitTestResult executionId="c6fe3679-f08c-4758-bb63-dbc8fd097554" testId="b5155b68-06cf-ff0d-b5a3-6677768f61c2" testName="SignUrl_WhereSignatureIsNotBase64_ThrowException" computerName="DKSR-EFI-06" duration="00:00:00.0017012" startTime="2024-01-09T15:47:45.9289840+01:00" endTime="2024-01-09T15:47:45.9308293+01:00" testType="13cdc9d9-ddb5-4fa4-a97d-d965ccfc6d4b" outcome="Passed" testListId="8c84fa94-04c1-424b-9868-57a2d4851a1d" relativeResultsDirectory="c6fe3679-f08c-4758-bb63-dbc8fd097554" />
    <UnitTestResult executionId="e55d8ac7-682b-44b5-a30e-dbd023641183" testId="f7f1fade-22dc-b3ee-b4cb-477d416d63d2" testName="LeftButtonDown_SingleClick_DoesNotZoom" computerName="DKSR-EFI-06" duration="00:00:00.0078317" startTime="2024-01-09T15:47:45.9889764+01:00" endTime="2024-01-09T15:47:45.9997782+01:00" testType="13cdc9d9-ddb5-4fa4-a97d-d965ccfc6d4b" outcome="Passed" testListId="8c84fa94-04c1-424b-9868-57a2d4851a1d" relativeResultsDirectory="e55d8ac7-682b-44b5-a30e-dbd023641183" />
    <UnitTestResult executionId="bf62a662-81a8-4d88-8d18-ef0f43b23995" testId="47224733-ad21-5fec-3afd-19ad43870d88" testName="Constructor_ShouldThrowAnException_WhenWorkroomIsNull" computerName="DKSR-EFI-06" duration="00:00:00.0025779" startTime="2024-01-09T15:48:45.5957790+01:00" endTime="2024-01-09T15:48:45.6014960+01:00" testType="13cdc9d9-ddb5-4fa4-a97d-d965ccfc6d4b" outcome="Passed" testListId="8c84fa94-04c1-424b-9868-57a2d4851a1d" relativeResultsDirectory="bf62a662-81a8-4d88-8d18-ef0f43b23995" />
    <UnitTestResult executionId="e4358c3a-2d19-429f-a215-3672bcc815f8" testId="59991295-e7c5-ae1a-4d3d-515c29cc9e2b" testName="ResolveSearchDefinitions_ShouldReturnResultSearchDefinition_WhenCombinedSearchResultWithMultipleSubResultAndSearchDefinitionsContainingCorrectSearchDefinitionsAreGiven" computerName="DKSR-EFI-06" duration="00:00:00.0006735" startTime="2024-01-09T15:48:26.0097353+01:00" endTime="2024-01-09T15:48:26.0105405+01:00" testType="13cdc9d9-ddb5-4fa4-a97d-d965ccfc6d4b" outcome="Passed" testListId="8c84fa94-04c1-424b-9868-57a2d4851a1d" relativeResultsDirectory="e4358c3a-2d19-429f-a215-3672bcc815f8" />
    <UnitTestResult executionId="7e0d720a-f71a-4d5d-9991-f92ecc8d132d" testId="2f6c3871-63b7-76a6-f56a-4c6dd0f4f467" testName="SearchResultDetailsView_EscapeKey_AnimationDisabled_DetailsViewRemovedFromDetailsViewControl" computerName="DKSR-EFI-06" startTime="2024-01-09T15:47:58.8573722+01:00" endTime="2024-01-09T15:47:58.8574802+01:00" testType="13cdc9d9-ddb5-4fa4-a97d-d965ccfc6d4b" outcome="NotExecuted" testListId="8c84fa94-04c1-424b-9868-57a2d4851a1d" relativeResultsDirectory="7e0d720a-f71a-4d5d-9991-f92ecc8d132d">
      <Output></Output>
    </UnitTestResult>
    <UnitTestResult executionId="66de5131-e830-4760-b350-9cabfb054930" testId="7b659e8c-3001-c494-d28a-2939a6d49456" testName="ToDenormalizedDirection_Minus0_75" computerName="DKSR-EFI-06" duration="00:00:00.0000781" startTime="2024-01-09T15:48:38.6361439+01:00" endTime="2024-01-09T15:48:38.6363368+01:00" testType="13cdc9d9-ddb5-4fa4-a97d-d965ccfc6d4b" outcome="Passed" testListId="8c84fa94-04c1-424b-9868-57a2d4851a1d" relativeResultsDirectory="66de5131-e830-4760-b350-9cabfb054930" />
    <UnitTestResult executionId="f6fbb43c-401c-4a4d-baa2-d6a83f669aa2" testId="ebc58dfd-14b7-49e6-e46a-09a44593433d" testName="CanEditRegionSelection_ShouldBeTrue_WhenHelperAllowsMoreRegionsToBeAdded" computerName="DKSR-EFI-06" duration="00:00:00.0014400" startTime="2024-01-09T15:48:38.0799809+01:00" endTime="2024-01-09T15:48:38.0815689+01:00" testType="13cdc9d9-ddb5-4fa4-a97d-d965ccfc6d4b" outcome="Passed" testListId="8c84fa94-04c1-424b-9868-57a2d4851a1d" relativeResultsDirectory="f6fbb43c-401c-4a4d-baa2-d6a83f669aa2" />
    <UnitTestResult executionId="6667f191-845c-4320-a09d-321bb78f8f61" testId="66234323-7949-a946-9adf-97375c9fed0b" testName="Ctor_NullPassedToNotNullParameters_Failure" computerName="DKSR-EFI-06" duration="00:00:00.0190710" startTime="2024-01-09T15:48:23.5799935+01:00" endTime="2024-01-09T15:48:23.5993575+01:00" testType="13cdc9d9-ddb5-4fa4-a97d-d965ccfc6d4b" outcome="Passed" testListId="8c84fa94-04c1-424b-9868-57a2d4851a1d" relativeResultsDirectory="6667f191-845c-4320-a09d-321bb78f8f61" />
    <UnitTestResult executionId="14a9ac88-9180-487e-a72b-f2726881d8bc" testId="8b851834-9d1b-52ee-4c1e-eca26c60010d" testName="IsProcessing_CancelWhileUnprocessedItems_Success" computerName="DKSR-EFI-06" duration="00:00:00.0018336" startTime="2024-01-09T15:48:26.6311714+01:00" endTime="2024-01-09T15:48:26.6331376+01:00" testType="13cdc9d9-ddb5-4fa4-a97d-d965ccfc6d4b" outcome="Passed" testListId="8c84fa94-04c1-424b-9868-57a2d4851a1d" relativeResultsDirectory="14a9ac88-9180-487e-a72b-f2726881d8bc" />
    <UnitTestResult executionId="e757fc42-f8db-4952-8f1f-137227c56282" testId="731f7e19-89ff-c108-ad63-9eb46b5c0a59" testName="PatrollingStepViewModel_Speed" computerName="DKSR-EFI-06" duration="00:00:00.0022644" startTime="2024-01-09T15:48:44.0027684+01:00" endTime="2024-01-09T15:48:44.0051844+01:00" testType="13cdc9d9-ddb5-4fa4-a97d-d965ccfc6d4b" outcome="Passed" testListId="8c84fa94-04c1-424b-9868-57a2d4851a1d" relativeResultsDirectory="e757fc42-f8db-4952-8f1f-137227c56282" />
    <UnitTestResult executionId="db2ebeec-1ff2-462c-9223-4d147d9fbd52" testId="5770b0b5-2a66-8eb2-b129-73ab244ff2c9" testName="Constructor_ShouldInitializeProperties_WhenCalled" computerName="DKSR-EFI-06" duration="00:00:00.0015662" startTime="2024-01-09T15:47:45.9335143+01:00" endTime="2024-01-09T15:47:45.9353409+01:00" testType="13cdc9d9-ddb5-4fa4-a97d-d965ccfc6d4b" outcome="Passed" testListId="8c84fa94-04c1-424b-9868-57a2d4851a1d" relativeResultsDirectory="db2ebeec-1ff2-462c-9223-4d147d9fbd52" />
    <UnitTestResult executionId="dba7d51a-cc00-4798-b9f1-3ebc2a68643d" testId="37dfb702-000b-b79c-bfb4-f3293626a799" testName="HandleGetLayerFeatures_ShouldRaiseArgumentException_WhenNotMicrophoneKind" computerName="DKSR-EFI-06" duration="00:00:00.0026136" startTime="2024-01-09T15:48:42.9589209+01:00" endTime="2024-01-09T15:48:42.9617307+01:00" testType="13cdc9d9-ddb5-4fa4-a97d-d965ccfc6d4b" outcome="Passed" testListId="8c84fa94-04c1-424b-9868-57a2d4851a1d" relativeResultsDirectory="dba7d51a-cc00-4798-b9f1-3ebc2a68643d" />
    <UnitTestResult executionId="f1c76fd8-8d39-4e0c-be77-cdbc2e3cb215" testId="b4b53b4f-883e-94e0-fef4-aaf250b86eec" testName="PtzSessionController_Unregister_Camera_Test" computerName="DKSR-EFI-06" duration="00:00:00.0043394" startTime="2024-01-09T15:47:43.1711237+01:00" endTime="2024-01-09T15:47:43.1755987+01:00" testType="13cdc9d9-ddb5-4fa4-a97d-d965ccfc6d4b" outcome="Passed" testListId="8c84fa94-04c1-424b-9868-57a2d4851a1d" relativeResultsDirectory="f1c76fd8-8d39-4e0c-be77-cdbc2e3cb215" />
    <UnitTestResult executionId="b3b7823e-e4be-4ce5-9349-f60d99390233" testId="1153276a-4acc-8389-9593-9aed2f86bdf6" testName="Toolbar_IsVisible_WhenInLive" computerName="DKSR-EFI-06" duration="00:00:00.0179655" startTime="2024-01-09T15:48:44.8246671+01:00" endTime="2024-01-09T15:48:44.8428669+01:00" testType="13cdc9d9-ddb5-4fa4-a97d-d965ccfc6d4b" outcome="Passed" testListId="8c84fa94-04c1-424b-9868-57a2d4851a1d" relativeResultsDirectory="b3b7823e-e4be-4ce5-9349-f60d99390233" />
    <UnitTestResult executionId="867d42cf-2ef1-4889-b07e-7a1c1d684169" testId="cd58fbcf-a8ec-7be0-672d-3675d644b67c" testName="Instance_ShouldBeSingleton_WhenCalled" computerName="DKSR-EFI-06" duration="00:00:00.0001877" startTime="2024-01-09T15:48:40.8247881+01:00" endTime="2024-01-09T15:48:40.8252245+01:00" testType="13cdc9d9-ddb5-4fa4-a97d-d965ccfc6d4b" outcome="Passed" testListId="8c84fa94-04c1-424b-9868-57a2d4851a1d" relativeResultsDirectory="867d42cf-2ef1-4889-b07e-7a1c1d684169" />
    <UnitTestResult executionId="3fb5074c-3720-45fc-8da2-95c116ced372" testId="eb1477a2-2fb7-b3cb-5428-9b4cc8d1e650" testName="HandleSetLayerFeatures_ShouldUpdateMicrophoneLayerFeatures_WhenMicrophoneKindAndMicrophoneLayerFeatures" computerName="DKSR-EFI-06" duration="00:00:00.0026108" startTime="2024-01-09T15:48:42.9621942+01:00" endTime="2024-01-09T15:48:42.9649450+01:00" testType="13cdc9d9-ddb5-4fa4-a97d-d965ccfc6d4b" outcome="Passed" testListId="8c84fa94-04c1-424b-9868-57a2d4851a1d" relativeResultsDirectory="3fb5074c-3720-45fc-8da2-95c116ced372" />
    <UnitTestResult executionId="f976a1a5-8a61-494a-b202-583a671d5ad8" testId="aa81343a-5273-d050-4734-4d568d0cd256" testName="PtzSessionControllerInfo_TimeChangedTest_Argument_Null_1" computerName="DKSR-EFI-06" duration="00:00:00.0006486" startTime="2024-01-09T15:47:43.2110435+01:00" endTime="2024-01-09T15:47:43.2118400+01:00" testType="13cdc9d9-ddb5-4fa4-a97d-d965ccfc6d4b" outcome="Passed" testListId="8c84fa94-04c1-424b-9868-57a2d4851a1d" relativeResultsDirectory="f976a1a5-8a61-494a-b202-583a671d5ad8" />
    <UnitTestResult executionId="68425f73-0b98-4574-bde3-3fb3f24c3b02" testId="529d26b0-b0f1-46a8-1a06-060aa004de23" testName="BuildMapOptions_ShouldHandleStringOptionsCorrectly (GisMapOpenStreetMapAlternativeServer,someText,True)" computerName="DKSR-EFI-06" duration="00:00:00.0012670" startTime="2024-01-09T15:48:51.5514388+01:00" endTime="2024-01-09T15:48:51.5528809+01:00" testType="13cdc9d9-ddb5-4fa4-a97d-d965ccfc6d4b" outcome="Passed" testListId="8c84fa94-04c1-424b-9868-57a2d4851a1d" relativeResultsDirectory="68425f73-0b98-4574-bde3-3fb3f24c3b02" />
    <UnitTestResult executionId="affb62da-9c5d-425e-ac2a-97ed46294734" testId="d4e46870-eb38-895f-fa8d-62938fc8e119" testName="RemoveDefinition_UnknownDefinition_NoChange" computerName="DKSR-EFI-06" duration="00:00:00.0038140" startTime="2024-01-09T15:48:26.4245693+01:00" endTime="2024-01-09T15:48:26.4285609+01:00" testType="13cdc9d9-ddb5-4fa4-a97d-d965ccfc6d4b" outcome="Passed" testListId="8c84fa94-04c1-424b-9868-57a2d4851a1d" relativeResultsDirectory="affb62da-9c5d-425e-ac2a-97ed46294734" />
    <UnitTestResult executionId="50bd8e1b-4e48-43e8-b775-ca4140e852b3" testId="c16f8099-6dbb-2cba-9e36-c36b7b8492a9" testName="Compare_SameTriggerTimeDeterministicBehavior_CameraId_Success" computerName="DKSR-EFI-06" duration="00:00:00.0006651" startTime="2024-01-09T15:48:26.7821293+01:00" endTime="2024-01-09T15:48:26.7829366+01:00" testType="13cdc9d9-ddb5-4fa4-a97d-d965ccfc6d4b" outcome="Passed" testListId="8c84fa94-04c1-424b-9868-57a2d4851a1d" relativeResultsDirectory="50bd8e1b-4e48-43e8-b775-ca4140e852b3" />
    <UnitTestResult executionId="ba441a41-8e15-454f-a4fa-55b0efa3fd0e" testId="7e1fdf53-1cce-0f14-6eba-6df4732e28ac" testName="Convert_ShouldReturnUnchangedObject_WhenCustomObjectIsUsed" computerName="DKSR-EFI-06" duration="00:00:00.0020407" startTime="2024-01-09T15:47:43.4355949+01:00" endTime="2024-01-09T15:47:43.4399762+01:00" testType="13cdc9d9-ddb5-4fa4-a97d-d965ccfc6d4b" outcome="Passed" testListId="8c84fa94-04c1-424b-9868-57a2d4851a1d" relativeResultsDirectory="ba441a41-8e15-454f-a4fa-55b0efa3fd0e" />
    <UnitTestResult executionId="67a293b0-6781-4db8-8c39-9966a738f151" testId="0aadc201-49e1-bf75-6608-564242125dc2" testName="GetOsmServerAddress_ShouldReturnEmptyString_WhenGeographicLayerIsNullAndAlternativeServerIsEmpty" computerName="DKSR-EFI-06" duration="00:00:00.0005159" startTime="2024-01-09T15:48:43.0121641+01:00" endTime="2024-01-09T15:48:43.0128137+01:00" testType="13cdc9d9-ddb5-4fa4-a97d-d965ccfc6d4b" outcome="Passed" testListId="8c84fa94-04c1-424b-9868-57a2d4851a1d" relativeResultsDirectory="67a293b0-6781-4db8-8c39-9966a738f151" />
    <UnitTestResult executionId="39c92923-07fa-4dd8-a7bc-ac7fbf49804b" testId="0d6f4d12-30c4-770e-7e76-c3c94335926a" testName="DeleteLevel2Of123_Success" computerName="DKSR-EFI-06" duration="00:00:00.0349121" startTime="2024-01-09T15:48:42.7251563+01:00" endTime="2024-01-09T15:48:42.7602693+01:00" testType="13cdc9d9-ddb5-4fa4-a97d-d965ccfc6d4b" outcome="Passed" testListId="8c84fa94-04c1-424b-9868-57a2d4851a1d" relativeResultsDirectory="39c92923-07fa-4dd8-a7bc-ac7fbf49804b">
      <Output>
        <StdOut>Debug Trace:&#xD;
 &gt;&gt;&gt; ERROR: System.NullReferenceException: Object reference not set to an instance of an object.&#xD;
   at VideoOS.RemoteClient.GisMapData.MapBuildings.MapLevel.LoadLayersAsync(UIContext context) in D:\actions-runner\_work\XPCO\XPCO\SC\Components\dotNet\VideoOS.RemoteClient.GisMapData\MapBuildings\MapLevel.cs:line 283&#xD;
 &gt;&gt;&gt; Stack:    at VideoOS.RemoteClient.GisMapData.MapBuildings.MapLevel.LoadLayersAsync(UIContext context) in D:\actions-runner\_work\XPCO\XPCO\SC\Components\dotNet\VideoOS.RemoteClient.GisMapData\MapBuildings\MapLevel.cs:line 283&#xD;
 &gt;&gt;&gt; ERROR: System.NullReferenceException: Object reference not set to an instance of an object.&#xD;
   at VideoOS.RemoteClient.GisMapData.MapBuildings.MapLevel.LoadLayersAsync(UIContext context) in D:\actions-runner\_work\XPCO\XPCO\SC\Components\dotNet\VideoOS.RemoteClient.GisMapData\MapBuildings\MapLevel.cs:line 283&#xD;
 &gt;&gt;&gt; Stack:    at VideoOS.RemoteClient.GisMapData.MapBuildings.MapLevel.LoadLayersAsync(UIContext context) in D:\actions-runner\_work\XPCO\XPCO\SC\Components\dotNet\VideoOS.RemoteClient.GisMapData\MapBuildings\MapLevel.cs:line 283&#xD;
 &gt;&gt;&gt; ERROR: System.NullReferenceException: Object reference not set to an instance of an object.&#xD;
   at VideoOS.RemoteClient.GisMapData.MapBuildings.MapLevel.LoadLayersAsync(UIContext context) in D:\actions-runner\_work\XPCO\XPCO\SC\Components\dotNet\VideoOS.RemoteClient.GisMapData\MapBuildings\MapLevel.cs:line 283&#xD;
 &gt;&gt;&gt; Stack:    at VideoOS.RemoteClient.GisMapData.MapBuildings.MapLevel.LoadLayersAsync(UIContext context) in D:\actions-runner\_work\XPCO\XPCO\SC\Components\dotNet\VideoOS.RemoteClient.GisMapData\MapBuildings\MapLevel.cs:line 283</StdOut>
      </Output>
    </UnitTestResult>
    <UnitTestResult executionId="78d93f9f-7223-4add-857f-e15664c82557" testId="010d6867-68dc-06fa-3b39-c2d7f5b85291" testName="PatrollingProfileViewModelTest_NameBeforeEdit" computerName="DKSR-EFI-06" duration="00:00:00.0019331" startTime="2024-01-09T15:48:43.9058082+01:00" endTime="2024-01-09T15:48:43.9079123+01:00" testType="13cdc9d9-ddb5-4fa4-a97d-d965ccfc6d4b" outcome="Passed" testListId="8c84fa94-04c1-424b-9868-57a2d4851a1d" relativeResultsDirectory="78d93f9f-7223-4add-857f-e15664c82557" />
    <UnitTestResult executionId="53fe2526-fc5f-4143-832e-bb31d6c1f10e" testId="207c734e-48ea-b6e3-83cc-3b0a65265019" testName="PopulateTooltip_SingleResultsFromSingleCamera12Hours_ValidText" computerName="DKSR-EFI-06" duration="00:00:00.0290696" startTime="2024-01-09T15:48:18.8097084+01:00" endTime="2024-01-09T15:48:18.8416354+01:00" testType="13cdc9d9-ddb5-4fa4-a97d-d965ccfc6d4b" outcome="Passed" testListId="8c84fa94-04c1-424b-9868-57a2d4851a1d" relativeResultsDirectory="53fe2526-fc5f-4143-832e-bb31d6c1f10e" />
    <UnitTestResult executionId="c804642f-eee9-4c92-876c-22867192f99c" testId="72ff64d9-b16e-e940-9856-804e7e3a62f9" testName="GetIsOpenStreetMapValid_ShouldReturnFalse_WhenGeographicLayerIsUnavailableAndAlternativeServerHasInvalidUrl" computerName="DKSR-EFI-06" duration="00:00:00.0005326" startTime="2024-01-09T15:48:43.0099843+01:00" endTime="2024-01-09T15:48:43.0106492+01:00" testType="13cdc9d9-ddb5-4fa4-a97d-d965ccfc6d4b" outcome="Passed" testListId="8c84fa94-04c1-424b-9868-57a2d4851a1d" relativeResultsDirectory="c804642f-eee9-4c92-876c-22867192f99c" />
    <UnitTestResult executionId="baddb54a-8a72-4736-a073-be3551a03894" testId="32ed77af-24ae-94bc-03f8-4122e838d29f" testName="LeftButtonUpEvent_ShouldHidePreviewOfCameras_WhenInteractionStateIsAddNewDeviceState" computerName="DKSR-EFI-06" duration="00:00:00.0176650" startTime="2024-01-09T15:47:46.1448253+01:00" endTime="2024-01-09T15:47:46.1659141+01:00" testType="13cdc9d9-ddb5-4fa4-a97d-d965ccfc6d4b" outcome="Passed" testListId="8c84fa94-04c1-424b-9868-57a2d4851a1d" relativeResultsDirectory="baddb54a-8a72-4736-a073-be3551a03894">
      <Output>
        <StdOut>Debug Trace:&#xD;
 &gt;&gt;&gt; IsAddNewDeviceState: MapPoint: (long, lat, alt): 0, 0, 0, ScreenPoint: 0,0, scale: 0, extent: GisRectangle isEmpty:True ul[(long, lat, alt): 0, 0, 0]:lr[(long, lat, alt): 0, 0, 0], extentInMeters:</StdOut>
      </Output>
    </UnitTestResult>
    <UnitTestResult executionId="15e0f5bf-58d4-43f7-8f03-5b66247cd6a5" testId="11e45243-c796-e305-ccb2-ad123da6b869" testName="SearchModelOnSearchResultsReady_NotOnUiThread_Success" computerName="DKSR-EFI-06" duration="00:00:00.0076569" startTime="2024-01-09T15:48:25.0862128+01:00" endTime="2024-01-09T15:48:25.0940278+01:00" testType="13cdc9d9-ddb5-4fa4-a97d-d965ccfc6d4b" outcome="Passed" testListId="8c84fa94-04c1-424b-9868-57a2d4851a1d" relativeResultsDirectory="15e0f5bf-58d4-43f7-8f03-5b66247cd6a5" />
    <UnitTestResult executionId="e4f4357e-2076-4bb0-bda3-cdd3f83d7a53" testId="c30ded44-b30e-59c8-d179-eddc682c6ef5" testName="Convert_ShouldRaiseInvalidCastException_WhenValueIsNotAnInteractionState" computerName="DKSR-EFI-06" duration="00:00:00.0005083" startTime="2024-01-09T15:47:44.4089995+01:00" endTime="2024-01-09T15:47:44.4096578+01:00" testType="13cdc9d9-ddb5-4fa4-a97d-d965ccfc6d4b" outcome="Passed" testListId="8c84fa94-04c1-424b-9868-57a2d4851a1d" relativeResultsDirectory="e4f4357e-2076-4bb0-bda3-cdd3f83d7a53" />
    <UnitTestResult executionId="d42605ea-0d95-49da-884f-be51fb622d2e" testId="d8b647c6-ef54-f676-621e-8f04d1dc548d" testName="SelectTemplate_NullViewModelSearchAttribute_Throws" computerName="DKSR-EFI-06" duration="00:00:00.0005942" startTime="2024-01-09T15:47:52.5578783+01:00" endTime="2024-01-09T15:47:52.5586166+01:00" testType="13cdc9d9-ddb5-4fa4-a97d-d965ccfc6d4b" outcome="Passed" testListId="8c84fa94-04c1-424b-9868-57a2d4851a1d" relativeResultsDirectory="d42605ea-0d95-49da-884f-be51fb622d2e" />
    <UnitTestResult executionId="a2bab398-7cc3-44ff-b032-8b75b06cfa41" testId="5af9722d-cb32-cd5c-d7d3-430177f73975" testName="ShowSuccessToast_ShouldShowCorrectNumberOfToasts (5,1)" computerName="DKSR-EFI-06" duration="00:00:00.0036958" startTime="2024-01-09T15:48:45.5189481+01:00" endTime="2024-01-09T15:48:45.5228296+01:00" testType="13cdc9d9-ddb5-4fa4-a97d-d965ccfc6d4b" outcome="Passed" testListId="8c84fa94-04c1-424b-9868-57a2d4851a1d" relativeResultsDirectory="a2bab398-7cc3-44ff-b032-8b75b06cfa41" />
    <UnitTestResult executionId="84ac3bc0-7c2a-4fe2-b92a-59973f21aa5f" testId="b89300df-44ea-f5d9-8c31-b46cc2e57c07" testName="MapLayerType_ShouldBeViewZoneItemsMapLayer_WhenCalled" computerName="DKSR-EFI-06" duration="00:00:00.0001885" startTime="2024-01-09T15:48:40.7865244+01:00" endTime="2024-01-09T15:48:40.7869004+01:00" testType="13cdc9d9-ddb5-4fa4-a97d-d965ccfc6d4b" outcome="Passed" testListId="8c84fa94-04c1-424b-9868-57a2d4851a1d" relativeResultsDirectory="84ac3bc0-7c2a-4fe2-b92a-59973f21aa5f" />
    <UnitTestResult executionId="9c64ec21-7914-4e31-8142-78ad386ef224" testId="75abe4ea-20eb-3ee5-eee8-f4f3f43cc779" testName="OpenEdit_EditControlAvailable_EditContentControlUpdated" computerName="DKSR-EFI-06" duration="00:00:00.0140527" startTime="2024-01-09T15:48:22.3250397+01:00" endTime="2024-01-09T15:48:22.3416492+01:00" testType="13cdc9d9-ddb5-4fa4-a97d-d965ccfc6d4b" outcome="Passed" testListId="8c84fa94-04c1-424b-9868-57a2d4851a1d" relativeResultsDirectory="9c64ec21-7914-4e31-8142-78ad386ef224" />
    <UnitTestResult executionId="57ce2228-f87a-4be8-88af-5e4119c0d75f" testId="c964705f-6969-fef5-5dde-bc78d56a598a" testName="ValidateExportName_ShouldReturnFailResult_InvalidCharactersInExportName (1213*)" computerName="DKSR-EFI-06" duration="00:00:00.0027477" startTime="2024-01-09T15:47:51.9825507+01:00" endTime="2024-01-09T15:47:51.9854367+01:00" testType="13cdc9d9-ddb5-4fa4-a97d-d965ccfc6d4b" outcome="Passed" testListId="8c84fa94-04c1-424b-9868-57a2d4851a1d" relativeResultsDirectory="57ce2228-f87a-4be8-88af-5e4119c0d75f" />
    <UnitTestResult executionId="4e87a91e-6266-4967-ab2b-96ca3a905b7a" testId="9dcaedba-c848-3b00-d622-5c7b863dca11" testName="GetSLC_ShouldReturnCorrectSLC" computerName="DKSR-EFI-06" duration="00:00:00.0008777" startTime="2024-01-09T15:48:51.5351371+01:00" endTime="2024-01-09T15:48:51.5362166+01:00" testType="13cdc9d9-ddb5-4fa4-a97d-d965ccfc6d4b" outcome="Passed" testListId="8c84fa94-04c1-424b-9868-57a2d4851a1d" relativeResultsDirectory="4e87a91e-6266-4967-ab2b-96ca3a905b7a" />
    <UnitTestResult executionId="2b556bd9-5cfc-4d84-81ba-60a9ae952979" testId="3f089a4c-2d32-ba99-dedb-fa96b9528cb6" testName="HandleGetDeviceData_ShouldReturnNotFoundDeviceData_WhenMicrophoneKindAndNonExistingMicrophoneId" computerName="DKSR-EFI-06" duration="00:00:00.0275495" startTime="2024-01-09T15:47:50.9273002+01:00" endTime="2024-01-09T15:47:50.9550234+01:00" testType="13cdc9d9-ddb5-4fa4-a97d-d965ccfc6d4b" outcome="Passed" testListId="8c84fa94-04c1-424b-9868-57a2d4851a1d" relativeResultsDirectory="2b556bd9-5cfc-4d84-81ba-60a9ae952979" />
    <UnitTestResult executionId="38c44ea3-3044-4c8a-8b73-9f65339aaa82" testId="e6a27a32-2825-5e2a-a774-c78b32a20322" testName="FetchDeviceConfiguration_ShouldNotLoadCache_WhenCacheFileIsPresentButFetchTypeIsOnlyServer" computerName="DKSR-EFI-06" duration="00:00:00.0018330" startTime="2024-01-09T15:48:51.5153399+01:00" endTime="2024-01-09T15:48:51.5173275+01:00" testType="13cdc9d9-ddb5-4fa4-a97d-d965ccfc6d4b" outcome="Passed" testListId="8c84fa94-04c1-424b-9868-57a2d4851a1d" relativeResultsDirectory="38c44ea3-3044-4c8a-8b73-9f65339aaa82" />
    <UnitTestResult executionId="11d5a629-03f1-4f49-9274-d3441d9ecbf6" testId="e28ccd3c-119e-ea01-443c-a177bc7fcafe" testName="OnMarkerSelected_ShouldDeselectAndReselectMarker_WhenSingleSelectionAndAlreadySelected" computerName="DKSR-EFI-06" duration="00:00:00.0030631" startTime="2024-01-09T15:47:47.2145730+01:00" endTime="2024-01-09T15:47:47.2198789+01:00" testType="13cdc9d9-ddb5-4fa4-a97d-d965ccfc6d4b" outcome="Passed" testListId="8c84fa94-04c1-424b-9868-57a2d4851a1d" relativeResultsDirectory="11d5a629-03f1-4f49-9274-d3441d9ecbf6" />
    <UnitTestResult executionId="fa64d808-ba0c-466e-8aaf-2005dbacf732" testId="293008c2-9745-d477-0bc6-1ddbf5e8b276" testName="ToTimeScope_YesterdayInDST_Success" computerName="DKSR-EFI-06" duration="00:00:00.0010168" startTime="2024-01-09T15:48:26.1145301+01:00" endTime="2024-01-09T15:48:26.1156674+01:00" testType="13cdc9d9-ddb5-4fa4-a97d-d965ccfc6d4b" outcome="Passed" testListId="8c84fa94-04c1-424b-9868-57a2d4851a1d" relativeResultsDirectory="fa64d808-ba0c-466e-8aaf-2005dbacf732" />
    <UnitTestResult executionId="3bbdff21-cbe9-4dc9-b9a6-7a95601b3d2a" testId="368cb1e4-cb3a-71e3-96c7-b85f55f12c0c" testName="Related_device_with_no_create_rights_not_added_when_in_edit_mode" computerName="DKSR-EFI-06" duration="00:00:00.0049344" startTime="2024-01-09T15:48:52.4885394+01:00" endTime="2024-01-09T15:48:52.4937206+01:00" testType="13cdc9d9-ddb5-4fa4-a97d-d965ccfc6d4b" outcome="Passed" testListId="8c84fa94-04c1-424b-9868-57a2d4851a1d" relativeResultsDirectory="3bbdff21-cbe9-4dc9-b9a6-7a95601b3d2a" />
    <UnitTestResult executionId="a7c8a913-e17f-4aa3-a39c-266d24be2b3a" testId="6999d28b-b0a1-0e27-60a0-97e9ac879716" testName="PopulateTooltip_SingleResultsFromFewCameras12Hours_ValidText" computerName="DKSR-EFI-06" duration="00:00:00.0310040" startTime="2024-01-09T15:48:18.8921611+01:00" endTime="2024-01-09T15:48:18.9268104+01:00" testType="13cdc9d9-ddb5-4fa4-a97d-d965ccfc6d4b" outcome="Passed" testListId="8c84fa94-04c1-424b-9868-57a2d4851a1d" relativeResultsDirectory="a7c8a913-e17f-4aa3-a39c-266d24be2b3a" />
    <UnitTestResult executionId="5abfbd51-0ac5-45be-923b-e99484bfb33a" testId="66fabd13-f03e-562d-f4ae-a70f6ebf368b" testName="InputMapItem_ForceActivateAsync_InBuilding_Success" computerName="DKSR-EFI-06" duration="00:00:00.1724824" startTime="2024-01-09T15:48:42.2198951+01:00" endTime="2024-01-09T15:48:42.3925858+01:00" testType="13cdc9d9-ddb5-4fa4-a97d-d965ccfc6d4b" outcome="Passed" testListId="8c84fa94-04c1-424b-9868-57a2d4851a1d" relativeResultsDirectory="5abfbd51-0ac5-45be-923b-e99484bfb33a" />
    <UnitTestResult executionId="d6e628d6-3759-4d5a-80ce-b4c46f045cec" testId="709c7513-9237-87e3-38c3-aa85300198a4" testName="GetClusters_ShouldNotIncludeItemFromBuildingIntoSuperClusterOutsideBuilding_WhenBuildingIsRendered" computerName="DKSR-EFI-06" duration="00:00:00.0080974" startTime="2024-01-09T15:48:43.6666811+01:00" endTime="2024-01-09T15:48:43.6749325+01:00" testType="13cdc9d9-ddb5-4fa4-a97d-d965ccfc6d4b" outcome="Passed" testListId="8c84fa94-04c1-424b-9868-57a2d4851a1d" relativeResultsDirectory="d6e628d6-3759-4d5a-80ce-b4c46f045cec" />
    <UnitTestResult executionId="72adc6b7-e643-4c48-9c28-a69e8d9e5f65" testId="095585f6-4ef2-27a8-ee5b-098ad467f567" testName="Forced" computerName="DKSR-EFI-06" duration="00:00:00.0061231" startTime="2024-01-09T15:47:51.4686005+01:00" endTime="2024-01-09T15:47:51.4749366+01:00" testType="13cdc9d9-ddb5-4fa4-a97d-d965ccfc6d4b" outcome="Passed" testListId="8c84fa94-04c1-424b-9868-57a2d4851a1d" relativeResultsDirectory="72adc6b7-e643-4c48-9c28-a69e8d9e5f65" />
    <UnitTestResult executionId="55e598cc-fe7b-47c6-91d1-166d81dc400c" testId="a4454a32-a746-255e-e8d1-796a08c296b1" testName="AddToExportDevices_ShouldReturnCorrectResult (0,0,1)" computerName="DKSR-EFI-06" duration="00:00:00.0011905" startTime="2024-01-09T15:48:45.3812564+01:00" endTime="2024-01-09T15:48:45.3826111+01:00" testType="13cdc9d9-ddb5-4fa4-a97d-d965ccfc6d4b" outcome="Passed" testListId="8c84fa94-04c1-424b-9868-57a2d4851a1d" relativeResultsDirectory="55e598cc-fe7b-47c6-91d1-166d81dc400c" />
    <UnitTestResult executionId="871cc647-2590-47ff-bead-bc3290e1e2a0" testId="7b469b70-7a6f-7a92-2723-c93cd3a56c6f" testName="AddItems_SingleMapItem_OneClusterChange" computerName="DKSR-EFI-06" duration="00:00:00.0072868" startTime="2024-01-09T15:48:43.7252990+01:00" endTime="2024-01-09T15:48:43.7327259+01:00" testType="13cdc9d9-ddb5-4fa4-a97d-d965ccfc6d4b" outcome="Passed" testListId="8c84fa94-04c1-424b-9868-57a2d4851a1d" relativeResultsDirectory="871cc647-2590-47ff-bead-bc3290e1e2a0" />
    <UnitTestResult executionId="5b4a70d3-143e-4988-9ea7-c1e437b33f3f" testId="2601cc3d-6e23-30c8-fd9c-9008204c7b14" testName="HandlePermissionDeniedResults_ShouldShowMessageAndToast (0,0)" computerName="DKSR-EFI-06" duration="00:00:00.0015659" startTime="2024-01-09T15:48:45.5537320+01:00" endTime="2024-01-09T15:48:45.5554820+01:00" testType="13cdc9d9-ddb5-4fa4-a97d-d965ccfc6d4b" outcome="Passed" testListId="8c84fa94-04c1-424b-9868-57a2d4851a1d" relativeResultsDirectory="5b4a70d3-143e-4988-9ea7-c1e437b33f3f" />
    <UnitTestResult executionId="c4a88aa4-466c-4212-a6d9-0bd2b254baf4" testId="9febb6f2-deb2-94da-aa47-7dc5befd915e" testName="DeactivatedOutputIcons_ShouldReturnIconsInAProperOrder_WhenCalled" computerName="DKSR-EFI-06" duration="00:00:00.0018497" startTime="2024-01-09T15:48:40.8300989+01:00" endTime="2024-01-09T15:48:40.8320764+01:00" testType="13cdc9d9-ddb5-4fa4-a97d-d965ccfc6d4b" outcome="Passed" testListId="8c84fa94-04c1-424b-9868-57a2d4851a1d" relativeResultsDirectory="c4a88aa4-466c-4212-a6d9-0bd2b254baf4" />
    <UnitTestResult executionId="5bc1c979-1a0c-431f-af97-c92abf21011e" testId="670e500e-5c39-dd47-a9de-bf38c3c1554c" testName="ConvertToValidPath_WhenNotAllowDirectories_ConvertToValidPath" computerName="DKSR-EFI-06" duration="00:00:00.0003306" startTime="2024-01-09T15:48:51.5237930+01:00" endTime="2024-01-09T15:48:51.5242501+01:00" testType="13cdc9d9-ddb5-4fa4-a97d-d965ccfc6d4b" outcome="Passed" testListId="8c84fa94-04c1-424b-9868-57a2d4851a1d" relativeResultsDirectory="5bc1c979-1a0c-431f-af97-c92abf21011e" />
    <UnitTestResult executionId="d4066c2b-cae9-4f4c-ad32-434eedc770b3" testId="ccbe9915-207e-f3b0-9e57-5dc3348b938c" testName="MonitorState_Equal_Tests" computerName="DKSR-EFI-06" duration="00:00:00.0011363" startTime="2024-01-09T15:48:52.8999095+01:00" endTime="2024-01-09T15:48:52.9011951+01:00" testType="13cdc9d9-ddb5-4fa4-a97d-d965ccfc6d4b" outcome="Passed" testListId="8c84fa94-04c1-424b-9868-57a2d4851a1d" relativeResultsDirectory="d4066c2b-cae9-4f4c-ad32-434eedc770b3" />
    <UnitTestResult executionId="c26eb1d1-8756-4a95-ac55-726a5b7b49dd" testId="6fad06d6-6e6b-b6b2-c6ce-b133426e326c" testName="GetLayerFeatures_ShouldReturnInputLayerFeaturesBasedOnInputItemsMapLayer_WhenInputKind" computerName="DKSR-EFI-06" duration="00:00:00.0018211" startTime="2024-01-09T15:48:43.0501613+01:00" endTime="2024-01-09T15:48:43.0521211+01:00" testType="13cdc9d9-ddb5-4fa4-a97d-d965ccfc6d4b" outcome="Passed" testListId="8c84fa94-04c1-424b-9868-57a2d4851a1d" relativeResultsDirectory="c26eb1d1-8756-4a95-ac55-726a5b7b49dd" />
    <UnitTestResult executionId="ee691541-93b4-4824-8bdb-3bc43647f627" testId="97b87b4d-cfe7-7480-934f-f0762a4a3500" testName="Default, forced" computerName="DKSR-EFI-06" duration="00:00:00.0055669" startTime="2024-01-09T15:47:51.4446297+01:00" endTime="2024-01-09T15:47:51.4504479+01:00" testType="13cdc9d9-ddb5-4fa4-a97d-d965ccfc6d4b" outcome="Passed" testListId="8c84fa94-04c1-424b-9868-57a2d4851a1d" relativeResultsDirectory="ee691541-93b4-4824-8bdb-3bc43647f627" />
    <UnitTestResult executionId="8d3600f4-b883-4de7-8211-ad0ac269f47a" testId="b4acbf62-a814-6c5c-b0cb-e93db772efce" testName="SupportsDoubleClick_ShouldBeFalse_WhenInteractionStateIsNotNormalAndInSetupMode" computerName="DKSR-EFI-06" duration="00:00:00.0133600" startTime="2024-01-09T15:47:47.5840224+01:00" endTime="2024-01-09T15:47:47.6000036+01:00" testType="13cdc9d9-ddb5-4fa4-a97d-d965ccfc6d4b" outcome="Passed" testListId="8c84fa94-04c1-424b-9868-57a2d4851a1d" relativeResultsDirectory="8d3600f4-b883-4de7-8211-ad0ac269f47a" />
    <UnitTestResult executionId="c8178a3c-1e5c-4d23-9f0d-5b781b2807f5" testId="07dba9c8-887e-44e6-63b8-7e227b9aaff8" testName="Ctor_NoBuiltInGroupsDefined_NoCompositeAgentsAdded" computerName="DKSR-EFI-06" duration="00:00:00.0022477" startTime="2024-01-09T15:48:37.4641302+01:00" endTime="2024-01-09T15:48:37.4665220+01:00" testType="13cdc9d9-ddb5-4fa4-a97d-d965ccfc6d4b" outcome="Passed" testListId="8c84fa94-04c1-424b-9868-57a2d4851a1d" relativeResultsDirectory="c8178a3c-1e5c-4d23-9f0d-5b781b2807f5" />
    <UnitTestResult executionId="662cd903-f030-452d-8e98-a83bf4bade48" testId="d47eb9ec-3b5d-0e31-8fe7-d1a0340bf1c0" testName="UpdateScope_RelativeScopeDurationToTimeChanged_ReturnsFalse" computerName="DKSR-EFI-06" duration="00:00:00.0002024" startTime="2024-01-09T15:48:26.6676285+01:00" endTime="2024-01-09T15:48:26.6679672+01:00" testType="13cdc9d9-ddb5-4fa4-a97d-d965ccfc6d4b" outcome="Passed" testListId="8c84fa94-04c1-424b-9868-57a2d4851a1d" relativeResultsDirectory="662cd903-f030-452d-8e98-a83bf4bade48" />
    <UnitTestResult executionId="b21ea19a-e8ad-435e-9975-6e5fee3d522b" testId="d21502bc-4956-5d51-6721-5ae0421be750" testName="ValidateExportName_ShouldReturnFailResult_InvalidCharactersInExportName (1213&lt;&gt;!?%)" computerName="DKSR-EFI-06" duration="00:00:00.0029695" startTime="2024-01-09T15:47:51.9697265+01:00" endTime="2024-01-09T15:47:51.9729280+01:00" testType="13cdc9d9-ddb5-4fa4-a97d-d965ccfc6d4b" outcome="Passed" testListId="8c84fa94-04c1-424b-9868-57a2d4851a1d" relativeResultsDirectory="b21ea19a-e8ad-435e-9975-6e5fee3d522b" />
    <UnitTestResult executionId="4256e466-b821-4cb2-900e-c65e5fb04457" testId="3439b9dc-7196-e05d-43e6-c0e2ac91454a" testName="SearchResultContainerView_OnItemActivated_SearchResultSelectedAndPreviousSelectionKept" computerName="DKSR-EFI-06" duration="00:00:00.6459873" startTime="2024-01-09T15:47:57.5518183+01:00" endTime="2024-01-09T15:47:58.2009437+01:00" testType="13cdc9d9-ddb5-4fa4-a97d-d965ccfc6d4b" outcome="Passed" testListId="8c84fa94-04c1-424b-9868-57a2d4851a1d" relativeResultsDirectory="4256e466-b821-4cb2-900e-c65e5fb04457" />
    <UnitTestResult executionId="0de5b0fd-07bf-4952-b7d9-e0631db7cbe5" testId="2716e864-2686-b94f-0317-399f0994a985" testName="Command_ShouldInvokeRemoveMipMapItem_WhenExecutedForSingleSelectedItem" computerName="DKSR-EFI-06" duration="00:00:00.0030223" startTime="2024-01-09T15:47:49.5648106+01:00" endTime="2024-01-09T15:47:49.5704303+01:00" testType="13cdc9d9-ddb5-4fa4-a97d-d965ccfc6d4b" outcome="Passed" testListId="8c84fa94-04c1-424b-9868-57a2d4851a1d" relativeResultsDirectory="0de5b0fd-07bf-4952-b7d9-e0631db7cbe5" />
    <UnitTestResult executionId="a3aeb1e6-c30c-4c47-a6b5-f821af009dac" testId="37b7b1e5-9323-fb29-1885-37b5c9283b82" testName="GetCameraTiles_ShouldReturnCorrectCameraTilesWithSingleCameraTest" computerName="DKSR-EFI-06" duration="00:00:00.0035454" startTime="2024-01-09T15:48:47.0253894+01:00" endTime="2024-01-09T15:48:47.0291715+01:00" testType="13cdc9d9-ddb5-4fa4-a97d-d965ccfc6d4b" outcome="Passed" testListId="8c84fa94-04c1-424b-9868-57a2d4851a1d" relativeResultsDirectory="a3aeb1e6-c30c-4c47-a6b5-f821af009dac" />
    <UnitTestResult executionId="9deca2dd-85a4-48ce-a4aa-a4d916be1080" testId="e8fbfc8d-82fa-6534-4e95-6007f14b30c3" testName="IsCamera_ShouldReturnTrue_WhenSingleCameraGourpSelected" computerName="DKSR-EFI-06" duration="00:00:00.0003115" startTime="2024-01-09T15:48:46.9877697+01:00" endTime="2024-01-09T15:48:46.9882400+01:00" testType="13cdc9d9-ddb5-4fa4-a97d-d965ccfc6d4b" outcome="Passed" testListId="8c84fa94-04c1-424b-9868-57a2d4851a1d" relativeResultsDirectory="9deca2dd-85a4-48ce-a4aa-a4d916be1080" />
    <UnitTestResult executionId="b5393611-6e77-4937-8b95-e9fb6bc7bbbf" testId="6847ebb6-e732-c391-be2d-0bdf0abaf563" testName="TestReadXmlCreated" computerName="DKSR-EFI-06" duration="00:00:00.0002629" startTime="2024-01-09T15:48:46.0139359+01:00" endTime="2024-01-09T15:48:46.0143166+01:00" testType="13cdc9d9-ddb5-4fa4-a97d-d965ccfc6d4b" outcome="Passed" testListId="8c84fa94-04c1-424b-9868-57a2d4851a1d" relativeResultsDirectory="b5393611-6e77-4937-8b95-e9fb6bc7bbbf" />
    <UnitTestResult executionId="4a73fc9e-f8b9-4c0b-9241-842935f124bc" testId="074b42c5-f1ad-52e6-005b-319d157cb31a" testName="ShouldReturnTrueFirstTimeAndFalseWhenNothingChanged" computerName="DKSR-EFI-06" duration="00:00:00.0099804" startTime="2024-01-09T15:47:49.8279390+01:00" endTime="2024-01-09T15:47:49.8382016+01:00" testType="13cdc9d9-ddb5-4fa4-a97d-d965ccfc6d4b" outcome="Passed" testListId="8c84fa94-04c1-424b-9868-57a2d4851a1d" relativeResultsDirectory="4a73fc9e-f8b9-4c0b-9241-842935f124bc" />
    <UnitTestResult executionId="40abc90a-5e7e-4bcc-bdc2-b6632453c64f" testId="ee5f0f9a-0e04-d5a2-b25f-f40f3b08b3de" testName="ToDenormalizedDirection_0_0" computerName="DKSR-EFI-06" duration="00:00:00.0001005" startTime="2024-01-09T15:48:38.6315404+01:00" endTime="2024-01-09T15:48:38.6317655+01:00" testType="13cdc9d9-ddb5-4fa4-a97d-d965ccfc6d4b" outcome="Passed" testListId="8c84fa94-04c1-424b-9868-57a2d4851a1d" relativeResultsDirectory="40abc90a-5e7e-4bcc-bdc2-b6632453c64f" />
    <UnitTestResult executionId="b909423e-94c8-4042-a3d4-b1524727b7c8" testId="91442c7a-e900-c7e6-67e7-639e8a44931b" testName="CameraMapItem_Select_WithAlarm_Activates_Related" computerName="DKSR-EFI-06" duration="00:00:00.0271948" startTime="2024-01-09T15:48:39.3123215+01:00" endTime="2024-01-09T15:48:39.3397313+01:00" testType="13cdc9d9-ddb5-4fa4-a97d-d965ccfc6d4b" outcome="Passed" testListId="8c84fa94-04c1-424b-9868-57a2d4851a1d" relativeResultsDirectory="b909423e-94c8-4042-a3d4-b1524727b7c8" />
    <UnitTestResult executionId="4f1a274e-b934-4b28-ab43-b0059f0b2838" testId="69a471d5-b0a2-5fd2-ad73-823b3f723b44" testName="ValidateExportFormats_SmartClientPlayerFormat_ShouldValidate" computerName="DKSR-EFI-06" duration="00:00:00.0075406" startTime="2024-01-09T15:47:52.1582606+01:00" endTime="2024-01-09T15:47:52.1659532+01:00" testType="13cdc9d9-ddb5-4fa4-a97d-d965ccfc6d4b" outcome="Passed" testListId="8c84fa94-04c1-424b-9868-57a2d4851a1d" relativeResultsDirectory="4f1a274e-b934-4b28-ab43-b0059f0b2838" />
    <UnitTestResult executionId="1b82924a-faee-4757-bb42-ee7e767b5056" testId="95263003-a60e-ad32-6d79-b2420a12e34b" testName="IsOAuth_ShouldReturnFalse_WhenConstructedUsingWindows" computerName="DKSR-EFI-06" duration="00:00:00.0001636" startTime="2024-01-09T15:47:43.3532759+01:00" endTime="2024-01-09T15:47:43.3535933+01:00" testType="13cdc9d9-ddb5-4fa4-a97d-d965ccfc6d4b" outcome="Passed" testListId="8c84fa94-04c1-424b-9868-57a2d4851a1d" relativeResultsDirectory="1b82924a-faee-4757-bb42-ee7e767b5056" />
    <UnitTestResult executionId="5e52a2b3-6c66-4dd2-8525-3d6e1629c640" testId="e722e3a9-2981-c54f-b874-d266f762bbea" testName="TryGetEventServerIdByACSystemId_ShouldReturnProperEventServerId_WhenEventServerIdIsPartOfServerConfiguredAccessControlSystemsDictionary" computerName="DKSR-EFI-06" duration="00:00:00.0003736" startTime="2024-01-09T15:48:52.5459123+01:00" endTime="2024-01-09T15:48:52.5464491+01:00" testType="13cdc9d9-ddb5-4fa4-a97d-d965ccfc6d4b" outcome="Passed" testListId="8c84fa94-04c1-424b-9868-57a2d4851a1d" relativeResultsDirectory="5e52a2b3-6c66-4dd2-8525-3d6e1629c640" />
    <UnitTestResult executionId="3b440878-0d05-4707-a2d3-8e90e9e1c860" testId="a50d2941-a3c6-9371-026f-bc022ac6c222" testName="Toolbar_IsVisible_WhenNotInLiveOrPlayback_ReactsTo_ButtonBecomingVisible" computerName="DKSR-EFI-06" duration="00:00:00.0170613" startTime="2024-01-09T15:48:44.9435120+01:00" endTime="2024-01-09T15:48:44.9607567+01:00" testType="13cdc9d9-ddb5-4fa4-a97d-d965ccfc6d4b" outcome="Passed" testListId="8c84fa94-04c1-424b-9868-57a2d4851a1d" relativeResultsDirectory="3b440878-0d05-4707-a2d3-8e90e9e1c860" />
    <UnitTestResult executionId="608b94b0-7f7e-4a39-8e12-0cbf31b9cb45" testId="873b07ed-167b-fa39-bd63-4c1afd4d93c5" testName="HandleGetLayerFeatures_ShouldRaiseArgumentException_WhenNotOutputKind" computerName="DKSR-EFI-06" duration="00:00:00.0013249" startTime="2024-01-09T15:48:42.9831981+01:00" endTime="2024-01-09T15:48:42.9846834+01:00" testType="13cdc9d9-ddb5-4fa4-a97d-d965ccfc6d4b" outcome="Passed" testListId="8c84fa94-04c1-424b-9868-57a2d4851a1d" relativeResultsDirectory="608b94b0-7f7e-4a39-8e12-0cbf31b9cb45" />
    <UnitTestResult executionId="7eb72bc2-0cd9-452f-a289-bcaf6f900b8c" testId="9c5832f3-6c80-ca09-af3f-21dab48f2284" testName="ShouldReturnFalseWhenExtentChangedButWithinPrevious" computerName="DKSR-EFI-06" duration="00:00:00.0007241" startTime="2024-01-09T15:47:49.8437372+01:00" endTime="2024-01-09T15:47:49.8445707+01:00" testType="13cdc9d9-ddb5-4fa4-a97d-d965ccfc6d4b" outcome="Passed" testListId="8c84fa94-04c1-424b-9868-57a2d4851a1d" relativeResultsDirectory="7eb72bc2-0cd9-452f-a289-bcaf6f900b8c" />
    <UnitTestResult executionId="b47287fa-f903-4a83-bc4a-0bec2f06a7ca" testId="052697c7-c6ac-9c36-6e57-c8105d8c8917" testName="SupportsDoubleClick_ShouldBeTrue_WhenInteractionStateIsNewDevice" computerName="DKSR-EFI-06" duration="00:00:00.0427723" startTime="2024-01-09T15:47:49.3367100+01:00" endTime="2024-01-09T15:47:49.3823055+01:00" testType="13cdc9d9-ddb5-4fa4-a97d-d965ccfc6d4b" outcome="Passed" testListId="8c84fa94-04c1-424b-9868-57a2d4851a1d" relativeResultsDirectory="b47287fa-f903-4a83-bc4a-0bec2f06a7ca" />
    <UnitTestResult executionId="e3aa5857-a119-4408-8cf9-0a5aa01ccc68" testId="6f750899-6999-d05b-77b7-f266affebcca" testName="Deserialize_FilterMissing_Error" computerName="DKSR-EFI-06" duration="00:00:00.0013616" startTime="2024-01-09T15:48:26.8249612+01:00" endTime="2024-01-09T15:48:26.8264534+01:00" testType="13cdc9d9-ddb5-4fa4-a97d-d965ccfc6d4b" outcome="Passed" testListId="8c84fa94-04c1-424b-9868-57a2d4851a1d" relativeResultsDirectory="e3aa5857-a119-4408-8cf9-0a5aa01ccc68" />
    <UnitTestResult executionId="fb440e0e-6a1e-4cfb-ab1e-443eb47fd088" testId="521edd59-e00a-7fda-d2c0-b2558265b67a" testName="TestImplicitOperator_Polygon_Success" computerName="DKSR-EFI-06" duration="00:00:00.0005545" startTime="2024-01-09T15:48:39.8578532+01:00" endTime="2024-01-09T15:48:39.8585513+01:00" testType="13cdc9d9-ddb5-4fa4-a97d-d965ccfc6d4b" outcome="Passed" testListId="8c84fa94-04c1-424b-9868-57a2d4851a1d" relativeResultsDirectory="fb440e0e-6a1e-4cfb-ab1e-443eb47fd088" />
    <UnitTestResult executionId="5c64aac9-f69f-488d-a391-587c0bf8b352" testId="6da1ad54-af03-13ff-88b0-777550297923" testName="SetItemOutlines_OutlinesSome_Success" computerName="DKSR-EFI-06" duration="00:00:00.0107184" startTime="2024-01-09T15:47:50.0478383+01:00" endTime="2024-01-09T15:47:50.0612673+01:00" testType="13cdc9d9-ddb5-4fa4-a97d-d965ccfc6d4b" outcome="Passed" testListId="8c84fa94-04c1-424b-9868-57a2d4851a1d" relativeResultsDirectory="5c64aac9-f69f-488d-a391-587c0bf8b352" />
    <UnitTestResult executionId="fd09819e-1cb6-4846-81a7-5edec62b916e" testId="89439a20-c712-15bd-9c46-c5709b4b0f9d" testName="SearchResultsActionBarActions_AddBookmark_NotEnabled" computerName="DKSR-EFI-06" duration="00:00:00.0075747" startTime="2024-01-09T15:48:22.9707983+01:00" endTime="2024-01-09T15:48:22.9785449+01:00" testType="13cdc9d9-ddb5-4fa4-a97d-d965ccfc6d4b" outcome="Passed" testListId="8c84fa94-04c1-424b-9868-57a2d4851a1d" relativeResultsDirectory="fd09819e-1cb6-4846-81a7-5edec62b916e" />
    <UnitTestResult executionId="48b82508-782b-4fd2-847b-1fcab4f18e64" testId="dd25e118-a384-e666-07c3-e9a0431950f6" testName="GetBoundingShapesPathsAsync_ShouldGetBoundingShapesFromBoundingShapesSourceOnly_WhenOnlyBoundingShapesSourceIsPassedIn" computerName="DKSR-EFI-06" duration="00:00:00.0028689" startTime="2024-01-09T15:48:25.9768388+01:00" endTime="2024-01-09T15:48:25.9827507+01:00" testType="13cdc9d9-ddb5-4fa4-a97d-d965ccfc6d4b" outcome="Passed" testListId="8c84fa94-04c1-424b-9868-57a2d4851a1d" relativeResultsDirectory="48b82508-782b-4fd2-847b-1fcab4f18e64" />
    <UnitTestResult executionId="1e80f1ab-4b5c-4182-9715-df35a7532cb7" testId="37275f45-b603-68a0-1bd8-9697e06c83fc" testName="Domain_ShouldThrow_InvalidOperationException_WhenConstructedUsingExternal" computerName="DKSR-EFI-06" duration="00:00:00.0004352" startTime="2024-01-09T15:47:43.3800653+01:00" endTime="2024-01-09T15:47:43.3806234+01:00" testType="13cdc9d9-ddb5-4fa4-a97d-d965ccfc6d4b" outcome="Passed" testListId="8c84fa94-04c1-424b-9868-57a2d4851a1d" relativeResultsDirectory="1e80f1ab-4b5c-4182-9715-df35a7532cb7" />
    <UnitTestResult executionId="203bbf5e-739c-4ccf-a481-eb49fb800fe3" testId="f52b7516-be31-9d30-cb41-04f4b2fe00bf" testName="SetFeatures_NonCameraMapItemsLayer_ArgumentException" computerName="DKSR-EFI-06" duration="00:00:00.0234854" startTime="2024-01-09T15:48:40.2796072+01:00" endTime="2024-01-09T15:48:40.3033039+01:00" testType="13cdc9d9-ddb5-4fa4-a97d-d965ccfc6d4b" outcome="Passed" testListId="8c84fa94-04c1-424b-9868-57a2d4851a1d" relativeResultsDirectory="203bbf5e-739c-4ccf-a481-eb49fb800fe3" />
    <UnitTestResult executionId="93c216e7-bd1f-4428-bfe2-906043ae3ee1" testId="0752bb7c-c3d4-544b-c01c-361928ebd10e" testName="AddToExportDevices_ShouldReturnCorrectResult (0,1,1)" computerName="DKSR-EFI-06" duration="00:00:00.0012963" startTime="2024-01-09T15:48:45.3831401+01:00" endTime="2024-01-09T15:48:45.3846036+01:00" testType="13cdc9d9-ddb5-4fa4-a97d-d965ccfc6d4b" outcome="Passed" testListId="8c84fa94-04c1-424b-9868-57a2d4851a1d" relativeResultsDirectory="93c216e7-bd1f-4428-bfe2-906043ae3ee1" />
    <UnitTestResult executionId="c0336bb3-fc30-4bba-8888-1c1941096061" testId="fcd118df-d28f-9914-22b6-30e2ce26737f" testName="OpenStreetMapLayerIsDisabled_ShouldReturnFalse_WhenOpenStreetMapGeographicLayerOptionIsAvailableAndOpenStreetMapAlternativeServerIsEmpty" computerName="DKSR-EFI-06" duration="00:00:00.0070305" startTime="2024-01-09T15:48:38.7702048+01:00" endTime="2024-01-09T15:48:38.7773849+01:00" testType="13cdc9d9-ddb5-4fa4-a97d-d965ccfc6d4b" outcome="Passed" testListId="8c84fa94-04c1-424b-9868-57a2d4851a1d" relativeResultsDirectory="c0336bb3-fc30-4bba-8888-1c1941096061" />
    <UnitTestResult executionId="4fa310a9-802f-41cf-8832-9d6d3a8e7f4c" testId="b7dfb3e8-2e47-78f3-b474-5d161942d69f" testName="Constructor_ShouldRaiseArgumentNullException_WhenGisMapModelIsNull" computerName="DKSR-EFI-06" duration="00:00:00.0100849" startTime="2024-01-09T15:47:45.2249622+01:00" endTime="2024-01-09T15:47:45.2378285+01:00" testType="13cdc9d9-ddb5-4fa4-a97d-d965ccfc6d4b" outcome="Passed" testListId="8c84fa94-04c1-424b-9868-57a2d4851a1d" relativeResultsDirectory="4fa310a9-802f-41cf-8832-9d6d3a8e7f4c" />
    <UnitTestResult executionId="817c57b2-8044-4621-9f7a-e2f208ca99af" testId="00fca5c1-405d-b820-34ef-a1a0e9446a86" testName="ApplicationController_SystemInformationChangedEvent_ShouldUnregisterActions_WhenUserLoggedOut" computerName="DKSR-EFI-06" duration="00:00:00.0132369" startTime="2024-01-09T15:48:51.6673175+01:00" endTime="2024-01-09T15:48:51.6808211+01:00" testType="13cdc9d9-ddb5-4fa4-a97d-d965ccfc6d4b" outcome="Passed" testListId="8c84fa94-04c1-424b-9868-57a2d4851a1d" relativeResultsDirectory="817c57b2-8044-4621-9f7a-e2f208ca99af" />
    <UnitTestResult executionId="12df35c6-39ea-4361-9b5c-e7b6dd2f50f6" testId="965180e6-a25e-a55d-955c-d1e2d083f58f" testName="ActiveInteractionStateBinding_ShouldNotBeNull_WhenCtorIsCalled" computerName="DKSR-EFI-06" duration="00:00:00.0287100" startTime="2024-01-09T15:47:47.4609068+01:00" endTime="2024-01-09T15:47:47.4924521+01:00" testType="13cdc9d9-ddb5-4fa4-a97d-d965ccfc6d4b" outcome="Passed" testListId="8c84fa94-04c1-424b-9868-57a2d4851a1d" relativeResultsDirectory="12df35c6-39ea-4361-9b5c-e7b6dd2f50f6" />
    <UnitTestResult executionId="73d2c233-b459-4ae7-afc9-88b1404f27cd" testId="931ed933-de82-365f-5037-e2d1c5c2f2a2" testName="PtzSessionControllerInfo_TimeChangedTest_Different_CameraId" computerName="DKSR-EFI-06" duration="00:00:00.0002682" startTime="2024-01-09T15:47:43.2177296+01:00" endTime="2024-01-09T15:47:43.2181592+01:00" testType="13cdc9d9-ddb5-4fa4-a97d-d965ccfc6d4b" outcome="Passed" testListId="8c84fa94-04c1-424b-9868-57a2d4851a1d" relativeResultsDirectory="73d2c233-b459-4ae7-afc9-88b1404f27cd" />
    <UnitTestResult executionId="6f7fa191-5b2a-49ee-b192-6bd3e40066f9" testId="dfccc8b7-199c-9ea3-3acb-490aa9ca096b" testName="AddGetConfigurationMicrophoneTest" computerName="DKSR-EFI-06" duration="00:00:00.0023096" startTime="2024-01-09T15:47:43.4111342+01:00" endTime="2024-01-09T15:47:43.4136766+01:00" testType="13cdc9d9-ddb5-4fa4-a97d-d965ccfc6d4b" outcome="Passed" testListId="8c84fa94-04c1-424b-9868-57a2d4851a1d" relativeResultsDirectory="6f7fa191-5b2a-49ee-b192-6bd3e40066f9" />
    <UnitTestResult executionId="3ee77de8-4619-4f0f-b8a4-ecb7f1a61d83" testId="1576a34d-4425-e758-2eec-5a2e4ef4d6ef" testName="ErrorOccurred_Exception_Success" computerName="DKSR-EFI-06" duration="00:00:00.0068643" startTime="2024-01-09T15:48:26.4437660+01:00" endTime="2024-01-09T15:48:26.4507663+01:00" testType="13cdc9d9-ddb5-4fa4-a97d-d965ccfc6d4b" outcome="Passed" testListId="8c84fa94-04c1-424b-9868-57a2d4851a1d" relativeResultsDirectory="3ee77de8-4619-4f0f-b8a4-ecb7f1a61d83">
      <Output>
        <StdOut>Debug Trace:&#xD;
&gt;&gt;&gt; message: Error when searching in search agent: "Category Name" with message: "Error message"</StdOut>
      </Output>
    </UnitTestResult>
    <UnitTestResult executionId="fabeea72-229d-4dac-956d-a7b1c886d4a5" testId="4af45186-897f-200d-9f00-a1608aaab093" testName="NavigateAndSelectAsync_ReCenterCommandUsesOriginalValues" computerName="DKSR-EFI-06" duration="00:00:00.0277101" startTime="2024-01-09T15:47:45.7136710+01:00" endTime="2024-01-09T15:47:45.7442510+01:00" testType="13cdc9d9-ddb5-4fa4-a97d-d965ccfc6d4b" outcome="Passed" testListId="8c84fa94-04c1-424b-9868-57a2d4851a1d" relativeResultsDirectory="fabeea72-229d-4dac-956d-a7b1c886d4a5" />
    <UnitTestResult executionId="ded10837-ff07-41da-8827-8119f3e50398" testId="dbcd5ac4-1055-621c-a685-f7e5c606ee46" testName="Initialize_ShouldNotHaveAnyCameras_WhenInitializedWithEmptyScope" computerName="DKSR-EFI-06" duration="00:00:00.0187865" startTime="2024-01-09T15:48:38.0464059+01:00" endTime="2024-01-09T15:48:38.0654746+01:00" testType="13cdc9d9-ddb5-4fa4-a97d-d965ccfc6d4b" outcome="Passed" testListId="8c84fa94-04c1-424b-9868-57a2d4851a1d" relativeResultsDirectory="ded10837-ff07-41da-8827-8119f3e50398" />
    <UnitTestResult executionId="4dacf86c-86cd-4187-8e80-e17b44c6011f" testId="b5ee2c9c-1f7c-6f06-e4ae-c68c87fb3f67" testName="DeleteBookmarksAsync_DeleteBookmark_ServerError_ErrorRaised" computerName="DKSR-EFI-06" duration="00:00:00.0027923" startTime="2024-01-09T15:48:22.4075035+01:00" endTime="2024-01-09T15:48:22.4104295+01:00" testType="13cdc9d9-ddb5-4fa4-a97d-d965ccfc6d4b" outcome="Passed" testListId="8c84fa94-04c1-424b-9868-57a2d4851a1d" relativeResultsDirectory="4dacf86c-86cd-4187-8e80-e17b44c6011f" />
    <UnitTestResult executionId="90911734-76ce-4aee-9de4-235e6a179751" testId="5fa2d48f-d59e-30ed-e88d-ec6e2699e6a0" testName="MapInputIcons_WhenPinkOemResource_ShouldReturnSevenIcons" computerName="DKSR-EFI-06" duration="00:00:00.0413675" startTime="2024-01-09T15:48:50.7250831+01:00" endTime="2024-01-09T15:48:50.7670554+01:00" testType="13cdc9d9-ddb5-4fa4-a97d-d965ccfc6d4b" outcome="Passed" testListId="8c84fa94-04c1-424b-9868-57a2d4851a1d" relativeResultsDirectory="90911734-76ce-4aee-9de4-235e6a179751" />
    <UnitTestResult executionId="f31d2772-9f1a-4940-a3b9-deaa4ecf4b18" testId="eabf48e5-196a-32f6-d385-edcb8e627a16" testName="TryGetOsmServerTileAddress_ShouldReturnFalse_WhenOsmServerAddressIsInvalid" computerName="DKSR-EFI-06" duration="00:00:00.0001813" startTime="2024-01-09T15:48:43.0262688+01:00" endTime="2024-01-09T15:48:43.0266296+01:00" testType="13cdc9d9-ddb5-4fa4-a97d-d965ccfc6d4b" outcome="Passed" testListId="8c84fa94-04c1-424b-9868-57a2d4851a1d" relativeResultsDirectory="f31d2772-9f1a-4940-a3b9-deaa4ecf4b18" />
    <UnitTestResult executionId="62e44618-f83d-4bae-8e63-af08ff7a36eb" testId="8d8eee96-464d-c577-6270-884494a6a9b2" testName="SelectOptions_ShouldNotChangeSelectedComponent_WhenGivenComponentIsNull" computerName="DKSR-EFI-06" duration="00:00:00.0026288" startTime="2024-01-09T15:48:44.0926350+01:00" endTime="2024-01-09T15:48:44.0954287+01:00" testType="13cdc9d9-ddb5-4fa4-a97d-d965ccfc6d4b" outcome="Passed" testListId="8c84fa94-04c1-424b-9868-57a2d4851a1d" relativeResultsDirectory="62e44618-f83d-4bae-8e63-af08ff7a36eb" />
    <UnitTestResult executionId="c8ec2bf2-ad49-460a-abef-43fcb2269ef6" testId="bca73f19-3fcc-16d4-a031-f2f6afaf40ee" testName="UnmutedMicrophoneIconsId_ShouldReturnUnMutedIconsInAProperOrder_WhenCalled" computerName="DKSR-EFI-06" duration="00:00:00.0004004" startTime="2024-01-09T15:48:40.8203902+01:00" endTime="2024-01-09T15:48:40.8209225+01:00" testType="13cdc9d9-ddb5-4fa4-a97d-d965ccfc6d4b" outcome="Passed" testListId="8c84fa94-04c1-424b-9868-57a2d4851a1d" relativeResultsDirectory="c8ec2bf2-ad49-460a-abef-43fcb2269ef6" />
    <UnitTestResult executionId="e9da66f5-b83d-459d-9ba1-118d5d3d04df" testId="55e4f137-ee25-d174-0329-0df4a0a2d62a" testName="GetOSFullName_ShouldReturnSomething" computerName="DKSR-EFI-06" duration="00:00:00.0008457" startTime="2024-01-09T15:48:51.5334021+01:00" endTime="2024-01-09T15:48:51.5343794+01:00" testType="13cdc9d9-ddb5-4fa4-a97d-d965ccfc6d4b" outcome="Passed" testListId="8c84fa94-04c1-424b-9868-57a2d4851a1d" relativeResultsDirectory="e9da66f5-b83d-459d-9ba1-118d5d3d04df" />
    <UnitTestResult executionId="60d0622e-d6d1-4705-a510-db3aec1e579b" testId="ba590efe-de31-f5db-8328-f1cc3382ad35" testName="NavigateAndSelectAsync_ZoomIn_ReCenterCommandEnabled" computerName="DKSR-EFI-06" duration="00:00:00.0245564" startTime="2024-01-09T15:47:45.5618697+01:00" endTime="2024-01-09T15:47:45.5900930+01:00" testType="13cdc9d9-ddb5-4fa4-a97d-d965ccfc6d4b" outcome="Passed" testListId="8c84fa94-04c1-424b-9868-57a2d4851a1d" relativeResultsDirectory="60d0622e-d6d1-4705-a510-db3aec1e579b" />
    <UnitTestResult executionId="aab7349d-e80d-4468-995c-b26001906406" testId="7a16e0cb-4e01-7898-4d17-e4adaaac865e" testName="Constructor_ShouldRaiseArgumentNullException_WhenLayersIsNull" computerName="DKSR-EFI-06" duration="00:00:00.0026082" startTime="2024-01-09T15:48:42.9778708+01:00" endTime="2024-01-09T15:48:42.9807603+01:00" testType="13cdc9d9-ddb5-4fa4-a97d-d965ccfc6d4b" outcome="Passed" testListId="8c84fa94-04c1-424b-9868-57a2d4851a1d" relativeResultsDirectory="aab7349d-e80d-4468-995c-b26001906406" />
    <UnitTestResult executionId="be0d8d1f-395f-423d-9412-131cb48ebe60" testId="999506c9-e472-e23b-a3ad-3d977990564e" testName="SupportsRightClick_ShouldBeTrue_WhenInteractionStateIsNormal" computerName="DKSR-EFI-06" duration="00:00:00.0133144" startTime="2024-01-09T15:47:47.5105904+01:00" endTime="2024-01-09T15:47:47.5265494+01:00" testType="13cdc9d9-ddb5-4fa4-a97d-d965ccfc6d4b" outcome="Passed" testListId="8c84fa94-04c1-424b-9868-57a2d4851a1d" relativeResultsDirectory="be0d8d1f-395f-423d-9412-131cb48ebe60" />
    <UnitTestResult executionId="319397a2-abb8-4227-bc85-7345fc41385d" testId="2eb02be1-be5b-c75f-226f-8371b8170b9a" testName="GetCameraTiles_ShouldReturnCorrectCameraTilesWithGroupTest" computerName="DKSR-EFI-06" duration="00:00:00.0296559" startTime="2024-01-09T15:48:46.9940722+01:00" endTime="2024-01-09T15:48:47.0239846+01:00" testType="13cdc9d9-ddb5-4fa4-a97d-d965ccfc6d4b" outcome="Passed" testListId="8c84fa94-04c1-424b-9868-57a2d4851a1d" relativeResultsDirectory="319397a2-abb8-4227-bc85-7345fc41385d" />
    <UnitTestResult executionId="8aa4e26c-936c-4860-9793-89a014737ff6" testId="a2769260-4eb7-daf9-b4d2-f155ed354d1b" testName="Deserialize_ShouldReturnCombineTypeOr_WhenCombineTypeIsInvalidInXml" computerName="DKSR-EFI-06" duration="00:00:00.0029001" startTime="2024-01-09T15:48:26.5541009+01:00" endTime="2024-01-09T15:48:26.5571500+01:00" testType="13cdc9d9-ddb5-4fa4-a97d-d965ccfc6d4b" outcome="Passed" testListId="8c84fa94-04c1-424b-9868-57a2d4851a1d" relativeResultsDirectory="8aa4e26c-936c-4860-9793-89a014737ff6" />
    <UnitTestResult executionId="3aadc067-f0ef-4456-9450-e40cf6f470ca" testId="13ba617e-c06d-6b6c-0709-611e06771ad4" testName="Constructor_ShouldRaiseArgumentNullException_WhenLayersIsNull" computerName="DKSR-EFI-06" duration="00:00:00.0018216" startTime="2024-01-09T15:48:42.9234036+01:00" endTime="2024-01-09T15:48:42.9255389+01:00" testType="13cdc9d9-ddb5-4fa4-a97d-d965ccfc6d4b" outcome="Passed" testListId="8c84fa94-04c1-424b-9868-57a2d4851a1d" relativeResultsDirectory="3aadc067-f0ef-4456-9450-e40cf6f470ca" />
    <UnitTestResult executionId="a9f8c35c-8837-40a6-9735-ae0dbff40d98" testId="f7818ee3-e956-b295-d253-9fdf096ceee7" testName="GetServerTypes_ShouldReturnEventServerType" computerName="DKSR-EFI-06" duration="00:00:00.0021521" startTime="2024-01-09T15:48:46.9607209+01:00" endTime="2024-01-09T15:48:46.9632299+01:00" testType="13cdc9d9-ddb5-4fa4-a97d-d965ccfc6d4b" outcome="Passed" testListId="8c84fa94-04c1-424b-9868-57a2d4851a1d" relativeResultsDirectory="a9f8c35c-8837-40a6-9735-ae0dbff40d98" />
    <UnitTestResult executionId="344ba3cd-275e-433e-a227-018022c15287" testId="97333588-528f-b816-eec2-32c062436864" testName="Constructor_ShouldThrowException_WhenFunctorCollectionIsNull" computerName="DKSR-EFI-06" duration="00:00:00.0003740" startTime="2024-01-09T15:48:47.0484874+01:00" endTime="2024-01-09T15:48:47.0490519+01:00" testType="13cdc9d9-ddb5-4fa4-a97d-d965ccfc6d4b" outcome="Passed" testListId="8c84fa94-04c1-424b-9868-57a2d4851a1d" relativeResultsDirectory="344ba3cd-275e-433e-a227-018022c15287" />
    <UnitTestResult executionId="ab378b0b-08bb-4c3d-a2cd-5e1d965e51af" testId="bbaeb53f-2674-b2c2-8841-ab6f6884b997" testName="SearchResultsActionBarActions_AddBookmark_Enabled" computerName="DKSR-EFI-06" duration="00:00:00.0070833" startTime="2024-01-09T15:48:22.9630317+01:00" endTime="2024-01-09T15:48:22.9702881+01:00" testType="13cdc9d9-ddb5-4fa4-a97d-d965ccfc6d4b" outcome="Passed" testListId="8c84fa94-04c1-424b-9868-57a2d4851a1d" relativeResultsDirectory="ab378b0b-08bb-4c3d-a2cd-5e1d965e51af" />
    <UnitTestResult executionId="bd5304c1-f28b-423c-8d00-1a473b55c1cf" testId="310bd126-7eaa-5bf4-39f9-05d7e2e492eb" testName="MakeId_ShouldGenerateSameId_WhenResultsChangeOrderButResultsAreSame" computerName="DKSR-EFI-06" duration="00:00:00.0002965" startTime="2024-01-09T15:48:26.7237934+01:00" endTime="2024-01-09T15:48:26.7242235+01:00" testType="13cdc9d9-ddb5-4fa4-a97d-d965ccfc6d4b" outcome="Passed" testListId="8c84fa94-04c1-424b-9868-57a2d4851a1d" relativeResultsDirectory="bd5304c1-f28b-423c-8d00-1a473b55c1cf" />
    <UnitTestResult executionId="f94ceb51-687e-4ef8-87a1-7a15045be0d7" testId="6681258b-ffc2-f0da-0c92-25b111f465fa" testName="OnMarkerSelected_ShouldAddMarkerToSelectionButNotStartInPlaceEditing_WhenExistingSelectionAndAddToSelectionIsTrue" computerName="DKSR-EFI-06" duration="00:00:00.0065037" startTime="2024-01-09T15:47:47.2269179+01:00" endTime="2024-01-09T15:47:47.2358551+01:00" testType="13cdc9d9-ddb5-4fa4-a97d-d965ccfc6d4b" outcome="Passed" testListId="8c84fa94-04c1-424b-9868-57a2d4851a1d" relativeResultsDirectory="f94ceb51-687e-4ef8-87a1-7a15045be0d7" />
    <UnitTestResult executionId="59967f75-e5f3-46ef-8f74-cace381e292d" testId="0acd9aea-66db-23f1-2f4e-7c9500451a5d" testName="TrySelectAvailableExportNameTest_ShouldThrowException_WhenExportDataValidatorIsNull" computerName="DKSR-EFI-06" duration="00:00:00.0215098" startTime="2024-01-09T15:48:46.8536185+01:00" endTime="2024-01-09T15:48:46.8754659+01:00" testType="13cdc9d9-ddb5-4fa4-a97d-d965ccfc6d4b" outcome="Passed" testListId="8c84fa94-04c1-424b-9868-57a2d4851a1d" relativeResultsDirectory="59967f75-e5f3-46ef-8f74-cace381e292d" />
    <UnitTestResult executionId="fe28bf44-a78e-4d1e-8ddc-0d4a3f568230" testId="e36d7108-5c81-aaf4-329c-24a028699d61" testName="GetCamera_ShouldReturnCorrectCameraTest" computerName="DKSR-EFI-06" duration="00:00:00.0277660" startTime="2024-01-09T15:48:46.8910626+01:00" endTime="2024-01-09T15:48:46.9191130+01:00" testType="13cdc9d9-ddb5-4fa4-a97d-d965ccfc6d4b" outcome="Passed" testListId="8c84fa94-04c1-424b-9868-57a2d4851a1d" relativeResultsDirectory="fe28bf44-a78e-4d1e-8ddc-0d4a3f568230" />
    <UnitTestResult executionId="1cf64bbc-b9f3-4639-9799-3a4c8e0c4b31" testId="da571dbb-0f8b-5648-4221-79651d811e25" testName="TestUpdateState_3NonCamera" computerName="DKSR-EFI-06" duration="00:00:00.0048847" startTime="2024-01-09T15:48:45.8176980+01:00" endTime="2024-01-09T15:48:45.8227465+01:00" testType="13cdc9d9-ddb5-4fa4-a97d-d965ccfc6d4b" outcome="Passed" testListId="8c84fa94-04c1-424b-9868-57a2d4851a1d" relativeResultsDirectory="1cf64bbc-b9f3-4639-9799-3a4c8e0c4b31" />
    <UnitTestResult executionId="b2bf5118-9f51-4bcc-a71b-51e16865fbb4" testId="ef7eb1a4-404f-fda1-15f0-bcd1e692326a" testName="PatrollingStepListViewModel_MoveStepDownExecute" computerName="DKSR-EFI-06" duration="00:00:00.0017773" startTime="2024-01-09T15:48:43.9772547+01:00" endTime="2024-01-09T15:48:43.9791963+01:00" testType="13cdc9d9-ddb5-4fa4-a97d-d965ccfc6d4b" outcome="Passed" testListId="8c84fa94-04c1-424b-9868-57a2d4851a1d" relativeResultsDirectory="b2bf5118-9f51-4bcc-a71b-51e16865fbb4" />
    <UnitTestResult executionId="e74e337e-a278-41a4-9847-fbf12757add0" testId="e0ddb94a-4c42-ee26-7803-7c8bb915b98c" testName="CreateExportDialog_CanCreateExport_WhenOnlyExportToOpticsAndInvalidExportPath" computerName="DKSR-EFI-06" duration="00:00:00.0137672" startTime="2024-01-09T15:47:51.3544078+01:00" endTime="2024-01-09T15:47:51.3683538+01:00" testType="13cdc9d9-ddb5-4fa4-a97d-d965ccfc6d4b" outcome="Passed" testListId="8c84fa94-04c1-424b-9868-57a2d4851a1d" relativeResultsDirectory="e74e337e-a278-41a4-9847-fbf12757add0" />
    <UnitTestResult executionId="24ea291e-11c0-4dbd-b31c-6dde015292c1" testId="6ea25a13-961a-d8b8-8741-00e7f42d7603" testName="Unrelated_device_unchanged_when_camera_with_same_related_device_added" computerName="DKSR-EFI-06" duration="00:00:00.0018004" startTime="2024-01-09T15:48:52.5127923+01:00" endTime="2024-01-09T15:48:52.5147196+01:00" testType="13cdc9d9-ddb5-4fa4-a97d-d965ccfc6d4b" outcome="Passed" testListId="8c84fa94-04c1-424b-9868-57a2d4851a1d" relativeResultsDirectory="24ea291e-11c0-4dbd-b31c-6dde015292c1" />
    <UnitTestResult executionId="8246190e-eafa-40fc-952b-a50b797fb1ac" testId="fe22a4f5-f49f-f59f-57fa-2e035d1a94ac" testName="IsVisible_ZeroSelectedResults_ReturnsFalse" computerName="DKSR-EFI-06" duration="00:00:00.0338787" startTime="2024-01-09T15:48:22.5258707+01:00" endTime="2024-01-09T15:48:22.5599798+01:00" testType="13cdc9d9-ddb5-4fa4-a97d-d965ccfc6d4b" outcome="Passed" testListId="8c84fa94-04c1-424b-9868-57a2d4851a1d" relativeResultsDirectory="8246190e-eafa-40fc-952b-a50b797fb1ac" />
    <UnitTestResult executionId="71ce1121-bc23-40ca-b663-eb68b76939d0" testId="5bb54e26-c71e-f619-e4ab-387584c60929" testName="SearchAction_BrowseMode_30MinutesInThePast" computerName="DKSR-EFI-06" duration="00:00:00.0054990" startTime="2024-01-09T15:48:49.6558173+01:00" endTime="2024-01-09T15:48:49.6614734+01:00" testType="13cdc9d9-ddb5-4fa4-a97d-d965ccfc6d4b" outcome="Passed" testListId="8c84fa94-04c1-424b-9868-57a2d4851a1d" relativeResultsDirectory="71ce1121-bc23-40ca-b663-eb68b76939d0" />
    <UnitTestResult executionId="2063b5ac-20d0-4c64-8723-dcbbfb9d081f" testId="cab07565-7102-ab00-4f85-136d84889f35" testName="UpdateItems_WhenStrategyReturnsUpdateNotNeeded_ShouldNotResultInMipItemsReadyEvent" computerName="DKSR-EFI-06" duration="00:00:00.0014233" startTime="2024-01-09T15:47:49.8187788+01:00" endTime="2024-01-09T15:47:49.8203607+01:00" testType="13cdc9d9-ddb5-4fa4-a97d-d965ccfc6d4b" outcome="Passed" testListId="8c84fa94-04c1-424b-9868-57a2d4851a1d" relativeResultsDirectory="2063b5ac-20d0-4c64-8723-dcbbfb9d081f" />
    <UnitTestResult executionId="c46ff8a0-c00c-4b27-8e22-7cbef3f7fe98" testId="574bf290-6995-ff93-7ee5-b70a6ace7d84" testName="Compare_SameBeginTimeDeterministicBehavior_HashCode_Success" computerName="DKSR-EFI-06" duration="00:00:00.0011019" startTime="2024-01-09T15:48:26.7553376+01:00" endTime="2024-01-09T15:48:26.7565740+01:00" testType="13cdc9d9-ddb5-4fa4-a97d-d965ccfc6d4b" outcome="Passed" testListId="8c84fa94-04c1-424b-9868-57a2d4851a1d" relativeResultsDirectory="c46ff8a0-c00c-4b27-8e22-7cbef3f7fe98" />
    <UnitTestResult executionId="91bcdce8-6ee2-4014-be09-ef6c80a3d894" testId="80e1e452-82cf-b088-db40-d28f7d32c62d" testName="EvidenceLock when Playback" computerName="DKSR-EFI-06" duration="00:00:00.0167426" startTime="2024-01-09T15:48:44.4031801+01:00" endTime="2024-01-09T15:48:44.6194645+01:00" testType="13cdc9d9-ddb5-4fa4-a97d-d965ccfc6d4b" outcome="Passed" testListId="8c84fa94-04c1-424b-9868-57a2d4851a1d" relativeResultsDirectory="91bcdce8-6ee2-4014-be09-ef6c80a3d894" />
    <UnitTestResult executionId="02e65608-c381-4ddf-bfeb-cf7248343240" testId="8803b728-b3cd-d0f6-6a9a-d85dc1ecbb9f" testName="AddCriteriaCommand_SearchAttributeCategoryNull" computerName="DKSR-EFI-06" duration="00:00:00.0062410" startTime="2024-01-09T15:48:24.9478733+01:00" endTime="2024-01-09T15:48:24.9542727+01:00" testType="13cdc9d9-ddb5-4fa4-a97d-d965ccfc6d4b" outcome="Passed" testListId="8c84fa94-04c1-424b-9868-57a2d4851a1d" relativeResultsDirectory="02e65608-c381-4ddf-bfeb-cf7248343240" />
    <UnitTestResult executionId="b8c5a31c-d44f-4cc4-86c1-48c5bdc13f78" testId="c0f6f50e-70bb-6ec7-7cb1-70b1c03dbf38" testName="SetResultsToReselect_ShouldBeReflectedInResultsProcessedEvent" computerName="DKSR-EFI-06" duration="00:00:00.0032142" startTime="2024-01-09T15:48:26.6273749+01:00" endTime="2024-01-09T15:48:26.6307206+01:00" testType="13cdc9d9-ddb5-4fa4-a97d-d965ccfc6d4b" outcome="Passed" testListId="8c84fa94-04c1-424b-9868-57a2d4851a1d" relativeResultsDirectory="b8c5a31c-d44f-4cc4-86c1-48c5bdc13f78" />
    <UnitTestResult executionId="9ee437e7-658f-4671-9f6c-07b0397b1729" testId="d2a4e8f1-b2e6-68f0-1810-a5d540d2f7a3" testName="CreateDefinition_ValidCategoryAndSortOrderSpecified_SearchStarted" computerName="DKSR-EFI-06" duration="00:00:00.0056841" startTime="2024-01-09T15:48:26.3121262+01:00" endTime="2024-01-09T15:48:26.3179620+01:00" testType="13cdc9d9-ddb5-4fa4-a97d-d965ccfc6d4b" outcome="Passed" testListId="8c84fa94-04c1-424b-9868-57a2d4851a1d" relativeResultsDirectory="9ee437e7-658f-4671-9f6c-07b0397b1729" />
    <UnitTestResult executionId="523859e6-87b2-4283-88c4-39795446a536" testId="ac8d1b70-d786-34c4-5f08-7e56322f2a79" testName="LanguageOptionsData_NullsIgnored_Success" computerName="DKSR-EFI-06" duration="00:00:00.0003981" startTime="2024-01-09T15:48:44.0448853+01:00" endTime="2024-01-09T15:48:44.0454460+01:00" testType="13cdc9d9-ddb5-4fa4-a97d-d965ccfc6d4b" outcome="Passed" testListId="8c84fa94-04c1-424b-9868-57a2d4851a1d" relativeResultsDirectory="523859e6-87b2-4283-88c4-39795446a536" />
    <UnitTestResult executionId="ffac764f-b734-460b-851e-0054dae9941f" testId="03169915-5e36-4862-8f40-5f0139419946" testName="PatrollingStepListViewModel_MoveStepDownCommand" computerName="DKSR-EFI-06" duration="00:00:00.0014546" startTime="2024-01-09T15:48:43.9752435+01:00" endTime="2024-01-09T15:48:43.9768301+01:00" testType="13cdc9d9-ddb5-4fa4-a97d-d965ccfc6d4b" outcome="Passed" testListId="8c84fa94-04c1-424b-9868-57a2d4851a1d" relativeResultsDirectory="ffac764f-b734-460b-851e-0054dae9941f" />
    <UnitTestResult executionId="e46ed3e1-cfc1-45c9-a762-050a35228439" testId="88e52a12-1a52-4078-5db4-c86ba1c3b447" testName="Map_AddExtraBackgroundLayer_Success" computerName="DKSR-EFI-06" duration="00:00:00.0433978" startTime="2024-01-09T15:48:40.4277237+01:00" endTime="2024-01-09T15:48:40.4714434+01:00" testType="13cdc9d9-ddb5-4fa4-a97d-d965ccfc6d4b" outcome="Passed" testListId="8c84fa94-04c1-424b-9868-57a2d4851a1d" relativeResultsDirectory="e46ed3e1-cfc1-45c9-a762-050a35228439" />
    <UnitTestResult executionId="e8298a55-e202-464e-a535-2fac2a8599f6" testId="c5f981d9-37f1-54c9-b862-4fbb2d02666f" testName="CalculateNewExtent_ShouldLimitExtent_WhenBeyondMax" computerName="DKSR-EFI-06" duration="00:00:00.0003893" startTime="2024-01-09T15:47:49.8691439+01:00" endTime="2024-01-09T15:47:49.8696595+01:00" testType="13cdc9d9-ddb5-4fa4-a97d-d965ccfc6d4b" outcome="Passed" testListId="8c84fa94-04c1-424b-9868-57a2d4851a1d" relativeResultsDirectory="e8298a55-e202-464e-a535-2fac2a8599f6" />
    <UnitTestResult executionId="9f5a346e-c6ce-4277-b8a2-92a8517a38c2" testId="f666c42d-aace-c940-638f-8ab4e58f4377" testName="SupportsRightClick_ShouldBeTrue_WhenInteractionStateIsNormal" computerName="DKSR-EFI-06" duration="00:00:00.0091059" startTime="2024-01-09T15:47:47.4158241+01:00" endTime="2024-01-09T15:47:47.4272636+01:00" testType="13cdc9d9-ddb5-4fa4-a97d-d965ccfc6d4b" outcome="Passed" testListId="8c84fa94-04c1-424b-9868-57a2d4851a1d" relativeResultsDirectory="9f5a346e-c6ce-4277-b8a2-92a8517a38c2" />
    <UnitTestResult executionId="bba94da2-f96b-4adb-ae73-1ca4769ce591" testId="2fb66288-907e-6f79-7496-8522636043b2" testName="HandleGetDeviceData_ShouldReturnNotFoundDeviceData_WhenNotSupportedKind" computerName="DKSR-EFI-06" duration="00:00:00.0341011" startTime="2024-01-09T15:47:50.9554871+01:00" endTime="2024-01-09T15:47:50.9897728+01:00" testType="13cdc9d9-ddb5-4fa4-a97d-d965ccfc6d4b" outcome="Passed" testListId="8c84fa94-04c1-424b-9868-57a2d4851a1d" relativeResultsDirectory="bba94da2-f96b-4adb-ae73-1ca4769ce591" />
    <UnitTestResult executionId="ad415709-20be-4016-8a37-d8f2a1c28e20" testId="7279d631-5e65-263e-b126-502467fa7c3a" testName="CameraMapItem_Start_AlarmObservable_SetAlarms" computerName="DKSR-EFI-06" duration="00:00:00.0340139" startTime="2024-01-09T15:48:39.2773646+01:00" endTime="2024-01-09T15:48:39.3115979+01:00" testType="13cdc9d9-ddb5-4fa4-a97d-d965ccfc6d4b" outcome="Passed" testListId="8c84fa94-04c1-424b-9868-57a2d4851a1d" relativeResultsDirectory="ad415709-20be-4016-8a37-d8f2a1c28e20" />
    <UnitTestResult executionId="2a0e34d4-5259-4014-a486-07e87a750b7d" testId="cbf3c026-1275-2ce4-480a-ebd0ee5d1112" testName="AddSelectedWindowsToExport_ShouldShowCorrectToastMessages (0,5,0)" computerName="DKSR-EFI-06" duration="00:00:00.0036635" startTime="2024-01-09T15:48:45.4651326+01:00" endTime="2024-01-09T15:48:45.4689864+01:00" testType="13cdc9d9-ddb5-4fa4-a97d-d965ccfc6d4b" outcome="Passed" testListId="8c84fa94-04c1-424b-9868-57a2d4851a1d" relativeResultsDirectory="2a0e34d4-5259-4014-a486-07e87a750b7d" />
    <UnitTestResult executionId="0b137ee7-77bc-4ddd-be56-68f04ec478d0" testId="ebcc233a-fd3e-8478-fead-9ccf15ebc250" testName="IsDisabled_ShouldBeTrue_WhenIsDetachedControllerManager" computerName="DKSR-EFI-06" duration="00:00:00.0134223" startTime="2024-01-09T15:48:42.0988735+01:00" endTime="2024-01-09T15:48:42.1146263+01:00" testType="13cdc9d9-ddb5-4fa4-a97d-d965ccfc6d4b" outcome="Passed" testListId="8c84fa94-04c1-424b-9868-57a2d4851a1d" relativeResultsDirectory="0b137ee7-77bc-4ddd-be56-68f04ec478d0" />
    <UnitTestResult executionId="2343354e-6648-40e5-b72a-d057cb0979af" testId="50ac9240-7e70-f521-a930-8425f2e1e8c4" testName="ZoomIn_MapNotSet_DoesNotCrash" computerName="DKSR-EFI-06" duration="00:00:00.0003042" startTime="2024-01-09T15:47:45.9811217+01:00" endTime="2024-01-09T15:47:45.9816346+01:00" testType="13cdc9d9-ddb5-4fa4-a97d-d965ccfc6d4b" outcome="Passed" testListId="8c84fa94-04c1-424b-9868-57a2d4851a1d" relativeResultsDirectory="2343354e-6648-40e5-b72a-d057cb0979af" />
    <UnitTestResult executionId="fa210a47-3122-45f9-bb2b-636c66be4914" testId="d64e21f7-4ea3-a5fe-a361-c369ca14a84e" testName="GisMapLayerSource_CreateFrom_Success" computerName="DKSR-EFI-06" duration="00:00:00.0083569" startTime="2024-01-09T15:48:40.0141926+01:00" endTime="2024-01-09T15:48:40.0227370+01:00" testType="13cdc9d9-ddb5-4fa4-a97d-d965ccfc6d4b" outcome="Passed" testListId="8c84fa94-04c1-424b-9868-57a2d4851a1d" relativeResultsDirectory="fa210a47-3122-45f9-bb2b-636c66be4914" />
    <UnitTestResult executionId="622345b9-156c-48f6-b87b-79f740ee08ac" testId="f5cd0ea9-70e1-1cbd-01d3-fa2672fe0616" testName="ZoomOut_MapNotSet_DoesNotCrash" computerName="DKSR-EFI-06" duration="00:00:00.0002041" startTime="2024-01-09T15:47:45.9820725+01:00" endTime="2024-01-09T15:47:45.9823830+01:00" testType="13cdc9d9-ddb5-4fa4-a97d-d965ccfc6d4b" outcome="Passed" testListId="8c84fa94-04c1-424b-9868-57a2d4851a1d" relativeResultsDirectory="622345b9-156c-48f6-b87b-79f740ee08ac" />
    <UnitTestResult executionId="d0078a9f-7c22-4552-8683-0399abfbb8d9" testId="701d42cf-3ef2-9e45-4405-09554e002cc2" testName="TestForAssemblyCoverage" computerName="DKSR-EFI-06" duration="00:00:00.0025878" startTime="2024-01-09T15:47:43.4849138+01:00" endTime="2024-01-09T15:47:43.4877175+01:00" testType="13cdc9d9-ddb5-4fa4-a97d-d965ccfc6d4b" outcome="Passed" testListId="8c84fa94-04c1-424b-9868-57a2d4851a1d" relativeResultsDirectory="d0078a9f-7c22-4552-8683-0399abfbb8d9" />
    <UnitTestResult executionId="224b6d48-bb90-4a65-b241-0001ee9f2e59" testId="903b9858-a52e-2d97-0254-7f3a20fa6f17" testName="DisplayErrorOnNotificationArea_UnauthorizedDeviceAccessSearchError_Success" computerName="DKSR-EFI-06" duration="00:00:00.0072201" startTime="2024-01-09T15:48:25.1135312+01:00" endTime="2024-01-09T15:48:25.1208972+01:00" testType="13cdc9d9-ddb5-4fa4-a97d-d965ccfc6d4b" outcome="Passed" testListId="8c84fa94-04c1-424b-9868-57a2d4851a1d" relativeResultsDirectory="224b6d48-bb90-4a65-b241-0001ee9f2e59" />
    <UnitTestResult executionId="cdac23c7-3ca3-443e-bfeb-cbc8a6983c61" testId="962aa215-0703-be2d-ae49-5fe79d594412" testName="Deserialize_NothingToDeserialize_Success" computerName="DKSR-EFI-06" duration="00:00:00.0006095" startTime="2024-01-09T15:48:26.8269036+01:00" endTime="2024-01-09T15:48:26.8276454+01:00" testType="13cdc9d9-ddb5-4fa4-a97d-d965ccfc6d4b" outcome="Passed" testListId="8c84fa94-04c1-424b-9868-57a2d4851a1d" relativeResultsDirectory="cdac23c7-3ca3-443e-bfeb-cbc8a6983c61" />
    <UnitTestResult executionId="25bde253-741d-4057-a50e-76b26289e432" testId="17f82cf7-4d92-18c7-4ec3-228bc2e9056a" testName="SmartMapGoToPositionHandler_WhenDataIsValid_ShouldCallNavigateTo" computerName="DKSR-EFI-06" duration="00:00:00.0027086" startTime="2024-01-09T15:47:49.6890855+01:00" endTime="2024-01-09T15:47:49.6919078+01:00" testType="13cdc9d9-ddb5-4fa4-a97d-d965ccfc6d4b" outcome="Passed" testListId="8c84fa94-04c1-424b-9868-57a2d4851a1d" relativeResultsDirectory="25bde253-741d-4057-a50e-76b26289e432" />
    <UnitTestResult executionId="aec8bf80-8835-4cb1-8212-c3a4113fe37d" testId="4f555e67-dae7-b67f-1beb-febf2b9b4968" testName="HandleGetDeviceData_ShouldReturnOutputData_WhenOutputKindAndExistingOutputId" computerName="DKSR-EFI-06" duration="00:00:00.0360651" startTime="2024-01-09T15:47:51.0051215+01:00" endTime="2024-01-09T15:47:51.0413684+01:00" testType="13cdc9d9-ddb5-4fa4-a97d-d965ccfc6d4b" outcome="Passed" testListId="8c84fa94-04c1-424b-9868-57a2d4851a1d" relativeResultsDirectory="aec8bf80-8835-4cb1-8212-c3a4113fe37d" />
    <UnitTestResult executionId="12d378e3-0fe9-4c08-b3ef-a5cf3c2b2b36" testId="d1148632-27af-a6b6-932c-c9e12abeebb9" testName="SearchResultsActionBarActions_EditBookmark_NotEnabled" computerName="DKSR-EFI-06" duration="00:00:00.0071538" startTime="2024-01-09T15:48:23.0461979+01:00" endTime="2024-01-09T15:48:23.0535061+01:00" testType="13cdc9d9-ddb5-4fa4-a97d-d965ccfc6d4b" outcome="Passed" testListId="8c84fa94-04c1-424b-9868-57a2d4851a1d" relativeResultsDirectory="12d378e3-0fe9-4c08-b3ef-a5cf3c2b2b36" />
    <UnitTestResult executionId="b9ed0e79-4786-429f-833a-6c662782552e" testId="91d14b34-4712-1785-f0d4-572e813a795e" testName="ScWorkspaceStateChangedEvent_ShouldSetDeviceStateToDeactivated_WhenSwitchingToSetupMode" computerName="DKSR-EFI-06" duration="00:00:00.0150718" startTime="2024-01-09T15:48:41.3524196+01:00" endTime="2024-01-09T15:48:41.3700652+01:00" testType="13cdc9d9-ddb5-4fa4-a97d-d965ccfc6d4b" outcome="Passed" testListId="8c84fa94-04c1-424b-9868-57a2d4851a1d" relativeResultsDirectory="b9ed0e79-4786-429f-833a-6c662782552e" />
    <UnitTestResult executionId="ad342dcf-3f9c-4adf-9783-6206a675862e" testId="4729feb7-4741-1ecd-d16a-200494d70780" testName="Deserialize_ScopeDurationOnly_Success" computerName="DKSR-EFI-06" duration="00:00:00.0008554" startTime="2024-01-09T15:48:26.8280882+01:00" endTime="2024-01-09T15:48:26.8290762+01:00" testType="13cdc9d9-ddb5-4fa4-a97d-d965ccfc6d4b" outcome="Passed" testListId="8c84fa94-04c1-424b-9868-57a2d4851a1d" relativeResultsDirectory="ad342dcf-3f9c-4adf-9783-6206a675862e" />
    <UnitTestResult executionId="b8733086-5601-42ae-936d-dc2e219c1ae1" testId="00898047-0053-d119-5ff1-919a14dc0313" testName="WorkspaceToolBarItemEvidenceLockCreate_ShouldGoIntoSelectionMode_WhenNotInSelectionMode" computerName="DKSR-EFI-06" duration="00:00:00.0020552" startTime="2024-01-09T15:48:45.9992258+01:00" endTime="2024-01-09T15:48:46.0014253+01:00" testType="13cdc9d9-ddb5-4fa4-a97d-d965ccfc6d4b" outcome="Passed" testListId="8c84fa94-04c1-424b-9868-57a2d4851a1d" relativeResultsDirectory="b8733086-5601-42ae-936d-dc2e219c1ae1" />
    <UnitTestResult executionId="e586363f-0c9e-4a09-b724-783db01787d7" testId="84796659-ba8c-65c7-7760-1f800728b555" testName="Command_ShouldInvokeRemoveMipMapItem_WhenExecutedForMultipleSelectedItem" computerName="DKSR-EFI-06" duration="00:00:00.0030728" startTime="2024-01-09T15:47:49.5709093+01:00" endTime="2024-01-09T15:47:49.5765821+01:00" testType="13cdc9d9-ddb5-4fa4-a97d-d965ccfc6d4b" outcome="Passed" testListId="8c84fa94-04c1-424b-9868-57a2d4851a1d" relativeResultsDirectory="e586363f-0c9e-4a09-b724-783db01787d7" />
    <UnitTestResult executionId="6ab2a7b9-19f3-472e-9801-955e242ab905" testId="bb4bb142-b438-3655-29db-1dd962632a41" testName="SelectTemplate_ListSelectionFilterConfiguration_ThreeOrMoreItems_ReturnsPopupTemplate" computerName="DKSR-EFI-06" duration="00:00:00.0006271" startTime="2024-01-09T15:47:52.5671296+01:00" endTime="2024-01-09T15:47:52.5678799+01:00" testType="13cdc9d9-ddb5-4fa4-a97d-d965ccfc6d4b" outcome="Passed" testListId="8c84fa94-04c1-424b-9868-57a2d4851a1d" relativeResultsDirectory="6ab2a7b9-19f3-472e-9801-955e242ab905" />
    <UnitTestResult executionId="f3e26115-e0e6-4a05-9365-9efd98f0947e" testId="c6fc9995-4feb-7741-7b1f-15f47389f965" testName="CreateDefinition_OneFiltersInCategory_OneFilterValuesAddedToSearchCriteria" computerName="DKSR-EFI-06" duration="00:00:00.0047579" startTime="2024-01-09T15:48:26.2811950+01:00" endTime="2024-01-09T15:48:26.2861322+01:00" testType="13cdc9d9-ddb5-4fa4-a97d-d965ccfc6d4b" outcome="Passed" testListId="8c84fa94-04c1-424b-9868-57a2d4851a1d" relativeResultsDirectory="f3e26115-e0e6-4a05-9365-9efd98f0947e" />
    <UnitTestResult executionId="fc88d2ee-8bff-404a-8dd3-b3e695d462ef" testId="dafe6617-7d77-6bca-77a9-2080de8d8ac3" testName="PopulateTooltip_SingleResultsFromManyCameras12Hours_ValidText" computerName="DKSR-EFI-06" duration="00:00:00.0300710" startTime="2024-01-09T15:48:18.9681090+01:00" endTime="2024-01-09T15:48:19.0010250+01:00" testType="13cdc9d9-ddb5-4fa4-a97d-d965ccfc6d4b" outcome="Passed" testListId="8c84fa94-04c1-424b-9868-57a2d4851a1d" relativeResultsDirectory="fc88d2ee-8bff-404a-8dd3-b3e695d462ef" />
    <UnitTestResult executionId="5048849a-ef0b-46ac-a567-eef17edae452" testId="e087b5f0-3763-6f36-256a-40fa9b7a8fcb" testName="DeviceIcons_ShouldNotBeNull_WhenCalled" computerName="DKSR-EFI-06" duration="00:00:00.0011253" startTime="2024-01-09T15:48:40.7891625+01:00" endTime="2024-01-09T15:48:40.7904219+01:00" testType="13cdc9d9-ddb5-4fa4-a97d-d965ccfc6d4b" outcome="Passed" testListId="8c84fa94-04c1-424b-9868-57a2d4851a1d" relativeResultsDirectory="5048849a-ef0b-46ac-a567-eef17edae452" />
    <UnitTestResult executionId="7f5ae461-ab00-4bfd-89ce-55fb3db5d7e5" testId="e7e1ec7e-8e1e-7f8d-e3da-59506c852ed4" testName="InputItemsMapLayer_Load_Save_DataIsSame_WhenInputIsEnabled" computerName="DKSR-EFI-06" duration="00:00:00.0149747" startTime="2024-01-09T15:48:38.8187702+01:00" endTime="2024-01-09T15:48:38.8339004+01:00" testType="13cdc9d9-ddb5-4fa4-a97d-d965ccfc6d4b" outcome="Passed" testListId="8c84fa94-04c1-424b-9868-57a2d4851a1d" relativeResultsDirectory="7f5ae461-ab00-4bfd-89ce-55fb3db5d7e5" />
    <UnitTestResult executionId="66a7cd52-734c-4faa-9936-843069049c26" testId="b7bca108-da6d-1f8c-7ea5-81ba3e07496a" testName="DeleteMapItems_ShouldReturnTrue_WhenUserAcknowledgesDeletionOfSingleItem" computerName="DKSR-EFI-06" duration="00:00:00.0181595" startTime="2024-01-09T15:48:40.7455836+01:00" endTime="2024-01-09T15:48:40.7639010+01:00" testType="13cdc9d9-ddb5-4fa4-a97d-d965ccfc6d4b" outcome="Passed" testListId="8c84fa94-04c1-424b-9868-57a2d4851a1d" relativeResultsDirectory="66a7cd52-734c-4faa-9936-843069049c26" />
    <UnitTestResult executionId="0ca2a3d7-d563-4808-add0-854e86c1dbf1" testId="2b329938-e3b1-01ad-a60f-47df5d0a331f" testName="FocusedSearchResultChanged_CameraNotOnMap_NavigateToHomeAndShowWarning" computerName="DKSR-EFI-06" duration="00:00:00.0078769" startTime="2024-01-09T15:48:22.1426824+01:00" endTime="2024-01-09T15:48:22.1530881+01:00" testType="13cdc9d9-ddb5-4fa4-a97d-d965ccfc6d4b" outcome="Passed" testListId="8c84fa94-04c1-424b-9868-57a2d4851a1d" relativeResultsDirectory="0ca2a3d7-d563-4808-add0-854e86c1dbf1" />
    <UnitTestResult executionId="bee332cd-b064-45e6-8ab3-ea52305af1b2" testId="0ed09f5c-e815-112c-6aff-fe0dbd9b6f36" testName="Instance_ShouldBeSingleton_WhenCalled" computerName="DKSR-EFI-06" duration="00:00:00.0001858" startTime="2024-01-09T15:48:40.7946620+01:00" endTime="2024-01-09T15:48:40.7950458+01:00" testType="13cdc9d9-ddb5-4fa4-a97d-d965ccfc6d4b" outcome="Passed" testListId="8c84fa94-04c1-424b-9868-57a2d4851a1d" relativeResultsDirectory="bee332cd-b064-45e6-8ab3-ea52305af1b2" />
    <UnitTestResult executionId="f4ac551f-39ea-4656-b7e5-ef93598ef1a4" testId="8d2c3378-22f0-b4e2-6833-c26077a86417" testName="PointMapItem_MicrophoneWithNoShortName_Success" computerName="DKSR-EFI-06" duration="00:00:00.0385761" startTime="2024-01-09T15:48:41.9605121+01:00" endTime="2024-01-09T15:48:42.0021399+01:00" testType="13cdc9d9-ddb5-4fa4-a97d-d965ccfc6d4b" outcome="Passed" testListId="8c84fa94-04c1-424b-9868-57a2d4851a1d" relativeResultsDirectory="f4ac551f-39ea-4656-b7e5-ef93598ef1a4" />
    <UnitTestResult executionId="e971cd3a-7a78-4715-afba-2a6efc11a26a" testId="3369c6d4-ee50-9d6e-0705-4fc6884cc7fb" testName="AuthType_ShouldReturnNegotiate_WhenConstructedUsingWindows" computerName="DKSR-EFI-06" duration="00:00:00.0001914" startTime="2024-01-09T15:47:43.3500005+01:00" endTime="2024-01-09T15:47:43.3503432+01:00" testType="13cdc9d9-ddb5-4fa4-a97d-d965ccfc6d4b" outcome="Passed" testListId="8c84fa94-04c1-424b-9868-57a2d4851a1d" relativeResultsDirectory="e971cd3a-7a78-4715-afba-2a6efc11a26a" />
    <UnitTestResult executionId="ce3ba79f-ba8f-4ff5-9528-827cfd44a8c0" testId="fe450cea-9ffb-3719-460a-cf60fe446421" testName="SearchAction_Carrousel_LiveMode" computerName="DKSR-EFI-06" duration="00:00:00.0777535" startTime="2024-01-09T15:48:45.8471808+01:00" endTime="2024-01-09T15:48:45.9251153+01:00" testType="13cdc9d9-ddb5-4fa4-a97d-d965ccfc6d4b" outcome="Passed" testListId="8c84fa94-04c1-424b-9868-57a2d4851a1d" relativeResultsDirectory="ce3ba79f-ba8f-4ff5-9528-827cfd44a8c0" />
    <UnitTestResult executionId="50f57807-ea8c-4a5a-85e0-aca9472dd05f" testId="4c310887-8495-4e52-0457-4cbe13b9a200" testName="NavigateAndSelectAsync_PanMap_ReCenterCommandEnabled" computerName="DKSR-EFI-06" duration="00:00:00.0309618" startTime="2024-01-09T15:47:45.5906910+01:00" endTime="2024-01-09T15:47:45.6244481+01:00" testType="13cdc9d9-ddb5-4fa4-a97d-d965ccfc6d4b" outcome="Passed" testListId="8c84fa94-04c1-424b-9868-57a2d4851a1d" relativeResultsDirectory="50f57807-ea8c-4a5a-85e0-aca9472dd05f" />
    <UnitTestResult executionId="f3230c93-4461-40b1-a7bb-a5f13ef9c9a9" testId="13877fd5-e79d-3ae7-6015-10213c2263cb" testName="TestLoadSave_WithUnknownMapItems_Success" computerName="DKSR-EFI-06" duration="00:00:00.0203930" startTime="2024-01-09T15:48:42.9023030+01:00" endTime="2024-01-09T15:48:42.9228860+01:00" testType="13cdc9d9-ddb5-4fa4-a97d-d965ccfc6d4b" outcome="Passed" testListId="8c84fa94-04c1-424b-9868-57a2d4851a1d" relativeResultsDirectory="f3230c93-4461-40b1-a7bb-a5f13ef9c9a9" />
    <UnitTestResult executionId="3ccc956e-ab0a-4ecc-87d4-3c66ee0873cf" testId="e1ce66f6-03d2-e28b-bcfb-64c1c424a716" testName="OnLoaded_NullSmartMapControl_DoesNotCrash" computerName="DKSR-EFI-06" duration="00:00:00.0091992" startTime="2024-01-09T15:48:22.1026544+01:00" endTime="2024-01-09T15:48:22.1149010+01:00" testType="13cdc9d9-ddb5-4fa4-a97d-d965ccfc6d4b" outcome="Passed" testListId="8c84fa94-04c1-424b-9868-57a2d4851a1d" relativeResultsDirectory="3ccc956e-ab0a-4ecc-87d4-3c66ee0873cf" />
    <UnitTestResult executionId="f8c637e6-9a70-44a7-96a2-b910aa48c000" testId="fbac2a6f-2233-86d4-ebd9-d19d11941509" testName="CloseDeviceSelectorUserControl_ShouldSetUserControlNull_Always" computerName="DKSR-EFI-06" duration="00:00:00.0005915" startTime="2024-01-09T15:47:45.9563910+01:00" endTime="2024-01-09T15:47:45.9591759+01:00" testType="13cdc9d9-ddb5-4fa4-a97d-d965ccfc6d4b" outcome="Passed" testListId="8c84fa94-04c1-424b-9868-57a2d4851a1d" relativeResultsDirectory="f8c637e6-9a70-44a7-96a2-b910aa48c000" />
    <UnitTestResult executionId="14c6474d-1c47-42d8-bc0b-fa3d39a6299e" testId="fd55daeb-7419-55fa-3178-07b8b00e171d" testName="Constructor_ShouldAttachOnUpdateMutedMicrophonesRaised_WhenCalled" computerName="DKSR-EFI-06" duration="00:00:00.0185164" startTime="2024-01-09T15:48:41.0883777+01:00" endTime="2024-01-09T15:48:41.1101156+01:00" testType="13cdc9d9-ddb5-4fa4-a97d-d965ccfc6d4b" outcome="Passed" testListId="8c84fa94-04c1-424b-9868-57a2d4851a1d" relativeResultsDirectory="14c6474d-1c47-42d8-bc0b-fa3d39a6299e" />
    <UnitTestResult executionId="049549d8-1014-4b93-a19c-67ce22069651" testId="b3439aa9-ae3f-b685-1de2-36964f947d35" testName="JPEGDataDto_ShouldYieldSameValues_WhenRoundTripConverted" computerName="DKSR-EFI-06" duration="00:00:00.0013060" startTime="2024-01-09T15:47:40.9816676+01:00" endTime="2024-01-09T15:47:40.9830788+01:00" testType="13cdc9d9-ddb5-4fa4-a97d-d965ccfc6d4b" outcome="Passed" testListId="8c84fa94-04c1-424b-9868-57a2d4851a1d" relativeResultsDirectory="049549d8-1014-4b93-a19c-67ce22069651" />
    <UnitTestResult executionId="41a679d6-74e8-4f9a-bf76-b14a6113d0be" testId="4f80de53-a9c2-6ff5-bbd6-96cbb2c56bea" testName="ToSafeName_UnderscoreSeperator_Failure" computerName="DKSR-EFI-06" duration="00:00:00.0002840" startTime="2024-01-09T15:48:51.6547146+01:00" endTime="2024-01-09T15:48:51.6551692+01:00" testType="13cdc9d9-ddb5-4fa4-a97d-d965ccfc6d4b" outcome="Passed" testListId="8c84fa94-04c1-424b-9868-57a2d4851a1d" relativeResultsDirectory="41a679d6-74e8-4f9a-bf76-b14a6113d0be" />
    <UnitTestResult executionId="b22156ac-82fa-4aec-b59f-b578ffb15eac" testId="d4872f30-d2e7-fc1d-f456-df3197080a48" testName="CameraMapItem_ForceActivateAsync_NotInBuilding_Success" computerName="DKSR-EFI-06" duration="00:00:00.1605020" startTime="2024-01-09T15:48:39.6863395+01:00" endTime="2024-01-09T15:48:39.8470645+01:00" testType="13cdc9d9-ddb5-4fa4-a97d-d965ccfc6d4b" outcome="Passed" testListId="8c84fa94-04c1-424b-9868-57a2d4851a1d" relativeResultsDirectory="b22156ac-82fa-4aec-b59f-b578ffb15eac" />
    <UnitTestResult executionId="94a9693d-4c2e-4715-8639-4a3b5681a7ec" testId="10dd7bf8-f28a-4f0c-1dc0-23b4c2def703" testName="SupportsRightClick_ShouldBeTrue_WhenInteractionStateIsNormal" computerName="DKSR-EFI-06" duration="00:00:00.0240567" startTime="2024-01-09T15:47:48.0220680+01:00" endTime="2024-01-09T15:47:48.0488795+01:00" testType="13cdc9d9-ddb5-4fa4-a97d-d965ccfc6d4b" outcome="Passed" testListId="8c84fa94-04c1-424b-9868-57a2d4851a1d" relativeResultsDirectory="94a9693d-4c2e-4715-8639-4a3b5681a7ec" />
    <UnitTestResult executionId="18d9b3f3-9db6-4e8f-9b2c-b76e0c674826" testId="3df39c27-f4f5-5c42-c9cb-c9b3731ba9be" testName="TestHasCapability_Success" computerName="DKSR-EFI-06" duration="00:00:00.0001643" startTime="2024-01-09T15:48:43.1508616+01:00" endTime="2024-01-09T15:48:43.1512204+01:00" testType="13cdc9d9-ddb5-4fa4-a97d-d965ccfc6d4b" outcome="Passed" testListId="8c84fa94-04c1-424b-9868-57a2d4851a1d" relativeResultsDirectory="18d9b3f3-9db6-4e8f-9b2c-b76e0c674826" />
    <UnitTestResult executionId="67caac1c-525e-4600-88e9-054bd3841a0a" testId="3ff67012-33f7-cd39-573d-f3e6ab37a120" testName="Close_MultipleSearchFilterCategoriesInManager_SearchDefinitionDestroyedForEachCategory" computerName="DKSR-EFI-06" duration="00:00:00.0024876" startTime="2024-01-09T15:48:37.3545494+01:00" endTime="2024-01-09T15:48:37.3571828+01:00" testType="13cdc9d9-ddb5-4fa4-a97d-d965ccfc6d4b" outcome="Passed" testListId="8c84fa94-04c1-424b-9868-57a2d4851a1d" relativeResultsDirectory="67caac1c-525e-4600-88e9-054bd3841a0a" />
    <UnitTestResult executionId="b9589c39-8df5-4c61-9e49-96924d05761c" testId="da581dbd-fdf9-2018-b5c2-8286b59a8ac1" testName="UpgradeToOAuth_ShouldUpgradeToSecureOAuth_WhenRequested" computerName="DKSR-EFI-06" duration="00:00:00.0011761" startTime="2024-01-09T15:47:43.3625069+01:00" endTime="2024-01-09T15:47:43.3638838+01:00" testType="13cdc9d9-ddb5-4fa4-a97d-d965ccfc6d4b" outcome="Passed" testListId="8c84fa94-04c1-424b-9868-57a2d4851a1d" relativeResultsDirectory="b9589c39-8df5-4c61-9e49-96924d05761c" />
    <UnitTestResult executionId="12dbe418-40dc-4096-bd41-2d5cbb74f6ab" testId="53185803-f30d-3a94-55f9-276f689abca4" testName="GetWorkspaceToolbarItems_ShouldReturnGroupedToolbarItemAsHidden_WhenAllSubItemsAreHidden" computerName="DKSR-EFI-06" duration="00:00:00.0015270" startTime="2024-01-09T15:48:44.3692786+01:00" endTime="2024-01-09T15:48:44.3710004+01:00" testType="13cdc9d9-ddb5-4fa4-a97d-d965ccfc6d4b" outcome="Passed" testListId="8c84fa94-04c1-424b-9868-57a2d4851a1d" relativeResultsDirectory="12dbe418-40dc-4096-bd41-2d5cbb74f6ab" />
    <UnitTestResult executionId="069b2007-6360-4566-9d2d-d79c012c5315" testId="ae7f298e-edeb-46f5-3d43-4270f80b5ca8" testName="SearchResultsActionBarActions_MipActionDoesSupportsSelectedSearchResult_ActionDisabled" computerName="DKSR-EFI-06" duration="00:00:00.0071424" startTime="2024-01-09T15:48:22.8133404+01:00" endTime="2024-01-09T15:48:22.8206527+01:00" testType="13cdc9d9-ddb5-4fa4-a97d-d965ccfc6d4b" outcome="Passed" testListId="8c84fa94-04c1-424b-9868-57a2d4851a1d" relativeResultsDirectory="069b2007-6360-4566-9d2d-d79c012c5315" />
    <UnitTestResult executionId="7477893f-4a9c-4fb8-927b-ac72e4e669be" testId="ee53e0e4-b55d-0010-076b-5818fc51a7bf" testName="GisMapModel_SaveAggregates_Success" computerName="DKSR-EFI-06" duration="00:00:00.0211384" startTime="2024-01-09T15:48:40.0441744+01:00" endTime="2024-01-09T15:48:40.0655010+01:00" testType="13cdc9d9-ddb5-4fa4-a97d-d965ccfc6d4b" outcome="Passed" testListId="8c84fa94-04c1-424b-9868-57a2d4851a1d" relativeResultsDirectory="7477893f-4a9c-4fb8-927b-ac72e4e669be" />
    <UnitTestResult executionId="43847d46-6176-4ecb-bfc4-7bd238fcc2b5" testId="f701d271-970d-88b5-079f-6601babfed26" testName="PtzSessionControllerInfo_ReservedChangedTest_NoChange" computerName="DKSR-EFI-06" duration="00:00:00.0002168" startTime="2024-01-09T15:47:43.2213440+01:00" endTime="2024-01-09T15:47:43.2216698+01:00" testType="13cdc9d9-ddb5-4fa4-a97d-d965ccfc6d4b" outcome="Passed" testListId="8c84fa94-04c1-424b-9868-57a2d4851a1d" relativeResultsDirectory="43847d46-6176-4ecb-bfc4-7bd238fcc2b5" />
    <UnitTestResult executionId="dd5b21b9-a909-4447-9f37-b0880fe73018" testId="00ac5168-01a9-aa78-532b-b6d6c419a156" testName="ClearSelectedCamerasCommand_EmptyList_CommandNotExecutable" computerName="DKSR-EFI-06" duration="00:00:00.0056055" startTime="2024-01-09T15:48:24.8005381+01:00" endTime="2024-01-09T15:48:24.8062942+01:00" testType="13cdc9d9-ddb5-4fa4-a97d-d965ccfc6d4b" outcome="Passed" testListId="8c84fa94-04c1-424b-9868-57a2d4851a1d" relativeResultsDirectory="dd5b21b9-a909-4447-9f37-b0880fe73018" />
    <UnitTestResult executionId="449e10ca-5022-4c1b-bbca-4cdb2365ed00" testId="44391416-6606-c8bf-b0af-1a0952a7ad26" testName="AddSelectedWindowsToExport_ShouldShowCorrectToastMessages (0,1,1)" computerName="DKSR-EFI-06" duration="00:00:00.0024229" startTime="2024-01-09T15:48:45.4437668+01:00" endTime="2024-01-09T15:48:45.4463583+01:00" testType="13cdc9d9-ddb5-4fa4-a97d-d965ccfc6d4b" outcome="Passed" testListId="8c84fa94-04c1-424b-9868-57a2d4851a1d" relativeResultsDirectory="449e10ca-5022-4c1b-bbca-4cdb2365ed00" />
    <UnitTestResult executionId="ff7a1695-c89d-43fa-b149-3b726ea39835" testId="56af3ae0-30c5-e2c9-265d-9763c2af0b14" testName="ActiveInteractionStateBinding_ShouldOnlyContainNormal_WhenCtorIsCalled" computerName="DKSR-EFI-06" duration="00:00:00.0230173" startTime="2024-01-09T15:47:47.6499149+01:00" endTime="2024-01-09T15:47:47.6804141+01:00" testType="13cdc9d9-ddb5-4fa4-a97d-d965ccfc6d4b" outcome="Passed" testListId="8c84fa94-04c1-424b-9868-57a2d4851a1d" relativeResultsDirectory="ff7a1695-c89d-43fa-b149-3b726ea39835" />
    <UnitTestResult executionId="ba9b5bcc-d6d5-4802-9bc1-7c441c71ad7a" testId="84735ce6-0802-6c3e-660b-0ce9dcdbafe2" testName="Connect_WhenUriIsNull_ShouldThrowException" computerName="DKSR-EFI-06" duration="00:00:00.0004813" startTime="2024-01-09T15:47:41.0384463+01:00" endTime="2024-01-09T15:47:41.0391388+01:00" testType="13cdc9d9-ddb5-4fa4-a97d-d965ccfc6d4b" outcome="Passed" testListId="8c84fa94-04c1-424b-9868-57a2d4851a1d" relativeResultsDirectory="ba9b5bcc-d6d5-4802-9bc1-7c441c71ad7a" />
    <UnitTestResult executionId="0b30ea6f-d5d1-494f-a882-0536d00ec7ef" testId="d4db1bde-02f2-af75-8dda-4a9596de1dfd" testName="Compare_SameTriggerTimeDeterministicBehavior_HashCode_Success" computerName="DKSR-EFI-06" duration="00:00:00.0007315" startTime="2024-01-09T15:48:26.7833744+01:00" endTime="2024-01-09T15:48:26.7842351+01:00" testType="13cdc9d9-ddb5-4fa4-a97d-d965ccfc6d4b" outcome="Passed" testListId="8c84fa94-04c1-424b-9868-57a2d4851a1d" relativeResultsDirectory="0b30ea6f-d5d1-494f-a882-0536d00ec7ef" />
    <UnitTestResult executionId="75273a4d-80c0-4faf-92ec-788f933f2b9a" testId="3483fd74-40ab-caaa-a1c3-b598cd24d905" testName="ToNormalizedFieldOfView_OutOfRange_2PI_Fail" computerName="DKSR-EFI-06" duration="00:00:00.0001972" startTime="2024-01-09T15:48:38.6482431+01:00" endTime="2024-01-09T15:48:38.6485865+01:00" testType="13cdc9d9-ddb5-4fa4-a97d-d965ccfc6d4b" outcome="Passed" testListId="8c84fa94-04c1-424b-9868-57a2d4851a1d" relativeResultsDirectory="75273a4d-80c0-4faf-92ec-788f933f2b9a" />
    <UnitTestResult executionId="2305cc53-9af2-4e6c-9f64-e237d2cfb23f" testId="de8654eb-af61-aa53-49f9-84c165fb21f5" testName="CreateItemUserControl_SingleSearchResultDataWrapperParameter_ControlCreatedAndInitialized" computerName="DKSR-EFI-06" duration="00:00:00.8511450" startTime="2024-01-09T15:47:54.7183891+01:00" endTime="2024-01-09T15:47:55.5729559+01:00" testType="13cdc9d9-ddb5-4fa4-a97d-d965ccfc6d4b" outcome="Passed" testListId="8c84fa94-04c1-424b-9868-57a2d4851a1d" relativeResultsDirectory="2305cc53-9af2-4e6c-9f64-e237d2cfb23f" />
    <UnitTestResult executionId="b22abfae-eae8-480a-8196-4194b7f3a2f5" testId="8252077b-13bd-fcd5-946c-4ceaed8bb503" testName="Id_ShouldBeDifferent_WhenSearchResultIdIsGuidEmpty" computerName="DKSR-EFI-06" duration="00:00:00.0004451" startTime="2024-01-09T15:48:26.7339075+01:00" endTime="2024-01-09T15:48:26.7344830+01:00" testType="13cdc9d9-ddb5-4fa4-a97d-d965ccfc6d4b" outcome="Passed" testListId="8c84fa94-04c1-424b-9868-57a2d4851a1d" relativeResultsDirectory="b22abfae-eae8-480a-8196-4194b7f3a2f5" />
    <UnitTestResult executionId="ce41d9a4-8470-4311-b1fc-2db1e2885b1e" testId="92049893-c7c1-0d80-70d7-8d0471e997cf" testName="EndSelection_ShouldStartInPlaceEditMode_WhenItemIsTheOnlySelectedItem" computerName="DKSR-EFI-06" duration="00:00:00.0046439" startTime="2024-01-09T15:47:47.1996312+01:00" endTime="2024-01-09T15:47:47.2064043+01:00" testType="13cdc9d9-ddb5-4fa4-a97d-d965ccfc6d4b" outcome="Passed" testListId="8c84fa94-04c1-424b-9868-57a2d4851a1d" relativeResultsDirectory="ce41d9a4-8470-4311-b1fc-2db1e2885b1e" />
    <UnitTestResult executionId="c1aac545-852a-45ce-ad31-9ce40e0350b8" testId="a03d49df-0221-3c4c-4d83-361bfb025c76" testName="TestAttachedView_Success" computerName="DKSR-EFI-06" duration="00:00:00.0023175" startTime="2024-01-09T15:48:51.4158266+01:00" endTime="2024-01-09T15:48:51.4183695+01:00" testType="13cdc9d9-ddb5-4fa4-a97d-d965ccfc6d4b" outcome="Passed" testListId="8c84fa94-04c1-424b-9868-57a2d4851a1d" relativeResultsDirectory="c1aac545-852a-45ce-ad31-9ce40e0350b8" />
    <UnitTestResult executionId="5def220c-2ad6-4f50-b22f-8b3a74022c4a" testId="5837e4ca-1cc6-6c6e-80e5-27206d993c91" testName="CreateDefinition_TwoFiltersInCategory_TwoFilterValuesAddedToSearchCriteria" computerName="DKSR-EFI-06" duration="00:00:00.0038379" startTime="2024-01-09T15:48:26.2865962+01:00" endTime="2024-01-09T15:48:26.2905755+01:00" testType="13cdc9d9-ddb5-4fa4-a97d-d965ccfc6d4b" outcome="Passed" testListId="8c84fa94-04c1-424b-9868-57a2d4851a1d" relativeResultsDirectory="5def220c-2ad6-4f50-b22f-8b3a74022c4a" />
    <UnitTestResult executionId="e897a8b1-2e3c-444c-b057-b53d366af228" testId="dc3b0316-49f0-426f-b38e-3bcd6e62bfdd" testName="NavigateAndSelectAsync_ReCenterCommandDisabled_Success" computerName="DKSR-EFI-06" duration="00:00:00.2119241" startTime="2024-01-09T15:47:45.3094917+01:00" endTime="2024-01-09T15:47:45.5243182+01:00" testType="13cdc9d9-ddb5-4fa4-a97d-d965ccfc6d4b" outcome="Passed" testListId="8c84fa94-04c1-424b-9868-57a2d4851a1d" relativeResultsDirectory="e897a8b1-2e3c-444c-b057-b53d366af228" />
    <UnitTestResult executionId="62f7afbc-c2a6-479c-8bf6-1f39ef6f47d8" testId="3a37d654-c030-a07d-9c40-73fc97223ffe" testName="Dispose_ShouldDisposeDeviceSelectorWindowViewModel_WhenDisposingInstance" computerName="DKSR-EFI-06" duration="00:00:00.0220263" startTime="2024-01-09T15:47:45.2837597+01:00" endTime="2024-01-09T15:47:45.3088037+01:00" testType="13cdc9d9-ddb5-4fa4-a97d-d965ccfc6d4b" outcome="Passed" testListId="8c84fa94-04c1-424b-9868-57a2d4851a1d" relativeResultsDirectory="62f7afbc-c2a6-479c-8bf6-1f39ef6f47d8" />
    <UnitTestResult executionId="8489c0a3-60bf-436f-ba8b-edf209d4f46e" testId="a565b306-850e-b284-c6c4-6f49c2eabf91" testName="HandleRemoveItem_ShouldNotAffectMarkersCache_WhenRemovingPermanentMarkers" computerName="DKSR-EFI-06" duration="00:00:00.0204118" startTime="2024-01-09T15:47:46.3529590+01:00" endTime="2024-01-09T15:47:46.3767653+01:00" testType="13cdc9d9-ddb5-4fa4-a97d-d965ccfc6d4b" outcome="Passed" testListId="8c84fa94-04c1-424b-9868-57a2d4851a1d" relativeResultsDirectory="8489c0a3-60bf-436f-ba8b-edf209d4f46e" />
    <UnitTestResult executionId="9b911599-01cc-4d19-b8de-31380be30a7f" testId="9b6f16d4-c136-10d2-3821-bfa9982ae3af" testName="AddSelectedWindowsToExport_ShouldAddToExportData (1)" computerName="DKSR-EFI-06" duration="00:00:00.0028550" startTime="2024-01-09T15:48:45.4230572+01:00" endTime="2024-01-09T15:48:45.4260890+01:00" testType="13cdc9d9-ddb5-4fa4-a97d-d965ccfc6d4b" outcome="Passed" testListId="8c84fa94-04c1-424b-9868-57a2d4851a1d" relativeResultsDirectory="9b911599-01cc-4d19-b8de-31380be30a7f" />
    <UnitTestResult executionId="efba108c-63f7-4b77-b2a7-f2448a97e379" testId="8c7cfc0f-91dd-5926-50e6-959c77c2ec34" testName="GetFeatures_CameraMapItemsLayer_FeaturesCollected" computerName="DKSR-EFI-06" duration="00:00:00.0377371" startTime="2024-01-09T15:48:40.1909209+01:00" endTime="2024-01-09T15:48:40.2288552+01:00" testType="13cdc9d9-ddb5-4fa4-a97d-d965ccfc6d4b" outcome="Passed" testListId="8c84fa94-04c1-424b-9868-57a2d4851a1d" relativeResultsDirectory="efba108c-63f7-4b77-b2a7-f2448a97e379" />
    <UnitTestResult executionId="b474c5c4-9434-4dcb-87b5-d03b723b89e3" testId="872d533c-7618-1f1f-1814-b113065309ba" testName="VideoResultSearchResult_PropertiesWhenCombinedResultSameCategoryName_CollectedAndDisplayed" computerName="DKSR-EFI-06" duration="00:00:00.0340459" startTime="2024-01-09T15:48:12.5173746+01:00" endTime="2024-01-09T15:48:12.5543158+01:00" testType="13cdc9d9-ddb5-4fa4-a97d-d965ccfc6d4b" outcome="Passed" testListId="8c84fa94-04c1-424b-9868-57a2d4851a1d" relativeResultsDirectory="b474c5c4-9434-4dcb-87b5-d03b723b89e3" />
    <UnitTestResult executionId="92620fec-704e-420c-b508-a37fc9f98abe" testId="00c9ed3e-1b96-abed-4b9f-a4e09fd426a6" testName="Init_InitialStateLoaded_Success" computerName="DKSR-EFI-06" duration="00:00:00.0050826" startTime="2024-01-09T15:47:52.3748836+01:00" endTime="2024-01-09T15:47:52.3801636+01:00" testType="13cdc9d9-ddb5-4fa4-a97d-d965ccfc6d4b" outcome="Passed" testListId="8c84fa94-04c1-424b-9868-57a2d4851a1d" relativeResultsDirectory="92620fec-704e-420c-b508-a37fc9f98abe" />
    <UnitTestResult executionId="aa3aa424-0350-4580-8555-3a719e1cfa1f" testId="df4fc108-b9f8-183e-9857-a0352a34d2c9" testName="ToSafeName_SingleSafeName_Success" computerName="DKSR-EFI-06" duration="00:00:00.0001157" startTime="2024-01-09T15:48:51.6556852+01:00" endTime="2024-01-09T15:48:51.6559250+01:00" testType="13cdc9d9-ddb5-4fa4-a97d-d965ccfc6d4b" outcome="Passed" testListId="8c84fa94-04c1-424b-9868-57a2d4851a1d" relativeResultsDirectory="aa3aa424-0350-4580-8555-3a719e1cfa1f" />
    <UnitTestResult executionId="ffb605e4-cd4b-4357-b98b-ffba268de599" testId="a7ae775e-2c15-1f46-f93f-e37442fe54d1" testName="CreateMenuItem_SetsIcons" computerName="DKSR-EFI-06" duration="00:00:00.0101303" startTime="2024-01-09T15:47:49.4719105+01:00" endTime="2024-01-09T15:47:49.4849790+01:00" testType="13cdc9d9-ddb5-4fa4-a97d-d965ccfc6d4b" outcome="Passed" testListId="8c84fa94-04c1-424b-9868-57a2d4851a1d" relativeResultsDirectory="ffb605e4-cd4b-4357-b98b-ffba268de599" />
    <UnitTestResult executionId="a475bf65-4dae-485e-8479-f3abc86bb7ba" testId="826dae12-7497-2482-cdc9-2d594ce22a1a" testName="ValidateExportLocation_ShouldReturnFailResult_ExportPathIsInvalid (aaaaaaaaaaaaaaaaaaaaaaaaaaaaaaaaaaaaaaaaaaaaaaaaaaaaaaaaaaaaaaaaaaaaaaaaaaaaaaaaaaaaaaaaaaaaaaaaaaaaaaaaaaaaaaaaaaaaaaaaaaaaaaaaaaaaaaaaaaaaaaaaaaaaaaaaaaaaaaaaaaaaaaaaaaaaaaaaaaaaaaa)" computerName="DKSR-EFI-06" duration="00:00:00.0074284" startTime="2024-01-09T15:47:52.0630564+01:00" endTime="2024-01-09T15:47:52.0706867+01:00" testType="13cdc9d9-ddb5-4fa4-a97d-d965ccfc6d4b" outcome="Passed" testListId="8c84fa94-04c1-424b-9868-57a2d4851a1d" relativeResultsDirectory="a475bf65-4dae-485e-8479-f3abc86bb7ba" />
    <UnitTestResult executionId="c36e9b16-612a-452b-baaa-f2b440223e14" testId="20b83e96-bb0c-eaa7-3f17-8420c76ddd7b" testName="TrySelectAvailableExportNameTest_ShouldReturnValidationResultOk_When2ndDirectoryDoNotExistsIsFalse" computerName="DKSR-EFI-06" duration="00:00:00.0011262" startTime="2024-01-09T15:48:46.8778367+01:00" endTime="2024-01-09T15:48:46.8791089+01:00" testType="13cdc9d9-ddb5-4fa4-a97d-d965ccfc6d4b" outcome="Passed" testListId="8c84fa94-04c1-424b-9868-57a2d4851a1d" relativeResultsDirectory="c36e9b16-612a-452b-baaa-f2b440223e14" />
    <UnitTestResult executionId="82697c78-820e-40a3-9b8c-7acb82ca8f94" testId="ec6a1fe9-3af6-63ab-879a-5b325bb75a96" testName="AddToExportTuples_ShouldReturnCorrectResult (0,1,1)" computerName="DKSR-EFI-06" duration="00:00:00.0020824" startTime="2024-01-09T15:48:45.3003266+01:00" endTime="2024-01-09T15:48:45.3025881+01:00" testType="13cdc9d9-ddb5-4fa4-a97d-d965ccfc6d4b" outcome="Passed" testListId="8c84fa94-04c1-424b-9868-57a2d4851a1d" relativeResultsDirectory="82697c78-820e-40a3-9b8c-7acb82ca8f94" />
    <UnitTestResult executionId="756ddaf0-57ca-4a0e-8da4-31c1b2c61f50" testId="a6f9c41f-5ed0-c96c-bb7f-fb5d30d812a5" testName="ComparingSameInstance" computerName="DKSR-EFI-06" duration="00:00:00.0012431" startTime="2024-01-09T15:48:44.9612482+01:00" endTime="2024-01-09T15:48:44.9627628+01:00" testType="13cdc9d9-ddb5-4fa4-a97d-d965ccfc6d4b" outcome="Passed" testListId="8c84fa94-04c1-424b-9868-57a2d4851a1d" relativeResultsDirectory="756ddaf0-57ca-4a0e-8da4-31c1b2c61f50" />
    <UnitTestResult executionId="77cd36c6-76ef-47b9-905c-7fcab480000d" testId="c3441c18-6d91-a3fc-0eb6-245d76a8e060" testName="DetermineUserAllowsUnsecureConnection_WhereUserIsNotAskedAndUnsecureIsAllow_ShouldReturnTrue" computerName="DKSR-EFI-06" duration="00:00:00.0004759" startTime="2024-01-09T15:47:41.2156577+01:00" endTime="2024-01-09T15:47:41.2169190+01:00" testType="13cdc9d9-ddb5-4fa4-a97d-d965ccfc6d4b" outcome="Passed" testListId="8c84fa94-04c1-424b-9868-57a2d4851a1d" relativeResultsDirectory="77cd36c6-76ef-47b9-905c-7fcab480000d" />
    <UnitTestResult executionId="cb0539fe-34c0-41f2-b462-46d07e650c05" testId="91ffcb1a-560f-f3c6-61e7-9aaab2d982dc" testName="SmartSearchStatusType_ShouldYieldSameValuesForAllEnumValues_WhenRoundTripConverted (SearchCancelled,SearchCancelled)" computerName="DKSR-EFI-06" duration="00:00:00.0017256" startTime="2024-01-09T15:47:41.0132701+01:00" endTime="2024-01-09T15:47:41.0192941+01:00" testType="13cdc9d9-ddb5-4fa4-a97d-d965ccfc6d4b" outcome="Passed" testListId="8c84fa94-04c1-424b-9868-57a2d4851a1d" relativeResultsDirectory="cb0539fe-34c0-41f2-b462-46d07e650c05" />
    <UnitTestResult executionId="4fa310ad-9e61-4fbb-a2d3-f81165814590" testId="883ed386-0af3-88ca-5bd9-30da25d79f41" testName="SearchResultsActionBarActions_DeleteBookmark_ConfirmDeleteNo_DeleteCancelled" computerName="DKSR-EFI-06" duration="00:00:00.0087323" startTime="2024-01-09T15:48:23.4927914+01:00" endTime="2024-01-09T15:48:23.5016941+01:00" testType="13cdc9d9-ddb5-4fa4-a97d-d965ccfc6d4b" outcome="Passed" testListId="8c84fa94-04c1-424b-9868-57a2d4851a1d" relativeResultsDirectory="4fa310ad-9e61-4fbb-a2d3-f81165814590" />
    <UnitTestResult executionId="f3e57a18-14e7-47a6-b3a5-31d4209ccd83" testId="f482a2f5-ee23-f9e4-c2fa-729d4fc94abb" testName="FocussedSearchResult_FocussedSearchResultIsKeptWhenShowPartialResultsChanges" computerName="DKSR-EFI-06" duration="00:00:00.0093659" startTime="2024-01-09T15:48:25.2833133+01:00" endTime="2024-01-09T15:48:25.2928327+01:00" testType="13cdc9d9-ddb5-4fa4-a97d-d965ccfc6d4b" outcome="Passed" testListId="8c84fa94-04c1-424b-9868-57a2d4851a1d" relativeResultsDirectory="f3e57a18-14e7-47a6-b3a5-31d4209ccd83" />
    <UnitTestResult executionId="00e5b49e-9a09-4429-ae7d-c99cb266034d" testId="194c53c7-91a0-a39c-19f4-75d99e8bf5f1" testName="GetGuidProviderStrategyByEventServerId_ShouldRaiseArgumentOutOfRangeException_WhenEventServerIdsHasNotBeenInjectedAtTheConstructor" computerName="DKSR-EFI-06" duration="00:00:00.0006249" startTime="2024-01-09T15:48:52.8564493+01:00" endTime="2024-01-09T15:48:52.8572335+01:00" testType="13cdc9d9-ddb5-4fa4-a97d-d965ccfc6d4b" outcome="Passed" testListId="8c84fa94-04c1-424b-9868-57a2d4851a1d" relativeResultsDirectory="00e5b49e-9a09-4429-ae7d-c99cb266034d" />
    <UnitTestResult executionId="ccd5c80f-1616-4374-9fed-f40d341c07cd" testId="830bf89f-dfc4-5715-2ff6-ae54ad42b242" testName="IsDeviceSupported_ShouldReturnTrue_WhenInputKind" computerName="DKSR-EFI-06" duration="00:00:00.0001653" startTime="2024-01-09T15:47:51.1007110+01:00" endTime="2024-01-09T15:47:51.1010016+01:00" testType="13cdc9d9-ddb5-4fa4-a97d-d965ccfc6d4b" outcome="Passed" testListId="8c84fa94-04c1-424b-9868-57a2d4851a1d" relativeResultsDirectory="ccd5c80f-1616-4374-9fed-f40d341c07cd" />
    <UnitTestResult executionId="fe9bc470-914c-4b8f-a839-72cae7783bd8" testId="1663762a-2500-b801-aa4a-60e46d01fc4b" testName="ModelSerialization_DeserializeSerialize_SerializationXmlIsSame" computerName="DKSR-EFI-06" duration="00:00:00.0373245" startTime="2024-01-09T15:48:26.4998507+01:00" endTime="2024-01-09T15:48:26.5373357+01:00" testType="13cdc9d9-ddb5-4fa4-a97d-d965ccfc6d4b" outcome="Passed" testListId="8c84fa94-04c1-424b-9868-57a2d4851a1d" relativeResultsDirectory="fe9bc470-914c-4b8f-a839-72cae7783bd8" />
    <UnitTestResult executionId="94e7d30f-c115-4dc2-b2bf-e090a55e37c7" testId="e858b755-e862-b910-8b81-43167ff825a3" testName="DeleteBookmarksAsync_3items_Success" computerName="DKSR-EFI-06" duration="00:00:00.0100568" startTime="2024-01-09T15:48:22.3939728+01:00" endTime="2024-01-09T15:48:22.4041763+01:00" testType="13cdc9d9-ddb5-4fa4-a97d-d965ccfc6d4b" outcome="Passed" testListId="8c84fa94-04c1-424b-9868-57a2d4851a1d" relativeResultsDirectory="94e7d30f-c115-4dc2-b2bf-e090a55e37c7" />
    <UnitTestResult executionId="478b4a4a-10b8-45de-a171-67647f4faaa3" testId="c0259e91-f91b-42ff-6977-459d0c7782fd" testName="EditCriteriaCommand_InEditSearchDefinition_Set" computerName="DKSR-EFI-06" duration="00:00:00.0113792" startTime="2024-01-09T15:48:25.0177072+01:00" endTime="2024-01-09T15:48:25.0292466+01:00" testType="13cdc9d9-ddb5-4fa4-a97d-d965ccfc6d4b" outcome="Passed" testListId="8c84fa94-04c1-424b-9868-57a2d4851a1d" relativeResultsDirectory="478b4a4a-10b8-45de-a171-67647f4faaa3" />
    <UnitTestResult executionId="9446a113-fca0-4c77-9e92-e4be82713c6c" testId="1ab5d979-4667-2003-c0dc-5c23807afc87" testName="SetItemOutlines_OutlinesEmpty_Success" computerName="DKSR-EFI-06" duration="00:00:00.0224780" startTime="2024-01-09T15:47:50.0215708+01:00" endTime="2024-01-09T15:47:50.0473366+01:00" testType="13cdc9d9-ddb5-4fa4-a97d-d965ccfc6d4b" outcome="Passed" testListId="8c84fa94-04c1-424b-9868-57a2d4851a1d" relativeResultsDirectory="9446a113-fca0-4c77-9e92-e4be82713c6c" />
    <UnitTestResult executionId="4bb27099-14e5-4971-b27b-c226f1a95cd2" testId="c0d785e8-8864-98d5-b13c-b47a7d8658f2" testName="Initialize_ShouldAttachOptionChanged_WhenAllowOnlyFipsAlgorithmsIsTrueAndAllEventServerIdsAreFipsCompliant" computerName="DKSR-EFI-06" duration="00:00:00.0318453" startTime="2024-01-09T15:48:52.7606325+01:00" endTime="2024-01-09T15:48:52.7926721+01:00" testType="13cdc9d9-ddb5-4fa4-a97d-d965ccfc6d4b" outcome="Passed" testListId="8c84fa94-04c1-424b-9868-57a2d4851a1d" relativeResultsDirectory="4bb27099-14e5-4971-b27b-c226f1a95cd2" />
    <UnitTestResult executionId="eca65be5-2b32-443d-91cf-b2cc7bbf9bb0" testId="eeed665d-fc4a-36d4-2080-835d14f41e2a" testName="Map_Layers_AddDirectly_Fail" computerName="DKSR-EFI-06" duration="00:00:00.0071122" startTime="2024-01-09T15:48:40.5326123+01:00" endTime="2024-01-09T15:48:40.5433685+01:00" testType="13cdc9d9-ddb5-4fa4-a97d-d965ccfc6d4b" outcome="Passed" testListId="8c84fa94-04c1-424b-9868-57a2d4851a1d" relativeResultsDirectory="eca65be5-2b32-443d-91cf-b2cc7bbf9bb0" />
    <UnitTestResult executionId="1b1ae3ab-c240-468a-b67a-995bd69d5894" testId="4ac98c6c-183a-9821-4f8c-c314ab12e456" testName="Clear_ShouldClearIncludedViewItemsForSelectedView" computerName="DKSR-EFI-06" duration="00:00:00.0027025" startTime="2024-01-09T15:47:43.2349856+01:00" endTime="2024-01-09T15:47:43.2378580+01:00" testType="13cdc9d9-ddb5-4fa4-a97d-d965ccfc6d4b" outcome="Passed" testListId="8c84fa94-04c1-424b-9868-57a2d4851a1d" relativeResultsDirectory="1b1ae3ab-c240-468a-b67a-995bd69d5894" />
    <UnitTestResult executionId="1b20f3e4-9671-4665-a8de-a08c1a610209" testId="1d64d188-2f85-c3c0-9756-83b6a2cd8474" testName="Constructor_ShouldAttachOnUpdateUnmutedMicrophonesRaised_WhenCalled" computerName="DKSR-EFI-06" duration="00:00:00.0844535" startTime="2024-01-09T15:48:41.1106252+01:00" endTime="2024-01-09T15:48:41.1976847+01:00" testType="13cdc9d9-ddb5-4fa4-a97d-d965ccfc6d4b" outcome="Passed" testListId="8c84fa94-04c1-424b-9868-57a2d4851a1d" relativeResultsDirectory="1b20f3e4-9671-4665-a8de-a08c1a610209" />
    <UnitTestResult executionId="b882860e-d68a-4dde-b627-dd0402174dc7" testId="0bc3c781-e5e2-4061-bcbc-7fa16190d596" testName="PtzSessionControllerInfo_UserChangedTest_NoChange_Patrolling" computerName="DKSR-EFI-06" duration="00:00:00.0002430" startTime="2024-01-09T15:47:43.2060309+01:00" endTime="2024-01-09T15:47:43.2063841+01:00" testType="13cdc9d9-ddb5-4fa4-a97d-d965ccfc6d4b" outcome="Passed" testListId="8c84fa94-04c1-424b-9868-57a2d4851a1d" relativeResultsDirectory="b882860e-d68a-4dde-b627-dd0402174dc7" />
    <UnitTestResult executionId="8c0e3d5e-aeeb-4970-bfca-d6de8c335942" testId="d39f566a-6448-5523-5e51-422943258ba3" testName="IsLocationSelectionVisible_MappedToViewModel_Success" computerName="DKSR-EFI-06" duration="00:00:00.0294667" startTime="2024-01-09T15:47:49.8871357+01:00" endTime="2024-01-09T15:47:49.9196937+01:00" testType="13cdc9d9-ddb5-4fa4-a97d-d965ccfc6d4b" outcome="Passed" testListId="8c84fa94-04c1-424b-9868-57a2d4851a1d" relativeResultsDirectory="8c0e3d5e-aeeb-4970-bfca-d6de8c335942" />
    <UnitTestResult executionId="ecedb10a-086b-4893-9dd5-d8a773aa9725" testId="0cd872bf-1428-c181-b201-48c4c96402b3" testName="WaitForItemAsync_WhenNotAdded_QuitsOnTimeout" computerName="DKSR-EFI-06" duration="00:00:00.0067822" startTime="2024-01-09T15:47:49.8798057+01:00" endTime="2024-01-09T15:47:49.8867050+01:00" testType="13cdc9d9-ddb5-4fa4-a97d-d965ccfc6d4b" outcome="Passed" testListId="8c84fa94-04c1-424b-9868-57a2d4851a1d" relativeResultsDirectory="ecedb10a-086b-4893-9dd5-d8a773aa9725" />
    <UnitTestResult executionId="1db67d88-377d-4c0a-a96a-c0370dd030b2" testId="af1e35a2-62a8-4a4f-249d-2b9ad620f97f" testName="SupportsRightClick_ShouldBeTrue_WhenInteractionStateIsNormal" computerName="DKSR-EFI-06" duration="00:00:00.0238131" startTime="2024-01-09T15:47:48.7795709+01:00" endTime="2024-01-09T15:47:48.8061313+01:00" testType="13cdc9d9-ddb5-4fa4-a97d-d965ccfc6d4b" outcome="Passed" testListId="8c84fa94-04c1-424b-9868-57a2d4851a1d" relativeResultsDirectory="1db67d88-377d-4c0a-a96a-c0370dd030b2" />
    <UnitTestResult executionId="689e2bd8-40ed-48dc-aaf0-c7e459b3d5f3" testId="bdfc4999-ccbe-91b3-0eb1-52f2f541ba00" testName="PatrollingStepViewModel_IsDirty" computerName="DKSR-EFI-06" duration="00:00:00.0016124" startTime="2024-01-09T15:48:44.0115797+01:00" endTime="2024-01-09T15:48:44.0133244+01:00" testType="13cdc9d9-ddb5-4fa4-a97d-d965ccfc6d4b" outcome="Passed" testListId="8c84fa94-04c1-424b-9868-57a2d4851a1d" relativeResultsDirectory="689e2bd8-40ed-48dc-aaf0-c7e459b3d5f3" />
    <UnitTestResult executionId="7a786c72-bd55-4cbd-b7ce-5a14e836b926" testId="7800ded3-3f95-f40a-3aae-7b7a07c1c0ae" testName="GetLayerVisibilityItemsData_ShouldRenameViewZoneLayer_WhenDeviceLayersAreProvided" computerName="DKSR-EFI-06" duration="00:00:00.0033300" startTime="2024-01-09T15:47:45.8843026+01:00" endTime="2024-01-09T15:47:45.8877751+01:00" testType="13cdc9d9-ddb5-4fa4-a97d-d965ccfc6d4b" outcome="Passed" testListId="8c84fa94-04c1-424b-9868-57a2d4851a1d" relativeResultsDirectory="7a786c72-bd55-4cbd-b7ce-5a14e836b926" />
    <UnitTestResult executionId="0c58993e-b536-48ee-888d-0079d07cf87c" testId="d974494d-63ae-7806-8273-c958d7210490" testName="FromByteArray_Success" computerName="DKSR-EFI-06" duration="00:00:00.0085007" startTime="2024-01-09T15:48:49.3634570+01:00" endTime="2024-01-09T15:48:49.3721576+01:00" testType="13cdc9d9-ddb5-4fa4-a97d-d965ccfc6d4b" outcome="Passed" testListId="8c84fa94-04c1-424b-9868-57a2d4851a1d" relativeResultsDirectory="0c58993e-b536-48ee-888d-0079d07cf87c" />
    <UnitTestResult executionId="f2680a83-b167-4ca5-9b87-6d2691112a72" testId="c3ba5d7c-9bf9-1a13-3c27-8e6b50e0674e" testName="SearchAction_BrowseMode_Now" computerName="DKSR-EFI-06" duration="00:00:00.0057783" startTime="2024-01-09T15:48:49.6619884+01:00" endTime="2024-01-09T15:48:49.6679272+01:00" testType="13cdc9d9-ddb5-4fa4-a97d-d965ccfc6d4b" outcome="Passed" testListId="8c84fa94-04c1-424b-9868-57a2d4851a1d" relativeResultsDirectory="f2680a83-b167-4ca5-9b87-6d2691112a72" />
    <UnitTestResult executionId="532aea57-aaf4-4b34-b8bc-5944c6c6d0bf" testId="5004265f-fd28-da5b-c559-ead79e5384bf" testName="GetDuration_OneMinute_Success" computerName="DKSR-EFI-06" duration="00:00:00.0003753" startTime="2024-01-09T15:48:25.9096760+01:00" endTime="2024-01-09T15:48:25.9102038+01:00" testType="13cdc9d9-ddb5-4fa4-a97d-d965ccfc6d4b" outcome="Passed" testListId="8c84fa94-04c1-424b-9868-57a2d4851a1d" relativeResultsDirectory="532aea57-aaf4-4b34-b8bc-5944c6c6d0bf" />
    <UnitTestResult executionId="3ddbfe8c-fb4b-426b-bc9c-f1b432b9cd55" testId="cdb294e5-a11e-c1b8-28c0-e318e116348c" testName="Narrowing_Is_Disabled_When_Update_Rights_Missing" computerName="DKSR-EFI-06" duration="00:00:00.0026502" startTime="2024-01-09T15:48:52.4622662+01:00" endTime="2024-01-09T15:48:52.4650431+01:00" testType="13cdc9d9-ddb5-4fa4-a97d-d965ccfc6d4b" outcome="Passed" testListId="8c84fa94-04c1-424b-9868-57a2d4851a1d" relativeResultsDirectory="3ddbfe8c-fb4b-426b-bc9c-f1b432b9cd55" />
    <UnitTestResult executionId="cc85d3e6-d2d1-41ce-9a81-88e4a4fbab12" testId="9b54b5db-74ce-7f6e-1fd4-798a1baa40f1" testName="IsBasicUser_ShouldReturnTrue_WhenConstructedUsingSimple" computerName="DKSR-EFI-06" duration="00:00:00.0002835" startTime="2024-01-09T15:47:43.3477213+01:00" endTime="2024-01-09T15:47:43.3481760+01:00" testType="13cdc9d9-ddb5-4fa4-a97d-d965ccfc6d4b" outcome="Passed" testListId="8c84fa94-04c1-424b-9868-57a2d4851a1d" relativeResultsDirectory="cc85d3e6-d2d1-41ce-9a81-88e4a4fbab12" />
    <UnitTestResult executionId="9fce7690-ad82-4190-90b0-756ce1cb3c63" testId="e70bd816-d0ac-eace-44c7-520cb1bd1024" testName="LoadBoundingShapes_ShouldMergeBoundingShapes_WhenResultProvidesBoundingShapesAndMetadataObjects" computerName="DKSR-EFI-06" duration="00:00:00.0143310" startTime="2024-01-09T15:48:37.7641444+01:00" endTime="2024-01-09T15:48:37.7812877+01:00" testType="13cdc9d9-ddb5-4fa4-a97d-d965ccfc6d4b" outcome="Passed" testListId="8c84fa94-04c1-424b-9868-57a2d4851a1d" relativeResultsDirectory="9fce7690-ad82-4190-90b0-756ce1cb3c63" />
    <UnitTestResult executionId="cbbe3897-ef69-4474-a7ae-e3b8486a4b97" testId="9b54bf22-f513-708f-8279-2654a94cc1cf" testName="Ctor_NullDefinition_Throws" computerName="DKSR-EFI-06" duration="00:00:00.0003999" startTime="2024-01-09T15:48:22.4208349+01:00" endTime="2024-01-09T15:48:22.4214060+01:00" testType="13cdc9d9-ddb5-4fa4-a97d-d965ccfc6d4b" outcome="Passed" testListId="8c84fa94-04c1-424b-9868-57a2d4851a1d" relativeResultsDirectory="cbbe3897-ef69-4474-a7ae-e3b8486a4b97" />
    <UnitTestResult executionId="12218690-0bcb-4df5-a5c8-66b239ddb2f2" testId="e0503f8a-eae1-c2d9-bbae-ed3d40256258" testName="GetBoundingShapesForMetadataObjectsAsync_ShouldIgnoreMetadataObject_WhenRequestedTimeIsOutsideMetadataTimespan" computerName="DKSR-EFI-06" duration="00:00:00.0050679" startTime="2024-01-09T15:48:25.9277848+01:00" endTime="2024-01-09T15:48:25.9331745+01:00" testType="13cdc9d9-ddb5-4fa4-a97d-d965ccfc6d4b" outcome="Passed" testListId="8c84fa94-04c1-424b-9868-57a2d4851a1d" relativeResultsDirectory="12218690-0bcb-4df5-a5c8-66b239ddb2f2" />
    <UnitTestResult executionId="34ce1a03-f01f-4bc1-ba18-e11bb8480c8c" testId="27e4287b-6aa8-a5c7-2e9e-fe37ab9970d9" testName="Connect_SucceedeInConnectingWithCurrentWindowsUser_ShouldReturnTrue" computerName="DKSR-EFI-06" duration="00:00:00.0013623" startTime="2024-01-09T15:47:40.9434464+01:00" endTime="2024-01-09T15:47:40.9449277+01:00" testType="13cdc9d9-ddb5-4fa4-a97d-d965ccfc6d4b" outcome="Passed" testListId="8c84fa94-04c1-424b-9868-57a2d4851a1d" relativeResultsDirectory="34ce1a03-f01f-4bc1-ba18-e11bb8480c8c" />
    <UnitTestResult executionId="f4c49758-4caa-4e75-8772-f65fad1258e3" testId="86a445c9-5dff-52f1-c98f-77ae4a8bc915" testName="PatrollingStepListViewModel_UpdatePositions" computerName="DKSR-EFI-06" duration="00:00:00.0018208" startTime="2024-01-09T15:48:43.9824827+01:00" endTime="2024-01-09T15:48:43.9845082+01:00" testType="13cdc9d9-ddb5-4fa4-a97d-d965ccfc6d4b" outcome="Passed" testListId="8c84fa94-04c1-424b-9868-57a2d4851a1d" relativeResultsDirectory="f4c49758-4caa-4e75-8772-f65fad1258e3" />
    <UnitTestResult executionId="632b1dee-a97f-4329-80da-a98d3f669bf7" testId="2f225332-0e21-75f7-07f4-8bdf7706d8a6" testName="BindingModelEnabled_ReactsTo_UpdateState" computerName="DKSR-EFI-06" duration="00:00:00.0017648" startTime="2024-01-09T15:48:45.6470463+01:00" endTime="2024-01-09T15:48:45.6510391+01:00" testType="13cdc9d9-ddb5-4fa4-a97d-d965ccfc6d4b" outcome="Passed" testListId="8c84fa94-04c1-424b-9868-57a2d4851a1d" relativeResultsDirectory="632b1dee-a97f-4329-80da-a98d3f669bf7" />
    <UnitTestResult executionId="e4de300c-a519-4ba8-bd84-21e58add358f" testId="b802935f-0eb0-14ff-4c95-9725f194073b" testName="GetItemsIn_InBuildingNoLevels_Returns2Items" computerName="DKSR-EFI-06" duration="00:00:00.0608782" startTime="2024-01-09T15:48:43.1811011+01:00" endTime="2024-01-09T15:48:43.2421638+01:00" testType="13cdc9d9-ddb5-4fa4-a97d-d965ccfc6d4b" outcome="Passed" testListId="8c84fa94-04c1-424b-9868-57a2d4851a1d" relativeResultsDirectory="e4de300c-a519-4ba8-bd84-21e58add358f" />
    <UnitTestResult executionId="8fe12eef-ca54-4e8c-8bd8-f3d821f39ac5" testId="1f3c2e70-43ac-a9e9-ce4b-d72a9af7f0f0" testName="TryGetEventServerIdByACSystemId_ShouldReturnFalse_WhenEventServerIdIsNotPartOfServerConfiguredAccessControlSystemsDictionary" computerName="DKSR-EFI-06" duration="00:00:00.0002731" startTime="2024-01-09T15:48:52.5469044+01:00" endTime="2024-01-09T15:48:52.5473167+01:00" testType="13cdc9d9-ddb5-4fa4-a97d-d965ccfc6d4b" outcome="Passed" testListId="8c84fa94-04c1-424b-9868-57a2d4851a1d" relativeResultsDirectory="8fe12eef-ca54-4e8c-8bd8-f3d821f39ac5" />
    <UnitTestResult executionId="cc9a2f7c-9d62-4c08-8668-3372a862036c" testId="0431698b-89c7-961c-1219-e2a2171a4f5c" testName="PtzSessionTimer_ConstructorTest" computerName="DKSR-EFI-06" duration="00:00:00.0003438" startTime="2024-01-09T15:47:43.2234799+01:00" endTime="2024-01-09T15:47:43.2239342+01:00" testType="13cdc9d9-ddb5-4fa4-a97d-d965ccfc6d4b" outcome="Passed" testListId="8c84fa94-04c1-424b-9868-57a2d4851a1d" relativeResultsDirectory="cc9a2f7c-9d62-4c08-8668-3372a862036c" />
    <UnitTestResult executionId="0072dcf8-49d2-4ec9-9bec-bdf93e6159a1" testId="85a2369e-6316-dbc2-97b3-7104e8e43977" testName="ToMipSearchResultData_ShouldIncludeCommonProperties" computerName="DKSR-EFI-06" duration="00:00:00.0030947" startTime="2024-01-09T15:48:26.6718234+01:00" endTime="2024-01-09T15:48:26.6751743+01:00" testType="13cdc9d9-ddb5-4fa4-a97d-d965ccfc6d4b" outcome="Passed" testListId="8c84fa94-04c1-424b-9868-57a2d4851a1d" relativeResultsDirectory="0072dcf8-49d2-4ec9-9bec-bdf93e6159a1" />
    <UnitTestResult executionId="712511aa-3666-4069-af04-5e7f2ec8c8c9" testId="c64dde4b-44bc-09e7-e376-39c843a2f827" testName="ChangeSorting_UnknownSortResultsBy_Success" computerName="DKSR-EFI-06" duration="00:00:00.0059496" startTime="2024-01-09T15:48:25.2543390+01:00" endTime="2024-01-09T15:48:25.2604344+01:00" testType="13cdc9d9-ddb5-4fa4-a97d-d965ccfc6d4b" outcome="Passed" testListId="8c84fa94-04c1-424b-9868-57a2d4851a1d" relativeResultsDirectory="712511aa-3666-4069-af04-5e7f2ec8c8c9" />
    <UnitTestResult executionId="5a00b8bf-d5a3-4504-b087-fbb484eefff0" testId="6d90f09d-ac26-1a78-00bb-8e50418f096e" testName="MoveToTop_ShouldNotChangeZOrder_WhenItemIdIsNotFound" computerName="DKSR-EFI-06" duration="00:00:00.0052979" startTime="2024-01-09T15:47:46.3091856+01:00" endTime="2024-01-09T15:47:46.3174030+01:00" testType="13cdc9d9-ddb5-4fa4-a97d-d965ccfc6d4b" outcome="Passed" testListId="8c84fa94-04c1-424b-9868-57a2d4851a1d" relativeResultsDirectory="5a00b8bf-d5a3-4504-b087-fbb484eefff0" />
    <UnitTestResult executionId="67594c0d-5492-4dc5-a97d-00e7fef4b576" testId="bbef5494-4e92-f5fc-3633-d07397508d79" testName="DeviceIcons_ShouldBeCached_WhenCalled" computerName="DKSR-EFI-06" duration="00:00:00.0001366" startTime="2024-01-09T15:48:40.8063999+01:00" endTime="2024-01-09T15:48:40.8066562+01:00" testType="13cdc9d9-ddb5-4fa4-a97d-d965ccfc6d4b" outcome="Passed" testListId="8c84fa94-04c1-424b-9868-57a2d4851a1d" relativeResultsDirectory="67594c0d-5492-4dc5-a97d-00e7fef4b576" />
    <UnitTestResult executionId="f002f08b-95f7-4545-941f-47351af111f2" testId="5f08cd58-65ec-6481-8a3e-55fd6d8233b0" testName="Ctor_CentralizedSearchState_ViewModelUpdatedAccordingly" computerName="DKSR-EFI-06" duration="00:00:00.0103089" startTime="2024-01-09T15:48:24.8676203+01:00" endTime="2024-01-09T15:48:24.8781041+01:00" testType="13cdc9d9-ddb5-4fa4-a97d-d965ccfc6d4b" outcome="Passed" testListId="8c84fa94-04c1-424b-9868-57a2d4851a1d" relativeResultsDirectory="f002f08b-95f7-4545-941f-47351af111f2" />
    <UnitTestResult executionId="9ad03e30-baba-4d91-bb5e-48498614750c" testId="195570df-9817-b542-b94a-a76463a05b14" testName="ParseFromName_SecondZero_MinutesNotRoundedUp" computerName="DKSR-EFI-06" duration="00:00:00.0005028" startTime="2024-01-09T15:48:25.9185943+01:00" endTime="2024-01-09T15:48:25.9192766+01:00" testType="13cdc9d9-ddb5-4fa4-a97d-d965ccfc6d4b" outcome="Passed" testListId="8c84fa94-04c1-424b-9868-57a2d4851a1d" relativeResultsDirectory="9ad03e30-baba-4d91-bb5e-48498614750c" />
    <UnitTestResult executionId="342f875e-e6fc-41f6-9e62-e3d4d6358059" testId="b93013c3-d297-89cf-1fce-624bcbbbca6c" testName="Ctor_AllTypesConfigured" computerName="DKSR-EFI-06" duration="00:00:00.0302716" startTime="2024-01-09T15:48:37.4806549+01:00" endTime="2024-01-09T15:48:37.5138467+01:00" testType="13cdc9d9-ddb5-4fa4-a97d-d965ccfc6d4b" outcome="Passed" testListId="8c84fa94-04c1-424b-9868-57a2d4851a1d" relativeResultsDirectory="342f875e-e6fc-41f6-9e62-e3d4d6358059" />
    <UnitTestResult executionId="cd8eb557-f168-4ed9-8c0d-ceda30d0fe06" testId="fcc71f98-4fa9-3c89-a58d-cfe34dc4476c" testName="GetUtcToday_UtcTimeZoneDst_Success" computerName="DKSR-EFI-06" duration="00:00:00.0004431" startTime="2024-01-09T15:48:25.9207146+01:00" endTime="2024-01-09T15:48:25.9212906+01:00" testType="13cdc9d9-ddb5-4fa4-a97d-d965ccfc6d4b" outcome="Passed" testListId="8c84fa94-04c1-424b-9868-57a2d4851a1d" relativeResultsDirectory="cd8eb557-f168-4ed9-8c0d-ceda30d0fe06" />
    <UnitTestResult executionId="425f8b28-8485-42fb-a33e-ccc5562df8a2" testId="21be0112-22bc-28e4-3be0-7f0713407426" testName="PopulateTooltip_FewResultsFromSingleCamera12Hours_ValidText" computerName="DKSR-EFI-06" duration="00:00:00.0380914" startTime="2024-01-09T15:48:19.0378644+01:00" endTime="2024-01-09T15:48:19.0790119+01:00" testType="13cdc9d9-ddb5-4fa4-a97d-d965ccfc6d4b" outcome="Passed" testListId="8c84fa94-04c1-424b-9868-57a2d4851a1d" relativeResultsDirectory="425f8b28-8485-42fb-a33e-ccc5562df8a2" />
    <UnitTestResult executionId="4519d1fb-db67-47be-b316-6e1274460528" testId="0f3901de-ced3-95a2-d7b7-1fb73bba7570" testName="SearchCriteriaOnChanged_ShouldUpdateSmartSearchFilterValue_WhenCameraScopeIsUpdated" computerName="DKSR-EFI-06" duration="00:00:00.0021397" startTime="2024-01-09T15:48:26.7196838+01:00" endTime="2024-01-09T15:48:26.7219636+01:00" testType="13cdc9d9-ddb5-4fa4-a97d-d965ccfc6d4b" outcome="Passed" testListId="8c84fa94-04c1-424b-9868-57a2d4851a1d" relativeResultsDirectory="4519d1fb-db67-47be-b316-6e1274460528" />
    <UnitTestResult executionId="5913f692-ec61-4421-93cc-28f6718a68e2" testId="1cdbc1c1-e214-17d8-9ab0-1390398a8948" testName="CreateSearchAttributeEditControl_UnmappedConfiguration_ReturnsNull" computerName="DKSR-EFI-06" duration="00:00:00.0130678" startTime="2024-01-09T15:48:37.7022471+01:00" endTime="2024-01-09T15:48:37.7177988+01:00" testType="13cdc9d9-ddb5-4fa4-a97d-d965ccfc6d4b" outcome="Passed" testListId="8c84fa94-04c1-424b-9868-57a2d4851a1d" relativeResultsDirectory="5913f692-ec61-4421-93cc-28f6718a68e2" />
    <UnitTestResult executionId="5179f79e-3402-4923-9f86-e693741d9bfa" testId="68b8744b-0d04-5ccf-e59d-98d1006236e5" testName="ToggleMicrophoneStateAsync_ShouldMuteAllOtherMicrophonesAndUnmuteOneMicrophone_WhenThereAreOtherUnmutedMicrophones" computerName="DKSR-EFI-06" duration="00:00:00.0156089" startTime="2024-01-09T15:48:39.9184560+01:00" endTime="2024-01-09T15:48:39.9342235+01:00" testType="13cdc9d9-ddb5-4fa4-a97d-d965ccfc6d4b" outcome="Passed" testListId="8c84fa94-04c1-424b-9868-57a2d4851a1d" relativeResultsDirectory="5179f79e-3402-4923-9f86-e693741d9bfa" />
    <UnitTestResult executionId="11473ef6-af02-44a0-bc1e-195b321c51ea" testId="1757e59b-40da-bd94-15dd-39f1d4194c31" testName="UpdateSearchFilter_SingleFilterWithValues_Added" computerName="DKSR-EFI-06" duration="00:00:00.0019990" startTime="2024-01-09T15:48:22.4253581+01:00" endTime="2024-01-09T15:48:22.4274914+01:00" testType="13cdc9d9-ddb5-4fa4-a97d-d965ccfc6d4b" outcome="Passed" testListId="8c84fa94-04c1-424b-9868-57a2d4851a1d" relativeResultsDirectory="11473ef6-af02-44a0-bc1e-195b321c51ea" />
    <UnitTestResult executionId="7441e9a7-1d84-4ce0-b683-f7737cc0300a" testId="7aa665c6-6d05-2641-5b0e-6f3ba4797370" testName="AudioControllerOnDevicesLockEvent_ShouldEnableMicrophones_WhenUnlockingAudioDevicesAndApplicationIsInLiveMode" computerName="DKSR-EFI-06" duration="00:00:00.0127216" startTime="2024-01-09T15:48:41.2438607+01:00" endTime="2024-01-09T15:48:41.2589185+01:00" testType="13cdc9d9-ddb5-4fa4-a97d-d965ccfc6d4b" outcome="Passed" testListId="8c84fa94-04c1-424b-9868-57a2d4851a1d" relativeResultsDirectory="7441e9a7-1d84-4ce0-b683-f7737cc0300a" />
    <UnitTestResult executionId="8fcec89c-3628-4b6d-8a67-1d2c46a37d3f" testId="78ae4795-b159-3f03-06f0-3f211a86b0c5" testName="AddToExportTuples_ShouldReturnCorrectResult (5,5,0)" computerName="DKSR-EFI-06" duration="00:00:00.0069249" startTime="2024-01-09T15:48:45.3462276+01:00" endTime="2024-01-09T15:48:45.3533228+01:00" testType="13cdc9d9-ddb5-4fa4-a97d-d965ccfc6d4b" outcome="Passed" testListId="8c84fa94-04c1-424b-9868-57a2d4851a1d" relativeResultsDirectory="8fcec89c-3628-4b6d-8a67-1d2c46a37d3f" />
    <UnitTestResult executionId="3711117d-964a-4d69-b344-ccf3b62a8a76" testId="8a1568a6-ad98-67e4-8764-7fa07b40b0f4" testName="CameraMapItem_AddWithViewZone_XpcoServer_Success" computerName="DKSR-EFI-06" duration="00:00:00.0380654" startTime="2024-01-09T15:48:39.3402484+01:00" endTime="2024-01-09T15:48:39.3785197+01:00" testType="13cdc9d9-ddb5-4fa4-a97d-d965ccfc6d4b" outcome="Passed" testListId="8c84fa94-04c1-424b-9868-57a2d4851a1d" relativeResultsDirectory="3711117d-964a-4d69-b344-ccf3b62a8a76" />
    <UnitTestResult executionId="1a35eda4-7500-455d-b409-cb353704c405" testId="ab584460-bac9-0990-0924-68a8db1e4a1e" testName="PopulateTooltip_SingleResultsFromManyCameras24Hours_ValidText" computerName="DKSR-EFI-06" duration="00:00:00.0327569" startTime="2024-01-09T15:48:19.0015439+01:00" endTime="2024-01-09T15:48:19.0372239+01:00" testType="13cdc9d9-ddb5-4fa4-a97d-d965ccfc6d4b" outcome="Passed" testListId="8c84fa94-04c1-424b-9868-57a2d4851a1d" relativeResultsDirectory="1a35eda4-7500-455d-b409-cb353704c405" />
    <UnitTestResult executionId="135682e8-8830-4a99-a64e-b0d0cf60eb40" testId="d6051bbc-d4c3-a2f2-5d50-05eb2d368bda" testName="SearchResultsActionBarActions_CreateSnapshot_OptionUnavailable_NotEnabled" computerName="DKSR-EFI-06" duration="00:00:00.0067034" startTime="2024-01-09T15:48:23.1516705+01:00" endTime="2024-01-09T15:48:23.1585285+01:00" testType="13cdc9d9-ddb5-4fa4-a97d-d965ccfc6d4b" outcome="Passed" testListId="8c84fa94-04c1-424b-9868-57a2d4851a1d" relativeResultsDirectory="135682e8-8830-4a99-a64e-b0d0cf60eb40" />
    <UnitTestResult executionId="18e1ffe0-d744-4d66-bbe4-35dec73de544" testId="5fef5e10-fc69-5d3e-4101-c050ab62c33a" testName="PopulateTooltip_ManyResultsFromSingleCamera12Hours_ValidText" computerName="DKSR-EFI-06" duration="00:00:00.0952397" startTime="2024-01-09T15:48:19.5841608+01:00" endTime="2024-01-09T15:48:19.6823284+01:00" testType="13cdc9d9-ddb5-4fa4-a97d-d965ccfc6d4b" outcome="Passed" testListId="8c84fa94-04c1-424b-9868-57a2d4851a1d" relativeResultsDirectory="18e1ffe0-d744-4d66-bbe4-35dec73de544" />
    <UnitTestResult executionId="24919755-8f46-4081-b112-6bb88ca78447" testId="4efc28b2-fe1f-f63d-e78f-1c7f34702762" testName="ResolveSearchDefinitions_ShouldReturnResultSearchDefinition_WhenCombinedSearchResultWithSingleSubResultAndNullSearchDefinitionsAreGiven" computerName="DKSR-EFI-06" duration="00:00:00.0032622" startTime="2024-01-09T15:48:25.9948335+01:00" endTime="2024-01-09T15:48:25.9982317+01:00" testType="13cdc9d9-ddb5-4fa4-a97d-d965ccfc6d4b" outcome="Passed" testListId="8c84fa94-04c1-424b-9868-57a2d4851a1d" relativeResultsDirectory="24919755-8f46-4081-b112-6bb88ca78447" />
    <UnitTestResult executionId="3de1ddaf-4bc3-4172-9156-3af6046e7760" testId="b998ca9d-3c07-a9b0-e337-f1f0a1809e45" testName="ResolveSearchDefinitions_ShouldReturnResultSearchDefinitionInCorrectOrder_WhenCombinedSearchResultWithMultipleSubResultAndSearchDefinitionsContainingCorrectSearchDefinitionsAreGiven" computerName="DKSR-EFI-06" duration="00:00:00.0017668" startTime="2024-01-09T15:48:26.0109706+01:00" endTime="2024-01-09T15:48:26.0128695+01:00" testType="13cdc9d9-ddb5-4fa4-a97d-d965ccfc6d4b" outcome="Passed" testListId="8c84fa94-04c1-424b-9868-57a2d4851a1d" relativeResultsDirectory="3de1ddaf-4bc3-4172-9156-3af6046e7760" />
    <UnitTestResult executionId="b31a1a24-7fb1-4b6f-91bd-99972efcd932" testId="35fdccc0-c07e-b0f5-43ff-b8462db1e66e" testName="MarkerFactory_WhenMipMapItemIsGiven_ShouldReturnNull" computerName="DKSR-EFI-06" duration="00:00:00.0011279" startTime="2024-01-09T15:47:50.4438502+01:00" endTime="2024-01-09T15:47:50.4472383+01:00" testType="13cdc9d9-ddb5-4fa4-a97d-d965ccfc6d4b" outcome="Passed" testListId="8c84fa94-04c1-424b-9868-57a2d4851a1d" relativeResultsDirectory="b31a1a24-7fb1-4b6f-91bd-99972efcd932" />
    <UnitTestResult executionId="e49e83e0-ce0a-469f-bb5a-1ba2789e38e0" testId="35fc797f-8043-748e-70a2-2388d5cb8d3d" testName="GisMapModel_MapVersion_IsCorrect" computerName="DKSR-EFI-06" duration="00:00:00.0059895" startTime="2024-01-09T15:48:40.0660793+01:00" endTime="2024-01-09T15:48:40.0722370+01:00" testType="13cdc9d9-ddb5-4fa4-a97d-d965ccfc6d4b" outcome="Passed" testListId="8c84fa94-04c1-424b-9868-57a2d4851a1d" relativeResultsDirectory="e49e83e0-ce0a-469f-bb5a-1ba2789e38e0" />
    <UnitTestResult executionId="c1be547a-f976-456a-aff4-0100e4cb2db0" testId="3c8130e7-463f-39e3-1454-66e2409862a6" testName="HandleGetDeviceData_ShouldReturnNotFoundDeviceData_WhenOutputKindAndNonExistingOutputId" computerName="DKSR-EFI-06" duration="00:00:00.0294875" startTime="2024-01-09T15:47:51.0418647+01:00" endTime="2024-01-09T15:47:51.0715501+01:00" testType="13cdc9d9-ddb5-4fa4-a97d-d965ccfc6d4b" outcome="Passed" testListId="8c84fa94-04c1-424b-9868-57a2d4851a1d" relativeResultsDirectory="c1be547a-f976-456a-aff4-0100e4cb2db0" />
    <UnitTestResult executionId="3c7423a6-ef7f-49f0-a31c-abda1a09f9a3" testId="e9c28755-a991-4a05-f44d-1683b9f1f037" testName="TestLoad_WithNullDatagram_Failure" computerName="DKSR-EFI-06" duration="00:00:00.0058189" startTime="2024-01-09T15:48:42.6295058+01:00" endTime="2024-01-09T15:48:42.6355037+01:00" testType="13cdc9d9-ddb5-4fa4-a97d-d965ccfc6d4b" outcome="Passed" testListId="8c84fa94-04c1-424b-9868-57a2d4851a1d" relativeResultsDirectory="3c7423a6-ef7f-49f0-a31c-abda1a09f9a3" />
    <UnitTestResult executionId="c7bd6e8c-eb14-4cb2-aef6-91800ad8a541" testId="41f04a9d-5df2-9e79-b05d-aaa6c4b08e60" testName="CreateNewGroup_NewUser" computerName="DKSR-EFI-06" duration="00:00:00.0028808" startTime="2024-01-09T15:47:43.3170489+01:00" endTime="2024-01-09T15:47:43.3200969+01:00" testType="13cdc9d9-ddb5-4fa4-a97d-d965ccfc6d4b" outcome="Passed" testListId="8c84fa94-04c1-424b-9868-57a2d4851a1d" relativeResultsDirectory="c7bd6e8c-eb14-4cb2-aef6-91800ad8a541" />
    <UnitTestResult executionId="b5b4f7e0-ea06-453e-9295-be3bcdd061a4" testId="76f56124-31a2-88ce-2d55-72b9a34a85b7" testName="ToggleMicrophoneStateAsync_ShouldRaiseArgumentNullException_WhenMicrophoneIsNull" computerName="DKSR-EFI-06" duration="00:00:00.0064257" startTime="2024-01-09T15:48:39.9113969+01:00" endTime="2024-01-09T15:48:39.9180007+01:00" testType="13cdc9d9-ddb5-4fa4-a97d-d965ccfc6d4b" outcome="Passed" testListId="8c84fa94-04c1-424b-9868-57a2d4851a1d" relativeResultsDirectory="b5b4f7e0-ea06-453e-9295-be3bcdd061a4" />
    <UnitTestResult executionId="eb03b48b-c249-41e5-8efa-503ae47e7bf8" testId="e5baebdf-dd33-61d2-8622-e7904797fee0" testName="GetDomainAndUserName_ShouldReturnOnlyUserNamePartOfNetworkCredentials_WhenNetworkCredentialsContainsNoDomain" computerName="DKSR-EFI-06" duration="00:00:00.0001483" startTime="2024-01-09T15:47:43.3722874+01:00" endTime="2024-01-09T15:47:43.3725617+01:00" testType="13cdc9d9-ddb5-4fa4-a97d-d965ccfc6d4b" outcome="Passed" testListId="8c84fa94-04c1-424b-9868-57a2d4851a1d" relativeResultsDirectory="eb03b48b-c249-41e5-8efa-503ae47e7bf8" />
    <UnitTestResult executionId="e9d2f8f8-0d44-408b-ad82-4a9529b3852c" testId="aab428ed-a31b-f1b7-b0cd-f341bed7d107" testName="ctor_NullArg_NullArgException" computerName="DKSR-EFI-06" duration="00:00:00.0006820" startTime="2024-01-09T15:48:22.3573548+01:00" endTime="2024-01-09T15:48:22.3583137+01:00" testType="13cdc9d9-ddb5-4fa4-a97d-d965ccfc6d4b" outcome="Passed" testListId="8c84fa94-04c1-424b-9868-57a2d4851a1d" relativeResultsDirectory="e9d2f8f8-0d44-408b-ad82-4a9529b3852c" />
    <UnitTestResult executionId="ec264174-a257-46e9-ac79-01d572e45bd4" testId="3601e411-06fe-e014-7da4-87000446bebe" testName="MapCameraIcons_WhenMilestoneOemResource_ShouldReturnTenIcons" computerName="DKSR-EFI-06" duration="00:00:00.0259437" startTime="2024-01-09T15:48:50.6229274+01:00" endTime="2024-01-09T15:48:50.6490553+01:00" testType="13cdc9d9-ddb5-4fa4-a97d-d965ccfc6d4b" outcome="Passed" testListId="8c84fa94-04c1-424b-9868-57a2d4851a1d" relativeResultsDirectory="ec264174-a257-46e9-ac79-01d572e45bd4" />
    <UnitTestResult executionId="feb39930-fd70-44cf-8d79-cd074820c8d9" testId="03b9d988-af55-c02a-fb0b-6c811350a612" testName="IsProductionEnvironment_ShouldReturnFalse_WhenSystemLicenseIsNull" computerName="DKSR-EFI-06" duration="00:00:00.0001043" startTime="2024-01-09T15:48:51.6502108+01:00" endTime="2024-01-09T15:48:51.6504361+01:00" testType="13cdc9d9-ddb5-4fa4-a97d-d965ccfc6d4b" outcome="Passed" testListId="8c84fa94-04c1-424b-9868-57a2d4851a1d" relativeResultsDirectory="feb39930-fd70-44cf-8d79-cd074820c8d9" />
    <UnitTestResult executionId="81db32ef-901e-435d-936c-ce85e1cde653" testId="fab1182a-1ea1-5a85-a52f-fa7890fd3d44" testName="AlwaysPutViewGroupsBeforeGroupsAndViews" computerName="DKSR-EFI-06" duration="00:00:00.0055723" startTime="2024-01-09T15:48:44.9632151+01:00" endTime="2024-01-09T15:48:44.9689397+01:00" testType="13cdc9d9-ddb5-4fa4-a97d-d965ccfc6d4b" outcome="Passed" testListId="8c84fa94-04c1-424b-9868-57a2d4851a1d" relativeResultsDirectory="81db32ef-901e-435d-936c-ce85e1cde653" />
    <UnitTestResult executionId="4400d73f-98b1-4d0f-bfbb-bdf34e630a9f" testId="4a1694b5-7db1-bf67-dca4-8860f0f31e9d" testName="DisplayErrorOnNotificationArea_UnknownDerivedFromSearchError_LoggingEnabled_Success" computerName="DKSR-EFI-06" duration="00:00:00.0251916" startTime="2024-01-09T15:48:25.1641404+01:00" endTime="2024-01-09T15:48:25.1894924+01:00" testType="13cdc9d9-ddb5-4fa4-a97d-d965ccfc6d4b" outcome="Passed" testListId="8c84fa94-04c1-424b-9868-57a2d4851a1d" relativeResultsDirectory="4400d73f-98b1-4d0f-bfbb-bdf34e630a9f" />
    <UnitTestResult executionId="6e04eeef-2925-4f40-bfdc-1d577572f51f" testId="ebac5c23-cf94-d057-1e07-261b56c40f5f" testName="RemoveItems_ThreeMapItems_ThreeClusterChanges" computerName="DKSR-EFI-06" duration="00:00:00.0095335" startTime="2024-01-09T15:48:43.7584418+01:00" endTime="2024-01-09T15:48:43.7681236+01:00" testType="13cdc9d9-ddb5-4fa4-a97d-d965ccfc6d4b" outcome="Passed" testListId="8c84fa94-04c1-424b-9868-57a2d4851a1d" relativeResultsDirectory="6e04eeef-2925-4f40-bfdc-1d577572f51f" />
    <UnitTestResult executionId="4f520672-c58e-42fc-a2d2-12f9c6005ee9" testId="ec15ac28-e259-9e0e-79de-b4c8ed950c52" testName="GetSnapshots_NoImageAvailable_Failure" computerName="DKSR-EFI-06" duration="00:00:00.0123105" startTime="2024-01-09T15:48:25.8502978+01:00" endTime="2024-01-09T15:48:25.8627692+01:00" testType="13cdc9d9-ddb5-4fa4-a97d-d965ccfc6d4b" outcome="Passed" testListId="8c84fa94-04c1-424b-9868-57a2d4851a1d" relativeResultsDirectory="4f520672-c58e-42fc-a2d2-12f9c6005ee9" />
    <UnitTestResult executionId="0010121f-adf9-4a4d-b5c4-294e011d6b1f" testId="fc1071f1-9dc8-3652-9848-fa70b1167397" testName="AddCriteriaCommand_SearchAttributeCategoryNotNull" computerName="DKSR-EFI-06" duration="00:00:00.0446900" startTime="2024-01-09T15:48:24.9547470+01:00" endTime="2024-01-09T15:48:24.9996107+01:00" testType="13cdc9d9-ddb5-4fa4-a97d-d965ccfc6d4b" outcome="Passed" testListId="8c84fa94-04c1-424b-9868-57a2d4851a1d" relativeResultsDirectory="0010121f-adf9-4a4d-b5c4-294e011d6b1f" />
    <UnitTestResult executionId="ee58161b-35c6-4915-a0d0-1df140b69206" testId="417d2775-4be3-356c-d0c6-5cff4570afc9" testName="TimeToStringConverter_Ctor_Success" computerName="DKSR-EFI-06" duration="00:00:00.0013090" startTime="2024-01-09T15:48:10.3493736+01:00" endTime="2024-01-09T15:48:10.3509264+01:00" testType="13cdc9d9-ddb5-4fa4-a97d-d965ccfc6d4b" outcome="Passed" testListId="8c84fa94-04c1-424b-9868-57a2d4851a1d" relativeResultsDirectory="ee58161b-35c6-4915-a0d0-1df140b69206" />
    <UnitTestResult executionId="aedbef2e-275f-41c3-9987-1fdfda4a4b0c" testId="0b5a5a76-188a-3cd1-7ad8-530b93b01a49" testName="SupportsDoubleClick_ShouldBeFalse_WhenInteractionStateIsNotNormalOrNewDevice" computerName="DKSR-EFI-06" duration="00:00:00.0234080" startTime="2024-01-09T15:47:48.8899380+01:00" endTime="2024-01-09T15:47:48.9162548+01:00" testType="13cdc9d9-ddb5-4fa4-a97d-d965ccfc6d4b" outcome="Passed" testListId="8c84fa94-04c1-424b-9868-57a2d4851a1d" relativeResultsDirectory="aedbef2e-275f-41c3-9987-1fdfda4a4b0c" />
    <UnitTestResult executionId="233de24f-20bf-4610-9012-ae47bbbb1168" testId="23e6b65b-70a8-06de-4fd2-1098c3da7047" testName="OnLayersRetrieved_ShouldSetComponentsOrdered_WhenLayersCollectionContainsInput" computerName="DKSR-EFI-06" duration="00:00:00.0096155" startTime="2024-01-09T15:47:45.1264703+01:00" endTime="2024-01-09T15:47:45.1388475+01:00" testType="13cdc9d9-ddb5-4fa4-a97d-d965ccfc6d4b" outcome="Passed" testListId="8c84fa94-04c1-424b-9868-57a2d4851a1d" relativeResultsDirectory="233de24f-20bf-4610-9012-ae47bbbb1168" />
    <UnitTestResult executionId="aa73b0a9-ca62-4e19-960d-60b6b7e44918" testId="3460e6f3-0dd6-9361-76e4-41731c8ee6fa" testName="RenameDeviceTest" computerName="DKSR-EFI-06" duration="00:00:00.0008551" startTime="2024-01-09T15:47:43.4236819+01:00" endTime="2024-01-09T15:47:43.4246621+01:00" testType="13cdc9d9-ddb5-4fa4-a97d-d965ccfc6d4b" outcome="Passed" testListId="8c84fa94-04c1-424b-9868-57a2d4851a1d" relativeResultsDirectory="aa73b0a9-ca62-4e19-960d-60b6b7e44918" />
    <UnitTestResult executionId="dda910e5-1796-409e-821a-129cad1d6052" testId="b3f386a5-07aa-a732-a6bd-e0f6659489a9" testName="DrawCore_ShouldDisplayClusterMarkers_WhenClusteringEnabled" computerName="DKSR-EFI-06" duration="00:00:00.1481064" startTime="2024-01-09T15:47:46.3772703+01:00" endTime="2024-01-09T15:47:46.5292940+01:00" testType="13cdc9d9-ddb5-4fa4-a97d-d965ccfc6d4b" outcome="Passed" testListId="8c84fa94-04c1-424b-9868-57a2d4851a1d" relativeResultsDirectory="dda910e5-1796-409e-821a-129cad1d6052" />
    <UnitTestResult executionId="28d1bccc-8167-4199-9889-a04b80b81fad" testId="34039ecd-ee8b-6055-7cde-d7cfbc3f929e" testName="SidePanelToggleButtonIsVisible_DependingOnConditions (Normal,False,False,False)" computerName="DKSR-EFI-06" duration="00:00:00.0160340" startTime="2024-01-09T15:48:44.7301879+01:00" endTime="2024-01-09T15:48:44.7464551+01:00" testType="13cdc9d9-ddb5-4fa4-a97d-d965ccfc6d4b" outcome="Passed" testListId="8c84fa94-04c1-424b-9868-57a2d4851a1d" relativeResultsDirectory="28d1bccc-8167-4199-9889-a04b80b81fad" />
    <UnitTestResult executionId="4fa22f9d-92a3-4f4b-9eb9-5ab240942ba4" testId="1b7a8e72-6c5b-1b1a-773c-d218457056e9" testName="SmartMapSelectItemHandler_WhenDataIsNotSmartMapSelectItemCommandData_ShouldWriteToLog" computerName="DKSR-EFI-06" duration="00:00:00.0011317" startTime="2024-01-09T15:47:49.6544484+01:00" endTime="2024-01-09T15:47:49.6557252+01:00" testType="13cdc9d9-ddb5-4fa4-a97d-d965ccfc6d4b" outcome="Passed" testListId="8c84fa94-04c1-424b-9868-57a2d4851a1d" relativeResultsDirectory="4fa22f9d-92a3-4f4b-9eb9-5ab240942ba4" />
    <UnitTestResult executionId="46e7f1fc-e586-4c09-b04c-5262fe0d868c" testId="702b2a99-3d22-8fb5-d555-a5570edf1677" testName="GetGisMapLayerFlyoutName_ShouldRaiseArgumentNullException_WhenCultureInfoIsNull" computerName="DKSR-EFI-06" duration="00:00:00.0018281" startTime="2024-01-09T15:48:42.9929770+01:00" endTime="2024-01-09T15:48:42.9951888+01:00" testType="13cdc9d9-ddb5-4fa4-a97d-d965ccfc6d4b" outcome="Passed" testListId="8c84fa94-04c1-424b-9868-57a2d4851a1d" relativeResultsDirectory="46e7f1fc-e586-4c09-b04c-5262fe0d868c" />
    <UnitTestResult executionId="439a3c60-3b08-4ab6-80fa-e0d5e6cab50b" testId="126ce091-c6ba-ecff-2f2d-3c69aa56bf21" testName="Deserialize_FilterIdInvalid_Error" computerName="DKSR-EFI-06" duration="00:00:00.0011591" startTime="2024-01-09T15:48:26.8232238+01:00" endTime="2024-01-09T15:48:26.8245190+01:00" testType="13cdc9d9-ddb5-4fa4-a97d-d965ccfc6d4b" outcome="Passed" testListId="8c84fa94-04c1-424b-9868-57a2d4851a1d" relativeResultsDirectory="439a3c60-3b08-4ab6-80fa-e0d5e6cab50b" />
    <UnitTestResult executionId="993f9b9c-1c72-4fb7-8865-7ce9303cedbd" testId="b3aaeac2-8a8e-15b7-f149-450ef9d8d467" testName="Parse_TwentyFourHours_Success" computerName="DKSR-EFI-06" duration="00:00:00.0000872" startTime="2024-01-09T15:48:26.1117489+01:00" endTime="2024-01-09T15:48:26.1119522+01:00" testType="13cdc9d9-ddb5-4fa4-a97d-d965ccfc6d4b" outcome="Passed" testListId="8c84fa94-04c1-424b-9868-57a2d4851a1d" relativeResultsDirectory="993f9b9c-1c72-4fb7-8865-7ce9303cedbd" />
    <UnitTestResult executionId="23071472-b205-49a4-b05f-7218da309121" testId="8fb02973-b048-8216-b7ce-b352b4c4fa12" testName="ValidEncryptionStrengthsForExport_ShouldReturnAllStrengths_WhenLegacyEncryptionEnabledInAppConfigAndFipsDisabled" computerName="DKSR-EFI-06" duration="00:00:00.0033979" startTime="2024-01-09T15:48:46.8860680+01:00" endTime="2024-01-09T15:48:46.8896146+01:00" testType="13cdc9d9-ddb5-4fa4-a97d-d965ccfc6d4b" outcome="Passed" testListId="8c84fa94-04c1-424b-9868-57a2d4851a1d" relativeResultsDirectory="23071472-b205-49a4-b05f-7218da309121" />
    <UnitTestResult executionId="6c956dd4-c4cc-4ce2-8aa7-cd89f3cd4894" testId="30200921-e950-e3ac-a65b-a4bfe480ca8a" testName="DrawEntries_BeginMidAndEndDatesRange_Success" computerName="DKSR-EFI-06" duration="00:00:00.0423632" startTime="2024-01-09T15:48:12.5964677+01:00" endTime="2024-01-09T15:48:12.6419012+01:00" testType="13cdc9d9-ddb5-4fa4-a97d-d965ccfc6d4b" outcome="Passed" testListId="8c84fa94-04c1-424b-9868-57a2d4851a1d" relativeResultsDirectory="6c956dd4-c4cc-4ce2-8aa7-cd89f3cd4894" />
    <UnitTestResult executionId="008b0ae7-5378-498e-9718-72479f840579" testId="23522416-a281-f08a-eb85-d8c0fbc81978" testName="GetPartialDiffBetweenDictionaries_ShouldReturnCorrectValues (System.Collections.Generic.Dictionary`2[System.String,System.String],System.Collections.Generic.Dictionary`2[System.String,System.String],System.Collections.Generic.Dictionary`2[System.String,System.String])" computerName="DKSR-EFI-06" duration="00:00:00.0070904" startTime="2024-01-09T15:48:51.5943993+01:00" endTime="2024-01-09T15:48:51.6032067+01:00" testType="13cdc9d9-ddb5-4fa4-a97d-d965ccfc6d4b" outcome="Passed" testListId="8c84fa94-04c1-424b-9868-57a2d4851a1d" relativeResultsDirectory="008b0ae7-5378-498e-9718-72479f840579" />
    <UnitTestResult executionId="81a08359-6f87-49ce-9d28-f0ec65390ff0" testId="65173ca9-ca7a-eecb-f51e-664ba3987e33" testName="PtzSessionController_GetPtzSessionInfo_Unregistered_Camera_Test" computerName="DKSR-EFI-06" duration="00:00:00.0047415" startTime="2024-01-09T15:47:43.0475924+01:00" endTime="2024-01-09T15:47:43.0525023+01:00" testType="13cdc9d9-ddb5-4fa4-a97d-d965ccfc6d4b" outcome="Passed" testListId="8c84fa94-04c1-424b-9868-57a2d4851a1d" relativeResultsDirectory="81a08359-6f87-49ce-9d28-f0ec65390ff0" />
    <UnitTestResult executionId="80d99764-3cd4-426a-b6ca-15fa6a125e3f" testId="f68d42a3-acec-6b53-6243-cbfed90e3b19" testName="Command_PluginInstanceActivateCalled" computerName="DKSR-EFI-06" duration="00:00:00.0011020" startTime="2024-01-09T15:48:23.5622176+01:00" endTime="2024-01-09T15:48:23.5634596+01:00" testType="13cdc9d9-ddb5-4fa4-a97d-d965ccfc6d4b" outcome="Passed" testListId="8c84fa94-04c1-424b-9868-57a2d4851a1d" relativeResultsDirectory="80d99764-3cd4-426a-b6ca-15fa6a125e3f" />
    <UnitTestResult executionId="74b6b8ab-e7dd-4300-8c2f-c9a27a98ce24" testId="14ce9c46-40b0-3cf1-b65d-94e20f3f850c" testName="GetDuration_SeveralHours_Success" computerName="DKSR-EFI-06" duration="00:00:00.0002828" startTime="2024-01-09T15:48:25.9125053+01:00" endTime="2024-01-09T15:48:25.9129243+01:00" testType="13cdc9d9-ddb5-4fa4-a97d-d965ccfc6d4b" outcome="Passed" testListId="8c84fa94-04c1-424b-9868-57a2d4851a1d" relativeResultsDirectory="74b6b8ab-e7dd-4300-8c2f-c9a27a98ce24" />
    <UnitTestResult executionId="57b13dd2-7f67-4af8-a6a0-9d2b439c4cb0" testId="82ab9888-0e8e-be7c-a27b-7d4882e76ad2" testName="ModelSerialization_Serialize_Success" computerName="DKSR-EFI-06" duration="00:00:00.0202521" startTime="2024-01-09T15:48:26.4789871+01:00" endTime="2024-01-09T15:48:26.4993811+01:00" testType="13cdc9d9-ddb5-4fa4-a97d-d965ccfc6d4b" outcome="Passed" testListId="8c84fa94-04c1-424b-9868-57a2d4851a1d" relativeResultsDirectory="57b13dd2-7f67-4af8-a6a0-9d2b439c4cb0" />
    <UnitTestResult executionId="ca9d8104-fd2a-4e8d-9273-169862dbfcb4" testId="654dfcc7-b76a-e7bb-4995-363927b604e0" testName="GetMapLayerArguments_ShouldReturnIGisMapModel_WhenCalled" computerName="DKSR-EFI-06" duration="00:00:00.0002649" startTime="2024-01-09T15:48:40.7873282+01:00" endTime="2024-01-09T15:48:40.7877249+01:00" testType="13cdc9d9-ddb5-4fa4-a97d-d965ccfc6d4b" outcome="Passed" testListId="8c84fa94-04c1-424b-9868-57a2d4851a1d" relativeResultsDirectory="ca9d8104-fd2a-4e8d-9273-169862dbfcb4" />
    <UnitTestResult executionId="ed28e24a-7762-4300-af89-e462abc56174" testId="343adaa4-a6b4-4217-fe91-ea0e91bd35db" testName="Everything_Is_Disabled_When_Both_Create_And_Update_Rights_Missing" computerName="DKSR-EFI-06" duration="00:00:00.0022064" startTime="2024-01-09T15:48:52.4685595+01:00" endTime="2024-01-09T15:48:52.4708926+01:00" testType="13cdc9d9-ddb5-4fa4-a97d-d965ccfc6d4b" outcome="Passed" testListId="8c84fa94-04c1-424b-9868-57a2d4851a1d" relativeResultsDirectory="ed28e24a-7762-4300-af89-e462abc56174" />
    <UnitTestResult executionId="4c83e2b9-4931-444e-bdef-78aad1f836bf" testId="d0c51da7-1dd7-d068-f152-d898ea188859" testName="GetItemsIn_BuildingNoLevels_EdgeItem" computerName="DKSR-EFI-06" duration="00:00:00.0407952" startTime="2024-01-09T15:48:43.5687325+01:00" endTime="2024-01-09T15:48:43.6097288+01:00" testType="13cdc9d9-ddb5-4fa4-a97d-d965ccfc6d4b" outcome="Passed" testListId="8c84fa94-04c1-424b-9868-57a2d4851a1d" relativeResultsDirectory="4c83e2b9-4931-444e-bdef-78aad1f836bf" />
    <UnitTestResult executionId="538236a8-78ec-428e-9ae6-f2c6ad9b0571" testId="145e0ff6-94b3-8f9e-a3e6-3b43ce77eb33" testName="IsReCenterButtonVisible_MappedToViewModel_Success" computerName="DKSR-EFI-06" duration="00:00:00.0105281" startTime="2024-01-09T15:47:49.9475834+01:00" endTime="2024-01-09T15:47:49.9669612+01:00" testType="13cdc9d9-ddb5-4fa4-a97d-d965ccfc6d4b" outcome="Passed" testListId="8c84fa94-04c1-424b-9868-57a2d4851a1d" relativeResultsDirectory="538236a8-78ec-428e-9ae6-f2c6ad9b0571" />
    <UnitTestResult executionId="34ba16a2-976c-403e-a89c-fb8eb1cf7af6" testId="9586cc92-f1bb-653a-bd17-70b79fb89f50" testName="Deserialize_InvalidPluginIdElement_Error" computerName="DKSR-EFI-06" duration="00:00:00.0005299" startTime="2024-01-09T15:48:26.8153364+01:00" endTime="2024-01-09T15:48:26.8159975+01:00" testType="13cdc9d9-ddb5-4fa4-a97d-d965ccfc6d4b" outcome="Passed" testListId="8c84fa94-04c1-424b-9868-57a2d4851a1d" relativeResultsDirectory="34ba16a2-976c-403e-a89c-fb8eb1cf7af6" />
    <UnitTestResult executionId="e9c80280-771d-4cbd-b5fe-bd4b8f7eb9e0" testId="af2a8788-f2d5-ea21-a188-f51e4691cee7" testName="OnSizeChanged_FivePluginButtonsPresentInActionBar_WithRoomForLessThenFourPluginButtonsPluginsMoveToSecondLine" computerName="DKSR-EFI-06" duration="00:00:00.0823371" startTime="2024-01-09T15:47:54.0642856+01:00" endTime="2024-01-09T15:47:54.1496654+01:00" testType="13cdc9d9-ddb5-4fa4-a97d-d965ccfc6d4b" outcome="Passed" testListId="8c84fa94-04c1-424b-9868-57a2d4851a1d" relativeResultsDirectory="e9c80280-771d-4cbd-b5fe-bd4b8f7eb9e0" />
    <UnitTestResult executionId="bf52e870-e418-4f9f-b4c8-ca28e8946c30" testId="9ee3310d-df68-3208-bd43-511bd668f4d5" testName="OnMarkerRightClicked_ShouldLetMapLayerControlMenuItems_WhenNoMapItemSelected" computerName="DKSR-EFI-06" duration="00:00:00.0058432" startTime="2024-01-09T15:47:47.1487298+01:00" endTime="2024-01-09T15:47:47.1569716+01:00" testType="13cdc9d9-ddb5-4fa4-a97d-d965ccfc6d4b" outcome="Passed" testListId="8c84fa94-04c1-424b-9868-57a2d4851a1d" relativeResultsDirectory="bf52e870-e418-4f9f-b4c8-ca28e8946c30" />
    <UnitTestResult executionId="97e772ba-6b5f-464f-89b3-5291f1cf6118" testId="9c84fcaa-119c-eb3e-55a7-125cbe865eba" testName="UpdateSearchTemplateAsync_Fails_Success" computerName="DKSR-EFI-06" duration="00:00:00.0026628" startTime="2024-01-09T15:48:26.0764737+01:00" endTime="2024-01-09T15:48:26.0792731+01:00" testType="13cdc9d9-ddb5-4fa4-a97d-d965ccfc6d4b" outcome="Passed" testListId="8c84fa94-04c1-424b-9868-57a2d4851a1d" relativeResultsDirectory="97e772ba-6b5f-464f-89b3-5291f1cf6118" />
    <UnitTestResult executionId="3007268b-471e-4ce3-b61d-5704b55e2b89" testId="0a4bd700-62ec-92c2-9d2a-4cd013e53bcb" testName="TestTaskCreation" computerName="DKSR-EFI-06" duration="00:00:00.0094327" startTime="2024-01-09T15:48:45.0407952+01:00" endTime="2024-01-09T15:48:45.0506203+01:00" testType="13cdc9d9-ddb5-4fa4-a97d-d965ccfc6d4b" outcome="Passed" testListId="8c84fa94-04c1-424b-9868-57a2d4851a1d" relativeResultsDirectory="3007268b-471e-4ce3-b61d-5704b55e2b89" />
    <UnitTestResult executionId="fa3a776c-1d27-4c49-80c5-4a76ae55ee1f" testId="a2c49861-8cfa-cfb9-a354-4ffbac34fc0c" testName="Connect_WhenMajorServerVersionIsBelow13_ShouldCreateOldSchClient" computerName="DKSR-EFI-06" duration="00:00:00.0261799" startTime="2024-01-09T15:47:41.1579688+01:00" endTime="2024-01-09T15:47:41.1843418+01:00" testType="13cdc9d9-ddb5-4fa4-a97d-d965ccfc6d4b" outcome="Passed" testListId="8c84fa94-04c1-424b-9868-57a2d4851a1d" relativeResultsDirectory="fa3a776c-1d27-4c49-80c5-4a76ae55ee1f" />
    <UnitTestResult executionId="ed6008b2-6da1-4910-821d-889e540f15f4" testId="9c89c59d-b4e1-b0e6-38b6-740ac9ec96bd" testName="SearchResultsActionBarActions_EditBookmark_Enabled" computerName="DKSR-EFI-06" duration="00:00:00.0072200" startTime="2024-01-09T15:48:23.0383094+01:00" endTime="2024-01-09T15:48:23.0457148+01:00" testType="13cdc9d9-ddb5-4fa4-a97d-d965ccfc6d4b" outcome="Passed" testListId="8c84fa94-04c1-424b-9868-57a2d4851a1d" relativeResultsDirectory="ed6008b2-6da1-4910-821d-889e540f15f4" />
    <UnitTestResult executionId="8176a624-a3c1-49e7-9866-cbac1e708b34" testId="88fa8516-0d21-8d70-a765-06ab5bfbd249" testName="GetUserOptions_ShouldReturnNullForNewKey_WhenOnlyOldSystemDataIsAvailableInTheSystem" computerName="DKSR-EFI-06" duration="00:00:00.0016525" startTime="2024-01-09T15:48:45.5887975+01:00" endTime="2024-01-09T15:48:45.5906015+01:00" testType="13cdc9d9-ddb5-4fa4-a97d-d965ccfc6d4b" outcome="Passed" testListId="8c84fa94-04c1-424b-9868-57a2d4851a1d" relativeResultsDirectory="8176a624-a3c1-49e7-9866-cbac1e708b34" />
    <UnitTestResult executionId="cab241cb-926b-4272-abc0-ce7b9da308bb" testId="9f407d44-4f3f-f1b2-0cc2-8c4bc65e5f39" testName="ScrollIntoView_Synchronous_DefinitionViewAboveOutOfViewPort_Scrolled" computerName="DKSR-EFI-06" duration="00:00:00.0451795" startTime="2024-01-09T15:47:52.9419178+01:00" endTime="2024-01-09T15:47:52.9902313+01:00" testType="13cdc9d9-ddb5-4fa4-a97d-d965ccfc6d4b" outcome="Passed" testListId="8c84fa94-04c1-424b-9868-57a2d4851a1d" relativeResultsDirectory="cab241cb-926b-4272-abc0-ce7b9da308bb" />
    <UnitTestResult executionId="0415cbb3-bdcb-4b3f-b9c9-625febe22570" testId="e670b983-4ada-5f80-307a-cf5e26b6c0b2" testName="IsProductionEnvironment_ShouldReturnCorrectValue (somethingRandom,False)" computerName="DKSR-EFI-06" duration="00:00:00.0000038" startTime="2024-01-09T15:48:51.6496683+01:00" endTime="2024-01-09T15:48:51.6497929+01:00" testType="13cdc9d9-ddb5-4fa4-a97d-d965ccfc6d4b" outcome="Passed" testListId="8c84fa94-04c1-424b-9868-57a2d4851a1d" relativeResultsDirectory="0415cbb3-bdcb-4b3f-b9c9-625febe22570" />
    <UnitTestResult executionId="eaa9806d-d395-4ba2-80f9-64bae9232b38" testId="40de1517-d6a6-7e31-1713-862fa25a82b9" testName="GetSnapshots_UnauthorizedAccess_Failure" computerName="DKSR-EFI-06" duration="00:00:00.0023312" startTime="2024-01-09T15:48:25.8632544+01:00" endTime="2024-01-09T15:48:25.8657405+01:00" testType="13cdc9d9-ddb5-4fa4-a97d-d965ccfc6d4b" outcome="Passed" testListId="8c84fa94-04c1-424b-9868-57a2d4851a1d" relativeResultsDirectory="eaa9806d-d395-4ba2-80f9-64bae9232b38" />
    <UnitTestResult executionId="d5ba8541-399e-45ba-be64-792377b8268d" testId="9dd385ef-b7c1-a45d-9dea-e00dc401f11c" testName="SetIncludePartialResults_ShouldNotFireEvent_WhenSameValueApplied" computerName="DKSR-EFI-06" duration="00:00:00.0009803" startTime="2024-01-09T15:48:26.6505940+01:00" endTime="2024-01-09T15:48:26.6517056+01:00" testType="13cdc9d9-ddb5-4fa4-a97d-d965ccfc6d4b" outcome="Passed" testListId="8c84fa94-04c1-424b-9868-57a2d4851a1d" relativeResultsDirectory="d5ba8541-399e-45ba-be64-792377b8268d" />
    <UnitTestResult executionId="69b6306c-6479-44d6-8d29-2c90d90f99d7" testId="b38d8b7d-1c96-2deb-5466-9a0f98a87dce" testName="AddSelectedWindowsToExport_ShouldShowCorrectToastMessages (0,0,5)" computerName="DKSR-EFI-06" duration="00:00:00.0040159" startTime="2024-01-09T15:48:45.4696203+01:00" endTime="2024-01-09T15:48:45.4738804+01:00" testType="13cdc9d9-ddb5-4fa4-a97d-d965ccfc6d4b" outcome="Passed" testListId="8c84fa94-04c1-424b-9868-57a2d4851a1d" relativeResultsDirectory="69b6306c-6479-44d6-8d29-2c90d90f99d7" />
    <UnitTestResult executionId="4637df43-c7bf-457d-95dd-6ce326ecd871" testId="e5ac7c8b-5d6c-e4aa-7715-b9b1e7a9023f" testName="HandleGetDeviceData_ShouldReturnNotFoundDeviceData_WhenNotSupportedKind" computerName="DKSR-EFI-06" duration="00:00:00.0269981" startTime="2024-01-09T15:47:51.0720220+01:00" endTime="2024-01-09T15:47:51.0992133+01:00" testType="13cdc9d9-ddb5-4fa4-a97d-d965ccfc6d4b" outcome="Passed" testListId="8c84fa94-04c1-424b-9868-57a2d4851a1d" relativeResultsDirectory="4637df43-c7bf-457d-95dd-6ce326ecd871" />
    <UnitTestResult executionId="3f27168b-59ea-463f-984f-96916fe37a27" testId="058170fd-69e2-a7d3-64d2-1a307243ea90" testName="PatrollingStepViewModel_Constructor_Success" computerName="DKSR-EFI-06" duration="00:00:00.0019626" startTime="2024-01-09T15:48:43.9895340+01:00" endTime="2024-01-09T15:48:43.9917527+01:00" testType="13cdc9d9-ddb5-4fa4-a97d-d965ccfc6d4b" outcome="Passed" testListId="8c84fa94-04c1-424b-9868-57a2d4851a1d" relativeResultsDirectory="3f27168b-59ea-463f-984f-96916fe37a27" />
    <UnitTestResult executionId="f08b383c-13d5-4953-a05a-b8ed5f2d0e64" testId="1189299d-d6c8-7716-1cc1-5c418c696590" testName="SearchResultCombineType_ShouldNotStartSearch_WhenValueDoesNotChanges" computerName="DKSR-EFI-06" duration="00:00:00.0072095" startTime="2024-01-09T15:48:25.3281259+01:00" endTime="2024-01-09T15:48:25.3354959+01:00" testType="13cdc9d9-ddb5-4fa4-a97d-d965ccfc6d4b" outcome="Passed" testListId="8c84fa94-04c1-424b-9868-57a2d4851a1d" relativeResultsDirectory="f08b383c-13d5-4953-a05a-b8ed5f2d0e64" />
    <UnitTestResult executionId="ee988856-c45b-4d35-9141-25beaa935af7" testId="7f983a5e-5f3c-ed76-0115-273409a0ed19" testName="SupportsRightClick_ShouldBeTrue_WhenInteractionStateIsNormal" computerName="DKSR-EFI-06" duration="00:00:00.0147322" startTime="2024-01-09T15:47:47.8443436+01:00" endTime="2024-01-09T15:47:47.8614982+01:00" testType="13cdc9d9-ddb5-4fa4-a97d-d965ccfc6d4b" outcome="Passed" testListId="8c84fa94-04c1-424b-9868-57a2d4851a1d" relativeResultsDirectory="ee988856-c45b-4d35-9141-25beaa935af7" />
    <UnitTestResult executionId="b8f2c8c5-0605-41fe-a40a-e74fe49c09ed" testId="fe59fd9d-eb33-67df-fe2b-87a233e68931" testName="PatrollingProfileListViewModel_Constructor_ArgumentNull" computerName="DKSR-EFI-06" duration="00:00:00.0001738" startTime="2024-01-09T15:48:43.8221989+01:00" endTime="2024-01-09T15:48:43.8225180+01:00" testType="13cdc9d9-ddb5-4fa4-a97d-d965ccfc6d4b" outcome="Passed" testListId="8c84fa94-04c1-424b-9868-57a2d4851a1d" relativeResultsDirectory="b8f2c8c5-0605-41fe-a40a-e74fe49c09ed" />
    <UnitTestResult executionId="4698c920-848e-4359-9d5e-12ecd1bdb1c8" testId="c2ad7c56-01cc-4375-d0d2-2742c681c744" testName="Deactivated_Success" computerName="DKSR-EFI-06" duration="00:00:00.0050409" startTime="2024-01-09T15:47:52.4921619+01:00" endTime="2024-01-09T15:47:52.4973572+01:00" testType="13cdc9d9-ddb5-4fa4-a97d-d965ccfc6d4b" outcome="Passed" testListId="8c84fa94-04c1-424b-9868-57a2d4851a1d" relativeResultsDirectory="4698c920-848e-4359-9d5e-12ecd1bdb1c8" />
    <UnitTestResult executionId="e7d55615-7a85-4dab-b9aa-e000b7d15141" testId="a8a4e835-940f-7215-5269-967ee52ddfcd" testName="BuildMapOptions_ShouldHandleSecretStringOptionsCorrectly (GisMapBingMapKey,,False)" computerName="DKSR-EFI-06" duration="00:00:00.0007335" startTime="2024-01-09T15:48:51.5583455+01:00" endTime="2024-01-09T15:48:51.5592446+01:00" testType="13cdc9d9-ddb5-4fa4-a97d-d965ccfc6d4b" outcome="Passed" testListId="8c84fa94-04c1-424b-9868-57a2d4851a1d" relativeResultsDirectory="e7d55615-7a85-4dab-b9aa-e000b7d15141" />
    <UnitTestResult executionId="38e5ee64-a8c5-40bf-aff6-a6e947807d56" testId="6e64b1c1-2e75-35e1-101c-1ff9cd084eb0" testName="ShowSuccessToast_ShouldShowCorrectNumberOfToasts (0,0)" computerName="DKSR-EFI-06" duration="00:00:00.0126518" startTime="2024-01-09T15:48:45.5000858+01:00" endTime="2024-01-09T15:48:45.5130797+01:00" testType="13cdc9d9-ddb5-4fa4-a97d-d965ccfc6d4b" outcome="Passed" testListId="8c84fa94-04c1-424b-9868-57a2d4851a1d" relativeResultsDirectory="38e5ee64-a8c5-40bf-aff6-a6e947807d56" />
    <UnitTestResult executionId="aff5f858-14dd-47e5-a329-ca01ed81a86d" testId="4203d4af-b5bf-b00b-9139-2a7c647d28e9" testName="EnsureLayersOrderIsValidBy_Swap210_Success" computerName="DKSR-EFI-06" duration="00:00:00.0303513" startTime="2024-01-09T15:48:40.5792341+01:00" endTime="2024-01-09T15:48:40.6098838+01:00" testType="13cdc9d9-ddb5-4fa4-a97d-d965ccfc6d4b" outcome="Passed" testListId="8c84fa94-04c1-424b-9868-57a2d4851a1d" relativeResultsDirectory="aff5f858-14dd-47e5-a329-ca01ed81a86d" />
    <UnitTestResult executionId="c890aaca-fb70-443c-b5a4-e117d233488c" testId="a414dc23-7c3d-099a-1001-11be32d85424" testName="SaveSearchTemplateAsync_NoActive_Fails" computerName="DKSR-EFI-06" duration="00:00:00.0017492" startTime="2024-01-09T15:48:26.0478189+01:00" endTime="2024-01-09T15:48:26.0497582+01:00" testType="13cdc9d9-ddb5-4fa4-a97d-d965ccfc6d4b" outcome="Passed" testListId="8c84fa94-04c1-424b-9868-57a2d4851a1d" relativeResultsDirectory="c890aaca-fb70-443c-b5a4-e117d233488c" />
    <UnitTestResult executionId="ca7b70d8-ffac-438d-9f28-acc66b0c6629" testId="db90aeda-99d3-8862-c893-f6a75596efbc" testName="PatrollingStepViewModel_ExpectedTransitionTimeToPreset" computerName="DKSR-EFI-06" duration="00:00:00.0020357" startTime="2024-01-09T15:48:43.9993417+01:00" endTime="2024-01-09T15:48:44.0015117+01:00" testType="13cdc9d9-ddb5-4fa4-a97d-d965ccfc6d4b" outcome="Passed" testListId="8c84fa94-04c1-424b-9868-57a2d4851a1d" relativeResultsDirectory="ca7b70d8-ffac-438d-9f28-acc66b0c6629" />
    <UnitTestResult executionId="893e05e2-9a0f-4bfd-a65d-98a69989d315" testId="3cc1b7a3-6a23-5d4a-8d17-b87aa291e5cf" testName="GetDeactivatedOutputIconId_ShouldReturnValidDeactivatedOutputIconId_WhenValidActivatedOutputIconIdIsProvided" computerName="DKSR-EFI-06" duration="00:00:00.0003310" startTime="2024-01-09T15:48:40.8387424+01:00" endTime="2024-01-09T15:48:40.8392159+01:00" testType="13cdc9d9-ddb5-4fa4-a97d-d965ccfc6d4b" outcome="Passed" testListId="8c84fa94-04c1-424b-9868-57a2d4851a1d" relativeResultsDirectory="893e05e2-9a0f-4bfd-a65d-98a69989d315" />
    <UnitTestResult executionId="712db3f7-0a06-468c-a8de-8c88a9d94d9f" testId="d84399e7-2094-11f2-58a1-ad3cf8b39c94" testName="IconTooltip_ShouldBeValid_WhenInteractionStateIsAddInput" computerName="DKSR-EFI-06" duration="00:00:00.0002533" startTime="2024-01-09T15:47:45.9416760+01:00" endTime="2024-01-09T15:47:45.9420562+01:00" testType="13cdc9d9-ddb5-4fa4-a97d-d965ccfc6d4b" outcome="Passed" testListId="8c84fa94-04c1-424b-9868-57a2d4851a1d" relativeResultsDirectory="712db3f7-0a06-468c-a8de-8c88a9d94d9f" />
    <UnitTestResult executionId="8bb9da2d-871b-48ea-a85c-8e6622fd8e21" testId="0cc7d5be-9117-6a7b-5cf3-0699f110c80e" testName="IsMicrophoneMuted_ShouldBeTrue_WhenMicrophoneIsMuted" computerName="DKSR-EFI-06" duration="00:00:00.0151489" startTime="2024-01-09T15:48:41.0138734+01:00" endTime="2024-01-09T15:48:41.0317547+01:00" testType="13cdc9d9-ddb5-4fa4-a97d-d965ccfc6d4b" outcome="Passed" testListId="8c84fa94-04c1-424b-9868-57a2d4851a1d" relativeResultsDirectory="8bb9da2d-871b-48ea-a85c-8e6622fd8e21" />
    <UnitTestResult executionId="96474681-e7d0-45cd-8bea-ad54b7c0112f" testId="3fc559f5-bb13-876b-1485-1faebe02441c" testName="OutputItemsMapLayer_Load_Save_DataIsSame_WhenOutputIsEnabled" computerName="DKSR-EFI-06" duration="00:00:00.0108640" startTime="2024-01-09T15:48:38.8343806+01:00" endTime="2024-01-09T15:48:38.8454094+01:00" testType="13cdc9d9-ddb5-4fa4-a97d-d965ccfc6d4b" outcome="Passed" testListId="8c84fa94-04c1-424b-9868-57a2d4851a1d" relativeResultsDirectory="96474681-e7d0-45cd-8bea-ad54b7c0112f" />
    <UnitTestResult executionId="6a390756-0dea-49d8-a36a-01bef3616339" testId="de09b4c2-8c85-fd07-a4bd-ac2ed052171a" testName="SevenDays_Success" computerName="DKSR-EFI-06" duration="00:00:00.0001873" startTime="2024-01-09T15:48:26.1068916+01:00" endTime="2024-01-09T15:48:26.1072022+01:00" testType="13cdc9d9-ddb5-4fa4-a97d-d965ccfc6d4b" outcome="Passed" testListId="8c84fa94-04c1-424b-9868-57a2d4851a1d" relativeResultsDirectory="6a390756-0dea-49d8-a36a-01bef3616339" />
    <UnitTestResult executionId="29547982-9f67-4b76-a88f-e29355627c79" testId="bedf46db-baeb-e070-62c2-ab54242ce982" testName="DeviceIcons_ShouldNotBeNull_WhenCalled" computerName="DKSR-EFI-06" duration="00:00:00.0001375" startTime="2024-01-09T15:48:40.8050312+01:00" endTime="2024-01-09T15:48:40.8052950+01:00" testType="13cdc9d9-ddb5-4fa4-a97d-d965ccfc6d4b" outcome="Passed" testListId="8c84fa94-04c1-424b-9868-57a2d4851a1d" relativeResultsDirectory="29547982-9f67-4b76-a88f-e29355627c79" />
    <UnitTestResult executionId="de03bf2b-3409-457b-ac94-7af97df34fcf" testId="8a54600b-ddfe-122f-8fbb-15179853629f" testName="ScWorkspaceStateChangedEvent_ShouldSetDeviceStateToMuted_WhenSwitchingToSetupModeAndDeviceStateIsUnMuted" computerName="DKSR-EFI-06" duration="00:00:00.0275659" startTime="2024-01-09T15:48:40.8508197+01:00" endTime="2024-01-09T15:48:40.8814981+01:00" testType="13cdc9d9-ddb5-4fa4-a97d-d965ccfc6d4b" outcome="Passed" testListId="8c84fa94-04c1-424b-9868-57a2d4851a1d" relativeResultsDirectory="de03bf2b-3409-457b-ac94-7af97df34fcf" />
    <UnitTestResult executionId="efec475f-c14c-468c-af09-0d6f0a375619" testId="09064739-d6f3-b35b-43e1-f9b5634afbd3" testName="Search_PreviouslyAddedFilterValueRemoved_SubDefinitionOnlyUsesRemainingFilterValues" computerName="DKSR-EFI-06" duration="00:00:00.0053227" startTime="2024-01-09T15:48:37.3772070+01:00" endTime="2024-01-09T15:48:37.3826744+01:00" testType="13cdc9d9-ddb5-4fa4-a97d-d965ccfc6d4b" outcome="Passed" testListId="8c84fa94-04c1-424b-9868-57a2d4851a1d" relativeResultsDirectory="efec475f-c14c-468c-af09-0d6f0a375619" />
    <UnitTestResult executionId="e3caf909-ecb4-4b18-ba1c-68be50c59f1a" testId="9cb22239-8c05-3795-1d49-f4debbc5193e" testName="SearchResultsActionBarActions_CreateSnapshot_InvokeCommand_NoSnapshotSucceeded_CorrectStatusTextShown" computerName="DKSR-EFI-06" duration="00:00:00.0213573" startTime="2024-01-09T15:48:23.1589913+01:00" endTime="2024-01-09T15:48:23.1805043+01:00" testType="13cdc9d9-ddb5-4fa4-a97d-d965ccfc6d4b" outcome="Passed" testListId="8c84fa94-04c1-424b-9868-57a2d4851a1d" relativeResultsDirectory="e3caf909-ecb4-4b18-ba1c-68be50c59f1a" />
    <UnitTestResult executionId="e2595325-c98a-4975-af4c-aadc05276bec" testId="70311a0a-2853-d903-384a-e493017e2da4" testName="Constructor_ShouldRaiseArgumentNullException_WhenNavigationHistoryIsNull" computerName="DKSR-EFI-06" duration="00:00:00.0100429" startTime="2024-01-09T15:47:45.2383370+01:00" endTime="2024-01-09T15:47:45.2514333+01:00" testType="13cdc9d9-ddb5-4fa4-a97d-d965ccfc6d4b" outcome="Passed" testListId="8c84fa94-04c1-424b-9868-57a2d4851a1d" relativeResultsDirectory="e2595325-c98a-4975-af4c-aadc05276bec" />
    <UnitTestResult executionId="590a59fd-9061-43bb-8d3f-a2ec2f3629a9" testId="0fb4b7bb-e522-c3cc-c43e-c8a8d68a12cc" testName="GetDuration_LessThanOneMinute_Success" computerName="DKSR-EFI-06" duration="00:00:00.0013019" startTime="2024-01-09T15:48:25.9068213+01:00" endTime="2024-01-09T15:48:25.9084195+01:00" testType="13cdc9d9-ddb5-4fa4-a97d-d965ccfc6d4b" outcome="Passed" testListId="8c84fa94-04c1-424b-9868-57a2d4851a1d" relativeResultsDirectory="590a59fd-9061-43bb-8d3f-a2ec2f3629a9" />
    <UnitTestResult executionId="6435013a-7213-49a5-afe0-d48202083053" testId="00f3f438-e702-19f0-4f30-bd3e4320eea7" testName="ResolveBaseResultProperties_ShouldReturnASingleTriggerTime_WhenASingleSearchResultIsGiven" computerName="DKSR-EFI-06" duration="00:00:00.0023887" startTime="2024-01-09T15:48:26.0133358+01:00" endTime="2024-01-09T15:48:26.0158618+01:00" testType="13cdc9d9-ddb5-4fa4-a97d-d965ccfc6d4b" outcome="Passed" testListId="8c84fa94-04c1-424b-9868-57a2d4851a1d" relativeResultsDirectory="6435013a-7213-49a5-afe0-d48202083053" />
    <UnitTestResult executionId="ac3f2c12-a706-4bc4-b72c-831ef64b009b" testId="843dae0b-b140-3d67-5588-10bfec2781a8" testName="GetIsOpenStreetMapValid_ShouldRaiseArgumentNullException_WhenOptionManagerIsNull" computerName="DKSR-EFI-06" duration="00:00:00.0002977" startTime="2024-01-09T15:48:43.0025425+01:00" endTime="2024-01-09T15:48:43.0030016+01:00" testType="13cdc9d9-ddb5-4fa4-a97d-d965ccfc6d4b" outcome="Passed" testListId="8c84fa94-04c1-424b-9868-57a2d4851a1d" relativeResultsDirectory="ac3f2c12-a706-4bc4-b72c-831ef64b009b" />
    <UnitTestResult executionId="c39062e4-95da-49e0-ac74-5a1e2a4e8d15" testId="60b3c6a0-382d-f239-6234-5e6df72cc9b2" testName="SmartMapGoToAreaHandler_WhenDataIsNotSmartMapGoToAreaCommandData_ShouldWriteToLog" computerName="DKSR-EFI-06" duration="00:00:00.0017112" startTime="2024-01-09T15:47:49.6923132+01:00" endTime="2024-01-09T15:47:49.6941345+01:00" testType="13cdc9d9-ddb5-4fa4-a97d-d965ccfc6d4b" outcome="Passed" testListId="8c84fa94-04c1-424b-9868-57a2d4851a1d" relativeResultsDirectory="c39062e4-95da-49e0-ac74-5a1e2a4e8d15" />
    <UnitTestResult executionId="7c4f878d-2c08-4c1e-a1b1-e41932bce0d7" testId="47de8f42-b82b-27c9-e6cb-af47f9988997" testName="Combine_ShouldPassAllStringInputValidationTests" computerName="DKSR-EFI-06" duration="00:00:10.0527632" startTime="2024-01-09T15:48:27.1333451+01:00" endTime="2024-01-09T15:48:37.1879623+01:00" testType="13cdc9d9-ddb5-4fa4-a97d-d965ccfc6d4b" outcome="Passed" testListId="8c84fa94-04c1-424b-9868-57a2d4851a1d" relativeResultsDirectory="7c4f878d-2c08-4c1e-a1b1-e41932bce0d7">
      <Output>
        <StdOut>Debug Trace:&#xD;
&#xD;
&#xD;
************* TEST RESULTS *************&#xD;
Total tests: 132&#xD;
Passed permutations: 12490&#xD;
Failed permutations: 0</StdOut>
      </Output>
    </UnitTestResult>
    <UnitTestResult executionId="319e1e37-b718-4c18-a247-3c73b0629218" testId="8893b278-aa55-a685-d169-59d2e6a2a2db" testName="AssignPanTiltValue_WhenValueMax_ShouldReturnMaxValue" computerName="DKSR-EFI-06" duration="00:00:00.0001203" startTime="2024-01-09T15:47:43.6278443+01:00" endTime="2024-01-09T15:47:43.6280783+01:00" testType="13cdc9d9-ddb5-4fa4-a97d-d965ccfc6d4b" outcome="Passed" testListId="8c84fa94-04c1-424b-9868-57a2d4851a1d" relativeResultsDirectory="319e1e37-b718-4c18-a247-3c73b0629218" />
    <UnitTestResult executionId="6c7c6799-7947-4a1f-b548-f2229f13796d" testId="4ac17529-5b95-5a72-033f-f220f1f85e71" testName="UpdateSearchTemplateAsync_ActiveSearchTemplateUpdated_Success" computerName="DKSR-EFI-06" duration="00:00:00.0023354" startTime="2024-01-09T15:48:26.0735221+01:00" endTime="2024-01-09T15:48:26.0760134+01:00" testType="13cdc9d9-ddb5-4fa4-a97d-d965ccfc6d4b" outcome="Passed" testListId="8c84fa94-04c1-424b-9868-57a2d4851a1d" relativeResultsDirectory="6c7c6799-7947-4a1f-b548-f2229f13796d" />
    <UnitTestResult executionId="6b543c34-5a79-48ad-bc5f-5d24ef384ec1" testId="06afff30-aa98-f03f-ebfe-83961e8caf5d" testName="ButtonVisibilityProperties_ShouldSetPropertyValues_WhenPropertiesLoaded" computerName="DKSR-EFI-06" duration="00:00:00.0022884" startTime="2024-01-09T15:47:44.3421443+01:00" endTime="2024-01-09T15:47:44.3445982+01:00" testType="13cdc9d9-ddb5-4fa4-a97d-d965ccfc6d4b" outcome="Passed" testListId="8c84fa94-04c1-424b-9868-57a2d4851a1d" relativeResultsDirectory="6b543c34-5a79-48ad-bc5f-5d24ef384ec1" />
    <UnitTestResult executionId="d489adae-6864-46fa-be10-121abbe5ea97" testId="62bfa639-11d3-81b7-beea-8fc58ddae302" testName="BuildState_SelectionWithSingleSearchDefinition_Success" computerName="DKSR-EFI-06" duration="00:00:00.0102104" startTime="2024-01-09T15:47:52.4684458+01:00" endTime="2024-01-09T15:47:52.4788600+01:00" testType="13cdc9d9-ddb5-4fa4-a97d-d965ccfc6d4b" outcome="Passed" testListId="8c84fa94-04c1-424b-9868-57a2d4851a1d" relativeResultsDirectory="d489adae-6864-46fa-be10-121abbe5ea97" />
    <UnitTestResult executionId="72c7e69f-50b4-4d0f-bb33-324c6201a459" testId="57630e13-6376-5ac4-f876-8b3113252cf4" testName="HandleGetLayerFeatures_ShouldReturnMicrophoneLayerFeatures_WhenMicrophoneKind" computerName="DKSR-EFI-06" duration="00:00:00.0027232" startTime="2024-01-09T15:48:42.9555245+01:00" endTime="2024-01-09T15:48:42.9584094+01:00" testType="13cdc9d9-ddb5-4fa4-a97d-d965ccfc6d4b" outcome="Passed" testListId="8c84fa94-04c1-424b-9868-57a2d4851a1d" relativeResultsDirectory="72c7e69f-50b4-4d0f-bb33-324c6201a459" />
    <UnitTestResult executionId="528f0c44-7f15-4e23-b9fd-7298fbadf90a" testId="ea1b5845-13e0-a3f9-5ed1-720958ca2d0a" testName="SetItemOutlines_ItemNull_Exception" computerName="DKSR-EFI-06" duration="00:00:00.0122790" startTime="2024-01-09T15:47:49.9793320+01:00" endTime="2024-01-09T15:47:49.9955902+01:00" testType="13cdc9d9-ddb5-4fa4-a97d-d965ccfc6d4b" outcome="Passed" testListId="8c84fa94-04c1-424b-9868-57a2d4851a1d" relativeResultsDirectory="528f0c44-7f15-4e23-b9fd-7298fbadf90a" />
    <UnitTestResult executionId="81d38291-1056-43c6-bb4f-e6b619bee135" testId="81267ce3-6f9f-039a-6061-d6bf94b58293" testName="GetDeviceData_ShouldReturnNotFoundDeviceData_WhenCameraKindAndNonExistingCameraId" computerName="DKSR-EFI-06" duration="00:00:00.0253275" startTime="2024-01-09T15:47:51.2017204+01:00" endTime="2024-01-09T15:47:51.2272281+01:00" testType="13cdc9d9-ddb5-4fa4-a97d-d965ccfc6d4b" outcome="Passed" testListId="8c84fa94-04c1-424b-9868-57a2d4851a1d" relativeResultsDirectory="81d38291-1056-43c6-bb4f-e6b619bee135" />
    <UnitTestResult executionId="8d1bd6c2-29f6-4741-8386-0d09ebd72619" testId="370610a6-40ac-68fd-6f42-3e5c99313cb3" testName="IsOAuth_ShouldReturnFalse_WhenConstructedUsingWindowsDefault" computerName="DKSR-EFI-06" duration="00:00:00.0001721" startTime="2024-01-09T15:47:43.3566045+01:00" endTime="2024-01-09T15:47:43.3569408+01:00" testType="13cdc9d9-ddb5-4fa4-a97d-d965ccfc6d4b" outcome="Passed" testListId="8c84fa94-04c1-424b-9868-57a2d4851a1d" relativeResultsDirectory="8d1bd6c2-29f6-4741-8386-0d09ebd72619" />
    <UnitTestResult executionId="26e8c50a-aeb6-4c1a-bea3-3383968790d4" testId="8019e7cd-2b2b-285d-fe92-717617455fd4" testName="SmartMapSelectItemHandler_WhenDataIsValid_ShouldCallNavigateAndSelect" computerName="DKSR-EFI-06" duration="00:00:00.0105888" startTime="2024-01-09T15:47:49.6429880+01:00" endTime="2024-01-09T15:47:49.6537413+01:00" testType="13cdc9d9-ddb5-4fa4-a97d-d965ccfc6d4b" outcome="Passed" testListId="8c84fa94-04c1-424b-9868-57a2d4851a1d" relativeResultsDirectory="26e8c50a-aeb6-4c1a-bea3-3383968790d4" />
    <UnitTestResult executionId="6921b103-8ea3-4cc1-85bb-7c6c9c5b79d3" testId="f8f04b21-fad0-48a3-39ca-a5f162fe7d64" testName="Convert_InvalidArgumentCount_MoreThanExpected_Collapsed" computerName="DKSR-EFI-06" duration="00:00:00.0002666" startTime="2024-01-09T15:48:10.3383511+01:00" endTime="2024-01-09T15:48:10.3388460+01:00" testType="13cdc9d9-ddb5-4fa4-a97d-d965ccfc6d4b" outcome="Passed" testListId="8c84fa94-04c1-424b-9868-57a2d4851a1d" relativeResultsDirectory="6921b103-8ea3-4cc1-85bb-7c6c9c5b79d3" />
    <UnitTestResult executionId="d7ae6911-8bd3-4706-bee6-2885d0fc0817" testId="acb1a3bd-713e-4d7a-4e0c-8e617e64d48b" testName="SupportsDoubleClick_ShouldBeTrue_WhenInteractionStateIsNormal" computerName="DKSR-EFI-06" duration="00:00:00.0082344" startTime="2024-01-09T15:47:47.4386258+01:00" endTime="2024-01-09T15:47:47.4495468+01:00" testType="13cdc9d9-ddb5-4fa4-a97d-d965ccfc6d4b" outcome="Passed" testListId="8c84fa94-04c1-424b-9868-57a2d4851a1d" relativeResultsDirectory="d7ae6911-8bd3-4706-bee6-2885d0fc0817" />
    <UnitTestResult executionId="2ac87297-976e-4b23-a7da-414c5fb24f57" testId="1bb961de-3244-ec3d-ba9c-efd8693da7cb" testName="TestReadXml" computerName="DKSR-EFI-06" duration="00:00:00.0003618" startTime="2024-01-09T15:48:46.0097720+01:00" endTime="2024-01-09T15:48:46.0103577+01:00" testType="13cdc9d9-ddb5-4fa4-a97d-d965ccfc6d4b" outcome="Passed" testListId="8c84fa94-04c1-424b-9868-57a2d4851a1d" relativeResultsDirectory="2ac87297-976e-4b23-a7da-414c5fb24f57" />
    <UnitTestResult executionId="7a38a096-fca3-4f56-98bc-da5052521bf3" testId="d7f3ae8c-bf97-f47d-48ab-b1fc5ef00c66" testName="MaxRegionsAllowed_ShouldBeProvidedMax_WhenProvidedMaxIsPositive" computerName="DKSR-EFI-06" duration="00:00:00.0001201" startTime="2024-01-09T15:48:38.0859894+01:00" endTime="2024-01-09T15:48:38.0862333+01:00" testType="13cdc9d9-ddb5-4fa4-a97d-d965ccfc6d4b" outcome="Passed" testListId="8c84fa94-04c1-424b-9868-57a2d4851a1d" relativeResultsDirectory="7a38a096-fca3-4f56-98bc-da5052521bf3" />
    <UnitTestResult executionId="fc203c2b-4120-4260-a962-0137ee9f51ba" testId="01eab79c-bc50-d06f-cdd9-f0cb405d3b66" testName="StartSelection_ShouldNotClearAnyExistingSelections_WhenCtrlKeyIsPressed" computerName="DKSR-EFI-06" duration="00:00:00.0053378" startTime="2024-01-09T15:47:47.1857784+01:00" endTime="2024-01-09T15:47:47.1935810+01:00" testType="13cdc9d9-ddb5-4fa4-a97d-d965ccfc6d4b" outcome="Passed" testListId="8c84fa94-04c1-424b-9868-57a2d4851a1d" relativeResultsDirectory="fc203c2b-4120-4260-a962-0137ee9f51ba" />
    <UnitTestResult executionId="8419a5f4-740c-4e33-bc5c-cfbc173bc796" testId="c0b0990b-db80-5ada-cdd8-224bb5ed398a" testName="BoundingBoxPlaybackNoLiveHandler" computerName="DKSR-EFI-06" duration="00:00:00.0021323" startTime="2024-01-09T15:48:46.8060795+01:00" endTime="2024-01-09T15:48:46.8083532+01:00" testType="13cdc9d9-ddb5-4fa4-a97d-d965ccfc6d4b" outcome="Passed" testListId="8c84fa94-04c1-424b-9868-57a2d4851a1d" relativeResultsDirectory="8419a5f4-740c-4e33-bc5c-cfbc173bc796" />
    <UnitTestResult executionId="9a631701-fad0-4504-924a-d72879a9f069" testId="425d7941-e1e0-5212-c622-83e7ab8c692e" testName="Decorate_ShouldNotRaiseMoreThanOneWindowMouseDownEvent_WhenCalledMultipleTimes" computerName="DKSR-EFI-06" duration="00:00:00.0015184" startTime="2024-01-09T15:47:44.3862405+01:00" endTime="2024-01-09T15:47:44.3911436+01:00" testType="13cdc9d9-ddb5-4fa4-a97d-d965ccfc6d4b" outcome="Passed" testListId="8c84fa94-04c1-424b-9868-57a2d4851a1d" relativeResultsDirectory="9a631701-fad0-4504-924a-d72879a9f069" />
    <UnitTestResult executionId="d864a3b6-23f5-4650-bcfd-16450497d21d" testId="8ffeda3d-e799-7be5-92e9-cd0ffd88ed12" testName="TestKeepInMemory_Success" computerName="DKSR-EFI-06" duration="00:00:00.0001690" startTime="2024-01-09T15:48:51.4210853+01:00" endTime="2024-01-09T15:48:51.4214130+01:00" testType="13cdc9d9-ddb5-4fa4-a97d-d965ccfc6d4b" outcome="Passed" testListId="8c84fa94-04c1-424b-9868-57a2d4851a1d" relativeResultsDirectory="d864a3b6-23f5-4650-bcfd-16450497d21d" />
    <UnitTestResult executionId="7f84c10d-6f2d-49a6-a707-13c84eb8a905" testId="3204b6d4-271a-3c48-7f1c-1d8f9fa8fb2f" testName="PtzSessionControllerInfo_UserChangedTest_Argument_Null_1" computerName="DKSR-EFI-06" duration="00:00:00.0006638" startTime="2024-01-09T15:47:43.1972577+01:00" endTime="2024-01-09T15:47:43.1980949+01:00" testType="13cdc9d9-ddb5-4fa4-a97d-d965ccfc6d4b" outcome="Passed" testListId="8c84fa94-04c1-424b-9868-57a2d4851a1d" relativeResultsDirectory="7f84c10d-6f2d-49a6-a707-13c84eb8a905" />
    <UnitTestResult executionId="ce6defd5-eae1-44d4-89e9-8d0c0856170f" testId="a27dcab4-fe50-bb56-8a65-057bfb64a1f4" testName="ActivatedOutputIconsId_ShouldReturnUnDeactivatedIconsInAProperOrder_WhenCalled" computerName="DKSR-EFI-06" duration="00:00:00.0006080" startTime="2024-01-09T15:48:40.8355550+01:00" endTime="2024-01-09T15:48:40.8362928+01:00" testType="13cdc9d9-ddb5-4fa4-a97d-d965ccfc6d4b" outcome="Passed" testListId="8c84fa94-04c1-424b-9868-57a2d4851a1d" relativeResultsDirectory="ce6defd5-eae1-44d4-89e9-8d0c0856170f" />
    <UnitTestResult executionId="5f367fc6-6c70-4eb4-a809-2ac4e324d73d" testId="f982a6b2-b7fa-97b9-3ee1-04eced2a82e8" testName="ResultCountText_NoResults_Success" computerName="DKSR-EFI-06" duration="00:00:00.0039379" startTime="2024-01-09T15:48:23.6195014+01:00" endTime="2024-01-09T15:48:23.6235977+01:00" testType="13cdc9d9-ddb5-4fa4-a97d-d965ccfc6d4b" outcome="Passed" testListId="8c84fa94-04c1-424b-9868-57a2d4851a1d" relativeResultsDirectory="5f367fc6-6c70-4eb4-a809-2ac4e324d73d" />
    <UnitTestResult executionId="1e7b0842-4045-4c0c-a4e7-5ff9c023089e" testId="f2392ab0-78ba-8d94-1e9f-3ff53d3d1da4" testName="AddSelectedCameras_AddedUnsorted_Sorted" computerName="DKSR-EFI-06" duration="00:00:00.0091827" startTime="2024-01-09T15:48:24.7638723+01:00" endTime="2024-01-09T15:48:24.7732528+01:00" testType="13cdc9d9-ddb5-4fa4-a97d-d965ccfc6d4b" outcome="Passed" testListId="8c84fa94-04c1-424b-9868-57a2d4851a1d" relativeResultsDirectory="1e7b0842-4045-4c0c-a4e7-5ff9c023089e" />
    <UnitTestResult executionId="ea5e4343-781f-4f3a-b4ff-c280329db5fb" testId="28b7e0ab-6c4a-f8e2-76d8-c7775c82dbd0" testName="Included_ShouldAddViewItemToIncludedViewItems_WhenSetToTrue" computerName="DKSR-EFI-06" duration="00:00:00.1164008" startTime="2024-01-09T15:48:49.3868773+01:00" endTime="2024-01-09T15:48:49.5075312+01:00" testType="13cdc9d9-ddb5-4fa4-a97d-d965ccfc6d4b" outcome="Passed" testListId="8c84fa94-04c1-424b-9868-57a2d4851a1d" relativeResultsDirectory="ea5e4343-781f-4f3a-b4ff-c280329db5fb" />
    <UnitTestResult executionId="e4d2f64c-c789-4184-83f2-3c05c45ebb01" testId="cb1d8729-ed7e-3666-4cf6-433514c9d9a6" testName="MicrophoneIconStates_ShouldReturnMicrophoneIconStatesInAProperOrder_WhenCalled" computerName="DKSR-EFI-06" duration="00:00:00.0048155" startTime="2024-01-09T15:48:40.8138186+01:00" endTime="2024-01-09T15:48:40.8187721+01:00" testType="13cdc9d9-ddb5-4fa4-a97d-d965ccfc6d4b" outcome="Passed" testListId="8c84fa94-04c1-424b-9868-57a2d4851a1d" relativeResultsDirectory="e4d2f64c-c789-4184-83f2-3c05c45ebb01" />
    <UnitTestResult executionId="d6baecce-6de9-4413-a650-3ce17861d697" testId="a39ae70d-c88f-1b05-e852-22bd9620ca7b" testName="Ctor_TwoBuiltInGroupsDefined_TwoCompositeAgentsAddedAndOneStandardAgentAdded" computerName="DKSR-EFI-06" duration="00:00:00.0015686" startTime="2024-01-09T15:48:37.4776782+01:00" endTime="2024-01-09T15:48:37.4794175+01:00" testType="13cdc9d9-ddb5-4fa4-a97d-d965ccfc6d4b" outcome="Passed" testListId="8c84fa94-04c1-424b-9868-57a2d4851a1d" relativeResultsDirectory="d6baecce-6de9-4413-a650-3ce17861d697" />
    <UnitTestResult executionId="a1d053d6-c587-4570-b597-a56c89cb5044" testId="63f149e4-246e-312e-204b-29ba70cef87d" testName="SmartMapSelectItemHandler_WhenItemCanNotBeFound_ShouldWriteToLog" computerName="DKSR-EFI-06" duration="00:00:00.0038041" startTime="2024-01-09T15:47:49.6572200+01:00" endTime="2024-01-09T15:47:49.6611751+01:00" testType="13cdc9d9-ddb5-4fa4-a97d-d965ccfc6d4b" outcome="Passed" testListId="8c84fa94-04c1-424b-9868-57a2d4851a1d" relativeResultsDirectory="a1d053d6-c587-4570-b597-a56c89cb5044" />
    <UnitTestResult executionId="64a9edba-246e-430b-a772-0f7afe0dbe5e" testId="01f34d8e-771f-fa5c-163a-25421605a156" testName="HandleGetDeviceData_ShouldReturnInputData_WhenInputKindAndExistingInputId" computerName="DKSR-EFI-06" duration="00:00:00.0285400" startTime="2024-01-09T15:47:50.7953478+01:00" endTime="2024-01-09T15:47:50.8240641+01:00" testType="13cdc9d9-ddb5-4fa4-a97d-d965ccfc6d4b" outcome="Passed" testListId="8c84fa94-04c1-424b-9868-57a2d4851a1d" relativeResultsDirectory="64a9edba-246e-430b-a772-0f7afe0dbe5e" />
    <UnitTestResult executionId="8b08d94b-c53b-4ba9-a39d-cac4f32c070c" testId="6ec299cf-433f-6019-4dfb-ce39d2dfd94a" testName="CreateDefinition_ModifyOneDefinition_DelayedSearchStartedForAllDefinitions" computerName="DKSR-EFI-06" duration="00:00:00.0070711" startTime="2024-01-09T15:48:26.3667635+01:00" endTime="2024-01-09T15:48:26.3739844+01:00" testType="13cdc9d9-ddb5-4fa4-a97d-d965ccfc6d4b" outcome="Passed" testListId="8c84fa94-04c1-424b-9868-57a2d4851a1d" relativeResultsDirectory="8b08d94b-c53b-4ba9-a39d-cac4f32c070c" />
    <UnitTestResult executionId="24a37234-f323-42f7-9c67-0bce37c9097d" testId="90f737d2-bf89-5d2f-b28c-8cecebbed027" testName="RemoveDefinition_WithRunningSearch_SearchCancelledAndResultsCleared" computerName="DKSR-EFI-06" duration="00:00:00.0062194" startTime="2024-01-09T15:48:26.4369583+01:00" endTime="2024-01-09T15:48:26.4433140+01:00" testType="13cdc9d9-ddb5-4fa4-a97d-d965ccfc6d4b" outcome="Passed" testListId="8c84fa94-04c1-424b-9868-57a2d4851a1d" relativeResultsDirectory="24a37234-f323-42f7-9c67-0bce37c9097d" />
    <UnitTestResult executionId="75cddb26-95bc-4df1-9452-674003656f1d" testId="350c59fa-eaf2-6336-6861-38da01aa1d5e" testName="SidePanelToggleButtonIsVisible_DependingOnConditions (Normal,True,False,True)" computerName="DKSR-EFI-06" duration="00:00:00.0183483" startTime="2024-01-09T15:48:44.6922657+01:00" endTime="2024-01-09T15:48:44.7129348+01:00" testType="13cdc9d9-ddb5-4fa4-a97d-d965ccfc6d4b" outcome="Passed" testListId="8c84fa94-04c1-424b-9868-57a2d4851a1d" relativeResultsDirectory="75cddb26-95bc-4df1-9452-674003656f1d" />
    <UnitTestResult executionId="253ec5e9-5f0f-4d92-b56f-98e459c882aa" testId="58415a14-73c9-7515-7cc6-10b983611842" testName="SearchAction_BrowseMode_OneYearInTheFuture" computerName="DKSR-EFI-06" duration="00:00:00.0056407" startTime="2024-01-09T15:48:49.6495326+01:00" endTime="2024-01-09T15:48:49.6553309+01:00" testType="13cdc9d9-ddb5-4fa4-a97d-d965ccfc6d4b" outcome="Passed" testListId="8c84fa94-04c1-424b-9868-57a2d4851a1d" relativeResultsDirectory="253ec5e9-5f0f-4d92-b56f-98e459c882aa" />
    <UnitTestResult executionId="0b5c4f99-3057-4c46-978b-c30714a1b0e7" testId="1435e2a2-bee2-1d2d-95b6-bab177d11e01" testName="GetDeactivatedOutputIconId_ShouldRaiseArgumentException_WhenArgumentIsNotAActivatedOutputIconId" computerName="DKSR-EFI-06" duration="00:00:00.0006309" startTime="2024-01-09T15:48:40.8367337+01:00" endTime="2024-01-09T15:48:40.8375286+01:00" testType="13cdc9d9-ddb5-4fa4-a97d-d965ccfc6d4b" outcome="Passed" testListId="8c84fa94-04c1-424b-9868-57a2d4851a1d" relativeResultsDirectory="0b5c4f99-3057-4c46-978b-c30714a1b0e7" />
    <UnitTestResult executionId="784cb91e-0fb8-4f29-8341-8c7046282663" testId="c3476bd9-ab82-3913-af01-2849b9aa1d17" testName="Decorate_ShouldAttachWindowMouseDownEvent_WhenDecorateIsCalled" computerName="DKSR-EFI-06" duration="00:00:00.0080588" startTime="2024-01-09T15:47:44.3526259+01:00" endTime="2024-01-09T15:47:44.3631897+01:00" testType="13cdc9d9-ddb5-4fa4-a97d-d965ccfc6d4b" outcome="Passed" testListId="8c84fa94-04c1-424b-9868-57a2d4851a1d" relativeResultsDirectory="784cb91e-0fb8-4f29-8341-8c7046282663" />
    <UnitTestResult executionId="d58db552-6c75-4be1-8a1a-cc57cf171203" testId="c1617589-7ab5-2785-7153-f5d42b13af57" testName="GetServer_ShouldReturnCorrectServerTest" computerName="DKSR-EFI-06" duration="00:00:00.0042874" startTime="2024-01-09T15:48:46.9196241+01:00" endTime="2024-01-09T15:48:46.9240889+01:00" testType="13cdc9d9-ddb5-4fa4-a97d-d965ccfc6d4b" outcome="Passed" testListId="8c84fa94-04c1-424b-9868-57a2d4851a1d" relativeResultsDirectory="d58db552-6c75-4be1-8a1a-cc57cf171203" />
    <UnitTestResult executionId="76729403-c539-4ec7-82bd-4cf7ef3507e4" testId="4927bb5b-1d8a-626c-1d59-507b7cca82e7" testName="IsCamera_ShouldReturnTrue_WhenAllCamerasSelected" computerName="DKSR-EFI-06" duration="00:00:00.0002515" startTime="2024-01-09T15:48:46.9886803+01:00" endTime="2024-01-09T15:48:46.9890687+01:00" testType="13cdc9d9-ddb5-4fa4-a97d-d965ccfc6d4b" outcome="Passed" testListId="8c84fa94-04c1-424b-9868-57a2d4851a1d" relativeResultsDirectory="76729403-c539-4ec7-82bd-4cf7ef3507e4" />
    <UnitTestResult executionId="b3df9b56-6657-4ff6-a2bf-7ffeb693e613" testId="284b6dde-d469-e7b6-918d-53acf8f9cd77" testName="IconResourceKey_ShouldBeValid_WhenInteractionStateIsAddOutput" computerName="DKSR-EFI-06" duration="00:00:00.0002431" startTime="2024-01-09T15:47:45.9500552+01:00" endTime="2024-01-09T15:47:45.9504752+01:00" testType="13cdc9d9-ddb5-4fa4-a97d-d965ccfc6d4b" outcome="Passed" testListId="8c84fa94-04c1-424b-9868-57a2d4851a1d" relativeResultsDirectory="b3df9b56-6657-4ff6-a2bf-7ffeb693e613" />
    <UnitTestResult executionId="6d2f6c4a-0b57-489a-8fdb-d11a920e2617" testId="2227d8a1-1292-2ada-1845-295f40381449" testName="GetServerTypes_ShouldReturnLPRType" computerName="DKSR-EFI-06" duration="00:00:00.0003597" startTime="2024-01-09T15:48:46.9640915+01:00" endTime="2024-01-09T15:48:46.9649202+01:00" testType="13cdc9d9-ddb5-4fa4-a97d-d965ccfc6d4b" outcome="Passed" testListId="8c84fa94-04c1-424b-9868-57a2d4851a1d" relativeResultsDirectory="6d2f6c4a-0b57-489a-8fdb-d11a920e2617" />
    <UnitTestResult executionId="2233968f-d8ed-4984-b35a-bdd38d6e08ce" testId="9c23bc24-c1ee-6f47-512c-5d239bfcd591" testName="HasMd5ProviderStrategy_ShouldReturnTrue_WhenSomeEventServerIdAreNonFipsCompliant" computerName="DKSR-EFI-06" duration="00:00:00.0003419" startTime="2024-01-09T15:48:52.8595845+01:00" endTime="2024-01-09T15:48:52.8602516+01:00" testType="13cdc9d9-ddb5-4fa4-a97d-d965ccfc6d4b" outcome="Passed" testListId="8c84fa94-04c1-424b-9868-57a2d4851a1d" relativeResultsDirectory="2233968f-d8ed-4984-b35a-bdd38d6e08ce" />
    <UnitTestResult executionId="60892e55-0b57-4594-bb1d-d85f4dc12c18" testId="ba253b92-69e3-4e4f-d52c-11bff46fb10e" testName="DeleteLevel1Of12_Success" computerName="DKSR-EFI-06" duration="00:00:00.0328203" startTime="2024-01-09T15:48:42.7607909+01:00" endTime="2024-01-09T15:48:42.7938011+01:00" testType="13cdc9d9-ddb5-4fa4-a97d-d965ccfc6d4b" outcome="Passed" testListId="8c84fa94-04c1-424b-9868-57a2d4851a1d" relativeResultsDirectory="60892e55-0b57-4594-bb1d-d85f4dc12c18">
      <Output>
        <StdOut>Debug Trace:&#xD;
 &gt;&gt;&gt; ERROR: System.NullReferenceException: Object reference not set to an instance of an object.&#xD;
   at VideoOS.RemoteClient.GisMapData.MapBuildings.MapLevel.LoadLayersAsync(UIContext context) in D:\actions-runner\_work\XPCO\XPCO\SC\Components\dotNet\VideoOS.RemoteClient.GisMapData\MapBuildings\MapLevel.cs:line 283&#xD;
 &gt;&gt;&gt; Stack:    at VideoOS.RemoteClient.GisMapData.MapBuildings.MapLevel.LoadLayersAsync(UIContext context) in D:\actions-runner\_work\XPCO\XPCO\SC\Components\dotNet\VideoOS.RemoteClient.GisMapData\MapBuildings\MapLevel.cs:line 283&#xD;
 &gt;&gt;&gt; ERROR: System.NullReferenceException: Object reference not set to an instance of an object.&#xD;
   at VideoOS.RemoteClient.GisMapData.MapBuildings.MapLevel.LoadLayersAsync(UIContext context) in D:\actions-runner\_work\XPCO\XPCO\SC\Components\dotNet\VideoOS.RemoteClient.GisMapData\MapBuildings\MapLevel.cs:line 283&#xD;
 &gt;&gt;&gt; Stack:    at VideoOS.RemoteClient.GisMapData.MapBuildings.MapLevel.LoadLayersAsync(UIContext context) in D:\actions-runner\_work\XPCO\XPCO\SC\Components\dotNet\VideoOS.RemoteClient.GisMapData\MapBuildings\MapLevel.cs:line 283</StdOut>
      </Output>
    </UnitTestResult>
    <UnitTestResult executionId="707b9364-bcb6-4424-8ba6-5367e025ec08" testId="7ed35012-584a-2fe3-a716-cd0afc4bf24c" testName="TestLoadAsyncWithNullDatagram_Failure" computerName="DKSR-EFI-06" duration="00:00:00.0115303" startTime="2024-01-09T15:48:38.1551954+01:00" endTime="2024-01-09T15:48:38.1669187+01:00" testType="13cdc9d9-ddb5-4fa4-a97d-d965ccfc6d4b" outcome="Passed" testListId="8c84fa94-04c1-424b-9868-57a2d4851a1d" relativeResultsDirectory="707b9364-bcb6-4424-8ba6-5367e025ec08" />
    <UnitTestResult executionId="5092c6a9-e850-4d53-9726-a340db1f3df7" testId="b162402f-2c1b-0582-f67d-d6b489572737" testName="ProvideValue_ReturnsThis" computerName="DKSR-EFI-06" duration="00:00:00.0004590" startTime="2024-01-09T15:48:10.3301352+01:00" endTime="2024-01-09T15:48:10.3311447+01:00" testType="13cdc9d9-ddb5-4fa4-a97d-d965ccfc6d4b" outcome="Passed" testListId="8c84fa94-04c1-424b-9868-57a2d4851a1d" relativeResultsDirectory="5092c6a9-e850-4d53-9726-a340db1f3df7" />
    <UnitTestResult executionId="6f27bccd-fe38-44c2-987f-30d12d82375d" testId="97644baf-75da-2d1d-90ad-632f1839ba1c" testName="Constructor_ShouldThrowException_WhenControllerManagerIsNull" computerName="DKSR-EFI-06" duration="00:00:00.0095915" startTime="2024-01-09T15:48:47.0380794+01:00" endTime="2024-01-09T15:48:47.0479777+01:00" testType="13cdc9d9-ddb5-4fa4-a97d-d965ccfc6d4b" outcome="Passed" testListId="8c84fa94-04c1-424b-9868-57a2d4851a1d" relativeResultsDirectory="6f27bccd-fe38-44c2-987f-30d12d82375d" />
    <UnitTestResult executionId="5bdf9894-46a0-438f-a947-bb68f755f246" testId="cf94cc5e-3853-d775-7ab9-b0e9c7ff54bd" testName="AddSelectedWindowsToExport_ShouldShowCorrectToastMessages (1,0,1)" computerName="DKSR-EFI-06" duration="00:00:00.0022091" startTime="2024-01-09T15:48:45.4468457+01:00" endTime="2024-01-09T15:48:45.4492300+01:00" testType="13cdc9d9-ddb5-4fa4-a97d-d965ccfc6d4b" outcome="Passed" testListId="8c84fa94-04c1-424b-9868-57a2d4851a1d" relativeResultsDirectory="5bdf9894-46a0-438f-a947-bb68f755f246" />
    <UnitTestResult executionId="1998b5b5-e5e1-4be8-a71c-e5ca379f9860" testId="5b878309-5fba-ade9-5fb0-a0b0fe46423a" testName="CloseCommand_ShouldSetInteractionStateToNormal_WhenInvoked" computerName="DKSR-EFI-06" duration="00:00:00.0092554" startTime="2024-01-09T15:47:44.9735455+01:00" endTime="2024-01-09T15:47:44.9855729+01:00" testType="13cdc9d9-ddb5-4fa4-a97d-d965ccfc6d4b" outcome="Passed" testListId="8c84fa94-04c1-424b-9868-57a2d4851a1d" relativeResultsDirectory="1998b5b5-e5e1-4be8-a71c-e5ca379f9860" />
    <UnitTestResult executionId="8c55d916-94e4-43f2-9d48-aa5e4215195d" testId="c34f42eb-c62c-cd70-fefe-eae8d43a9ea6" testName="OnMarkerSelected_ShouldSelectMarker_WhenNoExistingSelectionAndAddToSelectionIsTrue" computerName="DKSR-EFI-06" duration="00:00:00.0039498" startTime="2024-01-09T15:47:47.2203245+01:00" endTime="2024-01-09T15:47:47.2263933+01:00" testType="13cdc9d9-ddb5-4fa4-a97d-d965ccfc6d4b" outcome="Passed" testListId="8c84fa94-04c1-424b-9868-57a2d4851a1d" relativeResultsDirectory="8c55d916-94e4-43f2-9d48-aa5e4215195d" />
    <UnitTestResult executionId="15edc93d-1577-472d-93a6-f5105fe8791a" testId="56b7fe15-643b-5b55-8dfa-1ded6df183bf" testName="BoundingBoxPlaybackStart" computerName="DKSR-EFI-06" duration="00:00:00.0035117" startTime="2024-01-09T15:48:46.7986965+01:00" endTime="2024-01-09T15:48:46.8023622+01:00" testType="13cdc9d9-ddb5-4fa4-a97d-d965ccfc6d4b" outcome="Passed" testListId="8c84fa94-04c1-424b-9868-57a2d4851a1d" relativeResultsDirectory="15edc93d-1577-472d-93a6-f5105fe8791a" />
    <UnitTestResult executionId="ef179777-4799-4717-a3eb-3d361e2eb525" testId="313c09e0-411a-75b7-e96b-3ca0dbd86c48" testName="DateToStringConverter_SingleConvertBack_Fail" computerName="DKSR-EFI-06" duration="00:00:00.0005095" startTime="2024-01-09T15:48:10.2961311+01:00" endTime="2024-01-09T15:48:10.2968049+01:00" testType="13cdc9d9-ddb5-4fa4-a97d-d965ccfc6d4b" outcome="Passed" testListId="8c84fa94-04c1-424b-9868-57a2d4851a1d" relativeResultsDirectory="ef179777-4799-4717-a3eb-3d361e2eb525" />
    <UnitTestResult executionId="449579e9-0145-4f78-b5f6-2bb04810af8b" testId="49a421d1-e95e-714d-edf9-45ffcfd2a39e" testName="InputMapItem_ForceActivateAsync_NotInBuilding_Success" computerName="DKSR-EFI-06" duration="00:00:00.1763990" startTime="2024-01-09T15:48:42.4286486+01:00" endTime="2024-01-09T15:48:42.6052648+01:00" testType="13cdc9d9-ddb5-4fa4-a97d-d965ccfc6d4b" outcome="Passed" testListId="8c84fa94-04c1-424b-9868-57a2d4851a1d" relativeResultsDirectory="449579e9-0145-4f78-b5f6-2bb04810af8b" />
    <UnitTestResult executionId="328217da-ab90-486d-b44a-7b3a0642767e" testId="2aeb0604-7864-ac0e-7483-a1a86a3f6f67" testName="LoadInitialState_ValidState_ReturnsValidState" computerName="DKSR-EFI-06" duration="00:00:00.0028354" startTime="2024-01-09T15:47:52.3853199+01:00" endTime="2024-01-09T15:47:52.3883089+01:00" testType="13cdc9d9-ddb5-4fa4-a97d-d965ccfc6d4b" outcome="Passed" testListId="8c84fa94-04c1-424b-9868-57a2d4851a1d" relativeResultsDirectory="328217da-ab90-486d-b44a-7b3a0642767e" />
    <UnitTestResult executionId="2f03ce06-4964-4a9b-b215-c1841cae720b" testId="9f0f6d30-f426-c7af-d9b6-15317c05ddf1" testName="DateToStringConverter_Convert_NullParameter_ReturnUnsetValue" computerName="DKSR-EFI-06" duration="00:00:00.0004350" startTime="2024-01-09T15:48:10.2854357+01:00" endTime="2024-01-09T15:48:10.2860078+01:00" testType="13cdc9d9-ddb5-4fa4-a97d-d965ccfc6d4b" outcome="Passed" testListId="8c84fa94-04c1-424b-9868-57a2d4851a1d" relativeResultsDirectory="2f03ce06-4964-4a9b-b215-c1841cae720b" />
    <UnitTestResult executionId="22f1061f-f7a0-457e-a367-ad5dd15debe6" testId="ab87a2ac-ff1e-bd5f-59b1-9c79c2ca68fe" testName="ToUnsafeName_UnderscoreSeperator_Failure" computerName="DKSR-EFI-06" duration="00:00:00.0002834" startTime="2024-01-09T15:48:51.6636393+01:00" endTime="2024-01-09T15:48:51.6640878+01:00" testType="13cdc9d9-ddb5-4fa4-a97d-d965ccfc6d4b" outcome="Passed" testListId="8c84fa94-04c1-424b-9868-57a2d4851a1d" relativeResultsDirectory="22f1061f-f7a0-457e-a367-ad5dd15debe6" />
    <UnitTestResult executionId="d75e1d15-bb97-4b64-9d92-dac96e50d283" testId="1e268e1f-9f4f-f655-e5bb-e50feefd0bab" testName="TestSaveMap_BuildingsChanges_Success" computerName="DKSR-EFI-06" duration="00:00:00.0274249" startTime="2024-01-09T15:48:40.3549338+01:00" endTime="2024-01-09T15:48:40.3825631+01:00" testType="13cdc9d9-ddb5-4fa4-a97d-d965ccfc6d4b" outcome="Passed" testListId="8c84fa94-04c1-424b-9868-57a2d4851a1d" relativeResultsDirectory="d75e1d15-bb97-4b64-9d92-dac96e50d283" />
    <UnitTestResult executionId="78ebb0da-e1f0-42e5-a1b6-27dcb08af67e" testId="55849d48-8f3f-820c-27fa-98e4f30a7358" testName="OutputMapItem_ForceActivateAsync_NotInBuilding_Success" computerName="DKSR-EFI-06" duration="00:00:00.1624752" startTime="2024-01-09T15:48:41.7398026+01:00" endTime="2024-01-09T15:48:41.9024773+01:00" testType="13cdc9d9-ddb5-4fa4-a97d-d965ccfc6d4b" outcome="Passed" testListId="8c84fa94-04c1-424b-9868-57a2d4851a1d" relativeResultsDirectory="78ebb0da-e1f0-42e5-a1b6-27dcb08af67e" />
    <UnitTestResult executionId="b29b2fd8-4c16-4468-a092-519e4e258b77" testId="ee6192d4-4913-e5e7-42dd-becf117dbb37" testName="MotionAreaInfoDto_ShouldYieldSameValues_WhenRoundTripConverted" computerName="DKSR-EFI-06" duration="00:00:00.0010416" startTime="2024-01-09T15:47:40.9865915+01:00" endTime="2024-01-09T15:47:40.9877351+01:00" testType="13cdc9d9-ddb5-4fa4-a97d-d965ccfc6d4b" outcome="Passed" testListId="8c84fa94-04c1-424b-9868-57a2d4851a1d" relativeResultsDirectory="b29b2fd8-4c16-4468-a092-519e4e258b77" />
    <UnitTestResult executionId="d649e829-e174-4693-9367-f73c7c0b18cd" testId="744b677d-0c71-fc1a-e1ca-cb97cabb4a84" testName="TryGetOsmServerTileAddress_ShouldReturnFalse_WhenOsmServerAddressIsNull" computerName="DKSR-EFI-06" duration="00:00:00.0001935" startTime="2024-01-09T15:48:43.0241746+01:00" endTime="2024-01-09T15:48:43.0245473+01:00" testType="13cdc9d9-ddb5-4fa4-a97d-d965ccfc6d4b" outcome="Passed" testListId="8c84fa94-04c1-424b-9868-57a2d4851a1d" relativeResultsDirectory="d649e829-e174-4693-9367-f73c7c0b18cd" />
    <UnitTestResult executionId="d99ba1c2-9a59-48f7-89d4-c405525ed10c" testId="a4ec8e4b-30aa-49df-138f-1971a7f8ca38" testName="ToUnsafeName_NullString_Success" computerName="DKSR-EFI-06" duration="00:00:00.0001142" startTime="2024-01-09T15:48:51.6622487+01:00" endTime="2024-01-09T15:48:51.6624883+01:00" testType="13cdc9d9-ddb5-4fa4-a97d-d965ccfc6d4b" outcome="Passed" testListId="8c84fa94-04c1-424b-9868-57a2d4851a1d" relativeResultsDirectory="d99ba1c2-9a59-48f7-89d4-c405525ed10c" />
    <UnitTestResult executionId="4bd6aad0-831d-47a3-915d-d7e7385a45d5" testId="7e90dd26-5432-8bfa-3839-6557709d9ac8" testName="TestCreateWorkroom_Two_Success" computerName="DKSR-EFI-06" duration="00:00:00.0069332" startTime="2024-01-09T15:47:42.7170734+01:00" endTime="2024-01-09T15:47:42.7241795+01:00" testType="13cdc9d9-ddb5-4fa4-a97d-d965ccfc6d4b" outcome="Passed" testListId="8c84fa94-04c1-424b-9868-57a2d4851a1d" relativeResultsDirectory="4bd6aad0-831d-47a3-915d-d7e7385a45d5" />
    <UnitTestResult executionId="744b37fd-e9c6-4eaa-8037-5379fceafe0e" testId="e63df314-54b1-32a3-73ac-881577d2c079" testName="SetLayerFeatures_ShouldUpdateOutputItemsMapLayer_WhenOutputKindAndOutputLayerFeatures" computerName="DKSR-EFI-06" duration="00:00:00.0020424" startTime="2024-01-09T15:48:43.0702705+01:00" endTime="2024-01-09T15:48:43.0724513+01:00" testType="13cdc9d9-ddb5-4fa4-a97d-d965ccfc6d4b" outcome="Passed" testListId="8c84fa94-04c1-424b-9868-57a2d4851a1d" relativeResultsDirectory="744b37fd-e9c6-4eaa-8037-5379fceafe0e" />
    <UnitTestResult executionId="7fc57f2c-a822-449f-a54b-ddc86101cefd" testId="f5f2e97a-f5f8-6deb-42be-a32de8760af2" testName="SearchResultsActionBarActions_ActionResultCreateReport_Success" computerName="DKSR-EFI-06" duration="00:00:00.0125104" startTime="2024-01-09T15:48:23.2439920+01:00" endTime="2024-01-09T15:48:23.2566643+01:00" testType="13cdc9d9-ddb5-4fa4-a97d-d965ccfc6d4b" outcome="Passed" testListId="8c84fa94-04c1-424b-9868-57a2d4851a1d" relativeResultsDirectory="7fc57f2c-a822-449f-a54b-ddc86101cefd" />
    <UnitTestResult executionId="248831b6-d6dc-4e16-a014-0213ceedce59" testId="5b1fb637-3ca1-9a80-d25d-3a01eede0458" testName="AddApiKey_WhereApiKeyNull_ThrowException" computerName="DKSR-EFI-06" duration="00:00:00.0003281" startTime="2024-01-09T15:47:45.9246004+01:00" endTime="2024-01-09T15:47:45.9250531+01:00" testType="13cdc9d9-ddb5-4fa4-a97d-d965ccfc6d4b" outcome="Passed" testListId="8c84fa94-04c1-424b-9868-57a2d4851a1d" relativeResultsDirectory="248831b6-d6dc-4e16-a014-0213ceedce59" />
    <UnitTestResult executionId="30728181-3744-4780-ad39-8c1856830981" testId="ed1d90ee-8339-654e-30f1-a3356e61f489" testName="PatrollingStepListViewModel_MoveStepUpCommand" computerName="DKSR-EFI-06" duration="00:00:00.0014932" startTime="2024-01-09T15:48:43.9681770+01:00" endTime="2024-01-09T15:48:43.9698008+01:00" testType="13cdc9d9-ddb5-4fa4-a97d-d965ccfc6d4b" outcome="Passed" testListId="8c84fa94-04c1-424b-9868-57a2d4851a1d" relativeResultsDirectory="30728181-3744-4780-ad39-8c1856830981" />
    <UnitTestResult executionId="d35e6e11-15aa-4c71-9250-222927e586d2" testId="279d4c50-473d-8932-e5b9-1021814604da" testName="TryAddInterval_ShouldReturnCorrectValue (True,False,AlreadyAdded)" computerName="DKSR-EFI-06" duration="00:00:00.0014325" startTime="2024-01-09T15:48:45.1694545+01:00" endTime="2024-01-09T15:48:45.1710746+01:00" testType="13cdc9d9-ddb5-4fa4-a97d-d965ccfc6d4b" outcome="Passed" testListId="8c84fa94-04c1-424b-9868-57a2d4851a1d" relativeResultsDirectory="d35e6e11-15aa-4c71-9250-222927e586d2" />
    <UnitTestResult executionId="9e9de6cb-302e-4c9f-8882-9f588af1dee1" testId="d44210af-46ab-fec2-8d60-032381467d22" testName="PtzPresetsMenuViewModelConstructorTest" computerName="DKSR-EFI-06" duration="00:00:00.0016356" startTime="2024-01-09T15:48:49.5699918+01:00" endTime="2024-01-09T15:48:49.5718863+01:00" testType="13cdc9d9-ddb5-4fa4-a97d-d965ccfc6d4b" outcome="Passed" testListId="8c84fa94-04c1-424b-9868-57a2d4851a1d" relativeResultsDirectory="9e9de6cb-302e-4c9f-8882-9f588af1dee1" />
    <UnitTestResult executionId="058895b8-ab1d-4c41-bc07-1d8c317c9fa6" testId="c6214463-25ef-9b77-19c9-f227068e9681" testName="Outline_ShouldAcceptSet_WhenNon4CornersOutline" computerName="DKSR-EFI-06" duration="00:00:00.0052829" startTime="2024-01-09T15:48:38.6175288+01:00" endTime="2024-01-09T15:48:38.6229672+01:00" testType="13cdc9d9-ddb5-4fa4-a97d-d965ccfc6d4b" outcome="Passed" testListId="8c84fa94-04c1-424b-9868-57a2d4851a1d" relativeResultsDirectory="058895b8-ab1d-4c41-bc07-1d8c317c9fa6" />
    <UnitTestResult executionId="a5f48684-722d-46bb-a0a6-625aded43798" testId="52643794-b083-7c0f-47d3-00e62a4cf8ea" testName="ToMipSearchResultData_ShouldIncludeResultPropertiesFromAllSubResults" computerName="DKSR-EFI-06" duration="00:00:00.0066923" startTime="2024-01-09T15:48:26.6756311+01:00" endTime="2024-01-09T15:48:26.6824786+01:00" testType="13cdc9d9-ddb5-4fa4-a97d-d965ccfc6d4b" outcome="Passed" testListId="8c84fa94-04c1-424b-9868-57a2d4851a1d" relativeResultsDirectory="a5f48684-722d-46bb-a0a6-625aded43798" />
    <UnitTestResult executionId="5876bea6-12c5-479f-9cae-647352ff71b7" testId="165e0853-e6ec-d7d3-2c96-375c649002cc" testName="LoadSearchTemplate_NoActiveToNewActiveSuppressEvent_UpdateAndNoEvent" computerName="DKSR-EFI-06" duration="00:00:00.0004137" startTime="2024-01-09T15:48:26.0453270+01:00" endTime="2024-01-09T15:48:26.0458718+01:00" testType="13cdc9d9-ddb5-4fa4-a97d-d965ccfc6d4b" outcome="Passed" testListId="8c84fa94-04c1-424b-9868-57a2d4851a1d" relativeResultsDirectory="5876bea6-12c5-479f-9cae-647352ff71b7" />
    <UnitTestResult executionId="eaf4e586-865c-4a92-a0b9-d982f97ff9f6" testId="bb9524ad-acf8-1507-0ed6-9348671a86fe" testName="Tokenizer_Test" computerName="DKSR-EFI-06" duration="00:00:00.0005291" startTime="2024-01-09T15:48:52.3896148+01:00" endTime="2024-01-09T15:48:52.3903996+01:00" testType="13cdc9d9-ddb5-4fa4-a97d-d965ccfc6d4b" outcome="Passed" testListId="8c84fa94-04c1-424b-9868-57a2d4851a1d" relativeResultsDirectory="eaf4e586-865c-4a92-a0b9-d982f97ff9f6" />
    <UnitTestResult executionId="59fdb4a9-aadf-4f19-bccf-2f5724c741e0" testId="2477d472-bfaa-26c5-aa9b-d6406e79167b" testName="GetPartialDiffBetweenDictionaries_ShouldReturnCorrectValues (System.Collections.Generic.Dictionary`2[System.String,System.String],System.Collections.Generic.Dictionary`2[System.String,System.String],System.Collections.Generic.Dictionary`2[System.String,System.String])" computerName="DKSR-EFI-06" duration="00:00:00.0001655" startTime="2024-01-09T15:48:51.6046385+01:00" endTime="2024-01-09T15:48:51.6050028+01:00" testType="13cdc9d9-ddb5-4fa4-a97d-d965ccfc6d4b" outcome="Passed" testListId="8c84fa94-04c1-424b-9868-57a2d4851a1d" relativeResultsDirectory="59fdb4a9-aadf-4f19-bccf-2f5724c741e0" />
    <UnitTestResult executionId="bbea28a5-3d6b-44ef-bf3b-dad1183e6a06" testId="3377fc03-ebfb-5203-3a6a-1a517b97bfcd" testName="Map_Layers_AddRangeDirectly_Fail" computerName="DKSR-EFI-06" duration="00:00:00.0061510" startTime="2024-01-09T15:48:40.5502567+01:00" endTime="2024-01-09T15:48:40.5565799+01:00" testType="13cdc9d9-ddb5-4fa4-a97d-d965ccfc6d4b" outcome="Passed" testListId="8c84fa94-04c1-424b-9868-57a2d4851a1d" relativeResultsDirectory="bbea28a5-3d6b-44ef-bf3b-dad1183e6a06" />
    <UnitTestResult executionId="328f4e2e-7954-48a1-8ccc-023fad595f3f" testId="cb3c2aec-6735-d3a0-5cab-578bcfb4d46d" testName="TestForAssemblyCoverage" computerName="DKSR-EFI-06" duration="00:00:00.0072529" startTime="2024-01-09T15:48:38.1300783+01:00" endTime="2024-01-09T15:48:38.1375357+01:00" testType="13cdc9d9-ddb5-4fa4-a97d-d965ccfc6d4b" outcome="Passed" testListId="8c84fa94-04c1-424b-9868-57a2d4851a1d" relativeResultsDirectory="328f4e2e-7954-48a1-8ccc-023fad595f3f" />
    <UnitTestResult executionId="25df2218-8366-4063-a228-15c50e6a06fe" testId="4be5efe6-8790-c0c6-bead-44c751febe9d" testName="ResolveBaseResultProperties_ShouldReturnTwoTriggerTimes_WhenTwoTriggerTimesAreWithinBeginEnd" computerName="DKSR-EFI-06" duration="00:00:00.0012408" startTime="2024-01-09T15:48:26.0163143+01:00" endTime="2024-01-09T15:48:26.0176879+01:00" testType="13cdc9d9-ddb5-4fa4-a97d-d965ccfc6d4b" outcome="Passed" testListId="8c84fa94-04c1-424b-9868-57a2d4851a1d" relativeResultsDirectory="25df2218-8366-4063-a228-15c50e6a06fe" />
    <UnitTestResult executionId="b8360d06-9486-4122-ba4d-44274a6904d6" testId="39116a4a-80db-ce36-d47f-ad7c599fcdc1" testName="AssignPanTiltValue_WhenValueJustBelowDeadzone_ShouldReturnJustBelowCenterValue" computerName="DKSR-EFI-06" duration="00:00:00.0001097" startTime="2024-01-09T15:47:43.6297126+01:00" endTime="2024-01-09T15:47:43.6299298+01:00" testType="13cdc9d9-ddb5-4fa4-a97d-d965ccfc6d4b" outcome="Passed" testListId="8c84fa94-04c1-424b-9868-57a2d4851a1d" relativeResultsDirectory="b8360d06-9486-4122-ba4d-44274a6904d6" />
    <UnitTestResult executionId="b1cb3d47-b2ab-4efc-9233-8fcebb78e78c" testId="e886f146-563d-6db0-f755-1724a8f2f2c8" testName="ActiveInteractionStateBinding_ShouldNotBeNull_WhenCtorIsCalled" computerName="DKSR-EFI-06" duration="00:00:00.0498976" startTime="2024-01-09T15:47:47.3486636+01:00" endTime="2024-01-09T15:47:47.4012952+01:00" testType="13cdc9d9-ddb5-4fa4-a97d-d965ccfc6d4b" outcome="Passed" testListId="8c84fa94-04c1-424b-9868-57a2d4851a1d" relativeResultsDirectory="b1cb3d47-b2ab-4efc-9233-8fcebb78e78c" />
    <UnitTestResult executionId="d3ef0650-098d-4cf8-af16-eca7f662f283" testId="35b5f995-b2f1-b0ad-4d21-7b40aa694ec8" testName="ClearSelectedCamerasCommand_NonEmptyList_ListCleared" computerName="DKSR-EFI-06" duration="00:00:00.0060468" startTime="2024-01-09T15:48:24.8067592+01:00" endTime="2024-01-09T15:48:24.8129520+01:00" testType="13cdc9d9-ddb5-4fa4-a97d-d965ccfc6d4b" outcome="Passed" testListId="8c84fa94-04c1-424b-9868-57a2d4851a1d" relativeResultsDirectory="d3ef0650-098d-4cf8-af16-eca7f662f283" />
    <UnitTestResult executionId="2d6b71da-4451-404b-99af-37a9b47d580b" testId="e55520ca-13b9-16e0-7c91-282920a34b8a" testName="IsBasicUser_ShouldReturnTrue_WhenConstructedUsingWindowsDefault" computerName="DKSR-EFI-06" duration="00:00:00.0001807" startTime="2024-01-09T15:47:43.3555011+01:00" endTime="2024-01-09T15:47:43.3558515+01:00" testType="13cdc9d9-ddb5-4fa4-a97d-d965ccfc6d4b" outcome="Passed" testListId="8c84fa94-04c1-424b-9868-57a2d4851a1d" relativeResultsDirectory="2d6b71da-4451-404b-99af-37a9b47d580b" />
    <UnitTestResult executionId="511af7e7-8cc7-4858-94ea-0b86d236a490" testId="597f2f58-81bb-4d82-b5c8-d8c0619f1925" testName="CameraSearch_ShouldBeRenewed_WhenSystemInformationChanges" computerName="DKSR-EFI-06" duration="00:00:00.0196481" startTime="2024-01-09T15:48:25.3714842+01:00" endTime="2024-01-09T15:48:25.3913099+01:00" testType="13cdc9d9-ddb5-4fa4-a97d-d965ccfc6d4b" outcome="Passed" testListId="8c84fa94-04c1-424b-9868-57a2d4851a1d" relativeResultsDirectory="511af7e7-8cc7-4858-94ea-0b86d236a490" />
    <UnitTestResult executionId="5191aa3d-b411-4841-a79c-4952ee50f664" testId="0eacc291-f328-de4d-1a1f-8a8b3e1cccd7" testName="OnUnloaded_ResultControl_ResultControlClosed" computerName="DKSR-EFI-06" duration="00:00:00.0075442" startTime="2024-01-09T15:47:54.7073395+01:00" endTime="2024-01-09T15:47:54.7178650+01:00" testType="13cdc9d9-ddb5-4fa4-a97d-d965ccfc6d4b" outcome="Passed" testListId="8c84fa94-04c1-424b-9868-57a2d4851a1d" relativeResultsDirectory="5191aa3d-b411-4841-a79c-4952ee50f664" />
    <UnitTestResult executionId="ecf8ef99-1630-4587-aaa5-b70c71b48cbb" testId="46dd7f69-3eb9-c12b-fd9e-271331372eba" testName="SupportsDoubleClick_ShouldBeFalse_WhenInteractionStateIsNotNormalAndInSetupMode" computerName="DKSR-EFI-06" duration="00:00:00.0187002" startTime="2024-01-09T15:47:47.9210889+01:00" endTime="2024-01-09T15:47:47.9422470+01:00" testType="13cdc9d9-ddb5-4fa4-a97d-d965ccfc6d4b" outcome="Passed" testListId="8c84fa94-04c1-424b-9868-57a2d4851a1d" relativeResultsDirectory="ecf8ef99-1630-4587-aaa5-b70c71b48cbb" />
    <UnitTestResult executionId="a75916ff-c787-4e13-b887-4e3161f035a9" testId="6c760899-d63e-372b-347e-f2aa62fff100" testName="Password 1 empty" computerName="DKSR-EFI-06" duration="00:00:00.0001540" startTime="2024-01-09T15:47:52.2170917+01:00" endTime="2024-01-09T15:47:52.2173863+01:00" testType="13cdc9d9-ddb5-4fa4-a97d-d965ccfc6d4b" outcome="Passed" testListId="8c84fa94-04c1-424b-9868-57a2d4851a1d" relativeResultsDirectory="a75916ff-c787-4e13-b887-4e3161f035a9" />
    <UnitTestResult executionId="898fe125-0b79-4bbe-bf7a-e8073e26dbb6" testId="03176de6-d0a5-5d83-9bd0-bdcb94c2ab49" testName="Compare_NullVsNotNull_GreaterThan" computerName="DKSR-EFI-06" duration="00:00:00.0001852" startTime="2024-01-09T15:48:26.7741751+01:00" endTime="2024-01-09T15:48:26.7744954+01:00" testType="13cdc9d9-ddb5-4fa4-a97d-d965ccfc6d4b" outcome="Passed" testListId="8c84fa94-04c1-424b-9868-57a2d4851a1d" relativeResultsDirectory="898fe125-0b79-4bbe-bf7a-e8073e26dbb6" />
    <UnitTestResult executionId="46f89e88-34e5-4039-a9af-fc6080f35780" testId="add54532-7e20-f473-1fef-d0865cc9a84b" testName="IncludeViewItemToggledEvent_ShouldRemoveViewItemFromIncludedViewItems_WhenIncludedIsFalseOnContentHolderControl" computerName="DKSR-EFI-06" duration="00:00:00.0091929" startTime="2024-01-09T15:48:49.5452550+01:00" endTime="2024-01-09T15:48:49.5586759+01:00" testType="13cdc9d9-ddb5-4fa4-a97d-d965ccfc6d4b" outcome="Passed" testListId="8c84fa94-04c1-424b-9868-57a2d4851a1d" relativeResultsDirectory="46f89e88-34e5-4039-a9af-fc6080f35780" />
    <UnitTestResult executionId="bceaf370-6262-4115-84d3-c0bc1b36d3b3" testId="1d5225e4-5ff0-424d-ae91-6d7aa1287493" testName="Deserialize_ShouldReportInvalidCombineType_WhenCombineTypeValueIsNotAnInteger" computerName="DKSR-EFI-06" duration="00:00:00.0005127" startTime="2024-01-09T15:48:26.8037289+01:00" endTime="2024-01-09T15:48:26.8043742+01:00" testType="13cdc9d9-ddb5-4fa4-a97d-d965ccfc6d4b" outcome="Passed" testListId="8c84fa94-04c1-424b-9868-57a2d4851a1d" relativeResultsDirectory="bceaf370-6262-4115-84d3-c0bc1b36d3b3" />
    <UnitTestResult executionId="dfd8339d-4e13-440c-a2e6-422a08883557" testId="1038d0a8-74b6-4dd8-b766-1b08a5e0b707" testName="MipItemsMapLayer_Loaded_Success" computerName="DKSR-EFI-06" duration="00:00:00.0075363" startTime="2024-01-09T15:48:38.7289700+01:00" endTime="2024-01-09T15:48:38.7366688+01:00" testType="13cdc9d9-ddb5-4fa4-a97d-d965ccfc6d4b" outcome="Passed" testListId="8c84fa94-04c1-424b-9868-57a2d4851a1d" relativeResultsDirectory="dfd8339d-4e13-440c-a2e6-422a08883557" />
    <UnitTestResult executionId="6113d371-4289-414d-ae68-cb86f9f83239" testId="52501ffb-ac7e-ad78-d1e0-6621a5b53480" testName="GetGisMapLayerFlyoutName_ShouldRaiseArgumentNullException_WhenOptionManagerIsNull" computerName="DKSR-EFI-06" duration="00:00:00.0002665" startTime="2024-01-09T15:48:42.9957182+01:00" endTime="2024-01-09T15:48:42.9961551+01:00" testType="13cdc9d9-ddb5-4fa4-a97d-d965ccfc6d4b" outcome="Passed" testListId="8c84fa94-04c1-424b-9868-57a2d4851a1d" relativeResultsDirectory="6113d371-4289-414d-ae68-cb86f9f83239" />
    <UnitTestResult executionId="0f7425d0-a181-45d8-bd16-556bd706e439" testId="9ef40f5e-38f9-a518-38bf-9ae97100aebe" testName="PatrollingStepListViewModel_DeleteStepCommand" computerName="DKSR-EFI-06" duration="00:00:00.0015446" startTime="2024-01-09T15:48:43.9616159+01:00" endTime="2024-01-09T15:48:43.9633732+01:00" testType="13cdc9d9-ddb5-4fa4-a97d-d965ccfc6d4b" outcome="Passed" testListId="8c84fa94-04c1-424b-9868-57a2d4851a1d" relativeResultsDirectory="0f7425d0-a181-45d8-bd16-556bd706e439" />
    <UnitTestResult executionId="6afa4a42-2043-4e0f-8b16-4ac6c60a750d" testId="4359d1f6-24c0-77e3-a295-f1f91acd7a66" testName="OutputItemsLayer_NotIsGeographic_Load_Success" computerName="DKSR-EFI-06" duration="00:00:00.0102664" startTime="2024-01-09T15:48:38.6985865+01:00" endTime="2024-01-09T15:48:38.7090149+01:00" testType="13cdc9d9-ddb5-4fa4-a97d-d965ccfc6d4b" outcome="Passed" testListId="8c84fa94-04c1-424b-9868-57a2d4851a1d" relativeResultsDirectory="6afa4a42-2043-4e0f-8b16-4ac6c60a750d" />
    <UnitTestResult executionId="620cf103-c7e0-4369-a8b0-8b286c4d6e76" testId="ac0bff77-e4ee-0120-d789-0cc06032e8d1" testName="CanMoreRegionsBeAdded_ShouldReturnFalse_WhenMaximumRegionsAllowedIsReached" computerName="DKSR-EFI-06" duration="00:00:00.0014654" startTime="2024-01-09T15:48:38.1039837+01:00" endTime="2024-01-09T15:48:38.1055893+01:00" testType="13cdc9d9-ddb5-4fa4-a97d-d965ccfc6d4b" outcome="Passed" testListId="8c84fa94-04c1-424b-9868-57a2d4851a1d" relativeResultsDirectory="620cf103-c7e0-4369-a8b0-8b286c4d6e76" />
    <UnitTestResult executionId="fd98313f-19ec-440e-bf30-9654ed4659d3" testId="708fbd07-d518-bb6a-de51-1d178c785f47" testName="Detach_ShouldRaiseArgumentNullException_WhenWindowIsNull" computerName="DKSR-EFI-06" duration="00:00:00.0005181" startTime="2024-01-09T15:47:44.3489591+01:00" endTime="2024-01-09T15:47:44.3521591+01:00" testType="13cdc9d9-ddb5-4fa4-a97d-d965ccfc6d4b" outcome="Passed" testListId="8c84fa94-04c1-424b-9868-57a2d4851a1d" relativeResultsDirectory="fd98313f-19ec-440e-bf30-9654ed4659d3" />
    <UnitTestResult executionId="f36f1474-f44f-486a-93d9-a458dc370135" testId="36554cb2-1edf-a642-dc86-4d6ff7ede95e" testName="PatrollingStepListViewModel_Constructor_Success" computerName="DKSR-EFI-06" duration="00:00:00.0023341" startTime="2024-01-09T15:48:43.9411580+01:00" endTime="2024-01-09T15:48:43.9437883+01:00" testType="13cdc9d9-ddb5-4fa4-a97d-d965ccfc6d4b" outcome="Passed" testListId="8c84fa94-04c1-424b-9868-57a2d4851a1d" relativeResultsDirectory="f36f1474-f44f-486a-93d9-a458dc370135" />
    <UnitTestResult executionId="3f272be3-f5c6-480e-b23a-38b7f0cf9d7e" testId="2618920c-aa56-2790-77ca-5dcd9d1e0fd1" testName="SearchCriteriaChanged_ActiveSearchResults_SearchRestartedAndResultsCleared" computerName="DKSR-EFI-06" duration="00:00:00.0083673" startTime="2024-01-09T15:48:26.4122881+01:00" endTime="2024-01-09T15:48:26.4208164+01:00" testType="13cdc9d9-ddb5-4fa4-a97d-d965ccfc6d4b" outcome="Passed" testListId="8c84fa94-04c1-424b-9868-57a2d4851a1d" relativeResultsDirectory="3f272be3-f5c6-480e-b23a-38b7f0cf9d7e" />
    <UnitTestResult executionId="03d7eb87-634a-43d8-bd4b-fa57a1ba0c5b" testId="15dcfbd5-f39d-5642-bf0e-0d9eb38e85f1" testName="PatrollingProfileListViewModel_Constructor_Success" computerName="DKSR-EFI-06" duration="00:00:00.0223459" startTime="2024-01-09T15:48:43.7990643+01:00" endTime="2024-01-09T15:48:43.8217152+01:00" testType="13cdc9d9-ddb5-4fa4-a97d-d965ccfc6d4b" outcome="Passed" testListId="8c84fa94-04c1-424b-9868-57a2d4851a1d" relativeResultsDirectory="03d7eb87-634a-43d8-bd4b-fa57a1ba0c5b" />
    <UnitTestResult executionId="9b338579-14fc-4dd3-95ec-8a8e38189405" testId="ea8f64f7-705b-0857-7b53-590a46740227" testName="AddSelectedCameras_TooManyCamerasSingle_AddedUntilMaxAndWarningMessageDisplayed" computerName="DKSR-EFI-06" duration="00:00:00.0303864" startTime="2024-01-09T15:48:23.9719994+01:00" endTime="2024-01-09T15:48:24.0025692+01:00" testType="13cdc9d9-ddb5-4fa4-a97d-d965ccfc6d4b" outcome="Passed" testListId="8c84fa94-04c1-424b-9868-57a2d4851a1d" relativeResultsDirectory="9b338579-14fc-4dd3-95ec-8a8e38189405" />
    <UnitTestResult executionId="7f9807c8-bed4-4137-ad8e-828df65876ea" testId="af2fff69-ede4-2bff-61e9-6a132589f2de" testName="ComparerSet_SameValue_NoEventFired" computerName="DKSR-EFI-06" duration="00:00:00.0146646" startTime="2024-01-09T15:48:26.5788800+01:00" endTime="2024-01-09T15:48:26.5939260+01:00" testType="13cdc9d9-ddb5-4fa4-a97d-d965ccfc6d4b" outcome="Passed" testListId="8c84fa94-04c1-424b-9868-57a2d4851a1d" relativeResultsDirectory="7f9807c8-bed4-4137-ad8e-828df65876ea" />
    <UnitTestResult executionId="5aa6e89a-c15a-47e9-9c32-35381ada6d9e" testId="001c0c93-73e4-b3d7-1e2b-249f259f59d0" testName="TestForAssemblyCoverage" computerName="DKSR-EFI-06" duration="00:00:00.0002133" startTime="2024-01-09T15:47:43.6311003+01:00" endTime="2024-01-09T15:47:43.6315069+01:00" testType="13cdc9d9-ddb5-4fa4-a97d-d965ccfc6d4b" outcome="Passed" testListId="8c84fa94-04c1-424b-9868-57a2d4851a1d" relativeResultsDirectory="5aa6e89a-c15a-47e9-9c32-35381ada6d9e" />
    <UnitTestResult executionId="c683d805-30e0-4e12-94e1-3eadf9468e4d" testId="2a4a8a87-4dad-d886-826d-05e25ab2a6a2" testName="AddToExportTuples_ShouldReturnCorrectResult (0,5,5)" computerName="DKSR-EFI-06" duration="00:00:00.0069041" startTime="2024-01-09T15:48:45.3309844+01:00" endTime="2024-01-09T15:48:45.3380776+01:00" testType="13cdc9d9-ddb5-4fa4-a97d-d965ccfc6d4b" outcome="Passed" testListId="8c84fa94-04c1-424b-9868-57a2d4851a1d" relativeResultsDirectory="c683d805-30e0-4e12-94e1-3eadf9468e4d" />
    <UnitTestResult executionId="037e2d8d-f157-470d-a956-81b03ccf0cfe" testId="e9263aa8-347f-0f52-1f4b-0a131d318784" testName="HandleGetLayerFeatures_ShouldRaiseArgumentException_WhenNotCameraKind" computerName="DKSR-EFI-06" duration="00:00:00.0011329" startTime="2024-01-09T15:48:42.9286817+01:00" endTime="2024-01-09T15:48:42.9299861+01:00" testType="13cdc9d9-ddb5-4fa4-a97d-d965ccfc6d4b" outcome="Passed" testListId="8c84fa94-04c1-424b-9868-57a2d4851a1d" relativeResultsDirectory="037e2d8d-f157-470d-a956-81b03ccf0cfe" />
    <UnitTestResult executionId="f3df9b76-f580-4588-8ab4-218a687549f2" testId="bc3083b0-a3ea-e4f1-9c27-4c183b204440" testName="SearchAction_LiveMode" computerName="DKSR-EFI-06" duration="00:00:00.0085023" startTime="2024-01-09T15:48:49.6341807+01:00" endTime="2024-01-09T15:48:49.6428423+01:00" testType="13cdc9d9-ddb5-4fa4-a97d-d965ccfc6d4b" outcome="Passed" testListId="8c84fa94-04c1-424b-9868-57a2d4851a1d" relativeResultsDirectory="f3df9b76-f580-4588-8ab4-218a687549f2" />
    <UnitTestResult executionId="338fd020-7cd2-4459-8153-5791e22924fb" testId="3d676a9f-bbcb-bc89-c504-7e67ca06500e" testName="ActiveIncomingMicrophones_ShouldHave_NoMicrophonesWhenMicrophoneIsMuted" computerName="DKSR-EFI-06" duration="00:00:00.0073926" startTime="2024-01-09T15:48:39.9033596+01:00" endTime="2024-01-09T15:48:39.9109327+01:00" testType="13cdc9d9-ddb5-4fa4-a97d-d965ccfc6d4b" outcome="Passed" testListId="8c84fa94-04c1-424b-9868-57a2d4851a1d" relativeResultsDirectory="338fd020-7cd2-4459-8153-5791e22924fb" />
    <UnitTestResult executionId="b86345c8-9314-4d02-895b-8acb235f5206" testId="d628b9e8-ecd7-5880-2e1a-54156c671e9a" testName="GetLayerFeatures_ShouldReturnOutputLayerFeaturesBasedOnOutputItemsMapLayer_WhenOutputKind" computerName="DKSR-EFI-06" duration="00:00:00.0018932" startTime="2024-01-09T15:48:43.0533938+01:00" endTime="2024-01-09T15:48:43.0554370+01:00" testType="13cdc9d9-ddb5-4fa4-a97d-d965ccfc6d4b" outcome="Passed" testListId="8c84fa94-04c1-424b-9868-57a2d4851a1d" relativeResultsDirectory="b86345c8-9314-4d02-895b-8acb235f5206" />
    <UnitTestResult executionId="c508394c-e314-468d-98d2-9899636710c3" testId="4bc203d8-dd85-c0c7-a002-24dc9564ca84" testName="HandleGetLayerFeatures_ShouldReturnInputLayerFeatures_WhenInputKind" computerName="DKSR-EFI-06" duration="00:00:00.0011037" startTime="2024-01-09T15:48:42.9407023+01:00" endTime="2024-01-09T15:48:42.9419496+01:00" testType="13cdc9d9-ddb5-4fa4-a97d-d965ccfc6d4b" outcome="Passed" testListId="8c84fa94-04c1-424b-9868-57a2d4851a1d" relativeResultsDirectory="c508394c-e314-468d-98d2-9899636710c3" />
    <UnitTestResult executionId="9e80d9e3-ae57-4ecd-a24c-970a7791c0f4" testId="ed8d77e0-76a5-81b3-8198-30c2ee7d220a" testName="TestChangeProperties_Name_Success" computerName="DKSR-EFI-06" duration="00:00:00.0055585" startTime="2024-01-09T15:48:38.2035756+01:00" endTime="2024-01-09T15:48:38.2092704+01:00" testType="13cdc9d9-ddb5-4fa4-a97d-d965ccfc6d4b" outcome="Passed" testListId="8c84fa94-04c1-424b-9868-57a2d4851a1d" relativeResultsDirectory="9e80d9e3-ae57-4ecd-a24c-970a7791c0f4" />
    <UnitTestResult executionId="727af00a-e555-4d13-b498-120479c8308d" testId="1f280893-1f72-6f45-77a3-2457f07e9bd2" testName="ResolveSearchDefinitions_ShouldReturnResultSearchDefinition_WhenCombinedSearchResultWithSingleSubResultAndSearchDefinitionsNotContainingCorrectSearchDefinitionsAreGiven" computerName="DKSR-EFI-06" duration="00:00:00.0005472" startTime="2024-01-09T15:48:26.0005588+01:00" endTime="2024-01-09T15:48:26.0012474+01:00" testType="13cdc9d9-ddb5-4fa4-a97d-d965ccfc6d4b" outcome="Passed" testListId="8c84fa94-04c1-424b-9868-57a2d4851a1d" relativeResultsDirectory="727af00a-e555-4d13-b498-120479c8308d" />
    <UnitTestResult executionId="a48b70e3-8db7-498c-87cf-284b546da73c" testId="dc622a34-8cc7-4600-a4f3-cf01b26ced88" testName="GetSubGroup_NewUser" computerName="DKSR-EFI-06" duration="00:00:00.0004000" startTime="2024-01-09T15:47:43.3152514+01:00" endTime="2024-01-09T15:47:43.3158064+01:00" testType="13cdc9d9-ddb5-4fa4-a97d-d965ccfc6d4b" outcome="Passed" testListId="8c84fa94-04c1-424b-9868-57a2d4851a1d" relativeResultsDirectory="a48b70e3-8db7-498c-87cf-284b546da73c" />
    <UnitTestResult executionId="daf11016-00d2-4563-a09d-7cd908b78020" testId="232f8949-7296-2b4c-d535-61493d92276d" testName="BuildContentOptions_ShouldReturnCorrectTimeSpan" computerName="DKSR-EFI-06" duration="00:00:00.0007079" startTime="2024-01-09T15:48:51.5721069+01:00" endTime="2024-01-09T15:48:51.5729425+01:00" testType="13cdc9d9-ddb5-4fa4-a97d-d965ccfc6d4b" outcome="Passed" testListId="8c84fa94-04c1-424b-9868-57a2d4851a1d" relativeResultsDirectory="daf11016-00d2-4563-a09d-7cd908b78020" />
    <UnitTestResult executionId="cc7a858d-1557-48d8-a0ed-4a4a81d1fb2b" testId="8d265b40-4d86-0fef-5f08-51df41bf9c7a" testName="ConvertBack_ShouldAlwaysThrowException" computerName="DKSR-EFI-06" duration="00:00:00.0011603" startTime="2024-01-09T15:47:43.4581055+01:00" endTime="2024-01-09T15:47:43.4615590+01:00" testType="13cdc9d9-ddb5-4fa4-a97d-d965ccfc6d4b" outcome="Passed" testListId="8c84fa94-04c1-424b-9868-57a2d4851a1d" relativeResultsDirectory="cc7a858d-1557-48d8-a0ed-4a4a81d1fb2b" />
    <UnitTestResult executionId="225556f0-e67c-463c-b13f-aa89e3d6d6bd" testId="2b8f6313-6f64-c487-2e4c-3d07b5bd4159" testName="GetCredential_ShouldReturnContainedWindowsCredentials_WhenUriAndAuthTypeAreNotNull" computerName="DKSR-EFI-06" duration="00:00:00.0001574" startTime="2024-01-09T15:47:43.3608261+01:00" endTime="2024-01-09T15:47:43.3610921+01:00" testType="13cdc9d9-ddb5-4fa4-a97d-d965ccfc6d4b" outcome="Passed" testListId="8c84fa94-04c1-424b-9868-57a2d4851a1d" relativeResultsDirectory="225556f0-e67c-463c-b13f-aa89e3d6d6bd" />
    <UnitTestResult executionId="696c22b9-614b-42fd-9e30-237e47087807" testId="ed35a7f0-03d4-ea75-0507-862afb897619" testName="RemoveAttributeValueCommand_NotNullValue_AttributeValueCleared" computerName="DKSR-EFI-06" duration="00:00:00.0011059" startTime="2024-01-09T15:48:22.4145186+01:00" endTime="2024-01-09T15:48:22.4157608+01:00" testType="13cdc9d9-ddb5-4fa4-a97d-d965ccfc6d4b" outcome="Passed" testListId="8c84fa94-04c1-424b-9868-57a2d4851a1d" relativeResultsDirectory="696c22b9-614b-42fd-9e30-237e47087807" />
    <UnitTestResult executionId="d904cfc9-9bde-4f01-9d9e-91a8c42fd623" testId="a45efc73-9982-c081-715a-b39f84b6a0cd" testName="OpenEditAndChangeAttributeValue_ValidChange_EditValueUpdated" computerName="DKSR-EFI-06" duration="00:00:00.0121569" startTime="2024-01-09T15:48:22.3422219+01:00" endTime="2024-01-09T15:48:22.3568616+01:00" testType="13cdc9d9-ddb5-4fa4-a97d-d965ccfc6d4b" outcome="Passed" testListId="8c84fa94-04c1-424b-9868-57a2d4851a1d" relativeResultsDirectory="d904cfc9-9bde-4f01-9d9e-91a8c42fd623" />
    <UnitTestResult executionId="cd0502b3-d525-45f6-9b03-b2c26f1f6e9f" testId="361fc6c6-0e8b-67f9-3bea-df214e20d9d1" testName="GetLayerVisibilityItemsData_ShouldAddTwoToggleableVisibilityItemData_WhenAnyDeviceMapLayerIsProvided" computerName="DKSR-EFI-06" duration="00:00:00.0029212" startTime="2024-01-09T15:47:45.8739021+01:00" endTime="2024-01-09T15:47:45.8769677+01:00" testType="13cdc9d9-ddb5-4fa4-a97d-d965ccfc6d4b" outcome="Passed" testListId="8c84fa94-04c1-424b-9868-57a2d4851a1d" relativeResultsDirectory="cd0502b3-d525-45f6-9b03-b2c26f1f6e9f" />
    <UnitTestResult executionId="c4dbf283-aa7b-4790-8210-f8ee146ca4c9" testId="a90fcb60-5904-342b-4fdf-2acce1eecc2f" testName="Deserialize_ShouldReportInvalidCombineType_WhenCombineTypeValueIsNotInEnumeration" computerName="DKSR-EFI-06" duration="00:00:00.0005340" startTime="2024-01-09T15:48:26.8048146+01:00" endTime="2024-01-09T15:48:26.8054818+01:00" testType="13cdc9d9-ddb5-4fa4-a97d-d965ccfc6d4b" outcome="Passed" testListId="8c84fa94-04c1-424b-9868-57a2d4851a1d" relativeResultsDirectory="c4dbf283-aa7b-4790-8210-f8ee146ca4c9" />
    <UnitTestResult executionId="ff01ca53-7fe6-4b11-8cea-96a2fdd8bf8a" testId="432a45cf-3feb-7030-7c65-5254973ebb20" testName="AddSelectedCameras_WithActiveSearchTemplateAndValidCamera_ActiveSearchTemplateModifiedSet" computerName="DKSR-EFI-06" duration="00:00:00.0168119" startTime="2024-01-09T15:48:23.9463455+01:00" endTime="2024-01-09T15:48:23.9633547+01:00" testType="13cdc9d9-ddb5-4fa4-a97d-d965ccfc6d4b" outcome="Passed" testListId="8c84fa94-04c1-424b-9868-57a2d4851a1d" relativeResultsDirectory="ff01ca53-7fe6-4b11-8cea-96a2fdd8bf8a" />
    <UnitTestResult executionId="093462fe-b950-46e5-8526-286016881f2a" testId="f8f5c82b-0b68-e133-2fe6-a6f0cc722426" testName="Password1 valid, Password 2 invalid, shorter length" computerName="DKSR-EFI-06" duration="00:00:00.0012086" startTime="2024-01-09T15:47:52.2100204+01:00" endTime="2024-01-09T15:47:52.2114849+01:00" testType="13cdc9d9-ddb5-4fa4-a97d-d965ccfc6d4b" outcome="Passed" testListId="8c84fa94-04c1-424b-9868-57a2d4851a1d" relativeResultsDirectory="093462fe-b950-46e5-8526-286016881f2a" />
    <UnitTestResult executionId="c34df004-04f2-40c8-918f-a67ef2058531" testId="d1eb0766-e5d9-4c32-2713-e353a5504dcf" testName="ToDenormalizedDirection_1_0" computerName="DKSR-EFI-06" duration="00:00:00.0000781" startTime="2024-01-09T15:48:38.6342986+01:00" endTime="2024-01-09T15:48:38.6344931+01:00" testType="13cdc9d9-ddb5-4fa4-a97d-d965ccfc6d4b" outcome="Passed" testListId="8c84fa94-04c1-424b-9868-57a2d4851a1d" relativeResultsDirectory="c34df004-04f2-40c8-918f-a67ef2058531" />
    <UnitTestResult executionId="a3cbc180-22a5-489e-8821-ba857692fc10" testId="20d15238-c18d-570b-67ce-21919cbfc0d7" testName="Both enabled, forced" computerName="DKSR-EFI-06" duration="00:00:00.0054428" startTime="2024-01-09T15:47:51.3825948+01:00" endTime="2024-01-09T15:47:51.3882869+01:00" testType="13cdc9d9-ddb5-4fa4-a97d-d965ccfc6d4b" outcome="Passed" testListId="8c84fa94-04c1-424b-9868-57a2d4851a1d" relativeResultsDirectory="a3cbc180-22a5-489e-8821-ba857692fc10" />
    <UnitTestResult executionId="05a033ee-b79d-4a0d-b0e9-589d1dacd27e" testId="f655cfd1-db07-f37a-bdd0-c0091f35a2db" testName="SmartMapGoToPositionHandler_WhenWindowIdDoesNotMatch_ShouldDoNothing" computerName="DKSR-EFI-06" duration="00:00:00.0025653" startTime="2024-01-09T15:47:49.6776071+01:00" endTime="2024-01-09T15:47:49.6802822+01:00" testType="13cdc9d9-ddb5-4fa4-a97d-d965ccfc6d4b" outcome="Passed" testListId="8c84fa94-04c1-424b-9868-57a2d4851a1d" relativeResultsDirectory="05a033ee-b79d-4a0d-b0e9-589d1dacd27e" />
    <UnitTestResult executionId="b9784639-040f-4315-a0d4-07d721611160" testId="d7ec089c-29ea-169c-5410-9af8ec475d2d" testName="PopulateTooltip_FewResultsFromManyCameras24Hours_ValidText" computerName="DKSR-EFI-06" duration="00:00:00.1998572" startTime="2024-01-09T15:48:19.3807668+01:00" endTime="2024-01-09T15:48:19.5836113+01:00" testType="13cdc9d9-ddb5-4fa4-a97d-d965ccfc6d4b" outcome="Passed" testListId="8c84fa94-04c1-424b-9868-57a2d4851a1d" relativeResultsDirectory="b9784639-040f-4315-a0d4-07d721611160" />
    <UnitTestResult executionId="122bac00-1c56-41ee-a060-61d381dcc7b2" testId="01c01ca3-1cfc-215a-ffeb-b8e6d0ef2e1f" testName="Dispose_Success" computerName="DKSR-EFI-06" duration="00:00:00.0008202" startTime="2024-01-09T15:48:22.3847424+01:00" endTime="2024-01-09T15:48:22.3857108+01:00" testType="13cdc9d9-ddb5-4fa4-a97d-d965ccfc6d4b" outcome="Passed" testListId="8c84fa94-04c1-424b-9868-57a2d4851a1d" relativeResultsDirectory="122bac00-1c56-41ee-a060-61d381dcc7b2" />
    <UnitTestResult executionId="61d1d064-b815-40c4-ad2d-24e7a69955a1" testId="2e1f1a04-832c-f244-dd8a-e5aa199150f1" testName="SetSelectedDuration_CustomInterval_CustomIntervalOpenSet" computerName="DKSR-EFI-06" duration="00:00:00.0064146" startTime="2024-01-09T15:48:24.8317486+01:00" endTime="2024-01-09T15:48:24.8383212+01:00" testType="13cdc9d9-ddb5-4fa4-a97d-d965ccfc6d4b" outcome="Passed" testListId="8c84fa94-04c1-424b-9868-57a2d4851a1d" relativeResultsDirectory="61d1d064-b815-40c4-ad2d-24e7a69955a1" />
    <UnitTestResult executionId="057a2414-e5a0-4d90-bb07-68564c5fa5cb" testId="d15a2abd-55c2-7d70-0462-a973f8ec2ac3" testName="OpenStreetMapLayer_IsGeographic_Save_Success" computerName="DKSR-EFI-06" duration="00:00:00.0077638" startTime="2024-01-09T15:48:38.7617984+01:00" endTime="2024-01-09T15:48:38.7697217+01:00" testType="13cdc9d9-ddb5-4fa4-a97d-d965ccfc6d4b" outcome="Passed" testListId="8c84fa94-04c1-424b-9868-57a2d4851a1d" relativeResultsDirectory="057a2414-e5a0-4d90-bb07-68564c5fa5cb" />
    <UnitTestResult executionId="8734c8be-f81a-420d-bb42-59ccf44f463f" testId="ba03e836-1476-7d35-ae0b-6b2da7f85509" testName="Compare_ShouldPrioritizeCombinedResultsWithMostSearchCategories_WhenResultsDoNotMatchTheSameNumberOfCategories" computerName="DKSR-EFI-06" duration="00:00:00.0005607" startTime="2024-01-09T15:48:26.7674459+01:00" endTime="2024-01-09T15:48:26.7681357+01:00" testType="13cdc9d9-ddb5-4fa4-a97d-d965ccfc6d4b" outcome="Passed" testListId="8c84fa94-04c1-424b-9868-57a2d4851a1d" relativeResultsDirectory="8734c8be-f81a-420d-bb42-59ccf44f463f" />
    <UnitTestResult executionId="6862f45a-1535-4768-a336-c1bc2a714e10" testId="d075e987-3000-b723-e176-5d1d494fc6f2" testName="ApplyStatesToUi_StateWithoutItemSize_UpdateItemSizeNotCalled" computerName="DKSR-EFI-06" duration="00:00:00.6892321" startTime="2024-01-09T15:48:01.7917308+01:00" endTime="2024-01-09T15:48:02.4839281+01:00" testType="13cdc9d9-ddb5-4fa4-a97d-d965ccfc6d4b" outcome="Passed" testListId="8c84fa94-04c1-424b-9868-57a2d4851a1d" relativeResultsDirectory="6862f45a-1535-4768-a336-c1bc2a714e10" />
    <UnitTestResult executionId="bb1cf018-3614-4587-a66d-8d0c8208ed72" testId="9fe32e3c-1f4e-e7ac-2652-a48159917634" testName="UpdateScope_ItemsChangedButSameCollectionSize_ReturnsTrue" computerName="DKSR-EFI-06" duration="00:00:00.0005364" startTime="2024-01-09T15:48:26.6699379+01:00" endTime="2024-01-09T15:48:26.6706026+01:00" testType="13cdc9d9-ddb5-4fa4-a97d-d965ccfc6d4b" outcome="Passed" testListId="8c84fa94-04c1-424b-9868-57a2d4851a1d" relativeResultsDirectory="bb1cf018-3614-4587-a66d-8d0c8208ed72" />
    <UnitTestResult executionId="3fcf1b7d-72e5-4548-80c1-890db3af965b" testId="149b064f-9ac3-44fb-3775-5acbf6f1cace" testName="TestConstructor_EmptyPolygon_Success" computerName="DKSR-EFI-06" duration="00:00:00.0002433" startTime="2024-01-09T15:48:39.8562282+01:00" endTime="2024-01-09T15:48:39.8566898+01:00" testType="13cdc9d9-ddb5-4fa4-a97d-d965ccfc6d4b" outcome="Passed" testListId="8c84fa94-04c1-424b-9868-57a2d4851a1d" relativeResultsDirectory="3fcf1b7d-72e5-4548-80c1-890db3af965b" />
    <UnitTestResult executionId="58840a1c-a587-45c3-947e-982e29c74cb2" testId="949114ce-b635-6899-abf2-c4e97a411c85" testName="ConvertBack_ShouldReturnTheParameterInteractionState_WhenValueIsTrueAndParameterIsAnInteractionState" computerName="DKSR-EFI-06" duration="00:00:00.0001964" startTime="2024-01-09T15:47:44.4198605+01:00" endTime="2024-01-09T15:47:44.4201793+01:00" testType="13cdc9d9-ddb5-4fa4-a97d-d965ccfc6d4b" outcome="Passed" testListId="8c84fa94-04c1-424b-9868-57a2d4851a1d" relativeResultsDirectory="58840a1c-a587-45c3-947e-982e29c74cb2" />
    <UnitTestResult executionId="e9dc7091-6e6c-424b-8b0a-fa510774ea16" testId="dda1789b-98bf-2ab4-b6fb-aff5b89b7425" testName="HandleGetLayerFeatures_ShouldReturnCameraLayerFeatures_WhenCameraKind" computerName="DKSR-EFI-06" duration="00:00:00.0009719" startTime="2024-01-09T15:48:42.9270924+01:00" endTime="2024-01-09T15:48:42.9282280+01:00" testType="13cdc9d9-ddb5-4fa4-a97d-d965ccfc6d4b" outcome="Passed" testListId="8c84fa94-04c1-424b-9868-57a2d4851a1d" relativeResultsDirectory="e9dc7091-6e6c-424b-8b0a-fa510774ea16" />
    <UnitTestResult executionId="0fd88b86-3906-4e4c-bd55-a3991e4bbb6b" testId="38ec599c-8886-9abd-0e90-9384d2644f53" testName="PatrollingProfileListViewModel_CanExecuteAddProfile" computerName="DKSR-EFI-06" duration="00:00:00.0011634" startTime="2024-01-09T15:48:43.8531016+01:00" endTime="2024-01-09T15:48:43.8544025+01:00" testType="13cdc9d9-ddb5-4fa4-a97d-d965ccfc6d4b" outcome="Passed" testListId="8c84fa94-04c1-424b-9868-57a2d4851a1d" relativeResultsDirectory="0fd88b86-3906-4e4c-bd55-a3991e4bbb6b" />
    <UnitTestResult executionId="0803c275-4086-4e5a-acb1-2e2c81810a7f" testId="c31b76c8-61cb-842b-101d-3527fdf73529" testName="MakeId_ShouldGenerateUniqueId_WhenTwoDefinitionsGenerateSameResultIds" computerName="DKSR-EFI-06" duration="00:00:00.0006237" startTime="2024-01-09T15:48:26.7224175+01:00" endTime="2024-01-09T15:48:26.7232919+01:00" testType="13cdc9d9-ddb5-4fa4-a97d-d965ccfc6d4b" outcome="Passed" testListId="8c84fa94-04c1-424b-9868-57a2d4851a1d" relativeResultsDirectory="0803c275-4086-4e5a-acb1-2e2c81810a7f" />
    <UnitTestResult executionId="10469667-a967-4d1f-82f7-d2ed5fd0c859" testId="5b36a0fc-0af7-9466-52bd-af4aae9184ca" testName="Constructor_ShouldRaiseArgumentNullException_WhenGisMapViewModelInteractionStateControllerIsNull" computerName="DKSR-EFI-06" duration="00:00:00.0089067" startTime="2024-01-09T15:47:44.9354025+01:00" endTime="2024-01-09T15:47:44.9471368+01:00" testType="13cdc9d9-ddb5-4fa4-a97d-d965ccfc6d4b" outcome="Passed" testListId="8c84fa94-04c1-424b-9868-57a2d4851a1d" relativeResultsDirectory="10469667-a967-4d1f-82f7-d2ed5fd0c859" />
    <UnitTestResult executionId="e1b07b26-dffd-4c85-8af9-37e8d509252b" testId="071ac8b1-07a6-4ae6-7403-5c16e58426a3" testName="Connect_SucceedeInConnectingWithBasicUser_ShouldReturnTrue" computerName="DKSR-EFI-06" duration="00:00:00.0008585" startTime="2024-01-09T15:47:40.9420473+01:00" endTime="2024-01-09T15:47:40.9430294+01:00" testType="13cdc9d9-ddb5-4fa4-a97d-d965ccfc6d4b" outcome="Passed" testListId="8c84fa94-04c1-424b-9868-57a2d4851a1d" relativeResultsDirectory="e1b07b26-dffd-4c85-8af9-37e8d509252b" />
    <UnitTestResult executionId="af8cbdd7-b373-4384-af13-7bbad41b73b7" testId="54a7733a-514e-04cf-6d1f-91eeef43fa83" testName="PtzSessionControllerInfo_TimeChangedTest_Argument_Null_2" computerName="DKSR-EFI-06" duration="00:00:00.0003399" startTime="2024-01-09T15:47:43.2122951+01:00" endTime="2024-01-09T15:47:43.2127814+01:00" testType="13cdc9d9-ddb5-4fa4-a97d-d965ccfc6d4b" outcome="Passed" testListId="8c84fa94-04c1-424b-9868-57a2d4851a1d" relativeResultsDirectory="af8cbdd7-b373-4384-af13-7bbad41b73b7" />
    <UnitTestResult executionId="a45ae52c-fee6-4e13-a10f-c151d85c83dc" testId="8fad5930-640a-f193-8986-d1e8191830e2" testName="PatrollingProfileViewModelTest_IsInEditMode_IsNotInEditMode_Set" computerName="DKSR-EFI-06" duration="00:00:00.0020614" startTime="2024-01-09T15:48:43.9084485+01:00" endTime="2024-01-09T15:48:43.9106586+01:00" testType="13cdc9d9-ddb5-4fa4-a97d-d965ccfc6d4b" outcome="Passed" testListId="8c84fa94-04c1-424b-9868-57a2d4851a1d" relativeResultsDirectory="a45ae52c-fee6-4e13-a10f-c151d85c83dc" />
    <UnitTestResult executionId="ab1f08d9-1f8d-4430-bee2-0b0c1f4267b9" testId="93642e15-5690-c906-3db0-8d1d5502773a" testName="SearchDefinitionSearchLogic_ValidateBehaviour" computerName="DKSR-EFI-06" duration="00:00:00.0285675" startTime="2024-01-09T15:48:26.3234560+01:00" endTime="2024-01-09T15:48:26.3521808+01:00" testType="13cdc9d9-ddb5-4fa4-a97d-d965ccfc6d4b" outcome="Passed" testListId="8c84fa94-04c1-424b-9868-57a2d4851a1d" relativeResultsDirectory="ab1f08d9-1f8d-4430-bee2-0b0c1f4267b9" />
    <UnitTestResult executionId="75844460-6141-4e72-af17-309b11c965b0" testId="fd527641-542a-2899-2dcd-c9ca191cdf52" testName="GetUnmutedMicrophoneIconId_ShouldRaiseArgumentException_WhenArgumentIsNotAMutedMicrophoneIconId" computerName="DKSR-EFI-06" duration="00:00:00.0002976" startTime="2024-01-09T15:48:40.8231016+01:00" endTime="2024-01-09T15:48:40.8235876+01:00" testType="13cdc9d9-ddb5-4fa4-a97d-d965ccfc6d4b" outcome="Passed" testListId="8c84fa94-04c1-424b-9868-57a2d4851a1d" relativeResultsDirectory="75844460-6141-4e72-af17-309b11c965b0" />
    <UnitTestResult executionId="ea4e37a0-c8a1-4efa-b933-6c21249ea540" testId="f19f66f7-3714-6457-44d8-9a0c3461226c" testName="Constructor_ShouldRaiseArgumentNullException_WhenNextDeviceDataHandlerIsNull" computerName="DKSR-EFI-06" duration="00:00:00.0059075" startTime="2024-01-09T15:47:50.5331188+01:00" endTime="2024-01-09T15:47:50.5392475+01:00" testType="13cdc9d9-ddb5-4fa4-a97d-d965ccfc6d4b" outcome="Passed" testListId="8c84fa94-04c1-424b-9868-57a2d4851a1d" relativeResultsDirectory="ea4e37a0-c8a1-4efa-b933-6c21249ea540" />
    <UnitTestResult executionId="b943fcf6-1d85-4a3e-84cc-9dcff43f2c58" testId="da74414c-6059-a1d1-7697-c9f6a432ab01" testName="UpdateAction_SingleAcceptedAndSingleRejected_EnabledAndAddSuffixToToolTip" computerName="DKSR-EFI-06" duration="00:00:00.0012913" startTime="2024-01-09T15:48:23.5595669+01:00" endTime="2024-01-09T15:48:23.5609900+01:00" testType="13cdc9d9-ddb5-4fa4-a97d-d965ccfc6d4b" outcome="Passed" testListId="8c84fa94-04c1-424b-9868-57a2d4851a1d" relativeResultsDirectory="b943fcf6-1d85-4a3e-84cc-9dcff43f2c58" />
    <UnitTestResult executionId="f9116157-271f-49af-8ffd-174e9fb6aecc" testId="9040b640-fe7c-9575-9486-622077ffb232" testName="Re_adding_cameras_with_no_RetentionCreate_rights_after_extending_retention_interval" computerName="DKSR-EFI-06" duration="00:00:00.0072027" startTime="2024-01-09T15:48:52.4806186+01:00" endTime="2024-01-09T15:48:52.4879532+01:00" testType="13cdc9d9-ddb5-4fa4-a97d-d965ccfc6d4b" outcome="Passed" testListId="8c84fa94-04c1-424b-9868-57a2d4851a1d" relativeResultsDirectory="f9116157-271f-49af-8ffd-174e9fb6aecc" />
    <UnitTestResult executionId="46bd210f-6ec4-4f81-8401-ab025c647207" testId="7f829730-4be6-05ca-a995-3feee848e3f2" testName="BuildContentOptions_ShouldReturnInternalTab (73576FEA-BD0E-43C4-AD9D-589FBE4DC29B,True)" computerName="DKSR-EFI-06" duration="00:00:00.0013179" startTime="2024-01-09T15:48:51.5674602+01:00" endTime="2024-01-09T15:48:51.5689353+01:00" testType="13cdc9d9-ddb5-4fa4-a97d-d965ccfc6d4b" outcome="Passed" testListId="8c84fa94-04c1-424b-9868-57a2d4851a1d" relativeResultsDirectory="46bd210f-6ec4-4f81-8401-ab025c647207" />
    <UnitTestResult executionId="66e1a84b-1ea8-488d-8700-62b25f138102" testId="b6fde623-a6bd-ca8b-1185-e73065d6312e" testName="SupportsDoubleClick_ShouldBeTrue_WhenInteractionStateIsNewDevice" computerName="DKSR-EFI-06" duration="00:00:00.0312004" startTime="2024-01-09T15:47:48.3564620+01:00" endTime="2024-01-09T15:47:48.3908177+01:00" testType="13cdc9d9-ddb5-4fa4-a97d-d965ccfc6d4b" outcome="Passed" testListId="8c84fa94-04c1-424b-9868-57a2d4851a1d" relativeResultsDirectory="66e1a84b-1ea8-488d-8700-62b25f138102" />
    <UnitTestResult executionId="2af63598-af4c-4e26-84c9-b6ac9be0b1e2" testId="788a6834-d7c6-3652-9af3-0c73bb9d6301" testName="GetIndexExtent_ZoomMin_WholeWorldIsCovered" computerName="DKSR-EFI-06" duration="00:00:00.0004489" startTime="2024-01-09T15:48:43.7030308+01:00" endTime="2024-01-09T15:48:43.7036291+01:00" testType="13cdc9d9-ddb5-4fa4-a97d-d965ccfc6d4b" outcome="Passed" testListId="8c84fa94-04c1-424b-9868-57a2d4851a1d" relativeResultsDirectory="2af63598-af4c-4e26-84c9-b6ac9be0b1e2" />
    <UnitTestResult executionId="bdcb917e-ddbf-4f9a-8882-a3ebe9e7dcc0" testId="b56ba348-15c5-c13d-2c63-319be0707c78" testName="TimeToStringConverter_ConvertBack_Fail" computerName="DKSR-EFI-06" duration="00:00:00.0008394" startTime="2024-01-09T15:48:10.3569813+01:00" endTime="2024-01-09T15:48:10.3579843+01:00" testType="13cdc9d9-ddb5-4fa4-a97d-d965ccfc6d4b" outcome="Passed" testListId="8c84fa94-04c1-424b-9868-57a2d4851a1d" relativeResultsDirectory="bdcb917e-ddbf-4f9a-8882-a3ebe9e7dcc0" />
    <UnitTestResult executionId="31f15073-894e-4903-91eb-494205959163" testId="a54693d6-edca-b2f0-c9d1-6e253deb3c9c" testName="SearchResultContainerView_OnItemActivated_SearchResultNotSelected" computerName="DKSR-EFI-06" duration="00:00:00.6578269" startTime="2024-01-09T15:47:56.8902429+01:00" endTime="2024-01-09T15:47:57.5513215+01:00" testType="13cdc9d9-ddb5-4fa4-a97d-d965ccfc6d4b" outcome="Passed" testListId="8c84fa94-04c1-424b-9868-57a2d4851a1d" relativeResultsDirectory="31f15073-894e-4903-91eb-494205959163" />
    <UnitTestResult executionId="ebfed487-09dc-46fe-b392-f756a2883197" testId="52b60312-f92a-489e-ac83-49b5962a1a66" testName="GetServerTiles_ShouldReturnCorrectServerTilesWithGroupTest" computerName="DKSR-EFI-06" duration="00:00:00.0028667" startTime="2024-01-09T15:48:47.0346010+01:00" endTime="2024-01-09T15:48:47.0376215+01:00" testType="13cdc9d9-ddb5-4fa4-a97d-d965ccfc6d4b" outcome="Passed" testListId="8c84fa94-04c1-424b-9868-57a2d4851a1d" relativeResultsDirectory="ebfed487-09dc-46fe-b392-f756a2883197" />
    <UnitTestResult executionId="29eadbfe-0bcc-49c3-8f51-47c73498dba9" testId="c4726943-b1e4-7dec-138b-79d3b9940013" testName="BoundingBoxNewLiveData" computerName="DKSR-EFI-06" duration="00:00:00.0041009" startTime="2024-01-09T15:48:46.2858040+01:00" endTime="2024-01-09T15:48:46.2900704+01:00" testType="13cdc9d9-ddb5-4fa4-a97d-d965ccfc6d4b" outcome="Passed" testListId="8c84fa94-04c1-424b-9868-57a2d4851a1d" relativeResultsDirectory="29eadbfe-0bcc-49c3-8f51-47c73498dba9" />
    <UnitTestResult executionId="e63d3238-78b2-437b-b65d-b8ab64ddd439" testId="a64a4521-eb75-1b0e-49ca-196652940e73" testName="ResolveSearchDefinitions_ShouldReturnResultSearchDefinition_WhenCombinedSearchResultWithMultipleSubResultAndSearchDefinitionsNotContainingCorrectSearchDefinitionsAreGiven" computerName="DKSR-EFI-06" duration="00:00:00.0006534" startTime="2024-01-09T15:48:26.0085081+01:00" endTime="2024-01-09T15:48:26.0092987+01:00" testType="13cdc9d9-ddb5-4fa4-a97d-d965ccfc6d4b" outcome="Passed" testListId="8c84fa94-04c1-424b-9868-57a2d4851a1d" relativeResultsDirectory="e63d3238-78b2-437b-b65d-b8ab64ddd439" />
    <UnitTestResult executionId="3eb82207-08f8-4132-8969-29f0c1eaf3dc" testId="6ee9d76c-102e-6b0c-a05d-d3b2cd96bee2" testName="ToMipSearchResultData_ShouldIncludeCorrectBoundingShapesFromAllSubResults" computerName="DKSR-EFI-06" duration="00:00:00.0071882" startTime="2024-01-09T15:48:26.6888273+01:00" endTime="2024-01-09T15:48:26.6961671+01:00" testType="13cdc9d9-ddb5-4fa4-a97d-d965ccfc6d4b" outcome="Passed" testListId="8c84fa94-04c1-424b-9868-57a2d4851a1d" relativeResultsDirectory="3eb82207-08f8-4132-8969-29f0c1eaf3dc" />
    <UnitTestResult executionId="7207ffe4-f8e9-48c3-8c89-13ef7621e18d" testId="5479df44-d54f-1884-c573-5213e20618b0" testName="MotionAreaInfosDto_ShouldYieldSameValues_WhenRoundTripConverted" computerName="DKSR-EFI-06" duration="00:00:00.0018661" startTime="2024-01-09T15:47:40.9881528+01:00" endTime="2024-01-09T15:47:40.9901247+01:00" testType="13cdc9d9-ddb5-4fa4-a97d-d965ccfc6d4b" outcome="Passed" testListId="8c84fa94-04c1-424b-9868-57a2d4851a1d" relativeResultsDirectory="7207ffe4-f8e9-48c3-8c89-13ef7621e18d" />
    <UnitTestResult executionId="34cb06dc-eeb3-4750-ae61-4c0e4f590022" testId="49758d16-90af-426b-1c8f-f4b8f8b9a8ad" testName="Constructor_ShouldRaiseArgumentNullException_WhenMapLayersIsNull" computerName="DKSR-EFI-06" duration="00:00:00.0010872" startTime="2024-01-09T15:47:45.9146879+01:00" endTime="2024-01-09T15:47:45.9161444+01:00" testType="13cdc9d9-ddb5-4fa4-a97d-d965ccfc6d4b" outcome="Passed" testListId="8c84fa94-04c1-424b-9868-57a2d4851a1d" relativeResultsDirectory="34cb06dc-eeb3-4750-ae61-4c0e4f590022" />
    <UnitTestResult executionId="e7b0a7d9-0825-4dfd-84cc-65971bf017af" testId="62a83c18-891b-449e-7f90-a5e43688fbf0" testName="TrySelectAvailableExportNameTest_ShouldNotDoInfiniteLoop_WhenValidateExportPathIsNotOk" computerName="DKSR-EFI-06" duration="00:00:00.0023287" startTime="2024-01-09T15:48:46.8795791+01:00" endTime="2024-01-09T15:48:46.8820458+01:00" testType="13cdc9d9-ddb5-4fa4-a97d-d965ccfc6d4b" outcome="Passed" testListId="8c84fa94-04c1-424b-9868-57a2d4851a1d" relativeResultsDirectory="e7b0a7d9-0825-4dfd-84cc-65971bf017af" />
    <UnitTestResult executionId="a82589b4-f5be-4035-90cb-673183200af0" testId="0e8eb8b8-1a42-be54-07c1-244508590add" testName="BuildingChangeProperty_Persisted_Success" computerName="DKSR-EFI-06" duration="00:00:00.0113911" startTime="2024-01-09T15:48:38.2227155+01:00" endTime="2024-01-09T15:48:38.2342489+01:00" testType="13cdc9d9-ddb5-4fa4-a97d-d965ccfc6d4b" outcome="Passed" testListId="8c84fa94-04c1-424b-9868-57a2d4851a1d" relativeResultsDirectory="a82589b4-f5be-4035-90cb-673183200af0" />
    <UnitTestResult executionId="064d2eef-ac1d-4a2e-bf8b-38abbf9f822a" testId="f5719a53-45a7-6c3f-5ed7-93d8143fc0a6" testName="GetOsmServerAddress_ShouldReturnAlternativeServerValue_WhenGeographicLayerIsAvailableAndAlternativeServerIsNotEmpty" computerName="DKSR-EFI-06" duration="00:00:00.0005781" startTime="2024-01-09T15:48:43.0156365+01:00" endTime="2024-01-09T15:48:43.0163512+01:00" testType="13cdc9d9-ddb5-4fa4-a97d-d965ccfc6d4b" outcome="Passed" testListId="8c84fa94-04c1-424b-9868-57a2d4851a1d" relativeResultsDirectory="064d2eef-ac1d-4a2e-bf8b-38abbf9f822a" />
    <UnitTestResult executionId="574edadd-d15e-4352-9e61-fcf89bdecb14" testId="c716e274-8d35-b2a1-4808-fe6779275a47" testName="ActiveInteractionStateBinding_ShouldNotBeNull_WhenCtorIsCalled" computerName="DKSR-EFI-06" duration="00:00:00.0181028" startTime="2024-01-09T15:47:47.8054571+01:00" endTime="2024-01-09T15:47:47.8263957+01:00" testType="13cdc9d9-ddb5-4fa4-a97d-d965ccfc6d4b" outcome="Passed" testListId="8c84fa94-04c1-424b-9868-57a2d4851a1d" relativeResultsDirectory="574edadd-d15e-4352-9e61-fcf89bdecb14" />
    <UnitTestResult executionId="070ee06d-bacb-4908-8e86-d86ced70126b" testId="a8baabf8-3dd2-5f04-30ff-1f9d2fc1237b" testName="GetPartialDiffBetweenDictionaries_ShouldReturnCorrectValues (System.Collections.Generic.Dictionary`2[System.String,System.String],System.Collections.Generic.Dictionary`2[System.String,System.String],System.Collections.Generic.Dictionary`2[System.String,System.String])" computerName="DKSR-EFI-06" duration="00:00:00.0001649" startTime="2024-01-09T15:48:51.6062700+01:00" endTime="2024-01-09T15:48:51.6066311+01:00" testType="13cdc9d9-ddb5-4fa4-a97d-d965ccfc6d4b" outcome="Passed" testListId="8c84fa94-04c1-424b-9868-57a2d4851a1d" relativeResultsDirectory="070ee06d-bacb-4908-8e86-d86ced70126b" />
    <UnitTestResult executionId="618c8bf6-381b-4ed1-9415-3b3530edc7fe" testId="95e53d06-c2c3-70e9-48e1-6d7859b93b61" testName="GetItemsFor_Building2Levels_Success" computerName="DKSR-EFI-06" duration="00:00:00.0475358" startTime="2024-01-09T15:48:43.3255556+01:00" endTime="2024-01-09T15:48:43.3733000+01:00" testType="13cdc9d9-ddb5-4fa4-a97d-d965ccfc6d4b" outcome="Passed" testListId="8c84fa94-04c1-424b-9868-57a2d4851a1d" relativeResultsDirectory="618c8bf6-381b-4ed1-9415-3b3530edc7fe" />
    <UnitTestResult executionId="b61b285c-466a-4479-8600-66dd0d45af4f" testId="3beeed46-879f-7c95-5996-20291cefba2d" testName="BindingModelNotEnabled_When_WorkspaceStateDoesNotMatchPlaceDefinition" computerName="DKSR-EFI-06" duration="00:00:00.0018123" startTime="2024-01-09T15:48:45.6410942+01:00" endTime="2024-01-09T15:48:45.6465877+01:00" testType="13cdc9d9-ddb5-4fa4-a97d-d965ccfc6d4b" outcome="Passed" testListId="8c84fa94-04c1-424b-9868-57a2d4851a1d" relativeResultsDirectory="b61b285c-466a-4479-8600-66dd0d45af4f" />
    <UnitTestResult executionId="cd7d0095-8b0d-43d1-964c-1144e5f50c86" testId="13732851-1316-f3ba-505c-1b7f66e1148d" testName="SmartSearchResultDto_ShouldYieldSameValues_WhenRoundTripConverted" computerName="DKSR-EFI-06" duration="00:00:00.0013701" startTime="2024-01-09T15:47:41.0067015+01:00" endTime="2024-01-09T15:47:41.0081738+01:00" testType="13cdc9d9-ddb5-4fa4-a97d-d965ccfc6d4b" outcome="Passed" testListId="8c84fa94-04c1-424b-9868-57a2d4851a1d" relativeResultsDirectory="cd7d0095-8b0d-43d1-964c-1144e5f50c86" />
    <UnitTestResult executionId="bbfb353e-27a3-4209-a53f-2987c6a03e12" testId="dd092419-abd8-e0ce-fcc9-f98f58bba7cb" testName="ShowPermissionDeniedStatusBarError_ShouldSendAMessage (0,0)" computerName="DKSR-EFI-06" duration="00:00:00.0014931" startTime="2024-01-09T15:48:45.5424932+01:00" endTime="2024-01-09T15:48:45.5441409+01:00" testType="13cdc9d9-ddb5-4fa4-a97d-d965ccfc6d4b" outcome="Passed" testListId="8c84fa94-04c1-424b-9868-57a2d4851a1d" relativeResultsDirectory="bbfb353e-27a3-4209-a53f-2987c6a03e12" />
    <UnitTestResult executionId="2d0a617b-4116-4da1-8e06-0a600a68391d" testId="cbd28a6e-603b-cdc1-8dd3-9bb5df99a9b4" testName="Compare_NullVsNull_Equals" computerName="DKSR-EFI-06" duration="00:00:00.0002835" startTime="2024-01-09T15:48:26.7731234+01:00" endTime="2024-01-09T15:48:26.7736554+01:00" testType="13cdc9d9-ddb5-4fa4-a97d-d965ccfc6d4b" outcome="Passed" testListId="8c84fa94-04c1-424b-9868-57a2d4851a1d" relativeResultsDirectory="2d0a617b-4116-4da1-8e06-0a600a68391d" />
    <UnitTestResult executionId="c74f17ae-b0d8-41b4-8cd8-8ba0df5ad748" testId="db0bdc8c-751d-0e6e-b46c-9ca8002153fd" testName="PtzPresetsMenuViewModel_PtzNotCotrolledTest" computerName="DKSR-EFI-06" duration="00:00:00.0015938" startTime="2024-01-09T15:48:49.5740166+01:00" endTime="2024-01-09T15:48:49.5757467+01:00" testType="13cdc9d9-ddb5-4fa4-a97d-d965ccfc6d4b" outcome="Passed" testListId="8c84fa94-04c1-424b-9868-57a2d4851a1d" relativeResultsDirectory="c74f17ae-b0d8-41b4-8cd8-8ba0df5ad748" />
    <UnitTestResult executionId="fb57b21f-4670-4e5e-b309-3f51c163778f" testId="37f14c37-5c5d-2aca-7f78-44d1e6498fe0" testName="SetIncludePartialResults_ShouldFireEvent_WhenNewValueApplied" computerName="DKSR-EFI-06" duration="00:00:00.0011165" startTime="2024-01-09T15:48:26.6521467+01:00" endTime="2024-01-09T15:48:26.6533960+01:00" testType="13cdc9d9-ddb5-4fa4-a97d-d965ccfc6d4b" outcome="Passed" testListId="8c84fa94-04c1-424b-9868-57a2d4851a1d" relativeResultsDirectory="fb57b21f-4670-4e5e-b309-3f51c163778f" />
    <UnitTestResult executionId="c6fdd831-5edb-4a16-88af-0ae98d842e9b" testId="ef6e5d44-4248-113e-0569-ec93691b2771" testName="ToDenormalizedFieldOfView_LesserThan0_0_Failure" computerName="DKSR-EFI-06" duration="00:00:00.0002112" startTime="2024-01-09T15:48:38.6389686+01:00" endTime="2024-01-09T15:48:38.6393272+01:00" testType="13cdc9d9-ddb5-4fa4-a97d-d965ccfc6d4b" outcome="Passed" testListId="8c84fa94-04c1-424b-9868-57a2d4851a1d" relativeResultsDirectory="c6fdd831-5edb-4a16-88af-0ae98d842e9b" />
    <UnitTestResult executionId="93528fa1-f922-4cdc-846f-1920eed6b645" testId="2696c9e3-385a-1f49-5d53-6a80871ac3fe" testName="SequenceTypeDto_ShouldYieldSameValues_WhenRoundTripConverted" computerName="DKSR-EFI-06" duration="00:00:00.0008486" startTime="2024-01-09T15:47:41.0053291+01:00" endTime="2024-01-09T15:47:41.0062813+01:00" testType="13cdc9d9-ddb5-4fa4-a97d-d965ccfc6d4b" outcome="Passed" testListId="8c84fa94-04c1-424b-9868-57a2d4851a1d" relativeResultsDirectory="93528fa1-f922-4cdc-846f-1920eed6b645" />
    <UnitTestResult executionId="0a837ecd-8f3b-4124-bcba-c6aa253d135c" testId="6fb4919f-9275-fa65-8704-748d9ebfe4e0" testName="SmartMapGoToPositionHandler_WhenLongitudeIsInvalid_ShouldWriteToLog" computerName="DKSR-EFI-06" duration="00:00:00.0013021" startTime="2024-01-09T15:47:49.6847941+01:00" endTime="2024-01-09T15:47:49.6862063+01:00" testType="13cdc9d9-ddb5-4fa4-a97d-d965ccfc6d4b" outcome="Passed" testListId="8c84fa94-04c1-424b-9868-57a2d4851a1d" relativeResultsDirectory="0a837ecd-8f3b-4124-bcba-c6aa253d135c" />
    <UnitTestResult executionId="5ae896f4-e0bc-4d37-8f50-cf017d753478" testId="6ed649e1-03e1-4590-3da9-e33c23ab658c" testName="Retrieve_InnerExceptionLogged" computerName="DKSR-EFI-06" duration="00:00:00.0023293" startTime="2024-01-09T15:47:49.7197548+01:00" endTime="2024-01-09T15:47:49.7222544+01:00" testType="13cdc9d9-ddb5-4fa4-a97d-d965ccfc6d4b" outcome="Passed" testListId="8c84fa94-04c1-424b-9868-57a2d4851a1d" relativeResultsDirectory="5ae896f4-e0bc-4d37-8f50-cf017d753478" />
    <UnitTestResult executionId="ef571701-f5e2-47d8-9529-2b9b9cdb69ce" testId="0fd90a39-90c9-a28c-8d05-c52712094258" testName="RightButtonDown_ShouldNotRaiseAnException_WhenFired" computerName="DKSR-EFI-06" duration="00:00:00.0012744" startTime="2024-01-09T15:47:44.3821815+01:00" endTime="2024-01-09T15:47:44.3857735+01:00" testType="13cdc9d9-ddb5-4fa4-a97d-d965ccfc6d4b" outcome="Passed" testListId="8c84fa94-04c1-424b-9868-57a2d4851a1d" relativeResultsDirectory="ef571701-f5e2-47d8-9529-2b9b9cdb69ce" />
    <UnitTestResult executionId="48c2641c-bca1-48e7-8b9e-51659f63bf71" testId="743f0fe4-79cc-4cbd-b2f9-4683eb98d09d" testName="SetLayerFeatures_ShouldUpdateMicrophoneItemsMapLayer_WhenMicrophoneKindAndMicrophoneLayerFeatures" computerName="DKSR-EFI-06" duration="00:00:00.0031200" startTime="2024-01-09T15:48:43.0728968+01:00" endTime="2024-01-09T15:48:43.0761585+01:00" testType="13cdc9d9-ddb5-4fa4-a97d-d965ccfc6d4b" outcome="Passed" testListId="8c84fa94-04c1-424b-9868-57a2d4851a1d" relativeResultsDirectory="48c2641c-bca1-48e7-8b9e-51659f63bf71" />
    <UnitTestResult executionId="f9caef3a-6ce1-49df-8d92-89c5300bdf3e" testId="0ca96c98-4279-a38d-8923-cfc233650b07" testName="SearchResultsActionBarActions_EditBookmark_BookmarkServiceException_WarningDialogShown" computerName="DKSR-EFI-06" duration="00:00:00.0091804" startTime="2024-01-09T15:48:23.0973549+01:00" endTime="2024-01-09T15:48:23.1067047+01:00" testType="13cdc9d9-ddb5-4fa4-a97d-d965ccfc6d4b" outcome="Passed" testListId="8c84fa94-04c1-424b-9868-57a2d4851a1d" relativeResultsDirectory="f9caef3a-6ce1-49df-8d92-89c5300bdf3e" />
    <UnitTestResult executionId="18556534-1fc9-4065-b3e9-084423b23ac2" testId="4daaf6d7-7b46-8260-2000-7f96a4364f19" testName="GetWorkspaceToolbarItems_ShouldReturnLiveToolbarItemEnabledPlaybackToolbarItemDisabled_WhenWorkspaceIsLive" computerName="DKSR-EFI-06" duration="00:00:00.0024466" startTime="2024-01-09T15:48:44.3601550+01:00" endTime="2024-01-09T15:48:44.3628026+01:00" testType="13cdc9d9-ddb5-4fa4-a97d-d965ccfc6d4b" outcome="Passed" testListId="8c84fa94-04c1-424b-9868-57a2d4851a1d" relativeResultsDirectory="18556534-1fc9-4065-b3e9-084423b23ac2" />
    <UnitTestResult executionId="337f71e3-f7ca-4aa3-9585-00860fd74c54" testId="adafff31-7445-4899-a64a-9d78ba6fa82f" testName="DisplayErrorOnNotificationArea_DuplicateResultSearchError_Success" computerName="DKSR-EFI-06" duration="00:00:00.0073718" startTime="2024-01-09T15:48:25.1977249+01:00" endTime="2024-01-09T15:48:25.2052421+01:00" testType="13cdc9d9-ddb5-4fa4-a97d-d965ccfc6d4b" outcome="Passed" testListId="8c84fa94-04c1-424b-9868-57a2d4851a1d" relativeResultsDirectory="337f71e3-f7ca-4aa3-9585-00860fd74c54" />
    <UnitTestResult executionId="932ebeba-5013-4214-869e-658b9b61377c" testId="6bcb61d5-27f5-0fda-d895-8ea5b1245aab" testName="PtzInfoViewModel_PtzCotrolledByUserTest" computerName="DKSR-EFI-06" duration="00:00:00.0016178" startTime="2024-01-09T15:47:43.5743158+01:00" endTime="2024-01-09T15:47:43.5760986+01:00" testType="13cdc9d9-ddb5-4fa4-a97d-d965ccfc6d4b" outcome="Passed" testListId="8c84fa94-04c1-424b-9868-57a2d4851a1d" relativeResultsDirectory="932ebeba-5013-4214-869e-658b9b61377c" />
    <UnitTestResult executionId="6543e043-1cde-4b7a-b8bd-484596ab7a17" testId="62414311-f47b-f1ac-7284-9bb4f606ff0e" testName="LoadBoundingShapes_ManyVariants_LeastPossiblePathsAddedToUI" computerName="DKSR-EFI-06" duration="00:00:00.0320444" startTime="2024-01-09T15:48:37.8554506+01:00" endTime="2024-01-09T15:48:37.8900856+01:00" testType="13cdc9d9-ddb5-4fa4-a97d-d965ccfc6d4b" outcome="Passed" testListId="8c84fa94-04c1-424b-9868-57a2d4851a1d" relativeResultsDirectory="6543e043-1cde-4b7a-b8bd-484596ab7a17" />
    <UnitTestResult executionId="75df393e-79a6-4188-843a-b7c73c24ae7d" testId="fd11af71-a4c4-5921-60ab-2b01bfd9ee13" testName="ScWorkspaceStateChangedEvent_ShouldKeepIsSelected_WhenSwitchingToSetupMode" computerName="DKSR-EFI-06" duration="00:00:00.0160342" startTime="2024-01-09T15:48:40.9424358+01:00" endTime="2024-01-09T15:48:40.9611389+01:00" testType="13cdc9d9-ddb5-4fa4-a97d-d965ccfc6d4b" outcome="Passed" testListId="8c84fa94-04c1-424b-9868-57a2d4851a1d" relativeResultsDirectory="75df393e-79a6-4188-843a-b7c73c24ae7d" />
    <UnitTestResult executionId="4e28e702-1958-4112-b4b5-c5588ef18f95" testId="bed8c8de-bd82-cb94-6967-81e34fce6907" testName="SetIncludePartialResults_ShouldNotReselectResult_WhenResultToReselectIsPartialAndPartialResultsAreExcluded" computerName="DKSR-EFI-06" duration="00:00:00.0022639" startTime="2024-01-09T15:48:26.6583269+01:00" endTime="2024-01-09T15:48:26.6607274+01:00" testType="13cdc9d9-ddb5-4fa4-a97d-d965ccfc6d4b" outcome="Passed" testListId="8c84fa94-04c1-424b-9868-57a2d4851a1d" relativeResultsDirectory="4e28e702-1958-4112-b4b5-c5588ef18f95" />
    <UnitTestResult executionId="bb5e70cc-8f24-4a34-8327-29d78e9795b8" testId="dbcf26cf-e43a-3a61-c59e-b7d73dca07b5" testName="SearchResultsActionBarActions_MipActionSpecificallySupportsOneAndNotTheOtherSelectedSearchResult_ActionEnabled" computerName="DKSR-EFI-06" duration="00:00:00.0127782" startTime="2024-01-09T15:48:22.8291304+01:00" endTime="2024-01-09T15:48:22.8420766+01:00" testType="13cdc9d9-ddb5-4fa4-a97d-d965ccfc6d4b" outcome="Passed" testListId="8c84fa94-04c1-424b-9868-57a2d4851a1d" relativeResultsDirectory="bb5e70cc-8f24-4a34-8327-29d78e9795b8" />
    <UnitTestResult executionId="b126ddbf-8d68-4aee-ad34-10462d280c91" testId="475f68bd-aa4e-7080-1be5-54155a49acfc" testName="Convert_ShouldReturnTrue_WhenParameterIsEqualToValue" computerName="DKSR-EFI-06" duration="00:00:00.0001983" startTime="2024-01-09T15:47:44.4132603+01:00" endTime="2024-01-09T15:47:44.4135753+01:00" testType="13cdc9d9-ddb5-4fa4-a97d-d965ccfc6d4b" outcome="Passed" testListId="8c84fa94-04c1-424b-9868-57a2d4851a1d" relativeResultsDirectory="b126ddbf-8d68-4aee-ad34-10462d280c91" />
    <UnitTestResult executionId="028ad53a-8af9-4e39-9072-267c539b38ac" testId="9aef69ad-5102-e920-d6a1-4c0ddf8b9303" testName="AutomationId_ShouldBeValid_WhenInteractionStateIsAddCamera" computerName="DKSR-EFI-06" duration="00:00:00.0003004" startTime="2024-01-09T15:47:45.9385082+01:00" endTime="2024-01-09T15:47:45.9389202+01:00" testType="13cdc9d9-ddb5-4fa4-a97d-d965ccfc6d4b" outcome="Passed" testListId="8c84fa94-04c1-424b-9868-57a2d4851a1d" relativeResultsDirectory="028ad53a-8af9-4e39-9072-267c539b38ac" />
    <UnitTestResult executionId="5022da64-3405-4df4-8c91-58fe4869c67a" testId="4095d4e0-7747-4418-2cba-d8d1b699249f" testName="SmartMapGoToLocationHandler_WhenLocationCanNotBeFound_ShouldWriteToLog" computerName="DKSR-EFI-06" duration="00:00:00.0094227" startTime="2024-01-09T15:47:49.6616463+01:00" endTime="2024-01-09T15:47:49.6712224+01:00" testType="13cdc9d9-ddb5-4fa4-a97d-d965ccfc6d4b" outcome="Passed" testListId="8c84fa94-04c1-424b-9868-57a2d4851a1d" relativeResultsDirectory="5022da64-3405-4df4-8c91-58fe4869c67a" />
    <UnitTestResult executionId="033c367e-7a72-4ed4-8112-ea9f9e22a121" testId="4672bcf4-734d-4ad9-761e-d152a3dbb36b" testName="ShowNotificationMessage_SetsCorrectDisplayProperties_WhenCalled" computerName="DKSR-EFI-06" duration="00:00:00.0172580" startTime="2024-01-09T15:47:44.2982098+01:00" endTime="2024-01-09T15:47:44.3181619+01:00" testType="13cdc9d9-ddb5-4fa4-a97d-d965ccfc6d4b" outcome="Passed" testListId="8c84fa94-04c1-424b-9868-57a2d4851a1d" relativeResultsDirectory="033c367e-7a72-4ed4-8112-ea9f9e22a121" />
    <UnitTestResult executionId="882f4876-5fc5-4594-ae2b-013966987368" testId="b11ed0cb-92ec-eb39-adbe-7566a1ca86ed" testName="GetClusters_Milestone_DifferentZoom_Success" computerName="DKSR-EFI-06" duration="00:00:00.0497792" startTime="2024-01-09T15:48:43.3746443+01:00" endTime="2024-01-09T15:48:43.4246341+01:00" testType="13cdc9d9-ddb5-4fa4-a97d-d965ccfc6d4b" outcome="Passed" testListId="8c84fa94-04c1-424b-9868-57a2d4851a1d" relativeResultsDirectory="882f4876-5fc5-4594-ae2b-013966987368" />
    <UnitTestResult executionId="a3f0a287-f602-42c9-9a48-261d62994473" testId="1a5d20b5-3e71-5ce5-a87e-e4e29bb0d7d5" testName="Ctor_NullPlugin_Throws" computerName="DKSR-EFI-06" duration="00:00:00.0005448" startTime="2024-01-09T15:48:23.5286876+01:00" endTime="2024-01-09T15:48:23.5294394+01:00" testType="13cdc9d9-ddb5-4fa4-a97d-d965ccfc6d4b" outcome="Passed" testListId="8c84fa94-04c1-424b-9868-57a2d4851a1d" relativeResultsDirectory="a3f0a287-f602-42c9-9a48-261d62994473" />
    <UnitTestResult executionId="ae59f17f-33f1-49ea-bebf-927af50a4d3a" testId="188f8c25-7b8a-3022-0d47-4b40a28cebbb" testName="TestKeepInMemory_WithAttachedView_Success" computerName="DKSR-EFI-06" duration="00:00:00.0002507" startTime="2024-01-09T15:48:51.4218637+01:00" endTime="2024-01-09T15:48:51.4222382+01:00" testType="13cdc9d9-ddb5-4fa4-a97d-d965ccfc6d4b" outcome="Passed" testListId="8c84fa94-04c1-424b-9868-57a2d4851a1d" relativeResultsDirectory="ae59f17f-33f1-49ea-bebf-927af50a4d3a" />
    <UnitTestResult executionId="53e165bb-e539-4779-b088-2ab80e91af85" testId="90e28b3e-a0b2-cd0c-c5a2-021ebe10799d" testName="AddSelectedCameras_TooManyCameras_ValidateAllOptionCentralizedSearchMaxDeviceCountValues" computerName="DKSR-EFI-06" duration="00:00:00.7342479" startTime="2024-01-09T15:48:24.0287065+01:00" endTime="2024-01-09T15:48:24.7633413+01:00" testType="13cdc9d9-ddb5-4fa4-a97d-d965ccfc6d4b" outcome="Passed" testListId="8c84fa94-04c1-424b-9868-57a2d4851a1d" relativeResultsDirectory="53e165bb-e539-4779-b088-2ab80e91af85" />
    <UnitTestResult executionId="6b84530a-66e4-48de-8ef3-bb41ffa30134" testId="205d3986-407b-ed3e-b9d7-5c5108416447" testName="PtzSessionControllerInfoConstructorTest_From_PtzSessionInfo_Anonymous_User" computerName="DKSR-EFI-06" duration="00:00:00.0006394" startTime="2024-01-09T15:47:43.1920032+01:00" endTime="2024-01-09T15:47:43.1928030+01:00" testType="13cdc9d9-ddb5-4fa4-a97d-d965ccfc6d4b" outcome="Passed" testListId="8c84fa94-04c1-424b-9868-57a2d4851a1d" relativeResultsDirectory="6b84530a-66e4-48de-8ef3-bb41ffa30134" />
    <UnitTestResult executionId="2b1e9cd7-e36e-44b7-bdf7-51470c4fb569" testId="1c3a0b3c-9d39-e423-34b0-23113deccc9a" testName="ActiveInteractionStateBinding_ShouldOnlyContainNormal_WhenCtorIsCalled" computerName="DKSR-EFI-06" duration="00:00:00.0068253" startTime="2024-01-09T15:47:49.4507703+01:00" endTime="2024-01-09T15:47:49.4602259+01:00" testType="13cdc9d9-ddb5-4fa4-a97d-d965ccfc6d4b" outcome="Passed" testListId="8c84fa94-04c1-424b-9868-57a2d4851a1d" relativeResultsDirectory="2b1e9cd7-e36e-44b7-bdf7-51470c4fb569" />
    <UnitTestResult executionId="5cc1fb49-a0f0-4799-9e2e-2188ba3cab06" testId="02ca40da-1acc-291d-7447-d3e7fda89520" testName="Retention_Options_Are_Intersected" computerName="DKSR-EFI-06" duration="00:00:00.0388184" startTime="2024-01-09T15:48:52.3908455+01:00" endTime="2024-01-09T15:48:52.4299255+01:00" testType="13cdc9d9-ddb5-4fa4-a97d-d965ccfc6d4b" outcome="Passed" testListId="8c84fa94-04c1-424b-9868-57a2d4851a1d" relativeResultsDirectory="5cc1fb49-a0f0-4799-9e2e-2188ba3cab06" />
    <UnitTestResult executionId="f9f49890-c8eb-44cc-bd5f-86c1a724b722" testId="7b3d70cd-81e1-008c-e609-47fa8092a379" testName="TryAddInterval_ShouldReturnCorrectValue (False,True,PermissionDenied)" computerName="DKSR-EFI-06" duration="00:00:00.0016455" startTime="2024-01-09T15:48:45.1670823+01:00" endTime="2024-01-09T15:48:45.1689536+01:00" testType="13cdc9d9-ddb5-4fa4-a97d-d965ccfc6d4b" outcome="Passed" testListId="8c84fa94-04c1-424b-9868-57a2d4851a1d" relativeResultsDirectory="f9f49890-c8eb-44cc-bd5f-86c1a724b722" />
    <UnitTestResult executionId="4c4f8151-e849-4fbd-8ffb-0b644806d5d2" testId="885a9095-1f49-3411-918f-5cf4108e4b7b" testName="Enable_WhenInvoked_ThenAlarmEnableAndSubscribers" computerName="DKSR-EFI-06" duration="00:00:00.0032379" startTime="2024-01-09T15:48:40.8419446+01:00" endTime="2024-01-09T15:48:40.8454138+01:00" testType="13cdc9d9-ddb5-4fa4-a97d-d965ccfc6d4b" outcome="Passed" testListId="8c84fa94-04c1-424b-9868-57a2d4851a1d" relativeResultsDirectory="4c4f8151-e849-4fbd-8ffb-0b644806d5d2" />
    <UnitTestResult executionId="abb66d70-b333-4409-962d-898ee6ff5e94" testId="cefd37a3-357f-d082-971e-590f86c9275f" testName="DomainAndUserName_ShouldThrow_InvalidOperationException_WhenConstructedUsingExternal" computerName="DKSR-EFI-06" duration="00:00:00.0004555" startTime="2024-01-09T15:47:43.3810510+01:00" endTime="2024-01-09T15:47:43.3816220+01:00" testType="13cdc9d9-ddb5-4fa4-a97d-d965ccfc6d4b" outcome="Passed" testListId="8c84fa94-04c1-424b-9868-57a2d4851a1d" relativeResultsDirectory="abb66d70-b333-4409-962d-898ee6ff5e94" />
    <UnitTestResult executionId="a9ca1ca6-ac72-4d0c-a3e8-4c99ee5440fd" testId="65f38f06-9057-2883-e0bd-60370f8d7d0d" testName="ResultsAvailable_NoResults_Success" computerName="DKSR-EFI-06" duration="00:00:00.0136340" startTime="2024-01-09T15:48:23.5998457+01:00" endTime="2024-01-09T15:48:23.6136462+01:00" testType="13cdc9d9-ddb5-4fa4-a97d-d965ccfc6d4b" outcome="Passed" testListId="8c84fa94-04c1-424b-9868-57a2d4851a1d" relativeResultsDirectory="a9ca1ca6-ac72-4d0c-a3e8-4c99ee5440fd" />
    <UnitTestResult executionId="61e5535f-6dfb-43ea-aa6f-99d73850d84e" testId="6dc834ce-7990-c21f-5442-e578c180d56f" testName="AutomationId_ShouldBeValid_WhenInteractionStateIsOutput" computerName="DKSR-EFI-06" duration="00:00:00.0003512" startTime="2024-01-09T15:47:45.9487609+01:00" endTime="2024-01-09T15:47:45.9493457+01:00" testType="13cdc9d9-ddb5-4fa4-a97d-d965ccfc6d4b" outcome="Passed" testListId="8c84fa94-04c1-424b-9868-57a2d4851a1d" relativeResultsDirectory="61e5535f-6dfb-43ea-aa6f-99d73850d84e" />
    <UnitTestResult executionId="30f78200-c46f-4302-8f77-750daae39e82" testId="f086d804-d792-85ee-7f01-0c6bad93eebb" testName="SupportsDoubleClick_ShouldBeFalse_WhenInteractionStateIsNotNormalOrNewDevice" computerName="DKSR-EFI-06" duration="00:00:00.0261336" startTime="2024-01-09T15:47:48.1138718+01:00" endTime="2024-01-09T15:47:48.1424555+01:00" testType="13cdc9d9-ddb5-4fa4-a97d-d965ccfc6d4b" outcome="Passed" testListId="8c84fa94-04c1-424b-9868-57a2d4851a1d" relativeResultsDirectory="30f78200-c46f-4302-8f77-750daae39e82" />
    <UnitTestResult executionId="3a553d65-7474-4044-945d-62d531bb54d1" testId="8b0909b5-769b-12ea-d91a-88a0ad4a6e48" testName="Serialize_ToTimeOnly_Success" computerName="DKSR-EFI-06" duration="00:00:00.0005502" startTime="2024-01-09T15:48:26.7891126+01:00" endTime="2024-01-09T15:48:26.7897955+01:00" testType="13cdc9d9-ddb5-4fa4-a97d-d965ccfc6d4b" outcome="Passed" testListId="8c84fa94-04c1-424b-9868-57a2d4851a1d" relativeResultsDirectory="3a553d65-7474-4044-945d-62d531bb54d1" />
    <UnitTestResult executionId="6df0c410-2687-400d-b00f-b1e48e33fe66" testId="76c6e850-3966-de20-82b6-519095d891a6" testName="Ctor_ShouldAddBasicUserCredentialsToCache_WhenServerAuthenticationIsSimple" computerName="DKSR-EFI-06" duration="00:00:00.0005305" startTime="2024-01-09T15:47:43.3424480+01:00" endTime="2024-01-09T15:47:43.3431699+01:00" testType="13cdc9d9-ddb5-4fa4-a97d-d965ccfc6d4b" outcome="Passed" testListId="8c84fa94-04c1-424b-9868-57a2d4851a1d" relativeResultsDirectory="6df0c410-2687-400d-b00f-b1e48e33fe66" />
    <UnitTestResult executionId="cd242118-1406-49a9-8f6f-06cce4ad0ace" testId="3d7ba390-9a7b-bdaa-74a4-97118816f256" testName="OnLayersRetrieved_ShouldSetComponentsOrdered_WhenLayersCollectionContainsInputAndOutputAndCamera" computerName="DKSR-EFI-06" duration="00:00:00.0103054" startTime="2024-01-09T15:47:45.0733889+01:00" endTime="2024-01-09T15:47:45.0865299+01:00" testType="13cdc9d9-ddb5-4fa4-a97d-d965ccfc6d4b" outcome="Passed" testListId="8c84fa94-04c1-424b-9868-57a2d4851a1d" relativeResultsDirectory="cd242118-1406-49a9-8f6f-06cce4ad0ace" />
    <UnitTestResult executionId="8efdbe23-882c-4090-89fb-210fcef8d51b" testId="910b3a11-f68d-a7b6-6ade-0d038502d017" testName="AddSelectedWindowsToExport_ShouldShowCorrectToastMessages (5,0,5)" computerName="DKSR-EFI-06" duration="00:00:00.0049850" startTime="2024-01-09T15:48:45.4813087+01:00" endTime="2024-01-09T15:48:45.4865485+01:00" testType="13cdc9d9-ddb5-4fa4-a97d-d965ccfc6d4b" outcome="Passed" testListId="8c84fa94-04c1-424b-9868-57a2d4851a1d" relativeResultsDirectory="8efdbe23-882c-4090-89fb-210fcef8d51b" />
    <UnitTestResult executionId="c6a84b02-581d-4578-bfdf-e945d6723851" testId="06d17b56-b174-7e5f-cf96-64396547a14e" testName="IconValueConverter_Convert_ValidIconSource_Success" computerName="DKSR-EFI-06" duration="00:00:00.0008726" startTime="2024-01-09T15:48:10.3009511+01:00" endTime="2024-01-09T15:48:10.3020796+01:00" testType="13cdc9d9-ddb5-4fa4-a97d-d965ccfc6d4b" outcome="Passed" testListId="8c84fa94-04c1-424b-9868-57a2d4851a1d" relativeResultsDirectory="c6a84b02-581d-4578-bfdf-e945d6723851" />
    <UnitTestResult executionId="fb5ddb3d-3e07-4c12-9c5f-4e184a1d8da1" testId="9b11dd70-a212-4435-b232-2bb1537ea05b" testName="AddItemsRemoveItems_SingleMapItem_OneClusterChangeForEach" computerName="DKSR-EFI-06" duration="00:00:00.0065088" startTime="2024-01-09T15:48:43.7685989+01:00" endTime="2024-01-09T15:48:43.7752586+01:00" testType="13cdc9d9-ddb5-4fa4-a97d-d965ccfc6d4b" outcome="Passed" testListId="8c84fa94-04c1-424b-9868-57a2d4851a1d" relativeResultsDirectory="fb5ddb3d-3e07-4c12-9c5f-4e184a1d8da1" />
    <UnitTestResult executionId="a88311a7-8bd2-4f7a-b2d3-ef612d4d4747" testId="7121c8df-41fa-8d5a-4925-b5acec70433e" testName="AddSelectedWindowsToExport_ShouldShowCorrectToastMessages (1,0,0)" computerName="DKSR-EFI-06" duration="00:00:00.0022952" startTime="2024-01-09T15:48:45.4354488+01:00" endTime="2024-01-09T15:48:45.4379328+01:00" testType="13cdc9d9-ddb5-4fa4-a97d-d965ccfc6d4b" outcome="Passed" testListId="8c84fa94-04c1-424b-9868-57a2d4851a1d" relativeResultsDirectory="a88311a7-8bd2-4f7a-b2d3-ef612d4d4747" />
    <UnitTestResult executionId="b7b45e57-ae0c-42a8-a411-d6cf5a54590d" testId="04187fa0-5851-9668-dfce-6611bb5be8f1" testName="DeactivatedOutputIconsId_ShouldReturnDeactivatedIconsInAProperOrder_WhenCalled" computerName="DKSR-EFI-06" duration="00:00:00.0004097" startTime="2024-01-09T15:48:40.8345690+01:00" endTime="2024-01-09T15:48:40.8351102+01:00" testType="13cdc9d9-ddb5-4fa4-a97d-d965ccfc6d4b" outcome="Passed" testListId="8c84fa94-04c1-424b-9868-57a2d4851a1d" relativeResultsDirectory="b7b45e57-ae0c-42a8-a411-d6cf5a54590d" />
    <UnitTestResult executionId="a3fc971b-212a-4149-b97c-f73aa0ffaa64" testId="04268900-3302-a699-5943-bbf486b565e8" testName="PatrollingProfileListViewModel_Save_DeleteProfile" computerName="DKSR-EFI-06" duration="00:00:00.0026870" startTime="2024-01-09T15:48:43.8810000+01:00" endTime="2024-01-09T15:48:43.8838233+01:00" testType="13cdc9d9-ddb5-4fa4-a97d-d965ccfc6d4b" outcome="Passed" testListId="8c84fa94-04c1-424b-9868-57a2d4851a1d" relativeResultsDirectory="a3fc971b-212a-4149-b97c-f73aa0ffaa64" />
    <UnitTestResult executionId="eb7a0556-0849-4cb0-8df6-12f9d967e3ec" testId="a660afa4-f5aa-b923-9ed9-b3aed02ce38b" testName="CreateGeometry_ThreeCornerBuilding_Success" computerName="DKSR-EFI-06" duration="00:00:00.0002412" startTime="2024-01-09T15:48:43.7090565+01:00" endTime="2024-01-09T15:48:43.7094310+01:00" testType="13cdc9d9-ddb5-4fa4-a97d-d965ccfc6d4b" outcome="Passed" testListId="8c84fa94-04c1-424b-9868-57a2d4851a1d" relativeResultsDirectory="eb7a0556-0849-4cb0-8df6-12f9d967e3ec" />
    <UnitTestResult executionId="99a23acd-0dca-4bd8-8211-139e59ff4920" testId="eca2f5e0-8a90-6eb5-1db4-f1eb3f5fb4f4" testName="ActiveInteractionStateBinding_ShouldNotBeNull_WhenCtorIsCalled" computerName="DKSR-EFI-06" duration="00:00:00.0506643" startTime="2024-01-09T15:47:49.0630965+01:00" endTime="2024-01-09T15:47:49.1175590+01:00" testType="13cdc9d9-ddb5-4fa4-a97d-d965ccfc6d4b" outcome="Passed" testListId="8c84fa94-04c1-424b-9868-57a2d4851a1d" relativeResultsDirectory="99a23acd-0dca-4bd8-8211-139e59ff4920" />
    <UnitTestResult executionId="cb354c37-63d6-42d8-962e-d82f37fd5f03" testId="04c83cca-8782-2962-eccb-1c1b5d4d8166" testName="SelectTemplate_UseInlineEditTrue_ReturnsInlineTemplate" computerName="DKSR-EFI-06" duration="00:00:00.0120943" startTime="2024-01-09T15:47:52.5429680+01:00" endTime="2024-01-09T15:47:52.5552180+01:00" testType="13cdc9d9-ddb5-4fa4-a97d-d965ccfc6d4b" outcome="Passed" testListId="8c84fa94-04c1-424b-9868-57a2d4851a1d" relativeResultsDirectory="cb354c37-63d6-42d8-962e-d82f37fd5f03" />
    <UnitTestResult executionId="1dac943e-d19a-4b5d-806f-433c8dbf5abe" testId="64e7256a-b290-3467-22a6-88571ed2d255" testName="PatrollingStepListViewModel_DeleteStepExecute" computerName="DKSR-EFI-06" duration="00:00:00.0017963" startTime="2024-01-09T15:48:43.9638541+01:00" endTime="2024-01-09T15:48:43.9657890+01:00" testType="13cdc9d9-ddb5-4fa4-a97d-d965ccfc6d4b" outcome="Passed" testListId="8c84fa94-04c1-424b-9868-57a2d4851a1d" relativeResultsDirectory="1dac943e-d19a-4b5d-806f-433c8dbf5abe" />
    <UnitTestResult executionId="e705e547-f92e-410f-b882-8f02e8fc13b8" testId="2e79e419-e74e-f445-7799-1adbaa35d399" testName="GetWorkspaceToolbarItems_ShouldReturnNormalToolbarItemEnabledSetupToolbarItemDisabled_WhenWorkspaceStateIsNormal" computerName="DKSR-EFI-06" duration="00:00:00.0067138" startTime="2024-01-09T15:48:44.3714491+01:00" endTime="2024-01-09T15:48:44.3783153+01:00" testType="13cdc9d9-ddb5-4fa4-a97d-d965ccfc6d4b" outcome="Passed" testListId="8c84fa94-04c1-424b-9868-57a2d4851a1d" relativeResultsDirectory="e705e547-f92e-410f-b882-8f02e8fc13b8" />
    <UnitTestResult executionId="c4024871-b7b8-45b2-ad22-c6bd72fec945" testId="8d0f5bca-e5ea-0fcc-cf70-4bf5237286c3" testName="UpdateScope_NoChanges_ReturnsFalse" computerName="DKSR-EFI-06" duration="00:00:00.0001904" startTime="2024-01-09T15:48:26.6623144+01:00" endTime="2024-01-09T15:48:26.6626346+01:00" testType="13cdc9d9-ddb5-4fa4-a97d-d965ccfc6d4b" outcome="Passed" testListId="8c84fa94-04c1-424b-9868-57a2d4851a1d" relativeResultsDirectory="c4024871-b7b8-45b2-ad22-c6bd72fec945" />
    <UnitTestResult executionId="05ebaf47-4eef-49bf-bc76-c0fdc65c3ffa" testId="f2b7929b-9477-2b09-878d-9dcd16e02623" testName="Convert_OneCamerasSelectionAndOneSearchDefinition_Collapsed" computerName="DKSR-EFI-06" duration="00:00:00.0001858" startTime="2024-01-09T15:48:10.3476423+01:00" endTime="2024-01-09T15:48:10.3480278+01:00" testType="13cdc9d9-ddb5-4fa4-a97d-d965ccfc6d4b" outcome="Passed" testListId="8c84fa94-04c1-424b-9868-57a2d4851a1d" relativeResultsDirectory="05ebaf47-4eef-49bf-bc76-c0fdc65c3ffa" />
    <UnitTestResult executionId="a90cec19-c824-47c7-93b1-983a054b25b3" testId="dce39246-34e9-ee17-be45-81df055ba9b7" testName="Decorate_ShouldNotAddChildren_WhenThereLayersImplementingITitleToggleableHasNoItems" computerName="DKSR-EFI-06" duration="00:00:00.0010421" startTime="2024-01-09T15:47:45.9054766+01:00" endTime="2024-01-09T15:47:45.9066374+01:00" testType="13cdc9d9-ddb5-4fa4-a97d-d965ccfc6d4b" outcome="Passed" testListId="8c84fa94-04c1-424b-9868-57a2d4851a1d" relativeResultsDirectory="a90cec19-c824-47c7-93b1-983a054b25b3" />
    <UnitTestResult executionId="1ad84daa-0261-467f-bba2-8e6fe2e938ca" testId="a8fe3325-ab25-7197-00a6-eb64a10d8cb7" testName="LoadSearchTemplate_ActiveToNewActiveSuppressEvent_UpdateAndNoEvent" computerName="DKSR-EFI-06" duration="00:00:00.0005792" startTime="2024-01-09T15:48:26.0463820+01:00" endTime="2024-01-09T15:48:26.0471259+01:00" testType="13cdc9d9-ddb5-4fa4-a97d-d965ccfc6d4b" outcome="Passed" testListId="8c84fa94-04c1-424b-9868-57a2d4851a1d" relativeResultsDirectory="1ad84daa-0261-467f-bba2-8e6fe2e938ca" />
    <UnitTestResult executionId="056ebcb1-b264-445c-8f22-31dc086038ac" testId="aa6b509d-ef33-e576-b983-961276c69241" testName="SearchResultsActionBarActions_SendToFloatingWindow_InvokeCommand_Success" computerName="DKSR-EFI-06" duration="00:00:00.0190918" startTime="2024-01-09T15:48:22.9187504+01:00" endTime="2024-01-09T15:48:22.9380078+01:00" testType="13cdc9d9-ddb5-4fa4-a97d-d965ccfc6d4b" outcome="Passed" testListId="8c84fa94-04c1-424b-9868-57a2d4851a1d" relativeResultsDirectory="056ebcb1-b264-445c-8f22-31dc086038ac" />
    <UnitTestResult executionId="790b7f22-fa08-4538-a1ad-cad3b86fd559" testId="b875a004-85a0-61f0-5a06-f872b9bf4ce4" testName="MainScopeTitleMaxWidthConverter_ConvertSuccess" computerName="DKSR-EFI-06" duration="00:00:00.0023223" startTime="2024-01-09T15:48:10.3267091+01:00" endTime="2024-01-09T15:48:10.3292668+01:00" testType="13cdc9d9-ddb5-4fa4-a97d-d965ccfc6d4b" outcome="Passed" testListId="8c84fa94-04c1-424b-9868-57a2d4851a1d" relativeResultsDirectory="790b7f22-fa08-4538-a1ad-cad3b86fd559" />
    <UnitTestResult executionId="b0fc2f5a-8b06-4457-a76a-3df3b3c455cc" testId="222612dc-51ac-9b64-f67c-78952b32c155" testName="HandleSetLayerFeatures_ShouldUpdateCameraLayerFeatures_WhenCameraKindAndCameraLayerFeatures" computerName="DKSR-EFI-06" duration="00:00:00.0008333" startTime="2024-01-09T15:48:42.9304749+01:00" endTime="2024-01-09T15:48:42.9314484+01:00" testType="13cdc9d9-ddb5-4fa4-a97d-d965ccfc6d4b" outcome="Passed" testListId="8c84fa94-04c1-424b-9868-57a2d4851a1d" relativeResultsDirectory="b0fc2f5a-8b06-4457-a76a-3df3b3c455cc" />
    <UnitTestResult executionId="bc96a95c-6df3-4c78-a234-6fbbcacea96f" testId="5660124e-2746-e525-af63-46d6c656faea" testName="Toolbar_HasNoButtonsVisibleByDefault_WhenNotInLiveOrPlayback" computerName="DKSR-EFI-06" duration="00:00:00.0124367" startTime="2024-01-09T15:48:44.7967187+01:00" endTime="2024-01-09T15:48:44.8093329+01:00" testType="13cdc9d9-ddb5-4fa4-a97d-d965ccfc6d4b" outcome="Passed" testListId="8c84fa94-04c1-424b-9868-57a2d4851a1d" relativeResultsDirectory="bc96a95c-6df3-4c78-a234-6fbbcacea96f" />
    <UnitTestResult executionId="522f159e-a5c2-4df5-bb08-160037142a07" testId="88eff823-fbf7-7507-7019-8e0b7f4937d4" testName="SearchResultsActionBarActions_ActionResultDeleted_Success" computerName="DKSR-EFI-06" duration="00:00:00.0074314" startTime="2024-01-09T15:48:23.2359037+01:00" endTime="2024-01-09T15:48:23.2435033+01:00" testType="13cdc9d9-ddb5-4fa4-a97d-d965ccfc6d4b" outcome="Passed" testListId="8c84fa94-04c1-424b-9868-57a2d4851a1d" relativeResultsDirectory="522f159e-a5c2-4df5-bb08-160037142a07" />
    <UnitTestResult executionId="d6ee3098-8bba-47b4-97b8-0db3e4be7b97" testId="73f202f0-6b9c-f5c0-5b33-e4aa7777d3dd" testName="NavigateAndSelectAsync_CameraKind_CallDelegatedToViewModel" computerName="DKSR-EFI-06" duration="00:00:00.0116074" startTime="2024-01-09T15:47:50.0755517+01:00" endTime="2024-01-09T15:47:50.0897580+01:00" testType="13cdc9d9-ddb5-4fa4-a97d-d965ccfc6d4b" outcome="Passed" testListId="8c84fa94-04c1-424b-9868-57a2d4851a1d" relativeResultsDirectory="d6ee3098-8bba-47b4-97b8-0db3e4be7b97" />
    <UnitTestResult executionId="379fac43-080f-41de-b50e-2301d3c59f66" testId="1827dddb-e32e-3062-ab3d-687741a79313" testName="EnsureLayersOrderIsValidBy_AddLayersAt_AfterLast_Success" computerName="DKSR-EFI-06" duration="00:00:00.0237578" startTime="2024-01-09T15:48:40.7008862+01:00" endTime="2024-01-09T15:48:40.7248479+01:00" testType="13cdc9d9-ddb5-4fa4-a97d-d965ccfc6d4b" outcome="Passed" testListId="8c84fa94-04c1-424b-9868-57a2d4851a1d" relativeResultsDirectory="379fac43-080f-41de-b50e-2301d3c59f66" />
    <UnitTestResult executionId="48a2314c-db6c-465e-92e0-7f69a90868a0" testId="98e4ae88-2a6f-4ea6-fc3c-66faedd2526c" testName="AttributeValueGet_NotNullValue_Success" computerName="DKSR-EFI-06" duration="00:00:00.0105032" startTime="2024-01-09T15:48:38.0186813+01:00" endTime="2024-01-09T15:48:38.0316649+01:00" testType="13cdc9d9-ddb5-4fa4-a97d-d965ccfc6d4b" outcome="Passed" testListId="8c84fa94-04c1-424b-9868-57a2d4851a1d" relativeResultsDirectory="48a2314c-db6c-465e-92e0-7f69a90868a0" />
    <UnitTestResult executionId="3f76a5e1-89f8-48a0-9977-3a4feacffe29" testId="aad983c5-8e27-f320-9ef1-f25fd06b1fff" testName="LoadStateFrom_OrderResultsBy_RelevanceNotAllowed_ShouldChangeToNewestTriggerTime" computerName="DKSR-EFI-06" duration="00:00:00.0032947" startTime="2024-01-09T15:48:23.6533858+01:00" endTime="2024-01-09T15:48:23.6568203+01:00" testType="13cdc9d9-ddb5-4fa4-a97d-d965ccfc6d4b" outcome="Passed" testListId="8c84fa94-04c1-424b-9868-57a2d4851a1d" relativeResultsDirectory="3f76a5e1-89f8-48a0-9977-3a4feacffe29" />
    <UnitTestResult executionId="a69c18fc-21a5-4329-8ff1-9e5c9afdd4b1" testId="91f26bca-4ab5-824b-aa90-84778c7aa540" testName="SearchModelOnSearchResultsReady_OnUiThread_Success" computerName="DKSR-EFI-06" duration="00:00:00.0098975" startTime="2024-01-09T15:48:25.0748622+01:00" endTime="2024-01-09T15:48:25.0849200+01:00" testType="13cdc9d9-ddb5-4fa4-a97d-d965ccfc6d4b" outcome="Passed" testListId="8c84fa94-04c1-424b-9868-57a2d4851a1d" relativeResultsDirectory="a69c18fc-21a5-4329-8ff1-9e5c9afdd4b1" />
    <UnitTestResult executionId="72ef5746-8145-4bf7-a8e5-1f7c36a60552" testId="239b3280-9e3f-daec-90e9-2d7422e5091c" testName="Serialize_SearchDefinitionWithNonSerializableFilterValue_FilterValueOmitted" computerName="DKSR-EFI-06" duration="00:00:00.0007958" startTime="2024-01-09T15:48:26.7974597+01:00" endTime="2024-01-09T15:48:26.7983880+01:00" testType="13cdc9d9-ddb5-4fa4-a97d-d965ccfc6d4b" outcome="Passed" testListId="8c84fa94-04c1-424b-9868-57a2d4851a1d" relativeResultsDirectory="72ef5746-8145-4bf7-a8e5-1f7c36a60552" />
    <UnitTestResult executionId="b349ea82-f77a-4250-b190-7d94ba01e351" testId="618671da-f82c-c489-4e50-3ec438e9a9d0" testName="Connect_SucceedeInConnectingWithOAuthSecure_ShouldReturnTrue" computerName="DKSR-EFI-06" duration="00:00:00.0013642" startTime="2024-01-09T15:47:40.9453420+01:00" endTime="2024-01-09T15:47:40.9468130+01:00" testType="13cdc9d9-ddb5-4fa4-a97d-d965ccfc6d4b" outcome="Passed" testListId="8c84fa94-04c1-424b-9868-57a2d4851a1d" relativeResultsDirectory="b349ea82-f77a-4250-b190-7d94ba01e351" />
    <UnitTestResult executionId="1cb6d15b-5ddc-4e19-a3a5-82eddeeef410" testId="17891e0b-7823-7706-f334-6ca55cc2528c" testName="RemoveSelectedCameraCommand_CameraInList_CameraRemoved" computerName="DKSR-EFI-06" duration="00:00:00.0055001" startTime="2024-01-09T15:48:24.7811706+01:00" endTime="2024-01-09T15:48:24.7868302+01:00" testType="13cdc9d9-ddb5-4fa4-a97d-d965ccfc6d4b" outcome="Passed" testListId="8c84fa94-04c1-424b-9868-57a2d4851a1d" relativeResultsDirectory="1cb6d15b-5ddc-4e19-a3a5-82eddeeef410" />
    <UnitTestResult executionId="acabfa97-a3b1-4f25-b4b1-60c5de5f9bed" testId="4aa175c2-c268-2aa8-a9f4-2e34c2367c47" testName="IsVisible_MultipleSelectedResult_ReturnsTrue" computerName="DKSR-EFI-06" duration="00:00:00.0078463" startTime="2024-01-09T15:48:22.5738080+01:00" endTime="2024-01-09T15:48:22.5818263+01:00" testType="13cdc9d9-ddb5-4fa4-a97d-d965ccfc6d4b" outcome="Passed" testListId="8c84fa94-04c1-424b-9868-57a2d4851a1d" relativeResultsDirectory="acabfa97-a3b1-4f25-b4b1-60c5de5f9bed" />
    <UnitTestResult executionId="4b1057f7-134c-4069-9340-e348a215abb1" testId="69d36869-4d47-77af-11ea-1700a11c2aa4" testName="ActiveInteractionStateBinding_ShouldNotBeNull_WhenCtorIsCalled" computerName="DKSR-EFI-06" duration="00:00:00.0370333" startTime="2024-01-09T15:47:47.9612285+01:00" endTime="2024-01-09T15:47:48.0008268+01:00" testType="13cdc9d9-ddb5-4fa4-a97d-d965ccfc6d4b" outcome="Passed" testListId="8c84fa94-04c1-424b-9868-57a2d4851a1d" relativeResultsDirectory="4b1057f7-134c-4069-9340-e348a215abb1" />
    <UnitTestResult executionId="5836c27e-7679-4a51-b3cc-8c21c82d4223" testId="77328071-fcbe-8814-7b38-9b55da6b9e94" testName="Deserialize_ShouldIncludeCombineTypeOr_WhenCombineTypeIsOrInXml" computerName="DKSR-EFI-06" duration="00:00:00.0008881" startTime="2024-01-09T15:48:26.8066648+01:00" endTime="2024-01-09T15:48:26.8076951+01:00" testType="13cdc9d9-ddb5-4fa4-a97d-d965ccfc6d4b" outcome="Passed" testListId="8c84fa94-04c1-424b-9868-57a2d4851a1d" relativeResultsDirectory="5836c27e-7679-4a51-b3cc-8c21c82d4223" />
    <UnitTestResult executionId="2a9a6909-329e-4281-a7da-9703416abd1f" testId="785adfea-b9ff-19b0-fdb3-0e5d5ad68924" testName="TryGetEventServerIdByACSystemId_ShouldReturnAnEmptyGuid_WhenEventServerIdIsNotPartOfServerConfiguredAccessControlSystemsDictionary" computerName="DKSR-EFI-06" duration="00:00:00.0003626" startTime="2024-01-09T15:48:52.5477639+01:00" endTime="2024-01-09T15:48:52.5482644+01:00" testType="13cdc9d9-ddb5-4fa4-a97d-d965ccfc6d4b" outcome="Passed" testListId="8c84fa94-04c1-424b-9868-57a2d4851a1d" relativeResultsDirectory="2a9a6909-329e-4281-a7da-9703416abd1f" />
    <UnitTestResult executionId="d13c0105-3a03-4f93-a8c5-b1547e58f0d3" testId="103905f4-9b3f-baa3-099f-93a0f91d8394" testName="SetFeatures_CameraMapItemsLayer_Success" computerName="DKSR-EFI-06" duration="00:00:00.0256453" startTime="2024-01-09T15:48:40.2293857+01:00" endTime="2024-01-09T15:48:40.2552321+01:00" testType="13cdc9d9-ddb5-4fa4-a97d-d965ccfc6d4b" outcome="Passed" testListId="8c84fa94-04c1-424b-9868-57a2d4851a1d" relativeResultsDirectory="d13c0105-3a03-4f93-a8c5-b1547e58f0d3" />
    <UnitTestResult executionId="2b974696-e7f4-4c05-a7da-69129dba3302" testId="4ef99c33-c023-cc35-d098-ffd6c1e453c8" testName="Warning_Shown_When_Reducing_Protection_Interval" computerName="DKSR-EFI-06" duration="00:00:00.0022838" startTime="2024-01-09T15:48:52.4529441+01:00" endTime="2024-01-09T15:48:52.4553573+01:00" testType="13cdc9d9-ddb5-4fa4-a97d-d965ccfc6d4b" outcome="Passed" testListId="8c84fa94-04c1-424b-9868-57a2d4851a1d" relativeResultsDirectory="2b974696-e7f4-4c05-a7da-69129dba3302" />
    <UnitTestResult executionId="4fe6f0e9-47cf-4b0a-b774-ec26226d507d" testId="ede7971d-d588-349a-0279-c271f7ada06e" testName="MaxRegionsAllowed_ShouldBeIntMaxValue_WhenProvidedMaxIsZero" computerName="DKSR-EFI-06" duration="00:00:00.0004197" startTime="2024-01-09T15:48:38.0841623+01:00" endTime="2024-01-09T15:48:38.0848394+01:00" testType="13cdc9d9-ddb5-4fa4-a97d-d965ccfc6d4b" outcome="Passed" testListId="8c84fa94-04c1-424b-9868-57a2d4851a1d" relativeResultsDirectory="4fe6f0e9-47cf-4b0a-b774-ec26226d507d" />
    <UnitTestResult executionId="1285c5ac-1a6f-490b-9969-bf8564524142" testId="e692b3e0-3f04-ab27-9ec5-4a69402a8875" testName="UpdateStartupLocationInModel_Updated_Success" computerName="DKSR-EFI-06" duration="00:00:00.0242179" startTime="2024-01-09T15:47:44.2707267+01:00" endTime="2024-01-09T15:47:44.2977101+01:00" testType="13cdc9d9-ddb5-4fa4-a97d-d965ccfc6d4b" outcome="Passed" testListId="8c84fa94-04c1-424b-9868-57a2d4851a1d" relativeResultsDirectory="1285c5ac-1a6f-490b-9969-bf8564524142" />
    <UnitTestResult executionId="b851e851-2f2b-4fd4-beb8-8b030b99e1ad" testId="652759b5-622f-10aa-539b-69455d2a0fcb" testName="OnLayersRetrieved_ShouldSetComponentsToCamera_WhenLayersCollectionContainsCamera" computerName="DKSR-EFI-06" duration="00:00:00.0098054" startTime="2024-01-09T15:47:45.0870425+01:00" endTime="2024-01-09T15:47:45.0995802+01:00" testType="13cdc9d9-ddb5-4fa4-a97d-d965ccfc6d4b" outcome="Passed" testListId="8c84fa94-04c1-424b-9868-57a2d4851a1d" relativeResultsDirectory="b851e851-2f2b-4fd4-beb8-8b030b99e1ad" />
    <UnitTestResult executionId="0befbf8d-4846-4064-a87f-e0392830919d" testId="013b26f2-09bd-8917-4b17-0706864d4c14" testName="HandleSetLayerFeatures_ShouldUpdateOutputLayerFeatures_WhenOutputKindAndOutputLayerFeatures" computerName="DKSR-EFI-06" duration="00:00:00.0024725" startTime="2024-01-09T15:48:42.9851746+01:00" endTime="2024-01-09T15:48:42.9877907+01:00" testType="13cdc9d9-ddb5-4fa4-a97d-d965ccfc6d4b" outcome="Passed" testListId="8c84fa94-04c1-424b-9868-57a2d4851a1d" relativeResultsDirectory="0befbf8d-4846-4064-a87f-e0392830919d" />
    <UnitTestResult executionId="fca6b3e1-f8a3-4528-9d37-d1d2fb5acfc0" testId="f80158fa-d75f-54b9-6b80-4f00a7c4aaf2" testName="ShouldReturnTrueWhenBuildingsLayerChanged" computerName="DKSR-EFI-06" duration="00:00:00.0007302" startTime="2024-01-09T15:47:49.8449753+01:00" endTime="2024-01-09T15:47:49.8458217+01:00" testType="13cdc9d9-ddb5-4fa4-a97d-d965ccfc6d4b" outcome="Passed" testListId="8c84fa94-04c1-424b-9868-57a2d4851a1d" relativeResultsDirectory="fca6b3e1-f8a3-4528-9d37-d1d2fb5acfc0" />
    <UnitTestResult executionId="d76bef43-b3d3-44e7-9405-7766765e7cca" testId="4adcb6de-d6b1-ce7d-930d-8dcc82e4f478" testName="GetLayerVisibilityItemsData_ShouldAddCameraWithViewZoneFixedLayer_WhenCameraMapAndViewZoneLayersAreProvided" computerName="DKSR-EFI-06" duration="00:00:00.0050708" startTime="2024-01-09T15:47:45.8681799+01:00" endTime="2024-01-09T15:47:45.8734267+01:00" testType="13cdc9d9-ddb5-4fa4-a97d-d965ccfc6d4b" outcome="Passed" testListId="8c84fa94-04c1-424b-9868-57a2d4851a1d" relativeResultsDirectory="d76bef43-b3d3-44e7-9405-7766765e7cca" />
    <UnitTestResult executionId="3d74fab9-c812-4480-a940-6d9278b4718c" testId="48a343bd-9a05-413c-06ca-9a257f76938b" testName="Constructor_ShouldRaiseArgumentException_WhenEventServerIdsAreRepeated" computerName="DKSR-EFI-06" duration="00:00:00.0005975" startTime="2024-01-09T15:48:52.8519355+01:00" endTime="2024-01-09T15:48:52.8526922+01:00" testType="13cdc9d9-ddb5-4fa4-a97d-d965ccfc6d4b" outcome="Passed" testListId="8c84fa94-04c1-424b-9868-57a2d4851a1d" relativeResultsDirectory="3d74fab9-c812-4480-a940-6d9278b4718c" />
    <UnitTestResult executionId="455f0c7d-50c1-4272-ad24-93878e48cb03" testId="454652c1-c285-915f-adae-d89d6726087e" testName="SmartSearchStatusType_ShouldYieldSameValuesForAllEnumValues_WhenRoundTripConverted (SearchEndTimeReached,SearchEndTimeReached)" computerName="DKSR-EFI-06" duration="00:00:00.0000227" startTime="2024-01-09T15:47:41.0206410+01:00" endTime="2024-01-09T15:47:41.0208226+01:00" testType="13cdc9d9-ddb5-4fa4-a97d-d965ccfc6d4b" outcome="Passed" testListId="8c84fa94-04c1-424b-9868-57a2d4851a1d" relativeResultsDirectory="455f0c7d-50c1-4272-ad24-93878e48cb03" />
    <UnitTestResult executionId="162c20d2-b077-471b-a9d2-79c97b3910f0" testId="2e98d886-c9c5-7fb8-f647-7bfb037cf4a5" testName="MapInputIcons_WhenMilestoneOemResource_ShouldReturnSevenIcons" computerName="DKSR-EFI-06" duration="00:00:00.0449938" startTime="2024-01-09T15:48:50.6791036+01:00" endTime="2024-01-09T15:48:50.7242913+01:00" testType="13cdc9d9-ddb5-4fa4-a97d-d965ccfc6d4b" outcome="Passed" testListId="8c84fa94-04c1-424b-9868-57a2d4851a1d" relativeResultsDirectory="162c20d2-b077-471b-a9d2-79c97b3910f0" />
    <UnitTestResult executionId="6934e80c-2479-4fe9-952b-abae437b6c2d" testId="addbc64d-1bd3-678f-14d6-6dd2dda6bd02" testName="IsCurrentCenterEqualTo_ShouldReturnTrue_WhenValuesAreEqualWithinGivenPrecision" computerName="DKSR-EFI-06" duration="00:00:00.0046622" startTime="2024-01-09T15:47:47.2477499+01:00" endTime="2024-01-09T15:47:47.2525296+01:00" testType="13cdc9d9-ddb5-4fa4-a97d-d965ccfc6d4b" outcome="Passed" testListId="8c84fa94-04c1-424b-9868-57a2d4851a1d" relativeResultsDirectory="6934e80c-2479-4fe9-952b-abae437b6c2d" />
    <UnitTestResult executionId="25c382db-8e94-4d0c-960d-8cbc666e901a" testId="80e1e452-82cf-b088-db40-d28f7d32c62d" testName="EdgeRetrieve when Live" computerName="DKSR-EFI-06" duration="00:00:00.0161652" startTime="2024-01-09T15:48:44.4031801+01:00" endTime="2024-01-09T15:48:44.6194645+01:00" testType="13cdc9d9-ddb5-4fa4-a97d-d965ccfc6d4b" outcome="Passed" testListId="8c84fa94-04c1-424b-9868-57a2d4851a1d" relativeResultsDirectory="25c382db-8e94-4d0c-960d-8cbc666e901a" />
    <UnitTestResult executionId="f00adf61-e371-441a-862f-d3b6f555e57b" testId="51b24619-a3ed-9418-8456-52beb88978c3" testName="No_warning_when_removing_camera_with_unrelated_device_with_no_update_rights" computerName="DKSR-EFI-06" duration="00:00:00.0018100" startTime="2024-01-09T15:48:52.4967584+01:00" endTime="2024-01-09T15:48:52.4987000+01:00" testType="13cdc9d9-ddb5-4fa4-a97d-d965ccfc6d4b" outcome="Passed" testListId="8c84fa94-04c1-424b-9868-57a2d4851a1d" relativeResultsDirectory="f00adf61-e371-441a-862f-d3b6f555e57b" />
    <UnitTestResult executionId="4dcfcab1-84d8-420e-a7d4-da9003b949e7" testId="694752a6-f80f-3cf2-2854-db6d5b4b1e01" testName="PtzInfoViewModel_PtzReservedByOtherUserTest" computerName="DKSR-EFI-06" duration="00:00:00.0013807" startTime="2024-01-09T15:47:43.5813741+01:00" endTime="2024-01-09T15:47:43.5829244+01:00" testType="13cdc9d9-ddb5-4fa4-a97d-d965ccfc6d4b" outcome="Passed" testListId="8c84fa94-04c1-424b-9868-57a2d4851a1d" relativeResultsDirectory="4dcfcab1-84d8-420e-a7d4-da9003b949e7" />
    <UnitTestResult executionId="f5da58be-9ade-490d-95a1-63f7b150531e" testId="a9a49dd9-77fa-e02e-a80e-c665ef39753c" testName="WhenActionExecutedWithAlarmsForSoSubscribedObserverThenNoObserverNotified" computerName="DKSR-EFI-06" duration="00:00:00.0020792" startTime="2024-01-09T15:48:43.1381907+01:00" endTime="2024-01-09T15:48:43.1404215+01:00" testType="13cdc9d9-ddb5-4fa4-a97d-d965ccfc6d4b" outcome="Passed" testListId="8c84fa94-04c1-424b-9868-57a2d4851a1d" relativeResultsDirectory="f5da58be-9ade-490d-95a1-63f7b150531e" />
    <UnitTestResult executionId="f32bb0e3-8c72-4974-8bb1-03196e2f297f" testId="ae1ed87e-08b0-6456-55b5-f1c7e9a80148" testName="CreateDefinition_FireSingleSearchResult_SearchFinishedWithResults" computerName="DKSR-EFI-06" duration="00:00:00.0084937" startTime="2024-01-09T15:48:26.3842830+01:00" endTime="2024-01-09T15:48:26.3929203+01:00" testType="13cdc9d9-ddb5-4fa4-a97d-d965ccfc6d4b" outcome="Passed" testListId="8c84fa94-04c1-424b-9868-57a2d4851a1d" relativeResultsDirectory="f32bb0e3-8c72-4974-8bb1-03196e2f297f" />
    <UnitTestResult executionId="084b4ae0-2752-490b-b7be-5bfa439c1ffe" testId="d640e950-edb7-4ec2-9af0-4b559a6b67cf" testName="UpdateItemState_Hidden_WrongWorkSpaceState" computerName="DKSR-EFI-06" duration="00:00:00.0042522" startTime="2024-01-09T15:48:49.6292500+01:00" endTime="2024-01-09T15:48:49.6336958+01:00" testType="13cdc9d9-ddb5-4fa4-a97d-d965ccfc6d4b" outcome="Passed" testListId="8c84fa94-04c1-424b-9868-57a2d4851a1d" relativeResultsDirectory="084b4ae0-2752-490b-b7be-5bfa439c1ffe" />
    <UnitTestResult executionId="5489cb95-40aa-42cc-8c96-810fee9f582c" testId="ea5a4ea7-1d9c-b14b-b54d-c59f326749f2" testName="TestSwitchWorkroom_UnknownWorkroom_Refuse" computerName="DKSR-EFI-06" duration="00:00:00.0099051" startTime="2024-01-09T15:47:43.0036647+01:00" endTime="2024-01-09T15:47:43.0137263+01:00" testType="13cdc9d9-ddb5-4fa4-a97d-d965ccfc6d4b" outcome="Passed" testListId="8c84fa94-04c1-424b-9868-57a2d4851a1d" relativeResultsDirectory="5489cb95-40aa-42cc-8c96-810fee9f582c" />
    <UnitTestResult executionId="993ef97c-b872-41f9-b221-3071bcac9c3e" testId="6bf98392-1073-05ae-8e9e-5a0aa6674b1b" testName="ToUnsafeName_SingleNonKeywordName_Success" computerName="DKSR-EFI-06" duration="00:00:00.0001088" startTime="2024-01-09T15:48:51.6645095+01:00" endTime="2024-01-09T15:48:51.6647378+01:00" testType="13cdc9d9-ddb5-4fa4-a97d-d965ccfc6d4b" outcome="Passed" testListId="8c84fa94-04c1-424b-9868-57a2d4851a1d" relativeResultsDirectory="993ef97c-b872-41f9-b221-3071bcac9c3e" />
    <UnitTestResult executionId="26b41f14-568b-4ca1-9a36-e10d80344657" testId="80316af5-ff8d-d096-8b7d-158b3853fd75" testName="Constructor_ShouldRaiseArgumentNullException_WhenGisMapModelIsNull" computerName="DKSR-EFI-06" duration="00:00:00.0845900" startTime="2024-01-09T15:47:50.4476885+01:00" endTime="2024-01-09T15:47:50.5325773+01:00" testType="13cdc9d9-ddb5-4fa4-a97d-d965ccfc6d4b" outcome="Passed" testListId="8c84fa94-04c1-424b-9868-57a2d4851a1d" relativeResultsDirectory="26b41f14-568b-4ca1-9a36-e10d80344657" />
    <UnitTestResult executionId="35c90834-c1ad-45fb-ad1a-b208660d9c93" testId="b747edf0-9262-f0c5-aca1-78a34402aa92" testName="SearchAction_LiveMode" computerName="DKSR-EFI-06" duration="00:00:00.0232401" startTime="2024-01-09T15:48:45.8232355+01:00" endTime="2024-01-09T15:48:45.8466336+01:00" testType="13cdc9d9-ddb5-4fa4-a97d-d965ccfc6d4b" outcome="Passed" testListId="8c84fa94-04c1-424b-9868-57a2d4851a1d" relativeResultsDirectory="35c90834-c1ad-45fb-ad1a-b208660d9c93" />
    <UnitTestResult executionId="34cdc8e3-086b-443a-b55b-51fbc4cbae71" testId="820765dc-029b-30df-a6e4-7e3395cecf69" testName="NavigateAndSelectAsync_ZoomOut_ReCenterCommandEnabled" computerName="DKSR-EFI-06" duration="00:00:00.0330258" startTime="2024-01-09T15:47:45.5248492+01:00" endTime="2024-01-09T15:47:45.5606011+01:00" testType="13cdc9d9-ddb5-4fa4-a97d-d965ccfc6d4b" outcome="Passed" testListId="8c84fa94-04c1-424b-9868-57a2d4851a1d" relativeResultsDirectory="34cdc8e3-086b-443a-b55b-51fbc4cbae71" />
    <UnitTestResult executionId="637ec2ae-bfb4-4a42-b79d-1a032e401546" testId="e9b6f05b-8b63-04bd-4d02-75ef2000b3a9" testName="DetermineUserAllowsUnsecureConnection_WhereUserIsNotAskedAndUnsecureIsNotAllow_ShouldReturnFalse" computerName="DKSR-EFI-06" duration="00:00:00.0134242" startTime="2024-01-09T15:47:41.2000380+01:00" endTime="2024-01-09T15:47:41.2151894+01:00" testType="13cdc9d9-ddb5-4fa4-a97d-d965ccfc6d4b" outcome="Passed" testListId="8c84fa94-04c1-424b-9868-57a2d4851a1d" relativeResultsDirectory="637ec2ae-bfb4-4a42-b79d-1a032e401546" />
    <UnitTestResult executionId="e3eca625-561d-4023-b3b4-a30c22b542e1" testId="4ada3711-10ca-c9da-9e10-113cd53a94af" testName="BuildMapOptions_ShouldHandleSecretStringOptionsCorrectly (GisMapBingMapKey,someText,True)" computerName="DKSR-EFI-06" duration="00:00:00.0014452" startTime="2024-01-09T15:48:51.5562545+01:00" endTime="2024-01-09T15:48:51.5578718+01:00" testType="13cdc9d9-ddb5-4fa4-a97d-d965ccfc6d4b" outcome="Passed" testListId="8c84fa94-04c1-424b-9868-57a2d4851a1d" relativeResultsDirectory="e3eca625-561d-4023-b3b4-a30c22b542e1" />
    <UnitTestResult executionId="ea395643-e9af-4c17-8f76-1d06e4cdb07b" testId="fbe353e8-c445-3d4e-0596-dbc13a8e8e1e" testName="GetMapLayerArguments_ShouldReturnIGisMapModelAndAlarmsObservables_WhenCalled" computerName="DKSR-EFI-06" duration="00:00:00.0006232" startTime="2024-01-09T15:48:40.7755894+01:00" endTime="2024-01-09T15:48:40.7763442+01:00" testType="13cdc9d9-ddb5-4fa4-a97d-d965ccfc6d4b" outcome="Passed" testListId="8c84fa94-04c1-424b-9868-57a2d4851a1d" relativeResultsDirectory="ea395643-e9af-4c17-8f76-1d06e4cdb07b" />
    <UnitTestResult executionId="ce236bd8-598c-47dc-9a97-9a446e5a033e" testId="89928fee-575e-9986-6b1d-9005971a41e3" testName="OpenStreetMapLayerIsDisabled_ShouldReturnTrue_WhenOpenStreetMapGeographicLayerOptionIsNotAvailableAndOpenStreetMapAlternativeServerIsInvalidURl" computerName="DKSR-EFI-06" duration="00:00:00.0066276" startTime="2024-01-09T15:48:38.8001230+01:00" endTime="2024-01-09T15:48:38.8068976+01:00" testType="13cdc9d9-ddb5-4fa4-a97d-d965ccfc6d4b" outcome="Passed" testListId="8c84fa94-04c1-424b-9868-57a2d4851a1d" relativeResultsDirectory="ce236bd8-598c-47dc-9a97-9a446e5a033e" />
    <UnitTestResult executionId="88383c0f-6416-4459-8ef3-18c24471c130" testId="37999a11-7cfa-34e4-a6d5-5a66aba3e122" testName="ActiveInteractionStateBinding_ShouldOnlyContainNormal_WhenCtorIsCalled" computerName="DKSR-EFI-06" duration="00:00:00.0109519" startTime="2024-01-09T15:47:47.4017768+01:00" endTime="2024-01-09T15:47:47.4153638+01:00" testType="13cdc9d9-ddb5-4fa4-a97d-d965ccfc6d4b" outcome="Passed" testListId="8c84fa94-04c1-424b-9868-57a2d4851a1d" relativeResultsDirectory="88383c0f-6416-4459-8ef3-18c24471c130" />
    <UnitTestResult executionId="48dd7ca1-2c39-479a-bb88-cad6f1d10d62" testId="7e7d56df-e811-fb96-c231-b34d18240573" testName="GetIndexExtent_MilestoneCampusZoomMax_MilestoneBuildingIsConvered" computerName="DKSR-EFI-06" duration="00:00:00.0002452" startTime="2024-01-09T15:48:43.7042632+01:00" endTime="2024-01-09T15:48:43.7046495+01:00" testType="13cdc9d9-ddb5-4fa4-a97d-d965ccfc6d4b" outcome="Passed" testListId="8c84fa94-04c1-424b-9868-57a2d4851a1d" relativeResultsDirectory="48dd7ca1-2c39-479a-bb88-cad6f1d10d62" />
    <UnitTestResult executionId="0882dcb5-5de4-4156-9fec-92125d76e4be" testId="8a4d4995-3c1b-876f-b006-d12439f37a6d" testName="AndOrSearchDefinitionToVisibilityMultiConverter_CallConvert_FirstInList" computerName="DKSR-EFI-06" duration="00:00:00.0013349" startTime="2024-01-09T15:48:10.2635272+01:00" endTime="2024-01-09T15:48:10.2650132+01:00" testType="13cdc9d9-ddb5-4fa4-a97d-d965ccfc6d4b" outcome="Passed" testListId="8c84fa94-04c1-424b-9868-57a2d4851a1d" relativeResultsDirectory="0882dcb5-5de4-4156-9fec-92125d76e4be" />
    <UnitTestResult executionId="d5d08bf5-5774-483f-978c-6cad9c2d74c3" testId="7c485018-e81c-b9cc-ee22-382cb4b7a7c1" testName="IsDeviceSupported_ShouldReturnTrue_WhenCameraKind" computerName="DKSR-EFI-06" duration="00:00:00.0003517" startTime="2024-01-09T15:47:51.0996854+01:00" endTime="2024-01-09T15:47:51.1002958+01:00" testType="13cdc9d9-ddb5-4fa4-a97d-d965ccfc6d4b" outcome="Passed" testListId="8c84fa94-04c1-424b-9868-57a2d4851a1d" relativeResultsDirectory="d5d08bf5-5774-483f-978c-6cad9c2d74c3" />
    <UnitTestResult executionId="27a7871c-03d2-46c8-b815-021e5ef56656" testId="89633d51-0a7e-1e94-929d-ec9b25c6de3a" testName="GetKey_ShouldReturnValidConnectionString" computerName="DKSR-EFI-06" duration="00:00:00.0013174" startTime="2024-01-09T15:48:51.6455530+01:00" endTime="2024-01-09T15:48:51.6471178+01:00" testType="13cdc9d9-ddb5-4fa4-a97d-d965ccfc6d4b" outcome="Passed" testListId="8c84fa94-04c1-424b-9868-57a2d4851a1d" relativeResultsDirectory="27a7871c-03d2-46c8-b815-021e5ef56656" />
    <UnitTestResult executionId="d9a805d2-8678-4faf-bea4-72a43ebb6b65" testId="d8e86d95-613e-e989-d6c8-a98a3e38c1b2" testName="MipItemsMapLayer_Saved_Success" computerName="DKSR-EFI-06" duration="00:00:00.0119282" startTime="2024-01-09T15:48:38.7371458+01:00" endTime="2024-01-09T15:48:38.7492349+01:00" testType="13cdc9d9-ddb5-4fa4-a97d-d965ccfc6d4b" outcome="Passed" testListId="8c84fa94-04c1-424b-9868-57a2d4851a1d" relativeResultsDirectory="d9a805d2-8678-4faf-bea4-72a43ebb6b65" />
    <UnitTestResult executionId="97e98bd5-8479-45cd-8df9-6973d822cf79" testId="beb419e5-5bec-3550-745e-1f14592b96f7" testName="AddApiKey_WhereApiKeyValid_ReturnsGoogleMapsUrl" computerName="DKSR-EFI-06" duration="00:00:00.0001262" startTime="2024-01-09T15:47:45.9254306+01:00" endTime="2024-01-09T15:47:45.9256540+01:00" testType="13cdc9d9-ddb5-4fa4-a97d-d965ccfc6d4b" outcome="Passed" testListId="8c84fa94-04c1-424b-9868-57a2d4851a1d" relativeResultsDirectory="97e98bd5-8479-45cd-8df9-6973d822cf79" />
    <UnitTestResult executionId="ecb9da69-6e87-42ca-9cc9-bb026c999197" testId="6c2035c4-97e2-d122-0c36-23cf8131de7d" testName="PtzSessionControllerInfoConstructorTest_From_PtzSessionInfo_Basic_User_Current" computerName="DKSR-EFI-06" duration="00:00:00.0006436" startTime="2024-01-09T15:47:43.1933166+01:00" endTime="2024-01-09T15:47:43.1941036+01:00" testType="13cdc9d9-ddb5-4fa4-a97d-d965ccfc6d4b" outcome="Passed" testListId="8c84fa94-04c1-424b-9868-57a2d4851a1d" relativeResultsDirectory="ecb9da69-6e87-42ca-9cc9-bb026c999197" />
    <UnitTestResult executionId="c07ffd96-3271-4612-a357-72cb30365ef8" testId="7b2ce89e-8bf2-0763-c57e-0285adbdcf5c" testName="Constructor_ShouldRaiseArgumentNullException_WhenLayersIsNull" computerName="DKSR-EFI-06" duration="00:00:00.0016914" startTime="2024-01-09T15:48:42.9381956+01:00" endTime="2024-01-09T15:48:42.9402476+01:00" testType="13cdc9d9-ddb5-4fa4-a97d-d965ccfc6d4b" outcome="Passed" testListId="8c84fa94-04c1-424b-9868-57a2d4851a1d" relativeResultsDirectory="c07ffd96-3271-4612-a357-72cb30365ef8" />
    <UnitTestResult executionId="cb7de364-8ed6-4930-959c-adabd34f8716" testId="afb5f821-aab1-c9e5-0826-d01d69508cc0" testName="Passwords are not the same, lower length" computerName="DKSR-EFI-06" duration="00:00:00.0002324" startTime="2024-01-09T15:47:52.2218725+01:00" endTime="2024-01-09T15:47:52.2222359+01:00" testType="13cdc9d9-ddb5-4fa4-a97d-d965ccfc6d4b" outcome="Passed" testListId="8c84fa94-04c1-424b-9868-57a2d4851a1d" relativeResultsDirectory="cb7de364-8ed6-4930-959c-adabd34f8716" />
    <UnitTestResult executionId="002ce948-9325-455b-817c-9f3efde7768a" testId="eb41b80f-fe87-ec26-1817-78a947446eac" testName="UpdateItems_WhenStrategyReturnsUpdateNeeded_ShouldResultInMipItemsReadyEvent" computerName="DKSR-EFI-06" duration="00:00:00.0896381" startTime="2024-01-09T15:47:49.7283896+01:00" endTime="2024-01-09T15:47:49.8182698+01:00" testType="13cdc9d9-ddb5-4fa4-a97d-d965ccfc6d4b" outcome="Passed" testListId="8c84fa94-04c1-424b-9868-57a2d4851a1d" relativeResultsDirectory="002ce948-9325-455b-817c-9f3efde7768a" />
    <UnitTestResult executionId="c831f7d7-fad9-4dfb-acb8-755fdba7a05d" testId="f524f1c4-1318-ce7b-3939-10f70b1c9bd9" testName="GisPointToIndexGridPosition_SouthPole_Success" computerName="DKSR-EFI-06" duration="00:00:00.0001808" startTime="2024-01-09T15:48:43.6991718+01:00" endTime="2024-01-09T15:48:43.6994818+01:00" testType="13cdc9d9-ddb5-4fa4-a97d-d965ccfc6d4b" outcome="Passed" testListId="8c84fa94-04c1-424b-9868-57a2d4851a1d" relativeResultsDirectory="c831f7d7-fad9-4dfb-acb8-755fdba7a05d" />
    <UnitTestResult executionId="e591fb2e-e4ea-4329-8b78-cf78bcb0b523" testId="abb67912-1d6f-1304-0ce6-d0a01fbfb2dc" testName="UpdateItemState_Hidden_WrongServerProtocol" computerName="DKSR-EFI-06" duration="00:00:00.0029934" startTime="2024-01-09T15:48:49.6153675+01:00" endTime="2024-01-09T15:48:49.6185142+01:00" testType="13cdc9d9-ddb5-4fa4-a97d-d965ccfc6d4b" outcome="Passed" testListId="8c84fa94-04c1-424b-9868-57a2d4851a1d" relativeResultsDirectory="e591fb2e-e4ea-4329-8b78-cf78bcb0b523" />
    <UnitTestResult executionId="9b58c072-3674-49c6-97b7-261580203928" testId="8f5491df-5fca-1dbe-cd17-6a2db5019ce9" testName="SignUrl_WhereSignatureIsNull_ThrowException" computerName="DKSR-EFI-06" duration="00:00:00.0002503" startTime="2024-01-09T15:47:45.9274749+01:00" endTime="2024-01-09T15:47:45.9278589+01:00" testType="13cdc9d9-ddb5-4fa4-a97d-d965ccfc6d4b" outcome="Passed" testListId="8c84fa94-04c1-424b-9868-57a2d4851a1d" relativeResultsDirectory="9b58c072-3674-49c6-97b7-261580203928" />
    <UnitTestResult executionId="b9e9606c-9645-42ca-8720-4c9308edb5bf" testId="9db4bf7e-3e99-c9d1-0a71-7ee3bc093993" testName="Serialize_ShouldSerializeCombineType_WhenPresentInData" computerName="DKSR-EFI-06" duration="00:00:00.0007960" startTime="2024-01-09T15:48:26.7926945+01:00" endTime="2024-01-09T15:48:26.7936314+01:00" testType="13cdc9d9-ddb5-4fa4-a97d-d965ccfc6d4b" outcome="Passed" testListId="8c84fa94-04c1-424b-9868-57a2d4851a1d" relativeResultsDirectory="b9e9606c-9645-42ca-8720-4c9308edb5bf" />
    <UnitTestResult executionId="96017ebb-3778-4dfc-9363-728f47c8fff4" testId="38c61dcc-3a50-a0a7-0dea-c65fb41e4802" testName="SearchResultCombineType_ShouldSetSearchTemplateAsModified_WhenValueChangesAndSearchTemplateIsActive" computerName="DKSR-EFI-06" duration="00:00:00.0060361" startTime="2024-01-09T15:48:25.3523913+01:00" endTime="2024-01-09T15:48:25.3585902+01:00" testType="13cdc9d9-ddb5-4fa4-a97d-d965ccfc6d4b" outcome="Passed" testListId="8c84fa94-04c1-424b-9868-57a2d4851a1d" relativeResultsDirectory="96017ebb-3778-4dfc-9363-728f47c8fff4" />
    <UnitTestResult executionId="653dc278-9f7e-40cd-a7ea-13535e52f6c0" testId="29cd7680-6529-be15-6bcd-e95b8579b607" testName="ActiveInteractionStateBinding_ShouldOnlyContainNormalAndNewDevice_WhenCtorIsCalled" computerName="DKSR-EFI-06" duration="00:00:00.0179171" startTime="2024-01-09T15:47:48.0012862+01:00" endTime="2024-01-09T15:47:48.0216134+01:00" testType="13cdc9d9-ddb5-4fa4-a97d-d965ccfc6d4b" outcome="Passed" testListId="8c84fa94-04c1-424b-9868-57a2d4851a1d" relativeResultsDirectory="653dc278-9f7e-40cd-a7ea-13535e52f6c0" />
    <UnitTestResult executionId="88ba72a1-9dc7-47c6-9a42-4e1840509fb6" testId="fb699dcc-5e5e-47d1-e653-08665478eed9" testName="AddCriteriaCommand_AddCriteriaCommand_InEditSearchDefinitionCorrect" computerName="DKSR-EFI-06" duration="00:00:00.0084150" startTime="2024-01-09T15:48:25.0086637+01:00" endTime="2024-01-09T15:48:25.0172389+01:00" testType="13cdc9d9-ddb5-4fa4-a97d-d965ccfc6d4b" outcome="Passed" testListId="8c84fa94-04c1-424b-9868-57a2d4851a1d" relativeResultsDirectory="88ba72a1-9dc7-47c6-9a42-4e1840509fb6" />
    <UnitTestResult executionId="9e35efbb-258a-4e08-a552-af43cfa0cd2b" testId="cee32012-58c3-68f0-2859-0edd65456cf2" testName="EdgeRetrievalDisabled_WithNoRetrieveEdgeRecordingsDevices" computerName="DKSR-EFI-06" duration="00:00:00.0170748" startTime="2024-01-09T15:48:44.6576515+01:00" endTime="2024-01-09T15:48:44.6749022+01:00" testType="13cdc9d9-ddb5-4fa4-a97d-d965ccfc6d4b" outcome="Passed" testListId="8c84fa94-04c1-424b-9868-57a2d4851a1d" relativeResultsDirectory="9e35efbb-258a-4e08-a552-af43cfa0cd2b" />
    <UnitTestResult executionId="943e69e2-9b8a-4688-8418-6b43c9d004f9" testId="7d0d6edf-f56b-d148-3827-35b36e3e80c4" testName="OnLoaded_ValidConfigurationInlineEditNoUserControl_InlineAttributeEditControlNotSet" computerName="DKSR-EFI-06" duration="00:00:00.0095081" startTime="2024-01-09T15:47:53.7680558+01:00" endTime="2024-01-09T15:47:53.7804222+01:00" testType="13cdc9d9-ddb5-4fa4-a97d-d965ccfc6d4b" outcome="Passed" testListId="8c84fa94-04c1-424b-9868-57a2d4851a1d" relativeResultsDirectory="943e69e2-9b8a-4688-8418-6b43c9d004f9" />
    <UnitTestResult executionId="930895b2-2ee1-4192-bf2e-2a55faa9d706" testId="a8d5f143-40e9-2f91-37a6-26e5ad4ff867" testName="ListenToMicrophone_ShouldBeCalled_WhenMicrophoneStateChangesToUnmuted" computerName="DKSR-EFI-06" duration="00:00:00.0078818" startTime="2024-01-09T15:48:39.8777103+01:00" endTime="2024-01-09T15:48:39.8857439+01:00" testType="13cdc9d9-ddb5-4fa4-a97d-d965ccfc6d4b" outcome="Passed" testListId="8c84fa94-04c1-424b-9868-57a2d4851a1d" relativeResultsDirectory="930895b2-2ee1-4192-bf2e-2a55faa9d706" />
    <UnitTestResult executionId="fa546d76-b6f5-4490-9b9e-d3065fc1252e" testId="3898ccc9-d005-6a67-598e-bc078f848ef1" testName="IsMicrophoneUnmuted_ShouldBeTrue_WhenMicrophoneIsUnmuted" computerName="DKSR-EFI-06" duration="00:00:00.0142180" startTime="2024-01-09T15:48:41.0322828+01:00" endTime="2024-01-09T15:48:41.0490992+01:00" testType="13cdc9d9-ddb5-4fa4-a97d-d965ccfc6d4b" outcome="Passed" testListId="8c84fa94-04c1-424b-9868-57a2d4851a1d" relativeResultsDirectory="fa546d76-b6f5-4490-9b9e-d3065fc1252e" />
    <UnitTestResult executionId="e5e516fd-5847-4035-8021-d6c43ceab84d" testId="c3c8acd6-ab82-9706-0dfb-389b90288a20" testName="SelectOptions_ShouldNotChangeSelectedComponent_WhenGivenNonExistingComponent" computerName="DKSR-EFI-06" duration="00:00:00.0099311" startTime="2024-01-09T15:48:44.1024659+01:00" endTime="2024-01-09T15:48:44.1125922+01:00" testType="13cdc9d9-ddb5-4fa4-a97d-d965ccfc6d4b" outcome="Passed" testListId="8c84fa94-04c1-424b-9868-57a2d4851a1d" relativeResultsDirectory="e5e516fd-5847-4035-8021-d6c43ceab84d" />
    <UnitTestResult executionId="c393e6a0-4a6f-4def-96f5-84a110634453" testId="95b39f8a-1d05-ef16-b7bc-9f5670cd4fdd" testName="ManualRecordingResultDto_ShouldYieldSameValues_WhenRoundTripConverted" computerName="DKSR-EFI-06" duration="00:00:00.0010994" startTime="2024-01-09T15:47:40.9849580+01:00" endTime="2024-01-09T15:47:40.9861618+01:00" testType="13cdc9d9-ddb5-4fa4-a97d-d965ccfc6d4b" outcome="Passed" testListId="8c84fa94-04c1-424b-9868-57a2d4851a1d" relativeResultsDirectory="c393e6a0-4a6f-4def-96f5-84a110634453" />
    <UnitTestResult executionId="c58902ee-19ca-4781-80a5-3a622b1c4c1e" testId="593594fc-46c9-b9c0-d561-0e066e80633b" testName="No_warning_when_removing_camera_with_related_device_with_no_update_rights" computerName="DKSR-EFI-06" duration="00:00:00.0019344" startTime="2024-01-09T15:48:52.4941708+01:00" endTime="2024-01-09T15:48:52.4962351+01:00" testType="13cdc9d9-ddb5-4fa4-a97d-d965ccfc6d4b" outcome="Passed" testListId="8c84fa94-04c1-424b-9868-57a2d4851a1d" relativeResultsDirectory="c58902ee-19ca-4781-80a5-3a622b1c4c1e" />
    <UnitTestResult executionId="168f8267-a8eb-4e3c-b129-99d6ad2b7adb" testId="fd462d91-75b7-b364-0ac2-28f926aa5acd" testName="Decorate_ShouldRaiseArgumentNullException_WhenLayerVisibilityItemDataIsNull" computerName="DKSR-EFI-06" duration="00:00:00.0004003" startTime="2024-01-09T15:47:45.9024612+01:00" endTime="2024-01-09T15:47:45.9030132+01:00" testType="13cdc9d9-ddb5-4fa4-a97d-d965ccfc6d4b" outcome="Passed" testListId="8c84fa94-04c1-424b-9868-57a2d4851a1d" relativeResultsDirectory="168f8267-a8eb-4e3c-b129-99d6ad2b7adb" />
    <UnitTestResult executionId="229bb23b-9852-4444-a556-dacd60aaabd3" testId="53482988-7657-3aab-fcf9-974d42e0179b" testName="SidePanelToggleButtonIsVisible_DependingOnConditions (Normal,True,True,False)" computerName="DKSR-EFI-06" duration="00:00:00.0159430" startTime="2024-01-09T15:48:44.7134728+01:00" endTime="2024-01-09T15:48:44.7296573+01:00" testType="13cdc9d9-ddb5-4fa4-a97d-d965ccfc6d4b" outcome="Passed" testListId="8c84fa94-04c1-424b-9868-57a2d4851a1d" relativeResultsDirectory="229bb23b-9852-4444-a556-dacd60aaabd3" />
    <UnitTestResult executionId="fd7720a0-1cda-46bc-b72d-81a7ec41453d" testId="20ac81fe-1ffb-543e-951e-5e427e17f69b" testName="AddSelectedWindowsToExport_ShouldShowCorrectToastMessages (0,1,0)" computerName="DKSR-EFI-06" duration="00:00:00.0020873" startTime="2024-01-09T15:48:45.4384363+01:00" endTime="2024-01-09T15:48:45.4407059+01:00" testType="13cdc9d9-ddb5-4fa4-a97d-d965ccfc6d4b" outcome="Passed" testListId="8c84fa94-04c1-424b-9868-57a2d4851a1d" relativeResultsDirectory="fd7720a0-1cda-46bc-b72d-81a7ec41453d" />
    <UnitTestResult executionId="ab32bec4-853f-4ee3-a610-7f355697a634" testId="9b908469-0451-8cb6-bea4-479be46ad482" testName="OnLoaded_ValidConfigurationInlineEdit_InlineAttributeEditControlSet" computerName="DKSR-EFI-06" duration="00:00:00.3796912" startTime="2024-01-09T15:47:53.3848364+01:00" endTime="2024-01-09T15:47:53.7675247+01:00" testType="13cdc9d9-ddb5-4fa4-a97d-d965ccfc6d4b" outcome="Passed" testListId="8c84fa94-04c1-424b-9868-57a2d4851a1d" relativeResultsDirectory="ab32bec4-853f-4ee3-a610-7f355697a634" />
    <UnitTestResult executionId="c552d9c2-bb34-466b-9652-94d4230e4f11" testId="55807824-53e4-23f9-def8-1210782703cc" testName="OnLayersRetrieved_ShouldSetComponentsOrdered_WhenLayersCollectionContainsOutput" computerName="DKSR-EFI-06" duration="00:00:00.0106818" startTime="2024-01-09T15:47:45.1623689+01:00" endTime="2024-01-09T15:47:45.1763101+01:00" testType="13cdc9d9-ddb5-4fa4-a97d-d965ccfc6d4b" outcome="Passed" testListId="8c84fa94-04c1-424b-9868-57a2d4851a1d" relativeResultsDirectory="c552d9c2-bb34-466b-9652-94d4230e4f11" />
    <UnitTestResult executionId="f06faf9f-789e-48b1-94f1-9eb6ccaa8db3" testId="4fb20969-8818-625a-fe73-6165a97fd7c8" testName="SetIncludePartialResults_ShouldRespectResultsToReselect_WhenResultsToReselectIsNotEmpty" computerName="DKSR-EFI-06" duration="00:00:00.0020187" startTime="2024-01-09T15:48:26.6557070+01:00" endTime="2024-01-09T15:48:26.6578559+01:00" testType="13cdc9d9-ddb5-4fa4-a97d-d965ccfc6d4b" outcome="Passed" testListId="8c84fa94-04c1-424b-9868-57a2d4851a1d" relativeResultsDirectory="f06faf9f-789e-48b1-94f1-9eb6ccaa8db3" />
    <UnitTestResult executionId="2dcdf4fe-4ceb-40a1-a887-72f22cc22ebb" testId="e0d78dcd-5614-964a-05ab-ebe0da0d939b" testName="ScrollIntoView_Sync_DataContextChange_Scrolled" computerName="DKSR-EFI-06" duration="00:00:00.0844456" startTime="2024-01-09T15:47:53.2155680+01:00" endTime="2024-01-09T15:47:53.3035908+01:00" testType="13cdc9d9-ddb5-4fa4-a97d-d965ccfc6d4b" outcome="Passed" testListId="8c84fa94-04c1-424b-9868-57a2d4851a1d" relativeResultsDirectory="2dcdf4fe-4ceb-40a1-a887-72f22cc22ebb" />
    <UnitTestResult executionId="be675725-220b-4fd5-9122-daa4ae09088e" testId="043e653c-51c1-1e91-2072-c6aa4ad8dfeb" testName="EnsureLayersOrderIsValidBy_AddLayerAt_Success" computerName="DKSR-EFI-06" duration="00:00:00.0206547" startTime="2024-01-09T15:48:40.6306301+01:00" endTime="2024-01-09T15:48:40.6514701+01:00" testType="13cdc9d9-ddb5-4fa4-a97d-d965ccfc6d4b" outcome="Passed" testListId="8c84fa94-04c1-424b-9868-57a2d4851a1d" relativeResultsDirectory="be675725-220b-4fd5-9122-daa4ae09088e" />
    <UnitTestResult executionId="ccaeed7b-085d-4d2d-99a7-47347d1d84d9" testId="5c9e3b97-385d-08ab-8be4-492336c43670" testName="Convert_InvalidSecondArgument_Collapsed" computerName="DKSR-EFI-06" duration="00:00:00.0003647" startTime="2024-01-09T15:48:10.3435959+01:00" endTime="2024-01-09T15:48:10.3442832+01:00" testType="13cdc9d9-ddb5-4fa4-a97d-d965ccfc6d4b" outcome="Passed" testListId="8c84fa94-04c1-424b-9868-57a2d4851a1d" relativeResultsDirectory="ccaeed7b-085d-4d2d-99a7-47347d1d84d9" />
    <UnitTestResult executionId="ae746a19-f726-44c8-a713-dfaa2e14c542" testId="b7cfc484-cb4b-49fc-a4f0-d587f8a4ea1f" testName="HandleSetLayerFeatures_ShouldRaiseArgumentException_WhenNotMicrophoneKindAndMicrophoneLayerFeatures" computerName="DKSR-EFI-06" duration="00:00:00.0026898" startTime="2024-01-09T15:48:42.9654019+01:00" endTime="2024-01-09T15:48:42.9682941+01:00" testType="13cdc9d9-ddb5-4fa4-a97d-d965ccfc6d4b" outcome="Passed" testListId="8c84fa94-04c1-424b-9868-57a2d4851a1d" relativeResultsDirectory="ae746a19-f726-44c8-a713-dfaa2e14c542" />
    <UnitTestResult executionId="33ba38a9-0ff1-49fe-88dc-051d76391193" testId="5fe6e33e-4c74-05bc-98e6-058910f0ab96" testName="CameraMapItem_AddMapItemsAsync_ShouldSetCameraLayerVisible_IfNotVisibleWhenAddingCamera" computerName="DKSR-EFI-06" duration="00:00:00.0342552" startTime="2024-01-09T15:48:39.3790420+01:00" endTime="2024-01-09T15:48:39.4135128+01:00" testType="13cdc9d9-ddb5-4fa4-a97d-d965ccfc6d4b" outcome="Passed" testListId="8c84fa94-04c1-424b-9868-57a2d4851a1d" relativeResultsDirectory="33ba38a9-0ff1-49fe-88dc-051d76391193" />
    <UnitTestResult executionId="e59d14f7-1b14-440b-b8bb-db5180c48981" testId="174bdb8c-ca63-6d38-8008-0e1813915a8c" testName="TestForAssemblyCoverage" computerName="DKSR-EFI-06" duration="00:00:00.0641084" startTime="2024-01-09T15:47:43.4881787+01:00" endTime="2024-01-09T15:47:43.5525503+01:00" testType="13cdc9d9-ddb5-4fa4-a97d-d965ccfc6d4b" outcome="Passed" testListId="8c84fa94-04c1-424b-9868-57a2d4851a1d" relativeResultsDirectory="e59d14f7-1b14-440b-b8bb-db5180c48981" />
    <UnitTestResult executionId="07d54bcd-1507-4751-9ede-e4c5e76ba1d0" testId="7bad54ac-e807-b7de-c086-e2462b8bfb21" testName="SmartMapGoToAreaHandler_WhenDataIsInvalid_ShouldWriteToLog" computerName="DKSR-EFI-06" duration="00:00:00.0015826" startTime="2024-01-09T15:47:49.6945268+01:00" endTime="2024-01-09T15:47:49.6962188+01:00" testType="13cdc9d9-ddb5-4fa4-a97d-d965ccfc6d4b" outcome="Passed" testListId="8c84fa94-04c1-424b-9868-57a2d4851a1d" relativeResultsDirectory="07d54bcd-1507-4751-9ede-e4c5e76ba1d0" />
    <UnitTestResult executionId="7795e653-3f04-4c7b-8eac-d00912a43b0b" testId="e310b5f1-c455-40bf-82e5-d008ba1db855" testName="TestSaveMap_NoChanges_Success" computerName="DKSR-EFI-06" duration="00:00:00.0343590" startTime="2024-01-09T15:48:40.1548708+01:00" endTime="2024-01-09T15:48:40.1896127+01:00" testType="13cdc9d9-ddb5-4fa4-a97d-d965ccfc6d4b" outcome="Passed" testListId="8c84fa94-04c1-424b-9868-57a2d4851a1d" relativeResultsDirectory="7795e653-3f04-4c7b-8eac-d00912a43b0b">
      <Output>
        <StdOut>Debug Trace:&#xD;
 &gt;&gt;&gt; ERROR: System.NullReferenceException: Object reference not set to an instance of an object.&#xD;
   at VideoOS.RemoteClient.GisMapData.MapLayers.MapLayer.LoadItemsAsync(UIContext context) in D:\actions-runner\_work\XPCO\XPCO\SC\Components\dotNet\VideoOS.RemoteClient.GisMapData\MapLayers\MapLayer.cs:line 531&#xD;
 &gt;&gt;&gt; Stack:    at VideoOS.RemoteClient.GisMapData.MapLayers.MapLayer.LoadItemsAsync(UIContext context) in D:\actions-runner\_work\XPCO\XPCO\SC\Components\dotNet\VideoOS.RemoteClient.GisMapData\MapLayers\MapLayer.cs:line 531&#xD;
 &gt;&gt;&gt; ERROR: System.NullReferenceException: Object reference not set to an instance of an object.&#xD;
   at VideoOS.RemoteClient.GisMapData.MapLayers.MapLayer.LoadItemsAsync(UIContext context) in D:\actions-runner\_work\XPCO\XPCO\SC\Components\dotNet\VideoOS.RemoteClient.GisMapData\MapLayers\MapLayer.cs:line 531&#xD;
 &gt;&gt;&gt; Stack:    at VideoOS.RemoteClient.GisMapData.MapLayers.MapLayer.LoadItemsAsync(UIContext context) in D:\actions-runner\_work\XPCO\XPCO\SC\Components\dotNet\VideoOS.RemoteClient.GisMapData\MapLayers\MapLayer.cs:line 531</StdOut>
      </Output>
    </UnitTestResult>
    <UnitTestResult executionId="e4c36280-4385-46fe-9a29-b49259f5bb11" testId="e6dcebe5-b6cc-8c91-5e65-857f5572db4e" testName="SortBuildingLayers_Success" computerName="DKSR-EFI-06" duration="00:00:00.0069374" startTime="2024-01-09T15:48:40.7348529+01:00" endTime="2024-01-09T15:48:40.7419552+01:00" testType="13cdc9d9-ddb5-4fa4-a97d-d965ccfc6d4b" outcome="Passed" testListId="8c84fa94-04c1-424b-9868-57a2d4851a1d" relativeResultsDirectory="e4c36280-4385-46fe-9a29-b49259f5bb11" />
    <UnitTestResult executionId="889592e2-6f55-41ad-afd3-44e692c01cf9" testId="79dc6ade-1fb5-e53a-3895-120821ee0ad1" testName="Combine_ShouldPassAllHardcodedEdgeCaseTests" computerName="DKSR-EFI-06" duration="00:00:00.0914770" startTime="2024-01-09T15:48:37.1887534+01:00" endTime="2024-01-09T15:48:37.2804308+01:00" testType="13cdc9d9-ddb5-4fa4-a97d-d965ccfc6d4b" outcome="Passed" testListId="8c84fa94-04c1-424b-9868-57a2d4851a1d" relativeResultsDirectory="889592e2-6f55-41ad-afd3-44e692c01cf9">
      <Output>
        <StdOut>Debug Trace:&#xD;
&#xD;
&#xD;
************* TEST RESULTS *************&#xD;
Total tests: 224&#xD;
Passed tests: 224&#xD;
Failed tests: 0</StdOut>
      </Output>
    </UnitTestResult>
    <UnitTestResult executionId="3031d89a-a632-48f5-b29b-2ea3fd819590" testId="45464de9-2088-da3a-85ed-a8a4fecb083d" testName="Ctor_ShouldThrowException_WhenCredentialsAreNull" computerName="DKSR-EFI-06" duration="00:00:00.0010115" startTime="2024-01-09T15:47:43.3404809+01:00" endTime="2024-01-09T15:47:43.3417162+01:00" testType="13cdc9d9-ddb5-4fa4-a97d-d965ccfc6d4b" outcome="Passed" testListId="8c84fa94-04c1-424b-9868-57a2d4851a1d" relativeResultsDirectory="3031d89a-a632-48f5-b29b-2ea3fd819590" />
    <UnitTestResult executionId="882b2a3e-57e5-4c0f-9028-f4e596ae5ac4" testId="d35bc711-77c3-11d0-bc06-2b27557cb244" testName="Decorate_ShouldNotAddChildren_WhenLayerVisibilityItemDataHasANonCameraLayer" computerName="DKSR-EFI-06" duration="00:00:00.0007720" startTime="2024-01-09T15:47:45.9182479+01:00" endTime="2024-01-09T15:47:45.9191347+01:00" testType="13cdc9d9-ddb5-4fa4-a97d-d965ccfc6d4b" outcome="Passed" testListId="8c84fa94-04c1-424b-9868-57a2d4851a1d" relativeResultsDirectory="882b2a3e-57e5-4c0f-9028-f4e596ae5ac4" />
    <UnitTestResult executionId="efed76f8-a322-480f-be2c-30e61118b80e" testId="9f080b69-ff73-e1e5-ebe4-dd30c3c983a4" testName="GetActivatedOutputIconId_ShouldRaiseArgumentException_WhenArgumentIsNotADeactivatedOutputIconId" computerName="DKSR-EFI-06" duration="00:00:00.0006009" startTime="2024-01-09T15:48:40.8396574+01:00" endTime="2024-01-09T15:48:40.8404163+01:00" testType="13cdc9d9-ddb5-4fa4-a97d-d965ccfc6d4b" outcome="Passed" testListId="8c84fa94-04c1-424b-9868-57a2d4851a1d" relativeResultsDirectory="efed76f8-a322-480f-be2c-30e61118b80e" />
    <UnitTestResult executionId="e0a327d7-3219-4f98-b121-5947e127066b" testId="08b3ace1-45f6-6e1d-2bc1-52f8ecd0e63e" testName="SupportsDoubleClick_ShouldBeFalse_WhenInteractionStateIsNormalAndNotInSetupMode" computerName="DKSR-EFI-06" duration="00:00:00.0137587" startTime="2024-01-09T15:47:47.5670663+01:00" endTime="2024-01-09T15:47:47.5835518+01:00" testType="13cdc9d9-ddb5-4fa4-a97d-d965ccfc6d4b" outcome="Passed" testListId="8c84fa94-04c1-424b-9868-57a2d4851a1d" relativeResultsDirectory="e0a327d7-3219-4f98-b121-5947e127066b" />
    <UnitTestResult executionId="bede7d63-8bf3-4d02-9cf4-af7a37d29e61" testId="b6d0f186-52a1-85f5-8e22-24d46ac1ac11" testName="ErrorInModel_Updates_LastError" computerName="DKSR-EFI-06" duration="00:00:00.0180429" startTime="2024-01-09T15:48:40.1361005+01:00" endTime="2024-01-09T15:48:40.1543586+01:00" testType="13cdc9d9-ddb5-4fa4-a97d-d965ccfc6d4b" outcome="Passed" testListId="8c84fa94-04c1-424b-9868-57a2d4851a1d" relativeResultsDirectory="bede7d63-8bf3-4d02-9cf4-af7a37d29e61">
      <Output>
        <StdOut>Debug Trace:&#xD;
 &gt;&gt;&gt; ERROR: System.NullReferenceException: Object reference not set to an instance of an object.&#xD;
   at VideoOS.RemoteClient.GisMapData.GisMapModel.LoadMapAsync(Guid mapId, UIContext context) in D:\actions-runner\_work\XPCO\XPCO\SC\Components\dotNet\VideoOS.RemoteClient.GisMapData\GisMapModel.cs:line 937&#xD;
 &gt;&gt;&gt; Stack:    at VideoOS.RemoteClient.GisMapData.GisMapModel.LoadMapAsync(Guid mapId, UIContext context) in D:\actions-runner\_work\XPCO\XPCO\SC\Components\dotNet\VideoOS.RemoteClient.GisMapData\GisMapModel.cs:line 937</StdOut>
      </Output>
    </UnitTestResult>
    <UnitTestResult executionId="ed054213-3af1-4b7b-ac85-b93947d7a24f" testId="a233d66c-f313-1e74-e181-b2dafdf7eda1" testName="BindingModelTitle_ReactsTo_PluginInstanceTitleUpdate" computerName="DKSR-EFI-06" duration="00:00:00.0020321" startTime="2024-01-09T15:48:45.6105823+01:00" endTime="2024-01-09T15:48:45.6147679+01:00" testType="13cdc9d9-ddb5-4fa4-a97d-d965ccfc6d4b" outcome="Passed" testListId="8c84fa94-04c1-424b-9868-57a2d4851a1d" relativeResultsDirectory="ed054213-3af1-4b7b-ac85-b93947d7a24f" />
    <UnitTestResult executionId="c247467f-104e-4738-a546-5946dadc1726" testId="33fadc7a-7504-99fb-d972-36e4180a8a48" testName="ShowPermissionDeniedStatusBarError_ShouldSendAMessage (1,1)" computerName="DKSR-EFI-06" duration="00:00:00.0033652" startTime="2024-01-09T15:48:45.5446820+01:00" endTime="2024-01-09T15:48:45.5482053+01:00" testType="13cdc9d9-ddb5-4fa4-a97d-d965ccfc6d4b" outcome="Passed" testListId="8c84fa94-04c1-424b-9868-57a2d4851a1d" relativeResultsDirectory="c247467f-104e-4738-a546-5946dadc1726" />
    <UnitTestResult executionId="54f225aa-e4fa-4560-b45b-a2bd0428c201" testId="4fb1e9eb-976d-db8c-6efc-0c953d97980e" testName="Ctor_NullPassedToNotNullParameters_Failure" computerName="DKSR-EFI-06" duration="00:00:00.2123705" startTime="2024-01-09T15:48:23.6758473+01:00" endTime="2024-01-09T15:48:23.8888138+01:00" testType="13cdc9d9-ddb5-4fa4-a97d-d965ccfc6d4b" outcome="Passed" testListId="8c84fa94-04c1-424b-9868-57a2d4851a1d" relativeResultsDirectory="54f225aa-e4fa-4560-b45b-a2bd0428c201" />
    <UnitTestResult executionId="fc5f7a70-a226-4084-8242-9b99cb1aad5e" testId="2b698e66-74fb-6c00-069a-969a34e3db3a" testName="BeginTimeWithPadding_ShouldBeSetToValueOfSearchResult" computerName="DKSR-EFI-06" duration="00:00:00.0002958" startTime="2024-01-09T15:48:26.7349205+01:00" endTime="2024-01-09T15:48:26.7353419+01:00" testType="13cdc9d9-ddb5-4fa4-a97d-d965ccfc6d4b" outcome="Passed" testListId="8c84fa94-04c1-424b-9868-57a2d4851a1d" relativeResultsDirectory="fc5f7a70-a226-4084-8242-9b99cb1aad5e" />
    <UnitTestResult executionId="c307e418-78b9-4d0c-9117-020e76a31134" testId="da008dea-21a3-bbc8-6446-27067c0278d2" testName="RequiredGuidProviderStrategies_ShouldHaveOneMd5Strategy_WhenEventServerIdsAreNonFipsCompliant" computerName="DKSR-EFI-06" duration="00:00:00.0013365" startTime="2024-01-09T15:48:52.8533826+01:00" endTime="2024-01-09T15:48:52.8548694+01:00" testType="13cdc9d9-ddb5-4fa4-a97d-d965ccfc6d4b" outcome="Passed" testListId="8c84fa94-04c1-424b-9868-57a2d4851a1d" relativeResultsDirectory="c307e418-78b9-4d0c-9117-020e76a31134" />
    <UnitTestResult executionId="a7938b7a-19f6-4c20-9805-0f6854fdb206" testId="84b3e980-bdbe-5014-755b-538d50035c46" testName="ToDenormalizedDirection_0_75" computerName="DKSR-EFI-06" duration="00:00:00.0000806" startTime="2024-01-09T15:48:38.6336743+01:00" endTime="2024-01-09T15:48:38.6338751+01:00" testType="13cdc9d9-ddb5-4fa4-a97d-d965ccfc6d4b" outcome="Passed" testListId="8c84fa94-04c1-424b-9868-57a2d4851a1d" relativeResultsDirectory="a7938b7a-19f6-4c20-9805-0f6854fdb206" />
    <UnitTestResult executionId="15061b72-8475-451f-9d0e-76a3a65e8c88" testId="55b69ff1-41fd-5c44-e2a8-b279d7828993" testName="TestMethod1" computerName="DKSR-EFI-06" duration="00:00:00.0047636" startTime="2024-01-09T15:48:38.6234210+01:00" endTime="2024-01-09T15:48:38.6284076+01:00" testType="13cdc9d9-ddb5-4fa4-a97d-d965ccfc6d4b" outcome="Passed" testListId="8c84fa94-04c1-424b-9868-57a2d4851a1d" relativeResultsDirectory="15061b72-8475-451f-9d0e-76a3a65e8c88" />
    <UnitTestResult executionId="3bf152d0-9fcc-4c5b-964f-3bf913c8df7c" testId="854a54be-59a6-d3a9-c68f-32fd5f490d07" testName="GetActivatedOutputIconId_ShouldReturnValidUnDeactivatedOutputIconId_WhenValidDeactivatedOutputIconIdIsProvided" computerName="DKSR-EFI-06" duration="00:00:00.0003845" startTime="2024-01-09T15:48:40.8408795+01:00" endTime="2024-01-09T15:48:40.8414645+01:00" testType="13cdc9d9-ddb5-4fa4-a97d-d965ccfc6d4b" outcome="Passed" testListId="8c84fa94-04c1-424b-9868-57a2d4851a1d" relativeResultsDirectory="3bf152d0-9fcc-4c5b-964f-3bf913c8df7c" />
    <UnitTestResult executionId="9d5cd48e-5b1f-4182-bd85-8da096f22391" testId="d8d8f61c-66c0-35aa-72e8-108d872447d5" testName="UpdateScope_AbsoluteScopeDurationFromTimeChanged_ReturnsTrue" computerName="DKSR-EFI-06" duration="00:00:00.0001633" startTime="2024-01-09T15:48:26.6684908+01:00" endTime="2024-01-09T15:48:26.6687809+01:00" testType="13cdc9d9-ddb5-4fa4-a97d-d965ccfc6d4b" outcome="Passed" testListId="8c84fa94-04c1-424b-9868-57a2d4851a1d" relativeResultsDirectory="9d5cd48e-5b1f-4182-bd85-8da096f22391" />
    <UnitTestResult executionId="b928bd1e-6b7e-4275-991a-bc215a01ced3" testId="076479ee-f448-9ceb-4230-0072b1a0e768" testName="SortLayersByOrderAndTypes_Success" computerName="DKSR-EFI-06" duration="00:00:00.0088196" startTime="2024-01-09T15:48:40.7253529+01:00" endTime="2024-01-09T15:48:40.7343478+01:00" testType="13cdc9d9-ddb5-4fa4-a97d-d965ccfc6d4b" outcome="Passed" testListId="8c84fa94-04c1-424b-9868-57a2d4851a1d" relativeResultsDirectory="b928bd1e-6b7e-4275-991a-bc215a01ced3" />
    <UnitTestResult executionId="acd7ba89-07a2-4075-9348-2c072fcc2201" testId="03362dc6-019e-7120-2944-4e9a1bc66b6d" testName="LoadBoundingShapes_PolygonShape_AddedToUI" computerName="DKSR-EFI-06" duration="00:00:00.0179515" startTime="2024-01-09T15:48:37.8344292+01:00" endTime="2024-01-09T15:48:37.8549483+01:00" testType="13cdc9d9-ddb5-4fa4-a97d-d965ccfc6d4b" outcome="Passed" testListId="8c84fa94-04c1-424b-9868-57a2d4851a1d" relativeResultsDirectory="acd7ba89-07a2-4075-9348-2c072fcc2201" />
    <UnitTestResult executionId="bfec508f-5cc8-434e-b5b4-16e1da587147" testId="f64b2eb0-431a-6fbc-c692-f413cacfb737" testName="GetSLC_ShouldReturnEmptyString_WhenLicenseIsNull" computerName="DKSR-EFI-06" duration="00:00:00.0005004" startTime="2024-01-09T15:48:51.5366689+01:00" endTime="2024-01-09T15:48:51.5411149+01:00" testType="13cdc9d9-ddb5-4fa4-a97d-d965ccfc6d4b" outcome="Passed" testListId="8c84fa94-04c1-424b-9868-57a2d4851a1d" relativeResultsDirectory="bfec508f-5cc8-434e-b5b4-16e1da587147" />
    <UnitTestResult executionId="9be414e0-8f22-4dcb-a34e-22858575e451" testId="092a5f5d-5e92-e7c2-e812-620b9e6c3275" testName="Convert_NoCamerasSelectionsAndNoSearchDefinitions_Collapsed" computerName="DKSR-EFI-06" duration="00:00:00.0002583" startTime="2024-01-09T15:48:10.3450472+01:00" endTime="2024-01-09T15:48:10.3455581+01:00" testType="13cdc9d9-ddb5-4fa4-a97d-d965ccfc6d4b" outcome="Passed" testListId="8c84fa94-04c1-424b-9868-57a2d4851a1d" relativeResultsDirectory="9be414e0-8f22-4dcb-a34e-22858575e451" />
    <UnitTestResult executionId="f3b3113d-721a-4088-a07d-baf000590588" testId="0d816db9-c190-9338-49a3-bd0095232832" testName="BuildContentOptions_ShouldReturnCorrectNumberOfViewItems" computerName="DKSR-EFI-06" duration="00:00:00.0006353" startTime="2024-01-09T15:48:51.5734060+01:00" endTime="2024-01-09T15:48:51.5741707+01:00" testType="13cdc9d9-ddb5-4fa4-a97d-d965ccfc6d4b" outcome="Passed" testListId="8c84fa94-04c1-424b-9868-57a2d4851a1d" relativeResultsDirectory="f3b3113d-721a-4088-a07d-baf000590588" />
    <UnitTestResult executionId="423744f0-edd2-4f85-8f54-80dcf36251f3" testId="026dfb6f-c080-58ce-2d5a-796a4588997d" testName="PtzSessionControllerInfoConstructorTest_From_PtzSessionInfo_Other_User" computerName="DKSR-EFI-06" duration="00:00:00.0006742" startTime="2024-01-09T15:47:43.1959296+01:00" endTime="2024-01-09T15:47:43.1967249+01:00" testType="13cdc9d9-ddb5-4fa4-a97d-d965ccfc6d4b" outcome="Passed" testListId="8c84fa94-04c1-424b-9868-57a2d4851a1d" relativeResultsDirectory="423744f0-edd2-4f85-8f54-80dcf36251f3" />
    <UnitTestResult executionId="54b47f02-e794-4979-876f-162f5931d792" testId="64de8207-d2f2-0b11-e8d3-5f4ca79e44ca" testName="MapLayerType_ShouldBeNull_WhenCalled" computerName="DKSR-EFI-06" duration="00:00:00.0002481" startTime="2024-01-09T15:48:40.7767705+01:00" endTime="2024-01-09T15:48:40.7772139+01:00" testType="13cdc9d9-ddb5-4fa4-a97d-d965ccfc6d4b" outcome="Passed" testListId="8c84fa94-04c1-424b-9868-57a2d4851a1d" relativeResultsDirectory="54b47f02-e794-4979-876f-162f5931d792" />
    <UnitTestResult executionId="5263475c-a129-4dc0-a4f8-7ee64e6475b2" testId="daba4ba3-c0c2-8c2c-c76e-9c5fdbf89a9e" testName="Ctor_CentralizedSearchStateWithSelectedSearchResults_SelectionHelperInitialized" computerName="DKSR-EFI-06" duration="00:00:00.0085625" startTime="2024-01-09T15:48:24.9386269+01:00" endTime="2024-01-09T15:48:24.9473782+01:00" testType="13cdc9d9-ddb5-4fa4-a97d-d965ccfc6d4b" outcome="Passed" testListId="8c84fa94-04c1-424b-9868-57a2d4851a1d" relativeResultsDirectory="5263475c-a129-4dc0-a4f8-7ee64e6475b2" />
    <UnitTestResult executionId="c41828a0-7262-43ec-87fe-4e785948c911" testId="d7aebc88-d17a-4418-cff4-f3007ce02d1e" testName="MutedMicrophoneIconsId_ShouldReturnMutedIconsInAProperOrder_WhenCalled" computerName="DKSR-EFI-06" duration="00:00:00.0005742" startTime="2024-01-09T15:48:40.8192304+01:00" endTime="2024-01-09T15:48:40.8199419+01:00" testType="13cdc9d9-ddb5-4fa4-a97d-d965ccfc6d4b" outcome="Passed" testListId="8c84fa94-04c1-424b-9868-57a2d4851a1d" relativeResultsDirectory="c41828a0-7262-43ec-87fe-4e785948c911" />
    <UnitTestResult executionId="ab46d12f-e340-4d33-b44f-557d64e5fedf" testId="1e269b48-31d1-e9d9-6456-feb927b5229e" testName="GetFeatures_NonCameraMapItemsLayer_ArgumentException" computerName="DKSR-EFI-06" duration="00:00:00.0231579" startTime="2024-01-09T15:48:40.2557388+01:00" endTime="2024-01-09T15:48:40.2791111+01:00" testType="13cdc9d9-ddb5-4fa4-a97d-d965ccfc6d4b" outcome="Passed" testListId="8c84fa94-04c1-424b-9868-57a2d4851a1d" relativeResultsDirectory="ab46d12f-e340-4d33-b44f-557d64e5fedf" />
    <UnitTestResult executionId="471e2257-34cf-4d98-9eb8-ee8147c328ad" testId="f997409a-cc5a-67e4-b0e7-5e198ad107a1" testName="GetMetadataObjectsAsync_ShouldIgnoreNullMetadataObjectsCollectionFromSubResults" computerName="DKSR-EFI-06" duration="00:00:00.0028916" startTime="2024-01-09T15:48:26.7054462+01:00" endTime="2024-01-09T15:48:26.7084776+01:00" testType="13cdc9d9-ddb5-4fa4-a97d-d965ccfc6d4b" outcome="Passed" testListId="8c84fa94-04c1-424b-9868-57a2d4851a1d" relativeResultsDirectory="471e2257-34cf-4d98-9eb8-ee8147c328ad" />
    <UnitTestResult executionId="a8d92a9b-c213-4e17-ab99-c5f08d741f64" testId="4fb4182c-2a3f-97bb-507b-d3ceb3937b43" testName="ExcludeItem_CameraItem_Excluded" computerName="DKSR-EFI-06" duration="00:00:00.0265254" startTime="2024-01-09T15:48:43.1537426+01:00" endTime="2024-01-09T15:48:43.1805771+01:00" testType="13cdc9d9-ddb5-4fa4-a97d-d965ccfc6d4b" outcome="Passed" testListId="8c84fa94-04c1-424b-9868-57a2d4851a1d" relativeResultsDirectory="a8d92a9b-c213-4e17-ab99-c5f08d741f64" />
    <UnitTestResult executionId="69e6fcda-6e7f-425c-93fb-d964f048cbed" testId="0daa0cf2-f08f-9af5-8f90-3afbe873dbac" testName="InitializeTokenException_ShouldThrow_WhenErrorOutOfRangeLow" computerName="DKSR-EFI-06" duration="00:00:00.0003717" startTime="2024-01-09T15:48:51.4139798+01:00" endTime="2024-01-09T15:48:51.4145334+01:00" testType="13cdc9d9-ddb5-4fa4-a97d-d965ccfc6d4b" outcome="Passed" testListId="8c84fa94-04c1-424b-9868-57a2d4851a1d" relativeResultsDirectory="69e6fcda-6e7f-425c-93fb-d964f048cbed" />
    <UnitTestResult executionId="e3388ce2-e28a-437f-9aa9-8778df72d27e" testId="08f82558-d98c-02af-8d5e-3581c5e98c4c" testName="LoadSearchTemplate_ActiveToSameActive_NoUpdateAndEvent" computerName="DKSR-EFI-06" duration="00:00:00.0004042" startTime="2024-01-09T15:48:26.0424022+01:00" endTime="2024-01-09T15:48:26.0429373+01:00" testType="13cdc9d9-ddb5-4fa4-a97d-d965ccfc6d4b" outcome="Passed" testListId="8c84fa94-04c1-424b-9868-57a2d4851a1d" relativeResultsDirectory="e3388ce2-e28a-437f-9aa9-8778df72d27e" />
    <UnitTestResult executionId="ff6cd3b0-ccfe-47a7-94de-23fc216dfe3f" testId="6e668805-e583-b333-030a-20aba32624a1" testName="Ctor_MultipleSearchFilterCategoriesInManager_SearchDefinitionCreatedForEachCategory" computerName="DKSR-EFI-06" duration="00:00:00.0035723" startTime="2024-01-09T15:48:37.3495811+01:00" endTime="2024-01-09T15:48:37.3532937+01:00" testType="13cdc9d9-ddb5-4fa4-a97d-d965ccfc6d4b" outcome="Passed" testListId="8c84fa94-04c1-424b-9868-57a2d4851a1d" relativeResultsDirectory="ff6cd3b0-ccfe-47a7-94de-23fc216dfe3f" />
    <UnitTestResult executionId="2aacfedf-bba5-4078-ab0f-e0cfecf5f61b" testId="82d78304-b48c-9515-7f8e-4adb71fd31ee" testName="AddSelectedCameras_CameraAlreadyAdded_NoDuplicates" computerName="DKSR-EFI-06" duration="00:00:00.0068261" startTime="2024-01-09T15:48:23.9644615+01:00" endTime="2024-01-09T15:48:23.9715090+01:00" testType="13cdc9d9-ddb5-4fa4-a97d-d965ccfc6d4b" outcome="Passed" testListId="8c84fa94-04c1-424b-9868-57a2d4851a1d" relativeResultsDirectory="2aacfedf-bba5-4078-ab0f-e0cfecf5f61b" />
    <UnitTestResult executionId="03a05963-34fd-4b18-8be2-3d6697d08804" testId="f6b2dd1a-21fb-6c4a-e3a3-9cff7ca08b77" testName="SignUrl_WhereUrlIsValid_ReturnsUrlWithSignature" computerName="DKSR-EFI-06" duration="00:00:00.0004008" startTime="2024-01-09T15:47:45.9326086+01:00" endTime="2024-01-09T15:47:45.9331234+01:00" testType="13cdc9d9-ddb5-4fa4-a97d-d965ccfc6d4b" outcome="Passed" testListId="8c84fa94-04c1-424b-9868-57a2d4851a1d" relativeResultsDirectory="03a05963-34fd-4b18-8be2-3d6697d08804" />
    <UnitTestResult executionId="be8a25bb-5acb-4429-a4d6-983ff780660a" testId="32fec1f9-c048-b0a8-7432-484e5a8663c8" testName="ReorderLevels123to213_Success" computerName="DKSR-EFI-06" duration="00:00:00.0563535" startTime="2024-01-09T15:48:38.4256144+01:00" endTime="2024-01-09T15:48:38.4821845+01:00" testType="13cdc9d9-ddb5-4fa4-a97d-d965ccfc6d4b" outcome="Passed" testListId="8c84fa94-04c1-424b-9868-57a2d4851a1d" relativeResultsDirectory="be8a25bb-5acb-4429-a4d6-983ff780660a" />
    <UnitTestResult executionId="bbdedb8d-787f-4f51-a4fd-993139424f74" testId="add162a8-f1ad-a5bc-d7cc-f7fa5d66acf8" testName="AlwaysPutSmartWallBeforeViews" computerName="DKSR-EFI-06" duration="00:00:00.0007359" startTime="2024-01-09T15:48:44.9721673+01:00" endTime="2024-01-09T15:48:44.9730397+01:00" testType="13cdc9d9-ddb5-4fa4-a97d-d965ccfc6d4b" outcome="Passed" testListId="8c84fa94-04c1-424b-9868-57a2d4851a1d" relativeResultsDirectory="bbdedb8d-787f-4f51-a4fd-993139424f74" />
    <UnitTestResult executionId="3c048bc3-9589-46a6-81ef-1a669a4a3510" testId="80faadd3-7ee5-fd40-aebd-98e719e96493" testName="TestUpdateState_3Cameras" computerName="DKSR-EFI-06" duration="00:00:00.0126722" startTime="2024-01-09T15:48:45.8043283+01:00" endTime="2024-01-09T15:48:45.8171825+01:00" testType="13cdc9d9-ddb5-4fa4-a97d-d965ccfc6d4b" outcome="Passed" testListId="8c84fa94-04c1-424b-9868-57a2d4851a1d" relativeResultsDirectory="3c048bc3-9589-46a6-81ef-1a669a4a3510" />
    <UnitTestResult executionId="6e10fd96-7439-4de6-a6b7-a384eb3abc2b" testId="28ffae2f-901e-9d67-b616-b08f110fa5e0" testName="AddToExportDevices_ShouldAddToExportData (1)" computerName="DKSR-EFI-06" duration="00:00:00.0015317" startTime="2024-01-09T15:48:45.3690174+01:00" endTime="2024-01-09T15:48:45.3707365+01:00" testType="13cdc9d9-ddb5-4fa4-a97d-d965ccfc6d4b" outcome="Passed" testListId="8c84fa94-04c1-424b-9868-57a2d4851a1d" relativeResultsDirectory="6e10fd96-7439-4de6-a6b7-a384eb3abc2b" />
    <UnitTestResult executionId="14780b67-16c8-4d52-b7b7-3ee14b51fecd" testId="7e5f1658-9579-80ac-0889-217afa2e8ebf" testName="Constructor1_ShouldNotAllowInjectionOfNulls" computerName="DKSR-EFI-06" duration="00:00:00.0007577" startTime="2024-01-09T15:47:52.2056295+01:00" endTime="2024-01-09T15:47:52.2066468+01:00" testType="13cdc9d9-ddb5-4fa4-a97d-d965ccfc6d4b" outcome="Passed" testListId="8c84fa94-04c1-424b-9868-57a2d4851a1d" relativeResultsDirectory="14780b67-16c8-4d52-b7b7-3ee14b51fecd" />
    <UnitTestResult executionId="e4afd1ea-eefe-46d4-ad7a-e3c541b9885c" testId="c675d4e8-953d-dd95-1e7d-aaf53b345df4" testName="Command_WithZeroResults_PluginInstanceActivatedCalled" computerName="DKSR-EFI-06" duration="00:00:00.0026052" startTime="2024-01-09T15:48:23.5767927+01:00" endTime="2024-01-09T15:48:23.5795380+01:00" testType="13cdc9d9-ddb5-4fa4-a97d-d965ccfc6d4b" outcome="Passed" testListId="8c84fa94-04c1-424b-9868-57a2d4851a1d" relativeResultsDirectory="e4afd1ea-eefe-46d4-ad7a-e3c541b9885c" />
    <UnitTestResult executionId="d264661c-49fd-4f4d-9b9d-e2de10630e5a" testId="9e654779-7c3a-a723-682e-e39ebed74684" testName="GetGisMapLayerFlyoutName_ShouldReturnOpenStreetMap_WhenGeographicLayerIsAvailableAndAlternativeServerIsNotEmpty" computerName="DKSR-EFI-06" duration="00:00:00.0006404" startTime="2024-01-09T15:48:43.0001642+01:00" endTime="2024-01-09T15:48:43.0009446+01:00" testType="13cdc9d9-ddb5-4fa4-a97d-d965ccfc6d4b" outcome="Passed" testListId="8c84fa94-04c1-424b-9868-57a2d4851a1d" relativeResultsDirectory="d264661c-49fd-4f4d-9b9d-e2de10630e5a" />
    <UnitTestResult executionId="3857585d-d010-4924-a572-e23e983373ed" testId="98d6e5bd-b7db-7e62-faab-cf0ab9b4f07d" testName="LoadSaveStateFrom_UnknownOrderResultsBy_Success" computerName="DKSR-EFI-06" duration="00:00:00.0032128" startTime="2024-01-09T15:48:23.6630719+01:00" endTime="2024-01-09T15:48:23.6664212+01:00" testType="13cdc9d9-ddb5-4fa4-a97d-d965ccfc6d4b" outcome="Passed" testListId="8c84fa94-04c1-424b-9868-57a2d4851a1d" relativeResultsDirectory="3857585d-d010-4924-a572-e23e983373ed" />
    <UnitTestResult executionId="e2812c05-4b09-4290-b5b1-3ac27d79fcfb" testId="dc2a73b2-537f-23c2-17dd-b62bfff2142a" testName="RemoveDefinition_NullDefinition_Throws" computerName="DKSR-EFI-06" duration="00:00:00.0025993" startTime="2024-01-09T15:48:26.4213420+01:00" endTime="2024-01-09T15:48:26.4241159+01:00" testType="13cdc9d9-ddb5-4fa4-a97d-d965ccfc6d4b" outcome="Passed" testListId="8c84fa94-04c1-424b-9868-57a2d4851a1d" relativeResultsDirectory="e2812c05-4b09-4290-b5b1-3ac27d79fcfb" />
    <UnitTestResult executionId="743c7226-ef01-4f83-b8ee-cb77150f114b" testId="968967c1-9c91-5395-ae74-dba306913820" testName="PatrollingPresetViewModel_OnPropertyChanged_Raised" computerName="DKSR-EFI-06" duration="00:00:00.0006113" startTime="2024-01-09T15:48:43.7939667+01:00" endTime="2024-01-09T15:48:43.7985450+01:00" testType="13cdc9d9-ddb5-4fa4-a97d-d965ccfc6d4b" outcome="Passed" testListId="8c84fa94-04c1-424b-9868-57a2d4851a1d" relativeResultsDirectory="743c7226-ef01-4f83-b8ee-cb77150f114b" />
    <UnitTestResult executionId="55223cbf-3786-4ca3-946a-f61cf460ea3c" testId="3f8e6f27-c942-75f1-d43c-4f4dbc2ed891" testName="TestConstructor_LongLat_Success" computerName="DKSR-EFI-06" duration="00:00:00.0002184" startTime="2024-01-09T15:48:39.8526055+01:00" endTime="2024-01-09T15:48:39.8530981+01:00" testType="13cdc9d9-ddb5-4fa4-a97d-d965ccfc6d4b" outcome="Passed" testListId="8c84fa94-04c1-424b-9868-57a2d4851a1d" relativeResultsDirectory="55223cbf-3786-4ca3-946a-f61cf460ea3c" />
    <UnitTestResult executionId="278c49fc-4700-4a8e-8e5f-a0a00b37b51e" testId="6a9c6020-889e-b6db-aa72-939d2660cb16" testName="HandleSetLayerFeatures_ShouldRaiseArgumentException_WhenCameraKindAndNotCameraLayerFeaturesAndOutputLayer" computerName="DKSR-EFI-06" duration="00:00:00.0010073" startTime="2024-01-09T15:48:42.9365492+01:00" endTime="2024-01-09T15:48:42.9377257+01:00" testType="13cdc9d9-ddb5-4fa4-a97d-d965ccfc6d4b" outcome="Passed" testListId="8c84fa94-04c1-424b-9868-57a2d4851a1d" relativeResultsDirectory="278c49fc-4700-4a8e-8e5f-a0a00b37b51e" />
    <UnitTestResult executionId="a30044df-73ad-473d-9ed2-f336125e5ccb" testId="834cde2d-9602-045a-ea86-c849382faa06" testName="ResolveBaseResultProperties_ShouldOnlyReturnASingleTriggerTime_WhenThreeOutOfFourTriggerTimesAreOutsideBeginEnd" computerName="DKSR-EFI-06" duration="00:00:00.0013825" startTime="2024-01-09T15:48:26.0189143+01:00" endTime="2024-01-09T15:48:26.0204355+01:00" testType="13cdc9d9-ddb5-4fa4-a97d-d965ccfc6d4b" outcome="Passed" testListId="8c84fa94-04c1-424b-9868-57a2d4851a1d" relativeResultsDirectory="a30044df-73ad-473d-9ed2-f336125e5ccb" />
    <UnitTestResult executionId="7555b903-707f-4c84-ab63-e079c40c0f1d" testId="161a0e40-6dbd-cbdc-3714-f2442765e338" testName="AddCriteriaCommand_WithActiveSearchTemplate_ActiveSearchTemplateModifiedSet" computerName="DKSR-EFI-06" duration="00:00:00.0078834" startTime="2024-01-09T15:48:25.0001243+01:00" endTime="2024-01-09T15:48:25.0081770+01:00" testType="13cdc9d9-ddb5-4fa4-a97d-d965ccfc6d4b" outcome="Passed" testListId="8c84fa94-04c1-424b-9868-57a2d4851a1d" relativeResultsDirectory="7555b903-707f-4c84-ab63-e079c40c0f1d" />
    <UnitTestResult executionId="4bae39e4-3ccd-46e0-9740-aa98b7b54665" testId="f0c6f445-2735-407d-8bd8-efde582fd792" testName="Ctor_ShouldApplyRelevanceComparer_WhenViewModelIsCreated" computerName="DKSR-EFI-06" duration="00:00:00.0037728" startTime="2024-01-09T15:48:23.6668740+01:00" endTime="2024-01-09T15:48:23.6707847+01:00" testType="13cdc9d9-ddb5-4fa4-a97d-d965ccfc6d4b" outcome="Passed" testListId="8c84fa94-04c1-424b-9868-57a2d4851a1d" relativeResultsDirectory="4bae39e4-3ccd-46e0-9740-aa98b7b54665" />
    <UnitTestResult executionId="de92cd10-873d-43bc-8e87-5dbbf5ea72c2" testId="b9c24147-fbc0-a069-bdd6-759f76e4ceca" testName="GisMapModel_AddBuilding_Success" computerName="DKSR-EFI-06" duration="00:00:00.1050847" startTime="2024-01-09T15:48:38.8561146+01:00" endTime="2024-01-09T15:48:38.9613858+01:00" testType="13cdc9d9-ddb5-4fa4-a97d-d965ccfc6d4b" outcome="Passed" testListId="8c84fa94-04c1-424b-9868-57a2d4851a1d" relativeResultsDirectory="de92cd10-873d-43bc-8e87-5dbbf5ea72c2">
      <Output>
        <StdOut>Debug Trace:&#xD;
 &gt;&gt;&gt; ERROR: System.NotImplementedException: The method or operation is not implemented.&#xD;
   at VideoOS.RemoteClient.GisMapData.Repositories.Test.BuildingsDataTestClient.GetLevelsByBuildingAsync(GetLevelsByBuildingParams parameters) in D:\actions-runner\_work\XPCO\XPCO\SC\Components\dotNet\VideoOS.RemoteClient.GisMapData\Repositories\Test\BuildingsDataTestClient.cs:line 142&#xD;
   at VideoOS.RemoteClient.GisMapData.MapBuildings.MapBuilding.LoadLevelsAsync(UIContext context, MapLevelData[] levelsData) in D:\actions-runner\_work\XPCO\XPCO\SC\Components\dotNet\VideoOS.RemoteClient.GisMapData\MapBuildings\MapBuilding.cs:line 444&#xD;
 &gt;&gt;&gt; Stack:    at VideoOS.RemoteClient.GisMapData.Repositories.Test.BuildingsDataTestClient.GetLevelsByBuildingAsync(GetLevelsByBuildingParams parameters) in D:\actions-runner\_work\XPCO\XPCO\SC\Components\dotNet\VideoOS.RemoteClient.GisMapData\Repositories\Test\BuildingsDataTestClient.cs:line 142&#xD;    at VideoOS.RemoteClient.GisMapData.MapBuildings.MapBuilding.LoadLevelsAsync(UIContext context, MapLevelData[] levelsData) in D:\actions-runner\_work\XPCO\XPCO\SC\Components\dotNet\VideoOS.RemoteClient.GisMapData\MapBuildings\MapBuilding.cs:line 444</StdOut>
      </Output>
    </UnitTestResult>
    <UnitTestResult executionId="537d31a9-83d7-4857-bcc6-c2ebd1ea326f" testId="e00615fe-3a8d-1512-20d9-8abe6916016f" testName="SelectTemplate_CheckBoxFilterConfiguration_ReturnsInlineTemplate" computerName="DKSR-EFI-06" duration="00:00:00.0006025" startTime="2024-01-09T15:47:52.5634021+01:00" endTime="2024-01-09T15:47:52.5641212+01:00" testType="13cdc9d9-ddb5-4fa4-a97d-d965ccfc6d4b" outcome="Passed" testListId="8c84fa94-04c1-424b-9868-57a2d4851a1d" relativeResultsDirectory="537d31a9-83d7-4857-bcc6-c2ebd1ea326f" />
    <UnitTestResult executionId="6ef99026-672a-4132-b640-569a3c9c05f2" testId="88c2b0d8-15cc-99cf-0786-93c215c0f665" testName="Constructor_ShouldRaiseArgumentNullException_WhenLoggerIsNull" computerName="DKSR-EFI-06" duration="00:00:00.0056123" startTime="2024-01-09T15:48:39.8706307+01:00" endTime="2024-01-09T15:48:39.8764082+01:00" testType="13cdc9d9-ddb5-4fa4-a97d-d965ccfc6d4b" outcome="Passed" testListId="8c84fa94-04c1-424b-9868-57a2d4851a1d" relativeResultsDirectory="6ef99026-672a-4132-b640-569a3c9c05f2" />
    <UnitTestResult executionId="d3546f48-ac21-43bb-bdfb-a609ce578349" testId="3419854c-a58b-26c0-1755-df23f4de0fe4" testName="Ctor_WpfMessageBoxButtonIsSetToOk_OnlyOkButtonVisible" computerName="DKSR-EFI-06" duration="00:00:00.0007748" startTime="2024-01-09T15:48:44.9971945+01:00" endTime="2024-01-09T15:48:44.9981132+01:00" testType="13cdc9d9-ddb5-4fa4-a97d-d965ccfc6d4b" outcome="Passed" testListId="8c84fa94-04c1-424b-9868-57a2d4851a1d" relativeResultsDirectory="d3546f48-ac21-43bb-bdfb-a609ce578349" />
    <UnitTestResult executionId="b013d24c-6158-4222-b87d-a775d17182af" testId="390e2c5d-d097-3631-576d-cd317912483e" testName="SupportsDoubleClick_ShouldBeTrue_WhenInteractionStateIsNormal" computerName="DKSR-EFI-06" duration="00:00:00.0188794" startTime="2024-01-09T15:47:48.0712448+01:00" endTime="2024-01-09T15:47:48.0926410+01:00" testType="13cdc9d9-ddb5-4fa4-a97d-d965ccfc6d4b" outcome="Passed" testListId="8c84fa94-04c1-424b-9868-57a2d4851a1d" relativeResultsDirectory="b013d24c-6158-4222-b87d-a775d17182af" />
    <UnitTestResult executionId="8aefbf01-b394-46be-aa7f-65fb6cf90cef" testId="4b7dc18b-d6d1-94cf-67c8-cfdd48ab9288" testName="Connect_WhenMajorServerVersionIsBelow3_ShouldNotStartAnySchClient" computerName="DKSR-EFI-06" duration="00:00:00.1166584" startTime="2024-01-09T15:47:41.0405137+01:00" endTime="2024-01-09T15:47:41.1573437+01:00" testType="13cdc9d9-ddb5-4fa4-a97d-d965ccfc6d4b" outcome="Passed" testListId="8c84fa94-04c1-424b-9868-57a2d4851a1d" relativeResultsDirectory="8aefbf01-b394-46be-aa7f-65fb6cf90cef" />
    <UnitTestResult executionId="1be6d403-aacf-438c-ac1e-c0d9ca419ff8" testId="4ead98c0-ed43-b791-ad04-b3743cb5d69b" testName="CreateDashboardViewModel_UsesIdentityTokenCache_WhenAuthenticationIsOAuth" computerName="DKSR-EFI-06" duration="00:00:02.1687705" startTime="2024-01-09T15:48:47.0514294+01:00" endTime="2024-01-09T15:48:49.2206706+01:00" testType="13cdc9d9-ddb5-4fa4-a97d-d965ccfc6d4b" outcome="Passed" testListId="8c84fa94-04c1-424b-9868-57a2d4851a1d" relativeResultsDirectory="1be6d403-aacf-438c-ac1e-c0d9ca419ff8" />
    <UnitTestResult executionId="11a57fc0-d9ae-4565-ae00-402f9f349a7c" testId="4037f8f9-6ca0-fb62-ee52-1ab0cb3db5fb" testName="TimeToStringConverter_Convert_InvalidParameter_ReturnUnsetValue" computerName="DKSR-EFI-06" duration="00:00:00.0004416" startTime="2024-01-09T15:48:10.3559702+01:00" endTime="2024-01-09T15:48:10.3565526+01:00" testType="13cdc9d9-ddb5-4fa4-a97d-d965ccfc6d4b" outcome="Passed" testListId="8c84fa94-04c1-424b-9868-57a2d4851a1d" relativeResultsDirectory="11a57fc0-d9ae-4565-ae00-402f9f349a7c" />
    <UnitTestResult executionId="fc591981-d943-4bc2-b436-ef645db5e19e" testId="76f9de2a-47c0-eaaa-3675-ac942aca2f32" testName="SetLayerFeatures_ShouldUpdateCameraItemsMapLayer_WhenCameraKindAndCameraLayerFeatures" computerName="DKSR-EFI-06" duration="00:00:00.0015437" startTime="2024-01-09T15:48:43.0609761+01:00" endTime="2024-01-09T15:48:43.0626587+01:00" testType="13cdc9d9-ddb5-4fa4-a97d-d965ccfc6d4b" outcome="Passed" testListId="8c84fa94-04c1-424b-9868-57a2d4851a1d" relativeResultsDirectory="fc591981-d943-4bc2-b436-ef645db5e19e" />
    <UnitTestResult executionId="933e91de-96f7-45e5-9a6b-88d04a6bbef2" testId="bc93f730-cf4f-b2fd-70c0-19446c70f746" testName="IconResourceKey_ShouldBeValid_WhenInteractionStateIsAddInput" computerName="DKSR-EFI-06" duration="00:00:00.0001745" startTime="2024-01-09T15:47:45.9400624+01:00" endTime="2024-01-09T15:47:45.9403632+01:00" testType="13cdc9d9-ddb5-4fa4-a97d-d965ccfc6d4b" outcome="Passed" testListId="8c84fa94-04c1-424b-9868-57a2d4851a1d" relativeResultsDirectory="933e91de-96f7-45e5-9a6b-88d04a6bbef2" />
    <UnitTestResult executionId="720811a4-03d2-4f12-b77d-a50c9c7ed45a" testId="59a60e54-e35c-c435-6281-92cda5ac809d" testName="State_ShouldUpdateMicrophoneIconId_WhenSetToUnMute" computerName="DKSR-EFI-06" duration="00:00:00.0108381" startTime="2024-01-09T15:48:42.0163479+01:00" endTime="2024-01-09T15:48:42.0297990+01:00" testType="13cdc9d9-ddb5-4fa4-a97d-d965ccfc6d4b" outcome="Passed" testListId="8c84fa94-04c1-424b-9868-57a2d4851a1d" relativeResultsDirectory="720811a4-03d2-4f12-b77d-a50c9c7ed45a" />
    <UnitTestResult executionId="213b254d-a319-48f0-b7a7-a14597582bf8" testId="cf688c28-2d6d-a793-dedf-06d48b63f6f1" testName="PatrollingStepViewModel_SelectedPatrollingPreset" computerName="DKSR-EFI-06" duration="00:00:00.0027177" startTime="2024-01-09T15:48:44.0056230+01:00" endTime="2024-01-09T15:48:44.0084771+01:00" testType="13cdc9d9-ddb5-4fa4-a97d-d965ccfc6d4b" outcome="Passed" testListId="8c84fa94-04c1-424b-9868-57a2d4851a1d" relativeResultsDirectory="213b254d-a319-48f0-b7a7-a14597582bf8" />
    <UnitTestResult executionId="fb1dbc27-82ee-4035-a8ff-a23fa7012c0b" testId="2ee6bce4-4d10-a7ff-ad46-044be6c8e9a0" testName="Dispose_ShouldCloseAndRelease_WhenInvoked" computerName="DKSR-EFI-06" duration="00:00:00.0081695" startTime="2024-01-09T15:47:46.5727545+01:00" endTime="2024-01-09T15:47:46.5834743+01:00" testType="13cdc9d9-ddb5-4fa4-a97d-d965ccfc6d4b" outcome="Passed" testListId="8c84fa94-04c1-424b-9868-57a2d4851a1d" relativeResultsDirectory="fb1dbc27-82ee-4035-a8ff-a23fa7012c0b" />
    <UnitTestResult executionId="afa137e5-9bb5-487c-b044-ddb8c2d97067" testId="8bab2c7c-237e-3496-9a26-8fcdcf393dae" testName="Password 1 too short" computerName="DKSR-EFI-06" duration="00:00:00.0002515" startTime="2024-01-09T15:47:52.2154202+01:00" endTime="2024-01-09T15:47:52.2158576+01:00" testType="13cdc9d9-ddb5-4fa4-a97d-d965ccfc6d4b" outcome="Passed" testListId="8c84fa94-04c1-424b-9868-57a2d4851a1d" relativeResultsDirectory="afa137e5-9bb5-487c-b044-ddb8c2d97067" />
    <UnitTestResult executionId="b4da8357-fdec-41fd-90ac-cbe0565fa15e" testId="3a461286-4d9a-bb6f-bf27-81b491059d6a" testName="DeleteMapItems_ShouldReturnFalse_WhenItemListIsNullOrEmpty" computerName="DKSR-EFI-06" duration="00:00:00.0024363" startTime="2024-01-09T15:48:40.7424314+01:00" endTime="2024-01-09T15:48:40.7451226+01:00" testType="13cdc9d9-ddb5-4fa4-a97d-d965ccfc6d4b" outcome="Passed" testListId="8c84fa94-04c1-424b-9868-57a2d4851a1d" relativeResultsDirectory="b4da8357-fdec-41fd-90ac-cbe0565fa15e" />
    <UnitTestResult executionId="809374f4-f216-4fcd-96b2-19139cb95b4c" testId="da60daa2-2199-7e98-b742-6cba793e7440" testName="AddSelectedWindowsToExport_ShouldShowCorrectToastMessages (5,5,5)" computerName="DKSR-EFI-06" duration="00:00:00.0065335" startTime="2024-01-09T15:48:45.4928360+01:00" endTime="2024-01-09T15:48:45.4995613+01:00" testType="13cdc9d9-ddb5-4fa4-a97d-d965ccfc6d4b" outcome="Passed" testListId="8c84fa94-04c1-424b-9868-57a2d4851a1d" relativeResultsDirectory="809374f4-f216-4fcd-96b2-19139cb95b4c" />
    <UnitTestResult executionId="f9c7b60f-8d65-4e26-97e3-04b5ba6d8900" testId="1b358bc1-458b-910a-26a9-b665d6fb08b0" testName="DownsizeImageSuccess" computerName="DKSR-EFI-06" duration="00:00:00.1413288" startTime="2024-01-09T15:48:49.2212036+01:00" endTime="2024-01-09T15:48:49.3628746+01:00" testType="13cdc9d9-ddb5-4fa4-a97d-d965ccfc6d4b" outcome="Passed" testListId="8c84fa94-04c1-424b-9868-57a2d4851a1d" relativeResultsDirectory="f9c7b60f-8d65-4e26-97e3-04b5ba6d8900" />
    <UnitTestResult executionId="7dd5980b-071b-42e4-b58a-6a79068ae449" testId="a97eb8e2-cea3-70dd-d5ee-19b9b7f4e4bf" testName="UserHasReadPublicSearchPermission_HasReadPermission_ReturnsTrue" computerName="DKSR-EFI-06" duration="00:00:00.0027287" startTime="2024-01-09T15:48:26.0952160+01:00" endTime="2024-01-09T15:48:26.0980865+01:00" testType="13cdc9d9-ddb5-4fa4-a97d-d965ccfc6d4b" outcome="Passed" testListId="8c84fa94-04c1-424b-9868-57a2d4851a1d" relativeResultsDirectory="7dd5980b-071b-42e4-b58a-6a79068ae449" />
    <UnitTestResult executionId="9da77515-36a7-4c32-9a57-31690922d2f8" testId="5711c871-ad4e-1c97-b7af-50ef5d9eff82" testName="ServerAuthentication_ShouldReturnLegacyBasic_WhenConstructedUsingSimple" computerName="DKSR-EFI-06" duration="00:00:00.0001526" startTime="2024-01-09T15:47:43.3730955+01:00" endTime="2024-01-09T15:47:43.3733708+01:00" testType="13cdc9d9-ddb5-4fa4-a97d-d965ccfc6d4b" outcome="Passed" testListId="8c84fa94-04c1-424b-9868-57a2d4851a1d" relativeResultsDirectory="9da77515-36a7-4c32-9a57-31690922d2f8" />
    <UnitTestResult executionId="a3a988cc-b4e8-4dd4-8658-e9d40f47c65d" testId="611c2ae8-85c7-442b-a5ec-d38ddebdb9be" testName="GetClusters_ShouldSplitSuperClusterIntoSimpleClusters_WhenZoomingIn" computerName="DKSR-EFI-06" duration="00:00:00.0017082" startTime="2024-01-09T15:48:43.7811133+01:00" endTime="2024-01-09T15:48:43.7830142+01:00" testType="13cdc9d9-ddb5-4fa4-a97d-d965ccfc6d4b" outcome="Passed" testListId="8c84fa94-04c1-424b-9868-57a2d4851a1d" relativeResultsDirectory="a3a988cc-b4e8-4dd4-8658-e9d40f47c65d" />
    <UnitTestResult executionId="ef26816a-175f-4971-87e0-0c22a3f889e5" testId="07e2d80c-1c7c-425d-45d2-9a4739a86a66" testName="PopulateTooltip_SingleResultsFromFewCameras24Hours_ValidText" computerName="DKSR-EFI-06" duration="00:00:00.0373371" startTime="2024-01-09T15:48:18.9273263+01:00" endTime="2024-01-09T15:48:18.9675772+01:00" testType="13cdc9d9-ddb5-4fa4-a97d-d965ccfc6d4b" outcome="Passed" testListId="8c84fa94-04c1-424b-9868-57a2d4851a1d" relativeResultsDirectory="ef26816a-175f-4971-87e0-0c22a3f889e5" />
    <UnitTestResult executionId="3ab6e514-ee11-4f06-a8d4-00630aa40d6a" testId="d9cf4840-605e-c89a-3f41-61314ef11e52" testName="GetServerTypes_ShouldReturnManagementServerType" computerName="DKSR-EFI-06" duration="00:00:00.0006463" startTime="2024-01-09T15:48:46.9676083+01:00" endTime="2024-01-09T15:48:46.9684003+01:00" testType="13cdc9d9-ddb5-4fa4-a97d-d965ccfc6d4b" outcome="Passed" testListId="8c84fa94-04c1-424b-9868-57a2d4851a1d" relativeResultsDirectory="3ab6e514-ee11-4f06-a8d4-00630aa40d6a" />
    <UnitTestResult executionId="35baf4d3-4399-4ed0-a38d-ae91251808f8" testId="e119e886-63ff-9e4b-f30c-287618dff31a" testName="PatrollingProfileListViewModel_Save_CreateProfile" computerName="DKSR-EFI-06" duration="00:00:00.0052084" startTime="2024-01-09T15:48:43.8714690+01:00" endTime="2024-01-09T15:48:43.8768169+01:00" testType="13cdc9d9-ddb5-4fa4-a97d-d965ccfc6d4b" outcome="Passed" testListId="8c84fa94-04c1-424b-9868-57a2d4851a1d" relativeResultsDirectory="35baf4d3-4399-4ed0-a38d-ae91251808f8" />
    <UnitTestResult executionId="09099b1d-ca6e-4a1d-98aa-fd14e8641bdb" testId="51eb78b3-47f8-22f8-16bb-8f1455db269f" testName="TestConstructor_Success" computerName="DKSR-EFI-06" duration="00:00:00.0088425" startTime="2024-01-09T15:48:42.6058138+01:00" endTime="2024-01-09T15:48:42.6149968+01:00" testType="13cdc9d9-ddb5-4fa4-a97d-d965ccfc6d4b" outcome="Passed" testListId="8c84fa94-04c1-424b-9868-57a2d4851a1d" relativeResultsDirectory="09099b1d-ca6e-4a1d-98aa-fd14e8641bdb" />
    <UnitTestResult executionId="0b7515a8-ffcc-42f3-bd4d-287f1c20e006" testId="532cb81a-df32-0fbd-c0b0-8629f10837bd" testName="DeviceIcons_ShouldNotBeNull_WhenCalled" computerName="DKSR-EFI-06" duration="00:00:00.0001539" startTime="2024-01-09T15:48:40.7963417+01:00" endTime="2024-01-09T15:48:40.7966355+01:00" testType="13cdc9d9-ddb5-4fa4-a97d-d965ccfc6d4b" outcome="Passed" testListId="8c84fa94-04c1-424b-9868-57a2d4851a1d" relativeResultsDirectory="0b7515a8-ffcc-42f3-bd4d-287f1c20e006" />
    <UnitTestResult executionId="42badeda-cec1-4781-92b4-8a1e3e676130" testId="3787704c-f9e0-e566-1c87-02188e388c59" testName="PtzSessionControllerInfo_UserChangedTest_Different_User_Type" computerName="DKSR-EFI-06" duration="00:00:00.0001916" startTime="2024-01-09T15:47:43.2089842+01:00" endTime="2024-01-09T15:47:43.2092751+01:00" testType="13cdc9d9-ddb5-4fa4-a97d-d965ccfc6d4b" outcome="Passed" testListId="8c84fa94-04c1-424b-9868-57a2d4851a1d" relativeResultsDirectory="42badeda-cec1-4781-92b4-8a1e3e676130" />
    <UnitTestResult executionId="163978a4-b80a-42d7-a8d1-36880b312ff8" testId="f31307eb-7ac9-c75e-b886-051d44063f63" testName="SelectedSearchResultsChanged_InitiallyNotVisible_BecomesVisible" computerName="DKSR-EFI-06" duration="00:00:00.0091016" startTime="2024-01-09T15:48:22.5823349+01:00" endTime="2024-01-09T15:48:22.5916029+01:00" testType="13cdc9d9-ddb5-4fa4-a97d-d965ccfc6d4b" outcome="Passed" testListId="8c84fa94-04c1-424b-9868-57a2d4851a1d" relativeResultsDirectory="163978a4-b80a-42d7-a8d1-36880b312ff8" />
    <UnitTestResult executionId="cbc0f3eb-aa59-4a30-a524-ec3943ea5ded" testId="4acad5f8-ff5f-402e-c75e-bdbe46a00538" testName="ValidateExportFormats_SmartClientPlayerFormat_ShouldNotReturnFailResult_ExportPathIsTooLong_WhenLongPathsEnabled (c:\aaaaaaaaaaaaaaaaaaaaaaaaaaaaaaaaaaaaaaaaaaaaaaaaaaaaaaaaaaaaaaaaaaaaaaaaaaaaaaaaaaaaaaaaaaaaaaaaaaaaaaaaaaaaaaaaaaaaaaaaaaaaaaaaaaaaaaaaaaaaaaaaaaaaaaaaaaaaaaaaaaaaaaaaaaaaaaaaaaaaaaa)" computerName="DKSR-EFI-06" duration="00:00:00.0077632" startTime="2024-01-09T15:47:52.1419562+01:00" endTime="2024-01-09T15:47:52.1499321+01:00" testType="13cdc9d9-ddb5-4fa4-a97d-d965ccfc6d4b" outcome="Passed" testListId="8c84fa94-04c1-424b-9868-57a2d4851a1d" relativeResultsDirectory="cbc0f3eb-aa59-4a30-a524-ec3943ea5ded" />
    <UnitTestResult executionId="020e7b24-e815-43a9-b774-ca271b102189" testId="55ff5278-ace4-0f2e-f8ad-9f5f257b511f" testName="GetMapLayerArguments_ShouldReturnIGisMapModel_WhenCalled" computerName="DKSR-EFI-06" duration="00:00:00.0002950" startTime="2024-01-09T15:48:40.7776478+01:00" endTime="2024-01-09T15:48:40.7780710+01:00" testType="13cdc9d9-ddb5-4fa4-a97d-d965ccfc6d4b" outcome="Passed" testListId="8c84fa94-04c1-424b-9868-57a2d4851a1d" relativeResultsDirectory="020e7b24-e815-43a9-b774-ca271b102189" />
    <UnitTestResult executionId="ca28a9b8-b3a3-4f1e-8b70-47bb3f021747" testId="06671719-51c0-06b8-b1b7-8927e1da93cb" testName="SupportsRightClick_ShouldBeFalse_WhenInteractionStateIsNotNormal" computerName="DKSR-EFI-06" duration="00:00:00.0337936" startTime="2024-01-09T15:47:48.2784287+01:00" endTime="2024-01-09T15:47:48.3155259+01:00" testType="13cdc9d9-ddb5-4fa4-a97d-d965ccfc6d4b" outcome="Passed" testListId="8c84fa94-04c1-424b-9868-57a2d4851a1d" relativeResultsDirectory="ca28a9b8-b3a3-4f1e-8b70-47bb3f021747" />
    <UnitTestResult executionId="292b79e0-96f4-4780-a86a-db513792f9c5" testId="ff22d43a-17fa-db51-d7fd-2f5ea3ee7dbb" testName="RemoveWorkroom_ShouldNotChangeSelection_WhenWorkroomThatIsNotSelectedIsRemoved" computerName="DKSR-EFI-06" duration="00:00:00.0119434" startTime="2024-01-09T15:48:51.4576222+01:00" endTime="2024-01-09T15:48:51.4697157+01:00" testType="13cdc9d9-ddb5-4fa4-a97d-d965ccfc6d4b" outcome="Passed" testListId="8c84fa94-04c1-424b-9868-57a2d4851a1d" relativeResultsDirectory="292b79e0-96f4-4780-a86a-db513792f9c5" />
    <UnitTestResult executionId="e53fa98a-c8bd-429f-b3b1-3a1e8c389baf" testId="d2f75ecd-c8ef-a49e-a7d9-9ac8db3c0867" testName="BoundingBoxValidAndInValidData" computerName="DKSR-EFI-06" duration="00:00:00.0053675" startTime="2024-01-09T15:48:46.7839550+01:00" endTime="2024-01-09T15:48:46.7894968+01:00" testType="13cdc9d9-ddb5-4fa4-a97d-d965ccfc6d4b" outcome="Passed" testListId="8c84fa94-04c1-424b-9868-57a2d4851a1d" relativeResultsDirectory="e53fa98a-c8bd-429f-b3b1-3a1e8c389baf" />
    <UnitTestResult executionId="6d6fa302-7b59-4eda-92f8-608a5a027921" testId="a68fe85a-0571-5cf5-4ec4-cc94366f30ee" testName="GetProductDisplayVersion_ShouldReturnDefault_WhenSmartClientVersionIsNull" computerName="DKSR-EFI-06" duration="00:00:00.0005040" startTime="2024-01-09T15:48:51.5323498+01:00" endTime="2024-01-09T15:48:51.5329824+01:00" testType="13cdc9d9-ddb5-4fa4-a97d-d965ccfc6d4b" outcome="Passed" testListId="8c84fa94-04c1-424b-9868-57a2d4851a1d" relativeResultsDirectory="6d6fa302-7b59-4eda-92f8-608a5a027921" />
    <UnitTestResult executionId="e40ab9a7-da5a-4898-8fe8-d86a0a91dbc8" testId="65ba2efa-0759-8a99-b7e3-1a551182172b" testName="Convert_InvalidFirstArgument_Collapsed" computerName="DKSR-EFI-06" duration="00:00:00.0027222" startTime="2024-01-09T15:48:10.3396005+01:00" endTime="2024-01-09T15:48:10.3425508+01:00" testType="13cdc9d9-ddb5-4fa4-a97d-d965ccfc6d4b" outcome="Passed" testListId="8c84fa94-04c1-424b-9868-57a2d4851a1d" relativeResultsDirectory="e40ab9a7-da5a-4898-8fe8-d86a0a91dbc8" />
    <UnitTestResult executionId="d0209271-4cc8-47f0-94c3-93bb8fc03023" testId="5fd3f98c-c6c1-c9ae-ace1-6e51d9ce104b" testName="TestMultipleTaskSubscription" computerName="DKSR-EFI-06" duration="00:00:00.0054569" startTime="2024-01-09T15:48:45.1084996+01:00" endTime="2024-01-09T15:48:45.1141200+01:00" testType="13cdc9d9-ddb5-4fa4-a97d-d965ccfc6d4b" outcome="Passed" testListId="8c84fa94-04c1-424b-9868-57a2d4851a1d" relativeResultsDirectory="d0209271-4cc8-47f0-94c3-93bb8fc03023" />
    <UnitTestResult executionId="88729bca-b745-4a07-bb40-225188ef8f4f" testId="272037c0-f590-39e8-9884-c04de913150c" testName="NavigateAndSelectAsync_NotCameraKind_ReturnsFalse" computerName="DKSR-EFI-06" duration="00:00:00.0106370" startTime="2024-01-09T15:47:50.0617361+01:00" endTime="2024-01-09T15:47:50.0750098+01:00" testType="13cdc9d9-ddb5-4fa4-a97d-d965ccfc6d4b" outcome="Passed" testListId="8c84fa94-04c1-424b-9868-57a2d4851a1d" relativeResultsDirectory="88729bca-b745-4a07-bb40-225188ef8f4f" />
    <UnitTestResult executionId="845da020-dbfb-4c68-9b13-c15cf6054444" testId="c66f0344-0d06-e154-dea7-64ff1ea75851" testName="MarkerFactory_WhenMapItemIsGiven_ShouldReturnMarker" computerName="DKSR-EFI-06" duration="00:00:00.1973432" startTime="2024-01-09T15:47:50.2431788+01:00" endTime="2024-01-09T15:47:50.4433334+01:00" testType="13cdc9d9-ddb5-4fa4-a97d-d965ccfc6d4b" outcome="Passed" testListId="8c84fa94-04c1-424b-9868-57a2d4851a1d" relativeResultsDirectory="845da020-dbfb-4c68-9b13-c15cf6054444" />
    <UnitTestResult executionId="fbf02404-f27b-463f-a03f-e2938b82377e" testId="da8fd7da-175b-17d6-2b65-b1622f31efd6" testName="GetCameraTypes_ShouldReturnSingleCameraType" computerName="DKSR-EFI-06" duration="00:00:00.0007574" startTime="2024-01-09T15:48:46.9729479+01:00" endTime="2024-01-09T15:48:46.9738341+01:00" testType="13cdc9d9-ddb5-4fa4-a97d-d965ccfc6d4b" outcome="Passed" testListId="8c84fa94-04c1-424b-9868-57a2d4851a1d" relativeResultsDirectory="fbf02404-f27b-463f-a03f-e2938b82377e" />
    <UnitTestResult executionId="cb6b432c-3168-451f-b0f2-05e8e52d0fc6" testId="14807a36-cb4f-9f35-8679-aa8746cf4c38" testName="CreateCameraListItem_ShouldCreateEnabledCamera_WhenEnabledParameterIsTrue" computerName="DKSR-EFI-06" duration="00:00:00.0004544" startTime="2024-01-09T15:48:38.1115644+01:00" endTime="2024-01-09T15:48:38.1121865+01:00" testType="13cdc9d9-ddb5-4fa4-a97d-d965ccfc6d4b" outcome="Passed" testListId="8c84fa94-04c1-424b-9868-57a2d4851a1d" relativeResultsDirectory="cb6b432c-3168-451f-b0f2-05e8e52d0fc6" />
    <UnitTestResult executionId="54f633df-5cd9-4d51-a87b-6bd19414544c" testId="49cfd12e-5617-bd5e-66b7-297865e8d56f" testName="Optics enabled, forced" computerName="DKSR-EFI-06" duration="00:00:00.0004497" startTime="2024-01-09T15:47:51.4067849+01:00" endTime="2024-01-09T15:47:51.4074595+01:00" testType="13cdc9d9-ddb5-4fa4-a97d-d965ccfc6d4b" outcome="Passed" testListId="8c84fa94-04c1-424b-9868-57a2d4851a1d" relativeResultsDirectory="54f633df-5cd9-4d51-a87b-6bd19414544c" />
    <UnitTestResult executionId="0e604b3d-a546-4132-b585-b9fd612ed29f" testId="c2a70a77-deae-9615-f302-cf5bc25a63ec" testName="OnSizeChanged_FivePluginButtonsPresentInActionBar_WithRoomForFourPluginButtonsTwoPluginsMoveToOverflowMenu" computerName="DKSR-EFI-06" duration="00:00:00.0558770" startTime="2024-01-09T15:47:54.0047868+01:00" endTime="2024-01-09T15:47:54.0634966+01:00" testType="13cdc9d9-ddb5-4fa4-a97d-d965ccfc6d4b" outcome="Passed" testListId="8c84fa94-04c1-424b-9868-57a2d4851a1d" relativeResultsDirectory="0e604b3d-a546-4132-b585-b9fd612ed29f" />
    <UnitTestResult executionId="1c9ecb3f-8dce-4f44-950c-550fa4201911" testId="704f12b7-2603-a060-9466-3d44ec217344" testName="Keywords_Built" computerName="DKSR-EFI-06" duration="00:00:00.1187219" startTime="2024-01-09T15:48:51.6813076+01:00" endTime="2024-01-09T15:48:51.8046141+01:00" testType="13cdc9d9-ddb5-4fa4-a97d-d965ccfc6d4b" outcome="Passed" testListId="8c84fa94-04c1-424b-9868-57a2d4851a1d" relativeResultsDirectory="1c9ecb3f-8dce-4f44-950c-550fa4201911" />
    <UnitTestResult executionId="8cdec00a-9da2-4c55-9854-537922f011d2" testId="7ceab3e2-a3b0-9c8f-80fc-83722cb5c583" testName="ResolveSearchDefinitions_ShouldReturnResultSearchDefinition_WhenCombinedSearchResultWithMultipleSubResultAndEmptySearchDefinitionsAreGiven" computerName="DKSR-EFI-06" duration="00:00:00.0006234" startTime="2024-01-09T15:48:26.0072591+01:00" endTime="2024-01-09T15:48:26.0080172+01:00" testType="13cdc9d9-ddb5-4fa4-a97d-d965ccfc6d4b" outcome="Passed" testListId="8c84fa94-04c1-424b-9868-57a2d4851a1d" relativeResultsDirectory="8cdec00a-9da2-4c55-9854-537922f011d2" />
    <UnitTestResult executionId="b8d22652-1094-4e87-8c38-081645a6b350" testId="e6de12d3-0261-772c-f490-e9dbb1bb9e62" testName="SearchResultsActionBarActions_ActionResultCreateReport_ProgressUpdate_Success" computerName="DKSR-EFI-06" duration="00:00:00.1819478" startTime="2024-01-09T15:48:23.2571554+01:00" endTime="2024-01-09T15:48:23.4393213+01:00" testType="13cdc9d9-ddb5-4fa4-a97d-d965ccfc6d4b" outcome="Passed" testListId="8c84fa94-04c1-424b-9868-57a2d4851a1d" relativeResultsDirectory="b8d22652-1094-4e87-8c38-081645a6b350" />
    <UnitTestResult executionId="213673f6-3c78-492c-9785-50e709d2afc2" testId="86edbbe8-5149-0aa3-dcd3-1e89f5303917" testName="GetServers_ShouldReturnCorrectServerByTypesTest" computerName="DKSR-EFI-06" duration="00:00:00.0284968" startTime="2024-01-09T15:48:46.9246687+01:00" endTime="2024-01-09T15:48:46.9533669+01:00" testType="13cdc9d9-ddb5-4fa4-a97d-d965ccfc6d4b" outcome="Passed" testListId="8c84fa94-04c1-424b-9868-57a2d4851a1d" relativeResultsDirectory="213673f6-3c78-492c-9785-50e709d2afc2" />
    <UnitTestResult executionId="f7eb48b0-a774-4a31-8d02-c1eaed0176b3" testId="33dd535d-bccc-f095-c4f3-483569c16d21" testName="Combine_ShouldPassAllStringInputValidationTests_OnlyFirstPermutationUsed" computerName="DKSR-EFI-06" duration="00:00:00.2916221" startTime="2024-01-09T15:48:26.8407895+01:00" endTime="2024-01-09T15:48:27.1328211+01:00" testType="13cdc9d9-ddb5-4fa4-a97d-d965ccfc6d4b" outcome="Passed" testListId="8c84fa94-04c1-424b-9868-57a2d4851a1d" relativeResultsDirectory="f7eb48b0-a774-4a31-8d02-c1eaed0176b3">
      <Output>
        <StdOut>Debug Trace:&#xD;
&#xD;
&#xD;
************* TEST RESULTS *************&#xD;
Total tests: 132&#xD;
Passed permutations: 132&#xD;
Failed permutations: 0</StdOut>
      </Output>
    </UnitTestResult>
    <UnitTestResult executionId="d8f33865-753f-467d-8b19-9a29bbbb202e" testId="e975a99c-1f61-f6af-a603-7683bb9bab62" testName="DateToStringConverter_Convert_InvalidParameter_ReturnUnsetValue" computerName="DKSR-EFI-06" duration="00:00:00.0004197" startTime="2024-01-09T15:48:10.2864463+01:00" endTime="2024-01-09T15:48:10.2869975+01:00" testType="13cdc9d9-ddb5-4fa4-a97d-d965ccfc6d4b" outcome="Passed" testListId="8c84fa94-04c1-424b-9868-57a2d4851a1d" relativeResultsDirectory="d8f33865-753f-467d-8b19-9a29bbbb202e" />
    <UnitTestResult executionId="c9972870-d044-48aa-9928-77fce9fd5585" testId="f107b2f8-e52e-2d8a-eafb-dc1e00450b6b" testName="Command_WithResults_PluginInstanceActivatedCalled" computerName="DKSR-EFI-06" duration="00:00:00.0030429" startTime="2024-01-09T15:48:23.5667916+01:00" endTime="2024-01-09T15:48:23.5699738+01:00" testType="13cdc9d9-ddb5-4fa4-a97d-d965ccfc6d4b" outcome="Passed" testListId="8c84fa94-04c1-424b-9868-57a2d4851a1d" relativeResultsDirectory="c9972870-d044-48aa-9928-77fce9fd5585" />
    <UnitTestResult executionId="8dd9115b-1c9f-4454-bfee-dbcf580aa8b9" testId="f92d7d34-ac45-0e70-f396-9fcde6a3e066" testName="Combine_Guids_Succeded" computerName="DKSR-EFI-06" duration="00:00:00.0002693" startTime="2024-01-09T15:48:39.0909930+01:00" endTime="2024-01-09T15:48:39.0915299+01:00" testType="13cdc9d9-ddb5-4fa4-a97d-d965ccfc6d4b" outcome="Passed" testListId="8c84fa94-04c1-424b-9868-57a2d4851a1d" relativeResultsDirectory="8dd9115b-1c9f-4454-bfee-dbcf580aa8b9" />
    <UnitTestResult executionId="82d49e26-a951-4c62-b1ee-d4e6bfadb1ac" testId="9aaaf4ba-8359-75df-6568-0739721a7d97" testName="Selected_retention_option_is_not_cleared_when_available" computerName="DKSR-EFI-06" duration="00:00:00.0007621" startTime="2024-01-09T15:48:52.4304250+01:00" endTime="2024-01-09T15:48:52.4313391+01:00" testType="13cdc9d9-ddb5-4fa4-a97d-d965ccfc6d4b" outcome="Passed" testListId="8c84fa94-04c1-424b-9868-57a2d4851a1d" relativeResultsDirectory="82d49e26-a951-4c62-b1ee-d4e6bfadb1ac" />
    <UnitTestResult executionId="318facd7-04b8-4f9b-8b29-eba6c26338b9" testId="fab13144-dbad-5831-0a01-3cacac990e32" testName="Compare_NullVsNull_Equals" computerName="DKSR-EFI-06" duration="00:00:00.0007488" startTime="2024-01-09T15:48:26.7410006+01:00" endTime="2024-01-09T15:48:26.7420060+01:00" testType="13cdc9d9-ddb5-4fa4-a97d-d965ccfc6d4b" outcome="Passed" testListId="8c84fa94-04c1-424b-9868-57a2d4851a1d" relativeResultsDirectory="318facd7-04b8-4f9b-8b29-eba6c26338b9" />
    <UnitTestResult executionId="10539639-d34c-436a-bec8-35966bee4568" testId="8ac6bfd4-1fa8-6445-4d9e-b8a25f795922" testName="Constructor_ShouldRaiseArgumentNullException_WhenWorkroomIsNull" computerName="DKSR-EFI-06" duration="00:00:00.4956092" startTime="2024-01-09T15:47:44.4214648+01:00" endTime="2024-01-09T15:47:44.9209692+01:00" testType="13cdc9d9-ddb5-4fa4-a97d-d965ccfc6d4b" outcome="Passed" testListId="8c84fa94-04c1-424b-9868-57a2d4851a1d" relativeResultsDirectory="10539639-d34c-436a-bec8-35966bee4568" />
    <UnitTestResult executionId="3e887a86-3bc9-44c5-b085-486a25a05a14" testId="bddb2a40-1daa-d4bf-c455-d8a073e5d8cf" testName="SelectTemplate_UseInDialogEdit_ReturnsInDialogTemplate" computerName="DKSR-EFI-06" duration="00:00:00.0005281" startTime="2024-01-09T15:47:52.5682831+01:00" endTime="2024-01-09T15:47:52.5689323+01:00" testType="13cdc9d9-ddb5-4fa4-a97d-d965ccfc6d4b" outcome="Passed" testListId="8c84fa94-04c1-424b-9868-57a2d4851a1d" relativeResultsDirectory="3e887a86-3bc9-44c5-b085-486a25a05a14" />
    <UnitTestResult executionId="665b4f1c-f510-4457-ab14-fb20e17c8493" testId="eaa1d30c-5f58-30c3-2f20-3844e46318d4" testName="Initial_Result_Object_Correct" computerName="DKSR-EFI-06" duration="00:00:00.1039558" startTime="2024-01-09T15:48:51.9311334+01:00" endTime="2024-01-09T15:48:52.0400518+01:00" testType="13cdc9d9-ddb5-4fa4-a97d-d965ccfc6d4b" outcome="Passed" testListId="8c84fa94-04c1-424b-9868-57a2d4851a1d" relativeResultsDirectory="665b4f1c-f510-4457-ab14-fb20e17c8493" />
    <UnitTestResult executionId="5927e6cc-d364-4a80-a411-75eed381d4d3" testId="baa96bb4-9a62-b146-14d8-03dbee056087" testName="ActionBarPluginEnabled_SinglePluginWithEnoughRoom_PluginButtonPresentInActionBar" computerName="DKSR-EFI-06" duration="00:00:00.0332486" startTime="2024-01-09T15:47:53.8212892+01:00" endTime="2024-01-09T15:47:53.8573125+01:00" testType="13cdc9d9-ddb5-4fa4-a97d-d965ccfc6d4b" outcome="Passed" testListId="8c84fa94-04c1-424b-9868-57a2d4851a1d" relativeResultsDirectory="5927e6cc-d364-4a80-a411-75eed381d4d3" />
    <UnitTestResult executionId="77712e65-d0d7-487c-94fb-487bfc3dd547" testId="604833d7-d8a0-cb51-77cf-d5e2a38bc181" testName="PtzInfoViewModel_PtzCotrolledByUnknownTest" computerName="DKSR-EFI-06" duration="00:00:00.0011354" startTime="2024-01-09T15:47:43.5723101+01:00" endTime="2024-01-09T15:47:43.5736322+01:00" testType="13cdc9d9-ddb5-4fa4-a97d-d965ccfc6d4b" outcome="Passed" testListId="8c84fa94-04c1-424b-9868-57a2d4851a1d" relativeResultsDirectory="77712e65-d0d7-487c-94fb-487bfc3dd547" />
    <UnitTestResult executionId="25cb70cc-68ac-4b82-b1b5-e76d6bc0bb14" testId="d85ccb45-df39-85fa-0735-81b50d6ae30d" testName="Both enabled, not forced" computerName="DKSR-EFI-06" duration="00:00:00.0053742" startTime="2024-01-09T15:47:51.4079112+01:00" endTime="2024-01-09T15:47:51.4134894+01:00" testType="13cdc9d9-ddb5-4fa4-a97d-d965ccfc6d4b" outcome="Passed" testListId="8c84fa94-04c1-424b-9868-57a2d4851a1d" relativeResultsDirectory="25cb70cc-68ac-4b82-b1b5-e76d6bc0bb14" />
    <UnitTestResult executionId="72b7261a-a2a2-417f-9f36-539548f7cd0b" testId="6ac3daf7-7d17-a19c-0567-b6e3340bf41b" testName="DataTypeTest" computerName="DKSR-EFI-06" duration="00:00:00.0002983" startTime="2024-01-09T15:48:49.6756425+01:00" endTime="2024-01-09T15:48:49.6760781+01:00" testType="13cdc9d9-ddb5-4fa4-a97d-d965ccfc6d4b" outcome="Passed" testListId="8c84fa94-04c1-424b-9868-57a2d4851a1d" relativeResultsDirectory="72b7261a-a2a2-417f-9f36-539548f7cd0b" />
    <UnitTestResult executionId="a47ffc48-cf3f-4d38-9ed0-7504a37b2769" testId="b0e999aa-6f2d-cdfd-39f2-77fd8d2611be" testName="Compare_NotNullVsNull_LessThan" computerName="DKSR-EFI-06" duration="00:00:00.0001493" startTime="2024-01-09T15:48:26.7442049+01:00" endTime="2024-01-09T15:48:26.7444785+01:00" testType="13cdc9d9-ddb5-4fa4-a97d-d965ccfc6d4b" outcome="Passed" testListId="8c84fa94-04c1-424b-9868-57a2d4851a1d" relativeResultsDirectory="a47ffc48-cf3f-4d38-9ed0-7504a37b2769" />
    <UnitTestResult executionId="d0a72cae-e157-4e49-8e22-dabd2ca5c403" testId="93ef99d9-ca73-69ac-4d15-4561a881ee1d" testName="GetDeviceData_ShouldReturnDeviceData_WhenMicrophoneKindAndExistingMicrophoneId" computerName="DKSR-EFI-06" duration="00:00:00.0269466" startTime="2024-01-09T15:47:51.1741140+01:00" endTime="2024-01-09T15:47:51.2012459+01:00" testType="13cdc9d9-ddb5-4fa4-a97d-d965ccfc6d4b" outcome="Passed" testListId="8c84fa94-04c1-424b-9868-57a2d4851a1d" relativeResultsDirectory="d0a72cae-e157-4e49-8e22-dabd2ca5c403" />
    <UnitTestResult executionId="4f621e11-ed1c-48e5-a924-efbe397aaac2" testId="20cd3c5b-85a9-064a-ae50-0db9b4c55966" testName="Search_SingleCategory_SearchCallDelegatedToSearchManager" computerName="DKSR-EFI-06" duration="00:00:00.0128484" startTime="2024-01-09T15:48:37.3637490+01:00" endTime="2024-01-09T15:48:37.3767354+01:00" testType="13cdc9d9-ddb5-4fa4-a97d-d965ccfc6d4b" outcome="Passed" testListId="8c84fa94-04c1-424b-9868-57a2d4851a1d" relativeResultsDirectory="4f621e11-ed1c-48e5-a924-efbe397aaac2" />
    <UnitTestResult executionId="d746336c-d731-4c12-9832-aaeb53ea9a70" testId="e5973daf-eb52-605d-f256-024d8a961fe9" testName="Search_EmptyFilterValue_WarningTextNotApplied" computerName="DKSR-EFI-06" duration="00:00:00.0073522" startTime="2024-01-09T15:48:37.4501687+01:00" endTime="2024-01-09T15:48:37.4576649+01:00" testType="13cdc9d9-ddb5-4fa4-a97d-d965ccfc6d4b" outcome="Passed" testListId="8c84fa94-04c1-424b-9868-57a2d4851a1d" relativeResultsDirectory="d746336c-d731-4c12-9832-aaeb53ea9a70" />
    <UnitTestResult executionId="1e89e053-d8aa-4bf1-9d10-6483f228e97c" testId="ec2e4d78-7e33-854f-807c-b8709b69648c" testName="Valid password" computerName="DKSR-EFI-06" duration="00:00:00.0000949" startTime="2024-01-09T15:47:52.2178064+01:00" endTime="2024-01-09T15:47:52.2180301+01:00" testType="13cdc9d9-ddb5-4fa4-a97d-d965ccfc6d4b" outcome="Passed" testListId="8c84fa94-04c1-424b-9868-57a2d4851a1d" relativeResultsDirectory="1e89e053-d8aa-4bf1-9d10-6483f228e97c" />
    <UnitTestResult executionId="6c06b834-f3ab-4492-bf4c-ea71abd40883" testId="2f07bb8b-cd50-f2c2-1839-7178b31bc8e9" testName="GetMapLayerArguments_ShouldReturnIGisMapModelAndAlarmsObservables_WhenCalled" computerName="DKSR-EFI-06" duration="00:00:00.0004720" startTime="2024-01-09T15:48:40.7854169+01:00" endTime="2024-01-09T15:48:40.7860240+01:00" testType="13cdc9d9-ddb5-4fa4-a97d-d965ccfc6d4b" outcome="Passed" testListId="8c84fa94-04c1-424b-9868-57a2d4851a1d" relativeResultsDirectory="6c06b834-f3ab-4492-bf4c-ea71abd40883" />
    <UnitTestResult executionId="7859bb3e-89b1-4b45-b770-a87bc312c1ce" testId="3c6b6456-74c4-1dda-6116-e2d0816b5ed7" testName="AddToExportDevices_ShouldReturnCorrectResult (5,5,0)" computerName="DKSR-EFI-06" duration="00:00:00.0025193" startTime="2024-01-09T15:48:45.4089301+01:00" endTime="2024-01-09T15:48:45.4116124+01:00" testType="13cdc9d9-ddb5-4fa4-a97d-d965ccfc6d4b" outcome="Passed" testListId="8c84fa94-04c1-424b-9868-57a2d4851a1d" relativeResultsDirectory="7859bb3e-89b1-4b45-b770-a87bc312c1ce" />
    <UnitTestResult executionId="37e79e53-46e8-4240-8f56-c851d2f29da9" testId="ac29b4b5-8534-78d0-60ee-ce2fc38c2fe4" testName="SearchResultsActionBarActions_ActionResultModified_Success" computerName="DKSR-EFI-06" duration="00:00:00.0084825" startTime="2024-01-09T15:48:23.2267087+01:00" endTime="2024-01-09T15:48:23.2353590+01:00" testType="13cdc9d9-ddb5-4fa4-a97d-d965ccfc6d4b" outcome="Passed" testListId="8c84fa94-04c1-424b-9868-57a2d4851a1d" relativeResultsDirectory="37e79e53-46e8-4240-8f56-c851d2f29da9" />
    <UnitTestResult executionId="4f67533b-8df0-458d-a4d5-f6f0e1b7e65f" testId="4ac44c86-bed3-2106-179e-e12e5a83e7dd" testName="TestGetWorkroom_UnknownWorkSpaceId_Success" computerName="DKSR-EFI-06" duration="00:00:00.0017581" startTime="2024-01-09T15:47:42.9907825+01:00" endTime="2024-01-09T15:47:42.9926769+01:00" testType="13cdc9d9-ddb5-4fa4-a97d-d965ccfc6d4b" outcome="Passed" testListId="8c84fa94-04c1-424b-9868-57a2d4851a1d" relativeResultsDirectory="4f67533b-8df0-458d-a4d5-f6f0e1b7e65f" />
    <UnitTestResult executionId="afc20092-1900-439b-8b97-fbe04aa4827d" testId="4007ec22-794b-cf4d-bda6-76bc701e6452" testName="TimeToStringConverter_Convert_NullParameter_ReturnUnsetValue" computerName="DKSR-EFI-06" duration="00:00:00.0004558" startTime="2024-01-09T15:48:10.3548183+01:00" endTime="2024-01-09T15:48:10.3554231+01:00" testType="13cdc9d9-ddb5-4fa4-a97d-d965ccfc6d4b" outcome="Passed" testListId="8c84fa94-04c1-424b-9868-57a2d4851a1d" relativeResultsDirectory="afc20092-1900-439b-8b97-fbe04aa4827d" />
    <UnitTestResult executionId="457e99c0-2608-4014-94a1-6cde1516e001" testId="e6be9160-5cc6-c513-67c4-14d959e49ad9" testName="Ctor_UnknownEditControl_InlineEditControl_Success" computerName="DKSR-EFI-06" duration="00:00:00.0015147" startTime="2024-01-09T15:48:22.4670305+01:00" endTime="2024-01-09T15:48:22.4710332+01:00" testType="13cdc9d9-ddb5-4fa4-a97d-d965ccfc6d4b" outcome="Passed" testListId="8c84fa94-04c1-424b-9868-57a2d4851a1d" relativeResultsDirectory="457e99c0-2608-4014-94a1-6cde1516e001" />
    <UnitTestResult executionId="2a351d9e-5d77-46eb-a24a-e7b89144e51f" testId="5ed08d6e-1829-53d6-39c2-5824072e1015" testName="Convert_ShouldReturnFalse_WhenParameterIsNotEqualToValue" computerName="DKSR-EFI-06" duration="00:00:00.0001678" startTime="2024-01-09T15:47:44.4154212+01:00" endTime="2024-01-09T15:47:44.4157034+01:00" testType="13cdc9d9-ddb5-4fa4-a97d-d965ccfc6d4b" outcome="Passed" testListId="8c84fa94-04c1-424b-9868-57a2d4851a1d" relativeResultsDirectory="2a351d9e-5d77-46eb-a24a-e7b89144e51f" />
    <UnitTestResult executionId="be3909ec-b64c-498c-9561-331972fe4954" testId="d971de1e-b31f-31c2-fa67-f30dd423d56b" testName="Constructor_ShouldRaiseArgumentNullException_WhenGisMapViewModelIsNull" computerName="DKSR-EFI-06" duration="00:00:00.0019841" startTime="2024-01-09T15:47:45.7447676+01:00" endTime="2024-01-09T15:47:45.7470598+01:00" testType="13cdc9d9-ddb5-4fa4-a97d-d965ccfc6d4b" outcome="Passed" testListId="8c84fa94-04c1-424b-9868-57a2d4851a1d" relativeResultsDirectory="be3909ec-b64c-498c-9561-331972fe4954" />
    <UnitTestResult executionId="8f6bff55-2983-43d1-b938-f53ce272ce04" testId="59d09cb9-f05a-ad0a-27b2-ae8fd67c3518" testName="Included_ShouldRemoveViewItemFromIncludedViewItems_WhenSetToFalse" computerName="DKSR-EFI-06" duration="00:00:00.0087567" startTime="2024-01-09T15:48:49.5080631+01:00" endTime="2024-01-09T15:48:49.5207944+01:00" testType="13cdc9d9-ddb5-4fa4-a97d-d965ccfc6d4b" outcome="Passed" testListId="8c84fa94-04c1-424b-9868-57a2d4851a1d" relativeResultsDirectory="8f6bff55-2983-43d1-b938-f53ce272ce04" />
    <UnitTestResult executionId="1fd654f5-6935-493a-b28b-53bb039c777a" testId="23c856d5-b6c3-19f8-8013-074be7c600aa" testName="Retrieve_ExceptionHandled" computerName="DKSR-EFI-06" duration="00:00:00.0024524" startTime="2024-01-09T15:47:49.7153154+01:00" endTime="2024-01-09T15:47:49.7179452+01:00" testType="13cdc9d9-ddb5-4fa4-a97d-d965ccfc6d4b" outcome="Passed" testListId="8c84fa94-04c1-424b-9868-57a2d4851a1d" relativeResultsDirectory="1fd654f5-6935-493a-b28b-53bb039c777a" />
    <UnitTestResult executionId="bc2984a5-3659-40ec-a96a-7e253bafc13c" testId="833aec2e-c0ac-4112-94cf-5fa375595a9e" testName="Search_ShouldPopulateSearchResult_WhenSuccessful" computerName="DKSR-EFI-06" duration="00:00:00.0031193" startTime="2024-01-09T15:48:52.8440461+01:00" endTime="2024-01-09T15:48:52.8472955+01:00" testType="13cdc9d9-ddb5-4fa4-a97d-d965ccfc6d4b" outcome="Passed" testListId="8c84fa94-04c1-424b-9868-57a2d4851a1d" relativeResultsDirectory="bc2984a5-3659-40ec-a96a-7e253bafc13c" />
    <UnitTestResult executionId="ed170999-4656-444a-b48b-e3f4813f5988" testId="07465ce7-6373-2a9f-806a-3101b38a9200" testName="ComparerSet_NewValue_EventFired" computerName="DKSR-EFI-06" duration="00:00:00.0151908" startTime="2024-01-09T15:48:26.5944669+01:00" endTime="2024-01-09T15:48:26.6098424+01:00" testType="13cdc9d9-ddb5-4fa4-a97d-d965ccfc6d4b" outcome="Passed" testListId="8c84fa94-04c1-424b-9868-57a2d4851a1d" relativeResultsDirectory="ed170999-4656-444a-b48b-e3f4813f5988" />
    <UnitTestResult executionId="191b8c14-b358-4bb7-92f1-3d3335d4d016" testId="5effecc7-0d7c-71b0-4a5d-1b5e24448f32" testName="SaveAsNewSearchTemplateAsync_Succeeds_Success" computerName="DKSR-EFI-06" duration="00:00:00.0042732" startTime="2024-01-09T15:48:26.0603858+01:00" endTime="2024-01-09T15:48:26.0647950+01:00" testType="13cdc9d9-ddb5-4fa4-a97d-d965ccfc6d4b" outcome="Passed" testListId="8c84fa94-04c1-424b-9868-57a2d4851a1d" relativeResultsDirectory="191b8c14-b358-4bb7-92f1-3d3335d4d016" />
    <UnitTestResult executionId="d76269f6-2c2a-4d93-87c5-77b29eae94ae" testId="10f7e539-95db-7d97-e660-3fdca86f07c0" testName="PatrollingStepListViewModel_AddStepExecute" computerName="DKSR-EFI-06" duration="00:00:00.0022343" startTime="2024-01-09T15:48:43.9503513+01:00" endTime="2024-01-09T15:48:43.9527281+01:00" testType="13cdc9d9-ddb5-4fa4-a97d-d965ccfc6d4b" outcome="Passed" testListId="8c84fa94-04c1-424b-9868-57a2d4851a1d" relativeResultsDirectory="d76269f6-2c2a-4d93-87c5-77b29eae94ae" />
    <UnitTestResult executionId="a403f7ee-66dc-4d6e-96c7-90afa597dfd1" testId="f6db960c-c26a-9ba9-bdda-2ac9e0b27970" testName="PtzPresetsMenuViewModel_PtzCotrolledByAnonymousTest" computerName="DKSR-EFI-06" duration="00:00:00.0007982" startTime="2024-01-09T15:48:49.5798289+01:00" endTime="2024-01-09T15:48:49.5807542+01:00" testType="13cdc9d9-ddb5-4fa4-a97d-d965ccfc6d4b" outcome="Passed" testListId="8c84fa94-04c1-424b-9868-57a2d4851a1d" relativeResultsDirectory="a403f7ee-66dc-4d6e-96c7-90afa597dfd1" />
    <UnitTestResult executionId="6d65bef0-b910-449b-ad25-970f438b78c1" testId="03a16989-cfc5-ab34-8c7c-ef90806b02a7" testName="Ctor_NullArgs_ArgNullException" computerName="DKSR-EFI-06" duration="00:00:00.0070890" startTime="2024-01-09T15:48:22.3861546+01:00" endTime="2024-01-09T15:48:22.3935166+01:00" testType="13cdc9d9-ddb5-4fa4-a97d-d965ccfc6d4b" outcome="Passed" testListId="8c84fa94-04c1-424b-9868-57a2d4851a1d" relativeResultsDirectory="6d65bef0-b910-449b-ad25-970f438b78c1" />
    <UnitTestResult executionId="140b4370-3665-46a2-a61a-80a578e09c65" testId="f252f3f1-2ddc-5f57-0a09-9fe0a66fde7a" testName="MergeWith_ClusterItems_ItemAdded" computerName="DKSR-EFI-06" duration="00:00:00.0073466" startTime="2024-01-09T15:48:43.6863154+01:00" endTime="2024-01-09T15:48:43.6938126+01:00" testType="13cdc9d9-ddb5-4fa4-a97d-d965ccfc6d4b" outcome="Passed" testListId="8c84fa94-04c1-424b-9868-57a2d4851a1d" relativeResultsDirectory="140b4370-3665-46a2-a61a-80a578e09c65" />
    <UnitTestResult executionId="eed50ac6-26d2-44bd-88a7-4db9dc9e506e" testId="d381fedf-8c58-4a19-b08e-ee127d4421c9" testName="CreateItemUserControl_CombinedSearchResultDataWrapperParameter_ControlCreatedAndInitialized" computerName="DKSR-EFI-06" duration="00:00:00.6496776" startTime="2024-01-09T15:47:55.5734847+01:00" endTime="2024-01-09T15:47:56.2263563+01:00" testType="13cdc9d9-ddb5-4fa4-a97d-d965ccfc6d4b" outcome="Passed" testListId="8c84fa94-04c1-424b-9868-57a2d4851a1d" relativeResultsDirectory="eed50ac6-26d2-44bd-88a7-4db9dc9e506e" />
    <UnitTestResult executionId="db6cfd9c-ddc0-484f-9242-ffa4f6566d7d" testId="5234d1ee-ef9d-50d7-130b-4f673d2d6420" testName="Instance_ShouldBeSingleton_WhenCalled" computerName="DKSR-EFI-06" duration="00:00:00.0002079" startTime="2024-01-09T15:48:40.8041410+01:00" endTime="2024-01-09T15:48:40.8045976+01:00" testType="13cdc9d9-ddb5-4fa4-a97d-d965ccfc6d4b" outcome="Passed" testListId="8c84fa94-04c1-424b-9868-57a2d4851a1d" relativeResultsDirectory="db6cfd9c-ddc0-484f-9242-ffa4f6566d7d" />
    <UnitTestResult executionId="8785818a-8ad6-43b1-8fc2-fa2b946f5103" testId="b4dcaf4b-c8a6-a3d6-898f-051609cb706b" testName="Search_SearchResultReceivedFromDefinitionOnlySupportingSubsetOfFilters_WarningTextAppliedAndEventFired" computerName="DKSR-EFI-06" duration="00:00:00.0081904" startTime="2024-01-09T15:48:37.4413573+01:00" endTime="2024-01-09T15:48:37.4497050+01:00" testType="13cdc9d9-ddb5-4fa4-a97d-d965ccfc6d4b" outcome="Passed" testListId="8c84fa94-04c1-424b-9868-57a2d4851a1d" relativeResultsDirectory="8785818a-8ad6-43b1-8fc2-fa2b946f5103" />
    <UnitTestResult executionId="f4b26933-5031-45e1-942e-dc6f29f9a0e5" testId="15256628-10ab-395d-cdc0-982196f2d384" testName="PtzInfoViewModel_PtzReservedByCurrentUserTest" computerName="DKSR-EFI-06" duration="00:00:00.0011291" startTime="2024-01-09T15:47:43.5835864+01:00" endTime="2024-01-09T15:47:43.5848737+01:00" testType="13cdc9d9-ddb5-4fa4-a97d-d965ccfc6d4b" outcome="Passed" testListId="8c84fa94-04c1-424b-9868-57a2d4851a1d" relativeResultsDirectory="f4b26933-5031-45e1-942e-dc6f29f9a0e5" />
    <UnitTestResult executionId="9b10128f-34bb-49b0-b071-4f66dca71aa7" testId="669fc029-8875-e129-8d0c-bd7a31bdd15f" testName="DeviceIcons_ShouldBeCached_WhenCalled" computerName="DKSR-EFI-06" duration="00:00:00.0001713" startTime="2024-01-09T15:48:40.7939209+01:00" endTime="2024-01-09T15:48:40.7942253+01:00" testType="13cdc9d9-ddb5-4fa4-a97d-d965ccfc6d4b" outcome="Passed" testListId="8c84fa94-04c1-424b-9868-57a2d4851a1d" relativeResultsDirectory="9b10128f-34bb-49b0-b071-4f66dca71aa7" />
    <UnitTestResult executionId="e392136f-2b17-4adc-839a-b1dbce3cb1af" testId="1d30d716-63ba-8629-37de-621fcc2f5f57" testName="IsProcessing_AddResults_Success" computerName="DKSR-EFI-06" duration="00:00:00.0017976" startTime="2024-01-09T15:48:26.6231400+01:00" endTime="2024-01-09T15:48:26.6250765+01:00" testType="13cdc9d9-ddb5-4fa4-a97d-d965ccfc6d4b" outcome="Passed" testListId="8c84fa94-04c1-424b-9868-57a2d4851a1d" relativeResultsDirectory="e392136f-2b17-4adc-839a-b1dbce3cb1af" />
    <UnitTestResult executionId="1cf912a2-a8fa-455c-8d28-b13bc20dec81" testId="78819630-2935-1e63-9860-8c1336d44889" testName="ConvertGridMaskTestImageViewerFormat" computerName="DKSR-EFI-06" duration="00:00:00.0002683" startTime="2024-01-09T15:48:49.5652797+01:00" endTime="2024-01-09T15:48:49.5656779+01:00" testType="13cdc9d9-ddb5-4fa4-a97d-d965ccfc6d4b" outcome="Passed" testListId="8c84fa94-04c1-424b-9868-57a2d4851a1d" relativeResultsDirectory="1cf912a2-a8fa-455c-8d28-b13bc20dec81" />
    <UnitTestResult executionId="4309cb48-7841-492a-8f21-eccda5495acb" testId="c852f0f2-cc0b-cd32-55ea-6f08f26c6103" testName="Instance_ShouldBeSingleton_WhenCalled" computerName="DKSR-EFI-06" duration="00:00:00.0001876" startTime="2024-01-09T15:48:40.7883361+01:00" endTime="2024-01-09T15:48:40.7887283+01:00" testType="13cdc9d9-ddb5-4fa4-a97d-d965ccfc6d4b" outcome="Passed" testListId="8c84fa94-04c1-424b-9868-57a2d4851a1d" relativeResultsDirectory="4309cb48-7841-492a-8f21-eccda5495acb" />
    <UnitTestResult executionId="faf7714e-4283-48a1-8178-79997836ac3c" testId="284a6b15-0a7d-d4a1-ae93-88897a496866" testName="Decorate_ShouldAddChildren_WhenThereAreLayersWithItemsImplementingITitleToggleableAndIBackgroundDiskToggleable" computerName="DKSR-EFI-06" duration="00:00:00.0013414" startTime="2024-01-09T15:47:45.9127738+01:00" endTime="2024-01-09T15:47:45.9142387+01:00" testType="13cdc9d9-ddb5-4fa4-a97d-d965ccfc6d4b" outcome="Passed" testListId="8c84fa94-04c1-424b-9868-57a2d4851a1d" relativeResultsDirectory="faf7714e-4283-48a1-8178-79997836ac3c" />
    <UnitTestResult executionId="31aa7e36-1c5a-4f1c-9292-30b28ab72942" testId="dd8ceee9-e0da-460a-3a9b-41ccef9e8e3e" testName="DeleteMapItems_ShouldReturnFalse_WhenUserDeclinesDeletionOfSingleItem" computerName="DKSR-EFI-06" duration="00:00:00.0021999" startTime="2024-01-09T15:48:40.7644055+01:00" endTime="2024-01-09T15:48:40.7667672+01:00" testType="13cdc9d9-ddb5-4fa4-a97d-d965ccfc6d4b" outcome="Passed" testListId="8c84fa94-04c1-424b-9868-57a2d4851a1d" relativeResultsDirectory="31aa7e36-1c5a-4f1c-9292-30b28ab72942" />
    <UnitTestResult executionId="2953fc4d-c52e-4a37-a91a-509d51198fbd" testId="bf38d087-b471-df6a-7d14-7824df80030c" testName="AddItems_ShouldAcceptItems_WhenItemsAreOfDifferentTypes" computerName="DKSR-EFI-06" duration="00:00:00.0144409" startTime="2024-01-09T15:48:43.6103156+01:00" endTime="2024-01-09T15:48:43.6249547+01:00" testType="13cdc9d9-ddb5-4fa4-a97d-d965ccfc6d4b" outcome="Passed" testListId="8c84fa94-04c1-424b-9868-57a2d4851a1d" relativeResultsDirectory="2953fc4d-c52e-4a37-a91a-509d51198fbd" />
    <UnitTestResult executionId="97b21929-cc14-4188-94f9-2f7538d060b7" testId="7ef6fc17-41f7-b6dd-5a72-5e5de8ea26a4" testName="GetServerTypes_ShouldReturnServiceChannelType" computerName="DKSR-EFI-06" duration="00:00:00.0003291" startTime="2024-01-09T15:48:46.9720658+01:00" endTime="2024-01-09T15:48:46.9725232+01:00" testType="13cdc9d9-ddb5-4fa4-a97d-d965ccfc6d4b" outcome="Passed" testListId="8c84fa94-04c1-424b-9868-57a2d4851a1d" relativeResultsDirectory="97b21929-cc14-4188-94f9-2f7538d060b7" />
    <UnitTestResult executionId="edb069ba-3eec-4bad-b39a-5adacb079a33" testId="84d62aca-a413-46a5-c8ba-3602e6cd8798" testName="CameraMapItem_ForceActivateAsync_InBuilding_UseLastLevel_Success" computerName="DKSR-EFI-06" duration="00:00:00.0136156" startTime="2024-01-09T15:48:39.6435099+01:00" endTime="2024-01-09T15:48:39.6573145+01:00" testType="13cdc9d9-ddb5-4fa4-a97d-d965ccfc6d4b" outcome="Passed" testListId="8c84fa94-04c1-424b-9868-57a2d4851a1d" relativeResultsDirectory="edb069ba-3eec-4bad-b39a-5adacb079a33" />
    <UnitTestResult executionId="295f2c37-6d0e-43c8-9d34-60d208227d94" testId="15d239ea-71aa-55f8-a2eb-41474406f678" testName="PopulateTooltip_SingleResultsFromSingleCamera24Hours_ValidText" computerName="DKSR-EFI-06" duration="00:00:00.0465599" startTime="2024-01-09T15:48:18.8421468+01:00" endTime="2024-01-09T15:48:18.8916318+01:00" testType="13cdc9d9-ddb5-4fa4-a97d-d965ccfc6d4b" outcome="Passed" testListId="8c84fa94-04c1-424b-9868-57a2d4851a1d" relativeResultsDirectory="295f2c37-6d0e-43c8-9d34-60d208227d94" />
    <UnitTestResult executionId="56f56773-9ee2-4423-abb9-929f0b3d034f" testId="846a9eb5-5d29-1fe6-2752-1629db0ce419" testName="AlwaysPutGroupsBeforeViews" computerName="DKSR-EFI-06" duration="00:00:00.0002723" startTime="2024-01-09T15:48:44.9703900+01:00" endTime="2024-01-09T15:48:44.9707962+01:00" testType="13cdc9d9-ddb5-4fa4-a97d-d965ccfc6d4b" outcome="Passed" testListId="8c84fa94-04c1-424b-9868-57a2d4851a1d" relativeResultsDirectory="56f56773-9ee2-4423-abb9-929f0b3d034f" />
    <UnitTestResult executionId="e836e255-5912-4ad6-a182-725588c0af56" testId="80e1e452-82cf-b088-db40-d28f7d32c62d" testName="EvidenceLock when Live" computerName="DKSR-EFI-06" duration="00:00:00.0161683" startTime="2024-01-09T15:48:44.4031801+01:00" endTime="2024-01-09T15:48:44.6194645+01:00" testType="13cdc9d9-ddb5-4fa4-a97d-d965ccfc6d4b" outcome="Passed" testListId="8c84fa94-04c1-424b-9868-57a2d4851a1d" relativeResultsDirectory="e836e255-5912-4ad6-a182-725588c0af56" />
    <UnitTestResult executionId="92d449d3-a380-4a22-b573-bf2f08bfc2c0" testId="69ce5361-06cb-10c5-3157-d27adff1ce44" testName="AddSelectedWindowsToExport_ShouldShowCorrectToastMessages (1,1,0)" computerName="DKSR-EFI-06" duration="00:00:00.0022335" startTime="2024-01-09T15:48:45.4497170+01:00" endTime="2024-01-09T15:48:45.4521194+01:00" testType="13cdc9d9-ddb5-4fa4-a97d-d965ccfc6d4b" outcome="Passed" testListId="8c84fa94-04c1-424b-9868-57a2d4851a1d" relativeResultsDirectory="92d449d3-a380-4a22-b573-bf2f08bfc2c0" />
    <UnitTestResult executionId="ed1caa89-a3fc-4eb7-9d14-02238ecbdf0b" testId="fefc1ca8-7f95-c638-84b7-b1c00b90c427" testName="GetGuidProviderStrategyByEventServerId_ShouldReturnOneMd5Strategy_WhenEventServerIdIsNonFipsCompliant" computerName="DKSR-EFI-06" duration="00:00:00.0003991" startTime="2024-01-09T15:48:52.8576750+01:00" endTime="2024-01-09T15:48:52.8582055+01:00" testType="13cdc9d9-ddb5-4fa4-a97d-d965ccfc6d4b" outcome="Passed" testListId="8c84fa94-04c1-424b-9868-57a2d4851a1d" relativeResultsDirectory="ed1caa89-a3fc-4eb7-9d14-02238ecbdf0b" />
    <UnitTestResult executionId="580e6b60-fffa-448b-8b1b-19990779220a" testId="4857c902-d3db-1acf-7754-f8c2fceb17a8" testName="AddItems_EmptyCollection_NoClusterChanges" computerName="DKSR-EFI-06" duration="00:00:00.0056397" startTime="2024-01-09T15:48:43.7190469+01:00" endTime="2024-01-09T15:48:43.7248379+01:00" testType="13cdc9d9-ddb5-4fa4-a97d-d965ccfc6d4b" outcome="Passed" testListId="8c84fa94-04c1-424b-9868-57a2d4851a1d" relativeResultsDirectory="580e6b60-fffa-448b-8b1b-19990779220a" />
    <UnitTestResult executionId="bd31f726-f6a6-4231-8975-bef34a66989a" testId="94665017-ba44-93eb-512e-f9565e558eb5" testName="TestGetBuildingClient_WithoutBuildingSupport_Success" computerName="DKSR-EFI-06" duration="00:00:00.0013238" startTime="2024-01-09T15:48:43.0857266+01:00" endTime="2024-01-09T15:48:43.0890093+01:00" testType="13cdc9d9-ddb5-4fa4-a97d-d965ccfc6d4b" outcome="Passed" testListId="8c84fa94-04c1-424b-9868-57a2d4851a1d" relativeResultsDirectory="bd31f726-f6a6-4231-8975-bef34a66989a" />
    <UnitTestResult executionId="5d6287f0-158a-47c6-8200-f27e1cab1699" testId="0c425759-ee83-6c6c-bbbc-12b94eca1c61" testName="BuildMapOptions_ShouldHandleEnumOptionsCorrectly (GisMapOpenStreetMapGeographicLayer,Available,True)" computerName="DKSR-EFI-06" duration="00:00:00.0019683" startTime="2024-01-09T15:48:51.5465607+01:00" endTime="2024-01-09T15:48:51.5487589+01:00" testType="13cdc9d9-ddb5-4fa4-a97d-d965ccfc6d4b" outcome="Passed" testListId="8c84fa94-04c1-424b-9868-57a2d4851a1d" relativeResultsDirectory="5d6287f0-158a-47c6-8200-f27e1cab1699" />
    <UnitTestResult executionId="6eb88ded-40da-418e-8814-ae5be53d6029" testId="3f3233bd-4893-b779-69f6-789d6f6a1d9a" testName="AddAttributeValueCommand_NullValue_AttributeValueSet" computerName="DKSR-EFI-06" duration="00:00:00.0014091" startTime="2024-01-09T15:48:22.4162047+01:00" endTime="2024-01-09T15:48:22.4177517+01:00" testType="13cdc9d9-ddb5-4fa4-a97d-d965ccfc6d4b" outcome="Passed" testListId="8c84fa94-04c1-424b-9868-57a2d4851a1d" relativeResultsDirectory="6eb88ded-40da-418e-8814-ae5be53d6029" />
    <UnitTestResult executionId="6d9be3ef-29ca-47a2-b787-5a00e920010a" testId="c6dda2cd-bb4c-abf6-4c9e-75c0a7c49325" testName="MapOutputIcons_WhenPinkOemResource_ShouldReturnTwoIcons" computerName="DKSR-EFI-06" duration="00:00:00.0390965" startTime="2024-01-09T15:48:50.8273038+01:00" endTime="2024-01-09T15:48:50.8666528+01:00" testType="13cdc9d9-ddb5-4fa4-a97d-d965ccfc6d4b" outcome="Passed" testListId="8c84fa94-04c1-424b-9868-57a2d4851a1d" relativeResultsDirectory="6d9be3ef-29ca-47a2-b787-5a00e920010a" />
    <UnitTestResult executionId="c1d53543-232f-4295-b9b6-0ca4205f741d" testId="47672882-b255-5356-2127-17a9bbfd997e" testName="Convert_OneCamerasSelectionAndZeroSearchDefinitions_Visible" computerName="DKSR-EFI-06" duration="00:00:00.0002502" startTime="2024-01-09T15:48:10.3484606+01:00" endTime="2024-01-09T15:48:10.3488481+01:00" testType="13cdc9d9-ddb5-4fa4-a97d-d965ccfc6d4b" outcome="Passed" testListId="8c84fa94-04c1-424b-9868-57a2d4851a1d" relativeResultsDirectory="c1d53543-232f-4295-b9b6-0ca4205f741d" />
    <UnitTestResult executionId="630e05d4-6186-4ebd-b928-b5170662deb6" testId="6a53a4fc-af98-30a6-3b55-6aeeac9be0be" testName="SaveStateTo_OrderResultsBy_Success" computerName="DKSR-EFI-06" duration="00:00:00.0051896" startTime="2024-01-09T15:48:23.6572768+01:00" endTime="2024-01-09T15:48:23.6626060+01:00" testType="13cdc9d9-ddb5-4fa4-a97d-d965ccfc6d4b" outcome="Passed" testListId="8c84fa94-04c1-424b-9868-57a2d4851a1d" relativeResultsDirectory="630e05d4-6186-4ebd-b928-b5170662deb6" />
    <UnitTestResult executionId="135df063-4441-46fd-ba85-7a381b290305" testId="5aee1987-ec48-787b-31d3-fe2a9e31e772" testName="WaitForItemAsync_WhenAdded_WaitsCorrectlyForItem" computerName="DKSR-EFI-06" duration="00:00:00.0045536" startTime="2024-01-09T15:47:49.8746490+01:00" endTime="2024-01-09T15:47:49.8794103+01:00" testType="13cdc9d9-ddb5-4fa4-a97d-d965ccfc6d4b" outcome="Passed" testListId="8c84fa94-04c1-424b-9868-57a2d4851a1d" relativeResultsDirectory="135df063-4441-46fd-ba85-7a381b290305" />
    <UnitTestResult executionId="dd8e9a4c-87db-44f9-88e9-bc5f95c4dc39" testId="b1a54d71-5c4b-5e18-0c40-6a96ee3db5e8" testName="SetSelectedDuration_ValidScopeDurations_SelectedTimeScopeSet" computerName="DKSR-EFI-06" duration="00:00:00.0102740" startTime="2024-01-09T15:48:24.8208398+01:00" endTime="2024-01-09T15:48:24.8312698+01:00" testType="13cdc9d9-ddb5-4fa4-a97d-d965ccfc6d4b" outcome="Passed" testListId="8c84fa94-04c1-424b-9868-57a2d4851a1d" relativeResultsDirectory="dd8e9a4c-87db-44f9-88e9-bc5f95c4dc39" />
    <UnitTestResult executionId="a6640c38-8cec-41c3-93b0-b9bba029d9e3" testId="51482505-ca37-9cd6-7636-ffa697390b81" testName="PatrollingProfileListViewModel_DeleteProfileCommand" computerName="DKSR-EFI-06" duration="00:00:00.0013972" startTime="2024-01-09T15:48:43.8548535+01:00" endTime="2024-01-09T15:48:43.8563899+01:00" testType="13cdc9d9-ddb5-4fa4-a97d-d965ccfc6d4b" outcome="Passed" testListId="8c84fa94-04c1-424b-9868-57a2d4851a1d" relativeResultsDirectory="a6640c38-8cec-41c3-93b0-b9bba029d9e3" />
    <UnitTestResult executionId="bc4f18ca-159c-40c6-9d84-bb0d8d16a1a9" testId="98514a87-c9e9-a001-7d97-02b7ed802ee7" testName="GisMapModel_AddBuilding_ServerFail_ErrorReported" computerName="DKSR-EFI-06" duration="00:00:00.0658209" startTime="2024-01-09T15:48:38.9619224+01:00" endTime="2024-01-09T15:48:39.0279657+01:00" testType="13cdc9d9-ddb5-4fa4-a97d-d965ccfc6d4b" outcome="Passed" testListId="8c84fa94-04c1-424b-9868-57a2d4851a1d" relativeResultsDirectory="bc4f18ca-159c-40c6-9d84-bb0d8d16a1a9">
      <Output>
        <StdOut>Debug Trace:&#xD;
 &gt;&gt;&gt; ERROR: System.ArgumentNullException: Value cannot be null. (Parameter 'response')&#xD;
   at VideoOS.RemoteClient.GisMapData.Utilities.VersionHelper.ReportUnsupportedData(Type sourceType, String operation, UnsupportedRespBase response) in D:\actions-runner\_work\XPCO\XPCO\SC\Components\dotNet\VideoOS.RemoteClient.GisMapData\Utilities\VersionHelper.cs:line 55&#xD;
   at VideoOS.RemoteClient.GisMapData.GisMapModelController.&lt;&gt;c__DisplayClass50_0.&lt;AddBuildings&gt;b__0() in D:\actions-runner\_work\XPCO\XPCO\SC\Components\dotNet\VideoOS.RemoteClient.GisMapData\GisMapModelController.cs:line 686&#xD;
   at System.Threading.Tasks.Task`1.InnerInvoke()&#xD;
   at System.Threading.ExecutionContext.RunInternal(ExecutionContext executionContext, ContextCallback callback, Object state)&#xD;
--- End of stack trace from previous location ---&#xD;
   at System.Threading.Tasks.Task.ExecuteWithThreadLocal(Task&amp; currentTaskSlot, Thread threadPoolThread)&#xD;
 &gt;&gt;&gt; Stack:    at VideoOS.RemoteClient.GisMapData.Utilities.VersionHelper.ReportUnsupportedData(Type sourceType, String operation, UnsupportedRespBase response) in D:\actions-runner\_work\XPCO\XPCO\SC\Components\dotNet\VideoOS.RemoteClient.GisMapData\Utilities\VersionHelper.cs:line 55&#xD;    at VideoOS.RemoteClient.GisMapData.GisMapModelController.&lt;&gt;c__DisplayClass50_0.&lt;AddBuildings&gt;b__0() in D:\actions-runner\_work\XPCO\XPCO\SC\Components\dotNet\VideoOS.RemoteClient.GisMapData\GisMapModelController.cs:line 686&#xD;    at System.Threading.Tasks.Task`1.InnerInvoke()&#xD;    at System.Threading.ExecutionContext.RunInternal(ExecutionContext executionContext, ContextCallback callback, Object state)&#xD; --- End of stack trace from previous location ---&#xD;    at System.Threading.Tasks.Task.ExecuteWithThreadLocal(Task&amp; currentTaskSlot, Thread threadPoolThread)</StdOut>
      </Output>
    </UnitTestResult>
    <UnitTestResult executionId="015fe610-ec69-4ee7-a270-42b11b237670" testId="e2e868a3-fc1a-6808-398b-537acaa38f26" testName="Ctor_ShouldAddNegotiateUserCredentialsToCache_WhenServerAuthenticationIsNotSimple" computerName="DKSR-EFI-06" duration="00:00:00.0001782" startTime="2024-01-09T15:47:43.3438608+01:00" endTime="2024-01-09T15:47:43.3442041+01:00" testType="13cdc9d9-ddb5-4fa4-a97d-d965ccfc6d4b" outcome="Passed" testListId="8c84fa94-04c1-424b-9868-57a2d4851a1d" relativeResultsDirectory="015fe610-ec69-4ee7-a270-42b11b237670" />
    <UnitTestResult executionId="f9e11c2a-6e54-4980-bb22-ef50b4b6b8f8" testId="7e6ab9bc-6be0-57ee-f082-006f13f3fda7" testName="PtzSessionControllerInfo_TimeChangedTest_Different_TimeLeft" computerName="DKSR-EFI-06" duration="00:00:00.0002853" startTime="2024-01-09T15:47:43.2155067+01:00" endTime="2024-01-09T15:47:43.2159379+01:00" testType="13cdc9d9-ddb5-4fa4-a97d-d965ccfc6d4b" outcome="Passed" testListId="8c84fa94-04c1-424b-9868-57a2d4851a1d" relativeResultsDirectory="f9e11c2a-6e54-4980-bb22-ef50b4b6b8f8" />
    <UnitTestResult executionId="7deb15e6-37a4-4049-b6c3-9224ccbd36d3" testId="b960a51a-07ce-5c77-9c47-9b7d49f68b04" testName="GetBoundingShapesPathsAsync_ShouldGetBoundingShapesFromFromMetadataObjectsSourceOnly_WhenOnlyFromMetadataObjectsSourceIsPassedIn" computerName="DKSR-EFI-06" duration="00:00:00.0028427" startTime="2024-01-09T15:48:25.9832459+01:00" endTime="2024-01-09T15:48:25.9886125+01:00" testType="13cdc9d9-ddb5-4fa4-a97d-d965ccfc6d4b" outcome="Passed" testListId="8c84fa94-04c1-424b-9868-57a2d4851a1d" relativeResultsDirectory="7deb15e6-37a4-4049-b6c3-9224ccbd36d3" />
    <UnitTestResult executionId="1bea2b1e-5204-450e-99fc-1efd74fa18dd" testId="2a7cf9dc-e9f0-7632-64c7-f92d98f50bd4" testName="CalculateNewExtent_ShouldScaleEvenly_WhenWithinMax" computerName="DKSR-EFI-06" duration="00:00:00.0001723" startTime="2024-01-09T15:47:49.8723777+01:00" endTime="2024-01-09T15:47:49.8726523+01:00" testType="13cdc9d9-ddb5-4fa4-a97d-d965ccfc6d4b" outcome="Passed" testListId="8c84fa94-04c1-424b-9868-57a2d4851a1d" relativeResultsDirectory="1bea2b1e-5204-450e-99fc-1efd74fa18dd" />
    <UnitTestResult executionId="56fd770c-ee0d-4942-a8b7-393198b0192e" testId="00f0e371-214b-3362-fe49-cbc53292d7d9" testName="TryGetOsmServerTileAddress_ShouldReturnTrue_WhenOsmServerAddressIsValidUrl" computerName="DKSR-EFI-06" duration="00:00:00.0001711" startTime="2024-01-09T15:48:43.0284715+01:00" endTime="2024-01-09T15:48:43.0288354+01:00" testType="13cdc9d9-ddb5-4fa4-a97d-d965ccfc6d4b" outcome="Passed" testListId="8c84fa94-04c1-424b-9868-57a2d4851a1d" relativeResultsDirectory="56fd770c-ee0d-4942-a8b7-393198b0192e" />
    <UnitTestResult executionId="d4f1c863-f109-4fa1-bfb4-59fb9eb7a714" testId="a6949d64-370a-8be7-7bab-9ebfeb9ac327" testName="IsBackButtonVisible_MappedToViewModel_Success" computerName="DKSR-EFI-06" duration="00:00:00.0103564" startTime="2024-01-09T15:47:49.9202557+01:00" endTime="2024-01-09T15:47:49.9333241+01:00" testType="13cdc9d9-ddb5-4fa4-a97d-d965ccfc6d4b" outcome="Passed" testListId="8c84fa94-04c1-424b-9868-57a2d4851a1d" relativeResultsDirectory="d4f1c863-f109-4fa1-bfb4-59fb9eb7a714" />
    <UnitTestResult executionId="bcfdb2c6-19b8-4e2b-891a-e0dcd34dc387" testId="84f8043b-4691-c526-0edb-4d71ad8832d8" testName="DisplayErrorOnNotificationArea_UnknownSearchError_LoggingEnabled_Success" computerName="DKSR-EFI-06" duration="00:00:00.0074937" startTime="2024-01-09T15:48:25.1371252+01:00" endTime="2024-01-09T15:48:25.1447790+01:00" testType="13cdc9d9-ddb5-4fa4-a97d-d965ccfc6d4b" outcome="Passed" testListId="8c84fa94-04c1-424b-9868-57a2d4851a1d" relativeResultsDirectory="bcfdb2c6-19b8-4e2b-891a-e0dcd34dc387" />
    <UnitTestResult executionId="106d275e-fc7a-4f98-8cb0-c779cade74d8" testId="3389b6dd-689a-11ef-38a7-5096963ffea8" testName="True" computerName="DKSR-EFI-06" duration="00:00:00.0013409" startTime="2024-01-09T15:48:45.6152435+01:00" endTime="2024-01-09T15:48:45.6188024+01:00" testType="13cdc9d9-ddb5-4fa4-a97d-d965ccfc6d4b" outcome="Passed" testListId="8c84fa94-04c1-424b-9868-57a2d4851a1d" relativeResultsDirectory="106d275e-fc7a-4f98-8cb0-c779cade74d8" />
    <UnitTestResult executionId="5db2f4ca-4f39-4490-a5f4-577cef557a23" testId="b77ab5c7-4e76-dc3e-b1c6-67decc6894df" testName="OutputMapItem_ForceActivateAsync_InBuilding_UseLastLevel_Success" computerName="DKSR-EFI-06" duration="00:00:00.0106788" startTime="2024-01-09T15:48:41.7066287+01:00" endTime="2024-01-09T15:48:41.7174802+01:00" testType="13cdc9d9-ddb5-4fa4-a97d-d965ccfc6d4b" outcome="Passed" testListId="8c84fa94-04c1-424b-9868-57a2d4851a1d" relativeResultsDirectory="5db2f4ca-4f39-4490-a5f4-577cef557a23" />
    <UnitTestResult executionId="85342d8b-b576-429e-a700-9da41058d688" testId="d2a9174b-0e8a-f538-f842-cd59e66f5936" testName="GetLayerFeatures_ShouldNotThrow_WhenLayersCollectionIsEmpty" computerName="DKSR-EFI-06" duration="00:00:00.0005424" startTime="2024-01-09T15:48:43.0598078+01:00" endTime="2024-01-09T15:48:43.0605014+01:00" testType="13cdc9d9-ddb5-4fa4-a97d-d965ccfc6d4b" outcome="Passed" testListId="8c84fa94-04c1-424b-9868-57a2d4851a1d" relativeResultsDirectory="85342d8b-b576-429e-a700-9da41058d688" />
    <UnitTestResult executionId="697156b3-f25d-4be3-837a-3e6a6d54d671" testId="1828ecd5-bb3e-6d98-809c-f913ae167b2a" testName="TestBuildingLoadAsync_Success" computerName="DKSR-EFI-06" duration="00:00:00.0248245" startTime="2024-01-09T15:48:38.1673862+01:00" endTime="2024-01-09T15:48:38.1923786+01:00" testType="13cdc9d9-ddb5-4fa4-a97d-d965ccfc6d4b" outcome="Passed" testListId="8c84fa94-04c1-424b-9868-57a2d4851a1d" relativeResultsDirectory="697156b3-f25d-4be3-837a-3e6a6d54d671" />
    <UnitTestResult executionId="f16b270c-fa1c-473b-a28c-166fdb7d4b7e" testId="b00294e4-8686-0263-7a25-105dca27e462" testName="HandleGetLayerFeatures_ShouldReturnOutputLayerFeatures_WhenOutputKind" computerName="DKSR-EFI-06" duration="00:00:00.0013810" startTime="2024-01-09T15:48:42.9812242+01:00" endTime="2024-01-09T15:48:42.9827470+01:00" testType="13cdc9d9-ddb5-4fa4-a97d-d965ccfc6d4b" outcome="Passed" testListId="8c84fa94-04c1-424b-9868-57a2d4851a1d" relativeResultsDirectory="f16b270c-fa1c-473b-a28c-166fdb7d4b7e" />
    <UnitTestResult executionId="e58dfee7-bb7e-4171-a382-aea674fef254" testId="24e7c2bb-215e-6687-9176-48e72f6cf85e" testName="ApplyStatesFromUi_ValidState_StateUpdated" computerName="DKSR-EFI-06" duration="00:00:00.6875649" startTime="2024-01-09T15:48:03.1998322+01:00" endTime="2024-01-09T15:48:03.8905547+01:00" testType="13cdc9d9-ddb5-4fa4-a97d-d965ccfc6d4b" outcome="Passed" testListId="8c84fa94-04c1-424b-9868-57a2d4851a1d" relativeResultsDirectory="e58dfee7-bb7e-4171-a382-aea674fef254" />
    <UnitTestResult executionId="5e2c1b09-ffcd-45a2-929c-aa22cdb1bdfb" testId="a6493ade-3aba-8e55-3d5b-e3a18089f41b" testName="CameraMapItem_ForceActivateAsync_InBuilding_MapLayerHidden_Success" computerName="DKSR-EFI-06" duration="00:00:00.0127335" startTime="2024-01-09T15:48:39.6578165+01:00" endTime="2024-01-09T15:48:39.6707290+01:00" testType="13cdc9d9-ddb5-4fa4-a97d-d965ccfc6d4b" outcome="Passed" testListId="8c84fa94-04c1-424b-9868-57a2d4851a1d" relativeResultsDirectory="5e2c1b09-ffcd-45a2-929c-aa22cdb1bdfb" />
    <UnitTestResult executionId="6e30bc2b-a1b1-4249-8d0f-c6ca44753404" testId="80e1e452-82cf-b088-db40-d28f7d32c62d" testName="EdgeRetrieve when Other" computerName="DKSR-EFI-06" duration="00:00:00.0157267" startTime="2024-01-09T15:48:44.4031801+01:00" endTime="2024-01-09T15:48:44.6194645+01:00" testType="13cdc9d9-ddb5-4fa4-a97d-d965ccfc6d4b" outcome="Passed" testListId="8c84fa94-04c1-424b-9868-57a2d4851a1d" relativeResultsDirectory="6e30bc2b-a1b1-4249-8d0f-c6ca44753404" />
    <UnitTestResult executionId="601be313-675c-4ee4-a156-6363735c3907" testId="b9fc609a-8ca2-2be6-d0e9-1319545fa745" testName="PatrollingProfileListViewModel_Save_DeleteProfile_Failed" computerName="DKSR-EFI-06" duration="00:00:00.0029757" startTime="2024-01-09T15:48:43.8843158+01:00" endTime="2024-01-09T15:48:43.8874361+01:00" testType="13cdc9d9-ddb5-4fa4-a97d-d965ccfc6d4b" outcome="Passed" testListId="8c84fa94-04c1-424b-9868-57a2d4851a1d" relativeResultsDirectory="601be313-675c-4ee4-a156-6363735c3907" />
    <UnitTestResult executionId="9be31a1d-6109-4d1f-a300-f5cec0e643c6" testId="aa8972af-4006-c6fd-4be2-6ab7cf64c83f" testName="CreateCameraListItem_ShouldAddRegionSelectionToFilterValue_WhenNotAlreadyPresent" computerName="DKSR-EFI-06" duration="00:00:00.0022564" startTime="2024-01-09T15:48:38.0869612+01:00" endTime="2024-01-09T15:48:38.0893781+01:00" testType="13cdc9d9-ddb5-4fa4-a97d-d965ccfc6d4b" outcome="Passed" testListId="8c84fa94-04c1-424b-9868-57a2d4851a1d" relativeResultsDirectory="9be31a1d-6109-4d1f-a300-f5cec0e643c6" />
    <UnitTestResult executionId="cdbdb101-95c2-4f0d-a09d-98aabc4c4759" testId="a7b3a0a1-b567-86d1-d16a-ead40656c5fa" testName="ZoomOut_MapSet_MapZoomOutInvoked" computerName="DKSR-EFI-06" duration="00:00:00.0005150" startTime="2024-01-09T15:47:45.9879558+01:00" endTime="2024-01-09T15:47:45.9885870+01:00" testType="13cdc9d9-ddb5-4fa4-a97d-d965ccfc6d4b" outcome="Passed" testListId="8c84fa94-04c1-424b-9868-57a2d4851a1d" relativeResultsDirectory="cdbdb101-95c2-4f0d-a09d-98aabc4c4759" />
    <UnitTestResult executionId="474cecf3-a36f-43cb-8d79-c5f70a9d998c" testId="54f7979c-7440-2cc5-5665-679c43abe566" testName="ExportNotVisible_WhenFeatureDisabled" computerName="DKSR-EFI-06" duration="00:00:00.0176581" startTime="2024-01-09T15:48:44.6211660+01:00" endTime="2024-01-09T15:48:44.6390192+01:00" testType="13cdc9d9-ddb5-4fa4-a97d-d965ccfc6d4b" outcome="Passed" testListId="8c84fa94-04c1-424b-9868-57a2d4851a1d" relativeResultsDirectory="474cecf3-a36f-43cb-8d79-c5f70a9d998c" />
    <UnitTestResult executionId="4eef29c6-480b-4cdd-9524-8fbf92bfdfe5" testId="c619b254-8c86-c5cf-c771-3ea358787f56" testName="TestSwitchWorkroom_ByWorkSpaceId_Success" computerName="DKSR-EFI-06" duration="00:00:00.0182803" startTime="2024-01-09T15:47:43.0142045+01:00" endTime="2024-01-09T15:47:43.0326437+01:00" testType="13cdc9d9-ddb5-4fa4-a97d-d965ccfc6d4b" outcome="Passed" testListId="8c84fa94-04c1-424b-9868-57a2d4851a1d" relativeResultsDirectory="4eef29c6-480b-4cdd-9524-8fbf92bfdfe5" />
    <UnitTestResult executionId="1849e1e2-2d77-4ff8-88fc-2e9c1ddde838" testId="edaf9c06-ff2c-62ed-be08-4c1afe57f05b" testName="IsOAuth_ShouldReturnFalse_WhenConstructedUsingSimple" computerName="DKSR-EFI-06" duration="00:00:00.0003178" startTime="2024-01-09T15:47:43.3488508+01:00" endTime="2024-01-09T15:47:43.3493278+01:00" testType="13cdc9d9-ddb5-4fa4-a97d-d965ccfc6d4b" outcome="Passed" testListId="8c84fa94-04c1-424b-9868-57a2d4851a1d" relativeResultsDirectory="1849e1e2-2d77-4ff8-88fc-2e9c1ddde838" />
    <UnitTestResult executionId="626648f4-b7bd-478a-a670-9da028806886" testId="18ccdda0-c082-96fc-d95c-7842b85332a3" testName="PatrollingProfileViewModelTest_IsDirty" computerName="DKSR-EFI-06" duration="00:00:00.0017395" startTime="2024-01-09T15:48:43.9189910+01:00" endTime="2024-01-09T15:48:43.9208743+01:00" testType="13cdc9d9-ddb5-4fa4-a97d-d965ccfc6d4b" outcome="Passed" testListId="8c84fa94-04c1-424b-9868-57a2d4851a1d" relativeResultsDirectory="626648f4-b7bd-478a-a670-9da028806886" />
    <UnitTestResult executionId="441a8245-10f0-446a-a56f-3853dce22d44" testId="a31ae58a-ac3b-c32e-1d10-665517748c9e" testName="Deserialize_UnknownFilterCategory_Error" computerName="DKSR-EFI-06" duration="00:00:00.0019127" startTime="2024-01-09T15:48:26.8164355+01:00" endTime="2024-01-09T15:48:26.8184794+01:00" testType="13cdc9d9-ddb5-4fa4-a97d-d965ccfc6d4b" outcome="Passed" testListId="8c84fa94-04c1-424b-9868-57a2d4851a1d" relativeResultsDirectory="441a8245-10f0-446a-a56f-3853dce22d44" />
    <UnitTestResult executionId="e2607627-2146-4853-884f-97043b465467" testId="c01b7aad-2de6-9625-9d52-27adc6cc7bd7" testName="IconTooltip_ShouldBeValid_WhenInteractionStateIsAddMicrophone" computerName="DKSR-EFI-06" duration="00:00:00.0003568" startTime="2024-01-09T15:47:45.9779731+01:00" endTime="2024-01-09T15:47:45.9784864+01:00" testType="13cdc9d9-ddb5-4fa4-a97d-d965ccfc6d4b" outcome="Passed" testListId="8c84fa94-04c1-424b-9868-57a2d4851a1d" relativeResultsDirectory="e2607627-2146-4853-884f-97043b465467" />
    <UnitTestResult executionId="9c1eb78e-7cb6-4dbe-a467-857f4c011d87" testId="afb51d05-f3b7-7ba8-3b5a-420afd719c13" testName="SetMapItemCluster_ShouldSetIcon_WhenNotSuperCluster" computerName="DKSR-EFI-06" duration="00:00:00.0217509" startTime="2024-01-09T15:47:49.0002344+01:00" endTime="2024-01-09T15:47:49.0246160+01:00" testType="13cdc9d9-ddb5-4fa4-a97d-d965ccfc6d4b" outcome="Passed" testListId="8c84fa94-04c1-424b-9868-57a2d4851a1d" relativeResultsDirectory="9c1eb78e-7cb6-4dbe-a467-857f4c011d87" />
    <UnitTestResult executionId="ce24ba1b-daab-47f9-adcf-84501991dc48" testId="14f3ec32-0fa4-5f7a-4835-a25af4f36100" testName="Ctor_OneBuiltInGroupDefined_OneCompositeAgentAddedAndTwoStandardAgentsAdded" computerName="DKSR-EFI-06" duration="00:00:00.0012917" startTime="2024-01-09T15:48:37.4729158+01:00" endTime="2024-01-09T15:48:37.4743461+01:00" testType="13cdc9d9-ddb5-4fa4-a97d-d965ccfc6d4b" outcome="Passed" testListId="8c84fa94-04c1-424b-9868-57a2d4851a1d" relativeResultsDirectory="ce24ba1b-daab-47f9-adcf-84501991dc48" />
    <UnitTestResult executionId="ef2cede2-2f92-40e3-9563-498273007851" testId="88b4d386-4c27-112e-bb74-c07845596dd9" testName="MergeOptionNodes_ShouldReturnOptionsFromOldKey_WhenOptionsForNewKeyIsNull" computerName="DKSR-EFI-06" duration="00:00:00.0013054" startTime="2024-01-09T15:48:45.5910577+01:00" endTime="2024-01-09T15:48:45.5925045+01:00" testType="13cdc9d9-ddb5-4fa4-a97d-d965ccfc6d4b" outcome="Passed" testListId="8c84fa94-04c1-424b-9868-57a2d4851a1d" relativeResultsDirectory="ef2cede2-2f92-40e3-9563-498273007851" />
    <UnitTestResult executionId="8a733b01-8f49-41f3-b692-6e2dbc52837b" testId="99ee5135-30d5-eb69-226f-d05fc552bf85" testName="Serialize_FromTimeOnly_Success" computerName="DKSR-EFI-06" duration="00:00:00.0005392" startTime="2024-01-09T15:48:26.7879602+01:00" endTime="2024-01-09T15:48:26.7886285+01:00" testType="13cdc9d9-ddb5-4fa4-a97d-d965ccfc6d4b" outcome="Passed" testListId="8c84fa94-04c1-424b-9868-57a2d4851a1d" relativeResultsDirectory="8a733b01-8f49-41f3-b692-6e2dbc52837b" />
    <UnitTestResult executionId="8679c2bb-4015-4b6a-aa1f-cff82f0ed9b0" testId="9b197971-a4a0-f2e7-cf86-c42cab4fc0ac" testName="RightClick_ShouldNotSetContextMenu_WhenHostIsContextMenuAware" computerName="DKSR-EFI-06" duration="00:00:00.0097687" startTime="2024-01-09T15:47:47.3359388+01:00" endTime="2024-01-09T15:47:47.3482007+01:00" testType="13cdc9d9-ddb5-4fa4-a97d-d965ccfc6d4b" outcome="Passed" testListId="8c84fa94-04c1-424b-9868-57a2d4851a1d" relativeResultsDirectory="8679c2bb-4015-4b6a-aa1f-cff82f0ed9b0" />
    <UnitTestResult executionId="fc625773-9553-452b-9039-803ca047751d" testId="047ae752-4baa-4950-c45b-96826b207ed0" testName="PtzSessionControllerInfo_ReservedChangedTest_Argument_Null_1" computerName="DKSR-EFI-06" duration="00:00:00.0007429" startTime="2024-01-09T15:47:43.2187931+01:00" endTime="2024-01-09T15:47:43.2199667+01:00" testType="13cdc9d9-ddb5-4fa4-a97d-d965ccfc6d4b" outcome="Passed" testListId="8c84fa94-04c1-424b-9868-57a2d4851a1d" relativeResultsDirectory="fc625773-9553-452b-9039-803ca047751d" />
    <UnitTestResult executionId="312254e2-5515-4be6-b196-aa250a2aad6f" testId="3f5e157c-fd88-4f5a-fa14-5f5e1b9a695a" testName="NearestPossibleZoomLevel_ShouldReturnZoomLevel3_WhenScaleIsGreaterThanZoomlevel3" computerName="DKSR-EFI-06" duration="00:00:00.0006951" startTime="2024-01-09T15:47:47.2589328+01:00" endTime="2024-01-09T15:47:47.2597484+01:00" testType="13cdc9d9-ddb5-4fa4-a97d-d965ccfc6d4b" outcome="Passed" testListId="8c84fa94-04c1-424b-9868-57a2d4851a1d" relativeResultsDirectory="312254e2-5515-4be6-b196-aa250a2aad6f" />
    <UnitTestResult executionId="01302214-2d4e-4022-9cbc-a2943e3d9813" testId="79e1afa4-43dc-dcc8-f757-ad97cc1a6215" testName="Tooltip_ShouldShowUnmuteText_WhenMicrophoneIsMutedOnLiveModeAndUserHasListenPermissions" computerName="DKSR-EFI-06" duration="00:00:00.0319609" startTime="2024-01-09T15:47:48.4314690+01:00" endTime="2024-01-09T15:47:48.4661047+01:00" testType="13cdc9d9-ddb5-4fa4-a97d-d965ccfc6d4b" outcome="Passed" testListId="8c84fa94-04c1-424b-9868-57a2d4851a1d" relativeResultsDirectory="01302214-2d4e-4022-9cbc-a2943e3d9813" />
    <UnitTestResult executionId="efb160d6-596a-401f-b286-ec3642f0d434" testId="bdaa8c04-85d7-4ee8-e951-82186f7309ad" testName="PtzSessionController_Constructor_Test" computerName="DKSR-EFI-06" duration="00:00:00.0048510" startTime="2024-01-09T15:47:43.0331080+01:00" endTime="2024-01-09T15:47:43.0384051+01:00" testType="13cdc9d9-ddb5-4fa4-a97d-d965ccfc6d4b" outcome="Passed" testListId="8c84fa94-04c1-424b-9868-57a2d4851a1d" relativeResultsDirectory="efb160d6-596a-401f-b286-ec3642f0d434" />
    <UnitTestResult executionId="304e4d84-c5c5-4e02-855b-01ee24ee00ab" testId="3faa4dab-caeb-2298-7011-c6556cbbddc1" testName="IsSuperCluster_ShouldReturnFalse_WhenMapItemsClusterIsNull" computerName="DKSR-EFI-06" duration="00:00:00.0448111" startTime="2024-01-09T15:47:48.9518790+01:00" endTime="2024-01-09T15:47:48.9994656+01:00" testType="13cdc9d9-ddb5-4fa4-a97d-d965ccfc6d4b" outcome="Passed" testListId="8c84fa94-04c1-424b-9868-57a2d4851a1d" relativeResultsDirectory="304e4d84-c5c5-4e02-855b-01ee24ee00ab" />
    <UnitTestResult executionId="2b01cb1d-1d6b-4b6d-ae0b-0130ffa01e8a" testId="dd8d755a-3eba-5a94-2039-0ce20505a681" testName="ActiveInteractionStateBinding_ShouldOnlyContainNormal_WhenCtorIsCalled" computerName="DKSR-EFI-06" duration="00:00:00.0135561" startTime="2024-01-09T15:47:47.4938168+01:00" endTime="2024-01-09T15:47:47.5101213+01:00" testType="13cdc9d9-ddb5-4fa4-a97d-d965ccfc6d4b" outcome="Passed" testListId="8c84fa94-04c1-424b-9868-57a2d4851a1d" relativeResultsDirectory="2b01cb1d-1d6b-4b6d-ae0b-0130ffa01e8a" />
    <UnitTestResult executionId="c0f44c92-51b0-4c29-ae02-7209ee78f6c1" testId="13db29e1-271e-aab2-3bce-87640b8c6e48" testName="SearchResultDataHasChanged_ShouldCallAllSubResults" computerName="DKSR-EFI-06" duration="00:00:00.0048916" startTime="2024-01-09T15:48:26.6966198+01:00" endTime="2024-01-09T15:48:26.7016507+01:00" testType="13cdc9d9-ddb5-4fa4-a97d-d965ccfc6d4b" outcome="Passed" testListId="8c84fa94-04c1-424b-9868-57a2d4851a1d" relativeResultsDirectory="c0f44c92-51b0-4c29-ae02-7209ee78f6c1" />
    <UnitTestResult executionId="b9e7ed70-60e7-4852-b41c-8c77bc1330b0" testId="d99b4f5e-d723-6b95-fc42-5b32d4349edc" testName="PatrollingProfileListViewModel_ResolvePresetName_Update_Name" computerName="DKSR-EFI-06" duration="00:00:00.0042729" startTime="2024-01-09T15:48:43.8636901+01:00" endTime="2024-01-09T15:48:43.8681200+01:00" testType="13cdc9d9-ddb5-4fa4-a97d-d965ccfc6d4b" outcome="Passed" testListId="8c84fa94-04c1-424b-9868-57a2d4851a1d" relativeResultsDirectory="b9e7ed70-60e7-4852-b41c-8c77bc1330b0" />
    <UnitTestResult executionId="1c8780fd-a129-4ae1-9ccf-31c2208bb81e" testId="f97a9c11-337a-9db0-c57e-d2aa1b5d357d" testName="Toolbar_IsNotVisible_WhenNotInLiveOrPlayback" computerName="DKSR-EFI-06" duration="00:00:00.0174697" startTime="2024-01-09T15:48:44.8629768+01:00" endTime="2024-01-09T15:48:44.8806383+01:00" testType="13cdc9d9-ddb5-4fa4-a97d-d965ccfc6d4b" outcome="Passed" testListId="8c84fa94-04c1-424b-9868-57a2d4851a1d" relativeResultsDirectory="1c8780fd-a129-4ae1-9ccf-31c2208bb81e" />
    <UnitTestResult executionId="21e2cc61-03a6-4069-b775-cddf525e9306" testId="c2f67433-8910-98a5-d9a8-3181ecfa6a6e" testName="GetWorkspaceToolbarItems_ShouldReturnNormalToolbarItemDisabledSetupToolbarItemEnabled_WhenWorkspaceStateIsSetup" computerName="DKSR-EFI-06" duration="00:00:00.0022683" startTime="2024-01-09T15:48:44.3792231+01:00" endTime="2024-01-09T15:48:44.3816692+01:00" testType="13cdc9d9-ddb5-4fa4-a97d-d965ccfc6d4b" outcome="Passed" testListId="8c84fa94-04c1-424b-9868-57a2d4851a1d" relativeResultsDirectory="21e2cc61-03a6-4069-b775-cddf525e9306" />
    <UnitTestResult executionId="719ac866-f9ea-4d10-a24d-eed407d437a1" testId="698dd5ef-138e-eb6d-a408-c897a293bf7a" testName="SetCustomPickerResult_Cancel_CustomIntervalOpenResetAndNoNotificationFired" computerName="DKSR-EFI-06" duration="00:00:00.0061877" startTime="2024-01-09T15:48:24.8606829+01:00" endTime="2024-01-09T15:48:24.8670514+01:00" testType="13cdc9d9-ddb5-4fa4-a97d-d965ccfc6d4b" outcome="Passed" testListId="8c84fa94-04c1-424b-9868-57a2d4851a1d" relativeResultsDirectory="719ac866-f9ea-4d10-a24d-eed407d437a1" />
    <UnitTestResult executionId="c7bbe337-11ed-48dd-a06e-061f1c79ee14" testId="75ab4f71-3b38-2c11-9aa3-99e6e265b21d" testName="Compare_Ascending_Success" computerName="DKSR-EFI-06" duration="00:00:00.0039377" startTime="2024-01-09T15:48:26.7463747+01:00" endTime="2024-01-09T15:48:26.7504511+01:00" testType="13cdc9d9-ddb5-4fa4-a97d-d965ccfc6d4b" outcome="Passed" testListId="8c84fa94-04c1-424b-9868-57a2d4851a1d" relativeResultsDirectory="c7bbe337-11ed-48dd-a06e-061f1c79ee14" />
    <UnitTestResult executionId="da64d98b-80c3-4555-97c0-a70af2afe68b" testId="634e382c-e414-92b0-7810-237df6007505" testName="BuildMapOptions_ShouldHandleStringOptionsCorrectly (GisMapOpenStreetMapAlternativeServer,,False)" computerName="DKSR-EFI-06" duration="00:00:00.0008574" startTime="2024-01-09T15:48:51.5533442+01:00" endTime="2024-01-09T15:48:51.5543672+01:00" testType="13cdc9d9-ddb5-4fa4-a97d-d965ccfc6d4b" outcome="Passed" testListId="8c84fa94-04c1-424b-9868-57a2d4851a1d" relativeResultsDirectory="da64d98b-80c3-4555-97c0-a70af2afe68b" />
    <UnitTestResult executionId="84e2effa-b666-4c91-a34e-56e4cbc7fb73" testId="046e87a4-129e-e9d1-b689-ff12d71bb7aa" testName="UpdateAction_SingleRejected_AddSuffixToToolTip" computerName="DKSR-EFI-06" duration="00:00:00.0014614" startTime="2024-01-09T15:48:23.5575130+01:00" endTime="2024-01-09T15:48:23.5591165+01:00" testType="13cdc9d9-ddb5-4fa4-a97d-d965ccfc6d4b" outcome="Passed" testListId="8c84fa94-04c1-424b-9868-57a2d4851a1d" relativeResultsDirectory="84e2effa-b666-4c91-a34e-56e4cbc7fb73" />
    <UnitTestResult executionId="e912c39f-8cb3-4bdd-9478-3a26ff6d1c1c" testId="fca58915-8fae-a999-eb21-fb7a250b2818" testName="Deserialize_ScopeOnly_ErrorReported" computerName="DKSR-EFI-06" duration="00:00:00.0062680" startTime="2024-01-09T15:48:26.5432744+01:00" endTime="2024-01-09T15:48:26.5497552+01:00" testType="13cdc9d9-ddb5-4fa4-a97d-d965ccfc6d4b" outcome="Passed" testListId="8c84fa94-04c1-424b-9868-57a2d4851a1d" relativeResultsDirectory="e912c39f-8cb3-4bdd-9478-3a26ff6d1c1c" />
    <UnitTestResult executionId="f37a3702-41b7-4f82-96bc-57e4f2caf469" testId="7ca8a434-7012-c34d-5866-6521f620a2e4" testName="TestReloadView_Success" computerName="DKSR-EFI-06" duration="00:00:00.0144886" startTime="2024-01-09T15:47:42.7248779+01:00" endTime="2024-01-09T15:47:42.7395568+01:00" testType="13cdc9d9-ddb5-4fa4-a97d-d965ccfc6d4b" outcome="Passed" testListId="8c84fa94-04c1-424b-9868-57a2d4851a1d" relativeResultsDirectory="f37a3702-41b7-4f82-96bc-57e4f2caf469" />
    <UnitTestResult executionId="251bab48-f025-4f56-9dc9-91b3cd26fe9c" testId="69439449-9ebe-29e2-c62e-065951471c5d" testName="Serialize_ShouldNotSerializeCombineType_WhenNotPresentInData" computerName="DKSR-EFI-06" duration="00:00:00.0004855" startTime="2024-01-09T15:48:26.7940956+01:00" endTime="2024-01-09T15:48:26.7947210+01:00" testType="13cdc9d9-ddb5-4fa4-a97d-d965ccfc6d4b" outcome="Passed" testListId="8c84fa94-04c1-424b-9868-57a2d4851a1d" relativeResultsDirectory="251bab48-f025-4f56-9dc9-91b3cd26fe9c" />
    <UnitTestResult executionId="9194f311-b3a3-4cfc-afde-22a26c596853" testId="6cf12226-4d60-3448-6119-955749ad1a56" testName="ClearSelectedCommand_ClearsTheSelectedResults" computerName="DKSR-EFI-06" duration="00:00:00.0070952" startTime="2024-01-09T15:48:22.6191628+01:00" endTime="2024-01-09T15:48:22.6264327+01:00" testType="13cdc9d9-ddb5-4fa4-a97d-d965ccfc6d4b" outcome="Passed" testListId="8c84fa94-04c1-424b-9868-57a2d4851a1d" relativeResultsDirectory="9194f311-b3a3-4cfc-afde-22a26c596853" />
    <UnitTestResult executionId="a0540af8-119e-4204-8f82-a7a59fe32abb" testId="1c883c92-bef7-61b1-c07f-4369319c74ff" testName="GetPassword_ShouldReturnPasswordPartOfNetworkCredentials_WhenNetworkCredentialsContainsAPassword" computerName="DKSR-EFI-06" duration="00:00:00.0003480" startTime="2024-01-09T15:47:43.3687716+01:00" endTime="2024-01-09T15:47:43.3692788+01:00" testType="13cdc9d9-ddb5-4fa4-a97d-d965ccfc6d4b" outcome="Passed" testListId="8c84fa94-04c1-424b-9868-57a2d4851a1d" relativeResultsDirectory="a0540af8-119e-4204-8f82-a7a59fe32abb" />
    <UnitTestResult executionId="08896432-7cc6-4a68-93e2-def3de03aa8f" testId="2d9d257b-dc7a-dd0a-92c1-64a2f9201d0f" testName="LoadInitialState_OfflineMode_ReturnsStateWithTimeScopeFromOfflineManager" computerName="DKSR-EFI-06" duration="00:00:00.0071501" startTime="2024-01-09T15:47:52.3907933+01:00" endTime="2024-01-09T15:47:52.3981002+01:00" testType="13cdc9d9-ddb5-4fa4-a97d-d965ccfc6d4b" outcome="Passed" testListId="8c84fa94-04c1-424b-9868-57a2d4851a1d" relativeResultsDirectory="08896432-7cc6-4a68-93e2-def3de03aa8f" />
    <UnitTestResult executionId="deacdd04-ff77-4ab5-ac39-0774ad6ea92d" testId="5a96ab5f-7525-5e8b-4ceb-aece78f169bb" testName="Connect_WhenMajorServerVersionIs13AndMinorServerVersionIs3_ShouldCreateNewSchClient" computerName="DKSR-EFI-06" duration="00:00:00.0016529" startTime="2024-01-09T15:47:41.1877629+01:00" endTime="2024-01-09T15:47:41.1895578+01:00" testType="13cdc9d9-ddb5-4fa4-a97d-d965ccfc6d4b" outcome="Passed" testListId="8c84fa94-04c1-424b-9868-57a2d4851a1d" relativeResultsDirectory="deacdd04-ff77-4ab5-ac39-0774ad6ea92d" />
    <UnitTestResult executionId="473c8963-bb33-4757-8030-2a320400afb5" testId="22f81f95-90ca-baa7-300b-797405eeaf34" testName="InitializeTokenException_ShouldReturnTokenException_ForValidTokenErrors" computerName="DKSR-EFI-06" duration="00:00:00.0007006" startTime="2024-01-09T15:48:51.4125916+01:00" endTime="2024-01-09T15:48:51.4134574+01:00" testType="13cdc9d9-ddb5-4fa4-a97d-d965ccfc6d4b" outcome="Passed" testListId="8c84fa94-04c1-424b-9868-57a2d4851a1d" relativeResultsDirectory="473c8963-bb33-4757-8030-2a320400afb5" />
    <UnitTestResult executionId="ce5140cf-5568-4865-bcfd-0438fcd20895" testId="0de77785-462a-9bb1-5b6c-6230796bd88d" testName="ToSafeName_DifferentSeperator_Success" computerName="DKSR-EFI-06" duration="00:00:00.0000902" startTime="2024-01-09T15:48:51.6575850+01:00" endTime="2024-01-09T15:48:51.6577857+01:00" testType="13cdc9d9-ddb5-4fa4-a97d-d965ccfc6d4b" outcome="Passed" testListId="8c84fa94-04c1-424b-9868-57a2d4851a1d" relativeResultsDirectory="ce5140cf-5568-4865-bcfd-0438fcd20895" />
    <UnitTestResult executionId="efe3da2b-5430-40f8-acac-f89aceb39300" testId="ed7bec68-0198-a68e-a9fa-29c0dcede6d8" testName="Tooltip_ShouldShowMicrophoneName_OnSetupMode" computerName="DKSR-EFI-06" duration="00:00:00.0344542" startTime="2024-01-09T15:47:48.5865725+01:00" endTime="2024-01-09T15:47:48.6293938+01:00" testType="13cdc9d9-ddb5-4fa4-a97d-d965ccfc6d4b" outcome="Passed" testListId="8c84fa94-04c1-424b-9868-57a2d4851a1d" relativeResultsDirectory="efe3da2b-5430-40f8-acac-f89aceb39300" />
    <UnitTestResult executionId="367cf3e5-b099-49dc-b39b-f15f7c557be5" testId="9a8b0630-7fe0-b955-d569-785b1cb3be21" testName="GetUserOptions_ShouldDecryptOptions_WhenServerIs2020R2OrOlder" computerName="DKSR-EFI-06" duration="00:00:00.0204258" startTime="2024-01-09T15:48:45.5619876+01:00" endTime="2024-01-09T15:48:45.5827001+01:00" testType="13cdc9d9-ddb5-4fa4-a97d-d965ccfc6d4b" outcome="Passed" testListId="8c84fa94-04c1-424b-9868-57a2d4851a1d" relativeResultsDirectory="367cf3e5-b099-49dc-b39b-f15f7c557be5" />
    <UnitTestResult executionId="259dd791-caf8-4101-b072-11eaaf9713a3" testId="f4c83ffd-478a-19b7-4825-b6d0081bab21" testName="Convert_NoCamerasSelectionsButOneSearchDefinition_Collapsed" computerName="DKSR-EFI-06" duration="00:00:00.0003117" startTime="2024-01-09T15:48:10.3464692+01:00" endTime="2024-01-09T15:48:10.3470105+01:00" testType="13cdc9d9-ddb5-4fa4-a97d-d965ccfc6d4b" outcome="Passed" testListId="8c84fa94-04c1-424b-9868-57a2d4851a1d" relativeResultsDirectory="259dd791-caf8-4101-b072-11eaaf9713a3" />
    <UnitTestResult executionId="06ced988-ac95-4589-8ffe-d8e75a304077" testId="f56fd28f-91dc-8b5a-3f0d-995472c1fd21" testName="Constructor_ShouldRaiseArgumentNullException_WhenLayersIsNull" computerName="DKSR-EFI-06" duration="00:00:00.0046904" startTime="2024-01-09T15:48:42.9497612+01:00" endTime="2024-01-09T15:48:42.9547377+01:00" testType="13cdc9d9-ddb5-4fa4-a97d-d965ccfc6d4b" outcome="Passed" testListId="8c84fa94-04c1-424b-9868-57a2d4851a1d" relativeResultsDirectory="06ced988-ac95-4589-8ffe-d8e75a304077" />
    <UnitTestResult executionId="086b08ca-daf2-45be-9f18-98706c90db44" testId="1181cb63-0543-4806-6972-5950350789da" testName="ToMipSearchResultData_ShouldReturnCorrectSearchResult" computerName="DKSR-EFI-06" duration="00:00:00.0002117" startTime="2024-01-09T15:48:26.7402280+01:00" endTime="2024-01-09T15:48:26.7405686+01:00" testType="13cdc9d9-ddb5-4fa4-a97d-d965ccfc6d4b" outcome="Passed" testListId="8c84fa94-04c1-424b-9868-57a2d4851a1d" relativeResultsDirectory="086b08ca-daf2-45be-9f18-98706c90db44" />
    <UnitTestResult executionId="c6fa0b21-f3e7-4ca7-b6da-eed974df0129" testId="f3077786-632a-26ad-8d51-86ff9f306fe4" testName="BoundingBoxBrowseTimeChangedTestSameData" computerName="DKSR-EFI-06" duration="00:00:00.0045307" startTime="2024-01-09T15:48:46.8484604+01:00" endTime="2024-01-09T15:48:46.8531472+01:00" testType="13cdc9d9-ddb5-4fa4-a97d-d965ccfc6d4b" outcome="Passed" testListId="8c84fa94-04c1-424b-9868-57a2d4851a1d" relativeResultsDirectory="c6fa0b21-f3e7-4ca7-b6da-eed974df0129" />
    <UnitTestResult executionId="5ce118d0-7cb9-4979-a70b-0cf75338c0e6" testId="549593cd-e3e2-290a-18b6-e153b1543b39" testName="EditButtonClicked_EditViewCollapsed_StartEdit" computerName="DKSR-EFI-06" duration="00:00:00.0120185" startTime="2024-01-09T15:48:22.3097946+01:00" endTime="2024-01-09T15:48:22.3245319+01:00" testType="13cdc9d9-ddb5-4fa4-a97d-d965ccfc6d4b" outcome="Passed" testListId="8c84fa94-04c1-424b-9868-57a2d4851a1d" relativeResultsDirectory="5ce118d0-7cb9-4979-a70b-0cf75338c0e6" />
    <UnitTestResult executionId="b51800a5-d717-4d76-88f7-88549a5fdb7a" testId="53bc71ef-c08f-8372-fdf8-0535984f2d5b" testName="ToDenormalizedFieldOfView_0_5" computerName="DKSR-EFI-06" duration="00:00:00.0001151" startTime="2024-01-09T15:48:38.6404061+01:00" endTime="2024-01-09T15:48:38.6406419+01:00" testType="13cdc9d9-ddb5-4fa4-a97d-d965ccfc6d4b" outcome="Passed" testListId="8c84fa94-04c1-424b-9868-57a2d4851a1d" relativeResultsDirectory="b51800a5-d717-4d76-88f7-88549a5fdb7a" />
    <UnitTestResult executionId="27acff83-942c-4787-baab-53d5a454547c" testId="675dccfc-0aea-7dad-70d9-a1466b62191d" testName="HandlePermissionDeniedResults_ShouldShowMessageAndToast (5,1)" computerName="DKSR-EFI-06" duration="00:00:00.0032318" startTime="2024-01-09T15:48:45.5581411+01:00" endTime="2024-01-09T15:48:45.5615264+01:00" testType="13cdc9d9-ddb5-4fa4-a97d-d965ccfc6d4b" outcome="Passed" testListId="8c84fa94-04c1-424b-9868-57a2d4851a1d" relativeResultsDirectory="27acff83-942c-4787-baab-53d5a454547c" />
    <UnitTestResult executionId="34e03706-c620-40d8-9bb9-662c640044e6" testId="663795a0-d44e-108c-adbb-753bfdf4d621" testName="CallingAction_Generates_PopoverUserControl_WhenToolbarPluginTypeIsUserControl" computerName="DKSR-EFI-06" duration="00:00:00.0026332" startTime="2024-01-09T15:48:45.6562581+01:00" endTime="2024-01-09T15:48:45.6613085+01:00" testType="13cdc9d9-ddb5-4fa4-a97d-d965ccfc6d4b" outcome="Passed" testListId="8c84fa94-04c1-424b-9868-57a2d4851a1d" relativeResultsDirectory="34e03706-c620-40d8-9bb9-662c640044e6" />
    <UnitTestResult executionId="31a4cdab-e1b7-4e4e-9513-f5c1fcfbc80c" testId="31863e20-a64d-0b66-e341-1da2a444bd4d" testName="OutputMapItem_ForceActivateAsync_InBuilding_Success" computerName="DKSR-EFI-06" duration="00:00:00.1698774" startTime="2024-01-09T15:48:41.5359398+01:00" endTime="2024-01-09T15:48:41.7061145+01:00" testType="13cdc9d9-ddb5-4fa4-a97d-d965ccfc6d4b" outcome="Passed" testListId="8c84fa94-04c1-424b-9868-57a2d4851a1d" relativeResultsDirectory="31a4cdab-e1b7-4e4e-9513-f5c1fcfbc80c" />
    <UnitTestResult executionId="85ac016c-3e25-413d-aef1-e0e30ce4bed6" testId="376aa488-622a-ef3d-865f-34b9990a82be" testName="OpenStreetMapLayer_IsGeographic_Load_Success" computerName="DKSR-EFI-06" duration="00:00:00.0074508" startTime="2024-01-09T15:48:38.6638753+01:00" endTime="2024-01-09T15:48:38.6714797+01:00" testType="13cdc9d9-ddb5-4fa4-a97d-d965ccfc6d4b" outcome="Passed" testListId="8c84fa94-04c1-424b-9868-57a2d4851a1d" relativeResultsDirectory="85ac016c-3e25-413d-aef1-e0e30ce4bed6" />
    <UnitTestResult executionId="5a6bd2c4-e316-4e31-ad26-506835a521ce" testId="f192461d-c04b-ccd8-4669-21b5fa7a7ede" testName="SuspendedPropertyChanged_Success" computerName="DKSR-EFI-06" duration="00:00:00.7086390" startTime="2024-01-09T15:48:06.7299877+01:00" endTime="2024-01-09T15:48:07.4415004+01:00" testType="13cdc9d9-ddb5-4fa4-a97d-d965ccfc6d4b" outcome="Passed" testListId="8c84fa94-04c1-424b-9868-57a2d4851a1d" relativeResultsDirectory="5a6bd2c4-e316-4e31-ad26-506835a521ce" />
    <UnitTestResult executionId="d2b00113-ed22-4be0-8acd-156a25247da7" testId="74a5479e-3d8d-745b-8d0c-dc17a9c1c316" testName="SearchResultsActionBarActions_AddBookmark_NoBookmarkAgentAdded_SingleResult_CreateBookmarkInvoked" computerName="DKSR-EFI-06" duration="00:00:00.0353297" startTime="2024-01-09T15:48:22.9790485+01:00" endTime="2024-01-09T15:48:23.0145567+01:00" testType="13cdc9d9-ddb5-4fa4-a97d-d965ccfc6d4b" outcome="Passed" testListId="8c84fa94-04c1-424b-9868-57a2d4851a1d" relativeResultsDirectory="d2b00113-ed22-4be0-8acd-156a25247da7" />
    <UnitTestResult executionId="c4abc158-8af9-41a1-a425-2037deaaa5c1" testId="8c46d0ed-f3b9-c5f4-aaef-9879232f4518" testName="HoverBehaviour_MouseLeave_HoverTickIsHidden" computerName="DKSR-EFI-06" duration="00:00:00.0325008" startTime="2024-01-09T15:48:12.7799062+01:00" endTime="2024-01-09T15:48:12.8151845+01:00" testType="13cdc9d9-ddb5-4fa4-a97d-d965ccfc6d4b" outcome="Passed" testListId="8c84fa94-04c1-424b-9868-57a2d4851a1d" relativeResultsDirectory="c4abc158-8af9-41a1-a425-2037deaaa5c1" />
    <UnitTestResult executionId="046f7a01-2167-4206-a9df-302d6c3d8b2e" testId="910648d0-f58e-b40c-710a-20818471b114" testName="ServerAuthentication_ShouldReturnLegacyWindowsCurrentUser_WhenConstructedUsingWindowsDefault" computerName="DKSR-EFI-06" duration="00:00:00.0001429" startTime="2024-01-09T15:47:43.3755235+01:00" endTime="2024-01-09T15:47:43.3757844+01:00" testType="13cdc9d9-ddb5-4fa4-a97d-d965ccfc6d4b" outcome="Passed" testListId="8c84fa94-04c1-424b-9868-57a2d4851a1d" relativeResultsDirectory="046f7a01-2167-4206-a9df-302d6c3d8b2e" />
    <UnitTestResult executionId="e4e41b4e-c3f8-4ab0-8011-d8f369e5d947" testId="ece9c0c6-7f24-79de-902b-ae084a6701cb" testName="LoadBoundingShapes_RectangleShapeWithNegativeHeight_NotAddedToUI" computerName="DKSR-EFI-06" duration="00:00:00.0131309" startTime="2024-01-09T15:48:37.7988844+01:00" endTime="2024-01-09T15:48:37.8143831+01:00" testType="13cdc9d9-ddb5-4fa4-a97d-d965ccfc6d4b" outcome="Passed" testListId="8c84fa94-04c1-424b-9868-57a2d4851a1d" relativeResultsDirectory="e4e41b4e-c3f8-4ab0-8011-d8f369e5d947" />
    <UnitTestResult executionId="c70924eb-f1b6-4c5f-a289-d233799153d2" testId="24643fe7-0bf9-5382-835f-f9f91ed814f3" testName="ReorderLevels123to312_Success" computerName="DKSR-EFI-06" duration="00:00:00.0528075" startTime="2024-01-09T15:48:38.4827046+01:00" endTime="2024-01-09T15:48:38.5357181+01:00" testType="13cdc9d9-ddb5-4fa4-a97d-d965ccfc6d4b" outcome="Passed" testListId="8c84fa94-04c1-424b-9868-57a2d4851a1d" relativeResultsDirectory="c70924eb-f1b6-4c5f-a289-d233799153d2" />
    <UnitTestResult executionId="65ff7170-c322-4423-a268-12d4b0d8862b" testId="771137e7-8711-d371-fedf-d100a6d214c7" testName="IsDisabled_ShouldBeTrue_WhenApplicationIsInBrowseMode" computerName="DKSR-EFI-06" duration="00:00:00.0138862" startTime="2024-01-09T15:48:42.1159428+01:00" endTime="2024-01-09T15:48:42.1323566+01:00" testType="13cdc9d9-ddb5-4fa4-a97d-d965ccfc6d4b" outcome="Passed" testListId="8c84fa94-04c1-424b-9868-57a2d4851a1d" relativeResultsDirectory="65ff7170-c322-4423-a268-12d4b0d8862b" />
    <UnitTestResult executionId="4bcb3f49-5a1f-4279-a8cb-c4b011ca54ed" testId="9060a50a-9771-de76-4b8f-daa876d7df09" testName="ScWorkspaceStateChangedEvent_ShouldSetDeviceIsDisabledToFalse_WhenSwitchingToSetupModeAndDeviceIsDisabled" computerName="DKSR-EFI-06" duration="00:00:00.0144692" startTime="2024-01-09T15:48:40.8823228+01:00" endTime="2024-01-09T15:48:40.8994174+01:00" testType="13cdc9d9-ddb5-4fa4-a97d-d965ccfc6d4b" outcome="Passed" testListId="8c84fa94-04c1-424b-9868-57a2d4851a1d" relativeResultsDirectory="4bcb3f49-5a1f-4279-a8cb-c4b011ca54ed" />
    <UnitTestResult executionId="8feb1eca-4edc-4045-ab46-e00334fcad4c" testId="02e91707-aab1-0a11-fa7b-f648cd0fd36e" testName="IsOutputDisabled_ShouldBeFalse_WhenOutputIsEnabled" computerName="DKSR-EFI-06" duration="00:00:00.0135848" startTime="2024-01-09T15:48:41.4501015+01:00" endTime="2024-01-09T15:48:41.4663589+01:00" testType="13cdc9d9-ddb5-4fa4-a97d-d965ccfc6d4b" outcome="Passed" testListId="8c84fa94-04c1-424b-9868-57a2d4851a1d" relativeResultsDirectory="8feb1eca-4edc-4045-ab46-e00334fcad4c" />
    <UnitTestResult executionId="e1705b49-7504-44b9-8007-7a3cb5cbf798" testId="db35590a-caad-391c-4e81-fbc7dc664cab" testName="TestMethod1" computerName="DKSR-EFI-06" duration="00:00:00.1178010" startTime="2024-01-09T15:48:46.0147534+01:00" endTime="2024-01-09T15:48:46.1327847+01:00" testType="13cdc9d9-ddb5-4fa4-a97d-d965ccfc6d4b" outcome="Passed" testListId="8c84fa94-04c1-424b-9868-57a2d4851a1d" relativeResultsDirectory="e1705b49-7504-44b9-8007-7a3cb5cbf798" />
    <UnitTestResult executionId="12b842ff-5fbe-4f59-b09f-7a0149d201b8" testId="7249d529-4797-4846-66f9-a36e8ab1d5c8" testName="GetSKU_ShouldReturnCorrectSKU" computerName="DKSR-EFI-06" duration="00:00:00.0010357" startTime="2024-01-09T15:48:51.5415659+01:00" endTime="2024-01-09T15:48:51.5427306+01:00" testType="13cdc9d9-ddb5-4fa4-a97d-d965ccfc6d4b" outcome="Passed" testListId="8c84fa94-04c1-424b-9868-57a2d4851a1d" relativeResultsDirectory="12b842ff-5fbe-4f59-b09f-7a0149d201b8" />
    <UnitTestResult executionId="512f206d-6b04-4fcc-a3be-1fd9a5b910a7" testId="34f71d61-40e4-8716-5c83-5c84a7e66552" testName="TestLoadAsync_Success" computerName="DKSR-EFI-06" duration="00:00:00.0072443" startTime="2024-01-09T15:48:42.6359902+01:00" endTime="2024-01-09T15:48:42.6433970+01:00" testType="13cdc9d9-ddb5-4fa4-a97d-d965ccfc6d4b" outcome="Passed" testListId="8c84fa94-04c1-424b-9868-57a2d4851a1d" relativeResultsDirectory="512f206d-6b04-4fcc-a3be-1fd9a5b910a7" />
    <UnitTestResult executionId="4bc2d2c4-7077-4e5e-9323-57001cd3c622" testId="ac3585d4-59ce-87ee-5312-f23049732097" testName="FilteredItems_FilterApplied_SubsetOfItemsVisible" computerName="DKSR-EFI-06" duration="00:00:00.0120903" startTime="2024-01-09T15:48:37.9565914+01:00" endTime="2024-01-09T15:48:37.9710540+01:00" testType="13cdc9d9-ddb5-4fa4-a97d-d965ccfc6d4b" outcome="Passed" testListId="8c84fa94-04c1-424b-9868-57a2d4851a1d" relativeResultsDirectory="4bc2d2c4-7077-4e5e-9323-57001cd3c622" />
    <UnitTestResult executionId="4a3a04ed-61a5-4349-ac39-4e25739c93ee" testId="d3e820a3-4350-83fc-1d0e-9c98ed12693d" testName="PatrollingProfileViewModelTest_Save_CreateProfile_Failed" computerName="DKSR-EFI-06" duration="00:00:00.0029253" startTime="2024-01-09T15:48:43.9278849+01:00" endTime="2024-01-09T15:48:43.9309716+01:00" testType="13cdc9d9-ddb5-4fa4-a97d-d965ccfc6d4b" outcome="Passed" testListId="8c84fa94-04c1-424b-9868-57a2d4851a1d" relativeResultsDirectory="4a3a04ed-61a5-4349-ac39-4e25739c93ee" />
    <UnitTestResult executionId="f01e9dbc-12b8-4394-a08e-a5963261b400" testId="d3281eee-0976-1fa7-ba3c-3f048bbeb9e7" testName="ValidateExportLocation_ShouldReturnFailResult_ExportPathIsInvalid (1213&lt;&gt;!?%)" computerName="DKSR-EFI-06" duration="00:00:00.0117190" startTime="2024-01-09T15:47:52.0347977+01:00" endTime="2024-01-09T15:47:52.0467466+01:00" testType="13cdc9d9-ddb5-4fa4-a97d-d965ccfc6d4b" outcome="Passed" testListId="8c84fa94-04c1-424b-9868-57a2d4851a1d" relativeResultsDirectory="f01e9dbc-12b8-4394-a08e-a5963261b400" />
    <UnitTestResult executionId="4e4b9d9a-b093-446a-ab6e-90f8b52b1321" testId="483cfce3-3ff7-5b57-4c23-5d8fbcaf1d0a" testName="GetSnapshots_PathTooLong_Failure" computerName="DKSR-EFI-06" duration="00:00:00.0372116" startTime="2024-01-09T15:48:25.8689423+01:00" endTime="2024-01-09T15:48:25.9063151+01:00" testType="13cdc9d9-ddb5-4fa4-a97d-d965ccfc6d4b" outcome="Passed" testListId="8c84fa94-04c1-424b-9868-57a2d4851a1d" relativeResultsDirectory="4e4b9d9a-b093-446a-ab6e-90f8b52b1321" />
    <UnitTestResult executionId="1fe63561-2280-4639-bb95-8ef1a18035ed" testId="b45956e1-d5fa-0cc5-9bb7-ea079e1e5f1e" testName="RequiredGuidProviderStrategies_ShouldHaveOneMd5AndOneSHA1Strategy_WhenEventServerIdsAreNonFipsCompliantAndFipsCompliant" computerName="DKSR-EFI-06" duration="00:00:00.0005410" startTime="2024-01-09T15:48:52.8553245+01:00" endTime="2024-01-09T15:48:52.8560023+01:00" testType="13cdc9d9-ddb5-4fa4-a97d-d965ccfc6d4b" outcome="Passed" testListId="8c84fa94-04c1-424b-9868-57a2d4851a1d" relativeResultsDirectory="1fe63561-2280-4639-bb95-8ef1a18035ed" />
    <UnitTestResult executionId="68402973-3edb-45d2-9dd6-2903233a7357" testId="91a78aeb-428a-f6ff-e2d1-52651e1feb62" testName="CopyPasteInternalClipBoardTest" computerName="DKSR-EFI-06" duration="00:00:00.0004087" startTime="2024-01-09T15:48:49.6745219+01:00" endTime="2024-01-09T15:48:49.6751728+01:00" testType="13cdc9d9-ddb5-4fa4-a97d-d965ccfc6d4b" outcome="Passed" testListId="8c84fa94-04c1-424b-9868-57a2d4851a1d" relativeResultsDirectory="68402973-3edb-45d2-9dd6-2903233a7357" />
    <UnitTestResult executionId="4d6b9f6e-b35e-4906-b02b-391b7f3c648a" testId="5ffa61d1-ba0a-5c24-5f29-257815c65d94" testName="DeleteDefaultLevel_Success" computerName="DKSR-EFI-06" duration="00:00:00.0511739" startTime="2024-01-09T15:48:38.5362277+01:00" endTime="2024-01-09T15:48:38.5876029+01:00" testType="13cdc9d9-ddb5-4fa4-a97d-d965ccfc6d4b" outcome="Passed" testListId="8c84fa94-04c1-424b-9868-57a2d4851a1d" relativeResultsDirectory="4d6b9f6e-b35e-4906-b02b-391b7f3c648a" />
    <UnitTestResult executionId="289615c6-daa3-447b-9a7b-df503ad7811e" testId="b7e1ee47-1435-7822-cf95-e3720fecc94e" testName="StartSelection_ShouldNotClearAnyExistingSelections_WhenAddingToExitingSelection" computerName="DKSR-EFI-06" duration="00:00:00.0008901" startTime="2024-01-09T15:47:47.1820822+01:00" endTime="2024-01-09T15:47:47.1853589+01:00" testType="13cdc9d9-ddb5-4fa4-a97d-d965ccfc6d4b" outcome="Passed" testListId="8c84fa94-04c1-424b-9868-57a2d4851a1d" relativeResultsDirectory="289615c6-daa3-447b-9a7b-df503ad7811e" />
    <UnitTestResult executionId="908a40cd-5d61-4973-b486-7fe3214ddced" testId="c15ffa78-e595-57a3-d2fc-5e6f27b46541" testName="CameraMapItem_Delete_Failure_PositionRevertsToGisPoint" computerName="DKSR-EFI-06" duration="00:00:00.0093339" startTime="2024-01-09T15:48:39.4517367+01:00" endTime="2024-01-09T15:48:39.4612541+01:00" testType="13cdc9d9-ddb5-4fa4-a97d-d965ccfc6d4b" outcome="Passed" testListId="8c84fa94-04c1-424b-9868-57a2d4851a1d" relativeResultsDirectory="908a40cd-5d61-4973-b486-7fe3214ddced" />
    <UnitTestResult executionId="35ab24fe-a696-4888-9ce9-5ed35e3bc3e5" testId="232e38bc-f1e6-d745-c4df-2efcf25dd919" testName="Initialize_ShouldRaiseServerUpgradeRequiredAccessControlInitException_WhenAllowOnlyFipsAlgorithmsIsTrueAndSomeEventServerIdsAreNonFipsCompliant" computerName="DKSR-EFI-06" duration="00:00:00.0208051" startTime="2024-01-09T15:48:52.5487090+01:00" endTime="2024-01-09T15:48:52.5697767+01:00" testType="13cdc9d9-ddb5-4fa4-a97d-d965ccfc6d4b" outcome="Passed" testListId="8c84fa94-04c1-424b-9868-57a2d4851a1d" relativeResultsDirectory="35ab24fe-a696-4888-9ce9-5ed35e3bc3e5" />
    <UnitTestResult executionId="6f11d7ff-1505-44d1-a455-0144eaa4fa4b" testId="0c0629d0-f6ea-17eb-459f-54981f9ede50" testName="DetermineUserAllowsUnsecureConnection_WhereUserIsAskedAndUnsecureIsAllowIsSelected_ShouldReturnTrue" computerName="DKSR-EFI-06" duration="00:00:00.0140785" startTime="2024-01-09T15:47:41.6400089+01:00" endTime="2024-01-09T15:47:41.6549241+01:00" testType="13cdc9d9-ddb5-4fa4-a97d-d965ccfc6d4b" outcome="Passed" testListId="8c84fa94-04c1-424b-9868-57a2d4851a1d" relativeResultsDirectory="6f11d7ff-1505-44d1-a455-0144eaa4fa4b" />
    <UnitTestResult executionId="b6205c4b-3047-4037-8aef-4b80f54d6274" testId="54fe689a-094b-c2b1-eff8-7a88071b8275" testName="SelectOptions_ShouldSetSelectedComponent_WhenGivenOptionGroupWithCorrelatedComponent" computerName="DKSR-EFI-06" duration="00:00:00.0057336" startTime="2024-01-09T15:48:44.0828579+01:00" endTime="2024-01-09T15:48:44.0887575+01:00" testType="13cdc9d9-ddb5-4fa4-a97d-d965ccfc6d4b" outcome="Passed" testListId="8c84fa94-04c1-424b-9868-57a2d4851a1d" relativeResultsDirectory="b6205c4b-3047-4037-8aef-4b80f54d6274" />
    <UnitTestResult executionId="47e49a21-8a87-48f7-9c2e-6733c775c843" testId="5b8ffd61-7472-5d07-a1e1-10f78205a31d" testName="GetServerTypes_ShouldReturnFailoverServerType" computerName="DKSR-EFI-06" duration="00:00:00.0009179" startTime="2024-01-09T15:48:46.9697012+01:00" endTime="2024-01-09T15:48:46.9707570+01:00" testType="13cdc9d9-ddb5-4fa4-a97d-d965ccfc6d4b" outcome="Passed" testListId="8c84fa94-04c1-424b-9868-57a2d4851a1d" relativeResultsDirectory="47e49a21-8a87-48f7-9c2e-6733c775c843" />
    <UnitTestResult executionId="6a7b2c45-528b-48de-a0ea-5352f72a195c" testId="54618795-0b49-cc31-65f0-11068addceea" testName="ScrollWheelInTileLayout_ScrollDownWithoutCtrl_NoChangeInItemSize" computerName="DKSR-EFI-06" duration="00:00:00.7047950" startTime="2024-01-09T15:48:04.5871979+01:00" endTime="2024-01-09T15:48:05.2949815+01:00" testType="13cdc9d9-ddb5-4fa4-a97d-d965ccfc6d4b" outcome="Passed" testListId="8c84fa94-04c1-424b-9868-57a2d4851a1d" relativeResultsDirectory="6a7b2c45-528b-48de-a0ea-5352f72a195c" />
    <UnitTestResult executionId="00951cca-62dd-4efd-8d0a-0ac21393f727" testId="c6e098df-93ea-edd9-9f8d-a8296c3d60ed" testName="Compare_Descending_Success" computerName="DKSR-EFI-06" duration="00:00:00.0006230" startTime="2024-01-09T15:48:26.7509045+01:00" endTime="2024-01-09T15:48:26.7516577+01:00" testType="13cdc9d9-ddb5-4fa4-a97d-d965ccfc6d4b" outcome="Passed" testListId="8c84fa94-04c1-424b-9868-57a2d4851a1d" relativeResultsDirectory="00951cca-62dd-4efd-8d0a-0ac21393f727" />
    <UnitTestResult executionId="fccddc2f-0d0a-453a-b0cc-f7845422d05f" testId="9fa629a2-e4bd-6a24-d824-4e64356e274f" testName="Passwords are not the same, higher length" computerName="DKSR-EFI-06" duration="00:00:00.0000996" startTime="2024-01-09T15:47:52.2227024+01:00" endTime="2024-01-09T15:47:52.2229379+01:00" testType="13cdc9d9-ddb5-4fa4-a97d-d965ccfc6d4b" outcome="Passed" testListId="8c84fa94-04c1-424b-9868-57a2d4851a1d" relativeResultsDirectory="fccddc2f-0d0a-453a-b0cc-f7845422d05f" />
    <UnitTestResult executionId="ebba45e7-b067-4d20-ba1e-bcd6317a7d8e" testId="0049d7ff-34d0-b659-c849-7e7744f6d7ff" testName="Convert_ShouldSetWrapAndReturnTextBlock_WhenValueIsVideoOSTextBlock" computerName="DKSR-EFI-06" duration="00:00:00.0096906" startTime="2024-01-09T15:47:43.4404122+01:00" endTime="2024-01-09T15:47:43.4524537+01:00" testType="13cdc9d9-ddb5-4fa4-a97d-d965ccfc6d4b" outcome="Passed" testListId="8c84fa94-04c1-424b-9868-57a2d4851a1d" relativeResultsDirectory="ebba45e7-b067-4d20-ba1e-bcd6317a7d8e" />
    <UnitTestResult executionId="2e2d2be6-c3d4-472b-adf0-cee437ae30b6" testId="f50ada7c-d947-8c69-ca9d-bb57a8cda16a" testName="OnSizeChanged_PluginButtonsPresentInActionBar_PluginButtonsMovedToOverflowMenu" computerName="DKSR-EFI-06" duration="00:00:00.0341110" startTime="2024-01-09T15:47:53.9670305+01:00" endTime="2024-01-09T15:47:54.0042783+01:00" testType="13cdc9d9-ddb5-4fa4-a97d-d965ccfc6d4b" outcome="Passed" testListId="8c84fa94-04c1-424b-9868-57a2d4851a1d" relativeResultsDirectory="2e2d2be6-c3d4-472b-adf0-cee437ae30b6" />
    <UnitTestResult executionId="4a13f739-2b68-4522-b2ba-43b5a7d7a02c" testId="1e94fe66-ebdd-242f-d52f-6bae60dddc8c" testName="ChangeSorting_WithFocusItem_Success" computerName="DKSR-EFI-06" duration="00:00:00.0163684" startTime="2024-01-09T15:48:25.2304827+01:00" endTime="2024-01-09T15:48:25.2470036+01:00" testType="13cdc9d9-ddb5-4fa4-a97d-d965ccfc6d4b" outcome="Passed" testListId="8c84fa94-04c1-424b-9868-57a2d4851a1d" relativeResultsDirectory="4a13f739-2b68-4522-b2ba-43b5a7d7a02c" />
    <UnitTestResult executionId="565d0c64-cf47-4ab8-8969-56bb1b8c360d" testId="5fd77bc3-628f-79b5-9bc7-14dea7ab0867" testName="SmartMapGetPositionRequestHandler_WhenDataIsNotSmartMapGetPositionRequestData_ShouldWriteToLog" computerName="DKSR-EFI-06" duration="00:00:00.0017997" startTime="2024-01-09T15:47:49.7001144+01:00" endTime="2024-01-09T15:47:49.7020969+01:00" testType="13cdc9d9-ddb5-4fa4-a97d-d965ccfc6d4b" outcome="Passed" testListId="8c84fa94-04c1-424b-9868-57a2d4851a1d" relativeResultsDirectory="565d0c64-cf47-4ab8-8969-56bb1b8c360d" />
    <UnitTestResult executionId="62bc1aa2-d15d-4624-8197-33e111f0ed53" testId="b583fd3b-a208-f88c-adeb-f397f1f95808" testName="GetDuration_OneHour_Success" computerName="DKSR-EFI-06" duration="00:00:00.0002610" startTime="2024-01-09T15:48:25.9114937+01:00" endTime="2024-01-09T15:48:25.9118856+01:00" testType="13cdc9d9-ddb5-4fa4-a97d-d965ccfc6d4b" outcome="Passed" testListId="8c84fa94-04c1-424b-9868-57a2d4851a1d" relativeResultsDirectory="62bc1aa2-d15d-4624-8197-33e111f0ed53" />
    <UnitTestResult executionId="253f856e-7d9b-4116-b616-bb48f7919182" testId="df3f8216-c259-3e39-24bc-16b94a530f01" testName="SearchResultContainerView_OnItemActivated_AnimationEnabled_DetailsViewAddedToDetailsViewControl" computerName="DKSR-EFI-06" duration="00:00:00.6514213" startTime="2024-01-09T15:47:58.2014572+01:00" endTime="2024-01-09T15:47:58.8557553+01:00" testType="13cdc9d9-ddb5-4fa4-a97d-d965ccfc6d4b" outcome="Passed" testListId="8c84fa94-04c1-424b-9868-57a2d4851a1d" relativeResultsDirectory="253f856e-7d9b-4116-b616-bb48f7919182" />
    <UnitTestResult executionId="01f6ef12-69bc-4d12-bc60-62baffa25c49" testId="84cdc42c-8723-3f7f-aeea-e185addc7b1d" testName="PtzInfoViewModel_SetInfo_PtzSessionControllerInfo_ArgumentNullCheckTest" computerName="DKSR-EFI-06" duration="00:00:00.0012293" startTime="2024-01-09T15:47:43.5649215+01:00" endTime="2024-01-09T15:47:43.5663965+01:00" testType="13cdc9d9-ddb5-4fa4-a97d-d965ccfc6d4b" outcome="Passed" testListId="8c84fa94-04c1-424b-9868-57a2d4851a1d" relativeResultsDirectory="01f6ef12-69bc-4d12-bc60-62baffa25c49" />
    <UnitTestResult executionId="9faf1a8e-06a9-492d-8eaa-e7f1187ed64d" testId="81839942-eab6-dd11-a06f-a19981ad17ba" testName="OnLayersRetrieved_ShouldSetComponentsToInput_WhenLayersCollectionContainsOutput" computerName="DKSR-EFI-06" duration="00:00:00.0164001" startTime="2024-01-09T15:47:45.1401632+01:00" endTime="2024-01-09T15:47:45.1596225+01:00" testType="13cdc9d9-ddb5-4fa4-a97d-d965ccfc6d4b" outcome="Passed" testListId="8c84fa94-04c1-424b-9868-57a2d4851a1d" relativeResultsDirectory="9faf1a8e-06a9-492d-8eaa-e7f1187ed64d" />
    <UnitTestResult executionId="2c2a5171-fbbc-4f10-bb48-2a5a6ce1ebf1" testId="60b9be0e-76ba-0ec0-0f7c-3f59c1ff8d12" testName="AddItemGetClusters_Milestone_ItemIsInCluster" computerName="DKSR-EFI-06" duration="00:00:00.0478499" startTime="2024-01-09T15:48:43.4251670+01:00" endTime="2024-01-09T15:48:43.4732388+01:00" testType="13cdc9d9-ddb5-4fa4-a97d-d965ccfc6d4b" outcome="Passed" testListId="8c84fa94-04c1-424b-9868-57a2d4851a1d" relativeResultsDirectory="2c2a5171-fbbc-4f10-bb48-2a5a6ce1ebf1" />
    <UnitTestResult executionId="c44758f8-4564-4911-af15-e2e86f7e72ca" testId="52d5db23-51cb-3736-9800-a010b174438e" testName="InputMapItem_Delete_Failure_PositionRevertsToGisPoint" computerName="DKSR-EFI-06" duration="00:00:00.0085744" startTime="2024-01-09T15:48:42.2106563+01:00" endTime="2024-01-09T15:48:42.2194117+01:00" testType="13cdc9d9-ddb5-4fa4-a97d-d965ccfc6d4b" outcome="Passed" testListId="8c84fa94-04c1-424b-9868-57a2d4851a1d" relativeResultsDirectory="c44758f8-4564-4911-af15-e2e86f7e72ca" />
    <UnitTestResult executionId="e3e2d22b-ec51-4494-9ba5-5149e0a43636" testId="cd84e885-1918-e01a-687a-a984ec9c18f5" testName="LoadInitialState_InvalidState_ReturnsNewEmptyState" computerName="DKSR-EFI-06" duration="00:00:00.0015782" startTime="2024-01-09T15:47:52.3823541+01:00" endTime="2024-01-09T15:47:52.3840709+01:00" testType="13cdc9d9-ddb5-4fa4-a97d-d965ccfc6d4b" outcome="Passed" testListId="8c84fa94-04c1-424b-9868-57a2d4851a1d" relativeResultsDirectory="e3e2d22b-ec51-4494-9ba5-5149e0a43636" />
    <UnitTestResult executionId="69084831-c62a-4cbe-b6df-0b90c72e88a8" testId="cbb16c95-d728-15c5-f7f7-7aec1e98ffde" testName="ResolveGenericResultProperties_ShouldReturnGenericPropertiesFromASingleSearchResult_WhenGivenASingleSearchResult" computerName="DKSR-EFI-06" duration="00:00:00.0016867" startTime="2024-01-09T15:48:26.0260338+01:00" endTime="2024-01-09T15:48:26.0279688+01:00" testType="13cdc9d9-ddb5-4fa4-a97d-d965ccfc6d4b" outcome="Passed" testListId="8c84fa94-04c1-424b-9868-57a2d4851a1d" relativeResultsDirectory="69084831-c62a-4cbe-b6df-0b90c72e88a8" />
    <UnitTestResult executionId="595236db-cd41-43c7-972c-a29604886152" testId="01b97152-1f28-3a19-acee-e24e8fccadd4" testName="Reactivated_Success" computerName="DKSR-EFI-06" duration="00:00:00.0043271" startTime="2024-01-09T15:47:52.4986006+01:00" endTime="2024-01-09T15:47:52.5031361+01:00" testType="13cdc9d9-ddb5-4fa4-a97d-d965ccfc6d4b" outcome="Passed" testListId="8c84fa94-04c1-424b-9868-57a2d4851a1d" relativeResultsDirectory="595236db-cd41-43c7-972c-a29604886152" />
    <UnitTestResult executionId="adde862e-3e5b-457f-ada0-35e605d407e6" testId="526844e8-d693-bdcc-23f1-06de8a485eea" testName="PopulateTooltip_HoverOverEmpty_TooltipIsEmpty" computerName="DKSR-EFI-06" duration="00:00:00.0256377" startTime="2024-01-09T15:48:12.7502340+01:00" endTime="2024-01-09T15:48:12.7785249+01:00" testType="13cdc9d9-ddb5-4fa4-a97d-d965ccfc6d4b" outcome="Passed" testListId="8c84fa94-04c1-424b-9868-57a2d4851a1d" relativeResultsDirectory="adde862e-3e5b-457f-ada0-35e605d407e6" />
    <UnitTestResult executionId="ad013ee4-2cf6-489b-bffe-be2da1edbe49" testId="3147bc1a-6400-429f-1c8f-cd7dc6defaa1" testName="PopulateTooltip_ManyResultsFromFewCameras12Hours_ValidText" computerName="DKSR-EFI-06" duration="00:00:00.1478317" startTime="2024-01-09T15:48:19.8301356+01:00" endTime="2024-01-09T15:48:19.9813054+01:00" testType="13cdc9d9-ddb5-4fa4-a97d-d965ccfc6d4b" outcome="Passed" testListId="8c84fa94-04c1-424b-9868-57a2d4851a1d" relativeResultsDirectory="ad013ee4-2cf6-489b-bffe-be2da1edbe49" />
    <UnitTestResult executionId="663f10f2-311a-4509-9db7-0b60b132a656" testId="49457dc4-3aa6-62c6-38a6-fe0fa14f8508" testName="SerializationRoundTrip_Success" computerName="DKSR-EFI-06" duration="00:00:00.0038378" startTime="2024-01-09T15:48:26.8356201+01:00" endTime="2024-01-09T15:48:26.8395921+01:00" testType="13cdc9d9-ddb5-4fa4-a97d-d965ccfc6d4b" outcome="Passed" testListId="8c84fa94-04c1-424b-9868-57a2d4851a1d" relativeResultsDirectory="663f10f2-311a-4509-9db7-0b60b132a656" />
    <UnitTestResult executionId="d3d52308-2e3c-4e16-bb63-fd1019147d57" testId="9f2f58ff-e9c2-3880-dcf4-b319d054c9c6" testName="ObjectToEnabledConverter_Convert_Null" computerName="DKSR-EFI-06" duration="00:00:00.0001478" startTime="2024-01-09T15:48:44.0168726+01:00" endTime="2024-01-09T15:48:44.0171472+01:00" testType="13cdc9d9-ddb5-4fa4-a97d-d965ccfc6d4b" outcome="Passed" testListId="8c84fa94-04c1-424b-9868-57a2d4851a1d" relativeResultsDirectory="d3d52308-2e3c-4e16-bb63-fd1019147d57" />
    <UnitTestResult executionId="9de2efc5-16fb-465c-a1a6-0964e7a079af" testId="96b04f8c-f777-c014-a499-dfe98011948d" testName="AddClientId_WhereClientIsValid_ReturnsGoogleMapsUrl" computerName="DKSR-EFI-06" duration="00:00:00.0002608" startTime="2024-01-09T15:47:45.9238419+01:00" endTime="2024-01-09T15:47:45.9242107+01:00" testType="13cdc9d9-ddb5-4fa4-a97d-d965ccfc6d4b" outcome="Passed" testListId="8c84fa94-04c1-424b-9868-57a2d4851a1d" relativeResultsDirectory="9de2efc5-16fb-465c-a1a6-0964e7a079af" />
    <UnitTestResult executionId="eb0306be-6e54-4728-93ed-dcec9af72cd3" testId="221c6f5c-67df-3e64-4570-740aa30cf80e" testName="DateToStringConverter_Convert_Success" computerName="DKSR-EFI-06" duration="00:00:00.0019782" startTime="2024-01-09T15:48:10.2828399+01:00" endTime="2024-01-09T15:48:10.2849822+01:00" testType="13cdc9d9-ddb5-4fa4-a97d-d965ccfc6d4b" outcome="Passed" testListId="8c84fa94-04c1-424b-9868-57a2d4851a1d" relativeResultsDirectory="eb0306be-6e54-4728-93ed-dcec9af72cd3" />
    <UnitTestResult executionId="38753150-0500-4652-adde-a06a0360dfb3" testId="dbbcef65-1aa6-a5c1-32ef-04150022dcf1" testName="Compare_ShouldPrioritizeCombinedResultsWithMostTriggerTimesInTimespan_WhenNotAllTriggerTimesAreCounted" computerName="DKSR-EFI-06" duration="00:00:00.0018368" startTime="2024-01-09T15:48:26.7623802+01:00" endTime="2024-01-09T15:48:26.7643494+01:00" testType="13cdc9d9-ddb5-4fa4-a97d-d965ccfc6d4b" outcome="Passed" testListId="8c84fa94-04c1-424b-9868-57a2d4851a1d" relativeResultsDirectory="38753150-0500-4652-adde-a06a0360dfb3" />
    <UnitTestResult executionId="0b6aad44-8023-4d19-b535-3f181dcef2ce" testId="23832ca3-0067-c599-3202-0d4d2bcc2035" testName="AddToExportDevices_ShouldReturnCorrectResult (1,1,1)" computerName="DKSR-EFI-06" duration="00:00:00.0014478" startTime="2024-01-09T15:48:45.3917541+01:00" endTime="2024-01-09T15:48:45.3933658+01:00" testType="13cdc9d9-ddb5-4fa4-a97d-d965ccfc6d4b" outcome="Passed" testListId="8c84fa94-04c1-424b-9868-57a2d4851a1d" relativeResultsDirectory="0b6aad44-8023-4d19-b535-3f181dcef2ce" />
    <UnitTestResult executionId="dc69fd56-c784-48cc-b282-5416c0a9b971" testId="8f753e63-32d9-0333-cd9b-b93644536674" testName="TestLoad_Success" computerName="DKSR-EFI-06" duration="00:00:00.0069938" startTime="2024-01-09T15:48:42.6218698+01:00" endTime="2024-01-09T15:48:42.6290286+01:00" testType="13cdc9d9-ddb5-4fa4-a97d-d965ccfc6d4b" outcome="Passed" testListId="8c84fa94-04c1-424b-9868-57a2d4851a1d" relativeResultsDirectory="dc69fd56-c784-48cc-b282-5416c0a9b971" />
    <UnitTestResult executionId="3624eaf2-65d0-4493-9336-108dbee604da" testId="1b422f57-785f-39b3-2e48-19335b37060e" testName="Dispose_NoActiveSearchResults_Success" computerName="DKSR-EFI-06" duration="00:00:00.0050181" startTime="2024-01-09T15:48:26.4512327+01:00" endTime="2024-01-09T15:48:26.4563856+01:00" testType="13cdc9d9-ddb5-4fa4-a97d-d965ccfc6d4b" outcome="Passed" testListId="8c84fa94-04c1-424b-9868-57a2d4851a1d" relativeResultsDirectory="3624eaf2-65d0-4493-9336-108dbee604da" />
    <UnitTestResult executionId="6bc79ec7-2cc5-47a6-a62c-46ded95b214e" testId="0d4811ec-9931-fb19-edc0-7bcc796825fb" testName="IsDisabled_ShouldBeTrue_WhenIsDetachedControllerManager" computerName="DKSR-EFI-06" duration="00:00:00.0139555" startTime="2024-01-09T15:48:41.9029871+01:00" endTime="2024-01-09T15:48:41.9171204+01:00" testType="13cdc9d9-ddb5-4fa4-a97d-d965ccfc6d4b" outcome="Passed" testListId="8c84fa94-04c1-424b-9868-57a2d4851a1d" relativeResultsDirectory="6bc79ec7-2cc5-47a6-a62c-46ded95b214e" />
    <UnitTestResult executionId="bb7d5a84-4608-434e-8044-34a0f3e29ecc" testId="b09a1385-ea97-6649-75a7-4f5d4ef865f4" testName="TestProperties_Note_Success" computerName="DKSR-EFI-06" duration="00:00:00.0055849" startTime="2024-01-09T15:48:42.6502826+01:00" endTime="2024-01-09T15:48:42.6560111+01:00" testType="13cdc9d9-ddb5-4fa4-a97d-d965ccfc6d4b" outcome="Passed" testListId="8c84fa94-04c1-424b-9868-57a2d4851a1d" relativeResultsDirectory="bb7d5a84-4608-434e-8044-34a0f3e29ecc" />
    <UnitTestResult executionId="0f2f83ed-b493-4cea-954d-12961cbe7f4c" testId="eee00570-2c88-ed70-4bff-bb8eb4983fd1" testName="CalculateNewExtent_ShouldLimitExtent_WhenBeyondMaxOnLowerRightEdge" computerName="DKSR-EFI-06" duration="00:00:00.0001879" startTime="2024-01-09T15:47:49.8716809+01:00" endTime="2024-01-09T15:47:49.8719812+01:00" testType="13cdc9d9-ddb5-4fa4-a97d-d965ccfc6d4b" outcome="Passed" testListId="8c84fa94-04c1-424b-9868-57a2d4851a1d" relativeResultsDirectory="0f2f83ed-b493-4cea-954d-12961cbe7f4c" />
    <UnitTestResult executionId="e943500d-19ca-4d97-816c-970a148f4a48" testId="d710cb6b-c383-23e9-04a7-380523480bf6" testName="PtzPresetsMenuViewModelConstructorTest" computerName="DKSR-EFI-06" duration="00:00:00.0098842" startTime="2024-01-09T15:47:43.5538865+01:00" endTime="2024-01-09T15:47:43.5641121+01:00" testType="13cdc9d9-ddb5-4fa4-a97d-d965ccfc6d4b" outcome="Passed" testListId="8c84fa94-04c1-424b-9868-57a2d4851a1d" relativeResultsDirectory="e943500d-19ca-4d97-816c-970a148f4a48" />
    <UnitTestResult executionId="246b35bf-af72-4e5e-b67c-464f459b22fb" testId="62ccc5b1-eb5f-4644-e919-a3a7e7740785" testName="UpgradeToOAuth_ShouldUpgradeToUnsecureOAuth_WhenRequested" computerName="DKSR-EFI-06" duration="00:00:00.0002571" startTime="2024-01-09T15:47:43.3643248+01:00" endTime="2024-01-09T15:47:43.3647115+01:00" testType="13cdc9d9-ddb5-4fa4-a97d-d965ccfc6d4b" outcome="Passed" testListId="8c84fa94-04c1-424b-9868-57a2d4851a1d" relativeResultsDirectory="246b35bf-af72-4e5e-b67c-464f459b22fb" />
    <UnitTestResult executionId="93413d2a-d367-4e96-84a4-26eb6f575af8" testId="4a5dc23b-ffe3-e948-472d-9d60d6e22bd4" testName="TestForAssemblyCoverage" computerName="DKSR-EFI-06" duration="00:00:00.0002093" startTime="2024-01-09T15:47:43.4668160+01:00" endTime="2024-01-09T15:47:43.4672437+01:00" testType="13cdc9d9-ddb5-4fa4-a97d-d965ccfc6d4b" outcome="Passed" testListId="8c84fa94-04c1-424b-9868-57a2d4851a1d" relativeResultsDirectory="93413d2a-d367-4e96-84a4-26eb6f575af8" />
    <UnitTestResult executionId="02d6f1c3-60c4-4154-b7ef-606edff08c6a" testId="015cbbb2-3ae8-0f0d-d16b-d3a0e1ee3da3" testName="OnMarkerRightClicked_ShouldUseCrossTypeMenuItems_WhenInSetupModeAndMultipleItemsFromDifferentLayersIncludingAtLeastOneCameraAreSelected" computerName="DKSR-EFI-06" duration="00:00:00.0159149" startTime="2024-01-09T15:47:47.1180074+01:00" endTime="2024-01-09T15:47:47.1364953+01:00" testType="13cdc9d9-ddb5-4fa4-a97d-d965ccfc6d4b" outcome="Passed" testListId="8c84fa94-04c1-424b-9868-57a2d4851a1d" relativeResultsDirectory="02d6f1c3-60c4-4154-b7ef-606edff08c6a" />
    <UnitTestResult executionId="1ee4809b-5181-4fb1-a51e-9c83072a34c2" testId="9bd8fc1b-1a96-e8b5-9458-0cf7f053c050" testName="ShowPermissionDeniedToasts_ShouldShowCorrectNumberOfToasts (0,0)" computerName="DKSR-EFI-06" duration="00:00:00.0011479" startTime="2024-01-09T15:48:45.5318150+01:00" endTime="2024-01-09T15:48:45.5331205+01:00" testType="13cdc9d9-ddb5-4fa4-a97d-d965ccfc6d4b" outcome="Passed" testListId="8c84fa94-04c1-424b-9868-57a2d4851a1d" relativeResultsDirectory="1ee4809b-5181-4fb1-a51e-9c83072a34c2" />
    <UnitTestResult executionId="d4539006-8c1c-4934-bbfc-4c139204449a" testId="9deaeb24-21b9-9f12-691a-fda61c229e90" testName="PatrollingStepListViewModel_CanExecuteMoveDown" computerName="DKSR-EFI-06" duration="00:00:00.0015235" startTime="2024-01-09T15:48:43.9803595+01:00" endTime="2024-01-09T15:48:43.9820176+01:00" testType="13cdc9d9-ddb5-4fa4-a97d-d965ccfc6d4b" outcome="Passed" testListId="8c84fa94-04c1-424b-9868-57a2d4851a1d" relativeResultsDirectory="d4539006-8c1c-4934-bbfc-4c139204449a" />
    <UnitTestResult executionId="00e719ca-1041-4863-acb2-7b665d12b83e" testId="94e0ce4f-cd23-de5e-8ee5-c8db45188d88" testName="SidePanelToggleButtonIsVisible_DependingOnConditions (FullScreen,False,False,False)" computerName="DKSR-EFI-06" duration="00:00:00.0156145" startTime="2024-01-09T15:48:44.7803099+01:00" endTime="2024-01-09T15:48:44.7961534+01:00" testType="13cdc9d9-ddb5-4fa4-a97d-d965ccfc6d4b" outcome="Passed" testListId="8c84fa94-04c1-424b-9868-57a2d4851a1d" relativeResultsDirectory="00e719ca-1041-4863-acb2-7b665d12b83e" />
    <UnitTestResult executionId="ac996e90-b096-4b55-9fe7-05c900354dbd" testId="b520e9be-bd72-d8ea-61ca-a3966da610ee" testName="Password1 invalid, Password 2 invalid" computerName="DKSR-EFI-06" duration="00:00:00.0003295" startTime="2024-01-09T15:47:52.2132393+01:00" endTime="2024-01-09T15:47:52.2137023+01:00" testType="13cdc9d9-ddb5-4fa4-a97d-d965ccfc6d4b" outcome="Passed" testListId="8c84fa94-04c1-424b-9868-57a2d4851a1d" relativeResultsDirectory="ac996e90-b096-4b55-9fe7-05c900354dbd" />
    <UnitTestResult executionId="0c95c4f6-fb8b-425f-9c8c-1170aabcfaaf" testId="858fcac7-e389-8062-ee0a-81085946f8a2" testName="GetLayerFeatures_ShouldReturnOutputLayerFeatures_WhenMicrophoneKind" computerName="DKSR-EFI-06" duration="00:00:00.0032203" startTime="2024-01-09T15:48:43.0441813+01:00" endTime="2024-01-09T15:48:43.0475397+01:00" testType="13cdc9d9-ddb5-4fa4-a97d-d965ccfc6d4b" outcome="Passed" testListId="8c84fa94-04c1-424b-9868-57a2d4851a1d" relativeResultsDirectory="0c95c4f6-fb8b-425f-9c8c-1170aabcfaaf" />
    <UnitTestResult executionId="0eccf369-bbcd-4986-b72e-2eb259dac22a" testId="0c9a7b17-025a-1c6f-0a94-cc61778b84eb" testName="HandlePermissionDeniedResults_ShouldShowMessageAndToast (1,1)" computerName="DKSR-EFI-06" duration="00:00:00.0014404" startTime="2024-01-09T15:48:45.5560242+01:00" endTime="2024-01-09T15:48:45.5576642+01:00" testType="13cdc9d9-ddb5-4fa4-a97d-d965ccfc6d4b" outcome="Passed" testListId="8c84fa94-04c1-424b-9868-57a2d4851a1d" relativeResultsDirectory="0eccf369-bbcd-4986-b72e-2eb259dac22a" />
    <UnitTestResult executionId="feca656b-5e00-4c98-a08e-c80ad11afe9d" testId="5a499a63-0d2f-5e8b-f84d-d4c0ec13dea2" testName="SupportsDoubleClick_ShouldBeTrue_WhenInteractionStateIsNewDevice" computerName="DKSR-EFI-06" duration="00:00:00.0219427" startTime="2024-01-09T15:47:48.8647702+01:00" endTime="2024-01-09T15:47:48.8894529+01:00" testType="13cdc9d9-ddb5-4fa4-a97d-d965ccfc6d4b" outcome="Passed" testListId="8c84fa94-04c1-424b-9868-57a2d4851a1d" relativeResultsDirectory="feca656b-5e00-4c98-a08e-c80ad11afe9d" />
    <UnitTestResult executionId="df552d2b-49b4-4c9e-b886-38a027f7c92c" testId="dd6a6056-335a-e790-dd5c-836d1beab39a" testName="InputMapItem_UpdateName_Rejected" computerName="DKSR-EFI-06" duration="00:00:00.0075491" startTime="2024-01-09T15:48:42.1915866+01:00" endTime="2024-01-09T15:48:42.1993360+01:00" testType="13cdc9d9-ddb5-4fa4-a97d-d965ccfc6d4b" outcome="Passed" testListId="8c84fa94-04c1-424b-9868-57a2d4851a1d" relativeResultsDirectory="df552d2b-49b4-4c9e-b886-38a027f7c92c" />
    <UnitTestResult executionId="c7240a01-9bea-4693-9b21-05873b1484f9" testId="cad8e770-6b34-3ed1-d5b9-aff90025f291" testName="Ctor_NullPassedToNotNullParameters_Failure" computerName="DKSR-EFI-06" duration="00:00:00.0531350" startTime="2024-01-09T15:48:22.4715578+01:00" endTime="2024-01-09T15:48:22.5252604+01:00" testType="13cdc9d9-ddb5-4fa4-a97d-d965ccfc6d4b" outcome="Passed" testListId="8c84fa94-04c1-424b-9868-57a2d4851a1d" relativeResultsDirectory="c7240a01-9bea-4693-9b21-05873b1484f9" />
    <UnitTestResult executionId="e3d4f2cb-cc5c-4755-8950-f4494bb07b14" testId="a316d943-455b-a96d-fb1b-0c24977fe437" testName="Create_Retention_Time_Cannot_Be_Before_1900_Test_Rollback_After_Valid_Value" computerName="DKSR-EFI-06" duration="00:00:00.0018820" startTime="2024-01-09T15:48:52.4392972+01:00" endTime="2024-01-09T15:48:52.4413042+01:00" testType="13cdc9d9-ddb5-4fa4-a97d-d965ccfc6d4b" outcome="Passed" testListId="8c84fa94-04c1-424b-9868-57a2d4851a1d" relativeResultsDirectory="e3d4f2cb-cc5c-4755-8950-f4494bb07b14" />
    <UnitTestResult executionId="19596cff-e8ae-46ce-ba20-bc7241094254" testId="6da29afb-8acf-3f8d-692b-690d3f268744" testName="Extending_Is_Disabled_When_Create_Rights_Missing" computerName="DKSR-EFI-06" duration="00:00:00.0024637" startTime="2024-01-09T15:48:52.4655257+01:00" endTime="2024-01-09T15:48:52.4681200+01:00" testType="13cdc9d9-ddb5-4fa4-a97d-d965ccfc6d4b" outcome="Passed" testListId="8c84fa94-04c1-424b-9868-57a2d4851a1d" relativeResultsDirectory="19596cff-e8ae-46ce-ba20-bc7241094254" />
    <UnitTestResult executionId="ff1015eb-a671-47e1-8bb2-5369ed242ce7" testId="0ba8e521-cdf8-1d32-c711-88b35489e15b" testName="CreateExportDialog_CannotCreateExport_WithNoDestinationsSelected" computerName="DKSR-EFI-06" duration="00:00:00.0052962" startTime="2024-01-09T15:47:51.3103799+01:00" endTime="2024-01-09T15:47:51.3158363+01:00" testType="13cdc9d9-ddb5-4fa4-a97d-d965ccfc6d4b" outcome="Passed" testListId="8c84fa94-04c1-424b-9868-57a2d4851a1d" relativeResultsDirectory="ff1015eb-a671-47e1-8bb2-5369ed242ce7" />
    <UnitTestResult executionId="ac5811df-9e7a-4367-80bd-8bfc78c1db0a" testId="027cffda-5eae-8a36-c1cb-ccd49ea8a655" testName="BuildEvidenceLockFilterProperties_ShouldReturnCorrectValues (False,2,3,All,Custom)" computerName="DKSR-EFI-06" duration="00:00:00.0028202" startTime="2024-01-09T15:48:51.5908795+01:00" endTime="2024-01-09T15:48:51.5939206+01:00" testType="13cdc9d9-ddb5-4fa4-a97d-d965ccfc6d4b" outcome="Passed" testListId="8c84fa94-04c1-424b-9868-57a2d4851a1d" relativeResultsDirectory="ac5811df-9e7a-4367-80bd-8bfc78c1db0a" />
    <UnitTestResult executionId="70e11a5b-7b79-4942-8516-53fa2fa4a839" testId="3a384c62-a21e-fecb-daa1-7890a574eea7" testName="AndOrSearchDefinitionToVisibilityMultiConverter_CallConvert_NotFirstInListAnd" computerName="DKSR-EFI-06" duration="00:00:00.0004449" startTime="2024-01-09T15:48:10.2654511+01:00" endTime="2024-01-09T15:48:10.2660298+01:00" testType="13cdc9d9-ddb5-4fa4-a97d-d965ccfc6d4b" outcome="Passed" testListId="8c84fa94-04c1-424b-9868-57a2d4851a1d" relativeResultsDirectory="70e11a5b-7b79-4942-8516-53fa2fa4a839" />
    <UnitTestResult executionId="fd1712ec-1f02-42a7-9885-59c04fda2fa4" testId="eccebb4b-dd86-ffbc-9874-555886a9ecd8" testName="UpdateSearchAttributes_MultipleFiltersWithoutValues_NotAdded" computerName="DKSR-EFI-06" duration="00:00:00.0005856" startTime="2024-01-09T15:48:22.4308734+01:00" endTime="2024-01-09T15:48:22.4315857+01:00" testType="13cdc9d9-ddb5-4fa4-a97d-d965ccfc6d4b" outcome="Passed" testListId="8c84fa94-04c1-424b-9868-57a2d4851a1d" relativeResultsDirectory="fd1712ec-1f02-42a7-9885-59c04fda2fa4" />
    <UnitTestResult executionId="e9898999-d2f6-46f0-90e5-9a445d519bee" testId="98f27d45-2a93-357a-deeb-cbe956e4dc11" testName="IsBasicUser_ShouldReturnFalse_WhenConstructedUsingWindows" computerName="DKSR-EFI-06" duration="00:00:00.0002168" startTime="2024-01-09T15:47:43.3522225+01:00" endTime="2024-01-09T15:47:43.3526057+01:00" testType="13cdc9d9-ddb5-4fa4-a97d-d965ccfc6d4b" outcome="Passed" testListId="8c84fa94-04c1-424b-9868-57a2d4851a1d" relativeResultsDirectory="e9898999-d2f6-46f0-90e5-9a445d519bee" />
    <UnitTestResult executionId="9382acc3-72e6-4029-869d-f30cf70893fd" testId="68273da4-d8f3-7604-23b1-9e7df4a52b5c" testName="BindingModelVisible_ReactsTo_PluginInstanceVisibleUpdate" computerName="DKSR-EFI-06" duration="00:00:00.0015316" startTime="2024-01-09T15:48:45.6226063+01:00" endTime="2024-01-09T15:48:45.6263411+01:00" testType="13cdc9d9-ddb5-4fa4-a97d-d965ccfc6d4b" outcome="Passed" testListId="8c84fa94-04c1-424b-9868-57a2d4851a1d" relativeResultsDirectory="9382acc3-72e6-4029-869d-f30cf70893fd" />
    <UnitTestResult executionId="a34ad119-a597-48fe-bdf7-307a6dc3396c" testId="b78c4a54-8a8a-cc80-cfbb-7be5b5023229" testName="DeserializeAlianXml_Fail" computerName="DKSR-EFI-06" duration="00:00:00.0001196" startTime="2024-01-09T15:48:52.9022778+01:00" endTime="2024-01-09T15:48:52.9025095+01:00" testType="13cdc9d9-ddb5-4fa4-a97d-d965ccfc6d4b" outcome="Passed" testListId="8c84fa94-04c1-424b-9868-57a2d4851a1d" relativeResultsDirectory="a34ad119-a597-48fe-bdf7-307a6dc3396c" />
    <UnitTestResult executionId="ee7cecfb-c128-4d8d-ad52-172613680b12" testId="7303b39e-095c-d519-9482-2df53e696cb0" testName="ValidEncryptionStrengthsForExport_ShouldOnlyReturnAes256_WhenLegacyEncryptionNotEnabledInAppConfig" computerName="DKSR-EFI-06" duration="00:00:00.0028757" startTime="2024-01-09T15:48:46.8824908+01:00" endTime="2024-01-09T15:48:46.8856080+01:00" testType="13cdc9d9-ddb5-4fa4-a97d-d965ccfc6d4b" outcome="Passed" testListId="8c84fa94-04c1-424b-9868-57a2d4851a1d" relativeResultsDirectory="ee7cecfb-c128-4d8d-ad52-172613680b12" />
    <UnitTestResult executionId="fe982e12-b16e-4809-83da-2f7596b11a97" testId="77b1b206-b293-8add-d0dd-e8f3149cd45e" testName="TestCreateMipTabWorkroom_Single_Success" computerName="DKSR-EFI-06" duration="00:00:00.9307895" startTime="2024-01-09T15:47:41.7572917+01:00" endTime="2024-01-09T15:47:42.6883517+01:00" testType="13cdc9d9-ddb5-4fa4-a97d-d965ccfc6d4b" outcome="Passed" testListId="8c84fa94-04c1-424b-9868-57a2d4851a1d" relativeResultsDirectory="fe982e12-b16e-4809-83da-2f7596b11a97" />
    <UnitTestResult executionId="88c34ca3-f4d0-4299-83d4-ee6ddadd9313" testId="94358fa8-5ab7-9379-cdbb-784e07581698" testName="Cameras_where_the_user_has_no_RetentionCreate_rights_can_be_still_re_added" computerName="DKSR-EFI-06" duration="00:00:00.0025979" startTime="2024-01-09T15:48:52.4774514+01:00" endTime="2024-01-09T15:48:52.4801753+01:00" testType="13cdc9d9-ddb5-4fa4-a97d-d965ccfc6d4b" outcome="Passed" testListId="8c84fa94-04c1-424b-9868-57a2d4851a1d" relativeResultsDirectory="88c34ca3-f4d0-4299-83d4-ee6ddadd9313" />
    <UnitTestResult executionId="652fd547-7674-48ec-8a6d-6100c0650017" testId="27f45b32-e46d-1c8f-ae71-a8a2f0519cb3" testName="UpdateScope_ScopeDurationChange_ReturnsTrue" computerName="DKSR-EFI-06" duration="00:00:00.0001385" startTime="2024-01-09T15:48:26.6638756+01:00" endTime="2024-01-09T15:48:26.6641469+01:00" testType="13cdc9d9-ddb5-4fa4-a97d-d965ccfc6d4b" outcome="Passed" testListId="8c84fa94-04c1-424b-9868-57a2d4851a1d" relativeResultsDirectory="652fd547-7674-48ec-8a6d-6100c0650017" />
    <UnitTestResult executionId="fb14b823-a23a-46a6-ac0c-c0f74ff50ca7" testId="a5f3c4e3-2515-5b34-ca88-e1bb40637adf" testName="Decorate_ShouldAddChildrenWithProperName_WhenThereAreLayersWithItemsImplementingITitleToggleable" computerName="DKSR-EFI-06" duration="00:00:00.0009317" startTime="2024-01-09T15:47:45.9113315+01:00" endTime="2024-01-09T15:47:45.9123767+01:00" testType="13cdc9d9-ddb5-4fa4-a97d-d965ccfc6d4b" outcome="Passed" testListId="8c84fa94-04c1-424b-9868-57a2d4851a1d" relativeResultsDirectory="fb14b823-a23a-46a6-ac0c-c0f74ff50ca7" />
    <UnitTestResult executionId="35e5142c-fcbd-49aa-aeef-09150361790f" testId="0d43d95c-82c9-c386-cdd6-8d869ea0afd9" testName="PatrollingPresetViewModel_Constructor_2_Success" computerName="DKSR-EFI-06" duration="00:00:00.0070106" startTime="2024-01-09T15:48:43.7856736+01:00" endTime="2024-01-09T15:48:43.7928204+01:00" testType="13cdc9d9-ddb5-4fa4-a97d-d965ccfc6d4b" outcome="Passed" testListId="8c84fa94-04c1-424b-9868-57a2d4851a1d" relativeResultsDirectory="35e5142c-fcbd-49aa-aeef-09150361790f" />
    <UnitTestResult executionId="a7a4daf6-b6c0-4ea1-8755-fa27abb05ef3" testId="e5776fdb-2ce3-71cf-fd30-74705513040a" testName="ActionBarPluginsEnabled_TwoPluginsWithDifferentOverflowModes_OnePluginButtonPresentInActionBarAndOnePresentInOverflowMenu" computerName="DKSR-EFI-06" duration="00:00:00.0228405" startTime="2024-01-09T15:47:53.9185794+01:00" endTime="2024-01-09T15:47:53.9441960+01:00" testType="13cdc9d9-ddb5-4fa4-a97d-d965ccfc6d4b" outcome="Passed" testListId="8c84fa94-04c1-424b-9868-57a2d4851a1d" relativeResultsDirectory="a7a4daf6-b6c0-4ea1-8755-fa27abb05ef3" />
    <UnitTestResult executionId="605dd66f-e36a-4f5c-b19b-b2056bcc17af" testId="dc096e9d-933e-6e98-213b-490659477502" testName="ToSafeName_NullString_Success" computerName="DKSR-EFI-06" duration="00:00:00.0005485" startTime="2024-01-09T15:48:51.6533171+01:00" endTime="2024-01-09T15:48:51.6539967+01:00" testType="13cdc9d9-ddb5-4fa4-a97d-d965ccfc6d4b" outcome="Passed" testListId="8c84fa94-04c1-424b-9868-57a2d4851a1d" relativeResultsDirectory="605dd66f-e36a-4f5c-b19b-b2056bcc17af" />
    <UnitTestResult executionId="0ffe882f-c7c4-4d9a-b3ce-968e6f254321" testId="98f162c3-7789-0517-6acc-2e2623f261ea" testName="VideoResultSearchResult_PropertiesWhenCombinedResultDifferentCategoryName_CollectedAndDisplayed" computerName="DKSR-EFI-06" duration="00:00:00.0174789" startTime="2024-01-09T15:48:12.5548817+01:00" endTime="2024-01-09T15:48:12.5750588+01:00" testType="13cdc9d9-ddb5-4fa4-a97d-d965ccfc6d4b" outcome="Passed" testListId="8c84fa94-04c1-424b-9868-57a2d4851a1d" relativeResultsDirectory="0ffe882f-c7c4-4d9a-b3ce-968e6f254321" />
    <UnitTestResult executionId="be582da7-626a-4d79-936f-bf9f488d4f50" testId="d48c488e-fbbb-1e36-d1b4-d630148880b0" testName="MonitorLiveState_Serialize_Success" computerName="DKSR-EFI-06" duration="00:00:00.0075527" startTime="2024-01-09T15:48:52.8738511+01:00" endTime="2024-01-09T15:48:52.8816437+01:00" testType="13cdc9d9-ddb5-4fa4-a97d-d965ccfc6d4b" outcome="Passed" testListId="8c84fa94-04c1-424b-9868-57a2d4851a1d" relativeResultsDirectory="be582da7-626a-4d79-936f-bf9f488d4f50" />
    <UnitTestResult executionId="c6ab0986-3ad6-41d9-b712-73b01dcf63a8" testId="e1f594ff-5c37-d66b-07f6-82e1c4cb1481" testName="SelectTemplate_UseInlineEditFalse_ReturnsPopupTemplate" computerName="DKSR-EFI-06" duration="00:00:00.0006345" startTime="2024-01-09T15:47:52.5556864+01:00" endTime="2024-01-09T15:47:52.5564648+01:00" testType="13cdc9d9-ddb5-4fa4-a97d-d965ccfc6d4b" outcome="Passed" testListId="8c84fa94-04c1-424b-9868-57a2d4851a1d" relativeResultsDirectory="c6ab0986-3ad6-41d9-b712-73b01dcf63a8" />
    <UnitTestResult executionId="3ab8777d-5094-4243-9ec8-a790072cda3d" testId="18372786-9c22-e3d6-04ef-6b4e808d181a" testName="IsCamera_ShouldReturnTrue_WhenSingleCameraSelected" computerName="DKSR-EFI-06" duration="00:00:00.0111108" startTime="2024-01-09T15:48:46.9759912+01:00" endTime="2024-01-09T15:48:46.9872588+01:00" testType="13cdc9d9-ddb5-4fa4-a97d-d965ccfc6d4b" outcome="Passed" testListId="8c84fa94-04c1-424b-9868-57a2d4851a1d" relativeResultsDirectory="3ab8777d-5094-4243-9ec8-a790072cda3d" />
    <UnitTestResult executionId="9e4446fb-6ff6-4427-a9a7-f75890b5d7dd" testId="8427d757-e615-3911-b8e1-c6a9d939c66c" testName="SearchModelOnSearchResultsExpired_OnUiThread_Success" computerName="DKSR-EFI-06" duration="00:00:00.0351748" startTime="2024-01-09T15:48:25.0297480+01:00" endTime="2024-01-09T15:48:25.0651035+01:00" testType="13cdc9d9-ddb5-4fa4-a97d-d965ccfc6d4b" outcome="Passed" testListId="8c84fa94-04c1-424b-9868-57a2d4851a1d" relativeResultsDirectory="9e4446fb-6ff6-4427-a9a7-f75890b5d7dd" />
    <UnitTestResult executionId="02e473cf-668c-4aba-968f-7846965b391b" testId="84f93f59-fd44-afa7-32df-18fcfc62c68f" testName="TestUpdateState_NotIsLiveOrPlayback" computerName="DKSR-EFI-06" duration="00:00:00.0026452" startTime="2024-01-09T15:48:45.6718047+01:00" endTime="2024-01-09T15:48:45.6745956+01:00" testType="13cdc9d9-ddb5-4fa4-a97d-d965ccfc6d4b" outcome="Passed" testListId="8c84fa94-04c1-424b-9868-57a2d4851a1d" relativeResultsDirectory="02e473cf-668c-4aba-968f-7846965b391b" />
    <UnitTestResult executionId="ad1d8a1a-07d5-467c-9816-a34485a01c58" testId="58baf932-aaa1-22e9-3f8a-ec584346b657" testName="Dispose_WhenWaitingToPerformAction_CancelsAction" computerName="DKSR-EFI-06" duration="00:00:00.0439206" startTime="2024-01-09T15:47:43.2567362+01:00" endTime="2024-01-09T15:47:43.3008355+01:00" testType="13cdc9d9-ddb5-4fa4-a97d-d965ccfc6d4b" outcome="Passed" testListId="8c84fa94-04c1-424b-9868-57a2d4851a1d" relativeResultsDirectory="ad1d8a1a-07d5-467c-9816-a34485a01c58" />
    <UnitTestResult executionId="8ec03510-4795-423e-849c-561c0e339f15" testId="863152b5-1e2c-356b-c14c-cd62911ba167" testName="PatrollingStepListViewModel_CanDeleteStepExecute" computerName="DKSR-EFI-06" duration="00:00:00.0013991" startTime="2024-01-09T15:48:43.9662189+01:00" endTime="2024-01-09T15:48:43.9677447+01:00" testType="13cdc9d9-ddb5-4fa4-a97d-d965ccfc6d4b" outcome="Passed" testListId="8c84fa94-04c1-424b-9868-57a2d4851a1d" relativeResultsDirectory="8ec03510-4795-423e-849c-561c0e339f15" />
    <UnitTestResult executionId="388c7641-fb80-4316-a856-e8ac3a556977" testId="4b94700f-6e5c-855d-b131-f805331c5a39" testName="OpenStreetMapLayerIsDisabled_ShouldReturnFalse_WhenOpenStreetMapGeographicLayerOptionIsAvailableAndOpenStreetMapAlternativeServerIsNotEmpty" computerName="DKSR-EFI-06" duration="00:00:00.0066069" startTime="2024-01-09T15:48:38.7778604+01:00" endTime="2024-01-09T15:48:38.7846139+01:00" testType="13cdc9d9-ddb5-4fa4-a97d-d965ccfc6d4b" outcome="Passed" testListId="8c84fa94-04c1-424b-9868-57a2d4851a1d" relativeResultsDirectory="388c7641-fb80-4316-a856-e8ac3a556977" />
    <UnitTestResult executionId="3c2ed14c-2ac2-4566-bb21-e01a4b9ef889" testId="876c309e-bcb3-56f1-e371-740d48449c19" testName="ClientCapabilitiesDto_ShouldYieldSameValues_WhenRoundTripConverted" computerName="DKSR-EFI-06" duration="00:00:00.0028525" startTime="2024-01-09T15:47:40.9760220+01:00" endTime="2024-01-09T15:47:40.9791878+01:00" testType="13cdc9d9-ddb5-4fa4-a97d-d965ccfc6d4b" outcome="Passed" testListId="8c84fa94-04c1-424b-9868-57a2d4851a1d" relativeResultsDirectory="3c2ed14c-2ac2-4566-bb21-e01a4b9ef889" />
    <UnitTestResult executionId="2595a00a-e048-4e3b-b0a4-78f1d042b325" testId="dcedc9aa-0a2b-4f0d-afad-d14fe62fdbd7" testName="PatrollingProfileViewModelTest_Save_UpdateProfile_Failed" computerName="DKSR-EFI-06" duration="00:00:00.0028791" startTime="2024-01-09T15:48:43.9351024+01:00" endTime="2024-01-09T15:48:43.9381240+01:00" testType="13cdc9d9-ddb5-4fa4-a97d-d965ccfc6d4b" outcome="Passed" testListId="8c84fa94-04c1-424b-9868-57a2d4851a1d" relativeResultsDirectory="2595a00a-e048-4e3b-b0a4-78f1d042b325" />
    <UnitTestResult executionId="985f5afe-5d39-463d-8042-94f69013bf99" testId="6800db71-c8bd-80f4-55c4-def277b5aa8f" testName="SupportsDoubleClick_ShouldBeTrue_WhenInteractionStateIsNormal" computerName="DKSR-EFI-06" duration="00:00:00.0478802" startTime="2024-01-09T15:47:49.2853319+01:00" endTime="2024-01-09T15:47:49.3361805+01:00" testType="13cdc9d9-ddb5-4fa4-a97d-d965ccfc6d4b" outcome="Passed" testListId="8c84fa94-04c1-424b-9868-57a2d4851a1d" relativeResultsDirectory="985f5afe-5d39-463d-8042-94f69013bf99" />
    <UnitTestResult executionId="9e5e3a9f-2246-45c2-9f18-435641094a13" testId="736d5841-1c67-3c66-a8df-caf0433686aa" testName="BoundingBoxLiveStartNoPlaybackHandler" computerName="DKSR-EFI-06" duration="00:00:00.0010078" startTime="2024-01-09T15:48:46.2297106+01:00" endTime="2024-01-09T15:48:46.2309442+01:00" testType="13cdc9d9-ddb5-4fa4-a97d-d965ccfc6d4b" outcome="Passed" testListId="8c84fa94-04c1-424b-9868-57a2d4851a1d" relativeResultsDirectory="9e5e3a9f-2246-45c2-9f18-435641094a13" />
    <UnitTestResult executionId="a5c9ba86-a5dd-4c77-8e76-36b104f7df0b" testId="7d70a72d-3886-6952-72a5-a740f2010644" testName="SelectTemplate_InvalidItemType_ReturnsPopupTemplate" computerName="DKSR-EFI-06" duration="00:00:00.0006699" startTime="2024-01-09T15:47:52.5417362+01:00" endTime="2024-01-09T15:47:52.5425584+01:00" testType="13cdc9d9-ddb5-4fa4-a97d-d965ccfc6d4b" outcome="Passed" testListId="8c84fa94-04c1-424b-9868-57a2d4851a1d" relativeResultsDirectory="a5c9ba86-a5dd-4c77-8e76-36b104f7df0b" />
    <UnitTestResult executionId="578699db-9326-47b6-a389-1ab5a9d2b86d" testId="a5317ab4-d180-d0ab-5f5b-a18f8fb41f6e" testName="TestConstructor_Success" computerName="DKSR-EFI-06" duration="00:00:00.0001876" startTime="2024-01-09T15:48:43.1474887+01:00" endTime="2024-01-09T15:48:43.1479220+01:00" testType="13cdc9d9-ddb5-4fa4-a97d-d965ccfc6d4b" outcome="Passed" testListId="8c84fa94-04c1-424b-9868-57a2d4851a1d" relativeResultsDirectory="578699db-9326-47b6-a389-1ab5a9d2b86d" />
    <UnitTestResult executionId="f066626a-14f7-4fb3-ae2f-5c2d8ba185a3" testId="75d313b7-2668-4983-0b95-cd2be76f4cd0" testName="AddSelectedWindowsToExport_ShouldShowCorrectToastMessages (1,1,1)" computerName="DKSR-EFI-06" duration="00:00:00.0059118" startTime="2024-01-09T15:48:45.4525934+01:00" endTime="2024-01-09T15:48:45.4586741+01:00" testType="13cdc9d9-ddb5-4fa4-a97d-d965ccfc6d4b" outcome="Passed" testListId="8c84fa94-04c1-424b-9868-57a2d4851a1d" relativeResultsDirectory="f066626a-14f7-4fb3-ae2f-5c2d8ba185a3" />
    <UnitTestResult executionId="54bb5d2d-c562-4b75-953a-df1f7fa6b732" testId="cb536c37-af93-5a21-739a-c12d45516012" testName="GetLayerFeatures_ShouldReturnCameraLayerFeatures_WhenCameraKind" computerName="DKSR-EFI-06" duration="00:00:00.0016932" startTime="2024-01-09T15:48:43.0330417+01:00" endTime="2024-01-09T15:48:43.0348777+01:00" testType="13cdc9d9-ddb5-4fa4-a97d-d965ccfc6d4b" outcome="Passed" testListId="8c84fa94-04c1-424b-9868-57a2d4851a1d" relativeResultsDirectory="54bb5d2d-c562-4b75-953a-df1f7fa6b732" />
    <UnitTestResult executionId="3c9bd42c-2502-4eab-9e1a-187126afc78f" testId="6ebc1c3a-7886-6ea1-878f-b64af57e9527" testName="Connect_SucceedeInConnectingWithWindowsUser_ShouldReturnTrue" computerName="DKSR-EFI-06" duration="00:00:00.0017340" startTime="2024-01-09T15:47:40.9397104+01:00" endTime="2024-01-09T15:47:40.9415950+01:00" testType="13cdc9d9-ddb5-4fa4-a97d-d965ccfc6d4b" outcome="Passed" testListId="8c84fa94-04c1-424b-9868-57a2d4851a1d" relativeResultsDirectory="3c9bd42c-2502-4eab-9e1a-187126afc78f" />
    <UnitTestResult executionId="3949848c-b629-4600-a591-b48c68b4ca47" testId="4e7c1dac-cca0-02a1-db28-32ba9bd6a0cf" testName="ValidateExportFormats_ShouldReturnFailResult_ExportFormatRequired" computerName="DKSR-EFI-06" duration="00:00:00.0098911" startTime="2024-01-09T15:47:52.1005618+01:00" endTime="2024-01-09T15:47:52.1106328+01:00" testType="13cdc9d9-ddb5-4fa4-a97d-d965ccfc6d4b" outcome="Passed" testListId="8c84fa94-04c1-424b-9868-57a2d4851a1d" relativeResultsDirectory="3949848c-b629-4600-a591-b48c68b4ca47" />
    <UnitTestResult executionId="ccd78516-ea78-435e-9303-fb9f536425f7" testId="c5a3b45d-5e96-20b3-b548-6f1303bc7108" testName="ShowAlreadyAddedToast_ShouldShowCorrectNumberOfToasts (5,1)" computerName="DKSR-EFI-06" duration="00:00:00.0033197" startTime="2024-01-09T15:48:45.5278437+01:00" endTime="2024-01-09T15:48:45.5313214+01:00" testType="13cdc9d9-ddb5-4fa4-a97d-d965ccfc6d4b" outcome="Passed" testListId="8c84fa94-04c1-424b-9868-57a2d4851a1d" relativeResultsDirectory="ccd78516-ea78-435e-9303-fb9f536425f7" />
    <UnitTestResult executionId="72e58549-8a4b-4ed9-b0f3-0f3e22cdbcb2" testId="6005aa8f-bfed-16e6-eb0c-0e72997b485a" testName="PtzSessionController_Constructor_ArgumentNull_PtzSessionTimer_Test" computerName="DKSR-EFI-06" duration="00:00:00.0003184" startTime="2024-01-09T15:47:43.0408415+01:00" endTime="2024-01-09T15:47:43.0412895+01:00" testType="13cdc9d9-ddb5-4fa4-a97d-d965ccfc6d4b" outcome="Passed" testListId="8c84fa94-04c1-424b-9868-57a2d4851a1d" relativeResultsDirectory="72e58549-8a4b-4ed9-b0f3-0f3e22cdbcb2" />
    <UnitTestResult executionId="e9848d43-b28d-4057-a696-e5074ccf6963" testId="97763cfc-7d38-77f7-1969-32e195ae413f" testName="Cameras_where_the_user_has_RetentionUpdate_rights_can_be_removed_from_the_evidence_lock" computerName="DKSR-EFI-06" duration="00:00:00.0020745" startTime="2024-01-09T15:48:52.4748181+01:00" endTime="2024-01-09T15:48:52.4770262+01:00" testType="13cdc9d9-ddb5-4fa4-a97d-d965ccfc6d4b" outcome="Passed" testListId="8c84fa94-04c1-424b-9868-57a2d4851a1d" relativeResultsDirectory="e9848d43-b28d-4057-a696-e5074ccf6963" />
    <UnitTestResult executionId="f5c70d21-353a-4d00-9456-071dadfa8c2a" testId="44e92960-87da-bcfa-c839-b0dd09a9d8ba" testName="SearchFilterCategoryGet_OneSearchAgent_FiltersMatch" computerName="DKSR-EFI-06" duration="00:00:00.0255994" startTime="2024-01-09T15:48:37.3027276+01:00" endTime="2024-01-09T15:48:37.3284882+01:00" testType="13cdc9d9-ddb5-4fa4-a97d-d965ccfc6d4b" outcome="Passed" testListId="8c84fa94-04c1-424b-9868-57a2d4851a1d" relativeResultsDirectory="f5c70d21-353a-4d00-9456-071dadfa8c2a" />
    <UnitTestResult executionId="23b866d9-00d8-4012-9d42-8a803829d6cd" testId="cdf55ccf-9363-1335-a916-7ffe8ada8675" testName="Dispose_ShouldSetGisMapViewModelToNull_WhenCalled" computerName="DKSR-EFI-06" duration="00:00:00.0009393" startTime="2024-01-09T15:47:45.7475197+01:00" endTime="2024-01-09T15:47:45.7485921+01:00" testType="13cdc9d9-ddb5-4fa4-a97d-d965ccfc6d4b" outcome="Passed" testListId="8c84fa94-04c1-424b-9868-57a2d4851a1d" relativeResultsDirectory="23b866d9-00d8-4012-9d42-8a803829d6cd" />
    <UnitTestResult executionId="46e6ddb6-0d8f-4867-a38c-da159afa23d7" testId="d5b52bb5-55cf-dc85-f26b-7b0562d6b30f" testName="GetGuidProviderStrategyByEventServerId_ShouldReturnOneSHA1Strategy_WhenEventServerIdIsFipsCompliant" computerName="DKSR-EFI-06" duration="00:00:00.0003634" startTime="2024-01-09T15:48:52.8586495+01:00" endTime="2024-01-09T15:48:52.8591437+01:00" testType="13cdc9d9-ddb5-4fa4-a97d-d965ccfc6d4b" outcome="Passed" testListId="8c84fa94-04c1-424b-9868-57a2d4851a1d" relativeResultsDirectory="46e6ddb6-0d8f-4867-a38c-da159afa23d7" />
    <UnitTestResult executionId="a54f507f-e6d8-4b0a-9491-d324ff34f567" testId="c0728f95-ecc1-be8f-b46d-a960462fa608" testName="DoubleClickOnPreviewPlayer_ShouldOpenDetailsViewWithoutAnimation_WhenFocusedItemIsNotNullAndAnimationsAreDisabled" computerName="DKSR-EFI-06" duration="00:00:00.9355580" startTime="2024-01-09T15:48:09.3125939+01:00" endTime="2024-01-09T15:48:10.2514710+01:00" testType="13cdc9d9-ddb5-4fa4-a97d-d965ccfc6d4b" outcome="Passed" testListId="8c84fa94-04c1-424b-9868-57a2d4851a1d" relativeResultsDirectory="a54f507f-e6d8-4b0a-9491-d324ff34f567" />
    <UnitTestResult executionId="813e7f14-872f-4ea1-9e4c-5369214c30b5" testId="945b4c83-9f91-b5d9-8e70-c736523c2f6f" testName="HandleGetDeviceData_ShouldReturnNotFoundDeviceData_WhenCameraKindAndNonExistingCameraId" computerName="DKSR-EFI-06" duration="00:00:00.0352926" startTime="2024-01-09T15:47:50.7117229+01:00" endTime="2024-01-09T15:47:50.7472048+01:00" testType="13cdc9d9-ddb5-4fa4-a97d-d965ccfc6d4b" outcome="Passed" testListId="8c84fa94-04c1-424b-9868-57a2d4851a1d" relativeResultsDirectory="813e7f14-872f-4ea1-9e4c-5369214c30b5" />
    <UnitTestResult executionId="1ca7d2f7-8ad9-48bc-8b16-09c906c8e2a4" testId="035a2e7c-4006-749c-7663-f769d610c2cb" testName="CanMoreRegionsBeAdded_ShouldReturnTrue" computerName="DKSR-EFI-06" duration="00:00:00.0003852" startTime="2024-01-09T15:48:38.1291177+01:00" endTime="2024-01-09T15:48:38.1296382+01:00" testType="13cdc9d9-ddb5-4fa4-a97d-d965ccfc6d4b" outcome="Passed" testListId="8c84fa94-04c1-424b-9868-57a2d4851a1d" relativeResultsDirectory="1ca7d2f7-8ad9-48bc-8b16-09c906c8e2a4" />
    <UnitTestResult executionId="f3b632be-3f27-4e48-80a2-30b8fba5a805" testId="c3caedc7-efe3-78cd-a186-06b5b57b0f65" testName="AddToExportTuples_ShouldReturnCorrectResult (1,1,1)" computerName="DKSR-EFI-06" duration="00:00:00.0027648" startTime="2024-01-09T15:48:45.3087580+01:00" endTime="2024-01-09T15:48:45.3116852+01:00" testType="13cdc9d9-ddb5-4fa4-a97d-d965ccfc6d4b" outcome="Passed" testListId="8c84fa94-04c1-424b-9868-57a2d4851a1d" relativeResultsDirectory="f3b632be-3f27-4e48-80a2-30b8fba5a805" />
    <UnitTestResult executionId="67d67ddd-78fa-449d-be40-831decf454a4" testId="4aba77ec-b883-b9a3-2441-be573e48795b" testName="PointMapItem_OutputWithNoShortName_Success" computerName="DKSR-EFI-06" duration="00:00:00.0229277" startTime="2024-01-09T15:48:41.4963957+01:00" endTime="2024-01-09T15:48:41.5195205+01:00" testType="13cdc9d9-ddb5-4fa4-a97d-d965ccfc6d4b" outcome="Passed" testListId="8c84fa94-04c1-424b-9868-57a2d4851a1d" relativeResultsDirectory="67d67ddd-78fa-449d-be40-831decf454a4" />
    <UnitTestResult executionId="bec50155-cecb-4701-b3f4-2964067d97d4" testId="b504ac94-d24b-65b3-ca37-c7d43c96a4da" testName="PointMapItem_InputWithNoShortName_Success" computerName="DKSR-EFI-06" duration="00:00:00.0257984" startTime="2024-01-09T15:48:42.1650725+01:00" endTime="2024-01-09T15:48:42.1910735+01:00" testType="13cdc9d9-ddb5-4fa4-a97d-d965ccfc6d4b" outcome="Passed" testListId="8c84fa94-04c1-424b-9868-57a2d4851a1d" relativeResultsDirectory="bec50155-cecb-4701-b3f4-2964067d97d4" />
    <UnitTestResult executionId="b2228587-68f3-4dd9-8d7c-4236b6c738de" testId="691eb3a3-a73e-41ff-6b2b-39e88e7d8bd1" testName="AddToExportTuples_ShouldReturnCorrectResult (5,0,0)" computerName="DKSR-EFI-06" duration="00:00:00.0040078" startTime="2024-01-09T15:48:45.3131995+01:00" endTime="2024-01-09T15:48:45.3173884+01:00" testType="13cdc9d9-ddb5-4fa4-a97d-d965ccfc6d4b" outcome="Passed" testListId="8c84fa94-04c1-424b-9868-57a2d4851a1d" relativeResultsDirectory="b2228587-68f3-4dd9-8d7c-4236b6c738de" />
    <UnitTestResult executionId="447ed891-374f-4238-b108-98358f012aca" testId="f6cae615-2487-dbea-6964-0ccca1418db3" testName="GetPrivacyMaskTest" computerName="DKSR-EFI-06" duration="00:00:00.0003082" startTime="2024-01-09T15:48:49.5661217+01:00" endTime="2024-01-09T15:48:49.5665568+01:00" testType="13cdc9d9-ddb5-4fa4-a97d-d965ccfc6d4b" outcome="Passed" testListId="8c84fa94-04c1-424b-9868-57a2d4851a1d" relativeResultsDirectory="447ed891-374f-4238-b108-98358f012aca" />
    <UnitTestResult executionId="82f448f8-4f6c-449d-955d-d05226bbf5dc" testId="ec512750-1b3e-ee37-48da-474be022f3c4" testName="OnMarkerRightClicked_ShouldUseCrossTypeMenuItems_WhenInSetupModeAndMultipleItemsFromDifferentLayersAreSelected" computerName="DKSR-EFI-06" duration="00:00:00.0131675" startTime="2024-01-09T15:47:47.1016249+01:00" endTime="2024-01-09T15:47:47.1174669+01:00" testType="13cdc9d9-ddb5-4fa4-a97d-d965ccfc6d4b" outcome="Passed" testListId="8c84fa94-04c1-424b-9868-57a2d4851a1d" relativeResultsDirectory="82f448f8-4f6c-449d-955d-d05226bbf5dc" />
    <UnitTestResult executionId="95c936e0-091d-40de-afe6-5088ca2a94db" testId="0181f0b9-73fd-f503-b29b-b3c042d24b5b" testName="SaveSearchTemplateAsync_ActiveAndSaveSucceeds_Success" computerName="DKSR-EFI-06" duration="00:00:00.0044205" startTime="2024-01-09T15:48:26.0504623+01:00" endTime="2024-01-09T15:48:26.0550351+01:00" testType="13cdc9d9-ddb5-4fa4-a97d-d965ccfc6d4b" outcome="Passed" testListId="8c84fa94-04c1-424b-9868-57a2d4851a1d" relativeResultsDirectory="95c936e0-091d-40de-afe6-5088ca2a94db" />
    <UnitTestResult executionId="36e6ded1-413f-4243-83ec-2b49f956a4d3" testId="a727049e-baa7-2030-caa3-50ce4db896ae" testName="Deserialize_InvalidXml_Error" computerName="DKSR-EFI-06" duration="00:00:00.0012769" startTime="2024-01-09T15:48:26.7988309+01:00" endTime="2024-01-09T15:48:26.8002430+01:00" testType="13cdc9d9-ddb5-4fa4-a97d-d965ccfc6d4b" outcome="Passed" testListId="8c84fa94-04c1-424b-9868-57a2d4851a1d" relativeResultsDirectory="36e6ded1-413f-4243-83ec-2b49f956a4d3" />
    <UnitTestResult executionId="edc38e5b-fde1-4858-948c-821df6986647" testId="8208e4be-3fed-2de3-3add-7c787e622e9d" testName="GisPointToIndexGridPosition_FarWest_Success" computerName="DKSR-EFI-06" duration="00:00:00.0001666" startTime="2024-01-09T15:48:43.7014312+01:00" endTime="2024-01-09T15:48:43.7017327+01:00" testType="13cdc9d9-ddb5-4fa4-a97d-d965ccfc6d4b" outcome="Passed" testListId="8c84fa94-04c1-424b-9868-57a2d4851a1d" relativeResultsDirectory="edc38e5b-fde1-4858-948c-821df6986647" />
    <UnitTestResult executionId="47fba71b-f465-47a8-b41b-ea78dd4cf89a" testId="bcd71d5d-281d-5d3b-7426-e01e3ca8b29e" testName="Compare_ShouldSortByPrimaryEventTime_WhenCombinedResultsAreEquallyRelevant" computerName="DKSR-EFI-06" duration="00:00:00.0013023" startTime="2024-01-09T15:48:26.7655624+01:00" endTime="2024-01-09T15:48:26.7670032+01:00" testType="13cdc9d9-ddb5-4fa4-a97d-d965ccfc6d4b" outcome="Passed" testListId="8c84fa94-04c1-424b-9868-57a2d4851a1d" relativeResultsDirectory="47fba71b-f465-47a8-b41b-ea78dd4cf89a" />
    <UnitTestResult executionId="0fcc389c-666d-4a36-b91a-9a2f3e4c8297" testId="a8a50f03-3329-f171-e632-4989e995a587" testName="SelectionCountDisplayText_MultipleSelectedResults_ReturnsMultipleString" computerName="DKSR-EFI-06" duration="00:00:00.0120566" startTime="2024-01-09T15:48:22.6056790+01:00" endTime="2024-01-09T15:48:22.6178982+01:00" testType="13cdc9d9-ddb5-4fa4-a97d-d965ccfc6d4b" outcome="Passed" testListId="8c84fa94-04c1-424b-9868-57a2d4851a1d" relativeResultsDirectory="0fcc389c-666d-4a36-b91a-9a2f3e4c8297" />
    <UnitTestResult executionId="f6435f8d-c200-4842-a2c3-fc42fcc49dfe" testId="a1232aab-9143-95b0-ed05-58af3d018f0d" testName="ToDenormalizedFieldOfView_1_0" computerName="DKSR-EFI-06" duration="00:00:00.0000813" startTime="2024-01-09T15:48:38.6410697+01:00" endTime="2024-01-09T15:48:38.6412686+01:00" testType="13cdc9d9-ddb5-4fa4-a97d-d965ccfc6d4b" outcome="Passed" testListId="8c84fa94-04c1-424b-9868-57a2d4851a1d" relativeResultsDirectory="f6435f8d-c200-4842-a2c3-fc42fcc49dfe" />
    <UnitTestResult executionId="1cbbc5ea-04cd-43e4-b3da-5c95aab11396" testId="3346e13c-f7e8-cb19-f9f1-938fc47b8c60" testName="ValidateExportFormats_VideoClipFormat_ShouldReturnFailResult_NoAudioToExport" computerName="DKSR-EFI-06" duration="00:00:00.0165735" startTime="2024-01-09T15:47:52.1664521+01:00" endTime="2024-01-09T15:47:52.1831966+01:00" testType="13cdc9d9-ddb5-4fa4-a97d-d965ccfc6d4b" outcome="Passed" testListId="8c84fa94-04c1-424b-9868-57a2d4851a1d" relativeResultsDirectory="1cbbc5ea-04cd-43e4-b3da-5c95aab11396" />
    <UnitTestResult executionId="215fc40b-59c2-431c-a1b5-64c30e4cd354" testId="aa1fb81d-7b98-7b44-90a1-fd0ecea840da" testName="IsProcessing_ClearWhileUnprocessedItems_Success" computerName="DKSR-EFI-06" duration="00:00:00.0012200" startTime="2024-01-09T15:48:26.6255315+01:00" endTime="2024-01-09T15:48:26.6269323+01:00" testType="13cdc9d9-ddb5-4fa4-a97d-d965ccfc6d4b" outcome="Passed" testListId="8c84fa94-04c1-424b-9868-57a2d4851a1d" relativeResultsDirectory="215fc40b-59c2-431c-a1b5-64c30e4cd354" />
    <UnitTestResult executionId="b9cdba0f-2df9-4fa2-8f6d-3d650309754d" testId="edbdb0fc-44d8-43ee-8589-e03588652149" testName="SearchCriteriaFilterValues_ValidatePopupFunctionalityWithUnknownConfiguration_Success" computerName="DKSR-EFI-06" duration="00:00:00.0646487" startTime="2024-01-09T15:48:22.2418003+01:00" endTime="2024-01-09T15:48:22.3092713+01:00" testType="13cdc9d9-ddb5-4fa4-a97d-d965ccfc6d4b" outcome="Passed" testListId="8c84fa94-04c1-424b-9868-57a2d4851a1d" relativeResultsDirectory="b9cdba0f-2df9-4fa2-8f6d-3d650309754d" />
    <UnitTestResult executionId="783a0da1-c10f-4ebd-8538-07ffab42c0fb" testId="f8edaabc-4dde-c771-27c5-00bf75b12606" testName="PatrollingProfileListViewModel_ResolvePresetName_New_Preset" computerName="DKSR-EFI-06" duration="00:00:00.0022866" startTime="2024-01-09T15:48:43.8686095+01:00" endTime="2024-01-09T15:48:43.8710347+01:00" testType="13cdc9d9-ddb5-4fa4-a97d-d965ccfc6d4b" outcome="Passed" testListId="8c84fa94-04c1-424b-9868-57a2d4851a1d" relativeResultsDirectory="783a0da1-c10f-4ebd-8538-07ffab42c0fb" />
    <UnitTestResult executionId="1d26f2dc-d18a-4108-97ef-afb89278b651" testId="800f9645-615e-ad0a-a2cb-53e0d1e48385" testName="GetSearchReportDialog_SelectedSearchResults_SingleResult_Success" computerName="DKSR-EFI-06" duration="00:00:00.1100904" startTime="2024-01-09T15:48:25.4125708+01:00" endTime="2024-01-09T15:48:25.5256355+01:00" testType="13cdc9d9-ddb5-4fa4-a97d-d965ccfc6d4b" outcome="Passed" testListId="8c84fa94-04c1-424b-9868-57a2d4851a1d" relativeResultsDirectory="1d26f2dc-d18a-4108-97ef-afb89278b651" />
    <UnitTestResult executionId="05d42115-fa0d-4c5e-beec-724b8c90a920" testId="bf43b520-f013-6f88-54e2-4da33d00fc9f" testName="PtzSessionController_Unregister_None_Registered_Camera_Test" computerName="DKSR-EFI-06" duration="00:00:00.0012240" startTime="2024-01-09T15:47:43.1760412+01:00" endTime="2024-01-09T15:47:43.1773957+01:00" testType="13cdc9d9-ddb5-4fa4-a97d-d965ccfc6d4b" outcome="Passed" testListId="8c84fa94-04c1-424b-9868-57a2d4851a1d" relativeResultsDirectory="05d42115-fa0d-4c5e-beec-724b8c90a920" />
    <UnitTestResult executionId="857f9aa6-f42f-4274-9c2d-29ddee77ca33" testId="299b8bc8-9ed0-5ee6-8aa2-46e5da15a4a2" testName="UserHasEditPublicSearchPermission_HasEditPermission_ReturnsTrue" computerName="DKSR-EFI-06" duration="00:00:00.0003571" startTime="2024-01-09T15:48:26.0995559+01:00" endTime="2024-01-09T15:48:26.1000407+01:00" testType="13cdc9d9-ddb5-4fa4-a97d-d965ccfc6d4b" outcome="Passed" testListId="8c84fa94-04c1-424b-9868-57a2d4851a1d" relativeResultsDirectory="857f9aa6-f42f-4274-9c2d-29ddee77ca33" />
    <UnitTestResult executionId="8c1653ea-09ff-413a-b841-7b39ce15f86b" testId="814ca95b-3749-a755-e5cd-7c6f8bffd2b6" testName="DeserializeBrokenState_Fail" computerName="DKSR-EFI-06" duration="00:00:00.0216753" startTime="2024-01-09T15:48:52.9037563+01:00" endTime="2024-01-09T15:48:52.9268084+01:00" testType="13cdc9d9-ddb5-4fa4-a97d-d965ccfc6d4b" outcome="Passed" testListId="8c84fa94-04c1-424b-9868-57a2d4851a1d" relativeResultsDirectory="8c1653ea-09ff-413a-b841-7b39ce15f86b" />
    <UnitTestResult executionId="bcf5ac10-2882-4202-bc16-680cec97c84b" testId="921d9e3c-ab04-b579-94ef-518b932d8d46" testName="AddToExportTuples_ShouldAddToExportData (1)" computerName="DKSR-EFI-06" duration="00:00:00.1030961" startTime="2024-01-09T15:48:45.1797735+01:00" endTime="2024-01-09T15:48:45.2830791+01:00" testType="13cdc9d9-ddb5-4fa4-a97d-d965ccfc6d4b" outcome="Passed" testListId="8c84fa94-04c1-424b-9868-57a2d4851a1d" relativeResultsDirectory="bcf5ac10-2882-4202-bc16-680cec97c84b" />
    <UnitTestResult executionId="c57be25a-d166-411c-8f39-198ff73afdd5" testId="77cba9e9-3a3f-2b38-cfa1-fd20ef6dec97" testName="FilterValueHasRegionSelectionForCamera_ShouldReturnTrue_WhenFilterValueDoesHaveRegionSelectionForCamera" computerName="DKSR-EFI-06" duration="00:00:00.0003868" startTime="2024-01-09T15:48:38.1215961+01:00" endTime="2024-01-09T15:48:38.1221159+01:00" testType="13cdc9d9-ddb5-4fa4-a97d-d965ccfc6d4b" outcome="Passed" testListId="8c84fa94-04c1-424b-9868-57a2d4851a1d" relativeResultsDirectory="c57be25a-d166-411c-8f39-198ff73afdd5" />
    <UnitTestResult executionId="7a9fca62-08e1-408f-ba1b-1edde7ba71e4" testId="729824cb-41bb-e743-d160-027404f863b6" testName="AddToExportTuples_ShouldAddToExportData (0)" computerName="DKSR-EFI-06" duration="00:00:00.0054199" startTime="2024-01-09T15:48:45.1735986+01:00" endTime="2024-01-09T15:48:45.1792568+01:00" testType="13cdc9d9-ddb5-4fa4-a97d-d965ccfc6d4b" outcome="Passed" testListId="8c84fa94-04c1-424b-9868-57a2d4851a1d" relativeResultsDirectory="7a9fca62-08e1-408f-ba1b-1edde7ba71e4" />
    <UnitTestResult executionId="a472e0f5-a12e-41b4-82c4-68a302e547be" testId="84f87709-ca75-b015-fe61-63a08c2421fb" testName="PatrollingPresetViewModel_Constructor_ArgumentNull" computerName="DKSR-EFI-06" duration="00:00:00.0001497" startTime="2024-01-09T15:48:43.7932622+01:00" endTime="2024-01-09T15:48:43.7935414+01:00" testType="13cdc9d9-ddb5-4fa4-a97d-d965ccfc6d4b" outcome="Passed" testListId="8c84fa94-04c1-424b-9868-57a2d4851a1d" relativeResultsDirectory="a472e0f5-a12e-41b4-82c4-68a302e547be" />
    <UnitTestResult executionId="32be1b8a-748e-4070-9bf8-7bf4c8cd9494" testId="9121a1cd-2d02-27fe-e6a5-6751e2d93e61" testName="ShouldExposeCalculatedValues" computerName="DKSR-EFI-06" duration="00:00:00.0032266" startTime="2024-01-09T15:47:49.8653120+01:00" endTime="2024-01-09T15:47:49.8686710+01:00" testType="13cdc9d9-ddb5-4fa4-a97d-d965ccfc6d4b" outcome="Passed" testListId="8c84fa94-04c1-424b-9868-57a2d4851a1d" relativeResultsDirectory="32be1b8a-748e-4070-9bf8-7bf4c8cd9494" />
    <UnitTestResult executionId="a11f47f4-096e-4900-a925-78cd083b8b23" testId="eb5a9d83-2458-0842-7b16-6cd517958096" testName="Session_Built" computerName="DKSR-EFI-06" duration="00:00:00.1213857" startTime="2024-01-09T15:48:51.8051270+01:00" endTime="2024-01-09T15:48:51.9306254+01:00" testType="13cdc9d9-ddb5-4fa4-a97d-d965ccfc6d4b" outcome="Passed" testListId="8c84fa94-04c1-424b-9868-57a2d4851a1d" relativeResultsDirectory="a11f47f4-096e-4900-a925-78cd083b8b23" />
    <UnitTestResult executionId="4baff05f-2f53-4c9f-a334-34782281d11d" testId="720fe66f-b8b5-d4e5-7a83-b546dcd33e63" testName="PatrollingProfileListViewModel_AddProfileCommand" computerName="DKSR-EFI-06" duration="00:00:00.0016950" startTime="2024-01-09T15:48:43.8438950+01:00" endTime="2024-01-09T15:48:43.8457459+01:00" testType="13cdc9d9-ddb5-4fa4-a97d-d965ccfc6d4b" outcome="Passed" testListId="8c84fa94-04c1-424b-9868-57a2d4851a1d" relativeResultsDirectory="4baff05f-2f53-4c9f-a334-34782281d11d" />
    <UnitTestResult executionId="edc96316-641b-43d3-96dd-970131c19fd7" testId="317e86cb-de5d-7ed1-da85-650314a8d400" testName="NavigateAndSelectAsync_DeselectCamera_ReCenterCommandEnabled" computerName="DKSR-EFI-06" duration="00:00:00.0209117" startTime="2024-01-09T15:47:45.6252743+01:00" endTime="2024-01-09T15:47:45.6490573+01:00" testType="13cdc9d9-ddb5-4fa4-a97d-d965ccfc6d4b" outcome="Passed" testListId="8c84fa94-04c1-424b-9868-57a2d4851a1d" relativeResultsDirectory="edc96316-641b-43d3-96dd-970131c19fd7" />
    <UnitTestResult executionId="cabc36e4-62b3-4250-bb9e-8a74c689134d" testId="1079a229-fd63-4e8b-6131-749f5fa842df" testName="ConvertBack_ShouldRaiseInvalidCastException_WhenValueIsNotABoolean" computerName="DKSR-EFI-06" duration="00:00:00.0004390" startTime="2024-01-09T15:47:44.4177301+01:00" endTime="2024-01-09T15:47:44.4183746+01:00" testType="13cdc9d9-ddb5-4fa4-a97d-d965ccfc6d4b" outcome="Passed" testListId="8c84fa94-04c1-424b-9868-57a2d4851a1d" relativeResultsDirectory="cabc36e4-62b3-4250-bb9e-8a74c689134d" />
    <UnitTestResult executionId="461c678d-a98f-42b5-b157-eb720bf6ff08" testId="1cf78aaf-7e14-43de-6645-da2adf43991c" testName="Perform_ActionLongAfterFirst_Success" computerName="DKSR-EFI-06" duration="00:00:00.0010470" startTime="2024-01-09T15:47:43.2526113+01:00" endTime="2024-01-09T15:47:43.2538338+01:00" testType="13cdc9d9-ddb5-4fa4-a97d-d965ccfc6d4b" outcome="Passed" testListId="8c84fa94-04c1-424b-9868-57a2d4851a1d" relativeResultsDirectory="461c678d-a98f-42b5-b157-eb720bf6ff08" />
    <UnitTestResult executionId="441f42fe-9005-49bd-8d2f-143ab2c8d4d1" testId="76910e07-84c2-5cad-3bab-54e8df118d90" testName="Path enabled, not forced" computerName="DKSR-EFI-06" duration="00:00:00.0049109" startTime="2024-01-09T15:47:51.3889752+01:00" endTime="2024-01-09T15:47:51.3941562+01:00" testType="13cdc9d9-ddb5-4fa4-a97d-d965ccfc6d4b" outcome="Passed" testListId="8c84fa94-04c1-424b-9868-57a2d4851a1d" relativeResultsDirectory="441f42fe-9005-49bd-8d2f-143ab2c8d4d1" />
    <UnitTestResult executionId="e31fa5a1-0694-4a99-9e9c-b1d06e3b88ee" testId="3a19b5c0-1365-ca23-ee7f-bd0c0b6da0fe" testName="AddToExportDevices_ShouldAddToExportData (0)" computerName="DKSR-EFI-06" duration="00:00:00.0041815" startTime="2024-01-09T15:48:45.3641627+01:00" endTime="2024-01-09T15:48:45.3685121+01:00" testType="13cdc9d9-ddb5-4fa4-a97d-d965ccfc6d4b" outcome="Passed" testListId="8c84fa94-04c1-424b-9868-57a2d4851a1d" relativeResultsDirectory="e31fa5a1-0694-4a99-9e9c-b1d06e3b88ee" />
    <UnitTestResult executionId="77d3ce57-e196-4cdc-bc32-6d878740bd5f" testId="4b3691e7-07b6-0fb9-2d54-63140b399b3d" testName="PerformAction_Success" computerName="DKSR-EFI-06" duration="00:00:00.0024983" startTime="2024-01-09T15:47:49.7226775+01:00" endTime="2024-01-09T15:47:49.7252977+01:00" testType="13cdc9d9-ddb5-4fa4-a97d-d965ccfc6d4b" outcome="Passed" testListId="8c84fa94-04c1-424b-9868-57a2d4851a1d" relativeResultsDirectory="77d3ce57-e196-4cdc-bc32-6d878740bd5f" />
    <UnitTestResult executionId="129d5e1e-7496-4abc-bb7a-a09f48f34b96" testId="626588a6-8954-1a80-be96-bc32494f9793" testName="SearchResultCombineType_ShouldNotSetSearchTemplateAsModified_WhenValueChangesAndSearchTemplateIsNotActive" computerName="DKSR-EFI-06" duration="00:00:00.0057714" startTime="2024-01-09T15:48:25.3451601+01:00" endTime="2024-01-09T15:48:25.3510834+01:00" testType="13cdc9d9-ddb5-4fa4-a97d-d965ccfc6d4b" outcome="Passed" testListId="8c84fa94-04c1-424b-9868-57a2d4851a1d" relativeResultsDirectory="129d5e1e-7496-4abc-bb7a-a09f48f34b96" />
    <UnitTestResult executionId="7a42c4dc-a190-4d3b-ba56-beefe4ae3642" testId="1e845a4d-c6af-6717-84e9-62ec3d2affe9" testName="ShouldCameraListItemBeEnabledForCamera_ShouldReturnFalse_WhenSmartSearchIsNotAllowedForTheCamera" computerName="DKSR-EFI-06" duration="00:00:00.0034649" startTime="2024-01-09T15:48:38.1233305+01:00" endTime="2024-01-09T15:48:38.1269704+01:00" testType="13cdc9d9-ddb5-4fa4-a97d-d965ccfc6d4b" outcome="Passed" testListId="8c84fa94-04c1-424b-9868-57a2d4851a1d" relativeResultsDirectory="7a42c4dc-a190-4d3b-ba56-beefe4ae3642" />
    <UnitTestResult executionId="8c809fb7-7bab-4d94-997d-20b9f5c0ee63" testId="29c77f9c-4048-1470-9159-cedbe420b5fd" testName="Ctor_NullMessage_ThrowsException" computerName="DKSR-EFI-06" duration="00:00:00.0002543" startTime="2024-01-09T15:48:44.9840538+01:00" endTime="2024-01-09T15:48:44.9844674+01:00" testType="13cdc9d9-ddb5-4fa4-a97d-d965ccfc6d4b" outcome="Passed" testListId="8c84fa94-04c1-424b-9868-57a2d4851a1d" relativeResultsDirectory="8c809fb7-7bab-4d94-997d-20b9f5c0ee63" />
    <UnitTestResult executionId="c7994aa9-0b41-4d8c-a86d-2f7c3a728a32" testId="234ad1b4-c3ca-386c-029e-422d8061eab6" testName="DeleteItems_ShouldOnlyHandleMipMapItems_WhenCalled" computerName="DKSR-EFI-06" duration="00:00:00.0516691" startTime="2024-01-09T15:48:41.2791600+01:00" endTime="2024-01-09T15:48:41.3310215+01:00" testType="13cdc9d9-ddb5-4fa4-a97d-d965ccfc6d4b" outcome="Passed" testListId="8c84fa94-04c1-424b-9868-57a2d4851a1d" relativeResultsDirectory="c7994aa9-0b41-4d8c-a86d-2f7c3a728a32" />
    <UnitTestResult executionId="879e4690-c2a0-4b72-b0db-661b84b312fe" testId="3073894f-f138-694b-5154-436b92ff7cb8" testName="UpdateSearchAttributes_MultipleFiltersWithValues_Added" computerName="DKSR-EFI-06" duration="00:00:00.0011746" startTime="2024-01-09T15:48:22.4279338+01:00" endTime="2024-01-09T15:48:22.4292429+01:00" testType="13cdc9d9-ddb5-4fa4-a97d-d965ccfc6d4b" outcome="Passed" testListId="8c84fa94-04c1-424b-9868-57a2d4851a1d" relativeResultsDirectory="879e4690-c2a0-4b72-b0db-661b84b312fe" />
    <UnitTestResult executionId="54e88f51-46da-4cad-8b64-24ac508f73f5" testId="048d6a52-6981-f00b-b420-3b6a2fb00ce8" testName="SetMapItemCluster_ShouldClearIcon_WhenSuperCluster" computerName="DKSR-EFI-06" duration="00:00:00.0316710" startTime="2024-01-09T15:47:48.9167421+01:00" endTime="2024-01-09T15:47:48.9513974+01:00" testType="13cdc9d9-ddb5-4fa4-a97d-d965ccfc6d4b" outcome="Passed" testListId="8c84fa94-04c1-424b-9868-57a2d4851a1d" relativeResultsDirectory="54e88f51-46da-4cad-8b64-24ac508f73f5" />
    <UnitTestResult executionId="51df5970-accf-41b2-935d-db22b5f93af5" testId="b7e67eb3-5e37-470d-ad59-462ac69a420c" testName="Compare_SameBeginTimeDeterministicBehavior_Id_Success" computerName="DKSR-EFI-06" duration="00:00:00.0010799" startTime="2024-01-09T15:48:26.7520954+01:00" endTime="2024-01-09T15:48:26.7533089+01:00" testType="13cdc9d9-ddb5-4fa4-a97d-d965ccfc6d4b" outcome="Passed" testListId="8c84fa94-04c1-424b-9868-57a2d4851a1d" relativeResultsDirectory="51df5970-accf-41b2-935d-db22b5f93af5" />
    <UnitTestResult executionId="fc7fa4f6-0c05-49e7-ad68-81698e3372db" testId="8db91f9d-1fce-7008-7fb4-f88012013950" testName="ClearSelectedCamerasCommand_WithActiveSearchTemplate_ActiveSearchTemplateModifiedSet" computerName="DKSR-EFI-06" duration="00:00:00.0060299" startTime="2024-01-09T15:48:24.8134144+01:00" endTime="2024-01-09T15:48:24.8195898+01:00" testType="13cdc9d9-ddb5-4fa4-a97d-d965ccfc6d4b" outcome="Passed" testListId="8c84fa94-04c1-424b-9868-57a2d4851a1d" relativeResultsDirectory="fc7fa4f6-0c05-49e7-ad68-81698e3372db" />
    <UnitTestResult executionId="5931a3f0-b385-44fc-9793-89e4e981c513" testId="936773db-b795-e78b-bd48-047185555c32" testName="ValidateExportLocation_ShouldReturnFailResult_ExportFolderIsIllegal (False,False)" computerName="DKSR-EFI-06" duration="00:00:00.0099565" startTime="2024-01-09T15:47:52.0898946+01:00" endTime="2024-01-09T15:47:52.1000716+01:00" testType="13cdc9d9-ddb5-4fa4-a97d-d965ccfc6d4b" outcome="Passed" testListId="8c84fa94-04c1-424b-9868-57a2d4851a1d" relativeResultsDirectory="5931a3f0-b385-44fc-9793-89e4e981c513" />
    <UnitTestResult executionId="adb96f2e-6497-4082-aa49-d1fc09ed7f5d" testId="50eff704-edc5-bb65-d2be-7ddc270e7a86" testName="New_related_device_added_when_unrelated_camera_added" computerName="DKSR-EFI-06" duration="00:00:00.0025845" startTime="2024-01-09T15:48:52.4991270+01:00" endTime="2024-01-09T15:48:52.5019403+01:00" testType="13cdc9d9-ddb5-4fa4-a97d-d965ccfc6d4b" outcome="Passed" testListId="8c84fa94-04c1-424b-9868-57a2d4851a1d" relativeResultsDirectory="adb96f2e-6497-4082-aa49-d1fc09ed7f5d" />
    <UnitTestResult executionId="880d72c6-9597-417f-ad39-3116fc5e8716" testId="a68d8bd1-83c1-7dcf-88ae-373561151afd" testName="OnLayersRetrieved_ShouldSetComponentsToInput_WhenLayersCollectionContainsInput" computerName="DKSR-EFI-06" duration="00:00:00.0100166" startTime="2024-01-09T15:47:45.1131390+01:00" endTime="2024-01-09T15:47:45.1259670+01:00" testType="13cdc9d9-ddb5-4fa4-a97d-d965ccfc6d4b" outcome="Passed" testListId="8c84fa94-04c1-424b-9868-57a2d4851a1d" relativeResultsDirectory="880d72c6-9597-417f-ad39-3116fc5e8716" />
    <UnitTestResult executionId="75192c88-245d-4c8e-a7ad-8a937bae306c" testId="3d5c9967-0460-2f6a-3450-76146b434884" testName="LoadBoundingShapes_Cancelled_NoBoundingShapesAddedToUI" computerName="DKSR-EFI-06" duration="00:00:00.0157055" startTime="2024-01-09T15:48:37.8906196+01:00" endTime="2024-01-09T15:48:37.9090909+01:00" testType="13cdc9d9-ddb5-4fa4-a97d-d965ccfc6d4b" outcome="Passed" testListId="8c84fa94-04c1-424b-9868-57a2d4851a1d" relativeResultsDirectory="75192c88-245d-4c8e-a7ad-8a937bae306c" />
    <UnitTestResult executionId="a3b481bd-75a8-4ba4-8444-699446cca66c" testId="5725dc6b-38b3-44b7-6936-015732fd6b4c" testName="NavigateAndSelectAsync_SelectAnotherCamera_ReCenterCommandEnabled" computerName="DKSR-EFI-06" duration="00:00:00.0332245" startTime="2024-01-09T15:47:45.6495962+01:00" endTime="2024-01-09T15:47:45.6855234+01:00" testType="13cdc9d9-ddb5-4fa4-a97d-d965ccfc6d4b" outcome="Passed" testListId="8c84fa94-04c1-424b-9868-57a2d4851a1d" relativeResultsDirectory="a3b481bd-75a8-4ba4-8444-699446cca66c" />
    <UnitTestResult executionId="b15e96b7-b755-4783-abd4-cb16c5aa649d" testId="45576843-c696-061d-15e3-1a981d4c54b2" testName="SmartMapGoToLocationHandler_WhenDataIsNotSmartMapGoToLocationCommandData_ShouldWriteToLog" computerName="DKSR-EFI-06" duration="00:00:00.0012577" startTime="2024-01-09T15:47:49.6716774+01:00" endTime="2024-01-09T15:47:49.6730721+01:00" testType="13cdc9d9-ddb5-4fa4-a97d-d965ccfc6d4b" outcome="Passed" testListId="8c84fa94-04c1-424b-9868-57a2d4851a1d" relativeResultsDirectory="b15e96b7-b755-4783-abd4-cb16c5aa649d" />
    <UnitTestResult executionId="c7249c97-f166-4eaf-bc94-06358c4279b9" testId="52708fc0-86f2-693c-d699-4f89eda92f77" testName="Toolbar_IsVisible_WhenNotInLiveOrPlayback_ReactsTo_WindowStateChange" computerName="DKSR-EFI-06" duration="00:00:00.0269791" startTime="2024-01-09T15:48:44.9158446+01:00" endTime="2024-01-09T15:48:44.9429995+01:00" testType="13cdc9d9-ddb5-4fa4-a97d-d965ccfc6d4b" outcome="Passed" testListId="8c84fa94-04c1-424b-9868-57a2d4851a1d" relativeResultsDirectory="c7249c97-f166-4eaf-bc94-06358c4279b9" />
    <UnitTestResult executionId="2fb858f3-c8d7-4e1f-a479-b29d90c56463" testId="7540b45d-6ef8-10a5-03bf-82e202908376" testName="BoundingBoxPlaybackNoPlaybackHandler" computerName="DKSR-EFI-06" duration="00:00:00.0019225" startTime="2024-01-09T15:48:46.8035582+01:00" endTime="2024-01-09T15:48:46.8056301+01:00" testType="13cdc9d9-ddb5-4fa4-a97d-d965ccfc6d4b" outcome="Passed" testListId="8c84fa94-04c1-424b-9868-57a2d4851a1d" relativeResultsDirectory="2fb858f3-c8d7-4e1f-a479-b29d90c56463" />
    <UnitTestResult executionId="bb8685dc-b2e0-4381-953b-5ad49a490772" testId="12b1647d-efe3-c366-079d-2236800d0935" testName="SearchResultsActionBarActions_Export_OptionAvailable_Enabled" computerName="DKSR-EFI-06" duration="00:00:00.0068066" startTime="2024-01-09T15:48:22.8425832+01:00" endTime="2024-01-09T15:48:22.8495525+01:00" testType="13cdc9d9-ddb5-4fa4-a97d-d965ccfc6d4b" outcome="Passed" testListId="8c84fa94-04c1-424b-9868-57a2d4851a1d" relativeResultsDirectory="bb8685dc-b2e0-4381-953b-5ad49a490772" />
    <UnitTestResult executionId="bce31a8f-bd9e-4bb9-aee3-2524a66a0edb" testId="4b4d5e86-475e-c148-8766-115d68041442" testName="Constructor_ShouldRaiseArgumentNullException_WhenLayersIsNull" computerName="DKSR-EFI-06" duration="00:00:00.0062041" startTime="2024-01-09T15:47:51.1028272+01:00" endTime="2024-01-09T15:47:51.1092948+01:00" testType="13cdc9d9-ddb5-4fa4-a97d-d965ccfc6d4b" outcome="Passed" testListId="8c84fa94-04c1-424b-9868-57a2d4851a1d" relativeResultsDirectory="bce31a8f-bd9e-4bb9-aee3-2524a66a0edb" />
    <UnitTestResult executionId="53fd2a27-ddd2-484e-b87a-15762aefcc47" testId="8f19814e-6231-9ee7-d114-fdf6c35f1f79" testName="CreateExportDialog_CannotSelectExportToOptics_WithoutPrerequisitesSatisfied" computerName="DKSR-EFI-06" duration="00:00:00.0105270" startTime="2024-01-09T15:47:51.3265596+01:00" endTime="2024-01-09T15:47:51.3372651+01:00" testType="13cdc9d9-ddb5-4fa4-a97d-d965ccfc6d4b" outcome="Passed" testListId="8c84fa94-04c1-424b-9868-57a2d4851a1d" relativeResultsDirectory="53fd2a27-ddd2-484e-b87a-15762aefcc47" />
    <UnitTestResult executionId="15d98332-5dbf-4944-904d-eab716a3c6bd" testId="a2522359-b2a2-5229-47e0-a441d8ac2c1e" testName="Decorate_ShouldRaiseArgumentNullException_WhenLayerVisibilityItemDataIsNull" computerName="DKSR-EFI-06" duration="00:00:00.0003390" startTime="2024-01-09T15:47:45.9165653+01:00" endTime="2024-01-09T15:47:45.9170413+01:00" testType="13cdc9d9-ddb5-4fa4-a97d-d965ccfc6d4b" outcome="Passed" testListId="8c84fa94-04c1-424b-9868-57a2d4851a1d" relativeResultsDirectory="15d98332-5dbf-4944-904d-eab716a3c6bd" />
    <UnitTestResult executionId="882e6578-fd6b-4658-a70c-1558684e31ea" testId="c4b0d9bd-4b80-996e-41b7-0bd28fc67a52" testName="SearchResultsActionBarActions_CreateSnapshot_OptionAvailable_Enabled" computerName="DKSR-EFI-06" duration="00:00:00.0073985" startTime="2024-01-09T15:48:23.1435379+01:00" endTime="2024-01-09T15:48:23.1511074+01:00" testType="13cdc9d9-ddb5-4fa4-a97d-d965ccfc6d4b" outcome="Passed" testListId="8c84fa94-04c1-424b-9868-57a2d4851a1d" relativeResultsDirectory="882e6578-fd6b-4658-a70c-1558684e31ea" />
    <UnitTestResult executionId="de9df2f0-f849-4aa0-9cba-0ccf9bcc8183" testId="aaab9dde-be84-0ade-c90f-e582e149ad8f" testName="MoveToTop_ShouldMoveMarkerTopmost_WhenClusterMarkerMovedToTopBeforehand" computerName="DKSR-EFI-06" duration="00:00:00.0058686" startTime="2024-01-09T15:47:46.2998767+01:00" endTime="2024-01-09T15:47:46.3086703+01:00" testType="13cdc9d9-ddb5-4fa4-a97d-d965ccfc6d4b" outcome="Passed" testListId="8c84fa94-04c1-424b-9868-57a2d4851a1d" relativeResultsDirectory="de9df2f0-f849-4aa0-9cba-0ccf9bcc8183" />
    <UnitTestResult executionId="fbb4f25a-ac06-45c1-9441-348108aacd03" testId="f47f6c44-9fa8-d010-756e-7b3d112428c4" testName="UpdateScope_FromTimeChangedWithNullScopeDuration_ReturnsTrue" computerName="DKSR-EFI-06" duration="00:00:00.0001480" startTime="2024-01-09T15:48:26.6646513+01:00" endTime="2024-01-09T15:48:26.6649805+01:00" testType="13cdc9d9-ddb5-4fa4-a97d-d965ccfc6d4b" outcome="Passed" testListId="8c84fa94-04c1-424b-9868-57a2d4851a1d" relativeResultsDirectory="fbb4f25a-ac06-45c1-9441-348108aacd03" />
    <UnitTestResult executionId="1adefe13-ef1c-4ccb-85aa-70d9de527348" testId="9a20c48e-d269-b782-9e2c-26946688cee6" testName="BoundingBoxClear" computerName="DKSR-EFI-06" duration="00:00:00.0045040" startTime="2024-01-09T15:48:46.7899878+01:00" endTime="2024-01-09T15:48:46.7946500+01:00" testType="13cdc9d9-ddb5-4fa4-a97d-d965ccfc6d4b" outcome="Passed" testListId="8c84fa94-04c1-424b-9868-57a2d4851a1d" relativeResultsDirectory="1adefe13-ef1c-4ccb-85aa-70d9de527348" />
    <UnitTestResult executionId="5773641e-f7a8-42b7-9297-7994e1743601" testId="8bf4ac3f-d50d-8962-2b87-11176401d4e7" testName="ResolveSearchDefinitions_ShouldReturnResultSearchDefinition_WhenSingleSearchResultAndEmptySearchDefinitionsAreGiven" computerName="DKSR-EFI-06" duration="00:00:00.0004009" startTime="2024-01-09T15:48:25.9915413+01:00" endTime="2024-01-09T15:48:25.9920832+01:00" testType="13cdc9d9-ddb5-4fa4-a97d-d965ccfc6d4b" outcome="Passed" testListId="8c84fa94-04c1-424b-9868-57a2d4851a1d" relativeResultsDirectory="5773641e-f7a8-42b7-9297-7994e1743601" />
    <UnitTestResult executionId="a3ad6dc5-81c5-4209-b715-aaf7707d6fb7" testId="efaca709-8a13-6b06-ae96-68d58720423e" testName="DrawCore_ShouldRemoveAllTransientMarkers_WhenNoTransientItemsToDisplay" computerName="DKSR-EFI-06" duration="00:00:00.0103326" startTime="2024-01-09T15:47:46.5584220+01:00" endTime="2024-01-09T15:47:46.5715023+01:00" testType="13cdc9d9-ddb5-4fa4-a97d-d965ccfc6d4b" outcome="Passed" testListId="8c84fa94-04c1-424b-9868-57a2d4851a1d" relativeResultsDirectory="a3ad6dc5-81c5-4209-b715-aaf7707d6fb7" />
    <UnitTestResult executionId="3d6e3fcc-23d6-450b-8147-671c692cfaf8" testId="96d03a8b-2bb7-344f-928f-f0c6a7f00e22" testName="UserName_ShouldThrow_InvalidOperationException_WhenConstructedUsingExternal" computerName="DKSR-EFI-06" duration="00:00:00.0005872" startTime="2024-01-09T15:47:43.3820548+01:00" endTime="2024-01-09T15:47:43.3827678+01:00" testType="13cdc9d9-ddb5-4fa4-a97d-d965ccfc6d4b" outcome="Passed" testListId="8c84fa94-04c1-424b-9868-57a2d4851a1d" relativeResultsDirectory="3d6e3fcc-23d6-450b-8147-671c692cfaf8" />
    <UnitTestResult executionId="db7cd1c5-dad6-422b-bcb6-df8fe0ef29f7" testId="b8dcd7c2-d643-4004-06b6-71dd24bea1c1" testName="CameraMapItem_AddWithViewZone_EvsServer_Success" computerName="DKSR-EFI-06" duration="00:00:00.0745358" startTime="2024-01-09T15:48:39.2020676+01:00" endTime="2024-01-09T15:48:39.2768469+01:00" testType="13cdc9d9-ddb5-4fa4-a97d-d965ccfc6d4b" outcome="Passed" testListId="8c84fa94-04c1-424b-9868-57a2d4851a1d" relativeResultsDirectory="db7cd1c5-dad6-422b-bcb6-df8fe0ef29f7" />
    <UnitTestResult executionId="2facb8ee-175c-4a03-9953-539b77c7f655" testId="80d36421-2cec-943f-7f34-60be14e9a632" testName="DeleteIndexFor_Milestone_ItemsAreInGlobalCluster" computerName="DKSR-EFI-06" duration="00:00:00.0942292" startTime="2024-01-09T15:48:43.4737643+01:00" endTime="2024-01-09T15:48:43.5681930+01:00" testType="13cdc9d9-ddb5-4fa4-a97d-d965ccfc6d4b" outcome="Passed" testListId="8c84fa94-04c1-424b-9868-57a2d4851a1d" relativeResultsDirectory="2facb8ee-175c-4a03-9953-539b77c7f655" />
    <UnitTestResult executionId="16d2f6f7-a548-450e-9f39-0f0f91230133" testId="72a98ab7-40b5-c78d-22d4-3cffe98aa29f" testName="Deserialize_FilterIdMissing_Error" computerName="DKSR-EFI-06" duration="00:00:00.0012610" startTime="2024-01-09T15:48:26.8206500+01:00" endTime="2024-01-09T15:48:26.8220424+01:00" testType="13cdc9d9-ddb5-4fa4-a97d-d965ccfc6d4b" outcome="Passed" testListId="8c84fa94-04c1-424b-9868-57a2d4851a1d" relativeResultsDirectory="16d2f6f7-a548-450e-9f39-0f0f91230133" />
    <UnitTestResult executionId="04977bee-79aa-4824-9ec4-10cff2dae48b" testId="17b36dbd-a0b1-7dd9-4d17-df2b3239cefc" testName="DetermineUserAllowsUnsecureConnection_WhereUserIsAskedAndUnsecureIsNotAllow_ShouldReturnFalse" computerName="DKSR-EFI-06" duration="00:00:00.4189524" startTime="2024-01-09T15:47:41.2195001+01:00" endTime="2024-01-09T15:47:41.6394980+01:00" testType="13cdc9d9-ddb5-4fa4-a97d-d965ccfc6d4b" outcome="Passed" testListId="8c84fa94-04c1-424b-9868-57a2d4851a1d" relativeResultsDirectory="04977bee-79aa-4824-9ec4-10cff2dae48b" />
    <UnitTestResult executionId="b9fdd17f-5cb1-4d61-bf08-e0a77383bbdd" testId="c5afb81b-9473-e705-4713-ff021498a318" testName="CreateDefinition_ValidCategory_SearchStarted" computerName="DKSR-EFI-06" duration="00:00:00.0154183" startTime="2024-01-09T15:48:26.2953276+01:00" endTime="2024-01-09T15:48:26.3108843+01:00" testType="13cdc9d9-ddb5-4fa4-a97d-d965ccfc6d4b" outcome="Passed" testListId="8c84fa94-04c1-424b-9868-57a2d4851a1d" relativeResultsDirectory="b9fdd17f-5cb1-4d61-bf08-e0a77383bbdd" />
    <UnitTestResult executionId="acb30f5f-e44e-44a6-a3c9-93093b066911" testId="f8f6e293-a84f-8369-75b0-8cd14fb32ce3" testName="MicrophoneItemsLayer_NotIsGeographic_Load_Success" computerName="DKSR-EFI-06" duration="00:00:00.0107308" startTime="2024-01-09T15:48:38.7095028+01:00" endTime="2024-01-09T15:48:38.7204033+01:00" testType="13cdc9d9-ddb5-4fa4-a97d-d965ccfc6d4b" outcome="Passed" testListId="8c84fa94-04c1-424b-9868-57a2d4851a1d" relativeResultsDirectory="acb30f5f-e44e-44a6-a3c9-93093b066911" />
    <UnitTestResult executionId="d1c330d3-9807-4614-8216-5b45ed88c7ec" testId="9436abbf-5e35-6c76-dd3c-5e8e30ea43e2" testName="LeftButtonDown_DoubleClickNoZoomHandler_DoesNotCrash" computerName="DKSR-EFI-06" duration="00:00:00.0072149" startTime="2024-01-09T15:47:46.0002664+01:00" endTime="2024-01-09T15:47:46.0101094+01:00" testType="13cdc9d9-ddb5-4fa4-a97d-d965ccfc6d4b" outcome="Passed" testListId="8c84fa94-04c1-424b-9868-57a2d4851a1d" relativeResultsDirectory="d1c330d3-9807-4614-8216-5b45ed88c7ec" />
    <UnitTestResult executionId="f9d6f824-2ffc-483e-a9b7-fd60b78a3a80" testId="a3a279c4-f3f7-95fe-94ce-1de6e3205e7e" testName="ValueWithFallbackConverterTests_Convert_FirstValueNull_SecondValueNull_Failure" computerName="DKSR-EFI-06" duration="00:00:00.0001365" startTime="2024-01-09T15:48:10.3618334+01:00" endTime="2024-01-09T15:48:10.3620937+01:00" testType="13cdc9d9-ddb5-4fa4-a97d-d965ccfc6d4b" outcome="Passed" testListId="8c84fa94-04c1-424b-9868-57a2d4851a1d" relativeResultsDirectory="f9d6f824-2ffc-483e-a9b7-fd60b78a3a80" />
    <UnitTestResult executionId="6e27701c-1eb3-41c6-8b13-d03f8152c4de" testId="c0d12a95-e15f-6166-5a13-d922c014e85f" testName="SupportsDoubleClick_ShouldBeFalse_WhenInteractionStateIsNotNormalOrNewDevice" computerName="DKSR-EFI-06" duration="00:00:00.0465250" startTime="2024-01-09T15:47:49.3828070+01:00" endTime="2024-01-09T15:47:49.4323405+01:00" testType="13cdc9d9-ddb5-4fa4-a97d-d965ccfc6d4b" outcome="Passed" testListId="8c84fa94-04c1-424b-9868-57a2d4851a1d" relativeResultsDirectory="6e27701c-1eb3-41c6-8b13-d03f8152c4de" />
    <UnitTestResult executionId="6f687271-36fe-48b6-a5b2-60dd4f3342df" testId="92da1333-fabd-2900-5a70-ee9fd98edfc4" testName="DeviceIcons_ShouldNotBeEmpty_WhenCalled" computerName="DKSR-EFI-06" duration="00:00:00.0001897" startTime="2024-01-09T15:48:40.8019046+01:00" endTime="2024-01-09T15:48:40.8022548+01:00" testType="13cdc9d9-ddb5-4fa4-a97d-d965ccfc6d4b" outcome="Passed" testListId="8c84fa94-04c1-424b-9868-57a2d4851a1d" relativeResultsDirectory="6f687271-36fe-48b6-a5b2-60dd4f3342df" />
    <UnitTestResult executionId="121b6c02-a18e-44cc-b88e-0449abcc3ad6" testId="e2ce302e-d97a-5953-2969-daecd520b54e" testName="AddToExportTuples_ShouldReturnCorrectResult (1,1,0)" computerName="DKSR-EFI-06" duration="00:00:00.0020889" startTime="2024-01-09T15:48:45.3060275+01:00" endTime="2024-01-09T15:48:45.3082775+01:00" testType="13cdc9d9-ddb5-4fa4-a97d-d965ccfc6d4b" outcome="Passed" testListId="8c84fa94-04c1-424b-9868-57a2d4851a1d" relativeResultsDirectory="121b6c02-a18e-44cc-b88e-0449abcc3ad6" />
    <UnitTestResult executionId="fa4ce8e8-b41f-4265-bdce-f7a4da74225f" testId="65b86002-200e-c55e-a53f-146aec337152" testName="ScWorkSpaceModeChangedEvent_ShouldSetDeviceIsDisabledToTrue_WhenSwitchingToBrowseMode" computerName="DKSR-EFI-06" duration="00:00:00.0204076" startTime="2024-01-09T15:48:41.3706742+01:00" endTime="2024-01-09T15:48:41.3938451+01:00" testType="13cdc9d9-ddb5-4fa4-a97d-d965ccfc6d4b" outcome="Passed" testListId="8c84fa94-04c1-424b-9868-57a2d4851a1d" relativeResultsDirectory="fa4ce8e8-b41f-4265-bdce-f7a4da74225f" />
    <UnitTestResult executionId="69bb5432-fb26-4e35-ad09-cbce84518123" testId="2c8890ce-c89d-6a9e-b8c6-3ef6c4bffec5" testName="IsDeviceSupported_ShouldReturnTrue_WhenMicrophoneKind" computerName="DKSR-EFI-06" duration="00:00:00.0001453" startTime="2024-01-09T15:47:51.1013958+01:00" endTime="2024-01-09T15:47:51.1016518+01:00" testType="13cdc9d9-ddb5-4fa4-a97d-d965ccfc6d4b" outcome="Passed" testListId="8c84fa94-04c1-424b-9868-57a2d4851a1d" relativeResultsDirectory="69bb5432-fb26-4e35-ad09-cbce84518123" />
    <UnitTestResult executionId="9d5a5536-6cbb-4258-a498-d5b01c0e6cda" testId="87d4d6f3-e417-2505-d5bd-2afd34871ea6" testName="TryGetOsmServerTileAddress_ShouldSetEmptyAddress_WhenOsmServerAddressIsInvalid" computerName="DKSR-EFI-06" duration="00:00:00.0002138" startTime="2024-01-09T15:48:43.0209645+01:00" endTime="2024-01-09T15:48:43.0213608+01:00" testType="13cdc9d9-ddb5-4fa4-a97d-d965ccfc6d4b" outcome="Passed" testListId="8c84fa94-04c1-424b-9868-57a2d4851a1d" relativeResultsDirectory="9d5a5536-6cbb-4258-a498-d5b01c0e6cda" />
    <UnitTestResult executionId="1e9fbb9b-fbf4-40bc-8e79-dfb8406fb8c4" testId="336b8482-3bf7-7f8c-61fa-1897c8b88bb6" testName="GetIsOpenStreetMapValid_ShouldReturnTrue_WhenGeographicLayerIsAvailableAndAlternativeServerIsEmpty" computerName="DKSR-EFI-06" duration="00:00:00.0005721" startTime="2024-01-09T15:48:43.0063802+01:00" endTime="2024-01-09T15:48:43.0070888+01:00" testType="13cdc9d9-ddb5-4fa4-a97d-d965ccfc6d4b" outcome="Passed" testListId="8c84fa94-04c1-424b-9868-57a2d4851a1d" relativeResultsDirectory="1e9fbb9b-fbf4-40bc-8e79-dfb8406fb8c4" />
    <UnitTestResult executionId="cbb5ba3e-3a76-4c7f-b674-10a89b49ad0d" testId="cc482776-e68c-2c6f-b7ea-c8334df0cc99" testName="Toolbar_IsVisible_WhenNotInLiveOrPlayback_ButCanShowSidePane" computerName="DKSR-EFI-06" duration="00:00:00.0168179" startTime="2024-01-09T15:48:44.8983753+01:00" endTime="2024-01-09T15:48:44.9153661+01:00" testType="13cdc9d9-ddb5-4fa4-a97d-d965ccfc6d4b" outcome="Passed" testListId="8c84fa94-04c1-424b-9868-57a2d4851a1d" relativeResultsDirectory="cbb5ba3e-3a76-4c7f-b674-10a89b49ad0d" />
    <UnitTestResult executionId="863ebbf0-6505-4032-8862-fac939bc07a7" testId="28d25576-55a8-249b-51e4-77a3368a8672" testName="AddToExportTuples_ShouldReturnCorrectResult (0,0,0)" computerName="DKSR-EFI-06" duration="00:00:00.0018243" startTime="2024-01-09T15:48:45.2901075+01:00" endTime="2024-01-09T15:48:45.2921355+01:00" testType="13cdc9d9-ddb5-4fa4-a97d-d965ccfc6d4b" outcome="Passed" testListId="8c84fa94-04c1-424b-9868-57a2d4851a1d" relativeResultsDirectory="863ebbf0-6505-4032-8862-fac939bc07a7" />
    <UnitTestResult executionId="f2aaef19-cb32-47f9-9deb-9d0e87a9fee1" testId="e684ed15-3e02-0285-5052-2e5ac2fddade" testName="AddToExportTuples_ShouldReturnCorrectResult (0,0,1)" computerName="DKSR-EFI-06" duration="00:00:00.0016299" startTime="2024-01-09T15:48:45.2980179+01:00" endTime="2024-01-09T15:48:45.2998438+01:00" testType="13cdc9d9-ddb5-4fa4-a97d-d965ccfc6d4b" outcome="Passed" testListId="8c84fa94-04c1-424b-9868-57a2d4851a1d" relativeResultsDirectory="f2aaef19-cb32-47f9-9deb-9d0e87a9fee1" />
    <UnitTestResult executionId="6a4d000f-aa8d-4c88-ba9f-fb49491c2546" testId="780b91d2-0044-d042-dc26-f60de2f5b427" testName="Parse_TwoHours_Success" computerName="DKSR-EFI-06" duration="00:00:00.0005752" startTime="2024-01-09T15:48:26.1085412+01:00" endTime="2024-01-09T15:48:26.1092507+01:00" testType="13cdc9d9-ddb5-4fa4-a97d-d965ccfc6d4b" outcome="Passed" testListId="8c84fa94-04c1-424b-9868-57a2d4851a1d" relativeResultsDirectory="6a4d000f-aa8d-4c88-ba9f-fb49491c2546" />
    <UnitTestResult executionId="d02d5e79-9c2c-4429-bf8b-0a092f0fe4ec" testId="6e9ddeeb-8237-28ab-191f-f32e87858c27" testName="LoadSearchTemplate_NoActiveToNoActive_NoUpdateAndEvent" computerName="DKSR-EFI-06" duration="00:00:00.0072548" startTime="2024-01-09T15:48:26.0330827+01:00" endTime="2024-01-09T15:48:26.0406558+01:00" testType="13cdc9d9-ddb5-4fa4-a97d-d965ccfc6d4b" outcome="Passed" testListId="8c84fa94-04c1-424b-9868-57a2d4851a1d" relativeResultsDirectory="d02d5e79-9c2c-4429-bf8b-0a092f0fe4ec" />
    <UnitTestResult executionId="fe6366e0-40b1-40a0-b659-223182d63efb" testId="5e38d847-a6e1-c044-80d4-91e6d7b293f2" testName="ShouldCameraListItemBeEnabledForCamera_ShouldReturnTrue_WhenSmartSearchIsAllowedForTheCamera" computerName="DKSR-EFI-06" duration="00:00:00.0011046" startTime="2024-01-09T15:48:38.1274285+01:00" endTime="2024-01-09T15:48:38.1286677+01:00" testType="13cdc9d9-ddb5-4fa4-a97d-d965ccfc6d4b" outcome="Passed" testListId="8c84fa94-04c1-424b-9868-57a2d4851a1d" relativeResultsDirectory="fe6366e0-40b1-40a0-b659-223182d63efb" />
    <UnitTestResult executionId="dc13e68c-88a2-4ff6-9b02-d5e5fc38ae57" testId="b87a1c99-d996-5e0b-a096-13dd2701c2c1" testName="RemoveItems_EmptyCollection_NoClusterChanges" computerName="DKSR-EFI-06" duration="00:00:00.0069166" startTime="2024-01-09T15:48:43.7439537+01:00" endTime="2024-01-09T15:48:43.7510223+01:00" testType="13cdc9d9-ddb5-4fa4-a97d-d965ccfc6d4b" outcome="Passed" testListId="8c84fa94-04c1-424b-9868-57a2d4851a1d" relativeResultsDirectory="dc13e68c-88a2-4ff6-9b02-d5e5fc38ae57" />
    <UnitTestResult executionId="76d326c7-e06d-4a27-aefd-6572ab5cda33" testId="dacf30eb-2932-4de8-bb63-28183a1f0765" testName="AssignPanTiltValue_WhenValueIsOutsideDeadzone_ShouldReturnCenterValue" computerName="DKSR-EFI-06" duration="00:00:00.0003400" startTime="2024-01-09T15:47:43.6269210+01:00" endTime="2024-01-09T15:47:43.6274170+01:00" testType="13cdc9d9-ddb5-4fa4-a97d-d965ccfc6d4b" outcome="Passed" testListId="8c84fa94-04c1-424b-9868-57a2d4851a1d" relativeResultsDirectory="76d326c7-e06d-4a27-aefd-6572ab5cda33" />
    <UnitTestResult executionId="2b3efd73-4ced-458f-814d-5d1927080dd1" testId="61db488c-fd57-8a4d-714e-e5d3bad8b45f" testName="ScrollIntoView_Synchronous_DefinitionViewBelowOutOfViewPort_Scrolled" computerName="DKSR-EFI-06" duration="00:00:00.3687036" startTime="2024-01-09T15:47:52.5693403+01:00" endTime="2024-01-09T15:47:52.9414009+01:00" testType="13cdc9d9-ddb5-4fa4-a97d-d965ccfc6d4b" outcome="Passed" testListId="8c84fa94-04c1-424b-9868-57a2d4851a1d" relativeResultsDirectory="2b3efd73-4ced-458f-814d-5d1927080dd1" />
    <UnitTestResult executionId="33c9e7b5-f0b5-4880-ba6f-b0ae76bad349" testId="c0bd9a37-5d67-88a0-bfcd-3be0c84b2355" testName="SelectTemplate_SliderFilterConfiguration_ReturnsInlineTemplate" computerName="DKSR-EFI-06" duration="00:00:00.0006941" startTime="2024-01-09T15:47:52.5590642+01:00" endTime="2024-01-09T15:47:52.5598878+01:00" testType="13cdc9d9-ddb5-4fa4-a97d-d965ccfc6d4b" outcome="Passed" testListId="8c84fa94-04c1-424b-9868-57a2d4851a1d" relativeResultsDirectory="33c9e7b5-f0b5-4880-ba6f-b0ae76bad349" />
    <UnitTestResult executionId="d92d1140-0292-4910-950d-adcc5a3fc1bd" testId="7ed10e38-acaf-fb97-a236-10882c020ef0" testName="Ctor_ShouldApplyNewestTriggerTimeComparer_WhenMultipleSimultaneousSearchesIsNotAllowed" computerName="DKSR-EFI-06" duration="00:00:00.0032324" startTime="2024-01-09T15:48:23.6720141+01:00" endTime="2024-01-09T15:48:23.6753922+01:00" testType="13cdc9d9-ddb5-4fa4-a97d-d965ccfc6d4b" outcome="Passed" testListId="8c84fa94-04c1-424b-9868-57a2d4851a1d" relativeResultsDirectory="d92d1140-0292-4910-950d-adcc5a3fc1bd" />
    <UnitTestResult executionId="1ed24610-29d2-4c18-b7f6-44ff54bd293b" testId="c8fac7fa-4b08-7ff4-1155-d669516586fe" testName="ScrollWheelInTileLayout_ScrollUp_IncreaseItemSize" computerName="DKSR-EFI-06" duration="00:00:00.7136352" startTime="2024-01-09T15:48:06.0124711+01:00" endTime="2024-01-09T15:48:06.7294518+01:00" testType="13cdc9d9-ddb5-4fa4-a97d-d965ccfc6d4b" outcome="Passed" testListId="8c84fa94-04c1-424b-9868-57a2d4851a1d" relativeResultsDirectory="1ed24610-29d2-4c18-b7f6-44ff54bd293b" />
    <UnitTestResult executionId="94ed4447-e675-4bf7-9458-bef9eb9ae88b" testId="ff4c1a2e-8962-452c-b4bc-b163c724e109" testName="Map_DeleteLayer_InvalidArg_Failed" computerName="DKSR-EFI-06" duration="00:00:00.0184086" startTime="2024-01-09T15:48:40.5135027+01:00" endTime="2024-01-09T15:48:40.5321191+01:00" testType="13cdc9d9-ddb5-4fa4-a97d-d965ccfc6d4b" outcome="Passed" testListId="8c84fa94-04c1-424b-9868-57a2d4851a1d" relativeResultsDirectory="94ed4447-e675-4bf7-9458-bef9eb9ae88b" />
    <UnitTestResult executionId="fa2ba0b0-9c79-403a-bcee-0004c8a86ef1" testId="6235db2c-29a6-4a28-c065-7643ea0e2363" testName="PtzSessionController_Register_Non_PTZ_Camera_Test" computerName="DKSR-EFI-06" duration="00:00:00.0017834" startTime="2024-01-09T15:47:43.1687540+01:00" endTime="2024-01-09T15:47:43.1706859+01:00" testType="13cdc9d9-ddb5-4fa4-a97d-d965ccfc6d4b" outcome="Passed" testListId="8c84fa94-04c1-424b-9868-57a2d4851a1d" relativeResultsDirectory="fa2ba0b0-9c79-403a-bcee-0004c8a86ef1" />
    <UnitTestResult executionId="c24f84fd-25a7-4a96-9e19-603c7dea4581" testId="87907f38-5e5a-055c-b4ad-972d80a0d676" testName="SixHours_Success" computerName="DKSR-EFI-06" duration="00:00:00.0001865" startTime="2024-01-09T15:48:26.1045745+01:00" endTime="2024-01-09T15:48:26.1048889+01:00" testType="13cdc9d9-ddb5-4fa4-a97d-d965ccfc6d4b" outcome="Passed" testListId="8c84fa94-04c1-424b-9868-57a2d4851a1d" relativeResultsDirectory="c24f84fd-25a7-4a96-9e19-603c7dea4581" />
    <UnitTestResult executionId="e01e7401-10fc-47b8-a18d-7bcf6d0ef60d" testId="b918b474-74ff-1345-54cb-cdaf09a7e1fc" testName="TryGetOsmServerTileAddress_ShouldReturnUri_WhenOsmServerIncludesOsmTileSuffix" computerName="DKSR-EFI-06" duration="00:00:00.0002039" startTime="2024-01-09T15:48:43.0231044+01:00" endTime="2024-01-09T15:48:43.0234908+01:00" testType="13cdc9d9-ddb5-4fa4-a97d-d965ccfc6d4b" outcome="Passed" testListId="8c84fa94-04c1-424b-9868-57a2d4851a1d" relativeResultsDirectory="e01e7401-10fc-47b8-a18d-7bcf6d0ef60d" />
    <UnitTestResult executionId="ee0b7f6e-81dd-4a9a-86fe-67aafe579a61" testId="0b44e872-d464-60e7-3348-83243bc0d155" testName="Warning_Shown_When_Reducing_Protection_Expiry" computerName="DKSR-EFI-06" duration="00:00:00.0070306" startTime="2024-01-09T15:48:52.4453335+01:00" endTime="2024-01-09T15:48:52.4525005+01:00" testType="13cdc9d9-ddb5-4fa4-a97d-d965ccfc6d4b" outcome="Passed" testListId="8c84fa94-04c1-424b-9868-57a2d4851a1d" relativeResultsDirectory="ee0b7f6e-81dd-4a9a-86fe-67aafe579a61" />
    <UnitTestResult executionId="9f496763-5a25-41f2-ac9d-a27b3758f3fd" testId="8ff6a0dd-30dd-b7ad-a8c3-0633bc0cf3f8" testName="SearchResultsReady_ShouldReturnUniqueResults_WhenSomeResultIdsAreDuplicated" computerName="DKSR-EFI-06" duration="00:00:00.0054383" startTime="2024-01-09T15:48:26.4684082+01:00" endTime="2024-01-09T15:48:26.4739821+01:00" testType="13cdc9d9-ddb5-4fa4-a97d-d965ccfc6d4b" outcome="Passed" testListId="8c84fa94-04c1-424b-9868-57a2d4851a1d" relativeResultsDirectory="9f496763-5a25-41f2-ac9d-a27b3758f3fd" />
    <UnitTestResult executionId="a00180d4-2e8c-45b3-bcaa-55787c074c90" testId="cc5bf0e8-1cf1-748c-6f30-7b7cfd04c1dc" testName="UpdateItemState_Hidden_WrongServerTypes" computerName="DKSR-EFI-06" duration="00:00:00.0027561" startTime="2024-01-09T15:48:49.6190259+01:00" endTime="2024-01-09T15:48:49.6219310+01:00" testType="13cdc9d9-ddb5-4fa4-a97d-d965ccfc6d4b" outcome="Passed" testListId="8c84fa94-04c1-424b-9868-57a2d4851a1d" relativeResultsDirectory="a00180d4-2e8c-45b3-bcaa-55787c074c90" />
    <UnitTestResult executionId="081727b3-c6a9-49f5-a21e-0d7b7c1d0cdd" testId="2f768a08-79d1-a2fa-f632-631b61e890cb" testName="Model_UpdateBuildingMapItems_Success" computerName="DKSR-EFI-06" duration="00:00:00.0626548" startTime="2024-01-09T15:48:40.0727065+01:00" endTime="2024-01-09T15:48:40.1355602+01:00" testType="13cdc9d9-ddb5-4fa4-a97d-d965ccfc6d4b" outcome="Passed" testListId="8c84fa94-04c1-424b-9868-57a2d4851a1d" relativeResultsDirectory="081727b3-c6a9-49f5-a21e-0d7b7c1d0cdd" />
    <UnitTestResult executionId="69aa2020-f4eb-41f8-9f1a-8ee11de7822c" testId="14ff6e15-92ef-6cb2-b0ea-d4519c199b41" testName="ValidateExportLocation_ShouldReturnFailResult_ExportPathIsInvalid (qq:\qwerty\qwerty)" computerName="DKSR-EFI-06" duration="00:00:00.0071166" startTime="2024-01-09T15:47:52.0474330+01:00" endTime="2024-01-09T15:47:52.0547778+01:00" testType="13cdc9d9-ddb5-4fa4-a97d-d965ccfc6d4b" outcome="Passed" testListId="8c84fa94-04c1-424b-9868-57a2d4851a1d" relativeResultsDirectory="69aa2020-f4eb-41f8-9f1a-8ee11de7822c" />
    <UnitTestResult executionId="9283b165-7c41-49ce-81f0-9230559965bf" testId="40975595-da4a-f761-4446-28adcce54b50" testName="MergeOptionNodes_ShouldMergeOptionsFromOldKeyAndNewKey_WhenBothSettingsHaveOptionsAndEmptyNamespaceAddedToOptionsElement" computerName="DKSR-EFI-06" duration="00:00:00.0003865" startTime="2024-01-09T15:48:45.5948166+01:00" endTime="2024-01-09T15:48:45.5953387+01:00" testType="13cdc9d9-ddb5-4fa4-a97d-d965ccfc6d4b" outcome="Passed" testListId="8c84fa94-04c1-424b-9868-57a2d4851a1d" relativeResultsDirectory="9283b165-7c41-49ce-81f0-9230559965bf" />
    <UnitTestResult executionId="0213a97b-966c-42fc-b887-0c56159d595a" testId="fc5fd650-f337-b166-89da-483c36c8a94d" testName="SearchResultCombineType_OneSearchDefinition_SearchResultCombineTypeSetToDefaultValue" computerName="DKSR-EFI-06" duration="00:00:00.0117755" startTime="2024-01-09T15:48:25.3590570+01:00" endTime="2024-01-09T15:48:25.3709878+01:00" testType="13cdc9d9-ddb5-4fa4-a97d-d965ccfc6d4b" outcome="Passed" testListId="8c84fa94-04c1-424b-9868-57a2d4851a1d" relativeResultsDirectory="0213a97b-966c-42fc-b887-0c56159d595a" />
    <UnitTestResult executionId="21ce29b0-d3d3-4fef-a802-d0b1af834182" testId="ed1eba09-8472-7b1b-0969-bd05029178c2" testName="ResolveSearchDefinitions_ShouldReturnResultSearchDefinition_WhenSingleSearchResultAndNullSearchDefinitionsAreGiven" computerName="DKSR-EFI-06" duration="00:00:00.0016742" startTime="2024-01-09T15:48:25.9890748+01:00" endTime="2024-01-09T15:48:25.9910813+01:00" testType="13cdc9d9-ddb5-4fa4-a97d-d965ccfc6d4b" outcome="Passed" testListId="8c84fa94-04c1-424b-9868-57a2d4851a1d" relativeResultsDirectory="21ce29b0-d3d3-4fef-a802-d0b1af834182" />
    <UnitTestResult executionId="abe48159-1e5e-4e18-b859-887edcb52df7" testId="c2dd673d-ca57-2691-c104-7023a833ff11" testName="Ctor_CentralizedSearchStateWithSelectedSearchTemplate_ActiveSearchTemplateSet" computerName="DKSR-EFI-06" duration="00:00:00.0499617" startTime="2024-01-09T15:48:24.8871744+01:00" endTime="2024-01-09T15:48:24.9373265+01:00" testType="13cdc9d9-ddb5-4fa4-a97d-d965ccfc6d4b" outcome="Passed" testListId="8c84fa94-04c1-424b-9868-57a2d4851a1d" relativeResultsDirectory="abe48159-1e5e-4e18-b859-887edcb52df7" />
    <UnitTestResult executionId="e348dc0b-d678-47fd-a8ff-62037cff3710" testId="fca611f3-84ae-9eb6-8d99-31763ce69bf9" testName="GetWorkspaceToolbarItems_ShouldReturnCorrectToolbarItemAsVisible_WhenWorkspaceIsDifferentForPlugins" computerName="DKSR-EFI-06" duration="00:00:00.0025266" startTime="2024-01-09T15:48:44.3568724+01:00" endTime="2024-01-09T15:48:44.3596543+01:00" testType="13cdc9d9-ddb5-4fa4-a97d-d965ccfc6d4b" outcome="Passed" testListId="8c84fa94-04c1-424b-9868-57a2d4851a1d" relativeResultsDirectory="e348dc0b-d678-47fd-a8ff-62037cff3710" />
    <UnitTestResult executionId="30733ed9-a6dd-4e68-acbf-d981a881fc08" testId="d5380333-0029-a673-b16f-5047c88c70d6" testName="OnIsVisiblePropertyChanged_ShouldDeactivateSoundOfAllUnmutedMicrophones_WhenHidingMicrophonesLayer" computerName="DKSR-EFI-06" duration="00:00:00.0140100" startTime="2024-01-09T15:48:40.9804796+01:00" endTime="2024-01-09T15:48:40.9970585+01:00" testType="13cdc9d9-ddb5-4fa4-a97d-d965ccfc6d4b" outcome="Passed" testListId="8c84fa94-04c1-424b-9868-57a2d4851a1d" relativeResultsDirectory="30733ed9-a6dd-4e68-acbf-d981a881fc08" />
    <UnitTestResult executionId="7fa26aeb-ac56-45fc-8a51-cfbf0133c62d" testId="e288d304-5f35-f382-d06b-9b0ed9edf0e1" testName="ToSafeName_NullName_Failure" computerName="DKSR-EFI-06" duration="00:00:00.0007511" startTime="2024-01-09T15:48:51.6518363+01:00" endTime="2024-01-09T15:48:51.6528812+01:00" testType="13cdc9d9-ddb5-4fa4-a97d-d965ccfc6d4b" outcome="Passed" testListId="8c84fa94-04c1-424b-9868-57a2d4851a1d" relativeResultsDirectory="7fa26aeb-ac56-45fc-8a51-cfbf0133c62d" />
    <UnitTestResult executionId="a8ec0272-be95-44ed-b519-599bd79139c5" testId="07ec7b90-4f80-77d6-d19d-abca75ed0c64" testName="Ctor_WpfMessageBoxButtonIsSetToRemoveCancel_OnlyRemoveCancelButtonsVisible" computerName="DKSR-EFI-06" duration="00:00:00.0003842" startTime="2024-01-09T15:48:45.0028540+01:00" endTime="2024-01-09T15:48:45.0033694+01:00" testType="13cdc9d9-ddb5-4fa4-a97d-d965ccfc6d4b" outcome="Passed" testListId="8c84fa94-04c1-424b-9868-57a2d4851a1d" relativeResultsDirectory="a8ec0272-be95-44ed-b519-599bd79139c5" />
    <UnitTestResult executionId="7db98756-7274-4360-bd67-732f56fa7b6d" testId="f8d3c854-1d0a-1d27-f1f9-7cfc35295620" testName="GridSizeTest" computerName="DKSR-EFI-06" duration="00:00:00.0023991" startTime="2024-01-09T15:48:49.5670033+01:00" endTime="2024-01-09T15:48:49.5695490+01:00" testType="13cdc9d9-ddb5-4fa4-a97d-d965ccfc6d4b" outcome="Passed" testListId="8c84fa94-04c1-424b-9868-57a2d4851a1d" relativeResultsDirectory="7db98756-7274-4360-bd67-732f56fa7b6d" />
    <UnitTestResult executionId="f4abd4c2-86ad-4bba-8b70-837c1c497b9c" testId="bab1654e-c8b6-f4c1-eb14-25680f0e8712" testName="SupportsRightClick_ShouldBeFalse_WhenInteractionStateIsNotNormal" computerName="DKSR-EFI-06" duration="00:00:00.0181515" startTime="2024-01-09T15:47:48.0493721+01:00" endTime="2024-01-09T15:47:48.0699128+01:00" testType="13cdc9d9-ddb5-4fa4-a97d-d965ccfc6d4b" outcome="Passed" testListId="8c84fa94-04c1-424b-9868-57a2d4851a1d" relativeResultsDirectory="f4abd4c2-86ad-4bba-8b70-837c1c497b9c" />
    <UnitTestResult executionId="edea9222-76a9-423f-aca4-4a13de495013" testId="f27b2734-7e6c-c464-7643-e40625bfd46a" testName="TestImplicitOperator_Position2D_Success" computerName="DKSR-EFI-06" duration="00:00:00.0002599" startTime="2024-01-09T15:48:39.8553377+01:00" endTime="2024-01-09T15:48:39.8557301+01:00" testType="13cdc9d9-ddb5-4fa4-a97d-d965ccfc6d4b" outcome="Passed" testListId="8c84fa94-04c1-424b-9868-57a2d4851a1d" relativeResultsDirectory="edea9222-76a9-423f-aca4-4a13de495013" />
    <UnitTestResult executionId="72b2ced2-a208-45df-8635-b0aaa2711892" testId="647cadee-21ed-ea7f-d1b6-56ee51403b46" testName="AuthType_ShouldThrow_InvalidOperationException_WhenConstructedUsingExternal" computerName="DKSR-EFI-06" duration="00:00:00.0007206" startTime="2024-01-09T15:47:43.3775075+01:00" endTime="2024-01-09T15:47:43.3783827+01:00" testType="13cdc9d9-ddb5-4fa4-a97d-d965ccfc6d4b" outcome="Passed" testListId="8c84fa94-04c1-424b-9868-57a2d4851a1d" relativeResultsDirectory="72b2ced2-a208-45df-8635-b0aaa2711892" />
    <UnitTestResult executionId="6d25a5cd-e7d4-4fe9-80d9-314ddcf74331" testId="e833bb24-3fa7-84ca-0015-97d61c5799eb" testName="HandleGetDeviceData_ShouldReturnNotFoundDeviceData_WhenNotSupportedKind" computerName="DKSR-EFI-06" duration="00:00:00.0258058" startTime="2024-01-09T15:47:50.8540550+01:00" endTime="2024-01-09T15:47:50.8800398+01:00" testType="13cdc9d9-ddb5-4fa4-a97d-d965ccfc6d4b" outcome="Passed" testListId="8c84fa94-04c1-424b-9868-57a2d4851a1d" relativeResultsDirectory="6d25a5cd-e7d4-4fe9-80d9-314ddcf74331" />
    <UnitTestResult executionId="de43b5d6-2db6-4516-9225-02a5f2b659ae" testId="a994a568-3e00-625c-a6cf-5145a11d5bf6" testName="Connect_FailToConnect_ShouldReturnFalse" computerName="DKSR-EFI-06" duration="00:00:00.2043073" startTime="2024-01-09T15:47:40.7342397+01:00" endTime="2024-01-09T15:47:40.9387712+01:00" testType="13cdc9d9-ddb5-4fa4-a97d-d965ccfc6d4b" outcome="Passed" testListId="8c84fa94-04c1-424b-9868-57a2d4851a1d" relativeResultsDirectory="de43b5d6-2db6-4516-9225-02a5f2b659ae" />
    <UnitTestResult executionId="b5438556-6c7a-4780-b14c-6dcb14734b5a" testId="84a40563-ae3e-05c4-e02d-b8d79f27ea48" testName="Init_NullState_InitialStateObtainedFromStateManager" computerName="DKSR-EFI-06" duration="00:00:00.1377138" startTime="2024-01-09T15:47:52.2266856+01:00" endTime="2024-01-09T15:47:52.3647589+01:00" testType="13cdc9d9-ddb5-4fa4-a97d-d965ccfc6d4b" outcome="Passed" testListId="8c84fa94-04c1-424b-9868-57a2d4851a1d" relativeResultsDirectory="b5438556-6c7a-4780-b14c-6dcb14734b5a" />
    <UnitTestResult executionId="46ed39ff-8b76-463f-94c9-ce7aae851000" testId="5d25dc9f-b119-d464-f93e-42b850f6a1ac" testName="ScWorkSpaceModeChangedEvent_ShouldSetDeviceIsDisabledToFalse_WhenSwitchingToLiveModeAndDeviceIsDisabled" computerName="DKSR-EFI-06" duration="00:00:00.0157488" startTime="2024-01-09T15:48:40.9616513+01:00" endTime="2024-01-09T15:48:40.9799588+01:00" testType="13cdc9d9-ddb5-4fa4-a97d-d965ccfc6d4b" outcome="Passed" testListId="8c84fa94-04c1-424b-9868-57a2d4851a1d" relativeResultsDirectory="46ed39ff-8b76-463f-94c9-ce7aae851000" />
    <UnitTestResult executionId="79b5b3e5-c6c7-434f-b3fe-b39eb78ea71a" testId="227dc5e8-fd61-64c5-c58b-a4363d10733d" testName="Dispose_ClosesPluginInstance" computerName="DKSR-EFI-06" duration="00:00:00.0239556" startTime="2024-01-09T15:48:23.5299084+01:00" endTime="2024-01-09T15:48:23.5540317+01:00" testType="13cdc9d9-ddb5-4fa4-a97d-d965ccfc6d4b" outcome="Passed" testListId="8c84fa94-04c1-424b-9868-57a2d4851a1d" relativeResultsDirectory="79b5b3e5-c6c7-434f-b3fe-b39eb78ea71a" />
    <UnitTestResult executionId="19b9ab83-b1c8-4933-aa0d-f898507ec69d" testId="adae62f9-2b72-4530-ee33-22d9b99a1467" testName="ClearFilterCommand_ClearsFilter" computerName="DKSR-EFI-06" duration="00:00:00.0100550" startTime="2024-01-09T15:48:37.9852222+01:00" endTime="2024-01-09T15:48:37.9975987+01:00" testType="13cdc9d9-ddb5-4fa4-a97d-d965ccfc6d4b" outcome="Passed" testListId="8c84fa94-04c1-424b-9868-57a2d4851a1d" relativeResultsDirectory="19b9ab83-b1c8-4933-aa0d-f898507ec69d" />
    <UnitTestResult executionId="cd5c651a-839c-4b97-b450-ec7adb6ab2b9" testId="3ce53063-c90f-436d-4a7d-2e3b5be274ef" testName="UpdateItems_WhenServerCallThrowsException_ShouldResultInErrorLog" computerName="DKSR-EFI-06" duration="00:00:00.0047121" startTime="2024-01-09T15:47:49.8208046+01:00" endTime="2024-01-09T15:47:49.8256522+01:00" testType="13cdc9d9-ddb5-4fa4-a97d-d965ccfc6d4b" outcome="Passed" testListId="8c84fa94-04c1-424b-9868-57a2d4851a1d" relativeResultsDirectory="cd5c651a-839c-4b97-b450-ec7adb6ab2b9" />
    <UnitTestResult executionId="77012700-3fb5-4dff-b669-a29f90f93631" testId="4538bbe9-6c80-e720-7ee4-7c47011c9f08" testName="Both enabled, not forced" computerName="DKSR-EFI-06" duration="00:00:00.0055083" startTime="2024-01-09T15:47:51.3759327+01:00" endTime="2024-01-09T15:47:51.3820549+01:00" testType="13cdc9d9-ddb5-4fa4-a97d-d965ccfc6d4b" outcome="Passed" testListId="8c84fa94-04c1-424b-9868-57a2d4851a1d" relativeResultsDirectory="77012700-3fb5-4dff-b669-a29f90f93631" />
  </Results>
  <TestDefinitions>
    <UnitTest name="CreateCameraListItem_ShouldNotAddRegionSelectionToFilterValue_WhenAlreadyPresent" storage="d:\actions-runner\_work\xpco\xpco\allsolutions\..\sc\components\remoteviewer\smartclient\tst\zsmartclient_unittest\bin\x64\debug\net6.0-windows\zsmartclient_unittest.dll" id="199cdec6-ec51-273d-006c-9fb34f580f59">
      <TestCategory>
        <TestCategoryItem TestCategory="Search.Filters.ViewModels" />
      </TestCategory>
      <Execution id="cf3e2aba-81d0-4f73-a472-e0f61f7ff7c9" />
      <TestMethod codeBase="D:\actions-runner\_work\XPCO\XPCO\AllSolutions\..\SC\Components\RemoteViewer\SmartClient\tst\zSmartClient_UnitTest\bin\x64\Debug\net6.0-windows\zSmartClient_UnitTest.dll" adapterTypeName="executor://mstestadapter/v2" className="SmartClient_UnitTest.VideoOS.RemoteClient.Plugin.CentralizedSearch.MIPPlugin.Criteria.ViewModels.SmartSearchCameraListItemHelperTests" name="CreateCameraListItem_ShouldNotAddRegionSelectionToFilterValue_WhenAlreadyPresent" />
    </UnitTest>
    <UnitTest name="SerializeDeserialize_RoundTripWithValues_Equals" storage="d:\actions-runner\_work\xpco\xpco\allsolutions\..\sc\components\remoteviewer\smartclient\tst\zsmartclient_unittest\bin\x64\debug\net6.0-windows\zsmartclient_unittest.dll" id="c5b82386-ac03-bc8b-608e-5bd976068876">
      <Execution id="38adae2b-caa0-4e29-b212-a24f24f5e992" />
      <TestMethod codeBase="D:\actions-runner\_work\XPCO\XPCO\AllSolutions\..\SC\Components\RemoteViewer\SmartClient\tst\zSmartClient_UnitTest\bin\x64\Debug\net6.0-windows\zSmartClient_UnitTest.dll" adapterTypeName="executor://mstestadapter/v2" className="SmartClient_UnitTest.VideoOS.RemoteClient.Application.Data.States.CentralizedSearchStateTest" name="SerializeDeserialize_RoundTripWithValues_Equals" />
    </UnitTest>
    <UnitTest name="UpdateSearchTemplateAsync_Succeeds_Success" storage="d:\actions-runner\_work\xpco\xpco\allsolutions\..\sc\components\remoteviewer\smartclient\tst\zsmartclient_unittest\bin\x64\debug\net6.0-windows\zsmartclient_unittest.dll" id="eef2616b-2ca4-c350-22c0-5b72ecd848dd">
      <TestCategory>
        <TestCategoryItem TestCategory="SearchTemplates" />
      </TestCategory>
      <Execution id="c983595a-8d82-408e-a67b-fa7439b47b7c" />
      <TestMethod codeBase="D:\actions-runner\_work\XPCO\XPCO\AllSolutions\..\SC\Components\RemoteViewer\SmartClient\tst\zSmartClient_UnitTest\bin\x64\Debug\net6.0-windows\zSmartClient_UnitTest.dll" adapterTypeName="executor://mstestadapter/v2" className="SmartClient_UnitTest.VideoOS.RemoteClient.Plugin.CentralizedSearch.SearchTemplates.SearchTemplateManagerTests" name="UpdateSearchTemplateAsync_Succeeds_Success" />
    </UnitTest>
    <UnitTest name="PopulateTooltip_ManyResultsFromManyCameras12Hours_ValidText" storage="d:\actions-runner\_work\xpco\xpco\allsolutions\..\sc\components\remoteviewer\smartclient\tst\zsmartclient_unittest\bin\x64\debug\net6.0-windows\zsmartclient_unittest.dll" id="11e32396-3f3f-284e-b683-2e3e119136e4">
      <TestCategory>
        <TestCategoryItem TestCategory="SearchControls" />
      </TestCategory>
      <Execution id="9b63ef26-72be-428f-b7a8-8dafc57e49f5" />
      <TestMethod codeBase="D:\actions-runner\_work\XPCO\XPCO\AllSolutions\..\SC\Components\RemoteViewer\SmartClient\tst\zSmartClient_UnitTest\bin\x64\Debug\net6.0-windows\zSmartClient_UnitTest.dll" adapterTypeName="executor://mstestadapter/v2" className="SmartClient_UnitTest.VideoOS.RemoteClient.Plugin.CentralizedSearch.Views.Controls.TimelineRuler.TimelineRulerControlTests" name="PopulateTooltip_ManyResultsFromManyCameras12Hours_ValidText" />
    </UnitTest>
    <UnitTest name="Id_ShouldBeSame_WhenSearchResultIdIsIdentical" storage="d:\actions-runner\_work\xpco\xpco\allsolutions\..\sc\components\remoteviewer\smartclient\tst\zsmartclient_unittest\bin\x64\debug\net6.0-windows\zsmartclient_unittest.dll" id="53c0737c-9e1d-a506-fd7e-f73a88cea37f">
      <TestCategory>
        <TestCategoryItem TestCategory="Search.Wrappers" />
      </TestCategory>
      <Execution id="5c1e5f91-481b-4d15-8f65-14b9d0d6100f" />
      <TestMethod codeBase="D:\actions-runner\_work\XPCO\XPCO\AllSolutions\..\SC\Components\RemoteViewer\SmartClient\tst\zSmartClient_UnitTest\bin\x64\Debug\net6.0-windows\zSmartClient_UnitTest.dll" adapterTypeName="executor://mstestadapter/v2" className="SmartClient_UnitTest.VideoOS.RemoteClient.Plugin.CentralizedSearch.Models.Wrappers.SearchResultDataWrapperTests" name="Id_ShouldBeSame_WhenSearchResultIdIsIdentical" />
    </UnitTest>
    <UnitTest name="AddToExportTuples_ShouldReturnCorrectResult (0,5,0)" storage="d:\actions-runner\_work\xpco\xpco\allsolutions\..\sc\components\remoteviewer\smartclient\tst\zsmartclient_unittest\bin\x64\debug\net6.0-windows\zsmartclient_unittest.dll" id="a32220e9-95d2-d3ef-9079-aef9756aa4b6">
      <TestCategory>
        <TestCategoryItem TestCategory="Managers" />
      </TestCategory>
      <Execution id="36026cbe-6748-40b3-8a71-62c1b22830b4" />
      <TestMethod codeBase="D:\actions-runner\_work\XPCO\XPCO\AllSolutions\..\SC\Components\RemoteViewer\SmartClient\tst\zSmartClient_UnitTest\bin\x64\Debug\net6.0-windows\zSmartClient_UnitTest.dll" adapterTypeName="executor://mstestadapter/v2" className="SmartClient_UnitTest.VideoOS.RemoteClient.Application.Managers.ExportManagerTests" name="AddToExportTuples_ShouldReturnCorrectResult" />
    </UnitTest>
    <UnitTest name="SetLayerFeatures_ShouldUpdateCameraItemsMapLayer_WhenCameraKindAndCameraLayerFeatures" storage="d:\actions-runner\_work\xpco\xpco\allsolutions\..\sc\components\remoteviewer\smartclient\tst\zsmartclient_unittest\bin\x64\debug\net6.0-windows\zsmartclient_unittest.dll" id="76f9de2a-47c0-eaaa-3675-ac942aca2f32">
      <TestCategory>
        <TestCategoryItem TestCategory="GisMapData.Controllers.LayerFeatures" />
      </TestCategory>
      <Execution id="fc591981-d943-4bc2-b436-ef645db5e19e" />
      <TestMethod codeBase="D:\actions-runner\_work\XPCO\XPCO\AllSolutions\..\SC\Components\RemoteViewer\SmartClient\tst\zSmartClient_UnitTest\bin\x64\Debug\net6.0-windows\zSmartClient_UnitTest.dll" adapterTypeName="executor://mstestadapter/v2" className="SmartClient_UnitTest.VideoOS.RemoteClient.GisMapData.Controllers.LayerFeatures.LayerFeaturesControllerTests" name="SetLayerFeatures_ShouldUpdateCameraItemsMapLayer_WhenCameraKindAndCameraLayerFeatures" />
    </UnitTest>
    <UnitTest name="ScrollIntoView_Synchronous_DefinitionViewAboveOutOfViewPort_Scrolled" storage="d:\actions-runner\_work\xpco\xpco\allsolutions\..\sc\components\remoteviewer\smartclient\tst\zsmartclient_unittest\bin\x64\debug\net6.0-windows\zsmartclient_unittest.dll" id="9f407d44-4f3f-f1b2-0cc2-8c4bc65e5f39">
      <TestCategory>
        <TestCategoryItem TestCategory="Search" />
      </TestCategory>
      <Execution id="cab241cb-926b-4272-abc0-ce7b9da308bb" />
      <TestMethod codeBase="D:\actions-runner\_work\XPCO\XPCO\AllSolutions\..\SC\Components\RemoteViewer\SmartClient\tst\zSmartClient_UnitTest\bin\x64\Debug\net6.0-windows\zSmartClient_UnitTest.dll" adapterTypeName="executor://mstestadapter/v2" className="SmartClient_UnitTest.VideoOS.RemoteClient.Plugin.CentralizedSearch.Views.CriteriaViewTests" name="ScrollIntoView_Synchronous_DefinitionViewAboveOutOfViewPort_Scrolled" />
    </UnitTest>
    <UnitTest name="DateToStringConverter_ProvideValue_Success" storage="d:\actions-runner\_work\xpco\xpco\allsolutions\..\sc\components\remoteviewer\smartclient\tst\zsmartclient_unittest\bin\x64\debug\net6.0-windows\zsmartclient_unittest.dll" id="0882c6fe-e955-9a8a-eee5-7ae62c8b3178">
      <TestCategory>
        <TestCategoryItem TestCategory="SearchConverter" />
      </TestCategory>
      <Execution id="9b18d24e-3276-4761-824c-faa4ce269f1e" />
      <TestMethod codeBase="D:\actions-runner\_work\XPCO\XPCO\AllSolutions\..\SC\Components\RemoteViewer\SmartClient\tst\zSmartClient_UnitTest\bin\x64\Debug\net6.0-windows\zSmartClient_UnitTest.dll" adapterTypeName="executor://mstestadapter/v2" className="SmartClient_UnitTest.VideoOS.RemoteClient.Plugin.CentralizedSearch.Views.Converters.DurationToStringConverterTests" name="DateToStringConverter_ProvideValue_Success" />
    </UnitTest>
    <UnitTest name="UpdateSearchFilter_SingleFilterWithoutValues_NotAdded" storage="d:\actions-runner\_work\xpco\xpco\allsolutions\..\sc\components\remoteviewer\smartclient\tst\zsmartclient_unittest\bin\x64\debug\net6.0-windows\zsmartclient_unittest.dll" id="0abf48ed-aa70-1dda-b2cb-ff714665e116">
      <TestCategory>
        <TestCategoryItem TestCategory="Search" />
      </TestCategory>
      <Execution id="4d78f337-b200-40d5-abfc-87c4b13d2555" />
      <TestMethod codeBase="D:\actions-runner\_work\XPCO\XPCO\AllSolutions\..\SC\Components\RemoteViewer\SmartClient\tst\zSmartClient_UnitTest\bin\x64\Debug\net6.0-windows\zSmartClient_UnitTest.dll" adapterTypeName="executor://mstestadapter/v2" className="SmartClient_UnitTest.VideoOS.RemoteClient.Plugin.CentralizedSearch.ViewModels.SearchDefinitionViewModelTests" name="UpdateSearchFilter_SingleFilterWithoutValues_NotAdded" />
    </UnitTest>
    <UnitTest name="GetWorkspaceToolbarItems_ShouldNotReturnGroupedToolbarItem_WhenPluginGroupIsNotSetInPluginDefinition" storage="d:\actions-runner\_work\xpco\xpco\allsolutions\..\sc\components\remoteviewer\smartclient\tst\zsmartclient_unittest\bin\x64\debug\net6.0-windows\zsmartclient_unittest.dll" id="7a29bb4c-872a-7722-5bfa-4ff03f288d37">
      <TestCategory>
        <TestCategoryItem TestCategory="WorkspaceToolbar" />
      </TestCategory>
      <Execution id="ae3ca41c-1510-48a0-8691-677064962623" />
      <TestMethod codeBase="D:\actions-runner\_work\XPCO\XPCO\AllSolutions\..\SC\Components\RemoteViewer\SmartClient\tst\zSmartClient_UnitTest\bin\x64\Debug\net6.0-windows\zSmartClient_UnitTest.dll" adapterTypeName="executor://mstestadapter/v2" className="SmartClient_UnitTest.VideoOS.RemoteClient.Application.UI.Content.WorkspaceToolbar.MIPWorkspaceToolbarItemManagerTests" name="GetWorkspaceToolbarItems_ShouldNotReturnGroupedToolbarItem_WhenPluginGroupIsNotSetInPluginDefinition" />
    </UnitTest>
    <UnitTest name="DisplayErrorOnNotificationArea_ServerNotAvailableSearchError_Success" storage="d:\actions-runner\_work\xpco\xpco\allsolutions\..\sc\components\remoteviewer\smartclient\tst\zsmartclient_unittest\bin\x64\debug\net6.0-windows\zsmartclient_unittest.dll" id="4d11492e-27b0-719b-9344-aa3d6645e529">
      <TestCategory>
        <TestCategoryItem TestCategory="SearchViewModels" />
      </TestCategory>
      <Execution id="d5441890-6ce3-42e0-9d63-921597fce6f0" />
      <TestMethod codeBase="D:\actions-runner\_work\XPCO\XPCO\AllSolutions\..\SC\Components\RemoteViewer\SmartClient\tst\zSmartClient_UnitTest\bin\x64\Debug\net6.0-windows\zSmartClient_UnitTest.dll" adapterTypeName="executor://mstestadapter/v2" className="SmartClient_UnitTest.VideoOS.RemoteClient.Plugin.CentralizedSearch.ViewModels.SearchViewModelTests" name="DisplayErrorOnNotificationArea_ServerNotAvailableSearchError_Success" />
    </UnitTest>
    <UnitTest name="ShowOrHidePartialResultsCommand_Triggered_ButtonTextChanged" storage="d:\actions-runner\_work\xpco\xpco\allsolutions\..\sc\components\remoteviewer\smartclient\tst\zsmartclient_unittest\bin\x64\debug\net6.0-windows\zsmartclient_unittest.dll" id="ecf13227-e49d-1db7-a97a-21cf256d2c96">
      <TestCategory>
        <TestCategoryItem TestCategory="Search" />
      </TestCategory>
      <Execution id="23b4da25-dc1c-4afc-83d7-93540566b7da" />
      <TestMethod codeBase="D:\actions-runner\_work\XPCO\XPCO\AllSolutions\..\SC\Components\RemoteViewer\SmartClient\tst\zSmartClient_UnitTest\bin\x64\Debug\net6.0-windows\zSmartClient_UnitTest.dll" adapterTypeName="executor://mstestadapter/v2" className="SmartClient_UnitTest.VideoOS.RemoteClient.Plugin.CentralizedSearch.ViewModels.CompositeSearchWarningViewModelTests" name="ShowOrHidePartialResultsCommand_Triggered_ButtonTextChanged" />
    </UnitTest>
    <UnitTest name="Deserialize_FromTimeOnly_Success" storage="d:\actions-runner\_work\xpco\xpco\allsolutions\..\sc\components\remoteviewer\smartclient\tst\zsmartclient_unittest\bin\x64\debug\net6.0-windows\zsmartclient_unittest.dll" id="81fc8aa1-de6a-e087-adfe-af829f91bad7">
      <TestCategory>
        <TestCategoryItem TestCategory="SearchSerialization" />
      </TestCategory>
      <Execution id="dc7d6971-849b-4158-8d1b-bcc268b5212b" />
      <TestMethod codeBase="D:\actions-runner\_work\XPCO\XPCO\AllSolutions\..\SC\Components\RemoteViewer\SmartClient\tst\zSmartClient_UnitTest\bin\x64\Debug\net6.0-windows\zSmartClient_UnitTest.dll" adapterTypeName="executor://mstestadapter/v2" className="SmartClient_UnitTest.VideoOS.RemoteClient.Plugin.CentralizedSearch.Models.Serialization.SearchSerializerTests" name="Deserialize_FromTimeOnly_Success" />
    </UnitTest>
    <UnitTest name="CreateItemUserControl_CombinedSearchResultDataWrapperParameter_ControlCreatedAndInitialized" storage="d:\actions-runner\_work\xpco\xpco\allsolutions\..\sc\components\remoteviewer\smartclient\tst\zsmartclient_unittest\bin\x64\debug\net6.0-windows\zsmartclient_unittest.dll" id="d381fedf-8c58-4a19-b08e-ee127d4421c9">
      <TestCategory>
        <TestCategoryItem TestCategory="SearchViews" />
      </TestCategory>
      <Execution id="eed50ac6-26d2-44bd-88a7-4db9dc9e506e" />
      <TestMethod codeBase="D:\actions-runner\_work\XPCO\XPCO\AllSolutions\..\SC\Components\RemoteViewer\SmartClient\tst\zSmartClient_UnitTest\bin\x64\Debug\net6.0-windows\zSmartClient_UnitTest.dll" adapterTypeName="executor://mstestadapter/v2" className="SmartClient_UnitTest.VideoOS.RemoteClient.Plugin.CentralizedSearch.Views.SearchResultsViewTests" name="CreateItemUserControl_CombinedSearchResultDataWrapperParameter_ControlCreatedAndInitialized" />
    </UnitTest>
    <UnitTest name="EnsureLayersOrderIsValidBy_AddLayersAt_Success" storage="d:\actions-runner\_work\xpco\xpco\allsolutions\..\sc\components\remoteviewer\smartclient\tst\zsmartclient_unittest\bin\x64\debug\net6.0-windows\zsmartclient_unittest.dll" id="dacad55c-89db-4a83-ada9-6fb14502b91c">
      <TestCategory>
        <TestCategoryItem TestCategory="GisMapLayers" />
      </TestCategory>
      <Execution id="b2e52c7d-7d40-4010-ab7f-729ad5053ec6" />
      <TestMethod codeBase="D:\actions-runner\_work\XPCO\XPCO\AllSolutions\..\SC\Components\RemoteViewer\SmartClient\tst\zSmartClient_UnitTest\bin\x64\Debug\net6.0-windows\zSmartClient_UnitTest.dll" adapterTypeName="executor://mstestadapter/v2" className="SmartClient_UnitTest.VideoOS.RemoteClient.GisMapData.GisMapLayerZOrderTests" name="EnsureLayersOrderIsValidBy_AddLayersAt_Success" />
    </UnitTest>
    <UnitTest name="SearchResultsActionBarActions_CreateSnapshot_InvokeCommand_NoSnapshotSucceeded_CorrectStatusTextShown" storage="d:\actions-runner\_work\xpco\xpco\allsolutions\..\sc\components\remoteviewer\smartclient\tst\zsmartclient_unittest\bin\x64\debug\net6.0-windows\zsmartclient_unittest.dll" id="9cb22239-8c05-3795-1d49-f4debbc5193e">
      <TestCategory>
        <TestCategoryItem TestCategory="SearchResultActionBarViewModel" />
      </TestCategory>
      <Execution id="e3caf909-ecb4-4b18-ba1c-68be50c59f1a" />
      <TestMethod codeBase="D:\actions-runner\_work\XPCO\XPCO\AllSolutions\..\SC\Components\RemoteViewer\SmartClient\tst\zSmartClient_UnitTest\bin\x64\Debug\net6.0-windows\zSmartClient_UnitTest.dll" adapterTypeName="executor://mstestadapter/v2" className="SmartClient_UnitTest.VideoOS.RemoteClient.Plugin.CentralizedSearch.ViewModels.SearchResultsActionBarViewModelTest" name="SearchResultsActionBarActions_CreateSnapshot_InvokeCommand_NoSnapshotSucceeded_CorrectStatusTextShown" />
    </UnitTest>
    <UnitTest name="MoveToTop_ShouldNotChangeZOrder_WhenItemIdIsNotFound" storage="d:\actions-runner\_work\xpco\xpco\allsolutions\..\sc\components\remoteviewer\smartclient\tst\zsmartclient_unittest\bin\x64\debug\net6.0-windows\zsmartclient_unittest.dll" id="6d90f09d-ac26-1a78-00bb-8e50418f096e">
      <TestCategory>
        <TestCategoryItem TestCategory="SmartMap.MapItemsOverlay" />
      </TestCategory>
      <Execution id="5a00b8bf-d5a3-4504-b087-fbb484eefff0" />
      <TestMethod codeBase="D:\actions-runner\_work\XPCO\XPCO\AllSolutions\..\SC\Components\RemoteViewer\SmartClient\tst\zSmartClient_UnitTest\bin\x64\Debug\net6.0-windows\zSmartClient_UnitTest.dll" adapterTypeName="executor://mstestadapter/v2" className="SmartClient_UnitTest.VideoOS.RemoteClient.Plugin.GisMap.ThinkGeoMap.SpecializedOverlays.Overlays.MapItemsOverlayTests" name="MoveToTop_ShouldNotChangeZOrder_WhenItemIdIsNotFound" />
    </UnitTest>
    <UnitTest name="DrawItems_TimeZoneUtcPlus1_MarksShifted" storage="d:\actions-runner\_work\xpco\xpco\allsolutions\..\sc\components\remoteviewer\smartclient\tst\zsmartclient_unittest\bin\x64\debug\net6.0-windows\zsmartclient_unittest.dll" id="b0092946-2776-e7d9-62f7-adb16861e4a5">
      <TestCategory>
        <TestCategoryItem TestCategory="SearchControls" />
      </TestCategory>
      <Execution id="e63cc5d1-0878-45cd-924c-cd00e8c0a767" />
      <TestMethod codeBase="D:\actions-runner\_work\XPCO\XPCO\AllSolutions\..\SC\Components\RemoteViewer\SmartClient\tst\zSmartClient_UnitTest\bin\x64\Debug\net6.0-windows\zSmartClient_UnitTest.dll" adapterTypeName="executor://mstestadapter/v2" className="SmartClient_UnitTest.VideoOS.RemoteClient.Plugin.CentralizedSearch.Views.Controls.TimelineRuler.TimelineRulerControlTests" name="DrawItems_TimeZoneUtcPlus1_MarksShifted" />
    </UnitTest>
    <UnitTest name="OpenStreetMapLayerIsDisabled_ShouldReturnFalse_WhenOpenStreetMapGeographicLayerOptionIsAvailableAndOpenStreetMapAlternativeServerIsEmpty" storage="d:\actions-runner\_work\xpco\xpco\allsolutions\..\sc\components\remoteviewer\smartclient\tst\zsmartclient_unittest\bin\x64\debug\net6.0-windows\zsmartclient_unittest.dll" id="fcd118df-d28f-9914-22b6-30e2ce26737f">
      <TestCategory>
        <TestCategoryItem TestCategory="GisMapLayer" />
      </TestCategory>
      <Execution id="c0336bb3-fc30-4bba-8888-1c1941096061" />
      <TestMethod codeBase="D:\actions-runner\_work\XPCO\XPCO\AllSolutions\..\SC\Components\RemoteViewer\SmartClient\tst\zSmartClient_UnitTest\bin\x64\Debug\net6.0-windows\zSmartClient_UnitTest.dll" adapterTypeName="executor://mstestadapter/v2" className="SmartClient_UnitTest.VideoOS.RemoteClient.GisMap.MapLayers.GisMapLayerTests" name="OpenStreetMapLayerIsDisabled_ShouldReturnFalse_WhenOpenStreetMapGeographicLayerOptionIsAvailableAndOpenStreetMapAlternativeServerIsEmpty" />
    </UnitTest>
    <UnitTest name="CreateExportDialog_CannotCreateExport_WithNoDestinationsSelected" storage="d:\actions-runner\_work\xpco\xpco\allsolutions\..\sc\components\remoteviewer\smartclient\tst\zsmartclient_unittest\bin\x64\debug\net6.0-windows\zsmartclient_unittest.dll" id="0ba8e521-cdf8-1d32-c711-88b35489e15b">
      <TestCategory>
        <TestCategoryItem TestCategory="Export" />
      </TestCategory>
      <Execution id="ff1015eb-a671-47e1-8bb2-5369ed242ce7" />
      <TestMethod codeBase="D:\actions-runner\_work\XPCO\XPCO\AllSolutions\..\SC\Components\RemoteViewer\SmartClient\tst\zSmartClient_UnitTest\bin\x64\Debug\net6.0-windows\zSmartClient_UnitTest.dll" adapterTypeName="executor://mstestadapter/v2" className="SmartClient_UnitTest.VideoOS.RemoteClient.Plugin.Export.CreateExportDialogViewModelTests" name="CreateExportDialog_CannotCreateExport_WithNoDestinationsSelected" />
    </UnitTest>
    <UnitTest name="InitializeTokenException_ShouldThrow_WhenErrorOutOfRangeLow" storage="d:\actions-runner\_work\xpco\xpco\allsolutions\..\sc\components\remoteviewer\smartclient\tst\zsmartclient_unittest\bin\x64\debug\net6.0-windows\zsmartclient_unittest.dll" id="0daa0cf2-f08f-9af5-8f90-3afbe873dbac">
      <TestCategory>
        <TestCategoryItem TestCategory="ServerCommandController.IDPToken" />
      </TestCategory>
      <Execution id="69e6fcda-6e7f-425c-93fb-d964f048cbed" />
      <TestMethod codeBase="D:\actions-runner\_work\XPCO\XPCO\AllSolutions\..\SC\Components\RemoteViewer\SmartClient\tst\zSmartClient_UnitTest\bin\x64\Debug\net6.0-windows\zSmartClient_UnitTest.dll" adapterTypeName="executor://mstestadapter/v2" className="SmartClient_UnitTest.VideoOS.RemoteClient.Application.Controllers.TokenExceptionsConverterTests" name="InitializeTokenException_ShouldThrow_WhenErrorOutOfRangeLow" />
    </UnitTest>
    <UnitTest name="ApplicationController_SystemInformationChangedEvent_ShouldUnregisterActions_WhenUserLoggedOut" storage="d:\actions-runner\_work\xpco\xpco\allsolutions\..\sc\components\remoteviewer\smartclient\tst\zsmartclient_unittest\bin\x64\debug\net6.0-windows\zsmartclient_unittest.dll" id="00fca5c1-405d-b820-34ef-a1a0e9446a86">
      <TestCategory>
        <TestCategoryItem TestCategory="Application.Actions" />
      </TestCategory>
      <Execution id="817c57b2-8044-4621-9f7a-e2f208ca99af" />
      <TestMethod codeBase="D:\actions-runner\_work\XPCO\XPCO\AllSolutions\..\SC\Components\RemoteViewer\SmartClient\tst\zSmartClient_UnitTest\bin\x64\Debug\net6.0-windows\zSmartClient_UnitTest.dll" adapterTypeName="executor://mstestadapter/v2" className="SmartClient_UnitTest.VideoOS.RemoteClient.Application.Actions.PresetActionTests" name="ApplicationController_SystemInformationChangedEvent_ShouldUnregisterActions_WhenUserLoggedOut" />
    </UnitTest>
    <UnitTest name="DeviceIcons_ShouldNotBeNull_WhenCalled" storage="d:\actions-runner\_work\xpco\xpco\allsolutions\..\sc\components\remoteviewer\smartclient\tst\zsmartclient_unittest\bin\x64\debug\net6.0-windows\zsmartclient_unittest.dll" id="9636a1f1-1232-f981-d42a-36589836bff4">
      <TestCategory>
        <TestCategoryItem TestCategory="GisMapData.OutputOemResourcesProviderTests" />
      </TestCategory>
      <Execution id="a36bc435-f623-4307-8c78-85a68da0d0bd" />
      <TestMethod codeBase="D:\actions-runner\_work\XPCO\XPCO\AllSolutions\..\SC\Components\RemoteViewer\SmartClient\tst\zSmartClient_UnitTest\bin\x64\Debug\net6.0-windows\zSmartClient_UnitTest.dll" adapterTypeName="executor://mstestadapter/v2" className="SmartClient_UnitTest.VideoOS.RemoteClient.GisMapData.Resources.OutputOemResourcesProviderTests" name="DeviceIcons_ShouldNotBeNull_WhenCalled" />
    </UnitTest>
    <UnitTest name="GetDomain_ShouldReturnEmptyDomainPartOfNetworkCredentials_WhenNetworkCredentialsContainsNoDomain" storage="d:\actions-runner\_work\xpco\xpco\allsolutions\..\sc\components\remoteviewer\smartclient\tst\zsmartclient_unittest\bin\x64\debug\net6.0-windows\zsmartclient_unittest.dll" id="f84b750e-f7b1-dfa1-6239-ac206a9e1008">
      <TestCategory>
        <TestCategoryItem TestCategory="Authentication.ClientCredentials" />
      </TestCategory>
      <Execution id="aff3cbc4-c94c-459e-b148-92aa7be47a5e" />
      <TestMethod codeBase="D:\actions-runner\_work\XPCO\XPCO\AllSolutions\..\SC\Components\RemoteViewer\SmartClient\tst\zSmartClient_UnitTest\bin\x64\Debug\net6.0-windows\zSmartClient_UnitTest.dll" adapterTypeName="executor://mstestadapter/v2" className="SmartClient_UnitTest.VideoOS.Shared.ServerAPI.ClientCredentialsTest" name="GetDomain_ShouldReturnEmptyDomainPartOfNetworkCredentials_WhenNetworkCredentialsContainsNoDomain" />
    </UnitTest>
    <UnitTest name="PatrollingStepListViewModel_MoveStepUpExecute" storage="d:\actions-runner\_work\xpco\xpco\allsolutions\..\sc\components\remoteviewer\smartclient\tst\zsmartclient_unittest\bin\x64\debug\net6.0-windows\zsmartclient_unittest.dll" id="72855fe1-8be2-532b-4d86-61e95119c906">
      <Execution id="1a447238-ae63-4302-931f-ef4758b6bd8c" />
      <TestMethod codeBase="D:\actions-runner\_work\XPCO\XPCO\AllSolutions\..\SC\Components\RemoteViewer\SmartClient\tst\zSmartClient_UnitTest\bin\x64\Debug\net6.0-windows\zSmartClient_UnitTest.dll" adapterTypeName="executor://mstestadapter/v2" className="SmartClient_UnitTest.VideoOS.RemoteClient.Application.UI.PtzPreset.PatrollingViewModel.PatrollingStepListViewModelTest" name="PatrollingStepListViewModel_MoveStepUpExecute" />
    </UnitTest>
    <UnitTest name="TryAddInterval_ShouldReturnCorrectValue (True,True,Success)" storage="d:\actions-runner\_work\xpco\xpco\allsolutions\..\sc\components\remoteviewer\smartclient\tst\zsmartclient_unittest\bin\x64\debug\net6.0-windows\zsmartclient_unittest.dll" id="0e950736-8c33-6909-c85f-78e931c25e77">
      <TestCategory>
        <TestCategoryItem TestCategory="Managers" />
      </TestCategory>
      <Execution id="41db573b-95e6-4599-84c4-8ebfa01bd462" />
      <TestMethod codeBase="D:\actions-runner\_work\XPCO\XPCO\AllSolutions\..\SC\Components\RemoteViewer\SmartClient\tst\zSmartClient_UnitTest\bin\x64\Debug\net6.0-windows\zSmartClient_UnitTest.dll" adapterTypeName="executor://mstestadapter/v2" className="SmartClient_UnitTest.VideoOS.RemoteClient.Application.Managers.ExportManagerTests" name="TryAddInterval_ShouldReturnCorrectValue" />
    </UnitTest>
    <UnitTest name="SmartMapGoToPositionHandler_WhenZoomIsInvalid_ShouldWriteToLog" storage="d:\actions-runner\_work\xpco\xpco\allsolutions\..\sc\components\remoteviewer\smartclient\tst\zsmartclient_unittest\bin\x64\debug\net6.0-windows\zsmartclient_unittest.dll" id="a2942f2b-9678-3c30-9d53-cbabd8538e8a">
      <Execution id="af5cfb66-93ce-4080-af3b-f16ca5b48c1d" />
      <TestMethod codeBase="D:\actions-runner\_work\XPCO\XPCO\AllSolutions\..\SC\Components\RemoteViewer\SmartClient\tst\zSmartClient_UnitTest\bin\x64\Debug\net6.0-windows\zSmartClient_UnitTest.dll" adapterTypeName="executor://mstestadapter/v2" className="SmartClient_UnitTest.VideoOS.RemoteClient.Plugin.GisMap.MIP.ContentHolderMipMessageManagerTests" name="SmartMapGoToPositionHandler_WhenZoomIsInvalid_ShouldWriteToLog" />
    </UnitTest>
    <UnitTest name="FilteredItems_NoFilter_AllItemsVisible" storage="d:\actions-runner\_work\xpco\xpco\allsolutions\..\sc\components\remoteviewer\smartclient\tst\zsmartclient_unittest\bin\x64\debug\net6.0-windows\zsmartclient_unittest.dll" id="96abbcdd-783c-a6e6-4e38-7f3dc42ebf4f">
      <TestCategory>
        <TestCategoryItem TestCategory="Search" />
      </TestCategory>
      <Execution id="7cee4925-e4ab-45a1-ad1a-27a6c3ca27f6" />
      <TestMethod codeBase="D:\actions-runner\_work\XPCO\XPCO\AllSolutions\..\SC\Components\RemoteViewer\SmartClient\tst\zSmartClient_UnitTest\bin\x64\Debug\net6.0-windows\zSmartClient_UnitTest.dll" adapterTypeName="executor://mstestadapter/v2" className="SmartClient_UnitTest.VideoOS.RemoteClient.Plugin.CentralizedSearch.MIPPlugin.Criteria.MultipleSelectionAttributeEditControlTest" name="FilteredItems_NoFilter_AllItemsVisible" />
    </UnitTest>
    <UnitTest name="AndOrSearchDefinitionToVisibilityMultiConverter_CallConvert_WithNullSearchDefinitionWrapper" storage="d:\actions-runner\_work\xpco\xpco\allsolutions\..\sc\components\remoteviewer\smartclient\tst\zsmartclient_unittest\bin\x64\debug\net6.0-windows\zsmartclient_unittest.dll" id="bc1eab18-b23a-a958-6a7b-2426121871d6">
      <TestCategory>
        <TestCategoryItem TestCategory="SearchConverter" />
      </TestCategory>
      <Execution id="f5f852ff-5a2e-4ec3-a85c-6bc246095ba6" />
      <TestMethod codeBase="D:\actions-runner\_work\XPCO\XPCO\AllSolutions\..\SC\Components\RemoteViewer\SmartClient\tst\zSmartClient_UnitTest\bin\x64\Debug\net6.0-windows\zSmartClient_UnitTest.dll" adapterTypeName="executor://mstestadapter/v2" className="SmartClient_UnitTest.VideoOS.RemoteClient.Plugin.CentralizedSearch.Views.Converters.AndOrSearchDefinitionMultiConverterTests" name="AndOrSearchDefinitionToVisibilityMultiConverter_CallConvert_WithNullSearchDefinitionWrapper" />
    </UnitTest>
    <UnitTest name="Re_adding_cameras_with_no_RetentionCreate_rights_after_extending_retention_interval" storage="d:\actions-runner\_work\xpco\xpco\allsolutions\..\sc\components\remoteviewer\smartclient\tst\zsmartclient_unittest\bin\x64\debug\net6.0-windows\zsmartclient_unittest.dll" id="9040b640-fe7c-9575-9486-622077ffb232">
      <Execution id="f9116157-271f-49af-8ffd-174e9fb6aecc" />
      <TestMethod codeBase="D:\actions-runner\_work\XPCO\XPCO\AllSolutions\..\SC\Components\RemoteViewer\SmartClient\tst\zSmartClient_UnitTest\bin\x64\Debug\net6.0-windows\zSmartClient_UnitTest.dll" adapterTypeName="executor://mstestadapter/v2" className="SmartClient_UnitTest.VideoOS.RemoteClient.Application.Components.EvidenceLock.EvidenceLockEditModeUserRightTests" name="Re_adding_cameras_with_no_RetentionCreate_rights_after_extending_retention_interval" />
    </UnitTest>
    <UnitTest name="CameraMapItem_Delete_Success" storage="d:\actions-runner\_work\xpco\xpco\allsolutions\..\sc\components\remoteviewer\smartclient\tst\zsmartclient_unittest\bin\x64\debug\net6.0-windows\zsmartclient_unittest.dll" id="d3a599a4-935b-da5b-b016-03413c57fddc">
      <TestCategory>
        <TestCategoryItem TestCategory="GisMapMapItem" />
      </TestCategory>
      <Execution id="70d76f56-0c78-4d32-abbd-501bbaea31fb" />
      <TestMethod codeBase="D:\actions-runner\_work\XPCO\XPCO\AllSolutions\..\SC\Components\RemoteViewer\SmartClient\tst\zSmartClient_UnitTest\bin\x64\Debug\net6.0-windows\zSmartClient_UnitTest.dll" adapterTypeName="executor://mstestadapter/v2" className="SmartClient_UnitTest.VideoOS.RemoteClient.GisMap.MapItem.MapItemTests" name="CameraMapItem_Delete_Success" />
    </UnitTest>
    <UnitTest name="GetServerTypes_ShouldReturnManagementServerType" storage="d:\actions-runner\_work\xpco\xpco\allsolutions\..\sc\components\remoteviewer\smartclient\tst\zsmartclient_unittest\bin\x64\debug\net6.0-windows\zsmartclient_unittest.dll" id="d9cf4840-605e-c89a-3f41-61314ef11e52">
      <Execution id="3ab6e514-ee11-4f06-a8d4-00630aa40d6a" />
      <TestMethod codeBase="D:\actions-runner\_work\XPCO\XPCO\AllSolutions\..\SC\Components\RemoteViewer\SmartClient\tst\zSmartClient_UnitTest\bin\x64\Debug\net6.0-windows\zSmartClient_UnitTest.dll" adapterTypeName="executor://mstestadapter/v2" className="SmartClient_UnitTest.VideoOS.RemoteClient.Application.Data.ContentTypes.ReportingContentType.DashboardExtentionsTest" name="GetServerTypes_ShouldReturnManagementServerType" />
    </UnitTest>
    <UnitTest name="Password1 invalid, Password 2 invalid" storage="d:\actions-runner\_work\xpco\xpco\allsolutions\..\sc\components\remoteviewer\smartclient\tst\zsmartclient_unittest\bin\x64\debug\net6.0-windows\zsmartclient_unittest.dll" id="b520e9be-bd72-d8ea-61ca-a3966da610ee">
      <TestCategory>
        <TestCategoryItem TestCategory="Export" />
      </TestCategory>
      <Execution id="ac996e90-b096-4b55-9fe7-05c900354dbd" />
      <TestMethod codeBase="D:\actions-runner\_work\XPCO\XPCO\AllSolutions\..\SC\Components\RemoteViewer\SmartClient\tst\zSmartClient_UnitTest\bin\x64\Debug\net6.0-windows\zSmartClient_UnitTest.dll" adapterTypeName="executor://mstestadapter/v2" className="SmartClient_UnitTest.VideoOS.RemoteClient.Plugin.Export.PasswordDialogViewModelTests" name="ArePasswordsValid_ShouldDependOnPassword1AndPassword2" />
    </UnitTest>
    <UnitTest name="LoadSearchTemplate_ActiveToNewActiveSuppressEvent_UpdateAndNoEvent" storage="d:\actions-runner\_work\xpco\xpco\allsolutions\..\sc\components\remoteviewer\smartclient\tst\zsmartclient_unittest\bin\x64\debug\net6.0-windows\zsmartclient_unittest.dll" id="a8fe3325-ab25-7197-00a6-eb64a10d8cb7">
      <TestCategory>
        <TestCategoryItem TestCategory="SearchTemplates" />
      </TestCategory>
      <Execution id="1ad84daa-0261-467f-bba2-8e6fe2e938ca" />
      <TestMethod codeBase="D:\actions-runner\_work\XPCO\XPCO\AllSolutions\..\SC\Components\RemoteViewer\SmartClient\tst\zSmartClient_UnitTest\bin\x64\Debug\net6.0-windows\zSmartClient_UnitTest.dll" adapterTypeName="executor://mstestadapter/v2" className="SmartClient_UnitTest.VideoOS.RemoteClient.Plugin.CentralizedSearch.SearchTemplates.SearchTemplateManagerTests" name="LoadSearchTemplate_ActiveToNewActiveSuppressEvent_UpdateAndNoEvent" />
    </UnitTest>
    <UnitTest name="GetLayerVisibilityItemsData_ShouldAddOneFixedLayer_WhenOnlyDeviceMapLayersAreProvided" storage="d:\actions-runner\_work\xpco\xpco\allsolutions\..\sc\components\remoteviewer\smartclient\tst\zsmartclient_unittest\bin\x64\debug\net6.0-windows\zsmartclient_unittest.dll" id="076370ef-98dd-553b-4db5-16eb7626b01e">
      <TestCategory>
        <TestCategoryItem TestCategory="GisMap.DefaultFixedLayerManagerStrategyTests" />
      </TestCategory>
      <Execution id="f06c31c0-6ea4-4e5a-94b8-e5c55ea34ad5" />
      <TestMethod codeBase="D:\actions-runner\_work\XPCO\XPCO\AllSolutions\..\SC\Components\RemoteViewer\SmartClient\tst\zSmartClient_UnitTest\bin\x64\Debug\net6.0-windows\zSmartClient_UnitTest.dll" adapterTypeName="executor://mstestadapter/v2" className="SmartClient_UnitTest.VideoOS.RemoteClient.Plugin.GisMap.ViewModels.LayersVisibility.FixedLayers.DefaultFixedLayerManagerStrategyTests" name="GetLayerVisibilityItemsData_ShouldAddOneFixedLayer_WhenOnlyDeviceMapLayersAreProvided" />
    </UnitTest>
    <UnitTest name="TestMultipleTaskUpdate" storage="d:\actions-runner\_work\xpco\xpco\allsolutions\..\sc\components\remoteviewer\smartclient\tst\zsmartclient_unittest\bin\x64\debug\net6.0-windows\zsmartclient_unittest.dll" id="f16a12ad-889f-384d-d0eb-cbbdfad076fe">
      <Execution id="8cc0f934-c5f8-49d1-942d-e98f5020e1fa" />
      <TestMethod codeBase="D:\actions-runner\_work\XPCO\XPCO\AllSolutions\..\SC\Components\RemoteViewer\SmartClient\tst\zSmartClient_UnitTest\bin\x64\Debug\net6.0-windows\zSmartClient_UnitTest.dll" adapterTypeName="executor://mstestadapter/v2" className="SmartClient_UnitTest.VideoOS.RemoteClient.Application.Managers.EdgeRetrievalTaskManagerUnitTest" name="TestMultipleTaskUpdate" />
    </UnitTest>
    <UnitTest name="Close_ShouldBeInvoked_WhenMarkerIsDisposed" storage="d:\actions-runner\_work\xpco\xpco\allsolutions\..\sc\components\remoteviewer\smartclient\tst\zsmartclient_unittest\bin\x64\debug\net6.0-windows\zsmartclient_unittest.dll" id="d2ac6e2c-d244-6600-ac41-33c9ad0aa47c">
      <TestCategory>
        <TestCategoryItem TestCategory="MapItemMarkerBase" />
      </TestCategory>
      <Execution id="1bcfc9ad-a63f-46a2-9ebf-53a6d433514d" />
      <TestMethod codeBase="D:\actions-runner\_work\XPCO\XPCO\AllSolutions\..\SC\Components\RemoteViewer\SmartClient\tst\zSmartClient_UnitTest\bin\x64\Debug\net6.0-windows\zSmartClient_UnitTest.dll" adapterTypeName="executor://mstestadapter/v2" className="SmartClient_UnitTest.VideoOS.RemoteClient.Plugin.GisMap.ThinkGeoMap.Markers.MapItemMarkerBaseTests" name="Close_ShouldBeInvoked_WhenMarkerIsDisposed" />
    </UnitTest>
    <UnitTest name="InputItemsMapLayer_Load_Save_DataIsSame_WhenInputIsEnabled" storage="d:\actions-runner\_work\xpco\xpco\allsolutions\..\sc\components\remoteviewer\smartclient\tst\zsmartclient_unittest\bin\x64\debug\net6.0-windows\zsmartclient_unittest.dll" id="e7e1ec7e-8e1e-7f8d-e3da-59506c852ed4">
      <TestCategory>
        <TestCategoryItem TestCategory="GisMapLayer" />
      </TestCategory>
      <Execution id="7f5ae461-ab00-4bfd-89ce-55fb3db5d7e5" />
      <TestMethod codeBase="D:\actions-runner\_work\XPCO\XPCO\AllSolutions\..\SC\Components\RemoteViewer\SmartClient\tst\zSmartClient_UnitTest\bin\x64\Debug\net6.0-windows\zSmartClient_UnitTest.dll" adapterTypeName="executor://mstestadapter/v2" className="SmartClient_UnitTest.VideoOS.RemoteClient.GisMap.MapLayers.GisMapLayerTests" name="InputItemsMapLayer_Load_Save_DataIsSame_WhenInputIsEnabled" />
    </UnitTest>
    <UnitTest name="NavigateAndSelectAsync_DeselectCamera_ReCenterCommandEnabled" storage="d:\actions-runner\_work\xpco\xpco\allsolutions\..\sc\components\remoteviewer\smartclient\tst\zsmartclient_unittest\bin\x64\debug\net6.0-windows\zsmartclient_unittest.dll" id="317e86cb-de5d-7ed1-da85-650314a8d400">
      <TestCategory>
        <TestCategoryItem TestCategory="GisMap.GisMapViewModel" />
      </TestCategory>
      <Execution id="edc96316-641b-43d3-96dd-970131c19fd7" />
      <TestMethod codeBase="D:\actions-runner\_work\XPCO\XPCO\AllSolutions\..\SC\Components\RemoteViewer\SmartClient\tst\zSmartClient_UnitTest\bin\x64\Debug\net6.0-windows\zSmartClient_UnitTest.dll" adapterTypeName="executor://mstestadapter/v2" className="SmartClient_UnitTest.VideoOS.RemoteClient.Plugin.GisMap.ViewModels.GisMapViewModelTests" name="NavigateAndSelectAsync_DeselectCamera_ReCenterCommandEnabled" />
    </UnitTest>
    <UnitTest name="Ctor_TwoBuiltInGroupsDefined_TwoCompositeAgentsAddedAndOneStandardAgentAdded" storage="d:\actions-runner\_work\xpco\xpco\allsolutions\..\sc\components\remoteviewer\smartclient\tst\zsmartclient_unittest\bin\x64\debug\net6.0-windows\zsmartclient_unittest.dll" id="a39ae70d-c88f-1b05-e852-22bd9620ca7b">
      <TestCategory>
        <TestCategoryItem TestCategory="ScSearchManager" />
      </TestCategory>
      <Execution id="d6baecce-6de9-4413-a650-3ce17861d697" />
      <TestMethod codeBase="D:\actions-runner\_work\XPCO\XPCO\AllSolutions\..\SC\Components\RemoteViewer\SmartClient\tst\zSmartClient_UnitTest\bin\x64\Debug\net6.0-windows\zSmartClient_UnitTest.dll" adapterTypeName="executor://mstestadapter/v2" className="SmartClient_UnitTest.VideoOS.RemoteClient.Plugin.CentralizedSearch.MIPPlugin.ScSearchManagerTests" name="Ctor_TwoBuiltInGroupsDefined_TwoCompositeAgentsAddedAndOneStandardAgentAdded" />
    </UnitTest>
    <UnitTest name="Constructor_ShouldRaiseArgumentNullException_WhenLayersIsNull" storage="d:\actions-runner\_work\xpco\xpco\allsolutions\..\sc\components\remoteviewer\smartclient\tst\zsmartclient_unittest\bin\x64\debug\net6.0-windows\zsmartclient_unittest.dll" id="4b4d5e86-475e-c148-8766-115d68041442">
      <TestCategory>
        <TestCategoryItem TestCategory="GisMap.Controllers.Devices.MapItems" />
      </TestCategory>
      <Execution id="bce31a8f-bd9e-4bb9-aee3-2524a66a0edb" />
      <TestMethod codeBase="D:\actions-runner\_work\XPCO\XPCO\AllSolutions\..\SC\Components\RemoteViewer\SmartClient\tst\zSmartClient_UnitTest\bin\x64\Debug\net6.0-windows\zSmartClient_UnitTest.dll" adapterTypeName="executor://mstestadapter/v2" className="SmartClient_UnitTest.VideoOS.RemoteClient.Plugin.GisMap.Controllers.Devices.MapItems.DeviceDataControllerTests" name="Constructor_ShouldRaiseArgumentNullException_WhenLayersIsNull" />
    </UnitTest>
    <UnitTest name="Execute_YesCommand_DialogResultReturnsTrue" storage="d:\actions-runner\_work\xpco\xpco\allsolutions\..\sc\components\remoteviewer\smartclient\tst\zsmartclient_unittest\bin\x64\debug\net6.0-windows\zsmartclient_unittest.dll" id="c122d3c0-e65a-97bc-0031-9b0adfb0a20b">
      <Execution id="2f9b0389-c650-4719-a13c-d7030aaee7f2" />
      <TestMethod codeBase="D:\actions-runner\_work\XPCO\XPCO\AllSolutions\..\SC\Components\RemoteViewer\SmartClient\tst\zSmartClient_UnitTest\bin\x64\Debug\net6.0-windows\zSmartClient_UnitTest.dll" adapterTypeName="executor://mstestadapter/v2" className="SmartClient_UnitTest.VideoOS.RemoteClient.Application.UI.Common.MessageBoxWithList.MessageBoxWithListViewModelTests" name="Execute_YesCommand_DialogResultReturnsTrue" />
    </UnitTest>
    <UnitTest name="Convert_InvalidSecondArgument_Collapsed" storage="d:\actions-runner\_work\xpco\xpco\allsolutions\..\sc\components\remoteviewer\smartclient\tst\zsmartclient_unittest\bin\x64\debug\net6.0-windows\zsmartclient_unittest.dll" id="5c9e3b97-385d-08ab-8be4-492336c43670">
      <TestCategory>
        <TestCategoryItem TestCategory="SearchConverter" />
      </TestCategory>
      <Execution id="ccaeed7b-085d-4d2d-99a7-47347d1d84d9" />
      <TestMethod codeBase="D:\actions-runner\_work\XPCO\XPCO\AllSolutions\..\SC\Components\RemoteViewer\SmartClient\tst\zSmartClient_UnitTest\bin\x64\Debug\net6.0-windows\zSmartClient_UnitTest.dll" adapterTypeName="executor://mstestadapter/v2" className="SmartClient_UnitTest.VideoOS.RemoteClient.Plugin.CentralizedSearch.Views.Converters.NoCriteriaSelectedGridVisibilityConverterTests" name="Convert_InvalidSecondArgument_Collapsed" />
    </UnitTest>
    <UnitTest name="ActionBarPluginsEnabled_TwoPluginsWithDifferentOverflowModes_PluginButtonPresentInActionBarAndSortedCorrectly" storage="d:\actions-runner\_work\xpco\xpco\allsolutions\..\sc\components\remoteviewer\smartclient\tst\zsmartclient_unittest\bin\x64\debug\net6.0-windows\zsmartclient_unittest.dll" id="f4a64d46-5162-ebbc-c6d5-bf9ee224f0ba">
      <TestCategory>
        <TestCategoryItem TestCategory="SearchViews" />
      </TestCategory>
      <Execution id="b4d0b018-6d23-4fbf-a8fc-84ee32815d88" />
      <TestMethod codeBase="D:\actions-runner\_work\XPCO\XPCO\AllSolutions\..\SC\Components\RemoteViewer\SmartClient\tst\zSmartClient_UnitTest\bin\x64\Debug\net6.0-windows\zSmartClient_UnitTest.dll" adapterTypeName="executor://mstestadapter/v2" className="SmartClient_UnitTest.VideoOS.RemoteClient.Plugin.CentralizedSearch.Views.SearchResultActionBarViewTests" name="ActionBarPluginsEnabled_TwoPluginsWithDifferentOverflowModes_PluginButtonPresentInActionBarAndSortedCorrectly" />
    </UnitTest>
    <UnitTest name="RemoveDefinition_NullDefinition_Throws" storage="d:\actions-runner\_work\xpco\xpco\allsolutions\..\sc\components\remoteviewer\smartclient\tst\zsmartclient_unittest\bin\x64\debug\net6.0-windows\zsmartclient_unittest.dll" id="dc2a73b2-537f-23c2-17dd-b62bfff2142a">
      <TestCategory>
        <TestCategoryItem TestCategory="SearchModels" />
      </TestCategory>
      <Execution id="e2812c05-4b09-4290-b5b1-3ac27d79fcfb" />
      <TestMethod codeBase="D:\actions-runner\_work\XPCO\XPCO\AllSolutions\..\SC\Components\RemoteViewer\SmartClient\tst\zSmartClient_UnitTest\bin\x64\Debug\net6.0-windows\zSmartClient_UnitTest.dll" adapterTypeName="executor://mstestadapter/v2" className="SmartClient_UnitTest.VideoOS.RemoteClient.Plugin.CentralizedSearch.Models.SearchModelTests" name="RemoveDefinition_NullDefinition_Throws" />
    </UnitTest>
    <UnitTest name="SearchResultsActionBarActions_SendToFloatingWindowMaxCamerasExceededButAccepted_InvokeCommand_WarningDialogDisplayed" storage="d:\actions-runner\_work\xpco\xpco\allsolutions\..\sc\components\remoteviewer\smartclient\tst\zsmartclient_unittest\bin\x64\debug\net6.0-windows\zsmartclient_unittest.dll" id="c7772852-e1ce-5a56-9e2d-f376c5ee0d2f">
      <TestCategory>
        <TestCategoryItem TestCategory="SearchResultActionBarViewModel" />
      </TestCategory>
      <Execution id="18acc416-a00c-4c0f-8267-ea85e27ce5de" />
      <TestMethod codeBase="D:\actions-runner\_work\XPCO\XPCO\AllSolutions\..\SC\Components\RemoteViewer\SmartClient\tst\zSmartClient_UnitTest\bin\x64\Debug\net6.0-windows\zSmartClient_UnitTest.dll" adapterTypeName="executor://mstestadapter/v2" className="SmartClient_UnitTest.VideoOS.RemoteClient.Plugin.CentralizedSearch.ViewModels.SearchResultsActionBarViewModelTest" name="SearchResultsActionBarActions_SendToFloatingWindowMaxCamerasExceededButAccepted_InvokeCommand_WarningDialogDisplayed" />
    </UnitTest>
    <UnitTest name="Ctor_WpfMessageBoxButtonIsSetToYesNo_OnlyYesNoButtonsVisible" storage="d:\actions-runner\_work\xpco\xpco\allsolutions\..\sc\components\remoteviewer\smartclient\tst\zsmartclient_unittest\bin\x64\debug\net6.0-windows\zsmartclient_unittest.dll" id="2e3adaa4-ba6e-d91b-783c-2bb11efe1b7a">
      <Execution id="b3d2c0a3-3a48-4f0e-adf0-964d16c7e7a5" />
      <TestMethod codeBase="D:\actions-runner\_work\XPCO\XPCO\AllSolutions\..\SC\Components\RemoteViewer\SmartClient\tst\zSmartClient_UnitTest\bin\x64\Debug\net6.0-windows\zSmartClient_UnitTest.dll" adapterTypeName="executor://mstestadapter/v2" className="SmartClient_UnitTest.VideoOS.RemoteClient.Application.UI.Common.MessageBoxWithList.MessageBoxWithListViewModelTests" name="Ctor_WpfMessageBoxButtonIsSetToYesNo_OnlyYesNoButtonsVisible" />
    </UnitTest>
    <UnitTest name="VideoResultSearchResult_ShouldOnlyHavePropertiesFromSecondContext_WhenSetTwiceAndThrowingOnTokenCancellation" storage="d:\actions-runner\_work\xpco\xpco\allsolutions\..\sc\components\remoteviewer\smartclient\tst\zsmartclient_unittest\bin\x64\debug\net6.0-windows\zsmartclient_unittest.dll" id="2a52f03a-cddc-7860-41d6-2e4a73025212">
      <TestCategory>
        <TestCategoryItem TestCategory="SearchControls" />
      </TestCategory>
      <Execution id="f1d76292-9944-4de1-8b44-a53f907b710d" />
      <TestMethod codeBase="D:\actions-runner\_work\XPCO\XPCO\AllSolutions\..\SC\Components\RemoteViewer\SmartClient\tst\zSmartClient_UnitTest\bin\x64\Debug\net6.0-windows\zSmartClient_UnitTest.dll" adapterTypeName="executor://mstestadapter/v2" className="SmartClient_UnitTest.VideoOS.RemoteClient.Plugin.CentralizedSearch.Views.Controls.SearchResultDetailsControlTests" name="VideoResultSearchResult_ShouldOnlyHavePropertiesFromSecondContext_WhenSetTwiceAndThrowingOnTokenCancellation" />
    </UnitTest>
    <UnitTest name="SearchAction_BrowseMode_Now" storage="d:\actions-runner\_work\xpco\xpco\allsolutions\..\sc\components\remoteviewer\smartclient\tst\zsmartclient_unittest\bin\x64\debug\net6.0-windows\zsmartclient_unittest.dll" id="e81278a0-f697-84b0-67b1-ed0b5035a30c">
      <TestCategory>
        <TestCategoryItem TestCategory="WorkspaceToolbar" />
      </TestCategory>
      <Execution id="619ba7c5-a579-4c5f-b3d1-7401d28ebb5c" />
      <TestMethod codeBase="D:\actions-runner\_work\XPCO\XPCO\AllSolutions\..\SC\Components\RemoteViewer\SmartClient\tst\zSmartClient_UnitTest\bin\x64\Debug\net6.0-windows\zSmartClient_UnitTest.dll" adapterTypeName="executor://mstestadapter/v2" className="SmartClient_UnitTest.VideoOS.RemoteClient.Application.Data.WorkspaceToolbar.WorkspaceToolbarItemSmartSearchTests" name="SearchAction_BrowseMode_Now" />
    </UnitTest>
    <UnitTest name="RemoveSelectedCameraCommand_WithActiveSearchTemplateAndValidCamera_ActiveSearchTemplateModifiedSet" storage="d:\actions-runner\_work\xpco\xpco\allsolutions\..\sc\components\remoteviewer\smartclient\tst\zsmartclient_unittest\bin\x64\debug\net6.0-windows\zsmartclient_unittest.dll" id="29952541-0072-8c3b-e8db-a524fa1509da">
      <TestCategory>
        <TestCategoryItem TestCategory="SearchViewModels" />
      </TestCategory>
      <Execution id="a6e863ad-0096-4e8b-8df9-72ece0e87b3e" />
      <TestMethod codeBase="D:\actions-runner\_work\XPCO\XPCO\AllSolutions\..\SC\Components\RemoteViewer\SmartClient\tst\zSmartClient_UnitTest\bin\x64\Debug\net6.0-windows\zSmartClient_UnitTest.dll" adapterTypeName="executor://mstestadapter/v2" className="SmartClient_UnitTest.VideoOS.RemoteClient.Plugin.CentralizedSearch.ViewModels.SearchViewModelTests" name="RemoveSelectedCameraCommand_WithActiveSearchTemplateAndValidCamera_ActiveSearchTemplateModifiedSet" />
    </UnitTest>
    <UnitTest name="GetBoundingShapesForMetadataObjectsAsync_ShouldIncludeNonFirstMetadataObject_WhenRequestedTimeIsWithinMetadataTimespan" storage="d:\actions-runner\_work\xpco\xpco\allsolutions\..\sc\components\remoteviewer\smartclient\tst\zsmartclient_unittest\bin\x64\debug\net6.0-windows\zsmartclient_unittest.dll" id="a5677ca9-068f-1409-b05b-617b1124d3e3">
      <Execution id="1abd420c-6086-4acf-800c-af50aee737ea" />
      <TestMethod codeBase="D:\actions-runner\_work\XPCO\XPCO\AllSolutions\..\SC\Components\RemoteViewer\SmartClient\tst\zSmartClient_UnitTest\bin\x64\Debug\net6.0-windows\zSmartClient_UnitTest.dll" adapterTypeName="executor://mstestadapter/v2" className="SmartClient_UnitTest.VideoOS.RemoteClient.Plugin.CentralizedSearch.Utils.MetadataUtilTests" name="GetBoundingShapesForMetadataObjectsAsync_ShouldIncludeNonFirstMetadataObject_WhenRequestedTimeIsWithinMetadataTimespan" />
    </UnitTest>
    <UnitTest name="GetSKU_ShouldReturnEmptyString_WhenLicenseIsNull" storage="d:\actions-runner\_work\xpco\xpco\allsolutions\..\sc\components\remoteviewer\smartclient\tst\zsmartclient_unittest\bin\x64\debug\net6.0-windows\zsmartclient_unittest.dll" id="57bd8ba2-a7b1-3773-dd72-99c3e39978da">
      <Execution id="440738ab-70fb-4b7a-90ca-af4815743c71" />
      <TestMethod codeBase="D:\actions-runner\_work\XPCO\XPCO\AllSolutions\..\SC\Components\RemoteViewer\SmartClient\tst\zSmartClient_UnitTest\bin\x64\Debug\net6.0-windows\zSmartClient_UnitTest.dll" adapterTypeName="executor://mstestadapter/v2" className="SmartClient_UnitTest.VideoOS.RemoteClient.Application.Common.Telemetry.SCTelemetrySpecificsTests" name="GetSKU_ShouldReturnEmptyString_WhenLicenseIsNull" />
    </UnitTest>
    <UnitTest name="CreateExportDialog_CannotCreateExport_WithMissingExportName" storage="d:\actions-runner\_work\xpco\xpco\allsolutions\..\sc\components\remoteviewer\smartclient\tst\zsmartclient_unittest\bin\x64\debug\net6.0-windows\zsmartclient_unittest.dll" id="6e8c0e78-ac96-07f6-2327-5c670bb6a7bf">
      <TestCategory>
        <TestCategoryItem TestCategory="Export" />
      </TestCategory>
      <Execution id="022e07cd-2018-4200-9de6-9ebb3b1fc613" />
      <TestMethod codeBase="D:\actions-runner\_work\XPCO\XPCO\AllSolutions\..\SC\Components\RemoteViewer\SmartClient\tst\zSmartClient_UnitTest\bin\x64\Debug\net6.0-windows\zSmartClient_UnitTest.dll" adapterTypeName="executor://mstestadapter/v2" className="SmartClient_UnitTest.VideoOS.RemoteClient.Plugin.Export.CreateExportDialogViewModelTests" name="CreateExportDialog_CannotCreateExport_WithMissingExportName" />
    </UnitTest>
    <UnitTest name="SuspendedPropertyChanged_Success" storage="d:\actions-runner\_work\xpco\xpco\allsolutions\..\sc\components\remoteviewer\smartclient\tst\zsmartclient_unittest\bin\x64\debug\net6.0-windows\zsmartclient_unittest.dll" id="f192461d-c04b-ccd8-4669-21b5fa7a7ede">
      <TestCategory>
        <TestCategoryItem TestCategory="SearchViews" />
      </TestCategory>
      <Execution id="5a6bd2c4-e316-4e31-ad26-506835a521ce" />
      <TestMethod codeBase="D:\actions-runner\_work\XPCO\XPCO\AllSolutions\..\SC\Components\RemoteViewer\SmartClient\tst\zSmartClient_UnitTest\bin\x64\Debug\net6.0-windows\zSmartClient_UnitTest.dll" adapterTypeName="executor://mstestadapter/v2" className="SmartClient_UnitTest.VideoOS.RemoteClient.Plugin.CentralizedSearch.Views.SearchResultsViewTests" name="SuspendedPropertyChanged_Success" />
    </UnitTest>
    <UnitTest name="Compare_NullVsNotNull_GreaterThan" storage="d:\actions-runner\_work\xpco\xpco\allsolutions\..\sc\components\remoteviewer\smartclient\tst\zsmartclient_unittest\bin\x64\debug\net6.0-windows\zsmartclient_unittest.dll" id="03176de6-d0a5-5d83-9bd0-bdcb94c2ab49">
      <TestCategory>
        <TestCategoryItem TestCategory="SearchComparers" />
      </TestCategory>
      <Execution id="898fe125-0b79-4bbe-bf7a-e8073e26dbb6" />
      <TestMethod codeBase="D:\actions-runner\_work\XPCO\XPCO\AllSolutions\..\SC\Components\RemoteViewer\SmartClient\tst\zSmartClient_UnitTest\bin\x64\Debug\net6.0-windows\zSmartClient_UnitTest.dll" adapterTypeName="executor://mstestadapter/v2" className="SmartClient_UnitTest.VideoOS.RemoteClient.Plugin.CentralizedSearch.Models.Wrappers.Comparers.TriggerTimeComparerTests" name="Compare_NullVsNotNull_GreaterThan" />
    </UnitTest>
    <UnitTest name="SupportsRightClick_ShouldBeFalse_WhenInteractionStateIsNotNormal" storage="d:\actions-runner\_work\xpco\xpco\allsolutions\..\sc\components\remoteviewer\smartclient\tst\zsmartclient_unittest\bin\x64\debug\net6.0-windows\zsmartclient_unittest.dll" id="2c1f07ec-ce8f-9b5e-788c-417096e2b9e1">
      <TestCategory>
        <TestCategoryItem TestCategory="GisMap.MipItemMarker" />
      </TestCategory>
      <Execution id="f065db19-bb2c-483d-9e17-fa6595385323" />
      <TestMethod codeBase="D:\actions-runner\_work\XPCO\XPCO\AllSolutions\..\SC\Components\RemoteViewer\SmartClient\tst\zSmartClient_UnitTest\bin\x64\Debug\net6.0-windows\zSmartClient_UnitTest.dll" adapterTypeName="executor://mstestadapter/v2" className="SmartClient_UnitTest.VideoOS.RemoteClient.Plugin.GisMap.ThinkGeoMap.Markers.MipItemMarker.MipItemMarkerTests" name="SupportsRightClick_ShouldBeFalse_WhenInteractionStateIsNotNormal" />
    </UnitTest>
    <UnitTest name="PatrollingProfileViewModelTest_Name" storage="d:\actions-runner\_work\xpco\xpco\allsolutions\..\sc\components\remoteviewer\smartclient\tst\zsmartclient_unittest\bin\x64\debug\net6.0-windows\zsmartclient_unittest.dll" id="56fde5b0-e4df-3dd0-b924-b3d8168ff571">
      <Execution id="c6e9b242-70ac-4c8e-94e0-84e58499f6b9" />
      <TestMethod codeBase="D:\actions-runner\_work\XPCO\XPCO\AllSolutions\..\SC\Components\RemoteViewer\SmartClient\tst\zSmartClient_UnitTest\bin\x64\Debug\net6.0-windows\zSmartClient_UnitTest.dll" adapterTypeName="executor://mstestadapter/v2" className="SmartClient_UnitTest.VideoOS.RemoteClient.Application.UI.PtzPreset.PatrollingViewModel.PatrollingProfileViewModelTest" name="PatrollingProfileViewModelTest_Name" />
    </UnitTest>
    <UnitTest name="PerformAction_Success" storage="d:\actions-runner\_work\xpco\xpco\allsolutions\..\sc\components\remoteviewer\smartclient\tst\zsmartclient_unittest\bin\x64\debug\net6.0-windows\zsmartclient_unittest.dll" id="4b3691e7-07b6-0fb9-2d54-63140b399b3d">
      <TestCategory>
        <TestCategoryItem TestCategory="MipItemsRetriever" />
      </TestCategory>
      <Execution id="77d3ce57-e196-4cdc-bc32-6d878740bd5f" />
      <TestMethod codeBase="D:\actions-runner\_work\XPCO\XPCO\AllSolutions\..\SC\Components\RemoteViewer\SmartClient\tst\zSmartClient_UnitTest\bin\x64\Debug\net6.0-windows\zSmartClient_UnitTest.dll" adapterTypeName="executor://mstestadapter/v2" className="SmartClient_UnitTest.VideoOS.RemoteClient.Plugin.GisMap.MIP.MipItemActionsCommunicatorTests" name="PerformAction_Success" />
    </UnitTest>
    <UnitTest name="TryAddInterval_ShouldReturnCorrectValue (False,True,PermissionDenied)" storage="d:\actions-runner\_work\xpco\xpco\allsolutions\..\sc\components\remoteviewer\smartclient\tst\zsmartclient_unittest\bin\x64\debug\net6.0-windows\zsmartclient_unittest.dll" id="7b3d70cd-81e1-008c-e609-47fa8092a379">
      <TestCategory>
        <TestCategoryItem TestCategory="Managers" />
      </TestCategory>
      <Execution id="f9f49890-c8eb-44cc-bd5f-86c1a724b722" />
      <TestMethod codeBase="D:\actions-runner\_work\XPCO\XPCO\AllSolutions\..\SC\Components\RemoteViewer\SmartClient\tst\zSmartClient_UnitTest\bin\x64\Debug\net6.0-windows\zSmartClient_UnitTest.dll" adapterTypeName="executor://mstestadapter/v2" className="SmartClient_UnitTest.VideoOS.RemoteClient.Application.Managers.ExportManagerTests" name="TryAddInterval_ShouldReturnCorrectValue" />
    </UnitTest>
    <UnitTest name="GetServerTypes_ShouldReturnFailoverServerType" storage="d:\actions-runner\_work\xpco\xpco\allsolutions\..\sc\components\remoteviewer\smartclient\tst\zsmartclient_unittest\bin\x64\debug\net6.0-windows\zsmartclient_unittest.dll" id="5b8ffd61-7472-5d07-a1e1-10f78205a31d">
      <Execution id="47e49a21-8a87-48f7-9c2e-6733c775c843" />
      <TestMethod codeBase="D:\actions-runner\_work\XPCO\XPCO\AllSolutions\..\SC\Components\RemoteViewer\SmartClient\tst\zSmartClient_UnitTest\bin\x64\Debug\net6.0-windows\zSmartClient_UnitTest.dll" adapterTypeName="executor://mstestadapter/v2" className="SmartClient_UnitTest.VideoOS.RemoteClient.Application.Data.ContentTypes.ReportingContentType.DashboardExtentionsTest" name="GetServerTypes_ShouldReturnFailoverServerType" />
    </UnitTest>
    <UnitTest name="Convert_NoCamerasSelectionsAndNoSearchDefinitions_Collapsed" storage="d:\actions-runner\_work\xpco\xpco\allsolutions\..\sc\components\remoteviewer\smartclient\tst\zsmartclient_unittest\bin\x64\debug\net6.0-windows\zsmartclient_unittest.dll" id="092a5f5d-5e92-e7c2-e812-620b9e6c3275">
      <TestCategory>
        <TestCategoryItem TestCategory="SearchConverter" />
      </TestCategory>
      <Execution id="9be414e0-8f22-4dcb-a34e-22858575e451" />
      <TestMethod codeBase="D:\actions-runner\_work\XPCO\XPCO\AllSolutions\..\SC\Components\RemoteViewer\SmartClient\tst\zSmartClient_UnitTest\bin\x64\Debug\net6.0-windows\zSmartClient_UnitTest.dll" adapterTypeName="executor://mstestadapter/v2" className="SmartClient_UnitTest.VideoOS.RemoteClient.Plugin.CentralizedSearch.Views.Converters.NoCriteriaSelectedGridVisibilityConverterTests" name="Convert_NoCamerasSelectionsAndNoSearchDefinitions_Collapsed" />
    </UnitTest>
    <UnitTest name="Parse_Yesterday_Success" storage="d:\actions-runner\_work\xpco\xpco\allsolutions\..\sc\components\remoteviewer\smartclient\tst\zsmartclient_unittest\bin\x64\debug\net6.0-windows\zsmartclient_unittest.dll" id="6c232766-0173-c070-73ea-ec002545c357">
      <TestCategory>
        <TestCategoryItem TestCategory="Search" />
      </TestCategory>
      <Execution id="a69d7d32-171c-4ff7-b331-0b7c0740af58" />
      <TestMethod codeBase="D:\actions-runner\_work\XPCO\XPCO\AllSolutions\..\SC\Components\RemoteViewer\SmartClient\tst\zSmartClient_UnitTest\bin\x64\Debug\net6.0-windows\zSmartClient_UnitTest.dll" adapterTypeName="executor://mstestadapter/v2" className="SmartClient_UnitTest.VideoOS.RemoteClient.Plugin.CentralizedSearch.Models.ScopeDurationTests" name="Parse_Yesterday_Success" />
    </UnitTest>
    <UnitTest name="ServerAuthentication_ShouldReturnLegacyWindowsCurrentUser_WhenConstructedUsingWindowsDefault" storage="d:\actions-runner\_work\xpco\xpco\allsolutions\..\sc\components\remoteviewer\smartclient\tst\zsmartclient_unittest\bin\x64\debug\net6.0-windows\zsmartclient_unittest.dll" id="910648d0-f58e-b40c-710a-20818471b114">
      <TestCategory>
        <TestCategoryItem TestCategory="Authentication.ClientCredentials" />
      </TestCategory>
      <Execution id="046f7a01-2167-4206-a9df-302d6c3d8b2e" />
      <TestMethod codeBase="D:\actions-runner\_work\XPCO\XPCO\AllSolutions\..\SC\Components\RemoteViewer\SmartClient\tst\zSmartClient_UnitTest\bin\x64\Debug\net6.0-windows\zSmartClient_UnitTest.dll" adapterTypeName="executor://mstestadapter/v2" className="SmartClient_UnitTest.VideoOS.Shared.ServerAPI.ClientCredentialsTest" name="ServerAuthentication_ShouldReturnLegacyWindowsCurrentUser_WhenConstructedUsingWindowsDefault" />
    </UnitTest>
    <UnitTest name="PtzSessionController_Constructor_Test" storage="d:\actions-runner\_work\xpco\xpco\allsolutions\..\sc\components\remoteviewer\smartclient\tst\zsmartclient_unittest\bin\x64\debug\net6.0-windows\zsmartclient_unittest.dll" id="bdaa8c04-85d7-4ee8-e951-82186f7309ad">
      <Execution id="efb160d6-596a-401f-b286-ec3642f0d434" />
      <TestMethod codeBase="D:\actions-runner\_work\XPCO\XPCO\AllSolutions\..\SC\Components\RemoteViewer\SmartClient\tst\zSmartClient_UnitTest\bin\x64\Debug\net6.0-windows\zSmartClient_UnitTest.dll" adapterTypeName="executor://mstestadapter/v2" className="VideoOS.RemoteClient.Application.Controllers.UnitTest.PtzSessionControllerTest" name="PtzSessionController_Constructor_Test" />
    </UnitTest>
    <UnitTest name="PatrollingStepViewModel_IsDirty" storage="d:\actions-runner\_work\xpco\xpco\allsolutions\..\sc\components\remoteviewer\smartclient\tst\zsmartclient_unittest\bin\x64\debug\net6.0-windows\zsmartclient_unittest.dll" id="bdfc4999-ccbe-91b3-0eb1-52f2f541ba00">
      <Execution id="689e2bd8-40ed-48dc-aaf0-c7e459b3d5f3" />
      <TestMethod codeBase="D:\actions-runner\_work\XPCO\XPCO\AllSolutions\..\SC\Components\RemoteViewer\SmartClient\tst\zSmartClient_UnitTest\bin\x64\Debug\net6.0-windows\zSmartClient_UnitTest.dll" adapterTypeName="executor://mstestadapter/v2" className="SmartClient_UnitTest.VideoOS.RemoteClient.Application.UI.PtzPreset.PatrollingViewModel.PatrollingStepViewModelTest" name="PatrollingStepViewModel_IsDirty" />
    </UnitTest>
    <UnitTest name="SupportsDoubleClick_ShouldBeFalse_WhenInteractionStateIsNormalAndNotInSetupMode" storage="d:\actions-runner\_work\xpco\xpco\allsolutions\..\sc\components\remoteviewer\smartclient\tst\zsmartclient_unittest\bin\x64\debug\net6.0-windows\zsmartclient_unittest.dll" id="08b3ace1-45f6-6e1d-2bc1-52f8ecd0e63e">
      <TestCategory>
        <TestCategoryItem TestCategory="GisMap.LocationMarker" />
      </TestCategory>
      <Execution id="e0a327d7-3219-4f98-b121-5947e127066b" />
      <TestMethod codeBase="D:\actions-runner\_work\XPCO\XPCO\AllSolutions\..\SC\Components\RemoteViewer\SmartClient\tst\zSmartClient_UnitTest\bin\x64\Debug\net6.0-windows\zSmartClient_UnitTest.dll" adapterTypeName="executor://mstestadapter/v2" className="SmartClient_UnitTest.VideoOS.RemoteClient.Plugin.GisMap.ThinkGeoMap.Markers.LocationMarker.LocationMarkerTests" name="SupportsDoubleClick_ShouldBeFalse_WhenInteractionStateIsNormalAndNotInSetupMode" />
    </UnitTest>
    <UnitTest name="LoadSearchTemplate_ActiveToNewActive_UpdateAndEvent" storage="d:\actions-runner\_work\xpco\xpco\allsolutions\..\sc\components\remoteviewer\smartclient\tst\zsmartclient_unittest\bin\x64\debug\net6.0-windows\zsmartclient_unittest.dll" id="575a32bf-8dea-b537-a592-8290f971bf09">
      <TestCategory>
        <TestCategoryItem TestCategory="SearchTemplates" />
      </TestCategory>
      <Execution id="ea23c982-4905-4ced-8212-c17be2a9daa2" />
      <TestMethod codeBase="D:\actions-runner\_work\XPCO\XPCO\AllSolutions\..\SC\Components\RemoteViewer\SmartClient\tst\zSmartClient_UnitTest\bin\x64\Debug\net6.0-windows\zSmartClient_UnitTest.dll" adapterTypeName="executor://mstestadapter/v2" className="SmartClient_UnitTest.VideoOS.RemoteClient.Plugin.CentralizedSearch.SearchTemplates.SearchTemplateManagerTests" name="LoadSearchTemplate_ActiveToNewActive_UpdateAndEvent" />
    </UnitTest>
    <UnitTest name="UpdateAction_SingleRejected_AddSuffixToToolTip" storage="d:\actions-runner\_work\xpco\xpco\allsolutions\..\sc\components\remoteviewer\smartclient\tst\zsmartclient_unittest\bin\x64\debug\net6.0-windows\zsmartclient_unittest.dll" id="046e87a4-129e-e9d1-b689-ff12d71bb7aa">
      <TestCategory>
        <TestCategoryItem TestCategory="SearchResultsAction" />
      </TestCategory>
      <Execution id="84e2effa-b666-4c91-a34e-56e4cbc7fb73" />
      <TestMethod codeBase="D:\actions-runner\_work\XPCO\XPCO\AllSolutions\..\SC\Components\RemoteViewer\SmartClient\tst\zSmartClient_UnitTest\bin\x64\Debug\net6.0-windows\zSmartClient_UnitTest.dll" adapterTypeName="executor://mstestadapter/v2" className="SmartClient_UnitTest.VideoOS.RemoteClient.Plugin.CentralizedSearch.ViewModels.SearchResultsActionViewModelTests" name="UpdateAction_SingleRejected_AddSuffixToToolTip" />
    </UnitTest>
    <UnitTest name="GetItemsIn_InBuildingNoLevels_Returns2Items" storage="d:\actions-runner\_work\xpco\xpco\allsolutions\..\sc\components\remoteviewer\smartclient\tst\zsmartclient_unittest\bin\x64\debug\net6.0-windows\zsmartclient_unittest.dll" id="b802935f-0eb0-14ff-4c95-9725f194073b">
      <TestCategory>
        <TestCategoryItem TestCategory="GisMapIndex" />
      </TestCategory>
      <Execution id="e4de300c-a519-4ba8-bd84-21e58add358f" />
      <TestMethod codeBase="D:\actions-runner\_work\XPCO\XPCO\AllSolutions\..\SC\Components\RemoteViewer\SmartClient\tst\zSmartClient_UnitTest\bin\x64\Debug\net6.0-windows\zSmartClient_UnitTest.dll" adapterTypeName="executor://mstestadapter/v2" className="SmartClient_UnitTest.VideoOS.RemoteClient.GisMapData.Common.Indexer.BuildingsAwareIndexerTests" name="GetItemsIn_InBuildingNoLevels_Returns2Items" />
    </UnitTest>
    <UnitTest name="LeftButtonDown_ShouldNotRaiseAnException_WhenFired" storage="d:\actions-runner\_work\xpco\xpco\allsolutions\..\sc\components\remoteviewer\smartclient\tst\zsmartclient_unittest\bin\x64\debug\net6.0-windows\zsmartclient_unittest.dll" id="2031c616-1edd-8f7a-639e-5fd173aaa18e">
      <TestCategory>
        <TestCategoryItem TestCategory="GisMap.WindowsBases" />
      </TestCategory>
      <Execution id="19bf3518-78c6-45db-96ba-e720deb4325e" />
      <TestMethod codeBase="D:\actions-runner\_work\XPCO\XPCO\AllSolutions\..\SC\Components\RemoteViewer\SmartClient\tst\zSmartClient_UnitTest\bin\x64\Debug\net6.0-windows\zSmartClient_UnitTest.dll" adapterTypeName="executor://mstestadapter/v2" className="SmartClient_UnitTest.VideoOS.RemoteClient.Plugin.GisMap.Windows.Bases.DragWindowDecoratorTests" name="LeftButtonDown_ShouldNotRaiseAnException_WhenFired" />
    </UnitTest>
    <UnitTest name="CreateGeometry_NullPointsCollection_ThrowsArgNullException" storage="d:\actions-runner\_work\xpco\xpco\allsolutions\..\sc\components\remoteviewer\smartclient\tst\zsmartclient_unittest\bin\x64\debug\net6.0-windows\zsmartclient_unittest.dll" id="8b769f83-03d1-54d2-bd91-c30ba7e579fb">
      <TestCategory>
        <TestCategoryItem TestCategory="GisMapIndex" />
      </TestCategory>
      <Execution id="03989dc6-b7aa-49d6-b6ae-4e93b96c0dfc" />
      <TestMethod codeBase="D:\actions-runner\_work\XPCO\XPCO\AllSolutions\..\SC\Components\RemoteViewer\SmartClient\tst\zSmartClient_UnitTest\bin\x64\Debug\net6.0-windows\zSmartClient_UnitTest.dll" adapterTypeName="executor://mstestadapter/v2" className="SmartClient_UnitTest.VideoOS.RemoteClient.GisMapData.Common.Indexer.IndexUtilTests" name="CreateGeometry_NullPointsCollection_ThrowsArgNullException" />
    </UnitTest>
    <UnitTest name="LoadInitialState_OfflineMode_ReturnsStateWithTimeScopeFromOfflineManager" storage="d:\actions-runner\_work\xpco\xpco\allsolutions\..\sc\components\remoteviewer\smartclient\tst\zsmartclient_unittest\bin\x64\debug\net6.0-windows\zsmartclient_unittest.dll" id="2d9d257b-dc7a-dd0a-92c1-64a2f9201d0f">
      <TestCategory>
        <TestCategoryItem TestCategory="Search" />
      </TestCategory>
      <Execution id="08896432-7cc6-4a68-93e2-def3de03aa8f" />
      <TestMethod codeBase="D:\actions-runner\_work\XPCO\XPCO\AllSolutions\..\SC\Components\RemoteViewer\SmartClient\tst\zSmartClient_UnitTest\bin\x64\Debug\net6.0-windows\zSmartClient_UnitTest.dll" adapterTypeName="executor://mstestadapter/v2" className="SmartClient_UnitTest.VideoOS.RemoteClient.Plugin.CentralizedSearch.CentralizedSearchContentHolderTests" name="LoadInitialState_OfflineMode_ReturnsStateWithTimeScopeFromOfflineManager" />
    </UnitTest>
    <UnitTest name="MapLayerType_ShouldBeInputItemsMapLayer_WhenCalled" storage="d:\actions-runner\_work\xpco\xpco\allsolutions\..\sc\components\remoteviewer\smartclient\tst\zsmartclient_unittest\bin\x64\debug\net6.0-windows\zsmartclient_unittest.dll" id="ca442d25-1d56-7ce4-2a08-3c581c8826e1">
      <Execution id="f2022d9a-02cd-430a-85d9-e048422011ca" />
      <TestMethod codeBase="D:\actions-runner\_work\XPCO\XPCO\AllSolutions\..\SC\Components\RemoteViewer\SmartClient\tst\zSmartClient_UnitTest\bin\x64\Debug\net6.0-windows\zSmartClient_UnitTest.dll" adapterTypeName="executor://mstestadapter/v2" className="SmartClient_UnitTest.VideoOS.RemoteClient.GisMapData.Strategies.MapLayers.InputMapLayerDatagramClassFactoryStrategyTests" name="MapLayerType_ShouldBeInputItemsMapLayer_WhenCalled" />
    </UnitTest>
    <UnitTest name="ValidateExportItems_ShouldReturnFailResult_ViewItemRequired" storage="d:\actions-runner\_work\xpco\xpco\allsolutions\..\sc\components\remoteviewer\smartclient\tst\zsmartclient_unittest\bin\x64\debug\net6.0-windows\zsmartclient_unittest.dll" id="c56f457f-add8-fe75-61ba-d07e5ee3df6d">
      <TestCategory>
        <TestCategoryItem TestCategory="Export" />
      </TestCategory>
      <Execution id="2c52cac1-fbf5-4adb-9c3b-fa647d8dfe46" />
      <TestMethod codeBase="D:\actions-runner\_work\XPCO\XPCO\AllSolutions\..\SC\Components\RemoteViewer\SmartClient\tst\zSmartClient_UnitTest\bin\x64\Debug\net6.0-windows\zSmartClient_UnitTest.dll" adapterTypeName="executor://mstestadapter/v2" className="SmartClient_UnitTest.VideoOS.RemoteClient.Plugin.Export.ExportDataValidatorTests" name="ValidateExportItems_ShouldReturnFailResult_ViewItemRequired" />
    </UnitTest>
    <UnitTest name="Toolbar_IsVisible_WhenNotInLiveOrPlayback_ReactsTo_WindowStateChange" storage="d:\actions-runner\_work\xpco\xpco\allsolutions\..\sc\components\remoteviewer\smartclient\tst\zsmartclient_unittest\bin\x64\debug\net6.0-windows\zsmartclient_unittest.dll" id="52708fc0-86f2-693c-d699-4f89eda92f77">
      <TestCategory>
        <TestCategoryItem TestCategory="WorkspaceToolbar" />
      </TestCategory>
      <Execution id="c7249c97-f166-4eaf-bc94-06358c4279b9" />
      <TestMethod codeBase="D:\actions-runner\_work\XPCO\XPCO\AllSolutions\..\SC\Components\RemoteViewer\SmartClient\tst\zSmartClient_UnitTest\bin\x64\Debug\net6.0-windows\zSmartClient_UnitTest.dll" adapterTypeName="executor://mstestadapter/v2" className="SmartClient_UnitTest.VideoOS.RemoteClient.Application.UI.Content.WorkspaceToolbar.WorkspaceToolbarViewModelTests" name="Toolbar_IsVisible_WhenNotInLiveOrPlayback_ReactsTo_WindowStateChange" />
    </UnitTest>
    <UnitTest name="SmartMapGoToAreaHandler_WhenDataIsNotSmartMapGoToAreaCommandData_ShouldWriteToLog" storage="d:\actions-runner\_work\xpco\xpco\allsolutions\..\sc\components\remoteviewer\smartclient\tst\zsmartclient_unittest\bin\x64\debug\net6.0-windows\zsmartclient_unittest.dll" id="60b3c6a0-382d-f239-6234-5e6df72cc9b2">
      <Execution id="c39062e4-95da-49e0-ac74-5a1e2a4e8d15" />
      <TestMethod codeBase="D:\actions-runner\_work\XPCO\XPCO\AllSolutions\..\SC\Components\RemoteViewer\SmartClient\tst\zSmartClient_UnitTest\bin\x64\Debug\net6.0-windows\zSmartClient_UnitTest.dll" adapterTypeName="executor://mstestadapter/v2" className="SmartClient_UnitTest.VideoOS.RemoteClient.Plugin.GisMap.MIP.ContentHolderMipMessageManagerTests" name="SmartMapGoToAreaHandler_WhenDataIsNotSmartMapGoToAreaCommandData_ShouldWriteToLog" />
    </UnitTest>
    <UnitTest name="HandleGetDeviceData_ShouldReturnOutputData_WhenOutputKindAndExistingOutputId" storage="d:\actions-runner\_work\xpco\xpco\allsolutions\..\sc\components\remoteviewer\smartclient\tst\zsmartclient_unittest\bin\x64\debug\net6.0-windows\zsmartclient_unittest.dll" id="4f555e67-dae7-b67f-1beb-febf2b9b4968">
      <TestCategory>
        <TestCategoryItem TestCategory="GisMap.Handlers.Devices.MapItems" />
      </TestCategory>
      <Execution id="aec8bf80-8835-4cb1-8212-c3a4113fe37d" />
      <TestMethod codeBase="D:\actions-runner\_work\XPCO\XPCO\AllSolutions\..\SC\Components\RemoteViewer\SmartClient\tst\zSmartClient_UnitTest\bin\x64\Debug\net6.0-windows\zSmartClient_UnitTest.dll" adapterTypeName="executor://mstestadapter/v2" className="SmartClient_UnitTest.VideoOS.RemoteClient.Plugin.GisMap.Handlers.Devices.MapItems.OutputDataHandlerTests" name="HandleGetDeviceData_ShouldReturnOutputData_WhenOutputKindAndExistingOutputId" />
    </UnitTest>
    <UnitTest name="AddAttributeValueCommand_NullValue_AttributeValueSet" storage="d:\actions-runner\_work\xpco\xpco\allsolutions\..\sc\components\remoteviewer\smartclient\tst\zsmartclient_unittest\bin\x64\debug\net6.0-windows\zsmartclient_unittest.dll" id="3f3233bd-4893-b779-69f6-789d6f6a1d9a">
      <TestCategory>
        <TestCategoryItem TestCategory="Search" />
      </TestCategory>
      <Execution id="6eb88ded-40da-418e-8814-ae5be53d6029" />
      <TestMethod codeBase="D:\actions-runner\_work\XPCO\XPCO\AllSolutions\..\SC\Components\RemoteViewer\SmartClient\tst\zSmartClient_UnitTest\bin\x64\Debug\net6.0-windows\zSmartClient_UnitTest.dll" adapterTypeName="executor://mstestadapter/v2" className="SmartClient_UnitTest.VideoOS.RemoteClient.Plugin.CentralizedSearch.ViewModels.SearchAttributeViewModelTests" name="AddAttributeValueCommand_NullValue_AttributeValueSet" />
    </UnitTest>
    <UnitTest name="PtzPresetsMenuViewModelConstructorTest" storage="d:\actions-runner\_work\xpco\xpco\allsolutions\..\sc\components\remoteviewer\smartclient\tst\zsmartclient_unittest\bin\x64\debug\net6.0-windows\zsmartclient_unittest.dll" id="d44210af-46ab-fec2-8d60-032381467d22">
      <Execution id="9e9de6cb-302e-4c9f-8882-9f588af1dee1" />
      <TestMethod codeBase="D:\actions-runner\_work\XPCO\XPCO\AllSolutions\..\SC\Components\RemoteViewer\SmartClient\tst\zSmartClient_UnitTest\bin\x64\Debug\net6.0-windows\zSmartClient_UnitTest.dll" adapterTypeName="executor://mstestadapter/v2" className="SmartClient_UnitTest.VideoOS.RemoteClient.Application.Data.ContentTypes.CameraContentType.PtzPresetsMenuViewModelTest" name="PtzPresetsMenuViewModelConstructorTest" />
    </UnitTest>
    <UnitTest name="Connect_SucceedeInConnectingWithBasicUser_ShouldReturnTrue" storage="d:\actions-runner\_work\xpco\xpco\allsolutions\..\sc\components\remoteviewer\smartclient\tst\zsmartclient_unittest\bin\x64\debug\net6.0-windows\zsmartclient_unittest.dll" id="071ac8b1-07a6-4ae6-7403-5c16e58426a3">
      <Execution id="e1b07b26-dffd-4c85-8af9-37e8d509252b" />
      <TestMethod codeBase="D:\actions-runner\_work\XPCO\XPCO\AllSolutions\..\SC\Components\RemoteViewer\SmartClient\tst\zSmartClient_UnitTest\bin\x64\Debug\net6.0-windows\zSmartClient_UnitTest.dll" adapterTypeName="executor://mstestadapter/v2" className="VideoOS.Shared.ServerAPI.VMOViewerClientFacade.UnitTest.VMOViewerClientFacadeTests" name="Connect_SucceedeInConnectingWithBasicUser_ShouldReturnTrue" />
    </UnitTest>
    <UnitTest name="TestSelectedWorkroom_GetSelectedWorkroomWithNoWorkroomsInCollection_FailWithInvalidOperationException" storage="d:\actions-runner\_work\xpco\xpco\allsolutions\..\sc\components\remoteviewer\smartclient\tst\zsmartclient_unittest\bin\x64\debug\net6.0-windows\zsmartclient_unittest.dll" id="3dd075ba-7c20-36ac-fd3e-ad2d99db0844">
      <TestCategory>
        <TestCategoryItem TestCategory="WorkroomController" />
      </TestCategory>
      <Execution id="decaf050-60ee-45ce-9b30-1fba9e910a6e" />
      <TestMethod codeBase="D:\actions-runner\_work\XPCO\XPCO\AllSolutions\..\SC\Components\RemoteViewer\SmartClient\tst\zSmartClient_UnitTest\bin\x64\Debug\net6.0-windows\zSmartClient_UnitTest.dll" adapterTypeName="executor://mstestadapter/v2" className="VideoOS.RemoteClient.Application.Controllers.WorkroomController.UnitTest.TabWorkroomControllerTest" name="TestSelectedWorkroom_GetSelectedWorkroomWithNoWorkroomsInCollection_FailWithInvalidOperationException" />
    </UnitTest>
    <UnitTest name="SixHours_Success" storage="d:\actions-runner\_work\xpco\xpco\allsolutions\..\sc\components\remoteviewer\smartclient\tst\zsmartclient_unittest\bin\x64\debug\net6.0-windows\zsmartclient_unittest.dll" id="87907f38-5e5a-055c-b4ad-972d80a0d676">
      <TestCategory>
        <TestCategoryItem TestCategory="Search" />
      </TestCategory>
      <Execution id="c24f84fd-25a7-4a96-9e19-603c7dea4581" />
      <TestMethod codeBase="D:\actions-runner\_work\XPCO\XPCO\AllSolutions\..\SC\Components\RemoteViewer\SmartClient\tst\zSmartClient_UnitTest\bin\x64\Debug\net6.0-windows\zSmartClient_UnitTest.dll" adapterTypeName="executor://mstestadapter/v2" className="SmartClient_UnitTest.VideoOS.RemoteClient.Plugin.CentralizedSearch.Models.ScopeDurationTests" name="SixHours_Success" />
    </UnitTest>
    <UnitTest name="ToggleMicrophoneStateAsync_ShouldUnMuteMicrophone_WhenMicrophoneWasMuted" storage="d:\actions-runner\_work\xpco\xpco\allsolutions\..\sc\components\remoteviewer\smartclient\tst\zsmartclient_unittest\bin\x64\debug\net6.0-windows\zsmartclient_unittest.dll" id="d7c6fd34-24a6-6d61-4f74-e11b861b527b">
      <TestCategory>
        <TestCategoryItem TestCategory="GisMapAudioController" />
      </TestCategory>
      <Execution id="ff7dee2d-42ba-4769-94a9-c15297d0040c" />
      <TestMethod codeBase="D:\actions-runner\_work\XPCO\XPCO\AllSolutions\..\SC\Components\RemoteViewer\SmartClient\tst\zSmartClient_UnitTest\bin\x64\Debug\net6.0-windows\zSmartClient_UnitTest.dll" adapterTypeName="executor://mstestadapter/v2" className="SmartClient_UnitTest.VideoOS.RemoteClient.GisMapData.GisMapAudioControllerTests" name="ToggleMicrophoneStateAsync_ShouldUnMuteMicrophone_WhenMicrophoneWasMuted" />
    </UnitTest>
    <UnitTest name="Search_MultipleCategoriesWithOverlappingFilter_AppropriateFiltersUpdatedInSubDefinitions" storage="d:\actions-runner\_work\xpco\xpco\allsolutions\..\sc\components\remoteviewer\smartclient\tst\zsmartclient_unittest\bin\x64\debug\net6.0-windows\zsmartclient_unittest.dll" id="cc634d85-ac00-a639-0e52-434691164702">
      <TestCategory>
        <TestCategoryItem TestCategory="Search" />
      </TestCategory>
      <Execution id="97818ca2-4ef6-42b1-8b96-070bb32e79da" />
      <TestMethod codeBase="D:\actions-runner\_work\XPCO\XPCO\AllSolutions\..\SC\Components\RemoteViewer\SmartClient\tst\zSmartClient_UnitTest\bin\x64\Debug\net6.0-windows\zSmartClient_UnitTest.dll" adapterTypeName="executor://mstestadapter/v2" className="SmartClient_UnitTest.VideoOS.RemoteClient.Plugin.CentralizedSearch.MIPPlugin.CompositeSearchDefinitionTests" name="Search_MultipleCategoriesWithOverlappingFilter_AppropriateFiltersUpdatedInSubDefinitions" />
    </UnitTest>
    <UnitTest name="IsProductionEnvironment_ShouldReturnCorrectValue (,True)" storage="d:\actions-runner\_work\xpco\xpco\allsolutions\..\sc\components\remoteviewer\smartclient\tst\zsmartclient_unittest\bin\x64\debug\net6.0-windows\zsmartclient_unittest.dll" id="715b0ee1-c454-706c-d41f-d24a89af9ced">
      <Execution id="60ac4a45-9a01-4321-a21b-8d9dc8a7fe95" />
      <TestMethod codeBase="D:\actions-runner\_work\XPCO\XPCO\AllSolutions\..\SC\Components\RemoteViewer\SmartClient\tst\zSmartClient_UnitTest\bin\x64\Debug\net6.0-windows\zSmartClient_UnitTest.dll" adapterTypeName="executor://mstestadapter/v2" className="SmartClient_UnitTest.VideoOS.RemoteClient.Application.Common.Telemetry.TelemetryKeyProviderTests" name="IsProductionEnvironment_ShouldReturnCorrectValue" />
    </UnitTest>
    <UnitTest name="PtzPresetsMenuViewModel_SetInfo_PtzSessionControllerInfo_ArgumentNullCheckTest" storage="d:\actions-runner\_work\xpco\xpco\allsolutions\..\sc\components\remoteviewer\smartclient\tst\zsmartclient_unittest\bin\x64\debug\net6.0-windows\zsmartclient_unittest.dll" id="b0add685-1c58-f35e-e4aa-57de22bf2774">
      <Execution id="a9b077cb-c583-4f74-a744-1067aaf60e48" />
      <TestMethod codeBase="D:\actions-runner\_work\XPCO\XPCO\AllSolutions\..\SC\Components\RemoteViewer\SmartClient\tst\zSmartClient_UnitTest\bin\x64\Debug\net6.0-windows\zSmartClient_UnitTest.dll" adapterTypeName="executor://mstestadapter/v2" className="SmartClient_UnitTest.VideoOS.RemoteClient.Application.Data.ContentTypes.CameraContentType.PtzPresetsMenuViewModelTest" name="PtzPresetsMenuViewModel_SetInfo_PtzSessionControllerInfo_ArgumentNullCheckTest" />
    </UnitTest>
    <UnitTest name="Compare_SameBeginTimeDeterministicBehavior_CameraId_Success" storage="d:\actions-runner\_work\xpco\xpco\allsolutions\..\sc\components\remoteviewer\smartclient\tst\zsmartclient_unittest\bin\x64\debug\net6.0-windows\zsmartclient_unittest.dll" id="43001655-6df0-fd55-49b4-09a30b307ee3">
      <TestCategory>
        <TestCategoryItem TestCategory="SearchComparers" />
      </TestCategory>
      <Execution id="67f5507a-b280-404b-8aaa-f8f59782ad21" />
      <TestMethod codeBase="D:\actions-runner\_work\XPCO\XPCO\AllSolutions\..\SC\Components\RemoteViewer\SmartClient\tst\zSmartClient_UnitTest\bin\x64\Debug\net6.0-windows\zSmartClient_UnitTest.dll" adapterTypeName="executor://mstestadapter/v2" className="SmartClient_UnitTest.VideoOS.RemoteClient.Plugin.CentralizedSearch.Models.Wrappers.Comparers.BeginTimeWithPaddingComparerTests" name="Compare_SameBeginTimeDeterministicBehavior_CameraId_Success" />
    </UnitTest>
    <UnitTest name="SearchResultCombineType_ShouldNotSetSearchTemplateAsModified_WhenValueChangesAndSearchTemplateIsNotActive" storage="d:\actions-runner\_work\xpco\xpco\allsolutions\..\sc\components\remoteviewer\smartclient\tst\zsmartclient_unittest\bin\x64\debug\net6.0-windows\zsmartclient_unittest.dll" id="626588a6-8954-1a80-be96-bc32494f9793">
      <TestCategory>
        <TestCategoryItem TestCategory="SearchViewModels" />
      </TestCategory>
      <Execution id="129d5e1e-7496-4abc-bb7a-a09f48f34b96" />
      <TestMethod codeBase="D:\actions-runner\_work\XPCO\XPCO\AllSolutions\..\SC\Components\RemoteViewer\SmartClient\tst\zSmartClient_UnitTest\bin\x64\Debug\net6.0-windows\zSmartClient_UnitTest.dll" adapterTypeName="executor://mstestadapter/v2" className="SmartClient_UnitTest.VideoOS.RemoteClient.Plugin.CentralizedSearch.ViewModels.SearchViewModelTests" name="SearchResultCombineType_ShouldNotSetSearchTemplateAsModified_WhenValueChangesAndSearchTemplateIsNotActive" />
    </UnitTest>
    <UnitTest name="Constructor_ShouldThrowException_WhenStateHandlerFactoryIsNull" storage="d:\actions-runner\_work\xpco\xpco\allsolutions\..\sc\components\remoteviewer\smartclient\tst\zsmartclient_unittest\bin\x64\debug\net6.0-windows\zsmartclient_unittest.dll" id="046c17a3-2693-b379-a8a6-25e6537747cf">
      <TestCategory>
        <TestCategoryItem TestCategory="ReportingContentType" />
      </TestCategory>
      <Execution id="ce8533f3-1292-4cd0-89d3-7497e1c2b8ae" />
      <TestMethod codeBase="D:\actions-runner\_work\XPCO\XPCO\AllSolutions\..\SC\Components\RemoteViewer\SmartClient\tst\zSmartClient_UnitTest\bin\x64\Debug\net6.0-windows\zSmartClient_UnitTest.dll" adapterTypeName="executor://mstestadapter/v2" className="SmartClient_UnitTest.VideoOS.RemoteClient.Application.Data.ContentTypes.ReportingContentType.ReportViewerViewModelTest" name="Constructor_ShouldThrowException_WhenStateHandlerFactoryIsNull" />
    </UnitTest>
    <UnitTest name="GetWorkspaceToolbarItems_ShouldReturnGroupedToolbarItemAsHidden_WhenAllSubItemsAreHidden" storage="d:\actions-runner\_work\xpco\xpco\allsolutions\..\sc\components\remoteviewer\smartclient\tst\zsmartclient_unittest\bin\x64\debug\net6.0-windows\zsmartclient_unittest.dll" id="53185803-f30d-3a94-55f9-276f689abca4">
      <TestCategory>
        <TestCategoryItem TestCategory="WorkspaceToolbar" />
      </TestCategory>
      <Execution id="12dbe418-40dc-4096-bd41-2d5cbb74f6ab" />
      <TestMethod codeBase="D:\actions-runner\_work\XPCO\XPCO\AllSolutions\..\SC\Components\RemoteViewer\SmartClient\tst\zSmartClient_UnitTest\bin\x64\Debug\net6.0-windows\zSmartClient_UnitTest.dll" adapterTypeName="executor://mstestadapter/v2" className="SmartClient_UnitTest.VideoOS.RemoteClient.Application.UI.Content.WorkspaceToolbar.MIPWorkspaceToolbarItemManagerTests" name="GetWorkspaceToolbarItems_ShouldReturnGroupedToolbarItemAsHidden_WhenAllSubItemsAreHidden" />
    </UnitTest>
    <UnitTest name="OutputMapItem_ForceActivateAsync_InBuilding_MapLayerHidden_Success" storage="d:\actions-runner\_work\xpco\xpco\allsolutions\..\sc\components\remoteviewer\smartclient\tst\zsmartclient_unittest\bin\x64\debug\net6.0-windows\zsmartclient_unittest.dll" id="c3727fbd-7b27-2b58-8aac-80b9993febce">
      <TestCategory>
        <TestCategoryItem TestCategory="GisMapData.MapItem.Outputs" />
      </TestCategory>
      <Execution id="f14b5edd-eb64-4731-ac97-10130f3f045f" />
      <TestMethod codeBase="D:\actions-runner\_work\XPCO\XPCO\AllSolutions\..\SC\Components\RemoteViewer\SmartClient\tst\zSmartClient_UnitTest\bin\x64\Debug\net6.0-windows\zSmartClient_UnitTest.dll" adapterTypeName="executor://mstestadapter/v2" className="SmartClient_UnitTest.VideoOS.RemoteClient.GisMapData.MapItem.Outputs.OutputMapItemTests" name="OutputMapItem_ForceActivateAsync_InBuilding_MapLayerHidden_Success" />
    </UnitTest>
    <UnitTest name="BoundingBoxPlaybackStart" storage="d:\actions-runner\_work\xpco\xpco\allsolutions\..\sc\components\remoteviewer\smartclient\tst\zsmartclient_unittest\bin\x64\debug\net6.0-windows\zsmartclient_unittest.dll" id="56b7fe15-643b-5b55-8dfa-1ded6df183bf">
      <Execution id="15edc93d-1577-472d-93a6-f5105fe8791a" />
      <TestMethod codeBase="D:\actions-runner\_work\XPCO\XPCO\AllSolutions\..\SC\Components\RemoteViewer\SmartClient\tst\zSmartClient_UnitTest\bin\x64\Debug\net6.0-windows\zSmartClient_UnitTest.dll" adapterTypeName="executor://mstestadapter/v2" className="SmartClient_UnitTest.VideoOS.RemoteClient.Application.Data.Metadata.BoundingBoxes.BoundingBoxProviderTest" name="BoundingBoxPlaybackStart" />
    </UnitTest>
    <UnitTest name="HoverBehaviour_MouseLeave_HoverTickIsHidden" storage="d:\actions-runner\_work\xpco\xpco\allsolutions\..\sc\components\remoteviewer\smartclient\tst\zsmartclient_unittest\bin\x64\debug\net6.0-windows\zsmartclient_unittest.dll" id="8c46d0ed-f3b9-c5f4-aaef-9879232f4518">
      <TestCategory>
        <TestCategoryItem TestCategory="SearchControls" />
      </TestCategory>
      <Execution id="c4abc158-8af9-41a1-a425-2037deaaa5c1" />
      <TestMethod codeBase="D:\actions-runner\_work\XPCO\XPCO\AllSolutions\..\SC\Components\RemoteViewer\SmartClient\tst\zSmartClient_UnitTest\bin\x64\Debug\net6.0-windows\zSmartClient_UnitTest.dll" adapterTypeName="executor://mstestadapter/v2" className="SmartClient_UnitTest.VideoOS.RemoteClient.Plugin.CentralizedSearch.Views.Controls.TimelineRuler.TimelineRulerControlTests" name="HoverBehaviour_MouseLeave_HoverTickIsHidden" />
    </UnitTest>
    <UnitTest name="NavigateAndSelectAsync_ReCenterCommandDisabled_Success" storage="d:\actions-runner\_work\xpco\xpco\allsolutions\..\sc\components\remoteviewer\smartclient\tst\zsmartclient_unittest\bin\x64\debug\net6.0-windows\zsmartclient_unittest.dll" id="dc3b0316-49f0-426f-b38e-3bcd6e62bfdd">
      <TestCategory>
        <TestCategoryItem TestCategory="GisMap.GisMapViewModel" />
      </TestCategory>
      <Execution id="e897a8b1-2e3c-444c-b057-b53d366af228" />
      <TestMethod codeBase="D:\actions-runner\_work\XPCO\XPCO\AllSolutions\..\SC\Components\RemoteViewer\SmartClient\tst\zSmartClient_UnitTest\bin\x64\Debug\net6.0-windows\zSmartClient_UnitTest.dll" adapterTypeName="executor://mstestadapter/v2" className="SmartClient_UnitTest.VideoOS.RemoteClient.Plugin.GisMap.ViewModels.GisMapViewModelTests" name="NavigateAndSelectAsync_ReCenterCommandDisabled_Success" />
    </UnitTest>
    <UnitTest name="GetUserOptions_ShouldNotDecryptOptions_WhenServerIs2020R3OrNewer" storage="d:\actions-runner\_work\xpco\xpco\allsolutions\..\sc\components\remoteviewer\smartclient\tst\zsmartclient_unittest\bin\x64\debug\net6.0-windows\zsmartclient_unittest.dll" id="db58b9a0-b265-e010-375f-3c8e68defc73">
      <TestCategory>
        <TestCategoryItem TestCategory="Managers" />
      </TestCategory>
      <Execution id="88c08b97-65f0-428d-8905-fff50686fd11" />
      <TestMethod codeBase="D:\actions-runner\_work\XPCO\XPCO\AllSolutions\..\SC\Components\RemoteViewer\SmartClient\tst\zSmartClient_UnitTest\bin\x64\Debug\net6.0-windows\zSmartClient_UnitTest.dll" adapterTypeName="executor://mstestadapter/v2" className="SmartClient_UnitTest.VideoOS.RemoteClient.Application.Managers.OptionManagerTests" name="GetUserOptions_ShouldNotDecryptOptions_WhenServerIs2020R3OrNewer" />
    </UnitTest>
    <UnitTest name="TryGetOsmServerTileAddress_ShouldSetEmptyAddress_WhenOsmServerAddressIsNull" storage="d:\actions-runner\_work\xpco\xpco\allsolutions\..\sc\components\remoteviewer\smartclient\tst\zsmartclient_unittest\bin\x64\debug\net6.0-windows\zsmartclient_unittest.dll" id="df32f1cb-82fe-5f6f-2fce-2d11c090b877">
      <TestCategory>
        <TestCategoryItem TestCategory="GisMapData.Controllers.Osm" />
      </TestCategory>
      <Execution id="373b3d15-fc4e-47a0-b8eb-6420d531b07f" />
      <TestMethod codeBase="D:\actions-runner\_work\XPCO\XPCO\AllSolutions\..\SC\Components\RemoteViewer\SmartClient\tst\zSmartClient_UnitTest\bin\x64\Debug\net6.0-windows\zSmartClient_UnitTest.dll" adapterTypeName="executor://mstestadapter/v2" className="SmartClient_UnitTest.VideoOS.RemoteClient.GisMapData.Controllers.Osm.GisMapOsmControllerTests" name="TryGetOsmServerTileAddress_ShouldSetEmptyAddress_WhenOsmServerAddressIsNull" />
    </UnitTest>
    <UnitTest name="InputMapItem_ForceActivateAsync_InBuilding_UseLastLevel_Success" storage="d:\actions-runner\_work\xpco\xpco\allsolutions\..\sc\components\remoteviewer\smartclient\tst\zsmartclient_unittest\bin\x64\debug\net6.0-windows\zsmartclient_unittest.dll" id="de27c998-c190-9d93-e424-7870d21a123c">
      <TestCategory>
        <TestCategoryItem TestCategory="GisMapData.MapItem.Inputs" />
      </TestCategory>
      <Execution id="6384504a-5438-436d-8ecd-8c9582e30f7e" />
      <TestMethod codeBase="D:\actions-runner\_work\XPCO\XPCO\AllSolutions\..\SC\Components\RemoteViewer\SmartClient\tst\zSmartClient_UnitTest\bin\x64\Debug\net6.0-windows\zSmartClient_UnitTest.dll" adapterTypeName="executor://mstestadapter/v2" className="SmartClient_UnitTest.VideoOS.RemoteClient.GisMapData.MapItem.Inputs.InputMapItemTests" name="InputMapItem_ForceActivateAsync_InBuilding_UseLastLevel_Success" />
    </UnitTest>
    <UnitTest name="HandleGetLayerFeatures_ShouldRaiseArgumentException_WhenNotCameraKind" storage="d:\actions-runner\_work\xpco\xpco\allsolutions\..\sc\components\remoteviewer\smartclient\tst\zsmartclient_unittest\bin\x64\debug\net6.0-windows\zsmartclient_unittest.dll" id="e9263aa8-347f-0f52-1f4b-0a131d318784">
      <TestCategory>
        <TestCategoryItem TestCategory="GisMapData.Handlers.LayerFeatures" />
      </TestCategory>
      <Execution id="037e2d8d-f157-470d-a956-81b03ccf0cfe" />
      <TestMethod codeBase="D:\actions-runner\_work\XPCO\XPCO\AllSolutions\..\SC\Components\RemoteViewer\SmartClient\tst\zSmartClient_UnitTest\bin\x64\Debug\net6.0-windows\zSmartClient_UnitTest.dll" adapterTypeName="executor://mstestadapter/v2" className="SmartClient_UnitTest.VideoOS.RemoteClient.GisMapData.Handlers.LayerFeatures.CameraLayerFeaturesHandlerTests" name="HandleGetLayerFeatures_ShouldRaiseArgumentException_WhenNotCameraKind" />
    </UnitTest>
    <UnitTest name="TestChangeProperties_Note_Success" storage="d:\actions-runner\_work\xpco\xpco\allsolutions\..\sc\components\remoteviewer\smartclient\tst\zsmartclient_unittest\bin\x64\debug\net6.0-windows\zsmartclient_unittest.dll" id="6bac4380-8ca1-03ec-b0fa-87faadf2b614">
      <TestCategory>
        <TestCategoryItem TestCategory="GisMapBuilding" />
      </TestCategory>
      <Execution id="481e721b-3ba8-4808-bc45-ae83d765aa8c" />
      <TestMethod codeBase="D:\actions-runner\_work\XPCO\XPCO\AllSolutions\..\SC\Components\RemoteViewer\SmartClient\tst\zSmartClient_UnitTest\bin\x64\Debug\net6.0-windows\zSmartClient_UnitTest.dll" adapterTypeName="executor://mstestadapter/v2" className="SmartClient_UnitTest.VideoOS.RemoteClient.GisMap.MapBuildingTests" name="TestChangeProperties_Note_Success" />
    </UnitTest>
    <UnitTest name="FilterValueHasRegionSelectionForCamera_ShouldReturnTrue_WhenFilterValueDoesHaveRegionSelectionForCamera" storage="d:\actions-runner\_work\xpco\xpco\allsolutions\..\sc\components\remoteviewer\smartclient\tst\zsmartclient_unittest\bin\x64\debug\net6.0-windows\zsmartclient_unittest.dll" id="77cba9e9-3a3f-2b38-cfa1-fd20ef6dec97">
      <TestCategory>
        <TestCategoryItem TestCategory="Search.Filters.ViewModels" />
      </TestCategory>
      <Execution id="c57be25a-d166-411c-8f39-198ff73afdd5" />
      <TestMethod codeBase="D:\actions-runner\_work\XPCO\XPCO\AllSolutions\..\SC\Components\RemoteViewer\SmartClient\tst\zSmartClient_UnitTest\bin\x64\Debug\net6.0-windows\zSmartClient_UnitTest.dll" adapterTypeName="executor://mstestadapter/v2" className="SmartClient_UnitTest.VideoOS.RemoteClient.Plugin.CentralizedSearch.MIPPlugin.Criteria.ViewModels.SmartSearchCameraListItemHelperTests" name="FilterValueHasRegionSelectionForCamera_ShouldReturnTrue_WhenFilterValueDoesHaveRegionSelectionForCamera" />
    </UnitTest>
    <UnitTest name="ToTimeScope_YesterdayInNonDST_Success" storage="d:\actions-runner\_work\xpco\xpco\allsolutions\..\sc\components\remoteviewer\smartclient\tst\zsmartclient_unittest\bin\x64\debug\net6.0-windows\zsmartclient_unittest.dll" id="2864b3eb-0ab6-4da0-5436-4c6f89cc4874">
      <TestCategory>
        <TestCategoryItem TestCategory="Search" />
      </TestCategory>
      <Execution id="60a5e2be-5121-49e3-8c6d-6a81d5445aea" />
      <TestMethod codeBase="D:\actions-runner\_work\XPCO\XPCO\AllSolutions\..\SC\Components\RemoteViewer\SmartClient\tst\zSmartClient_UnitTest\bin\x64\Debug\net6.0-windows\zSmartClient_UnitTest.dll" adapterTypeName="executor://mstestadapter/v2" className="SmartClient_UnitTest.VideoOS.RemoteClient.Plugin.CentralizedSearch.Models.ScopeDurationTests" name="ToTimeScope_YesterdayInNonDST_Success" />
    </UnitTest>
    <UnitTest name="GetWorkspaceToolbarItems_ShouldNotReturnGroupedToolbarItem_WhenGroupIdIsNull" storage="d:\actions-runner\_work\xpco\xpco\allsolutions\..\sc\components\remoteviewer\smartclient\tst\zsmartclient_unittest\bin\x64\debug\net6.0-windows\zsmartclient_unittest.dll" id="5ce1375e-46fd-90ff-af6f-56b477f36294">
      <TestCategory>
        <TestCategoryItem TestCategory="WorkspaceToolbar" />
      </TestCategory>
      <Execution id="d0ef70b0-9b2d-4a09-9819-c8682a4762d1" />
      <TestMethod codeBase="D:\actions-runner\_work\XPCO\XPCO\AllSolutions\..\SC\Components\RemoteViewer\SmartClient\tst\zSmartClient_UnitTest\bin\x64\Debug\net6.0-windows\zSmartClient_UnitTest.dll" adapterTypeName="executor://mstestadapter/v2" className="SmartClient_UnitTest.VideoOS.RemoteClient.Application.UI.Content.WorkspaceToolbar.MIPWorkspaceToolbarItemManagerTests" name="GetWorkspaceToolbarItems_ShouldNotReturnGroupedToolbarItem_WhenGroupIdIsNull" />
    </UnitTest>
    <UnitTest name="Combine_ShouldPassAllStringInputValidationTests_OnlyFirstPermutationUsed" storage="d:\actions-runner\_work\xpco\xpco\allsolutions\..\sc\components\remoteviewer\smartclient\tst\zsmartclient_unittest\bin\x64\debug\net6.0-windows\zsmartclient_unittest.dll" id="33dd535d-bccc-f095-c4f3-483569c16d21">
      <Execution id="f7eb48b0-a774-4a31-8d02-c1eaed0176b3" />
      <TestMethod codeBase="D:\actions-runner\_work\XPCO\XPCO\AllSolutions\..\SC\Components\RemoteViewer\SmartClient\tst\zSmartClient_UnitTest\bin\x64\Debug\net6.0-windows\zSmartClient_UnitTest.dll" adapterTypeName="executor://mstestadapter/v2" className="SmartClient_UnitTest.VideoOS.RemoteClient.Plugin.CentralizedSearch.Models.Combiners.SearchResultCombinerTests" name="Combine_ShouldPassAllStringInputValidationTests_OnlyFirstPermutationUsed" />
    </UnitTest>
    <UnitTest name="TwelveHours_Success" storage="d:\actions-runner\_work\xpco\xpco\allsolutions\..\sc\components\remoteviewer\smartclient\tst\zsmartclient_unittest\bin\x64\debug\net6.0-windows\zsmartclient_unittest.dll" id="43ebd83e-9e77-e80a-e383-3f96bfb58151">
      <TestCategory>
        <TestCategoryItem TestCategory="Search" />
      </TestCategory>
      <Execution id="ba7bc306-2916-4fd1-99a8-c3483fbb6cc0" />
      <TestMethod codeBase="D:\actions-runner\_work\XPCO\XPCO\AllSolutions\..\SC\Components\RemoteViewer\SmartClient\tst\zSmartClient_UnitTest\bin\x64\Debug\net6.0-windows\zSmartClient_UnitTest.dll" adapterTypeName="executor://mstestadapter/v2" className="SmartClient_UnitTest.VideoOS.RemoteClient.Plugin.CentralizedSearch.Models.ScopeDurationTests" name="TwelveHours_Success" />
    </UnitTest>
    <UnitTest name="IgnoredFiltersChanged_WarningTextChanges" storage="d:\actions-runner\_work\xpco\xpco\allsolutions\..\sc\components\remoteviewer\smartclient\tst\zsmartclient_unittest\bin\x64\debug\net6.0-windows\zsmartclient_unittest.dll" id="a2a9cc5c-ea62-0899-d27a-81da48bb47d1">
      <TestCategory>
        <TestCategoryItem TestCategory="Search" />
      </TestCategory>
      <Execution id="b441e0e5-7e00-4ad1-b667-7286cbbfa417" />
      <TestMethod codeBase="D:\actions-runner\_work\XPCO\XPCO\AllSolutions\..\SC\Components\RemoteViewer\SmartClient\tst\zSmartClient_UnitTest\bin\x64\Debug\net6.0-windows\zSmartClient_UnitTest.dll" adapterTypeName="executor://mstestadapter/v2" className="SmartClient_UnitTest.VideoOS.RemoteClient.Plugin.CentralizedSearch.ViewModels.CompositeSearchWarningViewModelTests" name="IgnoredFiltersChanged_WarningTextChanges" />
    </UnitTest>
    <UnitTest name="Enable_WhenInvoked_ThenAlarmEnableAndSubscribers" storage="d:\actions-runner\_work\xpco\xpco\allsolutions\..\sc\components\remoteviewer\smartclient\tst\zsmartclient_unittest\bin\x64\debug\net6.0-windows\zsmartclient_unittest.dll" id="885a9095-1f49-3411-918f-5cf4108e4b7b">
      <Execution id="4c4f8151-e849-4fbd-8ffb-0b644806d5d2" />
      <TestMethod codeBase="D:\actions-runner\_work\XPCO\XPCO\AllSolutions\..\SC\Components\RemoteViewer\SmartClient\tst\zSmartClient_UnitTest\bin\x64\Debug\net6.0-windows\zSmartClient_UnitTest.dll" adapterTypeName="executor://mstestadapter/v2" className="SmartClient_UnitTest.VideoOS.RemoteClient.GisMapData.MapLayers.LayerAlarmNotificationTest" name="Enable_WhenInvoked_ThenAlarmEnableAndSubscribers" />
    </UnitTest>
    <UnitTest name="Create_Retention_Times_Cannot_Be_Before_1900" storage="d:\actions-runner\_work\xpco\xpco\allsolutions\..\sc\components\remoteviewer\smartclient\tst\zsmartclient_unittest\bin\x64\debug\net6.0-windows\zsmartclient_unittest.dll" id="c9640990-b6c9-dafb-a909-cdccd9fc41e7">
      <Execution id="b34906fc-d884-44d7-85c4-c3c62237b12c" />
      <TestMethod codeBase="D:\actions-runner\_work\XPCO\XPCO\AllSolutions\..\SC\Components\RemoteViewer\SmartClient\tst\zSmartClient_UnitTest\bin\x64\Debug\net6.0-windows\zSmartClient_UnitTest.dll" adapterTypeName="executor://mstestadapter/v2" className="SmartClient_UnitTest.VideoOS.RemoteClient.Application.Components.EvidenceLock.EvidenceLockCreateEditTests" name="Create_Retention_Times_Cannot_Be_Before_1900" />
    </UnitTest>
    <UnitTest name="IsProcessing_ClearWhileUnprocessedItems_Success" storage="d:\actions-runner\_work\xpco\xpco\allsolutions\..\sc\components\remoteviewer\smartclient\tst\zsmartclient_unittest\bin\x64\debug\net6.0-windows\zsmartclient_unittest.dll" id="aa1fb81d-7b98-7b44-90a1-fd0ecea840da">
      <TestCategory>
        <TestCategoryItem TestCategory="SearchResultsPreprocessor" />
      </TestCategory>
      <Execution id="215fc40b-59c2-431c-a1b5-64c30e4cd354" />
      <TestMethod codeBase="D:\actions-runner\_work\XPCO\XPCO\AllSolutions\..\SC\Components\RemoteViewer\SmartClient\tst\zSmartClient_UnitTest\bin\x64\Debug\net6.0-windows\zSmartClient_UnitTest.dll" adapterTypeName="executor://mstestadapter/v2" className="SmartClient_UnitTest.VideoOS.RemoteClient.Plugin.CentralizedSearch.Models.SearchResultsPreprocessorTests" name="IsProcessing_ClearWhileUnprocessedItems_Success" />
    </UnitTest>
    <UnitTest name="SaveAsNewSearchTemplateAsync_Succeeds_Success" storage="d:\actions-runner\_work\xpco\xpco\allsolutions\..\sc\components\remoteviewer\smartclient\tst\zsmartclient_unittest\bin\x64\debug\net6.0-windows\zsmartclient_unittest.dll" id="5effecc7-0d7c-71b0-4a5d-1b5e24448f32">
      <TestCategory>
        <TestCategoryItem TestCategory="SearchTemplates" />
      </TestCategory>
      <Execution id="191b8c14-b358-4bb7-92f1-3d3335d4d016" />
      <TestMethod codeBase="D:\actions-runner\_work\XPCO\XPCO\AllSolutions\..\SC\Components\RemoteViewer\SmartClient\tst\zSmartClient_UnitTest\bin\x64\Debug\net6.0-windows\zSmartClient_UnitTest.dll" adapterTypeName="executor://mstestadapter/v2" className="SmartClient_UnitTest.VideoOS.RemoteClient.Plugin.CentralizedSearch.SearchTemplates.SearchTemplateManagerTests" name="SaveAsNewSearchTemplateAsync_Succeeds_Success" />
    </UnitTest>
    <UnitTest name="IconValueConverter_ConvertInvalidIconSourceFallbackBuiltIn_Success" storage="d:\actions-runner\_work\xpco\xpco\allsolutions\..\sc\components\remoteviewer\smartclient\tst\zsmartclient_unittest\bin\x64\debug\net6.0-windows\zsmartclient_unittest.dll" id="3a31272a-a65c-0e34-46f8-f3357cdba23a">
      <TestCategory>
        <TestCategoryItem TestCategory="SearchConverter" />
      </TestCategory>
      <Execution id="cc4ced2f-58df-415e-9151-ac93234d3769" />
      <TestMethod codeBase="D:\actions-runner\_work\XPCO\XPCO\AllSolutions\..\SC\Components\RemoteViewer\SmartClient\tst\zSmartClient_UnitTest\bin\x64\Debug\net6.0-windows\zSmartClient_UnitTest.dll" adapterTypeName="executor://mstestadapter/v2" className="SmartClient_UnitTest.VideoOS.RemoteClient.Plugin.CentralizedSearch.Views.Converters.IconValueConverterTests" name="IconValueConverter_ConvertInvalidIconSourceFallbackBuiltIn_Success" />
    </UnitTest>
    <UnitTest name="ValidateExportLocation_ShouldReturnFailResult_ExportFolderIsIllegal (True,True)" storage="d:\actions-runner\_work\xpco\xpco\allsolutions\..\sc\components\remoteviewer\smartclient\tst\zsmartclient_unittest\bin\x64\debug\net6.0-windows\zsmartclient_unittest.dll" id="2328c08a-6b16-a28c-b157-2e48d92660b0">
      <TestCategory>
        <TestCategoryItem TestCategory="Export" />
      </TestCategory>
      <Execution id="d8a1f778-3427-4ec0-bf19-ebfd1a197559" />
      <TestMethod codeBase="D:\actions-runner\_work\XPCO\XPCO\AllSolutions\..\SC\Components\RemoteViewer\SmartClient\tst\zSmartClient_UnitTest\bin\x64\Debug\net6.0-windows\zSmartClient_UnitTest.dll" adapterTypeName="executor://mstestadapter/v2" className="SmartClient_UnitTest.VideoOS.RemoteClient.Plugin.Export.ExportDataValidatorTests" name="ValidateExportLocation_ShouldReturnFailResult_ExportFolderIsIllegal" />
    </UnitTest>
    <UnitTest name="Optics enabled, forced" storage="d:\actions-runner\_work\xpco\xpco\allsolutions\..\sc\components\remoteviewer\smartclient\tst\zsmartclient_unittest\bin\x64\debug\net6.0-windows\zsmartclient_unittest.dll" id="49cfd12e-5617-bd5e-66b7-297865e8d56f">
      <TestCategory>
        <TestCategoryItem TestCategory="Export" />
      </TestCategory>
      <Execution id="54f633df-5cd9-4d51-a87b-6bd19414544c" />
      <TestMethod codeBase="D:\actions-runner\_work\XPCO\XPCO\AllSolutions\..\SC\Components\RemoteViewer\SmartClient\tst\zSmartClient_UnitTest\bin\x64\Debug\net6.0-windows\zSmartClient_UnitTest.dll" adapterTypeName="executor://mstestadapter/v2" className="SmartClient_UnitTest.VideoOS.RemoteClient.Plugin.Export.CreateExportDialogViewModelTests" name="CreateExportDialog_ExportDestinationSelectionEnabled_BasedOnOptions" />
    </UnitTest>
    <UnitTest name="CreateDetailsViewControl_ValidSearchResult_Success" storage="d:\actions-runner\_work\xpco\xpco\allsolutions\..\sc\components\remoteviewer\smartclient\tst\zsmartclient_unittest\bin\x64\debug\net6.0-windows\zsmartclient_unittest.dll" id="86e972ed-14c6-3ad2-ddf5-8b4f957f0006">
      <TestCategory>
        <TestCategoryItem TestCategory="SearchViews" />
      </TestCategory>
      <Execution id="fa7dc3b1-3094-4969-b74e-baeb5a66ea3a" />
      <TestMethod codeBase="D:\actions-runner\_work\XPCO\XPCO\AllSolutions\..\SC\Components\RemoteViewer\SmartClient\tst\zSmartClient_UnitTest\bin\x64\Debug\net6.0-windows\zSmartClient_UnitTest.dll" adapterTypeName="executor://mstestadapter/v2" className="SmartClient_UnitTest.VideoOS.RemoteClient.Plugin.CentralizedSearch.Views.SearchResultsViewTests" name="CreateDetailsViewControl_ValidSearchResult_Success" />
    </UnitTest>
    <UnitTest name="LeftButtonUpEvent_ShouldHidePreviewOfCameras_WhenInteractionStateIsAddNewDeviceState" storage="d:\actions-runner\_work\xpco\xpco\allsolutions\..\sc\components\remoteviewer\smartclient\tst\zsmartclient_unittest\bin\x64\debug\net6.0-windows\zsmartclient_unittest.dll" id="32ed77af-24ae-94bc-03f8-4122e838d29f">
      <TestCategory>
        <TestCategoryItem TestCategory="GisMap.MapControl" />
      </TestCategory>
      <Execution id="baddb54a-8a72-4736-a073-be3551a03894" />
      <TestMethod codeBase="D:\actions-runner\_work\XPCO\XPCO\AllSolutions\..\SC\Components\RemoteViewer\SmartClient\tst\zSmartClient_UnitTest\bin\x64\Debug\net6.0-windows\zSmartClient_UnitTest.dll" adapterTypeName="executor://mstestadapter/v2" className="SmartClient_UnitTest.VideoOS.RemoteClient.Plugin.GisMap.ThinkGeoMap.ThinkGeoMapControlTests" name="LeftButtonUpEvent_ShouldHidePreviewOfCameras_WhenInteractionStateIsAddNewDeviceState" />
    </UnitTest>
    <UnitTest name="True" storage="d:\actions-runner\_work\xpco\xpco\allsolutions\..\sc\components\remoteviewer\smartclient\tst\zsmartclient_unittest\bin\x64\debug\net6.0-windows\zsmartclient_unittest.dll" id="cb9d51a2-5e3a-42d0-6e0f-8acb24bb5634">
      <TestCategory>
        <TestCategoryItem TestCategory="WorkspaceToolbar" />
      </TestCategory>
      <Execution id="fdb3bddc-da29-4a6a-afdb-f00f69806cee" />
      <TestMethod codeBase="D:\actions-runner\_work\XPCO\XPCO\AllSolutions\..\SC\Components\RemoteViewer\SmartClient\tst\zSmartClient_UnitTest\bin\x64\Debug\net6.0-windows\zSmartClient_UnitTest.dll" adapterTypeName="executor://mstestadapter/v2" className="SmartClient_UnitTest.VideoOS.RemoteClient.Application.Data.WorkspaceToolbar.WorkspaceToolbarItemMipPluginTests" name="BindingModelEnabled_Matches_PluginInstanceEnabled" />
    </UnitTest>
    <UnitTest name="DateToStringConverter_Convert_InvalidParameter_ReturnUnsetValue" storage="d:\actions-runner\_work\xpco\xpco\allsolutions\..\sc\components\remoteviewer\smartclient\tst\zsmartclient_unittest\bin\x64\debug\net6.0-windows\zsmartclient_unittest.dll" id="e975a99c-1f61-f6af-a603-7683bb9bab62">
      <TestCategory>
        <TestCategoryItem TestCategory="SearchConverter" />
      </TestCategory>
      <Execution id="d8f33865-753f-467d-8b19-9a29bbbb202e" />
      <TestMethod codeBase="D:\actions-runner\_work\XPCO\XPCO\AllSolutions\..\SC\Components\RemoteViewer\SmartClient\tst\zSmartClient_UnitTest\bin\x64\Debug\net6.0-windows\zSmartClient_UnitTest.dll" adapterTypeName="executor://mstestadapter/v2" className="SmartClient_UnitTest.VideoOS.RemoteClient.Plugin.CentralizedSearch.Views.Converters.DateToStringConverterTests" name="DateToStringConverter_Convert_InvalidParameter_ReturnUnsetValue" />
    </UnitTest>
    <UnitTest name="DisplayErrorOnNotificationArea_UnknownSearchError_LoggingEnabled_Success" storage="d:\actions-runner\_work\xpco\xpco\allsolutions\..\sc\components\remoteviewer\smartclient\tst\zsmartclient_unittest\bin\x64\debug\net6.0-windows\zsmartclient_unittest.dll" id="84f8043b-4691-c526-0edb-4d71ad8832d8">
      <TestCategory>
        <TestCategoryItem TestCategory="SearchViewModels" />
      </TestCategory>
      <Execution id="bcfdb2c6-19b8-4e2b-891a-e0dcd34dc387" />
      <TestMethod codeBase="D:\actions-runner\_work\XPCO\XPCO\AllSolutions\..\SC\Components\RemoteViewer\SmartClient\tst\zSmartClient_UnitTest\bin\x64\Debug\net6.0-windows\zSmartClient_UnitTest.dll" adapterTypeName="executor://mstestadapter/v2" className="SmartClient_UnitTest.VideoOS.RemoteClient.Plugin.CentralizedSearch.ViewModels.SearchViewModelTests" name="DisplayErrorOnNotificationArea_UnknownSearchError_LoggingEnabled_Success" />
    </UnitTest>
    <UnitTest name="Unrelated_devices_removed_when_unrelated_camera_with_related_devices_added" storage="d:\actions-runner\_work\xpco\xpco\allsolutions\..\sc\components\remoteviewer\smartclient\tst\zsmartclient_unittest\bin\x64\debug\net6.0-windows\zsmartclient_unittest.dll" id="20b32a9d-1528-d876-b23d-11423094b46d">
      <Execution id="bf0812d2-25d8-4051-8515-5002c6bc7d06" />
      <TestMethod codeBase="D:\actions-runner\_work\XPCO\XPCO\AllSolutions\..\SC\Components\RemoteViewer\SmartClient\tst\zSmartClient_UnitTest\bin\x64\Debug\net6.0-windows\zSmartClient_UnitTest.dll" adapterTypeName="executor://mstestadapter/v2" className="SmartClient_UnitTest.VideoOS.RemoteClient.Application.Components.EvidenceLock.EvidenceLockRelatedDeviceTests" name="Unrelated_devices_removed_when_unrelated_camera_with_related_devices_added" />
    </UnitTest>
    <UnitTest name="InputItemsLayer_NotIsGeographic_Load_Success" storage="d:\actions-runner\_work\xpco\xpco\allsolutions\..\sc\components\remoteviewer\smartclient\tst\zsmartclient_unittest\bin\x64\debug\net6.0-windows\zsmartclient_unittest.dll" id="5ff0df64-4714-54ce-b6d1-3a4063918e93">
      <TestCategory>
        <TestCategoryItem TestCategory="GisMapLayer" />
      </TestCategory>
      <Execution id="7787e219-c367-4afa-a489-03b662f8c63d" />
      <TestMethod codeBase="D:\actions-runner\_work\XPCO\XPCO\AllSolutions\..\SC\Components\RemoteViewer\SmartClient\tst\zSmartClient_UnitTest\bin\x64\Debug\net6.0-windows\zSmartClient_UnitTest.dll" adapterTypeName="executor://mstestadapter/v2" className="SmartClient_UnitTest.VideoOS.RemoteClient.GisMap.MapLayers.GisMapLayerTests" name="InputItemsLayer_NotIsGeographic_Load_Success" />
    </UnitTest>
    <UnitTest name="OnLayersRetrieved_ShouldSetComponentsToCameraAndInput_WhenLayersCollectionContainsCameraAndInputAndOutput" storage="d:\actions-runner\_work\xpco\xpco\allsolutions\..\sc\components\remoteviewer\smartclient\tst\zsmartclient_unittest\bin\x64\debug\net6.0-windows\zsmartclient_unittest.dll" id="bfbae833-a487-affd-e910-685bd64afc57">
      <TestCategory>
        <TestCategoryItem TestCategory="GisMap.DeviceSelectorWindowViewModel" />
      </TestCategory>
      <Execution id="b0e8ff4f-340c-42bf-9d01-c45168d0a89e" />
      <TestMethod codeBase="D:\actions-runner\_work\XPCO\XPCO\AllSolutions\..\SC\Components\RemoteViewer\SmartClient\tst\zSmartClient_UnitTest\bin\x64\Debug\net6.0-windows\zSmartClient_UnitTest.dll" adapterTypeName="executor://mstestadapter/v2" className="SmartClient_UnitTest.VideoOS.RemoteClient.Plugin.GisMap.ViewModels.DeviceSelectorWindowViewModelTests" name="OnLayersRetrieved_ShouldSetComponentsToCameraAndInput_WhenLayersCollectionContainsCameraAndInputAndOutput" />
    </UnitTest>
    <UnitTest name="SearchResultsActionBarActions_SendToFloatingWindow_InvokeCommand_Success" storage="d:\actions-runner\_work\xpco\xpco\allsolutions\..\sc\components\remoteviewer\smartclient\tst\zsmartclient_unittest\bin\x64\debug\net6.0-windows\zsmartclient_unittest.dll" id="aa6b509d-ef33-e576-b983-961276c69241">
      <TestCategory>
        <TestCategoryItem TestCategory="SearchResultActionBarViewModel" />
      </TestCategory>
      <Execution id="056ebcb1-b264-445c-8f22-31dc086038ac" />
      <TestMethod codeBase="D:\actions-runner\_work\XPCO\XPCO\AllSolutions\..\SC\Components\RemoteViewer\SmartClient\tst\zSmartClient_UnitTest\bin\x64\Debug\net6.0-windows\zSmartClient_UnitTest.dll" adapterTypeName="executor://mstestadapter/v2" className="SmartClient_UnitTest.VideoOS.RemoteClient.Plugin.CentralizedSearch.ViewModels.SearchResultsActionBarViewModelTest" name="SearchResultsActionBarActions_SendToFloatingWindow_InvokeCommand_Success" />
    </UnitTest>
    <UnitTest name="Parse_SixHours_Success" storage="d:\actions-runner\_work\xpco\xpco\allsolutions\..\sc\components\remoteviewer\smartclient\tst\zsmartclient_unittest\bin\x64\debug\net6.0-windows\zsmartclient_unittest.dll" id="90ade623-c933-13b0-3f87-d92db5a5c117">
      <TestCategory>
        <TestCategoryItem TestCategory="Search" />
      </TestCategory>
      <Execution id="05407a0c-3950-4ca9-bd97-3605a4f60039" />
      <TestMethod codeBase="D:\actions-runner\_work\XPCO\XPCO\AllSolutions\..\SC\Components\RemoteViewer\SmartClient\tst\zSmartClient_UnitTest\bin\x64\Debug\net6.0-windows\zSmartClient_UnitTest.dll" adapterTypeName="executor://mstestadapter/v2" className="SmartClient_UnitTest.VideoOS.RemoteClient.Plugin.CentralizedSearch.Models.ScopeDurationTests" name="Parse_SixHours_Success" />
    </UnitTest>
    <UnitTest name="Compare_NullVsNotNull_GreaterThan" storage="d:\actions-runner\_work\xpco\xpco\allsolutions\..\sc\components\remoteviewer\smartclient\tst\zsmartclient_unittest\bin\x64\debug\net6.0-windows\zsmartclient_unittest.dll" id="8304cf81-7f4f-297c-5609-3851440a85fa">
      <TestCategory>
        <TestCategoryItem TestCategory="SearchComparers" />
      </TestCategory>
      <Execution id="a752776e-2124-407c-8707-dccbc1612e16" />
      <TestMethod codeBase="D:\actions-runner\_work\XPCO\XPCO\AllSolutions\..\SC\Components\RemoteViewer\SmartClient\tst\zSmartClient_UnitTest\bin\x64\Debug\net6.0-windows\zSmartClient_UnitTest.dll" adapterTypeName="executor://mstestadapter/v2" className="SmartClient_UnitTest.VideoOS.RemoteClient.Plugin.CentralizedSearch.Models.Wrappers.Comparers.BeginTimeWithPaddingComparerTests" name="Compare_NullVsNotNull_GreaterThan" />
    </UnitTest>
    <UnitTest name="SearchResultsActionBarActions_EditBookmark_Enabled" storage="d:\actions-runner\_work\xpco\xpco\allsolutions\..\sc\components\remoteviewer\smartclient\tst\zsmartclient_unittest\bin\x64\debug\net6.0-windows\zsmartclient_unittest.dll" id="9c89c59d-b4e1-b0e6-38b6-740ac9ec96bd">
      <TestCategory>
        <TestCategoryItem TestCategory="SearchResultActionBarViewModel" />
      </TestCategory>
      <Execution id="ed6008b2-6da1-4910-821d-889e540f15f4" />
      <TestMethod codeBase="D:\actions-runner\_work\XPCO\XPCO\AllSolutions\..\SC\Components\RemoteViewer\SmartClient\tst\zSmartClient_UnitTest\bin\x64\Debug\net6.0-windows\zSmartClient_UnitTest.dll" adapterTypeName="executor://mstestadapter/v2" className="SmartClient_UnitTest.VideoOS.RemoteClient.Plugin.CentralizedSearch.ViewModels.SearchResultsActionBarViewModelTest" name="SearchResultsActionBarActions_EditBookmark_Enabled" />
    </UnitTest>
    <UnitTest name="PatrollingStepListViewModel_DeleteStepCommand" storage="d:\actions-runner\_work\xpco\xpco\allsolutions\..\sc\components\remoteviewer\smartclient\tst\zsmartclient_unittest\bin\x64\debug\net6.0-windows\zsmartclient_unittest.dll" id="9ef40f5e-38f9-a518-38bf-9ae97100aebe">
      <Execution id="0f7425d0-a181-45d8-bd16-556bd706e439" />
      <TestMethod codeBase="D:\actions-runner\_work\XPCO\XPCO\AllSolutions\..\SC\Components\RemoteViewer\SmartClient\tst\zSmartClient_UnitTest\bin\x64\Debug\net6.0-windows\zSmartClient_UnitTest.dll" adapterTypeName="executor://mstestadapter/v2" className="SmartClient_UnitTest.VideoOS.RemoteClient.Application.UI.PtzPreset.PatrollingViewModel.PatrollingStepListViewModelTest" name="PatrollingStepListViewModel_DeleteStepCommand" />
    </UnitTest>
    <UnitTest name="Deserialize_InvalidXml_Error" storage="d:\actions-runner\_work\xpco\xpco\allsolutions\..\sc\components\remoteviewer\smartclient\tst\zsmartclient_unittest\bin\x64\debug\net6.0-windows\zsmartclient_unittest.dll" id="a727049e-baa7-2030-caa3-50ce4db896ae">
      <TestCategory>
        <TestCategoryItem TestCategory="SearchSerialization" />
      </TestCategory>
      <Execution id="36e6ded1-413f-4243-83ec-2b49f956a4d3" />
      <TestMethod codeBase="D:\actions-runner\_work\XPCO\XPCO\AllSolutions\..\SC\Components\RemoteViewer\SmartClient\tst\zSmartClient_UnitTest\bin\x64\Debug\net6.0-windows\zSmartClient_UnitTest.dll" adapterTypeName="executor://mstestadapter/v2" className="SmartClient_UnitTest.VideoOS.RemoteClient.Plugin.CentralizedSearch.Models.Serialization.SearchSerializerTests" name="Deserialize_InvalidXml_Error" />
    </UnitTest>
    <UnitTest name="InitialPassword_ShouldBePropagatedToPasswords" storage="d:\actions-runner\_work\xpco\xpco\allsolutions\..\sc\components\remoteviewer\smartclient\tst\zsmartclient_unittest\bin\x64\debug\net6.0-windows\zsmartclient_unittest.dll" id="ad2137f8-da12-9879-f4e4-b1576d0429b7">
      <TestCategory>
        <TestCategoryItem TestCategory="Export" />
      </TestCategory>
      <Execution id="f4b40a48-6d74-4cf0-81fc-fc55d6f9f2b7" />
      <TestMethod codeBase="D:\actions-runner\_work\XPCO\XPCO\AllSolutions\..\SC\Components\RemoteViewer\SmartClient\tst\zSmartClient_UnitTest\bin\x64\Debug\net6.0-windows\zSmartClient_UnitTest.dll" adapterTypeName="executor://mstestadapter/v2" className="SmartClient_UnitTest.VideoOS.RemoteClient.Plugin.Export.PasswordDialogViewModelTests" name="InitialPassword_ShouldBePropagatedToPasswords" />
    </UnitTest>
    <UnitTest name="ValidateExportLocation_ShouldReturnFailResult_ExportPathIsInvalid (qq:\qwerty\qwerty)" storage="d:\actions-runner\_work\xpco\xpco\allsolutions\..\sc\components\remoteviewer\smartclient\tst\zsmartclient_unittest\bin\x64\debug\net6.0-windows\zsmartclient_unittest.dll" id="14ff6e15-92ef-6cb2-b0ea-d4519c199b41">
      <TestCategory>
        <TestCategoryItem TestCategory="Export" />
      </TestCategory>
      <Execution id="69aa2020-f4eb-41f8-9f1a-8ee11de7822c" />
      <TestMethod codeBase="D:\actions-runner\_work\XPCO\XPCO\AllSolutions\..\SC\Components\RemoteViewer\SmartClient\tst\zSmartClient_UnitTest\bin\x64\Debug\net6.0-windows\zSmartClient_UnitTest.dll" adapterTypeName="executor://mstestadapter/v2" className="SmartClient_UnitTest.VideoOS.RemoteClient.Plugin.Export.ExportDataValidatorTests" name="ValidateExportLocation_ShouldReturnFailResult_ExportPathIsInvalid" />
    </UnitTest>
    <UnitTest name="HandleGetDeviceData_ShouldReturnNotFoundDeviceData_WhenMicrophoneKindAndNonExistingMicrophoneId" storage="d:\actions-runner\_work\xpco\xpco\allsolutions\..\sc\components\remoteviewer\smartclient\tst\zsmartclient_unittest\bin\x64\debug\net6.0-windows\zsmartclient_unittest.dll" id="3f089a4c-2d32-ba99-dedb-fa96b9528cb6">
      <TestCategory>
        <TestCategoryItem TestCategory="GisMap.Handlers.Devices.MapItems" />
      </TestCategory>
      <Execution id="2b556bd9-5cfc-4d84-81ba-60a9ae952979" />
      <TestMethod codeBase="D:\actions-runner\_work\XPCO\XPCO\AllSolutions\..\SC\Components\RemoteViewer\SmartClient\tst\zSmartClient_UnitTest\bin\x64\Debug\net6.0-windows\zSmartClient_UnitTest.dll" adapterTypeName="executor://mstestadapter/v2" className="SmartClient_UnitTest.VideoOS.RemoteClient.Plugin.GisMap.Handlers.Devices.MapItems.MicrophoneDataHandlerTests" name="HandleGetDeviceData_ShouldReturnNotFoundDeviceData_WhenMicrophoneKindAndNonExistingMicrophoneId" />
    </UnitTest>
    <UnitTest name="AddSelectedCameras_ValidCamera_CameraAdded" storage="d:\actions-runner\_work\xpco\xpco\allsolutions\..\sc\components\remoteviewer\smartclient\tst\zsmartclient_unittest\bin\x64\debug\net6.0-windows\zsmartclient_unittest.dll" id="3dff5113-fbc5-85c4-6443-3894194c92b8">
      <TestCategory>
        <TestCategoryItem TestCategory="SearchViewModels" />
      </TestCategory>
      <Execution id="40c93660-9581-4fb7-9edc-5e5035e4106f" />
      <TestMethod codeBase="D:\actions-runner\_work\XPCO\XPCO\AllSolutions\..\SC\Components\RemoteViewer\SmartClient\tst\zSmartClient_UnitTest\bin\x64\Debug\net6.0-windows\zSmartClient_UnitTest.dll" adapterTypeName="executor://mstestadapter/v2" className="SmartClient_UnitTest.VideoOS.RemoteClient.Plugin.CentralizedSearch.ViewModels.SearchViewModelTests" name="AddSelectedCameras_ValidCamera_CameraAdded" />
    </UnitTest>
    <UnitTest name="DisplayErrorOnNotificationArea_UnknownSearchError_LoggingDisabled_Success" storage="d:\actions-runner\_work\xpco\xpco\allsolutions\..\sc\components\remoteviewer\smartclient\tst\zsmartclient_unittest\bin\x64\debug\net6.0-windows\zsmartclient_unittest.dll" id="45f53e24-e644-c161-a854-8f98e8cdbf61">
      <TestCategory>
        <TestCategoryItem TestCategory="SearchViewModels" />
      </TestCategory>
      <Execution id="964ffe4e-806c-4337-b6a8-9fca815265a0" />
      <TestMethod codeBase="D:\actions-runner\_work\XPCO\XPCO\AllSolutions\..\SC\Components\RemoteViewer\SmartClient\tst\zSmartClient_UnitTest\bin\x64\Debug\net6.0-windows\zSmartClient_UnitTest.dll" adapterTypeName="executor://mstestadapter/v2" className="SmartClient_UnitTest.VideoOS.RemoteClient.Plugin.CentralizedSearch.ViewModels.SearchViewModelTests" name="DisplayErrorOnNotificationArea_UnknownSearchError_LoggingDisabled_Success" />
    </UnitTest>
    <UnitTest name="UpdateScope_AbsoluteScopeDurationFromTimeChanged_ReturnsTrue" storage="d:\actions-runner\_work\xpco\xpco\allsolutions\..\sc\components\remoteviewer\smartclient\tst\zsmartclient_unittest\bin\x64\debug\net6.0-windows\zsmartclient_unittest.dll" id="d8d8f61c-66c0-35aa-72e8-108d872447d5">
      <TestCategory>
        <TestCategoryItem TestCategory="SearchModels" />
      </TestCategory>
      <Execution id="9d5cd48e-5b1f-4182-bd85-8da096f22391" />
      <TestMethod codeBase="D:\actions-runner\_work\XPCO\XPCO\AllSolutions\..\SC\Components\RemoteViewer\SmartClient\tst\zSmartClient_UnitTest\bin\x64\Debug\net6.0-windows\zSmartClient_UnitTest.dll" adapterTypeName="executor://mstestadapter/v2" className="SmartClient_UnitTest.VideoOS.RemoteClient.Plugin.CentralizedSearch.Models.SearchScopeTests" name="UpdateScope_AbsoluteScopeDurationFromTimeChanged_ReturnsTrue" />
    </UnitTest>
    <UnitTest name="GetPrivacyMaskTest" storage="d:\actions-runner\_work\xpco\xpco\allsolutions\..\sc\components\remoteviewer\smartclient\tst\zsmartclient_unittest\bin\x64\debug\net6.0-windows\zsmartclient_unittest.dll" id="f6cae615-2487-dbea-6964-0ccca1418db3">
      <Execution id="447ed891-374f-4238-b108-98358f012aca" />
      <TestMethod codeBase="D:\actions-runner\_work\XPCO\XPCO\AllSolutions\..\SC\Components\RemoteViewer\SmartClient\tst\zSmartClient_UnitTest\bin\x64\Debug\net6.0-windows\zSmartClient_UnitTest.dll" adapterTypeName="executor://mstestadapter/v2" className="SmartClient_UnitTest.VideoOS.RemoteClient.Application.Data.ContentTypes.CameraContentType.PrivacyMaskTest" name="GetPrivacyMaskTest" />
    </UnitTest>
    <UnitTest name="PopulateTooltip_FewResultsFromSingleCamera24Hours_ValidText" storage="d:\actions-runner\_work\xpco\xpco\allsolutions\..\sc\components\remoteviewer\smartclient\tst\zsmartclient_unittest\bin\x64\debug\net6.0-windows\zsmartclient_unittest.dll" id="0d83c1ac-5a73-d746-bd8b-9b4e86108c9b">
      <TestCategory>
        <TestCategoryItem TestCategory="SearchControls" />
      </TestCategory>
      <Execution id="50aa289a-1e4b-4c27-90c7-b6e384321c5a" />
      <TestMethod codeBase="D:\actions-runner\_work\XPCO\XPCO\AllSolutions\..\SC\Components\RemoteViewer\SmartClient\tst\zSmartClient_UnitTest\bin\x64\Debug\net6.0-windows\zSmartClient_UnitTest.dll" adapterTypeName="executor://mstestadapter/v2" className="SmartClient_UnitTest.VideoOS.RemoteClient.Plugin.CentralizedSearch.Views.Controls.TimelineRuler.TimelineRulerControlTests" name="PopulateTooltip_FewResultsFromSingleCamera24Hours_ValidText" />
    </UnitTest>
    <UnitTest name="PtzSessionControllerInfo_UserChangedTest_NoChange_Anonymous" storage="d:\actions-runner\_work\xpco\xpco\allsolutions\..\sc\components\remoteviewer\smartclient\tst\zsmartclient_unittest\bin\x64\debug\net6.0-windows\zsmartclient_unittest.dll" id="537b2445-9bec-85ec-3d34-ba15ef73d25d">
      <Execution id="660c9fc0-8ced-4a3c-a47a-446324d81fa3" />
      <TestMethod codeBase="D:\actions-runner\_work\XPCO\XPCO\AllSolutions\..\SC\Components\RemoteViewer\SmartClient\tst\zSmartClient_UnitTest\bin\x64\Debug\net6.0-windows\zSmartClient_UnitTest.dll" adapterTypeName="executor://mstestadapter/v2" className="VideoOS.RemoteClient.Application.Controllers.UnitTest.PtzSessionControllerTest" name="PtzSessionControllerInfo_UserChangedTest_NoChange_Anonymous" />
    </UnitTest>
    <UnitTest name="Parse_Custom_Success" storage="d:\actions-runner\_work\xpco\xpco\allsolutions\..\sc\components\remoteviewer\smartclient\tst\zsmartclient_unittest\bin\x64\debug\net6.0-windows\zsmartclient_unittest.dll" id="74b99f6c-f52d-e611-9fc2-7e56383e4299">
      <TestCategory>
        <TestCategoryItem TestCategory="Search" />
      </TestCategory>
      <Execution id="07be319a-3213-410a-a831-451eea1c2bc6" />
      <TestMethod codeBase="D:\actions-runner\_work\XPCO\XPCO\AllSolutions\..\SC\Components\RemoteViewer\SmartClient\tst\zSmartClient_UnitTest\bin\x64\Debug\net6.0-windows\zSmartClient_UnitTest.dll" adapterTypeName="executor://mstestadapter/v2" className="SmartClient_UnitTest.VideoOS.RemoteClient.Plugin.CentralizedSearch.Models.ScopeDurationTests" name="Parse_Custom_Success" />
    </UnitTest>
    <UnitTest name="Ctor_AllTypesConfigured" storage="d:\actions-runner\_work\xpco\xpco\allsolutions\..\sc\components\remoteviewer\smartclient\tst\zsmartclient_unittest\bin\x64\debug\net6.0-windows\zsmartclient_unittest.dll" id="b93013c3-d297-89cf-1fce-624bcbbbca6c">
      <TestCategory>
        <TestCategoryItem TestCategory="Search" />
      </TestCategory>
      <Execution id="342f875e-e6fc-41f6-9e62-e3d4d6358059" />
      <TestMethod codeBase="D:\actions-runner\_work\XPCO\XPCO\AllSolutions\..\SC\Components\RemoteViewer\SmartClient\tst\zSmartClient_UnitTest\bin\x64\Debug\net6.0-windows\zSmartClient_UnitTest.dll" adapterTypeName="executor://mstestadapter/v2" className="SmartClient_UnitTest.VideoOS.RemoteClient.Plugin.CentralizedSearch.MIPPlugin.ScSearchUserControlPluginTest" name="Ctor_AllTypesConfigured" />
    </UnitTest>
    <UnitTest name="DeviceIcons_ShouldBeCached_WhenCalled" storage="d:\actions-runner\_work\xpco\xpco\allsolutions\..\sc\components\remoteviewer\smartclient\tst\zsmartclient_unittest\bin\x64\debug\net6.0-windows\zsmartclient_unittest.dll" id="669fc029-8875-e129-8d0c-bd7a31bdd15f">
      <TestCategory>
        <TestCategoryItem TestCategory="GisMapData.CameraOemResourcesProviderTests" />
      </TestCategory>
      <Execution id="9b10128f-34bb-49b0-b071-4f66dca71aa7" />
      <TestMethod codeBase="D:\actions-runner\_work\XPCO\XPCO\AllSolutions\..\SC\Components\RemoteViewer\SmartClient\tst\zSmartClient_UnitTest\bin\x64\Debug\net6.0-windows\zSmartClient_UnitTest.dll" adapterTypeName="executor://mstestadapter/v2" className="SmartClient_UnitTest.VideoOS.RemoteClient.GisMapData.Resources.CameraOemResourcesProviderTests" name="DeviceIcons_ShouldBeCached_WhenCalled" />
    </UnitTest>
    <UnitTest name="State_ShouldUpdateMicrophoneIconImage_WhenSetToMute" storage="d:\actions-runner\_work\xpco\xpco\allsolutions\..\sc\components\remoteviewer\smartclient\tst\zsmartclient_unittest\bin\x64\debug\net6.0-windows\zsmartclient_unittest.dll" id="2baa9530-1f3b-08c8-d90b-9f25fb854e03">
      <TestCategory>
        <TestCategoryItem TestCategory="GisMapData.MapItem.Microphones" />
      </TestCategory>
      <Execution id="387a0bc4-9e07-41e2-948b-a08175aaca04" />
      <TestMethod codeBase="D:\actions-runner\_work\XPCO\XPCO\AllSolutions\..\SC\Components\RemoteViewer\SmartClient\tst\zSmartClient_UnitTest\bin\x64\Debug\net6.0-windows\zSmartClient_UnitTest.dll" adapterTypeName="executor://mstestadapter/v2" className="SmartClient_UnitTest.VideoOS.RemoteClient.GisMapData.MapItem.Microphones.MicrophoneMapItemTests" name="State_ShouldUpdateMicrophoneIconImage_WhenSetToMute" />
    </UnitTest>
    <UnitTest name="ActiveInteractionStateBinding_ShouldOnlyContainNormalAndNewDevice_WhenCtorIsCalled" storage="d:\actions-runner\_work\xpco\xpco\allsolutions\..\sc\components\remoteviewer\smartclient\tst\zsmartclient_unittest\bin\x64\debug\net6.0-windows\zsmartclient_unittest.dll" id="29cd7680-6529-be15-6bcd-e95b8579b607">
      <TestCategory>
        <TestCategoryItem TestCategory="GisMap.OutputMarkerTest" />
      </TestCategory>
      <Execution id="653dc278-9f7e-40cd-a7ea-13535e52f6c0" />
      <TestMethod codeBase="D:\actions-runner\_work\XPCO\XPCO\AllSolutions\..\SC\Components\RemoteViewer\SmartClient\tst\zSmartClient_UnitTest\bin\x64\Debug\net6.0-windows\zSmartClient_UnitTest.dll" adapterTypeName="executor://mstestadapter/v2" className="SmartClient_UnitTest.VideoOS.RemoteClient.Plugin.GisMap.ThinkGeoMap.Markers.DeviceMarkers.OutputMarker.OutputMarkerTests" name="ActiveInteractionStateBinding_ShouldOnlyContainNormalAndNewDevice_WhenCtorIsCalled" />
    </UnitTest>
    <UnitTest name="ShowPermissionDeniedStatusBarError_ShouldSendAMessage (0,0)" storage="d:\actions-runner\_work\xpco\xpco\allsolutions\..\sc\components\remoteviewer\smartclient\tst\zsmartclient_unittest\bin\x64\debug\net6.0-windows\zsmartclient_unittest.dll" id="dd092419-abd8-e0ce-fcc9-f98f58bba7cb">
      <TestCategory>
        <TestCategoryItem TestCategory="Managers" />
      </TestCategory>
      <Execution id="bbfb353e-27a3-4209-a53f-2987c6a03e12" />
      <TestMethod codeBase="D:\actions-runner\_work\XPCO\XPCO\AllSolutions\..\SC\Components\RemoteViewer\SmartClient\tst\zSmartClient_UnitTest\bin\x64\Debug\net6.0-windows\zSmartClient_UnitTest.dll" adapterTypeName="executor://mstestadapter/v2" className="SmartClient_UnitTest.VideoOS.RemoteClient.Application.Managers.ExportResultsNotificationHelperTests" name="ShowPermissionDeniedStatusBarError_ShouldSendAMessage" />
    </UnitTest>
    <UnitTest name="SetItemOutlines_ItemNotCameraKind_Exception" storage="d:\actions-runner\_work\xpco\xpco\allsolutions\..\sc\components\remoteviewer\smartclient\tst\zsmartclient_unittest\bin\x64\debug\net6.0-windows\zsmartclient_unittest.dll" id="bc299358-874f-d04a-92ad-e691bf3c092e">
      <TestCategory>
        <TestCategoryItem TestCategory="GisMap.GisMapViewFacade" />
      </TestCategory>
      <Execution id="bcbc5489-8e73-4e7a-998c-6d527a2dc6a9" />
      <TestMethod codeBase="D:\actions-runner\_work\XPCO\XPCO\AllSolutions\..\SC\Components\RemoteViewer\SmartClient\tst\zSmartClient_UnitTest\bin\x64\Debug\net6.0-windows\zSmartClient_UnitTest.dll" adapterTypeName="executor://mstestadapter/v2" className="SmartClient_UnitTest.VideoOS.RemoteClient.Plugin.GisMap.IoC.GisMapViewFacadeTests" name="SetItemOutlines_ItemNotCameraKind_Exception" />
    </UnitTest>
    <UnitTest name="Deserialize_ScopeDurationOnly_Success" storage="d:\actions-runner\_work\xpco\xpco\allsolutions\..\sc\components\remoteviewer\smartclient\tst\zsmartclient_unittest\bin\x64\debug\net6.0-windows\zsmartclient_unittest.dll" id="4729feb7-4741-1ecd-d16a-200494d70780">
      <TestCategory>
        <TestCategoryItem TestCategory="SearchSerialization" />
      </TestCategory>
      <Execution id="ad342dcf-3f9c-4adf-9783-6206a675862e" />
      <TestMethod codeBase="D:\actions-runner\_work\XPCO\XPCO\AllSolutions\..\SC\Components\RemoteViewer\SmartClient\tst\zSmartClient_UnitTest\bin\x64\Debug\net6.0-windows\zSmartClient_UnitTest.dll" adapterTypeName="executor://mstestadapter/v2" className="SmartClient_UnitTest.VideoOS.RemoteClient.Plugin.CentralizedSearch.Models.Serialization.SearchSerializerTests" name="Deserialize_ScopeDurationOnly_Success" />
    </UnitTest>
    <UnitTest name="TestReadXml" storage="d:\actions-runner\_work\xpco\xpco\allsolutions\..\sc\components\remoteviewer\smartclient\tst\zsmartclient_unittest\bin\x64\debug\net6.0-windows\zsmartclient_unittest.dll" id="1bb961de-3244-ec3d-ba9c-efd8693da7cb">
      <Execution id="2ac87297-976e-4b23-a7da-414c5fb24f57" />
      <TestMethod codeBase="D:\actions-runner\_work\XPCO\XPCO\AllSolutions\..\SC\Components\RemoteViewer\SmartClient\tst\zSmartClient_UnitTest\bin\x64\Debug\net6.0-windows\zSmartClient_UnitTest.dll" adapterTypeName="executor://mstestadapter/v2" className="SmartClient_UnitTest.VideoOS.RemoteClient.Application.Data.Retrievals.RetrievalMetadataTest" name="TestReadXml" />
    </UnitTest>
    <UnitTest name="PatrollingProfileViewModelTest_Constructor_Success" storage="d:\actions-runner\_work\xpco\xpco\allsolutions\..\sc\components\remoteviewer\smartclient\tst\zsmartclient_unittest\bin\x64\debug\net6.0-windows\zsmartclient_unittest.dll" id="971ae998-f6f4-2825-fcc4-633419b90bb1">
      <Execution id="3c4570db-a53c-4aa7-8878-d490c243eb51" />
      <TestMethod codeBase="D:\actions-runner\_work\XPCO\XPCO\AllSolutions\..\SC\Components\RemoteViewer\SmartClient\tst\zSmartClient_UnitTest\bin\x64\Debug\net6.0-windows\zSmartClient_UnitTest.dll" adapterTypeName="executor://mstestadapter/v2" className="SmartClient_UnitTest.VideoOS.RemoteClient.Application.UI.PtzPreset.PatrollingViewModel.PatrollingProfileViewModelTest" name="PatrollingProfileViewModelTest_Constructor_Success" />
    </UnitTest>
    <UnitTest name="Search_EmptyFilterValue_WarningTextNotApplied" storage="d:\actions-runner\_work\xpco\xpco\allsolutions\..\sc\components\remoteviewer\smartclient\tst\zsmartclient_unittest\bin\x64\debug\net6.0-windows\zsmartclient_unittest.dll" id="e5973daf-eb52-605d-f256-024d8a961fe9">
      <TestCategory>
        <TestCategoryItem TestCategory="Search" />
      </TestCategory>
      <Execution id="d746336c-d731-4c12-9832-aaeb53ea9a70" />
      <TestMethod codeBase="D:\actions-runner\_work\XPCO\XPCO\AllSolutions\..\SC\Components\RemoteViewer\SmartClient\tst\zSmartClient_UnitTest\bin\x64\Debug\net6.0-windows\zSmartClient_UnitTest.dll" adapterTypeName="executor://mstestadapter/v2" className="SmartClient_UnitTest.VideoOS.RemoteClient.Plugin.CentralizedSearch.MIPPlugin.CompositeSearchDefinitionTests" name="Search_EmptyFilterValue_WarningTextNotApplied" />
    </UnitTest>
    <UnitTest name="ConvertToNewLevel_ThreeLevelsUp_Success" storage="d:\actions-runner\_work\xpco\xpco\allsolutions\..\sc\components\remoteviewer\smartclient\tst\zsmartclient_unittest\bin\x64\debug\net6.0-windows\zsmartclient_unittest.dll" id="d6a59c85-6c58-584e-c43d-f10c50d7e1a2">
      <TestCategory>
        <TestCategoryItem TestCategory="GisMapIndex" />
      </TestCategory>
      <Execution id="c6c082d5-3219-435a-aaaa-a1608749b898" />
      <TestMethod codeBase="D:\actions-runner\_work\XPCO\XPCO\AllSolutions\..\SC\Components\RemoteViewer\SmartClient\tst\zSmartClient_UnitTest\bin\x64\Debug\net6.0-windows\zSmartClient_UnitTest.dll" adapterTypeName="executor://mstestadapter/v2" className="SmartClient_UnitTest.VideoOS.RemoteClient.GisMapData.Common.Indexer.IndexGridExtentTest" name="ConvertToNewLevel_ThreeLevelsUp_Success" />
    </UnitTest>
    <UnitTest name="GetSLC_ShouldReturnCorrectSLC" storage="d:\actions-runner\_work\xpco\xpco\allsolutions\..\sc\components\remoteviewer\smartclient\tst\zsmartclient_unittest\bin\x64\debug\net6.0-windows\zsmartclient_unittest.dll" id="9dcaedba-c848-3b00-d622-5c7b863dca11">
      <Execution id="4e87a91e-6266-4967-ab2b-96ca3a905b7a" />
      <TestMethod codeBase="D:\actions-runner\_work\XPCO\XPCO\AllSolutions\..\SC\Components\RemoteViewer\SmartClient\tst\zSmartClient_UnitTest\bin\x64\Debug\net6.0-windows\zSmartClient_UnitTest.dll" adapterTypeName="executor://mstestadapter/v2" className="SmartClient_UnitTest.VideoOS.RemoteClient.Application.Common.Telemetry.SCTelemetrySpecificsTests" name="GetSLC_ShouldReturnCorrectSLC" />
    </UnitTest>
    <UnitTest name="OpenStreetMapLayerIsDisabled_ShouldReturnFalse_WhenOpenStreetMapGeographicLayerOptionIsNotAvailableAndOpenStreetMapAlternativeServerIsNotEmpty" storage="d:\actions-runner\_work\xpco\xpco\allsolutions\..\sc\components\remoteviewer\smartclient\tst\zsmartclient_unittest\bin\x64\debug\net6.0-windows\zsmartclient_unittest.dll" id="cc0eb8f4-de0d-0d2a-a312-64bcc8b88edd">
      <TestCategory>
        <TestCategoryItem TestCategory="GisMapLayer" />
      </TestCategory>
      <Execution id="9d606960-290e-495a-a083-d0d65736b679" />
      <TestMethod codeBase="D:\actions-runner\_work\XPCO\XPCO\AllSolutions\..\SC\Components\RemoteViewer\SmartClient\tst\zSmartClient_UnitTest\bin\x64\Debug\net6.0-windows\zSmartClient_UnitTest.dll" adapterTypeName="executor://mstestadapter/v2" className="SmartClient_UnitTest.VideoOS.RemoteClient.GisMap.MapLayers.GisMapLayerTests" name="OpenStreetMapLayerIsDisabled_ShouldReturnFalse_WhenOpenStreetMapGeographicLayerOptionIsNotAvailableAndOpenStreetMapAlternativeServerIsNotEmpty" />
    </UnitTest>
    <UnitTest name="Outline_ShouldAcceptSet_WhenNon4CornersOutline" storage="d:\actions-runner\_work\xpco\xpco\allsolutions\..\sc\components\remoteviewer\smartclient\tst\zsmartclient_unittest\bin\x64\debug\net6.0-windows\zsmartclient_unittest.dll" id="c6214463-25ef-9b77-19c9-f227068e9681">
      <TestCategory>
        <TestCategoryItem TestCategory="GisMapBuilding" />
      </TestCategory>
      <Execution id="058895b8-ab1d-4c41-bc07-1d8c317c9fa6" />
      <TestMethod codeBase="D:\actions-runner\_work\XPCO\XPCO\AllSolutions\..\SC\Components\RemoteViewer\SmartClient\tst\zSmartClient_UnitTest\bin\x64\Debug\net6.0-windows\zSmartClient_UnitTest.dll" adapterTypeName="executor://mstestadapter/v2" className="SmartClient_UnitTest.VideoOS.RemoteClient.GisMap.MapBuildingTests" name="Outline_ShouldAcceptSet_WhenNon4CornersOutline" />
    </UnitTest>
    <UnitTest name="Password1 valid, Password 2 invalid, shorter length" storage="d:\actions-runner\_work\xpco\xpco\allsolutions\..\sc\components\remoteviewer\smartclient\tst\zsmartclient_unittest\bin\x64\debug\net6.0-windows\zsmartclient_unittest.dll" id="f8f5c82b-0b68-e133-2fe6-a6f0cc722426">
      <TestCategory>
        <TestCategoryItem TestCategory="Export" />
      </TestCategory>
      <Execution id="093462fe-b950-46e5-8526-286016881f2a" />
      <TestMethod codeBase="D:\actions-runner\_work\XPCO\XPCO\AllSolutions\..\SC\Components\RemoteViewer\SmartClient\tst\zSmartClient_UnitTest\bin\x64\Debug\net6.0-windows\zSmartClient_UnitTest.dll" adapterTypeName="executor://mstestadapter/v2" className="SmartClient_UnitTest.VideoOS.RemoteClient.Plugin.Export.PasswordDialogViewModelTests" name="ArePasswordsValid_ShouldDependOnPassword1AndPassword2" />
    </UnitTest>
    <UnitTest name="ScrollIntoView_Async_DefinitionViewAboveOutOfViewPort_Scrolled" storage="d:\actions-runner\_work\xpco\xpco\allsolutions\..\sc\components\remoteviewer\smartclient\tst\zsmartclient_unittest\bin\x64\debug\net6.0-windows\zsmartclient_unittest.dll" id="1a438984-8e5e-2cb0-c251-969595afcd3b">
      <TestCategory>
        <TestCategoryItem TestCategory="Search" />
      </TestCategory>
      <Execution id="0df9dfff-8184-4863-adee-ef09900db4d7" />
      <TestMethod codeBase="D:\actions-runner\_work\XPCO\XPCO\AllSolutions\..\SC\Components\RemoteViewer\SmartClient\tst\zSmartClient_UnitTest\bin\x64\Debug\net6.0-windows\zSmartClient_UnitTest.dll" adapterTypeName="executor://mstestadapter/v2" className="SmartClient_UnitTest.VideoOS.RemoteClient.Plugin.CentralizedSearch.Views.CriteriaViewTests" name="ScrollIntoView_Async_DefinitionViewAboveOutOfViewPort_Scrolled" />
    </UnitTest>
    <UnitTest name="SelectTemplate_InvalidItemType_ReturnsPopupTemplate" storage="d:\actions-runner\_work\xpco\xpco\allsolutions\..\sc\components\remoteviewer\smartclient\tst\zsmartclient_unittest\bin\x64\debug\net6.0-windows\zsmartclient_unittest.dll" id="7d70a72d-3886-6952-72a5-a740f2010644">
      <TestCategory>
        <TestCategoryItem TestCategory="SearchViews" />
      </TestCategory>
      <Execution id="a5c9ba86-a5dd-4c77-8e76-36b104f7df0b" />
      <TestMethod codeBase="D:\actions-runner\_work\XPCO\XPCO\AllSolutions\..\SC\Components\RemoteViewer\SmartClient\tst\zSmartClient_UnitTest\bin\x64\Debug\net6.0-windows\zSmartClient_UnitTest.dll" adapterTypeName="executor://mstestadapter/v2" className="SmartClient_UnitTest.VideoOS.RemoteClient.Plugin.CentralizedSearch.Views.AttributeEditControlTemplateSelectorTests" name="SelectTemplate_InvalidItemType_ReturnsPopupTemplate" />
    </UnitTest>
    <UnitTest name="AddToExportDevices_ShouldReturnCorrectResult (0,0,0)" storage="d:\actions-runner\_work\xpco\xpco\allsolutions\..\sc\components\remoteviewer\smartclient\tst\zsmartclient_unittest\bin\x64\debug\net6.0-windows\zsmartclient_unittest.dll" id="8fbd09a9-7857-948c-1090-871fb08766df">
      <TestCategory>
        <TestCategoryItem TestCategory="Managers" />
      </TestCategory>
      <Execution id="0f926ec1-f5e7-4a62-8adb-5d08834c2dba" />
      <TestMethod codeBase="D:\actions-runner\_work\XPCO\XPCO\AllSolutions\..\SC\Components\RemoteViewer\SmartClient\tst\zSmartClient_UnitTest\bin\x64\Debug\net6.0-windows\zSmartClient_UnitTest.dll" adapterTypeName="executor://mstestadapter/v2" className="SmartClient_UnitTest.VideoOS.RemoteClient.Application.Managers.ExportManagerTests" name="AddToExportDevices_ShouldReturnCorrectResult" />
    </UnitTest>
    <UnitTest name="IsLocationSelectionVisible_MappedToViewModel_Success" storage="d:\actions-runner\_work\xpco\xpco\allsolutions\..\sc\components\remoteviewer\smartclient\tst\zsmartclient_unittest\bin\x64\debug\net6.0-windows\zsmartclient_unittest.dll" id="d39f566a-6448-5523-5e51-422943258ba3">
      <TestCategory>
        <TestCategoryItem TestCategory="GisMap.GisMapViewFacade" />
      </TestCategory>
      <Execution id="8c0e3d5e-aeeb-4970-bfca-d6de8c335942" />
      <TestMethod codeBase="D:\actions-runner\_work\XPCO\XPCO\AllSolutions\..\SC\Components\RemoteViewer\SmartClient\tst\zSmartClient_UnitTest\bin\x64\Debug\net6.0-windows\zSmartClient_UnitTest.dll" adapterTypeName="executor://mstestadapter/v2" className="SmartClient_UnitTest.VideoOS.RemoteClient.Plugin.GisMap.IoC.GisMapViewFacadeTests" name="IsLocationSelectionVisible_MappedToViewModel_Success" />
    </UnitTest>
    <UnitTest name="OutputItemsLayer_NotIsGeographic_Load_Success" storage="d:\actions-runner\_work\xpco\xpco\allsolutions\..\sc\components\remoteviewer\smartclient\tst\zsmartclient_unittest\bin\x64\debug\net6.0-windows\zsmartclient_unittest.dll" id="4359d1f6-24c0-77e3-a295-f1f91acd7a66">
      <TestCategory>
        <TestCategoryItem TestCategory="GisMapLayer" />
      </TestCategory>
      <Execution id="6afa4a42-2043-4e0f-8b16-4ac6c60a750d" />
      <TestMethod codeBase="D:\actions-runner\_work\XPCO\XPCO\AllSolutions\..\SC\Components\RemoteViewer\SmartClient\tst\zSmartClient_UnitTest\bin\x64\Debug\net6.0-windows\zSmartClient_UnitTest.dll" adapterTypeName="executor://mstestadapter/v2" className="SmartClient_UnitTest.VideoOS.RemoteClient.GisMap.MapLayers.GisMapLayerTests" name="OutputItemsLayer_NotIsGeographic_Load_Success" />
    </UnitTest>
    <UnitTest name="BuildEvidenceCreatedProperties_ShouldReturnCorrectValues (some headline,some description,03:00:00,Days,1.22:00:00,0,True,True,03:00:00,Days,1.22:00:00,0)" storage="d:\actions-runner\_work\xpco\xpco\allsolutions\..\sc\components\remoteviewer\smartclient\tst\zsmartclient_unittest\bin\x64\debug\net6.0-windows\zsmartclient_unittest.dll" id="142d7f64-df34-9fff-6e19-8f208ebae02f">
      <Execution id="cb4f7ee0-4b99-480e-8878-501d893c331b" />
      <TestMethod codeBase="D:\actions-runner\_work\XPCO\XPCO\AllSolutions\..\SC\Components\RemoteViewer\SmartClient\tst\zSmartClient_UnitTest\bin\x64\Debug\net6.0-windows\zSmartClient_UnitTest.dll" adapterTypeName="executor://mstestadapter/v2" className="SmartClient_UnitTest.VideoOS.RemoteClient.Application.Common.Telemetry.TelemetryBuilderTests" name="BuildEvidenceCreatedProperties_ShouldReturnCorrectValues" />
    </UnitTest>
    <UnitTest name="AddLevelWithLoadNewLevel_Success" storage="d:\actions-runner\_work\xpco\xpco\allsolutions\..\sc\components\remoteviewer\smartclient\tst\zsmartclient_unittest\bin\x64\debug\net6.0-windows\zsmartclient_unittest.dll" id="10a1b738-5399-5e92-e2ed-009c7ed9c454">
      <TestCategory>
        <TestCategoryItem TestCategory="GisMapBuilding" />
      </TestCategory>
      <Execution id="d16ba754-ede7-472c-81e8-3b87b1ee4f85" />
      <TestMethod codeBase="D:\actions-runner\_work\XPCO\XPCO\AllSolutions\..\SC\Components\RemoteViewer\SmartClient\tst\zSmartClient_UnitTest\bin\x64\Debug\net6.0-windows\zSmartClient_UnitTest.dll" adapterTypeName="executor://mstestadapter/v2" className="SmartClient_UnitTest.VideoOS.RemoteClient.GisMapData.MapBuildings.MapLevelTests" name="AddLevelWithLoadNewLevel_Success" />
    </UnitTest>
    <UnitTest name="ActiveInteractionStateBinding_ShouldNotBeNull_WhenCtorIsCalled" storage="d:\actions-runner\_work\xpco\xpco\allsolutions\..\sc\components\remoteviewer\smartclient\tst\zsmartclient_unittest\bin\x64\debug\net6.0-windows\zsmartclient_unittest.dll" id="69d36869-4d47-77af-11ea-1700a11c2aa4">
      <TestCategory>
        <TestCategoryItem TestCategory="GisMap.OutputMarkerTest" />
      </TestCategory>
      <Execution id="4b1057f7-134c-4069-9340-e348a215abb1" />
      <TestMethod codeBase="D:\actions-runner\_work\XPCO\XPCO\AllSolutions\..\SC\Components\RemoteViewer\SmartClient\tst\zSmartClient_UnitTest\bin\x64\Debug\net6.0-windows\zSmartClient_UnitTest.dll" adapterTypeName="executor://mstestadapter/v2" className="SmartClient_UnitTest.VideoOS.RemoteClient.Plugin.GisMap.ThinkGeoMap.Markers.DeviceMarkers.OutputMarker.OutputMarkerTests" name="ActiveInteractionStateBinding_ShouldNotBeNull_WhenCtorIsCalled" />
    </UnitTest>
    <UnitTest name="HandleGetDeviceData_ShouldReturnNotFoundDeviceData_WhenNotSupportedKind" storage="d:\actions-runner\_work\xpco\xpco\allsolutions\..\sc\components\remoteviewer\smartclient\tst\zsmartclient_unittest\bin\x64\debug\net6.0-windows\zsmartclient_unittest.dll" id="e833bb24-3fa7-84ca-0015-97d61c5799eb">
      <TestCategory>
        <TestCategoryItem TestCategory="GisMap.Handlers.Devices.MapItems" />
      </TestCategory>
      <Execution id="6d25a5cd-e7d4-4fe9-80d9-314ddcf74331" />
      <TestMethod codeBase="D:\actions-runner\_work\XPCO\XPCO\AllSolutions\..\SC\Components\RemoteViewer\SmartClient\tst\zSmartClient_UnitTest\bin\x64\Debug\net6.0-windows\zSmartClient_UnitTest.dll" adapterTypeName="executor://mstestadapter/v2" className="SmartClient_UnitTest.VideoOS.RemoteClient.Plugin.GisMap.Handlers.Devices.MapItems.InputDataHandlerTests" name="HandleGetDeviceData_ShouldReturnNotFoundDeviceData_WhenNotSupportedKind" />
    </UnitTest>
    <UnitTest name="PatrollingProfileListViewModel_AddProfileCommand" storage="d:\actions-runner\_work\xpco\xpco\allsolutions\..\sc\components\remoteviewer\smartclient\tst\zsmartclient_unittest\bin\x64\debug\net6.0-windows\zsmartclient_unittest.dll" id="720fe66f-b8b5-d4e5-7a83-b546dcd33e63">
      <Execution id="4baff05f-2f53-4c9f-a334-34782281d11d" />
      <TestMethod codeBase="D:\actions-runner\_work\XPCO\XPCO\AllSolutions\..\SC\Components\RemoteViewer\SmartClient\tst\zSmartClient_UnitTest\bin\x64\Debug\net6.0-windows\zSmartClient_UnitTest.dll" adapterTypeName="executor://mstestadapter/v2" className="SmartClient_UnitTest.VideoOS.RemoteClient.Application.UI.PtzPreset.PatrollingViewModel.PatrollingProfileListViewModelTest" name="PatrollingProfileListViewModel_AddProfileCommand" />
    </UnitTest>
    <UnitTest name="Compare_Descending_Success" storage="d:\actions-runner\_work\xpco\xpco\allsolutions\..\sc\components\remoteviewer\smartclient\tst\zsmartclient_unittest\bin\x64\debug\net6.0-windows\zsmartclient_unittest.dll" id="c6e098df-93ea-edd9-9f8d-a8296c3d60ed">
      <TestCategory>
        <TestCategoryItem TestCategory="SearchComparers" />
      </TestCategory>
      <Execution id="00951cca-62dd-4efd-8d0a-0ac21393f727" />
      <TestMethod codeBase="D:\actions-runner\_work\XPCO\XPCO\AllSolutions\..\SC\Components\RemoteViewer\SmartClient\tst\zSmartClient_UnitTest\bin\x64\Debug\net6.0-windows\zSmartClient_UnitTest.dll" adapterTypeName="executor://mstestadapter/v2" className="SmartClient_UnitTest.VideoOS.RemoteClient.Plugin.CentralizedSearch.Models.Wrappers.Comparers.BeginTimeWithPaddingComparerTests" name="Compare_Descending_Success" />
    </UnitTest>
    <UnitTest name="SelectTemplate_TextBoxFilterConfiguration_ReturnsInlineTemplate" storage="d:\actions-runner\_work\xpco\xpco\allsolutions\..\sc\components\remoteviewer\smartclient\tst\zsmartclient_unittest\bin\x64\debug\net6.0-windows\zsmartclient_unittest.dll" id="87f381e7-d9c3-dd59-a7de-147f1cb1e49c">
      <TestCategory>
        <TestCategoryItem TestCategory="SearchViews" />
      </TestCategory>
      <Execution id="de284700-1eee-4ced-a227-3cc79829e2b2" />
      <TestMethod codeBase="D:\actions-runner\_work\XPCO\XPCO\AllSolutions\..\SC\Components\RemoteViewer\SmartClient\tst\zSmartClient_UnitTest\bin\x64\Debug\net6.0-windows\zSmartClient_UnitTest.dll" adapterTypeName="executor://mstestadapter/v2" className="SmartClient_UnitTest.VideoOS.RemoteClient.Plugin.CentralizedSearch.Views.AttributeEditControlTemplateSelectorTests" name="SelectTemplate_TextBoxFilterConfiguration_ReturnsInlineTemplate" />
    </UnitTest>
    <UnitTest name="AddToExportTuples_ShouldReturnCorrectResult (0,1,1)" storage="d:\actions-runner\_work\xpco\xpco\allsolutions\..\sc\components\remoteviewer\smartclient\tst\zsmartclient_unittest\bin\x64\debug\net6.0-windows\zsmartclient_unittest.dll" id="ec6a1fe9-3af6-63ab-879a-5b325bb75a96">
      <TestCategory>
        <TestCategoryItem TestCategory="Managers" />
      </TestCategory>
      <Execution id="82697c78-820e-40a3-9b8c-7acb82ca8f94" />
      <TestMethod codeBase="D:\actions-runner\_work\XPCO\XPCO\AllSolutions\..\SC\Components\RemoteViewer\SmartClient\tst\zSmartClient_UnitTest\bin\x64\Debug\net6.0-windows\zSmartClient_UnitTest.dll" adapterTypeName="executor://mstestadapter/v2" className="SmartClient_UnitTest.VideoOS.RemoteClient.Application.Managers.ExportManagerTests" name="AddToExportTuples_ShouldReturnCorrectResult" />
    </UnitTest>
    <UnitTest name="MonitorLiveState_Deserialize_Success" storage="d:\actions-runner\_work\xpco\xpco\allsolutions\..\sc\components\remoteviewer\smartclient\tst\zsmartclient_unittest\bin\x64\debug\net6.0-windows\zsmartclient_unittest.dll" id="62ccd416-325f-fc18-4621-c0f70b480ec4">
      <Execution id="e72b2e95-8173-4c77-8f48-f5fb669155e4" />
      <TestMethod codeBase="D:\actions-runner\_work\XPCO\XPCO\AllSolutions\..\SC\Components\RemoteViewer\SmartClient\tst\zSmartClient_UnitTest\bin\x64\Debug\net6.0-windows\zSmartClient_UnitTest.dll" adapterTypeName="executor://mstestadapter/v2" className="SmartClient_UnitTest.VideoOS.RemoteClient.Data.VideoWall.MonitorStateTests" name="MonitorLiveState_Deserialize_Success" />
    </UnitTest>
    <UnitTest name="SevenDays_Success" storage="d:\actions-runner\_work\xpco\xpco\allsolutions\..\sc\components\remoteviewer\smartclient\tst\zsmartclient_unittest\bin\x64\debug\net6.0-windows\zsmartclient_unittest.dll" id="de09b4c2-8c85-fd07-a4bd-ac2ed052171a">
      <TestCategory>
        <TestCategoryItem TestCategory="Search" />
      </TestCategory>
      <Execution id="6a390756-0dea-49d8-a36a-01bef3616339" />
      <TestMethod codeBase="D:\actions-runner\_work\XPCO\XPCO\AllSolutions\..\SC\Components\RemoteViewer\SmartClient\tst\zSmartClient_UnitTest\bin\x64\Debug\net6.0-windows\zSmartClient_UnitTest.dll" adapterTypeName="executor://mstestadapter/v2" className="SmartClient_UnitTest.VideoOS.RemoteClient.Plugin.CentralizedSearch.Models.ScopeDurationTests" name="SevenDays_Success" />
    </UnitTest>
    <UnitTest name="AddToExportTuples_ShouldAddToExportData (5)" storage="d:\actions-runner\_work\xpco\xpco\allsolutions\..\sc\components\remoteviewer\smartclient\tst\zsmartclient_unittest\bin\x64\debug\net6.0-windows\zsmartclient_unittest.dll" id="018fb1d0-368a-28a4-c323-ba8d6e4a76b9">
      <TestCategory>
        <TestCategoryItem TestCategory="Managers" />
      </TestCategory>
      <Execution id="f1f46e3f-cd51-432b-a2fd-5526025ebcd5" />
      <TestMethod codeBase="D:\actions-runner\_work\XPCO\XPCO\AllSolutions\..\SC\Components\RemoteViewer\SmartClient\tst\zSmartClient_UnitTest\bin\x64\Debug\net6.0-windows\zSmartClient_UnitTest.dll" adapterTypeName="executor://mstestadapter/v2" className="SmartClient_UnitTest.VideoOS.RemoteClient.Application.Managers.ExportManagerTests" name="AddToExportTuples_ShouldAddToExportData" />
    </UnitTest>
    <UnitTest name="AddGetConfigurationMicrophoneTest" storage="d:\actions-runner\_work\xpco\xpco\allsolutions\..\sc\components\remoteviewer\smartclient\tst\zsmartclient_unittest\bin\x64\debug\net6.0-windows\zsmartclient_unittest.dll" id="dfccc8b7-199c-9ea3-3acb-490aa9ca096b">
      <Execution id="6f7fa191-5b2a-49ee-b192-6bd3e40066f9" />
      <TestMethod codeBase="D:\actions-runner\_work\XPCO\XPCO\AllSolutions\..\SC\Components\RemoteViewer\SmartClient\tst\zSmartClient_UnitTest\bin\x64\Debug\net6.0-windows\zSmartClient_UnitTest.dll" adapterTypeName="executor://mstestadapter/v2" className="SmartClient_UnitTest.VideoOS.Shared.ServerAPI.IServerConfigurationTest" name="AddGetConfigurationMicrophoneTest" />
    </UnitTest>
    <UnitTest name="TryGetEventServerIdByACSystemId_ShouldReturnProperEventServerId_WhenEventServerIdIsPartOfServerConfiguredAccessControlSystemsDictionary" storage="d:\actions-runner\_work\xpco\xpco\allsolutions\..\sc\components\remoteviewer\smartclient\tst\zsmartclient_unittest\bin\x64\debug\net6.0-windows\zsmartclient_unittest.dll" id="e722e3a9-2981-c54f-b874-d266f762bbea">
      <TestCategory>
        <TestCategoryItem TestCategory="AccessControl" />
      </TestCategory>
      <Execution id="5e52a2b3-6c66-4dd2-8525-3d6e1629c640" />
      <TestMethod codeBase="D:\actions-runner\_work\XPCO\XPCO\AllSolutions\..\SC\Components\RemoteViewer\SmartClient\tst\zSmartClient_UnitTest\bin\x64\Debug\net6.0-windows\zSmartClient_UnitTest.dll" adapterTypeName="executor://mstestadapter/v2" className="SmartClient_UnitTest.VideoOS.RemoteClient.AccessControl.AccessControlLoginInfoTests" name="TryGetEventServerIdByACSystemId_ShouldReturnProperEventServerId_WhenEventServerIdIsPartOfServerConfiguredAccessControlSystemsDictionary" />
    </UnitTest>
    <UnitTest name="BeginTime_ShouldBeSetToValueOfSearchResult" storage="d:\actions-runner\_work\xpco\xpco\allsolutions\..\sc\components\remoteviewer\smartclient\tst\zsmartclient_unittest\bin\x64\debug\net6.0-windows\zsmartclient_unittest.dll" id="17258b23-ff23-da1c-73fb-351e418fb581">
      <TestCategory>
        <TestCategoryItem TestCategory="Search.Wrappers" />
      </TestCategory>
      <Execution id="7b51f2d9-0ad8-4d54-a498-bcf157e08398" />
      <TestMethod codeBase="D:\actions-runner\_work\XPCO\XPCO\AllSolutions\..\SC\Components\RemoteViewer\SmartClient\tst\zSmartClient_UnitTest\bin\x64\Debug\net6.0-windows\zSmartClient_UnitTest.dll" adapterTypeName="executor://mstestadapter/v2" className="SmartClient_UnitTest.VideoOS.RemoteClient.Plugin.CentralizedSearch.Models.Wrappers.SearchResultDataWrapperTests" name="BeginTime_ShouldBeSetToValueOfSearchResult" />
    </UnitTest>
    <UnitTest name="TestForAssemblyCoverage" storage="d:\actions-runner\_work\xpco\xpco\allsolutions\..\sc\components\remoteviewer\smartclient\tst\zsmartclient_unittest\bin\x64\debug\net6.0-windows\zsmartclient_unittest.dll" id="332d7c0b-99e9-8913-1359-6d2df137b355">
      <Execution id="bdc353d8-e7dd-4bf6-97e4-c1ceaae36775" />
      <TestMethod codeBase="D:\actions-runner\_work\XPCO\XPCO\AllSolutions\..\SC\Components\RemoteViewer\SmartClient\tst\zSmartClient_UnitTest\bin\x64\Debug\net6.0-windows\zSmartClient_UnitTest.dll" adapterTypeName="executor://mstestadapter/v2" className="SmartClient_UnitTest.VideoOS.RemoteClient.Plugin.VideoWall.UnitTest1" name="TestForAssemblyCoverage" />
    </UnitTest>
    <UnitTest name="GetGuidProviderStrategyByEventServerId_ShouldReturnOneSHA1Strategy_WhenEventServerIdIsFipsCompliant" storage="d:\actions-runner\_work\xpco\xpco\allsolutions\..\sc\components\remoteviewer\smartclient\tst\zsmartclient_unittest\bin\x64\debug\net6.0-windows\zsmartclient_unittest.dll" id="d5b52bb5-55cf-dc85-f26b-7b0562d6b30f">
      <TestCategory>
        <TestCategoryItem TestCategory="AccessControl.Services" />
      </TestCategory>
      <Execution id="46e6ddb6-0d8f-4867-a38c-da159afa23d7" />
      <TestMethod codeBase="D:\actions-runner\_work\XPCO\XPCO\AllSolutions\..\SC\Components\RemoteViewer\SmartClient\tst\zSmartClient_UnitTest\bin\x64\Debug\net6.0-windows\zSmartClient_UnitTest.dll" adapterTypeName="executor://mstestadapter/v2" className="SmartClient_UnitTest.VideoOS.RemoteClient.AccessControl.Services.AccessControlGuidProviderTests" name="GetGuidProviderStrategyByEventServerId_ShouldReturnOneSHA1Strategy_WhenEventServerIdIsFipsCompliant" />
    </UnitTest>
    <UnitTest name="Toolbar_IsNotVisible_WhenNotInLiveOrPlayback" storage="d:\actions-runner\_work\xpco\xpco\allsolutions\..\sc\components\remoteviewer\smartclient\tst\zsmartclient_unittest\bin\x64\debug\net6.0-windows\zsmartclient_unittest.dll" id="f97a9c11-337a-9db0-c57e-d2aa1b5d357d">
      <TestCategory>
        <TestCategoryItem TestCategory="WorkspaceToolbar" />
      </TestCategory>
      <Execution id="1c8780fd-a129-4ae1-9ccf-31c2208bb81e" />
      <TestMethod codeBase="D:\actions-runner\_work\XPCO\XPCO\AllSolutions\..\SC\Components\RemoteViewer\SmartClient\tst\zSmartClient_UnitTest\bin\x64\Debug\net6.0-windows\zSmartClient_UnitTest.dll" adapterTypeName="executor://mstestadapter/v2" className="SmartClient_UnitTest.VideoOS.RemoteClient.Application.UI.Content.WorkspaceToolbar.WorkspaceToolbarViewModelTests" name="Toolbar_IsNotVisible_WhenNotInLiveOrPlayback" />
    </UnitTest>
    <UnitTest name="GetServer_ShouldReturnCorrectServerTest" storage="d:\actions-runner\_work\xpco\xpco\allsolutions\..\sc\components\remoteviewer\smartclient\tst\zsmartclient_unittest\bin\x64\debug\net6.0-windows\zsmartclient_unittest.dll" id="c1617589-7ab5-2785-7153-f5d42b13af57">
      <Execution id="d58db552-6c75-4be1-8a1a-cc57cf171203" />
      <TestMethod codeBase="D:\actions-runner\_work\XPCO\XPCO\AllSolutions\..\SC\Components\RemoteViewer\SmartClient\tst\zSmartClient_UnitTest\bin\x64\Debug\net6.0-windows\zSmartClient_UnitTest.dll" adapterTypeName="executor://mstestadapter/v2" className="SmartClient_UnitTest.VideoOS.RemoteClient.Application.Data.ContentTypes.ReportingContentType.DashboardDetailsProviderTest" name="GetServer_ShouldReturnCorrectServerTest" />
    </UnitTest>
    <UnitTest name="Parse_AttributeMissing_SuccessWithWarning" storage="d:\actions-runner\_work\xpco\xpco\allsolutions\..\sc\components\remoteviewer\smartclient\tst\zsmartclient_unittest\bin\x64\debug\net6.0-windows\zsmartclient_unittest.dll" id="957f9b92-e025-9215-a70c-c67cce904d02">
      <Execution id="e1fd4cc8-d405-48a2-ac78-7673ed845b11" />
      <TestMethod codeBase="D:\actions-runner\_work\XPCO\XPCO\AllSolutions\..\SC\Components\RemoteViewer\SmartClient\tst\zSmartClient_UnitTest\bin\x64\Debug\net6.0-windows\zSmartClient_UnitTest.dll" adapterTypeName="executor://mstestadapter/v2" className="SmartClient_UnitTest.VideoOS.RemoteClient.Application.PerformanceCounters.ConfigurationTests" name="Parse_AttributeMissing_SuccessWithWarning" />
    </UnitTest>
    <UnitTest name="SearchResultsActionBarActions_MipActionSpecificallySupportsOneAndNotTheOtherSelectedSearchResult_ActionEnabled" storage="d:\actions-runner\_work\xpco\xpco\allsolutions\..\sc\components\remoteviewer\smartclient\tst\zsmartclient_unittest\bin\x64\debug\net6.0-windows\zsmartclient_unittest.dll" id="dbcf26cf-e43a-3a61-c59e-b7d73dca07b5">
      <TestCategory>
        <TestCategoryItem TestCategory="SearchResultActionBarViewModel" />
      </TestCategory>
      <Execution id="bb5e70cc-8f24-4a34-8327-29d78e9795b8" />
      <TestMethod codeBase="D:\actions-runner\_work\XPCO\XPCO\AllSolutions\..\SC\Components\RemoteViewer\SmartClient\tst\zSmartClient_UnitTest\bin\x64\Debug\net6.0-windows\zSmartClient_UnitTest.dll" adapterTypeName="executor://mstestadapter/v2" className="SmartClient_UnitTest.VideoOS.RemoteClient.Plugin.CentralizedSearch.ViewModels.SearchResultsActionBarViewModelTest" name="SearchResultsActionBarActions_MipActionSpecificallySupportsOneAndNotTheOtherSelectedSearchResult_ActionEnabled" />
    </UnitTest>
    <UnitTest name="MonitorLiveState_Serialize_Success" storage="d:\actions-runner\_work\xpco\xpco\allsolutions\..\sc\components\remoteviewer\smartclient\tst\zsmartclient_unittest\bin\x64\debug\net6.0-windows\zsmartclient_unittest.dll" id="d48c488e-fbbb-1e36-d1b4-d630148880b0">
      <Execution id="be582da7-626a-4d79-936f-bf9f488d4f50" />
      <TestMethod codeBase="D:\actions-runner\_work\XPCO\XPCO\AllSolutions\..\SC\Components\RemoteViewer\SmartClient\tst\zSmartClient_UnitTest\bin\x64\Debug\net6.0-windows\zSmartClient_UnitTest.dll" adapterTypeName="executor://mstestadapter/v2" className="SmartClient_UnitTest.VideoOS.RemoteClient.Data.VideoWall.MonitorStateTests" name="MonitorLiveState_Serialize_Success" />
    </UnitTest>
    <UnitTest name="DeleteItems_ShouldOnlyHandleMipMapItems_WhenCalled" storage="d:\actions-runner\_work\xpco\xpco\allsolutions\..\sc\components\remoteviewer\smartclient\tst\zsmartclient_unittest\bin\x64\debug\net6.0-windows\zsmartclient_unittest.dll" id="234ad1b4-c3ca-386c-029e-422d8061eab6">
      <Execution id="c7994aa9-0b41-4d8c-a86d-2f7c3a728a32" />
      <TestMethod codeBase="D:\actions-runner\_work\XPCO\XPCO\AllSolutions\..\SC\Components\RemoteViewer\SmartClient\tst\zSmartClient_UnitTest\bin\x64\Debug\net6.0-windows\zSmartClient_UnitTest.dll" adapterTypeName="executor://mstestadapter/v2" className="SmartClient_UnitTest.VideoOS.RemoteClient.GisMapData.MapLayers.MipItemsMapLayerTests" name="DeleteItems_ShouldOnlyHandleMipMapItems_WhenCalled" />
    </UnitTest>
    <UnitTest name="ReorderLevels123to312_Success" storage="d:\actions-runner\_work\xpco\xpco\allsolutions\..\sc\components\remoteviewer\smartclient\tst\zsmartclient_unittest\bin\x64\debug\net6.0-windows\zsmartclient_unittest.dll" id="24643fe7-0bf9-5382-835f-f9f91ed814f3">
      <TestCategory>
        <TestCategoryItem TestCategory="GisMapBuilding" />
      </TestCategory>
      <Execution id="c70924eb-f1b6-4c5f-a289-d233799153d2" />
      <TestMethod codeBase="D:\actions-runner\_work\XPCO\XPCO\AllSolutions\..\SC\Components\RemoteViewer\SmartClient\tst\zSmartClient_UnitTest\bin\x64\Debug\net6.0-windows\zSmartClient_UnitTest.dll" adapterTypeName="executor://mstestadapter/v2" className="SmartClient_UnitTest.VideoOS.RemoteClient.GisMap.MapBuildingTests" name="ReorderLevels123to312_Success" />
    </UnitTest>
    <UnitTest name="Ctor_ShouldThrowException_WhenCredentialsAreNull" storage="d:\actions-runner\_work\xpco\xpco\allsolutions\..\sc\components\remoteviewer\smartclient\tst\zsmartclient_unittest\bin\x64\debug\net6.0-windows\zsmartclient_unittest.dll" id="45464de9-2088-da3a-85ed-a8a4fecb083d">
      <TestCategory>
        <TestCategoryItem TestCategory="Authentication.ClientCredentials" />
      </TestCategory>
      <Execution id="3031d89a-a632-48f5-b29b-2ea3fd819590" />
      <TestMethod codeBase="D:\actions-runner\_work\XPCO\XPCO\AllSolutions\..\SC\Components\RemoteViewer\SmartClient\tst\zSmartClient_UnitTest\bin\x64\Debug\net6.0-windows\zSmartClient_UnitTest.dll" adapterTypeName="executor://mstestadapter/v2" className="SmartClient_UnitTest.VideoOS.Shared.ServerAPI.ClientCredentialsTest" name="Ctor_ShouldThrowException_WhenCredentialsAreNull" />
    </UnitTest>
    <UnitTest name="Deserialize_ManagerUnableToCreateSearchDefinition_Error" storage="d:\actions-runner\_work\xpco\xpco\allsolutions\..\sc\components\remoteviewer\smartclient\tst\zsmartclient_unittest\bin\x64\debug\net6.0-windows\zsmartclient_unittest.dll" id="d77fa2b3-cd91-4a80-9070-a6c107df2662">
      <TestCategory>
        <TestCategoryItem TestCategory="SearchSerialization" />
      </TestCategory>
      <Execution id="964669e9-ed8f-42fb-a509-02a328f88f87" />
      <TestMethod codeBase="D:\actions-runner\_work\XPCO\XPCO\AllSolutions\..\SC\Components\RemoteViewer\SmartClient\tst\zSmartClient_UnitTest\bin\x64\Debug\net6.0-windows\zSmartClient_UnitTest.dll" adapterTypeName="executor://mstestadapter/v2" className="SmartClient_UnitTest.VideoOS.RemoteClient.Plugin.CentralizedSearch.Models.Serialization.SearchSerializerTests" name="Deserialize_ManagerUnableToCreateSearchDefinition_Error" />
    </UnitTest>
    <UnitTest name="Parse_TwoHours_Success" storage="d:\actions-runner\_work\xpco\xpco\allsolutions\..\sc\components\remoteviewer\smartclient\tst\zsmartclient_unittest\bin\x64\debug\net6.0-windows\zsmartclient_unittest.dll" id="780b91d2-0044-d042-dc26-f60de2f5b427">
      <TestCategory>
        <TestCategoryItem TestCategory="Search" />
      </TestCategory>
      <Execution id="6a4d000f-aa8d-4c88-ba9f-fb49491c2546" />
      <TestMethod codeBase="D:\actions-runner\_work\XPCO\XPCO\AllSolutions\..\SC\Components\RemoteViewer\SmartClient\tst\zSmartClient_UnitTest\bin\x64\Debug\net6.0-windows\zSmartClient_UnitTest.dll" adapterTypeName="executor://mstestadapter/v2" className="SmartClient_UnitTest.VideoOS.RemoteClient.Plugin.CentralizedSearch.Models.ScopeDurationTests" name="Parse_TwoHours_Success" />
    </UnitTest>
    <UnitTest name="Edit_Is_Enabled_When_Both_Update_And_Create_Rights_Present" storage="d:\actions-runner\_work\xpco\xpco\allsolutions\..\sc\components\remoteviewer\smartclient\tst\zsmartclient_unittest\bin\x64\debug\net6.0-windows\zsmartclient_unittest.dll" id="7e7082ae-fc95-11b5-f109-06c5d9d16b4c">
      <Execution id="11d833a8-38f5-4394-9920-8a30d285dec1" />
      <TestMethod codeBase="D:\actions-runner\_work\XPCO\XPCO\AllSolutions\..\SC\Components\RemoteViewer\SmartClient\tst\zSmartClient_UnitTest\bin\x64\Debug\net6.0-windows\zSmartClient_UnitTest.dll" adapterTypeName="executor://mstestadapter/v2" className="SmartClient_UnitTest.VideoOS.RemoteClient.Application.Components.EvidenceLock.EvidenceLockEditModeUserRightTests" name="Edit_Is_Enabled_When_Both_Update_And_Create_Rights_Present" />
    </UnitTest>
    <UnitTest name="BuildMapOptions_ShouldHandleSecretStringOptionsCorrectly (GisMapBingMapKey,,False)" storage="d:\actions-runner\_work\xpco\xpco\allsolutions\..\sc\components\remoteviewer\smartclient\tst\zsmartclient_unittest\bin\x64\debug\net6.0-windows\zsmartclient_unittest.dll" id="a43f900e-4fec-3e1d-f2a5-059d8a29dd3c">
      <Execution id="635a913a-e6d6-4589-ad2f-278d85ecbf8c" />
      <TestMethod codeBase="D:\actions-runner\_work\XPCO\XPCO\AllSolutions\..\SC\Components\RemoteViewer\SmartClient\tst\zSmartClient_UnitTest\bin\x64\Debug\net6.0-windows\zSmartClient_UnitTest.dll" adapterTypeName="executor://mstestadapter/v2" className="SmartClient_UnitTest.VideoOS.RemoteClient.Application.Common.Telemetry.TelemetryBuilderTests" name="BuildMapOptions_ShouldHandleSecretStringOptionsCorrectly" />
    </UnitTest>
    <UnitTest name="UpdateScope_RelativeScopeDurationFromTimeChanged_ReturnsFalse" storage="d:\actions-runner\_work\xpco\xpco\allsolutions\..\sc\components\remoteviewer\smartclient\tst\zsmartclient_unittest\bin\x64\debug\net6.0-windows\zsmartclient_unittest.dll" id="dc781f78-aa42-d9b1-8797-d2b3767e846c">
      <TestCategory>
        <TestCategoryItem TestCategory="SearchModels" />
      </TestCategory>
      <Execution id="78f39c6e-84f3-4e39-8d3e-4fcfb5ef6539" />
      <TestMethod codeBase="D:\actions-runner\_work\XPCO\XPCO\AllSolutions\..\SC\Components\RemoteViewer\SmartClient\tst\zSmartClient_UnitTest\bin\x64\Debug\net6.0-windows\zSmartClient_UnitTest.dll" adapterTypeName="executor://mstestadapter/v2" className="SmartClient_UnitTest.VideoOS.RemoteClient.Plugin.CentralizedSearch.Models.SearchScopeTests" name="UpdateScope_RelativeScopeDurationFromTimeChanged_ReturnsFalse" />
    </UnitTest>
    <UnitTest name="ShouldReturnFalseWhenScaleChangedButOverlayTypeIsNotRedraw" storage="d:\actions-runner\_work\xpco\xpco\allsolutions\..\sc\components\remoteviewer\smartclient\tst\zsmartclient_unittest\bin\x64\debug\net6.0-windows\zsmartclient_unittest.dll" id="31ae9737-3293-daff-e7b1-357b7daf0b9b">
      <TestCategory>
        <TestCategoryItem TestCategory="MipItemsUpdateStrategy" />
      </TestCategory>
      <Execution id="c7655d1e-87d6-4e2d-a434-9feda4976631" />
      <TestMethod codeBase="D:\actions-runner\_work\XPCO\XPCO\AllSolutions\..\SC\Components\RemoteViewer\SmartClient\tst\zSmartClient_UnitTest\bin\x64\Debug\net6.0-windows\zSmartClient_UnitTest.dll" adapterTypeName="executor://mstestadapter/v2" className="SmartClient_UnitTest.VideoOS.RemoteClient.Plugin.GisMap.MIP.MipItemsUpdateStrategyTests" name="ShouldReturnFalseWhenScaleChangedButOverlayTypeIsNotRedraw" />
    </UnitTest>
    <UnitTest name="ManualRecordingInfoDto_ShouldYieldSameValues_WhenRoundTripConverted" storage="d:\actions-runner\_work\xpco\xpco\allsolutions\..\sc\components\remoteviewer\smartclient\tst\zsmartclient_unittest\bin\x64\debug\net6.0-windows\zsmartclient_unittest.dll" id="d33238ac-1e47-b12a-5f1e-c0efc2aabbf1">
      <TestCategory>
        <TestCategoryItem TestCategory="RecorderProxyToDtoMapping" />
      </TestCategory>
      <Execution id="a47fbcff-c0af-4438-9bb9-85ed16f8e93e" />
      <TestMethod codeBase="D:\actions-runner\_work\XPCO\XPCO\AllSolutions\..\SC\Components\RemoteViewer\SmartClient\tst\zSmartClient_UnitTest\bin\x64\Debug\net6.0-windows\zSmartClient_UnitTest.dll" adapterTypeName="executor://mstestadapter/v2" className="VideoOS.Shared.ServerAPI.SOAP.RecorderClientMappingTests" name="ManualRecordingInfoDto_ShouldYieldSameValues_WhenRoundTripConverted" />
    </UnitTest>
    <UnitTest name="SmartMapSelectItemHandler_WhenItemCanNotBeFound_ShouldWriteToLog" storage="d:\actions-runner\_work\xpco\xpco\allsolutions\..\sc\components\remoteviewer\smartclient\tst\zsmartclient_unittest\bin\x64\debug\net6.0-windows\zsmartclient_unittest.dll" id="63f149e4-246e-312e-204b-29ba70cef87d">
      <Execution id="a1d053d6-c587-4570-b597-a56c89cb5044" />
      <TestMethod codeBase="D:\actions-runner\_work\XPCO\XPCO\AllSolutions\..\SC\Components\RemoteViewer\SmartClient\tst\zSmartClient_UnitTest\bin\x64\Debug\net6.0-windows\zSmartClient_UnitTest.dll" adapterTypeName="executor://mstestadapter/v2" className="SmartClient_UnitTest.VideoOS.RemoteClient.Plugin.GisMap.MIP.ContentHolderMipMessageManagerTests" name="SmartMapSelectItemHandler_WhenItemCanNotBeFound_ShouldWriteToLog" />
    </UnitTest>
    <UnitTest name="GetPassword_ShouldReturnPasswordPartOfNetworkCredentials_WhenNetworkCredentialsContainsAPassword" storage="d:\actions-runner\_work\xpco\xpco\allsolutions\..\sc\components\remoteviewer\smartclient\tst\zsmartclient_unittest\bin\x64\debug\net6.0-windows\zsmartclient_unittest.dll" id="1c883c92-bef7-61b1-c07f-4369319c74ff">
      <TestCategory>
        <TestCategoryItem TestCategory="Authentication.ClientCredentials" />
      </TestCategory>
      <Execution id="a0540af8-119e-4204-8f82-a7a59fe32abb" />
      <TestMethod codeBase="D:\actions-runner\_work\XPCO\XPCO\AllSolutions\..\SC\Components\RemoteViewer\SmartClient\tst\zSmartClient_UnitTest\bin\x64\Debug\net6.0-windows\zSmartClient_UnitTest.dll" adapterTypeName="executor://mstestadapter/v2" className="SmartClient_UnitTest.VideoOS.Shared.ServerAPI.ClientCredentialsTest" name="GetPassword_ShouldReturnPasswordPartOfNetworkCredentials_WhenNetworkCredentialsContainsAPassword" />
    </UnitTest>
    <UnitTest name="CreateSearchDefinition_FactoryInvokedWithCorrectParameters" storage="d:\actions-runner\_work\xpco\xpco\allsolutions\..\sc\components\remoteviewer\smartclient\tst\zsmartclient_unittest\bin\x64\debug\net6.0-windows\zsmartclient_unittest.dll" id="bd1c2cab-1265-633f-739a-62f24eef82f7">
      <TestCategory>
        <TestCategoryItem TestCategory="Search" />
      </TestCategory>
      <Execution id="a1019036-fa5b-4cb9-b09c-c4fc4f99b690" />
      <TestMethod codeBase="D:\actions-runner\_work\XPCO\XPCO\AllSolutions\..\SC\Components\RemoteViewer\SmartClient\tst\zSmartClient_UnitTest\bin\x64\Debug\net6.0-windows\zSmartClient_UnitTest.dll" adapterTypeName="executor://mstestadapter/v2" className="SmartClient_UnitTest.VideoOS.RemoteClient.Plugin.CentralizedSearch.MIPPlugin.CompositeSearchAgentTests" name="CreateSearchDefinition_FactoryInvokedWithCorrectParameters" />
    </UnitTest>
    <UnitTest name="LoadBoundingShapes_EllipseShape_AddedToUIAndSizedCorrectly" storage="d:\actions-runner\_work\xpco\xpco\allsolutions\..\sc\components\remoteviewer\smartclient\tst\zsmartclient_unittest\bin\x64\debug\net6.0-windows\zsmartclient_unittest.dll" id="b99d652b-8f29-0344-acef-87a042a63281">
      <Execution id="d2eef036-f273-42ec-a5f7-1f03d58a2149" />
      <TestMethod codeBase="D:\actions-runner\_work\XPCO\XPCO\AllSolutions\..\SC\Components\RemoteViewer\SmartClient\tst\zSmartClient_UnitTest\bin\x64\Debug\net6.0-windows\zSmartClient_UnitTest.dll" adapterTypeName="executor://mstestadapter/v2" className="SmartClient_UnitTest.VideoOS.RemoteClient.Plugin.CentralizedSearch.MIPPlugin.Results.VideoSearchResultUserControlTests" name="LoadBoundingShapes_EllipseShape_AddedToUIAndSizedCorrectly" />
    </UnitTest>
    <UnitTest name="AddLevel_Success" storage="d:\actions-runner\_work\xpco\xpco\allsolutions\..\sc\components\remoteviewer\smartclient\tst\zsmartclient_unittest\bin\x64\debug\net6.0-windows\zsmartclient_unittest.dll" id="2c45a0c4-a819-6921-a82a-e9167bcfa09d">
      <TestCategory>
        <TestCategoryItem TestCategory="GisMapBuilding" />
      </TestCategory>
      <Execution id="657c1191-92cb-4ed1-a3df-baf7222d5fba" />
      <TestMethod codeBase="D:\actions-runner\_work\XPCO\XPCO\AllSolutions\..\SC\Components\RemoteViewer\SmartClient\tst\zSmartClient_UnitTest\bin\x64\Debug\net6.0-windows\zSmartClient_UnitTest.dll" adapterTypeName="executor://mstestadapter/v2" className="SmartClient_UnitTest.VideoOS.RemoteClient.GisMapData.MapBuildings.MapLevelTests" name="AddLevel_Success" />
    </UnitTest>
    <UnitTest name="OnMarkerRightClicked_ShouldUseCrossTypeMenuItems_WhenMultipleItemsFromDifferentLayersAreSelected" storage="d:\actions-runner\_work\xpco\xpco\allsolutions\..\sc\components\remoteviewer\smartclient\tst\zsmartclient_unittest\bin\x64\debug\net6.0-windows\zsmartclient_unittest.dll" id="e2466cfc-7e0f-fee8-93df-e8c746cb8a63">
      <TestCategory>
        <TestCategoryItem TestCategory="SmartMap.MapItemsOverlay" />
      </TestCategory>
      <Execution id="4a3517cf-107f-4ed9-9679-b166266fd47a" />
      <TestMethod codeBase="D:\actions-runner\_work\XPCO\XPCO\AllSolutions\..\SC\Components\RemoteViewer\SmartClient\tst\zSmartClient_UnitTest\bin\x64\Debug\net6.0-windows\zSmartClient_UnitTest.dll" adapterTypeName="executor://mstestadapter/v2" className="SmartClient_UnitTest.VideoOS.RemoteClient.Plugin.GisMap.ThinkGeoMap.SpecializedOverlays.Overlays.MapItemsOverlayTests" name="OnMarkerRightClicked_ShouldUseCrossTypeMenuItems_WhenMultipleItemsFromDifferentLayersAreSelected" />
    </UnitTest>
    <UnitTest name="SupportsDoubleClick_ShouldBeTrue_WhenInteractionStateIsNormal" storage="d:\actions-runner\_work\xpco\xpco\allsolutions\..\sc\components\remoteviewer\smartclient\tst\zsmartclient_unittest\bin\x64\debug\net6.0-windows\zsmartclient_unittest.dll" id="6800db71-c8bd-80f4-55c4-def277b5aa8f">
      <TestCategory>
        <TestCategoryItem TestCategory="GisMap.CameraMarker" />
      </TestCategory>
      <Execution id="985f5afe-5d39-463d-8042-94f69013bf99" />
      <TestMethod codeBase="D:\actions-runner\_work\XPCO\XPCO\AllSolutions\..\SC\Components\RemoteViewer\SmartClient\tst\zSmartClient_UnitTest\bin\x64\Debug\net6.0-windows\zSmartClient_UnitTest.dll" adapterTypeName="executor://mstestadapter/v2" className="SmartClient_UnitTest.VideoOS.RemoteClient.Plugin.GisMap.ThinkGeoMap.Markers.DeviceMarkers.CameraMarker.CameraMarkerTests" name="SupportsDoubleClick_ShouldBeTrue_WhenInteractionStateIsNormal" />
    </UnitTest>
    <UnitTest name="IsSuperCluster_ShouldReturnFalse_WhenMapItemsClusterIsNull" storage="d:\actions-runner\_work\xpco\xpco\allsolutions\..\sc\components\remoteviewer\smartclient\tst\zsmartclient_unittest\bin\x64\debug\net6.0-windows\zsmartclient_unittest.dll" id="3faa4dab-caeb-2298-7011-c6556cbbddc1">
      <TestCategory>
        <TestCategoryItem TestCategory="GisMap.ClusterMarkerTests" />
      </TestCategory>
      <Execution id="304e4d84-c5c5-4e02-855b-01ee24ee00ab" />
      <TestMethod codeBase="D:\actions-runner\_work\XPCO\XPCO\AllSolutions\..\SC\Components\RemoteViewer\SmartClient\tst\zSmartClient_UnitTest\bin\x64\Debug\net6.0-windows\zSmartClient_UnitTest.dll" adapterTypeName="executor://mstestadapter/v2" className="SmartClient_UnitTest.VideoOS.RemoteClient.Plugin.GisMap.ThinkGeoMap.Markers.DeviceMarkers.ClusterMarker.ClusterMarkerTests" name="IsSuperCluster_ShouldReturnFalse_WhenMapItemsClusterIsNull" />
    </UnitTest>
    <UnitTest name="DisplayErrorOnNotificationArea_UnauthorizedDeviceAccessSearchError_Success" storage="d:\actions-runner\_work\xpco\xpco\allsolutions\..\sc\components\remoteviewer\smartclient\tst\zsmartclient_unittest\bin\x64\debug\net6.0-windows\zsmartclient_unittest.dll" id="903b9858-a52e-2d97-0254-7f3a20fa6f17">
      <TestCategory>
        <TestCategoryItem TestCategory="SearchViewModels" />
      </TestCategory>
      <Execution id="224b6d48-bb90-4a65-b241-0001ee9f2e59" />
      <TestMethod codeBase="D:\actions-runner\_work\XPCO\XPCO\AllSolutions\..\SC\Components\RemoteViewer\SmartClient\tst\zSmartClient_UnitTest\bin\x64\Debug\net6.0-windows\zSmartClient_UnitTest.dll" adapterTypeName="executor://mstestadapter/v2" className="SmartClient_UnitTest.VideoOS.RemoteClient.Plugin.CentralizedSearch.ViewModels.SearchViewModelTests" name="DisplayErrorOnNotificationArea_UnauthorizedDeviceAccessSearchError_Success" />
    </UnitTest>
    <UnitTest name="SupportsRightClick_ShouldBeTrue_WhenInteractionStateIsNormal" storage="d:\actions-runner\_work\xpco\xpco\allsolutions\..\sc\components\remoteviewer\smartclient\tst\zsmartclient_unittest\bin\x64\debug\net6.0-windows\zsmartclient_unittest.dll" id="7e58be8f-9941-69cb-e59f-eb5323ed9f2d">
      <TestCategory>
        <TestCategoryItem TestCategory="GisMap.CameraMarker" />
      </TestCategory>
      <Execution id="76196dc6-bdac-4b67-8750-5d75a99c2bfb" />
      <TestMethod codeBase="D:\actions-runner\_work\XPCO\XPCO\AllSolutions\..\SC\Components\RemoteViewer\SmartClient\tst\zSmartClient_UnitTest\bin\x64\Debug\net6.0-windows\zSmartClient_UnitTest.dll" adapterTypeName="executor://mstestadapter/v2" className="SmartClient_UnitTest.VideoOS.RemoteClient.Plugin.GisMap.ThinkGeoMap.Markers.DeviceMarkers.CameraMarker.CameraMarkerTests" name="SupportsRightClick_ShouldBeTrue_WhenInteractionStateIsNormal" />
    </UnitTest>
    <UnitTest name="Serialize_ShouldNotSerializeCombineType_WhenNotPresentInData" storage="d:\actions-runner\_work\xpco\xpco\allsolutions\..\sc\components\remoteviewer\smartclient\tst\zsmartclient_unittest\bin\x64\debug\net6.0-windows\zsmartclient_unittest.dll" id="69439449-9ebe-29e2-c62e-065951471c5d">
      <TestCategory>
        <TestCategoryItem TestCategory="SearchSerialization" />
      </TestCategory>
      <Execution id="251bab48-f025-4f56-9dc9-91b3cd26fe9c" />
      <TestMethod codeBase="D:\actions-runner\_work\XPCO\XPCO\AllSolutions\..\SC\Components\RemoteViewer\SmartClient\tst\zSmartClient_UnitTest\bin\x64\Debug\net6.0-windows\zSmartClient_UnitTest.dll" adapterTypeName="executor://mstestadapter/v2" className="SmartClient_UnitTest.VideoOS.RemoteClient.Plugin.CentralizedSearch.Models.Serialization.SearchSerializerTests" name="Serialize_ShouldNotSerializeCombineType_WhenNotPresentInData" />
    </UnitTest>
    <UnitTest name="GetMetadataObjectsAsync_ShouldIgnoreNullMetadataObjectsCollectionFromSubResults" storage="d:\actions-runner\_work\xpco\xpco\allsolutions\..\sc\components\remoteviewer\smartclient\tst\zsmartclient_unittest\bin\x64\debug\net6.0-windows\zsmartclient_unittest.dll" id="f997409a-cc5a-67e4-b0e7-5e198ad107a1">
      <TestCategory>
        <TestCategoryItem TestCategory="Search.Wrappers" />
      </TestCategory>
      <Execution id="471e2257-34cf-4d98-9eb8-ee8147c328ad" />
      <TestMethod codeBase="D:\actions-runner\_work\XPCO\XPCO\AllSolutions\..\SC\Components\RemoteViewer\SmartClient\tst\zSmartClient_UnitTest\bin\x64\Debug\net6.0-windows\zSmartClient_UnitTest.dll" adapterTypeName="executor://mstestadapter/v2" className="SmartClient_UnitTest.VideoOS.RemoteClient.Plugin.CentralizedSearch.Models.Wrappers.CombinedSearchResultDataWrapperTests" name="GetMetadataObjectsAsync_ShouldIgnoreNullMetadataObjectsCollectionFromSubResults" />
    </UnitTest>
    <UnitTest name="BoundingBoxLiveStartNoLiveOrPlaybackHandler" storage="d:\actions-runner\_work\xpco\xpco\allsolutions\..\sc\components\remoteviewer\smartclient\tst\zsmartclient_unittest\bin\x64\debug\net6.0-windows\zsmartclient_unittest.dll" id="134dc4da-478b-60fb-2dfc-b3d26508bd1a">
      <Execution id="de8134c9-514a-4b65-a53d-f38aa0efab08" />
      <TestMethod codeBase="D:\actions-runner\_work\XPCO\XPCO\AllSolutions\..\SC\Components\RemoteViewer\SmartClient\tst\zSmartClient_UnitTest\bin\x64\Debug\net6.0-windows\zSmartClient_UnitTest.dll" adapterTypeName="executor://mstestadapter/v2" className="SmartClient_UnitTest.VideoOS.RemoteClient.Application.Data.Metadata.BoundingBoxes.BoundingBoxProviderTest" name="BoundingBoxLiveStartNoLiveOrPlaybackHandler" />
    </UnitTest>
    <UnitTest name="Deserialize_ScopeOnly_ErrorReported" storage="d:\actions-runner\_work\xpco\xpco\allsolutions\..\sc\components\remoteviewer\smartclient\tst\zsmartclient_unittest\bin\x64\debug\net6.0-windows\zsmartclient_unittest.dll" id="fca58915-8fae-a999-eb21-fb7a250b2818">
      <TestCategory>
        <TestCategoryItem TestCategory="SearchModels" />
      </TestCategory>
      <Execution id="e912c39f-8cb3-4bdd-9478-3a26ff6d1c1c" />
      <TestMethod codeBase="D:\actions-runner\_work\XPCO\XPCO\AllSolutions\..\SC\Components\RemoteViewer\SmartClient\tst\zSmartClient_UnitTest\bin\x64\Debug\net6.0-windows\zSmartClient_UnitTest.dll" adapterTypeName="executor://mstestadapter/v2" className="SmartClient_UnitTest.VideoOS.RemoteClient.Plugin.CentralizedSearch.Models.SearchModelTests" name="Deserialize_ScopeOnly_ErrorReported" />
    </UnitTest>
    <UnitTest name="BoundingBoxPlaybackNoPlaybackHandler" storage="d:\actions-runner\_work\xpco\xpco\allsolutions\..\sc\components\remoteviewer\smartclient\tst\zsmartclient_unittest\bin\x64\debug\net6.0-windows\zsmartclient_unittest.dll" id="7540b45d-6ef8-10a5-03bf-82e202908376">
      <Execution id="2fb858f3-c8d7-4e1f-a479-b29d90c56463" />
      <TestMethod codeBase="D:\actions-runner\_work\XPCO\XPCO\AllSolutions\..\SC\Components\RemoteViewer\SmartClient\tst\zSmartClient_UnitTest\bin\x64\Debug\net6.0-windows\zSmartClient_UnitTest.dll" adapterTypeName="executor://mstestadapter/v2" className="SmartClient_UnitTest.VideoOS.RemoteClient.Application.Data.Metadata.BoundingBoxes.BoundingBoxProviderTest" name="BoundingBoxPlaybackNoPlaybackHandler" />
    </UnitTest>
    <UnitTest name="Included_ShouldAddViewItemToIncludedViewItems_WhenSetToTrue" storage="d:\actions-runner\_work\xpco\xpco\allsolutions\..\sc\components\remoteviewer\smartclient\tst\zsmartclient_unittest\bin\x64\debug\net6.0-windows\zsmartclient_unittest.dll" id="28b7e0ab-6c4a-f8e2-76d8-c7775c82dbd0">
      <TestCategory>
        <TestCategoryItem TestCategory="ContentHolder" />
      </TestCategory>
      <Execution id="ea5e4343-781f-4f3a-b4ff-c280329db5fb" />
      <TestMethod codeBase="D:\actions-runner\_work\XPCO\XPCO\AllSolutions\..\SC\Components\RemoteViewer\SmartClient\tst\zSmartClient_UnitTest\bin\x64\Debug\net6.0-windows\zSmartClient_UnitTest.dll" adapterTypeName="executor://mstestadapter/v2" className="SmartClient_UnitTest.VideoOS.RemoteClient.Application.Data.ContentTypes.ContentTypeBase.ContentHolderBaseTests" name="Included_ShouldAddViewItemToIncludedViewItems_WhenSetToTrue" />
    </UnitTest>
    <UnitTest name="RaiseUpdateUnmutedMicrophonesAsync_ShouldUnmutedMicrophones_WhenEventIsRaised" storage="d:\actions-runner\_work\xpco\xpco\allsolutions\..\sc\components\remoteviewer\smartclient\tst\zsmartclient_unittest\bin\x64\debug\net6.0-windows\zsmartclient_unittest.dll" id="71d3bf04-2f4b-0825-76a5-fe6f8626ce91">
      <TestCategory>
        <TestCategoryItem TestCategory="GisMapAudioController" />
      </TestCategory>
      <Execution id="87514820-3b4e-4617-8ee4-efe8e5671135" />
      <TestMethod codeBase="D:\actions-runner\_work\XPCO\XPCO\AllSolutions\..\SC\Components\RemoteViewer\SmartClient\tst\zSmartClient_UnitTest\bin\x64\Debug\net6.0-windows\zSmartClient_UnitTest.dll" adapterTypeName="executor://mstestadapter/v2" className="SmartClient_UnitTest.VideoOS.RemoteClient.GisMapData.GisMapAudioControllerTests" name="RaiseUpdateUnmutedMicrophonesAsync_ShouldUnmutedMicrophones_WhenEventIsRaised" />
    </UnitTest>
    <UnitTest name="GisPointToIndexGridPosition_Milestone_Success" storage="d:\actions-runner\_work\xpco\xpco\allsolutions\..\sc\components\remoteviewer\smartclient\tst\zsmartclient_unittest\bin\x64\debug\net6.0-windows\zsmartclient_unittest.dll" id="6a126318-594d-0412-acf1-03ec27689761">
      <TestCategory>
        <TestCategoryItem TestCategory="GisMapIndex" />
      </TestCategory>
      <Execution id="20b1d8a3-4c30-4a50-8c12-1cb92852a780" />
      <TestMethod codeBase="D:\actions-runner\_work\XPCO\XPCO\AllSolutions\..\SC\Components\RemoteViewer\SmartClient\tst\zSmartClient_UnitTest\bin\x64\Debug\net6.0-windows\zSmartClient_UnitTest.dll" adapterTypeName="executor://mstestadapter/v2" className="SmartClient_UnitTest.VideoOS.RemoteClient.GisMapData.Common.Indexer.IndexUtilTests" name="GisPointToIndexGridPosition_Milestone_Success" />
    </UnitTest>
    <UnitTest name="SelectTemplate_ListSelectionFilterConfiguration_LessThanThreeItems_ReturnsInlineTemplate" storage="d:\actions-runner\_work\xpco\xpco\allsolutions\..\sc\components\remoteviewer\smartclient\tst\zsmartclient_unittest\bin\x64\debug\net6.0-windows\zsmartclient_unittest.dll" id="fb732742-5469-4819-2a2e-a73e08e91605">
      <TestCategory>
        <TestCategoryItem TestCategory="SearchViews" />
      </TestCategory>
      <Execution id="467c4787-0d62-4332-8b79-dd78bc290a27" />
      <TestMethod codeBase="D:\actions-runner\_work\XPCO\XPCO\AllSolutions\..\SC\Components\RemoteViewer\SmartClient\tst\zSmartClient_UnitTest\bin\x64\Debug\net6.0-windows\zSmartClient_UnitTest.dll" adapterTypeName="executor://mstestadapter/v2" className="SmartClient_UnitTest.VideoOS.RemoteClient.Plugin.CentralizedSearch.Views.AttributeEditControlTemplateSelectorTests" name="SelectTemplate_ListSelectionFilterConfiguration_LessThanThreeItems_ReturnsInlineTemplate" />
    </UnitTest>
    <UnitTest name="DisplayErrorOnNotificationArea_DuplicateResultSearchError_Success" storage="d:\actions-runner\_work\xpco\xpco\allsolutions\..\sc\components\remoteviewer\smartclient\tst\zsmartclient_unittest\bin\x64\debug\net6.0-windows\zsmartclient_unittest.dll" id="adafff31-7445-4899-a64a-9d78ba6fa82f">
      <TestCategory>
        <TestCategoryItem TestCategory="SearchViewModels" />
      </TestCategory>
      <Execution id="337f71e3-f7ca-4aa3-9585-00860fd74c54" />
      <TestMethod codeBase="D:\actions-runner\_work\XPCO\XPCO\AllSolutions\..\SC\Components\RemoteViewer\SmartClient\tst\zSmartClient_UnitTest\bin\x64\Debug\net6.0-windows\zSmartClient_UnitTest.dll" adapterTypeName="executor://mstestadapter/v2" className="SmartClient_UnitTest.VideoOS.RemoteClient.Plugin.CentralizedSearch.ViewModels.SearchViewModelTests" name="DisplayErrorOnNotificationArea_DuplicateResultSearchError_Success" />
    </UnitTest>
    <UnitTest name="ToSafeName_SingleSafeName_Success" storage="d:\actions-runner\_work\xpco\xpco\allsolutions\..\sc\components\remoteviewer\smartclient\tst\zsmartclient_unittest\bin\x64\debug\net6.0-windows\zsmartclient_unittest.dll" id="df4fc108-b9f8-183e-9857-a0352a34d2c9">
      <Execution id="aa3aa424-0350-4580-8555-3a719e1cfa1f" />
      <TestMethod codeBase="D:\actions-runner\_work\XPCO\XPCO\AllSolutions\..\SC\Components\RemoteViewer\SmartClient\tst\zSmartClient_UnitTest\bin\x64\Debug\net6.0-windows\zSmartClient_UnitTest.dll" adapterTypeName="executor://mstestadapter/v2" className="SmartClient_UnitTest.VideoOS.RemoteClient.Application.Common.Scripting.ReservedJavascriptKeywordsTests" name="ToSafeName_SingleSafeName_Success" />
    </UnitTest>
    <UnitTest name="Compare_Ascending_Success" storage="d:\actions-runner\_work\xpco\xpco\allsolutions\..\sc\components\remoteviewer\smartclient\tst\zsmartclient_unittest\bin\x64\debug\net6.0-windows\zsmartclient_unittest.dll" id="affa63ad-42e7-9452-c5a5-b0d4d8cb39a1">
      <TestCategory>
        <TestCategoryItem TestCategory="SearchComparers" />
      </TestCategory>
      <Execution id="06e0d680-d913-42c4-bc5a-15954696124c" />
      <TestMethod codeBase="D:\actions-runner\_work\XPCO\XPCO\AllSolutions\..\SC\Components\RemoteViewer\SmartClient\tst\zSmartClient_UnitTest\bin\x64\Debug\net6.0-windows\zSmartClient_UnitTest.dll" adapterTypeName="executor://mstestadapter/v2" className="SmartClient_UnitTest.VideoOS.RemoteClient.Plugin.CentralizedSearch.Models.Wrappers.Comparers.TriggerTimeComparerTests" name="Compare_Ascending_Success" />
    </UnitTest>
    <UnitTest name="Both enabled, not forced" storage="d:\actions-runner\_work\xpco\xpco\allsolutions\..\sc\components\remoteviewer\smartclient\tst\zsmartclient_unittest\bin\x64\debug\net6.0-windows\zsmartclient_unittest.dll" id="4538bbe9-6c80-e720-7ee4-7c47011c9f08">
      <TestCategory>
        <TestCategoryItem TestCategory="Export" />
      </TestCategory>
      <Execution id="77012700-3fb5-4dff-b669-a29f90f93631" />
      <TestMethod codeBase="D:\actions-runner\_work\XPCO\XPCO\AllSolutions\..\SC\Components\RemoteViewer\SmartClient\tst\zSmartClient_UnitTest\bin\x64\Debug\net6.0-windows\zSmartClient_UnitTest.dll" adapterTypeName="executor://mstestadapter/v2" className="SmartClient_UnitTest.VideoOS.RemoteClient.Plugin.Export.CreateExportDialogViewModelTests" name="CreateExportDialog_ExportDestinationSelectionEnabled_BasedOnOptions" />
    </UnitTest>
    <UnitTest name="ResultsAvailable_SomeResults_Success" storage="d:\actions-runner\_work\xpco\xpco\allsolutions\..\sc\components\remoteviewer\smartclient\tst\zsmartclient_unittest\bin\x64\debug\net6.0-windows\zsmartclient_unittest.dll" id="cd13bfee-f8b4-3d5e-a0f6-00049079c32f">
      <TestCategory>
        <TestCategoryItem TestCategory="SearchResultViewModels" />
      </TestCategory>
      <Execution id="b2c7fb97-2563-49c9-9711-31614fe5639d" />
      <TestMethod codeBase="D:\actions-runner\_work\XPCO\XPCO\AllSolutions\..\SC\Components\RemoteViewer\SmartClient\tst\zSmartClient_UnitTest\bin\x64\Debug\net6.0-windows\zSmartClient_UnitTest.dll" adapterTypeName="executor://mstestadapter/v2" className="SmartClient_UnitTest.VideoOS.RemoteClient.Plugin.CentralizedSearch.ViewModels.SearchResultsViewModelTest" name="ResultsAvailable_SomeResults_Success" />
    </UnitTest>
    <UnitTest name="DeleteSearchTemplateAsync_Succeeds_Success" storage="d:\actions-runner\_work\xpco\xpco\allsolutions\..\sc\components\remoteviewer\smartclient\tst\zsmartclient_unittest\bin\x64\debug\net6.0-windows\zsmartclient_unittest.dll" id="20efb3d3-79c6-bd77-1370-aab1347bcb2b">
      <TestCategory>
        <TestCategoryItem TestCategory="SearchTemplates" />
      </TestCategory>
      <Execution id="192c70bf-191e-461f-a45f-2497c1a3fb35" />
      <TestMethod codeBase="D:\actions-runner\_work\XPCO\XPCO\AllSolutions\..\SC\Components\RemoteViewer\SmartClient\tst\zSmartClient_UnitTest\bin\x64\Debug\net6.0-windows\zSmartClient_UnitTest.dll" adapterTypeName="executor://mstestadapter/v2" className="SmartClient_UnitTest.VideoOS.RemoteClient.Plugin.CentralizedSearch.SearchTemplates.SearchTemplateManagerTests" name="DeleteSearchTemplateAsync_Succeeds_Success" />
    </UnitTest>
    <UnitTest name="IsServer_ShouldReturnTrue_WhenSingleServerGroupSelected" storage="d:\actions-runner\_work\xpco\xpco\allsolutions\..\sc\components\remoteviewer\smartclient\tst\zsmartclient_unittest\bin\x64\debug\net6.0-windows\zsmartclient_unittest.dll" id="df09f867-7de1-e38f-53d1-73f889393669">
      <Execution id="e1c1aaa7-85d2-461a-bf28-cdcfba9938ac" />
      <TestMethod codeBase="D:\actions-runner\_work\XPCO\XPCO\AllSolutions\..\SC\Components\RemoteViewer\SmartClient\tst\zSmartClient_UnitTest\bin\x64\Debug\net6.0-windows\zSmartClient_UnitTest.dll" adapterTypeName="executor://mstestadapter/v2" className="SmartClient_UnitTest.VideoOS.RemoteClient.Application.Data.ContentTypes.ReportingContentType.DashboardExtentionsTest" name="IsServer_ShouldReturnTrue_WhenSingleServerGroupSelected" />
    </UnitTest>
    <UnitTest name="SearchResultsReady_ShouldReturnUniqueResults_WhenSomeResultIdsAreDuplicated" storage="d:\actions-runner\_work\xpco\xpco\allsolutions\..\sc\components\remoteviewer\smartclient\tst\zsmartclient_unittest\bin\x64\debug\net6.0-windows\zsmartclient_unittest.dll" id="8ff6a0dd-30dd-b7ad-a8c3-0633bc0cf3f8">
      <TestCategory>
        <TestCategoryItem TestCategory="SearchModels" />
      </TestCategory>
      <Execution id="9f496763-5a25-41f2-ac9d-a27b3758f3fd" />
      <TestMethod codeBase="D:\actions-runner\_work\XPCO\XPCO\AllSolutions\..\SC\Components\RemoteViewer\SmartClient\tst\zSmartClient_UnitTest\bin\x64\Debug\net6.0-windows\zSmartClient_UnitTest.dll" adapterTypeName="executor://mstestadapter/v2" className="SmartClient_UnitTest.VideoOS.RemoteClient.Plugin.CentralizedSearch.Models.SearchModelTests" name="SearchResultsReady_ShouldReturnUniqueResults_WhenSomeResultIdsAreDuplicated" />
    </UnitTest>
    <UnitTest name="ResolveBaseResultProperties_ShouldReturnTwoTriggerTimes_WhenTwoTriggerTimesAreWithinBeginEnd" storage="d:\actions-runner\_work\xpco\xpco\allsolutions\..\sc\components\remoteviewer\smartclient\tst\zsmartclient_unittest\bin\x64\debug\net6.0-windows\zsmartclient_unittest.dll" id="4be5efe6-8790-c0c6-bead-44c751febe9d">
      <TestCategory>
        <TestCategoryItem TestCategory="Search" />
      </TestCategory>
      <Execution id="25df2218-8366-4063-a228-15c50e6a06fe" />
      <TestMethod codeBase="D:\actions-runner\_work\XPCO\XPCO\AllSolutions\..\SC\Components\RemoteViewer\SmartClient\tst\zSmartClient_UnitTest\bin\x64\Debug\net6.0-windows\zSmartClient_UnitTest.dll" adapterTypeName="executor://mstestadapter/v2" className="SmartClient_UnitTest.VideoOS.RemoteClient.Plugin.CentralizedSearch.Utils.SearchResultDataWrapperExtensionsTests" name="ResolveBaseResultProperties_ShouldReturnTwoTriggerTimes_WhenTwoTriggerTimesAreWithinBeginEnd" />
    </UnitTest>
    <UnitTest name="Init_NullState_CorrectViewAppliedAsContent" storage="d:\actions-runner\_work\xpco\xpco\allsolutions\..\sc\components\remoteviewer\smartclient\tst\zsmartclient_unittest\bin\x64\debug\net6.0-windows\zsmartclient_unittest.dll" id="d054dd78-c223-2b18-9e0c-69480854f65f">
      <TestCategory>
        <TestCategoryItem TestCategory="Export" />
      </TestCategory>
      <Execution id="086c9498-7822-4d2a-bac2-61c92cd20da1" />
      <TestMethod codeBase="D:\actions-runner\_work\XPCO\XPCO\AllSolutions\..\SC\Components\RemoteViewer\SmartClient\tst\zSmartClient_UnitTest\bin\x64\Debug\net6.0-windows\zSmartClient_UnitTest.dll" adapterTypeName="executor://mstestadapter/v2" className="SmartClient_UnitTest.VideoOS.RemoteClient.Plugin.Export.ExportContentHolderTests" name="Init_NullState_CorrectViewAppliedAsContent" />
    </UnitTest>
    <UnitTest name="CreateDashboardViewModel_UsesIdentityTokenCache_WhenAuthenticationIsOAuth" storage="d:\actions-runner\_work\xpco\xpco\allsolutions\..\sc\components\remoteviewer\smartclient\tst\zsmartclient_unittest\bin\x64\debug\net6.0-windows\zsmartclient_unittest.dll" id="4ead98c0-ed43-b791-ad04-b3743cb5d69b">
      <TestCategory>
        <TestCategoryItem TestCategory="ReportingContentType" />
      </TestCategory>
      <Execution id="1be6d403-aacf-438c-ac1e-c0d9ca419ff8" />
      <TestMethod codeBase="D:\actions-runner\_work\XPCO\XPCO\AllSolutions\..\SC\Components\RemoteViewer\SmartClient\tst\zSmartClient_UnitTest\bin\x64\Debug\net6.0-windows\zSmartClient_UnitTest.dll" adapterTypeName="executor://mstestadapter/v2" className="SmartClient_UnitTest.VideoOS.RemoteClient.Application.Data.ContentTypes.ReportingContentType.ReportViewerViewModelTest" name="CreateDashboardViewModel_UsesIdentityTokenCache_WhenAuthenticationIsOAuth" />
    </UnitTest>
    <UnitTest name="EndSelection_ShouldStartInPlaceEditMode_WhenItemIsTheOnlySelectedItem" storage="d:\actions-runner\_work\xpco\xpco\allsolutions\..\sc\components\remoteviewer\smartclient\tst\zsmartclient_unittest\bin\x64\debug\net6.0-windows\zsmartclient_unittest.dll" id="92049893-c7c1-0d80-70d7-8d0471e997cf">
      <TestCategory>
        <TestCategoryItem TestCategory="SmartMap.SelectionHelper" />
      </TestCategory>
      <Execution id="ce41d9a4-8470-4311-b1fc-2db1e2885b1e" />
      <TestMethod codeBase="D:\actions-runner\_work\XPCO\XPCO\AllSolutions\..\SC\Components\RemoteViewer\SmartClient\tst\zSmartClient_UnitTest\bin\x64\Debug\net6.0-windows\zSmartClient_UnitTest.dll" adapterTypeName="executor://mstestadapter/v2" className="SmartClient_UnitTest.VideoOS.RemoteClient.Plugin.GisMap.ThinkGeoMap.SpecializedOverlays.Overlays.SelectionHelperTests" name="EndSelection_ShouldStartInPlaceEditMode_WhenItemIsTheOnlySelectedItem" />
    </UnitTest>
    <UnitTest name="GisMapModel_SaveAggregates_Success" storage="d:\actions-runner\_work\xpco\xpco\allsolutions\..\sc\components\remoteviewer\smartclient\tst\zsmartclient_unittest\bin\x64\debug\net6.0-windows\zsmartclient_unittest.dll" id="ee53e0e4-b55d-0010-076b-5818fc51a7bf">
      <TestCategory>
        <TestCategoryItem TestCategory="GisMap" />
      </TestCategory>
      <Execution id="7477893f-4a9c-4fb8-927b-ac72e4e669be" />
      <TestMethod codeBase="D:\actions-runner\_work\XPCO\XPCO\AllSolutions\..\SC\Components\RemoteViewer\SmartClient\tst\zSmartClient_UnitTest\bin\x64\Debug\net6.0-windows\zSmartClient_UnitTest.dll" adapterTypeName="executor://mstestadapter/v2" className="SmartClient_UnitTest.VideoOS.RemoteClient.GisMapData.GisMapBasicTests" name="GisMapModel_SaveAggregates_Success" />
    </UnitTest>
    <UnitTest name="SupportsRightClick_ShouldBeTrue_WhenInteractionStateIsNormal" storage="d:\actions-runner\_work\xpco\xpco\allsolutions\..\sc\components\remoteviewer\smartclient\tst\zsmartclient_unittest\bin\x64\debug\net6.0-windows\zsmartclient_unittest.dll" id="999506c9-e472-e23b-a3ad-3d977990564e">
      <TestCategory>
        <TestCategoryItem TestCategory="GisMap.LocationMarker" />
      </TestCategory>
      <Execution id="be0d8d1f-395f-423d-9412-131cb48ebe60" />
      <TestMethod codeBase="D:\actions-runner\_work\XPCO\XPCO\AllSolutions\..\SC\Components\RemoteViewer\SmartClient\tst\zSmartClient_UnitTest\bin\x64\Debug\net6.0-windows\zSmartClient_UnitTest.dll" adapterTypeName="executor://mstestadapter/v2" className="SmartClient_UnitTest.VideoOS.RemoteClient.Plugin.GisMap.ThinkGeoMap.Markers.LocationMarker.LocationMarkerTests" name="SupportsRightClick_ShouldBeTrue_WhenInteractionStateIsNormal" />
    </UnitTest>
    <UnitTest name="TestConstructor_Success" storage="d:\actions-runner\_work\xpco\xpco\allsolutions\..\sc\components\remoteviewer\smartclient\tst\zsmartclient_unittest\bin\x64\debug\net6.0-windows\zsmartclient_unittest.dll" id="a5317ab4-d180-d0ab-5f5b-a18f8fb41f6e">
      <Execution id="578699db-9326-47b6-a389-1ab5a9d2b86d" />
      <TestMethod codeBase="D:\actions-runner\_work\XPCO\XPCO\AllSolutions\..\SC\Components\RemoteViewer\SmartClient\tst\zSmartClient_UnitTest\bin\x64\Debug\net6.0-windows\zSmartClient_UnitTest.dll" adapterTypeName="executor://mstestadapter/v2" className="SmartClient_UnitTest.VideoOS.RemoteClient.GisMapData.Common.GisMapServerCapabilitiesTest" name="TestConstructor_Success" />
    </UnitTest>
    <UnitTest name="AddToExportTuples_ShouldReturnCorrectResult (5,0,0)" storage="d:\actions-runner\_work\xpco\xpco\allsolutions\..\sc\components\remoteviewer\smartclient\tst\zsmartclient_unittest\bin\x64\debug\net6.0-windows\zsmartclient_unittest.dll" id="691eb3a3-a73e-41ff-6b2b-39e88e7d8bd1">
      <TestCategory>
        <TestCategoryItem TestCategory="Managers" />
      </TestCategory>
      <Execution id="b2228587-68f3-4dd9-8d7c-4236b6c738de" />
      <TestMethod codeBase="D:\actions-runner\_work\XPCO\XPCO\AllSolutions\..\SC\Components\RemoteViewer\SmartClient\tst\zSmartClient_UnitTest\bin\x64\Debug\net6.0-windows\zSmartClient_UnitTest.dll" adapterTypeName="executor://mstestadapter/v2" className="SmartClient_UnitTest.VideoOS.RemoteClient.Application.Managers.ExportManagerTests" name="AddToExportTuples_ShouldReturnCorrectResult" />
    </UnitTest>
    <UnitTest name="UpdateItems_WhenServerCallThrowsException_ShouldResultInErrorLog" storage="d:\actions-runner\_work\xpco\xpco\allsolutions\..\sc\components\remoteviewer\smartclient\tst\zsmartclient_unittest\bin\x64\debug\net6.0-windows\zsmartclient_unittest.dll" id="3ce53063-c90f-436d-4a7d-2e3b5be274ef">
      <TestCategory>
        <TestCategoryItem TestCategory="MipItemsRetriever" />
      </TestCategory>
      <Execution id="cd5c651a-839c-4b97-b450-ec7adb6ab2b9" />
      <TestMethod codeBase="D:\actions-runner\_work\XPCO\XPCO\AllSolutions\..\SC\Components\RemoteViewer\SmartClient\tst\zSmartClient_UnitTest\bin\x64\Debug\net6.0-windows\zSmartClient_UnitTest.dll" adapterTypeName="executor://mstestadapter/v2" className="SmartClient_UnitTest.VideoOS.RemoteClient.Plugin.GisMap.MIP.MipItemsRetrieverTests" name="UpdateItems_WhenServerCallThrowsException_ShouldResultInErrorLog" />
    </UnitTest>
    <UnitTest name="SetMapItemCluster_ShouldSetIcon_WhenNotSuperCluster" storage="d:\actions-runner\_work\xpco\xpco\allsolutions\..\sc\components\remoteviewer\smartclient\tst\zsmartclient_unittest\bin\x64\debug\net6.0-windows\zsmartclient_unittest.dll" id="afb51d05-f3b7-7ba8-3b5a-420afd719c13">
      <TestCategory>
        <TestCategoryItem TestCategory="GisMap.ClusterMarkerTests" />
      </TestCategory>
      <Execution id="9c1eb78e-7cb6-4dbe-a467-857f4c011d87" />
      <TestMethod codeBase="D:\actions-runner\_work\XPCO\XPCO\AllSolutions\..\SC\Components\RemoteViewer\SmartClient\tst\zSmartClient_UnitTest\bin\x64\Debug\net6.0-windows\zSmartClient_UnitTest.dll" adapterTypeName="executor://mstestadapter/v2" className="SmartClient_UnitTest.VideoOS.RemoteClient.Plugin.GisMap.ThinkGeoMap.Markers.DeviceMarkers.ClusterMarker.ClusterMarkerTests" name="SetMapItemCluster_ShouldSetIcon_WhenNotSuperCluster" />
    </UnitTest>
    <UnitTest name="SearchResultsActionBarActions_EditBookmark_SingleResult_EditBookmarkInvoked" storage="d:\actions-runner\_work\xpco\xpco\allsolutions\..\sc\components\remoteviewer\smartclient\tst\zsmartclient_unittest\bin\x64\debug\net6.0-windows\zsmartclient_unittest.dll" id="d9f777ed-3466-7c99-be02-84bb7ebbad4b">
      <TestCategory>
        <TestCategoryItem TestCategory="SearchResultActionBarViewModel" />
      </TestCategory>
      <Execution id="3fd6325f-c8a3-47a7-bd02-5476246fd2a6" />
      <TestMethod codeBase="D:\actions-runner\_work\XPCO\XPCO\AllSolutions\..\SC\Components\RemoteViewer\SmartClient\tst\zSmartClient_UnitTest\bin\x64\Debug\net6.0-windows\zSmartClient_UnitTest.dll" adapterTypeName="executor://mstestadapter/v2" className="SmartClient_UnitTest.VideoOS.RemoteClient.Plugin.CentralizedSearch.ViewModels.SearchResultsActionBarViewModelTest" name="SearchResultsActionBarActions_EditBookmark_SingleResult_EditBookmarkInvoked" />
    </UnitTest>
    <UnitTest name="SearchCriteriaFilterValues_ValidatePopupFunctionalityWithUnknownConfiguration_Success" storage="d:\actions-runner\_work\xpco\xpco\allsolutions\..\sc\components\remoteviewer\smartclient\tst\zsmartclient_unittest\bin\x64\debug\net6.0-windows\zsmartclient_unittest.dll" id="edbdb0fc-44d8-43ee-8589-e03588652149">
      <TestCategory>
        <TestCategoryItem TestCategory="SearchControls" />
      </TestCategory>
      <Execution id="b9cdba0f-2df9-4fa2-8f6d-3d650309754d" />
      <TestMethod codeBase="D:\actions-runner\_work\XPCO\XPCO\AllSolutions\..\SC\Components\RemoteViewer\SmartClient\tst\zSmartClient_UnitTest\bin\x64\Debug\net6.0-windows\zSmartClient_UnitTest.dll" adapterTypeName="executor://mstestadapter/v2" className="SmartClient_UnitTest.VideoOS.RemoteClient.Plugin.CentralizedSearch.Views.Controls.SearchDefinitions.EditSearchDefinitionPopupTests" name="SearchCriteriaFilterValues_ValidatePopupFunctionalityWithUnknownConfiguration_Success" />
    </UnitTest>
    <UnitTest name="CanMoreRegionsBeAdded_ShouldReturnTrue" storage="d:\actions-runner\_work\xpco\xpco\allsolutions\..\sc\components\remoteviewer\smartclient\tst\zsmartclient_unittest\bin\x64\debug\net6.0-windows\zsmartclient_unittest.dll" id="035a2e7c-4006-749c-7663-f769d610c2cb">
      <TestCategory>
        <TestCategoryItem TestCategory="Search.Filters.ViewModels" />
      </TestCategory>
      <Execution id="1ca7d2f7-8ad9-48bc-8b16-09c906c8e2a4" />
      <TestMethod codeBase="D:\actions-runner\_work\XPCO\XPCO\AllSolutions\..\SC\Components\RemoteViewer\SmartClient\tst\zSmartClient_UnitTest\bin\x64\Debug\net6.0-windows\zSmartClient_UnitTest.dll" adapterTypeName="executor://mstestadapter/v2" className="SmartClient_UnitTest.VideoOS.RemoteClient.Plugin.CentralizedSearch.MIPPlugin.Criteria.ViewModels.SmartSearchCameraListItemHelperTests" name="CanMoreRegionsBeAdded_ShouldReturnTrue" />
    </UnitTest>
    <UnitTest name="SupportsDoubleClick_ShouldBeTrue_WhenInteractionStateIsNormal" storage="d:\actions-runner\_work\xpco\xpco\allsolutions\..\sc\components\remoteviewer\smartclient\tst\zsmartclient_unittest\bin\x64\debug\net6.0-windows\zsmartclient_unittest.dll" id="acb1a3bd-713e-4d7a-4e0c-8e617e64d48b">
      <TestCategory>
        <TestCategoryItem TestCategory="GisMap.MipItemMarker" />
      </TestCategory>
      <Execution id="d7ae6911-8bd3-4706-bee6-2885d0fc0817" />
      <TestMethod codeBase="D:\actions-runner\_work\XPCO\XPCO\AllSolutions\..\SC\Components\RemoteViewer\SmartClient\tst\zSmartClient_UnitTest\bin\x64\Debug\net6.0-windows\zSmartClient_UnitTest.dll" adapterTypeName="executor://mstestadapter/v2" className="SmartClient_UnitTest.VideoOS.RemoteClient.Plugin.GisMap.ThinkGeoMap.Markers.MipItemMarker.MipItemMarkerTests" name="SupportsDoubleClick_ShouldBeTrue_WhenInteractionStateIsNormal" />
    </UnitTest>
    <UnitTest name="AddSelectedWindowsToExport_ShouldAddToExportData (5)" storage="d:\actions-runner\_work\xpco\xpco\allsolutions\..\sc\components\remoteviewer\smartclient\tst\zsmartclient_unittest\bin\x64\debug\net6.0-windows\zsmartclient_unittest.dll" id="5f26c092-7e48-0463-47d6-e2236b104caa">
      <TestCategory>
        <TestCategoryItem TestCategory="Managers" />
      </TestCategory>
      <Execution id="48ea1814-ea5b-44e6-ab5b-d14a260d57b2" />
      <TestMethod codeBase="D:\actions-runner\_work\XPCO\XPCO\AllSolutions\..\SC\Components\RemoteViewer\SmartClient\tst\zSmartClient_UnitTest\bin\x64\Debug\net6.0-windows\zSmartClient_UnitTest.dll" adapterTypeName="executor://mstestadapter/v2" className="SmartClient_UnitTest.VideoOS.RemoteClient.Application.Managers.ExportManagerTests" name="AddSelectedWindowsToExport_ShouldAddToExportData" />
    </UnitTest>
    <UnitTest name="Dispose_ShouldDetachOnUpdateMutedMicrophonesRaised_WhenCalled" storage="d:\actions-runner\_work\xpco\xpco\allsolutions\..\sc\components\remoteviewer\smartclient\tst\zsmartclient_unittest\bin\x64\debug\net6.0-windows\zsmartclient_unittest.dll" id="57e42158-c478-d557-913f-3f7cb2a55e4f">
      <TestCategory>
        <TestCategoryItem TestCategory="GisMapData.MapLayers" />
      </TestCategory>
      <Execution id="2ab4dfec-d5a3-48f6-ad34-b16edd74a036" />
      <TestMethod codeBase="D:\actions-runner\_work\XPCO\XPCO\AllSolutions\..\SC\Components\RemoteViewer\SmartClient\tst\zSmartClient_UnitTest\bin\x64\Debug\net6.0-windows\zSmartClient_UnitTest.dll" adapterTypeName="executor://mstestadapter/v2" className="SmartClient_UnitTest.VideoOS.RemoteClient.GisMapData.MapLayers.MicrophoneItemsMapLayerTests" name="Dispose_ShouldDetachOnUpdateMutedMicrophonesRaised_WhenCalled" />
    </UnitTest>
    <UnitTest name="ScrollWheelInTileLayout_ScrollUp_IncreaseItemSize" storage="d:\actions-runner\_work\xpco\xpco\allsolutions\..\sc\components\remoteviewer\smartclient\tst\zsmartclient_unittest\bin\x64\debug\net6.0-windows\zsmartclient_unittest.dll" id="c8fac7fa-4b08-7ff4-1155-d669516586fe">
      <TestCategory>
        <TestCategoryItem TestCategory="SearchViews" />
      </TestCategory>
      <Execution id="1ed24610-29d2-4c18-b7f6-44ff54bd293b" />
      <TestMethod codeBase="D:\actions-runner\_work\XPCO\XPCO\AllSolutions\..\SC\Components\RemoteViewer\SmartClient\tst\zSmartClient_UnitTest\bin\x64\Debug\net6.0-windows\zSmartClient_UnitTest.dll" adapterTypeName="executor://mstestadapter/v2" className="SmartClient_UnitTest.VideoOS.RemoteClient.Plugin.CentralizedSearch.Views.SearchResultsViewTests" name="ScrollWheelInTileLayout_ScrollUp_IncreaseItemSize" />
    </UnitTest>
    <UnitTest name="LoadMapAsyncWithBuildings_Success" storage="d:\actions-runner\_work\xpco\xpco\allsolutions\..\sc\components\remoteviewer\smartclient\tst\zsmartclient_unittest\bin\x64\debug\net6.0-windows\zsmartclient_unittest.dll" id="23557db4-cf2f-5c4a-81e2-b54970cb5a80">
      <TestCategory>
        <TestCategoryItem TestCategory="GisMapBuilding" />
      </TestCategory>
      <Execution id="f91f02ce-7bf8-41e0-b87e-e65ac5fde512" />
      <TestMethod codeBase="D:\actions-runner\_work\XPCO\XPCO\AllSolutions\..\SC\Components\RemoteViewer\SmartClient\tst\zSmartClient_UnitTest\bin\x64\Debug\net6.0-windows\zSmartClient_UnitTest.dll" adapterTypeName="executor://mstestadapter/v2" className="SmartClient_UnitTest.VideoOS.RemoteClient.GisMapData.GisMapBuildingTests" name="LoadMapAsyncWithBuildings_Success" />
    </UnitTest>
    <UnitTest name="PtzSessionControllerInfoConstructorTest_From_PtzSessionInfo_Windows_User" storage="d:\actions-runner\_work\xpco\xpco\allsolutions\..\sc\components\remoteviewer\smartclient\tst\zsmartclient_unittest\bin\x64\debug\net6.0-windows\zsmartclient_unittest.dll" id="a82486f4-91e1-c778-be1c-6489525080cf">
      <Execution id="69877de1-4a1c-4976-8ef4-0ff65db6b13b" />
      <TestMethod codeBase="D:\actions-runner\_work\XPCO\XPCO\AllSolutions\..\SC\Components\RemoteViewer\SmartClient\tst\zSmartClient_UnitTest\bin\x64\Debug\net6.0-windows\zSmartClient_UnitTest.dll" adapterTypeName="executor://mstestadapter/v2" className="VideoOS.RemoteClient.Application.Controllers.UnitTest.PtzSessionControllerTest" name="PtzSessionControllerInfoConstructorTest_From_PtzSessionInfo_Windows_User" />
    </UnitTest>
    <UnitTest name="Dispose_ShouldReleaseResources_WhenCalled" storage="d:\actions-runner\_work\xpco\xpco\allsolutions\..\sc\components\remoteviewer\smartclient\tst\zsmartclient_unittest\bin\x64\debug\net6.0-windows\zsmartclient_unittest.dll" id="e5d0a93d-5262-e4d0-5f45-ee6b0db6945d">
      <TestCategory>
        <TestCategoryItem TestCategory="GisMap.DeviceSelectorWindowViewModel" />
      </TestCategory>
      <Execution id="66c450aa-a8c5-4a05-ac79-7ec2245184cf" />
      <TestMethod codeBase="D:\actions-runner\_work\XPCO\XPCO\AllSolutions\..\SC\Components\RemoteViewer\SmartClient\tst\zSmartClient_UnitTest\bin\x64\Debug\net6.0-windows\zSmartClient_UnitTest.dll" adapterTypeName="executor://mstestadapter/v2" className="SmartClient_UnitTest.VideoOS.RemoteClient.Plugin.GisMap.ViewModels.DeviceSelectorWindowViewModelTests" name="Dispose_ShouldReleaseResources_WhenCalled" />
    </UnitTest>
    <UnitTest name="ConvertBack_ShouldRaiseInvalidCastException_WhenValueIsNotABoolean" storage="d:\actions-runner\_work\xpco\xpco\allsolutions\..\sc\components\remoteviewer\smartclient\tst\zsmartclient_unittest\bin\x64\debug\net6.0-windows\zsmartclient_unittest.dll" id="1079a229-fd63-4e8b-6131-749f5fa842df">
      <TestCategory>
        <TestCategoryItem TestCategory="GisMap.InteractionStateConverter" />
      </TestCategory>
      <Execution id="cabc36e4-62b3-4250-bb9e-8a74c689134d" />
      <TestMethod codeBase="D:\actions-runner\_work\XPCO\XPCO\AllSolutions\..\SC\Components\RemoteViewer\SmartClient\tst\zSmartClient_UnitTest\bin\x64\Debug\net6.0-windows\zSmartClient_UnitTest.dll" adapterTypeName="executor://mstestadapter/v2" className="SmartClient_UnitTest.VideoOS.RemoteClient.Plugin.GisMap.View.InteractionStateConverterTests" name="ConvertBack_ShouldRaiseInvalidCastException_WhenValueIsNotABoolean" />
    </UnitTest>
    <UnitTest name="Initialize_ShouldCreateAllCameraItems_WhenInitializedWithNonEmptyScope" storage="d:\actions-runner\_work\xpco\xpco\allsolutions\..\sc\components\remoteviewer\smartclient\tst\zsmartclient_unittest\bin\x64\debug\net6.0-windows\zsmartclient_unittest.dll" id="a0bf150c-e557-e095-022b-d649c58ba210">
      <TestCategory>
        <TestCategoryItem TestCategory="Search.Filters.ViewModels" />
      </TestCategory>
      <Execution id="1b095982-931a-4c5c-9b5c-b1311d749709" />
      <TestMethod codeBase="D:\actions-runner\_work\XPCO\XPCO\AllSolutions\..\SC\Components\RemoteViewer\SmartClient\tst\zSmartClient_UnitTest\bin\x64\Debug\net6.0-windows\zSmartClient_UnitTest.dll" adapterTypeName="executor://mstestadapter/v2" className="SmartClient_UnitTest.VideoOS.RemoteClient.Plugin.CentralizedSearch.MIPPlugin.Criteria.ViewModels.RegionSelectionAttributeEditControlViewModelTests" name="Initialize_ShouldCreateAllCameraItems_WhenInitializedWithNonEmptyScope" />
    </UnitTest>
    <UnitTest name="PatrollingStepListViewModel_CanExecuteMoveDown" storage="d:\actions-runner\_work\xpco\xpco\allsolutions\..\sc\components\remoteviewer\smartclient\tst\zsmartclient_unittest\bin\x64\debug\net6.0-windows\zsmartclient_unittest.dll" id="9deaeb24-21b9-9f12-691a-fda61c229e90">
      <Execution id="d4539006-8c1c-4934-bbfc-4c139204449a" />
      <TestMethod codeBase="D:\actions-runner\_work\XPCO\XPCO\AllSolutions\..\SC\Components\RemoteViewer\SmartClient\tst\zSmartClient_UnitTest\bin\x64\Debug\net6.0-windows\zSmartClient_UnitTest.dll" adapterTypeName="executor://mstestadapter/v2" className="SmartClient_UnitTest.VideoOS.RemoteClient.Application.UI.PtzPreset.PatrollingViewModel.PatrollingStepListViewModelTest" name="PatrollingStepListViewModel_CanExecuteMoveDown" />
    </UnitTest>
    <UnitTest name="SupportsDoubleClick_ShouldBeTrue_WhenInteractionStateIsNormal" storage="d:\actions-runner\_work\xpco\xpco\allsolutions\..\sc\components\remoteviewer\smartclient\tst\zsmartclient_unittest\bin\x64\debug\net6.0-windows\zsmartclient_unittest.dll" id="06bd284b-d73d-920f-7739-efb670bc85e0">
      <TestCategory>
        <TestCategoryItem TestCategory="GisMap.InputMarkerTest" />
      </TestCategory>
      <Execution id="09a68364-3354-494c-a72c-c5c4d6222a3f" />
      <TestMethod codeBase="D:\actions-runner\_work\XPCO\XPCO\AllSolutions\..\SC\Components\RemoteViewer\SmartClient\tst\zSmartClient_UnitTest\bin\x64\Debug\net6.0-windows\zSmartClient_UnitTest.dll" adapterTypeName="executor://mstestadapter/v2" className="SmartClient_UnitTest.VideoOS.RemoteClient.Plugin.GisMap.ThinkGeoMap.Markers.DeviceMarkers.InputMarker.InputMarkerTests" name="SupportsDoubleClick_ShouldBeTrue_WhenInteractionStateIsNormal" />
    </UnitTest>
    <UnitTest name="ClearSelectedCamerasCommand_NonEmptyList_ListCleared" storage="d:\actions-runner\_work\xpco\xpco\allsolutions\..\sc\components\remoteviewer\smartclient\tst\zsmartclient_unittest\bin\x64\debug\net6.0-windows\zsmartclient_unittest.dll" id="35b5f995-b2f1-b0ad-4d21-7b40aa694ec8">
      <TestCategory>
        <TestCategoryItem TestCategory="SearchViewModels" />
      </TestCategory>
      <Execution id="d3ef0650-098d-4cf8-af16-eca7f662f283" />
      <TestMethod codeBase="D:\actions-runner\_work\XPCO\XPCO\AllSolutions\..\SC\Components\RemoteViewer\SmartClient\tst\zSmartClient_UnitTest\bin\x64\Debug\net6.0-windows\zSmartClient_UnitTest.dll" adapterTypeName="executor://mstestadapter/v2" className="SmartClient_UnitTest.VideoOS.RemoteClient.Plugin.CentralizedSearch.ViewModels.SearchViewModelTests" name="ClearSelectedCamerasCommand_NonEmptyList_ListCleared" />
    </UnitTest>
    <UnitTest name="Compare_ShouldSortByPrimaryEventTime_WhenOnlySingleResults" storage="d:\actions-runner\_work\xpco\xpco\allsolutions\..\sc\components\remoteviewer\smartclient\tst\zsmartclient_unittest\bin\x64\debug\net6.0-windows\zsmartclient_unittest.dll" id="ff39d078-db32-05c4-cda1-a2362a7ad157">
      <TestCategory>
        <TestCategoryItem TestCategory="SearchComparers" />
      </TestCategory>
      <Execution id="8a8c56b9-fcff-4ebb-8861-d0badb1001da" />
      <TestMethod codeBase="D:\actions-runner\_work\XPCO\XPCO\AllSolutions\..\SC\Components\RemoteViewer\SmartClient\tst\zSmartClient_UnitTest\bin\x64\Debug\net6.0-windows\zSmartClient_UnitTest.dll" adapterTypeName="executor://mstestadapter/v2" className="SmartClient_UnitTest.VideoOS.RemoteClient.Plugin.CentralizedSearch.Models.Wrappers.Comparers.RelevanceComparerTests" name="Compare_ShouldSortByPrimaryEventTime_WhenOnlySingleResults" />
    </UnitTest>
    <UnitTest name="UpdateItems_WhenStrategyReturnsUpdateNotNeeded_ShouldNotResultInMipItemsReadyEvent" storage="d:\actions-runner\_work\xpco\xpco\allsolutions\..\sc\components\remoteviewer\smartclient\tst\zsmartclient_unittest\bin\x64\debug\net6.0-windows\zsmartclient_unittest.dll" id="cab07565-7102-ab00-4f85-136d84889f35">
      <TestCategory>
        <TestCategoryItem TestCategory="MipItemsRetriever" />
      </TestCategory>
      <Execution id="2063b5ac-20d0-4c64-8723-dcbbfb9d081f" />
      <TestMethod codeBase="D:\actions-runner\_work\XPCO\XPCO\AllSolutions\..\SC\Components\RemoteViewer\SmartClient\tst\zSmartClient_UnitTest\bin\x64\Debug\net6.0-windows\zSmartClient_UnitTest.dll" adapterTypeName="executor://mstestadapter/v2" className="SmartClient_UnitTest.VideoOS.RemoteClient.Plugin.GisMap.MIP.MipItemsRetrieverTests" name="UpdateItems_WhenStrategyReturnsUpdateNotNeeded_ShouldNotResultInMipItemsReadyEvent" />
    </UnitTest>
    <UnitTest name="ScrollIntoView_Synchronous_DefinitionViewBelowOutOfViewPort_Scrolled" storage="d:\actions-runner\_work\xpco\xpco\allsolutions\..\sc\components\remoteviewer\smartclient\tst\zsmartclient_unittest\bin\x64\debug\net6.0-windows\zsmartclient_unittest.dll" id="61db488c-fd57-8a4d-714e-e5d3bad8b45f">
      <TestCategory>
        <TestCategoryItem TestCategory="Search" />
      </TestCategory>
      <Execution id="2b3efd73-4ced-458f-814d-5d1927080dd1" />
      <TestMethod codeBase="D:\actions-runner\_work\XPCO\XPCO\AllSolutions\..\SC\Components\RemoteViewer\SmartClient\tst\zSmartClient_UnitTest\bin\x64\Debug\net6.0-windows\zSmartClient_UnitTest.dll" adapterTypeName="executor://mstestadapter/v2" className="SmartClient_UnitTest.VideoOS.RemoteClient.Plugin.CentralizedSearch.Views.CriteriaViewTests" name="ScrollIntoView_Synchronous_DefinitionViewBelowOutOfViewPort_Scrolled" />
    </UnitTest>
    <UnitTest name="ReCreateOverlay_WhereOverlayIsRecreable_OverlayRequestToBeReCreated" storage="d:\actions-runner\_work\xpco\xpco\allsolutions\..\sc\components\remoteviewer\smartclient\tst\zsmartclient_unittest\bin\x64\debug\net6.0-windows\zsmartclient_unittest.dll" id="361cc772-0d75-885b-698f-f995fb066fc5">
      <Execution id="0f656add-3e19-45c8-ab1b-894bd50a8d9f" />
      <TestMethod codeBase="D:\actions-runner\_work\XPCO\XPCO\AllSolutions\..\SC\Components\RemoteViewer\SmartClient\tst\zSmartClient_UnitTest\bin\x64\Debug\net6.0-windows\zSmartClient_UnitTest.dll" adapterTypeName="executor://mstestadapter/v2" className="SmartClient_UnitTest.VideoOS.RemoteClient.Plugin.GisMap.ThinkGeoMap.ThinkGeoOverlaysManagerTests" name="ReCreateOverlay_WhereOverlayIsRecreable_OverlayRequestToBeReCreated" />
    </UnitTest>
    <UnitTest name="PatrollingProfileViewModelTest_Save_UpdateProfile" storage="d:\actions-runner\_work\xpco\xpco\allsolutions\..\sc\components\remoteviewer\smartclient\tst\zsmartclient_unittest\bin\x64\debug\net6.0-windows\zsmartclient_unittest.dll" id="1b215d44-dc60-3855-41b7-391caaf25646">
      <Execution id="25bbece7-3571-4094-a401-a69a71f66b99" />
      <TestMethod codeBase="D:\actions-runner\_work\XPCO\XPCO\AllSolutions\..\SC\Components\RemoteViewer\SmartClient\tst\zSmartClient_UnitTest\bin\x64\Debug\net6.0-windows\zSmartClient_UnitTest.dll" adapterTypeName="executor://mstestadapter/v2" className="SmartClient_UnitTest.VideoOS.RemoteClient.Application.UI.PtzPreset.PatrollingViewModel.PatrollingProfileViewModelTest" name="PatrollingProfileViewModelTest_Save_UpdateProfile" />
    </UnitTest>
    <UnitTest name="ResolveBaseResultProperties_ShouldOnlyReturnTriggerTimesThatAreWithinBeginEndWithPadding" storage="d:\actions-runner\_work\xpco\xpco\allsolutions\..\sc\components\remoteviewer\smartclient\tst\zsmartclient_unittest\bin\x64\debug\net6.0-windows\zsmartclient_unittest.dll" id="2674b7c4-7076-fd3a-f5df-01507f4b862a">
      <TestCategory>
        <TestCategoryItem TestCategory="Search" />
      </TestCategory>
      <Execution id="c65c32f0-0f7e-466b-8bc3-1aa8ce7dcead" />
      <TestMethod codeBase="D:\actions-runner\_work\XPCO\XPCO\AllSolutions\..\SC\Components\RemoteViewer\SmartClient\tst\zSmartClient_UnitTest\bin\x64\Debug\net6.0-windows\zSmartClient_UnitTest.dll" adapterTypeName="executor://mstestadapter/v2" className="SmartClient_UnitTest.VideoOS.RemoteClient.Plugin.CentralizedSearch.Utils.SearchResultDataWrapperExtensionsTests" name="ResolveBaseResultProperties_ShouldOnlyReturnTriggerTimesThatAreWithinBeginEndWithPadding" />
    </UnitTest>
    <UnitTest name="IsOutputEnabled_ShouldBeFalse_WhenOutputIsDisabled" storage="d:\actions-runner\_work\xpco\xpco\allsolutions\..\sc\components\remoteviewer\smartclient\tst\zsmartclient_unittest\bin\x64\debug\net6.0-windows\zsmartclient_unittest.dll" id="727eace4-6f24-f89e-4093-133963eb0bdd">
      <TestCategory>
        <TestCategoryItem TestCategory="GisMapData.MapLayers" />
      </TestCategory>
      <Execution id="adeaee20-8c6b-4e37-9f89-0da585f07f6e" />
      <TestMethod codeBase="D:\actions-runner\_work\XPCO\XPCO\AllSolutions\..\SC\Components\RemoteViewer\SmartClient\tst\zSmartClient_UnitTest\bin\x64\Debug\net6.0-windows\zSmartClient_UnitTest.dll" adapterTypeName="executor://mstestadapter/v2" className="SmartClient_UnitTest.VideoOS.RemoteClient.GisMapData.MapLayers.OutputItemsMapLayerTests" name="IsOutputEnabled_ShouldBeFalse_WhenOutputIsDisabled" />
    </UnitTest>
    <UnitTest name="Forced" storage="d:\actions-runner\_work\xpco\xpco\allsolutions\..\sc\components\remoteviewer\smartclient\tst\zsmartclient_unittest\bin\x64\debug\net6.0-windows\zsmartclient_unittest.dll" id="095585f6-4ef2-27a8-ee5b-098ad467f567">
      <TestCategory>
        <TestCategoryItem TestCategory="Export" />
      </TestCategory>
      <Execution id="72adc6b7-e643-4c48-9c28-a69e8d9e5f65" />
      <TestMethod codeBase="D:\actions-runner\_work\XPCO\XPCO\AllSolutions\..\SC\Components\RemoteViewer\SmartClient\tst\zSmartClient_UnitTest\bin\x64\Debug\net6.0-windows\zSmartClient_UnitTest.dll" adapterTypeName="executor://mstestadapter/v2" className="SmartClient_UnitTest.VideoOS.RemoteClient.Plugin.Export.CreateExportDialogViewModelTests" name="CreateExportDialog_GlobalCommentCanBeModified_BasedOnOptions" />
    </UnitTest>
    <UnitTest name="WhenActionExecutedWithNoAlarmsThenNoObserverNotified" storage="d:\actions-runner\_work\xpco\xpco\allsolutions\..\sc\components\remoteviewer\smartclient\tst\zsmartclient_unittest\bin\x64\debug\net6.0-windows\zsmartclient_unittest.dll" id="b023ed0a-de55-261e-b76b-b001235c2a21">
      <Execution id="d3bed7e0-9f10-4dca-84a7-3f59aa4bdee5" />
      <TestMethod codeBase="D:\actions-runner\_work\XPCO\XPCO\AllSolutions\..\SC\Components\RemoteViewer\SmartClient\tst\zSmartClient_UnitTest\bin\x64\Debug\net6.0-windows\zSmartClient_UnitTest.dll" adapterTypeName="executor://mstestadapter/v2" className="SmartClient_UnitTest.VideoOS.RemoteClient.GisMapData.Common.AlarmObservableTest" name="WhenActionExecutedWithNoAlarmsThenNoObserverNotified" />
    </UnitTest>
    <UnitTest name="ActiveInteractionStateBinding_ShouldNotBeNull_WhenCtorIsCalled" storage="d:\actions-runner\_work\xpco\xpco\allsolutions\..\sc\components\remoteviewer\smartclient\tst\zsmartclient_unittest\bin\x64\debug\net6.0-windows\zsmartclient_unittest.dll" id="a96b347d-5d1c-d89b-916b-371c05303b3e">
      <TestCategory>
        <TestCategoryItem TestCategory="GisMap.LinkMarker" />
      </TestCategory>
      <Execution id="c43a46cd-7968-496c-b7d6-7eb0e80c34d2" />
      <TestMethod codeBase="D:\actions-runner\_work\XPCO\XPCO\AllSolutions\..\SC\Components\RemoteViewer\SmartClient\tst\zSmartClient_UnitTest\bin\x64\Debug\net6.0-windows\zSmartClient_UnitTest.dll" adapterTypeName="executor://mstestadapter/v2" className="SmartClient_UnitTest.VideoOS.RemoteClient.Plugin.GisMap.ThinkGeoMap.Markers.LinkMarker.LinkMarkerTests" name="ActiveInteractionStateBinding_ShouldNotBeNull_WhenCtorIsCalled" />
    </UnitTest>
    <UnitTest name="SearchFilterCategoryGet_OneSearchAgent_FiltersMatch" storage="d:\actions-runner\_work\xpco\xpco\allsolutions\..\sc\components\remoteviewer\smartclient\tst\zsmartclient_unittest\bin\x64\debug\net6.0-windows\zsmartclient_unittest.dll" id="44e92960-87da-bcfa-c839-b0dd09a9d8ba">
      <TestCategory>
        <TestCategoryItem TestCategory="Search" />
      </TestCategory>
      <Execution id="f5c70d21-353a-4d00-9456-071dadfa8c2a" />
      <TestMethod codeBase="D:\actions-runner\_work\XPCO\XPCO\AllSolutions\..\SC\Components\RemoteViewer\SmartClient\tst\zSmartClient_UnitTest\bin\x64\Debug\net6.0-windows\zSmartClient_UnitTest.dll" adapterTypeName="executor://mstestadapter/v2" className="SmartClient_UnitTest.VideoOS.RemoteClient.Plugin.CentralizedSearch.MIPPlugin.CompositeSearchAgentTests" name="SearchFilterCategoryGet_OneSearchAgent_FiltersMatch" />
    </UnitTest>
    <UnitTest name="ConvertBack_ShouldReturnTheParameterInteractionState_WhenValueIsTrueAndParameterIsAnInteractionState" storage="d:\actions-runner\_work\xpco\xpco\allsolutions\..\sc\components\remoteviewer\smartclient\tst\zsmartclient_unittest\bin\x64\debug\net6.0-windows\zsmartclient_unittest.dll" id="949114ce-b635-6899-abf2-c4e97a411c85">
      <TestCategory>
        <TestCategoryItem TestCategory="GisMap.InteractionStateConverter" />
      </TestCategory>
      <Execution id="58840a1c-a587-45c3-947e-982e29c74cb2" />
      <TestMethod codeBase="D:\actions-runner\_work\XPCO\XPCO\AllSolutions\..\SC\Components\RemoteViewer\SmartClient\tst\zSmartClient_UnitTest\bin\x64\Debug\net6.0-windows\zSmartClient_UnitTest.dll" adapterTypeName="executor://mstestadapter/v2" className="SmartClient_UnitTest.VideoOS.RemoteClient.Plugin.GisMap.View.InteractionStateConverterTests" name="ConvertBack_ShouldReturnTheParameterInteractionState_WhenValueIsTrueAndParameterIsAnInteractionState" />
    </UnitTest>
    <UnitTest name="SearchModelOnSearchResultsExpired_NotOnUiThread_Success" storage="d:\actions-runner\_work\xpco\xpco\allsolutions\..\sc\components\remoteviewer\smartclient\tst\zsmartclient_unittest\bin\x64\debug\net6.0-windows\zsmartclient_unittest.dll" id="48054fb2-bd75-c8f4-21b2-fc21c0457ce0">
      <TestCategory>
        <TestCategoryItem TestCategory="SearchViewModels" />
      </TestCategory>
      <Execution id="f149a11f-8999-47c6-8150-b77a58fbd23a" />
      <TestMethod codeBase="D:\actions-runner\_work\XPCO\XPCO\AllSolutions\..\SC\Components\RemoteViewer\SmartClient\tst\zSmartClient_UnitTest\bin\x64\Debug\net6.0-windows\zSmartClient_UnitTest.dll" adapterTypeName="executor://mstestadapter/v2" className="SmartClient_UnitTest.VideoOS.RemoteClient.Plugin.CentralizedSearch.ViewModels.SearchViewModelTests" name="SearchModelOnSearchResultsExpired_NotOnUiThread_Success" />
    </UnitTest>
    <UnitTest name="PatrollingProfileListViewModel_CanExecuteAddProfile" storage="d:\actions-runner\_work\xpco\xpco\allsolutions\..\sc\components\remoteviewer\smartclient\tst\zsmartclient_unittest\bin\x64\debug\net6.0-windows\zsmartclient_unittest.dll" id="38ec599c-8886-9abd-0e90-9384d2644f53">
      <Execution id="0fd88b86-3906-4e4c-bd55-a3991e4bbb6b" />
      <TestMethod codeBase="D:\actions-runner\_work\XPCO\XPCO\AllSolutions\..\SC\Components\RemoteViewer\SmartClient\tst\zSmartClient_UnitTest\bin\x64\Debug\net6.0-windows\zSmartClient_UnitTest.dll" adapterTypeName="executor://mstestadapter/v2" className="SmartClient_UnitTest.VideoOS.RemoteClient.Application.UI.PtzPreset.PatrollingViewModel.PatrollingProfileListViewModelTest" name="PatrollingProfileListViewModel_CanExecuteAddProfile" />
    </UnitTest>
    <UnitTest name="PermanentMarkers_ShouldAdd_WhenTryInitExecuted" storage="d:\actions-runner\_work\xpco\xpco\allsolutions\..\sc\components\remoteviewer\smartclient\tst\zsmartclient_unittest\bin\x64\debug\net6.0-windows\zsmartclient_unittest.dll" id="0a626f9c-1fcc-6ba0-e354-bb3374659d02">
      <TestCategory>
        <TestCategoryItem TestCategory="SmartMap.MapItemsOverlay" />
      </TestCategory>
      <Execution id="4d38436f-d7c8-49d9-8a23-977608540efb" />
      <TestMethod codeBase="D:\actions-runner\_work\XPCO\XPCO\AllSolutions\..\SC\Components\RemoteViewer\SmartClient\tst\zSmartClient_UnitTest\bin\x64\Debug\net6.0-windows\zSmartClient_UnitTest.dll" adapterTypeName="executor://mstestadapter/v2" className="SmartClient_UnitTest.VideoOS.RemoteClient.Plugin.GisMap.ThinkGeoMap.SpecializedOverlays.Overlays.MapItemsOverlayTests" name="PermanentMarkers_ShouldAdd_WhenTryInitExecuted" />
    </UnitTest>
    <UnitTest name="PatrollingStepListViewModel_DeleteStepExecute" storage="d:\actions-runner\_work\xpco\xpco\allsolutions\..\sc\components\remoteviewer\smartclient\tst\zsmartclient_unittest\bin\x64\debug\net6.0-windows\zsmartclient_unittest.dll" id="64e7256a-b290-3467-22a6-88571ed2d255">
      <Execution id="1dac943e-d19a-4b5d-806f-433c8dbf5abe" />
      <TestMethod codeBase="D:\actions-runner\_work\XPCO\XPCO\AllSolutions\..\SC\Components\RemoteViewer\SmartClient\tst\zSmartClient_UnitTest\bin\x64\Debug\net6.0-windows\zSmartClient_UnitTest.dll" adapterTypeName="executor://mstestadapter/v2" className="SmartClient_UnitTest.VideoOS.RemoteClient.Application.UI.PtzPreset.PatrollingViewModel.PatrollingStepListViewModelTest" name="PatrollingStepListViewModel_DeleteStepExecute" />
    </UnitTest>
    <UnitTest name="ScWorkspaceStateChangedEvent_ShouldSetDeviceIsDisabledToFalse_WhenSwitchingToSetupModeAndDeviceIsDisabled" storage="d:\actions-runner\_work\xpco\xpco\allsolutions\..\sc\components\remoteviewer\smartclient\tst\zsmartclient_unittest\bin\x64\debug\net6.0-windows\zsmartclient_unittest.dll" id="0642a600-4a64-e9cb-eb5f-0984d3d228c6">
      <TestCategory>
        <TestCategoryItem TestCategory="GisMapData.MapLayers" />
      </TestCategory>
      <Execution id="6eaa836c-c336-471d-b289-a0f2de39193b" />
      <TestMethod codeBase="D:\actions-runner\_work\XPCO\XPCO\AllSolutions\..\SC\Components\RemoteViewer\SmartClient\tst\zSmartClient_UnitTest\bin\x64\Debug\net6.0-windows\zSmartClient_UnitTest.dll" adapterTypeName="executor://mstestadapter/v2" className="SmartClient_UnitTest.VideoOS.RemoteClient.GisMapData.MapLayers.OutputItemsMapLayerTests" name="ScWorkspaceStateChangedEvent_ShouldSetDeviceIsDisabledToFalse_WhenSwitchingToSetupModeAndDeviceIsDisabled" />
    </UnitTest>
    <UnitTest name="SmartMapGoToAreaHandler_WhenDataIsValid_ShouldCallNavigateTo" storage="d:\actions-runner\_work\xpco\xpco\allsolutions\..\sc\components\remoteviewer\smartclient\tst\zsmartclient_unittest\bin\x64\debug\net6.0-windows\zsmartclient_unittest.dll" id="8ccd7a8f-ef67-0ae3-b153-d3f9ffe8fcc3">
      <Execution id="c3e24474-09f6-4d05-8d4d-55ce3f34c95c" />
      <TestMethod codeBase="D:\actions-runner\_work\XPCO\XPCO\AllSolutions\..\SC\Components\RemoteViewer\SmartClient\tst\zSmartClient_UnitTest\bin\x64\Debug\net6.0-windows\zSmartClient_UnitTest.dll" adapterTypeName="executor://mstestadapter/v2" className="SmartClient_UnitTest.VideoOS.RemoteClient.Plugin.GisMap.MIP.ContentHolderMipMessageManagerTests" name="SmartMapGoToAreaHandler_WhenDataIsValid_ShouldCallNavigateTo" />
    </UnitTest>
    <UnitTest name="SearchResultsActionBarActions_MipActionSpecificallySupportsSelectedSearchResult_ActionEnabled" storage="d:\actions-runner\_work\xpco\xpco\allsolutions\..\sc\components\remoteviewer\smartclient\tst\zsmartclient_unittest\bin\x64\debug\net6.0-windows\zsmartclient_unittest.dll" id="3375033a-d5e6-72b6-24f8-d995495958e4">
      <TestCategory>
        <TestCategoryItem TestCategory="SearchResultActionBarViewModel" />
      </TestCategory>
      <Execution id="3bec5588-ab28-4251-bb5e-a72ff5d2e454" />
      <TestMethod codeBase="D:\actions-runner\_work\XPCO\XPCO\AllSolutions\..\SC\Components\RemoteViewer\SmartClient\tst\zSmartClient_UnitTest\bin\x64\Debug\net6.0-windows\zSmartClient_UnitTest.dll" adapterTypeName="executor://mstestadapter/v2" className="SmartClient_UnitTest.VideoOS.RemoteClient.Plugin.CentralizedSearch.ViewModels.SearchResultsActionBarViewModelTest" name="SearchResultsActionBarActions_MipActionSpecificallySupportsSelectedSearchResult_ActionEnabled" />
    </UnitTest>
    <UnitTest name="GetCameraTypes_ShouldReturnSingleCameraType" storage="d:\actions-runner\_work\xpco\xpco\allsolutions\..\sc\components\remoteviewer\smartclient\tst\zsmartclient_unittest\bin\x64\debug\net6.0-windows\zsmartclient_unittest.dll" id="da8fd7da-175b-17d6-2b65-b1622f31efd6">
      <Execution id="fbf02404-f27b-463f-a03f-e2938b82377e" />
      <TestMethod codeBase="D:\actions-runner\_work\XPCO\XPCO\AllSolutions\..\SC\Components\RemoteViewer\SmartClient\tst\zSmartClient_UnitTest\bin\x64\Debug\net6.0-windows\zSmartClient_UnitTest.dll" adapterTypeName="executor://mstestadapter/v2" className="SmartClient_UnitTest.VideoOS.RemoteClient.Application.Data.ContentTypes.ReportingContentType.DashboardExtentionsTest" name="GetCameraTypes_ShouldReturnSingleCameraType" />
    </UnitTest>
    <UnitTest name="Search_MultipleCategories_SearchCallsDelegatedToSearchManager" storage="d:\actions-runner\_work\xpco\xpco\allsolutions\..\sc\components\remoteviewer\smartclient\tst\zsmartclient_unittest\bin\x64\debug\net6.0-windows\zsmartclient_unittest.dll" id="a28e9689-4e5e-848d-448b-9fc289af2ecb">
      <TestCategory>
        <TestCategoryItem TestCategory="Search" />
      </TestCategory>
      <Execution id="927e39dc-0d10-402b-b805-a7bfaa6feab9" />
      <TestMethod codeBase="D:\actions-runner\_work\XPCO\XPCO\AllSolutions\..\SC\Components\RemoteViewer\SmartClient\tst\zSmartClient_UnitTest\bin\x64\Debug\net6.0-windows\zSmartClient_UnitTest.dll" adapterTypeName="executor://mstestadapter/v2" className="SmartClient_UnitTest.VideoOS.RemoteClient.Plugin.CentralizedSearch.MIPPlugin.CompositeSearchDefinitionTests" name="Search_MultipleCategories_SearchCallsDelegatedToSearchManager" />
    </UnitTest>
    <UnitTest name="ScWorkspaceStateChangedEvent_ShouldKeepIsSelected_WhenSwitchingToSetupMode" storage="d:\actions-runner\_work\xpco\xpco\allsolutions\..\sc\components\remoteviewer\smartclient\tst\zsmartclient_unittest\bin\x64\debug\net6.0-windows\zsmartclient_unittest.dll" id="fd11af71-a4c4-5921-60ab-2b01bfd9ee13">
      <TestCategory>
        <TestCategoryItem TestCategory="GisMapData.MapLayers" />
      </TestCategory>
      <Execution id="75df393e-79a6-4188-843a-b7c73c24ae7d" />
      <TestMethod codeBase="D:\actions-runner\_work\XPCO\XPCO\AllSolutions\..\SC\Components\RemoteViewer\SmartClient\tst\zSmartClient_UnitTest\bin\x64\Debug\net6.0-windows\zSmartClient_UnitTest.dll" adapterTypeName="executor://mstestadapter/v2" className="SmartClient_UnitTest.VideoOS.RemoteClient.GisMapData.MapLayers.MicrophoneItemsMapLayerTests" name="ScWorkspaceStateChangedEvent_ShouldKeepIsSelected_WhenSwitchingToSetupMode" />
    </UnitTest>
    <UnitTest name="CallingAction_Generates_PopoverUserControl_WhenToolbarPluginTypeIsUserControl" storage="d:\actions-runner\_work\xpco\xpco\allsolutions\..\sc\components\remoteviewer\smartclient\tst\zsmartclient_unittest\bin\x64\debug\net6.0-windows\zsmartclient_unittest.dll" id="663795a0-d44e-108c-adbb-753bfdf4d621">
      <TestCategory>
        <TestCategoryItem TestCategory="WorkspaceToolbar" />
      </TestCategory>
      <Execution id="34e03706-c620-40d8-9bb9-662c640044e6" />
      <TestMethod codeBase="D:\actions-runner\_work\XPCO\XPCO\AllSolutions\..\SC\Components\RemoteViewer\SmartClient\tst\zSmartClient_UnitTest\bin\x64\Debug\net6.0-windows\zSmartClient_UnitTest.dll" adapterTypeName="executor://mstestadapter/v2" className="SmartClient_UnitTest.VideoOS.RemoteClient.Application.Data.WorkspaceToolbar.WorkspaceToolbarItemMipPluginTests" name="CallingAction_Generates_PopoverUserControl_WhenToolbarPluginTypeIsUserControl" />
    </UnitTest>
    <UnitTest name="IsDisabled_ShouldBeTrue_WhenApplicationIsInBrowseMode" storage="d:\actions-runner\_work\xpco\xpco\allsolutions\..\sc\components\remoteviewer\smartclient\tst\zsmartclient_unittest\bin\x64\debug\net6.0-windows\zsmartclient_unittest.dll" id="5e16f1a5-ac2f-de21-a1b1-de59b21f35bb">
      <TestCategory>
        <TestCategoryItem TestCategory="GisMapData.MapItem.Outputs" />
      </TestCategory>
      <Execution id="2c9d0d70-9e31-4ed3-9b45-9e383a862374" />
      <TestMethod codeBase="D:\actions-runner\_work\XPCO\XPCO\AllSolutions\..\SC\Components\RemoteViewer\SmartClient\tst\zSmartClient_UnitTest\bin\x64\Debug\net6.0-windows\zSmartClient_UnitTest.dll" adapterTypeName="executor://mstestadapter/v2" className="SmartClient_UnitTest.VideoOS.RemoteClient.GisMapData.MapItem.Outputs.OutputMapItemTests" name="IsDisabled_ShouldBeTrue_WhenApplicationIsInBrowseMode" />
    </UnitTest>
    <UnitTest name="RemoveSelectedCameraCommand_CameraInList_CameraRemoved" storage="d:\actions-runner\_work\xpco\xpco\allsolutions\..\sc\components\remoteviewer\smartclient\tst\zsmartclient_unittest\bin\x64\debug\net6.0-windows\zsmartclient_unittest.dll" id="17891e0b-7823-7706-f334-6ca55cc2528c">
      <TestCategory>
        <TestCategoryItem TestCategory="SearchViewModels" />
      </TestCategory>
      <Execution id="1cb6d15b-5ddc-4e19-a3a5-82eddeeef410" />
      <TestMethod codeBase="D:\actions-runner\_work\XPCO\XPCO\AllSolutions\..\SC\Components\RemoteViewer\SmartClient\tst\zSmartClient_UnitTest\bin\x64\Debug\net6.0-windows\zSmartClient_UnitTest.dll" adapterTypeName="executor://mstestadapter/v2" className="SmartClient_UnitTest.VideoOS.RemoteClient.Plugin.CentralizedSearch.ViewModels.SearchViewModelTests" name="RemoveSelectedCameraCommand_CameraInList_CameraRemoved" />
    </UnitTest>
    <UnitTest name="MutedMicrophoneIconsId_ShouldReturnMutedIconsInAProperOrder_WhenCalled" storage="d:\actions-runner\_work\xpco\xpco\allsolutions\..\sc\components\remoteviewer\smartclient\tst\zsmartclient_unittest\bin\x64\debug\net6.0-windows\zsmartclient_unittest.dll" id="d7aebc88-d17a-4418-cff4-f3007ce02d1e">
      <TestCategory>
        <TestCategoryItem TestCategory="GisMapData.MicrophoneOemResourcesProviderTests" />
      </TestCategory>
      <Execution id="c41828a0-7262-43ec-87fe-4e785948c911" />
      <TestMethod codeBase="D:\actions-runner\_work\XPCO\XPCO\AllSolutions\..\SC\Components\RemoteViewer\SmartClient\tst\zSmartClient_UnitTest\bin\x64\Debug\net6.0-windows\zSmartClient_UnitTest.dll" adapterTypeName="executor://mstestadapter/v2" className="SmartClient_UnitTest.VideoOS.RemoteClient.GisMapData.Resources.MicrophoneOemResourcesProviderTests" name="MutedMicrophoneIconsId_ShouldReturnMutedIconsInAProperOrder_WhenCalled" />
    </UnitTest>
    <UnitTest name="BoundingBoxNewLiveData" storage="d:\actions-runner\_work\xpco\xpco\allsolutions\..\sc\components\remoteviewer\smartclient\tst\zsmartclient_unittest\bin\x64\debug\net6.0-windows\zsmartclient_unittest.dll" id="c4726943-b1e4-7dec-138b-79d3b9940013">
      <Execution id="29eadbfe-0bcc-49c3-8f51-47c73498dba9" />
      <TestMethod codeBase="D:\actions-runner\_work\XPCO\XPCO\AllSolutions\..\SC\Components\RemoteViewer\SmartClient\tst\zSmartClient_UnitTest\bin\x64\Debug\net6.0-windows\zSmartClient_UnitTest.dll" adapterTypeName="executor://mstestadapter/v2" className="SmartClient_UnitTest.VideoOS.RemoteClient.Application.Data.Metadata.BoundingBoxes.BoundingBoxProviderTest" name="BoundingBoxNewLiveData" />
    </UnitTest>
    <UnitTest name="Deserialize_ShouldReportMissingCombineType_WhenCombineTypeIsNotPresentInXml" storage="d:\actions-runner\_work\xpco\xpco\allsolutions\..\sc\components\remoteviewer\smartclient\tst\zsmartclient_unittest\bin\x64\debug\net6.0-windows\zsmartclient_unittest.dll" id="2920c2e0-39a3-dd93-5693-d4ce08512159">
      <TestCategory>
        <TestCategoryItem TestCategory="SearchSerialization" />
      </TestCategory>
      <Execution id="e218051a-1403-4e89-a67f-08b3967f61d2" />
      <TestMethod codeBase="D:\actions-runner\_work\XPCO\XPCO\AllSolutions\..\SC\Components\RemoteViewer\SmartClient\tst\zSmartClient_UnitTest\bin\x64\Debug\net6.0-windows\zSmartClient_UnitTest.dll" adapterTypeName="executor://mstestadapter/v2" className="SmartClient_UnitTest.VideoOS.RemoteClient.Plugin.CentralizedSearch.Models.Serialization.SearchSerializerTests" name="Deserialize_ShouldReportMissingCombineType_WhenCombineTypeIsNotPresentInXml" />
    </UnitTest>
    <UnitTest name="TestMultipleTaskSubscription" storage="d:\actions-runner\_work\xpco\xpco\allsolutions\..\sc\components\remoteviewer\smartclient\tst\zsmartclient_unittest\bin\x64\debug\net6.0-windows\zsmartclient_unittest.dll" id="5fd3f98c-c6c1-c9ae-ace1-6e51d9ce104b">
      <Execution id="d0209271-4cc8-47f0-94c3-93bb8fc03023" />
      <TestMethod codeBase="D:\actions-runner\_work\XPCO\XPCO\AllSolutions\..\SC\Components\RemoteViewer\SmartClient\tst\zSmartClient_UnitTest\bin\x64\Debug\net6.0-windows\zSmartClient_UnitTest.dll" adapterTypeName="executor://mstestadapter/v2" className="SmartClient_UnitTest.VideoOS.RemoteClient.Application.Managers.EdgeRetrievalTaskManagerUnitTest" name="TestMultipleTaskSubscription" />
    </UnitTest>
    <UnitTest name="GetMutedMicrophoneIconId_ShouldReturnValidMutedMicrophoneIconId_WhenValidUnmutedMicrophoneIconIdIsProvided" storage="d:\actions-runner\_work\xpco\xpco\allsolutions\..\sc\components\remoteviewer\smartclient\tst\zsmartclient_unittest\bin\x64\debug\net6.0-windows\zsmartclient_unittest.dll" id="47771962-fd80-aab3-ebc0-33717839eb97">
      <TestCategory>
        <TestCategoryItem TestCategory="GisMapData.MicrophoneOemResourcesProviderTests" />
      </TestCategory>
      <Execution id="7ce0c1e0-512d-4b65-b37b-4295175f51dc" />
      <TestMethod codeBase="D:\actions-runner\_work\XPCO\XPCO\AllSolutions\..\SC\Components\RemoteViewer\SmartClient\tst\zSmartClient_UnitTest\bin\x64\Debug\net6.0-windows\zSmartClient_UnitTest.dll" adapterTypeName="executor://mstestadapter/v2" className="SmartClient_UnitTest.VideoOS.RemoteClient.GisMapData.Resources.MicrophoneOemResourcesProviderTests" name="GetMutedMicrophoneIconId_ShouldReturnValidMutedMicrophoneIconId_WhenValidUnmutedMicrophoneIconIdIsProvided" />
    </UnitTest>
    <UnitTest name="RenameDeviceTest" storage="d:\actions-runner\_work\xpco\xpco\allsolutions\..\sc\components\remoteviewer\smartclient\tst\zsmartclient_unittest\bin\x64\debug\net6.0-windows\zsmartclient_unittest.dll" id="3460e6f3-0dd6-9361-76e4-41731c8ee6fa">
      <Execution id="aa73b0a9-ca62-4e19-960d-60b6b7e44918" />
      <TestMethod codeBase="D:\actions-runner\_work\XPCO\XPCO\AllSolutions\..\SC\Components\RemoteViewer\SmartClient\tst\zSmartClient_UnitTest\bin\x64\Debug\net6.0-windows\zSmartClient_UnitTest.dll" adapterTypeName="executor://mstestadapter/v2" className="SmartClient_UnitTest.VideoOS.Shared.ServerAPI.IServerConfigurationTest" name="RenameDeviceTest" />
    </UnitTest>
    <UnitTest name="FocusedSearchResultChanged_CameraNotOnMap_NavigateToHomeAndShowWarning" storage="d:\actions-runner\_work\xpco\xpco\allsolutions\..\sc\components\remoteviewer\smartclient\tst\zsmartclient_unittest\bin\x64\debug\net6.0-windows\zsmartclient_unittest.dll" id="2b329938-e3b1-01ad-a60f-47df5d0a331f">
      <TestCategory>
        <TestCategoryItem TestCategory="Search.SmartMapPreview" />
      </TestCategory>
      <Execution id="0ca2a3d7-d563-4808-add0-854e86c1dbf1" />
      <TestMethod codeBase="D:\actions-runner\_work\XPCO\XPCO\AllSolutions\..\SC\Components\RemoteViewer\SmartClient\tst\zSmartClient_UnitTest\bin\x64\Debug\net6.0-windows\zSmartClient_UnitTest.dll" adapterTypeName="executor://mstestadapter/v2" className="SmartClient_UnitTest.VideoOS.RemoteClient.Plugin.CentralizedSearch.Views.Controls.SmartMap.SmartMapPreviewTests" name="FocusedSearchResultChanged_CameraNotOnMap_NavigateToHomeAndShowWarning" />
    </UnitTest>
    <UnitTest name="GetServerGroups_ShouldReturnServerGroupsType" storage="d:\actions-runner\_work\xpco\xpco\allsolutions\..\sc\components\remoteviewer\smartclient\tst\zsmartclient_unittest\bin\x64\debug\net6.0-windows\zsmartclient_unittest.dll" id="8647f015-786e-4211-7702-95ed8f5c87dc">
      <Execution id="6f412937-5ea9-4ef3-8531-1320aebf75d2" />
      <TestMethod codeBase="D:\actions-runner\_work\XPCO\XPCO\AllSolutions\..\SC\Components\RemoteViewer\SmartClient\tst\zSmartClient_UnitTest\bin\x64\Debug\net6.0-windows\zSmartClient_UnitTest.dll" adapterTypeName="executor://mstestadapter/v2" className="SmartClient_UnitTest.VideoOS.RemoteClient.Application.Data.ContentTypes.ReportingContentType.DashboardExtentionsTest" name="GetServerGroups_ShouldReturnServerGroupsType" />
    </UnitTest>
    <UnitTest name="IsMicrophoneDisabled_ShouldBeFalse_WhenMicrophoneIsEnabled" storage="d:\actions-runner\_work\xpco\xpco\allsolutions\..\sc\components\remoteviewer\smartclient\tst\zsmartclient_unittest\bin\x64\debug\net6.0-windows\zsmartclient_unittest.dll" id="5a8fb903-2861-1882-49ca-4356404c3995">
      <TestCategory>
        <TestCategoryItem TestCategory="GisMapData.MapLayers" />
      </TestCategory>
      <Execution id="aad66a6d-e300-423c-b6ea-ffd5bc8a8a0e" />
      <TestMethod codeBase="D:\actions-runner\_work\XPCO\XPCO\AllSolutions\..\SC\Components\RemoteViewer\SmartClient\tst\zSmartClient_UnitTest\bin\x64\Debug\net6.0-windows\zSmartClient_UnitTest.dll" adapterTypeName="executor://mstestadapter/v2" className="SmartClient_UnitTest.VideoOS.RemoteClient.GisMapData.MapLayers.MicrophoneItemsMapLayerTests" name="IsMicrophoneDisabled_ShouldBeFalse_WhenMicrophoneIsEnabled" />
    </UnitTest>
    <UnitTest name="TestGetWorkroom_ByWorkSpaceId_Success" storage="d:\actions-runner\_work\xpco\xpco\allsolutions\..\sc\components\remoteviewer\smartclient\tst\zsmartclient_unittest\bin\x64\debug\net6.0-windows\zsmartclient_unittest.dll" id="3a44bf9a-8ca0-1e46-e5d0-584bd0cbe223">
      <TestCategory>
        <TestCategoryItem TestCategory="WorkroomController" />
      </TestCategory>
      <Execution id="15ae8a74-45e8-4d9e-90d5-1a77a4b2e631" />
      <TestMethod codeBase="D:\actions-runner\_work\XPCO\XPCO\AllSolutions\..\SC\Components\RemoteViewer\SmartClient\tst\zSmartClient_UnitTest\bin\x64\Debug\net6.0-windows\zSmartClient_UnitTest.dll" adapterTypeName="executor://mstestadapter/v2" className="VideoOS.RemoteClient.Application.Controllers.WorkroomController.UnitTest.TabWorkroomControllerTest" name="TestGetWorkroom_ByWorkSpaceId_Success" />
    </UnitTest>
    <UnitTest name="Execute_NoCommand_DialogResultReturnsFalse" storage="d:\actions-runner\_work\xpco\xpco\allsolutions\..\sc\components\remoteviewer\smartclient\tst\zsmartclient_unittest\bin\x64\debug\net6.0-windows\zsmartclient_unittest.dll" id="156bd96a-a805-e045-2ce9-1615a20e29fa">
      <Execution id="452eb515-5636-426c-ae1c-0512a14a177e" />
      <TestMethod codeBase="D:\actions-runner\_work\XPCO\XPCO\AllSolutions\..\SC\Components\RemoteViewer\SmartClient\tst\zSmartClient_UnitTest\bin\x64\Debug\net6.0-windows\zSmartClient_UnitTest.dll" adapterTypeName="executor://mstestadapter/v2" className="SmartClient_UnitTest.VideoOS.RemoteClient.Application.UI.Common.MessageBoxWithList.MessageBoxWithListViewModelTests" name="Execute_NoCommand_DialogResultReturnsFalse" />
    </UnitTest>
    <UnitTest name="SaveSearchTemplateAsync_ActiveAndSaveFails_Success" storage="d:\actions-runner\_work\xpco\xpco\allsolutions\..\sc\components\remoteviewer\smartclient\tst\zsmartclient_unittest\bin\x64\debug\net6.0-windows\zsmartclient_unittest.dll" id="7e66b483-7a2b-eb7e-b3f4-08fdb2d87edb">
      <TestCategory>
        <TestCategoryItem TestCategory="SearchTemplates" />
      </TestCategory>
      <Execution id="36074655-a956-472e-84c9-4e58936d27bd" />
      <TestMethod codeBase="D:\actions-runner\_work\XPCO\XPCO\AllSolutions\..\SC\Components\RemoteViewer\SmartClient\tst\zSmartClient_UnitTest\bin\x64\Debug\net6.0-windows\zSmartClient_UnitTest.dll" adapterTypeName="executor://mstestadapter/v2" className="SmartClient_UnitTest.VideoOS.RemoteClient.Plugin.CentralizedSearch.SearchTemplates.SearchTemplateManagerTests" name="SaveSearchTemplateAsync_ActiveAndSaveFails_Success" />
    </UnitTest>
    <UnitTest name="ScWorkSpaceModeChangedEvent_ShouldSetDeviceIsDisabledToFalse_WhenSwitchingToLiveModeAndDeviceIsDisabled" storage="d:\actions-runner\_work\xpco\xpco\allsolutions\..\sc\components\remoteviewer\smartclient\tst\zsmartclient_unittest\bin\x64\debug\net6.0-windows\zsmartclient_unittest.dll" id="5d25dc9f-b119-d464-f93e-42b850f6a1ac">
      <TestCategory>
        <TestCategoryItem TestCategory="GisMapData.MapLayers" />
      </TestCategory>
      <Execution id="46ed39ff-8b76-463f-94c9-ce7aae851000" />
      <TestMethod codeBase="D:\actions-runner\_work\XPCO\XPCO\AllSolutions\..\SC\Components\RemoteViewer\SmartClient\tst\zSmartClient_UnitTest\bin\x64\Debug\net6.0-windows\zSmartClient_UnitTest.dll" adapterTypeName="executor://mstestadapter/v2" className="SmartClient_UnitTest.VideoOS.RemoteClient.GisMapData.MapLayers.MicrophoneItemsMapLayerTests" name="ScWorkSpaceModeChangedEvent_ShouldSetDeviceIsDisabledToFalse_WhenSwitchingToLiveModeAndDeviceIsDisabled" />
    </UnitTest>
    <UnitTest name="TestForAssemblyCoverage" storage="d:\actions-runner\_work\xpco\xpco\allsolutions\..\sc\components\remoteviewer\smartclient\tst\zsmartclient_unittest\bin\x64\debug\net6.0-windows\zsmartclient_unittest.dll" id="3682e780-aa17-fe02-e0c3-3a38eee876d9">
      <Execution id="344273b7-acb2-44f7-a741-ffc59f479483" />
      <TestMethod codeBase="D:\actions-runner\_work\XPCO\XPCO\AllSolutions\..\SC\Components\RemoteViewer\SmartClient\tst\zSmartClient_UnitTest\bin\x64\Debug\net6.0-windows\zSmartClient_UnitTest.dll" adapterTypeName="executor://mstestadapter/v2" className="SmartClient_UnitTest.VideoOS.Common.MulticastRegistration.UnitTest1" name="TestForAssemblyCoverage" />
    </UnitTest>
    <UnitTest name="UpdateHomeLocationInModel_NoUpdate_Succes" storage="d:\actions-runner\_work\xpco\xpco\allsolutions\..\sc\components\remoteviewer\smartclient\tst\zsmartclient_unittest\bin\x64\debug\net6.0-windows\zsmartclient_unittest.dll" id="71b3373f-dea8-3cfe-2919-2c270031d8d7">
      <TestCategory>
        <TestCategoryItem TestCategory="GisMapContentHolderTests" />
      </TestCategory>
      <Execution id="fdabf1af-c184-4ffc-bfed-f8c1f2d9f14f" />
      <TestMethod codeBase="D:\actions-runner\_work\XPCO\XPCO\AllSolutions\..\SC\Components\RemoteViewer\SmartClient\tst\zSmartClient_UnitTest\bin\x64\Debug\net6.0-windows\zSmartClient_UnitTest.dll" adapterTypeName="executor://mstestadapter/v2" className="SmartClient_UnitTest.VideoOS.RemoteClient.Plugin.GisMap.ContentHolderTests" name="UpdateHomeLocationInModel_NoUpdate_Succes" />
    </UnitTest>
    <UnitTest name="DateToStringConverter_MultiConvertBack_Fail" storage="d:\actions-runner\_work\xpco\xpco\allsolutions\..\sc\components\remoteviewer\smartclient\tst\zsmartclient_unittest\bin\x64\debug\net6.0-windows\zsmartclient_unittest.dll" id="e91df096-2318-b52c-fe1f-08261834359a">
      <TestCategory>
        <TestCategoryItem TestCategory="SearchConverter" />
      </TestCategory>
      <Execution id="30eed126-6f37-4043-ae05-c375b04a7061" />
      <TestMethod codeBase="D:\actions-runner\_work\XPCO\XPCO\AllSolutions\..\SC\Components\RemoteViewer\SmartClient\tst\zSmartClient_UnitTest\bin\x64\Debug\net6.0-windows\zSmartClient_UnitTest.dll" adapterTypeName="executor://mstestadapter/v2" className="SmartClient_UnitTest.VideoOS.RemoteClient.Plugin.CentralizedSearch.Views.Converters.DurationToStringConverterTests" name="DateToStringConverter_MultiConvertBack_Fail" />
    </UnitTest>
    <UnitTest name="DeviceIcons_ShouldNotBeEmpty_WhenCalled" storage="d:\actions-runner\_work\xpco\xpco\allsolutions\..\sc\components\remoteviewer\smartclient\tst\zsmartclient_unittest\bin\x64\debug\net6.0-windows\zsmartclient_unittest.dll" id="2720977a-3c1d-8925-ae8c-f10491ee0903">
      <TestCategory>
        <TestCategoryItem TestCategory="GisMapData.CameraOemResourcesProviderTests" />
      </TestCategory>
      <Execution id="ea7c7429-c758-45a6-8b24-e0b2ca721664" />
      <TestMethod codeBase="D:\actions-runner\_work\XPCO\XPCO\AllSolutions\..\SC\Components\RemoteViewer\SmartClient\tst\zSmartClient_UnitTest\bin\x64\Debug\net6.0-windows\zSmartClient_UnitTest.dll" adapterTypeName="executor://mstestadapter/v2" className="SmartClient_UnitTest.VideoOS.RemoteClient.GisMapData.Resources.CameraOemResourcesProviderTests" name="DeviceIcons_ShouldNotBeEmpty_WhenCalled" />
    </UnitTest>
    <UnitTest name="Dispose_NoActiveSearchResults_Success" storage="d:\actions-runner\_work\xpco\xpco\allsolutions\..\sc\components\remoteviewer\smartclient\tst\zsmartclient_unittest\bin\x64\debug\net6.0-windows\zsmartclient_unittest.dll" id="1b422f57-785f-39b3-2e48-19335b37060e">
      <TestCategory>
        <TestCategoryItem TestCategory="SearchModels" />
      </TestCategory>
      <Execution id="3624eaf2-65d0-4493-9336-108dbee604da" />
      <TestMethod codeBase="D:\actions-runner\_work\XPCO\XPCO\AllSolutions\..\SC\Components\RemoteViewer\SmartClient\tst\zSmartClient_UnitTest\bin\x64\Debug\net6.0-windows\zSmartClient_UnitTest.dll" adapterTypeName="executor://mstestadapter/v2" className="SmartClient_UnitTest.VideoOS.RemoteClient.Plugin.CentralizedSearch.Models.SearchModelTests" name="Dispose_NoActiveSearchResults_Success" />
    </UnitTest>
    <UnitTest name="IsMicrophoneEnabled_ShouldBeFalse_WhenMicrophoneIsDisabled" storage="d:\actions-runner\_work\xpco\xpco\allsolutions\..\sc\components\remoteviewer\smartclient\tst\zsmartclient_unittest\bin\x64\debug\net6.0-windows\zsmartclient_unittest.dll" id="f8c8d11d-62f5-abc3-7817-a973cfa3607a">
      <TestCategory>
        <TestCategoryItem TestCategory="GisMapData.MapLayers" />
      </TestCategory>
      <Execution id="ccc75ff9-1cf4-4d45-8bca-90c8642fb279" />
      <TestMethod codeBase="D:\actions-runner\_work\XPCO\XPCO\AllSolutions\..\SC\Components\RemoteViewer\SmartClient\tst\zSmartClient_UnitTest\bin\x64\Debug\net6.0-windows\zSmartClient_UnitTest.dll" adapterTypeName="executor://mstestadapter/v2" className="SmartClient_UnitTest.VideoOS.RemoteClient.GisMapData.MapLayers.MicrophoneItemsMapLayerTests" name="IsMicrophoneEnabled_ShouldBeFalse_WhenMicrophoneIsDisabled" />
    </UnitTest>
    <UnitTest name="TryGetOsmServerTileAddress_ShouldReturnFalse_WhenOsmServerAddressIsNull" storage="d:\actions-runner\_work\xpco\xpco\allsolutions\..\sc\components\remoteviewer\smartclient\tst\zsmartclient_unittest\bin\x64\debug\net6.0-windows\zsmartclient_unittest.dll" id="744b677d-0c71-fc1a-e1ca-cb97cabb4a84">
      <TestCategory>
        <TestCategoryItem TestCategory="GisMapData.Controllers.Osm" />
      </TestCategory>
      <Execution id="d649e829-e174-4693-9367-f73c7c0b18cd" />
      <TestMethod codeBase="D:\actions-runner\_work\XPCO\XPCO\AllSolutions\..\SC\Components\RemoteViewer\SmartClient\tst\zSmartClient_UnitTest\bin\x64\Debug\net6.0-windows\zSmartClient_UnitTest.dll" adapterTypeName="executor://mstestadapter/v2" className="SmartClient_UnitTest.VideoOS.RemoteClient.GisMapData.Controllers.Osm.GisMapOsmControllerTests" name="TryGetOsmServerTileAddress_ShouldReturnFalse_WhenOsmServerAddressIsNull" />
    </UnitTest>
    <UnitTest name="ConnectSlave_FailToConnectAndAllowingSecureConnection_ShouldReturnFalse" storage="d:\actions-runner\_work\xpco\xpco\allsolutions\..\sc\components\remoteviewer\smartclient\tst\zsmartclient_unittest\bin\x64\debug\net6.0-windows\zsmartclient_unittest.dll" id="680b5a30-8d08-87c3-1561-38e60980ac40">
      <Execution id="9159489f-8dc8-4e2e-8b5e-b867c362670f" />
      <TestMethod codeBase="D:\actions-runner\_work\XPCO\XPCO\AllSolutions\..\SC\Components\RemoteViewer\SmartClient\tst\zSmartClient_UnitTest\bin\x64\Debug\net6.0-windows\zSmartClient_UnitTest.dll" adapterTypeName="executor://mstestadapter/v2" className="VideoOS.Shared.ServerAPI.VMOViewerClientFacade.UnitTest.VMOViewerClientFacadeTests" name="ConnectSlave_FailToConnectAndAllowingSecureConnection_ShouldReturnFalse" />
    </UnitTest>
    <UnitTest name="Ctor_ShouldThrowException_WhenServerAuthenticationIsUnknown" storage="d:\actions-runner\_work\xpco\xpco\allsolutions\..\sc\components\remoteviewer\smartclient\tst\zsmartclient_unittest\bin\x64\debug\net6.0-windows\zsmartclient_unittest.dll" id="08e5fbd3-af06-8bc6-9a21-3f68283f610d">
      <TestCategory>
        <TestCategoryItem TestCategory="Authentication.ClientCredentials" />
      </TestCategory>
      <Execution id="c909ee77-f74c-4c20-a3bb-59569cadec8c" />
      <TestMethod codeBase="D:\actions-runner\_work\XPCO\XPCO\AllSolutions\..\SC\Components\RemoteViewer\SmartClient\tst\zSmartClient_UnitTest\bin\x64\Debug\net6.0-windows\zSmartClient_UnitTest.dll" adapterTypeName="executor://mstestadapter/v2" className="SmartClient_UnitTest.VideoOS.Shared.ServerAPI.ClientCredentialsTest" name="Ctor_ShouldThrowException_WhenServerAuthenticationIsUnknown" />
    </UnitTest>
    <UnitTest name="MaxRegionsAllowed_ShouldBeIntMaxValue_WhenProvidedMaxIsZero" storage="d:\actions-runner\_work\xpco\xpco\allsolutions\..\sc\components\remoteviewer\smartclient\tst\zsmartclient_unittest\bin\x64\debug\net6.0-windows\zsmartclient_unittest.dll" id="ede7971d-d588-349a-0279-c271f7ada06e">
      <TestCategory>
        <TestCategoryItem TestCategory="Search.Filters.ViewModels" />
      </TestCategory>
      <Execution id="4fe6f0e9-47cf-4b0a-b774-ec26226d507d" />
      <TestMethod codeBase="D:\actions-runner\_work\XPCO\XPCO\AllSolutions\..\SC\Components\RemoteViewer\SmartClient\tst\zSmartClient_UnitTest\bin\x64\Debug\net6.0-windows\zSmartClient_UnitTest.dll" adapterTypeName="executor://mstestadapter/v2" className="SmartClient_UnitTest.VideoOS.RemoteClient.Plugin.CentralizedSearch.MIPPlugin.Criteria.ViewModels.RegionSelectionCameraListItemHelperTests" name="MaxRegionsAllowed_ShouldBeIntMaxValue_WhenProvidedMaxIsZero" />
    </UnitTest>
    <UnitTest name="MicrophoneItemsLayer_NotIsGeographic_Load_Success" storage="d:\actions-runner\_work\xpco\xpco\allsolutions\..\sc\components\remoteviewer\smartclient\tst\zsmartclient_unittest\bin\x64\debug\net6.0-windows\zsmartclient_unittest.dll" id="f8f6e293-a84f-8369-75b0-8cd14fb32ce3">
      <TestCategory>
        <TestCategoryItem TestCategory="GisMapLayer" />
      </TestCategory>
      <Execution id="acb30f5f-e44e-44a6-a3c9-93093b066911" />
      <TestMethod codeBase="D:\actions-runner\_work\XPCO\XPCO\AllSolutions\..\SC\Components\RemoteViewer\SmartClient\tst\zSmartClient_UnitTest\bin\x64\Debug\net6.0-windows\zSmartClient_UnitTest.dll" adapterTypeName="executor://mstestadapter/v2" className="SmartClient_UnitTest.VideoOS.RemoteClient.GisMap.MapLayers.GisMapLayerTests" name="MicrophoneItemsLayer_NotIsGeographic_Load_Success" />
    </UnitTest>
    <UnitTest name="PatrollingProfileListViewModel_Save_DeleteProfile_Failed" storage="d:\actions-runner\_work\xpco\xpco\allsolutions\..\sc\components\remoteviewer\smartclient\tst\zsmartclient_unittest\bin\x64\debug\net6.0-windows\zsmartclient_unittest.dll" id="b9fc609a-8ca2-2be6-d0e9-1319545fa745">
      <Execution id="601be313-675c-4ee4-a156-6363735c3907" />
      <TestMethod codeBase="D:\actions-runner\_work\XPCO\XPCO\AllSolutions\..\SC\Components\RemoteViewer\SmartClient\tst\zSmartClient_UnitTest\bin\x64\Debug\net6.0-windows\zSmartClient_UnitTest.dll" adapterTypeName="executor://mstestadapter/v2" className="SmartClient_UnitTest.VideoOS.RemoteClient.Application.UI.PtzPreset.PatrollingViewModel.PatrollingProfileListViewModelTest" name="PatrollingProfileListViewModel_Save_DeleteProfile_Failed" />
    </UnitTest>
    <UnitTest name="IconTooltip_ShouldBeValid_WhenInteractionStateIsAddMicrophone" storage="d:\actions-runner\_work\xpco\xpco\allsolutions\..\sc\components\remoteviewer\smartclient\tst\zsmartclient_unittest\bin\x64\debug\net6.0-windows\zsmartclient_unittest.dll" id="c01b7aad-2de6-9625-9d52-27adc6cc7bd7">
      <TestCategory>
        <TestCategoryItem TestCategory="GisMap.UI.DeviceSelectors.PanelComponents" />
      </TestCategory>
      <Execution id="e2607627-2146-4853-884f-97043b465467" />
      <TestMethod codeBase="D:\actions-runner\_work\XPCO\XPCO\AllSolutions\..\SC\Components\RemoteViewer\SmartClient\tst\zSmartClient_UnitTest\bin\x64\Debug\net6.0-windows\zSmartClient_UnitTest.dll" adapterTypeName="executor://mstestadapter/v2" className="SmartClient_UnitTest.VideoOS.RemoteClient.Plugin.GisMap.UI.DeviceSelectors.PanelComponents.DeviceSelectorPanelComponentTests" name="IconTooltip_ShouldBeValid_WhenInteractionStateIsAddMicrophone" />
    </UnitTest>
    <UnitTest name="Combine_ShouldPassAllHardcodedEdgeCaseTests" storage="d:\actions-runner\_work\xpco\xpco\allsolutions\..\sc\components\remoteviewer\smartclient\tst\zsmartclient_unittest\bin\x64\debug\net6.0-windows\zsmartclient_unittest.dll" id="79dc6ade-1fb5-e53a-3895-120821ee0ad1">
      <Execution id="889592e2-6f55-41ad-afd3-44e692c01cf9" />
      <TestMethod codeBase="D:\actions-runner\_work\XPCO\XPCO\AllSolutions\..\SC\Components\RemoteViewer\SmartClient\tst\zSmartClient_UnitTest\bin\x64\Debug\net6.0-windows\zSmartClient_UnitTest.dll" adapterTypeName="executor://mstestadapter/v2" className="SmartClient_UnitTest.VideoOS.RemoteClient.Plugin.CentralizedSearch.Models.Combiners.SearchResultCombinerTests" name="Combine_ShouldPassAllHardcodedEdgeCaseTests" />
    </UnitTest>
    <UnitTest name="WorkspaceToolBarItemEdgeRetrieve_ShouldGoIntoSelectionMode_WhenNotInSelectionMode" storage="d:\actions-runner\_work\xpco\xpco\allsolutions\..\sc\components\remoteviewer\smartclient\tst\zsmartclient_unittest\bin\x64\debug\net6.0-windows\zsmartclient_unittest.dll" id="e9871a8e-a7b1-7767-3712-747754e9915c">
      <Execution id="a02fa72b-0033-4bfd-b6cf-31e9ed3af553" />
      <TestMethod codeBase="D:\actions-runner\_work\XPCO\XPCO\AllSolutions\..\SC\Components\RemoteViewer\SmartClient\tst\zSmartClient_UnitTest\bin\x64\Debug\net6.0-windows\zSmartClient_UnitTest.dll" adapterTypeName="executor://mstestadapter/v2" className="SmartClient_UnitTest.VideoOS.RemoteClient.Application.Data.WorkspaceToolbar.WorkspaceToolbarItemsTimelineSelectionModeTests" name="WorkspaceToolBarItemEdgeRetrieve_ShouldGoIntoSelectionMode_WhenNotInSelectionMode" />
    </UnitTest>
    <UnitTest name="Unrelated_device_unchanged_when_camera_with_same_related_device_added" storage="d:\actions-runner\_work\xpco\xpco\allsolutions\..\sc\components\remoteviewer\smartclient\tst\zsmartclient_unittest\bin\x64\debug\net6.0-windows\zsmartclient_unittest.dll" id="6ea25a13-961a-d8b8-8741-00e7f42d7603">
      <Execution id="24ea291e-11c0-4dbd-b31c-6dde015292c1" />
      <TestMethod codeBase="D:\actions-runner\_work\XPCO\XPCO\AllSolutions\..\SC\Components\RemoteViewer\SmartClient\tst\zSmartClient_UnitTest\bin\x64\Debug\net6.0-windows\zSmartClient_UnitTest.dll" adapterTypeName="executor://mstestadapter/v2" className="SmartClient_UnitTest.VideoOS.RemoteClient.Application.Components.EvidenceLock.EvidenceLockRelatedDeviceTests" name="Unrelated_device_unchanged_when_camera_with_same_related_device_added" />
    </UnitTest>
    <UnitTest name="ActiveInteractionStateBinding_ShouldOnlyContainNormal_WhenCtorIsCalled" storage="d:\actions-runner\_work\xpco\xpco\allsolutions\..\sc\components\remoteviewer\smartclient\tst\zsmartclient_unittest\bin\x64\debug\net6.0-windows\zsmartclient_unittest.dll" id="dd8d755a-3eba-5a94-2039-0ce20505a681">
      <TestCategory>
        <TestCategoryItem TestCategory="GisMap.LocationMarker" />
      </TestCategory>
      <Execution id="2b01cb1d-1d6b-4b6d-ae0b-0130ffa01e8a" />
      <TestMethod codeBase="D:\actions-runner\_work\XPCO\XPCO\AllSolutions\..\SC\Components\RemoteViewer\SmartClient\tst\zSmartClient_UnitTest\bin\x64\Debug\net6.0-windows\zSmartClient_UnitTest.dll" adapterTypeName="executor://mstestadapter/v2" className="SmartClient_UnitTest.VideoOS.RemoteClient.Plugin.GisMap.ThinkGeoMap.Markers.LocationMarker.LocationMarkerTests" name="ActiveInteractionStateBinding_ShouldOnlyContainNormal_WhenCtorIsCalled" />
    </UnitTest>
    <UnitTest name="GetSearchReportDialog_SelectedSearchResults_Null_Failure" storage="d:\actions-runner\_work\xpco\xpco\allsolutions\..\sc\components\remoteviewer\smartclient\tst\zsmartclient_unittest\bin\x64\debug\net6.0-windows\zsmartclient_unittest.dll" id="5175ef0f-a0f9-284b-e221-701056f8c5c0">
      <TestCategory>
        <TestCategoryItem TestCategory="Search" />
      </TestCategory>
      <Execution id="152a1af2-7d39-485a-807f-90e801c4be28" />
      <TestMethod codeBase="D:\actions-runner\_work\XPCO\XPCO\AllSolutions\..\SC\Components\RemoteViewer\SmartClient\tst\zSmartClient_UnitTest\bin\x64\Debug\net6.0-windows\zSmartClient_UnitTest.dll" adapterTypeName="executor://mstestadapter/v2" className="SmartClient_UnitTest.VideoOS.RemoteClient.Plugin.CentralizedSearch.ViewModels.Utility.SearchReportHandlerTests" name="GetSearchReportDialog_SelectedSearchResults_Null_Failure" />
    </UnitTest>
    <UnitTest name="BuildMapOptions_ShouldHandleSecretStringOptionsCorrectly (GisMapBingMapKey,,False)" storage="d:\actions-runner\_work\xpco\xpco\allsolutions\..\sc\components\remoteviewer\smartclient\tst\zsmartclient_unittest\bin\x64\debug\net6.0-windows\zsmartclient_unittest.dll" id="a8a4e835-940f-7215-5269-967ee52ddfcd">
      <Execution id="e7d55615-7a85-4dab-b9aa-e000b7d15141" />
      <TestMethod codeBase="D:\actions-runner\_work\XPCO\XPCO\AllSolutions\..\SC\Components\RemoteViewer\SmartClient\tst\zSmartClient_UnitTest\bin\x64\Debug\net6.0-windows\zSmartClient_UnitTest.dll" adapterTypeName="executor://mstestadapter/v2" className="SmartClient_UnitTest.VideoOS.RemoteClient.Application.Common.Telemetry.TelemetryBuilderTests" name="BuildMapOptions_ShouldHandleSecretStringOptionsCorrectly" />
    </UnitTest>
    <UnitTest name="IOState_ShouldYieldSameValuesForAllEnumValues_WhenRoundTripConverted (Deactivated,Deactivated)" storage="d:\actions-runner\_work\xpco\xpco\allsolutions\..\sc\components\remoteviewer\smartclient\tst\zsmartclient_unittest\bin\x64\debug\net6.0-windows\zsmartclient_unittest.dll" id="82925021-fc8d-b0e6-5578-b84c5fa8b18a">
      <TestCategory>
        <TestCategoryItem TestCategory="RecorderProxyToDtoMapping" />
      </TestCategory>
      <Execution id="58e4ae83-4a64-4801-94d5-1eb0c8da7549" />
      <TestMethod codeBase="D:\actions-runner\_work\XPCO\XPCO\AllSolutions\..\SC\Components\RemoteViewer\SmartClient\tst\zSmartClient_UnitTest\bin\x64\Debug\net6.0-windows\zSmartClient_UnitTest.dll" adapterTypeName="executor://mstestadapter/v2" className="VideoOS.Shared.ServerAPI.SOAP.RecorderClientMappingTests" name="IOState_ShouldYieldSameValuesForAllEnumValues_WhenRoundTripConverted" />
    </UnitTest>
    <UnitTest name="PatrollingProfileListViewModel_CanExecuteDeleteProfile_No_Profile_Selected" storage="d:\actions-runner\_work\xpco\xpco\allsolutions\..\sc\components\remoteviewer\smartclient\tst\zsmartclient_unittest\bin\x64\debug\net6.0-windows\zsmartclient_unittest.dll" id="dfe3fd2e-b517-b2eb-b2e2-30f7a11293dd">
      <Execution id="1ac468f8-d2f1-4071-b15e-4676cbe66ff4" />
      <TestMethod codeBase="D:\actions-runner\_work\XPCO\XPCO\AllSolutions\..\SC\Components\RemoteViewer\SmartClient\tst\zSmartClient_UnitTest\bin\x64\Debug\net6.0-windows\zSmartClient_UnitTest.dll" adapterTypeName="executor://mstestadapter/v2" className="SmartClient_UnitTest.VideoOS.RemoteClient.Application.UI.PtzPreset.PatrollingViewModel.PatrollingProfileListViewModelTest" name="PatrollingProfileListViewModel_CanExecuteDeleteProfile_No_Profile_Selected" />
    </UnitTest>
    <UnitTest name="TestLoadAsyncWithNullDatagram_Failure" storage="d:\actions-runner\_work\xpco\xpco\allsolutions\..\sc\components\remoteviewer\smartclient\tst\zsmartclient_unittest\bin\x64\debug\net6.0-windows\zsmartclient_unittest.dll" id="7ed35012-584a-2fe3-a716-cd0afc4bf24c">
      <TestCategory>
        <TestCategoryItem TestCategory="GisMapBuilding" />
      </TestCategory>
      <Execution id="707b9364-bcb6-4424-8ba6-5367e025ec08" />
      <TestMethod codeBase="D:\actions-runner\_work\XPCO\XPCO\AllSolutions\..\SC\Components\RemoteViewer\SmartClient\tst\zSmartClient_UnitTest\bin\x64\Debug\net6.0-windows\zSmartClient_UnitTest.dll" adapterTypeName="executor://mstestadapter/v2" className="SmartClient_UnitTest.VideoOS.RemoteClient.GisMap.MapBuildingTests" name="TestLoadAsyncWithNullDatagram_Failure" />
    </UnitTest>
    <UnitTest name="TryGetOsmServerTileAddress_ShouldReturnTrue_WhenOsmServerAddressIsValidUrl" storage="d:\actions-runner\_work\xpco\xpco\allsolutions\..\sc\components\remoteviewer\smartclient\tst\zsmartclient_unittest\bin\x64\debug\net6.0-windows\zsmartclient_unittest.dll" id="00f0e371-214b-3362-fe49-cbc53292d7d9">
      <TestCategory>
        <TestCategoryItem TestCategory="GisMapData.Controllers.Osm" />
      </TestCategory>
      <Execution id="56fd770c-ee0d-4942-a8b7-393198b0192e" />
      <TestMethod codeBase="D:\actions-runner\_work\XPCO\XPCO\AllSolutions\..\SC\Components\RemoteViewer\SmartClient\tst\zSmartClient_UnitTest\bin\x64\Debug\net6.0-windows\zSmartClient_UnitTest.dll" adapterTypeName="executor://mstestadapter/v2" className="SmartClient_UnitTest.VideoOS.RemoteClient.GisMapData.Controllers.Osm.GisMapOsmControllerTests" name="TryGetOsmServerTileAddress_ShouldReturnTrue_WhenOsmServerAddressIsValidUrl" />
    </UnitTest>
    <UnitTest name="CreateGeometry_FourCornerBuilding_Success" storage="d:\actions-runner\_work\xpco\xpco\allsolutions\..\sc\components\remoteviewer\smartclient\tst\zsmartclient_unittest\bin\x64\debug\net6.0-windows\zsmartclient_unittest.dll" id="a4f00ade-c810-bdc2-a419-06f9196522bd">
      <TestCategory>
        <TestCategoryItem TestCategory="GisMapIndex" />
      </TestCategory>
      <Execution id="439819b6-60f5-41fe-bb2e-76e50f8d805c" />
      <TestMethod codeBase="D:\actions-runner\_work\XPCO\XPCO\AllSolutions\..\SC\Components\RemoteViewer\SmartClient\tst\zSmartClient_UnitTest\bin\x64\Debug\net6.0-windows\zSmartClient_UnitTest.dll" adapterTypeName="executor://mstestadapter/v2" className="SmartClient_UnitTest.VideoOS.RemoteClient.GisMapData.Common.Indexer.IndexUtilTests" name="CreateGeometry_FourCornerBuilding_Success" />
    </UnitTest>
    <UnitTest name="GetLayerFeatures_ShouldReturnCameraLayerFeaturesBasedOnCameraItemsMapLayer_WhenCameraKind" storage="d:\actions-runner\_work\xpco\xpco\allsolutions\..\sc\components\remoteviewer\smartclient\tst\zsmartclient_unittest\bin\x64\debug\net6.0-windows\zsmartclient_unittest.dll" id="651e8dde-0b5e-5bed-5256-d6a71b2a59d0">
      <TestCategory>
        <TestCategoryItem TestCategory="GisMapData.Controllers.LayerFeatures" />
      </TestCategory>
      <Execution id="6c4c222a-f5fa-4945-86c7-aa03649a7437" />
      <TestMethod codeBase="D:\actions-runner\_work\XPCO\XPCO\AllSolutions\..\SC\Components\RemoteViewer\SmartClient\tst\zSmartClient_UnitTest\bin\x64\Debug\net6.0-windows\zSmartClient_UnitTest.dll" adapterTypeName="executor://mstestadapter/v2" className="SmartClient_UnitTest.VideoOS.RemoteClient.GisMapData.Controllers.LayerFeatures.LayerFeaturesControllerTests" name="GetLayerFeatures_ShouldReturnCameraLayerFeaturesBasedOnCameraItemsMapLayer_WhenCameraKind" />
    </UnitTest>
    <UnitTest name="IconResourceKey_ShouldBeValid_WhenInteractionStateIsAddMicrophone" storage="d:\actions-runner\_work\xpco\xpco\allsolutions\..\sc\components\remoteviewer\smartclient\tst\zsmartclient_unittest\bin\x64\debug\net6.0-windows\zsmartclient_unittest.dll" id="f6638888-72f9-3abc-824d-07e5504a43a5">
      <TestCategory>
        <TestCategoryItem TestCategory="GisMap.UI.DeviceSelectors.PanelComponents" />
      </TestCategory>
      <Execution id="efe7f7f2-d328-4313-90de-284cae2f6737" />
      <TestMethod codeBase="D:\actions-runner\_work\XPCO\XPCO\AllSolutions\..\SC\Components\RemoteViewer\SmartClient\tst\zSmartClient_UnitTest\bin\x64\Debug\net6.0-windows\zSmartClient_UnitTest.dll" adapterTypeName="executor://mstestadapter/v2" className="SmartClient_UnitTest.VideoOS.RemoteClient.Plugin.GisMap.UI.DeviceSelectors.PanelComponents.DeviceSelectorPanelComponentTests" name="IconResourceKey_ShouldBeValid_WhenInteractionStateIsAddMicrophone" />
    </UnitTest>
    <UnitTest name="RequiredGuidProviderStrategies_ShouldHaveOneMd5AndOneSHA1Strategy_WhenEventServerIdsAreNonFipsCompliantAndFipsCompliant" storage="d:\actions-runner\_work\xpco\xpco\allsolutions\..\sc\components\remoteviewer\smartclient\tst\zsmartclient_unittest\bin\x64\debug\net6.0-windows\zsmartclient_unittest.dll" id="b45956e1-d5fa-0cc5-9bb7-ea079e1e5f1e">
      <TestCategory>
        <TestCategoryItem TestCategory="AccessControl.Services" />
      </TestCategory>
      <Execution id="1fe63561-2280-4639-bb95-8ef1a18035ed" />
      <TestMethod codeBase="D:\actions-runner\_work\XPCO\XPCO\AllSolutions\..\SC\Components\RemoteViewer\SmartClient\tst\zSmartClient_UnitTest\bin\x64\Debug\net6.0-windows\zSmartClient_UnitTest.dll" adapterTypeName="executor://mstestadapter/v2" className="SmartClient_UnitTest.VideoOS.RemoteClient.AccessControl.Services.AccessControlGuidProviderTests" name="RequiredGuidProviderStrategies_ShouldHaveOneMd5AndOneSHA1Strategy_WhenEventServerIdsAreNonFipsCompliantAndFipsCompliant" />
    </UnitTest>
    <UnitTest name="Compare_ShouldPrioritizeCombinedResultsWithMostSearchCategories_WhenResultsDoNotMatchTheSameNumberOfCategories" storage="d:\actions-runner\_work\xpco\xpco\allsolutions\..\sc\components\remoteviewer\smartclient\tst\zsmartclient_unittest\bin\x64\debug\net6.0-windows\zsmartclient_unittest.dll" id="ba03e836-1476-7d35-ae0b-6b2da7f85509">
      <TestCategory>
        <TestCategoryItem TestCategory="SearchComparers" />
      </TestCategory>
      <Execution id="8734c8be-f81a-420d-bb42-59ccf44f463f" />
      <TestMethod codeBase="D:\actions-runner\_work\XPCO\XPCO\AllSolutions\..\SC\Components\RemoteViewer\SmartClient\tst\zSmartClient_UnitTest\bin\x64\Debug\net6.0-windows\zSmartClient_UnitTest.dll" adapterTypeName="executor://mstestadapter/v2" className="SmartClient_UnitTest.VideoOS.RemoteClient.Plugin.CentralizedSearch.Models.Wrappers.Comparers.RelevanceComparerTests" name="Compare_ShouldPrioritizeCombinedResultsWithMostSearchCategories_WhenResultsDoNotMatchTheSameNumberOfCategories" />
    </UnitTest>
    <UnitTest name="FetchDeviceConfiguration_ShouldLoadCache_WhenCacheFileIsPresent" storage="d:\actions-runner\_work\xpco\xpco\allsolutions\..\sc\components\remoteviewer\smartclient\tst\zsmartclient_unittest\bin\x64\debug\net6.0-windows\zsmartclient_unittest.dll" id="6e48d542-e9b0-81b3-6d86-e61f8dff61ca">
      <Execution id="980e1bcb-c6f1-4f73-9c90-ab3d11a48cb5" />
      <TestMethod codeBase="D:\actions-runner\_work\XPCO\XPCO\AllSolutions\..\SC\Components\RemoteViewer\SmartClient\tst\zSmartClient_UnitTest\bin\x64\Debug\net6.0-windows\zSmartClient_UnitTest.dll" adapterTypeName="executor://mstestadapter/v2" className="SmartClient_UnitTest.VideoOS.RemoteClient.Application.Controllers.Helpers.DeviceConfigurationFetcherTests" name="FetchDeviceConfiguration_ShouldLoadCache_WhenCacheFileIsPresent" />
    </UnitTest>
    <UnitTest name="SetIncludePartialResults_ShouldRespectResultsToReselect_WhenResultsToReselectIsNotEmpty" storage="d:\actions-runner\_work\xpco\xpco\allsolutions\..\sc\components\remoteviewer\smartclient\tst\zsmartclient_unittest\bin\x64\debug\net6.0-windows\zsmartclient_unittest.dll" id="4fb20969-8818-625a-fe73-6165a97fd7c8">
      <TestCategory>
        <TestCategoryItem TestCategory="SearchResultsPreprocessor" />
      </TestCategory>
      <Execution id="f06faf9f-789e-48b1-94f1-9eb6ccaa8db3" />
      <TestMethod codeBase="D:\actions-runner\_work\XPCO\XPCO\AllSolutions\..\SC\Components\RemoteViewer\SmartClient\tst\zSmartClient_UnitTest\bin\x64\Debug\net6.0-windows\zSmartClient_UnitTest.dll" adapterTypeName="executor://mstestadapter/v2" className="SmartClient_UnitTest.VideoOS.RemoteClient.Plugin.CentralizedSearch.Models.SearchResultsPreprocessorTests" name="SetIncludePartialResults_ShouldRespectResultsToReselect_WhenResultsToReselectIsNotEmpty" />
    </UnitTest>
    <UnitTest name="PopulateTooltip_ManyResultsFromFewCameras24Hours_ValidText" storage="d:\actions-runner\_work\xpco\xpco\allsolutions\..\sc\components\remoteviewer\smartclient\tst\zsmartclient_unittest\bin\x64\debug\net6.0-windows\zsmartclient_unittest.dll" id="b58eb60e-3eb1-72c6-0301-c9875128ee4e">
      <TestCategory>
        <TestCategoryItem TestCategory="SearchControls" />
      </TestCategory>
      <Execution id="1b3fd992-8bad-4806-ab4a-07d701edca4c" />
      <TestMethod codeBase="D:\actions-runner\_work\XPCO\XPCO\AllSolutions\..\SC\Components\RemoteViewer\SmartClient\tst\zSmartClient_UnitTest\bin\x64\Debug\net6.0-windows\zSmartClient_UnitTest.dll" adapterTypeName="executor://mstestadapter/v2" className="SmartClient_UnitTest.VideoOS.RemoteClient.Plugin.CentralizedSearch.Views.Controls.TimelineRuler.TimelineRulerControlTests" name="PopulateTooltip_ManyResultsFromFewCameras24Hours_ValidText" />
    </UnitTest>
    <UnitTest name="PatrollingStepViewModel_ConvertToIPatrollingStep" storage="d:\actions-runner\_work\xpco\xpco\allsolutions\..\sc\components\remoteviewer\smartclient\tst\zsmartclient_unittest\bin\x64\debug\net6.0-windows\zsmartclient_unittest.dll" id="aa78a0a1-2106-fb0e-c153-f9f2a07b5821">
      <Execution id="54c483fd-0e64-4f42-946c-f0c618873897" />
      <TestMethod codeBase="D:\actions-runner\_work\XPCO\XPCO\AllSolutions\..\SC\Components\RemoteViewer\SmartClient\tst\zSmartClient_UnitTest\bin\x64\Debug\net6.0-windows\zSmartClient_UnitTest.dll" adapterTypeName="executor://mstestadapter/v2" className="SmartClient_UnitTest.VideoOS.RemoteClient.Application.UI.PtzPreset.PatrollingViewModel.PatrollingStepViewModelTest" name="PatrollingStepViewModel_ConvertToIPatrollingStep" />
    </UnitTest>
    <UnitTest name="PopulateTooltip_ManyResultsFromSingleCamera24Hours_ValidText" storage="d:\actions-runner\_work\xpco\xpco\allsolutions\..\sc\components\remoteviewer\smartclient\tst\zsmartclient_unittest\bin\x64\debug\net6.0-windows\zsmartclient_unittest.dll" id="ae62f6d0-4efb-1563-b9f4-62dadf9c392c">
      <TestCategory>
        <TestCategoryItem TestCategory="SearchControls" />
      </TestCategory>
      <Execution id="b780c5f5-9d41-4c5c-b00d-9ab9f9b76e16" />
      <TestMethod codeBase="D:\actions-runner\_work\XPCO\XPCO\AllSolutions\..\SC\Components\RemoteViewer\SmartClient\tst\zSmartClient_UnitTest\bin\x64\Debug\net6.0-windows\zSmartClient_UnitTest.dll" adapterTypeName="executor://mstestadapter/v2" className="SmartClient_UnitTest.VideoOS.RemoteClient.Plugin.CentralizedSearch.Views.Controls.TimelineRuler.TimelineRulerControlTests" name="PopulateTooltip_ManyResultsFromSingleCamera24Hours_ValidText" />
    </UnitTest>
    <UnitTest name="SearchResultsActionBarActions_SelectedSearchResults_ExportActionEnabled" storage="d:\actions-runner\_work\xpco\xpco\allsolutions\..\sc\components\remoteviewer\smartclient\tst\zsmartclient_unittest\bin\x64\debug\net6.0-windows\zsmartclient_unittest.dll" id="feb3bdce-3024-5a59-89ff-b1ebe27d119c">
      <TestCategory>
        <TestCategoryItem TestCategory="SearchResultActionBarViewModel" />
      </TestCategory>
      <Execution id="a7cdc5bb-d347-44b0-a057-2aebc866d8c5" />
      <TestMethod codeBase="D:\actions-runner\_work\XPCO\XPCO\AllSolutions\..\SC\Components\RemoteViewer\SmartClient\tst\zSmartClient_UnitTest\bin\x64\Debug\net6.0-windows\zSmartClient_UnitTest.dll" adapterTypeName="executor://mstestadapter/v2" className="SmartClient_UnitTest.VideoOS.RemoteClient.Plugin.CentralizedSearch.ViewModels.SearchResultsActionBarViewModelTest" name="SearchResultsActionBarActions_SelectedSearchResults_ExportActionEnabled" />
    </UnitTest>
    <UnitTest name="FetchDeviceConfiguration_ShouldNotLoadCache_WhenCacheFileIsNotPresent" storage="d:\actions-runner\_work\xpco\xpco\allsolutions\..\sc\components\remoteviewer\smartclient\tst\zsmartclient_unittest\bin\x64\debug\net6.0-windows\zsmartclient_unittest.dll" id="9a208f53-2994-a17f-1d39-9e17cb2164bd">
      <Execution id="6af4c001-a3e3-49b2-9370-a4097569d366" />
      <TestMethod codeBase="D:\actions-runner\_work\XPCO\XPCO\AllSolutions\..\SC\Components\RemoteViewer\SmartClient\tst\zSmartClient_UnitTest\bin\x64\Debug\net6.0-windows\zSmartClient_UnitTest.dll" adapterTypeName="executor://mstestadapter/v2" className="SmartClient_UnitTest.VideoOS.RemoteClient.Application.Controllers.Helpers.DeviceConfigurationFetcherTests" name="FetchDeviceConfiguration_ShouldNotLoadCache_WhenCacheFileIsNotPresent" />
    </UnitTest>
    <UnitTest name="Ctor_NullPassedToNotNullParameters_Failure" storage="d:\actions-runner\_work\xpco\xpco\allsolutions\..\sc\components\remoteviewer\smartclient\tst\zsmartclient_unittest\bin\x64\debug\net6.0-windows\zsmartclient_unittest.dll" id="cad8e770-6b34-3ed1-d5b9-aff90025f291">
      <TestCategory>
        <TestCategoryItem TestCategory="SearchResultActionBarViewModel" />
      </TestCategory>
      <Execution id="c7240a01-9bea-4693-9b21-05873b1484f9" />
      <TestMethod codeBase="D:\actions-runner\_work\XPCO\XPCO\AllSolutions\..\SC\Components\RemoteViewer\SmartClient\tst\zSmartClient_UnitTest\bin\x64\Debug\net6.0-windows\zSmartClient_UnitTest.dll" adapterTypeName="executor://mstestadapter/v2" className="SmartClient_UnitTest.VideoOS.RemoteClient.Plugin.CentralizedSearch.ViewModels.SearchResultsActionBarViewModelTest" name="Ctor_NullPassedToNotNullParameters_Failure" />
    </UnitTest>
    <UnitTest name="Search_SingleCategory_FiltersUpdatedInSubDefinition" storage="d:\actions-runner\_work\xpco\xpco\allsolutions\..\sc\components\remoteviewer\smartclient\tst\zsmartclient_unittest\bin\x64\debug\net6.0-windows\zsmartclient_unittest.dll" id="4c20bf32-144e-f991-5a67-7f381a38b0ef">
      <TestCategory>
        <TestCategoryItem TestCategory="Search" />
      </TestCategory>
      <Execution id="9c81ebd0-9137-4935-ab32-ec185a55aefc" />
      <TestMethod codeBase="D:\actions-runner\_work\XPCO\XPCO\AllSolutions\..\SC\Components\RemoteViewer\SmartClient\tst\zSmartClient_UnitTest\bin\x64\Debug\net6.0-windows\zSmartClient_UnitTest.dll" adapterTypeName="executor://mstestadapter/v2" className="SmartClient_UnitTest.VideoOS.RemoteClient.Plugin.CentralizedSearch.MIPPlugin.CompositeSearchDefinitionTests" name="Search_SingleCategory_FiltersUpdatedInSubDefinition" />
    </UnitTest>
    <UnitTest name="SearchAction_BrowseMode_OneYearInThePast" storage="d:\actions-runner\_work\xpco\xpco\allsolutions\..\sc\components\remoteviewer\smartclient\tst\zsmartclient_unittest\bin\x64\debug\net6.0-windows\zsmartclient_unittest.dll" id="0fc9e9bc-717c-57dc-ce36-115b2e3717aa">
      <TestCategory>
        <TestCategoryItem TestCategory="ContentHolderToolbar" />
      </TestCategory>
      <Execution id="d0d5e0d1-b3fc-4f0f-995f-1274fe52d9db" />
      <TestMethod codeBase="D:\actions-runner\_work\XPCO\XPCO\AllSolutions\..\SC\Components\RemoteViewer\SmartClient\tst\zSmartClient_UnitTest\bin\x64\Debug\net6.0-windows\zSmartClient_UnitTest.dll" adapterTypeName="executor://mstestadapter/v2" className="SmartClient_UnitTest.VideoOS.RemoteClient.Application.Data.ContentHolderToolbar.ToolBarItemSearchTests" name="SearchAction_BrowseMode_OneYearInThePast" />
    </UnitTest>
    <UnitTest name="SerializeDeserialize_ExcludeNotPersistedProperties_Success" storage="d:\actions-runner\_work\xpco\xpco\allsolutions\..\sc\components\remoteviewer\smartclient\tst\zsmartclient_unittest\bin\x64\debug\net6.0-windows\zsmartclient_unittest.dll" id="efe4db7d-9fc9-dd9f-492e-e4ff6529fb1e">
      <Execution id="20f67cd2-c6be-4518-8be7-325f8f5152d3" />
      <TestMethod codeBase="D:\actions-runner\_work\XPCO\XPCO\AllSolutions\..\SC\Components\RemoteViewer\SmartClient\tst\zSmartClient_UnitTest\bin\x64\Debug\net6.0-windows\zSmartClient_UnitTest.dll" adapterTypeName="executor://mstestadapter/v2" className="SmartClient_UnitTest.VideoOS.RemoteClient.Application.Data.States.CentralizedSearchStateTest" name="SerializeDeserialize_ExcludeNotPersistedProperties_Success" />
    </UnitTest>
    <UnitTest name="OnMarkerRightClicked_ShouldLetMapLayerControlMenuItems_WhenSingleMapItemSelected" storage="d:\actions-runner\_work\xpco\xpco\allsolutions\..\sc\components\remoteviewer\smartclient\tst\zsmartclient_unittest\bin\x64\debug\net6.0-windows\zsmartclient_unittest.dll" id="62360bb2-0571-b412-04d5-fd14e8294ea1">
      <TestCategory>
        <TestCategoryItem TestCategory="SmartMap.MapItemsOverlay" />
      </TestCategory>
      <Execution id="325aee1b-6c4c-4404-8201-38874874f3df" />
      <TestMethod codeBase="D:\actions-runner\_work\XPCO\XPCO\AllSolutions\..\SC\Components\RemoteViewer\SmartClient\tst\zSmartClient_UnitTest\bin\x64\Debug\net6.0-windows\zSmartClient_UnitTest.dll" adapterTypeName="executor://mstestadapter/v2" className="SmartClient_UnitTest.VideoOS.RemoteClient.Plugin.GisMap.ThinkGeoMap.SpecializedOverlays.Overlays.MapItemsOverlayTests" name="OnMarkerRightClicked_ShouldLetMapLayerControlMenuItems_WhenSingleMapItemSelected" />
    </UnitTest>
    <UnitTest name="ConvertBack_ShouldReturnIsNormalState_WhenValueIsNull" storage="d:\actions-runner\_work\xpco\xpco\allsolutions\..\sc\components\remoteviewer\smartclient\tst\zsmartclient_unittest\bin\x64\debug\net6.0-windows\zsmartclient_unittest.dll" id="4dadd341-55c4-2c66-0797-5674a8d63b8b">
      <TestCategory>
        <TestCategoryItem TestCategory="GisMap.InteractionStateConverter" />
      </TestCategory>
      <Execution id="c11b633a-e2a1-41be-9519-c728ae85dff3" />
      <TestMethod codeBase="D:\actions-runner\_work\XPCO\XPCO\AllSolutions\..\SC\Components\RemoteViewer\SmartClient\tst\zSmartClient_UnitTest\bin\x64\Debug\net6.0-windows\zSmartClient_UnitTest.dll" adapterTypeName="executor://mstestadapter/v2" className="SmartClient_UnitTest.VideoOS.RemoteClient.Plugin.GisMap.View.InteractionStateConverterTests" name="ConvertBack_ShouldReturnIsNormalState_WhenValueIsNull" />
    </UnitTest>
    <UnitTest name="SupportsDoubleClick_ShouldBeFalse_WhenInteractionStateIsNotNormalAndInSetupMode" storage="d:\actions-runner\_work\xpco\xpco\allsolutions\..\sc\components\remoteviewer\smartclient\tst\zsmartclient_unittest\bin\x64\debug\net6.0-windows\zsmartclient_unittest.dll" id="46dd7f69-3eb9-c12b-fd9e-271331372eba">
      <TestCategory>
        <TestCategoryItem TestCategory="GisMap.LegacyLinkMarker" />
      </TestCategory>
      <Execution id="ecf8ef99-1630-4587-aaa5-b70c71b48cbb" />
      <TestMethod codeBase="D:\actions-runner\_work\XPCO\XPCO\AllSolutions\..\SC\Components\RemoteViewer\SmartClient\tst\zSmartClient_UnitTest\bin\x64\Debug\net6.0-windows\zSmartClient_UnitTest.dll" adapterTypeName="executor://mstestadapter/v2" className="SmartClient_UnitTest.VideoOS.RemoteClient.Plugin.GisMap.ThinkGeoMap.Markers.LegacyLinkMarker.LegacyLinkMarkerTests" name="SupportsDoubleClick_ShouldBeFalse_WhenInteractionStateIsNotNormalAndInSetupMode" />
    </UnitTest>
    <UnitTest name="TestHasCapapability_DoesNotHave_Success" storage="d:\actions-runner\_work\xpco\xpco\allsolutions\..\sc\components\remoteviewer\smartclient\tst\zsmartclient_unittest\bin\x64\debug\net6.0-windows\zsmartclient_unittest.dll" id="ff572efe-33da-3147-c10c-1641937b78fe">
      <Execution id="f0a8671b-4fd2-406e-a07b-a2d51f88e5a8" />
      <TestMethod codeBase="D:\actions-runner\_work\XPCO\XPCO\AllSolutions\..\SC\Components\RemoteViewer\SmartClient\tst\zSmartClient_UnitTest\bin\x64\Debug\net6.0-windows\zSmartClient_UnitTest.dll" adapterTypeName="executor://mstestadapter/v2" className="SmartClient_UnitTest.VideoOS.RemoteClient.GisMapData.Common.GisMapServerCapabilitiesTest" name="TestHasCapapability_DoesNotHave_Success" />
    </UnitTest>
    <UnitTest name="MapInputIcons_WhenPinkOemResource_ShouldReturnSevenIcons" storage="d:\actions-runner\_work\xpco\xpco\allsolutions\..\sc\components\remoteviewer\smartclient\tst\zsmartclient_unittest\bin\x64\debug\net6.0-windows\zsmartclient_unittest.dll" id="5fa2d48f-d59e-30ed-e88d-ec6e2699e6a0">
      <Execution id="90911734-76ce-4aee-9de4-235e6a179751" />
      <TestMethod codeBase="D:\actions-runner\_work\XPCO\XPCO\AllSolutions\..\SC\Components\RemoteViewer\SmartClient\tst\zSmartClient_UnitTest\bin\x64\Debug\net6.0-windows\zSmartClient_UnitTest.dll" adapterTypeName="executor://mstestadapter/v2" className="SmartClient_UnitTest.VideoOS.RemoteClient.Application.Controllers.OemResourceControllerTest" name="MapInputIcons_WhenPinkOemResource_ShouldReturnSevenIcons" />
    </UnitTest>
    <UnitTest name="FocusedSearchResultChanged_CameraOnMap_NavigateToCamera" storage="d:\actions-runner\_work\xpco\xpco\allsolutions\..\sc\components\remoteviewer\smartclient\tst\zsmartclient_unittest\bin\x64\debug\net6.0-windows\zsmartclient_unittest.dll" id="dd098655-ce3b-b407-bc7d-fa88b3ed5381">
      <TestCategory>
        <TestCategoryItem TestCategory="Search.SmartMapPreview" />
      </TestCategory>
      <Execution id="c5d2ab60-94de-4764-97b6-736a9871b11d" />
      <TestMethod codeBase="D:\actions-runner\_work\XPCO\XPCO\AllSolutions\..\SC\Components\RemoteViewer\SmartClient\tst\zSmartClient_UnitTest\bin\x64\Debug\net6.0-windows\zSmartClient_UnitTest.dll" adapterTypeName="executor://mstestadapter/v2" className="SmartClient_UnitTest.VideoOS.RemoteClient.Plugin.CentralizedSearch.Views.Controls.SmartMap.SmartMapPreviewTests" name="FocusedSearchResultChanged_CameraOnMap_NavigateToCamera" />
    </UnitTest>
    <UnitTest name="PtzSessionControllerInfo_UserChangedTest_Argument_Null_1" storage="d:\actions-runner\_work\xpco\xpco\allsolutions\..\sc\components\remoteviewer\smartclient\tst\zsmartclient_unittest\bin\x64\debug\net6.0-windows\zsmartclient_unittest.dll" id="3204b6d4-271a-3c48-7f1c-1d8f9fa8fb2f">
      <Execution id="7f84c10d-6f2d-49a6-a707-13c84eb8a905" />
      <TestMethod codeBase="D:\actions-runner\_work\XPCO\XPCO\AllSolutions\..\SC\Components\RemoteViewer\SmartClient\tst\zSmartClient_UnitTest\bin\x64\Debug\net6.0-windows\zSmartClient_UnitTest.dll" adapterTypeName="executor://mstestadapter/v2" className="VideoOS.RemoteClient.Application.Controllers.UnitTest.PtzSessionControllerTest" name="PtzSessionControllerInfo_UserChangedTest_Argument_Null_1" />
    </UnitTest>
    <UnitTest name="TestSaveMap_BuildingsChanges_Success" storage="d:\actions-runner\_work\xpco\xpco\allsolutions\..\sc\components\remoteviewer\smartclient\tst\zsmartclient_unittest\bin\x64\debug\net6.0-windows\zsmartclient_unittest.dll" id="1e268e1f-9f4f-f655-e5bb-e50feefd0bab">
      <TestCategory>
        <TestCategoryItem TestCategory="GisMapBuilding" />
      </TestCategory>
      <Execution id="d75e1d15-bb97-4b64-9d92-dac96e50d283" />
      <TestMethod codeBase="D:\actions-runner\_work\XPCO\XPCO\AllSolutions\..\SC\Components\RemoteViewer\SmartClient\tst\zSmartClient_UnitTest\bin\x64\Debug\net6.0-windows\zSmartClient_UnitTest.dll" adapterTypeName="executor://mstestadapter/v2" className="SmartClient_UnitTest.VideoOS.RemoteClient.GisMapData.GisMapBuildingTests" name="TestSaveMap_BuildingsChanges_Success" />
    </UnitTest>
    <UnitTest name="GetItemsFor_Building2Levels_Success" storage="d:\actions-runner\_work\xpco\xpco\allsolutions\..\sc\components\remoteviewer\smartclient\tst\zsmartclient_unittest\bin\x64\debug\net6.0-windows\zsmartclient_unittest.dll" id="95e53d06-c2c3-70e9-48e1-6d7859b93b61">
      <TestCategory>
        <TestCategoryItem TestCategory="GisMapIndex" />
      </TestCategory>
      <Execution id="618c8bf6-381b-4ed1-9415-3b3530edc7fe" />
      <TestMethod codeBase="D:\actions-runner\_work\XPCO\XPCO\AllSolutions\..\SC\Components\RemoteViewer\SmartClient\tst\zSmartClient_UnitTest\bin\x64\Debug\net6.0-windows\zSmartClient_UnitTest.dll" adapterTypeName="executor://mstestadapter/v2" className="SmartClient_UnitTest.VideoOS.RemoteClient.GisMapData.Common.Indexer.BuildingsAwareIndexerTests" name="GetItemsFor_Building2Levels_Success" />
    </UnitTest>
    <UnitTest name="ActiveInteractionStateBinding_ShouldOnlyContainNormal_WhenCtorIsCalled" storage="d:\actions-runner\_work\xpco\xpco\allsolutions\..\sc\components\remoteviewer\smartclient\tst\zsmartclient_unittest\bin\x64\debug\net6.0-windows\zsmartclient_unittest.dll" id="8f59d74f-1387-b481-45ba-5b4638b6eca1">
      <TestCategory>
        <TestCategoryItem TestCategory="GisMap.LegacyLinkMarker" />
      </TestCategory>
      <Execution id="3afd79ab-c7b8-4eb4-b86f-3aceac97dbf1" />
      <TestMethod codeBase="D:\actions-runner\_work\XPCO\XPCO\AllSolutions\..\SC\Components\RemoteViewer\SmartClient\tst\zSmartClient_UnitTest\bin\x64\Debug\net6.0-windows\zSmartClient_UnitTest.dll" adapterTypeName="executor://mstestadapter/v2" className="SmartClient_UnitTest.VideoOS.RemoteClient.Plugin.GisMap.ThinkGeoMap.Markers.LegacyLinkMarker.LegacyLinkMarkerTests" name="ActiveInteractionStateBinding_ShouldOnlyContainNormal_WhenCtorIsCalled" />
    </UnitTest>
    <UnitTest name="NavigateAndSelectAsync_SelectAnotherCamera_ReCenterCommandEnabled" storage="d:\actions-runner\_work\xpco\xpco\allsolutions\..\sc\components\remoteviewer\smartclient\tst\zsmartclient_unittest\bin\x64\debug\net6.0-windows\zsmartclient_unittest.dll" id="5725dc6b-38b3-44b7-6936-015732fd6b4c">
      <TestCategory>
        <TestCategoryItem TestCategory="GisMap.GisMapViewModel" />
      </TestCategory>
      <Execution id="a3b481bd-75a8-4ba4-8444-699446cca66c" />
      <TestMethod codeBase="D:\actions-runner\_work\XPCO\XPCO\AllSolutions\..\SC\Components\RemoteViewer\SmartClient\tst\zSmartClient_UnitTest\bin\x64\Debug\net6.0-windows\zSmartClient_UnitTest.dll" adapterTypeName="executor://mstestadapter/v2" className="SmartClient_UnitTest.VideoOS.RemoteClient.Plugin.GisMap.ViewModels.GisMapViewModelTests" name="NavigateAndSelectAsync_SelectAnotherCamera_ReCenterCommandEnabled" />
    </UnitTest>
    <UnitTest name="CreateDetailsViewControl_ValidSearchResult_DetailsViewPlaybackSpeedSet_Success" storage="d:\actions-runner\_work\xpco\xpco\allsolutions\..\sc\components\remoteviewer\smartclient\tst\zsmartclient_unittest\bin\x64\debug\net6.0-windows\zsmartclient_unittest.dll" id="e571b35d-57ce-9cb9-ba77-a93c8415ec13">
      <TestCategory>
        <TestCategoryItem TestCategory="SearchViews" />
      </TestCategory>
      <Execution id="587f22b5-886f-4128-a78c-32e8f5c9b3fa" />
      <TestMethod codeBase="D:\actions-runner\_work\XPCO\XPCO\AllSolutions\..\SC\Components\RemoteViewer\SmartClient\tst\zSmartClient_UnitTest\bin\x64\Debug\net6.0-windows\zSmartClient_UnitTest.dll" adapterTypeName="executor://mstestadapter/v2" className="SmartClient_UnitTest.VideoOS.RemoteClient.Plugin.CentralizedSearch.Views.SearchResultsViewTests" name="CreateDetailsViewControl_ValidSearchResult_DetailsViewPlaybackSpeedSet_Success" />
    </UnitTest>
    <UnitTest name="MicrophoneMapItem_UpdateName_Rejected" storage="d:\actions-runner\_work\xpco\xpco\allsolutions\..\sc\components\remoteviewer\smartclient\tst\zsmartclient_unittest\bin\x64\debug\net6.0-windows\zsmartclient_unittest.dll" id="1a9497ea-544a-7067-529f-b7c94b2f8c7f">
      <TestCategory>
        <TestCategoryItem TestCategory="GisMapData.MapItem.Microphones" />
      </TestCategory>
      <Execution id="2bf47f61-5ef5-47fc-920e-11a0deb8859c" />
      <TestMethod codeBase="D:\actions-runner\_work\XPCO\XPCO\AllSolutions\..\SC\Components\RemoteViewer\SmartClient\tst\zSmartClient_UnitTest\bin\x64\Debug\net6.0-windows\zSmartClient_UnitTest.dll" adapterTypeName="executor://mstestadapter/v2" className="SmartClient_UnitTest.VideoOS.RemoteClient.GisMapData.MapItem.Microphones.MicrophoneMapItemTests" name="MicrophoneMapItem_UpdateName_Rejected" />
    </UnitTest>
    <UnitTest name="GetDuration_OneMinute_Success" storage="d:\actions-runner\_work\xpco\xpco\allsolutions\..\sc\components\remoteviewer\smartclient\tst\zsmartclient_unittest\bin\x64\debug\net6.0-windows\zsmartclient_unittest.dll" id="5004265f-fd28-da5b-c559-ead79e5384bf">
      <TestCategory>
        <TestCategoryItem TestCategory="Search" />
      </TestCategory>
      <Execution id="532aea57-aaf4-4b34-b8bc-5944c6c6d0bf" />
      <TestMethod codeBase="D:\actions-runner\_work\XPCO\XPCO\AllSolutions\..\SC\Components\RemoteViewer\SmartClient\tst\zSmartClient_UnitTest\bin\x64\Debug\net6.0-windows\zSmartClient_UnitTest.dll" adapterTypeName="executor://mstestadapter/v2" className="SmartClient_UnitTest.VideoOS.RemoteClient.Plugin.CentralizedSearch.ViewModels.Data.TimeScopeTests" name="GetDuration_OneMinute_Success" />
    </UnitTest>
    <UnitTest name="BoundingBoxBrowseTimeChangedTestYoungData" storage="d:\actions-runner\_work\xpco\xpco\allsolutions\..\sc\components\remoteviewer\smartclient\tst\zsmartclient_unittest\bin\x64\debug\net6.0-windows\zsmartclient_unittest.dll" id="b380b0ee-9aa4-cd9d-29ce-2b0885fdf47b">
      <Execution id="a6a03baa-ef1c-48fd-99df-54a7074b7970" />
      <TestMethod codeBase="D:\actions-runner\_work\XPCO\XPCO\AllSolutions\..\SC\Components\RemoteViewer\SmartClient\tst\zSmartClient_UnitTest\bin\x64\Debug\net6.0-windows\zSmartClient_UnitTest.dll" adapterTypeName="executor://mstestadapter/v2" className="SmartClient_UnitTest.VideoOS.RemoteClient.Application.Data.Metadata.BoundingBoxes.BoundingBoxProviderTest" name="BoundingBoxBrowseTimeChangedTestYoungData" />
    </UnitTest>
    <UnitTest name="Parse_TwentyFourHours_Success" storage="d:\actions-runner\_work\xpco\xpco\allsolutions\..\sc\components\remoteviewer\smartclient\tst\zsmartclient_unittest\bin\x64\debug\net6.0-windows\zsmartclient_unittest.dll" id="b3aaeac2-8a8e-15b7-f149-450ef9d8d467">
      <TestCategory>
        <TestCategoryItem TestCategory="Search" />
      </TestCategory>
      <Execution id="993f9b9c-1c72-4fb7-8865-7ce9303cedbd" />
      <TestMethod codeBase="D:\actions-runner\_work\XPCO\XPCO\AllSolutions\..\SC\Components\RemoteViewer\SmartClient\tst\zSmartClient_UnitTest\bin\x64\Debug\net6.0-windows\zSmartClient_UnitTest.dll" adapterTypeName="executor://mstestadapter/v2" className="SmartClient_UnitTest.VideoOS.RemoteClient.Plugin.CentralizedSearch.Models.ScopeDurationTests" name="Parse_TwentyFourHours_Success" />
    </UnitTest>
    <UnitTest name="PatrollingProfileViewModelTest_Save_UpdateProfile_Failed" storage="d:\actions-runner\_work\xpco\xpco\allsolutions\..\sc\components\remoteviewer\smartclient\tst\zsmartclient_unittest\bin\x64\debug\net6.0-windows\zsmartclient_unittest.dll" id="dcedc9aa-0a2b-4f0d-afad-d14fe62fdbd7">
      <Execution id="2595a00a-e048-4e3b-b0a4-78f1d042b325" />
      <TestMethod codeBase="D:\actions-runner\_work\XPCO\XPCO\AllSolutions\..\SC\Components\RemoteViewer\SmartClient\tst\zSmartClient_UnitTest\bin\x64\Debug\net6.0-windows\zSmartClient_UnitTest.dll" adapterTypeName="executor://mstestadapter/v2" className="SmartClient_UnitTest.VideoOS.RemoteClient.Application.UI.PtzPreset.PatrollingViewModel.PatrollingProfileViewModelTest" name="PatrollingProfileViewModelTest_Save_UpdateProfile_Failed" />
    </UnitTest>
    <UnitTest name="DisplayErrorOnNotificationArea_InvalidAttributeSearchError_Success" storage="d:\actions-runner\_work\xpco\xpco\allsolutions\..\sc\components\remoteviewer\smartclient\tst\zsmartclient_unittest\bin\x64\debug\net6.0-windows\zsmartclient_unittest.dll" id="973652a4-37ac-8c5a-9df8-ff32f79b8968">
      <TestCategory>
        <TestCategoryItem TestCategory="SearchViewModels" />
      </TestCategory>
      <Execution id="3bf69027-6939-4672-acd8-db844af966e8" />
      <TestMethod codeBase="D:\actions-runner\_work\XPCO\XPCO\AllSolutions\..\SC\Components\RemoteViewer\SmartClient\tst\zSmartClient_UnitTest\bin\x64\Debug\net6.0-windows\zSmartClient_UnitTest.dll" adapterTypeName="executor://mstestadapter/v2" className="SmartClient_UnitTest.VideoOS.RemoteClient.Plugin.CentralizedSearch.ViewModels.SearchViewModelTests" name="DisplayErrorOnNotificationArea_InvalidAttributeSearchError_Success" />
    </UnitTest>
    <UnitTest name="Combine_ShouldPassAllStringInputValidationTests" storage="d:\actions-runner\_work\xpco\xpco\allsolutions\..\sc\components\remoteviewer\smartclient\tst\zsmartclient_unittest\bin\x64\debug\net6.0-windows\zsmartclient_unittest.dll" id="47de8f42-b82b-27c9-e6cb-af47f9988997">
      <Execution id="7c4f878d-2c08-4c1e-a1b1-e41932bce0d7" />
      <TestMethod codeBase="D:\actions-runner\_work\XPCO\XPCO\AllSolutions\..\SC\Components\RemoteViewer\SmartClient\tst\zSmartClient_UnitTest\bin\x64\Debug\net6.0-windows\zSmartClient_UnitTest.dll" adapterTypeName="executor://mstestadapter/v2" className="SmartClient_UnitTest.VideoOS.RemoteClient.Plugin.CentralizedSearch.Models.Combiners.SearchResultCombinerTests" name="Combine_ShouldPassAllStringInputValidationTests" />
    </UnitTest>
    <UnitTest name="GetBoundingShapesPathsAsync_ShouldGetBoundingShapesFromBoundingShapesSourceOnly_WhenOnlyBoundingShapesSourceIsPassedIn" storage="d:\actions-runner\_work\xpco\xpco\allsolutions\..\sc\components\remoteviewer\smartclient\tst\zsmartclient_unittest\bin\x64\debug\net6.0-windows\zsmartclient_unittest.dll" id="dd25e118-a384-e666-07c3-e9a0431950f6">
      <Execution id="48b82508-782b-4fd2-847b-1fcab4f18e64" />
      <TestMethod codeBase="D:\actions-runner\_work\XPCO\XPCO\AllSolutions\..\SC\Components\RemoteViewer\SmartClient\tst\zSmartClient_UnitTest\bin\x64\Debug\net6.0-windows\zSmartClient_UnitTest.dll" adapterTypeName="executor://mstestadapter/v2" className="SmartClient_UnitTest.VideoOS.RemoteClient.Plugin.CentralizedSearch.Utils.SearchResultDataExtensionsTests" name="GetBoundingShapesPathsAsync_ShouldGetBoundingShapesFromBoundingShapesSourceOnly_WhenOnlyBoundingShapesSourceIsPassedIn" />
    </UnitTest>
    <UnitTest name="MuteMicrophone_ShouldBeCalled_WhenMicrophoneStateGoesFromUnmutedToMuted" storage="d:\actions-runner\_work\xpco\xpco\allsolutions\..\sc\components\remoteviewer\smartclient\tst\zsmartclient_unittest\bin\x64\debug\net6.0-windows\zsmartclient_unittest.dll" id="40053e00-4502-6843-1f1d-ac2a3e574fe1">
      <TestCategory>
        <TestCategoryItem TestCategory="GisMapAudioController" />
      </TestCategory>
      <Execution id="436a3270-8db1-4b45-85bd-e7dd02a6ff27" />
      <TestMethod codeBase="D:\actions-runner\_work\XPCO\XPCO\AllSolutions\..\SC\Components\RemoteViewer\SmartClient\tst\zSmartClient_UnitTest\bin\x64\Debug\net6.0-windows\zSmartClient_UnitTest.dll" adapterTypeName="executor://mstestadapter/v2" className="SmartClient_UnitTest.VideoOS.RemoteClient.GisMapData.GisMapAudioControllerTests" name="MuteMicrophone_ShouldBeCalled_WhenMicrophoneStateGoesFromUnmutedToMuted" />
    </UnitTest>
    <UnitTest name="ValidateExportLocation_ShouldReturnFailResult_ExportPathIsInvalid (qwerty)" storage="d:\actions-runner\_work\xpco\xpco\allsolutions\..\sc\components\remoteviewer\smartclient\tst\zsmartclient_unittest\bin\x64\debug\net6.0-windows\zsmartclient_unittest.dll" id="3a3cca08-f659-9a8e-cc12-ee5c6f4e3dbd">
      <TestCategory>
        <TestCategoryItem TestCategory="Export" />
      </TestCategory>
      <Execution id="562c14fe-b9f9-4ab2-94f0-c111dde98e05" />
      <TestMethod codeBase="D:\actions-runner\_work\XPCO\XPCO\AllSolutions\..\SC\Components\RemoteViewer\SmartClient\tst\zSmartClient_UnitTest\bin\x64\Debug\net6.0-windows\zSmartClient_UnitTest.dll" adapterTypeName="executor://mstestadapter/v2" className="SmartClient_UnitTest.VideoOS.RemoteClient.Plugin.Export.ExportDataValidatorTests" name="ValidateExportLocation_ShouldReturnFailResult_ExportPathIsInvalid" />
    </UnitTest>
    <UnitTest name="GetUserOptions_ShouldReturnCustomSettingsFromOldAndNewKey_WhenDataIsAvailableInTheSystem" storage="d:\actions-runner\_work\xpco\xpco\allsolutions\..\sc\components\remoteviewer\smartclient\tst\zsmartclient_unittest\bin\x64\debug\net6.0-windows\zsmartclient_unittest.dll" id="3011877c-371c-af3a-5f96-72aad6f976b4">
      <TestCategory>
        <TestCategoryItem TestCategory="Managers" />
      </TestCategory>
      <Execution id="182c8c72-45a0-4e99-a0c8-63d6d4e75592" />
      <TestMethod codeBase="D:\actions-runner\_work\XPCO\XPCO\AllSolutions\..\SC\Components\RemoteViewer\SmartClient\tst\zSmartClient_UnitTest\bin\x64\Debug\net6.0-windows\zSmartClient_UnitTest.dll" adapterTypeName="executor://mstestadapter/v2" className="SmartClient_UnitTest.VideoOS.RemoteClient.Application.Managers.OptionManagerTests" name="GetUserOptions_ShouldReturnCustomSettingsFromOldAndNewKey_WhenDataIsAvailableInTheSystem" />
    </UnitTest>
    <UnitTest name="ActiveInteractionStateBinding_ShouldNotBeNull_WhenCtorIsCalled" storage="d:\actions-runner\_work\xpco\xpco\allsolutions\..\sc\components\remoteviewer\smartclient\tst\zsmartclient_unittest\bin\x64\debug\net6.0-windows\zsmartclient_unittest.dll" id="e886f146-563d-6db0-f755-1724a8f2f2c8">
      <TestCategory>
        <TestCategoryItem TestCategory="GisMap.MipItemMarker" />
      </TestCategory>
      <Execution id="b1cb3d47-b2ab-4efc-9233-8fcebb78e78c" />
      <TestMethod codeBase="D:\actions-runner\_work\XPCO\XPCO\AllSolutions\..\SC\Components\RemoteViewer\SmartClient\tst\zSmartClient_UnitTest\bin\x64\Debug\net6.0-windows\zSmartClient_UnitTest.dll" adapterTypeName="executor://mstestadapter/v2" className="SmartClient_UnitTest.VideoOS.RemoteClient.Plugin.GisMap.ThinkGeoMap.Markers.MipItemMarker.MipItemMarkerTests" name="ActiveInteractionStateBinding_ShouldNotBeNull_WhenCtorIsCalled" />
    </UnitTest>
    <UnitTest name="PtzInfoViewModel_PtzReservedByAnonymousOwnUserTest" storage="d:\actions-runner\_work\xpco\xpco\allsolutions\..\sc\components\remoteviewer\smartclient\tst\zsmartclient_unittest\bin\x64\debug\net6.0-windows\zsmartclient_unittest.dll" id="59d7ce5a-9242-f1c0-ee68-764d8def5314">
      <Execution id="a8a1f05d-6e3d-457e-8653-7062d9e7a277" />
      <TestMethod codeBase="D:\actions-runner\_work\XPCO\XPCO\AllSolutions\..\SC\Components\RemoteViewer\SmartClient\tst\zSmartClient_UnitTest\bin\x64\Debug\net6.0-windows\zSmartClient_UnitTest.dll" adapterTypeName="executor://mstestadapter/v2" className="SmartClient_UnitTest.VideoOS.RemoteClient.Plugin.Map.WPFObjects.PtzInfoViewModelUnitTest" name="PtzInfoViewModel_PtzReservedByAnonymousOwnUserTest" />
    </UnitTest>
    <UnitTest name="Compare_NullVsNotNullDescending_LessThan" storage="d:\actions-runner\_work\xpco\xpco\allsolutions\..\sc\components\remoteviewer\smartclient\tst\zsmartclient_unittest\bin\x64\debug\net6.0-windows\zsmartclient_unittest.dll" id="4e201780-8be5-36cf-a6cd-fc75ae04350d">
      <TestCategory>
        <TestCategoryItem TestCategory="SearchComparers" />
      </TestCategory>
      <Execution id="86f9ebc9-9365-41e4-8002-c1d2d756149a" />
      <TestMethod codeBase="D:\actions-runner\_work\XPCO\XPCO\AllSolutions\..\SC\Components\RemoteViewer\SmartClient\tst\zSmartClient_UnitTest\bin\x64\Debug\net6.0-windows\zSmartClient_UnitTest.dll" adapterTypeName="executor://mstestadapter/v2" className="SmartClient_UnitTest.VideoOS.RemoteClient.Plugin.CentralizedSearch.Models.Wrappers.Comparers.TriggerTimeComparerTests" name="Compare_NullVsNotNullDescending_LessThan" />
    </UnitTest>
    <UnitTest name="ToSafeName_DifferentSeperator_Success" storage="d:\actions-runner\_work\xpco\xpco\allsolutions\..\sc\components\remoteviewer\smartclient\tst\zsmartclient_unittest\bin\x64\debug\net6.0-windows\zsmartclient_unittest.dll" id="0de77785-462a-9bb1-5b6c-6230796bd88d">
      <Execution id="ce5140cf-5568-4865-bcfd-0438fcd20895" />
      <TestMethod codeBase="D:\actions-runner\_work\XPCO\XPCO\AllSolutions\..\SC\Components\RemoteViewer\SmartClient\tst\zSmartClient_UnitTest\bin\x64\Debug\net6.0-windows\zSmartClient_UnitTest.dll" adapterTypeName="executor://mstestadapter/v2" className="SmartClient_UnitTest.VideoOS.RemoteClient.Application.Common.Scripting.ReservedJavascriptKeywordsTests" name="ToSafeName_DifferentSeperator_Success" />
    </UnitTest>
    <UnitTest name="SearchResultsActionBarActions_AddBookmark_BookmarkAgentAdded_SingleResult_CreateBookmarkInvoked" storage="d:\actions-runner\_work\xpco\xpco\allsolutions\..\sc\components\remoteviewer\smartclient\tst\zsmartclient_unittest\bin\x64\debug\net6.0-windows\zsmartclient_unittest.dll" id="ee49bb23-cebf-abdf-0b3d-a9f5e1a1dc4f">
      <TestCategory>
        <TestCategoryItem TestCategory="SearchResultActionBarViewModel" />
      </TestCategory>
      <Execution id="d0cebd25-60d7-4842-a42a-0eaf1aeb1078" />
      <TestMethod codeBase="D:\actions-runner\_work\XPCO\XPCO\AllSolutions\..\SC\Components\RemoteViewer\SmartClient\tst\zSmartClient_UnitTest\bin\x64\Debug\net6.0-windows\zSmartClient_UnitTest.dll" adapterTypeName="executor://mstestadapter/v2" className="SmartClient_UnitTest.VideoOS.RemoteClient.Plugin.CentralizedSearch.ViewModels.SearchResultsActionBarViewModelTest" name="SearchResultsActionBarActions_AddBookmark_BookmarkAgentAdded_SingleResult_CreateBookmarkInvoked" />
    </UnitTest>
    <UnitTest name="HandleGetDeviceData_ShouldReturnNotFoundDeviceData_WhenNotSupportedKind" storage="d:\actions-runner\_work\xpco\xpco\allsolutions\..\sc\components\remoteviewer\smartclient\tst\zsmartclient_unittest\bin\x64\debug\net6.0-windows\zsmartclient_unittest.dll" id="64c5fa93-8c90-e61b-c74e-24c3a14c685e">
      <TestCategory>
        <TestCategoryItem TestCategory="GisMap.Handlers.Devices.MapItems" />
      </TestCategory>
      <Execution id="3d5f44d3-6a9f-46f7-aa9e-8d56eff90bb5" />
      <TestMethod codeBase="D:\actions-runner\_work\XPCO\XPCO\AllSolutions\..\SC\Components\RemoteViewer\SmartClient\tst\zSmartClient_UnitTest\bin\x64\Debug\net6.0-windows\zSmartClient_UnitTest.dll" adapterTypeName="executor://mstestadapter/v2" className="SmartClient_UnitTest.VideoOS.RemoteClient.Plugin.GisMap.Handlers.Devices.MapItems.CameraDataHandlerTests" name="HandleGetDeviceData_ShouldReturnNotFoundDeviceData_WhenNotSupportedKind" />
    </UnitTest>
    <UnitTest name="ValidateExportFormats_SmartClientPlayerFormat_ShouldNotReturnFailResult_ExportPathIsTooLong_WhenLongPathsEnabled (c:\aaaaaaaaaaaaaaaaaaaaaaaaaaaaaaaaaaaaaaaaaaaaaaaaaaaaaaaaaaaaaaaaaaaaaaaaaaaaaaaaaaaaaaaaaaaaaaaaaaaaaaaaaaaaaaaaaaaaaaaaaaaaaaaaaaaaaaaaaaaaaaaaaaaaaaaaaaaaaaaaaaaaaaaaaaaaaaaaaaaaaaa)" storage="d:\actions-runner\_work\xpco\xpco\allsolutions\..\sc\components\remoteviewer\smartclient\tst\zsmartclient_unittest\bin\x64\debug\net6.0-windows\zsmartclient_unittest.dll" id="4acad5f8-ff5f-402e-c75e-bdbe46a00538">
      <TestCategory>
        <TestCategoryItem TestCategory="Export" />
      </TestCategory>
      <Execution id="cbc0f3eb-aa59-4a30-a524-ec3943ea5ded" />
      <TestMethod codeBase="D:\actions-runner\_work\XPCO\XPCO\AllSolutions\..\SC\Components\RemoteViewer\SmartClient\tst\zSmartClient_UnitTest\bin\x64\Debug\net6.0-windows\zSmartClient_UnitTest.dll" adapterTypeName="executor://mstestadapter/v2" className="SmartClient_UnitTest.VideoOS.RemoteClient.Plugin.Export.ExportDataValidatorTests" name="ValidateExportFormats_SmartClientPlayerFormat_ShouldNotReturnFailResult_ExportPathIsTooLong_WhenLongPathsEnabled" />
    </UnitTest>
    <UnitTest name="TestForAssemblyCoverage" storage="d:\actions-runner\_work\xpco\xpco\allsolutions\..\sc\components\remoteviewer\smartclient\tst\zsmartclient_unittest\bin\x64\debug\net6.0-windows\zsmartclient_unittest.dll" id="7df9b500-6856-6e35-de99-08c43bb682f1">
      <Execution id="f998630d-475c-4c8c-a9ce-f1c85b3e4754" />
      <TestMethod codeBase="D:\actions-runner\_work\XPCO\XPCO\AllSolutions\..\SC\Components\RemoteViewer\SmartClient\tst\zSmartClient_UnitTest\bin\x64\Debug\net6.0-windows\zSmartClient_UnitTest.dll" adapterTypeName="executor://mstestadapter/v2" className="SmartClient_UnitTest.VideoOS.RemoteClient.Plugin.KeyboardSupport.UnitTest1" name="TestForAssemblyCoverage" />
    </UnitTest>
    <UnitTest name="ZoomOut_MapNotSet_DoesNotCrash" storage="d:\actions-runner\_work\xpco\xpco\allsolutions\..\sc\components\remoteviewer\smartclient\tst\zsmartclient_unittest\bin\x64\debug\net6.0-windows\zsmartclient_unittest.dll" id="f5cd0ea9-70e1-1cbd-01d3-fa2672fe0616">
      <Execution id="622345b9-156c-48f6-b87b-79f740ee08ac" />
      <TestMethod codeBase="D:\actions-runner\_work\XPCO\XPCO\AllSolutions\..\SC\Components\RemoteViewer\SmartClient\tst\zSmartClient_UnitTest\bin\x64\Debug\net6.0-windows\zSmartClient_UnitTest.dll" adapterTypeName="executor://mstestadapter/v2" className="SmartClient_UnitTest.VideoOS.RemoteClient.Plugin.GisMap.ThinkGeoMap.DefaultZoomHandlerTests" name="ZoomOut_MapNotSet_DoesNotCrash" />
    </UnitTest>
    <UnitTest name="Ctor_ShouldAddNegotiateUserCredentialsToCache_WhenServerAuthenticationIsNotSimple" storage="d:\actions-runner\_work\xpco\xpco\allsolutions\..\sc\components\remoteviewer\smartclient\tst\zsmartclient_unittest\bin\x64\debug\net6.0-windows\zsmartclient_unittest.dll" id="e2e868a3-fc1a-6808-398b-537acaa38f26">
      <TestCategory>
        <TestCategoryItem TestCategory="Authentication.ClientCredentials" />
      </TestCategory>
      <Execution id="015fe610-ec69-4ee7-a270-42b11b237670" />
      <TestMethod codeBase="D:\actions-runner\_work\XPCO\XPCO\AllSolutions\..\SC\Components\RemoteViewer\SmartClient\tst\zSmartClient_UnitTest\bin\x64\Debug\net6.0-windows\zSmartClient_UnitTest.dll" adapterTypeName="executor://mstestadapter/v2" className="SmartClient_UnitTest.VideoOS.Shared.ServerAPI.ClientCredentialsTest" name="Ctor_ShouldAddNegotiateUserCredentialsToCache_WhenServerAuthenticationIsNotSimple" />
    </UnitTest>
    <UnitTest name="SelectedDuration_ShouldRevertToPreviousSelection_WhenCustomIntervalSelectionIsCancelled" storage="d:\actions-runner\_work\xpco\xpco\allsolutions\..\sc\components\remoteviewer\smartclient\tst\zsmartclient_unittest\bin\x64\debug\net6.0-windows\zsmartclient_unittest.dll" id="91ccec24-6878-75d9-83f5-29ad2ed9f604">
      <TestCategory>
        <TestCategoryItem TestCategory="SearchViewModels" />
      </TestCategory>
      <Execution id="d80cbb2a-d6d7-4014-9c57-0804d85102da" />
      <TestMethod codeBase="D:\actions-runner\_work\XPCO\XPCO\AllSolutions\..\SC\Components\RemoteViewer\SmartClient\tst\zSmartClient_UnitTest\bin\x64\Debug\net6.0-windows\zSmartClient_UnitTest.dll" adapterTypeName="executor://mstestadapter/v2" className="SmartClient_UnitTest.VideoOS.RemoteClient.Plugin.CentralizedSearch.ViewModels.SearchViewModelTests" name="SelectedDuration_ShouldRevertToPreviousSelection_WhenCustomIntervalSelectionIsCancelled" />
    </UnitTest>
    <UnitTest name="SetLayerFeatures_ShouldRaiseArgumentException_WhenCameraKindAndNoneCameraLayerFeatures" storage="d:\actions-runner\_work\xpco\xpco\allsolutions\..\sc\components\remoteviewer\smartclient\tst\zsmartclient_unittest\bin\x64\debug\net6.0-windows\zsmartclient_unittest.dll" id="43a12b2e-14a7-1d5f-4fc9-a448b6cf0edd">
      <TestCategory>
        <TestCategoryItem TestCategory="GisMapData.Controllers.LayerFeatures" />
      </TestCategory>
      <Execution id="e69bf439-0e39-4bca-b553-3fd6443b8321" />
      <TestMethod codeBase="D:\actions-runner\_work\XPCO\XPCO\AllSolutions\..\SC\Components\RemoteViewer\SmartClient\tst\zSmartClient_UnitTest\bin\x64\Debug\net6.0-windows\zSmartClient_UnitTest.dll" adapterTypeName="executor://mstestadapter/v2" className="SmartClient_UnitTest.VideoOS.RemoteClient.GisMapData.Controllers.LayerFeatures.LayerFeaturesControllerTests" name="SetLayerFeatures_ShouldRaiseArgumentException_WhenCameraKindAndNoneCameraLayerFeatures" />
    </UnitTest>
    <UnitTest name="GetClusters_ShouldNotIncludeItemFromBuildingIntoSuperClusterOutsideBuilding_WhenBuildingIsRendered" storage="d:\actions-runner\_work\xpco\xpco\allsolutions\..\sc\components\remoteviewer\smartclient\tst\zsmartclient_unittest\bin\x64\debug\net6.0-windows\zsmartclient_unittest.dll" id="709c7513-9237-87e3-38c3-aa85300198a4">
      <TestCategory>
        <TestCategoryItem TestCategory="GisMapIndex.SuperClusters" />
      </TestCategory>
      <Execution id="d6e628d6-3759-4d5a-80ce-b4c46f045cec" />
      <TestMethod codeBase="D:\actions-runner\_work\XPCO\XPCO\AllSolutions\..\SC\Components\RemoteViewer\SmartClient\tst\zSmartClient_UnitTest\bin\x64\Debug\net6.0-windows\zSmartClient_UnitTest.dll" adapterTypeName="executor://mstestadapter/v2" className="SmartClient_UnitTest.VideoOS.RemoteClient.GisMapData.Common.Indexer.BuildingsAwareIndexerTests_SuperCluster" name="GetClusters_ShouldNotIncludeItemFromBuildingIntoSuperClusterOutsideBuilding_WhenBuildingIsRendered" />
    </UnitTest>
    <UnitTest name="PopulateTooltip_SingleResultsFromSingleCamera12Hours_ValidText" storage="d:\actions-runner\_work\xpco\xpco\allsolutions\..\sc\components\remoteviewer\smartclient\tst\zsmartclient_unittest\bin\x64\debug\net6.0-windows\zsmartclient_unittest.dll" id="207c734e-48ea-b6e3-83cc-3b0a65265019">
      <TestCategory>
        <TestCategoryItem TestCategory="SearchControls" />
      </TestCategory>
      <Execution id="53fe2526-fc5f-4143-832e-bb31d6c1f10e" />
      <TestMethod codeBase="D:\actions-runner\_work\XPCO\XPCO\AllSolutions\..\SC\Components\RemoteViewer\SmartClient\tst\zSmartClient_UnitTest\bin\x64\Debug\net6.0-windows\zSmartClient_UnitTest.dll" adapterTypeName="executor://mstestadapter/v2" className="SmartClient_UnitTest.VideoOS.RemoteClient.Plugin.CentralizedSearch.Views.Controls.TimelineRuler.TimelineRulerControlTests" name="PopulateTooltip_SingleResultsFromSingleCamera12Hours_ValidText" />
    </UnitTest>
    <UnitTest name="SearchResultsActionBarActions_MipActionDoesSupportsSelectedSearchResult_ActionDisabled" storage="d:\actions-runner\_work\xpco\xpco\allsolutions\..\sc\components\remoteviewer\smartclient\tst\zsmartclient_unittest\bin\x64\debug\net6.0-windows\zsmartclient_unittest.dll" id="ae7f298e-edeb-46f5-3d43-4270f80b5ca8">
      <TestCategory>
        <TestCategoryItem TestCategory="SearchResultActionBarViewModel" />
      </TestCategory>
      <Execution id="069b2007-6360-4566-9d2d-d79c012c5315" />
      <TestMethod codeBase="D:\actions-runner\_work\XPCO\XPCO\AllSolutions\..\SC\Components\RemoteViewer\SmartClient\tst\zSmartClient_UnitTest\bin\x64\Debug\net6.0-windows\zSmartClient_UnitTest.dll" adapterTypeName="executor://mstestadapter/v2" className="SmartClient_UnitTest.VideoOS.RemoteClient.Plugin.CentralizedSearch.ViewModels.SearchResultsActionBarViewModelTest" name="SearchResultsActionBarActions_MipActionDoesSupportsSelectedSearchResult_ActionDisabled" />
    </UnitTest>
    <UnitTest name="PtzInfoViewModel_PtzCotrolledByPatrollingTest" storage="d:\actions-runner\_work\xpco\xpco\allsolutions\..\sc\components\remoteviewer\smartclient\tst\zsmartclient_unittest\bin\x64\debug\net6.0-windows\zsmartclient_unittest.dll" id="ed8ce939-1ecb-5339-ef24-908cae52144a">
      <Execution id="4cf83bc6-abf1-4010-b985-48f1b899ebc8" />
      <TestMethod codeBase="D:\actions-runner\_work\XPCO\XPCO\AllSolutions\..\SC\Components\RemoteViewer\SmartClient\tst\zSmartClient_UnitTest\bin\x64\Debug\net6.0-windows\zSmartClient_UnitTest.dll" adapterTypeName="executor://mstestadapter/v2" className="SmartClient_UnitTest.VideoOS.RemoteClient.Plugin.Map.WPFObjects.PtzInfoViewModelUnitTest" name="PtzInfoViewModel_PtzCotrolledByPatrollingTest" />
    </UnitTest>
    <UnitTest name="Valid password bigger length" storage="d:\actions-runner\_work\xpco\xpco\allsolutions\..\sc\components\remoteviewer\smartclient\tst\zsmartclient_unittest\bin\x64\debug\net6.0-windows\zsmartclient_unittest.dll" id="2c6723b1-fdb4-937b-160d-3f3a2b624a13">
      <TestCategory>
        <TestCategoryItem TestCategory="Export" />
      </TestCategory>
      <Execution id="34aed07b-daef-4d49-8d76-3b10c76acb6b" />
      <TestMethod codeBase="D:\actions-runner\_work\XPCO\XPCO\AllSolutions\..\SC\Components\RemoteViewer\SmartClient\tst\zSmartClient_UnitTest\bin\x64\Debug\net6.0-windows\zSmartClient_UnitTest.dll" adapterTypeName="executor://mstestadapter/v2" className="SmartClient_UnitTest.VideoOS.RemoteClient.Plugin.Export.PasswordDialogViewModelTests" name="SettingPassword1_ShouldSetIsPassword1Valid" />
    </UnitTest>
    <UnitTest name="BoundingBoxInvalidData" storage="d:\actions-runner\_work\xpco\xpco\allsolutions\..\sc\components\remoteviewer\smartclient\tst\zsmartclient_unittest\bin\x64\debug\net6.0-windows\zsmartclient_unittest.dll" id="55521edb-a4b7-bc99-96a2-4a68c93fc884">
      <Execution id="7df7558f-b1cb-4c06-a0ac-74c228cd8e4e" />
      <TestMethod codeBase="D:\actions-runner\_work\XPCO\XPCO\AllSolutions\..\SC\Components\RemoteViewer\SmartClient\tst\zSmartClient_UnitTest\bin\x64\Debug\net6.0-windows\zSmartClient_UnitTest.dll" adapterTypeName="executor://mstestadapter/v2" className="SmartClient_UnitTest.VideoOS.RemoteClient.Application.Data.Metadata.BoundingBoxes.BoundingBoxProviderTest" name="BoundingBoxInvalidData" />
    </UnitTest>
    <UnitTest name="GetOsmServerAddress_ShouldReturnAlternativeServerValue_WhenGeographicLayerIsNullAndAlternativeServerHasValidUrl" storage="d:\actions-runner\_work\xpco\xpco\allsolutions\..\sc\components\remoteviewer\smartclient\tst\zsmartclient_unittest\bin\x64\debug\net6.0-windows\zsmartclient_unittest.dll" id="63f12d9f-b048-76b8-264d-b989df0bfbca">
      <TestCategory>
        <TestCategoryItem TestCategory="GisMapData.Controllers.Osm" />
      </TestCategory>
      <Execution id="5326f727-5504-4402-9cf8-1bf4257171a7" />
      <TestMethod codeBase="D:\actions-runner\_work\XPCO\XPCO\AllSolutions\..\SC\Components\RemoteViewer\SmartClient\tst\zSmartClient_UnitTest\bin\x64\Debug\net6.0-windows\zSmartClient_UnitTest.dll" adapterTypeName="executor://mstestadapter/v2" className="SmartClient_UnitTest.VideoOS.RemoteClient.GisMapData.Controllers.Osm.GisMapOsmControllerTests" name="GetOsmServerAddress_ShouldReturnAlternativeServerValue_WhenGeographicLayerIsNullAndAlternativeServerHasValidUrl" />
    </UnitTest>
    <UnitTest name="OnLoaded_NullSmartMapControl_DoesNotCrash" storage="d:\actions-runner\_work\xpco\xpco\allsolutions\..\sc\components\remoteviewer\smartclient\tst\zsmartclient_unittest\bin\x64\debug\net6.0-windows\zsmartclient_unittest.dll" id="e1ce66f6-03d2-e28b-bcfb-64c1c424a716">
      <TestCategory>
        <TestCategoryItem TestCategory="Search.SmartMapPreview" />
      </TestCategory>
      <Execution id="3ccc956e-ab0a-4ecc-87d4-3c66ee0873cf" />
      <TestMethod codeBase="D:\actions-runner\_work\XPCO\XPCO\AllSolutions\..\SC\Components\RemoteViewer\SmartClient\tst\zSmartClient_UnitTest\bin\x64\Debug\net6.0-windows\zSmartClient_UnitTest.dll" adapterTypeName="executor://mstestadapter/v2" className="SmartClient_UnitTest.VideoOS.RemoteClient.Plugin.CentralizedSearch.Views.Controls.SmartMap.SmartMapPreviewTests" name="OnLoaded_NullSmartMapControl_DoesNotCrash" />
    </UnitTest>
    <UnitTest name="GetClusters_ShouldSplitSuperClusterIntoSimpleClusters_WhenZoomingIn" storage="d:\actions-runner\_work\xpco\xpco\allsolutions\..\sc\components\remoteviewer\smartclient\tst\zsmartclient_unittest\bin\x64\debug\net6.0-windows\zsmartclient_unittest.dll" id="611c2ae8-85c7-442b-a5ec-d38ddebdb9be">
      <TestCategory>
        <TestCategoryItem TestCategory="GisMapIndex.SuperClusters" />
      </TestCategory>
      <Execution id="a3a988cc-b4e8-4dd4-8658-e9d40f47c65d" />
      <TestMethod codeBase="D:\actions-runner\_work\XPCO\XPCO\AllSolutions\..\SC\Components\RemoteViewer\SmartClient\tst\zSmartClient_UnitTest\bin\x64\Debug\net6.0-windows\zSmartClient_UnitTest.dll" adapterTypeName="executor://mstestadapter/v2" className="SmartClient_UnitTest.VideoOS.RemoteClient.GisMapData.Common.Indexer.MapItemIndexerTests_SuperClusters" name="GetClusters_ShouldSplitSuperClusterIntoSimpleClusters_WhenZoomingIn" />
    </UnitTest>
    <UnitTest name="Decorate_ShouldAttachWindowMouseDownEvent_WhenDecorateIsCalled" storage="d:\actions-runner\_work\xpco\xpco\allsolutions\..\sc\components\remoteviewer\smartclient\tst\zsmartclient_unittest\bin\x64\debug\net6.0-windows\zsmartclient_unittest.dll" id="c3476bd9-ab82-3913-af01-2849b9aa1d17">
      <TestCategory>
        <TestCategoryItem TestCategory="GisMap.WindowsBases" />
      </TestCategory>
      <Execution id="784cb91e-0fb8-4f29-8341-8c7046282663" />
      <TestMethod codeBase="D:\actions-runner\_work\XPCO\XPCO\AllSolutions\..\SC\Components\RemoteViewer\SmartClient\tst\zSmartClient_UnitTest\bin\x64\Debug\net6.0-windows\zSmartClient_UnitTest.dll" adapterTypeName="executor://mstestadapter/v2" className="SmartClient_UnitTest.VideoOS.RemoteClient.Plugin.GisMap.Windows.Bases.DragWindowDecoratorTests" name="Decorate_ShouldAttachWindowMouseDownEvent_WhenDecorateIsCalled" />
    </UnitTest>
    <UnitTest name="BoundingBoxLiveStartNoPlaybackHandler" storage="d:\actions-runner\_work\xpco\xpco\allsolutions\..\sc\components\remoteviewer\smartclient\tst\zsmartclient_unittest\bin\x64\debug\net6.0-windows\zsmartclient_unittest.dll" id="736d5841-1c67-3c66-a8df-caf0433686aa">
      <Execution id="9e5e3a9f-2246-45c2-9f18-435641094a13" />
      <TestMethod codeBase="D:\actions-runner\_work\XPCO\XPCO\AllSolutions\..\SC\Components\RemoteViewer\SmartClient\tst\zSmartClient_UnitTest\bin\x64\Debug\net6.0-windows\zSmartClient_UnitTest.dll" adapterTypeName="executor://mstestadapter/v2" className="SmartClient_UnitTest.VideoOS.RemoteClient.Application.Data.Metadata.BoundingBoxes.BoundingBoxProviderTest" name="BoundingBoxLiveStartNoPlaybackHandler" />
    </UnitTest>
    <UnitTest name="JPEGDataDto_ShouldYieldSameValues_WhenRoundTripConverted" storage="d:\actions-runner\_work\xpco\xpco\allsolutions\..\sc\components\remoteviewer\smartclient\tst\zsmartclient_unittest\bin\x64\debug\net6.0-windows\zsmartclient_unittest.dll" id="b3439aa9-ae3f-b685-1de2-36964f947d35">
      <TestCategory>
        <TestCategoryItem TestCategory="RecorderProxyToDtoMapping" />
      </TestCategory>
      <Execution id="049549d8-1014-4b93-a19c-67ce22069651" />
      <TestMethod codeBase="D:\actions-runner\_work\XPCO\XPCO\AllSolutions\..\SC\Components\RemoteViewer\SmartClient\tst\zSmartClient_UnitTest\bin\x64\Debug\net6.0-windows\zSmartClient_UnitTest.dll" adapterTypeName="executor://mstestadapter/v2" className="VideoOS.Shared.ServerAPI.SOAP.RecorderClientMappingTests" name="JPEGDataDto_ShouldYieldSameValues_WhenRoundTripConverted" />
    </UnitTest>
    <UnitTest name="RemoveItems_SingleMapItem_OneClusterChange" storage="d:\actions-runner\_work\xpco\xpco\allsolutions\..\sc\components\remoteviewer\smartclient\tst\zsmartclient_unittest\bin\x64\debug\net6.0-windows\zsmartclient_unittest.dll" id="ea3dc3ca-b9db-c951-f087-38b03fc1d7df">
      <TestCategory>
        <TestCategoryItem TestCategory="GisMapIndex" />
      </TestCategory>
      <Execution id="e82ee867-5e66-4855-8241-0fe373998379" />
      <TestMethod codeBase="D:\actions-runner\_work\XPCO\XPCO\AllSolutions\..\SC\Components\RemoteViewer\SmartClient\tst\zSmartClient_UnitTest\bin\x64\Debug\net6.0-windows\zSmartClient_UnitTest.dll" adapterTypeName="executor://mstestadapter/v2" className="SmartClient_UnitTest.VideoOS.RemoteClient.GisMapData.Common.Indexer.MapItemIndexerTests" name="RemoveItems_SingleMapItem_OneClusterChange" />
    </UnitTest>
    <UnitTest name="GetSnapshots_UnknownErrorWhileRetrievingImage_Failure" storage="d:\actions-runner\_work\xpco\xpco\allsolutions\..\sc\components\remoteviewer\smartclient\tst\zsmartclient_unittest\bin\x64\debug\net6.0-windows\zsmartclient_unittest.dll" id="e0397ba9-9217-2c04-c95a-ff9b50a208f5">
      <TestCategory>
        <TestCategoryItem TestCategory="Search" />
      </TestCategory>
      <Execution id="e82cec8c-fae3-416b-b047-516f601995ea" />
      <TestMethod codeBase="D:\actions-runner\_work\XPCO\XPCO\AllSolutions\..\SC\Components\RemoteViewer\SmartClient\tst\zSmartClient_UnitTest\bin\x64\Debug\net6.0-windows\zSmartClient_UnitTest.dll" adapterTypeName="executor://mstestadapter/v2" className="SmartClient_UnitTest.VideoOS.RemoteClient.Plugin.CentralizedSearch.ViewModels.Data.SnapshotHandlerTests" name="GetSnapshots_UnknownErrorWhileRetrievingImage_Failure" />
    </UnitTest>
    <UnitTest name="PatrollingStepViewModel_WaitTime" storage="d:\actions-runner\_work\xpco\xpco\allsolutions\..\sc\components\remoteviewer\smartclient\tst\zsmartclient_unittest\bin\x64\debug\net6.0-windows\zsmartclient_unittest.dll" id="f41a40ab-384f-e635-88d2-0deb0549b00c">
      <Execution id="96c78306-3e26-4cc4-9be6-a2ad4daed525" />
      <TestMethod codeBase="D:\actions-runner\_work\XPCO\XPCO\AllSolutions\..\SC\Components\RemoteViewer\SmartClient\tst\zSmartClient_UnitTest\bin\x64\Debug\net6.0-windows\zSmartClient_UnitTest.dll" adapterTypeName="executor://mstestadapter/v2" className="SmartClient_UnitTest.VideoOS.RemoteClient.Application.UI.PtzPreset.PatrollingViewModel.PatrollingStepViewModelTest" name="PatrollingStepViewModel_WaitTime" />
    </UnitTest>
    <UnitTest name="PtzInfoViewModel_PtzReservedByCurrentUserTest" storage="d:\actions-runner\_work\xpco\xpco\allsolutions\..\sc\components\remoteviewer\smartclient\tst\zsmartclient_unittest\bin\x64\debug\net6.0-windows\zsmartclient_unittest.dll" id="15256628-10ab-395d-cdc0-982196f2d384">
      <Execution id="f4b26933-5031-45e1-942e-dc6f29f9a0e5" />
      <TestMethod codeBase="D:\actions-runner\_work\XPCO\XPCO\AllSolutions\..\SC\Components\RemoteViewer\SmartClient\tst\zSmartClient_UnitTest\bin\x64\Debug\net6.0-windows\zSmartClient_UnitTest.dll" adapterTypeName="executor://mstestadapter/v2" className="SmartClient_UnitTest.VideoOS.RemoteClient.Plugin.Map.WPFObjects.PtzInfoViewModelUnitTest" name="PtzInfoViewModel_PtzReservedByCurrentUserTest" />
    </UnitTest>
    <UnitTest name="AddSelectedWindowsToExport_ShouldShowCorrectToastMessages (0,5,5)" storage="d:\actions-runner\_work\xpco\xpco\allsolutions\..\sc\components\remoteviewer\smartclient\tst\zsmartclient_unittest\bin\x64\debug\net6.0-windows\zsmartclient_unittest.dll" id="33935880-2468-ac2a-2804-1f3918d25628">
      <TestCategory>
        <TestCategoryItem TestCategory="Managers" />
      </TestCategory>
      <Execution id="4cd3e306-d791-4d0e-87cb-84671326e24f" />
      <TestMethod codeBase="D:\actions-runner\_work\XPCO\XPCO\AllSolutions\..\SC\Components\RemoteViewer\SmartClient\tst\zSmartClient_UnitTest\bin\x64\Debug\net6.0-windows\zSmartClient_UnitTest.dll" adapterTypeName="executor://mstestadapter/v2" className="SmartClient_UnitTest.VideoOS.RemoteClient.Application.Managers.ExportManagerTests" name="AddSelectedWindowsToExport_ShouldShowCorrectToastMessages" />
    </UnitTest>
    <UnitTest name="ConnectSlave_FailToConnectAndDoNotAllowgSecureConnection_ShouldThrowException" storage="d:\actions-runner\_work\xpco\xpco\allsolutions\..\sc\components\remoteviewer\smartclient\tst\zsmartclient_unittest\bin\x64\debug\net6.0-windows\zsmartclient_unittest.dll" id="05aeaa8c-7d80-f9e7-54a6-810812bf76ac">
      <Execution id="b0e7b379-6893-4fcb-bc59-7174c7ef2139" />
      <TestMethod codeBase="D:\actions-runner\_work\XPCO\XPCO\AllSolutions\..\SC\Components\RemoteViewer\SmartClient\tst\zSmartClient_UnitTest\bin\x64\Debug\net6.0-windows\zSmartClient_UnitTest.dll" adapterTypeName="executor://mstestadapter/v2" className="VideoOS.Shared.ServerAPI.VMOViewerClientFacade.UnitTest.VMOViewerClientFacadeTests" name="ConnectSlave_FailToConnectAndDoNotAllowgSecureConnection_ShouldThrowException" />
    </UnitTest>
    <UnitTest name="PointMapItem_Load_Microphone_Success" storage="d:\actions-runner\_work\xpco\xpco\allsolutions\..\sc\components\remoteviewer\smartclient\tst\zsmartclient_unittest\bin\x64\debug\net6.0-windows\zsmartclient_unittest.dll" id="6cd2234b-585d-b823-54fb-25eb6199902f">
      <TestCategory>
        <TestCategoryItem TestCategory="GisMapData.MapItem.Microphones" />
      </TestCategory>
      <Execution id="98d6f38b-d9b1-43ec-805c-b2eaa18a3a57" />
      <TestMethod codeBase="D:\actions-runner\_work\XPCO\XPCO\AllSolutions\..\SC\Components\RemoteViewer\SmartClient\tst\zSmartClient_UnitTest\bin\x64\Debug\net6.0-windows\zSmartClient_UnitTest.dll" adapterTypeName="executor://mstestadapter/v2" className="SmartClient_UnitTest.VideoOS.RemoteClient.GisMapData.MapItem.Microphones.MicrophoneMapItemTests" name="PointMapItem_Load_Microphone_Success" />
    </UnitTest>
    <UnitTest name="IconTooltip_ShouldBeValid_WhenInteractionStateIsAddInput" storage="d:\actions-runner\_work\xpco\xpco\allsolutions\..\sc\components\remoteviewer\smartclient\tst\zsmartclient_unittest\bin\x64\debug\net6.0-windows\zsmartclient_unittest.dll" id="d84399e7-2094-11f2-58a1-ad3cf8b39c94">
      <TestCategory>
        <TestCategoryItem TestCategory="GisMap.UI.DeviceSelectors.PanelComponents" />
      </TestCategory>
      <Execution id="712db3f7-0a06-468c-a8de-8c88a9d94d9f" />
      <TestMethod codeBase="D:\actions-runner\_work\XPCO\XPCO\AllSolutions\..\SC\Components\RemoteViewer\SmartClient\tst\zSmartClient_UnitTest\bin\x64\Debug\net6.0-windows\zSmartClient_UnitTest.dll" adapterTypeName="executor://mstestadapter/v2" className="SmartClient_UnitTest.VideoOS.RemoteClient.Plugin.GisMap.UI.DeviceSelectors.PanelComponents.DeviceSelectorPanelComponentTests" name="IconTooltip_ShouldBeValid_WhenInteractionStateIsAddInput" />
    </UnitTest>
    <UnitTest name="GetGuidProviderStrategyByEventServerId_ShouldRaiseArgumentOutOfRangeException_WhenEventServerIdsHasNotBeenInjectedAtTheConstructor" storage="d:\actions-runner\_work\xpco\xpco\allsolutions\..\sc\components\remoteviewer\smartclient\tst\zsmartclient_unittest\bin\x64\debug\net6.0-windows\zsmartclient_unittest.dll" id="194c53c7-91a0-a39c-19f4-75d99e8bf5f1">
      <TestCategory>
        <TestCategoryItem TestCategory="AccessControl.Services" />
      </TestCategory>
      <Execution id="00e5b49e-9a09-4429-ae7d-c99cb266034d" />
      <TestMethod codeBase="D:\actions-runner\_work\XPCO\XPCO\AllSolutions\..\SC\Components\RemoteViewer\SmartClient\tst\zSmartClient_UnitTest\bin\x64\Debug\net6.0-windows\zSmartClient_UnitTest.dll" adapterTypeName="executor://mstestadapter/v2" className="SmartClient_UnitTest.VideoOS.RemoteClient.AccessControl.Services.AccessControlGuidProviderTests" name="GetGuidProviderStrategyByEventServerId_ShouldRaiseArgumentOutOfRangeException_WhenEventServerIdsHasNotBeenInjectedAtTheConstructor" />
    </UnitTest>
    <UnitTest name="DeleteDefaultLevel_Success" storage="d:\actions-runner\_work\xpco\xpco\allsolutions\..\sc\components\remoteviewer\smartclient\tst\zsmartclient_unittest\bin\x64\debug\net6.0-windows\zsmartclient_unittest.dll" id="5ffa61d1-ba0a-5c24-5f29-257815c65d94">
      <TestCategory>
        <TestCategoryItem TestCategory="GisMapBuilding" />
      </TestCategory>
      <Execution id="4d6b9f6e-b35e-4906-b02b-391b7f3c648a" />
      <TestMethod codeBase="D:\actions-runner\_work\XPCO\XPCO\AllSolutions\..\SC\Components\RemoteViewer\SmartClient\tst\zSmartClient_UnitTest\bin\x64\Debug\net6.0-windows\zSmartClient_UnitTest.dll" adapterTypeName="executor://mstestadapter/v2" className="SmartClient_UnitTest.VideoOS.RemoteClient.GisMap.MapBuildingTests" name="DeleteDefaultLevel_Success" />
    </UnitTest>
    <UnitTest name="ResolveGenericResultProperties_ShouldAppendNumberOnDuplicateTitles_WhenGivenCombinedSearchResultsWithDuplicateTitles" storage="d:\actions-runner\_work\xpco\xpco\allsolutions\..\sc\components\remoteviewer\smartclient\tst\zsmartclient_unittest\bin\x64\debug\net6.0-windows\zsmartclient_unittest.dll" id="e6354ff1-9ff3-d19c-6313-930a0e558467">
      <TestCategory>
        <TestCategoryItem TestCategory="Search" />
      </TestCategory>
      <Execution id="9cdaa042-c318-470c-987e-14de2c80c783" />
      <TestMethod codeBase="D:\actions-runner\_work\XPCO\XPCO\AllSolutions\..\SC\Components\RemoteViewer\SmartClient\tst\zSmartClient_UnitTest\bin\x64\Debug\net6.0-windows\zSmartClient_UnitTest.dll" adapterTypeName="executor://mstestadapter/v2" className="SmartClient_UnitTest.VideoOS.RemoteClient.Plugin.CentralizedSearch.Utils.SearchResultDataWrapperExtensionsTests" name="ResolveGenericResultProperties_ShouldAppendNumberOnDuplicateTitles_WhenGivenCombinedSearchResultsWithDuplicateTitles" />
    </UnitTest>
    <UnitTest name="ValueWithFallbackConverterTests_Convert_FirstValueNull_SecondValueNull_Failure" storage="d:\actions-runner\_work\xpco\xpco\allsolutions\..\sc\components\remoteviewer\smartclient\tst\zsmartclient_unittest\bin\x64\debug\net6.0-windows\zsmartclient_unittest.dll" id="a3a279c4-f3f7-95fe-94ce-1de6e3205e7e">
      <TestCategory>
        <TestCategoryItem TestCategory="SearchConverter" />
      </TestCategory>
      <Execution id="f9d6f824-2ffc-483e-a9b7-fd60b78a3a80" />
      <TestMethod codeBase="D:\actions-runner\_work\XPCO\XPCO\AllSolutions\..\SC\Components\RemoteViewer\SmartClient\tst\zSmartClient_UnitTest\bin\x64\Debug\net6.0-windows\zSmartClient_UnitTest.dll" adapterTypeName="executor://mstestadapter/v2" className="SmartClient_UnitTest.VideoOS.RemoteClient.Plugin.CentralizedSearch.Views.Converters.ValueWithFallbackConverterTests" name="ValueWithFallbackConverterTests_Convert_FirstValueNull_SecondValueNull_Failure" />
    </UnitTest>
    <UnitTest name="PatrollingPresetViewModel_Constructor_ArgumentNull" storage="d:\actions-runner\_work\xpco\xpco\allsolutions\..\sc\components\remoteviewer\smartclient\tst\zsmartclient_unittest\bin\x64\debug\net6.0-windows\zsmartclient_unittest.dll" id="84f87709-ca75-b015-fe61-63a08c2421fb">
      <Execution id="a472e0f5-a12e-41b4-82c4-68a302e547be" />
      <TestMethod codeBase="D:\actions-runner\_work\XPCO\XPCO\AllSolutions\..\SC\Components\RemoteViewer\SmartClient\tst\zSmartClient_UnitTest\bin\x64\Debug\net6.0-windows\zSmartClient_UnitTest.dll" adapterTypeName="executor://mstestadapter/v2" className="SmartClient_UnitTest.VideoOS.RemoteClient.Application.UI.PtzPreset.PatrollingViewModel.PatrollingPresetViewModelTest" name="PatrollingPresetViewModel_Constructor_ArgumentNull" />
    </UnitTest>
    <UnitTest name="RightButtonDown_SingleClick_DoesNotZoom" storage="d:\actions-runner\_work\xpco\xpco\allsolutions\..\sc\components\remoteviewer\smartclient\tst\zsmartclient_unittest\bin\x64\debug\net6.0-windows\zsmartclient_unittest.dll" id="c41fdcd8-e2bb-ccbb-e17c-f63252358ede">
      <TestCategory>
        <TestCategoryItem TestCategory="GisMap.MapControl" />
      </TestCategory>
      <Execution id="f4a22bd0-2461-4ba1-91b4-f295de8d5b5c" />
      <TestMethod codeBase="D:\actions-runner\_work\XPCO\XPCO\AllSolutions\..\SC\Components\RemoteViewer\SmartClient\tst\zSmartClient_UnitTest\bin\x64\Debug\net6.0-windows\zSmartClient_UnitTest.dll" adapterTypeName="executor://mstestadapter/v2" className="SmartClient_UnitTest.VideoOS.RemoteClient.Plugin.GisMap.ThinkGeoMap.ThinkGeoMapControlTests" name="RightButtonDown_SingleClick_DoesNotZoom" />
    </UnitTest>
    <UnitTest name="SmartSearchStatusType_ShouldYieldSameValuesForAllEnumValues_WhenRoundTripConverted (SearchInProgress,SearchInProgress)" storage="d:\actions-runner\_work\xpco\xpco\allsolutions\..\sc\components\remoteviewer\smartclient\tst\zsmartclient_unittest\bin\x64\debug\net6.0-windows\zsmartclient_unittest.dll" id="96e8936d-0390-58bc-a96b-c2ae29467c1e">
      <TestCategory>
        <TestCategoryItem TestCategory="RecorderProxyToDtoMapping" />
      </TestCategory>
      <Execution id="91a0b756-e6e5-4920-85b2-c51c1f49b609" />
      <TestMethod codeBase="D:\actions-runner\_work\XPCO\XPCO\AllSolutions\..\SC\Components\RemoteViewer\SmartClient\tst\zSmartClient_UnitTest\bin\x64\Debug\net6.0-windows\zSmartClient_UnitTest.dll" adapterTypeName="executor://mstestadapter/v2" className="VideoOS.Shared.ServerAPI.SOAP.RecorderClientMappingTests" name="SmartSearchStatusType_ShouldYieldSameValuesForAllEnumValues_WhenRoundTripConverted" />
    </UnitTest>
    <UnitTest name="FromByteArray_Success" storage="d:\actions-runner\_work\xpco\xpco\allsolutions\..\sc\components\remoteviewer\smartclient\tst\zsmartclient_unittest\bin\x64\debug\net6.0-windows\zsmartclient_unittest.dll" id="d974494d-63ae-7806-8273-c958d7210490">
      <Execution id="0c58993e-b536-48ee-888d-0079d07cf87c" />
      <TestMethod codeBase="D:\actions-runner\_work\XPCO\XPCO\AllSolutions\..\SC\Components\RemoteViewer\SmartClient\tst\zSmartClient_UnitTest\bin\x64\Debug\net6.0-windows\zSmartClient_UnitTest.dll" adapterTypeName="executor://mstestadapter/v2" className="SmartClient_UnitTest.VideoOS.RemoteClient.Application.Data.ContentTypes.ImageContentType.ImageUtilsTests" name="FromByteArray_Success" />
    </UnitTest>
    <UnitTest name="GetServers_ShouldReturnCorrectServerByTypesTest" storage="d:\actions-runner\_work\xpco\xpco\allsolutions\..\sc\components\remoteviewer\smartclient\tst\zsmartclient_unittest\bin\x64\debug\net6.0-windows\zsmartclient_unittest.dll" id="86edbbe8-5149-0aa3-dcd3-1e89f5303917">
      <Execution id="213673f6-3c78-492c-9785-50e709d2afc2" />
      <TestMethod codeBase="D:\actions-runner\_work\XPCO\XPCO\AllSolutions\..\SC\Components\RemoteViewer\SmartClient\tst\zSmartClient_UnitTest\bin\x64\Debug\net6.0-windows\zSmartClient_UnitTest.dll" adapterTypeName="executor://mstestadapter/v2" className="SmartClient_UnitTest.VideoOS.RemoteClient.Application.Data.ContentTypes.ReportingContentType.DashboardDetailsProviderTest" name="GetServers_ShouldReturnCorrectServerByTypesTest" />
    </UnitTest>
    <UnitTest name="FilteredItems_FilterApplied_SubsetOfItemsVisible" storage="d:\actions-runner\_work\xpco\xpco\allsolutions\..\sc\components\remoteviewer\smartclient\tst\zsmartclient_unittest\bin\x64\debug\net6.0-windows\zsmartclient_unittest.dll" id="ac3585d4-59ce-87ee-5312-f23049732097">
      <TestCategory>
        <TestCategoryItem TestCategory="Search" />
      </TestCategory>
      <Execution id="4bc2d2c4-7077-4e5e-9323-57001cd3c622" />
      <TestMethod codeBase="D:\actions-runner\_work\XPCO\XPCO\AllSolutions\..\SC\Components\RemoteViewer\SmartClient\tst\zSmartClient_UnitTest\bin\x64\Debug\net6.0-windows\zSmartClient_UnitTest.dll" adapterTypeName="executor://mstestadapter/v2" className="SmartClient_UnitTest.VideoOS.RemoteClient.Plugin.CentralizedSearch.MIPPlugin.Criteria.MultipleSelectionAttributeEditControlTest" name="FilteredItems_FilterApplied_SubsetOfItemsVisible" />
    </UnitTest>
    <UnitTest name="Execute_RemoveCommand_DialogResultReturnsTrue" storage="d:\actions-runner\_work\xpco\xpco\allsolutions\..\sc\components\remoteviewer\smartclient\tst\zsmartclient_unittest\bin\x64\debug\net6.0-windows\zsmartclient_unittest.dll" id="12e3f3e5-87cc-94c2-7b91-aad929301ec9">
      <Execution id="f7b293bc-9d27-4f38-890d-ea14880be6c7" />
      <TestMethod codeBase="D:\actions-runner\_work\XPCO\XPCO\AllSolutions\..\SC\Components\RemoteViewer\SmartClient\tst\zSmartClient_UnitTest\bin\x64\Debug\net6.0-windows\zSmartClient_UnitTest.dll" adapterTypeName="executor://mstestadapter/v2" className="SmartClient_UnitTest.VideoOS.RemoteClient.Application.UI.Common.MessageBoxWithList.MessageBoxWithListViewModelTests" name="Execute_RemoveCommand_DialogResultReturnsTrue" />
    </UnitTest>
    <UnitTest name="TestUpdateState_NotIsLiveOrPlayback" storage="d:\actions-runner\_work\xpco\xpco\allsolutions\..\sc\components\remoteviewer\smartclient\tst\zsmartclient_unittest\bin\x64\debug\net6.0-windows\zsmartclient_unittest.dll" id="84f93f59-fd44-afa7-32df-18fcfc62c68f">
      <TestCategory>
        <TestCategoryItem TestCategory="WorkspaceToolbar" />
      </TestCategory>
      <Execution id="02e473cf-668c-4aba-968f-7846965b391b" />
      <TestMethod codeBase="D:\actions-runner\_work\XPCO\XPCO\AllSolutions\..\SC\Components\RemoteViewer\SmartClient\tst\zSmartClient_UnitTest\bin\x64\Debug\net6.0-windows\zSmartClient_UnitTest.dll" adapterTypeName="executor://mstestadapter/v2" className="SmartClient_UnitTest.VideoOS.RemoteClient.Application.Data.WorkspaceToolbar.WorkspaceToolbarItemSmartSearchTests" name="TestUpdateState_NotIsLiveOrPlayback" />
    </UnitTest>
    <UnitTest name="Init_NullStateAndManagerReturnsNullState_InitialStateCreatedFromScratch" storage="d:\actions-runner\_work\xpco\xpco\allsolutions\..\sc\components\remoteviewer\smartclient\tst\zsmartclient_unittest\bin\x64\debug\net6.0-windows\zsmartclient_unittest.dll" id="2c3cc6dd-0ecc-2298-ce4a-d064661bf1a0">
      <TestCategory>
        <TestCategoryItem TestCategory="Search" />
      </TestCategory>
      <Execution id="8fdc9755-7f82-4f28-89d2-e28c9616bdfd" />
      <TestMethod codeBase="D:\actions-runner\_work\XPCO\XPCO\AllSolutions\..\SC\Components\RemoteViewer\SmartClient\tst\zSmartClient_UnitTest\bin\x64\Debug\net6.0-windows\zSmartClient_UnitTest.dll" adapterTypeName="executor://mstestadapter/v2" className="SmartClient_UnitTest.VideoOS.RemoteClient.Plugin.CentralizedSearch.CentralizedSearchContentHolderTests" name="Init_NullStateAndManagerReturnsNullState_InitialStateCreatedFromScratch" />
    </UnitTest>
    <UnitTest name="Close_ViewIsDisposed" storage="d:\actions-runner\_work\xpco\xpco\allsolutions\..\sc\components\remoteviewer\smartclient\tst\zsmartclient_unittest\bin\x64\debug\net6.0-windows\zsmartclient_unittest.dll" id="35fc3a4c-edd3-265e-4852-719b6a1e2df7">
      <TestCategory>
        <TestCategoryItem TestCategory="Export" />
      </TestCategory>
      <Execution id="49733620-f47b-43aa-84b6-77bf598836d4" />
      <TestMethod codeBase="D:\actions-runner\_work\XPCO\XPCO\AllSolutions\..\SC\Components\RemoteViewer\SmartClient\tst\zSmartClient_UnitTest\bin\x64\Debug\net6.0-windows\zSmartClient_UnitTest.dll" adapterTypeName="executor://mstestadapter/v2" className="SmartClient_UnitTest.VideoOS.RemoteClient.Plugin.Export.ExportContentHolderTests" name="Close_ViewIsDisposed" />
    </UnitTest>
    <UnitTest name="Connect_WhenUriIsNull_ShouldThrowException" storage="d:\actions-runner\_work\xpco\xpco\allsolutions\..\sc\components\remoteviewer\smartclient\tst\zsmartclient_unittest\bin\x64\debug\net6.0-windows\zsmartclient_unittest.dll" id="84735ce6-0802-6c3e-660b-0ce9dcdbafe2">
      <Execution id="ba9b5bcc-d6d5-4802-9bc1-7c441c71ad7a" />
      <TestMethod codeBase="D:\actions-runner\_work\XPCO\XPCO\AllSolutions\..\SC\Components\RemoteViewer\SmartClient\tst\zSmartClient_UnitTest\bin\x64\Debug\net6.0-windows\zSmartClient_UnitTest.dll" adapterTypeName="executor://mstestadapter/v2" className="VideoOS.Shared.ServerAPI.ServiceChannel.UnitTest.ServiceChannelCommandServiceTests" name="Connect_WhenUriIsNull_ShouldThrowException" />
    </UnitTest>
    <UnitTest name="TestConstructor_LongLat_Success" storage="d:\actions-runner\_work\xpco\xpco\allsolutions\..\sc\components\remoteviewer\smartclient\tst\zsmartclient_unittest\bin\x64\debug\net6.0-windows\zsmartclient_unittest.dll" id="3f8e6f27-c942-75f1-d43c-4f4dbc2ed891">
      <Execution id="55223cbf-3786-4ca3-946a-f61cf460ea3c" />
      <TestMethod codeBase="D:\actions-runner\_work\XPCO\XPCO\AllSolutions\..\SC\Components\RemoteViewer\SmartClient\tst\zSmartClient_UnitTest\bin\x64\Debug\net6.0-windows\zSmartClient_UnitTest.dll" adapterTypeName="executor://mstestadapter/v2" className="SmartClient_UnitTest.VideoOS.RemoteClient.GisMap.Common.MapPoint2DTest" name="TestConstructor_LongLat_Success" />
    </UnitTest>
    <UnitTest name="Compare_SameTriggerTimeDeterministicBehavior_Id_Success" storage="d:\actions-runner\_work\xpco\xpco\allsolutions\..\sc\components\remoteviewer\smartclient\tst\zsmartclient_unittest\bin\x64\debug\net6.0-windows\zsmartclient_unittest.dll" id="f5d9ddfe-7809-e6c0-f589-d7f4a1e2a8af">
      <TestCategory>
        <TestCategoryItem TestCategory="SearchComparers" />
      </TestCategory>
      <Execution id="3e872071-3775-4331-a709-3204c5cdec1f" />
      <TestMethod codeBase="D:\actions-runner\_work\XPCO\XPCO\AllSolutions\..\SC\Components\RemoteViewer\SmartClient\tst\zSmartClient_UnitTest\bin\x64\Debug\net6.0-windows\zSmartClient_UnitTest.dll" adapterTypeName="executor://mstestadapter/v2" className="SmartClient_UnitTest.VideoOS.RemoteClient.Plugin.CentralizedSearch.Models.Wrappers.Comparers.TriggerTimeComparerTests" name="Compare_SameTriggerTimeDeterministicBehavior_Id_Success" />
    </UnitTest>
    <UnitTest name="FocusedSearchResultChanged_MapControlDisposed_CallIgnored" storage="d:\actions-runner\_work\xpco\xpco\allsolutions\..\sc\components\remoteviewer\smartclient\tst\zsmartclient_unittest\bin\x64\debug\net6.0-windows\zsmartclient_unittest.dll" id="135e5704-6a7d-41be-b6f0-09a10aa88b3e">
      <TestCategory>
        <TestCategoryItem TestCategory="Search.SmartMapPreview" />
      </TestCategory>
      <Execution id="61c533ed-2daf-4642-b238-237a3a4a0f99" />
      <TestMethod codeBase="D:\actions-runner\_work\XPCO\XPCO\AllSolutions\..\SC\Components\RemoteViewer\SmartClient\tst\zSmartClient_UnitTest\bin\x64\Debug\net6.0-windows\zSmartClient_UnitTest.dll" adapterTypeName="executor://mstestadapter/v2" className="SmartClient_UnitTest.VideoOS.RemoteClient.Plugin.CentralizedSearch.Views.Controls.SmartMap.SmartMapPreviewTests" name="FocusedSearchResultChanged_MapControlDisposed_CallIgnored" />
    </UnitTest>
    <UnitTest name="SupportsDoubleClick_ShouldBeTrue_WhenInteractionStateIsNewDevice" storage="d:\actions-runner\_work\xpco\xpco\allsolutions\..\sc\components\remoteviewer\smartclient\tst\zsmartclient_unittest\bin\x64\debug\net6.0-windows\zsmartclient_unittest.dll" id="5a499a63-0d2f-5e8b-f84d-d4c0ec13dea2">
      <TestCategory>
        <TestCategoryItem TestCategory="GisMap.InputMarkerTest" />
      </TestCategory>
      <Execution id="feca656b-5e00-4c98-a08e-c80ad11afe9d" />
      <TestMethod codeBase="D:\actions-runner\_work\XPCO\XPCO\AllSolutions\..\SC\Components\RemoteViewer\SmartClient\tst\zSmartClient_UnitTest\bin\x64\Debug\net6.0-windows\zSmartClient_UnitTest.dll" adapterTypeName="executor://mstestadapter/v2" className="SmartClient_UnitTest.VideoOS.RemoteClient.Plugin.GisMap.ThinkGeoMap.Markers.DeviceMarkers.InputMarker.InputMarkerTests" name="SupportsDoubleClick_ShouldBeTrue_WhenInteractionStateIsNewDevice" />
    </UnitTest>
    <UnitTest name="Execute_CancelCommand_DialogResultReturnsFalse" storage="d:\actions-runner\_work\xpco\xpco\allsolutions\..\sc\components\remoteviewer\smartclient\tst\zsmartclient_unittest\bin\x64\debug\net6.0-windows\zsmartclient_unittest.dll" id="2690c66e-1a17-c167-c5a2-9a34963b7540">
      <Execution id="d8944b80-1117-4a8b-82a9-403362ff3f08" />
      <TestMethod codeBase="D:\actions-runner\_work\XPCO\XPCO\AllSolutions\..\SC\Components\RemoteViewer\SmartClient\tst\zSmartClient_UnitTest\bin\x64\Debug\net6.0-windows\zSmartClient_UnitTest.dll" adapterTypeName="executor://mstestadapter/v2" className="SmartClient_UnitTest.VideoOS.RemoteClient.Application.UI.Common.MessageBoxWithList.MessageBoxWithListViewModelTests" name="Execute_CancelCommand_DialogResultReturnsFalse" />
    </UnitTest>
    <UnitTest name="SelectTemplate_UseInDialogEdit_ReturnsInDialogTemplate" storage="d:\actions-runner\_work\xpco\xpco\allsolutions\..\sc\components\remoteviewer\smartclient\tst\zsmartclient_unittest\bin\x64\debug\net6.0-windows\zsmartclient_unittest.dll" id="bddb2a40-1daa-d4bf-c455-d8a073e5d8cf">
      <TestCategory>
        <TestCategoryItem TestCategory="SearchViews" />
      </TestCategory>
      <Execution id="3e887a86-3bc9-44c5-b085-486a25a05a14" />
      <TestMethod codeBase="D:\actions-runner\_work\XPCO\XPCO\AllSolutions\..\SC\Components\RemoteViewer\SmartClient\tst\zSmartClient_UnitTest\bin\x64\Debug\net6.0-windows\zSmartClient_UnitTest.dll" adapterTypeName="executor://mstestadapter/v2" className="SmartClient_UnitTest.VideoOS.RemoteClient.Plugin.CentralizedSearch.Views.AttributeEditControlTemplateSelectorTests" name="SelectTemplate_UseInDialogEdit_ReturnsInDialogTemplate" />
    </UnitTest>
    <UnitTest name="Ctor_NullArgs_ArgNullException" storage="d:\actions-runner\_work\xpco\xpco\allsolutions\..\sc\components\remoteviewer\smartclient\tst\zsmartclient_unittest\bin\x64\debug\net6.0-windows\zsmartclient_unittest.dll" id="03a16989-cfc5-ab34-8c7c-ef90806b02a7">
      <TestCategory>
        <TestCategoryItem TestCategory="Search.Bookmarks" />
      </TestCategory>
      <Execution id="6d65bef0-b910-449b-ad25-970f438b78c1" />
      <TestMethod codeBase="D:\actions-runner\_work\XPCO\XPCO\AllSolutions\..\SC\Components\RemoteViewer\SmartClient\tst\zSmartClient_UnitTest\bin\x64\Debug\net6.0-windows\zSmartClient_UnitTest.dll" adapterTypeName="executor://mstestadapter/v2" className="SmartClient_UnitTest.VideoOS.RemoteClient.Plugin.CentralizedSearch.ViewModels.DeleteBookmarkHandlerTests" name="Ctor_NullArgs_ArgNullException" />
    </UnitTest>
    <UnitTest name="GetMapLayerArguments_ShouldReturnIGisMapModelAndAlarmsObservables_WhenCalled" storage="d:\actions-runner\_work\xpco\xpco\allsolutions\..\sc\components\remoteviewer\smartclient\tst\zsmartclient_unittest\bin\x64\debug\net6.0-windows\zsmartclient_unittest.dll" id="fbe353e8-c445-3d4e-0596-dbc13a8e8e1e">
      <Execution id="ea395643-e9af-4c17-8f76-1d06e4cdb07b" />
      <TestMethod codeBase="D:\actions-runner\_work\XPCO\XPCO\AllSolutions\..\SC\Components\RemoteViewer\SmartClient\tst\zSmartClient_UnitTest\bin\x64\Debug\net6.0-windows\zSmartClient_UnitTest.dll" adapterTypeName="executor://mstestadapter/v2" className="SmartClient_UnitTest.VideoOS.RemoteClient.GisMapData.Strategies.MapLayers.CameraMapLayerDatagramClassFactoryStrategyTests" name="GetMapLayerArguments_ShouldReturnIGisMapModelAndAlarmsObservables_WhenCalled" />
    </UnitTest>
    <UnitTest name="ResolveSearchDefinitions_ShouldReturnResultSearchDefinition_WhenSingleSearchResultAndSearchDefinitionsNotContainingCorrectSearchDefinitionsAreGiven" storage="d:\actions-runner\_work\xpco\xpco\allsolutions\..\sc\components\remoteviewer\smartclient\tst\zsmartclient_unittest\bin\x64\debug\net6.0-windows\zsmartclient_unittest.dll" id="e36cf31f-4200-8205-4a12-8df912fdbdf1">
      <TestCategory>
        <TestCategoryItem TestCategory="Search" />
      </TestCategory>
      <Execution id="4c5263c8-71ff-4dd0-ad09-bcdeba6f4070" />
      <TestMethod codeBase="D:\actions-runner\_work\XPCO\XPCO\AllSolutions\..\SC\Components\RemoteViewer\SmartClient\tst\zSmartClient_UnitTest\bin\x64\Debug\net6.0-windows\zSmartClient_UnitTest.dll" adapterTypeName="executor://mstestadapter/v2" className="SmartClient_UnitTest.VideoOS.RemoteClient.Plugin.CentralizedSearch.Utils.SearchResultDataWrapperExtensionsTests" name="ResolveSearchDefinitions_ShouldReturnResultSearchDefinition_WhenSingleSearchResultAndSearchDefinitionsNotContainingCorrectSearchDefinitionsAreGiven" />
    </UnitTest>
    <UnitTest name="Serialize_ScopeDurationOnly_Success" storage="d:\actions-runner\_work\xpco\xpco\allsolutions\..\sc\components\remoteviewer\smartclient\tst\zsmartclient_unittest\bin\x64\debug\net6.0-windows\zsmartclient_unittest.dll" id="4a1a2788-2d06-5b60-601c-3b966d1658c3">
      <TestCategory>
        <TestCategoryItem TestCategory="SearchSerialization" />
      </TestCategory>
      <Execution id="b462813c-75e8-4d80-adaf-a91921705fbc" />
      <TestMethod codeBase="D:\actions-runner\_work\XPCO\XPCO\AllSolutions\..\SC\Components\RemoteViewer\SmartClient\tst\zSmartClient_UnitTest\bin\x64\Debug\net6.0-windows\zSmartClient_UnitTest.dll" adapterTypeName="executor://mstestadapter/v2" className="SmartClient_UnitTest.VideoOS.RemoteClient.Plugin.CentralizedSearch.Models.Serialization.SearchSerializerTests" name="Serialize_ScopeDurationOnly_Success" />
    </UnitTest>
    <UnitTest name="PtzSessionControllerInfo_ReservedChangedTest_Argument_Null_2" storage="d:\actions-runner\_work\xpco\xpco\allsolutions\..\sc\components\remoteviewer\smartclient\tst\zsmartclient_unittest\bin\x64\debug\net6.0-windows\zsmartclient_unittest.dll" id="c2089cd7-1abb-31da-c4ba-3d9555a4f6a0">
      <Execution id="2a57abc8-304a-4f6f-b7d7-c238592d66fc" />
      <TestMethod codeBase="D:\actions-runner\_work\XPCO\XPCO\AllSolutions\..\SC\Components\RemoteViewer\SmartClient\tst\zSmartClient_UnitTest\bin\x64\Debug\net6.0-windows\zSmartClient_UnitTest.dll" adapterTypeName="executor://mstestadapter/v2" className="VideoOS.RemoteClient.Application.Controllers.UnitTest.PtzSessionControllerTest" name="PtzSessionControllerInfo_ReservedChangedTest_Argument_Null_2" />
    </UnitTest>
    <UnitTest name="FindSearchTemplatesAsync_Succeeds_Success" storage="d:\actions-runner\_work\xpco\xpco\allsolutions\..\sc\components\remoteviewer\smartclient\tst\zsmartclient_unittest\bin\x64\debug\net6.0-windows\zsmartclient_unittest.dll" id="96dce277-8e08-3c8a-12f9-10c2b51249cb">
      <TestCategory>
        <TestCategoryItem TestCategory="SearchTemplates" />
      </TestCategory>
      <Execution id="cd286bd7-eb2c-4f5b-9959-ad1f022a441c" />
      <TestMethod codeBase="D:\actions-runner\_work\XPCO\XPCO\AllSolutions\..\SC\Components\RemoteViewer\SmartClient\tst\zSmartClient_UnitTest\bin\x64\Debug\net6.0-windows\zSmartClient_UnitTest.dll" adapterTypeName="executor://mstestadapter/v2" className="SmartClient_UnitTest.VideoOS.RemoteClient.Plugin.CentralizedSearch.SearchTemplates.SearchTemplateManagerTests" name="FindSearchTemplatesAsync_Succeeds_Success" />
    </UnitTest>
    <UnitTest name="GeNumberOfMonitors_ShouldReturnValidValue" storage="d:\actions-runner\_work\xpco\xpco\allsolutions\..\sc\components\remoteviewer\smartclient\tst\zsmartclient_unittest\bin\x64\debug\net6.0-windows\zsmartclient_unittest.dll" id="a6aa36e2-697d-2507-2a34-be6ba6cdbea9">
      <Execution id="8ab4255e-2247-43e2-80fe-d45b9b8c8f7b" />
      <TestMethod codeBase="D:\actions-runner\_work\XPCO\XPCO\AllSolutions\..\SC\Components\RemoteViewer\SmartClient\tst\zSmartClient_UnitTest\bin\x64\Debug\net6.0-windows\zSmartClient_UnitTest.dll" adapterTypeName="executor://mstestadapter/v2" className="SmartClient_UnitTest.VideoOS.RemoteClient.Application.Common.Telemetry.SCTelemetrySpecificsTests" name="GeNumberOfMonitors_ShouldReturnValidValue" />
    </UnitTest>
    <UnitTest name="PatrollingProfileViewModelTest_patrollingStepListViewModel_PropertyChanged" storage="d:\actions-runner\_work\xpco\xpco\allsolutions\..\sc\components\remoteviewer\smartclient\tst\zsmartclient_unittest\bin\x64\debug\net6.0-windows\zsmartclient_unittest.dll" id="30f4ca0f-0cfa-0e61-edff-19f1044181dc">
      <Execution id="33c38835-aa8e-4fa2-9888-bc6b63e9438a" />
      <TestMethod codeBase="D:\actions-runner\_work\XPCO\XPCO\AllSolutions\..\SC\Components\RemoteViewer\SmartClient\tst\zSmartClient_UnitTest\bin\x64\Debug\net6.0-windows\zSmartClient_UnitTest.dll" adapterTypeName="executor://mstestadapter/v2" className="SmartClient_UnitTest.VideoOS.RemoteClient.Application.UI.PtzPreset.PatrollingViewModel.PatrollingProfileViewModelTest" name="PatrollingProfileViewModelTest_patrollingStepListViewModel_PropertyChanged" />
    </UnitTest>
    <UnitTest name="Deserialize_ShouldReturnCombineTypeOr_WhenCombineTypeIsNotPresentInXml" storage="d:\actions-runner\_work\xpco\xpco\allsolutions\..\sc\components\remoteviewer\smartclient\tst\zsmartclient_unittest\bin\x64\debug\net6.0-windows\zsmartclient_unittest.dll" id="3284ea6f-a6ad-01dc-f291-bda78cd8c320">
      <TestCategory>
        <TestCategoryItem TestCategory="SearchModels" />
      </TestCategory>
      <Execution id="988128f5-31c7-4dbc-a63f-eefa2c5c00fd" />
      <TestMethod codeBase="D:\actions-runner\_work\XPCO\XPCO\AllSolutions\..\SC\Components\RemoteViewer\SmartClient\tst\zSmartClient_UnitTest\bin\x64\Debug\net6.0-windows\zSmartClient_UnitTest.dll" adapterTypeName="executor://mstestadapter/v2" className="SmartClient_UnitTest.VideoOS.RemoteClient.Plugin.CentralizedSearch.Models.SearchModelTests" name="Deserialize_ShouldReturnCombineTypeOr_WhenCombineTypeIsNotPresentInXml" />
    </UnitTest>
    <UnitTest name="SearchAction_BrowseMode_OneYearInThePast" storage="d:\actions-runner\_work\xpco\xpco\allsolutions\..\sc\components\remoteviewer\smartclient\tst\zsmartclient_unittest\bin\x64\debug\net6.0-windows\zsmartclient_unittest.dll" id="642e6019-2faa-a30d-dbaf-ea59f97e9c72">
      <TestCategory>
        <TestCategoryItem TestCategory="WorkspaceToolbar" />
      </TestCategory>
      <Execution id="2f822395-49bf-482c-96d1-3b461ffb4ac1" />
      <TestMethod codeBase="D:\actions-runner\_work\XPCO\XPCO\AllSolutions\..\SC\Components\RemoteViewer\SmartClient\tst\zSmartClient_UnitTest\bin\x64\Debug\net6.0-windows\zSmartClient_UnitTest.dll" adapterTypeName="executor://mstestadapter/v2" className="SmartClient_UnitTest.VideoOS.RemoteClient.Application.Data.WorkspaceToolbar.WorkspaceToolbarItemSmartSearchTests" name="SearchAction_BrowseMode_OneYearInThePast" />
    </UnitTest>
    <UnitTest name="Compare_ShouldPrioritizeCombinedResultsWithMostTriggerTimesInTimespan_WhenNotAllTriggerTimesAreCounted" storage="d:\actions-runner\_work\xpco\xpco\allsolutions\..\sc\components\remoteviewer\smartclient\tst\zsmartclient_unittest\bin\x64\debug\net6.0-windows\zsmartclient_unittest.dll" id="dbbcef65-1aa6-a5c1-32ef-04150022dcf1">
      <TestCategory>
        <TestCategoryItem TestCategory="SearchComparers" />
      </TestCategory>
      <Execution id="38753150-0500-4652-adde-a06a0360dfb3" />
      <TestMethod codeBase="D:\actions-runner\_work\XPCO\XPCO\AllSolutions\..\SC\Components\RemoteViewer\SmartClient\tst\zSmartClient_UnitTest\bin\x64\Debug\net6.0-windows\zSmartClient_UnitTest.dll" adapterTypeName="executor://mstestadapter/v2" className="SmartClient_UnitTest.VideoOS.RemoteClient.Plugin.CentralizedSearch.Models.Wrappers.Comparers.RelevanceComparerTests" name="Compare_ShouldPrioritizeCombinedResultsWithMostTriggerTimesInTimespan_WhenNotAllTriggerTimesAreCounted" />
    </UnitTest>
    <UnitTest name="SearchModelOnSearchResultsReady_OnUiThread_Success" storage="d:\actions-runner\_work\xpco\xpco\allsolutions\..\sc\components\remoteviewer\smartclient\tst\zsmartclient_unittest\bin\x64\debug\net6.0-windows\zsmartclient_unittest.dll" id="91f26bca-4ab5-824b-aa90-84778c7aa540">
      <TestCategory>
        <TestCategoryItem TestCategory="SearchViewModels" />
      </TestCategory>
      <Execution id="a69c18fc-21a5-4329-8ff1-9e5c9afdd4b1" />
      <TestMethod codeBase="D:\actions-runner\_work\XPCO\XPCO\AllSolutions\..\SC\Components\RemoteViewer\SmartClient\tst\zSmartClient_UnitTest\bin\x64\Debug\net6.0-windows\zSmartClient_UnitTest.dll" adapterTypeName="executor://mstestadapter/v2" className="SmartClient_UnitTest.VideoOS.RemoteClient.Plugin.CentralizedSearch.ViewModels.SearchViewModelTests" name="SearchModelOnSearchResultsReady_OnUiThread_Success" />
    </UnitTest>
    <UnitTest name="TestCreateMipTabWorkroom_Single_Success" storage="d:\actions-runner\_work\xpco\xpco\allsolutions\..\sc\components\remoteviewer\smartclient\tst\zsmartclient_unittest\bin\x64\debug\net6.0-windows\zsmartclient_unittest.dll" id="77b1b206-b293-8add-d0dd-e8f3149cd45e">
      <TestCategory>
        <TestCategoryItem TestCategory="WorkroomController" />
      </TestCategory>
      <Execution id="fe982e12-b16e-4809-83da-2f7596b11a97" />
      <TestMethod codeBase="D:\actions-runner\_work\XPCO\XPCO\AllSolutions\..\SC\Components\RemoteViewer\SmartClient\tst\zSmartClient_UnitTest\bin\x64\Debug\net6.0-windows\zSmartClient_UnitTest.dll" adapterTypeName="executor://mstestadapter/v2" className="VideoOS.RemoteClient.Application.Controllers.WorkroomController.UnitTest.TabWorkroomControllerTest" name="TestCreateMipTabWorkroom_Single_Success" />
    </UnitTest>
    <UnitTest name="ConvertBack_ShouldRaiseInvalidCastException_WhenValueIsTrueAndParameterIsNotAnInteractionState" storage="d:\actions-runner\_work\xpco\xpco\allsolutions\..\sc\components\remoteviewer\smartclient\tst\zsmartclient_unittest\bin\x64\debug\net6.0-windows\zsmartclient_unittest.dll" id="5da91449-988e-883d-873e-5998d198d64c">
      <TestCategory>
        <TestCategoryItem TestCategory="GisMap.InteractionStateConverter" />
      </TestCategory>
      <Execution id="669dd420-3d26-408b-9b41-7b3d99e7558a" />
      <TestMethod codeBase="D:\actions-runner\_work\XPCO\XPCO\AllSolutions\..\SC\Components\RemoteViewer\SmartClient\tst\zSmartClient_UnitTest\bin\x64\Debug\net6.0-windows\zSmartClient_UnitTest.dll" adapterTypeName="executor://mstestadapter/v2" className="SmartClient_UnitTest.VideoOS.RemoteClient.Plugin.GisMap.View.InteractionStateConverterTests" name="ConvertBack_ShouldRaiseInvalidCastException_WhenValueIsTrueAndParameterIsNotAnInteractionState" />
    </UnitTest>
    <UnitTest name="FilterValueHasRegionSelectionForCamera_ShouldReturnFalse_WhenFilterValueDoesNotHaveRegionSelectionForCamera" storage="d:\actions-runner\_work\xpco\xpco\allsolutions\..\sc\components\remoteviewer\smartclient\tst\zsmartclient_unittest\bin\x64\debug\net6.0-windows\zsmartclient_unittest.dll" id="074ff88b-4399-26b0-d5af-74bb943b8f07">
      <TestCategory>
        <TestCategoryItem TestCategory="Search.Filters.ViewModels" />
      </TestCategory>
      <Execution id="49596d4c-9d7e-4b48-93e9-faaa81b82a40" />
      <TestMethod codeBase="D:\actions-runner\_work\XPCO\XPCO\AllSolutions\..\SC\Components\RemoteViewer\SmartClient\tst\zSmartClient_UnitTest\bin\x64\Debug\net6.0-windows\zSmartClient_UnitTest.dll" adapterTypeName="executor://mstestadapter/v2" className="SmartClient_UnitTest.VideoOS.RemoteClient.Plugin.CentralizedSearch.MIPPlugin.Criteria.ViewModels.SmartSearchCameraListItemHelperTests" name="FilterValueHasRegionSelectionForCamera_ShouldReturnFalse_WhenFilterValueDoesNotHaveRegionSelectionForCamera" />
    </UnitTest>
    <UnitTest name="AuthType_ShouldReturnNegotiate_WhenConstructedUsingWindows" storage="d:\actions-runner\_work\xpco\xpco\allsolutions\..\sc\components\remoteviewer\smartclient\tst\zsmartclient_unittest\bin\x64\debug\net6.0-windows\zsmartclient_unittest.dll" id="3369c6d4-ee50-9d6e-0705-4fc6884cc7fb">
      <TestCategory>
        <TestCategoryItem TestCategory="Authentication.ClientCredentials" />
      </TestCategory>
      <Execution id="e971cd3a-7a78-4715-afba-2a6efc11a26a" />
      <TestMethod codeBase="D:\actions-runner\_work\XPCO\XPCO\AllSolutions\..\SC\Components\RemoteViewer\SmartClient\tst\zSmartClient_UnitTest\bin\x64\Debug\net6.0-windows\zSmartClient_UnitTest.dll" adapterTypeName="executor://mstestadapter/v2" className="SmartClient_UnitTest.VideoOS.Shared.ServerAPI.ClientCredentialsTest" name="AuthType_ShouldReturnNegotiate_WhenConstructedUsingWindows" />
    </UnitTest>
    <UnitTest name="TestGetWorkroom_UnknownWorkSpaceId_Success" storage="d:\actions-runner\_work\xpco\xpco\allsolutions\..\sc\components\remoteviewer\smartclient\tst\zsmartclient_unittest\bin\x64\debug\net6.0-windows\zsmartclient_unittest.dll" id="4ac44c86-bed3-2106-179e-e12e5a83e7dd">
      <TestCategory>
        <TestCategoryItem TestCategory="WorkroomController" />
      </TestCategory>
      <Execution id="4f67533b-8df0-458d-a4d5-f6f0e1b7e65f" />
      <TestMethod codeBase="D:\actions-runner\_work\XPCO\XPCO\AllSolutions\..\SC\Components\RemoteViewer\SmartClient\tst\zSmartClient_UnitTest\bin\x64\Debug\net6.0-windows\zSmartClient_UnitTest.dll" adapterTypeName="executor://mstestadapter/v2" className="VideoOS.RemoteClient.Application.Controllers.WorkroomController.UnitTest.TabWorkroomControllerTest" name="TestGetWorkroom_UnknownWorkSpaceId_Success" />
    </UnitTest>
    <UnitTest name="ShowSuccessToast_ShouldShowCorrectNumberOfToasts (0,0)" storage="d:\actions-runner\_work\xpco\xpco\allsolutions\..\sc\components\remoteviewer\smartclient\tst\zsmartclient_unittest\bin\x64\debug\net6.0-windows\zsmartclient_unittest.dll" id="6e64b1c1-2e75-35e1-101c-1ff9cd084eb0">
      <TestCategory>
        <TestCategoryItem TestCategory="Managers" />
      </TestCategory>
      <Execution id="38e5ee64-a8c5-40bf-aff6-a6e947807d56" />
      <TestMethod codeBase="D:\actions-runner\_work\XPCO\XPCO\AllSolutions\..\SC\Components\RemoteViewer\SmartClient\tst\zSmartClient_UnitTest\bin\x64\Debug\net6.0-windows\zSmartClient_UnitTest.dll" adapterTypeName="executor://mstestadapter/v2" className="SmartClient_UnitTest.VideoOS.RemoteClient.Application.Managers.ExportResultsNotificationHelperTests" name="ShowSuccessToast_ShouldShowCorrectNumberOfToasts" />
    </UnitTest>
    <UnitTest name="DeviceIcons_ShouldNotBeNull_WhenCalled" storage="d:\actions-runner\_work\xpco\xpco\allsolutions\..\sc\components\remoteviewer\smartclient\tst\zsmartclient_unittest\bin\x64\debug\net6.0-windows\zsmartclient_unittest.dll" id="bedf46db-baeb-e070-62c2-ab54242ce982">
      <TestCategory>
        <TestCategoryItem TestCategory="GisMapData.MicrophoneOemResourcesProviderTests" />
      </TestCategory>
      <Execution id="29547982-9f67-4b76-a88f-e29355627c79" />
      <TestMethod codeBase="D:\actions-runner\_work\XPCO\XPCO\AllSolutions\..\SC\Components\RemoteViewer\SmartClient\tst\zSmartClient_UnitTest\bin\x64\Debug\net6.0-windows\zSmartClient_UnitTest.dll" adapterTypeName="executor://mstestadapter/v2" className="SmartClient_UnitTest.VideoOS.RemoteClient.GisMapData.Resources.MicrophoneOemResourcesProviderTests" name="DeviceIcons_ShouldNotBeNull_WhenCalled" />
    </UnitTest>
    <UnitTest name="PtzSessionControllerInfoConstructorTest_From_PtzSessionInfo_Anonymous_User" storage="d:\actions-runner\_work\xpco\xpco\allsolutions\..\sc\components\remoteviewer\smartclient\tst\zsmartclient_unittest\bin\x64\debug\net6.0-windows\zsmartclient_unittest.dll" id="205d3986-407b-ed3e-b9d7-5c5108416447">
      <Execution id="6b84530a-66e4-48de-8ef3-bb41ffa30134" />
      <TestMethod codeBase="D:\actions-runner\_work\XPCO\XPCO\AllSolutions\..\SC\Components\RemoteViewer\SmartClient\tst\zSmartClient_UnitTest\bin\x64\Debug\net6.0-windows\zSmartClient_UnitTest.dll" adapterTypeName="executor://mstestadapter/v2" className="VideoOS.RemoteClient.Application.Controllers.UnitTest.PtzSessionControllerTest" name="PtzSessionControllerInfoConstructorTest_From_PtzSessionInfo_Anonymous_User" />
    </UnitTest>
    <UnitTest name="GetIsOpenStreetMapValid_ShouldReturnFalse_WhenGeographicLayerIsNullAndAlternativeServerIsEmpty" storage="d:\actions-runner\_work\xpco\xpco\allsolutions\..\sc\components\remoteviewer\smartclient\tst\zsmartclient_unittest\bin\x64\debug\net6.0-windows\zsmartclient_unittest.dll" id="9ccd04df-3e0c-6d9f-958b-55fa47ad0ff1">
      <TestCategory>
        <TestCategoryItem TestCategory="GisMapData.Controllers.Osm" />
      </TestCategory>
      <Execution id="8cdbae96-ce66-442f-b482-c41781450181" />
      <TestMethod codeBase="D:\actions-runner\_work\XPCO\XPCO\AllSolutions\..\SC\Components\RemoteViewer\SmartClient\tst\zSmartClient_UnitTest\bin\x64\Debug\net6.0-windows\zSmartClient_UnitTest.dll" adapterTypeName="executor://mstestadapter/v2" className="SmartClient_UnitTest.VideoOS.RemoteClient.GisMapData.Controllers.Osm.GisMapOsmControllerTests" name="GetIsOpenStreetMapValid_ShouldReturnFalse_WhenGeographicLayerIsNullAndAlternativeServerIsEmpty" />
    </UnitTest>
    <UnitTest name="PatrollingStepListViewModel_AddStepExecute" storage="d:\actions-runner\_work\xpco\xpco\allsolutions\..\sc\components\remoteviewer\smartclient\tst\zsmartclient_unittest\bin\x64\debug\net6.0-windows\zsmartclient_unittest.dll" id="10f7e539-95db-7d97-e660-3fdca86f07c0">
      <Execution id="d76269f6-2c2a-4d93-87c5-77b29eae94ae" />
      <TestMethod codeBase="D:\actions-runner\_work\XPCO\XPCO\AllSolutions\..\SC\Components\RemoteViewer\SmartClient\tst\zSmartClient_UnitTest\bin\x64\Debug\net6.0-windows\zSmartClient_UnitTest.dll" adapterTypeName="executor://mstestadapter/v2" className="SmartClient_UnitTest.VideoOS.RemoteClient.Application.UI.PtzPreset.PatrollingViewModel.PatrollingStepListViewModelTest" name="PatrollingStepListViewModel_AddStepExecute" />
    </UnitTest>
    <UnitTest name="MipItemsMapLayer_Loaded_Success" storage="d:\actions-runner\_work\xpco\xpco\allsolutions\..\sc\components\remoteviewer\smartclient\tst\zsmartclient_unittest\bin\x64\debug\net6.0-windows\zsmartclient_unittest.dll" id="1038d0a8-74b6-4dd8-b766-1b08a5e0b707">
      <TestCategory>
        <TestCategoryItem TestCategory="GisMapLayer" />
      </TestCategory>
      <Execution id="dfd8339d-4e13-440c-a2e6-422a08883557" />
      <TestMethod codeBase="D:\actions-runner\_work\XPCO\XPCO\AllSolutions\..\SC\Components\RemoteViewer\SmartClient\tst\zSmartClient_UnitTest\bin\x64\Debug\net6.0-windows\zSmartClient_UnitTest.dll" adapterTypeName="executor://mstestadapter/v2" className="SmartClient_UnitTest.VideoOS.RemoteClient.GisMap.MapLayers.GisMapLayerTests" name="MipItemsMapLayer_Loaded_Success" />
    </UnitTest>
    <UnitTest name="PtzSessionControllerInfo_UserChangedTest_Different_CameraId" storage="d:\actions-runner\_work\xpco\xpco\allsolutions\..\sc\components\remoteviewer\smartclient\tst\zsmartclient_unittest\bin\x64\debug\net6.0-windows\zsmartclient_unittest.dll" id="4ded814a-816b-915a-dcce-433d1dc05ab0">
      <Execution id="f41d1940-3c2b-44b9-a6e4-e28af449a3d7" />
      <TestMethod codeBase="D:\actions-runner\_work\XPCO\XPCO\AllSolutions\..\SC\Components\RemoteViewer\SmartClient\tst\zSmartClient_UnitTest\bin\x64\Debug\net6.0-windows\zSmartClient_UnitTest.dll" adapterTypeName="executor://mstestadapter/v2" className="VideoOS.RemoteClient.Application.Controllers.UnitTest.PtzSessionControllerTest" name="PtzSessionControllerInfo_UserChangedTest_Different_CameraId" />
    </UnitTest>
    <UnitTest name="PatrollingProfileListViewModel_AddProfileExecute" storage="d:\actions-runner\_work\xpco\xpco\allsolutions\..\sc\components\remoteviewer\smartclient\tst\zsmartclient_unittest\bin\x64\debug\net6.0-windows\zsmartclient_unittest.dll" id="2f8a4bab-4df9-e4ff-fb91-be0d70ec975d">
      <Execution id="fe2a832e-8252-495a-8757-c2dcbc413ac9" />
      <TestMethod codeBase="D:\actions-runner\_work\XPCO\XPCO\AllSolutions\..\SC\Components\RemoteViewer\SmartClient\tst\zSmartClient_UnitTest\bin\x64\Debug\net6.0-windows\zSmartClient_UnitTest.dll" adapterTypeName="executor://mstestadapter/v2" className="SmartClient_UnitTest.VideoOS.RemoteClient.Application.UI.PtzPreset.PatrollingViewModel.PatrollingProfileListViewModelTest" name="PatrollingProfileListViewModel_AddProfileExecute" />
    </UnitTest>
    <UnitTest name="GetMutedMicrophoneIconId_ShouldRaiseArgumentException_WhenArgumentIsNotAUnmutedMicrophoneIconId" storage="d:\actions-runner\_work\xpco\xpco\allsolutions\..\sc\components\remoteviewer\smartclient\tst\zsmartclient_unittest\bin\x64\debug\net6.0-windows\zsmartclient_unittest.dll" id="b0e10c91-c024-4a15-62c7-840e030250c4">
      <TestCategory>
        <TestCategoryItem TestCategory="GisMapData.MicrophoneOemResourcesProviderTests" />
      </TestCategory>
      <Execution id="831c8ade-55dd-4cd0-961f-5e5898230c08" />
      <TestMethod codeBase="D:\actions-runner\_work\XPCO\XPCO\AllSolutions\..\SC\Components\RemoteViewer\SmartClient\tst\zSmartClient_UnitTest\bin\x64\Debug\net6.0-windows\zSmartClient_UnitTest.dll" adapterTypeName="executor://mstestadapter/v2" className="SmartClient_UnitTest.VideoOS.RemoteClient.GisMapData.Resources.MicrophoneOemResourcesProviderTests" name="GetMutedMicrophoneIconId_ShouldRaiseArgumentException_WhenArgumentIsNotAUnmutedMicrophoneIconId" />
    </UnitTest>
    <UnitTest name="MakeId_ShouldGenerateSameId_WhenResultsChangeOrderButResultsAreSame" storage="d:\actions-runner\_work\xpco\xpco\allsolutions\..\sc\components\remoteviewer\smartclient\tst\zsmartclient_unittest\bin\x64\debug\net6.0-windows\zsmartclient_unittest.dll" id="310bd126-7eaa-5bf4-39f9-05d7e2e492eb">
      <TestCategory>
        <TestCategoryItem TestCategory="Search.Wrappers" />
      </TestCategory>
      <Execution id="bd5304c1-f28b-423c-8d00-1a473b55c1cf" />
      <TestMethod codeBase="D:\actions-runner\_work\XPCO\XPCO\AllSolutions\..\SC\Components\RemoteViewer\SmartClient\tst\zSmartClient_UnitTest\bin\x64\Debug\net6.0-windows\zSmartClient_UnitTest.dll" adapterTypeName="executor://mstestadapter/v2" className="SmartClient_UnitTest.VideoOS.RemoteClient.Plugin.CentralizedSearch.Models.Wrappers.SearchResultDataWrapperTests" name="MakeId_ShouldGenerateSameId_WhenResultsChangeOrderButResultsAreSame" />
    </UnitTest>
    <UnitTest name="UpdateSearchAttributes_MultipleFiltersWithoutValues_NotAdded" storage="d:\actions-runner\_work\xpco\xpco\allsolutions\..\sc\components\remoteviewer\smartclient\tst\zsmartclient_unittest\bin\x64\debug\net6.0-windows\zsmartclient_unittest.dll" id="eccebb4b-dd86-ffbc-9874-555886a9ecd8">
      <TestCategory>
        <TestCategoryItem TestCategory="Search" />
      </TestCategory>
      <Execution id="fd1712ec-1f02-42a7-9885-59c04fda2fa4" />
      <TestMethod codeBase="D:\actions-runner\_work\XPCO\XPCO\AllSolutions\..\SC\Components\RemoteViewer\SmartClient\tst\zSmartClient_UnitTest\bin\x64\Debug\net6.0-windows\zSmartClient_UnitTest.dll" adapterTypeName="executor://mstestadapter/v2" className="SmartClient_UnitTest.VideoOS.RemoteClient.Plugin.CentralizedSearch.ViewModels.SearchDefinitionViewModelTests" name="UpdateSearchAttributes_MultipleFiltersWithoutValues_NotAdded" />
    </UnitTest>
    <UnitTest name="SortBuildingLayers_Success" storage="d:\actions-runner\_work\xpco\xpco\allsolutions\..\sc\components\remoteviewer\smartclient\tst\zsmartclient_unittest\bin\x64\debug\net6.0-windows\zsmartclient_unittest.dll" id="e6dcebe5-b6cc-8c91-5e65-857f5572db4e">
      <TestCategory>
        <TestCategoryItem TestCategory="GisMapLayers" />
      </TestCategory>
      <Execution id="e4c36280-4385-46fe-9a29-b49259f5bb11" />
      <TestMethod codeBase="D:\actions-runner\_work\XPCO\XPCO\AllSolutions\..\SC\Components\RemoteViewer\SmartClient\tst\zSmartClient_UnitTest\bin\x64\Debug\net6.0-windows\zSmartClient_UnitTest.dll" adapterTypeName="executor://mstestadapter/v2" className="SmartClient_UnitTest.VideoOS.RemoteClient.GisMapData.GisMapLayerZOrderTests" name="SortBuildingLayers_Success" />
    </UnitTest>
    <UnitTest name="ZoomIn_MapNotSet_DoesNotCrash" storage="d:\actions-runner\_work\xpco\xpco\allsolutions\..\sc\components\remoteviewer\smartclient\tst\zsmartclient_unittest\bin\x64\debug\net6.0-windows\zsmartclient_unittest.dll" id="50ac9240-7e70-f521-a930-8425f2e1e8c4">
      <Execution id="2343354e-6648-40e5-b72a-d057cb0979af" />
      <TestMethod codeBase="D:\actions-runner\_work\XPCO\XPCO\AllSolutions\..\SC\Components\RemoteViewer\SmartClient\tst\zSmartClient_UnitTest\bin\x64\Debug\net6.0-windows\zSmartClient_UnitTest.dll" adapterTypeName="executor://mstestadapter/v2" className="SmartClient_UnitTest.VideoOS.RemoteClient.Plugin.GisMap.ThinkGeoMap.DefaultZoomHandlerTests" name="ZoomIn_MapNotSet_DoesNotCrash" />
    </UnitTest>
    <UnitTest name="OnLoaded_ValidConfigurationNoInlineEdit_InlineAttributeEditControlNotSet" storage="d:\actions-runner\_work\xpco\xpco\allsolutions\..\sc\components\remoteviewer\smartclient\tst\zsmartclient_unittest\bin\x64\debug\net6.0-windows\zsmartclient_unittest.dll" id="2ee134e1-115d-c1eb-9935-4d228f8143e5">
      <TestCategory>
        <TestCategoryItem TestCategory="SearchViews" />
      </TestCategory>
      <Execution id="895972c5-27ce-4db8-90c5-d0827d7b44bc" />
      <TestMethod codeBase="D:\actions-runner\_work\XPCO\XPCO\AllSolutions\..\SC\Components\RemoteViewer\SmartClient\tst\zSmartClient_UnitTest\bin\x64\Debug\net6.0-windows\zSmartClient_UnitTest.dll" adapterTypeName="executor://mstestadapter/v2" className="SmartClient_UnitTest.VideoOS.RemoteClient.Plugin.CentralizedSearch.Views.SearchAttributeViewTests" name="OnLoaded_ValidConfigurationNoInlineEdit_InlineAttributeEditControlNotSet" />
    </UnitTest>
    <UnitTest name="SmartMapGoToPositionHandler_WhenDataIsValid_ShouldCallNavigateTo" storage="d:\actions-runner\_work\xpco\xpco\allsolutions\..\sc\components\remoteviewer\smartclient\tst\zsmartclient_unittest\bin\x64\debug\net6.0-windows\zsmartclient_unittest.dll" id="17f82cf7-4d92-18c7-4ec3-228bc2e9056a">
      <Execution id="25bde253-741d-4057-a50e-76b26289e432" />
      <TestMethod codeBase="D:\actions-runner\_work\XPCO\XPCO\AllSolutions\..\SC\Components\RemoteViewer\SmartClient\tst\zSmartClient_UnitTest\bin\x64\Debug\net6.0-windows\zSmartClient_UnitTest.dll" adapterTypeName="executor://mstestadapter/v2" className="SmartClient_UnitTest.VideoOS.RemoteClient.Plugin.GisMap.MIP.ContentHolderMipMessageManagerTests" name="SmartMapGoToPositionHandler_WhenDataIsValid_ShouldCallNavigateTo" />
    </UnitTest>
    <UnitTest name="CameraMapItem_Start_AlarmObservable_SetAlarms" storage="d:\actions-runner\_work\xpco\xpco\allsolutions\..\sc\components\remoteviewer\smartclient\tst\zsmartclient_unittest\bin\x64\debug\net6.0-windows\zsmartclient_unittest.dll" id="7279d631-5e65-263e-b126-502467fa7c3a">
      <TestCategory>
        <TestCategoryItem TestCategory="GisMapMapItem" />
      </TestCategory>
      <Execution id="ad415709-20be-4016-8a37-d8f2a1c28e20" />
      <TestMethod codeBase="D:\actions-runner\_work\XPCO\XPCO\AllSolutions\..\SC\Components\RemoteViewer\SmartClient\tst\zSmartClient_UnitTest\bin\x64\Debug\net6.0-windows\zSmartClient_UnitTest.dll" adapterTypeName="executor://mstestadapter/v2" className="SmartClient_UnitTest.VideoOS.RemoteClient.GisMap.MapItem.MapItemTests" name="CameraMapItem_Start_AlarmObservable_SetAlarms" />
    </UnitTest>
    <UnitTest name="CameraItemsLayer_NotIsGeographic_Load_Success" storage="d:\actions-runner\_work\xpco\xpco\allsolutions\..\sc\components\remoteviewer\smartclient\tst\zsmartclient_unittest\bin\x64\debug\net6.0-windows\zsmartclient_unittest.dll" id="b063cbf8-fbea-b941-bdb6-591483cd4018">
      <TestCategory>
        <TestCategoryItem TestCategory="GisMapLayer" />
      </TestCategory>
      <Execution id="c4139d1c-8053-4051-a806-215c240df9fa" />
      <TestMethod codeBase="D:\actions-runner\_work\XPCO\XPCO\AllSolutions\..\SC\Components\RemoteViewer\SmartClient\tst\zSmartClient_UnitTest\bin\x64\Debug\net6.0-windows\zSmartClient_UnitTest.dll" adapterTypeName="executor://mstestadapter/v2" className="SmartClient_UnitTest.VideoOS.RemoteClient.GisMap.MapLayers.GisMapLayerTests" name="CameraItemsLayer_NotIsGeographic_Load_Success" />
    </UnitTest>
    <UnitTest name="RemoveWorkroom_ShouldThrowException_WhenWorkroomToRemoveIsNull" storage="d:\actions-runner\_work\xpco\xpco\allsolutions\..\sc\components\remoteviewer\smartclient\tst\zsmartclient_unittest\bin\x64\debug\net6.0-windows\zsmartclient_unittest.dll" id="550475a3-cdd8-1a4c-8164-53657594f4b5">
      <TestCategory>
        <TestCategoryItem TestCategory="WorkroomController" />
      </TestCategory>
      <Execution id="93fbe4e3-8663-4115-8112-a227ae4e98f0" />
      <TestMethod codeBase="D:\actions-runner\_work\XPCO\XPCO\AllSolutions\..\SC\Components\RemoteViewer\SmartClient\tst\zSmartClient_UnitTest\bin\x64\Debug\net6.0-windows\zSmartClient_UnitTest.dll" adapterTypeName="executor://mstestadapter/v2" className="SmartClient_UnitTest.VideoOS.RemoteClient.Application.Controllers.WorkroomController.WorkroomControllerBaseTest" name="RemoveWorkroom_ShouldThrowException_WhenWorkroomToRemoveIsNull" />
    </UnitTest>
    <UnitTest name="VideoResultSearchResult_SetThenReset_PropertiesEmptied" storage="d:\actions-runner\_work\xpco\xpco\allsolutions\..\sc\components\remoteviewer\smartclient\tst\zsmartclient_unittest\bin\x64\debug\net6.0-windows\zsmartclient_unittest.dll" id="30fe8312-9877-ebd0-79b2-11d30d1e5b58">
      <TestCategory>
        <TestCategoryItem TestCategory="SearchControls" />
      </TestCategory>
      <Execution id="4e185141-f31f-4b09-813c-b03efe92a4a1" />
      <TestMethod codeBase="D:\actions-runner\_work\XPCO\XPCO\AllSolutions\..\SC\Components\RemoteViewer\SmartClient\tst\zSmartClient_UnitTest\bin\x64\Debug\net6.0-windows\zSmartClient_UnitTest.dll" adapterTypeName="executor://mstestadapter/v2" className="SmartClient_UnitTest.VideoOS.RemoteClient.Plugin.CentralizedSearch.Views.Controls.SearchResultDetailsControlTests" name="VideoResultSearchResult_SetThenReset_PropertiesEmptied" />
    </UnitTest>
    <UnitTest name="GetLayerVisibilityItemsData_ShouldAddTwoToggleableVisibilityItemData_WhenAnyDeviceMapLayerIsProvided" storage="d:\actions-runner\_work\xpco\xpco\allsolutions\..\sc\components\remoteviewer\smartclient\tst\zsmartclient_unittest\bin\x64\debug\net6.0-windows\zsmartclient_unittest.dll" id="361fc6c6-0e8b-67f9-3bea-df214e20d9d1">
      <TestCategory>
        <TestCategoryItem TestCategory="GisMap.DefaultFixedLayerManagerStrategyTests" />
      </TestCategory>
      <Execution id="cd0502b3-d525-45f6-9b03-b2c26f1f6e9f" />
      <TestMethod codeBase="D:\actions-runner\_work\XPCO\XPCO\AllSolutions\..\SC\Components\RemoteViewer\SmartClient\tst\zSmartClient_UnitTest\bin\x64\Debug\net6.0-windows\zSmartClient_UnitTest.dll" adapterTypeName="executor://mstestadapter/v2" className="SmartClient_UnitTest.VideoOS.RemoteClient.Plugin.GisMap.ViewModels.LayersVisibility.FixedLayers.DefaultFixedLayerManagerStrategyTests" name="GetLayerVisibilityItemsData_ShouldAddTwoToggleableVisibilityItemData_WhenAnyDeviceMapLayerIsProvided" />
    </UnitTest>
    <UnitTest name="SortLayersByOrderAndTypes_Success" storage="d:\actions-runner\_work\xpco\xpco\allsolutions\..\sc\components\remoteviewer\smartclient\tst\zsmartclient_unittest\bin\x64\debug\net6.0-windows\zsmartclient_unittest.dll" id="076479ee-f448-9ceb-4230-0072b1a0e768">
      <TestCategory>
        <TestCategoryItem TestCategory="GisMapLayers" />
      </TestCategory>
      <Execution id="b928bd1e-6b7e-4275-991a-bc215a01ced3" />
      <TestMethod codeBase="D:\actions-runner\_work\XPCO\XPCO\AllSolutions\..\SC\Components\RemoteViewer\SmartClient\tst\zSmartClient_UnitTest\bin\x64\Debug\net6.0-windows\zSmartClient_UnitTest.dll" adapterTypeName="executor://mstestadapter/v2" className="SmartClient_UnitTest.VideoOS.RemoteClient.GisMapData.GisMapLayerZOrderTests" name="SortLayersByOrderAndTypes_Success" />
    </UnitTest>
    <UnitTest name="AutomationId_ShouldBeValid_WhenInteractionStateIsAddMicrophone" storage="d:\actions-runner\_work\xpco\xpco\allsolutions\..\sc\components\remoteviewer\smartclient\tst\zsmartclient_unittest\bin\x64\debug\net6.0-windows\zsmartclient_unittest.dll" id="0352ab5e-ef5f-b291-c33f-bb3ed2d6f909">
      <TestCategory>
        <TestCategoryItem TestCategory="GisMap.UI.DeviceSelectors.PanelComponents" />
      </TestCategory>
      <Execution id="eff1ae71-1a9e-434e-8082-c75f10c4ef95" />
      <TestMethod codeBase="D:\actions-runner\_work\XPCO\XPCO\AllSolutions\..\SC\Components\RemoteViewer\SmartClient\tst\zSmartClient_UnitTest\bin\x64\Debug\net6.0-windows\zSmartClient_UnitTest.dll" adapterTypeName="executor://mstestadapter/v2" className="SmartClient_UnitTest.VideoOS.RemoteClient.Plugin.GisMap.UI.DeviceSelectors.PanelComponents.DeviceSelectorPanelComponentTests" name="AutomationId_ShouldBeValid_WhenInteractionStateIsAddMicrophone" />
    </UnitTest>
    <UnitTest name="ErrorOccurred_Exception_Success" storage="d:\actions-runner\_work\xpco\xpco\allsolutions\..\sc\components\remoteviewer\smartclient\tst\zsmartclient_unittest\bin\x64\debug\net6.0-windows\zsmartclient_unittest.dll" id="1576a34d-4425-e758-2eec-5a2e4ef4d6ef">
      <TestCategory>
        <TestCategoryItem TestCategory="SearchModels" />
      </TestCategory>
      <Execution id="3ee77de8-4619-4f0f-b8a4-ecb7f1a61d83" />
      <TestMethod codeBase="D:\actions-runner\_work\XPCO\XPCO\AllSolutions\..\SC\Components\RemoteViewer\SmartClient\tst\zSmartClient_UnitTest\bin\x64\Debug\net6.0-windows\zSmartClient_UnitTest.dll" adapterTypeName="executor://mstestadapter/v2" className="SmartClient_UnitTest.VideoOS.RemoteClient.Plugin.CentralizedSearch.Models.SearchModelTests" name="ErrorOccurred_Exception_Success" />
    </UnitTest>
    <UnitTest name="LoadInitialState_InvalidState_ReturnsNewEmptyState" storage="d:\actions-runner\_work\xpco\xpco\allsolutions\..\sc\components\remoteviewer\smartclient\tst\zsmartclient_unittest\bin\x64\debug\net6.0-windows\zsmartclient_unittest.dll" id="cd84e885-1918-e01a-687a-a984ec9c18f5">
      <TestCategory>
        <TestCategoryItem TestCategory="Search" />
      </TestCategory>
      <Execution id="e3e2d22b-ec51-4494-9ba5-5149e0a43636" />
      <TestMethod codeBase="D:\actions-runner\_work\XPCO\XPCO\AllSolutions\..\SC\Components\RemoteViewer\SmartClient\tst\zSmartClient_UnitTest\bin\x64\Debug\net6.0-windows\zSmartClient_UnitTest.dll" adapterTypeName="executor://mstestadapter/v2" className="SmartClient_UnitTest.VideoOS.RemoteClient.Plugin.CentralizedSearch.CentralizedSearchContentHolderTests" name="LoadInitialState_InvalidState_ReturnsNewEmptyState" />
    </UnitTest>
    <UnitTest name="PtzPresetsMenuViewModel_PtzNotCotrolledTest" storage="d:\actions-runner\_work\xpco\xpco\allsolutions\..\sc\components\remoteviewer\smartclient\tst\zsmartclient_unittest\bin\x64\debug\net6.0-windows\zsmartclient_unittest.dll" id="db0bdc8c-751d-0e6e-b46c-9ca8002153fd">
      <Execution id="c74f17ae-b0d8-41b4-8cd8-8ba0df5ad748" />
      <TestMethod codeBase="D:\actions-runner\_work\XPCO\XPCO\AllSolutions\..\SC\Components\RemoteViewer\SmartClient\tst\zSmartClient_UnitTest\bin\x64\Debug\net6.0-windows\zSmartClient_UnitTest.dll" adapterTypeName="executor://mstestadapter/v2" className="SmartClient_UnitTest.VideoOS.RemoteClient.Application.Data.ContentTypes.CameraContentType.PtzPresetsMenuViewModelTest" name="PtzPresetsMenuViewModel_PtzNotCotrolledTest" />
    </UnitTest>
    <UnitTest name="SearchResultsActionBarActions_Export_OptionMediaPlayerAvailable_OtherExportOptionsUnavailable_NotVisible" storage="d:\actions-runner\_work\xpco\xpco\allsolutions\..\sc\components\remoteviewer\smartclient\tst\zsmartclient_unittest\bin\x64\debug\net6.0-windows\zsmartclient_unittest.dll" id="cb87ae3f-127d-d533-f5f1-ec7b4f65cbcc">
      <TestCategory>
        <TestCategoryItem TestCategory="SearchResultActionBarViewModel" />
      </TestCategory>
      <Execution id="62374473-6ca4-4323-b71e-9a49482ad900" />
      <TestMethod codeBase="D:\actions-runner\_work\XPCO\XPCO\AllSolutions\..\SC\Components\RemoteViewer\SmartClient\tst\zSmartClient_UnitTest\bin\x64\Debug\net6.0-windows\zSmartClient_UnitTest.dll" adapterTypeName="executor://mstestadapter/v2" className="SmartClient_UnitTest.VideoOS.RemoteClient.Plugin.CentralizedSearch.ViewModels.SearchResultsActionBarViewModelTest" name="SearchResultsActionBarActions_Export_OptionMediaPlayerAvailable_OtherExportOptionsUnavailable_NotVisible" />
    </UnitTest>
    <UnitTest name="ResolveSearchDefinitions_ShouldReturnResultSearchDefinition_WhenCombinedSearchResultWithSingleSubResultAndSearchDefinitionsContainingCorrectSearchDefinitionsAreGiven" storage="d:\actions-runner\_work\xpco\xpco\allsolutions\..\sc\components\remoteviewer\smartclient\tst\zsmartclient_unittest\bin\x64\debug\net6.0-windows\zsmartclient_unittest.dll" id="9a38b1c7-2744-f7db-489b-6f81a442d11b">
      <TestCategory>
        <TestCategoryItem TestCategory="Search" />
      </TestCategory>
      <Execution id="bbe0c334-9b9b-449c-916f-c322ae47a1ac" />
      <TestMethod codeBase="D:\actions-runner\_work\XPCO\XPCO\AllSolutions\..\SC\Components\RemoteViewer\SmartClient\tst\zSmartClient_UnitTest\bin\x64\Debug\net6.0-windows\zSmartClient_UnitTest.dll" adapterTypeName="executor://mstestadapter/v2" className="SmartClient_UnitTest.VideoOS.RemoteClient.Plugin.CentralizedSearch.Utils.SearchResultDataWrapperExtensionsTests" name="ResolveSearchDefinitions_ShouldReturnResultSearchDefinition_WhenCombinedSearchResultWithSingleSubResultAndSearchDefinitionsContainingCorrectSearchDefinitionsAreGiven" />
    </UnitTest>
    <UnitTest name="BuildContentOptions_ShouldReturnCorrectNumberOfViewItems" storage="d:\actions-runner\_work\xpco\xpco\allsolutions\..\sc\components\remoteviewer\smartclient\tst\zsmartclient_unittest\bin\x64\debug\net6.0-windows\zsmartclient_unittest.dll" id="0d816db9-c190-9338-49a3-bd0095232832">
      <Execution id="f3b3113d-721a-4088-a07d-baf000590588" />
      <TestMethod codeBase="D:\actions-runner\_work\XPCO\XPCO\AllSolutions\..\SC\Components\RemoteViewer\SmartClient\tst\zSmartClient_UnitTest\bin\x64\Debug\net6.0-windows\zSmartClient_UnitTest.dll" adapterTypeName="executor://mstestadapter/v2" className="SmartClient_UnitTest.VideoOS.RemoteClient.Application.Common.Telemetry.TelemetryBuilderTests" name="BuildContentOptions_ShouldReturnCorrectNumberOfViewItems" />
    </UnitTest>
    <UnitTest name="CreateExportDialog_CannotCreateExport_WithInvalidExportPath" storage="d:\actions-runner\_work\xpco\xpco\allsolutions\..\sc\components\remoteviewer\smartclient\tst\zsmartclient_unittest\bin\x64\debug\net6.0-windows\zsmartclient_unittest.dll" id="1ff772ea-316c-7a4b-bb91-f3ab3f44e05b">
      <TestCategory>
        <TestCategoryItem TestCategory="Export" />
      </TestCategory>
      <Execution id="8dbb1b77-eae1-468f-97ed-adc9fed73a88" />
      <TestMethod codeBase="D:\actions-runner\_work\XPCO\XPCO\AllSolutions\..\SC\Components\RemoteViewer\SmartClient\tst\zSmartClient_UnitTest\bin\x64\Debug\net6.0-windows\zSmartClient_UnitTest.dll" adapterTypeName="executor://mstestadapter/v2" className="SmartClient_UnitTest.VideoOS.RemoteClient.Plugin.Export.CreateExportDialogViewModelTests" name="CreateExportDialog_CannotCreateExport_WithInvalidExportPath" />
    </UnitTest>
    <UnitTest name="Deserialize_MissingItemId_Error" storage="d:\actions-runner\_work\xpco\xpco\allsolutions\..\sc\components\remoteviewer\smartclient\tst\zsmartclient_unittest\bin\x64\debug\net6.0-windows\zsmartclient_unittest.dll" id="ab974738-a590-83df-60ac-92b301ef7ab8">
      <TestCategory>
        <TestCategoryItem TestCategory="SearchSerialization" />
      </TestCategory>
      <Execution id="38927c83-d1be-47ea-9304-532686f2b828" />
      <TestMethod codeBase="D:\actions-runner\_work\XPCO\XPCO\AllSolutions\..\SC\Components\RemoteViewer\SmartClient\tst\zSmartClient_UnitTest\bin\x64\Debug\net6.0-windows\zSmartClient_UnitTest.dll" adapterTypeName="executor://mstestadapter/v2" className="SmartClient_UnitTest.VideoOS.RemoteClient.Plugin.CentralizedSearch.Models.Serialization.SearchSerializerTests" name="Deserialize_MissingItemId_Error" />
    </UnitTest>
    <UnitTest name="GetIndexCell_Milestone_Success" storage="d:\actions-runner\_work\xpco\xpco\allsolutions\..\sc\components\remoteviewer\smartclient\tst\zsmartclient_unittest\bin\x64\debug\net6.0-windows\zsmartclient_unittest.dll" id="4e54cb2c-d65b-9738-63c7-b5798acdd38c">
      <TestCategory>
        <TestCategoryItem TestCategory="GisMapIndex" />
      </TestCategory>
      <Execution id="bb2edb07-980d-407f-86cf-574650b32db2" />
      <TestMethod codeBase="D:\actions-runner\_work\XPCO\XPCO\AllSolutions\..\SC\Components\RemoteViewer\SmartClient\tst\zSmartClient_UnitTest\bin\x64\Debug\net6.0-windows\zSmartClient_UnitTest.dll" adapterTypeName="executor://mstestadapter/v2" className="SmartClient_UnitTest.VideoOS.RemoteClient.GisMapData.Common.Indexer.IndexUtilTests" name="GetIndexCell_Milestone_Success" />
    </UnitTest>
    <UnitTest name="ScWorkSpaceModeChangedEvent_ShouldSetDeviceIsDisabledToTrue_WhenSwitchingToBrowseMode" storage="d:\actions-runner\_work\xpco\xpco\allsolutions\..\sc\components\remoteviewer\smartclient\tst\zsmartclient_unittest\bin\x64\debug\net6.0-windows\zsmartclient_unittest.dll" id="65b86002-200e-c55e-a53f-146aec337152">
      <TestCategory>
        <TestCategoryItem TestCategory="GisMapData.MapLayers" />
      </TestCategory>
      <Execution id="fa4ce8e8-b41f-4265-bdce-f7a4da74225f" />
      <TestMethod codeBase="D:\actions-runner\_work\XPCO\XPCO\AllSolutions\..\SC\Components\RemoteViewer\SmartClient\tst\zSmartClient_UnitTest\bin\x64\Debug\net6.0-windows\zSmartClient_UnitTest.dll" adapterTypeName="executor://mstestadapter/v2" className="SmartClient_UnitTest.VideoOS.RemoteClient.GisMapData.MapLayers.OutputItemsMapLayerTests" name="ScWorkSpaceModeChangedEvent_ShouldSetDeviceIsDisabledToTrue_WhenSwitchingToBrowseMode" />
    </UnitTest>
    <UnitTest name="PopulateTooltip_FewResultsFromManyCameras24Hours_ValidText" storage="d:\actions-runner\_work\xpco\xpco\allsolutions\..\sc\components\remoteviewer\smartclient\tst\zsmartclient_unittest\bin\x64\debug\net6.0-windows\zsmartclient_unittest.dll" id="d7ec089c-29ea-169c-5410-9af8ec475d2d">
      <TestCategory>
        <TestCategoryItem TestCategory="SearchControls" />
      </TestCategory>
      <Execution id="b9784639-040f-4315-a0d4-07d721611160" />
      <TestMethod codeBase="D:\actions-runner\_work\XPCO\XPCO\AllSolutions\..\SC\Components\RemoteViewer\SmartClient\tst\zSmartClient_UnitTest\bin\x64\Debug\net6.0-windows\zSmartClient_UnitTest.dll" adapterTypeName="executor://mstestadapter/v2" className="SmartClient_UnitTest.VideoOS.RemoteClient.Plugin.CentralizedSearch.Views.Controls.TimelineRuler.TimelineRulerControlTests" name="PopulateTooltip_FewResultsFromManyCameras24Hours_ValidText" />
    </UnitTest>
    <UnitTest name="AddResults_IncludePartialResults_TwoPartialResult_Success" storage="d:\actions-runner\_work\xpco\xpco\allsolutions\..\sc\components\remoteviewer\smartclient\tst\zsmartclient_unittest\bin\x64\debug\net6.0-windows\zsmartclient_unittest.dll" id="f472fa58-6e18-42be-4063-867fef6b02e5">
      <TestCategory>
        <TestCategoryItem TestCategory="SearchResultsPreprocessor.PartialResults" />
      </TestCategory>
      <Execution id="0f353b38-c1ec-4ea5-940f-986ee0cdc9de" />
      <TestMethod codeBase="D:\actions-runner\_work\XPCO\XPCO\AllSolutions\..\SC\Components\RemoteViewer\SmartClient\tst\zSmartClient_UnitTest\bin\x64\Debug\net6.0-windows\zSmartClient_UnitTest.dll" adapterTypeName="executor://mstestadapter/v2" className="SmartClient_UnitTest.VideoOS.RemoteClient.Plugin.CentralizedSearch.Models.SearchResultsPreprocessorTests" name="AddResults_IncludePartialResults_TwoPartialResult_Success" />
    </UnitTest>
    <UnitTest name="TestGetAllTasks" storage="d:\actions-runner\_work\xpco\xpco\allsolutions\..\sc\components\remoteviewer\smartclient\tst\zsmartclient_unittest\bin\x64\debug\net6.0-windows\zsmartclient_unittest.dll" id="bf3342cd-aa37-ec7a-aed8-02a15815d43f">
      <Execution id="bb94d71b-4381-4544-b649-01aeb5425339" />
      <TestMethod codeBase="D:\actions-runner\_work\XPCO\XPCO\AllSolutions\..\SC\Components\RemoteViewer\SmartClient\tst\zSmartClient_UnitTest\bin\x64\Debug\net6.0-windows\zSmartClient_UnitTest.dll" adapterTypeName="executor://mstestadapter/v2" className="SmartClient_UnitTest.VideoOS.RemoteClient.Application.Managers.EdgeRetrievalTaskManagerUnitTest" name="TestGetAllTasks" />
    </UnitTest>
    <UnitTest name="MonitorPlaybackState_Serialize_Success" storage="d:\actions-runner\_work\xpco\xpco\allsolutions\..\sc\components\remoteviewer\smartclient\tst\zsmartclient_unittest\bin\x64\debug\net6.0-windows\zsmartclient_unittest.dll" id="95a21395-b040-7ff7-fe99-d443a657de60">
      <Execution id="fc054820-3730-4223-94c8-82ac9f7adb4a" />
      <TestMethod codeBase="D:\actions-runner\_work\XPCO\XPCO\AllSolutions\..\SC\Components\RemoteViewer\SmartClient\tst\zSmartClient_UnitTest\bin\x64\Debug\net6.0-windows\zSmartClient_UnitTest.dll" adapterTypeName="executor://mstestadapter/v2" className="SmartClient_UnitTest.VideoOS.RemoteClient.Data.VideoWall.MonitorStateTests" name="MonitorPlaybackState_Serialize_Success" />
    </UnitTest>
    <UnitTest name="PatrollingStepListViewModel_UpdatePositions" storage="d:\actions-runner\_work\xpco\xpco\allsolutions\..\sc\components\remoteviewer\smartclient\tst\zsmartclient_unittest\bin\x64\debug\net6.0-windows\zsmartclient_unittest.dll" id="86a445c9-5dff-52f1-c98f-77ae4a8bc915">
      <Execution id="f4c49758-4caa-4e75-8772-f65fad1258e3" />
      <TestMethod codeBase="D:\actions-runner\_work\XPCO\XPCO\AllSolutions\..\SC\Components\RemoteViewer\SmartClient\tst\zSmartClient_UnitTest\bin\x64\Debug\net6.0-windows\zSmartClient_UnitTest.dll" adapterTypeName="executor://mstestadapter/v2" className="SmartClient_UnitTest.VideoOS.RemoteClient.Application.UI.PtzPreset.PatrollingViewModel.PatrollingStepListViewModelTest" name="PatrollingStepListViewModel_UpdatePositions" />
    </UnitTest>
    <UnitTest name="Constructor_ShouldRaiseArgumentNullException_WhenLayersIsNull" storage="d:\actions-runner\_work\xpco\xpco\allsolutions\..\sc\components\remoteviewer\smartclient\tst\zsmartclient_unittest\bin\x64\debug\net6.0-windows\zsmartclient_unittest.dll" id="f23cbfaa-bd0e-0a68-964c-aedac70dbd89">
      <TestCategory>
        <TestCategoryItem TestCategory="GisMapData.Controllers.LayerFeatures" />
      </TestCategory>
      <Execution id="0f67052e-4287-4820-a668-34607b5a9d67" />
      <TestMethod codeBase="D:\actions-runner\_work\XPCO\XPCO\AllSolutions\..\SC\Components\RemoteViewer\SmartClient\tst\zSmartClient_UnitTest\bin\x64\Debug\net6.0-windows\zSmartClient_UnitTest.dll" adapterTypeName="executor://mstestadapter/v2" className="SmartClient_UnitTest.VideoOS.RemoteClient.GisMapData.Controllers.LayerFeatures.LayerFeaturesControllerTests" name="Constructor_ShouldRaiseArgumentNullException_WhenLayersIsNull" />
    </UnitTest>
    <UnitTest name="SearchResultsActionBarActions_ActionResultDeleted_Success" storage="d:\actions-runner\_work\xpco\xpco\allsolutions\..\sc\components\remoteviewer\smartclient\tst\zsmartclient_unittest\bin\x64\debug\net6.0-windows\zsmartclient_unittest.dll" id="88eff823-fbf7-7507-7019-8e0b7f4937d4">
      <TestCategory>
        <TestCategoryItem TestCategory="SearchResultActionBarViewModel" />
      </TestCategory>
      <Execution id="522f159e-a5c2-4df5-bb08-160037142a07" />
      <TestMethod codeBase="D:\actions-runner\_work\XPCO\XPCO\AllSolutions\..\SC\Components\RemoteViewer\SmartClient\tst\zSmartClient_UnitTest\bin\x64\Debug\net6.0-windows\zSmartClient_UnitTest.dll" adapterTypeName="executor://mstestadapter/v2" className="SmartClient_UnitTest.VideoOS.RemoteClient.Plugin.CentralizedSearch.ViewModels.SearchResultsActionBarViewModelTest" name="SearchResultsActionBarActions_ActionResultDeleted_Success" />
    </UnitTest>
    <UnitTest name="Keywords_Built" storage="d:\actions-runner\_work\xpco\xpco\allsolutions\..\sc\components\remoteviewer\smartclient\tst\zsmartclient_unittest\bin\x64\debug\net6.0-windows\zsmartclient_unittest.dll" id="704f12b7-2603-a060-9466-3d44ec217344">
      <Execution id="1c9ecb3f-8dce-4f44-950c-550fa4201911" />
      <TestMethod codeBase="D:\actions-runner\_work\XPCO\XPCO\AllSolutions\..\SC\Components\RemoteViewer\SmartClient\tst\zSmartClient_UnitTest\bin\x64\Debug\net6.0-windows\zSmartClient_UnitTest.dll" adapterTypeName="executor://mstestadapter/v2" className="SmartClient_UnitTest.VideoOS.RemoteClient.Application.Components.Search.SearchManagerTest" name="Keywords_Built" />
    </UnitTest>
    <UnitTest name="AddToExportTuples_ShouldReturnCorrectResult (1,1,0)" storage="d:\actions-runner\_work\xpco\xpco\allsolutions\..\sc\components\remoteviewer\smartclient\tst\zsmartclient_unittest\bin\x64\debug\net6.0-windows\zsmartclient_unittest.dll" id="e2ce302e-d97a-5953-2969-daecd520b54e">
      <TestCategory>
        <TestCategoryItem TestCategory="Managers" />
      </TestCategory>
      <Execution id="121b6c02-a18e-44cc-b88e-0449abcc3ad6" />
      <TestMethod codeBase="D:\actions-runner\_work\XPCO\XPCO\AllSolutions\..\SC\Components\RemoteViewer\SmartClient\tst\zSmartClient_UnitTest\bin\x64\Debug\net6.0-windows\zSmartClient_UnitTest.dll" adapterTypeName="executor://mstestadapter/v2" className="SmartClient_UnitTest.VideoOS.RemoteClient.Application.Managers.ExportManagerTests" name="AddToExportTuples_ShouldReturnCorrectResult" />
    </UnitTest>
    <UnitTest name="Narrowing_Is_Disabled_When_Update_Rights_Missing" storage="d:\actions-runner\_work\xpco\xpco\allsolutions\..\sc\components\remoteviewer\smartclient\tst\zsmartclient_unittest\bin\x64\debug\net6.0-windows\zsmartclient_unittest.dll" id="cdb294e5-a11e-c1b8-28c0-e318e116348c">
      <Execution id="3ddbfe8c-fb4b-426b-bc9c-f1b432b9cd55" />
      <TestMethod codeBase="D:\actions-runner\_work\XPCO\XPCO\AllSolutions\..\SC\Components\RemoteViewer\SmartClient\tst\zSmartClient_UnitTest\bin\x64\Debug\net6.0-windows\zSmartClient_UnitTest.dll" adapterTypeName="executor://mstestadapter/v2" className="SmartClient_UnitTest.VideoOS.RemoteClient.Application.Components.EvidenceLock.EvidenceLockEditModeUserRightTests" name="Narrowing_Is_Disabled_When_Update_Rights_Missing" />
    </UnitTest>
    <UnitTest name="PtzInfoViewModel_PtzReservedByOtherUserTest" storage="d:\actions-runner\_work\xpco\xpco\allsolutions\..\sc\components\remoteviewer\smartclient\tst\zsmartclient_unittest\bin\x64\debug\net6.0-windows\zsmartclient_unittest.dll" id="694752a6-f80f-3cf2-2854-db6d5b4b1e01">
      <Execution id="4dcfcab1-84d8-420e-a7d4-da9003b949e7" />
      <TestMethod codeBase="D:\actions-runner\_work\XPCO\XPCO\AllSolutions\..\SC\Components\RemoteViewer\SmartClient\tst\zSmartClient_UnitTest\bin\x64\Debug\net6.0-windows\zSmartClient_UnitTest.dll" adapterTypeName="executor://mstestadapter/v2" className="SmartClient_UnitTest.VideoOS.RemoteClient.Plugin.Map.WPFObjects.PtzInfoViewModelUnitTest" name="PtzInfoViewModel_PtzReservedByOtherUserTest" />
    </UnitTest>
    <UnitTest name="DeleteItems_ShouldResetGisPointAndRaiseEvent_WhenAnItemIsDeleted" storage="d:\actions-runner\_work\xpco\xpco\allsolutions\..\sc\components\remoteviewer\smartclient\tst\zsmartclient_unittest\bin\x64\debug\net6.0-windows\zsmartclient_unittest.dll" id="9e8c2141-20ec-ba37-0f1b-2e2277c88211">
      <Execution id="c65882be-c1cb-4638-9211-a199700d949e" />
      <TestMethod codeBase="D:\actions-runner\_work\XPCO\XPCO\AllSolutions\..\SC\Components\RemoteViewer\SmartClient\tst\zSmartClient_UnitTest\bin\x64\Debug\net6.0-windows\zSmartClient_UnitTest.dll" adapterTypeName="executor://mstestadapter/v2" className="SmartClient_UnitTest.VideoOS.RemoteClient.GisMapData.MapLayers.MipItemsMapLayerTests" name="DeleteItems_ShouldResetGisPointAndRaiseEvent_WhenAnItemIsDeleted" />
    </UnitTest>
    <UnitTest name="BindingModelVisible_ReactsTo_PluginInstanceVisibleUpdate" storage="d:\actions-runner\_work\xpco\xpco\allsolutions\..\sc\components\remoteviewer\smartclient\tst\zsmartclient_unittest\bin\x64\debug\net6.0-windows\zsmartclient_unittest.dll" id="68273da4-d8f3-7604-23b1-9e7df4a52b5c">
      <TestCategory>
        <TestCategoryItem TestCategory="WorkspaceToolbar" />
      </TestCategory>
      <Execution id="9382acc3-72e6-4029-869d-f30cf70893fd" />
      <TestMethod codeBase="D:\actions-runner\_work\XPCO\XPCO\AllSolutions\..\SC\Components\RemoteViewer\SmartClient\tst\zSmartClient_UnitTest\bin\x64\Debug\net6.0-windows\zSmartClient_UnitTest.dll" adapterTypeName="executor://mstestadapter/v2" className="SmartClient_UnitTest.VideoOS.RemoteClient.Application.Data.WorkspaceToolbar.WorkspaceToolbarItemMipPluginTests" name="BindingModelVisible_ReactsTo_PluginInstanceVisibleUpdate" />
    </UnitTest>
    <UnitTest name="ValidateExportFormats_SmartClientPlayerFormat_ShouldNotReturnFailResult_ExportPathIsTooLong_WhenLongPathsEnabled (c:\aaaaaaaaaaaaaaaaaaaaaaaaaaaaaaaaaaaaaaaaaaaaaaaaaaaaaaaaaaaaaaaaaaaaaaaaaaaaaaaaaaaaaaaaaaaaaaaaaaaaaaaaaaaaaaaaaaaaaaaaaaaaaaaaaaaaaaaaaaaaaaaaaaaaaaaaaaaaaaaaaaaaaaaaaaaaaaaaaaaaaaa\aaaaaaaaaaaaaaaaaaaaaaaaaaaaaaaaaaaaaaaaaaaaaaaaaaaaaaaaaaaaaaaaaaaaaaaaaaaaaaaaaaaaaaaaaaaaaaaaaaaaaaaaaaaaaaaaaaaaaaaaaaaaaaaaaaaaaaaaaaaaaaaaaaaaaaaaaaaaaaaaaaaaaaaaaaaaaaaaaaaaaaa)" storage="d:\actions-runner\_work\xpco\xpco\allsolutions\..\sc\components\remoteviewer\smartclient\tst\zsmartclient_unittest\bin\x64\debug\net6.0-windows\zsmartclient_unittest.dll" id="682e27e5-2d38-b387-eab4-fececdef538a">
      <TestCategory>
        <TestCategoryItem TestCategory="Export" />
      </TestCategory>
      <Execution id="9cda6155-f434-4e6c-9aae-a445df6ab615" />
      <TestMethod codeBase="D:\actions-runner\_work\XPCO\XPCO\AllSolutions\..\SC\Components\RemoteViewer\SmartClient\tst\zSmartClient_UnitTest\bin\x64\Debug\net6.0-windows\zSmartClient_UnitTest.dll" adapterTypeName="executor://mstestadapter/v2" className="SmartClient_UnitTest.VideoOS.RemoteClient.Plugin.Export.ExportDataValidatorTests" name="ValidateExportFormats_SmartClientPlayerFormat_ShouldNotReturnFailResult_ExportPathIsTooLong_WhenLongPathsEnabled" />
    </UnitTest>
    <UnitTest name="IsDeviceSupported_ShouldReturnTrue_WhenInputKind" storage="d:\actions-runner\_work\xpco\xpco\allsolutions\..\sc\components\remoteviewer\smartclient\tst\zsmartclient_unittest\bin\x64\debug\net6.0-windows\zsmartclient_unittest.dll" id="830bf89f-dfc4-5715-2ff6-ae54ad42b242">
      <TestCategory>
        <TestCategoryItem TestCategory="GisMap.Controllers.Devices" />
      </TestCategory>
      <Execution id="ccd5c80f-1616-4374-9fed-f40d341c07cd" />
      <TestMethod codeBase="D:\actions-runner\_work\XPCO\XPCO\AllSolutions\..\SC\Components\RemoteViewer\SmartClient\tst\zSmartClient_UnitTest\bin\x64\Debug\net6.0-windows\zSmartClient_UnitTest.dll" adapterTypeName="executor://mstestadapter/v2" className="SmartClient_UnitTest.VideoOS.RemoteClient.Plugin.GisMap.Controllers.Devices.DeviceControllerTests" name="IsDeviceSupported_ShouldReturnTrue_WhenInputKind" />
    </UnitTest>
    <UnitTest name="TestReadXmlTaskId" storage="d:\actions-runner\_work\xpco\xpco\allsolutions\..\sc\components\remoteviewer\smartclient\tst\zsmartclient_unittest\bin\x64\debug\net6.0-windows\zsmartclient_unittest.dll" id="8f3c7e47-c7ba-15e0-4ea3-5c99da54e2cf">
      <Execution id="a020933f-bbdb-485c-8733-aca65a6e399e" />
      <TestMethod codeBase="D:\actions-runner\_work\XPCO\XPCO\AllSolutions\..\SC\Components\RemoteViewer\SmartClient\tst\zSmartClient_UnitTest\bin\x64\Debug\net6.0-windows\zSmartClient_UnitTest.dll" adapterTypeName="executor://mstestadapter/v2" className="SmartClient_UnitTest.VideoOS.RemoteClient.Application.Data.Retrievals.RetrievalMetadataTest" name="TestReadXmlTaskId" />
    </UnitTest>
    <UnitTest name="Constructor_ShouldThrowException_WhenControllerManagerIsNull" storage="d:\actions-runner\_work\xpco\xpco\allsolutions\..\sc\components\remoteviewer\smartclient\tst\zsmartclient_unittest\bin\x64\debug\net6.0-windows\zsmartclient_unittest.dll" id="97644baf-75da-2d1d-90ad-632f1839ba1c">
      <TestCategory>
        <TestCategoryItem TestCategory="ReportingContentType" />
      </TestCategory>
      <Execution id="6f27bccd-fe38-44c2-987f-30d12d82375d" />
      <TestMethod codeBase="D:\actions-runner\_work\XPCO\XPCO\AllSolutions\..\SC\Components\RemoteViewer\SmartClient\tst\zSmartClient_UnitTest\bin\x64\Debug\net6.0-windows\zSmartClient_UnitTest.dll" adapterTypeName="executor://mstestadapter/v2" className="SmartClient_UnitTest.VideoOS.RemoteClient.Application.Data.ContentTypes.ReportingContentType.ReportViewerViewModelTest" name="Constructor_ShouldThrowException_WhenControllerManagerIsNull" />
    </UnitTest>
    <UnitTest name="SupportsDoubleClick_ShouldBeFalse_WhenInteractionStateIsNotNormalAndInSetupMode" storage="d:\actions-runner\_work\xpco\xpco\allsolutions\..\sc\components\remoteviewer\smartclient\tst\zsmartclient_unittest\bin\x64\debug\net6.0-windows\zsmartclient_unittest.dll" id="b4acbf62-a814-6c5c-b0cb-e93db772efce">
      <TestCategory>
        <TestCategoryItem TestCategory="GisMap.LocationMarker" />
      </TestCategory>
      <Execution id="8d3600f4-b883-4de7-8211-ad0ac269f47a" />
      <TestMethod codeBase="D:\actions-runner\_work\XPCO\XPCO\AllSolutions\..\SC\Components\RemoteViewer\SmartClient\tst\zSmartClient_UnitTest\bin\x64\Debug\net6.0-windows\zSmartClient_UnitTest.dll" adapterTypeName="executor://mstestadapter/v2" className="SmartClient_UnitTest.VideoOS.RemoteClient.Plugin.GisMap.ThinkGeoMap.Markers.LocationMarker.LocationMarkerTests" name="SupportsDoubleClick_ShouldBeFalse_WhenInteractionStateIsNotNormalAndInSetupMode" />
    </UnitTest>
    <UnitTest name="OpenStreetMapLayerIsDisabled_ShouldReturnFalse_WhenOpenStreetMapGeographicLayerOptionIsAvailableAndOpenStreetMapAlternativeServerIsNotEmpty" storage="d:\actions-runner\_work\xpco\xpco\allsolutions\..\sc\components\remoteviewer\smartclient\tst\zsmartclient_unittest\bin\x64\debug\net6.0-windows\zsmartclient_unittest.dll" id="4b94700f-6e5c-855d-b131-f805331c5a39">
      <TestCategory>
        <TestCategoryItem TestCategory="GisMapLayer" />
      </TestCategory>
      <Execution id="388c7641-fb80-4316-a856-e8ac3a556977" />
      <TestMethod codeBase="D:\actions-runner\_work\XPCO\XPCO\AllSolutions\..\SC\Components\RemoteViewer\SmartClient\tst\zSmartClient_UnitTest\bin\x64\Debug\net6.0-windows\zSmartClient_UnitTest.dll" adapterTypeName="executor://mstestadapter/v2" className="SmartClient_UnitTest.VideoOS.RemoteClient.GisMap.MapLayers.GisMapLayerTests" name="OpenStreetMapLayerIsDisabled_ShouldReturnFalse_WhenOpenStreetMapGeographicLayerOptionIsAvailableAndOpenStreetMapAlternativeServerIsNotEmpty" />
    </UnitTest>
    <UnitTest name="SelectTemplate_RegionSelectionFilterConfiguration_ReturnsPopupTemplate" storage="d:\actions-runner\_work\xpco\xpco\allsolutions\..\sc\components\remoteviewer\smartclient\tst\zsmartclient_unittest\bin\x64\debug\net6.0-windows\zsmartclient_unittest.dll" id="2960add4-9952-f70d-dcad-c47d9da5fd58">
      <TestCategory>
        <TestCategoryItem TestCategory="SearchViews" />
      </TestCategory>
      <Execution id="690428c4-886f-4078-b9b9-845ab851d72f" />
      <TestMethod codeBase="D:\actions-runner\_work\XPCO\XPCO\AllSolutions\..\SC\Components\RemoteViewer\SmartClient\tst\zSmartClient_UnitTest\bin\x64\Debug\net6.0-windows\zSmartClient_UnitTest.dll" adapterTypeName="executor://mstestadapter/v2" className="SmartClient_UnitTest.VideoOS.RemoteClient.Plugin.CentralizedSearch.Views.AttributeEditControlTemplateSelectorTests" name="SelectTemplate_RegionSelectionFilterConfiguration_ReturnsPopupTemplate" />
    </UnitTest>
    <UnitTest name="CreateUniqeNameTest" storage="d:\actions-runner\_work\xpco\xpco\allsolutions\..\sc\components\remoteviewer\smartclient\tst\zsmartclient_unittest\bin\x64\debug\net6.0-windows\zsmartclient_unittest.dll" id="2f70380e-1d07-1023-936c-dd584dd81a70">
      <Execution id="271dde4a-00dd-47cd-ae2f-fa27858d00b9" />
      <TestMethod codeBase="D:\actions-runner\_work\XPCO\XPCO\AllSolutions\..\SC\Components\RemoteViewer\SmartClient\tst\zSmartClient_UnitTest\bin\x64\Debug\net6.0-windows\zSmartClient_UnitTest.dll" adapterTypeName="executor://mstestadapter/v2" className="SmartClient_UnitTest.VideoOS.RemoteClient.Application.Data.Configuration.ViewGroupManagerTest" name="CreateUniqeNameTest" />
    </UnitTest>
    <UnitTest name="HandleSetLayerFeatures_ShouldRaiseArgumentException_WhenNotOutputKindAndOutputLayerFeatures" storage="d:\actions-runner\_work\xpco\xpco\allsolutions\..\sc\components\remoteviewer\smartclient\tst\zsmartclient_unittest\bin\x64\debug\net6.0-windows\zsmartclient_unittest.dll" id="a1f63b95-bed0-b504-3aa1-12bbb203c9f9">
      <TestCategory>
        <TestCategoryItem TestCategory="GisMapData.Handlers.LayerFeatures" />
      </TestCategory>
      <Execution id="fa34bbb2-f163-40b3-a093-1be36cc98ea1" />
      <TestMethod codeBase="D:\actions-runner\_work\XPCO\XPCO\AllSolutions\..\SC\Components\RemoteViewer\SmartClient\tst\zSmartClient_UnitTest\bin\x64\Debug\net6.0-windows\zSmartClient_UnitTest.dll" adapterTypeName="executor://mstestadapter/v2" className="SmartClient_UnitTest.VideoOS.RemoteClient.GisMapData.Handlers.LayerFeatures.OutputLayerFeaturesHandlerTests" name="HandleSetLayerFeatures_ShouldRaiseArgumentException_WhenNotOutputKindAndOutputLayerFeatures" />
    </UnitTest>
    <UnitTest name="CreateMenuItem_Success" storage="d:\actions-runner\_work\xpco\xpco\allsolutions\..\sc\components\remoteviewer\smartclient\tst\zsmartclient_unittest\bin\x64\debug\net6.0-windows\zsmartclient_unittest.dll" id="a476d913-853e-9006-57bf-9e825d119810">
      <TestCategory>
        <TestCategoryItem TestCategory="GisMapMip" />
      </TestCategory>
      <Execution id="3f95f62e-a408-4c07-afe4-7842f404bcc1" />
      <TestMethod codeBase="D:\actions-runner\_work\XPCO\XPCO\AllSolutions\..\SC\Components\RemoteViewer\SmartClient\tst\zSmartClient_UnitTest\bin\x64\Debug\net6.0-windows\zSmartClient_UnitTest.dll" adapterTypeName="executor://mstestadapter/v2" className="SmartClient_UnitTest.VideoOS.RemoteClient.Plugin.GisMap.ThinkGeoMap.ContextMenuUtils.MipItemActionsContextMenuTests" name="CreateMenuItem_Success" />
    </UnitTest>
    <UnitTest name="ScrollIntoView_Async_3DefinitionViewsBelowViewPort_ScrolledToTopmost" storage="d:\actions-runner\_work\xpco\xpco\allsolutions\..\sc\components\remoteviewer\smartclient\tst\zsmartclient_unittest\bin\x64\debug\net6.0-windows\zsmartclient_unittest.dll" id="14586c69-09d9-7b16-15c8-c6b5e4ea64f4">
      <TestCategory>
        <TestCategoryItem TestCategory="Search" />
      </TestCategory>
      <Execution id="44c963b6-d47f-46ad-ada4-7633e7c03a3a" />
      <TestMethod codeBase="D:\actions-runner\_work\XPCO\XPCO\AllSolutions\..\SC\Components\RemoteViewer\SmartClient\tst\zSmartClient_UnitTest\bin\x64\Debug\net6.0-windows\zSmartClient_UnitTest.dll" adapterTypeName="executor://mstestadapter/v2" className="SmartClient_UnitTest.VideoOS.RemoteClient.Plugin.CentralizedSearch.Views.CriteriaViewTests" name="ScrollIntoView_Async_3DefinitionViewsBelowViewPort_ScrolledToTopmost" />
    </UnitTest>
    <UnitTest name="Command_WithNullActivateResult_PluginInstanceActivatedCalled" storage="d:\actions-runner\_work\xpco\xpco\allsolutions\..\sc\components\remoteviewer\smartclient\tst\zsmartclient_unittest\bin\x64\debug\net6.0-windows\zsmartclient_unittest.dll" id="5304ef5f-6f68-f464-023c-0e8f2792256b">
      <TestCategory>
        <TestCategoryItem TestCategory="SearchResultsAction" />
      </TestCategory>
      <Execution id="d6f4df08-a16e-431c-8553-5115f8c046df" />
      <TestMethod codeBase="D:\actions-runner\_work\XPCO\XPCO\AllSolutions\..\SC\Components\RemoteViewer\SmartClient\tst\zSmartClient_UnitTest\bin\x64\Debug\net6.0-windows\zSmartClient_UnitTest.dll" adapterTypeName="executor://mstestadapter/v2" className="SmartClient_UnitTest.VideoOS.RemoteClient.Plugin.CentralizedSearch.ViewModels.SearchResultsActionViewModelTests" name="Command_WithNullActivateResult_PluginInstanceActivatedCalled" />
    </UnitTest>
    <UnitTest name="Ctor_NullPassedToNotNullParameters_Failure" storage="d:\actions-runner\_work\xpco\xpco\allsolutions\..\sc\components\remoteviewer\smartclient\tst\zsmartclient_unittest\bin\x64\debug\net6.0-windows\zsmartclient_unittest.dll" id="4fb1e9eb-976d-db8c-6efc-0c953d97980e">
      <TestCategory>
        <TestCategoryItem TestCategory="SearchViewModels" />
      </TestCategory>
      <Execution id="54f225aa-e4fa-4560-b45b-a2bd0428c201" />
      <TestMethod codeBase="D:\actions-runner\_work\XPCO\XPCO\AllSolutions\..\SC\Components\RemoteViewer\SmartClient\tst\zSmartClient_UnitTest\bin\x64\Debug\net6.0-windows\zSmartClient_UnitTest.dll" adapterTypeName="executor://mstestadapter/v2" className="SmartClient_UnitTest.VideoOS.RemoteClient.Plugin.CentralizedSearch.ViewModels.SearchViewModelTests" name="Ctor_NullPassedToNotNullParameters_Failure" />
    </UnitTest>
    <UnitTest name="Ctor_CentralizedSearchStateWithSelectedSearchResults_SelectionHelperInitialized" storage="d:\actions-runner\_work\xpco\xpco\allsolutions\..\sc\components\remoteviewer\smartclient\tst\zsmartclient_unittest\bin\x64\debug\net6.0-windows\zsmartclient_unittest.dll" id="daba4ba3-c0c2-8c2c-c76e-9c5fdbf89a9e">
      <TestCategory>
        <TestCategoryItem TestCategory="SearchViewModels" />
      </TestCategory>
      <Execution id="5263475c-a129-4dc0-a4f8-7ee64e6475b2" />
      <TestMethod codeBase="D:\actions-runner\_work\XPCO\XPCO\AllSolutions\..\SC\Components\RemoteViewer\SmartClient\tst\zSmartClient_UnitTest\bin\x64\Debug\net6.0-windows\zSmartClient_UnitTest.dll" adapterTypeName="executor://mstestadapter/v2" className="SmartClient_UnitTest.VideoOS.RemoteClient.Plugin.CentralizedSearch.ViewModels.SearchViewModelTests" name="Ctor_CentralizedSearchStateWithSelectedSearchResults_SelectionHelperInitialized" />
    </UnitTest>
    <UnitTest name="ToUnsafeName_MultipleSafeNames_Success" storage="d:\actions-runner\_work\xpco\xpco\allsolutions\..\sc\components\remoteviewer\smartclient\tst\zsmartclient_unittest\bin\x64\debug\net6.0-windows\zsmartclient_unittest.dll" id="bc03d8ec-092f-15f4-b2b5-81687d93c9f8">
      <Execution id="25f4c792-86f6-4987-aa7c-de3d04e662d2" />
      <TestMethod codeBase="D:\actions-runner\_work\XPCO\XPCO\AllSolutions\..\SC\Components\RemoteViewer\SmartClient\tst\zSmartClient_UnitTest\bin\x64\Debug\net6.0-windows\zSmartClient_UnitTest.dll" adapterTypeName="executor://mstestadapter/v2" className="SmartClient_UnitTest.VideoOS.RemoteClient.Application.Common.Scripting.ReservedJavascriptKeywordsTests" name="ToUnsafeName_MultipleSafeNames_Success" />
    </UnitTest>
    <UnitTest name="DeactivateView_Success" storage="d:\actions-runner\_work\xpco\xpco\allsolutions\..\sc\components\remoteviewer\smartclient\tst\zsmartclient_unittest\bin\x64\debug\net6.0-windows\zsmartclient_unittest.dll" id="5ab2a160-0b3e-3ddc-61b5-6572c40a7f10">
      <TestCategory>
        <TestCategoryItem TestCategory="SearchViewModels" />
      </TestCategory>
      <Execution id="ed660cf7-491e-40dd-993a-4edb0e0aee77" />
      <TestMethod codeBase="D:\actions-runner\_work\XPCO\XPCO\AllSolutions\..\SC\Components\RemoteViewer\SmartClient\tst\zSmartClient_UnitTest\bin\x64\Debug\net6.0-windows\zSmartClient_UnitTest.dll" adapterTypeName="executor://mstestadapter/v2" className="SmartClient_UnitTest.VideoOS.RemoteClient.Plugin.CentralizedSearch.ViewModels.SearchViewModelTests" name="DeactivateView_Success" />
    </UnitTest>
    <UnitTest name="IsVisible_OneSelectedResult_ReturnsTrue" storage="d:\actions-runner\_work\xpco\xpco\allsolutions\..\sc\components\remoteviewer\smartclient\tst\zsmartclient_unittest\bin\x64\debug\net6.0-windows\zsmartclient_unittest.dll" id="4acf2e12-f867-ff67-73aa-be136e127327">
      <TestCategory>
        <TestCategoryItem TestCategory="SearchResultActionBarViewModel" />
      </TestCategory>
      <Execution id="51a20e47-9c68-4cd0-b46a-86d1bec777f5" />
      <TestMethod codeBase="D:\actions-runner\_work\XPCO\XPCO\AllSolutions\..\SC\Components\RemoteViewer\SmartClient\tst\zSmartClient_UnitTest\bin\x64\Debug\net6.0-windows\zSmartClient_UnitTest.dll" adapterTypeName="executor://mstestadapter/v2" className="SmartClient_UnitTest.VideoOS.RemoteClient.Plugin.CentralizedSearch.ViewModels.SearchResultsActionBarViewModelTest" name="IsVisible_OneSelectedResult_ReturnsTrue" />
    </UnitTest>
    <UnitTest name="ShowAlreadyAddedToast_ShouldShowCorrectNumberOfToasts (0,0)" storage="d:\actions-runner\_work\xpco\xpco\allsolutions\..\sc\components\remoteviewer\smartclient\tst\zsmartclient_unittest\bin\x64\debug\net6.0-windows\zsmartclient_unittest.dll" id="0fed5cd0-f477-3126-e159-48e4c927506e">
      <TestCategory>
        <TestCategoryItem TestCategory="Managers" />
      </TestCategory>
      <Execution id="537782c7-01cc-4e04-9eed-3f6579ac6ef9" />
      <TestMethod codeBase="D:\actions-runner\_work\XPCO\XPCO\AllSolutions\..\SC\Components\RemoteViewer\SmartClient\tst\zSmartClient_UnitTest\bin\x64\Debug\net6.0-windows\zSmartClient_UnitTest.dll" adapterTypeName="executor://mstestadapter/v2" className="SmartClient_UnitTest.VideoOS.RemoteClient.Application.Managers.ExportResultsNotificationHelperTests" name="ShowAlreadyAddedToast_ShouldShowCorrectNumberOfToasts" />
    </UnitTest>
    <UnitTest name="Selected_retention_option_is_not_cleared_when_available" storage="d:\actions-runner\_work\xpco\xpco\allsolutions\..\sc\components\remoteviewer\smartclient\tst\zsmartclient_unittest\bin\x64\debug\net6.0-windows\zsmartclient_unittest.dll" id="9aaaf4ba-8359-75df-6568-0739721a7d97">
      <Execution id="82d49e26-a951-4c62-b1ee-d4e6bfadb1ac" />
      <TestMethod codeBase="D:\actions-runner\_work\XPCO\XPCO\AllSolutions\..\SC\Components\RemoteViewer\SmartClient\tst\zSmartClient_UnitTest\bin\x64\Debug\net6.0-windows\zSmartClient_UnitTest.dll" adapterTypeName="executor://mstestadapter/v2" className="SmartClient_UnitTest.VideoOS.RemoteClient.Application.Components.EvidenceLock.EvidenceLockCreateEditTests" name="Selected_retention_option_is_not_cleared_when_available" />
    </UnitTest>
    <UnitTest name="DateToStringConverter_Ctor_Success" storage="d:\actions-runner\_work\xpco\xpco\allsolutions\..\sc\components\remoteviewer\smartclient\tst\zsmartclient_unittest\bin\x64\debug\net6.0-windows\zsmartclient_unittest.dll" id="c0f25cd3-6ed3-eae8-438d-18b69791b31c">
      <TestCategory>
        <TestCategoryItem TestCategory="SearchConverter" />
      </TestCategory>
      <Execution id="45c20225-c313-4678-8895-a396128df69e" />
      <TestMethod codeBase="D:\actions-runner\_work\XPCO\XPCO\AllSolutions\..\SC\Components\RemoteViewer\SmartClient\tst\zSmartClient_UnitTest\bin\x64\Debug\net6.0-windows\zSmartClient_UnitTest.dll" adapterTypeName="executor://mstestadapter/v2" className="SmartClient_UnitTest.VideoOS.RemoteClient.Plugin.CentralizedSearch.Views.Converters.DateToStringConverterTests" name="DateToStringConverter_Ctor_Success" />
    </UnitTest>
    <UnitTest name="Deserialize_ShouldReturnCombineTypeAnd_WhenCombineTypeIsAndInXml" storage="d:\actions-runner\_work\xpco\xpco\allsolutions\..\sc\components\remoteviewer\smartclient\tst\zsmartclient_unittest\bin\x64\debug\net6.0-windows\zsmartclient_unittest.dll" id="2833457c-1856-8c1e-4496-190a417e49d0">
      <TestCategory>
        <TestCategoryItem TestCategory="SearchModels" />
      </TestCategory>
      <Execution id="590da88f-0146-40ed-8bac-201fef7f4595" />
      <TestMethod codeBase="D:\actions-runner\_work\XPCO\XPCO\AllSolutions\..\SC\Components\RemoteViewer\SmartClient\tst\zSmartClient_UnitTest\bin\x64\Debug\net6.0-windows\zSmartClient_UnitTest.dll" adapterTypeName="executor://mstestadapter/v2" className="SmartClient_UnitTest.VideoOS.RemoteClient.Plugin.CentralizedSearch.Models.SearchModelTests" name="Deserialize_ShouldReturnCombineTypeAnd_WhenCombineTypeIsAndInXml" />
    </UnitTest>
    <UnitTest name="PatrollingPresetViewModel_Constructor_1_Success" storage="d:\actions-runner\_work\xpco\xpco\allsolutions\..\sc\components\remoteviewer\smartclient\tst\zsmartclient_unittest\bin\x64\debug\net6.0-windows\zsmartclient_unittest.dll" id="7ce02435-55dc-be77-8a7d-085f35894996">
      <Execution id="e0968062-5721-469c-8cd2-b0b84e8faea7" />
      <TestMethod codeBase="D:\actions-runner\_work\XPCO\XPCO\AllSolutions\..\SC\Components\RemoteViewer\SmartClient\tst\zSmartClient_UnitTest\bin\x64\Debug\net6.0-windows\zSmartClient_UnitTest.dll" adapterTypeName="executor://mstestadapter/v2" className="SmartClient_UnitTest.VideoOS.RemoteClient.Application.UI.PtzPreset.PatrollingViewModel.PatrollingPresetViewModelTest" name="PatrollingPresetViewModel_Constructor_1_Success" />
    </UnitTest>
    <UnitTest name="CreateGeometry_OnePointsCollection_ThrowsArgException" storage="d:\actions-runner\_work\xpco\xpco\allsolutions\..\sc\components\remoteviewer\smartclient\tst\zsmartclient_unittest\bin\x64\debug\net6.0-windows\zsmartclient_unittest.dll" id="3b4fccf6-70be-2d9b-f5f2-d6283b7fde7b">
      <TestCategory>
        <TestCategoryItem TestCategory="GisMapIndex" />
      </TestCategory>
      <Execution id="4c4434ef-5b79-4a72-9d78-9825e3f5694a" />
      <TestMethod codeBase="D:\actions-runner\_work\XPCO\XPCO\AllSolutions\..\SC\Components\RemoteViewer\SmartClient\tst\zSmartClient_UnitTest\bin\x64\Debug\net6.0-windows\zSmartClient_UnitTest.dll" adapterTypeName="executor://mstestadapter/v2" className="SmartClient_UnitTest.VideoOS.RemoteClient.GisMapData.Common.Indexer.IndexUtilTests" name="CreateGeometry_OnePointsCollection_ThrowsArgException" />
    </UnitTest>
    <UnitTest name="ToMipSearchResultData_ShouldIncludeCorrectBoundingShapesFromAllSubResults" storage="d:\actions-runner\_work\xpco\xpco\allsolutions\..\sc\components\remoteviewer\smartclient\tst\zsmartclient_unittest\bin\x64\debug\net6.0-windows\zsmartclient_unittest.dll" id="6ee9d76c-102e-6b0c-a05d-d3b2cd96bee2">
      <TestCategory>
        <TestCategoryItem TestCategory="Search.Wrappers" />
      </TestCategory>
      <Execution id="3eb82207-08f8-4132-8969-29f0c1eaf3dc" />
      <TestMethod codeBase="D:\actions-runner\_work\XPCO\XPCO\AllSolutions\..\SC\Components\RemoteViewer\SmartClient\tst\zSmartClient_UnitTest\bin\x64\Debug\net6.0-windows\zSmartClient_UnitTest.dll" adapterTypeName="executor://mstestadapter/v2" className="SmartClient_UnitTest.VideoOS.RemoteClient.Plugin.CentralizedSearch.Models.Wrappers.CombinedSearchResultDataWrapperTests" name="ToMipSearchResultData_ShouldIncludeCorrectBoundingShapesFromAllSubResults" />
    </UnitTest>
    <UnitTest name="Search_SearchResultReceivedFromDefinitionOnlySupportingSubsetOfFilters_WarningTextAppliedAndEventFired" storage="d:\actions-runner\_work\xpco\xpco\allsolutions\..\sc\components\remoteviewer\smartclient\tst\zsmartclient_unittest\bin\x64\debug\net6.0-windows\zsmartclient_unittest.dll" id="b4dcaf4b-c8a6-a3d6-898f-051609cb706b">
      <TestCategory>
        <TestCategoryItem TestCategory="Search" />
      </TestCategory>
      <Execution id="8785818a-8ad6-43b1-8fc2-fa2b946f5103" />
      <TestMethod codeBase="D:\actions-runner\_work\XPCO\XPCO\AllSolutions\..\SC\Components\RemoteViewer\SmartClient\tst\zSmartClient_UnitTest\bin\x64\Debug\net6.0-windows\zSmartClient_UnitTest.dll" adapterTypeName="executor://mstestadapter/v2" className="SmartClient_UnitTest.VideoOS.RemoteClient.Plugin.CentralizedSearch.MIPPlugin.CompositeSearchDefinitionTests" name="Search_SearchResultReceivedFromDefinitionOnlySupportingSubsetOfFilters_WarningTextAppliedAndEventFired" />
    </UnitTest>
    <UnitTest name="PinkOemResourcesTest" storage="d:\actions-runner\_work\xpco\xpco\allsolutions\..\sc\components\remoteviewer\smartclient\tst\zsmartclient_unittest\bin\x64\debug\net6.0-windows\zsmartclient_unittest.dll" id="d02218a8-fae4-70d3-39b6-dbd98bfacc73">
      <Execution id="a8d01e67-68cf-4e0f-95ea-68b4da9ac205" />
      <TestMethod codeBase="D:\actions-runner\_work\XPCO\XPCO\AllSolutions\..\SC\Components\RemoteViewer\SmartClient\tst\zSmartClient_UnitTest\bin\x64\Debug\net6.0-windows\zSmartClient_UnitTest.dll" adapterTypeName="executor://mstestadapter/v2" className="SmartClient_UnitTest.VideoOS.RemoteClient.Application.Controllers.OemResourceControllerTest" name="PinkOemResourcesTest" />
    </UnitTest>
    <UnitTest name="GetUtcToday_DayOffsetIncluded_Success" storage="d:\actions-runner\_work\xpco\xpco\allsolutions\..\sc\components\remoteviewer\smartclient\tst\zsmartclient_unittest\bin\x64\debug\net6.0-windows\zsmartclient_unittest.dll" id="bd7d68bd-5950-0934-2e64-6a07c08a54b7">
      <TestCategory>
        <TestCategoryItem TestCategory="Search" />
      </TestCategory>
      <Execution id="eca533a2-0b50-4223-907d-f538bc4b7111" />
      <TestMethod codeBase="D:\actions-runner\_work\XPCO\XPCO\AllSolutions\..\SC\Components\RemoteViewer\SmartClient\tst\zSmartClient_UnitTest\bin\x64\Debug\net6.0-windows\zSmartClient_UnitTest.dll" adapterTypeName="executor://mstestadapter/v2" className="SmartClient_UnitTest.VideoOS.RemoteClient.Plugin.CentralizedSearch.ViewModels.Data.TimeScopeTests" name="GetUtcToday_DayOffsetIncluded_Success" />
    </UnitTest>
    <UnitTest name="AddMapLayer_CheckPersistedDatagramUpdated_And_RolledbackOnEnterSetupMode_Success" storage="d:\actions-runner\_work\xpco\xpco\allsolutions\..\sc\components\remoteviewer\smartclient\tst\zsmartclient_unittest\bin\x64\debug\net6.0-windows\zsmartclient_unittest.dll" id="d8c85228-fbef-6713-8b24-27f4eac58477">
      <TestCategory>
        <TestCategoryItem TestCategory="GisMapLayers" />
      </TestCategory>
      <Execution id="a0e3c75a-721c-4355-b42d-da99681aa153" />
      <TestMethod codeBase="D:\actions-runner\_work\XPCO\XPCO\AllSolutions\..\SC\Components\RemoteViewer\SmartClient\tst\zSmartClient_UnitTest\bin\x64\Debug\net6.0-windows\zSmartClient_UnitTest.dll" adapterTypeName="executor://mstestadapter/v2" className="SmartClient_UnitTest.VideoOS.RemoteClient.GisMapData.GisMapLayerTests" name="AddMapLayer_CheckPersistedDatagramUpdated_And_RolledbackOnEnterSetupMode_Success" />
    </UnitTest>
    <UnitTest name="ResultTick_MouseClick_FirstItemSelected" storage="d:\actions-runner\_work\xpco\xpco\allsolutions\..\sc\components\remoteviewer\smartclient\tst\zsmartclient_unittest\bin\x64\debug\net6.0-windows\zsmartclient_unittest.dll" id="95782b76-412a-a409-a816-e93155ca7714">
      <TestCategory>
        <TestCategoryItem TestCategory="SearchControls" />
      </TestCategory>
      <Execution id="3d1a5b44-ad26-407e-8c87-044760338804" />
      <TestMethod codeBase="D:\actions-runner\_work\XPCO\XPCO\AllSolutions\..\SC\Components\RemoteViewer\SmartClient\tst\zSmartClient_UnitTest\bin\x64\Debug\net6.0-windows\zSmartClient_UnitTest.dll" adapterTypeName="executor://mstestadapter/v2" className="SmartClient_UnitTest.VideoOS.RemoteClient.Plugin.CentralizedSearch.Views.Controls.TimelineRuler.TimelineRulerControlTests" name="ResultTick_MouseClick_FirstItemSelected" />
    </UnitTest>
    <UnitTest name="GetDomainAndUserName_ShouldReturnDomainAndUserNamePartOfNetworkCredentials_WhenNetworkCredentialsContainsAUserNameAndDomain" storage="d:\actions-runner\_work\xpco\xpco\allsolutions\..\sc\components\remoteviewer\smartclient\tst\zsmartclient_unittest\bin\x64\debug\net6.0-windows\zsmartclient_unittest.dll" id="6b0b8696-32c2-657c-f281-65444866a1da">
      <TestCategory>
        <TestCategoryItem TestCategory="Authentication.ClientCredentials" />
      </TestCategory>
      <Execution id="3f407167-2cb4-409b-a9a8-0fbb9bd3df61" />
      <TestMethod codeBase="D:\actions-runner\_work\XPCO\XPCO\AllSolutions\..\SC\Components\RemoteViewer\SmartClient\tst\zSmartClient_UnitTest\bin\x64\Debug\net6.0-windows\zSmartClient_UnitTest.dll" adapterTypeName="executor://mstestadapter/v2" className="SmartClient_UnitTest.VideoOS.Shared.ServerAPI.ClientCredentialsTest" name="GetDomainAndUserName_ShouldReturnDomainAndUserNamePartOfNetworkCredentials_WhenNetworkCredentialsContainsAUserNameAndDomain" />
    </UnitTest>
    <UnitTest name="InputMapItem_Delete_Failure_PositionRevertsToGisPoint" storage="d:\actions-runner\_work\xpco\xpco\allsolutions\..\sc\components\remoteviewer\smartclient\tst\zsmartclient_unittest\bin\x64\debug\net6.0-windows\zsmartclient_unittest.dll" id="52d5db23-51cb-3736-9800-a010b174438e">
      <TestCategory>
        <TestCategoryItem TestCategory="GisMapData.MapItem.Inputs" />
      </TestCategory>
      <Execution id="c44758f8-4564-4911-af15-e2e86f7e72ca" />
      <TestMethod codeBase="D:\actions-runner\_work\XPCO\XPCO\AllSolutions\..\SC\Components\RemoteViewer\SmartClient\tst\zSmartClient_UnitTest\bin\x64\Debug\net6.0-windows\zSmartClient_UnitTest.dll" adapterTypeName="executor://mstestadapter/v2" className="SmartClient_UnitTest.VideoOS.RemoteClient.GisMapData.MapItem.Inputs.InputMapItemTests" name="InputMapItem_Delete_Failure_PositionRevertsToGisPoint" />
    </UnitTest>
    <UnitTest name="DateToStringConverter_Convert_Success" storage="d:\actions-runner\_work\xpco\xpco\allsolutions\..\sc\components\remoteviewer\smartclient\tst\zsmartclient_unittest\bin\x64\debug\net6.0-windows\zsmartclient_unittest.dll" id="221c6f5c-67df-3e64-4570-740aa30cf80e">
      <TestCategory>
        <TestCategoryItem TestCategory="SearchConverter" />
      </TestCategory>
      <Execution id="eb0306be-6e54-4728-93ed-dcec9af72cd3" />
      <TestMethod codeBase="D:\actions-runner\_work\XPCO\XPCO\AllSolutions\..\SC\Components\RemoteViewer\SmartClient\tst\zSmartClient_UnitTest\bin\x64\Debug\net6.0-windows\zSmartClient_UnitTest.dll" adapterTypeName="executor://mstestadapter/v2" className="SmartClient_UnitTest.VideoOS.RemoteClient.Plugin.CentralizedSearch.Views.Converters.DateToStringConverterTests" name="DateToStringConverter_Convert_Success" />
    </UnitTest>
    <UnitTest name="AndOrSearchDefinitionToVisibilityMultiConverter_CallConvert_NotFirstInListAnd" storage="d:\actions-runner\_work\xpco\xpco\allsolutions\..\sc\components\remoteviewer\smartclient\tst\zsmartclient_unittest\bin\x64\debug\net6.0-windows\zsmartclient_unittest.dll" id="3a384c62-a21e-fecb-daa1-7890a574eea7">
      <TestCategory>
        <TestCategoryItem TestCategory="SearchConverter" />
      </TestCategory>
      <Execution id="70e11a5b-7b79-4942-8516-53fa2fa4a839" />
      <TestMethod codeBase="D:\actions-runner\_work\XPCO\XPCO\AllSolutions\..\SC\Components\RemoteViewer\SmartClient\tst\zSmartClient_UnitTest\bin\x64\Debug\net6.0-windows\zSmartClient_UnitTest.dll" adapterTypeName="executor://mstestadapter/v2" className="SmartClient_UnitTest.VideoOS.RemoteClient.Plugin.CentralizedSearch.Views.Converters.AndOrSearchDefinitionMultiConverterTests" name="AndOrSearchDefinitionToVisibilityMultiConverter_CallConvert_NotFirstInListAnd" />
    </UnitTest>
    <UnitTest name="BindingModelTitle_ReactsTo_PluginInstanceTitleUpdate" storage="d:\actions-runner\_work\xpco\xpco\allsolutions\..\sc\components\remoteviewer\smartclient\tst\zsmartclient_unittest\bin\x64\debug\net6.0-windows\zsmartclient_unittest.dll" id="a233d66c-f313-1e74-e181-b2dafdf7eda1">
      <TestCategory>
        <TestCategoryItem TestCategory="WorkspaceToolbar" />
      </TestCategory>
      <Execution id="ed054213-3af1-4b7b-ac85-b93947d7a24f" />
      <TestMethod codeBase="D:\actions-runner\_work\XPCO\XPCO\AllSolutions\..\SC\Components\RemoteViewer\SmartClient\tst\zSmartClient_UnitTest\bin\x64\Debug\net6.0-windows\zSmartClient_UnitTest.dll" adapterTypeName="executor://mstestadapter/v2" className="SmartClient_UnitTest.VideoOS.RemoteClient.Application.Data.WorkspaceToolbar.WorkspaceToolbarItemMipPluginTests" name="BindingModelTitle_ReactsTo_PluginInstanceTitleUpdate" />
    </UnitTest>
    <UnitTest name="SupportsDoubleClick_ShouldBeFalse_WhenInteractionStateIsNotNormalOrNewDevice" storage="d:\actions-runner\_work\xpco\xpco\allsolutions\..\sc\components\remoteviewer\smartclient\tst\zsmartclient_unittest\bin\x64\debug\net6.0-windows\zsmartclient_unittest.dll" id="0b5a5a76-188a-3cd1-7ad8-530b93b01a49">
      <TestCategory>
        <TestCategoryItem TestCategory="GisMap.InputMarkerTest" />
      </TestCategory>
      <Execution id="aedbef2e-275f-41c3-9987-1fdfda4a4b0c" />
      <TestMethod codeBase="D:\actions-runner\_work\XPCO\XPCO\AllSolutions\..\SC\Components\RemoteViewer\SmartClient\tst\zSmartClient_UnitTest\bin\x64\Debug\net6.0-windows\zSmartClient_UnitTest.dll" adapterTypeName="executor://mstestadapter/v2" className="SmartClient_UnitTest.VideoOS.RemoteClient.Plugin.GisMap.ThinkGeoMap.Markers.DeviceMarkers.InputMarker.InputMarkerTests" name="SupportsDoubleClick_ShouldBeFalse_WhenInteractionStateIsNotNormalOrNewDevice" />
    </UnitTest>
    <UnitTest name="EdgeRetrievalDisabled_WithNoRetrieveEdgeRecordingsDevices" storage="d:\actions-runner\_work\xpco\xpco\allsolutions\..\sc\components\remoteviewer\smartclient\tst\zsmartclient_unittest\bin\x64\debug\net6.0-windows\zsmartclient_unittest.dll" id="cee32012-58c3-68f0-2859-0edd65456cf2">
      <TestCategory>
        <TestCategoryItem TestCategory="WorkspaceToolbar" />
      </TestCategory>
      <Execution id="9e35efbb-258a-4e08-a552-af43cfa0cd2b" />
      <TestMethod codeBase="D:\actions-runner\_work\XPCO\XPCO\AllSolutions\..\SC\Components\RemoteViewer\SmartClient\tst\zSmartClient_UnitTest\bin\x64\Debug\net6.0-windows\zSmartClient_UnitTest.dll" adapterTypeName="executor://mstestadapter/v2" className="SmartClient_UnitTest.VideoOS.RemoteClient.Application.UI.Content.WorkspaceToolbar.WorkspaceToolbarViewModelTests" name="EdgeRetrievalDisabled_WithNoRetrieveEdgeRecordingsDevices" />
    </UnitTest>
    <UnitTest name="ClientCapabilitiesDto_ShouldYieldSameValues_WhenRoundTripConverted" storage="d:\actions-runner\_work\xpco\xpco\allsolutions\..\sc\components\remoteviewer\smartclient\tst\zsmartclient_unittest\bin\x64\debug\net6.0-windows\zsmartclient_unittest.dll" id="876c309e-bcb3-56f1-e371-740d48449c19">
      <TestCategory>
        <TestCategoryItem TestCategory="RecorderProxyToDtoMapping" />
      </TestCategory>
      <Execution id="3c2ed14c-2ac2-4566-bb21-e01a4b9ef889" />
      <TestMethod codeBase="D:\actions-runner\_work\XPCO\XPCO\AllSolutions\..\SC\Components\RemoteViewer\SmartClient\tst\zSmartClient_UnitTest\bin\x64\Debug\net6.0-windows\zSmartClient_UnitTest.dll" adapterTypeName="executor://mstestadapter/v2" className="VideoOS.Shared.ServerAPI.SOAP.RecorderClientMappingTests" name="ClientCapabilitiesDto_ShouldYieldSameValues_WhenRoundTripConverted" />
    </UnitTest>
    <UnitTest name="TestSwitchWorkroom_UnknownWorkroom_Refuse" storage="d:\actions-runner\_work\xpco\xpco\allsolutions\..\sc\components\remoteviewer\smartclient\tst\zsmartclient_unittest\bin\x64\debug\net6.0-windows\zsmartclient_unittest.dll" id="ea5a4ea7-1d9c-b14b-b54d-c59f326749f2">
      <TestCategory>
        <TestCategoryItem TestCategory="WorkroomController" />
      </TestCategory>
      <Execution id="5489cb95-40aa-42cc-8c96-810fee9f582c" />
      <TestMethod codeBase="D:\actions-runner\_work\XPCO\XPCO\AllSolutions\..\SC\Components\RemoteViewer\SmartClient\tst\zSmartClient_UnitTest\bin\x64\Debug\net6.0-windows\zSmartClient_UnitTest.dll" adapterTypeName="executor://mstestadapter/v2" className="VideoOS.RemoteClient.Application.Controllers.WorkroomController.UnitTest.TabWorkroomControllerTest" name="TestSwitchWorkroom_UnknownWorkroom_Refuse" />
    </UnitTest>
    <UnitTest name="TestWriteXmlTaskId" storage="d:\actions-runner\_work\xpco\xpco\allsolutions\..\sc\components\remoteviewer\smartclient\tst\zsmartclient_unittest\bin\x64\debug\net6.0-windows\zsmartclient_unittest.dll" id="74ee50b8-0598-e8ca-7e2f-330081ea45bc">
      <Execution id="846fb550-9716-4446-bada-891b5f156bf3" />
      <TestMethod codeBase="D:\actions-runner\_work\XPCO\XPCO\AllSolutions\..\SC\Components\RemoteViewer\SmartClient\tst\zSmartClient_UnitTest\bin\x64\Debug\net6.0-windows\zSmartClient_UnitTest.dll" adapterTypeName="executor://mstestadapter/v2" className="SmartClient_UnitTest.VideoOS.RemoteClient.Application.Data.Retrievals.RetrievalMetadataTest" name="TestWriteXmlTaskId" />
    </UnitTest>
    <UnitTest name="DeviceSelectorUserControl_ShouldRaiseMissingMethodException_WhenUserControlLacksConstructorWithInteractionStateParameter" storage="d:\actions-runner\_work\xpco\xpco\allsolutions\..\sc\components\remoteviewer\smartclient\tst\zsmartclient_unittest\bin\x64\debug\net6.0-windows\zsmartclient_unittest.dll" id="2a74f75f-14b3-bc86-2d45-d53566346d28">
      <TestCategory>
        <TestCategoryItem TestCategory="GisMap.UI.DeviceSelectors.PanelComponents" />
      </TestCategory>
      <Execution id="79d3ed85-c938-476d-96c1-a5118d8aba61" />
      <TestMethod codeBase="D:\actions-runner\_work\XPCO\XPCO\AllSolutions\..\SC\Components\RemoteViewer\SmartClient\tst\zSmartClient_UnitTest\bin\x64\Debug\net6.0-windows\zSmartClient_UnitTest.dll" adapterTypeName="executor://mstestadapter/v2" className="SmartClient_UnitTest.VideoOS.RemoteClient.Plugin.GisMap.UI.DeviceSelectors.PanelComponents.DeviceSelectorPanelComponentTests" name="DeviceSelectorUserControl_ShouldRaiseMissingMethodException_WhenUserControlLacksConstructorWithInteractionStateParameter" />
    </UnitTest>
    <UnitTest name="DrawCore_ShouldDisplayClusterMarkers_WhenClusteringEnabled" storage="d:\actions-runner\_work\xpco\xpco\allsolutions\..\sc\components\remoteviewer\smartclient\tst\zsmartclient_unittest\bin\x64\debug\net6.0-windows\zsmartclient_unittest.dll" id="b3f386a5-07aa-a732-a6bd-e0f6659489a9">
      <TestCategory>
        <TestCategoryItem TestCategory="SmartMap.MapItemsOverlay" />
      </TestCategory>
      <Execution id="dda910e5-1796-409e-821a-129cad1d6052" />
      <TestMethod codeBase="D:\actions-runner\_work\XPCO\XPCO\AllSolutions\..\SC\Components\RemoteViewer\SmartClient\tst\zSmartClient_UnitTest\bin\x64\Debug\net6.0-windows\zSmartClient_UnitTest.dll" adapterTypeName="executor://mstestadapter/v2" className="SmartClient_UnitTest.VideoOS.RemoteClient.Plugin.GisMap.ThinkGeoMap.SpecializedOverlays.Overlays.MapItemsOverlayTests" name="DrawCore_ShouldDisplayClusterMarkers_WhenClusteringEnabled" />
    </UnitTest>
    <UnitTest name="IsHomeButtonVisible_MappedToViewModel_Success" storage="d:\actions-runner\_work\xpco\xpco\allsolutions\..\sc\components\remoteviewer\smartclient\tst\zsmartclient_unittest\bin\x64\debug\net6.0-windows\zsmartclient_unittest.dll" id="929085e5-a3c9-9121-b306-acebdc919f57">
      <TestCategory>
        <TestCategoryItem TestCategory="GisMap.GisMapViewFacade" />
      </TestCategory>
      <Execution id="ddc82975-6db4-4175-a2c2-c78d5c0b1995" />
      <TestMethod codeBase="D:\actions-runner\_work\XPCO\XPCO\AllSolutions\..\SC\Components\RemoteViewer\SmartClient\tst\zSmartClient_UnitTest\bin\x64\Debug\net6.0-windows\zSmartClient_UnitTest.dll" adapterTypeName="executor://mstestadapter/v2" className="SmartClient_UnitTest.VideoOS.RemoteClient.Plugin.GisMap.IoC.GisMapViewFacadeTests" name="IsHomeButtonVisible_MappedToViewModel_Success" />
    </UnitTest>
    <UnitTest name="Close_NotMainController_StateNotSaved" storage="d:\actions-runner\_work\xpco\xpco\allsolutions\..\sc\components\remoteviewer\smartclient\tst\zsmartclient_unittest\bin\x64\debug\net6.0-windows\zsmartclient_unittest.dll" id="2a44ed0f-e637-248d-7f45-7c53931a1bbe">
      <TestCategory>
        <TestCategoryItem TestCategory="Search" />
      </TestCategory>
      <Execution id="6052abd6-af76-4322-8db3-991f1e8051eb" />
      <TestMethod codeBase="D:\actions-runner\_work\XPCO\XPCO\AllSolutions\..\SC\Components\RemoteViewer\SmartClient\tst\zSmartClient_UnitTest\bin\x64\Debug\net6.0-windows\zSmartClient_UnitTest.dll" adapterTypeName="executor://mstestadapter/v2" className="SmartClient_UnitTest.VideoOS.RemoteClient.Plugin.CentralizedSearch.CentralizedSearchContentHolderTests" name="Close_NotMainController_StateNotSaved" />
    </UnitTest>
    <UnitTest name="Deserialize_ShouldReportInvalidCombineType_WhenCombineTypeValueIsNotAnInteger" storage="d:\actions-runner\_work\xpco\xpco\allsolutions\..\sc\components\remoteviewer\smartclient\tst\zsmartclient_unittest\bin\x64\debug\net6.0-windows\zsmartclient_unittest.dll" id="1d5225e4-5ff0-424d-ae91-6d7aa1287493">
      <TestCategory>
        <TestCategoryItem TestCategory="SearchSerialization" />
      </TestCategory>
      <Execution id="bceaf370-6262-4115-84d3-c0bc1b36d3b3" />
      <TestMethod codeBase="D:\actions-runner\_work\XPCO\XPCO\AllSolutions\..\SC\Components\RemoteViewer\SmartClient\tst\zSmartClient_UnitTest\bin\x64\Debug\net6.0-windows\zSmartClient_UnitTest.dll" adapterTypeName="executor://mstestadapter/v2" className="SmartClient_UnitTest.VideoOS.RemoteClient.Plugin.CentralizedSearch.Models.Serialization.SearchSerializerTests" name="Deserialize_ShouldReportInvalidCombineType_WhenCombineTypeValueIsNotAnInteger" />
    </UnitTest>
    <UnitTest name="ActiveInteractionStateBinding_ShouldNotBeNull_WhenCtorIsCalled" storage="d:\actions-runner\_work\xpco\xpco\allsolutions\..\sc\components\remoteviewer\smartclient\tst\zsmartclient_unittest\bin\x64\debug\net6.0-windows\zsmartclient_unittest.dll" id="eca2f5e0-8a90-6eb5-1db4-f1eb3f5fb4f4">
      <TestCategory>
        <TestCategoryItem TestCategory="GisMap.CameraMarker" />
      </TestCategory>
      <Execution id="99a23acd-0dca-4bd8-8211-139e59ff4920" />
      <TestMethod codeBase="D:\actions-runner\_work\XPCO\XPCO\AllSolutions\..\SC\Components\RemoteViewer\SmartClient\tst\zSmartClient_UnitTest\bin\x64\Debug\net6.0-windows\zSmartClient_UnitTest.dll" adapterTypeName="executor://mstestadapter/v2" className="SmartClient_UnitTest.VideoOS.RemoteClient.Plugin.GisMap.ThinkGeoMap.Markers.DeviceMarkers.CameraMarker.CameraMarkerTests" name="ActiveInteractionStateBinding_ShouldNotBeNull_WhenCtorIsCalled" />
    </UnitTest>
    <UnitTest name="AddToExportDevices_ShouldReturnCorrectResult (5,0,5)" storage="d:\actions-runner\_work\xpco\xpco\allsolutions\..\sc\components\remoteviewer\smartclient\tst\zsmartclient_unittest\bin\x64\debug\net6.0-windows\zsmartclient_unittest.dll" id="a9f42cf1-dbcf-e8c2-1ef1-a003ae0c7ff8">
      <TestCategory>
        <TestCategoryItem TestCategory="Managers" />
      </TestCategory>
      <Execution id="f31debdb-645b-4484-a176-ee8f51f7a3b2" />
      <TestMethod codeBase="D:\actions-runner\_work\XPCO\XPCO\AllSolutions\..\SC\Components\RemoteViewer\SmartClient\tst\zSmartClient_UnitTest\bin\x64\Debug\net6.0-windows\zSmartClient_UnitTest.dll" adapterTypeName="executor://mstestadapter/v2" className="SmartClient_UnitTest.VideoOS.RemoteClient.Application.Managers.ExportManagerTests" name="AddToExportDevices_ShouldReturnCorrectResult" />
    </UnitTest>
    <UnitTest name="SetItemOutlines_OutlinesSome_Success" storage="d:\actions-runner\_work\xpco\xpco\allsolutions\..\sc\components\remoteviewer\smartclient\tst\zsmartclient_unittest\bin\x64\debug\net6.0-windows\zsmartclient_unittest.dll" id="6da1ad54-af03-13ff-88b0-777550297923">
      <TestCategory>
        <TestCategoryItem TestCategory="GisMap.GisMapViewFacade" />
      </TestCategory>
      <Execution id="5c64aac9-f69f-488d-a391-587c0bf8b352" />
      <TestMethod codeBase="D:\actions-runner\_work\XPCO\XPCO\AllSolutions\..\SC\Components\RemoteViewer\SmartClient\tst\zSmartClient_UnitTest\bin\x64\Debug\net6.0-windows\zSmartClient_UnitTest.dll" adapterTypeName="executor://mstestadapter/v2" className="SmartClient_UnitTest.VideoOS.RemoteClient.Plugin.GisMap.IoC.GisMapViewFacadeTests" name="SetItemOutlines_OutlinesSome_Success" />
    </UnitTest>
    <UnitTest name="UpdateAction_SingleAccepted_DoesNotChangeToolTip" storage="d:\actions-runner\_work\xpco\xpco\allsolutions\..\sc\components\remoteviewer\smartclient\tst\zsmartclient_unittest\bin\x64\debug\net6.0-windows\zsmartclient_unittest.dll" id="1995aa56-764e-e077-7015-d7ad96740ef7">
      <TestCategory>
        <TestCategoryItem TestCategory="SearchResultsAction" />
      </TestCategory>
      <Execution id="29fd60f5-1b44-47e4-bb51-4d5f3e785499" />
      <TestMethod codeBase="D:\actions-runner\_work\XPCO\XPCO\AllSolutions\..\SC\Components\RemoteViewer\SmartClient\tst\zSmartClient_UnitTest\bin\x64\Debug\net6.0-windows\zSmartClient_UnitTest.dll" adapterTypeName="executor://mstestadapter/v2" className="SmartClient_UnitTest.VideoOS.RemoteClient.Plugin.CentralizedSearch.ViewModels.SearchResultsActionViewModelTests" name="UpdateAction_SingleAccepted_DoesNotChangeToolTip" />
    </UnitTest>
    <UnitTest name="DeleteIndexFor_Milestone_ItemsAreInGlobalCluster" storage="d:\actions-runner\_work\xpco\xpco\allsolutions\..\sc\components\remoteviewer\smartclient\tst\zsmartclient_unittest\bin\x64\debug\net6.0-windows\zsmartclient_unittest.dll" id="80d36421-2cec-943f-7f34-60be14e9a632">
      <TestCategory>
        <TestCategoryItem TestCategory="GisMapIndex" />
      </TestCategory>
      <Execution id="2facb8ee-175c-4a03-9953-539b77c7f655" />
      <TestMethod codeBase="D:\actions-runner\_work\XPCO\XPCO\AllSolutions\..\SC\Components\RemoteViewer\SmartClient\tst\zSmartClient_UnitTest\bin\x64\Debug\net6.0-windows\zSmartClient_UnitTest.dll" adapterTypeName="executor://mstestadapter/v2" className="SmartClient_UnitTest.VideoOS.RemoteClient.GisMapData.Common.Indexer.BuildingsAwareIndexerTests" name="DeleteIndexFor_Milestone_ItemsAreInGlobalCluster" />
    </UnitTest>
    <UnitTest name="LoadInitialState_NullState_ReturnsNewEmptyState" storage="d:\actions-runner\_work\xpco\xpco\allsolutions\..\sc\components\remoteviewer\smartclient\tst\zsmartclient_unittest\bin\x64\debug\net6.0-windows\zsmartclient_unittest.dll" id="1f86583b-e772-053b-5dde-1a3c6a164dcd">
      <TestCategory>
        <TestCategoryItem TestCategory="Search" />
      </TestCategory>
      <Execution id="773cbcc9-868b-459b-9b80-747b0e29645e" />
      <TestMethod codeBase="D:\actions-runner\_work\XPCO\XPCO\AllSolutions\..\SC\Components\RemoteViewer\SmartClient\tst\zSmartClient_UnitTest\bin\x64\Debug\net6.0-windows\zSmartClient_UnitTest.dll" adapterTypeName="executor://mstestadapter/v2" className="SmartClient_UnitTest.VideoOS.RemoteClient.Plugin.CentralizedSearch.CentralizedSearchContentHolderTests" name="LoadInitialState_NullState_ReturnsNewEmptyState" />
    </UnitTest>
    <UnitTest name="SetLayerFeatures_ShouldUpdateMicrophoneItemsMapLayer_WhenMicrophoneKindAndMicrophoneLayerFeatures" storage="d:\actions-runner\_work\xpco\xpco\allsolutions\..\sc\components\remoteviewer\smartclient\tst\zsmartclient_unittest\bin\x64\debug\net6.0-windows\zsmartclient_unittest.dll" id="743f0fe4-79cc-4cbd-b2f9-4683eb98d09d">
      <TestCategory>
        <TestCategoryItem TestCategory="GisMapData.Controllers.LayerFeatures" />
      </TestCategory>
      <Execution id="48c2641c-bca1-48e7-8b9e-51659f63bf71" />
      <TestMethod codeBase="D:\actions-runner\_work\XPCO\XPCO\AllSolutions\..\SC\Components\RemoteViewer\SmartClient\tst\zSmartClient_UnitTest\bin\x64\Debug\net6.0-windows\zSmartClient_UnitTest.dll" adapterTypeName="executor://mstestadapter/v2" className="SmartClient_UnitTest.VideoOS.RemoteClient.GisMapData.Controllers.LayerFeatures.LayerFeaturesControllerTests" name="SetLayerFeatures_ShouldUpdateMicrophoneItemsMapLayer_WhenMicrophoneKindAndMicrophoneLayerFeatures" />
    </UnitTest>
    <UnitTest name="PopulateTooltip_SingleResultsFromSingleCamera24Hours_ValidText" storage="d:\actions-runner\_work\xpco\xpco\allsolutions\..\sc\components\remoteviewer\smartclient\tst\zsmartclient_unittest\bin\x64\debug\net6.0-windows\zsmartclient_unittest.dll" id="15d239ea-71aa-55f8-a2eb-41474406f678">
      <TestCategory>
        <TestCategoryItem TestCategory="SearchControls" />
      </TestCategory>
      <Execution id="295f2c37-6d0e-43c8-9d34-60d208227d94" />
      <TestMethod codeBase="D:\actions-runner\_work\XPCO\XPCO\AllSolutions\..\SC\Components\RemoteViewer\SmartClient\tst\zSmartClient_UnitTest\bin\x64\Debug\net6.0-windows\zSmartClient_UnitTest.dll" adapterTypeName="executor://mstestadapter/v2" className="SmartClient_UnitTest.VideoOS.RemoteClient.Plugin.CentralizedSearch.Views.Controls.TimelineRuler.TimelineRulerControlTests" name="PopulateTooltip_SingleResultsFromSingleCamera24Hours_ValidText" />
    </UnitTest>
    <UnitTest name="GetDuration_AllCombined_Success" storage="d:\actions-runner\_work\xpco\xpco\allsolutions\..\sc\components\remoteviewer\smartclient\tst\zsmartclient_unittest\bin\x64\debug\net6.0-windows\zsmartclient_unittest.dll" id="63df17ff-7d87-8f4d-112e-c1a3760436bb">
      <TestCategory>
        <TestCategoryItem TestCategory="Search" />
      </TestCategory>
      <Execution id="ac91d84c-f6a3-4b5c-a01c-a09c579dba69" />
      <TestMethod codeBase="D:\actions-runner\_work\XPCO\XPCO\AllSolutions\..\SC\Components\RemoteViewer\SmartClient\tst\zSmartClient_UnitTest\bin\x64\Debug\net6.0-windows\zSmartClient_UnitTest.dll" adapterTypeName="executor://mstestadapter/v2" className="SmartClient_UnitTest.VideoOS.RemoteClient.Plugin.CentralizedSearch.ViewModels.Data.TimeScopeTests" name="GetDuration_AllCombined_Success" />
    </UnitTest>
    <UnitTest name="CameraMapItem_Delete_Failure_PositionRevertsToGisPoint" storage="d:\actions-runner\_work\xpco\xpco\allsolutions\..\sc\components\remoteviewer\smartclient\tst\zsmartclient_unittest\bin\x64\debug\net6.0-windows\zsmartclient_unittest.dll" id="c15ffa78-e595-57a3-d2fc-5e6f27b46541">
      <TestCategory>
        <TestCategoryItem TestCategory="GisMapMapItem" />
      </TestCategory>
      <Execution id="908a40cd-5d61-4973-b486-7fe3214ddced" />
      <TestMethod codeBase="D:\actions-runner\_work\XPCO\XPCO\AllSolutions\..\SC\Components\RemoteViewer\SmartClient\tst\zSmartClient_UnitTest\bin\x64\Debug\net6.0-windows\zSmartClient_UnitTest.dll" adapterTypeName="executor://mstestadapter/v2" className="SmartClient_UnitTest.VideoOS.RemoteClient.GisMap.MapItem.MapItemTests" name="CameraMapItem_Delete_Failure_PositionRevertsToGisPoint" />
    </UnitTest>
    <UnitTest name="PtzSessionControllerInfo_TimeChangedTest_Different_CameraId" storage="d:\actions-runner\_work\xpco\xpco\allsolutions\..\sc\components\remoteviewer\smartclient\tst\zsmartclient_unittest\bin\x64\debug\net6.0-windows\zsmartclient_unittest.dll" id="931ed933-de82-365f-5037-e2d1c5c2f2a2">
      <Execution id="73d2c233-b459-4ae7-afc9-88b1404f27cd" />
      <TestMethod codeBase="D:\actions-runner\_work\XPCO\XPCO\AllSolutions\..\SC\Components\RemoteViewer\SmartClient\tst\zSmartClient_UnitTest\bin\x64\Debug\net6.0-windows\zSmartClient_UnitTest.dll" adapterTypeName="executor://mstestadapter/v2" className="VideoOS.RemoteClient.Application.Controllers.UnitTest.PtzSessionControllerTest" name="PtzSessionControllerInfo_TimeChangedTest_Different_CameraId" />
    </UnitTest>
    <UnitTest name="Serialize_FromTimeOnly_Success" storage="d:\actions-runner\_work\xpco\xpco\allsolutions\..\sc\components\remoteviewer\smartclient\tst\zsmartclient_unittest\bin\x64\debug\net6.0-windows\zsmartclient_unittest.dll" id="99ee5135-30d5-eb69-226f-d05fc552bf85">
      <TestCategory>
        <TestCategoryItem TestCategory="SearchSerialization" />
      </TestCategory>
      <Execution id="8a733b01-8f49-41f3-b692-6e2dbc52837b" />
      <TestMethod codeBase="D:\actions-runner\_work\XPCO\XPCO\AllSolutions\..\SC\Components\RemoteViewer\SmartClient\tst\zSmartClient_UnitTest\bin\x64\Debug\net6.0-windows\zSmartClient_UnitTest.dll" adapterTypeName="executor://mstestadapter/v2" className="SmartClient_UnitTest.VideoOS.RemoteClient.Plugin.CentralizedSearch.Models.Serialization.SearchSerializerTests" name="Serialize_FromTimeOnly_Success" />
    </UnitTest>
    <UnitTest name="BuildEvidenceLockFilterProperties_ShouldReturnCorrectValues (False,2,3,All,Custom)" storage="d:\actions-runner\_work\xpco\xpco\allsolutions\..\sc\components\remoteviewer\smartclient\tst\zsmartclient_unittest\bin\x64\debug\net6.0-windows\zsmartclient_unittest.dll" id="027cffda-5eae-8a36-c1cb-ccd49ea8a655">
      <Execution id="ac5811df-9e7a-4367-80bd-8bfc78c1db0a" />
      <TestMethod codeBase="D:\actions-runner\_work\XPCO\XPCO\AllSolutions\..\SC\Components\RemoteViewer\SmartClient\tst\zSmartClient_UnitTest\bin\x64\Debug\net6.0-windows\zSmartClient_UnitTest.dll" adapterTypeName="executor://mstestadapter/v2" className="SmartClient_UnitTest.VideoOS.RemoteClient.Application.Common.Telemetry.TelemetryBuilderTests" name="BuildEvidenceLockFilterProperties_ShouldReturnCorrectValues" />
    </UnitTest>
    <UnitTest name="ShouldReturnTrueWhenBuildingsLayerChanged" storage="d:\actions-runner\_work\xpco\xpco\allsolutions\..\sc\components\remoteviewer\smartclient\tst\zsmartclient_unittest\bin\x64\debug\net6.0-windows\zsmartclient_unittest.dll" id="f80158fa-d75f-54b9-6b80-4f00a7c4aaf2">
      <TestCategory>
        <TestCategoryItem TestCategory="MipItemsUpdateStrategy" />
      </TestCategory>
      <Execution id="fca6b3e1-f8a3-4528-9d37-d1d2fb5acfc0" />
      <TestMethod codeBase="D:\actions-runner\_work\XPCO\XPCO\AllSolutions\..\SC\Components\RemoteViewer\SmartClient\tst\zSmartClient_UnitTest\bin\x64\Debug\net6.0-windows\zSmartClient_UnitTest.dll" adapterTypeName="executor://mstestadapter/v2" className="SmartClient_UnitTest.VideoOS.RemoteClient.Plugin.GisMap.MIP.MipItemsUpdateStrategyTests" name="ShouldReturnTrueWhenBuildingsLayerChanged" />
    </UnitTest>
    <UnitTest name="AddToExportTuples_ShouldReturnCorrectResult (0,0,1)" storage="d:\actions-runner\_work\xpco\xpco\allsolutions\..\sc\components\remoteviewer\smartclient\tst\zsmartclient_unittest\bin\x64\debug\net6.0-windows\zsmartclient_unittest.dll" id="e684ed15-3e02-0285-5052-2e5ac2fddade">
      <TestCategory>
        <TestCategoryItem TestCategory="Managers" />
      </TestCategory>
      <Execution id="f2aaef19-cb32-47f9-9deb-9d0e87a9fee1" />
      <TestMethod codeBase="D:\actions-runner\_work\XPCO\XPCO\AllSolutions\..\SC\Components\RemoteViewer\SmartClient\tst\zSmartClient_UnitTest\bin\x64\Debug\net6.0-windows\zSmartClient_UnitTest.dll" adapterTypeName="executor://mstestadapter/v2" className="SmartClient_UnitTest.VideoOS.RemoteClient.Application.Managers.ExportManagerTests" name="AddToExportTuples_ShouldReturnCorrectResult" />
    </UnitTest>
    <UnitTest name="ScrollIntoView_Async_DefinitionViewBelowOutOfViewPort_Scrolled" storage="d:\actions-runner\_work\xpco\xpco\allsolutions\..\sc\components\remoteviewer\smartclient\tst\zsmartclient_unittest\bin\x64\debug\net6.0-windows\zsmartclient_unittest.dll" id="411bf916-58a4-1dad-e0e6-3f86688192cf">
      <TestCategory>
        <TestCategoryItem TestCategory="Search" />
      </TestCategory>
      <Execution id="0dfda336-3b33-4ab3-8849-345b2352e74d" />
      <TestMethod codeBase="D:\actions-runner\_work\XPCO\XPCO\AllSolutions\..\SC\Components\RemoteViewer\SmartClient\tst\zSmartClient_UnitTest\bin\x64\Debug\net6.0-windows\zSmartClient_UnitTest.dll" adapterTypeName="executor://mstestadapter/v2" className="SmartClient_UnitTest.VideoOS.RemoteClient.Plugin.CentralizedSearch.Views.CriteriaViewTests" name="ScrollIntoView_Async_DefinitionViewBelowOutOfViewPort_Scrolled" />
    </UnitTest>
    <UnitTest name="Constructor_ShouldRaiseArgumentNullException_WhenGisMapViewModelIsNull" storage="d:\actions-runner\_work\xpco\xpco\allsolutions\..\sc\components\remoteviewer\smartclient\tst\zsmartclient_unittest\bin\x64\debug\net6.0-windows\zsmartclient_unittest.dll" id="3d6545fc-4bd4-f8dd-090b-7fa4464a971d">
      <TestCategory>
        <TestCategoryItem TestCategory="GisMap.DeviceSelectorWindowViewModel" />
      </TestCategory>
      <Execution id="b0eef59f-bf11-41a7-8aa3-9cacfaa49881" />
      <TestMethod codeBase="D:\actions-runner\_work\XPCO\XPCO\AllSolutions\..\SC\Components\RemoteViewer\SmartClient\tst\zSmartClient_UnitTest\bin\x64\Debug\net6.0-windows\zSmartClient_UnitTest.dll" adapterTypeName="executor://mstestadapter/v2" className="SmartClient_UnitTest.VideoOS.RemoteClient.Plugin.GisMap.ViewModels.DeviceSelectorWindowViewModelTests" name="Constructor_ShouldRaiseArgumentNullException_WhenGisMapViewModelIsNull" />
    </UnitTest>
    <UnitTest name="SearchResultsActionBarActions_Export_OptionStillAvailable_OtherExportOptionsUnavailable_NotVisible" storage="d:\actions-runner\_work\xpco\xpco\allsolutions\..\sc\components\remoteviewer\smartclient\tst\zsmartclient_unittest\bin\x64\debug\net6.0-windows\zsmartclient_unittest.dll" id="37ae04ae-6997-0ecf-07a1-64b6d7659569">
      <TestCategory>
        <TestCategoryItem TestCategory="SearchResultActionBarViewModel" />
      </TestCategory>
      <Execution id="75f0bc38-770b-4186-bc83-16f8a2e07b0b" />
      <TestMethod codeBase="D:\actions-runner\_work\XPCO\XPCO\AllSolutions\..\SC\Components\RemoteViewer\SmartClient\tst\zSmartClient_UnitTest\bin\x64\Debug\net6.0-windows\zSmartClient_UnitTest.dll" adapterTypeName="executor://mstestadapter/v2" className="SmartClient_UnitTest.VideoOS.RemoteClient.Plugin.CentralizedSearch.ViewModels.SearchResultsActionBarViewModelTest" name="SearchResultsActionBarActions_Export_OptionStillAvailable_OtherExportOptionsUnavailable_NotVisible" />
    </UnitTest>
    <UnitTest name="Constructor_ShouldRaiseArgumentNullException_WhenMapLayersIsNull" storage="d:\actions-runner\_work\xpco\xpco\allsolutions\..\sc\components\remoteviewer\smartclient\tst\zsmartclient_unittest\bin\x64\debug\net6.0-windows\zsmartclient_unittest.dll" id="13a4d90a-2e75-f52a-90e5-614716c51196">
      <TestCategory>
        <TestCategoryItem TestCategory="GisMap.LayerVisibilityItemDataChildrenToggleItemDecoratorTests" />
      </TestCategory>
      <Execution id="239283c5-424c-49e7-9bea-6d9bd235e9c5" />
      <TestMethod codeBase="D:\actions-runner\_work\XPCO\XPCO\AllSolutions\..\SC\Components\RemoteViewer\SmartClient\tst\zSmartClient_UnitTest\bin\x64\Debug\net6.0-windows\zSmartClient_UnitTest.dll" adapterTypeName="executor://mstestadapter/v2" className="SmartClient_UnitTest.VideoOS.RemoteClient.Plugin.GisMap.ViewModels.LayersVisibility.Decorators.LayerVisibilityItemDataChildrenToggleItemDecoratorTests" name="Constructor_ShouldRaiseArgumentNullException_WhenMapLayersIsNull" />
    </UnitTest>
    <UnitTest name="MapCameraIcons_WhenPinkOemResource_ShouldReturnTenIcons" storage="d:\actions-runner\_work\xpco\xpco\allsolutions\..\sc\components\remoteviewer\smartclient\tst\zsmartclient_unittest\bin\x64\debug\net6.0-windows\zsmartclient_unittest.dll" id="b7095fa5-4f07-bfb6-a358-0338e32383f9">
      <Execution id="a746f419-5603-4374-a5f6-8a1429548023" />
      <TestMethod codeBase="D:\actions-runner\_work\XPCO\XPCO\AllSolutions\..\SC\Components\RemoteViewer\SmartClient\tst\zSmartClient_UnitTest\bin\x64\Debug\net6.0-windows\zSmartClient_UnitTest.dll" adapterTypeName="executor://mstestadapter/v2" className="SmartClient_UnitTest.VideoOS.RemoteClient.Application.Controllers.OemResourceControllerTest" name="MapCameraIcons_WhenPinkOemResource_ShouldReturnTenIcons" />
    </UnitTest>
    <UnitTest name="DeactivatedOutputIcons_ShouldReturnIconsInAProperOrder_WhenCalled" storage="d:\actions-runner\_work\xpco\xpco\allsolutions\..\sc\components\remoteviewer\smartclient\tst\zsmartclient_unittest\bin\x64\debug\net6.0-windows\zsmartclient_unittest.dll" id="9febb6f2-deb2-94da-aa47-7dc5befd915e">
      <TestCategory>
        <TestCategoryItem TestCategory="GisMapData.OutputOemResourcesProviderTests" />
      </TestCategory>
      <Execution id="c4a88aa4-466c-4212-a6d9-0bd2b254baf4" />
      <TestMethod codeBase="D:\actions-runner\_work\XPCO\XPCO\AllSolutions\..\SC\Components\RemoteViewer\SmartClient\tst\zSmartClient_UnitTest\bin\x64\Debug\net6.0-windows\zSmartClient_UnitTest.dll" adapterTypeName="executor://mstestadapter/v2" className="SmartClient_UnitTest.VideoOS.RemoteClient.GisMapData.Resources.OutputOemResourcesProviderTests" name="DeactivatedOutputIcons_ShouldReturnIconsInAProperOrder_WhenCalled" />
    </UnitTest>
    <UnitTest name="State_ShouldUpdateMicrophoneIconId_WhenSetToMute" storage="d:\actions-runner\_work\xpco\xpco\allsolutions\..\sc\components\remoteviewer\smartclient\tst\zsmartclient_unittest\bin\x64\debug\net6.0-windows\zsmartclient_unittest.dll" id="593930ca-a7df-1408-b332-7a4bf0c72a54">
      <TestCategory>
        <TestCategoryItem TestCategory="GisMapData.MapItem.Microphones" />
      </TestCategory>
      <Execution id="ab8b7936-2a0f-4e9b-8026-f50d27b34b5f" />
      <TestMethod codeBase="D:\actions-runner\_work\XPCO\XPCO\AllSolutions\..\SC\Components\RemoteViewer\SmartClient\tst\zSmartClient_UnitTest\bin\x64\Debug\net6.0-windows\zSmartClient_UnitTest.dll" adapterTypeName="executor://mstestadapter/v2" className="SmartClient_UnitTest.VideoOS.RemoteClient.GisMapData.MapItem.Microphones.MicrophoneMapItemTests" name="State_ShouldUpdateMicrophoneIconId_WhenSetToMute" />
    </UnitTest>
    <UnitTest name="TestForAssemblyCoverage" storage="d:\actions-runner\_work\xpco\xpco\allsolutions\..\sc\components\remoteviewer\smartclient\tst\zsmartclient_unittest\bin\x64\debug\net6.0-windows\zsmartclient_unittest.dll" id="b9339d47-1b08-2f87-b4ed-bf554f7069bd">
      <Execution id="2503ba16-e453-4583-98eb-80bbb82d806f" />
      <TestMethod codeBase="D:\actions-runner\_work\XPCO\XPCO\AllSolutions\..\SC\Components\RemoteViewer\SmartClient\tst\zSmartClient_UnitTest\bin\x64\Debug\net6.0-windows\zSmartClient_UnitTest.dll" adapterTypeName="executor://mstestadapter/v2" className="SmartClient_UnitTest.VideoOS.RemoteClient.Plugin.Hotspot.UnitTest1" name="TestForAssemblyCoverage" />
    </UnitTest>
    <UnitTest name="HandleGetLayerFeatures_ShouldRaiseArgumentException_WhenIsCalled" storage="d:\actions-runner\_work\xpco\xpco\allsolutions\..\sc\components\remoteviewer\smartclient\tst\zsmartclient_unittest\bin\x64\debug\net6.0-windows\zsmartclient_unittest.dll" id="9d2adb93-4837-25dd-c5fc-bdfa01122682">
      <TestCategory>
        <TestCategoryItem TestCategory="GisMapData.Handlers.LayerFeatures" />
      </TestCategory>
      <Execution id="c3bd55a6-1946-4692-a036-bbeb2d0ad346" />
      <TestMethod codeBase="D:\actions-runner\_work\XPCO\XPCO\AllSolutions\..\SC\Components\RemoteViewer\SmartClient\tst\zSmartClient_UnitTest\bin\x64\Debug\net6.0-windows\zSmartClient_UnitTest.dll" adapterTypeName="executor://mstestadapter/v2" className="SmartClient_UnitTest.VideoOS.RemoteClient.GisMapData.Handlers.LayerFeatures.NotSupportedLayerFeaturesHandlerTests" name="HandleGetLayerFeatures_ShouldRaiseArgumentException_WhenIsCalled" />
    </UnitTest>
    <UnitTest name="IsBasicUser_ShouldReturnTrue_WhenConstructedUsingWindowsDefault" storage="d:\actions-runner\_work\xpco\xpco\allsolutions\..\sc\components\remoteviewer\smartclient\tst\zsmartclient_unittest\bin\x64\debug\net6.0-windows\zsmartclient_unittest.dll" id="e55520ca-13b9-16e0-7c91-282920a34b8a">
      <TestCategory>
        <TestCategoryItem TestCategory="Authentication.ClientCredentials" />
      </TestCategory>
      <Execution id="2d6b71da-4451-404b-99af-37a9b47d580b" />
      <TestMethod codeBase="D:\actions-runner\_work\XPCO\XPCO\AllSolutions\..\SC\Components\RemoteViewer\SmartClient\tst\zSmartClient_UnitTest\bin\x64\Debug\net6.0-windows\zSmartClient_UnitTest.dll" adapterTypeName="executor://mstestadapter/v2" className="SmartClient_UnitTest.VideoOS.Shared.ServerAPI.ClientCredentialsTest" name="IsBasicUser_ShouldReturnTrue_WhenConstructedUsingWindowsDefault" />
    </UnitTest>
    <UnitTest name="IsVisible_ZeroSelectedResults_ReturnsFalse" storage="d:\actions-runner\_work\xpco\xpco\allsolutions\..\sc\components\remoteviewer\smartclient\tst\zsmartclient_unittest\bin\x64\debug\net6.0-windows\zsmartclient_unittest.dll" id="fe22a4f5-f49f-f59f-57fa-2e035d1a94ac">
      <TestCategory>
        <TestCategoryItem TestCategory="SearchResultActionBarViewModel" />
      </TestCategory>
      <Execution id="8246190e-eafa-40fc-952b-a50b797fb1ac" />
      <TestMethod codeBase="D:\actions-runner\_work\XPCO\XPCO\AllSolutions\..\SC\Components\RemoteViewer\SmartClient\tst\zSmartClient_UnitTest\bin\x64\Debug\net6.0-windows\zSmartClient_UnitTest.dll" adapterTypeName="executor://mstestadapter/v2" className="SmartClient_UnitTest.VideoOS.RemoteClient.Plugin.CentralizedSearch.ViewModels.SearchResultsActionBarViewModelTest" name="IsVisible_ZeroSelectedResults_ReturnsFalse" />
    </UnitTest>
    <UnitTest name="IsProductionEnvironment_ShouldReturnCorrectValue (wtst,False)" storage="d:\actions-runner\_work\xpco\xpco\allsolutions\..\sc\components\remoteviewer\smartclient\tst\zsmartclient_unittest\bin\x64\debug\net6.0-windows\zsmartclient_unittest.dll" id="8e306d02-bff6-2147-0601-d259a33cfc75">
      <Execution id="8ca8598d-a2fd-430c-a814-f3e49f171c8c" />
      <TestMethod codeBase="D:\actions-runner\_work\XPCO\XPCO\AllSolutions\..\SC\Components\RemoteViewer\SmartClient\tst\zSmartClient_UnitTest\bin\x64\Debug\net6.0-windows\zSmartClient_UnitTest.dll" adapterTypeName="executor://mstestadapter/v2" className="SmartClient_UnitTest.VideoOS.RemoteClient.Application.Common.Telemetry.TelemetryKeyProviderTests" name="IsProductionEnvironment_ShouldReturnCorrectValue" />
    </UnitTest>
    <UnitTest name="Constructor_ShouldRaiseArgumentNullException_WhenGisMapViewModelIsNull" storage="d:\actions-runner\_work\xpco\xpco\allsolutions\..\sc\components\remoteviewer\smartclient\tst\zsmartclient_unittest\bin\x64\debug\net6.0-windows\zsmartclient_unittest.dll" id="451bffc0-3ae5-2acf-fc45-f7a1232d7fdf">
      <TestCategory>
        <TestCategoryItem TestCategory="GisMap.DefaultFixedLayerManagerStrategyTests" />
      </TestCategory>
      <Execution id="0a8ca264-1882-41ba-ac12-7748c7355dda" />
      <TestMethod codeBase="D:\actions-runner\_work\XPCO\XPCO\AllSolutions\..\SC\Components\RemoteViewer\SmartClient\tst\zSmartClient_UnitTest\bin\x64\Debug\net6.0-windows\zSmartClient_UnitTest.dll" adapterTypeName="executor://mstestadapter/v2" className="SmartClient_UnitTest.VideoOS.RemoteClient.Plugin.GisMap.ViewModels.LayersVisibility.FixedLayers.DefaultFixedLayerManagerStrategyTests" name="Constructor_ShouldRaiseArgumentNullException_WhenGisMapViewModelIsNull" />
    </UnitTest>
    <UnitTest name="Detach_ShouldDetachWindowMouseDownEvent_WhenAttachWasCalledPreviously" storage="d:\actions-runner\_work\xpco\xpco\allsolutions\..\sc\components\remoteviewer\smartclient\tst\zsmartclient_unittest\bin\x64\debug\net6.0-windows\zsmartclient_unittest.dll" id="faa83ec7-f24a-086a-e966-e8c82cf7330a">
      <TestCategory>
        <TestCategoryItem TestCategory="GisMap.WindowsBases" />
      </TestCategory>
      <Execution id="e4bf15f3-883e-4369-8e9b-cf2fb670d7c2" />
      <TestMethod codeBase="D:\actions-runner\_work\XPCO\XPCO\AllSolutions\..\SC\Components\RemoteViewer\SmartClient\tst\zSmartClient_UnitTest\bin\x64\Debug\net6.0-windows\zSmartClient_UnitTest.dll" adapterTypeName="executor://mstestadapter/v2" className="SmartClient_UnitTest.VideoOS.RemoteClient.Plugin.GisMap.Windows.Bases.DragWindowDecoratorTests" name="Detach_ShouldDetachWindowMouseDownEvent_WhenAttachWasCalledPreviously" />
    </UnitTest>
    <UnitTest name="ToggleMicrophoneStateAsync_ShouldMuteAllOtherMicrophonesAndUnmuteOneMicrophone_WhenThereAreOtherUnmutedMicrophones" storage="d:\actions-runner\_work\xpco\xpco\allsolutions\..\sc\components\remoteviewer\smartclient\tst\zsmartclient_unittest\bin\x64\debug\net6.0-windows\zsmartclient_unittest.dll" id="68b8744b-0d04-5ccf-e59d-98d1006236e5">
      <TestCategory>
        <TestCategoryItem TestCategory="GisMapAudioController" />
      </TestCategory>
      <Execution id="5179f79e-3402-4923-9f86-e693741d9bfa" />
      <TestMethod codeBase="D:\actions-runner\_work\XPCO\XPCO\AllSolutions\..\SC\Components\RemoteViewer\SmartClient\tst\zSmartClient_UnitTest\bin\x64\Debug\net6.0-windows\zSmartClient_UnitTest.dll" adapterTypeName="executor://mstestadapter/v2" className="SmartClient_UnitTest.VideoOS.RemoteClient.GisMapData.GisMapAudioControllerTests" name="ToggleMicrophoneStateAsync_ShouldMuteAllOtherMicrophonesAndUnmuteOneMicrophone_WhenThereAreOtherUnmutedMicrophones" />
    </UnitTest>
    <UnitTest name="PtzSessionControllerInfo_UserChangedTest_Different_Domain" storage="d:\actions-runner\_work\xpco\xpco\allsolutions\..\sc\components\remoteviewer\smartclient\tst\zsmartclient_unittest\bin\x64\debug\net6.0-windows\zsmartclient_unittest.dll" id="db2886ea-13dd-b03a-a528-49fda3ee9983">
      <Execution id="c54d62f9-d2a0-49ef-aa7e-153542b47efa" />
      <TestMethod codeBase="D:\actions-runner\_work\XPCO\XPCO\AllSolutions\..\SC\Components\RemoteViewer\SmartClient\tst\zSmartClient_UnitTest\bin\x64\Debug\net6.0-windows\zSmartClient_UnitTest.dll" adapterTypeName="executor://mstestadapter/v2" className="VideoOS.RemoteClient.Application.Controllers.UnitTest.PtzSessionControllerTest" name="PtzSessionControllerInfo_UserChangedTest_Different_Domain" />
    </UnitTest>
    <UnitTest name="EvidenceLockNotVisible_WhenFeatureDisabled" storage="d:\actions-runner\_work\xpco\xpco\allsolutions\..\sc\components\remoteviewer\smartclient\tst\zsmartclient_unittest\bin\x64\debug\net6.0-windows\zsmartclient_unittest.dll" id="e7590a2a-9404-cfd8-85e4-42ebf7fee746">
      <TestCategory>
        <TestCategoryItem TestCategory="WorkspaceToolbar" />
      </TestCategory>
      <Execution id="903aa4d7-1544-4e6b-9f86-edf4208ead1d" />
      <TestMethod codeBase="D:\actions-runner\_work\XPCO\XPCO\AllSolutions\..\SC\Components\RemoteViewer\SmartClient\tst\zSmartClient_UnitTest\bin\x64\Debug\net6.0-windows\zSmartClient_UnitTest.dll" adapterTypeName="executor://mstestadapter/v2" className="SmartClient_UnitTest.VideoOS.RemoteClient.Application.UI.Content.WorkspaceToolbar.WorkspaceToolbarViewModelTests" name="EvidenceLockNotVisible_WhenFeatureDisabled" />
    </UnitTest>
    <UnitTest name="PointMapItem_Load_Success" storage="d:\actions-runner\_work\xpco\xpco\allsolutions\..\sc\components\remoteviewer\smartclient\tst\zsmartclient_unittest\bin\x64\debug\net6.0-windows\zsmartclient_unittest.dll" id="f8050766-a819-6e5a-f094-40b949fa7692">
      <TestCategory>
        <TestCategoryItem TestCategory="GisMapMapItem" />
      </TestCategory>
      <Execution id="32e95c64-ccd9-467d-afa3-439a99cebe8e" />
      <TestMethod codeBase="D:\actions-runner\_work\XPCO\XPCO\AllSolutions\..\SC\Components\RemoteViewer\SmartClient\tst\zSmartClient_UnitTest\bin\x64\Debug\net6.0-windows\zSmartClient_UnitTest.dll" adapterTypeName="executor://mstestadapter/v2" className="SmartClient_UnitTest.VideoOS.RemoteClient.GisMap.MapItem.MapItemTests" name="PointMapItem_Load_Success" />
    </UnitTest>
    <UnitTest name="GetWorkspaceToolbarItems_ShouldReturnLiveToolbarItemEnabledPlaybackToolbarItemDisabled_WhenWorkspaceIsLive" storage="d:\actions-runner\_work\xpco\xpco\allsolutions\..\sc\components\remoteviewer\smartclient\tst\zsmartclient_unittest\bin\x64\debug\net6.0-windows\zsmartclient_unittest.dll" id="4daaf6d7-7b46-8260-2000-7f96a4364f19">
      <TestCategory>
        <TestCategoryItem TestCategory="WorkspaceToolbar" />
      </TestCategory>
      <Execution id="18556534-1fc9-4065-b3e9-084423b23ac2" />
      <TestMethod codeBase="D:\actions-runner\_work\XPCO\XPCO\AllSolutions\..\SC\Components\RemoteViewer\SmartClient\tst\zSmartClient_UnitTest\bin\x64\Debug\net6.0-windows\zSmartClient_UnitTest.dll" adapterTypeName="executor://mstestadapter/v2" className="SmartClient_UnitTest.VideoOS.RemoteClient.Application.UI.Content.WorkspaceToolbar.MIPWorkspaceToolbarItemManagerTests" name="GetWorkspaceToolbarItems_ShouldReturnLiveToolbarItemEnabledPlaybackToolbarItemDisabled_WhenWorkspaceIsLive" />
    </UnitTest>
    <UnitTest name="TestProperties_Note_Success" storage="d:\actions-runner\_work\xpco\xpco\allsolutions\..\sc\components\remoteviewer\smartclient\tst\zsmartclient_unittest\bin\x64\debug\net6.0-windows\zsmartclient_unittest.dll" id="b09a1385-ea97-6649-75a7-4f5d4ef865f4">
      <TestCategory>
        <TestCategoryItem TestCategory="GisMapBuilding" />
      </TestCategory>
      <Execution id="bb7d5a84-4608-434e-8044-34a0f3e29ecc" />
      <TestMethod codeBase="D:\actions-runner\_work\XPCO\XPCO\AllSolutions\..\SC\Components\RemoteViewer\SmartClient\tst\zSmartClient_UnitTest\bin\x64\Debug\net6.0-windows\zSmartClient_UnitTest.dll" adapterTypeName="executor://mstestadapter/v2" className="SmartClient_UnitTest.VideoOS.RemoteClient.GisMapData.MapBuildings.MapLevelTests" name="TestProperties_Note_Success" />
    </UnitTest>
    <UnitTest name="DeviceIcons_ShouldHaveSevenElements_WhenCalled" storage="d:\actions-runner\_work\xpco\xpco\allsolutions\..\sc\components\remoteviewer\smartclient\tst\zsmartclient_unittest\bin\x64\debug\net6.0-windows\zsmartclient_unittest.dll" id="0fea2cc1-51cc-e0fa-152a-f6a58ad22a37">
      <TestCategory>
        <TestCategoryItem TestCategory="GisMapData.InputOemResourcesProviderTests" />
      </TestCategory>
      <Execution id="832a9c9d-6f7a-40df-90ad-856368b6654f" />
      <TestMethod codeBase="D:\actions-runner\_work\XPCO\XPCO\AllSolutions\..\SC\Components\RemoteViewer\SmartClient\tst\zSmartClient_UnitTest\bin\x64\Debug\net6.0-windows\zSmartClient_UnitTest.dll" adapterTypeName="executor://mstestadapter/v2" className="SmartClient_UnitTest.VideoOS.RemoteClient.GisMapData.Resources.InputOemResourcesProviderTests" name="DeviceIcons_ShouldHaveSevenElements_WhenCalled" />
    </UnitTest>
    <UnitTest name="SetResultsToReselect_ShouldBeReflectedInResultsProcessedEvent" storage="d:\actions-runner\_work\xpco\xpco\allsolutions\..\sc\components\remoteviewer\smartclient\tst\zsmartclient_unittest\bin\x64\debug\net6.0-windows\zsmartclient_unittest.dll" id="c0f6f50e-70bb-6ec7-7cb1-70b1c03dbf38">
      <TestCategory>
        <TestCategoryItem TestCategory="SearchResultsPreprocessor" />
      </TestCategory>
      <Execution id="b8c5a31c-d44f-4cc4-86c1-48c5bdc13f78" />
      <TestMethod codeBase="D:\actions-runner\_work\XPCO\XPCO\AllSolutions\..\SC\Components\RemoteViewer\SmartClient\tst\zSmartClient_UnitTest\bin\x64\Debug\net6.0-windows\zSmartClient_UnitTest.dll" adapterTypeName="executor://mstestadapter/v2" className="SmartClient_UnitTest.VideoOS.RemoteClient.Plugin.CentralizedSearch.Models.SearchResultsPreprocessorTests" name="SetResultsToReselect_ShouldBeReflectedInResultsProcessedEvent" />
    </UnitTest>
    <UnitTest name="SearchResultsActionBarActions_Export_OptionUnavailable_NotVisible" storage="d:\actions-runner\_work\xpco\xpco\allsolutions\..\sc\components\remoteviewer\smartclient\tst\zsmartclient_unittest\bin\x64\debug\net6.0-windows\zsmartclient_unittest.dll" id="e2a3c11c-1944-c086-d9fe-0c8ab6c0a314">
      <TestCategory>
        <TestCategoryItem TestCategory="SearchResultActionBarViewModel" />
      </TestCategory>
      <Execution id="79e88c7c-1e49-4cbb-8fa2-14f2c28afaee" />
      <TestMethod codeBase="D:\actions-runner\_work\XPCO\XPCO\AllSolutions\..\SC\Components\RemoteViewer\SmartClient\tst\zSmartClient_UnitTest\bin\x64\Debug\net6.0-windows\zSmartClient_UnitTest.dll" adapterTypeName="executor://mstestadapter/v2" className="SmartClient_UnitTest.VideoOS.RemoteClient.Plugin.CentralizedSearch.ViewModels.SearchResultsActionBarViewModelTest" name="SearchResultsActionBarActions_Export_OptionUnavailable_NotVisible" />
    </UnitTest>
    <UnitTest name="AuthType_ShouldReturnBasic_WhenConstructedUsingSimple" storage="d:\actions-runner\_work\xpco\xpco\allsolutions\..\sc\components\remoteviewer\smartclient\tst\zsmartclient_unittest\bin\x64\debug\net6.0-windows\zsmartclient_unittest.dll" id="b53cbe33-730e-fb6f-4fda-1e9679963edf">
      <TestCategory>
        <TestCategoryItem TestCategory="Authentication.ClientCredentials" />
      </TestCategory>
      <Execution id="a2452522-3126-45b9-911c-bbdc84ea2cc4" />
      <TestMethod codeBase="D:\actions-runner\_work\XPCO\XPCO\AllSolutions\..\SC\Components\RemoteViewer\SmartClient\tst\zSmartClient_UnitTest\bin\x64\Debug\net6.0-windows\zSmartClient_UnitTest.dll" adapterTypeName="executor://mstestadapter/v2" className="SmartClient_UnitTest.VideoOS.Shared.ServerAPI.ClientCredentialsTest" name="AuthType_ShouldReturnBasic_WhenConstructedUsingSimple" />
    </UnitTest>
    <UnitTest name="DeserializeBrokenState_Fail" storage="d:\actions-runner\_work\xpco\xpco\allsolutions\..\sc\components\remoteviewer\smartclient\tst\zsmartclient_unittest\bin\x64\debug\net6.0-windows\zsmartclient_unittest.dll" id="814ca95b-3749-a755-e5cd-7c6f8bffd2b6">
      <Execution id="8c1653ea-09ff-413a-b841-7b39ce15f86b" />
      <TestMethod codeBase="D:\actions-runner\_work\XPCO\XPCO\AllSolutions\..\SC\Components\RemoteViewer\SmartClient\tst\zSmartClient_UnitTest\bin\x64\Debug\net6.0-windows\zSmartClient_UnitTest.dll" adapterTypeName="executor://mstestadapter/v2" className="SmartClient_UnitTest.VideoOS.RemoteClient.Data.VideoWall.MonitorStateTests" name="DeserializeBrokenState_Fail" />
    </UnitTest>
    <UnitTest name="VideoResultSearchResult_ShouldOnlyHavePropertiesFromSecondContext_WhenSetTwiceWithoutThrowingOnTokenCancellation" storage="d:\actions-runner\_work\xpco\xpco\allsolutions\..\sc\components\remoteviewer\smartclient\tst\zsmartclient_unittest\bin\x64\debug\net6.0-windows\zsmartclient_unittest.dll" id="d6a182f6-1abb-4c06-28b1-3486154a7ed6">
      <TestCategory>
        <TestCategoryItem TestCategory="SearchControls" />
      </TestCategory>
      <Execution id="61f9934b-4608-43b0-b591-855b92df8d5b" />
      <TestMethod codeBase="D:\actions-runner\_work\XPCO\XPCO\AllSolutions\..\SC\Components\RemoteViewer\SmartClient\tst\zSmartClient_UnitTest\bin\x64\Debug\net6.0-windows\zSmartClient_UnitTest.dll" adapterTypeName="executor://mstestadapter/v2" className="SmartClient_UnitTest.VideoOS.RemoteClient.Plugin.CentralizedSearch.Views.Controls.SearchResultDetailsControlTests" name="VideoResultSearchResult_ShouldOnlyHavePropertiesFromSecondContext_WhenSetTwiceWithoutThrowingOnTokenCancellation" />
    </UnitTest>
    <UnitTest name="Constructor_ShouldInitialiseDeviceSelectorWindowViewModel_WhenCreatingInstance" storage="d:\actions-runner\_work\xpco\xpco\allsolutions\..\sc\components\remoteviewer\smartclient\tst\zsmartclient_unittest\bin\x64\debug\net6.0-windows\zsmartclient_unittest.dll" id="97233566-784e-0a25-ecca-3d6658603571">
      <TestCategory>
        <TestCategoryItem TestCategory="GisMap.GisMapViewModel" />
      </TestCategory>
      <Execution id="907c96cd-472c-43c2-a061-3d0c8b25f27a" />
      <TestMethod codeBase="D:\actions-runner\_work\XPCO\XPCO\AllSolutions\..\SC\Components\RemoteViewer\SmartClient\tst\zSmartClient_UnitTest\bin\x64\Debug\net6.0-windows\zSmartClient_UnitTest.dll" adapterTypeName="executor://mstestadapter/v2" className="SmartClient_UnitTest.VideoOS.RemoteClient.Plugin.GisMap.ViewModels.GisMapViewModelTests" name="Constructor_ShouldInitialiseDeviceSelectorWindowViewModel_WhenCreatingInstance" />
    </UnitTest>
    <UnitTest name="HandleSetLayerFeatures_ShouldUpdateMicrophoneLayerFeatures_WhenMicrophoneKindAndMicrophoneLayerFeatures" storage="d:\actions-runner\_work\xpco\xpco\allsolutions\..\sc\components\remoteviewer\smartclient\tst\zsmartclient_unittest\bin\x64\debug\net6.0-windows\zsmartclient_unittest.dll" id="eb1477a2-2fb7-b3cb-5428-9b4cc8d1e650">
      <TestCategory>
        <TestCategoryItem TestCategory="GisMapData.Handlers.LayerFeatures" />
      </TestCategory>
      <Execution id="3fb5074c-3720-45fc-8da2-95c116ced372" />
      <TestMethod codeBase="D:\actions-runner\_work\XPCO\XPCO\AllSolutions\..\SC\Components\RemoteViewer\SmartClient\tst\zSmartClient_UnitTest\bin\x64\Debug\net6.0-windows\zSmartClient_UnitTest.dll" adapterTypeName="executor://mstestadapter/v2" className="SmartClient_UnitTest.VideoOS.RemoteClient.GisMapData.Handlers.LayerFeatures.MicrophoneLayerFeaturesHandlerTests" name="HandleSetLayerFeatures_ShouldUpdateMicrophoneLayerFeatures_WhenMicrophoneKindAndMicrophoneLayerFeatures" />
    </UnitTest>
    <UnitTest name="SaveSearchTemplateAsync_NoActive_Fails" storage="d:\actions-runner\_work\xpco\xpco\allsolutions\..\sc\components\remoteviewer\smartclient\tst\zsmartclient_unittest\bin\x64\debug\net6.0-windows\zsmartclient_unittest.dll" id="a414dc23-7c3d-099a-1001-11be32d85424">
      <TestCategory>
        <TestCategoryItem TestCategory="SearchTemplates" />
      </TestCategory>
      <Execution id="c890aaca-fb70-443c-b5a4-e117d233488c" />
      <TestMethod codeBase="D:\actions-runner\_work\XPCO\XPCO\AllSolutions\..\SC\Components\RemoteViewer\SmartClient\tst\zSmartClient_UnitTest\bin\x64\Debug\net6.0-windows\zSmartClient_UnitTest.dll" adapterTypeName="executor://mstestadapter/v2" className="SmartClient_UnitTest.VideoOS.RemoteClient.Plugin.CentralizedSearch.SearchTemplates.SearchTemplateManagerTests" name="SaveSearchTemplateAsync_NoActive_Fails" />
    </UnitTest>
    <UnitTest name="EnsureLayersOrderIsValidBy_AddLayersAt_AfterLast_Success" storage="d:\actions-runner\_work\xpco\xpco\allsolutions\..\sc\components\remoteviewer\smartclient\tst\zsmartclient_unittest\bin\x64\debug\net6.0-windows\zsmartclient_unittest.dll" id="1827dddb-e32e-3062-ab3d-687741a79313">
      <TestCategory>
        <TestCategoryItem TestCategory="GisMapLayers" />
      </TestCategory>
      <Execution id="379fac43-080f-41de-b50e-2301d3c59f66" />
      <TestMethod codeBase="D:\actions-runner\_work\XPCO\XPCO\AllSolutions\..\SC\Components\RemoteViewer\SmartClient\tst\zSmartClient_UnitTest\bin\x64\Debug\net6.0-windows\zSmartClient_UnitTest.dll" adapterTypeName="executor://mstestadapter/v2" className="SmartClient_UnitTest.VideoOS.RemoteClient.GisMapData.GisMapLayerZOrderTests" name="EnsureLayersOrderIsValidBy_AddLayersAt_AfterLast_Success" />
    </UnitTest>
    <UnitTest name="FieldOfView_XPCO_SC_RoundtripTransform_Success" storage="d:\actions-runner\_work\xpco\xpco\allsolutions\..\sc\components\remoteviewer\smartclient\tst\zsmartclient_unittest\bin\x64\debug\net6.0-windows\zsmartclient_unittest.dll" id="8ad53d84-7b7f-42f1-3c0f-a181a1bcf187">
      <TestCategory>
        <TestCategoryItem TestCategory="GisMap" />
      </TestCategory>
      <Execution id="a352169d-0b39-4312-8363-2402290688ea" />
      <TestMethod codeBase="D:\actions-runner\_work\XPCO\XPCO\AllSolutions\..\SC\Components\RemoteViewer\SmartClient\tst\zSmartClient_UnitTest\bin\x64\Debug\net6.0-windows\zSmartClient_UnitTest.dll" adapterTypeName="executor://mstestadapter/v2" className="SmartClient_UnitTest.VideoOS.RemoteClient.GisMap.Utilities.GisUtilityTests" name="FieldOfView_XPCO_SC_RoundtripTransform_Success" />
    </UnitTest>
    <UnitTest name="HandleGetDeviceData_ShouldReturnNotFoundDeviceData_WhenNotSupportedKind" storage="d:\actions-runner\_work\xpco\xpco\allsolutions\..\sc\components\remoteviewer\smartclient\tst\zsmartclient_unittest\bin\x64\debug\net6.0-windows\zsmartclient_unittest.dll" id="e5ac7c8b-5d6c-e4aa-7715-b9b1e7a9023f">
      <TestCategory>
        <TestCategoryItem TestCategory="GisMap.Handlers.Devices.MapItems" />
      </TestCategory>
      <Execution id="4637df43-c7bf-457d-95dd-6ce326ecd871" />
      <TestMethod codeBase="D:\actions-runner\_work\XPCO\XPCO\AllSolutions\..\SC\Components\RemoteViewer\SmartClient\tst\zSmartClient_UnitTest\bin\x64\Debug\net6.0-windows\zSmartClient_UnitTest.dll" adapterTypeName="executor://mstestadapter/v2" className="SmartClient_UnitTest.VideoOS.RemoteClient.Plugin.GisMap.Handlers.Devices.MapItems.OutputDataHandlerTests" name="HandleGetDeviceData_ShouldReturnNotFoundDeviceData_WhenNotSupportedKind" />
    </UnitTest>
    <UnitTest name="ValidateExportName_ShouldReturnFailResult_InvalidCharactersInExportName (1213?)" storage="d:\actions-runner\_work\xpco\xpco\allsolutions\..\sc\components\remoteviewer\smartclient\tst\zsmartclient_unittest\bin\x64\debug\net6.0-windows\zsmartclient_unittest.dll" id="c3c6004f-1cee-dde7-31e1-dc9ac6e20c92">
      <TestCategory>
        <TestCategoryItem TestCategory="Export" />
      </TestCategory>
      <Execution id="666c9e1e-6971-41be-a8ed-dd0cc1e7c5fb" />
      <TestMethod codeBase="D:\actions-runner\_work\XPCO\XPCO\AllSolutions\..\SC\Components\RemoteViewer\SmartClient\tst\zSmartClient_UnitTest\bin\x64\Debug\net6.0-windows\zSmartClient_UnitTest.dll" adapterTypeName="executor://mstestadapter/v2" className="SmartClient_UnitTest.VideoOS.RemoteClient.Plugin.Export.ExportDataValidatorTests" name="ValidateExportName_ShouldReturnFailResult_InvalidCharactersInExportName" />
    </UnitTest>
    <UnitTest name="Constructor_ShouldRaiseArgumentNullException_WhenGisMapViewModelInteractionStateControllerIsNull" storage="d:\actions-runner\_work\xpco\xpco\allsolutions\..\sc\components\remoteviewer\smartclient\tst\zsmartclient_unittest\bin\x64\debug\net6.0-windows\zsmartclient_unittest.dll" id="5b36a0fc-0af7-9466-52bd-af4aae9184ca">
      <TestCategory>
        <TestCategoryItem TestCategory="GisMap.DeviceSelectorWindowViewModel" />
      </TestCategory>
      <Execution id="10469667-a967-4d1f-82f7-d2ed5fd0c859" />
      <TestMethod codeBase="D:\actions-runner\_work\XPCO\XPCO\AllSolutions\..\SC\Components\RemoteViewer\SmartClient\tst\zSmartClient_UnitTest\bin\x64\Debug\net6.0-windows\zSmartClient_UnitTest.dll" adapterTypeName="executor://mstestadapter/v2" className="SmartClient_UnitTest.VideoOS.RemoteClient.Plugin.GisMap.ViewModels.DeviceSelectorWindowViewModelTests" name="Constructor_ShouldRaiseArgumentNullException_WhenGisMapViewModelInteractionStateControllerIsNull" />
    </UnitTest>
    <UnitTest name="RetrievalTestStop" storage="d:\actions-runner\_work\xpco\xpco\allsolutions\..\sc\components\remoteviewer\smartclient\tst\zsmartclient_unittest\bin\x64\debug\net6.0-windows\zsmartclient_unittest.dll" id="e3eaed0d-86bd-8f89-51b2-10bb869eeb76">
      <Execution id="b2b1a7b5-58c4-4a18-9b6e-19298d66a1a2" />
      <TestMethod codeBase="D:\actions-runner\_work\XPCO\XPCO\AllSolutions\..\SC\Components\RemoteViewer\SmartClient\tst\zSmartClient_UnitTest\bin\x64\Debug\net6.0-windows\zSmartClient_UnitTest.dll" adapterTypeName="executor://mstestadapter/v2" className="SmartClient_UnitTest.VideoOS.RemoteClient.Application.Managers.EdgeRetrievalTaskManagerUnitTest" name="RetrievalTestStop" />
    </UnitTest>
    <UnitTest name="PatrollingStepViewModel_Position" storage="d:\actions-runner\_work\xpco\xpco\allsolutions\..\sc\components\remoteviewer\smartclient\tst\zsmartclient_unittest\bin\x64\debug\net6.0-windows\zsmartclient_unittest.dll" id="24c926a6-ee97-c276-700e-e9cf4f4112ef">
      <Execution id="44092db1-0180-4450-aed9-970b8ad14076" />
      <TestMethod codeBase="D:\actions-runner\_work\XPCO\XPCO\AllSolutions\..\SC\Components\RemoteViewer\SmartClient\tst\zSmartClient_UnitTest\bin\x64\Debug\net6.0-windows\zSmartClient_UnitTest.dll" adapterTypeName="executor://mstestadapter/v2" className="SmartClient_UnitTest.VideoOS.RemoteClient.Application.UI.PtzPreset.PatrollingViewModel.PatrollingStepViewModelTest" name="PatrollingStepViewModel_Position" />
    </UnitTest>
    <UnitTest name="CameraItemsLayer_NotIsGeographic_Save_Success" storage="d:\actions-runner\_work\xpco\xpco\allsolutions\..\sc\components\remoteviewer\smartclient\tst\zsmartclient_unittest\bin\x64\debug\net6.0-windows\zsmartclient_unittest.dll" id="6b9d0101-5179-e1bc-9826-482bb244b50e">
      <TestCategory>
        <TestCategoryItem TestCategory="GisMapLayer" />
      </TestCategory>
      <Execution id="116d9a43-9306-496b-bb0a-31406bcf0fbc" />
      <TestMethod codeBase="D:\actions-runner\_work\XPCO\XPCO\AllSolutions\..\SC\Components\RemoteViewer\SmartClient\tst\zSmartClient_UnitTest\bin\x64\Debug\net6.0-windows\zSmartClient_UnitTest.dll" adapterTypeName="executor://mstestadapter/v2" className="SmartClient_UnitTest.VideoOS.RemoteClient.GisMap.MapLayers.GisMapLayerTests" name="CameraItemsLayer_NotIsGeographic_Save_Success" />
    </UnitTest>
    <UnitTest name="SupportsDoubleClick_ShouldBeTrue_WhenInteractionStateIsNormal" storage="d:\actions-runner\_work\xpco\xpco\allsolutions\..\sc\components\remoteviewer\smartclient\tst\zsmartclient_unittest\bin\x64\debug\net6.0-windows\zsmartclient_unittest.dll" id="390e2c5d-d097-3631-576d-cd317912483e">
      <TestCategory>
        <TestCategoryItem TestCategory="GisMap.OutputMarkerTest" />
      </TestCategory>
      <Execution id="b013d24c-6158-4222-b87d-a775d17182af" />
      <TestMethod codeBase="D:\actions-runner\_work\XPCO\XPCO\AllSolutions\..\SC\Components\RemoteViewer\SmartClient\tst\zSmartClient_UnitTest\bin\x64\Debug\net6.0-windows\zSmartClient_UnitTest.dll" adapterTypeName="executor://mstestadapter/v2" className="SmartClient_UnitTest.VideoOS.RemoteClient.Plugin.GisMap.ThinkGeoMap.Markers.DeviceMarkers.OutputMarker.OutputMarkerTests" name="SupportsDoubleClick_ShouldBeTrue_WhenInteractionStateIsNormal" />
    </UnitTest>
    <UnitTest name="ClearTest" storage="d:\actions-runner\_work\xpco\xpco\allsolutions\..\sc\components\remoteviewer\smartclient\tst\zsmartclient_unittest\bin\x64\debug\net6.0-windows\zsmartclient_unittest.dll" id="b8af5950-498b-c4c9-4d6a-619dcb6074cf">
      <Execution id="bcec475d-9bc9-4c28-be1c-230ce10b202f" />
      <TestMethod codeBase="D:\actions-runner\_work\XPCO\XPCO\AllSolutions\..\SC\Components\RemoteViewer\SmartClient\tst\zSmartClient_UnitTest\bin\x64\Debug\net6.0-windows\zSmartClient_UnitTest.dll" adapterTypeName="executor://mstestadapter/v2" className="SmartClient_UnitTest.VideoOS.RemoteClient.Application.Data.ContentTypes.CameraContentType.PrivacyMaskTest" name="ClearTest" />
    </UnitTest>
    <UnitTest name="Constructor_ShouldThrowArgumentNullException_WhenStateManagerIsNull" storage="d:\actions-runner\_work\xpco\xpco\allsolutions\..\sc\components\remoteviewer\smartclient\tst\zsmartclient_unittest\bin\x64\debug\net6.0-windows\zsmartclient_unittest.dll" id="d01a472c-8c79-6237-bbd9-99dcce00cbb8">
      <Execution id="a9c43a0f-f1cd-4c84-94a5-7eefec323751" />
      <TestMethod codeBase="D:\actions-runner\_work\XPCO\XPCO\AllSolutions\..\SC\Components\RemoteViewer\SmartClient\tst\zSmartClient_UnitTest\bin\x64\Debug\net6.0-windows\zSmartClient_UnitTest.dll" adapterTypeName="executor://mstestadapter/v2" className="SmartClient_UnitTest.VideoOS.RemoteClient.Application.UI.Settings.SettingsDialogViewModelTests" name="Constructor_ShouldThrowArgumentNullException_WhenStateManagerIsNull" />
    </UnitTest>
    <UnitTest name="Retention_Options_Are_Intersected" storage="d:\actions-runner\_work\xpco\xpco\allsolutions\..\sc\components\remoteviewer\smartclient\tst\zsmartclient_unittest\bin\x64\debug\net6.0-windows\zsmartclient_unittest.dll" id="02ca40da-1acc-291d-7447-d3e7fda89520">
      <Execution id="5cc1fb49-a0f0-4799-9e2e-2188ba3cab06" />
      <TestMethod codeBase="D:\actions-runner\_work\XPCO\XPCO\AllSolutions\..\SC\Components\RemoteViewer\SmartClient\tst\zSmartClient_UnitTest\bin\x64\Debug\net6.0-windows\zSmartClient_UnitTest.dll" adapterTypeName="executor://mstestadapter/v2" className="SmartClient_UnitTest.VideoOS.RemoteClient.Application.Components.EvidenceLock.EvidenceLockCreateEditTests" name="Retention_Options_Are_Intersected" />
    </UnitTest>
    <UnitTest name="ShowAccessControlSystems_ShouldReturnFalse_WhenTwoACSystemsNotSupportingCardholdersAvailable" storage="d:\actions-runner\_work\xpco\xpco\allsolutions\..\sc\components\remoteviewer\smartclient\tst\zsmartclient_unittest\bin\x64\debug\net6.0-windows\zsmartclient_unittest.dll" id="e591cb66-07e5-1b9d-9e29-d469d485e69c">
      <Execution id="a2d6f962-b54c-4f79-b528-8d3e856ac584" />
      <TestMethod codeBase="D:\actions-runner\_work\XPCO\XPCO\AllSolutions\..\SC\Components\RemoteViewer\SmartClient\tst\zSmartClient_UnitTest\bin\x64\Debug\net6.0-windows\zSmartClient_UnitTest.dll" adapterTypeName="executor://mstestadapter/v2" className="SmartClient_UnitTest.VideoOS.RemoteClient.AccessControl.ViewModel.CardholdersTabViewModelTests" name="ShowAccessControlSystems_ShouldReturnFalse_WhenTwoACSystemsNotSupportingCardholdersAvailable" />
    </UnitTest>
    <UnitTest name="TestInitializeWorkrooms_AllBuiltinWorkroomsWithSearchTabAsInitialWorkroom_Success" storage="d:\actions-runner\_work\xpco\xpco\allsolutions\..\sc\components\remoteviewer\smartclient\tst\zsmartclient_unittest\bin\x64\debug\net6.0-windows\zsmartclient_unittest.dll" id="d02a9bfe-ef70-0b80-6768-a063d853aefd">
      <TestCategory>
        <TestCategoryItem TestCategory="WorkroomController" />
      </TestCategory>
      <Execution id="13b9270d-1225-4e50-b6d3-67d0980aef27" />
      <TestMethod codeBase="D:\actions-runner\_work\XPCO\XPCO\AllSolutions\..\SC\Components\RemoteViewer\SmartClient\tst\zSmartClient_UnitTest\bin\x64\Debug\net6.0-windows\zSmartClient_UnitTest.dll" adapterTypeName="executor://mstestadapter/v2" className="VideoOS.RemoteClient.Application.Controllers.WorkroomController.UnitTest.TabWorkroomControllerTest" name="TestInitializeWorkrooms_AllBuiltinWorkroomsWithSearchTabAsInitialWorkroom_Success" />
    </UnitTest>
    <UnitTest name="RemoveAttributeValueCommand_NotNullValue_AttributeValueCleared" storage="d:\actions-runner\_work\xpco\xpco\allsolutions\..\sc\components\remoteviewer\smartclient\tst\zsmartclient_unittest\bin\x64\debug\net6.0-windows\zsmartclient_unittest.dll" id="ed35a7f0-03d4-ea75-0507-862afb897619">
      <TestCategory>
        <TestCategoryItem TestCategory="Search" />
      </TestCategory>
      <Execution id="696c22b9-614b-42fd-9e30-237e47087807" />
      <TestMethod codeBase="D:\actions-runner\_work\XPCO\XPCO\AllSolutions\..\SC\Components\RemoteViewer\SmartClient\tst\zSmartClient_UnitTest\bin\x64\Debug\net6.0-windows\zSmartClient_UnitTest.dll" adapterTypeName="executor://mstestadapter/v2" className="SmartClient_UnitTest.VideoOS.RemoteClient.Plugin.CentralizedSearch.ViewModels.SearchAttributeViewModelTests" name="RemoveAttributeValueCommand_NotNullValue_AttributeValueCleared" />
    </UnitTest>
    <UnitTest name="PatrollingStepViewModel_SelectedPatrollingPreset" storage="d:\actions-runner\_work\xpco\xpco\allsolutions\..\sc\components\remoteviewer\smartclient\tst\zsmartclient_unittest\bin\x64\debug\net6.0-windows\zsmartclient_unittest.dll" id="cf688c28-2d6d-a793-dedf-06d48b63f6f1">
      <Execution id="213b254d-a319-48f0-b7a7-a14597582bf8" />
      <TestMethod codeBase="D:\actions-runner\_work\XPCO\XPCO\AllSolutions\..\SC\Components\RemoteViewer\SmartClient\tst\zSmartClient_UnitTest\bin\x64\Debug\net6.0-windows\zSmartClient_UnitTest.dll" adapterTypeName="executor://mstestadapter/v2" className="SmartClient_UnitTest.VideoOS.RemoteClient.Application.UI.PtzPreset.PatrollingViewModel.PatrollingStepViewModelTest" name="PatrollingStepViewModel_SelectedPatrollingPreset" />
    </UnitTest>
    <UnitTest name="ModelSerialization_DeserializeSerialize_SerializationXmlIsSame" storage="d:\actions-runner\_work\xpco\xpco\allsolutions\..\sc\components\remoteviewer\smartclient\tst\zsmartclient_unittest\bin\x64\debug\net6.0-windows\zsmartclient_unittest.dll" id="1663762a-2500-b801-aa4a-60e46d01fc4b">
      <TestCategory>
        <TestCategoryItem TestCategory="SearchModels" />
      </TestCategory>
      <Execution id="fe9bc470-914c-4b8f-a839-72cae7783bd8" />
      <TestMethod codeBase="D:\actions-runner\_work\XPCO\XPCO\AllSolutions\..\SC\Components\RemoteViewer\SmartClient\tst\zSmartClient_UnitTest\bin\x64\Debug\net6.0-windows\zSmartClient_UnitTest.dll" adapterTypeName="executor://mstestadapter/v2" className="SmartClient_UnitTest.VideoOS.RemoteClient.Plugin.CentralizedSearch.Models.SearchModelTests" name="ModelSerialization_DeserializeSerialize_SerializationXmlIsSame" />
    </UnitTest>
    <UnitTest name="EnsureLayersOrderIsValidBy_Swap210_Success" storage="d:\actions-runner\_work\xpco\xpco\allsolutions\..\sc\components\remoteviewer\smartclient\tst\zsmartclient_unittest\bin\x64\debug\net6.0-windows\zsmartclient_unittest.dll" id="4203d4af-b5bf-b00b-9139-2a7c647d28e9">
      <TestCategory>
        <TestCategoryItem TestCategory="GisMapLayers" />
      </TestCategory>
      <Execution id="aff5f858-14dd-47e5-a329-ca01ed81a86d" />
      <TestMethod codeBase="D:\actions-runner\_work\XPCO\XPCO\AllSolutions\..\SC\Components\RemoteViewer\SmartClient\tst\zSmartClient_UnitTest\bin\x64\Debug\net6.0-windows\zSmartClient_UnitTest.dll" adapterTypeName="executor://mstestadapter/v2" className="SmartClient_UnitTest.VideoOS.RemoteClient.GisMapData.GisMapLayerZOrderTests" name="EnsureLayersOrderIsValidBy_Swap210_Success" />
    </UnitTest>
    <UnitTest name="MapLayerType_ShouldBeNull_WhenCalled" storage="d:\actions-runner\_work\xpco\xpco\allsolutions\..\sc\components\remoteviewer\smartclient\tst\zsmartclient_unittest\bin\x64\debug\net6.0-windows\zsmartclient_unittest.dll" id="623a898d-977d-5b91-e1b8-7c6682d95502">
      <Execution id="440c93ea-e388-44e6-8c5e-d605cf5efb2b" />
      <TestMethod codeBase="D:\actions-runner\_work\XPCO\XPCO\AllSolutions\..\SC\Components\RemoteViewer\SmartClient\tst\zSmartClient_UnitTest\bin\x64\Debug\net6.0-windows\zSmartClient_UnitTest.dll" adapterTypeName="executor://mstestadapter/v2" className="SmartClient_UnitTest.VideoOS.RemoteClient.GisMapData.Strategies.MapLayers.MipMapLayerDatagramClassFactoryStrategyTests" name="MapLayerType_ShouldBeNull_WhenCalled" />
    </UnitTest>
    <UnitTest name="Outline_ShouldRejectSet_WhenOutlineIsNull" storage="d:\actions-runner\_work\xpco\xpco\allsolutions\..\sc\components\remoteviewer\smartclient\tst\zsmartclient_unittest\bin\x64\debug\net6.0-windows\zsmartclient_unittest.dll" id="5d6c44db-c687-1340-5e99-d0beeace71f3">
      <TestCategory>
        <TestCategoryItem TestCategory="GisMapBuilding" />
      </TestCategory>
      <Execution id="889b700b-647b-4912-a5f8-e9574c155657" />
      <TestMethod codeBase="D:\actions-runner\_work\XPCO\XPCO\AllSolutions\..\SC\Components\RemoteViewer\SmartClient\tst\zSmartClient_UnitTest\bin\x64\Debug\net6.0-windows\zSmartClient_UnitTest.dll" adapterTypeName="executor://mstestadapter/v2" className="SmartClient_UnitTest.VideoOS.RemoteClient.GisMap.MapBuildingTests" name="Outline_ShouldRejectSet_WhenOutlineIsNull" />
    </UnitTest>
    <UnitTest name="TestBuildingLoadAsync_Success" storage="d:\actions-runner\_work\xpco\xpco\allsolutions\..\sc\components\remoteviewer\smartclient\tst\zsmartclient_unittest\bin\x64\debug\net6.0-windows\zsmartclient_unittest.dll" id="1828ecd5-bb3e-6d98-809c-f913ae167b2a">
      <TestCategory>
        <TestCategoryItem TestCategory="GisMapBuilding" />
      </TestCategory>
      <Execution id="697156b3-f25d-4be3-837a-3e6a6d54d671" />
      <TestMethod codeBase="D:\actions-runner\_work\XPCO\XPCO\AllSolutions\..\SC\Components\RemoteViewer\SmartClient\tst\zSmartClient_UnitTest\bin\x64\Debug\net6.0-windows\zSmartClient_UnitTest.dll" adapterTypeName="executor://mstestadapter/v2" className="SmartClient_UnitTest.VideoOS.RemoteClient.GisMap.MapBuildingTests" name="TestBuildingLoadAsync_Success" />
    </UnitTest>
    <UnitTest name="GetWorkspaceToolbarItems_ShouldReturnLiveToolbarItemDisabledPlaybackToolbarItemEnabled_WhenWorkspaceIsPlayback" storage="d:\actions-runner\_work\xpco\xpco\allsolutions\..\sc\components\remoteviewer\smartclient\tst\zsmartclient_unittest\bin\x64\debug\net6.0-windows\zsmartclient_unittest.dll" id="94ba17e6-30fb-3cd3-1d80-21c645e8deb9">
      <TestCategory>
        <TestCategoryItem TestCategory="WorkspaceToolbar" />
      </TestCategory>
      <Execution id="f8d64c2c-fef3-4741-b04e-3a506c3224e0" />
      <TestMethod codeBase="D:\actions-runner\_work\XPCO\XPCO\AllSolutions\..\SC\Components\RemoteViewer\SmartClient\tst\zSmartClient_UnitTest\bin\x64\Debug\net6.0-windows\zSmartClient_UnitTest.dll" adapterTypeName="executor://mstestadapter/v2" className="SmartClient_UnitTest.VideoOS.RemoteClient.Application.UI.Content.WorkspaceToolbar.MIPWorkspaceToolbarItemManagerTests" name="GetWorkspaceToolbarItems_ShouldReturnLiveToolbarItemDisabledPlaybackToolbarItemEnabled_WhenWorkspaceIsPlayback" />
    </UnitTest>
    <UnitTest name="Warning_Shown_When_Removing_Camera" storage="d:\actions-runner\_work\xpco\xpco\allsolutions\..\sc\components\remoteviewer\smartclient\tst\zsmartclient_unittest\bin\x64\debug\net6.0-windows\zsmartclient_unittest.dll" id="8ecade2b-3ad6-f16a-0138-df9b1b58928f">
      <Execution id="0a5d7e1a-b0d9-4617-9131-7f128cb15437" />
      <TestMethod codeBase="D:\actions-runner\_work\XPCO\XPCO\AllSolutions\..\SC\Components\RemoteViewer\SmartClient\tst\zSmartClient_UnitTest\bin\x64\Debug\net6.0-windows\zSmartClient_UnitTest.dll" adapterTypeName="executor://mstestadapter/v2" className="SmartClient_UnitTest.VideoOS.RemoteClient.Application.Components.EvidenceLock.EvidenceLockCreateEditTests" name="Warning_Shown_When_Removing_Camera" />
    </UnitTest>
    <UnitTest name="SupportsDoubleClick_ShouldBeFalse_WhenInteractionStateIsNotNormalOrNewDevice" storage="d:\actions-runner\_work\xpco\xpco\allsolutions\..\sc\components\remoteviewer\smartclient\tst\zsmartclient_unittest\bin\x64\debug\net6.0-windows\zsmartclient_unittest.dll" id="c0d12a95-e15f-6166-5a13-d922c014e85f">
      <TestCategory>
        <TestCategoryItem TestCategory="GisMap.CameraMarker" />
      </TestCategory>
      <Execution id="6e27701c-1eb3-41c6-8b13-d03f8152c4de" />
      <TestMethod codeBase="D:\actions-runner\_work\XPCO\XPCO\AllSolutions\..\SC\Components\RemoteViewer\SmartClient\tst\zSmartClient_UnitTest\bin\x64\Debug\net6.0-windows\zSmartClient_UnitTest.dll" adapterTypeName="executor://mstestadapter/v2" className="SmartClient_UnitTest.VideoOS.RemoteClient.Plugin.GisMap.ThinkGeoMap.Markers.DeviceMarkers.CameraMarker.CameraMarkerTests" name="SupportsDoubleClick_ShouldBeFalse_WhenInteractionStateIsNotNormalOrNewDevice" />
    </UnitTest>
    <UnitTest name="SmartWallButtonHidden_WhenNotInSmartWallView" storage="d:\actions-runner\_work\xpco\xpco\allsolutions\..\sc\components\remoteviewer\smartclient\tst\zsmartclient_unittest\bin\x64\debug\net6.0-windows\zsmartclient_unittest.dll" id="ba697472-1eee-6276-10b8-517f33455021">
      <TestCategory>
        <TestCategoryItem TestCategory="WorkspaceToolbar" />
      </TestCategory>
      <Execution id="35c50fcb-75f7-42d3-822c-d18a8fc1dc28" />
      <TestMethod codeBase="D:\actions-runner\_work\XPCO\XPCO\AllSolutions\..\SC\Components\RemoteViewer\SmartClient\tst\zSmartClient_UnitTest\bin\x64\Debug\net6.0-windows\zSmartClient_UnitTest.dll" adapterTypeName="executor://mstestadapter/v2" className="SmartClient_UnitTest.VideoOS.RemoteClient.Application.UI.Content.WorkspaceToolbar.WorkspaceToolbarViewModelTests" name="SmartWallButtonHidden_WhenNotInSmartWallView" />
    </UnitTest>
    <UnitTest name="RemoveItems_EmptyCollection_NoClusterChanges" storage="d:\actions-runner\_work\xpco\xpco\allsolutions\..\sc\components\remoteviewer\smartclient\tst\zsmartclient_unittest\bin\x64\debug\net6.0-windows\zsmartclient_unittest.dll" id="b87a1c99-d996-5e0b-a096-13dd2701c2c1">
      <TestCategory>
        <TestCategoryItem TestCategory="GisMapIndex" />
      </TestCategory>
      <Execution id="dc13e68c-88a2-4ff6-9b02-d5e5fc38ae57" />
      <TestMethod codeBase="D:\actions-runner\_work\XPCO\XPCO\AllSolutions\..\SC\Components\RemoteViewer\SmartClient\tst\zSmartClient_UnitTest\bin\x64\Debug\net6.0-windows\zSmartClient_UnitTest.dll" adapterTypeName="executor://mstestadapter/v2" className="SmartClient_UnitTest.VideoOS.RemoteClient.GisMapData.Common.Indexer.MapItemIndexerTests" name="RemoveItems_EmptyCollection_NoClusterChanges" />
    </UnitTest>
    <UnitTest name="IsOAuth_ShouldReturnFalse_WhenConstructedUsingWindows" storage="d:\actions-runner\_work\xpco\xpco\allsolutions\..\sc\components\remoteviewer\smartclient\tst\zsmartclient_unittest\bin\x64\debug\net6.0-windows\zsmartclient_unittest.dll" id="95263003-a60e-ad32-6d79-b2420a12e34b">
      <TestCategory>
        <TestCategoryItem TestCategory="Authentication.ClientCredentials" />
      </TestCategory>
      <Execution id="1b82924a-faee-4757-bb42-ee7e767b5056" />
      <TestMethod codeBase="D:\actions-runner\_work\XPCO\XPCO\AllSolutions\..\SC\Components\RemoteViewer\SmartClient\tst\zSmartClient_UnitTest\bin\x64\Debug\net6.0-windows\zSmartClient_UnitTest.dll" adapterTypeName="executor://mstestadapter/v2" className="SmartClient_UnitTest.VideoOS.Shared.ServerAPI.ClientCredentialsTest" name="IsOAuth_ShouldReturnFalse_WhenConstructedUsingWindows" />
    </UnitTest>
    <UnitTest name="ScWorkSpaceModeChangedEvent_ShouldSetDeviceIsDisabledToTrue_WhenSwitchingToBrowseMode" storage="d:\actions-runner\_work\xpco\xpco\allsolutions\..\sc\components\remoteviewer\smartclient\tst\zsmartclient_unittest\bin\x64\debug\net6.0-windows\zsmartclient_unittest.dll" id="42b5cf79-6dbd-73ce-f336-4c9a97122aad">
      <TestCategory>
        <TestCategoryItem TestCategory="GisMapData.MapLayers" />
      </TestCategory>
      <Execution id="8fda2da4-2edb-4944-a00c-540d207e4cce" />
      <TestMethod codeBase="D:\actions-runner\_work\XPCO\XPCO\AllSolutions\..\SC\Components\RemoteViewer\SmartClient\tst\zSmartClient_UnitTest\bin\x64\Debug\net6.0-windows\zSmartClient_UnitTest.dll" adapterTypeName="executor://mstestadapter/v2" className="SmartClient_UnitTest.VideoOS.RemoteClient.GisMapData.MapLayers.MicrophoneItemsMapLayerTests" name="ScWorkSpaceModeChangedEvent_ShouldSetDeviceIsDisabledToTrue_WhenSwitchingToBrowseMode" />
    </UnitTest>
    <UnitTest name="PtzSessionControllerInfo_UserChangedTest_NoChange" storage="d:\actions-runner\_work\xpco\xpco\allsolutions\..\sc\components\remoteviewer\smartclient\tst\zsmartclient_unittest\bin\x64\debug\net6.0-windows\zsmartclient_unittest.dll" id="d72e9a2a-9534-badd-5a74-22ef698e678e">
      <Execution id="1f87c014-efae-4094-9b65-0e413604edda" />
      <TestMethod codeBase="D:\actions-runner\_work\XPCO\XPCO\AllSolutions\..\SC\Components\RemoteViewer\SmartClient\tst\zSmartClient_UnitTest\bin\x64\Debug\net6.0-windows\zSmartClient_UnitTest.dll" adapterTypeName="executor://mstestadapter/v2" className="VideoOS.RemoteClient.Application.Controllers.UnitTest.PtzSessionControllerTest" name="PtzSessionControllerInfo_UserChangedTest_NoChange" />
    </UnitTest>
    <UnitTest name="TestConstructor_NullMapBuilding_Failure" storage="d:\actions-runner\_work\xpco\xpco\allsolutions\..\sc\components\remoteviewer\smartclient\tst\zsmartclient_unittest\bin\x64\debug\net6.0-windows\zsmartclient_unittest.dll" id="1fb4c865-1faa-3cb2-dba2-5caed6ef1c09">
      <TestCategory>
        <TestCategoryItem TestCategory="GisMapBuilding" />
      </TestCategory>
      <Execution id="633caefc-75d7-4fb6-846a-98628b5d7ed6" />
      <TestMethod codeBase="D:\actions-runner\_work\XPCO\XPCO\AllSolutions\..\SC\Components\RemoteViewer\SmartClient\tst\zSmartClient_UnitTest\bin\x64\Debug\net6.0-windows\zSmartClient_UnitTest.dll" adapterTypeName="executor://mstestadapter/v2" className="SmartClient_UnitTest.VideoOS.RemoteClient.GisMapData.MapBuildings.MapLevelTests" name="TestConstructor_NullMapBuilding_Failure" />
    </UnitTest>
    <UnitTest name="Decorate_ShouldAddChildren_WhenThereAreLayersImplementingITitleToggleableWithItems" storage="d:\actions-runner\_work\xpco\xpco\allsolutions\..\sc\components\remoteviewer\smartclient\tst\zsmartclient_unittest\bin\x64\debug\net6.0-windows\zsmartclient_unittest.dll" id="3215309a-c170-3a90-36e8-c896704e6333">
      <TestCategory>
        <TestCategoryItem TestCategory="GisMap.LayerVisibilityItemDataChildrenToggleItemDecoratorTests" />
      </TestCategory>
      <Execution id="985ce1da-8667-4e1b-979f-187f09d5aca4" />
      <TestMethod codeBase="D:\actions-runner\_work\XPCO\XPCO\AllSolutions\..\SC\Components\RemoteViewer\SmartClient\tst\zSmartClient_UnitTest\bin\x64\Debug\net6.0-windows\zSmartClient_UnitTest.dll" adapterTypeName="executor://mstestadapter/v2" className="SmartClient_UnitTest.VideoOS.RemoteClient.Plugin.GisMap.ViewModels.LayersVisibility.Decorators.LayerVisibilityItemDataChildrenToggleItemDecoratorTests" name="Decorate_ShouldAddChildren_WhenThereAreLayersImplementingITitleToggleableWithItems" />
    </UnitTest>
    <UnitTest name="NavigateAndSelectAsync_SelectAdditionalCamera_ReCenterCommandEnabled" storage="d:\actions-runner\_work\xpco\xpco\allsolutions\..\sc\components\remoteviewer\smartclient\tst\zsmartclient_unittest\bin\x64\debug\net6.0-windows\zsmartclient_unittest.dll" id="60bdbe1c-556f-ee06-0399-2842675c306a">
      <TestCategory>
        <TestCategoryItem TestCategory="GisMap.GisMapViewModel" />
      </TestCategory>
      <Execution id="b706dd43-17fe-46aa-ba51-44e30de00319" />
      <TestMethod codeBase="D:\actions-runner\_work\XPCO\XPCO\AllSolutions\..\SC\Components\RemoteViewer\SmartClient\tst\zSmartClient_UnitTest\bin\x64\Debug\net6.0-windows\zSmartClient_UnitTest.dll" adapterTypeName="executor://mstestadapter/v2" className="SmartClient_UnitTest.VideoOS.RemoteClient.Plugin.GisMap.ViewModels.GisMapViewModelTests" name="NavigateAndSelectAsync_SelectAdditionalCamera_ReCenterCommandEnabled" />
    </UnitTest>
    <UnitTest name="Optics enabled, not forced" storage="d:\actions-runner\_work\xpco\xpco\allsolutions\..\sc\components\remoteviewer\smartclient\tst\zsmartclient_unittest\bin\x64\debug\net6.0-windows\zsmartclient_unittest.dll" id="ff8eb243-16fd-8ea6-b898-642c78c53e2e">
      <TestCategory>
        <TestCategoryItem TestCategory="Export" />
      </TestCategory>
      <Execution id="83526f58-6de8-49cb-a737-168678f9eb3e" />
      <TestMethod codeBase="D:\actions-runner\_work\XPCO\XPCO\AllSolutions\..\SC\Components\RemoteViewer\SmartClient\tst\zSmartClient_UnitTest\bin\x64\Debug\net6.0-windows\zSmartClient_UnitTest.dll" adapterTypeName="executor://mstestadapter/v2" className="SmartClient_UnitTest.VideoOS.RemoteClient.Plugin.Export.CreateExportDialogViewModelTests" name="CreateExportDialog_ExportDestinationSelectionEnabled_BasedOnOptions" />
    </UnitTest>
    <UnitTest name="AddToExportTuples_ShouldReturnCorrectResult (5,5,5)" storage="d:\actions-runner\_work\xpco\xpco\allsolutions\..\sc\components\remoteviewer\smartclient\tst\zsmartclient_unittest\bin\x64\debug\net6.0-windows\zsmartclient_unittest.dll" id="81ad0f4d-94e1-c01b-9944-7761641e9301">
      <TestCategory>
        <TestCategoryItem TestCategory="Managers" />
      </TestCategory>
      <Execution id="d49381fb-d25c-47f0-8285-ec3f879b60ad" />
      <TestMethod codeBase="D:\actions-runner\_work\XPCO\XPCO\AllSolutions\..\SC\Components\RemoteViewer\SmartClient\tst\zSmartClient_UnitTest\bin\x64\Debug\net6.0-windows\zSmartClient_UnitTest.dll" adapterTypeName="executor://mstestadapter/v2" className="SmartClient_UnitTest.VideoOS.RemoteClient.Application.Managers.ExportManagerTests" name="AddToExportTuples_ShouldReturnCorrectResult" />
    </UnitTest>
    <UnitTest name="CreateNewGroup_NewUser" storage="d:\actions-runner\_work\xpco\xpco\allsolutions\..\sc\components\remoteviewer\smartclient\tst\zsmartclient_unittest\bin\x64\debug\net6.0-windows\zsmartclient_unittest.dll" id="41f04a9d-5df2-9e79-b05d-aaa6c4b08e60">
      <Execution id="c7bd6e8c-eb14-4cb2-aef6-91800ad8a541" />
      <TestMethod codeBase="D:\actions-runner\_work\XPCO\XPCO\AllSolutions\..\SC\Components\RemoteViewer\SmartClient\tst\zSmartClient_UnitTest\bin\x64\Debug\net6.0-windows\zSmartClient_UnitTest.dll" adapterTypeName="executor://mstestadapter/v2" className="SmartClient_UnitTest.VideoOS.Shared.ViewGroupSerializationControllerTests" name="CreateNewGroup_NewUser" />
    </UnitTest>
    <UnitTest name="GetLayerVisibilityItemsData_ShouldAddDeviceFixedLayerInOrder_WhenMultipleLayersAreProvided" storage="d:\actions-runner\_work\xpco\xpco\allsolutions\..\sc\components\remoteviewer\smartclient\tst\zsmartclient_unittest\bin\x64\debug\net6.0-windows\zsmartclient_unittest.dll" id="caaa1ff0-9d50-8a88-cc0f-12986835057f">
      <TestCategory>
        <TestCategoryItem TestCategory="GisMap.DefaultFixedLayerManagerStrategyTests" />
      </TestCategory>
      <Execution id="c7e50025-0b0c-44c9-bfba-101d6e9bbaeb" />
      <TestMethod codeBase="D:\actions-runner\_work\XPCO\XPCO\AllSolutions\..\SC\Components\RemoteViewer\SmartClient\tst\zSmartClient_UnitTest\bin\x64\Debug\net6.0-windows\zSmartClient_UnitTest.dll" adapterTypeName="executor://mstestadapter/v2" className="SmartClient_UnitTest.VideoOS.RemoteClient.Plugin.GisMap.ViewModels.LayersVisibility.FixedLayers.DefaultFixedLayerManagerStrategyTests" name="GetLayerVisibilityItemsData_ShouldAddDeviceFixedLayerInOrder_WhenMultipleLayersAreProvided" />
    </UnitTest>
    <UnitTest name="InputMapItem_UpdateName_Rejected" storage="d:\actions-runner\_work\xpco\xpco\allsolutions\..\sc\components\remoteviewer\smartclient\tst\zsmartclient_unittest\bin\x64\debug\net6.0-windows\zsmartclient_unittest.dll" id="dd6a6056-335a-e790-dd5c-836d1beab39a">
      <TestCategory>
        <TestCategoryItem TestCategory="GisMapData.MapItem.Inputs" />
      </TestCategory>
      <Execution id="df552d2b-49b4-4c9e-b886-38a027f7c92c" />
      <TestMethod codeBase="D:\actions-runner\_work\XPCO\XPCO\AllSolutions\..\SC\Components\RemoteViewer\SmartClient\tst\zSmartClient_UnitTest\bin\x64\Debug\net6.0-windows\zSmartClient_UnitTest.dll" adapterTypeName="executor://mstestadapter/v2" className="SmartClient_UnitTest.VideoOS.RemoteClient.GisMapData.MapItem.Inputs.InputMapItemTests" name="InputMapItem_UpdateName_Rejected" />
    </UnitTest>
    <UnitTest name="DeviceIcons_ShouldBeCached_WhenCalled" storage="d:\actions-runner\_work\xpco\xpco\allsolutions\..\sc\components\remoteviewer\smartclient\tst\zsmartclient_unittest\bin\x64\debug\net6.0-windows\zsmartclient_unittest.dll" id="e788a2d0-4486-022b-835a-f533cc3033d2">
      <TestCategory>
        <TestCategoryItem TestCategory="GisMapData.OutputOemResourcesProviderTests" />
      </TestCategory>
      <Execution id="cc007308-3038-4658-8382-c62bee69dc98" />
      <TestMethod codeBase="D:\actions-runner\_work\XPCO\XPCO\AllSolutions\..\SC\Components\RemoteViewer\SmartClient\tst\zSmartClient_UnitTest\bin\x64\Debug\net6.0-windows\zSmartClient_UnitTest.dll" adapterTypeName="executor://mstestadapter/v2" className="SmartClient_UnitTest.VideoOS.RemoteClient.GisMapData.Resources.OutputOemResourcesProviderTests" name="DeviceIcons_ShouldBeCached_WhenCalled" />
    </UnitTest>
    <UnitTest name="GetMapLayerArguments_ShouldReturnIGisMapModelAndAlarmsObservables_WhenCalled" storage="d:\actions-runner\_work\xpco\xpco\allsolutions\..\sc\components\remoteviewer\smartclient\tst\zsmartclient_unittest\bin\x64\debug\net6.0-windows\zsmartclient_unittest.dll" id="2f07bb8b-cd50-f2c2-1839-7178b31bc8e9">
      <Execution id="6c06b834-f3ab-4492-bf4c-ea71abd40883" />
      <TestMethod codeBase="D:\actions-runner\_work\XPCO\XPCO\AllSolutions\..\SC\Components\RemoteViewer\SmartClient\tst\zSmartClient_UnitTest\bin\x64\Debug\net6.0-windows\zSmartClient_UnitTest.dll" adapterTypeName="executor://mstestadapter/v2" className="SmartClient_UnitTest.VideoOS.RemoteClient.GisMapData.Strategies.MapLayers.OutputMapLayerDatagramClassFactoryStrategyTests" name="GetMapLayerArguments_ShouldReturnIGisMapModelAndAlarmsObservables_WhenCalled" />
    </UnitTest>
    <UnitTest name="LoadBoundingShapes_PolygonShape_AddedToUI" storage="d:\actions-runner\_work\xpco\xpco\allsolutions\..\sc\components\remoteviewer\smartclient\tst\zsmartclient_unittest\bin\x64\debug\net6.0-windows\zsmartclient_unittest.dll" id="03362dc6-019e-7120-2944-4e9a1bc66b6d">
      <Execution id="acd7ba89-07a2-4075-9348-2c072fcc2201" />
      <TestMethod codeBase="D:\actions-runner\_work\XPCO\XPCO\AllSolutions\..\SC\Components\RemoteViewer\SmartClient\tst\zSmartClient_UnitTest\bin\x64\Debug\net6.0-windows\zSmartClient_UnitTest.dll" adapterTypeName="executor://mstestadapter/v2" className="SmartClient_UnitTest.VideoOS.RemoteClient.Plugin.CentralizedSearch.MIPPlugin.Results.VideoSearchResultUserControlTests" name="LoadBoundingShapes_PolygonShape_AddedToUI" />
    </UnitTest>
    <UnitTest name="ToNormalizedDirection_OutOfRange_Minus2PI_Fail" storage="d:\actions-runner\_work\xpco\xpco\allsolutions\..\sc\components\remoteviewer\smartclient\tst\zsmartclient_unittest\bin\x64\debug\net6.0-windows\zsmartclient_unittest.dll" id="4b45c6e7-7f37-b930-8977-ed2b5f3bab07">
      <TestCategory>
        <TestCategoryItem TestCategory="GisMap" />
      </TestCategory>
      <Execution id="2b561ac6-5e98-4ec5-86f0-e679b9d7e5d3" />
      <TestMethod codeBase="D:\actions-runner\_work\XPCO\XPCO\AllSolutions\..\SC\Components\RemoteViewer\SmartClient\tst\zSmartClient_UnitTest\bin\x64\Debug\net6.0-windows\zSmartClient_UnitTest.dll" adapterTypeName="executor://mstestadapter/v2" className="SmartClient_UnitTest.VideoOS.RemoteClient.GisMap.Utilities.GisUtilityTests" name="ToNormalizedDirection_OutOfRange_Minus2PI_Fail" />
    </UnitTest>
    <UnitTest name="UpdateItemState_Hidden_WrongServerTypes" storage="d:\actions-runner\_work\xpco\xpco\allsolutions\..\sc\components\remoteviewer\smartclient\tst\zsmartclient_unittest\bin\x64\debug\net6.0-windows\zsmartclient_unittest.dll" id="cc5bf0e8-1cf1-748c-6f30-7b7cfd04c1dc">
      <TestCategory>
        <TestCategoryItem TestCategory="ContentHolderToolbar" />
      </TestCategory>
      <Execution id="a00180d4-2e8c-45b3-bcaa-55787c074c90" />
      <TestMethod codeBase="D:\actions-runner\_work\XPCO\XPCO\AllSolutions\..\SC\Components\RemoteViewer\SmartClient\tst\zSmartClient_UnitTest\bin\x64\Debug\net6.0-windows\zSmartClient_UnitTest.dll" adapterTypeName="executor://mstestadapter/v2" className="SmartClient_UnitTest.VideoOS.RemoteClient.Application.Data.ContentHolderToolbar.ToolBarItemSearchTests" name="UpdateItemState_Hidden_WrongServerTypes" />
    </UnitTest>
    <UnitTest name="OnSizeChanged_FivePluginButtonsPresentInActionBar_WithRoomForLessThenFourPluginButtonsPluginsMoveToSecondLine" storage="d:\actions-runner\_work\xpco\xpco\allsolutions\..\sc\components\remoteviewer\smartclient\tst\zsmartclient_unittest\bin\x64\debug\net6.0-windows\zsmartclient_unittest.dll" id="af2a8788-f2d5-ea21-a188-f51e4691cee7">
      <TestCategory>
        <TestCategoryItem TestCategory="SearchViews" />
      </TestCategory>
      <Execution id="e9c80280-771d-4cbd-b5fe-bd4b8f7eb9e0" />
      <TestMethod codeBase="D:\actions-runner\_work\XPCO\XPCO\AllSolutions\..\SC\Components\RemoteViewer\SmartClient\tst\zSmartClient_UnitTest\bin\x64\Debug\net6.0-windows\zSmartClient_UnitTest.dll" adapterTypeName="executor://mstestadapter/v2" className="SmartClient_UnitTest.VideoOS.RemoteClient.Plugin.CentralizedSearch.Views.SearchResultActionBarViewTests" name="OnSizeChanged_FivePluginButtonsPresentInActionBar_WithRoomForLessThenFourPluginButtonsPluginsMoveToSecondLine" />
    </UnitTest>
    <UnitTest name="OnLoaded_UserControlIsLoadingEventChanges_Success" storage="d:\actions-runner\_work\xpco\xpco\allsolutions\..\sc\components\remoteviewer\smartclient\tst\zsmartclient_unittest\bin\x64\debug\net6.0-windows\zsmartclient_unittest.dll" id="8029d216-4010-3441-1bae-329046b8b3a9">
      <TestCategory>
        <TestCategoryItem TestCategory="Search" />
      </TestCategory>
      <Execution id="61423373-74b9-424e-b70a-f0b9d43097d0" />
      <TestMethod codeBase="D:\actions-runner\_work\XPCO\XPCO\AllSolutions\..\SC\Components\RemoteViewer\SmartClient\tst\zSmartClient_UnitTest\bin\x64\Debug\net6.0-windows\zSmartClient_UnitTest.dll" adapterTypeName="executor://mstestadapter/v2" className="SmartClient_UnitTest.VideoOS.RemoteClient.Plugin.CentralizedSearch.Views.SearchResultContainerViewTests" name="OnLoaded_UserControlIsLoadingEventChanges_Success" />
    </UnitTest>
    <UnitTest name="BuildMapOptions_ShouldHandleEnumOptionsCorrectly (GisMapOpenStreetMapGeographicLayer,Available,True)" storage="d:\actions-runner\_work\xpco\xpco\allsolutions\..\sc\components\remoteviewer\smartclient\tst\zsmartclient_unittest\bin\x64\debug\net6.0-windows\zsmartclient_unittest.dll" id="0c425759-ee83-6c6c-bbbc-12b94eca1c61">
      <Execution id="5d6287f0-158a-47c6-8200-f27e1cab1699" />
      <TestMethod codeBase="D:\actions-runner\_work\XPCO\XPCO\AllSolutions\..\SC\Components\RemoteViewer\SmartClient\tst\zSmartClient_UnitTest\bin\x64\Debug\net6.0-windows\zSmartClient_UnitTest.dll" adapterTypeName="executor://mstestadapter/v2" className="SmartClient_UnitTest.VideoOS.RemoteClient.Application.Common.Telemetry.TelemetryBuilderTests" name="BuildMapOptions_ShouldHandleEnumOptionsCorrectly" />
    </UnitTest>
    <UnitTest name="State_ShouldBeMuted_WhenMicrophoneIsDisabled" storage="d:\actions-runner\_work\xpco\xpco\allsolutions\..\sc\components\remoteviewer\smartclient\tst\zsmartclient_unittest\bin\x64\debug\net6.0-windows\zsmartclient_unittest.dll" id="1991c578-2343-4df2-6af1-b0db3a798f44">
      <TestCategory>
        <TestCategoryItem TestCategory="GisMapData.MapItem.Microphones" />
      </TestCategory>
      <Execution id="757c3779-b487-4f78-a8da-77431b8e93e4" />
      <TestMethod codeBase="D:\actions-runner\_work\XPCO\XPCO\AllSolutions\..\SC\Components\RemoteViewer\SmartClient\tst\zSmartClient_UnitTest\bin\x64\Debug\net6.0-windows\zSmartClient_UnitTest.dll" adapterTypeName="executor://mstestadapter/v2" className="SmartClient_UnitTest.VideoOS.RemoteClient.GisMapData.MapItem.Microphones.MicrophoneMapItemTests" name="State_ShouldBeMuted_WhenMicrophoneIsDisabled" />
    </UnitTest>
    <UnitTest name="NearestPossibleZoomLevel_ShouldReturnZoomLevel19_WhenScaleIsJustBelowZoomLevel19" storage="d:\actions-runner\_work\xpco\xpco\allsolutions\..\sc\components\remoteviewer\smartclient\tst\zsmartclient_unittest\bin\x64\debug\net6.0-windows\zsmartclient_unittest.dll" id="6c45a0dd-5772-753d-7493-6b1e41606871">
      <TestCategory>
        <TestCategoryItem TestCategory="MapExtentManager" />
      </TestCategory>
      <Execution id="e665de3b-4599-4ca2-8fa5-051399322cd3" />
      <TestMethod codeBase="D:\actions-runner\_work\XPCO\XPCO\AllSolutions\..\SC\Components\RemoteViewer\SmartClient\tst\zSmartClient_UnitTest\bin\x64\Debug\net6.0-windows\zSmartClient_UnitTest.dll" adapterTypeName="executor://mstestadapter/v2" className="SmartClient_UnitTest.VideoOS.RemoteClient.Plugin.GisMap.ThinkGeoMap.Settings.ThinkGeoMapExtentManagerTests" name="NearestPossibleZoomLevel_ShouldReturnZoomLevel19_WhenScaleIsJustBelowZoomLevel19" />
    </UnitTest>
    <UnitTest name="Deserialize_FilterIdMissing_Error" storage="d:\actions-runner\_work\xpco\xpco\allsolutions\..\sc\components\remoteviewer\smartclient\tst\zsmartclient_unittest\bin\x64\debug\net6.0-windows\zsmartclient_unittest.dll" id="72a98ab7-40b5-c78d-22d4-3cffe98aa29f">
      <TestCategory>
        <TestCategoryItem TestCategory="SearchSerialization" />
      </TestCategory>
      <Execution id="16d2f6f7-a548-450e-9f39-0f0f91230133" />
      <TestMethod codeBase="D:\actions-runner\_work\XPCO\XPCO\AllSolutions\..\SC\Components\RemoteViewer\SmartClient\tst\zSmartClient_UnitTest\bin\x64\Debug\net6.0-windows\zSmartClient_UnitTest.dll" adapterTypeName="executor://mstestadapter/v2" className="SmartClient_UnitTest.VideoOS.RemoteClient.Plugin.CentralizedSearch.Models.Serialization.SearchSerializerTests" name="Deserialize_FilterIdMissing_Error" />
    </UnitTest>
    <UnitTest name="IsDisabled_ShouldBeTrue_WhenIsDetachedControllerManager" storage="d:\actions-runner\_work\xpco\xpco\allsolutions\..\sc\components\remoteviewer\smartclient\tst\zsmartclient_unittest\bin\x64\debug\net6.0-windows\zsmartclient_unittest.dll" id="ebcc233a-fd3e-8478-fead-9ccf15ebc250">
      <TestCategory>
        <TestCategoryItem TestCategory="GisMapData.MapItem.Microphones" />
      </TestCategory>
      <Execution id="0b137ee7-77bc-4ddd-be56-68f04ec478d0" />
      <TestMethod codeBase="D:\actions-runner\_work\XPCO\XPCO\AllSolutions\..\SC\Components\RemoteViewer\SmartClient\tst\zSmartClient_UnitTest\bin\x64\Debug\net6.0-windows\zSmartClient_UnitTest.dll" adapterTypeName="executor://mstestadapter/v2" className="SmartClient_UnitTest.VideoOS.RemoteClient.GisMapData.MapItem.Microphones.MicrophoneMapItemTests" name="IsDisabled_ShouldBeTrue_WhenIsDetachedControllerManager" />
    </UnitTest>
    <UnitTest name="TestLoadLevelsAsync_CommunicationFailure_Success" storage="d:\actions-runner\_work\xpco\xpco\allsolutions\..\sc\components\remoteviewer\smartclient\tst\zsmartclient_unittest\bin\x64\debug\net6.0-windows\zsmartclient_unittest.dll" id="cb7e0b0b-265a-1cd7-8d28-4bc375b72be8">
      <TestCategory>
        <TestCategoryItem TestCategory="GisMapBuilding" />
      </TestCategory>
      <Execution id="7b72bf85-9e34-4cba-bda4-d79543fffabd" />
      <TestMethod codeBase="D:\actions-runner\_work\XPCO\XPCO\AllSolutions\..\SC\Components\RemoteViewer\SmartClient\tst\zSmartClient_UnitTest\bin\x64\Debug\net6.0-windows\zSmartClient_UnitTest.dll" adapterTypeName="executor://mstestadapter/v2" className="SmartClient_UnitTest.VideoOS.RemoteClient.GisMap.MapBuildingTests" name="TestLoadLevelsAsync_CommunicationFailure_Success" />
    </UnitTest>
    <UnitTest name="AddItems_ShouldAcceptItems_WhenItemsAreOfDifferentTypes" storage="d:\actions-runner\_work\xpco\xpco\allsolutions\..\sc\components\remoteviewer\smartclient\tst\zsmartclient_unittest\bin\x64\debug\net6.0-windows\zsmartclient_unittest.dll" id="bf38d087-b471-df6a-7d14-7824df80030c">
      <TestCategory>
        <TestCategoryItem TestCategory="GisMapIndex" />
      </TestCategory>
      <Execution id="2953fc4d-c52e-4a37-a91a-509d51198fbd" />
      <TestMethod codeBase="D:\actions-runner\_work\XPCO\XPCO\AllSolutions\..\SC\Components\RemoteViewer\SmartClient\tst\zSmartClient_UnitTest\bin\x64\Debug\net6.0-windows\zSmartClient_UnitTest.dll" adapterTypeName="executor://mstestadapter/v2" className="SmartClient_UnitTest.VideoOS.RemoteClient.GisMapData.Common.Indexer.BuildingsAwareIndexerTests" name="AddItems_ShouldAcceptItems_WhenItemsAreOfDifferentTypes" />
    </UnitTest>
    <UnitTest name="ToDenormalizedDirection_GreaterThan1_0_Failure" storage="d:\actions-runner\_work\xpco\xpco\allsolutions\..\sc\components\remoteviewer\smartclient\tst\zsmartclient_unittest\bin\x64\debug\net6.0-windows\zsmartclient_unittest.dll" id="f7f3f6a6-4ba1-e9bb-d8fc-f000e145af31">
      <TestCategory>
        <TestCategoryItem TestCategory="GisMap" />
      </TestCategory>
      <Execution id="7624b80f-13f9-436f-b349-0676c007acce" />
      <TestMethod codeBase="D:\actions-runner\_work\XPCO\XPCO\AllSolutions\..\SC\Components\RemoteViewer\SmartClient\tst\zSmartClient_UnitTest\bin\x64\Debug\net6.0-windows\zSmartClient_UnitTest.dll" adapterTypeName="executor://mstestadapter/v2" className="SmartClient_UnitTest.VideoOS.RemoteClient.GisMap.Utilities.GisUtilityTests" name="ToDenormalizedDirection_GreaterThan1_0_Failure" />
    </UnitTest>
    <UnitTest name="ActiveIncomingMicrophones_ShouldHave_OneMicrophoneWhenMicrophoneIsUnmuted" storage="d:\actions-runner\_work\xpco\xpco\allsolutions\..\sc\components\remoteviewer\smartclient\tst\zsmartclient_unittest\bin\x64\debug\net6.0-windows\zsmartclient_unittest.dll" id="7a648730-a880-ab42-6524-73337b3605fc">
      <TestCategory>
        <TestCategoryItem TestCategory="GisMapAudioController" />
      </TestCategory>
      <Execution id="c5765432-04e5-48d9-b538-f89b1f416861" />
      <TestMethod codeBase="D:\actions-runner\_work\XPCO\XPCO\AllSolutions\..\SC\Components\RemoteViewer\SmartClient\tst\zSmartClient_UnitTest\bin\x64\Debug\net6.0-windows\zSmartClient_UnitTest.dll" adapterTypeName="executor://mstestadapter/v2" className="SmartClient_UnitTest.VideoOS.RemoteClient.GisMapData.GisMapAudioControllerTests" name="ActiveIncomingMicrophones_ShouldHave_OneMicrophoneWhenMicrophoneIsUnmuted" />
    </UnitTest>
    <UnitTest name="SearchCriteriaOnChanged_ShouldUpdateSmartSearchFilterValue_WhenCameraScopeIsUpdated" storage="d:\actions-runner\_work\xpco\xpco\allsolutions\..\sc\components\remoteviewer\smartclient\tst\zsmartclient_unittest\bin\x64\debug\net6.0-windows\zsmartclient_unittest.dll" id="0f3901de-ced3-95a2-d7b7-1fb73bba7570">
      <TestCategory>
        <TestCategoryItem TestCategory="Search.Wrappers" />
      </TestCategory>
      <Execution id="4519d1fb-db67-47be-b316-6e1274460528" />
      <TestMethod codeBase="D:\actions-runner\_work\XPCO\XPCO\AllSolutions\..\SC\Components\RemoteViewer\SmartClient\tst\zSmartClient_UnitTest\bin\x64\Debug\net6.0-windows\zSmartClient_UnitTest.dll" adapterTypeName="executor://mstestadapter/v2" className="SmartClient_UnitTest.VideoOS.RemoteClient.Plugin.CentralizedSearch.Models.Wrappers.SearchDefinitionWrapperTests" name="SearchCriteriaOnChanged_ShouldUpdateSmartSearchFilterValue_WhenCameraScopeIsUpdated" />
    </UnitTest>
    <UnitTest name="Map_DeleteLayer_InvalidArg_Failed" storage="d:\actions-runner\_work\xpco\xpco\allsolutions\..\sc\components\remoteviewer\smartclient\tst\zsmartclient_unittest\bin\x64\debug\net6.0-windows\zsmartclient_unittest.dll" id="ff4c1a2e-8962-452c-b4bc-b163c724e109">
      <TestCategory>
        <TestCategoryItem TestCategory="GisMapLayers" />
      </TestCategory>
      <Execution id="94ed4447-e675-4bf7-9458-bef9eb9ae88b" />
      <TestMethod codeBase="D:\actions-runner\_work\XPCO\XPCO\AllSolutions\..\SC\Components\RemoteViewer\SmartClient\tst\zSmartClient_UnitTest\bin\x64\Debug\net6.0-windows\zSmartClient_UnitTest.dll" adapterTypeName="executor://mstestadapter/v2" className="SmartClient_UnitTest.VideoOS.RemoteClient.GisMapData.GisMapLayerTests" name="Map_DeleteLayer_InvalidArg_Failed" />
    </UnitTest>
    <UnitTest name="Tokenizer_Test" storage="d:\actions-runner\_work\xpco\xpco\allsolutions\..\sc\components\remoteviewer\smartclient\tst\zsmartclient_unittest\bin\x64\debug\net6.0-windows\zsmartclient_unittest.dll" id="bb9524ad-acf8-1507-0ed6-9348671a86fe">
      <Execution id="eaf4e586-865c-4a92-a0b9-d982f97ff9f6" />
      <TestMethod codeBase="D:\actions-runner\_work\XPCO\XPCO\AllSolutions\..\SC\Components\RemoteViewer\SmartClient\tst\zSmartClient_UnitTest\bin\x64\Debug\net6.0-windows\zSmartClient_UnitTest.dll" adapterTypeName="executor://mstestadapter/v2" className="SmartClient_UnitTest.VideoOS.RemoteClient.Application.Components.Search.SearchTextTokenizerTest" name="Tokenizer_Test" />
    </UnitTest>
    <UnitTest name="LanguageOptionsData_NullsIgnored_Success" storage="d:\actions-runner\_work\xpco\xpco\allsolutions\..\sc\components\remoteviewer\smartclient\tst\zsmartclient_unittest\bin\x64\debug\net6.0-windows\zsmartclient_unittest.dll" id="ac8d1b70-d786-34c4-5f08-7e56322f2a79">
      <Execution id="523859e6-87b2-4283-88c4-39795446a536" />
      <TestMethod codeBase="D:\actions-runner\_work\XPCO\XPCO\AllSolutions\..\SC\Components\RemoteViewer\SmartClient\tst\zSmartClient_UnitTest\bin\x64\Debug\net6.0-windows\zSmartClient_UnitTest.dll" adapterTypeName="executor://mstestadapter/v2" className="SmartClient_UnitTest.VideoOS.RemoteClient.Application.UI.Settings.LanguageOptionComponentModelTests" name="LanguageOptionsData_NullsIgnored_Success" />
    </UnitTest>
    <UnitTest name="ShouldCameraListItemBeEnabledForCamera_ShouldReturnFalse_WhenSmartSearchIsNotAllowedForTheCamera" storage="d:\actions-runner\_work\xpco\xpco\allsolutions\..\sc\components\remoteviewer\smartclient\tst\zsmartclient_unittest\bin\x64\debug\net6.0-windows\zsmartclient_unittest.dll" id="1e845a4d-c6af-6717-84e9-62ec3d2affe9">
      <TestCategory>
        <TestCategoryItem TestCategory="Search.Filters.ViewModels" />
      </TestCategory>
      <Execution id="7a42c4dc-a190-4d3b-ba56-beefe4ae3642" />
      <TestMethod codeBase="D:\actions-runner\_work\XPCO\XPCO\AllSolutions\..\SC\Components\RemoteViewer\SmartClient\tst\zSmartClient_UnitTest\bin\x64\Debug\net6.0-windows\zSmartClient_UnitTest.dll" adapterTypeName="executor://mstestadapter/v2" className="SmartClient_UnitTest.VideoOS.RemoteClient.Plugin.CentralizedSearch.MIPPlugin.Criteria.ViewModels.SmartSearchCameraListItemHelperTests" name="ShouldCameraListItemBeEnabledForCamera_ShouldReturnFalse_WhenSmartSearchIsNotAllowedForTheCamera" />
    </UnitTest>
    <UnitTest name="TryGetOsmServerTileAddress_ShouldSetUriWithOsmTileSuffix_WhenOsmServerAddressDoesNotIncludeOsmTileSuffix" storage="d:\actions-runner\_work\xpco\xpco\allsolutions\..\sc\components\remoteviewer\smartclient\tst\zsmartclient_unittest\bin\x64\debug\net6.0-windows\zsmartclient_unittest.dll" id="ad0fb3f5-59c6-f38e-8f48-61ec61251228">
      <TestCategory>
        <TestCategoryItem TestCategory="GisMapData.Controllers.Osm" />
      </TestCategory>
      <Execution id="0a55b63e-c4d6-450a-b6c6-153bf51a71c5" />
      <TestMethod codeBase="D:\actions-runner\_work\XPCO\XPCO\AllSolutions\..\SC\Components\RemoteViewer\SmartClient\tst\zSmartClient_UnitTest\bin\x64\Debug\net6.0-windows\zSmartClient_UnitTest.dll" adapterTypeName="executor://mstestadapter/v2" className="SmartClient_UnitTest.VideoOS.RemoteClient.GisMapData.Controllers.Osm.GisMapOsmControllerTests" name="TryGetOsmServerTileAddress_ShouldSetUriWithOsmTileSuffix_WhenOsmServerAddressDoesNotIncludeOsmTileSuffix" />
    </UnitTest>
    <UnitTest name="Cameras_where_the_user_has_RetentionUpdate_rights_can_be_removed_from_the_evidence_lock" storage="d:\actions-runner\_work\xpco\xpco\allsolutions\..\sc\components\remoteviewer\smartclient\tst\zsmartclient_unittest\bin\x64\debug\net6.0-windows\zsmartclient_unittest.dll" id="97763cfc-7d38-77f7-1969-32e195ae413f">
      <Execution id="e9848d43-b28d-4057-a696-e5074ccf6963" />
      <TestMethod codeBase="D:\actions-runner\_work\XPCO\XPCO\AllSolutions\..\SC\Components\RemoteViewer\SmartClient\tst\zSmartClient_UnitTest\bin\x64\Debug\net6.0-windows\zSmartClient_UnitTest.dll" adapterTypeName="executor://mstestadapter/v2" className="SmartClient_UnitTest.VideoOS.RemoteClient.Application.Components.EvidenceLock.EvidenceLockEditModeUserRightTests" name="Cameras_where_the_user_has_RetentionUpdate_rights_can_be_removed_from_the_evidence_lock" />
    </UnitTest>
    <UnitTest name="Ctor_ValidParameters_ParametersSetCorrectly" storage="d:\actions-runner\_work\xpco\xpco\allsolutions\..\sc\components\remoteviewer\smartclient\tst\zsmartclient_unittest\bin\x64\debug\net6.0-windows\zsmartclient_unittest.dll" id="cecff56d-f2c2-5f4f-f26a-46e190ce7353">
      <Execution id="db237f2a-ee4a-4f4f-bbea-99ef7bf1d196" />
      <TestMethod codeBase="D:\actions-runner\_work\XPCO\XPCO\AllSolutions\..\SC\Components\RemoteViewer\SmartClient\tst\zSmartClient_UnitTest\bin\x64\Debug\net6.0-windows\zSmartClient_UnitTest.dll" adapterTypeName="executor://mstestadapter/v2" className="SmartClient_UnitTest.VideoOS.RemoteClient.Application.UI.Common.MessageBoxWithList.MessageBoxWithListViewModelTests" name="Ctor_ValidParameters_ParametersSetCorrectly" />
    </UnitTest>
    <UnitTest name="GetCameraGroups_ShouldReturnCameraGroupsType" storage="d:\actions-runner\_work\xpco\xpco\allsolutions\..\sc\components\remoteviewer\smartclient\tst\zsmartclient_unittest\bin\x64\debug\net6.0-windows\zsmartclient_unittest.dll" id="fbf1e532-d446-55e3-818a-b4fc676cabf8">
      <Execution id="152f8a59-d7b5-4358-837a-6cabfd0401a7" />
      <TestMethod codeBase="D:\actions-runner\_work\XPCO\XPCO\AllSolutions\..\SC\Components\RemoteViewer\SmartClient\tst\zSmartClient_UnitTest\bin\x64\Debug\net6.0-windows\zSmartClient_UnitTest.dll" adapterTypeName="executor://mstestadapter/v2" className="SmartClient_UnitTest.VideoOS.RemoteClient.Application.Data.ContentTypes.ReportingContentType.DashboardExtentionsTest" name="GetCameraGroups_ShouldReturnCameraGroupsType" />
    </UnitTest>
    <UnitTest name="TestInitializeWorkrooms_OnlySearchWorkroom_Success" storage="d:\actions-runner\_work\xpco\xpco\allsolutions\..\sc\components\remoteviewer\smartclient\tst\zsmartclient_unittest\bin\x64\debug\net6.0-windows\zsmartclient_unittest.dll" id="a463440b-2916-b6c4-8a71-e3deeca8173f">
      <TestCategory>
        <TestCategoryItem TestCategory="WorkroomController" />
      </TestCategory>
      <Execution id="fdf7d299-1156-4536-9abe-d6761511a116" />
      <TestMethod codeBase="D:\actions-runner\_work\XPCO\XPCO\AllSolutions\..\SC\Components\RemoteViewer\SmartClient\tst\zSmartClient_UnitTest\bin\x64\Debug\net6.0-windows\zSmartClient_UnitTest.dll" adapterTypeName="executor://mstestadapter/v2" className="VideoOS.RemoteClient.Application.Controllers.WorkroomController.UnitTest.TabWorkroomControllerTest" name="TestInitializeWorkrooms_OnlySearchWorkroom_Success" />
    </UnitTest>
    <UnitTest name="StartSearch_Success" storage="d:\actions-runner\_work\xpco\xpco\allsolutions\..\sc\components\remoteviewer\smartclient\tst\zsmartclient_unittest\bin\x64\debug\net6.0-windows\zsmartclient_unittest.dll" id="2106a4d7-5b05-e5c0-8033-860c82b0ad6a">
      <TestCategory>
        <TestCategoryItem TestCategory="SearchViewModels" />
      </TestCategory>
      <Execution id="65bf01fa-937d-442f-8802-050665e884e9" />
      <TestMethod codeBase="D:\actions-runner\_work\XPCO\XPCO\AllSolutions\..\SC\Components\RemoteViewer\SmartClient\tst\zSmartClient_UnitTest\bin\x64\Debug\net6.0-windows\zSmartClient_UnitTest.dll" adapterTypeName="executor://mstestadapter/v2" className="SmartClient_UnitTest.VideoOS.RemoteClient.Plugin.CentralizedSearch.ViewModels.SearchViewModelTests" name="StartSearch_Success" />
    </UnitTest>
    <UnitTest name="Retrieve_ExceptionHandled" storage="d:\actions-runner\_work\xpco\xpco\allsolutions\..\sc\components\remoteviewer\smartclient\tst\zsmartclient_unittest\bin\x64\debug\net6.0-windows\zsmartclient_unittest.dll" id="23c856d5-b6c3-19f8-8013-074be7c600aa">
      <TestCategory>
        <TestCategoryItem TestCategory="MipItemsRetriever" />
      </TestCategory>
      <Execution id="1fd654f5-6935-493a-b28b-53bb039c777a" />
      <TestMethod codeBase="D:\actions-runner\_work\XPCO\XPCO\AllSolutions\..\SC\Components\RemoteViewer\SmartClient\tst\zSmartClient_UnitTest\bin\x64\Debug\net6.0-windows\zSmartClient_UnitTest.dll" adapterTypeName="executor://mstestadapter/v2" className="SmartClient_UnitTest.VideoOS.RemoteClient.Plugin.GisMap.MIP.MipItemActionsCommunicatorTests" name="Retrieve_ExceptionHandled" />
    </UnitTest>
    <UnitTest name="CreateDefinition_ValidCategory_SearchStarted" storage="d:\actions-runner\_work\xpco\xpco\allsolutions\..\sc\components\remoteviewer\smartclient\tst\zsmartclient_unittest\bin\x64\debug\net6.0-windows\zsmartclient_unittest.dll" id="c5afb81b-9473-e705-4713-ff021498a318">
      <TestCategory>
        <TestCategoryItem TestCategory="SearchModels" />
      </TestCategory>
      <Execution id="b9fdd17f-5cb1-4d61-bf08-e0a77383bbdd" />
      <TestMethod codeBase="D:\actions-runner\_work\XPCO\XPCO\AllSolutions\..\SC\Components\RemoteViewer\SmartClient\tst\zSmartClient_UnitTest\bin\x64\Debug\net6.0-windows\zSmartClient_UnitTest.dll" adapterTypeName="executor://mstestadapter/v2" className="SmartClient_UnitTest.VideoOS.RemoteClient.Plugin.CentralizedSearch.Models.SearchModelTests" name="CreateDefinition_ValidCategory_SearchStarted" />
    </UnitTest>
    <UnitTest name="VideoResultSearchResult_PropertiesWhenCombinedResultBothSameAndDifferentCategoryNames_CollectedAndDisplayed" storage="d:\actions-runner\_work\xpco\xpco\allsolutions\..\sc\components\remoteviewer\smartclient\tst\zsmartclient_unittest\bin\x64\debug\net6.0-windows\zsmartclient_unittest.dll" id="dbc60698-0cd7-03e9-b63e-13b29d5c84fe">
      <TestCategory>
        <TestCategoryItem TestCategory="SearchControls" />
      </TestCategory>
      <Execution id="95bbfe92-0246-4170-baef-c9de2aa684c2" />
      <TestMethod codeBase="D:\actions-runner\_work\XPCO\XPCO\AllSolutions\..\SC\Components\RemoteViewer\SmartClient\tst\zSmartClient_UnitTest\bin\x64\Debug\net6.0-windows\zSmartClient_UnitTest.dll" adapterTypeName="executor://mstestadapter/v2" className="SmartClient_UnitTest.VideoOS.RemoteClient.Plugin.CentralizedSearch.Views.Controls.SearchResultDetailsControlTests" name="VideoResultSearchResult_PropertiesWhenCombinedResultBothSameAndDifferentCategoryNames_CollectedAndDisplayed" />
    </UnitTest>
    <UnitTest name="GetDuration_OneDayAndTwoHours_Success" storage="d:\actions-runner\_work\xpco\xpco\allsolutions\..\sc\components\remoteviewer\smartclient\tst\zsmartclient_unittest\bin\x64\debug\net6.0-windows\zsmartclient_unittest.dll" id="e5b3b709-ebd8-5410-dfc8-207021a3b5a1">
      <TestCategory>
        <TestCategoryItem TestCategory="Search" />
      </TestCategory>
      <Execution id="45bdc366-6d69-4c2b-8156-c1fc26fb1649" />
      <TestMethod codeBase="D:\actions-runner\_work\XPCO\XPCO\AllSolutions\..\SC\Components\RemoteViewer\SmartClient\tst\zSmartClient_UnitTest\bin\x64\Debug\net6.0-windows\zSmartClient_UnitTest.dll" adapterTypeName="executor://mstestadapter/v2" className="SmartClient_UnitTest.VideoOS.RemoteClient.Plugin.CentralizedSearch.ViewModels.Data.TimeScopeTests" name="GetDuration_OneDayAndTwoHours_Success" />
    </UnitTest>
    <UnitTest name="Command_WithZeroResults_PluginInstanceActivatedCalled" storage="d:\actions-runner\_work\xpco\xpco\allsolutions\..\sc\components\remoteviewer\smartclient\tst\zsmartclient_unittest\bin\x64\debug\net6.0-windows\zsmartclient_unittest.dll" id="c675d4e8-953d-dd95-1e7d-aaf53b345df4">
      <TestCategory>
        <TestCategoryItem TestCategory="SearchResultsAction" />
      </TestCategory>
      <Execution id="e4afd1ea-eefe-46d4-ad7a-e3c541b9885c" />
      <TestMethod codeBase="D:\actions-runner\_work\XPCO\XPCO\AllSolutions\..\SC\Components\RemoteViewer\SmartClient\tst\zSmartClient_UnitTest\bin\x64\Debug\net6.0-windows\zSmartClient_UnitTest.dll" adapterTypeName="executor://mstestadapter/v2" className="SmartClient_UnitTest.VideoOS.RemoteClient.Plugin.CentralizedSearch.ViewModels.SearchResultsActionViewModelTests" name="Command_WithZeroResults_PluginInstanceActivatedCalled" />
    </UnitTest>
    <UnitTest name="GetIndexExtent_MilestoneCampusZoomMax_MilestoneBuildingIsConvered" storage="d:\actions-runner\_work\xpco\xpco\allsolutions\..\sc\components\remoteviewer\smartclient\tst\zsmartclient_unittest\bin\x64\debug\net6.0-windows\zsmartclient_unittest.dll" id="7e7d56df-e811-fb96-c231-b34d18240573">
      <TestCategory>
        <TestCategoryItem TestCategory="GisMapIndex" />
      </TestCategory>
      <Execution id="48dd7ca1-2c39-479a-bb88-cad6f1d10d62" />
      <TestMethod codeBase="D:\actions-runner\_work\XPCO\XPCO\AllSolutions\..\SC\Components\RemoteViewer\SmartClient\tst\zSmartClient_UnitTest\bin\x64\Debug\net6.0-windows\zSmartClient_UnitTest.dll" adapterTypeName="executor://mstestadapter/v2" className="SmartClient_UnitTest.VideoOS.RemoteClient.GisMapData.Common.Indexer.IndexUtilTests" name="GetIndexExtent_MilestoneCampusZoomMax_MilestoneBuildingIsConvered" />
    </UnitTest>
    <UnitTest name="SearchResultsActionBarActions_SendToFloatingWindowVerifyTimeSelectionInterval_InvokeCommand_WarningDialogDisplayed" storage="d:\actions-runner\_work\xpco\xpco\allsolutions\..\sc\components\remoteviewer\smartclient\tst\zsmartclient_unittest\bin\x64\debug\net6.0-windows\zsmartclient_unittest.dll" id="905c94e4-bdc8-1fe6-5444-613a4eb6d1c7">
      <TestCategory>
        <TestCategoryItem TestCategory="SearchResultActionBarViewModel" />
      </TestCategory>
      <Execution id="d6d8f306-3424-4898-8e75-31c1b3916c75" />
      <TestMethod codeBase="D:\actions-runner\_work\XPCO\XPCO\AllSolutions\..\SC\Components\RemoteViewer\SmartClient\tst\zSmartClient_UnitTest\bin\x64\Debug\net6.0-windows\zSmartClient_UnitTest.dll" adapterTypeName="executor://mstestadapter/v2" className="SmartClient_UnitTest.VideoOS.RemoteClient.Plugin.CentralizedSearch.ViewModels.SearchResultsActionBarViewModelTest" name="SearchResultsActionBarActions_SendToFloatingWindowVerifyTimeSelectionInterval_InvokeCommand_WarningDialogDisplayed" />
    </UnitTest>
    <UnitTest name="Cameras_where_the_user_has_RetentionCreate_rights_can_be_added_to_the_evidence_lock" storage="d:\actions-runner\_work\xpco\xpco\allsolutions\..\sc\components\remoteviewer\smartclient\tst\zsmartclient_unittest\bin\x64\debug\net6.0-windows\zsmartclient_unittest.dll" id="13753856-9a1f-9357-f48e-ccc42a00eb0c">
      <Execution id="c248d872-8a3b-4b58-82ed-664080bfec4d" />
      <TestMethod codeBase="D:\actions-runner\_work\XPCO\XPCO\AllSolutions\..\SC\Components\RemoteViewer\SmartClient\tst\zSmartClient_UnitTest\bin\x64\Debug\net6.0-windows\zSmartClient_UnitTest.dll" adapterTypeName="executor://mstestadapter/v2" className="SmartClient_UnitTest.VideoOS.RemoteClient.Application.Components.EvidenceLock.EvidenceLockEditModeUserRightTests" name="Cameras_where_the_user_has_RetentionCreate_rights_can_be_added_to_the_evidence_lock" />
    </UnitTest>
    <UnitTest name="ActiveInteractionStateBinding_ShouldOnlyContainNormal_WhenCtorIsCalled" storage="d:\actions-runner\_work\xpco\xpco\allsolutions\..\sc\components\remoteviewer\smartclient\tst\zsmartclient_unittest\bin\x64\debug\net6.0-windows\zsmartclient_unittest.dll" id="56af3ae0-30c5-e2c9-265d-9763c2af0b14">
      <TestCategory>
        <TestCategoryItem TestCategory="GisMap.LinkMarker" />
      </TestCategory>
      <Execution id="ff7a1695-c89d-43fa-b149-3b726ea39835" />
      <TestMethod codeBase="D:\actions-runner\_work\XPCO\XPCO\AllSolutions\..\SC\Components\RemoteViewer\SmartClient\tst\zSmartClient_UnitTest\bin\x64\Debug\net6.0-windows\zSmartClient_UnitTest.dll" adapterTypeName="executor://mstestadapter/v2" className="SmartClient_UnitTest.VideoOS.RemoteClient.Plugin.GisMap.ThinkGeoMap.Markers.LinkMarker.LinkMarkerTests" name="ActiveInteractionStateBinding_ShouldOnlyContainNormal_WhenCtorIsCalled" />
    </UnitTest>
    <UnitTest name="LoginPlugins_ShouldContainOneAccessControlLoginPluginElement_WhenIsInitialized" storage="d:\actions-runner\_work\xpco\xpco\allsolutions\..\sc\components\remoteviewer\smartclient\tst\zsmartclient_unittest\bin\x64\debug\net6.0-windows\zsmartclient_unittest.dll" id="3ed7a399-d9a7-d9be-39f4-d877ad4e286e">
      <TestCategory>
        <TestCategoryItem TestCategory="AccessControl.MipPlugins.WorkSpace" />
      </TestCategory>
      <Execution id="4a5ecf81-e954-471d-a906-d313b872c9f6" />
      <TestMethod codeBase="D:\actions-runner\_work\XPCO\XPCO\AllSolutions\..\SC\Components\RemoteViewer\SmartClient\tst\zSmartClient_UnitTest\bin\x64\Debug\net6.0-windows\zSmartClient_UnitTest.dll" adapterTypeName="executor://mstestadapter/v2" className="SmartClient_UnitTest.VideoOS.RemoteClient.AccessControl.MipPlugins.WorkSpace.AccessControlPluginDefinitionTests" name="LoginPlugins_ShouldContainOneAccessControlLoginPluginElement_WhenIsInitialized" />
    </UnitTest>
    <UnitTest name="PointMapItem_Load_CameraDevice_Success" storage="d:\actions-runner\_work\xpco\xpco\allsolutions\..\sc\components\remoteviewer\smartclient\tst\zsmartclient_unittest\bin\x64\debug\net6.0-windows\zsmartclient_unittest.dll" id="184dde77-5a92-558e-ebbc-812bb20e2c0f">
      <TestCategory>
        <TestCategoryItem TestCategory="GisMapMapItem" />
      </TestCategory>
      <Execution id="fcf3a119-29f9-48f3-8da1-5b6d341c1d23" />
      <TestMethod codeBase="D:\actions-runner\_work\XPCO\XPCO\AllSolutions\..\SC\Components\RemoteViewer\SmartClient\tst\zSmartClient_UnitTest\bin\x64\Debug\net6.0-windows\zSmartClient_UnitTest.dll" adapterTypeName="executor://mstestadapter/v2" className="SmartClient_UnitTest.VideoOS.RemoteClient.GisMap.MapItem.MapItemTests" name="PointMapItem_Load_CameraDevice_Success" />
    </UnitTest>
    <UnitTest name="ChangeSorting_WithNoFocusItem_Success" storage="d:\actions-runner\_work\xpco\xpco\allsolutions\..\sc\components\remoteviewer\smartclient\tst\zsmartclient_unittest\bin\x64\debug\net6.0-windows\zsmartclient_unittest.dll" id="6785fdff-345e-55ce-2159-cac1962fde04">
      <TestCategory>
        <TestCategoryItem TestCategory="SearchViewModels" />
      </TestCategory>
      <Execution id="1603e46e-3129-433d-952b-bf2f6eb1b723" />
      <TestMethod codeBase="D:\actions-runner\_work\XPCO\XPCO\AllSolutions\..\SC\Components\RemoteViewer\SmartClient\tst\zSmartClient_UnitTest\bin\x64\Debug\net6.0-windows\zSmartClient_UnitTest.dll" adapterTypeName="executor://mstestadapter/v2" className="SmartClient_UnitTest.VideoOS.RemoteClient.Plugin.CentralizedSearch.ViewModels.SearchViewModelTests" name="ChangeSorting_WithNoFocusItem_Success" />
    </UnitTest>
    <UnitTest name="DeleteBookmarksAsync_NoPermissionDeleteBookmark_ErrorRaised" storage="d:\actions-runner\_work\xpco\xpco\allsolutions\..\sc\components\remoteviewer\smartclient\tst\zsmartclient_unittest\bin\x64\debug\net6.0-windows\zsmartclient_unittest.dll" id="54d37202-700f-6df9-4a02-04121275df7c">
      <TestCategory>
        <TestCategoryItem TestCategory="Search.Bookmarks" />
      </TestCategory>
      <Execution id="1aa69f7b-a795-485e-86cc-05760ca127a4" />
      <TestMethod codeBase="D:\actions-runner\_work\XPCO\XPCO\AllSolutions\..\SC\Components\RemoteViewer\SmartClient\tst\zSmartClient_UnitTest\bin\x64\Debug\net6.0-windows\zSmartClient_UnitTest.dll" adapterTypeName="executor://mstestadapter/v2" className="SmartClient_UnitTest.VideoOS.RemoteClient.Plugin.CentralizedSearch.ViewModels.DeleteBookmarkHandlerTests" name="DeleteBookmarksAsync_NoPermissionDeleteBookmark_ErrorRaised" />
    </UnitTest>
    <UnitTest name="PopulateTooltip_FewResultsFromSingleCamera12Hours_ValidText" storage="d:\actions-runner\_work\xpco\xpco\allsolutions\..\sc\components\remoteviewer\smartclient\tst\zsmartclient_unittest\bin\x64\debug\net6.0-windows\zsmartclient_unittest.dll" id="21be0112-22bc-28e4-3be0-7f0713407426">
      <TestCategory>
        <TestCategoryItem TestCategory="SearchControls" />
      </TestCategory>
      <Execution id="425f8b28-8485-42fb-a33e-ccc5562df8a2" />
      <TestMethod codeBase="D:\actions-runner\_work\XPCO\XPCO\AllSolutions\..\SC\Components\RemoteViewer\SmartClient\tst\zSmartClient_UnitTest\bin\x64\Debug\net6.0-windows\zSmartClient_UnitTest.dll" adapterTypeName="executor://mstestadapter/v2" className="SmartClient_UnitTest.VideoOS.RemoteClient.Plugin.CentralizedSearch.Views.Controls.TimelineRuler.TimelineRulerControlTests" name="PopulateTooltip_FewResultsFromSingleCamera12Hours_ValidText" />
    </UnitTest>
    <UnitTest name="FilterValueHasRegionSelectionForCamera_ShouldReturnTrue_WhenFilterValueDoesHaveRegionSelectionForCamera" storage="d:\actions-runner\_work\xpco\xpco\allsolutions\..\sc\components\remoteviewer\smartclient\tst\zsmartclient_unittest\bin\x64\debug\net6.0-windows\zsmartclient_unittest.dll" id="d267b36b-f7e7-25e9-6fde-c14a7c8d614c">
      <TestCategory>
        <TestCategoryItem TestCategory="Search.Filters.ViewModels" />
      </TestCategory>
      <Execution id="8a7d81df-3999-4084-a95b-fd33db28fb5d" />
      <TestMethod codeBase="D:\actions-runner\_work\XPCO\XPCO\AllSolutions\..\SC\Components\RemoteViewer\SmartClient\tst\zSmartClient_UnitTest\bin\x64\Debug\net6.0-windows\zSmartClient_UnitTest.dll" adapterTypeName="executor://mstestadapter/v2" className="SmartClient_UnitTest.VideoOS.RemoteClient.Plugin.CentralizedSearch.MIPPlugin.Criteria.ViewModels.RegionSelectionCameraListItemHelperTests" name="FilterValueHasRegionSelectionForCamera_ShouldReturnTrue_WhenFilterValueDoesHaveRegionSelectionForCamera" />
    </UnitTest>
    <UnitTest name="PatrollingStepListViewModel_MoveStepDownCommand" storage="d:\actions-runner\_work\xpco\xpco\allsolutions\..\sc\components\remoteviewer\smartclient\tst\zsmartclient_unittest\bin\x64\debug\net6.0-windows\zsmartclient_unittest.dll" id="03169915-5e36-4862-8f40-5f0139419946">
      <Execution id="ffac764f-b734-460b-851e-0054dae9941f" />
      <TestMethod codeBase="D:\actions-runner\_work\XPCO\XPCO\AllSolutions\..\SC\Components\RemoteViewer\SmartClient\tst\zSmartClient_UnitTest\bin\x64\Debug\net6.0-windows\zSmartClient_UnitTest.dll" adapterTypeName="executor://mstestadapter/v2" className="SmartClient_UnitTest.VideoOS.RemoteClient.Application.UI.PtzPreset.PatrollingViewModel.PatrollingStepListViewModelTest" name="PatrollingStepListViewModel_MoveStepDownCommand" />
    </UnitTest>
    <UnitTest name="BuildContentOptions_ShouldReturnCorrectTimeSpan" storage="d:\actions-runner\_work\xpco\xpco\allsolutions\..\sc\components\remoteviewer\smartclient\tst\zsmartclient_unittest\bin\x64\debug\net6.0-windows\zsmartclient_unittest.dll" id="232f8949-7296-2b4c-d535-61493d92276d">
      <Execution id="daf11016-00d2-4563-a09d-7cd908b78020" />
      <TestMethod codeBase="D:\actions-runner\_work\XPCO\XPCO\AllSolutions\..\SC\Components\RemoteViewer\SmartClient\tst\zSmartClient_UnitTest\bin\x64\Debug\net6.0-windows\zSmartClient_UnitTest.dll" adapterTypeName="executor://mstestadapter/v2" className="SmartClient_UnitTest.VideoOS.RemoteClient.Application.Common.Telemetry.TelemetryBuilderTests" name="BuildContentOptions_ShouldReturnCorrectTimeSpan" />
    </UnitTest>
    <UnitTest name="EditButtonClicked_EditViewCollapsed_StartEdit" storage="d:\actions-runner\_work\xpco\xpco\allsolutions\..\sc\components\remoteviewer\smartclient\tst\zsmartclient_unittest\bin\x64\debug\net6.0-windows\zsmartclient_unittest.dll" id="549593cd-e3e2-290a-18b6-e153b1543b39">
      <TestCategory>
        <TestCategoryItem TestCategory="SearchControls" />
      </TestCategory>
      <Execution id="5ce118d0-7cb9-4979-a70b-0cf75338c0e6" />
      <TestMethod codeBase="D:\actions-runner\_work\XPCO\XPCO\AllSolutions\..\SC\Components\RemoteViewer\SmartClient\tst\zSmartClient_UnitTest\bin\x64\Debug\net6.0-windows\zSmartClient_UnitTest.dll" adapterTypeName="executor://mstestadapter/v2" className="SmartClient_UnitTest.VideoOS.RemoteClient.Plugin.CentralizedSearch.Views.Controls.DropDownAttributeEditor.DropDownAttributeEditorTests" name="EditButtonClicked_EditViewCollapsed_StartEdit" />
    </UnitTest>
    <UnitTest name="AddToExportDevices_ShouldReturnCorrectResult (0,0,5)" storage="d:\actions-runner\_work\xpco\xpco\allsolutions\..\sc\components\remoteviewer\smartclient\tst\zsmartclient_unittest\bin\x64\debug\net6.0-windows\zsmartclient_unittest.dll" id="dc737986-5f31-39b1-5b21-1df0ec0bc6e2">
      <TestCategory>
        <TestCategoryItem TestCategory="Managers" />
      </TestCategory>
      <Execution id="7443bac9-b1a9-4845-a709-79f6b9aceb54" />
      <TestMethod codeBase="D:\actions-runner\_work\XPCO\XPCO\AllSolutions\..\SC\Components\RemoteViewer\SmartClient\tst\zSmartClient_UnitTest\bin\x64\Debug\net6.0-windows\zSmartClient_UnitTest.dll" adapterTypeName="executor://mstestadapter/v2" className="SmartClient_UnitTest.VideoOS.RemoteClient.Application.Managers.ExportManagerTests" name="AddToExportDevices_ShouldReturnCorrectResult" />
    </UnitTest>
    <UnitTest name="ValidateExportFormats_SmartClientPlayerFormat_ShouldReturnFailResult_ProjectCommentRequired" storage="d:\actions-runner\_work\xpco\xpco\allsolutions\..\sc\components\remoteviewer\smartclient\tst\zsmartclient_unittest\bin\x64\debug\net6.0-windows\zsmartclient_unittest.dll" id="489bb6c1-57c4-1ecc-b27a-2b7660cd9960">
      <TestCategory>
        <TestCategoryItem TestCategory="Export" />
      </TestCategory>
      <Execution id="54e65e3a-5dde-48e2-80d2-b04569ee9a46" />
      <TestMethod codeBase="D:\actions-runner\_work\XPCO\XPCO\AllSolutions\..\SC\Components\RemoteViewer\SmartClient\tst\zSmartClient_UnitTest\bin\x64\Debug\net6.0-windows\zSmartClient_UnitTest.dll" adapterTypeName="executor://mstestadapter/v2" className="SmartClient_UnitTest.VideoOS.RemoteClient.Plugin.Export.ExportDataValidatorTests" name="ValidateExportFormats_SmartClientPlayerFormat_ShouldReturnFailResult_ProjectCommentRequired" />
    </UnitTest>
    <UnitTest name="LanguageOptionsData_IsSorted_Success" storage="d:\actions-runner\_work\xpco\xpco\allsolutions\..\sc\components\remoteviewer\smartclient\tst\zsmartclient_unittest\bin\x64\debug\net6.0-windows\zsmartclient_unittest.dll" id="518a8b99-6420-184f-272c-7fecbc8732ca">
      <Execution id="6b96c4d3-a76e-4546-9625-19a1d5f98d2b" />
      <TestMethod codeBase="D:\actions-runner\_work\XPCO\XPCO\AllSolutions\..\SC\Components\RemoteViewer\SmartClient\tst\zSmartClient_UnitTest\bin\x64\Debug\net6.0-windows\zSmartClient_UnitTest.dll" adapterTypeName="executor://mstestadapter/v2" className="SmartClient_UnitTest.VideoOS.RemoteClient.Application.UI.Settings.LanguageOptionComponentModelTests" name="LanguageOptionsData_IsSorted_Success" />
    </UnitTest>
    <UnitTest name="GetOsmServerAddress_ShouldReturnGeographicLayerValue_WhenGeographicLayerIsAvailableAndAlternativeServerIsEmpty" storage="d:\actions-runner\_work\xpco\xpco\allsolutions\..\sc\components\remoteviewer\smartclient\tst\zsmartclient_unittest\bin\x64\debug\net6.0-windows\zsmartclient_unittest.dll" id="491df381-b5ce-67d7-d550-c29421a6f155">
      <TestCategory>
        <TestCategoryItem TestCategory="GisMapData.Controllers.Osm" />
      </TestCategory>
      <Execution id="67294615-1d6c-4604-ac2c-1ff33216398d" />
      <TestMethod codeBase="D:\actions-runner\_work\XPCO\XPCO\AllSolutions\..\SC\Components\RemoteViewer\SmartClient\tst\zSmartClient_UnitTest\bin\x64\Debug\net6.0-windows\zSmartClient_UnitTest.dll" adapterTypeName="executor://mstestadapter/v2" className="SmartClient_UnitTest.VideoOS.RemoteClient.GisMapData.Controllers.Osm.GisMapOsmControllerTests" name="GetOsmServerAddress_ShouldReturnGeographicLayerValue_WhenGeographicLayerIsAvailableAndAlternativeServerIsEmpty" />
    </UnitTest>
    <UnitTest name="Convert_InvalidArgumentCount_LessThanExpected_Collapsed" storage="d:\actions-runner\_work\xpco\xpco\allsolutions\..\sc\components\remoteviewer\smartclient\tst\zsmartclient_unittest\bin\x64\debug\net6.0-windows\zsmartclient_unittest.dll" id="73c84d82-bb7d-01f8-8894-e9f1d48f8356">
      <TestCategory>
        <TestCategoryItem TestCategory="SearchConverter" />
      </TestCategory>
      <Execution id="0986b059-4399-4d19-a0fb-27c93b79b872" />
      <TestMethod codeBase="D:\actions-runner\_work\XPCO\XPCO\AllSolutions\..\SC\Components\RemoteViewer\SmartClient\tst\zSmartClient_UnitTest\bin\x64\Debug\net6.0-windows\zSmartClient_UnitTest.dll" adapterTypeName="executor://mstestadapter/v2" className="SmartClient_UnitTest.VideoOS.RemoteClient.Plugin.CentralizedSearch.Views.Converters.NoCriteriaSelectedGridVisibilityConverterTests" name="Convert_InvalidArgumentCount_LessThanExpected_Collapsed" />
    </UnitTest>
    <UnitTest name="SignUrl_WhereUrlIsInvalid_ThrowException" storage="d:\actions-runner\_work\xpco\xpco\allsolutions\..\sc\components\remoteviewer\smartclient\tst\zsmartclient_unittest\bin\x64\debug\net6.0-windows\zsmartclient_unittest.dll" id="e5d551bc-1dd2-666f-0864-398b71d25710">
      <Execution id="20a3efdb-0c96-47d1-bb51-584476926db7" />
      <TestMethod codeBase="D:\actions-runner\_work\XPCO\XPCO\AllSolutions\..\SC\Components\RemoteViewer\SmartClient\tst\zSmartClient_UnitTest\bin\x64\Debug\net6.0-windows\zSmartClient_UnitTest.dll" adapterTypeName="executor://mstestadapter/v2" className="SmartClient_UnitTest.VideoOS.RemoteClient.Plugin.GisMap.Utilities.GoogleApiUrlTest" name="SignUrl_WhereUrlIsInvalid_ThrowException" />
    </UnitTest>
    <UnitTest name="DeleteBookmarksAsync_DeleteBookmark_ServerError_ErrorRaised" storage="d:\actions-runner\_work\xpco\xpco\allsolutions\..\sc\components\remoteviewer\smartclient\tst\zsmartclient_unittest\bin\x64\debug\net6.0-windows\zsmartclient_unittest.dll" id="b5ee2c9c-1f7c-6f06-e4ae-c68c87fb3f67">
      <TestCategory>
        <TestCategoryItem TestCategory="Search.Bookmarks" />
      </TestCategory>
      <Execution id="4dacf86c-86cd-4187-8e80-e17b44c6011f" />
      <TestMethod codeBase="D:\actions-runner\_work\XPCO\XPCO\AllSolutions\..\SC\Components\RemoteViewer\SmartClient\tst\zSmartClient_UnitTest\bin\x64\Debug\net6.0-windows\zSmartClient_UnitTest.dll" adapterTypeName="executor://mstestadapter/v2" className="SmartClient_UnitTest.VideoOS.RemoteClient.Plugin.CentralizedSearch.ViewModels.DeleteBookmarkHandlerTests" name="DeleteBookmarksAsync_DeleteBookmark_ServerError_ErrorRaised" />
    </UnitTest>
    <UnitTest name="CameraMapItem_AddWithViewZone_EvsServer_Success" storage="d:\actions-runner\_work\xpco\xpco\allsolutions\..\sc\components\remoteviewer\smartclient\tst\zsmartclient_unittest\bin\x64\debug\net6.0-windows\zsmartclient_unittest.dll" id="b8dcd7c2-d643-4004-06b6-71dd24bea1c1">
      <TestCategory>
        <TestCategoryItem TestCategory="GisMapMapItem" />
      </TestCategory>
      <Execution id="db7cd1c5-dad6-422b-bcb6-df8fe0ef29f7" />
      <TestMethod codeBase="D:\actions-runner\_work\XPCO\XPCO\AllSolutions\..\SC\Components\RemoteViewer\SmartClient\tst\zSmartClient_UnitTest\bin\x64\Debug\net6.0-windows\zSmartClient_UnitTest.dll" adapterTypeName="executor://mstestadapter/v2" className="SmartClient_UnitTest.VideoOS.RemoteClient.GisMap.MapItem.MapItemTests" name="CameraMapItem_AddWithViewZone_EvsServer_Success" />
    </UnitTest>
    <UnitTest name="ScWorkspaceStateChangedEvent_ShouldKeepIsSelected_WhenSwitchingToSetupMode" storage="d:\actions-runner\_work\xpco\xpco\allsolutions\..\sc\components\remoteviewer\smartclient\tst\zsmartclient_unittest\bin\x64\debug\net6.0-windows\zsmartclient_unittest.dll" id="e26b2205-c180-7f1b-f046-b9155ed9b951">
      <TestCategory>
        <TestCategoryItem TestCategory="GisMapData.MapLayers" />
      </TestCategory>
      <Execution id="faa72efc-61db-43a5-afce-38374ceffa6b" />
      <TestMethod codeBase="D:\actions-runner\_work\XPCO\XPCO\AllSolutions\..\SC\Components\RemoteViewer\SmartClient\tst\zSmartClient_UnitTest\bin\x64\Debug\net6.0-windows\zSmartClient_UnitTest.dll" adapterTypeName="executor://mstestadapter/v2" className="SmartClient_UnitTest.VideoOS.RemoteClient.GisMapData.MapLayers.OutputItemsMapLayerTests" name="ScWorkspaceStateChangedEvent_ShouldKeepIsSelected_WhenSwitchingToSetupMode" />
    </UnitTest>
    <UnitTest name="GisMap_Load_Success" storage="d:\actions-runner\_work\xpco\xpco\allsolutions\..\sc\components\remoteviewer\smartclient\tst\zsmartclient_unittest\bin\x64\debug\net6.0-windows\zsmartclient_unittest.dll" id="7480cb9c-3d2a-334b-c8f7-266fc8075bc0">
      <TestCategory>
        <TestCategoryItem TestCategory="GisMap" />
      </TestCategory>
      <Execution id="8aa6c9ff-2892-4240-bc99-1b30bc31fbe3" />
      <TestMethod codeBase="D:\actions-runner\_work\XPCO\XPCO\AllSolutions\..\SC\Components\RemoteViewer\SmartClient\tst\zSmartClient_UnitTest\bin\x64\Debug\net6.0-windows\zSmartClient_UnitTest.dll" adapterTypeName="executor://mstestadapter/v2" className="SmartClient_UnitTest.VideoOS.RemoteClient.GisMapData.GisMapBasicTests" name="GisMap_Load_Success" />
    </UnitTest>
    <UnitTest name="Decorate_ShouldAddChildren_WhenThereIsCameraLayerAndViewZoneLayer" storage="d:\actions-runner\_work\xpco\xpco\allsolutions\..\sc\components\remoteviewer\smartclient\tst\zsmartclient_unittest\bin\x64\debug\net6.0-windows\zsmartclient_unittest.dll" id="f212a945-9645-4128-b861-6596693a6fad">
      <TestCategory>
        <TestCategoryItem TestCategory="GisMap.LayerVisibilityItemDataChildrenViewZoneDecoratorTests" />
      </TestCategory>
      <Execution id="5be59743-c02d-4b3a-8be8-df0af168f5a5" />
      <TestMethod codeBase="D:\actions-runner\_work\XPCO\XPCO\AllSolutions\..\SC\Components\RemoteViewer\SmartClient\tst\zSmartClient_UnitTest\bin\x64\Debug\net6.0-windows\zSmartClient_UnitTest.dll" adapterTypeName="executor://mstestadapter/v2" className="SmartClient_UnitTest.VideoOS.RemoteClient.Plugin.GisMap.ViewModels.LayersVisibility.Decorators.LayerVisibilityItemDataChildrenViewZoneDecoratorTests" name="Decorate_ShouldAddChildren_WhenThereIsCameraLayerAndViewZoneLayer" />
    </UnitTest>
    <UnitTest name="HandleGetLayerFeatures_ShouldReturnInputLayerFeatures_WhenInputKind" storage="d:\actions-runner\_work\xpco\xpco\allsolutions\..\sc\components\remoteviewer\smartclient\tst\zsmartclient_unittest\bin\x64\debug\net6.0-windows\zsmartclient_unittest.dll" id="4bc203d8-dd85-c0c7-a002-24dc9564ca84">
      <TestCategory>
        <TestCategoryItem TestCategory="GisMapData.Handlers.LayerFeatures" />
      </TestCategory>
      <Execution id="c508394c-e314-468d-98d2-9899636710c3" />
      <TestMethod codeBase="D:\actions-runner\_work\XPCO\XPCO\AllSolutions\..\SC\Components\RemoteViewer\SmartClient\tst\zSmartClient_UnitTest\bin\x64\Debug\net6.0-windows\zSmartClient_UnitTest.dll" adapterTypeName="executor://mstestadapter/v2" className="SmartClient_UnitTest.VideoOS.RemoteClient.GisMapData.Handlers.LayerFeatures.InputLayerFeaturesHandlerTests" name="HandleGetLayerFeatures_ShouldReturnInputLayerFeatures_WhenInputKind" />
    </UnitTest>
    <UnitTest name="Constructor2_ShouldNotAllowInjectionOfNulls" storage="d:\actions-runner\_work\xpco\xpco\allsolutions\..\sc\components\remoteviewer\smartclient\tst\zsmartclient_unittest\bin\x64\debug\net6.0-windows\zsmartclient_unittest.dll" id="195cadae-c368-871e-b908-a48bf7f49ea5">
      <Execution id="05ae1de7-6b30-4761-bc29-32f5b940cb0e" />
      <TestMethod codeBase="D:\actions-runner\_work\XPCO\XPCO\AllSolutions\..\SC\Components\RemoteViewer\SmartClient\tst\zSmartClient_UnitTest\bin\x64\Debug\net6.0-windows\zSmartClient_UnitTest.dll" adapterTypeName="executor://mstestadapter/v2" className="SmartClient_UnitTest.VideoOS.RemoteClient.Plugin.Export.PasswordDialogViewModelTests" name="Constructor2_ShouldNotAllowInjectionOfNulls" />
    </UnitTest>
    <UnitTest name="ShouldCameraListItemBeEnabledForCamera_ShouldReturnTrue_WhenSmartSearchIsAllowedForTheCamera" storage="d:\actions-runner\_work\xpco\xpco\allsolutions\..\sc\components\remoteviewer\smartclient\tst\zsmartclient_unittest\bin\x64\debug\net6.0-windows\zsmartclient_unittest.dll" id="5e38d847-a6e1-c044-80d4-91e6d7b293f2">
      <TestCategory>
        <TestCategoryItem TestCategory="Search.Filters.ViewModels" />
      </TestCategory>
      <Execution id="fe6366e0-40b1-40a0-b659-223182d63efb" />
      <TestMethod codeBase="D:\actions-runner\_work\XPCO\XPCO\AllSolutions\..\SC\Components\RemoteViewer\SmartClient\tst\zSmartClient_UnitTest\bin\x64\Debug\net6.0-windows\zSmartClient_UnitTest.dll" adapterTypeName="executor://mstestadapter/v2" className="SmartClient_UnitTest.VideoOS.RemoteClient.Plugin.CentralizedSearch.MIPPlugin.Criteria.ViewModels.SmartSearchCameraListItemHelperTests" name="ShouldCameraListItemBeEnabledForCamera_ShouldReturnTrue_WhenSmartSearchIsAllowedForTheCamera" />
    </UnitTest>
    <UnitTest name="GetBoundingShapesPathsAsync_ShouldGetBoundingShapesFromAllSources_WhenAllSourcesArePassedIn" storage="d:\actions-runner\_work\xpco\xpco\allsolutions\..\sc\components\remoteviewer\smartclient\tst\zsmartclient_unittest\bin\x64\debug\net6.0-windows\zsmartclient_unittest.dll" id="8f3be891-cc07-82e3-b944-406561072d26">
      <Execution id="d6b488c7-3949-47b8-ad96-a69c10a6b89b" />
      <TestMethod codeBase="D:\actions-runner\_work\XPCO\XPCO\AllSolutions\..\SC\Components\RemoteViewer\SmartClient\tst\zSmartClient_UnitTest\bin\x64\Debug\net6.0-windows\zSmartClient_UnitTest.dll" adapterTypeName="executor://mstestadapter/v2" className="SmartClient_UnitTest.VideoOS.RemoteClient.Plugin.CentralizedSearch.Utils.SearchResultDataExtensionsTests" name="GetBoundingShapesPathsAsync_ShouldGetBoundingShapesFromAllSources_WhenAllSourcesArePassedIn" />
    </UnitTest>
    <UnitTest name="CreateItemUserControl_SingleSearchResultDataWrapperParameter_ControlCreatedAndInitialized" storage="d:\actions-runner\_work\xpco\xpco\allsolutions\..\sc\components\remoteviewer\smartclient\tst\zsmartclient_unittest\bin\x64\debug\net6.0-windows\zsmartclient_unittest.dll" id="de8654eb-af61-aa53-49f9-84c165fb21f5">
      <TestCategory>
        <TestCategoryItem TestCategory="SearchViews" />
      </TestCategory>
      <Execution id="2305cc53-9af2-4e6c-9f64-e237d2cfb23f" />
      <TestMethod codeBase="D:\actions-runner\_work\XPCO\XPCO\AllSolutions\..\SC\Components\RemoteViewer\SmartClient\tst\zSmartClient_UnitTest\bin\x64\Debug\net6.0-windows\zSmartClient_UnitTest.dll" adapterTypeName="executor://mstestadapter/v2" className="SmartClient_UnitTest.VideoOS.RemoteClient.Plugin.CentralizedSearch.Views.SearchResultsViewTests" name="CreateItemUserControl_SingleSearchResultDataWrapperParameter_ControlCreatedAndInitialized" />
    </UnitTest>
    <UnitTest name="OpenEdit_EditControlAvailable_EditContentControlUpdated" storage="d:\actions-runner\_work\xpco\xpco\allsolutions\..\sc\components\remoteviewer\smartclient\tst\zsmartclient_unittest\bin\x64\debug\net6.0-windows\zsmartclient_unittest.dll" id="75abe4ea-20eb-3ee5-eee8-f4f3f43cc779">
      <TestCategory>
        <TestCategoryItem TestCategory="SearchControls" />
      </TestCategory>
      <Execution id="9c64ec21-7914-4e31-8142-78ad386ef224" />
      <TestMethod codeBase="D:\actions-runner\_work\XPCO\XPCO\AllSolutions\..\SC\Components\RemoteViewer\SmartClient\tst\zSmartClient_UnitTest\bin\x64\Debug\net6.0-windows\zSmartClient_UnitTest.dll" adapterTypeName="executor://mstestadapter/v2" className="SmartClient_UnitTest.VideoOS.RemoteClient.Plugin.CentralizedSearch.Views.Controls.DropDownAttributeEditor.DropDownAttributeEditorTests" name="OpenEdit_EditControlAvailable_EditContentControlUpdated" />
    </UnitTest>
    <UnitTest name="PtzSessionController_Register_Camera_Generates_PtzSessionUserChangedEvent_Test" storage="d:\actions-runner\_work\xpco\xpco\allsolutions\..\sc\components\remoteviewer\smartclient\tst\zsmartclient_unittest\bin\x64\debug\net6.0-windows\zsmartclient_unittest.dll" id="1242f06f-0c87-0502-1a6f-b0f180763fd7">
      <Execution id="4dfd88ed-97c4-4d40-84cd-e94bf9bc5162" />
      <TestMethod codeBase="D:\actions-runner\_work\XPCO\XPCO\AllSolutions\..\SC\Components\RemoteViewer\SmartClient\tst\zSmartClient_UnitTest\bin\x64\Debug\net6.0-windows\zSmartClient_UnitTest.dll" adapterTypeName="executor://mstestadapter/v2" className="VideoOS.RemoteClient.Application.Controllers.UnitTest.PtzSessionControllerTest" name="PtzSessionController_Register_Camera_Generates_PtzSessionUserChangedEvent_Test" />
    </UnitTest>
    <UnitTest name="ShouldReturnTrueFirstTimeAndFalseWhenNothingChanged" storage="d:\actions-runner\_work\xpco\xpco\allsolutions\..\sc\components\remoteviewer\smartclient\tst\zsmartclient_unittest\bin\x64\debug\net6.0-windows\zsmartclient_unittest.dll" id="074b42c5-f1ad-52e6-005b-319d157cb31a">
      <TestCategory>
        <TestCategoryItem TestCategory="MipItemsUpdateStrategy" />
      </TestCategory>
      <Execution id="4a73fc9e-f8b9-4c0b-9241-842935f124bc" />
      <TestMethod codeBase="D:\actions-runner\_work\XPCO\XPCO\AllSolutions\..\SC\Components\RemoteViewer\SmartClient\tst\zSmartClient_UnitTest\bin\x64\Debug\net6.0-windows\zSmartClient_UnitTest.dll" adapterTypeName="executor://mstestadapter/v2" className="SmartClient_UnitTest.VideoOS.RemoteClient.Plugin.GisMap.MIP.MipItemsUpdateStrategyTests" name="ShouldReturnTrueFirstTimeAndFalseWhenNothingChanged" />
    </UnitTest>
    <UnitTest name="DateToStringConverter_SingleConvertValidInput_Success" storage="d:\actions-runner\_work\xpco\xpco\allsolutions\..\sc\components\remoteviewer\smartclient\tst\zsmartclient_unittest\bin\x64\debug\net6.0-windows\zsmartclient_unittest.dll" id="8005e8bb-64fd-8f7e-b8b0-c5f3354ecb07">
      <TestCategory>
        <TestCategoryItem TestCategory="SearchConverter" />
      </TestCategory>
      <Execution id="a6026351-4ab4-4bcf-b655-e9e654e354e0" />
      <TestMethod codeBase="D:\actions-runner\_work\XPCO\XPCO\AllSolutions\..\SC\Components\RemoteViewer\SmartClient\tst\zSmartClient_UnitTest\bin\x64\Debug\net6.0-windows\zSmartClient_UnitTest.dll" adapterTypeName="executor://mstestadapter/v2" className="SmartClient_UnitTest.VideoOS.RemoteClient.Plugin.CentralizedSearch.Views.Converters.DurationToStringConverterTests" name="DateToStringConverter_SingleConvertValidInput_Success" />
    </UnitTest>
    <UnitTest name="SupportsDoubleClick_ShouldBeFalse_WhenInteractionStateIsNormalAndNotInSetupMode" storage="d:\actions-runner\_work\xpco\xpco\allsolutions\..\sc\components\remoteviewer\smartclient\tst\zsmartclient_unittest\bin\x64\debug\net6.0-windows\zsmartclient_unittest.dll" id="187ee319-c305-31ec-cc6d-df00e81417f3">
      <TestCategory>
        <TestCategoryItem TestCategory="GisMap.LinkMarker" />
      </TestCategory>
      <Execution id="d394fe8b-ff26-437a-b390-98f5880803d4" />
      <TestMethod codeBase="D:\actions-runner\_work\XPCO\XPCO\AllSolutions\..\SC\Components\RemoteViewer\SmartClient\tst\zSmartClient_UnitTest\bin\x64\Debug\net6.0-windows\zSmartClient_UnitTest.dll" adapterTypeName="executor://mstestadapter/v2" className="SmartClient_UnitTest.VideoOS.RemoteClient.Plugin.GisMap.ThinkGeoMap.Markers.LinkMarker.LinkMarkerTests" name="SupportsDoubleClick_ShouldBeFalse_WhenInteractionStateIsNormalAndNotInSetupMode" />
    </UnitTest>
    <UnitTest name="UpdateSearchTemplateAsync_ActiveSearchTemplateUpdated_Success" storage="d:\actions-runner\_work\xpco\xpco\allsolutions\..\sc\components\remoteviewer\smartclient\tst\zsmartclient_unittest\bin\x64\debug\net6.0-windows\zsmartclient_unittest.dll" id="4ac17529-5b95-5a72-033f-f220f1f85e71">
      <TestCategory>
        <TestCategoryItem TestCategory="SearchTemplates" />
      </TestCategory>
      <Execution id="6c7c6799-7947-4a1f-b548-f2229f13796d" />
      <TestMethod codeBase="D:\actions-runner\_work\XPCO\XPCO\AllSolutions\..\SC\Components\RemoteViewer\SmartClient\tst\zSmartClient_UnitTest\bin\x64\Debug\net6.0-windows\zSmartClient_UnitTest.dll" adapterTypeName="executor://mstestadapter/v2" className="SmartClient_UnitTest.VideoOS.RemoteClient.Plugin.CentralizedSearch.SearchTemplates.SearchTemplateManagerTests" name="UpdateSearchTemplateAsync_ActiveSearchTemplateUpdated_Success" />
    </UnitTest>
    <UnitTest name="ShouldReturnTrueWhenExtentChanged" storage="d:\actions-runner\_work\xpco\xpco\allsolutions\..\sc\components\remoteviewer\smartclient\tst\zsmartclient_unittest\bin\x64\debug\net6.0-windows\zsmartclient_unittest.dll" id="f2eafc92-05e6-6561-5ea1-9b5fc4ef5a32">
      <TestCategory>
        <TestCategoryItem TestCategory="MipItemsUpdateStrategy" />
      </TestCategory>
      <Execution id="61996922-2133-49ea-8fab-840bdfb2a1fe" />
      <TestMethod codeBase="D:\actions-runner\_work\XPCO\XPCO\AllSolutions\..\SC\Components\RemoteViewer\SmartClient\tst\zSmartClient_UnitTest\bin\x64\Debug\net6.0-windows\zSmartClient_UnitTest.dll" adapterTypeName="executor://mstestadapter/v2" className="SmartClient_UnitTest.VideoOS.RemoteClient.Plugin.GisMap.MIP.MipItemsUpdateStrategyTests" name="ShouldReturnTrueWhenExtentChanged" />
    </UnitTest>
    <UnitTest name="ExportNotVisible_WhenFeatureDisabled" storage="d:\actions-runner\_work\xpco\xpco\allsolutions\..\sc\components\remoteviewer\smartclient\tst\zsmartclient_unittest\bin\x64\debug\net6.0-windows\zsmartclient_unittest.dll" id="54f7979c-7440-2cc5-5665-679c43abe566">
      <TestCategory>
        <TestCategoryItem TestCategory="WorkspaceToolbar" />
      </TestCategory>
      <Execution id="474cecf3-a36f-43cb-8d79-c5f70a9d998c" />
      <TestMethod codeBase="D:\actions-runner\_work\XPCO\XPCO\AllSolutions\..\SC\Components\RemoteViewer\SmartClient\tst\zSmartClient_UnitTest\bin\x64\Debug\net6.0-windows\zSmartClient_UnitTest.dll" adapterTypeName="executor://mstestadapter/v2" className="SmartClient_UnitTest.VideoOS.RemoteClient.Application.UI.Content.WorkspaceToolbar.WorkspaceToolbarViewModelTests" name="ExportNotVisible_WhenFeatureDisabled" />
    </UnitTest>
    <UnitTest name="ZoomIn_MapSet_MapZoomInInvoked" storage="d:\actions-runner\_work\xpco\xpco\allsolutions\..\sc\components\remoteviewer\smartclient\tst\zsmartclient_unittest\bin\x64\debug\net6.0-windows\zsmartclient_unittest.dll" id="daa7dc49-f207-f73b-e691-533a5b8c5990">
      <Execution id="c70870b0-6a9f-43ca-8954-95526c1f0323" />
      <TestMethod codeBase="D:\actions-runner\_work\XPCO\XPCO\AllSolutions\..\SC\Components\RemoteViewer\SmartClient\tst\zSmartClient_UnitTest\bin\x64\Debug\net6.0-windows\zSmartClient_UnitTest.dll" adapterTypeName="executor://mstestadapter/v2" className="SmartClient_UnitTest.VideoOS.RemoteClient.Plugin.GisMap.ThinkGeoMap.DefaultZoomHandlerTests" name="ZoomIn_MapSet_MapZoomInInvoked" />
    </UnitTest>
    <UnitTest name="MoveToTop_ShouldMoveMarkerTopmost_WhenNotAlreadyTopmostButHasPreviouslyBeenMovedToTop" storage="d:\actions-runner\_work\xpco\xpco\allsolutions\..\sc\components\remoteviewer\smartclient\tst\zsmartclient_unittest\bin\x64\debug\net6.0-windows\zsmartclient_unittest.dll" id="6247c776-b6f2-69b6-74d1-6fc24161e71e">
      <TestCategory>
        <TestCategoryItem TestCategory="SmartMap.MapItemsOverlay" />
      </TestCategory>
      <Execution id="643dc2af-5231-4aa0-87b3-61fa640a14cb" />
      <TestMethod codeBase="D:\actions-runner\_work\XPCO\XPCO\AllSolutions\..\SC\Components\RemoteViewer\SmartClient\tst\zSmartClient_UnitTest\bin\x64\Debug\net6.0-windows\zSmartClient_UnitTest.dll" adapterTypeName="executor://mstestadapter/v2" className="SmartClient_UnitTest.VideoOS.RemoteClient.Plugin.GisMap.ThinkGeoMap.SpecializedOverlays.Overlays.MapItemsOverlayTests" name="MoveToTop_ShouldMoveMarkerTopmost_WhenNotAlreadyTopmostButHasPreviouslyBeenMovedToTop" />
    </UnitTest>
    <UnitTest name="HandleSetLayerFeatures_ShouldRaiseArgumentException_WhenCameraKindAndNotCameraLayerFeaturesAndOutputLayer" storage="d:\actions-runner\_work\xpco\xpco\allsolutions\..\sc\components\remoteviewer\smartclient\tst\zsmartclient_unittest\bin\x64\debug\net6.0-windows\zsmartclient_unittest.dll" id="6a9c6020-889e-b6db-aa72-939d2660cb16">
      <TestCategory>
        <TestCategoryItem TestCategory="GisMapData.Handlers.LayerFeatures" />
      </TestCategory>
      <Execution id="278c49fc-4700-4a8e-8e5f-a0a00b37b51e" />
      <TestMethod codeBase="D:\actions-runner\_work\XPCO\XPCO\AllSolutions\..\SC\Components\RemoteViewer\SmartClient\tst\zSmartClient_UnitTest\bin\x64\Debug\net6.0-windows\zSmartClient_UnitTest.dll" adapterTypeName="executor://mstestadapter/v2" className="SmartClient_UnitTest.VideoOS.RemoteClient.GisMapData.Handlers.LayerFeatures.CameraLayerFeaturesHandlerTests" name="HandleSetLayerFeatures_ShouldRaiseArgumentException_WhenCameraKindAndNotCameraLayerFeaturesAndOutputLayer" />
    </UnitTest>
    <UnitTest name="PtzSessionControllerInfo_UserChangedTest_Different_User_Type" storage="d:\actions-runner\_work\xpco\xpco\allsolutions\..\sc\components\remoteviewer\smartclient\tst\zsmartclient_unittest\bin\x64\debug\net6.0-windows\zsmartclient_unittest.dll" id="3787704c-f9e0-e566-1c87-02188e388c59">
      <Execution id="42badeda-cec1-4781-92b4-8a1e3e676130" />
      <TestMethod codeBase="D:\actions-runner\_work\XPCO\XPCO\AllSolutions\..\SC\Components\RemoteViewer\SmartClient\tst\zSmartClient_UnitTest\bin\x64\Debug\net6.0-windows\zSmartClient_UnitTest.dll" adapterTypeName="executor://mstestadapter/v2" className="VideoOS.RemoteClient.Application.Controllers.UnitTest.PtzSessionControllerTest" name="PtzSessionControllerInfo_UserChangedTest_Different_User_Type" />
    </UnitTest>
    <UnitTest name="FromBase64_Success" storage="d:\actions-runner\_work\xpco\xpco\allsolutions\..\sc\components\remoteviewer\smartclient\tst\zsmartclient_unittest\bin\x64\debug\net6.0-windows\zsmartclient_unittest.dll" id="eafd993c-1009-37c6-4ede-de325862c5a7">
      <Execution id="1201e502-8baa-4c00-a76a-98241e5bdac4" />
      <TestMethod codeBase="D:\actions-runner\_work\XPCO\XPCO\AllSolutions\..\SC\Components\RemoteViewer\SmartClient\tst\zSmartClient_UnitTest\bin\x64\Debug\net6.0-windows\zSmartClient_UnitTest.dll" adapterTypeName="executor://mstestadapter/v2" className="SmartClient_UnitTest.VideoOS.RemoteClient.Application.Data.ContentTypes.ImageContentType.ImageUtilsTests" name="FromBase64_Success" />
    </UnitTest>
    <UnitTest name="Convert_NullArgument_Collapsed" storage="d:\actions-runner\_work\xpco\xpco\allsolutions\..\sc\components\remoteviewer\smartclient\tst\zsmartclient_unittest\bin\x64\debug\net6.0-windows\zsmartclient_unittest.dll" id="47bead1c-a537-8842-47a7-b3ba583fe988">
      <TestCategory>
        <TestCategoryItem TestCategory="SearchConverter" />
      </TestCategory>
      <Execution id="ce77555d-4eac-491e-9f57-611291821f73" />
      <TestMethod codeBase="D:\actions-runner\_work\XPCO\XPCO\AllSolutions\..\SC\Components\RemoteViewer\SmartClient\tst\zSmartClient_UnitTest\bin\x64\Debug\net6.0-windows\zSmartClient_UnitTest.dll" adapterTypeName="executor://mstestadapter/v2" className="SmartClient_UnitTest.VideoOS.RemoteClient.Plugin.CentralizedSearch.Views.Converters.NoCriteriaSelectedGridVisibilityConverterTests" name="Convert_NullArgument_Collapsed" />
    </UnitTest>
    <UnitTest name="AddCriteriaCommand_WithActiveSearchTemplate_ActiveSearchTemplateModifiedSet" storage="d:\actions-runner\_work\xpco\xpco\allsolutions\..\sc\components\remoteviewer\smartclient\tst\zsmartclient_unittest\bin\x64\debug\net6.0-windows\zsmartclient_unittest.dll" id="161a0e40-6dbd-cbdc-3714-f2442765e338">
      <TestCategory>
        <TestCategoryItem TestCategory="SearchViewModels" />
      </TestCategory>
      <Execution id="7555b903-707f-4c84-ab63-e079c40c0f1d" />
      <TestMethod codeBase="D:\actions-runner\_work\XPCO\XPCO\AllSolutions\..\SC\Components\RemoteViewer\SmartClient\tst\zSmartClient_UnitTest\bin\x64\Debug\net6.0-windows\zSmartClient_UnitTest.dll" adapterTypeName="executor://mstestadapter/v2" className="SmartClient_UnitTest.VideoOS.RemoteClient.Plugin.CentralizedSearch.ViewModels.SearchViewModelTests" name="AddCriteriaCommand_WithActiveSearchTemplate_ActiveSearchTemplateModifiedSet" />
    </UnitTest>
    <UnitTest name="GetCamera_ShouldReturnCorrectCameraTest" storage="d:\actions-runner\_work\xpco\xpco\allsolutions\..\sc\components\remoteviewer\smartclient\tst\zsmartclient_unittest\bin\x64\debug\net6.0-windows\zsmartclient_unittest.dll" id="e36d7108-5c81-aaf4-329c-24a028699d61">
      <Execution id="fe28bf44-a78e-4d1e-8ddc-0d4a3f568230" />
      <TestMethod codeBase="D:\actions-runner\_work\XPCO\XPCO\AllSolutions\..\SC\Components\RemoteViewer\SmartClient\tst\zSmartClient_UnitTest\bin\x64\Debug\net6.0-windows\zSmartClient_UnitTest.dll" adapterTypeName="executor://mstestadapter/v2" className="SmartClient_UnitTest.VideoOS.RemoteClient.Application.Data.ContentTypes.ReportingContentType.DashboardDetailsProviderTest" name="GetCamera_ShouldReturnCorrectCameraTest" />
    </UnitTest>
    <UnitTest name="Constructor_ShouldThrowArgumentNullException_WhenControllerManagerIsNull" storage="d:\actions-runner\_work\xpco\xpco\allsolutions\..\sc\components\remoteviewer\smartclient\tst\zsmartclient_unittest\bin\x64\debug\net6.0-windows\zsmartclient_unittest.dll" id="26493e2f-f09a-fd85-4932-ec0c6378d5e5">
      <Execution id="337a4d10-23c3-46d3-aacf-72d74cb9baf1" />
      <TestMethod codeBase="D:\actions-runner\_work\XPCO\XPCO\AllSolutions\..\SC\Components\RemoteViewer\SmartClient\tst\zSmartClient_UnitTest\bin\x64\Debug\net6.0-windows\zSmartClient_UnitTest.dll" adapterTypeName="executor://mstestadapter/v2" className="SmartClient_UnitTest.VideoOS.RemoteClient.Application.UI.Settings.SettingsDialogViewModelTests" name="Constructor_ShouldThrowArgumentNullException_WhenControllerManagerIsNull" />
    </UnitTest>
    <UnitTest name="AddApiKey_WhereApiKeyNull_ThrowException" storage="d:\actions-runner\_work\xpco\xpco\allsolutions\..\sc\components\remoteviewer\smartclient\tst\zsmartclient_unittest\bin\x64\debug\net6.0-windows\zsmartclient_unittest.dll" id="5b1fb637-3ca1-9a80-d25d-3a01eede0458">
      <Execution id="248831b6-d6dc-4e16-a014-0213ceedce59" />
      <TestMethod codeBase="D:\actions-runner\_work\XPCO\XPCO\AllSolutions\..\SC\Components\RemoteViewer\SmartClient\tst\zSmartClient_UnitTest\bin\x64\Debug\net6.0-windows\zSmartClient_UnitTest.dll" adapterTypeName="executor://mstestadapter/v2" className="SmartClient_UnitTest.VideoOS.RemoteClient.Plugin.GisMap.Utilities.GoogleApiUrlTest" name="AddApiKey_WhereApiKeyNull_ThrowException" />
    </UnitTest>
    <UnitTest name="SupportsRightClick_ShouldBeTrue_WhenInteractionStateIsNormal" storage="d:\actions-runner\_work\xpco\xpco\allsolutions\..\sc\components\remoteviewer\smartclient\tst\zsmartclient_unittest\bin\x64\debug\net6.0-windows\zsmartclient_unittest.dll" id="afde7264-8c54-4b55-3afb-8cc9db7bdd2c">
      <TestCategory>
        <TestCategoryItem TestCategory="GisMap.MicrophoneMarkerTest" />
      </TestCategory>
      <Execution id="a4064430-b30e-4ea0-b346-e6e47291ba39" />
      <TestMethod codeBase="D:\actions-runner\_work\XPCO\XPCO\AllSolutions\..\SC\Components\RemoteViewer\SmartClient\tst\zSmartClient_UnitTest\bin\x64\Debug\net6.0-windows\zSmartClient_UnitTest.dll" adapterTypeName="executor://mstestadapter/v2" className="SmartClient_UnitTest.VideoOS.RemoteClient.Plugin.GisMap.ThinkGeoMap.Markers.DeviceMarkers.MicrophoneMarker.MicrophoneMarkerTests" name="SupportsRightClick_ShouldBeTrue_WhenInteractionStateIsNormal" />
    </UnitTest>
    <UnitTest name="ToNormalizedDirection_OutOfRange_2PI_Fail" storage="d:\actions-runner\_work\xpco\xpco\allsolutions\..\sc\components\remoteviewer\smartclient\tst\zsmartclient_unittest\bin\x64\debug\net6.0-windows\zsmartclient_unittest.dll" id="af78caca-a27e-9e6b-678d-4aa454a90502">
      <TestCategory>
        <TestCategoryItem TestCategory="GisMap" />
      </TestCategory>
      <Execution id="c3f21b69-871d-4067-818f-96edf6e9c2b5" />
      <TestMethod codeBase="D:\actions-runner\_work\XPCO\XPCO\AllSolutions\..\SC\Components\RemoteViewer\SmartClient\tst\zSmartClient_UnitTest\bin\x64\Debug\net6.0-windows\zSmartClient_UnitTest.dll" adapterTypeName="executor://mstestadapter/v2" className="SmartClient_UnitTest.VideoOS.RemoteClient.GisMap.Utilities.GisUtilityTests" name="ToNormalizedDirection_OutOfRange_2PI_Fail" />
    </UnitTest>
    <UnitTest name="Ctor_UnknownEditControl_InlineEditControl_Success" storage="d:\actions-runner\_work\xpco\xpco\allsolutions\..\sc\components\remoteviewer\smartclient\tst\zsmartclient_unittest\bin\x64\debug\net6.0-windows\zsmartclient_unittest.dll" id="e6be9160-5cc6-c513-67c4-14d959e49ad9">
      <TestCategory>
        <TestCategoryItem TestCategory="Search" />
      </TestCategory>
      <Execution id="457e99c0-2608-4014-94a1-6cde1516e001" />
      <TestMethod codeBase="D:\actions-runner\_work\XPCO\XPCO\AllSolutions\..\SC\Components\RemoteViewer\SmartClient\tst\zSmartClient_UnitTest\bin\x64\Debug\net6.0-windows\zSmartClient_UnitTest.dll" adapterTypeName="executor://mstestadapter/v2" className="SmartClient_UnitTest.VideoOS.RemoteClient.Plugin.CentralizedSearch.ViewModels.SearchFilterViewModelTests" name="Ctor_UnknownEditControl_InlineEditControl_Success" />
    </UnitTest>
    <UnitTest name="LoadSearchTemplate_ActiveToSameActive_NoUpdateAndEvent" storage="d:\actions-runner\_work\xpco\xpco\allsolutions\..\sc\components\remoteviewer\smartclient\tst\zsmartclient_unittest\bin\x64\debug\net6.0-windows\zsmartclient_unittest.dll" id="08f82558-d98c-02af-8d5e-3581c5e98c4c">
      <TestCategory>
        <TestCategoryItem TestCategory="SearchTemplates" />
      </TestCategory>
      <Execution id="e3388ce2-e28a-437f-9aa9-8778df72d27e" />
      <TestMethod codeBase="D:\actions-runner\_work\XPCO\XPCO\AllSolutions\..\SC\Components\RemoteViewer\SmartClient\tst\zSmartClient_UnitTest\bin\x64\Debug\net6.0-windows\zSmartClient_UnitTest.dll" adapterTypeName="executor://mstestadapter/v2" className="SmartClient_UnitTest.VideoOS.RemoteClient.Plugin.CentralizedSearch.SearchTemplates.SearchTemplateManagerTests" name="LoadSearchTemplate_ActiveToSameActive_NoUpdateAndEvent" />
    </UnitTest>
    <UnitTest name="PatrollingStepListViewModel_MoveStepDownExecute" storage="d:\actions-runner\_work\xpco\xpco\allsolutions\..\sc\components\remoteviewer\smartclient\tst\zsmartclient_unittest\bin\x64\debug\net6.0-windows\zsmartclient_unittest.dll" id="ef7eb1a4-404f-fda1-15f0-bcd1e692326a">
      <Execution id="b2bf5118-9f51-4bcc-a71b-51e16865fbb4" />
      <TestMethod codeBase="D:\actions-runner\_work\XPCO\XPCO\AllSolutions\..\SC\Components\RemoteViewer\SmartClient\tst\zSmartClient_UnitTest\bin\x64\Debug\net6.0-windows\zSmartClient_UnitTest.dll" adapterTypeName="executor://mstestadapter/v2" className="SmartClient_UnitTest.VideoOS.RemoteClient.Application.UI.PtzPreset.PatrollingViewModel.PatrollingStepListViewModelTest" name="PatrollingStepListViewModel_MoveStepDownExecute" />
    </UnitTest>
    <UnitTest name="NavigateAndSelectAsync_PanMap_ReCenterCommandEnabled" storage="d:\actions-runner\_work\xpco\xpco\allsolutions\..\sc\components\remoteviewer\smartclient\tst\zsmartclient_unittest\bin\x64\debug\net6.0-windows\zsmartclient_unittest.dll" id="4c310887-8495-4e52-0457-4cbe13b9a200">
      <TestCategory>
        <TestCategoryItem TestCategory="GisMap.GisMapViewModel" />
      </TestCategory>
      <Execution id="50f57807-ea8c-4a5a-85e0-aca9472dd05f" />
      <TestMethod codeBase="D:\actions-runner\_work\XPCO\XPCO\AllSolutions\..\SC\Components\RemoteViewer\SmartClient\tst\zSmartClient_UnitTest\bin\x64\Debug\net6.0-windows\zSmartClient_UnitTest.dll" adapterTypeName="executor://mstestadapter/v2" className="SmartClient_UnitTest.VideoOS.RemoteClient.Plugin.GisMap.ViewModels.GisMapViewModelTests" name="NavigateAndSelectAsync_PanMap_ReCenterCommandEnabled" />
    </UnitTest>
    <UnitTest name="HandleSetLayerFeatures_ShouldRaiseArgumentException_WhenNotMicrophoneKindAndMicrophoneLayerFeatures" storage="d:\actions-runner\_work\xpco\xpco\allsolutions\..\sc\components\remoteviewer\smartclient\tst\zsmartclient_unittest\bin\x64\debug\net6.0-windows\zsmartclient_unittest.dll" id="b7cfc484-cb4b-49fc-a4f0-d587f8a4ea1f">
      <TestCategory>
        <TestCategoryItem TestCategory="GisMapData.Handlers.LayerFeatures" />
      </TestCategory>
      <Execution id="ae746a19-f726-44c8-a713-dfaa2e14c542" />
      <TestMethod codeBase="D:\actions-runner\_work\XPCO\XPCO\AllSolutions\..\SC\Components\RemoteViewer\SmartClient\tst\zSmartClient_UnitTest\bin\x64\Debug\net6.0-windows\zSmartClient_UnitTest.dll" adapterTypeName="executor://mstestadapter/v2" className="SmartClient_UnitTest.VideoOS.RemoteClient.GisMapData.Handlers.LayerFeatures.MicrophoneLayerFeaturesHandlerTests" name="HandleSetLayerFeatures_ShouldRaiseArgumentException_WhenNotMicrophoneKindAndMicrophoneLayerFeatures" />
    </UnitTest>
    <UnitTest name="IsDisabled_ShouldBeTrue_WhenApplicationIsInBrowseMode" storage="d:\actions-runner\_work\xpco\xpco\allsolutions\..\sc\components\remoteviewer\smartclient\tst\zsmartclient_unittest\bin\x64\debug\net6.0-windows\zsmartclient_unittest.dll" id="771137e7-8711-d371-fedf-d100a6d214c7">
      <TestCategory>
        <TestCategoryItem TestCategory="GisMapData.MapItem.Microphones" />
      </TestCategory>
      <Execution id="65ff7170-c322-4423-a268-12d4b0d8862b" />
      <TestMethod codeBase="D:\actions-runner\_work\XPCO\XPCO\AllSolutions\..\SC\Components\RemoteViewer\SmartClient\tst\zSmartClient_UnitTest\bin\x64\Debug\net6.0-windows\zSmartClient_UnitTest.dll" adapterTypeName="executor://mstestadapter/v2" className="SmartClient_UnitTest.VideoOS.RemoteClient.GisMapData.MapItem.Microphones.MicrophoneMapItemTests" name="IsDisabled_ShouldBeTrue_WhenApplicationIsInBrowseMode" />
    </UnitTest>
    <UnitTest name="GetUtcToday_UtcTimeZoneDst_Success" storage="d:\actions-runner\_work\xpco\xpco\allsolutions\..\sc\components\remoteviewer\smartclient\tst\zsmartclient_unittest\bin\x64\debug\net6.0-windows\zsmartclient_unittest.dll" id="fcc71f98-4fa9-3c89-a58d-cfe34dc4476c">
      <TestCategory>
        <TestCategoryItem TestCategory="Search" />
      </TestCategory>
      <Execution id="cd8eb557-f168-4ed9-8c0d-ceda30d0fe06" />
      <TestMethod codeBase="D:\actions-runner\_work\XPCO\XPCO\AllSolutions\..\SC\Components\RemoteViewer\SmartClient\tst\zSmartClient_UnitTest\bin\x64\Debug\net6.0-windows\zSmartClient_UnitTest.dll" adapterTypeName="executor://mstestadapter/v2" className="SmartClient_UnitTest.VideoOS.RemoteClient.Plugin.CentralizedSearch.ViewModels.Data.TimeScopeTests" name="GetUtcToday_UtcTimeZoneDst_Success" />
    </UnitTest>
    <UnitTest name="Search_SortOrderSpecified_Success" storage="d:\actions-runner\_work\xpco\xpco\allsolutions\..\sc\components\remoteviewer\smartclient\tst\zsmartclient_unittest\bin\x64\debug\net6.0-windows\zsmartclient_unittest.dll" id="1131d610-fdb8-bf14-5dd7-5607c21d80e3">
      <TestCategory>
        <TestCategoryItem TestCategory="Search" />
      </TestCategory>
      <Execution id="64de99ea-cf50-454f-a0e6-3190055323d1" />
      <TestMethod codeBase="D:\actions-runner\_work\XPCO\XPCO\AllSolutions\..\SC\Components\RemoteViewer\SmartClient\tst\zSmartClient_UnitTest\bin\x64\Debug\net6.0-windows\zSmartClient_UnitTest.dll" adapterTypeName="executor://mstestadapter/v2" className="SmartClient_UnitTest.VideoOS.RemoteClient.Plugin.CentralizedSearch.MIPPlugin.CompositeSearchDefinitionTests" name="Search_SortOrderSpecified_Success" />
    </UnitTest>
    <UnitTest name="PtzSessionControllerInfo_TimeChangedTest_Different_TimeLeft" storage="d:\actions-runner\_work\xpco\xpco\allsolutions\..\sc\components\remoteviewer\smartclient\tst\zsmartclient_unittest\bin\x64\debug\net6.0-windows\zsmartclient_unittest.dll" id="7e6ab9bc-6be0-57ee-f082-006f13f3fda7">
      <Execution id="f9e11c2a-6e54-4980-bb22-ef50b4b6b8f8" />
      <TestMethod codeBase="D:\actions-runner\_work\XPCO\XPCO\AllSolutions\..\SC\Components\RemoteViewer\SmartClient\tst\zSmartClient_UnitTest\bin\x64\Debug\net6.0-windows\zSmartClient_UnitTest.dll" adapterTypeName="executor://mstestadapter/v2" className="VideoOS.RemoteClient.Application.Controllers.UnitTest.PtzSessionControllerTest" name="PtzSessionControllerInfo_TimeChangedTest_Different_TimeLeft" />
    </UnitTest>
    <UnitTest name="MergeWith_EmptyCluster_ThisNotChanged" storage="d:\actions-runner\_work\xpco\xpco\allsolutions\..\sc\components\remoteviewer\smartclient\tst\zsmartclient_unittest\bin\x64\debug\net6.0-windows\zsmartclient_unittest.dll" id="c16412a0-c100-f8dd-8f2b-f63db635bf73">
      <TestCategory>
        <TestCategoryItem TestCategory="GisMapIndex" />
      </TestCategory>
      <Execution id="382aa9ca-824f-457c-a493-df230930d7fa" />
      <TestMethod codeBase="D:\actions-runner\_work\XPCO\XPCO\AllSolutions\..\SC\Components\RemoteViewer\SmartClient\tst\zSmartClient_UnitTest\bin\x64\Debug\net6.0-windows\zSmartClient_UnitTest.dll" adapterTypeName="executor://mstestadapter/v2" className="SmartClient_UnitTest.VideoOS.RemoteClient.GisMapData.Common.Indexer.ClusterDataTests" name="MergeWith_EmptyCluster_ThisNotChanged" />
    </UnitTest>
    <UnitTest name="RemoveDefinition_ExistingDefinitionWithSearchResult_SearchResultsCleared" storage="d:\actions-runner\_work\xpco\xpco\allsolutions\..\sc\components\remoteviewer\smartclient\tst\zsmartclient_unittest\bin\x64\debug\net6.0-windows\zsmartclient_unittest.dll" id="102f1558-5f20-a6d5-8bb1-2bdfa2e7b50e">
      <TestCategory>
        <TestCategoryItem TestCategory="SearchModels" />
      </TestCategory>
      <Execution id="51727925-31e6-4817-a2cd-0c8f7d440b95" />
      <TestMethod codeBase="D:\actions-runner\_work\XPCO\XPCO\AllSolutions\..\SC\Components\RemoteViewer\SmartClient\tst\zSmartClient_UnitTest\bin\x64\Debug\net6.0-windows\zSmartClient_UnitTest.dll" adapterTypeName="executor://mstestadapter/v2" className="SmartClient_UnitTest.VideoOS.RemoteClient.Plugin.CentralizedSearch.Models.SearchModelTests" name="RemoveDefinition_ExistingDefinitionWithSearchResult_SearchResultsCleared" />
    </UnitTest>
    <UnitTest name="MergeWith_ClusterItems_ItemAdded" storage="d:\actions-runner\_work\xpco\xpco\allsolutions\..\sc\components\remoteviewer\smartclient\tst\zsmartclient_unittest\bin\x64\debug\net6.0-windows\zsmartclient_unittest.dll" id="f252f3f1-2ddc-5f57-0a09-9fe0a66fde7a">
      <TestCategory>
        <TestCategoryItem TestCategory="GisMapIndex" />
      </TestCategory>
      <Execution id="140b4370-3665-46a2-a61a-80a578e09c65" />
      <TestMethod codeBase="D:\actions-runner\_work\XPCO\XPCO\AllSolutions\..\SC\Components\RemoteViewer\SmartClient\tst\zSmartClient_UnitTest\bin\x64\Debug\net6.0-windows\zSmartClient_UnitTest.dll" adapterTypeName="executor://mstestadapter/v2" className="SmartClient_UnitTest.VideoOS.RemoteClient.GisMapData.Common.Indexer.ClusterDataTests" name="MergeWith_ClusterItems_ItemAdded" />
    </UnitTest>
    <UnitTest name="IsSelected_ShouldBeTrue_WhenSelectedMicrophoneGetsDisabled" storage="d:\actions-runner\_work\xpco\xpco\allsolutions\..\sc\components\remoteviewer\smartclient\tst\zsmartclient_unittest\bin\x64\debug\net6.0-windows\zsmartclient_unittest.dll" id="d4294147-b6f1-1dea-474b-6d1ef066918c">
      <TestCategory>
        <TestCategoryItem TestCategory="GisMapData.MapItem.Microphones" />
      </TestCategory>
      <Execution id="5bf28263-0c5c-4b6f-8830-547f841eb95a" />
      <TestMethod codeBase="D:\actions-runner\_work\XPCO\XPCO\AllSolutions\..\SC\Components\RemoteViewer\SmartClient\tst\zSmartClient_UnitTest\bin\x64\Debug\net6.0-windows\zSmartClient_UnitTest.dll" adapterTypeName="executor://mstestadapter/v2" className="SmartClient_UnitTest.VideoOS.RemoteClient.GisMapData.MapItem.Microphones.MicrophoneMapItemTests" name="IsSelected_ShouldBeTrue_WhenSelectedMicrophoneGetsDisabled" />
    </UnitTest>
    <UnitTest name="SearchCriteriaFilterValues_ValidatePopupFunctionality_Success" storage="d:\actions-runner\_work\xpco\xpco\allsolutions\..\sc\components\remoteviewer\smartclient\tst\zsmartclient_unittest\bin\x64\debug\net6.0-windows\zsmartclient_unittest.dll" id="daf95640-1ecb-1c8c-09bc-d8c8490777c1">
      <TestCategory>
        <TestCategoryItem TestCategory="SearchControls" />
      </TestCategory>
      <Execution id="3d9f4a70-69d1-437c-980d-aebe8e871ccc" />
      <TestMethod codeBase="D:\actions-runner\_work\XPCO\XPCO\AllSolutions\..\SC\Components\RemoteViewer\SmartClient\tst\zSmartClient_UnitTest\bin\x64\Debug\net6.0-windows\zSmartClient_UnitTest.dll" adapterTypeName="executor://mstestadapter/v2" className="SmartClient_UnitTest.VideoOS.RemoteClient.Plugin.CentralizedSearch.Views.Controls.SearchDefinitions.EditSearchDefinitionPopupTests" name="SearchCriteriaFilterValues_ValidatePopupFunctionality_Success" />
    </UnitTest>
    <UnitTest name="DeviceIcons_ShouldBeCached_WhenCalled" storage="d:\actions-runner\_work\xpco\xpco\allsolutions\..\sc\components\remoteviewer\smartclient\tst\zsmartclient_unittest\bin\x64\debug\net6.0-windows\zsmartclient_unittest.dll" id="bbef5494-4e92-f5fc-3633-d07397508d79">
      <TestCategory>
        <TestCategoryItem TestCategory="GisMapData.MicrophoneOemResourcesProviderTests" />
      </TestCategory>
      <Execution id="67594c0d-5492-4dc5-a97d-00e7fef4b576" />
      <TestMethod codeBase="D:\actions-runner\_work\XPCO\XPCO\AllSolutions\..\SC\Components\RemoteViewer\SmartClient\tst\zSmartClient_UnitTest\bin\x64\Debug\net6.0-windows\zSmartClient_UnitTest.dll" adapterTypeName="executor://mstestadapter/v2" className="SmartClient_UnitTest.VideoOS.RemoteClient.GisMapData.Resources.MicrophoneOemResourcesProviderTests" name="DeviceIcons_ShouldBeCached_WhenCalled" />
    </UnitTest>
    <UnitTest name="PatrollingStepListViewModel_CanDeleteStepExecute" storage="d:\actions-runner\_work\xpco\xpco\allsolutions\..\sc\components\remoteviewer\smartclient\tst\zsmartclient_unittest\bin\x64\debug\net6.0-windows\zsmartclient_unittest.dll" id="863152b5-1e2c-356b-c14c-cd62911ba167">
      <Execution id="8ec03510-4795-423e-849c-561c0e339f15" />
      <TestMethod codeBase="D:\actions-runner\_work\XPCO\XPCO\AllSolutions\..\SC\Components\RemoteViewer\SmartClient\tst\zSmartClient_UnitTest\bin\x64\Debug\net6.0-windows\zSmartClient_UnitTest.dll" adapterTypeName="executor://mstestadapter/v2" className="SmartClient_UnitTest.VideoOS.RemoteClient.Application.UI.PtzPreset.PatrollingViewModel.PatrollingStepListViewModelTest" name="PatrollingStepListViewModel_CanDeleteStepExecute" />
    </UnitTest>
    <UnitTest name="SupportsRightClick_ShouldBeFalse_WhenInteractionStateIsNotNormal" storage="d:\actions-runner\_work\xpco\xpco\allsolutions\..\sc\components\remoteviewer\smartclient\tst\zsmartclient_unittest\bin\x64\debug\net6.0-windows\zsmartclient_unittest.dll" id="06671719-51c0-06b8-b1b7-8927e1da93cb">
      <TestCategory>
        <TestCategoryItem TestCategory="GisMap.MicrophoneMarkerTest" />
      </TestCategory>
      <Execution id="ca28a9b8-b3a3-4f1e-8b70-47bb3f021747" />
      <TestMethod codeBase="D:\actions-runner\_work\XPCO\XPCO\AllSolutions\..\SC\Components\RemoteViewer\SmartClient\tst\zSmartClient_UnitTest\bin\x64\Debug\net6.0-windows\zSmartClient_UnitTest.dll" adapterTypeName="executor://mstestadapter/v2" className="SmartClient_UnitTest.VideoOS.RemoteClient.Plugin.GisMap.ThinkGeoMap.Markers.DeviceMarkers.MicrophoneMarker.MicrophoneMarkerTests" name="SupportsRightClick_ShouldBeFalse_WhenInteractionStateIsNotNormal" />
    </UnitTest>
    <UnitTest name="ValueWithFallbackConverterTests_Ctor_Success" storage="d:\actions-runner\_work\xpco\xpco\allsolutions\..\sc\components\remoteviewer\smartclient\tst\zsmartclient_unittest\bin\x64\debug\net6.0-windows\zsmartclient_unittest.dll" id="c78705d8-4e54-e5cc-d7aa-358b1af77cf7">
      <TestCategory>
        <TestCategoryItem TestCategory="SearchConverter" />
      </TestCategory>
      <Execution id="66687b6b-b02b-4ab0-98a6-8be40c03e783" />
      <TestMethod codeBase="D:\actions-runner\_work\XPCO\XPCO\AllSolutions\..\SC\Components\RemoteViewer\SmartClient\tst\zSmartClient_UnitTest\bin\x64\Debug\net6.0-windows\zSmartClient_UnitTest.dll" adapterTypeName="executor://mstestadapter/v2" className="SmartClient_UnitTest.VideoOS.RemoteClient.Plugin.CentralizedSearch.Views.Converters.ValueWithFallbackConverterTests" name="ValueWithFallbackConverterTests_Ctor_Success" />
    </UnitTest>
    <UnitTest name="GetServerTypes_ShouldReturnMobileServerType" storage="d:\actions-runner\_work\xpco\xpco\allsolutions\..\sc\components\remoteviewer\smartclient\tst\zsmartclient_unittest\bin\x64\debug\net6.0-windows\zsmartclient_unittest.dll" id="17c23f4a-d1aa-c7f2-4b0c-28e098799329">
      <Execution id="c85d0a5f-3362-49f3-8b39-b2d3838c48a9" />
      <TestMethod codeBase="D:\actions-runner\_work\XPCO\XPCO\AllSolutions\..\SC\Components\RemoteViewer\SmartClient\tst\zSmartClient_UnitTest\bin\x64\Debug\net6.0-windows\zSmartClient_UnitTest.dll" adapterTypeName="executor://mstestadapter/v2" className="SmartClient_UnitTest.VideoOS.RemoteClient.Application.Data.ContentTypes.ReportingContentType.DashboardExtentionsTest" name="GetServerTypes_ShouldReturnMobileServerType" />
    </UnitTest>
    <UnitTest name="UpdateItems_WhenStrategyReturnsUpdateNeeded_ShouldResultInMipItemsReadyEvent" storage="d:\actions-runner\_work\xpco\xpco\allsolutions\..\sc\components\remoteviewer\smartclient\tst\zsmartclient_unittest\bin\x64\debug\net6.0-windows\zsmartclient_unittest.dll" id="eb41b80f-fe87-ec26-1817-78a947446eac">
      <TestCategory>
        <TestCategoryItem TestCategory="MipItemsRetriever" />
      </TestCategory>
      <Execution id="002ce948-9325-455b-817c-9f3efde7768a" />
      <TestMethod codeBase="D:\actions-runner\_work\XPCO\XPCO\AllSolutions\..\SC\Components\RemoteViewer\SmartClient\tst\zSmartClient_UnitTest\bin\x64\Debug\net6.0-windows\zSmartClient_UnitTest.dll" adapterTypeName="executor://mstestadapter/v2" className="SmartClient_UnitTest.VideoOS.RemoteClient.Plugin.GisMap.MIP.MipItemsRetrieverTests" name="UpdateItems_WhenStrategyReturnsUpdateNeeded_ShouldResultInMipItemsReadyEvent" />
    </UnitTest>
    <UnitTest name="TimeLineInformationDataDto_ShouldYieldSameValues_WhenRoundTripConverted" storage="d:\actions-runner\_work\xpco\xpco\allsolutions\..\sc\components\remoteviewer\smartclient\tst\zsmartclient_unittest\bin\x64\debug\net6.0-windows\zsmartclient_unittest.dll" id="64bb4b70-7e25-7afc-6d81-0c3474ed7a2b">
      <TestCategory>
        <TestCategoryItem TestCategory="RecorderProxyToDtoMapping" />
      </TestCategory>
      <Execution id="65545177-a4bd-4485-b66b-6ad5f8811ce8" />
      <TestMethod codeBase="D:\actions-runner\_work\XPCO\XPCO\AllSolutions\..\SC\Components\RemoteViewer\SmartClient\tst\zSmartClient_UnitTest\bin\x64\Debug\net6.0-windows\zSmartClient_UnitTest.dll" adapterTypeName="executor://mstestadapter/v2" className="VideoOS.Shared.ServerAPI.SOAP.RecorderClientMappingTests" name="TimeLineInformationDataDto_ShouldYieldSameValues_WhenRoundTripConverted" />
    </UnitTest>
    <UnitTest name="ToTimeScope_YesterdayInDST_Success" storage="d:\actions-runner\_work\xpco\xpco\allsolutions\..\sc\components\remoteviewer\smartclient\tst\zsmartclient_unittest\bin\x64\debug\net6.0-windows\zsmartclient_unittest.dll" id="293008c2-9745-d477-0bc6-1ddbf5e8b276">
      <TestCategory>
        <TestCategoryItem TestCategory="Search" />
      </TestCategory>
      <Execution id="fa64d808-ba0c-466e-8aaf-2005dbacf732" />
      <TestMethod codeBase="D:\actions-runner\_work\XPCO\XPCO\AllSolutions\..\SC\Components\RemoteViewer\SmartClient\tst\zSmartClient_UnitTest\bin\x64\Debug\net6.0-windows\zSmartClient_UnitTest.dll" adapterTypeName="executor://mstestadapter/v2" className="SmartClient_UnitTest.VideoOS.RemoteClient.Plugin.CentralizedSearch.Models.ScopeDurationTests" name="ToTimeScope_YesterdayInDST_Success" />
    </UnitTest>
    <UnitTest name="Connect_SucceedeInConnectingWithOAuthSecure_ShouldReturnTrue" storage="d:\actions-runner\_work\xpco\xpco\allsolutions\..\sc\components\remoteviewer\smartclient\tst\zsmartclient_unittest\bin\x64\debug\net6.0-windows\zsmartclient_unittest.dll" id="618671da-f82c-c489-4e50-3ec438e9a9d0">
      <Execution id="b349ea82-f77a-4250-b190-7d94ba01e351" />
      <TestMethod codeBase="D:\actions-runner\_work\XPCO\XPCO\AllSolutions\..\SC\Components\RemoteViewer\SmartClient\tst\zSmartClient_UnitTest\bin\x64\Debug\net6.0-windows\zSmartClient_UnitTest.dll" adapterTypeName="executor://mstestadapter/v2" className="VideoOS.Shared.ServerAPI.VMOViewerClientFacade.UnitTest.VMOViewerClientFacadeTests" name="Connect_SucceedeInConnectingWithOAuthSecure_ShouldReturnTrue" />
    </UnitTest>
    <UnitTest name="Constructor_WhenPassingNullCredentials_ShouldThrowException" storage="d:\actions-runner\_work\xpco\xpco\allsolutions\..\sc\components\remoteviewer\smartclient\tst\zsmartclient_unittest\bin\x64\debug\net6.0-windows\zsmartclient_unittest.dll" id="584617a4-8322-97bf-2a6c-744ce8c991ef">
      <Execution id="7304e32a-906a-4a96-be47-be2dd89cc38a" />
      <TestMethod codeBase="D:\actions-runner\_work\XPCO\XPCO\AllSolutions\..\SC\Components\RemoteViewer\SmartClient\tst\zSmartClient_UnitTest\bin\x64\Debug\net6.0-windows\zSmartClient_UnitTest.dll" adapterTypeName="executor://mstestadapter/v2" className="VideoOS.Shared.ServerAPI.VMOViewerClientFacade.UnitTest.VMOViewerClientFacadeTests" name="Constructor_WhenPassingNullCredentials_ShouldThrowException" />
    </UnitTest>
    <UnitTest name="Init_NullState_InitialStateObtainedFromStateManager" storage="d:\actions-runner\_work\xpco\xpco\allsolutions\..\sc\components\remoteviewer\smartclient\tst\zsmartclient_unittest\bin\x64\debug\net6.0-windows\zsmartclient_unittest.dll" id="84a40563-ae3e-05c4-e02d-b8d79f27ea48">
      <TestCategory>
        <TestCategoryItem TestCategory="Search" />
      </TestCategory>
      <Execution id="b5438556-6c7a-4780-b14c-6dcb14734b5a" />
      <TestMethod codeBase="D:\actions-runner\_work\XPCO\XPCO\AllSolutions\..\SC\Components\RemoteViewer\SmartClient\tst\zSmartClient_UnitTest\bin\x64\Debug\net6.0-windows\zSmartClient_UnitTest.dll" adapterTypeName="executor://mstestadapter/v2" className="SmartClient_UnitTest.VideoOS.RemoteClient.Plugin.CentralizedSearch.CentralizedSearchContentHolderTests" name="Init_NullState_InitialStateObtainedFromStateManager" />
    </UnitTest>
    <UnitTest name="GetFeatures_NonCameraMapItemsLayer_ArgumentException" storage="d:\actions-runner\_work\xpco\xpco\allsolutions\..\sc\components\remoteviewer\smartclient\tst\zsmartclient_unittest\bin\x64\debug\net6.0-windows\zsmartclient_unittest.dll" id="1e269b48-31d1-e9d9-6456-feb927b5229e">
      <TestCategory>
        <TestCategoryItem TestCategory="GisMap" />
      </TestCategory>
      <Execution id="ab46d12f-e340-4d33-b44f-557d64e5fedf" />
      <TestMethod codeBase="D:\actions-runner\_work\XPCO\XPCO\AllSolutions\..\SC\Components\RemoteViewer\SmartClient\tst\zSmartClient_UnitTest\bin\x64\Debug\net6.0-windows\zSmartClient_UnitTest.dll" adapterTypeName="executor://mstestadapter/v2" className="SmartClient_UnitTest.VideoOS.RemoteClient.GisMapData.GisMapBasicTests" name="GetFeatures_NonCameraMapItemsLayer_ArgumentException" />
    </UnitTest>
    <UnitTest name="OnSizeChanged_FivePluginButtonsPresentInActionBar_WithRoomForFourPluginButtonsTwoPluginsMoveToOverflowMenu" storage="d:\actions-runner\_work\xpco\xpco\allsolutions\..\sc\components\remoteviewer\smartclient\tst\zsmartclient_unittest\bin\x64\debug\net6.0-windows\zsmartclient_unittest.dll" id="c2a70a77-deae-9615-f302-cf5bc25a63ec">
      <TestCategory>
        <TestCategoryItem TestCategory="SearchViews" />
      </TestCategory>
      <Execution id="0e604b3d-a546-4132-b585-b9fd612ed29f" />
      <TestMethod codeBase="D:\actions-runner\_work\XPCO\XPCO\AllSolutions\..\SC\Components\RemoteViewer\SmartClient\tst\zSmartClient_UnitTest\bin\x64\Debug\net6.0-windows\zSmartClient_UnitTest.dll" adapterTypeName="executor://mstestadapter/v2" className="SmartClient_UnitTest.VideoOS.RemoteClient.Plugin.CentralizedSearch.Views.SearchResultActionBarViewTests" name="OnSizeChanged_FivePluginButtonsPresentInActionBar_WithRoomForFourPluginButtonsTwoPluginsMoveToOverflowMenu" />
    </UnitTest>
    <UnitTest name="AddToExportDevices_ShouldReturnCorrectResult (0,5,5)" storage="d:\actions-runner\_work\xpco\xpco\allsolutions\..\sc\components\remoteviewer\smartclient\tst\zsmartclient_unittest\bin\x64\debug\net6.0-windows\zsmartclient_unittest.dll" id="7cf8856e-c7a5-694a-07b3-b67149d2c5fd">
      <TestCategory>
        <TestCategoryItem TestCategory="Managers" />
      </TestCategory>
      <Execution id="1830ae02-288d-437f-914f-3580283f50d2" />
      <TestMethod codeBase="D:\actions-runner\_work\XPCO\XPCO\AllSolutions\..\SC\Components\RemoteViewer\SmartClient\tst\zSmartClient_UnitTest\bin\x64\Debug\net6.0-windows\zSmartClient_UnitTest.dll" adapterTypeName="executor://mstestadapter/v2" className="SmartClient_UnitTest.VideoOS.RemoteClient.Application.Managers.ExportManagerTests" name="AddToExportDevices_ShouldReturnCorrectResult" />
    </UnitTest>
    <UnitTest name="Compare_NullVsNull_Equals" storage="d:\actions-runner\_work\xpco\xpco\allsolutions\..\sc\components\remoteviewer\smartclient\tst\zsmartclient_unittest\bin\x64\debug\net6.0-windows\zsmartclient_unittest.dll" id="fab13144-dbad-5831-0a01-3cacac990e32">
      <TestCategory>
        <TestCategoryItem TestCategory="SearchComparers" />
      </TestCategory>
      <Execution id="318facd7-04b8-4f9b-8b29-eba6c26338b9" />
      <TestMethod codeBase="D:\actions-runner\_work\XPCO\XPCO\AllSolutions\..\SC\Components\RemoteViewer\SmartClient\tst\zSmartClient_UnitTest\bin\x64\Debug\net6.0-windows\zSmartClient_UnitTest.dll" adapterTypeName="executor://mstestadapter/v2" className="SmartClient_UnitTest.VideoOS.RemoteClient.Plugin.CentralizedSearch.Models.Wrappers.Comparers.BeginTimeWithPaddingComparerTests" name="Compare_NullVsNull_Equals" />
    </UnitTest>
    <UnitTest name="BuildMapOptions_ShouldReturnCorrectNumberOfOptions" storage="d:\actions-runner\_work\xpco\xpco\allsolutions\..\sc\components\remoteviewer\smartclient\tst\zsmartclient_unittest\bin\x64\debug\net6.0-windows\zsmartclient_unittest.dll" id="a8f9d2e6-a062-909a-f825-43244fd288c9">
      <Execution id="06023bf5-4cdf-4915-a193-73b13482fbe1" />
      <TestMethod codeBase="D:\actions-runner\_work\XPCO\XPCO\AllSolutions\..\SC\Components\RemoteViewer\SmartClient\tst\zSmartClient_UnitTest\bin\x64\Debug\net6.0-windows\zSmartClient_UnitTest.dll" adapterTypeName="executor://mstestadapter/v2" className="SmartClient_UnitTest.VideoOS.RemoteClient.Application.Common.Telemetry.TelemetryBuilderTests" name="BuildMapOptions_ShouldReturnCorrectNumberOfOptions" />
    </UnitTest>
    <UnitTest name="ShowPermissionDeniedToasts_ShouldShowCorrectNumberOfToasts (1,1)" storage="d:\actions-runner\_work\xpco\xpco\allsolutions\..\sc\components\remoteviewer\smartclient\tst\zsmartclient_unittest\bin\x64\debug\net6.0-windows\zsmartclient_unittest.dll" id="131db61b-d56f-3e66-34f7-f920cef250e0">
      <TestCategory>
        <TestCategoryItem TestCategory="Managers" />
      </TestCategory>
      <Execution id="4b8452f2-4aa6-4e31-b556-3823172ec088" />
      <TestMethod codeBase="D:\actions-runner\_work\XPCO\XPCO\AllSolutions\..\SC\Components\RemoteViewer\SmartClient\tst\zSmartClient_UnitTest\bin\x64\Debug\net6.0-windows\zSmartClient_UnitTest.dll" adapterTypeName="executor://mstestadapter/v2" className="SmartClient_UnitTest.VideoOS.RemoteClient.Application.Managers.ExportResultsNotificationHelperTests" name="ShowPermissionDeniedToasts_ShouldShowCorrectNumberOfToasts" />
    </UnitTest>
    <UnitTest name="ShowAccessControlSystems_ShouldReturnTrue_WhenTwoACSystemsOnlyOneSupportingCardholdersAvailable" storage="d:\actions-runner\_work\xpco\xpco\allsolutions\..\sc\components\remoteviewer\smartclient\tst\zsmartclient_unittest\bin\x64\debug\net6.0-windows\zsmartclient_unittest.dll" id="f144e82e-b1a8-81fa-ae3f-f634d720ce68">
      <Execution id="7168d351-3353-45b3-a969-7cb4b6c36b48" />
      <TestMethod codeBase="D:\actions-runner\_work\XPCO\XPCO\AllSolutions\..\SC\Components\RemoteViewer\SmartClient\tst\zSmartClient_UnitTest\bin\x64\Debug\net6.0-windows\zSmartClient_UnitTest.dll" adapterTypeName="executor://mstestadapter/v2" className="SmartClient_UnitTest.VideoOS.RemoteClient.AccessControl.ViewModel.CardholdersTabViewModelTests" name="ShowAccessControlSystems_ShouldReturnTrue_WhenTwoACSystemsOnlyOneSupportingCardholdersAvailable" />
    </UnitTest>
    <UnitTest name="BindingModelNotEnabled_When_WorkspaceStateDoesNotMatchPlaceDefinition" storage="d:\actions-runner\_work\xpco\xpco\allsolutions\..\sc\components\remoteviewer\smartclient\tst\zsmartclient_unittest\bin\x64\debug\net6.0-windows\zsmartclient_unittest.dll" id="3beeed46-879f-7c95-5996-20291cefba2d">
      <TestCategory>
        <TestCategoryItem TestCategory="WorkspaceToolbar" />
      </TestCategory>
      <Execution id="b61b285c-466a-4479-8600-66dd0d45af4f" />
      <TestMethod codeBase="D:\actions-runner\_work\XPCO\XPCO\AllSolutions\..\SC\Components\RemoteViewer\SmartClient\tst\zSmartClient_UnitTest\bin\x64\Debug\net6.0-windows\zSmartClient_UnitTest.dll" adapterTypeName="executor://mstestadapter/v2" className="SmartClient_UnitTest.VideoOS.RemoteClient.Application.Data.WorkspaceToolbar.WorkspaceToolbarItemMipPluginTests" name="BindingModelNotEnabled_When_WorkspaceStateDoesNotMatchPlaceDefinition" />
    </UnitTest>
    <UnitTest name="Connect_WhenMajorServerVersionIsBelow13_ShouldCreateOldSchClient" storage="d:\actions-runner\_work\xpco\xpco\allsolutions\..\sc\components\remoteviewer\smartclient\tst\zsmartclient_unittest\bin\x64\debug\net6.0-windows\zsmartclient_unittest.dll" id="a2c49861-8cfa-cfb9-a354-4ffbac34fc0c">
      <Execution id="fa3a776c-1d27-4c49-80c5-4a76ae55ee1f" />
      <TestMethod codeBase="D:\actions-runner\_work\XPCO\XPCO\AllSolutions\..\SC\Components\RemoteViewer\SmartClient\tst\zSmartClient_UnitTest\bin\x64\Debug\net6.0-windows\zSmartClient_UnitTest.dll" adapterTypeName="executor://mstestadapter/v2" className="VideoOS.Shared.ServerAPI.ServiceChannel.UnitTest.ServiceChannelCommandServiceTests" name="Connect_WhenMajorServerVersionIsBelow13_ShouldCreateOldSchClient" />
    </UnitTest>
    <UnitTest name="HandleGetLayerFeatures_ShouldReturnOutputLayerFeatures_WhenOutputKind" storage="d:\actions-runner\_work\xpco\xpco\allsolutions\..\sc\components\remoteviewer\smartclient\tst\zsmartclient_unittest\bin\x64\debug\net6.0-windows\zsmartclient_unittest.dll" id="b00294e4-8686-0263-7a25-105dca27e462">
      <TestCategory>
        <TestCategoryItem TestCategory="GisMapData.Handlers.LayerFeatures" />
      </TestCategory>
      <Execution id="f16b270c-fa1c-473b-a28c-166fdb7d4b7e" />
      <TestMethod codeBase="D:\actions-runner\_work\XPCO\XPCO\AllSolutions\..\SC\Components\RemoteViewer\SmartClient\tst\zSmartClient_UnitTest\bin\x64\Debug\net6.0-windows\zSmartClient_UnitTest.dll" adapterTypeName="executor://mstestadapter/v2" className="SmartClient_UnitTest.VideoOS.RemoteClient.GisMapData.Handlers.LayerFeatures.OutputLayerFeaturesHandlerTests" name="HandleGetLayerFeatures_ShouldReturnOutputLayerFeatures_WhenOutputKind" />
    </UnitTest>
    <UnitTest name="ToUnsafeName_SingleNonKeywordName_Success" storage="d:\actions-runner\_work\xpco\xpco\allsolutions\..\sc\components\remoteviewer\smartclient\tst\zsmartclient_unittest\bin\x64\debug\net6.0-windows\zsmartclient_unittest.dll" id="6bf98392-1073-05ae-8e9e-5a0aa6674b1b">
      <Execution id="993ef97c-b872-41f9-b221-3071bcac9c3e" />
      <TestMethod codeBase="D:\actions-runner\_work\XPCO\XPCO\AllSolutions\..\SC\Components\RemoteViewer\SmartClient\tst\zSmartClient_UnitTest\bin\x64\Debug\net6.0-windows\zSmartClient_UnitTest.dll" adapterTypeName="executor://mstestadapter/v2" className="SmartClient_UnitTest.VideoOS.RemoteClient.Application.Common.Scripting.ReservedJavascriptKeywordsTests" name="ToUnsafeName_SingleNonKeywordName_Success" />
    </UnitTest>
    <UnitTest name="CalculateNewExtent_ShouldScaleEvenly_WhenWithinMax" storage="d:\actions-runner\_work\xpco\xpco\allsolutions\..\sc\components\remoteviewer\smartclient\tst\zsmartclient_unittest\bin\x64\debug\net6.0-windows\zsmartclient_unittest.dll" id="2a7cf9dc-e9f0-7632-64c7-f92d98f50bd4">
      <TestCategory>
        <TestCategoryItem TestCategory="MipItemsUpdateStrategy" />
      </TestCategory>
      <Execution id="1bea2b1e-5204-450e-99fc-1efd74fa18dd" />
      <TestMethod codeBase="D:\actions-runner\_work\XPCO\XPCO\AllSolutions\..\SC\Components\RemoteViewer\SmartClient\tst\zSmartClient_UnitTest\bin\x64\Debug\net6.0-windows\zSmartClient_UnitTest.dll" adapterTypeName="executor://mstestadapter/v2" className="SmartClient_UnitTest.VideoOS.RemoteClient.Plugin.GisMap.MIP.MipItemsUpdateStrategyTests" name="CalculateNewExtent_ShouldScaleEvenly_WhenWithinMax" />
    </UnitTest>
    <UnitTest name="FocusedSearchResultChanged_NoSearchResultSelected_NavigateToHome" storage="d:\actions-runner\_work\xpco\xpco\allsolutions\..\sc\components\remoteviewer\smartclient\tst\zsmartclient_unittest\bin\x64\debug\net6.0-windows\zsmartclient_unittest.dll" id="10564402-f576-f83c-7508-dc98243ffb4b">
      <TestCategory>
        <TestCategoryItem TestCategory="Search.SmartMapPreview" />
      </TestCategory>
      <Execution id="8ab52120-362d-4a07-8700-8652c4a242c5" />
      <TestMethod codeBase="D:\actions-runner\_work\XPCO\XPCO\AllSolutions\..\SC\Components\RemoteViewer\SmartClient\tst\zSmartClient_UnitTest\bin\x64\Debug\net6.0-windows\zSmartClient_UnitTest.dll" adapterTypeName="executor://mstestadapter/v2" className="SmartClient_UnitTest.VideoOS.RemoteClient.Plugin.CentralizedSearch.Views.Controls.SmartMap.SmartMapPreviewTests" name="FocusedSearchResultChanged_NoSearchResultSelected_NavigateToHome" />
    </UnitTest>
    <UnitTest name="ActiveInteractionStateBinding_ShouldNotBeNull_WhenCtorIsCalled" storage="d:\actions-runner\_work\xpco\xpco\allsolutions\..\sc\components\remoteviewer\smartclient\tst\zsmartclient_unittest\bin\x64\debug\net6.0-windows\zsmartclient_unittest.dll" id="965180e6-a25e-a55d-955c-d1e2d083f58f">
      <TestCategory>
        <TestCategoryItem TestCategory="GisMap.LocationMarker" />
      </TestCategory>
      <Execution id="12df35c6-39ea-4361-9b5c-e7b6dd2f50f6" />
      <TestMethod codeBase="D:\actions-runner\_work\XPCO\XPCO\AllSolutions\..\SC\Components\RemoteViewer\SmartClient\tst\zSmartClient_UnitTest\bin\x64\Debug\net6.0-windows\zSmartClient_UnitTest.dll" adapterTypeName="executor://mstestadapter/v2" className="SmartClient_UnitTest.VideoOS.RemoteClient.Plugin.GisMap.ThinkGeoMap.Markers.LocationMarker.LocationMarkerTests" name="ActiveInteractionStateBinding_ShouldNotBeNull_WhenCtorIsCalled" />
    </UnitTest>
    <UnitTest name="LeftButtonDown_DoubleClickNoZoomHandler_DoesNotCrash" storage="d:\actions-runner\_work\xpco\xpco\allsolutions\..\sc\components\remoteviewer\smartclient\tst\zsmartclient_unittest\bin\x64\debug\net6.0-windows\zsmartclient_unittest.dll" id="9436abbf-5e35-6c76-dd3c-5e8e30ea43e2">
      <TestCategory>
        <TestCategoryItem TestCategory="GisMap.MapControl" />
      </TestCategory>
      <Execution id="d1c330d3-9807-4614-8216-5b45ed88c7ec" />
      <TestMethod codeBase="D:\actions-runner\_work\XPCO\XPCO\AllSolutions\..\SC\Components\RemoteViewer\SmartClient\tst\zSmartClient_UnitTest\bin\x64\Debug\net6.0-windows\zSmartClient_UnitTest.dll" adapterTypeName="executor://mstestadapter/v2" className="SmartClient_UnitTest.VideoOS.RemoteClient.Plugin.GisMap.ThinkGeoMap.ThinkGeoMapControlTests" name="LeftButtonDown_DoubleClickNoZoomHandler_DoesNotCrash" />
    </UnitTest>
    <UnitTest name="TwoHours_Success" storage="d:\actions-runner\_work\xpco\xpco\allsolutions\..\sc\components\remoteviewer\smartclient\tst\zsmartclient_unittest\bin\x64\debug\net6.0-windows\zsmartclient_unittest.dll" id="028566f8-b92e-8888-84dd-3fb5690b9d88">
      <TestCategory>
        <TestCategoryItem TestCategory="Search" />
      </TestCategory>
      <Execution id="82ca5f76-aa49-4ee6-8e2a-81171af98182" />
      <TestMethod codeBase="D:\actions-runner\_work\XPCO\XPCO\AllSolutions\..\SC\Components\RemoteViewer\SmartClient\tst\zSmartClient_UnitTest\bin\x64\Debug\net6.0-windows\zSmartClient_UnitTest.dll" adapterTypeName="executor://mstestadapter/v2" className="SmartClient_UnitTest.VideoOS.RemoteClient.Plugin.CentralizedSearch.Models.ScopeDurationTests" name="TwoHours_Success" />
    </UnitTest>
    <UnitTest name="SearchResultsActionBarActions_Export_InvokeCommand_DeviceNotAvailable_Failure" storage="d:\actions-runner\_work\xpco\xpco\allsolutions\..\sc\components\remoteviewer\smartclient\tst\zsmartclient_unittest\bin\x64\debug\net6.0-windows\zsmartclient_unittest.dll" id="9338997c-d9a9-672b-42cd-fbb543d1c72e">
      <TestCategory>
        <TestCategoryItem TestCategory="SearchResultActionBarViewModel" />
      </TestCategory>
      <Execution id="923deba9-01d6-4f6d-bf3c-2e83080c7d70" />
      <TestMethod codeBase="D:\actions-runner\_work\XPCO\XPCO\AllSolutions\..\SC\Components\RemoteViewer\SmartClient\tst\zSmartClient_UnitTest\bin\x64\Debug\net6.0-windows\zSmartClient_UnitTest.dll" adapterTypeName="executor://mstestadapter/v2" className="SmartClient_UnitTest.VideoOS.RemoteClient.Plugin.CentralizedSearch.ViewModels.SearchResultsActionBarViewModelTest" name="SearchResultsActionBarActions_Export_InvokeCommand_DeviceNotAvailable_Failure" />
    </UnitTest>
    <UnitTest name="TestChangeProperties_Outline_Success" storage="d:\actions-runner\_work\xpco\xpco\allsolutions\..\sc\components\remoteviewer\smartclient\tst\zsmartclient_unittest\bin\x64\debug\net6.0-windows\zsmartclient_unittest.dll" id="2373c7df-8688-ecca-12e2-43612d6b960f">
      <TestCategory>
        <TestCategoryItem TestCategory="GisMapBuilding" />
      </TestCategory>
      <Execution id="1f79594d-895f-42b9-91c6-79e0ecec019e" />
      <TestMethod codeBase="D:\actions-runner\_work\XPCO\XPCO\AllSolutions\..\SC\Components\RemoteViewer\SmartClient\tst\zSmartClient_UnitTest\bin\x64\Debug\net6.0-windows\zSmartClient_UnitTest.dll" adapterTypeName="executor://mstestadapter/v2" className="SmartClient_UnitTest.VideoOS.RemoteClient.GisMap.MapBuildingTests" name="TestChangeProperties_Outline_Success" />
    </UnitTest>
    <UnitTest name="DeleteLevel_WhereLevelsHasBeenRenumbered_Success" storage="d:\actions-runner\_work\xpco\xpco\allsolutions\..\sc\components\remoteviewer\smartclient\tst\zsmartclient_unittest\bin\x64\debug\net6.0-windows\zsmartclient_unittest.dll" id="81b361c4-c965-939e-7e57-636c62f4161d">
      <TestCategory>
        <TestCategoryItem TestCategory="GisMapBuilding" />
      </TestCategory>
      <Execution id="b72d5c23-6142-4ea6-9447-a7edf97a3af3" />
      <TestMethod codeBase="D:\actions-runner\_work\XPCO\XPCO\AllSolutions\..\SC\Components\RemoteViewer\SmartClient\tst\zSmartClient_UnitTest\bin\x64\Debug\net6.0-windows\zSmartClient_UnitTest.dll" adapterTypeName="executor://mstestadapter/v2" className="SmartClient_UnitTest.VideoOS.RemoteClient.GisMapData.MapBuildings.MapLevelTests" name="DeleteLevel_WhereLevelsHasBeenRenumbered_Success" />
    </UnitTest>
    <UnitTest name="AutomationId_ShouldBeValid_WhenInteractionStateIsAddCamera" storage="d:\actions-runner\_work\xpco\xpco\allsolutions\..\sc\components\remoteviewer\smartclient\tst\zsmartclient_unittest\bin\x64\debug\net6.0-windows\zsmartclient_unittest.dll" id="9aef69ad-5102-e920-d6a1-4c0ddf8b9303">
      <TestCategory>
        <TestCategoryItem TestCategory="GisMap.UI.DeviceSelectors.PanelComponents" />
      </TestCategory>
      <Execution id="028ad53a-8af9-4e39-9072-267c539b38ac" />
      <TestMethod codeBase="D:\actions-runner\_work\XPCO\XPCO\AllSolutions\..\SC\Components\RemoteViewer\SmartClient\tst\zSmartClient_UnitTest\bin\x64\Debug\net6.0-windows\zSmartClient_UnitTest.dll" adapterTypeName="executor://mstestadapter/v2" className="SmartClient_UnitTest.VideoOS.RemoteClient.Plugin.GisMap.UI.DeviceSelectors.PanelComponents.DeviceSelectorPanelComponentTests" name="AutomationId_ShouldBeValid_WhenInteractionStateIsAddCamera" />
    </UnitTest>
    <UnitTest name="ToDenormalizedDirection_1_0" storage="d:\actions-runner\_work\xpco\xpco\allsolutions\..\sc\components\remoteviewer\smartclient\tst\zsmartclient_unittest\bin\x64\debug\net6.0-windows\zsmartclient_unittest.dll" id="d1eb0766-e5d9-4c32-2713-e353a5504dcf">
      <TestCategory>
        <TestCategoryItem TestCategory="GisMap" />
      </TestCategory>
      <Execution id="c34df004-04f2-40c8-918f-a67ef2058531" />
      <TestMethod codeBase="D:\actions-runner\_work\XPCO\XPCO\AllSolutions\..\SC\Components\RemoteViewer\SmartClient\tst\zSmartClient_UnitTest\bin\x64\Debug\net6.0-windows\zSmartClient_UnitTest.dll" adapterTypeName="executor://mstestadapter/v2" className="SmartClient_UnitTest.VideoOS.RemoteClient.GisMap.Utilities.GisUtilityTests" name="ToDenormalizedDirection_1_0" />
    </UnitTest>
    <UnitTest name="AddToExportTuples_ShouldReturnCorrectResult (1,0,0)" storage="d:\actions-runner\_work\xpco\xpco\allsolutions\..\sc\components\remoteviewer\smartclient\tst\zsmartclient_unittest\bin\x64\debug\net6.0-windows\zsmartclient_unittest.dll" id="db290d1d-343a-aa78-7298-12912ae25f44">
      <TestCategory>
        <TestCategoryItem TestCategory="Managers" />
      </TestCategory>
      <Execution id="f5833ccc-2701-4c44-859d-7e864abb5372" />
      <TestMethod codeBase="D:\actions-runner\_work\XPCO\XPCO\AllSolutions\..\SC\Components\RemoteViewer\SmartClient\tst\zSmartClient_UnitTest\bin\x64\Debug\net6.0-windows\zSmartClient_UnitTest.dll" adapterTypeName="executor://mstestadapter/v2" className="SmartClient_UnitTest.VideoOS.RemoteClient.Application.Managers.ExportManagerTests" name="AddToExportTuples_ShouldReturnCorrectResult" />
    </UnitTest>
    <UnitTest name="AttributeValueGet_NoItems_ReturnsEmptyList" storage="d:\actions-runner\_work\xpco\xpco\allsolutions\..\sc\components\remoteviewer\smartclient\tst\zsmartclient_unittest\bin\x64\debug\net6.0-windows\zsmartclient_unittest.dll" id="917a5570-b519-84b9-98e6-e30d662a605f">
      <TestCategory>
        <TestCategoryItem TestCategory="Search" />
      </TestCategory>
      <Execution id="c6331621-79ea-4fc9-8767-05c33486bfa4" />
      <TestMethod codeBase="D:\actions-runner\_work\XPCO\XPCO\AllSolutions\..\SC\Components\RemoteViewer\SmartClient\tst\zSmartClient_UnitTest\bin\x64\Debug\net6.0-windows\zSmartClient_UnitTest.dll" adapterTypeName="executor://mstestadapter/v2" className="SmartClient_UnitTest.VideoOS.RemoteClient.Plugin.CentralizedSearch.MIPPlugin.Criteria.MultipleSelectionAttributeEditControlTest" name="AttributeValueGet_NoItems_ReturnsEmptyList" />
    </UnitTest>
    <UnitTest name="PtzSessionControllerInfo_UserChangedTest_Different_User" storage="d:\actions-runner\_work\xpco\xpco\allsolutions\..\sc\components\remoteviewer\smartclient\tst\zsmartclient_unittest\bin\x64\debug\net6.0-windows\zsmartclient_unittest.dll" id="c8da5140-6bbf-d2bf-c522-f95e06d6a595">
      <Execution id="c9e18812-5c35-4707-b557-b286b05b3bd2" />
      <TestMethod codeBase="D:\actions-runner\_work\XPCO\XPCO\AllSolutions\..\SC\Components\RemoteViewer\SmartClient\tst\zSmartClient_UnitTest\bin\x64\Debug\net6.0-windows\zSmartClient_UnitTest.dll" adapterTypeName="executor://mstestadapter/v2" className="VideoOS.RemoteClient.Application.Controllers.UnitTest.PtzSessionControllerTest" name="PtzSessionControllerInfo_UserChangedTest_Different_User" />
    </UnitTest>
    <UnitTest name="AddToExportDevices_ShouldReturnCorrectResult (1,0,1)" storage="d:\actions-runner\_work\xpco\xpco\allsolutions\..\sc\components\remoteviewer\smartclient\tst\zsmartclient_unittest\bin\x64\debug\net6.0-windows\zsmartclient_unittest.dll" id="861f7062-4b72-e737-65a5-00e91edfb64b">
      <TestCategory>
        <TestCategoryItem TestCategory="Managers" />
      </TestCategory>
      <Execution id="f01178ca-acf7-4685-b9dc-8d8f456a8982" />
      <TestMethod codeBase="D:\actions-runner\_work\XPCO\XPCO\AllSolutions\..\SC\Components\RemoteViewer\SmartClient\tst\zSmartClient_UnitTest\bin\x64\Debug\net6.0-windows\zSmartClient_UnitTest.dll" adapterTypeName="executor://mstestadapter/v2" className="SmartClient_UnitTest.VideoOS.RemoteClient.Application.Managers.ExportManagerTests" name="AddToExportDevices_ShouldReturnCorrectResult" />
    </UnitTest>
    <UnitTest name="ModelSerialization_Serialize_Success" storage="d:\actions-runner\_work\xpco\xpco\allsolutions\..\sc\components\remoteviewer\smartclient\tst\zsmartclient_unittest\bin\x64\debug\net6.0-windows\zsmartclient_unittest.dll" id="82ab9888-0e8e-be7c-a27b-7d4882e76ad2">
      <TestCategory>
        <TestCategoryItem TestCategory="SearchModels" />
      </TestCategory>
      <Execution id="57b13dd2-7f67-4af8-a6a0-9d2b439c4cb0" />
      <TestMethod codeBase="D:\actions-runner\_work\XPCO\XPCO\AllSolutions\..\SC\Components\RemoteViewer\SmartClient\tst\zSmartClient_UnitTest\bin\x64\Debug\net6.0-windows\zSmartClient_UnitTest.dll" adapterTypeName="executor://mstestadapter/v2" className="SmartClient_UnitTest.VideoOS.RemoteClient.Plugin.CentralizedSearch.Models.SearchModelTests" name="ModelSerialization_Serialize_Success" />
    </UnitTest>
    <UnitTest name="ValidateExportLocation_ShouldReturnFailResult_ExportPathIsInvalid (1213&lt;&gt;!?%)" storage="d:\actions-runner\_work\xpco\xpco\allsolutions\..\sc\components\remoteviewer\smartclient\tst\zsmartclient_unittest\bin\x64\debug\net6.0-windows\zsmartclient_unittest.dll" id="d3281eee-0976-1fa7-ba3c-3f048bbeb9e7">
      <TestCategory>
        <TestCategoryItem TestCategory="Export" />
      </TestCategory>
      <Execution id="f01e9dbc-12b8-4394-a08e-a5963261b400" />
      <TestMethod codeBase="D:\actions-runner\_work\XPCO\XPCO\AllSolutions\..\SC\Components\RemoteViewer\SmartClient\tst\zSmartClient_UnitTest\bin\x64\Debug\net6.0-windows\zSmartClient_UnitTest.dll" adapterTypeName="executor://mstestadapter/v2" className="SmartClient_UnitTest.VideoOS.RemoteClient.Plugin.Export.ExportDataValidatorTests" name="ValidateExportLocation_ShouldReturnFailResult_ExportPathIsInvalid" />
    </UnitTest>
    <UnitTest name="TestChangeProperties_Name_Success" storage="d:\actions-runner\_work\xpco\xpco\allsolutions\..\sc\components\remoteviewer\smartclient\tst\zsmartclient_unittest\bin\x64\debug\net6.0-windows\zsmartclient_unittest.dll" id="ed8d77e0-76a5-81b3-8198-30c2ee7d220a">
      <TestCategory>
        <TestCategoryItem TestCategory="GisMapBuilding" />
      </TestCategory>
      <Execution id="9e80d9e3-ae57-4ecd-a24c-970a7791c0f4" />
      <TestMethod codeBase="D:\actions-runner\_work\XPCO\XPCO\AllSolutions\..\SC\Components\RemoteViewer\SmartClient\tst\zSmartClient_UnitTest\bin\x64\Debug\net6.0-windows\zSmartClient_UnitTest.dll" adapterTypeName="executor://mstestadapter/v2" className="SmartClient_UnitTest.VideoOS.RemoteClient.GisMap.MapBuildingTests" name="TestChangeProperties_Name_Success" />
    </UnitTest>
    <UnitTest name="OutputMapItem_ForceActivateAsync_InBuilding_UseLastLevel_Success" storage="d:\actions-runner\_work\xpco\xpco\allsolutions\..\sc\components\remoteviewer\smartclient\tst\zsmartclient_unittest\bin\x64\debug\net6.0-windows\zsmartclient_unittest.dll" id="b77ab5c7-4e76-dc3e-b1c6-67decc6894df">
      <TestCategory>
        <TestCategoryItem TestCategory="GisMapData.MapItem.Outputs" />
      </TestCategory>
      <Execution id="5db2f4ca-4f39-4490-a5f4-577cef557a23" />
      <TestMethod codeBase="D:\actions-runner\_work\XPCO\XPCO\AllSolutions\..\SC\Components\RemoteViewer\SmartClient\tst\zSmartClient_UnitTest\bin\x64\Debug\net6.0-windows\zSmartClient_UnitTest.dll" adapterTypeName="executor://mstestadapter/v2" className="SmartClient_UnitTest.VideoOS.RemoteClient.GisMapData.MapItem.Outputs.OutputMapItemTests" name="OutputMapItem_ForceActivateAsync_InBuilding_UseLastLevel_Success" />
    </UnitTest>
    <UnitTest name="Toolbar_IsVisible_WhenInPlayback" storage="d:\actions-runner\_work\xpco\xpco\allsolutions\..\sc\components\remoteviewer\smartclient\tst\zsmartclient_unittest\bin\x64\debug\net6.0-windows\zsmartclient_unittest.dll" id="60f76d2a-8443-d6c5-ab49-4b19e96bdb7e">
      <TestCategory>
        <TestCategoryItem TestCategory="WorkspaceToolbar" />
      </TestCategory>
      <Execution id="04925885-b709-4a6d-bfd9-1d75d479daf4" />
      <TestMethod codeBase="D:\actions-runner\_work\XPCO\XPCO\AllSolutions\..\SC\Components\RemoteViewer\SmartClient\tst\zSmartClient_UnitTest\bin\x64\Debug\net6.0-windows\zSmartClient_UnitTest.dll" adapterTypeName="executor://mstestadapter/v2" className="SmartClient_UnitTest.VideoOS.RemoteClient.Application.UI.Content.WorkspaceToolbar.WorkspaceToolbarViewModelTests" name="Toolbar_IsVisible_WhenInPlayback" />
    </UnitTest>
    <UnitTest name="SupportsRightClick_ShouldBeFalse_WhenInteractionStateIsNotNormal" storage="d:\actions-runner\_work\xpco\xpco\allsolutions\..\sc\components\remoteviewer\smartclient\tst\zsmartclient_unittest\bin\x64\debug\net6.0-windows\zsmartclient_unittest.dll" id="d8157b41-29f4-4a55-1811-3e5273ac9071">
      <TestCategory>
        <TestCategoryItem TestCategory="GisMap.LinkMarker" />
      </TestCategory>
      <Execution id="318b17ab-3b65-499b-9893-e1ad3683f0c9" />
      <TestMethod codeBase="D:\actions-runner\_work\XPCO\XPCO\AllSolutions\..\SC\Components\RemoteViewer\SmartClient\tst\zSmartClient_UnitTest\bin\x64\Debug\net6.0-windows\zSmartClient_UnitTest.dll" adapterTypeName="executor://mstestadapter/v2" className="SmartClient_UnitTest.VideoOS.RemoteClient.Plugin.GisMap.ThinkGeoMap.Markers.LinkMarker.LinkMarkerTests" name="SupportsRightClick_ShouldBeFalse_WhenInteractionStateIsNotNormal" />
    </UnitTest>
    <UnitTest name="LoginPlugins_ShouldContainOneAccessControlLoginPluginElement_WhenCloseHasBeenPreviouslyCalled" storage="d:\actions-runner\_work\xpco\xpco\allsolutions\..\sc\components\remoteviewer\smartclient\tst\zsmartclient_unittest\bin\x64\debug\net6.0-windows\zsmartclient_unittest.dll" id="885e02ef-e416-e860-c427-66861a1cef8a">
      <TestCategory>
        <TestCategoryItem TestCategory="AccessControl.MipPlugins.WorkSpace" />
      </TestCategory>
      <Execution id="470070c2-3133-44ca-b38a-b2717c656bcb" />
      <TestMethod codeBase="D:\actions-runner\_work\XPCO\XPCO\AllSolutions\..\SC\Components\RemoteViewer\SmartClient\tst\zSmartClient_UnitTest\bin\x64\Debug\net6.0-windows\zSmartClient_UnitTest.dll" adapterTypeName="executor://mstestadapter/v2" className="SmartClient_UnitTest.VideoOS.RemoteClient.AccessControl.MipPlugins.WorkSpace.AccessControlPluginDefinitionTests" name="LoginPlugins_ShouldContainOneAccessControlLoginPluginElement_WhenCloseHasBeenPreviouslyCalled" />
    </UnitTest>
    <UnitTest name="HandlePermissionDeniedResults_ShouldShowMessageAndToast (1,1)" storage="d:\actions-runner\_work\xpco\xpco\allsolutions\..\sc\components\remoteviewer\smartclient\tst\zsmartclient_unittest\bin\x64\debug\net6.0-windows\zsmartclient_unittest.dll" id="0c9a7b17-025a-1c6f-0a94-cc61778b84eb">
      <TestCategory>
        <TestCategoryItem TestCategory="Managers" />
      </TestCategory>
      <Execution id="0eccf369-bbcd-4986-b72e-2eb259dac22a" />
      <TestMethod codeBase="D:\actions-runner\_work\XPCO\XPCO\AllSolutions\..\SC\Components\RemoteViewer\SmartClient\tst\zSmartClient_UnitTest\bin\x64\Debug\net6.0-windows\zSmartClient_UnitTest.dll" adapterTypeName="executor://mstestadapter/v2" className="SmartClient_UnitTest.VideoOS.RemoteClient.Application.Managers.ExportResultsNotificationHelperTests" name="HandlePermissionDeniedResults_ShouldShowMessageAndToast" />
    </UnitTest>
    <UnitTest name="Load_Save_Success" storage="d:\actions-runner\_work\xpco\xpco\allsolutions\..\sc\components\remoteviewer\smartclient\tst\zsmartclient_unittest\bin\x64\debug\net6.0-windows\zsmartclient_unittest.dll" id="47884aeb-7497-b6ff-3c54-8cf7d508053b">
      <TestCategory>
        <TestCategoryItem TestCategory="GisMapMapItem" />
      </TestCategory>
      <Execution id="f15241b7-b007-4ac5-bf70-4a61944b7568" />
      <TestMethod codeBase="D:\actions-runner\_work\XPCO\XPCO\AllSolutions\..\SC\Components\RemoteViewer\SmartClient\tst\zSmartClient_UnitTest\bin\x64\Debug\net6.0-windows\zSmartClient_UnitTest.dll" adapterTypeName="executor://mstestadapter/v2" className="SmartClient_UnitTest.VideoOS.RemoteClient.GisMap.MapItem.LocationMapItemTests" name="Load_Save_Success" />
    </UnitTest>
    <UnitTest name="TestLoadLevelsAsync_Success" storage="d:\actions-runner\_work\xpco\xpco\allsolutions\..\sc\components\remoteviewer\smartclient\tst\zsmartclient_unittest\bin\x64\debug\net6.0-windows\zsmartclient_unittest.dll" id="a1ef0514-5d41-eded-e838-32de99602a54">
      <TestCategory>
        <TestCategoryItem TestCategory="GisMapBuilding" />
      </TestCategory>
      <Execution id="0e35886f-8060-475d-b05e-b02b60817c7e" />
      <TestMethod codeBase="D:\actions-runner\_work\XPCO\XPCO\AllSolutions\..\SC\Components\RemoteViewer\SmartClient\tst\zSmartClient_UnitTest\bin\x64\Debug\net6.0-windows\zSmartClient_UnitTest.dll" adapterTypeName="executor://mstestadapter/v2" className="SmartClient_UnitTest.VideoOS.RemoteClient.GisMap.MapBuildingTests" name="TestLoadLevelsAsync_Success" />
    </UnitTest>
    <UnitTest name="AndOrSearchDefinitionToCornerRadiusMultiConverter_CallConvert_SingleAnd" storage="d:\actions-runner\_work\xpco\xpco\allsolutions\..\sc\components\remoteviewer\smartclient\tst\zsmartclient_unittest\bin\x64\debug\net6.0-windows\zsmartclient_unittest.dll" id="90f79a7f-93e8-4862-4be1-6691fb292404">
      <TestCategory>
        <TestCategoryItem TestCategory="SearchConverter" />
      </TestCategory>
      <Execution id="ffdb3c4b-372d-4c5e-8c11-814c418ce1b4" />
      <TestMethod codeBase="D:\actions-runner\_work\XPCO\XPCO\AllSolutions\..\SC\Components\RemoteViewer\SmartClient\tst\zSmartClient_UnitTest\bin\x64\Debug\net6.0-windows\zSmartClient_UnitTest.dll" adapterTypeName="executor://mstestadapter/v2" className="SmartClient_UnitTest.VideoOS.RemoteClient.Plugin.CentralizedSearch.Views.Converters.AndOrSearchDefinitionMultiConverterTests" name="AndOrSearchDefinitionToCornerRadiusMultiConverter_CallConvert_SingleAnd" />
    </UnitTest>
    <UnitTest name="GetUnmutedMicrophoneIconId_ShouldReturnValidUnMutedMicrophoneIconId_WhenValidMutedMicrophoneIconIdIsProvided" storage="d:\actions-runner\_work\xpco\xpco\allsolutions\..\sc\components\remoteviewer\smartclient\tst\zsmartclient_unittest\bin\x64\debug\net6.0-windows\zsmartclient_unittest.dll" id="0110325c-27e3-3325-4a17-71d49ff6f036">
      <TestCategory>
        <TestCategoryItem TestCategory="GisMapData.MicrophoneOemResourcesProviderTests" />
      </TestCategory>
      <Execution id="d31d4e81-8e5f-4f4b-bce9-777d152e24a8" />
      <TestMethod codeBase="D:\actions-runner\_work\XPCO\XPCO\AllSolutions\..\SC\Components\RemoteViewer\SmartClient\tst\zSmartClient_UnitTest\bin\x64\Debug\net6.0-windows\zSmartClient_UnitTest.dll" adapterTypeName="executor://mstestadapter/v2" className="SmartClient_UnitTest.VideoOS.RemoteClient.GisMapData.Resources.MicrophoneOemResourcesProviderTests" name="GetUnmutedMicrophoneIconId_ShouldReturnValidUnMutedMicrophoneIconId_WhenValidMutedMicrophoneIconIdIsProvided" />
    </UnitTest>
    <UnitTest name="ComparerSet_NewValue_EventFired" storage="d:\actions-runner\_work\xpco\xpco\allsolutions\..\sc\components\remoteviewer\smartclient\tst\zsmartclient_unittest\bin\x64\debug\net6.0-windows\zsmartclient_unittest.dll" id="07465ce7-6373-2a9f-806a-3101b38a9200">
      <TestCategory>
        <TestCategoryItem TestCategory="SearchResultsPreprocessor" />
      </TestCategory>
      <Execution id="ed170999-4656-444a-b48b-e3f4813f5988" />
      <TestMethod codeBase="D:\actions-runner\_work\XPCO\XPCO\AllSolutions\..\SC\Components\RemoteViewer\SmartClient\tst\zSmartClient_UnitTest\bin\x64\Debug\net6.0-windows\zSmartClient_UnitTest.dll" adapterTypeName="executor://mstestadapter/v2" className="SmartClient_UnitTest.VideoOS.RemoteClient.Plugin.CentralizedSearch.Models.SearchResultsPreprocessorTests" name="ComparerSet_NewValue_EventFired" />
    </UnitTest>
    <UnitTest name="TestForAssemblyCoverage" storage="d:\actions-runner\_work\xpco\xpco\allsolutions\..\sc\components\remoteviewer\smartclient\tst\zsmartclient_unittest\bin\x64\debug\net6.0-windows\zsmartclient_unittest.dll" id="cb3c2aec-6735-d3a0-5cab-578bcfb4d46d">
      <Execution id="328f4e2e-7954-48a1-8ccc-023fad595f3f" />
      <TestMethod codeBase="D:\actions-runner\_work\XPCO\XPCO\AllSolutions\..\SC\Components\RemoteViewer\SmartClient\tst\zSmartClient_UnitTest\bin\x64\Debug\net6.0-windows\zSmartClient_UnitTest.dll" adapterTypeName="executor://mstestadapter/v2" className="SmartClient_UnitTest.VideoOS.RemoteClient.Plugin.Carrousel.UnitTest1" name="TestForAssemblyCoverage" />
    </UnitTest>
    <UnitTest name="Constructor_ShouldThrowAnException_WhenWorkroomIsNull" storage="d:\actions-runner\_work\xpco\xpco\allsolutions\..\sc\components\remoteviewer\smartclient\tst\zsmartclient_unittest\bin\x64\debug\net6.0-windows\zsmartclient_unittest.dll" id="47224733-ad21-5fec-3afd-19ad43870d88">
      <TestCategory>
        <TestCategoryItem TestCategory="WorkspaceToolbar" />
      </TestCategory>
      <Execution id="bf62a662-81a8-4d88-8d18-ef0f43b23995" />
      <TestMethod codeBase="D:\actions-runner\_work\XPCO\XPCO\AllSolutions\..\SC\Components\RemoteViewer\SmartClient\tst\zSmartClient_UnitTest\bin\x64\Debug\net6.0-windows\zSmartClient_UnitTest.dll" adapterTypeName="executor://mstestadapter/v2" className="SmartClient_UnitTest.VideoOS.RemoteClient.Application.Data.WorkspaceToolbar.WorkspaceToolbarItemMipPluginTests" name="Constructor_ShouldThrowAnException_WhenWorkroomIsNull" />
    </UnitTest>
    <UnitTest name="Constructor_ShouldAttachOnUpdateMutedMicrophonesRaised_WhenCalled" storage="d:\actions-runner\_work\xpco\xpco\allsolutions\..\sc\components\remoteviewer\smartclient\tst\zsmartclient_unittest\bin\x64\debug\net6.0-windows\zsmartclient_unittest.dll" id="fd55daeb-7419-55fa-3178-07b8b00e171d">
      <TestCategory>
        <TestCategoryItem TestCategory="GisMapData.MapLayers" />
      </TestCategory>
      <Execution id="14c6474d-1c47-42d8-bc0b-fa3d39a6299e" />
      <TestMethod codeBase="D:\actions-runner\_work\XPCO\XPCO\AllSolutions\..\SC\Components\RemoteViewer\SmartClient\tst\zSmartClient_UnitTest\bin\x64\Debug\net6.0-windows\zSmartClient_UnitTest.dll" adapterTypeName="executor://mstestadapter/v2" className="SmartClient_UnitTest.VideoOS.RemoteClient.GisMapData.MapLayers.MicrophoneItemsMapLayerTests" name="Constructor_ShouldAttachOnUpdateMutedMicrophonesRaised_WhenCalled" />
    </UnitTest>
    <UnitTest name="Ctor_NullPassedToNotNullParameters_Failure" storage="d:\actions-runner\_work\xpco\xpco\allsolutions\..\sc\components\remoteviewer\smartclient\tst\zsmartclient_unittest\bin\x64\debug\net6.0-windows\zsmartclient_unittest.dll" id="ff37e13a-ef96-a965-37b4-7e2b5b7bc7cd">
      <TestCategory>
        <TestCategoryItem TestCategory="Search" />
      </TestCategory>
      <Execution id="073744a6-a623-4ba9-aaef-464b789aaa08" />
      <TestMethod codeBase="D:\actions-runner\_work\XPCO\XPCO\AllSolutions\..\SC\Components\RemoteViewer\SmartClient\tst\zSmartClient_UnitTest\bin\x64\Debug\net6.0-windows\zSmartClient_UnitTest.dll" adapterTypeName="executor://mstestadapter/v2" className="SmartClient_UnitTest.VideoOS.RemoteClient.Plugin.CentralizedSearch.MIPPlugin.CompositeSearchDefinitionTests" name="Ctor_NullPassedToNotNullParameters_Failure" />
    </UnitTest>
    <UnitTest name="PatrollingStepViewModel_CreatePatrollingStepViewModel_Success" storage="d:\actions-runner\_work\xpco\xpco\allsolutions\..\sc\components\remoteviewer\smartclient\tst\zsmartclient_unittest\bin\x64\debug\net6.0-windows\zsmartclient_unittest.dll" id="a23b4ce6-5a10-4f53-6d78-06dd8b92b431">
      <Execution id="ca9224c5-c18b-410a-bd5e-bdb89d6a0574" />
      <TestMethod codeBase="D:\actions-runner\_work\XPCO\XPCO\AllSolutions\..\SC\Components\RemoteViewer\SmartClient\tst\zSmartClient_UnitTest\bin\x64\Debug\net6.0-windows\zSmartClient_UnitTest.dll" adapterTypeName="executor://mstestadapter/v2" className="SmartClient_UnitTest.VideoOS.RemoteClient.Application.UI.PtzPreset.PatrollingViewModel.PatrollingStepViewModelTest" name="PatrollingStepViewModel_CreatePatrollingStepViewModel_Success" />
    </UnitTest>
    <UnitTest name="PatrollingStepListViewModel_AddStepExecute_NoPreset" storage="d:\actions-runner\_work\xpco\xpco\allsolutions\..\sc\components\remoteviewer\smartclient\tst\zsmartclient_unittest\bin\x64\debug\net6.0-windows\zsmartclient_unittest.dll" id="a159b604-532f-6996-d93d-757652430688">
      <Execution id="62dc0642-189f-41b2-bc62-111060c3fd26" />
      <TestMethod codeBase="D:\actions-runner\_work\XPCO\XPCO\AllSolutions\..\SC\Components\RemoteViewer\SmartClient\tst\zSmartClient_UnitTest\bin\x64\Debug\net6.0-windows\zSmartClient_UnitTest.dll" adapterTypeName="executor://mstestadapter/v2" className="SmartClient_UnitTest.VideoOS.RemoteClient.Application.UI.PtzPreset.PatrollingViewModel.PatrollingStepListViewModelTest" name="PatrollingStepListViewModel_AddStepExecute_NoPreset" />
    </UnitTest>
    <UnitTest name="TestUpdateState_NotLoggedIn" storage="d:\actions-runner\_work\xpco\xpco\allsolutions\..\sc\components\remoteviewer\smartclient\tst\zsmartclient_unittest\bin\x64\debug\net6.0-windows\zsmartclient_unittest.dll" id="c98d87e1-2599-14ad-dad8-186cb5a68eb4">
      <TestCategory>
        <TestCategoryItem TestCategory="WorkspaceToolbar" />
      </TestCategory>
      <Execution id="377bf522-93ec-435c-80ad-a14e96a99519" />
      <TestMethod codeBase="D:\actions-runner\_work\XPCO\XPCO\AllSolutions\..\SC\Components\RemoteViewer\SmartClient\tst\zSmartClient_UnitTest\bin\x64\Debug\net6.0-windows\zSmartClient_UnitTest.dll" adapterTypeName="executor://mstestadapter/v2" className="SmartClient_UnitTest.VideoOS.RemoteClient.Application.Data.WorkspaceToolbar.WorkspaceToolbarItemSmartSearchTests" name="TestUpdateState_NotLoggedIn" />
    </UnitTest>
    <UnitTest name="MainScopeTitleMaxWidthConverter_ProvideValueSuccess" storage="d:\actions-runner\_work\xpco\xpco\allsolutions\..\sc\components\remoteviewer\smartclient\tst\zsmartclient_unittest\bin\x64\debug\net6.0-windows\zsmartclient_unittest.dll" id="c3f29bf2-4c11-11c6-eb66-4e32acc46d8c">
      <TestCategory>
        <TestCategoryItem TestCategory="SearchConverter" />
      </TestCategory>
      <Execution id="488001fb-0523-4241-863c-c5f66ddd19bc" />
      <TestMethod codeBase="D:\actions-runner\_work\XPCO\XPCO\AllSolutions\..\SC\Components\RemoteViewer\SmartClient\tst\zSmartClient_UnitTest\bin\x64\Debug\net6.0-windows\zSmartClient_UnitTest.dll" adapterTypeName="executor://mstestadapter/v2" className="SmartClient_UnitTest.VideoOS.RemoteClient.Plugin.CentralizedSearch.Views.Converters.MainScopeTitleMaxWidthConverterTests" name="MainScopeTitleMaxWidthConverter_ProvideValueSuccess" />
    </UnitTest>
    <UnitTest name="BoundingBoxPlaybackNoLiveOrPlaybackHandler" storage="d:\actions-runner\_work\xpco\xpco\allsolutions\..\sc\components\remoteviewer\smartclient\tst\zsmartclient_unittest\bin\x64\debug\net6.0-windows\zsmartclient_unittest.dll" id="c8bbc1da-c94e-b071-1c1c-4c9621410661">
      <Execution id="b2c18e07-d0c8-4ccc-9ed1-ebfcdfd2473a" />
      <TestMethod codeBase="D:\actions-runner\_work\XPCO\XPCO\AllSolutions\..\SC\Components\RemoteViewer\SmartClient\tst\zSmartClient_UnitTest\bin\x64\Debug\net6.0-windows\zSmartClient_UnitTest.dll" adapterTypeName="executor://mstestadapter/v2" className="SmartClient_UnitTest.VideoOS.RemoteClient.Application.Data.Metadata.BoundingBoxes.BoundingBoxProviderTest" name="BoundingBoxPlaybackNoLiveOrPlaybackHandler" />
    </UnitTest>
    <UnitTest name="GetGisMapLayerFlyoutName_ShouldRaiseArgumentNullException_WhenCultureInfoIsNull" storage="d:\actions-runner\_work\xpco\xpco\allsolutions\..\sc\components\remoteviewer\smartclient\tst\zsmartclient_unittest\bin\x64\debug\net6.0-windows\zsmartclient_unittest.dll" id="702b2a99-3d22-8fb5-d555-a5570edf1677">
      <TestCategory>
        <TestCategoryItem TestCategory="GisMapData.Controllers.Osm" />
      </TestCategory>
      <Execution id="46e7f1fc-e586-4c09-b04c-5262fe0d868c" />
      <TestMethod codeBase="D:\actions-runner\_work\XPCO\XPCO\AllSolutions\..\SC\Components\RemoteViewer\SmartClient\tst\zSmartClient_UnitTest\bin\x64\Debug\net6.0-windows\zSmartClient_UnitTest.dll" adapterTypeName="executor://mstestadapter/v2" className="SmartClient_UnitTest.VideoOS.RemoteClient.GisMapData.Controllers.Osm.GisMapOsmControllerTests" name="GetGisMapLayerFlyoutName_ShouldRaiseArgumentNullException_WhenCultureInfoIsNull" />
    </UnitTest>
    <UnitTest name="HandleGetLayerFeatures_ShouldRaiseArgumentException_WhenNotOutputKind" storage="d:\actions-runner\_work\xpco\xpco\allsolutions\..\sc\components\remoteviewer\smartclient\tst\zsmartclient_unittest\bin\x64\debug\net6.0-windows\zsmartclient_unittest.dll" id="873b07ed-167b-fa39-bd63-4c1afd4d93c5">
      <TestCategory>
        <TestCategoryItem TestCategory="GisMapData.Handlers.LayerFeatures" />
      </TestCategory>
      <Execution id="608b94b0-7f7e-4a39-8e12-0cbf31b9cb45" />
      <TestMethod codeBase="D:\actions-runner\_work\XPCO\XPCO\AllSolutions\..\SC\Components\RemoteViewer\SmartClient\tst\zSmartClient_UnitTest\bin\x64\Debug\net6.0-windows\zSmartClient_UnitTest.dll" adapterTypeName="executor://mstestadapter/v2" className="SmartClient_UnitTest.VideoOS.RemoteClient.GisMapData.Handlers.LayerFeatures.OutputLayerFeaturesHandlerTests" name="HandleGetLayerFeatures_ShouldRaiseArgumentException_WhenNotOutputKind" />
    </UnitTest>
    <UnitTest name="Constructor_ShouldRaiseArgumentNullException_WhenNextDeviceDataHandlerIsNull" storage="d:\actions-runner\_work\xpco\xpco\allsolutions\..\sc\components\remoteviewer\smartclient\tst\zsmartclient_unittest\bin\x64\debug\net6.0-windows\zsmartclient_unittest.dll" id="88adc3c3-8805-8765-8e54-e11a02ee63c8">
      <TestCategory>
        <TestCategoryItem TestCategory="GisMap.Handlers.Devices.MapItems" />
      </TestCategory>
      <Execution id="1e50d025-8a6b-4627-a87e-2403ff8b7360" />
      <TestMethod codeBase="D:\actions-runner\_work\XPCO\XPCO\AllSolutions\..\SC\Components\RemoteViewer\SmartClient\tst\zSmartClient_UnitTest\bin\x64\Debug\net6.0-windows\zSmartClient_UnitTest.dll" adapterTypeName="executor://mstestadapter/v2" className="SmartClient_UnitTest.VideoOS.RemoteClient.Plugin.GisMap.Handlers.Devices.MapItems.OutputDataHandlerTests" name="Constructor_ShouldRaiseArgumentNullException_WhenNextDeviceDataHandlerIsNull" />
    </UnitTest>
    <UnitTest name="Command_WithInputValues_PluginInstanceActivateCalled" storage="d:\actions-runner\_work\xpco\xpco\allsolutions\..\sc\components\remoteviewer\smartclient\tst\zsmartclient_unittest\bin\x64\debug\net6.0-windows\zsmartclient_unittest.dll" id="2e48f727-377d-16c5-c400-f5ba4ec6882c">
      <TestCategory>
        <TestCategoryItem TestCategory="SearchResultsAction" />
      </TestCategory>
      <Execution id="0319cfd5-bb3d-4c5a-acd8-1ed24ef4f3fa" />
      <TestMethod codeBase="D:\actions-runner\_work\XPCO\XPCO\AllSolutions\..\SC\Components\RemoteViewer\SmartClient\tst\zSmartClient_UnitTest\bin\x64\Debug\net6.0-windows\zSmartClient_UnitTest.dll" adapterTypeName="executor://mstestadapter/v2" className="SmartClient_UnitTest.VideoOS.RemoteClient.Plugin.CentralizedSearch.ViewModels.SearchResultsActionViewModelTests" name="Command_WithInputValues_PluginInstanceActivateCalled" />
    </UnitTest>
    <UnitTest name="TryAddInterval_ShouldReturnCorrectValue (False,False,PermissionDenied)" storage="d:\actions-runner\_work\xpco\xpco\allsolutions\..\sc\components\remoteviewer\smartclient\tst\zsmartclient_unittest\bin\x64\debug\net6.0-windows\zsmartclient_unittest.dll" id="6e25d482-aece-59bc-9c5e-d67985d22dcc">
      <TestCategory>
        <TestCategoryItem TestCategory="Managers" />
      </TestCategory>
      <Execution id="0213fc57-21f2-4e72-abd6-43bc9cfdf527" />
      <TestMethod codeBase="D:\actions-runner\_work\XPCO\XPCO\AllSolutions\..\SC\Components\RemoteViewer\SmartClient\tst\zSmartClient_UnitTest\bin\x64\Debug\net6.0-windows\zSmartClient_UnitTest.dll" adapterTypeName="executor://mstestadapter/v2" className="SmartClient_UnitTest.VideoOS.RemoteClient.Application.Managers.ExportManagerTests" name="TryAddInterval_ShouldReturnCorrectValue" />
    </UnitTest>
    <UnitTest name="ShouldReturnFalseWhenExtentChangedButWithinPrevious" storage="d:\actions-runner\_work\xpco\xpco\allsolutions\..\sc\components\remoteviewer\smartclient\tst\zsmartclient_unittest\bin\x64\debug\net6.0-windows\zsmartclient_unittest.dll" id="9c5832f3-6c80-ca09-af3f-21dab48f2284">
      <TestCategory>
        <TestCategoryItem TestCategory="MipItemsUpdateStrategy" />
      </TestCategory>
      <Execution id="7eb72bc2-0cd9-452f-a289-bcaf6f900b8c" />
      <TestMethod codeBase="D:\actions-runner\_work\XPCO\XPCO\AllSolutions\..\SC\Components\RemoteViewer\SmartClient\tst\zSmartClient_UnitTest\bin\x64\Debug\net6.0-windows\zSmartClient_UnitTest.dll" adapterTypeName="executor://mstestadapter/v2" className="SmartClient_UnitTest.VideoOS.RemoteClient.Plugin.GisMap.MIP.MipItemsUpdateStrategyTests" name="ShouldReturnFalseWhenExtentChangedButWithinPrevious" />
    </UnitTest>
    <UnitTest name="ValidEncryptionStrengthsForExport_ShouldOnlyReturnAes256_WhenLegacyEncryptionNotEnabledInAppConfig" storage="d:\actions-runner\_work\xpco\xpco\allsolutions\..\sc\components\remoteviewer\smartclient\tst\zsmartclient_unittest\bin\x64\debug\net6.0-windows\zsmartclient_unittest.dll" id="7303b39e-095c-d519-9482-2df53e696cb0">
      <TestCategory>
        <TestCategoryItem TestCategory="Encryption" />
      </TestCategory>
      <Execution id="ee7cecfb-c128-4d8d-ad52-172613680b12" />
      <TestMethod codeBase="D:\actions-runner\_work\XPCO\XPCO\AllSolutions\..\SC\Components\RemoteViewer\SmartClient\tst\zSmartClient_UnitTest\bin\x64\Debug\net6.0-windows\zSmartClient_UnitTest.dll" adapterTypeName="executor://mstestadapter/v2" className="SmartClient_UnitTest.VideoOS.RemoteClient.Application.Data.Export.Validation.ValidateEncryptionStrengthTests" name="ValidEncryptionStrengthsForExport_ShouldOnlyReturnAes256_WhenLegacyEncryptionNotEnabledInAppConfig" />
    </UnitTest>
    <UnitTest name="LoadBuilding_DefaultLevel_Selected" storage="d:\actions-runner\_work\xpco\xpco\allsolutions\..\sc\components\remoteviewer\smartclient\tst\zsmartclient_unittest\bin\x64\debug\net6.0-windows\zsmartclient_unittest.dll" id="efa5f5d5-e246-d31e-90ae-ee25a83e9147">
      <TestCategory>
        <TestCategoryItem TestCategory="GisMapBuilding" />
      </TestCategory>
      <Execution id="447f26f5-3918-42f6-bc3d-50280a6ddb62" />
      <TestMethod codeBase="D:\actions-runner\_work\XPCO\XPCO\AllSolutions\..\SC\Components\RemoteViewer\SmartClient\tst\zSmartClient_UnitTest\bin\x64\Debug\net6.0-windows\zSmartClient_UnitTest.dll" adapterTypeName="executor://mstestadapter/v2" className="SmartClient_UnitTest.VideoOS.RemoteClient.GisMap.MapBuildingTests" name="LoadBuilding_DefaultLevel_Selected" />
    </UnitTest>
    <UnitTest name="AddClientId_WhereClientIsValid_ReturnsGoogleMapsUrl" storage="d:\actions-runner\_work\xpco\xpco\allsolutions\..\sc\components\remoteviewer\smartclient\tst\zsmartclient_unittest\bin\x64\debug\net6.0-windows\zsmartclient_unittest.dll" id="96b04f8c-f777-c014-a499-dfe98011948d">
      <Execution id="9de2efc5-16fb-465c-a1a6-0964e7a079af" />
      <TestMethod codeBase="D:\actions-runner\_work\XPCO\XPCO\AllSolutions\..\SC\Components\RemoteViewer\SmartClient\tst\zSmartClient_UnitTest\bin\x64\Debug\net6.0-windows\zSmartClient_UnitTest.dll" adapterTypeName="executor://mstestadapter/v2" className="SmartClient_UnitTest.VideoOS.RemoteClient.Plugin.GisMap.Utilities.GoogleApiUrlTest" name="AddClientId_WhereClientIsValid_ReturnsGoogleMapsUrl" />
    </UnitTest>
    <UnitTest name="Password too short" storage="d:\actions-runner\_work\xpco\xpco\allsolutions\..\sc\components\remoteviewer\smartclient\tst\zsmartclient_unittest\bin\x64\debug\net6.0-windows\zsmartclient_unittest.dll" id="9c878434-1b6f-51cd-943c-ef6ecaa488ad">
      <TestCategory>
        <TestCategoryItem TestCategory="Export" />
      </TestCategory>
      <Execution id="d0b35d38-9e8c-48e4-b2d3-f5fdb21e42e9" />
      <TestMethod codeBase="D:\actions-runner\_work\XPCO\XPCO\AllSolutions\..\SC\Components\RemoteViewer\SmartClient\tst\zSmartClient_UnitTest\bin\x64\Debug\net6.0-windows\zSmartClient_UnitTest.dll" adapterTypeName="executor://mstestadapter/v2" className="SmartClient_UnitTest.VideoOS.RemoteClient.Plugin.Export.PasswordDialogViewModelTests" name="SettingPassword1_ShouldSetIsPassword1Valid" />
    </UnitTest>
    <UnitTest name="GetSearchReportDialog_SelectedSearchResults_MultiResults_Success" storage="d:\actions-runner\_work\xpco\xpco\allsolutions\..\sc\components\remoteviewer\smartclient\tst\zsmartclient_unittest\bin\x64\debug\net6.0-windows\zsmartclient_unittest.dll" id="76aaeca3-fba5-a4e3-743c-70ebeb58a048">
      <TestCategory>
        <TestCategoryItem TestCategory="Search" />
      </TestCategory>
      <Execution id="231df7d4-d9b7-45b0-ac07-b3faa9ba922a" />
      <TestMethod codeBase="D:\actions-runner\_work\XPCO\XPCO\AllSolutions\..\SC\Components\RemoteViewer\SmartClient\tst\zSmartClient_UnitTest\bin\x64\Debug\net6.0-windows\zSmartClient_UnitTest.dll" adapterTypeName="executor://mstestadapter/v2" className="SmartClient_UnitTest.VideoOS.RemoteClient.Plugin.CentralizedSearch.ViewModels.Utility.SearchReportHandlerTests" name="GetSearchReportDialog_SelectedSearchResults_MultiResults_Success" />
    </UnitTest>
    <UnitTest name="CameraListCleared_ShouldRemoveAnyPendingSearches" storage="d:\actions-runner\_work\xpco\xpco\allsolutions\..\sc\components\remoteviewer\smartclient\tst\zsmartclient_unittest\bin\x64\debug\net6.0-windows\zsmartclient_unittest.dll" id="47525e4b-96e7-dfdf-5445-9a26f7449bd8">
      <TestCategory>
        <TestCategoryItem TestCategory="SearchModels" />
      </TestCategory>
      <Execution id="5bfb2674-35d9-4415-88aa-fff2d731b55a" />
      <TestMethod codeBase="D:\actions-runner\_work\XPCO\XPCO\AllSolutions\..\SC\Components\RemoteViewer\SmartClient\tst\zSmartClient_UnitTest\bin\x64\Debug\net6.0-windows\zSmartClient_UnitTest.dll" adapterTypeName="executor://mstestadapter/v2" className="SmartClient_UnitTest.VideoOS.RemoteClient.Plugin.CentralizedSearch.Models.SearchModelTests" name="CameraListCleared_ShouldRemoveAnyPendingSearches" />
    </UnitTest>
    <UnitTest name="SmartMapSelectItemHandler_WhenDataIsValid_ShouldCallNavigateAndSelect" storage="d:\actions-runner\_work\xpco\xpco\allsolutions\..\sc\components\remoteviewer\smartclient\tst\zsmartclient_unittest\bin\x64\debug\net6.0-windows\zsmartclient_unittest.dll" id="8019e7cd-2b2b-285d-fe92-717617455fd4">
      <Execution id="26e8c50a-aeb6-4c1a-bea3-3383968790d4" />
      <TestMethod codeBase="D:\actions-runner\_work\XPCO\XPCO\AllSolutions\..\SC\Components\RemoteViewer\SmartClient\tst\zSmartClient_UnitTest\bin\x64\Debug\net6.0-windows\zSmartClient_UnitTest.dll" adapterTypeName="executor://mstestadapter/v2" className="SmartClient_UnitTest.VideoOS.RemoteClient.Plugin.GisMap.MIP.ContentHolderMipMessageManagerTests" name="SmartMapSelectItemHandler_WhenDataIsValid_ShouldCallNavigateAndSelect" />
    </UnitTest>
    <UnitTest name="UpdateSearchAttributes_MultipleFiltersWithValues_Added" storage="d:\actions-runner\_work\xpco\xpco\allsolutions\..\sc\components\remoteviewer\smartclient\tst\zsmartclient_unittest\bin\x64\debug\net6.0-windows\zsmartclient_unittest.dll" id="3073894f-f138-694b-5154-436b92ff7cb8">
      <TestCategory>
        <TestCategoryItem TestCategory="Search" />
      </TestCategory>
      <Execution id="879e4690-c2a0-4b72-b0db-661b84b312fe" />
      <TestMethod codeBase="D:\actions-runner\_work\XPCO\XPCO\AllSolutions\..\SC\Components\RemoteViewer\SmartClient\tst\zSmartClient_UnitTest\bin\x64\Debug\net6.0-windows\zSmartClient_UnitTest.dll" adapterTypeName="executor://mstestadapter/v2" className="SmartClient_UnitTest.VideoOS.RemoteClient.Plugin.CentralizedSearch.ViewModels.SearchDefinitionViewModelTests" name="UpdateSearchAttributes_MultipleFiltersWithValues_Added" />
    </UnitTest>
    <UnitTest name="Connect_SucceedeInConnectingWithWindowsUser_ShouldReturnTrue" storage="d:\actions-runner\_work\xpco\xpco\allsolutions\..\sc\components\remoteviewer\smartclient\tst\zsmartclient_unittest\bin\x64\debug\net6.0-windows\zsmartclient_unittest.dll" id="6ebc1c3a-7886-6ea1-878f-b64af57e9527">
      <Execution id="3c9bd42c-2502-4eab-9e1a-187126afc78f" />
      <TestMethod codeBase="D:\actions-runner\_work\XPCO\XPCO\AllSolutions\..\SC\Components\RemoteViewer\SmartClient\tst\zSmartClient_UnitTest\bin\x64\Debug\net6.0-windows\zSmartClient_UnitTest.dll" adapterTypeName="executor://mstestadapter/v2" className="VideoOS.Shared.ServerAPI.VMOViewerClientFacade.UnitTest.VMOViewerClientFacadeTests" name="Connect_SucceedeInConnectingWithWindowsUser_ShouldReturnTrue" />
    </UnitTest>
    <UnitTest name="GetItemsIn_BuildingNoLevels_EdgeItem" storage="d:\actions-runner\_work\xpco\xpco\allsolutions\..\sc\components\remoteviewer\smartclient\tst\zsmartclient_unittest\bin\x64\debug\net6.0-windows\zsmartclient_unittest.dll" id="d0c51da7-1dd7-d068-f152-d898ea188859">
      <TestCategory>
        <TestCategoryItem TestCategory="GisMapIndex" />
      </TestCategory>
      <Execution id="4c83e2b9-4931-444e-bdef-78aad1f836bf" />
      <TestMethod codeBase="D:\actions-runner\_work\XPCO\XPCO\AllSolutions\..\SC\Components\RemoteViewer\SmartClient\tst\zSmartClient_UnitTest\bin\x64\Debug\net6.0-windows\zSmartClient_UnitTest.dll" adapterTypeName="executor://mstestadapter/v2" className="SmartClient_UnitTest.VideoOS.RemoteClient.GisMapData.Common.Indexer.BuildingsAwareIndexerTests" name="GetItemsIn_BuildingNoLevels_EdgeItem" />
    </UnitTest>
    <UnitTest name="TimeToStringConverter_ConvertBack_Fail" storage="d:\actions-runner\_work\xpco\xpco\allsolutions\..\sc\components\remoteviewer\smartclient\tst\zsmartclient_unittest\bin\x64\debug\net6.0-windows\zsmartclient_unittest.dll" id="b56ba348-15c5-c13d-2c63-319be0707c78">
      <TestCategory>
        <TestCategoryItem TestCategory="SearchConverter" />
      </TestCategory>
      <Execution id="bdcb917e-ddbf-4f9a-8882-a3ebe9e7dcc0" />
      <TestMethod codeBase="D:\actions-runner\_work\XPCO\XPCO\AllSolutions\..\SC\Components\RemoteViewer\SmartClient\tst\zSmartClient_UnitTest\bin\x64\Debug\net6.0-windows\zSmartClient_UnitTest.dll" adapterTypeName="executor://mstestadapter/v2" className="SmartClient_UnitTest.VideoOS.RemoteClient.Plugin.CentralizedSearch.Views.Converters.TimeToStringConverterTests" name="TimeToStringConverter_ConvertBack_Fail" />
    </UnitTest>
    <UnitTest name="When password 1 is invalid, password 2 is valid, even when different" storage="d:\actions-runner\_work\xpco\xpco\allsolutions\..\sc\components\remoteviewer\smartclient\tst\zsmartclient_unittest\bin\x64\debug\net6.0-windows\zsmartclient_unittest.dll" id="35c37eb8-e213-391e-0beb-46923447e480">
      <TestCategory>
        <TestCategoryItem TestCategory="Export" />
      </TestCategory>
      <Execution id="5a4cca05-5f83-43d9-9f8e-a5e56d3d1aad" />
      <TestMethod codeBase="D:\actions-runner\_work\XPCO\XPCO\AllSolutions\..\SC\Components\RemoteViewer\SmartClient\tst\zSmartClient_UnitTest\bin\x64\Debug\net6.0-windows\zSmartClient_UnitTest.dll" adapterTypeName="executor://mstestadapter/v2" className="SmartClient_UnitTest.VideoOS.RemoteClient.Plugin.Export.PasswordDialogViewModelTests" name="SettingPassword1AndPassword2_ShouldSetIsPassword2Valid" />
    </UnitTest>
    <UnitTest name="Disable_WhenInvoked_ThenAlarmsDisabledAndNoSubscribers" storage="d:\actions-runner\_work\xpco\xpco\allsolutions\..\sc\components\remoteviewer\smartclient\tst\zsmartclient_unittest\bin\x64\debug\net6.0-windows\zsmartclient_unittest.dll" id="1b5117b5-2de0-24e5-94e2-f368e4d15b39">
      <Execution id="f9456816-8b0c-4b3b-9d70-dde18c4f18fd" />
      <TestMethod codeBase="D:\actions-runner\_work\XPCO\XPCO\AllSolutions\..\SC\Components\RemoteViewer\SmartClient\tst\zSmartClient_UnitTest\bin\x64\Debug\net6.0-windows\zSmartClient_UnitTest.dll" adapterTypeName="executor://mstestadapter/v2" className="SmartClient_UnitTest.VideoOS.RemoteClient.GisMapData.MapLayers.LayerAlarmNotificationTest" name="Disable_WhenInvoked_ThenAlarmsDisabledAndNoSubscribers" />
    </UnitTest>
    <UnitTest name="LeftButtonUpEvent_ShouldDeselectMapItems_WhenInteractionStateIsAddNewDeviceState" storage="d:\actions-runner\_work\xpco\xpco\allsolutions\..\sc\components\remoteviewer\smartclient\tst\zsmartclient_unittest\bin\x64\debug\net6.0-windows\zsmartclient_unittest.dll" id="aae708ca-94a3-f452-ba7c-adc8143fc2ae">
      <TestCategory>
        <TestCategoryItem TestCategory="GisMap.MapControl" />
      </TestCategory>
      <Execution id="dcb382b0-fa65-43da-8f23-c6ebb9e0645e" />
      <TestMethod codeBase="D:\actions-runner\_work\XPCO\XPCO\AllSolutions\..\SC\Components\RemoteViewer\SmartClient\tst\zSmartClient_UnitTest\bin\x64\Debug\net6.0-windows\zSmartClient_UnitTest.dll" adapterTypeName="executor://mstestadapter/v2" className="SmartClient_UnitTest.VideoOS.RemoteClient.Plugin.GisMap.ThinkGeoMap.ThinkGeoMapControlTests" name="LeftButtonUpEvent_ShouldDeselectMapItems_WhenInteractionStateIsAddNewDeviceState" />
    </UnitTest>
    <UnitTest name="PatrollingProfileListViewModel_DeleteProfileExecute" storage="d:\actions-runner\_work\xpco\xpco\allsolutions\..\sc\components\remoteviewer\smartclient\tst\zsmartclient_unittest\bin\x64\debug\net6.0-windows\zsmartclient_unittest.dll" id="a2ceebde-d242-3694-fb90-e4ca65781850">
      <Execution id="5f194a5e-027f-414d-9ddf-773be23a7988" />
      <TestMethod codeBase="D:\actions-runner\_work\XPCO\XPCO\AllSolutions\..\SC\Components\RemoteViewer\SmartClient\tst\zSmartClient_UnitTest\bin\x64\Debug\net6.0-windows\zSmartClient_UnitTest.dll" adapterTypeName="executor://mstestadapter/v2" className="SmartClient_UnitTest.VideoOS.RemoteClient.Application.UI.PtzPreset.PatrollingViewModel.PatrollingProfileListViewModelTest" name="PatrollingProfileListViewModel_DeleteProfileExecute" />
    </UnitTest>
    <UnitTest name="Password1 invalid, Password 2 valid" storage="d:\actions-runner\_work\xpco\xpco\allsolutions\..\sc\components\remoteviewer\smartclient\tst\zsmartclient_unittest\bin\x64\debug\net6.0-windows\zsmartclient_unittest.dll" id="9161b7a2-9233-72ad-eb95-c7d6bfabd975">
      <TestCategory>
        <TestCategoryItem TestCategory="Export" />
      </TestCategory>
      <Execution id="44f658cc-7b2c-41b0-ac9b-886ee4f09f60" />
      <TestMethod codeBase="D:\actions-runner\_work\XPCO\XPCO\AllSolutions\..\SC\Components\RemoteViewer\SmartClient\tst\zSmartClient_UnitTest\bin\x64\Debug\net6.0-windows\zSmartClient_UnitTest.dll" adapterTypeName="executor://mstestadapter/v2" className="SmartClient_UnitTest.VideoOS.RemoteClient.Plugin.Export.PasswordDialogViewModelTests" name="ArePasswordsValid_ShouldDependOnPassword1AndPassword2" />
    </UnitTest>
    <UnitTest name="TestHasCapapability_GreaterThan_Success" storage="d:\actions-runner\_work\xpco\xpco\allsolutions\..\sc\components\remoteviewer\smartclient\tst\zsmartclient_unittest\bin\x64\debug\net6.0-windows\zsmartclient_unittest.dll" id="a29ab1db-8305-8d4c-4b34-cf235b407b90">
      <Execution id="24991cea-caf9-4d19-a244-13fb98a5782f" />
      <TestMethod codeBase="D:\actions-runner\_work\XPCO\XPCO\AllSolutions\..\SC\Components\RemoteViewer\SmartClient\tst\zSmartClient_UnitTest\bin\x64\Debug\net6.0-windows\zSmartClient_UnitTest.dll" adapterTypeName="executor://mstestadapter/v2" className="SmartClient_UnitTest.VideoOS.RemoteClient.GisMapData.Common.GisMapServerCapabilitiesTest" name="TestHasCapapability_GreaterThan_Success" />
    </UnitTest>
    <UnitTest name="TestKeepInMemory_WithAttachedView_Success" storage="d:\actions-runner\_work\xpco\xpco\allsolutions\..\sc\components\remoteviewer\smartclient\tst\zsmartclient_unittest\bin\x64\debug\net6.0-windows\zsmartclient_unittest.dll" id="188f8c25-7b8a-3022-0d47-4b40a28cebbb">
      <Execution id="ae59f17f-33f1-49ea-bebf-927af50a4d3a" />
      <TestMethod codeBase="D:\actions-runner\_work\XPCO\XPCO\AllSolutions\..\SC\Components\RemoteViewer\SmartClient\tst\zSmartClient_UnitTest\bin\x64\Debug\net6.0-windows\zSmartClient_UnitTest.dll" adapterTypeName="executor://mstestadapter/v2" className="SmartClient_UnitTest.VideoOS.RemoteClient.Application.Controllers.WorkSpace.WorkSpaceItemTest" name="TestKeepInMemory_WithAttachedView_Success" />
    </UnitTest>
    <UnitTest name="SearchResultContainerView_OnItemActivated_AnimationDisabled_DetailsViewAddedToDetailsViewControl" storage="d:\actions-runner\_work\xpco\xpco\allsolutions\..\sc\components\remoteviewer\smartclient\tst\zsmartclient_unittest\bin\x64\debug\net6.0-windows\zsmartclient_unittest.dll" id="c49afcd7-de27-7990-5754-d54f7b7c14ac">
      <TestCategory>
        <TestCategoryItem TestCategory="SearchViews" />
      </TestCategory>
      <Execution id="63cd7826-a8d4-455e-b7b8-c3f2dbf79064" />
      <TestMethod codeBase="D:\actions-runner\_work\XPCO\XPCO\AllSolutions\..\SC\Components\RemoteViewer\SmartClient\tst\zSmartClient_UnitTest\bin\x64\Debug\net6.0-windows\zSmartClient_UnitTest.dll" adapterTypeName="executor://mstestadapter/v2" className="SmartClient_UnitTest.VideoOS.RemoteClient.Plugin.CentralizedSearch.Views.SearchResultsViewTests" name="SearchResultContainerView_OnItemActivated_AnimationDisabled_DetailsViewAddedToDetailsViewControl" />
    </UnitTest>
    <UnitTest name="UserHasReadPublicSearchPermission_HasReadPermission_ReturnsTrue" storage="d:\actions-runner\_work\xpco\xpco\allsolutions\..\sc\components\remoteviewer\smartclient\tst\zsmartclient_unittest\bin\x64\debug\net6.0-windows\zsmartclient_unittest.dll" id="a97eb8e2-cea3-70dd-d5ee-19b9b7f4e4bf">
      <TestCategory>
        <TestCategoryItem TestCategory="SearchTemplates" />
      </TestCategory>
      <Execution id="7dd5980b-071b-42e4-b58a-6a79068ae449" />
      <TestMethod codeBase="D:\actions-runner\_work\XPCO\XPCO\AllSolutions\..\SC\Components\RemoteViewer\SmartClient\tst\zSmartClient_UnitTest\bin\x64\Debug\net6.0-windows\zSmartClient_UnitTest.dll" adapterTypeName="executor://mstestadapter/v2" className="SmartClient_UnitTest.VideoOS.RemoteClient.Plugin.CentralizedSearch.SearchTemplates.SearchTemplateManagerTests" name="UserHasReadPublicSearchPermission_HasReadPermission_ReturnsTrue" />
    </UnitTest>
    <UnitTest name="PointMapItem_OutputWithNoShortName_Success" storage="d:\actions-runner\_work\xpco\xpco\allsolutions\..\sc\components\remoteviewer\smartclient\tst\zsmartclient_unittest\bin\x64\debug\net6.0-windows\zsmartclient_unittest.dll" id="4aba77ec-b883-b9a3-2441-be573e48795b">
      <TestCategory>
        <TestCategoryItem TestCategory="GisMapData.MapItem.Outputs" />
      </TestCategory>
      <Execution id="67d67ddd-78fa-449d-be40-831decf454a4" />
      <TestMethod codeBase="D:\actions-runner\_work\XPCO\XPCO\AllSolutions\..\SC\Components\RemoteViewer\SmartClient\tst\zSmartClient_UnitTest\bin\x64\Debug\net6.0-windows\zSmartClient_UnitTest.dll" adapterTypeName="executor://mstestadapter/v2" className="SmartClient_UnitTest.VideoOS.RemoteClient.GisMapData.MapItem.Outputs.OutputMapItemTests" name="PointMapItem_OutputWithNoShortName_Success" />
    </UnitTest>
    <UnitTest name="Constructor_ShouldRaiseArgumentNullException_WhenWorkroomIsNull" storage="d:\actions-runner\_work\xpco\xpco\allsolutions\..\sc\components\remoteviewer\smartclient\tst\zsmartclient_unittest\bin\x64\debug\net6.0-windows\zsmartclient_unittest.dll" id="cf2bce97-0784-515c-e2f5-b39bb123cf9f">
      <TestCategory>
        <TestCategoryItem TestCategory="GisMap.GisMapViewModel" />
      </TestCategory>
      <Execution id="c80cf750-5db4-4177-9163-63cf4f8f8491" />
      <TestMethod codeBase="D:\actions-runner\_work\XPCO\XPCO\AllSolutions\..\SC\Components\RemoteViewer\SmartClient\tst\zSmartClient_UnitTest\bin\x64\Debug\net6.0-windows\zSmartClient_UnitTest.dll" adapterTypeName="executor://mstestadapter/v2" className="SmartClient_UnitTest.VideoOS.RemoteClient.Plugin.GisMap.ViewModels.GisMapViewModelTests" name="Constructor_ShouldRaiseArgumentNullException_WhenWorkroomIsNull" />
    </UnitTest>
    <UnitTest name="AddToExportTuples_ShouldReturnCorrectResult (0,0,5)" storage="d:\actions-runner\_work\xpco\xpco\allsolutions\..\sc\components\remoteviewer\smartclient\tst\zsmartclient_unittest\bin\x64\debug\net6.0-windows\zsmartclient_unittest.dll" id="47579cf9-48ad-7878-45dc-383da1251400">
      <TestCategory>
        <TestCategoryItem TestCategory="Managers" />
      </TestCategory>
      <Execution id="1c4481f1-1477-4d35-9a9d-1529e7e610ad" />
      <TestMethod codeBase="D:\actions-runner\_work\XPCO\XPCO\AllSolutions\..\SC\Components\RemoteViewer\SmartClient\tst\zSmartClient_UnitTest\bin\x64\Debug\net6.0-windows\zSmartClient_UnitTest.dll" adapterTypeName="executor://mstestadapter/v2" className="SmartClient_UnitTest.VideoOS.RemoteClient.Application.Managers.ExportManagerTests" name="AddToExportTuples_ShouldReturnCorrectResult" />
    </UnitTest>
    <UnitTest name="When password 1 is invalid, password 2 is valid" storage="d:\actions-runner\_work\xpco\xpco\allsolutions\..\sc\components\remoteviewer\smartclient\tst\zsmartclient_unittest\bin\x64\debug\net6.0-windows\zsmartclient_unittest.dll" id="c383fd61-e302-4310-1a46-101c91056cfd">
      <TestCategory>
        <TestCategoryItem TestCategory="Export" />
      </TestCategory>
      <Execution id="e146b14d-a691-4838-b191-2e8435ea9a4b" />
      <TestMethod codeBase="D:\actions-runner\_work\XPCO\XPCO\AllSolutions\..\SC\Components\RemoteViewer\SmartClient\tst\zSmartClient_UnitTest\bin\x64\Debug\net6.0-windows\zSmartClient_UnitTest.dll" adapterTypeName="executor://mstestadapter/v2" className="SmartClient_UnitTest.VideoOS.RemoteClient.Plugin.Export.PasswordDialogViewModelTests" name="SettingPassword1AndPassword2_ShouldSetIsPassword2Valid" />
    </UnitTest>
    <UnitTest name="Constructor_ShouldRaiseArgumentNullException_WhenNextDeviceDataHandlerIsNull" storage="d:\actions-runner\_work\xpco\xpco\allsolutions\..\sc\components\remoteviewer\smartclient\tst\zsmartclient_unittest\bin\x64\debug\net6.0-windows\zsmartclient_unittest.dll" id="b3f5f35c-92f5-1335-49e4-d72ffb56774b">
      <TestCategory>
        <TestCategoryItem TestCategory="GisMap.Handlers.Devices.MapItems" />
      </TestCategory>
      <Execution id="0f431cd9-66de-4da9-b974-bdbfd693f6f5" />
      <TestMethod codeBase="D:\actions-runner\_work\XPCO\XPCO\AllSolutions\..\SC\Components\RemoteViewer\SmartClient\tst\zSmartClient_UnitTest\bin\x64\Debug\net6.0-windows\zSmartClient_UnitTest.dll" adapterTypeName="executor://mstestadapter/v2" className="SmartClient_UnitTest.VideoOS.RemoteClient.Plugin.GisMap.Handlers.Devices.MapItems.MicrophoneDataHandlerTests" name="Constructor_ShouldRaiseArgumentNullException_WhenNextDeviceDataHandlerIsNull" />
    </UnitTest>
    <UnitTest name="AddToExportDevices_ShouldReturnCorrectResult (0,1,0)" storage="d:\actions-runner\_work\xpco\xpco\allsolutions\..\sc\components\remoteviewer\smartclient\tst\zsmartclient_unittest\bin\x64\debug\net6.0-windows\zsmartclient_unittest.dll" id="1fc3baec-2132-0d3b-0fbb-cac33cb1b4b4">
      <TestCategory>
        <TestCategoryItem TestCategory="Managers" />
      </TestCategory>
      <Execution id="356a6fed-69a3-4343-a24c-278bf34db7b0" />
      <TestMethod codeBase="D:\actions-runner\_work\XPCO\XPCO\AllSolutions\..\SC\Components\RemoteViewer\SmartClient\tst\zSmartClient_UnitTest\bin\x64\Debug\net6.0-windows\zSmartClient_UnitTest.dll" adapterTypeName="executor://mstestadapter/v2" className="SmartClient_UnitTest.VideoOS.RemoteClient.Application.Managers.ExportManagerTests" name="AddToExportDevices_ShouldReturnCorrectResult" />
    </UnitTest>
    <UnitTest name="Loaded_NoActionBarPlugins_NoActionButtonsPresent" storage="d:\actions-runner\_work\xpco\xpco\allsolutions\..\sc\components\remoteviewer\smartclient\tst\zsmartclient_unittest\bin\x64\debug\net6.0-windows\zsmartclient_unittest.dll" id="18d974d6-a642-8807-34d7-9a9c256df013">
      <TestCategory>
        <TestCategoryItem TestCategory="SearchViews" />
      </TestCategory>
      <Execution id="26781a6c-5f94-43f6-b520-01a98d5dfec1" />
      <TestMethod codeBase="D:\actions-runner\_work\XPCO\XPCO\AllSolutions\..\SC\Components\RemoteViewer\SmartClient\tst\zSmartClient_UnitTest\bin\x64\Debug\net6.0-windows\zSmartClient_UnitTest.dll" adapterTypeName="executor://mstestadapter/v2" className="SmartClient_UnitTest.VideoOS.RemoteClient.Plugin.CentralizedSearch.Views.SearchResultActionBarViewTests" name="Loaded_NoActionBarPlugins_NoActionButtonsPresent" />
    </UnitTest>
    <UnitTest name="Constructor_ShouldRaiseArgumentNullException_WhenCursorIsNull" storage="d:\actions-runner\_work\xpco\xpco\allsolutions\..\sc\components\remoteviewer\smartclient\tst\zsmartclient_unittest\bin\x64\debug\net6.0-windows\zsmartclient_unittest.dll" id="f4957e0d-8b3e-6f39-d235-00a44690d337">
      <Execution id="74fc35a9-197c-4931-b1cc-a19b8b9c6f98" />
      <TestMethod codeBase="D:\actions-runner\_work\XPCO\XPCO\AllSolutions\..\SC\Components\RemoteViewer\SmartClient\tst\zSmartClient_UnitTest\bin\x64\Debug\net6.0-windows\zSmartClient_UnitTest.dll" adapterTypeName="executor://mstestadapter/v2" className="SmartClient_UnitTest.VideoOS.RemoteClient.Application.Data.ContentTypes.DevicesContentType.SelectCameraControlTests" name="Constructor_ShouldRaiseArgumentNullException_WhenCursorIsNull" />
    </UnitTest>
    <UnitTest name="GetLayerFeatures_ShouldReturnInputLayerFeatures_WhenMicrophoneKind" storage="d:\actions-runner\_work\xpco\xpco\allsolutions\..\sc\components\remoteviewer\smartclient\tst\zsmartclient_unittest\bin\x64\debug\net6.0-windows\zsmartclient_unittest.dll" id="7f46d23c-5d7c-d0cd-6885-7066d3b47889">
      <TestCategory>
        <TestCategoryItem TestCategory="GisMapData.Controllers.LayerFeatures" />
      </TestCategory>
      <Execution id="6763c4e5-771b-4ba6-8805-9c3c3a424d15" />
      <TestMethod codeBase="D:\actions-runner\_work\XPCO\XPCO\AllSolutions\..\SC\Components\RemoteViewer\SmartClient\tst\zSmartClient_UnitTest\bin\x64\Debug\net6.0-windows\zSmartClient_UnitTest.dll" adapterTypeName="executor://mstestadapter/v2" className="SmartClient_UnitTest.VideoOS.RemoteClient.GisMapData.Controllers.LayerFeatures.LayerFeaturesControllerTests" name="GetLayerFeatures_ShouldReturnInputLayerFeatures_WhenMicrophoneKind" />
    </UnitTest>
    <UnitTest name="PopulateTooltip_SingleResultsFromManyCameras24Hours_ValidText" storage="d:\actions-runner\_work\xpco\xpco\allsolutions\..\sc\components\remoteviewer\smartclient\tst\zsmartclient_unittest\bin\x64\debug\net6.0-windows\zsmartclient_unittest.dll" id="ab584460-bac9-0990-0924-68a8db1e4a1e">
      <TestCategory>
        <TestCategoryItem TestCategory="SearchControls" />
      </TestCategory>
      <Execution id="1a35eda4-7500-455d-b409-cb353704c405" />
      <TestMethod codeBase="D:\actions-runner\_work\XPCO\XPCO\AllSolutions\..\SC\Components\RemoteViewer\SmartClient\tst\zSmartClient_UnitTest\bin\x64\Debug\net6.0-windows\zSmartClient_UnitTest.dll" adapterTypeName="executor://mstestadapter/v2" className="SmartClient_UnitTest.VideoOS.RemoteClient.Plugin.CentralizedSearch.Views.Controls.TimelineRuler.TimelineRulerControlTests" name="PopulateTooltip_SingleResultsFromManyCameras24Hours_ValidText" />
    </UnitTest>
    <UnitTest name="Command_PluginInstanceActivateCalled" storage="d:\actions-runner\_work\xpco\xpco\allsolutions\..\sc\components\remoteviewer\smartclient\tst\zsmartclient_unittest\bin\x64\debug\net6.0-windows\zsmartclient_unittest.dll" id="f68d42a3-acec-6b53-6243-cbfed90e3b19">
      <TestCategory>
        <TestCategoryItem TestCategory="SearchResultsAction" />
      </TestCategory>
      <Execution id="80d99764-3cd4-426a-b6ca-15fa6a125e3f" />
      <TestMethod codeBase="D:\actions-runner\_work\XPCO\XPCO\AllSolutions\..\SC\Components\RemoteViewer\SmartClient\tst\zSmartClient_UnitTest\bin\x64\Debug\net6.0-windows\zSmartClient_UnitTest.dll" adapterTypeName="executor://mstestadapter/v2" className="SmartClient_UnitTest.VideoOS.RemoteClient.Plugin.CentralizedSearch.ViewModels.SearchResultsActionViewModelTests" name="Command_PluginInstanceActivateCalled" />
    </UnitTest>
    <UnitTest name="Dispose_WhenWaitingToPerformAction_CancelsAction" storage="d:\actions-runner\_work\xpco\xpco\allsolutions\..\sc\components\remoteviewer\smartclient\tst\zsmartclient_unittest\bin\x64\debug\net6.0-windows\zsmartclient_unittest.dll" id="58baf932-aaa1-22e9-3f8a-ec584346b657">
      <TestCategory>
        <TestCategoryItem TestCategory="UI.Facilitators" />
      </TestCategory>
      <Execution id="ad1d8a1a-07d5-467c-9816-a34485a01c58" />
      <TestMethod codeBase="D:\actions-runner\_work\XPCO\XPCO\AllSolutions\..\SC\Components\RemoteViewer\SmartClient\tst\zSmartClient_UnitTest\bin\x64\Debug\net6.0-windows\zSmartClient_UnitTest.dll" adapterTypeName="executor://mstestadapter/v2" className="SmartClient_UnitTest.VideoOS.UI.Common.EventDrivenBufferWithDelayTests" name="Dispose_WhenWaitingToPerformAction_CancelsAction" />
    </UnitTest>
    <UnitTest name="SearchDefinitionCountSet_NewValue_EventFired" storage="d:\actions-runner\_work\xpco\xpco\allsolutions\..\sc\components\remoteviewer\smartclient\tst\zsmartclient_unittest\bin\x64\debug\net6.0-windows\zsmartclient_unittest.dll" id="84d3c143-14c2-3de5-71ff-f8eed6db60b1">
      <TestCategory>
        <TestCategoryItem TestCategory="SearchResultsPreprocessor" />
      </TestCategory>
      <Execution id="77870537-c68f-4136-a443-f6d50b5bafd4" />
      <TestMethod codeBase="D:\actions-runner\_work\XPCO\XPCO\AllSolutions\..\SC\Components\RemoteViewer\SmartClient\tst\zSmartClient_UnitTest\bin\x64\Debug\net6.0-windows\zSmartClient_UnitTest.dll" adapterTypeName="executor://mstestadapter/v2" className="SmartClient_UnitTest.VideoOS.RemoteClient.Plugin.CentralizedSearch.Models.SearchResultsPreprocessorTests" name="SearchDefinitionCountSet_NewValue_EventFired" />
    </UnitTest>
    <UnitTest name="Deserialize_ToTimeOnly_Success" storage="d:\actions-runner\_work\xpco\xpco\allsolutions\..\sc\components\remoteviewer\smartclient\tst\zsmartclient_unittest\bin\x64\debug\net6.0-windows\zsmartclient_unittest.dll" id="91badbed-8323-8970-07a3-e3c2481d7a72">
      <TestCategory>
        <TestCategoryItem TestCategory="SearchSerialization" />
      </TestCategory>
      <Execution id="90752d08-2192-405a-a2b1-9c3d99e9a291" />
      <TestMethod codeBase="D:\actions-runner\_work\XPCO\XPCO\AllSolutions\..\SC\Components\RemoteViewer\SmartClient\tst\zSmartClient_UnitTest\bin\x64\Debug\net6.0-windows\zSmartClient_UnitTest.dll" adapterTypeName="executor://mstestadapter/v2" className="SmartClient_UnitTest.VideoOS.RemoteClient.Plugin.CentralizedSearch.Models.Serialization.SearchSerializerTests" name="Deserialize_ToTimeOnly_Success" />
    </UnitTest>
    <UnitTest name="AddSelectedWindowsToExport_ShouldShowCorrectToastMessages (1,1,1)" storage="d:\actions-runner\_work\xpco\xpco\allsolutions\..\sc\components\remoteviewer\smartclient\tst\zsmartclient_unittest\bin\x64\debug\net6.0-windows\zsmartclient_unittest.dll" id="75d313b7-2668-4983-0b95-cd2be76f4cd0">
      <TestCategory>
        <TestCategoryItem TestCategory="Managers" />
      </TestCategory>
      <Execution id="f066626a-14f7-4fb3-ae2f-5c2d8ba185a3" />
      <TestMethod codeBase="D:\actions-runner\_work\XPCO\XPCO\AllSolutions\..\SC\Components\RemoteViewer\SmartClient\tst\zSmartClient_UnitTest\bin\x64\Debug\net6.0-windows\zSmartClient_UnitTest.dll" adapterTypeName="executor://mstestadapter/v2" className="SmartClient_UnitTest.VideoOS.RemoteClient.Application.Managers.ExportManagerTests" name="AddSelectedWindowsToExport_ShouldShowCorrectToastMessages" />
    </UnitTest>
    <UnitTest name="State_ShouldUpdateMicrophoneIconId_WhenSetToUnMute" storage="d:\actions-runner\_work\xpco\xpco\allsolutions\..\sc\components\remoteviewer\smartclient\tst\zsmartclient_unittest\bin\x64\debug\net6.0-windows\zsmartclient_unittest.dll" id="59a60e54-e35c-c435-6281-92cda5ac809d">
      <TestCategory>
        <TestCategoryItem TestCategory="GisMapData.MapItem.Microphones" />
      </TestCategory>
      <Execution id="720811a4-03d2-4f12-b77d-a50c9c7ed45a" />
      <TestMethod codeBase="D:\actions-runner\_work\XPCO\XPCO\AllSolutions\..\SC\Components\RemoteViewer\SmartClient\tst\zSmartClient_UnitTest\bin\x64\Debug\net6.0-windows\zSmartClient_UnitTest.dll" adapterTypeName="executor://mstestadapter/v2" className="SmartClient_UnitTest.VideoOS.RemoteClient.GisMapData.MapItem.Microphones.MicrophoneMapItemTests" name="State_ShouldUpdateMicrophoneIconId_WhenSetToUnMute" />
    </UnitTest>
    <UnitTest name="HandleSetLayerFeatures_ShouldRaiseArgumentException_WhenNotCameraKindAndCameraLayerFeaturesAndOutputLayer" storage="d:\actions-runner\_work\xpco\xpco\allsolutions\..\sc\components\remoteviewer\smartclient\tst\zsmartclient_unittest\bin\x64\debug\net6.0-windows\zsmartclient_unittest.dll" id="6cafc5ed-fe23-6238-885d-2059ca1b7427">
      <TestCategory>
        <TestCategoryItem TestCategory="GisMapData.Handlers.LayerFeatures" />
      </TestCategory>
      <Execution id="12655675-66ad-41a0-a5c0-72e5199d4a4b" />
      <TestMethod codeBase="D:\actions-runner\_work\XPCO\XPCO\AllSolutions\..\SC\Components\RemoteViewer\SmartClient\tst\zSmartClient_UnitTest\bin\x64\Debug\net6.0-windows\zSmartClient_UnitTest.dll" adapterTypeName="executor://mstestadapter/v2" className="SmartClient_UnitTest.VideoOS.RemoteClient.GisMapData.Handlers.LayerFeatures.CameraLayerFeaturesHandlerTests" name="HandleSetLayerFeatures_ShouldRaiseArgumentException_WhenNotCameraKindAndCameraLayerFeaturesAndOutputLayer" />
    </UnitTest>
    <UnitTest name="IsCamera_ShouldReturnTrue_WhenAllCamerasSelected" storage="d:\actions-runner\_work\xpco\xpco\allsolutions\..\sc\components\remoteviewer\smartclient\tst\zsmartclient_unittest\bin\x64\debug\net6.0-windows\zsmartclient_unittest.dll" id="4927bb5b-1d8a-626c-1d59-507b7cca82e7">
      <Execution id="76729403-c539-4ec7-82bd-4cf7ef3507e4" />
      <TestMethod codeBase="D:\actions-runner\_work\XPCO\XPCO\AllSolutions\..\SC\Components\RemoteViewer\SmartClient\tst\zSmartClient_UnitTest\bin\x64\Debug\net6.0-windows\zSmartClient_UnitTest.dll" adapterTypeName="executor://mstestadapter/v2" className="SmartClient_UnitTest.VideoOS.RemoteClient.Application.Data.ContentTypes.ReportingContentType.DashboardExtentionsTest" name="IsCamera_ShouldReturnTrue_WhenAllCamerasSelected" />
    </UnitTest>
    <UnitTest name="PointMapItem_Load_Input_Success" storage="d:\actions-runner\_work\xpco\xpco\allsolutions\..\sc\components\remoteviewer\smartclient\tst\zsmartclient_unittest\bin\x64\debug\net6.0-windows\zsmartclient_unittest.dll" id="1ce67353-df26-d1bd-d2aa-05733d1ac693">
      <TestCategory>
        <TestCategoryItem TestCategory="GisMapData.MapItem.Inputs" />
      </TestCategory>
      <Execution id="5c257f45-29f7-4979-b320-23c8a4a9d7db" />
      <TestMethod codeBase="D:\actions-runner\_work\XPCO\XPCO\AllSolutions\..\SC\Components\RemoteViewer\SmartClient\tst\zSmartClient_UnitTest\bin\x64\Debug\net6.0-windows\zSmartClient_UnitTest.dll" adapterTypeName="executor://mstestadapter/v2" className="SmartClient_UnitTest.VideoOS.RemoteClient.GisMapData.MapItem.Inputs.InputMapItemTests" name="PointMapItem_Load_Input_Success" />
    </UnitTest>
    <UnitTest name="PopulateTooltip_SingleResultsFromManyCameras12Hours_ValidText" storage="d:\actions-runner\_work\xpco\xpco\allsolutions\..\sc\components\remoteviewer\smartclient\tst\zsmartclient_unittest\bin\x64\debug\net6.0-windows\zsmartclient_unittest.dll" id="dafe6617-7d77-6bca-77a9-2080de8d8ac3">
      <TestCategory>
        <TestCategoryItem TestCategory="SearchControls" />
      </TestCategory>
      <Execution id="fc88d2ee-8bff-404a-8dd3-b3e695d462ef" />
      <TestMethod codeBase="D:\actions-runner\_work\XPCO\XPCO\AllSolutions\..\SC\Components\RemoteViewer\SmartClient\tst\zSmartClient_UnitTest\bin\x64\Debug\net6.0-windows\zSmartClient_UnitTest.dll" adapterTypeName="executor://mstestadapter/v2" className="SmartClient_UnitTest.VideoOS.RemoteClient.Plugin.CentralizedSearch.Views.Controls.TimelineRuler.TimelineRulerControlTests" name="PopulateTooltip_SingleResultsFromManyCameras12Hours_ValidText" />
    </UnitTest>
    <UnitTest name="Search_SearchResultReceived_EventFired" storage="d:\actions-runner\_work\xpco\xpco\allsolutions\..\sc\components\remoteviewer\smartclient\tst\zsmartclient_unittest\bin\x64\debug\net6.0-windows\zsmartclient_unittest.dll" id="7d900372-2011-73f8-033d-c6e57807e942">
      <TestCategory>
        <TestCategoryItem TestCategory="Search" />
      </TestCategory>
      <Execution id="ee908246-8990-434a-a38d-94dfec57f01d" />
      <TestMethod codeBase="D:\actions-runner\_work\XPCO\XPCO\AllSolutions\..\SC\Components\RemoteViewer\SmartClient\tst\zSmartClient_UnitTest\bin\x64\Debug\net6.0-windows\zSmartClient_UnitTest.dll" adapterTypeName="executor://mstestadapter/v2" className="SmartClient_UnitTest.VideoOS.RemoteClient.Plugin.CentralizedSearch.MIPPlugin.CompositeSearchDefinitionTests" name="Search_SearchResultReceived_EventFired" />
    </UnitTest>
    <UnitTest name="GetServerTypes_ShouldReturnLPRType" storage="d:\actions-runner\_work\xpco\xpco\allsolutions\..\sc\components\remoteviewer\smartclient\tst\zsmartclient_unittest\bin\x64\debug\net6.0-windows\zsmartclient_unittest.dll" id="2227d8a1-1292-2ada-1845-295f40381449">
      <Execution id="6d2f6c4a-0b57-489a-8fdb-d11a920e2617" />
      <TestMethod codeBase="D:\actions-runner\_work\XPCO\XPCO\AllSolutions\..\SC\Components\RemoteViewer\SmartClient\tst\zSmartClient_UnitTest\bin\x64\Debug\net6.0-windows\zSmartClient_UnitTest.dll" adapterTypeName="executor://mstestadapter/v2" className="SmartClient_UnitTest.VideoOS.RemoteClient.Application.Data.ContentTypes.ReportingContentType.DashboardExtentionsTest" name="GetServerTypes_ShouldReturnLPRType" />
    </UnitTest>
    <UnitTest name="SetIncludePartialResults_ShouldFireEvent_WhenNewValueApplied" storage="d:\actions-runner\_work\xpco\xpco\allsolutions\..\sc\components\remoteviewer\smartclient\tst\zsmartclient_unittest\bin\x64\debug\net6.0-windows\zsmartclient_unittest.dll" id="37f14c37-5c5d-2aca-7f78-44d1e6498fe0">
      <TestCategory>
        <TestCategoryItem TestCategory="SearchResultsPreprocessor" />
      </TestCategory>
      <Execution id="fb57b21f-4670-4e5e-b309-3f51c163778f" />
      <TestMethod codeBase="D:\actions-runner\_work\XPCO\XPCO\AllSolutions\..\SC\Components\RemoteViewer\SmartClient\tst\zSmartClient_UnitTest\bin\x64\Debug\net6.0-windows\zSmartClient_UnitTest.dll" adapterTypeName="executor://mstestadapter/v2" className="SmartClient_UnitTest.VideoOS.RemoteClient.Plugin.CentralizedSearch.Models.SearchResultsPreprocessorTests" name="SetIncludePartialResults_ShouldFireEvent_WhenNewValueApplied" />
    </UnitTest>
    <UnitTest name="PtzInfoViewModel_PtzCotrolledByAnonymousTest" storage="d:\actions-runner\_work\xpco\xpco\allsolutions\..\sc\components\remoteviewer\smartclient\tst\zsmartclient_unittest\bin\x64\debug\net6.0-windows\zsmartclient_unittest.dll" id="46662b5d-bee1-3465-212d-6cf5f23d5fcf">
      <Execution id="f30f9944-fc9a-4402-90be-1ac27b9324ab" />
      <TestMethod codeBase="D:\actions-runner\_work\XPCO\XPCO\AllSolutions\..\SC\Components\RemoteViewer\SmartClient\tst\zSmartClient_UnitTest\bin\x64\Debug\net6.0-windows\zSmartClient_UnitTest.dll" adapterTypeName="executor://mstestadapter/v2" className="SmartClient_UnitTest.VideoOS.RemoteClient.Plugin.Map.WPFObjects.PtzInfoViewModelUnitTest" name="PtzInfoViewModel_PtzCotrolledByAnonymousTest" />
    </UnitTest>
    <UnitTest name="GetBoundingShapesPathsAsync_ShouldGetBoundingShapesFromFromMetadataObjectsSourceOnly_WhenOnlyFromMetadataObjectsSourceIsPassedIn" storage="d:\actions-runner\_work\xpco\xpco\allsolutions\..\sc\components\remoteviewer\smartclient\tst\zsmartclient_unittest\bin\x64\debug\net6.0-windows\zsmartclient_unittest.dll" id="b960a51a-07ce-5c77-9c47-9b7d49f68b04">
      <Execution id="7deb15e6-37a4-4049-b6c3-9224ccbd36d3" />
      <TestMethod codeBase="D:\actions-runner\_work\XPCO\XPCO\AllSolutions\..\SC\Components\RemoteViewer\SmartClient\tst\zSmartClient_UnitTest\bin\x64\Debug\net6.0-windows\zSmartClient_UnitTest.dll" adapterTypeName="executor://mstestadapter/v2" className="SmartClient_UnitTest.VideoOS.RemoteClient.Plugin.CentralizedSearch.Utils.SearchResultDataExtensionsTests" name="GetBoundingShapesPathsAsync_ShouldGetBoundingShapesFromFromMetadataObjectsSourceOnly_WhenOnlyFromMetadataObjectsSourceIsPassedIn" />
    </UnitTest>
    <UnitTest name="SupportsDoubleClick_ShouldBeFalse_WhenInteractionStateIsNotNormalAndNotInSetupMode" storage="d:\actions-runner\_work\xpco\xpco\allsolutions\..\sc\components\remoteviewer\smartclient\tst\zsmartclient_unittest\bin\x64\debug\net6.0-windows\zsmartclient_unittest.dll" id="d9a71493-8a98-1ce2-4921-b216ae947c71">
      <TestCategory>
        <TestCategoryItem TestCategory="GisMap.LegacyLinkMarker" />
      </TestCategory>
      <Execution id="69d4058e-dae9-4aba-a17f-ea11a37c20eb" />
      <TestMethod codeBase="D:\actions-runner\_work\XPCO\XPCO\AllSolutions\..\SC\Components\RemoteViewer\SmartClient\tst\zSmartClient_UnitTest\bin\x64\Debug\net6.0-windows\zSmartClient_UnitTest.dll" adapterTypeName="executor://mstestadapter/v2" className="SmartClient_UnitTest.VideoOS.RemoteClient.Plugin.GisMap.ThinkGeoMap.Markers.LegacyLinkMarker.LegacyLinkMarkerTests" name="SupportsDoubleClick_ShouldBeFalse_WhenInteractionStateIsNotNormalAndNotInSetupMode" />
    </UnitTest>
    <UnitTest name="TestForAssemblyCoverage" storage="d:\actions-runner\_work\xpco\xpco\allsolutions\..\sc\components\remoteviewer\smartclient\tst\zsmartclient_unittest\bin\x64\debug\net6.0-windows\zsmartclient_unittest.dll" id="001c0c93-73e4-b3d7-1e2b-249f259f59d0">
      <Execution id="5aa6e89a-c15a-47e9-9c32-35381ada6d9e" />
      <TestMethod codeBase="D:\actions-runner\_work\XPCO\XPCO\AllSolutions\..\SC\Components\RemoteViewer\SmartClient\tst\zSmartClient_UnitTest\bin\x64\Debug\net6.0-windows\zSmartClient_UnitTest.dll" adapterTypeName="executor://mstestadapter/v2" className="SmartClient_UnitTest.VideoOS.RemoteClient.Plugin.JoystickSupport.UnitTest1" name="TestForAssemblyCoverage" />
    </UnitTest>
    <UnitTest name="Initialize_ShouldSelectTheFirstCameraWithRegionSelected_WhenInitializedWithFilterValueThatHasRegionSelected" storage="d:\actions-runner\_work\xpco\xpco\allsolutions\..\sc\components\remoteviewer\smartclient\tst\zsmartclient_unittest\bin\x64\debug\net6.0-windows\zsmartclient_unittest.dll" id="bfa2e036-0b0c-2621-93e6-fae23f6d7c6d">
      <TestCategory>
        <TestCategoryItem TestCategory="Search.Filters.ViewModels" />
      </TestCategory>
      <Execution id="468d04da-e1fa-46ea-8f7c-30b673ed3b89" />
      <TestMethod codeBase="D:\actions-runner\_work\XPCO\XPCO\AllSolutions\..\SC\Components\RemoteViewer\SmartClient\tst\zSmartClient_UnitTest\bin\x64\Debug\net6.0-windows\zSmartClient_UnitTest.dll" adapterTypeName="executor://mstestadapter/v2" className="SmartClient_UnitTest.VideoOS.RemoteClient.Plugin.CentralizedSearch.MIPPlugin.Criteria.ViewModels.RegionSelectionAttributeEditControlViewModelTests" name="Initialize_ShouldSelectTheFirstCameraWithRegionSelected_WhenInitializedWithFilterValueThatHasRegionSelected" />
    </UnitTest>
    <UnitTest name="SearchAction_BrowseMode_30MinutesInTheFuture" storage="d:\actions-runner\_work\xpco\xpco\allsolutions\..\sc\components\remoteviewer\smartclient\tst\zsmartclient_unittest\bin\x64\debug\net6.0-windows\zsmartclient_unittest.dll" id="65a9b794-921a-eae9-026a-f733825b3d4a">
      <TestCategory>
        <TestCategoryItem TestCategory="WorkspaceToolbar" />
      </TestCategory>
      <Execution id="3977cd6f-309b-4e5c-a487-2bd6e6aa593b" />
      <TestMethod codeBase="D:\actions-runner\_work\XPCO\XPCO\AllSolutions\..\SC\Components\RemoteViewer\SmartClient\tst\zSmartClient_UnitTest\bin\x64\Debug\net6.0-windows\zSmartClient_UnitTest.dll" adapterTypeName="executor://mstestadapter/v2" className="SmartClient_UnitTest.VideoOS.RemoteClient.Application.Data.WorkspaceToolbar.WorkspaceToolbarItemSmartSearchTests" name="SearchAction_BrowseMode_30MinutesInTheFuture" />
    </UnitTest>
    <UnitTest name="TestProperties_Name_Success" storage="d:\actions-runner\_work\xpco\xpco\allsolutions\..\sc\components\remoteviewer\smartclient\tst\zsmartclient_unittest\bin\x64\debug\net6.0-windows\zsmartclient_unittest.dll" id="67ee2264-2350-9541-5091-2e559be75dbe">
      <TestCategory>
        <TestCategoryItem TestCategory="GisMapBuilding" />
      </TestCategory>
      <Execution id="d1243c8e-7b9b-4c34-95b9-acf997e21d3c" />
      <TestMethod codeBase="D:\actions-runner\_work\XPCO\XPCO\AllSolutions\..\SC\Components\RemoteViewer\SmartClient\tst\zSmartClient_UnitTest\bin\x64\Debug\net6.0-windows\zSmartClient_UnitTest.dll" adapterTypeName="executor://mstestadapter/v2" className="SmartClient_UnitTest.VideoOS.RemoteClient.GisMapData.MapBuildings.MapLevelTests" name="TestProperties_Name_Success" />
    </UnitTest>
    <UnitTest name="PtzInfoViewModel_PtzCotrolledByUserTest" storage="d:\actions-runner\_work\xpco\xpco\allsolutions\..\sc\components\remoteviewer\smartclient\tst\zsmartclient_unittest\bin\x64\debug\net6.0-windows\zsmartclient_unittest.dll" id="6bcb61d5-27f5-0fda-d895-8ea5b1245aab">
      <Execution id="932ebeba-5013-4214-869e-658b9b61377c" />
      <TestMethod codeBase="D:\actions-runner\_work\XPCO\XPCO\AllSolutions\..\SC\Components\RemoteViewer\SmartClient\tst\zSmartClient_UnitTest\bin\x64\Debug\net6.0-windows\zSmartClient_UnitTest.dll" adapterTypeName="executor://mstestadapter/v2" className="SmartClient_UnitTest.VideoOS.RemoteClient.Plugin.Map.WPFObjects.PtzInfoViewModelUnitTest" name="PtzInfoViewModel_PtzCotrolledByUserTest" />
    </UnitTest>
    <UnitTest name="ToDenormalizedDirection_0_75" storage="d:\actions-runner\_work\xpco\xpco\allsolutions\..\sc\components\remoteviewer\smartclient\tst\zsmartclient_unittest\bin\x64\debug\net6.0-windows\zsmartclient_unittest.dll" id="84b3e980-bdbe-5014-755b-538d50035c46">
      <TestCategory>
        <TestCategoryItem TestCategory="GisMap" />
      </TestCategory>
      <Execution id="a7938b7a-19f6-4c20-9805-0f6854fdb206" />
      <TestMethod codeBase="D:\actions-runner\_work\XPCO\XPCO\AllSolutions\..\SC\Components\RemoteViewer\SmartClient\tst\zSmartClient_UnitTest\bin\x64\Debug\net6.0-windows\zSmartClient_UnitTest.dll" adapterTypeName="executor://mstestadapter/v2" className="SmartClient_UnitTest.VideoOS.RemoteClient.GisMap.Utilities.GisUtilityTests" name="ToDenormalizedDirection_0_75" />
    </UnitTest>
    <UnitTest name="StartSelection_ShouldNotClearAnyExistingSelections_WhenCtrlKeyIsPressed" storage="d:\actions-runner\_work\xpco\xpco\allsolutions\..\sc\components\remoteviewer\smartclient\tst\zsmartclient_unittest\bin\x64\debug\net6.0-windows\zsmartclient_unittest.dll" id="01eab79c-bc50-d06f-cdd9-f0cb405d3b66">
      <TestCategory>
        <TestCategoryItem TestCategory="SmartMap.SelectionHelper" />
      </TestCategory>
      <Execution id="fc203c2b-4120-4260-a962-0137ee9f51ba" />
      <TestMethod codeBase="D:\actions-runner\_work\XPCO\XPCO\AllSolutions\..\SC\Components\RemoteViewer\SmartClient\tst\zSmartClient_UnitTest\bin\x64\Debug\net6.0-windows\zSmartClient_UnitTest.dll" adapterTypeName="executor://mstestadapter/v2" className="SmartClient_UnitTest.VideoOS.RemoteClient.Plugin.GisMap.ThinkGeoMap.SpecializedOverlays.Overlays.SelectionHelperTests" name="StartSelection_ShouldNotClearAnyExistingSelections_WhenCtrlKeyIsPressed" />
    </UnitTest>
    <UnitTest name="Constructor_ShouldRaiseArgumentNullException_WhenDeviceIdsIsNull" storage="d:\actions-runner\_work\xpco\xpco\allsolutions\..\sc\components\remoteviewer\smartclient\tst\zsmartclient_unittest\bin\x64\debug\net6.0-windows\zsmartclient_unittest.dll" id="6480e990-929e-4f74-6838-96e2b97d0c00">
      <TestCategory>
        <TestCategoryItem TestCategory="GisMapData.Common.EventsArgs" />
      </TestCategory>
      <Execution id="9bd278ad-81db-473d-ae56-9fecd02fc797" />
      <TestMethod codeBase="D:\actions-runner\_work\XPCO\XPCO\AllSolutions\..\SC\Components\RemoteViewer\SmartClient\tst\zSmartClient_UnitTest\bin\x64\Debug\net6.0-windows\zSmartClient_UnitTest.dll" adapterTypeName="executor://mstestadapter/v2" className="SmartClient_UnitTest.VideoOS.RemoteClient.GisMapData.Common.EventsArgs.UpdateMicrophonesEventArgsTests" name="Constructor_ShouldRaiseArgumentNullException_WhenDeviceIdsIsNull" />
    </UnitTest>
    <UnitTest name="ZoomOut_MapSet_MapZoomOutInvoked" storage="d:\actions-runner\_work\xpco\xpco\allsolutions\..\sc\components\remoteviewer\smartclient\tst\zsmartclient_unittest\bin\x64\debug\net6.0-windows\zsmartclient_unittest.dll" id="a7b3a0a1-b567-86d1-d16a-ead40656c5fa">
      <Execution id="cdbdb101-95c2-4f0d-a09d-98aabc4c4759" />
      <TestMethod codeBase="D:\actions-runner\_work\XPCO\XPCO\AllSolutions\..\SC\Components\RemoteViewer\SmartClient\tst\zSmartClient_UnitTest\bin\x64\Debug\net6.0-windows\zSmartClient_UnitTest.dll" adapterTypeName="executor://mstestadapter/v2" className="SmartClient_UnitTest.VideoOS.RemoteClient.Plugin.GisMap.ThinkGeoMap.DefaultZoomHandlerTests" name="ZoomOut_MapSet_MapZoomOutInvoked" />
    </UnitTest>
    <UnitTest name="CameraMapItem_ForceActivateAsync_InBuilding_UseLastLevel_Success" storage="d:\actions-runner\_work\xpco\xpco\allsolutions\..\sc\components\remoteviewer\smartclient\tst\zsmartclient_unittest\bin\x64\debug\net6.0-windows\zsmartclient_unittest.dll" id="84d62aca-a413-46a5-c8ba-3602e6cd8798">
      <TestCategory>
        <TestCategoryItem TestCategory="GisMapMapItem" />
      </TestCategory>
      <Execution id="edb069ba-3eec-4bad-b39a-5adacb079a33" />
      <TestMethod codeBase="D:\actions-runner\_work\XPCO\XPCO\AllSolutions\..\SC\Components\RemoteViewer\SmartClient\tst\zSmartClient_UnitTest\bin\x64\Debug\net6.0-windows\zSmartClient_UnitTest.dll" adapterTypeName="executor://mstestadapter/v2" className="SmartClient_UnitTest.VideoOS.RemoteClient.GisMap.MapItem.MapItemTests" name="CameraMapItem_ForceActivateAsync_InBuilding_UseLastLevel_Success" />
    </UnitTest>
    <UnitTest name="Constructor_ShouldThrowException_WhenReportViewerStateIsNull" storage="d:\actions-runner\_work\xpco\xpco\allsolutions\..\sc\components\remoteviewer\smartclient\tst\zsmartclient_unittest\bin\x64\debug\net6.0-windows\zsmartclient_unittest.dll" id="27433e55-5768-6c79-0b23-c4648c647a81">
      <TestCategory>
        <TestCategoryItem TestCategory="ReportingContentType" />
      </TestCategory>
      <Execution id="230f72d9-eab4-40b4-949c-582492e49271" />
      <TestMethod codeBase="D:\actions-runner\_work\XPCO\XPCO\AllSolutions\..\SC\Components\RemoteViewer\SmartClient\tst\zSmartClient_UnitTest\bin\x64\Debug\net6.0-windows\zSmartClient_UnitTest.dll" adapterTypeName="executor://mstestadapter/v2" className="SmartClient_UnitTest.VideoOS.RemoteClient.Application.Data.ContentTypes.ReportingContentType.ReportViewerViewModelTest" name="Constructor_ShouldThrowException_WhenReportViewerStateIsNull" />
    </UnitTest>
    <UnitTest name="Deserialize_NothingToDeserialize_Success" storage="d:\actions-runner\_work\xpco\xpco\allsolutions\..\sc\components\remoteviewer\smartclient\tst\zsmartclient_unittest\bin\x64\debug\net6.0-windows\zsmartclient_unittest.dll" id="962aa215-0703-be2d-ae49-5fe79d594412">
      <TestCategory>
        <TestCategoryItem TestCategory="SearchSerialization" />
      </TestCategory>
      <Execution id="cdac23c7-3ca3-443e-bfeb-cbc8a6983c61" />
      <TestMethod codeBase="D:\actions-runner\_work\XPCO\XPCO\AllSolutions\..\SC\Components\RemoteViewer\SmartClient\tst\zSmartClient_UnitTest\bin\x64\Debug\net6.0-windows\zSmartClient_UnitTest.dll" adapterTypeName="executor://mstestadapter/v2" className="SmartClient_UnitTest.VideoOS.RemoteClient.Plugin.CentralizedSearch.Models.Serialization.SearchSerializerTests" name="Deserialize_NothingToDeserialize_Success" />
    </UnitTest>
    <UnitTest name="TestGetAllTasksAsync" storage="d:\actions-runner\_work\xpco\xpco\allsolutions\..\sc\components\remoteviewer\smartclient\tst\zsmartclient_unittest\bin\x64\debug\net6.0-windows\zsmartclient_unittest.dll" id="19146f14-6143-cfb7-4c8f-467081c697c0">
      <Execution id="c8fa7811-5332-440f-9619-24eae5bc18d0" />
      <TestMethod codeBase="D:\actions-runner\_work\XPCO\XPCO\AllSolutions\..\SC\Components\RemoteViewer\SmartClient\tst\zSmartClient_UnitTest\bin\x64\Debug\net6.0-windows\zSmartClient_UnitTest.dll" adapterTypeName="executor://mstestadapter/v2" className="SmartClient_UnitTest.VideoOS.RemoteClient.Application.Managers.EdgeRetrievalTaskManagerUnitTest" name="TestGetAllTasksAsync" />
    </UnitTest>
    <UnitTest name="UpdateAction_SingleAcceptedAndSingleRejected_EnabledAndAddSuffixToToolTip" storage="d:\actions-runner\_work\xpco\xpco\allsolutions\..\sc\components\remoteviewer\smartclient\tst\zsmartclient_unittest\bin\x64\debug\net6.0-windows\zsmartclient_unittest.dll" id="da74414c-6059-a1d1-7697-c9f6a432ab01">
      <TestCategory>
        <TestCategoryItem TestCategory="SearchResultsAction" />
      </TestCategory>
      <Execution id="b943fcf6-1d85-4a3e-84cc-9dcff43f2c58" />
      <TestMethod codeBase="D:\actions-runner\_work\XPCO\XPCO\AllSolutions\..\SC\Components\RemoteViewer\SmartClient\tst\zSmartClient_UnitTest\bin\x64\Debug\net6.0-windows\zSmartClient_UnitTest.dll" adapterTypeName="executor://mstestadapter/v2" className="SmartClient_UnitTest.VideoOS.RemoteClient.Plugin.CentralizedSearch.ViewModels.SearchResultsActionViewModelTests" name="UpdateAction_SingleAcceptedAndSingleRejected_EnabledAndAddSuffixToToolTip" />
    </UnitTest>
    <UnitTest name="HandleGetLayerFeatures_ShouldReturnMicrophoneLayerFeatures_WhenMicrophoneKind" storage="d:\actions-runner\_work\xpco\xpco\allsolutions\..\sc\components\remoteviewer\smartclient\tst\zsmartclient_unittest\bin\x64\debug\net6.0-windows\zsmartclient_unittest.dll" id="57630e13-6376-5ac4-f876-8b3113252cf4">
      <TestCategory>
        <TestCategoryItem TestCategory="GisMapData.Handlers.LayerFeatures" />
      </TestCategory>
      <Execution id="72c7e69f-50b4-4d0f-bb33-324c6201a459" />
      <TestMethod codeBase="D:\actions-runner\_work\XPCO\XPCO\AllSolutions\..\SC\Components\RemoteViewer\SmartClient\tst\zSmartClient_UnitTest\bin\x64\Debug\net6.0-windows\zSmartClient_UnitTest.dll" adapterTypeName="executor://mstestadapter/v2" className="SmartClient_UnitTest.VideoOS.RemoteClient.GisMapData.Handlers.LayerFeatures.MicrophoneLayerFeaturesHandlerTests" name="HandleGetLayerFeatures_ShouldReturnMicrophoneLayerFeatures_WhenMicrophoneKind" />
    </UnitTest>
    <UnitTest name="TestKeepInMemory_Success" storage="d:\actions-runner\_work\xpco\xpco\allsolutions\..\sc\components\remoteviewer\smartclient\tst\zsmartclient_unittest\bin\x64\debug\net6.0-windows\zsmartclient_unittest.dll" id="8ffeda3d-e799-7be5-92e9-cd0ffd88ed12">
      <Execution id="d864a3b6-23f5-4650-bcfd-16450497d21d" />
      <TestMethod codeBase="D:\actions-runner\_work\XPCO\XPCO\AllSolutions\..\SC\Components\RemoteViewer\SmartClient\tst\zSmartClient_UnitTest\bin\x64\Debug\net6.0-windows\zSmartClient_UnitTest.dll" adapterTypeName="executor://mstestadapter/v2" className="SmartClient_UnitTest.VideoOS.RemoteClient.Application.Controllers.WorkSpace.WorkSpaceItemTest" name="TestKeepInMemory_Success" />
    </UnitTest>
    <UnitTest name="ScrollIntoView_Sync_DefinitionViewInViewPort_NotScrolled" storage="d:\actions-runner\_work\xpco\xpco\allsolutions\..\sc\components\remoteviewer\smartclient\tst\zsmartclient_unittest\bin\x64\debug\net6.0-windows\zsmartclient_unittest.dll" id="633b1573-6042-ec26-9f10-dd2e2dcea040">
      <TestCategory>
        <TestCategoryItem TestCategory="Search" />
      </TestCategory>
      <Execution id="6886b33b-0459-4f2c-ac1d-1f42b37ee53b" />
      <TestMethod codeBase="D:\actions-runner\_work\XPCO\XPCO\AllSolutions\..\SC\Components\RemoteViewer\SmartClient\tst\zSmartClient_UnitTest\bin\x64\Debug\net6.0-windows\zSmartClient_UnitTest.dll" adapterTypeName="executor://mstestadapter/v2" className="SmartClient_UnitTest.VideoOS.RemoteClient.Plugin.CentralizedSearch.Views.CriteriaViewTests" name="ScrollIntoView_Sync_DefinitionViewInViewPort_NotScrolled" />
    </UnitTest>
    <UnitTest name="SelectTemplate_NullViewModelSearchAttribute_Throws" storage="d:\actions-runner\_work\xpco\xpco\allsolutions\..\sc\components\remoteviewer\smartclient\tst\zsmartclient_unittest\bin\x64\debug\net6.0-windows\zsmartclient_unittest.dll" id="d8b647c6-ef54-f676-621e-8f04d1dc548d">
      <TestCategory>
        <TestCategoryItem TestCategory="SearchViews" />
      </TestCategory>
      <Execution id="d42605ea-0d95-49da-884f-be51fb622d2e" />
      <TestMethod codeBase="D:\actions-runner\_work\XPCO\XPCO\AllSolutions\..\SC\Components\RemoteViewer\SmartClient\tst\zSmartClient_UnitTest\bin\x64\Debug\net6.0-windows\zSmartClient_UnitTest.dll" adapterTypeName="executor://mstestadapter/v2" className="SmartClient_UnitTest.VideoOS.RemoteClient.Plugin.CentralizedSearch.Views.AttributeEditControlTemplateSelectorTests" name="SelectTemplate_NullViewModelSearchAttribute_Throws" />
    </UnitTest>
    <UnitTest name="SmartSearchStatusType_ShouldYieldSameValuesForAllEnumValues_WhenRoundTripConverted (SearchEndTimeReached,SearchEndTimeReached)" storage="d:\actions-runner\_work\xpco\xpco\allsolutions\..\sc\components\remoteviewer\smartclient\tst\zsmartclient_unittest\bin\x64\debug\net6.0-windows\zsmartclient_unittest.dll" id="454652c1-c285-915f-adae-d89d6726087e">
      <TestCategory>
        <TestCategoryItem TestCategory="RecorderProxyToDtoMapping" />
      </TestCategory>
      <Execution id="455f0c7d-50c1-4272-ad24-93878e48cb03" />
      <TestMethod codeBase="D:\actions-runner\_work\XPCO\XPCO\AllSolutions\..\SC\Components\RemoteViewer\SmartClient\tst\zSmartClient_UnitTest\bin\x64\Debug\net6.0-windows\zSmartClient_UnitTest.dll" adapterTypeName="executor://mstestadapter/v2" className="VideoOS.Shared.ServerAPI.SOAP.RecorderClientMappingTests" name="SmartSearchStatusType_ShouldYieldSameValuesForAllEnumValues_WhenRoundTripConverted" />
    </UnitTest>
    <UnitTest name="SmartSearchStatusDto_ShouldYieldSameValues_WhenRoundTripConverted" storage="d:\actions-runner\_work\xpco\xpco\allsolutions\..\sc\components\remoteviewer\smartclient\tst\zsmartclient_unittest\bin\x64\debug\net6.0-windows\zsmartclient_unittest.dll" id="eccb1112-d77c-887e-87bf-b7f65298e1a6">
      <TestCategory>
        <TestCategoryItem TestCategory="RecorderProxyToDtoMapping" />
      </TestCategory>
      <Execution id="d9192189-e1d6-4de3-a880-cdaf3019f7ea" />
      <TestMethod codeBase="D:\actions-runner\_work\XPCO\XPCO\AllSolutions\..\SC\Components\RemoteViewer\SmartClient\tst\zSmartClient_UnitTest\bin\x64\Debug\net6.0-windows\zSmartClient_UnitTest.dll" adapterTypeName="executor://mstestadapter/v2" className="VideoOS.Shared.ServerAPI.SOAP.RecorderClientMappingTests" name="SmartSearchStatusDto_ShouldYieldSameValues_WhenRoundTripConverted" />
    </UnitTest>
    <UnitTest name="OnSearchResultsSelectionChangedByUser_ShouldUpdateSelectedResults_WhenSelectionChangedByUser" storage="d:\actions-runner\_work\xpco\xpco\allsolutions\..\sc\components\remoteviewer\smartclient\tst\zsmartclient_unittest\bin\x64\debug\net6.0-windows\zsmartclient_unittest.dll" id="4d525835-86fa-0619-e484-37026867a280">
      <TestCategory>
        <TestCategoryItem TestCategory="SearchViewModels" />
      </TestCategory>
      <Execution id="90c130a2-d44f-47d2-837d-ad85e6a98178" />
      <TestMethod codeBase="D:\actions-runner\_work\XPCO\XPCO\AllSolutions\..\SC\Components\RemoteViewer\SmartClient\tst\zSmartClient_UnitTest\bin\x64\Debug\net6.0-windows\zSmartClient_UnitTest.dll" adapterTypeName="executor://mstestadapter/v2" className="SmartClient_UnitTest.VideoOS.RemoteClient.Plugin.CentralizedSearch.ViewModels.SearchViewModelTests" name="OnSearchResultsSelectionChangedByUser_ShouldUpdateSelectedResults_WhenSelectionChangedByUser" />
    </UnitTest>
    <UnitTest name="Deserialize_ShouldReportInvalidCombineType_WhenCombineTypeValueIsNotInEnumeration" storage="d:\actions-runner\_work\xpco\xpco\allsolutions\..\sc\components\remoteviewer\smartclient\tst\zsmartclient_unittest\bin\x64\debug\net6.0-windows\zsmartclient_unittest.dll" id="a90fcb60-5904-342b-4fdf-2acce1eecc2f">
      <TestCategory>
        <TestCategoryItem TestCategory="SearchSerialization" />
      </TestCategory>
      <Execution id="c4dbf283-aa7b-4790-8210-f8ee146ca4c9" />
      <TestMethod codeBase="D:\actions-runner\_work\XPCO\XPCO\AllSolutions\..\SC\Components\RemoteViewer\SmartClient\tst\zSmartClient_UnitTest\bin\x64\Debug\net6.0-windows\zSmartClient_UnitTest.dll" adapterTypeName="executor://mstestadapter/v2" className="SmartClient_UnitTest.VideoOS.RemoteClient.Plugin.CentralizedSearch.Models.Serialization.SearchSerializerTests" name="Deserialize_ShouldReportInvalidCombineType_WhenCombineTypeValueIsNotInEnumeration" />
    </UnitTest>
    <UnitTest name="IsDisabled_ShouldBeTrue_WhenIsDetachedControllerManager" storage="d:\actions-runner\_work\xpco\xpco\allsolutions\..\sc\components\remoteviewer\smartclient\tst\zsmartclient_unittest\bin\x64\debug\net6.0-windows\zsmartclient_unittest.dll" id="0d4811ec-9931-fb19-edc0-7bcc796825fb">
      <TestCategory>
        <TestCategoryItem TestCategory="GisMapData.MapItem.Outputs" />
      </TestCategory>
      <Execution id="6bc79ec7-2cc5-47a6-a62c-46ded95b214e" />
      <TestMethod codeBase="D:\actions-runner\_work\XPCO\XPCO\AllSolutions\..\SC\Components\RemoteViewer\SmartClient\tst\zSmartClient_UnitTest\bin\x64\Debug\net6.0-windows\zSmartClient_UnitTest.dll" adapterTypeName="executor://mstestadapter/v2" className="SmartClient_UnitTest.VideoOS.RemoteClient.GisMapData.MapItem.Outputs.OutputMapItemTests" name="IsDisabled_ShouldBeTrue_WhenIsDetachedControllerManager" />
    </UnitTest>
    <UnitTest name="VideoResultSearchResult_PropertiesWhenCombinedResultSameCategoryName_CollectedAndDisplayed" storage="d:\actions-runner\_work\xpco\xpco\allsolutions\..\sc\components\remoteviewer\smartclient\tst\zsmartclient_unittest\bin\x64\debug\net6.0-windows\zsmartclient_unittest.dll" id="872d533c-7618-1f1f-1814-b113065309ba">
      <TestCategory>
        <TestCategoryItem TestCategory="SearchControls" />
      </TestCategory>
      <Execution id="b474c5c4-9434-4dcb-87b5-d03b723b89e3" />
      <TestMethod codeBase="D:\actions-runner\_work\XPCO\XPCO\AllSolutions\..\SC\Components\RemoteViewer\SmartClient\tst\zSmartClient_UnitTest\bin\x64\Debug\net6.0-windows\zSmartClient_UnitTest.dll" adapterTypeName="executor://mstestadapter/v2" className="SmartClient_UnitTest.VideoOS.RemoteClient.Plugin.CentralizedSearch.Views.Controls.SearchResultDetailsControlTests" name="VideoResultSearchResult_PropertiesWhenCombinedResultSameCategoryName_CollectedAndDisplayed" />
    </UnitTest>
    <UnitTest name="GetDomainAndUserName_ShouldReturnOnlyUserNamePartOfNetworkCredentials_WhenNetworkCredentialsContainsNoDomain" storage="d:\actions-runner\_work\xpco\xpco\allsolutions\..\sc\components\remoteviewer\smartclient\tst\zsmartclient_unittest\bin\x64\debug\net6.0-windows\zsmartclient_unittest.dll" id="e5baebdf-dd33-61d2-8622-e7904797fee0">
      <TestCategory>
        <TestCategoryItem TestCategory="Authentication.ClientCredentials" />
      </TestCategory>
      <Execution id="eb03b48b-c249-41e5-8efa-503ae47e7bf8" />
      <TestMethod codeBase="D:\actions-runner\_work\XPCO\XPCO\AllSolutions\..\SC\Components\RemoteViewer\SmartClient\tst\zSmartClient_UnitTest\bin\x64\Debug\net6.0-windows\zSmartClient_UnitTest.dll" adapterTypeName="executor://mstestadapter/v2" className="SmartClient_UnitTest.VideoOS.Shared.ServerAPI.ClientCredentialsTest" name="GetDomainAndUserName_ShouldReturnOnlyUserNamePartOfNetworkCredentials_WhenNetworkCredentialsContainsNoDomain" />
    </UnitTest>
    <UnitTest name="Ctor_OneBuiltInGroupDefined_OneCompositeAgentAddedAndOneStandardAgentAdded" storage="d:\actions-runner\_work\xpco\xpco\allsolutions\..\sc\components\remoteviewer\smartclient\tst\zsmartclient_unittest\bin\x64\debug\net6.0-windows\zsmartclient_unittest.dll" id="6fee5694-49d5-a68c-4692-637882795255">
      <TestCategory>
        <TestCategoryItem TestCategory="ScSearchManager" />
      </TestCategory>
      <Execution id="6c0a4fdd-158e-44db-a98e-95ba5f409ab4" />
      <TestMethod codeBase="D:\actions-runner\_work\XPCO\XPCO\AllSolutions\..\SC\Components\RemoteViewer\SmartClient\tst\zSmartClient_UnitTest\bin\x64\Debug\net6.0-windows\zSmartClient_UnitTest.dll" adapterTypeName="executor://mstestadapter/v2" className="SmartClient_UnitTest.VideoOS.RemoteClient.Plugin.CentralizedSearch.MIPPlugin.ScSearchManagerTests" name="Ctor_OneBuiltInGroupDefined_OneCompositeAgentAddedAndOneStandardAgentAdded" />
    </UnitTest>
    <UnitTest name="Dispose_ShouldDisposeDeviceSelectorWindowViewModel_WhenDisposingInstance" storage="d:\actions-runner\_work\xpco\xpco\allsolutions\..\sc\components\remoteviewer\smartclient\tst\zsmartclient_unittest\bin\x64\debug\net6.0-windows\zsmartclient_unittest.dll" id="3a37d654-c030-a07d-9c40-73fc97223ffe">
      <TestCategory>
        <TestCategoryItem TestCategory="GisMap.GisMapViewModel" />
      </TestCategory>
      <Execution id="62f7afbc-c2a6-479c-8bf6-1f39ef6f47d8" />
      <TestMethod codeBase="D:\actions-runner\_work\XPCO\XPCO\AllSolutions\..\SC\Components\RemoteViewer\SmartClient\tst\zSmartClient_UnitTest\bin\x64\Debug\net6.0-windows\zSmartClient_UnitTest.dll" adapterTypeName="executor://mstestadapter/v2" className="SmartClient_UnitTest.VideoOS.RemoteClient.Plugin.GisMap.ViewModels.GisMapViewModelTests" name="Dispose_ShouldDisposeDeviceSelectorWindowViewModel_WhenDisposingInstance" />
    </UnitTest>
    <UnitTest name="Passwords are the same" storage="d:\actions-runner\_work\xpco\xpco\allsolutions\..\sc\components\remoteviewer\smartclient\tst\zsmartclient_unittest\bin\x64\debug\net6.0-windows\zsmartclient_unittest.dll" id="e34756db-13d7-7720-a8fd-b5442759c6e4">
      <TestCategory>
        <TestCategoryItem TestCategory="Export" />
      </TestCategory>
      <Execution id="519e8666-fa67-4958-af38-b0a9c79ad04e" />
      <TestMethod codeBase="D:\actions-runner\_work\XPCO\XPCO\AllSolutions\..\SC\Components\RemoteViewer\SmartClient\tst\zSmartClient_UnitTest\bin\x64\Debug\net6.0-windows\zSmartClient_UnitTest.dll" adapterTypeName="executor://mstestadapter/v2" className="SmartClient_UnitTest.VideoOS.RemoteClient.Plugin.Export.PasswordDialogViewModelTests" name="SettingPassword1AndPassword2_ShouldSetIsPassword2Valid" />
    </UnitTest>
    <UnitTest name="Constructor_ShouldRaiseArgumentNullException_WhenLayersIsNull" storage="d:\actions-runner\_work\xpco\xpco\allsolutions\..\sc\components\remoteviewer\smartclient\tst\zsmartclient_unittest\bin\x64\debug\net6.0-windows\zsmartclient_unittest.dll" id="7a16e0cb-4e01-7898-4d17-e4adaaac865e">
      <TestCategory>
        <TestCategoryItem TestCategory="GisMapData.Handlers.LayerFeatures" />
      </TestCategory>
      <Execution id="aab7349d-e80d-4468-995c-b26001906406" />
      <TestMethod codeBase="D:\actions-runner\_work\XPCO\XPCO\AllSolutions\..\SC\Components\RemoteViewer\SmartClient\tst\zSmartClient_UnitTest\bin\x64\Debug\net6.0-windows\zSmartClient_UnitTest.dll" adapterTypeName="executor://mstestadapter/v2" className="SmartClient_UnitTest.VideoOS.RemoteClient.GisMapData.Handlers.LayerFeatures.OutputLayerFeaturesHandlerTests" name="Constructor_ShouldRaiseArgumentNullException_WhenLayersIsNull" />
    </UnitTest>
    <UnitTest name="MapLayer_LoadSave_DataIsSame" storage="d:\actions-runner\_work\xpco\xpco\allsolutions\..\sc\components\remoteviewer\smartclient\tst\zsmartclient_unittest\bin\x64\debug\net6.0-windows\zsmartclient_unittest.dll" id="903924a4-7ced-4d98-9edf-15f9a7cfa0d7">
      <TestCategory>
        <TestCategoryItem TestCategory="GisMapLayer" />
      </TestCategory>
      <Execution id="6981c393-dd1c-4e50-b101-50bcea10f2ac" />
      <TestMethod codeBase="D:\actions-runner\_work\XPCO\XPCO\AllSolutions\..\SC\Components\RemoteViewer\SmartClient\tst\zSmartClient_UnitTest\bin\x64\Debug\net6.0-windows\zSmartClient_UnitTest.dll" adapterTypeName="executor://mstestadapter/v2" className="SmartClient_UnitTest.VideoOS.RemoteClient.GisMap.MapLayers.GisMapLayerTests" name="MapLayer_LoadSave_DataIsSame" />
    </UnitTest>
    <UnitTest name="AssignPanTiltValue_WhenValueJustBelowDeadzone_ShouldReturnJustBelowCenterValue" storage="d:\actions-runner\_work\xpco\xpco\allsolutions\..\sc\components\remoteviewer\smartclient\tst\zsmartclient_unittest\bin\x64\debug\net6.0-windows\zsmartclient_unittest.dll" id="39116a4a-80db-ce36-d47f-ad7c599fcdc1">
      <Execution id="b8360d06-9486-4122-ba4d-44274a6904d6" />
      <TestMethod codeBase="D:\actions-runner\_work\XPCO\XPCO\AllSolutions\..\SC\Components\RemoteViewer\SmartClient\tst\zSmartClient_UnitTest\bin\x64\Debug\net6.0-windows\zSmartClient_UnitTest.dll" adapterTypeName="executor://mstestadapter/v2" className="SmartClient_UnitTest.VideoOS.RemoteClient.Plugin.JoystickSupport.JoystickDeviceTests" name="AssignPanTiltValue_WhenValueJustBelowDeadzone_ShouldReturnJustBelowCenterValue" />
    </UnitTest>
    <UnitTest name="UpdateScope_ItemsChangedWithNullScopeDuration_ReturnsTrue" storage="d:\actions-runner\_work\xpco\xpco\allsolutions\..\sc\components\remoteviewer\smartclient\tst\zsmartclient_unittest\bin\x64\debug\net6.0-windows\zsmartclient_unittest.dll" id="cb87cf1a-c232-cb4e-8509-02ba48adec73">
      <TestCategory>
        <TestCategoryItem TestCategory="SearchModels" />
      </TestCategory>
      <Execution id="48f675c1-c432-451a-afc3-d08d5c45de80" />
      <TestMethod codeBase="D:\actions-runner\_work\XPCO\XPCO\AllSolutions\..\SC\Components\RemoteViewer\SmartClient\tst\zSmartClient_UnitTest\bin\x64\Debug\net6.0-windows\zSmartClient_UnitTest.dll" adapterTypeName="executor://mstestadapter/v2" className="SmartClient_UnitTest.VideoOS.RemoteClient.Plugin.CentralizedSearch.Models.SearchScopeTests" name="UpdateScope_ItemsChangedWithNullScopeDuration_ReturnsTrue" />
    </UnitTest>
    <UnitTest name="SelectTemplate_NullViewModel_Throws" storage="d:\actions-runner\_work\xpco\xpco\allsolutions\..\sc\components\remoteviewer\smartclient\tst\zsmartclient_unittest\bin\x64\debug\net6.0-windows\zsmartclient_unittest.dll" id="0b48726b-7d83-90f3-a7e6-6509817ad105">
      <TestCategory>
        <TestCategoryItem TestCategory="SearchViews" />
      </TestCategory>
      <Execution id="c5e898ea-a5da-477b-8d37-cf13dd5d20d0" />
      <TestMethod codeBase="D:\actions-runner\_work\XPCO\XPCO\AllSolutions\..\SC\Components\RemoteViewer\SmartClient\tst\zSmartClient_UnitTest\bin\x64\Debug\net6.0-windows\zSmartClient_UnitTest.dll" adapterTypeName="executor://mstestadapter/v2" className="SmartClient_UnitTest.VideoOS.RemoteClient.Plugin.CentralizedSearch.Views.AttributeEditControlTemplateSelectorTests" name="SelectTemplate_NullViewModel_Throws" />
    </UnitTest>
    <UnitTest name="BuildEvidenceCreatedProperties_ShouldReturnCorrectValues (some headline,,03:00:00,Weeks,1.22:00:00,3,True,False,03:00:00,Weeks,1.22:00:00,3)" storage="d:\actions-runner\_work\xpco\xpco\allsolutions\..\sc\components\remoteviewer\smartclient\tst\zsmartclient_unittest\bin\x64\debug\net6.0-windows\zsmartclient_unittest.dll" id="97f51352-286e-4e1f-35c9-41d9a4f5e756">
      <Execution id="9208a545-91a9-47f9-9826-275b067592e7" />
      <TestMethod codeBase="D:\actions-runner\_work\XPCO\XPCO\AllSolutions\..\SC\Components\RemoteViewer\SmartClient\tst\zSmartClient_UnitTest\bin\x64\Debug\net6.0-windows\zSmartClient_UnitTest.dll" adapterTypeName="executor://mstestadapter/v2" className="SmartClient_UnitTest.VideoOS.RemoteClient.Application.Common.Telemetry.TelemetryBuilderTests" name="BuildEvidenceCreatedProperties_ShouldReturnCorrectValues" />
    </UnitTest>
    <UnitTest name="Perform_ActionLongAfterFirst_Success" storage="d:\actions-runner\_work\xpco\xpco\allsolutions\..\sc\components\remoteviewer\smartclient\tst\zsmartclient_unittest\bin\x64\debug\net6.0-windows\zsmartclient_unittest.dll" id="1cf78aaf-7e14-43de-6645-da2adf43991c">
      <TestCategory>
        <TestCategoryItem TestCategory="UI.Facilitators" />
      </TestCategory>
      <Execution id="461c678d-a98f-42b5-b157-eb720bf6ff08" />
      <TestMethod codeBase="D:\actions-runner\_work\XPCO\XPCO\AllSolutions\..\SC\Components\RemoteViewer\SmartClient\tst\zSmartClient_UnitTest\bin\x64\Debug\net6.0-windows\zSmartClient_UnitTest.dll" adapterTypeName="executor://mstestadapter/v2" className="SmartClient_UnitTest.VideoOS.UI.Common.EventDrivenBufferWithDelayTests" name="Perform_ActionLongAfterFirst_Success" />
    </UnitTest>
    <UnitTest name="ToUnsafeName_DifferentSeperator_Success" storage="d:\actions-runner\_work\xpco\xpco\allsolutions\..\sc\components\remoteviewer\smartclient\tst\zsmartclient_unittest\bin\x64\debug\net6.0-windows\zsmartclient_unittest.dll" id="6bb54fbb-dfac-5d0a-56dc-de94512d7ee7">
      <Execution id="a7684024-0325-4cad-a4e4-6522694e6588" />
      <TestMethod codeBase="D:\actions-runner\_work\XPCO\XPCO\AllSolutions\..\SC\Components\RemoteViewer\SmartClient\tst\zSmartClient_UnitTest\bin\x64\Debug\net6.0-windows\zSmartClient_UnitTest.dll" adapterTypeName="executor://mstestadapter/v2" className="SmartClient_UnitTest.VideoOS.RemoteClient.Application.Common.Scripting.ReservedJavascriptKeywordsTests" name="ToUnsafeName_DifferentSeperator_Success" />
    </UnitTest>
    <UnitTest name="ScrollIntoView_Sync_DataContextChange_Scrolled" storage="d:\actions-runner\_work\xpco\xpco\allsolutions\..\sc\components\remoteviewer\smartclient\tst\zsmartclient_unittest\bin\x64\debug\net6.0-windows\zsmartclient_unittest.dll" id="e0d78dcd-5614-964a-05ab-ebe0da0d939b">
      <TestCategory>
        <TestCategoryItem TestCategory="Search" />
      </TestCategory>
      <Execution id="2dcdf4fe-4ceb-40a1-a887-72f22cc22ebb" />
      <TestMethod codeBase="D:\actions-runner\_work\XPCO\XPCO\AllSolutions\..\SC\Components\RemoteViewer\SmartClient\tst\zSmartClient_UnitTest\bin\x64\Debug\net6.0-windows\zSmartClient_UnitTest.dll" adapterTypeName="executor://mstestadapter/v2" className="SmartClient_UnitTest.VideoOS.RemoteClient.Plugin.CentralizedSearch.Views.CriteriaViewTests" name="ScrollIntoView_Sync_DataContextChange_Scrolled" />
    </UnitTest>
    <UnitTest name="NavigateAndSelectAsync_CameraKind_CallDelegatedToViewModel" storage="d:\actions-runner\_work\xpco\xpco\allsolutions\..\sc\components\remoteviewer\smartclient\tst\zsmartclient_unittest\bin\x64\debug\net6.0-windows\zsmartclient_unittest.dll" id="73f202f0-6b9c-f5c0-5b33-e4aa7777d3dd">
      <TestCategory>
        <TestCategoryItem TestCategory="GisMap.GisMapViewFacade" />
      </TestCategory>
      <Execution id="d6ee3098-8bba-47b4-97b8-0db3e4be7b97" />
      <TestMethod codeBase="D:\actions-runner\_work\XPCO\XPCO\AllSolutions\..\SC\Components\RemoteViewer\SmartClient\tst\zSmartClient_UnitTest\bin\x64\Debug\net6.0-windows\zSmartClient_UnitTest.dll" adapterTypeName="executor://mstestadapter/v2" className="SmartClient_UnitTest.VideoOS.RemoteClient.Plugin.GisMap.IoC.GisMapViewFacadeTests" name="NavigateAndSelectAsync_CameraKind_CallDelegatedToViewModel" />
    </UnitTest>
    <UnitTest name="PtzSessionControllerInfo_ReservedChangedTest_Argument_Null_1" storage="d:\actions-runner\_work\xpco\xpco\allsolutions\..\sc\components\remoteviewer\smartclient\tst\zsmartclient_unittest\bin\x64\debug\net6.0-windows\zsmartclient_unittest.dll" id="047ae752-4baa-4950-c45b-96826b207ed0">
      <Execution id="fc625773-9553-452b-9039-803ca047751d" />
      <TestMethod codeBase="D:\actions-runner\_work\XPCO\XPCO\AllSolutions\..\SC\Components\RemoteViewer\SmartClient\tst\zSmartClient_UnitTest\bin\x64\Debug\net6.0-windows\zSmartClient_UnitTest.dll" adapterTypeName="executor://mstestadapter/v2" className="VideoOS.RemoteClient.Application.Controllers.UnitTest.PtzSessionControllerTest" name="PtzSessionControllerInfo_ReservedChangedTest_Argument_Null_1" />
    </UnitTest>
    <UnitTest name="SearchResultsActionBarActions_Export_InvokeCommand_Success" storage="d:\actions-runner\_work\xpco\xpco\allsolutions\..\sc\components\remoteviewer\smartclient\tst\zsmartclient_unittest\bin\x64\debug\net6.0-windows\zsmartclient_unittest.dll" id="b1732416-dfe0-9e87-af0e-b787555e9f9f">
      <TestCategory>
        <TestCategoryItem TestCategory="SearchResultActionBarViewModel" />
      </TestCategory>
      <Execution id="9bcb7af4-8c53-4fd4-bc98-eb264b5d50e0" />
      <TestMethod codeBase="D:\actions-runner\_work\XPCO\XPCO\AllSolutions\..\SC\Components\RemoteViewer\SmartClient\tst\zSmartClient_UnitTest\bin\x64\Debug\net6.0-windows\zSmartClient_UnitTest.dll" adapterTypeName="executor://mstestadapter/v2" className="SmartClient_UnitTest.VideoOS.RemoteClient.Plugin.CentralizedSearch.ViewModels.SearchResultsActionBarViewModelTest" name="SearchResultsActionBarActions_Export_InvokeCommand_Success" />
    </UnitTest>
    <UnitTest name="GetIsOpenStreetMapValid_ShouldReturnFalse_WhenGeographicLayerIsUnavailableAndAlternativeServerIsEmpty" storage="d:\actions-runner\_work\xpco\xpco\allsolutions\..\sc\components\remoteviewer\smartclient\tst\zsmartclient_unittest\bin\x64\debug\net6.0-windows\zsmartclient_unittest.dll" id="fb9b6cec-ea3c-18e4-a458-d89d0dfaac9b">
      <TestCategory>
        <TestCategoryItem TestCategory="GisMapData.Controllers.Osm" />
      </TestCategory>
      <Execution id="59fb9b7b-cadb-40de-9732-664c19cb916e" />
      <TestMethod codeBase="D:\actions-runner\_work\XPCO\XPCO\AllSolutions\..\SC\Components\RemoteViewer\SmartClient\tst\zSmartClient_UnitTest\bin\x64\Debug\net6.0-windows\zSmartClient_UnitTest.dll" adapterTypeName="executor://mstestadapter/v2" className="SmartClient_UnitTest.VideoOS.RemoteClient.GisMapData.Controllers.Osm.GisMapOsmControllerTests" name="GetIsOpenStreetMapValid_ShouldReturnFalse_WhenGeographicLayerIsUnavailableAndAlternativeServerIsEmpty" />
    </UnitTest>
    <UnitTest name="TestUpdateState_SmartWallViewType" storage="d:\actions-runner\_work\xpco\xpco\allsolutions\..\sc\components\remoteviewer\smartclient\tst\zsmartclient_unittest\bin\x64\debug\net6.0-windows\zsmartclient_unittest.dll" id="bf66e757-0492-e485-8a4b-fc8c1a4bef3b">
      <TestCategory>
        <TestCategoryItem TestCategory="WorkspaceToolbar" />
      </TestCategory>
      <Execution id="9e1e266b-5b43-4c3e-9b64-231b1b824d92" />
      <TestMethod codeBase="D:\actions-runner\_work\XPCO\XPCO\AllSolutions\..\SC\Components\RemoteViewer\SmartClient\tst\zSmartClient_UnitTest\bin\x64\Debug\net6.0-windows\zSmartClient_UnitTest.dll" adapterTypeName="executor://mstestadapter/v2" className="SmartClient_UnitTest.VideoOS.RemoteClient.Application.Data.WorkspaceToolbar.WorkspaceToolbarItemSmartSearchTests" name="TestUpdateState_SmartWallViewType" />
    </UnitTest>
    <UnitTest name="MulticastInfoDto_ShouldYieldSameValues_WhenRoundTripConverted" storage="d:\actions-runner\_work\xpco\xpco\allsolutions\..\sc\components\remoteviewer\smartclient\tst\zsmartclient_unittest\bin\x64\debug\net6.0-windows\zsmartclient_unittest.dll" id="fcff554d-34c8-97ff-ebce-88a9ec7d660a">
      <TestCategory>
        <TestCategoryItem TestCategory="RecorderProxyToDtoMapping" />
      </TestCategory>
      <Execution id="e8051389-92b5-421b-be20-e279a523ae85" />
      <TestMethod codeBase="D:\actions-runner\_work\XPCO\XPCO\AllSolutions\..\SC\Components\RemoteViewer\SmartClient\tst\zSmartClient_UnitTest\bin\x64\Debug\net6.0-windows\zSmartClient_UnitTest.dll" adapterTypeName="executor://mstestadapter/v2" className="VideoOS.Shared.ServerAPI.SOAP.RecorderClientMappingTests" name="MulticastInfoDto_ShouldYieldSameValues_WhenRoundTripConverted" />
    </UnitTest>
    <UnitTest name="FocussedSearchResult_FocussedSearchResultIsKeptWhenShowPartialResultsChanges" storage="d:\actions-runner\_work\xpco\xpco\allsolutions\..\sc\components\remoteviewer\smartclient\tst\zsmartclient_unittest\bin\x64\debug\net6.0-windows\zsmartclient_unittest.dll" id="f482a2f5-ee23-f9e4-c2fa-729d4fc94abb">
      <TestCategory>
        <TestCategoryItem TestCategory="SearchViewModels" />
      </TestCategory>
      <Execution id="f3e57a18-14e7-47a6-b3a5-31d4209ccd83" />
      <TestMethod codeBase="D:\actions-runner\_work\XPCO\XPCO\AllSolutions\..\SC\Components\RemoteViewer\SmartClient\tst\zSmartClient_UnitTest\bin\x64\Debug\net6.0-windows\zSmartClient_UnitTest.dll" adapterTypeName="executor://mstestadapter/v2" className="SmartClient_UnitTest.VideoOS.RemoteClient.Plugin.CentralizedSearch.ViewModels.SearchViewModelTests" name="FocussedSearchResult_FocussedSearchResultIsKeptWhenShowPartialResultsChanges" />
    </UnitTest>
    <UnitTest name="SearchTemplatesEnabled_SaveSearchesServerOptionIsTrue_ReturnsTrue" storage="d:\actions-runner\_work\xpco\xpco\allsolutions\..\sc\components\remoteviewer\smartclient\tst\zsmartclient_unittest\bin\x64\debug\net6.0-windows\zsmartclient_unittest.dll" id="56ff3fa9-0890-e06e-62f8-d4c54f830dfc">
      <TestCategory>
        <TestCategoryItem TestCategory="SearchViewModels" />
      </TestCategory>
      <Execution id="e51b225e-1adf-41ab-b039-9afc71085c13" />
      <TestMethod codeBase="D:\actions-runner\_work\XPCO\XPCO\AllSolutions\..\SC\Components\RemoteViewer\SmartClient\tst\zSmartClient_UnitTest\bin\x64\Debug\net6.0-windows\zSmartClient_UnitTest.dll" adapterTypeName="executor://mstestadapter/v2" className="SmartClient_UnitTest.VideoOS.RemoteClient.Plugin.CentralizedSearch.ViewModels.SearchViewModelTests" name="SearchTemplatesEnabled_SaveSearchesServerOptionIsTrue_ReturnsTrue" />
    </UnitTest>
    <UnitTest name="UpdateItemState_Hidden_WrongServerProtocol" storage="d:\actions-runner\_work\xpco\xpco\allsolutions\..\sc\components\remoteviewer\smartclient\tst\zsmartclient_unittest\bin\x64\debug\net6.0-windows\zsmartclient_unittest.dll" id="abb67912-1d6f-1304-0ce6-d0a01fbfb2dc">
      <TestCategory>
        <TestCategoryItem TestCategory="ContentHolderToolbar" />
      </TestCategory>
      <Execution id="e591fb2e-e4ea-4329-8b78-cf78bcb0b523" />
      <TestMethod codeBase="D:\actions-runner\_work\XPCO\XPCO\AllSolutions\..\SC\Components\RemoteViewer\SmartClient\tst\zSmartClient_UnitTest\bin\x64\Debug\net6.0-windows\zSmartClient_UnitTest.dll" adapterTypeName="executor://mstestadapter/v2" className="SmartClient_UnitTest.VideoOS.RemoteClient.Application.Data.ContentHolderToolbar.ToolBarItemSearchTests" name="UpdateItemState_Hidden_WrongServerProtocol" />
    </UnitTest>
    <UnitTest name="SupportsDoubleClick_ShouldBeFalse_WhenInteractionStateIsNormalAndNotInSetupMode" storage="d:\actions-runner\_work\xpco\xpco\allsolutions\..\sc\components\remoteviewer\smartclient\tst\zsmartclient_unittest\bin\x64\debug\net6.0-windows\zsmartclient_unittest.dll" id="59476004-430a-3b34-3bb3-3229ecde9f89">
      <TestCategory>
        <TestCategoryItem TestCategory="GisMap.LegacyLinkMarker" />
      </TestCategory>
      <Execution id="1c93af1d-4b95-4240-b2f2-2769654940da" />
      <TestMethod codeBase="D:\actions-runner\_work\XPCO\XPCO\AllSolutions\..\SC\Components\RemoteViewer\SmartClient\tst\zSmartClient_UnitTest\bin\x64\Debug\net6.0-windows\zSmartClient_UnitTest.dll" adapterTypeName="executor://mstestadapter/v2" className="SmartClient_UnitTest.VideoOS.RemoteClient.Plugin.GisMap.ThinkGeoMap.Markers.LegacyLinkMarker.LegacyLinkMarkerTests" name="SupportsDoubleClick_ShouldBeFalse_WhenInteractionStateIsNormalAndNotInSetupMode" />
    </UnitTest>
    <UnitTest name="Initialize_ShouldAttachOptionChanged_WhenAllowOnlyFipsAlgorithmsIsFalse" storage="d:\actions-runner\_work\xpco\xpco\allsolutions\..\sc\components\remoteviewer\smartclient\tst\zsmartclient_unittest\bin\x64\debug\net6.0-windows\zsmartclient_unittest.dll" id="283f9f13-cb3e-1218-3fcd-08b263d8e990">
      <TestCategory>
        <TestCategoryItem TestCategory="AccessControl" />
      </TestCategory>
      <Execution id="2e24e1ce-6f73-4b61-a3a2-d5c4b6be5f28" />
      <TestMethod codeBase="D:\actions-runner\_work\XPCO\XPCO\AllSolutions\..\SC\Components\RemoteViewer\SmartClient\tst\zSmartClient_UnitTest\bin\x64\Debug\net6.0-windows\zSmartClient_UnitTest.dll" adapterTypeName="executor://mstestadapter/v2" className="SmartClient_UnitTest.VideoOS.RemoteClient.AccessControl.AccessControlManagerCoreTests" name="Initialize_ShouldAttachOptionChanged_WhenAllowOnlyFipsAlgorithmsIsFalse" />
    </UnitTest>
    <UnitTest name="GisMapModel_Save_Success" storage="d:\actions-runner\_work\xpco\xpco\allsolutions\..\sc\components\remoteviewer\smartclient\tst\zsmartclient_unittest\bin\x64\debug\net6.0-windows\zsmartclient_unittest.dll" id="e9266c48-cfc4-e144-1936-f643e910fdf5">
      <TestCategory>
        <TestCategoryItem TestCategory="GisMap" />
      </TestCategory>
      <Execution id="b417548b-a751-47b6-895b-3a073e83d109" />
      <TestMethod codeBase="D:\actions-runner\_work\XPCO\XPCO\AllSolutions\..\SC\Components\RemoteViewer\SmartClient\tst\zSmartClient_UnitTest\bin\x64\Debug\net6.0-windows\zSmartClient_UnitTest.dll" adapterTypeName="executor://mstestadapter/v2" className="SmartClient_UnitTest.VideoOS.RemoteClient.GisMapData.GisMapBasicTests" name="GisMapModel_Save_Success" />
    </UnitTest>
    <UnitTest name="UserHasEditPublicSearchPermission_HasEditPermission_ReturnsTrue" storage="d:\actions-runner\_work\xpco\xpco\allsolutions\..\sc\components\remoteviewer\smartclient\tst\zsmartclient_unittest\bin\x64\debug\net6.0-windows\zsmartclient_unittest.dll" id="299b8bc8-9ed0-5ee6-8aa2-46e5da15a4a2">
      <TestCategory>
        <TestCategoryItem TestCategory="SearchTemplates" />
      </TestCategory>
      <Execution id="857f9aa6-f42f-4274-9c2d-29ddee77ca33" />
      <TestMethod codeBase="D:\actions-runner\_work\XPCO\XPCO\AllSolutions\..\SC\Components\RemoteViewer\SmartClient\tst\zSmartClient_UnitTest\bin\x64\Debug\net6.0-windows\zSmartClient_UnitTest.dll" adapterTypeName="executor://mstestadapter/v2" className="SmartClient_UnitTest.VideoOS.RemoteClient.Plugin.CentralizedSearch.SearchTemplates.SearchTemplateManagerTests" name="UserHasEditPublicSearchPermission_HasEditPermission_ReturnsTrue" />
    </UnitTest>
    <UnitTest name="LoadBoundingShapes_RectangleShapeWithNegativeHeight_NotAddedToUI" storage="d:\actions-runner\_work\xpco\xpco\allsolutions\..\sc\components\remoteviewer\smartclient\tst\zsmartclient_unittest\bin\x64\debug\net6.0-windows\zsmartclient_unittest.dll" id="ece9c0c6-7f24-79de-902b-ae084a6701cb">
      <Execution id="e4e41b4e-c3f8-4ab0-8011-d8f369e5d947" />
      <TestMethod codeBase="D:\actions-runner\_work\XPCO\XPCO\AllSolutions\..\SC\Components\RemoteViewer\SmartClient\tst\zSmartClient_UnitTest\bin\x64\Debug\net6.0-windows\zSmartClient_UnitTest.dll" adapterTypeName="executor://mstestadapter/v2" className="SmartClient_UnitTest.VideoOS.RemoteClient.Plugin.CentralizedSearch.MIPPlugin.Results.VideoSearchResultUserControlTests" name="LoadBoundingShapes_RectangleShapeWithNegativeHeight_NotAddedToUI" />
    </UnitTest>
    <UnitTest name="SearchResultsActionBarActions_CreateSnapshot_OptionAvailable_Enabled" storage="d:\actions-runner\_work\xpco\xpco\allsolutions\..\sc\components\remoteviewer\smartclient\tst\zsmartclient_unittest\bin\x64\debug\net6.0-windows\zsmartclient_unittest.dll" id="c4b0d9bd-4b80-996e-41b7-0bd28fc67a52">
      <TestCategory>
        <TestCategoryItem TestCategory="SearchResultActionBarViewModel" />
      </TestCategory>
      <Execution id="882e6578-fd6b-4658-a70c-1558684e31ea" />
      <TestMethod codeBase="D:\actions-runner\_work\XPCO\XPCO\AllSolutions\..\SC\Components\RemoteViewer\SmartClient\tst\zSmartClient_UnitTest\bin\x64\Debug\net6.0-windows\zSmartClient_UnitTest.dll" adapterTypeName="executor://mstestadapter/v2" className="SmartClient_UnitTest.VideoOS.RemoteClient.Plugin.CentralizedSearch.ViewModels.SearchResultsActionBarViewModelTest" name="SearchResultsActionBarActions_CreateSnapshot_OptionAvailable_Enabled" />
    </UnitTest>
    <UnitTest name="PtzPresetsMenuViewModel_PtzReservedByCurrentUserTest" storage="d:\actions-runner\_work\xpco\xpco\allsolutions\..\sc\components\remoteviewer\smartclient\tst\zsmartclient_unittest\bin\x64\debug\net6.0-windows\zsmartclient_unittest.dll" id="eaeacd17-7709-0ad4-3782-3c779da7e956">
      <Execution id="b3240dcf-46e6-4172-89a2-04414ddfebd7" />
      <TestMethod codeBase="D:\actions-runner\_work\XPCO\XPCO\AllSolutions\..\SC\Components\RemoteViewer\SmartClient\tst\zSmartClient_UnitTest\bin\x64\Debug\net6.0-windows\zSmartClient_UnitTest.dll" adapterTypeName="executor://mstestadapter/v2" className="SmartClient_UnitTest.VideoOS.RemoteClient.Application.Data.ContentTypes.CameraContentType.PtzPresetsMenuViewModelTest" name="PtzPresetsMenuViewModel_PtzReservedByCurrentUserTest" />
    </UnitTest>
    <UnitTest name="OnMarkerSelected_ShouldAddMarkerToSelectionButNotStartInPlaceEditing_WhenExistingSelectionAndAddToSelectionIsTrue" storage="d:\actions-runner\_work\xpco\xpco\allsolutions\..\sc\components\remoteviewer\smartclient\tst\zsmartclient_unittest\bin\x64\debug\net6.0-windows\zsmartclient_unittest.dll" id="6681258b-ffc2-f0da-0c92-25b111f465fa">
      <TestCategory>
        <TestCategoryItem TestCategory="SmartMap.SelectionHelper" />
      </TestCategory>
      <Execution id="f94ceb51-687e-4ef8-87a1-7a15045be0d7" />
      <TestMethod codeBase="D:\actions-runner\_work\XPCO\XPCO\AllSolutions\..\SC\Components\RemoteViewer\SmartClient\tst\zSmartClient_UnitTest\bin\x64\Debug\net6.0-windows\zSmartClient_UnitTest.dll" adapterTypeName="executor://mstestadapter/v2" className="SmartClient_UnitTest.VideoOS.RemoteClient.Plugin.GisMap.ThinkGeoMap.SpecializedOverlays.Overlays.SelectionHelperTests" name="OnMarkerSelected_ShouldAddMarkerToSelectionButNotStartInPlaceEditing_WhenExistingSelectionAndAddToSelectionIsTrue" />
    </UnitTest>
    <UnitTest name="DetermineUserAllowsUnsecureConnection_WhereUserIsNotAskedAndUnsecureIsNotAllow_ShouldReturnFalse" storage="d:\actions-runner\_work\xpco\xpco\allsolutions\..\sc\components\remoteviewer\smartclient\tst\zsmartclient_unittest\bin\x64\debug\net6.0-windows\zsmartclient_unittest.dll" id="e9b6f05b-8b63-04bd-4d02-75ef2000b3a9">
      <Execution id="637ec2ae-bfb4-4a42-b79d-1a032e401546" />
      <TestMethod codeBase="D:\actions-runner\_work\XPCO\XPCO\AllSolutions\..\SC\Components\RemoteViewer\SmartClient\tst\zSmartClient_UnitTest\bin\x64\Debug\net6.0-windows\zSmartClient_UnitTest.dll" adapterTypeName="executor://mstestadapter/v2" className="VideoOS.RemoteClient.Application.Managers.UnitTest.AllowUnsecureConnectionManagerTests" name="DetermineUserAllowsUnsecureConnection_WhereUserIsNotAskedAndUnsecureIsNotAllow_ShouldReturnFalse" />
    </UnitTest>
    <UnitTest name="SearchAction_BrowseMode_30MinutesInTheFuture" storage="d:\actions-runner\_work\xpco\xpco\allsolutions\..\sc\components\remoteviewer\smartclient\tst\zsmartclient_unittest\bin\x64\debug\net6.0-windows\zsmartclient_unittest.dll" id="61320e3d-b3bf-23f6-1c7c-0aea9f2fda01">
      <TestCategory>
        <TestCategoryItem TestCategory="ContentHolderToolbar" />
      </TestCategory>
      <Execution id="a9454e64-2727-4c52-af17-14f18edc6ce4" />
      <TestMethod codeBase="D:\actions-runner\_work\XPCO\XPCO\AllSolutions\..\SC\Components\RemoteViewer\SmartClient\tst\zSmartClient_UnitTest\bin\x64\Debug\net6.0-windows\zSmartClient_UnitTest.dll" adapterTypeName="executor://mstestadapter/v2" className="SmartClient_UnitTest.VideoOS.RemoteClient.Application.Data.ContentHolderToolbar.ToolBarItemSearchTests" name="SearchAction_BrowseMode_30MinutesInTheFuture" />
    </UnitTest>
    <UnitTest name="DeviceIcons_ShouldNotBeNull_WhenCalled" storage="d:\actions-runner\_work\xpco\xpco\allsolutions\..\sc\components\remoteviewer\smartclient\tst\zsmartclient_unittest\bin\x64\debug\net6.0-windows\zsmartclient_unittest.dll" id="e087b5f0-3763-6f36-256a-40fa9b7a8fcb">
      <TestCategory>
        <TestCategoryItem TestCategory="GisMapData.CameraOemResourcesProviderTests" />
      </TestCategory>
      <Execution id="5048849a-ef0b-46ac-a567-eef17edae452" />
      <TestMethod codeBase="D:\actions-runner\_work\XPCO\XPCO\AllSolutions\..\SC\Components\RemoteViewer\SmartClient\tst\zSmartClient_UnitTest\bin\x64\Debug\net6.0-windows\zSmartClient_UnitTest.dll" adapterTypeName="executor://mstestadapter/v2" className="SmartClient_UnitTest.VideoOS.RemoteClient.GisMapData.Resources.CameraOemResourcesProviderTests" name="DeviceIcons_ShouldNotBeNull_WhenCalled" />
    </UnitTest>
    <UnitTest name="BuildMapOptions_ShouldHandleStringOptionsCorrectly (GisMapOpenStreetMapAlternativeServer,someText,True)" storage="d:\actions-runner\_work\xpco\xpco\allsolutions\..\sc\components\remoteviewer\smartclient\tst\zsmartclient_unittest\bin\x64\debug\net6.0-windows\zsmartclient_unittest.dll" id="529d26b0-b0f1-46a8-1a06-060aa004de23">
      <Execution id="68425f73-0b98-4574-bde3-3fb3f24c3b02" />
      <TestMethod codeBase="D:\actions-runner\_work\XPCO\XPCO\AllSolutions\..\SC\Components\RemoteViewer\SmartClient\tst\zSmartClient_UnitTest\bin\x64\Debug\net6.0-windows\zSmartClient_UnitTest.dll" adapterTypeName="executor://mstestadapter/v2" className="SmartClient_UnitTest.VideoOS.RemoteClient.Application.Common.Telemetry.TelemetryBuilderTests" name="BuildMapOptions_ShouldHandleStringOptionsCorrectly" />
    </UnitTest>
    <UnitTest name="SmartMapGetPositionRequestHandler_WhenDataIsNotSmartMapGetPositionRequestData_ShouldWriteToLog" storage="d:\actions-runner\_work\xpco\xpco\allsolutions\..\sc\components\remoteviewer\smartclient\tst\zsmartclient_unittest\bin\x64\debug\net6.0-windows\zsmartclient_unittest.dll" id="5fd77bc3-628f-79b5-9bc7-14dea7ab0867">
      <Execution id="565d0c64-cf47-4ab8-8969-56bb1b8c360d" />
      <TestMethod codeBase="D:\actions-runner\_work\XPCO\XPCO\AllSolutions\..\SC\Components\RemoteViewer\SmartClient\tst\zSmartClient_UnitTest\bin\x64\Debug\net6.0-windows\zSmartClient_UnitTest.dll" adapterTypeName="executor://mstestadapter/v2" className="SmartClient_UnitTest.VideoOS.RemoteClient.Plugin.GisMap.MIP.ContentHolderMipMessageManagerTests" name="SmartMapGetPositionRequestHandler_WhenDataIsNotSmartMapGetPositionRequestData_ShouldWriteToLog" />
    </UnitTest>
    <UnitTest name="GetFeatures_CameraMapItemsLayer_FeaturesCollected" storage="d:\actions-runner\_work\xpco\xpco\allsolutions\..\sc\components\remoteviewer\smartclient\tst\zsmartclient_unittest\bin\x64\debug\net6.0-windows\zsmartclient_unittest.dll" id="8c7cfc0f-91dd-5926-50e6-959c77c2ec34">
      <TestCategory>
        <TestCategoryItem TestCategory="GisMap" />
      </TestCategory>
      <Execution id="efba108c-63f7-4b77-b2a7-f2448a97e379" />
      <TestMethod codeBase="D:\actions-runner\_work\XPCO\XPCO\AllSolutions\..\SC\Components\RemoteViewer\SmartClient\tst\zSmartClient_UnitTest\bin\x64\Debug\net6.0-windows\zSmartClient_UnitTest.dll" adapterTypeName="executor://mstestadapter/v2" className="SmartClient_UnitTest.VideoOS.RemoteClient.GisMapData.GisMapBasicTests" name="GetFeatures_CameraMapItemsLayer_FeaturesCollected" />
    </UnitTest>
    <UnitTest name="AssignPanTiltValue_WhenValueIsOutsideDeadzone_ShouldReturnCenterValue" storage="d:\actions-runner\_work\xpco\xpco\allsolutions\..\sc\components\remoteviewer\smartclient\tst\zsmartclient_unittest\bin\x64\debug\net6.0-windows\zsmartclient_unittest.dll" id="dacf30eb-2932-4de8-bb63-28183a1f0765">
      <Execution id="76d326c7-e06d-4a27-aefd-6572ab5cda33" />
      <TestMethod codeBase="D:\actions-runner\_work\XPCO\XPCO\AllSolutions\..\SC\Components\RemoteViewer\SmartClient\tst\zSmartClient_UnitTest\bin\x64\Debug\net6.0-windows\zSmartClient_UnitTest.dll" adapterTypeName="executor://mstestadapter/v2" className="SmartClient_UnitTest.VideoOS.RemoteClient.Plugin.JoystickSupport.JoystickDeviceTests" name="AssignPanTiltValue_WhenValueIsOutsideDeadzone_ShouldReturnCenterValue" />
    </UnitTest>
    <UnitTest name="Password1 valid, Password 2 valid" storage="d:\actions-runner\_work\xpco\xpco\allsolutions\..\sc\components\remoteviewer\smartclient\tst\zsmartclient_unittest\bin\x64\debug\net6.0-windows\zsmartclient_unittest.dll" id="8376a42a-500a-809e-e536-1b6e6744ec3b">
      <TestCategory>
        <TestCategoryItem TestCategory="Export" />
      </TestCategory>
      <Execution id="9326ee19-1f2f-4f33-bc95-6b5b09cf9437" />
      <TestMethod codeBase="D:\actions-runner\_work\XPCO\XPCO\AllSolutions\..\SC\Components\RemoteViewer\SmartClient\tst\zSmartClient_UnitTest\bin\x64\Debug\net6.0-windows\zSmartClient_UnitTest.dll" adapterTypeName="executor://mstestadapter/v2" className="SmartClient_UnitTest.VideoOS.RemoteClient.Plugin.Export.PasswordDialogViewModelTests" name="ArePasswordsValid_ShouldDependOnPassword1AndPassword2" />
    </UnitTest>
    <UnitTest name="Yesterday_Success" storage="d:\actions-runner\_work\xpco\xpco\allsolutions\..\sc\components\remoteviewer\smartclient\tst\zsmartclient_unittest\bin\x64\debug\net6.0-windows\zsmartclient_unittest.dll" id="7b69f7ac-73d5-55bc-5045-f13549ae846c">
      <TestCategory>
        <TestCategoryItem TestCategory="Search" />
      </TestCategory>
      <Execution id="0331788a-34ee-48a3-b44b-e29a9c7c1ddc" />
      <TestMethod codeBase="D:\actions-runner\_work\XPCO\XPCO\AllSolutions\..\SC\Components\RemoteViewer\SmartClient\tst\zSmartClient_UnitTest\bin\x64\Debug\net6.0-windows\zSmartClient_UnitTest.dll" adapterTypeName="executor://mstestadapter/v2" className="SmartClient_UnitTest.VideoOS.RemoteClient.Plugin.CentralizedSearch.Models.ScopeDurationTests" name="Yesterday_Success" />
    </UnitTest>
    <UnitTest name="Connect_WhenMajorServerVersionIs13AndMinorServerVersionIs2_ShouldCreateOldSchClient" storage="d:\actions-runner\_work\xpco\xpco\allsolutions\..\sc\components\remoteviewer\smartclient\tst\zsmartclient_unittest\bin\x64\debug\net6.0-windows\zsmartclient_unittest.dll" id="a466016b-4a7a-12db-67a6-4d7bfdd8044c">
      <Execution id="f3fdc588-27ea-4be6-bcca-88ccd3fbb3a7" />
      <TestMethod codeBase="D:\actions-runner\_work\XPCO\XPCO\AllSolutions\..\SC\Components\RemoteViewer\SmartClient\tst\zSmartClient_UnitTest\bin\x64\Debug\net6.0-windows\zSmartClient_UnitTest.dll" adapterTypeName="executor://mstestadapter/v2" className="VideoOS.Shared.ServerAPI.ServiceChannel.UnitTest.ServiceChannelCommandServiceTests" name="Connect_WhenMajorServerVersionIs13AndMinorServerVersionIs2_ShouldCreateOldSchClient" />
    </UnitTest>
    <UnitTest name="TestForAssemblyCoverage" storage="d:\actions-runner\_work\xpco\xpco\allsolutions\..\sc\components\remoteviewer\smartclient\tst\zsmartclient_unittest\bin\x64\debug\net6.0-windows\zsmartclient_unittest.dll" id="7b7ac52a-fd20-eae1-4eee-941b2f9ad41c">
      <Execution id="832e1f6d-e16c-4ad7-83c5-629e8f513812" />
      <TestMethod codeBase="D:\actions-runner\_work\XPCO\XPCO\AllSolutions\..\SC\Components\RemoteViewer\SmartClient\tst\zSmartClient_UnitTest\bin\x64\Debug\net6.0-windows\zSmartClient_UnitTest.dll" adapterTypeName="executor://mstestadapter/v2" className="SmartClient_UnitTest.VideoOS.RemoteClient.Plugin.AdvKeyControl.UnitTest1" name="TestForAssemblyCoverage" />
    </UnitTest>
    <UnitTest name="AddResults_ExcludePartialResults_TwoPartialResult_Success" storage="d:\actions-runner\_work\xpco\xpco\allsolutions\..\sc\components\remoteviewer\smartclient\tst\zsmartclient_unittest\bin\x64\debug\net6.0-windows\zsmartclient_unittest.dll" id="b00af7f0-604c-fe77-ba1c-c7a5845e3353">
      <TestCategory>
        <TestCategoryItem TestCategory="SearchResultsPreprocessor.PartialResults" />
      </TestCategory>
      <Execution id="95945b22-6bfb-468e-81a5-dbdf62f00f93" />
      <TestMethod codeBase="D:\actions-runner\_work\XPCO\XPCO\AllSolutions\..\SC\Components\RemoteViewer\SmartClient\tst\zSmartClient_UnitTest\bin\x64\Debug\net6.0-windows\zSmartClient_UnitTest.dll" adapterTypeName="executor://mstestadapter/v2" className="SmartClient_UnitTest.VideoOS.RemoteClient.Plugin.CentralizedSearch.Models.SearchResultsPreprocessorTests" name="AddResults_ExcludePartialResults_TwoPartialResult_Success" />
    </UnitTest>
    <UnitTest name="PtzSessionControllerInfo_TimeChangedTest_Different_Timeout" storage="d:\actions-runner\_work\xpco\xpco\allsolutions\..\sc\components\remoteviewer\smartclient\tst\zsmartclient_unittest\bin\x64\debug\net6.0-windows\zsmartclient_unittest.dll" id="5f62afcf-78b1-cf27-ec49-8afca2d6fc38">
      <Execution id="7cfb939e-cab0-4200-a6e6-39b594dfc50f" />
      <TestMethod codeBase="D:\actions-runner\_work\XPCO\XPCO\AllSolutions\..\SC\Components\RemoteViewer\SmartClient\tst\zSmartClient_UnitTest\bin\x64\Debug\net6.0-windows\zSmartClient_UnitTest.dll" adapterTypeName="executor://mstestadapter/v2" className="VideoOS.RemoteClient.Application.Controllers.UnitTest.PtzSessionControllerTest" name="PtzSessionControllerInfo_TimeChangedTest_Different_Timeout" />
    </UnitTest>
    <UnitTest name="WhenActionExecutedWithAlarmsForSoSubscribedObserverThenNoObserverNotified" storage="d:\actions-runner\_work\xpco\xpco\allsolutions\..\sc\components\remoteviewer\smartclient\tst\zsmartclient_unittest\bin\x64\debug\net6.0-windows\zsmartclient_unittest.dll" id="a9a49dd9-77fa-e02e-a80e-c665ef39753c">
      <Execution id="f5da58be-9ade-490d-95a1-63f7b150531e" />
      <TestMethod codeBase="D:\actions-runner\_work\XPCO\XPCO\AllSolutions\..\SC\Components\RemoteViewer\SmartClient\tst\zSmartClient_UnitTest\bin\x64\Debug\net6.0-windows\zSmartClient_UnitTest.dll" adapterTypeName="executor://mstestadapter/v2" className="SmartClient_UnitTest.VideoOS.RemoteClient.GisMapData.Common.AlarmObservableTest" name="WhenActionExecutedWithAlarmsForSoSubscribedObserverThenNoObserverNotified" />
    </UnitTest>
    <UnitTest name="Dispose_ShouldCloseAndRelease_WhenInvoked" storage="d:\actions-runner\_work\xpco\xpco\allsolutions\..\sc\components\remoteviewer\smartclient\tst\zsmartclient_unittest\bin\x64\debug\net6.0-windows\zsmartclient_unittest.dll" id="2ee6bce4-4d10-a7ff-ad46-044be6c8e9a0">
      <TestCategory>
        <TestCategoryItem TestCategory="SmartMap.MapItemsOverlay" />
      </TestCategory>
      <Execution id="fb1dbc27-82ee-4035-a8ff-a23fa7012c0b" />
      <TestMethod codeBase="D:\actions-runner\_work\XPCO\XPCO\AllSolutions\..\SC\Components\RemoteViewer\SmartClient\tst\zSmartClient_UnitTest\bin\x64\Debug\net6.0-windows\zSmartClient_UnitTest.dll" adapterTypeName="executor://mstestadapter/v2" className="SmartClient_UnitTest.VideoOS.RemoteClient.Plugin.GisMap.ThinkGeoMap.SpecializedOverlays.Overlays.MapItemsOverlayTests" name="Dispose_ShouldCloseAndRelease_WhenInvoked" />
    </UnitTest>
    <UnitTest name="GetUtcToday_DifferentTimeZoneDst_Success" storage="d:\actions-runner\_work\xpco\xpco\allsolutions\..\sc\components\remoteviewer\smartclient\tst\zsmartclient_unittest\bin\x64\debug\net6.0-windows\zsmartclient_unittest.dll" id="7c80c5ff-8206-70cb-2a46-eb970cd4a208">
      <TestCategory>
        <TestCategoryItem TestCategory="Search" />
      </TestCategory>
      <Execution id="9e2c9311-b2bc-4ea5-9283-d69c45f47fd8" />
      <TestMethod codeBase="D:\actions-runner\_work\XPCO\XPCO\AllSolutions\..\SC\Components\RemoteViewer\SmartClient\tst\zSmartClient_UnitTest\bin\x64\Debug\net6.0-windows\zSmartClient_UnitTest.dll" adapterTypeName="executor://mstestadapter/v2" className="SmartClient_UnitTest.VideoOS.RemoteClient.Plugin.CentralizedSearch.ViewModels.Data.TimeScopeTests" name="GetUtcToday_DifferentTimeZoneDst_Success" />
    </UnitTest>
    <UnitTest name="SearchAction_BrowseMode_30MinutesInThePast" storage="d:\actions-runner\_work\xpco\xpco\allsolutions\..\sc\components\remoteviewer\smartclient\tst\zsmartclient_unittest\bin\x64\debug\net6.0-windows\zsmartclient_unittest.dll" id="da81eaec-1453-f24c-a30b-9b3f5e23a05c">
      <TestCategory>
        <TestCategoryItem TestCategory="WorkspaceToolbar" />
      </TestCategory>
      <Execution id="9d0e7e09-ec64-40a6-8da8-2e23217b0549" />
      <TestMethod codeBase="D:\actions-runner\_work\XPCO\XPCO\AllSolutions\..\SC\Components\RemoteViewer\SmartClient\tst\zSmartClient_UnitTest\bin\x64\Debug\net6.0-windows\zSmartClient_UnitTest.dll" adapterTypeName="executor://mstestadapter/v2" className="SmartClient_UnitTest.VideoOS.RemoteClient.Application.Data.WorkspaceToolbar.WorkspaceToolbarItemSmartSearchTests" name="SearchAction_BrowseMode_30MinutesInThePast" />
    </UnitTest>
    <UnitTest name="EditCriteriaCommand_InEditSearchDefinition_Set" storage="d:\actions-runner\_work\xpco\xpco\allsolutions\..\sc\components\remoteviewer\smartclient\tst\zsmartclient_unittest\bin\x64\debug\net6.0-windows\zsmartclient_unittest.dll" id="c0259e91-f91b-42ff-6977-459d0c7782fd">
      <TestCategory>
        <TestCategoryItem TestCategory="SearchViewModels" />
      </TestCategory>
      <Execution id="478b4a4a-10b8-45de-a171-67647f4faaa3" />
      <TestMethod codeBase="D:\actions-runner\_work\XPCO\XPCO\AllSolutions\..\SC\Components\RemoteViewer\SmartClient\tst\zSmartClient_UnitTest\bin\x64\Debug\net6.0-windows\zSmartClient_UnitTest.dll" adapterTypeName="executor://mstestadapter/v2" className="SmartClient_UnitTest.VideoOS.RemoteClient.Plugin.CentralizedSearch.ViewModels.SearchViewModelTests" name="EditCriteriaCommand_InEditSearchDefinition_Set" />
    </UnitTest>
    <UnitTest name="SearchResultsActionBarActions_CreateSnapshot_InvokeCommand_MultipleSnapshotsFailed_CorrectErrorMessageShown" storage="d:\actions-runner\_work\xpco\xpco\allsolutions\..\sc\components\remoteviewer\smartclient\tst\zsmartclient_unittest\bin\x64\debug\net6.0-windows\zsmartclient_unittest.dll" id="f18dd244-4a09-e214-2e8b-a1adb5d41997">
      <TestCategory>
        <TestCategoryItem TestCategory="SearchResultActionBarViewModel" />
      </TestCategory>
      <Execution id="0de0f332-bc43-42e1-b3d1-f008cfcda2ad" />
      <TestMethod codeBase="D:\actions-runner\_work\XPCO\XPCO\AllSolutions\..\SC\Components\RemoteViewer\SmartClient\tst\zSmartClient_UnitTest\bin\x64\Debug\net6.0-windows\zSmartClient_UnitTest.dll" adapterTypeName="executor://mstestadapter/v2" className="SmartClient_UnitTest.VideoOS.RemoteClient.Plugin.CentralizedSearch.ViewModels.SearchResultsActionBarViewModelTest" name="SearchResultsActionBarActions_CreateSnapshot_InvokeCommand_MultipleSnapshotsFailed_CorrectErrorMessageShown" />
    </UnitTest>
    <UnitTest name="Tooltip_ShouldShowMicrophoneName_WhenMicrophoneIsDisabled" storage="d:\actions-runner\_work\xpco\xpco\allsolutions\..\sc\components\remoteviewer\smartclient\tst\zsmartclient_unittest\bin\x64\debug\net6.0-windows\zsmartclient_unittest.dll" id="77538764-96ab-d361-cc57-e43d65dc3ccd">
      <TestCategory>
        <TestCategoryItem TestCategory="GisMap.MicrophoneMarkerTest" />
      </TestCategory>
      <Execution id="bf01b5ce-5e24-41ff-9962-106bafc04220" />
      <TestMethod codeBase="D:\actions-runner\_work\XPCO\XPCO\AllSolutions\..\SC\Components\RemoteViewer\SmartClient\tst\zSmartClient_UnitTest\bin\x64\Debug\net6.0-windows\zSmartClient_UnitTest.dll" adapterTypeName="executor://mstestadapter/v2" className="SmartClient_UnitTest.VideoOS.RemoteClient.Plugin.GisMap.ThinkGeoMap.Markers.DeviceMarkers.MicrophoneMarker.MicrophoneMarkerTests" name="Tooltip_ShouldShowMicrophoneName_WhenMicrophoneIsDisabled" />
    </UnitTest>
    <UnitTest name="DateToStringConverter_SingleConvertInvalidInput_UnsetValue" storage="d:\actions-runner\_work\xpco\xpco\allsolutions\..\sc\components\remoteviewer\smartclient\tst\zsmartclient_unittest\bin\x64\debug\net6.0-windows\zsmartclient_unittest.dll" id="48d0aa96-83b2-ad6d-f963-8245525eabe9">
      <TestCategory>
        <TestCategoryItem TestCategory="SearchConverter" />
      </TestCategory>
      <Execution id="46758205-a2af-4001-be05-48151cf0c3c4" />
      <TestMethod codeBase="D:\actions-runner\_work\XPCO\XPCO\AllSolutions\..\SC\Components\RemoteViewer\SmartClient\tst\zSmartClient_UnitTest\bin\x64\Debug\net6.0-windows\zSmartClient_UnitTest.dll" adapterTypeName="executor://mstestadapter/v2" className="SmartClient_UnitTest.VideoOS.RemoteClient.Plugin.CentralizedSearch.Views.Converters.DurationToStringConverterTests" name="DateToStringConverter_SingleConvertInvalidInput_UnsetValue" />
    </UnitTest>
    <UnitTest name="Deserialize_UnknownFilterCategory_Error" storage="d:\actions-runner\_work\xpco\xpco\allsolutions\..\sc\components\remoteviewer\smartclient\tst\zsmartclient_unittest\bin\x64\debug\net6.0-windows\zsmartclient_unittest.dll" id="a31ae58a-ac3b-c32e-1d10-665517748c9e">
      <TestCategory>
        <TestCategoryItem TestCategory="SearchSerialization" />
      </TestCategory>
      <Execution id="441a8245-10f0-446a-a56f-3853dce22d44" />
      <TestMethod codeBase="D:\actions-runner\_work\XPCO\XPCO\AllSolutions\..\SC\Components\RemoteViewer\SmartClient\tst\zSmartClient_UnitTest\bin\x64\Debug\net6.0-windows\zSmartClient_UnitTest.dll" adapterTypeName="executor://mstestadapter/v2" className="SmartClient_UnitTest.VideoOS.RemoteClient.Plugin.CentralizedSearch.Models.Serialization.SearchSerializerTests" name="Deserialize_UnknownFilterCategory_Error" />
    </UnitTest>
    <UnitTest name="IsProcessing_AddResults_Success" storage="d:\actions-runner\_work\xpco\xpco\allsolutions\..\sc\components\remoteviewer\smartclient\tst\zsmartclient_unittest\bin\x64\debug\net6.0-windows\zsmartclient_unittest.dll" id="1d30d716-63ba-8629-37de-621fcc2f5f57">
      <TestCategory>
        <TestCategoryItem TestCategory="SearchResultsPreprocessor" />
      </TestCategory>
      <Execution id="e392136f-2b17-4adc-839a-b1dbce3cb1af" />
      <TestMethod codeBase="D:\actions-runner\_work\XPCO\XPCO\AllSolutions\..\SC\Components\RemoteViewer\SmartClient\tst\zSmartClient_UnitTest\bin\x64\Debug\net6.0-windows\zSmartClient_UnitTest.dll" adapterTypeName="executor://mstestadapter/v2" className="SmartClient_UnitTest.VideoOS.RemoteClient.Plugin.CentralizedSearch.Models.SearchResultsPreprocessorTests" name="IsProcessing_AddResults_Success" />
    </UnitTest>
    <UnitTest name="ScrollWheelInTileLayout_ScrollDownWithoutCtrl_NoChangeInItemSize" storage="d:\actions-runner\_work\xpco\xpco\allsolutions\..\sc\components\remoteviewer\smartclient\tst\zsmartclient_unittest\bin\x64\debug\net6.0-windows\zsmartclient_unittest.dll" id="54618795-0b49-cc31-65f0-11068addceea">
      <TestCategory>
        <TestCategoryItem TestCategory="SearchViews" />
      </TestCategory>
      <Execution id="6a7b2c45-528b-48de-a0ea-5352f72a195c" />
      <TestMethod codeBase="D:\actions-runner\_work\XPCO\XPCO\AllSolutions\..\SC\Components\RemoteViewer\SmartClient\tst\zSmartClient_UnitTest\bin\x64\Debug\net6.0-windows\zSmartClient_UnitTest.dll" adapterTypeName="executor://mstestadapter/v2" className="SmartClient_UnitTest.VideoOS.RemoteClient.Plugin.CentralizedSearch.Views.SearchResultsViewTests" name="ScrollWheelInTileLayout_ScrollDownWithoutCtrl_NoChangeInItemSize" />
    </UnitTest>
    <UnitTest name="MapLayerType_ShouldBeViewZoneItemsMapLayer_WhenCalled" storage="d:\actions-runner\_work\xpco\xpco\allsolutions\..\sc\components\remoteviewer\smartclient\tst\zsmartclient_unittest\bin\x64\debug\net6.0-windows\zsmartclient_unittest.dll" id="b89300df-44ea-f5d9-8c31-b46cc2e57c07">
      <Execution id="84ac3bc0-7c2a-4fe2-b92a-59973f21aa5f" />
      <TestMethod codeBase="D:\actions-runner\_work\XPCO\XPCO\AllSolutions\..\SC\Components\RemoteViewer\SmartClient\tst\zSmartClient_UnitTest\bin\x64\Debug\net6.0-windows\zSmartClient_UnitTest.dll" adapterTypeName="executor://mstestadapter/v2" className="SmartClient_UnitTest.VideoOS.RemoteClient.GisMapData.Strategies.MapLayers.ViewZoneItemsMapLayerDatagramClassFactoryStrategyTests" name="MapLayerType_ShouldBeViewZoneItemsMapLayer_WhenCalled" />
    </UnitTest>
    <UnitTest name="CreateDefinition_ValidCategoryAndSortOrderSpecified_SearchStarted" storage="d:\actions-runner\_work\xpco\xpco\allsolutions\..\sc\components\remoteviewer\smartclient\tst\zsmartclient_unittest\bin\x64\debug\net6.0-windows\zsmartclient_unittest.dll" id="d2a4e8f1-b2e6-68f0-1810-a5d540d2f7a3">
      <TestCategory>
        <TestCategoryItem TestCategory="SearchModels" />
      </TestCategory>
      <Execution id="9ee437e7-658f-4671-9f6c-07b0397b1729" />
      <TestMethod codeBase="D:\actions-runner\_work\XPCO\XPCO\AllSolutions\..\SC\Components\RemoteViewer\SmartClient\tst\zSmartClient_UnitTest\bin\x64\Debug\net6.0-windows\zSmartClient_UnitTest.dll" adapterTypeName="executor://mstestadapter/v2" className="SmartClient_UnitTest.VideoOS.RemoteClient.Plugin.CentralizedSearch.Models.SearchModelTests" name="CreateDefinition_ValidCategoryAndSortOrderSpecified_SearchStarted" />
    </UnitTest>
    <UnitTest name="PtzSessionControllerInfoConstructorTest_From_PtzSessionInfo_Basic_User_Current" storage="d:\actions-runner\_work\xpco\xpco\allsolutions\..\sc\components\remoteviewer\smartclient\tst\zsmartclient_unittest\bin\x64\debug\net6.0-windows\zsmartclient_unittest.dll" id="6c2035c4-97e2-d122-0c36-23cf8131de7d">
      <Execution id="ecb9da69-6e87-42ca-9cc9-bb026c999197" />
      <TestMethod codeBase="D:\actions-runner\_work\XPCO\XPCO\AllSolutions\..\SC\Components\RemoteViewer\SmartClient\tst\zSmartClient_UnitTest\bin\x64\Debug\net6.0-windows\zSmartClient_UnitTest.dll" adapterTypeName="executor://mstestadapter/v2" className="VideoOS.RemoteClient.Application.Controllers.UnitTest.PtzSessionControllerTest" name="PtzSessionControllerInfoConstructorTest_From_PtzSessionInfo_Basic_User_Current" />
    </UnitTest>
    <UnitTest name="Ctor_Success" storage="d:\actions-runner\_work\xpco\xpco\allsolutions\..\sc\components\remoteviewer\smartclient\tst\zsmartclient_unittest\bin\x64\debug\net6.0-windows\zsmartclient_unittest.dll" id="fcfc9cad-5753-f6cc-59a6-f568d4caf2fd">
      <TestCategory>
        <TestCategoryItem TestCategory="Search" />
      </TestCategory>
      <Execution id="1450b759-f277-4896-a408-d17bfb95c4d3" />
      <TestMethod codeBase="D:\actions-runner\_work\XPCO\XPCO\AllSolutions\..\SC\Components\RemoteViewer\SmartClient\tst\zSmartClient_UnitTest\bin\x64\Debug\net6.0-windows\zSmartClient_UnitTest.dll" adapterTypeName="executor://mstestadapter/v2" className="SmartClient_UnitTest.VideoOS.RemoteClient.Plugin.CentralizedSearch.ViewModels.CompositeSearchWarningViewModelTests" name="Ctor_Success" />
    </UnitTest>
    <UnitTest name="DeleteMapItems_ShouldReturnFalse_WhenUserDeclinesDeletionOfMultipleItems" storage="d:\actions-runner\_work\xpco\xpco\allsolutions\..\sc\components\remoteviewer\smartclient\tst\zsmartclient_unittest\bin\x64\debug\net6.0-windows\zsmartclient_unittest.dll" id="7693c0df-b71c-2c4d-9039-a2e154577900">
      <TestCategory>
        <TestCategoryItem TestCategory="GisMapModelController" />
      </TestCategory>
      <Execution id="730b6a94-b7bd-4f2a-be2b-b94c850d6833" />
      <TestMethod codeBase="D:\actions-runner\_work\XPCO\XPCO\AllSolutions\..\SC\Components\RemoteViewer\SmartClient\tst\zSmartClient_UnitTest\bin\x64\Debug\net6.0-windows\zSmartClient_UnitTest.dll" adapterTypeName="executor://mstestadapter/v2" className="SmartClient_UnitTest.VideoOS.RemoteClient.GisMapData.GisMapModelControllerTests" name="DeleteMapItems_ShouldReturnFalse_WhenUserDeclinesDeletionOfMultipleItems" />
    </UnitTest>
    <UnitTest name="IsDeviceSupported_ShouldReturnTrue_WhenMicrophoneKind" storage="d:\actions-runner\_work\xpco\xpco\allsolutions\..\sc\components\remoteviewer\smartclient\tst\zsmartclient_unittest\bin\x64\debug\net6.0-windows\zsmartclient_unittest.dll" id="2c8890ce-c89d-6a9e-b8c6-3ef6c4bffec5">
      <TestCategory>
        <TestCategoryItem TestCategory="GisMap.Controllers.Devices" />
      </TestCategory>
      <Execution id="69bb5432-fb26-4e35-ad09-cbce84518123" />
      <TestMethod codeBase="D:\actions-runner\_work\XPCO\XPCO\AllSolutions\..\SC\Components\RemoteViewer\SmartClient\tst\zSmartClient_UnitTest\bin\x64\Debug\net6.0-windows\zSmartClient_UnitTest.dll" adapterTypeName="executor://mstestadapter/v2" className="SmartClient_UnitTest.VideoOS.RemoteClient.Plugin.GisMap.Controllers.Devices.DeviceControllerTests" name="IsDeviceSupported_ShouldReturnTrue_WhenMicrophoneKind" />
    </UnitTest>
    <UnitTest name="SearchAction_BrowseMode_OneYearInTheFuture" storage="d:\actions-runner\_work\xpco\xpco\allsolutions\..\sc\components\remoteviewer\smartclient\tst\zsmartclient_unittest\bin\x64\debug\net6.0-windows\zsmartclient_unittest.dll" id="58415a14-73c9-7515-7cc6-10b983611842">
      <TestCategory>
        <TestCategoryItem TestCategory="ContentHolderToolbar" />
      </TestCategory>
      <Execution id="253ec5e9-5f0f-4d92-b56f-98e459c882aa" />
      <TestMethod codeBase="D:\actions-runner\_work\XPCO\XPCO\AllSolutions\..\SC\Components\RemoteViewer\SmartClient\tst\zSmartClient_UnitTest\bin\x64\Debug\net6.0-windows\zSmartClient_UnitTest.dll" adapterTypeName="executor://mstestadapter/v2" className="SmartClient_UnitTest.VideoOS.RemoteClient.Application.Data.ContentHolderToolbar.ToolBarItemSearchTests" name="SearchAction_BrowseMode_OneYearInTheFuture" />
    </UnitTest>
    <UnitTest name="CreateDefinition_NullValue_Throws" storage="d:\actions-runner\_work\xpco\xpco\allsolutions\..\sc\components\remoteviewer\smartclient\tst\zsmartclient_unittest\bin\x64\debug\net6.0-windows\zsmartclient_unittest.dll" id="044f4a26-7cbd-7c3b-61fb-5e7facd7c43c">
      <TestCategory>
        <TestCategoryItem TestCategory="SearchModels" />
      </TestCategory>
      <Execution id="9ed24436-9460-4c45-b9f6-9489ea8fb4d8" />
      <TestMethod codeBase="D:\actions-runner\_work\XPCO\XPCO\AllSolutions\..\SC\Components\RemoteViewer\SmartClient\tst\zSmartClient_UnitTest\bin\x64\Debug\net6.0-windows\zSmartClient_UnitTest.dll" adapterTypeName="executor://mstestadapter/v2" className="SmartClient_UnitTest.VideoOS.RemoteClient.Plugin.CentralizedSearch.Models.SearchModelTests" name="CreateDefinition_NullValue_Throws" />
    </UnitTest>
    <UnitTest name="ShowPermissionDeniedToasts_ShouldShowCorrectNumberOfToasts (0,0)" storage="d:\actions-runner\_work\xpco\xpco\allsolutions\..\sc\components\remoteviewer\smartclient\tst\zsmartclient_unittest\bin\x64\debug\net6.0-windows\zsmartclient_unittest.dll" id="9bd8fc1b-1a96-e8b5-9458-0cf7f053c050">
      <TestCategory>
        <TestCategoryItem TestCategory="Managers" />
      </TestCategory>
      <Execution id="1ee4809b-5181-4fb1-a51e-9c83072a34c2" />
      <TestMethod codeBase="D:\actions-runner\_work\XPCO\XPCO\AllSolutions\..\SC\Components\RemoteViewer\SmartClient\tst\zSmartClient_UnitTest\bin\x64\Debug\net6.0-windows\zSmartClient_UnitTest.dll" adapterTypeName="executor://mstestadapter/v2" className="SmartClient_UnitTest.VideoOS.RemoteClient.Application.Managers.ExportResultsNotificationHelperTests" name="ShowPermissionDeniedToasts_ShouldShowCorrectNumberOfToasts" />
    </UnitTest>
    <UnitTest name="ClearSelectedCamerasCommand_EmptyList_CommandNotExecutable" storage="d:\actions-runner\_work\xpco\xpco\allsolutions\..\sc\components\remoteviewer\smartclient\tst\zsmartclient_unittest\bin\x64\debug\net6.0-windows\zsmartclient_unittest.dll" id="00ac5168-01a9-aa78-532b-b6d6c419a156">
      <TestCategory>
        <TestCategoryItem TestCategory="SearchViewModels" />
      </TestCategory>
      <Execution id="dd5b21b9-a909-4447-9f37-b0880fe73018" />
      <TestMethod codeBase="D:\actions-runner\_work\XPCO\XPCO\AllSolutions\..\SC\Components\RemoteViewer\SmartClient\tst\zSmartClient_UnitTest\bin\x64\Debug\net6.0-windows\zSmartClient_UnitTest.dll" adapterTypeName="executor://mstestadapter/v2" className="SmartClient_UnitTest.VideoOS.RemoteClient.Plugin.CentralizedSearch.ViewModels.SearchViewModelTests" name="ClearSelectedCamerasCommand_EmptyList_CommandNotExecutable" />
    </UnitTest>
    <UnitTest name="ShouldReturnTrueWhenScaleChanged" storage="d:\actions-runner\_work\xpco\xpco\allsolutions\..\sc\components\remoteviewer\smartclient\tst\zsmartclient_unittest\bin\x64\debug\net6.0-windows\zsmartclient_unittest.dll" id="0d6c642a-81af-572a-f3ab-8e4b1d302c6a">
      <TestCategory>
        <TestCategoryItem TestCategory="MipItemsUpdateStrategy" />
      </TestCategory>
      <Execution id="1f477428-5b6c-4320-837a-9021c6ed8571" />
      <TestMethod codeBase="D:\actions-runner\_work\XPCO\XPCO\AllSolutions\..\SC\Components\RemoteViewer\SmartClient\tst\zSmartClient_UnitTest\bin\x64\Debug\net6.0-windows\zSmartClient_UnitTest.dll" adapterTypeName="executor://mstestadapter/v2" className="SmartClient_UnitTest.VideoOS.RemoteClient.Plugin.GisMap.MIP.MipItemsUpdateStrategyTests" name="ShouldReturnTrueWhenScaleChanged" />
    </UnitTest>
    <UnitTest name="ValidateExportName_ShouldReturnFailResult_InvalidCharactersInExportName (1213&gt;)" storage="d:\actions-runner\_work\xpco\xpco\allsolutions\..\sc\components\remoteviewer\smartclient\tst\zsmartclient_unittest\bin\x64\debug\net6.0-windows\zsmartclient_unittest.dll" id="30021480-71a7-de84-e2a2-5d33b74ca139">
      <TestCategory>
        <TestCategoryItem TestCategory="Export" />
      </TestCategory>
      <Execution id="5ba30972-b2d4-4cfa-b77e-ab4959a8316b" />
      <TestMethod codeBase="D:\actions-runner\_work\XPCO\XPCO\AllSolutions\..\SC\Components\RemoteViewer\SmartClient\tst\zSmartClient_UnitTest\bin\x64\Debug\net6.0-windows\zSmartClient_UnitTest.dll" adapterTypeName="executor://mstestadapter/v2" className="SmartClient_UnitTest.VideoOS.RemoteClient.Plugin.Export.ExportDataValidatorTests" name="ValidateExportName_ShouldReturnFailResult_InvalidCharactersInExportName" />
    </UnitTest>
    <UnitTest name="GetSnapshots_NoImageAvailable_Failure" storage="d:\actions-runner\_work\xpco\xpco\allsolutions\..\sc\components\remoteviewer\smartclient\tst\zsmartclient_unittest\bin\x64\debug\net6.0-windows\zsmartclient_unittest.dll" id="ec15ac28-e259-9e0e-79de-b4c8ed950c52">
      <TestCategory>
        <TestCategoryItem TestCategory="Search" />
      </TestCategory>
      <Execution id="4f520672-c58e-42fc-a2d2-12f9c6005ee9" />
      <TestMethod codeBase="D:\actions-runner\_work\XPCO\XPCO\AllSolutions\..\SC\Components\RemoteViewer\SmartClient\tst\zSmartClient_UnitTest\bin\x64\Debug\net6.0-windows\zSmartClient_UnitTest.dll" adapterTypeName="executor://mstestadapter/v2" className="SmartClient_UnitTest.VideoOS.RemoteClient.Plugin.CentralizedSearch.ViewModels.Data.SnapshotHandlerTests" name="GetSnapshots_NoImageAvailable_Failure" />
    </UnitTest>
    <UnitTest name="ActiveInteractionStateBinding_ShouldOnlyContainNormalAndNewDevice_WhenCtorIsCalled" storage="d:\actions-runner\_work\xpco\xpco\allsolutions\..\sc\components\remoteviewer\smartclient\tst\zsmartclient_unittest\bin\x64\debug\net6.0-windows\zsmartclient_unittest.dll" id="540a3b23-7cf4-4873-bac2-ebb7a9a2a9f2">
      <TestCategory>
        <TestCategoryItem TestCategory="GisMap.CameraMarker" />
      </TestCategory>
      <Execution id="d6ad4267-2c31-4f4f-9eba-49c380b3b37c" />
      <TestMethod codeBase="D:\actions-runner\_work\XPCO\XPCO\AllSolutions\..\SC\Components\RemoteViewer\SmartClient\tst\zSmartClient_UnitTest\bin\x64\Debug\net6.0-windows\zSmartClient_UnitTest.dll" adapterTypeName="executor://mstestadapter/v2" className="SmartClient_UnitTest.VideoOS.RemoteClient.Plugin.GisMap.ThinkGeoMap.Markers.DeviceMarkers.CameraMarker.CameraMarkerTests" name="ActiveInteractionStateBinding_ShouldOnlyContainNormalAndNewDevice_WhenCtorIsCalled" />
    </UnitTest>
    <UnitTest name="OnIsVisiblePropertyChanged_ShouldActivateSoundOfAllUnmutedMicrophones_WhenShowingMicrophonesLayer" storage="d:\actions-runner\_work\xpco\xpco\allsolutions\..\sc\components\remoteviewer\smartclient\tst\zsmartclient_unittest\bin\x64\debug\net6.0-windows\zsmartclient_unittest.dll" id="0aa70671-374f-7770-8a94-a9ce6a48572f">
      <TestCategory>
        <TestCategoryItem TestCategory="GisMapData.MapLayers" />
      </TestCategory>
      <Execution id="35e33c50-65b1-4632-898e-ff7a1274b518" />
      <TestMethod codeBase="D:\actions-runner\_work\XPCO\XPCO\AllSolutions\..\SC\Components\RemoteViewer\SmartClient\tst\zSmartClient_UnitTest\bin\x64\Debug\net6.0-windows\zSmartClient_UnitTest.dll" adapterTypeName="executor://mstestadapter/v2" className="SmartClient_UnitTest.VideoOS.RemoteClient.GisMapData.MapLayers.MicrophoneItemsMapLayerTests" name="OnIsVisiblePropertyChanged_ShouldActivateSoundOfAllUnmutedMicrophones_WhenShowingMicrophonesLayer" />
    </UnitTest>
    <UnitTest name="SetCustomPickerResult_Set_CustomIntervalOpenResetAndNotificationFired" storage="d:\actions-runner\_work\xpco\xpco\allsolutions\..\sc\components\remoteviewer\smartclient\tst\zsmartclient_unittest\bin\x64\debug\net6.0-windows\zsmartclient_unittest.dll" id="c5313a02-9751-5e36-b637-63c29c825679">
      <TestCategory>
        <TestCategoryItem TestCategory="SearchViewModels" />
      </TestCategory>
      <Execution id="0aab9f5c-94c2-40af-8ad2-b7d4e667a457" />
      <TestMethod codeBase="D:\actions-runner\_work\XPCO\XPCO\AllSolutions\..\SC\Components\RemoteViewer\SmartClient\tst\zSmartClient_UnitTest\bin\x64\Debug\net6.0-windows\zSmartClient_UnitTest.dll" adapterTypeName="executor://mstestadapter/v2" className="SmartClient_UnitTest.VideoOS.RemoteClient.Plugin.CentralizedSearch.ViewModels.SearchViewModelTests" name="SetCustomPickerResult_Set_CustomIntervalOpenResetAndNotificationFired" />
    </UnitTest>
    <UnitTest name="SearchResultsActionBarActions_CreateSnapshot_InvokeCommand_SingleSnapshotFailed_CorrectErrorMessageShown" storage="d:\actions-runner\_work\xpco\xpco\allsolutions\..\sc\components\remoteviewer\smartclient\tst\zsmartclient_unittest\bin\x64\debug\net6.0-windows\zsmartclient_unittest.dll" id="c1c2bc59-f0a7-06da-8b9c-e5d38bba111a">
      <TestCategory>
        <TestCategoryItem TestCategory="SearchResultActionBarViewModel" />
      </TestCategory>
      <Execution id="d3d362e4-7742-4f9f-8d4c-e22a1dfbbd24" />
      <TestMethod codeBase="D:\actions-runner\_work\XPCO\XPCO\AllSolutions\..\SC\Components\RemoteViewer\SmartClient\tst\zSmartClient_UnitTest\bin\x64\Debug\net6.0-windows\zSmartClient_UnitTest.dll" adapterTypeName="executor://mstestadapter/v2" className="SmartClient_UnitTest.VideoOS.RemoteClient.Plugin.CentralizedSearch.ViewModels.SearchResultsActionBarViewModelTest" name="SearchResultsActionBarActions_CreateSnapshot_InvokeCommand_SingleSnapshotFailed_CorrectErrorMessageShown" />
    </UnitTest>
    <UnitTest name="AddResults_ExcludePartialResults_OnePartialResult_Success" storage="d:\actions-runner\_work\xpco\xpco\allsolutions\..\sc\components\remoteviewer\smartclient\tst\zsmartclient_unittest\bin\x64\debug\net6.0-windows\zsmartclient_unittest.dll" id="6bd5f4c7-c179-311a-1fc1-8d1f4fd89099">
      <TestCategory>
        <TestCategoryItem TestCategory="SearchResultsPreprocessor.PartialResults" />
      </TestCategory>
      <Execution id="1b49136a-5f68-48c8-9617-34b982366a05" />
      <TestMethod codeBase="D:\actions-runner\_work\XPCO\XPCO\AllSolutions\..\SC\Components\RemoteViewer\SmartClient\tst\zSmartClient_UnitTest\bin\x64\Debug\net6.0-windows\zSmartClient_UnitTest.dll" adapterTypeName="executor://mstestadapter/v2" className="SmartClient_UnitTest.VideoOS.RemoteClient.Plugin.CentralizedSearch.Models.SearchResultsPreprocessorTests" name="AddResults_ExcludePartialResults_OnePartialResult_Success" />
    </UnitTest>
    <UnitTest name="SetFeatures_CameraMapItemsLayer_Success" storage="d:\actions-runner\_work\xpco\xpco\allsolutions\..\sc\components\remoteviewer\smartclient\tst\zsmartclient_unittest\bin\x64\debug\net6.0-windows\zsmartclient_unittest.dll" id="103905f4-9b3f-baa3-099f-93a0f91d8394">
      <TestCategory>
        <TestCategoryItem TestCategory="GisMap" />
      </TestCategory>
      <Execution id="d13c0105-3a03-4f93-a8c5-b1547e58f0d3" />
      <TestMethod codeBase="D:\actions-runner\_work\XPCO\XPCO\AllSolutions\..\SC\Components\RemoteViewer\SmartClient\tst\zSmartClient_UnitTest\bin\x64\Debug\net6.0-windows\zSmartClient_UnitTest.dll" adapterTypeName="executor://mstestadapter/v2" className="SmartClient_UnitTest.VideoOS.RemoteClient.GisMapData.GisMapBasicTests" name="SetFeatures_CameraMapItemsLayer_Success" />
    </UnitTest>
    <UnitTest name="RemoveMicTest" storage="d:\actions-runner\_work\xpco\xpco\allsolutions\..\sc\components\remoteviewer\smartclient\tst\zsmartclient_unittest\bin\x64\debug\net6.0-windows\zsmartclient_unittest.dll" id="c182b392-9fcc-95a2-7938-cd3b2c46ad54">
      <Execution id="2f4d3734-cc42-40b0-bd3b-525b3622ca86" />
      <TestMethod codeBase="D:\actions-runner\_work\XPCO\XPCO\AllSolutions\..\SC\Components\RemoteViewer\SmartClient\tst\zSmartClient_UnitTest\bin\x64\Debug\net6.0-windows\zSmartClient_UnitTest.dll" adapterTypeName="executor://mstestadapter/v2" className="SmartClient_UnitTest.VideoOS.Shared.ServerAPI.IServerConfigurationTest" name="RemoveMicTest" />
    </UnitTest>
    <UnitTest name="ParseExceptionToTokenError_ShouldReturnTokenErrors_WhenExceptionIsKnown" storage="d:\actions-runner\_work\xpco\xpco\allsolutions\..\sc\components\remoteviewer\smartclient\tst\zsmartclient_unittest\bin\x64\debug\net6.0-windows\zsmartclient_unittest.dll" id="450403dd-612e-6c5e-cdd7-e2b614d0687c">
      <TestCategory>
        <TestCategoryItem TestCategory="ServerCommandController.IDPToken" />
      </TestCategory>
      <Execution id="7fc4c7b3-5e0b-4349-9cfd-8c53099751cd" />
      <TestMethod codeBase="D:\actions-runner\_work\XPCO\XPCO\AllSolutions\..\SC\Components\RemoteViewer\SmartClient\tst\zSmartClient_UnitTest\bin\x64\Debug\net6.0-windows\zSmartClient_UnitTest.dll" adapterTypeName="executor://mstestadapter/v2" className="SmartClient_UnitTest.VideoOS.RemoteClient.Application.Controllers.TokenExceptionsConverterTests" name="ParseExceptionToTokenError_ShouldReturnTokenErrors_WhenExceptionIsKnown" />
    </UnitTest>
    <UnitTest name="OnLayersRetrieved_ShouldSetComponentsOrdered_WhenLayersCollectionContainsInput" storage="d:\actions-runner\_work\xpco\xpco\allsolutions\..\sc\components\remoteviewer\smartclient\tst\zsmartclient_unittest\bin\x64\debug\net6.0-windows\zsmartclient_unittest.dll" id="23e6b65b-70a8-06de-4fd2-1098c3da7047">
      <TestCategory>
        <TestCategoryItem TestCategory="GisMap.DeviceSelectorWindowViewModel" />
      </TestCategory>
      <Execution id="233de24f-20bf-4610-9012-ae47bbbb1168" />
      <TestMethod codeBase="D:\actions-runner\_work\XPCO\XPCO\AllSolutions\..\SC\Components\RemoteViewer\SmartClient\tst\zSmartClient_UnitTest\bin\x64\Debug\net6.0-windows\zSmartClient_UnitTest.dll" adapterTypeName="executor://mstestadapter/v2" className="SmartClient_UnitTest.VideoOS.RemoteClient.Plugin.GisMap.ViewModels.DeviceSelectorWindowViewModelTests" name="OnLayersRetrieved_ShouldSetComponentsOrdered_WhenLayersCollectionContainsInput" />
    </UnitTest>
    <UnitTest name="TestConstructor_Copy_Success" storage="d:\actions-runner\_work\xpco\xpco\allsolutions\..\sc\components\remoteviewer\smartclient\tst\zsmartclient_unittest\bin\x64\debug\net6.0-windows\zsmartclient_unittest.dll" id="eaed56d6-5fe7-43a9-6be3-9e902b595505">
      <Execution id="b5c7dc73-5d9e-4d7a-a5ac-e6eb9b63389d" />
      <TestMethod codeBase="D:\actions-runner\_work\XPCO\XPCO\AllSolutions\..\SC\Components\RemoteViewer\SmartClient\tst\zSmartClient_UnitTest\bin\x64\Debug\net6.0-windows\zSmartClient_UnitTest.dll" adapterTypeName="executor://mstestadapter/v2" className="SmartClient_UnitTest.VideoOS.RemoteClient.GisMap.Common.MapPoint2DTest" name="TestConstructor_Copy_Success" />
    </UnitTest>
    <UnitTest name="SearchAction_LiveMode" storage="d:\actions-runner\_work\xpco\xpco\allsolutions\..\sc\components\remoteviewer\smartclient\tst\zsmartclient_unittest\bin\x64\debug\net6.0-windows\zsmartclient_unittest.dll" id="b747edf0-9262-f0c5-aca1-78a34402aa92">
      <TestCategory>
        <TestCategoryItem TestCategory="WorkspaceToolbar" />
      </TestCategory>
      <Execution id="35c90834-c1ad-45fb-ad1a-b208660d9c93" />
      <TestMethod codeBase="D:\actions-runner\_work\XPCO\XPCO\AllSolutions\..\SC\Components\RemoteViewer\SmartClient\tst\zSmartClient_UnitTest\bin\x64\Debug\net6.0-windows\zSmartClient_UnitTest.dll" adapterTypeName="executor://mstestadapter/v2" className="SmartClient_UnitTest.VideoOS.RemoteClient.Application.Data.WorkspaceToolbar.WorkspaceToolbarItemSmartSearchTests" name="SearchAction_LiveMode" />
    </UnitTest>
    <UnitTest name="WorkspaceToolBarItemExportAdd_ShouldGoIntoSelectionMode_WhenNotInSelectionMode" storage="d:\actions-runner\_work\xpco\xpco\allsolutions\..\sc\components\remoteviewer\smartclient\tst\zsmartclient_unittest\bin\x64\debug\net6.0-windows\zsmartclient_unittest.dll" id="b532dcb5-d46e-e627-c8a2-132588b28593">
      <Execution id="b4567533-ff6e-4cc4-9542-ac65d5716737" />
      <TestMethod codeBase="D:\actions-runner\_work\XPCO\XPCO\AllSolutions\..\SC\Components\RemoteViewer\SmartClient\tst\zSmartClient_UnitTest\bin\x64\Debug\net6.0-windows\zSmartClient_UnitTest.dll" adapterTypeName="executor://mstestadapter/v2" className="SmartClient_UnitTest.VideoOS.RemoteClient.Application.Data.WorkspaceToolbar.WorkspaceToolbarItemsTimelineSelectionModeTests" name="WorkspaceToolBarItemExportAdd_ShouldGoIntoSelectionMode_WhenNotInSelectionMode" />
    </UnitTest>
    <UnitTest name="TryGetEventServerIdByACSystemId_ShouldReturnFalse_WhenEventServerIdIsNotPartOfServerConfiguredAccessControlSystemsDictionary" storage="d:\actions-runner\_work\xpco\xpco\allsolutions\..\sc\components\remoteviewer\smartclient\tst\zsmartclient_unittest\bin\x64\debug\net6.0-windows\zsmartclient_unittest.dll" id="1f3c2e70-43ac-a9e9-ce4b-d72a9af7f0f0">
      <TestCategory>
        <TestCategoryItem TestCategory="AccessControl" />
      </TestCategory>
      <Execution id="8fe12eef-ca54-4e8c-8bd8-f3d821f39ac5" />
      <TestMethod codeBase="D:\actions-runner\_work\XPCO\XPCO\AllSolutions\..\SC\Components\RemoteViewer\SmartClient\tst\zSmartClient_UnitTest\bin\x64\Debug\net6.0-windows\zSmartClient_UnitTest.dll" adapterTypeName="executor://mstestadapter/v2" className="SmartClient_UnitTest.VideoOS.RemoteClient.AccessControl.AccessControlLoginInfoTests" name="TryGetEventServerIdByACSystemId_ShouldReturnFalse_WhenEventServerIdIsNotPartOfServerConfiguredAccessControlSystemsDictionary" />
    </UnitTest>
    <UnitTest name="SmartMapGoToLocationHandler_WhenDataIsNotSmartMapGoToLocationCommandData_ShouldWriteToLog" storage="d:\actions-runner\_work\xpco\xpco\allsolutions\..\sc\components\remoteviewer\smartclient\tst\zsmartclient_unittest\bin\x64\debug\net6.0-windows\zsmartclient_unittest.dll" id="45576843-c696-061d-15e3-1a981d4c54b2">
      <Execution id="b15e96b7-b755-4783-abd4-cb16c5aa649d" />
      <TestMethod codeBase="D:\actions-runner\_work\XPCO\XPCO\AllSolutions\..\SC\Components\RemoteViewer\SmartClient\tst\zSmartClient_UnitTest\bin\x64\Debug\net6.0-windows\zSmartClient_UnitTest.dll" adapterTypeName="executor://mstestadapter/v2" className="SmartClient_UnitTest.VideoOS.RemoteClient.Plugin.GisMap.MIP.ContentHolderMipMessageManagerTests" name="SmartMapGoToLocationHandler_WhenDataIsNotSmartMapGoToLocationCommandData_ShouldWriteToLog" />
    </UnitTest>
    <UnitTest name="InputMapItem_ForceActivateAsync_InBuilding_MapLayerHidden_Success" storage="d:\actions-runner\_work\xpco\xpco\allsolutions\..\sc\components\remoteviewer\smartclient\tst\zsmartclient_unittest\bin\x64\debug\net6.0-windows\zsmartclient_unittest.dll" id="117fa8ef-1259-0f08-beca-cde4c7f00c30">
      <TestCategory>
        <TestCategoryItem TestCategory="GisMapData.MapItem.Inputs" />
      </TestCategory>
      <Execution id="712a9307-403f-4b12-b44f-ce27bb944d37" />
      <TestMethod codeBase="D:\actions-runner\_work\XPCO\XPCO\AllSolutions\..\SC\Components\RemoteViewer\SmartClient\tst\zSmartClient_UnitTest\bin\x64\Debug\net6.0-windows\zSmartClient_UnitTest.dll" adapterTypeName="executor://mstestadapter/v2" className="SmartClient_UnitTest.VideoOS.RemoteClient.GisMapData.MapItem.Inputs.InputMapItemTests" name="InputMapItem_ForceActivateAsync_InBuilding_MapLayerHidden_Success" />
    </UnitTest>
    <UnitTest name="GetGisMapLayerFlyoutName_ShouldReturnOpenStreetMap_WhenGeographicLayerIsNull" storage="d:\actions-runner\_work\xpco\xpco\allsolutions\..\sc\components\remoteviewer\smartclient\tst\zsmartclient_unittest\bin\x64\debug\net6.0-windows\zsmartclient_unittest.dll" id="c91e348e-da6a-7f91-b16a-f6b11cfb0f4a">
      <TestCategory>
        <TestCategoryItem TestCategory="GisMapData.Controllers.Osm" />
      </TestCategory>
      <Execution id="93dc7b92-16ef-47b2-8ed5-e4f50fa710a1" />
      <TestMethod codeBase="D:\actions-runner\_work\XPCO\XPCO\AllSolutions\..\SC\Components\RemoteViewer\SmartClient\tst\zSmartClient_UnitTest\bin\x64\Debug\net6.0-windows\zSmartClient_UnitTest.dll" adapterTypeName="executor://mstestadapter/v2" className="SmartClient_UnitTest.VideoOS.RemoteClient.GisMapData.Controllers.Osm.GisMapOsmControllerTests" name="GetGisMapLayerFlyoutName_ShouldReturnOpenStreetMap_WhenGeographicLayerIsNull" />
    </UnitTest>
    <UnitTest name="IconValueConverter_Convert_ValidIconSource_Success" storage="d:\actions-runner\_work\xpco\xpco\allsolutions\..\sc\components\remoteviewer\smartclient\tst\zsmartclient_unittest\bin\x64\debug\net6.0-windows\zsmartclient_unittest.dll" id="06d17b56-b174-7e5f-cf96-64396547a14e">
      <TestCategory>
        <TestCategoryItem TestCategory="SearchConverter" />
      </TestCategory>
      <Execution id="c6a84b02-581d-4578-bfdf-e945d6723851" />
      <TestMethod codeBase="D:\actions-runner\_work\XPCO\XPCO\AllSolutions\..\SC\Components\RemoteViewer\SmartClient\tst\zSmartClient_UnitTest\bin\x64\Debug\net6.0-windows\zSmartClient_UnitTest.dll" adapterTypeName="executor://mstestadapter/v2" className="SmartClient_UnitTest.VideoOS.RemoteClient.Plugin.CentralizedSearch.Views.Converters.IconValueConverterTests" name="IconValueConverter_Convert_ValidIconSource_Success" />
    </UnitTest>
    <UnitTest name="TestLoad_WithNullDatagram_Failure" storage="d:\actions-runner\_work\xpco\xpco\allsolutions\..\sc\components\remoteviewer\smartclient\tst\zsmartclient_unittest\bin\x64\debug\net6.0-windows\zsmartclient_unittest.dll" id="e9c28755-a991-4a05-f44d-1683b9f1f037">
      <TestCategory>
        <TestCategoryItem TestCategory="GisMapBuilding" />
      </TestCategory>
      <Execution id="3c7423a6-ef7f-49f0-a31c-abda1a09f9a3" />
      <TestMethod codeBase="D:\actions-runner\_work\XPCO\XPCO\AllSolutions\..\SC\Components\RemoteViewer\SmartClient\tst\zSmartClient_UnitTest\bin\x64\Debug\net6.0-windows\zSmartClient_UnitTest.dll" adapterTypeName="executor://mstestadapter/v2" className="SmartClient_UnitTest.VideoOS.RemoteClient.GisMapData.MapBuildings.MapLevelTests" name="TestLoad_WithNullDatagram_Failure" />
    </UnitTest>
    <UnitTest name="Constructor_ShouldCreateNewGenericClient_WhenPassedWithNotOldVersion" storage="d:\actions-runner\_work\xpco\xpco\allsolutions\..\sc\components\remoteviewer\smartclient\tst\zsmartclient_unittest\bin\x64\debug\net6.0-windows\zsmartclient_unittest.dll" id="23c3222c-43bf-12ab-6d71-69f32f727a99">
      <Execution id="d81fd7e6-5565-4697-8c0a-baafc8d4a58e" />
      <TestMethod codeBase="D:\actions-runner\_work\XPCO\XPCO\AllSolutions\..\SC\Components\RemoteViewer\SmartClient\tst\zSmartClient_UnitTest\bin\x64\Debug\net6.0-windows\zSmartClient_UnitTest.dll" adapterTypeName="executor://mstestadapter/v2" className="VideoOS.RemoteClient.ServiceChannel.UnitTest.SmartClientClientTests" name="Constructor_ShouldCreateNewGenericClient_WhenPassedWithNotOldVersion" />
    </UnitTest>
    <UnitTest name="BindingModelVisible_ReactsTo_PluginInstanceEnabledUpdate" storage="d:\actions-runner\_work\xpco\xpco\allsolutions\..\sc\components\remoteviewer\smartclient\tst\zsmartclient_unittest\bin\x64\debug\net6.0-windows\zsmartclient_unittest.dll" id="e6f18f4e-717d-7e35-b333-de26f141ac91">
      <TestCategory>
        <TestCategoryItem TestCategory="WorkspaceToolbar" />
      </TestCategory>
      <Execution id="ca2c2278-cf25-49e2-aafc-0220cb5d7eae" />
      <TestMethod codeBase="D:\actions-runner\_work\XPCO\XPCO\AllSolutions\..\SC\Components\RemoteViewer\SmartClient\tst\zSmartClient_UnitTest\bin\x64\Debug\net6.0-windows\zSmartClient_UnitTest.dll" adapterTypeName="executor://mstestadapter/v2" className="SmartClient_UnitTest.VideoOS.RemoteClient.Application.Data.WorkspaceToolbar.WorkspaceToolbarItemMipPluginTests" name="BindingModelVisible_ReactsTo_PluginInstanceEnabledUpdate" />
    </UnitTest>
    <UnitTest name="GetClusters_NotInitialized_NoClusters" storage="d:\actions-runner\_work\xpco\xpco\allsolutions\..\sc\components\remoteviewer\smartclient\tst\zsmartclient_unittest\bin\x64\debug\net6.0-windows\zsmartclient_unittest.dll" id="e9e0e7d6-a421-cf24-61f6-b52746752039">
      <TestCategory>
        <TestCategoryItem TestCategory="GisMapIndex" />
      </TestCategory>
      <Execution id="88646c5c-70d8-4cd4-8a4a-29ff93bc7c09" />
      <TestMethod codeBase="D:\actions-runner\_work\XPCO\XPCO\AllSolutions\..\SC\Components\RemoteViewer\SmartClient\tst\zSmartClient_UnitTest\bin\x64\Debug\net6.0-windows\zSmartClient_UnitTest.dll" adapterTypeName="executor://mstestadapter/v2" className="SmartClient_UnitTest.VideoOS.RemoteClient.GisMapData.Common.Indexer.MapItemIndexerTests" name="GetClusters_NotInitialized_NoClusters" />
    </UnitTest>
    <UnitTest name="DetermineUserAllowsUnsecureConnection_WhereUserIsAskedAndUnsecureIsAllowIsSelected_ShouldReturnTrue" storage="d:\actions-runner\_work\xpco\xpco\allsolutions\..\sc\components\remoteviewer\smartclient\tst\zsmartclient_unittest\bin\x64\debug\net6.0-windows\zsmartclient_unittest.dll" id="0c0629d0-f6ea-17eb-459f-54981f9ede50">
      <Execution id="6f11d7ff-1505-44d1-a455-0144eaa4fa4b" />
      <TestMethod codeBase="D:\actions-runner\_work\XPCO\XPCO\AllSolutions\..\SC\Components\RemoteViewer\SmartClient\tst\zSmartClient_UnitTest\bin\x64\Debug\net6.0-windows\zSmartClient_UnitTest.dll" adapterTypeName="executor://mstestadapter/v2" className="VideoOS.RemoteClient.Application.Managers.UnitTest.AllowUnsecureConnectionManagerTests" name="DetermineUserAllowsUnsecureConnection_WhereUserIsAskedAndUnsecureIsAllowIsSelected_ShouldReturnTrue" />
    </UnitTest>
    <UnitTest name="GetLayerVisibilityItemsData_ShouldAddCameraWithViewZoneFixedLayer_WhenCameraMapAndViewZoneLayersAreProvided" storage="d:\actions-runner\_work\xpco\xpco\allsolutions\..\sc\components\remoteviewer\smartclient\tst\zsmartclient_unittest\bin\x64\debug\net6.0-windows\zsmartclient_unittest.dll" id="4adcb6de-d6b1-ce7d-930d-8dcc82e4f478">
      <TestCategory>
        <TestCategoryItem TestCategory="GisMap.DefaultFixedLayerManagerStrategyTests" />
      </TestCategory>
      <Execution id="d76bef43-b3d3-44e7-9405-7766765e7cca" />
      <TestMethod codeBase="D:\actions-runner\_work\XPCO\XPCO\AllSolutions\..\SC\Components\RemoteViewer\SmartClient\tst\zSmartClient_UnitTest\bin\x64\Debug\net6.0-windows\zSmartClient_UnitTest.dll" adapterTypeName="executor://mstestadapter/v2" className="SmartClient_UnitTest.VideoOS.RemoteClient.Plugin.GisMap.ViewModels.LayersVisibility.FixedLayers.DefaultFixedLayerManagerStrategyTests" name="GetLayerVisibilityItemsData_ShouldAddCameraWithViewZoneFixedLayer_WhenCameraMapAndViewZoneLayersAreProvided" />
    </UnitTest>
    <UnitTest name="CanMoreRegionsBeAdded_ShouldReturnTrue_WhenMaximumRegionsAllowedIsReachedAndSelectedCameraHasRegionsSelected" storage="d:\actions-runner\_work\xpco\xpco\allsolutions\..\sc\components\remoteviewer\smartclient\tst\zsmartclient_unittest\bin\x64\debug\net6.0-windows\zsmartclient_unittest.dll" id="e136a8cd-3f63-a904-c5bb-437c3044bc59">
      <TestCategory>
        <TestCategoryItem TestCategory="Search.Filters.ViewModels" />
      </TestCategory>
      <Execution id="e0377aea-e1b4-49c9-adf7-ec8752347f9b" />
      <TestMethod codeBase="D:\actions-runner\_work\XPCO\XPCO\AllSolutions\..\SC\Components\RemoteViewer\SmartClient\tst\zSmartClient_UnitTest\bin\x64\Debug\net6.0-windows\zSmartClient_UnitTest.dll" adapterTypeName="executor://mstestadapter/v2" className="SmartClient_UnitTest.VideoOS.RemoteClient.Plugin.CentralizedSearch.MIPPlugin.Criteria.ViewModels.RegionSelectionCameraListItemHelperTests" name="CanMoreRegionsBeAdded_ShouldReturnTrue_WhenMaximumRegionsAllowedIsReachedAndSelectedCameraHasRegionsSelected" />
    </UnitTest>
    <UnitTest name="Connect_SucceedeInConnectingWithCurrentWindowsUser_ShouldReturnTrue" storage="d:\actions-runner\_work\xpco\xpco\allsolutions\..\sc\components\remoteviewer\smartclient\tst\zsmartclient_unittest\bin\x64\debug\net6.0-windows\zsmartclient_unittest.dll" id="27e4287b-6aa8-a5c7-2e9e-fe37ab9970d9">
      <Execution id="34ce1a03-f01f-4bc1-ba18-e11bb8480c8c" />
      <TestMethod codeBase="D:\actions-runner\_work\XPCO\XPCO\AllSolutions\..\SC\Components\RemoteViewer\SmartClient\tst\zSmartClient_UnitTest\bin\x64\Debug\net6.0-windows\zSmartClient_UnitTest.dll" adapterTypeName="executor://mstestadapter/v2" className="VideoOS.Shared.ServerAPI.VMOViewerClientFacade.UnitTest.VMOViewerClientFacadeTests" name="Connect_SucceedeInConnectingWithCurrentWindowsUser_ShouldReturnTrue" />
    </UnitTest>
    <UnitTest name="PtzSessionController_Register_Camera_Test" storage="d:\actions-runner\_work\xpco\xpco\allsolutions\..\sc\components\remoteviewer\smartclient\tst\zsmartclient_unittest\bin\x64\debug\net6.0-windows\zsmartclient_unittest.dll" id="198a7352-93d7-0944-f1ae-7a5a353fc2ea">
      <Execution id="910132b7-336f-4411-8ed1-e424245d9e8a" />
      <TestMethod codeBase="D:\actions-runner\_work\XPCO\XPCO\AllSolutions\..\SC\Components\RemoteViewer\SmartClient\tst\zSmartClient_UnitTest\bin\x64\Debug\net6.0-windows\zSmartClient_UnitTest.dll" adapterTypeName="executor://mstestadapter/v2" className="VideoOS.RemoteClient.Application.Controllers.UnitTest.PtzSessionControllerTest" name="PtzSessionController_Register_Camera_Test" />
    </UnitTest>
    <UnitTest name="TestHasCapability_Success" storage="d:\actions-runner\_work\xpco\xpco\allsolutions\..\sc\components\remoteviewer\smartclient\tst\zsmartclient_unittest\bin\x64\debug\net6.0-windows\zsmartclient_unittest.dll" id="3df39c27-f4f5-5c42-c9cb-c9b3731ba9be">
      <Execution id="18d9b3f3-9db6-4e8f-9b2c-b76e0c674826" />
      <TestMethod codeBase="D:\actions-runner\_work\XPCO\XPCO\AllSolutions\..\SC\Components\RemoteViewer\SmartClient\tst\zSmartClient_UnitTest\bin\x64\Debug\net6.0-windows\zSmartClient_UnitTest.dll" adapterTypeName="executor://mstestadapter/v2" className="SmartClient_UnitTest.VideoOS.RemoteClient.GisMapData.Common.GisMapServerCapabilitiesTest" name="TestHasCapability_Success" />
    </UnitTest>
    <UnitTest name="ToSafeName_UnderscoreSeperator_Failure" storage="d:\actions-runner\_work\xpco\xpco\allsolutions\..\sc\components\remoteviewer\smartclient\tst\zsmartclient_unittest\bin\x64\debug\net6.0-windows\zsmartclient_unittest.dll" id="4f80de53-a9c2-6ff5-bbd6-96cbb2c56bea">
      <Execution id="41a679d6-74e8-4f9a-bf76-b14a6113d0be" />
      <TestMethod codeBase="D:\actions-runner\_work\XPCO\XPCO\AllSolutions\..\SC\Components\RemoteViewer\SmartClient\tst\zSmartClient_UnitTest\bin\x64\Debug\net6.0-windows\zSmartClient_UnitTest.dll" adapterTypeName="executor://mstestadapter/v2" className="SmartClient_UnitTest.VideoOS.RemoteClient.Application.Common.Scripting.ReservedJavascriptKeywordsTests" name="ToSafeName_UnderscoreSeperator_Failure" />
    </UnitTest>
    <UnitTest name="IsBasicUser_ShouldReturnTrue_WhenConstructedUsingSimple" storage="d:\actions-runner\_work\xpco\xpco\allsolutions\..\sc\components\remoteviewer\smartclient\tst\zsmartclient_unittest\bin\x64\debug\net6.0-windows\zsmartclient_unittest.dll" id="9b54b5db-74ce-7f6e-1fd4-798a1baa40f1">
      <TestCategory>
        <TestCategoryItem TestCategory="Authentication.ClientCredentials" />
      </TestCategory>
      <Execution id="cc85d3e6-d2d1-41ce-9a81-88e4a4fbab12" />
      <TestMethod codeBase="D:\actions-runner\_work\XPCO\XPCO\AllSolutions\..\SC\Components\RemoteViewer\SmartClient\tst\zSmartClient_UnitTest\bin\x64\Debug\net6.0-windows\zSmartClient_UnitTest.dll" adapterTypeName="executor://mstestadapter/v2" className="SmartClient_UnitTest.VideoOS.Shared.ServerAPI.ClientCredentialsTest" name="IsBasicUser_ShouldReturnTrue_WhenConstructedUsingSimple" />
    </UnitTest>
    <UnitTest name="Init_InitialStateLoaded_Success" storage="d:\actions-runner\_work\xpco\xpco\allsolutions\..\sc\components\remoteviewer\smartclient\tst\zsmartclient_unittest\bin\x64\debug\net6.0-windows\zsmartclient_unittest.dll" id="00c9ed3e-1b96-abed-4b9f-a4e09fd426a6">
      <TestCategory>
        <TestCategoryItem TestCategory="Search" />
      </TestCategory>
      <Execution id="92620fec-704e-420c-b508-a37fc9f98abe" />
      <TestMethod codeBase="D:\actions-runner\_work\XPCO\XPCO\AllSolutions\..\SC\Components\RemoteViewer\SmartClient\tst\zSmartClient_UnitTest\bin\x64\Debug\net6.0-windows\zSmartClient_UnitTest.dll" adapterTypeName="executor://mstestadapter/v2" className="SmartClient_UnitTest.VideoOS.RemoteClient.Plugin.CentralizedSearch.CentralizedSearchContentHolderTests" name="Init_InitialStateLoaded_Success" />
    </UnitTest>
    <UnitTest name="Ctor_CentralizedSearchState_ViewModelUpdatedAccordingly" storage="d:\actions-runner\_work\xpco\xpco\allsolutions\..\sc\components\remoteviewer\smartclient\tst\zsmartclient_unittest\bin\x64\debug\net6.0-windows\zsmartclient_unittest.dll" id="5f08cd58-65ec-6481-8a3e-55fd6d8233b0">
      <TestCategory>
        <TestCategoryItem TestCategory="SearchViewModels" />
      </TestCategory>
      <Execution id="f002f08b-95f7-4545-941f-47351af111f2" />
      <TestMethod codeBase="D:\actions-runner\_work\XPCO\XPCO\AllSolutions\..\SC\Components\RemoteViewer\SmartClient\tst\zSmartClient_UnitTest\bin\x64\Debug\net6.0-windows\zSmartClient_UnitTest.dll" adapterTypeName="executor://mstestadapter/v2" className="SmartClient_UnitTest.VideoOS.RemoteClient.Plugin.CentralizedSearch.ViewModels.SearchViewModelTests" name="Ctor_CentralizedSearchState_ViewModelUpdatedAccordingly" />
    </UnitTest>
    <UnitTest name="HandlePermissionDeniedResults_ShouldShowMessageAndToast (0,0)" storage="d:\actions-runner\_work\xpco\xpco\allsolutions\..\sc\components\remoteviewer\smartclient\tst\zsmartclient_unittest\bin\x64\debug\net6.0-windows\zsmartclient_unittest.dll" id="2601cc3d-6e23-30c8-fd9c-9008204c7b14">
      <TestCategory>
        <TestCategoryItem TestCategory="Managers" />
      </TestCategory>
      <Execution id="5b4a70d3-143e-4988-9ea7-c1e437b33f3f" />
      <TestMethod codeBase="D:\actions-runner\_work\XPCO\XPCO\AllSolutions\..\SC\Components\RemoteViewer\SmartClient\tst\zSmartClient_UnitTest\bin\x64\Debug\net6.0-windows\zSmartClient_UnitTest.dll" adapterTypeName="executor://mstestadapter/v2" className="SmartClient_UnitTest.VideoOS.RemoteClient.Application.Managers.ExportResultsNotificationHelperTests" name="HandlePermissionDeniedResults_ShouldShowMessageAndToast" />
    </UnitTest>
    <UnitTest name="AddItems_ThreeMapItems_ThreeClusterChanges" storage="d:\actions-runner\_work\xpco\xpco\allsolutions\..\sc\components\remoteviewer\smartclient\tst\zsmartclient_unittest\bin\x64\debug\net6.0-windows\zsmartclient_unittest.dll" id="be546a67-03cf-7dc5-701c-f28c8929b881">
      <TestCategory>
        <TestCategoryItem TestCategory="GisMapIndex" />
      </TestCategory>
      <Execution id="f7dc59d0-ab68-4617-bec9-9503520fcac3" />
      <TestMethod codeBase="D:\actions-runner\_work\XPCO\XPCO\AllSolutions\..\SC\Components\RemoteViewer\SmartClient\tst\zSmartClient_UnitTest\bin\x64\Debug\net6.0-windows\zSmartClient_UnitTest.dll" adapterTypeName="executor://mstestadapter/v2" className="SmartClient_UnitTest.VideoOS.RemoteClient.GisMapData.Common.Indexer.MapItemIndexerTests" name="AddItems_ThreeMapItems_ThreeClusterChanges" />
    </UnitTest>
    <UnitTest name="SetIncludePartialResults_ShouldRespectResultsToReselect_WhenResultsToReselectIsEmpty" storage="d:\actions-runner\_work\xpco\xpco\allsolutions\..\sc\components\remoteviewer\smartclient\tst\zsmartclient_unittest\bin\x64\debug\net6.0-windows\zsmartclient_unittest.dll" id="b6f07467-7831-36e3-42f4-7ae0ac1fdc16">
      <TestCategory>
        <TestCategoryItem TestCategory="SearchResultsPreprocessor" />
      </TestCategory>
      <Execution id="196c4f13-ca65-45dc-a2ac-80f0da354612" />
      <TestMethod codeBase="D:\actions-runner\_work\XPCO\XPCO\AllSolutions\..\SC\Components\RemoteViewer\SmartClient\tst\zSmartClient_UnitTest\bin\x64\Debug\net6.0-windows\zSmartClient_UnitTest.dll" adapterTypeName="executor://mstestadapter/v2" className="SmartClient_UnitTest.VideoOS.RemoteClient.Plugin.CentralizedSearch.Models.SearchResultsPreprocessorTests" name="SetIncludePartialResults_ShouldRespectResultsToReselect_WhenResultsToReselectIsEmpty" />
    </UnitTest>
    <UnitTest name="AddToExportDevices_ShouldAddToExportData (1)" storage="d:\actions-runner\_work\xpco\xpco\allsolutions\..\sc\components\remoteviewer\smartclient\tst\zsmartclient_unittest\bin\x64\debug\net6.0-windows\zsmartclient_unittest.dll" id="28ffae2f-901e-9d67-b616-b08f110fa5e0">
      <TestCategory>
        <TestCategoryItem TestCategory="Managers" />
      </TestCategory>
      <Execution id="6e10fd96-7439-4de6-a6b7-a384eb3abc2b" />
      <TestMethod codeBase="D:\actions-runner\_work\XPCO\XPCO\AllSolutions\..\SC\Components\RemoteViewer\SmartClient\tst\zSmartClient_UnitTest\bin\x64\Debug\net6.0-windows\zSmartClient_UnitTest.dll" adapterTypeName="executor://mstestadapter/v2" className="SmartClient_UnitTest.VideoOS.RemoteClient.Application.Managers.ExportManagerTests" name="AddToExportDevices_ShouldAddToExportData" />
    </UnitTest>
    <UnitTest name="SearchResultContainerView_OnItemActivated_SearchResultSelectedAndPreviousSelectionKept" storage="d:\actions-runner\_work\xpco\xpco\allsolutions\..\sc\components\remoteviewer\smartclient\tst\zsmartclient_unittest\bin\x64\debug\net6.0-windows\zsmartclient_unittest.dll" id="3439b9dc-7196-e05d-43e6-c0e2ac91454a">
      <TestCategory>
        <TestCategoryItem TestCategory="SearchViews" />
      </TestCategory>
      <Execution id="4256e466-b821-4cb2-900e-c65e5fb04457" />
      <TestMethod codeBase="D:\actions-runner\_work\XPCO\XPCO\AllSolutions\..\SC\Components\RemoteViewer\SmartClient\tst\zSmartClient_UnitTest\bin\x64\Debug\net6.0-windows\zSmartClient_UnitTest.dll" adapterTypeName="executor://mstestadapter/v2" className="SmartClient_UnitTest.VideoOS.RemoteClient.Plugin.CentralizedSearch.Views.SearchResultsViewTests" name="SearchResultContainerView_OnItemActivated_SearchResultSelectedAndPreviousSelectionKept" />
    </UnitTest>
    <UnitTest name="BuildMapOptions_ShouldHandleStringOptionsCorrectly (GisMapOpenStreetMapAlternativeServer,,False)" storage="d:\actions-runner\_work\xpco\xpco\allsolutions\..\sc\components\remoteviewer\smartclient\tst\zsmartclient_unittest\bin\x64\debug\net6.0-windows\zsmartclient_unittest.dll" id="634e382c-e414-92b0-7810-237df6007505">
      <Execution id="da64d98b-80c3-4555-97c0-a70af2afe68b" />
      <TestMethod codeBase="D:\actions-runner\_work\XPCO\XPCO\AllSolutions\..\SC\Components\RemoteViewer\SmartClient\tst\zSmartClient_UnitTest\bin\x64\Debug\net6.0-windows\zSmartClient_UnitTest.dll" adapterTypeName="executor://mstestadapter/v2" className="SmartClient_UnitTest.VideoOS.RemoteClient.Application.Common.Telemetry.TelemetryBuilderTests" name="BuildMapOptions_ShouldHandleStringOptionsCorrectly" />
    </UnitTest>
    <UnitTest name="OutputItemsMapLayer_Load_Save_DataIsSame_WhenOutputIsEnabled" storage="d:\actions-runner\_work\xpco\xpco\allsolutions\..\sc\components\remoteviewer\smartclient\tst\zsmartclient_unittest\bin\x64\debug\net6.0-windows\zsmartclient_unittest.dll" id="3fc559f5-bb13-876b-1485-1faebe02441c">
      <TestCategory>
        <TestCategoryItem TestCategory="GisMapLayer" />
      </TestCategory>
      <Execution id="96474681-e7d0-45cd-8bea-ad54b7c0112f" />
      <TestMethod codeBase="D:\actions-runner\_work\XPCO\XPCO\AllSolutions\..\SC\Components\RemoteViewer\SmartClient\tst\zSmartClient_UnitTest\bin\x64\Debug\net6.0-windows\zSmartClient_UnitTest.dll" adapterTypeName="executor://mstestadapter/v2" className="SmartClient_UnitTest.VideoOS.RemoteClient.GisMap.MapLayers.GisMapLayerTests" name="OutputItemsMapLayer_Load_Save_DataIsSame_WhenOutputIsEnabled" />
    </UnitTest>
    <UnitTest name="ToUnsafeName_UnderscoreSeperator_Failure" storage="d:\actions-runner\_work\xpco\xpco\allsolutions\..\sc\components\remoteviewer\smartclient\tst\zsmartclient_unittest\bin\x64\debug\net6.0-windows\zsmartclient_unittest.dll" id="ab87a2ac-ff1e-bd5f-59b1-9c79c2ca68fe">
      <Execution id="22f1061f-f7a0-457e-a367-ad5dd15debe6" />
      <TestMethod codeBase="D:\actions-runner\_work\XPCO\XPCO\AllSolutions\..\SC\Components\RemoteViewer\SmartClient\tst\zSmartClient_UnitTest\bin\x64\Debug\net6.0-windows\zSmartClient_UnitTest.dll" adapterTypeName="executor://mstestadapter/v2" className="SmartClient_UnitTest.VideoOS.RemoteClient.Application.Common.Scripting.ReservedJavascriptKeywordsTests" name="ToUnsafeName_UnderscoreSeperator_Failure" />
    </UnitTest>
    <UnitTest name="GetPartialDiffBetweenDictionaries_ShouldReturnCorrectValues (System.Collections.Generic.Dictionary`2[System.String,System.String],System.Collections.Generic.Dictionary`2[System.String,System.String],System.Collections.Generic.Dictionary`2[System.String,System.String])" storage="d:\actions-runner\_work\xpco\xpco\allsolutions\..\sc\components\remoteviewer\smartclient\tst\zsmartclient_unittest\bin\x64\debug\net6.0-windows\zsmartclient_unittest.dll" id="23522416-a281-f08a-eb85-d8c0fbc81978">
      <Execution id="008b0ae7-5378-498e-9718-72479f840579" />
      <TestMethod codeBase="D:\actions-runner\_work\XPCO\XPCO\AllSolutions\..\SC\Components\RemoteViewer\SmartClient\tst\zSmartClient_UnitTest\bin\x64\Debug\net6.0-windows\zSmartClient_UnitTest.dll" adapterTypeName="executor://mstestadapter/v2" className="SmartClient_UnitTest.VideoOS.RemoteClient.Application.Common.Telemetry.TelemetryBuilderTests" name="GetPartialDiffBetweenDictionaries_ShouldReturnCorrectValues" />
    </UnitTest>
    <UnitTest name="RemoveWorkroom_ShouldReturnFalse_WhenWorkroomToRemoveIsNotInWorkroomController" storage="d:\actions-runner\_work\xpco\xpco\allsolutions\..\sc\components\remoteviewer\smartclient\tst\zsmartclient_unittest\bin\x64\debug\net6.0-windows\zsmartclient_unittest.dll" id="89b47aac-6f01-eda4-d247-3a79dc9d2cab">
      <TestCategory>
        <TestCategoryItem TestCategory="WorkroomController" />
      </TestCategory>
      <Execution id="9ecee11f-ca8e-4ec5-b264-5e41f5cb904a" />
      <TestMethod codeBase="D:\actions-runner\_work\XPCO\XPCO\AllSolutions\..\SC\Components\RemoteViewer\SmartClient\tst\zSmartClient_UnitTest\bin\x64\Debug\net6.0-windows\zSmartClient_UnitTest.dll" adapterTypeName="executor://mstestadapter/v2" className="SmartClient_UnitTest.VideoOS.RemoteClient.Application.Controllers.WorkroomController.WorkroomControllerBaseTest" name="RemoveWorkroom_ShouldReturnFalse_WhenWorkroomToRemoveIsNotInWorkroomController" />
    </UnitTest>
    <UnitTest name="GetGisMapLayerFlyoutName_ShouldReturnMilestoneGisMapServiceName_WhenGeographicLayerIsAvailableAndAlternativeServerIsEmpty" storage="d:\actions-runner\_work\xpco\xpco\allsolutions\..\sc\components\remoteviewer\smartclient\tst\zsmartclient_unittest\bin\x64\debug\net6.0-windows\zsmartclient_unittest.dll" id="4190041e-4d7b-4cda-212b-4ae0c9029e36">
      <TestCategory>
        <TestCategoryItem TestCategory="GisMapData.Controllers.Osm" />
      </TestCategory>
      <Execution id="762781fd-c86f-4362-b980-0e4302154184" />
      <TestMethod codeBase="D:\actions-runner\_work\XPCO\XPCO\AllSolutions\..\SC\Components\RemoteViewer\SmartClient\tst\zSmartClient_UnitTest\bin\x64\Debug\net6.0-windows\zSmartClient_UnitTest.dll" adapterTypeName="executor://mstestadapter/v2" className="SmartClient_UnitTest.VideoOS.RemoteClient.GisMapData.Controllers.Osm.GisMapOsmControllerTests" name="GetGisMapLayerFlyoutName_ShouldReturnMilestoneGisMapServiceName_WhenGeographicLayerIsAvailableAndAlternativeServerIsEmpty" />
    </UnitTest>
    <UnitTest name="Related_devices_removed_when_camera_removed" storage="d:\actions-runner\_work\xpco\xpco\allsolutions\..\sc\components\remoteviewer\smartclient\tst\zsmartclient_unittest\bin\x64\debug\net6.0-windows\zsmartclient_unittest.dll" id="cdf3455a-ff33-49bd-8e27-f8c9df19be38">
      <Execution id="99548809-9da7-4f81-8c4b-7521930d52d7" />
      <TestMethod codeBase="D:\actions-runner\_work\XPCO\XPCO\AllSolutions\..\SC\Components\RemoteViewer\SmartClient\tst\zSmartClient_UnitTest\bin\x64\Debug\net6.0-windows\zSmartClient_UnitTest.dll" adapterTypeName="executor://mstestadapter/v2" className="SmartClient_UnitTest.VideoOS.RemoteClient.Application.Components.EvidenceLock.EvidenceLockRelatedDeviceTests" name="Related_devices_removed_when_camera_removed" />
    </UnitTest>
    <UnitTest name="AddApiKey_WhereApiKeyValid_ReturnsGoogleMapsUrl" storage="d:\actions-runner\_work\xpco\xpco\allsolutions\..\sc\components\remoteviewer\smartclient\tst\zsmartclient_unittest\bin\x64\debug\net6.0-windows\zsmartclient_unittest.dll" id="beb419e5-5bec-3550-745e-1f14592b96f7">
      <Execution id="97e98bd5-8479-45cd-8df9-6973d822cf79" />
      <TestMethod codeBase="D:\actions-runner\_work\XPCO\XPCO\AllSolutions\..\SC\Components\RemoteViewer\SmartClient\tst\zSmartClient_UnitTest\bin\x64\Debug\net6.0-windows\zSmartClient_UnitTest.dll" adapterTypeName="executor://mstestadapter/v2" className="SmartClient_UnitTest.VideoOS.RemoteClient.Plugin.GisMap.Utilities.GoogleApiUrlTest" name="AddApiKey_WhereApiKeyValid_ReturnsGoogleMapsUrl" />
    </UnitTest>
    <UnitTest name="ShowNotificationMessage_SetsCorrectDisplayProperties_WhenCalled" storage="d:\actions-runner\_work\xpco\xpco\allsolutions\..\sc\components\remoteviewer\smartclient\tst\zsmartclient_unittest\bin\x64\debug\net6.0-windows\zsmartclient_unittest.dll" id="4672bcf4-734d-4ad9-761e-d152a3dbb36b">
      <TestCategory>
        <TestCategoryItem TestCategory="GisMapContentHolderTests" />
      </TestCategory>
      <Execution id="033c367e-7a72-4ed4-8112-ea9f9e22a121" />
      <TestMethod codeBase="D:\actions-runner\_work\XPCO\XPCO\AllSolutions\..\SC\Components\RemoteViewer\SmartClient\tst\zSmartClient_UnitTest\bin\x64\Debug\net6.0-windows\zSmartClient_UnitTest.dll" adapterTypeName="executor://mstestadapter/v2" className="SmartClient_UnitTest.VideoOS.RemoteClient.Plugin.GisMap.ContentHolderTests" name="ShowNotificationMessage_SetsCorrectDisplayProperties_WhenCalled" />
    </UnitTest>
    <UnitTest name="Dispose_ActiveSearchResults_DefinitionsCancelled" storage="d:\actions-runner\_work\xpco\xpco\allsolutions\..\sc\components\remoteviewer\smartclient\tst\zsmartclient_unittest\bin\x64\debug\net6.0-windows\zsmartclient_unittest.dll" id="83e5fe5b-931d-f217-a151-96bc1abdc89d">
      <TestCategory>
        <TestCategoryItem TestCategory="SearchModels" />
      </TestCategory>
      <Execution id="b0f0a8f5-ceba-4c2a-8d95-28669f60255e" />
      <TestMethod codeBase="D:\actions-runner\_work\XPCO\XPCO\AllSolutions\..\SC\Components\RemoteViewer\SmartClient\tst\zSmartClient_UnitTest\bin\x64\Debug\net6.0-windows\zSmartClient_UnitTest.dll" adapterTypeName="executor://mstestadapter/v2" className="SmartClient_UnitTest.VideoOS.RemoteClient.Plugin.CentralizedSearch.Models.SearchModelTests" name="Dispose_ActiveSearchResults_DefinitionsCancelled" />
    </UnitTest>
    <UnitTest name="Convert_ShouldReturnTextBlock_WhenValueIsString" storage="d:\actions-runner\_work\xpco\xpco\allsolutions\..\sc\components\remoteviewer\smartclient\tst\zsmartclient_unittest\bin\x64\debug\net6.0-windows\zsmartclient_unittest.dll" id="782e99d7-36f7-67c7-e68d-cb6d91a4a048">
      <Execution id="667ecfa8-1a27-4555-b91c-d4e678199407" />
      <TestMethod codeBase="D:\actions-runner\_work\XPCO\XPCO\AllSolutions\..\SC\Components\RemoteViewer\SmartClient\tst\zSmartClient_UnitTest\bin\x64\Debug\net6.0-windows\zSmartClient_UnitTest.dll" adapterTypeName="executor://mstestadapter/v2" className="SmartClient_UnitTest.VideoOS.Common.UIThemes.ContentToTooltipTextConverterTests" name="Convert_ShouldReturnTextBlock_WhenValueIsString" />
    </UnitTest>
    <UnitTest name="PointMapItem_CameraDeviceWithNoShortName_Success" storage="d:\actions-runner\_work\xpco\xpco\allsolutions\..\sc\components\remoteviewer\smartclient\tst\zsmartclient_unittest\bin\x64\debug\net6.0-windows\zsmartclient_unittest.dll" id="2b4d39ea-1010-36f3-4fa9-2911297ae4a4">
      <TestCategory>
        <TestCategoryItem TestCategory="GisMapMapItem" />
      </TestCategory>
      <Execution id="baa49ad9-3e9c-4d31-90b2-f4c953dec18b" />
      <TestMethod codeBase="D:\actions-runner\_work\XPCO\XPCO\AllSolutions\..\SC\Components\RemoteViewer\SmartClient\tst\zSmartClient_UnitTest\bin\x64\Debug\net6.0-windows\zSmartClient_UnitTest.dll" adapterTypeName="executor://mstestadapter/v2" className="SmartClient_UnitTest.VideoOS.RemoteClient.GisMap.MapItem.MapItemTests" name="PointMapItem_CameraDeviceWithNoShortName_Success" />
    </UnitTest>
    <UnitTest name="Deserialize_MissingScopeDurationAndFromToValues_DefaultsToTwoHours" storage="d:\actions-runner\_work\xpco\xpco\allsolutions\..\sc\components\remoteviewer\smartclient\tst\zsmartclient_unittest\bin\x64\debug\net6.0-windows\zsmartclient_unittest.dll" id="65cfed84-d8b7-91f1-c7b3-2b30cf50cfed">
      <TestCategory>
        <TestCategoryItem TestCategory="SearchModels" />
      </TestCategory>
      <Execution id="f35b99f5-69e3-44e2-96e8-0fc6bcd96b55" />
      <TestMethod codeBase="D:\actions-runner\_work\XPCO\XPCO\AllSolutions\..\SC\Components\RemoteViewer\SmartClient\tst\zSmartClient_UnitTest\bin\x64\Debug\net6.0-windows\zSmartClient_UnitTest.dll" adapterTypeName="executor://mstestadapter/v2" className="SmartClient_UnitTest.VideoOS.RemoteClient.Plugin.CentralizedSearch.Models.SearchModelTests" name="Deserialize_MissingScopeDurationAndFromToValues_DefaultsToTwoHours" />
    </UnitTest>
    <UnitTest name="Convert_NoCamerasSelectionsButOneSearchDefinition_Collapsed" storage="d:\actions-runner\_work\xpco\xpco\allsolutions\..\sc\components\remoteviewer\smartclient\tst\zsmartclient_unittest\bin\x64\debug\net6.0-windows\zsmartclient_unittest.dll" id="f4c83ffd-478a-19b7-4825-b6d0081bab21">
      <TestCategory>
        <TestCategoryItem TestCategory="SearchConverter" />
      </TestCategory>
      <Execution id="259dd791-caf8-4101-b072-11eaaf9713a3" />
      <TestMethod codeBase="D:\actions-runner\_work\XPCO\XPCO\AllSolutions\..\SC\Components\RemoteViewer\SmartClient\tst\zSmartClient_UnitTest\bin\x64\Debug\net6.0-windows\zSmartClient_UnitTest.dll" adapterTypeName="executor://mstestadapter/v2" className="SmartClient_UnitTest.VideoOS.RemoteClient.Plugin.CentralizedSearch.Views.Converters.NoCriteriaSelectedGridVisibilityConverterTests" name="Convert_NoCamerasSelectionsButOneSearchDefinition_Collapsed" />
    </UnitTest>
    <UnitTest name="Close_MultipleSearchFilterCategoriesInManager_SearchDefinitionDestroyedForEachCategory" storage="d:\actions-runner\_work\xpco\xpco\allsolutions\..\sc\components\remoteviewer\smartclient\tst\zsmartclient_unittest\bin\x64\debug\net6.0-windows\zsmartclient_unittest.dll" id="3ff67012-33f7-cd39-573d-f3e6ab37a120">
      <TestCategory>
        <TestCategoryItem TestCategory="Search" />
      </TestCategory>
      <Execution id="67caac1c-525e-4600-88e9-054bd3841a0a" />
      <TestMethod codeBase="D:\actions-runner\_work\XPCO\XPCO\AllSolutions\..\SC\Components\RemoteViewer\SmartClient\tst\zSmartClient_UnitTest\bin\x64\Debug\net6.0-windows\zSmartClient_UnitTest.dll" adapterTypeName="executor://mstestadapter/v2" className="SmartClient_UnitTest.VideoOS.RemoteClient.Plugin.CentralizedSearch.MIPPlugin.CompositeSearchDefinitionTests" name="Close_MultipleSearchFilterCategoriesInManager_SearchDefinitionDestroyedForEachCategory" />
    </UnitTest>
    <UnitTest name="CreateGeometry_FourCornerBuildingNotClosed_Success" storage="d:\actions-runner\_work\xpco\xpco\allsolutions\..\sc\components\remoteviewer\smartclient\tst\zsmartclient_unittest\bin\x64\debug\net6.0-windows\zsmartclient_unittest.dll" id="8338d7c2-18e7-4534-499f-88d705208b50">
      <TestCategory>
        <TestCategoryItem TestCategory="GisMapIndex" />
      </TestCategory>
      <Execution id="325af0ad-e474-4493-8803-b38f6bf189af" />
      <TestMethod codeBase="D:\actions-runner\_work\XPCO\XPCO\AllSolutions\..\SC\Components\RemoteViewer\SmartClient\tst\zSmartClient_UnitTest\bin\x64\Debug\net6.0-windows\zSmartClient_UnitTest.dll" adapterTypeName="executor://mstestadapter/v2" className="SmartClient_UnitTest.VideoOS.RemoteClient.GisMapData.Common.Indexer.IndexUtilTests" name="CreateGeometry_FourCornerBuildingNotClosed_Success" />
    </UnitTest>
    <UnitTest name="GetDuration_SeveralDays_Success" storage="d:\actions-runner\_work\xpco\xpco\allsolutions\..\sc\components\remoteviewer\smartclient\tst\zsmartclient_unittest\bin\x64\debug\net6.0-windows\zsmartclient_unittest.dll" id="866f7855-bb2c-7de3-0df1-014de8905cab">
      <TestCategory>
        <TestCategoryItem TestCategory="Search" />
      </TestCategory>
      <Execution id="d6286bb5-e0e0-4d7b-899e-f370fab8ef5c" />
      <TestMethod codeBase="D:\actions-runner\_work\XPCO\XPCO\AllSolutions\..\SC\Components\RemoteViewer\SmartClient\tst\zSmartClient_UnitTest\bin\x64\Debug\net6.0-windows\zSmartClient_UnitTest.dll" adapterTypeName="executor://mstestadapter/v2" className="SmartClient_UnitTest.VideoOS.RemoteClient.Plugin.CentralizedSearch.ViewModels.Data.TimeScopeTests" name="GetDuration_SeveralDays_Success" />
    </UnitTest>
    <UnitTest name="OpenStreetMapLayer_IsGeographic_Save_Success" storage="d:\actions-runner\_work\xpco\xpco\allsolutions\..\sc\components\remoteviewer\smartclient\tst\zsmartclient_unittest\bin\x64\debug\net6.0-windows\zsmartclient_unittest.dll" id="d15a2abd-55c2-7d70-0462-a973f8ec2ac3">
      <TestCategory>
        <TestCategoryItem TestCategory="GisMapLayer" />
      </TestCategory>
      <Execution id="057a2414-e5a0-4d90-bb07-68564c5fa5cb" />
      <TestMethod codeBase="D:\actions-runner\_work\XPCO\XPCO\AllSolutions\..\SC\Components\RemoteViewer\SmartClient\tst\zSmartClient_UnitTest\bin\x64\Debug\net6.0-windows\zSmartClient_UnitTest.dll" adapterTypeName="executor://mstestadapter/v2" className="SmartClient_UnitTest.VideoOS.RemoteClient.GisMap.MapLayers.GisMapLayerTests" name="OpenStreetMapLayer_IsGeographic_Save_Success" />
    </UnitTest>
    <UnitTest name="AddSelectedWindowsToExport_ShouldShowCorrectToastMessages (0,5,0)" storage="d:\actions-runner\_work\xpco\xpco\allsolutions\..\sc\components\remoteviewer\smartclient\tst\zsmartclient_unittest\bin\x64\debug\net6.0-windows\zsmartclient_unittest.dll" id="cbf3c026-1275-2ce4-480a-ebd0ee5d1112">
      <TestCategory>
        <TestCategoryItem TestCategory="Managers" />
      </TestCategory>
      <Execution id="2a0e34d4-5259-4014-a486-07e87a750b7d" />
      <TestMethod codeBase="D:\actions-runner\_work\XPCO\XPCO\AllSolutions\..\SC\Components\RemoteViewer\SmartClient\tst\zSmartClient_UnitTest\bin\x64\Debug\net6.0-windows\zSmartClient_UnitTest.dll" adapterTypeName="executor://mstestadapter/v2" className="SmartClient_UnitTest.VideoOS.RemoteClient.Application.Managers.ExportManagerTests" name="AddSelectedWindowsToExport_ShouldShowCorrectToastMessages" />
    </UnitTest>
    <UnitTest name="Extending_Is_Disabled_When_Create_Rights_Missing" storage="d:\actions-runner\_work\xpco\xpco\allsolutions\..\sc\components\remoteviewer\smartclient\tst\zsmartclient_unittest\bin\x64\debug\net6.0-windows\zsmartclient_unittest.dll" id="6da29afb-8acf-3f8d-692b-690d3f268744">
      <Execution id="19596cff-e8ae-46ce-ba20-bc7241094254" />
      <TestMethod codeBase="D:\actions-runner\_work\XPCO\XPCO\AllSolutions\..\SC\Components\RemoteViewer\SmartClient\tst\zSmartClient_UnitTest\bin\x64\Debug\net6.0-windows\zSmartClient_UnitTest.dll" adapterTypeName="executor://mstestadapter/v2" className="SmartClient_UnitTest.VideoOS.RemoteClient.Application.Components.EvidenceLock.EvidenceLockEditModeUserRightTests" name="Extending_Is_Disabled_When_Create_Rights_Missing" />
    </UnitTest>
    <UnitTest name="Ctor_WpfMessageBoxButtonIsSetToYesNoCancel_OnlyYesNoCancelButtonsVisible" storage="d:\actions-runner\_work\xpco\xpco\allsolutions\..\sc\components\remoteviewer\smartclient\tst\zsmartclient_unittest\bin\x64\debug\net6.0-windows\zsmartclient_unittest.dll" id="bdb27dac-eff0-8887-ff55-d405cca80355">
      <Execution id="23c0bddb-c322-4d62-900f-b12180b554aa" />
      <TestMethod codeBase="D:\actions-runner\_work\XPCO\XPCO\AllSolutions\..\SC\Components\RemoteViewer\SmartClient\tst\zSmartClient_UnitTest\bin\x64\Debug\net6.0-windows\zSmartClient_UnitTest.dll" adapterTypeName="executor://mstestadapter/v2" className="SmartClient_UnitTest.VideoOS.RemoteClient.Application.UI.Common.MessageBoxWithList.MessageBoxWithListViewModelTests" name="Ctor_WpfMessageBoxButtonIsSetToYesNoCancel_OnlyYesNoCancelButtonsVisible" />
    </UnitTest>
    <UnitTest name="GetCredential_ShouldReturnContainedWindowsCredentials_WhenUriAndAuthTypeAreNotNull" storage="d:\actions-runner\_work\xpco\xpco\allsolutions\..\sc\components\remoteviewer\smartclient\tst\zsmartclient_unittest\bin\x64\debug\net6.0-windows\zsmartclient_unittest.dll" id="2b8f6313-6f64-c487-2e4c-3d07b5bd4159">
      <TestCategory>
        <TestCategoryItem TestCategory="Authentication.ClientCredentials" />
      </TestCategory>
      <Execution id="225556f0-e67c-463c-b13f-aa89e3d6d6bd" />
      <TestMethod codeBase="D:\actions-runner\_work\XPCO\XPCO\AllSolutions\..\SC\Components\RemoteViewer\SmartClient\tst\zSmartClient_UnitTest\bin\x64\Debug\net6.0-windows\zSmartClient_UnitTest.dll" adapterTypeName="executor://mstestadapter/v2" className="SmartClient_UnitTest.VideoOS.Shared.ServerAPI.ClientCredentialsTest" name="GetCredential_ShouldReturnContainedWindowsCredentials_WhenUriAndAuthTypeAreNotNull" />
    </UnitTest>
    <UnitTest name="DrawCore_ShouldRemoveAllTransientMarkers_WhenNoTransientItemsToDisplay" storage="d:\actions-runner\_work\xpco\xpco\allsolutions\..\sc\components\remoteviewer\smartclient\tst\zsmartclient_unittest\bin\x64\debug\net6.0-windows\zsmartclient_unittest.dll" id="efaca709-8a13-6b06-ae96-68d58720423e">
      <TestCategory>
        <TestCategoryItem TestCategory="SmartMap.MapItemsOverlay" />
      </TestCategory>
      <Execution id="a3ad6dc5-81c5-4209-b715-aaf7707d6fb7" />
      <TestMethod codeBase="D:\actions-runner\_work\XPCO\XPCO\AllSolutions\..\SC\Components\RemoteViewer\SmartClient\tst\zSmartClient_UnitTest\bin\x64\Debug\net6.0-windows\zSmartClient_UnitTest.dll" adapterTypeName="executor://mstestadapter/v2" className="SmartClient_UnitTest.VideoOS.RemoteClient.Plugin.GisMap.ThinkGeoMap.SpecializedOverlays.Overlays.MapItemsOverlayTests" name="DrawCore_ShouldRemoveAllTransientMarkers_WhenNoTransientItemsToDisplay" />
    </UnitTest>
    <UnitTest name="GetPartialDiffBetweenDictionaries_ShouldReturnCorrectValues (System.Collections.Generic.Dictionary`2[System.String,System.String],System.Collections.Generic.Dictionary`2[System.String,System.String],System.Collections.Generic.Dictionary`2[System.String,System.String])" storage="d:\actions-runner\_work\xpco\xpco\allsolutions\..\sc\components\remoteviewer\smartclient\tst\zsmartclient_unittest\bin\x64\debug\net6.0-windows\zsmartclient_unittest.dll" id="2477d472-bfaa-26c5-aa9b-d6406e79167b">
      <Execution id="59fdb4a9-aadf-4f19-bccf-2f5724c741e0" />
      <TestMethod codeBase="D:\actions-runner\_work\XPCO\XPCO\AllSolutions\..\SC\Components\RemoteViewer\SmartClient\tst\zSmartClient_UnitTest\bin\x64\Debug\net6.0-windows\zSmartClient_UnitTest.dll" adapterTypeName="executor://mstestadapter/v2" className="SmartClient_UnitTest.VideoOS.RemoteClient.Application.Common.Telemetry.TelemetryBuilderTests" name="GetPartialDiffBetweenDictionaries_ShouldReturnCorrectValues" />
    </UnitTest>
    <UnitTest name="OnLoaded_NullFactory_DoesNotCrash" storage="d:\actions-runner\_work\xpco\xpco\allsolutions\..\sc\components\remoteviewer\smartclient\tst\zsmartclient_unittest\bin\x64\debug\net6.0-windows\zsmartclient_unittest.dll" id="025863ce-ac84-e56c-d6b6-947b70b4b25d">
      <TestCategory>
        <TestCategoryItem TestCategory="Search.SmartMapPreview" />
      </TestCategory>
      <Execution id="cba00cc9-5e47-4754-bdad-9f826b3768cb" />
      <TestMethod codeBase="D:\actions-runner\_work\XPCO\XPCO\AllSolutions\..\SC\Components\RemoteViewer\SmartClient\tst\zSmartClient_UnitTest\bin\x64\Debug\net6.0-windows\zSmartClient_UnitTest.dll" adapterTypeName="executor://mstestadapter/v2" className="SmartClient_UnitTest.VideoOS.RemoteClient.Plugin.CentralizedSearch.Views.Controls.SmartMap.SmartMapPreviewTests" name="OnLoaded_NullFactory_DoesNotCrash" />
    </UnitTest>
    <UnitTest name="TestCreateWorkroom_Two_Success" storage="d:\actions-runner\_work\xpco\xpco\allsolutions\..\sc\components\remoteviewer\smartclient\tst\zsmartclient_unittest\bin\x64\debug\net6.0-windows\zsmartclient_unittest.dll" id="7e90dd26-5432-8bfa-3839-6557709d9ac8">
      <TestCategory>
        <TestCategoryItem TestCategory="WorkroomController" />
      </TestCategory>
      <Execution id="4bd6aad0-831d-47a3-915d-d7e7385a45d5" />
      <TestMethod codeBase="D:\actions-runner\_work\XPCO\XPCO\AllSolutions\..\SC\Components\RemoteViewer\SmartClient\tst\zSmartClient_UnitTest\bin\x64\Debug\net6.0-windows\zSmartClient_UnitTest.dll" adapterTypeName="executor://mstestadapter/v2" className="VideoOS.RemoteClient.Application.Controllers.WorkroomController.UnitTest.TabWorkroomControllerTest" name="TestCreateWorkroom_Two_Success" />
    </UnitTest>
    <UnitTest name="AddToExportDevices_ShouldReturnCorrectResult (0,0,1)" storage="d:\actions-runner\_work\xpco\xpco\allsolutions\..\sc\components\remoteviewer\smartclient\tst\zsmartclient_unittest\bin\x64\debug\net6.0-windows\zsmartclient_unittest.dll" id="a4454a32-a746-255e-e8d1-796a08c296b1">
      <TestCategory>
        <TestCategoryItem TestCategory="Managers" />
      </TestCategory>
      <Execution id="55e598cc-fe7b-47c6-91d1-166d81dc400c" />
      <TestMethod codeBase="D:\actions-runner\_work\XPCO\XPCO\AllSolutions\..\SC\Components\RemoteViewer\SmartClient\tst\zSmartClient_UnitTest\bin\x64\Debug\net6.0-windows\zSmartClient_UnitTest.dll" adapterTypeName="executor://mstestadapter/v2" className="SmartClient_UnitTest.VideoOS.RemoteClient.Application.Managers.ExportManagerTests" name="AddToExportDevices_ShouldReturnCorrectResult" />
    </UnitTest>
    <UnitTest name="RaiseUpdateMutedMicrophonesAsync_ShouldMutedMicrophones_WhenEventIsRaised" storage="d:\actions-runner\_work\xpco\xpco\allsolutions\..\sc\components\remoteviewer\smartclient\tst\zsmartclient_unittest\bin\x64\debug\net6.0-windows\zsmartclient_unittest.dll" id="895eb9fc-2343-3650-d2d8-97e69df3493b">
      <TestCategory>
        <TestCategoryItem TestCategory="GisMapAudioController" />
      </TestCategory>
      <Execution id="cdf155a2-5174-489c-b4da-5dc72d6501a9" />
      <TestMethod codeBase="D:\actions-runner\_work\XPCO\XPCO\AllSolutions\..\SC\Components\RemoteViewer\SmartClient\tst\zSmartClient_UnitTest\bin\x64\Debug\net6.0-windows\zSmartClient_UnitTest.dll" adapterTypeName="executor://mstestadapter/v2" className="SmartClient_UnitTest.VideoOS.RemoteClient.GisMapData.GisMapAudioControllerTests" name="RaiseUpdateMutedMicrophonesAsync_ShouldMutedMicrophones_WhenEventIsRaised" />
    </UnitTest>
    <UnitTest name="MapLayerType_ShouldBeOutputItemsMapLayer_WhenCalled" storage="d:\actions-runner\_work\xpco\xpco\allsolutions\..\sc\components\remoteviewer\smartclient\tst\zsmartclient_unittest\bin\x64\debug\net6.0-windows\zsmartclient_unittest.dll" id="d1c49c69-fe5f-8257-84d6-6eb683f2a033">
      <Execution id="25e72e68-53dc-4c20-b679-5cd4cd0013a3" />
      <TestMethod codeBase="D:\actions-runner\_work\XPCO\XPCO\AllSolutions\..\SC\Components\RemoteViewer\SmartClient\tst\zSmartClient_UnitTest\bin\x64\Debug\net6.0-windows\zSmartClient_UnitTest.dll" adapterTypeName="executor://mstestadapter/v2" className="SmartClient_UnitTest.VideoOS.RemoteClient.GisMapData.Strategies.MapLayers.OutputMapLayerDatagramClassFactoryStrategyTests" name="MapLayerType_ShouldBeOutputItemsMapLayer_WhenCalled" />
    </UnitTest>
    <UnitTest name="SidePanelToggleButtonIsVisible_DependingOnConditions (Normal,False,False,False)" storage="d:\actions-runner\_work\xpco\xpco\allsolutions\..\sc\components\remoteviewer\smartclient\tst\zsmartclient_unittest\bin\x64\debug\net6.0-windows\zsmartclient_unittest.dll" id="34039ecd-ee8b-6055-7cde-d7cfbc3f929e">
      <TestCategory>
        <TestCategoryItem TestCategory="WorkspaceToolbar" />
      </TestCategory>
      <Execution id="28d1bccc-8167-4199-9889-a04b80b81fad" />
      <TestMethod codeBase="D:\actions-runner\_work\XPCO\XPCO\AllSolutions\..\SC\Components\RemoteViewer\SmartClient\tst\zSmartClient_UnitTest\bin\x64\Debug\net6.0-windows\zSmartClient_UnitTest.dll" adapterTypeName="executor://mstestadapter/v2" className="SmartClient_UnitTest.VideoOS.RemoteClient.Application.UI.Content.WorkspaceToolbar.WorkspaceToolbarViewModelTests" name="SidePanelToggleButtonIsVisible_DependingOnConditions" />
    </UnitTest>
    <UnitTest name="Convert_ShouldRaiseInvalidCastException_WhenParameterIsAnInteractionState" storage="d:\actions-runner\_work\xpco\xpco\allsolutions\..\sc\components\remoteviewer\smartclient\tst\zsmartclient_unittest\bin\x64\debug\net6.0-windows\zsmartclient_unittest.dll" id="a00003bd-aa50-3927-aba0-52fe02475d39">
      <TestCategory>
        <TestCategoryItem TestCategory="GisMap.InteractionStateConverter" />
      </TestCategory>
      <Execution id="fd110cf9-7aa2-493d-a84f-9729854ba1a8" />
      <TestMethod codeBase="D:\actions-runner\_work\XPCO\XPCO\AllSolutions\..\SC\Components\RemoteViewer\SmartClient\tst\zSmartClient_UnitTest\bin\x64\Debug\net6.0-windows\zSmartClient_UnitTest.dll" adapterTypeName="executor://mstestadapter/v2" className="SmartClient_UnitTest.VideoOS.RemoteClient.Plugin.GisMap.View.InteractionStateConverterTests" name="Convert_ShouldRaiseInvalidCastException_WhenParameterIsAnInteractionState" />
    </UnitTest>
    <UnitTest name="GetSnapshots_UnauthorizedAccess_Failure" storage="d:\actions-runner\_work\xpco\xpco\allsolutions\..\sc\components\remoteviewer\smartclient\tst\zsmartclient_unittest\bin\x64\debug\net6.0-windows\zsmartclient_unittest.dll" id="40de1517-d6a6-7e31-1713-862fa25a82b9">
      <TestCategory>
        <TestCategoryItem TestCategory="Search" />
      </TestCategory>
      <Execution id="eaa9806d-d395-4ba2-80f9-64bae9232b38" />
      <TestMethod codeBase="D:\actions-runner\_work\XPCO\XPCO\AllSolutions\..\SC\Components\RemoteViewer\SmartClient\tst\zSmartClient_UnitTest\bin\x64\Debug\net6.0-windows\zSmartClient_UnitTest.dll" adapterTypeName="executor://mstestadapter/v2" className="SmartClient_UnitTest.VideoOS.RemoteClient.Plugin.CentralizedSearch.ViewModels.Data.SnapshotHandlerTests" name="GetSnapshots_UnauthorizedAccess_Failure" />
    </UnitTest>
    <UnitTest name="Convert_ShouldReturnUnchangedObject_WhenCustomObjectIsUsed" storage="d:\actions-runner\_work\xpco\xpco\allsolutions\..\sc\components\remoteviewer\smartclient\tst\zsmartclient_unittest\bin\x64\debug\net6.0-windows\zsmartclient_unittest.dll" id="7e1fdf53-1cce-0f14-6eba-6df4732e28ac">
      <Execution id="ba441a41-8e15-454f-a4fa-55b0efa3fd0e" />
      <TestMethod codeBase="D:\actions-runner\_work\XPCO\XPCO\AllSolutions\..\SC\Components\RemoteViewer\SmartClient\tst\zSmartClient_UnitTest\bin\x64\Debug\net6.0-windows\zSmartClient_UnitTest.dll" adapterTypeName="executor://mstestadapter/v2" className="SmartClient_UnitTest.VideoOS.Common.UIThemes.ContentToTooltipTextConverterTests" name="Convert_ShouldReturnUnchangedObject_WhenCustomObjectIsUsed" />
    </UnitTest>
    <UnitTest name="CalculateNewExtent_ShouldLimitExtent_WhenBeyondMaxOnUpperLeftEdge" storage="d:\actions-runner\_work\xpco\xpco\allsolutions\..\sc\components\remoteviewer\smartclient\tst\zsmartclient_unittest\bin\x64\debug\net6.0-windows\zsmartclient_unittest.dll" id="2978490b-f335-bd98-3d44-ea762b2e8674">
      <TestCategory>
        <TestCategoryItem TestCategory="MipItemsUpdateStrategy" />
      </TestCategory>
      <Execution id="ffa6d99f-4d4d-4473-9e46-01fbe1e463da" />
      <TestMethod codeBase="D:\actions-runner\_work\XPCO\XPCO\AllSolutions\..\SC\Components\RemoteViewer\SmartClient\tst\zSmartClient_UnitTest\bin\x64\Debug\net6.0-windows\zSmartClient_UnitTest.dll" adapterTypeName="executor://mstestadapter/v2" className="SmartClient_UnitTest.VideoOS.RemoteClient.Plugin.GisMap.MIP.MipItemsUpdateStrategyTests" name="CalculateNewExtent_ShouldLimitExtent_WhenBeyondMaxOnUpperLeftEdge" />
    </UnitTest>
    <UnitTest name="GetOsmServerAddress_ShouldReturnEmptyString_WhenGeographicLayerIsNullAndAlternativeServerIsEmpty" storage="d:\actions-runner\_work\xpco\xpco\allsolutions\..\sc\components\remoteviewer\smartclient\tst\zsmartclient_unittest\bin\x64\debug\net6.0-windows\zsmartclient_unittest.dll" id="0aadc201-49e1-bf75-6608-564242125dc2">
      <TestCategory>
        <TestCategoryItem TestCategory="GisMapData.Controllers.Osm" />
      </TestCategory>
      <Execution id="67a293b0-6781-4db8-8c39-9966a738f151" />
      <TestMethod codeBase="D:\actions-runner\_work\XPCO\XPCO\AllSolutions\..\SC\Components\RemoteViewer\SmartClient\tst\zSmartClient_UnitTest\bin\x64\Debug\net6.0-windows\zSmartClient_UnitTest.dll" adapterTypeName="executor://mstestadapter/v2" className="SmartClient_UnitTest.VideoOS.RemoteClient.GisMapData.Controllers.Osm.GisMapOsmControllerTests" name="GetOsmServerAddress_ShouldReturnEmptyString_WhenGeographicLayerIsNullAndAlternativeServerIsEmpty" />
    </UnitTest>
    <UnitTest name="PointMapItem_Load_Output_Success" storage="d:\actions-runner\_work\xpco\xpco\allsolutions\..\sc\components\remoteviewer\smartclient\tst\zsmartclient_unittest\bin\x64\debug\net6.0-windows\zsmartclient_unittest.dll" id="947e66f8-3edd-6840-266f-9e5f8a6ffe6e">
      <TestCategory>
        <TestCategoryItem TestCategory="GisMapData.MapItem.Outputs" />
      </TestCategory>
      <Execution id="e0799d5b-0998-4725-b977-2fd3485469f5" />
      <TestMethod codeBase="D:\actions-runner\_work\XPCO\XPCO\AllSolutions\..\SC\Components\RemoteViewer\SmartClient\tst\zSmartClient_UnitTest\bin\x64\Debug\net6.0-windows\zSmartClient_UnitTest.dll" adapterTypeName="executor://mstestadapter/v2" className="SmartClient_UnitTest.VideoOS.RemoteClient.GisMapData.MapItem.Outputs.OutputMapItemTests" name="PointMapItem_Load_Output_Success" />
    </UnitTest>
    <UnitTest name="WaitForItemAsync_WhenAdded_WaitsCorrectlyForItem" storage="d:\actions-runner\_work\xpco\xpco\allsolutions\..\sc\components\remoteviewer\smartclient\tst\zsmartclient_unittest\bin\x64\debug\net6.0-windows\zsmartclient_unittest.dll" id="5aee1987-ec48-787b-31d3-fe2a9e31e772">
      <Execution id="135df063-4441-46fd-ba85-7a381b290305" />
      <TestMethod codeBase="D:\actions-runner\_work\XPCO\XPCO\AllSolutions\..\SC\Components\RemoteViewer\SmartClient\tst\zSmartClient_UnitTest\bin\x64\Debug\net6.0-windows\zSmartClient_UnitTest.dll" adapterTypeName="executor://mstestadapter/v2" className="SmartClient_UnitTest.VideoOS.RemoteClient.Plugin.GisMap.MIP.MipMapitemWaiterTests" name="WaitForItemAsync_WhenAdded_WaitsCorrectlyForItem" />
    </UnitTest>
    <UnitTest name="Compare_SameTriggerTimeDeterministicBehavior_CameraId_Success" storage="d:\actions-runner\_work\xpco\xpco\allsolutions\..\sc\components\remoteviewer\smartclient\tst\zsmartclient_unittest\bin\x64\debug\net6.0-windows\zsmartclient_unittest.dll" id="c16f8099-6dbb-2cba-9e36-c36b7b8492a9">
      <TestCategory>
        <TestCategoryItem TestCategory="SearchComparers" />
      </TestCategory>
      <Execution id="50bd8e1b-4e48-43e8-b775-ca4140e852b3" />
      <TestMethod codeBase="D:\actions-runner\_work\XPCO\XPCO\AllSolutions\..\SC\Components\RemoteViewer\SmartClient\tst\zSmartClient_UnitTest\bin\x64\Debug\net6.0-windows\zSmartClient_UnitTest.dll" adapterTypeName="executor://mstestadapter/v2" className="SmartClient_UnitTest.VideoOS.RemoteClient.Plugin.CentralizedSearch.Models.Wrappers.Comparers.TriggerTimeComparerTests" name="Compare_SameTriggerTimeDeterministicBehavior_CameraId_Success" />
    </UnitTest>
    <UnitTest name="TestWriteXml" storage="d:\actions-runner\_work\xpco\xpco\allsolutions\..\sc\components\remoteviewer\smartclient\tst\zsmartclient_unittest\bin\x64\debug\net6.0-windows\zsmartclient_unittest.dll" id="3355c355-6b0a-3812-de70-8d7a8a005906">
      <Execution id="61aba3cb-180c-4bd9-86b7-27bcf72191a9" />
      <TestMethod codeBase="D:\actions-runner\_work\XPCO\XPCO\AllSolutions\..\SC\Components\RemoteViewer\SmartClient\tst\zSmartClient_UnitTest\bin\x64\Debug\net6.0-windows\zSmartClient_UnitTest.dll" adapterTypeName="executor://mstestadapter/v2" className="SmartClient_UnitTest.VideoOS.RemoteClient.Application.Data.Retrievals.RetrievalMetadataTest" name="TestWriteXml" />
    </UnitTest>
    <UnitTest name="HandlePermissionDeniedResults_ShouldShowMessageAndToast (5,1)" storage="d:\actions-runner\_work\xpco\xpco\allsolutions\..\sc\components\remoteviewer\smartclient\tst\zsmartclient_unittest\bin\x64\debug\net6.0-windows\zsmartclient_unittest.dll" id="675dccfc-0aea-7dad-70d9-a1466b62191d">
      <TestCategory>
        <TestCategoryItem TestCategory="Managers" />
      </TestCategory>
      <Execution id="27acff83-942c-4787-baab-53d5a454547c" />
      <TestMethod codeBase="D:\actions-runner\_work\XPCO\XPCO\AllSolutions\..\SC\Components\RemoteViewer\SmartClient\tst\zSmartClient_UnitTest\bin\x64\Debug\net6.0-windows\zSmartClient_UnitTest.dll" adapterTypeName="executor://mstestadapter/v2" className="SmartClient_UnitTest.VideoOS.RemoteClient.Application.Managers.ExportResultsNotificationHelperTests" name="HandlePermissionDeniedResults_ShouldShowMessageAndToast" />
    </UnitTest>
    <UnitTest name="ValidateExportName_ShouldReturnFailResult_InvalidCharactersInExportName (1213&lt;&gt;!?%)" storage="d:\actions-runner\_work\xpco\xpco\allsolutions\..\sc\components\remoteviewer\smartclient\tst\zsmartclient_unittest\bin\x64\debug\net6.0-windows\zsmartclient_unittest.dll" id="d21502bc-4956-5d51-6721-5ae0421be750">
      <TestCategory>
        <TestCategoryItem TestCategory="Export" />
      </TestCategory>
      <Execution id="b21ea19a-e8ad-435e-9975-6e5fee3d522b" />
      <TestMethod codeBase="D:\actions-runner\_work\XPCO\XPCO\AllSolutions\..\SC\Components\RemoteViewer\SmartClient\tst\zSmartClient_UnitTest\bin\x64\Debug\net6.0-windows\zSmartClient_UnitTest.dll" adapterTypeName="executor://mstestadapter/v2" className="SmartClient_UnitTest.VideoOS.RemoteClient.Plugin.Export.ExportDataValidatorTests" name="ValidateExportName_ShouldReturnFailResult_InvalidCharactersInExportName" />
    </UnitTest>
    <UnitTest name="Tooltip_ShouldShowMicrophoneName_WhenMicrophoneIsMutedOnLiveModeAndUserHasListenPermissions" storage="d:\actions-runner\_work\xpco\xpco\allsolutions\..\sc\components\remoteviewer\smartclient\tst\zsmartclient_unittest\bin\x64\debug\net6.0-windows\zsmartclient_unittest.dll" id="500812c7-2caf-0961-5585-75ab839884c8">
      <TestCategory>
        <TestCategoryItem TestCategory="GisMap.MicrophoneMarkerTest" />
      </TestCategory>
      <Execution id="3e89618d-ec3c-4a18-b174-093b612ddb2b" />
      <TestMethod codeBase="D:\actions-runner\_work\XPCO\XPCO\AllSolutions\..\SC\Components\RemoteViewer\SmartClient\tst\zSmartClient_UnitTest\bin\x64\Debug\net6.0-windows\zSmartClient_UnitTest.dll" adapterTypeName="executor://mstestadapter/v2" className="SmartClient_UnitTest.VideoOS.RemoteClient.Plugin.GisMap.ThinkGeoMap.Markers.DeviceMarkers.MicrophoneMarker.MicrophoneMarkerTests" name="Tooltip_ShouldShowMicrophoneName_WhenMicrophoneIsMutedOnLiveModeAndUserHasListenPermissions" />
    </UnitTest>
    <UnitTest name="AddToExportDevices_ShouldReturnCorrectResult (5,5,0)" storage="d:\actions-runner\_work\xpco\xpco\allsolutions\..\sc\components\remoteviewer\smartclient\tst\zsmartclient_unittest\bin\x64\debug\net6.0-windows\zsmartclient_unittest.dll" id="3c6b6456-74c4-1dda-6116-e2d0816b5ed7">
      <TestCategory>
        <TestCategoryItem TestCategory="Managers" />
      </TestCategory>
      <Execution id="7859bb3e-89b1-4b45-b770-a87bc312c1ce" />
      <TestMethod codeBase="D:\actions-runner\_work\XPCO\XPCO\AllSolutions\..\SC\Components\RemoteViewer\SmartClient\tst\zSmartClient_UnitTest\bin\x64\Debug\net6.0-windows\zSmartClient_UnitTest.dll" adapterTypeName="executor://mstestadapter/v2" className="SmartClient_UnitTest.VideoOS.RemoteClient.Application.Managers.ExportManagerTests" name="AddToExportDevices_ShouldReturnCorrectResult" />
    </UnitTest>
    <UnitTest name="SmartMapPositionChanged_WhenMapPositionIsChanged_ShouldCallPostMessage" storage="d:\actions-runner\_work\xpco\xpco\allsolutions\..\sc\components\remoteviewer\smartclient\tst\zsmartclient_unittest\bin\x64\debug\net6.0-windows\zsmartclient_unittest.dll" id="13e00d9f-1356-be26-5e63-c3874f003845">
      <Execution id="d4d65215-2f5d-4578-a813-d2210808ae97" />
      <TestMethod codeBase="D:\actions-runner\_work\XPCO\XPCO\AllSolutions\..\SC\Components\RemoteViewer\SmartClient\tst\zSmartClient_UnitTest\bin\x64\Debug\net6.0-windows\zSmartClient_UnitTest.dll" adapterTypeName="executor://mstestadapter/v2" className="SmartClient_UnitTest.VideoOS.RemoteClient.Plugin.GisMap.MIP.ContentHolderMipMessageManagerTests" name="SmartMapPositionChanged_WhenMapPositionIsChanged_ShouldCallPostMessage" />
    </UnitTest>
    <UnitTest name="VideoResultSearchResult_PropertiesWhenCombinedResultDifferentCategoryName_CollectedAndDisplayed" storage="d:\actions-runner\_work\xpco\xpco\allsolutions\..\sc\components\remoteviewer\smartclient\tst\zsmartclient_unittest\bin\x64\debug\net6.0-windows\zsmartclient_unittest.dll" id="98f162c3-7789-0517-6acc-2e2623f261ea">
      <TestCategory>
        <TestCategoryItem TestCategory="SearchControls" />
      </TestCategory>
      <Execution id="0ffe882f-c7c4-4d9a-b3ce-968e6f254321" />
      <TestMethod codeBase="D:\actions-runner\_work\XPCO\XPCO\AllSolutions\..\SC\Components\RemoteViewer\SmartClient\tst\zSmartClient_UnitTest\bin\x64\Debug\net6.0-windows\zSmartClient_UnitTest.dll" adapterTypeName="executor://mstestadapter/v2" className="SmartClient_UnitTest.VideoOS.RemoteClient.Plugin.CentralizedSearch.Views.Controls.SearchResultDetailsControlTests" name="VideoResultSearchResult_PropertiesWhenCombinedResultDifferentCategoryName_CollectedAndDisplayed" />
    </UnitTest>
    <UnitTest name="SerializeDeserialize_RoundTripNoValues_Equals" storage="d:\actions-runner\_work\xpco\xpco\allsolutions\..\sc\components\remoteviewer\smartclient\tst\zsmartclient_unittest\bin\x64\debug\net6.0-windows\zsmartclient_unittest.dll" id="dddb1835-bc62-9ecf-f6da-266a9e5d6d03">
      <Execution id="3bbd32bd-7444-4174-8999-d576409d81fa" />
      <TestMethod codeBase="D:\actions-runner\_work\XPCO\XPCO\AllSolutions\..\SC\Components\RemoteViewer\SmartClient\tst\zSmartClient_UnitTest\bin\x64\Debug\net6.0-windows\zSmartClient_UnitTest.dll" adapterTypeName="executor://mstestadapter/v2" className="SmartClient_UnitTest.VideoOS.RemoteClient.Application.Data.States.CentralizedSearchStateTest" name="SerializeDeserialize_RoundTripNoValues_Equals" />
    </UnitTest>
    <UnitTest name="HandleSetLayerFeatures_ShouldRaiseArgumentException_WhenCameraKindAndNotCameraLayerFeaturesAndInputLayer" storage="d:\actions-runner\_work\xpco\xpco\allsolutions\..\sc\components\remoteviewer\smartclient\tst\zsmartclient_unittest\bin\x64\debug\net6.0-windows\zsmartclient_unittest.dll" id="2670b347-ae46-c79b-6a32-846917e5ef9a">
      <TestCategory>
        <TestCategoryItem TestCategory="GisMapData.Handlers.LayerFeatures" />
      </TestCategory>
      <Execution id="6a26af5a-2523-4be9-9d30-fcd1ec2842ed" />
      <TestMethod codeBase="D:\actions-runner\_work\XPCO\XPCO\AllSolutions\..\SC\Components\RemoteViewer\SmartClient\tst\zSmartClient_UnitTest\bin\x64\Debug\net6.0-windows\zSmartClient_UnitTest.dll" adapterTypeName="executor://mstestadapter/v2" className="SmartClient_UnitTest.VideoOS.RemoteClient.GisMapData.Handlers.LayerFeatures.CameraLayerFeaturesHandlerTests" name="HandleSetLayerFeatures_ShouldRaiseArgumentException_WhenCameraKindAndNotCameraLayerFeaturesAndInputLayer" />
    </UnitTest>
    <UnitTest name="GetClusters_ShouldIncludeItemFromBuildingIntoSuperClusterOutsideBuilding_WhenBuildingLayerIsHidden" storage="d:\actions-runner\_work\xpco\xpco\allsolutions\..\sc\components\remoteviewer\smartclient\tst\zsmartclient_unittest\bin\x64\debug\net6.0-windows\zsmartclient_unittest.dll" id="533b05cc-a804-1759-db1f-d456efa129c0">
      <TestCategory>
        <TestCategoryItem TestCategory="GisMapIndex.SuperClusters" />
      </TestCategory>
      <Execution id="6b00f2bd-1acc-4236-bef3-be09f0eca223" />
      <TestMethod codeBase="D:\actions-runner\_work\XPCO\XPCO\AllSolutions\..\SC\Components\RemoteViewer\SmartClient\tst\zSmartClient_UnitTest\bin\x64\Debug\net6.0-windows\zSmartClient_UnitTest.dll" adapterTypeName="executor://mstestadapter/v2" className="SmartClient_UnitTest.VideoOS.RemoteClient.GisMapData.Common.Indexer.BuildingsAwareIndexerTests_SuperCluster" name="GetClusters_ShouldIncludeItemFromBuildingIntoSuperClusterOutsideBuilding_WhenBuildingLayerIsHidden" />
    </UnitTest>
    <UnitTest name="PopulateTooltip_FewResultsFromFewCameras12Hours_ValidText" storage="d:\actions-runner\_work\xpco\xpco\allsolutions\..\sc\components\remoteviewer\smartclient\tst\zsmartclient_unittest\bin\x64\debug\net6.0-windows\zsmartclient_unittest.dll" id="17ba5638-6ea6-b4d6-f1bc-1949b3768658">
      <TestCategory>
        <TestCategoryItem TestCategory="SearchControls" />
      </TestCategory>
      <Execution id="a5affe2c-6838-4465-8922-7c84c019bd3d" />
      <TestMethod codeBase="D:\actions-runner\_work\XPCO\XPCO\AllSolutions\..\SC\Components\RemoteViewer\SmartClient\tst\zSmartClient_UnitTest\bin\x64\Debug\net6.0-windows\zSmartClient_UnitTest.dll" adapterTypeName="executor://mstestadapter/v2" className="SmartClient_UnitTest.VideoOS.RemoteClient.Plugin.CentralizedSearch.Views.Controls.TimelineRuler.TimelineRulerControlTests" name="PopulateTooltip_FewResultsFromFewCameras12Hours_ValidText" />
    </UnitTest>
    <UnitTest name="BuildState_Success" storage="d:\actions-runner\_work\xpco\xpco\allsolutions\..\sc\components\remoteviewer\smartclient\tst\zsmartclient_unittest\bin\x64\debug\net6.0-windows\zsmartclient_unittest.dll" id="5af784fc-9243-ca85-aed0-526fe2586632">
      <TestCategory>
        <TestCategoryItem TestCategory="Search" />
      </TestCategory>
      <Execution id="259c391f-530a-46eb-a63c-193e356a002a" />
      <TestMethod codeBase="D:\actions-runner\_work\XPCO\XPCO\AllSolutions\..\SC\Components\RemoteViewer\SmartClient\tst\zSmartClient_UnitTest\bin\x64\Debug\net6.0-windows\zSmartClient_UnitTest.dll" adapterTypeName="executor://mstestadapter/v2" className="SmartClient_UnitTest.VideoOS.RemoteClient.Plugin.CentralizedSearch.CentralizedSearchContentHolderTests" name="BuildState_Success" />
    </UnitTest>
    <UnitTest name="Compare_NotNullVsNullDescending_GreaterThan" storage="d:\actions-runner\_work\xpco\xpco\allsolutions\..\sc\components\remoteviewer\smartclient\tst\zsmartclient_unittest\bin\x64\debug\net6.0-windows\zsmartclient_unittest.dll" id="112015e3-431e-b435-09f5-dc36bf2bbc1b">
      <TestCategory>
        <TestCategoryItem TestCategory="SearchComparers" />
      </TestCategory>
      <Execution id="ac015da1-73fa-475c-b4ef-96e2a1271e03" />
      <TestMethod codeBase="D:\actions-runner\_work\XPCO\XPCO\AllSolutions\..\SC\Components\RemoteViewer\SmartClient\tst\zSmartClient_UnitTest\bin\x64\Debug\net6.0-windows\zSmartClient_UnitTest.dll" adapterTypeName="executor://mstestadapter/v2" className="SmartClient_UnitTest.VideoOS.RemoteClient.Plugin.CentralizedSearch.Models.Wrappers.Comparers.BeginTimeWithPaddingComparerTests" name="Compare_NotNullVsNullDescending_GreaterThan" />
    </UnitTest>
    <UnitTest name="SearchResultDataHasChanged_ShouldCallAllSubResults" storage="d:\actions-runner\_work\xpco\xpco\allsolutions\..\sc\components\remoteviewer\smartclient\tst\zsmartclient_unittest\bin\x64\debug\net6.0-windows\zsmartclient_unittest.dll" id="13db29e1-271e-aab2-3bce-87640b8c6e48">
      <TestCategory>
        <TestCategoryItem TestCategory="Search.Wrappers" />
      </TestCategory>
      <Execution id="c0f44c92-51b0-4c29-ae02-7209ee78f6c1" />
      <TestMethod codeBase="D:\actions-runner\_work\XPCO\XPCO\AllSolutions\..\SC\Components\RemoteViewer\SmartClient\tst\zSmartClient_UnitTest\bin\x64\Debug\net6.0-windows\zSmartClient_UnitTest.dll" adapterTypeName="executor://mstestadapter/v2" className="SmartClient_UnitTest.VideoOS.RemoteClient.Plugin.CentralizedSearch.Models.Wrappers.CombinedSearchResultDataWrapperTests" name="SearchResultDataHasChanged_ShouldCallAllSubResults" />
    </UnitTest>
    <UnitTest name="DisplayErrorOnNotificationArea_UnknownDerivedFromSearchError_LoggingEnabled_Success" storage="d:\actions-runner\_work\xpco\xpco\allsolutions\..\sc\components\remoteviewer\smartclient\tst\zsmartclient_unittest\bin\x64\debug\net6.0-windows\zsmartclient_unittest.dll" id="4a1694b5-7db1-bf67-dca4-8860f0f31e9d">
      <TestCategory>
        <TestCategoryItem TestCategory="SearchViewModels" />
      </TestCategory>
      <Execution id="4400d73f-98b1-4d0f-bfbb-bdf34e630a9f" />
      <TestMethod codeBase="D:\actions-runner\_work\XPCO\XPCO\AllSolutions\..\SC\Components\RemoteViewer\SmartClient\tst\zSmartClient_UnitTest\bin\x64\Debug\net6.0-windows\zSmartClient_UnitTest.dll" adapterTypeName="executor://mstestadapter/v2" className="SmartClient_UnitTest.VideoOS.RemoteClient.Plugin.CentralizedSearch.ViewModels.SearchViewModelTests" name="DisplayErrorOnNotificationArea_UnknownDerivedFromSearchError_LoggingEnabled_Success" />
    </UnitTest>
    <UnitTest name="Decorate_ShouldAddChildren_WhenThereAreLayersWithItemsImplementingITitleToggleableAndIBackgroundDiskToggleable" storage="d:\actions-runner\_work\xpco\xpco\allsolutions\..\sc\components\remoteviewer\smartclient\tst\zsmartclient_unittest\bin\x64\debug\net6.0-windows\zsmartclient_unittest.dll" id="284a6b15-0a7d-d4a1-ae93-88897a496866">
      <TestCategory>
        <TestCategoryItem TestCategory="GisMap.LayerVisibilityItemDataChildrenToggleItemDecoratorTests" />
      </TestCategory>
      <Execution id="faf7714e-4283-48a1-8178-79997836ac3c" />
      <TestMethod codeBase="D:\actions-runner\_work\XPCO\XPCO\AllSolutions\..\SC\Components\RemoteViewer\SmartClient\tst\zSmartClient_UnitTest\bin\x64\Debug\net6.0-windows\zSmartClient_UnitTest.dll" adapterTypeName="executor://mstestadapter/v2" className="SmartClient_UnitTest.VideoOS.RemoteClient.Plugin.GisMap.ViewModels.LayersVisibility.Decorators.LayerVisibilityItemDataChildrenToggleItemDecoratorTests" name="Decorate_ShouldAddChildren_WhenThereAreLayersWithItemsImplementingITitleToggleableAndIBackgroundDiskToggleable" />
    </UnitTest>
    <UnitTest name="SequenceEntryDto_ShouldYieldSameValues_WhenRoundTripConverted" storage="d:\actions-runner\_work\xpco\xpco\allsolutions\..\sc\components\remoteviewer\smartclient\tst\zsmartclient_unittest\bin\x64\debug\net6.0-windows\zsmartclient_unittest.dll" id="9293549a-e4d8-25ee-0a7e-0a58daedfd4d">
      <TestCategory>
        <TestCategoryItem TestCategory="RecorderProxyToDtoMapping" />
      </TestCategory>
      <Execution id="7c71a0d2-7657-42b4-8e80-d3e88595010a" />
      <TestMethod codeBase="D:\actions-runner\_work\XPCO\XPCO\AllSolutions\..\SC\Components\RemoteViewer\SmartClient\tst\zSmartClient_UnitTest\bin\x64\Debug\net6.0-windows\zSmartClient_UnitTest.dll" adapterTypeName="executor://mstestadapter/v2" className="VideoOS.Shared.ServerAPI.SOAP.RecorderClientMappingTests" name="SequenceEntryDto_ShouldYieldSameValues_WhenRoundTripConverted" />
    </UnitTest>
    <UnitTest name="BoundingBoxErrorOccurred" storage="d:\actions-runner\_work\xpco\xpco\allsolutions\..\sc\components\remoteviewer\smartclient\tst\zsmartclient_unittest\bin\x64\debug\net6.0-windows\zsmartclient_unittest.dll" id="ffa5f9ad-66df-b9a8-3ecf-eff774a0ebee">
      <Execution id="7b51dc8b-7c93-42d5-bc40-04892f20f487" />
      <TestMethod codeBase="D:\actions-runner\_work\XPCO\XPCO\AllSolutions\..\SC\Components\RemoteViewer\SmartClient\tst\zSmartClient_UnitTest\bin\x64\Debug\net6.0-windows\zSmartClient_UnitTest.dll" adapterTypeName="executor://mstestadapter/v2" className="SmartClient_UnitTest.VideoOS.RemoteClient.Application.Data.Metadata.BoundingBoxes.BoundingBoxProviderTest" name="BoundingBoxErrorOccurred" />
    </UnitTest>
    <UnitTest name="DeleteBookmarksAsync_3items_Success" storage="d:\actions-runner\_work\xpco\xpco\allsolutions\..\sc\components\remoteviewer\smartclient\tst\zsmartclient_unittest\bin\x64\debug\net6.0-windows\zsmartclient_unittest.dll" id="e858b755-e862-b910-8b81-43167ff825a3">
      <TestCategory>
        <TestCategoryItem TestCategory="Search.Bookmarks" />
      </TestCategory>
      <Execution id="94e7d30f-c115-4dc2-b2bf-e090a55e37c7" />
      <TestMethod codeBase="D:\actions-runner\_work\XPCO\XPCO\AllSolutions\..\SC\Components\RemoteViewer\SmartClient\tst\zSmartClient_UnitTest\bin\x64\Debug\net6.0-windows\zSmartClient_UnitTest.dll" adapterTypeName="executor://mstestadapter/v2" className="SmartClient_UnitTest.VideoOS.RemoteClient.Plugin.CentralizedSearch.ViewModels.DeleteBookmarkHandlerTests" name="DeleteBookmarksAsync_3items_Success" />
    </UnitTest>
    <UnitTest name="SelectionCountDisplayText_OneSelectedResult_ReturnsSingleString" storage="d:\actions-runner\_work\xpco\xpco\allsolutions\..\sc\components\remoteviewer\smartclient\tst\zsmartclient_unittest\bin\x64\debug\net6.0-windows\zsmartclient_unittest.dll" id="101686f8-0bec-03ef-e5aa-8afcc05984fe">
      <TestCategory>
        <TestCategoryItem TestCategory="SearchResultActionBarViewModel" />
      </TestCategory>
      <Execution id="3e5a107d-a121-487f-a0ee-681878bf3551" />
      <TestMethod codeBase="D:\actions-runner\_work\XPCO\XPCO\AllSolutions\..\SC\Components\RemoteViewer\SmartClient\tst\zSmartClient_UnitTest\bin\x64\Debug\net6.0-windows\zSmartClient_UnitTest.dll" adapterTypeName="executor://mstestadapter/v2" className="SmartClient_UnitTest.VideoOS.RemoteClient.Plugin.CentralizedSearch.ViewModels.SearchResultsActionBarViewModelTest" name="SelectionCountDisplayText_OneSelectedResult_ReturnsSingleString" />
    </UnitTest>
    <UnitTest name="ValidEncryptionStrengthsForExport_ShouldOnlyReturnAllAesStrengths_WhenLegacyEncryptionEnabledInAppConfigAndFipsEnabled" storage="d:\actions-runner\_work\xpco\xpco\allsolutions\..\sc\components\remoteviewer\smartclient\tst\zsmartclient_unittest\bin\x64\debug\net6.0-windows\zsmartclient_unittest.dll" id="eafedef4-77b0-0ba7-44ca-5ee1ec158773">
      <TestCategory>
        <TestCategoryItem TestCategory="Encryption" />
      </TestCategory>
      <Execution id="e3368dcb-e084-4a14-baad-4a6e8174e209" />
      <TestMethod codeBase="D:\actions-runner\_work\XPCO\XPCO\AllSolutions\..\SC\Components\RemoteViewer\SmartClient\tst\zSmartClient_UnitTest\bin\x64\Debug\net6.0-windows\zSmartClient_UnitTest.dll" adapterTypeName="executor://mstestadapter/v2" className="SmartClient_UnitTest.VideoOS.RemoteClient.Application.Data.Export.Validation.ValidateEncryptionStrengthTests" name="ValidEncryptionStrengthsForExport_ShouldOnlyReturnAllAesStrengths_WhenLegacyEncryptionEnabledInAppConfigAndFipsEnabled" />
    </UnitTest>
    <UnitTest name="Password 1 too short" storage="d:\actions-runner\_work\xpco\xpco\allsolutions\..\sc\components\remoteviewer\smartclient\tst\zsmartclient_unittest\bin\x64\debug\net6.0-windows\zsmartclient_unittest.dll" id="8bab2c7c-237e-3496-9a26-8fcdcf393dae">
      <TestCategory>
        <TestCategoryItem TestCategory="Export" />
      </TestCategory>
      <Execution id="afa137e5-9bb5-487c-b044-ddb8c2d97067" />
      <TestMethod codeBase="D:\actions-runner\_work\XPCO\XPCO\AllSolutions\..\SC\Components\RemoteViewer\SmartClient\tst\zSmartClient_UnitTest\bin\x64\Debug\net6.0-windows\zSmartClient_UnitTest.dll" adapterTypeName="executor://mstestadapter/v2" className="SmartClient_UnitTest.VideoOS.RemoteClient.Plugin.Export.PasswordDialogViewModelTests" name="InitialPassword_ShouldResultInCorrectValidity" />
    </UnitTest>
    <UnitTest name="DisplayErrorOnNotificationArea_CustomSearchError_Success" storage="d:\actions-runner\_work\xpco\xpco\allsolutions\..\sc\components\remoteviewer\smartclient\tst\zsmartclient_unittest\bin\x64\debug\net6.0-windows\zsmartclient_unittest.dll" id="55d96512-5a91-19ab-11b5-5b61e2c70e29">
      <TestCategory>
        <TestCategoryItem TestCategory="SearchViewModels" />
      </TestCategory>
      <Execution id="b5277d3d-3cc5-4556-bea3-65de33515477" />
      <TestMethod codeBase="D:\actions-runner\_work\XPCO\XPCO\AllSolutions\..\SC\Components\RemoteViewer\SmartClient\tst\zSmartClient_UnitTest\bin\x64\Debug\net6.0-windows\zSmartClient_UnitTest.dll" adapterTypeName="executor://mstestadapter/v2" className="SmartClient_UnitTest.VideoOS.RemoteClient.Plugin.CentralizedSearch.ViewModels.SearchViewModelTests" name="DisplayErrorOnNotificationArea_CustomSearchError_Success" />
    </UnitTest>
    <UnitTest name="BoundingBoxBrowseTimeChangedTestSameData" storage="d:\actions-runner\_work\xpco\xpco\allsolutions\..\sc\components\remoteviewer\smartclient\tst\zsmartclient_unittest\bin\x64\debug\net6.0-windows\zsmartclient_unittest.dll" id="f3077786-632a-26ad-8d51-86ff9f306fe4">
      <Execution id="c6fa0b21-f3e7-4ca7-b6da-eed974df0129" />
      <TestMethod codeBase="D:\actions-runner\_work\XPCO\XPCO\AllSolutions\..\SC\Components\RemoteViewer\SmartClient\tst\zSmartClient_UnitTest\bin\x64\Debug\net6.0-windows\zSmartClient_UnitTest.dll" adapterTypeName="executor://mstestadapter/v2" className="SmartClient_UnitTest.VideoOS.RemoteClient.Application.Data.Metadata.BoundingBoxes.BoundingBoxProviderTest" name="BoundingBoxBrowseTimeChangedTestSameData" />
    </UnitTest>
    <UnitTest name="CreateCameraListItem_ShouldNotAddRegionSelectionToFilterValue_WhenAlreadyPresent" storage="d:\actions-runner\_work\xpco\xpco\allsolutions\..\sc\components\remoteviewer\smartclient\tst\zsmartclient_unittest\bin\x64\debug\net6.0-windows\zsmartclient_unittest.dll" id="896580b1-84f1-933f-fef3-e601288590b2">
      <TestCategory>
        <TestCategoryItem TestCategory="Search.Filters.ViewModels" />
      </TestCategory>
      <Execution id="ca204a87-e627-487d-b2c3-0ed26e3e6b38" />
      <TestMethod codeBase="D:\actions-runner\_work\XPCO\XPCO\AllSolutions\..\SC\Components\RemoteViewer\SmartClient\tst\zSmartClient_UnitTest\bin\x64\Debug\net6.0-windows\zSmartClient_UnitTest.dll" adapterTypeName="executor://mstestadapter/v2" className="SmartClient_UnitTest.VideoOS.RemoteClient.Plugin.CentralizedSearch.MIPPlugin.Criteria.ViewModels.RegionSelectionCameraListItemHelperTests" name="CreateCameraListItem_ShouldNotAddRegionSelectionToFilterValue_WhenAlreadyPresent" />
    </UnitTest>
    <UnitTest name="AudioControllerOnDevicesLockEvent_ShouldNotEnableMicrophones_WhenUnlockingAudioDevicesAndApplicationIsInBrowseMode" storage="d:\actions-runner\_work\xpco\xpco\allsolutions\..\sc\components\remoteviewer\smartclient\tst\zsmartclient_unittest\bin\x64\debug\net6.0-windows\zsmartclient_unittest.dll" id="443c2399-34e1-f6f5-cccc-278f0b0d999a">
      <TestCategory>
        <TestCategoryItem TestCategory="GisMapData.MapLayers" />
      </TestCategory>
      <Execution id="d6badcf8-3acc-4a42-a797-1e9ed647c9a9" />
      <TestMethod codeBase="D:\actions-runner\_work\XPCO\XPCO\AllSolutions\..\SC\Components\RemoteViewer\SmartClient\tst\zSmartClient_UnitTest\bin\x64\Debug\net6.0-windows\zSmartClient_UnitTest.dll" adapterTypeName="executor://mstestadapter/v2" className="SmartClient_UnitTest.VideoOS.RemoteClient.GisMapData.MapLayers.MicrophoneItemsMapLayerTests" name="AudioControllerOnDevicesLockEvent_ShouldNotEnableMicrophones_WhenUnlockingAudioDevicesAndApplicationIsInBrowseMode" />
    </UnitTest>
    <UnitTest name="IOState_ShouldYieldSameValuesForAllEnumValues_WhenRoundTripConverted (Activated,Activated)" storage="d:\actions-runner\_work\xpco\xpco\allsolutions\..\sc\components\remoteviewer\smartclient\tst\zsmartclient_unittest\bin\x64\debug\net6.0-windows\zsmartclient_unittest.dll" id="34b0562a-74f3-0cb2-347b-f7ebddcca606">
      <TestCategory>
        <TestCategoryItem TestCategory="RecorderProxyToDtoMapping" />
      </TestCategory>
      <Execution id="f3eeaf0d-7d53-4c82-bb95-789a2d71674a" />
      <TestMethod codeBase="D:\actions-runner\_work\XPCO\XPCO\AllSolutions\..\SC\Components\RemoteViewer\SmartClient\tst\zSmartClient_UnitTest\bin\x64\Debug\net6.0-windows\zSmartClient_UnitTest.dll" adapterTypeName="executor://mstestadapter/v2" className="VideoOS.Shared.ServerAPI.SOAP.RecorderClientMappingTests" name="IOState_ShouldYieldSameValuesForAllEnumValues_WhenRoundTripConverted" />
    </UnitTest>
    <UnitTest name="Everything_Is_Disabled_When_Both_Create_And_Update_Rights_Missing" storage="d:\actions-runner\_work\xpco\xpco\allsolutions\..\sc\components\remoteviewer\smartclient\tst\zsmartclient_unittest\bin\x64\debug\net6.0-windows\zsmartclient_unittest.dll" id="343adaa4-a6b4-4217-fe91-ea0e91bd35db">
      <Execution id="ed28e24a-7762-4300-af89-e462abc56174" />
      <TestMethod codeBase="D:\actions-runner\_work\XPCO\XPCO\AllSolutions\..\SC\Components\RemoteViewer\SmartClient\tst\zSmartClient_UnitTest\bin\x64\Debug\net6.0-windows\zSmartClient_UnitTest.dll" adapterTypeName="executor://mstestadapter/v2" className="SmartClient_UnitTest.VideoOS.RemoteClient.Application.Components.EvidenceLock.EvidenceLockEditModeUserRightTests" name="Everything_Is_Disabled_When_Both_Create_And_Update_Rights_Missing" />
    </UnitTest>
    <UnitTest name="Compare_NotNullVsNullDescending_GreaterThan" storage="d:\actions-runner\_work\xpco\xpco\allsolutions\..\sc\components\remoteviewer\smartclient\tst\zsmartclient_unittest\bin\x64\debug\net6.0-windows\zsmartclient_unittest.dll" id="8f6cd5c2-e849-6c20-9267-83c3d531958e">
      <TestCategory>
        <TestCategoryItem TestCategory="SearchComparers" />
      </TestCategory>
      <Execution id="b3deaf8b-c16d-4279-b6a7-2ced2c60dad0" />
      <TestMethod codeBase="D:\actions-runner\_work\XPCO\XPCO\AllSolutions\..\SC\Components\RemoteViewer\SmartClient\tst\zSmartClient_UnitTest\bin\x64\Debug\net6.0-windows\zSmartClient_UnitTest.dll" adapterTypeName="executor://mstestadapter/v2" className="SmartClient_UnitTest.VideoOS.RemoteClient.Plugin.CentralizedSearch.Models.Wrappers.Comparers.TriggerTimeComparerTests" name="Compare_NotNullVsNullDescending_GreaterThan" />
    </UnitTest>
    <UnitTest name="DeleteMapItems_ShouldReturnTrue_WhenUserAcknowledgesDeletionOfMultipleItems" storage="d:\actions-runner\_work\xpco\xpco\allsolutions\..\sc\components\remoteviewer\smartclient\tst\zsmartclient_unittest\bin\x64\debug\net6.0-windows\zsmartclient_unittest.dll" id="305136ec-e536-ca06-24de-c6336ceb8a55">
      <TestCategory>
        <TestCategoryItem TestCategory="GisMapModelController" />
      </TestCategory>
      <Execution id="1101a397-398a-4336-97c5-0cf18118b7b8" />
      <TestMethod codeBase="D:\actions-runner\_work\XPCO\XPCO\AllSolutions\..\SC\Components\RemoteViewer\SmartClient\tst\zSmartClient_UnitTest\bin\x64\Debug\net6.0-windows\zSmartClient_UnitTest.dll" adapterTypeName="executor://mstestadapter/v2" className="SmartClient_UnitTest.VideoOS.RemoteClient.GisMapData.GisMapModelControllerTests" name="DeleteMapItems_ShouldReturnTrue_WhenUserAcknowledgesDeletionOfMultipleItems" />
    </UnitTest>
    <UnitTest name="PtzSessionController_Constructor_ArgumentNull_ApplicationController_Test" storage="d:\actions-runner\_work\xpco\xpco\allsolutions\..\sc\components\remoteviewer\smartclient\tst\zsmartclient_unittest\bin\x64\debug\net6.0-windows\zsmartclient_unittest.dll" id="68eba393-9613-4207-7542-82e0b37e4100">
      <Execution id="435f932c-1e10-4508-bb40-9afae795d0a0" />
      <TestMethod codeBase="D:\actions-runner\_work\XPCO\XPCO\AllSolutions\..\SC\Components\RemoteViewer\SmartClient\tst\zSmartClient_UnitTest\bin\x64\Debug\net6.0-windows\zSmartClient_UnitTest.dll" adapterTypeName="executor://mstestadapter/v2" className="VideoOS.RemoteClient.Application.Controllers.UnitTest.PtzSessionControllerTest" name="PtzSessionController_Constructor_ArgumentNull_ApplicationController_Test" />
    </UnitTest>
    <UnitTest name="AutomationId_ShouldBeValid_WhenInteractionStateIsOutput" storage="d:\actions-runner\_work\xpco\xpco\allsolutions\..\sc\components\remoteviewer\smartclient\tst\zsmartclient_unittest\bin\x64\debug\net6.0-windows\zsmartclient_unittest.dll" id="6dc834ce-7990-c21f-5442-e578c180d56f">
      <TestCategory>
        <TestCategoryItem TestCategory="GisMap.UI.DeviceSelectors.PanelComponents" />
      </TestCategory>
      <Execution id="61e5535f-6dfb-43ea-aa6f-99d73850d84e" />
      <TestMethod codeBase="D:\actions-runner\_work\XPCO\XPCO\AllSolutions\..\SC\Components\RemoteViewer\SmartClient\tst\zSmartClient_UnitTest\bin\x64\Debug\net6.0-windows\zSmartClient_UnitTest.dll" adapterTypeName="executor://mstestadapter/v2" className="SmartClient_UnitTest.VideoOS.RemoteClient.Plugin.GisMap.UI.DeviceSelectors.PanelComponents.DeviceSelectorPanelComponentTests" name="AutomationId_ShouldBeValid_WhenInteractionStateIsOutput" />
    </UnitTest>
    <UnitTest name="CreateCameraListItem_ShouldAddRegionSelectionToFilterValue_WhenNotAlreadyPresent" storage="d:\actions-runner\_work\xpco\xpco\allsolutions\..\sc\components\remoteviewer\smartclient\tst\zsmartclient_unittest\bin\x64\debug\net6.0-windows\zsmartclient_unittest.dll" id="aa8972af-4006-c6fd-4be2-6ab7cf64c83f">
      <TestCategory>
        <TestCategoryItem TestCategory="Search.Filters.ViewModels" />
      </TestCategory>
      <Execution id="9be31a1d-6109-4d1f-a300-f5cec0e643c6" />
      <TestMethod codeBase="D:\actions-runner\_work\XPCO\XPCO\AllSolutions\..\SC\Components\RemoteViewer\SmartClient\tst\zSmartClient_UnitTest\bin\x64\Debug\net6.0-windows\zSmartClient_UnitTest.dll" adapterTypeName="executor://mstestadapter/v2" className="SmartClient_UnitTest.VideoOS.RemoteClient.Plugin.CentralizedSearch.MIPPlugin.Criteria.ViewModels.RegionSelectionCameraListItemHelperTests" name="CreateCameraListItem_ShouldAddRegionSelectionToFilterValue_WhenNotAlreadyPresent" />
    </UnitTest>
    <UnitTest name="Compare_ShouldBeDeterministic_WhenOnlyIdOfResultsDiffer" storage="d:\actions-runner\_work\xpco\xpco\allsolutions\..\sc\components\remoteviewer\smartclient\tst\zsmartclient_unittest\bin\x64\debug\net6.0-windows\zsmartclient_unittest.dll" id="d9e596ab-93a9-7684-fb6f-71e1dbbc0c03">
      <TestCategory>
        <TestCategoryItem TestCategory="SearchComparers" />
      </TestCategory>
      <Execution id="417c0a0b-bbf0-4a4f-b576-0cd2280298d6" />
      <TestMethod codeBase="D:\actions-runner\_work\XPCO\XPCO\AllSolutions\..\SC\Components\RemoteViewer\SmartClient\tst\zSmartClient_UnitTest\bin\x64\Debug\net6.0-windows\zSmartClient_UnitTest.dll" adapterTypeName="executor://mstestadapter/v2" className="SmartClient_UnitTest.VideoOS.RemoteClient.Plugin.CentralizedSearch.Models.Wrappers.Comparers.RelevanceComparerTests" name="Compare_ShouldBeDeterministic_WhenOnlyIdOfResultsDiffer" />
    </UnitTest>
    <UnitTest name="DeleteLevel2Of123_Success" storage="d:\actions-runner\_work\xpco\xpco\allsolutions\..\sc\components\remoteviewer\smartclient\tst\zsmartclient_unittest\bin\x64\debug\net6.0-windows\zsmartclient_unittest.dll" id="0d6f4d12-30c4-770e-7e76-c3c94335926a">
      <TestCategory>
        <TestCategoryItem TestCategory="GisMapBuilding" />
      </TestCategory>
      <Execution id="39c92923-07fa-4dd8-a7bc-ac7fbf49804b" />
      <TestMethod codeBase="D:\actions-runner\_work\XPCO\XPCO\AllSolutions\..\SC\Components\RemoteViewer\SmartClient\tst\zSmartClient_UnitTest\bin\x64\Debug\net6.0-windows\zSmartClient_UnitTest.dll" adapterTypeName="executor://mstestadapter/v2" className="SmartClient_UnitTest.VideoOS.RemoteClient.GisMapData.MapBuildings.MapLevelTests" name="DeleteLevel2Of123_Success" />
    </UnitTest>
    <UnitTest name="TestConstructor_CastToPolygon_Success" storage="d:\actions-runner\_work\xpco\xpco\allsolutions\..\sc\components\remoteviewer\smartclient\tst\zsmartclient_unittest\bin\x64\debug\net6.0-windows\zsmartclient_unittest.dll" id="772d579c-1f25-0ecf-1421-f86f202fcaa5">
      <TestCategory>
        <TestCategoryItem TestCategory="GisMap" />
      </TestCategory>
      <Execution id="b00f6ba1-2f39-4465-bc3d-c47315fbfaf7" />
      <TestMethod codeBase="D:\actions-runner\_work\XPCO\XPCO\AllSolutions\..\SC\Components\RemoteViewer\SmartClient\tst\zSmartClient_UnitTest\bin\x64\Debug\net6.0-windows\zSmartClient_UnitTest.dll" adapterTypeName="executor://mstestadapter/v2" className="SmartClient_UnitTest.VideoOS.RemoteClient.GisMap.Common.MapPolygonTest" name="TestConstructor_CastToPolygon_Success" />
    </UnitTest>
    <UnitTest name="UpdateSearchFilter_SingleFilterWithValues_Added" storage="d:\actions-runner\_work\xpco\xpco\allsolutions\..\sc\components\remoteviewer\smartclient\tst\zsmartclient_unittest\bin\x64\debug\net6.0-windows\zsmartclient_unittest.dll" id="1757e59b-40da-bd94-15dd-39f1d4194c31">
      <TestCategory>
        <TestCategoryItem TestCategory="Search" />
      </TestCategory>
      <Execution id="11473ef6-af02-44a0-bc1e-195b321c51ea" />
      <TestMethod codeBase="D:\actions-runner\_work\XPCO\XPCO\AllSolutions\..\SC\Components\RemoteViewer\SmartClient\tst\zSmartClient_UnitTest\bin\x64\Debug\net6.0-windows\zSmartClient_UnitTest.dll" adapterTypeName="executor://mstestadapter/v2" className="SmartClient_UnitTest.VideoOS.RemoteClient.Plugin.CentralizedSearch.ViewModels.SearchDefinitionViewModelTests" name="UpdateSearchFilter_SingleFilterWithValues_Added" />
    </UnitTest>
    <UnitTest name="Initial_Result_Object_Correct" storage="d:\actions-runner\_work\xpco\xpco\allsolutions\..\sc\components\remoteviewer\smartclient\tst\zsmartclient_unittest\bin\x64\debug\net6.0-windows\zsmartclient_unittest.dll" id="eaa1d30c-5f58-30c3-2f20-3844e46318d4">
      <Execution id="665b4f1c-f510-4457-ab14-fb20e17c8493" />
      <TestMethod codeBase="D:\actions-runner\_work\XPCO\XPCO\AllSolutions\..\SC\Components\RemoteViewer\SmartClient\tst\zSmartClient_UnitTest\bin\x64\Debug\net6.0-windows\zSmartClient_UnitTest.dll" adapterTypeName="executor://mstestadapter/v2" className="SmartClient_UnitTest.VideoOS.RemoteClient.Application.Components.Search.SearchManagerTest" name="Initial_Result_Object_Correct" />
    </UnitTest>
    <UnitTest name="IsOAuth_ShouldReturnFalse_WhenConstructedUsingWindowsDefault" storage="d:\actions-runner\_work\xpco\xpco\allsolutions\..\sc\components\remoteviewer\smartclient\tst\zsmartclient_unittest\bin\x64\debug\net6.0-windows\zsmartclient_unittest.dll" id="370610a6-40ac-68fd-6f42-3e5c99313cb3">
      <TestCategory>
        <TestCategoryItem TestCategory="Authentication.ClientCredentials" />
      </TestCategory>
      <Execution id="8d1bd6c2-29f6-4741-8386-0d09ebd72619" />
      <TestMethod codeBase="D:\actions-runner\_work\XPCO\XPCO\AllSolutions\..\SC\Components\RemoteViewer\SmartClient\tst\zSmartClient_UnitTest\bin\x64\Debug\net6.0-windows\zSmartClient_UnitTest.dll" adapterTypeName="executor://mstestadapter/v2" className="SmartClient_UnitTest.VideoOS.Shared.ServerAPI.ClientCredentialsTest" name="IsOAuth_ShouldReturnFalse_WhenConstructedUsingWindowsDefault" />
    </UnitTest>
    <UnitTest name="MergeOptionNodes_ShouldReturnOptionsFromOldKey_WhenOptionsForNewKeyIsNull" storage="d:\actions-runner\_work\xpco\xpco\allsolutions\..\sc\components\remoteviewer\smartclient\tst\zsmartclient_unittest\bin\x64\debug\net6.0-windows\zsmartclient_unittest.dll" id="88b4d386-4c27-112e-bb74-c07845596dd9">
      <TestCategory>
        <TestCategoryItem TestCategory="Managers" />
      </TestCategory>
      <Execution id="ef2cede2-2f92-40e3-9563-498273007851" />
      <TestMethod codeBase="D:\actions-runner\_work\XPCO\XPCO\AllSolutions\..\SC\Components\RemoteViewer\SmartClient\tst\zSmartClient_UnitTest\bin\x64\Debug\net6.0-windows\zSmartClient_UnitTest.dll" adapterTypeName="executor://mstestadapter/v2" className="SmartClient_UnitTest.VideoOS.RemoteClient.Application.Managers.OptionManagerTests" name="MergeOptionNodes_ShouldReturnOptionsFromOldKey_WhenOptionsForNewKeyIsNull" />
    </UnitTest>
    <UnitTest name="CreateSearchAttributeEditControl_AllMappings_Success" storage="d:\actions-runner\_work\xpco\xpco\allsolutions\..\sc\components\remoteviewer\smartclient\tst\zsmartclient_unittest\bin\x64\debug\net6.0-windows\zsmartclient_unittest.dll" id="c4ff8731-9813-5df7-e5dd-207c7cca1b16">
      <TestCategory>
        <TestCategoryItem TestCategory="Search" />
      </TestCategory>
      <Execution id="4f177793-b213-4a04-b672-e67ed8e1661a" />
      <TestMethod codeBase="D:\actions-runner\_work\XPCO\XPCO\AllSolutions\..\SC\Components\RemoteViewer\SmartClient\tst\zSmartClient_UnitTest\bin\x64\Debug\net6.0-windows\zSmartClient_UnitTest.dll" adapterTypeName="executor://mstestadapter/v2" className="SmartClient_UnitTest.VideoOS.RemoteClient.Plugin.CentralizedSearch.MIPPlugin.ScSearchUserControlPluginTest" name="CreateSearchAttributeEditControl_AllMappings_Success" />
    </UnitTest>
    <UnitTest name="AddSelectedWindowsToExport_ShouldShowCorrectToastMessages (5,5,0)" storage="d:\actions-runner\_work\xpco\xpco\allsolutions\..\sc\components\remoteviewer\smartclient\tst\zsmartclient_unittest\bin\x64\debug\net6.0-windows\zsmartclient_unittest.dll" id="7353773e-46a1-eddc-a4ca-f5b4ae8543b5">
      <TestCategory>
        <TestCategoryItem TestCategory="Managers" />
      </TestCategory>
      <Execution id="9ed898d7-542e-4d48-b1ff-7773e1c9bc6b" />
      <TestMethod codeBase="D:\actions-runner\_work\XPCO\XPCO\AllSolutions\..\SC\Components\RemoteViewer\SmartClient\tst\zSmartClient_UnitTest\bin\x64\Debug\net6.0-windows\zSmartClient_UnitTest.dll" adapterTypeName="executor://mstestadapter/v2" className="SmartClient_UnitTest.VideoOS.RemoteClient.Application.Managers.ExportManagerTests" name="AddSelectedWindowsToExport_ShouldShowCorrectToastMessages" />
    </UnitTest>
    <UnitTest name="GetProductDisplayVersion_ShouldReturnSomething" storage="d:\actions-runner\_work\xpco\xpco\allsolutions\..\sc\components\remoteviewer\smartclient\tst\zsmartclient_unittest\bin\x64\debug\net6.0-windows\zsmartclient_unittest.dll" id="92a9af5f-4b73-82b6-5006-408d1559b096">
      <Execution id="6c8a5803-f310-458b-bbe8-fbb05e338e7b" />
      <TestMethod codeBase="D:\actions-runner\_work\XPCO\XPCO\AllSolutions\..\SC\Components\RemoteViewer\SmartClient\tst\zSmartClient_UnitTest\bin\x64\Debug\net6.0-windows\zSmartClient_UnitTest.dll" adapterTypeName="executor://mstestadapter/v2" className="SmartClient_UnitTest.VideoOS.RemoteClient.Application.Common.Telemetry.SCTelemetrySpecificsTests" name="GetProductDisplayVersion_ShouldReturnSomething" />
    </UnitTest>
    <UnitTest name="SmartSearchStatusType_ShouldYieldSameValuesForAllEnumValues_WhenRoundTripConverted (SearchCancelled,SearchCancelled)" storage="d:\actions-runner\_work\xpco\xpco\allsolutions\..\sc\components\remoteviewer\smartclient\tst\zsmartclient_unittest\bin\x64\debug\net6.0-windows\zsmartclient_unittest.dll" id="91ffcb1a-560f-f3c6-61e7-9aaab2d982dc">
      <TestCategory>
        <TestCategoryItem TestCategory="RecorderProxyToDtoMapping" />
      </TestCategory>
      <Execution id="cb0539fe-34c0-41f2-b462-46d07e650c05" />
      <TestMethod codeBase="D:\actions-runner\_work\XPCO\XPCO\AllSolutions\..\SC\Components\RemoteViewer\SmartClient\tst\zSmartClient_UnitTest\bin\x64\Debug\net6.0-windows\zSmartClient_UnitTest.dll" adapterTypeName="executor://mstestadapter/v2" className="VideoOS.Shared.ServerAPI.SOAP.RecorderClientMappingTests" name="SmartSearchStatusType_ShouldYieldSameValuesForAllEnumValues_WhenRoundTripConverted" />
    </UnitTest>
    <UnitTest name="DataTypeTest" storage="d:\actions-runner\_work\xpco\xpco\allsolutions\..\sc\components\remoteviewer\smartclient\tst\zsmartclient_unittest\bin\x64\debug\net6.0-windows\zsmartclient_unittest.dll" id="6ac3daf7-7d17-a19c-0567-b6e3340bf41b">
      <Execution id="72b7261a-a2a2-417f-9f36-539548f7cd0b" />
      <TestMethod codeBase="D:\actions-runner\_work\XPCO\XPCO\AllSolutions\..\SC\Components\RemoteViewer\SmartClient\tst\zSmartClient_UnitTest\bin\x64\Debug\net6.0-windows\zSmartClient_UnitTest.dll" adapterTypeName="executor://mstestadapter/v2" className="SmartClient_UnitTest.VideoOS.RemoteClient.Application.Data.Configuration.ViewGroupClipboardManagerTest" name="DataTypeTest" />
    </UnitTest>
    <UnitTest name="SearchAction_BrowseMode_30MinutesInThePast" storage="d:\actions-runner\_work\xpco\xpco\allsolutions\..\sc\components\remoteviewer\smartclient\tst\zsmartclient_unittest\bin\x64\debug\net6.0-windows\zsmartclient_unittest.dll" id="5bb54e26-c71e-f619-e4ab-387584c60929">
      <TestCategory>
        <TestCategoryItem TestCategory="ContentHolderToolbar" />
      </TestCategory>
      <Execution id="71ce1121-bc23-40ca-b663-eb68b76939d0" />
      <TestMethod codeBase="D:\actions-runner\_work\XPCO\XPCO\AllSolutions\..\SC\Components\RemoteViewer\SmartClient\tst\zSmartClient_UnitTest\bin\x64\Debug\net6.0-windows\zSmartClient_UnitTest.dll" adapterTypeName="executor://mstestadapter/v2" className="SmartClient_UnitTest.VideoOS.RemoteClient.Application.Data.ContentHolderToolbar.ToolBarItemSearchTests" name="SearchAction_BrowseMode_30MinutesInThePast" />
    </UnitTest>
    <UnitTest name="UpdateItemState_Hidden_WrongWorkSpaceState" storage="d:\actions-runner\_work\xpco\xpco\allsolutions\..\sc\components\remoteviewer\smartclient\tst\zsmartclient_unittest\bin\x64\debug\net6.0-windows\zsmartclient_unittest.dll" id="d640e950-edb7-4ec2-9af0-4b559a6b67cf">
      <TestCategory>
        <TestCategoryItem TestCategory="ContentHolderToolbar" />
      </TestCategory>
      <Execution id="084b4ae0-2752-490b-b7be-5bfa439c1ffe" />
      <TestMethod codeBase="D:\actions-runner\_work\XPCO\XPCO\AllSolutions\..\SC\Components\RemoteViewer\SmartClient\tst\zSmartClient_UnitTest\bin\x64\Debug\net6.0-windows\zSmartClient_UnitTest.dll" adapterTypeName="executor://mstestadapter/v2" className="SmartClient_UnitTest.VideoOS.RemoteClient.Application.Data.ContentHolderToolbar.ToolBarItemSearchTests" name="UpdateItemState_Hidden_WrongWorkSpaceState" />
    </UnitTest>
    <UnitTest name="Unrelated_devices_removed_when_camera_removed" storage="d:\actions-runner\_work\xpco\xpco\allsolutions\..\sc\components\remoteviewer\smartclient\tst\zsmartclient_unittest\bin\x64\debug\net6.0-windows\zsmartclient_unittest.dll" id="62c0f445-e4f5-0b37-109b-e9362caf5a8c">
      <Execution id="70dcce42-811e-4abe-bb47-06544ca07f85" />
      <TestMethod codeBase="D:\actions-runner\_work\XPCO\XPCO\AllSolutions\..\SC\Components\RemoteViewer\SmartClient\tst\zSmartClient_UnitTest\bin\x64\Debug\net6.0-windows\zSmartClient_UnitTest.dll" adapterTypeName="executor://mstestadapter/v2" className="SmartClient_UnitTest.VideoOS.RemoteClient.Application.Components.EvidenceLock.EvidenceLockRelatedDeviceTests" name="Unrelated_devices_removed_when_camera_removed" />
    </UnitTest>
    <UnitTest name="Ctor_NoBuiltInGroupsDefined_NoAgentsAdded" storage="d:\actions-runner\_work\xpco\xpco\allsolutions\..\sc\components\remoteviewer\smartclient\tst\zsmartclient_unittest\bin\x64\debug\net6.0-windows\zsmartclient_unittest.dll" id="b6df7e61-5cd3-7534-d237-3d944ef5fa3d">
      <TestCategory>
        <TestCategoryItem TestCategory="ScSearchManager" />
      </TestCategory>
      <Execution id="b5d1c22e-9503-442f-91e6-d6ab74afad55" />
      <TestMethod codeBase="D:\actions-runner\_work\XPCO\XPCO\AllSolutions\..\SC\Components\RemoteViewer\SmartClient\tst\zSmartClient_UnitTest\bin\x64\Debug\net6.0-windows\zSmartClient_UnitTest.dll" adapterTypeName="executor://mstestadapter/v2" className="SmartClient_UnitTest.VideoOS.RemoteClient.Plugin.CentralizedSearch.MIPPlugin.ScSearchManagerTests" name="Ctor_NoBuiltInGroupsDefined_NoAgentsAdded" />
    </UnitTest>
    <UnitTest name="Compare_SameBeginTimeDeterministicBehavior_HashCode_Success" storage="d:\actions-runner\_work\xpco\xpco\allsolutions\..\sc\components\remoteviewer\smartclient\tst\zsmartclient_unittest\bin\x64\debug\net6.0-windows\zsmartclient_unittest.dll" id="574bf290-6995-ff93-7ee5-b70a6ace7d84">
      <TestCategory>
        <TestCategoryItem TestCategory="SearchComparers" />
      </TestCategory>
      <Execution id="c46ff8a0-c00c-4b27-8e22-7cbef3f7fe98" />
      <TestMethod codeBase="D:\actions-runner\_work\XPCO\XPCO\AllSolutions\..\SC\Components\RemoteViewer\SmartClient\tst\zSmartClient_UnitTest\bin\x64\Debug\net6.0-windows\zSmartClient_UnitTest.dll" adapterTypeName="executor://mstestadapter/v2" className="SmartClient_UnitTest.VideoOS.RemoteClient.Plugin.CentralizedSearch.Models.Wrappers.Comparers.BeginTimeWithPaddingComparerTests" name="Compare_SameBeginTimeDeterministicBehavior_HashCode_Success" />
    </UnitTest>
    <UnitTest name="TestForAssemblyCoverage" storage="d:\actions-runner\_work\xpco\xpco\allsolutions\..\sc\components\remoteviewer\smartclient\tst\zsmartclient_unittest\bin\x64\debug\net6.0-windows\zsmartclient_unittest.dll" id="52f7905c-ef65-6a99-dc3b-01a6a292c041">
      <Execution id="21a74bc7-f22c-41e9-9989-bb0e2656a42d" />
      <TestMethod codeBase="D:\actions-runner\_work\XPCO\XPCO\AllSolutions\..\SC\Components\RemoteViewer\SmartClient\tst\zSmartClient_UnitTest\bin\x64\Debug\net6.0-windows\zSmartClient_UnitTest.dll" adapterTypeName="executor://mstestadapter/v2" className="SmartClient_UnitTest.VideoOS.CommonUtility.Plugin.UnitTest1" name="TestForAssemblyCoverage" />
    </UnitTest>
    <UnitTest name="AddItemGetClusters_Milestone_ItemIsInCluster" storage="d:\actions-runner\_work\xpco\xpco\allsolutions\..\sc\components\remoteviewer\smartclient\tst\zsmartclient_unittest\bin\x64\debug\net6.0-windows\zsmartclient_unittest.dll" id="60b9be0e-76ba-0ec0-0f7c-3f59c1ff8d12">
      <TestCategory>
        <TestCategoryItem TestCategory="GisMapIndex" />
      </TestCategory>
      <Execution id="2c2a5171-fbbc-4f10-bb48-2a5a6ce1ebf1" />
      <TestMethod codeBase="D:\actions-runner\_work\XPCO\XPCO\AllSolutions\..\SC\Components\RemoteViewer\SmartClient\tst\zSmartClient_UnitTest\bin\x64\Debug\net6.0-windows\zSmartClient_UnitTest.dll" adapterTypeName="executor://mstestadapter/v2" className="SmartClient_UnitTest.VideoOS.RemoteClient.GisMapData.Common.Indexer.BuildingsAwareIndexerTests" name="AddItemGetClusters_Milestone_ItemIsInCluster" />
    </UnitTest>
    <UnitTest name="GetViewGroup_SubGroup_WithMissingGroupsElement" storage="d:\actions-runner\_work\xpco\xpco\allsolutions\..\sc\components\remoteviewer\smartclient\tst\zsmartclient_unittest\bin\x64\debug\net6.0-windows\zsmartclient_unittest.dll" id="ef92f893-79c7-0d51-127f-8470ebdbc768">
      <Execution id="ba748af7-5d37-4522-bc5a-7c2fac883ad0" />
      <TestMethod codeBase="D:\actions-runner\_work\XPCO\XPCO\AllSolutions\..\SC\Components\RemoteViewer\SmartClient\tst\zSmartClient_UnitTest\bin\x64\Debug\net6.0-windows\zSmartClient_UnitTest.dll" adapterTypeName="executor://mstestadapter/v2" className="SmartClient_UnitTest.VideoOS.Shared.ViewGroupSerializationControllerTests" name="GetViewGroup_SubGroup_WithMissingGroupsElement" />
    </UnitTest>
    <UnitTest name="SearchResultsActionBarActions_EditBookmark_NotEnabled" storage="d:\actions-runner\_work\xpco\xpco\allsolutions\..\sc\components\remoteviewer\smartclient\tst\zsmartclient_unittest\bin\x64\debug\net6.0-windows\zsmartclient_unittest.dll" id="d1148632-27af-a6b6-932c-c9e12abeebb9">
      <TestCategory>
        <TestCategoryItem TestCategory="SearchResultActionBarViewModel" />
      </TestCategory>
      <Execution id="12d378e3-0fe9-4c08-b3ef-a5cf3c2b2b36" />
      <TestMethod codeBase="D:\actions-runner\_work\XPCO\XPCO\AllSolutions\..\SC\Components\RemoteViewer\SmartClient\tst\zSmartClient_UnitTest\bin\x64\Debug\net6.0-windows\zSmartClient_UnitTest.dll" adapterTypeName="executor://mstestadapter/v2" className="SmartClient_UnitTest.VideoOS.RemoteClient.Plugin.CentralizedSearch.ViewModels.SearchResultsActionBarViewModelTest" name="SearchResultsActionBarActions_EditBookmark_NotEnabled" />
    </UnitTest>
    <UnitTest name="MakeId_ShouldGenerateSameId_WhenDefinitionsChangeOrderButResultsAreSame" storage="d:\actions-runner\_work\xpco\xpco\allsolutions\..\sc\components\remoteviewer\smartclient\tst\zsmartclient_unittest\bin\x64\debug\net6.0-windows\zsmartclient_unittest.dll" id="4e8d1cbd-b8ef-6778-0ee2-4c64d9b96b59">
      <TestCategory>
        <TestCategoryItem TestCategory="Search.Wrappers" />
      </TestCategory>
      <Execution id="85049e4a-700e-45cc-8f1a-9dd651b0791e" />
      <TestMethod codeBase="D:\actions-runner\_work\XPCO\XPCO\AllSolutions\..\SC\Components\RemoteViewer\SmartClient\tst\zSmartClient_UnitTest\bin\x64\Debug\net6.0-windows\zSmartClient_UnitTest.dll" adapterTypeName="executor://mstestadapter/v2" className="SmartClient_UnitTest.VideoOS.RemoteClient.Plugin.CentralizedSearch.Models.Wrappers.SearchResultDataWrapperTests" name="MakeId_ShouldGenerateSameId_WhenDefinitionsChangeOrderButResultsAreSame" />
    </UnitTest>
    <UnitTest name="ValidEncryptionStrengthsForExport_ShouldReturnAllStrengths_WhenLegacyEncryptionEnabledInAppConfigAndFipsDisabled" storage="d:\actions-runner\_work\xpco\xpco\allsolutions\..\sc\components\remoteviewer\smartclient\tst\zsmartclient_unittest\bin\x64\debug\net6.0-windows\zsmartclient_unittest.dll" id="8fb02973-b048-8216-b7ce-b352b4c4fa12">
      <TestCategory>
        <TestCategoryItem TestCategory="Encryption" />
      </TestCategory>
      <Execution id="23071472-b205-49a4-b05f-7218da309121" />
      <TestMethod codeBase="D:\actions-runner\_work\XPCO\XPCO\AllSolutions\..\SC\Components\RemoteViewer\SmartClient\tst\zSmartClient_UnitTest\bin\x64\Debug\net6.0-windows\zSmartClient_UnitTest.dll" adapterTypeName="executor://mstestadapter/v2" className="SmartClient_UnitTest.VideoOS.RemoteClient.Application.Data.Export.Validation.ValidateEncryptionStrengthTests" name="ValidEncryptionStrengthsForExport_ShouldReturnAllStrengths_WhenLegacyEncryptionEnabledInAppConfigAndFipsDisabled" />
    </UnitTest>
    <UnitTest name="Valid password" storage="d:\actions-runner\_work\xpco\xpco\allsolutions\..\sc\components\remoteviewer\smartclient\tst\zsmartclient_unittest\bin\x64\debug\net6.0-windows\zsmartclient_unittest.dll" id="ec2e4d78-7e33-854f-807c-b8709b69648c">
      <TestCategory>
        <TestCategoryItem TestCategory="Export" />
      </TestCategory>
      <Execution id="1e89e053-d8aa-4bf1-9d10-6483f228e97c" />
      <TestMethod codeBase="D:\actions-runner\_work\XPCO\XPCO\AllSolutions\..\SC\Components\RemoteViewer\SmartClient\tst\zSmartClient_UnitTest\bin\x64\Debug\net6.0-windows\zSmartClient_UnitTest.dll" adapterTypeName="executor://mstestadapter/v2" className="SmartClient_UnitTest.VideoOS.RemoteClient.Plugin.Export.PasswordDialogViewModelTests" name="InitialPassword_ShouldResultInCorrectValidity" />
    </UnitTest>
    <UnitTest name="BoundingBoxRefreshWithData" storage="d:\actions-runner\_work\xpco\xpco\allsolutions\..\sc\components\remoteviewer\smartclient\tst\zsmartclient_unittest\bin\x64\debug\net6.0-windows\zsmartclient_unittest.dll" id="1b048c4f-8dd0-574f-1458-26bf1df29b58">
      <Execution id="e7cfe180-3ae8-4c13-9dd9-3078bf801575" />
      <TestMethod codeBase="D:\actions-runner\_work\XPCO\XPCO\AllSolutions\..\SC\Components\RemoteViewer\SmartClient\tst\zSmartClient_UnitTest\bin\x64\Debug\net6.0-windows\zSmartClient_UnitTest.dll" adapterTypeName="executor://mstestadapter/v2" className="SmartClient_UnitTest.VideoOS.RemoteClient.Application.Data.Metadata.BoundingBoxes.BoundingBoxProviderTest" name="BoundingBoxRefreshWithData" />
    </UnitTest>
    <UnitTest name="GisMapModel_DeleteBuildings_Success" storage="d:\actions-runner\_work\xpco\xpco\allsolutions\..\sc\components\remoteviewer\smartclient\tst\zsmartclient_unittest\bin\x64\debug\net6.0-windows\zsmartclient_unittest.dll" id="10a72da7-6e6a-e08f-6884-b1f500f16a56">
      <TestCategory>
        <TestCategoryItem TestCategory="GisMapBuilding" />
      </TestCategory>
      <Execution id="92fe9af7-7d62-4755-bfa4-dc8f19c317be" />
      <TestMethod codeBase="D:\actions-runner\_work\XPCO\XPCO\AllSolutions\..\SC\Components\RemoteViewer\SmartClient\tst\zSmartClient_UnitTest\bin\x64\Debug\net6.0-windows\zSmartClient_UnitTest.dll" adapterTypeName="executor://mstestadapter/v2" className="SmartClient_UnitTest.VideoOS.RemoteClient.GisMap.MapLayers.GisMapLayerTests" name="GisMapModel_DeleteBuildings_Success" />
    </UnitTest>
    <UnitTest name="GetMapLayerArguments_ShouldReturnIGisMapModelAndAlarmsObservables_WhenCalled" storage="d:\actions-runner\_work\xpco\xpco\allsolutions\..\sc\components\remoteviewer\smartclient\tst\zsmartclient_unittest\bin\x64\debug\net6.0-windows\zsmartclient_unittest.dll" id="6816708f-fdf2-3222-9491-91819f8c817b">
      <Execution id="00acb362-623c-4f07-84e3-a382c8f6dc71" />
      <TestMethod codeBase="D:\actions-runner\_work\XPCO\XPCO\AllSolutions\..\SC\Components\RemoteViewer\SmartClient\tst\zSmartClient_UnitTest\bin\x64\Debug\net6.0-windows\zSmartClient_UnitTest.dll" adapterTypeName="executor://mstestadapter/v2" className="SmartClient_UnitTest.VideoOS.RemoteClient.GisMapData.Strategies.MapLayers.InputMapLayerDatagramClassFactoryStrategyTests" name="GetMapLayerArguments_ShouldReturnIGisMapModelAndAlarmsObservables_WhenCalled" />
    </UnitTest>
    <UnitTest name="AddSelectedWindowsToExport_ShouldShowCorrectToastMessages (0,0,1)" storage="d:\actions-runner\_work\xpco\xpco\allsolutions\..\sc\components\remoteviewer\smartclient\tst\zsmartclient_unittest\bin\x64\debug\net6.0-windows\zsmartclient_unittest.dll" id="d2076066-545c-8d0e-4e0a-900f85db5e1f">
      <TestCategory>
        <TestCategoryItem TestCategory="Managers" />
      </TestCategory>
      <Execution id="5baa1166-9b35-4133-b0b4-915aa9a54563" />
      <TestMethod codeBase="D:\actions-runner\_work\XPCO\XPCO\AllSolutions\..\SC\Components\RemoteViewer\SmartClient\tst\zSmartClient_UnitTest\bin\x64\Debug\net6.0-windows\zSmartClient_UnitTest.dll" adapterTypeName="executor://mstestadapter/v2" className="SmartClient_UnitTest.VideoOS.RemoteClient.Application.Managers.ExportManagerTests" name="AddSelectedWindowsToExport_ShouldShowCorrectToastMessages" />
    </UnitTest>
    <UnitTest name="SetItemOutlines_OutlinesNull_Success" storage="d:\actions-runner\_work\xpco\xpco\allsolutions\..\sc\components\remoteviewer\smartclient\tst\zsmartclient_unittest\bin\x64\debug\net6.0-windows\zsmartclient_unittest.dll" id="f959810f-2600-c7c3-3e3a-8928298ba128">
      <TestCategory>
        <TestCategoryItem TestCategory="GisMap.GisMapViewFacade" />
      </TestCategory>
      <Execution id="9550717e-4fd5-4e21-be56-5e2628ecd1fe" />
      <TestMethod codeBase="D:\actions-runner\_work\XPCO\XPCO\AllSolutions\..\SC\Components\RemoteViewer\SmartClient\tst\zSmartClient_UnitTest\bin\x64\Debug\net6.0-windows\zSmartClient_UnitTest.dll" adapterTypeName="executor://mstestadapter/v2" className="SmartClient_UnitTest.VideoOS.RemoteClient.Plugin.GisMap.IoC.GisMapViewFacadeTests" name="SetItemOutlines_OutlinesNull_Success" />
    </UnitTest>
    <UnitTest name="GetLayerVisibilityItemsData_ShouldRenameViewZoneLayer_WhenDeviceLayersAreProvided" storage="d:\actions-runner\_work\xpco\xpco\allsolutions\..\sc\components\remoteviewer\smartclient\tst\zsmartclient_unittest\bin\x64\debug\net6.0-windows\zsmartclient_unittest.dll" id="7800ded3-3f95-f40a-3aae-7b7a07c1c0ae">
      <TestCategory>
        <TestCategoryItem TestCategory="GisMap.DefaultFixedLayerManagerStrategyTests" />
      </TestCategory>
      <Execution id="7a786c72-bd55-4cbd-b7ce-5a14e836b926" />
      <TestMethod codeBase="D:\actions-runner\_work\XPCO\XPCO\AllSolutions\..\SC\Components\RemoteViewer\SmartClient\tst\zSmartClient_UnitTest\bin\x64\Debug\net6.0-windows\zSmartClient_UnitTest.dll" adapterTypeName="executor://mstestadapter/v2" className="SmartClient_UnitTest.VideoOS.RemoteClient.Plugin.GisMap.ViewModels.LayersVisibility.FixedLayers.DefaultFixedLayerManagerStrategyTests" name="GetLayerVisibilityItemsData_ShouldRenameViewZoneLayer_WhenDeviceLayersAreProvided" />
    </UnitTest>
    <UnitTest name="BuildContentOptions_ShouldReturnInternalTab (00000000-0000-0000-0000-000000000000,False)" storage="d:\actions-runner\_work\xpco\xpco\allsolutions\..\sc\components\remoteviewer\smartclient\tst\zsmartclient_unittest\bin\x64\debug\net6.0-windows\zsmartclient_unittest.dll" id="aeb3ec96-26ad-062b-455a-de324c4a715b">
      <Execution id="f3e57242-de63-41b7-8409-9c75054f42bf" />
      <TestMethod codeBase="D:\actions-runner\_work\XPCO\XPCO\AllSolutions\..\SC\Components\RemoteViewer\SmartClient\tst\zSmartClient_UnitTest\bin\x64\Debug\net6.0-windows\zSmartClient_UnitTest.dll" adapterTypeName="executor://mstestadapter/v2" className="SmartClient_UnitTest.VideoOS.RemoteClient.Application.Common.Telemetry.TelemetryBuilderTests" name="BuildContentOptions_ShouldReturnInternalTab" />
    </UnitTest>
    <UnitTest name="AddCriteriaCommand_AddCriteriaCommand_InEditSearchDefinitionCorrect" storage="d:\actions-runner\_work\xpco\xpco\allsolutions\..\sc\components\remoteviewer\smartclient\tst\zsmartclient_unittest\bin\x64\debug\net6.0-windows\zsmartclient_unittest.dll" id="fb699dcc-5e5e-47d1-e653-08665478eed9">
      <TestCategory>
        <TestCategoryItem TestCategory="SearchViewModels" />
      </TestCategory>
      <Execution id="88ba72a1-9dc7-47c6-9a42-4e1840509fb6" />
      <TestMethod codeBase="D:\actions-runner\_work\XPCO\XPCO\AllSolutions\..\SC\Components\RemoteViewer\SmartClient\tst\zSmartClient_UnitTest\bin\x64\Debug\net6.0-windows\zSmartClient_UnitTest.dll" adapterTypeName="executor://mstestadapter/v2" className="SmartClient_UnitTest.VideoOS.RemoteClient.Plugin.CentralizedSearch.ViewModels.SearchViewModelTests" name="AddCriteriaCommand_AddCriteriaCommand_InEditSearchDefinitionCorrect" />
    </UnitTest>
    <UnitTest name="AddSelectedWindowsToExport_ShouldShowCorrectToastMessages (5,0,0)" storage="d:\actions-runner\_work\xpco\xpco\allsolutions\..\sc\components\remoteviewer\smartclient\tst\zsmartclient_unittest\bin\x64\debug\net6.0-windows\zsmartclient_unittest.dll" id="a1d9d132-2e0d-40a7-b61c-5ad666efa8c0">
      <TestCategory>
        <TestCategoryItem TestCategory="Managers" />
      </TestCategory>
      <Execution id="44440b0d-707b-419e-b935-e3cff709c4da" />
      <TestMethod codeBase="D:\actions-runner\_work\XPCO\XPCO\AllSolutions\..\SC\Components\RemoteViewer\SmartClient\tst\zSmartClient_UnitTest\bin\x64\Debug\net6.0-windows\zSmartClient_UnitTest.dll" adapterTypeName="executor://mstestadapter/v2" className="SmartClient_UnitTest.VideoOS.RemoteClient.Application.Managers.ExportManagerTests" name="AddSelectedWindowsToExport_ShouldShowCorrectToastMessages" />
    </UnitTest>
    <UnitTest name="IsProcessing_CancelWhileUnprocessedItems_Success" storage="d:\actions-runner\_work\xpco\xpco\allsolutions\..\sc\components\remoteviewer\smartclient\tst\zsmartclient_unittest\bin\x64\debug\net6.0-windows\zsmartclient_unittest.dll" id="8b851834-9d1b-52ee-4c1e-eca26c60010d">
      <TestCategory>
        <TestCategoryItem TestCategory="SearchResultsPreprocessor" />
      </TestCategory>
      <Execution id="14a9ac88-9180-487e-a72b-f2726881d8bc" />
      <TestMethod codeBase="D:\actions-runner\_work\XPCO\XPCO\AllSolutions\..\SC\Components\RemoteViewer\SmartClient\tst\zSmartClient_UnitTest\bin\x64\Debug\net6.0-windows\zSmartClient_UnitTest.dll" adapterTypeName="executor://mstestadapter/v2" className="SmartClient_UnitTest.VideoOS.RemoteClient.Plugin.CentralizedSearch.Models.SearchResultsPreprocessorTests" name="IsProcessing_CancelWhileUnprocessedItems_Success" />
    </UnitTest>
    <UnitTest name="Convert_ShouldRaiseInvalidCastException_WhenParameterIsNotAnArrayOfInteractionState" storage="d:\actions-runner\_work\xpco\xpco\allsolutions\..\sc\components\remoteviewer\smartclient\tst\zsmartclient_unittest\bin\x64\debug\net6.0-windows\zsmartclient_unittest.dll" id="842bf4ca-6371-3a8a-228b-d721ac1b9eb1">
      <TestCategory>
        <TestCategoryItem TestCategory="GisMap.InteractionStateConverter" />
      </TestCategory>
      <Execution id="fd1de5d1-68af-4189-8773-4224bc2337e3" />
      <TestMethod codeBase="D:\actions-runner\_work\XPCO\XPCO\AllSolutions\..\SC\Components\RemoteViewer\SmartClient\tst\zSmartClient_UnitTest\bin\x64\Debug\net6.0-windows\zSmartClient_UnitTest.dll" adapterTypeName="executor://mstestadapter/v2" className="SmartClient_UnitTest.VideoOS.RemoteClient.Plugin.GisMap.View.InteractionStateConverterTests" name="Convert_ShouldRaiseInvalidCastException_WhenParameterIsNotAnArrayOfInteractionState" />
    </UnitTest>
    <UnitTest name="ChangeSorting_UnknownSortResultsBy_Success" storage="d:\actions-runner\_work\xpco\xpco\allsolutions\..\sc\components\remoteviewer\smartclient\tst\zsmartclient_unittest\bin\x64\debug\net6.0-windows\zsmartclient_unittest.dll" id="c64dde4b-44bc-09e7-e376-39c843a2f827">
      <TestCategory>
        <TestCategoryItem TestCategory="SearchViewModels" />
      </TestCategory>
      <Execution id="712511aa-3666-4069-af04-5e7f2ec8c8c9" />
      <TestMethod codeBase="D:\actions-runner\_work\XPCO\XPCO\AllSolutions\..\SC\Components\RemoteViewer\SmartClient\tst\zSmartClient_UnitTest\bin\x64\Debug\net6.0-windows\zSmartClient_UnitTest.dll" adapterTypeName="executor://mstestadapter/v2" className="SmartClient_UnitTest.VideoOS.RemoteClient.Plugin.CentralizedSearch.ViewModels.SearchViewModelTests" name="ChangeSorting_UnknownSortResultsBy_Success" />
    </UnitTest>
    <UnitTest name="CreateDefinition_OneFiltersInCategory_OneFilterValuesAddedToSearchCriteria" storage="d:\actions-runner\_work\xpco\xpco\allsolutions\..\sc\components\remoteviewer\smartclient\tst\zsmartclient_unittest\bin\x64\debug\net6.0-windows\zsmartclient_unittest.dll" id="c6fc9995-4feb-7741-7b1f-15f47389f965">
      <TestCategory>
        <TestCategoryItem TestCategory="SearchModels" />
      </TestCategory>
      <Execution id="f3e26115-e0e6-4a05-9365-9efd98f0947e" />
      <TestMethod codeBase="D:\actions-runner\_work\XPCO\XPCO\AllSolutions\..\SC\Components\RemoteViewer\SmartClient\tst\zSmartClient_UnitTest\bin\x64\Debug\net6.0-windows\zSmartClient_UnitTest.dll" adapterTypeName="executor://mstestadapter/v2" className="SmartClient_UnitTest.VideoOS.RemoteClient.Plugin.CentralizedSearch.Models.SearchModelTests" name="CreateDefinition_OneFiltersInCategory_OneFilterValuesAddedToSearchCriteria" />
    </UnitTest>
    <UnitTest name="TryGetEventServerIdByACSystemId_ShouldReturnTrue_WhenEventServerIdIsPartOfServerConfiguredAccessControlSystemsDictionary" storage="d:\actions-runner\_work\xpco\xpco\allsolutions\..\sc\components\remoteviewer\smartclient\tst\zsmartclient_unittest\bin\x64\debug\net6.0-windows\zsmartclient_unittest.dll" id="4fbe1405-2b3d-d3ff-a663-0a6e5d9aa972">
      <TestCategory>
        <TestCategoryItem TestCategory="AccessControl" />
      </TestCategory>
      <Execution id="c3195800-01f3-43e9-bcd3-40fb2b0c72aa" />
      <TestMethod codeBase="D:\actions-runner\_work\XPCO\XPCO\AllSolutions\..\SC\Components\RemoteViewer\SmartClient\tst\zSmartClient_UnitTest\bin\x64\Debug\net6.0-windows\zSmartClient_UnitTest.dll" adapterTypeName="executor://mstestadapter/v2" className="SmartClient_UnitTest.VideoOS.RemoteClient.AccessControl.AccessControlLoginInfoTests" name="TryGetEventServerIdByACSystemId_ShouldReturnTrue_WhenEventServerIdIsPartOfServerConfiguredAccessControlSystemsDictionary" />
    </UnitTest>
    <UnitTest name="SearchDefinitionCountSet_SameValue_NoEventFired" storage="d:\actions-runner\_work\xpco\xpco\allsolutions\..\sc\components\remoteviewer\smartclient\tst\zsmartclient_unittest\bin\x64\debug\net6.0-windows\zsmartclient_unittest.dll" id="7ca40658-07ed-4fea-d08c-7887f7c6e388">
      <TestCategory>
        <TestCategoryItem TestCategory="SearchResultsPreprocessor" />
      </TestCategory>
      <Execution id="fc2a741c-ae07-4d01-b403-87f168fdc8fa" />
      <TestMethod codeBase="D:\actions-runner\_work\XPCO\XPCO\AllSolutions\..\SC\Components\RemoteViewer\SmartClient\tst\zSmartClient_UnitTest\bin\x64\Debug\net6.0-windows\zSmartClient_UnitTest.dll" adapterTypeName="executor://mstestadapter/v2" className="SmartClient_UnitTest.VideoOS.RemoteClient.Plugin.CentralizedSearch.Models.SearchResultsPreprocessorTests" name="SearchDefinitionCountSet_SameValue_NoEventFired" />
    </UnitTest>
    <UnitTest name="BindingModelTitle_Matches_PluginInstanceTitle" storage="d:\actions-runner\_work\xpco\xpco\allsolutions\..\sc\components\remoteviewer\smartclient\tst\zsmartclient_unittest\bin\x64\debug\net6.0-windows\zsmartclient_unittest.dll" id="478d0236-e1c2-77c9-69c0-a72f12637e60">
      <TestCategory>
        <TestCategoryItem TestCategory="WorkspaceToolbar" />
      </TestCategory>
      <Execution id="cdcd5b2c-5839-4569-962b-262479db2ade" />
      <TestMethod codeBase="D:\actions-runner\_work\XPCO\XPCO\AllSolutions\..\SC\Components\RemoteViewer\SmartClient\tst\zSmartClient_UnitTest\bin\x64\Debug\net6.0-windows\zSmartClient_UnitTest.dll" adapterTypeName="executor://mstestadapter/v2" className="SmartClient_UnitTest.VideoOS.RemoteClient.Application.Data.WorkspaceToolbar.WorkspaceToolbarItemMipPluginTests" name="BindingModelTitle_Matches_PluginInstanceTitle" />
    </UnitTest>
    <UnitTest name="ShowAccessControlSystems_ShouldReturnFalse_WhenNoACSystemsAvailable" storage="d:\actions-runner\_work\xpco\xpco\allsolutions\..\sc\components\remoteviewer\smartclient\tst\zsmartclient_unittest\bin\x64\debug\net6.0-windows\zsmartclient_unittest.dll" id="cfda1da7-2899-4bbe-17b2-c69d57b6f85d">
      <Execution id="703b363a-d4c7-4eaa-88c3-4437271624fe" />
      <TestMethod codeBase="D:\actions-runner\_work\XPCO\XPCO\AllSolutions\..\SC\Components\RemoteViewer\SmartClient\tst\zSmartClient_UnitTest\bin\x64\Debug\net6.0-windows\zSmartClient_UnitTest.dll" adapterTypeName="executor://mstestadapter/v2" className="SmartClient_UnitTest.VideoOS.RemoteClient.AccessControl.ViewModel.CardholdersTabViewModelTests" name="ShowAccessControlSystems_ShouldReturnFalse_WhenNoACSystemsAvailable" />
    </UnitTest>
    <UnitTest name="Combine_Guids_Succeded" storage="d:\actions-runner\_work\xpco\xpco\allsolutions\..\sc\components\remoteviewer\smartclient\tst\zsmartclient_unittest\bin\x64\debug\net6.0-windows\zsmartclient_unittest.dll" id="f92d7d34-ac45-0e70-f396-9fcde6a3e066">
      <TestCategory>
        <TestCategoryItem TestCategory="GisMap" />
      </TestCategory>
      <Execution id="8dd9115b-1c9f-4454-bfee-dbcf580aa8b9" />
      <TestMethod codeBase="D:\actions-runner\_work\XPCO\XPCO\AllSolutions\..\SC\Components\RemoteViewer\SmartClient\tst\zSmartClient_UnitTest\bin\x64\Debug\net6.0-windows\zSmartClient_UnitTest.dll" adapterTypeName="executor://mstestadapter/v2" className="SmartClient_UnitTest.VideoOS.RemoteClient.GisMap.MapLayers.GuidAsBinTests" name="Combine_Guids_Succeded" />
    </UnitTest>
    <UnitTest name="PtzInfoViewModel_PtzReservedByAnonymousOtherUserTest" storage="d:\actions-runner\_work\xpco\xpco\allsolutions\..\sc\components\remoteviewer\smartclient\tst\zsmartclient_unittest\bin\x64\debug\net6.0-windows\zsmartclient_unittest.dll" id="75b7a6d2-cb73-668d-0435-045642c36b2f">
      <Execution id="d6cc5f7b-61b0-4a9e-b902-340fcbe95784" />
      <TestMethod codeBase="D:\actions-runner\_work\XPCO\XPCO\AllSolutions\..\SC\Components\RemoteViewer\SmartClient\tst\zSmartClient_UnitTest\bin\x64\Debug\net6.0-windows\zSmartClient_UnitTest.dll" adapterTypeName="executor://mstestadapter/v2" className="SmartClient_UnitTest.VideoOS.RemoteClient.Plugin.Map.WPFObjects.PtzInfoViewModelUnitTest" name="PtzInfoViewModel_PtzReservedByAnonymousOtherUserTest" />
    </UnitTest>
    <UnitTest name="PatrollingStepViewModel_Constructor_Success" storage="d:\actions-runner\_work\xpco\xpco\allsolutions\..\sc\components\remoteviewer\smartclient\tst\zsmartclient_unittest\bin\x64\debug\net6.0-windows\zsmartclient_unittest.dll" id="058170fd-69e2-a7d3-64d2-1a307243ea90">
      <Execution id="3f27168b-59ea-463f-984f-96916fe37a27" />
      <TestMethod codeBase="D:\actions-runner\_work\XPCO\XPCO\AllSolutions\..\SC\Components\RemoteViewer\SmartClient\tst\zSmartClient_UnitTest\bin\x64\Debug\net6.0-windows\zSmartClient_UnitTest.dll" adapterTypeName="executor://mstestadapter/v2" className="SmartClient_UnitTest.VideoOS.RemoteClient.Application.UI.PtzPreset.PatrollingViewModel.PatrollingStepViewModelTest" name="PatrollingStepViewModel_Constructor_Success" />
    </UnitTest>
    <UnitTest name="ToDenormalizedDirection_0_50" storage="d:\actions-runner\_work\xpco\xpco\allsolutions\..\sc\components\remoteviewer\smartclient\tst\zsmartclient_unittest\bin\x64\debug\net6.0-windows\zsmartclient_unittest.dll" id="edafcc43-4593-3e69-06bb-d94b360979cb">
      <TestCategory>
        <TestCategoryItem TestCategory="GisMap" />
      </TestCategory>
      <Execution id="22d2c90a-561d-4f59-966f-b10b2838c799" />
      <TestMethod codeBase="D:\actions-runner\_work\XPCO\XPCO\AllSolutions\..\SC\Components\RemoteViewer\SmartClient\tst\zSmartClient_UnitTest\bin\x64\Debug\net6.0-windows\zSmartClient_UnitTest.dll" adapterTypeName="executor://mstestadapter/v2" className="SmartClient_UnitTest.VideoOS.RemoteClient.GisMap.Utilities.GisUtilityTests" name="ToDenormalizedDirection_0_50" />
    </UnitTest>
    <UnitTest name="SetMapItemCluster_ShouldClearIcon_WhenSuperCluster" storage="d:\actions-runner\_work\xpco\xpco\allsolutions\..\sc\components\remoteviewer\smartclient\tst\zsmartclient_unittest\bin\x64\debug\net6.0-windows\zsmartclient_unittest.dll" id="048d6a52-6981-f00b-b420-3b6a2fb00ce8">
      <TestCategory>
        <TestCategoryItem TestCategory="GisMap.ClusterMarkerTests" />
      </TestCategory>
      <Execution id="54e88f51-46da-4cad-8b64-24ac508f73f5" />
      <TestMethod codeBase="D:\actions-runner\_work\XPCO\XPCO\AllSolutions\..\SC\Components\RemoteViewer\SmartClient\tst\zSmartClient_UnitTest\bin\x64\Debug\net6.0-windows\zSmartClient_UnitTest.dll" adapterTypeName="executor://mstestadapter/v2" className="SmartClient_UnitTest.VideoOS.RemoteClient.Plugin.GisMap.ThinkGeoMap.Markers.DeviceMarkers.ClusterMarker.ClusterMarkerTests" name="SetMapItemCluster_ShouldClearIcon_WhenSuperCluster" />
    </UnitTest>
    <UnitTest name="HandleGetLayerFeatures_ShouldRaiseArgumentException_WhenNotInputKind" storage="d:\actions-runner\_work\xpco\xpco\allsolutions\..\sc\components\remoteviewer\smartclient\tst\zsmartclient_unittest\bin\x64\debug\net6.0-windows\zsmartclient_unittest.dll" id="9a284a1d-156e-907f-d45e-bf23dce7a8b2">
      <TestCategory>
        <TestCategoryItem TestCategory="GisMapData.Handlers.LayerFeatures" />
      </TestCategory>
      <Execution id="6d9d2fce-5b44-46b9-a726-236900b58d1f" />
      <TestMethod codeBase="D:\actions-runner\_work\XPCO\XPCO\AllSolutions\..\SC\Components\RemoteViewer\SmartClient\tst\zSmartClient_UnitTest\bin\x64\Debug\net6.0-windows\zSmartClient_UnitTest.dll" adapterTypeName="executor://mstestadapter/v2" className="SmartClient_UnitTest.VideoOS.RemoteClient.GisMapData.Handlers.LayerFeatures.InputLayerFeaturesHandlerTests" name="HandleGetLayerFeatures_ShouldRaiseArgumentException_WhenNotInputKind" />
    </UnitTest>
    <UnitTest name="Serialize_ShouldSerializeCombineType_WhenPresentInData" storage="d:\actions-runner\_work\xpco\xpco\allsolutions\..\sc\components\remoteviewer\smartclient\tst\zsmartclient_unittest\bin\x64\debug\net6.0-windows\zsmartclient_unittest.dll" id="9db4bf7e-3e99-c9d1-0a71-7ee3bc093993">
      <TestCategory>
        <TestCategoryItem TestCategory="SearchSerialization" />
      </TestCategory>
      <Execution id="b9e9606c-9645-42ca-8720-4c9308edb5bf" />
      <TestMethod codeBase="D:\actions-runner\_work\XPCO\XPCO\AllSolutions\..\SC\Components\RemoteViewer\SmartClient\tst\zSmartClient_UnitTest\bin\x64\Debug\net6.0-windows\zSmartClient_UnitTest.dll" adapterTypeName="executor://mstestadapter/v2" className="SmartClient_UnitTest.VideoOS.RemoteClient.Plugin.CentralizedSearch.Models.Serialization.SearchSerializerTests" name="Serialize_ShouldSerializeCombineType_WhenPresentInData" />
    </UnitTest>
    <UnitTest name="NavigateAndSelectAsync_ZoomOut_ReCenterCommandEnabled" storage="d:\actions-runner\_work\xpco\xpco\allsolutions\..\sc\components\remoteviewer\smartclient\tst\zsmartclient_unittest\bin\x64\debug\net6.0-windows\zsmartclient_unittest.dll" id="820765dc-029b-30df-a6e4-7e3395cecf69">
      <TestCategory>
        <TestCategoryItem TestCategory="GisMap.GisMapViewModel" />
      </TestCategory>
      <Execution id="34cdc8e3-086b-443a-b55b-51fbc4cbae71" />
      <TestMethod codeBase="D:\actions-runner\_work\XPCO\XPCO\AllSolutions\..\SC\Components\RemoteViewer\SmartClient\tst\zSmartClient_UnitTest\bin\x64\Debug\net6.0-windows\zSmartClient_UnitTest.dll" adapterTypeName="executor://mstestadapter/v2" className="SmartClient_UnitTest.VideoOS.RemoteClient.Plugin.GisMap.ViewModels.GisMapViewModelTests" name="NavigateAndSelectAsync_ZoomOut_ReCenterCommandEnabled" />
    </UnitTest>
    <UnitTest name="DeleteMapItems_ShouldReturnFalse_WhenItemListIsNullOrEmpty" storage="d:\actions-runner\_work\xpco\xpco\allsolutions\..\sc\components\remoteviewer\smartclient\tst\zsmartclient_unittest\bin\x64\debug\net6.0-windows\zsmartclient_unittest.dll" id="3a461286-4d9a-bb6f-bf27-81b491059d6a">
      <TestCategory>
        <TestCategoryItem TestCategory="GisMapModelController" />
      </TestCategory>
      <Execution id="b4da8357-fdec-41fd-90ac-cbe0565fa15e" />
      <TestMethod codeBase="D:\actions-runner\_work\XPCO\XPCO\AllSolutions\..\SC\Components\RemoteViewer\SmartClient\tst\zSmartClient_UnitTest\bin\x64\Debug\net6.0-windows\zSmartClient_UnitTest.dll" adapterTypeName="executor://mstestadapter/v2" className="SmartClient_UnitTest.VideoOS.RemoteClient.GisMapData.GisMapModelControllerTests" name="DeleteMapItems_ShouldReturnFalse_WhenItemListIsNullOrEmpty" />
    </UnitTest>
    <UnitTest name="TimeToStringConverter_Convert_InvalidParameter_ReturnUnsetValue" storage="d:\actions-runner\_work\xpco\xpco\allsolutions\..\sc\components\remoteviewer\smartclient\tst\zsmartclient_unittest\bin\x64\debug\net6.0-windows\zsmartclient_unittest.dll" id="4037f8f9-6ca0-fb62-ee52-1ab0cb3db5fb">
      <TestCategory>
        <TestCategoryItem TestCategory="SearchConverter" />
      </TestCategory>
      <Execution id="11a57fc0-d9ae-4565-ae00-402f9f349a7c" />
      <TestMethod codeBase="D:\actions-runner\_work\XPCO\XPCO\AllSolutions\..\SC\Components\RemoteViewer\SmartClient\tst\zSmartClient_UnitTest\bin\x64\Debug\net6.0-windows\zSmartClient_UnitTest.dll" adapterTypeName="executor://mstestadapter/v2" className="SmartClient_UnitTest.VideoOS.RemoteClient.Plugin.CentralizedSearch.Views.Converters.TimeToStringConverterTests" name="TimeToStringConverter_Convert_InvalidParameter_ReturnUnsetValue" />
    </UnitTest>
    <UnitTest name="PatrollingProfileListViewModel_ResolvePresetName_Update_Name" storage="d:\actions-runner\_work\xpco\xpco\allsolutions\..\sc\components\remoteviewer\smartclient\tst\zsmartclient_unittest\bin\x64\debug\net6.0-windows\zsmartclient_unittest.dll" id="d99b4f5e-d723-6b95-fc42-5b32d4349edc">
      <Execution id="b9e7ed70-60e7-4852-b41c-8c77bc1330b0" />
      <TestMethod codeBase="D:\actions-runner\_work\XPCO\XPCO\AllSolutions\..\SC\Components\RemoteViewer\SmartClient\tst\zSmartClient_UnitTest\bin\x64\Debug\net6.0-windows\zSmartClient_UnitTest.dll" adapterTypeName="executor://mstestadapter/v2" className="SmartClient_UnitTest.VideoOS.RemoteClient.Application.UI.PtzPreset.PatrollingViewModel.PatrollingProfileListViewModelTest" name="PatrollingProfileListViewModel_ResolvePresetName_Update_Name" />
    </UnitTest>
    <UnitTest name="GetLayerFeatures_ShouldReturnCameraLayerFeatures_WhenCameraKind" storage="d:\actions-runner\_work\xpco\xpco\allsolutions\..\sc\components\remoteviewer\smartclient\tst\zsmartclient_unittest\bin\x64\debug\net6.0-windows\zsmartclient_unittest.dll" id="cb536c37-af93-5a21-739a-c12d45516012">
      <TestCategory>
        <TestCategoryItem TestCategory="GisMapData.Controllers.LayerFeatures" />
      </TestCategory>
      <Execution id="54bb5d2d-c562-4b75-953a-df1f7fa6b732" />
      <TestMethod codeBase="D:\actions-runner\_work\XPCO\XPCO\AllSolutions\..\SC\Components\RemoteViewer\SmartClient\tst\zSmartClient_UnitTest\bin\x64\Debug\net6.0-windows\zSmartClient_UnitTest.dll" adapterTypeName="executor://mstestadapter/v2" className="SmartClient_UnitTest.VideoOS.RemoteClient.GisMapData.Controllers.LayerFeatures.LayerFeaturesControllerTests" name="GetLayerFeatures_ShouldReturnCameraLayerFeatures_WhenCameraKind" />
    </UnitTest>
    <UnitTest name="SearchAction_Carrousel_PlaybackMode" storage="d:\actions-runner\_work\xpco\xpco\allsolutions\..\sc\components\remoteviewer\smartclient\tst\zsmartclient_unittest\bin\x64\debug\net6.0-windows\zsmartclient_unittest.dll" id="9c9fd855-69d4-9918-84e1-a8e0fcc2b097">
      <TestCategory>
        <TestCategoryItem TestCategory="WorkspaceToolbar" />
      </TestCategory>
      <Execution id="eee0d707-2fa5-4765-9c3b-dc7f10b10471" />
      <TestMethod codeBase="D:\actions-runner\_work\XPCO\XPCO\AllSolutions\..\SC\Components\RemoteViewer\SmartClient\tst\zSmartClient_UnitTest\bin\x64\Debug\net6.0-windows\zSmartClient_UnitTest.dll" adapterTypeName="executor://mstestadapter/v2" className="SmartClient_UnitTest.VideoOS.RemoteClient.Application.Data.WorkspaceToolbar.WorkspaceToolbarItemSmartSearchTests" name="SearchAction_Carrousel_PlaybackMode" />
    </UnitTest>
    <UnitTest name="ValueWithFallbackConverterTests_Convert_FirstValueNull_SecondValueNotNull_Success" storage="d:\actions-runner\_work\xpco\xpco\allsolutions\..\sc\components\remoteviewer\smartclient\tst\zsmartclient_unittest\bin\x64\debug\net6.0-windows\zsmartclient_unittest.dll" id="cfadad16-7fef-9797-8a05-f69be03fa506">
      <TestCategory>
        <TestCategoryItem TestCategory="SearchConverter" />
      </TestCategory>
      <Execution id="d8f4647c-f83d-4615-80b4-c618de1d412c" />
      <TestMethod codeBase="D:\actions-runner\_work\XPCO\XPCO\AllSolutions\..\SC\Components\RemoteViewer\SmartClient\tst\zSmartClient_UnitTest\bin\x64\Debug\net6.0-windows\zSmartClient_UnitTest.dll" adapterTypeName="executor://mstestadapter/v2" className="SmartClient_UnitTest.VideoOS.RemoteClient.Plugin.CentralizedSearch.Views.Converters.ValueWithFallbackConverterTests" name="ValueWithFallbackConverterTests_Convert_FirstValueNull_SecondValueNotNull_Success" />
    </UnitTest>
    <UnitTest name="DateToStringConverter_Convert_NullParameter_ReturnUnsetValue" storage="d:\actions-runner\_work\xpco\xpco\allsolutions\..\sc\components\remoteviewer\smartclient\tst\zsmartclient_unittest\bin\x64\debug\net6.0-windows\zsmartclient_unittest.dll" id="9f0f6d30-f426-c7af-d9b6-15317c05ddf1">
      <TestCategory>
        <TestCategoryItem TestCategory="SearchConverter" />
      </TestCategory>
      <Execution id="2f03ce06-4964-4a9b-b215-c1841cae720b" />
      <TestMethod codeBase="D:\actions-runner\_work\XPCO\XPCO\AllSolutions\..\SC\Components\RemoteViewer\SmartClient\tst\zSmartClient_UnitTest\bin\x64\Debug\net6.0-windows\zSmartClient_UnitTest.dll" adapterTypeName="executor://mstestadapter/v2" className="SmartClient_UnitTest.VideoOS.RemoteClient.Plugin.CentralizedSearch.Views.Converters.DateToStringConverterTests" name="DateToStringConverter_Convert_NullParameter_ReturnUnsetValue" />
    </UnitTest>
    <UnitTest name="UpdateScope_ToTimeChangedWithNullScopeDuration_ReturnsTrue" storage="d:\actions-runner\_work\xpco\xpco\allsolutions\..\sc\components\remoteviewer\smartclient\tst\zsmartclient_unittest\bin\x64\debug\net6.0-windows\zsmartclient_unittest.dll" id="63b5e857-7c0f-1bfb-6bac-ed0592160bce">
      <TestCategory>
        <TestCategoryItem TestCategory="SearchModels" />
      </TestCategory>
      <Execution id="4a51b1b3-1c99-4677-8e0e-eeddbc005021" />
      <TestMethod codeBase="D:\actions-runner\_work\XPCO\XPCO\AllSolutions\..\SC\Components\RemoteViewer\SmartClient\tst\zSmartClient_UnitTest\bin\x64\Debug\net6.0-windows\zSmartClient_UnitTest.dll" adapterTypeName="executor://mstestadapter/v2" className="SmartClient_UnitTest.VideoOS.RemoteClient.Plugin.CentralizedSearch.Models.SearchScopeTests" name="UpdateScope_ToTimeChangedWithNullScopeDuration_ReturnsTrue" />
    </UnitTest>
    <UnitTest name="DeviceIcons_ShouldNotBeEmpty_WhenCalled" storage="d:\actions-runner\_work\xpco\xpco\allsolutions\..\sc\components\remoteviewer\smartclient\tst\zsmartclient_unittest\bin\x64\debug\net6.0-windows\zsmartclient_unittest.dll" id="42206c17-853c-7b3a-7834-e4be8b79460f">
      <TestCategory>
        <TestCategoryItem TestCategory="GisMapData.MicrophoneOemResourcesProviderTests" />
      </TestCategory>
      <Execution id="94b4d6b5-4449-4bc8-a309-8996de57d32b" />
      <TestMethod codeBase="D:\actions-runner\_work\XPCO\XPCO\AllSolutions\..\SC\Components\RemoteViewer\SmartClient\tst\zSmartClient_UnitTest\bin\x64\Debug\net6.0-windows\zSmartClient_UnitTest.dll" adapterTypeName="executor://mstestadapter/v2" className="SmartClient_UnitTest.VideoOS.RemoteClient.GisMapData.Resources.MicrophoneOemResourcesProviderTests" name="DeviceIcons_ShouldNotBeEmpty_WhenCalled" />
    </UnitTest>
    <UnitTest name="DefaultConstructor_Success" storage="d:\actions-runner\_work\xpco\xpco\allsolutions\..\sc\components\remoteviewer\smartclient\tst\zsmartclient_unittest\bin\x64\debug\net6.0-windows\zsmartclient_unittest.dll" id="9dc38d44-5d89-36d6-7b22-483d30b44b5f">
      <TestCategory>
        <TestCategoryItem TestCategory="GisMapBuilding" />
      </TestCategory>
      <Execution id="00fb9f5a-c54b-4a98-a219-d94dd061d435" />
      <TestMethod codeBase="D:\actions-runner\_work\XPCO\XPCO\AllSolutions\..\SC\Components\RemoteViewer\SmartClient\tst\zSmartClient_UnitTest\bin\x64\Debug\net6.0-windows\zSmartClient_UnitTest.dll" adapterTypeName="executor://mstestadapter/v2" className="SmartClient_UnitTest.VideoOS.RemoteClient.GisMap.MapBuildingTests" name="DefaultConstructor_Success" />
    </UnitTest>
    <UnitTest name="Convert_ShouldSetWrapAndReturnTextBlock_WhenValueIsVideoOSTextBlock" storage="d:\actions-runner\_work\xpco\xpco\allsolutions\..\sc\components\remoteviewer\smartclient\tst\zsmartclient_unittest\bin\x64\debug\net6.0-windows\zsmartclient_unittest.dll" id="0049d7ff-34d0-b659-c849-7e7744f6d7ff">
      <Execution id="ebba45e7-b067-4d20-ba1e-bcd6317a7d8e" />
      <TestMethod codeBase="D:\actions-runner\_work\XPCO\XPCO\AllSolutions\..\SC\Components\RemoteViewer\SmartClient\tst\zSmartClient_UnitTest\bin\x64\Debug\net6.0-windows\zSmartClient_UnitTest.dll" adapterTypeName="executor://mstestadapter/v2" className="SmartClient_UnitTest.VideoOS.Common.UIThemes.ContentToTooltipTextConverterTests" name="Convert_ShouldSetWrapAndReturnTextBlock_WhenValueIsVideoOSTextBlock" />
    </UnitTest>
    <UnitTest name="TryGetOsmServerTileAddress_ShouldReturnFalse_WhenOsmServerAddressIsInvalid" storage="d:\actions-runner\_work\xpco\xpco\allsolutions\..\sc\components\remoteviewer\smartclient\tst\zsmartclient_unittest\bin\x64\debug\net6.0-windows\zsmartclient_unittest.dll" id="eabf48e5-196a-32f6-d385-edcb8e627a16">
      <TestCategory>
        <TestCategoryItem TestCategory="GisMapData.Controllers.Osm" />
      </TestCategory>
      <Execution id="f31d2772-9f1a-4940-a3b9-deaa4ecf4b18" />
      <TestMethod codeBase="D:\actions-runner\_work\XPCO\XPCO\AllSolutions\..\SC\Components\RemoteViewer\SmartClient\tst\zSmartClient_UnitTest\bin\x64\Debug\net6.0-windows\zSmartClient_UnitTest.dll" adapterTypeName="executor://mstestadapter/v2" className="SmartClient_UnitTest.VideoOS.RemoteClient.GisMapData.Controllers.Osm.GisMapOsmControllerTests" name="TryGetOsmServerTileAddress_ShouldReturnFalse_WhenOsmServerAddressIsInvalid" />
    </UnitTest>
    <UnitTest name="TestHasCapapability_LesserThan_Success" storage="d:\actions-runner\_work\xpco\xpco\allsolutions\..\sc\components\remoteviewer\smartclient\tst\zsmartclient_unittest\bin\x64\debug\net6.0-windows\zsmartclient_unittest.dll" id="6d62f599-0f0c-18d4-6cc8-c03dee27684a">
      <Execution id="88df9809-07e6-4a1d-b07f-58be9609e2f8" />
      <TestMethod codeBase="D:\actions-runner\_work\XPCO\XPCO\AllSolutions\..\SC\Components\RemoteViewer\SmartClient\tst\zSmartClient_UnitTest\bin\x64\Debug\net6.0-windows\zSmartClient_UnitTest.dll" adapterTypeName="executor://mstestadapter/v2" className="SmartClient_UnitTest.VideoOS.RemoteClient.GisMapData.Common.GisMapServerCapabilitiesTest" name="TestHasCapapability_LesserThan_Success" />
    </UnitTest>
    <UnitTest name="MipItemsMapLayer_Constructed_Success" storage="d:\actions-runner\_work\xpco\xpco\allsolutions\..\sc\components\remoteviewer\smartclient\tst\zsmartclient_unittest\bin\x64\debug\net6.0-windows\zsmartclient_unittest.dll" id="965562eb-8289-311d-8c35-1161a699ffcd">
      <TestCategory>
        <TestCategoryItem TestCategory="GisMapLayer" />
      </TestCategory>
      <Execution id="171efde7-c651-4901-a327-17f0409d4709" />
      <TestMethod codeBase="D:\actions-runner\_work\XPCO\XPCO\AllSolutions\..\SC\Components\RemoteViewer\SmartClient\tst\zSmartClient_UnitTest\bin\x64\Debug\net6.0-windows\zSmartClient_UnitTest.dll" adapterTypeName="executor://mstestadapter/v2" className="SmartClient_UnitTest.VideoOS.RemoteClient.GisMap.MapLayers.GisMapLayerTests" name="MipItemsMapLayer_Constructed_Success" />
    </UnitTest>
    <UnitTest name="RightButtonDown_ShouldNotRaiseAnException_WhenFired" storage="d:\actions-runner\_work\xpco\xpco\allsolutions\..\sc\components\remoteviewer\smartclient\tst\zsmartclient_unittest\bin\x64\debug\net6.0-windows\zsmartclient_unittest.dll" id="0fd90a39-90c9-a28c-8d05-c52712094258">
      <TestCategory>
        <TestCategoryItem TestCategory="GisMap.WindowsBases" />
      </TestCategory>
      <Execution id="ef571701-f5e2-47d8-9529-2b9b9cdb69ce" />
      <TestMethod codeBase="D:\actions-runner\_work\XPCO\XPCO\AllSolutions\..\SC\Components\RemoteViewer\SmartClient\tst\zSmartClient_UnitTest\bin\x64\Debug\net6.0-windows\zSmartClient_UnitTest.dll" adapterTypeName="executor://mstestadapter/v2" className="SmartClient_UnitTest.VideoOS.RemoteClient.Plugin.GisMap.Windows.Bases.DragWindowDecoratorTests" name="RightButtonDown_ShouldNotRaiseAnException_WhenFired" />
    </UnitTest>
    <UnitTest name="BoundingBoxLiveStart" storage="d:\actions-runner\_work\xpco\xpco\allsolutions\..\sc\components\remoteviewer\smartclient\tst\zsmartclient_unittest\bin\x64\debug\net6.0-windows\zsmartclient_unittest.dll" id="6041a665-a5c2-d6e3-acc3-d07918acde37">
      <Execution id="2e117432-80ea-46cd-9590-e75b8681eb99" />
      <TestMethod codeBase="D:\actions-runner\_work\XPCO\XPCO\AllSolutions\..\SC\Components\RemoteViewer\SmartClient\tst\zSmartClient_UnitTest\bin\x64\Debug\net6.0-windows\zSmartClient_UnitTest.dll" adapterTypeName="executor://mstestadapter/v2" className="SmartClient_UnitTest.VideoOS.RemoteClient.Application.Data.Metadata.BoundingBoxes.BoundingBoxProviderTest" name="BoundingBoxLiveStart" />
    </UnitTest>
    <UnitTest name="OnMarkerRightClicked_ShouldLetMapLayerControlMenuItems_WhenNoMapItemSelected" storage="d:\actions-runner\_work\xpco\xpco\allsolutions\..\sc\components\remoteviewer\smartclient\tst\zsmartclient_unittest\bin\x64\debug\net6.0-windows\zsmartclient_unittest.dll" id="9ee3310d-df68-3208-bd43-511bd668f4d5">
      <TestCategory>
        <TestCategoryItem TestCategory="SmartMap.MapItemsOverlay" />
      </TestCategory>
      <Execution id="bf52e870-e418-4f9f-b4c8-ca28e8946c30" />
      <TestMethod codeBase="D:\actions-runner\_work\XPCO\XPCO\AllSolutions\..\SC\Components\RemoteViewer\SmartClient\tst\zSmartClient_UnitTest\bin\x64\Debug\net6.0-windows\zSmartClient_UnitTest.dll" adapterTypeName="executor://mstestadapter/v2" className="SmartClient_UnitTest.VideoOS.RemoteClient.Plugin.GisMap.ThinkGeoMap.SpecializedOverlays.Overlays.MapItemsOverlayTests" name="OnMarkerRightClicked_ShouldLetMapLayerControlMenuItems_WhenNoMapItemSelected" />
    </UnitTest>
    <UnitTest name="Ctor_NullDefinition_Throws" storage="d:\actions-runner\_work\xpco\xpco\allsolutions\..\sc\components\remoteviewer\smartclient\tst\zsmartclient_unittest\bin\x64\debug\net6.0-windows\zsmartclient_unittest.dll" id="9b54bf22-f513-708f-8279-2654a94cc1cf">
      <TestCategory>
        <TestCategoryItem TestCategory="Search" />
      </TestCategory>
      <Execution id="cbbe3897-ef69-4474-a7ae-e3b8486a4b97" />
      <TestMethod codeBase="D:\actions-runner\_work\XPCO\XPCO\AllSolutions\..\SC\Components\RemoteViewer\SmartClient\tst\zSmartClient_UnitTest\bin\x64\Debug\net6.0-windows\zSmartClient_UnitTest.dll" adapterTypeName="executor://mstestadapter/v2" className="SmartClient_UnitTest.VideoOS.RemoteClient.Plugin.CentralizedSearch.ViewModels.SearchDefinitionViewModelTests" name="Ctor_NullDefinition_Throws" />
    </UnitTest>
    <UnitTest name="Ctor_OneBuiltInGroupDefined_OneCompositeAgentAddedAndTwoStandardAgentsAdded" storage="d:\actions-runner\_work\xpco\xpco\allsolutions\..\sc\components\remoteviewer\smartclient\tst\zsmartclient_unittest\bin\x64\debug\net6.0-windows\zsmartclient_unittest.dll" id="14f3ec32-0fa4-5f7a-4835-a25af4f36100">
      <TestCategory>
        <TestCategoryItem TestCategory="ScSearchManager" />
      </TestCategory>
      <Execution id="ce24ba1b-daab-47f9-adcf-84501991dc48" />
      <TestMethod codeBase="D:\actions-runner\_work\XPCO\XPCO\AllSolutions\..\SC\Components\RemoteViewer\SmartClient\tst\zSmartClient_UnitTest\bin\x64\Debug\net6.0-windows\zSmartClient_UnitTest.dll" adapterTypeName="executor://mstestadapter/v2" className="SmartClient_UnitTest.VideoOS.RemoteClient.Plugin.CentralizedSearch.MIPPlugin.ScSearchManagerTests" name="Ctor_OneBuiltInGroupDefined_OneCompositeAgentAddedAndTwoStandardAgentsAdded" />
    </UnitTest>
    <UnitTest name="AssignPanTiltValue_WhenValueIsInsideDeadzone_ShouldReturnCenterValue" storage="d:\actions-runner\_work\xpco\xpco\allsolutions\..\sc\components\remoteviewer\smartclient\tst\zsmartclient_unittest\bin\x64\debug\net6.0-windows\zsmartclient_unittest.dll" id="72e0aaef-b782-3799-5f94-2f93780a25bc">
      <Execution id="91f46d7b-8f6e-493e-ae76-e583962f1cb3" />
      <TestMethod codeBase="D:\actions-runner\_work\XPCO\XPCO\AllSolutions\..\SC\Components\RemoteViewer\SmartClient\tst\zSmartClient_UnitTest\bin\x64\Debug\net6.0-windows\zSmartClient_UnitTest.dll" adapterTypeName="executor://mstestadapter/v2" className="SmartClient_UnitTest.VideoOS.RemoteClient.Plugin.JoystickSupport.JoystickDeviceTests" name="AssignPanTiltValue_WhenValueIsInsideDeadzone_ShouldReturnCenterValue" />
    </UnitTest>
    <UnitTest name="Constructor_ShouldThrowAnException_WhenWorkroomIsNull" storage="d:\actions-runner\_work\xpco\xpco\allsolutions\..\sc\components\remoteviewer\smartclient\tst\zsmartclient_unittest\bin\x64\debug\net6.0-windows\zsmartclient_unittest.dll" id="2ebfe8ce-3c37-b151-62ae-982463586759">
      <TestCategory>
        <TestCategoryItem TestCategory="WorkspaceToolbar" />
      </TestCategory>
      <Execution id="176c6e5c-6f9f-451b-90d0-78f477fabbf8" />
      <TestMethod codeBase="D:\actions-runner\_work\XPCO\XPCO\AllSolutions\..\SC\Components\RemoteViewer\SmartClient\tst\zSmartClient_UnitTest\bin\x64\Debug\net6.0-windows\zSmartClient_UnitTest.dll" adapterTypeName="executor://mstestadapter/v2" className="SmartClient_UnitTest.VideoOS.RemoteClient.Application.UI.Content.WorkspaceToolbar.WorkspaceToolbarViewModelTests" name="Constructor_ShouldThrowAnException_WhenWorkroomIsNull" />
    </UnitTest>
    <UnitTest name="Ctor_ShouldApplyNewestTriggerTimeComparer_WhenMultipleSimultaneousSearchesIsNotAllowed" storage="d:\actions-runner\_work\xpco\xpco\allsolutions\..\sc\components\remoteviewer\smartclient\tst\zsmartclient_unittest\bin\x64\debug\net6.0-windows\zsmartclient_unittest.dll" id="7ed10e38-acaf-fb97-a236-10882c020ef0">
      <TestCategory>
        <TestCategoryItem TestCategory="SearchResultViewModels" />
      </TestCategory>
      <Execution id="d92d1140-0292-4910-950d-adcc5a3fc1bd" />
      <TestMethod codeBase="D:\actions-runner\_work\XPCO\XPCO\AllSolutions\..\SC\Components\RemoteViewer\SmartClient\tst\zSmartClient_UnitTest\bin\x64\Debug\net6.0-windows\zSmartClient_UnitTest.dll" adapterTypeName="executor://mstestadapter/v2" className="SmartClient_UnitTest.VideoOS.RemoteClient.Plugin.CentralizedSearch.ViewModels.SearchResultsViewModelTest" name="Ctor_ShouldApplyNewestTriggerTimeComparer_WhenMultipleSimultaneousSearchesIsNotAllowed" />
    </UnitTest>
    <UnitTest name="ResolveSearchDefinitions_ShouldReturnResultSearchDefinition_WhenCombinedSearchResultWithSingleSubResultAndSearchDefinitionsNotContainingCorrectSearchDefinitionsAreGiven" storage="d:\actions-runner\_work\xpco\xpco\allsolutions\..\sc\components\remoteviewer\smartclient\tst\zsmartclient_unittest\bin\x64\debug\net6.0-windows\zsmartclient_unittest.dll" id="1f280893-1f72-6f45-77a3-2457f07e9bd2">
      <TestCategory>
        <TestCategoryItem TestCategory="Search" />
      </TestCategory>
      <Execution id="727af00a-e555-4d13-b498-120479c8308d" />
      <TestMethod codeBase="D:\actions-runner\_work\XPCO\XPCO\AllSolutions\..\SC\Components\RemoteViewer\SmartClient\tst\zSmartClient_UnitTest\bin\x64\Debug\net6.0-windows\zSmartClient_UnitTest.dll" adapterTypeName="executor://mstestadapter/v2" className="SmartClient_UnitTest.VideoOS.RemoteClient.Plugin.CentralizedSearch.Utils.SearchResultDataWrapperExtensionsTests" name="ResolveSearchDefinitions_ShouldReturnResultSearchDefinition_WhenCombinedSearchResultWithSingleSubResultAndSearchDefinitionsNotContainingCorrectSearchDefinitionsAreGiven" />
    </UnitTest>
    <UnitTest name="SelectOptions_ShouldSetSelectedComponent_WhenGivenOptionGroupWithCorrelatedComponent" storage="d:\actions-runner\_work\xpco\xpco\allsolutions\..\sc\components\remoteviewer\smartclient\tst\zsmartclient_unittest\bin\x64\debug\net6.0-windows\zsmartclient_unittest.dll" id="54fe689a-094b-c2b1-eff8-7a88071b8275">
      <Execution id="b6205c4b-3047-4037-8aef-4b80f54d6274" />
      <TestMethod codeBase="D:\actions-runner\_work\XPCO\XPCO\AllSolutions\..\SC\Components\RemoteViewer\SmartClient\tst\zSmartClient_UnitTest\bin\x64\Debug\net6.0-windows\zSmartClient_UnitTest.dll" adapterTypeName="executor://mstestadapter/v2" className="SmartClient_UnitTest.VideoOS.RemoteClient.Application.UI.Settings.SettingsDialogViewModelTests" name="SelectOptions_ShouldSetSelectedComponent_WhenGivenOptionGroupWithCorrelatedComponent" />
    </UnitTest>
    <UnitTest name="TestConstructor_EmptyOuterRing_GetBounds_Success" storage="d:\actions-runner\_work\xpco\xpco\allsolutions\..\sc\components\remoteviewer\smartclient\tst\zsmartclient_unittest\bin\x64\debug\net6.0-windows\zsmartclient_unittest.dll" id="88071ce5-6a3f-f4ed-8ba6-7bfde6e1c46a">
      <TestCategory>
        <TestCategoryItem TestCategory="GisMap" />
      </TestCategory>
      <Execution id="30019471-bfb5-42bf-8f27-0b534fbb9e6e" />
      <TestMethod codeBase="D:\actions-runner\_work\XPCO\XPCO\AllSolutions\..\SC\Components\RemoteViewer\SmartClient\tst\zSmartClient_UnitTest\bin\x64\Debug\net6.0-windows\zSmartClient_UnitTest.dll" adapterTypeName="executor://mstestadapter/v2" className="SmartClient_UnitTest.VideoOS.RemoteClient.GisMap.Common.MapPolygonTest" name="TestConstructor_EmptyOuterRing_GetBounds_Success" />
    </UnitTest>
    <UnitTest name="Instance_ShouldBeSingleton_WhenCalled" storage="d:\actions-runner\_work\xpco\xpco\allsolutions\..\sc\components\remoteviewer\smartclient\tst\zsmartclient_unittest\bin\x64\debug\net6.0-windows\zsmartclient_unittest.dll" id="0ed09f5c-e815-112c-6aff-fe0dbd9b6f36">
      <TestCategory>
        <TestCategoryItem TestCategory="GisMapData.InputOemResourcesProviderTests" />
      </TestCategory>
      <Execution id="bee332cd-b064-45e6-8ab3-ea52305af1b2" />
      <TestMethod codeBase="D:\actions-runner\_work\XPCO\XPCO\AllSolutions\..\SC\Components\RemoteViewer\SmartClient\tst\zSmartClient_UnitTest\bin\x64\Debug\net6.0-windows\zSmartClient_UnitTest.dll" adapterTypeName="executor://mstestadapter/v2" className="SmartClient_UnitTest.VideoOS.RemoteClient.GisMapData.Resources.InputOemResourcesProviderTests" name="Instance_ShouldBeSingleton_WhenCalled" />
    </UnitTest>
    <UnitTest name="Selected_retention_option_is_cleared_when_not_available" storage="d:\actions-runner\_work\xpco\xpco\allsolutions\..\sc\components\remoteviewer\smartclient\tst\zsmartclient_unittest\bin\x64\debug\net6.0-windows\zsmartclient_unittest.dll" id="8afe4c58-19f6-dd1a-c67e-b2b4ee85f2ac">
      <Execution id="5bc1e094-637e-4314-9e79-5b6f27586f66" />
      <TestMethod codeBase="D:\actions-runner\_work\XPCO\XPCO\AllSolutions\..\SC\Components\RemoteViewer\SmartClient\tst\zSmartClient_UnitTest\bin\x64\Debug\net6.0-windows\zSmartClient_UnitTest.dll" adapterTypeName="executor://mstestadapter/v2" className="SmartClient_UnitTest.VideoOS.RemoteClient.Application.Components.EvidenceLock.EvidenceLockCreateEditTests" name="Selected_retention_option_is_cleared_when_not_available" />
    </UnitTest>
    <UnitTest name="Connect_FailToConnect_ShouldReturnFalse" storage="d:\actions-runner\_work\xpco\xpco\allsolutions\..\sc\components\remoteviewer\smartclient\tst\zsmartclient_unittest\bin\x64\debug\net6.0-windows\zsmartclient_unittest.dll" id="a994a568-3e00-625c-a6cf-5145a11d5bf6">
      <Execution id="de43b5d6-2db6-4516-9225-02a5f2b659ae" />
      <TestMethod codeBase="D:\actions-runner\_work\XPCO\XPCO\AllSolutions\..\SC\Components\RemoteViewer\SmartClient\tst\zSmartClient_UnitTest\bin\x64\Debug\net6.0-windows\zSmartClient_UnitTest.dll" adapterTypeName="executor://mstestadapter/v2" className="VideoOS.Shared.ServerAPI.VMOViewerClientFacade.UnitTest.VMOViewerClientFacadeTests" name="Connect_FailToConnect_ShouldReturnFalse" />
    </UnitTest>
    <UnitTest name="VideoResultSearchResult_Properties_CollectedAndDisplayed" storage="d:\actions-runner\_work\xpco\xpco\allsolutions\..\sc\components\remoteviewer\smartclient\tst\zsmartclient_unittest\bin\x64\debug\net6.0-windows\zsmartclient_unittest.dll" id="c0fbebe8-662e-1768-fb63-e3fa6064e5a1">
      <TestCategory>
        <TestCategoryItem TestCategory="SearchControls" />
      </TestCategory>
      <Execution id="cffe33a4-6cef-4d55-9701-ac1acc78974e" />
      <TestMethod codeBase="D:\actions-runner\_work\XPCO\XPCO\AllSolutions\..\SC\Components\RemoteViewer\SmartClient\tst\zSmartClient_UnitTest\bin\x64\Debug\net6.0-windows\zSmartClient_UnitTest.dll" adapterTypeName="executor://mstestadapter/v2" className="SmartClient_UnitTest.VideoOS.RemoteClient.Plugin.CentralizedSearch.Views.Controls.SearchResultDetailsControlTests" name="VideoResultSearchResult_Properties_CollectedAndDisplayed" />
    </UnitTest>
    <UnitTest name="Path enabled, forced" storage="d:\actions-runner\_work\xpco\xpco\allsolutions\..\sc\components\remoteviewer\smartclient\tst\zsmartclient_unittest\bin\x64\debug\net6.0-windows\zsmartclient_unittest.dll" id="98080849-b9da-3c6c-854e-942231adfd8f">
      <TestCategory>
        <TestCategoryItem TestCategory="Export" />
      </TestCategory>
      <Execution id="8ba52ba8-534d-4840-8ed0-779df1761827" />
      <TestMethod codeBase="D:\actions-runner\_work\XPCO\XPCO\AllSolutions\..\SC\Components\RemoteViewer\SmartClient\tst\zSmartClient_UnitTest\bin\x64\Debug\net6.0-windows\zSmartClient_UnitTest.dll" adapterTypeName="executor://mstestadapter/v2" className="SmartClient_UnitTest.VideoOS.RemoteClient.Plugin.Export.CreateExportDialogViewModelTests" name="CreateExportDialog_ExportDestinationPreSelected_BasedOnOptions" />
    </UnitTest>
    <UnitTest name="CalculateNewExtent_ShouldScaleEvenly_WhenWithinMaxInLowerLeft" storage="d:\actions-runner\_work\xpco\xpco\allsolutions\..\sc\components\remoteviewer\smartclient\tst\zsmartclient_unittest\bin\x64\debug\net6.0-windows\zsmartclient_unittest.dll" id="d334a597-c565-285a-8550-3b9ea2cba29c">
      <TestCategory>
        <TestCategoryItem TestCategory="MipItemsUpdateStrategy" />
      </TestCategory>
      <Execution id="bdb0aa48-8ba4-46f4-9ab3-41505ffb6754" />
      <TestMethod codeBase="D:\actions-runner\_work\XPCO\XPCO\AllSolutions\..\SC\Components\RemoteViewer\SmartClient\tst\zSmartClient_UnitTest\bin\x64\Debug\net6.0-windows\zSmartClient_UnitTest.dll" adapterTypeName="executor://mstestadapter/v2" className="SmartClient_UnitTest.VideoOS.RemoteClient.Plugin.GisMap.MIP.MipItemsUpdateStrategyTests" name="CalculateNewExtent_ShouldScaleEvenly_WhenWithinMaxInLowerLeft" />
    </UnitTest>
    <UnitTest name="ConvertToValidPath_WhenAllowDirectories_ConvertToValidPath" storage="d:\actions-runner\_work\xpco\xpco\allsolutions\..\sc\components\remoteviewer\smartclient\tst\zsmartclient_unittest\bin\x64\debug\net6.0-windows\zsmartclient_unittest.dll" id="7a5350b3-34d1-bd37-e8d8-d06d15c440d2">
      <Execution id="730d85c6-a6c5-4be2-8832-4f052a8bc28e" />
      <TestMethod codeBase="D:\actions-runner\_work\XPCO\XPCO\AllSolutions\..\SC\Components\RemoteViewer\SmartClient\tst\zSmartClient_UnitTest\bin\x64\Debug\net6.0-windows\zSmartClient_UnitTest.dll" adapterTypeName="executor://mstestadapter/v2" className="SmartClient_UnitTest.VideoOS.RemoteClient.Application.Common.FilePathValidatorTest" name="ConvertToValidPath_WhenAllowDirectories_ConvertToValidPath" />
    </UnitTest>
    <UnitTest name="ToDenormalizedDirection_LesserThanMinus1_0_Failure" storage="d:\actions-runner\_work\xpco\xpco\allsolutions\..\sc\components\remoteviewer\smartclient\tst\zsmartclient_unittest\bin\x64\debug\net6.0-windows\zsmartclient_unittest.dll" id="380c2d79-325d-3409-b945-e63fa33fc5f3">
      <TestCategory>
        <TestCategoryItem TestCategory="GisMap" />
      </TestCategory>
      <Execution id="145b1771-9106-427f-9c04-b7019e2d2134" />
      <TestMethod codeBase="D:\actions-runner\_work\XPCO\XPCO\AllSolutions\..\SC\Components\RemoteViewer\SmartClient\tst\zSmartClient_UnitTest\bin\x64\Debug\net6.0-windows\zSmartClient_UnitTest.dll" adapterTypeName="executor://mstestadapter/v2" className="SmartClient_UnitTest.VideoOS.RemoteClient.GisMap.Utilities.GisUtilityTests" name="ToDenormalizedDirection_LesserThanMinus1_0_Failure" />
    </UnitTest>
    <UnitTest name="Convert_OneCamerasSelectionAndOneSearchDefinition_Collapsed" storage="d:\actions-runner\_work\xpco\xpco\allsolutions\..\sc\components\remoteviewer\smartclient\tst\zsmartclient_unittest\bin\x64\debug\net6.0-windows\zsmartclient_unittest.dll" id="f2b7929b-9477-2b09-878d-9dcd16e02623">
      <TestCategory>
        <TestCategoryItem TestCategory="SearchConverter" />
      </TestCategory>
      <Execution id="05ebaf47-4eef-49bf-bc76-c0fdc65c3ffa" />
      <TestMethod codeBase="D:\actions-runner\_work\XPCO\XPCO\AllSolutions\..\SC\Components\RemoteViewer\SmartClient\tst\zSmartClient_UnitTest\bin\x64\Debug\net6.0-windows\zSmartClient_UnitTest.dll" adapterTypeName="executor://mstestadapter/v2" className="SmartClient_UnitTest.VideoOS.RemoteClient.Plugin.CentralizedSearch.Views.Converters.NoCriteriaSelectedGridVisibilityConverterTests" name="Convert_OneCamerasSelectionAndOneSearchDefinition_Collapsed" />
    </UnitTest>
    <UnitTest name="Ctor_WpfMessageBoxButtonIsSetToOk_OnlyOkButtonVisible" storage="d:\actions-runner\_work\xpco\xpco\allsolutions\..\sc\components\remoteviewer\smartclient\tst\zsmartclient_unittest\bin\x64\debug\net6.0-windows\zsmartclient_unittest.dll" id="3419854c-a58b-26c0-1755-df23f4de0fe4">
      <Execution id="d3546f48-ac21-43bb-bdfb-a609ce578349" />
      <TestMethod codeBase="D:\actions-runner\_work\XPCO\XPCO\AllSolutions\..\SC\Components\RemoteViewer\SmartClient\tst\zSmartClient_UnitTest\bin\x64\Debug\net6.0-windows\zSmartClient_UnitTest.dll" adapterTypeName="executor://mstestadapter/v2" className="SmartClient_UnitTest.VideoOS.RemoteClient.Application.UI.Common.MessageBoxWithList.MessageBoxWithListViewModelTests" name="Ctor_WpfMessageBoxButtonIsSetToOk_OnlyOkButtonVisible" />
    </UnitTest>
    <UnitTest name="SelectedComponent_ShouldDefaultToFirstComponent_WhenSettingsDialogIsOpened" storage="d:\actions-runner\_work\xpco\xpco\allsolutions\..\sc\components\remoteviewer\smartclient\tst\zsmartclient_unittest\bin\x64\debug\net6.0-windows\zsmartclient_unittest.dll" id="8e2c4cca-7551-4f11-2133-425fd4297ee4">
      <Execution id="c02f8c5e-1b91-4950-9551-5d60ad3fb259" />
      <TestMethod codeBase="D:\actions-runner\_work\XPCO\XPCO\AllSolutions\..\SC\Components\RemoteViewer\SmartClient\tst\zSmartClient_UnitTest\bin\x64\Debug\net6.0-windows\zSmartClient_UnitTest.dll" adapterTypeName="executor://mstestadapter/v2" className="SmartClient_UnitTest.VideoOS.RemoteClient.Application.UI.Settings.SettingsDialogViewModelTests" name="SelectedComponent_ShouldDefaultToFirstComponent_WhenSettingsDialogIsOpened" />
    </UnitTest>
    <UnitTest name="GetDeviceData_ShouldReturnDeviceData_WhenCameraKindAndExistingCameraId" storage="d:\actions-runner\_work\xpco\xpco\allsolutions\..\sc\components\remoteviewer\smartclient\tst\zsmartclient_unittest\bin\x64\debug\net6.0-windows\zsmartclient_unittest.dll" id="2a4dd686-62ac-c714-9f30-f0d81a07f831">
      <TestCategory>
        <TestCategoryItem TestCategory="GisMap.Controllers.Devices.MapItems" />
      </TestCategory>
      <Execution id="6307b705-850f-4d6d-ad3a-d3a66c9300d0" />
      <TestMethod codeBase="D:\actions-runner\_work\XPCO\XPCO\AllSolutions\..\SC\Components\RemoteViewer\SmartClient\tst\zSmartClient_UnitTest\bin\x64\Debug\net6.0-windows\zSmartClient_UnitTest.dll" adapterTypeName="executor://mstestadapter/v2" className="SmartClient_UnitTest.VideoOS.RemoteClient.Plugin.GisMap.Controllers.Devices.MapItems.DeviceDataControllerTests" name="GetDeviceData_ShouldReturnDeviceData_WhenCameraKindAndExistingCameraId" />
    </UnitTest>
    <UnitTest name="Command_ShouldInvokeRemoveMipMapItem_WhenExecutedForMultipleSelectedItem" storage="d:\actions-runner\_work\xpco\xpco\allsolutions\..\sc\components\remoteviewer\smartclient\tst\zsmartclient_unittest\bin\x64\debug\net6.0-windows\zsmartclient_unittest.dll" id="84796659-ba8c-65c7-7760-1f800728b555">
      <TestCategory>
        <TestCategoryItem TestCategory="GisMapMip" />
      </TestCategory>
      <Execution id="e586363f-0c9e-4a09-b724-783db01787d7" />
      <TestMethod codeBase="D:\actions-runner\_work\XPCO\XPCO\AllSolutions\..\SC\Components\RemoteViewer\SmartClient\tst\zSmartClient_UnitTest\bin\x64\Debug\net6.0-windows\zSmartClient_UnitTest.dll" adapterTypeName="executor://mstestadapter/v2" className="SmartClient_UnitTest.VideoOS.RemoteClient.Plugin.GisMap.ThinkGeoMap.ContextMenuUtils.RemoveMipItemContextMenuTests" name="Command_ShouldInvokeRemoveMipMapItem_WhenExecutedForMultipleSelectedItem" />
    </UnitTest>
    <UnitTest name="TestConstructor_WithNullParameter_Failure" storage="d:\actions-runner\_work\xpco\xpco\allsolutions\..\sc\components\remoteviewer\smartclient\tst\zsmartclient_unittest\bin\x64\debug\net6.0-windows\zsmartclient_unittest.dll" id="2ea7f788-a228-7eb9-ef8c-629855bfb76d">
      <Execution id="8a182dc6-3295-415b-8498-134bf1b57feb" />
      <TestMethod codeBase="D:\actions-runner\_work\XPCO\XPCO\AllSolutions\..\SC\Components\RemoteViewer\SmartClient\tst\zSmartClient_UnitTest\bin\x64\Debug\net6.0-windows\zSmartClient_UnitTest.dll" adapterTypeName="executor://mstestadapter/v2" className="SmartClient_UnitTest.VideoOS.RemoteClient.GisMapData.Common.GisMapServerCapabilitiesTest" name="TestConstructor_WithNullParameter_Failure" />
    </UnitTest>
    <UnitTest name="ValidateExportLocation_ShouldReturnFailResult_ExportFolderIsIllegal (True,False)" storage="d:\actions-runner\_work\xpco\xpco\allsolutions\..\sc\components\remoteviewer\smartclient\tst\zsmartclient_unittest\bin\x64\debug\net6.0-windows\zsmartclient_unittest.dll" id="d4c8bd44-a5f8-3ff8-b16d-c714a3420f05">
      <TestCategory>
        <TestCategoryItem TestCategory="Export" />
      </TestCategory>
      <Execution id="139a7819-86b0-4f8a-8019-931f554446e0" />
      <TestMethod codeBase="D:\actions-runner\_work\XPCO\XPCO\AllSolutions\..\SC\Components\RemoteViewer\SmartClient\tst\zSmartClient_UnitTest\bin\x64\Debug\net6.0-windows\zSmartClient_UnitTest.dll" adapterTypeName="executor://mstestadapter/v2" className="SmartClient_UnitTest.VideoOS.RemoteClient.Plugin.Export.ExportDataValidatorTests" name="ValidateExportLocation_ShouldReturnFailResult_ExportFolderIsIllegal" />
    </UnitTest>
    <UnitTest name="ActionBarPluginEnabled_SinglePluginWithEnoughRoom_PluginButtonPresentInActionBar" storage="d:\actions-runner\_work\xpco\xpco\allsolutions\..\sc\components\remoteviewer\smartclient\tst\zsmartclient_unittest\bin\x64\debug\net6.0-windows\zsmartclient_unittest.dll" id="baa96bb4-9a62-b146-14d8-03dbee056087">
      <TestCategory>
        <TestCategoryItem TestCategory="SearchViews" />
      </TestCategory>
      <Execution id="5927e6cc-d364-4a80-a411-75eed381d4d3" />
      <TestMethod codeBase="D:\actions-runner\_work\XPCO\XPCO\AllSolutions\..\SC\Components\RemoteViewer\SmartClient\tst\zSmartClient_UnitTest\bin\x64\Debug\net6.0-windows\zSmartClient_UnitTest.dll" adapterTypeName="executor://mstestadapter/v2" className="SmartClient_UnitTest.VideoOS.RemoteClient.Plugin.CentralizedSearch.Views.SearchResultActionBarViewTests" name="ActionBarPluginEnabled_SinglePluginWithEnoughRoom_PluginButtonPresentInActionBar" />
    </UnitTest>
    <UnitTest name="Result_Updates_Correctly" storage="d:\actions-runner\_work\xpco\xpco\allsolutions\..\sc\components\remoteviewer\smartclient\tst\zsmartclient_unittest\bin\x64\debug\net6.0-windows\zsmartclient_unittest.dll" id="64807985-c509-c615-5e46-3ee5e8e0197e">
      <Execution id="23fc6ef3-d99f-4cd6-9226-d7fab5cd030a" />
      <TestMethod codeBase="D:\actions-runner\_work\XPCO\XPCO\AllSolutions\..\SC\Components\RemoteViewer\SmartClient\tst\zSmartClient_UnitTest\bin\x64\Debug\net6.0-windows\zSmartClient_UnitTest.dll" adapterTypeName="executor://mstestadapter/v2" className="SmartClient_UnitTest.VideoOS.RemoteClient.Application.Components.Search.SearchManagerTest" name="Result_Updates_Correctly" />
    </UnitTest>
    <UnitTest name="Optics enabled, not forced" storage="d:\actions-runner\_work\xpco\xpco\allsolutions\..\sc\components\remoteviewer\smartclient\tst\zsmartclient_unittest\bin\x64\debug\net6.0-windows\zsmartclient_unittest.dll" id="81d55e49-1ae7-4ea3-83a6-f68b4a9992bd">
      <TestCategory>
        <TestCategoryItem TestCategory="Export" />
      </TestCategory>
      <Execution id="40afaef9-143e-40cc-86c7-88d72886cbe5" />
      <TestMethod codeBase="D:\actions-runner\_work\XPCO\XPCO\AllSolutions\..\SC\Components\RemoteViewer\SmartClient\tst\zSmartClient_UnitTest\bin\x64\Debug\net6.0-windows\zSmartClient_UnitTest.dll" adapterTypeName="executor://mstestadapter/v2" className="SmartClient_UnitTest.VideoOS.RemoteClient.Plugin.Export.CreateExportDialogViewModelTests" name="CreateExportDialog_ExportDestinationPreSelected_BasedOnOptions" />
    </UnitTest>
    <UnitTest name="CameraMapItem_UpdateName_Rejected" storage="d:\actions-runner\_work\xpco\xpco\allsolutions\..\sc\components\remoteviewer\smartclient\tst\zsmartclient_unittest\bin\x64\debug\net6.0-windows\zsmartclient_unittest.dll" id="f63c2d26-77b7-377e-2b59-219fb8f0f7b9">
      <TestCategory>
        <TestCategoryItem TestCategory="GisMapMapItem" />
      </TestCategory>
      <Execution id="ac9edd57-19c6-49d2-af31-b0c34505e1fc" />
      <TestMethod codeBase="D:\actions-runner\_work\XPCO\XPCO\AllSolutions\..\SC\Components\RemoteViewer\SmartClient\tst\zSmartClient_UnitTest\bin\x64\Debug\net6.0-windows\zSmartClient_UnitTest.dll" adapterTypeName="executor://mstestadapter/v2" className="SmartClient_UnitTest.VideoOS.RemoteClient.GisMap.MapItem.MapItemTests" name="CameraMapItem_UpdateName_Rejected" />
    </UnitTest>
    <UnitTest name="PointMapItem_InputWithNoShortName_Success" storage="d:\actions-runner\_work\xpco\xpco\allsolutions\..\sc\components\remoteviewer\smartclient\tst\zsmartclient_unittest\bin\x64\debug\net6.0-windows\zsmartclient_unittest.dll" id="b504ac94-d24b-65b3-ca37-c7d43c96a4da">
      <TestCategory>
        <TestCategoryItem TestCategory="GisMapData.MapItem.Inputs" />
      </TestCategory>
      <Execution id="bec50155-cecb-4701-b3f4-2964067d97d4" />
      <TestMethod codeBase="D:\actions-runner\_work\XPCO\XPCO\AllSolutions\..\SC\Components\RemoteViewer\SmartClient\tst\zSmartClient_UnitTest\bin\x64\Debug\net6.0-windows\zSmartClient_UnitTest.dll" adapterTypeName="executor://mstestadapter/v2" className="SmartClient_UnitTest.VideoOS.RemoteClient.GisMapData.MapItem.Inputs.InputMapItemTests" name="PointMapItem_InputWithNoShortName_Success" />
    </UnitTest>
    <UnitTest name="ToString_ShouldSuccess_Always" storage="d:\actions-runner\_work\xpco\xpco\allsolutions\..\sc\components\remoteviewer\smartclient\tst\zsmartclient_unittest\bin\x64\debug\net6.0-windows\zsmartclient_unittest.dll" id="d88de873-7cef-0143-495e-05b7d2b41757">
      <TestCategory>
        <TestCategoryItem TestCategory="GisMapIndex" />
      </TestCategory>
      <Execution id="fd00d3b0-a5b1-4613-9103-9c5a00975805" />
      <TestMethod codeBase="D:\actions-runner\_work\XPCO\XPCO\AllSolutions\..\SC\Components\RemoteViewer\SmartClient\tst\zSmartClient_UnitTest\bin\x64\Debug\net6.0-windows\zSmartClient_UnitTest.dll" adapterTypeName="executor://mstestadapter/v2" className="SmartClient_UnitTest.VideoOS.RemoteClient.GisMapData.Common.Indexer.BuildingsAwareIndexerTests" name="ToString_ShouldSuccess_Always" />
    </UnitTest>
    <UnitTest name="WhenActionExecutedWithAlarmsWithRelatedDeviceThenEveryObserverNotifiedWithRelated" storage="d:\actions-runner\_work\xpco\xpco\allsolutions\..\sc\components\remoteviewer\smartclient\tst\zsmartclient_unittest\bin\x64\debug\net6.0-windows\zsmartclient_unittest.dll" id="56b52fe7-501e-5059-ffb3-616a27cb0414">
      <Execution id="88e6e1ff-9879-4341-bc91-755821616fcd" />
      <TestMethod codeBase="D:\actions-runner\_work\XPCO\XPCO\AllSolutions\..\SC\Components\RemoteViewer\SmartClient\tst\zSmartClient_UnitTest\bin\x64\Debug\net6.0-windows\zSmartClient_UnitTest.dll" adapterTypeName="executor://mstestadapter/v2" className="SmartClient_UnitTest.VideoOS.RemoteClient.GisMapData.Common.AlarmObservableTest" name="WhenActionExecutedWithAlarmsWithRelatedDeviceThenEveryObserverNotifiedWithRelated" />
    </UnitTest>
    <UnitTest name="CreateDefinition_DisposeModelWhileWaitingForStartSearch_ModelDisposed" storage="d:\actions-runner\_work\xpco\xpco\allsolutions\..\sc\components\remoteviewer\smartclient\tst\zsmartclient_unittest\bin\x64\debug\net6.0-windows\zsmartclient_unittest.dll" id="84ba2f48-d35e-2565-b5d6-9096907c8416">
      <TestCategory>
        <TestCategoryItem TestCategory="SearchModels" />
      </TestCategory>
      <Execution id="2cef211e-6262-47a9-bbf9-b3f05688b938" />
      <TestMethod codeBase="D:\actions-runner\_work\XPCO\XPCO\AllSolutions\..\SC\Components\RemoteViewer\SmartClient\tst\zSmartClient_UnitTest\bin\x64\Debug\net6.0-windows\zSmartClient_UnitTest.dll" adapterTypeName="executor://mstestadapter/v2" className="SmartClient_UnitTest.VideoOS.RemoteClient.Plugin.CentralizedSearch.Models.SearchModelTests" name="CreateDefinition_DisposeModelWhileWaitingForStartSearch_ModelDisposed" />
    </UnitTest>
    <UnitTest name="SupportsDoubleClick_ShouldBeTrue_WhenInteractionStateIsNormalAndInSetupMode" storage="d:\actions-runner\_work\xpco\xpco\allsolutions\..\sc\components\remoteviewer\smartclient\tst\zsmartclient_unittest\bin\x64\debug\net6.0-windows\zsmartclient_unittest.dll" id="e8f3b5b9-78ec-f897-d51a-a5d2a544c215">
      <TestCategory>
        <TestCategoryItem TestCategory="GisMap.LocationMarker" />
      </TestCategory>
      <Execution id="43201ea1-66c4-4339-bcc2-26c684a3811e" />
      <TestMethod codeBase="D:\actions-runner\_work\XPCO\XPCO\AllSolutions\..\SC\Components\RemoteViewer\SmartClient\tst\zSmartClient_UnitTest\bin\x64\Debug\net6.0-windows\zSmartClient_UnitTest.dll" adapterTypeName="executor://mstestadapter/v2" className="SmartClient_UnitTest.VideoOS.RemoteClient.Plugin.GisMap.ThinkGeoMap.Markers.LocationMarker.LocationMarkerTests" name="SupportsDoubleClick_ShouldBeTrue_WhenInteractionStateIsNormalAndInSetupMode" />
    </UnitTest>
    <UnitTest name="Ctor_NullOptionManager_Failure" storage="d:\actions-runner\_work\xpco\xpco\allsolutions\..\sc\components\remoteviewer\smartclient\tst\zsmartclient_unittest\bin\x64\debug\net6.0-windows\zsmartclient_unittest.dll" id="3e00ced7-c9ef-e081-8698-0bfc18ba5ea0">
      <TestCategory>
        <TestCategoryItem TestCategory="Search" />
      </TestCategory>
      <Execution id="522d3e44-dfb0-4424-8dea-9b763eb1b3d4" />
      <TestMethod codeBase="D:\actions-runner\_work\XPCO\XPCO\AllSolutions\..\SC\Components\RemoteViewer\SmartClient\tst\zSmartClient_UnitTest\bin\x64\Debug\net6.0-windows\zSmartClient_UnitTest.dll" adapterTypeName="executor://mstestadapter/v2" className="SmartClient_UnitTest.VideoOS.RemoteClient.Plugin.CentralizedSearch.ViewModels.Data.SnapshotHandlerTests" name="Ctor_NullOptionManager_Failure" />
    </UnitTest>
    <UnitTest name="MilestoneOemResourcesTest" storage="d:\actions-runner\_work\xpco\xpco\allsolutions\..\sc\components\remoteviewer\smartclient\tst\zsmartclient_unittest\bin\x64\debug\net6.0-windows\zsmartclient_unittest.dll" id="5f330a2c-7575-4b82-cdc2-dae925c0e744">
      <Execution id="d165148c-4144-4eec-a31a-b488afe8295a" />
      <TestMethod codeBase="D:\actions-runner\_work\XPCO\XPCO\AllSolutions\..\SC\Components\RemoteViewer\SmartClient\tst\zSmartClient_UnitTest\bin\x64\Debug\net6.0-windows\zSmartClient_UnitTest.dll" adapterTypeName="executor://mstestadapter/v2" className="SmartClient_UnitTest.VideoOS.RemoteClient.Application.Controllers.OemResourceControllerTest" name="MilestoneOemResourcesTest" />
    </UnitTest>
    <UnitTest name="SearchResultsActionBarActions_ActionResultCreateReport_ProgressUpdate_Success" storage="d:\actions-runner\_work\xpco\xpco\allsolutions\..\sc\components\remoteviewer\smartclient\tst\zsmartclient_unittest\bin\x64\debug\net6.0-windows\zsmartclient_unittest.dll" id="e6de12d3-0261-772c-f490-e9dbb1bb9e62">
      <TestCategory>
        <TestCategoryItem TestCategory="SearchResultActionBarViewModel" />
      </TestCategory>
      <Execution id="b8d22652-1094-4e87-8c38-081645a6b350" />
      <TestMethod codeBase="D:\actions-runner\_work\XPCO\XPCO\AllSolutions\..\SC\Components\RemoteViewer\SmartClient\tst\zSmartClient_UnitTest\bin\x64\Debug\net6.0-windows\zSmartClient_UnitTest.dll" adapterTypeName="executor://mstestadapter/v2" className="SmartClient_UnitTest.VideoOS.RemoteClient.Plugin.CentralizedSearch.ViewModels.SearchResultsActionBarViewModelTest" name="SearchResultsActionBarActions_ActionResultCreateReport_ProgressUpdate_Success" />
    </UnitTest>
    <UnitTest name="ShowPermissionDeniedToasts_ShouldShowCorrectNumberOfToasts (5,1)" storage="d:\actions-runner\_work\xpco\xpco\allsolutions\..\sc\components\remoteviewer\smartclient\tst\zsmartclient_unittest\bin\x64\debug\net6.0-windows\zsmartclient_unittest.dll" id="1346e005-ae3a-56c9-a07e-e25c215c66a3">
      <TestCategory>
        <TestCategoryItem TestCategory="Managers" />
      </TestCategory>
      <Execution id="e3d8164e-3a29-4a4c-97a0-ea1813962035" />
      <TestMethod codeBase="D:\actions-runner\_work\XPCO\XPCO\AllSolutions\..\SC\Components\RemoteViewer\SmartClient\tst\zSmartClient_UnitTest\bin\x64\Debug\net6.0-windows\zSmartClient_UnitTest.dll" adapterTypeName="executor://mstestadapter/v2" className="SmartClient_UnitTest.VideoOS.RemoteClient.Application.Managers.ExportResultsNotificationHelperTests" name="ShowPermissionDeniedToasts_ShouldShowCorrectNumberOfToasts" />
    </UnitTest>
    <UnitTest name="GetLayerFeatures_ShouldReturnOutputLayerFeaturesBasedOnOutputItemsMapLayer_WhenOutputKind" storage="d:\actions-runner\_work\xpco\xpco\allsolutions\..\sc\components\remoteviewer\smartclient\tst\zsmartclient_unittest\bin\x64\debug\net6.0-windows\zsmartclient_unittest.dll" id="d628b9e8-ecd7-5880-2e1a-54156c671e9a">
      <TestCategory>
        <TestCategoryItem TestCategory="GisMapData.Controllers.LayerFeatures" />
      </TestCategory>
      <Execution id="b86345c8-9314-4d02-895b-8acb235f5206" />
      <TestMethod codeBase="D:\actions-runner\_work\XPCO\XPCO\AllSolutions\..\SC\Components\RemoteViewer\SmartClient\tst\zSmartClient_UnitTest\bin\x64\Debug\net6.0-windows\zSmartClient_UnitTest.dll" adapterTypeName="executor://mstestadapter/v2" className="SmartClient_UnitTest.VideoOS.RemoteClient.GisMapData.Controllers.LayerFeatures.LayerFeaturesControllerTests" name="GetLayerFeatures_ShouldReturnOutputLayerFeaturesBasedOnOutputItemsMapLayer_WhenOutputKind" />
    </UnitTest>
    <UnitTest name="PtzPresetsMenuViewModel_PtzCotrolledByUserTest" storage="d:\actions-runner\_work\xpco\xpco\allsolutions\..\sc\components\remoteviewer\smartclient\tst\zsmartclient_unittest\bin\x64\debug\net6.0-windows\zsmartclient_unittest.dll" id="2f100db4-2fb5-00e2-487e-75a3a7b6d272">
      <Execution id="88dcba5f-5616-41c1-aaba-17aaeccb077b" />
      <TestMethod codeBase="D:\actions-runner\_work\XPCO\XPCO\AllSolutions\..\SC\Components\RemoteViewer\SmartClient\tst\zSmartClient_UnitTest\bin\x64\Debug\net6.0-windows\zSmartClient_UnitTest.dll" adapterTypeName="executor://mstestadapter/v2" className="SmartClient_UnitTest.VideoOS.RemoteClient.Application.Data.ContentTypes.CameraContentType.PtzPresetsMenuViewModelTest" name="PtzPresetsMenuViewModel_PtzCotrolledByUserTest" />
    </UnitTest>
    <UnitTest name="SupportsDoubleClick_ShouldBeTrue_WhenInteractionStateIsNormalAndInSetupMode" storage="d:\actions-runner\_work\xpco\xpco\allsolutions\..\sc\components\remoteviewer\smartclient\tst\zsmartclient_unittest\bin\x64\debug\net6.0-windows\zsmartclient_unittest.dll" id="8a331f63-bf32-57ca-e19f-2c5fb3b70109">
      <TestCategory>
        <TestCategoryItem TestCategory="GisMap.LinkMarker" />
      </TestCategory>
      <Execution id="abe678cc-f3e0-48f9-b015-9fedae4b43d7" />
      <TestMethod codeBase="D:\actions-runner\_work\XPCO\XPCO\AllSolutions\..\SC\Components\RemoteViewer\SmartClient\tst\zSmartClient_UnitTest\bin\x64\Debug\net6.0-windows\zSmartClient_UnitTest.dll" adapterTypeName="executor://mstestadapter/v2" className="SmartClient_UnitTest.VideoOS.RemoteClient.Plugin.GisMap.ThinkGeoMap.Markers.LinkMarker.LinkMarkerTests" name="SupportsDoubleClick_ShouldBeTrue_WhenInteractionStateIsNormalAndInSetupMode" />
    </UnitTest>
    <UnitTest name="GetSearchReportDialog_SelectedSearchResults_Empty_Failure" storage="d:\actions-runner\_work\xpco\xpco\allsolutions\..\sc\components\remoteviewer\smartclient\tst\zsmartclient_unittest\bin\x64\debug\net6.0-windows\zsmartclient_unittest.dll" id="81d4eeef-857b-5bf1-5cd0-3e8726c4f84c">
      <TestCategory>
        <TestCategoryItem TestCategory="Search" />
      </TestCategory>
      <Execution id="50f0bbc9-2fe6-44d9-b9eb-da90aee7f1e9" />
      <TestMethod codeBase="D:\actions-runner\_work\XPCO\XPCO\AllSolutions\..\SC\Components\RemoteViewer\SmartClient\tst\zSmartClient_UnitTest\bin\x64\Debug\net6.0-windows\zSmartClient_UnitTest.dll" adapterTypeName="executor://mstestadapter/v2" className="SmartClient_UnitTest.VideoOS.RemoteClient.Plugin.CentralizedSearch.ViewModels.Utility.SearchReportHandlerTests" name="GetSearchReportDialog_SelectedSearchResults_Empty_Failure" />
    </UnitTest>
    <UnitTest name="Ctor_NullPassedToNotNullParameters_Failure" storage="d:\actions-runner\_work\xpco\xpco\allsolutions\..\sc\components\remoteviewer\smartclient\tst\zsmartclient_unittest\bin\x64\debug\net6.0-windows\zsmartclient_unittest.dll" id="0edc3f32-14dd-b812-075b-a9e435bcc1ca">
      <TestCategory>
        <TestCategoryItem TestCategory="SearchModels" />
      </TestCategory>
      <Execution id="201363bf-3a48-48ab-ae76-9969027a4bac" />
      <TestMethod codeBase="D:\actions-runner\_work\XPCO\XPCO\AllSolutions\..\SC\Components\RemoteViewer\SmartClient\tst\zSmartClient_UnitTest\bin\x64\Debug\net6.0-windows\zSmartClient_UnitTest.dll" adapterTypeName="executor://mstestadapter/v2" className="SmartClient_UnitTest.VideoOS.RemoteClient.Plugin.CentralizedSearch.Models.SearchModelTests" name="Ctor_NullPassedToNotNullParameters_Failure" />
    </UnitTest>
    <UnitTest name="PtzSessionController_DisposeTest" storage="d:\actions-runner\_work\xpco\xpco\allsolutions\..\sc\components\remoteviewer\smartclient\tst\zsmartclient_unittest\bin\x64\debug\net6.0-windows\zsmartclient_unittest.dll" id="ceb42b69-4329-8c68-9d19-b6fb1b9c3ef1">
      <Execution id="89b56fa2-d872-4945-bf80-74960f8dba48" />
      <TestMethod codeBase="D:\actions-runner\_work\XPCO\XPCO\AllSolutions\..\SC\Components\RemoteViewer\SmartClient\tst\zSmartClient_UnitTest\bin\x64\Debug\net6.0-windows\zSmartClient_UnitTest.dll" adapterTypeName="executor://mstestadapter/v2" className="VideoOS.RemoteClient.Application.Controllers.UnitTest.PtzSessionControllerTest" name="PtzSessionController_DisposeTest" />
    </UnitTest>
    <UnitTest name="LoadSearchTemplate_NoActiveToNoActive_NoUpdateAndEvent" storage="d:\actions-runner\_work\xpco\xpco\allsolutions\..\sc\components\remoteviewer\smartclient\tst\zsmartclient_unittest\bin\x64\debug\net6.0-windows\zsmartclient_unittest.dll" id="6e9ddeeb-8237-28ab-191f-f32e87858c27">
      <TestCategory>
        <TestCategoryItem TestCategory="SearchTemplates" />
      </TestCategory>
      <Execution id="d02d5e79-9c2c-4429-bf8b-0a092f0fe4ec" />
      <TestMethod codeBase="D:\actions-runner\_work\XPCO\XPCO\AllSolutions\..\SC\Components\RemoteViewer\SmartClient\tst\zSmartClient_UnitTest\bin\x64\Debug\net6.0-windows\zSmartClient_UnitTest.dll" adapterTypeName="executor://mstestadapter/v2" className="SmartClient_UnitTest.VideoOS.RemoteClient.Plugin.CentralizedSearch.SearchTemplates.SearchTemplateManagerTests" name="LoadSearchTemplate_NoActiveToNoActive_NoUpdateAndEvent" />
    </UnitTest>
    <UnitTest name="Compare_SameTriggerTimeDeterministicBehavior_HashCode_Success" storage="d:\actions-runner\_work\xpco\xpco\allsolutions\..\sc\components\remoteviewer\smartclient\tst\zsmartclient_unittest\bin\x64\debug\net6.0-windows\zsmartclient_unittest.dll" id="d4db1bde-02f2-af75-8dda-4a9596de1dfd">
      <TestCategory>
        <TestCategoryItem TestCategory="SearchComparers" />
      </TestCategory>
      <Execution id="0b30ea6f-d5d1-494f-a882-0536d00ec7ef" />
      <TestMethod codeBase="D:\actions-runner\_work\XPCO\XPCO\AllSolutions\..\SC\Components\RemoteViewer\SmartClient\tst\zSmartClient_UnitTest\bin\x64\Debug\net6.0-windows\zSmartClient_UnitTest.dll" adapterTypeName="executor://mstestadapter/v2" className="SmartClient_UnitTest.VideoOS.RemoteClient.Plugin.CentralizedSearch.Models.Wrappers.Comparers.TriggerTimeComparerTests" name="Compare_SameTriggerTimeDeterministicBehavior_HashCode_Success" />
    </UnitTest>
    <UnitTest name="AddToExportTuples_ShouldReturnCorrectResult (1,0,1)" storage="d:\actions-runner\_work\xpco\xpco\allsolutions\..\sc\components\remoteviewer\smartclient\tst\zsmartclient_unittest\bin\x64\debug\net6.0-windows\zsmartclient_unittest.dll" id="0f9a112c-49fc-58b4-a426-aaecb19145b0">
      <TestCategory>
        <TestCategoryItem TestCategory="Managers" />
      </TestCategory>
      <Execution id="708ad2bd-30d0-4162-8ddc-b17f3620122d" />
      <TestMethod codeBase="D:\actions-runner\_work\XPCO\XPCO\AllSolutions\..\SC\Components\RemoteViewer\SmartClient\tst\zSmartClient_UnitTest\bin\x64\Debug\net6.0-windows\zSmartClient_UnitTest.dll" adapterTypeName="executor://mstestadapter/v2" className="SmartClient_UnitTest.VideoOS.RemoteClient.Application.Managers.ExportManagerTests" name="AddToExportTuples_ShouldReturnCorrectResult" />
    </UnitTest>
    <UnitTest name="SearchResultDetailsView_MouseDoubleClick_AnimationEnabled_DetailsViewRemovedFromMainGrid" storage="d:\actions-runner\_work\xpco\xpco\allsolutions\..\sc\components\remoteviewer\smartclient\tst\zsmartclient_unittest\bin\x64\debug\net6.0-windows\zsmartclient_unittest.dll" id="d4287150-22c1-db59-46c8-b3a46f9472fc">
      <TestCategory>
        <TestCategoryItem TestCategory="SearchViews" />
      </TestCategory>
      <Execution id="9661838b-14f4-4e26-ab29-2672e2877798" />
      <TestMethod codeBase="D:\actions-runner\_work\XPCO\XPCO\AllSolutions\..\SC\Components\RemoteViewer\SmartClient\tst\zSmartClient_UnitTest\bin\x64\Debug\net6.0-windows\zSmartClient_UnitTest.dll" adapterTypeName="executor://mstestadapter/v2" className="SmartClient_UnitTest.VideoOS.RemoteClient.Plugin.CentralizedSearch.Views.SearchResultsViewTests" name="SearchResultDetailsView_MouseDoubleClick_AnimationEnabled_DetailsViewRemovedFromMainGrid" />
    </UnitTest>
    <UnitTest name="AddItems_SingleMapItem_OneClusterChange" storage="d:\actions-runner\_work\xpco\xpco\allsolutions\..\sc\components\remoteviewer\smartclient\tst\zsmartclient_unittest\bin\x64\debug\net6.0-windows\zsmartclient_unittest.dll" id="7b469b70-7a6f-7a92-2723-c93cd3a56c6f">
      <TestCategory>
        <TestCategoryItem TestCategory="GisMapIndex" />
      </TestCategory>
      <Execution id="871cc647-2590-47ff-bead-bc3290e1e2a0" />
      <TestMethod codeBase="D:\actions-runner\_work\XPCO\XPCO\AllSolutions\..\SC\Components\RemoteViewer\SmartClient\tst\zSmartClient_UnitTest\bin\x64\Debug\net6.0-windows\zSmartClient_UnitTest.dll" adapterTypeName="executor://mstestadapter/v2" className="SmartClient_UnitTest.VideoOS.RemoteClient.GisMapData.Common.Indexer.MapItemIndexerTests" name="AddItems_SingleMapItem_OneClusterChange" />
    </UnitTest>
    <UnitTest name="Ctor_OneBuiltInIncompleteGroupDefined_NoCompositeAgentsAdded" storage="d:\actions-runner\_work\xpco\xpco\allsolutions\..\sc\components\remoteviewer\smartclient\tst\zsmartclient_unittest\bin\x64\debug\net6.0-windows\zsmartclient_unittest.dll" id="efcae59c-c765-a30f-3362-183bf9168666">
      <TestCategory>
        <TestCategoryItem TestCategory="ScSearchManager" />
      </TestCategory>
      <Execution id="77bb8889-fe81-4a0b-8046-4738f25cf747" />
      <TestMethod codeBase="D:\actions-runner\_work\XPCO\XPCO\AllSolutions\..\SC\Components\RemoteViewer\SmartClient\tst\zSmartClient_UnitTest\bin\x64\Debug\net6.0-windows\zSmartClient_UnitTest.dll" adapterTypeName="executor://mstestadapter/v2" className="SmartClient_UnitTest.VideoOS.RemoteClient.Plugin.CentralizedSearch.MIPPlugin.ScSearchManagerTests" name="Ctor_OneBuiltInIncompleteGroupDefined_NoCompositeAgentsAdded" />
    </UnitTest>
    <UnitTest name="ResultsAvailable_NoResults_Success" storage="d:\actions-runner\_work\xpco\xpco\allsolutions\..\sc\components\remoteviewer\smartclient\tst\zsmartclient_unittest\bin\x64\debug\net6.0-windows\zsmartclient_unittest.dll" id="65f38f06-9057-2883-e0bd-60370f8d7d0d">
      <TestCategory>
        <TestCategoryItem TestCategory="SearchResultViewModels" />
      </TestCategory>
      <Execution id="a9ca1ca6-ac72-4d0c-a3e8-4c99ee5440fd" />
      <TestMethod codeBase="D:\actions-runner\_work\XPCO\XPCO\AllSolutions\..\SC\Components\RemoteViewer\SmartClient\tst\zSmartClient_UnitTest\bin\x64\Debug\net6.0-windows\zSmartClient_UnitTest.dll" adapterTypeName="executor://mstestadapter/v2" className="SmartClient_UnitTest.VideoOS.RemoteClient.Plugin.CentralizedSearch.ViewModels.SearchResultsViewModelTest" name="ResultsAvailable_NoResults_Success" />
    </UnitTest>
    <UnitTest name="SearchAction_BrowseMode_Now" storage="d:\actions-runner\_work\xpco\xpco\allsolutions\..\sc\components\remoteviewer\smartclient\tst\zsmartclient_unittest\bin\x64\debug\net6.0-windows\zsmartclient_unittest.dll" id="c3ba5d7c-9bf9-1a13-3c27-8e6b50e0674e">
      <TestCategory>
        <TestCategoryItem TestCategory="ContentHolderToolbar" />
      </TestCategory>
      <Execution id="f2680a83-b167-4ca5-9b87-6d2691112a72" />
      <TestMethod codeBase="D:\actions-runner\_work\XPCO\XPCO\AllSolutions\..\SC\Components\RemoteViewer\SmartClient\tst\zSmartClient_UnitTest\bin\x64\Debug\net6.0-windows\zSmartClient_UnitTest.dll" adapterTypeName="executor://mstestadapter/v2" className="SmartClient_UnitTest.VideoOS.RemoteClient.Application.Data.ContentHolderToolbar.ToolBarItemSearchTests" name="SearchAction_BrowseMode_Now" />
    </UnitTest>
    <UnitTest name="ScWorkspaceStateChangedEvent_ShouldSetDeviceStateToDeactivated_WhenSwitchingToSetupMode" storage="d:\actions-runner\_work\xpco\xpco\allsolutions\..\sc\components\remoteviewer\smartclient\tst\zsmartclient_unittest\bin\x64\debug\net6.0-windows\zsmartclient_unittest.dll" id="91d14b34-4712-1785-f0d4-572e813a795e">
      <TestCategory>
        <TestCategoryItem TestCategory="GisMapData.MapLayers" />
      </TestCategory>
      <Execution id="b9ed0e79-4786-429f-833a-6c662782552e" />
      <TestMethod codeBase="D:\actions-runner\_work\XPCO\XPCO\AllSolutions\..\SC\Components\RemoteViewer\SmartClient\tst\zSmartClient_UnitTest\bin\x64\Debug\net6.0-windows\zSmartClient_UnitTest.dll" adapterTypeName="executor://mstestadapter/v2" className="SmartClient_UnitTest.VideoOS.RemoteClient.GisMapData.MapLayers.OutputItemsMapLayerTests" name="ScWorkspaceStateChangedEvent_ShouldSetDeviceStateToDeactivated_WhenSwitchingToSetupMode" />
    </UnitTest>
    <UnitTest name="Toolbar_IsVisible_WhenNotInLiveOrPlayback_ReactsTo_ButtonBecomingVisible" storage="d:\actions-runner\_work\xpco\xpco\allsolutions\..\sc\components\remoteviewer\smartclient\tst\zsmartclient_unittest\bin\x64\debug\net6.0-windows\zsmartclient_unittest.dll" id="a50d2941-a3c6-9371-026f-bc022ac6c222">
      <TestCategory>
        <TestCategoryItem TestCategory="WorkspaceToolbar" />
      </TestCategory>
      <Execution id="3b440878-0d05-4707-a2d3-8e90e9e1c860" />
      <TestMethod codeBase="D:\actions-runner\_work\XPCO\XPCO\AllSolutions\..\SC\Components\RemoteViewer\SmartClient\tst\zSmartClient_UnitTest\bin\x64\Debug\net6.0-windows\zSmartClient_UnitTest.dll" adapterTypeName="executor://mstestadapter/v2" className="SmartClient_UnitTest.VideoOS.RemoteClient.Application.UI.Content.WorkspaceToolbar.WorkspaceToolbarViewModelTests" name="Toolbar_IsVisible_WhenNotInLiveOrPlayback_ReactsTo_ButtonBecomingVisible" />
    </UnitTest>
    <UnitTest name="PtzSessionController_Start_Test" storage="d:\actions-runner\_work\xpco\xpco\allsolutions\..\sc\components\remoteviewer\smartclient\tst\zsmartclient_unittest\bin\x64\debug\net6.0-windows\zsmartclient_unittest.dll" id="2111d8db-c64b-ce9e-32b3-88fa21541431">
      <Execution id="793e9aff-b636-4b28-b51c-490226b552f5" />
      <TestMethod codeBase="D:\actions-runner\_work\XPCO\XPCO\AllSolutions\..\SC\Components\RemoteViewer\SmartClient\tst\zSmartClient_UnitTest\bin\x64\Debug\net6.0-windows\zSmartClient_UnitTest.dll" adapterTypeName="executor://mstestadapter/v2" className="VideoOS.RemoteClient.Application.Controllers.UnitTest.PtzSessionControllerTest" name="PtzSessionController_Start_Test" />
    </UnitTest>
    <UnitTest name="SearchResultsActionBarActions_CreateEvidenceLock_OptionUnavailable_NotEnabled" storage="d:\actions-runner\_work\xpco\xpco\allsolutions\..\sc\components\remoteviewer\smartclient\tst\zsmartclient_unittest\bin\x64\debug\net6.0-windows\zsmartclient_unittest.dll" id="b15c0dd5-d448-b8b2-12b9-2297f983e50d">
      <TestCategory>
        <TestCategoryItem TestCategory="SearchResultActionBarViewModel" />
      </TestCategory>
      <Execution id="7369063f-7ab2-44ba-bd06-0543fdfc3fc2" />
      <TestMethod codeBase="D:\actions-runner\_work\XPCO\XPCO\AllSolutions\..\SC\Components\RemoteViewer\SmartClient\tst\zSmartClient_UnitTest\bin\x64\Debug\net6.0-windows\zSmartClient_UnitTest.dll" adapterTypeName="executor://mstestadapter/v2" className="SmartClient_UnitTest.VideoOS.RemoteClient.Plugin.CentralizedSearch.ViewModels.SearchResultsActionBarViewModelTest" name="SearchResultsActionBarActions_CreateEvidenceLock_OptionUnavailable_NotEnabled" />
    </UnitTest>
    <UnitTest name="SelectedDuration_ShouldRevertToPreviousSelection_WhenCustomIntervalSelectionPopupIsClosedWithoutBeingSetOrCancelled" storage="d:\actions-runner\_work\xpco\xpco\allsolutions\..\sc\components\remoteviewer\smartclient\tst\zsmartclient_unittest\bin\x64\debug\net6.0-windows\zsmartclient_unittest.dll" id="f4ab981e-0c0f-f2f3-f99e-665599b904ff">
      <TestCategory>
        <TestCategoryItem TestCategory="SearchViewModels" />
      </TestCategory>
      <Execution id="bdf25ee0-c0bd-4e0c-a23a-4b7ebad8032c" />
      <TestMethod codeBase="D:\actions-runner\_work\XPCO\XPCO\AllSolutions\..\SC\Components\RemoteViewer\SmartClient\tst\zSmartClient_UnitTest\bin\x64\Debug\net6.0-windows\zSmartClient_UnitTest.dll" adapterTypeName="executor://mstestadapter/v2" className="SmartClient_UnitTest.VideoOS.RemoteClient.Plugin.CentralizedSearch.ViewModels.SearchViewModelTests" name="SelectedDuration_ShouldRevertToPreviousSelection_WhenCustomIntervalSelectionPopupIsClosedWithoutBeingSetOrCancelled" />
    </UnitTest>
    <UnitTest name="PatrollingProfileListViewModel_Constructor_ArgumentNull" storage="d:\actions-runner\_work\xpco\xpco\allsolutions\..\sc\components\remoteviewer\smartclient\tst\zsmartclient_unittest\bin\x64\debug\net6.0-windows\zsmartclient_unittest.dll" id="fe59fd9d-eb33-67df-fe2b-87a233e68931">
      <Execution id="b8f2c8c5-0605-41fe-a40a-e74fe49c09ed" />
      <TestMethod codeBase="D:\actions-runner\_work\XPCO\XPCO\AllSolutions\..\SC\Components\RemoteViewer\SmartClient\tst\zSmartClient_UnitTest\bin\x64\Debug\net6.0-windows\zSmartClient_UnitTest.dll" adapterTypeName="executor://mstestadapter/v2" className="SmartClient_UnitTest.VideoOS.RemoteClient.Application.UI.PtzPreset.PatrollingViewModel.PatrollingProfileListViewModelTest" name="PatrollingProfileListViewModel_Constructor_ArgumentNull" />
    </UnitTest>
    <UnitTest name="CloseDeviceSelectorUserControl_ShouldCallDispose_WhenUserControlImplementsIDisposable" storage="d:\actions-runner\_work\xpco\xpco\allsolutions\..\sc\components\remoteviewer\smartclient\tst\zsmartclient_unittest\bin\x64\debug\net6.0-windows\zsmartclient_unittest.dll" id="9060f73f-d5fa-875e-8bed-572cba260200">
      <TestCategory>
        <TestCategoryItem TestCategory="GisMap.UI.DeviceSelectors.PanelComponents" />
      </TestCategory>
      <Execution id="2a333e41-15d1-462a-9ea5-78a8e108a29b" />
      <TestMethod codeBase="D:\actions-runner\_work\XPCO\XPCO\AllSolutions\..\SC\Components\RemoteViewer\SmartClient\tst\zSmartClient_UnitTest\bin\x64\Debug\net6.0-windows\zSmartClient_UnitTest.dll" adapterTypeName="executor://mstestadapter/v2" className="SmartClient_UnitTest.VideoOS.RemoteClient.Plugin.GisMap.UI.DeviceSelectors.PanelComponents.DeviceSelectorPanelComponentTests" name="CloseDeviceSelectorUserControl_ShouldCallDispose_WhenUserControlImplementsIDisposable" />
    </UnitTest>
    <UnitTest name="CreateDefinition_NoItems_SearchNotStarted" storage="d:\actions-runner\_work\xpco\xpco\allsolutions\..\sc\components\remoteviewer\smartclient\tst\zsmartclient_unittest\bin\x64\debug\net6.0-windows\zsmartclient_unittest.dll" id="3d65563e-5c93-99b0-3def-2e75403bb40e">
      <TestCategory>
        <TestCategoryItem TestCategory="SearchModels" />
      </TestCategory>
      <Execution id="8a66f1c6-c9a6-400f-876a-e634f825360b" />
      <TestMethod codeBase="D:\actions-runner\_work\XPCO\XPCO\AllSolutions\..\SC\Components\RemoteViewer\SmartClient\tst\zSmartClient_UnitTest\bin\x64\Debug\net6.0-windows\zSmartClient_UnitTest.dll" adapterTypeName="executor://mstestadapter/v2" className="SmartClient_UnitTest.VideoOS.RemoteClient.Plugin.CentralizedSearch.Models.SearchModelTests" name="CreateDefinition_NoItems_SearchNotStarted" />
    </UnitTest>
    <UnitTest name="SignUrl_WhereUrlIsValid_ReturnsUrlWithSignature" storage="d:\actions-runner\_work\xpco\xpco\allsolutions\..\sc\components\remoteviewer\smartclient\tst\zsmartclient_unittest\bin\x64\debug\net6.0-windows\zsmartclient_unittest.dll" id="f6b2dd1a-21fb-6c4a-e3a3-9cff7ca08b77">
      <Execution id="03a05963-34fd-4b18-8be2-3d6697d08804" />
      <TestMethod codeBase="D:\actions-runner\_work\XPCO\XPCO\AllSolutions\..\SC\Components\RemoteViewer\SmartClient\tst\zSmartClient_UnitTest\bin\x64\Debug\net6.0-windows\zSmartClient_UnitTest.dll" adapterTypeName="executor://mstestadapter/v2" className="SmartClient_UnitTest.VideoOS.RemoteClient.Plugin.GisMap.Utilities.GoogleApiUrlTest" name="SignUrl_WhereUrlIsValid_ReturnsUrlWithSignature" />
    </UnitTest>
    <UnitTest name="AddSelectedWindowsToExport_ShouldShowCorrectToastMessages (5,5,5)" storage="d:\actions-runner\_work\xpco\xpco\allsolutions\..\sc\components\remoteviewer\smartclient\tst\zsmartclient_unittest\bin\x64\debug\net6.0-windows\zsmartclient_unittest.dll" id="da60daa2-2199-7e98-b742-6cba793e7440">
      <TestCategory>
        <TestCategoryItem TestCategory="Managers" />
      </TestCategory>
      <Execution id="809374f4-f216-4fcd-96b2-19139cb95b4c" />
      <TestMethod codeBase="D:\actions-runner\_work\XPCO\XPCO\AllSolutions\..\SC\Components\RemoteViewer\SmartClient\tst\zSmartClient_UnitTest\bin\x64\Debug\net6.0-windows\zSmartClient_UnitTest.dll" adapterTypeName="executor://mstestadapter/v2" className="SmartClient_UnitTest.VideoOS.RemoteClient.Application.Managers.ExportManagerTests" name="AddSelectedWindowsToExport_ShouldShowCorrectToastMessages" />
    </UnitTest>
    <UnitTest name="PtzSessionInfoDto_ShouldYieldSameValues_WhenRoundTripConverted" storage="d:\actions-runner\_work\xpco\xpco\allsolutions\..\sc\components\remoteviewer\smartclient\tst\zsmartclient_unittest\bin\x64\debug\net6.0-windows\zsmartclient_unittest.dll" id="fdf9438a-27a4-c417-e139-bbc64b5e5709">
      <TestCategory>
        <TestCategoryItem TestCategory="RecorderProxyToDtoMapping" />
      </TestCategory>
      <Execution id="53e51197-3fcb-4b02-ae01-c271c508e635" />
      <TestMethod codeBase="D:\actions-runner\_work\XPCO\XPCO\AllSolutions\..\SC\Components\RemoteViewer\SmartClient\tst\zSmartClient_UnitTest\bin\x64\Debug\net6.0-windows\zSmartClient_UnitTest.dll" adapterTypeName="executor://mstestadapter/v2" className="VideoOS.Shared.ServerAPI.SOAP.RecorderClientMappingTests" name="PtzSessionInfoDto_ShouldYieldSameValues_WhenRoundTripConverted" />
    </UnitTest>
    <UnitTest name="PatrollingStepListViewModel_AddStepCommand" storage="d:\actions-runner\_work\xpco\xpco\allsolutions\..\sc\components\remoteviewer\smartclient\tst\zsmartclient_unittest\bin\x64\debug\net6.0-windows\zsmartclient_unittest.dll" id="7b500be0-a5d4-b64a-b894-c5511ab58617">
      <Execution id="f54839c6-5874-4960-8778-22b5f442e5ff" />
      <TestMethod codeBase="D:\actions-runner\_work\XPCO\XPCO\AllSolutions\..\SC\Components\RemoteViewer\SmartClient\tst\zSmartClient_UnitTest\bin\x64\Debug\net6.0-windows\zSmartClient_UnitTest.dll" adapterTypeName="executor://mstestadapter/v2" className="SmartClient_UnitTest.VideoOS.RemoteClient.Application.UI.PtzPreset.PatrollingViewModel.PatrollingStepListViewModelTest" name="PatrollingStepListViewModel_AddStepCommand" />
    </UnitTest>
    <UnitTest name="TestAttachedView_WithKeepInMemory_Success" storage="d:\actions-runner\_work\xpco\xpco\allsolutions\..\sc\components\remoteviewer\smartclient\tst\zsmartclient_unittest\bin\x64\debug\net6.0-windows\zsmartclient_unittest.dll" id="2ce1ff21-6093-7b3b-54d2-6773bfebe33a">
      <Execution id="bdb91951-59f6-4141-b5fa-77c3b2ce2418" />
      <TestMethod codeBase="D:\actions-runner\_work\XPCO\XPCO\AllSolutions\..\SC\Components\RemoteViewer\SmartClient\tst\zSmartClient_UnitTest\bin\x64\Debug\net6.0-windows\zSmartClient_UnitTest.dll" adapterTypeName="executor://mstestadapter/v2" className="SmartClient_UnitTest.VideoOS.RemoteClient.Application.Controllers.WorkSpace.WorkSpaceItemTest" name="TestAttachedView_WithKeepInMemory_Success" />
    </UnitTest>
    <UnitTest name="AlwaysPutViewGroupsBeforeGroupsAndViews" storage="d:\actions-runner\_work\xpco\xpco\allsolutions\..\sc\components\remoteviewer\smartclient\tst\zsmartclient_unittest\bin\x64\debug\net6.0-windows\zsmartclient_unittest.dll" id="fab1182a-1ea1-5a85-a52f-fa7890fd3d44">
      <Execution id="81db32ef-901e-435d-936c-ce85e1cde653" />
      <TestMethod codeBase="D:\actions-runner\_work\XPCO\XPCO\AllSolutions\..\SC\Components\RemoteViewer\SmartClient\tst\zSmartClient_UnitTest\bin\x64\Debug\net6.0-windows\zSmartClient_UnitTest.dll" adapterTypeName="executor://mstestadapter/v2" className="SmartClient_UnitTest.VideoOS.RemoteClient.Application.UI.Common.ViewTree.SortingTests" name="AlwaysPutViewGroupsBeforeGroupsAndViews" />
    </UnitTest>
    <UnitTest name="GisMap_Create_MembersInitializedOK" storage="d:\actions-runner\_work\xpco\xpco\allsolutions\..\sc\components\remoteviewer\smartclient\tst\zsmartclient_unittest\bin\x64\debug\net6.0-windows\zsmartclient_unittest.dll" id="923f1aa7-880c-4c72-8f5e-a07409280a9b">
      <TestCategory>
        <TestCategoryItem TestCategory="GisMap" />
      </TestCategory>
      <Execution id="5580567a-00e3-4134-b725-cf8c5619fb19" />
      <TestMethod codeBase="D:\actions-runner\_work\XPCO\XPCO\AllSolutions\..\SC\Components\RemoteViewer\SmartClient\tst\zSmartClient_UnitTest\bin\x64\Debug\net6.0-windows\zSmartClient_UnitTest.dll" adapterTypeName="executor://mstestadapter/v2" className="SmartClient_UnitTest.VideoOS.RemoteClient.GisMapData.GisMapBasicTests" name="GisMap_Create_MembersInitializedOK" />
    </UnitTest>
    <UnitTest name="HandleGetDeviceData_ShouldReturnNotFoundDeviceData_WhenCameraKindAndNonExistingCameraId" storage="d:\actions-runner\_work\xpco\xpco\allsolutions\..\sc\components\remoteviewer\smartclient\tst\zsmartclient_unittest\bin\x64\debug\net6.0-windows\zsmartclient_unittest.dll" id="945b4c83-9f91-b5d9-8e70-c736523c2f6f">
      <TestCategory>
        <TestCategoryItem TestCategory="GisMap.Handlers.Devices.MapItems" />
      </TestCategory>
      <Execution id="813e7f14-872f-4ea1-9e4c-5369214c30b5" />
      <TestMethod codeBase="D:\actions-runner\_work\XPCO\XPCO\AllSolutions\..\SC\Components\RemoteViewer\SmartClient\tst\zSmartClient_UnitTest\bin\x64\Debug\net6.0-windows\zSmartClient_UnitTest.dll" adapterTypeName="executor://mstestadapter/v2" className="SmartClient_UnitTest.VideoOS.RemoteClient.Plugin.GisMap.Handlers.Devices.MapItems.CameraDataHandlerTests" name="HandleGetDeviceData_ShouldReturnNotFoundDeviceData_WhenCameraKindAndNonExistingCameraId" />
    </UnitTest>
    <UnitTest name="SearchResultContainerView_OnItemActivated_SearchResultNotSelected" storage="d:\actions-runner\_work\xpco\xpco\allsolutions\..\sc\components\remoteviewer\smartclient\tst\zsmartclient_unittest\bin\x64\debug\net6.0-windows\zsmartclient_unittest.dll" id="a54693d6-edca-b2f0-c9d1-6e253deb3c9c">
      <TestCategory>
        <TestCategoryItem TestCategory="SearchViews" />
      </TestCategory>
      <Execution id="31f15073-894e-4903-91eb-494205959163" />
      <TestMethod codeBase="D:\actions-runner\_work\XPCO\XPCO\AllSolutions\..\SC\Components\RemoteViewer\SmartClient\tst\zSmartClient_UnitTest\bin\x64\Debug\net6.0-windows\zSmartClient_UnitTest.dll" adapterTypeName="executor://mstestadapter/v2" className="SmartClient_UnitTest.VideoOS.RemoteClient.Plugin.CentralizedSearch.Views.SearchResultsViewTests" name="SearchResultContainerView_OnItemActivated_SearchResultNotSelected" />
    </UnitTest>
    <UnitTest name="UpdateAttributeValue_ValidAttributeAndCriteria_DisplayValueUpdated" storage="d:\actions-runner\_work\xpco\xpco\allsolutions\..\sc\components\remoteviewer\smartclient\tst\zsmartclient_unittest\bin\x64\debug\net6.0-windows\zsmartclient_unittest.dll" id="80cc67c7-792e-07c8-c20a-98cfccf11348">
      <TestCategory>
        <TestCategoryItem TestCategory="Search" />
      </TestCategory>
      <Execution id="4a385491-7fa3-4eb0-89d5-bd283221c44b" />
      <TestMethod codeBase="D:\actions-runner\_work\XPCO\XPCO\AllSolutions\..\SC\Components\RemoteViewer\SmartClient\tst\zSmartClient_UnitTest\bin\x64\Debug\net6.0-windows\zSmartClient_UnitTest.dll" adapterTypeName="executor://mstestadapter/v2" className="SmartClient_UnitTest.VideoOS.RemoteClient.Plugin.CentralizedSearch.ViewModels.SearchAttributeViewModelTests" name="UpdateAttributeValue_ValidAttributeAndCriteria_DisplayValueUpdated" />
    </UnitTest>
    <UnitTest name="AudioControllerOnDevicesLockEvent_ShouldDisableMicrophones_WhenLockingAudioDevicesAndApplicationIsInLiveMode" storage="d:\actions-runner\_work\xpco\xpco\allsolutions\..\sc\components\remoteviewer\smartclient\tst\zsmartclient_unittest\bin\x64\debug\net6.0-windows\zsmartclient_unittest.dll" id="47ac3dda-7749-2f44-950d-c0fd39257f55">
      <TestCategory>
        <TestCategoryItem TestCategory="GisMapData.MapLayers" />
      </TestCategory>
      <Execution id="2d0b69c6-f888-4c6d-b96e-243f870963db" />
      <TestMethod codeBase="D:\actions-runner\_work\XPCO\XPCO\AllSolutions\..\SC\Components\RemoteViewer\SmartClient\tst\zSmartClient_UnitTest\bin\x64\Debug\net6.0-windows\zSmartClient_UnitTest.dll" adapterTypeName="executor://mstestadapter/v2" className="SmartClient_UnitTest.VideoOS.RemoteClient.GisMapData.MapLayers.MicrophoneItemsMapLayerTests" name="AudioControllerOnDevicesLockEvent_ShouldDisableMicrophones_WhenLockingAudioDevicesAndApplicationIsInLiveMode" />
    </UnitTest>
    <UnitTest name="UpdateScope_ScopeDurationChange_ReturnsTrue" storage="d:\actions-runner\_work\xpco\xpco\allsolutions\..\sc\components\remoteviewer\smartclient\tst\zsmartclient_unittest\bin\x64\debug\net6.0-windows\zsmartclient_unittest.dll" id="27f45b32-e46d-1c8f-ae71-a8a2f0519cb3">
      <TestCategory>
        <TestCategoryItem TestCategory="SearchModels" />
      </TestCategory>
      <Execution id="652fd547-7674-48ec-8a6d-6100c0650017" />
      <TestMethod codeBase="D:\actions-runner\_work\XPCO\XPCO\AllSolutions\..\SC\Components\RemoteViewer\SmartClient\tst\zSmartClient_UnitTest\bin\x64\Debug\net6.0-windows\zSmartClient_UnitTest.dll" adapterTypeName="executor://mstestadapter/v2" className="SmartClient_UnitTest.VideoOS.RemoteClient.Plugin.CentralizedSearch.Models.SearchScopeTests" name="UpdateScope_ScopeDurationChange_ReturnsTrue" />
    </UnitTest>
    <UnitTest name="ValidateExportFormats_SmartClientPlayerFormat_ShouldReturnFailResult_ViewItemCommentRequired" storage="d:\actions-runner\_work\xpco\xpco\allsolutions\..\sc\components\remoteviewer\smartclient\tst\zsmartclient_unittest\bin\x64\debug\net6.0-windows\zsmartclient_unittest.dll" id="e18e3570-53c3-3508-0442-177c4a2f785b">
      <TestCategory>
        <TestCategoryItem TestCategory="Export" />
      </TestCategory>
      <Execution id="81aa37b8-a094-4a0b-b99a-b91b961207b5" />
      <TestMethod codeBase="D:\actions-runner\_work\XPCO\XPCO\AllSolutions\..\SC\Components\RemoteViewer\SmartClient\tst\zSmartClient_UnitTest\bin\x64\Debug\net6.0-windows\zSmartClient_UnitTest.dll" adapterTypeName="executor://mstestadapter/v2" className="SmartClient_UnitTest.VideoOS.RemoteClient.Plugin.Export.ExportDataValidatorTests" name="ValidateExportFormats_SmartClientPlayerFormat_ShouldReturnFailResult_ViewItemCommentRequired" />
    </UnitTest>
    <UnitTest name="Model_UpdateBuildingMapItems_Success" storage="d:\actions-runner\_work\xpco\xpco\allsolutions\..\sc\components\remoteviewer\smartclient\tst\zsmartclient_unittest\bin\x64\debug\net6.0-windows\zsmartclient_unittest.dll" id="2f768a08-79d1-a2fa-f632-631b61e890cb">
      <TestCategory>
        <TestCategoryItem TestCategory="GisMap" />
      </TestCategory>
      <Execution id="081727b3-c6a9-49f5-a21e-0d7b7c1d0cdd" />
      <TestMethod codeBase="D:\actions-runner\_work\XPCO\XPCO\AllSolutions\..\SC\Components\RemoteViewer\SmartClient\tst\zSmartClient_UnitTest\bin\x64\Debug\net6.0-windows\zSmartClient_UnitTest.dll" adapterTypeName="executor://mstestadapter/v2" className="SmartClient_UnitTest.VideoOS.RemoteClient.GisMapData.GisMapBasicTests" name="Model_UpdateBuildingMapItems_Success" />
    </UnitTest>
    <UnitTest name="ErrorInModel_Updates_LastError" storage="d:\actions-runner\_work\xpco\xpco\allsolutions\..\sc\components\remoteviewer\smartclient\tst\zsmartclient_unittest\bin\x64\debug\net6.0-windows\zsmartclient_unittest.dll" id="b6d0f186-52a1-85f5-8e22-24d46ac1ac11">
      <TestCategory>
        <TestCategoryItem TestCategory="GisMap" />
      </TestCategory>
      <Execution id="bede7d63-8bf3-4d02-9cf4-af7a37d29e61" />
      <TestMethod codeBase="D:\actions-runner\_work\XPCO\XPCO\AllSolutions\..\SC\Components\RemoteViewer\SmartClient\tst\zSmartClient_UnitTest\bin\x64\Debug\net6.0-windows\zSmartClient_UnitTest.dll" adapterTypeName="executor://mstestadapter/v2" className="SmartClient_UnitTest.VideoOS.RemoteClient.GisMapData.GisMapBasicTests" name="ErrorInModel_Updates_LastError" />
    </UnitTest>
    <UnitTest name="PatrollingStepListViewModel_ConvertToIPatrollingSteps" storage="d:\actions-runner\_work\xpco\xpco\allsolutions\..\sc\components\remoteviewer\smartclient\tst\zsmartclient_unittest\bin\x64\debug\net6.0-windows\zsmartclient_unittest.dll" id="e36d83f9-6b5d-9305-3ea9-821cb3744fa4">
      <Execution id="c2ceb585-e452-453d-8693-826fa89afde4" />
      <TestMethod codeBase="D:\actions-runner\_work\XPCO\XPCO\AllSolutions\..\SC\Components\RemoteViewer\SmartClient\tst\zSmartClient_UnitTest\bin\x64\Debug\net6.0-windows\zSmartClient_UnitTest.dll" adapterTypeName="executor://mstestadapter/v2" className="SmartClient_UnitTest.VideoOS.RemoteClient.Application.UI.PtzPreset.PatrollingViewModel.PatrollingStepListViewModelTest" name="PatrollingStepListViewModel_ConvertToIPatrollingSteps" />
    </UnitTest>
    <UnitTest name="Ctor_Success" storage="d:\actions-runner\_work\xpco\xpco\allsolutions\..\sc\components\remoteviewer\smartclient\tst\zsmartclient_unittest\bin\x64\debug\net6.0-windows\zsmartclient_unittest.dll" id="6754b662-82b1-e1e8-5fb7-5034b721677b">
      <TestCategory>
        <TestCategoryItem TestCategory="Search" />
      </TestCategory>
      <Execution id="c15b6b41-9ff1-42d1-8a73-24462867288a" />
      <TestMethod codeBase="D:\actions-runner\_work\XPCO\XPCO\AllSolutions\..\SC\Components\RemoteViewer\SmartClient\tst\zSmartClient_UnitTest\bin\x64\Debug\net6.0-windows\zSmartClient_UnitTest.dll" adapterTypeName="executor://mstestadapter/v2" className="SmartClient_UnitTest.VideoOS.RemoteClient.Plugin.CentralizedSearch.ViewModels.Data.SnapshotHandlerTests" name="Ctor_Success" />
    </UnitTest>
    <UnitTest name="Password_ShouldThrow_InvalidOperationException_WhenConstructedUsingExternal" storage="d:\actions-runner\_work\xpco\xpco\allsolutions\..\sc\components\remoteviewer\smartclient\tst\zsmartclient_unittest\bin\x64\debug\net6.0-windows\zsmartclient_unittest.dll" id="1ae4eff8-6b2f-6b05-41a0-15eb97967c7f">
      <TestCategory>
        <TestCategoryItem TestCategory="Authentication.ClientCredentials" />
      </TestCategory>
      <Execution id="65613bd2-514c-475e-a88a-eebd6c6a60e2" />
      <TestMethod codeBase="D:\actions-runner\_work\XPCO\XPCO\AllSolutions\..\SC\Components\RemoteViewer\SmartClient\tst\zSmartClient_UnitTest\bin\x64\Debug\net6.0-windows\zSmartClient_UnitTest.dll" adapterTypeName="executor://mstestadapter/v2" className="SmartClient_UnitTest.VideoOS.Shared.ServerAPI.ClientCredentialsTest" name="Password_ShouldThrow_InvalidOperationException_WhenConstructedUsingExternal" />
    </UnitTest>
    <UnitTest name="SaveStateTo_OrderResultsBy_Success" storage="d:\actions-runner\_work\xpco\xpco\allsolutions\..\sc\components\remoteviewer\smartclient\tst\zsmartclient_unittest\bin\x64\debug\net6.0-windows\zsmartclient_unittest.dll" id="6a53a4fc-af98-30a6-3b55-6aeeac9be0be">
      <TestCategory>
        <TestCategoryItem TestCategory="SearchResultViewModels" />
      </TestCategory>
      <Execution id="630e05d4-6186-4ebd-b928-b5170662deb6" />
      <TestMethod codeBase="D:\actions-runner\_work\XPCO\XPCO\AllSolutions\..\SC\Components\RemoteViewer\SmartClient\tst\zSmartClient_UnitTest\bin\x64\Debug\net6.0-windows\zSmartClient_UnitTest.dll" adapterTypeName="executor://mstestadapter/v2" className="SmartClient_UnitTest.VideoOS.RemoteClient.Plugin.CentralizedSearch.ViewModels.SearchResultsViewModelTest" name="SaveStateTo_OrderResultsBy_Success" />
    </UnitTest>
    <UnitTest name="ToDenormalizedDirection_Minus0_75" storage="d:\actions-runner\_work\xpco\xpco\allsolutions\..\sc\components\remoteviewer\smartclient\tst\zsmartclient_unittest\bin\x64\debug\net6.0-windows\zsmartclient_unittest.dll" id="7b659e8c-3001-c494-d28a-2939a6d49456">
      <TestCategory>
        <TestCategoryItem TestCategory="GisMap" />
      </TestCategory>
      <Execution id="66de5131-e830-4760-b350-9cabfb054930" />
      <TestMethod codeBase="D:\actions-runner\_work\XPCO\XPCO\AllSolutions\..\SC\Components\RemoteViewer\SmartClient\tst\zSmartClient_UnitTest\bin\x64\Debug\net6.0-windows\zSmartClient_UnitTest.dll" adapterTypeName="executor://mstestadapter/v2" className="SmartClient_UnitTest.VideoOS.RemoteClient.GisMap.Utilities.GisUtilityTests" name="ToDenormalizedDirection_Minus0_75" />
    </UnitTest>
    <UnitTest name="AttributeValueGet_NotNullValue_Success" storage="d:\actions-runner\_work\xpco\xpco\allsolutions\..\sc\components\remoteviewer\smartclient\tst\zsmartclient_unittest\bin\x64\debug\net6.0-windows\zsmartclient_unittest.dll" id="98e4ae88-2a6f-4ea6-fc3c-66faedd2526c">
      <TestCategory>
        <TestCategoryItem TestCategory="Search" />
      </TestCategory>
      <Execution id="48a2314c-db6c-465e-92e0-7f69a90868a0" />
      <TestMethod codeBase="D:\actions-runner\_work\XPCO\XPCO\AllSolutions\..\SC\Components\RemoteViewer\SmartClient\tst\zSmartClient_UnitTest\bin\x64\Debug\net6.0-windows\zSmartClient_UnitTest.dll" adapterTypeName="executor://mstestadapter/v2" className="SmartClient_UnitTest.VideoOS.RemoteClient.Plugin.CentralizedSearch.MIPPlugin.Criteria.TextBoxAttributeEditControlTest" name="AttributeValueGet_NotNullValue_Success" />
    </UnitTest>
    <UnitTest name="GisMapLayerSource_CreateFrom_Success" storage="d:\actions-runner\_work\xpco\xpco\allsolutions\..\sc\components\remoteviewer\smartclient\tst\zsmartclient_unittest\bin\x64\debug\net6.0-windows\zsmartclient_unittest.dll" id="d64e21f7-4ea3-a5fe-a361-c369ca14a84e">
      <TestCategory>
        <TestCategoryItem TestCategory="GisMap" />
      </TestCategory>
      <Execution id="fa210a47-3122-45f9-bb2b-636c66be4914" />
      <TestMethod codeBase="D:\actions-runner\_work\XPCO\XPCO\AllSolutions\..\SC\Components\RemoteViewer\SmartClient\tst\zSmartClient_UnitTest\bin\x64\Debug\net6.0-windows\zSmartClient_UnitTest.dll" adapterTypeName="executor://mstestadapter/v2" className="SmartClient_UnitTest.VideoOS.RemoteClient.GisMapData.GisMapBasicTests" name="GisMapLayerSource_CreateFrom_Success" />
    </UnitTest>
    <UnitTest name="SequenceTypeDto_ShouldYieldSameValues_WhenRoundTripConverted" storage="d:\actions-runner\_work\xpco\xpco\allsolutions\..\sc\components\remoteviewer\smartclient\tst\zsmartclient_unittest\bin\x64\debug\net6.0-windows\zsmartclient_unittest.dll" id="2696c9e3-385a-1f49-5d53-6a80871ac3fe">
      <TestCategory>
        <TestCategoryItem TestCategory="RecorderProxyToDtoMapping" />
      </TestCategory>
      <Execution id="93528fa1-f922-4cdc-846f-1920eed6b645" />
      <TestMethod codeBase="D:\actions-runner\_work\XPCO\XPCO\AllSolutions\..\SC\Components\RemoteViewer\SmartClient\tst\zSmartClient_UnitTest\bin\x64\Debug\net6.0-windows\zSmartClient_UnitTest.dll" adapterTypeName="executor://mstestadapter/v2" className="VideoOS.Shared.ServerAPI.SOAP.RecorderClientMappingTests" name="SequenceTypeDto_ShouldYieldSameValues_WhenRoundTripConverted" />
    </UnitTest>
    <UnitTest name="DeleteMapItems_ShouldReturnFalse_WhenUserDeclinesDeletionOfSingleItem" storage="d:\actions-runner\_work\xpco\xpco\allsolutions\..\sc\components\remoteviewer\smartclient\tst\zsmartclient_unittest\bin\x64\debug\net6.0-windows\zsmartclient_unittest.dll" id="dd8ceee9-e0da-460a-3a9b-41ccef9e8e3e">
      <TestCategory>
        <TestCategoryItem TestCategory="GisMapModelController" />
      </TestCategory>
      <Execution id="31aa7e36-1c5a-4f1c-9292-30b28ab72942" />
      <TestMethod codeBase="D:\actions-runner\_work\XPCO\XPCO\AllSolutions\..\SC\Components\RemoteViewer\SmartClient\tst\zSmartClient_UnitTest\bin\x64\Debug\net6.0-windows\zSmartClient_UnitTest.dll" adapterTypeName="executor://mstestadapter/v2" className="SmartClient_UnitTest.VideoOS.RemoteClient.GisMapData.GisMapModelControllerTests" name="DeleteMapItems_ShouldReturnFalse_WhenUserDeclinesDeletionOfSingleItem" />
    </UnitTest>
    <UnitTest name="GetDeviceData_ShouldReturnNotFoundDeviceData_WhenNotSupportedKind" storage="d:\actions-runner\_work\xpco\xpco\allsolutions\..\sc\components\remoteviewer\smartclient\tst\zsmartclient_unittest\bin\x64\debug\net6.0-windows\zsmartclient_unittest.dll" id="bcf3e398-10f5-c5db-c0c4-dde95790e302">
      <TestCategory>
        <TestCategoryItem TestCategory="GisMap.Controllers.Devices.MapItems" />
      </TestCategory>
      <Execution id="eec978e8-a50d-4b73-aa4e-888cdfba699b" />
      <TestMethod codeBase="D:\actions-runner\_work\XPCO\XPCO\AllSolutions\..\SC\Components\RemoteViewer\SmartClient\tst\zSmartClient_UnitTest\bin\x64\Debug\net6.0-windows\zSmartClient_UnitTest.dll" adapterTypeName="executor://mstestadapter/v2" className="SmartClient_UnitTest.VideoOS.RemoteClient.Plugin.GisMap.Controllers.Devices.MapItems.DeviceDataControllerTests" name="GetDeviceData_ShouldReturnNotFoundDeviceData_WhenNotSupportedKind" />
    </UnitTest>
    <UnitTest name="Compare_NullVsNotNullDescending_LessThan" storage="d:\actions-runner\_work\xpco\xpco\allsolutions\..\sc\components\remoteviewer\smartclient\tst\zsmartclient_unittest\bin\x64\debug\net6.0-windows\zsmartclient_unittest.dll" id="a112e5f5-c328-3fe0-6f6d-307e1fa97026">
      <TestCategory>
        <TestCategoryItem TestCategory="SearchComparers" />
      </TestCategory>
      <Execution id="ed9dcc07-62da-4892-8f9e-aea8a3454d92" />
      <TestMethod codeBase="D:\actions-runner\_work\XPCO\XPCO\AllSolutions\..\SC\Components\RemoteViewer\SmartClient\tst\zSmartClient_UnitTest\bin\x64\Debug\net6.0-windows\zSmartClient_UnitTest.dll" adapterTypeName="executor://mstestadapter/v2" className="SmartClient_UnitTest.VideoOS.RemoteClient.Plugin.CentralizedSearch.Models.Wrappers.Comparers.BeginTimeWithPaddingComparerTests" name="Compare_NullVsNotNullDescending_LessThan" />
    </UnitTest>
    <UnitTest name="NavigateAndSelectAsync_ReCenterCommandUsesOriginalValues" storage="d:\actions-runner\_work\xpco\xpco\allsolutions\..\sc\components\remoteviewer\smartclient\tst\zsmartclient_unittest\bin\x64\debug\net6.0-windows\zsmartclient_unittest.dll" id="4af45186-897f-200d-9f00-a1608aaab093">
      <TestCategory>
        <TestCategoryItem TestCategory="GisMap.GisMapViewModel" />
      </TestCategory>
      <Execution id="fabeea72-229d-4dac-956d-a7b1c886d4a5" />
      <TestMethod codeBase="D:\actions-runner\_work\XPCO\XPCO\AllSolutions\..\SC\Components\RemoteViewer\SmartClient\tst\zSmartClient_UnitTest\bin\x64\Debug\net6.0-windows\zSmartClient_UnitTest.dll" adapterTypeName="executor://mstestadapter/v2" className="SmartClient_UnitTest.VideoOS.RemoteClient.Plugin.GisMap.ViewModels.GisMapViewModelTests" name="NavigateAndSelectAsync_ReCenterCommandUsesOriginalValues" />
    </UnitTest>
    <UnitTest name="UserHasCreatePublicSearchPermission_HasCreatePermission_ReturnsTrue" storage="d:\actions-runner\_work\xpco\xpco\allsolutions\..\sc\components\remoteviewer\smartclient\tst\zsmartclient_unittest\bin\x64\debug\net6.0-windows\zsmartclient_unittest.dll" id="6bca5693-82fe-719f-17b6-6224c9668233">
      <TestCategory>
        <TestCategoryItem TestCategory="SearchTemplates" />
      </TestCategory>
      <Execution id="637124b8-fbc6-4851-bba1-748e8ffa2bbe" />
      <TestMethod codeBase="D:\actions-runner\_work\XPCO\XPCO\AllSolutions\..\SC\Components\RemoteViewer\SmartClient\tst\zSmartClient_UnitTest\bin\x64\Debug\net6.0-windows\zSmartClient_UnitTest.dll" adapterTypeName="executor://mstestadapter/v2" className="SmartClient_UnitTest.VideoOS.RemoteClient.Plugin.CentralizedSearch.SearchTemplates.SearchTemplateManagerTests" name="UserHasCreatePublicSearchPermission_HasCreatePermission_ReturnsTrue" />
    </UnitTest>
    <UnitTest name="Ctor_OneBuiltInGroupDefined_OneCompositeAgentAdded" storage="d:\actions-runner\_work\xpco\xpco\allsolutions\..\sc\components\remoteviewer\smartclient\tst\zsmartclient_unittest\bin\x64\debug\net6.0-windows\zsmartclient_unittest.dll" id="5358a71c-808a-a4c2-6851-01de58a4759c">
      <TestCategory>
        <TestCategoryItem TestCategory="ScSearchManager" />
      </TestCategory>
      <Execution id="9fa96dfd-f361-47f7-812f-5a58a8fdc461" />
      <TestMethod codeBase="D:\actions-runner\_work\XPCO\XPCO\AllSolutions\..\SC\Components\RemoteViewer\SmartClient\tst\zSmartClient_UnitTest\bin\x64\Debug\net6.0-windows\zSmartClient_UnitTest.dll" adapterTypeName="executor://mstestadapter/v2" className="SmartClient_UnitTest.VideoOS.RemoteClient.Plugin.CentralizedSearch.MIPPlugin.ScSearchManagerTests" name="Ctor_OneBuiltInGroupDefined_OneCompositeAgentAdded" />
    </UnitTest>
    <UnitTest name="DoubleClickOnPreviewPlayer_ShouldOpenDetailsViewWithoutAnimation_WhenFocusedItemIsNotNullAndAnimationsAreDisabled" storage="d:\actions-runner\_work\xpco\xpco\allsolutions\..\sc\components\remoteviewer\smartclient\tst\zsmartclient_unittest\bin\x64\debug\net6.0-windows\zsmartclient_unittest.dll" id="c0728f95-ecc1-be8f-b46d-a960462fa608">
      <TestCategory>
        <TestCategoryItem TestCategory="SearchViews" />
      </TestCategory>
      <Execution id="a54f507f-e6d8-4b0a-9491-d324ff34f567" />
      <TestMethod codeBase="D:\actions-runner\_work\XPCO\XPCO\AllSolutions\..\SC\Components\RemoteViewer\SmartClient\tst\zSmartClient_UnitTest\bin\x64\Debug\net6.0-windows\zSmartClient_UnitTest.dll" adapterTypeName="executor://mstestadapter/v2" className="SmartClient_UnitTest.VideoOS.RemoteClient.Plugin.CentralizedSearch.Views.SearchResultsViewTests" name="DoubleClickOnPreviewPlayer_ShouldOpenDetailsViewWithoutAnimation_WhenFocusedItemIsNotNullAndAnimationsAreDisabled" />
    </UnitTest>
    <UnitTest name="UpdateRecorderInfoTest" storage="d:\actions-runner\_work\xpco\xpco\allsolutions\..\sc\components\remoteviewer\smartclient\tst\zsmartclient_unittest\bin\x64\debug\net6.0-windows\zsmartclient_unittest.dll" id="6e09ad1b-dc7a-2da6-6085-ead018e4d60b">
      <Execution id="e78cf724-5617-41ca-9a6f-a6f00a6871e2" />
      <TestMethod codeBase="D:\actions-runner\_work\XPCO\XPCO\AllSolutions\..\SC\Components\RemoteViewer\SmartClient\tst\zSmartClient_UnitTest\bin\x64\Debug\net6.0-windows\zSmartClient_UnitTest.dll" adapterTypeName="executor://mstestadapter/v2" className="SmartClient_UnitTest.VideoOS.Shared.ServerAPI.IServerConfigurationTest" name="UpdateRecorderInfoTest" />
    </UnitTest>
    <UnitTest name="Empty password" storage="d:\actions-runner\_work\xpco\xpco\allsolutions\..\sc\components\remoteviewer\smartclient\tst\zsmartclient_unittest\bin\x64\debug\net6.0-windows\zsmartclient_unittest.dll" id="8f3e7c48-bb88-696a-3cb3-b7922e8f86c1">
      <TestCategory>
        <TestCategoryItem TestCategory="Export" />
      </TestCategory>
      <Execution id="aba77f0f-a4a5-42cf-b4b9-e3fc21cce287" />
      <TestMethod codeBase="D:\actions-runner\_work\XPCO\XPCO\AllSolutions\..\SC\Components\RemoteViewer\SmartClient\tst\zSmartClient_UnitTest\bin\x64\Debug\net6.0-windows\zSmartClient_UnitTest.dll" adapterTypeName="executor://mstestadapter/v2" className="SmartClient_UnitTest.VideoOS.RemoteClient.Plugin.Export.PasswordDialogViewModelTests" name="SettingPassword1_ShouldSetIsPassword1Valid" />
    </UnitTest>
    <UnitTest name="ActiveInteractionStateBinding_ShouldOnlyContainNormalAndNewDevice_WhenCtorIsCalled" storage="d:\actions-runner\_work\xpco\xpco\allsolutions\..\sc\components\remoteviewer\smartclient\tst\zsmartclient_unittest\bin\x64\debug\net6.0-windows\zsmartclient_unittest.dll" id="3ff6b5d8-f141-7a2b-08b3-b0a5923ed411">
      <TestCategory>
        <TestCategoryItem TestCategory="GisMap.InputMarkerTest" />
      </TestCategory>
      <Execution id="f42b8fb5-b8cb-4e42-9316-1c6f378c5b85" />
      <TestMethod codeBase="D:\actions-runner\_work\XPCO\XPCO\AllSolutions\..\SC\Components\RemoteViewer\SmartClient\tst\zSmartClient_UnitTest\bin\x64\Debug\net6.0-windows\zSmartClient_UnitTest.dll" adapterTypeName="executor://mstestadapter/v2" className="SmartClient_UnitTest.VideoOS.RemoteClient.Plugin.GisMap.ThinkGeoMap.Markers.DeviceMarkers.InputMarker.InputMarkerTests" name="ActiveInteractionStateBinding_ShouldOnlyContainNormalAndNewDevice_WhenCtorIsCalled" />
    </UnitTest>
    <UnitTest name="Ctor_NullItems_ThrowsException" storage="d:\actions-runner\_work\xpco\xpco\allsolutions\..\sc\components\remoteviewer\smartclient\tst\zsmartclient_unittest\bin\x64\debug\net6.0-windows\zsmartclient_unittest.dll" id="27f390ff-a294-3ac4-6f34-9d39f621e68b">
      <Execution id="783f95d2-27b6-4e7b-8352-765ebb7bead7" />
      <TestMethod codeBase="D:\actions-runner\_work\XPCO\XPCO\AllSolutions\..\SC\Components\RemoteViewer\SmartClient\tst\zSmartClient_UnitTest\bin\x64\Debug\net6.0-windows\zSmartClient_UnitTest.dll" adapterTypeName="executor://mstestadapter/v2" className="SmartClient_UnitTest.VideoOS.RemoteClient.Application.UI.Common.MessageBoxWithList.MessageBoxWithListViewModelTests" name="Ctor_NullItems_ThrowsException" />
    </UnitTest>
    <UnitTest name="AddToExportTuples_ShouldReturnCorrectResult (0,1,0)" storage="d:\actions-runner\_work\xpco\xpco\allsolutions\..\sc\components\remoteviewer\smartclient\tst\zsmartclient_unittest\bin\x64\debug\net6.0-windows\zsmartclient_unittest.dll" id="eaf31246-ac2a-9db5-b972-39aa2ca6d2e0">
      <TestCategory>
        <TestCategoryItem TestCategory="Managers" />
      </TestCategory>
      <Execution id="3f345d4e-5bba-45da-8493-2b4d8a94e792" />
      <TestMethod codeBase="D:\actions-runner\_work\XPCO\XPCO\AllSolutions\..\SC\Components\RemoteViewer\SmartClient\tst\zSmartClient_UnitTest\bin\x64\Debug\net6.0-windows\zSmartClient_UnitTest.dll" adapterTypeName="executor://mstestadapter/v2" className="SmartClient_UnitTest.VideoOS.RemoteClient.Application.Managers.ExportManagerTests" name="AddToExportTuples_ShouldReturnCorrectResult" />
    </UnitTest>
    <UnitTest name="CameraMapItem_AddWithViewZone_XpcoServer_Success" storage="d:\actions-runner\_work\xpco\xpco\allsolutions\..\sc\components\remoteviewer\smartclient\tst\zsmartclient_unittest\bin\x64\debug\net6.0-windows\zsmartclient_unittest.dll" id="8a1568a6-ad98-67e4-8764-7fa07b40b0f4">
      <TestCategory>
        <TestCategoryItem TestCategory="GisMapMapItem" />
      </TestCategory>
      <Execution id="3711117d-964a-4d69-b344-ccf3b62a8a76" />
      <TestMethod codeBase="D:\actions-runner\_work\XPCO\XPCO\AllSolutions\..\SC\Components\RemoteViewer\SmartClient\tst\zSmartClient_UnitTest\bin\x64\Debug\net6.0-windows\zSmartClient_UnitTest.dll" adapterTypeName="executor://mstestadapter/v2" className="SmartClient_UnitTest.VideoOS.RemoteClient.GisMap.MapItem.MapItemTests" name="CameraMapItem_AddWithViewZone_XpcoServer_Success" />
    </UnitTest>
    <UnitTest name="DeviceIcons_ShouldBeCached_WhenCalled" storage="d:\actions-runner\_work\xpco\xpco\allsolutions\..\sc\components\remoteviewer\smartclient\tst\zsmartclient_unittest\bin\x64\debug\net6.0-windows\zsmartclient_unittest.dll" id="98a7490b-a0d5-3f84-ad1f-205206139c5a">
      <TestCategory>
        <TestCategoryItem TestCategory="GisMapData.InputOemResourcesProviderTests" />
      </TestCategory>
      <Execution id="5e0ba041-d6c2-46fc-b253-b332f2355656" />
      <TestMethod codeBase="D:\actions-runner\_work\XPCO\XPCO\AllSolutions\..\SC\Components\RemoteViewer\SmartClient\tst\zSmartClient_UnitTest\bin\x64\Debug\net6.0-windows\zSmartClient_UnitTest.dll" adapterTypeName="executor://mstestadapter/v2" className="SmartClient_UnitTest.VideoOS.RemoteClient.GisMapData.Resources.InputOemResourcesProviderTests" name="DeviceIcons_ShouldBeCached_WhenCalled" />
    </UnitTest>
    <UnitTest name="Create_Retention_Time_Cannot_Be_Before_1900_Test_Rollback_After_Valid_Value" storage="d:\actions-runner\_work\xpco\xpco\allsolutions\..\sc\components\remoteviewer\smartclient\tst\zsmartclient_unittest\bin\x64\debug\net6.0-windows\zsmartclient_unittest.dll" id="a316d943-455b-a96d-fb1b-0c24977fe437">
      <Execution id="e3d4f2cb-cc5c-4755-8950-f4494bb07b14" />
      <TestMethod codeBase="D:\actions-runner\_work\XPCO\XPCO\AllSolutions\..\SC\Components\RemoteViewer\SmartClient\tst\zSmartClient_UnitTest\bin\x64\Debug\net6.0-windows\zSmartClient_UnitTest.dll" adapterTypeName="executor://mstestadapter/v2" className="SmartClient_UnitTest.VideoOS.RemoteClient.Application.Components.EvidenceLock.EvidenceLockCreateEditTests" name="Create_Retention_Time_Cannot_Be_Before_1900_Test_Rollback_After_Valid_Value" />
    </UnitTest>
    <UnitTest name="Serialize_ScopeItemsOnly_Success" storage="d:\actions-runner\_work\xpco\xpco\allsolutions\..\sc\components\remoteviewer\smartclient\tst\zsmartclient_unittest\bin\x64\debug\net6.0-windows\zsmartclient_unittest.dll" id="cf838b6b-7995-4cd7-4849-142f7382a183">
      <TestCategory>
        <TestCategoryItem TestCategory="SearchSerialization" />
      </TestCategory>
      <Execution id="94cbdc64-9e04-451f-bf69-42c537c73bb5" />
      <TestMethod codeBase="D:\actions-runner\_work\XPCO\XPCO\AllSolutions\..\SC\Components\RemoteViewer\SmartClient\tst\zSmartClient_UnitTest\bin\x64\Debug\net6.0-windows\zSmartClient_UnitTest.dll" adapterTypeName="executor://mstestadapter/v2" className="SmartClient_UnitTest.VideoOS.RemoteClient.Plugin.CentralizedSearch.Models.Serialization.SearchSerializerTests" name="Serialize_ScopeItemsOnly_Success" />
    </UnitTest>
    <UnitTest name="Toolbar_IsVisible_WhenInLive" storage="d:\actions-runner\_work\xpco\xpco\allsolutions\..\sc\components\remoteviewer\smartclient\tst\zsmartclient_unittest\bin\x64\debug\net6.0-windows\zsmartclient_unittest.dll" id="1153276a-4acc-8389-9593-9aed2f86bdf6">
      <TestCategory>
        <TestCategoryItem TestCategory="WorkspaceToolbar" />
      </TestCategory>
      <Execution id="b3b7823e-e4be-4ce5-9349-f60d99390233" />
      <TestMethod codeBase="D:\actions-runner\_work\XPCO\XPCO\AllSolutions\..\SC\Components\RemoteViewer\SmartClient\tst\zSmartClient_UnitTest\bin\x64\Debug\net6.0-windows\zSmartClient_UnitTest.dll" adapterTypeName="executor://mstestadapter/v2" className="SmartClient_UnitTest.VideoOS.RemoteClient.Application.UI.Content.WorkspaceToolbar.WorkspaceToolbarViewModelTests" name="Toolbar_IsVisible_WhenInLive" />
    </UnitTest>
    <UnitTest name="CreateSearchResultUserControl_AllMappings_Success" storage="d:\actions-runner\_work\xpco\xpco\allsolutions\..\sc\components\remoteviewer\smartclient\tst\zsmartclient_unittest\bin\x64\debug\net6.0-windows\zsmartclient_unittest.dll" id="ff967a29-b052-9b02-d0d2-90cfa45b8b4f">
      <TestCategory>
        <TestCategoryItem TestCategory="Search" />
      </TestCategory>
      <Execution id="d2822619-df18-4947-b943-8c671ce73679" />
      <TestMethod codeBase="D:\actions-runner\_work\XPCO\XPCO\AllSolutions\..\SC\Components\RemoteViewer\SmartClient\tst\zSmartClient_UnitTest\bin\x64\Debug\net6.0-windows\zSmartClient_UnitTest.dll" adapterTypeName="executor://mstestadapter/v2" className="SmartClient_UnitTest.VideoOS.RemoteClient.Plugin.CentralizedSearch.MIPPlugin.ScSearchUserControlPluginTest" name="CreateSearchResultUserControl_AllMappings_Success" />
    </UnitTest>
    <UnitTest name="LoadInitialState_ValidStateInStateManage_ReturnsStateFromStateManager" storage="d:\actions-runner\_work\xpco\xpco\allsolutions\..\sc\components\remoteviewer\smartclient\tst\zsmartclient_unittest\bin\x64\debug\net6.0-windows\zsmartclient_unittest.dll" id="9dcc893b-d6ef-d5e3-81ca-720cad492687">
      <TestCategory>
        <TestCategoryItem TestCategory="Search" />
      </TestCategory>
      <Execution id="c5a245b0-d70a-4633-b8b2-55cf5916f93c" />
      <TestMethod codeBase="D:\actions-runner\_work\XPCO\XPCO\AllSolutions\..\SC\Components\RemoteViewer\SmartClient\tst\zSmartClient_UnitTest\bin\x64\Debug\net6.0-windows\zSmartClient_UnitTest.dll" adapterTypeName="executor://mstestadapter/v2" className="SmartClient_UnitTest.VideoOS.RemoteClient.Plugin.CentralizedSearch.CentralizedSearchContentHolderTests" name="LoadInitialState_ValidStateInStateManage_ReturnsStateFromStateManager" />
    </UnitTest>
    <UnitTest name="SetSelectedDuration_ValidScopeDurations_SelectedTimeScopeSet" storage="d:\actions-runner\_work\xpco\xpco\allsolutions\..\sc\components\remoteviewer\smartclient\tst\zsmartclient_unittest\bin\x64\debug\net6.0-windows\zsmartclient_unittest.dll" id="b1a54d71-5c4b-5e18-0c40-6a96ee3db5e8">
      <TestCategory>
        <TestCategoryItem TestCategory="SearchViewModels" />
      </TestCategory>
      <Execution id="dd8e9a4c-87db-44f9-88e9-bc5f95c4dc39" />
      <TestMethod codeBase="D:\actions-runner\_work\XPCO\XPCO\AllSolutions\..\SC\Components\RemoteViewer\SmartClient\tst\zSmartClient_UnitTest\bin\x64\Debug\net6.0-windows\zSmartClient_UnitTest.dll" adapterTypeName="executor://mstestadapter/v2" className="SmartClient_UnitTest.VideoOS.RemoteClient.Plugin.CentralizedSearch.ViewModels.SearchViewModelTests" name="SetSelectedDuration_ValidScopeDurations_SelectedTimeScopeSet" />
    </UnitTest>
    <UnitTest name="SearchFilterCategoryGet_TwoSearchAgentsWithOverlappingFilters_AllFiltersAdded" storage="d:\actions-runner\_work\xpco\xpco\allsolutions\..\sc\components\remoteviewer\smartclient\tst\zsmartclient_unittest\bin\x64\debug\net6.0-windows\zsmartclient_unittest.dll" id="a3b47612-c41f-b6f9-cd26-71a4607bc51d">
      <TestCategory>
        <TestCategoryItem TestCategory="Search" />
      </TestCategory>
      <Execution id="9bb103ef-ebea-487d-a200-109598a143f3" />
      <TestMethod codeBase="D:\actions-runner\_work\XPCO\XPCO\AllSolutions\..\SC\Components\RemoteViewer\SmartClient\tst\zSmartClient_UnitTest\bin\x64\Debug\net6.0-windows\zSmartClient_UnitTest.dll" adapterTypeName="executor://mstestadapter/v2" className="SmartClient_UnitTest.VideoOS.RemoteClient.Plugin.CentralizedSearch.MIPPlugin.CompositeSearchAgentTests" name="SearchFilterCategoryGet_TwoSearchAgentsWithOverlappingFilters_AllFiltersAdded" />
    </UnitTest>
    <UnitTest name="DoubleClickOnPreviewPlayer_ShouldNotOpenDetailsView_WhenFocusedItemIsNull" storage="d:\actions-runner\_work\xpco\xpco\allsolutions\..\sc\components\remoteviewer\smartclient\tst\zsmartclient_unittest\bin\x64\debug\net6.0-windows\zsmartclient_unittest.dll" id="113f0a6f-863e-d128-89b6-fd830e00edfd">
      <TestCategory>
        <TestCategoryItem TestCategory="SearchViews" />
      </TestCategory>
      <Execution id="6b21107d-9ba5-47e5-90ea-42328c61bd32" />
      <TestMethod codeBase="D:\actions-runner\_work\XPCO\XPCO\AllSolutions\..\SC\Components\RemoteViewer\SmartClient\tst\zSmartClient_UnitTest\bin\x64\Debug\net6.0-windows\zSmartClient_UnitTest.dll" adapterTypeName="executor://mstestadapter/v2" className="SmartClient_UnitTest.VideoOS.RemoteClient.Plugin.CentralizedSearch.Views.SearchResultsViewTests" name="DoubleClickOnPreviewPlayer_ShouldNotOpenDetailsView_WhenFocusedItemIsNull" />
    </UnitTest>
    <UnitTest name="ResolveGenericResultProperties_ShouldReturnGenericPropertiesFromASingleSearchResult_WhenGivenASingleSearchResult" storage="d:\actions-runner\_work\xpco\xpco\allsolutions\..\sc\components\remoteviewer\smartclient\tst\zsmartclient_unittest\bin\x64\debug\net6.0-windows\zsmartclient_unittest.dll" id="cbb16c95-d728-15c5-f7f7-7aec1e98ffde">
      <TestCategory>
        <TestCategoryItem TestCategory="Search" />
      </TestCategory>
      <Execution id="69084831-c62a-4cbe-b6df-0b90c72e88a8" />
      <TestMethod codeBase="D:\actions-runner\_work\XPCO\XPCO\AllSolutions\..\SC\Components\RemoteViewer\SmartClient\tst\zSmartClient_UnitTest\bin\x64\Debug\net6.0-windows\zSmartClient_UnitTest.dll" adapterTypeName="executor://mstestadapter/v2" className="SmartClient_UnitTest.VideoOS.RemoteClient.Plugin.CentralizedSearch.Utils.SearchResultDataWrapperExtensionsTests" name="ResolveGenericResultProperties_ShouldReturnGenericPropertiesFromASingleSearchResult_WhenGivenASingleSearchResult" />
    </UnitTest>
    <UnitTest name="TestSave_Success" storage="d:\actions-runner\_work\xpco\xpco\allsolutions\..\sc\components\remoteviewer\smartclient\tst\zsmartclient_unittest\bin\x64\debug\net6.0-windows\zsmartclient_unittest.dll" id="6eb63bb3-0a07-3cfb-8d0a-86ee2a28be11">
      <TestCategory>
        <TestCategoryItem TestCategory="GisMapBuilding" />
      </TestCategory>
      <Execution id="9fabee1f-a475-4c0e-a11c-a505456e7297" />
      <TestMethod codeBase="D:\actions-runner\_work\XPCO\XPCO\AllSolutions\..\SC\Components\RemoteViewer\SmartClient\tst\zSmartClient_UnitTest\bin\x64\Debug\net6.0-windows\zSmartClient_UnitTest.dll" adapterTypeName="executor://mstestadapter/v2" className="SmartClient_UnitTest.VideoOS.RemoteClient.GisMapData.MapBuildings.MapLevelTests" name="TestSave_Success" />
    </UnitTest>
    <UnitTest name="CreateExportDialog_CanSelectExportToOptics_WithOpticalDrivesPresent" storage="d:\actions-runner\_work\xpco\xpco\allsolutions\..\sc\components\remoteviewer\smartclient\tst\zsmartclient_unittest\bin\x64\debug\net6.0-windows\zsmartclient_unittest.dll" id="02e79180-7231-3946-3d30-86e386fbe7e5">
      <TestCategory>
        <TestCategoryItem TestCategory="Export" />
      </TestCategory>
      <Execution id="ea4fabd7-5a59-4bdf-a436-f85379b4b102" />
      <TestMethod codeBase="D:\actions-runner\_work\XPCO\XPCO\AllSolutions\..\SC\Components\RemoteViewer\SmartClient\tst\zSmartClient_UnitTest\bin\x64\Debug\net6.0-windows\zSmartClient_UnitTest.dll" adapterTypeName="executor://mstestadapter/v2" className="SmartClient_UnitTest.VideoOS.RemoteClient.Plugin.Export.CreateExportDialogViewModelTests" name="CreateExportDialog_CanSelectExportToOptics_WithOpticalDrivesPresent" />
    </UnitTest>
    <UnitTest name="LoadSearchTemplate_NoActiveToNewActive_UpdateAndEvent" storage="d:\actions-runner\_work\xpco\xpco\allsolutions\..\sc\components\remoteviewer\smartclient\tst\zsmartclient_unittest\bin\x64\debug\net6.0-windows\zsmartclient_unittest.dll" id="165287bc-bef0-3870-c69b-a17243fed1fc">
      <TestCategory>
        <TestCategoryItem TestCategory="SearchTemplates" />
      </TestCategory>
      <Execution id="85a9dee8-2cf3-46f4-9af6-7f2f76a777fc" />
      <TestMethod codeBase="D:\actions-runner\_work\XPCO\XPCO\AllSolutions\..\SC\Components\RemoteViewer\SmartClient\tst\zSmartClient_UnitTest\bin\x64\Debug\net6.0-windows\zSmartClient_UnitTest.dll" adapterTypeName="executor://mstestadapter/v2" className="SmartClient_UnitTest.VideoOS.RemoteClient.Plugin.CentralizedSearch.SearchTemplates.SearchTemplateManagerTests" name="LoadSearchTemplate_NoActiveToNewActive_UpdateAndEvent" />
    </UnitTest>
    <UnitTest name="Convert_InvalidArgumentCount_MoreThanExpected_Collapsed" storage="d:\actions-runner\_work\xpco\xpco\allsolutions\..\sc\components\remoteviewer\smartclient\tst\zsmartclient_unittest\bin\x64\debug\net6.0-windows\zsmartclient_unittest.dll" id="f8f04b21-fad0-48a3-39ca-a5f162fe7d64">
      <TestCategory>
        <TestCategoryItem TestCategory="SearchConverter" />
      </TestCategory>
      <Execution id="6921b103-8ea3-4cc1-85bb-7c6c9c5b79d3" />
      <TestMethod codeBase="D:\actions-runner\_work\XPCO\XPCO\AllSolutions\..\SC\Components\RemoteViewer\SmartClient\tst\zSmartClient_UnitTest\bin\x64\Debug\net6.0-windows\zSmartClient_UnitTest.dll" adapterTypeName="executor://mstestadapter/v2" className="SmartClient_UnitTest.VideoOS.RemoteClient.Plugin.CentralizedSearch.Views.Converters.NoCriteriaSelectedGridVisibilityConverterTests" name="Convert_InvalidArgumentCount_MoreThanExpected_Collapsed" />
    </UnitTest>
    <UnitTest name="ConvertBack_ShouldAlwaysThrowException" storage="d:\actions-runner\_work\xpco\xpco\allsolutions\..\sc\components\remoteviewer\smartclient\tst\zsmartclient_unittest\bin\x64\debug\net6.0-windows\zsmartclient_unittest.dll" id="8d265b40-4d86-0fef-5f08-51df41bf9c7a">
      <Execution id="cc7a858d-1557-48d8-a0ed-4a4a81d1fb2b" />
      <TestMethod codeBase="D:\actions-runner\_work\XPCO\XPCO\AllSolutions\..\SC\Components\RemoteViewer\SmartClient\tst\zSmartClient_UnitTest\bin\x64\Debug\net6.0-windows\zSmartClient_UnitTest.dll" adapterTypeName="executor://mstestadapter/v2" className="SmartClient_UnitTest.VideoOS.Common.UIThemes.ContentToTooltipTextConverterTests" name="ConvertBack_ShouldAlwaysThrowException" />
    </UnitTest>
    <UnitTest name="Cameras_where_the_user_has_no_RetentionCreate_rights_can_be_still_re_added" storage="d:\actions-runner\_work\xpco\xpco\allsolutions\..\sc\components\remoteviewer\smartclient\tst\zsmartclient_unittest\bin\x64\debug\net6.0-windows\zsmartclient_unittest.dll" id="94358fa8-5ab7-9379-cdbb-784e07581698">
      <Execution id="88c34ca3-f4d0-4299-83d4-ee6ddadd9313" />
      <TestMethod codeBase="D:\actions-runner\_work\XPCO\XPCO\AllSolutions\..\SC\Components\RemoteViewer\SmartClient\tst\zSmartClient_UnitTest\bin\x64\Debug\net6.0-windows\zSmartClient_UnitTest.dll" adapterTypeName="executor://mstestadapter/v2" className="SmartClient_UnitTest.VideoOS.RemoteClient.Application.Components.EvidenceLock.EvidenceLockEditModeUserRightTests" name="Cameras_where_the_user_has_no_RetentionCreate_rights_can_be_still_re_added" />
    </UnitTest>
    <UnitTest name="TestMethod1" storage="d:\actions-runner\_work\xpco\xpco\allsolutions\..\sc\components\remoteviewer\smartclient\tst\zsmartclient_unittest\bin\x64\debug\net6.0-windows\zsmartclient_unittest.dll" id="55b69ff1-41fd-5c44-e2a8-b279d7828993">
      <Execution id="15061b72-8475-451f-9d0e-76a3a65e8c88" />
      <TestMethod codeBase="D:\actions-runner\_work\XPCO\XPCO\AllSolutions\..\SC\Components\RemoteViewer\SmartClient\tst\zSmartClient_UnitTest\bin\x64\Debug\net6.0-windows\zSmartClient_UnitTest.dll" adapterTypeName="executor://mstestadapter/v2" className="SmartClient_UnitTest.VideoOS.RemoteClient.GisMap.ViewModels.ContextMenu.ContextMenuViewModelTests" name="TestMethod1" />
    </UnitTest>
    <UnitTest name="PopulateTooltip_ManyResultsFromManyCameras24Hours_ValidText" storage="d:\actions-runner\_work\xpco\xpco\allsolutions\..\sc\components\remoteviewer\smartclient\tst\zsmartclient_unittest\bin\x64\debug\net6.0-windows\zsmartclient_unittest.dll" id="85b176e4-fb59-5c82-65b9-233680a9d61b">
      <TestCategory>
        <TestCategoryItem TestCategory="SearchControls" />
      </TestCategory>
      <Execution id="8304aaac-e7c9-4498-897c-cd82f16404f0" />
      <TestMethod codeBase="D:\actions-runner\_work\XPCO\XPCO\AllSolutions\..\SC\Components\RemoteViewer\SmartClient\tst\zSmartClient_UnitTest\bin\x64\Debug\net6.0-windows\zSmartClient_UnitTest.dll" adapterTypeName="executor://mstestadapter/v2" className="SmartClient_UnitTest.VideoOS.RemoteClient.Plugin.CentralizedSearch.Views.Controls.TimelineRuler.TimelineRulerControlTests" name="PopulateTooltip_ManyResultsFromManyCameras24Hours_ValidText" />
    </UnitTest>
    <UnitTest name="PopulateTooltip_SingleResultsFromFewCameras24Hours_ValidText" storage="d:\actions-runner\_work\xpco\xpco\allsolutions\..\sc\components\remoteviewer\smartclient\tst\zsmartclient_unittest\bin\x64\debug\net6.0-windows\zsmartclient_unittest.dll" id="07e2d80c-1c7c-425d-45d2-9a4739a86a66">
      <TestCategory>
        <TestCategoryItem TestCategory="SearchControls" />
      </TestCategory>
      <Execution id="ef26816a-175f-4971-87e0-0c22a3f889e5" />
      <TestMethod codeBase="D:\actions-runner\_work\XPCO\XPCO\AllSolutions\..\SC\Components\RemoteViewer\SmartClient\tst\zSmartClient_UnitTest\bin\x64\Debug\net6.0-windows\zSmartClient_UnitTest.dll" adapterTypeName="executor://mstestadapter/v2" className="SmartClient_UnitTest.VideoOS.RemoteClient.Plugin.CentralizedSearch.Views.Controls.TimelineRuler.TimelineRulerControlTests" name="PopulateTooltip_SingleResultsFromFewCameras24Hours_ValidText" />
    </UnitTest>
    <UnitTest name="SmartSearchResultDto_ShouldYieldSameValues_WhenRoundTripConverted" storage="d:\actions-runner\_work\xpco\xpco\allsolutions\..\sc\components\remoteviewer\smartclient\tst\zsmartclient_unittest\bin\x64\debug\net6.0-windows\zsmartclient_unittest.dll" id="13732851-1316-f3ba-505c-1b7f66e1148d">
      <TestCategory>
        <TestCategoryItem TestCategory="RecorderProxyToDtoMapping" />
      </TestCategory>
      <Execution id="cd7d0095-8b0d-43d1-964c-1144e5f50c86" />
      <TestMethod codeBase="D:\actions-runner\_work\XPCO\XPCO\AllSolutions\..\SC\Components\RemoteViewer\SmartClient\tst\zSmartClient_UnitTest\bin\x64\Debug\net6.0-windows\zSmartClient_UnitTest.dll" adapterTypeName="executor://mstestadapter/v2" className="VideoOS.Shared.ServerAPI.SOAP.RecorderClientMappingTests" name="SmartSearchResultDto_ShouldYieldSameValues_WhenRoundTripConverted" />
    </UnitTest>
    <UnitTest name="AndOrSearchDefinitionToCornerRadiusMultiConverter_CallConvert_FirstAnd" storage="d:\actions-runner\_work\xpco\xpco\allsolutions\..\sc\components\remoteviewer\smartclient\tst\zsmartclient_unittest\bin\x64\debug\net6.0-windows\zsmartclient_unittest.dll" id="06bd11df-bf70-d0e2-a507-7181600bcc81">
      <TestCategory>
        <TestCategoryItem TestCategory="SearchConverter" />
      </TestCategory>
      <Execution id="8c4d4b51-23b7-4642-a0ff-0322f3a00315" />
      <TestMethod codeBase="D:\actions-runner\_work\XPCO\XPCO\AllSolutions\..\SC\Components\RemoteViewer\SmartClient\tst\zSmartClient_UnitTest\bin\x64\Debug\net6.0-windows\zSmartClient_UnitTest.dll" adapterTypeName="executor://mstestadapter/v2" className="SmartClient_UnitTest.VideoOS.RemoteClient.Plugin.CentralizedSearch.Views.Converters.AndOrSearchDefinitionMultiConverterTests" name="AndOrSearchDefinitionToCornerRadiusMultiConverter_CallConvert_FirstAnd" />
    </UnitTest>
    <UnitTest name="MarkerFactory_WhenMipMapItemIsGiven_ShouldReturnNull" storage="d:\actions-runner\_work\xpco\xpco\allsolutions\..\sc\components\remoteviewer\smartclient\tst\zsmartclient_unittest\bin\x64\debug\net6.0-windows\zsmartclient_unittest.dll" id="35fdccc0-c07e-b0f5-43ff-b8462db1e66e">
      <TestCategory>
        <TestCategoryItem TestCategory="GisMap.MarkerFactory" />
      </TestCategory>
      <Execution id="b31a1a24-7fb1-4b6f-91bd-99972efcd932" />
      <TestMethod codeBase="D:\actions-runner\_work\XPCO\XPCO\AllSolutions\..\SC\Components\RemoteViewer\SmartClient\tst\zSmartClient_UnitTest\bin\x64\Debug\net6.0-windows\zSmartClient_UnitTest.dll" adapterTypeName="executor://mstestadapter/v2" className="SmartClient_UnitTest.VideoOS.RemoteClient.Plugin.GisMap.IoC.MarkerFactoryTests" name="MarkerFactory_WhenMipMapItemIsGiven_ShouldReturnNull" />
    </UnitTest>
    <UnitTest name="No_warning_when_removing_camera_with_related_device_with_no_update_rights" storage="d:\actions-runner\_work\xpco\xpco\allsolutions\..\sc\components\remoteviewer\smartclient\tst\zsmartclient_unittest\bin\x64\debug\net6.0-windows\zsmartclient_unittest.dll" id="593594fc-46c9-b9c0-d561-0e066e80633b">
      <Execution id="c58902ee-19ca-4781-80a5-3a622b1c4c1e" />
      <TestMethod codeBase="D:\actions-runner\_work\XPCO\XPCO\AllSolutions\..\SC\Components\RemoteViewer\SmartClient\tst\zSmartClient_UnitTest\bin\x64\Debug\net6.0-windows\zSmartClient_UnitTest.dll" adapterTypeName="executor://mstestadapter/v2" className="SmartClient_UnitTest.VideoOS.RemoteClient.Application.Components.EvidenceLock.EvidenceLockRelatedDeviceRightsTests" name="No_warning_when_removing_camera_with_related_device_with_no_update_rights" />
    </UnitTest>
    <UnitTest name="OnIsVisiblePropertyChanged_ShouldDeactivateSoundOfAllUnmutedMicrophones_WhenHidingMicrophonesLayer" storage="d:\actions-runner\_work\xpco\xpco\allsolutions\..\sc\components\remoteviewer\smartclient\tst\zsmartclient_unittest\bin\x64\debug\net6.0-windows\zsmartclient_unittest.dll" id="d5380333-0029-a673-b16f-5047c88c70d6">
      <TestCategory>
        <TestCategoryItem TestCategory="GisMapData.MapLayers" />
      </TestCategory>
      <Execution id="30733ed9-a6dd-4e68-acbf-d981a881fc08" />
      <TestMethod codeBase="D:\actions-runner\_work\XPCO\XPCO\AllSolutions\..\SC\Components\RemoteViewer\SmartClient\tst\zSmartClient_UnitTest\bin\x64\Debug\net6.0-windows\zSmartClient_UnitTest.dll" adapterTypeName="executor://mstestadapter/v2" className="SmartClient_UnitTest.VideoOS.RemoteClient.GisMapData.MapLayers.MicrophoneItemsMapLayerTests" name="OnIsVisiblePropertyChanged_ShouldDeactivateSoundOfAllUnmutedMicrophones_WhenHidingMicrophonesLayer" />
    </UnitTest>
    <UnitTest name="CanMoreRegionsBeAdded_ShouldReturnFalse_WhenMaximumRegionsAllowedIsReached" storage="d:\actions-runner\_work\xpco\xpco\allsolutions\..\sc\components\remoteviewer\smartclient\tst\zsmartclient_unittest\bin\x64\debug\net6.0-windows\zsmartclient_unittest.dll" id="ac0bff77-e4ee-0120-d789-0cc06032e8d1">
      <TestCategory>
        <TestCategoryItem TestCategory="Search.Filters.ViewModels" />
      </TestCategory>
      <Execution id="620cf103-c7e0-4369-a8b0-8b286c4d6e76" />
      <TestMethod codeBase="D:\actions-runner\_work\XPCO\XPCO\AllSolutions\..\SC\Components\RemoteViewer\SmartClient\tst\zSmartClient_UnitTest\bin\x64\Debug\net6.0-windows\zSmartClient_UnitTest.dll" adapterTypeName="executor://mstestadapter/v2" className="SmartClient_UnitTest.VideoOS.RemoteClient.Plugin.CentralizedSearch.MIPPlugin.Criteria.ViewModels.RegionSelectionCameraListItemHelperTests" name="CanMoreRegionsBeAdded_ShouldReturnFalse_WhenMaximumRegionsAllowedIsReached" />
    </UnitTest>
    <UnitTest name="MapCameraIcons_WhenMilestoneOemResource_ShouldReturnTenIcons" storage="d:\actions-runner\_work\xpco\xpco\allsolutions\..\sc\components\remoteviewer\smartclient\tst\zsmartclient_unittest\bin\x64\debug\net6.0-windows\zsmartclient_unittest.dll" id="3601e411-06fe-e014-7da4-87000446bebe">
      <Execution id="ec264174-a257-46e9-ac79-01d572e45bd4" />
      <TestMethod codeBase="D:\actions-runner\_work\XPCO\XPCO\AllSolutions\..\SC\Components\RemoteViewer\SmartClient\tst\zSmartClient_UnitTest\bin\x64\Debug\net6.0-windows\zSmartClient_UnitTest.dll" adapterTypeName="executor://mstestadapter/v2" className="SmartClient_UnitTest.VideoOS.RemoteClient.Application.Controllers.OemResourceControllerTest" name="MapCameraIcons_WhenMilestoneOemResource_ShouldReturnTenIcons" />
    </UnitTest>
    <UnitTest name="Decorate_ShouldNotAddChildren_WhenLayerVisibilityItemDataHasANonCameraLayer" storage="d:\actions-runner\_work\xpco\xpco\allsolutions\..\sc\components\remoteviewer\smartclient\tst\zsmartclient_unittest\bin\x64\debug\net6.0-windows\zsmartclient_unittest.dll" id="d35bc711-77c3-11d0-bc06-2b27557cb244">
      <TestCategory>
        <TestCategoryItem TestCategory="GisMap.LayerVisibilityItemDataChildrenViewZoneDecoratorTests" />
      </TestCategory>
      <Execution id="882b2a3e-57e5-4c0f-9028-f4e596ae5ac4" />
      <TestMethod codeBase="D:\actions-runner\_work\XPCO\XPCO\AllSolutions\..\SC\Components\RemoteViewer\SmartClient\tst\zSmartClient_UnitTest\bin\x64\Debug\net6.0-windows\zSmartClient_UnitTest.dll" adapterTypeName="executor://mstestadapter/v2" className="SmartClient_UnitTest.VideoOS.RemoteClient.Plugin.GisMap.ViewModels.LayersVisibility.Decorators.LayerVisibilityItemDataChildrenViewZoneDecoratorTests" name="Decorate_ShouldNotAddChildren_WhenLayerVisibilityItemDataHasANonCameraLayer" />
    </UnitTest>
    <UnitTest name="ValidateExportName_ShouldReturnFailResult_InvalidCharactersInExportName (1213*)" storage="d:\actions-runner\_work\xpco\xpco\allsolutions\..\sc\components\remoteviewer\smartclient\tst\zsmartclient_unittest\bin\x64\debug\net6.0-windows\zsmartclient_unittest.dll" id="c964705f-6969-fef5-5dde-bc78d56a598a">
      <TestCategory>
        <TestCategoryItem TestCategory="Export" />
      </TestCategory>
      <Execution id="57ce2228-f87a-4be8-88af-5e4119c0d75f" />
      <TestMethod codeBase="D:\actions-runner\_work\XPCO\XPCO\AllSolutions\..\SC\Components\RemoteViewer\SmartClient\tst\zSmartClient_UnitTest\bin\x64\Debug\net6.0-windows\zSmartClient_UnitTest.dll" adapterTypeName="executor://mstestadapter/v2" className="SmartClient_UnitTest.VideoOS.RemoteClient.Plugin.Export.ExportDataValidatorTests" name="ValidateExportName_ShouldReturnFailResult_InvalidCharactersInExportName" />
    </UnitTest>
    <UnitTest name="SearchModelOnSearchResultsReady_NotOnUiThread_Success" storage="d:\actions-runner\_work\xpco\xpco\allsolutions\..\sc\components\remoteviewer\smartclient\tst\zsmartclient_unittest\bin\x64\debug\net6.0-windows\zsmartclient_unittest.dll" id="11e45243-c796-e305-ccb2-ad123da6b869">
      <TestCategory>
        <TestCategoryItem TestCategory="SearchViewModels" />
      </TestCategory>
      <Execution id="15e0f5bf-58d4-43f7-8f03-5b66247cd6a5" />
      <TestMethod codeBase="D:\actions-runner\_work\XPCO\XPCO\AllSolutions\..\SC\Components\RemoteViewer\SmartClient\tst\zSmartClient_UnitTest\bin\x64\Debug\net6.0-windows\zSmartClient_UnitTest.dll" adapterTypeName="executor://mstestadapter/v2" className="SmartClient_UnitTest.VideoOS.RemoteClient.Plugin.CentralizedSearch.ViewModels.SearchViewModelTests" name="SearchModelOnSearchResultsReady_NotOnUiThread_Success" />
    </UnitTest>
    <UnitTest name="UserName_ShouldThrow_InvalidOperationException_WhenConstructedUsingExternal" storage="d:\actions-runner\_work\xpco\xpco\allsolutions\..\sc\components\remoteviewer\smartclient\tst\zsmartclient_unittest\bin\x64\debug\net6.0-windows\zsmartclient_unittest.dll" id="96d03a8b-2bb7-344f-928f-f0c6a7f00e22">
      <TestCategory>
        <TestCategoryItem TestCategory="Authentication.ClientCredentials" />
      </TestCategory>
      <Execution id="3d6e3fcc-23d6-450b-8147-671c692cfaf8" />
      <TestMethod codeBase="D:\actions-runner\_work\XPCO\XPCO\AllSolutions\..\SC\Components\RemoteViewer\SmartClient\tst\zSmartClient_UnitTest\bin\x64\Debug\net6.0-windows\zSmartClient_UnitTest.dll" adapterTypeName="executor://mstestadapter/v2" className="SmartClient_UnitTest.VideoOS.Shared.ServerAPI.ClientCredentialsTest" name="UserName_ShouldThrow_InvalidOperationException_WhenConstructedUsingExternal" />
    </UnitTest>
    <UnitTest name="Reactivated_Success" storage="d:\actions-runner\_work\xpco\xpco\allsolutions\..\sc\components\remoteviewer\smartclient\tst\zsmartclient_unittest\bin\x64\debug\net6.0-windows\zsmartclient_unittest.dll" id="01b97152-1f28-3a19-acee-e24e8fccadd4">
      <TestCategory>
        <TestCategoryItem TestCategory="Search" />
      </TestCategory>
      <Execution id="595236db-cd41-43c7-972c-a29604886152" />
      <TestMethod codeBase="D:\actions-runner\_work\XPCO\XPCO\AllSolutions\..\SC\Components\RemoteViewer\SmartClient\tst\zSmartClient_UnitTest\bin\x64\Debug\net6.0-windows\zSmartClient_UnitTest.dll" adapterTypeName="executor://mstestadapter/v2" className="SmartClient_UnitTest.VideoOS.RemoteClient.Plugin.CentralizedSearch.CentralizedSearchContentHolderTests" name="Reactivated_Success" />
    </UnitTest>
    <UnitTest name="InputMapItem_ForceActivateAsync_InBuilding_MapLevelsNotLoaded_Success" storage="d:\actions-runner\_work\xpco\xpco\allsolutions\..\sc\components\remoteviewer\smartclient\tst\zsmartclient_unittest\bin\x64\debug\net6.0-windows\zsmartclient_unittest.dll" id="c733db05-5b7b-4d43-767f-ec9ea4306b0e">
      <TestCategory>
        <TestCategoryItem TestCategory="GisMapData.MapItem.Inputs" />
      </TestCategory>
      <Execution id="d4aa0bea-80d4-4107-8f0c-b78d1cc8fb82" />
      <TestMethod codeBase="D:\actions-runner\_work\XPCO\XPCO\AllSolutions\..\SC\Components\RemoteViewer\SmartClient\tst\zSmartClient_UnitTest\bin\x64\Debug\net6.0-windows\zSmartClient_UnitTest.dll" adapterTypeName="executor://mstestadapter/v2" className="SmartClient_UnitTest.VideoOS.RemoteClient.GisMapData.MapItem.Inputs.InputMapItemTests" name="InputMapItem_ForceActivateAsync_InBuilding_MapLevelsNotLoaded_Success" />
    </UnitTest>
    <UnitTest name="ShowSuccessToast_ShouldShowCorrectNumberOfToasts (1,1)" storage="d:\actions-runner\_work\xpco\xpco\allsolutions\..\sc\components\remoteviewer\smartclient\tst\zsmartclient_unittest\bin\x64\debug\net6.0-windows\zsmartclient_unittest.dll" id="f2e999d7-fcf7-7136-bb2b-42136c5b53f0">
      <TestCategory>
        <TestCategoryItem TestCategory="Managers" />
      </TestCategory>
      <Execution id="4e4fa473-38b4-4a20-bf53-a9833ee41cf1" />
      <TestMethod codeBase="D:\actions-runner\_work\XPCO\XPCO\AllSolutions\..\SC\Components\RemoteViewer\SmartClient\tst\zSmartClient_UnitTest\bin\x64\Debug\net6.0-windows\zSmartClient_UnitTest.dll" adapterTypeName="executor://mstestadapter/v2" className="SmartClient_UnitTest.VideoOS.RemoteClient.Application.Managers.ExportResultsNotificationHelperTests" name="ShowSuccessToast_ShouldShowCorrectNumberOfToasts" />
    </UnitTest>
    <UnitTest name="SelectionCountDisplayText_MultipleSelectedResults_ReturnsMultipleString" storage="d:\actions-runner\_work\xpco\xpco\allsolutions\..\sc\components\remoteviewer\smartclient\tst\zsmartclient_unittest\bin\x64\debug\net6.0-windows\zsmartclient_unittest.dll" id="a8a50f03-3329-f171-e632-4989e995a587">
      <TestCategory>
        <TestCategoryItem TestCategory="SearchResultActionBarViewModel" />
      </TestCategory>
      <Execution id="0fcc389c-666d-4a36-b91a-9a2f3e4c8297" />
      <TestMethod codeBase="D:\actions-runner\_work\XPCO\XPCO\AllSolutions\..\SC\Components\RemoteViewer\SmartClient\tst\zSmartClient_UnitTest\bin\x64\Debug\net6.0-windows\zSmartClient_UnitTest.dll" adapterTypeName="executor://mstestadapter/v2" className="SmartClient_UnitTest.VideoOS.RemoteClient.Plugin.CentralizedSearch.ViewModels.SearchResultsActionBarViewModelTest" name="SelectionCountDisplayText_MultipleSelectedResults_ReturnsMultipleString" />
    </UnitTest>
    <UnitTest name="SetFeatures_NonCameraMapItemsLayer_ArgumentException" storage="d:\actions-runner\_work\xpco\xpco\allsolutions\..\sc\components\remoteviewer\smartclient\tst\zsmartclient_unittest\bin\x64\debug\net6.0-windows\zsmartclient_unittest.dll" id="f52b7516-be31-9d30-cb41-04f4b2fe00bf">
      <TestCategory>
        <TestCategoryItem TestCategory="GisMap" />
      </TestCategory>
      <Execution id="203bbf5e-739c-4ccf-a481-eb49fb800fe3" />
      <TestMethod codeBase="D:\actions-runner\_work\XPCO\XPCO\AllSolutions\..\SC\Components\RemoteViewer\SmartClient\tst\zSmartClient_UnitTest\bin\x64\Debug\net6.0-windows\zSmartClient_UnitTest.dll" adapterTypeName="executor://mstestadapter/v2" className="SmartClient_UnitTest.VideoOS.RemoteClient.GisMapData.GisMapBasicTests" name="SetFeatures_NonCameraMapItemsLayer_ArgumentException" />
    </UnitTest>
    <UnitTest name="TwentyFourHours_Success" storage="d:\actions-runner\_work\xpco\xpco\allsolutions\..\sc\components\remoteviewer\smartclient\tst\zsmartclient_unittest\bin\x64\debug\net6.0-windows\zsmartclient_unittest.dll" id="91b2687b-d336-be96-6484-dd3e01d48bcc">
      <TestCategory>
        <TestCategoryItem TestCategory="Search" />
      </TestCategory>
      <Execution id="53bb1acc-aa10-4a93-8cf9-d2192f6ba2ef" />
      <TestMethod codeBase="D:\actions-runner\_work\XPCO\XPCO\AllSolutions\..\SC\Components\RemoteViewer\SmartClient\tst\zSmartClient_UnitTest\bin\x64\Debug\net6.0-windows\zSmartClient_UnitTest.dll" adapterTypeName="executor://mstestadapter/v2" className="SmartClient_UnitTest.VideoOS.RemoteClient.Plugin.CentralizedSearch.Models.ScopeDurationTests" name="TwentyFourHours_Success" />
    </UnitTest>
    <UnitTest name="HandleGetDeviceData_ShouldReturnMicrophoneData_WhenMicrophoneKindAndExistingMicrophoneId" storage="d:\actions-runner\_work\xpco\xpco\allsolutions\..\sc\components\remoteviewer\smartclient\tst\zsmartclient_unittest\bin\x64\debug\net6.0-windows\zsmartclient_unittest.dll" id="fb103779-d04c-1686-3285-367738634a78">
      <TestCategory>
        <TestCategoryItem TestCategory="GisMap.Handlers.Devices.MapItems" />
      </TestCategory>
      <Execution id="cd69c52f-b65d-42d2-9385-8c39cd92cb01" />
      <TestMethod codeBase="D:\actions-runner\_work\XPCO\XPCO\AllSolutions\..\SC\Components\RemoteViewer\SmartClient\tst\zSmartClient_UnitTest\bin\x64\Debug\net6.0-windows\zSmartClient_UnitTest.dll" adapterTypeName="executor://mstestadapter/v2" className="SmartClient_UnitTest.VideoOS.RemoteClient.Plugin.GisMap.Handlers.Devices.MapItems.MicrophoneDataHandlerTests" name="HandleGetDeviceData_ShouldReturnMicrophoneData_WhenMicrophoneKindAndExistingMicrophoneId" />
    </UnitTest>
    <UnitTest name="AddSelectedWindowsToExport_ShouldAddToExportData (0)" storage="d:\actions-runner\_work\xpco\xpco\allsolutions\..\sc\components\remoteviewer\smartclient\tst\zsmartclient_unittest\bin\x64\debug\net6.0-windows\zsmartclient_unittest.dll" id="122455fe-79f5-1209-2010-58a75f33896d">
      <TestCategory>
        <TestCategoryItem TestCategory="Managers" />
      </TestCategory>
      <Execution id="1660c9a5-1391-40a9-a52f-896de477db0e" />
      <TestMethod codeBase="D:\actions-runner\_work\XPCO\XPCO\AllSolutions\..\SC\Components\RemoteViewer\SmartClient\tst\zSmartClient_UnitTest\bin\x64\Debug\net6.0-windows\zSmartClient_UnitTest.dll" adapterTypeName="executor://mstestadapter/v2" className="SmartClient_UnitTest.VideoOS.RemoteClient.Application.Managers.ExportManagerTests" name="AddSelectedWindowsToExport_ShouldAddToExportData" />
    </UnitTest>
    <UnitTest name="AddCriteriaCommand_SearchAttributeCategoryNull" storage="d:\actions-runner\_work\xpco\xpco\allsolutions\..\sc\components\remoteviewer\smartclient\tst\zsmartclient_unittest\bin\x64\debug\net6.0-windows\zsmartclient_unittest.dll" id="8803b728-b3cd-d0f6-6a9a-d85dc1ecbb9f">
      <TestCategory>
        <TestCategoryItem TestCategory="SearchViewModels" />
      </TestCategory>
      <Execution id="02e65608-c381-4ddf-bfeb-cf7248343240" />
      <TestMethod codeBase="D:\actions-runner\_work\XPCO\XPCO\AllSolutions\..\SC\Components\RemoteViewer\SmartClient\tst\zSmartClient_UnitTest\bin\x64\Debug\net6.0-windows\zSmartClient_UnitTest.dll" adapterTypeName="executor://mstestadapter/v2" className="SmartClient_UnitTest.VideoOS.RemoteClient.Plugin.CentralizedSearch.ViewModels.SearchViewModelTests" name="AddCriteriaCommand_SearchAttributeCategoryNull" />
    </UnitTest>
    <UnitTest name="Convert_ShouldReturnFalse_WhenValueIsNull" storage="d:\actions-runner\_work\xpco\xpco\allsolutions\..\sc\components\remoteviewer\smartclient\tst\zsmartclient_unittest\bin\x64\debug\net6.0-windows\zsmartclient_unittest.dll" id="d59c7867-81fa-72b0-e0e7-f75e74dd41dd">
      <TestCategory>
        <TestCategoryItem TestCategory="GisMap.InteractionStateConverter" />
      </TestCategory>
      <Execution id="da7b550a-d131-4369-aacf-40bb6654ccbe" />
      <TestMethod codeBase="D:\actions-runner\_work\XPCO\XPCO\AllSolutions\..\SC\Components\RemoteViewer\SmartClient\tst\zSmartClient_UnitTest\bin\x64\Debug\net6.0-windows\zSmartClient_UnitTest.dll" adapterTypeName="executor://mstestadapter/v2" className="SmartClient_UnitTest.VideoOS.RemoteClient.Plugin.GisMap.View.InteractionStateConverterTests" name="Convert_ShouldReturnFalse_WhenValueIsNull" />
    </UnitTest>
    <UnitTest name="Constructor_ShouldThrowArgumentNullException_WhenServerConfigurationIsNull" storage="d:\actions-runner\_work\xpco\xpco\allsolutions\..\sc\components\remoteviewer\smartclient\tst\zsmartclient_unittest\bin\x64\debug\net6.0-windows\zsmartclient_unittest.dll" id="a65d3f02-ca6d-a89f-9465-6c592d8f6d71">
      <Execution id="b2803626-5fe9-4c45-9096-76ce46dff9d6" />
      <TestMethod codeBase="D:\actions-runner\_work\XPCO\XPCO\AllSolutions\..\SC\Components\RemoteViewer\SmartClient\tst\zSmartClient_UnitTest\bin\x64\Debug\net6.0-windows\zSmartClient_UnitTest.dll" adapterTypeName="executor://mstestadapter/v2" className="SmartClient_UnitTest.VideoOS.RemoteClient.Application.UI.Settings.SettingsDialogViewModelTests" name="Constructor_ShouldThrowArgumentNullException_WhenServerConfigurationIsNull" />
    </UnitTest>
    <UnitTest name="UpdateScope_RelativeScopeDurationToTimeChanged_ReturnsFalse" storage="d:\actions-runner\_work\xpco\xpco\allsolutions\..\sc\components\remoteviewer\smartclient\tst\zsmartclient_unittest\bin\x64\debug\net6.0-windows\zsmartclient_unittest.dll" id="d47eb9ec-3b5d-0e31-8fe7-d1a0340bf1c0">
      <TestCategory>
        <TestCategoryItem TestCategory="SearchModels" />
      </TestCategory>
      <Execution id="662cd903-f030-452d-8e98-a83bf4bade48" />
      <TestMethod codeBase="D:\actions-runner\_work\XPCO\XPCO\AllSolutions\..\SC\Components\RemoteViewer\SmartClient\tst\zSmartClient_UnitTest\bin\x64\Debug\net6.0-windows\zSmartClient_UnitTest.dll" adapterTypeName="executor://mstestadapter/v2" className="SmartClient_UnitTest.VideoOS.RemoteClient.Plugin.CentralizedSearch.Models.SearchScopeTests" name="UpdateScope_RelativeScopeDurationToTimeChanged_ReturnsFalse" />
    </UnitTest>
    <UnitTest name="CameraMapItem_Select_WithAlarm_Activates_Related" storage="d:\actions-runner\_work\xpco\xpco\allsolutions\..\sc\components\remoteviewer\smartclient\tst\zsmartclient_unittest\bin\x64\debug\net6.0-windows\zsmartclient_unittest.dll" id="91442c7a-e900-c7e6-67e7-639e8a44931b">
      <TestCategory>
        <TestCategoryItem TestCategory="GisMapMapItem" />
      </TestCategory>
      <Execution id="b909423e-94c8-4042-a3d4-b1524727b7c8" />
      <TestMethod codeBase="D:\actions-runner\_work\XPCO\XPCO\AllSolutions\..\SC\Components\RemoteViewer\SmartClient\tst\zSmartClient_UnitTest\bin\x64\Debug\net6.0-windows\zSmartClient_UnitTest.dll" adapterTypeName="executor://mstestadapter/v2" className="SmartClient_UnitTest.VideoOS.RemoteClient.GisMap.MapItem.MapItemTests" name="CameraMapItem_Select_WithAlarm_Activates_Related" />
    </UnitTest>
    <UnitTest name="TestImplicitOperator_Position2D_Success" storage="d:\actions-runner\_work\xpco\xpco\allsolutions\..\sc\components\remoteviewer\smartclient\tst\zsmartclient_unittest\bin\x64\debug\net6.0-windows\zsmartclient_unittest.dll" id="f27b2734-7e6c-c464-7643-e40625bfd46a">
      <Execution id="edea9222-76a9-423f-aca4-4a13de495013" />
      <TestMethod codeBase="D:\actions-runner\_work\XPCO\XPCO\AllSolutions\..\SC\Components\RemoteViewer\SmartClient\tst\zSmartClient_UnitTest\bin\x64\Debug\net6.0-windows\zSmartClient_UnitTest.dll" adapterTypeName="executor://mstestadapter/v2" className="SmartClient_UnitTest.VideoOS.RemoteClient.GisMap.Common.MapPoint2DTest" name="TestImplicitOperator_Position2D_Success" />
    </UnitTest>
    <UnitTest name="TestReadXmlCreated" storage="d:\actions-runner\_work\xpco\xpco\allsolutions\..\sc\components\remoteviewer\smartclient\tst\zsmartclient_unittest\bin\x64\debug\net6.0-windows\zsmartclient_unittest.dll" id="6847ebb6-e732-c391-be2d-0bdf0abaf563">
      <Execution id="b5393611-6e77-4937-8b95-e9fb6bc7bbbf" />
      <TestMethod codeBase="D:\actions-runner\_work\XPCO\XPCO\AllSolutions\..\SC\Components\RemoteViewer\SmartClient\tst\zSmartClient_UnitTest\bin\x64\Debug\net6.0-windows\zSmartClient_UnitTest.dll" adapterTypeName="executor://mstestadapter/v2" className="SmartClient_UnitTest.VideoOS.RemoteClient.Application.Data.Retrievals.RetrievalMetadataTest" name="TestReadXmlCreated" />
    </UnitTest>
    <UnitTest name="IsCamera_ShouldReturnTrue_WhenSingleCameraGourpSelected" storage="d:\actions-runner\_work\xpco\xpco\allsolutions\..\sc\components\remoteviewer\smartclient\tst\zsmartclient_unittest\bin\x64\debug\net6.0-windows\zsmartclient_unittest.dll" id="e8fbfc8d-82fa-6534-4e95-6007f14b30c3">
      <Execution id="9deca2dd-85a4-48ce-a4aa-a4d916be1080" />
      <TestMethod codeBase="D:\actions-runner\_work\XPCO\XPCO\AllSolutions\..\SC\Components\RemoteViewer\SmartClient\tst\zSmartClient_UnitTest\bin\x64\Debug\net6.0-windows\zSmartClient_UnitTest.dll" adapterTypeName="executor://mstestadapter/v2" className="SmartClient_UnitTest.VideoOS.RemoteClient.Application.Data.ContentTypes.ReportingContentType.DashboardExtentionsTest" name="IsCamera_ShouldReturnTrue_WhenSingleCameraGourpSelected" />
    </UnitTest>
    <UnitTest name="GetDeactivatedOutputIconId_ShouldReturnValidDeactivatedOutputIconId_WhenValidActivatedOutputIconIdIsProvided" storage="d:\actions-runner\_work\xpco\xpco\allsolutions\..\sc\components\remoteviewer\smartclient\tst\zsmartclient_unittest\bin\x64\debug\net6.0-windows\zsmartclient_unittest.dll" id="3cc1b7a3-6a23-5d4a-8d17-b87aa291e5cf">
      <TestCategory>
        <TestCategoryItem TestCategory="GisMapData.OutputOemResourcesProviderTests" />
      </TestCategory>
      <Execution id="893e05e2-9a0f-4bfd-a65d-98a69989d315" />
      <TestMethod codeBase="D:\actions-runner\_work\XPCO\XPCO\AllSolutions\..\SC\Components\RemoteViewer\SmartClient\tst\zSmartClient_UnitTest\bin\x64\Debug\net6.0-windows\zSmartClient_UnitTest.dll" adapterTypeName="executor://mstestadapter/v2" className="SmartClient_UnitTest.VideoOS.RemoteClient.GisMapData.Resources.OutputOemResourcesProviderTests" name="GetDeactivatedOutputIconId_ShouldReturnValidDeactivatedOutputIconId_WhenValidActivatedOutputIconIdIsProvided" />
    </UnitTest>
    <UnitTest name="DisplayErrorOnNotificationArea_NoItemsSupportedSearchError_Success" storage="d:\actions-runner\_work\xpco\xpco\allsolutions\..\sc\components\remoteviewer\smartclient\tst\zsmartclient_unittest\bin\x64\debug\net6.0-windows\zsmartclient_unittest.dll" id="5c82a30b-ee73-73a7-ae23-b19a1b7c7820">
      <TestCategory>
        <TestCategoryItem TestCategory="SearchViewModels" />
      </TestCategory>
      <Execution id="a109a672-6b28-4f58-bd8a-255acdffe8fb" />
      <TestMethod codeBase="D:\actions-runner\_work\XPCO\XPCO\AllSolutions\..\SC\Components\RemoteViewer\SmartClient\tst\zSmartClient_UnitTest\bin\x64\Debug\net6.0-windows\zSmartClient_UnitTest.dll" adapterTypeName="executor://mstestadapter/v2" className="SmartClient_UnitTest.VideoOS.RemoteClient.Plugin.CentralizedSearch.ViewModels.SearchViewModelTests" name="DisplayErrorOnNotificationArea_NoItemsSupportedSearchError_Success" />
    </UnitTest>
    <UnitTest name="AddSelectedCameras_WithActiveSearchTemplateAndValidCamera_ActiveSearchTemplateModifiedSet" storage="d:\actions-runner\_work\xpco\xpco\allsolutions\..\sc\components\remoteviewer\smartclient\tst\zsmartclient_unittest\bin\x64\debug\net6.0-windows\zsmartclient_unittest.dll" id="432a45cf-3feb-7030-7c65-5254973ebb20">
      <TestCategory>
        <TestCategoryItem TestCategory="SearchViewModels" />
      </TestCategory>
      <Execution id="ff01ca53-7fe6-4b11-8cea-96a2fdd8bf8a" />
      <TestMethod codeBase="D:\actions-runner\_work\XPCO\XPCO\AllSolutions\..\SC\Components\RemoteViewer\SmartClient\tst\zSmartClient_UnitTest\bin\x64\Debug\net6.0-windows\zSmartClient_UnitTest.dll" adapterTypeName="executor://mstestadapter/v2" className="SmartClient_UnitTest.VideoOS.RemoteClient.Plugin.CentralizedSearch.ViewModels.SearchViewModelTests" name="AddSelectedCameras_WithActiveSearchTemplateAndValidCamera_ActiveSearchTemplateModifiedSet" />
    </UnitTest>
    <UnitTest name="MapOutputIcons_WhenMilestoneOemResource_ShouldReturnTwoIcons" storage="d:\actions-runner\_work\xpco\xpco\allsolutions\..\sc\components\remoteviewer\smartclient\tst\zsmartclient_unittest\bin\x64\debug\net6.0-windows\zsmartclient_unittest.dll" id="d2403e41-fe85-53e9-35b9-5ba516826082">
      <Execution id="35898b8a-1195-49fb-ac7d-324556a1ee2f" />
      <TestMethod codeBase="D:\actions-runner\_work\XPCO\XPCO\AllSolutions\..\SC\Components\RemoteViewer\SmartClient\tst\zSmartClient_UnitTest\bin\x64\Debug\net6.0-windows\zSmartClient_UnitTest.dll" adapterTypeName="executor://mstestadapter/v2" className="SmartClient_UnitTest.VideoOS.RemoteClient.Application.Controllers.OemResourceControllerTest" name="MapOutputIcons_WhenMilestoneOemResource_ShouldReturnTwoIcons" />
    </UnitTest>
    <UnitTest name="GetLayerFeatures_ShouldReturnInputLayerFeatures_WhenInputKind" storage="d:\actions-runner\_work\xpco\xpco\allsolutions\..\sc\components\remoteviewer\smartclient\tst\zsmartclient_unittest\bin\x64\debug\net6.0-windows\zsmartclient_unittest.dll" id="fde63fcf-969d-dfa6-38ad-696fd5d00bc2">
      <TestCategory>
        <TestCategoryItem TestCategory="GisMapData.Controllers.LayerFeatures" />
      </TestCategory>
      <Execution id="2cc8afce-2bd2-43f4-a1d5-7bb2690cd9c7" />
      <TestMethod codeBase="D:\actions-runner\_work\XPCO\XPCO\AllSolutions\..\SC\Components\RemoteViewer\SmartClient\tst\zSmartClient_UnitTest\bin\x64\Debug\net6.0-windows\zSmartClient_UnitTest.dll" adapterTypeName="executor://mstestadapter/v2" className="SmartClient_UnitTest.VideoOS.RemoteClient.GisMapData.Controllers.LayerFeatures.LayerFeaturesControllerTests" name="GetLayerFeatures_ShouldReturnInputLayerFeatures_WhenInputKind" />
    </UnitTest>
    <UnitTest name="BuildContentOptions_ShouldReturnCorrectWorkspaceName (00000000-0000-0000-0000-000000000000,Default title,00000000-0000-0000-0000-000000000000)" storage="d:\actions-runner\_work\xpco\xpco\allsolutions\..\sc\components\remoteviewer\smartclient\tst\zsmartclient_unittest\bin\x64\debug\net6.0-windows\zsmartclient_unittest.dll" id="652f52e4-9689-ca02-1038-58cbd6e682e8">
      <Execution id="869f7d6a-68f6-44d3-ad6c-6d11345105ad" />
      <TestMethod codeBase="D:\actions-runner\_work\XPCO\XPCO\AllSolutions\..\SC\Components\RemoteViewer\SmartClient\tst\zSmartClient_UnitTest\bin\x64\Debug\net6.0-windows\zSmartClient_UnitTest.dll" adapterTypeName="executor://mstestadapter/v2" className="SmartClient_UnitTest.VideoOS.RemoteClient.Application.Common.Telemetry.TelemetryBuilderTests" name="BuildContentOptions_ShouldReturnCorrectWorkspaceName" />
    </UnitTest>
    <UnitTest name="SupportsRightClick_ShouldBeTrue_WhenInteractionStateIsNormal" storage="d:\actions-runner\_work\xpco\xpco\allsolutions\..\sc\components\remoteviewer\smartclient\tst\zsmartclient_unittest\bin\x64\debug\net6.0-windows\zsmartclient_unittest.dll" id="10dd7bf8-f28a-4f0c-1dc0-23b4c2def703">
      <TestCategory>
        <TestCategoryItem TestCategory="GisMap.OutputMarkerTest" />
      </TestCategory>
      <Execution id="94a9693d-4c2e-4715-8639-4a3b5681a7ec" />
      <TestMethod codeBase="D:\actions-runner\_work\XPCO\XPCO\AllSolutions\..\SC\Components\RemoteViewer\SmartClient\tst\zSmartClient_UnitTest\bin\x64\Debug\net6.0-windows\zSmartClient_UnitTest.dll" adapterTypeName="executor://mstestadapter/v2" className="SmartClient_UnitTest.VideoOS.RemoteClient.Plugin.GisMap.ThinkGeoMap.Markers.DeviceMarkers.OutputMarker.OutputMarkerTests" name="SupportsRightClick_ShouldBeTrue_WhenInteractionStateIsNormal" />
    </UnitTest>
    <UnitTest name="PatrollingProfileListViewModel_CanExecuteDeleteProfile_Profile_Selected" storage="d:\actions-runner\_work\xpco\xpco\allsolutions\..\sc\components\remoteviewer\smartclient\tst\zsmartclient_unittest\bin\x64\debug\net6.0-windows\zsmartclient_unittest.dll" id="227dae21-47d4-ba20-0c10-f41a6c7e9f9c">
      <Execution id="f4384a80-3e45-4cf2-a797-302bf21c51e8" />
      <TestMethod codeBase="D:\actions-runner\_work\XPCO\XPCO\AllSolutions\..\SC\Components\RemoteViewer\SmartClient\tst\zSmartClient_UnitTest\bin\x64\Debug\net6.0-windows\zSmartClient_UnitTest.dll" adapterTypeName="executor://mstestadapter/v2" className="SmartClient_UnitTest.VideoOS.RemoteClient.Application.UI.PtzPreset.PatrollingViewModel.PatrollingProfileListViewModelTest" name="PatrollingProfileListViewModel_CanExecuteDeleteProfile_Profile_Selected" />
    </UnitTest>
    <UnitTest name="Ctor_NullControllerManager_Throws" storage="d:\actions-runner\_work\xpco\xpco\allsolutions\..\sc\components\remoteviewer\smartclient\tst\zsmartclient_unittest\bin\x64\debug\net6.0-windows\zsmartclient_unittest.dll" id="ae8385af-29cc-f7d5-51ff-84300db47ada">
      <TestCategory>
        <TestCategoryItem TestCategory="Search" />
      </TestCategory>
      <Execution id="7a652156-def1-4cf0-8413-e4c803b5d6d7" />
      <TestMethod codeBase="D:\actions-runner\_work\XPCO\XPCO\AllSolutions\..\SC\Components\RemoteViewer\SmartClient\tst\zSmartClient_UnitTest\bin\x64\Debug\net6.0-windows\zSmartClient_UnitTest.dll" adapterTypeName="executor://mstestadapter/v2" className="SmartClient_UnitTest.VideoOS.RemoteClient.Plugin.CentralizedSearch.ViewModels.SearchDefinitionViewModelTests" name="Ctor_NullControllerManager_Throws" />
    </UnitTest>
    <UnitTest name="CreateSearchDefinition_MultipleCalls_FactoryInvokedWithUniqueSearchManagers" storage="d:\actions-runner\_work\xpco\xpco\allsolutions\..\sc\components\remoteviewer\smartclient\tst\zsmartclient_unittest\bin\x64\debug\net6.0-windows\zsmartclient_unittest.dll" id="9d8dbace-9130-7ffd-4719-3c557ceeb743">
      <TestCategory>
        <TestCategoryItem TestCategory="Search" />
      </TestCategory>
      <Execution id="1dda49f0-99da-4c6f-84c3-433ad77ec9af" />
      <TestMethod codeBase="D:\actions-runner\_work\XPCO\XPCO\AllSolutions\..\SC\Components\RemoteViewer\SmartClient\tst\zSmartClient_UnitTest\bin\x64\Debug\net6.0-windows\zSmartClient_UnitTest.dll" adapterTypeName="executor://mstestadapter/v2" className="SmartClient_UnitTest.VideoOS.RemoteClient.Plugin.CentralizedSearch.MIPPlugin.CompositeSearchAgentTests" name="CreateSearchDefinition_MultipleCalls_FactoryInvokedWithUniqueSearchManagers" />
    </UnitTest>
    <UnitTest name="Decorate_ShouldRaiseArgumentNullException_WhenLayerVisibilityItemDataIsNull" storage="d:\actions-runner\_work\xpco\xpco\allsolutions\..\sc\components\remoteviewer\smartclient\tst\zsmartclient_unittest\bin\x64\debug\net6.0-windows\zsmartclient_unittest.dll" id="fd462d91-75b7-b364-0ac2-28f926aa5acd">
      <TestCategory>
        <TestCategoryItem TestCategory="GisMap.LayerVisibilityItemDataChildrenToggleItemDecoratorTests" />
      </TestCategory>
      <Execution id="168f8267-a8eb-4e3c-b129-99d6ad2b7adb" />
      <TestMethod codeBase="D:\actions-runner\_work\XPCO\XPCO\AllSolutions\..\SC\Components\RemoteViewer\SmartClient\tst\zSmartClient_UnitTest\bin\x64\Debug\net6.0-windows\zSmartClient_UnitTest.dll" adapterTypeName="executor://mstestadapter/v2" className="SmartClient_UnitTest.VideoOS.RemoteClient.Plugin.GisMap.ViewModels.LayersVisibility.Decorators.LayerVisibilityItemDataChildrenToggleItemDecoratorTests" name="Decorate_ShouldRaiseArgumentNullException_WhenLayerVisibilityItemDataIsNull" />
    </UnitTest>
    <UnitTest name="Convert_ShouldRaiseInvalidCastException_WhenValueIsNotAnInteractionState" storage="d:\actions-runner\_work\xpco\xpco\allsolutions\..\sc\components\remoteviewer\smartclient\tst\zsmartclient_unittest\bin\x64\debug\net6.0-windows\zsmartclient_unittest.dll" id="c30ded44-b30e-59c8-d179-eddc682c6ef5">
      <TestCategory>
        <TestCategoryItem TestCategory="GisMap.InteractionStateConverter" />
      </TestCategory>
      <Execution id="e4f4357e-2076-4bb0-bda3-cdd3f83d7a53" />
      <TestMethod codeBase="D:\actions-runner\_work\XPCO\XPCO\AllSolutions\..\SC\Components\RemoteViewer\SmartClient\tst\zSmartClient_UnitTest\bin\x64\Debug\net6.0-windows\zSmartClient_UnitTest.dll" adapterTypeName="executor://mstestadapter/v2" className="SmartClient_UnitTest.VideoOS.RemoteClient.Plugin.GisMap.View.InteractionStateConverterTests" name="Convert_ShouldRaiseInvalidCastException_WhenValueIsNotAnInteractionState" />
    </UnitTest>
    <UnitTest name="SearchResultCombineType_ShouldNotStartSearch_WhenValueDoesNotChanges" storage="d:\actions-runner\_work\xpco\xpco\allsolutions\..\sc\components\remoteviewer\smartclient\tst\zsmartclient_unittest\bin\x64\debug\net6.0-windows\zsmartclient_unittest.dll" id="1189299d-d6c8-7716-1cc1-5c418c696590">
      <TestCategory>
        <TestCategoryItem TestCategory="SearchViewModels" />
      </TestCategory>
      <Execution id="f08b383c-13d5-4953-a05a-b8ed5f2d0e64" />
      <TestMethod codeBase="D:\actions-runner\_work\XPCO\XPCO\AllSolutions\..\SC\Components\RemoteViewer\SmartClient\tst\zSmartClient_UnitTest\bin\x64\Debug\net6.0-windows\zSmartClient_UnitTest.dll" adapterTypeName="executor://mstestadapter/v2" className="SmartClient_UnitTest.VideoOS.RemoteClient.Plugin.CentralizedSearch.ViewModels.SearchViewModelTests" name="SearchResultCombineType_ShouldNotStartSearch_WhenValueDoesNotChanges" />
    </UnitTest>
    <UnitTest name="FetchDeviceConfiguration_ShouldNotLoadCache_WhenCacheFileIsPresentButFetchTypeIsOnlyServer" storage="d:\actions-runner\_work\xpco\xpco\allsolutions\..\sc\components\remoteviewer\smartclient\tst\zsmartclient_unittest\bin\x64\debug\net6.0-windows\zsmartclient_unittest.dll" id="e6a27a32-2825-5e2a-a774-c78b32a20322">
      <Execution id="38c44ea3-3044-4c8a-8b73-9f65339aaa82" />
      <TestMethod codeBase="D:\actions-runner\_work\XPCO\XPCO\AllSolutions\..\SC\Components\RemoteViewer\SmartClient\tst\zSmartClient_UnitTest\bin\x64\Debug\net6.0-windows\zSmartClient_UnitTest.dll" adapterTypeName="executor://mstestadapter/v2" className="SmartClient_UnitTest.VideoOS.RemoteClient.Application.Controllers.Helpers.DeviceConfigurationFetcherTests" name="FetchDeviceConfiguration_ShouldNotLoadCache_WhenCacheFileIsPresentButFetchTypeIsOnlyServer" />
    </UnitTest>
    <UnitTest name="IsProductionEnvironment_ShouldReturnCorrectValue (,True)" storage="d:\actions-runner\_work\xpco\xpco\allsolutions\..\sc\components\remoteviewer\smartclient\tst\zsmartclient_unittest\bin\x64\debug\net6.0-windows\zsmartclient_unittest.dll" id="11fef51e-1413-6166-5290-53a01cd14134">
      <Execution id="242293e5-317b-44c2-96e5-8dbf901812e3" />
      <TestMethod codeBase="D:\actions-runner\_work\XPCO\XPCO\AllSolutions\..\SC\Components\RemoteViewer\SmartClient\tst\zSmartClient_UnitTest\bin\x64\Debug\net6.0-windows\zSmartClient_UnitTest.dll" adapterTypeName="executor://mstestadapter/v2" className="SmartClient_UnitTest.VideoOS.RemoteClient.Application.Common.Telemetry.TelemetryKeyProviderTests" name="IsProductionEnvironment_ShouldReturnCorrectValue" />
    </UnitTest>
    <UnitTest name="UpdateWorkspaceToolbarItemsState_ShouldUpdateToolbarItemState_WhenWorkspaceStateChanges" storage="d:\actions-runner\_work\xpco\xpco\allsolutions\..\sc\components\remoteviewer\smartclient\tst\zsmartclient_unittest\bin\x64\debug\net6.0-windows\zsmartclient_unittest.dll" id="6ce0ebd1-2fbb-36d1-63ea-8fff8a05554e">
      <TestCategory>
        <TestCategoryItem TestCategory="WorkspaceToolbar" />
      </TestCategory>
      <Execution id="23ca7018-626f-4576-9b63-bda0e4888b4b" />
      <TestMethod codeBase="D:\actions-runner\_work\XPCO\XPCO\AllSolutions\..\SC\Components\RemoteViewer\SmartClient\tst\zSmartClient_UnitTest\bin\x64\Debug\net6.0-windows\zSmartClient_UnitTest.dll" adapterTypeName="executor://mstestadapter/v2" className="SmartClient_UnitTest.VideoOS.RemoteClient.Application.UI.Content.WorkspaceToolbar.MIPWorkspaceToolbarItemManagerTests" name="UpdateWorkspaceToolbarItemsState_ShouldUpdateToolbarItemState_WhenWorkspaceStateChanges" />
    </UnitTest>
    <UnitTest name="GetGuidProviderStrategyByEventServerId_ShouldReturnOneMd5Strategy_WhenEventServerIdIsNonFipsCompliant" storage="d:\actions-runner\_work\xpco\xpco\allsolutions\..\sc\components\remoteviewer\smartclient\tst\zsmartclient_unittest\bin\x64\debug\net6.0-windows\zsmartclient_unittest.dll" id="fefc1ca8-7f95-c638-84b7-b1c00b90c427">
      <TestCategory>
        <TestCategoryItem TestCategory="AccessControl.Services" />
      </TestCategory>
      <Execution id="ed1caa89-a3fc-4eb7-9d14-02238ecbdf0b" />
      <TestMethod codeBase="D:\actions-runner\_work\XPCO\XPCO\AllSolutions\..\SC\Components\RemoteViewer\SmartClient\tst\zSmartClient_UnitTest\bin\x64\Debug\net6.0-windows\zSmartClient_UnitTest.dll" adapterTypeName="executor://mstestadapter/v2" className="SmartClient_UnitTest.VideoOS.RemoteClient.AccessControl.Services.AccessControlGuidProviderTests" name="GetGuidProviderStrategyByEventServerId_ShouldReturnOneMd5Strategy_WhenEventServerIdIsNonFipsCompliant" />
    </UnitTest>
    <UnitTest name="GetUserName_ShouldReturnUserNamePartOfNetworkCredentials_WhenNetworkCredentialsContainsAUserName" storage="d:\actions-runner\_work\xpco\xpco\allsolutions\..\sc\components\remoteviewer\smartclient\tst\zsmartclient_unittest\bin\x64\debug\net6.0-windows\zsmartclient_unittest.dll" id="c6be3c70-f05e-da41-cdde-2e744b71ec65">
      <TestCategory>
        <TestCategoryItem TestCategory="Authentication.ClientCredentials" />
      </TestCategory>
      <Execution id="bfeb1a32-761c-44f5-aeb2-af3c24905bf4" />
      <TestMethod codeBase="D:\actions-runner\_work\XPCO\XPCO\AllSolutions\..\SC\Components\RemoteViewer\SmartClient\tst\zSmartClient_UnitTest\bin\x64\Debug\net6.0-windows\zSmartClient_UnitTest.dll" adapterTypeName="executor://mstestadapter/v2" className="SmartClient_UnitTest.VideoOS.Shared.ServerAPI.ClientCredentialsTest" name="GetUserName_ShouldReturnUserNamePartOfNetworkCredentials_WhenNetworkCredentialsContainsAUserName" />
    </UnitTest>
    <UnitTest name="Parse_Success" storage="d:\actions-runner\_work\xpco\xpco\allsolutions\..\sc\components\remoteviewer\smartclient\tst\zsmartclient_unittest\bin\x64\debug\net6.0-windows\zsmartclient_unittest.dll" id="56f5cfe7-c187-684a-c730-d4624e106c42">
      <Execution id="b3704757-1f03-4524-bd20-bb5bbe0f1e4a" />
      <TestMethod codeBase="D:\actions-runner\_work\XPCO\XPCO\AllSolutions\..\SC\Components\RemoteViewer\SmartClient\tst\zSmartClient_UnitTest\bin\x64\Debug\net6.0-windows\zSmartClient_UnitTest.dll" adapterTypeName="executor://mstestadapter/v2" className="SmartClient_UnitTest.VideoOS.RemoteClient.Application.PerformanceCounters.ConfigurationTests" name="Parse_Success" />
    </UnitTest>
    <UnitTest name="SearchCriteriaOnChanged_ShouldNotThrow_WhenNoRegionSelectionOrSmartSearchFilterValuesAdded" storage="d:\actions-runner\_work\xpco\xpco\allsolutions\..\sc\components\remoteviewer\smartclient\tst\zsmartclient_unittest\bin\x64\debug\net6.0-windows\zsmartclient_unittest.dll" id="63135864-bbed-7d2f-1686-fca6f6a9f030">
      <TestCategory>
        <TestCategoryItem TestCategory="Search.Wrappers" />
      </TestCategory>
      <Execution id="93b6f0fd-6a29-4169-a7f5-b62fa7f2ee75" />
      <TestMethod codeBase="D:\actions-runner\_work\XPCO\XPCO\AllSolutions\..\SC\Components\RemoteViewer\SmartClient\tst\zSmartClient_UnitTest\bin\x64\Debug\net6.0-windows\zSmartClient_UnitTest.dll" adapterTypeName="executor://mstestadapter/v2" className="SmartClient_UnitTest.VideoOS.RemoteClient.Plugin.CentralizedSearch.Models.Wrappers.SearchDefinitionWrapperTests" name="SearchCriteriaOnChanged_ShouldNotThrow_WhenNoRegionSelectionOrSmartSearchFilterValuesAdded" />
    </UnitTest>
    <UnitTest name="Execute_OkCommand_DialogResultReturnsTrue" storage="d:\actions-runner\_work\xpco\xpco\allsolutions\..\sc\components\remoteviewer\smartclient\tst\zsmartclient_unittest\bin\x64\debug\net6.0-windows\zsmartclient_unittest.dll" id="c277206d-3ad5-99fa-fd35-5b55265763de">
      <Execution id="6253806b-5598-4644-8a1c-1fb7a9bf4ddb" />
      <TestMethod codeBase="D:\actions-runner\_work\XPCO\XPCO\AllSolutions\..\SC\Components\RemoteViewer\SmartClient\tst\zSmartClient_UnitTest\bin\x64\Debug\net6.0-windows\zSmartClient_UnitTest.dll" adapterTypeName="executor://mstestadapter/v2" className="SmartClient_UnitTest.VideoOS.RemoteClient.Application.UI.Common.MessageBoxWithList.MessageBoxWithListViewModelTests" name="Execute_OkCommand_DialogResultReturnsTrue" />
    </UnitTest>
    <UnitTest name="ToSafeName_MultpleUnsafeName_Success" storage="d:\actions-runner\_work\xpco\xpco\allsolutions\..\sc\components\remoteviewer\smartclient\tst\zsmartclient_unittest\bin\x64\debug\net6.0-windows\zsmartclient_unittest.dll" id="c0babfb5-0c51-8e86-82e8-b342920c9494">
      <Execution id="099ba23c-43e1-4cf9-813a-64fbe8a098a3" />
      <TestMethod codeBase="D:\actions-runner\_work\XPCO\XPCO\AllSolutions\..\SC\Components\RemoteViewer\SmartClient\tst\zSmartClient_UnitTest\bin\x64\Debug\net6.0-windows\zSmartClient_UnitTest.dll" adapterTypeName="executor://mstestadapter/v2" className="SmartClient_UnitTest.VideoOS.RemoteClient.Application.Common.Scripting.ReservedJavascriptKeywordsTests" name="ToSafeName_MultpleUnsafeName_Success" />
    </UnitTest>
    <UnitTest name="Ctor_NullCaption_ThrowsException" storage="d:\actions-runner\_work\xpco\xpco\allsolutions\..\sc\components\remoteviewer\smartclient\tst\zsmartclient_unittest\bin\x64\debug\net6.0-windows\zsmartclient_unittest.dll" id="935f9d23-02e5-8e42-a5d2-10f08e3ce4fe">
      <Execution id="e56bd3e5-e1ff-4d8a-b7df-f229bf7fd9be" />
      <TestMethod codeBase="D:\actions-runner\_work\XPCO\XPCO\AllSolutions\..\SC\Components\RemoteViewer\SmartClient\tst\zSmartClient_UnitTest\bin\x64\Debug\net6.0-windows\zSmartClient_UnitTest.dll" adapterTypeName="executor://mstestadapter/v2" className="SmartClient_UnitTest.VideoOS.RemoteClient.Application.UI.Common.MessageBoxWithList.MessageBoxWithListViewModelTests" name="Ctor_NullCaption_ThrowsException" />
    </UnitTest>
    <UnitTest name="HandleGetDeviceData_ShouldReturnCameraData_WhenCameraKindAndExistingCameraId" storage="d:\actions-runner\_work\xpco\xpco\allsolutions\..\sc\components\remoteviewer\smartclient\tst\zsmartclient_unittest\bin\x64\debug\net6.0-windows\zsmartclient_unittest.dll" id="06d7b27d-6e66-2e53-04a1-64a9308dafcb">
      <TestCategory>
        <TestCategoryItem TestCategory="GisMap.Handlers.Devices.MapItems" />
      </TestCategory>
      <Execution id="afa8c7ed-b062-403f-acef-8027c1dc9a7c" />
      <TestMethod codeBase="D:\actions-runner\_work\XPCO\XPCO\AllSolutions\..\SC\Components\RemoteViewer\SmartClient\tst\zSmartClient_UnitTest\bin\x64\Debug\net6.0-windows\zSmartClient_UnitTest.dll" adapterTypeName="executor://mstestadapter/v2" className="SmartClient_UnitTest.VideoOS.RemoteClient.Plugin.GisMap.Handlers.Devices.MapItems.CameraDataHandlerTests" name="HandleGetDeviceData_ShouldReturnCameraData_WhenCameraKindAndExistingCameraId" />
    </UnitTest>
    <UnitTest name="TestUpdateState_3NonCamera" storage="d:\actions-runner\_work\xpco\xpco\allsolutions\..\sc\components\remoteviewer\smartclient\tst\zsmartclient_unittest\bin\x64\debug\net6.0-windows\zsmartclient_unittest.dll" id="da571dbb-0f8b-5648-4221-79651d811e25">
      <TestCategory>
        <TestCategoryItem TestCategory="WorkspaceToolbar" />
      </TestCategory>
      <Execution id="1cf64bbc-b9f3-4639-9799-3a4c8e0c4b31" />
      <TestMethod codeBase="D:\actions-runner\_work\XPCO\XPCO\AllSolutions\..\SC\Components\RemoteViewer\SmartClient\tst\zSmartClient_UnitTest\bin\x64\Debug\net6.0-windows\zSmartClient_UnitTest.dll" adapterTypeName="executor://mstestadapter/v2" className="SmartClient_UnitTest.VideoOS.RemoteClient.Application.Data.WorkspaceToolbar.WorkspaceToolbarItemSmartSearchTests" name="TestUpdateState_3NonCamera" />
    </UnitTest>
    <UnitTest name="Deserialize_MissingItemKind_Error" storage="d:\actions-runner\_work\xpco\xpco\allsolutions\..\sc\components\remoteviewer\smartclient\tst\zsmartclient_unittest\bin\x64\debug\net6.0-windows\zsmartclient_unittest.dll" id="60c69ff5-89b2-197d-90c0-5219587cb80d">
      <TestCategory>
        <TestCategoryItem TestCategory="SearchSerialization" />
      </TestCategory>
      <Execution id="ddcafa71-704f-4d97-a74c-590f9b960a08" />
      <TestMethod codeBase="D:\actions-runner\_work\XPCO\XPCO\AllSolutions\..\SC\Components\RemoteViewer\SmartClient\tst\zSmartClient_UnitTest\bin\x64\Debug\net6.0-windows\zSmartClient_UnitTest.dll" adapterTypeName="executor://mstestadapter/v2" className="SmartClient_UnitTest.VideoOS.RemoteClient.Plugin.CentralizedSearch.Models.Serialization.SearchSerializerTests" name="Deserialize_MissingItemKind_Error" />
    </UnitTest>
    <UnitTest name="Tooltip_ShouldShowUnmuteText_WhenMicrophoneIsMutedOnLiveModeAndUserHasListenPermissions" storage="d:\actions-runner\_work\xpco\xpco\allsolutions\..\sc\components\remoteviewer\smartclient\tst\zsmartclient_unittest\bin\x64\debug\net6.0-windows\zsmartclient_unittest.dll" id="79e1afa4-43dc-dcc8-f757-ad97cc1a6215">
      <TestCategory>
        <TestCategoryItem TestCategory="GisMap.MicrophoneMarkerTest" />
      </TestCategory>
      <Execution id="01302214-2d4e-4022-9cbc-a2943e3d9813" />
      <TestMethod codeBase="D:\actions-runner\_work\XPCO\XPCO\AllSolutions\..\SC\Components\RemoteViewer\SmartClient\tst\zSmartClient_UnitTest\bin\x64\Debug\net6.0-windows\zSmartClient_UnitTest.dll" adapterTypeName="executor://mstestadapter/v2" className="SmartClient_UnitTest.VideoOS.RemoteClient.Plugin.GisMap.ThinkGeoMap.Markers.DeviceMarkers.MicrophoneMarker.MicrophoneMarkerTests" name="Tooltip_ShouldShowUnmuteText_WhenMicrophoneIsMutedOnLiveModeAndUserHasListenPermissions" />
    </UnitTest>
    <UnitTest name="GetCredential_ShouldThrowException_WhenUriIsNull" storage="d:\actions-runner\_work\xpco\xpco\allsolutions\..\sc\components\remoteviewer\smartclient\tst\zsmartclient_unittest\bin\x64\debug\net6.0-windows\zsmartclient_unittest.dll" id="a86403c6-a793-aab2-0ab7-ce467563d7d6">
      <TestCategory>
        <TestCategoryItem TestCategory="Authentication.ClientCredentials" />
      </TestCategory>
      <Execution id="675f26db-fcb5-441e-b4f6-bc2d622fff36" />
      <TestMethod codeBase="D:\actions-runner\_work\XPCO\XPCO\AllSolutions\..\SC\Components\RemoteViewer\SmartClient\tst\zSmartClient_UnitTest\bin\x64\Debug\net6.0-windows\zSmartClient_UnitTest.dll" adapterTypeName="executor://mstestadapter/v2" className="SmartClient_UnitTest.VideoOS.Shared.ServerAPI.ClientCredentialsTest" name="GetCredential_ShouldThrowException_WhenUriIsNull" />
    </UnitTest>
    <UnitTest name="Optics enabled, forced" storage="d:\actions-runner\_work\xpco\xpco\allsolutions\..\sc\components\remoteviewer\smartclient\tst\zsmartclient_unittest\bin\x64\debug\net6.0-windows\zsmartclient_unittest.dll" id="276b5f57-b83c-bd25-6650-6ee4475653b5">
      <TestCategory>
        <TestCategoryItem TestCategory="Export" />
      </TestCategory>
      <Execution id="656ce8a7-3faa-4e5d-be14-00b9102fa4ca" />
      <TestMethod codeBase="D:\actions-runner\_work\XPCO\XPCO\AllSolutions\..\SC\Components\RemoteViewer\SmartClient\tst\zSmartClient_UnitTest\bin\x64\Debug\net6.0-windows\zSmartClient_UnitTest.dll" adapterTypeName="executor://mstestadapter/v2" className="SmartClient_UnitTest.VideoOS.RemoteClient.Plugin.Export.CreateExportDialogViewModelTests" name="CreateExportDialog_ExportDestinationPreSelected_BasedOnOptions" />
    </UnitTest>
    <UnitTest name="Compare_NotNullVsNull_LessThan" storage="d:\actions-runner\_work\xpco\xpco\allsolutions\..\sc\components\remoteviewer\smartclient\tst\zsmartclient_unittest\bin\x64\debug\net6.0-windows\zsmartclient_unittest.dll" id="42e0893f-9727-8df7-fab4-99edc06f1ca2">
      <TestCategory>
        <TestCategoryItem TestCategory="SearchComparers" />
      </TestCategory>
      <Execution id="33acc1e5-94a4-4ab2-86dd-35e5ecea0e1d" />
      <TestMethod codeBase="D:\actions-runner\_work\XPCO\XPCO\AllSolutions\..\SC\Components\RemoteViewer\SmartClient\tst\zSmartClient_UnitTest\bin\x64\Debug\net6.0-windows\zSmartClient_UnitTest.dll" adapterTypeName="executor://mstestadapter/v2" className="SmartClient_UnitTest.VideoOS.RemoteClient.Plugin.CentralizedSearch.Models.Wrappers.Comparers.TriggerTimeComparerTests" name="Compare_NotNullVsNull_LessThan" />
    </UnitTest>
    <UnitTest name="TestSwitchWorkroom_ByWorkSpaceId_Success" storage="d:\actions-runner\_work\xpco\xpco\allsolutions\..\sc\components\remoteviewer\smartclient\tst\zsmartclient_unittest\bin\x64\debug\net6.0-windows\zsmartclient_unittest.dll" id="c619b254-8c86-c5cf-c771-3ea358787f56">
      <TestCategory>
        <TestCategoryItem TestCategory="WorkroomController" />
      </TestCategory>
      <Execution id="4eef29c6-480b-4cdd-9524-8fbf92bfdfe5" />
      <TestMethod codeBase="D:\actions-runner\_work\XPCO\XPCO\AllSolutions\..\SC\Components\RemoteViewer\SmartClient\tst\zSmartClient_UnitTest\bin\x64\Debug\net6.0-windows\zSmartClient_UnitTest.dll" adapterTypeName="executor://mstestadapter/v2" className="VideoOS.RemoteClient.Application.Controllers.WorkroomController.UnitTest.TabWorkroomControllerTest" name="TestSwitchWorkroom_ByWorkSpaceId_Success" />
    </UnitTest>
    <UnitTest name="PatrollingProfileListViewModel_Constructor_Success" storage="d:\actions-runner\_work\xpco\xpco\allsolutions\..\sc\components\remoteviewer\smartclient\tst\zsmartclient_unittest\bin\x64\debug\net6.0-windows\zsmartclient_unittest.dll" id="15dcfbd5-f39d-5642-bf0e-0d9eb38e85f1">
      <Execution id="03d7eb87-634a-43d8-bd4b-fa57a1ba0c5b" />
      <TestMethod codeBase="D:\actions-runner\_work\XPCO\XPCO\AllSolutions\..\SC\Components\RemoteViewer\SmartClient\tst\zSmartClient_UnitTest\bin\x64\Debug\net6.0-windows\zSmartClient_UnitTest.dll" adapterTypeName="executor://mstestadapter/v2" className="SmartClient_UnitTest.VideoOS.RemoteClient.Application.UI.PtzPreset.PatrollingViewModel.PatrollingProfileListViewModelTest" name="PatrollingProfileListViewModel_Constructor_Success" />
    </UnitTest>
    <UnitTest name="CanEditRegionSelection_ShouldBeFalse_WhenHelperDoesNotAllowMoreRegionsToBeAdded" storage="d:\actions-runner\_work\xpco\xpco\allsolutions\..\sc\components\remoteviewer\smartclient\tst\zsmartclient_unittest\bin\x64\debug\net6.0-windows\zsmartclient_unittest.dll" id="c2441b73-f50b-2134-daff-42ee09341afb">
      <TestCategory>
        <TestCategoryItem TestCategory="Search.Filters.ViewModels" />
      </TestCategory>
      <Execution id="a0e8658e-3e6e-4861-ada9-8d7738f73035" />
      <TestMethod codeBase="D:\actions-runner\_work\XPCO\XPCO\AllSolutions\..\SC\Components\RemoteViewer\SmartClient\tst\zSmartClient_UnitTest\bin\x64\Debug\net6.0-windows\zSmartClient_UnitTest.dll" adapterTypeName="executor://mstestadapter/v2" className="SmartClient_UnitTest.VideoOS.RemoteClient.Plugin.CentralizedSearch.MIPPlugin.Criteria.ViewModels.RegionSelectionAttributeEditControlViewModelTests" name="CanEditRegionSelection_ShouldBeFalse_WhenHelperDoesNotAllowMoreRegionsToBeAdded" />
    </UnitTest>
    <UnitTest name="IsMicrophoneUnmuted_ShouldBeTrue_WhenMicrophoneIsUnmuted" storage="d:\actions-runner\_work\xpco\xpco\allsolutions\..\sc\components\remoteviewer\smartclient\tst\zsmartclient_unittest\bin\x64\debug\net6.0-windows\zsmartclient_unittest.dll" id="3898ccc9-d005-6a67-598e-bc078f848ef1">
      <TestCategory>
        <TestCategoryItem TestCategory="GisMapData.MapLayers" />
      </TestCategory>
      <Execution id="fa546d76-b6f5-4490-9b9e-d3065fc1252e" />
      <TestMethod codeBase="D:\actions-runner\_work\XPCO\XPCO\AllSolutions\..\SC\Components\RemoteViewer\SmartClient\tst\zSmartClient_UnitTest\bin\x64\Debug\net6.0-windows\zSmartClient_UnitTest.dll" adapterTypeName="executor://mstestadapter/v2" className="SmartClient_UnitTest.VideoOS.RemoteClient.GisMapData.MapLayers.MicrophoneItemsMapLayerTests" name="IsMicrophoneUnmuted_ShouldBeTrue_WhenMicrophoneIsUnmuted" />
    </UnitTest>
    <UnitTest name="TestLoad_Success" storage="d:\actions-runner\_work\xpco\xpco\allsolutions\..\sc\components\remoteviewer\smartclient\tst\zsmartclient_unittest\bin\x64\debug\net6.0-windows\zsmartclient_unittest.dll" id="8f753e63-32d9-0333-cd9b-b93644536674">
      <TestCategory>
        <TestCategoryItem TestCategory="GisMapBuilding" />
      </TestCategory>
      <Execution id="dc69fd56-c784-48cc-b282-5416c0a9b971" />
      <TestMethod codeBase="D:\actions-runner\_work\XPCO\XPCO\AllSolutions\..\SC\Components\RemoteViewer\SmartClient\tst\zSmartClient_UnitTest\bin\x64\Debug\net6.0-windows\zSmartClient_UnitTest.dll" adapterTypeName="executor://mstestadapter/v2" className="SmartClient_UnitTest.VideoOS.RemoteClient.GisMapData.MapBuildings.MapLevelTests" name="TestLoad_Success" />
    </UnitTest>
    <UnitTest name="IconValueConverter_ConvertInvalidIconSourceFallback_Success" storage="d:\actions-runner\_work\xpco\xpco\allsolutions\..\sc\components\remoteviewer\smartclient\tst\zsmartclient_unittest\bin\x64\debug\net6.0-windows\zsmartclient_unittest.dll" id="9245a3fe-e6e8-4a14-f7b3-94227339454e">
      <TestCategory>
        <TestCategoryItem TestCategory="SearchConverter" />
      </TestCategory>
      <Execution id="3fe346c8-328c-4461-b0de-97be65c446ca" />
      <TestMethod codeBase="D:\actions-runner\_work\XPCO\XPCO\AllSolutions\..\SC\Components\RemoteViewer\SmartClient\tst\zSmartClient_UnitTest\bin\x64\Debug\net6.0-windows\zSmartClient_UnitTest.dll" adapterTypeName="executor://mstestadapter/v2" className="SmartClient_UnitTest.VideoOS.RemoteClient.Plugin.CentralizedSearch.Views.Converters.IconValueConverterTests" name="IconValueConverter_ConvertInvalidIconSourceFallback_Success" />
    </UnitTest>
    <UnitTest name="OnLayersRetrieved_ShouldSetComponentsOrdered_WhenLayersCollectionContainsCamera" storage="d:\actions-runner\_work\xpco\xpco\allsolutions\..\sc\components\remoteviewer\smartclient\tst\zsmartclient_unittest\bin\x64\debug\net6.0-windows\zsmartclient_unittest.dll" id="d9d0601b-6afc-d56b-58cd-43bff45267f6">
      <TestCategory>
        <TestCategoryItem TestCategory="GisMap.DeviceSelectorWindowViewModel" />
      </TestCategory>
      <Execution id="c38987e5-c59a-487b-8704-7f8fac949cdf" />
      <TestMethod codeBase="D:\actions-runner\_work\XPCO\XPCO\AllSolutions\..\SC\Components\RemoteViewer\SmartClient\tst\zSmartClient_UnitTest\bin\x64\Debug\net6.0-windows\zSmartClient_UnitTest.dll" adapterTypeName="executor://mstestadapter/v2" className="SmartClient_UnitTest.VideoOS.RemoteClient.Plugin.GisMap.ViewModels.DeviceSelectorWindowViewModelTests" name="OnLayersRetrieved_ShouldSetComponentsOrdered_WhenLayersCollectionContainsCamera" />
    </UnitTest>
    <UnitTest name="Dispose_ShouldSetGisMapViewModelToNull_WhenCalled" storage="d:\actions-runner\_work\xpco\xpco\allsolutions\..\sc\components\remoteviewer\smartclient\tst\zsmartclient_unittest\bin\x64\debug\net6.0-windows\zsmartclient_unittest.dll" id="cdf55ccf-9363-1335-a916-7ffe8ada8675">
      <TestCategory>
        <TestCategoryItem TestCategory="GisMap.LayerVisibilityViewModelTests" />
      </TestCategory>
      <Execution id="23b866d9-00d8-4012-9d42-8a803829d6cd" />
      <TestMethod codeBase="D:\actions-runner\_work\XPCO\XPCO\AllSolutions\..\SC\Components\RemoteViewer\SmartClient\tst\zSmartClient_UnitTest\bin\x64\Debug\net6.0-windows\zSmartClient_UnitTest.dll" adapterTypeName="executor://mstestadapter/v2" className="SmartClient_UnitTest.VideoOS.RemoteClient.Plugin.GisMap.ViewModels.LayerVisibilityViewModelTests" name="Dispose_ShouldSetGisMapViewModelToNull_WhenCalled" />
    </UnitTest>
    <UnitTest name="DrawCore_ShouldUseCachedMarkers_WhenRedrawSameData" storage="d:\actions-runner\_work\xpco\xpco\allsolutions\..\sc\components\remoteviewer\smartclient\tst\zsmartclient_unittest\bin\x64\debug\net6.0-windows\zsmartclient_unittest.dll" id="c3862469-efa6-2b47-619c-2ccf15cc9a36">
      <TestCategory>
        <TestCategoryItem TestCategory="SmartMap.MapItemsOverlay" />
      </TestCategory>
      <Execution id="be2f1816-2b26-45c9-a7ef-7021de10cb4a" />
      <TestMethod codeBase="D:\actions-runner\_work\XPCO\XPCO\AllSolutions\..\SC\Components\RemoteViewer\SmartClient\tst\zSmartClient_UnitTest\bin\x64\Debug\net6.0-windows\zSmartClient_UnitTest.dll" adapterTypeName="executor://mstestadapter/v2" className="SmartClient_UnitTest.VideoOS.RemoteClient.Plugin.GisMap.ThinkGeoMap.SpecializedOverlays.Overlays.MapItemsOverlayTests" name="DrawCore_ShouldUseCachedMarkers_WhenRedrawSameData" />
    </UnitTest>
    <UnitTest name="GetLayerFeatures_ShouldReturnMicrophoneLayerFeaturesBasedOnMicrophoneItemsMapLayer_WhenMicrophoneKind" storage="d:\actions-runner\_work\xpco\xpco\allsolutions\..\sc\components\remoteviewer\smartclient\tst\zsmartclient_unittest\bin\x64\debug\net6.0-windows\zsmartclient_unittest.dll" id="616c12d5-722e-e683-3114-c8a71232eef2">
      <TestCategory>
        <TestCategoryItem TestCategory="GisMapData.Controllers.LayerFeatures" />
      </TestCategory>
      <Execution id="ec0e11ef-80ed-4089-be31-81821b51df8a" />
      <TestMethod codeBase="D:\actions-runner\_work\XPCO\XPCO\AllSolutions\..\SC\Components\RemoteViewer\SmartClient\tst\zSmartClient_UnitTest\bin\x64\Debug\net6.0-windows\zSmartClient_UnitTest.dll" adapterTypeName="executor://mstestadapter/v2" className="SmartClient_UnitTest.VideoOS.RemoteClient.GisMapData.Controllers.LayerFeatures.LayerFeaturesControllerTests" name="GetLayerFeatures_ShouldReturnMicrophoneLayerFeaturesBasedOnMicrophoneItemsMapLayer_WhenMicrophoneKind" />
    </UnitTest>
    <UnitTest name="MapLayerType_ShouldBeCameraItemsMapLayer_WhenCalled" storage="d:\actions-runner\_work\xpco\xpco\allsolutions\..\sc\components\remoteviewer\smartclient\tst\zsmartclient_unittest\bin\x64\debug\net6.0-windows\zsmartclient_unittest.dll" id="c6bb27a1-5619-6a1e-cb9a-a062fa5050e7">
      <Execution id="ca66e4a1-c3a9-4e25-8c93-1f15031cdc5d" />
      <TestMethod codeBase="D:\actions-runner\_work\XPCO\XPCO\AllSolutions\..\SC\Components\RemoteViewer\SmartClient\tst\zSmartClient_UnitTest\bin\x64\Debug\net6.0-windows\zSmartClient_UnitTest.dll" adapterTypeName="executor://mstestadapter/v2" className="SmartClient_UnitTest.VideoOS.RemoteClient.GisMapData.Strategies.MapLayers.CameraMapLayerDatagramClassFactoryStrategyTests" name="MapLayerType_ShouldBeCameraItemsMapLayer_WhenCalled" />
    </UnitTest>
    <UnitTest name="OpenStreetMapLayerIsDisabled_ShouldReturnTrue_WhenOpenStreetMapGeographicLayerOptionIsNotAvailableAndOpenStreetMapAlternativeServerIsEmpty" storage="d:\actions-runner\_work\xpco\xpco\allsolutions\..\sc\components\remoteviewer\smartclient\tst\zsmartclient_unittest\bin\x64\debug\net6.0-windows\zsmartclient_unittest.dll" id="a11326b9-3454-b2a2-061f-4440307800dc">
      <TestCategory>
        <TestCategoryItem TestCategory="GisMapLayer" />
      </TestCategory>
      <Execution id="57ddef10-f0b7-403e-b6a3-6512e5e13608" />
      <TestMethod codeBase="D:\actions-runner\_work\XPCO\XPCO\AllSolutions\..\SC\Components\RemoteViewer\SmartClient\tst\zSmartClient_UnitTest\bin\x64\Debug\net6.0-windows\zSmartClient_UnitTest.dll" adapterTypeName="executor://mstestadapter/v2" className="SmartClient_UnitTest.VideoOS.RemoteClient.GisMap.MapLayers.GisMapLayerTests" name="OpenStreetMapLayerIsDisabled_ShouldReturnTrue_WhenOpenStreetMapGeographicLayerOptionIsNotAvailableAndOpenStreetMapAlternativeServerIsEmpty" />
    </UnitTest>
    <UnitTest name="Connect_WhenCredentialsIsNull_ShouldThrowException" storage="d:\actions-runner\_work\xpco\xpco\allsolutions\..\sc\components\remoteviewer\smartclient\tst\zsmartclient_unittest\bin\x64\debug\net6.0-windows\zsmartclient_unittest.dll" id="a3df582b-9242-8550-dbc2-e8cf5432b6b2">
      <Execution id="48f8ba41-7d71-4486-b783-c974e93826dc" />
      <TestMethod codeBase="D:\actions-runner\_work\XPCO\XPCO\AllSolutions\..\SC\Components\RemoteViewer\SmartClient\tst\zSmartClient_UnitTest\bin\x64\Debug\net6.0-windows\zSmartClient_UnitTest.dll" adapterTypeName="executor://mstestadapter/v2" className="VideoOS.Shared.ServerAPI.ServiceChannel.UnitTest.ServiceChannelCommandServiceTests" name="Connect_WhenCredentialsIsNull_ShouldThrowException" />
    </UnitTest>
    <UnitTest name="Tooltip_ShouldShowMuteText_WhenMicrophoneIsUnmutedOnLiveModeAndUserHasListenPermissions" storage="d:\actions-runner\_work\xpco\xpco\allsolutions\..\sc\components\remoteviewer\smartclient\tst\zsmartclient_unittest\bin\x64\debug\net6.0-windows\zsmartclient_unittest.dll" id="6a8a8393-b45c-5684-e668-393262a5478a">
      <TestCategory>
        <TestCategoryItem TestCategory="GisMap.MicrophoneMarkerTest" />
      </TestCategory>
      <Execution id="86bd9a8b-db30-46d8-af3d-14b85f80731f" />
      <TestMethod codeBase="D:\actions-runner\_work\XPCO\XPCO\AllSolutions\..\SC\Components\RemoteViewer\SmartClient\tst\zSmartClient_UnitTest\bin\x64\Debug\net6.0-windows\zSmartClient_UnitTest.dll" adapterTypeName="executor://mstestadapter/v2" className="SmartClient_UnitTest.VideoOS.RemoteClient.Plugin.GisMap.ThinkGeoMap.Markers.DeviceMarkers.MicrophoneMarker.MicrophoneMarkerTests" name="Tooltip_ShouldShowMuteText_WhenMicrophoneIsUnmutedOnLiveModeAndUserHasListenPermissions" />
    </UnitTest>
    <UnitTest name="PatrollingProfileViewModelTest_CreatePatrollingProfileViewModel_Success" storage="d:\actions-runner\_work\xpco\xpco\allsolutions\..\sc\components\remoteviewer\smartclient\tst\zsmartclient_unittest\bin\x64\debug\net6.0-windows\zsmartclient_unittest.dll" id="7487436c-f2c5-4df4-5b49-6474bc347b87">
      <Execution id="e679a71b-16fb-4d58-9297-b2b847ec0d35" />
      <TestMethod codeBase="D:\actions-runner\_work\XPCO\XPCO\AllSolutions\..\SC\Components\RemoteViewer\SmartClient\tst\zSmartClient_UnitTest\bin\x64\Debug\net6.0-windows\zSmartClient_UnitTest.dll" adapterTypeName="executor://mstestadapter/v2" className="SmartClient_UnitTest.VideoOS.RemoteClient.Application.UI.PtzPreset.PatrollingViewModel.PatrollingProfileViewModelTest" name="PatrollingProfileViewModelTest_CreatePatrollingProfileViewModel_Success" />
    </UnitTest>
    <UnitTest name="Constructor1_ShouldNotAllowInjectionOfNulls" storage="d:\actions-runner\_work\xpco\xpco\allsolutions\..\sc\components\remoteviewer\smartclient\tst\zsmartclient_unittest\bin\x64\debug\net6.0-windows\zsmartclient_unittest.dll" id="7e5f1658-9579-80ac-0889-217afa2e8ebf">
      <Execution id="14780b67-16c8-4d52-b7b7-3ee14b51fecd" />
      <TestMethod codeBase="D:\actions-runner\_work\XPCO\XPCO\AllSolutions\..\SC\Components\RemoteViewer\SmartClient\tst\zSmartClient_UnitTest\bin\x64\Debug\net6.0-windows\zSmartClient_UnitTest.dll" adapterTypeName="executor://mstestadapter/v2" className="SmartClient_UnitTest.VideoOS.RemoteClient.Plugin.Export.PasswordDialogViewModelTests" name="Constructor1_ShouldNotAllowInjectionOfNulls" />
    </UnitTest>
    <UnitTest name="BuildSessionStarted_ShouldReturnCorrectValues" storage="d:\actions-runner\_work\xpco\xpco\allsolutions\..\sc\components\remoteviewer\smartclient\tst\zsmartclient_unittest\bin\x64\debug\net6.0-windows\zsmartclient_unittest.dll" id="790684f3-79cb-8225-0da5-fcb35e52e25a">
      <Execution id="71cb7109-2394-4c06-bee1-288246701055" />
      <TestMethod codeBase="D:\actions-runner\_work\XPCO\XPCO\AllSolutions\..\SC\Components\RemoteViewer\SmartClient\tst\zSmartClient_UnitTest\bin\x64\Debug\net6.0-windows\zSmartClient_UnitTest.dll" adapterTypeName="executor://mstestadapter/v2" className="SmartClient_UnitTest.VideoOS.RemoteClient.Application.Common.Telemetry.TelemetryBuilderTests" name="BuildSessionStarted_ShouldReturnCorrectValues" />
    </UnitTest>
    <UnitTest name="GetKey_ShouldReturnValidConnectionString" storage="d:\actions-runner\_work\xpco\xpco\allsolutions\..\sc\components\remoteviewer\smartclient\tst\zsmartclient_unittest\bin\x64\debug\net6.0-windows\zsmartclient_unittest.dll" id="89633d51-0a7e-1e94-929d-ec9b25c6de3a">
      <Execution id="27a7871c-03d2-46c8-b815-021e5ef56656" />
      <TestMethod codeBase="D:\actions-runner\_work\XPCO\XPCO\AllSolutions\..\SC\Components\RemoteViewer\SmartClient\tst\zSmartClient_UnitTest\bin\x64\Debug\net6.0-windows\zSmartClient_UnitTest.dll" adapterTypeName="executor://mstestadapter/v2" className="SmartClient_UnitTest.VideoOS.RemoteClient.Application.Common.Telemetry.TelemetryKeyProviderTests" name="GetKey_ShouldReturnValidConnectionString" />
    </UnitTest>
    <UnitTest name="Decorate_ShouldAddChildrenWithProperName_WhenThereAreLayersWithItemsImplementingITitleToggleable" storage="d:\actions-runner\_work\xpco\xpco\allsolutions\..\sc\components\remoteviewer\smartclient\tst\zsmartclient_unittest\bin\x64\debug\net6.0-windows\zsmartclient_unittest.dll" id="a5f3c4e3-2515-5b34-ca88-e1bb40637adf">
      <TestCategory>
        <TestCategoryItem TestCategory="GisMap.LayerVisibilityItemDataChildrenToggleItemDecoratorTests" />
      </TestCategory>
      <Execution id="fb14b823-a23a-46a6-ac0c-c0f74ff50ca7" />
      <TestMethod codeBase="D:\actions-runner\_work\XPCO\XPCO\AllSolutions\..\SC\Components\RemoteViewer\SmartClient\tst\zSmartClient_UnitTest\bin\x64\Debug\net6.0-windows\zSmartClient_UnitTest.dll" adapterTypeName="executor://mstestadapter/v2" className="SmartClient_UnitTest.VideoOS.RemoteClient.Plugin.GisMap.ViewModels.LayersVisibility.Decorators.LayerVisibilityItemDataChildrenToggleItemDecoratorTests" name="Decorate_ShouldAddChildrenWithProperName_WhenThereAreLayersWithItemsImplementingITitleToggleable" />
    </UnitTest>
    <UnitTest name="GetMapLayerArguments_ShouldReturnIGisMapModel_WhenCalled" storage="d:\actions-runner\_work\xpco\xpco\allsolutions\..\sc\components\remoteviewer\smartclient\tst\zsmartclient_unittest\bin\x64\debug\net6.0-windows\zsmartclient_unittest.dll" id="654dfcc7-b76a-e7bb-4995-363927b604e0">
      <Execution id="ca9d8104-fd2a-4e8d-9273-169862dbfcb4" />
      <TestMethod codeBase="D:\actions-runner\_work\XPCO\XPCO\AllSolutions\..\SC\Components\RemoteViewer\SmartClient\tst\zSmartClient_UnitTest\bin\x64\Debug\net6.0-windows\zSmartClient_UnitTest.dll" adapterTypeName="executor://mstestadapter/v2" className="SmartClient_UnitTest.VideoOS.RemoteClient.GisMapData.Strategies.MapLayers.ViewZoneItemsMapLayerDatagramClassFactoryStrategyTests" name="GetMapLayerArguments_ShouldReturnIGisMapModel_WhenCalled" />
    </UnitTest>
    <UnitTest name="CreateDefinition_TwoFiltersInCategory_TwoFilterValuesAddedToSearchCriteria" storage="d:\actions-runner\_work\xpco\xpco\allsolutions\..\sc\components\remoteviewer\smartclient\tst\zsmartclient_unittest\bin\x64\debug\net6.0-windows\zsmartclient_unittest.dll" id="5837e4ca-1cc6-6c6e-80e5-27206d993c91">
      <TestCategory>
        <TestCategoryItem TestCategory="SearchModels" />
      </TestCategory>
      <Execution id="5def220c-2ad6-4f50-b22f-8b3a74022c4a" />
      <TestMethod codeBase="D:\actions-runner\_work\XPCO\XPCO\AllSolutions\..\SC\Components\RemoteViewer\SmartClient\tst\zSmartClient_UnitTest\bin\x64\Debug\net6.0-windows\zSmartClient_UnitTest.dll" adapterTypeName="executor://mstestadapter/v2" className="SmartClient_UnitTest.VideoOS.RemoteClient.Plugin.CentralizedSearch.Models.SearchModelTests" name="CreateDefinition_TwoFiltersInCategory_TwoFilterValuesAddedToSearchCriteria" />
    </UnitTest>
    <UnitTest name="AddToExportDevices_ShouldReturnCorrectResult (5,0,0)" storage="d:\actions-runner\_work\xpco\xpco\allsolutions\..\sc\components\remoteviewer\smartclient\tst\zsmartclient_unittest\bin\x64\debug\net6.0-windows\zsmartclient_unittest.dll" id="efa5e684-eb87-76bd-ab26-0cf3ca05e354">
      <TestCategory>
        <TestCategoryItem TestCategory="Managers" />
      </TestCategory>
      <Execution id="239698d7-7abc-46c3-bc5d-ad6315263f68" />
      <TestMethod codeBase="D:\actions-runner\_work\XPCO\XPCO\AllSolutions\..\SC\Components\RemoteViewer\SmartClient\tst\zSmartClient_UnitTest\bin\x64\Debug\net6.0-windows\zSmartClient_UnitTest.dll" adapterTypeName="executor://mstestadapter/v2" className="SmartClient_UnitTest.VideoOS.RemoteClient.Application.Managers.ExportManagerTests" name="AddToExportDevices_ShouldReturnCorrectResult" />
    </UnitTest>
    <UnitTest name="SelectedSearchResultsChanged_InitiallyNotVisible_BecomesVisible" storage="d:\actions-runner\_work\xpco\xpco\allsolutions\..\sc\components\remoteviewer\smartclient\tst\zsmartclient_unittest\bin\x64\debug\net6.0-windows\zsmartclient_unittest.dll" id="f31307eb-7ac9-c75e-b886-051d44063f63">
      <TestCategory>
        <TestCategoryItem TestCategory="SearchResultActionBarViewModel" />
      </TestCategory>
      <Execution id="163978a4-b80a-42d7-a8d1-36880b312ff8" />
      <TestMethod codeBase="D:\actions-runner\_work\XPCO\XPCO\AllSolutions\..\SC\Components\RemoteViewer\SmartClient\tst\zSmartClient_UnitTest\bin\x64\Debug\net6.0-windows\zSmartClient_UnitTest.dll" adapterTypeName="executor://mstestadapter/v2" className="SmartClient_UnitTest.VideoOS.RemoteClient.Plugin.CentralizedSearch.ViewModels.SearchResultsActionBarViewModelTest" name="SelectedSearchResultsChanged_InitiallyNotVisible_BecomesVisible" />
    </UnitTest>
    <UnitTest name="ViewsAreSortedCorrectly" storage="d:\actions-runner\_work\xpco\xpco\allsolutions\..\sc\components\remoteviewer\smartclient\tst\zsmartclient_unittest\bin\x64\debug\net6.0-windows\zsmartclient_unittest.dll" id="9f58f9ac-c237-b302-81b2-6eb6c67dcabf">
      <Execution id="84b3cdc3-3d5e-4186-a36d-a03b9000fa21" />
      <TestMethod codeBase="D:\actions-runner\_work\XPCO\XPCO\AllSolutions\..\SC\Components\RemoteViewer\SmartClient\tst\zSmartClient_UnitTest\bin\x64\Debug\net6.0-windows\zSmartClient_UnitTest.dll" adapterTypeName="executor://mstestadapter/v2" className="SmartClient_UnitTest.VideoOS.RemoteClient.Application.UI.Common.ViewTree.SortingTests" name="ViewsAreSortedCorrectly" />
    </UnitTest>
    <UnitTest name="SupportsDoubleClick_ShouldBeFalse_WhenInteractionStateIsNotNormalAndNotInSetupMode" storage="d:\actions-runner\_work\xpco\xpco\allsolutions\..\sc\components\remoteviewer\smartclient\tst\zsmartclient_unittest\bin\x64\debug\net6.0-windows\zsmartclient_unittest.dll" id="63448ae4-3822-6161-d46b-a6dd1dfe44fd">
      <TestCategory>
        <TestCategoryItem TestCategory="GisMap.LocationMarker" />
      </TestCategory>
      <Execution id="ff4fafb6-5446-4fe0-b0d4-4af13522b843" />
      <TestMethod codeBase="D:\actions-runner\_work\XPCO\XPCO\AllSolutions\..\SC\Components\RemoteViewer\SmartClient\tst\zSmartClient_UnitTest\bin\x64\Debug\net6.0-windows\zSmartClient_UnitTest.dll" adapterTypeName="executor://mstestadapter/v2" className="SmartClient_UnitTest.VideoOS.RemoteClient.Plugin.GisMap.ThinkGeoMap.Markers.LocationMarker.LocationMarkerTests" name="SupportsDoubleClick_ShouldBeFalse_WhenInteractionStateIsNotNormalAndNotInSetupMode" />
    </UnitTest>
    <UnitTest name="EndTime_ShouldBeSetToValueOfSearchResult" storage="d:\actions-runner\_work\xpco\xpco\allsolutions\..\sc\components\remoteviewer\smartclient\tst\zsmartclient_unittest\bin\x64\debug\net6.0-windows\zsmartclient_unittest.dll" id="65ef895f-879d-2d2d-7aa0-966d606f5376">
      <TestCategory>
        <TestCategoryItem TestCategory="Search.Wrappers" />
      </TestCategory>
      <Execution id="b988ba6a-6052-4bfd-af0a-0dc5e322f7f1" />
      <TestMethod codeBase="D:\actions-runner\_work\XPCO\XPCO\AllSolutions\..\SC\Components\RemoteViewer\SmartClient\tst\zSmartClient_UnitTest\bin\x64\Debug\net6.0-windows\zSmartClient_UnitTest.dll" adapterTypeName="executor://mstestadapter/v2" className="SmartClient_UnitTest.VideoOS.RemoteClient.Plugin.CentralizedSearch.Models.Wrappers.SearchResultDataWrapperTests" name="EndTime_ShouldBeSetToValueOfSearchResult" />
    </UnitTest>
    <UnitTest name="ConvertToNewLevel_OneLevelDown_Success" storage="d:\actions-runner\_work\xpco\xpco\allsolutions\..\sc\components\remoteviewer\smartclient\tst\zsmartclient_unittest\bin\x64\debug\net6.0-windows\zsmartclient_unittest.dll" id="1947d432-ac4e-8ff4-6a61-109d18cd0bdb">
      <TestCategory>
        <TestCategoryItem TestCategory="GisMapIndex" />
      </TestCategory>
      <Execution id="88337e0c-1297-4d85-817e-82b2044d3ccc" />
      <TestMethod codeBase="D:\actions-runner\_work\XPCO\XPCO\AllSolutions\..\SC\Components\RemoteViewer\SmartClient\tst\zSmartClient_UnitTest\bin\x64\Debug\net6.0-windows\zSmartClient_UnitTest.dll" adapterTypeName="executor://mstestadapter/v2" className="SmartClient_UnitTest.VideoOS.RemoteClient.GisMapData.Common.Indexer.IndexGridExtentTest" name="ConvertToNewLevel_OneLevelDown_Success" />
    </UnitTest>
    <UnitTest name="AddSelectedCameras_TooManyCameras_ValidateAllOptionCentralizedSearchMaxDeviceCountValues" storage="d:\actions-runner\_work\xpco\xpco\allsolutions\..\sc\components\remoteviewer\smartclient\tst\zsmartclient_unittest\bin\x64\debug\net6.0-windows\zsmartclient_unittest.dll" id="90e28b3e-a0b2-cd0c-c5a2-021ebe10799d">
      <TestCategory>
        <TestCategoryItem TestCategory="SearchViewModels" />
      </TestCategory>
      <Execution id="53e165bb-e539-4779-b088-2ab80e91af85" />
      <TestMethod codeBase="D:\actions-runner\_work\XPCO\XPCO\AllSolutions\..\SC\Components\RemoteViewer\SmartClient\tst\zSmartClient_UnitTest\bin\x64\Debug\net6.0-windows\zSmartClient_UnitTest.dll" adapterTypeName="executor://mstestadapter/v2" className="SmartClient_UnitTest.VideoOS.RemoteClient.Plugin.CentralizedSearch.ViewModels.SearchViewModelTests" name="AddSelectedCameras_TooManyCameras_ValidateAllOptionCentralizedSearchMaxDeviceCountValues" />
    </UnitTest>
    <UnitTest name="LoadBoundingShapes_ManyVariants_LeastPossiblePathsAddedToUI" storage="d:\actions-runner\_work\xpco\xpco\allsolutions\..\sc\components\remoteviewer\smartclient\tst\zsmartclient_unittest\bin\x64\debug\net6.0-windows\zsmartclient_unittest.dll" id="62414311-f47b-f1ac-7284-9bb4f606ff0e">
      <Execution id="6543e043-1cde-4b7a-b8bd-484596ab7a17" />
      <TestMethod codeBase="D:\actions-runner\_work\XPCO\XPCO\AllSolutions\..\SC\Components\RemoteViewer\SmartClient\tst\zSmartClient_UnitTest\bin\x64\Debug\net6.0-windows\zSmartClient_UnitTest.dll" adapterTypeName="executor://mstestadapter/v2" className="SmartClient_UnitTest.VideoOS.RemoteClient.Plugin.CentralizedSearch.MIPPlugin.Results.VideoSearchResultUserControlTests" name="LoadBoundingShapes_ManyVariants_LeastPossiblePathsAddedToUI" />
    </UnitTest>
    <UnitTest name="HandleGetDeviceData_ShouldReturnNotFoundDeviceData_WhenCalled" storage="d:\actions-runner\_work\xpco\xpco\allsolutions\..\sc\components\remoteviewer\smartclient\tst\zsmartclient_unittest\bin\x64\debug\net6.0-windows\zsmartclient_unittest.dll" id="9a94a475-1b0f-e9b3-ba5e-634b89ce686f">
      <TestCategory>
        <TestCategoryItem TestCategory="GisMap.Handlers.Devices.MapItems" />
      </TestCategory>
      <Execution id="7ed72a5d-e6d1-4e35-aceb-7c8335a7d57c" />
      <TestMethod codeBase="D:\actions-runner\_work\XPCO\XPCO\AllSolutions\..\SC\Components\RemoteViewer\SmartClient\tst\zSmartClient_UnitTest\bin\x64\Debug\net6.0-windows\zSmartClient_UnitTest.dll" adapterTypeName="executor://mstestadapter/v2" className="SmartClient_UnitTest.VideoOS.RemoteClient.Plugin.GisMap.Handlers.Devices.MapItems.NotFoundDeviceDataHandlerTests" name="HandleGetDeviceData_ShouldReturnNotFoundDeviceData_WhenCalled" />
    </UnitTest>
    <UnitTest name="SupportsDoubleClick_ShouldBeTrue_WhenInteractionStateIsNewDevice" storage="d:\actions-runner\_work\xpco\xpco\allsolutions\..\sc\components\remoteviewer\smartclient\tst\zsmartclient_unittest\bin\x64\debug\net6.0-windows\zsmartclient_unittest.dll" id="b6fde623-a6bd-ca8b-1185-e73065d6312e">
      <TestCategory>
        <TestCategoryItem TestCategory="GisMap.MicrophoneMarkerTest" />
      </TestCategory>
      <Execution id="66e1a84b-1ea8-488d-8700-62b25f138102" />
      <TestMethod codeBase="D:\actions-runner\_work\XPCO\XPCO\AllSolutions\..\SC\Components\RemoteViewer\SmartClient\tst\zSmartClient_UnitTest\bin\x64\Debug\net6.0-windows\zSmartClient_UnitTest.dll" adapterTypeName="executor://mstestadapter/v2" className="SmartClient_UnitTest.VideoOS.RemoteClient.Plugin.GisMap.ThinkGeoMap.Markers.DeviceMarkers.MicrophoneMarker.MicrophoneMarkerTests" name="SupportsDoubleClick_ShouldBeTrue_WhenInteractionStateIsNewDevice" />
    </UnitTest>
    <UnitTest name="Perform_ActionFastAfterFirst_Delay" storage="d:\actions-runner\_work\xpco\xpco\allsolutions\..\sc\components\remoteviewer\smartclient\tst\zsmartclient_unittest\bin\x64\debug\net6.0-windows\zsmartclient_unittest.dll" id="c9e65ace-67e8-aaf0-227a-cc6ee9b8878a">
      <TestCategory>
        <TestCategoryItem TestCategory="UI.Facilitators" />
      </TestCategory>
      <Execution id="25b334ae-fb51-4348-bdcc-7adba06d364d" />
      <TestMethod codeBase="D:\actions-runner\_work\XPCO\XPCO\AllSolutions\..\SC\Components\RemoteViewer\SmartClient\tst\zSmartClient_UnitTest\bin\x64\Debug\net6.0-windows\zSmartClient_UnitTest.dll" adapterTypeName="executor://mstestadapter/v2" className="SmartClient_UnitTest.VideoOS.UI.Common.EventDrivenBufferWithDelayTests" name="Perform_ActionFastAfterFirst_Delay" />
    </UnitTest>
    <UnitTest name="PatrollingProfileViewModelTest_IsDirty" storage="d:\actions-runner\_work\xpco\xpco\allsolutions\..\sc\components\remoteviewer\smartclient\tst\zsmartclient_unittest\bin\x64\debug\net6.0-windows\zsmartclient_unittest.dll" id="18ccdda0-c082-96fc-d95c-7842b85332a3">
      <Execution id="626648f4-b7bd-478a-a670-9da028806886" />
      <TestMethod codeBase="D:\actions-runner\_work\XPCO\XPCO\AllSolutions\..\SC\Components\RemoteViewer\SmartClient\tst\zSmartClient_UnitTest\bin\x64\Debug\net6.0-windows\zSmartClient_UnitTest.dll" adapterTypeName="executor://mstestadapter/v2" className="SmartClient_UnitTest.VideoOS.RemoteClient.Application.UI.PtzPreset.PatrollingViewModel.PatrollingProfileViewModelTest" name="PatrollingProfileViewModelTest_IsDirty" />
    </UnitTest>
    <UnitTest name="Add_ShouldAddViewItemToIncludedViewItemsForSelectedView" storage="d:\actions-runner\_work\xpco\xpco\allsolutions\..\sc\components\remoteviewer\smartclient\tst\zsmartclient_unittest\bin\x64\debug\net6.0-windows\zsmartclient_unittest.dll" id="78ae1d5d-740b-66e6-7a5c-ade2279f3a28">
      <TestCategory>
        <TestCategoryItem TestCategory="ApplicationController" />
      </TestCategory>
      <Execution id="3fc4c9ec-3979-4569-8121-1c1c43003211" />
      <TestMethod codeBase="D:\actions-runner\_work\XPCO\XPCO\AllSolutions\..\SC\Components\RemoteViewer\SmartClient\tst\zSmartClient_UnitTest\bin\x64\Debug\net6.0-windows\zSmartClient_UnitTest.dll" adapterTypeName="executor://mstestadapter/v2" className="VideoOS.RemoteClient.Application.Controllers.UnitTest.IncludedViewItemsTest" name="Add_ShouldAddViewItemToIncludedViewItemsForSelectedView" />
    </UnitTest>
    <UnitTest name="AddToExportDevices_ShouldReturnCorrectResult (0,5,0)" storage="d:\actions-runner\_work\xpco\xpco\allsolutions\..\sc\components\remoteviewer\smartclient\tst\zsmartclient_unittest\bin\x64\debug\net6.0-windows\zsmartclient_unittest.dll" id="9f986ee2-f890-4bb4-9d18-dc0473ae370b">
      <TestCategory>
        <TestCategoryItem TestCategory="Managers" />
      </TestCategory>
      <Execution id="1a2866af-932a-4963-90d6-99f1168891ab" />
      <TestMethod codeBase="D:\actions-runner\_work\XPCO\XPCO\AllSolutions\..\SC\Components\RemoteViewer\SmartClient\tst\zSmartClient_UnitTest\bin\x64\Debug\net6.0-windows\zSmartClient_UnitTest.dll" adapterTypeName="executor://mstestadapter/v2" className="SmartClient_UnitTest.VideoOS.RemoteClient.Application.Managers.ExportManagerTests" name="AddToExportDevices_ShouldReturnCorrectResult" />
    </UnitTest>
    <UnitTest name="Ctor_CentralizedSearchStateWithNoSelectedSearchTemplate_ActiveSearchTemplateNotSet" storage="d:\actions-runner\_work\xpco\xpco\allsolutions\..\sc\components\remoteviewer\smartclient\tst\zsmartclient_unittest\bin\x64\debug\net6.0-windows\zsmartclient_unittest.dll" id="cea1f122-04c5-bf3d-5adc-09ad4dc7f7c2">
      <TestCategory>
        <TestCategoryItem TestCategory="SearchViewModels" />
      </TestCategory>
      <Execution id="82d1ae2b-eecb-4263-b2db-f2c6e5d9fbc0" />
      <TestMethod codeBase="D:\actions-runner\_work\XPCO\XPCO\AllSolutions\..\SC\Components\RemoteViewer\SmartClient\tst\zSmartClient_UnitTest\bin\x64\Debug\net6.0-windows\zSmartClient_UnitTest.dll" adapterTypeName="executor://mstestadapter/v2" className="SmartClient_UnitTest.VideoOS.RemoteClient.Plugin.CentralizedSearch.ViewModels.SearchViewModelTests" name="Ctor_CentralizedSearchStateWithNoSelectedSearchTemplate_ActiveSearchTemplateNotSet" />
    </UnitTest>
    <UnitTest name="MonitorsAreSortedCorrectly" storage="d:\actions-runner\_work\xpco\xpco\allsolutions\..\sc\components\remoteviewer\smartclient\tst\zsmartclient_unittest\bin\x64\debug\net6.0-windows\zsmartclient_unittest.dll" id="907e6cbe-4234-cd51-c51e-c0122588864e">
      <Execution id="15d68be0-18d1-4df3-b622-6caa3a975eef" />
      <TestMethod codeBase="D:\actions-runner\_work\XPCO\XPCO\AllSolutions\..\SC\Components\RemoteViewer\SmartClient\tst\zSmartClient_UnitTest\bin\x64\Debug\net6.0-windows\zSmartClient_UnitTest.dll" adapterTypeName="executor://mstestadapter/v2" className="SmartClient_UnitTest.VideoOS.RemoteClient.Application.UI.Common.ViewTree.SortingTests" name="MonitorsAreSortedCorrectly" />
    </UnitTest>
    <UnitTest name="IsProcessing_CancelWhileUnprocessedItemsAndThenResumeSearch_Success" storage="d:\actions-runner\_work\xpco\xpco\allsolutions\..\sc\components\remoteviewer\smartclient\tst\zsmartclient_unittest\bin\x64\debug\net6.0-windows\zsmartclient_unittest.dll" id="920a2918-af9a-e3ed-e910-d0d07bf9fed3">
      <TestCategory>
        <TestCategoryItem TestCategory="SearchResultsPreprocessor" />
      </TestCategory>
      <Execution id="ecbe978f-5b1f-4e59-84fc-8ca54af83797" />
      <TestMethod codeBase="D:\actions-runner\_work\XPCO\XPCO\AllSolutions\..\SC\Components\RemoteViewer\SmartClient\tst\zSmartClient_UnitTest\bin\x64\Debug\net6.0-windows\zSmartClient_UnitTest.dll" adapterTypeName="executor://mstestadapter/v2" className="SmartClient_UnitTest.VideoOS.RemoteClient.Plugin.CentralizedSearch.Models.SearchResultsPreprocessorTests" name="IsProcessing_CancelWhileUnprocessedItemsAndThenResumeSearch_Success" />
    </UnitTest>
    <UnitTest name="AlwaysPutGroupsBeforeViews" storage="d:\actions-runner\_work\xpco\xpco\allsolutions\..\sc\components\remoteviewer\smartclient\tst\zsmartclient_unittest\bin\x64\debug\net6.0-windows\zsmartclient_unittest.dll" id="846a9eb5-5d29-1fe6-2752-1629db0ce419">
      <Execution id="56f56773-9ee2-4423-abb9-929f0b3d034f" />
      <TestMethod codeBase="D:\actions-runner\_work\XPCO\XPCO\AllSolutions\..\SC\Components\RemoteViewer\SmartClient\tst\zSmartClient_UnitTest\bin\x64\Debug\net6.0-windows\zSmartClient_UnitTest.dll" adapterTypeName="executor://mstestadapter/v2" className="SmartClient_UnitTest.VideoOS.RemoteClient.Application.UI.Common.ViewTree.SortingTests" name="AlwaysPutGroupsBeforeViews" />
    </UnitTest>
    <UnitTest name="ActiveInteractionStateBinding_ShouldNotBeNull_WhenCtorIsCalled" storage="d:\actions-runner\_work\xpco\xpco\allsolutions\..\sc\components\remoteviewer\smartclient\tst\zsmartclient_unittest\bin\x64\debug\net6.0-windows\zsmartclient_unittest.dll" id="ac48ab08-0586-5064-3572-983965e5b6b6">
      <TestCategory>
        <TestCategoryItem TestCategory="GisMap.MicrophoneMarkerTest" />
      </TestCategory>
      <Execution id="80e988df-1a3f-4942-b7bd-a7c42b28b543" />
      <TestMethod codeBase="D:\actions-runner\_work\XPCO\XPCO\AllSolutions\..\SC\Components\RemoteViewer\SmartClient\tst\zSmartClient_UnitTest\bin\x64\Debug\net6.0-windows\zSmartClient_UnitTest.dll" adapterTypeName="executor://mstestadapter/v2" className="SmartClient_UnitTest.VideoOS.RemoteClient.Plugin.GisMap.ThinkGeoMap.Markers.DeviceMarkers.MicrophoneMarker.MicrophoneMarkerTests" name="ActiveInteractionStateBinding_ShouldNotBeNull_WhenCtorIsCalled" />
    </UnitTest>
    <UnitTest name="Command_WithNullResults_PluginInstanceActivatedCalled" storage="d:\actions-runner\_work\xpco\xpco\allsolutions\..\sc\components\remoteviewer\smartclient\tst\zsmartclient_unittest\bin\x64\debug\net6.0-windows\zsmartclient_unittest.dll" id="ac028d00-9e94-7167-70c4-eff006ef19bc">
      <TestCategory>
        <TestCategoryItem TestCategory="SearchResultsAction" />
      </TestCategory>
      <Execution id="af87d7a4-6d26-4286-8ea8-36f8d7ce9ad2" />
      <TestMethod codeBase="D:\actions-runner\_work\XPCO\XPCO\AllSolutions\..\SC\Components\RemoteViewer\SmartClient\tst\zSmartClient_UnitTest\bin\x64\Debug\net6.0-windows\zSmartClient_UnitTest.dll" adapterTypeName="executor://mstestadapter/v2" className="SmartClient_UnitTest.VideoOS.RemoteClient.Plugin.CentralizedSearch.ViewModels.SearchResultsActionViewModelTests" name="Command_WithNullResults_PluginInstanceActivatedCalled" />
    </UnitTest>
    <UnitTest name="GetServerTypes_ShouldReturnLogServiceType" storage="d:\actions-runner\_work\xpco\xpco\allsolutions\..\sc\components\remoteviewer\smartclient\tst\zsmartclient_unittest\bin\x64\debug\net6.0-windows\zsmartclient_unittest.dll" id="e671fc0c-9f3c-71e0-8b22-c4f68d735e7f">
      <Execution id="793016ab-58a0-4726-a292-a7af4c8cacee" />
      <TestMethod codeBase="D:\actions-runner\_work\XPCO\XPCO\AllSolutions\..\SC\Components\RemoteViewer\SmartClient\tst\zSmartClient_UnitTest\bin\x64\Debug\net6.0-windows\zSmartClient_UnitTest.dll" adapterTypeName="executor://mstestadapter/v2" className="SmartClient_UnitTest.VideoOS.RemoteClient.Application.Data.ContentTypes.ReportingContentType.DashboardExtentionsTest" name="GetServerTypes_ShouldReturnLogServiceType" />
    </UnitTest>
    <UnitTest name="DeviceIcons_ShouldNotBeNull_WhenCalled" storage="d:\actions-runner\_work\xpco\xpco\allsolutions\..\sc\components\remoteviewer\smartclient\tst\zsmartclient_unittest\bin\x64\debug\net6.0-windows\zsmartclient_unittest.dll" id="532cb81a-df32-0fbd-c0b0-8629f10837bd">
      <TestCategory>
        <TestCategoryItem TestCategory="GisMapData.InputOemResourcesProviderTests" />
      </TestCategory>
      <Execution id="0b7515a8-ffcc-42f3-bd4d-287f1c20e006" />
      <TestMethod codeBase="D:\actions-runner\_work\XPCO\XPCO\AllSolutions\..\SC\Components\RemoteViewer\SmartClient\tst\zSmartClient_UnitTest\bin\x64\Debug\net6.0-windows\zSmartClient_UnitTest.dll" adapterTypeName="executor://mstestadapter/v2" className="SmartClient_UnitTest.VideoOS.RemoteClient.GisMapData.Resources.InputOemResourcesProviderTests" name="DeviceIcons_ShouldNotBeNull_WhenCalled" />
    </UnitTest>
    <UnitTest name="HandleSetLayerFeatures_ShouldUpdateCameraLayerFeatures_WhenCameraKindAndCameraLayerFeatures" storage="d:\actions-runner\_work\xpco\xpco\allsolutions\..\sc\components\remoteviewer\smartclient\tst\zsmartclient_unittest\bin\x64\debug\net6.0-windows\zsmartclient_unittest.dll" id="222612dc-51ac-9b64-f67c-78952b32c155">
      <TestCategory>
        <TestCategoryItem TestCategory="GisMapData.Handlers.LayerFeatures" />
      </TestCategory>
      <Execution id="b0fc2f5a-8b06-4457-a76a-3df3b3c455cc" />
      <TestMethod codeBase="D:\actions-runner\_work\XPCO\XPCO\AllSolutions\..\SC\Components\RemoteViewer\SmartClient\tst\zSmartClient_UnitTest\bin\x64\Debug\net6.0-windows\zSmartClient_UnitTest.dll" adapterTypeName="executor://mstestadapter/v2" className="SmartClient_UnitTest.VideoOS.RemoteClient.GisMapData.Handlers.LayerFeatures.CameraLayerFeaturesHandlerTests" name="HandleSetLayerFeatures_ShouldUpdateCameraLayerFeatures_WhenCameraKindAndCameraLayerFeatures" />
    </UnitTest>
    <UnitTest name="Enabled_WhenInterrupted_ThenNoSubscribers" storage="d:\actions-runner\_work\xpco\xpco\allsolutions\..\sc\components\remoteviewer\smartclient\tst\zsmartclient_unittest\bin\x64\debug\net6.0-windows\zsmartclient_unittest.dll" id="fb67ea71-6b78-1dc1-49b9-30224c6a1bae">
      <Execution id="f26a0446-f61c-4d57-a981-f206dc17221d" />
      <TestMethod codeBase="D:\actions-runner\_work\XPCO\XPCO\AllSolutions\..\SC\Components\RemoteViewer\SmartClient\tst\zSmartClient_UnitTest\bin\x64\Debug\net6.0-windows\zSmartClient_UnitTest.dll" adapterTypeName="executor://mstestadapter/v2" className="SmartClient_UnitTest.VideoOS.RemoteClient.GisMapData.MapLayers.LayerAlarmNotificationTest" name="Enabled_WhenInterrupted_ThenNoSubscribers" />
    </UnitTest>
    <UnitTest name="GetSearchReportDialog_SelectedSearchResults_SingleResult_Success" storage="d:\actions-runner\_work\xpco\xpco\allsolutions\..\sc\components\remoteviewer\smartclient\tst\zsmartclient_unittest\bin\x64\debug\net6.0-windows\zsmartclient_unittest.dll" id="800f9645-615e-ad0a-a2cb-53e0d1e48385">
      <TestCategory>
        <TestCategoryItem TestCategory="Search" />
      </TestCategory>
      <Execution id="1d26f2dc-d18a-4108-97ef-afb89278b651" />
      <TestMethod codeBase="D:\actions-runner\_work\XPCO\XPCO\AllSolutions\..\SC\Components\RemoteViewer\SmartClient\tst\zSmartClient_UnitTest\bin\x64\Debug\net6.0-windows\zSmartClient_UnitTest.dll" adapterTypeName="executor://mstestadapter/v2" className="SmartClient_UnitTest.VideoOS.RemoteClient.Plugin.CentralizedSearch.ViewModels.Utility.SearchReportHandlerTests" name="GetSearchReportDialog_SelectedSearchResults_SingleResult_Success" />
    </UnitTest>
    <UnitTest name="Path enabled, not forced" storage="d:\actions-runner\_work\xpco\xpco\allsolutions\..\sc\components\remoteviewer\smartclient\tst\zsmartclient_unittest\bin\x64\debug\net6.0-windows\zsmartclient_unittest.dll" id="0c42f315-9eeb-2ce5-c75f-9a00eaad39ea">
      <TestCategory>
        <TestCategoryItem TestCategory="Export" />
      </TestCategory>
      <Execution id="6603a868-877c-4d5b-aa52-7a687d54ee6b" />
      <TestMethod codeBase="D:\actions-runner\_work\XPCO\XPCO\AllSolutions\..\SC\Components\RemoteViewer\SmartClient\tst\zSmartClient_UnitTest\bin\x64\Debug\net6.0-windows\zSmartClient_UnitTest.dll" adapterTypeName="executor://mstestadapter/v2" className="SmartClient_UnitTest.VideoOS.RemoteClient.Plugin.Export.CreateExportDialogViewModelTests" name="CreateExportDialog_ExportDestinationPreSelected_BasedOnOptions" />
    </UnitTest>
    <UnitTest name="HandleSetLayerFeatures_ShouldRaiseArgumentException_WhenOutputKindAndNotOutputLayerFeatures" storage="d:\actions-runner\_work\xpco\xpco\allsolutions\..\sc\components\remoteviewer\smartclient\tst\zsmartclient_unittest\bin\x64\debug\net6.0-windows\zsmartclient_unittest.dll" id="8b541578-adaa-009d-fcd7-342c1711308d">
      <TestCategory>
        <TestCategoryItem TestCategory="GisMapData.Handlers.LayerFeatures" />
      </TestCategory>
      <Execution id="90f8e4c9-f0c4-4ea2-92ea-381af0996606" />
      <TestMethod codeBase="D:\actions-runner\_work\XPCO\XPCO\AllSolutions\..\SC\Components\RemoteViewer\SmartClient\tst\zSmartClient_UnitTest\bin\x64\Debug\net6.0-windows\zSmartClient_UnitTest.dll" adapterTypeName="executor://mstestadapter/v2" className="SmartClient_UnitTest.VideoOS.RemoteClient.GisMapData.Handlers.LayerFeatures.OutputLayerFeaturesHandlerTests" name="HandleSetLayerFeatures_ShouldRaiseArgumentException_WhenOutputKindAndNotOutputLayerFeatures" />
    </UnitTest>
    <UnitTest name="HandleRemoveItem_ShouldNotAffectMarkersCache_WhenRemovingPermanentMarkers" storage="d:\actions-runner\_work\xpco\xpco\allsolutions\..\sc\components\remoteviewer\smartclient\tst\zsmartclient_unittest\bin\x64\debug\net6.0-windows\zsmartclient_unittest.dll" id="a565b306-850e-b284-c6c4-6f49c2eabf91">
      <TestCategory>
        <TestCategoryItem TestCategory="SmartMap.MapItemsOverlay" />
      </TestCategory>
      <Execution id="8489c0a3-60bf-436f-ba8b-edf209d4f46e" />
      <TestMethod codeBase="D:\actions-runner\_work\XPCO\XPCO\AllSolutions\..\SC\Components\RemoteViewer\SmartClient\tst\zSmartClient_UnitTest\bin\x64\Debug\net6.0-windows\zSmartClient_UnitTest.dll" adapterTypeName="executor://mstestadapter/v2" className="SmartClient_UnitTest.VideoOS.RemoteClient.Plugin.GisMap.ThinkGeoMap.SpecializedOverlays.Overlays.MapItemsOverlayTests" name="HandleRemoveItem_ShouldNotAffectMarkersCache_WhenRemovingPermanentMarkers" />
    </UnitTest>
    <UnitTest name="MergeOptionNodes_ShouldMergeOptionsFromOldKeyAndNewKey_WhenBothSettingsHaveOptions" storage="d:\actions-runner\_work\xpco\xpco\allsolutions\..\sc\components\remoteviewer\smartclient\tst\zsmartclient_unittest\bin\x64\debug\net6.0-windows\zsmartclient_unittest.dll" id="7066e281-486d-b17e-901e-9424698e9f74">
      <TestCategory>
        <TestCategoryItem TestCategory="Managers" />
      </TestCategory>
      <Execution id="ec833cdd-57c7-4bf2-9f2e-a2273f845fc7" />
      <TestMethod codeBase="D:\actions-runner\_work\XPCO\XPCO\AllSolutions\..\SC\Components\RemoteViewer\SmartClient\tst\zSmartClient_UnitTest\bin\x64\Debug\net6.0-windows\zSmartClient_UnitTest.dll" adapterTypeName="executor://mstestadapter/v2" className="SmartClient_UnitTest.VideoOS.RemoteClient.Application.Managers.OptionManagerTests" name="MergeOptionNodes_ShouldMergeOptionsFromOldKeyAndNewKey_WhenBothSettingsHaveOptions" />
    </UnitTest>
    <UnitTest name="SaveAsNewSearchTemplateAsync_Fails_Success" storage="d:\actions-runner\_work\xpco\xpco\allsolutions\..\sc\components\remoteviewer\smartclient\tst\zsmartclient_unittest\bin\x64\debug\net6.0-windows\zsmartclient_unittest.dll" id="2fac8697-42a0-e62c-c584-1a27c1834f8e">
      <TestCategory>
        <TestCategoryItem TestCategory="SearchTemplates" />
      </TestCategory>
      <Execution id="d11310da-bdad-499f-b9e8-a2b22fc81ded" />
      <TestMethod codeBase="D:\actions-runner\_work\XPCO\XPCO\AllSolutions\..\SC\Components\RemoteViewer\SmartClient\tst\zSmartClient_UnitTest\bin\x64\Debug\net6.0-windows\zSmartClient_UnitTest.dll" adapterTypeName="executor://mstestadapter/v2" className="SmartClient_UnitTest.VideoOS.RemoteClient.Plugin.CentralizedSearch.SearchTemplates.SearchTemplateManagerTests" name="SaveAsNewSearchTemplateAsync_Fails_Success" />
    </UnitTest>
    <UnitTest name="AuthType_ShouldThrow_InvalidOperationException_WhenConstructedUsingExternal" storage="d:\actions-runner\_work\xpco\xpco\allsolutions\..\sc\components\remoteviewer\smartclient\tst\zsmartclient_unittest\bin\x64\debug\net6.0-windows\zsmartclient_unittest.dll" id="647cadee-21ed-ea7f-d1b6-56ee51403b46">
      <TestCategory>
        <TestCategoryItem TestCategory="Authentication.ClientCredentials" />
      </TestCategory>
      <Execution id="72b2ced2-a208-45df-8635-b0aaa2711892" />
      <TestMethod codeBase="D:\actions-runner\_work\XPCO\XPCO\AllSolutions\..\SC\Components\RemoteViewer\SmartClient\tst\zSmartClient_UnitTest\bin\x64\Debug\net6.0-windows\zSmartClient_UnitTest.dll" adapterTypeName="executor://mstestadapter/v2" className="SmartClient_UnitTest.VideoOS.Shared.ServerAPI.ClientCredentialsTest" name="AuthType_ShouldThrow_InvalidOperationException_WhenConstructedUsingExternal" />
    </UnitTest>
    <UnitTest name="LoadStateFrom_OrderResultsBy_Success" storage="d:\actions-runner\_work\xpco\xpco\allsolutions\..\sc\components\remoteviewer\smartclient\tst\zsmartclient_unittest\bin\x64\debug\net6.0-windows\zsmartclient_unittest.dll" id="18ef78f3-1eb2-cc48-74e1-3d0d69ec27f2">
      <TestCategory>
        <TestCategoryItem TestCategory="SearchResultViewModels" />
      </TestCategory>
      <Execution id="fb84de40-0e9b-42d5-aa20-f83248d287cf" />
      <TestMethod codeBase="D:\actions-runner\_work\XPCO\XPCO\AllSolutions\..\SC\Components\RemoteViewer\SmartClient\tst\zSmartClient_UnitTest\bin\x64\Debug\net6.0-windows\zSmartClient_UnitTest.dll" adapterTypeName="executor://mstestadapter/v2" className="SmartClient_UnitTest.VideoOS.RemoteClient.Plugin.CentralizedSearch.ViewModels.SearchResultsViewModelTest" name="LoadStateFrom_OrderResultsBy_Success" />
    </UnitTest>
    <UnitTest name="ToMipSearchResultData_ShouldIncludeResultPropertiesFromAllSubResults" storage="d:\actions-runner\_work\xpco\xpco\allsolutions\..\sc\components\remoteviewer\smartclient\tst\zsmartclient_unittest\bin\x64\debug\net6.0-windows\zsmartclient_unittest.dll" id="52643794-b083-7c0f-47d3-00e62a4cf8ea">
      <TestCategory>
        <TestCategoryItem TestCategory="Search.Wrappers" />
      </TestCategory>
      <Execution id="a5f48684-722d-46bb-a0a6-625aded43798" />
      <TestMethod codeBase="D:\actions-runner\_work\XPCO\XPCO\AllSolutions\..\SC\Components\RemoteViewer\SmartClient\tst\zSmartClient_UnitTest\bin\x64\Debug\net6.0-windows\zSmartClient_UnitTest.dll" adapterTypeName="executor://mstestadapter/v2" className="SmartClient_UnitTest.VideoOS.RemoteClient.Plugin.CentralizedSearch.Models.Wrappers.CombinedSearchResultDataWrapperTests" name="ToMipSearchResultData_ShouldIncludeResultPropertiesFromAllSubResults" />
    </UnitTest>
    <UnitTest name="Map_AddExtraBackgroundLayer_Success" storage="d:\actions-runner\_work\xpco\xpco\allsolutions\..\sc\components\remoteviewer\smartclient\tst\zsmartclient_unittest\bin\x64\debug\net6.0-windows\zsmartclient_unittest.dll" id="88e52a12-1a52-4078-5db4-c86ba1c3b447">
      <TestCategory>
        <TestCategoryItem TestCategory="GisMapLayers" />
      </TestCategory>
      <Execution id="e46ed3e1-cfc1-45c9-a762-050a35228439" />
      <TestMethod codeBase="D:\actions-runner\_work\XPCO\XPCO\AllSolutions\..\SC\Components\RemoteViewer\SmartClient\tst\zSmartClient_UnitTest\bin\x64\Debug\net6.0-windows\zSmartClient_UnitTest.dll" adapterTypeName="executor://mstestadapter/v2" className="SmartClient_UnitTest.VideoOS.RemoteClient.GisMapData.GisMapLayerTests" name="Map_AddExtraBackgroundLayer_Success" />
    </UnitTest>
    <UnitTest name="OpenEditAndChangeAttributeValue_ValidChange_EditValueUpdated" storage="d:\actions-runner\_work\xpco\xpco\allsolutions\..\sc\components\remoteviewer\smartclient\tst\zsmartclient_unittest\bin\x64\debug\net6.0-windows\zsmartclient_unittest.dll" id="a45efc73-9982-c081-715a-b39f84b6a0cd">
      <TestCategory>
        <TestCategoryItem TestCategory="SearchControls" />
      </TestCategory>
      <Execution id="d904cfc9-9bde-4f01-9d9e-91a8c42fd623" />
      <TestMethod codeBase="D:\actions-runner\_work\XPCO\XPCO\AllSolutions\..\SC\Components\RemoteViewer\SmartClient\tst\zSmartClient_UnitTest\bin\x64\Debug\net6.0-windows\zSmartClient_UnitTest.dll" adapterTypeName="executor://mstestadapter/v2" className="SmartClient_UnitTest.VideoOS.RemoteClient.Plugin.CentralizedSearch.Views.Controls.DropDownAttributeEditor.DropDownAttributeEditorTests" name="OpenEditAndChangeAttributeValue_ValidChange_EditValueUpdated" />
    </UnitTest>
    <UnitTest name="Ctor_NoBuiltInGroupsDefined_NoCompositeAgentsAdded" storage="d:\actions-runner\_work\xpco\xpco\allsolutions\..\sc\components\remoteviewer\smartclient\tst\zsmartclient_unittest\bin\x64\debug\net6.0-windows\zsmartclient_unittest.dll" id="07dba9c8-887e-44e6-63b8-7e227b9aaff8">
      <TestCategory>
        <TestCategoryItem TestCategory="ScSearchManager" />
      </TestCategory>
      <Execution id="c8178a3c-1e5c-4d23-9f0d-5b781b2807f5" />
      <TestMethod codeBase="D:\actions-runner\_work\XPCO\XPCO\AllSolutions\..\SC\Components\RemoteViewer\SmartClient\tst\zSmartClient_UnitTest\bin\x64\Debug\net6.0-windows\zSmartClient_UnitTest.dll" adapterTypeName="executor://mstestadapter/v2" className="SmartClient_UnitTest.VideoOS.RemoteClient.Plugin.CentralizedSearch.MIPPlugin.ScSearchManagerTests" name="Ctor_NoBuiltInGroupsDefined_NoCompositeAgentsAdded" />
    </UnitTest>
    <UnitTest name="PtzSessionTimer_ConstructorTest" storage="d:\actions-runner\_work\xpco\xpco\allsolutions\..\sc\components\remoteviewer\smartclient\tst\zsmartclient_unittest\bin\x64\debug\net6.0-windows\zsmartclient_unittest.dll" id="0431698b-89c7-961c-1219-e2a2171a4f5c">
      <Execution id="cc9a2f7c-9d62-4c08-8668-3372a862036c" />
      <TestMethod codeBase="D:\actions-runner\_work\XPCO\XPCO\AllSolutions\..\SC\Components\RemoteViewer\SmartClient\tst\zSmartClient_UnitTest\bin\x64\Debug\net6.0-windows\zSmartClient_UnitTest.dll" adapterTypeName="executor://mstestadapter/v2" className="VideoOS.RemoteClient.Application.Controllers.UnitTest.PtzSessionControllerTest" name="PtzSessionTimer_ConstructorTest" />
    </UnitTest>
    <UnitTest name="Create_Success" storage="d:\actions-runner\_work\xpco\xpco\allsolutions\..\sc\components\remoteviewer\smartclient\tst\zsmartclient_unittest\bin\x64\debug\net6.0-windows\zsmartclient_unittest.dll" id="b2858415-8d80-7600-7fe5-6b1b7d183235">
      <TestCategory>
        <TestCategoryItem TestCategory="GisMapMip" />
      </TestCategory>
      <Execution id="583cd15d-090e-4b00-8348-dc6e8f68dac3" />
      <TestMethod codeBase="D:\actions-runner\_work\XPCO\XPCO\AllSolutions\..\SC\Components\RemoteViewer\SmartClient\tst\zSmartClient_UnitTest\bin\x64\Debug\net6.0-windows\zSmartClient_UnitTest.dll" adapterTypeName="executor://mstestadapter/v2" className="SmartClient_UnitTest.VideoOS.RemoteClient.Plugin.GisMap.ThinkGeoMap.ContextMenuUtils.RemoveMipItemContextMenuTests" name="Create_Success" />
    </UnitTest>
    <UnitTest name="TestForAssemblyCoverage" storage="d:\actions-runner\_work\xpco\xpco\allsolutions\..\sc\components\remoteviewer\smartclient\tst\zsmartclient_unittest\bin\x64\debug\net6.0-windows\zsmartclient_unittest.dll" id="aa5c4da8-abb1-5dab-502e-bd81c20e341d">
      <Execution id="a0594521-bfb7-4965-8aad-636a625d6ac5" />
      <TestMethod codeBase="D:\actions-runner\_work\XPCO\XPCO\AllSolutions\..\SC\Components\RemoteViewer\SmartClient\tst\zSmartClient_UnitTest\bin\x64\Debug\net6.0-windows\zSmartClient_UnitTest.dll" adapterTypeName="executor://mstestadapter/v2" className="SmartClient_UnitTest.VideoOS.RemoteClient.Plugin.TextViewItem.UnitTest1" name="TestForAssemblyCoverage" />
    </UnitTest>
    <UnitTest name="Ctor_NullArgument_Throws" storage="d:\actions-runner\_work\xpco\xpco\allsolutions\..\sc\components\remoteviewer\smartclient\tst\zsmartclient_unittest\bin\x64\debug\net6.0-windows\zsmartclient_unittest.dll" id="f7312006-b3af-0869-4d9b-ec9b8e868889">
      <TestCategory>
        <TestCategoryItem TestCategory="Search" />
      </TestCategory>
      <Execution id="45f1efed-a326-48f5-8ded-d9b17d2c8c1c" />
      <TestMethod codeBase="D:\actions-runner\_work\XPCO\XPCO\AllSolutions\..\SC\Components\RemoteViewer\SmartClient\tst\zSmartClient_UnitTest\bin\x64\Debug\net6.0-windows\zSmartClient_UnitTest.dll" adapterTypeName="executor://mstestadapter/v2" className="SmartClient_UnitTest.VideoOS.RemoteClient.Plugin.CentralizedSearch.ViewModels.SearchAttributeViewModelTests" name="Ctor_NullArgument_Throws" />
    </UnitTest>
    <UnitTest name="TestGetBuildingClient_WithBuildingSupport_Success" storage="d:\actions-runner\_work\xpco\xpco\allsolutions\..\sc\components\remoteviewer\smartclient\tst\zsmartclient_unittest\bin\x64\debug\net6.0-windows\zsmartclient_unittest.dll" id="d02f35d6-61fd-fd34-88f9-5255843d0782">
      <Execution id="b96c8f29-440f-4954-8437-a557a2f386be" />
      <TestMethod codeBase="D:\actions-runner\_work\XPCO\XPCO\AllSolutions\..\SC\Components\RemoteViewer\SmartClient\tst\zSmartClient_UnitTest\bin\x64\Debug\net6.0-windows\zSmartClient_UnitTest.dll" adapterTypeName="executor://mstestadapter/v2" className="SmartClient_UnitTest.VideoOS.RemoteClient.GisMapData.Communication.CommunicationFacadeTests" name="TestGetBuildingClient_WithBuildingSupport_Success" />
    </UnitTest>
    <UnitTest name="IsVisible_MultipleSelectedResult_ReturnsTrue" storage="d:\actions-runner\_work\xpco\xpco\allsolutions\..\sc\components\remoteviewer\smartclient\tst\zsmartclient_unittest\bin\x64\debug\net6.0-windows\zsmartclient_unittest.dll" id="4aa175c2-c268-2aa8-a9f4-2e34c2367c47">
      <TestCategory>
        <TestCategoryItem TestCategory="SearchResultActionBarViewModel" />
      </TestCategory>
      <Execution id="acabfa97-a3b1-4f25-b4b1-60c5de5f9bed" />
      <TestMethod codeBase="D:\actions-runner\_work\XPCO\XPCO\AllSolutions\..\SC\Components\RemoteViewer\SmartClient\tst\zSmartClient_UnitTest\bin\x64\Debug\net6.0-windows\zSmartClient_UnitTest.dll" adapterTypeName="executor://mstestadapter/v2" className="SmartClient_UnitTest.VideoOS.RemoteClient.Plugin.CentralizedSearch.ViewModels.SearchResultsActionBarViewModelTest" name="IsVisible_MultipleSelectedResult_ReturnsTrue" />
    </UnitTest>
    <UnitTest name="BindingModelEnabled_ReactsTo_UpdateState" storage="d:\actions-runner\_work\xpco\xpco\allsolutions\..\sc\components\remoteviewer\smartclient\tst\zsmartclient_unittest\bin\x64\debug\net6.0-windows\zsmartclient_unittest.dll" id="2f225332-0e21-75f7-07f4-8bdf7706d8a6">
      <TestCategory>
        <TestCategoryItem TestCategory="WorkspaceToolbar" />
      </TestCategory>
      <Execution id="632b1dee-a97f-4329-80da-a98d3f669bf7" />
      <TestMethod codeBase="D:\actions-runner\_work\XPCO\XPCO\AllSolutions\..\SC\Components\RemoteViewer\SmartClient\tst\zSmartClient_UnitTest\bin\x64\Debug\net6.0-windows\zSmartClient_UnitTest.dll" adapterTypeName="executor://mstestadapter/v2" className="SmartClient_UnitTest.VideoOS.RemoteClient.Application.Data.WorkspaceToolbar.WorkspaceToolbarItemMipPluginTests" name="BindingModelEnabled_ReactsTo_UpdateState" />
    </UnitTest>
    <UnitTest name="Decorate_ShouldNotAddChildren_WhenThereLayersImplementingITitleToggleableHasNoItems" storage="d:\actions-runner\_work\xpco\xpco\allsolutions\..\sc\components\remoteviewer\smartclient\tst\zsmartclient_unittest\bin\x64\debug\net6.0-windows\zsmartclient_unittest.dll" id="dce39246-34e9-ee17-be45-81df055ba9b7">
      <TestCategory>
        <TestCategoryItem TestCategory="GisMap.LayerVisibilityItemDataChildrenToggleItemDecoratorTests" />
      </TestCategory>
      <Execution id="a90cec19-c824-47c7-93b1-983a054b25b3" />
      <TestMethod codeBase="D:\actions-runner\_work\XPCO\XPCO\AllSolutions\..\SC\Components\RemoteViewer\SmartClient\tst\zSmartClient_UnitTest\bin\x64\Debug\net6.0-windows\zSmartClient_UnitTest.dll" adapterTypeName="executor://mstestadapter/v2" className="SmartClient_UnitTest.VideoOS.RemoteClient.Plugin.GisMap.ViewModels.LayersVisibility.Decorators.LayerVisibilityItemDataChildrenToggleItemDecoratorTests" name="Decorate_ShouldNotAddChildren_WhenThereLayersImplementingITitleToggleableHasNoItems" />
    </UnitTest>
    <UnitTest name="ValidateExportLocation_ShouldReturnFailResult_ExportFolderIsIllegal (False,False)" storage="d:\actions-runner\_work\xpco\xpco\allsolutions\..\sc\components\remoteviewer\smartclient\tst\zsmartclient_unittest\bin\x64\debug\net6.0-windows\zsmartclient_unittest.dll" id="936773db-b795-e78b-bd48-047185555c32">
      <TestCategory>
        <TestCategoryItem TestCategory="Export" />
      </TestCategory>
      <Execution id="5931a3f0-b385-44fc-9793-89e4e981c513" />
      <TestMethod codeBase="D:\actions-runner\_work\XPCO\XPCO\AllSolutions\..\SC\Components\RemoteViewer\SmartClient\tst\zSmartClient_UnitTest\bin\x64\Debug\net6.0-windows\zSmartClient_UnitTest.dll" adapterTypeName="executor://mstestadapter/v2" className="SmartClient_UnitTest.VideoOS.RemoteClient.Plugin.Export.ExportDataValidatorTests" name="ValidateExportLocation_ShouldReturnFailResult_ExportFolderIsIllegal" />
    </UnitTest>
    <UnitTest name="GetClusters_Milestone_DifferentZoom_Success" storage="d:\actions-runner\_work\xpco\xpco\allsolutions\..\sc\components\remoteviewer\smartclient\tst\zsmartclient_unittest\bin\x64\debug\net6.0-windows\zsmartclient_unittest.dll" id="b11ed0cb-92ec-eb39-adbe-7566a1ca86ed">
      <TestCategory>
        <TestCategoryItem TestCategory="GisMapIndex" />
      </TestCategory>
      <Execution id="882f4876-5fc5-4594-ae2b-013966987368" />
      <TestMethod codeBase="D:\actions-runner\_work\XPCO\XPCO\AllSolutions\..\SC\Components\RemoteViewer\SmartClient\tst\zSmartClient_UnitTest\bin\x64\Debug\net6.0-windows\zSmartClient_UnitTest.dll" adapterTypeName="executor://mstestadapter/v2" className="SmartClient_UnitTest.VideoOS.RemoteClient.GisMapData.Common.Indexer.BuildingsAwareIndexerTests" name="GetClusters_Milestone_DifferentZoom_Success" />
    </UnitTest>
    <UnitTest name="ConvertBack_ShouldReturnIsNormalState_WhenValueFalse" storage="d:\actions-runner\_work\xpco\xpco\allsolutions\..\sc\components\remoteviewer\smartclient\tst\zsmartclient_unittest\bin\x64\debug\net6.0-windows\zsmartclient_unittest.dll" id="795c0b9d-f299-8ffa-d2ce-4bce515e128c">
      <TestCategory>
        <TestCategoryItem TestCategory="GisMap.InteractionStateConverter" />
      </TestCategory>
      <Execution id="9d3c425d-d2d9-4b94-8d26-2b81e5c09838" />
      <TestMethod codeBase="D:\actions-runner\_work\XPCO\XPCO\AllSolutions\..\SC\Components\RemoteViewer\SmartClient\tst\zSmartClient_UnitTest\bin\x64\Debug\net6.0-windows\zSmartClient_UnitTest.dll" adapterTypeName="executor://mstestadapter/v2" className="SmartClient_UnitTest.VideoOS.RemoteClient.Plugin.GisMap.View.InteractionStateConverterTests" name="ConvertBack_ShouldReturnIsNormalState_WhenValueFalse" />
    </UnitTest>
    <UnitTest name="BoundingBoxPlaybackNoLiveHandler" storage="d:\actions-runner\_work\xpco\xpco\allsolutions\..\sc\components\remoteviewer\smartclient\tst\zsmartclient_unittest\bin\x64\debug\net6.0-windows\zsmartclient_unittest.dll" id="c0b0990b-db80-5ada-cdd8-224bb5ed398a">
      <Execution id="8419a5f4-740c-4e33-bc5c-cfbc173bc796" />
      <TestMethod codeBase="D:\actions-runner\_work\XPCO\XPCO\AllSolutions\..\SC\Components\RemoteViewer\SmartClient\tst\zSmartClient_UnitTest\bin\x64\Debug\net6.0-windows\zSmartClient_UnitTest.dll" adapterTypeName="executor://mstestadapter/v2" className="SmartClient_UnitTest.VideoOS.RemoteClient.Application.Data.Metadata.BoundingBoxes.BoundingBoxProviderTest" name="BoundingBoxPlaybackNoLiveHandler" />
    </UnitTest>
    <UnitTest name="UnmutedMicrophoneIconsId_ShouldReturnUnMutedIconsInAProperOrder_WhenCalled" storage="d:\actions-runner\_work\xpco\xpco\allsolutions\..\sc\components\remoteviewer\smartclient\tst\zsmartclient_unittest\bin\x64\debug\net6.0-windows\zsmartclient_unittest.dll" id="bca73f19-3fcc-16d4-a031-f2f6afaf40ee">
      <TestCategory>
        <TestCategoryItem TestCategory="GisMapData.MicrophoneOemResourcesProviderTests" />
      </TestCategory>
      <Execution id="c8ec2bf2-ad49-460a-abef-43fcb2269ef6" />
      <TestMethod codeBase="D:\actions-runner\_work\XPCO\XPCO\AllSolutions\..\SC\Components\RemoteViewer\SmartClient\tst\zSmartClient_UnitTest\bin\x64\Debug\net6.0-windows\zSmartClient_UnitTest.dll" adapterTypeName="executor://mstestadapter/v2" className="SmartClient_UnitTest.VideoOS.RemoteClient.GisMapData.Resources.MicrophoneOemResourcesProviderTests" name="UnmutedMicrophoneIconsId_ShouldReturnUnMutedIconsInAProperOrder_WhenCalled" />
    </UnitTest>
    <UnitTest name="SupportsDoubleClick_ShouldBeTrue_WhenInteractionStateIsNewDevice" storage="d:\actions-runner\_work\xpco\xpco\allsolutions\..\sc\components\remoteviewer\smartclient\tst\zsmartclient_unittest\bin\x64\debug\net6.0-windows\zsmartclient_unittest.dll" id="a6af3342-e82c-99d7-7280-f0bc3b6ef111">
      <TestCategory>
        <TestCategoryItem TestCategory="GisMap.OutputMarkerTest" />
      </TestCategory>
      <Execution id="640bc36f-6668-4fb2-b202-8e54eb9cca45" />
      <TestMethod codeBase="D:\actions-runner\_work\XPCO\XPCO\AllSolutions\..\SC\Components\RemoteViewer\SmartClient\tst\zSmartClient_UnitTest\bin\x64\Debug\net6.0-windows\zSmartClient_UnitTest.dll" adapterTypeName="executor://mstestadapter/v2" className="SmartClient_UnitTest.VideoOS.RemoteClient.Plugin.GisMap.ThinkGeoMap.Markers.DeviceMarkers.OutputMarker.OutputMarkerTests" name="SupportsDoubleClick_ShouldBeTrue_WhenInteractionStateIsNewDevice" />
    </UnitTest>
    <UnitTest name="OpenStreetMapLayer_IsGeographic_Load_Success" storage="d:\actions-runner\_work\xpco\xpco\allsolutions\..\sc\components\remoteviewer\smartclient\tst\zsmartclient_unittest\bin\x64\debug\net6.0-windows\zsmartclient_unittest.dll" id="376aa488-622a-ef3d-865f-34b9990a82be">
      <TestCategory>
        <TestCategoryItem TestCategory="GisMapLayer" />
      </TestCategory>
      <Execution id="85ac016c-3e25-413d-aef1-e0e30ce4bed6" />
      <TestMethod codeBase="D:\actions-runner\_work\XPCO\XPCO\AllSolutions\..\SC\Components\RemoteViewer\SmartClient\tst\zSmartClient_UnitTest\bin\x64\Debug\net6.0-windows\zSmartClient_UnitTest.dll" adapterTypeName="executor://mstestadapter/v2" className="SmartClient_UnitTest.VideoOS.RemoteClient.GisMap.MapLayers.GisMapLayerTests" name="OpenStreetMapLayer_IsGeographic_Load_Success" />
    </UnitTest>
    <UnitTest name="CameraItemsMapLayer_Load_Save_DataIsSame" storage="d:\actions-runner\_work\xpco\xpco\allsolutions\..\sc\components\remoteviewer\smartclient\tst\zsmartclient_unittest\bin\x64\debug\net6.0-windows\zsmartclient_unittest.dll" id="3adcd1f6-966f-7457-7e36-7976f4188830">
      <TestCategory>
        <TestCategoryItem TestCategory="GisMapLayer" />
      </TestCategory>
      <Execution id="d120a827-8773-46b1-9b53-c164195fed73" />
      <TestMethod codeBase="D:\actions-runner\_work\XPCO\XPCO\AllSolutions\..\SC\Components\RemoteViewer\SmartClient\tst\zSmartClient_UnitTest\bin\x64\Debug\net6.0-windows\zSmartClient_UnitTest.dll" adapterTypeName="executor://mstestadapter/v2" className="SmartClient_UnitTest.VideoOS.RemoteClient.GisMap.MapLayers.GisMapLayerTests" name="CameraItemsMapLayer_Load_Save_DataIsSame" />
    </UnitTest>
    <UnitTest name="PatrollingProfileViewModelTest_IsInEditMode_IsNotInEditMode_Set" storage="d:\actions-runner\_work\xpco\xpco\allsolutions\..\sc\components\remoteviewer\smartclient\tst\zsmartclient_unittest\bin\x64\debug\net6.0-windows\zsmartclient_unittest.dll" id="8fad5930-640a-f193-8986-d1e8191830e2">
      <Execution id="a45ae52c-fee6-4e13-a10f-c151d85c83dc" />
      <TestMethod codeBase="D:\actions-runner\_work\XPCO\XPCO\AllSolutions\..\SC\Components\RemoteViewer\SmartClient\tst\zSmartClient_UnitTest\bin\x64\Debug\net6.0-windows\zSmartClient_UnitTest.dll" adapterTypeName="executor://mstestadapter/v2" className="SmartClient_UnitTest.VideoOS.RemoteClient.Application.UI.PtzPreset.PatrollingViewModel.PatrollingProfileViewModelTest" name="PatrollingProfileViewModelTest_IsInEditMode_IsNotInEditMode_Set" />
    </UnitTest>
    <UnitTest name="UpdateScope_ItemsChangedButSameCollectionSize_ReturnsTrue" storage="d:\actions-runner\_work\xpco\xpco\allsolutions\..\sc\components\remoteviewer\smartclient\tst\zsmartclient_unittest\bin\x64\debug\net6.0-windows\zsmartclient_unittest.dll" id="9fe32e3c-1f4e-e7ac-2652-a48159917634">
      <TestCategory>
        <TestCategoryItem TestCategory="SearchModels" />
      </TestCategory>
      <Execution id="bb1cf018-3614-4587-a66d-8d0c8208ed72" />
      <TestMethod codeBase="D:\actions-runner\_work\XPCO\XPCO\AllSolutions\..\SC\Components\RemoteViewer\SmartClient\tst\zSmartClient_UnitTest\bin\x64\Debug\net6.0-windows\zSmartClient_UnitTest.dll" adapterTypeName="executor://mstestadapter/v2" className="SmartClient_UnitTest.VideoOS.RemoteClient.Plugin.CentralizedSearch.Models.SearchScopeTests" name="UpdateScope_ItemsChangedButSameCollectionSize_ReturnsTrue" />
    </UnitTest>
    <UnitTest name="Deserialize_CustomScopeDurationAndFromToValues_ToAndFromValuesUsed" storage="d:\actions-runner\_work\xpco\xpco\allsolutions\..\sc\components\remoteviewer\smartclient\tst\zsmartclient_unittest\bin\x64\debug\net6.0-windows\zsmartclient_unittest.dll" id="326c0813-dde1-1e08-607c-dc55537bd92d">
      <TestCategory>
        <TestCategoryItem TestCategory="SearchModels" />
      </TestCategory>
      <Execution id="5ba051f8-1eac-4c4c-8ea8-0b6e6343edd9" />
      <TestMethod codeBase="D:\actions-runner\_work\XPCO\XPCO\AllSolutions\..\SC\Components\RemoteViewer\SmartClient\tst\zSmartClient_UnitTest\bin\x64\Debug\net6.0-windows\zSmartClient_UnitTest.dll" adapterTypeName="executor://mstestadapter/v2" className="SmartClient_UnitTest.VideoOS.RemoteClient.Plugin.CentralizedSearch.Models.SearchModelTests" name="Deserialize_CustomScopeDurationAndFromToValues_ToAndFromValuesUsed" />
    </UnitTest>
    <UnitTest name="TryGetEventServerIdByACSystemId_ShouldReturnAnEmptyGuid_WhenEventServerIdIsNotPartOfServerConfiguredAccessControlSystemsDictionary" storage="d:\actions-runner\_work\xpco\xpco\allsolutions\..\sc\components\remoteviewer\smartclient\tst\zsmartclient_unittest\bin\x64\debug\net6.0-windows\zsmartclient_unittest.dll" id="785adfea-b9ff-19b0-fdb3-0e5d5ad68924">
      <TestCategory>
        <TestCategoryItem TestCategory="AccessControl" />
      </TestCategory>
      <Execution id="2a9a6909-329e-4281-a7da-9703416abd1f" />
      <TestMethod codeBase="D:\actions-runner\_work\XPCO\XPCO\AllSolutions\..\SC\Components\RemoteViewer\SmartClient\tst\zSmartClient_UnitTest\bin\x64\Debug\net6.0-windows\zSmartClient_UnitTest.dll" adapterTypeName="executor://mstestadapter/v2" className="SmartClient_UnitTest.VideoOS.RemoteClient.AccessControl.AccessControlLoginInfoTests" name="TryGetEventServerIdByACSystemId_ShouldReturnAnEmptyGuid_WhenEventServerIdIsNotPartOfServerConfiguredAccessControlSystemsDictionary" />
    </UnitTest>
    <UnitTest name="AddToExportDevices_ShouldAddToExportData (0)" storage="d:\actions-runner\_work\xpco\xpco\allsolutions\..\sc\components\remoteviewer\smartclient\tst\zsmartclient_unittest\bin\x64\debug\net6.0-windows\zsmartclient_unittest.dll" id="3a19b5c0-1365-ca23-ee7f-bd0c0b6da0fe">
      <TestCategory>
        <TestCategoryItem TestCategory="Managers" />
      </TestCategory>
      <Execution id="e31fa5a1-0694-4a99-9e9c-b1d06e3b88ee" />
      <TestMethod codeBase="D:\actions-runner\_work\XPCO\XPCO\AllSolutions\..\SC\Components\RemoteViewer\SmartClient\tst\zSmartClient_UnitTest\bin\x64\Debug\net6.0-windows\zSmartClient_UnitTest.dll" adapterTypeName="executor://mstestadapter/v2" className="SmartClient_UnitTest.VideoOS.RemoteClient.Application.Managers.ExportManagerTests" name="AddToExportDevices_ShouldAddToExportData" />
    </UnitTest>
    <UnitTest name="FilterValueHasRegionSelectionForCamera_ShouldReturnFalse_WhenFilterValueDoesNotHaveRegionSelectionForCamera" storage="d:\actions-runner\_work\xpco\xpco\allsolutions\..\sc\components\remoteviewer\smartclient\tst\zsmartclient_unittest\bin\x64\debug\net6.0-windows\zsmartclient_unittest.dll" id="57c51b3e-0bbc-373f-47ab-9b946ca10dfa">
      <TestCategory>
        <TestCategoryItem TestCategory="Search.Filters.ViewModels" />
      </TestCategory>
      <Execution id="bd79a82e-f3f1-472e-a27b-7dbaf2a5f2c6" />
      <TestMethod codeBase="D:\actions-runner\_work\XPCO\XPCO\AllSolutions\..\SC\Components\RemoteViewer\SmartClient\tst\zSmartClient_UnitTest\bin\x64\Debug\net6.0-windows\zSmartClient_UnitTest.dll" adapterTypeName="executor://mstestadapter/v2" className="SmartClient_UnitTest.VideoOS.RemoteClient.Plugin.CentralizedSearch.MIPPlugin.Criteria.ViewModels.RegionSelectionCameraListItemHelperTests" name="FilterValueHasRegionSelectionForCamera_ShouldReturnFalse_WhenFilterValueDoesNotHaveRegionSelectionForCamera" />
    </UnitTest>
    <UnitTest name="ShouldExposeCalculatedValues" storage="d:\actions-runner\_work\xpco\xpco\allsolutions\..\sc\components\remoteviewer\smartclient\tst\zsmartclient_unittest\bin\x64\debug\net6.0-windows\zsmartclient_unittest.dll" id="9121a1cd-2d02-27fe-e6a5-6751e2d93e61">
      <TestCategory>
        <TestCategoryItem TestCategory="MipItemsUpdateStrategy" />
      </TestCategory>
      <Execution id="32be1b8a-748e-4070-9bf8-7bf4c8cd9494" />
      <TestMethod codeBase="D:\actions-runner\_work\XPCO\XPCO\AllSolutions\..\SC\Components\RemoteViewer\SmartClient\tst\zSmartClient_UnitTest\bin\x64\Debug\net6.0-windows\zSmartClient_UnitTest.dll" adapterTypeName="executor://mstestadapter/v2" className="SmartClient_UnitTest.VideoOS.RemoteClient.Plugin.GisMap.MIP.MipItemsUpdateStrategyTests" name="ShouldExposeCalculatedValues" />
    </UnitTest>
    <UnitTest name="SelectionCountDisplayText_ZeroSelectedResults_ReturnsEmptyString" storage="d:\actions-runner\_work\xpco\xpco\allsolutions\..\sc\components\remoteviewer\smartclient\tst\zsmartclient_unittest\bin\x64\debug\net6.0-windows\zsmartclient_unittest.dll" id="0e000a76-c424-1348-5a62-7f5cf04c0b5a">
      <TestCategory>
        <TestCategoryItem TestCategory="SearchResultActionBarViewModel" />
      </TestCategory>
      <Execution id="f66867ea-19ff-4637-afca-5031825ec32a" />
      <TestMethod codeBase="D:\actions-runner\_work\XPCO\XPCO\AllSolutions\..\SC\Components\RemoteViewer\SmartClient\tst\zSmartClient_UnitTest\bin\x64\Debug\net6.0-windows\zSmartClient_UnitTest.dll" adapterTypeName="executor://mstestadapter/v2" className="SmartClient_UnitTest.VideoOS.RemoteClient.Plugin.CentralizedSearch.ViewModels.SearchResultsActionBarViewModelTest" name="SelectionCountDisplayText_ZeroSelectedResults_ReturnsEmptyString" />
    </UnitTest>
    <UnitTest name="AssignPanTiltValue_WhenValueJustAboveDeadzone_ShouldReturnJustAboveCenterValue" storage="d:\actions-runner\_work\xpco\xpco\allsolutions\..\sc\components\remoteviewer\smartclient\tst\zsmartclient_unittest\bin\x64\debug\net6.0-windows\zsmartclient_unittest.dll" id="007b902b-e17d-c451-d588-1b1be6581913">
      <Execution id="2aa65805-206f-4208-87c4-db4f63d3bc87" />
      <TestMethod codeBase="D:\actions-runner\_work\XPCO\XPCO\AllSolutions\..\SC\Components\RemoteViewer\SmartClient\tst\zSmartClient_UnitTest\bin\x64\Debug\net6.0-windows\zSmartClient_UnitTest.dll" adapterTypeName="executor://mstestadapter/v2" className="SmartClient_UnitTest.VideoOS.RemoteClient.Plugin.JoystickSupport.JoystickDeviceTests" name="AssignPanTiltValue_WhenValueJustAboveDeadzone_ShouldReturnJustAboveCenterValue" />
    </UnitTest>
    <UnitTest name="Connect_WhenServerAuthenticationIsOAuthSecure_ShouldCreateSecureSchClient" storage="d:\actions-runner\_work\xpco\xpco\allsolutions\..\sc\components\remoteviewer\smartclient\tst\zsmartclient_unittest\bin\x64\debug\net6.0-windows\zsmartclient_unittest.dll" id="41ffe1b6-1bbb-2400-999f-02df2a743ad6">
      <Execution id="ab11723e-71ee-429f-95de-e0370f5658af" />
      <TestMethod codeBase="D:\actions-runner\_work\XPCO\XPCO\AllSolutions\..\SC\Components\RemoteViewer\SmartClient\tst\zSmartClient_UnitTest\bin\x64\Debug\net6.0-windows\zSmartClient_UnitTest.dll" adapterTypeName="executor://mstestadapter/v2" className="VideoOS.Shared.ServerAPI.ServiceChannel.UnitTest.ServiceChannelCommandServiceTests" name="Connect_WhenServerAuthenticationIsOAuthSecure_ShouldCreateSecureSchClient" />
    </UnitTest>
    <UnitTest name="SidePanelToggleButtonIsVisible_DependingOnConditions (Normal,True,True,False)" storage="d:\actions-runner\_work\xpco\xpco\allsolutions\..\sc\components\remoteviewer\smartclient\tst\zsmartclient_unittest\bin\x64\debug\net6.0-windows\zsmartclient_unittest.dll" id="53482988-7657-3aab-fcf9-974d42e0179b">
      <TestCategory>
        <TestCategoryItem TestCategory="WorkspaceToolbar" />
      </TestCategory>
      <Execution id="229bb23b-9852-4444-a556-dacd60aaabd3" />
      <TestMethod codeBase="D:\actions-runner\_work\XPCO\XPCO\AllSolutions\..\SC\Components\RemoteViewer\SmartClient\tst\zSmartClient_UnitTest\bin\x64\Debug\net6.0-windows\zSmartClient_UnitTest.dll" adapterTypeName="executor://mstestadapter/v2" className="SmartClient_UnitTest.VideoOS.RemoteClient.Application.UI.Content.WorkspaceToolbar.WorkspaceToolbarViewModelTests" name="SidePanelToggleButtonIsVisible_DependingOnConditions" />
    </UnitTest>
    <UnitTest name="TestSaveMap_MapAndLayerChanges_Success" storage="d:\actions-runner\_work\xpco\xpco\allsolutions\..\sc\components\remoteviewer\smartclient\tst\zsmartclient_unittest\bin\x64\debug\net6.0-windows\zsmartclient_unittest.dll" id="4ad3fc13-c11a-f5b6-2594-d08a3607b0ec">
      <TestCategory>
        <TestCategoryItem TestCategory="GisMapBuilding" />
      </TestCategory>
      <Execution id="1b892803-4367-4b74-b265-e6c120dea915" />
      <TestMethod codeBase="D:\actions-runner\_work\XPCO\XPCO\AllSolutions\..\SC\Components\RemoteViewer\SmartClient\tst\zSmartClient_UnitTest\bin\x64\Debug\net6.0-windows\zSmartClient_UnitTest.dll" adapterTypeName="executor://mstestadapter/v2" className="SmartClient_UnitTest.VideoOS.RemoteClient.GisMapData.GisMapBuildingTests" name="TestSaveMap_MapAndLayerChanges_Success" />
    </UnitTest>
    <UnitTest name="MainScopeTitleMaxWidthConverter_ConvertBack_Fails" storage="d:\actions-runner\_work\xpco\xpco\allsolutions\..\sc\components\remoteviewer\smartclient\tst\zsmartclient_unittest\bin\x64\debug\net6.0-windows\zsmartclient_unittest.dll" id="b734b426-c8b0-ef6c-467b-1212971e7759">
      <TestCategory>
        <TestCategoryItem TestCategory="SearchConverter" />
      </TestCategory>
      <Execution id="c5ec4f1f-95da-427a-8163-a40b8ac83974" />
      <TestMethod codeBase="D:\actions-runner\_work\XPCO\XPCO\AllSolutions\..\SC\Components\RemoteViewer\SmartClient\tst\zSmartClient_UnitTest\bin\x64\Debug\net6.0-windows\zSmartClient_UnitTest.dll" adapterTypeName="executor://mstestadapter/v2" className="SmartClient_UnitTest.VideoOS.RemoteClient.Plugin.CentralizedSearch.Views.Converters.MainScopeTitleMaxWidthConverterTests" name="MainScopeTitleMaxWidthConverter_ConvertBack_Fails" />
    </UnitTest>
    <UnitTest name="HandleGetDeviceData_ShouldReturnNotFoundDeviceData_WhenInputKindAndNonExistingInputId" storage="d:\actions-runner\_work\xpco\xpco\allsolutions\..\sc\components\remoteviewer\smartclient\tst\zsmartclient_unittest\bin\x64\debug\net6.0-windows\zsmartclient_unittest.dll" id="4a1a72a9-3748-b54f-9812-2fd52873801b">
      <TestCategory>
        <TestCategoryItem TestCategory="GisMap.Handlers.Devices.MapItems" />
      </TestCategory>
      <Execution id="6b46b059-b44e-4336-a7d3-8e57b6f2164c" />
      <TestMethod codeBase="D:\actions-runner\_work\XPCO\XPCO\AllSolutions\..\SC\Components\RemoteViewer\SmartClient\tst\zSmartClient_UnitTest\bin\x64\Debug\net6.0-windows\zSmartClient_UnitTest.dll" adapterTypeName="executor://mstestadapter/v2" className="SmartClient_UnitTest.VideoOS.RemoteClient.Plugin.GisMap.Handlers.Devices.MapItems.InputDataHandlerTests" name="HandleGetDeviceData_ShouldReturnNotFoundDeviceData_WhenInputKindAndNonExistingInputId" />
    </UnitTest>
    <UnitTest name="GetGisMapLayerFlyoutName_ShouldReturnOpenStreetMap_WhenGeographicLayerIsAvailableAndAlternativeServerIsNotEmpty" storage="d:\actions-runner\_work\xpco\xpco\allsolutions\..\sc\components\remoteviewer\smartclient\tst\zsmartclient_unittest\bin\x64\debug\net6.0-windows\zsmartclient_unittest.dll" id="9e654779-7c3a-a723-682e-e39ebed74684">
      <TestCategory>
        <TestCategoryItem TestCategory="GisMapData.Controllers.Osm" />
      </TestCategory>
      <Execution id="d264661c-49fd-4f4d-9b9d-e2de10630e5a" />
      <TestMethod codeBase="D:\actions-runner\_work\XPCO\XPCO\AllSolutions\..\SC\Components\RemoteViewer\SmartClient\tst\zSmartClient_UnitTest\bin\x64\Debug\net6.0-windows\zSmartClient_UnitTest.dll" adapterTypeName="executor://mstestadapter/v2" className="SmartClient_UnitTest.VideoOS.RemoteClient.GisMapData.Controllers.Osm.GisMapOsmControllerTests" name="GetGisMapLayerFlyoutName_ShouldReturnOpenStreetMap_WhenGeographicLayerIsAvailableAndAlternativeServerIsNotEmpty" />
    </UnitTest>
    <UnitTest name="GetCameraTiles_ShouldReturnCorrectCameraTilesWithSingleCameraTest" storage="d:\actions-runner\_work\xpco\xpco\allsolutions\..\sc\components\remoteviewer\smartclient\tst\zsmartclient_unittest\bin\x64\debug\net6.0-windows\zsmartclient_unittest.dll" id="37b7b1e5-9323-fb29-1885-37b5c9283b82">
      <Execution id="a3aeb1e6-c30c-4c47-a6b5-f821af009dac" />
      <TestMethod codeBase="D:\actions-runner\_work\XPCO\XPCO\AllSolutions\..\SC\Components\RemoteViewer\SmartClient\tst\zSmartClient_UnitTest\bin\x64\Debug\net6.0-windows\zSmartClient_UnitTest.dll" adapterTypeName="executor://mstestadapter/v2" className="SmartClient_UnitTest.VideoOS.RemoteClient.Application.Data.ContentTypes.ReportingContentType.DashboardTileProviderTest" name="GetCameraTiles_ShouldReturnCorrectCameraTilesWithSingleCameraTest" />
    </UnitTest>
    <UnitTest name="DeleteSearchTemplateAsync_Fails_Success" storage="d:\actions-runner\_work\xpco\xpco\allsolutions\..\sc\components\remoteviewer\smartclient\tst\zsmartclient_unittest\bin\x64\debug\net6.0-windows\zsmartclient_unittest.dll" id="0b37f41d-8f42-9020-28e4-8cbe84e05257">
      <TestCategory>
        <TestCategoryItem TestCategory="SearchTemplates" />
      </TestCategory>
      <Execution id="531fabd0-e175-468b-9cfa-e27e5c8957e9" />
      <TestMethod codeBase="D:\actions-runner\_work\XPCO\XPCO\AllSolutions\..\SC\Components\RemoteViewer\SmartClient\tst\zSmartClient_UnitTest\bin\x64\Debug\net6.0-windows\zSmartClient_UnitTest.dll" adapterTypeName="executor://mstestadapter/v2" className="SmartClient_UnitTest.VideoOS.RemoteClient.Plugin.CentralizedSearch.SearchTemplates.SearchTemplateManagerTests" name="DeleteSearchTemplateAsync_Fails_Success" />
    </UnitTest>
    <UnitTest name="Command_WithResults_PluginInstanceActivatedCalled" storage="d:\actions-runner\_work\xpco\xpco\allsolutions\..\sc\components\remoteviewer\smartclient\tst\zsmartclient_unittest\bin\x64\debug\net6.0-windows\zsmartclient_unittest.dll" id="f107b2f8-e52e-2d8a-eafb-dc1e00450b6b">
      <TestCategory>
        <TestCategoryItem TestCategory="SearchResultsAction" />
      </TestCategory>
      <Execution id="c9972870-d044-48aa-9928-77fce9fd5585" />
      <TestMethod codeBase="D:\actions-runner\_work\XPCO\XPCO\AllSolutions\..\SC\Components\RemoteViewer\SmartClient\tst\zSmartClient_UnitTest\bin\x64\Debug\net6.0-windows\zSmartClient_UnitTest.dll" adapterTypeName="executor://mstestadapter/v2" className="SmartClient_UnitTest.VideoOS.RemoteClient.Plugin.CentralizedSearch.ViewModels.SearchResultsActionViewModelTests" name="Command_WithResults_PluginInstanceActivatedCalled" />
    </UnitTest>
    <UnitTest name="Serialize_NothingToSerialize_Success" storage="d:\actions-runner\_work\xpco\xpco\allsolutions\..\sc\components\remoteviewer\smartclient\tst\zsmartclient_unittest\bin\x64\debug\net6.0-windows\zsmartclient_unittest.dll" id="660d3fbc-11c9-2181-8c43-b82c5f6b1504">
      <TestCategory>
        <TestCategoryItem TestCategory="SearchSerialization" />
      </TestCategory>
      <Execution id="5e65ad2e-6e6e-4d01-befd-f2288b968a34" />
      <TestMethod codeBase="D:\actions-runner\_work\XPCO\XPCO\AllSolutions\..\SC\Components\RemoteViewer\SmartClient\tst\zSmartClient_UnitTest\bin\x64\Debug\net6.0-windows\zSmartClient_UnitTest.dll" adapterTypeName="executor://mstestadapter/v2" className="SmartClient_UnitTest.VideoOS.RemoteClient.Plugin.CentralizedSearch.Models.Serialization.SearchSerializerTests" name="Serialize_NothingToSerialize_Success" />
    </UnitTest>
    <UnitTest name="SidePanelToggleButtonIsVisible_DependingOnConditions (FullScreen,True,True,False)" storage="d:\actions-runner\_work\xpco\xpco\allsolutions\..\sc\components\remoteviewer\smartclient\tst\zsmartclient_unittest\bin\x64\debug\net6.0-windows\zsmartclient_unittest.dll" id="f5f7c350-0036-6cce-ab16-407f71b81cb4">
      <TestCategory>
        <TestCategoryItem TestCategory="WorkspaceToolbar" />
      </TestCategory>
      <Execution id="5ebcc405-5e45-4832-b99a-3773a92d37c0" />
      <TestMethod codeBase="D:\actions-runner\_work\XPCO\XPCO\AllSolutions\..\SC\Components\RemoteViewer\SmartClient\tst\zSmartClient_UnitTest\bin\x64\Debug\net6.0-windows\zSmartClient_UnitTest.dll" adapterTypeName="executor://mstestadapter/v2" className="SmartClient_UnitTest.VideoOS.RemoteClient.Application.UI.Content.WorkspaceToolbar.WorkspaceToolbarViewModelTests" name="SidePanelToggleButtonIsVisible_DependingOnConditions" />
    </UnitTest>
    <UnitTest name="IconResourceKey_ShouldBeValid_WhenInteractionStateIsAddInput" storage="d:\actions-runner\_work\xpco\xpco\allsolutions\..\sc\components\remoteviewer\smartclient\tst\zsmartclient_unittest\bin\x64\debug\net6.0-windows\zsmartclient_unittest.dll" id="bc93f730-cf4f-b2fd-70c0-19446c70f746">
      <TestCategory>
        <TestCategoryItem TestCategory="GisMap.UI.DeviceSelectors.PanelComponents" />
      </TestCategory>
      <Execution id="933e91de-96f7-45e5-9a6b-88d04a6bbef2" />
      <TestMethod codeBase="D:\actions-runner\_work\XPCO\XPCO\AllSolutions\..\SC\Components\RemoteViewer\SmartClient\tst\zSmartClient_UnitTest\bin\x64\Debug\net6.0-windows\zSmartClient_UnitTest.dll" adapterTypeName="executor://mstestadapter/v2" className="SmartClient_UnitTest.VideoOS.RemoteClient.Plugin.GisMap.UI.DeviceSelectors.PanelComponents.DeviceSelectorPanelComponentTests" name="IconResourceKey_ShouldBeValid_WhenInteractionStateIsAddInput" />
    </UnitTest>
    <UnitTest name="ResolveSearchDefinitions_ShouldReturnResultSearchDefinition_WhenSingleSearchResultAndEmptySearchDefinitionsAreGiven" storage="d:\actions-runner\_work\xpco\xpco\allsolutions\..\sc\components\remoteviewer\smartclient\tst\zsmartclient_unittest\bin\x64\debug\net6.0-windows\zsmartclient_unittest.dll" id="8bf4ac3f-d50d-8962-2b87-11176401d4e7">
      <TestCategory>
        <TestCategoryItem TestCategory="Search" />
      </TestCategory>
      <Execution id="5773641e-f7a8-42b7-9297-7994e1743601" />
      <TestMethod codeBase="D:\actions-runner\_work\XPCO\XPCO\AllSolutions\..\SC\Components\RemoteViewer\SmartClient\tst\zSmartClient_UnitTest\bin\x64\Debug\net6.0-windows\zSmartClient_UnitTest.dll" adapterTypeName="executor://mstestadapter/v2" className="SmartClient_UnitTest.VideoOS.RemoteClient.Plugin.CentralizedSearch.Utils.SearchResultDataWrapperExtensionsTests" name="ResolveSearchDefinitions_ShouldReturnResultSearchDefinition_WhenSingleSearchResultAndEmptySearchDefinitionsAreGiven" />
    </UnitTest>
    <UnitTest name="GetItemsIn_BuildingNoLevels_Returns2Items" storage="d:\actions-runner\_work\xpco\xpco\allsolutions\..\sc\components\remoteviewer\smartclient\tst\zsmartclient_unittest\bin\x64\debug\net6.0-windows\zsmartclient_unittest.dll" id="568e27a2-2d92-2560-0d4d-7360cf22e5e8">
      <TestCategory>
        <TestCategoryItem TestCategory="GisMapIndex" />
      </TestCategory>
      <Execution id="124bacfd-e86b-42d6-bdf6-cf6bda291702" />
      <TestMethod codeBase="D:\actions-runner\_work\XPCO\XPCO\AllSolutions\..\SC\Components\RemoteViewer\SmartClient\tst\zSmartClient_UnitTest\bin\x64\Debug\net6.0-windows\zSmartClient_UnitTest.dll" adapterTypeName="executor://mstestadapter/v2" className="SmartClient_UnitTest.VideoOS.RemoteClient.GisMapData.Common.Indexer.BuildingsAwareIndexerTests" name="GetItemsIn_BuildingNoLevels_Returns2Items" />
    </UnitTest>
    <UnitTest name="Perform_NewActionDuringDelay_OverwritesPrevious" storage="d:\actions-runner\_work\xpco\xpco\allsolutions\..\sc\components\remoteviewer\smartclient\tst\zsmartclient_unittest\bin\x64\debug\net6.0-windows\zsmartclient_unittest.dll" id="3c716f34-734b-16bb-9f28-27f6b4a026ec">
      <TestCategory>
        <TestCategoryItem TestCategory="UI.Facilitators" />
      </TestCategory>
      <Execution id="a6cd2889-eace-46ba-80c7-1a8a28970b42" />
      <TestMethod codeBase="D:\actions-runner\_work\XPCO\XPCO\AllSolutions\..\SC\Components\RemoteViewer\SmartClient\tst\zSmartClient_UnitTest\bin\x64\Debug\net6.0-windows\zSmartClient_UnitTest.dll" adapterTypeName="executor://mstestadapter/v2" className="SmartClient_UnitTest.VideoOS.UI.Common.EventDrivenBufferWithDelayTests" name="Perform_NewActionDuringDelay_OverwritesPrevious" />
    </UnitTest>
    <UnitTest name="MapInputIcons_WhenMilestoneOemResource_ShouldReturnSevenIcons" storage="d:\actions-runner\_work\xpco\xpco\allsolutions\..\sc\components\remoteviewer\smartclient\tst\zsmartclient_unittest\bin\x64\debug\net6.0-windows\zsmartclient_unittest.dll" id="2e98d886-c9c5-7fb8-f647-7bfb037cf4a5">
      <Execution id="162c20d2-b077-471b-a9d2-79c97b3910f0" />
      <TestMethod codeBase="D:\actions-runner\_work\XPCO\XPCO\AllSolutions\..\SC\Components\RemoteViewer\SmartClient\tst\zSmartClient_UnitTest\bin\x64\Debug\net6.0-windows\zSmartClient_UnitTest.dll" adapterTypeName="executor://mstestadapter/v2" className="SmartClient_UnitTest.VideoOS.RemoteClient.Application.Controllers.OemResourceControllerTest" name="MapInputIcons_WhenMilestoneOemResource_ShouldReturnSevenIcons" />
    </UnitTest>
    <UnitTest name="SearchResultsActionBarActions_CreateSnapshot_OptionUnavailable_NotEnabled" storage="d:\actions-runner\_work\xpco\xpco\allsolutions\..\sc\components\remoteviewer\smartclient\tst\zsmartclient_unittest\bin\x64\debug\net6.0-windows\zsmartclient_unittest.dll" id="d6051bbc-d4c3-a2f2-5d50-05eb2d368bda">
      <TestCategory>
        <TestCategoryItem TestCategory="SearchResultActionBarViewModel" />
      </TestCategory>
      <Execution id="135682e8-8830-4a99-a64e-b0d0cf60eb40" />
      <TestMethod codeBase="D:\actions-runner\_work\XPCO\XPCO\AllSolutions\..\SC\Components\RemoteViewer\SmartClient\tst\zSmartClient_UnitTest\bin\x64\Debug\net6.0-windows\zSmartClient_UnitTest.dll" adapterTypeName="executor://mstestadapter/v2" className="SmartClient_UnitTest.VideoOS.RemoteClient.Plugin.CentralizedSearch.ViewModels.SearchResultsActionBarViewModelTest" name="SearchResultsActionBarActions_CreateSnapshot_OptionUnavailable_NotEnabled" />
    </UnitTest>
    <UnitTest name="GetOSFullName_ShouldReturnSomething" storage="d:\actions-runner\_work\xpco\xpco\allsolutions\..\sc\components\remoteviewer\smartclient\tst\zsmartclient_unittest\bin\x64\debug\net6.0-windows\zsmartclient_unittest.dll" id="55e4f137-ee25-d174-0329-0df4a0a2d62a">
      <Execution id="e9da66f5-b83d-459d-9ba1-118d5d3d04df" />
      <TestMethod codeBase="D:\actions-runner\_work\XPCO\XPCO\AllSolutions\..\SC\Components\RemoteViewer\SmartClient\tst\zSmartClient_UnitTest\bin\x64\Debug\net6.0-windows\zSmartClient_UnitTest.dll" adapterTypeName="executor://mstestadapter/v2" className="SmartClient_UnitTest.VideoOS.RemoteClient.Application.Common.Telemetry.SCTelemetrySpecificsTests" name="GetOSFullName_ShouldReturnSomething" />
    </UnitTest>
    <UnitTest name="Dispose_ShouldDetachOnUpdateUnmutedMicrophonesRaised_WhenCalled" storage="d:\actions-runner\_work\xpco\xpco\allsolutions\..\sc\components\remoteviewer\smartclient\tst\zsmartclient_unittest\bin\x64\debug\net6.0-windows\zsmartclient_unittest.dll" id="acb150f5-b42c-e1e1-4437-dd62b031592b">
      <TestCategory>
        <TestCategoryItem TestCategory="GisMapData.MapLayers" />
      </TestCategory>
      <Execution id="60bb2cb7-fb4e-4317-bb44-7e9f9dc8cf35" />
      <TestMethod codeBase="D:\actions-runner\_work\XPCO\XPCO\AllSolutions\..\SC\Components\RemoteViewer\SmartClient\tst\zSmartClient_UnitTest\bin\x64\Debug\net6.0-windows\zSmartClient_UnitTest.dll" adapterTypeName="executor://mstestadapter/v2" className="SmartClient_UnitTest.VideoOS.RemoteClient.GisMapData.MapLayers.MicrophoneItemsMapLayerTests" name="Dispose_ShouldDetachOnUpdateUnmutedMicrophonesRaised_WhenCalled" />
    </UnitTest>
    <UnitTest name="BuildContentOptions_ShouldReturnCorrectWorkspaceName (73576FEA-BD0E-43C4-AD9D-589FBE4DC29B,Default title,Live)" storage="d:\actions-runner\_work\xpco\xpco\allsolutions\..\sc\components\remoteviewer\smartclient\tst\zsmartclient_unittest\bin\x64\debug\net6.0-windows\zsmartclient_unittest.dll" id="943426cc-a0b6-5655-2737-0a0d3026e0a7">
      <Execution id="aa562635-38ba-40ae-bf7c-3ac0bb954ef6" />
      <TestMethod codeBase="D:\actions-runner\_work\XPCO\XPCO\AllSolutions\..\SC\Components\RemoteViewer\SmartClient\tst\zSmartClient_UnitTest\bin\x64\Debug\net6.0-windows\zSmartClient_UnitTest.dll" adapterTypeName="executor://mstestadapter/v2" className="SmartClient_UnitTest.VideoOS.RemoteClient.Application.Common.Telemetry.TelemetryBuilderTests" name="BuildContentOptions_ShouldReturnCorrectWorkspaceName" />
    </UnitTest>
    <UnitTest name="SmartMapGetPositionRequestHandler_WhenDataIsValid_ShouldCallNavigateTo" storage="d:\actions-runner\_work\xpco\xpco\allsolutions\..\sc\components\remoteviewer\smartclient\tst\zsmartclient_unittest\bin\x64\debug\net6.0-windows\zsmartclient_unittest.dll" id="e60bae60-c13a-330d-734d-4108f8865d47">
      <Execution id="ba55df0c-08e4-479b-aa24-1387fcc4719a" />
      <TestMethod codeBase="D:\actions-runner\_work\XPCO\XPCO\AllSolutions\..\SC\Components\RemoteViewer\SmartClient\tst\zSmartClient_UnitTest\bin\x64\Debug\net6.0-windows\zSmartClient_UnitTest.dll" adapterTypeName="executor://mstestadapter/v2" className="SmartClient_UnitTest.VideoOS.RemoteClient.Plugin.GisMap.MIP.ContentHolderMipMessageManagerTests" name="SmartMapGetPositionRequestHandler_WhenDataIsValid_ShouldCallNavigateTo" />
    </UnitTest>
    <UnitTest name="ValidateExportName_ShouldReturnFailResult_ExportNameRequired" storage="d:\actions-runner\_work\xpco\xpco\allsolutions\..\sc\components\remoteviewer\smartclient\tst\zsmartclient_unittest\bin\x64\debug\net6.0-windows\zsmartclient_unittest.dll" id="017cc019-8cef-3e6e-38b3-9860b15006c5">
      <TestCategory>
        <TestCategoryItem TestCategory="Export" />
      </TestCategory>
      <Execution id="51672660-4388-4b6c-8c82-0e93d32b0e9f" />
      <TestMethod codeBase="D:\actions-runner\_work\XPCO\XPCO\AllSolutions\..\SC\Components\RemoteViewer\SmartClient\tst\zSmartClient_UnitTest\bin\x64\Debug\net6.0-windows\zSmartClient_UnitTest.dll" adapterTypeName="executor://mstestadapter/v2" className="SmartClient_UnitTest.VideoOS.RemoteClient.Plugin.Export.ExportDataValidatorTests" name="ValidateExportName_ShouldReturnFailResult_ExportNameRequired" />
    </UnitTest>
    <UnitTest name="BoundingBoxLiveStartNoLiveHandler" storage="d:\actions-runner\_work\xpco\xpco\allsolutions\..\sc\components\remoteviewer\smartclient\tst\zsmartclient_unittest\bin\x64\debug\net6.0-windows\zsmartclient_unittest.dll" id="80e60020-24f2-b8c1-7ee1-a8544259cfd1">
      <Execution id="42912aed-a77b-4016-ad1f-0c5ecbfe452a" />
      <TestMethod codeBase="D:\actions-runner\_work\XPCO\XPCO\AllSolutions\..\SC\Components\RemoteViewer\SmartClient\tst\zSmartClient_UnitTest\bin\x64\Debug\net6.0-windows\zSmartClient_UnitTest.dll" adapterTypeName="executor://mstestadapter/v2" className="SmartClient_UnitTest.VideoOS.RemoteClient.Application.Data.Metadata.BoundingBoxes.BoundingBoxProviderTest" name="BoundingBoxLiveStartNoLiveHandler" />
    </UnitTest>
    <UnitTest name="ToNormalizedFieldOfView_OutOfRange_LessZero_Fail" storage="d:\actions-runner\_work\xpco\xpco\allsolutions\..\sc\components\remoteviewer\smartclient\tst\zsmartclient_unittest\bin\x64\debug\net6.0-windows\zsmartclient_unittest.dll" id="7191513c-28f2-659c-e5d2-897223e1317f">
      <TestCategory>
        <TestCategoryItem TestCategory="GisMap" />
      </TestCategory>
      <Execution id="c17725ff-ef05-42cd-a117-7d8edbd39286" />
      <TestMethod codeBase="D:\actions-runner\_work\XPCO\XPCO\AllSolutions\..\SC\Components\RemoteViewer\SmartClient\tst\zSmartClient_UnitTest\bin\x64\Debug\net6.0-windows\zSmartClient_UnitTest.dll" adapterTypeName="executor://mstestadapter/v2" className="SmartClient_UnitTest.VideoOS.RemoteClient.GisMap.Utilities.GisUtilityTests" name="ToNormalizedFieldOfView_OutOfRange_LessZero_Fail" />
    </UnitTest>
    <UnitTest name="TrySelectAvailableExportNameTest_ShouldThrowException_WhenExportDataValidatorIsNull" storage="d:\actions-runner\_work\xpco\xpco\allsolutions\..\sc\components\remoteviewer\smartclient\tst\zsmartclient_unittest\bin\x64\debug\net6.0-windows\zsmartclient_unittest.dll" id="0acd9aea-66db-23f1-2f4e-7c9500451a5d">
      <Execution id="59967f75-e5f3-46ef-8f74-cace381e292d" />
      <TestMethod codeBase="D:\actions-runner\_work\XPCO\XPCO\AllSolutions\..\SC\Components\RemoteViewer\SmartClient\tst\zSmartClient_UnitTest\bin\x64\Debug\net6.0-windows\zSmartClient_UnitTest.dll" adapterTypeName="executor://mstestadapter/v2" className="SmartClient_UnitTest.VideoOS.RemoteClient.Application.Data.Export.ExportDataHelperTests" name="TrySelectAvailableExportNameTest_ShouldThrowException_WhenExportDataValidatorIsNull" />
    </UnitTest>
    <UnitTest name="SearchResultContainerView_OnItemActivated_AnimationEnabled_DetailsViewAddedToDetailsViewControl" storage="d:\actions-runner\_work\xpco\xpco\allsolutions\..\sc\components\remoteviewer\smartclient\tst\zsmartclient_unittest\bin\x64\debug\net6.0-windows\zsmartclient_unittest.dll" id="df3f8216-c259-3e39-24bc-16b94a530f01">
      <TestCategory>
        <TestCategoryItem TestCategory="SearchViews" />
      </TestCategory>
      <Execution id="253f856e-7d9b-4116-b616-bb48f7919182" />
      <TestMethod codeBase="D:\actions-runner\_work\XPCO\XPCO\AllSolutions\..\SC\Components\RemoteViewer\SmartClient\tst\zSmartClient_UnitTest\bin\x64\Debug\net6.0-windows\zSmartClient_UnitTest.dll" adapterTypeName="executor://mstestadapter/v2" className="SmartClient_UnitTest.VideoOS.RemoteClient.Plugin.CentralizedSearch.Views.SearchResultsViewTests" name="SearchResultContainerView_OnItemActivated_AnimationEnabled_DetailsViewAddedToDetailsViewControl" />
    </UnitTest>
    <UnitTest name="CreateDefinition_ModifyOneDefinition_DelayedSearchStartedForAllDefinitions" storage="d:\actions-runner\_work\xpco\xpco\allsolutions\..\sc\components\remoteviewer\smartclient\tst\zsmartclient_unittest\bin\x64\debug\net6.0-windows\zsmartclient_unittest.dll" id="6ec299cf-433f-6019-4dfb-ce39d2dfd94a">
      <TestCategory>
        <TestCategoryItem TestCategory="SearchModels" />
      </TestCategory>
      <Execution id="8b08d94b-c53b-4ba9-a39d-cac4f32c070c" />
      <TestMethod codeBase="D:\actions-runner\_work\XPCO\XPCO\AllSolutions\..\SC\Components\RemoteViewer\SmartClient\tst\zSmartClient_UnitTest\bin\x64\Debug\net6.0-windows\zSmartClient_UnitTest.dll" adapterTypeName="executor://mstestadapter/v2" className="SmartClient_UnitTest.VideoOS.RemoteClient.Plugin.CentralizedSearch.Models.SearchModelTests" name="CreateDefinition_ModifyOneDefinition_DelayedSearchStartedForAllDefinitions" />
    </UnitTest>
    <UnitTest name="AlwaysPutSmartWallBeforeViews" storage="d:\actions-runner\_work\xpco\xpco\allsolutions\..\sc\components\remoteviewer\smartclient\tst\zsmartclient_unittest\bin\x64\debug\net6.0-windows\zsmartclient_unittest.dll" id="add162a8-f1ad-a5bc-d7cc-f7fa5d66acf8">
      <Execution id="bbdedb8d-787f-4f51-a4fd-993139424f74" />
      <TestMethod codeBase="D:\actions-runner\_work\XPCO\XPCO\AllSolutions\..\SC\Components\RemoteViewer\SmartClient\tst\zSmartClient_UnitTest\bin\x64\Debug\net6.0-windows\zSmartClient_UnitTest.dll" adapterTypeName="executor://mstestadapter/v2" className="SmartClient_UnitTest.VideoOS.RemoteClient.Application.UI.Common.ViewTree.SortingTests" name="AlwaysPutSmartWallBeforeViews" />
    </UnitTest>
    <UnitTest name="SearchResultDetailsView_EscapeKey_AnimationDisabled_DetailsViewRemovedFromDetailsViewControl" storage="d:\actions-runner\_work\xpco\xpco\allsolutions\..\sc\components\remoteviewer\smartclient\tst\zsmartclient_unittest\bin\x64\debug\net6.0-windows\zsmartclient_unittest.dll" id="2f6c3871-63b7-76a6-f56a-4c6dd0f4f467">
      <TestCategory>
        <TestCategoryItem TestCategory="SearchViews" />
      </TestCategory>
      <Execution id="7e0d720a-f71a-4d5d-9991-f92ecc8d132d" />
      <TestMethod codeBase="D:\actions-runner\_work\XPCO\XPCO\AllSolutions\..\SC\Components\RemoteViewer\SmartClient\tst\zSmartClient_UnitTest\bin\x64\Debug\net6.0-windows\zSmartClient_UnitTest.dll" adapterTypeName="executor://mstestadapter/v2" className="SmartClient_UnitTest.VideoOS.RemoteClient.Plugin.CentralizedSearch.Views.SearchResultsViewTests" name="SearchResultDetailsView_EscapeKey_AnimationDisabled_DetailsViewRemovedFromDetailsViewControl" />
    </UnitTest>
    <UnitTest name="GetIsOpenStreetMapValid_ShouldReturnFalse_WhenGeographicLayerIsUnavailableAndAlternativeServerHasInvalidUrl" storage="d:\actions-runner\_work\xpco\xpco\allsolutions\..\sc\components\remoteviewer\smartclient\tst\zsmartclient_unittest\bin\x64\debug\net6.0-windows\zsmartclient_unittest.dll" id="72ff64d9-b16e-e940-9856-804e7e3a62f9">
      <TestCategory>
        <TestCategoryItem TestCategory="GisMapData.Controllers.Osm" />
      </TestCategory>
      <Execution id="c804642f-eee9-4c92-876c-22867192f99c" />
      <TestMethod codeBase="D:\actions-runner\_work\XPCO\XPCO\AllSolutions\..\SC\Components\RemoteViewer\SmartClient\tst\zSmartClient_UnitTest\bin\x64\Debug\net6.0-windows\zSmartClient_UnitTest.dll" adapterTypeName="executor://mstestadapter/v2" className="SmartClient_UnitTest.VideoOS.RemoteClient.GisMapData.Controllers.Osm.GisMapOsmControllerTests" name="GetIsOpenStreetMapValid_ShouldReturnFalse_WhenGeographicLayerIsUnavailableAndAlternativeServerHasInvalidUrl" />
    </UnitTest>
    <UnitTest name="PatrollingProfileViewModelTest_SelectEndPosition_SamePosition" storage="d:\actions-runner\_work\xpco\xpco\allsolutions\..\sc\components\remoteviewer\smartclient\tst\zsmartclient_unittest\bin\x64\debug\net6.0-windows\zsmartclient_unittest.dll" id="1bcc3d33-eed0-82c1-06ce-172f567f9802">
      <Execution id="06d31cd7-3fd7-4898-8edd-a9b0185c65b5" />
      <TestMethod codeBase="D:\actions-runner\_work\XPCO\XPCO\AllSolutions\..\SC\Components\RemoteViewer\SmartClient\tst\zSmartClient_UnitTest\bin\x64\Debug\net6.0-windows\zSmartClient_UnitTest.dll" adapterTypeName="executor://mstestadapter/v2" className="SmartClient_UnitTest.VideoOS.RemoteClient.Application.UI.PtzPreset.PatrollingViewModel.PatrollingProfileViewModelTest" name="PatrollingProfileViewModelTest_SelectEndPosition_SamePosition" />
    </UnitTest>
    <UnitTest name="HandleGetDeviceData_ShouldReturnNotFoundDeviceData_WhenNotSupportedKind" storage="d:\actions-runner\_work\xpco\xpco\allsolutions\..\sc\components\remoteviewer\smartclient\tst\zsmartclient_unittest\bin\x64\debug\net6.0-windows\zsmartclient_unittest.dll" id="2fb66288-907e-6f79-7496-8522636043b2">
      <TestCategory>
        <TestCategoryItem TestCategory="GisMap.Handlers.Devices.MapItems" />
      </TestCategory>
      <Execution id="bba94da2-f96b-4adb-ae73-1ca4769ce591" />
      <TestMethod codeBase="D:\actions-runner\_work\XPCO\XPCO\AllSolutions\..\SC\Components\RemoteViewer\SmartClient\tst\zSmartClient_UnitTest\bin\x64\Debug\net6.0-windows\zSmartClient_UnitTest.dll" adapterTypeName="executor://mstestadapter/v2" className="SmartClient_UnitTest.VideoOS.RemoteClient.Plugin.GisMap.Handlers.Devices.MapItems.MicrophoneDataHandlerTests" name="HandleGetDeviceData_ShouldReturnNotFoundDeviceData_WhenNotSupportedKind" />
    </UnitTest>
    <UnitTest name="Compare_ShouldSortByPrimaryEventTime_WhenCombinedResultsAreEquallyRelevant" storage="d:\actions-runner\_work\xpco\xpco\allsolutions\..\sc\components\remoteviewer\smartclient\tst\zsmartclient_unittest\bin\x64\debug\net6.0-windows\zsmartclient_unittest.dll" id="bcd71d5d-281d-5d3b-7426-e01e3ca8b29e">
      <TestCategory>
        <TestCategoryItem TestCategory="SearchComparers" />
      </TestCategory>
      <Execution id="47fba71b-f465-47a8-b41b-ea78dd4cf89a" />
      <TestMethod codeBase="D:\actions-runner\_work\XPCO\XPCO\AllSolutions\..\SC\Components\RemoteViewer\SmartClient\tst\zSmartClient_UnitTest\bin\x64\Debug\net6.0-windows\zSmartClient_UnitTest.dll" adapterTypeName="executor://mstestadapter/v2" className="SmartClient_UnitTest.VideoOS.RemoteClient.Plugin.CentralizedSearch.Models.Wrappers.Comparers.RelevanceComparerTests" name="Compare_ShouldSortByPrimaryEventTime_WhenCombinedResultsAreEquallyRelevant" />
    </UnitTest>
    <UnitTest name="CreateExportDialog_CanCreateExport_WhenOnlyExportToOpticsAndInvalidExportPath" storage="d:\actions-runner\_work\xpco\xpco\allsolutions\..\sc\components\remoteviewer\smartclient\tst\zsmartclient_unittest\bin\x64\debug\net6.0-windows\zsmartclient_unittest.dll" id="e0ddb94a-4c42-ee26-7803-7c8bb915b98c">
      <TestCategory>
        <TestCategoryItem TestCategory="Export" />
      </TestCategory>
      <Execution id="e74e337e-a278-41a4-9847-fbf12757add0" />
      <TestMethod codeBase="D:\actions-runner\_work\XPCO\XPCO\AllSolutions\..\SC\Components\RemoteViewer\SmartClient\tst\zSmartClient_UnitTest\bin\x64\Debug\net6.0-windows\zSmartClient_UnitTest.dll" adapterTypeName="executor://mstestadapter/v2" className="SmartClient_UnitTest.VideoOS.RemoteClient.Plugin.Export.CreateExportDialogViewModelTests" name="CreateExportDialog_CanCreateExport_WhenOnlyExportToOpticsAndInvalidExportPath" />
    </UnitTest>
    <UnitTest name="DoubleClickOnPreviewPlayer_ShouldOpenDetailsViewWithAnimation_WhenFocusedItemIsNotNullAndAnimationsAreEnabled" storage="d:\actions-runner\_work\xpco\xpco\allsolutions\..\sc\components\remoteviewer\smartclient\tst\zsmartclient_unittest\bin\x64\debug\net6.0-windows\zsmartclient_unittest.dll" id="7899bcea-7118-cfa0-aa3f-14444c7eb8ac">
      <TestCategory>
        <TestCategoryItem TestCategory="SearchViews" />
      </TestCategory>
      <Execution id="96619c60-149b-46af-a2f1-a38ce2b4d756" />
      <TestMethod codeBase="D:\actions-runner\_work\XPCO\XPCO\AllSolutions\..\SC\Components\RemoteViewer\SmartClient\tst\zSmartClient_UnitTest\bin\x64\Debug\net6.0-windows\zSmartClient_UnitTest.dll" adapterTypeName="executor://mstestadapter/v2" className="SmartClient_UnitTest.VideoOS.RemoteClient.Plugin.CentralizedSearch.Views.SearchResultsViewTests" name="DoubleClickOnPreviewPlayer_ShouldOpenDetailsViewWithAnimation_WhenFocusedItemIsNotNullAndAnimationsAreEnabled" />
    </UnitTest>
    <UnitTest name="IconTooltip_ShouldBeValid_WhenInteractionStateIsAddCamera" storage="d:\actions-runner\_work\xpco\xpco\allsolutions\..\sc\components\remoteviewer\smartclient\tst\zsmartclient_unittest\bin\x64\debug\net6.0-windows\zsmartclient_unittest.dll" id="6447c994-5b95-325f-325b-e1016ffa29e1">
      <TestCategory>
        <TestCategoryItem TestCategory="GisMap.UI.DeviceSelectors.PanelComponents" />
      </TestCategory>
      <Execution id="5430616d-e728-40c8-97f0-8455d9336ef5" />
      <TestMethod codeBase="D:\actions-runner\_work\XPCO\XPCO\AllSolutions\..\SC\Components\RemoteViewer\SmartClient\tst\zSmartClient_UnitTest\bin\x64\Debug\net6.0-windows\zSmartClient_UnitTest.dll" adapterTypeName="executor://mstestadapter/v2" className="SmartClient_UnitTest.VideoOS.RemoteClient.Plugin.GisMap.UI.DeviceSelectors.PanelComponents.DeviceSelectorPanelComponentTests" name="IconTooltip_ShouldBeValid_WhenInteractionStateIsAddCamera" />
    </UnitTest>
    <UnitTest name="MotionAreaInfoDto_ShouldYieldSameValues_WhenRoundTripConverted" storage="d:\actions-runner\_work\xpco\xpco\allsolutions\..\sc\components\remoteviewer\smartclient\tst\zsmartclient_unittest\bin\x64\debug\net6.0-windows\zsmartclient_unittest.dll" id="ee6192d4-4913-e5e7-42dd-becf117dbb37">
      <TestCategory>
        <TestCategoryItem TestCategory="RecorderProxyToDtoMapping" />
      </TestCategory>
      <Execution id="b29b2fd8-4c16-4468-a092-519e4e258b77" />
      <TestMethod codeBase="D:\actions-runner\_work\XPCO\XPCO\AllSolutions\..\SC\Components\RemoteViewer\SmartClient\tst\zSmartClient_UnitTest\bin\x64\Debug\net6.0-windows\zSmartClient_UnitTest.dll" adapterTypeName="executor://mstestadapter/v2" className="VideoOS.Shared.ServerAPI.SOAP.RecorderClientMappingTests" name="MotionAreaInfoDto_ShouldYieldSameValues_WhenRoundTripConverted" />
    </UnitTest>
    <UnitTest name="Map_Layers_InsertDirectly_Fail" storage="d:\actions-runner\_work\xpco\xpco\allsolutions\..\sc\components\remoteviewer\smartclient\tst\zsmartclient_unittest\bin\x64\debug\net6.0-windows\zsmartclient_unittest.dll" id="1bd47a22-fa5c-5334-c7fb-8e1b4053f662">
      <TestCategory>
        <TestCategoryItem TestCategory="GisMapLayers" />
      </TestCategory>
      <Execution id="1d332433-159e-4f3b-ab24-42febf2a030d" />
      <TestMethod codeBase="D:\actions-runner\_work\XPCO\XPCO\AllSolutions\..\SC\Components\RemoteViewer\SmartClient\tst\zSmartClient_UnitTest\bin\x64\Debug\net6.0-windows\zSmartClient_UnitTest.dll" adapterTypeName="executor://mstestadapter/v2" className="SmartClient_UnitTest.VideoOS.RemoteClient.GisMapData.GisMapLayerTests" name="Map_Layers_InsertDirectly_Fail" />
    </UnitTest>
    <UnitTest name="SmartSearchStatusType_ShouldYieldSameValuesForAllEnumValues_WhenRoundTripConverted (SearchResultReady,SearchResultReady)" storage="d:\actions-runner\_work\xpco\xpco\allsolutions\..\sc\components\remoteviewer\smartclient\tst\zsmartclient_unittest\bin\x64\debug\net6.0-windows\zsmartclient_unittest.dll" id="337537ae-5ca8-61cb-549e-269d84719921">
      <TestCategory>
        <TestCategoryItem TestCategory="RecorderProxyToDtoMapping" />
      </TestCategory>
      <Execution id="c8fdee06-e9d6-44b9-a668-5c89f2308bee" />
      <TestMethod codeBase="D:\actions-runner\_work\XPCO\XPCO\AllSolutions\..\SC\Components\RemoteViewer\SmartClient\tst\zSmartClient_UnitTest\bin\x64\Debug\net6.0-windows\zSmartClient_UnitTest.dll" adapterTypeName="executor://mstestadapter/v2" className="VideoOS.Shared.ServerAPI.SOAP.RecorderClientMappingTests" name="SmartSearchStatusType_ShouldYieldSameValuesForAllEnumValues_WhenRoundTripConverted" />
    </UnitTest>
    <UnitTest name="IsCamera_ShouldReturnTrue_WhenSingleCameraSelected" storage="d:\actions-runner\_work\xpco\xpco\allsolutions\..\sc\components\remoteviewer\smartclient\tst\zsmartclient_unittest\bin\x64\debug\net6.0-windows\zsmartclient_unittest.dll" id="18372786-9c22-e3d6-04ef-6b4e808d181a">
      <Execution id="3ab8777d-5094-4243-9ec8-a790072cda3d" />
      <TestMethod codeBase="D:\actions-runner\_work\XPCO\XPCO\AllSolutions\..\SC\Components\RemoteViewer\SmartClient\tst\zSmartClient_UnitTest\bin\x64\Debug\net6.0-windows\zSmartClient_UnitTest.dll" adapterTypeName="executor://mstestadapter/v2" className="SmartClient_UnitTest.VideoOS.RemoteClient.Application.Data.ContentTypes.ReportingContentType.DashboardExtentionsTest" name="IsCamera_ShouldReturnTrue_WhenSingleCameraSelected" />
    </UnitTest>
    <UnitTest name="Connect_SucceedeInConnectingWithOAuthUnsecure_ShouldReturnTrue" storage="d:\actions-runner\_work\xpco\xpco\allsolutions\..\sc\components\remoteviewer\smartclient\tst\zsmartclient_unittest\bin\x64\debug\net6.0-windows\zsmartclient_unittest.dll" id="881744e7-6022-e700-6b80-eadb3836c4cd">
      <Execution id="49b21255-b843-4b54-a518-ff214bb6b089" />
      <TestMethod codeBase="D:\actions-runner\_work\XPCO\XPCO\AllSolutions\..\SC\Components\RemoteViewer\SmartClient\tst\zSmartClient_UnitTest\bin\x64\Debug\net6.0-windows\zSmartClient_UnitTest.dll" adapterTypeName="executor://mstestadapter/v2" className="VideoOS.Shared.ServerAPI.VMOViewerClientFacade.UnitTest.VMOViewerClientFacadeTests" name="Connect_SucceedeInConnectingWithOAuthUnsecure_ShouldReturnTrue" />
    </UnitTest>
    <UnitTest name="AddToExportTuples_ShouldReturnCorrectResult (5,5,0)" storage="d:\actions-runner\_work\xpco\xpco\allsolutions\..\sc\components\remoteviewer\smartclient\tst\zsmartclient_unittest\bin\x64\debug\net6.0-windows\zsmartclient_unittest.dll" id="78ae4795-b159-3f03-06f0-3f211a86b0c5">
      <TestCategory>
        <TestCategoryItem TestCategory="Managers" />
      </TestCategory>
      <Execution id="8fcec89c-3628-4b6d-8a67-1d2c46a37d3f" />
      <TestMethod codeBase="D:\actions-runner\_work\XPCO\XPCO\AllSolutions\..\SC\Components\RemoteViewer\SmartClient\tst\zSmartClient_UnitTest\bin\x64\Debug\net6.0-windows\zSmartClient_UnitTest.dll" adapterTypeName="executor://mstestadapter/v2" className="SmartClient_UnitTest.VideoOS.RemoteClient.Application.Managers.ExportManagerTests" name="AddToExportTuples_ShouldReturnCorrectResult" />
    </UnitTest>
    <UnitTest name="GetDuration_OneHour_Success" storage="d:\actions-runner\_work\xpco\xpco\allsolutions\..\sc\components\remoteviewer\smartclient\tst\zsmartclient_unittest\bin\x64\debug\net6.0-windows\zsmartclient_unittest.dll" id="b583fd3b-a208-f88c-adeb-f397f1f95808">
      <TestCategory>
        <TestCategoryItem TestCategory="Search" />
      </TestCategory>
      <Execution id="62bc1aa2-d15d-4624-8197-33e111f0ed53" />
      <TestMethod codeBase="D:\actions-runner\_work\XPCO\XPCO\AllSolutions\..\SC\Components\RemoteViewer\SmartClient\tst\zSmartClient_UnitTest\bin\x64\Debug\net6.0-windows\zSmartClient_UnitTest.dll" adapterTypeName="executor://mstestadapter/v2" className="SmartClient_UnitTest.VideoOS.RemoteClient.Plugin.CentralizedSearch.ViewModels.Data.TimeScopeTests" name="GetDuration_OneHour_Success" />
    </UnitTest>
    <UnitTest name="ValidateExportLocation_ShouldReturnFailResult_DestinationRequired" storage="d:\actions-runner\_work\xpco\xpco\allsolutions\..\sc\components\remoteviewer\smartclient\tst\zsmartclient_unittest\bin\x64\debug\net6.0-windows\zsmartclient_unittest.dll" id="4b6fecb5-59c1-ea5f-e98e-45127e9005f6">
      <TestCategory>
        <TestCategoryItem TestCategory="Export" />
      </TestCategory>
      <Execution id="aa914abc-961b-4c7c-ad66-6a604dfd0bc2" />
      <TestMethod codeBase="D:\actions-runner\_work\XPCO\XPCO\AllSolutions\..\SC\Components\RemoteViewer\SmartClient\tst\zSmartClient_UnitTest\bin\x64\Debug\net6.0-windows\zSmartClient_UnitTest.dll" adapterTypeName="executor://mstestadapter/v2" className="SmartClient_UnitTest.VideoOS.RemoteClient.Plugin.Export.ExportDataValidatorTests" name="ValidateExportLocation_ShouldReturnFailResult_DestinationRequired" />
    </UnitTest>
    <UnitTest name="GetServerTypes_ShouldReturnServiceChannelType" storage="d:\actions-runner\_work\xpco\xpco\allsolutions\..\sc\components\remoteviewer\smartclient\tst\zsmartclient_unittest\bin\x64\debug\net6.0-windows\zsmartclient_unittest.dll" id="7ef6fc17-41f7-b6dd-5a72-5e5de8ea26a4">
      <Execution id="97b21929-cc14-4188-94f9-2f7538d060b7" />
      <TestMethod codeBase="D:\actions-runner\_work\XPCO\XPCO\AllSolutions\..\SC\Components\RemoteViewer\SmartClient\tst\zSmartClient_UnitTest\bin\x64\Debug\net6.0-windows\zSmartClient_UnitTest.dll" adapterTypeName="executor://mstestadapter/v2" className="SmartClient_UnitTest.VideoOS.RemoteClient.Application.Data.ContentTypes.ReportingContentType.DashboardExtentionsTest" name="GetServerTypes_ShouldReturnServiceChannelType" />
    </UnitTest>
    <UnitTest name="PopulateTooltip_SingleResultsFromFewCameras12Hours_ValidText" storage="d:\actions-runner\_work\xpco\xpco\allsolutions\..\sc\components\remoteviewer\smartclient\tst\zsmartclient_unittest\bin\x64\debug\net6.0-windows\zsmartclient_unittest.dll" id="6999d28b-b0a1-0e27-60a0-97e9ac879716">
      <TestCategory>
        <TestCategoryItem TestCategory="SearchControls" />
      </TestCategory>
      <Execution id="a7c8a913-e17f-4aa3-a39c-266d24be2b3a" />
      <TestMethod codeBase="D:\actions-runner\_work\XPCO\XPCO\AllSolutions\..\SC\Components\RemoteViewer\SmartClient\tst\zSmartClient_UnitTest\bin\x64\Debug\net6.0-windows\zSmartClient_UnitTest.dll" adapterTypeName="executor://mstestadapter/v2" className="SmartClient_UnitTest.VideoOS.RemoteClient.Plugin.CentralizedSearch.Views.Controls.TimelineRuler.TimelineRulerControlTests" name="PopulateTooltip_SingleResultsFromFewCameras12Hours_ValidText" />
    </UnitTest>
    <UnitTest name="Constructor_ShouldRaiseArgumentNullException_WhenLayersIsNull" storage="d:\actions-runner\_work\xpco\xpco\allsolutions\..\sc\components\remoteviewer\smartclient\tst\zsmartclient_unittest\bin\x64\debug\net6.0-windows\zsmartclient_unittest.dll" id="13ba617e-c06d-6b6c-0709-611e06771ad4">
      <TestCategory>
        <TestCategoryItem TestCategory="GisMapData.Handlers.LayerFeatures" />
      </TestCategory>
      <Execution id="3aadc067-f0ef-4456-9450-e40cf6f470ca" />
      <TestMethod codeBase="D:\actions-runner\_work\XPCO\XPCO\AllSolutions\..\SC\Components\RemoteViewer\SmartClient\tst\zSmartClient_UnitTest\bin\x64\Debug\net6.0-windows\zSmartClient_UnitTest.dll" adapterTypeName="executor://mstestadapter/v2" className="SmartClient_UnitTest.VideoOS.RemoteClient.GisMapData.Handlers.LayerFeatures.CameraLayerFeaturesHandlerTests" name="Constructor_ShouldRaiseArgumentNullException_WhenLayersIsNull" />
    </UnitTest>
    <UnitTest name="AutomationId_ShouldBeValid_WhenInteractionStateIsInput" storage="d:\actions-runner\_work\xpco\xpco\allsolutions\..\sc\components\remoteviewer\smartclient\tst\zsmartclient_unittest\bin\x64\debug\net6.0-windows\zsmartclient_unittest.dll" id="c7b7da64-3485-b2c1-376a-4a2776f7bf98">
      <TestCategory>
        <TestCategoryItem TestCategory="GisMap.UI.DeviceSelectors.PanelComponents" />
      </TestCategory>
      <Execution id="ba821294-3c48-468e-bf0f-79e2597326c0" />
      <TestMethod codeBase="D:\actions-runner\_work\XPCO\XPCO\AllSolutions\..\SC\Components\RemoteViewer\SmartClient\tst\zSmartClient_UnitTest\bin\x64\Debug\net6.0-windows\zSmartClient_UnitTest.dll" adapterTypeName="executor://mstestadapter/v2" className="SmartClient_UnitTest.VideoOS.RemoteClient.Plugin.GisMap.UI.DeviceSelectors.PanelComponents.DeviceSelectorPanelComponentTests" name="AutomationId_ShouldBeValid_WhenInteractionStateIsInput" />
    </UnitTest>
    <UnitTest name="PopulateTooltip_FewResultsFromFewCameras24Hours_ValidText" storage="d:\actions-runner\_work\xpco\xpco\allsolutions\..\sc\components\remoteviewer\smartclient\tst\zsmartclient_unittest\bin\x64\debug\net6.0-windows\zsmartclient_unittest.dll" id="86b5c5b9-f5c0-2dad-738f-2d685bd44644">
      <TestCategory>
        <TestCategoryItem TestCategory="SearchControls" />
      </TestCategory>
      <Execution id="a45733c4-b5dc-40d3-a5af-e70a9b3eb922" />
      <TestMethod codeBase="D:\actions-runner\_work\XPCO\XPCO\AllSolutions\..\SC\Components\RemoteViewer\SmartClient\tst\zSmartClient_UnitTest\bin\x64\Debug\net6.0-windows\zSmartClient_UnitTest.dll" adapterTypeName="executor://mstestadapter/v2" className="SmartClient_UnitTest.VideoOS.RemoteClient.Plugin.CentralizedSearch.Views.Controls.TimelineRuler.TimelineRulerControlTests" name="PopulateTooltip_FewResultsFromFewCameras24Hours_ValidText" />
    </UnitTest>
    <UnitTest name="PatrollingPresetViewModel_Constructor_2_Success" storage="d:\actions-runner\_work\xpco\xpco\allsolutions\..\sc\components\remoteviewer\smartclient\tst\zsmartclient_unittest\bin\x64\debug\net6.0-windows\zsmartclient_unittest.dll" id="0d43d95c-82c9-c386-cdd6-8d869ea0afd9">
      <Execution id="35e5142c-fcbd-49aa-aeef-09150361790f" />
      <TestMethod codeBase="D:\actions-runner\_work\XPCO\XPCO\AllSolutions\..\SC\Components\RemoteViewer\SmartClient\tst\zSmartClient_UnitTest\bin\x64\Debug\net6.0-windows\zSmartClient_UnitTest.dll" adapterTypeName="executor://mstestadapter/v2" className="SmartClient_UnitTest.VideoOS.RemoteClient.Application.UI.PtzPreset.PatrollingViewModel.PatrollingPresetViewModelTest" name="PatrollingPresetViewModel_Constructor_2_Success" />
    </UnitTest>
    <UnitTest name="BuildMapOptions_ShouldHandleEnumOptionsCorrectly (GisMapOpenStreetMapGeographicLayer,Unavailable,False)" storage="d:\actions-runner\_work\xpco\xpco\allsolutions\..\sc\components\remoteviewer\smartclient\tst\zsmartclient_unittest\bin\x64\debug\net6.0-windows\zsmartclient_unittest.dll" id="50fd2e3e-e95c-2e26-b861-12f593cf9a0f">
      <Execution id="53b25f0f-9644-4566-b87c-8ab7f96aa0f1" />
      <TestMethod codeBase="D:\actions-runner\_work\XPCO\XPCO\AllSolutions\..\SC\Components\RemoteViewer\SmartClient\tst\zSmartClient_UnitTest\bin\x64\Debug\net6.0-windows\zSmartClient_UnitTest.dll" adapterTypeName="executor://mstestadapter/v2" className="SmartClient_UnitTest.VideoOS.RemoteClient.Application.Common.Telemetry.TelemetryBuilderTests" name="BuildMapOptions_ShouldHandleEnumOptionsCorrectly" />
    </UnitTest>
    <UnitTest name="Detach_ShouldNotRaiseAnException_WhenAttachWasNotCalledPreviously" storage="d:\actions-runner\_work\xpco\xpco\allsolutions\..\sc\components\remoteviewer\smartclient\tst\zsmartclient_unittest\bin\x64\debug\net6.0-windows\zsmartclient_unittest.dll" id="935f6e0f-c97b-5019-7e62-2a29c5b4df2c">
      <TestCategory>
        <TestCategoryItem TestCategory="GisMap.WindowsBases" />
      </TestCategory>
      <Execution id="c7a81ac1-d911-4e4b-ab0a-55a8c8c9b9ed" />
      <TestMethod codeBase="D:\actions-runner\_work\XPCO\XPCO\AllSolutions\..\SC\Components\RemoteViewer\SmartClient\tst\zSmartClient_UnitTest\bin\x64\Debug\net6.0-windows\zSmartClient_UnitTest.dll" adapterTypeName="executor://mstestadapter/v2" className="SmartClient_UnitTest.VideoOS.RemoteClient.Plugin.GisMap.Windows.Bases.DragWindowDecoratorTests" name="Detach_ShouldNotRaiseAnException_WhenAttachWasNotCalledPreviously" />
    </UnitTest>
    <UnitTest name="AddResults_NoPartialResults_Success" storage="d:\actions-runner\_work\xpco\xpco\allsolutions\..\sc\components\remoteviewer\smartclient\tst\zsmartclient_unittest\bin\x64\debug\net6.0-windows\zsmartclient_unittest.dll" id="02af0d15-e099-b0e6-50ad-6fe37219924b">
      <TestCategory>
        <TestCategoryItem TestCategory="SearchResultsPreprocessor.PartialResults" />
      </TestCategory>
      <Execution id="c653b68b-ec06-49ac-a1db-058f51cadfdd" />
      <TestMethod codeBase="D:\actions-runner\_work\XPCO\XPCO\AllSolutions\..\SC\Components\RemoteViewer\SmartClient\tst\zSmartClient_UnitTest\bin\x64\Debug\net6.0-windows\zSmartClient_UnitTest.dll" adapterTypeName="executor://mstestadapter/v2" className="SmartClient_UnitTest.VideoOS.RemoteClient.Plugin.CentralizedSearch.Models.SearchResultsPreprocessorTests" name="AddResults_NoPartialResults_Success" />
    </UnitTest>
    <UnitTest name="PreprocessorResultsProcessed_ShouldAppendReselectedSearchResults_WhenPreprocessorHasResultsToReselect" storage="d:\actions-runner\_work\xpco\xpco\allsolutions\..\sc\components\remoteviewer\smartclient\tst\zsmartclient_unittest\bin\x64\debug\net6.0-windows\zsmartclient_unittest.dll" id="d6e18f4d-928d-faa8-fd00-f4b6e0b7623e">
      <TestCategory>
        <TestCategoryItem TestCategory="SearchViewModels" />
      </TestCategory>
      <Execution id="64c26369-9d67-4f1b-b556-f52ebaede743" />
      <TestMethod codeBase="D:\actions-runner\_work\XPCO\XPCO\AllSolutions\..\SC\Components\RemoteViewer\SmartClient\tst\zSmartClient_UnitTest\bin\x64\Debug\net6.0-windows\zSmartClient_UnitTest.dll" adapterTypeName="executor://mstestadapter/v2" className="SmartClient_UnitTest.VideoOS.RemoteClient.Plugin.CentralizedSearch.ViewModels.SearchViewModelTests" name="PreprocessorResultsProcessed_ShouldAppendReselectedSearchResults_WhenPreprocessorHasResultsToReselect" />
    </UnitTest>
    <UnitTest name="SetItemOutlines_ItemNull_Exception" storage="d:\actions-runner\_work\xpco\xpco\allsolutions\..\sc\components\remoteviewer\smartclient\tst\zsmartclient_unittest\bin\x64\debug\net6.0-windows\zsmartclient_unittest.dll" id="ea1b5845-13e0-a3f9-5ed1-720958ca2d0a">
      <TestCategory>
        <TestCategoryItem TestCategory="GisMap.GisMapViewFacade" />
      </TestCategory>
      <Execution id="528f0c44-7f15-4e23-b9fd-7298fbadf90a" />
      <TestMethod codeBase="D:\actions-runner\_work\XPCO\XPCO\AllSolutions\..\SC\Components\RemoteViewer\SmartClient\tst\zSmartClient_UnitTest\bin\x64\Debug\net6.0-windows\zSmartClient_UnitTest.dll" adapterTypeName="executor://mstestadapter/v2" className="SmartClient_UnitTest.VideoOS.RemoteClient.Plugin.GisMap.IoC.GisMapViewFacadeTests" name="SetItemOutlines_ItemNull_Exception" />
    </UnitTest>
    <UnitTest name="SearchFilterCategoryGet_TwoSearchAgents_AllFiltersAdded" storage="d:\actions-runner\_work\xpco\xpco\allsolutions\..\sc\components\remoteviewer\smartclient\tst\zsmartclient_unittest\bin\x64\debug\net6.0-windows\zsmartclient_unittest.dll" id="3457bd27-1f00-b005-3af0-cc532182e652">
      <TestCategory>
        <TestCategoryItem TestCategory="Search" />
      </TestCategory>
      <Execution id="2f91de73-1e81-4e45-acb1-d8dba23cd9c6" />
      <TestMethod codeBase="D:\actions-runner\_work\XPCO\XPCO\AllSolutions\..\SC\Components\RemoteViewer\SmartClient\tst\zSmartClient_UnitTest\bin\x64\Debug\net6.0-windows\zSmartClient_UnitTest.dll" adapterTypeName="executor://mstestadapter/v2" className="SmartClient_UnitTest.VideoOS.RemoteClient.Plugin.CentralizedSearch.MIPPlugin.CompositeSearchAgentTests" name="SearchFilterCategoryGet_TwoSearchAgents_AllFiltersAdded" />
    </UnitTest>
    <UnitTest name="ScWorkSpaceModeChangedEvent_ShouldSetDeviceIsDisabledToFalse_WhenSwitchingToLiveModeAndDeviceIsDisabled" storage="d:\actions-runner\_work\xpco\xpco\allsolutions\..\sc\components\remoteviewer\smartclient\tst\zsmartclient_unittest\bin\x64\debug\net6.0-windows\zsmartclient_unittest.dll" id="dbc1a342-48a8-affa-8d55-c00e2654c55f">
      <TestCategory>
        <TestCategoryItem TestCategory="GisMapData.MapLayers" />
      </TestCategory>
      <Execution id="e28ee28a-ca70-4e50-a46d-df897b13c558" />
      <TestMethod codeBase="D:\actions-runner\_work\XPCO\XPCO\AllSolutions\..\SC\Components\RemoteViewer\SmartClient\tst\zSmartClient_UnitTest\bin\x64\Debug\net6.0-windows\zSmartClient_UnitTest.dll" adapterTypeName="executor://mstestadapter/v2" className="SmartClient_UnitTest.VideoOS.RemoteClient.GisMapData.MapLayers.OutputItemsMapLayerTests" name="ScWorkSpaceModeChangedEvent_ShouldSetDeviceIsDisabledToFalse_WhenSwitchingToLiveModeAndDeviceIsDisabled" />
    </UnitTest>
    <UnitTest name="BoundingBoxBrowseTimeChangedTestOldData" storage="d:\actions-runner\_work\xpco\xpco\allsolutions\..\sc\components\remoteviewer\smartclient\tst\zsmartclient_unittest\bin\x64\debug\net6.0-windows\zsmartclient_unittest.dll" id="dc5553ed-c8db-34b6-aa61-f33cd39a8ce9">
      <Execution id="f480d828-d5d5-4c4c-9a5f-2ece65e52798" />
      <TestMethod codeBase="D:\actions-runner\_work\XPCO\XPCO\AllSolutions\..\SC\Components\RemoteViewer\SmartClient\tst\zSmartClient_UnitTest\bin\x64\Debug\net6.0-windows\zSmartClient_UnitTest.dll" adapterTypeName="executor://mstestadapter/v2" className="SmartClient_UnitTest.VideoOS.RemoteClient.Application.Data.Metadata.BoundingBoxes.BoundingBoxProviderTest" name="BoundingBoxBrowseTimeChangedTestOldData" />
    </UnitTest>
    <UnitTest name="TestTaskUpdate" storage="d:\actions-runner\_work\xpco\xpco\allsolutions\..\sc\components\remoteviewer\smartclient\tst\zsmartclient_unittest\bin\x64\debug\net6.0-windows\zsmartclient_unittest.dll" id="e0f9e943-40a9-c69d-3157-2bda05edf6aa">
      <Execution id="a3fe5c92-62bd-4345-88d4-51ee034fee97" />
      <TestMethod codeBase="D:\actions-runner\_work\XPCO\XPCO\AllSolutions\..\SC\Components\RemoteViewer\SmartClient\tst\zSmartClient_UnitTest\bin\x64\Debug\net6.0-windows\zSmartClient_UnitTest.dll" adapterTypeName="executor://mstestadapter/v2" className="SmartClient_UnitTest.VideoOS.RemoteClient.Application.Managers.EdgeRetrievalTaskManagerUnitTest" name="TestTaskUpdate" />
    </UnitTest>
    <UnitTest name="TimeToStringConverter_Convert_Success" storage="d:\actions-runner\_work\xpco\xpco\allsolutions\..\sc\components\remoteviewer\smartclient\tst\zsmartclient_unittest\bin\x64\debug\net6.0-windows\zsmartclient_unittest.dll" id="2efbf2d6-dad1-cfe2-2063-c228f2b12aef">
      <TestCategory>
        <TestCategoryItem TestCategory="SearchConverter" />
      </TestCategory>
      <Execution id="276c32e5-0da6-4371-bed0-a78c1df03ba7" />
      <TestMethod codeBase="D:\actions-runner\_work\XPCO\XPCO\AllSolutions\..\SC\Components\RemoteViewer\SmartClient\tst\zSmartClient_UnitTest\bin\x64\Debug\net6.0-windows\zSmartClient_UnitTest.dll" adapterTypeName="executor://mstestadapter/v2" className="SmartClient_UnitTest.VideoOS.RemoteClient.Plugin.CentralizedSearch.Views.Converters.TimeToStringConverterTests" name="TimeToStringConverter_Convert_Success" />
    </UnitTest>
    <UnitTest name="ResolveSearchDefinitions_ShouldReturnResultSearchDefinition_WhenSingleSearchResultAndSearchDefinitionsContainingCorrectSearchDefinitionsAreGiven" storage="d:\actions-runner\_work\xpco\xpco\allsolutions\..\sc\components\remoteviewer\smartclient\tst\zsmartclient_unittest\bin\x64\debug\net6.0-windows\zsmartclient_unittest.dll" id="575af213-6f43-c554-7582-c09e43d49cdb">
      <TestCategory>
        <TestCategoryItem TestCategory="Search" />
      </TestCategory>
      <Execution id="abe30136-2437-4281-a595-83a6b931c9bf" />
      <TestMethod codeBase="D:\actions-runner\_work\XPCO\XPCO\AllSolutions\..\SC\Components\RemoteViewer\SmartClient\tst\zSmartClient_UnitTest\bin\x64\Debug\net6.0-windows\zSmartClient_UnitTest.dll" adapterTypeName="executor://mstestadapter/v2" className="SmartClient_UnitTest.VideoOS.RemoteClient.Plugin.CentralizedSearch.Utils.SearchResultDataWrapperExtensionsTests" name="ResolveSearchDefinitions_ShouldReturnResultSearchDefinition_WhenSingleSearchResultAndSearchDefinitionsContainingCorrectSearchDefinitionsAreGiven" />
    </UnitTest>
    <UnitTest name="UpdateItemSize_ItemSizeChangedAndEventFired" storage="d:\actions-runner\_work\xpco\xpco\allsolutions\..\sc\components\remoteviewer\smartclient\tst\zsmartclient_unittest\bin\x64\debug\net6.0-windows\zsmartclient_unittest.dll" id="d90a523b-e1ac-2a8a-dd1a-2b2e05a4e8cb">
      <TestCategory>
        <TestCategoryItem TestCategory="SearchViews" />
      </TestCategory>
      <Execution id="6f689032-ea84-45d4-866e-1ad23792f4e7" />
      <TestMethod codeBase="D:\actions-runner\_work\XPCO\XPCO\AllSolutions\..\SC\Components\RemoteViewer\SmartClient\tst\zSmartClient_UnitTest\bin\x64\Debug\net6.0-windows\zSmartClient_UnitTest.dll" adapterTypeName="executor://mstestadapter/v2" className="SmartClient_UnitTest.VideoOS.RemoteClient.Plugin.CentralizedSearch.Views.SearchResultsViewTests" name="UpdateItemSize_ItemSizeChangedAndEventFired" />
    </UnitTest>
    <UnitTest name="AddToExportTuples_ShouldReturnCorrectResult (5,0,5)" storage="d:\actions-runner\_work\xpco\xpco\allsolutions\..\sc\components\remoteviewer\smartclient\tst\zsmartclient_unittest\bin\x64\debug\net6.0-windows\zsmartclient_unittest.dll" id="d49deff6-a41c-933f-0317-09cc05fa0974">
      <TestCategory>
        <TestCategoryItem TestCategory="Managers" />
      </TestCategory>
      <Execution id="fd06c33d-b2bf-49e9-8978-1dfd8534be21" />
      <TestMethod codeBase="D:\actions-runner\_work\XPCO\XPCO\AllSolutions\..\SC\Components\RemoteViewer\SmartClient\tst\zSmartClient_UnitTest\bin\x64\Debug\net6.0-windows\zSmartClient_UnitTest.dll" adapterTypeName="executor://mstestadapter/v2" className="SmartClient_UnitTest.VideoOS.RemoteClient.Application.Managers.ExportManagerTests" name="AddToExportTuples_ShouldReturnCorrectResult" />
    </UnitTest>
    <UnitTest name="Unrelated_devices_removed_when_unrelated_camera_added" storage="d:\actions-runner\_work\xpco\xpco\allsolutions\..\sc\components\remoteviewer\smartclient\tst\zsmartclient_unittest\bin\x64\debug\net6.0-windows\zsmartclient_unittest.dll" id="f1e0caf2-26c1-7e52-0baf-d74ce88aa74e">
      <Execution id="df9c5f7c-a198-42b8-b427-fc97692e9bd9" />
      <TestMethod codeBase="D:\actions-runner\_work\XPCO\XPCO\AllSolutions\..\SC\Components\RemoteViewer\SmartClient\tst\zSmartClient_UnitTest\bin\x64\Debug\net6.0-windows\zSmartClient_UnitTest.dll" adapterTypeName="executor://mstestadapter/v2" className="SmartClient_UnitTest.VideoOS.RemoteClient.Application.Components.EvidenceLock.EvidenceLockRelatedDeviceTests" name="Unrelated_devices_removed_when_unrelated_camera_added" />
    </UnitTest>
    <UnitTest name="SupportsRightClick_ShouldBeFalse_WhenInteractionStateIsNotNormal" storage="d:\actions-runner\_work\xpco\xpco\allsolutions\..\sc\components\remoteviewer\smartclient\tst\zsmartclient_unittest\bin\x64\debug\net6.0-windows\zsmartclient_unittest.dll" id="dd385b74-b0ce-69dd-5bae-8f3c49a74f34">
      <TestCategory>
        <TestCategoryItem TestCategory="GisMap.LegacyLinkMarker" />
      </TestCategory>
      <Execution id="f4d3b790-d713-42b3-91e4-4e61a5040471" />
      <TestMethod codeBase="D:\actions-runner\_work\XPCO\XPCO\AllSolutions\..\SC\Components\RemoteViewer\SmartClient\tst\zSmartClient_UnitTest\bin\x64\Debug\net6.0-windows\zSmartClient_UnitTest.dll" adapterTypeName="executor://mstestadapter/v2" className="SmartClient_UnitTest.VideoOS.RemoteClient.Plugin.GisMap.ThinkGeoMap.Markers.LegacyLinkMarker.LegacyLinkMarkerTests" name="SupportsRightClick_ShouldBeFalse_WhenInteractionStateIsNotNormal" />
    </UnitTest>
    <UnitTest name="Constructor_ShouldThrowAnException_WhenSearchManagerIsNull" storage="d:\actions-runner\_work\xpco\xpco\allsolutions\..\sc\components\remoteviewer\smartclient\tst\zsmartclient_unittest\bin\x64\debug\net6.0-windows\zsmartclient_unittest.dll" id="50437517-5fc5-21fb-fd24-7bb70ccad1c0">
      <TestCategory>
        <TestCategoryItem TestCategory="WorkspaceToolbar" />
      </TestCategory>
      <Execution id="bb2ee193-44c2-4517-a397-e7f4a7f41322" />
      <TestMethod codeBase="D:\actions-runner\_work\XPCO\XPCO\AllSolutions\..\SC\Components\RemoteViewer\SmartClient\tst\zSmartClient_UnitTest\bin\x64\Debug\net6.0-windows\zSmartClient_UnitTest.dll" adapterTypeName="executor://mstestadapter/v2" className="SmartClient_UnitTest.VideoOS.RemoteClient.Application.UI.Content.WorkspaceToolbar.WorkspaceToolbarViewModelTests" name="Constructor_ShouldThrowAnException_WhenSearchManagerIsNull" />
    </UnitTest>
    <UnitTest name="Deserialize_ShouldIncludeCombineTypeAnd_WhenCombineTypeIsAndInXml" storage="d:\actions-runner\_work\xpco\xpco\allsolutions\..\sc\components\remoteviewer\smartclient\tst\zsmartclient_unittest\bin\x64\debug\net6.0-windows\zsmartclient_unittest.dll" id="417be307-97e0-4052-1dcd-f4ea8d9db811">
      <TestCategory>
        <TestCategoryItem TestCategory="SearchSerialization" />
      </TestCategory>
      <Execution id="9d33cc86-fd43-4190-9a73-dbd2c984abe8" />
      <TestMethod codeBase="D:\actions-runner\_work\XPCO\XPCO\AllSolutions\..\SC\Components\RemoteViewer\SmartClient\tst\zSmartClient_UnitTest\bin\x64\Debug\net6.0-windows\zSmartClient_UnitTest.dll" adapterTypeName="executor://mstestadapter/v2" className="SmartClient_UnitTest.VideoOS.RemoteClient.Plugin.CentralizedSearch.Models.Serialization.SearchSerializerTests" name="Deserialize_ShouldIncludeCombineTypeAnd_WhenCombineTypeIsAndInXml" />
    </UnitTest>
    <UnitTest name="TryGetOsmServerTileAddress_ShouldSetEmptyUriAddress_WhenOsmServerAddressIsEmpty" storage="d:\actions-runner\_work\xpco\xpco\allsolutions\..\sc\components\remoteviewer\smartclient\tst\zsmartclient_unittest\bin\x64\debug\net6.0-windows\zsmartclient_unittest.dll" id="f9180ab0-97a0-1d07-1493-896e111e86f4">
      <TestCategory>
        <TestCategoryItem TestCategory="GisMapData.Controllers.Osm" />
      </TestCategory>
      <Execution id="80c4b0bb-c249-4e89-985d-454719d15c9e" />
      <TestMethod codeBase="D:\actions-runner\_work\XPCO\XPCO\AllSolutions\..\SC\Components\RemoteViewer\SmartClient\tst\zSmartClient_UnitTest\bin\x64\Debug\net6.0-windows\zSmartClient_UnitTest.dll" adapterTypeName="executor://mstestadapter/v2" className="SmartClient_UnitTest.VideoOS.RemoteClient.GisMapData.Controllers.Osm.GisMapOsmControllerTests" name="TryGetOsmServerTileAddress_ShouldSetEmptyUriAddress_WhenOsmServerAddressIsEmpty" />
    </UnitTest>
    <UnitTest name="SupportsDoubleClick_ShouldBeFalse_WhenInteractionStateIsNotNormalOrNewDevice" storage="d:\actions-runner\_work\xpco\xpco\allsolutions\..\sc\components\remoteviewer\smartclient\tst\zsmartclient_unittest\bin\x64\debug\net6.0-windows\zsmartclient_unittest.dll" id="f086d804-d792-85ee-7f01-0c6bad93eebb">
      <TestCategory>
        <TestCategoryItem TestCategory="GisMap.OutputMarkerTest" />
      </TestCategory>
      <Execution id="30f78200-c46f-4302-8f77-750daae39e82" />
      <TestMethod codeBase="D:\actions-runner\_work\XPCO\XPCO\AllSolutions\..\SC\Components\RemoteViewer\SmartClient\tst\zSmartClient_UnitTest\bin\x64\Debug\net6.0-windows\zSmartClient_UnitTest.dll" adapterTypeName="executor://mstestadapter/v2" className="SmartClient_UnitTest.VideoOS.RemoteClient.Plugin.GisMap.ThinkGeoMap.Markers.DeviceMarkers.OutputMarker.OutputMarkerTests" name="SupportsDoubleClick_ShouldBeFalse_WhenInteractionStateIsNotNormalOrNewDevice" />
    </UnitTest>
    <UnitTest name="GetUtcToday_UtcTimeZoneNoDst_Success" storage="d:\actions-runner\_work\xpco\xpco\allsolutions\..\sc\components\remoteviewer\smartclient\tst\zsmartclient_unittest\bin\x64\debug\net6.0-windows\zsmartclient_unittest.dll" id="dd886858-691f-731d-ef45-b4933e1e6cbf">
      <TestCategory>
        <TestCategoryItem TestCategory="Search" />
      </TestCategory>
      <Execution id="0aa8263c-d8a9-4d7d-bf4a-a1fe452f8bcb" />
      <TestMethod codeBase="D:\actions-runner\_work\XPCO\XPCO\AllSolutions\..\SC\Components\RemoteViewer\SmartClient\tst\zSmartClient_UnitTest\bin\x64\Debug\net6.0-windows\zSmartClient_UnitTest.dll" adapterTypeName="executor://mstestadapter/v2" className="SmartClient_UnitTest.VideoOS.RemoteClient.Plugin.CentralizedSearch.ViewModels.Data.TimeScopeTests" name="GetUtcToday_UtcTimeZoneNoDst_Success" />
    </UnitTest>
    <UnitTest name="ButtonVisibilityProperties_ShouldSetDefaultValues_WhenNoPropertiesLoaded" storage="d:\actions-runner\_work\xpco\xpco\allsolutions\..\sc\components\remoteviewer\smartclient\tst\zsmartclient_unittest\bin\x64\debug\net6.0-windows\zsmartclient_unittest.dll" id="cb1f6500-ecbe-a116-4190-78f304902ad9">
      <TestCategory>
        <TestCategoryItem TestCategory="GisMapViewItemTests" />
      </TestCategory>
      <Execution id="65b7aae6-5508-430c-a987-8ad6195890e6" />
      <TestMethod codeBase="D:\actions-runner\_work\XPCO\XPCO\AllSolutions\..\SC\Components\RemoteViewer\SmartClient\tst\zSmartClient_UnitTest\bin\x64\Debug\net6.0-windows\zSmartClient_UnitTest.dll" adapterTypeName="executor://mstestadapter/v2" className="SmartClient_UnitTest.VideoOS.RemoteClient.Plugin.GisMap.GisMapViewItemTests" name="ButtonVisibilityProperties_ShouldSetDefaultValues_WhenNoPropertiesLoaded" />
    </UnitTest>
    <UnitTest name="Password1 valid, Password 2 invalid, same length" storage="d:\actions-runner\_work\xpco\xpco\allsolutions\..\sc\components\remoteviewer\smartclient\tst\zsmartclient_unittest\bin\x64\debug\net6.0-windows\zsmartclient_unittest.dll" id="e00876fb-cb05-16ea-34dd-7b76a35afbc9">
      <TestCategory>
        <TestCategoryItem TestCategory="Export" />
      </TestCategory>
      <Execution id="79b91dcc-ae3c-47af-9122-959463fea5f1" />
      <TestMethod codeBase="D:\actions-runner\_work\XPCO\XPCO\AllSolutions\..\SC\Components\RemoteViewer\SmartClient\tst\zSmartClient_UnitTest\bin\x64\Debug\net6.0-windows\zSmartClient_UnitTest.dll" adapterTypeName="executor://mstestadapter/v2" className="SmartClient_UnitTest.VideoOS.RemoteClient.Plugin.Export.PasswordDialogViewModelTests" name="ArePasswordsValid_ShouldDependOnPassword1AndPassword2" />
    </UnitTest>
    <UnitTest name="ResolveSearchDefinitions_ShouldReturnResultSearchDefinition_WhenCombinedSearchResultWithMultipleSubResultAndEmptySearchDefinitionsAreGiven" storage="d:\actions-runner\_work\xpco\xpco\allsolutions\..\sc\components\remoteviewer\smartclient\tst\zsmartclient_unittest\bin\x64\debug\net6.0-windows\zsmartclient_unittest.dll" id="7ceab3e2-a3b0-9c8f-80fc-83722cb5c583">
      <TestCategory>
        <TestCategoryItem TestCategory="Search" />
      </TestCategory>
      <Execution id="8cdec00a-9da2-4c55-9854-537922f011d2" />
      <TestMethod codeBase="D:\actions-runner\_work\XPCO\XPCO\AllSolutions\..\SC\Components\RemoteViewer\SmartClient\tst\zSmartClient_UnitTest\bin\x64\Debug\net6.0-windows\zSmartClient_UnitTest.dll" adapterTypeName="executor://mstestadapter/v2" className="SmartClient_UnitTest.VideoOS.RemoteClient.Plugin.CentralizedSearch.Utils.SearchResultDataWrapperExtensionsTests" name="ResolveSearchDefinitions_ShouldReturnResultSearchDefinition_WhenCombinedSearchResultWithMultipleSubResultAndEmptySearchDefinitionsAreGiven" />
    </UnitTest>
    <UnitTest name="GisPointToIndexGridPosition_00_ReturnsPowerScaleMinusOne" storage="d:\actions-runner\_work\xpco\xpco\allsolutions\..\sc\components\remoteviewer\smartclient\tst\zsmartclient_unittest\bin\x64\debug\net6.0-windows\zsmartclient_unittest.dll" id="4ca2f8f4-021b-5238-c299-1b1fb7ab3fab">
      <TestCategory>
        <TestCategoryItem TestCategory="GisMapIndex" />
      </TestCategory>
      <Execution id="763740cc-66c8-4225-8149-0b6723406efd" />
      <TestMethod codeBase="D:\actions-runner\_work\XPCO\XPCO\AllSolutions\..\SC\Components\RemoteViewer\SmartClient\tst\zSmartClient_UnitTest\bin\x64\Debug\net6.0-windows\zSmartClient_UnitTest.dll" adapterTypeName="executor://mstestadapter/v2" className="SmartClient_UnitTest.VideoOS.RemoteClient.GisMapData.Common.Indexer.IndexUtilTests" name="GisPointToIndexGridPosition_00_ReturnsPowerScaleMinusOne" />
    </UnitTest>
    <UnitTest name="GetSnapshots_PathTooLong_Failure" storage="d:\actions-runner\_work\xpco\xpco\allsolutions\..\sc\components\remoteviewer\smartclient\tst\zsmartclient_unittest\bin\x64\debug\net6.0-windows\zsmartclient_unittest.dll" id="483cfce3-3ff7-5b57-4c23-5d8fbcaf1d0a">
      <TestCategory>
        <TestCategoryItem TestCategory="Search" />
      </TestCategory>
      <Execution id="4e4b9d9a-b093-446a-ab6e-90f8b52b1321" />
      <TestMethod codeBase="D:\actions-runner\_work\XPCO\XPCO\AllSolutions\..\SC\Components\RemoteViewer\SmartClient\tst\zSmartClient_UnitTest\bin\x64\Debug\net6.0-windows\zSmartClient_UnitTest.dll" adapterTypeName="executor://mstestadapter/v2" className="SmartClient_UnitTest.VideoOS.RemoteClient.Plugin.CentralizedSearch.ViewModels.Data.SnapshotHandlerTests" name="GetSnapshots_PathTooLong_Failure" />
    </UnitTest>
    <UnitTest name="Convert_OneCamerasSelectionAndZeroSearchDefinitions_Visible" storage="d:\actions-runner\_work\xpco\xpco\allsolutions\..\sc\components\remoteviewer\smartclient\tst\zsmartclient_unittest\bin\x64\debug\net6.0-windows\zsmartclient_unittest.dll" id="47672882-b255-5356-2127-17a9bbfd997e">
      <TestCategory>
        <TestCategoryItem TestCategory="SearchConverter" />
      </TestCategory>
      <Execution id="c1d53543-232f-4295-b9b6-0ca4205f741d" />
      <TestMethod codeBase="D:\actions-runner\_work\XPCO\XPCO\AllSolutions\..\SC\Components\RemoteViewer\SmartClient\tst\zSmartClient_UnitTest\bin\x64\Debug\net6.0-windows\zSmartClient_UnitTest.dll" adapterTypeName="executor://mstestadapter/v2" className="SmartClient_UnitTest.VideoOS.RemoteClient.Plugin.CentralizedSearch.Views.Converters.NoCriteriaSelectedGridVisibilityConverterTests" name="Convert_OneCamerasSelectionAndZeroSearchDefinitions_Visible" />
    </UnitTest>
    <UnitTest name="Path enabled, forced" storage="d:\actions-runner\_work\xpco\xpco\allsolutions\..\sc\components\remoteviewer\smartclient\tst\zsmartclient_unittest\bin\x64\debug\net6.0-windows\zsmartclient_unittest.dll" id="8402d0b2-2627-8799-bef9-7a7055750766">
      <TestCategory>
        <TestCategoryItem TestCategory="Export" />
      </TestCategory>
      <Execution id="3b1d3eb4-c600-470a-a7bc-8cbeac01b7ab" />
      <TestMethod codeBase="D:\actions-runner\_work\XPCO\XPCO\AllSolutions\..\SC\Components\RemoteViewer\SmartClient\tst\zSmartClient_UnitTest\bin\x64\Debug\net6.0-windows\zSmartClient_UnitTest.dll" adapterTypeName="executor://mstestadapter/v2" className="SmartClient_UnitTest.VideoOS.RemoteClient.Plugin.Export.CreateExportDialogViewModelTests" name="CreateExportDialog_ExportDestinationSelectionEnabled_BasedOnOptions" />
    </UnitTest>
    <UnitTest name="Map_Layers_AddDirectly_Fail" storage="d:\actions-runner\_work\xpco\xpco\allsolutions\..\sc\components\remoteviewer\smartclient\tst\zsmartclient_unittest\bin\x64\debug\net6.0-windows\zsmartclient_unittest.dll" id="eeed665d-fc4a-36d4-2080-835d14f41e2a">
      <TestCategory>
        <TestCategoryItem TestCategory="GisMapLayers" />
      </TestCategory>
      <Execution id="eca65be5-2b32-443d-91cf-b2cc7bbf9bb0" />
      <TestMethod codeBase="D:\actions-runner\_work\XPCO\XPCO\AllSolutions\..\SC\Components\RemoteViewer\SmartClient\tst\zSmartClient_UnitTest\bin\x64\Debug\net6.0-windows\zSmartClient_UnitTest.dll" adapterTypeName="executor://mstestadapter/v2" className="SmartClient_UnitTest.VideoOS.RemoteClient.GisMapData.GisMapLayerTests" name="Map_Layers_AddDirectly_Fail" />
    </UnitTest>
    <UnitTest name="DateToStringConverter_ConvertBack_Fail" storage="d:\actions-runner\_work\xpco\xpco\allsolutions\..\sc\components\remoteviewer\smartclient\tst\zsmartclient_unittest\bin\x64\debug\net6.0-windows\zsmartclient_unittest.dll" id="af9e36c7-6a97-f2e2-549f-4bcadfe1d626">
      <TestCategory>
        <TestCategoryItem TestCategory="SearchConverter" />
      </TestCategory>
      <Execution id="c0f04c79-3923-454a-93b5-c6d94a91db73" />
      <TestMethod codeBase="D:\actions-runner\_work\XPCO\XPCO\AllSolutions\..\SC\Components\RemoteViewer\SmartClient\tst\zSmartClient_UnitTest\bin\x64\Debug\net6.0-windows\zSmartClient_UnitTest.dll" adapterTypeName="executor://mstestadapter/v2" className="SmartClient_UnitTest.VideoOS.RemoteClient.Plugin.CentralizedSearch.Views.Converters.DateToStringConverterTests" name="DateToStringConverter_ConvertBack_Fail" />
    </UnitTest>
    <UnitTest name="ActiveInteractionStateBinding_ShouldNotBeNull_WhenCtorIsCalled" storage="d:\actions-runner\_work\xpco\xpco\allsolutions\..\sc\components\remoteviewer\smartclient\tst\zsmartclient_unittest\bin\x64\debug\net6.0-windows\zsmartclient_unittest.dll" id="41b6c041-6264-4714-8517-a042a107be15">
      <TestCategory>
        <TestCategoryItem TestCategory="GisMap.ClusterMipItemMarker" />
      </TestCategory>
      <Execution id="5bd36cea-b605-4cfa-87b5-ac9fa43d92b8" />
      <TestMethod codeBase="D:\actions-runner\_work\XPCO\XPCO\AllSolutions\..\SC\Components\RemoteViewer\SmartClient\tst\zSmartClient_UnitTest\bin\x64\Debug\net6.0-windows\zSmartClient_UnitTest.dll" adapterTypeName="executor://mstestadapter/v2" className="SmartClient_UnitTest.VideoOS.RemoteClient.Plugin.GisMap.ThinkGeoMap.Markers.ClusterMipItemMarker.ClusterMipItemMarkerTests" name="ActiveInteractionStateBinding_ShouldNotBeNull_WhenCtorIsCalled" />
    </UnitTest>
    <UnitTest name="UpdateSearchAttributes_NoAttributes_NoChange" storage="d:\actions-runner\_work\xpco\xpco\allsolutions\..\sc\components\remoteviewer\smartclient\tst\zsmartclient_unittest\bin\x64\debug\net6.0-windows\zsmartclient_unittest.dll" id="1a4e885e-6ffc-c617-8987-ed7778452758">
      <TestCategory>
        <TestCategoryItem TestCategory="Search" />
      </TestCategory>
      <Execution id="7757f2b6-9d1e-40a8-9869-61ed990c286e" />
      <TestMethod codeBase="D:\actions-runner\_work\XPCO\XPCO\AllSolutions\..\SC\Components\RemoteViewer\SmartClient\tst\zSmartClient_UnitTest\bin\x64\Debug\net6.0-windows\zSmartClient_UnitTest.dll" adapterTypeName="executor://mstestadapter/v2" className="SmartClient_UnitTest.VideoOS.RemoteClient.Plugin.CentralizedSearch.ViewModels.SearchDefinitionViewModelTests" name="UpdateSearchAttributes_NoAttributes_NoChange" />
    </UnitTest>
    <UnitTest name="ResolveSearchDefinitions_ShouldReturnResultSearchDefinition_WhenCombinedSearchResultWithSingleSubResultAndEmptySearchDefinitionsAreGiven" storage="d:\actions-runner\_work\xpco\xpco\allsolutions\..\sc\components\remoteviewer\smartclient\tst\zsmartclient_unittest\bin\x64\debug\net6.0-windows\zsmartclient_unittest.dll" id="d4a56e7d-608d-82d0-94be-2ee3ccb3dc5e">
      <TestCategory>
        <TestCategoryItem TestCategory="Search" />
      </TestCategory>
      <Execution id="9f25860f-c55b-456c-b4fd-c9973661728d" />
      <TestMethod codeBase="D:\actions-runner\_work\XPCO\XPCO\AllSolutions\..\SC\Components\RemoteViewer\SmartClient\tst\zSmartClient_UnitTest\bin\x64\Debug\net6.0-windows\zSmartClient_UnitTest.dll" adapterTypeName="executor://mstestadapter/v2" className="SmartClient_UnitTest.VideoOS.RemoteClient.Plugin.CentralizedSearch.Utils.SearchResultDataWrapperExtensionsTests" name="ResolveSearchDefinitions_ShouldReturnResultSearchDefinition_WhenCombinedSearchResultWithSingleSubResultAndEmptySearchDefinitionsAreGiven" />
    </UnitTest>
    <UnitTest name="State_ShouldUpdateMicrophoneIconImage_WhenSetToUnMute" storage="d:\actions-runner\_work\xpco\xpco\allsolutions\..\sc\components\remoteviewer\smartclient\tst\zsmartclient_unittest\bin\x64\debug\net6.0-windows\zsmartclient_unittest.dll" id="c91a6029-2d3a-0f60-dab5-db888083c7c3">
      <TestCategory>
        <TestCategoryItem TestCategory="GisMapData.MapItem.Microphones" />
      </TestCategory>
      <Execution id="fd52be6c-5b6a-4b2d-8ec9-71d4cd775537" />
      <TestMethod codeBase="D:\actions-runner\_work\XPCO\XPCO\AllSolutions\..\SC\Components\RemoteViewer\SmartClient\tst\zSmartClient_UnitTest\bin\x64\Debug\net6.0-windows\zSmartClient_UnitTest.dll" adapterTypeName="executor://mstestadapter/v2" className="SmartClient_UnitTest.VideoOS.RemoteClient.GisMapData.MapItem.Microphones.MicrophoneMapItemTests" name="State_ShouldUpdateMicrophoneIconImage_WhenSetToUnMute" />
    </UnitTest>
    <UnitTest name="ChangeSorting_ShouldApplyRelevanceComparerAndNewestEventTimeSortOrder_WhenRelevanceEnumValueIsApplied" storage="d:\actions-runner\_work\xpco\xpco\allsolutions\..\sc\components\remoteviewer\smartclient\tst\zsmartclient_unittest\bin\x64\debug\net6.0-windows\zsmartclient_unittest.dll" id="110c5f83-752f-57c6-1e06-5ba87b7d2a16">
      <TestCategory>
        <TestCategoryItem TestCategory="SearchViewModels" />
      </TestCategory>
      <Execution id="4930aaf4-20cb-4a64-a7b0-a93f5be842e0" />
      <TestMethod codeBase="D:\actions-runner\_work\XPCO\XPCO\AllSolutions\..\SC\Components\RemoteViewer\SmartClient\tst\zSmartClient_UnitTest\bin\x64\Debug\net6.0-windows\zSmartClient_UnitTest.dll" adapterTypeName="executor://mstestadapter/v2" className="SmartClient_UnitTest.VideoOS.RemoteClient.Plugin.CentralizedSearch.ViewModels.SearchViewModelTests" name="ChangeSorting_ShouldApplyRelevanceComparerAndNewestEventTimeSortOrder_WhenRelevanceEnumValueIsApplied" />
    </UnitTest>
    <UnitTest name="ToDenormalizedFieldOfView_1_0" storage="d:\actions-runner\_work\xpco\xpco\allsolutions\..\sc\components\remoteviewer\smartclient\tst\zsmartclient_unittest\bin\x64\debug\net6.0-windows\zsmartclient_unittest.dll" id="a1232aab-9143-95b0-ed05-58af3d018f0d">
      <TestCategory>
        <TestCategoryItem TestCategory="GisMap" />
      </TestCategory>
      <Execution id="f6435f8d-c200-4842-a2c3-fc42fcc49dfe" />
      <TestMethod codeBase="D:\actions-runner\_work\XPCO\XPCO\AllSolutions\..\SC\Components\RemoteViewer\SmartClient\tst\zSmartClient_UnitTest\bin\x64\Debug\net6.0-windows\zSmartClient_UnitTest.dll" adapterTypeName="executor://mstestadapter/v2" className="SmartClient_UnitTest.VideoOS.RemoteClient.GisMap.Utilities.GisUtilityTests" name="ToDenormalizedFieldOfView_1_0" />
    </UnitTest>
    <UnitTest name="ComparingSameInstance" storage="d:\actions-runner\_work\xpco\xpco\allsolutions\..\sc\components\remoteviewer\smartclient\tst\zsmartclient_unittest\bin\x64\debug\net6.0-windows\zsmartclient_unittest.dll" id="a6f9c41f-5ed0-c96c-bb7f-fb5d30d812a5">
      <Execution id="756ddaf0-57ca-4a0e-8da4-31c1b2c61f50" />
      <TestMethod codeBase="D:\actions-runner\_work\XPCO\XPCO\AllSolutions\..\SC\Components\RemoteViewer\SmartClient\tst\zSmartClient_UnitTest\bin\x64\Debug\net6.0-windows\zSmartClient_UnitTest.dll" adapterTypeName="executor://mstestadapter/v2" className="SmartClient_UnitTest.VideoOS.RemoteClient.Application.UI.Common.ViewTree.SortingTests" name="ComparingSameInstance" />
    </UnitTest>
    <UnitTest name="Constructor_ShouldThrowException_WhenFunctorCollectionIsNull" storage="d:\actions-runner\_work\xpco\xpco\allsolutions\..\sc\components\remoteviewer\smartclient\tst\zsmartclient_unittest\bin\x64\debug\net6.0-windows\zsmartclient_unittest.dll" id="97333588-528f-b816-eec2-32c062436864">
      <TestCategory>
        <TestCategoryItem TestCategory="ReportingContentType" />
      </TestCategory>
      <Execution id="344ba3cd-275e-433e-a227-018022c15287" />
      <TestMethod codeBase="D:\actions-runner\_work\XPCO\XPCO\AllSolutions\..\SC\Components\RemoteViewer\SmartClient\tst\zSmartClient_UnitTest\bin\x64\Debug\net6.0-windows\zSmartClient_UnitTest.dll" adapterTypeName="executor://mstestadapter/v2" className="SmartClient_UnitTest.VideoOS.RemoteClient.Application.Data.ContentTypes.ReportingContentType.ReportViewerViewModelTest" name="Constructor_ShouldThrowException_WhenFunctorCollectionIsNull" />
    </UnitTest>
    <UnitTest name="LeftButtonDown_DoubleClick_ZoomsIn" storage="d:\actions-runner\_work\xpco\xpco\allsolutions\..\sc\components\remoteviewer\smartclient\tst\zsmartclient_unittest\bin\x64\debug\net6.0-windows\zsmartclient_unittest.dll" id="504360c9-285d-3030-32b3-a9a95cfffe51">
      <TestCategory>
        <TestCategoryItem TestCategory="GisMap.MapControl" />
      </TestCategory>
      <Execution id="391eb2e6-ce37-4e7e-b78b-1e3a276cf37e" />
      <TestMethod codeBase="D:\actions-runner\_work\XPCO\XPCO\AllSolutions\..\SC\Components\RemoteViewer\SmartClient\tst\zSmartClient_UnitTest\bin\x64\Debug\net6.0-windows\zSmartClient_UnitTest.dll" adapterTypeName="executor://mstestadapter/v2" className="SmartClient_UnitTest.VideoOS.RemoteClient.Plugin.GisMap.ThinkGeoMap.ThinkGeoMapControlTests" name="LeftButtonDown_DoubleClick_ZoomsIn" />
    </UnitTest>
    <UnitTest name="AttributeValueGet_NullValue_Success" storage="d:\actions-runner\_work\xpco\xpco\allsolutions\..\sc\components\remoteviewer\smartclient\tst\zsmartclient_unittest\bin\x64\debug\net6.0-windows\zsmartclient_unittest.dll" id="17fe6ff4-b5d4-9e8c-2ff8-d274a9cc9666">
      <TestCategory>
        <TestCategoryItem TestCategory="Search" />
      </TestCategory>
      <Execution id="a3963a47-8fd7-4a3c-bf16-c2de91190ea8" />
      <TestMethod codeBase="D:\actions-runner\_work\XPCO\XPCO\AllSolutions\..\SC\Components\RemoteViewer\SmartClient\tst\zSmartClient_UnitTest\bin\x64\Debug\net6.0-windows\zSmartClient_UnitTest.dll" adapterTypeName="executor://mstestadapter/v2" className="SmartClient_UnitTest.VideoOS.RemoteClient.Plugin.CentralizedSearch.MIPPlugin.Criteria.TextBoxAttributeEditControlTest" name="AttributeValueGet_NullValue_Success" />
    </UnitTest>
    <UnitTest name="ValidateExportFormats_ShouldReturnFailResult_ExportFormatRequired" storage="d:\actions-runner\_work\xpco\xpco\allsolutions\..\sc\components\remoteviewer\smartclient\tst\zsmartclient_unittest\bin\x64\debug\net6.0-windows\zsmartclient_unittest.dll" id="4e7c1dac-cca0-02a1-db28-32ba9bd6a0cf">
      <TestCategory>
        <TestCategoryItem TestCategory="Export" />
      </TestCategory>
      <Execution id="3949848c-b629-4600-a591-b48c68b4ca47" />
      <TestMethod codeBase="D:\actions-runner\_work\XPCO\XPCO\AllSolutions\..\SC\Components\RemoteViewer\SmartClient\tst\zSmartClient_UnitTest\bin\x64\Debug\net6.0-windows\zSmartClient_UnitTest.dll" adapterTypeName="executor://mstestadapter/v2" className="SmartClient_UnitTest.VideoOS.RemoteClient.Plugin.Export.ExportDataValidatorTests" name="ValidateExportFormats_ShouldReturnFailResult_ExportFormatRequired" />
    </UnitTest>
    <UnitTest name="OnLoaded_ValidUserControl_Success" storage="d:\actions-runner\_work\xpco\xpco\allsolutions\..\sc\components\remoteviewer\smartclient\tst\zsmartclient_unittest\bin\x64\debug\net6.0-windows\zsmartclient_unittest.dll" id="673f3e73-dfeb-8ed6-a405-443eef7a608a">
      <TestCategory>
        <TestCategoryItem TestCategory="Search" />
      </TestCategory>
      <Execution id="fc4b6d54-9b7c-41c4-8263-cdba4385304f" />
      <TestMethod codeBase="D:\actions-runner\_work\XPCO\XPCO\AllSolutions\..\SC\Components\RemoteViewer\SmartClient\tst\zSmartClient_UnitTest\bin\x64\Debug\net6.0-windows\zSmartClient_UnitTest.dll" adapterTypeName="executor://mstestadapter/v2" className="SmartClient_UnitTest.VideoOS.RemoteClient.Plugin.CentralizedSearch.Views.SearchResultContainerViewTests" name="OnLoaded_ValidUserControl_Success" />
    </UnitTest>
    <UnitTest name="ProvideValue_ReturnsThis" storage="d:\actions-runner\_work\xpco\xpco\allsolutions\..\sc\components\remoteviewer\smartclient\tst\zsmartclient_unittest\bin\x64\debug\net6.0-windows\zsmartclient_unittest.dll" id="b162402f-2c1b-0582-f67d-d6b489572737">
      <TestCategory>
        <TestCategoryItem TestCategory="SearchConverter" />
      </TestCategory>
      <Execution id="5092c6a9-e850-4d53-9726-a340db1f3df7" />
      <TestMethod codeBase="D:\actions-runner\_work\XPCO\XPCO\AllSolutions\..\SC\Components\RemoteViewer\SmartClient\tst\zSmartClient_UnitTest\bin\x64\Debug\net6.0-windows\zSmartClient_UnitTest.dll" adapterTypeName="executor://mstestadapter/v2" className="SmartClient_UnitTest.VideoOS.RemoteClient.Plugin.CentralizedSearch.Views.Converters.NoCriteriaSelectedGridVisibilityConverterTests" name="ProvideValue_ReturnsThis" />
    </UnitTest>
    <UnitTest name="GetSnapshots_NoPlaybackRight_Failure" storage="d:\actions-runner\_work\xpco\xpco\allsolutions\..\sc\components\remoteviewer\smartclient\tst\zsmartclient_unittest\bin\x64\debug\net6.0-windows\zsmartclient_unittest.dll" id="0235937d-7835-1be7-a6de-aa25a4b10aac">
      <TestCategory>
        <TestCategoryItem TestCategory="Search" />
      </TestCategory>
      <Execution id="91c87610-a45a-438f-a70a-62f7a4bccf76" />
      <TestMethod codeBase="D:\actions-runner\_work\XPCO\XPCO\AllSolutions\..\SC\Components\RemoteViewer\SmartClient\tst\zSmartClient_UnitTest\bin\x64\Debug\net6.0-windows\zSmartClient_UnitTest.dll" adapterTypeName="executor://mstestadapter/v2" className="SmartClient_UnitTest.VideoOS.RemoteClient.Plugin.CentralizedSearch.ViewModels.Data.SnapshotHandlerTests" name="GetSnapshots_NoPlaybackRight_Failure" />
    </UnitTest>
    <UnitTest name="SetMapItemCluster_ShouldSetIcon_WhenNotSuperClusterAndNotCamera" storage="d:\actions-runner\_work\xpco\xpco\allsolutions\..\sc\components\remoteviewer\smartclient\tst\zsmartclient_unittest\bin\x64\debug\net6.0-windows\zsmartclient_unittest.dll" id="9aeccaa7-2271-ee00-99ac-96f3fa1164be">
      <TestCategory>
        <TestCategoryItem TestCategory="GisMap.ClusterMarkerTests" />
      </TestCategory>
      <Execution id="4e9e424e-507a-4a24-ada1-1ee79b5a84de" />
      <TestMethod codeBase="D:\actions-runner\_work\XPCO\XPCO\AllSolutions\..\SC\Components\RemoteViewer\SmartClient\tst\zSmartClient_UnitTest\bin\x64\Debug\net6.0-windows\zSmartClient_UnitTest.dll" adapterTypeName="executor://mstestadapter/v2" className="SmartClient_UnitTest.VideoOS.RemoteClient.Plugin.GisMap.ThinkGeoMap.Markers.DeviceMarkers.ClusterMarker.ClusterMarkerTests" name="SetMapItemCluster_ShouldSetIcon_WhenNotSuperClusterAndNotCamera" />
    </UnitTest>
    <UnitTest name="PtzPresetsMenuViewModel_PtzReservedByOtherUserTest" storage="d:\actions-runner\_work\xpco\xpco\allsolutions\..\sc\components\remoteviewer\smartclient\tst\zsmartclient_unittest\bin\x64\debug\net6.0-windows\zsmartclient_unittest.dll" id="c80f6705-aed7-e74b-8edd-9b2f7c5971b3">
      <Execution id="249c72b0-a648-4454-88c0-7cf611747b5c" />
      <TestMethod codeBase="D:\actions-runner\_work\XPCO\XPCO\AllSolutions\..\SC\Components\RemoteViewer\SmartClient\tst\zSmartClient_UnitTest\bin\x64\Debug\net6.0-windows\zSmartClient_UnitTest.dll" adapterTypeName="executor://mstestadapter/v2" className="SmartClient_UnitTest.VideoOS.RemoteClient.Application.Data.ContentTypes.CameraContentType.PtzPresetsMenuViewModelTest" name="PtzPresetsMenuViewModel_PtzReservedByOtherUserTest" />
    </UnitTest>
    <UnitTest name="CompareMilestonePinkTest" storage="d:\actions-runner\_work\xpco\xpco\allsolutions\..\sc\components\remoteviewer\smartclient\tst\zsmartclient_unittest\bin\x64\debug\net6.0-windows\zsmartclient_unittest.dll" id="b89a6798-9691-5fa5-5f0c-53d6c5a0e9aa">
      <Execution id="cf3e3a8c-c3ed-4449-825f-d0e34347d7b8" />
      <TestMethod codeBase="D:\actions-runner\_work\XPCO\XPCO\AllSolutions\..\SC\Components\RemoteViewer\SmartClient\tst\zSmartClient_UnitTest\bin\x64\Debug\net6.0-windows\zSmartClient_UnitTest.dll" adapterTypeName="executor://mstestadapter/v2" className="SmartClient_UnitTest.VideoOS.RemoteClient.Application.Controllers.OemResourceControllerTest" name="CompareMilestonePinkTest" />
    </UnitTest>
    <UnitTest name="IsOutputDisabled_ShouldBeFalse_WhenOutputIsEnabled" storage="d:\actions-runner\_work\xpco\xpco\allsolutions\..\sc\components\remoteviewer\smartclient\tst\zsmartclient_unittest\bin\x64\debug\net6.0-windows\zsmartclient_unittest.dll" id="02e91707-aab1-0a11-fa7b-f648cd0fd36e">
      <TestCategory>
        <TestCategoryItem TestCategory="GisMapData.MapLayers" />
      </TestCategory>
      <Execution id="8feb1eca-4edc-4045-ab46-e00334fcad4c" />
      <TestMethod codeBase="D:\actions-runner\_work\XPCO\XPCO\AllSolutions\..\SC\Components\RemoteViewer\SmartClient\tst\zSmartClient_UnitTest\bin\x64\Debug\net6.0-windows\zSmartClient_UnitTest.dll" adapterTypeName="executor://mstestadapter/v2" className="SmartClient_UnitTest.VideoOS.RemoteClient.GisMapData.MapLayers.OutputItemsMapLayerTests" name="IsOutputDisabled_ShouldBeFalse_WhenOutputIsEnabled" />
    </UnitTest>
    <UnitTest name="IsMicrophoneMuted_ShouldBeTrue_WhenMicrophoneIsMuted" storage="d:\actions-runner\_work\xpco\xpco\allsolutions\..\sc\components\remoteviewer\smartclient\tst\zsmartclient_unittest\bin\x64\debug\net6.0-windows\zsmartclient_unittest.dll" id="0cc7d5be-9117-6a7b-5cf3-0699f110c80e">
      <TestCategory>
        <TestCategoryItem TestCategory="GisMapData.MapLayers" />
      </TestCategory>
      <Execution id="8bb9da2d-871b-48ea-a85c-8e6622fd8e21" />
      <TestMethod codeBase="D:\actions-runner\_work\XPCO\XPCO\AllSolutions\..\SC\Components\RemoteViewer\SmartClient\tst\zSmartClient_UnitTest\bin\x64\Debug\net6.0-windows\zSmartClient_UnitTest.dll" adapterTypeName="executor://mstestadapter/v2" className="SmartClient_UnitTest.VideoOS.RemoteClient.GisMapData.MapLayers.MicrophoneItemsMapLayerTests" name="IsMicrophoneMuted_ShouldBeTrue_WhenMicrophoneIsMuted" />
    </UnitTest>
    <UnitTest name="PatrollingProfileListViewModel_SelectedPatrollingProfileViewModel_Selected_PatrollingStep" storage="d:\actions-runner\_work\xpco\xpco\allsolutions\..\sc\components\remoteviewer\smartclient\tst\zsmartclient_unittest\bin\x64\debug\net6.0-windows\zsmartclient_unittest.dll" id="2521704e-7859-65c2-160f-02af43e2aa44">
      <Execution id="e9a6df34-4d02-4946-b9dd-dc17edbe074c" />
      <TestMethod codeBase="D:\actions-runner\_work\XPCO\XPCO\AllSolutions\..\SC\Components\RemoteViewer\SmartClient\tst\zSmartClient_UnitTest\bin\x64\Debug\net6.0-windows\zSmartClient_UnitTest.dll" adapterTypeName="executor://mstestadapter/v2" className="SmartClient_UnitTest.VideoOS.RemoteClient.Application.UI.PtzPreset.PatrollingViewModel.PatrollingProfileListViewModelTest" name="PatrollingProfileListViewModel_SelectedPatrollingProfileViewModel_Selected_PatrollingStep" />
    </UnitTest>
    <UnitTest name="Result_Expands_Correctly" storage="d:\actions-runner\_work\xpco\xpco\allsolutions\..\sc\components\remoteviewer\smartclient\tst\zsmartclient_unittest\bin\x64\debug\net6.0-windows\zsmartclient_unittest.dll" id="8717c557-1272-1ca3-c2f1-71d1819ddb50">
      <Execution id="b43a79f1-91a9-4c28-9891-6eb0bcc4d965" />
      <TestMethod codeBase="D:\actions-runner\_work\XPCO\XPCO\AllSolutions\..\SC\Components\RemoteViewer\SmartClient\tst\zSmartClient_UnitTest\bin\x64\Debug\net6.0-windows\zSmartClient_UnitTest.dll" adapterTypeName="executor://mstestadapter/v2" className="SmartClient_UnitTest.VideoOS.RemoteClient.Application.Components.Search.SearchManagerTest" name="Result_Expands_Correctly" />
    </UnitTest>
    <UnitTest name="FindSearchTemplatesAsync_Fails_Success" storage="d:\actions-runner\_work\xpco\xpco\allsolutions\..\sc\components\remoteviewer\smartclient\tst\zsmartclient_unittest\bin\x64\debug\net6.0-windows\zsmartclient_unittest.dll" id="d697ec40-0cdc-2a97-6199-7cace147591a">
      <TestCategory>
        <TestCategoryItem TestCategory="SearchTemplates" />
      </TestCategory>
      <Execution id="2769f5f7-9214-4b44-a0a4-24f70b96e586" />
      <TestMethod codeBase="D:\actions-runner\_work\XPCO\XPCO\AllSolutions\..\SC\Components\RemoteViewer\SmartClient\tst\zSmartClient_UnitTest\bin\x64\Debug\net6.0-windows\zSmartClient_UnitTest.dll" adapterTypeName="executor://mstestadapter/v2" className="SmartClient_UnitTest.VideoOS.RemoteClient.Plugin.CentralizedSearch.SearchTemplates.SearchTemplateManagerTests" name="FindSearchTemplatesAsync_Fails_Success" />
    </UnitTest>
    <UnitTest name="PtzSessionControllerInfo_TimeChangedTest_Argument_Null_1" storage="d:\actions-runner\_work\xpco\xpco\allsolutions\..\sc\components\remoteviewer\smartclient\tst\zsmartclient_unittest\bin\x64\debug\net6.0-windows\zsmartclient_unittest.dll" id="aa81343a-5273-d050-4734-4d568d0cd256">
      <Execution id="f976a1a5-8a61-494a-b202-583a671d5ad8" />
      <TestMethod codeBase="D:\actions-runner\_work\XPCO\XPCO\AllSolutions\..\SC\Components\RemoteViewer\SmartClient\tst\zSmartClient_UnitTest\bin\x64\Debug\net6.0-windows\zSmartClient_UnitTest.dll" adapterTypeName="executor://mstestadapter/v2" className="VideoOS.RemoteClient.Application.Controllers.UnitTest.PtzSessionControllerTest" name="PtzSessionControllerInfo_TimeChangedTest_Argument_Null_1" />
    </UnitTest>
    <UnitTest name="Ctor_NullMessage_ThrowsException" storage="d:\actions-runner\_work\xpco\xpco\allsolutions\..\sc\components\remoteviewer\smartclient\tst\zsmartclient_unittest\bin\x64\debug\net6.0-windows\zsmartclient_unittest.dll" id="29c77f9c-4048-1470-9159-cedbe420b5fd">
      <Execution id="8c809fb7-7bab-4d94-997d-20b9f5c0ee63" />
      <TestMethod codeBase="D:\actions-runner\_work\XPCO\XPCO\AllSolutions\..\SC\Components\RemoteViewer\SmartClient\tst\zSmartClient_UnitTest\bin\x64\Debug\net6.0-windows\zSmartClient_UnitTest.dll" adapterTypeName="executor://mstestadapter/v2" className="SmartClient_UnitTest.VideoOS.RemoteClient.Application.UI.Common.MessageBoxWithList.MessageBoxWithListViewModelTests" name="Ctor_NullMessage_ThrowsException" />
    </UnitTest>
    <UnitTest name="PatrollingProfileListViewModel_SelectedPatrollingProfileViewModel_No_Selected_PatrollingStep" storage="d:\actions-runner\_work\xpco\xpco\allsolutions\..\sc\components\remoteviewer\smartclient\tst\zsmartclient_unittest\bin\x64\debug\net6.0-windows\zsmartclient_unittest.dll" id="27438fb6-5317-1252-e840-ea85e2375f48">
      <Execution id="4f14783a-6488-4ba0-b09d-31f3576be0ab" />
      <TestMethod codeBase="D:\actions-runner\_work\XPCO\XPCO\AllSolutions\..\SC\Components\RemoteViewer\SmartClient\tst\zSmartClient_UnitTest\bin\x64\Debug\net6.0-windows\zSmartClient_UnitTest.dll" adapterTypeName="executor://mstestadapter/v2" className="SmartClient_UnitTest.VideoOS.RemoteClient.Application.UI.PtzPreset.PatrollingViewModel.PatrollingProfileListViewModelTest" name="PatrollingProfileListViewModel_SelectedPatrollingProfileViewModel_No_Selected_PatrollingStep" />
    </UnitTest>
    <UnitTest name="OnUnloaded_ResultControl_ResultControlClosed" storage="d:\actions-runner\_work\xpco\xpco\allsolutions\..\sc\components\remoteviewer\smartclient\tst\zsmartclient_unittest\bin\x64\debug\net6.0-windows\zsmartclient_unittest.dll" id="0eacc291-f328-de4d-1a1f-8a8b3e1cccd7">
      <TestCategory>
        <TestCategoryItem TestCategory="Search" />
      </TestCategory>
      <Execution id="5191aa3d-b411-4841-a79c-4952ee50f664" />
      <TestMethod codeBase="D:\actions-runner\_work\XPCO\XPCO\AllSolutions\..\SC\Components\RemoteViewer\SmartClient\tst\zSmartClient_UnitTest\bin\x64\Debug\net6.0-windows\zSmartClient_UnitTest.dll" adapterTypeName="executor://mstestadapter/v2" className="SmartClient_UnitTest.VideoOS.RemoteClient.Plugin.CentralizedSearch.Views.SearchResultContainerViewTests" name="OnUnloaded_ResultControl_ResultControlClosed" />
    </UnitTest>
    <UnitTest name="Decorate_ShouldRaiseArgumentNullException_WhenLayerVisibilityItemDataIsNull" storage="d:\actions-runner\_work\xpco\xpco\allsolutions\..\sc\components\remoteviewer\smartclient\tst\zsmartclient_unittest\bin\x64\debug\net6.0-windows\zsmartclient_unittest.dll" id="a2522359-b2a2-5229-47e0-a441d8ac2c1e">
      <TestCategory>
        <TestCategoryItem TestCategory="GisMap.LayerVisibilityItemDataChildrenViewZoneDecoratorTests" />
      </TestCategory>
      <Execution id="15d98332-5dbf-4944-904d-eab716a3c6bd" />
      <TestMethod codeBase="D:\actions-runner\_work\XPCO\XPCO\AllSolutions\..\SC\Components\RemoteViewer\SmartClient\tst\zSmartClient_UnitTest\bin\x64\Debug\net6.0-windows\zSmartClient_UnitTest.dll" adapterTypeName="executor://mstestadapter/v2" className="SmartClient_UnitTest.VideoOS.RemoteClient.Plugin.GisMap.ViewModels.LayersVisibility.Decorators.LayerVisibilityItemDataChildrenViewZoneDecoratorTests" name="Decorate_ShouldRaiseArgumentNullException_WhenLayerVisibilityItemDataIsNull" />
    </UnitTest>
    <UnitTest name="GetDeviceData_ShouldReturnDeviceData_WhenMicrophoneKindAndExistingMicrophoneId" storage="d:\actions-runner\_work\xpco\xpco\allsolutions\..\sc\components\remoteviewer\smartclient\tst\zsmartclient_unittest\bin\x64\debug\net6.0-windows\zsmartclient_unittest.dll" id="93ef99d9-ca73-69ac-4d15-4561a881ee1d">
      <TestCategory>
        <TestCategoryItem TestCategory="GisMap.Controllers.Devices.MapItems" />
      </TestCategory>
      <Execution id="d0a72cae-e157-4e49-8e22-dabd2ca5c403" />
      <TestMethod codeBase="D:\actions-runner\_work\XPCO\XPCO\AllSolutions\..\SC\Components\RemoteViewer\SmartClient\tst\zSmartClient_UnitTest\bin\x64\Debug\net6.0-windows\zSmartClient_UnitTest.dll" adapterTypeName="executor://mstestadapter/v2" className="SmartClient_UnitTest.VideoOS.RemoteClient.Plugin.GisMap.Controllers.Devices.MapItems.DeviceDataControllerTests" name="GetDeviceData_ShouldReturnDeviceData_WhenMicrophoneKindAndExistingMicrophoneId" />
    </UnitTest>
    <UnitTest name="Convert_ShouldReturnTrue_WhenParameterArrayContainsValue" storage="d:\actions-runner\_work\xpco\xpco\allsolutions\..\sc\components\remoteviewer\smartclient\tst\zsmartclient_unittest\bin\x64\debug\net6.0-windows\zsmartclient_unittest.dll" id="847f64c7-3f64-8d01-6913-77b9ebb56919">
      <TestCategory>
        <TestCategoryItem TestCategory="GisMap.InteractionStateConverter" />
      </TestCategory>
      <Execution id="c0100d26-6fc2-4401-9407-32f9628e4df5" />
      <TestMethod codeBase="D:\actions-runner\_work\XPCO\XPCO\AllSolutions\..\SC\Components\RemoteViewer\SmartClient\tst\zSmartClient_UnitTest\bin\x64\Debug\net6.0-windows\zSmartClient_UnitTest.dll" adapterTypeName="executor://mstestadapter/v2" className="SmartClient_UnitTest.VideoOS.RemoteClient.Plugin.GisMap.View.InteractionStateConverterTests" name="Convert_ShouldReturnTrue_WhenParameterArrayContainsValue" />
    </UnitTest>
    <UnitTest name="AndOrSearchDefinitionToCornerRadiusMultiConverter_CallConvert_LastAnd" storage="d:\actions-runner\_work\xpco\xpco\allsolutions\..\sc\components\remoteviewer\smartclient\tst\zsmartclient_unittest\bin\x64\debug\net6.0-windows\zsmartclient_unittest.dll" id="d87bb820-5df8-b7cb-0dc2-a51e231db935">
      <TestCategory>
        <TestCategoryItem TestCategory="SearchConverter" />
      </TestCategory>
      <Execution id="a22d6679-7ab6-4bb6-9eff-09e42ea8f8c9" />
      <TestMethod codeBase="D:\actions-runner\_work\XPCO\XPCO\AllSolutions\..\SC\Components\RemoteViewer\SmartClient\tst\zSmartClient_UnitTest\bin\x64\Debug\net6.0-windows\zSmartClient_UnitTest.dll" adapterTypeName="executor://mstestadapter/v2" className="SmartClient_UnitTest.VideoOS.RemoteClient.Plugin.CentralizedSearch.Views.Converters.AndOrSearchDefinitionMultiConverterTests" name="AndOrSearchDefinitionToCornerRadiusMultiConverter_CallConvert_LastAnd" />
    </UnitTest>
    <UnitTest name="DeleteLevel1Of12_Success" storage="d:\actions-runner\_work\xpco\xpco\allsolutions\..\sc\components\remoteviewer\smartclient\tst\zsmartclient_unittest\bin\x64\debug\net6.0-windows\zsmartclient_unittest.dll" id="ba253b92-69e3-4e4f-d52c-11bff46fb10e">
      <TestCategory>
        <TestCategoryItem TestCategory="GisMapBuilding" />
      </TestCategory>
      <Execution id="60892e55-0b57-4594-bb1d-d85f4dc12c18" />
      <TestMethod codeBase="D:\actions-runner\_work\XPCO\XPCO\AllSolutions\..\SC\Components\RemoteViewer\SmartClient\tst\zSmartClient_UnitTest\bin\x64\Debug\net6.0-windows\zSmartClient_UnitTest.dll" adapterTypeName="executor://mstestadapter/v2" className="SmartClient_UnitTest.VideoOS.RemoteClient.GisMapData.MapBuildings.MapLevelTests" name="DeleteLevel1Of12_Success" />
    </UnitTest>
    <UnitTest name="PopulateTooltip_FewResultsFromManyCameras12Hours_ValidText" storage="d:\actions-runner\_work\xpco\xpco\allsolutions\..\sc\components\remoteviewer\smartclient\tst\zsmartclient_unittest\bin\x64\debug\net6.0-windows\zsmartclient_unittest.dll" id="aad7f35a-646d-e848-06d9-3817cba16168">
      <TestCategory>
        <TestCategoryItem TestCategory="SearchControls" />
      </TestCategory>
      <Execution id="81b8b76c-e351-461a-aacd-903aa1e2c674" />
      <TestMethod codeBase="D:\actions-runner\_work\XPCO\XPCO\AllSolutions\..\SC\Components\RemoteViewer\SmartClient\tst\zSmartClient_UnitTest\bin\x64\Debug\net6.0-windows\zSmartClient_UnitTest.dll" adapterTypeName="executor://mstestadapter/v2" className="SmartClient_UnitTest.VideoOS.RemoteClient.Plugin.CentralizedSearch.Views.Controls.TimelineRuler.TimelineRulerControlTests" name="PopulateTooltip_FewResultsFromManyCameras12Hours_ValidText" />
    </UnitTest>
    <UnitTest name="SupportsDoubleClick_ShouldBeFalse_WhenInteractionStateIsNotNormalOrNewDevice" storage="d:\actions-runner\_work\xpco\xpco\allsolutions\..\sc\components\remoteviewer\smartclient\tst\zsmartclient_unittest\bin\x64\debug\net6.0-windows\zsmartclient_unittest.dll" id="e76f4094-8dcd-5aeb-e147-a8a4e7a18b8c">
      <TestCategory>
        <TestCategoryItem TestCategory="GisMap.MicrophoneMarkerTest" />
      </TestCategory>
      <Execution id="af5ba8cc-ec3f-46e0-93cf-05ebdd799651" />
      <TestMethod codeBase="D:\actions-runner\_work\XPCO\XPCO\AllSolutions\..\SC\Components\RemoteViewer\SmartClient\tst\zSmartClient_UnitTest\bin\x64\Debug\net6.0-windows\zSmartClient_UnitTest.dll" adapterTypeName="executor://mstestadapter/v2" className="SmartClient_UnitTest.VideoOS.RemoteClient.Plugin.GisMap.ThinkGeoMap.Markers.DeviceMarkers.MicrophoneMarker.MicrophoneMarkerTests" name="SupportsDoubleClick_ShouldBeFalse_WhenInteractionStateIsNotNormalOrNewDevice" />
    </UnitTest>
    <UnitTest name="PerfCnt_ExecuteUnknownCounter_Success" storage="d:\actions-runner\_work\xpco\xpco\allsolutions\..\sc\components\remoteviewer\smartclient\tst\zsmartclient_unittest\bin\x64\debug\net6.0-windows\zsmartclient_unittest.dll" id="102b1376-858e-c079-f8d2-05ad7ca84e2b">
      <Execution id="d10badc9-7f58-459f-91b5-ac1ae17dd1bc" />
      <TestMethod codeBase="D:\actions-runner\_work\XPCO\XPCO\AllSolutions\..\SC\Components\RemoteViewer\SmartClient\tst\zSmartClient_UnitTest\bin\x64\Debug\net6.0-windows\zSmartClient_UnitTest.dll" adapterTypeName="executor://mstestadapter/v2" className="SmartClient_UnitTest.VideoOS.RemoteClient.Application.PerformanceCounters.SourcingTests" name="PerfCnt_ExecuteUnknownCounter_Success" />
    </UnitTest>
    <UnitTest name="False" storage="d:\actions-runner\_work\xpco\xpco\allsolutions\..\sc\components\remoteviewer\smartclient\tst\zsmartclient_unittest\bin\x64\debug\net6.0-windows\zsmartclient_unittest.dll" id="8b87f0b1-f144-8df8-ff9c-dd082dee0789">
      <TestCategory>
        <TestCategoryItem TestCategory="WorkspaceToolbar" />
      </TestCategory>
      <Execution id="4e7ceb33-f78b-4198-8c9f-11fda49c48b9" />
      <TestMethod codeBase="D:\actions-runner\_work\XPCO\XPCO\AllSolutions\..\SC\Components\RemoteViewer\SmartClient\tst\zSmartClient_UnitTest\bin\x64\Debug\net6.0-windows\zSmartClient_UnitTest.dll" adapterTypeName="executor://mstestadapter/v2" className="SmartClient_UnitTest.VideoOS.RemoteClient.Application.Data.WorkspaceToolbar.WorkspaceToolbarItemMipPluginTests" name="BindingModelEnabled_Matches_PluginInstanceEnabled" />
    </UnitTest>
    <UnitTest name="OnLayersRetrieved_ShouldSetComponentsToInput_WhenLayersCollectionContainsInput" storage="d:\actions-runner\_work\xpco\xpco\allsolutions\..\sc\components\remoteviewer\smartclient\tst\zsmartclient_unittest\bin\x64\debug\net6.0-windows\zsmartclient_unittest.dll" id="a68d8bd1-83c1-7dcf-88ae-373561151afd">
      <TestCategory>
        <TestCategoryItem TestCategory="GisMap.DeviceSelectorWindowViewModel" />
      </TestCategory>
      <Execution id="880d72c6-9597-417f-ad39-3116fc5e8716" />
      <TestMethod codeBase="D:\actions-runner\_work\XPCO\XPCO\AllSolutions\..\SC\Components\RemoteViewer\SmartClient\tst\zSmartClient_UnitTest\bin\x64\Debug\net6.0-windows\zSmartClient_UnitTest.dll" adapterTypeName="executor://mstestadapter/v2" className="SmartClient_UnitTest.VideoOS.RemoteClient.Plugin.GisMap.ViewModels.DeviceSelectorWindowViewModelTests" name="OnLayersRetrieved_ShouldSetComponentsToInput_WhenLayersCollectionContainsInput" />
    </UnitTest>
    <UnitTest name="CameraMapItem_ForceActivateAsync_InBuilding_MapLevelsNotLoaded_Success" storage="d:\actions-runner\_work\xpco\xpco\allsolutions\..\sc\components\remoteviewer\smartclient\tst\zsmartclient_unittest\bin\x64\debug\net6.0-windows\zsmartclient_unittest.dll" id="0b4d5c4e-e489-765d-d3a8-0ce9513428a5">
      <TestCategory>
        <TestCategoryItem TestCategory="GisMapMapItem" />
      </TestCategory>
      <Execution id="a2c874b3-6baf-4e59-98c1-a5188b70ddcb" />
      <TestMethod codeBase="D:\actions-runner\_work\XPCO\XPCO\AllSolutions\..\SC\Components\RemoteViewer\SmartClient\tst\zSmartClient_UnitTest\bin\x64\Debug\net6.0-windows\zSmartClient_UnitTest.dll" adapterTypeName="executor://mstestadapter/v2" className="SmartClient_UnitTest.VideoOS.RemoteClient.GisMap.MapItem.MapItemTests" name="CameraMapItem_ForceActivateAsync_InBuilding_MapLevelsNotLoaded_Success" />
    </UnitTest>
    <UnitTest name="SelectTemplate_UseInlineEditFalse_ReturnsPopupTemplate" storage="d:\actions-runner\_work\xpco\xpco\allsolutions\..\sc\components\remoteviewer\smartclient\tst\zsmartclient_unittest\bin\x64\debug\net6.0-windows\zsmartclient_unittest.dll" id="e1f594ff-5c37-d66b-07f6-82e1c4cb1481">
      <TestCategory>
        <TestCategoryItem TestCategory="SearchViews" />
      </TestCategory>
      <Execution id="c6ab0986-3ad6-41d9-b712-73b01dcf63a8" />
      <TestMethod codeBase="D:\actions-runner\_work\XPCO\XPCO\AllSolutions\..\SC\Components\RemoteViewer\SmartClient\tst\zSmartClient_UnitTest\bin\x64\Debug\net6.0-windows\zSmartClient_UnitTest.dll" adapterTypeName="executor://mstestadapter/v2" className="SmartClient_UnitTest.VideoOS.RemoteClient.Plugin.CentralizedSearch.Views.AttributeEditControlTemplateSelectorTests" name="SelectTemplate_UseInlineEditFalse_ReturnsPopupTemplate" />
    </UnitTest>
    <UnitTest name="Deserialize_ShouldReturnCombineTypeOr_WhenCombineTypeIsInvalidInXml" storage="d:\actions-runner\_work\xpco\xpco\allsolutions\..\sc\components\remoteviewer\smartclient\tst\zsmartclient_unittest\bin\x64\debug\net6.0-windows\zsmartclient_unittest.dll" id="a2769260-4eb7-daf9-b4d2-f155ed354d1b">
      <TestCategory>
        <TestCategoryItem TestCategory="SearchModels" />
      </TestCategory>
      <Execution id="8aa4e26c-936c-4860-9793-89a014737ff6" />
      <TestMethod codeBase="D:\actions-runner\_work\XPCO\XPCO\AllSolutions\..\SC\Components\RemoteViewer\SmartClient\tst\zSmartClient_UnitTest\bin\x64\Debug\net6.0-windows\zSmartClient_UnitTest.dll" adapterTypeName="executor://mstestadapter/v2" className="SmartClient_UnitTest.VideoOS.RemoteClient.Plugin.CentralizedSearch.Models.SearchModelTests" name="Deserialize_ShouldReturnCombineTypeOr_WhenCombineTypeIsInvalidInXml" />
    </UnitTest>
    <UnitTest name="ObjectToEnabledConverter_Convert_Null" storage="d:\actions-runner\_work\xpco\xpco\allsolutions\..\sc\components\remoteviewer\smartclient\tst\zsmartclient_unittest\bin\x64\debug\net6.0-windows\zsmartclient_unittest.dll" id="9f2f58ff-e9c2-3880-dcf4-b319d054c9c6">
      <Execution id="d3d52308-2e3c-4e16-bb63-fd1019147d57" />
      <TestMethod codeBase="D:\actions-runner\_work\XPCO\XPCO\AllSolutions\..\SC\Components\RemoteViewer\SmartClient\tst\zSmartClient_UnitTest\bin\x64\Debug\net6.0-windows\zSmartClient_UnitTest.dll" adapterTypeName="executor://mstestadapter/v2" className="SmartClient_UnitTest.VideoOS.RemoteClient.Application.UI.PtzPreset.PatrollingConverters.ObjectToEnabledConverterTest" name="ObjectToEnabledConverter_Convert_Null" />
    </UnitTest>
    <UnitTest name="AndOrSearchDefinitionToCornerRadiusMultiConverter_CallConvert_WithNullSearchDefinitionWrapper" storage="d:\actions-runner\_work\xpco\xpco\allsolutions\..\sc\components\remoteviewer\smartclient\tst\zsmartclient_unittest\bin\x64\debug\net6.0-windows\zsmartclient_unittest.dll" id="f33717b2-6c8e-2361-6ace-29e4108005a6">
      <TestCategory>
        <TestCategoryItem TestCategory="SearchConverter" />
      </TestCategory>
      <Execution id="8ff7ebe1-ef19-4cfd-b0da-f047dbf63ece" />
      <TestMethod codeBase="D:\actions-runner\_work\XPCO\XPCO\AllSolutions\..\SC\Components\RemoteViewer\SmartClient\tst\zSmartClient_UnitTest\bin\x64\Debug\net6.0-windows\zSmartClient_UnitTest.dll" adapterTypeName="executor://mstestadapter/v2" className="SmartClient_UnitTest.VideoOS.RemoteClient.Plugin.CentralizedSearch.Views.Converters.AndOrSearchDefinitionMultiConverterTests" name="AndOrSearchDefinitionToCornerRadiusMultiConverter_CallConvert_WithNullSearchDefinitionWrapper" />
    </UnitTest>
    <UnitTest name="GetResultGroups_ShouldReturnGroupsMatchingSearchAgentIds_WhenResultsAreNotCombined" storage="d:\actions-runner\_work\xpco\xpco\allsolutions\..\sc\components\remoteviewer\smartclient\tst\zsmartclient_unittest\bin\x64\debug\net6.0-windows\zsmartclient_unittest.dll" id="eeeef62f-490f-22e7-a2d2-ec5886a54dce">
      <TestCategory>
        <TestCategoryItem TestCategory="SearchResultActionBarViewModel" />
      </TestCategory>
      <Execution id="483e3254-3ca5-4c49-b870-7193e2e29100" />
      <TestMethod codeBase="D:\actions-runner\_work\XPCO\XPCO\AllSolutions\..\SC\Components\RemoteViewer\SmartClient\tst\zSmartClient_UnitTest\bin\x64\Debug\net6.0-windows\zSmartClient_UnitTest.dll" adapterTypeName="executor://mstestadapter/v2" className="SmartClient_UnitTest.VideoOS.RemoteClient.Plugin.CentralizedSearch.ViewModels.SearchResultsActionBarViewModelTest" name="GetResultGroups_ShouldReturnGroupsMatchingSearchAgentIds_WhenResultsAreNotCombined" />
    </UnitTest>
    <UnitTest name="Convert_ShouldReturnFalse_WhenParameterContainsValue" storage="d:\actions-runner\_work\xpco\xpco\allsolutions\..\sc\components\remoteviewer\smartclient\tst\zsmartclient_unittest\bin\x64\debug\net6.0-windows\zsmartclient_unittest.dll" id="f5dc02d2-c831-9a51-1ebc-8f8a343ea344">
      <TestCategory>
        <TestCategoryItem TestCategory="GisMap.InteractionStateConverter" />
      </TestCategory>
      <Execution id="fe4a3a33-b0cb-45a0-99c5-6fff5fbea5d7" />
      <TestMethod codeBase="D:\actions-runner\_work\XPCO\XPCO\AllSolutions\..\SC\Components\RemoteViewer\SmartClient\tst\zSmartClient_UnitTest\bin\x64\Debug\net6.0-windows\zSmartClient_UnitTest.dll" adapterTypeName="executor://mstestadapter/v2" className="SmartClient_UnitTest.VideoOS.RemoteClient.Plugin.GisMap.View.InteractionStateConverterTests" name="Convert_ShouldReturnFalse_WhenParameterContainsValue" />
    </UnitTest>
    <UnitTest name="HandleSetLayerFeatures_ShouldUpdateInputLayerFeatures_WhenInputKindAndInputLayerFeatures" storage="d:\actions-runner\_work\xpco\xpco\allsolutions\..\sc\components\remoteviewer\smartclient\tst\zsmartclient_unittest\bin\x64\debug\net6.0-windows\zsmartclient_unittest.dll" id="f342c369-1b63-ac09-7592-3bbf19ea7792">
      <TestCategory>
        <TestCategoryItem TestCategory="GisMapData.Handlers.LayerFeatures" />
      </TestCategory>
      <Execution id="ce0db14c-2aa6-4d24-82d6-47a64d127347" />
      <TestMethod codeBase="D:\actions-runner\_work\XPCO\XPCO\AllSolutions\..\SC\Components\RemoteViewer\SmartClient\tst\zSmartClient_UnitTest\bin\x64\Debug\net6.0-windows\zSmartClient_UnitTest.dll" adapterTypeName="executor://mstestadapter/v2" className="SmartClient_UnitTest.VideoOS.RemoteClient.GisMapData.Handlers.LayerFeatures.InputLayerFeaturesHandlerTests" name="HandleSetLayerFeatures_ShouldUpdateInputLayerFeatures_WhenInputKindAndInputLayerFeatures" />
    </UnitTest>
    <UnitTest name="SelectOptions_ShouldNotChangeSelectedComponent_WhenGivenComponentIsNull" storage="d:\actions-runner\_work\xpco\xpco\allsolutions\..\sc\components\remoteviewer\smartclient\tst\zsmartclient_unittest\bin\x64\debug\net6.0-windows\zsmartclient_unittest.dll" id="8d8eee96-464d-c577-6270-884494a6a9b2">
      <Execution id="62e44618-f83d-4bae-8e63-af08ff7a36eb" />
      <TestMethod codeBase="D:\actions-runner\_work\XPCO\XPCO\AllSolutions\..\SC\Components\RemoteViewer\SmartClient\tst\zSmartClient_UnitTest\bin\x64\Debug\net6.0-windows\zSmartClient_UnitTest.dll" adapterTypeName="executor://mstestadapter/v2" className="SmartClient_UnitTest.VideoOS.RemoteClient.Application.UI.Settings.SettingsDialogViewModelTests" name="SelectOptions_ShouldNotChangeSelectedComponent_WhenGivenComponentIsNull" />
    </UnitTest>
    <UnitTest name="ServerAuthentication_ShouldReturnLegacyWindows_WhenConstructedUsingWindows" storage="d:\actions-runner\_work\xpco\xpco\allsolutions\..\sc\components\remoteviewer\smartclient\tst\zsmartclient_unittest\bin\x64\debug\net6.0-windows\zsmartclient_unittest.dll" id="dcdbbe69-ab49-7246-fc1b-b94cfe92e639">
      <TestCategory>
        <TestCategoryItem TestCategory="Authentication.ClientCredentials" />
      </TestCategory>
      <Execution id="40437b91-7bff-4409-80cd-b0c8199a98b0" />
      <TestMethod codeBase="D:\actions-runner\_work\XPCO\XPCO\AllSolutions\..\SC\Components\RemoteViewer\SmartClient\tst\zSmartClient_UnitTest\bin\x64\Debug\net6.0-windows\zSmartClient_UnitTest.dll" adapterTypeName="executor://mstestadapter/v2" className="SmartClient_UnitTest.VideoOS.Shared.ServerAPI.ClientCredentialsTest" name="ServerAuthentication_ShouldReturnLegacyWindows_WhenConstructedUsingWindows" />
    </UnitTest>
    <UnitTest name="ToMipSearchResultData_ShouldIncludeMetadataObjectsFromAllSubResults" storage="d:\actions-runner\_work\xpco\xpco\allsolutions\..\sc\components\remoteviewer\smartclient\tst\zsmartclient_unittest\bin\x64\debug\net6.0-windows\zsmartclient_unittest.dll" id="8ed2a60a-eeda-1585-64ac-27fd20cde828">
      <TestCategory>
        <TestCategoryItem TestCategory="Search.Wrappers" />
      </TestCategory>
      <Execution id="e1f94046-ae5b-4536-9ed9-5b5dfd19df67" />
      <TestMethod codeBase="D:\actions-runner\_work\XPCO\XPCO\AllSolutions\..\SC\Components\RemoteViewer\SmartClient\tst\zSmartClient_UnitTest\bin\x64\Debug\net6.0-windows\zSmartClient_UnitTest.dll" adapterTypeName="executor://mstestadapter/v2" className="SmartClient_UnitTest.VideoOS.RemoteClient.Plugin.CentralizedSearch.Models.Wrappers.CombinedSearchResultDataWrapperTests" name="ToMipSearchResultData_ShouldIncludeMetadataObjectsFromAllSubResults" />
    </UnitTest>
    <UnitTest name="ValidateExportFormats_VideoClipFormat_ShouldReturnFailResult_NoAudioToExport" storage="d:\actions-runner\_work\xpco\xpco\allsolutions\..\sc\components\remoteviewer\smartclient\tst\zsmartclient_unittest\bin\x64\debug\net6.0-windows\zsmartclient_unittest.dll" id="3346e13c-f7e8-cb19-f9f1-938fc47b8c60">
      <TestCategory>
        <TestCategoryItem TestCategory="Export" />
      </TestCategory>
      <Execution id="1cbbc5ea-04cd-43e4-b3da-5c95aab11396" />
      <TestMethod codeBase="D:\actions-runner\_work\XPCO\XPCO\AllSolutions\..\SC\Components\RemoteViewer\SmartClient\tst\zSmartClient_UnitTest\bin\x64\Debug\net6.0-windows\zSmartClient_UnitTest.dll" adapterTypeName="executor://mstestadapter/v2" className="SmartClient_UnitTest.VideoOS.RemoteClient.Plugin.Export.ExportDataValidatorTests" name="ValidateExportFormats_VideoClipFormat_ShouldReturnFailResult_NoAudioToExport" />
    </UnitTest>
    <UnitTest name="Constructor_ShouldRaiseArgumentNullException_WhenGisMapModelIsNull" storage="d:\actions-runner\_work\xpco\xpco\allsolutions\..\sc\components\remoteviewer\smartclient\tst\zsmartclient_unittest\bin\x64\debug\net6.0-windows\zsmartclient_unittest.dll" id="abed422e-8ff0-5810-3b31-84bfdebdfcc3">
      <TestCategory>
        <TestCategoryItem TestCategory="GisMap.Handlers.Devices.MapItems" />
      </TestCategory>
      <Execution id="87cad904-6de9-46ae-b784-1a632a5ec87e" />
      <TestMethod codeBase="D:\actions-runner\_work\XPCO\XPCO\AllSolutions\..\SC\Components\RemoteViewer\SmartClient\tst\zSmartClient_UnitTest\bin\x64\Debug\net6.0-windows\zSmartClient_UnitTest.dll" adapterTypeName="executor://mstestadapter/v2" className="SmartClient_UnitTest.VideoOS.RemoteClient.Plugin.GisMap.Handlers.Devices.MapItems.MicrophoneDataHandlerTests" name="Constructor_ShouldRaiseArgumentNullException_WhenGisMapModelIsNull" />
    </UnitTest>
    <UnitTest name="ApplyStatesToUi_StateWithItemSize_UpdateItemSizeCalled" storage="d:\actions-runner\_work\xpco\xpco\allsolutions\..\sc\components\remoteviewer\smartclient\tst\zsmartclient_unittest\bin\x64\debug\net6.0-windows\zsmartclient_unittest.dll" id="84fbc41b-f8b3-97c4-0d80-49164e74cf8a">
      <TestCategory>
        <TestCategoryItem TestCategory="SearchViews" />
      </TestCategory>
      <Execution id="6e702f80-1c84-4ad3-9280-cb3e15cf22bd" />
      <TestMethod codeBase="D:\actions-runner\_work\XPCO\XPCO\AllSolutions\..\SC\Components\RemoteViewer\SmartClient\tst\zSmartClient_UnitTest\bin\x64\Debug\net6.0-windows\zSmartClient_UnitTest.dll" adapterTypeName="executor://mstestadapter/v2" className="SmartClient_UnitTest.VideoOS.RemoteClient.Plugin.CentralizedSearch.Views.SearchResultsViewTests" name="ApplyStatesToUi_StateWithItemSize_UpdateItemSizeCalled" />
    </UnitTest>
    <UnitTest name="Compare_ShouldPrioritizeCombinedResults_WhenSingleAndCombinedResultsArePresent" storage="d:\actions-runner\_work\xpco\xpco\allsolutions\..\sc\components\remoteviewer\smartclient\tst\zsmartclient_unittest\bin\x64\debug\net6.0-windows\zsmartclient_unittest.dll" id="f952c068-f034-3ff2-3bf8-7e5b673c1e64">
      <TestCategory>
        <TestCategoryItem TestCategory="SearchComparers" />
      </TestCategory>
      <Execution id="3003dce1-285c-494f-bf9d-5c9556d5b0a4" />
      <TestMethod codeBase="D:\actions-runner\_work\XPCO\XPCO\AllSolutions\..\SC\Components\RemoteViewer\SmartClient\tst\zSmartClient_UnitTest\bin\x64\Debug\net6.0-windows\zSmartClient_UnitTest.dll" adapterTypeName="executor://mstestadapter/v2" className="SmartClient_UnitTest.VideoOS.RemoteClient.Plugin.CentralizedSearch.Models.Wrappers.Comparers.RelevanceComparerTests" name="Compare_ShouldPrioritizeCombinedResults_WhenSingleAndCombinedResultsArePresent" />
    </UnitTest>
    <UnitTest name="Initialize_ShouldRaiseServerUpgradeRequiredAccessControlInitException_WhenAllowOnlyFipsAlgorithmsIsTrueAndSomeEventServerIdsAreNonFipsCompliant" storage="d:\actions-runner\_work\xpco\xpco\allsolutions\..\sc\components\remoteviewer\smartclient\tst\zsmartclient_unittest\bin\x64\debug\net6.0-windows\zsmartclient_unittest.dll" id="232e38bc-f1e6-d745-c4df-2efcf25dd919">
      <TestCategory>
        <TestCategoryItem TestCategory="AccessControl" />
      </TestCategory>
      <Execution id="35ab24fe-a696-4888-9ce9-5ed35e3bc3e5" />
      <TestMethod codeBase="D:\actions-runner\_work\XPCO\XPCO\AllSolutions\..\SC\Components\RemoteViewer\SmartClient\tst\zSmartClient_UnitTest\bin\x64\Debug\net6.0-windows\zSmartClient_UnitTest.dll" adapterTypeName="executor://mstestadapter/v2" className="SmartClient_UnitTest.VideoOS.RemoteClient.AccessControl.AccessControlManagerCoreTests" name="Initialize_ShouldRaiseServerUpgradeRequiredAccessControlInitException_WhenAllowOnlyFipsAlgorithmsIsTrueAndSomeEventServerIdsAreNonFipsCompliant" />
    </UnitTest>
    <UnitTest name="SearchResultCombineType_ShouldSetSearchTemplateAsModified_WhenValueChangesAndSearchTemplateIsActive" storage="d:\actions-runner\_work\xpco\xpco\allsolutions\..\sc\components\remoteviewer\smartclient\tst\zsmartclient_unittest\bin\x64\debug\net6.0-windows\zsmartclient_unittest.dll" id="38c61dcc-3a50-a0a7-0dea-c65fb41e4802">
      <TestCategory>
        <TestCategoryItem TestCategory="SearchViewModels" />
      </TestCategory>
      <Execution id="96017ebb-3778-4dfc-9363-728f47c8fff4" />
      <TestMethod codeBase="D:\actions-runner\_work\XPCO\XPCO\AllSolutions\..\SC\Components\RemoteViewer\SmartClient\tst\zSmartClient_UnitTest\bin\x64\Debug\net6.0-windows\zSmartClient_UnitTest.dll" adapterTypeName="executor://mstestadapter/v2" className="SmartClient_UnitTest.VideoOS.RemoteClient.Plugin.CentralizedSearch.ViewModels.SearchViewModelTests" name="SearchResultCombineType_ShouldSetSearchTemplateAsModified_WhenValueChangesAndSearchTemplateIsActive" />
    </UnitTest>
    <UnitTest name="OutputMapItem_ForceActivateAsync_InBuilding_Success" storage="d:\actions-runner\_work\xpco\xpco\allsolutions\..\sc\components\remoteviewer\smartclient\tst\zsmartclient_unittest\bin\x64\debug\net6.0-windows\zsmartclient_unittest.dll" id="31863e20-a64d-0b66-e341-1da2a444bd4d">
      <TestCategory>
        <TestCategoryItem TestCategory="GisMapData.MapItem.Outputs" />
      </TestCategory>
      <Execution id="31a4cdab-e1b7-4e4e-9513-f5c1fcfbc80c" />
      <TestMethod codeBase="D:\actions-runner\_work\XPCO\XPCO\AllSolutions\..\SC\Components\RemoteViewer\SmartClient\tst\zSmartClient_UnitTest\bin\x64\Debug\net6.0-windows\zSmartClient_UnitTest.dll" adapterTypeName="executor://mstestadapter/v2" className="SmartClient_UnitTest.VideoOS.RemoteClient.GisMapData.MapItem.Outputs.OutputMapItemTests" name="OutputMapItem_ForceActivateAsync_InBuilding_Success" />
    </UnitTest>
    <UnitTest name="Valid password bigger length" storage="d:\actions-runner\_work\xpco\xpco\allsolutions\..\sc\components\remoteviewer\smartclient\tst\zsmartclient_unittest\bin\x64\debug\net6.0-windows\zsmartclient_unittest.dll" id="d83a6664-b710-0c77-9aee-d0cf89f7ee93">
      <TestCategory>
        <TestCategoryItem TestCategory="Export" />
      </TestCategory>
      <Execution id="b13a6e19-f29f-4ac8-8a0f-0788dfa8e19e" />
      <TestMethod codeBase="D:\actions-runner\_work\XPCO\XPCO\AllSolutions\..\SC\Components\RemoteViewer\SmartClient\tst\zSmartClient_UnitTest\bin\x64\Debug\net6.0-windows\zSmartClient_UnitTest.dll" adapterTypeName="executor://mstestadapter/v2" className="SmartClient_UnitTest.VideoOS.RemoteClient.Plugin.Export.PasswordDialogViewModelTests" name="InitialPassword_ShouldResultInCorrectValidity" />
    </UnitTest>
    <UnitTest name="AssignPanTiltValue_WhenValueMax_ShouldReturnMaxValue" storage="d:\actions-runner\_work\xpco\xpco\allsolutions\..\sc\components\remoteviewer\smartclient\tst\zsmartclient_unittest\bin\x64\debug\net6.0-windows\zsmartclient_unittest.dll" id="8893b278-aa55-a685-d169-59d2e6a2a2db">
      <Execution id="319e1e37-b718-4c18-a247-3c73b0629218" />
      <TestMethod codeBase="D:\actions-runner\_work\XPCO\XPCO\AllSolutions\..\SC\Components\RemoteViewer\SmartClient\tst\zSmartClient_UnitTest\bin\x64\Debug\net6.0-windows\zSmartClient_UnitTest.dll" adapterTypeName="executor://mstestadapter/v2" className="SmartClient_UnitTest.VideoOS.RemoteClient.Plugin.JoystickSupport.JoystickDeviceTests" name="AssignPanTiltValue_WhenValueMax_ShouldReturnMaxValue" />
    </UnitTest>
    <UnitTest name="EmptySearchResult_PropertiesCollection_IsEmpty" storage="d:\actions-runner\_work\xpco\xpco\allsolutions\..\sc\components\remoteviewer\smartclient\tst\zsmartclient_unittest\bin\x64\debug\net6.0-windows\zsmartclient_unittest.dll" id="87830711-b32c-2c47-4ef6-67875858e949">
      <TestCategory>
        <TestCategoryItem TestCategory="SearchControls" />
      </TestCategory>
      <Execution id="2fd2fb30-60f4-4505-96ae-f4a89c4c7102" />
      <TestMethod codeBase="D:\actions-runner\_work\XPCO\XPCO\AllSolutions\..\SC\Components\RemoteViewer\SmartClient\tst\zSmartClient_UnitTest\bin\x64\Debug\net6.0-windows\zSmartClient_UnitTest.dll" adapterTypeName="executor://mstestadapter/v2" className="SmartClient_UnitTest.VideoOS.RemoteClient.Plugin.CentralizedSearch.Views.Controls.SearchResultDetailsControlTests" name="EmptySearchResult_PropertiesCollection_IsEmpty" />
    </UnitTest>
    <UnitTest name="GetCredential_ShouldReturnNull_WhenAuthTypeIsNull" storage="d:\actions-runner\_work\xpco\xpco\allsolutions\..\sc\components\remoteviewer\smartclient\tst\zsmartclient_unittest\bin\x64\debug\net6.0-windows\zsmartclient_unittest.dll" id="8ad35947-3018-f160-b80e-8c54c467a21a">
      <TestCategory>
        <TestCategoryItem TestCategory="Authentication.ClientCredentials" />
      </TestCategory>
      <Execution id="193f2f81-860f-4378-8650-adca43d80c76" />
      <TestMethod codeBase="D:\actions-runner\_work\XPCO\XPCO\AllSolutions\..\SC\Components\RemoteViewer\SmartClient\tst\zSmartClient_UnitTest\bin\x64\Debug\net6.0-windows\zSmartClient_UnitTest.dll" adapterTypeName="executor://mstestadapter/v2" className="SmartClient_UnitTest.VideoOS.Shared.ServerAPI.ClientCredentialsTest" name="GetCredential_ShouldReturnNull_WhenAuthTypeIsNull" />
    </UnitTest>
    <UnitTest name="LoadSaveStateFrom_UnknownOrderResultsBy_Success" storage="d:\actions-runner\_work\xpco\xpco\allsolutions\..\sc\components\remoteviewer\smartclient\tst\zsmartclient_unittest\bin\x64\debug\net6.0-windows\zsmartclient_unittest.dll" id="98d6e5bd-b7db-7e62-faab-cf0ab9b4f07d">
      <TestCategory>
        <TestCategoryItem TestCategory="SearchResultViewModels" />
      </TestCategory>
      <Execution id="3857585d-d010-4924-a572-e23e983373ed" />
      <TestMethod codeBase="D:\actions-runner\_work\XPCO\XPCO\AllSolutions\..\SC\Components\RemoteViewer\SmartClient\tst\zSmartClient_UnitTest\bin\x64\Debug\net6.0-windows\zSmartClient_UnitTest.dll" adapterTypeName="executor://mstestadapter/v2" className="SmartClient_UnitTest.VideoOS.RemoteClient.Plugin.CentralizedSearch.ViewModels.SearchResultsViewModelTest" name="LoadSaveStateFrom_UnknownOrderResultsBy_Success" />
    </UnitTest>
    <UnitTest name="DomainAndUserName_ShouldThrow_InvalidOperationException_WhenConstructedUsingExternal" storage="d:\actions-runner\_work\xpco\xpco\allsolutions\..\sc\components\remoteviewer\smartclient\tst\zsmartclient_unittest\bin\x64\debug\net6.0-windows\zsmartclient_unittest.dll" id="cefd37a3-357f-d082-971e-590f86c9275f">
      <TestCategory>
        <TestCategoryItem TestCategory="Authentication.ClientCredentials" />
      </TestCategory>
      <Execution id="abb66d70-b333-4409-962d-898ee6ff5e94" />
      <TestMethod codeBase="D:\actions-runner\_work\XPCO\XPCO\AllSolutions\..\SC\Components\RemoteViewer\SmartClient\tst\zSmartClient_UnitTest\bin\x64\Debug\net6.0-windows\zSmartClient_UnitTest.dll" adapterTypeName="executor://mstestadapter/v2" className="SmartClient_UnitTest.VideoOS.Shared.ServerAPI.ClientCredentialsTest" name="DomainAndUserName_ShouldThrow_InvalidOperationException_WhenConstructedUsingExternal" />
    </UnitTest>
    <UnitTest name="DeserializeAlianXml_Fail" storage="d:\actions-runner\_work\xpco\xpco\allsolutions\..\sc\components\remoteviewer\smartclient\tst\zsmartclient_unittest\bin\x64\debug\net6.0-windows\zsmartclient_unittest.dll" id="b78c4a54-8a8a-cc80-cfbb-7be5b5023229">
      <Execution id="a34ad119-a597-48fe-bdf7-307a6dc3396c" />
      <TestMethod codeBase="D:\actions-runner\_work\XPCO\XPCO\AllSolutions\..\SC\Components\RemoteViewer\SmartClient\tst\zSmartClient_UnitTest\bin\x64\Debug\net6.0-windows\zSmartClient_UnitTest.dll" adapterTypeName="executor://mstestadapter/v2" className="SmartClient_UnitTest.VideoOS.RemoteClient.Data.VideoWall.MonitorStateTests" name="DeserializeAlianXml_Fail" />
    </UnitTest>
    <UnitTest name="SetItemOutlines_OutlinesEmpty_Success" storage="d:\actions-runner\_work\xpco\xpco\allsolutions\..\sc\components\remoteviewer\smartclient\tst\zsmartclient_unittest\bin\x64\debug\net6.0-windows\zsmartclient_unittest.dll" id="1ab5d979-4667-2003-c0dc-5c23807afc87">
      <TestCategory>
        <TestCategoryItem TestCategory="GisMap.GisMapViewFacade" />
      </TestCategory>
      <Execution id="9446a113-fca0-4c77-9e92-e4be82713c6c" />
      <TestMethod codeBase="D:\actions-runner\_work\XPCO\XPCO\AllSolutions\..\SC\Components\RemoteViewer\SmartClient\tst\zSmartClient_UnitTest\bin\x64\Debug\net6.0-windows\zSmartClient_UnitTest.dll" adapterTypeName="executor://mstestadapter/v2" className="SmartClient_UnitTest.VideoOS.RemoteClient.Plugin.GisMap.IoC.GisMapViewFacadeTests" name="SetItemOutlines_OutlinesEmpty_Success" />
    </UnitTest>
    <UnitTest name="ImageMaskDto_ShouldYieldSameValues_WhenRoundTripConverted" storage="d:\actions-runner\_work\xpco\xpco\allsolutions\..\sc\components\remoteviewer\smartclient\tst\zsmartclient_unittest\bin\x64\debug\net6.0-windows\zsmartclient_unittest.dll" id="776120a9-8caa-dd82-0111-de02703fa844">
      <TestCategory>
        <TestCategoryItem TestCategory="RecorderProxyToDtoMapping" />
      </TestCategory>
      <Execution id="6a7d3b69-ad04-4cb5-a459-7ffa7c9abf7b" />
      <TestMethod codeBase="D:\actions-runner\_work\XPCO\XPCO\AllSolutions\..\SC\Components\RemoteViewer\SmartClient\tst\zSmartClient_UnitTest\bin\x64\Debug\net6.0-windows\zSmartClient_UnitTest.dll" adapterTypeName="executor://mstestadapter/v2" className="VideoOS.Shared.ServerAPI.SOAP.RecorderClientMappingTests" name="ImageMaskDto_ShouldYieldSameValues_WhenRoundTripConverted" />
    </UnitTest>
    <UnitTest name="Default, not forced" storage="d:\actions-runner\_work\xpco\xpco\allsolutions\..\sc\components\remoteviewer\smartclient\tst\zsmartclient_unittest\bin\x64\debug\net6.0-windows\zsmartclient_unittest.dll" id="ed7779e7-8a74-5c39-caff-a41255fdc4f9">
      <TestCategory>
        <TestCategoryItem TestCategory="Export" />
      </TestCategory>
      <Execution id="297fbb56-ef47-4b4f-97d3-d4406e077e35" />
      <TestMethod codeBase="D:\actions-runner\_work\XPCO\XPCO\AllSolutions\..\SC\Components\RemoteViewer\SmartClient\tst\zSmartClient_UnitTest\bin\x64\Debug\net6.0-windows\zSmartClient_UnitTest.dll" adapterTypeName="executor://mstestadapter/v2" className="SmartClient_UnitTest.VideoOS.RemoteClient.Plugin.Export.CreateExportDialogViewModelTests" name="CreateExportDialog_ExportPathCanBeModified_BasedOnOptions" />
    </UnitTest>
    <UnitTest name="TestCreateMipTabWorkroom_workSpaceItemIsNull_FailWithArgumentNullException" storage="d:\actions-runner\_work\xpco\xpco\allsolutions\..\sc\components\remoteviewer\smartclient\tst\zsmartclient_unittest\bin\x64\debug\net6.0-windows\zsmartclient_unittest.dll" id="8711fcc3-eab8-86a0-2ca3-46b7c717fdd4">
      <TestCategory>
        <TestCategoryItem TestCategory="WorkroomController" />
      </TestCategory>
      <Execution id="bb8ed4ac-fd10-4473-a799-49ec9ab0dd30" />
      <TestMethod codeBase="D:\actions-runner\_work\XPCO\XPCO\AllSolutions\..\SC\Components\RemoteViewer\SmartClient\tst\zSmartClient_UnitTest\bin\x64\Debug\net6.0-windows\zSmartClient_UnitTest.dll" adapterTypeName="executor://mstestadapter/v2" className="VideoOS.RemoteClient.Application.Controllers.WorkroomController.UnitTest.TabWorkroomControllerTest" name="TestCreateMipTabWorkroom_workSpaceItemIsNull_FailWithArgumentNullException" />
    </UnitTest>
    <UnitTest name="CanEditRegionSelection_ShouldBeTrue_WhenHelperAllowsMoreRegionsToBeAdded" storage="d:\actions-runner\_work\xpco\xpco\allsolutions\..\sc\components\remoteviewer\smartclient\tst\zsmartclient_unittest\bin\x64\debug\net6.0-windows\zsmartclient_unittest.dll" id="ebc58dfd-14b7-49e6-e46a-09a44593433d">
      <TestCategory>
        <TestCategoryItem TestCategory="Search.Filters.ViewModels" />
      </TestCategory>
      <Execution id="f6fbb43c-401c-4a4d-baa2-d6a83f669aa2" />
      <TestMethod codeBase="D:\actions-runner\_work\XPCO\XPCO\AllSolutions\..\SC\Components\RemoteViewer\SmartClient\tst\zSmartClient_UnitTest\bin\x64\Debug\net6.0-windows\zSmartClient_UnitTest.dll" adapterTypeName="executor://mstestadapter/v2" className="SmartClient_UnitTest.VideoOS.RemoteClient.Plugin.CentralizedSearch.MIPPlugin.Criteria.ViewModels.RegionSelectionAttributeEditControlViewModelTests" name="CanEditRegionSelection_ShouldBeTrue_WhenHelperAllowsMoreRegionsToBeAdded" />
    </UnitTest>
    <UnitTest name="BuildMapOptions_ShouldHandleSecretStringOptionsCorrectly (GisMapBingMapKey,someText,True)" storage="d:\actions-runner\_work\xpco\xpco\allsolutions\..\sc\components\remoteviewer\smartclient\tst\zsmartclient_unittest\bin\x64\debug\net6.0-windows\zsmartclient_unittest.dll" id="4ada3711-10ca-c9da-9e10-113cd53a94af">
      <Execution id="e3eca625-561d-4023-b3b4-a30c22b542e1" />
      <TestMethod codeBase="D:\actions-runner\_work\XPCO\XPCO\AllSolutions\..\SC\Components\RemoteViewer\SmartClient\tst\zSmartClient_UnitTest\bin\x64\Debug\net6.0-windows\zSmartClient_UnitTest.dll" adapterTypeName="executor://mstestadapter/v2" className="SmartClient_UnitTest.VideoOS.RemoteClient.Application.Common.Telemetry.TelemetryBuilderTests" name="BuildMapOptions_ShouldHandleSecretStringOptionsCorrectly" />
    </UnitTest>
    <UnitTest name="HandleSetLayerFeatures_ShouldRaiseArgumentException_WhenNotInputKindAndInputLayerFeatures" storage="d:\actions-runner\_work\xpco\xpco\allsolutions\..\sc\components\remoteviewer\smartclient\tst\zsmartclient_unittest\bin\x64\debug\net6.0-windows\zsmartclient_unittest.dll" id="4092a02b-aad1-4cd2-975c-e2b5b68e9e4b">
      <TestCategory>
        <TestCategoryItem TestCategory="GisMapData.Handlers.LayerFeatures" />
      </TestCategory>
      <Execution id="3a492afb-be2e-430d-be37-11468420a6ec" />
      <TestMethod codeBase="D:\actions-runner\_work\XPCO\XPCO\AllSolutions\..\SC\Components\RemoteViewer\SmartClient\tst\zSmartClient_UnitTest\bin\x64\Debug\net6.0-windows\zSmartClient_UnitTest.dll" adapterTypeName="executor://mstestadapter/v2" className="SmartClient_UnitTest.VideoOS.RemoteClient.GisMapData.Handlers.LayerFeatures.InputLayerFeaturesHandlerTests" name="HandleSetLayerFeatures_ShouldRaiseArgumentException_WhenNotInputKindAndInputLayerFeatures" />
    </UnitTest>
    <UnitTest name="ActiveInteractionStateBinding_ShouldOnlyContainNormal_WhenCtorIsCalled" storage="d:\actions-runner\_work\xpco\xpco\allsolutions\..\sc\components\remoteviewer\smartclient\tst\zsmartclient_unittest\bin\x64\debug\net6.0-windows\zsmartclient_unittest.dll" id="1c3a0b3c-9d39-e423-34b0-23113deccc9a">
      <TestCategory>
        <TestCategoryItem TestCategory="GisMap.ClusterMipItemMarker" />
      </TestCategory>
      <Execution id="2b1e9cd7-e36e-44b7-bdf7-51470c4fb569" />
      <TestMethod codeBase="D:\actions-runner\_work\XPCO\XPCO\AllSolutions\..\SC\Components\RemoteViewer\SmartClient\tst\zSmartClient_UnitTest\bin\x64\Debug\net6.0-windows\zSmartClient_UnitTest.dll" adapterTypeName="executor://mstestadapter/v2" className="SmartClient_UnitTest.VideoOS.RemoteClient.Plugin.GisMap.ThinkGeoMap.Markers.ClusterMipItemMarker.ClusterMipItemMarkerTests" name="ActiveInteractionStateBinding_ShouldOnlyContainNormal_WhenCtorIsCalled" />
    </UnitTest>
    <UnitTest name="Both enabled, forced" storage="d:\actions-runner\_work\xpco\xpco\allsolutions\..\sc\components\remoteviewer\smartclient\tst\zsmartclient_unittest\bin\x64\debug\net6.0-windows\zsmartclient_unittest.dll" id="4c99feff-404f-f1d9-19da-f0e8d2262427">
      <TestCategory>
        <TestCategoryItem TestCategory="Export" />
      </TestCategory>
      <Execution id="5695ff37-2f2c-4ccb-bb8e-0de7fa2c559f" />
      <TestMethod codeBase="D:\actions-runner\_work\XPCO\XPCO\AllSolutions\..\SC\Components\RemoteViewer\SmartClient\tst\zSmartClient_UnitTest\bin\x64\Debug\net6.0-windows\zSmartClient_UnitTest.dll" adapterTypeName="executor://mstestadapter/v2" className="SmartClient_UnitTest.VideoOS.RemoteClient.Plugin.Export.CreateExportDialogViewModelTests" name="CreateExportDialog_ExportDestinationPreSelected_BasedOnOptions" />
    </UnitTest>
    <UnitTest name="Decorate_ShouldRaiseArgumentNullException_WhenWindowIsNull" storage="d:\actions-runner\_work\xpco\xpco\allsolutions\..\sc\components\remoteviewer\smartclient\tst\zsmartclient_unittest\bin\x64\debug\net6.0-windows\zsmartclient_unittest.dll" id="91c02083-3eab-8cf1-1555-f235b60671d1">
      <TestCategory>
        <TestCategoryItem TestCategory="GisMap.WindowsBases" />
      </TestCategory>
      <Execution id="7283d03f-108d-4934-8bda-61b0ba52cea3" />
      <TestMethod codeBase="D:\actions-runner\_work\XPCO\XPCO\AllSolutions\..\SC\Components\RemoteViewer\SmartClient\tst\zSmartClient_UnitTest\bin\x64\Debug\net6.0-windows\zSmartClient_UnitTest.dll" adapterTypeName="executor://mstestadapter/v2" className="SmartClient_UnitTest.VideoOS.RemoteClient.Plugin.GisMap.Windows.Bases.DragWindowDecoratorTests" name="Decorate_ShouldRaiseArgumentNullException_WhenWindowIsNull" />
    </UnitTest>
    <UnitTest name="TestLoadSave_WithUnknownMapItems_Success" storage="d:\actions-runner\_work\xpco\xpco\allsolutions\..\sc\components\remoteviewer\smartclient\tst\zsmartclient_unittest\bin\x64\debug\net6.0-windows\zsmartclient_unittest.dll" id="13877fd5-e79d-3ae7-6015-10213c2263cb">
      <TestCategory>
        <TestCategoryItem TestCategory="GisMapBuilding" />
      </TestCategory>
      <Execution id="f3230c93-4461-40b1-a7bb-a5f13ef9c9a9" />
      <TestMethod codeBase="D:\actions-runner\_work\XPCO\XPCO\AllSolutions\..\SC\Components\RemoteViewer\SmartClient\tst\zSmartClient_UnitTest\bin\x64\Debug\net6.0-windows\zSmartClient_UnitTest.dll" adapterTypeName="executor://mstestadapter/v2" className="SmartClient_UnitTest.VideoOS.RemoteClient.GisMapData.MapBuildings.MapLevelTests" name="TestLoadSave_WithUnknownMapItems_Success" />
    </UnitTest>
    <UnitTest name="SearchResultsActionBarActions_CreateEvidenceLock_InvokeCommand_Success" storage="d:\actions-runner\_work\xpco\xpco\allsolutions\..\sc\components\remoteviewer\smartclient\tst\zsmartclient_unittest\bin\x64\debug\net6.0-windows\zsmartclient_unittest.dll" id="bcf60051-ecc6-b8b5-1879-3df57ae16566">
      <TestCategory>
        <TestCategoryItem TestCategory="SearchResultActionBarViewModel" />
      </TestCategory>
      <Execution id="2c7c3dd3-5c1c-46c8-8661-93a4105cd4e4" />
      <TestMethod codeBase="D:\actions-runner\_work\XPCO\XPCO\AllSolutions\..\SC\Components\RemoteViewer\SmartClient\tst\zSmartClient_UnitTest\bin\x64\Debug\net6.0-windows\zSmartClient_UnitTest.dll" adapterTypeName="executor://mstestadapter/v2" className="SmartClient_UnitTest.VideoOS.RemoteClient.Plugin.CentralizedSearch.ViewModels.SearchResultsActionBarViewModelTest" name="SearchResultsActionBarActions_CreateEvidenceLock_InvokeCommand_Success" />
    </UnitTest>
    <UnitTest name="Command_ShouldInvokeRemoveMipMapItem_WhenExecutedForSingleSelectedItem" storage="d:\actions-runner\_work\xpco\xpco\allsolutions\..\sc\components\remoteviewer\smartclient\tst\zsmartclient_unittest\bin\x64\debug\net6.0-windows\zsmartclient_unittest.dll" id="2716e864-2686-b94f-0317-399f0994a985">
      <TestCategory>
        <TestCategoryItem TestCategory="GisMapMip" />
      </TestCategory>
      <Execution id="0de5b0fd-07bf-4952-b7d9-e0631db7cbe5" />
      <TestMethod codeBase="D:\actions-runner\_work\XPCO\XPCO\AllSolutions\..\SC\Components\RemoteViewer\SmartClient\tst\zSmartClient_UnitTest\bin\x64\Debug\net6.0-windows\zSmartClient_UnitTest.dll" adapterTypeName="executor://mstestadapter/v2" className="SmartClient_UnitTest.VideoOS.RemoteClient.Plugin.GisMap.ThinkGeoMap.ContextMenuUtils.RemoveMipItemContextMenuTests" name="Command_ShouldInvokeRemoveMipMapItem_WhenExecutedForSingleSelectedItem" />
    </UnitTest>
    <UnitTest name="ToDenormalizedDirection_0_25" storage="d:\actions-runner\_work\xpco\xpco\allsolutions\..\sc\components\remoteviewer\smartclient\tst\zsmartclient_unittest\bin\x64\debug\net6.0-windows\zsmartclient_unittest.dll" id="898a040b-fc5b-2cd2-659c-46113f65fe38">
      <TestCategory>
        <TestCategoryItem TestCategory="GisMap" />
      </TestCategory>
      <Execution id="4ab0057f-e008-47d7-9874-26911111bc79" />
      <TestMethod codeBase="D:\actions-runner\_work\XPCO\XPCO\AllSolutions\..\SC\Components\RemoteViewer\SmartClient\tst\zSmartClient_UnitTest\bin\x64\Debug\net6.0-windows\zSmartClient_UnitTest.dll" adapterTypeName="executor://mstestadapter/v2" className="SmartClient_UnitTest.VideoOS.RemoteClient.GisMap.Utilities.GisUtilityTests" name="ToDenormalizedDirection_0_25" />
    </UnitTest>
    <UnitTest name="AndOrSearchDefinitionToCornerRadiusMultiConverter_CallConvert_MiddleAnd" storage="d:\actions-runner\_work\xpco\xpco\allsolutions\..\sc\components\remoteviewer\smartclient\tst\zsmartclient_unittest\bin\x64\debug\net6.0-windows\zsmartclient_unittest.dll" id="ed5d2d51-b6a2-01b7-2ce0-6c8ba87417c3">
      <TestCategory>
        <TestCategoryItem TestCategory="SearchConverter" />
      </TestCategory>
      <Execution id="e78a3899-091c-4bf7-a4f1-dc1a31ec86ce" />
      <TestMethod codeBase="D:\actions-runner\_work\XPCO\XPCO\AllSolutions\..\SC\Components\RemoteViewer\SmartClient\tst\zSmartClient_UnitTest\bin\x64\Debug\net6.0-windows\zSmartClient_UnitTest.dll" adapterTypeName="executor://mstestadapter/v2" className="SmartClient_UnitTest.VideoOS.RemoteClient.Plugin.CentralizedSearch.Views.Converters.AndOrSearchDefinitionMultiConverterTests" name="AndOrSearchDefinitionToCornerRadiusMultiConverter_CallConvert_MiddleAnd" />
    </UnitTest>
    <UnitTest name="AddSelectedWindowsToExport_ShouldShowCorrectToastMessages (1,1,0)" storage="d:\actions-runner\_work\xpco\xpco\allsolutions\..\sc\components\remoteviewer\smartclient\tst\zsmartclient_unittest\bin\x64\debug\net6.0-windows\zsmartclient_unittest.dll" id="69ce5361-06cb-10c5-3157-d27adff1ce44">
      <TestCategory>
        <TestCategoryItem TestCategory="Managers" />
      </TestCategory>
      <Execution id="92d449d3-a380-4a22-b573-bf2f08bfc2c0" />
      <TestMethod codeBase="D:\actions-runner\_work\XPCO\XPCO\AllSolutions\..\SC\Components\RemoteViewer\SmartClient\tst\zSmartClient_UnitTest\bin\x64\Debug\net6.0-windows\zSmartClient_UnitTest.dll" adapterTypeName="executor://mstestadapter/v2" className="SmartClient_UnitTest.VideoOS.RemoteClient.Application.Managers.ExportManagerTests" name="AddSelectedWindowsToExport_ShouldShowCorrectToastMessages" />
    </UnitTest>
    <UnitTest name="TestCreateWorkroom_Single_Success" storage="d:\actions-runner\_work\xpco\xpco\allsolutions\..\sc\components\remoteviewer\smartclient\tst\zsmartclient_unittest\bin\x64\debug\net6.0-windows\zsmartclient_unittest.dll" id="8a8e4fe8-cc44-1592-1359-5f4e8b98044b">
      <TestCategory>
        <TestCategoryItem TestCategory="WorkroomController" />
      </TestCategory>
      <Execution id="40925876-ebfa-4fbb-a8d1-421a44c1aa14" />
      <TestMethod codeBase="D:\actions-runner\_work\XPCO\XPCO\AllSolutions\..\SC\Components\RemoteViewer\SmartClient\tst\zSmartClient_UnitTest\bin\x64\Debug\net6.0-windows\zSmartClient_UnitTest.dll" adapterTypeName="executor://mstestadapter/v2" className="VideoOS.RemoteClient.Application.Controllers.WorkroomController.UnitTest.TabWorkroomControllerTest" name="TestCreateWorkroom_Single_Success" />
    </UnitTest>
    <UnitTest name="DetermineUserAllowsUnsecureConnection_WhereUserIsAskedAndUnsecureIsAllow_ShouldReturnTrue" storage="d:\actions-runner\_work\xpco\xpco\allsolutions\..\sc\components\remoteviewer\smartclient\tst\zsmartclient_unittest\bin\x64\debug\net6.0-windows\zsmartclient_unittest.dll" id="8d3921c6-4c1a-b1d4-4584-3d6429a3707e">
      <Execution id="961c48ff-42e4-44a1-81bb-7e26538e34f0" />
      <TestMethod codeBase="D:\actions-runner\_work\XPCO\XPCO\AllSolutions\..\SC\Components\RemoteViewer\SmartClient\tst\zSmartClient_UnitTest\bin\x64\Debug\net6.0-windows\zSmartClient_UnitTest.dll" adapterTypeName="executor://mstestadapter/v2" className="VideoOS.RemoteClient.Application.Managers.UnitTest.AllowUnsecureConnectionManagerTests" name="DetermineUserAllowsUnsecureConnection_WhereUserIsAskedAndUnsecureIsAllow_ShouldReturnTrue" />
    </UnitTest>
    <UnitTest name="NavigateAndSelectAsync_NotCameraKind_ReturnsFalse" storage="d:\actions-runner\_work\xpco\xpco\allsolutions\..\sc\components\remoteviewer\smartclient\tst\zsmartclient_unittest\bin\x64\debug\net6.0-windows\zsmartclient_unittest.dll" id="272037c0-f590-39e8-9884-c04de913150c">
      <TestCategory>
        <TestCategoryItem TestCategory="GisMap.GisMapViewFacade" />
      </TestCategory>
      <Execution id="88729bca-b745-4a07-bb40-225188ef8f4f" />
      <TestMethod codeBase="D:\actions-runner\_work\XPCO\XPCO\AllSolutions\..\SC\Components\RemoteViewer\SmartClient\tst\zSmartClient_UnitTest\bin\x64\Debug\net6.0-windows\zSmartClient_UnitTest.dll" adapterTypeName="executor://mstestadapter/v2" className="SmartClient_UnitTest.VideoOS.RemoteClient.Plugin.GisMap.IoC.GisMapViewFacadeTests" name="NavigateAndSelectAsync_NotCameraKind_ReturnsFalse" />
    </UnitTest>
    <UnitTest name="DeleteLevel2Of12_Success" storage="d:\actions-runner\_work\xpco\xpco\allsolutions\..\sc\components\remoteviewer\smartclient\tst\zsmartclient_unittest\bin\x64\debug\net6.0-windows\zsmartclient_unittest.dll" id="dc0d2b36-aa1d-1594-0d6a-cf1fe6649772">
      <TestCategory>
        <TestCategoryItem TestCategory="GisMapBuilding" />
      </TestCategory>
      <Execution id="f03c13fc-2c21-4966-8483-3279f879cd00" />
      <TestMethod codeBase="D:\actions-runner\_work\XPCO\XPCO\AllSolutions\..\SC\Components\RemoteViewer\SmartClient\tst\zSmartClient_UnitTest\bin\x64\Debug\net6.0-windows\zSmartClient_UnitTest.dll" adapterTypeName="executor://mstestadapter/v2" className="SmartClient_UnitTest.VideoOS.RemoteClient.GisMapData.MapBuildings.MapLevelTests" name="DeleteLevel2Of12_Success" />
    </UnitTest>
    <UnitTest name="ShowSuccessToast_ShouldShowCorrectNumberOfToasts (5,1)" storage="d:\actions-runner\_work\xpco\xpco\allsolutions\..\sc\components\remoteviewer\smartclient\tst\zsmartclient_unittest\bin\x64\debug\net6.0-windows\zsmartclient_unittest.dll" id="5af9722d-cb32-cd5c-d7d3-430177f73975">
      <TestCategory>
        <TestCategoryItem TestCategory="Managers" />
      </TestCategory>
      <Execution id="a2bab398-7cc3-44ff-b032-8b75b06cfa41" />
      <TestMethod codeBase="D:\actions-runner\_work\XPCO\XPCO\AllSolutions\..\SC\Components\RemoteViewer\SmartClient\tst\zSmartClient_UnitTest\bin\x64\Debug\net6.0-windows\zSmartClient_UnitTest.dll" adapterTypeName="executor://mstestadapter/v2" className="SmartClient_UnitTest.VideoOS.RemoteClient.Application.Managers.ExportResultsNotificationHelperTests" name="ShowSuccessToast_ShouldShowCorrectNumberOfToasts" />
    </UnitTest>
    <UnitTest name="ValidateExportFormats_VideoClipFormat_ShouldValidate" storage="d:\actions-runner\_work\xpco\xpco\allsolutions\..\sc\components\remoteviewer\smartclient\tst\zsmartclient_unittest\bin\x64\debug\net6.0-windows\zsmartclient_unittest.dll" id="92df0312-a314-f2ad-872b-182bbef5a446">
      <TestCategory>
        <TestCategoryItem TestCategory="Export" />
      </TestCategory>
      <Execution id="4e0b22fd-1a41-442b-ae16-def5046e2fc8" />
      <TestMethod codeBase="D:\actions-runner\_work\XPCO\XPCO\AllSolutions\..\SC\Components\RemoteViewer\SmartClient\tst\zSmartClient_UnitTest\bin\x64\Debug\net6.0-windows\zSmartClient_UnitTest.dll" adapterTypeName="executor://mstestadapter/v2" className="SmartClient_UnitTest.VideoOS.RemoteClient.Plugin.Export.ExportDataValidatorTests" name="ValidateExportFormats_VideoClipFormat_ShouldValidate" />
    </UnitTest>
    <UnitTest name="Valid password exact length" storage="d:\actions-runner\_work\xpco\xpco\allsolutions\..\sc\components\remoteviewer\smartclient\tst\zsmartclient_unittest\bin\x64\debug\net6.0-windows\zsmartclient_unittest.dll" id="855e6bd6-0b07-1dab-aa8f-031499a76818">
      <TestCategory>
        <TestCategoryItem TestCategory="Export" />
      </TestCategory>
      <Execution id="7cc0de79-88ce-45e1-be10-92a56507b5a3" />
      <TestMethod codeBase="D:\actions-runner\_work\XPCO\XPCO\AllSolutions\..\SC\Components\RemoteViewer\SmartClient\tst\zSmartClient_UnitTest\bin\x64\Debug\net6.0-windows\zSmartClient_UnitTest.dll" adapterTypeName="executor://mstestadapter/v2" className="SmartClient_UnitTest.VideoOS.RemoteClient.Plugin.Export.PasswordDialogViewModelTests" name="SettingPassword1_ShouldSetIsPassword1Valid" />
    </UnitTest>
    <UnitTest name="RemoveSelectedCameraCommand_CameraInList_OnlySelectedCameraRemoved" storage="d:\actions-runner\_work\xpco\xpco\allsolutions\..\sc\components\remoteviewer\smartclient\tst\zsmartclient_unittest\bin\x64\debug\net6.0-windows\zsmartclient_unittest.dll" id="7d3b3df9-6c4c-813c-3fe6-820682e70bdf">
      <TestCategory>
        <TestCategoryItem TestCategory="SearchViewModels" />
      </TestCategory>
      <Execution id="f584833e-25b9-4ae5-9600-8ff03c98f3b5" />
      <TestMethod codeBase="D:\actions-runner\_work\XPCO\XPCO\AllSolutions\..\SC\Components\RemoteViewer\SmartClient\tst\zSmartClient_UnitTest\bin\x64\Debug\net6.0-windows\zSmartClient_UnitTest.dll" adapterTypeName="executor://mstestadapter/v2" className="SmartClient_UnitTest.VideoOS.RemoteClient.Plugin.CentralizedSearch.ViewModels.SearchViewModelTests" name="RemoveSelectedCameraCommand_CameraInList_OnlySelectedCameraRemoved" />
    </UnitTest>
    <UnitTest name="Toolbar_IsVisible_WhenNotInLiveOrPlayback_ButCanShowSidePane" storage="d:\actions-runner\_work\xpco\xpco\allsolutions\..\sc\components\remoteviewer\smartclient\tst\zsmartclient_unittest\bin\x64\debug\net6.0-windows\zsmartclient_unittest.dll" id="cc482776-e68c-2c6f-b7ea-c8334df0cc99">
      <TestCategory>
        <TestCategoryItem TestCategory="WorkspaceToolbar" />
      </TestCategory>
      <Execution id="cbb5ba3e-3a76-4c7f-b674-10a89b49ad0d" />
      <TestMethod codeBase="D:\actions-runner\_work\XPCO\XPCO\AllSolutions\..\SC\Components\RemoteViewer\SmartClient\tst\zSmartClient_UnitTest\bin\x64\Debug\net6.0-windows\zSmartClient_UnitTest.dll" adapterTypeName="executor://mstestadapter/v2" className="SmartClient_UnitTest.VideoOS.RemoteClient.Application.UI.Content.WorkspaceToolbar.WorkspaceToolbarViewModelTests" name="Toolbar_IsVisible_WhenNotInLiveOrPlayback_ButCanShowSidePane" />
    </UnitTest>
    <UnitTest name="SearchResultsActionBarActions_AddBookmark_NotEnabled" storage="d:\actions-runner\_work\xpco\xpco\allsolutions\..\sc\components\remoteviewer\smartclient\tst\zsmartclient_unittest\bin\x64\debug\net6.0-windows\zsmartclient_unittest.dll" id="89439a20-c712-15bd-9c46-c5709b4b0f9d">
      <TestCategory>
        <TestCategoryItem TestCategory="SearchResultActionBarViewModel" />
      </TestCategory>
      <Execution id="fd09819e-1cb6-4846-81a7-5edec62b916e" />
      <TestMethod codeBase="D:\actions-runner\_work\XPCO\XPCO\AllSolutions\..\SC\Components\RemoteViewer\SmartClient\tst\zSmartClient_UnitTest\bin\x64\Debug\net6.0-windows\zSmartClient_UnitTest.dll" adapterTypeName="executor://mstestadapter/v2" className="SmartClient_UnitTest.VideoOS.RemoteClient.Plugin.CentralizedSearch.ViewModels.SearchResultsActionBarViewModelTest" name="SearchResultsActionBarActions_AddBookmark_NotEnabled" />
    </UnitTest>
    <UnitTest name="GetDuration_OneDay_Success" storage="d:\actions-runner\_work\xpco\xpco\allsolutions\..\sc\components\remoteviewer\smartclient\tst\zsmartclient_unittest\bin\x64\debug\net6.0-windows\zsmartclient_unittest.dll" id="131a26fa-18ee-ab45-1c25-e4348e5f16b7">
      <TestCategory>
        <TestCategoryItem TestCategory="Search" />
      </TestCategory>
      <Execution id="50550e4a-ed61-4e0e-8dbc-119fbfb6e8cf" />
      <TestMethod codeBase="D:\actions-runner\_work\XPCO\XPCO\AllSolutions\..\SC\Components\RemoteViewer\SmartClient\tst\zSmartClient_UnitTest\bin\x64\Debug\net6.0-windows\zSmartClient_UnitTest.dll" adapterTypeName="executor://mstestadapter/v2" className="SmartClient_UnitTest.VideoOS.RemoteClient.Plugin.CentralizedSearch.ViewModels.Data.TimeScopeTests" name="GetDuration_OneDay_Success" />
    </UnitTest>
    <UnitTest name="SidePanelToggleButtonIsVisible_DependingOnConditions (FullScreen,False,False,False)" storage="d:\actions-runner\_work\xpco\xpco\allsolutions\..\sc\components\remoteviewer\smartclient\tst\zsmartclient_unittest\bin\x64\debug\net6.0-windows\zsmartclient_unittest.dll" id="94e0ce4f-cd23-de5e-8ee5-c8db45188d88">
      <TestCategory>
        <TestCategoryItem TestCategory="WorkspaceToolbar" />
      </TestCategory>
      <Execution id="00e719ca-1041-4863-acb2-7b665d12b83e" />
      <TestMethod codeBase="D:\actions-runner\_work\XPCO\XPCO\AllSolutions\..\SC\Components\RemoteViewer\SmartClient\tst\zSmartClient_UnitTest\bin\x64\Debug\net6.0-windows\zSmartClient_UnitTest.dll" adapterTypeName="executor://mstestadapter/v2" className="SmartClient_UnitTest.VideoOS.RemoteClient.Application.UI.Content.WorkspaceToolbar.WorkspaceToolbarViewModelTests" name="SidePanelToggleButtonIsVisible_DependingOnConditions" />
    </UnitTest>
    <UnitTest name="SearchResultsActionBarActions_MipAction_Exists" storage="d:\actions-runner\_work\xpco\xpco\allsolutions\..\sc\components\remoteviewer\smartclient\tst\zsmartclient_unittest\bin\x64\debug\net6.0-windows\zsmartclient_unittest.dll" id="c28e213e-317a-4527-5d0b-e1f50d0ea576">
      <TestCategory>
        <TestCategoryItem TestCategory="SearchResultActionBarViewModel" />
      </TestCategory>
      <Execution id="3c854157-9453-46be-b87b-7b9b6a8f750f" />
      <TestMethod codeBase="D:\actions-runner\_work\XPCO\XPCO\AllSolutions\..\SC\Components\RemoteViewer\SmartClient\tst\zSmartClient_UnitTest\bin\x64\Debug\net6.0-windows\zSmartClient_UnitTest.dll" adapterTypeName="executor://mstestadapter/v2" className="SmartClient_UnitTest.VideoOS.RemoteClient.Plugin.CentralizedSearch.ViewModels.SearchResultsActionBarViewModelTest" name="SearchResultsActionBarActions_MipAction_Exists" />
    </UnitTest>
    <UnitTest name="ResultCountText_NoResults_Success" storage="d:\actions-runner\_work\xpco\xpco\allsolutions\..\sc\components\remoteviewer\smartclient\tst\zsmartclient_unittest\bin\x64\debug\net6.0-windows\zsmartclient_unittest.dll" id="f982a6b2-b7fa-97b9-3ee1-04eced2a82e8">
      <TestCategory>
        <TestCategoryItem TestCategory="SearchResultViewModels" />
      </TestCategory>
      <Execution id="5f367fc6-6c70-4eb4-a809-2ac4e324d73d" />
      <TestMethod codeBase="D:\actions-runner\_work\XPCO\XPCO\AllSolutions\..\SC\Components\RemoteViewer\SmartClient\tst\zSmartClient_UnitTest\bin\x64\Debug\net6.0-windows\zSmartClient_UnitTest.dll" adapterTypeName="executor://mstestadapter/v2" className="SmartClient_UnitTest.VideoOS.RemoteClient.Plugin.CentralizedSearch.ViewModels.SearchResultsViewModelTest" name="ResultCountText_NoResults_Success" />
    </UnitTest>
    <UnitTest name="Deserialize_ShouldReturnCombineTypeOr_WhenCombineTypeIsOrInXml" storage="d:\actions-runner\_work\xpco\xpco\allsolutions\..\sc\components\remoteviewer\smartclient\tst\zsmartclient_unittest\bin\x64\debug\net6.0-windows\zsmartclient_unittest.dll" id="9b69c053-abc5-671a-966c-e8011ea8926f">
      <TestCategory>
        <TestCategoryItem TestCategory="SearchModels" />
      </TestCategory>
      <Execution id="39baefe0-5019-4f78-805b-e90f941f5dd8" />
      <TestMethod codeBase="D:\actions-runner\_work\XPCO\XPCO\AllSolutions\..\SC\Components\RemoteViewer\SmartClient\tst\zSmartClient_UnitTest\bin\x64\Debug\net6.0-windows\zSmartClient_UnitTest.dll" adapterTypeName="executor://mstestadapter/v2" className="SmartClient_UnitTest.VideoOS.RemoteClient.Plugin.CentralizedSearch.Models.SearchModelTests" name="Deserialize_ShouldReturnCombineTypeOr_WhenCombineTypeIsOrInXml" />
    </UnitTest>
    <UnitTest name="CallingAction_Activates_WorkSpaceToolbarPluginInstance_WhenToolbarPluginTypeIsAction" storage="d:\actions-runner\_work\xpco\xpco\allsolutions\..\sc\components\remoteviewer\smartclient\tst\zsmartclient_unittest\bin\x64\debug\net6.0-windows\zsmartclient_unittest.dll" id="fe6f2295-84a6-bdea-0225-d326e31ab62b">
      <TestCategory>
        <TestCategoryItem TestCategory="WorkspaceToolbar" />
      </TestCategory>
      <Execution id="42d22a1c-e859-4561-af01-df0420956321" />
      <TestMethod codeBase="D:\actions-runner\_work\XPCO\XPCO\AllSolutions\..\SC\Components\RemoteViewer\SmartClient\tst\zSmartClient_UnitTest\bin\x64\Debug\net6.0-windows\zSmartClient_UnitTest.dll" adapterTypeName="executor://mstestadapter/v2" className="SmartClient_UnitTest.VideoOS.RemoteClient.Application.Data.WorkspaceToolbar.WorkspaceToolbarItemMipPluginTests" name="CallingAction_Activates_WorkSpaceToolbarPluginInstance_WhenToolbarPluginTypeIsAction" />
    </UnitTest>
    <UnitTest name="GetServerTiles_ShouldReturnCorrectServerTilesWithSingleServerTest" storage="d:\actions-runner\_work\xpco\xpco\allsolutions\..\sc\components\remoteviewer\smartclient\tst\zsmartclient_unittest\bin\x64\debug\net6.0-windows\zsmartclient_unittest.dll" id="73bd23e6-7d5d-17da-f712-c442eb016e35">
      <Execution id="7ab32f1d-c52a-4b2a-8480-b164e1c92d14" />
      <TestMethod codeBase="D:\actions-runner\_work\XPCO\XPCO\AllSolutions\..\SC\Components\RemoteViewer\SmartClient\tst\zSmartClient_UnitTest\bin\x64\Debug\net6.0-windows\zSmartClient_UnitTest.dll" adapterTypeName="executor://mstestadapter/v2" className="SmartClient_UnitTest.VideoOS.RemoteClient.Application.Data.ContentTypes.ReportingContentType.DashboardTileProviderTest" name="GetServerTiles_ShouldReturnCorrectServerTilesWithSingleServerTest" />
    </UnitTest>
    <UnitTest name="CameraMapItem_AddMapItemsAsync_ShouldSetCameraLayerVisible_IfNotVisibleWhenAddingCamera" storage="d:\actions-runner\_work\xpco\xpco\allsolutions\..\sc\components\remoteviewer\smartclient\tst\zsmartclient_unittest\bin\x64\debug\net6.0-windows\zsmartclient_unittest.dll" id="5fe6e33e-4c74-05bc-98e6-058910f0ab96">
      <TestCategory>
        <TestCategoryItem TestCategory="GisMapMapItem" />
      </TestCategory>
      <Execution id="33ba38a9-0ff1-49fe-88dc-051d76391193" />
      <TestMethod codeBase="D:\actions-runner\_work\XPCO\XPCO\AllSolutions\..\SC\Components\RemoteViewer\SmartClient\tst\zSmartClient_UnitTest\bin\x64\Debug\net6.0-windows\zSmartClient_UnitTest.dll" adapterTypeName="executor://mstestadapter/v2" className="SmartClient_UnitTest.VideoOS.RemoteClient.GisMap.MapItem.MapItemTests" name="CameraMapItem_AddMapItemsAsync_ShouldSetCameraLayerVisible_IfNotVisibleWhenAddingCamera" />
    </UnitTest>
    <UnitTest name="SearchResultDetailsView_EscapeKey_AnimationEnabled_DetailsViewRemovedFromMainGrid" storage="d:\actions-runner\_work\xpco\xpco\allsolutions\..\sc\components\remoteviewer\smartclient\tst\zsmartclient_unittest\bin\x64\debug\net6.0-windows\zsmartclient_unittest.dll" id="0f2fab4c-9ed0-8156-9134-b17ff014dc4a">
      <TestCategory>
        <TestCategoryItem TestCategory="SearchViews" />
      </TestCategory>
      <Execution id="bc08533f-ff50-48b0-8cf0-865be0b9bb68" />
      <TestMethod codeBase="D:\actions-runner\_work\XPCO\XPCO\AllSolutions\..\SC\Components\RemoteViewer\SmartClient\tst\zSmartClient_UnitTest\bin\x64\Debug\net6.0-windows\zSmartClient_UnitTest.dll" adapterTypeName="executor://mstestadapter/v2" className="SmartClient_UnitTest.VideoOS.RemoteClient.Plugin.CentralizedSearch.Views.SearchResultsViewTests" name="SearchResultDetailsView_EscapeKey_AnimationEnabled_DetailsViewRemovedFromMainGrid" />
    </UnitTest>
    <UnitTest name="Close_MainController_Success" storage="d:\actions-runner\_work\xpco\xpco\allsolutions\..\sc\components\remoteviewer\smartclient\tst\zsmartclient_unittest\bin\x64\debug\net6.0-windows\zsmartclient_unittest.dll" id="19ae25b4-0231-fc97-1b8f-0232f3086906">
      <TestCategory>
        <TestCategoryItem TestCategory="Search" />
      </TestCategory>
      <Execution id="f2403490-5daf-4a52-b65c-09c1a7231ca5" />
      <TestMethod codeBase="D:\actions-runner\_work\XPCO\XPCO\AllSolutions\..\SC\Components\RemoteViewer\SmartClient\tst\zSmartClient_UnitTest\bin\x64\Debug\net6.0-windows\zSmartClient_UnitTest.dll" adapterTypeName="executor://mstestadapter/v2" className="SmartClient_UnitTest.VideoOS.RemoteClient.Plugin.CentralizedSearch.CentralizedSearchContentHolderTests" name="Close_MainController_Success" />
    </UnitTest>
    <UnitTest name="SelectTemplate_UseInlineEditTrue_ReturnsInlineTemplate" storage="d:\actions-runner\_work\xpco\xpco\allsolutions\..\sc\components\remoteviewer\smartclient\tst\zsmartclient_unittest\bin\x64\debug\net6.0-windows\zsmartclient_unittest.dll" id="04c83cca-8782-2962-eccb-1c1b5d4d8166">
      <TestCategory>
        <TestCategoryItem TestCategory="SearchViews" />
      </TestCategory>
      <Execution id="cb354c37-63d6-42d8-962e-d82f37fd5f03" />
      <TestMethod codeBase="D:\actions-runner\_work\XPCO\XPCO\AllSolutions\..\SC\Components\RemoteViewer\SmartClient\tst\zSmartClient_UnitTest\bin\x64\Debug\net6.0-windows\zSmartClient_UnitTest.dll" adapterTypeName="executor://mstestadapter/v2" className="SmartClient_UnitTest.VideoOS.RemoteClient.Plugin.CentralizedSearch.Views.AttributeEditControlTemplateSelectorTests" name="SelectTemplate_UseInlineEditTrue_ReturnsInlineTemplate" />
    </UnitTest>
    <UnitTest name="ObjectToEnabledConverter_Convert_Success" storage="d:\actions-runner\_work\xpco\xpco\allsolutions\..\sc\components\remoteviewer\smartclient\tst\zsmartclient_unittest\bin\x64\debug\net6.0-windows\zsmartclient_unittest.dll" id="19f414fb-e29e-e53a-f5c0-dddd8004a79d">
      <Execution id="2e404d79-91f9-4ad6-b17f-4570433068c9" />
      <TestMethod codeBase="D:\actions-runner\_work\XPCO\XPCO\AllSolutions\..\SC\Components\RemoteViewer\SmartClient\tst\zSmartClient_UnitTest\bin\x64\Debug\net6.0-windows\zSmartClient_UnitTest.dll" adapterTypeName="executor://mstestadapter/v2" className="SmartClient_UnitTest.VideoOS.RemoteClient.Application.UI.PtzPreset.PatrollingConverters.ObjectToEnabledConverterTest" name="ObjectToEnabledConverter_Convert_Success" />
    </UnitTest>
    <UnitTest name="SearchResultsActionBarActions_DeleteBookmark_SingleResult_DeleteBookmarkInvoked" storage="d:\actions-runner\_work\xpco\xpco\allsolutions\..\sc\components\remoteviewer\smartclient\tst\zsmartclient_unittest\bin\x64\debug\net6.0-windows\zsmartclient_unittest.dll" id="311fde88-c34a-c749-87ef-d691bdbb01e5">
      <TestCategory>
        <TestCategoryItem TestCategory="Search.Bookmarks" />
      </TestCategory>
      <Execution id="943530c6-53da-4b00-baea-ac1714c23d3b" />
      <TestMethod codeBase="D:\actions-runner\_work\XPCO\XPCO\AllSolutions\..\SC\Components\RemoteViewer\SmartClient\tst\zSmartClient_UnitTest\bin\x64\Debug\net6.0-windows\zSmartClient_UnitTest.dll" adapterTypeName="executor://mstestadapter/v2" className="SmartClient_UnitTest.VideoOS.RemoteClient.Plugin.CentralizedSearch.ViewModels.SearchResultsActionBarViewModelTest" name="SearchResultsActionBarActions_DeleteBookmark_SingleResult_DeleteBookmarkInvoked" />
    </UnitTest>
    <UnitTest name="GetSKU_ShouldReturnCorrectSKU" storage="d:\actions-runner\_work\xpco\xpco\allsolutions\..\sc\components\remoteviewer\smartclient\tst\zsmartclient_unittest\bin\x64\debug\net6.0-windows\zsmartclient_unittest.dll" id="7249d529-4797-4846-66f9-a36e8ab1d5c8">
      <Execution id="12b842ff-5fbe-4f59-b09f-7a0149d201b8" />
      <TestMethod codeBase="D:\actions-runner\_work\XPCO\XPCO\AllSolutions\..\SC\Components\RemoteViewer\SmartClient\tst\zSmartClient_UnitTest\bin\x64\Debug\net6.0-windows\zSmartClient_UnitTest.dll" adapterTypeName="executor://mstestadapter/v2" className="SmartClient_UnitTest.VideoOS.RemoteClient.Application.Common.Telemetry.SCTelemetrySpecificsTests" name="GetSKU_ShouldReturnCorrectSKU" />
    </UnitTest>
    <UnitTest name="Instance_ShouldBeSingleton_WhenCalled" storage="d:\actions-runner\_work\xpco\xpco\allsolutions\..\sc\components\remoteviewer\smartclient\tst\zsmartclient_unittest\bin\x64\debug\net6.0-windows\zsmartclient_unittest.dll" id="cd58fbcf-a8ec-7be0-672d-3675d644b67c">
      <TestCategory>
        <TestCategoryItem TestCategory="GisMapData.OutputOemResourcesProviderTests" />
      </TestCategory>
      <Execution id="867d42cf-2ef1-4889-b07e-7a1c1d684169" />
      <TestMethod codeBase="D:\actions-runner\_work\XPCO\XPCO\AllSolutions\..\SC\Components\RemoteViewer\SmartClient\tst\zSmartClient_UnitTest\bin\x64\Debug\net6.0-windows\zSmartClient_UnitTest.dll" adapterTypeName="executor://mstestadapter/v2" className="SmartClient_UnitTest.VideoOS.RemoteClient.GisMapData.Resources.OutputOemResourcesProviderTests" name="Instance_ShouldBeSingleton_WhenCalled" />
    </UnitTest>
    <UnitTest name="DeactivatedOutputIconsId_ShouldReturnDeactivatedIconsInAProperOrder_WhenCalled" storage="d:\actions-runner\_work\xpco\xpco\allsolutions\..\sc\components\remoteviewer\smartclient\tst\zsmartclient_unittest\bin\x64\debug\net6.0-windows\zsmartclient_unittest.dll" id="04187fa0-5851-9668-dfce-6611bb5be8f1">
      <TestCategory>
        <TestCategoryItem TestCategory="GisMapData.OutputOemResourcesProviderTests" />
      </TestCategory>
      <Execution id="b7b45e57-ae0c-42a8-a411-d6cf5a54590d" />
      <TestMethod codeBase="D:\actions-runner\_work\XPCO\XPCO\AllSolutions\..\SC\Components\RemoteViewer\SmartClient\tst\zSmartClient_UnitTest\bin\x64\Debug\net6.0-windows\zSmartClient_UnitTest.dll" adapterTypeName="executor://mstestadapter/v2" className="SmartClient_UnitTest.VideoOS.RemoteClient.GisMapData.Resources.OutputOemResourcesProviderTests" name="DeactivatedOutputIconsId_ShouldReturnDeactivatedIconsInAProperOrder_WhenCalled" />
    </UnitTest>
    <UnitTest name="TestConstructor_MultipleGenerations_Success" storage="d:\actions-runner\_work\xpco\xpco\allsolutions\..\sc\components\remoteviewer\smartclient\tst\zsmartclient_unittest\bin\x64\debug\net6.0-windows\zsmartclient_unittest.dll" id="f82ee61b-ae97-d19b-9f9c-9b68d981c021">
      <Execution id="532e8703-c6d2-493c-8e5d-087190115461" />
      <TestMethod codeBase="D:\actions-runner\_work\XPCO\XPCO\AllSolutions\..\SC\Components\RemoteViewer\SmartClient\tst\zSmartClient_UnitTest\bin\x64\Debug\net6.0-windows\zSmartClient_UnitTest.dll" adapterTypeName="executor://mstestadapter/v2" className="SmartClient_UnitTest.VideoOS.RemoteClient.GisMapData.Common.GisMapServerCapabilitiesTest" name="TestConstructor_MultipleGenerations_Success" />
    </UnitTest>
    <UnitTest name="SmartMapGoToPositionHandler_WhenLatitudeIsInvalid_ShouldWriteToLog" storage="d:\actions-runner\_work\xpco\xpco\allsolutions\..\sc\components\remoteviewer\smartclient\tst\zsmartclient_unittest\bin\x64\debug\net6.0-windows\zsmartclient_unittest.dll" id="bebeb62d-71fa-2720-42c0-f4320951d2ce">
      <Execution id="dde9e99e-cea7-47bf-aa4c-ee97d864de3d" />
      <TestMethod codeBase="D:\actions-runner\_work\XPCO\XPCO\AllSolutions\..\SC\Components\RemoteViewer\SmartClient\tst\zSmartClient_UnitTest\bin\x64\Debug\net6.0-windows\zSmartClient_UnitTest.dll" adapterTypeName="executor://mstestadapter/v2" className="SmartClient_UnitTest.VideoOS.RemoteClient.Plugin.GisMap.MIP.ContentHolderMipMessageManagerTests" name="SmartMapGoToPositionHandler_WhenLatitudeIsInvalid_ShouldWriteToLog" />
    </UnitTest>
    <UnitTest name="Retrieve_Success" storage="d:\actions-runner\_work\xpco\xpco\allsolutions\..\sc\components\remoteviewer\smartclient\tst\zsmartclient_unittest\bin\x64\debug\net6.0-windows\zsmartclient_unittest.dll" id="c845158a-13c6-a74d-17c8-bb3ff5beabf6">
      <TestCategory>
        <TestCategoryItem TestCategory="MipItemsRetriever" />
      </TestCategory>
      <Execution id="cbdec23d-11c8-4f8b-8482-360b538df84f" />
      <TestMethod codeBase="D:\actions-runner\_work\XPCO\XPCO\AllSolutions\..\SC\Components\RemoteViewer\SmartClient\tst\zSmartClient_UnitTest\bin\x64\Debug\net6.0-windows\zSmartClient_UnitTest.dll" adapterTypeName="executor://mstestadapter/v2" className="SmartClient_UnitTest.VideoOS.RemoteClient.Plugin.GisMap.MIP.MipItemActionsCommunicatorTests" name="Retrieve_Success" />
    </UnitTest>
    <UnitTest name="SearchModelOnSearchResultsExpired_OnUiThread_Success" storage="d:\actions-runner\_work\xpco\xpco\allsolutions\..\sc\components\remoteviewer\smartclient\tst\zsmartclient_unittest\bin\x64\debug\net6.0-windows\zsmartclient_unittest.dll" id="8427d757-e615-3911-b8e1-c6a9d939c66c">
      <TestCategory>
        <TestCategoryItem TestCategory="SearchViewModels" />
      </TestCategory>
      <Execution id="9e4446fb-6ff6-4427-a9a7-f75890b5d7dd" />
      <TestMethod codeBase="D:\actions-runner\_work\XPCO\XPCO\AllSolutions\..\SC\Components\RemoteViewer\SmartClient\tst\zSmartClient_UnitTest\bin\x64\Debug\net6.0-windows\zSmartClient_UnitTest.dll" adapterTypeName="executor://mstestadapter/v2" className="SmartClient_UnitTest.VideoOS.RemoteClient.Plugin.CentralizedSearch.ViewModels.SearchViewModelTests" name="SearchModelOnSearchResultsExpired_OnUiThread_Success" />
    </UnitTest>
    <UnitTest name="IconResourceKey_ShouldBeValid_WhenInteractionStateIsAddOutput" storage="d:\actions-runner\_work\xpco\xpco\allsolutions\..\sc\components\remoteviewer\smartclient\tst\zsmartclient_unittest\bin\x64\debug\net6.0-windows\zsmartclient_unittest.dll" id="284b6dde-d469-e7b6-918d-53acf8f9cd77">
      <TestCategory>
        <TestCategoryItem TestCategory="GisMap.UI.DeviceSelectors.PanelComponents" />
      </TestCategory>
      <Execution id="b3df9b56-6657-4ff6-a2bf-7ffeb693e613" />
      <TestMethod codeBase="D:\actions-runner\_work\XPCO\XPCO\AllSolutions\..\SC\Components\RemoteViewer\SmartClient\tst\zSmartClient_UnitTest\bin\x64\Debug\net6.0-windows\zSmartClient_UnitTest.dll" adapterTypeName="executor://mstestadapter/v2" className="SmartClient_UnitTest.VideoOS.RemoteClient.Plugin.GisMap.UI.DeviceSelectors.PanelComponents.DeviceSelectorPanelComponentTests" name="IconResourceKey_ShouldBeValid_WhenInteractionStateIsAddOutput" />
    </UnitTest>
    <UnitTest name="SearchResultsActionBarActions_MipActionSupportsSelectedSearchResult_ActionEnabled" storage="d:\actions-runner\_work\xpco\xpco\allsolutions\..\sc\components\remoteviewer\smartclient\tst\zsmartclient_unittest\bin\x64\debug\net6.0-windows\zsmartclient_unittest.dll" id="3e265c80-d18d-ffa2-733c-86a2e1bcbc61">
      <TestCategory>
        <TestCategoryItem TestCategory="SearchResultActionBarViewModel" />
      </TestCategory>
      <Execution id="82517651-57d5-4053-b3fc-890e48fcd196" />
      <TestMethod codeBase="D:\actions-runner\_work\XPCO\XPCO\AllSolutions\..\SC\Components\RemoteViewer\SmartClient\tst\zSmartClient_UnitTest\bin\x64\Debug\net6.0-windows\zSmartClient_UnitTest.dll" adapterTypeName="executor://mstestadapter/v2" className="SmartClient_UnitTest.VideoOS.RemoteClient.Plugin.CentralizedSearch.ViewModels.SearchResultsActionBarViewModelTest" name="SearchResultsActionBarActions_MipActionSupportsSelectedSearchResult_ActionEnabled" />
    </UnitTest>
    <UnitTest name="TestUpdateState_InSetup" storage="d:\actions-runner\_work\xpco\xpco\allsolutions\..\sc\components\remoteviewer\smartclient\tst\zsmartclient_unittest\bin\x64\debug\net6.0-windows\zsmartclient_unittest.dll" id="4ac872cb-6eae-9e1a-7612-37a387bb363b">
      <TestCategory>
        <TestCategoryItem TestCategory="WorkspaceToolbar" />
      </TestCategory>
      <Execution id="33e1180c-c844-4c72-a2a3-fd5b69633a88" />
      <TestMethod codeBase="D:\actions-runner\_work\XPCO\XPCO\AllSolutions\..\SC\Components\RemoteViewer\SmartClient\tst\zSmartClient_UnitTest\bin\x64\Debug\net6.0-windows\zSmartClient_UnitTest.dll" adapterTypeName="executor://mstestadapter/v2" className="SmartClient_UnitTest.VideoOS.RemoteClient.Application.Data.WorkspaceToolbar.WorkspaceToolbarItemSmartSearchTests" name="TestUpdateState_InSetup" />
    </UnitTest>
    <UnitTest name="ConvertBack_Throws" storage="d:\actions-runner\_work\xpco\xpco\allsolutions\..\sc\components\remoteviewer\smartclient\tst\zsmartclient_unittest\bin\x64\debug\net6.0-windows\zsmartclient_unittest.dll" id="0d68917f-e0c8-8b03-5d02-6e8d6b862245">
      <TestCategory>
        <TestCategoryItem TestCategory="SearchConverter" />
      </TestCategory>
      <Execution id="7082292c-1f6d-4b61-b1c7-a148432d8e24" />
      <TestMethod codeBase="D:\actions-runner\_work\XPCO\XPCO\AllSolutions\..\SC\Components\RemoteViewer\SmartClient\tst\zSmartClient_UnitTest\bin\x64\Debug\net6.0-windows\zSmartClient_UnitTest.dll" adapterTypeName="executor://mstestadapter/v2" className="SmartClient_UnitTest.VideoOS.RemoteClient.Plugin.CentralizedSearch.Views.Converters.NoCriteriaSelectedGridVisibilityConverterTests" name="ConvertBack_Throws" />
    </UnitTest>
    <UnitTest name="RightButtonDown_DoubleClick_ZoomsOut" storage="d:\actions-runner\_work\xpco\xpco\allsolutions\..\sc\components\remoteviewer\smartclient\tst\zsmartclient_unittest\bin\x64\debug\net6.0-windows\zsmartclient_unittest.dll" id="de275d14-569b-3727-dc66-e87b528f415d">
      <TestCategory>
        <TestCategoryItem TestCategory="GisMap.MapControl" />
      </TestCategory>
      <Execution id="5575987c-f783-43df-8ab1-690a23414bef" />
      <TestMethod codeBase="D:\actions-runner\_work\XPCO\XPCO\AllSolutions\..\SC\Components\RemoteViewer\SmartClient\tst\zSmartClient_UnitTest\bin\x64\Debug\net6.0-windows\zSmartClient_UnitTest.dll" adapterTypeName="executor://mstestadapter/v2" className="SmartClient_UnitTest.VideoOS.RemoteClient.Plugin.GisMap.ThinkGeoMap.ThinkGeoMapControlTests" name="RightButtonDown_DoubleClick_ZoomsOut" />
    </UnitTest>
    <UnitTest name="GetGisMapLayerFlyoutName_ShouldRaiseArgumentNullException_WhenOptionManagerIsNull" storage="d:\actions-runner\_work\xpco\xpco\allsolutions\..\sc\components\remoteviewer\smartclient\tst\zsmartclient_unittest\bin\x64\debug\net6.0-windows\zsmartclient_unittest.dll" id="52501ffb-ac7e-ad78-d1e0-6621a5b53480">
      <TestCategory>
        <TestCategoryItem TestCategory="GisMapData.Controllers.Osm" />
      </TestCategory>
      <Execution id="6113d371-4289-414d-ae68-cb86f9f83239" />
      <TestMethod codeBase="D:\actions-runner\_work\XPCO\XPCO\AllSolutions\..\SC\Components\RemoteViewer\SmartClient\tst\zSmartClient_UnitTest\bin\x64\Debug\net6.0-windows\zSmartClient_UnitTest.dll" adapterTypeName="executor://mstestadapter/v2" className="SmartClient_UnitTest.VideoOS.RemoteClient.GisMapData.Controllers.Osm.GisMapOsmControllerTests" name="GetGisMapLayerFlyoutName_ShouldRaiseArgumentNullException_WhenOptionManagerIsNull" />
    </UnitTest>
    <UnitTest name="Update_Retention_Times_Cannot_Be_Before_1900" storage="d:\actions-runner\_work\xpco\xpco\allsolutions\..\sc\components\remoteviewer\smartclient\tst\zsmartclient_unittest\bin\x64\debug\net6.0-windows\zsmartclient_unittest.dll" id="cb294e8a-66b3-92e4-9b3b-b2ff0e864477">
      <Execution id="44ab667e-2bb4-4195-b5be-a1cc7dd9373a" />
      <TestMethod codeBase="D:\actions-runner\_work\XPCO\XPCO\AllSolutions\..\SC\Components\RemoteViewer\SmartClient\tst\zSmartClient_UnitTest\bin\x64\Debug\net6.0-windows\zSmartClient_UnitTest.dll" adapterTypeName="executor://mstestadapter/v2" className="SmartClient_UnitTest.VideoOS.RemoteClient.Application.Components.EvidenceLock.EvidenceLockCreateEditTests" name="Update_Retention_Times_Cannot_Be_Before_1900" />
    </UnitTest>
    <UnitTest name="GetDomain_ShouldReturnDomainPartOfNetworkCredentials_WhenNetworkCredentialsContainsADomain" storage="d:\actions-runner\_work\xpco\xpco\allsolutions\..\sc\components\remoteviewer\smartclient\tst\zsmartclient_unittest\bin\x64\debug\net6.0-windows\zsmartclient_unittest.dll" id="e07f5d01-bfa0-04f4-825e-59c493d5b5f5">
      <TestCategory>
        <TestCategoryItem TestCategory="Authentication.ClientCredentials" />
      </TestCategory>
      <Execution id="d768147f-cf84-4f48-9a3f-3bfbe32a31eb" />
      <TestMethod codeBase="D:\actions-runner\_work\XPCO\XPCO\AllSolutions\..\SC\Components\RemoteViewer\SmartClient\tst\zSmartClient_UnitTest\bin\x64\Debug\net6.0-windows\zSmartClient_UnitTest.dll" adapterTypeName="executor://mstestadapter/v2" className="SmartClient_UnitTest.VideoOS.Shared.ServerAPI.ClientCredentialsTest" name="GetDomain_ShouldReturnDomainPartOfNetworkCredentials_WhenNetworkCredentialsContainsADomain" />
    </UnitTest>
    <UnitTest name="OutputMapItem_ForceActivateAsync_NotInBuilding_Success" storage="d:\actions-runner\_work\xpco\xpco\allsolutions\..\sc\components\remoteviewer\smartclient\tst\zsmartclient_unittest\bin\x64\debug\net6.0-windows\zsmartclient_unittest.dll" id="55849d48-8f3f-820c-27fa-98e4f30a7358">
      <TestCategory>
        <TestCategoryItem TestCategory="GisMapData.MapItem.Outputs" />
      </TestCategory>
      <Execution id="78ebb0da-e1f0-42e5-a1b6-27dcb08af67e" />
      <TestMethod codeBase="D:\actions-runner\_work\XPCO\XPCO\AllSolutions\..\SC\Components\RemoteViewer\SmartClient\tst\zSmartClient_UnitTest\bin\x64\Debug\net6.0-windows\zSmartClient_UnitTest.dll" adapterTypeName="executor://mstestadapter/v2" className="SmartClient_UnitTest.VideoOS.RemoteClient.GisMapData.MapItem.Outputs.OutputMapItemTests" name="OutputMapItem_ForceActivateAsync_NotInBuilding_Success" />
    </UnitTest>
    <UnitTest name="GetDuration_SeveralMinutes_Success" storage="d:\actions-runner\_work\xpco\xpco\allsolutions\..\sc\components\remoteviewer\smartclient\tst\zsmartclient_unittest\bin\x64\debug\net6.0-windows\zsmartclient_unittest.dll" id="1522f9c5-5447-f8a7-7916-026ac691e6f0">
      <TestCategory>
        <TestCategoryItem TestCategory="Search" />
      </TestCategory>
      <Execution id="736eb9df-4cf0-42dd-b01b-334aee2d33bf" />
      <TestMethod codeBase="D:\actions-runner\_work\XPCO\XPCO\AllSolutions\..\SC\Components\RemoteViewer\SmartClient\tst\zSmartClient_UnitTest\bin\x64\Debug\net6.0-windows\zSmartClient_UnitTest.dll" adapterTypeName="executor://mstestadapter/v2" className="SmartClient_UnitTest.VideoOS.RemoteClient.Plugin.CentralizedSearch.ViewModels.Data.TimeScopeTests" name="GetDuration_SeveralMinutes_Success" />
    </UnitTest>
    <UnitTest name="SearchAction_BrowseMode_OneYearInTheFuture" storage="d:\actions-runner\_work\xpco\xpco\allsolutions\..\sc\components\remoteviewer\smartclient\tst\zsmartclient_unittest\bin\x64\debug\net6.0-windows\zsmartclient_unittest.dll" id="cb217fc0-412f-9e5e-8b31-b39324af2ee8">
      <TestCategory>
        <TestCategoryItem TestCategory="WorkspaceToolbar" />
      </TestCategory>
      <Execution id="c80760c2-a887-49be-a569-56277b8a0437" />
      <TestMethod codeBase="D:\actions-runner\_work\XPCO\XPCO\AllSolutions\..\SC\Components\RemoteViewer\SmartClient\tst\zSmartClient_UnitTest\bin\x64\Debug\net6.0-windows\zSmartClient_UnitTest.dll" adapterTypeName="executor://mstestadapter/v2" className="SmartClient_UnitTest.VideoOS.RemoteClient.Application.Data.WorkspaceToolbar.WorkspaceToolbarItemSmartSearchTests" name="SearchAction_BrowseMode_OneYearInTheFuture" />
    </UnitTest>
    <UnitTest name="TestGetBuildingClient_WithoutBuildingSupport_Success" storage="d:\actions-runner\_work\xpco\xpco\allsolutions\..\sc\components\remoteviewer\smartclient\tst\zsmartclient_unittest\bin\x64\debug\net6.0-windows\zsmartclient_unittest.dll" id="94665017-ba44-93eb-512e-f9565e558eb5">
      <Execution id="bd31f726-f6a6-4231-8975-bef34a66989a" />
      <TestMethod codeBase="D:\actions-runner\_work\XPCO\XPCO\AllSolutions\..\SC\Components\RemoteViewer\SmartClient\tst\zSmartClient_UnitTest\bin\x64\Debug\net6.0-windows\zSmartClient_UnitTest.dll" adapterTypeName="executor://mstestadapter/v2" className="SmartClient_UnitTest.VideoOS.RemoteClient.GisMapData.Communication.CommunicationFacadeTests" name="TestGetBuildingClient_WithoutBuildingSupport_Success" />
    </UnitTest>
    <UnitTest name="SupportsRightClick_ShouldBeTrue_WhenInteractionStateIsNormal" storage="d:\actions-runner\_work\xpco\xpco\allsolutions\..\sc\components\remoteviewer\smartclient\tst\zsmartclient_unittest\bin\x64\debug\net6.0-windows\zsmartclient_unittest.dll" id="7f983a5e-5f3c-ed76-0115-273409a0ed19">
      <TestCategory>
        <TestCategoryItem TestCategory="GisMap.LegacyLinkMarker" />
      </TestCategory>
      <Execution id="ee988856-c45b-4d35-9141-25beaa935af7" />
      <TestMethod codeBase="D:\actions-runner\_work\XPCO\XPCO\AllSolutions\..\SC\Components\RemoteViewer\SmartClient\tst\zSmartClient_UnitTest\bin\x64\Debug\net6.0-windows\zSmartClient_UnitTest.dll" adapterTypeName="executor://mstestadapter/v2" className="SmartClient_UnitTest.VideoOS.RemoteClient.Plugin.GisMap.ThinkGeoMap.Markers.LegacyLinkMarker.LegacyLinkMarkerTests" name="SupportsRightClick_ShouldBeTrue_WhenInteractionStateIsNormal" />
    </UnitTest>
    <UnitTest name="AudioControllerOnDevicesLockEvent_ShouldEnableMicrophones_WhenUnlockingAudioDevicesAndApplicationIsInLiveMode" storage="d:\actions-runner\_work\xpco\xpco\allsolutions\..\sc\components\remoteviewer\smartclient\tst\zsmartclient_unittest\bin\x64\debug\net6.0-windows\zsmartclient_unittest.dll" id="7aa665c6-6d05-2641-5b0e-6f3ba4797370">
      <TestCategory>
        <TestCategoryItem TestCategory="GisMapData.MapLayers" />
      </TestCategory>
      <Execution id="7441e9a7-1d84-4ce0-b683-f7737cc0300a" />
      <TestMethod codeBase="D:\actions-runner\_work\XPCO\XPCO\AllSolutions\..\SC\Components\RemoteViewer\SmartClient\tst\zSmartClient_UnitTest\bin\x64\Debug\net6.0-windows\zSmartClient_UnitTest.dll" adapterTypeName="executor://mstestadapter/v2" className="SmartClient_UnitTest.VideoOS.RemoteClient.GisMapData.MapLayers.MicrophoneItemsMapLayerTests" name="AudioControllerOnDevicesLockEvent_ShouldEnableMicrophones_WhenUnlockingAudioDevicesAndApplicationIsInLiveMode" />
    </UnitTest>
    <UnitTest name="MarkerFactory_WhenMapItemIsGiven_ShouldReturnMarker" storage="d:\actions-runner\_work\xpco\xpco\allsolutions\..\sc\components\remoteviewer\smartclient\tst\zsmartclient_unittest\bin\x64\debug\net6.0-windows\zsmartclient_unittest.dll" id="c66f0344-0d06-e154-dea7-64ff1ea75851">
      <TestCategory>
        <TestCategoryItem TestCategory="GisMap.MarkerFactory" />
      </TestCategory>
      <Execution id="845da020-dbfb-4c68-9b13-c15cf6054444" />
      <TestMethod codeBase="D:\actions-runner\_work\XPCO\XPCO\AllSolutions\..\SC\Components\RemoteViewer\SmartClient\tst\zSmartClient_UnitTest\bin\x64\Debug\net6.0-windows\zSmartClient_UnitTest.dll" adapterTypeName="executor://mstestadapter/v2" className="SmartClient_UnitTest.VideoOS.RemoteClient.Plugin.GisMap.IoC.MarkerFactoryTests" name="MarkerFactory_WhenMapItemIsGiven_ShouldReturnMarker" />
    </UnitTest>
    <UnitTest name="JobData_SetsCorrect_StatusText_And_SortOrder" storage="d:\actions-runner\_work\xpco\xpco\allsolutions\..\sc\components\remoteviewer\smartclient\tst\zsmartclient_unittest\bin\x64\debug\net6.0-windows\zsmartclient_unittest.dll" id="3ab16e75-8a5c-b09f-3b52-52df61cf6c95">
      <Execution id="1c0a83c3-2bfd-4202-a9d5-a5ef01309347" />
      <TestMethod codeBase="D:\actions-runner\_work\XPCO\XPCO\AllSolutions\..\SC\Components\RemoteViewer\SmartClient\tst\zSmartClient_UnitTest\bin\x64\Debug\net6.0-windows\zSmartClient_UnitTest.dll" adapterTypeName="executor://mstestadapter/v2" className="SmartClient_UnitTest.VideoOS.RemoteClient.Application.UI.GlobalTools.ServerJobsTests" name="JobData_SetsCorrect_StatusText_And_SortOrder" />
    </UnitTest>
    <UnitTest name="SearchResultsActionBarActions_AddBookmark_MultipleResult_CreateBookmarkInvokedForAllItems" storage="d:\actions-runner\_work\xpco\xpco\allsolutions\..\sc\components\remoteviewer\smartclient\tst\zsmartclient_unittest\bin\x64\debug\net6.0-windows\zsmartclient_unittest.dll" id="dd9fef57-cc98-7ad4-c53a-0bf4ce117b29">
      <TestCategory>
        <TestCategoryItem TestCategory="SearchResultActionBarViewModel" />
      </TestCategory>
      <Execution id="213a10ac-859a-4289-b82c-499156b1c9e7" />
      <TestMethod codeBase="D:\actions-runner\_work\XPCO\XPCO\AllSolutions\..\SC\Components\RemoteViewer\SmartClient\tst\zSmartClient_UnitTest\bin\x64\Debug\net6.0-windows\zSmartClient_UnitTest.dll" adapterTypeName="executor://mstestadapter/v2" className="SmartClient_UnitTest.VideoOS.RemoteClient.Plugin.CentralizedSearch.ViewModels.SearchResultsActionBarViewModelTest" name="SearchResultsActionBarActions_AddBookmark_MultipleResult_CreateBookmarkInvokedForAllItems" />
    </UnitTest>
    <UnitTest name="ScWorkspaceStateChangedEvent_ShouldSetDeviceStateToMuted_WhenSwitchingToSetupModeAndDeviceStateIsUnMuted" storage="d:\actions-runner\_work\xpco\xpco\allsolutions\..\sc\components\remoteviewer\smartclient\tst\zsmartclient_unittest\bin\x64\debug\net6.0-windows\zsmartclient_unittest.dll" id="8a54600b-ddfe-122f-8fbb-15179853629f">
      <TestCategory>
        <TestCategoryItem TestCategory="GisMapData.MapLayers" />
      </TestCategory>
      <Execution id="de03bf2b-3409-457b-ac94-7af97df34fcf" />
      <TestMethod codeBase="D:\actions-runner\_work\XPCO\XPCO\AllSolutions\..\SC\Components\RemoteViewer\SmartClient\tst\zSmartClient_UnitTest\bin\x64\Debug\net6.0-windows\zSmartClient_UnitTest.dll" adapterTypeName="executor://mstestadapter/v2" className="SmartClient_UnitTest.VideoOS.RemoteClient.GisMapData.MapLayers.MicrophoneItemsMapLayerTests" name="ScWorkspaceStateChangedEvent_ShouldSetDeviceStateToMuted_WhenSwitchingToSetupModeAndDeviceStateIsUnMuted" />
    </UnitTest>
    <UnitTest name="GetClusters_ShouldIncludeItemFromBuildingIntoSuperClusterOutsideBuilding_WhenBuildingIsTooSmallToRender" storage="d:\actions-runner\_work\xpco\xpco\allsolutions\..\sc\components\remoteviewer\smartclient\tst\zsmartclient_unittest\bin\x64\debug\net6.0-windows\zsmartclient_unittest.dll" id="5e9a784a-512a-9e3c-4365-749c6efbd67e">
      <TestCategory>
        <TestCategoryItem TestCategory="GisMapIndex.SuperClusters" />
      </TestCategory>
      <Execution id="6ebd8659-fb99-4875-b690-d2cfaad79a67" />
      <TestMethod codeBase="D:\actions-runner\_work\XPCO\XPCO\AllSolutions\..\SC\Components\RemoteViewer\SmartClient\tst\zSmartClient_UnitTest\bin\x64\Debug\net6.0-windows\zSmartClient_UnitTest.dll" adapterTypeName="executor://mstestadapter/v2" className="SmartClient_UnitTest.VideoOS.RemoteClient.GisMapData.Common.Indexer.BuildingsAwareIndexerTests_SuperCluster" name="GetClusters_ShouldIncludeItemFromBuildingIntoSuperClusterOutsideBuilding_WhenBuildingIsTooSmallToRender" />
    </UnitTest>
    <UnitTest name="TestAttachedView_WithNull_Success" storage="d:\actions-runner\_work\xpco\xpco\allsolutions\..\sc\components\remoteviewer\smartclient\tst\zsmartclient_unittest\bin\x64\debug\net6.0-windows\zsmartclient_unittest.dll" id="05f48571-d878-d35c-a36e-2898473abdf2">
      <Execution id="7f01b0ac-7e18-4d23-89c8-ca6129932548" />
      <TestMethod codeBase="D:\actions-runner\_work\XPCO\XPCO\AllSolutions\..\SC\Components\RemoteViewer\SmartClient\tst\zSmartClient_UnitTest\bin\x64\Debug\net6.0-windows\zSmartClient_UnitTest.dll" adapterTypeName="executor://mstestadapter/v2" className="SmartClient_UnitTest.VideoOS.RemoteClient.Application.Controllers.WorkSpace.WorkSpaceItemTest" name="TestAttachedView_WithNull_Success" />
    </UnitTest>
    <UnitTest name="ToDenormalizedFieldOfView_LesserThan0_0_Failure" storage="d:\actions-runner\_work\xpco\xpco\allsolutions\..\sc\components\remoteviewer\smartclient\tst\zsmartclient_unittest\bin\x64\debug\net6.0-windows\zsmartclient_unittest.dll" id="ef6e5d44-4248-113e-0569-ec93691b2771">
      <TestCategory>
        <TestCategoryItem TestCategory="GisMap" />
      </TestCategory>
      <Execution id="c6fdd831-5edb-4a16-88af-0ae98d842e9b" />
      <TestMethod codeBase="D:\actions-runner\_work\XPCO\XPCO\AllSolutions\..\SC\Components\RemoteViewer\SmartClient\tst\zSmartClient_UnitTest\bin\x64\Debug\net6.0-windows\zSmartClient_UnitTest.dll" adapterTypeName="executor://mstestadapter/v2" className="SmartClient_UnitTest.VideoOS.RemoteClient.GisMap.Utilities.GisUtilityTests" name="ToDenormalizedFieldOfView_LesserThan0_0_Failure" />
    </UnitTest>
    <UnitTest name="Decorate_ShouldNotAddChildren_WhenThereAreNoLayersImplementingITitleToggleable" storage="d:\actions-runner\_work\xpco\xpco\allsolutions\..\sc\components\remoteviewer\smartclient\tst\zsmartclient_unittest\bin\x64\debug\net6.0-windows\zsmartclient_unittest.dll" id="4fdd99bf-6905-0af0-30e5-6e050f489153">
      <TestCategory>
        <TestCategoryItem TestCategory="GisMap.LayerVisibilityItemDataChildrenToggleItemDecoratorTests" />
      </TestCategory>
      <Execution id="d51fa6ed-056a-4c56-82d3-fc3080a8b891" />
      <TestMethod codeBase="D:\actions-runner\_work\XPCO\XPCO\AllSolutions\..\SC\Components\RemoteViewer\SmartClient\tst\zSmartClient_UnitTest\bin\x64\Debug\net6.0-windows\zSmartClient_UnitTest.dll" adapterTypeName="executor://mstestadapter/v2" className="SmartClient_UnitTest.VideoOS.RemoteClient.Plugin.GisMap.ViewModels.LayersVisibility.Decorators.LayerVisibilityItemDataChildrenToggleItemDecoratorTests" name="Decorate_ShouldNotAddChildren_WhenThereAreNoLayersImplementingITitleToggleable" />
    </UnitTest>
    <UnitTest name="PtzSessionController_GetPtzSessionInfo_Unregistered_Camera_Test" storage="d:\actions-runner\_work\xpco\xpco\allsolutions\..\sc\components\remoteviewer\smartclient\tst\zsmartclient_unittest\bin\x64\debug\net6.0-windows\zsmartclient_unittest.dll" id="65173ca9-ca7a-eecb-f51e-664ba3987e33">
      <Execution id="81a08359-6f87-49ce-9d28-f0ec65390ff0" />
      <TestMethod codeBase="D:\actions-runner\_work\XPCO\XPCO\AllSolutions\..\SC\Components\RemoteViewer\SmartClient\tst\zSmartClient_UnitTest\bin\x64\Debug\net6.0-windows\zSmartClient_UnitTest.dll" adapterTypeName="executor://mstestadapter/v2" className="VideoOS.RemoteClient.Application.Controllers.UnitTest.PtzSessionControllerTest" name="PtzSessionController_GetPtzSessionInfo_Unregistered_Camera_Test" />
    </UnitTest>
    <UnitTest name="ExcludeItem_CameraItem_Excluded" storage="d:\actions-runner\_work\xpco\xpco\allsolutions\..\sc\components\remoteviewer\smartclient\tst\zsmartclient_unittest\bin\x64\debug\net6.0-windows\zsmartclient_unittest.dll" id="4fb4182c-2a3f-97bb-507b-d3ceb3937b43">
      <TestCategory>
        <TestCategoryItem TestCategory="GisMapIndex" />
      </TestCategory>
      <Execution id="a8d92a9b-c213-4e17-ab99-c5f08d741f64" />
      <TestMethod codeBase="D:\actions-runner\_work\XPCO\XPCO\AllSolutions\..\SC\Components\RemoteViewer\SmartClient\tst\zSmartClient_UnitTest\bin\x64\Debug\net6.0-windows\zSmartClient_UnitTest.dll" adapterTypeName="executor://mstestadapter/v2" className="SmartClient_UnitTest.VideoOS.RemoteClient.GisMapData.Common.Indexer.BuildingsAwareIndexerTests" name="ExcludeItem_CameraItem_Excluded" />
    </UnitTest>
    <UnitTest name="RemoveWorkroom_ShouldChangeSelectionToNextWorkroom_WhenSelectedWorkroomIsRemoved" storage="d:\actions-runner\_work\xpco\xpco\allsolutions\..\sc\components\remoteviewer\smartclient\tst\zsmartclient_unittest\bin\x64\debug\net6.0-windows\zsmartclient_unittest.dll" id="4fc92a95-da20-ab9b-15d1-74f6c3c27fe0">
      <TestCategory>
        <TestCategoryItem TestCategory="WorkroomController" />
      </TestCategory>
      <Execution id="9c32a382-44e7-48b4-b39a-6310bfa10507" />
      <TestMethod codeBase="D:\actions-runner\_work\XPCO\XPCO\AllSolutions\..\SC\Components\RemoteViewer\SmartClient\tst\zSmartClient_UnitTest\bin\x64\Debug\net6.0-windows\zSmartClient_UnitTest.dll" adapterTypeName="executor://mstestadapter/v2" className="SmartClient_UnitTest.VideoOS.RemoteClient.Application.Controllers.WorkroomController.WorkroomControllerBaseTest" name="RemoveWorkroom_ShouldChangeSelectionToNextWorkroom_WhenSelectedWorkroomIsRemoved" />
    </UnitTest>
    <UnitTest name="PtzSessionController_Constructor_ArgumentNull_PtzSessionTimer_Test" storage="d:\actions-runner\_work\xpco\xpco\allsolutions\..\sc\components\remoteviewer\smartclient\tst\zsmartclient_unittest\bin\x64\debug\net6.0-windows\zsmartclient_unittest.dll" id="6005aa8f-bfed-16e6-eb0c-0e72997b485a">
      <Execution id="72e58549-8a4b-4ed9-b0f3-0f3e22cdbcb2" />
      <TestMethod codeBase="D:\actions-runner\_work\XPCO\XPCO\AllSolutions\..\SC\Components\RemoteViewer\SmartClient\tst\zSmartClient_UnitTest\bin\x64\Debug\net6.0-windows\zSmartClient_UnitTest.dll" adapterTypeName="executor://mstestadapter/v2" className="VideoOS.RemoteClient.Application.Controllers.UnitTest.PtzSessionControllerTest" name="PtzSessionController_Constructor_ArgumentNull_PtzSessionTimer_Test" />
    </UnitTest>
    <UnitTest name="Constructor_ShouldRaiseArgumentNullException_WhenNavigationHistoryIsNull" storage="d:\actions-runner\_work\xpco\xpco\allsolutions\..\sc\components\remoteviewer\smartclient\tst\zsmartclient_unittest\bin\x64\debug\net6.0-windows\zsmartclient_unittest.dll" id="70311a0a-2853-d903-384a-e493017e2da4">
      <TestCategory>
        <TestCategoryItem TestCategory="GisMap.GisMapViewModel" />
      </TestCategory>
      <Execution id="e2595325-c98a-4975-af4c-aadc05276bec" />
      <TestMethod codeBase="D:\actions-runner\_work\XPCO\XPCO\AllSolutions\..\SC\Components\RemoteViewer\SmartClient\tst\zSmartClient_UnitTest\bin\x64\Debug\net6.0-windows\zSmartClient_UnitTest.dll" adapterTypeName="executor://mstestadapter/v2" className="SmartClient_UnitTest.VideoOS.RemoteClient.Plugin.GisMap.ViewModels.GisMapViewModelTests" name="Constructor_ShouldRaiseArgumentNullException_WhenNavigationHistoryIsNull" />
    </UnitTest>
    <UnitTest name="PatrollingStepListViewModel_CanAddStepExecute" storage="d:\actions-runner\_work\xpco\xpco\allsolutions\..\sc\components\remoteviewer\smartclient\tst\zsmartclient_unittest\bin\x64\debug\net6.0-windows\zsmartclient_unittest.dll" id="cc27b110-75f5-fa85-b001-d22c68a54aec">
      <Execution id="c93d3002-ac13-42ef-bab2-439a34d8b588" />
      <TestMethod codeBase="D:\actions-runner\_work\XPCO\XPCO\AllSolutions\..\SC\Components\RemoteViewer\SmartClient\tst\zSmartClient_UnitTest\bin\x64\Debug\net6.0-windows\zSmartClient_UnitTest.dll" adapterTypeName="executor://mstestadapter/v2" className="SmartClient_UnitTest.VideoOS.RemoteClient.Application.UI.PtzPreset.PatrollingViewModel.PatrollingStepListViewModelTest" name="PatrollingStepListViewModel_CanAddStepExecute" />
    </UnitTest>
    <UnitTest name="PatrollingStepViewModel_ExpectedTransitionTimeToPreset" storage="d:\actions-runner\_work\xpco\xpco\allsolutions\..\sc\components\remoteviewer\smartclient\tst\zsmartclient_unittest\bin\x64\debug\net6.0-windows\zsmartclient_unittest.dll" id="db90aeda-99d3-8862-c893-f6a75596efbc">
      <Execution id="ca7b70d8-ffac-438d-9f28-acc66b0c6629" />
      <TestMethod codeBase="D:\actions-runner\_work\XPCO\XPCO\AllSolutions\..\SC\Components\RemoteViewer\SmartClient\tst\zSmartClient_UnitTest\bin\x64\Debug\net6.0-windows\zSmartClient_UnitTest.dll" adapterTypeName="executor://mstestadapter/v2" className="SmartClient_UnitTest.VideoOS.RemoteClient.Application.UI.PtzPreset.PatrollingViewModel.PatrollingStepViewModelTest" name="PatrollingStepViewModel_ExpectedTransitionTimeToPreset" />
    </UnitTest>
    <UnitTest name="Constructor_ShouldRaiseArgumentNullException_WhenGisMapModelIsNull" storage="d:\actions-runner\_work\xpco\xpco\allsolutions\..\sc\components\remoteviewer\smartclient\tst\zsmartclient_unittest\bin\x64\debug\net6.0-windows\zsmartclient_unittest.dll" id="b7dfb3e8-2e47-78f3-b474-5d161942d69f">
      <TestCategory>
        <TestCategoryItem TestCategory="GisMap.GisMapViewModel" />
      </TestCategory>
      <Execution id="4fa310a9-802f-41cf-8832-9d6d3a8e7f4c" />
      <TestMethod codeBase="D:\actions-runner\_work\XPCO\XPCO\AllSolutions\..\SC\Components\RemoteViewer\SmartClient\tst\zSmartClient_UnitTest\bin\x64\Debug\net6.0-windows\zSmartClient_UnitTest.dll" adapterTypeName="executor://mstestadapter/v2" className="SmartClient_UnitTest.VideoOS.RemoteClient.Plugin.GisMap.ViewModels.GisMapViewModelTests" name="Constructor_ShouldRaiseArgumentNullException_WhenGisMapModelIsNull" />
    </UnitTest>
    <UnitTest name="TrySelectAvailableExportNameTest_ShouldReturnValidationResultOk_When2ndDirectoryDoNotExistsIsFalse" storage="d:\actions-runner\_work\xpco\xpco\allsolutions\..\sc\components\remoteviewer\smartclient\tst\zsmartclient_unittest\bin\x64\debug\net6.0-windows\zsmartclient_unittest.dll" id="20b83e96-bb0c-eaa7-3f17-8420c76ddd7b">
      <Execution id="c36e9b16-612a-452b-baaa-f2b440223e14" />
      <TestMethod codeBase="D:\actions-runner\_work\XPCO\XPCO\AllSolutions\..\SC\Components\RemoteViewer\SmartClient\tst\zSmartClient_UnitTest\bin\x64\Debug\net6.0-windows\zSmartClient_UnitTest.dll" adapterTypeName="executor://mstestadapter/v2" className="SmartClient_UnitTest.VideoOS.RemoteClient.Application.Data.Export.ExportDataHelperTests" name="TrySelectAvailableExportNameTest_ShouldReturnValidationResultOk_When2ndDirectoryDoNotExistsIsFalse" />
    </UnitTest>
    <UnitTest name="ToggleMicrophoneStateAsync_ShouldRaiseArgumentNullException_WhenMicrophoneIsNull" storage="d:\actions-runner\_work\xpco\xpco\allsolutions\..\sc\components\remoteviewer\smartclient\tst\zsmartclient_unittest\bin\x64\debug\net6.0-windows\zsmartclient_unittest.dll" id="76f56124-31a2-88ce-2d55-72b9a34a85b7">
      <TestCategory>
        <TestCategoryItem TestCategory="GisMapAudioController" />
      </TestCategory>
      <Execution id="b5b4f7e0-ea06-453e-9295-be3bcdd061a4" />
      <TestMethod codeBase="D:\actions-runner\_work\XPCO\XPCO\AllSolutions\..\SC\Components\RemoteViewer\SmartClient\tst\zSmartClient_UnitTest\bin\x64\Debug\net6.0-windows\zSmartClient_UnitTest.dll" adapterTypeName="executor://mstestadapter/v2" className="SmartClient_UnitTest.VideoOS.RemoteClient.GisMapData.GisMapAudioControllerTests" name="ToggleMicrophoneStateAsync_ShouldRaiseArgumentNullException_WhenMicrophoneIsNull" />
    </UnitTest>
    <UnitTest name="ShowAccessControlSystems_ShouldReturnFalse_WhenOneACSystemsAvailable" storage="d:\actions-runner\_work\xpco\xpco\allsolutions\..\sc\components\remoteviewer\smartclient\tst\zsmartclient_unittest\bin\x64\debug\net6.0-windows\zsmartclient_unittest.dll" id="0888e3f9-abd4-4799-6395-fe5ed75b869d">
      <Execution id="1d1eabda-20f4-4332-8012-2c5491bd6cd6" />
      <TestMethod codeBase="D:\actions-runner\_work\XPCO\XPCO\AllSolutions\..\SC\Components\RemoteViewer\SmartClient\tst\zSmartClient_UnitTest\bin\x64\Debug\net6.0-windows\zSmartClient_UnitTest.dll" adapterTypeName="executor://mstestadapter/v2" className="SmartClient_UnitTest.VideoOS.RemoteClient.AccessControl.ViewModel.CardholdersTabViewModelTests" name="ShowAccessControlSystems_ShouldReturnFalse_WhenOneACSystemsAvailable" />
    </UnitTest>
    <UnitTest name="CloseCommand_ShouldSetInteractionStateToNormal_WhenInvoked" storage="d:\actions-runner\_work\xpco\xpco\allsolutions\..\sc\components\remoteviewer\smartclient\tst\zsmartclient_unittest\bin\x64\debug\net6.0-windows\zsmartclient_unittest.dll" id="5b878309-5fba-ade9-5fb0-a0b0fe46423a">
      <TestCategory>
        <TestCategoryItem TestCategory="GisMap.DeviceSelectorWindowViewModel" />
      </TestCategory>
      <Execution id="1998b5b5-e5e1-4be8-a71c-e5ca379f9860" />
      <TestMethod codeBase="D:\actions-runner\_work\XPCO\XPCO\AllSolutions\..\SC\Components\RemoteViewer\SmartClient\tst\zSmartClient_UnitTest\bin\x64\Debug\net6.0-windows\zSmartClient_UnitTest.dll" adapterTypeName="executor://mstestadapter/v2" className="SmartClient_UnitTest.VideoOS.RemoteClient.Plugin.GisMap.ViewModels.DeviceSelectorWindowViewModelTests" name="CloseCommand_ShouldSetInteractionStateToNormal_WhenInvoked" />
    </UnitTest>
    <UnitTest name="Password 1 empty" storage="d:\actions-runner\_work\xpco\xpco\allsolutions\..\sc\components\remoteviewer\smartclient\tst\zsmartclient_unittest\bin\x64\debug\net6.0-windows\zsmartclient_unittest.dll" id="6c760899-d63e-372b-347e-f2aa62fff100">
      <TestCategory>
        <TestCategoryItem TestCategory="Export" />
      </TestCategory>
      <Execution id="a75916ff-c787-4e13-b887-4e3161f035a9" />
      <TestMethod codeBase="D:\actions-runner\_work\XPCO\XPCO\AllSolutions\..\SC\Components\RemoteViewer\SmartClient\tst\zSmartClient_UnitTest\bin\x64\Debug\net6.0-windows\zSmartClient_UnitTest.dll" adapterTypeName="executor://mstestadapter/v2" className="SmartClient_UnitTest.VideoOS.RemoteClient.Plugin.Export.PasswordDialogViewModelTests" name="InitialPassword_ShouldResultInCorrectValidity" />
    </UnitTest>
    <UnitTest name="IsOAuth_ShouldReturnFalse_WhenConstructedUsingSimple" storage="d:\actions-runner\_work\xpco\xpco\allsolutions\..\sc\components\remoteviewer\smartclient\tst\zsmartclient_unittest\bin\x64\debug\net6.0-windows\zsmartclient_unittest.dll" id="edaf9c06-ff2c-62ed-be08-4c1afe57f05b">
      <TestCategory>
        <TestCategoryItem TestCategory="Authentication.ClientCredentials" />
      </TestCategory>
      <Execution id="1849e1e2-2d77-4ff8-88fc-2e9c1ddde838" />
      <TestMethod codeBase="D:\actions-runner\_work\XPCO\XPCO\AllSolutions\..\SC\Components\RemoteViewer\SmartClient\tst\zSmartClient_UnitTest\bin\x64\Debug\net6.0-windows\zSmartClient_UnitTest.dll" adapterTypeName="executor://mstestadapter/v2" className="SmartClient_UnitTest.VideoOS.Shared.ServerAPI.ClientCredentialsTest" name="IsOAuth_ShouldReturnFalse_WhenConstructedUsingSimple" />
    </UnitTest>
    <UnitTest name="Deserialize_MissingPluginIdElement_Error" storage="d:\actions-runner\_work\xpco\xpco\allsolutions\..\sc\components\remoteviewer\smartclient\tst\zsmartclient_unittest\bin\x64\debug\net6.0-windows\zsmartclient_unittest.dll" id="5be7c8bc-c613-0652-ed73-c4eee352182b">
      <TestCategory>
        <TestCategoryItem TestCategory="SearchSerialization" />
      </TestCategory>
      <Execution id="ccdd40bc-36df-44b3-be64-cdaec7b79edd" />
      <TestMethod codeBase="D:\actions-runner\_work\XPCO\XPCO\AllSolutions\..\SC\Components\RemoteViewer\SmartClient\tst\zSmartClient_UnitTest\bin\x64\Debug\net6.0-windows\zSmartClient_UnitTest.dll" adapterTypeName="executor://mstestadapter/v2" className="SmartClient_UnitTest.VideoOS.RemoteClient.Plugin.CentralizedSearch.Models.Serialization.SearchSerializerTests" name="Deserialize_MissingPluginIdElement_Error" />
    </UnitTest>
    <UnitTest name="GetMapLayerArguments_ShouldReturnIGisMapModelAndMapLayerDataId_WhenCalled" storage="d:\actions-runner\_work\xpco\xpco\allsolutions\..\sc\components\remoteviewer\smartclient\tst\zsmartclient_unittest\bin\x64\debug\net6.0-windows\zsmartclient_unittest.dll" id="31b9ac86-ff3a-2d5f-32cb-aba7e18815ce">
      <Execution id="f629a701-423d-4772-9266-26c047c0967a" />
      <TestMethod codeBase="D:\actions-runner\_work\XPCO\XPCO\AllSolutions\..\SC\Components\RemoteViewer\SmartClient\tst\zSmartClient_UnitTest\bin\x64\Debug\net6.0-windows\zSmartClient_UnitTest.dll" adapterTypeName="executor://mstestadapter/v2" className="SmartClient_UnitTest.VideoOS.RemoteClient.GisMapData.Strategies.MapLayers.MipMapLayerDatagramClassFactoryStrategyTests" name="GetMapLayerArguments_ShouldReturnIGisMapModelAndMapLayerDataId_WhenCalled" />
    </UnitTest>
    <UnitTest name="WhenActionExecutedWithAlarmsThenEveryObserverNotified" storage="d:\actions-runner\_work\xpco\xpco\allsolutions\..\sc\components\remoteviewer\smartclient\tst\zsmartclient_unittest\bin\x64\debug\net6.0-windows\zsmartclient_unittest.dll" id="03c0368b-e341-b507-4b7e-610a5973bcc4">
      <Execution id="6788e2b5-3fca-471f-ab56-aa13f7483631" />
      <TestMethod codeBase="D:\actions-runner\_work\XPCO\XPCO\AllSolutions\..\SC\Components\RemoteViewer\SmartClient\tst\zSmartClient_UnitTest\bin\x64\Debug\net6.0-windows\zSmartClient_UnitTest.dll" adapterTypeName="executor://mstestadapter/v2" className="SmartClient_UnitTest.VideoOS.RemoteClient.GisMapData.Common.AlarmObservableTest" name="WhenActionExecutedWithAlarmsThenEveryObserverNotified" />
    </UnitTest>
    <UnitTest name="UserHasDeletePublicSearchPermission_HasDeletePermission_ReturnsTrue" storage="d:\actions-runner\_work\xpco\xpco\allsolutions\..\sc\components\remoteviewer\smartclient\tst\zsmartclient_unittest\bin\x64\debug\net6.0-windows\zsmartclient_unittest.dll" id="b292696a-1665-7718-2677-c233de8e9b49">
      <TestCategory>
        <TestCategoryItem TestCategory="SearchTemplates" />
      </TestCategory>
      <Execution id="46a26383-9acd-48d4-8dad-ed3118e713d6" />
      <TestMethod codeBase="D:\actions-runner\_work\XPCO\XPCO\AllSolutions\..\SC\Components\RemoteViewer\SmartClient\tst\zSmartClient_UnitTest\bin\x64\Debug\net6.0-windows\zSmartClient_UnitTest.dll" adapterTypeName="executor://mstestadapter/v2" className="SmartClient_UnitTest.VideoOS.RemoteClient.Plugin.CentralizedSearch.SearchTemplates.SearchTemplateManagerTests" name="UserHasDeletePublicSearchPermission_HasDeletePermission_ReturnsTrue" />
    </UnitTest>
    <UnitTest name="RightButtonDown_DoubleClickNoZoomHandler_DoesNotCrash" storage="d:\actions-runner\_work\xpco\xpco\allsolutions\..\sc\components\remoteviewer\smartclient\tst\zsmartclient_unittest\bin\x64\debug\net6.0-windows\zsmartclient_unittest.dll" id="1dfcecbd-375a-81ed-2ce9-6d3e61013acd">
      <TestCategory>
        <TestCategoryItem TestCategory="GisMap.MapControl" />
      </TestCategory>
      <Execution id="d7386b9b-3f86-4c99-b360-34fe83c9fbde" />
      <TestMethod codeBase="D:\actions-runner\_work\XPCO\XPCO\AllSolutions\..\SC\Components\RemoteViewer\SmartClient\tst\zSmartClient_UnitTest\bin\x64\Debug\net6.0-windows\zSmartClient_UnitTest.dll" adapterTypeName="executor://mstestadapter/v2" className="SmartClient_UnitTest.VideoOS.RemoteClient.Plugin.GisMap.ThinkGeoMap.ThinkGeoMapControlTests" name="RightButtonDown_DoubleClickNoZoomHandler_DoesNotCrash" />
    </UnitTest>
    <UnitTest name="GetLayerVisibilityItemsData_ShouldAddThreeFixedLayersInOrder_WhenThreeNonRelatedMapLayersAreProvided" storage="d:\actions-runner\_work\xpco\xpco\allsolutions\..\sc\components\remoteviewer\smartclient\tst\zsmartclient_unittest\bin\x64\debug\net6.0-windows\zsmartclient_unittest.dll" id="958a4635-0d5e-dda4-f61e-9578d9aa3b40">
      <TestCategory>
        <TestCategoryItem TestCategory="GisMap.DefaultFixedLayerManagerStrategyTests" />
      </TestCategory>
      <Execution id="4d8b6206-67e5-4a57-a609-53b4c5d54d04" />
      <TestMethod codeBase="D:\actions-runner\_work\XPCO\XPCO\AllSolutions\..\SC\Components\RemoteViewer\SmartClient\tst\zSmartClient_UnitTest\bin\x64\Debug\net6.0-windows\zSmartClient_UnitTest.dll" adapterTypeName="executor://mstestadapter/v2" className="SmartClient_UnitTest.VideoOS.RemoteClient.Plugin.GisMap.ViewModels.LayersVisibility.FixedLayers.DefaultFixedLayerManagerStrategyTests" name="GetLayerVisibilityItemsData_ShouldAddThreeFixedLayersInOrder_WhenThreeNonRelatedMapLayersAreProvided" />
    </UnitTest>
    <UnitTest name="GetLayerFeatures_ShouldReturnOutputLayerFeatures_WhenMicrophoneKind" storage="d:\actions-runner\_work\xpco\xpco\allsolutions\..\sc\components\remoteviewer\smartclient\tst\zsmartclient_unittest\bin\x64\debug\net6.0-windows\zsmartclient_unittest.dll" id="858fcac7-e389-8062-ee0a-81085946f8a2">
      <TestCategory>
        <TestCategoryItem TestCategory="GisMapData.Controllers.LayerFeatures" />
      </TestCategory>
      <Execution id="0c95c4f6-fb8b-425f-9c8c-1170aabcfaaf" />
      <TestMethod codeBase="D:\actions-runner\_work\XPCO\XPCO\AllSolutions\..\SC\Components\RemoteViewer\SmartClient\tst\zSmartClient_UnitTest\bin\x64\Debug\net6.0-windows\zSmartClient_UnitTest.dll" adapterTypeName="executor://mstestadapter/v2" className="SmartClient_UnitTest.VideoOS.RemoteClient.GisMapData.Controllers.LayerFeatures.LayerFeaturesControllerTests" name="GetLayerFeatures_ShouldReturnOutputLayerFeatures_WhenMicrophoneKind" />
    </UnitTest>
    <UnitTest name="DrawEntries_BeginMidAndEndDatesRange_Success" storage="d:\actions-runner\_work\xpco\xpco\allsolutions\..\sc\components\remoteviewer\smartclient\tst\zsmartclient_unittest\bin\x64\debug\net6.0-windows\zsmartclient_unittest.dll" id="30200921-e950-e3ac-a65b-a4bfe480ca8a">
      <TestCategory>
        <TestCategoryItem TestCategory="SearchControls" />
      </TestCategory>
      <Execution id="6c956dd4-c4cc-4ce2-8aa7-cd89f3cd4894" />
      <TestMethod codeBase="D:\actions-runner\_work\XPCO\XPCO\AllSolutions\..\SC\Components\RemoteViewer\SmartClient\tst\zSmartClient_UnitTest\bin\x64\Debug\net6.0-windows\zSmartClient_UnitTest.dll" adapterTypeName="executor://mstestadapter/v2" className="SmartClient_UnitTest.VideoOS.RemoteClient.Plugin.CentralizedSearch.Views.Controls.TimelineRuler.TimelineRulerControlTests" name="DrawEntries_BeginMidAndEndDatesRange_Success" />
    </UnitTest>
    <UnitTest name="ServerAuthentication_ShouldReturnLegacyBasic_WhenConstructedUsingSimple" storage="d:\actions-runner\_work\xpco\xpco\allsolutions\..\sc\components\remoteviewer\smartclient\tst\zsmartclient_unittest\bin\x64\debug\net6.0-windows\zsmartclient_unittest.dll" id="5711c871-ad4e-1c97-b7af-50ef5d9eff82">
      <TestCategory>
        <TestCategoryItem TestCategory="Authentication.ClientCredentials" />
      </TestCategory>
      <Execution id="9da77515-36a7-4c32-9a57-31690922d2f8" />
      <TestMethod codeBase="D:\actions-runner\_work\XPCO\XPCO\AllSolutions\..\SC\Components\RemoteViewer\SmartClient\tst\zSmartClient_UnitTest\bin\x64\Debug\net6.0-windows\zSmartClient_UnitTest.dll" adapterTypeName="executor://mstestadapter/v2" className="SmartClient_UnitTest.VideoOS.Shared.ServerAPI.ClientCredentialsTest" name="ServerAuthentication_ShouldReturnLegacyBasic_WhenConstructedUsingSimple" />
    </UnitTest>
    <UnitTest name="IOState_ShouldYieldSameValuesForAllEnumValues_WhenRoundTripConverted (NotAvailable,Unknown)" storage="d:\actions-runner\_work\xpco\xpco\allsolutions\..\sc\components\remoteviewer\smartclient\tst\zsmartclient_unittest\bin\x64\debug\net6.0-windows\zsmartclient_unittest.dll" id="b95925c6-4417-d47a-19a9-e46062ab44bc">
      <TestCategory>
        <TestCategoryItem TestCategory="RecorderProxyToDtoMapping" />
      </TestCategory>
      <Execution id="d40a0ab1-9455-457e-a248-b8c6aa493c67" />
      <TestMethod codeBase="D:\actions-runner\_work\XPCO\XPCO\AllSolutions\..\SC\Components\RemoteViewer\SmartClient\tst\zSmartClient_UnitTest\bin\x64\Debug\net6.0-windows\zSmartClient_UnitTest.dll" adapterTypeName="executor://mstestadapter/v2" className="VideoOS.Shared.ServerAPI.SOAP.RecorderClientMappingTests" name="IOState_ShouldYieldSameValuesForAllEnumValues_WhenRoundTripConverted" />
    </UnitTest>
    <UnitTest name="Deserialize_FilterMissing_Error" storage="d:\actions-runner\_work\xpco\xpco\allsolutions\..\sc\components\remoteviewer\smartclient\tst\zsmartclient_unittest\bin\x64\debug\net6.0-windows\zsmartclient_unittest.dll" id="6f750899-6999-d05b-77b7-f266affebcca">
      <TestCategory>
        <TestCategoryItem TestCategory="SearchSerialization" />
      </TestCategory>
      <Execution id="e3aa5857-a119-4408-8cf9-0a5aa01ccc68" />
      <TestMethod codeBase="D:\actions-runner\_work\XPCO\XPCO\AllSolutions\..\SC\Components\RemoteViewer\SmartClient\tst\zSmartClient_UnitTest\bin\x64\Debug\net6.0-windows\zSmartClient_UnitTest.dll" adapterTypeName="executor://mstestadapter/v2" className="SmartClient_UnitTest.VideoOS.RemoteClient.Plugin.CentralizedSearch.Models.Serialization.SearchSerializerTests" name="Deserialize_FilterMissing_Error" />
    </UnitTest>
    <UnitTest name="ToMipSearchResultData_ShouldReturnCorrectSearchResult" storage="d:\actions-runner\_work\xpco\xpco\allsolutions\..\sc\components\remoteviewer\smartclient\tst\zsmartclient_unittest\bin\x64\debug\net6.0-windows\zsmartclient_unittest.dll" id="1181cb63-0543-4806-6972-5950350789da">
      <TestCategory>
        <TestCategoryItem TestCategory="Search.Wrappers" />
      </TestCategory>
      <Execution id="086b08ca-daf2-45be-9f18-98706c90db44" />
      <TestMethod codeBase="D:\actions-runner\_work\XPCO\XPCO\AllSolutions\..\SC\Components\RemoteViewer\SmartClient\tst\zSmartClient_UnitTest\bin\x64\Debug\net6.0-windows\zSmartClient_UnitTest.dll" adapterTypeName="executor://mstestadapter/v2" className="SmartClient_UnitTest.VideoOS.RemoteClient.Plugin.CentralizedSearch.Models.Wrappers.SearchResultDataWrapperTests" name="ToMipSearchResultData_ShouldReturnCorrectSearchResult" />
    </UnitTest>
    <UnitTest name="CreateGeometry_ThreeCornerBuilding_Success" storage="d:\actions-runner\_work\xpco\xpco\allsolutions\..\sc\components\remoteviewer\smartclient\tst\zsmartclient_unittest\bin\x64\debug\net6.0-windows\zsmartclient_unittest.dll" id="a660afa4-f5aa-b923-9ed9-b3aed02ce38b">
      <TestCategory>
        <TestCategoryItem TestCategory="GisMapIndex" />
      </TestCategory>
      <Execution id="eb7a0556-0849-4cb0-8df6-12f9d967e3ec" />
      <TestMethod codeBase="D:\actions-runner\_work\XPCO\XPCO\AllSolutions\..\SC\Components\RemoteViewer\SmartClient\tst\zSmartClient_UnitTest\bin\x64\Debug\net6.0-windows\zSmartClient_UnitTest.dll" adapterTypeName="executor://mstestadapter/v2" className="SmartClient_UnitTest.VideoOS.RemoteClient.GisMapData.Common.Indexer.IndexUtilTests" name="CreateGeometry_ThreeCornerBuilding_Success" />
    </UnitTest>
    <UnitTest name="Both enabled, forced" storage="d:\actions-runner\_work\xpco\xpco\allsolutions\..\sc\components\remoteviewer\smartclient\tst\zsmartclient_unittest\bin\x64\debug\net6.0-windows\zsmartclient_unittest.dll" id="20d15238-c18d-570b-67ce-21919cbfc0d7">
      <TestCategory>
        <TestCategoryItem TestCategory="Export" />
      </TestCategory>
      <Execution id="a3cbc180-22a5-489e-8821-ba857692fc10" />
      <TestMethod codeBase="D:\actions-runner\_work\XPCO\XPCO\AllSolutions\..\SC\Components\RemoteViewer\SmartClient\tst\zSmartClient_UnitTest\bin\x64\Debug\net6.0-windows\zSmartClient_UnitTest.dll" adapterTypeName="executor://mstestadapter/v2" className="SmartClient_UnitTest.VideoOS.RemoteClient.Plugin.Export.CreateExportDialogViewModelTests" name="CreateExportDialog_ExportDestinationSelectionEnabled_BasedOnOptions" />
    </UnitTest>
    <UnitTest name="DownsizeImageSuccess" storage="d:\actions-runner\_work\xpco\xpco\allsolutions\..\sc\components\remoteviewer\smartclient\tst\zsmartclient_unittest\bin\x64\debug\net6.0-windows\zsmartclient_unittest.dll" id="1b358bc1-458b-910a-26a9-b665d6fb08b0">
      <Execution id="f9c7b60f-8d65-4e26-97e3-04b5ba6d8900" />
      <TestMethod codeBase="D:\actions-runner\_work\XPCO\XPCO\AllSolutions\..\SC\Components\RemoteViewer\SmartClient\tst\zSmartClient_UnitTest\bin\x64\Debug\net6.0-windows\zSmartClient_UnitTest.dll" adapterTypeName="executor://mstestadapter/v2" className="SmartClient_UnitTest.VideoOS.RemoteClient.Application.Data.ContentTypes.ImageContentType.ImageUtilsTests" name="DownsizeImageSuccess" />
    </UnitTest>
    <UnitTest name="TestUpdateState_3Cameras" storage="d:\actions-runner\_work\xpco\xpco\allsolutions\..\sc\components\remoteviewer\smartclient\tst\zsmartclient_unittest\bin\x64\debug\net6.0-windows\zsmartclient_unittest.dll" id="80faadd3-7ee5-fd40-aebd-98e719e96493">
      <TestCategory>
        <TestCategoryItem TestCategory="WorkspaceToolbar" />
      </TestCategory>
      <Execution id="3c048bc3-9589-46a6-81ef-1a669a4a3510" />
      <TestMethod codeBase="D:\actions-runner\_work\XPCO\XPCO\AllSolutions\..\SC\Components\RemoteViewer\SmartClient\tst\zSmartClient_UnitTest\bin\x64\Debug\net6.0-windows\zSmartClient_UnitTest.dll" adapterTypeName="executor://mstestadapter/v2" className="SmartClient_UnitTest.VideoOS.RemoteClient.Application.Data.WorkspaceToolbar.WorkspaceToolbarItemSmartSearchTests" name="TestUpdateState_3Cameras" />
    </UnitTest>
    <UnitTest name="Ctor_CentralizedSearchStateWithSelectedSearchTemplate_ActiveSearchTemplateSet" storage="d:\actions-runner\_work\xpco\xpco\allsolutions\..\sc\components\remoteviewer\smartclient\tst\zsmartclient_unittest\bin\x64\debug\net6.0-windows\zsmartclient_unittest.dll" id="c2dd673d-ca57-2691-c104-7023a833ff11">
      <TestCategory>
        <TestCategoryItem TestCategory="SearchViewModels" />
      </TestCategory>
      <Execution id="abe48159-1e5e-4e18-b859-887edcb52df7" />
      <TestMethod codeBase="D:\actions-runner\_work\XPCO\XPCO\AllSolutions\..\SC\Components\RemoteViewer\SmartClient\tst\zSmartClient_UnitTest\bin\x64\Debug\net6.0-windows\zSmartClient_UnitTest.dll" adapterTypeName="executor://mstestadapter/v2" className="SmartClient_UnitTest.VideoOS.RemoteClient.Plugin.CentralizedSearch.ViewModels.SearchViewModelTests" name="Ctor_CentralizedSearchStateWithSelectedSearchTemplate_ActiveSearchTemplateSet" />
    </UnitTest>
    <UnitTest name="BoundingBoxRefresh" storage="d:\actions-runner\_work\xpco\xpco\allsolutions\..\sc\components\remoteviewer\smartclient\tst\zsmartclient_unittest\bin\x64\debug\net6.0-windows\zsmartclient_unittest.dll" id="45bd735f-7812-dc55-613d-6b72234baad1">
      <Execution id="853170b1-605c-4ce9-81f8-6ad3f645cc16" />
      <TestMethod codeBase="D:\actions-runner\_work\XPCO\XPCO\AllSolutions\..\SC\Components\RemoteViewer\SmartClient\tst\zSmartClient_UnitTest\bin\x64\Debug\net6.0-windows\zSmartClient_UnitTest.dll" adapterTypeName="executor://mstestadapter/v2" className="SmartClient_UnitTest.VideoOS.RemoteClient.Application.Data.Metadata.BoundingBoxes.BoundingBoxProviderTest" name="BoundingBoxRefresh" />
    </UnitTest>
    <UnitTest name="Constructor_ShouldRaiseArgumentException_WhenEventServerIdsAreRepeated" storage="d:\actions-runner\_work\xpco\xpco\allsolutions\..\sc\components\remoteviewer\smartclient\tst\zsmartclient_unittest\bin\x64\debug\net6.0-windows\zsmartclient_unittest.dll" id="48a343bd-9a05-413c-06ca-9a257f76938b">
      <TestCategory>
        <TestCategoryItem TestCategory="AccessControl.Services" />
      </TestCategory>
      <Execution id="3d74fab9-c812-4480-a940-6d9278b4718c" />
      <TestMethod codeBase="D:\actions-runner\_work\XPCO\XPCO\AllSolutions\..\SC\Components\RemoteViewer\SmartClient\tst\zSmartClient_UnitTest\bin\x64\Debug\net6.0-windows\zSmartClient_UnitTest.dll" adapterTypeName="executor://mstestadapter/v2" className="SmartClient_UnitTest.VideoOS.RemoteClient.AccessControl.Services.AccessControlGuidProviderTests" name="Constructor_ShouldRaiseArgumentException_WhenEventServerIdsAreRepeated" />
    </UnitTest>
    <UnitTest name="ResolveBaseResultProperties_ShouldReturnASingleTriggerTime_WhenASingleSearchResultIsGiven" storage="d:\actions-runner\_work\xpco\xpco\allsolutions\..\sc\components\remoteviewer\smartclient\tst\zsmartclient_unittest\bin\x64\debug\net6.0-windows\zsmartclient_unittest.dll" id="00f3f438-e702-19f0-4f30-bd3e4320eea7">
      <TestCategory>
        <TestCategoryItem TestCategory="Search" />
      </TestCategory>
      <Execution id="6435013a-7213-49a5-afe0-d48202083053" />
      <TestMethod codeBase="D:\actions-runner\_work\XPCO\XPCO\AllSolutions\..\SC\Components\RemoteViewer\SmartClient\tst\zSmartClient_UnitTest\bin\x64\Debug\net6.0-windows\zSmartClient_UnitTest.dll" adapterTypeName="executor://mstestadapter/v2" className="SmartClient_UnitTest.VideoOS.RemoteClient.Plugin.CentralizedSearch.Utils.SearchResultDataWrapperExtensionsTests" name="ResolveBaseResultProperties_ShouldReturnASingleTriggerTime_WhenASingleSearchResultIsGiven" />
    </UnitTest>
    <UnitTest name="BoundingBoxClear" storage="d:\actions-runner\_work\xpco\xpco\allsolutions\..\sc\components\remoteviewer\smartclient\tst\zsmartclient_unittest\bin\x64\debug\net6.0-windows\zsmartclient_unittest.dll" id="9a20c48e-d269-b782-9e2c-26946688cee6">
      <Execution id="1adefe13-ef1c-4ccb-85aa-70d9de527348" />
      <TestMethod codeBase="D:\actions-runner\_work\XPCO\XPCO\AllSolutions\..\SC\Components\RemoteViewer\SmartClient\tst\zSmartClient_UnitTest\bin\x64\Debug\net6.0-windows\zSmartClient_UnitTest.dll" adapterTypeName="executor://mstestadapter/v2" className="SmartClient_UnitTest.VideoOS.RemoteClient.Application.Data.Metadata.BoundingBoxes.BoundingBoxProviderTest" name="BoundingBoxClear" />
    </UnitTest>
    <UnitTest name="OnUnloaded_NoResultControl_DoesNotCrash" storage="d:\actions-runner\_work\xpco\xpco\allsolutions\..\sc\components\remoteviewer\smartclient\tst\zsmartclient_unittest\bin\x64\debug\net6.0-windows\zsmartclient_unittest.dll" id="2b48bd6d-d40f-68da-88e6-66c25aa42362">
      <TestCategory>
        <TestCategoryItem TestCategory="Search" />
      </TestCategory>
      <Execution id="0c465b2b-20fc-4679-9385-85ae5d70f74b" />
      <TestMethod codeBase="D:\actions-runner\_work\XPCO\XPCO\AllSolutions\..\SC\Components\RemoteViewer\SmartClient\tst\zSmartClient_UnitTest\bin\x64\Debug\net6.0-windows\zSmartClient_UnitTest.dll" adapterTypeName="executor://mstestadapter/v2" className="SmartClient_UnitTest.VideoOS.RemoteClient.Plugin.CentralizedSearch.Views.SearchResultContainerViewTests" name="OnUnloaded_NoResultControl_DoesNotCrash" />
    </UnitTest>
    <UnitTest name="IsReCenterButtonVisible_MappedToViewModel_Success" storage="d:\actions-runner\_work\xpco\xpco\allsolutions\..\sc\components\remoteviewer\smartclient\tst\zsmartclient_unittest\bin\x64\debug\net6.0-windows\zsmartclient_unittest.dll" id="145e0ff6-94b3-8f9e-a3e6-3b43ce77eb33">
      <TestCategory>
        <TestCategoryItem TestCategory="GisMap.GisMapViewFacade" />
      </TestCategory>
      <Execution id="538236a8-78ec-428e-9ae6-f2c6ad9b0571" />
      <TestMethod codeBase="D:\actions-runner\_work\XPCO\XPCO\AllSolutions\..\SC\Components\RemoteViewer\SmartClient\tst\zSmartClient_UnitTest\bin\x64\Debug\net6.0-windows\zSmartClient_UnitTest.dll" adapterTypeName="executor://mstestadapter/v2" className="SmartClient_UnitTest.VideoOS.RemoteClient.Plugin.GisMap.IoC.GisMapViewFacadeTests" name="IsReCenterButtonVisible_MappedToViewModel_Success" />
    </UnitTest>
    <UnitTest name="ToDenormalizedFieldOfView_0_0" storage="d:\actions-runner\_work\xpco\xpco\allsolutions\..\sc\components\remoteviewer\smartclient\tst\zsmartclient_unittest\bin\x64\debug\net6.0-windows\zsmartclient_unittest.dll" id="0df0cb69-797b-9ae4-83ed-e8c0cce4f5b0">
      <TestCategory>
        <TestCategoryItem TestCategory="GisMap" />
      </TestCategory>
      <Execution id="7c6952e5-9966-4dd2-b876-7679ad7c9e91" />
      <TestMethod codeBase="D:\actions-runner\_work\XPCO\XPCO\AllSolutions\..\SC\Components\RemoteViewer\SmartClient\tst\zSmartClient_UnitTest\bin\x64\Debug\net6.0-windows\zSmartClient_UnitTest.dll" adapterTypeName="executor://mstestadapter/v2" className="SmartClient_UnitTest.VideoOS.RemoteClient.GisMap.Utilities.GisUtilityTests" name="ToDenormalizedFieldOfView_0_0" />
    </UnitTest>
    <UnitTest name="HideNotificationMessage_SetsIsNotificationMessageShownToFalse_WhenCalled" storage="d:\actions-runner\_work\xpco\xpco\allsolutions\..\sc\components\remoteviewer\smartclient\tst\zsmartclient_unittest\bin\x64\debug\net6.0-windows\zsmartclient_unittest.dll" id="3def0511-4e40-2e00-f9b9-6bb18ace3fe8">
      <TestCategory>
        <TestCategoryItem TestCategory="GisMapContentHolderTests" />
      </TestCategory>
      <Execution id="ea79c2c4-4834-4824-a0e5-aea13131ab3f" />
      <TestMethod codeBase="D:\actions-runner\_work\XPCO\XPCO\AllSolutions\..\SC\Components\RemoteViewer\SmartClient\tst\zSmartClient_UnitTest\bin\x64\Debug\net6.0-windows\zSmartClient_UnitTest.dll" adapterTypeName="executor://mstestadapter/v2" className="SmartClient_UnitTest.VideoOS.RemoteClient.Plugin.GisMap.ContentHolderTests" name="HideNotificationMessage_SetsIsNotificationMessageShownToFalse_WhenCalled" />
    </UnitTest>
    <UnitTest name="Convert_InvalidFirstArgument_Collapsed" storage="d:\actions-runner\_work\xpco\xpco\allsolutions\..\sc\components\remoteviewer\smartclient\tst\zsmartclient_unittest\bin\x64\debug\net6.0-windows\zsmartclient_unittest.dll" id="65ba2efa-0759-8a99-b7e3-1a551182172b">
      <TestCategory>
        <TestCategoryItem TestCategory="SearchConverter" />
      </TestCategory>
      <Execution id="e40ab9a7-da5a-4898-8fe8-d86a0a91dbc8" />
      <TestMethod codeBase="D:\actions-runner\_work\XPCO\XPCO\AllSolutions\..\SC\Components\RemoteViewer\SmartClient\tst\zSmartClient_UnitTest\bin\x64\Debug\net6.0-windows\zSmartClient_UnitTest.dll" adapterTypeName="executor://mstestadapter/v2" className="SmartClient_UnitTest.VideoOS.RemoteClient.Plugin.CentralizedSearch.Views.Converters.NoCriteriaSelectedGridVisibilityConverterTests" name="Convert_InvalidFirstArgument_Collapsed" />
    </UnitTest>
    <UnitTest name="ValueWithFallbackConverterTests_Convert_OneValue_Success" storage="d:\actions-runner\_work\xpco\xpco\allsolutions\..\sc\components\remoteviewer\smartclient\tst\zsmartclient_unittest\bin\x64\debug\net6.0-windows\zsmartclient_unittest.dll" id="9f2d8267-74f7-ee47-e40a-a9214d8b0149">
      <TestCategory>
        <TestCategoryItem TestCategory="SearchConverter" />
      </TestCategory>
      <Execution id="10633bdf-cdea-4a7a-943f-a16cfda9026a" />
      <TestMethod codeBase="D:\actions-runner\_work\XPCO\XPCO\AllSolutions\..\SC\Components\RemoteViewer\SmartClient\tst\zSmartClient_UnitTest\bin\x64\Debug\net6.0-windows\zSmartClient_UnitTest.dll" adapterTypeName="executor://mstestadapter/v2" className="SmartClient_UnitTest.VideoOS.RemoteClient.Plugin.CentralizedSearch.Views.Converters.ValueWithFallbackConverterTests" name="ValueWithFallbackConverterTests_Convert_OneValue_Success" />
    </UnitTest>
    <UnitTest name="SearchResultsActionBarActions_CreateSnapshot_InvokeCommand_SingleSnapshotSucceeded_CorrectStatusTextShown" storage="d:\actions-runner\_work\xpco\xpco\allsolutions\..\sc\components\remoteviewer\smartclient\tst\zsmartclient_unittest\bin\x64\debug\net6.0-windows\zsmartclient_unittest.dll" id="c92b65c5-6961-9b98-a1f9-2c2587ff0054">
      <TestCategory>
        <TestCategoryItem TestCategory="SearchResultActionBarViewModel" />
      </TestCategory>
      <Execution id="8f7dcf28-76f4-4b99-b2aa-0ce86d7e6533" />
      <TestMethod codeBase="D:\actions-runner\_work\XPCO\XPCO\AllSolutions\..\SC\Components\RemoteViewer\SmartClient\tst\zSmartClient_UnitTest\bin\x64\Debug\net6.0-windows\zSmartClient_UnitTest.dll" adapterTypeName="executor://mstestadapter/v2" className="SmartClient_UnitTest.VideoOS.RemoteClient.Plugin.CentralizedSearch.ViewModels.SearchResultsActionBarViewModelTest" name="SearchResultsActionBarActions_CreateSnapshot_InvokeCommand_SingleSnapshotSucceeded_CorrectStatusTextShown" />
    </UnitTest>
    <UnitTest name="UpdateMarkers_OnResize_Success" storage="d:\actions-runner\_work\xpco\xpco\allsolutions\..\sc\components\remoteviewer\smartclient\tst\zsmartclient_unittest\bin\x64\debug\net6.0-windows\zsmartclient_unittest.dll" id="0d8d7f88-cdb1-c8e3-59a9-3cff81206fb2">
      <TestCategory>
        <TestCategoryItem TestCategory="SearchControls" />
      </TestCategory>
      <Execution id="5be82829-279f-4d78-8ddb-a47fe430133a" />
      <TestMethod codeBase="D:\actions-runner\_work\XPCO\XPCO\AllSolutions\..\SC\Components\RemoteViewer\SmartClient\tst\zSmartClient_UnitTest\bin\x64\Debug\net6.0-windows\zSmartClient_UnitTest.dll" adapterTypeName="executor://mstestadapter/v2" className="SmartClient_UnitTest.VideoOS.RemoteClient.Plugin.CentralizedSearch.Views.Controls.TimelineRuler.TimelineRulerControlTests" name="UpdateMarkers_OnResize_Success" />
    </UnitTest>
    <UnitTest name="PtzSessionController_Stop_Test" storage="d:\actions-runner\_work\xpco\xpco\allsolutions\..\sc\components\remoteviewer\smartclient\tst\zsmartclient_unittest\bin\x64\debug\net6.0-windows\zsmartclient_unittest.dll" id="e0e4a25c-da24-71c2-6a4d-30260f82e840">
      <Execution id="9c7dc312-c610-4c63-9e90-3cb220cedc4e" />
      <TestMethod codeBase="D:\actions-runner\_work\XPCO\XPCO\AllSolutions\..\SC\Components\RemoteViewer\SmartClient\tst\zSmartClient_UnitTest\bin\x64\Debug\net6.0-windows\zSmartClient_UnitTest.dll" adapterTypeName="executor://mstestadapter/v2" className="VideoOS.RemoteClient.Application.Controllers.UnitTest.PtzSessionControllerTest" name="PtzSessionController_Stop_Test" />
    </UnitTest>
    <UnitTest name="SearchResultsActionBarActions_ActionResultModified_Success" storage="d:\actions-runner\_work\xpco\xpco\allsolutions\..\sc\components\remoteviewer\smartclient\tst\zsmartclient_unittest\bin\x64\debug\net6.0-windows\zsmartclient_unittest.dll" id="ac29b4b5-8534-78d0-60ee-ce2fc38c2fe4">
      <TestCategory>
        <TestCategoryItem TestCategory="SearchResultActionBarViewModel" />
      </TestCategory>
      <Execution id="37e79e53-46e8-4240-8f56-c851d2f29da9" />
      <TestMethod codeBase="D:\actions-runner\_work\XPCO\XPCO\AllSolutions\..\SC\Components\RemoteViewer\SmartClient\tst\zSmartClient_UnitTest\bin\x64\Debug\net6.0-windows\zSmartClient_UnitTest.dll" adapterTypeName="executor://mstestadapter/v2" className="SmartClient_UnitTest.VideoOS.RemoteClient.Plugin.CentralizedSearch.ViewModels.SearchResultsActionBarViewModelTest" name="SearchResultsActionBarActions_ActionResultModified_Success" />
    </UnitTest>
    <UnitTest name="SupportsRightClick_ShouldBeFalse_WhenInteractionStateIsNotNormal" storage="d:\actions-runner\_work\xpco\xpco\allsolutions\..\sc\components\remoteviewer\smartclient\tst\zsmartclient_unittest\bin\x64\debug\net6.0-windows\zsmartclient_unittest.dll" id="bab1654e-c8b6-f4c1-eb14-25680f0e8712">
      <TestCategory>
        <TestCategoryItem TestCategory="GisMap.OutputMarkerTest" />
      </TestCategory>
      <Execution id="f4abd4c2-86ad-4bba-8b70-837c1c497b9c" />
      <TestMethod codeBase="D:\actions-runner\_work\XPCO\XPCO\AllSolutions\..\SC\Components\RemoteViewer\SmartClient\tst\zSmartClient_UnitTest\bin\x64\Debug\net6.0-windows\zSmartClient_UnitTest.dll" adapterTypeName="executor://mstestadapter/v2" className="SmartClient_UnitTest.VideoOS.RemoteClient.Plugin.GisMap.ThinkGeoMap.Markers.DeviceMarkers.OutputMarker.OutputMarkerTests" name="SupportsRightClick_ShouldBeFalse_WhenInteractionStateIsNotNormal" />
    </UnitTest>
    <UnitTest name="ActiveIncomingMicrophones_ShouldHave_NoMicrophonesWhenMicrophoneIsMuted" storage="d:\actions-runner\_work\xpco\xpco\allsolutions\..\sc\components\remoteviewer\smartclient\tst\zsmartclient_unittest\bin\x64\debug\net6.0-windows\zsmartclient_unittest.dll" id="3d676a9f-bbcb-bc89-c504-7e67ca06500e">
      <TestCategory>
        <TestCategoryItem TestCategory="GisMapAudioController" />
      </TestCategory>
      <Execution id="338fd020-7cd2-4459-8153-5791e22924fb" />
      <TestMethod codeBase="D:\actions-runner\_work\XPCO\XPCO\AllSolutions\..\SC\Components\RemoteViewer\SmartClient\tst\zSmartClient_UnitTest\bin\x64\Debug\net6.0-windows\zSmartClient_UnitTest.dll" adapterTypeName="executor://mstestadapter/v2" className="SmartClient_UnitTest.VideoOS.RemoteClient.GisMapData.GisMapAudioControllerTests" name="ActiveIncomingMicrophones_ShouldHave_NoMicrophonesWhenMicrophoneIsMuted" />
    </UnitTest>
    <UnitTest name="GetDuration_LessThanOneMinute_Success" storage="d:\actions-runner\_work\xpco\xpco\allsolutions\..\sc\components\remoteviewer\smartclient\tst\zsmartclient_unittest\bin\x64\debug\net6.0-windows\zsmartclient_unittest.dll" id="0fb4b7bb-e522-c3cc-c43e-c8a8d68a12cc">
      <TestCategory>
        <TestCategoryItem TestCategory="Search" />
      </TestCategory>
      <Execution id="590a59fd-9061-43bb-8d3f-a2ec2f3629a9" />
      <TestMethod codeBase="D:\actions-runner\_work\XPCO\XPCO\AllSolutions\..\SC\Components\RemoteViewer\SmartClient\tst\zSmartClient_UnitTest\bin\x64\Debug\net6.0-windows\zSmartClient_UnitTest.dll" adapterTypeName="executor://mstestadapter/v2" className="SmartClient_UnitTest.VideoOS.RemoteClient.Plugin.CentralizedSearch.ViewModels.Data.TimeScopeTests" name="GetDuration_LessThanOneMinute_Success" />
    </UnitTest>
    <UnitTest name="UpdateStartupLocationInModel_NoUpdate_Success" storage="d:\actions-runner\_work\xpco\xpco\allsolutions\..\sc\components\remoteviewer\smartclient\tst\zsmartclient_unittest\bin\x64\debug\net6.0-windows\zsmartclient_unittest.dll" id="138f94fd-09a3-ac1a-466f-d3cf0cc3562a">
      <TestCategory>
        <TestCategoryItem TestCategory="GisMapContentHolderTests" />
      </TestCategory>
      <Execution id="5da2747f-a656-413e-9459-489df02a0ab8" />
      <TestMethod codeBase="D:\actions-runner\_work\XPCO\XPCO\AllSolutions\..\SC\Components\RemoteViewer\SmartClient\tst\zSmartClient_UnitTest\bin\x64\Debug\net6.0-windows\zSmartClient_UnitTest.dll" adapterTypeName="executor://mstestadapter/v2" className="SmartClient_UnitTest.VideoOS.RemoteClient.Plugin.GisMap.ContentHolderTests" name="UpdateStartupLocationInModel_NoUpdate_Success" />
    </UnitTest>
    <UnitTest name="TrySelectAvailableExportNameTest_ShouldNotDoInfiniteLoop_WhenValidateExportPathIsNotOk" storage="d:\actions-runner\_work\xpco\xpco\allsolutions\..\sc\components\remoteviewer\smartclient\tst\zsmartclient_unittest\bin\x64\debug\net6.0-windows\zsmartclient_unittest.dll" id="62a83c18-891b-449e-7f90-a5e43688fbf0">
      <Execution id="e7b0a7d9-0825-4dfd-84cc-65971bf017af" />
      <TestMethod codeBase="D:\actions-runner\_work\XPCO\XPCO\AllSolutions\..\SC\Components\RemoteViewer\SmartClient\tst\zSmartClient_UnitTest\bin\x64\Debug\net6.0-windows\zSmartClient_UnitTest.dll" adapterTypeName="executor://mstestadapter/v2" className="SmartClient_UnitTest.VideoOS.RemoteClient.Application.Data.Export.ExportDataHelperTests" name="TrySelectAvailableExportNameTest_ShouldNotDoInfiniteLoop_WhenValidateExportPathIsNotOk" />
    </UnitTest>
    <UnitTest name="ParseFromName_SecondPartNotZero_MinutesRoundedUp" storage="d:\actions-runner\_work\xpco\xpco\allsolutions\..\sc\components\remoteviewer\smartclient\tst\zsmartclient_unittest\bin\x64\debug\net6.0-windows\zsmartclient_unittest.dll" id="41d4421e-5dd5-6cec-027d-d4227fb48184">
      <TestCategory>
        <TestCategoryItem TestCategory="Search" />
      </TestCategory>
      <Execution id="2e86ca28-0f3a-469c-821d-976e464bddb4" />
      <TestMethod codeBase="D:\actions-runner\_work\XPCO\XPCO\AllSolutions\..\SC\Components\RemoteViewer\SmartClient\tst\zSmartClient_UnitTest\bin\x64\Debug\net6.0-windows\zSmartClient_UnitTest.dll" adapterTypeName="executor://mstestadapter/v2" className="SmartClient_UnitTest.VideoOS.RemoteClient.Plugin.CentralizedSearch.ViewModels.Data.TimeScopeTests" name="ParseFromName_SecondPartNotZero_MinutesRoundedUp" />
    </UnitTest>
    <UnitTest name="ToDenormalizedDirection_Minus0_25" storage="d:\actions-runner\_work\xpco\xpco\allsolutions\..\sc\components\remoteviewer\smartclient\tst\zsmartclient_unittest\bin\x64\debug\net6.0-windows\zsmartclient_unittest.dll" id="fc2cbc5b-c2b1-3d19-f684-8de533e0344a">
      <TestCategory>
        <TestCategoryItem TestCategory="GisMap" />
      </TestCategory>
      <Execution id="5715c1ad-59fb-4bdf-bc92-c9b235208482" />
      <TestMethod codeBase="D:\actions-runner\_work\XPCO\XPCO\AllSolutions\..\SC\Components\RemoteViewer\SmartClient\tst\zSmartClient_UnitTest\bin\x64\Debug\net6.0-windows\zSmartClient_UnitTest.dll" adapterTypeName="executor://mstestadapter/v2" className="SmartClient_UnitTest.VideoOS.RemoteClient.GisMap.Utilities.GisUtilityTests" name="ToDenormalizedDirection_Minus0_25" />
    </UnitTest>
    <UnitTest name="MaxRegionsAllowed_ShouldBeIntMaxValue_WhenProvidedMaxIsNegative" storage="d:\actions-runner\_work\xpco\xpco\allsolutions\..\sc\components\remoteviewer\smartclient\tst\zsmartclient_unittest\bin\x64\debug\net6.0-windows\zsmartclient_unittest.dll" id="ee325437-e5fe-a792-f60f-ba53523f3b7b">
      <TestCategory>
        <TestCategoryItem TestCategory="Search.Filters.ViewModels" />
      </TestCategory>
      <Execution id="5d807208-ac89-4f17-92fc-c69f9222aa93" />
      <TestMethod codeBase="D:\actions-runner\_work\XPCO\XPCO\AllSolutions\..\SC\Components\RemoteViewer\SmartClient\tst\zSmartClient_UnitTest\bin\x64\Debug\net6.0-windows\zSmartClient_UnitTest.dll" adapterTypeName="executor://mstestadapter/v2" className="SmartClient_UnitTest.VideoOS.RemoteClient.Plugin.CentralizedSearch.MIPPlugin.Criteria.ViewModels.RegionSelectionCameraListItemHelperTests" name="MaxRegionsAllowed_ShouldBeIntMaxValue_WhenProvidedMaxIsNegative" />
    </UnitTest>
    <UnitTest name="SearchCriteriaChanged_ActiveSearchResults_SearchRestartedAndResultsCleared" storage="d:\actions-runner\_work\xpco\xpco\allsolutions\..\sc\components\remoteviewer\smartclient\tst\zsmartclient_unittest\bin\x64\debug\net6.0-windows\zsmartclient_unittest.dll" id="2618920c-aa56-2790-77ca-5dcd9d1e0fd1">
      <TestCategory>
        <TestCategoryItem TestCategory="SearchModels" />
      </TestCategory>
      <Execution id="3f272be3-f5c6-480e-b23a-38b7f0cf9d7e" />
      <TestMethod codeBase="D:\actions-runner\_work\XPCO\XPCO\AllSolutions\..\SC\Components\RemoteViewer\SmartClient\tst\zSmartClient_UnitTest\bin\x64\Debug\net6.0-windows\zSmartClient_UnitTest.dll" adapterTypeName="executor://mstestadapter/v2" className="SmartClient_UnitTest.VideoOS.RemoteClient.Plugin.CentralizedSearch.Models.SearchModelTests" name="SearchCriteriaChanged_ActiveSearchResults_SearchRestartedAndResultsCleared" />
    </UnitTest>
    <UnitTest name="ActionBarPluginsEnabled_TwoPluginsOneThirdPartyAndOneNot_ThirdPartyPrioritizedLowerThanNonThirdParty" storage="d:\actions-runner\_work\xpco\xpco\allsolutions\..\sc\components\remoteviewer\smartclient\tst\zsmartclient_unittest\bin\x64\debug\net6.0-windows\zsmartclient_unittest.dll" id="b2f0581d-5dcb-6a8a-df35-b5108915cfe4">
      <TestCategory>
        <TestCategoryItem TestCategory="SearchViews" />
      </TestCategory>
      <Execution id="5503c26a-c0fe-4d79-aa8f-61650979e96f" />
      <TestMethod codeBase="D:\actions-runner\_work\XPCO\XPCO\AllSolutions\..\SC\Components\RemoteViewer\SmartClient\tst\zSmartClient_UnitTest\bin\x64\Debug\net6.0-windows\zSmartClient_UnitTest.dll" adapterTypeName="executor://mstestadapter/v2" className="SmartClient_UnitTest.VideoOS.RemoteClient.Plugin.CentralizedSearch.Views.SearchResultActionBarViewTests" name="ActionBarPluginsEnabled_TwoPluginsOneThirdPartyAndOneNot_ThirdPartyPrioritizedLowerThanNonThirdParty" />
    </UnitTest>
    <UnitTest name="SearchResultDetailsView_MouseDoubleClick_AnimationDisabled_DetailsViewRemovedFromDetailsViewControl" storage="d:\actions-runner\_work\xpco\xpco\allsolutions\..\sc\components\remoteviewer\smartclient\tst\zsmartclient_unittest\bin\x64\debug\net6.0-windows\zsmartclient_unittest.dll" id="b39b8640-a4cc-96cc-891a-64310b2030c3">
      <TestCategory>
        <TestCategoryItem TestCategory="SearchViews" />
      </TestCategory>
      <Execution id="6e7cd69b-3f4c-4f69-be67-468977ca1854" />
      <TestMethod codeBase="D:\actions-runner\_work\XPCO\XPCO\AllSolutions\..\SC\Components\RemoteViewer\SmartClient\tst\zSmartClient_UnitTest\bin\x64\Debug\net6.0-windows\zSmartClient_UnitTest.dll" adapterTypeName="executor://mstestadapter/v2" className="SmartClient_UnitTest.VideoOS.RemoteClient.Plugin.CentralizedSearch.Views.SearchResultsViewTests" name="SearchResultDetailsView_MouseDoubleClick_AnimationDisabled_DetailsViewRemovedFromDetailsViewControl" />
    </UnitTest>
    <UnitTest name="Search_SingleCategory_SearchCallDelegatedToSearchManager" storage="d:\actions-runner\_work\xpco\xpco\allsolutions\..\sc\components\remoteviewer\smartclient\tst\zsmartclient_unittest\bin\x64\debug\net6.0-windows\zsmartclient_unittest.dll" id="20cd3c5b-85a9-064a-ae50-0db9b4c55966">
      <TestCategory>
        <TestCategoryItem TestCategory="Search" />
      </TestCategory>
      <Execution id="4f621e11-ed1c-48e5-a924-efbe397aaac2" />
      <TestMethod codeBase="D:\actions-runner\_work\XPCO\XPCO\AllSolutions\..\SC\Components\RemoteViewer\SmartClient\tst\zSmartClient_UnitTest\bin\x64\Debug\net6.0-windows\zSmartClient_UnitTest.dll" adapterTypeName="executor://mstestadapter/v2" className="SmartClient_UnitTest.VideoOS.RemoteClient.Plugin.CentralizedSearch.MIPPlugin.CompositeSearchDefinitionTests" name="Search_SingleCategory_SearchCallDelegatedToSearchManager" />
    </UnitTest>
    <UnitTest name="GetCredential_ShouldReturnContainedBasicCredentials_WhenUriAndAuthTypeAreNotNull" storage="d:\actions-runner\_work\xpco\xpco\allsolutions\..\sc\components\remoteviewer\smartclient\tst\zsmartclient_unittest\bin\x64\debug\net6.0-windows\zsmartclient_unittest.dll" id="63e96068-9f53-27fa-ddcd-94b9c2880dd5">
      <TestCategory>
        <TestCategoryItem TestCategory="Authentication.ClientCredentials" />
      </TestCategory>
      <Execution id="f4d2a33a-18ef-4af4-977a-b9d7f2d11abd" />
      <TestMethod codeBase="D:\actions-runner\_work\XPCO\XPCO\AllSolutions\..\SC\Components\RemoteViewer\SmartClient\tst\zSmartClient_UnitTest\bin\x64\Debug\net6.0-windows\zSmartClient_UnitTest.dll" adapterTypeName="executor://mstestadapter/v2" className="SmartClient_UnitTest.VideoOS.Shared.ServerAPI.ClientCredentialsTest" name="GetCredential_ShouldReturnContainedBasicCredentials_WhenUriAndAuthTypeAreNotNull" />
    </UnitTest>
    <UnitTest name="BuildState_SelectionWithSearchDefinitionIndices_Success" storage="d:\actions-runner\_work\xpco\xpco\allsolutions\..\sc\components\remoteviewer\smartclient\tst\zsmartclient_unittest\bin\x64\debug\net6.0-windows\zsmartclient_unittest.dll" id="086df0e0-5aad-7a70-c738-24f763045ce7">
      <TestCategory>
        <TestCategoryItem TestCategory="Search" />
      </TestCategory>
      <Execution id="aedf8e71-f15d-493e-8f48-e02ffc0d4eac" />
      <TestMethod codeBase="D:\actions-runner\_work\XPCO\XPCO\AllSolutions\..\SC\Components\RemoteViewer\SmartClient\tst\zSmartClient_UnitTest\bin\x64\Debug\net6.0-windows\zSmartClient_UnitTest.dll" adapterTypeName="executor://mstestadapter/v2" className="SmartClient_UnitTest.VideoOS.RemoteClient.Plugin.CentralizedSearch.CentralizedSearchContentHolderTests" name="BuildState_SelectionWithSearchDefinitionIndices_Success" />
    </UnitTest>
    <UnitTest name="CreateCameraListItem_ShouldAddRegionSelectionToFilterValue_WhenNotAlreadyPresent" storage="d:\actions-runner\_work\xpco\xpco\allsolutions\..\sc\components\remoteviewer\smartclient\tst\zsmartclient_unittest\bin\x64\debug\net6.0-windows\zsmartclient_unittest.dll" id="a7073313-f063-a674-8d00-3ff21318e1ce">
      <TestCategory>
        <TestCategoryItem TestCategory="Search.Filters.ViewModels" />
      </TestCategory>
      <Execution id="e77df0cd-6e84-40cb-9e21-668233e5db4f" />
      <TestMethod codeBase="D:\actions-runner\_work\XPCO\XPCO\AllSolutions\..\SC\Components\RemoteViewer\SmartClient\tst\zSmartClient_UnitTest\bin\x64\Debug\net6.0-windows\zSmartClient_UnitTest.dll" adapterTypeName="executor://mstestadapter/v2" className="SmartClient_UnitTest.VideoOS.RemoteClient.Plugin.CentralizedSearch.MIPPlugin.Criteria.ViewModels.SmartSearchCameraListItemHelperTests" name="CreateCameraListItem_ShouldAddRegionSelectionToFilterValue_WhenNotAlreadyPresent" />
    </UnitTest>
    <UnitTest name="ValueWithFallbackConverterTests_Convert_FirstValueNotNull_SecondValueNotNull_Success" storage="d:\actions-runner\_work\xpco\xpco\allsolutions\..\sc\components\remoteviewer\smartclient\tst\zsmartclient_unittest\bin\x64\debug\net6.0-windows\zsmartclient_unittest.dll" id="e56a4d58-0ff2-e6be-cab4-b17c9aa01d74">
      <TestCategory>
        <TestCategoryItem TestCategory="SearchConverter" />
      </TestCategory>
      <Execution id="10ddd53f-bb59-4e8f-a9c9-622d1583b9b0" />
      <TestMethod codeBase="D:\actions-runner\_work\XPCO\XPCO\AllSolutions\..\SC\Components\RemoteViewer\SmartClient\tst\zSmartClient_UnitTest\bin\x64\Debug\net6.0-windows\zSmartClient_UnitTest.dll" adapterTypeName="executor://mstestadapter/v2" className="SmartClient_UnitTest.VideoOS.RemoteClient.Plugin.CentralizedSearch.Views.Converters.ValueWithFallbackConverterTests" name="ValueWithFallbackConverterTests_Convert_FirstValueNotNull_SecondValueNotNull_Success" />
    </UnitTest>
    <UnitTest name="Included_ShouldRemoveViewItemFromIncludedViewItems_WhenSetToFalse" storage="d:\actions-runner\_work\xpco\xpco\allsolutions\..\sc\components\remoteviewer\smartclient\tst\zsmartclient_unittest\bin\x64\debug\net6.0-windows\zsmartclient_unittest.dll" id="59d09cb9-f05a-ad0a-27b2-ae8fd67c3518">
      <TestCategory>
        <TestCategoryItem TestCategory="ContentHolder" />
      </TestCategory>
      <Execution id="8f6bff55-2983-43d1-b938-f53ce272ce04" />
      <TestMethod codeBase="D:\actions-runner\_work\XPCO\XPCO\AllSolutions\..\SC\Components\RemoteViewer\SmartClient\tst\zSmartClient_UnitTest\bin\x64\Debug\net6.0-windows\zSmartClient_UnitTest.dll" adapterTypeName="executor://mstestadapter/v2" className="SmartClient_UnitTest.VideoOS.RemoteClient.Application.Data.ContentTypes.ContentTypeBase.ContentHolderBaseTests" name="Included_ShouldRemoveViewItemFromIncludedViewItems_WhenSetToFalse" />
    </UnitTest>
    <UnitTest name="GetIndexExtent_ZoomMin_WholeWorldIsCovered" storage="d:\actions-runner\_work\xpco\xpco\allsolutions\..\sc\components\remoteviewer\smartclient\tst\zsmartclient_unittest\bin\x64\debug\net6.0-windows\zsmartclient_unittest.dll" id="788a6834-d7c6-3652-9af3-0c73bb9d6301">
      <TestCategory>
        <TestCategoryItem TestCategory="GisMapIndex" />
      </TestCategory>
      <Execution id="2af63598-af4c-4e26-84c9-b6ac9be0b1e2" />
      <TestMethod codeBase="D:\actions-runner\_work\XPCO\XPCO\AllSolutions\..\SC\Components\RemoteViewer\SmartClient\tst\zSmartClient_UnitTest\bin\x64\Debug\net6.0-windows\zSmartClient_UnitTest.dll" adapterTypeName="executor://mstestadapter/v2" className="SmartClient_UnitTest.VideoOS.RemoteClient.GisMapData.Common.Indexer.IndexUtilTests" name="GetIndexExtent_ZoomMin_WholeWorldIsCovered" />
    </UnitTest>
    <UnitTest name="TestConstructor_Success" storage="d:\actions-runner\_work\xpco\xpco\allsolutions\..\sc\components\remoteviewer\smartclient\tst\zsmartclient_unittest\bin\x64\debug\net6.0-windows\zsmartclient_unittest.dll" id="51eb78b3-47f8-22f8-16bb-8f1455db269f">
      <TestCategory>
        <TestCategoryItem TestCategory="GisMapBuilding" />
      </TestCategory>
      <Execution id="09099b1d-ca6e-4a1d-98aa-fd14e8641bdb" />
      <TestMethod codeBase="D:\actions-runner\_work\XPCO\XPCO\AllSolutions\..\SC\Components\RemoteViewer\SmartClient\tst\zSmartClient_UnitTest\bin\x64\Debug\net6.0-windows\zSmartClient_UnitTest.dll" adapterTypeName="executor://mstestadapter/v2" className="SmartClient_UnitTest.VideoOS.RemoteClient.GisMapData.MapBuildings.MapLevelTests" name="TestConstructor_Success" />
    </UnitTest>
    <UnitTest name="Categories_ValidateCollection" storage="d:\actions-runner\_work\xpco\xpco\allsolutions\..\sc\components\remoteviewer\smartclient\tst\zsmartclient_unittest\bin\x64\debug\net6.0-windows\zsmartclient_unittest.dll" id="8dd7c6d4-048f-e61d-123a-5b91a453390c">
      <TestCategory>
        <TestCategoryItem TestCategory="SearchModels" />
      </TestCategory>
      <Execution id="02512611-3d76-450b-afdb-525f049dd6e9" />
      <TestMethod codeBase="D:\actions-runner\_work\XPCO\XPCO\AllSolutions\..\SC\Components\RemoteViewer\SmartClient\tst\zSmartClient_UnitTest\bin\x64\Debug\net6.0-windows\zSmartClient_UnitTest.dll" adapterTypeName="executor://mstestadapter/v2" className="SmartClient_UnitTest.VideoOS.RemoteClient.Plugin.CentralizedSearch.Models.SearchModelTests" name="Categories_ValidateCollection" />
    </UnitTest>
    <UnitTest name="PtzSessionControllerInfoConstructorTest_From_PtzSessionInfo_Other_User" storage="d:\actions-runner\_work\xpco\xpco\allsolutions\..\sc\components\remoteviewer\smartclient\tst\zsmartclient_unittest\bin\x64\debug\net6.0-windows\zsmartclient_unittest.dll" id="026dfb6f-c080-58ce-2d5a-796a4588997d">
      <Execution id="423744f0-edd2-4f85-8f54-80dcf36251f3" />
      <TestMethod codeBase="D:\actions-runner\_work\XPCO\XPCO\AllSolutions\..\SC\Components\RemoteViewer\SmartClient\tst\zSmartClient_UnitTest\bin\x64\Debug\net6.0-windows\zSmartClient_UnitTest.dll" adapterTypeName="executor://mstestadapter/v2" className="VideoOS.RemoteClient.Application.Controllers.UnitTest.PtzSessionControllerTest" name="PtzSessionControllerInfoConstructorTest_From_PtzSessionInfo_Other_User" />
    </UnitTest>
    <UnitTest name="SmartMapGoToPositionHandler_WhenViewIndexDoesNotMatch_ShouldDoNothing" storage="d:\actions-runner\_work\xpco\xpco\allsolutions\..\sc\components\remoteviewer\smartclient\tst\zsmartclient_unittest\bin\x64\debug\net6.0-windows\zsmartclient_unittest.dll" id="ebe31b64-a15f-5d1c-5a6d-837a5656ceb3">
      <Execution id="ea107dc2-933d-4d0e-9460-e515e0f4017e" />
      <TestMethod codeBase="D:\actions-runner\_work\XPCO\XPCO\AllSolutions\..\SC\Components\RemoteViewer\SmartClient\tst\zSmartClient_UnitTest\bin\x64\Debug\net6.0-windows\zSmartClient_UnitTest.dll" adapterTypeName="executor://mstestadapter/v2" className="SmartClient_UnitTest.VideoOS.RemoteClient.Plugin.GisMap.MIP.ContentHolderMipMessageManagerTests" name="SmartMapGoToPositionHandler_WhenViewIndexDoesNotMatch_ShouldDoNothing" />
    </UnitTest>
    <UnitTest name="Detach_ShouldRaiseArgumentNullException_WhenWindowIsNull" storage="d:\actions-runner\_work\xpco\xpco\allsolutions\..\sc\components\remoteviewer\smartclient\tst\zsmartclient_unittest\bin\x64\debug\net6.0-windows\zsmartclient_unittest.dll" id="708fbd07-d518-bb6a-de51-1d178c785f47">
      <TestCategory>
        <TestCategoryItem TestCategory="GisMap.WindowsBases" />
      </TestCategory>
      <Execution id="fd98313f-19ec-440e-bf30-9654ed4659d3" />
      <TestMethod codeBase="D:\actions-runner\_work\XPCO\XPCO\AllSolutions\..\SC\Components\RemoteViewer\SmartClient\tst\zSmartClient_UnitTest\bin\x64\Debug\net6.0-windows\zSmartClient_UnitTest.dll" adapterTypeName="executor://mstestadapter/v2" className="SmartClient_UnitTest.VideoOS.RemoteClient.Plugin.GisMap.Windows.Bases.DragWindowDecoratorTests" name="Detach_ShouldRaiseArgumentNullException_WhenWindowIsNull" />
    </UnitTest>
    <UnitTest name="GetOsmServerAddress_ShouldRaiseArgumentNullException_WhenOptionManagerIsNull" storage="d:\actions-runner\_work\xpco\xpco\allsolutions\..\sc\components\remoteviewer\smartclient\tst\zsmartclient_unittest\bin\x64\debug\net6.0-windows\zsmartclient_unittest.dll" id="0ea16923-06ad-6887-3f6e-aa5fa78ff65a">
      <TestCategory>
        <TestCategoryItem TestCategory="GisMapData.Controllers.Osm" />
      </TestCategory>
      <Execution id="4c17f9f2-c7fb-4429-87d2-ac7e9e500812" />
      <TestMethod codeBase="D:\actions-runner\_work\XPCO\XPCO\AllSolutions\..\SC\Components\RemoteViewer\SmartClient\tst\zSmartClient_UnitTest\bin\x64\Debug\net6.0-windows\zSmartClient_UnitTest.dll" adapterTypeName="executor://mstestadapter/v2" className="SmartClient_UnitTest.VideoOS.RemoteClient.GisMapData.Controllers.Osm.GisMapOsmControllerTests" name="GetOsmServerAddress_ShouldRaiseArgumentNullException_WhenOptionManagerIsNull" />
    </UnitTest>
    <UnitTest name="GetBoundingShapesForMetadataObjectsAsync_ShouldIncludeMetadataObject_WhenRequestedTimeIsWithinMetadataTimespan" storage="d:\actions-runner\_work\xpco\xpco\allsolutions\..\sc\components\remoteviewer\smartclient\tst\zsmartclient_unittest\bin\x64\debug\net6.0-windows\zsmartclient_unittest.dll" id="59a4f4a0-e2da-d6b5-1323-31e33b78b21f">
      <Execution id="29e33fc6-8424-4f6f-ba93-9c13bc5644cb" />
      <TestMethod codeBase="D:\actions-runner\_work\XPCO\XPCO\AllSolutions\..\SC\Components\RemoteViewer\SmartClient\tst\zSmartClient_UnitTest\bin\x64\Debug\net6.0-windows\zSmartClient_UnitTest.dll" adapterTypeName="executor://mstestadapter/v2" className="SmartClient_UnitTest.VideoOS.RemoteClient.Plugin.CentralizedSearch.Utils.MetadataUtilTests" name="GetBoundingShapesForMetadataObjectsAsync_ShouldIncludeMetadataObject_WhenRequestedTimeIsWithinMetadataTimespan" />
    </UnitTest>
    <UnitTest name="ToUnsafeName_NullName_Failure" storage="d:\actions-runner\_work\xpco\xpco\allsolutions\..\sc\components\remoteviewer\smartclient\tst\zsmartclient_unittest\bin\x64\debug\net6.0-windows\zsmartclient_unittest.dll" id="49c08253-b1e4-f17b-bbba-a7e45be6cbd0">
      <Execution id="a85bf7dc-e029-46b1-a302-7881917df434" />
      <TestMethod codeBase="D:\actions-runner\_work\XPCO\XPCO\AllSolutions\..\SC\Components\RemoteViewer\SmartClient\tst\zSmartClient_UnitTest\bin\x64\Debug\net6.0-windows\zSmartClient_UnitTest.dll" adapterTypeName="executor://mstestadapter/v2" className="SmartClient_UnitTest.VideoOS.RemoteClient.Application.Common.Scripting.ReservedJavascriptKeywordsTests" name="ToUnsafeName_NullName_Failure" />
    </UnitTest>
    <UnitTest name="TestReloadView_Success" storage="d:\actions-runner\_work\xpco\xpco\allsolutions\..\sc\components\remoteviewer\smartclient\tst\zsmartclient_unittest\bin\x64\debug\net6.0-windows\zsmartclient_unittest.dll" id="7ca8a434-7012-c34d-5866-6521f620a2e4">
      <TestCategory>
        <TestCategoryItem TestCategory="WorkroomController" />
      </TestCategory>
      <Execution id="f37a3702-41b7-4f82-96bc-57e4f2caf469" />
      <TestMethod codeBase="D:\actions-runner\_work\XPCO\XPCO\AllSolutions\..\SC\Components\RemoteViewer\SmartClient\tst\zSmartClient_UnitTest\bin\x64\Debug\net6.0-windows\zSmartClient_UnitTest.dll" adapterTypeName="executor://mstestadapter/v2" className="VideoOS.RemoteClient.Application.Controllers.WorkroomController.UnitTest.TabWorkroomControllerTest" name="TestReloadView_Success" />
    </UnitTest>
    <UnitTest name="GisMapModel_AddBuilding_Success" storage="d:\actions-runner\_work\xpco\xpco\allsolutions\..\sc\components\remoteviewer\smartclient\tst\zsmartclient_unittest\bin\x64\debug\net6.0-windows\zsmartclient_unittest.dll" id="b9c24147-fbc0-a069-bdd6-759f76e4ceca">
      <TestCategory>
        <TestCategoryItem TestCategory="GisMapLayer" />
        <TestCategoryItem TestCategory="GisMapBuilding" />
      </TestCategory>
      <Execution id="de92cd10-873d-43bc-8e87-5dbbf5ea72c2" />
      <TestMethod codeBase="D:\actions-runner\_work\XPCO\XPCO\AllSolutions\..\SC\Components\RemoteViewer\SmartClient\tst\zSmartClient_UnitTest\bin\x64\Debug\net6.0-windows\zSmartClient_UnitTest.dll" adapterTypeName="executor://mstestadapter/v2" className="SmartClient_UnitTest.VideoOS.RemoteClient.GisMap.MapLayers.GisMapLayerTests" name="GisMapModel_AddBuilding_Success" />
    </UnitTest>
    <UnitTest name="AddCriteriaCommand_SearchAttributeCategoryNotNull" storage="d:\actions-runner\_work\xpco\xpco\allsolutions\..\sc\components\remoteviewer\smartclient\tst\zsmartclient_unittest\bin\x64\debug\net6.0-windows\zsmartclient_unittest.dll" id="fc1071f1-9dc8-3652-9848-fa70b1167397">
      <TestCategory>
        <TestCategoryItem TestCategory="SearchViewModels" />
      </TestCategory>
      <Execution id="0010121f-adf9-4a4d-b5c4-294e011d6b1f" />
      <TestMethod codeBase="D:\actions-runner\_work\XPCO\XPCO\AllSolutions\..\SC\Components\RemoteViewer\SmartClient\tst\zSmartClient_UnitTest\bin\x64\Debug\net6.0-windows\zSmartClient_UnitTest.dll" adapterTypeName="executor://mstestadapter/v2" className="SmartClient_UnitTest.VideoOS.RemoteClient.Plugin.CentralizedSearch.ViewModels.SearchViewModelTests" name="AddCriteriaCommand_SearchAttributeCategoryNotNull" />
    </UnitTest>
    <UnitTest name="MapLayerType_ShouldBeNull_WhenCalled" storage="d:\actions-runner\_work\xpco\xpco\allsolutions\..\sc\components\remoteviewer\smartclient\tst\zsmartclient_unittest\bin\x64\debug\net6.0-windows\zsmartclient_unittest.dll" id="64de8207-d2f2-0b11-e8d3-5f4ca79e44ca">
      <Execution id="54b47f02-e794-4979-876f-162f5931d792" />
      <TestMethod codeBase="D:\actions-runner\_work\XPCO\XPCO\AllSolutions\..\SC\Components\RemoteViewer\SmartClient\tst\zSmartClient_UnitTest\bin\x64\Debug\net6.0-windows\zSmartClient_UnitTest.dll" adapterTypeName="executor://mstestadapter/v2" className="SmartClient_UnitTest.VideoOS.RemoteClient.GisMapData.Strategies.MapLayers.DefaultMapLayerDatagramClassFactoryStrategyTests" name="MapLayerType_ShouldBeNull_WhenCalled" />
    </UnitTest>
    <UnitTest name="Deserialize_InvalidValidate_ErrorCollectionNotEmpty" storage="d:\actions-runner\_work\xpco\xpco\allsolutions\..\sc\components\remoteviewer\smartclient\tst\zsmartclient_unittest\bin\x64\debug\net6.0-windows\zsmartclient_unittest.dll" id="d516c9f8-a086-c688-a8dc-fd4cd17c2bf6">
      <TestCategory>
        <TestCategoryItem TestCategory="SearchModels" />
      </TestCategory>
      <Execution id="33c891f3-fbe3-490c-b7a0-88ec8618dbf9" />
      <TestMethod codeBase="D:\actions-runner\_work\XPCO\XPCO\AllSolutions\..\SC\Components\RemoteViewer\SmartClient\tst\zSmartClient_UnitTest\bin\x64\Debug\net6.0-windows\zSmartClient_UnitTest.dll" adapterTypeName="executor://mstestadapter/v2" className="SmartClient_UnitTest.VideoOS.RemoteClient.Plugin.CentralizedSearch.Models.SearchModelTests" name="Deserialize_InvalidValidate_ErrorCollectionNotEmpty" />
    </UnitTest>
    <UnitTest name="Serialize_SearchDefinitionsOnly_Success" storage="d:\actions-runner\_work\xpco\xpco\allsolutions\..\sc\components\remoteviewer\smartclient\tst\zsmartclient_unittest\bin\x64\debug\net6.0-windows\zsmartclient_unittest.dll" id="ed095898-1909-8564-6a3c-b8e3252b52c8">
      <TestCategory>
        <TestCategoryItem TestCategory="SearchSerialization" />
      </TestCategory>
      <Execution id="949d6b7a-8b1b-4240-8200-3195231a1500" />
      <TestMethod codeBase="D:\actions-runner\_work\XPCO\XPCO\AllSolutions\..\SC\Components\RemoteViewer\SmartClient\tst\zSmartClient_UnitTest\bin\x64\Debug\net6.0-windows\zSmartClient_UnitTest.dll" adapterTypeName="executor://mstestadapter/v2" className="SmartClient_UnitTest.VideoOS.RemoteClient.Plugin.CentralizedSearch.Models.Serialization.SearchSerializerTests" name="Serialize_SearchDefinitionsOnly_Success" />
    </UnitTest>
    <UnitTest name="ConvertToNewLevel_ThreeLevelsDown_Success" storage="d:\actions-runner\_work\xpco\xpco\allsolutions\..\sc\components\remoteviewer\smartclient\tst\zsmartclient_unittest\bin\x64\debug\net6.0-windows\zsmartclient_unittest.dll" id="b77b4041-c2a1-a348-dd99-14c2acc50a9c">
      <TestCategory>
        <TestCategoryItem TestCategory="GisMapIndex" />
      </TestCategory>
      <Execution id="829af7e2-b3cd-422e-a155-45d6a121f7b5" />
      <TestMethod codeBase="D:\actions-runner\_work\XPCO\XPCO\AllSolutions\..\SC\Components\RemoteViewer\SmartClient\tst\zSmartClient_UnitTest\bin\x64\Debug\net6.0-windows\zSmartClient_UnitTest.dll" adapterTypeName="executor://mstestadapter/v2" className="SmartClient_UnitTest.VideoOS.RemoteClient.GisMapData.Common.Indexer.IndexGridExtentTest" name="ConvertToNewLevel_ThreeLevelsDown_Success" />
    </UnitTest>
    <UnitTest name="ToMipSearchResultData_ShouldIncludeCommonProperties" storage="d:\actions-runner\_work\xpco\xpco\allsolutions\..\sc\components\remoteviewer\smartclient\tst\zsmartclient_unittest\bin\x64\debug\net6.0-windows\zsmartclient_unittest.dll" id="85a2369e-6316-dbc2-97b3-7104e8e43977">
      <TestCategory>
        <TestCategoryItem TestCategory="Search.Wrappers" />
      </TestCategory>
      <Execution id="0072dcf8-49d2-4ec9-9bec-bdf93e6159a1" />
      <TestMethod codeBase="D:\actions-runner\_work\XPCO\XPCO\AllSolutions\..\SC\Components\RemoteViewer\SmartClient\tst\zSmartClient_UnitTest\bin\x64\Debug\net6.0-windows\zSmartClient_UnitTest.dll" adapterTypeName="executor://mstestadapter/v2" className="SmartClient_UnitTest.VideoOS.RemoteClient.Plugin.CentralizedSearch.Models.Wrappers.CombinedSearchResultDataWrapperTests" name="ToMipSearchResultData_ShouldIncludeCommonProperties" />
    </UnitTest>
    <UnitTest name="AddItems_EmptyCollection_NoClusterChanges" storage="d:\actions-runner\_work\xpco\xpco\allsolutions\..\sc\components\remoteviewer\smartclient\tst\zsmartclient_unittest\bin\x64\debug\net6.0-windows\zsmartclient_unittest.dll" id="4857c902-d3db-1acf-7754-f8c2fceb17a8">
      <TestCategory>
        <TestCategoryItem TestCategory="GisMapIndex" />
      </TestCategory>
      <Execution id="580e6b60-fffa-448b-8b1b-19990779220a" />
      <TestMethod codeBase="D:\actions-runner\_work\XPCO\XPCO\AllSolutions\..\SC\Components\RemoteViewer\SmartClient\tst\zSmartClient_UnitTest\bin\x64\Debug\net6.0-windows\zSmartClient_UnitTest.dll" adapterTypeName="executor://mstestadapter/v2" className="SmartClient_UnitTest.VideoOS.RemoteClient.GisMapData.Common.Indexer.MapItemIndexerTests" name="AddItems_EmptyCollection_NoClusterChanges" />
    </UnitTest>
    <UnitTest name="GetIsOpenStreetMapValid_ShouldReturnTrue_WhenGeographicLayerIsAvailableAndAlternativeServerHasInvalidUrl" storage="d:\actions-runner\_work\xpco\xpco\allsolutions\..\sc\components\remoteviewer\smartclient\tst\zsmartclient_unittest\bin\x64\debug\net6.0-windows\zsmartclient_unittest.dll" id="0d69c7de-0a79-1b02-2fcf-9739b7f2143b">
      <TestCategory>
        <TestCategoryItem TestCategory="GisMapData.Controllers.Osm" />
      </TestCategory>
      <Execution id="fa9156f4-1241-4152-9404-c3aef82e9519" />
      <TestMethod codeBase="D:\actions-runner\_work\XPCO\XPCO\AllSolutions\..\SC\Components\RemoteViewer\SmartClient\tst\zSmartClient_UnitTest\bin\x64\Debug\net6.0-windows\zSmartClient_UnitTest.dll" adapterTypeName="executor://mstestadapter/v2" className="SmartClient_UnitTest.VideoOS.RemoteClient.GisMapData.Controllers.Osm.GisMapOsmControllerTests" name="GetIsOpenStreetMapValid_ShouldReturnTrue_WhenGeographicLayerIsAvailableAndAlternativeServerHasInvalidUrl" />
    </UnitTest>
    <UnitTest name="CreateSearchResultUserControl_UnmappedConfiguration_ReturnsUnknownSearchResultUserControl" storage="d:\actions-runner\_work\xpco\xpco\allsolutions\..\sc\components\remoteviewer\smartclient\tst\zsmartclient_unittest\bin\x64\debug\net6.0-windows\zsmartclient_unittest.dll" id="8558e7ab-4f92-48f5-6cd7-72956b247ea9">
      <TestCategory>
        <TestCategoryItem TestCategory="Search" />
      </TestCategory>
      <Execution id="bd995136-58ba-4791-aeaf-75401903676b" />
      <TestMethod codeBase="D:\actions-runner\_work\XPCO\XPCO\AllSolutions\..\SC\Components\RemoteViewer\SmartClient\tst\zSmartClient_UnitTest\bin\x64\Debug\net6.0-windows\zSmartClient_UnitTest.dll" adapterTypeName="executor://mstestadapter/v2" className="SmartClient_UnitTest.VideoOS.RemoteClient.Plugin.CentralizedSearch.MIPPlugin.ScSearchUserControlPluginTest" name="CreateSearchResultUserControl_UnmappedConfiguration_ReturnsUnknownSearchResultUserControl" />
    </UnitTest>
    <UnitTest name="UpdateScope_NullItems_Throws" storage="d:\actions-runner\_work\xpco\xpco\allsolutions\..\sc\components\remoteviewer\smartclient\tst\zsmartclient_unittest\bin\x64\debug\net6.0-windows\zsmartclient_unittest.dll" id="06412854-071a-034e-5a5f-ce51d467c3ae">
      <TestCategory>
        <TestCategoryItem TestCategory="SearchModels" />
      </TestCategory>
      <Execution id="1327b55b-0624-44ff-903f-962d6f86e2a5" />
      <TestMethod codeBase="D:\actions-runner\_work\XPCO\XPCO\AllSolutions\..\SC\Components\RemoteViewer\SmartClient\tst\zSmartClient_UnitTest\bin\x64\Debug\net6.0-windows\zSmartClient_UnitTest.dll" adapterTypeName="executor://mstestadapter/v2" className="SmartClient_UnitTest.VideoOS.RemoteClient.Plugin.CentralizedSearch.Models.SearchScopeTests" name="UpdateScope_NullItems_Throws" />
    </UnitTest>
    <UnitTest name="ResolveSearchDefinitions_ShouldReturnResultSearchDefinition_WhenCombinedSearchResultWithMultipleSubResultAndSearchDefinitionsNotContainingCorrectSearchDefinitionsAreGiven" storage="d:\actions-runner\_work\xpco\xpco\allsolutions\..\sc\components\remoteviewer\smartclient\tst\zsmartclient_unittest\bin\x64\debug\net6.0-windows\zsmartclient_unittest.dll" id="a64a4521-eb75-1b0e-49ca-196652940e73">
      <TestCategory>
        <TestCategoryItem TestCategory="Search" />
      </TestCategory>
      <Execution id="e63d3238-78b2-437b-b65d-b8ab64ddd439" />
      <TestMethod codeBase="D:\actions-runner\_work\XPCO\XPCO\AllSolutions\..\SC\Components\RemoteViewer\SmartClient\tst\zSmartClient_UnitTest\bin\x64\Debug\net6.0-windows\zSmartClient_UnitTest.dll" adapterTypeName="executor://mstestadapter/v2" className="SmartClient_UnitTest.VideoOS.RemoteClient.Plugin.CentralizedSearch.Utils.SearchResultDataWrapperExtensionsTests" name="ResolveSearchDefinitions_ShouldReturnResultSearchDefinition_WhenCombinedSearchResultWithMultipleSubResultAndSearchDefinitionsNotContainingCorrectSearchDefinitionsAreGiven" />
    </UnitTest>
    <UnitTest name="AddToExportTuples_ShouldReturnCorrectResult (0,0,0)" storage="d:\actions-runner\_work\xpco\xpco\allsolutions\..\sc\components\remoteviewer\smartclient\tst\zsmartclient_unittest\bin\x64\debug\net6.0-windows\zsmartclient_unittest.dll" id="28d25576-55a8-249b-51e4-77a3368a8672">
      <TestCategory>
        <TestCategoryItem TestCategory="Managers" />
      </TestCategory>
      <Execution id="863ebbf0-6505-4032-8862-fac939bc07a7" />
      <TestMethod codeBase="D:\actions-runner\_work\XPCO\XPCO\AllSolutions\..\SC\Components\RemoteViewer\SmartClient\tst\zSmartClient_UnitTest\bin\x64\Debug\net6.0-windows\zSmartClient_UnitTest.dll" adapterTypeName="executor://mstestadapter/v2" className="SmartClient_UnitTest.VideoOS.RemoteClient.Application.Managers.ExportManagerTests" name="AddToExportTuples_ShouldReturnCorrectResult" />
    </UnitTest>
    <UnitTest name="Id_ShouldBeDifferent_WhenSearchResultIdIsGuidEmpty" storage="d:\actions-runner\_work\xpco\xpco\allsolutions\..\sc\components\remoteviewer\smartclient\tst\zsmartclient_unittest\bin\x64\debug\net6.0-windows\zsmartclient_unittest.dll" id="8252077b-13bd-fcd5-946c-4ceaed8bb503">
      <TestCategory>
        <TestCategoryItem TestCategory="Search.Wrappers" />
      </TestCategory>
      <Execution id="b22abfae-eae8-480a-8196-4194b7f3a2f5" />
      <TestMethod codeBase="D:\actions-runner\_work\XPCO\XPCO\AllSolutions\..\SC\Components\RemoteViewer\SmartClient\tst\zSmartClient_UnitTest\bin\x64\Debug\net6.0-windows\zSmartClient_UnitTest.dll" adapterTypeName="executor://mstestadapter/v2" className="SmartClient_UnitTest.VideoOS.RemoteClient.Plugin.CentralizedSearch.Models.Wrappers.SearchResultDataWrapperTests" name="Id_ShouldBeDifferent_WhenSearchResultIdIsGuidEmpty" />
    </UnitTest>
    <UnitTest name="OnMarkerRightClicked_ShouldLetMapLayerControlMenuItems_WhenMultipleItemsFromSameLayerAreSelected" storage="d:\actions-runner\_work\xpco\xpco\allsolutions\..\sc\components\remoteviewer\smartclient\tst\zsmartclient_unittest\bin\x64\debug\net6.0-windows\zsmartclient_unittest.dll" id="0ad4b394-46f3-87fb-eed4-e2c73091dff3">
      <TestCategory>
        <TestCategoryItem TestCategory="SmartMap.MapItemsOverlay" />
      </TestCategory>
      <Execution id="b0338d88-274f-4111-93f5-9368867a258d" />
      <TestMethod codeBase="D:\actions-runner\_work\XPCO\XPCO\AllSolutions\..\SC\Components\RemoteViewer\SmartClient\tst\zSmartClient_UnitTest\bin\x64\Debug\net6.0-windows\zSmartClient_UnitTest.dll" adapterTypeName="executor://mstestadapter/v2" className="SmartClient_UnitTest.VideoOS.RemoteClient.Plugin.GisMap.ThinkGeoMap.SpecializedOverlays.Overlays.MapItemsOverlayTests" name="OnMarkerRightClicked_ShouldLetMapLayerControlMenuItems_WhenMultipleItemsFromSameLayerAreSelected" />
    </UnitTest>
    <UnitTest name="CreateExportDialog_CannotSelectExportToOptics_WithNoOpticalDrivesPresent" storage="d:\actions-runner\_work\xpco\xpco\allsolutions\..\sc\components\remoteviewer\smartclient\tst\zsmartclient_unittest\bin\x64\debug\net6.0-windows\zsmartclient_unittest.dll" id="9e1c156c-7717-458a-15e2-7e227d19e93b">
      <TestCategory>
        <TestCategoryItem TestCategory="Export" />
      </TestCategory>
      <Execution id="50d34ad2-b72c-46ec-8b73-650eb823fb5e" />
      <TestMethod codeBase="D:\actions-runner\_work\XPCO\XPCO\AllSolutions\..\SC\Components\RemoteViewer\SmartClient\tst\zSmartClient_UnitTest\bin\x64\Debug\net6.0-windows\zSmartClient_UnitTest.dll" adapterTypeName="executor://mstestadapter/v2" className="SmartClient_UnitTest.VideoOS.RemoteClient.Plugin.Export.CreateExportDialogViewModelTests" name="CreateExportDialog_CannotSelectExportToOptics_WithNoOpticalDrivesPresent" />
    </UnitTest>
    <UnitTest name="True" storage="d:\actions-runner\_work\xpco\xpco\allsolutions\..\sc\components\remoteviewer\smartclient\tst\zsmartclient_unittest\bin\x64\debug\net6.0-windows\zsmartclient_unittest.dll" id="3389b6dd-689a-11ef-38a7-5096963ffea8">
      <TestCategory>
        <TestCategoryItem TestCategory="WorkspaceToolbar" />
      </TestCategory>
      <Execution id="106d275e-fc7a-4f98-8cb0-c779cade74d8" />
      <TestMethod codeBase="D:\actions-runner\_work\XPCO\XPCO\AllSolutions\..\SC\Components\RemoteViewer\SmartClient\tst\zSmartClient_UnitTest\bin\x64\Debug\net6.0-windows\zSmartClient_UnitTest.dll" adapterTypeName="executor://mstestadapter/v2" className="SmartClient_UnitTest.VideoOS.RemoteClient.Application.Data.WorkspaceToolbar.WorkspaceToolbarItemMipPluginTests" name="BindingModelVisible_Matches_PluginInstanceVisible" />
    </UnitTest>
    <UnitTest name="HandleSetLayerFeatures_ShouldUpdateOutputLayerFeatures_WhenOutputKindAndOutputLayerFeatures" storage="d:\actions-runner\_work\xpco\xpco\allsolutions\..\sc\components\remoteviewer\smartclient\tst\zsmartclient_unittest\bin\x64\debug\net6.0-windows\zsmartclient_unittest.dll" id="013b26f2-09bd-8917-4b17-0706864d4c14">
      <TestCategory>
        <TestCategoryItem TestCategory="GisMapData.Handlers.LayerFeatures" />
      </TestCategory>
      <Execution id="0befbf8d-4846-4064-a87f-e0392830919d" />
      <TestMethod codeBase="D:\actions-runner\_work\XPCO\XPCO\AllSolutions\..\SC\Components\RemoteViewer\SmartClient\tst\zSmartClient_UnitTest\bin\x64\Debug\net6.0-windows\zSmartClient_UnitTest.dll" adapterTypeName="executor://mstestadapter/v2" className="SmartClient_UnitTest.VideoOS.RemoteClient.GisMapData.Handlers.LayerFeatures.OutputLayerFeaturesHandlerTests" name="HandleSetLayerFeatures_ShouldUpdateOutputLayerFeatures_WhenOutputKindAndOutputLayerFeatures" />
    </UnitTest>
    <UnitTest name="ComparerSet_SameValue_NoEventFired" storage="d:\actions-runner\_work\xpco\xpco\allsolutions\..\sc\components\remoteviewer\smartclient\tst\zsmartclient_unittest\bin\x64\debug\net6.0-windows\zsmartclient_unittest.dll" id="af2fff69-ede4-2bff-61e9-6a132589f2de">
      <TestCategory>
        <TestCategoryItem TestCategory="SearchResultsPreprocessor" />
      </TestCategory>
      <Execution id="7f9807c8-bed4-4137-ad8e-828df65876ea" />
      <TestMethod codeBase="D:\actions-runner\_work\XPCO\XPCO\AllSolutions\..\SC\Components\RemoteViewer\SmartClient\tst\zSmartClient_UnitTest\bin\x64\Debug\net6.0-windows\zSmartClient_UnitTest.dll" adapterTypeName="executor://mstestadapter/v2" className="SmartClient_UnitTest.VideoOS.RemoteClient.Plugin.CentralizedSearch.Models.SearchResultsPreprocessorTests" name="ComparerSet_SameValue_NoEventFired" />
    </UnitTest>
    <UnitTest name="TestConstructor_NormalParameters_Success" storage="d:\actions-runner\_work\xpco\xpco\allsolutions\..\sc\components\remoteviewer\smartclient\tst\zsmartclient_unittest\bin\x64\debug\net6.0-windows\zsmartclient_unittest.dll" id="a62f73f0-335e-a678-1617-1f76a60aab0f">
      <TestCategory>
        <TestCategoryItem TestCategory="WorkroomController" />
      </TestCategory>
      <Execution id="4403eedd-b2cb-45b1-8b56-9744098162bd" />
      <TestMethod codeBase="D:\actions-runner\_work\XPCO\XPCO\AllSolutions\..\SC\Components\RemoteViewer\SmartClient\tst\zSmartClient_UnitTest\bin\x64\Debug\net6.0-windows\zSmartClient_UnitTest.dll" adapterTypeName="executor://mstestadapter/v2" className="VideoOS.RemoteClient.Application.Controllers.WorkroomController.UnitTest.TabWorkroomControllerTest" name="TestConstructor_NormalParameters_Success" />
    </UnitTest>
    <UnitTest name="Compare_Ascending_Success" storage="d:\actions-runner\_work\xpco\xpco\allsolutions\..\sc\components\remoteviewer\smartclient\tst\zsmartclient_unittest\bin\x64\debug\net6.0-windows\zsmartclient_unittest.dll" id="75ab4f71-3b38-2c11-9aa3-99e6e265b21d">
      <TestCategory>
        <TestCategoryItem TestCategory="SearchComparers" />
      </TestCategory>
      <Execution id="c7bbe337-11ed-48dd-a06e-061f1c79ee14" />
      <TestMethod codeBase="D:\actions-runner\_work\XPCO\XPCO\AllSolutions\..\SC\Components\RemoteViewer\SmartClient\tst\zSmartClient_UnitTest\bin\x64\Debug\net6.0-windows\zSmartClient_UnitTest.dll" adapterTypeName="executor://mstestadapter/v2" className="SmartClient_UnitTest.VideoOS.RemoteClient.Plugin.CentralizedSearch.Models.Wrappers.Comparers.BeginTimeWithPaddingComparerTests" name="Compare_Ascending_Success" />
    </UnitTest>
    <UnitTest name="Clear_EventFired" storage="d:\actions-runner\_work\xpco\xpco\allsolutions\..\sc\components\remoteviewer\smartclient\tst\zsmartclient_unittest\bin\x64\debug\net6.0-windows\zsmartclient_unittest.dll" id="5038381c-1ef8-8dbb-06ed-8a9f21662b0a">
      <TestCategory>
        <TestCategoryItem TestCategory="SearchResultsPreprocessor" />
      </TestCategory>
      <Execution id="1557edc0-26a9-4f95-b23c-14cbc6c1e5fe" />
      <TestMethod codeBase="D:\actions-runner\_work\XPCO\XPCO\AllSolutions\..\SC\Components\RemoteViewer\SmartClient\tst\zSmartClient_UnitTest\bin\x64\Debug\net6.0-windows\zSmartClient_UnitTest.dll" adapterTypeName="executor://mstestadapter/v2" className="SmartClient_UnitTest.VideoOS.RemoteClient.Plugin.CentralizedSearch.Models.SearchResultsPreprocessorTests" name="Clear_EventFired" />
    </UnitTest>
    <UnitTest name="Constructor_ShouldRaiseArgumentNullException_WhenGisMapModelIsNull" storage="d:\actions-runner\_work\xpco\xpco\allsolutions\..\sc\components\remoteviewer\smartclient\tst\zsmartclient_unittest\bin\x64\debug\net6.0-windows\zsmartclient_unittest.dll" id="cedacd39-cebe-080f-c95c-117129a33131">
      <TestCategory>
        <TestCategoryItem TestCategory="GisMap.Handlers.Devices.MapItems" />
      </TestCategory>
      <Execution id="6b12e279-f383-4377-b893-b2456da6a4d5" />
      <TestMethod codeBase="D:\actions-runner\_work\XPCO\XPCO\AllSolutions\..\SC\Components\RemoteViewer\SmartClient\tst\zSmartClient_UnitTest\bin\x64\Debug\net6.0-windows\zSmartClient_UnitTest.dll" adapterTypeName="executor://mstestadapter/v2" className="SmartClient_UnitTest.VideoOS.RemoteClient.Plugin.GisMap.Handlers.Devices.MapItems.InputDataHandlerTests" name="Constructor_ShouldRaiseArgumentNullException_WhenGisMapModelIsNull" />
    </UnitTest>
    <UnitTest name="TimeToStringConverter_Convert_NullParameter_ReturnUnsetValue" storage="d:\actions-runner\_work\xpco\xpco\allsolutions\..\sc\components\remoteviewer\smartclient\tst\zsmartclient_unittest\bin\x64\debug\net6.0-windows\zsmartclient_unittest.dll" id="4007ec22-794b-cf4d-bda6-76bc701e6452">
      <TestCategory>
        <TestCategoryItem TestCategory="SearchConverter" />
      </TestCategory>
      <Execution id="afc20092-1900-439b-8b97-fbe04aa4827d" />
      <TestMethod codeBase="D:\actions-runner\_work\XPCO\XPCO\AllSolutions\..\SC\Components\RemoteViewer\SmartClient\tst\zSmartClient_UnitTest\bin\x64\Debug\net6.0-windows\zSmartClient_UnitTest.dll" adapterTypeName="executor://mstestadapter/v2" className="SmartClient_UnitTest.VideoOS.RemoteClient.Plugin.CentralizedSearch.Views.Converters.TimeToStringConverterTests" name="TimeToStringConverter_Convert_NullParameter_ReturnUnsetValue" />
    </UnitTest>
    <UnitTest name="IsCurrentScaleEqualTo_ShouldReturnTrue_WhenValuesAreEqualWithinGivenPrecision" storage="d:\actions-runner\_work\xpco\xpco\allsolutions\..\sc\components\remoteviewer\smartclient\tst\zsmartclient_unittest\bin\x64\debug\net6.0-windows\zsmartclient_unittest.dll" id="7863e25b-2679-2198-6c24-80dcdc161cf9">
      <TestCategory>
        <TestCategoryItem TestCategory="MapExtentManager" />
      </TestCategory>
      <Execution id="fee37167-95ea-4d74-b727-3087c891da48" />
      <TestMethod codeBase="D:\actions-runner\_work\XPCO\XPCO\AllSolutions\..\SC\Components\RemoteViewer\SmartClient\tst\zSmartClient_UnitTest\bin\x64\Debug\net6.0-windows\zSmartClient_UnitTest.dll" adapterTypeName="executor://mstestadapter/v2" className="SmartClient_UnitTest.VideoOS.RemoteClient.Plugin.GisMap.ThinkGeoMap.Settings.ThinkGeoMapExtentManagerTests" name="IsCurrentScaleEqualTo_ShouldReturnTrue_WhenValuesAreEqualWithinGivenPrecision" />
    </UnitTest>
    <UnitTest name="OutputMapItem_ForceActivateAsync_InBuilding_MapLevelsNotLoaded_Success" storage="d:\actions-runner\_work\xpco\xpco\allsolutions\..\sc\components\remoteviewer\smartclient\tst\zsmartclient_unittest\bin\x64\debug\net6.0-windows\zsmartclient_unittest.dll" id="1326eca0-5707-a15c-4eaf-c5b6ab9d34ec">
      <TestCategory>
        <TestCategoryItem TestCategory="GisMapData.MapItem.Outputs" />
      </TestCategory>
      <Execution id="70274616-a7ee-425e-afa2-0f21b58f58dd" />
      <TestMethod codeBase="D:\actions-runner\_work\XPCO\XPCO\AllSolutions\..\SC\Components\RemoteViewer\SmartClient\tst\zSmartClient_UnitTest\bin\x64\Debug\net6.0-windows\zSmartClient_UnitTest.dll" adapterTypeName="executor://mstestadapter/v2" className="SmartClient_UnitTest.VideoOS.RemoteClient.GisMapData.MapItem.Outputs.OutputMapItemTests" name="OutputMapItem_ForceActivateAsync_InBuilding_MapLevelsNotLoaded_Success" />
    </UnitTest>
    <UnitTest name="PatrollingStepListViewModel_CanExecuteMoveUp" storage="d:\actions-runner\_work\xpco\xpco\allsolutions\..\sc\components\remoteviewer\smartclient\tst\zsmartclient_unittest\bin\x64\debug\net6.0-windows\zsmartclient_unittest.dll" id="e7c0b876-bbe6-d4df-1806-4ff85a920c2f">
      <Execution id="c8812b36-e0f2-41b8-bdf0-be852679dae0" />
      <TestMethod codeBase="D:\actions-runner\_work\XPCO\XPCO\AllSolutions\..\SC\Components\RemoteViewer\SmartClient\tst\zSmartClient_UnitTest\bin\x64\Debug\net6.0-windows\zSmartClient_UnitTest.dll" adapterTypeName="executor://mstestadapter/v2" className="SmartClient_UnitTest.VideoOS.RemoteClient.Application.UI.PtzPreset.PatrollingViewModel.PatrollingStepListViewModelTest" name="PatrollingStepListViewModel_CanExecuteMoveUp" />
    </UnitTest>
    <UnitTest name="BoundingShapesCanvasVisibility_UpdateCorrectly" storage="d:\actions-runner\_work\xpco\xpco\allsolutions\..\sc\components\remoteviewer\smartclient\tst\zsmartclient_unittest\bin\x64\debug\net6.0-windows\zsmartclient_unittest.dll" id="d84aea0e-76b6-55d2-4b7e-5e6eebfaed0e">
      <Execution id="c6c99e88-221a-4ecc-b967-9940560c6998" />
      <TestMethod codeBase="D:\actions-runner\_work\XPCO\XPCO\AllSolutions\..\SC\Components\RemoteViewer\SmartClient\tst\zSmartClient_UnitTest\bin\x64\Debug\net6.0-windows\zSmartClient_UnitTest.dll" adapterTypeName="executor://mstestadapter/v2" className="SmartClient_UnitTest.VideoOS.RemoteClient.Plugin.CentralizedSearch.MIPPlugin.Results.VideoSearchResultUserControlTests" name="BoundingShapesCanvasVisibility_UpdateCorrectly" />
    </UnitTest>
    <UnitTest name="FetchDeviceConfiguration_ShouldNotLoadFromServer_WhenCacheFileIsPresentAndFetchTypeIsOnlyCache" storage="d:\actions-runner\_work\xpco\xpco\allsolutions\..\sc\components\remoteviewer\smartclient\tst\zsmartclient_unittest\bin\x64\debug\net6.0-windows\zsmartclient_unittest.dll" id="e9caefce-c71e-206f-c8b4-a603b26c14bb">
      <Execution id="c407c4ae-18f6-472f-bb14-8fec4a3da8b5" />
      <TestMethod codeBase="D:\actions-runner\_work\XPCO\XPCO\AllSolutions\..\SC\Components\RemoteViewer\SmartClient\tst\zSmartClient_UnitTest\bin\x64\Debug\net6.0-windows\zSmartClient_UnitTest.dll" adapterTypeName="executor://mstestadapter/v2" className="SmartClient_UnitTest.VideoOS.RemoteClient.Application.Controllers.Helpers.DeviceConfigurationFetcherTests" name="FetchDeviceConfiguration_ShouldNotLoadFromServer_WhenCacheFileIsPresentAndFetchTypeIsOnlyCache" />
    </UnitTest>
    <UnitTest name="ToolbarItems_VisibleEnabledStates_WhenInLiveOrPlayback" storage="d:\actions-runner\_work\xpco\xpco\allsolutions\..\sc\components\remoteviewer\smartclient\tst\zsmartclient_unittest\bin\x64\debug\net6.0-windows\zsmartclient_unittest.dll" id="80e1e452-82cf-b088-db40-d28f7d32c62d">
      <TestCategory>
        <TestCategoryItem TestCategory="WorkspaceToolbar" />
      </TestCategory>
      <Execution id="df4b3ac1-1b7a-4247-b8ff-c5045e3f764f" />
      <TestMethod codeBase="D:\actions-runner\_work\XPCO\XPCO\AllSolutions\..\SC\Components\RemoteViewer\SmartClient\tst\zSmartClient_UnitTest\bin\x64\Debug\net6.0-windows\zSmartClient_UnitTest.dll" adapterTypeName="executor://mstestadapter/v2" className="SmartClient_UnitTest.VideoOS.RemoteClient.Application.UI.Content.WorkspaceToolbar.WorkspaceToolbarViewModelTests" name="ToolbarItems_VisibleEnabledStates_WhenInLiveOrPlayback" />
    </UnitTest>
    <UnitTest name="AddResults_IncludePartialResults_OnePartialResult_Success" storage="d:\actions-runner\_work\xpco\xpco\allsolutions\..\sc\components\remoteviewer\smartclient\tst\zsmartclient_unittest\bin\x64\debug\net6.0-windows\zsmartclient_unittest.dll" id="8c07f686-6c37-5afb-9e2e-861969346f9f">
      <TestCategory>
        <TestCategoryItem TestCategory="SearchResultsPreprocessor.PartialResults" />
      </TestCategory>
      <Execution id="3df938dc-cce1-481f-a9ac-167833242973" />
      <TestMethod codeBase="D:\actions-runner\_work\XPCO\XPCO\AllSolutions\..\SC\Components\RemoteViewer\SmartClient\tst\zSmartClient_UnitTest\bin\x64\Debug\net6.0-windows\zSmartClient_UnitTest.dll" adapterTypeName="executor://mstestadapter/v2" className="SmartClient_UnitTest.VideoOS.RemoteClient.Plugin.CentralizedSearch.Models.SearchResultsPreprocessorTests" name="AddResults_IncludePartialResults_OnePartialResult_Success" />
    </UnitTest>
    <UnitTest name="Ctor_NullScreen_ThrowsException" storage="d:\actions-runner\_work\xpco\xpco\allsolutions\..\sc\components\remoteviewer\smartclient\tst\zsmartclient_unittest\bin\x64\debug\net6.0-windows\zsmartclient_unittest.dll" id="30772405-8178-0ea1-63c6-a4f72d01f565">
      <TestCategory>
        <TestCategoryItem TestCategory="ViewPanel" />
      </TestCategory>
      <Execution id="a2285c0c-8272-4e49-83f0-681cf80a0d07" />
      <TestMethod codeBase="D:\actions-runner\_work\XPCO\XPCO\AllSolutions\..\SC\Components\RemoteViewer\SmartClient\tst\zSmartClient_UnitTest\bin\x64\Debug\net6.0-windows\zSmartClient_UnitTest.dll" adapterTypeName="executor://mstestadapter/v2" className="SmartClient_UnitTest.VideoOS.RemoteClient.Application.UI.Panel.Controls.SendToScreenMarkerTests" name="Ctor_NullScreen_ThrowsException" />
    </UnitTest>
    <UnitTest name="MoveToTop_ShouldMoveMarkerTopmost_WhenClusterMarkerMovedToTopBeforehand" storage="d:\actions-runner\_work\xpco\xpco\allsolutions\..\sc\components\remoteviewer\smartclient\tst\zsmartclient_unittest\bin\x64\debug\net6.0-windows\zsmartclient_unittest.dll" id="aaab9dde-be84-0ade-c90f-e582e149ad8f">
      <TestCategory>
        <TestCategoryItem TestCategory="SmartMap.MapItemsOverlay" />
      </TestCategory>
      <Execution id="de9df2f0-f849-4aa0-9cba-0ccf9bcc8183" />
      <TestMethod codeBase="D:\actions-runner\_work\XPCO\XPCO\AllSolutions\..\SC\Components\RemoteViewer\SmartClient\tst\zSmartClient_UnitTest\bin\x64\Debug\net6.0-windows\zSmartClient_UnitTest.dll" adapterTypeName="executor://mstestadapter/v2" className="SmartClient_UnitTest.VideoOS.RemoteClient.Plugin.GisMap.ThinkGeoMap.SpecializedOverlays.Overlays.MapItemsOverlayTests" name="MoveToTop_ShouldMoveMarkerTopmost_WhenClusterMarkerMovedToTopBeforehand" />
    </UnitTest>
    <UnitTest name="PointMapItem_MicrophoneWithNoShortName_Success" storage="d:\actions-runner\_work\xpco\xpco\allsolutions\..\sc\components\remoteviewer\smartclient\tst\zsmartclient_unittest\bin\x64\debug\net6.0-windows\zsmartclient_unittest.dll" id="8d2c3378-22f0-b4e2-6833-c26077a86417">
      <TestCategory>
        <TestCategoryItem TestCategory="GisMapData.MapItem.Microphones" />
      </TestCategory>
      <Execution id="f4ac551f-39ea-4656-b7e5-ef93598ef1a4" />
      <TestMethod codeBase="D:\actions-runner\_work\XPCO\XPCO\AllSolutions\..\SC\Components\RemoteViewer\SmartClient\tst\zSmartClient_UnitTest\bin\x64\Debug\net6.0-windows\zSmartClient_UnitTest.dll" adapterTypeName="executor://mstestadapter/v2" className="SmartClient_UnitTest.VideoOS.RemoteClient.GisMapData.MapItem.Microphones.MicrophoneMapItemTests" name="PointMapItem_MicrophoneWithNoShortName_Success" />
    </UnitTest>
    <UnitTest name="Parse_LastSevenDays_Success" storage="d:\actions-runner\_work\xpco\xpco\allsolutions\..\sc\components\remoteviewer\smartclient\tst\zsmartclient_unittest\bin\x64\debug\net6.0-windows\zsmartclient_unittest.dll" id="9a0fb96e-e4fc-b2c2-ba48-82a57235f1f3">
      <TestCategory>
        <TestCategoryItem TestCategory="Search" />
      </TestCategory>
      <Execution id="827b7a1b-1ca6-4cce-9b0e-0a2e5a4c191c" />
      <TestMethod codeBase="D:\actions-runner\_work\XPCO\XPCO\AllSolutions\..\SC\Components\RemoteViewer\SmartClient\tst\zSmartClient_UnitTest\bin\x64\Debug\net6.0-windows\zSmartClient_UnitTest.dll" adapterTypeName="executor://mstestadapter/v2" className="SmartClient_UnitTest.VideoOS.RemoteClient.Plugin.CentralizedSearch.Models.ScopeDurationTests" name="Parse_LastSevenDays_Success" />
    </UnitTest>
    <UnitTest name="SupportsRightClick_ShouldBeFalse_WhenInteractionStateIsNotNormal" storage="d:\actions-runner\_work\xpco\xpco\allsolutions\..\sc\components\remoteviewer\smartclient\tst\zsmartclient_unittest\bin\x64\debug\net6.0-windows\zsmartclient_unittest.dll" id="2d399f3a-cd79-9af4-db68-ab2622857a87">
      <TestCategory>
        <TestCategoryItem TestCategory="GisMap.InputMarkerTest" />
      </TestCategory>
      <Execution id="fe9d00d2-1517-4efd-93a8-97d91c845706" />
      <TestMethod codeBase="D:\actions-runner\_work\XPCO\XPCO\AllSolutions\..\SC\Components\RemoteViewer\SmartClient\tst\zSmartClient_UnitTest\bin\x64\Debug\net6.0-windows\zSmartClient_UnitTest.dll" adapterTypeName="executor://mstestadapter/v2" className="SmartClient_UnitTest.VideoOS.RemoteClient.Plugin.GisMap.ThinkGeoMap.Markers.DeviceMarkers.InputMarker.InputMarkerTests" name="SupportsRightClick_ShouldBeFalse_WhenInteractionStateIsNotNormal" />
    </UnitTest>
    <UnitTest name="PtzSessionController_Unregister_None_Registered_Camera_Test" storage="d:\actions-runner\_work\xpco\xpco\allsolutions\..\sc\components\remoteviewer\smartclient\tst\zsmartclient_unittest\bin\x64\debug\net6.0-windows\zsmartclient_unittest.dll" id="bf43b520-f013-6f88-54e2-4da33d00fc9f">
      <Execution id="05d42115-fa0d-4c5e-beec-724b8c90a920" />
      <TestMethod codeBase="D:\actions-runner\_work\XPCO\XPCO\AllSolutions\..\SC\Components\RemoteViewer\SmartClient\tst\zSmartClient_UnitTest\bin\x64\Debug\net6.0-windows\zSmartClient_UnitTest.dll" adapterTypeName="executor://mstestadapter/v2" className="VideoOS.RemoteClient.Application.Controllers.UnitTest.PtzSessionControllerTest" name="PtzSessionController_Unregister_None_Registered_Camera_Test" />
    </UnitTest>
    <UnitTest name="SmartMapGoToPositionHandler_WhenDataIsNotSmartMapGoToPositionCommandData_ShouldWriteToLog" storage="d:\actions-runner\_work\xpco\xpco\allsolutions\..\sc\components\remoteviewer\smartclient\tst\zsmartclient_unittest\bin\x64\debug\net6.0-windows\zsmartclient_unittest.dll" id="e2bc20ac-f49d-eabf-edc0-8474eb6a4a1c">
      <Execution id="31fb1e9e-f50b-4759-b15f-eea5a04e4b23" />
      <TestMethod codeBase="D:\actions-runner\_work\XPCO\XPCO\AllSolutions\..\SC\Components\RemoteViewer\SmartClient\tst\zSmartClient_UnitTest\bin\x64\Debug\net6.0-windows\zSmartClient_UnitTest.dll" adapterTypeName="executor://mstestadapter/v2" className="SmartClient_UnitTest.VideoOS.RemoteClient.Plugin.GisMap.MIP.ContentHolderMipMessageManagerTests" name="SmartMapGoToPositionHandler_WhenDataIsNotSmartMapGoToPositionCommandData_ShouldWriteToLog" />
    </UnitTest>
    <UnitTest name="ToNormalizedFieldOfView_OutOfRange_2PI_Fail" storage="d:\actions-runner\_work\xpco\xpco\allsolutions\..\sc\components\remoteviewer\smartclient\tst\zsmartclient_unittest\bin\x64\debug\net6.0-windows\zsmartclient_unittest.dll" id="3483fd74-40ab-caaa-a1c3-b598cd24d905">
      <TestCategory>
        <TestCategoryItem TestCategory="GisMap" />
      </TestCategory>
      <Execution id="75273a4d-80c0-4faf-92ec-788f933f2b9a" />
      <TestMethod codeBase="D:\actions-runner\_work\XPCO\XPCO\AllSolutions\..\SC\Components\RemoteViewer\SmartClient\tst\zSmartClient_UnitTest\bin\x64\Debug\net6.0-windows\zSmartClient_UnitTest.dll" adapterTypeName="executor://mstestadapter/v2" className="SmartClient_UnitTest.VideoOS.RemoteClient.GisMap.Utilities.GisUtilityTests" name="ToNormalizedFieldOfView_OutOfRange_2PI_Fail" />
    </UnitTest>
    <UnitTest name="DeserializeEmptyState_Fail" storage="d:\actions-runner\_work\xpco\xpco\allsolutions\..\sc\components\remoteviewer\smartclient\tst\zsmartclient_unittest\bin\x64\debug\net6.0-windows\zsmartclient_unittest.dll" id="14084b93-5aba-08b1-aca1-53c6d97f4819">
      <Execution id="26d79893-4938-4a57-a9ee-1d32639353fc" />
      <TestMethod codeBase="D:\actions-runner\_work\XPCO\XPCO\AllSolutions\..\SC\Components\RemoteViewer\SmartClient\tst\zSmartClient_UnitTest\bin\x64\Debug\net6.0-windows\zSmartClient_UnitTest.dll" adapterTypeName="executor://mstestadapter/v2" className="SmartClient_UnitTest.VideoOS.RemoteClient.Data.VideoWall.MonitorStateTests" name="DeserializeEmptyState_Fail" />
    </UnitTest>
    <UnitTest name="ResultCountText_OneResults_Success" storage="d:\actions-runner\_work\xpco\xpco\allsolutions\..\sc\components\remoteviewer\smartclient\tst\zsmartclient_unittest\bin\x64\debug\net6.0-windows\zsmartclient_unittest.dll" id="c453d029-07d1-c3a5-eeb3-4f67d3418e09">
      <TestCategory>
        <TestCategoryItem TestCategory="SearchResultViewModels" />
      </TestCategory>
      <Execution id="187a33d8-641e-4122-9b84-712a08881af5" />
      <TestMethod codeBase="D:\actions-runner\_work\XPCO\XPCO\AllSolutions\..\SC\Components\RemoteViewer\SmartClient\tst\zSmartClient_UnitTest\bin\x64\Debug\net6.0-windows\zSmartClient_UnitTest.dll" adapterTypeName="executor://mstestadapter/v2" className="SmartClient_UnitTest.VideoOS.RemoteClient.Plugin.CentralizedSearch.ViewModels.SearchResultsViewModelTest" name="ResultCountText_OneResults_Success" />
    </UnitTest>
    <UnitTest name="Both enabled, not forced" storage="d:\actions-runner\_work\xpco\xpco\allsolutions\..\sc\components\remoteviewer\smartclient\tst\zsmartclient_unittest\bin\x64\debug\net6.0-windows\zsmartclient_unittest.dll" id="d85ccb45-df39-85fa-0735-81b50d6ae30d">
      <TestCategory>
        <TestCategoryItem TestCategory="Export" />
      </TestCategory>
      <Execution id="25cb70cc-68ac-4b82-b1b5-e76d6bc0bb14" />
      <TestMethod codeBase="D:\actions-runner\_work\XPCO\XPCO\AllSolutions\..\SC\Components\RemoteViewer\SmartClient\tst\zSmartClient_UnitTest\bin\x64\Debug\net6.0-windows\zSmartClient_UnitTest.dll" adapterTypeName="executor://mstestadapter/v2" className="SmartClient_UnitTest.VideoOS.RemoteClient.Plugin.Export.CreateExportDialogViewModelTests" name="CreateExportDialog_ExportDestinationPreSelected_BasedOnOptions" />
    </UnitTest>
    <UnitTest name="GisMapModel_MapVersion_IsCorrect" storage="d:\actions-runner\_work\xpco\xpco\allsolutions\..\sc\components\remoteviewer\smartclient\tst\zsmartclient_unittest\bin\x64\debug\net6.0-windows\zsmartclient_unittest.dll" id="35fc797f-8043-748e-70a2-2388d5cb8d3d">
      <TestCategory>
        <TestCategoryItem TestCategory="GisMap" />
      </TestCategory>
      <Execution id="e49e83e0-ce0a-469f-bb5a-1ba2789e38e0" />
      <TestMethod codeBase="D:\actions-runner\_work\XPCO\XPCO\AllSolutions\..\SC\Components\RemoteViewer\SmartClient\tst\zSmartClient_UnitTest\bin\x64\Debug\net6.0-windows\zSmartClient_UnitTest.dll" adapterTypeName="executor://mstestadapter/v2" className="SmartClient_UnitTest.VideoOS.RemoteClient.GisMapData.GisMapBasicTests" name="GisMapModel_MapVersion_IsCorrect" />
    </UnitTest>
    <UnitTest name="LoadSearchTemplate_NoActiveToNewActiveSuppressEvent_UpdateAndNoEvent" storage="d:\actions-runner\_work\xpco\xpco\allsolutions\..\sc\components\remoteviewer\smartclient\tst\zsmartclient_unittest\bin\x64\debug\net6.0-windows\zsmartclient_unittest.dll" id="165e0853-e6ec-d7d3-2c96-375c649002cc">
      <TestCategory>
        <TestCategoryItem TestCategory="SearchTemplates" />
      </TestCategory>
      <Execution id="5876bea6-12c5-479f-9cae-647352ff71b7" />
      <TestMethod codeBase="D:\actions-runner\_work\XPCO\XPCO\AllSolutions\..\SC\Components\RemoteViewer\SmartClient\tst\zSmartClient_UnitTest\bin\x64\Debug\net6.0-windows\zSmartClient_UnitTest.dll" adapterTypeName="executor://mstestadapter/v2" className="SmartClient_UnitTest.VideoOS.RemoteClient.Plugin.CentralizedSearch.SearchTemplates.SearchTemplateManagerTests" name="LoadSearchTemplate_NoActiveToNewActiveSuppressEvent_UpdateAndNoEvent" />
    </UnitTest>
    <UnitTest name="Toolbar_HasNoButtonsVisibleByDefault_WhenNotInLiveOrPlayback" storage="d:\actions-runner\_work\xpco\xpco\allsolutions\..\sc\components\remoteviewer\smartclient\tst\zsmartclient_unittest\bin\x64\debug\net6.0-windows\zsmartclient_unittest.dll" id="5660124e-2746-e525-af63-46d6c656faea">
      <TestCategory>
        <TestCategoryItem TestCategory="WorkspaceToolbar" />
      </TestCategory>
      <Execution id="bc96a95c-6df3-4c78-a234-6fbbcacea96f" />
      <TestMethod codeBase="D:\actions-runner\_work\XPCO\XPCO\AllSolutions\..\SC\Components\RemoteViewer\SmartClient\tst\zSmartClient_UnitTest\bin\x64\Debug\net6.0-windows\zSmartClient_UnitTest.dll" adapterTypeName="executor://mstestadapter/v2" className="SmartClient_UnitTest.VideoOS.RemoteClient.Application.UI.Content.WorkspaceToolbar.WorkspaceToolbarViewModelTests" name="Toolbar_HasNoButtonsVisibleByDefault_WhenNotInLiveOrPlayback" />
    </UnitTest>
    <UnitTest name="AddGetConfigurationCameraTest" storage="d:\actions-runner\_work\xpco\xpco\allsolutions\..\sc\components\remoteviewer\smartclient\tst\zsmartclient_unittest\bin\x64\debug\net6.0-windows\zsmartclient_unittest.dll" id="8b087bdb-e613-2682-1659-90f070e3535d">
      <Execution id="1dab0b48-ab54-4495-8f61-1fd166f0bd7a" />
      <TestMethod codeBase="D:\actions-runner\_work\XPCO\XPCO\AllSolutions\..\SC\Components\RemoteViewer\SmartClient\tst\zSmartClient_UnitTest\bin\x64\Debug\net6.0-windows\zSmartClient_UnitTest.dll" adapterTypeName="executor://mstestadapter/v2" className="SmartClient_UnitTest.VideoOS.Shared.ServerAPI.IServerConfigurationTest" name="AddGetConfigurationCameraTest" />
    </UnitTest>
    <UnitTest name="PTZArgsDto_ShouldYieldSameValues_WhenRoundTripConverted" storage="d:\actions-runner\_work\xpco\xpco\allsolutions\..\sc\components\remoteviewer\smartclient\tst\zsmartclient_unittest\bin\x64\debug\net6.0-windows\zsmartclient_unittest.dll" id="0dee4a37-8d38-ef6d-98a5-3e594bce7f88">
      <TestCategory>
        <TestCategoryItem TestCategory="RecorderProxyToDtoMapping" />
      </TestCategory>
      <Execution id="ac8c5d69-8f8f-4421-a518-82180b04f315" />
      <TestMethod codeBase="D:\actions-runner\_work\XPCO\XPCO\AllSolutions\..\SC\Components\RemoteViewer\SmartClient\tst\zSmartClient_UnitTest\bin\x64\Debug\net6.0-windows\zSmartClient_UnitTest.dll" adapterTypeName="executor://mstestadapter/v2" className="VideoOS.Shared.ServerAPI.SOAP.RecorderClientMappingTests" name="PTZArgsDto_ShouldYieldSameValues_WhenRoundTripConverted" />
    </UnitTest>
    <UnitTest name="ToDenormalizedDirection_Minus1_0" storage="d:\actions-runner\_work\xpco\xpco\allsolutions\..\sc\components\remoteviewer\smartclient\tst\zsmartclient_unittest\bin\x64\debug\net6.0-windows\zsmartclient_unittest.dll" id="ba333333-3cb8-334f-91af-f5ad79143e8f">
      <TestCategory>
        <TestCategoryItem TestCategory="GisMap" />
      </TestCategory>
      <Execution id="ff5fd5b9-0d76-44c7-91e2-11f7099a9a15" />
      <TestMethod codeBase="D:\actions-runner\_work\XPCO\XPCO\AllSolutions\..\SC\Components\RemoteViewer\SmartClient\tst\zSmartClient_UnitTest\bin\x64\Debug\net6.0-windows\zSmartClient_UnitTest.dll" adapterTypeName="executor://mstestadapter/v2" className="SmartClient_UnitTest.VideoOS.RemoteClient.GisMap.Utilities.GisUtilityTests" name="ToDenormalizedDirection_Minus1_0" />
    </UnitTest>
    <UnitTest name="AddSelectedCameras_AddedUnsorted_Sorted" storage="d:\actions-runner\_work\xpco\xpco\allsolutions\..\sc\components\remoteviewer\smartclient\tst\zsmartclient_unittest\bin\x64\debug\net6.0-windows\zsmartclient_unittest.dll" id="f2392ab0-78ba-8d94-1e9f-3ff53d3d1da4">
      <TestCategory>
        <TestCategoryItem TestCategory="SearchViewModels" />
      </TestCategory>
      <Execution id="1e7b0842-4045-4c0c-a4e7-5ff9c023089e" />
      <TestMethod codeBase="D:\actions-runner\_work\XPCO\XPCO\AllSolutions\..\SC\Components\RemoteViewer\SmartClient\tst\zSmartClient_UnitTest\bin\x64\Debug\net6.0-windows\zSmartClient_UnitTest.dll" adapterTypeName="executor://mstestadapter/v2" className="SmartClient_UnitTest.VideoOS.RemoteClient.Plugin.CentralizedSearch.ViewModels.SearchViewModelTests" name="AddSelectedCameras_AddedUnsorted_Sorted" />
    </UnitTest>
    <UnitTest name="MutedMicrophoneIcons_ShouldReturnIconsInAProperOrder_WhenCalled" storage="d:\actions-runner\_work\xpco\xpco\allsolutions\..\sc\components\remoteviewer\smartclient\tst\zsmartclient_unittest\bin\x64\debug\net6.0-windows\zsmartclient_unittest.dll" id="9337e38c-4624-4f1b-786d-f8be59a53622">
      <TestCategory>
        <TestCategoryItem TestCategory="GisMapData.MicrophoneOemResourcesProviderTests" />
      </TestCategory>
      <Execution id="5497d32f-66a4-4f73-b9d8-cf2a0c4d7286" />
      <TestMethod codeBase="D:\actions-runner\_work\XPCO\XPCO\AllSolutions\..\SC\Components\RemoteViewer\SmartClient\tst\zSmartClient_UnitTest\bin\x64\Debug\net6.0-windows\zSmartClient_UnitTest.dll" adapterTypeName="executor://mstestadapter/v2" className="SmartClient_UnitTest.VideoOS.RemoteClient.GisMapData.Resources.MicrophoneOemResourcesProviderTests" name="MutedMicrophoneIcons_ShouldReturnIconsInAProperOrder_WhenCalled" />
    </UnitTest>
    <UnitTest name="SearchResultsActionBarActions_DeleteBookmark_ConfirmDeleteNo_DeleteCancelled" storage="d:\actions-runner\_work\xpco\xpco\allsolutions\..\sc\components\remoteviewer\smartclient\tst\zsmartclient_unittest\bin\x64\debug\net6.0-windows\zsmartclient_unittest.dll" id="883ed386-0af3-88ca-5bd9-30da25d79f41">
      <TestCategory>
        <TestCategoryItem TestCategory="Search.Bookmarks" />
      </TestCategory>
      <Execution id="4fa310ad-9e61-4fbb-a2d3-f81165814590" />
      <TestMethod codeBase="D:\actions-runner\_work\XPCO\XPCO\AllSolutions\..\SC\Components\RemoteViewer\SmartClient\tst\zSmartClient_UnitTest\bin\x64\Debug\net6.0-windows\zSmartClient_UnitTest.dll" adapterTypeName="executor://mstestadapter/v2" className="SmartClient_UnitTest.VideoOS.RemoteClient.Plugin.CentralizedSearch.ViewModels.SearchResultsActionBarViewModelTest" name="SearchResultsActionBarActions_DeleteBookmark_ConfirmDeleteNo_DeleteCancelled" />
    </UnitTest>
    <UnitTest name="SetLayerFeatures_ShouldRaiseArgumentException_WhenNoneCameraKindAndCameraLayerFeatures" storage="d:\actions-runner\_work\xpco\xpco\allsolutions\..\sc\components\remoteviewer\smartclient\tst\zsmartclient_unittest\bin\x64\debug\net6.0-windows\zsmartclient_unittest.dll" id="7b5ff511-526b-7adf-f4f4-c89931ab0b4e">
      <TestCategory>
        <TestCategoryItem TestCategory="GisMapData.Controllers.LayerFeatures" />
      </TestCategory>
      <Execution id="4961f3d9-bf43-4c2d-ae0f-b0a6887ad673" />
      <TestMethod codeBase="D:\actions-runner\_work\XPCO\XPCO\AllSolutions\..\SC\Components\RemoteViewer\SmartClient\tst\zSmartClient_UnitTest\bin\x64\Debug\net6.0-windows\zSmartClient_UnitTest.dll" adapterTypeName="executor://mstestadapter/v2" className="SmartClient_UnitTest.VideoOS.RemoteClient.GisMapData.Controllers.LayerFeatures.LayerFeaturesControllerTests" name="SetLayerFeatures_ShouldRaiseArgumentException_WhenNoneCameraKindAndCameraLayerFeatures" />
    </UnitTest>
    <UnitTest name="OnMarkerSelected_ShouldDeselectAndReselectMarker_WhenSingleSelectionAndAlreadySelected" storage="d:\actions-runner\_work\xpco\xpco\allsolutions\..\sc\components\remoteviewer\smartclient\tst\zsmartclient_unittest\bin\x64\debug\net6.0-windows\zsmartclient_unittest.dll" id="e28ccd3c-119e-ea01-443c-a177bc7fcafe">
      <TestCategory>
        <TestCategoryItem TestCategory="SmartMap.SelectionHelper" />
      </TestCategory>
      <Execution id="11d5a629-03f1-4f49-9274-d3441d9ecbf6" />
      <TestMethod codeBase="D:\actions-runner\_work\XPCO\XPCO\AllSolutions\..\SC\Components\RemoteViewer\SmartClient\tst\zSmartClient_UnitTest\bin\x64\Debug\net6.0-windows\zSmartClient_UnitTest.dll" adapterTypeName="executor://mstestadapter/v2" className="SmartClient_UnitTest.VideoOS.RemoteClient.Plugin.GisMap.ThinkGeoMap.SpecializedOverlays.Overlays.SelectionHelperTests" name="OnMarkerSelected_ShouldDeselectAndReselectMarker_WhenSingleSelectionAndAlreadySelected" />
    </UnitTest>
    <UnitTest name="GetDeactivatedOutputIconId_ShouldRaiseArgumentException_WhenArgumentIsNotAActivatedOutputIconId" storage="d:\actions-runner\_work\xpco\xpco\allsolutions\..\sc\components\remoteviewer\smartclient\tst\zsmartclient_unittest\bin\x64\debug\net6.0-windows\zsmartclient_unittest.dll" id="1435e2a2-bee2-1d2d-95b6-bab177d11e01">
      <TestCategory>
        <TestCategoryItem TestCategory="GisMapData.OutputOemResourcesProviderTests" />
      </TestCategory>
      <Execution id="0b5c4f99-3057-4c46-978b-c30714a1b0e7" />
      <TestMethod codeBase="D:\actions-runner\_work\XPCO\XPCO\AllSolutions\..\SC\Components\RemoteViewer\SmartClient\tst\zSmartClient_UnitTest\bin\x64\Debug\net6.0-windows\zSmartClient_UnitTest.dll" adapterTypeName="executor://mstestadapter/v2" className="SmartClient_UnitTest.VideoOS.RemoteClient.GisMapData.Resources.OutputOemResourcesProviderTests" name="GetDeactivatedOutputIconId_ShouldRaiseArgumentException_WhenArgumentIsNotAActivatedOutputIconId" />
    </UnitTest>
    <UnitTest name="PtzPresetsMenuViewModel_PtzCotrolledByPatrollingTest" storage="d:\actions-runner\_work\xpco\xpco\allsolutions\..\sc\components\remoteviewer\smartclient\tst\zsmartclient_unittest\bin\x64\debug\net6.0-windows\zsmartclient_unittest.dll" id="29212116-6a0b-3ffd-ae50-19c86a9244cc">
      <Execution id="293653c5-5cd2-42f8-935b-5c0fe8b9bac0" />
      <TestMethod codeBase="D:\actions-runner\_work\XPCO\XPCO\AllSolutions\..\SC\Components\RemoteViewer\SmartClient\tst\zSmartClient_UnitTest\bin\x64\Debug\net6.0-windows\zSmartClient_UnitTest.dll" adapterTypeName="executor://mstestadapter/v2" className="SmartClient_UnitTest.VideoOS.RemoteClient.Application.Data.ContentTypes.CameraContentType.PtzPresetsMenuViewModelTest" name="PtzPresetsMenuViewModel_PtzCotrolledByPatrollingTest" />
    </UnitTest>
    <UnitTest name="ScWorkspaceStateChangedEvent_ShouldSetDeviceIsDisabledToFalse_WhenSwitchingToSetupModeAndDeviceIsDisabled" storage="d:\actions-runner\_work\xpco\xpco\allsolutions\..\sc\components\remoteviewer\smartclient\tst\zsmartclient_unittest\bin\x64\debug\net6.0-windows\zsmartclient_unittest.dll" id="9060a50a-9771-de76-4b8f-daa876d7df09">
      <TestCategory>
        <TestCategoryItem TestCategory="GisMapData.MapLayers" />
      </TestCategory>
      <Execution id="4bcb3f49-5a1f-4279-a8cb-c4b011ca54ed" />
      <TestMethod codeBase="D:\actions-runner\_work\XPCO\XPCO\AllSolutions\..\SC\Components\RemoteViewer\SmartClient\tst\zSmartClient_UnitTest\bin\x64\Debug\net6.0-windows\zSmartClient_UnitTest.dll" adapterTypeName="executor://mstestadapter/v2" className="SmartClient_UnitTest.VideoOS.RemoteClient.GisMapData.MapLayers.MicrophoneItemsMapLayerTests" name="ScWorkspaceStateChangedEvent_ShouldSetDeviceIsDisabledToFalse_WhenSwitchingToSetupModeAndDeviceIsDisabled" />
    </UnitTest>
    <UnitTest name="BoundingBoxValidAndInValidData" storage="d:\actions-runner\_work\xpco\xpco\allsolutions\..\sc\components\remoteviewer\smartclient\tst\zsmartclient_unittest\bin\x64\debug\net6.0-windows\zsmartclient_unittest.dll" id="d2f75ecd-c8ef-a49e-a7d9-9ac8db3c0867">
      <Execution id="e53fa98a-c8bd-429f-b3b1-3a1e8c389baf" />
      <TestMethod codeBase="D:\actions-runner\_work\XPCO\XPCO\AllSolutions\..\SC\Components\RemoteViewer\SmartClient\tst\zSmartClient_UnitTest\bin\x64\Debug\net6.0-windows\zSmartClient_UnitTest.dll" adapterTypeName="executor://mstestadapter/v2" className="SmartClient_UnitTest.VideoOS.RemoteClient.Application.Data.Metadata.BoundingBoxes.BoundingBoxProviderTest" name="BoundingBoxValidAndInValidData" />
    </UnitTest>
    <UnitTest name="ParseFromName_SecondZero_MinutesNotRoundedUp" storage="d:\actions-runner\_work\xpco\xpco\allsolutions\..\sc\components\remoteviewer\smartclient\tst\zsmartclient_unittest\bin\x64\debug\net6.0-windows\zsmartclient_unittest.dll" id="195570df-9817-b542-b94a-a76463a05b14">
      <TestCategory>
        <TestCategoryItem TestCategory="Search" />
      </TestCategory>
      <Execution id="9ad03e30-baba-4d91-bb5e-48498614750c" />
      <TestMethod codeBase="D:\actions-runner\_work\XPCO\XPCO\AllSolutions\..\SC\Components\RemoteViewer\SmartClient\tst\zSmartClient_UnitTest\bin\x64\Debug\net6.0-windows\zSmartClient_UnitTest.dll" adapterTypeName="executor://mstestadapter/v2" className="SmartClient_UnitTest.VideoOS.RemoteClient.Plugin.CentralizedSearch.ViewModels.Data.TimeScopeTests" name="ParseFromName_SecondZero_MinutesNotRoundedUp" />
    </UnitTest>
    <UnitTest name="ValidateExportFormats_SmartClientPlayerFormat_ShouldReturnFailResult_ExportPathIsTooLong (c:\aaaaaaaaaaaaaaaaaaaaaaaaaaaaaaaaaaaaaaaaaaaaaaaaaaaaaaaaaaaaaaaaaaaaaaaaaaaaaaaaaaaaaaaaaaaaaaaaaaaaaaaaaaaaaaaaaaaaaaaaaaaaaaaaaaaaaaaaaaaaaaaaaaaaaaaaaaaaaaaaaaaaaaaaaaaaaaaaaaaaaaa)" storage="d:\actions-runner\_work\xpco\xpco\allsolutions\..\sc\components\remoteviewer\smartclient\tst\zsmartclient_unittest\bin\x64\debug\net6.0-windows\zsmartclient_unittest.dll" id="ce972480-9742-1510-efc9-f75d1c2264f7">
      <TestCategory>
        <TestCategoryItem TestCategory="Export" />
      </TestCategory>
      <Execution id="07566023-721e-4f61-b09f-dbaf55bd73bf" />
      <TestMethod codeBase="D:\actions-runner\_work\XPCO\XPCO\AllSolutions\..\SC\Components\RemoteViewer\SmartClient\tst\zSmartClient_UnitTest\bin\x64\Debug\net6.0-windows\zSmartClient_UnitTest.dll" adapterTypeName="executor://mstestadapter/v2" className="SmartClient_UnitTest.VideoOS.RemoteClient.Plugin.Export.ExportDataValidatorTests" name="ValidateExportFormats_SmartClientPlayerFormat_ShouldReturnFailResult_ExportPathIsTooLong" />
    </UnitTest>
    <UnitTest name="AddToExportDevices_ShouldReturnCorrectResult (1,1,1)" storage="d:\actions-runner\_work\xpco\xpco\allsolutions\..\sc\components\remoteviewer\smartclient\tst\zsmartclient_unittest\bin\x64\debug\net6.0-windows\zsmartclient_unittest.dll" id="23832ca3-0067-c599-3202-0d4d2bcc2035">
      <TestCategory>
        <TestCategoryItem TestCategory="Managers" />
      </TestCategory>
      <Execution id="0b6aad44-8023-4d19-b535-3f181dcef2ce" />
      <TestMethod codeBase="D:\actions-runner\_work\XPCO\XPCO\AllSolutions\..\SC\Components\RemoteViewer\SmartClient\tst\zSmartClient_UnitTest\bin\x64\Debug\net6.0-windows\zSmartClient_UnitTest.dll" adapterTypeName="executor://mstestadapter/v2" className="SmartClient_UnitTest.VideoOS.RemoteClient.Application.Managers.ExportManagerTests" name="AddToExportDevices_ShouldReturnCorrectResult" />
    </UnitTest>
    <UnitTest name="InputMapItem_Delete_Success" storage="d:\actions-runner\_work\xpco\xpco\allsolutions\..\sc\components\remoteviewer\smartclient\tst\zsmartclient_unittest\bin\x64\debug\net6.0-windows\zsmartclient_unittest.dll" id="86c3c546-c6cf-be65-f34c-24ab64b4ab72">
      <TestCategory>
        <TestCategoryItem TestCategory="GisMapData.MapItem.Inputs" />
      </TestCategory>
      <Execution id="36de9ab6-4091-49e6-846a-2911bf98ddee" />
      <TestMethod codeBase="D:\actions-runner\_work\XPCO\XPCO\AllSolutions\..\SC\Components\RemoteViewer\SmartClient\tst\zSmartClient_UnitTest\bin\x64\Debug\net6.0-windows\zSmartClient_UnitTest.dll" adapterTypeName="executor://mstestadapter/v2" className="SmartClient_UnitTest.VideoOS.RemoteClient.GisMapData.MapItem.Inputs.InputMapItemTests" name="InputMapItem_Delete_Success" />
    </UnitTest>
    <UnitTest name="GetClusters_ShouldMergeSimpleClustersToSuperCluster_WhenZoomingOut" storage="d:\actions-runner\_work\xpco\xpco\allsolutions\..\sc\components\remoteviewer\smartclient\tst\zsmartclient_unittest\bin\x64\debug\net6.0-windows\zsmartclient_unittest.dll" id="a181eeb7-1c31-8890-a7e0-69f2adb601a4">
      <TestCategory>
        <TestCategoryItem TestCategory="GisMapIndex.SuperClusters" />
      </TestCategory>
      <Execution id="1bb2ec6b-8644-409a-9f64-630da95685ce" />
      <TestMethod codeBase="D:\actions-runner\_work\XPCO\XPCO\AllSolutions\..\SC\Components\RemoteViewer\SmartClient\tst\zSmartClient_UnitTest\bin\x64\Debug\net6.0-windows\zSmartClient_UnitTest.dll" adapterTypeName="executor://mstestadapter/v2" className="SmartClient_UnitTest.VideoOS.RemoteClient.GisMapData.Common.Indexer.MapItemIndexerTests_SuperClusters" name="GetClusters_ShouldMergeSimpleClustersToSuperCluster_WhenZoomingOut" />
    </UnitTest>
    <UnitTest name="Close_ViewModelIsClosed" storage="d:\actions-runner\_work\xpco\xpco\allsolutions\..\sc\components\remoteviewer\smartclient\tst\zsmartclient_unittest\bin\x64\debug\net6.0-windows\zsmartclient_unittest.dll" id="eb8cc7fe-9fe8-0f19-c373-e4f56eaad478">
      <TestCategory>
        <TestCategoryItem TestCategory="Export" />
      </TestCategory>
      <Execution id="1a386d70-c9f0-48f1-bb16-07108718c565" />
      <TestMethod codeBase="D:\actions-runner\_work\XPCO\XPCO\AllSolutions\..\SC\Components\RemoteViewer\SmartClient\tst\zSmartClient_UnitTest\bin\x64\Debug\net6.0-windows\zSmartClient_UnitTest.dll" adapterTypeName="executor://mstestadapter/v2" className="SmartClient_UnitTest.VideoOS.RemoteClient.Plugin.Export.ExportContentHolderTests" name="Close_ViewModelIsClosed" />
    </UnitTest>
    <UnitTest name="TryGetOsmServerTileAddress_ShouldReturnFalse_WhenOsmServerAddressIsEmpty" storage="d:\actions-runner\_work\xpco\xpco\allsolutions\..\sc\components\remoteviewer\smartclient\tst\zsmartclient_unittest\bin\x64\debug\net6.0-windows\zsmartclient_unittest.dll" id="5ea77848-9cab-6829-7cc9-030d32485ccd">
      <TestCategory>
        <TestCategoryItem TestCategory="GisMapData.Controllers.Osm" />
      </TestCategory>
      <Execution id="b8172e4f-b51b-4bf6-b07a-4fcdbfb32153" />
      <TestMethod codeBase="D:\actions-runner\_work\XPCO\XPCO\AllSolutions\..\SC\Components\RemoteViewer\SmartClient\tst\zSmartClient_UnitTest\bin\x64\Debug\net6.0-windows\zSmartClient_UnitTest.dll" adapterTypeName="executor://mstestadapter/v2" className="SmartClient_UnitTest.VideoOS.RemoteClient.GisMapData.Controllers.Osm.GisMapOsmControllerTests" name="TryGetOsmServerTileAddress_ShouldReturnFalse_WhenOsmServerAddressIsEmpty" />
    </UnitTest>
    <UnitTest name="PtzSessionControllerInfo_UserChangedTest_NoChange_Patrolling" storage="d:\actions-runner\_work\xpco\xpco\allsolutions\..\sc\components\remoteviewer\smartclient\tst\zsmartclient_unittest\bin\x64\debug\net6.0-windows\zsmartclient_unittest.dll" id="0bc3c781-e5e2-4061-bcbc-7fa16190d596">
      <Execution id="b882860e-d68a-4dde-b627-dd0402174dc7" />
      <TestMethod codeBase="D:\actions-runner\_work\XPCO\XPCO\AllSolutions\..\SC\Components\RemoteViewer\SmartClient\tst\zSmartClient_UnitTest\bin\x64\Debug\net6.0-windows\zSmartClient_UnitTest.dll" adapterTypeName="executor://mstestadapter/v2" className="VideoOS.RemoteClient.Application.Controllers.UnitTest.PtzSessionControllerTest" name="PtzSessionControllerInfo_UserChangedTest_NoChange_Patrolling" />
    </UnitTest>
    <UnitTest name="UpdateItemState_Hidden_NullCamera" storage="d:\actions-runner\_work\xpco\xpco\allsolutions\..\sc\components\remoteviewer\smartclient\tst\zsmartclient_unittest\bin\x64\debug\net6.0-windows\zsmartclient_unittest.dll" id="73ba8d8b-63f0-7559-fdd9-22c8ccb33146">
      <TestCategory>
        <TestCategoryItem TestCategory="ContentHolderToolbar" />
      </TestCategory>
      <Execution id="8499a461-ce37-47f3-aa90-09856c4cac16" />
      <TestMethod codeBase="D:\actions-runner\_work\XPCO\XPCO\AllSolutions\..\SC\Components\RemoteViewer\SmartClient\tst\zSmartClient_UnitTest\bin\x64\Debug\net6.0-windows\zSmartClient_UnitTest.dll" adapterTypeName="executor://mstestadapter/v2" className="SmartClient_UnitTest.VideoOS.RemoteClient.Application.Data.ContentHolderToolbar.ToolBarItemSearchTests" name="UpdateItemState_Hidden_NullCamera" />
    </UnitTest>
    <UnitTest name="GetUtcToday_DifferentTimeZoneNoDst_Success" storage="d:\actions-runner\_work\xpco\xpco\allsolutions\..\sc\components\remoteviewer\smartclient\tst\zsmartclient_unittest\bin\x64\debug\net6.0-windows\zsmartclient_unittest.dll" id="4ab80538-8920-6bd3-f5bf-6a692e875394">
      <TestCategory>
        <TestCategoryItem TestCategory="Search" />
      </TestCategory>
      <Execution id="52283154-b6af-462a-9b4b-8da171f5fea8" />
      <TestMethod codeBase="D:\actions-runner\_work\XPCO\XPCO\AllSolutions\..\SC\Components\RemoteViewer\SmartClient\tst\zSmartClient_UnitTest\bin\x64\Debug\net6.0-windows\zSmartClient_UnitTest.dll" adapterTypeName="executor://mstestadapter/v2" className="SmartClient_UnitTest.VideoOS.RemoteClient.Plugin.CentralizedSearch.ViewModels.Data.TimeScopeTests" name="GetUtcToday_DifferentTimeZoneNoDst_Success" />
    </UnitTest>
    <UnitTest name="SearchResultsActionBarActions_Export_OptionAvailable_Enabled" storage="d:\actions-runner\_work\xpco\xpco\allsolutions\..\sc\components\remoteviewer\smartclient\tst\zsmartclient_unittest\bin\x64\debug\net6.0-windows\zsmartclient_unittest.dll" id="12b1647d-efe3-c366-079d-2236800d0935">
      <TestCategory>
        <TestCategoryItem TestCategory="SearchResultActionBarViewModel" />
      </TestCategory>
      <Execution id="bb8685dc-b2e0-4381-953b-5ad49a490772" />
      <TestMethod codeBase="D:\actions-runner\_work\XPCO\XPCO\AllSolutions\..\SC\Components\RemoteViewer\SmartClient\tst\zSmartClient_UnitTest\bin\x64\Debug\net6.0-windows\zSmartClient_UnitTest.dll" adapterTypeName="executor://mstestadapter/v2" className="SmartClient_UnitTest.VideoOS.RemoteClient.Plugin.CentralizedSearch.ViewModels.SearchResultsActionBarViewModelTest" name="SearchResultsActionBarActions_Export_OptionAvailable_Enabled" />
    </UnitTest>
    <UnitTest name="DeleteMapItems_ShouldReturnTrue_WhenUserAcknowledgesDeletionOfSingleItem" storage="d:\actions-runner\_work\xpco\xpco\allsolutions\..\sc\components\remoteviewer\smartclient\tst\zsmartclient_unittest\bin\x64\debug\net6.0-windows\zsmartclient_unittest.dll" id="b7bca108-da6d-1f8c-7ea5-81ba3e07496a">
      <TestCategory>
        <TestCategoryItem TestCategory="GisMapModelController" />
      </TestCategory>
      <Execution id="66a7cd52-734c-4faa-9936-843069049c26" />
      <TestMethod codeBase="D:\actions-runner\_work\XPCO\XPCO\AllSolutions\..\SC\Components\RemoteViewer\SmartClient\tst\zSmartClient_UnitTest\bin\x64\Debug\net6.0-windows\zSmartClient_UnitTest.dll" adapterTypeName="executor://mstestadapter/v2" className="SmartClient_UnitTest.VideoOS.RemoteClient.GisMapData.GisMapModelControllerTests" name="DeleteMapItems_ShouldReturnTrue_WhenUserAcknowledgesDeletionOfSingleItem" />
    </UnitTest>
    <UnitTest name="UpdateHomeLocationInModel_Updated_Succes" storage="d:\actions-runner\_work\xpco\xpco\allsolutions\..\sc\components\remoteviewer\smartclient\tst\zsmartclient_unittest\bin\x64\debug\net6.0-windows\zsmartclient_unittest.dll" id="7bbe3c7b-c7f6-b4cd-97f0-8c1f6db6c80e">
      <TestCategory>
        <TestCategoryItem TestCategory="GisMapContentHolderTests" />
      </TestCategory>
      <Execution id="eeb8eb6c-fc18-436c-a3eb-b9876fe3e007" />
      <TestMethod codeBase="D:\actions-runner\_work\XPCO\XPCO\AllSolutions\..\SC\Components\RemoteViewer\SmartClient\tst\zSmartClient_UnitTest\bin\x64\Debug\net6.0-windows\zSmartClient_UnitTest.dll" adapterTypeName="executor://mstestadapter/v2" className="SmartClient_UnitTest.VideoOS.RemoteClient.Plugin.GisMap.ContentHolderTests" name="UpdateHomeLocationInModel_Updated_Succes" />
    </UnitTest>
    <UnitTest name="MakeId_ShouldGenerateUniqueId_WhenTwoDefinitionsGenerateSameResultIds" storage="d:\actions-runner\_work\xpco\xpco\allsolutions\..\sc\components\remoteviewer\smartclient\tst\zsmartclient_unittest\bin\x64\debug\net6.0-windows\zsmartclient_unittest.dll" id="c31b76c8-61cb-842b-101d-3527fdf73529">
      <TestCategory>
        <TestCategoryItem TestCategory="Search.Wrappers" />
      </TestCategory>
      <Execution id="0803c275-4086-4e5a-acb1-2e2c81810a7f" />
      <TestMethod codeBase="D:\actions-runner\_work\XPCO\XPCO\AllSolutions\..\SC\Components\RemoteViewer\SmartClient\tst\zSmartClient_UnitTest\bin\x64\Debug\net6.0-windows\zSmartClient_UnitTest.dll" adapterTypeName="executor://mstestadapter/v2" className="SmartClient_UnitTest.VideoOS.RemoteClient.Plugin.CentralizedSearch.Models.Wrappers.SearchResultDataWrapperTests" name="MakeId_ShouldGenerateUniqueId_WhenTwoDefinitionsGenerateSameResultIds" />
    </UnitTest>
    <UnitTest name="PatrollingProfileListViewModel_ResolvePresetName_New_Preset" storage="d:\actions-runner\_work\xpco\xpco\allsolutions\..\sc\components\remoteviewer\smartclient\tst\zsmartclient_unittest\bin\x64\debug\net6.0-windows\zsmartclient_unittest.dll" id="f8edaabc-4dde-c771-27c5-00bf75b12606">
      <Execution id="783a0da1-c10f-4ebd-8538-07ffab42c0fb" />
      <TestMethod codeBase="D:\actions-runner\_work\XPCO\XPCO\AllSolutions\..\SC\Components\RemoteViewer\SmartClient\tst\zSmartClient_UnitTest\bin\x64\Debug\net6.0-windows\zSmartClient_UnitTest.dll" adapterTypeName="executor://mstestadapter/v2" className="SmartClient_UnitTest.VideoOS.RemoteClient.Application.UI.PtzPreset.PatrollingViewModel.PatrollingProfileListViewModelTest" name="PatrollingProfileListViewModel_ResolvePresetName_New_Preset" />
    </UnitTest>
    <UnitTest name="UpdateScope_AbsoluteScopeDurationToTimeChanged_ReturnsTrue" storage="d:\actions-runner\_work\xpco\xpco\allsolutions\..\sc\components\remoteviewer\smartclient\tst\zsmartclient_unittest\bin\x64\debug\net6.0-windows\zsmartclient_unittest.dll" id="a4234a76-75fb-b47f-57a5-6def17414cfd">
      <TestCategory>
        <TestCategoryItem TestCategory="SearchModels" />
      </TestCategory>
      <Execution id="913d544d-5f9a-47ee-8d1d-2ec7ffe1b088" />
      <TestMethod codeBase="D:\actions-runner\_work\XPCO\XPCO\AllSolutions\..\SC\Components\RemoteViewer\SmartClient\tst\zSmartClient_UnitTest\bin\x64\Debug\net6.0-windows\zSmartClient_UnitTest.dll" adapterTypeName="executor://mstestadapter/v2" className="SmartClient_UnitTest.VideoOS.RemoteClient.Plugin.CentralizedSearch.Models.SearchScopeTests" name="UpdateScope_AbsoluteScopeDurationToTimeChanged_ReturnsTrue" />
    </UnitTest>
    <UnitTest name="PtzInfoViewModel_PtzCotrolledByUnknownTest" storage="d:\actions-runner\_work\xpco\xpco\allsolutions\..\sc\components\remoteviewer\smartclient\tst\zsmartclient_unittest\bin\x64\debug\net6.0-windows\zsmartclient_unittest.dll" id="604833d7-d8a0-cb51-77cf-d5e2a38bc181">
      <Execution id="77712e65-d0d7-487c-94fb-487bfc3dd547" />
      <TestMethod codeBase="D:\actions-runner\_work\XPCO\XPCO\AllSolutions\..\SC\Components\RemoteViewer\SmartClient\tst\zSmartClient_UnitTest\bin\x64\Debug\net6.0-windows\zSmartClient_UnitTest.dll" adapterTypeName="executor://mstestadapter/v2" className="SmartClient_UnitTest.VideoOS.RemoteClient.Plugin.Map.WPFObjects.PtzInfoViewModelUnitTest" name="PtzInfoViewModel_PtzCotrolledByUnknownTest" />
    </UnitTest>
    <UnitTest name="Convert_ShouldReturnFalse_WhenParameterIsNotEqualToValue" storage="d:\actions-runner\_work\xpco\xpco\allsolutions\..\sc\components\remoteviewer\smartclient\tst\zsmartclient_unittest\bin\x64\debug\net6.0-windows\zsmartclient_unittest.dll" id="5ed08d6e-1829-53d6-39c2-5824072e1015">
      <TestCategory>
        <TestCategoryItem TestCategory="GisMap.InteractionStateConverter" />
      </TestCategory>
      <Execution id="2a351d9e-5d77-46eb-a24a-e7b89144e51f" />
      <TestMethod codeBase="D:\actions-runner\_work\XPCO\XPCO\AllSolutions\..\SC\Components\RemoteViewer\SmartClient\tst\zSmartClient_UnitTest\bin\x64\Debug\net6.0-windows\zSmartClient_UnitTest.dll" adapterTypeName="executor://mstestadapter/v2" className="SmartClient_UnitTest.VideoOS.RemoteClient.Plugin.GisMap.View.InteractionStateConverterTests" name="Convert_ShouldReturnFalse_WhenParameterIsNotEqualToValue" />
    </UnitTest>
    <UnitTest name="GetPartialDiffBetweenDictionaries_ShouldReturnCorrectValues (System.Collections.Generic.Dictionary`2[System.String,System.String],System.Collections.Generic.Dictionary`2[System.String,System.String],System.Collections.Generic.Dictionary`2[System.String,System.String])" storage="d:\actions-runner\_work\xpco\xpco\allsolutions\..\sc\components\remoteviewer\smartclient\tst\zsmartclient_unittest\bin\x64\debug\net6.0-windows\zsmartclient_unittest.dll" id="ae9b7ba8-a455-9b25-0586-eaded100e724">
      <Execution id="066e09d8-1e13-4826-8c9c-b8e0ccf119fb" />
      <TestMethod codeBase="D:\actions-runner\_work\XPCO\XPCO\AllSolutions\..\SC\Components\RemoteViewer\SmartClient\tst\zSmartClient_UnitTest\bin\x64\Debug\net6.0-windows\zSmartClient_UnitTest.dll" adapterTypeName="executor://mstestadapter/v2" className="SmartClient_UnitTest.VideoOS.RemoteClient.Application.Common.Telemetry.TelemetryBuilderTests" name="GetPartialDiffBetweenDictionaries_ShouldReturnCorrectValues" />
    </UnitTest>
    <UnitTest name="StartSelection_ShouldClearAnyExistingSelections_WhenNotAddingToExitingSelection" storage="d:\actions-runner\_work\xpco\xpco\allsolutions\..\sc\components\remoteviewer\smartclient\tst\zsmartclient_unittest\bin\x64\debug\net6.0-windows\zsmartclient_unittest.dll" id="455c6da2-80f5-0fe8-cc92-891d7de0d2ac">
      <TestCategory>
        <TestCategoryItem TestCategory="SmartMap.SelectionHelper" />
      </TestCategory>
      <Execution id="de20287e-f11c-49ab-b4dd-aa970dbfdf9f" />
      <TestMethod codeBase="D:\actions-runner\_work\XPCO\XPCO\AllSolutions\..\SC\Components\RemoteViewer\SmartClient\tst\zSmartClient_UnitTest\bin\x64\Debug\net6.0-windows\zSmartClient_UnitTest.dll" adapterTypeName="executor://mstestadapter/v2" className="SmartClient_UnitTest.VideoOS.RemoteClient.Plugin.GisMap.ThinkGeoMap.SpecializedOverlays.Overlays.SelectionHelperTests" name="StartSelection_ShouldClearAnyExistingSelections_WhenNotAddingToExitingSelection" />
    </UnitTest>
    <UnitTest name="IsCurrentScaleEqualTo_ShouldReturnFalse_WhenValuesAreNotEqualWithinGivenPrecision" storage="d:\actions-runner\_work\xpco\xpco\allsolutions\..\sc\components\remoteviewer\smartclient\tst\zsmartclient_unittest\bin\x64\debug\net6.0-windows\zsmartclient_unittest.dll" id="e5f806d4-832f-52ef-8b31-b0825a471642">
      <TestCategory>
        <TestCategoryItem TestCategory="MapExtentManager" />
      </TestCategory>
      <Execution id="61945b7d-81d0-489f-b761-d20c8fe3d6e9" />
      <TestMethod codeBase="D:\actions-runner\_work\XPCO\XPCO\AllSolutions\..\SC\Components\RemoteViewer\SmartClient\tst\zSmartClient_UnitTest\bin\x64\Debug\net6.0-windows\zSmartClient_UnitTest.dll" adapterTypeName="executor://mstestadapter/v2" className="SmartClient_UnitTest.VideoOS.RemoteClient.Plugin.GisMap.ThinkGeoMap.Settings.ThinkGeoMapExtentManagerTests" name="IsCurrentScaleEqualTo_ShouldReturnFalse_WhenValuesAreNotEqualWithinGivenPrecision" />
    </UnitTest>
    <UnitTest name="Toolbar_IsVisible_WhenNotInLiveOrPlayback_ButFullscreen" storage="d:\actions-runner\_work\xpco\xpco\allsolutions\..\sc\components\remoteviewer\smartclient\tst\zsmartclient_unittest\bin\x64\debug\net6.0-windows\zsmartclient_unittest.dll" id="d8aaa504-6178-a22d-3fb8-ce2b255c46bf">
      <TestCategory>
        <TestCategoryItem TestCategory="WorkspaceToolbar" />
      </TestCategory>
      <Execution id="7e2e99d2-b29b-4080-b51d-5f6e2f732316" />
      <TestMethod codeBase="D:\actions-runner\_work\XPCO\XPCO\AllSolutions\..\SC\Components\RemoteViewer\SmartClient\tst\zSmartClient_UnitTest\bin\x64\Debug\net6.0-windows\zSmartClient_UnitTest.dll" adapterTypeName="executor://mstestadapter/v2" className="SmartClient_UnitTest.VideoOS.RemoteClient.Application.UI.Content.WorkspaceToolbar.WorkspaceToolbarViewModelTests" name="Toolbar_IsVisible_WhenNotInLiveOrPlayback_ButFullscreen" />
    </UnitTest>
    <UnitTest name="GisPointToIndexGridPosition_SouthPole_Success" storage="d:\actions-runner\_work\xpco\xpco\allsolutions\..\sc\components\remoteviewer\smartclient\tst\zsmartclient_unittest\bin\x64\debug\net6.0-windows\zsmartclient_unittest.dll" id="f524f1c4-1318-ce7b-3939-10f70b1c9bd9">
      <TestCategory>
        <TestCategoryItem TestCategory="GisMapIndex" />
      </TestCategory>
      <Execution id="c831f7d7-fad9-4dfb-acb8-755fdba7a05d" />
      <TestMethod codeBase="D:\actions-runner\_work\XPCO\XPCO\AllSolutions\..\SC\Components\RemoteViewer\SmartClient\tst\zSmartClient_UnitTest\bin\x64\Debug\net6.0-windows\zSmartClient_UnitTest.dll" adapterTypeName="executor://mstestadapter/v2" className="SmartClient_UnitTest.VideoOS.RemoteClient.GisMapData.Common.Indexer.IndexUtilTests" name="GisPointToIndexGridPosition_SouthPole_Success" />
    </UnitTest>
    <UnitTest name="ConvertGridMaskTestImageViewerFormat" storage="d:\actions-runner\_work\xpco\xpco\allsolutions\..\sc\components\remoteviewer\smartclient\tst\zsmartclient_unittest\bin\x64\debug\net6.0-windows\zsmartclient_unittest.dll" id="78819630-2935-1e63-9860-8c1336d44889">
      <Execution id="1cf912a2-a8fa-455c-8d28-b13bc20dec81" />
      <TestMethod codeBase="D:\actions-runner\_work\XPCO\XPCO\AllSolutions\..\SC\Components\RemoteViewer\SmartClient\tst\zSmartClient_UnitTest\bin\x64\Debug\net6.0-windows\zSmartClient_UnitTest.dll" adapterTypeName="executor://mstestadapter/v2" className="SmartClient_UnitTest.VideoOS.RemoteClient.Application.Data.ContentTypes.CameraContentType.PrivacyMaskTest" name="ConvertGridMaskTestImageViewerFormat" />
    </UnitTest>
    <UnitTest name="ActiveInteractionStateBinding_ShouldOnlyContainNormalAndNewDevice_WhenCtorIsCalled" storage="d:\actions-runner\_work\xpco\xpco\allsolutions\..\sc\components\remoteviewer\smartclient\tst\zsmartclient_unittest\bin\x64\debug\net6.0-windows\zsmartclient_unittest.dll" id="e5d871b7-fc8e-4988-1624-5f0f63d734ec">
      <TestCategory>
        <TestCategoryItem TestCategory="GisMap.MicrophoneMarkerTest" />
      </TestCategory>
      <Execution id="85603011-41f9-44f1-a74c-2305d33d415a" />
      <TestMethod codeBase="D:\actions-runner\_work\XPCO\XPCO\AllSolutions\..\SC\Components\RemoteViewer\SmartClient\tst\zSmartClient_UnitTest\bin\x64\Debug\net6.0-windows\zSmartClient_UnitTest.dll" adapterTypeName="executor://mstestadapter/v2" className="SmartClient_UnitTest.VideoOS.RemoteClient.Plugin.GisMap.ThinkGeoMap.Markers.DeviceMarkers.MicrophoneMarker.MicrophoneMarkerTests" name="ActiveInteractionStateBinding_ShouldOnlyContainNormalAndNewDevice_WhenCtorIsCalled" />
    </UnitTest>
    <UnitTest name="GetWorkspaceToolbarItems_ShouldReturnNoToolbarItems_WhenNoPluginsAndPluginGroupsAreSet" storage="d:\actions-runner\_work\xpco\xpco\allsolutions\..\sc\components\remoteviewer\smartclient\tst\zsmartclient_unittest\bin\x64\debug\net6.0-windows\zsmartclient_unittest.dll" id="cd274a06-2388-99e3-3a1d-9499479d5159">
      <TestCategory>
        <TestCategoryItem TestCategory="WorkspaceToolbar" />
      </TestCategory>
      <Execution id="fa133363-900d-438d-8278-f7a8f8929638" />
      <TestMethod codeBase="D:\actions-runner\_work\XPCO\XPCO\AllSolutions\..\SC\Components\RemoteViewer\SmartClient\tst\zSmartClient_UnitTest\bin\x64\Debug\net6.0-windows\zSmartClient_UnitTest.dll" adapterTypeName="executor://mstestadapter/v2" className="SmartClient_UnitTest.VideoOS.RemoteClient.Application.UI.Content.WorkspaceToolbar.MIPWorkspaceToolbarItemManagerTests" name="GetWorkspaceToolbarItems_ShouldReturnNoToolbarItems_WhenNoPluginsAndPluginGroupsAreSet" />
    </UnitTest>
    <UnitTest name="SupportsRightClick_ShouldBeFalse_WhenInteractionStateIsNotNormal" storage="d:\actions-runner\_work\xpco\xpco\allsolutions\..\sc\components\remoteviewer\smartclient\tst\zsmartclient_unittest\bin\x64\debug\net6.0-windows\zsmartclient_unittest.dll" id="2d0e7e74-3dc2-b64e-e8df-81c281af4e3d">
      <TestCategory>
        <TestCategoryItem TestCategory="GisMap.CameraMarker" />
      </TestCategory>
      <Execution id="302816d8-4465-4967-aed5-f08c469486e2" />
      <TestMethod codeBase="D:\actions-runner\_work\XPCO\XPCO\AllSolutions\..\SC\Components\RemoteViewer\SmartClient\tst\zSmartClient_UnitTest\bin\x64\Debug\net6.0-windows\zSmartClient_UnitTest.dll" adapterTypeName="executor://mstestadapter/v2" className="SmartClient_UnitTest.VideoOS.RemoteClient.Plugin.GisMap.ThinkGeoMap.Markers.DeviceMarkers.CameraMarker.CameraMarkerTests" name="SupportsRightClick_ShouldBeFalse_WhenInteractionStateIsNotNormal" />
    </UnitTest>
    <UnitTest name="MaxRegionsAllowed_ShouldBeProvidedMax_WhenProvidedMaxIsPositive" storage="d:\actions-runner\_work\xpco\xpco\allsolutions\..\sc\components\remoteviewer\smartclient\tst\zsmartclient_unittest\bin\x64\debug\net6.0-windows\zsmartclient_unittest.dll" id="d7f3ae8c-bf97-f47d-48ab-b1fc5ef00c66">
      <TestCategory>
        <TestCategoryItem TestCategory="Search.Filters.ViewModels" />
      </TestCategory>
      <Execution id="7a38a096-fca3-4f56-98bc-da5052521bf3" />
      <TestMethod codeBase="D:\actions-runner\_work\XPCO\XPCO\AllSolutions\..\SC\Components\RemoteViewer\SmartClient\tst\zSmartClient_UnitTest\bin\x64\Debug\net6.0-windows\zSmartClient_UnitTest.dll" adapterTypeName="executor://mstestadapter/v2" className="SmartClient_UnitTest.VideoOS.RemoteClient.Plugin.CentralizedSearch.MIPPlugin.Criteria.ViewModels.RegionSelectionCameraListItemHelperTests" name="MaxRegionsAllowed_ShouldBeProvidedMax_WhenProvidedMaxIsPositive" />
    </UnitTest>
    <UnitTest name="ToDenormalizedDirection_0_0" storage="d:\actions-runner\_work\xpco\xpco\allsolutions\..\sc\components\remoteviewer\smartclient\tst\zsmartclient_unittest\bin\x64\debug\net6.0-windows\zsmartclient_unittest.dll" id="ee5f0f9a-0e04-d5a2-b25f-f40f3b08b3de">
      <TestCategory>
        <TestCategoryItem TestCategory="GisMap" />
      </TestCategory>
      <Execution id="40abc90a-5e7e-4bcc-bdc2-b6632453c64f" />
      <TestMethod codeBase="D:\actions-runner\_work\XPCO\XPCO\AllSolutions\..\SC\Components\RemoteViewer\SmartClient\tst\zSmartClient_UnitTest\bin\x64\Debug\net6.0-windows\zSmartClient_UnitTest.dll" adapterTypeName="executor://mstestadapter/v2" className="SmartClient_UnitTest.VideoOS.RemoteClient.GisMap.Utilities.GisUtilityTests" name="ToDenormalizedDirection_0_0" />
    </UnitTest>
    <UnitTest name="Outline_ShouldRejectSet_WhenOutlineIsSelfcrossing" storage="d:\actions-runner\_work\xpco\xpco\allsolutions\..\sc\components\remoteviewer\smartclient\tst\zsmartclient_unittest\bin\x64\debug\net6.0-windows\zsmartclient_unittest.dll" id="a480eb88-b28c-a072-8d06-d39cc9a234d7">
      <TestCategory>
        <TestCategoryItem TestCategory="GisMapBuilding" />
      </TestCategory>
      <Execution id="e0ec4bb4-5c4e-48ae-a727-e782f756243d" />
      <TestMethod codeBase="D:\actions-runner\_work\XPCO\XPCO\AllSolutions\..\SC\Components\RemoteViewer\SmartClient\tst\zSmartClient_UnitTest\bin\x64\Debug\net6.0-windows\zSmartClient_UnitTest.dll" adapterTypeName="executor://mstestadapter/v2" className="SmartClient_UnitTest.VideoOS.RemoteClient.GisMap.MapBuildingTests" name="Outline_ShouldRejectSet_WhenOutlineIsSelfcrossing" />
    </UnitTest>
    <UnitTest name="Passwords are not the same, same length" storage="d:\actions-runner\_work\xpco\xpco\allsolutions\..\sc\components\remoteviewer\smartclient\tst\zsmartclient_unittest\bin\x64\debug\net6.0-windows\zsmartclient_unittest.dll" id="d0982f73-d6e4-f513-6ec6-0568fe669026">
      <TestCategory>
        <TestCategoryItem TestCategory="Export" />
      </TestCategory>
      <Execution id="3830930b-af82-4dc3-aaca-1f65c4cfbcae" />
      <TestMethod codeBase="D:\actions-runner\_work\XPCO\XPCO\AllSolutions\..\SC\Components\RemoteViewer\SmartClient\tst\zSmartClient_UnitTest\bin\x64\Debug\net6.0-windows\zSmartClient_UnitTest.dll" adapterTypeName="executor://mstestadapter/v2" className="SmartClient_UnitTest.VideoOS.RemoteClient.Plugin.Export.PasswordDialogViewModelTests" name="SettingPassword1AndPassword2_ShouldSetIsPassword2Valid" />
    </UnitTest>
    <UnitTest name="SearchAction_Carrousel_LiveMode" storage="d:\actions-runner\_work\xpco\xpco\allsolutions\..\sc\components\remoteviewer\smartclient\tst\zsmartclient_unittest\bin\x64\debug\net6.0-windows\zsmartclient_unittest.dll" id="fe450cea-9ffb-3719-460a-cf60fe446421">
      <TestCategory>
        <TestCategoryItem TestCategory="WorkspaceToolbar" />
      </TestCategory>
      <Execution id="ce3ba79f-ba8f-4ff5-9528-827cfd44a8c0" />
      <TestMethod codeBase="D:\actions-runner\_work\XPCO\XPCO\AllSolutions\..\SC\Components\RemoteViewer\SmartClient\tst\zSmartClient_UnitTest\bin\x64\Debug\net6.0-windows\zSmartClient_UnitTest.dll" adapterTypeName="executor://mstestadapter/v2" className="SmartClient_UnitTest.VideoOS.RemoteClient.Application.Data.WorkspaceToolbar.WorkspaceToolbarItemSmartSearchTests" name="SearchAction_Carrousel_LiveMode" />
    </UnitTest>
    <UnitTest name="SetIncludePartialResults_ShouldNotReselectResult_WhenResultToReselectIsPartialAndPartialResultsAreExcluded" storage="d:\actions-runner\_work\xpco\xpco\allsolutions\..\sc\components\remoteviewer\smartclient\tst\zsmartclient_unittest\bin\x64\debug\net6.0-windows\zsmartclient_unittest.dll" id="bed8c8de-bd82-cb94-6967-81e34fce6907">
      <TestCategory>
        <TestCategoryItem TestCategory="SearchResultsPreprocessor" />
      </TestCategory>
      <Execution id="4e28e702-1958-4112-b4b5-c5588ef18f95" />
      <TestMethod codeBase="D:\actions-runner\_work\XPCO\XPCO\AllSolutions\..\SC\Components\RemoteViewer\SmartClient\tst\zSmartClient_UnitTest\bin\x64\Debug\net6.0-windows\zSmartClient_UnitTest.dll" adapterTypeName="executor://mstestadapter/v2" className="SmartClient_UnitTest.VideoOS.RemoteClient.Plugin.CentralizedSearch.Models.SearchResultsPreprocessorTests" name="SetIncludePartialResults_ShouldNotReselectResult_WhenResultToReselectIsPartialAndPartialResultsAreExcluded" />
    </UnitTest>
    <UnitTest name="TryAddInterval_ShouldReturnCorrectValue (True,False,AlreadyAdded)" storage="d:\actions-runner\_work\xpco\xpco\allsolutions\..\sc\components\remoteviewer\smartclient\tst\zsmartclient_unittest\bin\x64\debug\net6.0-windows\zsmartclient_unittest.dll" id="279d4c50-473d-8932-e5b9-1021814604da">
      <TestCategory>
        <TestCategoryItem TestCategory="Managers" />
      </TestCategory>
      <Execution id="d35e6e11-15aa-4c71-9250-222927e586d2" />
      <TestMethod codeBase="D:\actions-runner\_work\XPCO\XPCO\AllSolutions\..\SC\Components\RemoteViewer\SmartClient\tst\zSmartClient_UnitTest\bin\x64\Debug\net6.0-windows\zSmartClient_UnitTest.dll" adapterTypeName="executor://mstestadapter/v2" className="SmartClient_UnitTest.VideoOS.RemoteClient.Application.Managers.ExportManagerTests" name="TryAddInterval_ShouldReturnCorrectValue" />
    </UnitTest>
    <UnitTest name="PatrollingProfileListViewModel_Save_DeleteProfile" storage="d:\actions-runner\_work\xpco\xpco\allsolutions\..\sc\components\remoteviewer\smartclient\tst\zsmartclient_unittest\bin\x64\debug\net6.0-windows\zsmartclient_unittest.dll" id="04268900-3302-a699-5943-bbf486b565e8">
      <Execution id="a3fc971b-212a-4149-b97c-f73aa0ffaa64" />
      <TestMethod codeBase="D:\actions-runner\_work\XPCO\XPCO\AllSolutions\..\SC\Components\RemoteViewer\SmartClient\tst\zSmartClient_UnitTest\bin\x64\Debug\net6.0-windows\zSmartClient_UnitTest.dll" adapterTypeName="executor://mstestadapter/v2" className="SmartClient_UnitTest.VideoOS.RemoteClient.Application.UI.PtzPreset.PatrollingViewModel.PatrollingProfileListViewModelTest" name="PatrollingProfileListViewModel_Save_DeleteProfile" />
    </UnitTest>
    <UnitTest name="HasMd5ProviderStrategy2_ShouldReturnFalse_WhenAllEventServerIdAreFipsCompliant" storage="d:\actions-runner\_work\xpco\xpco\allsolutions\..\sc\components\remoteviewer\smartclient\tst\zsmartclient_unittest\bin\x64\debug\net6.0-windows\zsmartclient_unittest.dll" id="df434b1a-bd33-b3a0-035c-8fb9149eaa0e">
      <TestCategory>
        <TestCategoryItem TestCategory="AccessControl.Services" />
      </TestCategory>
      <Execution id="88f7a39d-0679-404b-9f65-2e089505e1ab" />
      <TestMethod codeBase="D:\actions-runner\_work\XPCO\XPCO\AllSolutions\..\SC\Components\RemoteViewer\SmartClient\tst\zSmartClient_UnitTest\bin\x64\Debug\net6.0-windows\zSmartClient_UnitTest.dll" adapterTypeName="executor://mstestadapter/v2" className="SmartClient_UnitTest.VideoOS.RemoteClient.AccessControl.Services.AccessControlGuidProviderTests" name="HasMd5ProviderStrategy2_ShouldReturnFalse_WhenAllEventServerIdAreFipsCompliant" />
    </UnitTest>
    <UnitTest name="SetLayerFeatures_ShouldUpdateOutputItemsMapLayer_WhenOutputKindAndOutputLayerFeatures" storage="d:\actions-runner\_work\xpco\xpco\allsolutions\..\sc\components\remoteviewer\smartclient\tst\zsmartclient_unittest\bin\x64\debug\net6.0-windows\zsmartclient_unittest.dll" id="e63df314-54b1-32a3-73ac-881577d2c079">
      <TestCategory>
        <TestCategoryItem TestCategory="GisMapData.Controllers.LayerFeatures" />
      </TestCategory>
      <Execution id="744b37fd-e9c6-4eaa-8037-5379fceafe0e" />
      <TestMethod codeBase="D:\actions-runner\_work\XPCO\XPCO\AllSolutions\..\SC\Components\RemoteViewer\SmartClient\tst\zSmartClient_UnitTest\bin\x64\Debug\net6.0-windows\zSmartClient_UnitTest.dll" adapterTypeName="executor://mstestadapter/v2" className="SmartClient_UnitTest.VideoOS.RemoteClient.GisMapData.Controllers.LayerFeatures.LayerFeaturesControllerTests" name="SetLayerFeatures_ShouldUpdateOutputItemsMapLayer_WhenOutputKindAndOutputLayerFeatures" />
    </UnitTest>
    <UnitTest name="ActiveInteractionStateBinding_ShouldNotBeNull_WhenCtorIsCalled" storage="d:\actions-runner\_work\xpco\xpco\allsolutions\..\sc\components\remoteviewer\smartclient\tst\zsmartclient_unittest\bin\x64\debug\net6.0-windows\zsmartclient_unittest.dll" id="c716e274-8d35-b2a1-4808-fe6779275a47">
      <TestCategory>
        <TestCategoryItem TestCategory="GisMap.LegacyLinkMarker" />
      </TestCategory>
      <Execution id="574edadd-d15e-4352-9e61-fcf89bdecb14" />
      <TestMethod codeBase="D:\actions-runner\_work\XPCO\XPCO\AllSolutions\..\SC\Components\RemoteViewer\SmartClient\tst\zSmartClient_UnitTest\bin\x64\Debug\net6.0-windows\zSmartClient_UnitTest.dll" adapterTypeName="executor://mstestadapter/v2" className="SmartClient_UnitTest.VideoOS.RemoteClient.Plugin.GisMap.ThinkGeoMap.Markers.LegacyLinkMarker.LegacyLinkMarkerTests" name="ActiveInteractionStateBinding_ShouldNotBeNull_WhenCtorIsCalled" />
    </UnitTest>
    <UnitTest name="GetPartialDiffBetweenDictionaries_ShouldReturnCorrectValues (System.Collections.Generic.Dictionary`2[System.String,System.String],System.Collections.Generic.Dictionary`2[System.String,System.String],System.Collections.Generic.Dictionary`2[System.String,System.String])" storage="d:\actions-runner\_work\xpco\xpco\allsolutions\..\sc\components\remoteviewer\smartclient\tst\zsmartclient_unittest\bin\x64\debug\net6.0-windows\zsmartclient_unittest.dll" id="a8baabf8-3dd2-5f04-30ff-1f9d2fc1237b">
      <Execution id="070ee06d-bacb-4908-8e86-d86ced70126b" />
      <TestMethod codeBase="D:\actions-runner\_work\XPCO\XPCO\AllSolutions\..\SC\Components\RemoteViewer\SmartClient\tst\zSmartClient_UnitTest\bin\x64\Debug\net6.0-windows\zSmartClient_UnitTest.dll" adapterTypeName="executor://mstestadapter/v2" className="SmartClient_UnitTest.VideoOS.RemoteClient.Application.Common.Telemetry.TelemetryBuilderTests" name="GetPartialDiffBetweenDictionaries_ShouldReturnCorrectValues" />
    </UnitTest>
    <UnitTest name="Ctor_WpfMessageBoxButtonIsSetToOkCancel_OnlyOkCancelButtonsVisible" storage="d:\actions-runner\_work\xpco\xpco\allsolutions\..\sc\components\remoteviewer\smartclient\tst\zsmartclient_unittest\bin\x64\debug\net6.0-windows\zsmartclient_unittest.dll" id="53f5a1ce-14d4-a418-d0ff-8ef725db7d01">
      <Execution id="d862254f-8cf9-4651-be1f-9a506ae4a6ef" />
      <TestMethod codeBase="D:\actions-runner\_work\XPCO\XPCO\AllSolutions\..\SC\Components\RemoteViewer\SmartClient\tst\zSmartClient_UnitTest\bin\x64\Debug\net6.0-windows\zSmartClient_UnitTest.dll" adapterTypeName="executor://mstestadapter/v2" className="SmartClient_UnitTest.VideoOS.RemoteClient.Application.UI.Common.MessageBoxWithList.MessageBoxWithListViewModelTests" name="Ctor_WpfMessageBoxButtonIsSetToOkCancel_OnlyOkCancelButtonsVisible" />
    </UnitTest>
    <UnitTest name="AddToExportDevices_ShouldAddToExportData (5)" storage="d:\actions-runner\_work\xpco\xpco\allsolutions\..\sc\components\remoteviewer\smartclient\tst\zsmartclient_unittest\bin\x64\debug\net6.0-windows\zsmartclient_unittest.dll" id="d2b449cb-82fb-dec3-6452-d5d13d9ac572">
      <TestCategory>
        <TestCategoryItem TestCategory="Managers" />
      </TestCategory>
      <Execution id="75892b79-d61a-4c95-a3fe-bd8a9c2193e4" />
      <TestMethod codeBase="D:\actions-runner\_work\XPCO\XPCO\AllSolutions\..\SC\Components\RemoteViewer\SmartClient\tst\zSmartClient_UnitTest\bin\x64\Debug\net6.0-windows\zSmartClient_UnitTest.dll" adapterTypeName="executor://mstestadapter/v2" className="SmartClient_UnitTest.VideoOS.RemoteClient.Application.Managers.ExportManagerTests" name="AddToExportDevices_ShouldAddToExportData" />
    </UnitTest>
    <UnitTest name="Constructor_ShouldRaiseArgumentNullException_WhenLayersIsNull" storage="d:\actions-runner\_work\xpco\xpco\allsolutions\..\sc\components\remoteviewer\smartclient\tst\zsmartclient_unittest\bin\x64\debug\net6.0-windows\zsmartclient_unittest.dll" id="7b2ce89e-8bf2-0763-c57e-0285adbdcf5c">
      <TestCategory>
        <TestCategoryItem TestCategory="GisMapData.Handlers.LayerFeatures" />
      </TestCategory>
      <Execution id="c07ffd96-3271-4612-a357-72cb30365ef8" />
      <TestMethod codeBase="D:\actions-runner\_work\XPCO\XPCO\AllSolutions\..\SC\Components\RemoteViewer\SmartClient\tst\zSmartClient_UnitTest\bin\x64\Debug\net6.0-windows\zSmartClient_UnitTest.dll" adapterTypeName="executor://mstestadapter/v2" className="SmartClient_UnitTest.VideoOS.RemoteClient.GisMapData.Handlers.LayerFeatures.InputLayerFeaturesHandlerTests" name="Constructor_ShouldRaiseArgumentNullException_WhenLayersIsNull" />
    </UnitTest>
    <UnitTest name="AddSelectedWindowsToExport_ShouldShowCorrectToastMessages (0,0,5)" storage="d:\actions-runner\_work\xpco\xpco\allsolutions\..\sc\components\remoteviewer\smartclient\tst\zsmartclient_unittest\bin\x64\debug\net6.0-windows\zsmartclient_unittest.dll" id="b38d8b7d-1c96-2deb-5466-9a0f98a87dce">
      <TestCategory>
        <TestCategoryItem TestCategory="Managers" />
      </TestCategory>
      <Execution id="69b6306c-6479-44d6-8d29-2c90d90f99d7" />
      <TestMethod codeBase="D:\actions-runner\_work\XPCO\XPCO\AllSolutions\..\SC\Components\RemoteViewer\SmartClient\tst\zSmartClient_UnitTest\bin\x64\Debug\net6.0-windows\zSmartClient_UnitTest.dll" adapterTypeName="executor://mstestadapter/v2" className="SmartClient_UnitTest.VideoOS.RemoteClient.Application.Managers.ExportManagerTests" name="AddSelectedWindowsToExport_ShouldShowCorrectToastMessages" />
    </UnitTest>
    <UnitTest name="Ctor_ShouldAddBasicUserCredentialsToCache_WhenServerAuthenticationIsSimple" storage="d:\actions-runner\_work\xpco\xpco\allsolutions\..\sc\components\remoteviewer\smartclient\tst\zsmartclient_unittest\bin\x64\debug\net6.0-windows\zsmartclient_unittest.dll" id="76c6e850-3966-de20-82b6-519095d891a6">
      <TestCategory>
        <TestCategoryItem TestCategory="Authentication.ClientCredentials" />
      </TestCategory>
      <Execution id="6df0c410-2687-400d-b00f-b1e48e33fe66" />
      <TestMethod codeBase="D:\actions-runner\_work\XPCO\XPCO\AllSolutions\..\SC\Components\RemoteViewer\SmartClient\tst\zSmartClient_UnitTest\bin\x64\Debug\net6.0-windows\zSmartClient_UnitTest.dll" adapterTypeName="executor://mstestadapter/v2" className="SmartClient_UnitTest.VideoOS.Shared.ServerAPI.ClientCredentialsTest" name="Ctor_ShouldAddBasicUserCredentialsToCache_WhenServerAuthenticationIsSimple" />
    </UnitTest>
    <UnitTest name="PtzSessionControllerInfoConstructorTest_Success" storage="d:\actions-runner\_work\xpco\xpco\allsolutions\..\sc\components\remoteviewer\smartclient\tst\zsmartclient_unittest\bin\x64\debug\net6.0-windows\zsmartclient_unittest.dll" id="7a75352d-c73e-5868-4a6f-939343fd10a2">
      <Execution id="09fc47b2-ee56-4f01-9a0f-2ecdd0fefcd3" />
      <TestMethod codeBase="D:\actions-runner\_work\XPCO\XPCO\AllSolutions\..\SC\Components\RemoteViewer\SmartClient\tst\zSmartClient_UnitTest\bin\x64\Debug\net6.0-windows\zSmartClient_UnitTest.dll" adapterTypeName="executor://mstestadapter/v2" className="VideoOS.RemoteClient.Application.Controllers.UnitTest.PtzSessionControllerTest" name="PtzSessionControllerInfoConstructorTest_Success" />
    </UnitTest>
    <UnitTest name="SerializeDeserialize_Success" storage="d:\actions-runner\_work\xpco\xpco\allsolutions\..\sc\components\remoteviewer\smartclient\tst\zsmartclient_unittest\bin\x64\debug\net6.0-windows\zsmartclient_unittest.dll" id="34490af8-d3d6-7a91-eac4-416d37c4c03b">
      <TestCategory>
        <TestCategoryItem TestCategory="SearchTemplates" />
      </TestCategory>
      <Execution id="30c7d684-e3c7-406b-babc-a48ad28b066d" />
      <TestMethod codeBase="D:\actions-runner\_work\XPCO\XPCO\AllSolutions\..\SC\Components\RemoteViewer\SmartClient\tst\zSmartClient_UnitTest\bin\x64\Debug\net6.0-windows\zSmartClient_UnitTest.dll" adapterTypeName="executor://mstestadapter/v2" className="SmartClient_UnitTest.VideoOS.RemoteClient.Plugin.CentralizedSearch.SearchTemplates.SearchTemplateTests" name="SerializeDeserialize_Success" />
    </UnitTest>
    <UnitTest name="BuildContentOptions_ShouldReturnInternalTab (73576FEA-BD0E-43C4-AD9D-589FBE4DC29B,True)" storage="d:\actions-runner\_work\xpco\xpco\allsolutions\..\sc\components\remoteviewer\smartclient\tst\zsmartclient_unittest\bin\x64\debug\net6.0-windows\zsmartclient_unittest.dll" id="7f829730-4be6-05ca-a995-3feee848e3f2">
      <Execution id="46bd210f-6ec4-4f81-8401-ab025c647207" />
      <TestMethod codeBase="D:\actions-runner\_work\XPCO\XPCO\AllSolutions\..\SC\Components\RemoteViewer\SmartClient\tst\zSmartClient_UnitTest\bin\x64\Debug\net6.0-windows\zSmartClient_UnitTest.dll" adapterTypeName="executor://mstestadapter/v2" className="SmartClient_UnitTest.VideoOS.RemoteClient.Application.Common.Telemetry.TelemetryBuilderTests" name="BuildContentOptions_ShouldReturnInternalTab" />
    </UnitTest>
    <UnitTest name="PopulateTooltip_ManyResultsFromFewCameras12Hours_ValidText" storage="d:\actions-runner\_work\xpco\xpco\allsolutions\..\sc\components\remoteviewer\smartclient\tst\zsmartclient_unittest\bin\x64\debug\net6.0-windows\zsmartclient_unittest.dll" id="3147bc1a-6400-429f-1c8f-cd7dc6defaa1">
      <TestCategory>
        <TestCategoryItem TestCategory="SearchControls" />
      </TestCategory>
      <Execution id="ad013ee4-2cf6-489b-bffe-be2da1edbe49" />
      <TestMethod codeBase="D:\actions-runner\_work\XPCO\XPCO\AllSolutions\..\SC\Components\RemoteViewer\SmartClient\tst\zSmartClient_UnitTest\bin\x64\Debug\net6.0-windows\zSmartClient_UnitTest.dll" adapterTypeName="executor://mstestadapter/v2" className="SmartClient_UnitTest.VideoOS.RemoteClient.Plugin.CentralizedSearch.Views.Controls.TimelineRuler.TimelineRulerControlTests" name="PopulateTooltip_ManyResultsFromFewCameras12Hours_ValidText" />
    </UnitTest>
    <UnitTest name="OnMarkerSelected_ShouldSelectMarkerExcludeItFromClusteringAndBeginInPlaceEditMode_WhenSingleSelection" storage="d:\actions-runner\_work\xpco\xpco\allsolutions\..\sc\components\remoteviewer\smartclient\tst\zsmartclient_unittest\bin\x64\debug\net6.0-windows\zsmartclient_unittest.dll" id="37c23154-aec4-129b-8dc2-bb50808aef9e">
      <TestCategory>
        <TestCategoryItem TestCategory="SmartMap.SelectionHelper" />
      </TestCategory>
      <Execution id="6886d64d-c995-4192-b09d-0518a384fc48" />
      <TestMethod codeBase="D:\actions-runner\_work\XPCO\XPCO\AllSolutions\..\SC\Components\RemoteViewer\SmartClient\tst\zSmartClient_UnitTest\bin\x64\Debug\net6.0-windows\zSmartClient_UnitTest.dll" adapterTypeName="executor://mstestadapter/v2" className="SmartClient_UnitTest.VideoOS.RemoteClient.Plugin.GisMap.ThinkGeoMap.SpecializedOverlays.Overlays.SelectionHelperTests" name="OnMarkerSelected_ShouldSelectMarkerExcludeItFromClusteringAndBeginInPlaceEditMode_WhenSingleSelection" />
    </UnitTest>
    <UnitTest name="AddToExportDevices_ShouldReturnCorrectResult (1,1,0)" storage="d:\actions-runner\_work\xpco\xpco\allsolutions\..\sc\components\remoteviewer\smartclient\tst\zsmartclient_unittest\bin\x64\debug\net6.0-windows\zsmartclient_unittest.dll" id="cd667223-fa51-4fa7-4447-c5ef6b869998">
      <TestCategory>
        <TestCategoryItem TestCategory="Managers" />
      </TestCategory>
      <Execution id="b6f46c6d-ce4c-48cf-8a45-bd4f2abb12b1" />
      <TestMethod codeBase="D:\actions-runner\_work\XPCO\XPCO\AllSolutions\..\SC\Components\RemoteViewer\SmartClient\tst\zSmartClient_UnitTest\bin\x64\Debug\net6.0-windows\zSmartClient_UnitTest.dll" adapterTypeName="executor://mstestadapter/v2" className="SmartClient_UnitTest.VideoOS.RemoteClient.Application.Managers.ExportManagerTests" name="AddToExportDevices_ShouldReturnCorrectResult" />
    </UnitTest>
    <UnitTest name="GetPropertiesAsync_ShouldIgnoreNullPropertyCollectionFromSubResults" storage="d:\actions-runner\_work\xpco\xpco\allsolutions\..\sc\components\remoteviewer\smartclient\tst\zsmartclient_unittest\bin\x64\debug\net6.0-windows\zsmartclient_unittest.dll" id="f7a4182b-ffd3-38f8-408e-5d4264f4f5e8">
      <TestCategory>
        <TestCategoryItem TestCategory="Search.Wrappers" />
      </TestCategory>
      <Execution id="44da9d8a-5540-4c0e-a7e7-73449d536748" />
      <TestMethod codeBase="D:\actions-runner\_work\XPCO\XPCO\AllSolutions\..\SC\Components\RemoteViewer\SmartClient\tst\zSmartClient_UnitTest\bin\x64\Debug\net6.0-windows\zSmartClient_UnitTest.dll" adapterTypeName="executor://mstestadapter/v2" className="SmartClient_UnitTest.VideoOS.RemoteClient.Plugin.CentralizedSearch.Models.Wrappers.CombinedSearchResultDataWrapperTests" name="GetPropertiesAsync_ShouldIgnoreNullPropertyCollectionFromSubResults" />
    </UnitTest>
    <UnitTest name="HandleSetLayerFeatures_ShouldRaiseArgumentException_WhenMicrophoneKindAndNotMicrophoneLayerFeatures" storage="d:\actions-runner\_work\xpco\xpco\allsolutions\..\sc\components\remoteviewer\smartclient\tst\zsmartclient_unittest\bin\x64\debug\net6.0-windows\zsmartclient_unittest.dll" id="ce2cf82c-5810-0ccc-465a-37da15418741">
      <TestCategory>
        <TestCategoryItem TestCategory="GisMapData.Handlers.LayerFeatures" />
      </TestCategory>
      <Execution id="92bd2fea-f434-4625-8de0-c5f03596b083" />
      <TestMethod codeBase="D:\actions-runner\_work\XPCO\XPCO\AllSolutions\..\SC\Components\RemoteViewer\SmartClient\tst\zSmartClient_UnitTest\bin\x64\Debug\net6.0-windows\zSmartClient_UnitTest.dll" adapterTypeName="executor://mstestadapter/v2" className="SmartClient_UnitTest.VideoOS.RemoteClient.GisMapData.Handlers.LayerFeatures.MicrophoneLayerFeaturesHandlerTests" name="HandleSetLayerFeatures_ShouldRaiseArgumentException_WhenMicrophoneKindAndNotMicrophoneLayerFeatures" />
    </UnitTest>
    <UnitTest name="GisPointToIndexGridPosition_FarWest_Success" storage="d:\actions-runner\_work\xpco\xpco\allsolutions\..\sc\components\remoteviewer\smartclient\tst\zsmartclient_unittest\bin\x64\debug\net6.0-windows\zsmartclient_unittest.dll" id="8208e4be-3fed-2de3-3add-7c787e622e9d">
      <TestCategory>
        <TestCategoryItem TestCategory="GisMapIndex" />
      </TestCategory>
      <Execution id="edc38e5b-fde1-4858-948c-821df6986647" />
      <TestMethod codeBase="D:\actions-runner\_work\XPCO\XPCO\AllSolutions\..\SC\Components\RemoteViewer\SmartClient\tst\zSmartClient_UnitTest\bin\x64\Debug\net6.0-windows\zSmartClient_UnitTest.dll" adapterTypeName="executor://mstestadapter/v2" className="SmartClient_UnitTest.VideoOS.RemoteClient.GisMapData.Common.Indexer.IndexUtilTests" name="GisPointToIndexGridPosition_FarWest_Success" />
    </UnitTest>
    <UnitTest name="CalculateNewExtent_ShouldLimitExtent_WhenBeyondMax" storage="d:\actions-runner\_work\xpco\xpco\allsolutions\..\sc\components\remoteviewer\smartclient\tst\zsmartclient_unittest\bin\x64\debug\net6.0-windows\zsmartclient_unittest.dll" id="c5f981d9-37f1-54c9-b862-4fbb2d02666f">
      <TestCategory>
        <TestCategoryItem TestCategory="MipItemsUpdateStrategy" />
      </TestCategory>
      <Execution id="e8298a55-e202-464e-a535-2fac2a8599f6" />
      <TestMethod codeBase="D:\actions-runner\_work\XPCO\XPCO\AllSolutions\..\SC\Components\RemoteViewer\SmartClient\tst\zSmartClient_UnitTest\bin\x64\Debug\net6.0-windows\zSmartClient_UnitTest.dll" adapterTypeName="executor://mstestadapter/v2" className="SmartClient_UnitTest.VideoOS.RemoteClient.Plugin.GisMap.MIP.MipItemsUpdateStrategyTests" name="CalculateNewExtent_ShouldLimitExtent_WhenBeyondMax" />
    </UnitTest>
    <UnitTest name="AddSelectedWindowsToExport_ShouldShowCorrectToastMessages (1,0,0)" storage="d:\actions-runner\_work\xpco\xpco\allsolutions\..\sc\components\remoteviewer\smartclient\tst\zsmartclient_unittest\bin\x64\debug\net6.0-windows\zsmartclient_unittest.dll" id="7121c8df-41fa-8d5a-4925-b5acec70433e">
      <TestCategory>
        <TestCategoryItem TestCategory="Managers" />
      </TestCategory>
      <Execution id="a88311a7-8bd2-4f7a-b2d3-ef612d4d4747" />
      <TestMethod codeBase="D:\actions-runner\_work\XPCO\XPCO\AllSolutions\..\SC\Components\RemoteViewer\SmartClient\tst\zSmartClient_UnitTest\bin\x64\Debug\net6.0-windows\zSmartClient_UnitTest.dll" adapterTypeName="executor://mstestadapter/v2" className="SmartClient_UnitTest.VideoOS.RemoteClient.Application.Managers.ExportManagerTests" name="AddSelectedWindowsToExport_ShouldShowCorrectToastMessages" />
    </UnitTest>
    <UnitTest name="Constructor_ShouldRaiseArgumentNullException_WhenMapLayersIsNull" storage="d:\actions-runner\_work\xpco\xpco\allsolutions\..\sc\components\remoteviewer\smartclient\tst\zsmartclient_unittest\bin\x64\debug\net6.0-windows\zsmartclient_unittest.dll" id="49758d16-90af-426b-1c8f-f4b8f8b9a8ad">
      <TestCategory>
        <TestCategoryItem TestCategory="GisMap.LayerVisibilityItemDataChildrenViewZoneDecoratorTests" />
      </TestCategory>
      <Execution id="34cb06dc-eeb3-4750-ae61-4c0e4f590022" />
      <TestMethod codeBase="D:\actions-runner\_work\XPCO\XPCO\AllSolutions\..\SC\Components\RemoteViewer\SmartClient\tst\zSmartClient_UnitTest\bin\x64\Debug\net6.0-windows\zSmartClient_UnitTest.dll" adapterTypeName="executor://mstestadapter/v2" className="SmartClient_UnitTest.VideoOS.RemoteClient.Plugin.GisMap.ViewModels.LayersVisibility.Decorators.LayerVisibilityItemDataChildrenViewZoneDecoratorTests" name="Constructor_ShouldRaiseArgumentNullException_WhenMapLayersIsNull" />
    </UnitTest>
    <UnitTest name="TestAttribute_Success" storage="d:\actions-runner\_work\xpco\xpco\allsolutions\..\sc\components\remoteviewer\smartclient\tst\zsmartclient_unittest\bin\x64\debug\net6.0-windows\zsmartclient_unittest.dll" id="08662725-81c0-39ee-21c2-6a500f721bcc">
      <TestCategory>
        <TestCategoryItem TestCategory="GisMapBuilding" />
      </TestCategory>
      <Execution id="380c432c-eb2a-4199-a447-24e48e0b5ed8" />
      <TestMethod codeBase="D:\actions-runner\_work\XPCO\XPCO\AllSolutions\..\SC\Components\RemoteViewer\SmartClient\tst\zSmartClient_UnitTest\bin\x64\Debug\net6.0-windows\zSmartClient_UnitTest.dll" adapterTypeName="executor://mstestadapter/v2" className="SmartClient_UnitTest.VideoOS.RemoteClient.GisMap.MapBuildingTests" name="TestAttribute_Success" />
    </UnitTest>
    <UnitTest name="DetermineUserAllowsUnsecureConnection_WhereUserIsNotAskedAndUnsecureIsAllow_ShouldReturnTrue" storage="d:\actions-runner\_work\xpco\xpco\allsolutions\..\sc\components\remoteviewer\smartclient\tst\zsmartclient_unittest\bin\x64\debug\net6.0-windows\zsmartclient_unittest.dll" id="c3441c18-6d91-a3fc-0eb6-245d76a8e060">
      <Execution id="77cd36c6-76ef-47b9-905c-7fcab480000d" />
      <TestMethod codeBase="D:\actions-runner\_work\XPCO\XPCO\AllSolutions\..\SC\Components\RemoteViewer\SmartClient\tst\zSmartClient_UnitTest\bin\x64\Debug\net6.0-windows\zSmartClient_UnitTest.dll" adapterTypeName="executor://mstestadapter/v2" className="VideoOS.RemoteClient.Application.Managers.UnitTest.AllowUnsecureConnectionManagerTests" name="DetermineUserAllowsUnsecureConnection_WhereUserIsNotAskedAndUnsecureIsAllow_ShouldReturnTrue" />
    </UnitTest>
    <UnitTest name="ReorderLevels123to213_Success" storage="d:\actions-runner\_work\xpco\xpco\allsolutions\..\sc\components\remoteviewer\smartclient\tst\zsmartclient_unittest\bin\x64\debug\net6.0-windows\zsmartclient_unittest.dll" id="32fec1f9-c048-b0a8-7432-484e5a8663c8">
      <TestCategory>
        <TestCategoryItem TestCategory="GisMapBuilding" />
      </TestCategory>
      <Execution id="be8a25bb-5acb-4429-a4d6-983ff780660a" />
      <TestMethod codeBase="D:\actions-runner\_work\XPCO\XPCO\AllSolutions\..\SC\Components\RemoteViewer\SmartClient\tst\zSmartClient_UnitTest\bin\x64\Debug\net6.0-windows\zSmartClient_UnitTest.dll" adapterTypeName="executor://mstestadapter/v2" className="SmartClient_UnitTest.VideoOS.RemoteClient.GisMap.MapBuildingTests" name="ReorderLevels123to213_Success" />
    </UnitTest>
    <UnitTest name="HandleGetLayerFeatures_ShouldReturnCameraLayerFeatures_WhenCameraKind" storage="d:\actions-runner\_work\xpco\xpco\allsolutions\..\sc\components\remoteviewer\smartclient\tst\zsmartclient_unittest\bin\x64\debug\net6.0-windows\zsmartclient_unittest.dll" id="dda1789b-98bf-2ab4-b6fb-aff5b89b7425">
      <TestCategory>
        <TestCategoryItem TestCategory="GisMapData.Handlers.LayerFeatures" />
      </TestCategory>
      <Execution id="e9dc7091-6e6c-424b-8b0a-fa510774ea16" />
      <TestMethod codeBase="D:\actions-runner\_work\XPCO\XPCO\AllSolutions\..\SC\Components\RemoteViewer\SmartClient\tst\zSmartClient_UnitTest\bin\x64\Debug\net6.0-windows\zSmartClient_UnitTest.dll" adapterTypeName="executor://mstestadapter/v2" className="SmartClient_UnitTest.VideoOS.RemoteClient.GisMapData.Handlers.LayerFeatures.CameraLayerFeaturesHandlerTests" name="HandleGetLayerFeatures_ShouldReturnCameraLayerFeatures_WhenCameraKind" />
    </UnitTest>
    <UnitTest name="SearchCriteria_AddAndRemoveFilterValues_SearchAttributesCorrect" storage="d:\actions-runner\_work\xpco\xpco\allsolutions\..\sc\components\remoteviewer\smartclient\tst\zsmartclient_unittest\bin\x64\debug\net6.0-windows\zsmartclient_unittest.dll" id="3013af1b-1881-534b-ca91-63b1a27651d6">
      <TestCategory>
        <TestCategoryItem TestCategory="Search" />
      </TestCategory>
      <Execution id="bcc60267-e19d-4dbd-bb64-37cb3fb31abc" />
      <TestMethod codeBase="D:\actions-runner\_work\XPCO\XPCO\AllSolutions\..\SC\Components\RemoteViewer\SmartClient\tst\zSmartClient_UnitTest\bin\x64\Debug\net6.0-windows\zSmartClient_UnitTest.dll" adapterTypeName="executor://mstestadapter/v2" className="SmartClient_UnitTest.VideoOS.RemoteClient.Plugin.CentralizedSearch.ViewModels.SearchDefinitionViewModelTests" name="SearchCriteria_AddAndRemoveFilterValues_SearchAttributesCorrect" />
    </UnitTest>
    <UnitTest name="IsProductionEnvironment_ShouldReturnCorrectValue (somethingRandom,False)" storage="d:\actions-runner\_work\xpco\xpco\allsolutions\..\sc\components\remoteviewer\smartclient\tst\zsmartclient_unittest\bin\x64\debug\net6.0-windows\zsmartclient_unittest.dll" id="e670b983-4ada-5f80-307a-cf5e26b6c0b2">
      <Execution id="0415cbb3-bdcb-4b3f-b9c9-625febe22570" />
      <TestMethod codeBase="D:\actions-runner\_work\XPCO\XPCO\AllSolutions\..\SC\Components\RemoteViewer\SmartClient\tst\zSmartClient_UnitTest\bin\x64\Debug\net6.0-windows\zSmartClient_UnitTest.dll" adapterTypeName="executor://mstestadapter/v2" className="SmartClient_UnitTest.VideoOS.RemoteClient.Application.Common.Telemetry.TelemetryKeyProviderTests" name="IsProductionEnvironment_ShouldReturnCorrectValue" />
    </UnitTest>
    <UnitTest name="GetCameraTiles_ShouldReturnCorrectCameraTilesWithGroupTest" storage="d:\actions-runner\_work\xpco\xpco\allsolutions\..\sc\components\remoteviewer\smartclient\tst\zsmartclient_unittest\bin\x64\debug\net6.0-windows\zsmartclient_unittest.dll" id="2eb02be1-be5b-c75f-226f-8371b8170b9a">
      <Execution id="319397a2-abb8-4227-bc85-7345fc41385d" />
      <TestMethod codeBase="D:\actions-runner\_work\XPCO\XPCO\AllSolutions\..\SC\Components\RemoteViewer\SmartClient\tst\zSmartClient_UnitTest\bin\x64\Debug\net6.0-windows\zSmartClient_UnitTest.dll" adapterTypeName="executor://mstestadapter/v2" className="SmartClient_UnitTest.VideoOS.RemoteClient.Application.Data.ContentTypes.ReportingContentType.DashboardTileProviderTest" name="GetCameraTiles_ShouldReturnCorrectCameraTilesWithGroupTest" />
    </UnitTest>
    <UnitTest name="SelectTemplate_CheckBoxFilterConfiguration_ReturnsInlineTemplate" storage="d:\actions-runner\_work\xpco\xpco\allsolutions\..\sc\components\remoteviewer\smartclient\tst\zsmartclient_unittest\bin\x64\debug\net6.0-windows\zsmartclient_unittest.dll" id="e00615fe-3a8d-1512-20d9-8abe6916016f">
      <TestCategory>
        <TestCategoryItem TestCategory="SearchViews" />
      </TestCategory>
      <Execution id="537d31a9-83d7-4857-bcc6-c2ebd1ea326f" />
      <TestMethod codeBase="D:\actions-runner\_work\XPCO\XPCO\AllSolutions\..\SC\Components\RemoteViewer\SmartClient\tst\zSmartClient_UnitTest\bin\x64\Debug\net6.0-windows\zSmartClient_UnitTest.dll" adapterTypeName="executor://mstestadapter/v2" className="SmartClient_UnitTest.VideoOS.RemoteClient.Plugin.CentralizedSearch.Views.AttributeEditControlTemplateSelectorTests" name="SelectTemplate_CheckBoxFilterConfiguration_ReturnsInlineTemplate" />
    </UnitTest>
    <UnitTest name="MonitorPlaybackState_Deserialize_Success" storage="d:\actions-runner\_work\xpco\xpco\allsolutions\..\sc\components\remoteviewer\smartclient\tst\zsmartclient_unittest\bin\x64\debug\net6.0-windows\zsmartclient_unittest.dll" id="3166ce8a-6864-b5e2-c1c8-2bea9adde082">
      <Execution id="2719dc09-f726-45df-9366-5e852fe121d0" />
      <TestMethod codeBase="D:\actions-runner\_work\XPCO\XPCO\AllSolutions\..\SC\Components\RemoteViewer\SmartClient\tst\zSmartClient_UnitTest\bin\x64\Debug\net6.0-windows\zSmartClient_UnitTest.dll" adapterTypeName="executor://mstestadapter/v2" className="SmartClient_UnitTest.VideoOS.RemoteClient.Data.VideoWall.MonitorStateTests" name="MonitorPlaybackState_Deserialize_Success" />
    </UnitTest>
    <UnitTest name="ApplyStatesFromUi_ValidState_StateUpdated" storage="d:\actions-runner\_work\xpco\xpco\allsolutions\..\sc\components\remoteviewer\smartclient\tst\zsmartclient_unittest\bin\x64\debug\net6.0-windows\zsmartclient_unittest.dll" id="24e7c2bb-215e-6687-9176-48e72f6cf85e">
      <TestCategory>
        <TestCategoryItem TestCategory="SearchViews" />
      </TestCategory>
      <Execution id="e58dfee7-bb7e-4171-a382-aea674fef254" />
      <TestMethod codeBase="D:\actions-runner\_work\XPCO\XPCO\AllSolutions\..\SC\Components\RemoteViewer\SmartClient\tst\zSmartClient_UnitTest\bin\x64\Debug\net6.0-windows\zSmartClient_UnitTest.dll" adapterTypeName="executor://mstestadapter/v2" className="SmartClient_UnitTest.VideoOS.RemoteClient.Plugin.CentralizedSearch.Views.SearchResultsViewTests" name="ApplyStatesFromUi_ValidState_StateUpdated" />
    </UnitTest>
    <UnitTest name="GetOsmServerAddress_ShouldReturnAlternativeServerValue_WhenGeographicLayerIsAvailableAndAlternativeServerIsNotEmpty" storage="d:\actions-runner\_work\xpco\xpco\allsolutions\..\sc\components\remoteviewer\smartclient\tst\zsmartclient_unittest\bin\x64\debug\net6.0-windows\zsmartclient_unittest.dll" id="f5719a53-45a7-6c3f-5ed7-93d8143fc0a6">
      <TestCategory>
        <TestCategoryItem TestCategory="GisMapData.Controllers.Osm" />
      </TestCategory>
      <Execution id="064d2eef-ac1d-4a2e-bf8b-38abbf9f822a" />
      <TestMethod codeBase="D:\actions-runner\_work\XPCO\XPCO\AllSolutions\..\SC\Components\RemoteViewer\SmartClient\tst\zSmartClient_UnitTest\bin\x64\Debug\net6.0-windows\zSmartClient_UnitTest.dll" adapterTypeName="executor://mstestadapter/v2" className="SmartClient_UnitTest.VideoOS.RemoteClient.GisMapData.Controllers.Osm.GisMapOsmControllerTests" name="GetOsmServerAddress_ShouldReturnAlternativeServerValue_WhenGeographicLayerIsAvailableAndAlternativeServerIsNotEmpty" />
    </UnitTest>
    <UnitTest name="Init_NullState_CorrectViewModelSetOnView" storage="d:\actions-runner\_work\xpco\xpco\allsolutions\..\sc\components\remoteviewer\smartclient\tst\zsmartclient_unittest\bin\x64\debug\net6.0-windows\zsmartclient_unittest.dll" id="7ca171df-e98e-0a85-0373-bda8d8a6f93c">
      <TestCategory>
        <TestCategoryItem TestCategory="Export" />
      </TestCategory>
      <Execution id="dc0e5cdd-eb70-40de-b34f-3295e40d202a" />
      <TestMethod codeBase="D:\actions-runner\_work\XPCO\XPCO\AllSolutions\..\SC\Components\RemoteViewer\SmartClient\tst\zSmartClient_UnitTest\bin\x64\Debug\net6.0-windows\zSmartClient_UnitTest.dll" adapterTypeName="executor://mstestadapter/v2" className="SmartClient_UnitTest.VideoOS.RemoteClient.Plugin.Export.ExportContentHolderTests" name="Init_NullState_CorrectViewModelSetOnView" />
    </UnitTest>
    <UnitTest name="IconResourceKey_ShouldBeValid_WhenInteractionStateIsAddCamera" storage="d:\actions-runner\_work\xpco\xpco\allsolutions\..\sc\components\remoteviewer\smartclient\tst\zsmartclient_unittest\bin\x64\debug\net6.0-windows\zsmartclient_unittest.dll" id="8cc6d850-7864-120d-52a3-07064eb9831b">
      <TestCategory>
        <TestCategoryItem TestCategory="GisMap.UI.DeviceSelectors.PanelComponents" />
      </TestCategory>
      <Execution id="32b0be8d-6128-469c-920b-babea5ad2648" />
      <TestMethod codeBase="D:\actions-runner\_work\XPCO\XPCO\AllSolutions\..\SC\Components\RemoteViewer\SmartClient\tst\zSmartClient_UnitTest\bin\x64\Debug\net6.0-windows\zSmartClient_UnitTest.dll" adapterTypeName="executor://mstestadapter/v2" className="SmartClient_UnitTest.VideoOS.RemoteClient.Plugin.GisMap.UI.DeviceSelectors.PanelComponents.DeviceSelectorPanelComponentTests" name="IconResourceKey_ShouldBeValid_WhenInteractionStateIsAddCamera" />
    </UnitTest>
    <UnitTest name="PatrollingProfileListViewModel_Save_CreateProfile" storage="d:\actions-runner\_work\xpco\xpco\allsolutions\..\sc\components\remoteviewer\smartclient\tst\zsmartclient_unittest\bin\x64\debug\net6.0-windows\zsmartclient_unittest.dll" id="e119e886-63ff-9e4b-f30c-287618dff31a">
      <Execution id="35baf4d3-4399-4ed0-a38d-ae91251808f8" />
      <TestMethod codeBase="D:\actions-runner\_work\XPCO\XPCO\AllSolutions\..\SC\Components\RemoteViewer\SmartClient\tst\zSmartClient_UnitTest\bin\x64\Debug\net6.0-windows\zSmartClient_UnitTest.dll" adapterTypeName="executor://mstestadapter/v2" className="SmartClient_UnitTest.VideoOS.RemoteClient.Application.UI.PtzPreset.PatrollingViewModel.PatrollingProfileListViewModelTest" name="PatrollingProfileListViewModel_Save_CreateProfile" />
    </UnitTest>
    <UnitTest name="OnLoaded_ValidConfigurationInlineEdit_InlineAttributeEditControlSet" storage="d:\actions-runner\_work\xpco\xpco\allsolutions\..\sc\components\remoteviewer\smartclient\tst\zsmartclient_unittest\bin\x64\debug\net6.0-windows\zsmartclient_unittest.dll" id="9b908469-0451-8cb6-bea4-479be46ad482">
      <TestCategory>
        <TestCategoryItem TestCategory="SearchViews" />
      </TestCategory>
      <Execution id="ab32bec4-853f-4ee3-a610-7f355697a634" />
      <TestMethod codeBase="D:\actions-runner\_work\XPCO\XPCO\AllSolutions\..\SC\Components\RemoteViewer\SmartClient\tst\zSmartClient_UnitTest\bin\x64\Debug\net6.0-windows\zSmartClient_UnitTest.dll" adapterTypeName="executor://mstestadapter/v2" className="SmartClient_UnitTest.VideoOS.RemoteClient.Plugin.CentralizedSearch.Views.SearchAttributeViewTests" name="OnLoaded_ValidConfigurationInlineEdit_InlineAttributeEditControlSet" />
    </UnitTest>
    <UnitTest name="ActiveInteractionStateBinding_ShouldOnlyContainNormal_WhenCtorIsCalled" storage="d:\actions-runner\_work\xpco\xpco\allsolutions\..\sc\components\remoteviewer\smartclient\tst\zsmartclient_unittest\bin\x64\debug\net6.0-windows\zsmartclient_unittest.dll" id="37999a11-7cfa-34e4-a6d5-5a66aba3e122">
      <TestCategory>
        <TestCategoryItem TestCategory="GisMap.MipItemMarker" />
      </TestCategory>
      <Execution id="88383c0f-6416-4459-8ef3-18c24471c130" />
      <TestMethod codeBase="D:\actions-runner\_work\XPCO\XPCO\AllSolutions\..\SC\Components\RemoteViewer\SmartClient\tst\zSmartClient_UnitTest\bin\x64\Debug\net6.0-windows\zSmartClient_UnitTest.dll" adapterTypeName="executor://mstestadapter/v2" className="SmartClient_UnitTest.VideoOS.RemoteClient.Plugin.GisMap.ThinkGeoMap.Markers.MipItemMarker.MipItemMarkerTests" name="ActiveInteractionStateBinding_ShouldOnlyContainNormal_WhenCtorIsCalled" />
    </UnitTest>
    <UnitTest name="SelectTemplate_SliderFilterConfiguration_ReturnsInlineTemplate" storage="d:\actions-runner\_work\xpco\xpco\allsolutions\..\sc\components\remoteviewer\smartclient\tst\zsmartclient_unittest\bin\x64\debug\net6.0-windows\zsmartclient_unittest.dll" id="c0bd9a37-5d67-88a0-bfcd-3be0c84b2355">
      <TestCategory>
        <TestCategoryItem TestCategory="SearchViews" />
      </TestCategory>
      <Execution id="33c9e7b5-f0b5-4880-ba6f-b0ae76bad349" />
      <TestMethod codeBase="D:\actions-runner\_work\XPCO\XPCO\AllSolutions\..\SC\Components\RemoteViewer\SmartClient\tst\zSmartClient_UnitTest\bin\x64\Debug\net6.0-windows\zSmartClient_UnitTest.dll" adapterTypeName="executor://mstestadapter/v2" className="SmartClient_UnitTest.VideoOS.RemoteClient.Plugin.CentralizedSearch.Views.AttributeEditControlTemplateSelectorTests" name="SelectTemplate_SliderFilterConfiguration_ReturnsInlineTemplate" />
    </UnitTest>
    <UnitTest name="ResolveBaseResultProperties_ShouldOnlyReturnASingleTriggerTime_WhenThreeOutOfFourTriggerTimesAreOutsideBeginEnd" storage="d:\actions-runner\_work\xpco\xpco\allsolutions\..\sc\components\remoteviewer\smartclient\tst\zsmartclient_unittest\bin\x64\debug\net6.0-windows\zsmartclient_unittest.dll" id="834cde2d-9602-045a-ea86-c849382faa06">
      <TestCategory>
        <TestCategoryItem TestCategory="Search" />
      </TestCategory>
      <Execution id="a30044df-73ad-473d-9ed2-f336125e5ccb" />
      <TestMethod codeBase="D:\actions-runner\_work\XPCO\XPCO\AllSolutions\..\SC\Components\RemoteViewer\SmartClient\tst\zSmartClient_UnitTest\bin\x64\Debug\net6.0-windows\zSmartClient_UnitTest.dll" adapterTypeName="executor://mstestadapter/v2" className="SmartClient_UnitTest.VideoOS.RemoteClient.Plugin.CentralizedSearch.Utils.SearchResultDataWrapperExtensionsTests" name="ResolveBaseResultProperties_ShouldOnlyReturnASingleTriggerTime_WhenThreeOutOfFourTriggerTimesAreOutsideBeginEnd" />
    </UnitTest>
    <UnitTest name="ConvertToValidPath_WhenNotAllowDirectories_ConvertToValidPath" storage="d:\actions-runner\_work\xpco\xpco\allsolutions\..\sc\components\remoteviewer\smartclient\tst\zsmartclient_unittest\bin\x64\debug\net6.0-windows\zsmartclient_unittest.dll" id="670e500e-5c39-dd47-a9de-bf38c3c1554c">
      <Execution id="5bc1c979-1a0c-431f-af97-c92abf21011e" />
      <TestMethod codeBase="D:\actions-runner\_work\XPCO\XPCO\AllSolutions\..\SC\Components\RemoteViewer\SmartClient\tst\zSmartClient_UnitTest\bin\x64\Debug\net6.0-windows\zSmartClient_UnitTest.dll" adapterTypeName="executor://mstestadapter/v2" className="SmartClient_UnitTest.VideoOS.RemoteClient.Application.Common.FilePathValidatorTest" name="ConvertToValidPath_WhenNotAllowDirectories_ConvertToValidPath" />
    </UnitTest>
    <UnitTest name="AddToExportTuples_ShouldReturnCorrectResult (0,5,5)" storage="d:\actions-runner\_work\xpco\xpco\allsolutions\..\sc\components\remoteviewer\smartclient\tst\zsmartclient_unittest\bin\x64\debug\net6.0-windows\zsmartclient_unittest.dll" id="2a4a8a87-4dad-d886-826d-05e25ab2a6a2">
      <TestCategory>
        <TestCategoryItem TestCategory="Managers" />
      </TestCategory>
      <Execution id="c683d805-30e0-4e12-94e1-3eadf9468e4d" />
      <TestMethod codeBase="D:\actions-runner\_work\XPCO\XPCO\AllSolutions\..\SC\Components\RemoteViewer\SmartClient\tst\zSmartClient_UnitTest\bin\x64\Debug\net6.0-windows\zSmartClient_UnitTest.dll" adapterTypeName="executor://mstestadapter/v2" className="SmartClient_UnitTest.VideoOS.RemoteClient.Application.Managers.ExportManagerTests" name="AddToExportTuples_ShouldReturnCorrectResult" />
    </UnitTest>
    <UnitTest name="BuildMapOptions_ShouldHandleStringOptionsCorrectly (GisMapOpenStreetMapAlternativeServer,,False)" storage="d:\actions-runner\_work\xpco\xpco\allsolutions\..\sc\components\remoteviewer\smartclient\tst\zsmartclient_unittest\bin\x64\debug\net6.0-windows\zsmartclient_unittest.dll" id="3cdeee93-383b-1b35-6fc8-87b7d5d7dcac">
      <Execution id="18701a2b-6fa2-4a60-9a71-39fb8ef00e30" />
      <TestMethod codeBase="D:\actions-runner\_work\XPCO\XPCO\AllSolutions\..\SC\Components\RemoteViewer\SmartClient\tst\zSmartClient_UnitTest\bin\x64\Debug\net6.0-windows\zSmartClient_UnitTest.dll" adapterTypeName="executor://mstestadapter/v2" className="SmartClient_UnitTest.VideoOS.RemoteClient.Application.Common.Telemetry.TelemetryBuilderTests" name="BuildMapOptions_ShouldHandleStringOptionsCorrectly" />
    </UnitTest>
    <UnitTest name="ForceUpdate_CallsUpdateStrategyForceUpdate" storage="d:\actions-runner\_work\xpco\xpco\allsolutions\..\sc\components\remoteviewer\smartclient\tst\zsmartclient_unittest\bin\x64\debug\net6.0-windows\zsmartclient_unittest.dll" id="737570f7-4183-1643-93e9-5894a6ee837f">
      <TestCategory>
        <TestCategoryItem TestCategory="MipItemsRetriever" />
      </TestCategory>
      <Execution id="cc43f9d8-cfee-42ed-b5d0-a1900ec5dbc1" />
      <TestMethod codeBase="D:\actions-runner\_work\XPCO\XPCO\AllSolutions\..\SC\Components\RemoteViewer\SmartClient\tst\zSmartClient_UnitTest\bin\x64\Debug\net6.0-windows\zSmartClient_UnitTest.dll" adapterTypeName="executor://mstestadapter/v2" className="SmartClient_UnitTest.VideoOS.RemoteClient.Plugin.GisMap.MIP.MipItemsRetrieverTests" name="ForceUpdate_CallsUpdateStrategyForceUpdate" />
    </UnitTest>
    <UnitTest name="BuildState_SelectionWithSingleSearchDefinition_Success" storage="d:\actions-runner\_work\xpco\xpco\allsolutions\..\sc\components\remoteviewer\smartclient\tst\zsmartclient_unittest\bin\x64\debug\net6.0-windows\zsmartclient_unittest.dll" id="62bfa639-11d3-81b7-beea-8fc58ddae302">
      <TestCategory>
        <TestCategoryItem TestCategory="Search" />
      </TestCategory>
      <Execution id="d489adae-6864-46fa-be10-121abbe5ea97" />
      <TestMethod codeBase="D:\actions-runner\_work\XPCO\XPCO\AllSolutions\..\SC\Components\RemoteViewer\SmartClient\tst\zSmartClient_UnitTest\bin\x64\Debug\net6.0-windows\zSmartClient_UnitTest.dll" adapterTypeName="executor://mstestadapter/v2" className="SmartClient_UnitTest.VideoOS.RemoteClient.Plugin.CentralizedSearch.CentralizedSearchContentHolderTests" name="BuildState_SelectionWithSingleSearchDefinition_Success" />
    </UnitTest>
    <UnitTest name="CreateGeometry_EmptyPointsCollection_ThrowsArgException" storage="d:\actions-runner\_work\xpco\xpco\allsolutions\..\sc\components\remoteviewer\smartclient\tst\zsmartclient_unittest\bin\x64\debug\net6.0-windows\zsmartclient_unittest.dll" id="11bc7ddd-0334-e311-f2a7-f381145ec805">
      <TestCategory>
        <TestCategoryItem TestCategory="GisMapIndex" />
      </TestCategory>
      <Execution id="7bc8feb0-8148-4c01-a549-cc9423eef848" />
      <TestMethod codeBase="D:\actions-runner\_work\XPCO\XPCO\AllSolutions\..\SC\Components\RemoteViewer\SmartClient\tst\zSmartClient_UnitTest\bin\x64\Debug\net6.0-windows\zSmartClient_UnitTest.dll" adapterTypeName="executor://mstestadapter/v2" className="SmartClient_UnitTest.VideoOS.RemoteClient.GisMapData.Common.Indexer.IndexUtilTests" name="CreateGeometry_EmptyPointsCollection_ThrowsArgException" />
    </UnitTest>
    <UnitTest name="GetLayerFeatures_ShouldReturnInputLayerFeaturesBasedOnInputItemsMapLayer_WhenInputKind" storage="d:\actions-runner\_work\xpco\xpco\allsolutions\..\sc\components\remoteviewer\smartclient\tst\zsmartclient_unittest\bin\x64\debug\net6.0-windows\zsmartclient_unittest.dll" id="6fad06d6-6e6b-b6b2-c6ce-b133426e326c">
      <TestCategory>
        <TestCategoryItem TestCategory="GisMapData.Controllers.LayerFeatures" />
      </TestCategory>
      <Execution id="c26eb1d1-8756-4a95-ac55-726a5b7b49dd" />
      <TestMethod codeBase="D:\actions-runner\_work\XPCO\XPCO\AllSolutions\..\SC\Components\RemoteViewer\SmartClient\tst\zSmartClient_UnitTest\bin\x64\Debug\net6.0-windows\zSmartClient_UnitTest.dll" adapterTypeName="executor://mstestadapter/v2" className="SmartClient_UnitTest.VideoOS.RemoteClient.GisMapData.Controllers.LayerFeatures.LayerFeaturesControllerTests" name="GetLayerFeatures_ShouldReturnInputLayerFeaturesBasedOnInputItemsMapLayer_WhenInputKind" />
    </UnitTest>
    <UnitTest name="WorkspaceChangedEvent_ShouldSetLayerDeviceVisibilityItemDataCached_WhenEnteringIntoSetupMode" storage="d:\actions-runner\_work\xpco\xpco\allsolutions\..\sc\components\remoteviewer\smartclient\tst\zsmartclient_unittest\bin\x64\debug\net6.0-windows\zsmartclient_unittest.dll" id="54665edf-a1f2-e9fe-2f83-fd5f97c5627f">
      <TestCategory>
        <TestCategoryItem TestCategory="GisMap.DefaultFixedLayerManagerStrategyTests" />
      </TestCategory>
      <Execution id="f35b922c-aff2-4e06-8e57-6831d2f91db8" />
      <TestMethod codeBase="D:\actions-runner\_work\XPCO\XPCO\AllSolutions\..\SC\Components\RemoteViewer\SmartClient\tst\zSmartClient_UnitTest\bin\x64\Debug\net6.0-windows\zSmartClient_UnitTest.dll" adapterTypeName="executor://mstestadapter/v2" className="SmartClient_UnitTest.VideoOS.RemoteClient.Plugin.GisMap.ViewModels.LayersVisibility.FixedLayers.DefaultFixedLayerManagerStrategyTests" name="WorkspaceChangedEvent_ShouldSetLayerDeviceVisibilityItemDataCached_WhenEnteringIntoSetupMode" />
    </UnitTest>
    <UnitTest name="GetActivatedOutputIconId_ShouldRaiseArgumentException_WhenArgumentIsNotADeactivatedOutputIconId" storage="d:\actions-runner\_work\xpco\xpco\allsolutions\..\sc\components\remoteviewer\smartclient\tst\zsmartclient_unittest\bin\x64\debug\net6.0-windows\zsmartclient_unittest.dll" id="9f080b69-ff73-e1e5-ebe4-dd30c3c983a4">
      <TestCategory>
        <TestCategoryItem TestCategory="GisMapData.OutputOemResourcesProviderTests" />
      </TestCategory>
      <Execution id="efed76f8-a322-480f-be2c-30e61118b80e" />
      <TestMethod codeBase="D:\actions-runner\_work\XPCO\XPCO\AllSolutions\..\SC\Components\RemoteViewer\SmartClient\tst\zSmartClient_UnitTest\bin\x64\Debug\net6.0-windows\zSmartClient_UnitTest.dll" adapterTypeName="executor://mstestadapter/v2" className="SmartClient_UnitTest.VideoOS.RemoteClient.GisMapData.Resources.OutputOemResourcesProviderTests" name="GetActivatedOutputIconId_ShouldRaiseArgumentException_WhenArgumentIsNotADeactivatedOutputIconId" />
    </UnitTest>
    <UnitTest name="SearchResultsActionBarActions_CreateEvidenceLock_OptionAvailable_Enabled" storage="d:\actions-runner\_work\xpco\xpco\allsolutions\..\sc\components\remoteviewer\smartclient\tst\zsmartclient_unittest\bin\x64\debug\net6.0-windows\zsmartclient_unittest.dll" id="3127eee9-b24b-38fc-7372-b6a7a8378a18">
      <TestCategory>
        <TestCategoryItem TestCategory="SearchResultActionBarViewModel" />
      </TestCategory>
      <Execution id="a9c826d8-596d-400c-ad56-05a4d8b63a98" />
      <TestMethod codeBase="D:\actions-runner\_work\XPCO\XPCO\AllSolutions\..\SC\Components\RemoteViewer\SmartClient\tst\zSmartClient_UnitTest\bin\x64\Debug\net6.0-windows\zSmartClient_UnitTest.dll" adapterTypeName="executor://mstestadapter/v2" className="SmartClient_UnitTest.VideoOS.RemoteClient.Plugin.CentralizedSearch.ViewModels.SearchResultsActionBarViewModelTest" name="SearchResultsActionBarActions_CreateEvidenceLock_OptionAvailable_Enabled" />
    </UnitTest>
    <UnitTest name="ManualRecordingResultDto_ShouldYieldSameValues_WhenRoundTripConverted" storage="d:\actions-runner\_work\xpco\xpco\allsolutions\..\sc\components\remoteviewer\smartclient\tst\zsmartclient_unittest\bin\x64\debug\net6.0-windows\zsmartclient_unittest.dll" id="95b39f8a-1d05-ef16-b7bc-9f5670cd4fdd">
      <TestCategory>
        <TestCategoryItem TestCategory="RecorderProxyToDtoMapping" />
      </TestCategory>
      <Execution id="c393e6a0-4a6f-4def-96f5-84a110634453" />
      <TestMethod codeBase="D:\actions-runner\_work\XPCO\XPCO\AllSolutions\..\SC\Components\RemoteViewer\SmartClient\tst\zSmartClient_UnitTest\bin\x64\Debug\net6.0-windows\zSmartClient_UnitTest.dll" adapterTypeName="executor://mstestadapter/v2" className="VideoOS.Shared.ServerAPI.SOAP.RecorderClientMappingTests" name="ManualRecordingResultDto_ShouldYieldSameValues_WhenRoundTripConverted" />
    </UnitTest>
    <UnitTest name="SidePanelToggleButtonIsVisible_DependingOnConditions (FullScreen,True,False,False)" storage="d:\actions-runner\_work\xpco\xpco\allsolutions\..\sc\components\remoteviewer\smartclient\tst\zsmartclient_unittest\bin\x64\debug\net6.0-windows\zsmartclient_unittest.dll" id="691d68a9-645d-890d-6c67-c584c444916d">
      <TestCategory>
        <TestCategoryItem TestCategory="WorkspaceToolbar" />
      </TestCategory>
      <Execution id="0011156d-e469-482d-a32d-711e3691c349" />
      <TestMethod codeBase="D:\actions-runner\_work\XPCO\XPCO\AllSolutions\..\SC\Components\RemoteViewer\SmartClient\tst\zSmartClient_UnitTest\bin\x64\Debug\net6.0-windows\zSmartClient_UnitTest.dll" adapterTypeName="executor://mstestadapter/v2" className="SmartClient_UnitTest.VideoOS.RemoteClient.Application.UI.Content.WorkspaceToolbar.WorkspaceToolbarViewModelTests" name="SidePanelToggleButtonIsVisible_DependingOnConditions" />
    </UnitTest>
    <UnitTest name="CalculateNewExtent_ShouldLimitExtent_WhenBeyondMaxOnLowerRightEdge" storage="d:\actions-runner\_work\xpco\xpco\allsolutions\..\sc\components\remoteviewer\smartclient\tst\zsmartclient_unittest\bin\x64\debug\net6.0-windows\zsmartclient_unittest.dll" id="eee00570-2c88-ed70-4bff-bb8eb4983fd1">
      <TestCategory>
        <TestCategoryItem TestCategory="MipItemsUpdateStrategy" />
      </TestCategory>
      <Execution id="0f2f83ed-b493-4cea-954d-12961cbe7f4c" />
      <TestMethod codeBase="D:\actions-runner\_work\XPCO\XPCO\AllSolutions\..\SC\Components\RemoteViewer\SmartClient\tst\zSmartClient_UnitTest\bin\x64\Debug\net6.0-windows\zSmartClient_UnitTest.dll" adapterTypeName="executor://mstestadapter/v2" className="SmartClient_UnitTest.VideoOS.RemoteClient.Plugin.GisMap.MIP.MipItemsUpdateStrategyTests" name="CalculateNewExtent_ShouldLimitExtent_WhenBeyondMaxOnLowerRightEdge" />
    </UnitTest>
    <UnitTest name="Connect_WhenMajorServerVersionIs13AndMinorServerVersionIs3_ShouldCreateNewSchClient" storage="d:\actions-runner\_work\xpco\xpco\allsolutions\..\sc\components\remoteviewer\smartclient\tst\zsmartclient_unittest\bin\x64\debug\net6.0-windows\zsmartclient_unittest.dll" id="5a96ab5f-7525-5e8b-4ceb-aece78f169bb">
      <Execution id="deacdd04-ff77-4ab5-ac39-0774ad6ea92d" />
      <TestMethod codeBase="D:\actions-runner\_work\XPCO\XPCO\AllSolutions\..\SC\Components\RemoteViewer\SmartClient\tst\zSmartClient_UnitTest\bin\x64\Debug\net6.0-windows\zSmartClient_UnitTest.dll" adapterTypeName="executor://mstestadapter/v2" className="VideoOS.Shared.ServerAPI.ServiceChannel.UnitTest.ServiceChannelCommandServiceTests" name="Connect_WhenMajorServerVersionIs13AndMinorServerVersionIs3_ShouldCreateNewSchClient" />
    </UnitTest>
    <UnitTest name="TestLoadAsync_Success" storage="d:\actions-runner\_work\xpco\xpco\allsolutions\..\sc\components\remoteviewer\smartclient\tst\zsmartclient_unittest\bin\x64\debug\net6.0-windows\zsmartclient_unittest.dll" id="34f71d61-40e4-8716-5c83-5c84a7e66552">
      <TestCategory>
        <TestCategoryItem TestCategory="GisMapBuilding" />
      </TestCategory>
      <Execution id="512f206d-6b04-4fcc-a3be-1fd9a5b910a7" />
      <TestMethod codeBase="D:\actions-runner\_work\XPCO\XPCO\AllSolutions\..\SC\Components\RemoteViewer\SmartClient\tst\zSmartClient_UnitTest\bin\x64\Debug\net6.0-windows\zSmartClient_UnitTest.dll" adapterTypeName="executor://mstestadapter/v2" className="SmartClient_UnitTest.VideoOS.RemoteClient.GisMapData.MapBuildings.MapLevelTests" name="TestLoadAsync_Success" />
    </UnitTest>
    <UnitTest name="GetWorkspaceToolbarItems_ShouldReturnCorrectToolbarItemAsVisible_WhenWorkspaceIsDifferentForPlugins" storage="d:\actions-runner\_work\xpco\xpco\allsolutions\..\sc\components\remoteviewer\smartclient\tst\zsmartclient_unittest\bin\x64\debug\net6.0-windows\zsmartclient_unittest.dll" id="fca611f3-84ae-9eb6-8d99-31763ce69bf9">
      <TestCategory>
        <TestCategoryItem TestCategory="WorkspaceToolbar" />
      </TestCategory>
      <Execution id="e348dc0b-d678-47fd-a8ff-62037cff3710" />
      <TestMethod codeBase="D:\actions-runner\_work\XPCO\XPCO\AllSolutions\..\SC\Components\RemoteViewer\SmartClient\tst\zSmartClient_UnitTest\bin\x64\Debug\net6.0-windows\zSmartClient_UnitTest.dll" adapterTypeName="executor://mstestadapter/v2" className="SmartClient_UnitTest.VideoOS.RemoteClient.Application.UI.Content.WorkspaceToolbar.MIPWorkspaceToolbarItemManagerTests" name="GetWorkspaceToolbarItems_ShouldReturnCorrectToolbarItemAsVisible_WhenWorkspaceIsDifferentForPlugins" />
    </UnitTest>
    <UnitTest name="AddToExportTuples_ShouldAddToExportData (0)" storage="d:\actions-runner\_work\xpco\xpco\allsolutions\..\sc\components\remoteviewer\smartclient\tst\zsmartclient_unittest\bin\x64\debug\net6.0-windows\zsmartclient_unittest.dll" id="729824cb-41bb-e743-d160-027404f863b6">
      <TestCategory>
        <TestCategoryItem TestCategory="Managers" />
      </TestCategory>
      <Execution id="7a9fca62-08e1-408f-ba1b-1edde7ba71e4" />
      <TestMethod codeBase="D:\actions-runner\_work\XPCO\XPCO\AllSolutions\..\SC\Components\RemoteViewer\SmartClient\tst\zSmartClient_UnitTest\bin\x64\Debug\net6.0-windows\zSmartClient_UnitTest.dll" adapterTypeName="executor://mstestadapter/v2" className="SmartClient_UnitTest.VideoOS.RemoteClient.Application.Managers.ExportManagerTests" name="AddToExportTuples_ShouldAddToExportData" />
    </UnitTest>
    <UnitTest name="Search_PreviouslyAddedFilterValueRemoved_SubDefinitionOnlyUsesRemainingFilterValues" storage="d:\actions-runner\_work\xpco\xpco\allsolutions\..\sc\components\remoteviewer\smartclient\tst\zsmartclient_unittest\bin\x64\debug\net6.0-windows\zsmartclient_unittest.dll" id="09064739-d6f3-b35b-43e1-f9b5634afbd3">
      <TestCategory>
        <TestCategoryItem TestCategory="Search" />
      </TestCategory>
      <Execution id="efec475f-c14c-468c-af09-0d6f0a375619" />
      <TestMethod codeBase="D:\actions-runner\_work\XPCO\XPCO\AllSolutions\..\SC\Components\RemoteViewer\SmartClient\tst\zSmartClient_UnitTest\bin\x64\Debug\net6.0-windows\zSmartClient_UnitTest.dll" adapterTypeName="executor://mstestadapter/v2" className="SmartClient_UnitTest.VideoOS.RemoteClient.Plugin.CentralizedSearch.MIPPlugin.CompositeSearchDefinitionTests" name="Search_PreviouslyAddedFilterValueRemoved_SubDefinitionOnlyUsesRemainingFilterValues" />
    </UnitTest>
    <UnitTest name="AddToExportTuples_ShouldReturnCorrectResult (1,1,1)" storage="d:\actions-runner\_work\xpco\xpco\allsolutions\..\sc\components\remoteviewer\smartclient\tst\zsmartclient_unittest\bin\x64\debug\net6.0-windows\zsmartclient_unittest.dll" id="c3caedc7-efe3-78cd-a186-06b5b57b0f65">
      <TestCategory>
        <TestCategoryItem TestCategory="Managers" />
      </TestCategory>
      <Execution id="f3b632be-3f27-4e48-80a2-30b8fba5a805" />
      <TestMethod codeBase="D:\actions-runner\_work\XPCO\XPCO\AllSolutions\..\SC\Components\RemoteViewer\SmartClient\tst\zSmartClient_UnitTest\bin\x64\Debug\net6.0-windows\zSmartClient_UnitTest.dll" adapterTypeName="executor://mstestadapter/v2" className="SmartClient_UnitTest.VideoOS.RemoteClient.Application.Managers.ExportManagerTests" name="AddToExportTuples_ShouldReturnCorrectResult" />
    </UnitTest>
    <UnitTest name="Map_DeleteLayer_ImageLayer_Success" storage="d:\actions-runner\_work\xpco\xpco\allsolutions\..\sc\components\remoteviewer\smartclient\tst\zsmartclient_unittest\bin\x64\debug\net6.0-windows\zsmartclient_unittest.dll" id="f4a81b1f-d65d-e48b-b006-18eab3f2b023">
      <TestCategory>
        <TestCategoryItem TestCategory="GisMapLayers" />
      </TestCategory>
      <Execution id="5497fd65-dc5f-4302-8e21-8e638f73c683" />
      <TestMethod codeBase="D:\actions-runner\_work\XPCO\XPCO\AllSolutions\..\SC\Components\RemoteViewer\SmartClient\tst\zSmartClient_UnitTest\bin\x64\Debug\net6.0-windows\zSmartClient_UnitTest.dll" adapterTypeName="executor://mstestadapter/v2" className="SmartClient_UnitTest.VideoOS.RemoteClient.GisMapData.GisMapLayerTests" name="Map_DeleteLayer_ImageLayer_Success" />
    </UnitTest>
    <UnitTest name="EndSelection_ShouldNotStartInPlaceEditMode_WhenItemIsNotSelected" storage="d:\actions-runner\_work\xpco\xpco\allsolutions\..\sc\components\remoteviewer\smartclient\tst\zsmartclient_unittest\bin\x64\debug\net6.0-windows\zsmartclient_unittest.dll" id="9bd36f2b-bb15-3fec-5cc0-8da29f15f2eb">
      <TestCategory>
        <TestCategoryItem TestCategory="SmartMap.SelectionHelper" />
      </TestCategory>
      <Execution id="0bcc4037-47f7-4036-9abe-a3ccd2e09d91" />
      <TestMethod codeBase="D:\actions-runner\_work\XPCO\XPCO\AllSolutions\..\SC\Components\RemoteViewer\SmartClient\tst\zSmartClient_UnitTest\bin\x64\Debug\net6.0-windows\zSmartClient_UnitTest.dll" adapterTypeName="executor://mstestadapter/v2" className="SmartClient_UnitTest.VideoOS.RemoteClient.Plugin.GisMap.ThinkGeoMap.SpecializedOverlays.Overlays.SelectionHelperTests" name="EndSelection_ShouldNotStartInPlaceEditMode_WhenItemIsNotSelected" />
    </UnitTest>
    <UnitTest name="GetLayerFeatures_ShouldReturnOutputLayerFeatures_WhenOutputKind" storage="d:\actions-runner\_work\xpco\xpco\allsolutions\..\sc\components\remoteviewer\smartclient\tst\zsmartclient_unittest\bin\x64\debug\net6.0-windows\zsmartclient_unittest.dll" id="2b33b0ae-9699-070c-729a-42132d028501">
      <TestCategory>
        <TestCategoryItem TestCategory="GisMapData.Controllers.LayerFeatures" />
      </TestCategory>
      <Execution id="3e969710-fbcf-4ea8-b284-d03115669381" />
      <TestMethod codeBase="D:\actions-runner\_work\XPCO\XPCO\AllSolutions\..\SC\Components\RemoteViewer\SmartClient\tst\zSmartClient_UnitTest\bin\x64\Debug\net6.0-windows\zSmartClient_UnitTest.dll" adapterTypeName="executor://mstestadapter/v2" className="SmartClient_UnitTest.VideoOS.RemoteClient.GisMapData.Controllers.LayerFeatures.LayerFeaturesControllerTests" name="GetLayerFeatures_ShouldReturnOutputLayerFeatures_WhenOutputKind" />
    </UnitTest>
    <UnitTest name="MainScopeTitleMaxWidthConverter_ConvertSuccess" storage="d:\actions-runner\_work\xpco\xpco\allsolutions\..\sc\components\remoteviewer\smartclient\tst\zsmartclient_unittest\bin\x64\debug\net6.0-windows\zsmartclient_unittest.dll" id="b875a004-85a0-61f0-5a06-f872b9bf4ce4">
      <TestCategory>
        <TestCategoryItem TestCategory="SearchConverter" />
      </TestCategory>
      <Execution id="790b7f22-fa08-4538-a1ad-cad3b86fd559" />
      <TestMethod codeBase="D:\actions-runner\_work\XPCO\XPCO\AllSolutions\..\SC\Components\RemoteViewer\SmartClient\tst\zSmartClient_UnitTest\bin\x64\Debug\net6.0-windows\zSmartClient_UnitTest.dll" adapterTypeName="executor://mstestadapter/v2" className="SmartClient_UnitTest.VideoOS.RemoteClient.Plugin.CentralizedSearch.Views.Converters.MainScopeTitleMaxWidthConverterTests" name="MainScopeTitleMaxWidthConverter_ConvertSuccess" />
    </UnitTest>
    <UnitTest name="Warning_Shown_When_Reducing_Protection_Expiry" storage="d:\actions-runner\_work\xpco\xpco\allsolutions\..\sc\components\remoteviewer\smartclient\tst\zsmartclient_unittest\bin\x64\debug\net6.0-windows\zsmartclient_unittest.dll" id="0b44e872-d464-60e7-3348-83243bc0d155">
      <Execution id="ee0b7f6e-81dd-4a9a-86fe-67aafe579a61" />
      <TestMethod codeBase="D:\actions-runner\_work\XPCO\XPCO\AllSolutions\..\SC\Components\RemoteViewer\SmartClient\tst\zSmartClient_UnitTest\bin\x64\Debug\net6.0-windows\zSmartClient_UnitTest.dll" adapterTypeName="executor://mstestadapter/v2" className="SmartClient_UnitTest.VideoOS.RemoteClient.Application.Components.EvidenceLock.EvidenceLockCreateEditTests" name="Warning_Shown_When_Reducing_Protection_Expiry" />
    </UnitTest>
    <UnitTest name="Constructor_ShouldRaiseArgumentNullException_WhenLoggerIsNull" storage="d:\actions-runner\_work\xpco\xpco\allsolutions\..\sc\components\remoteviewer\smartclient\tst\zsmartclient_unittest\bin\x64\debug\net6.0-windows\zsmartclient_unittest.dll" id="88c2b0d8-15cc-99cf-0786-93c215c0f665">
      <TestCategory>
        <TestCategoryItem TestCategory="GisMapAudioController" />
      </TestCategory>
      <Execution id="6ef99026-672a-4132-b640-569a3c9c05f2" />
      <TestMethod codeBase="D:\actions-runner\_work\XPCO\XPCO\AllSolutions\..\SC\Components\RemoteViewer\SmartClient\tst\zSmartClient_UnitTest\bin\x64\Debug\net6.0-windows\zSmartClient_UnitTest.dll" adapterTypeName="executor://mstestadapter/v2" className="SmartClient_UnitTest.VideoOS.RemoteClient.GisMapData.GisMapAudioControllerTests" name="Constructor_ShouldRaiseArgumentNullException_WhenLoggerIsNull" />
    </UnitTest>
    <UnitTest name="TestForAssemblyCoverage" storage="d:\actions-runner\_work\xpco\xpco\allsolutions\..\sc\components\remoteviewer\smartclient\tst\zsmartclient_unittest\bin\x64\debug\net6.0-windows\zsmartclient_unittest.dll" id="4a5dc23b-ffe3-e948-472d-9d60d6e22bd4">
      <Execution id="93413d2a-d367-4e96-84a4-26eb6f575af8" />
      <TestMethod codeBase="D:\actions-runner\_work\XPCO\XPCO\AllSolutions\..\SC\Components\RemoteViewer\SmartClient\tst\zSmartClient_UnitTest\bin\x64\Debug\net6.0-windows\zSmartClient_UnitTest.dll" adapterTypeName="executor://mstestadapter/v2" className="SmartClient_UnitTest.VideoOS.RemoteClient.VMOData.UnitTest1" name="TestForAssemblyCoverage" />
    </UnitTest>
    <UnitTest name="OnSizeChanged_PluginButtonsPresentInActionBar_PluginButtonsMovedToOverflowMenu" storage="d:\actions-runner\_work\xpco\xpco\allsolutions\..\sc\components\remoteviewer\smartclient\tst\zsmartclient_unittest\bin\x64\debug\net6.0-windows\zsmartclient_unittest.dll" id="f50ada7c-d947-8c69-ca9d-bb57a8cda16a">
      <TestCategory>
        <TestCategoryItem TestCategory="SearchViews" />
      </TestCategory>
      <Execution id="2e2d2be6-c3d4-472b-adf0-cee437ae30b6" />
      <TestMethod codeBase="D:\actions-runner\_work\XPCO\XPCO\AllSolutions\..\SC\Components\RemoteViewer\SmartClient\tst\zSmartClient_UnitTest\bin\x64\Debug\net6.0-windows\zSmartClient_UnitTest.dll" adapterTypeName="executor://mstestadapter/v2" className="SmartClient_UnitTest.VideoOS.RemoteClient.Plugin.CentralizedSearch.Views.SearchResultActionBarViewTests" name="OnSizeChanged_PluginButtonsPresentInActionBar_PluginButtonsMovedToOverflowMenu" />
    </UnitTest>
    <UnitTest name="Constructor_ShouldRaiseArgumentNullException_WhenGisMapViewModelIsNull" storage="d:\actions-runner\_work\xpco\xpco\allsolutions\..\sc\components\remoteviewer\smartclient\tst\zsmartclient_unittest\bin\x64\debug\net6.0-windows\zsmartclient_unittest.dll" id="d971de1e-b31f-31c2-fa67-f30dd423d56b">
      <TestCategory>
        <TestCategoryItem TestCategory="GisMap.LayerVisibilityViewModelTests" />
      </TestCategory>
      <Execution id="be3909ec-b64c-498c-9561-331972fe4954" />
      <TestMethod codeBase="D:\actions-runner\_work\XPCO\XPCO\AllSolutions\..\SC\Components\RemoteViewer\SmartClient\tst\zSmartClient_UnitTest\bin\x64\Debug\net6.0-windows\zSmartClient_UnitTest.dll" adapterTypeName="executor://mstestadapter/v2" className="SmartClient_UnitTest.VideoOS.RemoteClient.Plugin.GisMap.ViewModels.LayerVisibilityViewModelTests" name="Constructor_ShouldRaiseArgumentNullException_WhenGisMapViewModelIsNull" />
    </UnitTest>
    <UnitTest name="Constructor_ShouldRaiseArgumentNullException_WhenGisMapModelIsNull" storage="d:\actions-runner\_work\xpco\xpco\allsolutions\..\sc\components\remoteviewer\smartclient\tst\zsmartclient_unittest\bin\x64\debug\net6.0-windows\zsmartclient_unittest.dll" id="80316af5-ff8d-d096-8b7d-158b3853fd75">
      <TestCategory>
        <TestCategoryItem TestCategory="GisMap.Handlers.Devices.MapItems" />
      </TestCategory>
      <Execution id="26b41f14-568b-4ca1-9a36-e10d80344657" />
      <TestMethod codeBase="D:\actions-runner\_work\XPCO\XPCO\AllSolutions\..\SC\Components\RemoteViewer\SmartClient\tst\zSmartClient_UnitTest\bin\x64\Debug\net6.0-windows\zSmartClient_UnitTest.dll" adapterTypeName="executor://mstestadapter/v2" className="SmartClient_UnitTest.VideoOS.RemoteClient.Plugin.GisMap.Handlers.Devices.MapItems.CameraDataHandlerTests" name="Constructor_ShouldRaiseArgumentNullException_WhenGisMapModelIsNull" />
    </UnitTest>
    <UnitTest name="Parse_TwelveHours_Success" storage="d:\actions-runner\_work\xpco\xpco\allsolutions\..\sc\components\remoteviewer\smartclient\tst\zsmartclient_unittest\bin\x64\debug\net6.0-windows\zsmartclient_unittest.dll" id="24de239e-634e-94d1-f05a-2dd6d4c77c91">
      <TestCategory>
        <TestCategoryItem TestCategory="Search" />
      </TestCategory>
      <Execution id="a445bdac-6d8b-492e-a524-4250782e0693" />
      <TestMethod codeBase="D:\actions-runner\_work\XPCO\XPCO\AllSolutions\..\SC\Components\RemoteViewer\SmartClient\tst\zSmartClient_UnitTest\bin\x64\Debug\net6.0-windows\zSmartClient_UnitTest.dll" adapterTypeName="executor://mstestadapter/v2" className="SmartClient_UnitTest.VideoOS.RemoteClient.Plugin.CentralizedSearch.Models.ScopeDurationTests" name="Parse_TwelveHours_Success" />
    </UnitTest>
    <UnitTest name="MotionAreaInfosDto_ShouldYieldSameValues_WhenRoundTripConverted" storage="d:\actions-runner\_work\xpco\xpco\allsolutions\..\sc\components\remoteviewer\smartclient\tst\zsmartclient_unittest\bin\x64\debug\net6.0-windows\zsmartclient_unittest.dll" id="5479df44-d54f-1884-c573-5213e20618b0">
      <TestCategory>
        <TestCategoryItem TestCategory="RecorderProxyToDtoMapping" />
      </TestCategory>
      <Execution id="7207ffe4-f8e9-48c3-8c89-13ef7621e18d" />
      <TestMethod codeBase="D:\actions-runner\_work\XPCO\XPCO\AllSolutions\..\SC\Components\RemoteViewer\SmartClient\tst\zSmartClient_UnitTest\bin\x64\Debug\net6.0-windows\zSmartClient_UnitTest.dll" adapterTypeName="executor://mstestadapter/v2" className="VideoOS.Shared.ServerAPI.SOAP.RecorderClientMappingTests" name="MotionAreaInfosDto_ShouldYieldSameValues_WhenRoundTripConverted" />
    </UnitTest>
    <UnitTest name="SearchResultsActionBarActions_Export_Exists" storage="d:\actions-runner\_work\xpco\xpco\allsolutions\..\sc\components\remoteviewer\smartclient\tst\zsmartclient_unittest\bin\x64\debug\net6.0-windows\zsmartclient_unittest.dll" id="74bce2b8-452d-5f85-d604-2ca1701607c3">
      <TestCategory>
        <TestCategoryItem TestCategory="SearchResultActionBarViewModel" />
      </TestCategory>
      <Execution id="e1fc0614-7bd2-4513-80bd-72bcf1004aed" />
      <TestMethod codeBase="D:\actions-runner\_work\XPCO\XPCO\AllSolutions\..\SC\Components\RemoteViewer\SmartClient\tst\zSmartClient_UnitTest\bin\x64\Debug\net6.0-windows\zSmartClient_UnitTest.dll" adapterTypeName="executor://mstestadapter/v2" className="SmartClient_UnitTest.VideoOS.RemoteClient.Plugin.CentralizedSearch.ViewModels.SearchResultsActionBarViewModelTest" name="SearchResultsActionBarActions_Export_Exists" />
    </UnitTest>
    <UnitTest name="CreateDefinition_ModelReturnsNullDefinition_ReturnsNull" storage="d:\actions-runner\_work\xpco\xpco\allsolutions\..\sc\components\remoteviewer\smartclient\tst\zsmartclient_unittest\bin\x64\debug\net6.0-windows\zsmartclient_unittest.dll" id="401d2e62-9623-23c2-8f1c-f70d5a6debc1">
      <TestCategory>
        <TestCategoryItem TestCategory="SearchModels" />
      </TestCategory>
      <Execution id="9028dcaa-3056-4118-8bd4-576205add581" />
      <TestMethod codeBase="D:\actions-runner\_work\XPCO\XPCO\AllSolutions\..\SC\Components\RemoteViewer\SmartClient\tst\zSmartClient_UnitTest\bin\x64\Debug\net6.0-windows\zSmartClient_UnitTest.dll" adapterTypeName="executor://mstestadapter/v2" className="SmartClient_UnitTest.VideoOS.RemoteClient.Plugin.CentralizedSearch.Models.SearchModelTests" name="CreateDefinition_ModelReturnsNullDefinition_ReturnsNull" />
    </UnitTest>
    <UnitTest name="GetUserOptions_ShouldDecryptOptions_WhenServerIs2020R2OrOlder" storage="d:\actions-runner\_work\xpco\xpco\allsolutions\..\sc\components\remoteviewer\smartclient\tst\zsmartclient_unittest\bin\x64\debug\net6.0-windows\zsmartclient_unittest.dll" id="9a8b0630-7fe0-b955-d569-785b1cb3be21">
      <TestCategory>
        <TestCategoryItem TestCategory="Managers" />
      </TestCategory>
      <Execution id="367cf3e5-b099-49dc-b39b-f15f7c557be5" />
      <TestMethod codeBase="D:\actions-runner\_work\XPCO\XPCO\AllSolutions\..\SC\Components\RemoteViewer\SmartClient\tst\zSmartClient_UnitTest\bin\x64\Debug\net6.0-windows\zSmartClient_UnitTest.dll" adapterTypeName="executor://mstestadapter/v2" className="SmartClient_UnitTest.VideoOS.RemoteClient.Application.Managers.OptionManagerTests" name="GetUserOptions_ShouldDecryptOptions_WhenServerIs2020R2OrOlder" />
    </UnitTest>
    <UnitTest name="DetermineUserAllowsUnsecureConnection_WhereUserIsAskedAndChoiceIsSaved_ShouldCallLoginManager" storage="d:\actions-runner\_work\xpco\xpco\allsolutions\..\sc\components\remoteviewer\smartclient\tst\zsmartclient_unittest\bin\x64\debug\net6.0-windows\zsmartclient_unittest.dll" id="c90acf43-beb9-9440-08e2-aeffc5687d1e">
      <Execution id="2106d8bd-49e1-4872-a137-588be7e29eca" />
      <TestMethod codeBase="D:\actions-runner\_work\XPCO\XPCO\AllSolutions\..\SC\Components\RemoteViewer\SmartClient\tst\zSmartClient_UnitTest\bin\x64\Debug\net6.0-windows\zSmartClient_UnitTest.dll" adapterTypeName="executor://mstestadapter/v2" className="VideoOS.RemoteClient.Application.Managers.UnitTest.AllowUnsecureConnectionManagerTests" name="DetermineUserAllowsUnsecureConnection_WhereUserIsAskedAndChoiceIsSaved_ShouldCallLoginManager" />
    </UnitTest>
    <UnitTest name="ShouldReturnTrueWhenLevelChanged" storage="d:\actions-runner\_work\xpco\xpco\allsolutions\..\sc\components\remoteviewer\smartclient\tst\zsmartclient_unittest\bin\x64\debug\net6.0-windows\zsmartclient_unittest.dll" id="14375da6-0c80-56ea-8d0d-fd5af8584025">
      <TestCategory>
        <TestCategoryItem TestCategory="MipItemsUpdateStrategy" />
      </TestCategory>
      <Execution id="e1e4fae0-8b6c-485b-886f-bee688ce9917" />
      <TestMethod codeBase="D:\actions-runner\_work\XPCO\XPCO\AllSolutions\..\SC\Components\RemoteViewer\SmartClient\tst\zSmartClient_UnitTest\bin\x64\Debug\net6.0-windows\zSmartClient_UnitTest.dll" adapterTypeName="executor://mstestadapter/v2" className="SmartClient_UnitTest.VideoOS.RemoteClient.Plugin.GisMap.MIP.MipItemsUpdateStrategyTests" name="ShouldReturnTrueWhenLevelChanged" />
    </UnitTest>
    <UnitTest name="GetUnmutedMicrophoneIconId_ShouldRaiseArgumentException_WhenArgumentIsNotAMutedMicrophoneIconId" storage="d:\actions-runner\_work\xpco\xpco\allsolutions\..\sc\components\remoteviewer\smartclient\tst\zsmartclient_unittest\bin\x64\debug\net6.0-windows\zsmartclient_unittest.dll" id="fd527641-542a-2899-2dcd-c9ca191cdf52">
      <TestCategory>
        <TestCategoryItem TestCategory="GisMapData.MicrophoneOemResourcesProviderTests" />
      </TestCategory>
      <Execution id="75844460-6141-4e72-af17-309b11c965b0" />
      <TestMethod codeBase="D:\actions-runner\_work\XPCO\XPCO\AllSolutions\..\SC\Components\RemoteViewer\SmartClient\tst\zSmartClient_UnitTest\bin\x64\Debug\net6.0-windows\zSmartClient_UnitTest.dll" adapterTypeName="executor://mstestadapter/v2" className="SmartClient_UnitTest.VideoOS.RemoteClient.GisMapData.Resources.MicrophoneOemResourcesProviderTests" name="GetUnmutedMicrophoneIconId_ShouldRaiseArgumentException_WhenArgumentIsNotAMutedMicrophoneIconId" />
    </UnitTest>
    <UnitTest name="Constructor_ShouldRaiseArgumentNullException_WhenLayersIsNull" storage="d:\actions-runner\_work\xpco\xpco\allsolutions\..\sc\components\remoteviewer\smartclient\tst\zsmartclient_unittest\bin\x64\debug\net6.0-windows\zsmartclient_unittest.dll" id="f56fd28f-91dc-8b5a-3f0d-995472c1fd21">
      <TestCategory>
        <TestCategoryItem TestCategory="GisMapData.Handlers.LayerFeatures" />
      </TestCategory>
      <Execution id="06ced988-ac95-4589-8ffe-d8e75a304077" />
      <TestMethod codeBase="D:\actions-runner\_work\XPCO\XPCO\AllSolutions\..\SC\Components\RemoteViewer\SmartClient\tst\zSmartClient_UnitTest\bin\x64\Debug\net6.0-windows\zSmartClient_UnitTest.dll" adapterTypeName="executor://mstestadapter/v2" className="SmartClient_UnitTest.VideoOS.RemoteClient.GisMapData.Handlers.LayerFeatures.MicrophoneLayerFeaturesHandlerTests" name="Constructor_ShouldRaiseArgumentNullException_WhenLayersIsNull" />
    </UnitTest>
    <UnitTest name="Decorate_ShouldNotRaiseMoreThanOneWindowMouseDownEvent_WhenCalledMultipleTimes" storage="d:\actions-runner\_work\xpco\xpco\allsolutions\..\sc\components\remoteviewer\smartclient\tst\zsmartclient_unittest\bin\x64\debug\net6.0-windows\zsmartclient_unittest.dll" id="425d7941-e1e0-5212-c622-83e7ab8c692e">
      <TestCategory>
        <TestCategoryItem TestCategory="GisMap.WindowsBases" />
      </TestCategory>
      <Execution id="9a631701-fad0-4504-924a-d72879a9f069" />
      <TestMethod codeBase="D:\actions-runner\_work\XPCO\XPCO\AllSolutions\..\SC\Components\RemoteViewer\SmartClient\tst\zSmartClient_UnitTest\bin\x64\Debug\net6.0-windows\zSmartClient_UnitTest.dll" adapterTypeName="executor://mstestadapter/v2" className="SmartClient_UnitTest.VideoOS.RemoteClient.Plugin.GisMap.Windows.Bases.DragWindowDecoratorTests" name="Decorate_ShouldNotRaiseMoreThanOneWindowMouseDownEvent_WhenCalledMultipleTimes" />
    </UnitTest>
    <UnitTest name="AddSelectedWindowsToExport_ShouldShowCorrectToastMessages (1,0,1)" storage="d:\actions-runner\_work\xpco\xpco\allsolutions\..\sc\components\remoteviewer\smartclient\tst\zsmartclient_unittest\bin\x64\debug\net6.0-windows\zsmartclient_unittest.dll" id="cf94cc5e-3853-d775-7ab9-b0e9c7ff54bd">
      <TestCategory>
        <TestCategoryItem TestCategory="Managers" />
      </TestCategory>
      <Execution id="5bdf9894-46a0-438f-a947-bb68f755f246" />
      <TestMethod codeBase="D:\actions-runner\_work\XPCO\XPCO\AllSolutions\..\SC\Components\RemoteViewer\SmartClient\tst\zSmartClient_UnitTest\bin\x64\Debug\net6.0-windows\zSmartClient_UnitTest.dll" adapterTypeName="executor://mstestadapter/v2" className="SmartClient_UnitTest.VideoOS.RemoteClient.Application.Managers.ExportManagerTests" name="AddSelectedWindowsToExport_ShouldShowCorrectToastMessages" />
    </UnitTest>
    <UnitTest name="PatrollingProfileViewModelTest_patrollingProfileViewModel_PropertyChanged" storage="d:\actions-runner\_work\xpco\xpco\allsolutions\..\sc\components\remoteviewer\smartclient\tst\zsmartclient_unittest\bin\x64\debug\net6.0-windows\zsmartclient_unittest.dll" id="c1d7928e-75c0-4c88-3fea-e132fd775b5e">
      <Execution id="36208a9b-bc05-42db-8cd3-e3e5c5cafc44" />
      <TestMethod codeBase="D:\actions-runner\_work\XPCO\XPCO\AllSolutions\..\SC\Components\RemoteViewer\SmartClient\tst\zSmartClient_UnitTest\bin\x64\Debug\net6.0-windows\zSmartClient_UnitTest.dll" adapterTypeName="executor://mstestadapter/v2" className="SmartClient_UnitTest.VideoOS.RemoteClient.Application.UI.PtzPreset.PatrollingViewModel.PatrollingProfileListViewModelTest" name="PatrollingProfileViewModelTest_patrollingProfileViewModel_PropertyChanged" />
    </UnitTest>
    <UnitTest name="AddClientId_WhereClientIsNull_ThrowException" storage="d:\actions-runner\_work\xpco\xpco\allsolutions\..\sc\components\remoteviewer\smartclient\tst\zsmartclient_unittest\bin\x64\debug\net6.0-windows\zsmartclient_unittest.dll" id="f5cc9535-b7e6-daa3-8b93-880b7a1798ad">
      <Execution id="c38a13e6-5671-4854-bcaf-4dedc90885e1" />
      <TestMethod codeBase="D:\actions-runner\_work\XPCO\XPCO\AllSolutions\..\SC\Components\RemoteViewer\SmartClient\tst\zSmartClient_UnitTest\bin\x64\Debug\net6.0-windows\zSmartClient_UnitTest.dll" adapterTypeName="executor://mstestadapter/v2" className="SmartClient_UnitTest.VideoOS.RemoteClient.Plugin.GisMap.Utilities.GoogleApiUrlTest" name="AddClientId_WhereClientIsNull_ThrowException" />
    </UnitTest>
    <UnitTest name="WorkspaceToolBarItemEvidenceLockCreate_ShouldGoIntoSelectionMode_WhenNotInSelectionMode" storage="d:\actions-runner\_work\xpco\xpco\allsolutions\..\sc\components\remoteviewer\smartclient\tst\zsmartclient_unittest\bin\x64\debug\net6.0-windows\zsmartclient_unittest.dll" id="00898047-0053-d119-5ff1-919a14dc0313">
      <Execution id="b8733086-5601-42ae-936d-dc2e219c1ae1" />
      <TestMethod codeBase="D:\actions-runner\_work\XPCO\XPCO\AllSolutions\..\SC\Components\RemoteViewer\SmartClient\tst\zSmartClient_UnitTest\bin\x64\Debug\net6.0-windows\zSmartClient_UnitTest.dll" adapterTypeName="executor://mstestadapter/v2" className="SmartClient_UnitTest.VideoOS.RemoteClient.Application.Data.WorkspaceToolbar.WorkspaceToolbarItemsTimelineSelectionModeTests" name="WorkspaceToolBarItemEvidenceLockCreate_ShouldGoIntoSelectionMode_WhenNotInSelectionMode" />
    </UnitTest>
    <UnitTest name="RetrievalTestStopping" storage="d:\actions-runner\_work\xpco\xpco\allsolutions\..\sc\components\remoteviewer\smartclient\tst\zsmartclient_unittest\bin\x64\debug\net6.0-windows\zsmartclient_unittest.dll" id="93ea4899-517e-c6f1-21bb-544e5f026df8">
      <Execution id="ed636f52-ffba-4fce-9097-171a69c53da2" />
      <TestMethod codeBase="D:\actions-runner\_work\XPCO\XPCO\AllSolutions\..\SC\Components\RemoteViewer\SmartClient\tst\zSmartClient_UnitTest\bin\x64\Debug\net6.0-windows\zSmartClient_UnitTest.dll" adapterTypeName="executor://mstestadapter/v2" className="SmartClient_UnitTest.VideoOS.RemoteClient.Application.Managers.EdgeRetrievalTaskManagerUnitTest" name="RetrievalTestStopping" />
    </UnitTest>
    <UnitTest name="SidePanelToggleButtonIsVisible_DependingOnConditions (Normal,True,False,True)" storage="d:\actions-runner\_work\xpco\xpco\allsolutions\..\sc\components\remoteviewer\smartclient\tst\zsmartclient_unittest\bin\x64\debug\net6.0-windows\zsmartclient_unittest.dll" id="350c59fa-eaf2-6336-6861-38da01aa1d5e">
      <TestCategory>
        <TestCategoryItem TestCategory="WorkspaceToolbar" />
      </TestCategory>
      <Execution id="75cddb26-95bc-4df1-9452-674003656f1d" />
      <TestMethod codeBase="D:\actions-runner\_work\XPCO\XPCO\AllSolutions\..\SC\Components\RemoteViewer\SmartClient\tst\zSmartClient_UnitTest\bin\x64\Debug\net6.0-windows\zSmartClient_UnitTest.dll" adapterTypeName="executor://mstestadapter/v2" className="SmartClient_UnitTest.VideoOS.RemoteClient.Application.UI.Content.WorkspaceToolbar.WorkspaceToolbarViewModelTests" name="SidePanelToggleButtonIsVisible_DependingOnConditions" />
    </UnitTest>
    <UnitTest name="OnMarkerSelected_ShouldSelectMarker_WhenNoExistingSelectionAndAddToSelectionIsTrue" storage="d:\actions-runner\_work\xpco\xpco\allsolutions\..\sc\components\remoteviewer\smartclient\tst\zsmartclient_unittest\bin\x64\debug\net6.0-windows\zsmartclient_unittest.dll" id="c34f42eb-c62c-cd70-fefe-eae8d43a9ea6">
      <TestCategory>
        <TestCategoryItem TestCategory="SmartMap.SelectionHelper" />
      </TestCategory>
      <Execution id="8c55d916-94e4-43f2-9d48-aa5e4215195d" />
      <TestMethod codeBase="D:\actions-runner\_work\XPCO\XPCO\AllSolutions\..\SC\Components\RemoteViewer\SmartClient\tst\zSmartClient_UnitTest\bin\x64\Debug\net6.0-windows\zSmartClient_UnitTest.dll" adapterTypeName="executor://mstestadapter/v2" className="SmartClient_UnitTest.VideoOS.RemoteClient.Plugin.GisMap.ThinkGeoMap.SpecializedOverlays.Overlays.SelectionHelperTests" name="OnMarkerSelected_ShouldSelectMarker_WhenNoExistingSelectionAndAddToSelectionIsTrue" />
    </UnitTest>
    <UnitTest name="DeviceIcons_ShouldHaveTenElements_WhenCalled" storage="d:\actions-runner\_work\xpco\xpco\allsolutions\..\sc\components\remoteviewer\smartclient\tst\zsmartclient_unittest\bin\x64\debug\net6.0-windows\zsmartclient_unittest.dll" id="ef4e21c0-7da5-c60c-260f-ced0773f5f69">
      <TestCategory>
        <TestCategoryItem TestCategory="GisMapData.CameraOemResourcesProviderTests" />
      </TestCategory>
      <Execution id="2f688946-bc19-47f9-9c1d-67491138d709" />
      <TestMethod codeBase="D:\actions-runner\_work\XPCO\XPCO\AllSolutions\..\SC\Components\RemoteViewer\SmartClient\tst\zSmartClient_UnitTest\bin\x64\Debug\net6.0-windows\zSmartClient_UnitTest.dll" adapterTypeName="executor://mstestadapter/v2" className="SmartClient_UnitTest.VideoOS.RemoteClient.GisMapData.Resources.CameraOemResourcesProviderTests" name="DeviceIcons_ShouldHaveTenElements_WhenCalled" />
    </UnitTest>
    <UnitTest name="Compare_SameBeginTimeDeterministicBehavior_Id_Success" storage="d:\actions-runner\_work\xpco\xpco\allsolutions\..\sc\components\remoteviewer\smartclient\tst\zsmartclient_unittest\bin\x64\debug\net6.0-windows\zsmartclient_unittest.dll" id="b7e67eb3-5e37-470d-ad59-462ac69a420c">
      <TestCategory>
        <TestCategoryItem TestCategory="SearchComparers" />
      </TestCategory>
      <Execution id="51df5970-accf-41b2-935d-db22b5f93af5" />
      <TestMethod codeBase="D:\actions-runner\_work\XPCO\XPCO\AllSolutions\..\SC\Components\RemoteViewer\SmartClient\tst\zSmartClient_UnitTest\bin\x64\Debug\net6.0-windows\zSmartClient_UnitTest.dll" adapterTypeName="executor://mstestadapter/v2" className="SmartClient_UnitTest.VideoOS.RemoteClient.Plugin.CentralizedSearch.Models.Wrappers.Comparers.BeginTimeWithPaddingComparerTests" name="Compare_SameBeginTimeDeterministicBehavior_Id_Success" />
    </UnitTest>
    <UnitTest name="PopulateTooltip_HoverOverEmpty_TooltipIsEmpty" storage="d:\actions-runner\_work\xpco\xpco\allsolutions\..\sc\components\remoteviewer\smartclient\tst\zsmartclient_unittest\bin\x64\debug\net6.0-windows\zsmartclient_unittest.dll" id="526844e8-d693-bdcc-23f1-06de8a485eea">
      <TestCategory>
        <TestCategoryItem TestCategory="SearchControls" />
      </TestCategory>
      <Execution id="adde862e-3e5b-457f-ada0-35e605d407e6" />
      <TestMethod codeBase="D:\actions-runner\_work\XPCO\XPCO\AllSolutions\..\SC\Components\RemoteViewer\SmartClient\tst\zSmartClient_UnitTest\bin\x64\Debug\net6.0-windows\zSmartClient_UnitTest.dll" adapterTypeName="executor://mstestadapter/v2" className="SmartClient_UnitTest.VideoOS.RemoteClient.Plugin.CentralizedSearch.Views.Controls.TimelineRuler.TimelineRulerControlTests" name="PopulateTooltip_HoverOverEmpty_TooltipIsEmpty" />
    </UnitTest>
    <UnitTest name="SelectTemplate_ListSelectionFilterConfiguration_ThreeOrMoreItems_ReturnsPopupTemplate" storage="d:\actions-runner\_work\xpco\xpco\allsolutions\..\sc\components\remoteviewer\smartclient\tst\zsmartclient_unittest\bin\x64\debug\net6.0-windows\zsmartclient_unittest.dll" id="bb4bb142-b438-3655-29db-1dd962632a41">
      <TestCategory>
        <TestCategoryItem TestCategory="SearchViews" />
      </TestCategory>
      <Execution id="6ab2a7b9-19f3-472e-9801-955e242ab905" />
      <TestMethod codeBase="D:\actions-runner\_work\XPCO\XPCO\AllSolutions\..\SC\Components\RemoteViewer\SmartClient\tst\zSmartClient_UnitTest\bin\x64\Debug\net6.0-windows\zSmartClient_UnitTest.dll" adapterTypeName="executor://mstestadapter/v2" className="SmartClient_UnitTest.VideoOS.RemoteClient.Plugin.CentralizedSearch.Views.AttributeEditControlTemplateSelectorTests" name="SelectTemplate_ListSelectionFilterConfiguration_ThreeOrMoreItems_ReturnsPopupTemplate" />
    </UnitTest>
    <UnitTest name="No_warning_when_removing_camera_with_unrelated_device_with_no_update_rights" storage="d:\actions-runner\_work\xpco\xpco\allsolutions\..\sc\components\remoteviewer\smartclient\tst\zsmartclient_unittest\bin\x64\debug\net6.0-windows\zsmartclient_unittest.dll" id="51b24619-a3ed-9418-8456-52beb88978c3">
      <Execution id="f00adf61-e371-441a-862f-d3b6f555e57b" />
      <TestMethod codeBase="D:\actions-runner\_work\XPCO\XPCO\AllSolutions\..\SC\Components\RemoteViewer\SmartClient\tst\zSmartClient_UnitTest\bin\x64\Debug\net6.0-windows\zSmartClient_UnitTest.dll" adapterTypeName="executor://mstestadapter/v2" className="SmartClient_UnitTest.VideoOS.RemoteClient.Application.Components.EvidenceLock.EvidenceLockRelatedDeviceRightsTests" name="No_warning_when_removing_camera_with_unrelated_device_with_no_update_rights" />
    </UnitTest>
    <UnitTest name="SearchResultsActionBarActions_AddBookmark_Enabled" storage="d:\actions-runner\_work\xpco\xpco\allsolutions\..\sc\components\remoteviewer\smartclient\tst\zsmartclient_unittest\bin\x64\debug\net6.0-windows\zsmartclient_unittest.dll" id="bbaeb53f-2674-b2c2-8841-ab6f6884b997">
      <TestCategory>
        <TestCategoryItem TestCategory="SearchResultActionBarViewModel" />
      </TestCategory>
      <Execution id="ab378b0b-08bb-4c3d-a2cd-5e1d965e51af" />
      <TestMethod codeBase="D:\actions-runner\_work\XPCO\XPCO\AllSolutions\..\SC\Components\RemoteViewer\SmartClient\tst\zSmartClient_UnitTest\bin\x64\Debug\net6.0-windows\zSmartClient_UnitTest.dll" adapterTypeName="executor://mstestadapter/v2" className="SmartClient_UnitTest.VideoOS.RemoteClient.Plugin.CentralizedSearch.ViewModels.SearchResultsActionBarViewModelTest" name="SearchResultsActionBarActions_AddBookmark_Enabled" />
    </UnitTest>
    <UnitTest name="NearestPossibleZoomLevel_ShouldReturnZoomLevel3_WhenScaleIsGreaterThanZoomlevel3" storage="d:\actions-runner\_work\xpco\xpco\allsolutions\..\sc\components\remoteviewer\smartclient\tst\zsmartclient_unittest\bin\x64\debug\net6.0-windows\zsmartclient_unittest.dll" id="3f5e157c-fd88-4f5a-fa14-5f5e1b9a695a">
      <TestCategory>
        <TestCategoryItem TestCategory="MapExtentManager" />
      </TestCategory>
      <Execution id="312254e2-5515-4be6-b196-aa250a2aad6f" />
      <TestMethod codeBase="D:\actions-runner\_work\XPCO\XPCO\AllSolutions\..\SC\Components\RemoteViewer\SmartClient\tst\zSmartClient_UnitTest\bin\x64\Debug\net6.0-windows\zSmartClient_UnitTest.dll" adapterTypeName="executor://mstestadapter/v2" className="SmartClient_UnitTest.VideoOS.RemoteClient.Plugin.GisMap.ThinkGeoMap.Settings.ThinkGeoMapExtentManagerTests" name="NearestPossibleZoomLevel_ShouldReturnZoomLevel3_WhenScaleIsGreaterThanZoomlevel3" />
    </UnitTest>
    <UnitTest name="ConnectSlave_SucceedeInConnectingAndAllowingSecureConnection_ShouldReturnTrueAndAValidUrl" storage="d:\actions-runner\_work\xpco\xpco\allsolutions\..\sc\components\remoteviewer\smartclient\tst\zsmartclient_unittest\bin\x64\debug\net6.0-windows\zsmartclient_unittest.dll" id="27a95cc0-3e4b-dbea-fc7f-0563168b8940">
      <Execution id="7ec72749-c600-4ae3-950f-86132b226cec" />
      <TestMethod codeBase="D:\actions-runner\_work\XPCO\XPCO\AllSolutions\..\SC\Components\RemoteViewer\SmartClient\tst\zSmartClient_UnitTest\bin\x64\Debug\net6.0-windows\zSmartClient_UnitTest.dll" adapterTypeName="executor://mstestadapter/v2" className="VideoOS.Shared.ServerAPI.VMOViewerClientFacade.UnitTest.VMOViewerClientFacadeTests" name="ConnectSlave_SucceedeInConnectingAndAllowingSecureConnection_ShouldReturnTrueAndAValidUrl" />
    </UnitTest>
    <UnitTest name="Compare_Descending_Success" storage="d:\actions-runner\_work\xpco\xpco\allsolutions\..\sc\components\remoteviewer\smartclient\tst\zsmartclient_unittest\bin\x64\debug\net6.0-windows\zsmartclient_unittest.dll" id="9cc6be48-d93e-7fa9-ac2d-151cc03c3ec0">
      <TestCategory>
        <TestCategoryItem TestCategory="SearchComparers" />
      </TestCategory>
      <Execution id="0a22d5f5-8688-4871-92fa-80a8ee48d810" />
      <TestMethod codeBase="D:\actions-runner\_work\XPCO\XPCO\AllSolutions\..\SC\Components\RemoteViewer\SmartClient\tst\zSmartClient_UnitTest\bin\x64\Debug\net6.0-windows\zSmartClient_UnitTest.dll" adapterTypeName="executor://mstestadapter/v2" className="SmartClient_UnitTest.VideoOS.RemoteClient.Plugin.CentralizedSearch.Models.Wrappers.Comparers.TriggerTimeComparerTests" name="Compare_Descending_Success" />
    </UnitTest>
    <UnitTest name="ValidateExportLocation_ShouldReturnFailResult_ExportPathIsInvalid (aaaaaaaaaaaaaaaaaaaaaaaaaaaaaaaaaaaaaaaaaaaaaaaaaaaaaaaaaaaaaaaaaaaaaaaaaaaaaaaaaaaaaaaaaaaaaaaaaaaaaaaaaaaaaaaaaaaaaaaaaaaaaaaaaaaaaaaaaaaaaaaaaaaaaaaaaaaaaaaaaaaaaaaaaaaaaaaaaaaaaaa)" storage="d:\actions-runner\_work\xpco\xpco\allsolutions\..\sc\components\remoteviewer\smartclient\tst\zsmartclient_unittest\bin\x64\debug\net6.0-windows\zsmartclient_unittest.dll" id="826dae12-7497-2482-cdc9-2d594ce22a1a">
      <TestCategory>
        <TestCategoryItem TestCategory="Export" />
      </TestCategory>
      <Execution id="a475bf65-4dae-485e-8479-f3abc86bb7ba" />
      <TestMethod codeBase="D:\actions-runner\_work\XPCO\XPCO\AllSolutions\..\SC\Components\RemoteViewer\SmartClient\tst\zSmartClient_UnitTest\bin\x64\Debug\net6.0-windows\zSmartClient_UnitTest.dll" adapterTypeName="executor://mstestadapter/v2" className="SmartClient_UnitTest.VideoOS.RemoteClient.Plugin.Export.ExportDataValidatorTests" name="ValidateExportLocation_ShouldReturnFailResult_ExportPathIsInvalid" />
    </UnitTest>
    <UnitTest name="DeviceIcons_ShouldNotBeEmpty_WhenCalled" storage="d:\actions-runner\_work\xpco\xpco\allsolutions\..\sc\components\remoteviewer\smartclient\tst\zsmartclient_unittest\bin\x64\debug\net6.0-windows\zsmartclient_unittest.dll" id="92da1333-fabd-2900-5a70-ee9fd98edfc4">
      <TestCategory>
        <TestCategoryItem TestCategory="GisMapData.InputOemResourcesProviderTests" />
      </TestCategory>
      <Execution id="6f687271-36fe-48b6-a5b2-60dd4f3342df" />
      <TestMethod codeBase="D:\actions-runner\_work\XPCO\XPCO\AllSolutions\..\SC\Components\RemoteViewer\SmartClient\tst\zSmartClient_UnitTest\bin\x64\Debug\net6.0-windows\zSmartClient_UnitTest.dll" adapterTypeName="executor://mstestadapter/v2" className="SmartClient_UnitTest.VideoOS.RemoteClient.GisMapData.Resources.InputOemResourcesProviderTests" name="DeviceIcons_ShouldNotBeEmpty_WhenCalled" />
    </UnitTest>
    <UnitTest name="HandleGetDeviceData_ShouldReturnNotFoundDeviceData_WhenOutputKindAndNonExistingOutputId" storage="d:\actions-runner\_work\xpco\xpco\allsolutions\..\sc\components\remoteviewer\smartclient\tst\zsmartclient_unittest\bin\x64\debug\net6.0-windows\zsmartclient_unittest.dll" id="3c8130e7-463f-39e3-1454-66e2409862a6">
      <TestCategory>
        <TestCategoryItem TestCategory="GisMap.Handlers.Devices.MapItems" />
      </TestCategory>
      <Execution id="c1be547a-f976-456a-aff4-0100e4cb2db0" />
      <TestMethod codeBase="D:\actions-runner\_work\XPCO\XPCO\AllSolutions\..\SC\Components\RemoteViewer\SmartClient\tst\zSmartClient_UnitTest\bin\x64\Debug\net6.0-windows\zSmartClient_UnitTest.dll" adapterTypeName="executor://mstestadapter/v2" className="SmartClient_UnitTest.VideoOS.RemoteClient.Plugin.GisMap.Handlers.Devices.MapItems.OutputDataHandlerTests" name="HandleGetDeviceData_ShouldReturnNotFoundDeviceData_WhenOutputKindAndNonExistingOutputId" />
    </UnitTest>
    <UnitTest name="GetMapLayerArguments_ShouldReturnIGisMapModel_WhenCalled" storage="d:\actions-runner\_work\xpco\xpco\allsolutions\..\sc\components\remoteviewer\smartclient\tst\zsmartclient_unittest\bin\x64\debug\net6.0-windows\zsmartclient_unittest.dll" id="55ff5278-ace4-0f2e-f8ad-9f5f257b511f">
      <Execution id="020e7b24-e815-43a9-b774-ca271b102189" />
      <TestMethod codeBase="D:\actions-runner\_work\XPCO\XPCO\AllSolutions\..\SC\Components\RemoteViewer\SmartClient\tst\zSmartClient_UnitTest\bin\x64\Debug\net6.0-windows\zSmartClient_UnitTest.dll" adapterTypeName="executor://mstestadapter/v2" className="SmartClient_UnitTest.VideoOS.RemoteClient.GisMapData.Strategies.MapLayers.DefaultMapLayerDatagramClassFactoryStrategyTests" name="GetMapLayerArguments_ShouldReturnIGisMapModel_WhenCalled" />
    </UnitTest>
    <UnitTest name="Ctor_UnknownEditControl_DropDownAttributeEditorUsed" storage="d:\actions-runner\_work\xpco\xpco\allsolutions\..\sc\components\remoteviewer\smartclient\tst\zsmartclient_unittest\bin\x64\debug\net6.0-windows\zsmartclient_unittest.dll" id="5b38455f-575a-f0bf-1374-9f24005465f7">
      <TestCategory>
        <TestCategoryItem TestCategory="Search" />
      </TestCategory>
      <Execution id="4eb8835f-5b51-4172-a734-25ad10876831" />
      <TestMethod codeBase="D:\actions-runner\_work\XPCO\XPCO\AllSolutions\..\SC\Components\RemoteViewer\SmartClient\tst\zSmartClient_UnitTest\bin\x64\Debug\net6.0-windows\zSmartClient_UnitTest.dll" adapterTypeName="executor://mstestadapter/v2" className="SmartClient_UnitTest.VideoOS.RemoteClient.Plugin.CentralizedSearch.ViewModels.SearchFilterViewModelTests" name="Ctor_UnknownEditControl_DropDownAttributeEditorUsed" />
    </UnitTest>
    <UnitTest name="UpdateStartupLocationInModel_Updated_Success" storage="d:\actions-runner\_work\xpco\xpco\allsolutions\..\sc\components\remoteviewer\smartclient\tst\zsmartclient_unittest\bin\x64\debug\net6.0-windows\zsmartclient_unittest.dll" id="e692b3e0-3f04-ab27-9ec5-4a69402a8875">
      <TestCategory>
        <TestCategoryItem TestCategory="GisMapContentHolderTests" />
      </TestCategory>
      <Execution id="1285c5ac-1a6f-490b-9969-bf8564524142" />
      <TestMethod codeBase="D:\actions-runner\_work\XPCO\XPCO\AllSolutions\..\SC\Components\RemoteViewer\SmartClient\tst\zSmartClient_UnitTest\bin\x64\Debug\net6.0-windows\zSmartClient_UnitTest.dll" adapterTypeName="executor://mstestadapter/v2" className="SmartClient_UnitTest.VideoOS.RemoteClient.Plugin.GisMap.ContentHolderTests" name="UpdateStartupLocationInModel_Updated_Success" />
    </UnitTest>
    <UnitTest name="Initialize_ShouldNotHaveAnyCameras_WhenInitializedWithEmptyScope" storage="d:\actions-runner\_work\xpco\xpco\allsolutions\..\sc\components\remoteviewer\smartclient\tst\zsmartclient_unittest\bin\x64\debug\net6.0-windows\zsmartclient_unittest.dll" id="dbcd5ac4-1055-621c-a685-f7e5c606ee46">
      <TestCategory>
        <TestCategoryItem TestCategory="Search.Filters.ViewModels" />
      </TestCategory>
      <Execution id="ded10837-ff07-41da-8827-8119f3e50398" />
      <TestMethod codeBase="D:\actions-runner\_work\XPCO\XPCO\AllSolutions\..\SC\Components\RemoteViewer\SmartClient\tst\zSmartClient_UnitTest\bin\x64\Debug\net6.0-windows\zSmartClient_UnitTest.dll" adapterTypeName="executor://mstestadapter/v2" className="SmartClient_UnitTest.VideoOS.RemoteClient.Plugin.CentralizedSearch.MIPPlugin.Criteria.ViewModels.RegionSelectionAttributeEditControlViewModelTests" name="Initialize_ShouldNotHaveAnyCameras_WhenInitializedWithEmptyScope" />
    </UnitTest>
    <UnitTest name="EnsureSnapshotIsPngFormat" storage="d:\actions-runner\_work\xpco\xpco\allsolutions\..\sc\components\remoteviewer\smartclient\tst\zsmartclient_unittest\bin\x64\debug\net6.0-windows\zsmartclient_unittest.dll" id="01ab0198-4b7e-8a94-e88d-b1f770a7248f">
      <Execution id="3e8b5729-9322-44b6-9604-6d0c878c524e" />
      <TestMethod codeBase="D:\actions-runner\_work\XPCO\XPCO\AllSolutions\..\SC\Components\RemoteViewer\SmartClient\tst\zSmartClient_UnitTest\bin\x64\Debug\net6.0-windows\zSmartClient_UnitTest.dll" adapterTypeName="executor://mstestadapter/v2" className="SmartClient_UnitTest.VideoOS.RemoteClient.Application.Data.ContentTypes.CameraContentType.CameraContentHolderTest" name="EnsureSnapshotIsPngFormat" />
    </UnitTest>
    <UnitTest name="ButtonVisibilityProperties_ShouldSetPropertyValues_WhenPropertiesLoaded" storage="d:\actions-runner\_work\xpco\xpco\allsolutions\..\sc\components\remoteviewer\smartclient\tst\zsmartclient_unittest\bin\x64\debug\net6.0-windows\zsmartclient_unittest.dll" id="06afff30-aa98-f03f-ebfe-83961e8caf5d">
      <TestCategory>
        <TestCategoryItem TestCategory="GisMapViewItemTests" />
      </TestCategory>
      <Execution id="6b543c34-5a79-48ad-bc5f-5d24ef384ec1" />
      <TestMethod codeBase="D:\actions-runner\_work\XPCO\XPCO\AllSolutions\..\SC\Components\RemoteViewer\SmartClient\tst\zSmartClient_UnitTest\bin\x64\Debug\net6.0-windows\zSmartClient_UnitTest.dll" adapterTypeName="executor://mstestadapter/v2" className="SmartClient_UnitTest.VideoOS.RemoteClient.Plugin.GisMap.GisMapViewItemTests" name="ButtonVisibilityProperties_ShouldSetPropertyValues_WhenPropertiesLoaded" />
    </UnitTest>
    <UnitTest name="ShowAlreadyAddedToast_ShouldShowCorrectNumberOfToasts (5,1)" storage="d:\actions-runner\_work\xpco\xpco\allsolutions\..\sc\components\remoteviewer\smartclient\tst\zsmartclient_unittest\bin\x64\debug\net6.0-windows\zsmartclient_unittest.dll" id="c5a3b45d-5e96-20b3-b548-6f1303bc7108">
      <TestCategory>
        <TestCategoryItem TestCategory="Managers" />
      </TestCategory>
      <Execution id="ccd78516-ea78-435e-9303-fb9f536425f7" />
      <TestMethod codeBase="D:\actions-runner\_work\XPCO\XPCO\AllSolutions\..\SC\Components\RemoteViewer\SmartClient\tst\zSmartClient_UnitTest\bin\x64\Debug\net6.0-windows\zSmartClient_UnitTest.dll" adapterTypeName="executor://mstestadapter/v2" className="SmartClient_UnitTest.VideoOS.RemoteClient.Application.Managers.ExportResultsNotificationHelperTests" name="ShowAlreadyAddedToast_ShouldShowCorrectNumberOfToasts" />
    </UnitTest>
    <UnitTest name="ClearSelectedCamerasCommand_WithActiveSearchTemplate_ActiveSearchTemplateModifiedSet" storage="d:\actions-runner\_work\xpco\xpco\allsolutions\..\sc\components\remoteviewer\smartclient\tst\zsmartclient_unittest\bin\x64\debug\net6.0-windows\zsmartclient_unittest.dll" id="8db91f9d-1fce-7008-7fb4-f88012013950">
      <TestCategory>
        <TestCategoryItem TestCategory="SearchViewModels" />
      </TestCategory>
      <Execution id="fc7fa4f6-0c05-49e7-ad68-81698e3372db" />
      <TestMethod codeBase="D:\actions-runner\_work\XPCO\XPCO\AllSolutions\..\SC\Components\RemoteViewer\SmartClient\tst\zSmartClient_UnitTest\bin\x64\Debug\net6.0-windows\zSmartClient_UnitTest.dll" adapterTypeName="executor://mstestadapter/v2" className="SmartClient_UnitTest.VideoOS.RemoteClient.Plugin.CentralizedSearch.ViewModels.SearchViewModelTests" name="ClearSelectedCamerasCommand_WithActiveSearchTemplate_ActiveSearchTemplateModifiedSet" />
    </UnitTest>
    <UnitTest name="SearchResultCombineType_ShouldStartSearchWithEmptyCollection_WhenValueChanges" storage="d:\actions-runner\_work\xpco\xpco\allsolutions\..\sc\components\remoteviewer\smartclient\tst\zsmartclient_unittest\bin\x64\debug\net6.0-windows\zsmartclient_unittest.dll" id="6a069b88-27e1-e70c-13f9-4c619372c66b">
      <TestCategory>
        <TestCategoryItem TestCategory="SearchViewModels" />
      </TestCategory>
      <Execution id="9b926466-f5bd-4257-830a-95e827e63cef" />
      <TestMethod codeBase="D:\actions-runner\_work\XPCO\XPCO\AllSolutions\..\SC\Components\RemoteViewer\SmartClient\tst\zSmartClient_UnitTest\bin\x64\Debug\net6.0-windows\zSmartClient_UnitTest.dll" adapterTypeName="executor://mstestadapter/v2" className="SmartClient_UnitTest.VideoOS.RemoteClient.Plugin.CentralizedSearch.ViewModels.SearchViewModelTests" name="SearchResultCombineType_ShouldStartSearchWithEmptyCollection_WhenValueChanges" />
    </UnitTest>
    <UnitTest name="AssignPanTiltValue_WhenValueMin_ShouldReturnMinValue" storage="d:\actions-runner\_work\xpco\xpco\allsolutions\..\sc\components\remoteviewer\smartclient\tst\zsmartclient_unittest\bin\x64\debug\net6.0-windows\zsmartclient_unittest.dll" id="0910d3e9-c4fa-4b0a-4db0-a2f6efd079c5">
      <Execution id="86c66814-d51d-4a6d-94ca-5f304b5ab09f" />
      <TestMethod codeBase="D:\actions-runner\_work\XPCO\XPCO\AllSolutions\..\SC\Components\RemoteViewer\SmartClient\tst\zSmartClient_UnitTest\bin\x64\Debug\net6.0-windows\zSmartClient_UnitTest.dll" adapterTypeName="executor://mstestadapter/v2" className="SmartClient_UnitTest.VideoOS.RemoteClient.Plugin.JoystickSupport.JoystickDeviceTests" name="AssignPanTiltValue_WhenValueMin_ShouldReturnMinValue" />
    </UnitTest>
    <UnitTest name="DateToStringConverter_MultiConvertValidInput_Success" storage="d:\actions-runner\_work\xpco\xpco\allsolutions\..\sc\components\remoteviewer\smartclient\tst\zsmartclient_unittest\bin\x64\debug\net6.0-windows\zsmartclient_unittest.dll" id="628ededf-b510-91fa-7712-c59b72f0952a">
      <TestCategory>
        <TestCategoryItem TestCategory="SearchConverter" />
      </TestCategory>
      <Execution id="f443ca9f-3c99-4af3-ac50-dc41bc7ba1e2" />
      <TestMethod codeBase="D:\actions-runner\_work\XPCO\XPCO\AllSolutions\..\SC\Components\RemoteViewer\SmartClient\tst\zSmartClient_UnitTest\bin\x64\Debug\net6.0-windows\zSmartClient_UnitTest.dll" adapterTypeName="executor://mstestadapter/v2" className="SmartClient_UnitTest.VideoOS.RemoteClient.Plugin.CentralizedSearch.Views.Converters.DurationToStringConverterTests" name="DateToStringConverter_MultiConvertValidInput_Success" />
    </UnitTest>
    <UnitTest name="PtzSessionControllerInfo_ReservedChangedTest_Different_CameraId" storage="d:\actions-runner\_work\xpco\xpco\allsolutions\..\sc\components\remoteviewer\smartclient\tst\zsmartclient_unittest\bin\x64\debug\net6.0-windows\zsmartclient_unittest.dll" id="ddbacd2a-c40a-102c-db67-c9bb149b6b99">
      <Execution id="02495e75-f383-4061-b6ff-f32c76247b46" />
      <TestMethod codeBase="D:\actions-runner\_work\XPCO\XPCO\AllSolutions\..\SC\Components\RemoteViewer\SmartClient\tst\zSmartClient_UnitTest\bin\x64\Debug\net6.0-windows\zSmartClient_UnitTest.dll" adapterTypeName="executor://mstestadapter/v2" className="VideoOS.RemoteClient.Application.Controllers.UnitTest.PtzSessionControllerTest" name="PtzSessionControllerInfo_ReservedChangedTest_Different_CameraId" />
    </UnitTest>
    <UnitTest name="SmartSearchStatusType_ShouldYieldSameValuesForAllEnumValues_WhenRoundTripConverted (UnspecifiedError,UnspecifiedError)" storage="d:\actions-runner\_work\xpco\xpco\allsolutions\..\sc\components\remoteviewer\smartclient\tst\zsmartclient_unittest\bin\x64\debug\net6.0-windows\zsmartclient_unittest.dll" id="1742c7aa-b082-d69c-8853-7ede68919ffd">
      <TestCategory>
        <TestCategoryItem TestCategory="RecorderProxyToDtoMapping" />
      </TestCategory>
      <Execution id="8913e671-21c7-48c4-ab0c-0be4b3e30261" />
      <TestMethod codeBase="D:\actions-runner\_work\XPCO\XPCO\AllSolutions\..\SC\Components\RemoteViewer\SmartClient\tst\zSmartClient_UnitTest\bin\x64\Debug\net6.0-windows\zSmartClient_UnitTest.dll" adapterTypeName="executor://mstestadapter/v2" className="VideoOS.Shared.ServerAPI.SOAP.RecorderClientMappingTests" name="SmartSearchStatusType_ShouldYieldSameValuesForAllEnumValues_WhenRoundTripConverted" />
    </UnitTest>
    <UnitTest name="AndOrSearchDefinitionToVisibilityMultiConverter_CallConvert_FirstInList" storage="d:\actions-runner\_work\xpco\xpco\allsolutions\..\sc\components\remoteviewer\smartclient\tst\zsmartclient_unittest\bin\x64\debug\net6.0-windows\zsmartclient_unittest.dll" id="8a4d4995-3c1b-876f-b006-d12439f37a6d">
      <TestCategory>
        <TestCategoryItem TestCategory="SearchConverter" />
      </TestCategory>
      <Execution id="0882dcb5-5de4-4156-9fec-92125d76e4be" />
      <TestMethod codeBase="D:\actions-runner\_work\XPCO\XPCO\AllSolutions\..\SC\Components\RemoteViewer\SmartClient\tst\zSmartClient_UnitTest\bin\x64\Debug\net6.0-windows\zSmartClient_UnitTest.dll" adapterTypeName="executor://mstestadapter/v2" className="SmartClient_UnitTest.VideoOS.RemoteClient.Plugin.CentralizedSearch.Views.Converters.AndOrSearchDefinitionMultiConverterTests" name="AndOrSearchDefinitionToVisibilityMultiConverter_CallConvert_FirstInList" />
    </UnitTest>
    <UnitTest name="PtzInfoViewModel_SetInfo_PtzSessionControllerInfo_ArgumentNullCheckTest" storage="d:\actions-runner\_work\xpco\xpco\allsolutions\..\sc\components\remoteviewer\smartclient\tst\zsmartclient_unittest\bin\x64\debug\net6.0-windows\zsmartclient_unittest.dll" id="84cdc42c-8723-3f7f-aeea-e185addc7b1d">
      <Execution id="01f6ef12-69bc-4d12-bc60-62baffa25c49" />
      <TestMethod codeBase="D:\actions-runner\_work\XPCO\XPCO\AllSolutions\..\SC\Components\RemoteViewer\SmartClient\tst\zSmartClient_UnitTest\bin\x64\Debug\net6.0-windows\zSmartClient_UnitTest.dll" adapterTypeName="executor://mstestadapter/v2" className="SmartClient_UnitTest.VideoOS.RemoteClient.Plugin.Map.WPFObjects.PtzInfoViewModelUnitTest" name="PtzInfoViewModel_SetInfo_PtzSessionControllerInfo_ArgumentNullCheckTest" />
    </UnitTest>
    <UnitTest name="ClearAllItemOutlines_MappedToViewModel_Success" storage="d:\actions-runner\_work\xpco\xpco\allsolutions\..\sc\components\remoteviewer\smartclient\tst\zsmartclient_unittest\bin\x64\debug\net6.0-windows\zsmartclient_unittest.dll" id="a189583c-978a-c969-def3-f27770df3054">
      <TestCategory>
        <TestCategoryItem TestCategory="GisMap.GisMapViewFacade" />
      </TestCategory>
      <Execution id="5945cff8-12f2-4f3f-b800-0b41daeaa5d2" />
      <TestMethod codeBase="D:\actions-runner\_work\XPCO\XPCO\AllSolutions\..\SC\Components\RemoteViewer\SmartClient\tst\zSmartClient_UnitTest\bin\x64\Debug\net6.0-windows\zSmartClient_UnitTest.dll" adapterTypeName="executor://mstestadapter/v2" className="SmartClient_UnitTest.VideoOS.RemoteClient.Plugin.GisMap.IoC.GisMapViewFacadeTests" name="ClearAllItemOutlines_MappedToViewModel_Success" />
    </UnitTest>
    <UnitTest name="ResolveSearchDefinitions_ShouldReturnResultSearchDefinition_WhenSingleSearchResultAndNullSearchDefinitionsAreGiven" storage="d:\actions-runner\_work\xpco\xpco\allsolutions\..\sc\components\remoteviewer\smartclient\tst\zsmartclient_unittest\bin\x64\debug\net6.0-windows\zsmartclient_unittest.dll" id="ed1eba09-8472-7b1b-0969-bd05029178c2">
      <TestCategory>
        <TestCategoryItem TestCategory="Search" />
      </TestCategory>
      <Execution id="21ce29b0-d3d3-4fef-a802-d0b1af834182" />
      <TestMethod codeBase="D:\actions-runner\_work\XPCO\XPCO\AllSolutions\..\SC\Components\RemoteViewer\SmartClient\tst\zSmartClient_UnitTest\bin\x64\Debug\net6.0-windows\zSmartClient_UnitTest.dll" adapterTypeName="executor://mstestadapter/v2" className="SmartClient_UnitTest.VideoOS.RemoteClient.Plugin.CentralizedSearch.Utils.SearchResultDataWrapperExtensionsTests" name="ResolveSearchDefinitions_ShouldReturnResultSearchDefinition_WhenSingleSearchResultAndNullSearchDefinitionsAreGiven" />
    </UnitTest>
    <UnitTest name="Instance_ShouldBeSingleton_WhenCalled" storage="d:\actions-runner\_work\xpco\xpco\allsolutions\..\sc\components\remoteviewer\smartclient\tst\zsmartclient_unittest\bin\x64\debug\net6.0-windows\zsmartclient_unittest.dll" id="5234d1ee-ef9d-50d7-130b-4f673d2d6420">
      <TestCategory>
        <TestCategoryItem TestCategory="GisMapData.MicrophoneOemResourcesProviderTests" />
      </TestCategory>
      <Execution id="db6cfd9c-ddc0-484f-9242-ffa4f6566d7d" />
      <TestMethod codeBase="D:\actions-runner\_work\XPCO\XPCO\AllSolutions\..\SC\Components\RemoteViewer\SmartClient\tst\zSmartClient_UnitTest\bin\x64\Debug\net6.0-windows\zSmartClient_UnitTest.dll" adapterTypeName="executor://mstestadapter/v2" className="SmartClient_UnitTest.VideoOS.RemoteClient.GisMapData.Resources.MicrophoneOemResourcesProviderTests" name="Instance_ShouldBeSingleton_WhenCalled" />
    </UnitTest>
    <UnitTest name="IsCurrentCenterEqualTo_ShouldReturnTrue_WhenValuesAreEqualWithinGivenPrecision" storage="d:\actions-runner\_work\xpco\xpco\allsolutions\..\sc\components\remoteviewer\smartclient\tst\zsmartclient_unittest\bin\x64\debug\net6.0-windows\zsmartclient_unittest.dll" id="addbc64d-1bd3-678f-14d6-6dd2dda6bd02">
      <TestCategory>
        <TestCategoryItem TestCategory="MapExtentManager" />
      </TestCategory>
      <Execution id="6934e80c-2479-4fe9-952b-abae437b6c2d" />
      <TestMethod codeBase="D:\actions-runner\_work\XPCO\XPCO\AllSolutions\..\SC\Components\RemoteViewer\SmartClient\tst\zSmartClient_UnitTest\bin\x64\Debug\net6.0-windows\zSmartClient_UnitTest.dll" adapterTypeName="executor://mstestadapter/v2" className="SmartClient_UnitTest.VideoOS.RemoteClient.Plugin.GisMap.ThinkGeoMap.Settings.ThinkGeoMapExtentManagerTests" name="IsCurrentCenterEqualTo_ShouldReturnTrue_WhenValuesAreEqualWithinGivenPrecision" />
    </UnitTest>
    <UnitTest name="UpdateHomeLocationInModel_HomeLocationId_NoUpdated_DragDataSet_Succes" storage="d:\actions-runner\_work\xpco\xpco\allsolutions\..\sc\components\remoteviewer\smartclient\tst\zsmartclient_unittest\bin\x64\debug\net6.0-windows\zsmartclient_unittest.dll" id="ca24c09d-a214-cd57-9506-eb63722a25cc">
      <TestCategory>
        <TestCategoryItem TestCategory="GisMapContentHolderTests" />
      </TestCategory>
      <Execution id="b5bb4812-05b1-4acc-8d89-5076554e8cd0" />
      <TestMethod codeBase="D:\actions-runner\_work\XPCO\XPCO\AllSolutions\..\SC\Components\RemoteViewer\SmartClient\tst\zSmartClient_UnitTest\bin\x64\Debug\net6.0-windows\zSmartClient_UnitTest.dll" adapterTypeName="executor://mstestadapter/v2" className="SmartClient_UnitTest.VideoOS.RemoteClient.Plugin.GisMap.ContentHolderTests" name="UpdateHomeLocationInModel_HomeLocationId_NoUpdated_DragDataSet_Succes" />
    </UnitTest>
    <UnitTest name="GetDeviceData_ShouldReturnDeviceData_WhenInputKindAndExistingInputId" storage="d:\actions-runner\_work\xpco\xpco\allsolutions\..\sc\components\remoteviewer\smartclient\tst\zsmartclient_unittest\bin\x64\debug\net6.0-windows\zsmartclient_unittest.dll" id="8781c4e8-8f6b-fc4e-fad2-e4adb8260be9">
      <TestCategory>
        <TestCategoryItem TestCategory="GisMap.Controllers.Devices.MapItems" />
      </TestCategory>
      <Execution id="45193042-4a59-4a43-937c-d4f6f40ad59f" />
      <TestMethod codeBase="D:\actions-runner\_work\XPCO\XPCO\AllSolutions\..\SC\Components\RemoteViewer\SmartClient\tst\zSmartClient_UnitTest\bin\x64\Debug\net6.0-windows\zSmartClient_UnitTest.dll" adapterTypeName="executor://mstestadapter/v2" className="SmartClient_UnitTest.VideoOS.RemoteClient.Plugin.GisMap.Controllers.Devices.MapItems.DeviceDataControllerTests" name="GetDeviceData_ShouldReturnDeviceData_WhenInputKindAndExistingInputId" />
    </UnitTest>
    <UnitTest name="CreateDefinition_FireSingleSearchResult_SearchFinishedWithResults" storage="d:\actions-runner\_work\xpco\xpco\allsolutions\..\sc\components\remoteviewer\smartclient\tst\zsmartclient_unittest\bin\x64\debug\net6.0-windows\zsmartclient_unittest.dll" id="ae1ed87e-08b0-6456-55b5-f1c7e9a80148">
      <TestCategory>
        <TestCategoryItem TestCategory="SearchModels" />
      </TestCategory>
      <Execution id="f32bb0e3-8c72-4974-8bb1-03196e2f297f" />
      <TestMethod codeBase="D:\actions-runner\_work\XPCO\XPCO\AllSolutions\..\SC\Components\RemoteViewer\SmartClient\tst\zSmartClient_UnitTest\bin\x64\Debug\net6.0-windows\zSmartClient_UnitTest.dll" adapterTypeName="executor://mstestadapter/v2" className="SmartClient_UnitTest.VideoOS.RemoteClient.Plugin.CentralizedSearch.Models.SearchModelTests" name="CreateDefinition_FireSingleSearchResult_SearchFinishedWithResults" />
    </UnitTest>
    <UnitTest name="Custom, not forced" storage="d:\actions-runner\_work\xpco\xpco\allsolutions\..\sc\components\remoteviewer\smartclient\tst\zsmartclient_unittest\bin\x64\debug\net6.0-windows\zsmartclient_unittest.dll" id="befe5650-f39d-378d-4992-3ef8f2152fe0">
      <TestCategory>
        <TestCategoryItem TestCategory="Export" />
      </TestCategory>
      <Execution id="301c9642-a5ac-4502-b854-beb8adb12adb" />
      <TestMethod codeBase="D:\actions-runner\_work\XPCO\XPCO\AllSolutions\..\SC\Components\RemoteViewer\SmartClient\tst\zSmartClient_UnitTest\bin\x64\Debug\net6.0-windows\zSmartClient_UnitTest.dll" adapterTypeName="executor://mstestadapter/v2" className="SmartClient_UnitTest.VideoOS.RemoteClient.Plugin.Export.CreateExportDialogViewModelTests" name="CreateExportDialog_ExportPathCanBeModified_BasedOnOptions" />
    </UnitTest>
    <UnitTest name="AddSelectedWindowsToExport_ShouldShowCorrectToastMessages (0,1,0)" storage="d:\actions-runner\_work\xpco\xpco\allsolutions\..\sc\components\remoteviewer\smartclient\tst\zsmartclient_unittest\bin\x64\debug\net6.0-windows\zsmartclient_unittest.dll" id="20ac81fe-1ffb-543e-951e-5e427e17f69b">
      <TestCategory>
        <TestCategoryItem TestCategory="Managers" />
      </TestCategory>
      <Execution id="fd7720a0-1cda-46bc-b72d-81a7ec41453d" />
      <TestMethod codeBase="D:\actions-runner\_work\XPCO\XPCO\AllSolutions\..\SC\Components\RemoteViewer\SmartClient\tst\zSmartClient_UnitTest\bin\x64\Debug\net6.0-windows\zSmartClient_UnitTest.dll" adapterTypeName="executor://mstestadapter/v2" className="SmartClient_UnitTest.VideoOS.RemoteClient.Application.Managers.ExportManagerTests" name="AddSelectedWindowsToExport_ShouldShowCorrectToastMessages" />
    </UnitTest>
    <UnitTest name="TimeToStringConverter_Ctor_Success" storage="d:\actions-runner\_work\xpco\xpco\allsolutions\..\sc\components\remoteviewer\smartclient\tst\zsmartclient_unittest\bin\x64\debug\net6.0-windows\zsmartclient_unittest.dll" id="417d2775-4be3-356c-d0c6-5cff4570afc9">
      <TestCategory>
        <TestCategoryItem TestCategory="SearchConverter" />
      </TestCategory>
      <Execution id="ee58161b-35c6-4915-a0d0-1df140b69206" />
      <TestMethod codeBase="D:\actions-runner\_work\XPCO\XPCO\AllSolutions\..\SC\Components\RemoteViewer\SmartClient\tst\zSmartClient_UnitTest\bin\x64\Debug\net6.0-windows\zSmartClient_UnitTest.dll" adapterTypeName="executor://mstestadapter/v2" className="SmartClient_UnitTest.VideoOS.RemoteClient.Plugin.CentralizedSearch.Views.Converters.TimeToStringConverterTests" name="TimeToStringConverter_Ctor_Success" />
    </UnitTest>
    <UnitTest name="CameraMapItem_ForceActivateAsync_InBuilding_MapLayerHidden_Success" storage="d:\actions-runner\_work\xpco\xpco\allsolutions\..\sc\components\remoteviewer\smartclient\tst\zsmartclient_unittest\bin\x64\debug\net6.0-windows\zsmartclient_unittest.dll" id="a6493ade-3aba-8e55-3d5b-e3a18089f41b">
      <TestCategory>
        <TestCategoryItem TestCategory="GisMapMapItem" />
      </TestCategory>
      <Execution id="5e2c1b09-ffcd-45a2-929c-aa22cdb1bdfb" />
      <TestMethod codeBase="D:\actions-runner\_work\XPCO\XPCO\AllSolutions\..\SC\Components\RemoteViewer\SmartClient\tst\zSmartClient_UnitTest\bin\x64\Debug\net6.0-windows\zSmartClient_UnitTest.dll" adapterTypeName="executor://mstestadapter/v2" className="SmartClient_UnitTest.VideoOS.RemoteClient.GisMap.MapItem.MapItemTests" name="CameraMapItem_ForceActivateAsync_InBuilding_MapLayerHidden_Success" />
    </UnitTest>
    <UnitTest name="Constructor_ShouldRaiseArgumentNullException_WhenEventServerIdsIsNull" storage="d:\actions-runner\_work\xpco\xpco\allsolutions\..\sc\components\remoteviewer\smartclient\tst\zsmartclient_unittest\bin\x64\debug\net6.0-windows\zsmartclient_unittest.dll" id="4f0f0f05-4e54-c98a-97cd-1164c4d7679e">
      <TestCategory>
        <TestCategoryItem TestCategory="AccessControl.Services" />
      </TestCategory>
      <Execution id="ab86f4f7-7830-4389-b0fb-3da0cc90b9b9" />
      <TestMethod codeBase="D:\actions-runner\_work\XPCO\XPCO\AllSolutions\..\SC\Components\RemoteViewer\SmartClient\tst\zSmartClient_UnitTest\bin\x64\Debug\net6.0-windows\zSmartClient_UnitTest.dll" adapterTypeName="executor://mstestadapter/v2" className="SmartClient_UnitTest.VideoOS.RemoteClient.AccessControl.Services.AccessControlGuidProviderTests" name="Constructor_ShouldRaiseArgumentNullException_WhenEventServerIdsIsNull" />
    </UnitTest>
    <UnitTest name="Passwords are not the same, lower length" storage="d:\actions-runner\_work\xpco\xpco\allsolutions\..\sc\components\remoteviewer\smartclient\tst\zsmartclient_unittest\bin\x64\debug\net6.0-windows\zsmartclient_unittest.dll" id="afb5f821-aab1-c9e5-0826-d01d69508cc0">
      <TestCategory>
        <TestCategoryItem TestCategory="Export" />
      </TestCategory>
      <Execution id="cb7de364-8ed6-4930-959c-adabd34f8716" />
      <TestMethod codeBase="D:\actions-runner\_work\XPCO\XPCO\AllSolutions\..\SC\Components\RemoteViewer\SmartClient\tst\zSmartClient_UnitTest\bin\x64\Debug\net6.0-windows\zSmartClient_UnitTest.dll" adapterTypeName="executor://mstestadapter/v2" className="SmartClient_UnitTest.VideoOS.RemoteClient.Plugin.Export.PasswordDialogViewModelTests" name="SettingPassword1AndPassword2_ShouldSetIsPassword2Valid" />
    </UnitTest>
    <UnitTest name="Search_ShouldPopulateSearchResult_WhenSuccessful" storage="d:\actions-runner\_work\xpco\xpco\allsolutions\..\sc\components\remoteviewer\smartclient\tst\zsmartclient_unittest\bin\x64\debug\net6.0-windows\zsmartclient_unittest.dll" id="833aec2e-c0ac-4112-94cf-5fa375595a9e">
      <Execution id="bc2984a5-3659-40ec-a96a-7e253bafc13c" />
      <TestMethod codeBase="D:\actions-runner\_work\XPCO\XPCO\AllSolutions\..\SC\Components\RemoteViewer\SmartClient\tst\zSmartClient_UnitTest\bin\x64\Debug\net6.0-windows\zSmartClient_UnitTest.dll" adapterTypeName="executor://mstestadapter/v2" className="SmartClient_UnitTest.VideoOS.RemoteClient.AccessControl.ViewModel.CardholdersTabViewModelTests" name="Search_ShouldPopulateSearchResult_WhenSuccessful" />
    </UnitTest>
    <UnitTest name="OpenStreetMapLayerIsDisabled_ShouldReturnTrue_WhenOpenStreetMapGeographicLayerOptionIsNotAvailableAndOpenStreetMapAlternativeServerIsInvalidURl" storage="d:\actions-runner\_work\xpco\xpco\allsolutions\..\sc\components\remoteviewer\smartclient\tst\zsmartclient_unittest\bin\x64\debug\net6.0-windows\zsmartclient_unittest.dll" id="89928fee-575e-9986-6b1d-9005971a41e3">
      <TestCategory>
        <TestCategoryItem TestCategory="GisMapLayer" />
      </TestCategory>
      <Execution id="ce236bd8-598c-47dc-9a97-9a446e5a033e" />
      <TestMethod codeBase="D:\actions-runner\_work\XPCO\XPCO\AllSolutions\..\SC\Components\RemoteViewer\SmartClient\tst\zSmartClient_UnitTest\bin\x64\Debug\net6.0-windows\zSmartClient_UnitTest.dll" adapterTypeName="executor://mstestadapter/v2" className="SmartClient_UnitTest.VideoOS.RemoteClient.GisMap.MapLayers.GisMapLayerTests" name="OpenStreetMapLayerIsDisabled_ShouldReturnTrue_WhenOpenStreetMapGeographicLayerOptionIsNotAvailableAndOpenStreetMapAlternativeServerIsInvalidURl" />
    </UnitTest>
    <UnitTest name="StartSelection_ShouldNotClearAnyExistingSelections_WhenAddingToExitingSelection" storage="d:\actions-runner\_work\xpco\xpco\allsolutions\..\sc\components\remoteviewer\smartclient\tst\zsmartclient_unittest\bin\x64\debug\net6.0-windows\zsmartclient_unittest.dll" id="b7e1ee47-1435-7822-cf95-e3720fecc94e">
      <TestCategory>
        <TestCategoryItem TestCategory="SmartMap.SelectionHelper" />
      </TestCategory>
      <Execution id="289615c6-daa3-447b-9a7b-df503ad7811e" />
      <TestMethod codeBase="D:\actions-runner\_work\XPCO\XPCO\AllSolutions\..\SC\Components\RemoteViewer\SmartClient\tst\zSmartClient_UnitTest\bin\x64\Debug\net6.0-windows\zSmartClient_UnitTest.dll" adapterTypeName="executor://mstestadapter/v2" className="SmartClient_UnitTest.VideoOS.RemoteClient.Plugin.GisMap.ThinkGeoMap.SpecializedOverlays.Overlays.SelectionHelperTests" name="StartSelection_ShouldNotClearAnyExistingSelections_WhenAddingToExitingSelection" />
    </UnitTest>
    <UnitTest name="SupportsRightClick_ShouldBeTrue_WhenInteractionStateIsNormal" storage="d:\actions-runner\_work\xpco\xpco\allsolutions\..\sc\components\remoteviewer\smartclient\tst\zsmartclient_unittest\bin\x64\debug\net6.0-windows\zsmartclient_unittest.dll" id="f666c42d-aace-c940-638f-8ab4e58f4377">
      <TestCategory>
        <TestCategoryItem TestCategory="GisMap.MipItemMarker" />
      </TestCategory>
      <Execution id="9f5a346e-c6ce-4277-b8a2-92a8517a38c2" />
      <TestMethod codeBase="D:\actions-runner\_work\XPCO\XPCO\AllSolutions\..\SC\Components\RemoteViewer\SmartClient\tst\zSmartClient_UnitTest\bin\x64\Debug\net6.0-windows\zSmartClient_UnitTest.dll" adapterTypeName="executor://mstestadapter/v2" className="SmartClient_UnitTest.VideoOS.RemoteClient.Plugin.GisMap.ThinkGeoMap.Markers.MipItemMarker.MipItemMarkerTests" name="SupportsRightClick_ShouldBeTrue_WhenInteractionStateIsNormal" />
    </UnitTest>
    <UnitTest name="PtzSessionControllerInfo_TimeChangedTest_NoChange" storage="d:\actions-runner\_work\xpco\xpco\allsolutions\..\sc\components\remoteviewer\smartclient\tst\zsmartclient_unittest\bin\x64\debug\net6.0-windows\zsmartclient_unittest.dll" id="319e9db8-8f37-6739-0cbb-83eff6d39b32">
      <Execution id="817398a3-befe-423b-bfb4-20e07f651390" />
      <TestMethod codeBase="D:\actions-runner\_work\XPCO\XPCO\AllSolutions\..\SC\Components\RemoteViewer\SmartClient\tst\zSmartClient_UnitTest\bin\x64\Debug\net6.0-windows\zSmartClient_UnitTest.dll" adapterTypeName="executor://mstestadapter/v2" className="VideoOS.RemoteClient.Application.Controllers.UnitTest.PtzSessionControllerTest" name="PtzSessionControllerInfo_TimeChangedTest_NoChange" />
    </UnitTest>
    <UnitTest name="UpdateScope_FromTimeChangedWithNullScopeDuration_ReturnsTrue" storage="d:\actions-runner\_work\xpco\xpco\allsolutions\..\sc\components\remoteviewer\smartclient\tst\zsmartclient_unittest\bin\x64\debug\net6.0-windows\zsmartclient_unittest.dll" id="f47f6c44-9fa8-d010-756e-7b3d112428c4">
      <TestCategory>
        <TestCategoryItem TestCategory="SearchModels" />
      </TestCategory>
      <Execution id="fbb4f25a-ac06-45c1-9441-348108aacd03" />
      <TestMethod codeBase="D:\actions-runner\_work\XPCO\XPCO\AllSolutions\..\SC\Components\RemoteViewer\SmartClient\tst\zSmartClient_UnitTest\bin\x64\Debug\net6.0-windows\zSmartClient_UnitTest.dll" adapterTypeName="executor://mstestadapter/v2" className="SmartClient_UnitTest.VideoOS.RemoteClient.Plugin.CentralizedSearch.Models.SearchScopeTests" name="UpdateScope_FromTimeChangedWithNullScopeDuration_ReturnsTrue" />
    </UnitTest>
    <UnitTest name="BuildEvidenceLockFilterProperties_ShouldReturnCorrectValues (True,1,0,Only me,All)" storage="d:\actions-runner\_work\xpco\xpco\allsolutions\..\sc\components\remoteviewer\smartclient\tst\zsmartclient_unittest\bin\x64\debug\net6.0-windows\zsmartclient_unittest.dll" id="7864a8c4-a573-3a51-886b-b27b4cabfd5e">
      <Execution id="993ac0b8-6e04-48b9-b528-d6a12a2e4ab9" />
      <TestMethod codeBase="D:\actions-runner\_work\XPCO\XPCO\AllSolutions\..\SC\Components\RemoteViewer\SmartClient\tst\zSmartClient_UnitTest\bin\x64\Debug\net6.0-windows\zSmartClient_UnitTest.dll" adapterTypeName="executor://mstestadapter/v2" className="SmartClient_UnitTest.VideoOS.RemoteClient.Application.Common.Telemetry.TelemetryBuilderTests" name="BuildEvidenceLockFilterProperties_ShouldReturnCorrectValues" />
    </UnitTest>
    <UnitTest name="BuildingChangeProperty_Persisted_Success" storage="d:\actions-runner\_work\xpco\xpco\allsolutions\..\sc\components\remoteviewer\smartclient\tst\zsmartclient_unittest\bin\x64\debug\net6.0-windows\zsmartclient_unittest.dll" id="0e8eb8b8-1a42-be54-07c1-244508590add">
      <TestCategory>
        <TestCategoryItem TestCategory="GisMapBuilding" />
      </TestCategory>
      <Execution id="a82589b4-f5be-4035-90cb-673183200af0" />
      <TestMethod codeBase="D:\actions-runner\_work\XPCO\XPCO\AllSolutions\..\SC\Components\RemoteViewer\SmartClient\tst\zSmartClient_UnitTest\bin\x64\Debug\net6.0-windows\zSmartClient_UnitTest.dll" adapterTypeName="executor://mstestadapter/v2" className="SmartClient_UnitTest.VideoOS.RemoteClient.GisMap.MapBuildingTests" name="BuildingChangeProperty_Persisted_Success" />
    </UnitTest>
    <UnitTest name="Tooltip_ShouldShowMicrophoneName_OnSetupMode" storage="d:\actions-runner\_work\xpco\xpco\allsolutions\..\sc\components\remoteviewer\smartclient\tst\zsmartclient_unittest\bin\x64\debug\net6.0-windows\zsmartclient_unittest.dll" id="ed7bec68-0198-a68e-a9fa-29c0dcede6d8">
      <TestCategory>
        <TestCategoryItem TestCategory="GisMap.MicrophoneMarkerTest" />
      </TestCategory>
      <Execution id="efe3da2b-5430-40f8-acac-f89aceb39300" />
      <TestMethod codeBase="D:\actions-runner\_work\XPCO\XPCO\AllSolutions\..\SC\Components\RemoteViewer\SmartClient\tst\zSmartClient_UnitTest\bin\x64\Debug\net6.0-windows\zSmartClient_UnitTest.dll" adapterTypeName="executor://mstestadapter/v2" className="SmartClient_UnitTest.VideoOS.RemoteClient.Plugin.GisMap.ThinkGeoMap.Markers.DeviceMarkers.MicrophoneMarker.MicrophoneMarkerTests" name="Tooltip_ShouldShowMicrophoneName_OnSetupMode" />
    </UnitTest>
    <UnitTest name="ResolveBaseResultProperties_ShouldReturnOrderedTriggerTimes_WhenGivenUnorderedTriggerTimes" storage="d:\actions-runner\_work\xpco\xpco\allsolutions\..\sc\components\remoteviewer\smartclient\tst\zsmartclient_unittest\bin\x64\debug\net6.0-windows\zsmartclient_unittest.dll" id="4552c7a0-9f71-d2b4-51c4-e785ac828b42">
      <TestCategory>
        <TestCategoryItem TestCategory="Search" />
      </TestCategory>
      <Execution id="9f816dbd-e774-4a21-b2f7-bbd1443fc0ec" />
      <TestMethod codeBase="D:\actions-runner\_work\XPCO\XPCO\AllSolutions\..\SC\Components\RemoteViewer\SmartClient\tst\zSmartClient_UnitTest\bin\x64\Debug\net6.0-windows\zSmartClient_UnitTest.dll" adapterTypeName="executor://mstestadapter/v2" className="SmartClient_UnitTest.VideoOS.RemoteClient.Plugin.CentralizedSearch.Utils.SearchResultDataWrapperExtensionsTests" name="ResolveBaseResultProperties_ShouldReturnOrderedTriggerTimes_WhenGivenUnorderedTriggerTimes" />
    </UnitTest>
    <UnitTest name="Dispose_ClosesPluginInstance" storage="d:\actions-runner\_work\xpco\xpco\allsolutions\..\sc\components\remoteviewer\smartclient\tst\zsmartclient_unittest\bin\x64\debug\net6.0-windows\zsmartclient_unittest.dll" id="227dc5e8-fd61-64c5-c58b-a4363d10733d">
      <TestCategory>
        <TestCategoryItem TestCategory="SearchResultsAction" />
      </TestCategory>
      <Execution id="79b5b3e5-c6c7-434f-b3fe-b39eb78ea71a" />
      <TestMethod codeBase="D:\actions-runner\_work\XPCO\XPCO\AllSolutions\..\SC\Components\RemoteViewer\SmartClient\tst\zSmartClient_UnitTest\bin\x64\Debug\net6.0-windows\zSmartClient_UnitTest.dll" adapterTypeName="executor://mstestadapter/v2" className="SmartClient_UnitTest.VideoOS.RemoteClient.Plugin.CentralizedSearch.ViewModels.SearchResultsActionViewModelTests" name="Dispose_ClosesPluginInstance" />
    </UnitTest>
    <UnitTest name="GetServerTiles_ShouldReturnCorrectServerTilesWithGroupTest" storage="d:\actions-runner\_work\xpco\xpco\allsolutions\..\sc\components\remoteviewer\smartclient\tst\zsmartclient_unittest\bin\x64\debug\net6.0-windows\zsmartclient_unittest.dll" id="52b60312-f92a-489e-ac83-49b5962a1a66">
      <Execution id="ebfed487-09dc-46fe-b392-f756a2883197" />
      <TestMethod codeBase="D:\actions-runner\_work\XPCO\XPCO\AllSolutions\..\SC\Components\RemoteViewer\SmartClient\tst\zSmartClient_UnitTest\bin\x64\Debug\net6.0-windows\zSmartClient_UnitTest.dll" adapterTypeName="executor://mstestadapter/v2" className="SmartClient_UnitTest.VideoOS.RemoteClient.Application.Data.ContentTypes.ReportingContentType.DashboardTileProviderTest" name="GetServerTiles_ShouldReturnCorrectServerTilesWithGroupTest" />
    </UnitTest>
    <UnitTest name="Path enabled, not forced" storage="d:\actions-runner\_work\xpco\xpco\allsolutions\..\sc\components\remoteviewer\smartclient\tst\zsmartclient_unittest\bin\x64\debug\net6.0-windows\zsmartclient_unittest.dll" id="76910e07-84c2-5cad-3bab-54e8df118d90">
      <TestCategory>
        <TestCategoryItem TestCategory="Export" />
      </TestCategory>
      <Execution id="441f42fe-9005-49bd-8d2f-143ab2c8d4d1" />
      <TestMethod codeBase="D:\actions-runner\_work\XPCO\XPCO\AllSolutions\..\SC\Components\RemoteViewer\SmartClient\tst\zSmartClient_UnitTest\bin\x64\Debug\net6.0-windows\zSmartClient_UnitTest.dll" adapterTypeName="executor://mstestadapter/v2" className="SmartClient_UnitTest.VideoOS.RemoteClient.Plugin.Export.CreateExportDialogViewModelTests" name="CreateExportDialog_ExportDestinationSelectionEnabled_BasedOnOptions" />
    </UnitTest>
    <UnitTest name="SetLayerFeatures_ShouldUpdateInputItemsMapLayer_WhenInputKindAndInputLayerFeatures" storage="d:\actions-runner\_work\xpco\xpco\allsolutions\..\sc\components\remoteviewer\smartclient\tst\zsmartclient_unittest\bin\x64\debug\net6.0-windows\zsmartclient_unittest.dll" id="5a96435f-7bfb-674d-9228-2eed29df56f2">
      <TestCategory>
        <TestCategoryItem TestCategory="GisMapData.Controllers.LayerFeatures" />
      </TestCategory>
      <Execution id="cc1a5463-6890-4a9e-8dfd-50f3aa32a593" />
      <TestMethod codeBase="D:\actions-runner\_work\XPCO\XPCO\AllSolutions\..\SC\Components\RemoteViewer\SmartClient\tst\zSmartClient_UnitTest\bin\x64\Debug\net6.0-windows\zSmartClient_UnitTest.dll" adapterTypeName="executor://mstestadapter/v2" className="SmartClient_UnitTest.VideoOS.RemoteClient.GisMapData.Controllers.LayerFeatures.LayerFeaturesControllerTests" name="SetLayerFeatures_ShouldUpdateInputItemsMapLayer_WhenInputKindAndInputLayerFeatures" />
    </UnitTest>
    <UnitTest name="Connect_WhenMajorServerVersionIsBelow3_ShouldNotStartAnySchClient" storage="d:\actions-runner\_work\xpco\xpco\allsolutions\..\sc\components\remoteviewer\smartclient\tst\zsmartclient_unittest\bin\x64\debug\net6.0-windows\zsmartclient_unittest.dll" id="4b7dc18b-d6d1-94cf-67c8-cfdd48ab9288">
      <Execution id="8aefbf01-b394-46be-aa7f-65fb6cf90cef" />
      <TestMethod codeBase="D:\actions-runner\_work\XPCO\XPCO\AllSolutions\..\SC\Components\RemoteViewer\SmartClient\tst\zSmartClient_UnitTest\bin\x64\Debug\net6.0-windows\zSmartClient_UnitTest.dll" adapterTypeName="executor://mstestadapter/v2" className="VideoOS.Shared.ServerAPI.ServiceChannel.UnitTest.ServiceChannelCommandServiceTests" name="Connect_WhenMajorServerVersionIsBelow3_ShouldNotStartAnySchClient" />
    </UnitTest>
    <UnitTest name="GetIsOpenStreetMapValid_ShouldReturnTrue_WhenGeographicLayerIsNullAndAlternativeServerHasValidUrl" storage="d:\actions-runner\_work\xpco\xpco\allsolutions\..\sc\components\remoteviewer\smartclient\tst\zsmartclient_unittest\bin\x64\debug\net6.0-windows\zsmartclient_unittest.dll" id="83ccd97a-3d39-ee6a-e0f8-f15f62764577">
      <TestCategory>
        <TestCategoryItem TestCategory="GisMapData.Controllers.Osm" />
      </TestCategory>
      <Execution id="55f7e0b6-76eb-406e-8747-0fc0aaa6727d" />
      <TestMethod codeBase="D:\actions-runner\_work\XPCO\XPCO\AllSolutions\..\SC\Components\RemoteViewer\SmartClient\tst\zSmartClient_UnitTest\bin\x64\Debug\net6.0-windows\zSmartClient_UnitTest.dll" adapterTypeName="executor://mstestadapter/v2" className="SmartClient_UnitTest.VideoOS.RemoteClient.GisMapData.Controllers.Osm.GisMapOsmControllerTests" name="GetIsOpenStreetMapValid_ShouldReturnTrue_WhenGeographicLayerIsNullAndAlternativeServerHasValidUrl" />
    </UnitTest>
    <UnitTest name="SmartMapGoToLocationHandler_WhenDataIsValid_ShouldCallNavigateTo" storage="d:\actions-runner\_work\xpco\xpco\allsolutions\..\sc\components\remoteviewer\smartclient\tst\zsmartclient_unittest\bin\x64\debug\net6.0-windows\zsmartclient_unittest.dll" id="15776c9e-bed1-aa30-abbc-b85a9e95cf84">
      <Execution id="00b7bd16-c9d6-484a-b731-61d2d175323d" />
      <TestMethod codeBase="D:\actions-runner\_work\XPCO\XPCO\AllSolutions\..\SC\Components\RemoteViewer\SmartClient\tst\zSmartClient_UnitTest\bin\x64\Debug\net6.0-windows\zSmartClient_UnitTest.dll" adapterTypeName="executor://mstestadapter/v2" className="SmartClient_UnitTest.VideoOS.RemoteClient.Plugin.GisMap.MIP.ContentHolderMipMessageManagerTests" name="SmartMapGoToLocationHandler_WhenDataIsValid_ShouldCallNavigateTo" />
    </UnitTest>
    <UnitTest name="TestMethod1" storage="d:\actions-runner\_work\xpco\xpco\allsolutions\..\sc\components\remoteviewer\smartclient\tst\zsmartclient_unittest\bin\x64\debug\net6.0-windows\zsmartclient_unittest.dll" id="db35590a-caad-391c-4e81-fbc7dc664cab">
      <Execution id="e1705b49-7504-44b9-8007-7a3cb5cbf798" />
      <TestMethod codeBase="D:\actions-runner\_work\XPCO\XPCO\AllSolutions\..\SC\Components\RemoteViewer\SmartClient\tst\zSmartClient_UnitTest\bin\x64\Debug\net6.0-windows\zSmartClient_UnitTest.dll" adapterTypeName="executor://mstestadapter/v2" className="SmartClient_UnitTest.VideoOS.RemoteClient.Application.Data.Retrievals.RetrievalTaskAggregationTest" name="TestMethod1" />
    </UnitTest>
    <UnitTest name="AddItemsRemoveItems_SingleMapItem_OneClusterChangeForEach" storage="d:\actions-runner\_work\xpco\xpco\allsolutions\..\sc\components\remoteviewer\smartclient\tst\zsmartclient_unittest\bin\x64\debug\net6.0-windows\zsmartclient_unittest.dll" id="9b11dd70-a212-4435-b232-2bb1537ea05b">
      <TestCategory>
        <TestCategoryItem TestCategory="GisMapIndex" />
      </TestCategory>
      <Execution id="fb5ddb3d-3e07-4c12-9c5f-4e184a1d8da1" />
      <TestMethod codeBase="D:\actions-runner\_work\XPCO\XPCO\AllSolutions\..\SC\Components\RemoteViewer\SmartClient\tst\zSmartClient_UnitTest\bin\x64\Debug\net6.0-windows\zSmartClient_UnitTest.dll" adapterTypeName="executor://mstestadapter/v2" className="SmartClient_UnitTest.VideoOS.RemoteClient.GisMapData.Common.Indexer.MapItemIndexerTests" name="AddItemsRemoveItems_SingleMapItem_OneClusterChangeForEach" />
    </UnitTest>
    <UnitTest name="ToTimeScope_YesterdayInTransitionToNonDST_Success" storage="d:\actions-runner\_work\xpco\xpco\allsolutions\..\sc\components\remoteviewer\smartclient\tst\zsmartclient_unittest\bin\x64\debug\net6.0-windows\zsmartclient_unittest.dll" id="e38866b9-8332-5f7b-d7b8-fb3e9c3d9029">
      <TestCategory>
        <TestCategoryItem TestCategory="Search" />
      </TestCategory>
      <Execution id="7397f345-7887-41c4-8356-36c06fc9d262" />
      <TestMethod codeBase="D:\actions-runner\_work\XPCO\XPCO\AllSolutions\..\SC\Components\RemoteViewer\SmartClient\tst\zSmartClient_UnitTest\bin\x64\Debug\net6.0-windows\zSmartClient_UnitTest.dll" adapterTypeName="executor://mstestadapter/v2" className="SmartClient_UnitTest.VideoOS.RemoteClient.Plugin.CentralizedSearch.Models.ScopeDurationTests" name="ToTimeScope_YesterdayInTransitionToNonDST_Success" />
    </UnitTest>
    <UnitTest name="SmartMapSelectItemHandler_WhenDataIsNotSmartMapSelectItemCommandData_ShouldWriteToLog" storage="d:\actions-runner\_work\xpco\xpco\allsolutions\..\sc\components\remoteviewer\smartclient\tst\zsmartclient_unittest\bin\x64\debug\net6.0-windows\zsmartclient_unittest.dll" id="1b7a8e72-6c5b-1b1a-773c-d218457056e9">
      <Execution id="4fa22f9d-92a3-4f4b-9eb9-5ab240942ba4" />
      <TestMethod codeBase="D:\actions-runner\_work\XPCO\XPCO\AllSolutions\..\SC\Components\RemoteViewer\SmartClient\tst\zSmartClient_UnitTest\bin\x64\Debug\net6.0-windows\zSmartClient_UnitTest.dll" adapterTypeName="executor://mstestadapter/v2" className="SmartClient_UnitTest.VideoOS.RemoteClient.Plugin.GisMap.MIP.ContentHolderMipMessageManagerTests" name="SmartMapSelectItemHandler_WhenDataIsNotSmartMapSelectItemCommandData_ShouldWriteToLog" />
    </UnitTest>
    <UnitTest name="PatrollingStepViewModel_Speed" storage="d:\actions-runner\_work\xpco\xpco\allsolutions\..\sc\components\remoteviewer\smartclient\tst\zsmartclient_unittest\bin\x64\debug\net6.0-windows\zsmartclient_unittest.dll" id="731f7e19-89ff-c108-ad63-9eb46b5c0a59">
      <Execution id="e757fc42-f8db-4952-8f1f-137227c56282" />
      <TestMethod codeBase="D:\actions-runner\_work\XPCO\XPCO\AllSolutions\..\SC\Components\RemoteViewer\SmartClient\tst\zSmartClient_UnitTest\bin\x64\Debug\net6.0-windows\zSmartClient_UnitTest.dll" adapterTypeName="executor://mstestadapter/v2" className="SmartClient_UnitTest.VideoOS.RemoteClient.Application.UI.PtzPreset.PatrollingViewModel.PatrollingStepViewModelTest" name="PatrollingStepViewModel_Speed" />
    </UnitTest>
    <UnitTest name="Not forced" storage="d:\actions-runner\_work\xpco\xpco\allsolutions\..\sc\components\remoteviewer\smartclient\tst\zsmartclient_unittest\bin\x64\debug\net6.0-windows\zsmartclient_unittest.dll" id="fc8ab86d-a099-7d02-2f3d-3dc65e5166d3">
      <TestCategory>
        <TestCategoryItem TestCategory="Export" />
      </TestCategory>
      <Execution id="b1c3ba19-6b47-49aa-afcd-296d9124ca4e" />
      <TestMethod codeBase="D:\actions-runner\_work\XPCO\XPCO\AllSolutions\..\SC\Components\RemoteViewer\SmartClient\tst\zSmartClient_UnitTest\bin\x64\Debug\net6.0-windows\zSmartClient_UnitTest.dll" adapterTypeName="executor://mstestadapter/v2" className="SmartClient_UnitTest.VideoOS.RemoteClient.Plugin.Export.CreateExportDialogViewModelTests" name="CreateExportDialog_GlobalCommentCanBeModified_BasedOnOptions" />
    </UnitTest>
    <UnitTest name="HandleSetLayerFeatures_ShouldRaiseArgumentException_WhenNotCameraKindAndCameraLayerFeaturesAndInputLayer" storage="d:\actions-runner\_work\xpco\xpco\allsolutions\..\sc\components\remoteviewer\smartclient\tst\zsmartclient_unittest\bin\x64\debug\net6.0-windows\zsmartclient_unittest.dll" id="1ff412f4-a550-fccb-f616-ee490e039d87">
      <TestCategory>
        <TestCategoryItem TestCategory="GisMapData.Handlers.LayerFeatures" />
      </TestCategory>
      <Execution id="ae15e667-7e8d-4526-9533-ee3ae2707dcb" />
      <TestMethod codeBase="D:\actions-runner\_work\XPCO\XPCO\AllSolutions\..\SC\Components\RemoteViewer\SmartClient\tst\zSmartClient_UnitTest\bin\x64\Debug\net6.0-windows\zSmartClient_UnitTest.dll" adapterTypeName="executor://mstestadapter/v2" className="SmartClient_UnitTest.VideoOS.RemoteClient.GisMapData.Handlers.LayerFeatures.CameraLayerFeaturesHandlerTests" name="HandleSetLayerFeatures_ShouldRaiseArgumentException_WhenNotCameraKindAndCameraLayerFeaturesAndInputLayer" />
    </UnitTest>
    <UnitTest name="ValidateExportName_ShouldReturnFailResult_InvalidCharactersInExportName (1213/)" storage="d:\actions-runner\_work\xpco\xpco\allsolutions\..\sc\components\remoteviewer\smartclient\tst\zsmartclient_unittest\bin\x64\debug\net6.0-windows\zsmartclient_unittest.dll" id="8696aa0c-12a3-d654-df89-f1e1b8ee687b">
      <TestCategory>
        <TestCategoryItem TestCategory="Export" />
      </TestCategory>
      <Execution id="53297d7a-4e71-4d99-a1b7-1c323cc3ca4c" />
      <TestMethod codeBase="D:\actions-runner\_work\XPCO\XPCO\AllSolutions\..\SC\Components\RemoteViewer\SmartClient\tst\zSmartClient_UnitTest\bin\x64\Debug\net6.0-windows\zSmartClient_UnitTest.dll" adapterTypeName="executor://mstestadapter/v2" className="SmartClient_UnitTest.VideoOS.RemoteClient.Plugin.Export.ExportDataValidatorTests" name="ValidateExportName_ShouldReturnFailResult_InvalidCharactersInExportName" />
    </UnitTest>
    <UnitTest name="DateToStringConverter_MultiConvertInvalidInput_UnsetValue" storage="d:\actions-runner\_work\xpco\xpco\allsolutions\..\sc\components\remoteviewer\smartclient\tst\zsmartclient_unittest\bin\x64\debug\net6.0-windows\zsmartclient_unittest.dll" id="c37e3ceb-4de2-f887-5ba0-5f1d4459693f">
      <TestCategory>
        <TestCategoryItem TestCategory="SearchConverter" />
      </TestCategory>
      <Execution id="34cdd056-63dd-4c1a-b1c2-f65f70606582" />
      <TestMethod codeBase="D:\actions-runner\_work\XPCO\XPCO\AllSolutions\..\SC\Components\RemoteViewer\SmartClient\tst\zSmartClient_UnitTest\bin\x64\Debug\net6.0-windows\zSmartClient_UnitTest.dll" adapterTypeName="executor://mstestadapter/v2" className="SmartClient_UnitTest.VideoOS.RemoteClient.Plugin.CentralizedSearch.Views.Converters.DurationToStringConverterTests" name="DateToStringConverter_MultiConvertInvalidInput_UnsetValue" />
    </UnitTest>
    <UnitTest name="ClearFilterCommand_ClearsFilter" storage="d:\actions-runner\_work\xpco\xpco\allsolutions\..\sc\components\remoteviewer\smartclient\tst\zsmartclient_unittest\bin\x64\debug\net6.0-windows\zsmartclient_unittest.dll" id="adae62f9-2b72-4530-ee33-22d9b99a1467">
      <TestCategory>
        <TestCategoryItem TestCategory="Search" />
      </TestCategory>
      <Execution id="19b9ab83-b1c8-4933-aa0d-f898507ec69d" />
      <TestMethod codeBase="D:\actions-runner\_work\XPCO\XPCO\AllSolutions\..\SC\Components\RemoteViewer\SmartClient\tst\zSmartClient_UnitTest\bin\x64\Debug\net6.0-windows\zSmartClient_UnitTest.dll" adapterTypeName="executor://mstestadapter/v2" className="SmartClient_UnitTest.VideoOS.RemoteClient.Plugin.CentralizedSearch.MIPPlugin.Criteria.MultipleSelectionAttributeEditControlTest" name="ClearFilterCommand_ClearsFilter" />
    </UnitTest>
    <UnitTest name="Ctor_ShouldApplyRelevanceComparer_WhenViewModelIsCreated" storage="d:\actions-runner\_work\xpco\xpco\allsolutions\..\sc\components\remoteviewer\smartclient\tst\zsmartclient_unittest\bin\x64\debug\net6.0-windows\zsmartclient_unittest.dll" id="f0c6f445-2735-407d-8bd8-efde582fd792">
      <TestCategory>
        <TestCategoryItem TestCategory="SearchResultViewModels" />
      </TestCategory>
      <Execution id="4bae39e4-3ccd-46e0-9740-aa98b7b54665" />
      <TestMethod codeBase="D:\actions-runner\_work\XPCO\XPCO\AllSolutions\..\SC\Components\RemoteViewer\SmartClient\tst\zSmartClient_UnitTest\bin\x64\Debug\net6.0-windows\zSmartClient_UnitTest.dll" adapterTypeName="executor://mstestadapter/v2" className="SmartClient_UnitTest.VideoOS.RemoteClient.Plugin.CentralizedSearch.ViewModels.SearchResultsViewModelTest" name="Ctor_ShouldApplyRelevanceComparer_WhenViewModelIsCreated" />
    </UnitTest>
    <UnitTest name="RemoveWorkroom_ShouldNotChangeSelection_WhenWorkroomThatIsNotSelectedIsRemoved" storage="d:\actions-runner\_work\xpco\xpco\allsolutions\..\sc\components\remoteviewer\smartclient\tst\zsmartclient_unittest\bin\x64\debug\net6.0-windows\zsmartclient_unittest.dll" id="ff22d43a-17fa-db51-d7fd-2f5ea3ee7dbb">
      <TestCategory>
        <TestCategoryItem TestCategory="WorkroomController" />
      </TestCategory>
      <Execution id="292b79e0-96f4-4780-a86a-db513792f9c5" />
      <TestMethod codeBase="D:\actions-runner\_work\XPCO\XPCO\AllSolutions\..\SC\Components\RemoteViewer\SmartClient\tst\zSmartClient_UnitTest\bin\x64\Debug\net6.0-windows\zSmartClient_UnitTest.dll" adapterTypeName="executor://mstestadapter/v2" className="SmartClient_UnitTest.VideoOS.RemoteClient.Application.Controllers.WorkroomController.WorkroomControllerBaseTest" name="RemoveWorkroom_ShouldNotChangeSelection_WhenWorkroomThatIsNotSelectedIsRemoved" />
    </UnitTest>
    <UnitTest name="GetUserOptions_ShouldReturnNullForNewKey_WhenOnlyOldSystemDataIsAvailableInTheSystem" storage="d:\actions-runner\_work\xpco\xpco\allsolutions\..\sc\components\remoteviewer\smartclient\tst\zsmartclient_unittest\bin\x64\debug\net6.0-windows\zsmartclient_unittest.dll" id="88fa8516-0d21-8d70-a765-06ab5bfbd249">
      <TestCategory>
        <TestCategoryItem TestCategory="Managers" />
      </TestCategory>
      <Execution id="8176a624-a3c1-49e7-9866-cbac1e708b34" />
      <TestMethod codeBase="D:\actions-runner\_work\XPCO\XPCO\AllSolutions\..\SC\Components\RemoteViewer\SmartClient\tst\zSmartClient_UnitTest\bin\x64\Debug\net6.0-windows\zSmartClient_UnitTest.dll" adapterTypeName="executor://mstestadapter/v2" className="SmartClient_UnitTest.VideoOS.RemoteClient.Application.Managers.OptionManagerTests" name="GetUserOptions_ShouldReturnNullForNewKey_WhenOnlyOldSystemDataIsAvailableInTheSystem" />
    </UnitTest>
    <UnitTest name="Session_Built" storage="d:\actions-runner\_work\xpco\xpco\allsolutions\..\sc\components\remoteviewer\smartclient\tst\zsmartclient_unittest\bin\x64\debug\net6.0-windows\zsmartclient_unittest.dll" id="eb5a9d83-2458-0842-7b16-6cd517958096">
      <Execution id="a11f47f4-096e-4900-a925-78cd083b8b23" />
      <TestMethod codeBase="D:\actions-runner\_work\XPCO\XPCO\AllSolutions\..\SC\Components\RemoteViewer\SmartClient\tst\zSmartClient_UnitTest\bin\x64\Debug\net6.0-windows\zSmartClient_UnitTest.dll" adapterTypeName="executor://mstestadapter/v2" className="SmartClient_UnitTest.VideoOS.RemoteClient.Application.Components.Search.SearchManagerTest" name="Session_Built" />
    </UnitTest>
    <UnitTest name="Constructor_ShouldRaiseArgumentException_WhenEventServerIdsIsEmpty" storage="d:\actions-runner\_work\xpco\xpco\allsolutions\..\sc\components\remoteviewer\smartclient\tst\zsmartclient_unittest\bin\x64\debug\net6.0-windows\zsmartclient_unittest.dll" id="89935175-7a1b-8472-5162-947ab445be3b">
      <TestCategory>
        <TestCategoryItem TestCategory="AccessControl.Services" />
      </TestCategory>
      <Execution id="aeb9de41-1d34-4b0c-a0a4-2dfdddef741d" />
      <TestMethod codeBase="D:\actions-runner\_work\XPCO\XPCO\AllSolutions\..\SC\Components\RemoteViewer\SmartClient\tst\zSmartClient_UnitTest\bin\x64\Debug\net6.0-windows\zSmartClient_UnitTest.dll" adapterTypeName="executor://mstestadapter/v2" className="SmartClient_UnitTest.VideoOS.RemoteClient.AccessControl.Services.AccessControlGuidProviderTests" name="Constructor_ShouldRaiseArgumentException_WhenEventServerIdsIsEmpty" />
    </UnitTest>
    <UnitTest name="Map_DeleteLayers_OSM_ImageLayer_Success" storage="d:\actions-runner\_work\xpco\xpco\allsolutions\..\sc\components\remoteviewer\smartclient\tst\zsmartclient_unittest\bin\x64\debug\net6.0-windows\zsmartclient_unittest.dll" id="20e8ccab-a0f4-bc81-8521-21ef899c1e27">
      <TestCategory>
        <TestCategoryItem TestCategory="GisMapLayers" />
      </TestCategory>
      <Execution id="39732cda-4396-47e9-a67d-7d39903522a9" />
      <TestMethod codeBase="D:\actions-runner\_work\XPCO\XPCO\AllSolutions\..\SC\Components\RemoteViewer\SmartClient\tst\zSmartClient_UnitTest\bin\x64\Debug\net6.0-windows\zSmartClient_UnitTest.dll" adapterTypeName="executor://mstestadapter/v2" className="SmartClient_UnitTest.VideoOS.RemoteClient.GisMapData.GisMapLayerTests" name="Map_DeleteLayers_OSM_ImageLayer_Success" />
    </UnitTest>
    <UnitTest name="TestConstructor_EmptyPolygon_Success" storage="d:\actions-runner\_work\xpco\xpco\allsolutions\..\sc\components\remoteviewer\smartclient\tst\zsmartclient_unittest\bin\x64\debug\net6.0-windows\zsmartclient_unittest.dll" id="149b064f-9ac3-44fb-3775-5acbf6f1cace">
      <TestCategory>
        <TestCategoryItem TestCategory="GisMap" />
      </TestCategory>
      <Execution id="3fcf1b7d-72e5-4548-80c1-890db3af965b" />
      <TestMethod codeBase="D:\actions-runner\_work\XPCO\XPCO\AllSolutions\..\SC\Components\RemoteViewer\SmartClient\tst\zSmartClient_UnitTest\bin\x64\Debug\net6.0-windows\zSmartClient_UnitTest.dll" adapterTypeName="executor://mstestadapter/v2" className="SmartClient_UnitTest.VideoOS.RemoteClient.GisMap.Common.MapPolygonTest" name="TestConstructor_EmptyPolygon_Success" />
    </UnitTest>
    <UnitTest name="InitializeTokenException_ShouldThrow_WhenErrorOutOfRangeHigh" storage="d:\actions-runner\_work\xpco\xpco\allsolutions\..\sc\components\remoteviewer\smartclient\tst\zsmartclient_unittest\bin\x64\debug\net6.0-windows\zsmartclient_unittest.dll" id="86d2f9a3-cd73-6e30-e154-d9542034e978">
      <TestCategory>
        <TestCategoryItem TestCategory="ServerCommandController.IDPToken" />
      </TestCategory>
      <Execution id="9e2fc58e-5a2d-4b17-a78e-d19a3c5a21d3" />
      <TestMethod codeBase="D:\actions-runner\_work\XPCO\XPCO\AllSolutions\..\SC\Components\RemoteViewer\SmartClient\tst\zSmartClient_UnitTest\bin\x64\Debug\net6.0-windows\zSmartClient_UnitTest.dll" adapterTypeName="executor://mstestadapter/v2" className="SmartClient_UnitTest.VideoOS.RemoteClient.Application.Controllers.TokenExceptionsConverterTests" name="InitializeTokenException_ShouldThrow_WhenErrorOutOfRangeHigh" />
    </UnitTest>
    <UnitTest name="MarkerOnMouseLeftButtonDoubleClicked_ShouldCallToggleMicrophoneStateAsync_WhenIsInLiveMode" storage="d:\actions-runner\_work\xpco\xpco\allsolutions\..\sc\components\remoteviewer\smartclient\tst\zsmartclient_unittest\bin\x64\debug\net6.0-windows\zsmartclient_unittest.dll" id="4586ccb8-434e-a6fb-3efe-7ae23e91a4a4">
      <TestCategory>
        <TestCategoryItem TestCategory="GisMap.MicrophoneMarkerTest" />
      </TestCategory>
      <Execution id="320000cc-ce74-46bc-8d7f-b2ec6fc70289" />
      <TestMethod codeBase="D:\actions-runner\_work\XPCO\XPCO\AllSolutions\..\SC\Components\RemoteViewer\SmartClient\tst\zSmartClient_UnitTest\bin\x64\Debug\net6.0-windows\zSmartClient_UnitTest.dll" adapterTypeName="executor://mstestadapter/v2" className="SmartClient_UnitTest.VideoOS.RemoteClient.Plugin.GisMap.ThinkGeoMap.Markers.DeviceMarkers.MicrophoneMarker.MicrophoneMarkerTests" name="MarkerOnMouseLeftButtonDoubleClicked_ShouldCallToggleMicrophoneStateAsync_WhenIsInLiveMode" />
    </UnitTest>
    <UnitTest name="Deserialize_ScopeItemsOnly_Success" storage="d:\actions-runner\_work\xpco\xpco\allsolutions\..\sc\components\remoteviewer\smartclient\tst\zsmartclient_unittest\bin\x64\debug\net6.0-windows\zsmartclient_unittest.dll" id="05cdc091-f2e6-9c3b-1f81-118e480d95e3">
      <TestCategory>
        <TestCategoryItem TestCategory="SearchSerialization" />
      </TestCategory>
      <Execution id="9590a8cf-bb96-46ee-b35d-62290d6d98b9" />
      <TestMethod codeBase="D:\actions-runner\_work\XPCO\XPCO\AllSolutions\..\SC\Components\RemoteViewer\SmartClient\tst\zSmartClient_UnitTest\bin\x64\Debug\net6.0-windows\zSmartClient_UnitTest.dll" adapterTypeName="executor://mstestadapter/v2" className="SmartClient_UnitTest.VideoOS.RemoteClient.Plugin.CentralizedSearch.Models.Serialization.SearchSerializerTests" name="Deserialize_ScopeItemsOnly_Success" />
    </UnitTest>
    <UnitTest name="Deserialize_UnknownItem_Error" storage="d:\actions-runner\_work\xpco\xpco\allsolutions\..\sc\components\remoteviewer\smartclient\tst\zsmartclient_unittest\bin\x64\debug\net6.0-windows\zsmartclient_unittest.dll" id="e0bc5994-1c1d-ed47-7ea9-5075ce14af91">
      <TestCategory>
        <TestCategoryItem TestCategory="SearchSerialization" />
      </TestCategory>
      <Execution id="85e87776-f97b-4439-af03-d9592ef47e5b" />
      <TestMethod codeBase="D:\actions-runner\_work\XPCO\XPCO\AllSolutions\..\SC\Components\RemoteViewer\SmartClient\tst\zSmartClient_UnitTest\bin\x64\Debug\net6.0-windows\zSmartClient_UnitTest.dll" adapterTypeName="executor://mstestadapter/v2" className="SmartClient_UnitTest.VideoOS.RemoteClient.Plugin.CentralizedSearch.Models.Serialization.SearchSerializerTests" name="Deserialize_UnknownItem_Error" />
    </UnitTest>
    <UnitTest name="SupportsRightClick_ShouldBeTrue_WhenInteractionStateIsNormal" storage="d:\actions-runner\_work\xpco\xpco\allsolutions\..\sc\components\remoteviewer\smartclient\tst\zsmartclient_unittest\bin\x64\debug\net6.0-windows\zsmartclient_unittest.dll" id="d096cf54-9fe3-48d3-6b60-9dbe5862c472">
      <TestCategory>
        <TestCategoryItem TestCategory="GisMap.LinkMarker" />
      </TestCategory>
      <Execution id="b6826fca-ad73-4fd8-9435-0d8a4408da4a" />
      <TestMethod codeBase="D:\actions-runner\_work\XPCO\XPCO\AllSolutions\..\SC\Components\RemoteViewer\SmartClient\tst\zSmartClient_UnitTest\bin\x64\Debug\net6.0-windows\zSmartClient_UnitTest.dll" adapterTypeName="executor://mstestadapter/v2" className="SmartClient_UnitTest.VideoOS.RemoteClient.Plugin.GisMap.ThinkGeoMap.Markers.LinkMarker.LinkMarkerTests" name="SupportsRightClick_ShouldBeTrue_WhenInteractionStateIsNormal" />
    </UnitTest>
    <UnitTest name="UpgradeToOAuth_ShouldUpgradeToUnsecureOAuth_WhenRequested" storage="d:\actions-runner\_work\xpco\xpco\allsolutions\..\sc\components\remoteviewer\smartclient\tst\zsmartclient_unittest\bin\x64\debug\net6.0-windows\zsmartclient_unittest.dll" id="62ccc5b1-eb5f-4644-e919-a3a7e7740785">
      <TestCategory>
        <TestCategoryItem TestCategory="Authentication.ClientCredentials" />
      </TestCategory>
      <Execution id="246b35bf-af72-4e5e-b67c-464f459b22fb" />
      <TestMethod codeBase="D:\actions-runner\_work\XPCO\XPCO\AllSolutions\..\SC\Components\RemoteViewer\SmartClient\tst\zSmartClient_UnitTest\bin\x64\Debug\net6.0-windows\zSmartClient_UnitTest.dll" adapterTypeName="executor://mstestadapter/v2" className="SmartClient_UnitTest.VideoOS.Shared.ServerAPI.ClientCredentialsTest" name="UpgradeToOAuth_ShouldUpgradeToUnsecureOAuth_WhenRequested" />
    </UnitTest>
    <UnitTest name="LoadInitialState_ValidState_ReturnsValidState" storage="d:\actions-runner\_work\xpco\xpco\allsolutions\..\sc\components\remoteviewer\smartclient\tst\zsmartclient_unittest\bin\x64\debug\net6.0-windows\zsmartclient_unittest.dll" id="2aeb0604-7864-ac0e-7483-a1a86a3f6f67">
      <TestCategory>
        <TestCategoryItem TestCategory="Search" />
      </TestCategory>
      <Execution id="328217da-ab90-486d-b44a-7b3a0642767e" />
      <TestMethod codeBase="D:\actions-runner\_work\XPCO\XPCO\AllSolutions\..\SC\Components\RemoteViewer\SmartClient\tst\zSmartClient_UnitTest\bin\x64\Debug\net6.0-windows\zSmartClient_UnitTest.dll" adapterTypeName="executor://mstestadapter/v2" className="SmartClient_UnitTest.VideoOS.RemoteClient.Plugin.CentralizedSearch.CentralizedSearchContentHolderTests" name="LoadInitialState_ValidState_ReturnsValidState" />
    </UnitTest>
    <UnitTest name="PtzSessionController_Register_Non_PTZ_Camera_Test" storage="d:\actions-runner\_work\xpco\xpco\allsolutions\..\sc\components\remoteviewer\smartclient\tst\zsmartclient_unittest\bin\x64\debug\net6.0-windows\zsmartclient_unittest.dll" id="6235db2c-29a6-4a28-c065-7643ea0e2363">
      <Execution id="fa2ba0b0-9c79-403a-bcee-0004c8a86ef1" />
      <TestMethod codeBase="D:\actions-runner\_work\XPCO\XPCO\AllSolutions\..\SC\Components\RemoteViewer\SmartClient\tst\zSmartClient_UnitTest\bin\x64\Debug\net6.0-windows\zSmartClient_UnitTest.dll" adapterTypeName="executor://mstestadapter/v2" className="VideoOS.RemoteClient.Application.Controllers.UnitTest.PtzSessionControllerTest" name="PtzSessionController_Register_Non_PTZ_Camera_Test" />
    </UnitTest>
    <UnitTest name="FocusedSearchResultChanged_CameraOnMap_CameraMapLevelFeaturesSavedAndRestored" storage="d:\actions-runner\_work\xpco\xpco\allsolutions\..\sc\components\remoteviewer\smartclient\tst\zsmartclient_unittest\bin\x64\debug\net6.0-windows\zsmartclient_unittest.dll" id="b228f7b3-2a35-5ed1-38ba-c95d5b6752e4">
      <TestCategory>
        <TestCategoryItem TestCategory="Search.SmartMapPreview" />
      </TestCategory>
      <Execution id="d679877a-7e91-4501-8133-2aa57198fdfd" />
      <TestMethod codeBase="D:\actions-runner\_work\XPCO\XPCO\AllSolutions\..\SC\Components\RemoteViewer\SmartClient\tst\zSmartClient_UnitTest\bin\x64\Debug\net6.0-windows\zSmartClient_UnitTest.dll" adapterTypeName="executor://mstestadapter/v2" className="SmartClient_UnitTest.VideoOS.RemoteClient.Plugin.CentralizedSearch.Views.Controls.SmartMap.SmartMapPreviewTests" name="FocusedSearchResultChanged_CameraOnMap_CameraMapLevelFeaturesSavedAndRestored" />
    </UnitTest>
    <UnitTest name="Constructor_ShouldThrow_ArgumentNullException_WhenConstructedWithNullClientCredentials" storage="d:\actions-runner\_work\xpco\xpco\allsolutions\..\sc\components\remoteviewer\smartclient\tst\zsmartclient_unittest\bin\x64\debug\net6.0-windows\zsmartclient_unittest.dll" id="828aa887-d61e-2965-7b2f-bafe3c7dac25">
      <TestCategory>
        <TestCategoryItem TestCategory="Authentication.ClientCredentials" />
      </TestCategory>
      <Execution id="a23fa4a4-13fe-4f3e-975a-68c11b073058" />
      <TestMethod codeBase="D:\actions-runner\_work\XPCO\XPCO\AllSolutions\..\SC\Components\RemoteViewer\SmartClient\tst\zSmartClient_UnitTest\bin\x64\Debug\net6.0-windows\zSmartClient_UnitTest.dll" adapterTypeName="executor://mstestadapter/v2" className="SmartClient_UnitTest.VideoOS.Shared.ServerAPI.ClientCredentialsTest" name="Constructor_ShouldThrow_ArgumentNullException_WhenConstructedWithNullClientCredentials" />
    </UnitTest>
    <UnitTest name="Ctor_MultipleSearchFilterCategoriesInManager_SearchDefinitionCreatedForEachCategory" storage="d:\actions-runner\_work\xpco\xpco\allsolutions\..\sc\components\remoteviewer\smartclient\tst\zsmartclient_unittest\bin\x64\debug\net6.0-windows\zsmartclient_unittest.dll" id="6e668805-e583-b333-030a-20aba32624a1">
      <TestCategory>
        <TestCategoryItem TestCategory="Search" />
      </TestCategory>
      <Execution id="ff6cd3b0-ccfe-47a7-94de-23fc216dfe3f" />
      <TestMethod codeBase="D:\actions-runner\_work\XPCO\XPCO\AllSolutions\..\SC\Components\RemoteViewer\SmartClient\tst\zSmartClient_UnitTest\bin\x64\Debug\net6.0-windows\zSmartClient_UnitTest.dll" adapterTypeName="executor://mstestadapter/v2" className="SmartClient_UnitTest.VideoOS.RemoteClient.Plugin.CentralizedSearch.MIPPlugin.CompositeSearchDefinitionTests" name="Ctor_MultipleSearchFilterCategoriesInManager_SearchDefinitionCreatedForEachCategory" />
    </UnitTest>
    <UnitTest name="Constructor_ShouldRaiseArgumentNullException_WhenControllerManagerIsNull" storage="d:\actions-runner\_work\xpco\xpco\allsolutions\..\sc\components\remoteviewer\smartclient\tst\zsmartclient_unittest\bin\x64\debug\net6.0-windows\zsmartclient_unittest.dll" id="d3a153fd-0e88-372e-ad4d-024de9ccde9a">
      <TestCategory>
        <TestCategoryItem TestCategory="GisMapAudioController" />
      </TestCategory>
      <Execution id="60cbd422-1076-428a-9935-727593a2c847" />
      <TestMethod codeBase="D:\actions-runner\_work\XPCO\XPCO\AllSolutions\..\SC\Components\RemoteViewer\SmartClient\tst\zSmartClient_UnitTest\bin\x64\Debug\net6.0-windows\zSmartClient_UnitTest.dll" adapterTypeName="executor://mstestadapter/v2" className="SmartClient_UnitTest.VideoOS.RemoteClient.GisMapData.GisMapAudioControllerTests" name="Constructor_ShouldRaiseArgumentNullException_WhenControllerManagerIsNull" />
    </UnitTest>
    <UnitTest name="PatrollingStepListViewModel_PresetModified" storage="d:\actions-runner\_work\xpco\xpco\allsolutions\..\sc\components\remoteviewer\smartclient\tst\zsmartclient_unittest\bin\x64\debug\net6.0-windows\zsmartclient_unittest.dll" id="85091bf5-79fb-de26-dea4-3270f148dbfd">
      <Execution id="50e2c8b2-46c0-4f80-a313-87ee584e5c1b" />
      <TestMethod codeBase="D:\actions-runner\_work\XPCO\XPCO\AllSolutions\..\SC\Components\RemoteViewer\SmartClient\tst\zSmartClient_UnitTest\bin\x64\Debug\net6.0-windows\zSmartClient_UnitTest.dll" adapterTypeName="executor://mstestadapter/v2" className="SmartClient_UnitTest.VideoOS.RemoteClient.Application.UI.PtzPreset.PatrollingViewModel.PatrollingStepListViewModelTest" name="PatrollingStepListViewModel_PresetModified" />
    </UnitTest>
    <UnitTest name="Constructor_ShouldRaiseArgumentNullException_WhenNextDeviceDataHandlerIsNull" storage="d:\actions-runner\_work\xpco\xpco\allsolutions\..\sc\components\remoteviewer\smartclient\tst\zsmartclient_unittest\bin\x64\debug\net6.0-windows\zsmartclient_unittest.dll" id="f19f66f7-3714-6457-44d8-9a0c3461226c">
      <TestCategory>
        <TestCategoryItem TestCategory="GisMap.Handlers.Devices.MapItems" />
      </TestCategory>
      <Execution id="ea4e37a0-c8a1-4efa-b933-6c21249ea540" />
      <TestMethod codeBase="D:\actions-runner\_work\XPCO\XPCO\AllSolutions\..\SC\Components\RemoteViewer\SmartClient\tst\zSmartClient_UnitTest\bin\x64\Debug\net6.0-windows\zSmartClient_UnitTest.dll" adapterTypeName="executor://mstestadapter/v2" className="SmartClient_UnitTest.VideoOS.RemoteClient.Plugin.GisMap.Handlers.Devices.MapItems.CameraDataHandlerTests" name="Constructor_ShouldRaiseArgumentNullException_WhenNextDeviceDataHandlerIsNull" />
    </UnitTest>
    <UnitTest name="Execute_CopyToClipboardCommand_ClipboardContainsText" storage="d:\actions-runner\_work\xpco\xpco\allsolutions\..\sc\components\remoteviewer\smartclient\tst\zsmartclient_unittest\bin\x64\debug\net6.0-windows\zsmartclient_unittest.dll" id="f710e014-90ce-d71f-9c5f-5c71e6c4af0c">
      <Execution id="2f64c703-a9c5-4913-a818-d80e0427a5ca" />
      <TestMethod codeBase="D:\actions-runner\_work\XPCO\XPCO\AllSolutions\..\SC\Components\RemoteViewer\SmartClient\tst\zSmartClient_UnitTest\bin\x64\Debug\net6.0-windows\zSmartClient_UnitTest.dll" adapterTypeName="executor://mstestadapter/v2" className="SmartClient_UnitTest.VideoOS.RemoteClient.Application.UI.Common.MessageBoxWithList.MessageBoxWithListViewModelTests" name="Execute_CopyToClipboardCommand_ClipboardContainsText" />
    </UnitTest>
    <UnitTest name="MergeOptionNodes_ShouldMergeOptionsFromOldKeyAndNewKey_WhenBothSettingsHaveOptionsAndEmptyNamespaceAddedToOptionsElement" storage="d:\actions-runner\_work\xpco\xpco\allsolutions\..\sc\components\remoteviewer\smartclient\tst\zsmartclient_unittest\bin\x64\debug\net6.0-windows\zsmartclient_unittest.dll" id="40975595-da4a-f761-4446-28adcce54b50">
      <TestCategory>
        <TestCategoryItem TestCategory="Managers" />
      </TestCategory>
      <Execution id="9283b165-7c41-49ce-81f0-9230559965bf" />
      <TestMethod codeBase="D:\actions-runner\_work\XPCO\XPCO\AllSolutions\..\SC\Components\RemoteViewer\SmartClient\tst\zSmartClient_UnitTest\bin\x64\Debug\net6.0-windows\zSmartClient_UnitTest.dll" adapterTypeName="executor://mstestadapter/v2" className="SmartClient_UnitTest.VideoOS.RemoteClient.Application.Managers.OptionManagerTests" name="MergeOptionNodes_ShouldMergeOptionsFromOldKeyAndNewKey_WhenBothSettingsHaveOptionsAndEmptyNamespaceAddedToOptionsElement" />
    </UnitTest>
    <UnitTest name="MapOutputIcons_WhenPinkOemResource_ShouldReturnTwoIcons" storage="d:\actions-runner\_work\xpco\xpco\allsolutions\..\sc\components\remoteviewer\smartclient\tst\zsmartclient_unittest\bin\x64\debug\net6.0-windows\zsmartclient_unittest.dll" id="c6dda2cd-bb4c-abf6-4c9e-75c0a7c49325">
      <Execution id="6d9be3ef-29ca-47a2-b787-5a00e920010a" />
      <TestMethod codeBase="D:\actions-runner\_work\XPCO\XPCO\AllSolutions\..\SC\Components\RemoteViewer\SmartClient\tst\zSmartClient_UnitTest\bin\x64\Debug\net6.0-windows\zSmartClient_UnitTest.dll" adapterTypeName="executor://mstestadapter/v2" className="SmartClient_UnitTest.VideoOS.RemoteClient.Application.Controllers.OemResourceControllerTest" name="MapOutputIcons_WhenPinkOemResource_ShouldReturnTwoIcons" />
    </UnitTest>
    <UnitTest name="PtzSessionControllerInfo_ReservedChangedTest_Different" storage="d:\actions-runner\_work\xpco\xpco\allsolutions\..\sc\components\remoteviewer\smartclient\tst\zsmartclient_unittest\bin\x64\debug\net6.0-windows\zsmartclient_unittest.dll" id="831c9d38-b235-c32d-79f4-dc554e18bb06">
      <Execution id="b908bf58-68bc-460e-b8a0-6d80307cf658" />
      <TestMethod codeBase="D:\actions-runner\_work\XPCO\XPCO\AllSolutions\..\SC\Components\RemoteViewer\SmartClient\tst\zSmartClient_UnitTest\bin\x64\Debug\net6.0-windows\zSmartClient_UnitTest.dll" adapterTypeName="executor://mstestadapter/v2" className="VideoOS.RemoteClient.Application.Controllers.UnitTest.PtzSessionControllerTest" name="PtzSessionControllerInfo_ReservedChangedTest_Different" />
    </UnitTest>
    <UnitTest name="ConvertToNewLevel_OneLevelUp_Success" storage="d:\actions-runner\_work\xpco\xpco\allsolutions\..\sc\components\remoteviewer\smartclient\tst\zsmartclient_unittest\bin\x64\debug\net6.0-windows\zsmartclient_unittest.dll" id="25e21b40-8b6b-75c0-de39-11c840b2c816">
      <TestCategory>
        <TestCategoryItem TestCategory="GisMapIndex" />
      </TestCategory>
      <Execution id="cdeef17e-2c2f-452f-b2b4-784d25412326" />
      <TestMethod codeBase="D:\actions-runner\_work\XPCO\XPCO\AllSolutions\..\SC\Components\RemoteViewer\SmartClient\tst\zSmartClient_UnitTest\bin\x64\Debug\net6.0-windows\zSmartClient_UnitTest.dll" adapterTypeName="executor://mstestadapter/v2" className="SmartClient_UnitTest.VideoOS.RemoteClient.GisMapData.Common.Indexer.IndexGridExtentTest" name="ConvertToNewLevel_OneLevelUp_Success" />
    </UnitTest>
    <UnitTest name="Constructor_ShouldRaiseArgumentNullException_WhenHeadlinesIsNull" storage="d:\actions-runner\_work\xpco\xpco\allsolutions\..\sc\components\remoteviewer\smartclient\tst\zsmartclient_unittest\bin\x64\debug\net6.0-windows\zsmartclient_unittest.dll" id="e16392e0-b74b-20a1-bfd8-cf04cd22dc42">
      <TestCategory>
        <TestCategoryItem TestCategory="GisMap.LayerVisibilityItemDataChildrenToggleItemDecoratorTests" />
      </TestCategory>
      <Execution id="848353b2-7341-41a5-9ca7-941fe6b8e06d" />
      <TestMethod codeBase="D:\actions-runner\_work\XPCO\XPCO\AllSolutions\..\SC\Components\RemoteViewer\SmartClient\tst\zSmartClient_UnitTest\bin\x64\Debug\net6.0-windows\zSmartClient_UnitTest.dll" adapterTypeName="executor://mstestadapter/v2" className="SmartClient_UnitTest.VideoOS.RemoteClient.Plugin.GisMap.ViewModels.LayersVisibility.Decorators.LayerVisibilityItemDataChildrenToggleItemDecoratorTests" name="Constructor_ShouldRaiseArgumentNullException_WhenHeadlinesIsNull" />
    </UnitTest>
    <UnitTest name="Deserialize_InvalidPluginIdElement_Error" storage="d:\actions-runner\_work\xpco\xpco\allsolutions\..\sc\components\remoteviewer\smartclient\tst\zsmartclient_unittest\bin\x64\debug\net6.0-windows\zsmartclient_unittest.dll" id="9586cc92-f1bb-653a-bd17-70b79fb89f50">
      <TestCategory>
        <TestCategoryItem TestCategory="SearchSerialization" />
      </TestCategory>
      <Execution id="34ba16a2-976c-403e-a89c-fb8eb1cf7af6" />
      <TestMethod codeBase="D:\actions-runner\_work\XPCO\XPCO\AllSolutions\..\SC\Components\RemoteViewer\SmartClient\tst\zSmartClient_UnitTest\bin\x64\Debug\net6.0-windows\zSmartClient_UnitTest.dll" adapterTypeName="executor://mstestadapter/v2" className="SmartClient_UnitTest.VideoOS.RemoteClient.Plugin.CentralizedSearch.Models.Serialization.SearchSerializerTests" name="Deserialize_InvalidPluginIdElement_Error" />
    </UnitTest>
    <UnitTest name="OnMarkerRightClicked_ShouldUseCrossTypeMenuItems_WhenNotInSetupModeAndMultipleItemsFromDifferentLayersIncludingAtLeastOneCameraAreSelected" storage="d:\actions-runner\_work\xpco\xpco\allsolutions\..\sc\components\remoteviewer\smartclient\tst\zsmartclient_unittest\bin\x64\debug\net6.0-windows\zsmartclient_unittest.dll" id="cd8ebcc2-066f-cdc6-6883-57e1205bcf51">
      <TestCategory>
        <TestCategoryItem TestCategory="SmartMap.MapItemsOverlay" />
      </TestCategory>
      <Execution id="d9b52841-9717-4872-9019-aa48ab26bb22" />
      <TestMethod codeBase="D:\actions-runner\_work\XPCO\XPCO\AllSolutions\..\SC\Components\RemoteViewer\SmartClient\tst\zSmartClient_UnitTest\bin\x64\Debug\net6.0-windows\zSmartClient_UnitTest.dll" adapterTypeName="executor://mstestadapter/v2" className="SmartClient_UnitTest.VideoOS.RemoteClient.Plugin.GisMap.ThinkGeoMap.SpecializedOverlays.Overlays.MapItemsOverlayTests" name="OnMarkerRightClicked_ShouldUseCrossTypeMenuItems_WhenNotInSetupModeAndMultipleItemsFromDifferentLayersIncludingAtLeastOneCameraAreSelected" />
    </UnitTest>
    <UnitTest name="PatrollingStepListViewModel_SelectedPatrollingStepViewModel" storage="d:\actions-runner\_work\xpco\xpco\allsolutions\..\sc\components\remoteviewer\smartclient\tst\zsmartclient_unittest\bin\x64\debug\net6.0-windows\zsmartclient_unittest.dll" id="224208d0-b60c-0e1e-7362-af15735beb49">
      <Execution id="1c5e619c-4c64-45bc-92be-8b34230fc9c7" />
      <TestMethod codeBase="D:\actions-runner\_work\XPCO\XPCO\AllSolutions\..\SC\Components\RemoteViewer\SmartClient\tst\zSmartClient_UnitTest\bin\x64\Debug\net6.0-windows\zSmartClient_UnitTest.dll" adapterTypeName="executor://mstestadapter/v2" className="SmartClient_UnitTest.VideoOS.RemoteClient.Application.UI.PtzPreset.PatrollingViewModel.PatrollingStepListViewModelTest" name="PatrollingStepListViewModel_SelectedPatrollingStepViewModel" />
    </UnitTest>
    <UnitTest name="LoadBoundingShapes_ShouldMergeBoundingShapes_WhenResultProvidesBoundingShapesAndMetadataObjects" storage="d:\actions-runner\_work\xpco\xpco\allsolutions\..\sc\components\remoteviewer\smartclient\tst\zsmartclient_unittest\bin\x64\debug\net6.0-windows\zsmartclient_unittest.dll" id="e70bd816-d0ac-eace-44c7-520cb1bd1024">
      <Execution id="9fce7690-ad82-4190-90b0-756ce1cb3c63" />
      <TestMethod codeBase="D:\actions-runner\_work\XPCO\XPCO\AllSolutions\..\SC\Components\RemoteViewer\SmartClient\tst\zSmartClient_UnitTest\bin\x64\Debug\net6.0-windows\zSmartClient_UnitTest.dll" adapterTypeName="executor://mstestadapter/v2" className="SmartClient_UnitTest.VideoOS.RemoteClient.Plugin.CentralizedSearch.MIPPlugin.Results.VideoSearchResultUserControlTests" name="LoadBoundingShapes_ShouldMergeBoundingShapes_WhenResultProvidesBoundingShapesAndMetadataObjects" />
    </UnitTest>
    <UnitTest name="BeginTimeWithPadding_ShouldBeSetToValueOfSearchResult" storage="d:\actions-runner\_work\xpco\xpco\allsolutions\..\sc\components\remoteviewer\smartclient\tst\zsmartclient_unittest\bin\x64\debug\net6.0-windows\zsmartclient_unittest.dll" id="2b698e66-74fb-6c00-069a-969a34e3db3a">
      <TestCategory>
        <TestCategoryItem TestCategory="Search.Wrappers" />
      </TestCategory>
      <Execution id="fc5f7a70-a226-4084-8242-9b99cb1aad5e" />
      <TestMethod codeBase="D:\actions-runner\_work\XPCO\XPCO\AllSolutions\..\SC\Components\RemoteViewer\SmartClient\tst\zSmartClient_UnitTest\bin\x64\Debug\net6.0-windows\zSmartClient_UnitTest.dll" adapterTypeName="executor://mstestadapter/v2" className="SmartClient_UnitTest.VideoOS.RemoteClient.Plugin.CentralizedSearch.Models.Wrappers.SearchResultDataWrapperTests" name="BeginTimeWithPadding_ShouldBeSetToValueOfSearchResult" />
    </UnitTest>
    <UnitTest name="OnLoaded_NoUserControl_Success" storage="d:\actions-runner\_work\xpco\xpco\allsolutions\..\sc\components\remoteviewer\smartclient\tst\zsmartclient_unittest\bin\x64\debug\net6.0-windows\zsmartclient_unittest.dll" id="45e90a7e-78c2-d92a-c93a-505afc46f1ab">
      <TestCategory>
        <TestCategoryItem TestCategory="Search" />
      </TestCategory>
      <Execution id="e0af03c8-d26a-438f-af23-15c6fb0b8fee" />
      <TestMethod codeBase="D:\actions-runner\_work\XPCO\XPCO\AllSolutions\..\SC\Components\RemoteViewer\SmartClient\tst\zSmartClient_UnitTest\bin\x64\Debug\net6.0-windows\zSmartClient_UnitTest.dll" adapterTypeName="executor://mstestadapter/v2" className="SmartClient_UnitTest.VideoOS.RemoteClient.Plugin.CentralizedSearch.Views.SearchResultContainerViewTests" name="OnLoaded_NoUserControl_Success" />
    </UnitTest>
    <UnitTest name="CreateDefinition_FireMultipleSearchResultsInMultipleEvents_SearchFinishedWithResults" storage="d:\actions-runner\_work\xpco\xpco\allsolutions\..\sc\components\remoteviewer\smartclient\tst\zsmartclient_unittest\bin\x64\debug\net6.0-windows\zsmartclient_unittest.dll" id="0af4332b-024f-1289-6f42-007e21f2be10">
      <TestCategory>
        <TestCategoryItem TestCategory="SearchModels" />
      </TestCategory>
      <Execution id="dae79718-ad79-4982-8a1e-9ecc57b37203" />
      <TestMethod codeBase="D:\actions-runner\_work\XPCO\XPCO\AllSolutions\..\SC\Components\RemoteViewer\SmartClient\tst\zSmartClient_UnitTest\bin\x64\Debug\net6.0-windows\zSmartClient_UnitTest.dll" adapterTypeName="executor://mstestadapter/v2" className="SmartClient_UnitTest.VideoOS.RemoteClient.Plugin.CentralizedSearch.Models.SearchModelTests" name="CreateDefinition_FireMultipleSearchResultsInMultipleEvents_SearchFinishedWithResults" />
    </UnitTest>
    <UnitTest name="SmartMapGoToAreaHandler_WhenDataIsInvalid_ShouldWriteToLog" storage="d:\actions-runner\_work\xpco\xpco\allsolutions\..\sc\components\remoteviewer\smartclient\tst\zsmartclient_unittest\bin\x64\debug\net6.0-windows\zsmartclient_unittest.dll" id="7bad54ac-e807-b7de-c086-e2462b8bfb21">
      <Execution id="07d54bcd-1507-4751-9ede-e4c5e76ba1d0" />
      <TestMethod codeBase="D:\actions-runner\_work\XPCO\XPCO\AllSolutions\..\SC\Components\RemoteViewer\SmartClient\tst\zSmartClient_UnitTest\bin\x64\Debug\net6.0-windows\zSmartClient_UnitTest.dll" adapterTypeName="executor://mstestadapter/v2" className="SmartClient_UnitTest.VideoOS.RemoteClient.Plugin.GisMap.MIP.ContentHolderMipMessageManagerTests" name="SmartMapGoToAreaHandler_WhenDataIsInvalid_ShouldWriteToLog" />
    </UnitTest>
    <UnitTest name="UpgradeToOAuth_ShouldUpgradeToSecureOAuth_WhenRequested" storage="d:\actions-runner\_work\xpco\xpco\allsolutions\..\sc\components\remoteviewer\smartclient\tst\zsmartclient_unittest\bin\x64\debug\net6.0-windows\zsmartclient_unittest.dll" id="da581dbd-fdf9-2018-b5c2-8286b59a8ac1">
      <TestCategory>
        <TestCategoryItem TestCategory="Authentication.ClientCredentials" />
      </TestCategory>
      <Execution id="b9589c39-8df5-4c61-9e49-96924d05761c" />
      <TestMethod codeBase="D:\actions-runner\_work\XPCO\XPCO\AllSolutions\..\SC\Components\RemoteViewer\SmartClient\tst\zSmartClient_UnitTest\bin\x64\Debug\net6.0-windows\zSmartClient_UnitTest.dll" adapterTypeName="executor://mstestadapter/v2" className="SmartClient_UnitTest.VideoOS.Shared.ServerAPI.ClientCredentialsTest" name="UpgradeToOAuth_ShouldUpgradeToSecureOAuth_WhenRequested" />
    </UnitTest>
    <UnitTest name="RemoveWorkroom_ShouldChangeSelectionToPreviousWorkroom_WhenSelectedWorkroomIsRemovedAndThereIsNoNextWorkroom" storage="d:\actions-runner\_work\xpco\xpco\allsolutions\..\sc\components\remoteviewer\smartclient\tst\zsmartclient_unittest\bin\x64\debug\net6.0-windows\zsmartclient_unittest.dll" id="3396378a-9ca0-08c0-5632-b84c1a5adbad">
      <TestCategory>
        <TestCategoryItem TestCategory="WorkroomController" />
      </TestCategory>
      <Execution id="925eb37f-37c9-4de6-b6c2-344f5172bbbd" />
      <TestMethod codeBase="D:\actions-runner\_work\XPCO\XPCO\AllSolutions\..\SC\Components\RemoteViewer\SmartClient\tst\zSmartClient_UnitTest\bin\x64\Debug\net6.0-windows\zSmartClient_UnitTest.dll" adapterTypeName="executor://mstestadapter/v2" className="SmartClient_UnitTest.VideoOS.RemoteClient.Application.Controllers.WorkroomController.WorkroomControllerBaseTest" name="RemoveWorkroom_ShouldChangeSelectionToPreviousWorkroom_WhenSelectedWorkroomIsRemovedAndThereIsNoNextWorkroom" />
    </UnitTest>
    <UnitTest name="GetServers_ShouldReturnCorrectServerByIdsTest" storage="d:\actions-runner\_work\xpco\xpco\allsolutions\..\sc\components\remoteviewer\smartclient\tst\zsmartclient_unittest\bin\x64\debug\net6.0-windows\zsmartclient_unittest.dll" id="6f067ff4-f915-05c2-a0a4-f5e23793ba9b">
      <Execution id="38977e2b-d6a1-4e9c-95b6-a8a76105d632" />
      <TestMethod codeBase="D:\actions-runner\_work\XPCO\XPCO\AllSolutions\..\SC\Components\RemoteViewer\SmartClient\tst\zSmartClient_UnitTest\bin\x64\Debug\net6.0-windows\zSmartClient_UnitTest.dll" adapterTypeName="executor://mstestadapter/v2" className="SmartClient_UnitTest.VideoOS.RemoteClient.Application.Data.ContentTypes.ReportingContentType.DashboardDetailsProviderTest" name="GetServers_ShouldReturnCorrectServerByIdsTest" />
    </UnitTest>
    <UnitTest name="DeviceIcons_ShouldReturnIconsInAProperOrder_WhenCalled" storage="d:\actions-runner\_work\xpco\xpco\allsolutions\..\sc\components\remoteviewer\smartclient\tst\zsmartclient_unittest\bin\x64\debug\net6.0-windows\zsmartclient_unittest.dll" id="c6aa84d9-56b3-333b-31b6-309528e6353e">
      <TestCategory>
        <TestCategoryItem TestCategory="GisMapData.OutputOemResourcesProviderTests" />
      </TestCategory>
      <Execution id="5ec8362a-5a3d-4cec-a55f-8aafcccb7700" />
      <TestMethod codeBase="D:\actions-runner\_work\XPCO\XPCO\AllSolutions\..\SC\Components\RemoteViewer\SmartClient\tst\zSmartClient_UnitTest\bin\x64\Debug\net6.0-windows\zSmartClient_UnitTest.dll" adapterTypeName="executor://mstestadapter/v2" className="SmartClient_UnitTest.VideoOS.RemoteClient.GisMapData.Resources.OutputOemResourcesProviderTests" name="DeviceIcons_ShouldReturnIconsInAProperOrder_WhenCalled" />
    </UnitTest>
    <UnitTest name="TryGetOsmServerTileAddress_ShouldSetEmptyAddress_WhenOsmServerAddressIsInvalid" storage="d:\actions-runner\_work\xpco\xpco\allsolutions\..\sc\components\remoteviewer\smartclient\tst\zsmartclient_unittest\bin\x64\debug\net6.0-windows\zsmartclient_unittest.dll" id="87d4d6f3-e417-2505-d5bd-2afd34871ea6">
      <TestCategory>
        <TestCategoryItem TestCategory="GisMapData.Controllers.Osm" />
      </TestCategory>
      <Execution id="9d5a5536-6cbb-4258-a498-d5b01c0e6cda" />
      <TestMethod codeBase="D:\actions-runner\_work\XPCO\XPCO\AllSolutions\..\SC\Components\RemoteViewer\SmartClient\tst\zSmartClient_UnitTest\bin\x64\Debug\net6.0-windows\zSmartClient_UnitTest.dll" adapterTypeName="executor://mstestadapter/v2" className="SmartClient_UnitTest.VideoOS.RemoteClient.GisMapData.Controllers.Osm.GisMapOsmControllerTests" name="TryGetOsmServerTileAddress_ShouldSetEmptyAddress_WhenOsmServerAddressIsInvalid" />
    </UnitTest>
    <UnitTest name="Constructor_ShouldThrowAnException_WhenWorkspaceToolbarPluginIsNull" storage="d:\actions-runner\_work\xpco\xpco\allsolutions\..\sc\components\remoteviewer\smartclient\tst\zsmartclient_unittest\bin\x64\debug\net6.0-windows\zsmartclient_unittest.dll" id="e0ca0f50-e0fe-3af6-65f6-228d57aa9d13">
      <TestCategory>
        <TestCategoryItem TestCategory="WorkspaceToolbar" />
      </TestCategory>
      <Execution id="081db586-9e46-4827-96eb-6f33ac4d57e0" />
      <TestMethod codeBase="D:\actions-runner\_work\XPCO\XPCO\AllSolutions\..\SC\Components\RemoteViewer\SmartClient\tst\zSmartClient_UnitTest\bin\x64\Debug\net6.0-windows\zSmartClient_UnitTest.dll" adapterTypeName="executor://mstestadapter/v2" className="SmartClient_UnitTest.VideoOS.RemoteClient.Application.Data.WorkspaceToolbar.WorkspaceToolbarItemMipPluginTests" name="Constructor_ShouldThrowAnException_WhenWorkspaceToolbarPluginIsNull" />
    </UnitTest>
    <UnitTest name="TrySelectAvailableExportNameTest_ShouldReturnValidationResultOk_WhenEverythingIsOk" storage="d:\actions-runner\_work\xpco\xpco\allsolutions\..\sc\components\remoteviewer\smartclient\tst\zsmartclient_unittest\bin\x64\debug\net6.0-windows\zsmartclient_unittest.dll" id="2a89a08d-dc4f-9b66-c54a-43d74ab324c2">
      <Execution id="7183a1df-c08a-45de-ace1-f979365569e4" />
      <TestMethod codeBase="D:\actions-runner\_work\XPCO\XPCO\AllSolutions\..\SC\Components\RemoteViewer\SmartClient\tst\zSmartClient_UnitTest\bin\x64\Debug\net6.0-windows\zSmartClient_UnitTest.dll" adapterTypeName="executor://mstestadapter/v2" className="SmartClient_UnitTest.VideoOS.RemoteClient.Application.Data.Export.ExportDataHelperTests" name="TrySelectAvailableExportNameTest_ShouldReturnValidationResultOk_WhenEverythingIsOk" />
    </UnitTest>
    <UnitTest name="GetItemsIn_BuildingNoLevelsNotIndexed_NoException" storage="d:\actions-runner\_work\xpco\xpco\allsolutions\..\sc\components\remoteviewer\smartclient\tst\zsmartclient_unittest\bin\x64\debug\net6.0-windows\zsmartclient_unittest.dll" id="9a1e0638-3454-96aa-be92-9d9c7a4bfa39">
      <TestCategory>
        <TestCategoryItem TestCategory="GisMapIndex" />
      </TestCategory>
      <Execution id="3a9131b2-4d96-4b3d-bf5a-da1f907e65a1" />
      <TestMethod codeBase="D:\actions-runner\_work\XPCO\XPCO\AllSolutions\..\SC\Components\RemoteViewer\SmartClient\tst\zSmartClient_UnitTest\bin\x64\Debug\net6.0-windows\zSmartClient_UnitTest.dll" adapterTypeName="executor://mstestadapter/v2" className="SmartClient_UnitTest.VideoOS.RemoteClient.GisMapData.Common.Indexer.BuildingsAwareIndexerTests" name="GetItemsIn_BuildingNoLevelsNotIndexed_NoException" />
    </UnitTest>
    <UnitTest name="ResultCountText_SeveralResults_Success" storage="d:\actions-runner\_work\xpco\xpco\allsolutions\..\sc\components\remoteviewer\smartclient\tst\zsmartclient_unittest\bin\x64\debug\net6.0-windows\zsmartclient_unittest.dll" id="f7bcbf5e-0012-a0f0-d3f0-82ca6b14f5dd">
      <TestCategory>
        <TestCategoryItem TestCategory="SearchResultViewModels" />
      </TestCategory>
      <Execution id="26c680cb-8c1a-4ef0-ad99-ef0516359c79" />
      <TestMethod codeBase="D:\actions-runner\_work\XPCO\XPCO\AllSolutions\..\SC\Components\RemoteViewer\SmartClient\tst\zSmartClient_UnitTest\bin\x64\Debug\net6.0-windows\zSmartClient_UnitTest.dll" adapterTypeName="executor://mstestadapter/v2" className="SmartClient_UnitTest.VideoOS.RemoteClient.Plugin.CentralizedSearch.ViewModels.SearchResultsViewModelTest" name="ResultCountText_SeveralResults_Success" />
    </UnitTest>
    <UnitTest name="SetSelectedDuration_CustomInterval_CustomIntervalOpenSet" storage="d:\actions-runner\_work\xpco\xpco\allsolutions\..\sc\components\remoteviewer\smartclient\tst\zsmartclient_unittest\bin\x64\debug\net6.0-windows\zsmartclient_unittest.dll" id="2e1f1a04-832c-f244-dd8a-e5aa199150f1">
      <TestCategory>
        <TestCategoryItem TestCategory="SearchViewModels" />
      </TestCategory>
      <Execution id="61d1d064-b815-40c4-ad2d-24e7a69955a1" />
      <TestMethod codeBase="D:\actions-runner\_work\XPCO\XPCO\AllSolutions\..\SC\Components\RemoteViewer\SmartClient\tst\zSmartClient_UnitTest\bin\x64\Debug\net6.0-windows\zSmartClient_UnitTest.dll" adapterTypeName="executor://mstestadapter/v2" className="SmartClient_UnitTest.VideoOS.RemoteClient.Plugin.CentralizedSearch.ViewModels.SearchViewModelTests" name="SetSelectedDuration_CustomInterval_CustomIntervalOpenSet" />
    </UnitTest>
    <UnitTest name="GetCameraTypes_ShouldReturnCameraGroupType" storage="d:\actions-runner\_work\xpco\xpco\allsolutions\..\sc\components\remoteviewer\smartclient\tst\zsmartclient_unittest\bin\x64\debug\net6.0-windows\zsmartclient_unittest.dll" id="c6c12d45-27fb-4bdb-9c70-a3598bb5e949">
      <Execution id="14b17382-c42b-494b-a507-2563ca879a41" />
      <TestMethod codeBase="D:\actions-runner\_work\XPCO\XPCO\AllSolutions\..\SC\Components\RemoteViewer\SmartClient\tst\zSmartClient_UnitTest\bin\x64\Debug\net6.0-windows\zSmartClient_UnitTest.dll" adapterTypeName="executor://mstestadapter/v2" className="SmartClient_UnitTest.VideoOS.RemoteClient.Application.Data.ContentTypes.ReportingContentType.DashboardExtentionsTest" name="GetCameraTypes_ShouldReturnCameraGroupType" />
    </UnitTest>
    <UnitTest name="TestForAssemblyCoverage" storage="d:\actions-runner\_work\xpco\xpco\allsolutions\..\sc\components\remoteviewer\smartclient\tst\zsmartclient_unittest\bin\x64\debug\net6.0-windows\zsmartclient_unittest.dll" id="174bdb8c-ca63-6d38-8008-0e1813915a8c">
      <Execution id="e59d14f7-1b14-440b-b8bb-db5180c48981" />
      <TestMethod codeBase="D:\actions-runner\_work\XPCO\XPCO\AllSolutions\..\SC\Components\RemoteViewer\SmartClient\tst\zSmartClient_UnitTest\bin\x64\Debug\net6.0-windows\zSmartClient_UnitTest.dll" adapterTypeName="executor://mstestadapter/v2" className="SmartClient_UnitTest.VideoOS.RemoteClient.Plugin.Map.UnitTest1" name="TestForAssemblyCoverage" />
    </UnitTest>
    <UnitTest name="DetermineUserAllowsUnsecureConnection_WhereUserIsAskedAndUnsecureIsNotAllow_ShouldReturnFalse" storage="d:\actions-runner\_work\xpco\xpco\allsolutions\..\sc\components\remoteviewer\smartclient\tst\zsmartclient_unittest\bin\x64\debug\net6.0-windows\zsmartclient_unittest.dll" id="17b36dbd-a0b1-7dd9-4d17-df2b3239cefc">
      <Execution id="04977bee-79aa-4824-9ec4-10cff2dae48b" />
      <TestMethod codeBase="D:\actions-runner\_work\XPCO\XPCO\AllSolutions\..\SC\Components\RemoteViewer\SmartClient\tst\zSmartClient_UnitTest\bin\x64\Debug\net6.0-windows\zSmartClient_UnitTest.dll" adapterTypeName="executor://mstestadapter/v2" className="VideoOS.RemoteClient.Application.Managers.UnitTest.AllowUnsecureConnectionManagerTests" name="DetermineUserAllowsUnsecureConnection_WhereUserIsAskedAndUnsecureIsNotAllow_ShouldReturnFalse" />
    </UnitTest>
    <UnitTest name="MoveToTop_ShouldMoveMarkerTopmost_WhenNotAlreadyTopmost" storage="d:\actions-runner\_work\xpco\xpco\allsolutions\..\sc\components\remoteviewer\smartclient\tst\zsmartclient_unittest\bin\x64\debug\net6.0-windows\zsmartclient_unittest.dll" id="45426788-53bd-fdd6-9e67-f15e7f5b5490">
      <TestCategory>
        <TestCategoryItem TestCategory="SmartMap.MapItemsOverlay" />
      </TestCategory>
      <Execution id="4c3d3364-9629-458a-a6f3-7db603b88884" />
      <TestMethod codeBase="D:\actions-runner\_work\XPCO\XPCO\AllSolutions\..\SC\Components\RemoteViewer\SmartClient\tst\zSmartClient_UnitTest\bin\x64\Debug\net6.0-windows\zSmartClient_UnitTest.dll" adapterTypeName="executor://mstestadapter/v2" className="SmartClient_UnitTest.VideoOS.RemoteClient.Plugin.GisMap.ThinkGeoMap.SpecializedOverlays.Overlays.MapItemsOverlayTests" name="MoveToTop_ShouldMoveMarkerTopmost_WhenNotAlreadyTopmost" />
    </UnitTest>
    <UnitTest name="InitializeTokenException_ShouldReturnTokenException_ForValidTokenErrors" storage="d:\actions-runner\_work\xpco\xpco\allsolutions\..\sc\components\remoteviewer\smartclient\tst\zsmartclient_unittest\bin\x64\debug\net6.0-windows\zsmartclient_unittest.dll" id="22f81f95-90ca-baa7-300b-797405eeaf34">
      <TestCategory>
        <TestCategoryItem TestCategory="ServerCommandController.IDPToken" />
      </TestCategory>
      <Execution id="473c8963-bb33-4757-8030-2a320400afb5" />
      <TestMethod codeBase="D:\actions-runner\_work\XPCO\XPCO\AllSolutions\..\SC\Components\RemoteViewer\SmartClient\tst\zSmartClient_UnitTest\bin\x64\Debug\net6.0-windows\zSmartClient_UnitTest.dll" adapterTypeName="executor://mstestadapter/v2" className="SmartClient_UnitTest.VideoOS.RemoteClient.Application.Controllers.TokenExceptionsConverterTests" name="InitializeTokenException_ShouldReturnTokenException_ForValidTokenErrors" />
    </UnitTest>
    <UnitTest name="PopulateTooltip_ManyResultsFromSingleCamera12Hours_ValidText" storage="d:\actions-runner\_work\xpco\xpco\allsolutions\..\sc\components\remoteviewer\smartclient\tst\zsmartclient_unittest\bin\x64\debug\net6.0-windows\zsmartclient_unittest.dll" id="5fef5e10-fc69-5d3e-4101-c050ab62c33a">
      <TestCategory>
        <TestCategoryItem TestCategory="SearchControls" />
      </TestCategory>
      <Execution id="18e1ffe0-d744-4d66-bbe4-35dec73de544" />
      <TestMethod codeBase="D:\actions-runner\_work\XPCO\XPCO\AllSolutions\..\SC\Components\RemoteViewer\SmartClient\tst\zSmartClient_UnitTest\bin\x64\Debug\net6.0-windows\zSmartClient_UnitTest.dll" adapterTypeName="executor://mstestadapter/v2" className="SmartClient_UnitTest.VideoOS.RemoteClient.Plugin.CentralizedSearch.Views.Controls.TimelineRuler.TimelineRulerControlTests" name="PopulateTooltip_ManyResultsFromSingleCamera12Hours_ValidText" />
    </UnitTest>
    <UnitTest name="UpdateSearchTemplateAsync_Fails_Success" storage="d:\actions-runner\_work\xpco\xpco\allsolutions\..\sc\components\remoteviewer\smartclient\tst\zsmartclient_unittest\bin\x64\debug\net6.0-windows\zsmartclient_unittest.dll" id="9c84fcaa-119c-eb3e-55a7-125cbe865eba">
      <TestCategory>
        <TestCategoryItem TestCategory="SearchTemplates" />
      </TestCategory>
      <Execution id="97e772ba-6b5f-464f-89b3-5291f1cf6118" />
      <TestMethod codeBase="D:\actions-runner\_work\XPCO\XPCO\AllSolutions\..\SC\Components\RemoteViewer\SmartClient\tst\zSmartClient_UnitTest\bin\x64\Debug\net6.0-windows\zSmartClient_UnitTest.dll" adapterTypeName="executor://mstestadapter/v2" className="SmartClient_UnitTest.VideoOS.RemoteClient.Plugin.CentralizedSearch.SearchTemplates.SearchTemplateManagerTests" name="UpdateSearchTemplateAsync_Fails_Success" />
    </UnitTest>
    <UnitTest name="TestConstructor_viewSelectionSetterIsNull_FailWithArgumentNullException" storage="d:\actions-runner\_work\xpco\xpco\allsolutions\..\sc\components\remoteviewer\smartclient\tst\zsmartclient_unittest\bin\x64\debug\net6.0-windows\zsmartclient_unittest.dll" id="81128042-c745-b3dd-d6e9-cc3789c8a026">
      <TestCategory>
        <TestCategoryItem TestCategory="WorkroomController" />
      </TestCategory>
      <Execution id="ab4d9ed2-8014-459f-abc6-a284047499fc" />
      <TestMethod codeBase="D:\actions-runner\_work\XPCO\XPCO\AllSolutions\..\SC\Components\RemoteViewer\SmartClient\tst\zSmartClient_UnitTest\bin\x64\Debug\net6.0-windows\zSmartClient_UnitTest.dll" adapterTypeName="executor://mstestadapter/v2" className="VideoOS.RemoteClient.Application.Controllers.WorkroomController.UnitTest.TabWorkroomControllerTest" name="TestConstructor_viewSelectionSetterIsNull_FailWithArgumentNullException" />
    </UnitTest>
    <UnitTest name="CreateSearchAttributeEditControl_UnmappedConfiguration_ReturnsNull" storage="d:\actions-runner\_work\xpco\xpco\allsolutions\..\sc\components\remoteviewer\smartclient\tst\zsmartclient_unittest\bin\x64\debug\net6.0-windows\zsmartclient_unittest.dll" id="1cdbc1c1-e214-17d8-9ab0-1390398a8948">
      <TestCategory>
        <TestCategoryItem TestCategory="Search" />
      </TestCategory>
      <Execution id="5913f692-ec61-4421-93cc-28f6718a68e2" />
      <TestMethod codeBase="D:\actions-runner\_work\XPCO\XPCO\AllSolutions\..\SC\Components\RemoteViewer\SmartClient\tst\zSmartClient_UnitTest\bin\x64\Debug\net6.0-windows\zSmartClient_UnitTest.dll" adapterTypeName="executor://mstestadapter/v2" className="SmartClient_UnitTest.VideoOS.RemoteClient.Plugin.CentralizedSearch.MIPPlugin.ScSearchUserControlPluginTest" name="CreateSearchAttributeEditControl_UnmappedConfiguration_ReturnsNull" />
    </UnitTest>
    <UnitTest name="Compare_NullVsNull_Equals" storage="d:\actions-runner\_work\xpco\xpco\allsolutions\..\sc\components\remoteviewer\smartclient\tst\zsmartclient_unittest\bin\x64\debug\net6.0-windows\zsmartclient_unittest.dll" id="cbd28a6e-603b-cdc1-8dd3-9bb5df99a9b4">
      <TestCategory>
        <TestCategoryItem TestCategory="SearchComparers" />
      </TestCategory>
      <Execution id="2d0a617b-4116-4da1-8e06-0a600a68391d" />
      <TestMethod codeBase="D:\actions-runner\_work\XPCO\XPCO\AllSolutions\..\SC\Components\RemoteViewer\SmartClient\tst\zSmartClient_UnitTest\bin\x64\Debug\net6.0-windows\zSmartClient_UnitTest.dll" adapterTypeName="executor://mstestadapter/v2" className="SmartClient_UnitTest.VideoOS.RemoteClient.Plugin.CentralizedSearch.Models.Wrappers.Comparers.TriggerTimeComparerTests" name="Compare_NullVsNull_Equals" />
    </UnitTest>
    <UnitTest name="PerformAction_ExceptionHandled" storage="d:\actions-runner\_work\xpco\xpco\allsolutions\..\sc\components\remoteviewer\smartclient\tst\zsmartclient_unittest\bin\x64\debug\net6.0-windows\zsmartclient_unittest.dll" id="671ee35e-217f-e976-440a-afae3aff818a">
      <TestCategory>
        <TestCategoryItem TestCategory="MipItemsRetriever" />
      </TestCategory>
      <Execution id="8804ae58-95b6-426b-b39e-72b59c0b1e3b" />
      <TestMethod codeBase="D:\actions-runner\_work\XPCO\XPCO\AllSolutions\..\SC\Components\RemoteViewer\SmartClient\tst\zSmartClient_UnitTest\bin\x64\Debug\net6.0-windows\zSmartClient_UnitTest.dll" adapterTypeName="executor://mstestadapter/v2" className="SmartClient_UnitTest.VideoOS.RemoteClient.Plugin.GisMap.MIP.MipItemActionsCommunicatorTests" name="PerformAction_ExceptionHandled" />
    </UnitTest>
    <UnitTest name="IsProductionEnvironment_ShouldReturnFalse_WhenSystemLicenseIsNull" storage="d:\actions-runner\_work\xpco\xpco\allsolutions\..\sc\components\remoteviewer\smartclient\tst\zsmartclient_unittest\bin\x64\debug\net6.0-windows\zsmartclient_unittest.dll" id="03b9d988-af55-c02a-fb0b-6c811350a612">
      <Execution id="feb39930-fd70-44cf-8d79-cd074820c8d9" />
      <TestMethod codeBase="D:\actions-runner\_work\XPCO\XPCO\AllSolutions\..\SC\Components\RemoteViewer\SmartClient\tst\zSmartClient_UnitTest\bin\x64\Debug\net6.0-windows\zSmartClient_UnitTest.dll" adapterTypeName="executor://mstestadapter/v2" className="SmartClient_UnitTest.VideoOS.RemoteClient.Application.Common.Telemetry.TelemetryKeyProviderTests" name="IsProductionEnvironment_ShouldReturnFalse_WhenSystemLicenseIsNull" />
    </UnitTest>
    <UnitTest name="Compare_NotNullVsNull_LessThan" storage="d:\actions-runner\_work\xpco\xpco\allsolutions\..\sc\components\remoteviewer\smartclient\tst\zsmartclient_unittest\bin\x64\debug\net6.0-windows\zsmartclient_unittest.dll" id="b0e999aa-6f2d-cdfd-39f2-77fd8d2611be">
      <TestCategory>
        <TestCategoryItem TestCategory="SearchComparers" />
      </TestCategory>
      <Execution id="a47ffc48-cf3f-4d38-9ed0-7504a37b2769" />
      <TestMethod codeBase="D:\actions-runner\_work\XPCO\XPCO\AllSolutions\..\SC\Components\RemoteViewer\SmartClient\tst\zSmartClient_UnitTest\bin\x64\Debug\net6.0-windows\zSmartClient_UnitTest.dll" adapterTypeName="executor://mstestadapter/v2" className="SmartClient_UnitTest.VideoOS.RemoteClient.Plugin.CentralizedSearch.Models.Wrappers.Comparers.BeginTimeWithPaddingComparerTests" name="Compare_NotNullVsNull_LessThan" />
    </UnitTest>
    <UnitTest name="ActionBarPluginsEnabled_TwoPluginsWithDifferentOverflowModes_OnePluginButtonPresentInActionBarAndOnePresentInOverflowMenu" storage="d:\actions-runner\_work\xpco\xpco\allsolutions\..\sc\components\remoteviewer\smartclient\tst\zsmartclient_unittest\bin\x64\debug\net6.0-windows\zsmartclient_unittest.dll" id="e5776fdb-2ce3-71cf-fd30-74705513040a">
      <TestCategory>
        <TestCategoryItem TestCategory="SearchViews" />
      </TestCategory>
      <Execution id="a7a4daf6-b6c0-4ea1-8755-fa27abb05ef3" />
      <TestMethod codeBase="D:\actions-runner\_work\XPCO\XPCO\AllSolutions\..\SC\Components\RemoteViewer\SmartClient\tst\zSmartClient_UnitTest\bin\x64\Debug\net6.0-windows\zSmartClient_UnitTest.dll" adapterTypeName="executor://mstestadapter/v2" className="SmartClient_UnitTest.VideoOS.RemoteClient.Plugin.CentralizedSearch.Views.SearchResultActionBarViewTests" name="ActionBarPluginsEnabled_TwoPluginsWithDifferentOverflowModes_OnePluginButtonPresentInActionBarAndOnePresentInOverflowMenu" />
    </UnitTest>
    <UnitTest name="Serialize_ToTimeOnly_Success" storage="d:\actions-runner\_work\xpco\xpco\allsolutions\..\sc\components\remoteviewer\smartclient\tst\zsmartclient_unittest\bin\x64\debug\net6.0-windows\zsmartclient_unittest.dll" id="8b0909b5-769b-12ea-d91a-88a0ad4a6e48">
      <TestCategory>
        <TestCategoryItem TestCategory="SearchSerialization" />
      </TestCategory>
      <Execution id="3a553d65-7474-4044-945d-62d531bb54d1" />
      <TestMethod codeBase="D:\actions-runner\_work\XPCO\XPCO\AllSolutions\..\SC\Components\RemoteViewer\SmartClient\tst\zSmartClient_UnitTest\bin\x64\Debug\net6.0-windows\zSmartClient_UnitTest.dll" adapterTypeName="executor://mstestadapter/v2" className="SmartClient_UnitTest.VideoOS.RemoteClient.Plugin.CentralizedSearch.Models.Serialization.SearchSerializerTests" name="Serialize_ToTimeOnly_Success" />
    </UnitTest>
    <UnitTest name="LoadBoundingShapes_Cancelled_NoBoundingShapesAddedToUI" storage="d:\actions-runner\_work\xpco\xpco\allsolutions\..\sc\components\remoteviewer\smartclient\tst\zsmartclient_unittest\bin\x64\debug\net6.0-windows\zsmartclient_unittest.dll" id="3d5c9967-0460-2f6a-3450-76146b434884">
      <Execution id="75192c88-245d-4c8e-a7ad-8a937bae306c" />
      <TestMethod codeBase="D:\actions-runner\_work\XPCO\XPCO\AllSolutions\..\SC\Components\RemoteViewer\SmartClient\tst\zSmartClient_UnitTest\bin\x64\Debug\net6.0-windows\zSmartClient_UnitTest.dll" adapterTypeName="executor://mstestadapter/v2" className="SmartClient_UnitTest.VideoOS.RemoteClient.Plugin.CentralizedSearch.MIPPlugin.Results.VideoSearchResultUserControlTests" name="LoadBoundingShapes_Cancelled_NoBoundingShapesAddedToUI" />
    </UnitTest>
    <UnitTest name="HandleGetLayerFeatures_ShouldRaiseArgumentException_WhenNotMicrophoneKind" storage="d:\actions-runner\_work\xpco\xpco\allsolutions\..\sc\components\remoteviewer\smartclient\tst\zsmartclient_unittest\bin\x64\debug\net6.0-windows\zsmartclient_unittest.dll" id="37dfb702-000b-b79c-bfb4-f3293626a799">
      <TestCategory>
        <TestCategoryItem TestCategory="GisMapData.Handlers.LayerFeatures" />
      </TestCategory>
      <Execution id="dba7d51a-cc00-4798-b9f1-3ebc2a68643d" />
      <TestMethod codeBase="D:\actions-runner\_work\XPCO\XPCO\AllSolutions\..\SC\Components\RemoteViewer\SmartClient\tst\zSmartClient_UnitTest\bin\x64\Debug\net6.0-windows\zSmartClient_UnitTest.dll" adapterTypeName="executor://mstestadapter/v2" className="SmartClient_UnitTest.VideoOS.RemoteClient.GisMapData.Handlers.LayerFeatures.MicrophoneLayerFeaturesHandlerTests" name="HandleGetLayerFeatures_ShouldRaiseArgumentException_WhenNotMicrophoneKind" />
    </UnitTest>
    <UnitTest name="OutputMapItem_Delete_Success" storage="d:\actions-runner\_work\xpco\xpco\allsolutions\..\sc\components\remoteviewer\smartclient\tst\zsmartclient_unittest\bin\x64\debug\net6.0-windows\zsmartclient_unittest.dll" id="8911612a-a11f-ae1d-ffaf-716d141c41ca">
      <TestCategory>
        <TestCategoryItem TestCategory="GisMapData.MapItem.Outputs" />
      </TestCategory>
      <Execution id="82463179-a821-4eba-8957-88d096ef1351" />
      <TestMethod codeBase="D:\actions-runner\_work\XPCO\XPCO\AllSolutions\..\SC\Components\RemoteViewer\SmartClient\tst\zSmartClient_UnitTest\bin\x64\Debug\net6.0-windows\zSmartClient_UnitTest.dll" adapterTypeName="executor://mstestadapter/v2" className="SmartClient_UnitTest.VideoOS.RemoteClient.GisMapData.MapItem.Outputs.OutputMapItemTests" name="OutputMapItem_Delete_Success" />
    </UnitTest>
    <UnitTest name="Deserialize_RelativeScopeDurationAndFromToValues_ToAndFromValuesIgnored" storage="d:\actions-runner\_work\xpco\xpco\allsolutions\..\sc\components\remoteviewer\smartclient\tst\zsmartclient_unittest\bin\x64\debug\net6.0-windows\zsmartclient_unittest.dll" id="13b2a1dd-d764-6ad5-a674-3e86cc761e8a">
      <TestCategory>
        <TestCategoryItem TestCategory="SearchModels" />
      </TestCategory>
      <Execution id="f3ac95e5-ad8d-404a-9420-c9da1ebbe8a5" />
      <TestMethod codeBase="D:\actions-runner\_work\XPCO\XPCO\AllSolutions\..\SC\Components\RemoteViewer\SmartClient\tst\zSmartClient_UnitTest\bin\x64\Debug\net6.0-windows\zSmartClient_UnitTest.dll" adapterTypeName="executor://mstestadapter/v2" className="SmartClient_UnitTest.VideoOS.RemoteClient.Plugin.CentralizedSearch.Models.SearchModelTests" name="Deserialize_RelativeScopeDurationAndFromToValues_ToAndFromValuesIgnored" />
    </UnitTest>
    <UnitTest name="ActiveInteractionStateBinding_ShouldNotBeNull_WhenCtorIsCalled" storage="d:\actions-runner\_work\xpco\xpco\allsolutions\..\sc\components\remoteviewer\smartclient\tst\zsmartclient_unittest\bin\x64\debug\net6.0-windows\zsmartclient_unittest.dll" id="95bdcbe4-e420-deb8-8439-dbd680e08a25">
      <TestCategory>
        <TestCategoryItem TestCategory="GisMap.InputMarkerTest" />
      </TestCategory>
      <Execution id="24656c3e-a979-4085-93e2-14da5a989611" />
      <TestMethod codeBase="D:\actions-runner\_work\XPCO\XPCO\AllSolutions\..\SC\Components\RemoteViewer\SmartClient\tst\zSmartClient_UnitTest\bin\x64\Debug\net6.0-windows\zSmartClient_UnitTest.dll" adapterTypeName="executor://mstestadapter/v2" className="SmartClient_UnitTest.VideoOS.RemoteClient.Plugin.GisMap.ThinkGeoMap.Markers.DeviceMarkers.InputMarker.InputMarkerTests" name="ActiveInteractionStateBinding_ShouldNotBeNull_WhenCtorIsCalled" />
    </UnitTest>
    <UnitTest name="GetActivatedOutputIconId_ShouldReturnValidUnDeactivatedOutputIconId_WhenValidDeactivatedOutputIconIdIsProvided" storage="d:\actions-runner\_work\xpco\xpco\allsolutions\..\sc\components\remoteviewer\smartclient\tst\zsmartclient_unittest\bin\x64\debug\net6.0-windows\zsmartclient_unittest.dll" id="854a54be-59a6-d3a9-c68f-32fd5f490d07">
      <TestCategory>
        <TestCategoryItem TestCategory="GisMapData.OutputOemResourcesProviderTests" />
      </TestCategory>
      <Execution id="3bf152d0-9fcc-4c5b-964f-3bf913c8df7c" />
      <TestMethod codeBase="D:\actions-runner\_work\XPCO\XPCO\AllSolutions\..\SC\Components\RemoteViewer\SmartClient\tst\zSmartClient_UnitTest\bin\x64\Debug\net6.0-windows\zSmartClient_UnitTest.dll" adapterTypeName="executor://mstestadapter/v2" className="SmartClient_UnitTest.VideoOS.RemoteClient.GisMapData.Resources.OutputOemResourcesProviderTests" name="GetActivatedOutputIconId_ShouldReturnValidUnDeactivatedOutputIconId_WhenValidDeactivatedOutputIconIdIsProvided" />
    </UnitTest>
    <UnitTest name="SerializationRoundTrip_Success" storage="d:\actions-runner\_work\xpco\xpco\allsolutions\..\sc\components\remoteviewer\smartclient\tst\zsmartclient_unittest\bin\x64\debug\net6.0-windows\zsmartclient_unittest.dll" id="49457dc4-3aa6-62c6-38a6-fe0fa14f8508">
      <TestCategory>
        <TestCategoryItem TestCategory="SearchSerialization" />
      </TestCategory>
      <Execution id="663f10f2-311a-4509-9db7-0b60b132a656" />
      <TestMethod codeBase="D:\actions-runner\_work\XPCO\XPCO\AllSolutions\..\SC\Components\RemoteViewer\SmartClient\tst\zSmartClient_UnitTest\bin\x64\Debug\net6.0-windows\zSmartClient_UnitTest.dll" adapterTypeName="executor://mstestadapter/v2" className="SmartClient_UnitTest.VideoOS.RemoteClient.Plugin.CentralizedSearch.Models.Serialization.SearchSerializerTests" name="SerializationRoundTrip_Success" />
    </UnitTest>
    <UnitTest name="LeftButtonDown_SingleClick_DoesNotZoom" storage="d:\actions-runner\_work\xpco\xpco\allsolutions\..\sc\components\remoteviewer\smartclient\tst\zsmartclient_unittest\bin\x64\debug\net6.0-windows\zsmartclient_unittest.dll" id="f7f1fade-22dc-b3ee-b4cb-477d416d63d2">
      <TestCategory>
        <TestCategoryItem TestCategory="GisMap.MapControl" />
      </TestCategory>
      <Execution id="e55d8ac7-682b-44b5-a30e-dbd023641183" />
      <TestMethod codeBase="D:\actions-runner\_work\XPCO\XPCO\AllSolutions\..\SC\Components\RemoteViewer\SmartClient\tst\zSmartClient_UnitTest\bin\x64\Debug\net6.0-windows\zSmartClient_UnitTest.dll" adapterTypeName="executor://mstestadapter/v2" className="SmartClient_UnitTest.VideoOS.RemoteClient.Plugin.GisMap.ThinkGeoMap.ThinkGeoMapControlTests" name="LeftButtonDown_SingleClick_DoesNotZoom" />
    </UnitTest>
    <UnitTest name="Warning_Shown_When_Reducing_Protection_Interval" storage="d:\actions-runner\_work\xpco\xpco\allsolutions\..\sc\components\remoteviewer\smartclient\tst\zsmartclient_unittest\bin\x64\debug\net6.0-windows\zsmartclient_unittest.dll" id="4ef99c33-c023-cc35-d098-ffd6c1e453c8">
      <Execution id="2b974696-e7f4-4c05-a7da-69129dba3302" />
      <TestMethod codeBase="D:\actions-runner\_work\XPCO\XPCO\AllSolutions\..\SC\Components\RemoteViewer\SmartClient\tst\zSmartClient_UnitTest\bin\x64\Debug\net6.0-windows\zSmartClient_UnitTest.dll" adapterTypeName="executor://mstestadapter/v2" className="SmartClient_UnitTest.VideoOS.RemoteClient.Application.Components.EvidenceLock.EvidenceLockCreateEditTests" name="Warning_Shown_When_Reducing_Protection_Interval" />
    </UnitTest>
    <UnitTest name="SearchResultCombineType_OneSearchDefinition_SearchResultCombineTypeSetToDefaultValue" storage="d:\actions-runner\_work\xpco\xpco\allsolutions\..\sc\components\remoteviewer\smartclient\tst\zsmartclient_unittest\bin\x64\debug\net6.0-windows\zsmartclient_unittest.dll" id="fc5fd650-f337-b166-89da-483c36c8a94d">
      <TestCategory>
        <TestCategoryItem TestCategory="SearchViewModels" />
      </TestCategory>
      <Execution id="0213a97b-966c-42fc-b887-0c56159d595a" />
      <TestMethod codeBase="D:\actions-runner\_work\XPCO\XPCO\AllSolutions\..\SC\Components\RemoteViewer\SmartClient\tst\zSmartClient_UnitTest\bin\x64\Debug\net6.0-windows\zSmartClient_UnitTest.dll" adapterTypeName="executor://mstestadapter/v2" className="SmartClient_UnitTest.VideoOS.RemoteClient.Plugin.CentralizedSearch.ViewModels.SearchViewModelTests" name="SearchResultCombineType_OneSearchDefinition_SearchResultCombineTypeSetToDefaultValue" />
    </UnitTest>
    <UnitTest name="ShouldReturnTrueWhenBuildingsChanged" storage="d:\actions-runner\_work\xpco\xpco\allsolutions\..\sc\components\remoteviewer\smartclient\tst\zsmartclient_unittest\bin\x64\debug\net6.0-windows\zsmartclient_unittest.dll" id="63fb96d5-d28e-59d8-da39-0b1d1307a3be">
      <TestCategory>
        <TestCategoryItem TestCategory="MipItemsUpdateStrategy" />
      </TestCategory>
      <Execution id="2efb0d90-8e74-49b0-81ac-ba28cc2b03d1" />
      <TestMethod codeBase="D:\actions-runner\_work\XPCO\XPCO\AllSolutions\..\SC\Components\RemoteViewer\SmartClient\tst\zSmartClient_UnitTest\bin\x64\Debug\net6.0-windows\zSmartClient_UnitTest.dll" adapterTypeName="executor://mstestadapter/v2" className="SmartClient_UnitTest.VideoOS.RemoteClient.Plugin.GisMap.MIP.MipItemsUpdateStrategyTests" name="ShouldReturnTrueWhenBuildingsChanged" />
    </UnitTest>
    <UnitTest name="Ctor_ValidParameterWithTimeZoneManager_Success" storage="d:\actions-runner\_work\xpco\xpco\allsolutions\..\sc\components\remoteviewer\smartclient\tst\zsmartclient_unittest\bin\x64\debug\net6.0-windows\zsmartclient_unittest.dll" id="27664859-4d07-7aa6-2422-c69fa8d16b38">
      <TestCategory>
        <TestCategoryItem TestCategory="SearchViewModels" />
      </TestCategory>
      <Execution id="ed6e3bde-1767-4f01-bb76-1822457b57ba" />
      <TestMethod codeBase="D:\actions-runner\_work\XPCO\XPCO\AllSolutions\..\SC\Components\RemoteViewer\SmartClient\tst\zSmartClient_UnitTest\bin\x64\Debug\net6.0-windows\zSmartClient_UnitTest.dll" adapterTypeName="executor://mstestadapter/v2" className="SmartClient_UnitTest.VideoOS.RemoteClient.Plugin.CentralizedSearch.ViewModels.SearchViewModelTests" name="Ctor_ValidParameterWithTimeZoneManager_Success" />
    </UnitTest>
    <UnitTest name="SearchResultsActionBarActions_EditBookmark_BookmarkServiceException_WarningDialogShown" storage="d:\actions-runner\_work\xpco\xpco\allsolutions\..\sc\components\remoteviewer\smartclient\tst\zsmartclient_unittest\bin\x64\debug\net6.0-windows\zsmartclient_unittest.dll" id="0ca96c98-4279-a38d-8923-cfc233650b07">
      <TestCategory>
        <TestCategoryItem TestCategory="SearchResultActionBarViewModel" />
      </TestCategory>
      <Execution id="f9caef3a-6ce1-49df-8d92-89c5300bdf3e" />
      <TestMethod codeBase="D:\actions-runner\_work\XPCO\XPCO\AllSolutions\..\SC\Components\RemoteViewer\SmartClient\tst\zSmartClient_UnitTest\bin\x64\Debug\net6.0-windows\zSmartClient_UnitTest.dll" adapterTypeName="executor://mstestadapter/v2" className="SmartClient_UnitTest.VideoOS.RemoteClient.Plugin.CentralizedSearch.ViewModels.SearchResultsActionBarViewModelTest" name="SearchResultsActionBarActions_EditBookmark_BookmarkServiceException_WarningDialogShown" />
    </UnitTest>
    <UnitTest name="RightButtonUp_ShouldSetActiveInteractionStateToNormal_WhenInteractionStateIsNotAddNewDevice" storage="d:\actions-runner\_work\xpco\xpco\allsolutions\..\sc\components\remoteviewer\smartclient\tst\zsmartclient_unittest\bin\x64\debug\net6.0-windows\zsmartclient_unittest.dll" id="76f114f4-6a41-0573-26af-b718e6fbb07c">
      <TestCategory>
        <TestCategoryItem TestCategory="GisMap.MapControl" />
      </TestCategory>
      <Execution id="d940d936-4e79-49ab-8d6b-c448ca7afbe8" />
      <TestMethod codeBase="D:\actions-runner\_work\XPCO\XPCO\AllSolutions\..\SC\Components\RemoteViewer\SmartClient\tst\zSmartClient_UnitTest\bin\x64\Debug\net6.0-windows\zSmartClient_UnitTest.dll" adapterTypeName="executor://mstestadapter/v2" className="SmartClient_UnitTest.VideoOS.RemoteClient.Plugin.GisMap.ThinkGeoMap.ThinkGeoMapControlTests" name="RightButtonUp_ShouldSetActiveInteractionStateToNormal_WhenInteractionStateIsNotAddNewDevice" />
    </UnitTest>
    <UnitTest name="AddSelectedWindowsToExport_ShouldShowCorrectToastMessages (5,0,5)" storage="d:\actions-runner\_work\xpco\xpco\allsolutions\..\sc\components\remoteviewer\smartclient\tst\zsmartclient_unittest\bin\x64\debug\net6.0-windows\zsmartclient_unittest.dll" id="910b3a11-f68d-a7b6-6ade-0d038502d017">
      <TestCategory>
        <TestCategoryItem TestCategory="Managers" />
      </TestCategory>
      <Execution id="8efdbe23-882c-4090-89fb-210fcef8d51b" />
      <TestMethod codeBase="D:\actions-runner\_work\XPCO\XPCO\AllSolutions\..\SC\Components\RemoteViewer\SmartClient\tst\zSmartClient_UnitTest\bin\x64\Debug\net6.0-windows\zSmartClient_UnitTest.dll" adapterTypeName="executor://mstestadapter/v2" className="SmartClient_UnitTest.VideoOS.RemoteClient.Application.Managers.ExportManagerTests" name="AddSelectedWindowsToExport_ShouldShowCorrectToastMessages" />
    </UnitTest>
    <UnitTest name="ClearCommand_Invoke_ClearsText" storage="d:\actions-runner\_work\xpco\xpco\allsolutions\..\sc\components\remoteviewer\smartclient\tst\zsmartclient_unittest\bin\x64\debug\net6.0-windows\zsmartclient_unittest.dll" id="79131a3d-642e-dea5-31f3-3e3bb8d72cf5">
      <TestCategory>
        <TestCategoryItem TestCategory="Search" />
      </TestCategory>
      <Execution id="2e1997f9-7a31-4fa0-b399-c6bda838477d" />
      <TestMethod codeBase="D:\actions-runner\_work\XPCO\XPCO\AllSolutions\..\SC\Components\RemoteViewer\SmartClient\tst\zSmartClient_UnitTest\bin\x64\Debug\net6.0-windows\zSmartClient_UnitTest.dll" adapterTypeName="executor://mstestadapter/v2" className="SmartClient_UnitTest.VideoOS.RemoteClient.Plugin.CentralizedSearch.MIPPlugin.Criteria.TextBoxAttributeEditControlTest" name="ClearCommand_Invoke_ClearsText" />
    </UnitTest>
    <UnitTest name="ShowAlreadyAddedToast_ShouldShowCorrectNumberOfToasts (1,1)" storage="d:\actions-runner\_work\xpco\xpco\allsolutions\..\sc\components\remoteviewer\smartclient\tst\zsmartclient_unittest\bin\x64\debug\net6.0-windows\zsmartclient_unittest.dll" id="35b5794f-dc92-a851-4d12-94da292a02d3">
      <TestCategory>
        <TestCategoryItem TestCategory="Managers" />
      </TestCategory>
      <Execution id="98d8e26d-fec6-4c81-934e-47eea5e675e3" />
      <TestMethod codeBase="D:\actions-runner\_work\XPCO\XPCO\AllSolutions\..\SC\Components\RemoteViewer\SmartClient\tst\zSmartClient_UnitTest\bin\x64\Debug\net6.0-windows\zSmartClient_UnitTest.dll" adapterTypeName="executor://mstestadapter/v2" className="SmartClient_UnitTest.VideoOS.RemoteClient.Application.Managers.ExportResultsNotificationHelperTests" name="ShowAlreadyAddedToast_ShouldShowCorrectNumberOfToasts" />
    </UnitTest>
    <UnitTest name="GetGisMapLayerFlyoutName_ShouldReturnOpenStreetMap_WhenGeographicLayerIsUnavailableAndAlternativeServerIsNotEmpty" storage="d:\actions-runner\_work\xpco\xpco\allsolutions\..\sc\components\remoteviewer\smartclient\tst\zsmartclient_unittest\bin\x64\debug\net6.0-windows\zsmartclient_unittest.dll" id="8655e08e-93f9-ea96-e1a5-f913a90803b9">
      <TestCategory>
        <TestCategoryItem TestCategory="GisMapData.Controllers.Osm" />
      </TestCategory>
      <Execution id="e73fbda0-4f69-434f-8e93-1139d6969725" />
      <TestMethod codeBase="D:\actions-runner\_work\XPCO\XPCO\AllSolutions\..\SC\Components\RemoteViewer\SmartClient\tst\zSmartClient_UnitTest\bin\x64\Debug\net6.0-windows\zSmartClient_UnitTest.dll" adapterTypeName="executor://mstestadapter/v2" className="SmartClient_UnitTest.VideoOS.RemoteClient.GisMapData.Controllers.Osm.GisMapOsmControllerTests" name="GetGisMapLayerFlyoutName_ShouldReturnOpenStreetMap_WhenGeographicLayerIsUnavailableAndAlternativeServerIsNotEmpty" />
    </UnitTest>
    <UnitTest name="ShowPermissionDeniedStatusBarError_ShouldSendAMessage (1,1)" storage="d:\actions-runner\_work\xpco\xpco\allsolutions\..\sc\components\remoteviewer\smartclient\tst\zsmartclient_unittest\bin\x64\debug\net6.0-windows\zsmartclient_unittest.dll" id="33fadc7a-7504-99fb-d972-36e4180a8a48">
      <TestCategory>
        <TestCategoryItem TestCategory="Managers" />
      </TestCategory>
      <Execution id="c247467f-104e-4738-a546-5946dadc1726" />
      <TestMethod codeBase="D:\actions-runner\_work\XPCO\XPCO\AllSolutions\..\SC\Components\RemoteViewer\SmartClient\tst\zSmartClient_UnitTest\bin\x64\Debug\net6.0-windows\zSmartClient_UnitTest.dll" adapterTypeName="executor://mstestadapter/v2" className="SmartClient_UnitTest.VideoOS.RemoteClient.Application.Managers.ExportResultsNotificationHelperTests" name="ShowPermissionDeniedStatusBarError_ShouldSendAMessage" />
    </UnitTest>
    <UnitTest name="NavigateAndSelectAsync_ZoomIn_ReCenterCommandEnabled" storage="d:\actions-runner\_work\xpco\xpco\allsolutions\..\sc\components\remoteviewer\smartclient\tst\zsmartclient_unittest\bin\x64\debug\net6.0-windows\zsmartclient_unittest.dll" id="ba590efe-de31-f5db-8328-f1cc3382ad35">
      <TestCategory>
        <TestCategoryItem TestCategory="GisMap.GisMapViewModel" />
      </TestCategory>
      <Execution id="60d0622e-d6d1-4705-a510-db3aec1e579b" />
      <TestMethod codeBase="D:\actions-runner\_work\XPCO\XPCO\AllSolutions\..\SC\Components\RemoteViewer\SmartClient\tst\zSmartClient_UnitTest\bin\x64\Debug\net6.0-windows\zSmartClient_UnitTest.dll" adapterTypeName="executor://mstestadapter/v2" className="SmartClient_UnitTest.VideoOS.RemoteClient.Plugin.GisMap.ViewModels.GisMapViewModelTests" name="NavigateAndSelectAsync_ZoomIn_ReCenterCommandEnabled" />
    </UnitTest>
    <UnitTest name="SelectTemplate_RangeSliderFilterConfiguration_ReturnsInlineTemplate" storage="d:\actions-runner\_work\xpco\xpco\allsolutions\..\sc\components\remoteviewer\smartclient\tst\zsmartclient_unittest\bin\x64\debug\net6.0-windows\zsmartclient_unittest.dll" id="10efcc4c-555d-12e7-645e-f8f3c9a79e16">
      <TestCategory>
        <TestCategoryItem TestCategory="SearchViews" />
      </TestCategory>
      <Execution id="96b5fc6d-7f9c-4d44-9f8c-23f2b8f1554d" />
      <TestMethod codeBase="D:\actions-runner\_work\XPCO\XPCO\AllSolutions\..\SC\Components\RemoteViewer\SmartClient\tst\zSmartClient_UnitTest\bin\x64\Debug\net6.0-windows\zSmartClient_UnitTest.dll" adapterTypeName="executor://mstestadapter/v2" className="SmartClient_UnitTest.VideoOS.RemoteClient.Plugin.CentralizedSearch.Views.AttributeEditControlTemplateSelectorTests" name="SelectTemplate_RangeSliderFilterConfiguration_ReturnsInlineTemplate" />
    </UnitTest>
    <UnitTest name="SmartMapGoToPositionHandler_WhenWindowIdDoesNotMatch_ShouldDoNothing" storage="d:\actions-runner\_work\xpco\xpco\allsolutions\..\sc\components\remoteviewer\smartclient\tst\zsmartclient_unittest\bin\x64\debug\net6.0-windows\zsmartclient_unittest.dll" id="f655cfd1-db07-f37a-bdd0-c0091f35a2db">
      <Execution id="05a033ee-b79d-4a0d-b0e9-589d1dacd27e" />
      <TestMethod codeBase="D:\actions-runner\_work\XPCO\XPCO\AllSolutions\..\SC\Components\RemoteViewer\SmartClient\tst\zSmartClient_UnitTest\bin\x64\Debug\net6.0-windows\zSmartClient_UnitTest.dll" adapterTypeName="executor://mstestadapter/v2" className="SmartClient_UnitTest.VideoOS.RemoteClient.Plugin.GisMap.MIP.ContentHolderMipMessageManagerTests" name="SmartMapGoToPositionHandler_WhenWindowIdDoesNotMatch_ShouldDoNothing" />
    </UnitTest>
    <UnitTest name="ResolveSearchDefinitions_ShouldReturnResultSearchDefinition_WhenCombinedSearchResultWithMultipleSubResultAndSearchDefinitionsContainingCorrectSearchDefinitionsAreGiven" storage="d:\actions-runner\_work\xpco\xpco\allsolutions\..\sc\components\remoteviewer\smartclient\tst\zsmartclient_unittest\bin\x64\debug\net6.0-windows\zsmartclient_unittest.dll" id="59991295-e7c5-ae1a-4d3d-515c29cc9e2b">
      <TestCategory>
        <TestCategoryItem TestCategory="Search" />
      </TestCategory>
      <Execution id="e4358c3a-2d19-429f-a215-3672bcc815f8" />
      <TestMethod codeBase="D:\actions-runner\_work\XPCO\XPCO\AllSolutions\..\SC\Components\RemoteViewer\SmartClient\tst\zSmartClient_UnitTest\bin\x64\Debug\net6.0-windows\zSmartClient_UnitTest.dll" adapterTypeName="executor://mstestadapter/v2" className="SmartClient_UnitTest.VideoOS.RemoteClient.Plugin.CentralizedSearch.Utils.SearchResultDataWrapperExtensionsTests" name="ResolveSearchDefinitions_ShouldReturnResultSearchDefinition_WhenCombinedSearchResultWithMultipleSubResultAndSearchDefinitionsContainingCorrectSearchDefinitionsAreGiven" />
    </UnitTest>
    <UnitTest name="SignUrl_WhereUrlIsNull_ThrowException" storage="d:\actions-runner\_work\xpco\xpco\allsolutions\..\sc\components\remoteviewer\smartclient\tst\zsmartclient_unittest\bin\x64\debug\net6.0-windows\zsmartclient_unittest.dll" id="4a97d8d2-9fcf-7559-c175-69939d513efc">
      <Execution id="a2ab450a-612e-4dfd-b72a-040daa5787f9" />
      <TestMethod codeBase="D:\actions-runner\_work\XPCO\XPCO\AllSolutions\..\SC\Components\RemoteViewer\SmartClient\tst\zSmartClient_UnitTest\bin\x64\Debug\net6.0-windows\zSmartClient_UnitTest.dll" adapterTypeName="executor://mstestadapter/v2" className="SmartClient_UnitTest.VideoOS.RemoteClient.Plugin.GisMap.Utilities.GoogleApiUrlTest" name="SignUrl_WhereUrlIsNull_ThrowException" />
    </UnitTest>
    <UnitTest name="ResolveSearchDefinitions_ShouldReturnResultSearchDefinition_WhenCombinedSearchResultWithMultipleSubResultAndNullSearchDefinitionsAreGiven" storage="d:\actions-runner\_work\xpco\xpco\allsolutions\..\sc\components\remoteviewer\smartclient\tst\zsmartclient_unittest\bin\x64\debug\net6.0-windows\zsmartclient_unittest.dll" id="229876bb-741e-424e-6d09-7576e2519ca6">
      <TestCategory>
        <TestCategoryItem TestCategory="Search" />
      </TestCategory>
      <Execution id="cb7bb1a7-3fea-40c7-9677-d2891dd71bb3" />
      <TestMethod codeBase="D:\actions-runner\_work\XPCO\XPCO\AllSolutions\..\SC\Components\RemoteViewer\SmartClient\tst\zSmartClient_UnitTest\bin\x64\Debug\net6.0-windows\zSmartClient_UnitTest.dll" adapterTypeName="executor://mstestadapter/v2" className="SmartClient_UnitTest.VideoOS.RemoteClient.Plugin.CentralizedSearch.Utils.SearchResultDataWrapperExtensionsTests" name="ResolveSearchDefinitions_ShouldReturnResultSearchDefinition_WhenCombinedSearchResultWithMultipleSubResultAndNullSearchDefinitionsAreGiven" />
    </UnitTest>
    <UnitTest name="AddToExportDevices_ShouldReturnCorrectResult (0,1,1)" storage="d:\actions-runner\_work\xpco\xpco\allsolutions\..\sc\components\remoteviewer\smartclient\tst\zsmartclient_unittest\bin\x64\debug\net6.0-windows\zsmartclient_unittest.dll" id="0752bb7c-c3d4-544b-c01c-361928ebd10e">
      <TestCategory>
        <TestCategoryItem TestCategory="Managers" />
      </TestCategory>
      <Execution id="93c216e7-bd1f-4428-bfe2-906043ae3ee1" />
      <TestMethod codeBase="D:\actions-runner\_work\XPCO\XPCO\AllSolutions\..\SC\Components\RemoteViewer\SmartClient\tst\zSmartClient_UnitTest\bin\x64\Debug\net6.0-windows\zSmartClient_UnitTest.dll" adapterTypeName="executor://mstestadapter/v2" className="SmartClient_UnitTest.VideoOS.RemoteClient.Application.Managers.ExportManagerTests" name="AddToExportDevices_ShouldReturnCorrectResult" />
    </UnitTest>
    <UnitTest name="SupportsRightClick_ShouldBeTrue_WhenInteractionStateIsNormal" storage="d:\actions-runner\_work\xpco\xpco\allsolutions\..\sc\components\remoteviewer\smartclient\tst\zsmartclient_unittest\bin\x64\debug\net6.0-windows\zsmartclient_unittest.dll" id="af1e35a2-62a8-4a4f-249d-2b9ad620f97f">
      <TestCategory>
        <TestCategoryItem TestCategory="GisMap.InputMarkerTest" />
      </TestCategory>
      <Execution id="1db67d88-377d-4c0a-a96a-c0370dd030b2" />
      <TestMethod codeBase="D:\actions-runner\_work\XPCO\XPCO\AllSolutions\..\SC\Components\RemoteViewer\SmartClient\tst\zSmartClient_UnitTest\bin\x64\Debug\net6.0-windows\zSmartClient_UnitTest.dll" adapterTypeName="executor://mstestadapter/v2" className="SmartClient_UnitTest.VideoOS.RemoteClient.Plugin.GisMap.ThinkGeoMap.Markers.DeviceMarkers.InputMarker.InputMarkerTests" name="SupportsRightClick_ShouldBeTrue_WhenInteractionStateIsNormal" />
    </UnitTest>
    <UnitTest name="PtzSessionController_Unregister_Camera_Test" storage="d:\actions-runner\_work\xpco\xpco\allsolutions\..\sc\components\remoteviewer\smartclient\tst\zsmartclient_unittest\bin\x64\debug\net6.0-windows\zsmartclient_unittest.dll" id="b4b53b4f-883e-94e0-fef4-aaf250b86eec">
      <Execution id="f1c76fd8-8d39-4e0c-be77-cdbc2e3cb215" />
      <TestMethod codeBase="D:\actions-runner\_work\XPCO\XPCO\AllSolutions\..\SC\Components\RemoteViewer\SmartClient\tst\zSmartClient_UnitTest\bin\x64\Debug\net6.0-windows\zSmartClient_UnitTest.dll" adapterTypeName="executor://mstestadapter/v2" className="VideoOS.RemoteClient.Application.Controllers.UnitTest.PtzSessionControllerTest" name="PtzSessionController_Unregister_Camera_Test" />
    </UnitTest>
    <UnitTest name="Ctor_NullPlugin_Throws" storage="d:\actions-runner\_work\xpco\xpco\allsolutions\..\sc\components\remoteviewer\smartclient\tst\zsmartclient_unittest\bin\x64\debug\net6.0-windows\zsmartclient_unittest.dll" id="1a5d20b5-3e71-5ce5-a87e-e4e29bb0d7d5">
      <TestCategory>
        <TestCategoryItem TestCategory="SearchResultsAction" />
      </TestCategory>
      <Execution id="a3f0a287-f602-42c9-9a48-261d62994473" />
      <TestMethod codeBase="D:\actions-runner\_work\XPCO\XPCO\AllSolutions\..\SC\Components\RemoteViewer\SmartClient\tst\zSmartClient_UnitTest\bin\x64\Debug\net6.0-windows\zSmartClient_UnitTest.dll" adapterTypeName="executor://mstestadapter/v2" className="SmartClient_UnitTest.VideoOS.RemoteClient.Plugin.CentralizedSearch.ViewModels.SearchResultsActionViewModelTests" name="Ctor_NullPlugin_Throws" />
    </UnitTest>
    <UnitTest name="CreateDefinition_StartSearch_ExecutedAfterDelay" storage="d:\actions-runner\_work\xpco\xpco\allsolutions\..\sc\components\remoteviewer\smartclient\tst\zsmartclient_unittest\bin\x64\debug\net6.0-windows\zsmartclient_unittest.dll" id="c98efbf5-2f3d-50a2-5f38-9c6abe3c1c8e">
      <TestCategory>
        <TestCategoryItem TestCategory="SearchModels" />
      </TestCategory>
      <Execution id="4adc77d0-aa58-4838-8472-592ba80ab53b" />
      <TestMethod codeBase="D:\actions-runner\_work\XPCO\XPCO\AllSolutions\..\SC\Components\RemoteViewer\SmartClient\tst\zSmartClient_UnitTest\bin\x64\Debug\net6.0-windows\zSmartClient_UnitTest.dll" adapterTypeName="executor://mstestadapter/v2" className="SmartClient_UnitTest.VideoOS.RemoteClient.Plugin.CentralizedSearch.Models.SearchModelTests" name="CreateDefinition_StartSearch_ExecutedAfterDelay" />
    </UnitTest>
    <UnitTest name="TestSaveMap_NoChanges_Success" storage="d:\actions-runner\_work\xpco\xpco\allsolutions\..\sc\components\remoteviewer\smartclient\tst\zsmartclient_unittest\bin\x64\debug\net6.0-windows\zsmartclient_unittest.dll" id="e310b5f1-c455-40bf-82e5-d008ba1db855">
      <TestCategory>
        <TestCategoryItem TestCategory="GisMap" />
      </TestCategory>
      <Execution id="7795e653-3f04-4c7b-8eac-d00912a43b0b" />
      <TestMethod codeBase="D:\actions-runner\_work\XPCO\XPCO\AllSolutions\..\SC\Components\RemoteViewer\SmartClient\tst\zSmartClient_UnitTest\bin\x64\Debug\net6.0-windows\zSmartClient_UnitTest.dll" adapterTypeName="executor://mstestadapter/v2" className="SmartClient_UnitTest.VideoOS.RemoteClient.GisMapData.GisMapBasicTests" name="TestSaveMap_NoChanges_Success" />
    </UnitTest>
    <UnitTest name="TriggerTime_ShouldBeSetToValueOfSearchResult" storage="d:\actions-runner\_work\xpco\xpco\allsolutions\..\sc\components\remoteviewer\smartclient\tst\zsmartclient_unittest\bin\x64\debug\net6.0-windows\zsmartclient_unittest.dll" id="3a324bfc-234e-c9df-2934-23de7ff42e44">
      <TestCategory>
        <TestCategoryItem TestCategory="Search.Wrappers" />
      </TestCategory>
      <Execution id="67d93f7b-8e87-4bcf-ac16-04351b299790" />
      <TestMethod codeBase="D:\actions-runner\_work\XPCO\XPCO\AllSolutions\..\SC\Components\RemoteViewer\SmartClient\tst\zSmartClient_UnitTest\bin\x64\Debug\net6.0-windows\zSmartClient_UnitTest.dll" adapterTypeName="executor://mstestadapter/v2" className="SmartClient_UnitTest.VideoOS.RemoteClient.Plugin.CentralizedSearch.Models.Wrappers.SearchResultDataWrapperTests" name="TriggerTime_ShouldBeSetToValueOfSearchResult" />
    </UnitTest>
    <UnitTest name="WaitForItemAsync_WhenNotAdded_QuitsOnTimeout" storage="d:\actions-runner\_work\xpco\xpco\allsolutions\..\sc\components\remoteviewer\smartclient\tst\zsmartclient_unittest\bin\x64\debug\net6.0-windows\zsmartclient_unittest.dll" id="0cd872bf-1428-c181-b201-48c4c96402b3">
      <Execution id="ecedb10a-086b-4893-9dd5-d8a773aa9725" />
      <TestMethod codeBase="D:\actions-runner\_work\XPCO\XPCO\AllSolutions\..\SC\Components\RemoteViewer\SmartClient\tst\zSmartClient_UnitTest\bin\x64\Debug\net6.0-windows\zSmartClient_UnitTest.dll" adapterTypeName="executor://mstestadapter/v2" className="SmartClient_UnitTest.VideoOS.RemoteClient.Plugin.GisMap.MIP.MipMapitemWaiterTests" name="WaitForItemAsync_WhenNotAdded_QuitsOnTimeout" />
    </UnitTest>
    <UnitTest name="Dispose_Success" storage="d:\actions-runner\_work\xpco\xpco\allsolutions\..\sc\components\remoteviewer\smartclient\tst\zsmartclient_unittest\bin\x64\debug\net6.0-windows\zsmartclient_unittest.dll" id="01c01ca3-1cfc-215a-ffeb-b8e6d0ef2e1f">
      <TestCategory>
        <TestCategoryItem TestCategory="Search" />
      </TestCategory>
      <Execution id="122bac00-1c56-41ee-a060-61d381dcc7b2" />
      <TestMethod codeBase="D:\actions-runner\_work\XPCO\XPCO\AllSolutions\..\SC\Components\RemoteViewer\SmartClient\tst\zSmartClient_UnitTest\bin\x64\Debug\net6.0-windows\zSmartClient_UnitTest.dll" adapterTypeName="executor://mstestadapter/v2" className="SmartClient_UnitTest.VideoOS.RemoteClient.Plugin.CentralizedSearch.ViewModels.CompositeSearchWarningViewModelTests" name="Dispose_Success" />
    </UnitTest>
    <UnitTest name="EnsureLayersOrderIsValidBy_AddLayerAt_Success" storage="d:\actions-runner\_work\xpco\xpco\allsolutions\..\sc\components\remoteviewer\smartclient\tst\zsmartclient_unittest\bin\x64\debug\net6.0-windows\zsmartclient_unittest.dll" id="043e653c-51c1-1e91-2072-c6aa4ad8dfeb">
      <TestCategory>
        <TestCategoryItem TestCategory="GisMapLayers" />
      </TestCategory>
      <Execution id="be675725-220b-4fd5-9122-daa4ae09088e" />
      <TestMethod codeBase="D:\actions-runner\_work\XPCO\XPCO\AllSolutions\..\SC\Components\RemoteViewer\SmartClient\tst\zSmartClient_UnitTest\bin\x64\Debug\net6.0-windows\zSmartClient_UnitTest.dll" adapterTypeName="executor://mstestadapter/v2" className="SmartClient_UnitTest.VideoOS.RemoteClient.GisMapData.GisMapLayerZOrderTests" name="EnsureLayersOrderIsValidBy_AddLayerAt_Success" />
    </UnitTest>
    <UnitTest name="ValidateExportFormats_SmartClientPlayerFormat_ShouldValidate" storage="d:\actions-runner\_work\xpco\xpco\allsolutions\..\sc\components\remoteviewer\smartclient\tst\zsmartclient_unittest\bin\x64\debug\net6.0-windows\zsmartclient_unittest.dll" id="69a471d5-b0a2-5fd2-ad73-823b3f723b44">
      <TestCategory>
        <TestCategoryItem TestCategory="Export" />
      </TestCategory>
      <Execution id="4f1a274e-b934-4b28-ab43-b0059f0b2838" />
      <TestMethod codeBase="D:\actions-runner\_work\XPCO\XPCO\AllSolutions\..\SC\Components\RemoteViewer\SmartClient\tst\zSmartClient_UnitTest\bin\x64\Debug\net6.0-windows\zSmartClient_UnitTest.dll" adapterTypeName="executor://mstestadapter/v2" className="SmartClient_UnitTest.VideoOS.RemoteClient.Plugin.Export.ExportDataValidatorTests" name="ValidateExportFormats_SmartClientPlayerFormat_ShouldValidate" />
    </UnitTest>
    <UnitTest name="AddSelectedWindowsToExport_ShouldAddToExportData (1)" storage="d:\actions-runner\_work\xpco\xpco\allsolutions\..\sc\components\remoteviewer\smartclient\tst\zsmartclient_unittest\bin\x64\debug\net6.0-windows\zsmartclient_unittest.dll" id="9b6f16d4-c136-10d2-3821-bfa9982ae3af">
      <TestCategory>
        <TestCategoryItem TestCategory="Managers" />
      </TestCategory>
      <Execution id="9b911599-01cc-4d19-b8de-31380be30a7f" />
      <TestMethod codeBase="D:\actions-runner\_work\XPCO\XPCO\AllSolutions\..\SC\Components\RemoteViewer\SmartClient\tst\zSmartClient_UnitTest\bin\x64\Debug\net6.0-windows\zSmartClient_UnitTest.dll" adapterTypeName="executor://mstestadapter/v2" className="SmartClient_UnitTest.VideoOS.RemoteClient.Application.Managers.ExportManagerTests" name="AddSelectedWindowsToExport_ShouldAddToExportData" />
    </UnitTest>
    <UnitTest name="AllMappingsIncluded" storage="d:\actions-runner\_work\xpco\xpco\allsolutions\..\sc\components\remoteviewer\smartclient\tst\zsmartclient_unittest\bin\x64\debug\net6.0-windows\zsmartclient_unittest.dll" id="cf366775-ad88-dfab-044d-7fd00fe030bf">
      <TestCategory>
        <TestCategoryItem TestCategory="Search" />
      </TestCategory>
      <Execution id="af704873-851d-469c-9faf-9b2a1d78ba84" />
      <TestMethod codeBase="D:\actions-runner\_work\XPCO\XPCO\AllSolutions\..\SC\Components\RemoteViewer\SmartClient\tst\zSmartClient_UnitTest\bin\x64\Debug\net6.0-windows\zSmartClient_UnitTest.dll" adapterTypeName="executor://mstestadapter/v2" className="SmartClient_UnitTest.VideoOS.RemoteClient.Plugin.CentralizedSearch.MIPPlugin.ScSearchUserControlPluginTest" name="AllMappingsIncluded" />
    </UnitTest>
    <UnitTest name="IconValueConverter_ConvertBack_Fail" storage="d:\actions-runner\_work\xpco\xpco\allsolutions\..\sc\components\remoteviewer\smartclient\tst\zsmartclient_unittest\bin\x64\debug\net6.0-windows\zsmartclient_unittest.dll" id="24aad481-07c1-3aaa-142a-c2bdd14112ca">
      <TestCategory>
        <TestCategoryItem TestCategory="SearchConverter" />
      </TestCategory>
      <Execution id="16d7bd6a-5925-4beb-97b8-bef98b9601dd" />
      <TestMethod codeBase="D:\actions-runner\_work\XPCO\XPCO\AllSolutions\..\SC\Components\RemoteViewer\SmartClient\tst\zSmartClient_UnitTest\bin\x64\Debug\net6.0-windows\zSmartClient_UnitTest.dll" adapterTypeName="executor://mstestadapter/v2" className="SmartClient_UnitTest.VideoOS.RemoteClient.Plugin.CentralizedSearch.Views.Converters.IconValueConverterTests" name="IconValueConverter_ConvertBack_Fail" />
    </UnitTest>
    <UnitTest name="CopyPasteInternalClipBoardTest" storage="d:\actions-runner\_work\xpco\xpco\allsolutions\..\sc\components\remoteviewer\smartclient\tst\zsmartclient_unittest\bin\x64\debug\net6.0-windows\zsmartclient_unittest.dll" id="91a78aeb-428a-f6ff-e2d1-52651e1feb62">
      <Execution id="68402973-3edb-45d2-9dd6-2903233a7357" />
      <TestMethod codeBase="D:\actions-runner\_work\XPCO\XPCO\AllSolutions\..\SC\Components\RemoteViewer\SmartClient\tst\zSmartClient_UnitTest\bin\x64\Debug\net6.0-windows\zSmartClient_UnitTest.dll" adapterTypeName="executor://mstestadapter/v2" className="SmartClient_UnitTest.VideoOS.RemoteClient.Application.Data.Configuration.ViewGroupClipboardManagerTest" name="CopyPasteInternalClipBoardTest" />
    </UnitTest>
    <UnitTest name="SelectOptions_ShouldNotChangeSelectedComponent_WhenGivenNonExistingComponent" storage="d:\actions-runner\_work\xpco\xpco\allsolutions\..\sc\components\remoteviewer\smartclient\tst\zsmartclient_unittest\bin\x64\debug\net6.0-windows\zsmartclient_unittest.dll" id="c3c8acd6-ab82-9706-0dfb-389b90288a20">
      <Execution id="e5e516fd-5847-4035-8021-d6c43ceab84d" />
      <TestMethod codeBase="D:\actions-runner\_work\XPCO\XPCO\AllSolutions\..\SC\Components\RemoteViewer\SmartClient\tst\zSmartClient_UnitTest\bin\x64\Debug\net6.0-windows\zSmartClient_UnitTest.dll" adapterTypeName="executor://mstestadapter/v2" className="SmartClient_UnitTest.VideoOS.RemoteClient.Application.UI.Settings.SettingsDialogViewModelTests" name="SelectOptions_ShouldNotChangeSelectedComponent_WhenGivenNonExistingComponent" />
    </UnitTest>
    <UnitTest name="EnsureLayersOrderIsValidBy_Swap201_Success" storage="d:\actions-runner\_work\xpco\xpco\allsolutions\..\sc\components\remoteviewer\smartclient\tst\zsmartclient_unittest\bin\x64\debug\net6.0-windows\zsmartclient_unittest.dll" id="b18c5783-3346-0ed2-7230-790ae4df554b">
      <TestCategory>
        <TestCategoryItem TestCategory="GisMapLayers" />
      </TestCategory>
      <Execution id="109b5b0e-355b-4b98-98a2-19fbb1023b54" />
      <TestMethod codeBase="D:\actions-runner\_work\XPCO\XPCO\AllSolutions\..\SC\Components\RemoteViewer\SmartClient\tst\zSmartClient_UnitTest\bin\x64\Debug\net6.0-windows\zSmartClient_UnitTest.dll" adapterTypeName="executor://mstestadapter/v2" className="SmartClient_UnitTest.VideoOS.RemoteClient.GisMapData.GisMapLayerZOrderTests" name="EnsureLayersOrderIsValidBy_Swap201_Success" />
    </UnitTest>
    <UnitTest name="New_related_device_added_when_unrelated_camera_added" storage="d:\actions-runner\_work\xpco\xpco\allsolutions\..\sc\components\remoteviewer\smartclient\tst\zsmartclient_unittest\bin\x64\debug\net6.0-windows\zsmartclient_unittest.dll" id="50eff704-edc5-bb65-d2be-7ddc270e7a86">
      <Execution id="adb96f2e-6497-4082-aa49-d1fc09ed7f5d" />
      <TestMethod codeBase="D:\actions-runner\_work\XPCO\XPCO\AllSolutions\..\SC\Components\RemoteViewer\SmartClient\tst\zSmartClient_UnitTest\bin\x64\Debug\net6.0-windows\zSmartClient_UnitTest.dll" adapterTypeName="executor://mstestadapter/v2" className="SmartClient_UnitTest.VideoOS.RemoteClient.Application.Components.EvidenceLock.EvidenceLockRelatedDeviceTests" name="New_related_device_added_when_unrelated_camera_added" />
    </UnitTest>
    <UnitTest name="Compare_ShouldPrioritizeCombinedResultsWithMostTriggerTimesInTimespan_WhenAllTriggerTimesAreCounted" storage="d:\actions-runner\_work\xpco\xpco\allsolutions\..\sc\components\remoteviewer\smartclient\tst\zsmartclient_unittest\bin\x64\debug\net6.0-windows\zsmartclient_unittest.dll" id="4e7ccc39-dfc0-cf1c-eb6a-128de9b59e45">
      <TestCategory>
        <TestCategoryItem TestCategory="SearchComparers" />
      </TestCategory>
      <Execution id="295770e6-d5d1-40b6-9869-ca6387d70213" />
      <TestMethod codeBase="D:\actions-runner\_work\XPCO\XPCO\AllSolutions\..\SC\Components\RemoteViewer\SmartClient\tst\zSmartClient_UnitTest\bin\x64\Debug\net6.0-windows\zSmartClient_UnitTest.dll" adapterTypeName="executor://mstestadapter/v2" className="SmartClient_UnitTest.VideoOS.RemoteClient.Plugin.CentralizedSearch.Models.Wrappers.Comparers.RelevanceComparerTests" name="Compare_ShouldPrioritizeCombinedResultsWithMostTriggerTimesInTimespan_WhenAllTriggerTimesAreCounted" />
    </UnitTest>
    <UnitTest name="GetWorkspaceToolbarItems_ShouldReturnNormalToolbarItemEnabledSetupToolbarItemDisabled_WhenWorkspaceStateIsNormal" storage="d:\actions-runner\_work\xpco\xpco\allsolutions\..\sc\components\remoteviewer\smartclient\tst\zsmartclient_unittest\bin\x64\debug\net6.0-windows\zsmartclient_unittest.dll" id="2e79e419-e74e-f445-7799-1adbaa35d399">
      <TestCategory>
        <TestCategoryItem TestCategory="WorkspaceToolbar" />
      </TestCategory>
      <Execution id="e705e547-f92e-410f-b882-8f02e8fc13b8" />
      <TestMethod codeBase="D:\actions-runner\_work\XPCO\XPCO\AllSolutions\..\SC\Components\RemoteViewer\SmartClient\tst\zSmartClient_UnitTest\bin\x64\Debug\net6.0-windows\zSmartClient_UnitTest.dll" adapterTypeName="executor://mstestadapter/v2" className="SmartClient_UnitTest.VideoOS.RemoteClient.Application.UI.Content.WorkspaceToolbar.MIPWorkspaceToolbarItemManagerTests" name="GetWorkspaceToolbarItems_ShouldReturnNormalToolbarItemEnabledSetupToolbarItemDisabled_WhenWorkspaceStateIsNormal" />
    </UnitTest>
    <UnitTest name="ApplyStatesToUi_StateWithoutItemSize_UpdateItemSizeNotCalled" storage="d:\actions-runner\_work\xpco\xpco\allsolutions\..\sc\components\remoteviewer\smartclient\tst\zsmartclient_unittest\bin\x64\debug\net6.0-windows\zsmartclient_unittest.dll" id="d075e987-3000-b723-e176-5d1d494fc6f2">
      <TestCategory>
        <TestCategoryItem TestCategory="SearchViews" />
      </TestCategory>
      <Execution id="6862f45a-1535-4768-a336-c1bc2a714e10" />
      <TestMethod codeBase="D:\actions-runner\_work\XPCO\XPCO\AllSolutions\..\SC\Components\RemoteViewer\SmartClient\tst\zSmartClient_UnitTest\bin\x64\Debug\net6.0-windows\zSmartClient_UnitTest.dll" adapterTypeName="executor://mstestadapter/v2" className="SmartClient_UnitTest.VideoOS.RemoteClient.Plugin.CentralizedSearch.Views.SearchResultsViewTests" name="ApplyStatesToUi_StateWithoutItemSize_UpdateItemSizeNotCalled" />
    </UnitTest>
    <UnitTest name="Convert_ShouldReturnTrue_WhenParameterIsEqualToValue" storage="d:\actions-runner\_work\xpco\xpco\allsolutions\..\sc\components\remoteviewer\smartclient\tst\zsmartclient_unittest\bin\x64\debug\net6.0-windows\zsmartclient_unittest.dll" id="475f68bd-aa4e-7080-1be5-54155a49acfc">
      <TestCategory>
        <TestCategoryItem TestCategory="GisMap.InteractionStateConverter" />
      </TestCategory>
      <Execution id="b126ddbf-8d68-4aee-ad34-10462d280c91" />
      <TestMethod codeBase="D:\actions-runner\_work\XPCO\XPCO\AllSolutions\..\SC\Components\RemoteViewer\SmartClient\tst\zSmartClient_UnitTest\bin\x64\Debug\net6.0-windows\zSmartClient_UnitTest.dll" adapterTypeName="executor://mstestadapter/v2" className="SmartClient_UnitTest.VideoOS.RemoteClient.Plugin.GisMap.View.InteractionStateConverterTests" name="Convert_ShouldReturnTrue_WhenParameterIsEqualToValue" />
    </UnitTest>
    <UnitTest name="GetWorkspaceToolbarItems_ShouldReturnGroupedToolbarItemAsDisabled_WhenAllSubItemsAreDisabled" storage="d:\actions-runner\_work\xpco\xpco\allsolutions\..\sc\components\remoteviewer\smartclient\tst\zsmartclient_unittest\bin\x64\debug\net6.0-windows\zsmartclient_unittest.dll" id="91423947-d9d3-4bfd-cfab-68c119421239">
      <TestCategory>
        <TestCategoryItem TestCategory="WorkspaceToolbar" />
      </TestCategory>
      <Execution id="75c780d8-d885-4f96-ba78-b9ff191cb28c" />
      <TestMethod codeBase="D:\actions-runner\_work\XPCO\XPCO\AllSolutions\..\SC\Components\RemoteViewer\SmartClient\tst\zSmartClient_UnitTest\bin\x64\Debug\net6.0-windows\zSmartClient_UnitTest.dll" adapterTypeName="executor://mstestadapter/v2" className="SmartClient_UnitTest.VideoOS.RemoteClient.Application.UI.Content.WorkspaceToolbar.MIPWorkspaceToolbarItemManagerTests" name="GetWorkspaceToolbarItems_ShouldReturnGroupedToolbarItemAsDisabled_WhenAllSubItemsAreDisabled" />
    </UnitTest>
    <UnitTest name="GetDuration_SeveralHours_Success" storage="d:\actions-runner\_work\xpco\xpco\allsolutions\..\sc\components\remoteviewer\smartclient\tst\zsmartclient_unittest\bin\x64\debug\net6.0-windows\zsmartclient_unittest.dll" id="14ce9c46-40b0-3cf1-b65d-94e20f3f850c">
      <TestCategory>
        <TestCategoryItem TestCategory="Search" />
      </TestCategory>
      <Execution id="74b6b8ab-e7dd-4300-8c2f-c9a27a98ce24" />
      <TestMethod codeBase="D:\actions-runner\_work\XPCO\XPCO\AllSolutions\..\SC\Components\RemoteViewer\SmartClient\tst\zSmartClient_UnitTest\bin\x64\Debug\net6.0-windows\zSmartClient_UnitTest.dll" adapterTypeName="executor://mstestadapter/v2" className="SmartClient_UnitTest.VideoOS.RemoteClient.Plugin.CentralizedSearch.ViewModels.Data.TimeScopeTests" name="GetDuration_SeveralHours_Success" />
    </UnitTest>
    <UnitTest name="AddSelectedCameras_TooManyCamerasSingle_AddedUntilMaxAndWarningMessageDisplayed" storage="d:\actions-runner\_work\xpco\xpco\allsolutions\..\sc\components\remoteviewer\smartclient\tst\zsmartclient_unittest\bin\x64\debug\net6.0-windows\zsmartclient_unittest.dll" id="ea8f64f7-705b-0857-7b53-590a46740227">
      <TestCategory>
        <TestCategoryItem TestCategory="SearchViewModels" />
      </TestCategory>
      <Execution id="9b338579-14fc-4dd3-95ec-8a8e38189405" />
      <TestMethod codeBase="D:\actions-runner\_work\XPCO\XPCO\AllSolutions\..\SC\Components\RemoteViewer\SmartClient\tst\zSmartClient_UnitTest\bin\x64\Debug\net6.0-windows\zSmartClient_UnitTest.dll" adapterTypeName="executor://mstestadapter/v2" className="SmartClient_UnitTest.VideoOS.RemoteClient.Plugin.CentralizedSearch.ViewModels.SearchViewModelTests" name="AddSelectedCameras_TooManyCamerasSingle_AddedUntilMaxAndWarningMessageDisplayed" />
    </UnitTest>
    <UnitTest name="Search_TokenCancelled_SearchCallNotDelegatedToSearchManager" storage="d:\actions-runner\_work\xpco\xpco\allsolutions\..\sc\components\remoteviewer\smartclient\tst\zsmartclient_unittest\bin\x64\debug\net6.0-windows\zsmartclient_unittest.dll" id="99a87674-ee88-dca5-48a5-598cbe7cb43b">
      <TestCategory>
        <TestCategoryItem TestCategory="Search" />
      </TestCategory>
      <Execution id="639775b2-3685-47c2-8a52-72e2b0a209c0" />
      <TestMethod codeBase="D:\actions-runner\_work\XPCO\XPCO\AllSolutions\..\SC\Components\RemoteViewer\SmartClient\tst\zSmartClient_UnitTest\bin\x64\Debug\net6.0-windows\zSmartClient_UnitTest.dll" adapterTypeName="executor://mstestadapter/v2" className="SmartClient_UnitTest.VideoOS.RemoteClient.Plugin.CentralizedSearch.MIPPlugin.CompositeSearchDefinitionTests" name="Search_TokenCancelled_SearchCallNotDelegatedToSearchManager" />
    </UnitTest>
    <UnitTest name="AlwaysPutSmartWallGroupLast" storage="d:\actions-runner\_work\xpco\xpco\allsolutions\..\sc\components\remoteviewer\smartclient\tst\zsmartclient_unittest\bin\x64\debug\net6.0-windows\zsmartclient_unittest.dll" id="233a6bed-ae00-b023-a337-828767e08ee8">
      <Execution id="e6c170f0-f0f7-46f4-941b-1ffa863628d4" />
      <TestMethod codeBase="D:\actions-runner\_work\XPCO\XPCO\AllSolutions\..\SC\Components\RemoteViewer\SmartClient\tst\zSmartClient_UnitTest\bin\x64\Debug\net6.0-windows\zSmartClient_UnitTest.dll" adapterTypeName="executor://mstestadapter/v2" className="SmartClient_UnitTest.VideoOS.RemoteClient.Application.UI.Common.ViewTree.SortingTests" name="AlwaysPutSmartWallGroupLast" />
    </UnitTest>
    <UnitTest name="UpdateItemState_Enabled_AllTrue" storage="d:\actions-runner\_work\xpco\xpco\allsolutions\..\sc\components\remoteviewer\smartclient\tst\zsmartclient_unittest\bin\x64\debug\net6.0-windows\zsmartclient_unittest.dll" id="ca54778c-c4c5-e9c4-6078-1f6eb9837f98">
      <TestCategory>
        <TestCategoryItem TestCategory="ContentHolderToolbar" />
      </TestCategory>
      <Execution id="e501bcbc-bdc8-4a45-98cc-a9179f6776ec" />
      <TestMethod codeBase="D:\actions-runner\_work\XPCO\XPCO\AllSolutions\..\SC\Components\RemoteViewer\SmartClient\tst\zSmartClient_UnitTest\bin\x64\Debug\net6.0-windows\zSmartClient_UnitTest.dll" adapterTypeName="executor://mstestadapter/v2" className="SmartClient_UnitTest.VideoOS.RemoteClient.Application.Data.ContentHolderToolbar.ToolBarItemSearchTests" name="UpdateItemState_Enabled_AllTrue" />
    </UnitTest>
    <UnitTest name="GetServerTypes_ShouldReturnRecordingServiceType" storage="d:\actions-runner\_work\xpco\xpco\allsolutions\..\sc\components\remoteviewer\smartclient\tst\zsmartclient_unittest\bin\x64\debug\net6.0-windows\zsmartclient_unittest.dll" id="f4609267-8826-6634-3e91-b8471488e292">
      <Execution id="248d3213-0b1e-467d-a6ec-d208b74bd4c7" />
      <TestMethod codeBase="D:\actions-runner\_work\XPCO\XPCO\AllSolutions\..\SC\Components\RemoteViewer\SmartClient\tst\zSmartClient_UnitTest\bin\x64\Debug\net6.0-windows\zSmartClient_UnitTest.dll" adapterTypeName="executor://mstestadapter/v2" className="SmartClient_UnitTest.VideoOS.RemoteClient.Application.Data.ContentTypes.ReportingContentType.DashboardExtentionsTest" name="GetServerTypes_ShouldReturnRecordingServiceType" />
    </UnitTest>
    <UnitTest name="RightClick_ShouldSetContextMenu_WhenHostIsNotContextMenuAware" storage="d:\actions-runner\_work\xpco\xpco\allsolutions\..\sc\components\remoteviewer\smartclient\tst\zsmartclient_unittest\bin\x64\debug\net6.0-windows\zsmartclient_unittest.dll" id="be46907d-a173-13ad-6a6b-f04367a3abb5">
      <TestCategory>
        <TestCategoryItem TestCategory="MapItemMarkerBase" />
      </TestCategory>
      <Execution id="0984398d-1620-44fb-b6b0-5d3b9ea08b1b" />
      <TestMethod codeBase="D:\actions-runner\_work\XPCO\XPCO\AllSolutions\..\SC\Components\RemoteViewer\SmartClient\tst\zSmartClient_UnitTest\bin\x64\Debug\net6.0-windows\zSmartClient_UnitTest.dll" adapterTypeName="executor://mstestadapter/v2" className="SmartClient_UnitTest.VideoOS.RemoteClient.Plugin.GisMap.ThinkGeoMap.Markers.MapItemMarkerBaseTests" name="RightClick_ShouldSetContextMenu_WhenHostIsNotContextMenuAware" />
    </UnitTest>
    <UnitTest name="ScrollWheelInTileLayout_ScrollDown_DecreasesItemSize" storage="d:\actions-runner\_work\xpco\xpco\allsolutions\..\sc\components\remoteviewer\smartclient\tst\zsmartclient_unittest\bin\x64\debug\net6.0-windows\zsmartclient_unittest.dll" id="fb9b27c6-d958-01c3-0bba-3a3e5a814ae8">
      <TestCategory>
        <TestCategoryItem TestCategory="SearchViews" />
      </TestCategory>
      <Execution id="4087c94c-3acc-4bf8-b486-6e3eccc40f11" />
      <TestMethod codeBase="D:\actions-runner\_work\XPCO\XPCO\AllSolutions\..\SC\Components\RemoteViewer\SmartClient\tst\zSmartClient_UnitTest\bin\x64\Debug\net6.0-windows\zSmartClient_UnitTest.dll" adapterTypeName="executor://mstestadapter/v2" className="SmartClient_UnitTest.VideoOS.RemoteClient.Plugin.CentralizedSearch.Views.SearchResultsViewTests" name="ScrollWheelInTileLayout_ScrollDown_DecreasesItemSize" />
    </UnitTest>
    <UnitTest name="Ctor_WpfMessageBoxButtonIsSetToRemoveCancel_OnlyRemoveCancelButtonsVisible" storage="d:\actions-runner\_work\xpco\xpco\allsolutions\..\sc\components\remoteviewer\smartclient\tst\zsmartclient_unittest\bin\x64\debug\net6.0-windows\zsmartclient_unittest.dll" id="07ec7b90-4f80-77d6-d19d-abca75ed0c64">
      <Execution id="a8ec0272-be95-44ed-b519-599bd79139c5" />
      <TestMethod codeBase="D:\actions-runner\_work\XPCO\XPCO\AllSolutions\..\SC\Components\RemoteViewer\SmartClient\tst\zSmartClient_UnitTest\bin\x64\Debug\net6.0-windows\zSmartClient_UnitTest.dll" adapterTypeName="executor://mstestadapter/v2" className="SmartClient_UnitTest.VideoOS.RemoteClient.Application.UI.Common.MessageBoxWithList.MessageBoxWithListViewModelTests" name="Ctor_WpfMessageBoxButtonIsSetToRemoveCancel_OnlyRemoveCancelButtonsVisible" />
    </UnitTest>
    <UnitTest name="PtzSessionController_Constructor_ArgumentNull_PtzSessionInfoCommunication_Test" storage="d:\actions-runner\_work\xpco\xpco\allsolutions\..\sc\components\remoteviewer\smartclient\tst\zsmartclient_unittest\bin\x64\debug\net6.0-windows\zsmartclient_unittest.dll" id="a6e357f5-5043-640f-dc7b-7f6d8536f9c8">
      <Execution id="59c83d42-69ca-4952-a51e-33244b196d8a" />
      <TestMethod codeBase="D:\actions-runner\_work\XPCO\XPCO\AllSolutions\..\SC\Components\RemoteViewer\SmartClient\tst\zSmartClient_UnitTest\bin\x64\Debug\net6.0-windows\zSmartClient_UnitTest.dll" adapterTypeName="executor://mstestadapter/v2" className="VideoOS.RemoteClient.Application.Controllers.UnitTest.PtzSessionControllerTest" name="PtzSessionController_Constructor_ArgumentNull_PtzSessionInfoCommunication_Test" />
    </UnitTest>
    <UnitTest name="Deserialize_FilterIdInvalid_Error" storage="d:\actions-runner\_work\xpco\xpco\allsolutions\..\sc\components\remoteviewer\smartclient\tst\zsmartclient_unittest\bin\x64\debug\net6.0-windows\zsmartclient_unittest.dll" id="126ce091-c6ba-ecff-2f2d-3c69aa56bf21">
      <TestCategory>
        <TestCategoryItem TestCategory="SearchSerialization" />
      </TestCategory>
      <Execution id="439a3c60-3b08-4ab6-80fa-e0d5e6cab50b" />
      <TestMethod codeBase="D:\actions-runner\_work\XPCO\XPCO\AllSolutions\..\SC\Components\RemoteViewer\SmartClient\tst\zSmartClient_UnitTest\bin\x64\Debug\net6.0-windows\zSmartClient_UnitTest.dll" adapterTypeName="executor://mstestadapter/v2" className="SmartClient_UnitTest.VideoOS.RemoteClient.Plugin.CentralizedSearch.Models.Serialization.SearchSerializerTests" name="Deserialize_FilterIdInvalid_Error" />
    </UnitTest>
    <UnitTest name="PtzSessionControllerInfo_TimeChangedTest_Argument_Null_2" storage="d:\actions-runner\_work\xpco\xpco\allsolutions\..\sc\components\remoteviewer\smartclient\tst\zsmartclient_unittest\bin\x64\debug\net6.0-windows\zsmartclient_unittest.dll" id="54a7733a-514e-04cf-6d1f-91eeef43fa83">
      <Execution id="af8cbdd7-b373-4384-af13-7bbad41b73b7" />
      <TestMethod codeBase="D:\actions-runner\_work\XPCO\XPCO\AllSolutions\..\SC\Components\RemoteViewer\SmartClient\tst\zSmartClient_UnitTest\bin\x64\Debug\net6.0-windows\zSmartClient_UnitTest.dll" adapterTypeName="executor://mstestadapter/v2" className="VideoOS.RemoteClient.Application.Controllers.UnitTest.PtzSessionControllerTest" name="PtzSessionControllerInfo_TimeChangedTest_Argument_Null_2" />
    </UnitTest>
    <UnitTest name="PatrollingStepListViewModel_MoveStepUpCommand" storage="d:\actions-runner\_work\xpco\xpco\allsolutions\..\sc\components\remoteviewer\smartclient\tst\zsmartclient_unittest\bin\x64\debug\net6.0-windows\zsmartclient_unittest.dll" id="ed1d90ee-8339-654e-30f1-a3356e61f489">
      <Execution id="30728181-3744-4780-ad39-8c1856830981" />
      <TestMethod codeBase="D:\actions-runner\_work\XPCO\XPCO\AllSolutions\..\SC\Components\RemoteViewer\SmartClient\tst\zSmartClient_UnitTest\bin\x64\Debug\net6.0-windows\zSmartClient_UnitTest.dll" adapterTypeName="executor://mstestadapter/v2" className="SmartClient_UnitTest.VideoOS.RemoteClient.Application.UI.PtzPreset.PatrollingViewModel.PatrollingStepListViewModelTest" name="PatrollingStepListViewModel_MoveStepUpCommand" />
    </UnitTest>
    <UnitTest name="SearchResultsActionBarActions_EditBookmark_ResultMovedOutOfSearchScope_EditBookmarkInvokedAndSearchStarted" storage="d:\actions-runner\_work\xpco\xpco\allsolutions\..\sc\components\remoteviewer\smartclient\tst\zsmartclient_unittest\bin\x64\debug\net6.0-windows\zsmartclient_unittest.dll" id="a0ce8b18-c0e1-b20c-c79e-d473edcc8518">
      <TestCategory>
        <TestCategoryItem TestCategory="SearchResultActionBarViewModel" />
      </TestCategory>
      <Execution id="0a1fb810-0ee7-4b07-8fea-efc89e834d35" />
      <TestMethod codeBase="D:\actions-runner\_work\XPCO\XPCO\AllSolutions\..\SC\Components\RemoteViewer\SmartClient\tst\zSmartClient_UnitTest\bin\x64\Debug\net6.0-windows\zSmartClient_UnitTest.dll" adapterTypeName="executor://mstestadapter/v2" className="SmartClient_UnitTest.VideoOS.RemoteClient.Plugin.CentralizedSearch.ViewModels.SearchResultsActionBarViewModelTest" name="SearchResultsActionBarActions_EditBookmark_ResultMovedOutOfSearchScope_EditBookmarkInvokedAndSearchStarted" />
    </UnitTest>
    <UnitTest name="PtzSessionControllerInfoConstructorTest_From_PtzSessionInfo_Patrolling_User" storage="d:\actions-runner\_work\xpco\xpco\allsolutions\..\sc\components\remoteviewer\smartclient\tst\zsmartclient_unittest\bin\x64\debug\net6.0-windows\zsmartclient_unittest.dll" id="073071ee-a9ec-09b5-e762-5a4e8dd50939">
      <Execution id="3e7990ed-0c3a-45c5-9ea2-f694c22982db" />
      <TestMethod codeBase="D:\actions-runner\_work\XPCO\XPCO\AllSolutions\..\SC\Components\RemoteViewer\SmartClient\tst\zSmartClient_UnitTest\bin\x64\Debug\net6.0-windows\zSmartClient_UnitTest.dll" adapterTypeName="executor://mstestadapter/v2" className="VideoOS.RemoteClient.Application.Controllers.UnitTest.PtzSessionControllerTest" name="PtzSessionControllerInfoConstructorTest_From_PtzSessionInfo_Patrolling_User" />
    </UnitTest>
    <UnitTest name="Ctor_NoSearchAgents_Throws" storage="d:\actions-runner\_work\xpco\xpco\allsolutions\..\sc\components\remoteviewer\smartclient\tst\zsmartclient_unittest\bin\x64\debug\net6.0-windows\zsmartclient_unittest.dll" id="7f664b57-7413-e68a-c6c0-a58e6b75f164">
      <TestCategory>
        <TestCategoryItem TestCategory="Search" />
      </TestCategory>
      <Execution id="5c9871ef-5459-439e-92b9-4d26b2a41d08" />
      <TestMethod codeBase="D:\actions-runner\_work\XPCO\XPCO\AllSolutions\..\SC\Components\RemoteViewer\SmartClient\tst\zSmartClient_UnitTest\bin\x64\Debug\net6.0-windows\zSmartClient_UnitTest.dll" adapterTypeName="executor://mstestadapter/v2" className="SmartClient_UnitTest.VideoOS.RemoteClient.Plugin.CentralizedSearch.MIPPlugin.CompositeSearchAgentTests" name="Ctor_NoSearchAgents_Throws" />
    </UnitTest>
    <UnitTest name="SearchResultsActionBarActions_ActionResultCreateReport_Success" storage="d:\actions-runner\_work\xpco\xpco\allsolutions\..\sc\components\remoteviewer\smartclient\tst\zsmartclient_unittest\bin\x64\debug\net6.0-windows\zsmartclient_unittest.dll" id="f5f2e97a-f5f8-6deb-42be-a32de8760af2">
      <TestCategory>
        <TestCategoryItem TestCategory="SearchResultActionBarViewModel" />
      </TestCategory>
      <Execution id="7fc57f2c-a822-449f-a54b-ddc86101cefd" />
      <TestMethod codeBase="D:\actions-runner\_work\XPCO\XPCO\AllSolutions\..\SC\Components\RemoteViewer\SmartClient\tst\zSmartClient_UnitTest\bin\x64\Debug\net6.0-windows\zSmartClient_UnitTest.dll" adapterTypeName="executor://mstestadapter/v2" className="SmartClient_UnitTest.VideoOS.RemoteClient.Plugin.CentralizedSearch.ViewModels.SearchResultsActionBarViewModelTest" name="SearchResultsActionBarActions_ActionResultCreateReport_Success" />
    </UnitTest>
    <UnitTest name="SetIncludePartialResults_ShouldNotFireEvent_WhenSameValueApplied" storage="d:\actions-runner\_work\xpco\xpco\allsolutions\..\sc\components\remoteviewer\smartclient\tst\zsmartclient_unittest\bin\x64\debug\net6.0-windows\zsmartclient_unittest.dll" id="9dd385ef-b7c1-a45d-9dea-e00dc401f11c">
      <TestCategory>
        <TestCategoryItem TestCategory="SearchResultsPreprocessor" />
      </TestCategory>
      <Execution id="d5ba8541-399e-45ba-be64-792377b8268d" />
      <TestMethod codeBase="D:\actions-runner\_work\XPCO\XPCO\AllSolutions\..\SC\Components\RemoteViewer\SmartClient\tst\zSmartClient_UnitTest\bin\x64\Debug\net6.0-windows\zSmartClient_UnitTest.dll" adapterTypeName="executor://mstestadapter/v2" className="SmartClient_UnitTest.VideoOS.RemoteClient.Plugin.CentralizedSearch.Models.SearchResultsPreprocessorTests" name="SetIncludePartialResults_ShouldNotFireEvent_WhenSameValueApplied" />
    </UnitTest>
    <UnitTest name="RemoveSelectedCameraCommand_NoCameraSelected_NoChange" storage="d:\actions-runner\_work\xpco\xpco\allsolutions\..\sc\components\remoteviewer\smartclient\tst\zsmartclient_unittest\bin\x64\debug\net6.0-windows\zsmartclient_unittest.dll" id="535a6c4c-9d95-551a-92bd-bde3b28a38d2">
      <TestCategory>
        <TestCategoryItem TestCategory="SearchViewModels" />
      </TestCategory>
      <Execution id="050b5437-07b4-4e36-8bce-68bb7ba1a2e7" />
      <TestMethod codeBase="D:\actions-runner\_work\XPCO\XPCO\AllSolutions\..\SC\Components\RemoteViewer\SmartClient\tst\zSmartClient_UnitTest\bin\x64\Debug\net6.0-windows\zSmartClient_UnitTest.dll" adapterTypeName="executor://mstestadapter/v2" className="SmartClient_UnitTest.VideoOS.RemoteClient.Plugin.CentralizedSearch.ViewModels.SearchViewModelTests" name="RemoveSelectedCameraCommand_NoCameraSelected_NoChange" />
    </UnitTest>
    <UnitTest name="Map_Layers_AddRangeDirectly_Fail" storage="d:\actions-runner\_work\xpco\xpco\allsolutions\..\sc\components\remoteviewer\smartclient\tst\zsmartclient_unittest\bin\x64\debug\net6.0-windows\zsmartclient_unittest.dll" id="3377fc03-ebfb-5203-3a6a-1a517b97bfcd">
      <TestCategory>
        <TestCategoryItem TestCategory="GisMapLayers" />
      </TestCategory>
      <Execution id="bbea28a5-3d6b-44ef-bf3b-dad1183e6a06" />
      <TestMethod codeBase="D:\actions-runner\_work\XPCO\XPCO\AllSolutions\..\SC\Components\RemoteViewer\SmartClient\tst\zSmartClient_UnitTest\bin\x64\Debug\net6.0-windows\zSmartClient_UnitTest.dll" adapterTypeName="executor://mstestadapter/v2" className="SmartClient_UnitTest.VideoOS.RemoteClient.GisMapData.GisMapLayerTests" name="Map_Layers_AddRangeDirectly_Fail" />
    </UnitTest>
    <UnitTest name="TestTaskCreation" storage="d:\actions-runner\_work\xpco\xpco\allsolutions\..\sc\components\remoteviewer\smartclient\tst\zsmartclient_unittest\bin\x64\debug\net6.0-windows\zsmartclient_unittest.dll" id="0a4bd700-62ec-92c2-9d2a-4cd013e53bcb">
      <Execution id="3007268b-471e-4ce3-b61d-5704b55e2b89" />
      <TestMethod codeBase="D:\actions-runner\_work\XPCO\XPCO\AllSolutions\..\SC\Components\RemoteViewer\SmartClient\tst\zSmartClient_UnitTest\bin\x64\Debug\net6.0-windows\zSmartClient_UnitTest.dll" adapterTypeName="executor://mstestadapter/v2" className="SmartClient_UnitTest.VideoOS.RemoteClient.Application.Managers.EdgeRetrievalTaskManagerUnitTest" name="TestTaskCreation" />
    </UnitTest>
    <UnitTest name="SearchCriteriaOnChanged_ShouldUpdateRegionSelectionFilterValue_WhenCameraScopeIsUpdated" storage="d:\actions-runner\_work\xpco\xpco\allsolutions\..\sc\components\remoteviewer\smartclient\tst\zsmartclient_unittest\bin\x64\debug\net6.0-windows\zsmartclient_unittest.dll" id="a2d013ca-7402-4f94-4ab9-860cc766f7d2">
      <TestCategory>
        <TestCategoryItem TestCategory="Search.Wrappers" />
      </TestCategory>
      <Execution id="6e499952-b1e4-4345-b5e0-bb965416006d" />
      <TestMethod codeBase="D:\actions-runner\_work\XPCO\XPCO\AllSolutions\..\SC\Components\RemoteViewer\SmartClient\tst\zSmartClient_UnitTest\bin\x64\Debug\net6.0-windows\zSmartClient_UnitTest.dll" adapterTypeName="executor://mstestadapter/v2" className="SmartClient_UnitTest.VideoOS.RemoteClient.Plugin.CentralizedSearch.Models.Wrappers.SearchDefinitionWrapperTests" name="SearchCriteriaOnChanged_ShouldUpdateRegionSelectionFilterValue_WhenCameraScopeIsUpdated" />
    </UnitTest>
    <UnitTest name="ChangeSorting_WithFocusItem_Success" storage="d:\actions-runner\_work\xpco\xpco\allsolutions\..\sc\components\remoteviewer\smartclient\tst\zsmartclient_unittest\bin\x64\debug\net6.0-windows\zsmartclient_unittest.dll" id="1e94fe66-ebdd-242f-d52f-6bae60dddc8c">
      <TestCategory>
        <TestCategoryItem TestCategory="SearchViewModels" />
      </TestCategory>
      <Execution id="4a13f739-2b68-4522-b2ba-43b5a7d7a02c" />
      <TestMethod codeBase="D:\actions-runner\_work\XPCO\XPCO\AllSolutions\..\SC\Components\RemoteViewer\SmartClient\tst\zSmartClient_UnitTest\bin\x64\Debug\net6.0-windows\zSmartClient_UnitTest.dll" adapterTypeName="executor://mstestadapter/v2" className="SmartClient_UnitTest.VideoOS.RemoteClient.Plugin.CentralizedSearch.ViewModels.SearchViewModelTests" name="ChangeSorting_WithFocusItem_Success" />
    </UnitTest>
    <UnitTest name="LoadStateFrom_OrderResultsBy_RelevanceNotAllowed_ShouldChangeToNewestTriggerTime" storage="d:\actions-runner\_work\xpco\xpco\allsolutions\..\sc\components\remoteviewer\smartclient\tst\zsmartclient_unittest\bin\x64\debug\net6.0-windows\zsmartclient_unittest.dll" id="aad983c5-8e27-f320-9ef1-f25fd06b1fff">
      <TestCategory>
        <TestCategoryItem TestCategory="SearchResultViewModels" />
      </TestCategory>
      <Execution id="3f76a5e1-89f8-48a0-9977-3a4feacffe29" />
      <TestMethod codeBase="D:\actions-runner\_work\XPCO\XPCO\AllSolutions\..\SC\Components\RemoteViewer\SmartClient\tst\zSmartClient_UnitTest\bin\x64\Debug\net6.0-windows\zSmartClient_UnitTest.dll" adapterTypeName="executor://mstestadapter/v2" className="SmartClient_UnitTest.VideoOS.RemoteClient.Plugin.CentralizedSearch.ViewModels.SearchResultsViewModelTest" name="LoadStateFrom_OrderResultsBy_RelevanceNotAllowed_ShouldChangeToNewestTriggerTime" />
    </UnitTest>
    <UnitTest name="PtzSessionControllerInfo_ReservedChangedTest_NoChange" storage="d:\actions-runner\_work\xpco\xpco\allsolutions\..\sc\components\remoteviewer\smartclient\tst\zsmartclient_unittest\bin\x64\debug\net6.0-windows\zsmartclient_unittest.dll" id="f701d271-970d-88b5-079f-6601babfed26">
      <Execution id="43847d46-6176-4ecb-bfc4-7bd238fcc2b5" />
      <TestMethod codeBase="D:\actions-runner\_work\XPCO\XPCO\AllSolutions\..\SC\Components\RemoteViewer\SmartClient\tst\zSmartClient_UnitTest\bin\x64\Debug\net6.0-windows\zSmartClient_UnitTest.dll" adapterTypeName="executor://mstestadapter/v2" className="VideoOS.RemoteClient.Application.Controllers.UnitTest.PtzSessionControllerTest" name="PtzSessionControllerInfo_ReservedChangedTest_NoChange" />
    </UnitTest>
    <UnitTest name="MicrophoneItemsMapLayer_Load_Save_DataIsSame" storage="d:\actions-runner\_work\xpco\xpco\allsolutions\..\sc\components\remoteviewer\smartclient\tst\zsmartclient_unittest\bin\x64\debug\net6.0-windows\zsmartclient_unittest.dll" id="58078e76-fc8c-090d-f603-a4db3d83abcc">
      <TestCategory>
        <TestCategoryItem TestCategory="GisMapLayer" />
      </TestCategory>
      <Execution id="79b99eb5-e184-49ff-9939-23792877e683" />
      <TestMethod codeBase="D:\actions-runner\_work\XPCO\XPCO\AllSolutions\..\SC\Components\RemoteViewer\SmartClient\tst\zSmartClient_UnitTest\bin\x64\Debug\net6.0-windows\zSmartClient_UnitTest.dll" adapterTypeName="executor://mstestadapter/v2" className="SmartClient_UnitTest.VideoOS.RemoteClient.GisMap.MapLayers.GisMapLayerTests" name="MicrophoneItemsMapLayer_Load_Save_DataIsSame" />
    </UnitTest>
    <UnitTest name="Decorate_ShouldNotAddChildren_WhenThereIsCameraLayerButNotViewZoneLayer" storage="d:\actions-runner\_work\xpco\xpco\allsolutions\..\sc\components\remoteviewer\smartclient\tst\zsmartclient_unittest\bin\x64\debug\net6.0-windows\zsmartclient_unittest.dll" id="369c6e4e-5e84-29f7-23b9-0a90869fcac4">
      <TestCategory>
        <TestCategoryItem TestCategory="GisMap.LayerVisibilityItemDataChildrenViewZoneDecoratorTests" />
      </TestCategory>
      <Execution id="9489b29c-be73-4c4b-8239-040e54e040f9" />
      <TestMethod codeBase="D:\actions-runner\_work\XPCO\XPCO\AllSolutions\..\SC\Components\RemoteViewer\SmartClient\tst\zSmartClient_UnitTest\bin\x64\Debug\net6.0-windows\zSmartClient_UnitTest.dll" adapterTypeName="executor://mstestadapter/v2" className="SmartClient_UnitTest.VideoOS.RemoteClient.Plugin.GisMap.ViewModels.LayersVisibility.Decorators.LayerVisibilityItemDataChildrenViewZoneDecoratorTests" name="Decorate_ShouldNotAddChildren_WhenThereIsCameraLayerButNotViewZoneLayer" />
    </UnitTest>
    <UnitTest name="UpdateScope_NoChanges_ReturnsFalse" storage="d:\actions-runner\_work\xpco\xpco\allsolutions\..\sc\components\remoteviewer\smartclient\tst\zsmartclient_unittest\bin\x64\debug\net6.0-windows\zsmartclient_unittest.dll" id="8d0f5bca-e5ea-0fcc-cf70-4bf5237286c3">
      <TestCategory>
        <TestCategoryItem TestCategory="SearchModels" />
      </TestCategory>
      <Execution id="c4024871-b7b8-45b2-ad22-c6bd72fec945" />
      <TestMethod codeBase="D:\actions-runner\_work\XPCO\XPCO\AllSolutions\..\SC\Components\RemoteViewer\SmartClient\tst\zSmartClient_UnitTest\bin\x64\Debug\net6.0-windows\zSmartClient_UnitTest.dll" adapterTypeName="executor://mstestadapter/v2" className="SmartClient_UnitTest.VideoOS.RemoteClient.Plugin.CentralizedSearch.Models.SearchScopeTests" name="UpdateScope_NoChanges_ReturnsFalse" />
    </UnitTest>
    <UnitTest name="GetWorkspaceToolbarItems_ShouldReturnNormalToolbarItemDisabledSetupToolbarItemEnabled_WhenWorkspaceStateIsSetup" storage="d:\actions-runner\_work\xpco\xpco\allsolutions\..\sc\components\remoteviewer\smartclient\tst\zsmartclient_unittest\bin\x64\debug\net6.0-windows\zsmartclient_unittest.dll" id="c2f67433-8910-98a5-d9a8-3181ecfa6a6e">
      <TestCategory>
        <TestCategoryItem TestCategory="WorkspaceToolbar" />
      </TestCategory>
      <Execution id="21e2cc61-03a6-4069-b775-cddf525e9306" />
      <TestMethod codeBase="D:\actions-runner\_work\XPCO\XPCO\AllSolutions\..\SC\Components\RemoteViewer\SmartClient\tst\zSmartClient_UnitTest\bin\x64\Debug\net6.0-windows\zSmartClient_UnitTest.dll" adapterTypeName="executor://mstestadapter/v2" className="SmartClient_UnitTest.VideoOS.RemoteClient.Application.UI.Content.WorkspaceToolbar.MIPWorkspaceToolbarItemManagerTests" name="GetWorkspaceToolbarItems_ShouldReturnNormalToolbarItemDisabledSetupToolbarItemEnabled_WhenWorkspaceStateIsSetup" />
    </UnitTest>
    <UnitTest name="GetViewGroups" storage="d:\actions-runner\_work\xpco\xpco\allsolutions\..\sc\components\remoteviewer\smartclient\tst\zsmartclient_unittest\bin\x64\debug\net6.0-windows\zsmartclient_unittest.dll" id="15f7fdde-30c5-c5bb-c91a-0ce0590214e2">
      <Execution id="80a591f3-d46c-4ea0-8e23-fb0666aaf445" />
      <TestMethod codeBase="D:\actions-runner\_work\XPCO\XPCO\AllSolutions\..\SC\Components\RemoteViewer\SmartClient\tst\zSmartClient_UnitTest\bin\x64\Debug\net6.0-windows\zSmartClient_UnitTest.dll" adapterTypeName="executor://mstestadapter/v2" className="SmartClient_UnitTest.VideoOS.Shared.ViewGroupSerializationControllerTests" name="GetViewGroups" />
    </UnitTest>
    <UnitTest name="GetResultGroups_ShouldReturnOnlyCombinedGroup_WhenAllResultsAreCombined" storage="d:\actions-runner\_work\xpco\xpco\allsolutions\..\sc\components\remoteviewer\smartclient\tst\zsmartclient_unittest\bin\x64\debug\net6.0-windows\zsmartclient_unittest.dll" id="7cda1263-ac69-512e-7ac9-aa77b99959cd">
      <TestCategory>
        <TestCategoryItem TestCategory="SearchResultActionBarViewModel" />
      </TestCategory>
      <Execution id="cc89b01d-adf1-4f11-b46d-0135014b86aa" />
      <TestMethod codeBase="D:\actions-runner\_work\XPCO\XPCO\AllSolutions\..\SC\Components\RemoteViewer\SmartClient\tst\zSmartClient_UnitTest\bin\x64\Debug\net6.0-windows\zSmartClient_UnitTest.dll" adapterTypeName="executor://mstestadapter/v2" className="SmartClient_UnitTest.VideoOS.RemoteClient.Plugin.CentralizedSearch.ViewModels.SearchResultsActionBarViewModelTest" name="GetResultGroups_ShouldReturnOnlyCombinedGroup_WhenAllResultsAreCombined" />
    </UnitTest>
    <UnitTest name="ToDenormalizedFieldOfView_GreaterThan1_0_Failure" storage="d:\actions-runner\_work\xpco\xpco\allsolutions\..\sc\components\remoteviewer\smartclient\tst\zsmartclient_unittest\bin\x64\debug\net6.0-windows\zsmartclient_unittest.dll" id="68a0cb09-28c6-2900-d9b8-f1de6e183f62">
      <TestCategory>
        <TestCategoryItem TestCategory="GisMap" />
      </TestCategory>
      <Execution id="9b0c91af-7360-4ab5-8d70-7ca1d9a917b6" />
      <TestMethod codeBase="D:\actions-runner\_work\XPCO\XPCO\AllSolutions\..\SC\Components\RemoteViewer\SmartClient\tst\zSmartClient_UnitTest\bin\x64\Debug\net6.0-windows\zSmartClient_UnitTest.dll" adapterTypeName="executor://mstestadapter/v2" className="SmartClient_UnitTest.VideoOS.RemoteClient.GisMap.Utilities.GisUtilityTests" name="ToDenormalizedFieldOfView_GreaterThan1_0_Failure" />
    </UnitTest>
    <UnitTest name="OutputIconStates_ShouldReturnOutputIconStatesInAProperOrder_WhenCalled" storage="d:\actions-runner\_work\xpco\xpco\allsolutions\..\sc\components\remoteviewer\smartclient\tst\zsmartclient_unittest\bin\x64\debug\net6.0-windows\zsmartclient_unittest.dll" id="3b017c71-375f-442c-f7b3-12802f145c64">
      <TestCategory>
        <TestCategoryItem TestCategory="GisMapData.OutputOemResourcesProviderTests" />
      </TestCategory>
      <Execution id="41e4218b-88b7-4c7e-b61d-a078aa3d11da" />
      <TestMethod codeBase="D:\actions-runner\_work\XPCO\XPCO\AllSolutions\..\SC\Components\RemoteViewer\SmartClient\tst\zSmartClient_UnitTest\bin\x64\Debug\net6.0-windows\zSmartClient_UnitTest.dll" adapterTypeName="executor://mstestadapter/v2" className="SmartClient_UnitTest.VideoOS.RemoteClient.GisMapData.Resources.OutputOemResourcesProviderTests" name="OutputIconStates_ShouldReturnOutputIconStatesInAProperOrder_WhenCalled" />
    </UnitTest>
    <UnitTest name="CameraSearch_ShouldBeRenewed_WhenSystemInformationChanges" storage="d:\actions-runner\_work\xpco\xpco\allsolutions\..\sc\components\remoteviewer\smartclient\tst\zsmartclient_unittest\bin\x64\debug\net6.0-windows\zsmartclient_unittest.dll" id="597f2f58-81bb-4d82-b5c8-d8c0619f1925">
      <TestCategory>
        <TestCategoryItem TestCategory="SearchViewModels" />
      </TestCategory>
      <Execution id="511af7e7-8cc7-4858-94ea-0b86d236a490" />
      <TestMethod codeBase="D:\actions-runner\_work\XPCO\XPCO\AllSolutions\..\SC\Components\RemoteViewer\SmartClient\tst\zSmartClient_UnitTest\bin\x64\Debug\net6.0-windows\zSmartClient_UnitTest.dll" adapterTypeName="executor://mstestadapter/v2" className="SmartClient_UnitTest.VideoOS.RemoteClient.Plugin.CentralizedSearch.ViewModels.SearchViewModelTests" name="CameraSearch_ShouldBeRenewed_WhenSystemInformationChanges" />
    </UnitTest>
    <UnitTest name="ShowPermissionDeniedStatusBarError_ShouldSendAMessage (5,1)" storage="d:\actions-runner\_work\xpco\xpco\allsolutions\..\sc\components\remoteviewer\smartclient\tst\zsmartclient_unittest\bin\x64\debug\net6.0-windows\zsmartclient_unittest.dll" id="8b4713f9-68f1-4919-7ef6-846f4eb9b2ba">
      <TestCategory>
        <TestCategoryItem TestCategory="Managers" />
      </TestCategory>
      <Execution id="15ff8fee-7b3b-4227-840d-e3f17e5a06a9" />
      <TestMethod codeBase="D:\actions-runner\_work\XPCO\XPCO\AllSolutions\..\SC\Components\RemoteViewer\SmartClient\tst\zSmartClient_UnitTest\bin\x64\Debug\net6.0-windows\zSmartClient_UnitTest.dll" adapterTypeName="executor://mstestadapter/v2" className="SmartClient_UnitTest.VideoOS.RemoteClient.Application.Managers.ExportResultsNotificationHelperTests" name="ShowPermissionDeniedStatusBarError_ShouldSendAMessage" />
    </UnitTest>
    <UnitTest name="IconValueConverter_ConvertInvalidIconSource_Null" storage="d:\actions-runner\_work\xpco\xpco\allsolutions\..\sc\components\remoteviewer\smartclient\tst\zsmartclient_unittest\bin\x64\debug\net6.0-windows\zsmartclient_unittest.dll" id="dc138ee9-21ff-a5b7-13f9-f62a771c926b">
      <TestCategory>
        <TestCategoryItem TestCategory="SearchConverter" />
      </TestCategory>
      <Execution id="5d509c92-8af8-4766-a6ae-8c07fa78bfec" />
      <TestMethod codeBase="D:\actions-runner\_work\XPCO\XPCO\AllSolutions\..\SC\Components\RemoteViewer\SmartClient\tst\zSmartClient_UnitTest\bin\x64\Debug\net6.0-windows\zSmartClient_UnitTest.dll" adapterTypeName="executor://mstestadapter/v2" className="SmartClient_UnitTest.VideoOS.RemoteClient.Plugin.CentralizedSearch.Views.Converters.IconValueConverterTests" name="IconValueConverter_ConvertInvalidIconSource_Null" />
    </UnitTest>
    <UnitTest name="ClipLength_ValueCorrect" storage="d:\actions-runner\_work\xpco\xpco\allsolutions\..\sc\components\remoteviewer\smartclient\tst\zsmartclient_unittest\bin\x64\debug\net6.0-windows\zsmartclient_unittest.dll" id="406cee59-f4cd-7984-c0a3-27cb754058dc">
      <Execution id="1ac83c2f-5c64-436c-887e-11678ba00957" />
      <TestMethod codeBase="D:\actions-runner\_work\XPCO\XPCO\AllSolutions\..\SC\Components\RemoteViewer\SmartClient\tst\zSmartClient_UnitTest\bin\x64\Debug\net6.0-windows\zSmartClient_UnitTest.dll" adapterTypeName="executor://mstestadapter/v2" className="SmartClient_UnitTest.VideoOS.RemoteClient.Plugin.CentralizedSearch.MIPPlugin.Results.VideoSearchResultUserControlTests" name="ClipLength_ValueCorrect" />
    </UnitTest>
    <UnitTest name="RemoveItems_ThreeMapItems_ThreeClusterChanges" storage="d:\actions-runner\_work\xpco\xpco\allsolutions\..\sc\components\remoteviewer\smartclient\tst\zsmartclient_unittest\bin\x64\debug\net6.0-windows\zsmartclient_unittest.dll" id="ebac5c23-cf94-d057-1e07-261b56c40f5f">
      <TestCategory>
        <TestCategoryItem TestCategory="GisMapIndex" />
      </TestCategory>
      <Execution id="6e04eeef-2925-4f40-bfdc-1d577572f51f" />
      <TestMethod codeBase="D:\actions-runner\_work\XPCO\XPCO\AllSolutions\..\SC\Components\RemoteViewer\SmartClient\tst\zSmartClient_UnitTest\bin\x64\Debug\net6.0-windows\zSmartClient_UnitTest.dll" adapterTypeName="executor://mstestadapter/v2" className="SmartClient_UnitTest.VideoOS.RemoteClient.GisMapData.Common.Indexer.MapItemIndexerTests" name="RemoveItems_ThreeMapItems_ThreeClusterChanges" />
    </UnitTest>
    <UnitTest name="PtzPresetsMenuViewModelConstructorTest" storage="d:\actions-runner\_work\xpco\xpco\allsolutions\..\sc\components\remoteviewer\smartclient\tst\zsmartclient_unittest\bin\x64\debug\net6.0-windows\zsmartclient_unittest.dll" id="d710cb6b-c383-23e9-04a7-380523480bf6">
      <Execution id="e943500d-19ca-4d97-816c-970a148f4a48" />
      <TestMethod codeBase="D:\actions-runner\_work\XPCO\XPCO\AllSolutions\..\SC\Components\RemoteViewer\SmartClient\tst\zSmartClient_UnitTest\bin\x64\Debug\net6.0-windows\zSmartClient_UnitTest.dll" adapterTypeName="executor://mstestadapter/v2" className="SmartClient_UnitTest.VideoOS.RemoteClient.Plugin.Map.WPFObjects.PtzInfoViewModelUnitTest" name="PtzPresetsMenuViewModelConstructorTest" />
    </UnitTest>
    <UnitTest name="SearchTemplatesEnabled_SaveSearchesServerOptionIsFalse_ReturnsFalse" storage="d:\actions-runner\_work\xpco\xpco\allsolutions\..\sc\components\remoteviewer\smartclient\tst\zsmartclient_unittest\bin\x64\debug\net6.0-windows\zsmartclient_unittest.dll" id="faf9bd45-1e34-2d61-de4a-11b39437c102">
      <TestCategory>
        <TestCategoryItem TestCategory="SearchViewModels" />
      </TestCategory>
      <Execution id="46280dcc-376e-49bb-b2f3-bd2347d2a858" />
      <TestMethod codeBase="D:\actions-runner\_work\XPCO\XPCO\AllSolutions\..\SC\Components\RemoteViewer\SmartClient\tst\zSmartClient_UnitTest\bin\x64\Debug\net6.0-windows\zSmartClient_UnitTest.dll" adapterTypeName="executor://mstestadapter/v2" className="SmartClient_UnitTest.VideoOS.RemoteClient.Plugin.CentralizedSearch.ViewModels.SearchViewModelTests" name="SearchTemplatesEnabled_SaveSearchesServerOptionIsFalse_ReturnsFalse" />
    </UnitTest>
    <UnitTest name="RemoveDefinition_WithRunningSearch_SearchCancelledAndResultsCleared" storage="d:\actions-runner\_work\xpco\xpco\allsolutions\..\sc\components\remoteviewer\smartclient\tst\zsmartclient_unittest\bin\x64\debug\net6.0-windows\zsmartclient_unittest.dll" id="90f737d2-bf89-5d2f-b28c-8cecebbed027">
      <TestCategory>
        <TestCategoryItem TestCategory="SearchModels" />
      </TestCategory>
      <Execution id="24a37234-f323-42f7-9c67-0bce37c9097d" />
      <TestMethod codeBase="D:\actions-runner\_work\XPCO\XPCO\AllSolutions\..\SC\Components\RemoteViewer\SmartClient\tst\zSmartClient_UnitTest\bin\x64\Debug\net6.0-windows\zSmartClient_UnitTest.dll" adapterTypeName="executor://mstestadapter/v2" className="SmartClient_UnitTest.VideoOS.RemoteClient.Plugin.CentralizedSearch.Models.SearchModelTests" name="RemoveDefinition_WithRunningSearch_SearchCancelledAndResultsCleared" />
    </UnitTest>
    <UnitTest name="IncludeViewItemToggledEvent_ShouldRemoveViewItemFromIncludedViewItems_WhenIncludedIsFalseOnContentHolderControl" storage="d:\actions-runner\_work\xpco\xpco\allsolutions\..\sc\components\remoteviewer\smartclient\tst\zsmartclient_unittest\bin\x64\debug\net6.0-windows\zsmartclient_unittest.dll" id="add54532-7e20-f473-1fef-d0865cc9a84b">
      <TestCategory>
        <TestCategoryItem TestCategory="ContentHolder" />
      </TestCategory>
      <Execution id="46f89e88-34e5-4039-a9af-fc6080f35780" />
      <TestMethod codeBase="D:\actions-runner\_work\XPCO\XPCO\AllSolutions\..\SC\Components\RemoteViewer\SmartClient\tst\zSmartClient_UnitTest\bin\x64\Debug\net6.0-windows\zSmartClient_UnitTest.dll" adapterTypeName="executor://mstestadapter/v2" className="SmartClient_UnitTest.VideoOS.RemoteClient.Application.Data.ContentTypes.ContentTypeBase.ContentHolderBaseTests" name="IncludeViewItemToggledEvent_ShouldRemoveViewItemFromIncludedViewItems_WhenIncludedIsFalseOnContentHolderControl" />
    </UnitTest>
    <UnitTest name="Default, forced" storage="d:\actions-runner\_work\xpco\xpco\allsolutions\..\sc\components\remoteviewer\smartclient\tst\zsmartclient_unittest\bin\x64\debug\net6.0-windows\zsmartclient_unittest.dll" id="97b87b4d-cfe7-7480-934f-f0762a4a3500">
      <TestCategory>
        <TestCategoryItem TestCategory="Export" />
      </TestCategory>
      <Execution id="ee691541-93b4-4824-8bdb-3bc43647f627" />
      <TestMethod codeBase="D:\actions-runner\_work\XPCO\XPCO\AllSolutions\..\SC\Components\RemoteViewer\SmartClient\tst\zSmartClient_UnitTest\bin\x64\Debug\net6.0-windows\zSmartClient_UnitTest.dll" adapterTypeName="executor://mstestadapter/v2" className="SmartClient_UnitTest.VideoOS.RemoteClient.Plugin.Export.CreateExportDialogViewModelTests" name="CreateExportDialog_ExportPathCanBeModified_BasedOnOptions" />
    </UnitTest>
    <UnitTest name="Constructor_ShouldRaiseArgumentNullException_WhenWorkroomIsNull" storage="d:\actions-runner\_work\xpco\xpco\allsolutions\..\sc\components\remoteviewer\smartclient\tst\zsmartclient_unittest\bin\x64\debug\net6.0-windows\zsmartclient_unittest.dll" id="8ac6bfd4-1fa8-6445-4d9e-b8a25f795922">
      <TestCategory>
        <TestCategoryItem TestCategory="GisMap.DeviceSelectorWindowViewModel" />
      </TestCategory>
      <Execution id="10539639-d34c-436a-bec8-35966bee4568" />
      <TestMethod codeBase="D:\actions-runner\_work\XPCO\XPCO\AllSolutions\..\SC\Components\RemoteViewer\SmartClient\tst\zSmartClient_UnitTest\bin\x64\Debug\net6.0-windows\zSmartClient_UnitTest.dll" adapterTypeName="executor://mstestadapter/v2" className="SmartClient_UnitTest.VideoOS.RemoteClient.Plugin.GisMap.ViewModels.DeviceSelectorWindowViewModelTests" name="Constructor_ShouldRaiseArgumentNullException_WhenWorkroomIsNull" />
    </UnitTest>
    <UnitTest name="PatrollingProfileListViewModel_Save_CreateProfile_Failed" storage="d:\actions-runner\_work\xpco\xpco\allsolutions\..\sc\components\remoteviewer\smartclient\tst\zsmartclient_unittest\bin\x64\debug\net6.0-windows\zsmartclient_unittest.dll" id="199e5799-986d-710e-fa92-973a198651af">
      <Execution id="b5b286b9-e285-4029-ad5c-80f950b276d0" />
      <TestMethod codeBase="D:\actions-runner\_work\XPCO\XPCO\AllSolutions\..\SC\Components\RemoteViewer\SmartClient\tst\zSmartClient_UnitTest\bin\x64\Debug\net6.0-windows\zSmartClient_UnitTest.dll" adapterTypeName="executor://mstestadapter/v2" className="SmartClient_UnitTest.VideoOS.RemoteClient.Application.UI.PtzPreset.PatrollingViewModel.PatrollingProfileListViewModelTest" name="PatrollingProfileListViewModel_Save_CreateProfile_Failed" />
    </UnitTest>
    <UnitTest name="GetServerTypes_ShouldReturnEventServerType" storage="d:\actions-runner\_work\xpco\xpco\allsolutions\..\sc\components\remoteviewer\smartclient\tst\zsmartclient_unittest\bin\x64\debug\net6.0-windows\zsmartclient_unittest.dll" id="f7818ee3-e956-b295-d253-9fdf096ceee7">
      <Execution id="a9f8c35c-8837-40a6-9735-ae0dbff40d98" />
      <TestMethod codeBase="D:\actions-runner\_work\XPCO\XPCO\AllSolutions\..\SC\Components\RemoteViewer\SmartClient\tst\zSmartClient_UnitTest\bin\x64\Debug\net6.0-windows\zSmartClient_UnitTest.dll" adapterTypeName="executor://mstestadapter/v2" className="SmartClient_UnitTest.VideoOS.RemoteClient.Application.Data.ContentTypes.ReportingContentType.DashboardExtentionsTest" name="GetServerTypes_ShouldReturnEventServerType" />
    </UnitTest>
    <UnitTest name="Remove_ShouldRemoveViewItemFromIncludedViewItemsForSelectedView" storage="d:\actions-runner\_work\xpco\xpco\allsolutions\..\sc\components\remoteviewer\smartclient\tst\zsmartclient_unittest\bin\x64\debug\net6.0-windows\zsmartclient_unittest.dll" id="787ee61a-eea4-f68b-10a6-56765d45d4e8">
      <TestCategory>
        <TestCategoryItem TestCategory="ApplicationController" />
      </TestCategory>
      <Execution id="cf3a9b46-ba19-4734-9249-debb05237590" />
      <TestMethod codeBase="D:\actions-runner\_work\XPCO\XPCO\AllSolutions\..\SC\Components\RemoteViewer\SmartClient\tst\zSmartClient_UnitTest\bin\x64\Debug\net6.0-windows\zSmartClient_UnitTest.dll" adapterTypeName="executor://mstestadapter/v2" className="VideoOS.RemoteClient.Application.Controllers.UnitTest.IncludedViewItemsTest" name="Remove_ShouldRemoveViewItemFromIncludedViewItemsForSelectedView" />
    </UnitTest>
    <UnitTest name="AddToExportTuples_ShouldAddToExportData (1)" storage="d:\actions-runner\_work\xpco\xpco\allsolutions\..\sc\components\remoteviewer\smartclient\tst\zsmartclient_unittest\bin\x64\debug\net6.0-windows\zsmartclient_unittest.dll" id="921d9e3c-ab04-b579-94ef-518b932d8d46">
      <TestCategory>
        <TestCategoryItem TestCategory="Managers" />
      </TestCategory>
      <Execution id="bcf5ac10-2882-4202-bc16-680cec97c84b" />
      <TestMethod codeBase="D:\actions-runner\_work\XPCO\XPCO\AllSolutions\..\SC\Components\RemoteViewer\SmartClient\tst\zSmartClient_UnitTest\bin\x64\Debug\net6.0-windows\zSmartClient_UnitTest.dll" adapterTypeName="executor://mstestadapter/v2" className="SmartClient_UnitTest.VideoOS.RemoteClient.Application.Managers.ExportManagerTests" name="AddToExportTuples_ShouldAddToExportData" />
    </UnitTest>
    <UnitTest name="OnLayersRetrieved_ShouldSetComponentsOrdered_WhenLayersCollectionContainsCameraAndInputAndOutput" storage="d:\actions-runner\_work\xpco\xpco\allsolutions\..\sc\components\remoteviewer\smartclient\tst\zsmartclient_unittest\bin\x64\debug\net6.0-windows\zsmartclient_unittest.dll" id="18369d63-550f-80cc-1769-12a3b1196b7b">
      <TestCategory>
        <TestCategoryItem TestCategory="GisMap.DeviceSelectorWindowViewModel" />
      </TestCategory>
      <Execution id="aa8e7dbd-9777-4006-a443-a3c7ca89ea98" />
      <TestMethod codeBase="D:\actions-runner\_work\XPCO\XPCO\AllSolutions\..\SC\Components\RemoteViewer\SmartClient\tst\zSmartClient_UnitTest\bin\x64\Debug\net6.0-windows\zSmartClient_UnitTest.dll" adapterTypeName="executor://mstestadapter/v2" className="SmartClient_UnitTest.VideoOS.RemoteClient.Plugin.GisMap.ViewModels.DeviceSelectorWindowViewModelTests" name="OnLayersRetrieved_ShouldSetComponentsOrdered_WhenLayersCollectionContainsCameraAndInputAndOutput" />
    </UnitTest>
    <UnitTest name="IsServer_ShouldReturnTrue_WhenAllServersSelected" storage="d:\actions-runner\_work\xpco\xpco\allsolutions\..\sc\components\remoteviewer\smartclient\tst\zsmartclient_unittest\bin\x64\debug\net6.0-windows\zsmartclient_unittest.dll" id="a890ab18-0d5c-e9a7-db4d-696ea60071f9">
      <Execution id="c0a10ccd-a725-4501-9627-2a096a673949" />
      <TestMethod codeBase="D:\actions-runner\_work\XPCO\XPCO\AllSolutions\..\SC\Components\RemoteViewer\SmartClient\tst\zSmartClient_UnitTest\bin\x64\Debug\net6.0-windows\zSmartClient_UnitTest.dll" adapterTypeName="executor://mstestadapter/v2" className="SmartClient_UnitTest.VideoOS.RemoteClient.Application.Data.ContentTypes.ReportingContentType.DashboardExtentionsTest" name="IsServer_ShouldReturnTrue_WhenAllServersSelected" />
    </UnitTest>
    <UnitTest name="DrawItems_200KResultItems_Success" storage="d:\actions-runner\_work\xpco\xpco\allsolutions\..\sc\components\remoteviewer\smartclient\tst\zsmartclient_unittest\bin\x64\debug\net6.0-windows\zsmartclient_unittest.dll" id="d2bdec8a-ca9e-7ce3-8f9b-b4cc3a8ec042">
      <TestCategory>
        <TestCategoryItem TestCategory="SearchControls" />
        <TestCategoryItem TestCategory="TestRunOnClient" />
      </TestCategory>
      <Execution id="49c1e9f9-9dfd-483b-9efc-853d4b64004f" />
      <TestMethod codeBase="D:\actions-runner\_work\XPCO\XPCO\AllSolutions\..\SC\Components\RemoteViewer\SmartClient\tst\zSmartClient_UnitTest\bin\x64\Debug\net6.0-windows\zSmartClient_UnitTest.dll" adapterTypeName="executor://mstestadapter/v2" className="SmartClient_UnitTest.VideoOS.RemoteClient.Plugin.CentralizedSearch.Views.Controls.TimelineRuler.TimelineRulerControlTests" name="DrawItems_200KResultItems_Success" />
    </UnitTest>
    <UnitTest name="OnLayersRetrieved_ShouldSetComponentsOrdered_WhenLayersCollectionContainsInputAndOutputAndCamera" storage="d:\actions-runner\_work\xpco\xpco\allsolutions\..\sc\components\remoteviewer\smartclient\tst\zsmartclient_unittest\bin\x64\debug\net6.0-windows\zsmartclient_unittest.dll" id="3d7ba390-9a7b-bdaa-74a4-97118816f256">
      <TestCategory>
        <TestCategoryItem TestCategory="GisMap.DeviceSelectorWindowViewModel" />
      </TestCategory>
      <Execution id="cd242118-1406-49a9-8f6f-06cce4ad0ace" />
      <TestMethod codeBase="D:\actions-runner\_work\XPCO\XPCO\AllSolutions\..\SC\Components\RemoteViewer\SmartClient\tst\zSmartClient_UnitTest\bin\x64\Debug\net6.0-windows\zSmartClient_UnitTest.dll" adapterTypeName="executor://mstestadapter/v2" className="SmartClient_UnitTest.VideoOS.RemoteClient.Plugin.GisMap.ViewModels.DeviceSelectorWindowViewModelTests" name="OnLayersRetrieved_ShouldSetComponentsOrdered_WhenLayersCollectionContainsInputAndOutputAndCamera" />
    </UnitTest>
    <UnitTest name="Domain_ShouldThrow_InvalidOperationException_WhenConstructedUsingExternal" storage="d:\actions-runner\_work\xpco\xpco\allsolutions\..\sc\components\remoteviewer\smartclient\tst\zsmartclient_unittest\bin\x64\debug\net6.0-windows\zsmartclient_unittest.dll" id="37275f45-b603-68a0-1bd8-9697e06c83fc">
      <TestCategory>
        <TestCategoryItem TestCategory="Authentication.ClientCredentials" />
      </TestCategory>
      <Execution id="1e80f1ab-4b5c-4182-9715-df35a7532cb7" />
      <TestMethod codeBase="D:\actions-runner\_work\XPCO\XPCO\AllSolutions\..\SC\Components\RemoteViewer\SmartClient\tst\zSmartClient_UnitTest\bin\x64\Debug\net6.0-windows\zSmartClient_UnitTest.dll" adapterTypeName="executor://mstestadapter/v2" className="SmartClient_UnitTest.VideoOS.Shared.ServerAPI.ClientCredentialsTest" name="Domain_ShouldThrow_InvalidOperationException_WhenConstructedUsingExternal" />
    </UnitTest>
    <UnitTest name="OnLayersRetrieved_ShouldSetComponentsToCamera_WhenLayersCollectionContainsCamera" storage="d:\actions-runner\_work\xpco\xpco\allsolutions\..\sc\components\remoteviewer\smartclient\tst\zsmartclient_unittest\bin\x64\debug\net6.0-windows\zsmartclient_unittest.dll" id="652759b5-622f-10aa-539b-69455d2a0fcb">
      <TestCategory>
        <TestCategoryItem TestCategory="GisMap.DeviceSelectorWindowViewModel" />
      </TestCategory>
      <Execution id="b851e851-2f2b-4fd4-beb8-8b030b99e1ad" />
      <TestMethod codeBase="D:\actions-runner\_work\XPCO\XPCO\AllSolutions\..\SC\Components\RemoteViewer\SmartClient\tst\zSmartClient_UnitTest\bin\x64\Debug\net6.0-windows\zSmartClient_UnitTest.dll" adapterTypeName="executor://mstestadapter/v2" className="SmartClient_UnitTest.VideoOS.RemoteClient.Plugin.GisMap.ViewModels.DeviceSelectorWindowViewModelTests" name="OnLayersRetrieved_ShouldSetComponentsToCamera_WhenLayersCollectionContainsCamera" />
    </UnitTest>
    <UnitTest name="MenuItemIcon_ShouldBeSet_WhenSuppliedInCtor" storage="d:\actions-runner\_work\xpco\xpco\allsolutions\..\sc\components\remoteviewer\smartclient\tst\zsmartclient_unittest\bin\x64\debug\net6.0-windows\zsmartclient_unittest.dll" id="21b483a6-27e8-bb30-b612-d3263e5cc6f1">
      <TestCategory>
        <TestCategoryItem TestCategory="GisMapMip" />
      </TestCategory>
      <Execution id="26b142fc-f82d-4dce-b6f1-c4ac5afb4124" />
      <TestMethod codeBase="D:\actions-runner\_work\XPCO\XPCO\AllSolutions\..\SC\Components\RemoteViewer\SmartClient\tst\zSmartClient_UnitTest\bin\x64\Debug\net6.0-windows\zSmartClient_UnitTest.dll" adapterTypeName="executor://mstestadapter/v2" className="SmartClient_UnitTest.VideoOS.RemoteClient.Plugin.GisMap.ThinkGeoMap.ContextMenuUtils.RemoveMipItemContextMenuTests" name="MenuItemIcon_ShouldBeSet_WhenSuppliedInCtor" />
    </UnitTest>
    <UnitTest name="Constructor_ShouldAttachOnUpdateUnmutedMicrophonesRaised_WhenCalled" storage="d:\actions-runner\_work\xpco\xpco\allsolutions\..\sc\components\remoteviewer\smartclient\tst\zsmartclient_unittest\bin\x64\debug\net6.0-windows\zsmartclient_unittest.dll" id="1d64d188-2f85-c3c0-9756-83b6a2cd8474">
      <TestCategory>
        <TestCategoryItem TestCategory="GisMapData.MapLayers" />
      </TestCategory>
      <Execution id="1b20f3e4-9671-4665-a8de-a08c1a610209" />
      <TestMethod codeBase="D:\actions-runner\_work\XPCO\XPCO\AllSolutions\..\SC\Components\RemoteViewer\SmartClient\tst\zSmartClient_UnitTest\bin\x64\Debug\net6.0-windows\zSmartClient_UnitTest.dll" adapterTypeName="executor://mstestadapter/v2" className="SmartClient_UnitTest.VideoOS.RemoteClient.GisMapData.MapLayers.MicrophoneItemsMapLayerTests" name="Constructor_ShouldAttachOnUpdateUnmutedMicrophonesRaised_WhenCalled" />
    </UnitTest>
    <UnitTest name="OnLoaded_ValidConfigurationInlineEditNoUserControl_InlineAttributeEditControlNotSet" storage="d:\actions-runner\_work\xpco\xpco\allsolutions\..\sc\components\remoteviewer\smartclient\tst\zsmartclient_unittest\bin\x64\debug\net6.0-windows\zsmartclient_unittest.dll" id="7d0d6edf-f56b-d148-3827-35b36e3e80c4">
      <TestCategory>
        <TestCategoryItem TestCategory="SearchViews" />
      </TestCategory>
      <Execution id="943e69e2-9b8a-4688-8418-6b43c9d004f9" />
      <TestMethod codeBase="D:\actions-runner\_work\XPCO\XPCO\AllSolutions\..\SC\Components\RemoteViewer\SmartClient\tst\zSmartClient_UnitTest\bin\x64\Debug\net6.0-windows\zSmartClient_UnitTest.dll" adapterTypeName="executor://mstestadapter/v2" className="SmartClient_UnitTest.VideoOS.RemoteClient.Plugin.CentralizedSearch.Views.SearchAttributeViewTests" name="OnLoaded_ValidConfigurationInlineEditNoUserControl_InlineAttributeEditControlNotSet" />
    </UnitTest>
    <UnitTest name="AddToExportDevices_ShouldReturnCorrectResult (5,5,5)" storage="d:\actions-runner\_work\xpco\xpco\allsolutions\..\sc\components\remoteviewer\smartclient\tst\zsmartclient_unittest\bin\x64\debug\net6.0-windows\zsmartclient_unittest.dll" id="3e97705f-0ff9-64fe-c5d8-6844deb02dbb">
      <TestCategory>
        <TestCategoryItem TestCategory="Managers" />
      </TestCategory>
      <Execution id="05255e03-75fc-4f04-a00c-38e331a6761b" />
      <TestMethod codeBase="D:\actions-runner\_work\XPCO\XPCO\AllSolutions\..\SC\Components\RemoteViewer\SmartClient\tst\zSmartClient_UnitTest\bin\x64\Debug\net6.0-windows\zSmartClient_UnitTest.dll" adapterTypeName="executor://mstestadapter/v2" className="SmartClient_UnitTest.VideoOS.RemoteClient.Application.Managers.ExportManagerTests" name="AddToExportDevices_ShouldReturnCorrectResult" />
    </UnitTest>
    <UnitTest name="SearchResultsActionBarActions_DeleteBookmark_2Results1Failed_DeleteBookmarkInvoked" storage="d:\actions-runner\_work\xpco\xpco\allsolutions\..\sc\components\remoteviewer\smartclient\tst\zsmartclient_unittest\bin\x64\debug\net6.0-windows\zsmartclient_unittest.dll" id="b6ee4187-2f4d-362e-5b8c-3b73aeaf5c65">
      <TestCategory>
        <TestCategoryItem TestCategory="Search.Bookmarks" />
      </TestCategory>
      <Execution id="87cb7151-d692-4e8f-8d70-edac4e639c94" />
      <TestMethod codeBase="D:\actions-runner\_work\XPCO\XPCO\AllSolutions\..\SC\Components\RemoteViewer\SmartClient\tst\zSmartClient_UnitTest\bin\x64\Debug\net6.0-windows\zSmartClient_UnitTest.dll" adapterTypeName="executor://mstestadapter/v2" className="SmartClient_UnitTest.VideoOS.RemoteClient.Plugin.CentralizedSearch.ViewModels.SearchResultsActionBarViewModelTest" name="SearchResultsActionBarActions_DeleteBookmark_2Results1Failed_DeleteBookmarkInvoked" />
    </UnitTest>
    <UnitTest name="SignUrl_WhereSignatureIsNotBase64_ThrowException" storage="d:\actions-runner\_work\xpco\xpco\allsolutions\..\sc\components\remoteviewer\smartclient\tst\zsmartclient_unittest\bin\x64\debug\net6.0-windows\zsmartclient_unittest.dll" id="b5155b68-06cf-ff0d-b5a3-6677768f61c2">
      <Execution id="c6fe3679-f08c-4758-bb63-dbc8fd097554" />
      <TestMethod codeBase="D:\actions-runner\_work\XPCO\XPCO\AllSolutions\..\SC\Components\RemoteViewer\SmartClient\tst\zSmartClient_UnitTest\bin\x64\Debug\net6.0-windows\zSmartClient_UnitTest.dll" adapterTypeName="executor://mstestadapter/v2" className="SmartClient_UnitTest.VideoOS.RemoteClient.Plugin.GisMap.Utilities.GoogleApiUrlTest" name="SignUrl_WhereSignatureIsNotBase64_ThrowException" />
    </UnitTest>
    <UnitTest name="PatrollingProfileViewModelTest_SelectEndPosition" storage="d:\actions-runner\_work\xpco\xpco\allsolutions\..\sc\components\remoteviewer\smartclient\tst\zsmartclient_unittest\bin\x64\debug\net6.0-windows\zsmartclient_unittest.dll" id="b788bde6-97e9-6ba8-c7c6-e8edebf2372e">
      <Execution id="83440417-7303-4bcf-b88a-bebedff3cfdd" />
      <TestMethod codeBase="D:\actions-runner\_work\XPCO\XPCO\AllSolutions\..\SC\Components\RemoteViewer\SmartClient\tst\zSmartClient_UnitTest\bin\x64\Debug\net6.0-windows\zSmartClient_UnitTest.dll" adapterTypeName="executor://mstestadapter/v2" className="SmartClient_UnitTest.VideoOS.RemoteClient.Application.UI.PtzPreset.PatrollingViewModel.PatrollingProfileViewModelTest" name="PatrollingProfileViewModelTest_SelectEndPosition" />
    </UnitTest>
    <UnitTest name="GetWorkspaceToolbarItems_ShouldReturnGroupedToolbarItem_WhenPluginGroupIsSet" storage="d:\actions-runner\_work\xpco\xpco\allsolutions\..\sc\components\remoteviewer\smartclient\tst\zsmartclient_unittest\bin\x64\debug\net6.0-windows\zsmartclient_unittest.dll" id="5ff1d928-fddf-7f17-ef34-f8a1593f2a8d">
      <TestCategory>
        <TestCategoryItem TestCategory="WorkspaceToolbar" />
      </TestCategory>
      <Execution id="6804ef4b-b530-4c69-b9d1-bdf81aec5bc4" />
      <TestMethod codeBase="D:\actions-runner\_work\XPCO\XPCO\AllSolutions\..\SC\Components\RemoteViewer\SmartClient\tst\zSmartClient_UnitTest\bin\x64\Debug\net6.0-windows\zSmartClient_UnitTest.dll" adapterTypeName="executor://mstestadapter/v2" className="SmartClient_UnitTest.VideoOS.RemoteClient.Application.UI.Content.WorkspaceToolbar.MIPWorkspaceToolbarItemManagerTests" name="GetWorkspaceToolbarItems_ShouldReturnGroupedToolbarItem_WhenPluginGroupIsSet" />
    </UnitTest>
    <UnitTest name="SearchResultsActionBarActions_AddBookmark_NoBookmarkAgentAdded_SingleResult_CreateBookmarkInvoked" storage="d:\actions-runner\_work\xpco\xpco\allsolutions\..\sc\components\remoteviewer\smartclient\tst\zsmartclient_unittest\bin\x64\debug\net6.0-windows\zsmartclient_unittest.dll" id="74a5479e-3d8d-745b-8d0c-dc17a9c1c316">
      <TestCategory>
        <TestCategoryItem TestCategory="SearchResultActionBarViewModel" />
      </TestCategory>
      <Execution id="d2b00113-ed22-4be0-8acd-156a25247da7" />
      <TestMethod codeBase="D:\actions-runner\_work\XPCO\XPCO\AllSolutions\..\SC\Components\RemoteViewer\SmartClient\tst\zSmartClient_UnitTest\bin\x64\Debug\net6.0-windows\zSmartClient_UnitTest.dll" adapterTypeName="executor://mstestadapter/v2" className="SmartClient_UnitTest.VideoOS.RemoteClient.Plugin.CentralizedSearch.ViewModels.SearchResultsActionBarViewModelTest" name="SearchResultsActionBarActions_AddBookmark_NoBookmarkAgentAdded_SingleResult_CreateBookmarkInvoked" />
    </UnitTest>
    <UnitTest name="BoundingBoxBrowseTimeChangedTest" storage="d:\actions-runner\_work\xpco\xpco\allsolutions\..\sc\components\remoteviewer\smartclient\tst\zsmartclient_unittest\bin\x64\debug\net6.0-windows\zsmartclient_unittest.dll" id="79975695-e433-2a9b-026b-7999a642c311">
      <Execution id="f7ff0c01-fca7-48df-8c91-ef1ac3668748" />
      <TestMethod codeBase="D:\actions-runner\_work\XPCO\XPCO\AllSolutions\..\SC\Components\RemoteViewer\SmartClient\tst\zSmartClient_UnitTest\bin\x64\Debug\net6.0-windows\zSmartClient_UnitTest.dll" adapterTypeName="executor://mstestadapter/v2" className="SmartClient_UnitTest.VideoOS.RemoteClient.Application.Data.Metadata.BoundingBoxes.BoundingBoxProviderTest" name="BoundingBoxBrowseTimeChangedTest" />
    </UnitTest>
    <UnitTest name="MipItemsMapLayer_Saved_Success" storage="d:\actions-runner\_work\xpco\xpco\allsolutions\..\sc\components\remoteviewer\smartclient\tst\zsmartclient_unittest\bin\x64\debug\net6.0-windows\zsmartclient_unittest.dll" id="d8e86d95-613e-e989-d6c8-a98a3e38c1b2">
      <TestCategory>
        <TestCategoryItem TestCategory="GisMapLayer" />
      </TestCategory>
      <Execution id="d9a805d2-8678-4faf-bea4-72a43ebb6b65" />
      <TestMethod codeBase="D:\actions-runner\_work\XPCO\XPCO\AllSolutions\..\SC\Components\RemoteViewer\SmartClient\tst\zSmartClient_UnitTest\bin\x64\Debug\net6.0-windows\zSmartClient_UnitTest.dll" adapterTypeName="executor://mstestadapter/v2" className="SmartClient_UnitTest.VideoOS.RemoteClient.GisMap.MapLayers.GisMapLayerTests" name="MipItemsMapLayer_Saved_Success" />
    </UnitTest>
    <UnitTest name="SaveSearchTemplateAsync_ActiveAndSaveSucceeds_Success" storage="d:\actions-runner\_work\xpco\xpco\allsolutions\..\sc\components\remoteviewer\smartclient\tst\zsmartclient_unittest\bin\x64\debug\net6.0-windows\zsmartclient_unittest.dll" id="0181f0b9-73fd-f503-b29b-b3c042d24b5b">
      <TestCategory>
        <TestCategoryItem TestCategory="SearchTemplates" />
      </TestCategory>
      <Execution id="95c936e0-091d-40de-afe6-5088ca2a94db" />
      <TestMethod codeBase="D:\actions-runner\_work\XPCO\XPCO\AllSolutions\..\SC\Components\RemoteViewer\SmartClient\tst\zSmartClient_UnitTest\bin\x64\Debug\net6.0-windows\zSmartClient_UnitTest.dll" adapterTypeName="executor://mstestadapter/v2" className="SmartClient_UnitTest.VideoOS.RemoteClient.Plugin.CentralizedSearch.SearchTemplates.SearchTemplateManagerTests" name="SaveSearchTemplateAsync_ActiveAndSaveSucceeds_Success" />
    </UnitTest>
    <UnitTest name="NearestPossibleZoomLevel_ShouldReturnMin_WhenScaleIs0" storage="d:\actions-runner\_work\xpco\xpco\allsolutions\..\sc\components\remoteviewer\smartclient\tst\zsmartclient_unittest\bin\x64\debug\net6.0-windows\zsmartclient_unittest.dll" id="b475e3ab-bcbc-5954-7660-9f7524c4b9d5">
      <TestCategory>
        <TestCategoryItem TestCategory="MapExtentManager" />
      </TestCategory>
      <Execution id="a3841bbf-b9a0-49cc-ac00-6bf09ce9a943" />
      <TestMethod codeBase="D:\actions-runner\_work\XPCO\XPCO\AllSolutions\..\SC\Components\RemoteViewer\SmartClient\tst\zSmartClient_UnitTest\bin\x64\Debug\net6.0-windows\zSmartClient_UnitTest.dll" adapterTypeName="executor://mstestadapter/v2" className="SmartClient_UnitTest.VideoOS.RemoteClient.Plugin.GisMap.ThinkGeoMap.Settings.ThinkGeoMapExtentManagerTests" name="NearestPossibleZoomLevel_ShouldReturnMin_WhenScaleIs0" />
    </UnitTest>
    <UnitTest name="DisplayErrorOnNotificationArea_DeviceSearchError_Success" storage="d:\actions-runner\_work\xpco\xpco\allsolutions\..\sc\components\remoteviewer\smartclient\tst\zsmartclient_unittest\bin\x64\debug\net6.0-windows\zsmartclient_unittest.dll" id="34c107db-e9ce-df15-620e-0ed84eb2d0d6">
      <TestCategory>
        <TestCategoryItem TestCategory="SearchViewModels" />
      </TestCategory>
      <Execution id="d0fbe71a-5269-4bda-8964-d581cb5d6e75" />
      <TestMethod codeBase="D:\actions-runner\_work\XPCO\XPCO\AllSolutions\..\SC\Components\RemoteViewer\SmartClient\tst\zSmartClient_UnitTest\bin\x64\Debug\net6.0-windows\zSmartClient_UnitTest.dll" adapterTypeName="executor://mstestadapter/v2" className="SmartClient_UnitTest.VideoOS.RemoteClient.Plugin.CentralizedSearch.ViewModels.SearchViewModelTests" name="DisplayErrorOnNotificationArea_DeviceSearchError_Success" />
    </UnitTest>
    <UnitTest name="AndOrSearchDefinitionToVisibilityMultiConverter_CallConvert_NotFirstInListOr" storage="d:\actions-runner\_work\xpco\xpco\allsolutions\..\sc\components\remoteviewer\smartclient\tst\zsmartclient_unittest\bin\x64\debug\net6.0-windows\zsmartclient_unittest.dll" id="f386bd71-4890-9925-d3d2-7dcbf0b9febe">
      <TestCategory>
        <TestCategoryItem TestCategory="SearchConverter" />
      </TestCategory>
      <Execution id="7a509e76-a527-4666-816e-a3a2a366d265" />
      <TestMethod codeBase="D:\actions-runner\_work\XPCO\XPCO\AllSolutions\..\SC\Components\RemoteViewer\SmartClient\tst\zSmartClient_UnitTest\bin\x64\Debug\net6.0-windows\zSmartClient_UnitTest.dll" adapterTypeName="executor://mstestadapter/v2" className="SmartClient_UnitTest.VideoOS.RemoteClient.Plugin.CentralizedSearch.Views.Converters.AndOrSearchDefinitionMultiConverterTests" name="AndOrSearchDefinitionToVisibilityMultiConverter_CallConvert_NotFirstInListOr" />
    </UnitTest>
    <UnitTest name="Problem_Repro" storage="d:\actions-runner\_work\xpco\xpco\allsolutions\..\sc\components\remoteviewer\smartclient\tst\zsmartclient_unittest\bin\x64\debug\net6.0-windows\zsmartclient_unittest.dll" id="dae60964-6fd2-ce46-6ae5-e5c61041a0e8">
      <Execution id="8bc78cb1-d7f5-4831-8ede-d5bfda004565" />
      <TestMethod codeBase="D:\actions-runner\_work\XPCO\XPCO\AllSolutions\..\SC\Components\RemoteViewer\SmartClient\tst\zSmartClient_UnitTest\bin\x64\Debug\net6.0-windows\zSmartClient_UnitTest.dll" adapterTypeName="executor://mstestadapter/v2" className="SmartClient_UnitTest.VideoOS.RemoteClient.Application.Components.Search.SearchManagerTest" name="Problem_Repro" />
    </UnitTest>
    <UnitTest name="ToTimeScope_YesterdayInTransitionToDST_Success" storage="d:\actions-runner\_work\xpco\xpco\allsolutions\..\sc\components\remoteviewer\smartclient\tst\zsmartclient_unittest\bin\x64\debug\net6.0-windows\zsmartclient_unittest.dll" id="57d998ab-72e0-6699-7a67-4312514fd442">
      <TestCategory>
        <TestCategoryItem TestCategory="Search" />
      </TestCategory>
      <Execution id="e70cace7-4782-4a83-984f-ef7e9cb89a38" />
      <TestMethod codeBase="D:\actions-runner\_work\XPCO\XPCO\AllSolutions\..\SC\Components\RemoteViewer\SmartClient\tst\zSmartClient_UnitTest\bin\x64\Debug\net6.0-windows\zSmartClient_UnitTest.dll" adapterTypeName="executor://mstestadapter/v2" className="SmartClient_UnitTest.VideoOS.RemoteClient.Plugin.CentralizedSearch.Models.ScopeDurationTests" name="ToTimeScope_YesterdayInTransitionToDST_Success" />
    </UnitTest>
    <UnitTest name="TestAttachedView_Success" storage="d:\actions-runner\_work\xpco\xpco\allsolutions\..\sc\components\remoteviewer\smartclient\tst\zsmartclient_unittest\bin\x64\debug\net6.0-windows\zsmartclient_unittest.dll" id="a03d49df-0221-3c4c-4d83-361bfb025c76">
      <Execution id="c1aac545-852a-45ce-ad31-9ce40e0350b8" />
      <TestMethod codeBase="D:\actions-runner\_work\XPCO\XPCO\AllSolutions\..\SC\Components\RemoteViewer\SmartClient\tst\zSmartClient_UnitTest\bin\x64\Debug\net6.0-windows\zSmartClient_UnitTest.dll" adapterTypeName="executor://mstestadapter/v2" className="SmartClient_UnitTest.VideoOS.RemoteClient.Application.Controllers.WorkSpace.WorkSpaceItemTest" name="TestAttachedView_Success" />
    </UnitTest>
    <UnitTest name="ctor_NullArg_NullArgException" storage="d:\actions-runner\_work\xpco\xpco\allsolutions\..\sc\components\remoteviewer\smartclient\tst\zsmartclient_unittest\bin\x64\debug\net6.0-windows\zsmartclient_unittest.dll" id="aab428ed-a31b-f1b7-b0cd-f341bed7d107">
      <TestCategory>
        <TestCategoryItem TestCategory="Search" />
      </TestCategory>
      <Execution id="e9d2f8f8-0d44-408b-ad82-4a9529b3852c" />
      <TestMethod codeBase="D:\actions-runner\_work\XPCO\XPCO\AllSolutions\..\SC\Components\RemoteViewer\SmartClient\tst\zSmartClient_UnitTest\bin\x64\Debug\net6.0-windows\zSmartClient_UnitTest.dll" adapterTypeName="executor://mstestadapter/v2" className="SmartClient_UnitTest.VideoOS.RemoteClient.Plugin.CentralizedSearch.ViewModels.CompositeSearchWarningViewModelTests" name="ctor_NullArg_NullArgException" />
    </UnitTest>
    <UnitTest name="Deserialize_SearchDefinitionsOnly_Success" storage="d:\actions-runner\_work\xpco\xpco\allsolutions\..\sc\components\remoteviewer\smartclient\tst\zsmartclient_unittest\bin\x64\debug\net6.0-windows\zsmartclient_unittest.dll" id="2b46b6c4-bcde-6b7d-2664-3e89c49247f4">
      <TestCategory>
        <TestCategoryItem TestCategory="SearchSerialization" />
      </TestCategory>
      <Execution id="7e53e737-69ef-4bb3-ba21-4a30d5c2c077" />
      <TestMethod codeBase="D:\actions-runner\_work\XPCO\XPCO\AllSolutions\..\SC\Components\RemoteViewer\SmartClient\tst\zSmartClient_UnitTest\bin\x64\Debug\net6.0-windows\zSmartClient_UnitTest.dll" adapterTypeName="executor://mstestadapter/v2" className="SmartClient_UnitTest.VideoOS.RemoteClient.Plugin.CentralizedSearch.Models.Serialization.SearchSerializerTests" name="Deserialize_SearchDefinitionsOnly_Success" />
    </UnitTest>
    <UnitTest name="CreateExportDialog_CanCreateExport_WithDefaults" storage="d:\actions-runner\_work\xpco\xpco\allsolutions\..\sc\components\remoteviewer\smartclient\tst\zsmartclient_unittest\bin\x64\debug\net6.0-windows\zsmartclient_unittest.dll" id="6e773555-d3bc-18e6-58f4-6a33d2e565e0">
      <TestCategory>
        <TestCategoryItem TestCategory="Export" />
      </TestCategory>
      <Execution id="a9ecc1d2-6101-4105-9ce8-fb615f06d8c8" />
      <TestMethod codeBase="D:\actions-runner\_work\XPCO\XPCO\AllSolutions\..\SC\Components\RemoteViewer\SmartClient\tst\zSmartClient_UnitTest\bin\x64\Debug\net6.0-windows\zSmartClient_UnitTest.dll" adapterTypeName="executor://mstestadapter/v2" className="SmartClient_UnitTest.VideoOS.RemoteClient.Plugin.Export.CreateExportDialogViewModelTests" name="CreateExportDialog_CanCreateExport_WithDefaults" />
    </UnitTest>
    <UnitTest name="OnMarkerRightClicked_ShouldUseCrossTypeMenuItems_WhenInSetupModeAndMultipleItemsFromDifferentLayersIncludingAtLeastOneCameraAreSelected" storage="d:\actions-runner\_work\xpco\xpco\allsolutions\..\sc\components\remoteviewer\smartclient\tst\zsmartclient_unittest\bin\x64\debug\net6.0-windows\zsmartclient_unittest.dll" id="015cbbb2-3ae8-0f0d-d16b-d3a0e1ee3da3">
      <TestCategory>
        <TestCategoryItem TestCategory="SmartMap.MapItemsOverlay" />
      </TestCategory>
      <Execution id="02d6f1c3-60c4-4154-b7ef-606edff08c6a" />
      <TestMethod codeBase="D:\actions-runner\_work\XPCO\XPCO\AllSolutions\..\SC\Components\RemoteViewer\SmartClient\tst\zSmartClient_UnitTest\bin\x64\Debug\net6.0-windows\zSmartClient_UnitTest.dll" adapterTypeName="executor://mstestadapter/v2" className="SmartClient_UnitTest.VideoOS.RemoteClient.Plugin.GisMap.ThinkGeoMap.SpecializedOverlays.Overlays.MapItemsOverlayTests" name="OnMarkerRightClicked_ShouldUseCrossTypeMenuItems_WhenInSetupModeAndMultipleItemsFromDifferentLayersIncludingAtLeastOneCameraAreSelected" />
    </UnitTest>
    <UnitTest name="AddSelectedCameras_EmptyList_NoChange" storage="d:\actions-runner\_work\xpco\xpco\allsolutions\..\sc\components\remoteviewer\smartclient\tst\zsmartclient_unittest\bin\x64\debug\net6.0-windows\zsmartclient_unittest.dll" id="b518f299-3b00-cc5d-b78d-f3f85f49a757">
      <TestCategory>
        <TestCategoryItem TestCategory="SearchViewModels" />
      </TestCategory>
      <Execution id="747fbf67-33da-4cc1-b828-6130095528f2" />
      <TestMethod codeBase="D:\actions-runner\_work\XPCO\XPCO\AllSolutions\..\SC\Components\RemoteViewer\SmartClient\tst\zSmartClient_UnitTest\bin\x64\Debug\net6.0-windows\zSmartClient_UnitTest.dll" adapterTypeName="executor://mstestadapter/v2" className="SmartClient_UnitTest.VideoOS.RemoteClient.Plugin.CentralizedSearch.ViewModels.SearchViewModelTests" name="AddSelectedCameras_EmptyList_NoChange" />
    </UnitTest>
    <UnitTest name="ToSafeName_NullString_Success" storage="d:\actions-runner\_work\xpco\xpco\allsolutions\..\sc\components\remoteviewer\smartclient\tst\zsmartclient_unittest\bin\x64\debug\net6.0-windows\zsmartclient_unittest.dll" id="dc096e9d-933e-6e98-213b-490659477502">
      <Execution id="605dd66f-e36a-4f5c-b19b-b2056bcc17af" />
      <TestMethod codeBase="D:\actions-runner\_work\XPCO\XPCO\AllSolutions\..\SC\Components\RemoteViewer\SmartClient\tst\zSmartClient_UnitTest\bin\x64\Debug\net6.0-windows\zSmartClient_UnitTest.dll" adapterTypeName="executor://mstestadapter/v2" className="SmartClient_UnitTest.VideoOS.RemoteClient.Application.Common.Scripting.ReservedJavascriptKeywordsTests" name="ToSafeName_NullString_Success" />
    </UnitTest>
    <UnitTest name="SupportsDoubleClick_ShouldBeFalse_WhenInteractionStateIsNotNormal" storage="d:\actions-runner\_work\xpco\xpco\allsolutions\..\sc\components\remoteviewer\smartclient\tst\zsmartclient_unittest\bin\x64\debug\net6.0-windows\zsmartclient_unittest.dll" id="c9679473-a3e5-7489-307e-ee6faf3a6896">
      <TestCategory>
        <TestCategoryItem TestCategory="GisMap.MipItemMarker" />
      </TestCategory>
      <Execution id="1570c621-4ca3-46d8-a9ba-d52fbc73ef65" />
      <TestMethod codeBase="D:\actions-runner\_work\XPCO\XPCO\AllSolutions\..\SC\Components\RemoteViewer\SmartClient\tst\zSmartClient_UnitTest\bin\x64\Debug\net6.0-windows\zSmartClient_UnitTest.dll" adapterTypeName="executor://mstestadapter/v2" className="SmartClient_UnitTest.VideoOS.RemoteClient.Plugin.GisMap.ThinkGeoMap.Markers.MipItemMarker.MipItemMarkerTests" name="SupportsDoubleClick_ShouldBeFalse_WhenInteractionStateIsNotNormal" />
    </UnitTest>
    <UnitTest name="CreateExportDialog_CannotSelectExportToOptics_WithoutPrerequisitesSatisfied" storage="d:\actions-runner\_work\xpco\xpco\allsolutions\..\sc\components\remoteviewer\smartclient\tst\zsmartclient_unittest\bin\x64\debug\net6.0-windows\zsmartclient_unittest.dll" id="8f19814e-6231-9ee7-d114-fdf6c35f1f79">
      <TestCategory>
        <TestCategoryItem TestCategory="Export" />
      </TestCategory>
      <Execution id="53fd2a27-ddd2-484e-b87a-15762aefcc47" />
      <TestMethod codeBase="D:\actions-runner\_work\XPCO\XPCO\AllSolutions\..\SC\Components\RemoteViewer\SmartClient\tst\zSmartClient_UnitTest\bin\x64\Debug\net6.0-windows\zSmartClient_UnitTest.dll" adapterTypeName="executor://mstestadapter/v2" className="SmartClient_UnitTest.VideoOS.RemoteClient.Plugin.Export.CreateExportDialogViewModelTests" name="CreateExportDialog_CannotSelectExportToOptics_WithoutPrerequisitesSatisfied" />
    </UnitTest>
    <UnitTest name="TestInitializeWorkrooms_AllBuiltinWorkrooms_Success" storage="d:\actions-runner\_work\xpco\xpco\allsolutions\..\sc\components\remoteviewer\smartclient\tst\zsmartclient_unittest\bin\x64\debug\net6.0-windows\zsmartclient_unittest.dll" id="1f8f2766-504d-6eef-54e8-b4e73b68637d">
      <TestCategory>
        <TestCategoryItem TestCategory="WorkroomController" />
      </TestCategory>
      <Execution id="3e963652-7096-4df6-8594-dcfe7d494d0c" />
      <TestMethod codeBase="D:\actions-runner\_work\XPCO\XPCO\AllSolutions\..\SC\Components\RemoteViewer\SmartClient\tst\zSmartClient_UnitTest\bin\x64\Debug\net6.0-windows\zSmartClient_UnitTest.dll" adapterTypeName="executor://mstestadapter/v2" className="VideoOS.RemoteClient.Application.Controllers.WorkroomController.UnitTest.TabWorkroomControllerTest" name="TestInitializeWorkrooms_AllBuiltinWorkrooms_Success" />
    </UnitTest>
    <UnitTest name="PatrollingPresetViewModel_OnPropertyChanged_Raised" storage="d:\actions-runner\_work\xpco\xpco\allsolutions\..\sc\components\remoteviewer\smartclient\tst\zsmartclient_unittest\bin\x64\debug\net6.0-windows\zsmartclient_unittest.dll" id="968967c1-9c91-5395-ae74-dba306913820">
      <Execution id="743c7226-ef01-4f83-b8ee-cb77150f114b" />
      <TestMethod codeBase="D:\actions-runner\_work\XPCO\XPCO\AllSolutions\..\SC\Components\RemoteViewer\SmartClient\tst\zSmartClient_UnitTest\bin\x64\Debug\net6.0-windows\zSmartClient_UnitTest.dll" adapterTypeName="executor://mstestadapter/v2" className="SmartClient_UnitTest.VideoOS.RemoteClient.Application.UI.PtzPreset.PatrollingViewModel.PatrollingPresetViewModelTest" name="PatrollingPresetViewModel_OnPropertyChanged_Raised" />
    </UnitTest>
    <UnitTest name="CreateDefinition_ZeroFiltersInCategory_ZeroFilterValuesAddedToSearchCriteria" storage="d:\actions-runner\_work\xpco\xpco\allsolutions\..\sc\components\remoteviewer\smartclient\tst\zsmartclient_unittest\bin\x64\debug\net6.0-windows\zsmartclient_unittest.dll" id="7e087806-67ee-93e5-99ce-89aefdf33c63">
      <TestCategory>
        <TestCategoryItem TestCategory="SearchModels" />
      </TestCategory>
      <Execution id="5566ff5c-6295-4f48-b97a-b177eff8b50b" />
      <TestMethod codeBase="D:\actions-runner\_work\XPCO\XPCO\AllSolutions\..\SC\Components\RemoteViewer\SmartClient\tst\zSmartClient_UnitTest\bin\x64\Debug\net6.0-windows\zSmartClient_UnitTest.dll" adapterTypeName="executor://mstestadapter/v2" className="SmartClient_UnitTest.VideoOS.RemoteClient.Plugin.CentralizedSearch.Models.SearchModelTests" name="CreateDefinition_ZeroFiltersInCategory_ZeroFilterValuesAddedToSearchCriteria" />
    </UnitTest>
    <UnitTest name="TestForAssemblyCoverage" storage="d:\actions-runner\_work\xpco\xpco\allsolutions\..\sc\components\remoteviewer\smartclient\tst\zsmartclient_unittest\bin\x64\debug\net6.0-windows\zsmartclient_unittest.dll" id="ee3692c6-4239-b2e2-f69d-66ef9eb784ce">
      <Execution id="692fac19-ee95-4f02-85ec-c87ce6ef3490" />
      <TestMethod codeBase="D:\actions-runner\_work\XPCO\XPCO\AllSolutions\..\SC\Components\RemoteViewer\SmartClient\tst\zSmartClient_UnitTest\bin\x64\Debug\net6.0-windows\zSmartClient_UnitTest.dll" adapterTypeName="executor://mstestadapter/v2" className="SmartClient_UnitTest.VideoOS.RemoteClient.Plugin.OutgoingAudio.UnitTest1" name="TestForAssemblyCoverage" />
    </UnitTest>
    <UnitTest name="TestConstructor_OuterRing_Success" storage="d:\actions-runner\_work\xpco\xpco\allsolutions\..\sc\components\remoteviewer\smartclient\tst\zsmartclient_unittest\bin\x64\debug\net6.0-windows\zsmartclient_unittest.dll" id="b13c73e0-3d5f-8cb8-a883-f65f02f74154">
      <TestCategory>
        <TestCategoryItem TestCategory="GisMap" />
      </TestCategory>
      <Execution id="69313656-8ab0-4585-8bd5-a81b37dc9fd5" />
      <TestMethod codeBase="D:\actions-runner\_work\XPCO\XPCO\AllSolutions\..\SC\Components\RemoteViewer\SmartClient\tst\zSmartClient_UnitTest\bin\x64\Debug\net6.0-windows\zSmartClient_UnitTest.dll" adapterTypeName="executor://mstestadapter/v2" className="SmartClient_UnitTest.VideoOS.RemoteClient.GisMap.Common.MapPolygonTest" name="TestConstructor_OuterRing_Success" />
    </UnitTest>
    <UnitTest name="PatrollingStepListViewModel_Constructor_Success" storage="d:\actions-runner\_work\xpco\xpco\allsolutions\..\sc\components\remoteviewer\smartclient\tst\zsmartclient_unittest\bin\x64\debug\net6.0-windows\zsmartclient_unittest.dll" id="36554cb2-1edf-a642-dc86-4d6ff7ede95e">
      <Execution id="f36f1474-f44f-486a-93d9-a458dc370135" />
      <TestMethod codeBase="D:\actions-runner\_work\XPCO\XPCO\AllSolutions\..\SC\Components\RemoteViewer\SmartClient\tst\zSmartClient_UnitTest\bin\x64\Debug\net6.0-windows\zSmartClient_UnitTest.dll" adapterTypeName="executor://mstestadapter/v2" className="SmartClient_UnitTest.VideoOS.RemoteClient.Application.UI.PtzPreset.PatrollingViewModel.PatrollingStepListViewModelTest" name="PatrollingStepListViewModel_Constructor_Success" />
    </UnitTest>
    <UnitTest name="SearchResultsActionBarActions_Export_OptionFormatAvailable_OtherExportOptionsUnavailable_NotVisible" storage="d:\actions-runner\_work\xpco\xpco\allsolutions\..\sc\components\remoteviewer\smartclient\tst\zsmartclient_unittest\bin\x64\debug\net6.0-windows\zsmartclient_unittest.dll" id="f56230b0-cb3e-b433-0b22-beaca6317724">
      <TestCategory>
        <TestCategoryItem TestCategory="SearchResultActionBarViewModel" />
      </TestCategory>
      <Execution id="ca9f59c9-d827-41b6-9505-ded25724c501" />
      <TestMethod codeBase="D:\actions-runner\_work\XPCO\XPCO\AllSolutions\..\SC\Components\RemoteViewer\SmartClient\tst\zSmartClient_UnitTest\bin\x64\Debug\net6.0-windows\zSmartClient_UnitTest.dll" adapterTypeName="executor://mstestadapter/v2" className="SmartClient_UnitTest.VideoOS.RemoteClient.Plugin.CentralizedSearch.ViewModels.SearchResultsActionBarViewModelTest" name="SearchResultsActionBarActions_Export_OptionFormatAvailable_OtherExportOptionsUnavailable_NotVisible" />
    </UnitTest>
    <UnitTest name="HandleSetLayerFeatures_ShouldRaiseArgumentException_WhenIsCalled" storage="d:\actions-runner\_work\xpco\xpco\allsolutions\..\sc\components\remoteviewer\smartclient\tst\zsmartclient_unittest\bin\x64\debug\net6.0-windows\zsmartclient_unittest.dll" id="16cbfe5e-7bb9-3462-1447-f565ffc95fc8">
      <TestCategory>
        <TestCategoryItem TestCategory="GisMapData.Handlers.LayerFeatures" />
      </TestCategory>
      <Execution id="30ad60e8-fd92-4bd9-a61c-99ce7670ba90" />
      <TestMethod codeBase="D:\actions-runner\_work\XPCO\XPCO\AllSolutions\..\SC\Components\RemoteViewer\SmartClient\tst\zSmartClient_UnitTest\bin\x64\Debug\net6.0-windows\zSmartClient_UnitTest.dll" adapterTypeName="executor://mstestadapter/v2" className="SmartClient_UnitTest.VideoOS.RemoteClient.GisMapData.Handlers.LayerFeatures.NotSupportedLayerFeaturesHandlerTests" name="HandleSetLayerFeatures_ShouldRaiseArgumentException_WhenIsCalled" />
    </UnitTest>
    <UnitTest name="Initialize_NullState_DoesNotCrash" storage="d:\actions-runner\_work\xpco\xpco\allsolutions\..\sc\components\remoteviewer\smartclient\tst\zsmartclient_unittest\bin\x64\debug\net6.0-windows\zsmartclient_unittest.dll" id="19c9cf52-9433-0ae2-27f1-e1c0ebb67acf">
      <TestCategory>
        <TestCategoryItem TestCategory="Search" />
      </TestCategory>
      <Execution id="379909a4-f5fc-4c02-93c4-7217ccf1beb5" />
      <TestMethod codeBase="D:\actions-runner\_work\XPCO\XPCO\AllSolutions\..\SC\Components\RemoteViewer\SmartClient\tst\zSmartClient_UnitTest\bin\x64\Debug\net6.0-windows\zSmartClient_UnitTest.dll" adapterTypeName="executor://mstestadapter/v2" className="SmartClient_UnitTest.VideoOS.RemoteClient.Plugin.CentralizedSearch.Views.SearchViewTests" name="Initialize_NullState_DoesNotCrash" />
    </UnitTest>
    <UnitTest name="AddSelectedCameras_CameraAlreadyAdded_NoDuplicates" storage="d:\actions-runner\_work\xpco\xpco\allsolutions\..\sc\components\remoteviewer\smartclient\tst\zsmartclient_unittest\bin\x64\debug\net6.0-windows\zsmartclient_unittest.dll" id="82d78304-b48c-9515-7f8e-4adb71fd31ee">
      <TestCategory>
        <TestCategoryItem TestCategory="SearchViewModels" />
      </TestCategory>
      <Execution id="2aacfedf-bba5-4078-ab0f-e0cfecf5f61b" />
      <TestMethod codeBase="D:\actions-runner\_work\XPCO\XPCO\AllSolutions\..\SC\Components\RemoteViewer\SmartClient\tst\zSmartClient_UnitTest\bin\x64\Debug\net6.0-windows\zSmartClient_UnitTest.dll" adapterTypeName="executor://mstestadapter/v2" className="SmartClient_UnitTest.VideoOS.RemoteClient.Plugin.CentralizedSearch.ViewModels.SearchViewModelTests" name="AddSelectedCameras_CameraAlreadyAdded_NoDuplicates" />
    </UnitTest>
    <UnitTest name="Redrawing_SettingsSet_Success" storage="d:\actions-runner\_work\xpco\xpco\allsolutions\..\sc\components\remoteviewer\smartclient\tst\zsmartclient_unittest\bin\x64\debug\net6.0-windows\zsmartclient_unittest.dll" id="d14ec128-bbfb-0096-f562-be494b986880">
      <TestCategory>
        <TestCategoryItem TestCategory="GisMap.MapControl" />
      </TestCategory>
      <Execution id="b3263cf8-b31c-4cb0-8552-4f401d8e2d16" />
      <TestMethod codeBase="D:\actions-runner\_work\XPCO\XPCO\AllSolutions\..\SC\Components\RemoteViewer\SmartClient\tst\zSmartClient_UnitTest\bin\x64\Debug\net6.0-windows\zSmartClient_UnitTest.dll" adapterTypeName="executor://mstestadapter/v2" className="SmartClient_UnitTest.VideoOS.RemoteClient.Plugin.GisMap.ThinkGeoMap.ThinkGeoMapControlTests" name="Redrawing_SettingsSet_Success" />
    </UnitTest>
    <UnitTest name="TestCreateMipTabWorkroom_Two_Success" storage="d:\actions-runner\_work\xpco\xpco\allsolutions\..\sc\components\remoteviewer\smartclient\tst\zsmartclient_unittest\bin\x64\debug\net6.0-windows\zsmartclient_unittest.dll" id="1a507d86-1921-f620-6368-d6adb1877080">
      <TestCategory>
        <TestCategoryItem TestCategory="WorkroomController" />
      </TestCategory>
      <Execution id="0442321d-a0ec-438d-b3ee-7f9b7e05e1b6" />
      <TestMethod codeBase="D:\actions-runner\_work\XPCO\XPCO\AllSolutions\..\SC\Components\RemoteViewer\SmartClient\tst\zSmartClient_UnitTest\bin\x64\Debug\net6.0-windows\zSmartClient_UnitTest.dll" adapterTypeName="executor://mstestadapter/v2" className="VideoOS.RemoteClient.Application.Controllers.WorkroomController.UnitTest.TabWorkroomControllerTest" name="TestCreateMipTabWorkroom_Two_Success" />
    </UnitTest>
    <UnitTest name="GetIsOpenStreetMapValid_ShouldRaiseArgumentNullException_WhenOptionManagerIsNull" storage="d:\actions-runner\_work\xpco\xpco\allsolutions\..\sc\components\remoteviewer\smartclient\tst\zsmartclient_unittest\bin\x64\debug\net6.0-windows\zsmartclient_unittest.dll" id="843dae0b-b140-3d67-5588-10bfec2781a8">
      <TestCategory>
        <TestCategoryItem TestCategory="GisMapData.Controllers.Osm" />
      </TestCategory>
      <Execution id="ac3f2c12-a706-4bc4-b72c-831ef64b009b" />
      <TestMethod codeBase="D:\actions-runner\_work\XPCO\XPCO\AllSolutions\..\SC\Components\RemoteViewer\SmartClient\tst\zSmartClient_UnitTest\bin\x64\Debug\net6.0-windows\zSmartClient_UnitTest.dll" adapterTypeName="executor://mstestadapter/v2" className="SmartClient_UnitTest.VideoOS.RemoteClient.GisMapData.Controllers.Osm.GisMapOsmControllerTests" name="GetIsOpenStreetMapValid_ShouldRaiseArgumentNullException_WhenOptionManagerIsNull" />
    </UnitTest>
    <UnitTest name="Constructor_ShouldRaiseArgumentNullException_WhenGisMapModelIsNull" storage="d:\actions-runner\_work\xpco\xpco\allsolutions\..\sc\components\remoteviewer\smartclient\tst\zsmartclient_unittest\bin\x64\debug\net6.0-windows\zsmartclient_unittest.dll" id="0fc44201-8e69-82b3-88da-4213b7a1319c">
      <TestCategory>
        <TestCategoryItem TestCategory="GisMap.Handlers.Devices.MapItems" />
      </TestCategory>
      <Execution id="a7785ce0-38b3-496b-bd9b-5ff729c53002" />
      <TestMethod codeBase="D:\actions-runner\_work\XPCO\XPCO\AllSolutions\..\SC\Components\RemoteViewer\SmartClient\tst\zSmartClient_UnitTest\bin\x64\Debug\net6.0-windows\zSmartClient_UnitTest.dll" adapterTypeName="executor://mstestadapter/v2" className="SmartClient_UnitTest.VideoOS.RemoteClient.Plugin.GisMap.Handlers.Devices.MapItems.OutputDataHandlerTests" name="Constructor_ShouldRaiseArgumentNullException_WhenGisMapModelIsNull" />
    </UnitTest>
    <UnitTest name="SupportsDoubleClick_ShouldBeTrue_WhenInteractionStateIsNormalAndInSetupMode" storage="d:\actions-runner\_work\xpco\xpco\allsolutions\..\sc\components\remoteviewer\smartclient\tst\zsmartclient_unittest\bin\x64\debug\net6.0-windows\zsmartclient_unittest.dll" id="7aa29abd-7d3e-a7dc-4d9c-0edf39d05bae">
      <TestCategory>
        <TestCategoryItem TestCategory="GisMap.LegacyLinkMarker" />
      </TestCategory>
      <Execution id="09848471-fa74-4274-bbfb-62e142e69874" />
      <TestMethod codeBase="D:\actions-runner\_work\XPCO\XPCO\AllSolutions\..\SC\Components\RemoteViewer\SmartClient\tst\zSmartClient_UnitTest\bin\x64\Debug\net6.0-windows\zSmartClient_UnitTest.dll" adapterTypeName="executor://mstestadapter/v2" className="SmartClient_UnitTest.VideoOS.RemoteClient.Plugin.GisMap.ThinkGeoMap.Markers.LegacyLinkMarker.LegacyLinkMarkerTests" name="SupportsDoubleClick_ShouldBeTrue_WhenInteractionStateIsNormalAndInSetupMode" />
    </UnitTest>
    <UnitTest name="GridSizeTest" storage="d:\actions-runner\_work\xpco\xpco\allsolutions\..\sc\components\remoteviewer\smartclient\tst\zsmartclient_unittest\bin\x64\debug\net6.0-windows\zsmartclient_unittest.dll" id="f8d3c854-1d0a-1d27-f1f9-7cfc35295620">
      <Execution id="7db98756-7274-4360-bd67-732f56fa7b6d" />
      <TestMethod codeBase="D:\actions-runner\_work\XPCO\XPCO\AllSolutions\..\SC\Components\RemoteViewer\SmartClient\tst\zSmartClient_UnitTest\bin\x64\Debug\net6.0-windows\zSmartClient_UnitTest.dll" adapterTypeName="executor://mstestadapter/v2" className="SmartClient_UnitTest.VideoOS.RemoteClient.Application.Data.ContentTypes.CameraContentType.PrivacyMaskTest" name="GridSizeTest" />
    </UnitTest>
    <UnitTest name="Serialize_SearchDefinitionWithNonSerializableFilterValue_FilterValueOmitted" storage="d:\actions-runner\_work\xpco\xpco\allsolutions\..\sc\components\remoteviewer\smartclient\tst\zsmartclient_unittest\bin\x64\debug\net6.0-windows\zsmartclient_unittest.dll" id="239b3280-9e3f-daec-90e9-2d7422e5091c">
      <TestCategory>
        <TestCategoryItem TestCategory="SearchSerialization" />
      </TestCategory>
      <Execution id="72ef5746-8145-4bf7-a8e5-1f7c36a60552" />
      <TestMethod codeBase="D:\actions-runner\_work\XPCO\XPCO\AllSolutions\..\SC\Components\RemoteViewer\SmartClient\tst\zSmartClient_UnitTest\bin\x64\Debug\net6.0-windows\zSmartClient_UnitTest.dll" adapterTypeName="executor://mstestadapter/v2" className="SmartClient_UnitTest.VideoOS.RemoteClient.Plugin.CentralizedSearch.Models.Serialization.SearchSerializerTests" name="Serialize_SearchDefinitionWithNonSerializableFilterValue_FilterValueOmitted" />
    </UnitTest>
    <UnitTest name="SupportsRightClick_ShouldBeFalse_WhenInteractionStateIsNotNormal" storage="d:\actions-runner\_work\xpco\xpco\allsolutions\..\sc\components\remoteviewer\smartclient\tst\zsmartclient_unittest\bin\x64\debug\net6.0-windows\zsmartclient_unittest.dll" id="a7e344e1-2528-5469-f149-8c729b6a9d91">
      <TestCategory>
        <TestCategoryItem TestCategory="GisMap.LocationMarker" />
      </TestCategory>
      <Execution id="43bd00c7-7a12-4f22-8818-f7066b5d3a4f" />
      <TestMethod codeBase="D:\actions-runner\_work\XPCO\XPCO\AllSolutions\..\SC\Components\RemoteViewer\SmartClient\tst\zSmartClient_UnitTest\bin\x64\Debug\net6.0-windows\zSmartClient_UnitTest.dll" adapterTypeName="executor://mstestadapter/v2" className="SmartClient_UnitTest.VideoOS.RemoteClient.Plugin.GisMap.ThinkGeoMap.Markers.LocationMarker.LocationMarkerTests" name="SupportsRightClick_ShouldBeFalse_WhenInteractionStateIsNotNormal" />
    </UnitTest>
    <UnitTest name="PatrollingProfileViewModelTest_IsInEditMode_IsNotInEditMode_Unset" storage="d:\actions-runner\_work\xpco\xpco\allsolutions\..\sc\components\remoteviewer\smartclient\tst\zsmartclient_unittest\bin\x64\debug\net6.0-windows\zsmartclient_unittest.dll" id="a2a3a958-6508-e929-6708-500cc4e3cc3a">
      <Execution id="0d8fbf89-03ff-47a0-aa39-714f4c736313" />
      <TestMethod codeBase="D:\actions-runner\_work\XPCO\XPCO\AllSolutions\..\SC\Components\RemoteViewer\SmartClient\tst\zSmartClient_UnitTest\bin\x64\Debug\net6.0-windows\zSmartClient_UnitTest.dll" adapterTypeName="executor://mstestadapter/v2" className="SmartClient_UnitTest.VideoOS.RemoteClient.Application.UI.PtzPreset.PatrollingViewModel.PatrollingProfileViewModelTest" name="PatrollingProfileViewModelTest_IsInEditMode_IsNotInEditMode_Unset" />
    </UnitTest>
    <UnitTest name="TestConstructor_windowManagerIsNull_FailWithArgumentNullException" storage="d:\actions-runner\_work\xpco\xpco\allsolutions\..\sc\components\remoteviewer\smartclient\tst\zsmartclient_unittest\bin\x64\debug\net6.0-windows\zsmartclient_unittest.dll" id="a786e6a0-7158-6a05-c54a-28647fb14bb7">
      <TestCategory>
        <TestCategoryItem TestCategory="WorkroomController" />
      </TestCategory>
      <Execution id="be43f468-cb7a-4eb9-ab6a-c90876791420" />
      <TestMethod codeBase="D:\actions-runner\_work\XPCO\XPCO\AllSolutions\..\SC\Components\RemoteViewer\SmartClient\tst\zSmartClient_UnitTest\bin\x64\Debug\net6.0-windows\zSmartClient_UnitTest.dll" adapterTypeName="executor://mstestadapter/v2" className="VideoOS.RemoteClient.Application.Controllers.WorkroomController.UnitTest.TabWorkroomControllerTest" name="TestConstructor_windowManagerIsNull_FailWithArgumentNullException" />
    </UnitTest>
    <UnitTest name="PatrollingProfileViewModelTest_Save_CreateProfile" storage="d:\actions-runner\_work\xpco\xpco\allsolutions\..\sc\components\remoteviewer\smartclient\tst\zsmartclient_unittest\bin\x64\debug\net6.0-windows\zsmartclient_unittest.dll" id="61c2e857-2ecc-1265-1a6e-d3f3e6eddf31">
      <Execution id="7c4b2f20-e120-49c7-9a09-9a0d07d10b5d" />
      <TestMethod codeBase="D:\actions-runner\_work\XPCO\XPCO\AllSolutions\..\SC\Components\RemoteViewer\SmartClient\tst\zSmartClient_UnitTest\bin\x64\Debug\net6.0-windows\zSmartClient_UnitTest.dll" adapterTypeName="executor://mstestadapter/v2" className="SmartClient_UnitTest.VideoOS.RemoteClient.Application.UI.PtzPreset.PatrollingViewModel.PatrollingProfileViewModelTest" name="PatrollingProfileViewModelTest_Save_CreateProfile" />
    </UnitTest>
    <UnitTest name="Direction_XPCO_SC_RoundtripTransform_Success" storage="d:\actions-runner\_work\xpco\xpco\allsolutions\..\sc\components\remoteviewer\smartclient\tst\zsmartclient_unittest\bin\x64\debug\net6.0-windows\zsmartclient_unittest.dll" id="78da3d90-e186-2eb8-9d50-1ad80ad9921b">
      <TestCategory>
        <TestCategoryItem TestCategory="GisMap" />
      </TestCategory>
      <Execution id="e2ee4929-a3b9-4b52-9772-a856554d4b5a" />
      <TestMethod codeBase="D:\actions-runner\_work\XPCO\XPCO\AllSolutions\..\SC\Components\RemoteViewer\SmartClient\tst\zSmartClient_UnitTest\bin\x64\Debug\net6.0-windows\zSmartClient_UnitTest.dll" adapterTypeName="executor://mstestadapter/v2" className="SmartClient_UnitTest.VideoOS.RemoteClient.GisMap.Utilities.GisUtilityTests" name="Direction_XPCO_SC_RoundtripTransform_Success" />
    </UnitTest>
    <UnitTest name="OnLoaded_NoDataContext_DoesNotCrash" storage="d:\actions-runner\_work\xpco\xpco\allsolutions\..\sc\components\remoteviewer\smartclient\tst\zsmartclient_unittest\bin\x64\debug\net6.0-windows\zsmartclient_unittest.dll" id="5803be46-e356-847f-cccc-58e283b812ae">
      <TestCategory>
        <TestCategoryItem TestCategory="Search" />
      </TestCategory>
      <Execution id="0be1355e-031e-4f23-8cce-4f7e1527f20a" />
      <TestMethod codeBase="D:\actions-runner\_work\XPCO\XPCO\AllSolutions\..\SC\Components\RemoteViewer\SmartClient\tst\zSmartClient_UnitTest\bin\x64\Debug\net6.0-windows\zSmartClient_UnitTest.dll" adapterTypeName="executor://mstestadapter/v2" className="SmartClient_UnitTest.VideoOS.RemoteClient.Plugin.CentralizedSearch.Views.SearchResultContainerViewTests" name="OnLoaded_NoDataContext_DoesNotCrash" />
    </UnitTest>
    <UnitTest name="Password1 valid, Password 2 invalid, higher length" storage="d:\actions-runner\_work\xpco\xpco\allsolutions\..\sc\components\remoteviewer\smartclient\tst\zsmartclient_unittest\bin\x64\debug\net6.0-windows\zsmartclient_unittest.dll" id="abc7abf0-9397-c3e5-30a2-27064f8066b3">
      <TestCategory>
        <TestCategoryItem TestCategory="Export" />
      </TestCategory>
      <Execution id="469ab97b-5547-4c7b-acd4-7699174b88ac" />
      <TestMethod codeBase="D:\actions-runner\_work\XPCO\XPCO\AllSolutions\..\SC\Components\RemoteViewer\SmartClient\tst\zSmartClient_UnitTest\bin\x64\Debug\net6.0-windows\zSmartClient_UnitTest.dll" adapterTypeName="executor://mstestadapter/v2" className="SmartClient_UnitTest.VideoOS.RemoteClient.Plugin.Export.PasswordDialogViewModelTests" name="ArePasswordsValid_ShouldDependOnPassword1AndPassword2" />
    </UnitTest>
    <UnitTest name="ToUnsafeName_SingleSafeName_Success" storage="d:\actions-runner\_work\xpco\xpco\allsolutions\..\sc\components\remoteviewer\smartclient\tst\zsmartclient_unittest\bin\x64\debug\net6.0-windows\zsmartclient_unittest.dll" id="1869091f-40a7-b7a8-b1dc-92bece636d41">
      <Execution id="4dfdf980-b78b-4fc7-80a5-36b3fb8818b8" />
      <TestMethod codeBase="D:\actions-runner\_work\XPCO\XPCO\AllSolutions\..\SC\Components\RemoteViewer\SmartClient\tst\zSmartClient_UnitTest\bin\x64\Debug\net6.0-windows\zSmartClient_UnitTest.dll" adapterTypeName="executor://mstestadapter/v2" className="SmartClient_UnitTest.VideoOS.RemoteClient.Application.Common.Scripting.ReservedJavascriptKeywordsTests" name="ToUnsafeName_SingleSafeName_Success" />
    </UnitTest>
    <UnitTest name="CreateExportDialog_ProjectCommentOnlyVisible_WhenSmartClientFormatIsIncluded" storage="d:\actions-runner\_work\xpco\xpco\allsolutions\..\sc\components\remoteviewer\smartclient\tst\zsmartclient_unittest\bin\x64\debug\net6.0-windows\zsmartclient_unittest.dll" id="f1b8d3af-7232-b482-4982-8c83d005f2cf">
      <TestCategory>
        <TestCategoryItem TestCategory="Export" />
      </TestCategory>
      <Execution id="478fea5b-fcc4-45b0-976a-f1b30fb30734" />
      <TestMethod codeBase="D:\actions-runner\_work\XPCO\XPCO\AllSolutions\..\SC\Components\RemoteViewer\SmartClient\tst\zSmartClient_UnitTest\bin\x64\Debug\net6.0-windows\zSmartClient_UnitTest.dll" adapterTypeName="executor://mstestadapter/v2" className="SmartClient_UnitTest.VideoOS.RemoteClient.Plugin.Export.CreateExportDialogViewModelTests" name="CreateExportDialog_ProjectCommentOnlyVisible_WhenSmartClientFormatIsIncluded" />
    </UnitTest>
    <UnitTest name="CameraMapItem_ForceActivateAsync_InBuilding_Success" storage="d:\actions-runner\_work\xpco\xpco\allsolutions\..\sc\components\remoteviewer\smartclient\tst\zsmartclient_unittest\bin\x64\debug\net6.0-windows\zsmartclient_unittest.dll" id="43d61832-991c-baec-6981-658713b1dd1b">
      <TestCategory>
        <TestCategoryItem TestCategory="GisMapMapItem" />
      </TestCategory>
      <Execution id="63d2882d-3167-45e9-ab83-7da6990a83f2" />
      <TestMethod codeBase="D:\actions-runner\_work\XPCO\XPCO\AllSolutions\..\SC\Components\RemoteViewer\SmartClient\tst\zSmartClient_UnitTest\bin\x64\Debug\net6.0-windows\zSmartClient_UnitTest.dll" adapterTypeName="executor://mstestadapter/v2" className="SmartClient_UnitTest.VideoOS.RemoteClient.GisMap.MapItem.MapItemTests" name="CameraMapItem_ForceActivateAsync_InBuilding_Success" />
    </UnitTest>
    <UnitTest name="RightClick_ShouldNotSetContextMenu_WhenHostIsContextMenuAware" storage="d:\actions-runner\_work\xpco\xpco\allsolutions\..\sc\components\remoteviewer\smartclient\tst\zsmartclient_unittest\bin\x64\debug\net6.0-windows\zsmartclient_unittest.dll" id="9b197971-a4a0-f2e7-cf86-c42cab4fc0ac">
      <TestCategory>
        <TestCategoryItem TestCategory="MapItemMarkerBase" />
      </TestCategory>
      <Execution id="8679c2bb-4015-4b6a-aa1f-cff82f0ed9b0" />
      <TestMethod codeBase="D:\actions-runner\_work\XPCO\XPCO\AllSolutions\..\SC\Components\RemoteViewer\SmartClient\tst\zSmartClient_UnitTest\bin\x64\Debug\net6.0-windows\zSmartClient_UnitTest.dll" adapterTypeName="executor://mstestadapter/v2" className="SmartClient_UnitTest.VideoOS.RemoteClient.Plugin.GisMap.ThinkGeoMap.Markers.MapItemMarkerBaseTests" name="RightClick_ShouldNotSetContextMenu_WhenHostIsContextMenuAware" />
    </UnitTest>
    <UnitTest name="Constructor_ShouldInitializeProperties_WhenCalled" storage="d:\actions-runner\_work\xpco\xpco\allsolutions\..\sc\components\remoteviewer\smartclient\tst\zsmartclient_unittest\bin\x64\debug\net6.0-windows\zsmartclient_unittest.dll" id="5770b0b5-2a66-8eb2-b129-73ab244ff2c9">
      <TestCategory>
        <TestCategoryItem TestCategory="GisMap.UI.DeviceSelectors.PanelComponents" />
      </TestCategory>
      <Execution id="db2ebeec-1ff2-462c-9223-4d147d9fbd52" />
      <TestMethod codeBase="D:\actions-runner\_work\XPCO\XPCO\AllSolutions\..\SC\Components\RemoteViewer\SmartClient\tst\zSmartClient_UnitTest\bin\x64\Debug\net6.0-windows\zSmartClient_UnitTest.dll" adapterTypeName="executor://mstestadapter/v2" className="SmartClient_UnitTest.VideoOS.RemoteClient.Plugin.GisMap.UI.DeviceSelectors.PanelComponents.DeviceSelectorPanelComponentTests" name="Constructor_ShouldInitializeProperties_WhenCalled" />
    </UnitTest>
    <UnitTest name="DeviceIcons_ShouldNotBeEmpty_WhenCalled" storage="d:\actions-runner\_work\xpco\xpco\allsolutions\..\sc\components\remoteviewer\smartclient\tst\zsmartclient_unittest\bin\x64\debug\net6.0-windows\zsmartclient_unittest.dll" id="880da315-51a5-facb-4f5d-0ceb4daad608">
      <TestCategory>
        <TestCategoryItem TestCategory="GisMapData.OutputOemResourcesProviderTests" />
      </TestCategory>
      <Execution id="01f77c49-bcad-44f8-a269-a44f237e8e13" />
      <TestMethod codeBase="D:\actions-runner\_work\XPCO\XPCO\AllSolutions\..\SC\Components\RemoteViewer\SmartClient\tst\zSmartClient_UnitTest\bin\x64\Debug\net6.0-windows\zSmartClient_UnitTest.dll" adapterTypeName="executor://mstestadapter/v2" className="SmartClient_UnitTest.VideoOS.RemoteClient.GisMapData.Resources.OutputOemResourcesProviderTests" name="DeviceIcons_ShouldNotBeEmpty_WhenCalled" />
    </UnitTest>
    <UnitTest name="ListenToMicrophone_ShouldBeCalled_WhenMicrophoneStateChangesToUnmuted" storage="d:\actions-runner\_work\xpco\xpco\allsolutions\..\sc\components\remoteviewer\smartclient\tst\zsmartclient_unittest\bin\x64\debug\net6.0-windows\zsmartclient_unittest.dll" id="a8d5f143-40e9-2f91-37a6-26e5ad4ff867">
      <TestCategory>
        <TestCategoryItem TestCategory="GisMapAudioController" />
      </TestCategory>
      <Execution id="930895b2-2ee1-4192-bf2e-2a55faa9d706" />
      <TestMethod codeBase="D:\actions-runner\_work\XPCO\XPCO\AllSolutions\..\SC\Components\RemoteViewer\SmartClient\tst\zSmartClient_UnitTest\bin\x64\Debug\net6.0-windows\zSmartClient_UnitTest.dll" adapterTypeName="executor://mstestadapter/v2" className="SmartClient_UnitTest.VideoOS.RemoteClient.GisMapData.GisMapAudioControllerTests" name="ListenToMicrophone_ShouldBeCalled_WhenMicrophoneStateChangesToUnmuted" />
    </UnitTest>
    <UnitTest name="SupportsDoubleClick_ShouldBeTrue_WhenInteractionStateIsNormal" storage="d:\actions-runner\_work\xpco\xpco\allsolutions\..\sc\components\remoteviewer\smartclient\tst\zsmartclient_unittest\bin\x64\debug\net6.0-windows\zsmartclient_unittest.dll" id="400c5eaf-48ad-3c64-9e1d-3969836d1b6d">
      <TestCategory>
        <TestCategoryItem TestCategory="GisMap.MicrophoneMarkerTest" />
      </TestCategory>
      <Execution id="c81f10be-e99a-4e5e-a0cf-3fe7cb7d7af1" />
      <TestMethod codeBase="D:\actions-runner\_work\XPCO\XPCO\AllSolutions\..\SC\Components\RemoteViewer\SmartClient\tst\zSmartClient_UnitTest\bin\x64\Debug\net6.0-windows\zSmartClient_UnitTest.dll" adapterTypeName="executor://mstestadapter/v2" className="SmartClient_UnitTest.VideoOS.RemoteClient.Plugin.GisMap.ThinkGeoMap.Markers.DeviceMarkers.MicrophoneMarker.MicrophoneMarkerTests" name="SupportsDoubleClick_ShouldBeTrue_WhenInteractionStateIsNormal" />
    </UnitTest>
    <UnitTest name="TestForAssemblyCoverage" storage="d:\actions-runner\_work\xpco\xpco\allsolutions\..\sc\components\remoteviewer\smartclient\tst\zsmartclient_unittest\bin\x64\debug\net6.0-windows\zsmartclient_unittest.dll" id="1d2a1f8c-9df5-1e11-ff05-9be1bb8085db">
      <Execution id="95a7d08f-ff7f-4078-af64-1b9946675f86" />
      <TestMethod codeBase="D:\actions-runner\_work\XPCO\XPCO\AllSolutions\..\SC\Components\RemoteViewer\SmartClient\tst\zSmartClient_UnitTest\bin\x64\Debug\net6.0-windows\zSmartClient_UnitTest.dll" adapterTypeName="executor://mstestadapter/v2" className="SmartClient_UnitTest.VideoOS.RemoteClient.MainForm.UnitTest1" name="TestForAssemblyCoverage" />
    </UnitTest>
    <UnitTest name="ClearSelectedCommand_ClearsTheSelectedResults" storage="d:\actions-runner\_work\xpco\xpco\allsolutions\..\sc\components\remoteviewer\smartclient\tst\zsmartclient_unittest\bin\x64\debug\net6.0-windows\zsmartclient_unittest.dll" id="6cf12226-4d60-3448-6119-955749ad1a56">
      <TestCategory>
        <TestCategoryItem TestCategory="SearchResultActionBarViewModel" />
      </TestCategory>
      <Execution id="9194f311-b3a3-4cfc-afde-22a26c596853" />
      <TestMethod codeBase="D:\actions-runner\_work\XPCO\XPCO\AllSolutions\..\SC\Components\RemoteViewer\SmartClient\tst\zSmartClient_UnitTest\bin\x64\Debug\net6.0-windows\zSmartClient_UnitTest.dll" adapterTypeName="executor://mstestadapter/v2" className="SmartClient_UnitTest.VideoOS.RemoteClient.Plugin.CentralizedSearch.ViewModels.SearchResultsActionBarViewModelTest" name="ClearSelectedCommand_ClearsTheSelectedResults" />
    </UnitTest>
    <UnitTest name="SearchEventsAsync_ShouldReturnNull_WhenAccessControlLoginInfoIsNull" storage="d:\actions-runner\_work\xpco\xpco\allsolutions\..\sc\components\remoteviewer\smartclient\tst\zsmartclient_unittest\bin\x64\debug\net6.0-windows\zsmartclient_unittest.dll" id="ecb78db4-fbd8-8b6b-a357-e550309c3c9c">
      <TestCategory>
        <TestCategoryItem TestCategory="AccessControl" />
      </TestCategory>
      <Execution id="5deef480-6443-4d99-aec9-66229e3c4352" />
      <TestMethod codeBase="D:\actions-runner\_work\XPCO\XPCO\AllSolutions\..\SC\Components\RemoteViewer\SmartClient\tst\zSmartClient_UnitTest\bin\x64\Debug\net6.0-windows\zSmartClient_UnitTest.dll" adapterTypeName="executor://mstestadapter/v2" className="SmartClient_UnitTest.VideoOS.RemoteClient.AccessControl.AccessControlManagerCoreTests" name="SearchEventsAsync_ShouldReturnNull_WhenAccessControlLoginInfoIsNull" />
    </UnitTest>
    <UnitTest name="ToDenormalizedDirection_Minus0_5" storage="d:\actions-runner\_work\xpco\xpco\allsolutions\..\sc\components\remoteviewer\smartclient\tst\zsmartclient_unittest\bin\x64\debug\net6.0-windows\zsmartclient_unittest.dll" id="27435069-3b26-ac29-8504-ccee8722f11b">
      <TestCategory>
        <TestCategoryItem TestCategory="GisMap" />
      </TestCategory>
      <Execution id="9cabe8a5-cba5-456a-ab8f-18944231bc74" />
      <TestMethod codeBase="D:\actions-runner\_work\XPCO\XPCO\AllSolutions\..\SC\Components\RemoteViewer\SmartClient\tst\zSmartClient_UnitTest\bin\x64\Debug\net6.0-windows\zSmartClient_UnitTest.dll" adapterTypeName="executor://mstestadapter/v2" className="SmartClient_UnitTest.VideoOS.RemoteClient.GisMap.Utilities.GisUtilityTests" name="ToDenormalizedDirection_Minus0_5" />
    </UnitTest>
    <UnitTest name="DrawCore_ShouldNotDisplayClusterMarkers_WhenClusteringDisabled" storage="d:\actions-runner\_work\xpco\xpco\allsolutions\..\sc\components\remoteviewer\smartclient\tst\zsmartclient_unittest\bin\x64\debug\net6.0-windows\zsmartclient_unittest.dll" id="701dc107-7f79-fab2-b18e-55df056f2ab4">
      <TestCategory>
        <TestCategoryItem TestCategory="SmartMap.MapItemsOverlay" />
      </TestCategory>
      <Execution id="74da2482-6757-44d7-bda1-c75154ae5dca" />
      <TestMethod codeBase="D:\actions-runner\_work\XPCO\XPCO\AllSolutions\..\SC\Components\RemoteViewer\SmartClient\tst\zSmartClient_UnitTest\bin\x64\Debug\net6.0-windows\zSmartClient_UnitTest.dll" adapterTypeName="executor://mstestadapter/v2" className="SmartClient_UnitTest.VideoOS.RemoteClient.Plugin.GisMap.ThinkGeoMap.SpecializedOverlays.Overlays.MapItemsOverlayTests" name="DrawCore_ShouldNotDisplayClusterMarkers_WhenClusteringDisabled" />
    </UnitTest>
    <UnitTest name="Perform_FirstAction_Success" storage="d:\actions-runner\_work\xpco\xpco\allsolutions\..\sc\components\remoteviewer\smartclient\tst\zsmartclient_unittest\bin\x64\debug\net6.0-windows\zsmartclient_unittest.dll" id="ecf00477-94a3-5251-4140-6240ac1b0b60">
      <TestCategory>
        <TestCategoryItem TestCategory="UI.Facilitators" />
      </TestCategory>
      <Execution id="f3ba334c-fe2b-4caf-a913-c96964579bdb" />
      <TestMethod codeBase="D:\actions-runner\_work\XPCO\XPCO\AllSolutions\..\SC\Components\RemoteViewer\SmartClient\tst\zSmartClient_UnitTest\bin\x64\Debug\net6.0-windows\zSmartClient_UnitTest.dll" adapterTypeName="executor://mstestadapter/v2" className="SmartClient_UnitTest.VideoOS.UI.Common.EventDrivenBufferWithDelayTests" name="Perform_FirstAction_Success" />
    </UnitTest>
    <UnitTest name="RightButtonUp_ShouldNotChangeActiveInteractionState_WhenInteractionStateIsAddNewDevice" storage="d:\actions-runner\_work\xpco\xpco\allsolutions\..\sc\components\remoteviewer\smartclient\tst\zsmartclient_unittest\bin\x64\debug\net6.0-windows\zsmartclient_unittest.dll" id="dfb5cf56-cecf-f905-a0de-98205eae9749">
      <TestCategory>
        <TestCategoryItem TestCategory="GisMap.MapControl" />
      </TestCategory>
      <Execution id="7b069793-4334-4ca0-8712-59186d6c5a39" />
      <TestMethod codeBase="D:\actions-runner\_work\XPCO\XPCO\AllSolutions\..\SC\Components\RemoteViewer\SmartClient\tst\zSmartClient_UnitTest\bin\x64\Debug\net6.0-windows\zSmartClient_UnitTest.dll" adapterTypeName="executor://mstestadapter/v2" className="SmartClient_UnitTest.VideoOS.RemoteClient.Plugin.GisMap.ThinkGeoMap.ThinkGeoMapControlTests" name="RightButtonUp_ShouldNotChangeActiveInteractionState_WhenInteractionStateIsAddNewDevice" />
    </UnitTest>
    <UnitTest name="ToDenormalizedFieldOfView_0_5" storage="d:\actions-runner\_work\xpco\xpco\allsolutions\..\sc\components\remoteviewer\smartclient\tst\zsmartclient_unittest\bin\x64\debug\net6.0-windows\zsmartclient_unittest.dll" id="53bc71ef-c08f-8372-fdf8-0535984f2d5b">
      <TestCategory>
        <TestCategoryItem TestCategory="GisMap" />
      </TestCategory>
      <Execution id="b51800a5-d717-4d76-88f7-88549a5fdb7a" />
      <TestMethod codeBase="D:\actions-runner\_work\XPCO\XPCO\AllSolutions\..\SC\Components\RemoteViewer\SmartClient\tst\zSmartClient_UnitTest\bin\x64\Debug\net6.0-windows\zSmartClient_UnitTest.dll" adapterTypeName="executor://mstestadapter/v2" className="SmartClient_UnitTest.VideoOS.RemoteClient.GisMap.Utilities.GisUtilityTests" name="ToDenormalizedFieldOfView_0_5" />
    </UnitTest>
    <UnitTest name="SearchResultsReady_ShouldReturnAllResults_WhenSearchResultIdsAreUnique" storage="d:\actions-runner\_work\xpco\xpco\allsolutions\..\sc\components\remoteviewer\smartclient\tst\zsmartclient_unittest\bin\x64\debug\net6.0-windows\zsmartclient_unittest.dll" id="7f31e1a8-eb37-a7f7-05cb-b001ed2dcb3c">
      <TestCategory>
        <TestCategoryItem TestCategory="SearchModels" />
      </TestCategory>
      <Execution id="527ed9bd-fa69-49c9-832f-5be51c8e6904" />
      <TestMethod codeBase="D:\actions-runner\_work\XPCO\XPCO\AllSolutions\..\SC\Components\RemoteViewer\SmartClient\tst\zSmartClient_UnitTest\bin\x64\Debug\net6.0-windows\zSmartClient_UnitTest.dll" adapterTypeName="executor://mstestadapter/v2" className="SmartClient_UnitTest.VideoOS.RemoteClient.Plugin.CentralizedSearch.Models.SearchModelTests" name="SearchResultsReady_ShouldReturnAllResults_WhenSearchResultIdsAreUnique" />
    </UnitTest>
    <UnitTest name="AndOrSearchDefinitionToCornerRadiusMultiConverter_CallConvert_Or" storage="d:\actions-runner\_work\xpco\xpco\allsolutions\..\sc\components\remoteviewer\smartclient\tst\zsmartclient_unittest\bin\x64\debug\net6.0-windows\zsmartclient_unittest.dll" id="c620d01b-a235-adbe-ef3b-c8f7cbb07bda">
      <TestCategory>
        <TestCategoryItem TestCategory="SearchConverter" />
      </TestCategory>
      <Execution id="d7b1c00b-16a7-445b-8b46-4e6587d4faf0" />
      <TestMethod codeBase="D:\actions-runner\_work\XPCO\XPCO\AllSolutions\..\SC\Components\RemoteViewer\SmartClient\tst\zSmartClient_UnitTest\bin\x64\Debug\net6.0-windows\zSmartClient_UnitTest.dll" adapterTypeName="executor://mstestadapter/v2" className="SmartClient_UnitTest.VideoOS.RemoteClient.Plugin.CentralizedSearch.Views.Converters.AndOrSearchDefinitionMultiConverterTests" name="AndOrSearchDefinitionToCornerRadiusMultiConverter_CallConvert_Or" />
    </UnitTest>
    <UnitTest name="CalculateNewExtent_ShouldScaleEvenly_WhenWithinMaxInUpperRight" storage="d:\actions-runner\_work\xpco\xpco\allsolutions\..\sc\components\remoteviewer\smartclient\tst\zsmartclient_unittest\bin\x64\debug\net6.0-windows\zsmartclient_unittest.dll" id="471a9d0c-0431-d46b-1459-094d77836e47">
      <TestCategory>
        <TestCategoryItem TestCategory="MipItemsUpdateStrategy" />
      </TestCategory>
      <Execution id="91ac8179-1b7c-4a35-8e0e-2b88443f64fb" />
      <TestMethod codeBase="D:\actions-runner\_work\XPCO\XPCO\AllSolutions\..\SC\Components\RemoteViewer\SmartClient\tst\zSmartClient_UnitTest\bin\x64\Debug\net6.0-windows\zSmartClient_UnitTest.dll" adapterTypeName="executor://mstestadapter/v2" className="SmartClient_UnitTest.VideoOS.RemoteClient.Plugin.GisMap.MIP.MipItemsUpdateStrategyTests" name="CalculateNewExtent_ShouldScaleEvenly_WhenWithinMaxInUpperRight" />
    </UnitTest>
    <UnitTest name="Deserialize_ShouldIncludeCombineTypeOr_WhenCombineTypeIsOrInXml" storage="d:\actions-runner\_work\xpco\xpco\allsolutions\..\sc\components\remoteviewer\smartclient\tst\zsmartclient_unittest\bin\x64\debug\net6.0-windows\zsmartclient_unittest.dll" id="77328071-fcbe-8814-7b38-9b55da6b9e94">
      <TestCategory>
        <TestCategoryItem TestCategory="SearchSerialization" />
      </TestCategory>
      <Execution id="5836c27e-7679-4a51-b3cc-8c21c82d4223" />
      <TestMethod codeBase="D:\actions-runner\_work\XPCO\XPCO\AllSolutions\..\SC\Components\RemoteViewer\SmartClient\tst\zSmartClient_UnitTest\bin\x64\Debug\net6.0-windows\zSmartClient_UnitTest.dll" adapterTypeName="executor://mstestadapter/v2" className="SmartClient_UnitTest.VideoOS.RemoteClient.Plugin.CentralizedSearch.Models.Serialization.SearchSerializerTests" name="Deserialize_ShouldIncludeCombineTypeOr_WhenCombineTypeIsOrInXml" />
    </UnitTest>
    <UnitTest name="InputMapItem_ForceActivateAsync_InBuilding_Success" storage="d:\actions-runner\_work\xpco\xpco\allsolutions\..\sc\components\remoteviewer\smartclient\tst\zsmartclient_unittest\bin\x64\debug\net6.0-windows\zsmartclient_unittest.dll" id="66fabd13-f03e-562d-f4ae-a70f6ebf368b">
      <TestCategory>
        <TestCategoryItem TestCategory="GisMapData.MapItem.Inputs" />
      </TestCategory>
      <Execution id="5abfbd51-0ac5-45be-923b-e99484bfb33a" />
      <TestMethod codeBase="D:\actions-runner\_work\XPCO\XPCO\AllSolutions\..\SC\Components\RemoteViewer\SmartClient\tst\zSmartClient_UnitTest\bin\x64\Debug\net6.0-windows\zSmartClient_UnitTest.dll" adapterTypeName="executor://mstestadapter/v2" className="SmartClient_UnitTest.VideoOS.RemoteClient.GisMapData.MapItem.Inputs.InputMapItemTests" name="InputMapItem_ForceActivateAsync_InBuilding_Success" />
    </UnitTest>
    <UnitTest name="SearchResultsActionBarActions_CreateSnapshot_InvokeCommand_MultipleSnapshotsSucceeded_CorrectStatusTextShown" storage="d:\actions-runner\_work\xpco\xpco\allsolutions\..\sc\components\remoteviewer\smartclient\tst\zsmartclient_unittest\bin\x64\debug\net6.0-windows\zsmartclient_unittest.dll" id="d2b63634-b2a8-712b-6997-a00fbcbd57df">
      <TestCategory>
        <TestCategoryItem TestCategory="SearchResultActionBarViewModel" />
      </TestCategory>
      <Execution id="02363ce1-634e-4a83-a6dc-f75902044a8f" />
      <TestMethod codeBase="D:\actions-runner\_work\XPCO\XPCO\AllSolutions\..\SC\Components\RemoteViewer\SmartClient\tst\zSmartClient_UnitTest\bin\x64\Debug\net6.0-windows\zSmartClient_UnitTest.dll" adapterTypeName="executor://mstestadapter/v2" className="SmartClient_UnitTest.VideoOS.RemoteClient.Plugin.CentralizedSearch.ViewModels.SearchResultsActionBarViewModelTest" name="SearchResultsActionBarActions_CreateSnapshot_InvokeCommand_MultipleSnapshotsSucceeded_CorrectStatusTextShown" />
    </UnitTest>
    <UnitTest name="HandleSetLayerFeatures_ShouldRaiseArgumentException_WhenInputKindAndNotInputLayerFeatures" storage="d:\actions-runner\_work\xpco\xpco\allsolutions\..\sc\components\remoteviewer\smartclient\tst\zsmartclient_unittest\bin\x64\debug\net6.0-windows\zsmartclient_unittest.dll" id="ea6b211e-3258-7db9-8b82-11e88b9536ce">
      <TestCategory>
        <TestCategoryItem TestCategory="GisMapData.Handlers.LayerFeatures" />
      </TestCategory>
      <Execution id="a07f4968-1109-4eaa-b54f-cc69c03b0312" />
      <TestMethod codeBase="D:\actions-runner\_work\XPCO\XPCO\AllSolutions\..\SC\Components\RemoteViewer\SmartClient\tst\zSmartClient_UnitTest\bin\x64\Debug\net6.0-windows\zSmartClient_UnitTest.dll" adapterTypeName="executor://mstestadapter/v2" className="SmartClient_UnitTest.VideoOS.RemoteClient.GisMapData.Handlers.LayerFeatures.InputLayerFeaturesHandlerTests" name="HandleSetLayerFeatures_ShouldRaiseArgumentException_WhenInputKindAndNotInputLayerFeatures" />
    </UnitTest>
    <UnitTest name="ShowAccessControlSystems_ShouldReturnTrue_WhenTwoACSystemsAvailable" storage="d:\actions-runner\_work\xpco\xpco\allsolutions\..\sc\components\remoteviewer\smartclient\tst\zsmartclient_unittest\bin\x64\debug\net6.0-windows\zsmartclient_unittest.dll" id="2393804e-4c64-30b5-d8f4-67c3cee41ca1">
      <Execution id="3cbef72a-297e-45c3-ac82-332f28d42474" />
      <TestMethod codeBase="D:\actions-runner\_work\XPCO\XPCO\AllSolutions\..\SC\Components\RemoteViewer\SmartClient\tst\zSmartClient_UnitTest\bin\x64\Debug\net6.0-windows\zSmartClient_UnitTest.dll" adapterTypeName="executor://mstestadapter/v2" className="SmartClient_UnitTest.VideoOS.RemoteClient.AccessControl.ViewModel.CardholdersTabViewModelTests" name="ShowAccessControlSystems_ShouldReturnTrue_WhenTwoACSystemsAvailable" />
    </UnitTest>
    <UnitTest name="UserInfoDto_ShouldYieldSameValues_WhenRoundTripConverted" storage="d:\actions-runner\_work\xpco\xpco\allsolutions\..\sc\components\remoteviewer\smartclient\tst\zsmartclient_unittest\bin\x64\debug\net6.0-windows\zsmartclient_unittest.dll" id="a721bda0-d060-fd7b-5877-e579358eb55b">
      <TestCategory>
        <TestCategoryItem TestCategory="RecorderProxyToDtoMapping" />
      </TestCategory>
      <Execution id="97d133d4-40a4-4fc9-99d9-0ce539c0b7f5" />
      <TestMethod codeBase="D:\actions-runner\_work\XPCO\XPCO\AllSolutions\..\SC\Components\RemoteViewer\SmartClient\tst\zSmartClient_UnitTest\bin\x64\Debug\net6.0-windows\zSmartClient_UnitTest.dll" adapterTypeName="executor://mstestadapter/v2" className="VideoOS.Shared.ServerAPI.SOAP.RecorderClientMappingTests" name="UserInfoDto_ShouldYieldSameValues_WhenRoundTripConverted" />
    </UnitTest>
    <UnitTest name="Ctor_NullPassedToNotNullParameters_Failure" storage="d:\actions-runner\_work\xpco\xpco\allsolutions\..\sc\components\remoteviewer\smartclient\tst\zsmartclient_unittest\bin\x64\debug\net6.0-windows\zsmartclient_unittest.dll" id="66234323-7949-a946-9adf-97375c9fed0b">
      <TestCategory>
        <TestCategoryItem TestCategory="SearchResultViewModels" />
      </TestCategory>
      <Execution id="6667f191-845c-4320-a09d-321bb78f8f61" />
      <TestMethod codeBase="D:\actions-runner\_work\XPCO\XPCO\AllSolutions\..\SC\Components\RemoteViewer\SmartClient\tst\zSmartClient_UnitTest\bin\x64\Debug\net6.0-windows\zSmartClient_UnitTest.dll" adapterTypeName="executor://mstestadapter/v2" className="SmartClient_UnitTest.VideoOS.RemoteClient.Plugin.CentralizedSearch.ViewModels.SearchResultsViewModelTest" name="Ctor_NullPassedToNotNullParameters_Failure" />
    </UnitTest>
    <UnitTest name="SignUrl_WhereSignatureIsNull_ThrowException" storage="d:\actions-runner\_work\xpco\xpco\allsolutions\..\sc\components\remoteviewer\smartclient\tst\zsmartclient_unittest\bin\x64\debug\net6.0-windows\zsmartclient_unittest.dll" id="8f5491df-5fca-1dbe-cd17-6a2db5019ce9">
      <Execution id="9b58c072-3674-49c6-97b7-261580203928" />
      <TestMethod codeBase="D:\actions-runner\_work\XPCO\XPCO\AllSolutions\..\SC\Components\RemoteViewer\SmartClient\tst\zSmartClient_UnitTest\bin\x64\Debug\net6.0-windows\zSmartClient_UnitTest.dll" adapterTypeName="executor://mstestadapter/v2" className="SmartClient_UnitTest.VideoOS.RemoteClient.Plugin.GisMap.Utilities.GoogleApiUrlTest" name="SignUrl_WhereSignatureIsNull_ThrowException" />
    </UnitTest>
    <UnitTest name="SmartMapGoToPositionHandler_WhenLongitudeIsInvalid_ShouldWriteToLog" storage="d:\actions-runner\_work\xpco\xpco\allsolutions\..\sc\components\remoteviewer\smartclient\tst\zsmartclient_unittest\bin\x64\debug\net6.0-windows\zsmartclient_unittest.dll" id="6fb4919f-9275-fa65-8704-748d9ebfe4e0">
      <Execution id="0a837ecd-8f3b-4124-bcba-c6aa253d135c" />
      <TestMethod codeBase="D:\actions-runner\_work\XPCO\XPCO\AllSolutions\..\SC\Components\RemoteViewer\SmartClient\tst\zSmartClient_UnitTest\bin\x64\Debug\net6.0-windows\zSmartClient_UnitTest.dll" adapterTypeName="executor://mstestadapter/v2" className="SmartClient_UnitTest.VideoOS.RemoteClient.Plugin.GisMap.MIP.ContentHolderMipMessageManagerTests" name="SmartMapGoToPositionHandler_WhenLongitudeIsInvalid_ShouldWriteToLog" />
    </UnitTest>
    <UnitTest name="CameraMapItem_ForceActivateAsync_NotInBuilding_Success" storage="d:\actions-runner\_work\xpco\xpco\allsolutions\..\sc\components\remoteviewer\smartclient\tst\zsmartclient_unittest\bin\x64\debug\net6.0-windows\zsmartclient_unittest.dll" id="d4872f30-d2e7-fc1d-f456-df3197080a48">
      <TestCategory>
        <TestCategoryItem TestCategory="GisMapMapItem" />
      </TestCategory>
      <Execution id="b22156ac-82fa-4aec-b59f-b578ffb15eac" />
      <TestMethod codeBase="D:\actions-runner\_work\XPCO\XPCO\AllSolutions\..\SC\Components\RemoteViewer\SmartClient\tst\zSmartClient_UnitTest\bin\x64\Debug\net6.0-windows\zSmartClient_UnitTest.dll" adapterTypeName="executor://mstestadapter/v2" className="SmartClient_UnitTest.VideoOS.RemoteClient.GisMap.MapItem.MapItemTests" name="CameraMapItem_ForceActivateAsync_NotInBuilding_Success" />
    </UnitTest>
    <UnitTest name="Related_device_with_no_create_rights_not_added_when_in_edit_mode" storage="d:\actions-runner\_work\xpco\xpco\allsolutions\..\sc\components\remoteviewer\smartclient\tst\zsmartclient_unittest\bin\x64\debug\net6.0-windows\zsmartclient_unittest.dll" id="368cb1e4-cb3a-71e3-96c7-b85f55f12c0c">
      <Execution id="3bbdff21-cbe9-4dc9-b9a6-7a95601b3d2a" />
      <TestMethod codeBase="D:\actions-runner\_work\XPCO\XPCO\AllSolutions\..\SC\Components\RemoteViewer\SmartClient\tst\zSmartClient_UnitTest\bin\x64\Debug\net6.0-windows\zSmartClient_UnitTest.dll" adapterTypeName="executor://mstestadapter/v2" className="SmartClient_UnitTest.VideoOS.RemoteClient.Application.Components.EvidenceLock.EvidenceLockRelatedDeviceRightsTests" name="Related_device_with_no_create_rights_not_added_when_in_edit_mode" />
    </UnitTest>
    <UnitTest name="Dispose_ClusterMarkersNotDisposed_WhenMarkerMovedToCache" storage="d:\actions-runner\_work\xpco\xpco\allsolutions\..\sc\components\remoteviewer\smartclient\tst\zsmartclient_unittest\bin\x64\debug\net6.0-windows\zsmartclient_unittest.dll" id="a2585aed-0f0c-4b5a-b559-bb2fb6af779c">
      <TestCategory>
        <TestCategoryItem TestCategory="SmartMap.MapItemsOverlay" />
      </TestCategory>
      <Execution id="1e2a79c8-f663-42d4-bf39-b3496849488c" />
      <TestMethod codeBase="D:\actions-runner\_work\XPCO\XPCO\AllSolutions\..\SC\Components\RemoteViewer\SmartClient\tst\zSmartClient_UnitTest\bin\x64\Debug\net6.0-windows\zSmartClient_UnitTest.dll" adapterTypeName="executor://mstestadapter/v2" className="SmartClient_UnitTest.VideoOS.RemoteClient.Plugin.GisMap.ThinkGeoMap.SpecializedOverlays.Overlays.MapItemsOverlayTests" name="Dispose_ClusterMarkersNotDisposed_WhenMarkerMovedToCache" />
    </UnitTest>
    <UnitTest name="PatrollingProfileListViewModel_DeleteProfileCommand" storage="d:\actions-runner\_work\xpco\xpco\allsolutions\..\sc\components\remoteviewer\smartclient\tst\zsmartclient_unittest\bin\x64\debug\net6.0-windows\zsmartclient_unittest.dll" id="51482505-ca37-9cd6-7636-ffa697390b81">
      <Execution id="a6640c38-8cec-41c3-93b0-b9bba029d9e3" />
      <TestMethod codeBase="D:\actions-runner\_work\XPCO\XPCO\AllSolutions\..\SC\Components\RemoteViewer\SmartClient\tst\zSmartClient_UnitTest\bin\x64\Debug\net6.0-windows\zSmartClient_UnitTest.dll" adapterTypeName="executor://mstestadapter/v2" className="SmartClient_UnitTest.VideoOS.RemoteClient.Application.UI.PtzPreset.PatrollingViewModel.PatrollingProfileListViewModelTest" name="PatrollingProfileListViewModel_DeleteProfileCommand" />
    </UnitTest>
    <UnitTest name="RequiredGuidProviderStrategies_ShouldHaveOneMd5Strategy_WhenEventServerIdsAreNonFipsCompliant" storage="d:\actions-runner\_work\xpco\xpco\allsolutions\..\sc\components\remoteviewer\smartclient\tst\zsmartclient_unittest\bin\x64\debug\net6.0-windows\zsmartclient_unittest.dll" id="da008dea-21a3-bbc8-6446-27067c0278d2">
      <TestCategory>
        <TestCategoryItem TestCategory="AccessControl.Services" />
      </TestCategory>
      <Execution id="c307e418-78b9-4d0c-9117-020e76a31134" />
      <TestMethod codeBase="D:\actions-runner\_work\XPCO\XPCO\AllSolutions\..\SC\Components\RemoteViewer\SmartClient\tst\zSmartClient_UnitTest\bin\x64\Debug\net6.0-windows\zSmartClient_UnitTest.dll" adapterTypeName="executor://mstestadapter/v2" className="SmartClient_UnitTest.VideoOS.RemoteClient.AccessControl.Services.AccessControlGuidProviderTests" name="RequiredGuidProviderStrategies_ShouldHaveOneMd5Strategy_WhenEventServerIdsAreNonFipsCompliant" />
    </UnitTest>
    <UnitTest name="Decorate_ShouldRaiseMissingMethodException_WhenDecoratorUsesLayerVisibilityItemData" storage="d:\actions-runner\_work\xpco\xpco\allsolutions\..\sc\components\remoteviewer\smartclient\tst\zsmartclient_unittest\bin\x64\debug\net6.0-windows\zsmartclient_unittest.dll" id="22f57bdb-c5ee-b53f-99a9-02334618ffe6">
      <TestCategory>
        <TestCategoryItem TestCategory="GisMap.LayerVisibilityItemDataChildrenToggleItemDecoratorTests" />
      </TestCategory>
      <Execution id="1822b4cf-0fe4-4155-8ae7-ea17f1007286" />
      <TestMethod codeBase="D:\actions-runner\_work\XPCO\XPCO\AllSolutions\..\SC\Components\RemoteViewer\SmartClient\tst\zSmartClient_UnitTest\bin\x64\Debug\net6.0-windows\zSmartClient_UnitTest.dll" adapterTypeName="executor://mstestadapter/v2" className="SmartClient_UnitTest.VideoOS.RemoteClient.Plugin.GisMap.ViewModels.LayersVisibility.Decorators.LayerVisibilityItemDataChildrenToggleItemDecoratorTests" name="Decorate_ShouldRaiseMissingMethodException_WhenDecoratorUsesLayerVisibilityItemData" />
    </UnitTest>
    <UnitTest name="RemoveCameraTest" storage="d:\actions-runner\_work\xpco\xpco\allsolutions\..\sc\components\remoteviewer\smartclient\tst\zsmartclient_unittest\bin\x64\debug\net6.0-windows\zsmartclient_unittest.dll" id="2ed74c97-cc2b-13bf-aac4-2247c3b9fbc5">
      <Execution id="b73605d0-1a3d-400e-8bf3-6b19f2d49349" />
      <TestMethod codeBase="D:\actions-runner\_work\XPCO\XPCO\AllSolutions\..\SC\Components\RemoteViewer\SmartClient\tst\zSmartClient_UnitTest\bin\x64\Debug\net6.0-windows\zSmartClient_UnitTest.dll" adapterTypeName="executor://mstestadapter/v2" className="SmartClient_UnitTest.VideoOS.Shared.ServerAPI.IServerConfigurationTest" name="RemoveCameraTest" />
    </UnitTest>
    <UnitTest name="FetchDeviceConfiguration_ShouldLoadFromServer_WhenCacheFileIsNotPresentAndFetchTypeIsOnlyCache" storage="d:\actions-runner\_work\xpco\xpco\allsolutions\..\sc\components\remoteviewer\smartclient\tst\zsmartclient_unittest\bin\x64\debug\net6.0-windows\zsmartclient_unittest.dll" id="6d978bab-aad4-7287-6436-c0f917b175ca">
      <Execution id="57e366c7-11de-4c6e-8b46-1c57591c95e6" />
      <TestMethod codeBase="D:\actions-runner\_work\XPCO\XPCO\AllSolutions\..\SC\Components\RemoteViewer\SmartClient\tst\zSmartClient_UnitTest\bin\x64\Debug\net6.0-windows\zSmartClient_UnitTest.dll" adapterTypeName="executor://mstestadapter/v2" className="SmartClient_UnitTest.VideoOS.RemoteClient.Application.Controllers.Helpers.DeviceConfigurationFetcherTests" name="FetchDeviceConfiguration_ShouldLoadFromServer_WhenCacheFileIsNotPresentAndFetchTypeIsOnlyCache" />
    </UnitTest>
    <UnitTest name="GetIsOpenStreetMapValid_ShouldReturnTrue_WhenGeographicLayerIsAvailableAndAlternativeServerIsEmpty" storage="d:\actions-runner\_work\xpco\xpco\allsolutions\..\sc\components\remoteviewer\smartclient\tst\zsmartclient_unittest\bin\x64\debug\net6.0-windows\zsmartclient_unittest.dll" id="336b8482-3bf7-7f8c-61fa-1897c8b88bb6">
      <TestCategory>
        <TestCategoryItem TestCategory="GisMapData.Controllers.Osm" />
      </TestCategory>
      <Execution id="1e9fbb9b-fbf4-40bc-8e79-dfb8406fb8c4" />
      <TestMethod codeBase="D:\actions-runner\_work\XPCO\XPCO\AllSolutions\..\SC\Components\RemoteViewer\SmartClient\tst\zSmartClient_UnitTest\bin\x64\Debug\net6.0-windows\zSmartClient_UnitTest.dll" adapterTypeName="executor://mstestadapter/v2" className="SmartClient_UnitTest.VideoOS.RemoteClient.GisMapData.Controllers.Osm.GisMapOsmControllerTests" name="GetIsOpenStreetMapValid_ShouldReturnTrue_WhenGeographicLayerIsAvailableAndAlternativeServerIsEmpty" />
    </UnitTest>
    <UnitTest name="ValidateExportFormats_VideoClipFormat_ShouldReturnFailResult_PrePostTextsRequired" storage="d:\actions-runner\_work\xpco\xpco\allsolutions\..\sc\components\remoteviewer\smartclient\tst\zsmartclient_unittest\bin\x64\debug\net6.0-windows\zsmartclient_unittest.dll" id="e9db157d-7d85-2810-0c2d-91345491fde3">
      <TestCategory>
        <TestCategoryItem TestCategory="Export" />
      </TestCategory>
      <Execution id="227545b5-375b-4ebc-ab92-4ff2b3b56537" />
      <TestMethod codeBase="D:\actions-runner\_work\XPCO\XPCO\AllSolutions\..\SC\Components\RemoteViewer\SmartClient\tst\zSmartClient_UnitTest\bin\x64\Debug\net6.0-windows\zSmartClient_UnitTest.dll" adapterTypeName="executor://mstestadapter/v2" className="SmartClient_UnitTest.VideoOS.RemoteClient.Plugin.Export.ExportDataValidatorTests" name="ValidateExportFormats_VideoClipFormat_ShouldReturnFailResult_PrePostTextsRequired" />
    </UnitTest>
    <UnitTest name="GetOsmServerAddress_ShouldReturnAlternativeServerValue_WhenGeographicLayerIsUnavailable" storage="d:\actions-runner\_work\xpco\xpco\allsolutions\..\sc\components\remoteviewer\smartclient\tst\zsmartclient_unittest\bin\x64\debug\net6.0-windows\zsmartclient_unittest.dll" id="738cbe03-e159-a418-8d3e-aaea3bd6f9f5">
      <TestCategory>
        <TestCategoryItem TestCategory="GisMapData.Controllers.Osm" />
      </TestCategory>
      <Execution id="a6b2145a-c409-4dd6-8bee-1dd9ca1fc74d" />
      <TestMethod codeBase="D:\actions-runner\_work\XPCO\XPCO\AllSolutions\..\SC\Components\RemoteViewer\SmartClient\tst\zSmartClient_UnitTest\bin\x64\Debug\net6.0-windows\zSmartClient_UnitTest.dll" adapterTypeName="executor://mstestadapter/v2" className="SmartClient_UnitTest.VideoOS.RemoteClient.GisMapData.Controllers.Osm.GisMapOsmControllerTests" name="GetOsmServerAddress_ShouldReturnAlternativeServerValue_WhenGeographicLayerIsUnavailable" />
    </UnitTest>
    <UnitTest name="ReorderLevels12to21_Success" storage="d:\actions-runner\_work\xpco\xpco\allsolutions\..\sc\components\remoteviewer\smartclient\tst\zsmartclient_unittest\bin\x64\debug\net6.0-windows\zsmartclient_unittest.dll" id="e76554b4-34ba-70cf-dfc9-f4d63f94ac41">
      <TestCategory>
        <TestCategoryItem TestCategory="GisMapBuilding" />
      </TestCategory>
      <Execution id="bf14874e-b0c6-4a79-8401-83ceff216a35" />
      <TestMethod codeBase="D:\actions-runner\_work\XPCO\XPCO\AllSolutions\..\SC\Components\RemoteViewer\SmartClient\tst\zSmartClient_UnitTest\bin\x64\Debug\net6.0-windows\zSmartClient_UnitTest.dll" adapterTypeName="executor://mstestadapter/v2" className="SmartClient_UnitTest.VideoOS.RemoteClient.GisMap.MapBuildingTests" name="ReorderLevels12to21_Success" />
    </UnitTest>
    <UnitTest name="MicrophoneIconStates_ShouldReturnMicrophoneIconStatesInAProperOrder_WhenCalled" storage="d:\actions-runner\_work\xpco\xpco\allsolutions\..\sc\components\remoteviewer\smartclient\tst\zsmartclient_unittest\bin\x64\debug\net6.0-windows\zsmartclient_unittest.dll" id="cb1d8729-ed7e-3666-4cf6-433514c9d9a6">
      <TestCategory>
        <TestCategoryItem TestCategory="GisMapData.MicrophoneOemResourcesProviderTests" />
      </TestCategory>
      <Execution id="e4d2f64c-c789-4184-83f2-3c05c45ebb01" />
      <TestMethod codeBase="D:\actions-runner\_work\XPCO\XPCO\AllSolutions\..\SC\Components\RemoteViewer\SmartClient\tst\zSmartClient_UnitTest\bin\x64\Debug\net6.0-windows\zSmartClient_UnitTest.dll" adapterTypeName="executor://mstestadapter/v2" className="SmartClient_UnitTest.VideoOS.RemoteClient.GisMapData.Resources.MicrophoneOemResourcesProviderTests" name="MicrophoneIconStates_ShouldReturnMicrophoneIconStatesInAProperOrder_WhenCalled" />
    </UnitTest>
    <UnitTest name="IsBackButtonVisible_MappedToViewModel_Success" storage="d:\actions-runner\_work\xpco\xpco\allsolutions\..\sc\components\remoteviewer\smartclient\tst\zsmartclient_unittest\bin\x64\debug\net6.0-windows\zsmartclient_unittest.dll" id="a6949d64-370a-8be7-7bab-9ebfeb9ac327">
      <TestCategory>
        <TestCategoryItem TestCategory="GisMap.GisMapViewFacade" />
      </TestCategory>
      <Execution id="d4f1c863-f109-4fa1-bfb4-59fb9eb7a714" />
      <TestMethod codeBase="D:\actions-runner\_work\XPCO\XPCO\AllSolutions\..\SC\Components\RemoteViewer\SmartClient\tst\zSmartClient_UnitTest\bin\x64\Debug\net6.0-windows\zSmartClient_UnitTest.dll" adapterTypeName="executor://mstestadapter/v2" className="SmartClient_UnitTest.VideoOS.RemoteClient.Plugin.GisMap.IoC.GisMapViewFacadeTests" name="IsBackButtonVisible_MappedToViewModel_Success" />
    </UnitTest>
    <UnitTest name="LoadBoundingShapes_RectangleShape_AddedToUIAndSizedCorrectly" storage="d:\actions-runner\_work\xpco\xpco\allsolutions\..\sc\components\remoteviewer\smartclient\tst\zsmartclient_unittest\bin\x64\debug\net6.0-windows\zsmartclient_unittest.dll" id="d4781dc2-7c6c-059d-3535-c27ddbecee56">
      <Execution id="06c03aa1-43a3-45c2-bfa7-a73505b97c4f" />
      <TestMethod codeBase="D:\actions-runner\_work\XPCO\XPCO\AllSolutions\..\SC\Components\RemoteViewer\SmartClient\tst\zSmartClient_UnitTest\bin\x64\Debug\net6.0-windows\zSmartClient_UnitTest.dll" adapterTypeName="executor://mstestadapter/v2" className="SmartClient_UnitTest.VideoOS.RemoteClient.Plugin.CentralizedSearch.MIPPlugin.Results.VideoSearchResultUserControlTests" name="LoadBoundingShapes_RectangleShape_AddedToUIAndSizedCorrectly" />
    </UnitTest>
    <UnitTest name="Passwords are not the same, higher length" storage="d:\actions-runner\_work\xpco\xpco\allsolutions\..\sc\components\remoteviewer\smartclient\tst\zsmartclient_unittest\bin\x64\debug\net6.0-windows\zsmartclient_unittest.dll" id="9fa629a2-e4bd-6a24-d824-4e64356e274f">
      <TestCategory>
        <TestCategoryItem TestCategory="Export" />
      </TestCategory>
      <Execution id="fccddc2f-0d0a-453a-b0cc-f7845422d05f" />
      <TestMethod codeBase="D:\actions-runner\_work\XPCO\XPCO\AllSolutions\..\SC\Components\RemoteViewer\SmartClient\tst\zSmartClient_UnitTest\bin\x64\Debug\net6.0-windows\zSmartClient_UnitTest.dll" adapterTypeName="executor://mstestadapter/v2" className="SmartClient_UnitTest.VideoOS.RemoteClient.Plugin.Export.PasswordDialogViewModelTests" name="SettingPassword1AndPassword2_ShouldSetIsPassword2Valid" />
    </UnitTest>
    <UnitTest name="Custom, forced" storage="d:\actions-runner\_work\xpco\xpco\allsolutions\..\sc\components\remoteviewer\smartclient\tst\zsmartclient_unittest\bin\x64\debug\net6.0-windows\zsmartclient_unittest.dll" id="52626f5f-39de-9b23-4fa0-8fc2ec03293a">
      <TestCategory>
        <TestCategoryItem TestCategory="Export" />
      </TestCategory>
      <Execution id="a5f08a22-0a06-45ee-823b-f540403a3571" />
      <TestMethod codeBase="D:\actions-runner\_work\XPCO\XPCO\AllSolutions\..\SC\Components\RemoteViewer\SmartClient\tst\zSmartClient_UnitTest\bin\x64\Debug\net6.0-windows\zSmartClient_UnitTest.dll" adapterTypeName="executor://mstestadapter/v2" className="SmartClient_UnitTest.VideoOS.RemoteClient.Plugin.Export.CreateExportDialogViewModelTests" name="CreateExportDialog_ExportPathCanBeModified_BasedOnOptions" />
    </UnitTest>
    <UnitTest name="RemoveDefinition_UnknownDefinition_NoChange" storage="d:\actions-runner\_work\xpco\xpco\allsolutions\..\sc\components\remoteviewer\smartclient\tst\zsmartclient_unittest\bin\x64\debug\net6.0-windows\zsmartclient_unittest.dll" id="d4e46870-eb38-895f-fa8d-62938fc8e119">
      <TestCategory>
        <TestCategoryItem TestCategory="SearchModels" />
      </TestCategory>
      <Execution id="affb62da-9c5d-425e-ac2a-97ed46294734" />
      <TestMethod codeBase="D:\actions-runner\_work\XPCO\XPCO\AllSolutions\..\SC\Components\RemoteViewer\SmartClient\tst\zSmartClient_UnitTest\bin\x64\Debug\net6.0-windows\zSmartClient_UnitTest.dll" adapterTypeName="executor://mstestadapter/v2" className="SmartClient_UnitTest.VideoOS.RemoteClient.Plugin.CentralizedSearch.Models.SearchModelTests" name="RemoveDefinition_UnknownDefinition_NoChange" />
    </UnitTest>
    <UnitTest name="SelectOptions_ShouldNotChangeSelectedComponent_WhenGivenOptionGroupWithNoCorrelatedComponent" storage="d:\actions-runner\_work\xpco\xpco\allsolutions\..\sc\components\remoteviewer\smartclient\tst\zsmartclient_unittest\bin\x64\debug\net6.0-windows\zsmartclient_unittest.dll" id="5cd4b702-56a3-e460-79f3-24a1a68869f7">
      <Execution id="90992b07-6753-43e7-9b3f-f12f7c8a9a13" />
      <TestMethod codeBase="D:\actions-runner\_work\XPCO\XPCO\AllSolutions\..\SC\Components\RemoteViewer\SmartClient\tst\zSmartClient_UnitTest\bin\x64\Debug\net6.0-windows\zSmartClient_UnitTest.dll" adapterTypeName="executor://mstestadapter/v2" className="SmartClient_UnitTest.VideoOS.RemoteClient.Application.UI.Settings.SettingsDialogViewModelTests" name="SelectOptions_ShouldNotChangeSelectedComponent_WhenGivenOptionGroupWithNoCorrelatedComponent" />
    </UnitTest>
    <UnitTest name="PtzSessionControllerInfoConstructorTest_From_PtzSessionInfo_Idle_User" storage="d:\actions-runner\_work\xpco\xpco\allsolutions\..\sc\components\remoteviewer\smartclient\tst\zsmartclient_unittest\bin\x64\debug\net6.0-windows\zsmartclient_unittest.dll" id="e321a84a-46d6-5a10-48a6-04d6f541eeb1">
      <Execution id="7c188d25-a075-4151-a7f3-3da7decb035f" />
      <TestMethod codeBase="D:\actions-runner\_work\XPCO\XPCO\AllSolutions\..\SC\Components\RemoteViewer\SmartClient\tst\zSmartClient_UnitTest\bin\x64\Debug\net6.0-windows\zSmartClient_UnitTest.dll" adapterTypeName="executor://mstestadapter/v2" className="VideoOS.RemoteClient.Application.Controllers.UnitTest.PtzSessionControllerTest" name="PtzSessionControllerInfoConstructorTest_From_PtzSessionInfo_Idle_User" />
    </UnitTest>
    <UnitTest name="GetProductDisplayVersion_ShouldReturnDefault_WhenSmartClientVersionIsNull" storage="d:\actions-runner\_work\xpco\xpco\allsolutions\..\sc\components\remoteviewer\smartclient\tst\zsmartclient_unittest\bin\x64\debug\net6.0-windows\zsmartclient_unittest.dll" id="a68fe85a-0571-5cf5-4ec4-cc94366f30ee">
      <Execution id="6d6fa302-7b59-4eda-92f8-608a5a027921" />
      <TestMethod codeBase="D:\actions-runner\_work\XPCO\XPCO\AllSolutions\..\SC\Components\RemoteViewer\SmartClient\tst\zSmartClient_UnitTest\bin\x64\Debug\net6.0-windows\zSmartClient_UnitTest.dll" adapterTypeName="executor://mstestadapter/v2" className="SmartClient_UnitTest.VideoOS.RemoteClient.Application.Common.Telemetry.SCTelemetrySpecificsTests" name="GetProductDisplayVersion_ShouldReturnDefault_WhenSmartClientVersionIsNull" />
    </UnitTest>
    <UnitTest name="CanMoreRegionsBeAdded_ShouldReturnTrue_WhenMaximumRegionsAllowedIsNotReached" storage="d:\actions-runner\_work\xpco\xpco\allsolutions\..\sc\components\remoteviewer\smartclient\tst\zsmartclient_unittest\bin\x64\debug\net6.0-windows\zsmartclient_unittest.dll" id="2be8ff91-530a-56da-c98c-d25f9ef28970">
      <TestCategory>
        <TestCategoryItem TestCategory="Search.Filters.ViewModels" />
      </TestCategory>
      <Execution id="07c4b7d6-a7e1-45a8-8f49-e5641f1108f2" />
      <TestMethod codeBase="D:\actions-runner\_work\XPCO\XPCO\AllSolutions\..\SC\Components\RemoteViewer\SmartClient\tst\zSmartClient_UnitTest\bin\x64\Debug\net6.0-windows\zSmartClient_UnitTest.dll" adapterTypeName="executor://mstestadapter/v2" className="SmartClient_UnitTest.VideoOS.RemoteClient.Plugin.CentralizedSearch.MIPPlugin.Criteria.ViewModels.RegionSelectionCameraListItemHelperTests" name="CanMoreRegionsBeAdded_ShouldReturnTrue_WhenMaximumRegionsAllowedIsNotReached" />
    </UnitTest>
    <UnitTest name="SearchDefinitionSearchLogic_ValidateBehaviour" storage="d:\actions-runner\_work\xpco\xpco\allsolutions\..\sc\components\remoteviewer\smartclient\tst\zsmartclient_unittest\bin\x64\debug\net6.0-windows\zsmartclient_unittest.dll" id="93642e15-5690-c906-3db0-8d1d5502773a">
      <TestCategory>
        <TestCategoryItem TestCategory="SearchModels" />
      </TestCategory>
      <Execution id="ab1f08d9-1f8d-4430-bee2-0b0c1f4267b9" />
      <TestMethod codeBase="D:\actions-runner\_work\XPCO\XPCO\AllSolutions\..\SC\Components\RemoteViewer\SmartClient\tst\zSmartClient_UnitTest\bin\x64\Debug\net6.0-windows\zSmartClient_UnitTest.dll" adapterTypeName="executor://mstestadapter/v2" className="SmartClient_UnitTest.VideoOS.RemoteClient.Plugin.CentralizedSearch.Models.SearchModelTests" name="SearchDefinitionSearchLogic_ValidateBehaviour" />
    </UnitTest>
    <UnitTest name="ShouldCameraListItemBeEnabledForCamera_ShouldReturnTrue" storage="d:\actions-runner\_work\xpco\xpco\allsolutions\..\sc\components\remoteviewer\smartclient\tst\zsmartclient_unittest\bin\x64\debug\net6.0-windows\zsmartclient_unittest.dll" id="c179356e-fb95-bde9-7e42-099773116f5f">
      <TestCategory>
        <TestCategoryItem TestCategory="Search.Filters.ViewModels" />
      </TestCategory>
      <Execution id="3ed91846-07d3-4b3f-9fe2-5e93e916d39f" />
      <TestMethod codeBase="D:\actions-runner\_work\XPCO\XPCO\AllSolutions\..\SC\Components\RemoteViewer\SmartClient\tst\zSmartClient_UnitTest\bin\x64\Debug\net6.0-windows\zSmartClient_UnitTest.dll" adapterTypeName="executor://mstestadapter/v2" className="SmartClient_UnitTest.VideoOS.RemoteClient.Plugin.CentralizedSearch.MIPPlugin.Criteria.ViewModels.RegionSelectionCameraListItemHelperTests" name="ShouldCameraListItemBeEnabledForCamera_ShouldReturnTrue" />
    </UnitTest>
    <UnitTest name="PatrollingProfileViewModelTest_Save_CreateProfile_Failed" storage="d:\actions-runner\_work\xpco\xpco\allsolutions\..\sc\components\remoteviewer\smartclient\tst\zsmartclient_unittest\bin\x64\debug\net6.0-windows\zsmartclient_unittest.dll" id="d3e820a3-4350-83fc-1d0e-9c98ed12693d">
      <Execution id="4a3a04ed-61a5-4349-ac39-4e25739c93ee" />
      <TestMethod codeBase="D:\actions-runner\_work\XPCO\XPCO\AllSolutions\..\SC\Components\RemoteViewer\SmartClient\tst\zSmartClient_UnitTest\bin\x64\Debug\net6.0-windows\zSmartClient_UnitTest.dll" adapterTypeName="executor://mstestadapter/v2" className="SmartClient_UnitTest.VideoOS.RemoteClient.Application.UI.PtzPreset.PatrollingViewModel.PatrollingProfileViewModelTest" name="PatrollingProfileViewModelTest_Save_CreateProfile_Failed" />
    </UnitTest>
    <UnitTest name="SupportsDoubleClick_ShouldBeFalse_WhenInteractionStateIsNotNormalAndInSetupMode" storage="d:\actions-runner\_work\xpco\xpco\allsolutions\..\sc\components\remoteviewer\smartclient\tst\zsmartclient_unittest\bin\x64\debug\net6.0-windows\zsmartclient_unittest.dll" id="b1b5a4b2-ef61-9282-6663-5d7233efeaab">
      <TestCategory>
        <TestCategoryItem TestCategory="GisMap.LinkMarker" />
      </TestCategory>
      <Execution id="66e116e3-1c19-450e-a2d7-3a6cb9681a47" />
      <TestMethod codeBase="D:\actions-runner\_work\XPCO\XPCO\AllSolutions\..\SC\Components\RemoteViewer\SmartClient\tst\zSmartClient_UnitTest\bin\x64\Debug\net6.0-windows\zSmartClient_UnitTest.dll" adapterTypeName="executor://mstestadapter/v2" className="SmartClient_UnitTest.VideoOS.RemoteClient.Plugin.GisMap.ThinkGeoMap.Markers.LinkMarker.LinkMarkerTests" name="SupportsDoubleClick_ShouldBeFalse_WhenInteractionStateIsNotNormalAndInSetupMode" />
    </UnitTest>
    <UnitTest name="ProvideValue_ShouldAlwaysReturnItself" storage="d:\actions-runner\_work\xpco\xpco\allsolutions\..\sc\components\remoteviewer\smartclient\tst\zsmartclient_unittest\bin\x64\debug\net6.0-windows\zsmartclient_unittest.dll" id="e9210e25-ddb7-3ad7-3147-1b0286b3f5d2">
      <Execution id="a1908e7f-89b1-40d8-bd7b-069aadcae7de" />
      <TestMethod codeBase="D:\actions-runner\_work\XPCO\XPCO\AllSolutions\..\SC\Components\RemoteViewer\SmartClient\tst\zSmartClient_UnitTest\bin\x64\Debug\net6.0-windows\zSmartClient_UnitTest.dll" adapterTypeName="executor://mstestadapter/v2" className="SmartClient_UnitTest.VideoOS.Common.UIThemes.ContentToTooltipTextConverterTests" name="ProvideValue_ShouldAlwaysReturnItself" />
    </UnitTest>
    <UnitTest name="TryGetOsmServerTileAddress_ShouldReturnUri_WhenOsmServerIncludesOsmTileSuffix" storage="d:\actions-runner\_work\xpco\xpco\allsolutions\..\sc\components\remoteviewer\smartclient\tst\zsmartclient_unittest\bin\x64\debug\net6.0-windows\zsmartclient_unittest.dll" id="b918b474-74ff-1345-54cb-cdaf09a7e1fc">
      <TestCategory>
        <TestCategoryItem TestCategory="GisMapData.Controllers.Osm" />
      </TestCategory>
      <Execution id="e01e7401-10fc-47b8-a18d-7bcf6d0ef60d" />
      <TestMethod codeBase="D:\actions-runner\_work\XPCO\XPCO\AllSolutions\..\SC\Components\RemoteViewer\SmartClient\tst\zSmartClient_UnitTest\bin\x64\Debug\net6.0-windows\zSmartClient_UnitTest.dll" adapterTypeName="executor://mstestadapter/v2" className="SmartClient_UnitTest.VideoOS.RemoteClient.GisMapData.Controllers.Osm.GisMapOsmControllerTests" name="TryGetOsmServerTileAddress_ShouldReturnUri_WhenOsmServerIncludesOsmTileSuffix" />
    </UnitTest>
    <UnitTest name="ConvertGridMaskTestImageServerFormat" storage="d:\actions-runner\_work\xpco\xpco\allsolutions\..\sc\components\remoteviewer\smartclient\tst\zsmartclient_unittest\bin\x64\debug\net6.0-windows\zsmartclient_unittest.dll" id="fdaa70b5-d6a7-4b1c-2dcb-1ad653aa4853">
      <Execution id="8b3f721b-ffc9-46e8-805d-bc6e1b0a5ba1" />
      <TestMethod codeBase="D:\actions-runner\_work\XPCO\XPCO\AllSolutions\..\SC\Components\RemoteViewer\SmartClient\tst\zSmartClient_UnitTest\bin\x64\Debug\net6.0-windows\zSmartClient_UnitTest.dll" adapterTypeName="executor://mstestadapter/v2" className="SmartClient_UnitTest.VideoOS.RemoteClient.Application.Data.ContentTypes.CameraContentType.PrivacyMaskTest" name="ConvertGridMaskTestImageServerFormat" />
    </UnitTest>
    <UnitTest name="OnLayersRetrieved_ShouldSetComponentsOrdered_WhenLayersCollectionContainsOutput" storage="d:\actions-runner\_work\xpco\xpco\allsolutions\..\sc\components\remoteviewer\smartclient\tst\zsmartclient_unittest\bin\x64\debug\net6.0-windows\zsmartclient_unittest.dll" id="55807824-53e4-23f9-def8-1210782703cc">
      <TestCategory>
        <TestCategoryItem TestCategory="GisMap.DeviceSelectorWindowViewModel" />
      </TestCategory>
      <Execution id="c552d9c2-bb34-466b-9652-94d4230e4f11" />
      <TestMethod codeBase="D:\actions-runner\_work\XPCO\XPCO\AllSolutions\..\SC\Components\RemoteViewer\SmartClient\tst\zSmartClient_UnitTest\bin\x64\Debug\net6.0-windows\zSmartClient_UnitTest.dll" adapterTypeName="executor://mstestadapter/v2" className="SmartClient_UnitTest.VideoOS.RemoteClient.Plugin.GisMap.ViewModels.DeviceSelectorWindowViewModelTests" name="OnLayersRetrieved_ShouldSetComponentsOrdered_WhenLayersCollectionContainsOutput" />
    </UnitTest>
    <UnitTest name="SearchResultsActionBarActions_EditBookmark_MultipleResult_EditBookmarkInvoked" storage="d:\actions-runner\_work\xpco\xpco\allsolutions\..\sc\components\remoteviewer\smartclient\tst\zsmartclient_unittest\bin\x64\debug\net6.0-windows\zsmartclient_unittest.dll" id="d5b83293-8848-4b1e-df37-68e69f1f794e">
      <TestCategory>
        <TestCategoryItem TestCategory="SearchResultActionBarViewModel" />
      </TestCategory>
      <Execution id="3203ccd2-be95-4520-943d-7ac901426e8c" />
      <TestMethod codeBase="D:\actions-runner\_work\XPCO\XPCO\AllSolutions\..\SC\Components\RemoteViewer\SmartClient\tst\zSmartClient_UnitTest\bin\x64\Debug\net6.0-windows\zSmartClient_UnitTest.dll" adapterTypeName="executor://mstestadapter/v2" className="SmartClient_UnitTest.VideoOS.RemoteClient.Plugin.CentralizedSearch.ViewModels.SearchResultsActionBarViewModelTest" name="SearchResultsActionBarActions_EditBookmark_MultipleResult_EditBookmarkInvoked" />
    </UnitTest>
    <UnitTest name="RemoveWorkroom_ShouldReturnFalse_WhenThereIsOnlyOneWorkroom" storage="d:\actions-runner\_work\xpco\xpco\allsolutions\..\sc\components\remoteviewer\smartclient\tst\zsmartclient_unittest\bin\x64\debug\net6.0-windows\zsmartclient_unittest.dll" id="faece781-49e2-4e59-ebf9-bba502576c3c">
      <TestCategory>
        <TestCategoryItem TestCategory="WorkroomController" />
      </TestCategory>
      <Execution id="e1e509b5-9ef0-4727-a68d-038930ac0313" />
      <TestMethod codeBase="D:\actions-runner\_work\XPCO\XPCO\AllSolutions\..\SC\Components\RemoteViewer\SmartClient\tst\zSmartClient_UnitTest\bin\x64\Debug\net6.0-windows\zSmartClient_UnitTest.dll" adapterTypeName="executor://mstestadapter/v2" className="SmartClient_UnitTest.VideoOS.RemoteClient.Application.Controllers.WorkroomController.WorkroomControllerBaseTest" name="RemoveWorkroom_ShouldReturnFalse_WhenThereIsOnlyOneWorkroom" />
    </UnitTest>
    <UnitTest name="SetCustomPickerResult_Cancel_CustomIntervalOpenResetAndNoNotificationFired" storage="d:\actions-runner\_work\xpco\xpco\allsolutions\..\sc\components\remoteviewer\smartclient\tst\zsmartclient_unittest\bin\x64\debug\net6.0-windows\zsmartclient_unittest.dll" id="698dd5ef-138e-eb6d-a408-c897a293bf7a">
      <TestCategory>
        <TestCategoryItem TestCategory="SearchViewModels" />
      </TestCategory>
      <Execution id="719ac866-f9ea-4d10-a24d-eed407d437a1" />
      <TestMethod codeBase="D:\actions-runner\_work\XPCO\XPCO\AllSolutions\..\SC\Components\RemoteViewer\SmartClient\tst\zSmartClient_UnitTest\bin\x64\Debug\net6.0-windows\zSmartClient_UnitTest.dll" adapterTypeName="executor://mstestadapter/v2" className="SmartClient_UnitTest.VideoOS.RemoteClient.Plugin.CentralizedSearch.ViewModels.SearchViewModelTests" name="SetCustomPickerResult_Cancel_CustomIntervalOpenResetAndNoNotificationFired" />
    </UnitTest>
    <UnitTest name="Deactivated_Success" storage="d:\actions-runner\_work\xpco\xpco\allsolutions\..\sc\components\remoteviewer\smartclient\tst\zsmartclient_unittest\bin\x64\debug\net6.0-windows\zsmartclient_unittest.dll" id="c2ad7c56-01cc-4375-d0d2-2742c681c744">
      <TestCategory>
        <TestCategoryItem TestCategory="Search" />
      </TestCategory>
      <Execution id="4698c920-848e-4359-9d5e-12ecd1bdb1c8" />
      <TestMethod codeBase="D:\actions-runner\_work\XPCO\XPCO\AllSolutions\..\SC\Components\RemoteViewer\SmartClient\tst\zSmartClient_UnitTest\bin\x64\Debug\net6.0-windows\zSmartClient_UnitTest.dll" adapterTypeName="executor://mstestadapter/v2" className="SmartClient_UnitTest.VideoOS.RemoteClient.Plugin.CentralizedSearch.CentralizedSearchContentHolderTests" name="Deactivated_Success" />
    </UnitTest>
    <UnitTest name="SupportsDoubleClick_ShouldBeFalse_WhenInteractionStateIsNotNormalAndNotInSetupMode" storage="d:\actions-runner\_work\xpco\xpco\allsolutions\..\sc\components\remoteviewer\smartclient\tst\zsmartclient_unittest\bin\x64\debug\net6.0-windows\zsmartclient_unittest.dll" id="987edaa0-0a3b-cbb4-5b40-8112a4826bc5">
      <TestCategory>
        <TestCategoryItem TestCategory="GisMap.LinkMarker" />
      </TestCategory>
      <Execution id="2b4c907e-cad0-46f9-afec-bb579e4ac747" />
      <TestMethod codeBase="D:\actions-runner\_work\XPCO\XPCO\AllSolutions\..\SC\Components\RemoteViewer\SmartClient\tst\zSmartClient_UnitTest\bin\x64\Debug\net6.0-windows\zSmartClient_UnitTest.dll" adapterTypeName="executor://mstestadapter/v2" className="SmartClient_UnitTest.VideoOS.RemoteClient.Plugin.GisMap.ThinkGeoMap.Markers.LinkMarker.LinkMarkerTests" name="SupportsDoubleClick_ShouldBeFalse_WhenInteractionStateIsNotNormalAndNotInSetupMode" />
    </UnitTest>
    <UnitTest name="Convert_ShouldReturnFalse_WhenParameterIsNull" storage="d:\actions-runner\_work\xpco\xpco\allsolutions\..\sc\components\remoteviewer\smartclient\tst\zsmartclient_unittest\bin\x64\debug\net6.0-windows\zsmartclient_unittest.dll" id="bf71a57f-ee03-3700-bbbe-0a8bed916dfe">
      <TestCategory>
        <TestCategoryItem TestCategory="GisMap.InteractionStateConverter" />
      </TestCategory>
      <Execution id="b8571ce5-026d-4bbb-861c-a4b3195217c5" />
      <TestMethod codeBase="D:\actions-runner\_work\XPCO\XPCO\AllSolutions\..\SC\Components\RemoteViewer\SmartClient\tst\zSmartClient_UnitTest\bin\x64\Debug\net6.0-windows\zSmartClient_UnitTest.dll" adapterTypeName="executor://mstestadapter/v2" className="SmartClient_UnitTest.VideoOS.RemoteClient.Plugin.GisMap.View.InteractionStateConverterTests" name="Convert_ShouldReturnFalse_WhenParameterIsNull" />
    </UnitTest>
    <UnitTest name="Ctor_NullResourceManager_Throws" storage="d:\actions-runner\_work\xpco\xpco\allsolutions\..\sc\components\remoteviewer\smartclient\tst\zsmartclient_unittest\bin\x64\debug\net6.0-windows\zsmartclient_unittest.dll" id="f948b06a-352e-85e9-1354-e9aec0364e60">
      <TestCategory>
        <TestCategoryItem TestCategory="SearchResultsAction" />
      </TestCategory>
      <Execution id="519f782a-4c05-4190-97f3-971ce100a80a" />
      <TestMethod codeBase="D:\actions-runner\_work\XPCO\XPCO\AllSolutions\..\SC\Components\RemoteViewer\SmartClient\tst\zSmartClient_UnitTest\bin\x64\Debug\net6.0-windows\zSmartClient_UnitTest.dll" adapterTypeName="executor://mstestadapter/v2" className="SmartClient_UnitTest.VideoOS.RemoteClient.Plugin.CentralizedSearch.ViewModels.SearchResultsActionViewModelTests" name="Ctor_NullResourceManager_Throws" />
    </UnitTest>
    <UnitTest name="OnMarkerRightClicked_ShouldUseCrossTypeMenuItems_WhenInSetupModeAndMultipleItemsFromDifferentLayersAreSelected" storage="d:\actions-runner\_work\xpco\xpco\allsolutions\..\sc\components\remoteviewer\smartclient\tst\zsmartclient_unittest\bin\x64\debug\net6.0-windows\zsmartclient_unittest.dll" id="ec512750-1b3e-ee37-48da-474be022f3c4">
      <TestCategory>
        <TestCategoryItem TestCategory="SmartMap.MapItemsOverlay" />
      </TestCategory>
      <Execution id="82f448f8-4f6c-449d-955d-d05226bbf5dc" />
      <TestMethod codeBase="D:\actions-runner\_work\XPCO\XPCO\AllSolutions\..\SC\Components\RemoteViewer\SmartClient\tst\zSmartClient_UnitTest\bin\x64\Debug\net6.0-windows\zSmartClient_UnitTest.dll" adapterTypeName="executor://mstestadapter/v2" className="SmartClient_UnitTest.VideoOS.RemoteClient.Plugin.GisMap.ThinkGeoMap.SpecializedOverlays.Overlays.MapItemsOverlayTests" name="OnMarkerRightClicked_ShouldUseCrossTypeMenuItems_WhenInSetupModeAndMultipleItemsFromDifferentLayersAreSelected" />
    </UnitTest>
    <UnitTest name="PtzSessionControllerInfo_UserChangedTest_Argument_Null_2" storage="d:\actions-runner\_work\xpco\xpco\allsolutions\..\sc\components\remoteviewer\smartclient\tst\zsmartclient_unittest\bin\x64\debug\net6.0-windows\zsmartclient_unittest.dll" id="4ffbb65d-5283-caab-4ee9-d197524190bc">
      <Execution id="32947358-c8eb-4eac-aa13-0ba07ae5d6b8" />
      <TestMethod codeBase="D:\actions-runner\_work\XPCO\XPCO\AllSolutions\..\SC\Components\RemoteViewer\SmartClient\tst\zSmartClient_UnitTest\bin\x64\Debug\net6.0-windows\zSmartClient_UnitTest.dll" adapterTypeName="executor://mstestadapter/v2" className="VideoOS.RemoteClient.Application.Controllers.UnitTest.PtzSessionControllerTest" name="PtzSessionControllerInfo_UserChangedTest_Argument_Null_2" />
    </UnitTest>
    <UnitTest name="Ctor_NullSearchResultDataList_Failure" storage="d:\actions-runner\_work\xpco\xpco\allsolutions\..\sc\components\remoteviewer\smartclient\tst\zsmartclient_unittest\bin\x64\debug\net6.0-windows\zsmartclient_unittest.dll" id="61fff35a-1f51-c483-72f9-65b70f75c0e7">
      <TestCategory>
        <TestCategoryItem TestCategory="Search" />
      </TestCategory>
      <Execution id="b1d781db-e07d-4e05-86d1-65102ae536be" />
      <TestMethod codeBase="D:\actions-runner\_work\XPCO\XPCO\AllSolutions\..\SC\Components\RemoteViewer\SmartClient\tst\zSmartClient_UnitTest\bin\x64\Debug\net6.0-windows\zSmartClient_UnitTest.dll" adapterTypeName="executor://mstestadapter/v2" className="SmartClient_UnitTest.VideoOS.RemoteClient.Plugin.CentralizedSearch.ViewModels.Data.SnapshotHandlerTests" name="Ctor_NullSearchResultDataList_Failure" />
    </UnitTest>
    <UnitTest name="PatrollingProfileViewModelTest_NameBeforeEdit" storage="d:\actions-runner\_work\xpco\xpco\allsolutions\..\sc\components\remoteviewer\smartclient\tst\zsmartclient_unittest\bin\x64\debug\net6.0-windows\zsmartclient_unittest.dll" id="010d6867-68dc-06fa-3b39-c2d7f5b85291">
      <Execution id="78d93f9f-7223-4add-857f-e15664c82557" />
      <TestMethod codeBase="D:\actions-runner\_work\XPCO\XPCO\AllSolutions\..\SC\Components\RemoteViewer\SmartClient\tst\zSmartClient_UnitTest\bin\x64\Debug\net6.0-windows\zSmartClient_UnitTest.dll" adapterTypeName="executor://mstestadapter/v2" className="SmartClient_UnitTest.VideoOS.RemoteClient.Application.UI.PtzPreset.PatrollingViewModel.PatrollingProfileViewModelTest" name="PatrollingProfileViewModelTest_NameBeforeEdit" />
    </UnitTest>
    <UnitTest name="EndTimeWithPadding_ShouldBeSetToValueOfSearchResult" storage="d:\actions-runner\_work\xpco\xpco\allsolutions\..\sc\components\remoteviewer\smartclient\tst\zsmartclient_unittest\bin\x64\debug\net6.0-windows\zsmartclient_unittest.dll" id="7cef2a09-ed80-a76c-b595-1833aff59ca7">
      <TestCategory>
        <TestCategoryItem TestCategory="Search.Wrappers" />
      </TestCategory>
      <Execution id="196ae8bc-9963-4fc0-bf96-439aec652777" />
      <TestMethod codeBase="D:\actions-runner\_work\XPCO\XPCO\AllSolutions\..\SC\Components\RemoteViewer\SmartClient\tst\zSmartClient_UnitTest\bin\x64\Debug\net6.0-windows\zSmartClient_UnitTest.dll" adapterTypeName="executor://mstestadapter/v2" className="SmartClient_UnitTest.VideoOS.RemoteClient.Plugin.CentralizedSearch.Models.Wrappers.SearchResultDataWrapperTests" name="EndTimeWithPadding_ShouldBeSetToValueOfSearchResult" />
    </UnitTest>
    <UnitTest name="ToSafeName_SingleUnsafeName_Success" storage="d:\actions-runner\_work\xpco\xpco\allsolutions\..\sc\components\remoteviewer\smartclient\tst\zsmartclient_unittest\bin\x64\debug\net6.0-windows\zsmartclient_unittest.dll" id="bd4280d2-c5d6-9ce8-8082-e33833fcfdb0">
      <Execution id="aa30d6a0-bf29-4753-bca7-a81184eed33d" />
      <TestMethod codeBase="D:\actions-runner\_work\XPCO\XPCO\AllSolutions\..\SC\Components\RemoteViewer\SmartClient\tst\zSmartClient_UnitTest\bin\x64\Debug\net6.0-windows\zSmartClient_UnitTest.dll" adapterTypeName="executor://mstestadapter/v2" className="SmartClient_UnitTest.VideoOS.RemoteClient.Application.Common.Scripting.ReservedJavascriptKeywordsTests" name="ToSafeName_SingleUnsafeName_Success" />
    </UnitTest>
    <UnitTest name="ResolveGenericResultProperties_ShouldReturnOrderedProperties_WhenGivenCombinedSearchResults" storage="d:\actions-runner\_work\xpco\xpco\allsolutions\..\sc\components\remoteviewer\smartclient\tst\zsmartclient_unittest\bin\x64\debug\net6.0-windows\zsmartclient_unittest.dll" id="9bd97529-6ca2-0a88-ecb8-dfa8925597ef">
      <TestCategory>
        <TestCategoryItem TestCategory="Search" />
      </TestCategory>
      <Execution id="d3036af0-2fd7-43db-bc5a-c7af24a8d196" />
      <TestMethod codeBase="D:\actions-runner\_work\XPCO\XPCO\AllSolutions\..\SC\Components\RemoteViewer\SmartClient\tst\zSmartClient_UnitTest\bin\x64\Debug\net6.0-windows\zSmartClient_UnitTest.dll" adapterTypeName="executor://mstestadapter/v2" className="SmartClient_UnitTest.VideoOS.RemoteClient.Plugin.CentralizedSearch.Utils.SearchResultDataWrapperExtensionsTests" name="ResolveGenericResultProperties_ShouldReturnOrderedProperties_WhenGivenCombinedSearchResults" />
    </UnitTest>
    <UnitTest name="SelectTemplate_NullItem_ReturnsPopupTemplate" storage="d:\actions-runner\_work\xpco\xpco\allsolutions\..\sc\components\remoteviewer\smartclient\tst\zsmartclient_unittest\bin\x64\debug\net6.0-windows\zsmartclient_unittest.dll" id="da72df1e-3911-6673-65ef-dc8a157dd1ea">
      <TestCategory>
        <TestCategoryItem TestCategory="SearchViews" />
      </TestCategory>
      <Execution id="ebcfc761-ecdb-4917-9027-bf59e365e828" />
      <TestMethod codeBase="D:\actions-runner\_work\XPCO\XPCO\AllSolutions\..\SC\Components\RemoteViewer\SmartClient\tst\zSmartClient_UnitTest\bin\x64\Debug\net6.0-windows\zSmartClient_UnitTest.dll" adapterTypeName="executor://mstestadapter/v2" className="SmartClient_UnitTest.VideoOS.RemoteClient.Plugin.CentralizedSearch.Views.AttributeEditControlTemplateSelectorTests" name="SelectTemplate_NullItem_ReturnsPopupTemplate" />
    </UnitTest>
    <UnitTest name="CloseDeviceSelectorUserControl_ShouldSetUserControlNull_Always" storage="d:\actions-runner\_work\xpco\xpco\allsolutions\..\sc\components\remoteviewer\smartclient\tst\zsmartclient_unittest\bin\x64\debug\net6.0-windows\zsmartclient_unittest.dll" id="fbac2a6f-2233-86d4-ebd9-d19d11941509">
      <TestCategory>
        <TestCategoryItem TestCategory="GisMap.UI.DeviceSelectors.PanelComponents" />
      </TestCategory>
      <Execution id="f8c637e6-9a70-44a7-96a2-b910aa48c000" />
      <TestMethod codeBase="D:\actions-runner\_work\XPCO\XPCO\AllSolutions\..\SC\Components\RemoteViewer\SmartClient\tst\zSmartClient_UnitTest\bin\x64\Debug\net6.0-windows\zSmartClient_UnitTest.dll" adapterTypeName="executor://mstestadapter/v2" className="SmartClient_UnitTest.VideoOS.RemoteClient.Plugin.GisMap.UI.DeviceSelectors.PanelComponents.DeviceSelectorPanelComponentTests" name="CloseDeviceSelectorUserControl_ShouldSetUserControlNull_Always" />
    </UnitTest>
    <UnitTest name="ActionBarPluginEnabled_SinglePluginWithNotEnoughRoom_PluginButtonPresentInOverflowMenu" storage="d:\actions-runner\_work\xpco\xpco\allsolutions\..\sc\components\remoteviewer\smartclient\tst\zsmartclient_unittest\bin\x64\debug\net6.0-windows\zsmartclient_unittest.dll" id="6cf1d803-864d-f447-b323-57be8d42bea0">
      <TestCategory>
        <TestCategoryItem TestCategory="SearchViews" />
      </TestCategory>
      <Execution id="848fab50-14f0-4f72-acff-23a2d08a7813" />
      <TestMethod codeBase="D:\actions-runner\_work\XPCO\XPCO\AllSolutions\..\SC\Components\RemoteViewer\SmartClient\tst\zSmartClient_UnitTest\bin\x64\Debug\net6.0-windows\zSmartClient_UnitTest.dll" adapterTypeName="executor://mstestadapter/v2" className="SmartClient_UnitTest.VideoOS.RemoteClient.Plugin.CentralizedSearch.Views.SearchResultActionBarViewTests" name="ActionBarPluginEnabled_SinglePluginWithNotEnoughRoom_PluginButtonPresentInOverflowMenu" />
    </UnitTest>
    <UnitTest name="Retrieve_InnerExceptionLogged" storage="d:\actions-runner\_work\xpco\xpco\allsolutions\..\sc\components\remoteviewer\smartclient\tst\zsmartclient_unittest\bin\x64\debug\net6.0-windows\zsmartclient_unittest.dll" id="6ed649e1-03e1-4590-3da9-e33c23ab658c">
      <TestCategory>
        <TestCategoryItem TestCategory="MipItemsRetriever" />
      </TestCategory>
      <Execution id="5ae896f4-e0bc-4d37-8f50-cf017d753478" />
      <TestMethod codeBase="D:\actions-runner\_work\XPCO\XPCO\AllSolutions\..\SC\Components\RemoteViewer\SmartClient\tst\zSmartClient_UnitTest\bin\x64\Debug\net6.0-windows\zSmartClient_UnitTest.dll" adapterTypeName="executor://mstestadapter/v2" className="SmartClient_UnitTest.VideoOS.RemoteClient.Plugin.GisMap.MIP.MipItemActionsCommunicatorTests" name="Retrieve_InnerExceptionLogged" />
    </UnitTest>
    <UnitTest name="OnSizeChanged_TilesRerendered" storage="d:\actions-runner\_work\xpco\xpco\allsolutions\..\sc\components\remoteviewer\smartclient\tst\zsmartclient_unittest\bin\x64\debug\net6.0-windows\zsmartclient_unittest.dll" id="e81103cb-7818-2463-05b1-4325c5ff61c8">
      <TestCategory>
        <TestCategoryItem TestCategory="SearchControls" />
      </TestCategory>
      <Execution id="6a4f0384-e721-4ba9-8c7a-ec02da704fd2" />
      <TestMethod codeBase="D:\actions-runner\_work\XPCO\XPCO\AllSolutions\..\SC\Components\RemoteViewer\SmartClient\tst\zSmartClient_UnitTest\bin\x64\Debug\net6.0-windows\zSmartClient_UnitTest.dll" adapterTypeName="executor://mstestadapter/v2" className="SmartClient_UnitTest.VideoOS.RemoteClient.Plugin.CentralizedSearch.Views.Controls.SearchResultDetailsControlTests" name="OnSizeChanged_TilesRerendered" />
    </UnitTest>
    <UnitTest name="GetDeviceData_ShouldReturnNotFoundDeviceData_WhenCameraKindAndNonExistingCameraId" storage="d:\actions-runner\_work\xpco\xpco\allsolutions\..\sc\components\remoteviewer\smartclient\tst\zsmartclient_unittest\bin\x64\debug\net6.0-windows\zsmartclient_unittest.dll" id="81267ce3-6f9f-039a-6061-d6bf94b58293">
      <TestCategory>
        <TestCategoryItem TestCategory="GisMap.Controllers.Devices.MapItems" />
      </TestCategory>
      <Execution id="81d38291-1056-43c6-bb4f-e6b619bee135" />
      <TestMethod codeBase="D:\actions-runner\_work\XPCO\XPCO\AllSolutions\..\SC\Components\RemoteViewer\SmartClient\tst\zSmartClient_UnitTest\bin\x64\Debug\net6.0-windows\zSmartClient_UnitTest.dll" adapterTypeName="executor://mstestadapter/v2" className="SmartClient_UnitTest.VideoOS.RemoteClient.Plugin.GisMap.Controllers.Devices.MapItems.DeviceDataControllerTests" name="GetDeviceData_ShouldReturnNotFoundDeviceData_WhenCameraKindAndNonExistingCameraId" />
    </UnitTest>
    <UnitTest name="PatrollingProfileListViewModel_AddProfileExecute_Name_Taken" storage="d:\actions-runner\_work\xpco\xpco\allsolutions\..\sc\components\remoteviewer\smartclient\tst\zsmartclient_unittest\bin\x64\debug\net6.0-windows\zsmartclient_unittest.dll" id="b9ffa3f4-1f18-4167-4317-71e05fdcc916">
      <Execution id="64df9e45-d2df-4a94-9560-2d4c2090296b" />
      <TestMethod codeBase="D:\actions-runner\_work\XPCO\XPCO\AllSolutions\..\SC\Components\RemoteViewer\SmartClient\tst\zSmartClient_UnitTest\bin\x64\Debug\net6.0-windows\zSmartClient_UnitTest.dll" adapterTypeName="executor://mstestadapter/v2" className="SmartClient_UnitTest.VideoOS.RemoteClient.Application.UI.PtzPreset.PatrollingViewModel.PatrollingProfileListViewModelTest" name="PatrollingProfileListViewModel_AddProfileExecute_Name_Taken" />
    </UnitTest>
    <UnitTest name="Instance_ShouldBeSingleton_WhenCalled" storage="d:\actions-runner\_work\xpco\xpco\allsolutions\..\sc\components\remoteviewer\smartclient\tst\zsmartclient_unittest\bin\x64\debug\net6.0-windows\zsmartclient_unittest.dll" id="c852f0f2-cc0b-cd32-55ea-6f08f26c6103">
      <TestCategory>
        <TestCategoryItem TestCategory="GisMapData.CameraOemResourcesProviderTests" />
      </TestCategory>
      <Execution id="4309cb48-7841-492a-8f21-eccda5495acb" />
      <TestMethod codeBase="D:\actions-runner\_work\XPCO\XPCO\AllSolutions\..\SC\Components\RemoteViewer\SmartClient\tst\zSmartClient_UnitTest\bin\x64\Debug\net6.0-windows\zSmartClient_UnitTest.dll" adapterTypeName="executor://mstestadapter/v2" className="SmartClient_UnitTest.VideoOS.RemoteClient.GisMapData.Resources.CameraOemResourcesProviderTests" name="Instance_ShouldBeSingleton_WhenCalled" />
    </UnitTest>
    <UnitTest name="IconTooltip_ShouldBeValid_WhenInteractionStateIsAddOutput" storage="d:\actions-runner\_work\xpco\xpco\allsolutions\..\sc\components\remoteviewer\smartclient\tst\zsmartclient_unittest\bin\x64\debug\net6.0-windows\zsmartclient_unittest.dll" id="8baf1177-ddd8-e709-9da7-68dded36199a">
      <TestCategory>
        <TestCategoryItem TestCategory="GisMap.UI.DeviceSelectors.PanelComponents" />
      </TestCategory>
      <Execution id="226d390d-6839-4c76-8170-45c2fec67250" />
      <TestMethod codeBase="D:\actions-runner\_work\XPCO\XPCO\AllSolutions\..\SC\Components\RemoteViewer\SmartClient\tst\zSmartClient_UnitTest\bin\x64\Debug\net6.0-windows\zSmartClient_UnitTest.dll" adapterTypeName="executor://mstestadapter/v2" className="SmartClient_UnitTest.VideoOS.RemoteClient.Plugin.GisMap.UI.DeviceSelectors.PanelComponents.DeviceSelectorPanelComponentTests" name="IconTooltip_ShouldBeValid_WhenInteractionStateIsAddOutput" />
    </UnitTest>
    <UnitTest name="ToUnsafeName_NullString_Success" storage="d:\actions-runner\_work\xpco\xpco\allsolutions\..\sc\components\remoteviewer\smartclient\tst\zsmartclient_unittest\bin\x64\debug\net6.0-windows\zsmartclient_unittest.dll" id="a4ec8e4b-30aa-49df-138f-1971a7f8ca38">
      <Execution id="d99ba1c2-9a59-48f7-89d4-c405525ed10c" />
      <TestMethod codeBase="D:\actions-runner\_work\XPCO\XPCO\AllSolutions\..\SC\Components\RemoteViewer\SmartClient\tst\zSmartClient_UnitTest\bin\x64\Debug\net6.0-windows\zSmartClient_UnitTest.dll" adapterTypeName="executor://mstestadapter/v2" className="SmartClient_UnitTest.VideoOS.RemoteClient.Application.Common.Scripting.ReservedJavascriptKeywordsTests" name="ToUnsafeName_NullString_Success" />
    </UnitTest>
    <UnitTest name="Clear_ShouldClearIncludedViewItemsForSelectedView" storage="d:\actions-runner\_work\xpco\xpco\allsolutions\..\sc\components\remoteviewer\smartclient\tst\zsmartclient_unittest\bin\x64\debug\net6.0-windows\zsmartclient_unittest.dll" id="4ac98c6c-183a-9821-4f8c-c314ab12e456">
      <TestCategory>
        <TestCategoryItem TestCategory="ApplicationController" />
      </TestCategory>
      <Execution id="1b1ae3ab-c240-468a-b67a-995bd69d5894" />
      <TestMethod codeBase="D:\actions-runner\_work\XPCO\XPCO\AllSolutions\..\SC\Components\RemoteViewer\SmartClient\tst\zSmartClient_UnitTest\bin\x64\Debug\net6.0-windows\zSmartClient_UnitTest.dll" adapterTypeName="executor://mstestadapter/v2" className="VideoOS.RemoteClient.Application.Controllers.UnitTest.IncludedViewItemsTest" name="Clear_ShouldClearIncludedViewItemsForSelectedView" />
    </UnitTest>
    <UnitTest name="CreateDefinition_ThreeFiltersInCategory_ZeroFilterValuesAddedToSearchCriteria" storage="d:\actions-runner\_work\xpco\xpco\allsolutions\..\sc\components\remoteviewer\smartclient\tst\zsmartclient_unittest\bin\x64\debug\net6.0-windows\zsmartclient_unittest.dll" id="788c7744-bd48-e28d-a864-bbd05271aa4c">
      <TestCategory>
        <TestCategoryItem TestCategory="SearchModels" />
      </TestCategory>
      <Execution id="59144685-788f-4282-b17d-c074406f3c2a" />
      <TestMethod codeBase="D:\actions-runner\_work\XPCO\XPCO\AllSolutions\..\SC\Components\RemoteViewer\SmartClient\tst\zSmartClient_UnitTest\bin\x64\Debug\net6.0-windows\zSmartClient_UnitTest.dll" adapterTypeName="executor://mstestadapter/v2" className="SmartClient_UnitTest.VideoOS.RemoteClient.Plugin.CentralizedSearch.Models.SearchModelTests" name="CreateDefinition_ThreeFiltersInCategory_ZeroFilterValuesAddedToSearchCriteria" />
    </UnitTest>
    <UnitTest name="GisMapModel_AddBuilding_ServerFail_ErrorReported" storage="d:\actions-runner\_work\xpco\xpco\allsolutions\..\sc\components\remoteviewer\smartclient\tst\zsmartclient_unittest\bin\x64\debug\net6.0-windows\zsmartclient_unittest.dll" id="98514a87-c9e9-a001-7d97-02b7ed802ee7">
      <TestCategory>
        <TestCategoryItem TestCategory="GisMapLayer" />
        <TestCategoryItem TestCategory="GisMapBuilding" />
      </TestCategory>
      <Execution id="bc4f18ca-159c-40c6-9d84-bb0d8d16a1a9" />
      <TestMethod codeBase="D:\actions-runner\_work\XPCO\XPCO\AllSolutions\..\SC\Components\RemoteViewer\SmartClient\tst\zSmartClient_UnitTest\bin\x64\Debug\net6.0-windows\zSmartClient_UnitTest.dll" adapterTypeName="executor://mstestadapter/v2" className="SmartClient_UnitTest.VideoOS.RemoteClient.GisMap.MapLayers.GisMapLayerTests" name="GisMapModel_AddBuilding_ServerFail_ErrorReported" />
    </UnitTest>
    <UnitTest name="LoadBoundingShapes_RectangleShapeWithNegativeWidth_NotAddedToUI" storage="d:\actions-runner\_work\xpco\xpco\allsolutions\..\sc\components\remoteviewer\smartclient\tst\zsmartclient_unittest\bin\x64\debug\net6.0-windows\zsmartclient_unittest.dll" id="4cca1d5f-44b2-3473-1e35-1d77003b5df5">
      <Execution id="8ef0ebb1-5a6e-4310-90a3-d6367a515ba2" />
      <TestMethod codeBase="D:\actions-runner\_work\XPCO\XPCO\AllSolutions\..\SC\Components\RemoteViewer\SmartClient\tst\zSmartClient_UnitTest\bin\x64\Debug\net6.0-windows\zSmartClient_UnitTest.dll" adapterTypeName="executor://mstestadapter/v2" className="SmartClient_UnitTest.VideoOS.RemoteClient.Plugin.CentralizedSearch.MIPPlugin.Results.VideoSearchResultUserControlTests" name="LoadBoundingShapes_RectangleShapeWithNegativeWidth_NotAddedToUI" />
    </UnitTest>
    <UnitTest name="IsDeviceSupported_ShouldReturnTrue_WhenCameraKind" storage="d:\actions-runner\_work\xpco\xpco\allsolutions\..\sc\components\remoteviewer\smartclient\tst\zsmartclient_unittest\bin\x64\debug\net6.0-windows\zsmartclient_unittest.dll" id="7c485018-e81c-b9cc-ee22-382cb4b7a7c1">
      <TestCategory>
        <TestCategoryItem TestCategory="GisMap.Controllers.Devices" />
      </TestCategory>
      <Execution id="d5d08bf5-5774-483f-978c-6cad9c2d74c3" />
      <TestMethod codeBase="D:\actions-runner\_work\XPCO\XPCO\AllSolutions\..\SC\Components\RemoteViewer\SmartClient\tst\zSmartClient_UnitTest\bin\x64\Debug\net6.0-windows\zSmartClient_UnitTest.dll" adapterTypeName="executor://mstestadapter/v2" className="SmartClient_UnitTest.VideoOS.RemoteClient.Plugin.GisMap.Controllers.Devices.DeviceControllerTests" name="IsDeviceSupported_ShouldReturnTrue_WhenCameraKind" />
    </UnitTest>
    <UnitTest name="DisplayErrorOnNotificationArea_UnknownDerivedFromSearchError_LoggingDisabled_Success" storage="d:\actions-runner\_work\xpco\xpco\allsolutions\..\sc\components\remoteviewer\smartclient\tst\zsmartclient_unittest\bin\x64\debug\net6.0-windows\zsmartclient_unittest.dll" id="ab9ddcfe-5059-def5-d0f3-2a728312c36d">
      <TestCategory>
        <TestCategoryItem TestCategory="SearchViewModels" />
      </TestCategory>
      <Execution id="21c64b31-77fd-494d-a7c9-01df5a17b90c" />
      <TestMethod codeBase="D:\actions-runner\_work\XPCO\XPCO\AllSolutions\..\SC\Components\RemoteViewer\SmartClient\tst\zSmartClient_UnitTest\bin\x64\Debug\net6.0-windows\zSmartClient_UnitTest.dll" adapterTypeName="executor://mstestadapter/v2" className="SmartClient_UnitTest.VideoOS.RemoteClient.Plugin.CentralizedSearch.ViewModels.SearchViewModelTests" name="DisplayErrorOnNotificationArea_UnknownDerivedFromSearchError_LoggingDisabled_Success" />
    </UnitTest>
    <UnitTest name="GetBoundingShapesForMetadataObjectsAsync_ShouldIgnoreMetadataObject_WhenRequestedTimeIsOutsideMetadataTimespan" storage="d:\actions-runner\_work\xpco\xpco\allsolutions\..\sc\components\remoteviewer\smartclient\tst\zsmartclient_unittest\bin\x64\debug\net6.0-windows\zsmartclient_unittest.dll" id="e0503f8a-eae1-c2d9-bbae-ed3d40256258">
      <Execution id="12218690-0bcb-4df5-a5c8-66b239ddb2f2" />
      <TestMethod codeBase="D:\actions-runner\_work\XPCO\XPCO\AllSolutions\..\SC\Components\RemoteViewer\SmartClient\tst\zSmartClient_UnitTest\bin\x64\Debug\net6.0-windows\zSmartClient_UnitTest.dll" adapterTypeName="executor://mstestadapter/v2" className="SmartClient_UnitTest.VideoOS.RemoteClient.Plugin.CentralizedSearch.Utils.MetadataUtilTests" name="GetBoundingShapesForMetadataObjectsAsync_ShouldIgnoreMetadataObject_WhenRequestedTimeIsOutsideMetadataTimespan" />
    </UnitTest>
    <UnitTest name="SupportsDoubleClick_ShouldBeTrue_WhenInteractionStateIsNewDevice" storage="d:\actions-runner\_work\xpco\xpco\allsolutions\..\sc\components\remoteviewer\smartclient\tst\zsmartclient_unittest\bin\x64\debug\net6.0-windows\zsmartclient_unittest.dll" id="052697c7-c6ac-9c36-6e57-c8105d8c8917">
      <TestCategory>
        <TestCategoryItem TestCategory="GisMap.CameraMarker" />
      </TestCategory>
      <Execution id="b47287fa-f903-4a83-bc4a-0bec2f06a7ca" />
      <TestMethod codeBase="D:\actions-runner\_work\XPCO\XPCO\AllSolutions\..\SC\Components\RemoteViewer\SmartClient\tst\zSmartClient_UnitTest\bin\x64\Debug\net6.0-windows\zSmartClient_UnitTest.dll" adapterTypeName="executor://mstestadapter/v2" className="SmartClient_UnitTest.VideoOS.RemoteClient.Plugin.GisMap.ThinkGeoMap.Markers.DeviceMarkers.CameraMarker.CameraMarkerTests" name="SupportsDoubleClick_ShouldBeTrue_WhenInteractionStateIsNewDevice" />
    </UnitTest>
    <UnitTest name="MonitorState_Equal_Tests" storage="d:\actions-runner\_work\xpco\xpco\allsolutions\..\sc\components\remoteviewer\smartclient\tst\zsmartclient_unittest\bin\x64\debug\net6.0-windows\zsmartclient_unittest.dll" id="ccbe9915-207e-f3b0-9e57-5dc3348b938c">
      <Execution id="d4066c2b-cae9-4f4c-ad32-434eedc770b3" />
      <TestMethod codeBase="D:\actions-runner\_work\XPCO\XPCO\AllSolutions\..\SC\Components\RemoteViewer\SmartClient\tst\zSmartClient_UnitTest\bin\x64\Debug\net6.0-windows\zSmartClient_UnitTest.dll" adapterTypeName="executor://mstestadapter/v2" className="SmartClient_UnitTest.VideoOS.RemoteClient.Data.VideoWall.MonitorStateTests" name="MonitorState_Equal_Tests" />
    </UnitTest>
    <UnitTest name="CreateCameraListItem_ShouldCreateEnabledCamera_WhenEnabledParameterIsTrue" storage="d:\actions-runner\_work\xpco\xpco\allsolutions\..\sc\components\remoteviewer\smartclient\tst\zsmartclient_unittest\bin\x64\debug\net6.0-windows\zsmartclient_unittest.dll" id="14807a36-cb4f-9f35-8679-aa8746cf4c38">
      <TestCategory>
        <TestCategoryItem TestCategory="Search.Filters.ViewModels" />
      </TestCategory>
      <Execution id="cb6b432c-3168-451f-b0f2-05e8e52d0fc6" />
      <TestMethod codeBase="D:\actions-runner\_work\XPCO\XPCO\AllSolutions\..\SC\Components\RemoteViewer\SmartClient\tst\zSmartClient_UnitTest\bin\x64\Debug\net6.0-windows\zSmartClient_UnitTest.dll" adapterTypeName="executor://mstestadapter/v2" className="SmartClient_UnitTest.VideoOS.RemoteClient.Plugin.CentralizedSearch.MIPPlugin.Criteria.ViewModels.SmartSearchCameraListItemHelperTests" name="CreateCameraListItem_ShouldCreateEnabledCamera_WhenEnabledParameterIsTrue" />
    </UnitTest>
    <UnitTest name="AddSelectedWindowsToExport_ShouldShowCorrectToastMessages (0,1,1)" storage="d:\actions-runner\_work\xpco\xpco\allsolutions\..\sc\components\remoteviewer\smartclient\tst\zsmartclient_unittest\bin\x64\debug\net6.0-windows\zsmartclient_unittest.dll" id="44391416-6606-c8bf-b0af-1a0952a7ad26">
      <TestCategory>
        <TestCategoryItem TestCategory="Managers" />
      </TestCategory>
      <Execution id="449e10ca-5022-4c1b-bbca-4cdb2365ed00" />
      <TestMethod codeBase="D:\actions-runner\_work\XPCO\XPCO\AllSolutions\..\SC\Components\RemoteViewer\SmartClient\tst\zSmartClient_UnitTest\bin\x64\Debug\net6.0-windows\zSmartClient_UnitTest.dll" adapterTypeName="executor://mstestadapter/v2" className="SmartClient_UnitTest.VideoOS.RemoteClient.Application.Managers.ExportManagerTests" name="AddSelectedWindowsToExport_ShouldShowCorrectToastMessages" />
    </UnitTest>
    <UnitTest name="AddToExportDevices_ShouldReturnCorrectResult (1,0,0)" storage="d:\actions-runner\_work\xpco\xpco\allsolutions\..\sc\components\remoteviewer\smartclient\tst\zsmartclient_unittest\bin\x64\debug\net6.0-windows\zsmartclient_unittest.dll" id="5ab62b20-54a2-c1ce-b77e-78e0928171bb">
      <TestCategory>
        <TestCategoryItem TestCategory="Managers" />
      </TestCategory>
      <Execution id="b064c24f-9294-4046-9730-5db8e01ec421" />
      <TestMethod codeBase="D:\actions-runner\_work\XPCO\XPCO\AllSolutions\..\SC\Components\RemoteViewer\SmartClient\tst\zSmartClient_UnitTest\bin\x64\Debug\net6.0-windows\zSmartClient_UnitTest.dll" adapterTypeName="executor://mstestadapter/v2" className="SmartClient_UnitTest.VideoOS.RemoteClient.Application.Managers.ExportManagerTests" name="AddToExportDevices_ShouldReturnCorrectResult" />
    </UnitTest>
    <UnitTest name="ResolveSearchDefinitions_ShouldReturnResultSearchDefinition_WhenCombinedSearchResultWithSingleSubResultAndNullSearchDefinitionsAreGiven" storage="d:\actions-runner\_work\xpco\xpco\allsolutions\..\sc\components\remoteviewer\smartclient\tst\zsmartclient_unittest\bin\x64\debug\net6.0-windows\zsmartclient_unittest.dll" id="4efc28b2-fe1f-f63d-e78f-1c7f34702762">
      <TestCategory>
        <TestCategoryItem TestCategory="Search" />
      </TestCategory>
      <Execution id="24919755-8f46-4081-b112-6bb88ca78447" />
      <TestMethod codeBase="D:\actions-runner\_work\XPCO\XPCO\AllSolutions\..\SC\Components\RemoteViewer\SmartClient\tst\zSmartClient_UnitTest\bin\x64\Debug\net6.0-windows\zSmartClient_UnitTest.dll" adapterTypeName="executor://mstestadapter/v2" className="SmartClient_UnitTest.VideoOS.RemoteClient.Plugin.CentralizedSearch.Utils.SearchResultDataWrapperExtensionsTests" name="ResolveSearchDefinitions_ShouldReturnResultSearchDefinition_WhenCombinedSearchResultWithSingleSubResultAndNullSearchDefinitionsAreGiven" />
    </UnitTest>
    <UnitTest name="ResolveSearchDefinitions_ShouldReturnResultSearchDefinitionInCorrectOrder_WhenCombinedSearchResultWithMultipleSubResultAndSearchDefinitionsContainingCorrectSearchDefinitionsAreGiven" storage="d:\actions-runner\_work\xpco\xpco\allsolutions\..\sc\components\remoteviewer\smartclient\tst\zsmartclient_unittest\bin\x64\debug\net6.0-windows\zsmartclient_unittest.dll" id="b998ca9d-3c07-a9b0-e337-f1f0a1809e45">
      <TestCategory>
        <TestCategoryItem TestCategory="Search" />
      </TestCategory>
      <Execution id="3de1ddaf-4bc3-4172-9156-3af6046e7760" />
      <TestMethod codeBase="D:\actions-runner\_work\XPCO\XPCO\AllSolutions\..\SC\Components\RemoteViewer\SmartClient\tst\zSmartClient_UnitTest\bin\x64\Debug\net6.0-windows\zSmartClient_UnitTest.dll" adapterTypeName="executor://mstestadapter/v2" className="SmartClient_UnitTest.VideoOS.RemoteClient.Plugin.CentralizedSearch.Utils.SearchResultDataWrapperExtensionsTests" name="ResolveSearchDefinitions_ShouldReturnResultSearchDefinitionInCorrectOrder_WhenCombinedSearchResultWithMultipleSubResultAndSearchDefinitionsContainingCorrectSearchDefinitionsAreGiven" />
    </UnitTest>
    <UnitTest name="TestForAssemblyCoverage" storage="d:\actions-runner\_work\xpco\xpco\allsolutions\..\sc\components\remoteviewer\smartclient\tst\zsmartclient_unittest\bin\x64\debug\net6.0-windows\zsmartclient_unittest.dll" id="701d42cf-3ef2-9e45-4405-09554e002cc2">
      <Execution id="d0078a9f-7c22-4552-8683-0399abfbb8d9" />
      <TestMethod codeBase="D:\actions-runner\_work\XPCO\XPCO\AllSolutions\..\SC\Components\RemoteViewer\SmartClient\tst\zSmartClient_UnitTest\bin\x64\Debug\net6.0-windows\zSmartClient_UnitTest.dll" adapterTypeName="executor://mstestadapter/v2" className="SmartClient_UnitTest.VideoOS.RemoteClient.Plugin.Matrix.UnitTest1" name="TestForAssemblyCoverage" />
    </UnitTest>
    <UnitTest name="AuthType_ShouldReturnNegotiate_WhenConstructedUsingWindowsDefault" storage="d:\actions-runner\_work\xpco\xpco\allsolutions\..\sc\components\remoteviewer\smartclient\tst\zsmartclient_unittest\bin\x64\debug\net6.0-windows\zsmartclient_unittest.dll" id="3c6da4f1-e15b-e209-7afc-b41a7ac6ff10">
      <TestCategory>
        <TestCategoryItem TestCategory="Authentication.ClientCredentials" />
      </TestCategory>
      <Execution id="8fa24781-cf73-4f4b-9bec-e476a7081fe9" />
      <TestMethod codeBase="D:\actions-runner\_work\XPCO\XPCO\AllSolutions\..\SC\Components\RemoteViewer\SmartClient\tst\zSmartClient_UnitTest\bin\x64\Debug\net6.0-windows\zSmartClient_UnitTest.dll" adapterTypeName="executor://mstestadapter/v2" className="SmartClient_UnitTest.VideoOS.Shared.ServerAPI.ClientCredentialsTest" name="AuthType_ShouldReturnNegotiate_WhenConstructedUsingWindowsDefault" />
    </UnitTest>
    <UnitTest name="GetSubGroup_NewUser" storage="d:\actions-runner\_work\xpco\xpco\allsolutions\..\sc\components\remoteviewer\smartclient\tst\zsmartclient_unittest\bin\x64\debug\net6.0-windows\zsmartclient_unittest.dll" id="dc622a34-8cc7-4600-a4f3-cf01b26ced88">
      <Execution id="a48b70e3-8db7-498c-87cf-284b546da73c" />
      <TestMethod codeBase="D:\actions-runner\_work\XPCO\XPCO\AllSolutions\..\SC\Components\RemoteViewer\SmartClient\tst\zSmartClient_UnitTest\bin\x64\Debug\net6.0-windows\zSmartClient_UnitTest.dll" adapterTypeName="executor://mstestadapter/v2" className="SmartClient_UnitTest.VideoOS.Shared.ViewGroupSerializationControllerTests" name="GetSubGroup_NewUser" />
    </UnitTest>
    <UnitTest name="ScWorkspaceStateChangedEvent_ShouldSetDeviceStateToMuted_WhenSwitchingToSetupMode" storage="d:\actions-runner\_work\xpco\xpco\allsolutions\..\sc\components\remoteviewer\smartclient\tst\zsmartclient_unittest\bin\x64\debug\net6.0-windows\zsmartclient_unittest.dll" id="7bc82cbe-20de-caab-82e3-ab7c085d6916">
      <TestCategory>
        <TestCategoryItem TestCategory="GisMapData.MapLayers" />
      </TestCategory>
      <Execution id="bce0d725-0b59-432e-bde6-ca5c4f4cd3e9" />
      <TestMethod codeBase="D:\actions-runner\_work\XPCO\XPCO\AllSolutions\..\SC\Components\RemoteViewer\SmartClient\tst\zSmartClient_UnitTest\bin\x64\Debug\net6.0-windows\zSmartClient_UnitTest.dll" adapterTypeName="executor://mstestadapter/v2" className="SmartClient_UnitTest.VideoOS.RemoteClient.GisMapData.MapLayers.MicrophoneItemsMapLayerTests" name="ScWorkspaceStateChangedEvent_ShouldSetDeviceStateToMuted_WhenSwitchingToSetupMode" />
    </UnitTest>
    <UnitTest name="InputMapItem_ForceActivateAsync_NotInBuilding_Success" storage="d:\actions-runner\_work\xpco\xpco\allsolutions\..\sc\components\remoteviewer\smartclient\tst\zsmartclient_unittest\bin\x64\debug\net6.0-windows\zsmartclient_unittest.dll" id="49a421d1-e95e-714d-edf9-45ffcfd2a39e">
      <TestCategory>
        <TestCategoryItem TestCategory="GisMapData.MapItem.Inputs" />
      </TestCategory>
      <Execution id="449579e9-0145-4f78-b5f6-2bb04810af8b" />
      <TestMethod codeBase="D:\actions-runner\_work\XPCO\XPCO\AllSolutions\..\SC\Components\RemoteViewer\SmartClient\tst\zSmartClient_UnitTest\bin\x64\Debug\net6.0-windows\zSmartClient_UnitTest.dll" adapterTypeName="executor://mstestadapter/v2" className="SmartClient_UnitTest.VideoOS.RemoteClient.GisMapData.MapItem.Inputs.InputMapItemTests" name="InputMapItem_ForceActivateAsync_NotInBuilding_Success" />
    </UnitTest>
    <UnitTest name="IsBasicUser_ShouldReturnFalse_WhenConstructedUsingWindows" storage="d:\actions-runner\_work\xpco\xpco\allsolutions\..\sc\components\remoteviewer\smartclient\tst\zsmartclient_unittest\bin\x64\debug\net6.0-windows\zsmartclient_unittest.dll" id="98f27d45-2a93-357a-deeb-cbe956e4dc11">
      <TestCategory>
        <TestCategoryItem TestCategory="Authentication.ClientCredentials" />
      </TestCategory>
      <Execution id="e9898999-d2f6-46f0-90e5-9a445d519bee" />
      <TestMethod codeBase="D:\actions-runner\_work\XPCO\XPCO\AllSolutions\..\SC\Components\RemoteViewer\SmartClient\tst\zSmartClient_UnitTest\bin\x64\Debug\net6.0-windows\zSmartClient_UnitTest.dll" adapterTypeName="executor://mstestadapter/v2" className="SmartClient_UnitTest.VideoOS.Shared.ServerAPI.ClientCredentialsTest" name="IsBasicUser_ShouldReturnFalse_WhenConstructedUsingWindows" />
    </UnitTest>
    <UnitTest name="GetLayerFeatures_ShouldNotThrow_WhenLayersCollectionIsEmpty" storage="d:\actions-runner\_work\xpco\xpco\allsolutions\..\sc\components\remoteviewer\smartclient\tst\zsmartclient_unittest\bin\x64\debug\net6.0-windows\zsmartclient_unittest.dll" id="d2a9174b-0e8a-f538-f842-cd59e66f5936">
      <TestCategory>
        <TestCategoryItem TestCategory="GisMapData.Controllers.LayerFeatures" />
      </TestCategory>
      <Execution id="85342d8b-b576-429e-a700-9da41058d688" />
      <TestMethod codeBase="D:\actions-runner\_work\XPCO\XPCO\AllSolutions\..\SC\Components\RemoteViewer\SmartClient\tst\zSmartClient_UnitTest\bin\x64\Debug\net6.0-windows\zSmartClient_UnitTest.dll" adapterTypeName="executor://mstestadapter/v2" className="SmartClient_UnitTest.VideoOS.RemoteClient.GisMapData.Controllers.LayerFeatures.LayerFeaturesControllerTests" name="GetLayerFeatures_ShouldNotThrow_WhenLayersCollectionIsEmpty" />
    </UnitTest>
    <UnitTest name="PtzInfoViewModel_PtzNotCotrolledTest" storage="d:\actions-runner\_work\xpco\xpco\allsolutions\..\sc\components\remoteviewer\smartclient\tst\zsmartclient_unittest\bin\x64\debug\net6.0-windows\zsmartclient_unittest.dll" id="c126ef38-de54-9d14-e11c-edf70abaf073">
      <Execution id="d23e2781-9e60-4130-b6c4-753334f6cc54" />
      <TestMethod codeBase="D:\actions-runner\_work\XPCO\XPCO\AllSolutions\..\SC\Components\RemoteViewer\SmartClient\tst\zSmartClient_UnitTest\bin\x64\Debug\net6.0-windows\zSmartClient_UnitTest.dll" adapterTypeName="executor://mstestadapter/v2" className="SmartClient_UnitTest.VideoOS.RemoteClient.Plugin.Map.WPFObjects.PtzInfoViewModelUnitTest" name="PtzInfoViewModel_PtzNotCotrolledTest" />
    </UnitTest>
    <UnitTest name="Ctor_NullLogger_Failure" storage="d:\actions-runner\_work\xpco\xpco\allsolutions\..\sc\components\remoteviewer\smartclient\tst\zsmartclient_unittest\bin\x64\debug\net6.0-windows\zsmartclient_unittest.dll" id="3bf91338-9db5-e244-3437-2a694f10cdfe">
      <TestCategory>
        <TestCategoryItem TestCategory="Search" />
      </TestCategory>
      <Execution id="3abb17c7-c8b1-4cf8-8711-285d86727e26" />
      <TestMethod codeBase="D:\actions-runner\_work\XPCO\XPCO\AllSolutions\..\SC\Components\RemoteViewer\SmartClient\tst\zSmartClient_UnitTest\bin\x64\Debug\net6.0-windows\zSmartClient_UnitTest.dll" adapterTypeName="executor://mstestadapter/v2" className="SmartClient_UnitTest.VideoOS.RemoteClient.Plugin.CentralizedSearch.ViewModels.Data.SnapshotHandlerTests" name="Ctor_NullLogger_Failure" />
    </UnitTest>
    <UnitTest name="PtzPresetsMenuViewModel_PtzCotrolledByAnonymousTest" storage="d:\actions-runner\_work\xpco\xpco\allsolutions\..\sc\components\remoteviewer\smartclient\tst\zsmartclient_unittest\bin\x64\debug\net6.0-windows\zsmartclient_unittest.dll" id="f6db960c-c26a-9ba9-bdda-2ac9e0b27970">
      <Execution id="a403f7ee-66dc-4d6e-96c7-90afa597dfd1" />
      <TestMethod codeBase="D:\actions-runner\_work\XPCO\XPCO\AllSolutions\..\SC\Components\RemoteViewer\SmartClient\tst\zSmartClient_UnitTest\bin\x64\Debug\net6.0-windows\zSmartClient_UnitTest.dll" adapterTypeName="executor://mstestadapter/v2" className="SmartClient_UnitTest.VideoOS.RemoteClient.Application.Data.ContentTypes.CameraContentType.PtzPresetsMenuViewModelTest" name="PtzPresetsMenuViewModel_PtzCotrolledByAnonymousTest" />
    </UnitTest>
    <UnitTest name="UpdateAndSaveBuilding_Success" storage="d:\actions-runner\_work\xpco\xpco\allsolutions\..\sc\components\remoteviewer\smartclient\tst\zsmartclient_unittest\bin\x64\debug\net6.0-windows\zsmartclient_unittest.dll" id="6abab9f6-2ccc-d047-2fba-1c19ca4d1351">
      <TestCategory>
        <TestCategoryItem TestCategory="GisMapBuilding" />
      </TestCategory>
      <Execution id="9efeb89e-70c6-400a-82f4-fa7d4861e0d6" />
      <TestMethod codeBase="D:\actions-runner\_work\XPCO\XPCO\AllSolutions\..\SC\Components\RemoteViewer\SmartClient\tst\zSmartClient_UnitTest\bin\x64\Debug\net6.0-windows\zSmartClient_UnitTest.dll" adapterTypeName="executor://mstestadapter/v2" className="SmartClient_UnitTest.VideoOS.RemoteClient.GisMap.MapBuildingTests" name="UpdateAndSaveBuilding_Success" />
    </UnitTest>
    <UnitTest name="ActivatedOutputIconsId_ShouldReturnUnDeactivatedIconsInAProperOrder_WhenCalled" storage="d:\actions-runner\_work\xpco\xpco\allsolutions\..\sc\components\remoteviewer\smartclient\tst\zsmartclient_unittest\bin\x64\debug\net6.0-windows\zsmartclient_unittest.dll" id="a27dcab4-fe50-bb56-8a65-057bfb64a1f4">
      <TestCategory>
        <TestCategoryItem TestCategory="GisMapData.OutputOemResourcesProviderTests" />
      </TestCategory>
      <Execution id="ce6defd5-eae1-44d4-89e9-8d0c0856170f" />
      <TestMethod codeBase="D:\actions-runner\_work\XPCO\XPCO\AllSolutions\..\SC\Components\RemoteViewer\SmartClient\tst\zSmartClient_UnitTest\bin\x64\Debug\net6.0-windows\zSmartClient_UnitTest.dll" adapterTypeName="executor://mstestadapter/v2" className="SmartClient_UnitTest.VideoOS.RemoteClient.GisMapData.Resources.OutputOemResourcesProviderTests" name="ActivatedOutputIconsId_ShouldReturnUnDeactivatedIconsInAProperOrder_WhenCalled" />
    </UnitTest>
    <UnitTest name="PatrollingStepViewModel_SelectPreset" storage="d:\actions-runner\_work\xpco\xpco\allsolutions\..\sc\components\remoteviewer\smartclient\tst\zsmartclient_unittest\bin\x64\debug\net6.0-windows\zsmartclient_unittest.dll" id="0ae53827-c728-1e97-29dd-bbdf893d6166">
      <Execution id="abbceb24-53b8-4569-8acc-78a4374f3ebd" />
      <TestMethod codeBase="D:\actions-runner\_work\XPCO\XPCO\AllSolutions\..\SC\Components\RemoteViewer\SmartClient\tst\zSmartClient_UnitTest\bin\x64\Debug\net6.0-windows\zSmartClient_UnitTest.dll" adapterTypeName="executor://mstestadapter/v2" className="SmartClient_UnitTest.VideoOS.RemoteClient.Application.UI.PtzPreset.PatrollingViewModel.PatrollingStepViewModelTest" name="PatrollingStepViewModel_SelectPreset" />
    </UnitTest>
    <UnitTest name="GetSnapshots_InvalidSnapshotPath_Failure" storage="d:\actions-runner\_work\xpco\xpco\allsolutions\..\sc\components\remoteviewer\smartclient\tst\zsmartclient_unittest\bin\x64\debug\net6.0-windows\zsmartclient_unittest.dll" id="89684484-4d0f-00a8-989b-9cbdfecf3e30">
      <TestCategory>
        <TestCategoryItem TestCategory="Search" />
      </TestCategory>
      <Execution id="cb1d1fa3-458a-4309-8167-5048b781076a" />
      <TestMethod codeBase="D:\actions-runner\_work\XPCO\XPCO\AllSolutions\..\SC\Components\RemoteViewer\SmartClient\tst\zSmartClient_UnitTest\bin\x64\Debug\net6.0-windows\zSmartClient_UnitTest.dll" adapterTypeName="executor://mstestadapter/v2" className="SmartClient_UnitTest.VideoOS.RemoteClient.Plugin.CentralizedSearch.ViewModels.Data.SnapshotHandlerTests" name="GetSnapshots_InvalidSnapshotPath_Failure" />
    </UnitTest>
    <UnitTest name="HasMd5ProviderStrategy_ShouldReturnTrue_WhenSomeEventServerIdAreNonFipsCompliant" storage="d:\actions-runner\_work\xpco\xpco\allsolutions\..\sc\components\remoteviewer\smartclient\tst\zsmartclient_unittest\bin\x64\debug\net6.0-windows\zsmartclient_unittest.dll" id="9c23bc24-c1ee-6f47-512c-5d239bfcd591">
      <TestCategory>
        <TestCategoryItem TestCategory="AccessControl.Services" />
      </TestCategory>
      <Execution id="2233968f-d8ed-4984-b35a-bdd38d6e08ce" />
      <TestMethod codeBase="D:\actions-runner\_work\XPCO\XPCO\AllSolutions\..\SC\Components\RemoteViewer\SmartClient\tst\zSmartClient_UnitTest\bin\x64\Debug\net6.0-windows\zSmartClient_UnitTest.dll" adapterTypeName="executor://mstestadapter/v2" className="SmartClient_UnitTest.VideoOS.RemoteClient.AccessControl.Services.AccessControlGuidProviderTests" name="HasMd5ProviderStrategy_ShouldReturnTrue_WhenSomeEventServerIdAreNonFipsCompliant" />
    </UnitTest>
    <UnitTest name="CreateCameraListItem_ShouldCreateNotEnabledCamera_WhenEnabledParameterIsFalse" storage="d:\actions-runner\_work\xpco\xpco\allsolutions\..\sc\components\remoteviewer\smartclient\tst\zsmartclient_unittest\bin\x64\debug\net6.0-windows\zsmartclient_unittest.dll" id="4ccdfeb9-004d-3fe2-5c2e-c79ef1dd5941">
      <TestCategory>
        <TestCategoryItem TestCategory="Search.Filters.ViewModels" />
      </TestCategory>
      <Execution id="e306eb53-e185-4694-ab6c-6a6d7bdc7de8" />
      <TestMethod codeBase="D:\actions-runner\_work\XPCO\XPCO\AllSolutions\..\SC\Components\RemoteViewer\SmartClient\tst\zSmartClient_UnitTest\bin\x64\Debug\net6.0-windows\zSmartClient_UnitTest.dll" adapterTypeName="executor://mstestadapter/v2" className="SmartClient_UnitTest.VideoOS.RemoteClient.Plugin.CentralizedSearch.MIPPlugin.Criteria.ViewModels.SmartSearchCameraListItemHelperTests" name="CreateCameraListItem_ShouldCreateNotEnabledCamera_WhenEnabledParameterIsFalse" />
    </UnitTest>
    <UnitTest name="SearchAction_LiveMode" storage="d:\actions-runner\_work\xpco\xpco\allsolutions\..\sc\components\remoteviewer\smartclient\tst\zsmartclient_unittest\bin\x64\debug\net6.0-windows\zsmartclient_unittest.dll" id="bc3083b0-a3ea-e4f1-9c27-4c183b204440">
      <TestCategory>
        <TestCategoryItem TestCategory="ContentHolderToolbar" />
      </TestCategory>
      <Execution id="f3df9b76-f580-4588-8ab4-218a687549f2" />
      <TestMethod codeBase="D:\actions-runner\_work\XPCO\XPCO\AllSolutions\..\SC\Components\RemoteViewer\SmartClient\tst\zSmartClient_UnitTest\bin\x64\Debug\net6.0-windows\zSmartClient_UnitTest.dll" adapterTypeName="executor://mstestadapter/v2" className="SmartClient_UnitTest.VideoOS.RemoteClient.Application.Data.ContentHolderToolbar.ToolBarItemSearchTests" name="SearchAction_LiveMode" />
    </UnitTest>
    <UnitTest name="DeviceIcons_ShouldReturnIconsInAProperOrder_WhenCalled" storage="d:\actions-runner\_work\xpco\xpco\allsolutions\..\sc\components\remoteviewer\smartclient\tst\zsmartclient_unittest\bin\x64\debug\net6.0-windows\zsmartclient_unittest.dll" id="62930b8c-e45e-fc1a-2573-556c126ac982">
      <TestCategory>
        <TestCategoryItem TestCategory="GisMapData.MicrophoneOemResourcesProviderTests" />
      </TestCategory>
      <Execution id="e0211f28-0cc3-4a0c-9c6a-508d676bfdf9" />
      <TestMethod codeBase="D:\actions-runner\_work\XPCO\XPCO\AllSolutions\..\SC\Components\RemoteViewer\SmartClient\tst\zSmartClient_UnitTest\bin\x64\Debug\net6.0-windows\zSmartClient_UnitTest.dll" adapterTypeName="executor://mstestadapter/v2" className="SmartClient_UnitTest.VideoOS.RemoteClient.GisMapData.Resources.MicrophoneOemResourcesProviderTests" name="DeviceIcons_ShouldReturnIconsInAProperOrder_WhenCalled" />
    </UnitTest>
    <UnitTest name="Constructor_ShouldRaiseArgumentNullException_WhenNextDeviceDataHandlerIsNull" storage="d:\actions-runner\_work\xpco\xpco\allsolutions\..\sc\components\remoteviewer\smartclient\tst\zsmartclient_unittest\bin\x64\debug\net6.0-windows\zsmartclient_unittest.dll" id="3dd17c2d-4aaa-fdf7-41d3-a00ff3aff086">
      <TestCategory>
        <TestCategoryItem TestCategory="GisMap.Handlers.Devices.MapItems" />
      </TestCategory>
      <Execution id="4443a45a-61ad-49e5-a334-c914ffdadae7" />
      <TestMethod codeBase="D:\actions-runner\_work\XPCO\XPCO\AllSolutions\..\SC\Components\RemoteViewer\SmartClient\tst\zSmartClient_UnitTest\bin\x64\Debug\net6.0-windows\zSmartClient_UnitTest.dll" adapterTypeName="executor://mstestadapter/v2" className="SmartClient_UnitTest.VideoOS.RemoteClient.Plugin.GisMap.Handlers.Devices.MapItems.InputDataHandlerTests" name="Constructor_ShouldRaiseArgumentNullException_WhenNextDeviceDataHandlerIsNull" />
    </UnitTest>
    <UnitTest name="DateToStringConverter_SingleConvertBack_Fail" storage="d:\actions-runner\_work\xpco\xpco\allsolutions\..\sc\components\remoteviewer\smartclient\tst\zsmartclient_unittest\bin\x64\debug\net6.0-windows\zsmartclient_unittest.dll" id="313c09e0-411a-75b7-e96b-3ca0dbd86c48">
      <TestCategory>
        <TestCategoryItem TestCategory="SearchConverter" />
      </TestCategory>
      <Execution id="ef179777-4799-4717-a3eb-3d361e2eb525" />
      <TestMethod codeBase="D:\actions-runner\_work\XPCO\XPCO\AllSolutions\..\SC\Components\RemoteViewer\SmartClient\tst\zSmartClient_UnitTest\bin\x64\Debug\net6.0-windows\zSmartClient_UnitTest.dll" adapterTypeName="executor://mstestadapter/v2" className="SmartClient_UnitTest.VideoOS.RemoteClient.Plugin.CentralizedSearch.Views.Converters.DurationToStringConverterTests" name="DateToStringConverter_SingleConvertBack_Fail" />
    </UnitTest>
    <UnitTest name="CreateMenuItem_SetsIcons" storage="d:\actions-runner\_work\xpco\xpco\allsolutions\..\sc\components\remoteviewer\smartclient\tst\zsmartclient_unittest\bin\x64\debug\net6.0-windows\zsmartclient_unittest.dll" id="a7ae775e-2c15-1f46-f93f-e37442fe54d1">
      <TestCategory>
        <TestCategoryItem TestCategory="GisMapMip" />
      </TestCategory>
      <Execution id="ffb605e4-cd4b-4357-b98b-ffba268de599" />
      <TestMethod codeBase="D:\actions-runner\_work\XPCO\XPCO\AllSolutions\..\SC\Components\RemoteViewer\SmartClient\tst\zSmartClient_UnitTest\bin\x64\Debug\net6.0-windows\zSmartClient_UnitTest.dll" adapterTypeName="executor://mstestadapter/v2" className="SmartClient_UnitTest.VideoOS.RemoteClient.Plugin.GisMap.ThinkGeoMap.ContextMenuUtils.MipItemActionsContextMenuTests" name="CreateMenuItem_SetsIcons" />
    </UnitTest>
    <UnitTest name="HandleGetDeviceData_ShouldReturnInputData_WhenInputKindAndExistingInputId" storage="d:\actions-runner\_work\xpco\xpco\allsolutions\..\sc\components\remoteviewer\smartclient\tst\zsmartclient_unittest\bin\x64\debug\net6.0-windows\zsmartclient_unittest.dll" id="01f34d8e-771f-fa5c-163a-25421605a156">
      <TestCategory>
        <TestCategoryItem TestCategory="GisMap.Handlers.Devices.MapItems" />
      </TestCategory>
      <Execution id="64a9edba-246e-430b-a772-0f7afe0dbe5e" />
      <TestMethod codeBase="D:\actions-runner\_work\XPCO\XPCO\AllSolutions\..\SC\Components\RemoteViewer\SmartClient\tst\zSmartClient_UnitTest\bin\x64\Debug\net6.0-windows\zSmartClient_UnitTest.dll" adapterTypeName="executor://mstestadapter/v2" className="SmartClient_UnitTest.VideoOS.RemoteClient.Plugin.GisMap.Handlers.Devices.MapItems.InputDataHandlerTests" name="HandleGetDeviceData_ShouldReturnInputData_WhenInputKindAndExistingInputId" />
    </UnitTest>
    <UnitTest name="MarkerFactory_WhenMarkerDoesNotExistForMapItem_ShouldReturnNull" storage="d:\actions-runner\_work\xpco\xpco\allsolutions\..\sc\components\remoteviewer\smartclient\tst\zsmartclient_unittest\bin\x64\debug\net6.0-windows\zsmartclient_unittest.dll" id="1908903c-8778-1771-d8eb-296b41bd1c8a">
      <TestCategory>
        <TestCategoryItem TestCategory="GisMap.MarkerFactory" />
      </TestCategory>
      <Execution id="6a9c6891-1573-40f3-bde5-858984ee96ec" />
      <TestMethod codeBase="D:\actions-runner\_work\XPCO\XPCO\AllSolutions\..\SC\Components\RemoteViewer\SmartClient\tst\zSmartClient_UnitTest\bin\x64\Debug\net6.0-windows\zSmartClient_UnitTest.dll" adapterTypeName="executor://mstestadapter/v2" className="SmartClient_UnitTest.VideoOS.RemoteClient.Plugin.GisMap.IoC.MarkerFactoryTests" name="MarkerFactory_WhenMarkerDoesNotExistForMapItem_ShouldReturnNull" />
    </UnitTest>
    <UnitTest name="False" storage="d:\actions-runner\_work\xpco\xpco\allsolutions\..\sc\components\remoteviewer\smartclient\tst\zsmartclient_unittest\bin\x64\debug\net6.0-windows\zsmartclient_unittest.dll" id="dfc99105-842d-994d-413a-71febf5a5573">
      <TestCategory>
        <TestCategoryItem TestCategory="WorkspaceToolbar" />
      </TestCategory>
      <Execution id="0636fbd5-71f6-41ed-82c9-a0b318573060" />
      <TestMethod codeBase="D:\actions-runner\_work\XPCO\XPCO\AllSolutions\..\SC\Components\RemoteViewer\SmartClient\tst\zSmartClient_UnitTest\bin\x64\Debug\net6.0-windows\zSmartClient_UnitTest.dll" adapterTypeName="executor://mstestadapter/v2" className="SmartClient_UnitTest.VideoOS.RemoteClient.Application.Data.WorkspaceToolbar.WorkspaceToolbarItemMipPluginTests" name="BindingModelVisible_Matches_PluginInstanceVisible" />
    </UnitTest>
    <UnitTest name="IncludeViewItemToggledEvent_ShouldAddViewItemToIncludedViewItems_WhenIncludedIsTrueOnContentHolderControl" storage="d:\actions-runner\_work\xpco\xpco\allsolutions\..\sc\components\remoteviewer\smartclient\tst\zsmartclient_unittest\bin\x64\debug\net6.0-windows\zsmartclient_unittest.dll" id="31d5d148-0cd6-8d1e-0567-f1c07ae35162">
      <TestCategory>
        <TestCategoryItem TestCategory="ContentHolder" />
      </TestCategory>
      <Execution id="46a7b3c8-05af-4000-b3b8-86da5eb5a88f" />
      <TestMethod codeBase="D:\actions-runner\_work\XPCO\XPCO\AllSolutions\..\SC\Components\RemoteViewer\SmartClient\tst\zSmartClient_UnitTest\bin\x64\Debug\net6.0-windows\zSmartClient_UnitTest.dll" adapterTypeName="executor://mstestadapter/v2" className="SmartClient_UnitTest.VideoOS.RemoteClient.Application.Data.ContentTypes.ContentTypeBase.ContentHolderBaseTests" name="IncludeViewItemToggledEvent_ShouldAddViewItemToIncludedViewItems_WhenIncludedIsTrueOnContentHolderControl" />
    </UnitTest>
    <UnitTest name="IsSearchInProgressChanged_Success" storage="d:\actions-runner\_work\xpco\xpco\allsolutions\..\sc\components\remoteviewer\smartclient\tst\zsmartclient_unittest\bin\x64\debug\net6.0-windows\zsmartclient_unittest.dll" id="27940d64-03df-8f28-2a77-22152c4e2bc7">
      <TestCategory>
        <TestCategoryItem TestCategory="SearchResultViewModels" />
      </TestCategory>
      <Execution id="91f99bbd-9495-4977-ba12-0a2852fe4d30" />
      <TestMethod codeBase="D:\actions-runner\_work\XPCO\XPCO\AllSolutions\..\SC\Components\RemoteViewer\SmartClient\tst\zSmartClient_UnitTest\bin\x64\Debug\net6.0-windows\zSmartClient_UnitTest.dll" adapterTypeName="executor://mstestadapter/v2" className="SmartClient_UnitTest.VideoOS.RemoteClient.Plugin.CentralizedSearch.ViewModels.SearchResultsViewModelTest" name="IsSearchInProgressChanged_Success" />
    </UnitTest>
    <UnitTest name="ToSafeName_NullName_Failure" storage="d:\actions-runner\_work\xpco\xpco\allsolutions\..\sc\components\remoteviewer\smartclient\tst\zsmartclient_unittest\bin\x64\debug\net6.0-windows\zsmartclient_unittest.dll" id="e288d304-5f35-f382-d06b-9b0ed9edf0e1">
      <Execution id="7fa26aeb-ac56-45fc-8a51-cfbf0133c62d" />
      <TestMethod codeBase="D:\actions-runner\_work\XPCO\XPCO\AllSolutions\..\SC\Components\RemoteViewer\SmartClient\tst\zSmartClient_UnitTest\bin\x64\Debug\net6.0-windows\zSmartClient_UnitTest.dll" adapterTypeName="executor://mstestadapter/v2" className="SmartClient_UnitTest.VideoOS.RemoteClient.Application.Common.Scripting.ReservedJavascriptKeywordsTests" name="ToSafeName_NullName_Failure" />
    </UnitTest>
    <UnitTest name="GeNumberOfMonitors_GetResolution_ShouldReturnValidValue" storage="d:\actions-runner\_work\xpco\xpco\allsolutions\..\sc\components\remoteviewer\smartclient\tst\zsmartclient_unittest\bin\x64\debug\net6.0-windows\zsmartclient_unittest.dll" id="82581c83-f8ac-d2d4-2282-bfb72f7ace78">
      <Execution id="a8652c8b-88c0-4ae7-96d9-b7a08cb2dce2" />
      <TestMethod codeBase="D:\actions-runner\_work\XPCO\XPCO\AllSolutions\..\SC\Components\RemoteViewer\SmartClient\tst\zSmartClient_UnitTest\bin\x64\Debug\net6.0-windows\zSmartClient_UnitTest.dll" adapterTypeName="executor://mstestadapter/v2" className="SmartClient_UnitTest.VideoOS.RemoteClient.Application.Common.Telemetry.SCTelemetrySpecificsTests" name="GeNumberOfMonitors_GetResolution_ShouldReturnValidValue" />
    </UnitTest>
    <UnitTest name="TestImplicitOperator_Polygon_Success" storage="d:\actions-runner\_work\xpco\xpco\allsolutions\..\sc\components\remoteviewer\smartclient\tst\zsmartclient_unittest\bin\x64\debug\net6.0-windows\zsmartclient_unittest.dll" id="521edd59-e00a-7fda-d2c0-b2558265b67a">
      <TestCategory>
        <TestCategoryItem TestCategory="GisMap" />
      </TestCategory>
      <Execution id="fb440e0e-6a1e-4cfb-ab1e-443eb47fd088" />
      <TestMethod codeBase="D:\actions-runner\_work\XPCO\XPCO\AllSolutions\..\SC\Components\RemoteViewer\SmartClient\tst\zSmartClient_UnitTest\bin\x64\Debug\net6.0-windows\zSmartClient_UnitTest.dll" adapterTypeName="executor://mstestadapter/v2" className="SmartClient_UnitTest.VideoOS.RemoteClient.GisMap.Common.MapPolygonTest" name="TestImplicitOperator_Polygon_Success" />
    </UnitTest>
    <UnitTest name="AddSelectedWindowsToExport_ShouldShowCorrectToastMessages (0,0,0)" storage="d:\actions-runner\_work\xpco\xpco\allsolutions\..\sc\components\remoteviewer\smartclient\tst\zsmartclient_unittest\bin\x64\debug\net6.0-windows\zsmartclient_unittest.dll" id="171feea5-abd8-a592-59bf-79484281ec17">
      <TestCategory>
        <TestCategoryItem TestCategory="Managers" />
      </TestCategory>
      <Execution id="4e732a3e-f7b8-47c7-9b9e-6636ff1e3af5" />
      <TestMethod codeBase="D:\actions-runner\_work\XPCO\XPCO\AllSolutions\..\SC\Components\RemoteViewer\SmartClient\tst\zSmartClient_UnitTest\bin\x64\Debug\net6.0-windows\zSmartClient_UnitTest.dll" adapterTypeName="executor://mstestadapter/v2" className="SmartClient_UnitTest.VideoOS.RemoteClient.Application.Managers.ExportManagerTests" name="AddSelectedWindowsToExport_ShouldShowCorrectToastMessages" />
    </UnitTest>
    <UnitTest name="OnLayersRetrieved_ShouldSetComponentsToInput_WhenLayersCollectionContainsOutput" storage="d:\actions-runner\_work\xpco\xpco\allsolutions\..\sc\components\remoteviewer\smartclient\tst\zsmartclient_unittest\bin\x64\debug\net6.0-windows\zsmartclient_unittest.dll" id="81839942-eab6-dd11-a06f-a19981ad17ba">
      <TestCategory>
        <TestCategoryItem TestCategory="GisMap.DeviceSelectorWindowViewModel" />
      </TestCategory>
      <Execution id="9faf1a8e-06a9-492d-8eaa-e7f1187ed64d" />
      <TestMethod codeBase="D:\actions-runner\_work\XPCO\XPCO\AllSolutions\..\SC\Components\RemoteViewer\SmartClient\tst\zSmartClient_UnitTest\bin\x64\Debug\net6.0-windows\zSmartClient_UnitTest.dll" adapterTypeName="executor://mstestadapter/v2" className="SmartClient_UnitTest.VideoOS.RemoteClient.Plugin.GisMap.ViewModels.DeviceSelectorWindowViewModelTests" name="OnLayersRetrieved_ShouldSetComponentsToInput_WhenLayersCollectionContainsOutput" />
    </UnitTest>
    <UnitTest name="IsCurrentCenterEqualTo_ShouldReturnFalse_WhenValuesAreNotEqualWithinGivenPrecision" storage="d:\actions-runner\_work\xpco\xpco\allsolutions\..\sc\components\remoteviewer\smartclient\tst\zsmartclient_unittest\bin\x64\debug\net6.0-windows\zsmartclient_unittest.dll" id="2a4b4823-fd60-1de2-7bef-a1adf9e470c2">
      <TestCategory>
        <TestCategoryItem TestCategory="MapExtentManager" />
      </TestCategory>
      <Execution id="e3231a27-f538-4784-ae41-196ce1903255" />
      <TestMethod codeBase="D:\actions-runner\_work\XPCO\XPCO\AllSolutions\..\SC\Components\RemoteViewer\SmartClient\tst\zSmartClient_UnitTest\bin\x64\Debug\net6.0-windows\zSmartClient_UnitTest.dll" adapterTypeName="executor://mstestadapter/v2" className="SmartClient_UnitTest.VideoOS.RemoteClient.Plugin.GisMap.ThinkGeoMap.Settings.ThinkGeoMapExtentManagerTests" name="IsCurrentCenterEqualTo_ShouldReturnFalse_WhenValuesAreNotEqualWithinGivenPrecision" />
    </UnitTest>
    <UnitTest name="NearestPossibleZoomLevel_ShouldReturnZoomLevel19_WhenScaleIsZoomLevel19" storage="d:\actions-runner\_work\xpco\xpco\allsolutions\..\sc\components\remoteviewer\smartclient\tst\zsmartclient_unittest\bin\x64\debug\net6.0-windows\zsmartclient_unittest.dll" id="83492e0d-212b-a788-b283-557077b5c1d0">
      <TestCategory>
        <TestCategoryItem TestCategory="MapExtentManager" />
      </TestCategory>
      <Execution id="89ba82fa-64b5-470f-b0fa-193ff7bf0c9d" />
      <TestMethod codeBase="D:\actions-runner\_work\XPCO\XPCO\AllSolutions\..\SC\Components\RemoteViewer\SmartClient\tst\zSmartClient_UnitTest\bin\x64\Debug\net6.0-windows\zSmartClient_UnitTest.dll" adapterTypeName="executor://mstestadapter/v2" className="SmartClient_UnitTest.VideoOS.RemoteClient.Plugin.GisMap.ThinkGeoMap.Settings.ThinkGeoMapExtentManagerTests" name="NearestPossibleZoomLevel_ShouldReturnZoomLevel19_WhenScaleIsZoomLevel19" />
    </UnitTest>
    <UnitTest name="CreateDefinition_FireMultipleSearchResultsInOneEvent_SearchFinishedWithResults" storage="d:\actions-runner\_work\xpco\xpco\allsolutions\..\sc\components\remoteviewer\smartclient\tst\zsmartclient_unittest\bin\x64\debug\net6.0-windows\zsmartclient_unittest.dll" id="16850f24-a3f3-b035-b0b3-7c99490a9542">
      <TestCategory>
        <TestCategoryItem TestCategory="SearchModels" />
      </TestCategory>
      <Execution id="8c07547d-c966-4407-a34c-8fd5ba1afaf4" />
      <TestMethod codeBase="D:\actions-runner\_work\XPCO\XPCO\AllSolutions\..\SC\Components\RemoteViewer\SmartClient\tst\zSmartClient_UnitTest\bin\x64\Debug\net6.0-windows\zSmartClient_UnitTest.dll" adapterTypeName="executor://mstestadapter/v2" className="SmartClient_UnitTest.VideoOS.RemoteClient.Plugin.CentralizedSearch.Models.SearchModelTests" name="CreateDefinition_FireMultipleSearchResultsInOneEvent_SearchFinishedWithResults" />
    </UnitTest>
    <UnitTest name="SmartMapGoToLocationHandler_WhenLocationCanNotBeFound_ShouldWriteToLog" storage="d:\actions-runner\_work\xpco\xpco\allsolutions\..\sc\components\remoteviewer\smartclient\tst\zsmartclient_unittest\bin\x64\debug\net6.0-windows\zsmartclient_unittest.dll" id="4095d4e0-7747-4418-2cba-d8d1b699249f">
      <Execution id="5022da64-3405-4df4-8c91-58fe4869c67a" />
      <TestMethod codeBase="D:\actions-runner\_work\XPCO\XPCO\AllSolutions\..\SC\Components\RemoteViewer\SmartClient\tst\zSmartClient_UnitTest\bin\x64\Debug\net6.0-windows\zSmartClient_UnitTest.dll" adapterTypeName="executor://mstestadapter/v2" className="SmartClient_UnitTest.VideoOS.RemoteClient.Plugin.GisMap.MIP.ContentHolderMipMessageManagerTests" name="SmartMapGoToLocationHandler_WhenLocationCanNotBeFound_ShouldWriteToLog" />
    </UnitTest>
    <UnitTest name="SearchResultCombineType_DefaultValue_And" storage="d:\actions-runner\_work\xpco\xpco\allsolutions\..\sc\components\remoteviewer\smartclient\tst\zsmartclient_unittest\bin\x64\debug\net6.0-windows\zsmartclient_unittest.dll" id="cadbf7d4-d58e-eeac-6faf-7c00f5bba9ec">
      <TestCategory>
        <TestCategoryItem TestCategory="SearchViewModels" />
      </TestCategory>
      <Execution id="beed895e-a45f-4f98-ba3e-4e15b4cbb5e8" />
      <TestMethod codeBase="D:\actions-runner\_work\XPCO\XPCO\AllSolutions\..\SC\Components\RemoteViewer\SmartClient\tst\zSmartClient_UnitTest\bin\x64\Debug\net6.0-windows\zSmartClient_UnitTest.dll" adapterTypeName="executor://mstestadapter/v2" className="SmartClient_UnitTest.VideoOS.RemoteClient.Plugin.CentralizedSearch.ViewModels.SearchViewModelTests" name="SearchResultCombineType_DefaultValue_And" />
    </UnitTest>
    <UnitTest name="AddSelectedCameras_TooManyCamerasMultiple_AddedUntilMaxAndWarningMessageDisplayed" storage="d:\actions-runner\_work\xpco\xpco\allsolutions\..\sc\components\remoteviewer\smartclient\tst\zsmartclient_unittest\bin\x64\debug\net6.0-windows\zsmartclient_unittest.dll" id="4c079a3c-32b1-18a2-0888-498e65e1e695">
      <TestCategory>
        <TestCategoryItem TestCategory="SearchViewModels" />
      </TestCategory>
      <Execution id="27fd3969-934f-4f4a-9cee-bc220b1933a6" />
      <TestMethod codeBase="D:\actions-runner\_work\XPCO\XPCO\AllSolutions\..\SC\Components\RemoteViewer\SmartClient\tst\zSmartClient_UnitTest\bin\x64\Debug\net6.0-windows\zSmartClient_UnitTest.dll" adapterTypeName="executor://mstestadapter/v2" className="SmartClient_UnitTest.VideoOS.RemoteClient.Plugin.CentralizedSearch.ViewModels.SearchViewModelTests" name="AddSelectedCameras_TooManyCamerasMultiple_AddedUntilMaxAndWarningMessageDisplayed" />
    </UnitTest>
    <UnitTest name="GetSLC_ShouldReturnEmptyString_WhenLicenseIsNull" storage="d:\actions-runner\_work\xpco\xpco\allsolutions\..\sc\components\remoteviewer\smartclient\tst\zsmartclient_unittest\bin\x64\debug\net6.0-windows\zsmartclient_unittest.dll" id="f64b2eb0-431a-6fbc-c692-f413cacfb737">
      <Execution id="bfec508f-5cc8-434e-b5b4-16e1da587147" />
      <TestMethod codeBase="D:\actions-runner\_work\XPCO\XPCO\AllSolutions\..\SC\Components\RemoteViewer\SmartClient\tst\zSmartClient_UnitTest\bin\x64\Debug\net6.0-windows\zSmartClient_UnitTest.dll" adapterTypeName="executor://mstestadapter/v2" className="SmartClient_UnitTest.VideoOS.RemoteClient.Application.Common.Telemetry.SCTelemetrySpecificsTests" name="GetSLC_ShouldReturnEmptyString_WhenLicenseIsNull" />
    </UnitTest>
    <UnitTest name="Toolbar_HasButtonsVisibleByDefault_WhenInLive" storage="d:\actions-runner\_work\xpco\xpco\allsolutions\..\sc\components\remoteviewer\smartclient\tst\zsmartclient_unittest\bin\x64\debug\net6.0-windows\zsmartclient_unittest.dll" id="9a0ec1ee-717c-f9be-241c-4cf9cb866a4c">
      <TestCategory>
        <TestCategoryItem TestCategory="WorkspaceToolbar" />
      </TestCategory>
      <Execution id="28263d05-7eb4-4e26-8989-8c6a0647e5ab" />
      <TestMethod codeBase="D:\actions-runner\_work\XPCO\XPCO\AllSolutions\..\SC\Components\RemoteViewer\SmartClient\tst\zSmartClient_UnitTest\bin\x64\Debug\net6.0-windows\zSmartClient_UnitTest.dll" adapterTypeName="executor://mstestadapter/v2" className="SmartClient_UnitTest.VideoOS.RemoteClient.Application.UI.Content.WorkspaceToolbar.WorkspaceToolbarViewModelTests" name="Toolbar_HasButtonsVisibleByDefault_WhenInLive" />
    </UnitTest>
    <UnitTest name="Initialize_ShouldAttachOptionChanged_WhenAllowOnlyFipsAlgorithmsIsTrueAndAllEventServerIdsAreFipsCompliant" storage="d:\actions-runner\_work\xpco\xpco\allsolutions\..\sc\components\remoteviewer\smartclient\tst\zsmartclient_unittest\bin\x64\debug\net6.0-windows\zsmartclient_unittest.dll" id="c0d785e8-8864-98d5-b13c-b47a7d8658f2">
      <TestCategory>
        <TestCategoryItem TestCategory="AccessControl" />
      </TestCategory>
      <Execution id="4bb27099-14e5-4971-b27b-c226f1a95cd2" />
      <TestMethod codeBase="D:\actions-runner\_work\XPCO\XPCO\AllSolutions\..\SC\Components\RemoteViewer\SmartClient\tst\zSmartClient_UnitTest\bin\x64\Debug\net6.0-windows\zSmartClient_UnitTest.dll" adapterTypeName="executor://mstestadapter/v2" className="SmartClient_UnitTest.VideoOS.RemoteClient.AccessControl.AccessControlManagerCoreTests" name="Initialize_ShouldAttachOptionChanged_WhenAllowOnlyFipsAlgorithmsIsTrueAndAllEventServerIdsAreFipsCompliant" />
    </UnitTest>
    <UnitTest name="GetBoundingShapesAsync_ShouldIgnoreNullBoundingShapesCollectionFromSubResults" storage="d:\actions-runner\_work\xpco\xpco\allsolutions\..\sc\components\remoteviewer\smartclient\tst\zsmartclient_unittest\bin\x64\debug\net6.0-windows\zsmartclient_unittest.dll" id="ac8063fd-ec4b-484a-0383-753253f47780">
      <TestCategory>
        <TestCategoryItem TestCategory="Search.Wrappers" />
      </TestCategory>
      <Execution id="3b4f3d36-695c-446d-866a-09c37cb67b87" />
      <TestMethod codeBase="D:\actions-runner\_work\XPCO\XPCO\AllSolutions\..\SC\Components\RemoteViewer\SmartClient\tst\zSmartClient_UnitTest\bin\x64\Debug\net6.0-windows\zSmartClient_UnitTest.dll" adapterTypeName="executor://mstestadapter/v2" className="SmartClient_UnitTest.VideoOS.RemoteClient.Plugin.CentralizedSearch.Models.Wrappers.CombinedSearchResultDataWrapperTests" name="GetBoundingShapesAsync_ShouldIgnoreNullBoundingShapesCollectionFromSubResults" />
    </UnitTest>
  </TestDefinitions>
  <TestEntries>
    <TestEntry testId="f710e014-90ce-d71f-9c5f-5c71e6c4af0c" executionId="2f64c703-a9c5-4913-a818-d80e0427a5ca" testListId="8c84fa94-04c1-424b-9868-57a2d4851a1d" />
    <TestEntry testId="80e1e452-82cf-b088-db40-d28f7d32c62d" executionId="8b881a4c-5c05-4b4e-90a5-cff73afbf322" testListId="8c84fa94-04c1-424b-9868-57a2d4851a1d" />
    <TestEntry testId="84fbc41b-f8b3-97c4-0d80-49164e74cf8a" executionId="6e702f80-1c84-4ad3-9280-cb3e15cf22bd" testListId="8c84fa94-04c1-424b-9868-57a2d4851a1d" />
    <TestEntry testId="15f7fdde-30c5-c5bb-c91a-0ce0590214e2" executionId="80a591f3-d46c-4ea0-8e23-fb0666aaf445" testListId="8c84fa94-04c1-424b-9868-57a2d4851a1d" />
    <TestEntry testId="c28e213e-317a-4527-5d0b-e1f50d0ea576" executionId="3c854157-9453-46be-b87b-7b9b6a8f750f" testListId="8c84fa94-04c1-424b-9868-57a2d4851a1d" />
    <TestEntry testId="ebe31b64-a15f-5d1c-5a6d-837a5656ceb3" executionId="ea107dc2-933d-4d0e-9460-e515e0f4017e" testListId="8c84fa94-04c1-424b-9868-57a2d4851a1d" />
    <TestEntry testId="1242f06f-0c87-0502-1a6f-b0f180763fd7" executionId="4dfd88ed-97c4-4d40-84cd-e94bf9bc5162" testListId="8c84fa94-04c1-424b-9868-57a2d4851a1d" />
    <TestEntry testId="45426788-53bd-fdd6-9e67-f15e7f5b5490" executionId="4c3d3364-9629-458a-a6f3-7db603b88884" testListId="8c84fa94-04c1-424b-9868-57a2d4851a1d" />
    <TestEntry testId="0d8d7f88-cdb1-c8e3-59a9-3cff81206fb2" executionId="5be82829-279f-4d78-8ddb-a47fe430133a" testListId="8c84fa94-04c1-424b-9868-57a2d4851a1d" />
    <TestEntry testId="5d6c44db-c687-1340-5e99-d0beeace71f3" executionId="889b700b-647b-4912-a5f8-e9574c155657" testListId="8c84fa94-04c1-424b-9868-57a2d4851a1d" />
    <TestEntry testId="5f62afcf-78b1-cf27-ec49-8afca2d6fc38" executionId="7cfb939e-cab0-4200-a6e6-39b594dfc50f" testListId="8c84fa94-04c1-424b-9868-57a2d4851a1d" />
    <TestEntry testId="9293549a-e4d8-25ee-0a7e-0a58daedfd4d" executionId="7c71a0d2-7657-42b4-8e80-d3e88595010a" testListId="8c84fa94-04c1-424b-9868-57a2d4851a1d" />
    <TestEntry testId="47525e4b-96e7-dfdf-5445-9a26f7449bd8" executionId="5bfb2674-35d9-4415-88aa-fff2d731b55a" testListId="8c84fa94-04c1-424b-9868-57a2d4851a1d" />
    <TestEntry testId="19c9cf52-9433-0ae2-27f1-e1c0ebb67acf" executionId="379909a4-f5fc-4c02-93c4-7217ccf1beb5" testListId="8c84fa94-04c1-424b-9868-57a2d4851a1d" />
    <TestEntry testId="1869091f-40a7-b7a8-b1dc-92bece636d41" executionId="4dfdf980-b78b-4fc7-80a5-36b3fb8818b8" testListId="8c84fa94-04c1-424b-9868-57a2d4851a1d" />
    <TestEntry testId="dd385b74-b0ce-69dd-5bae-8f3c49a74f34" executionId="f4d3b790-d713-42b3-91e4-4e61a5040471" testListId="8c84fa94-04c1-424b-9868-57a2d4851a1d" />
    <TestEntry testId="3d65563e-5c93-99b0-3def-2e75403bb40e" executionId="8a66f1c6-c9a6-400f-876a-e634f825360b" testListId="8c84fa94-04c1-424b-9868-57a2d4851a1d" />
    <TestEntry testId="651e8dde-0b5e-5bed-5256-d6a71b2a59d0" executionId="6c4c222a-f5fa-4945-86c7-aa03649a7437" testListId="8c84fa94-04c1-424b-9868-57a2d4851a1d" />
    <TestEntry testId="b2f0581d-5dcb-6a8a-df35-b5108915cfe4" executionId="5503c26a-c0fe-4d79-aa8f-61650979e96f" testListId="8c84fa94-04c1-424b-9868-57a2d4851a1d" />
    <TestEntry testId="e2466cfc-7e0f-fee8-93df-e8c746cb8a63" executionId="4a3517cf-107f-4ed9-9679-b166266fd47a" testListId="8c84fa94-04c1-424b-9868-57a2d4851a1d" />
    <TestEntry testId="4cca1d5f-44b2-3473-1e35-1d77003b5df5" executionId="8ef0ebb1-5a6e-4310-90a3-d6367a515ba2" testListId="8c84fa94-04c1-424b-9868-57a2d4851a1d" />
    <TestEntry testId="daa7dc49-f207-f73b-e691-533a5b8c5990" executionId="c70870b0-6a9f-43ca-8954-95526c1f0323" testListId="8c84fa94-04c1-424b-9868-57a2d4851a1d" />
    <TestEntry testId="a32220e9-95d2-d3ef-9079-aef9756aa4b6" executionId="36026cbe-6748-40b3-8a71-62c1b22830b4" testListId="8c84fa94-04c1-424b-9868-57a2d4851a1d" />
    <TestEntry testId="ddbacd2a-c40a-102c-db67-c9bb149b6b99" executionId="02495e75-f383-4061-b6ff-f32c76247b46" testListId="8c84fa94-04c1-424b-9868-57a2d4851a1d" />
    <TestEntry testId="1a507d86-1921-f620-6368-d6adb1877080" executionId="0442321d-a0ec-438d-b3ee-7f9b7e05e1b6" testListId="8c84fa94-04c1-424b-9868-57a2d4851a1d" />
    <TestEntry testId="2111d8db-c64b-ce9e-32b3-88fa21541431" executionId="793e9aff-b636-4b28-b51c-490226b552f5" testListId="8c84fa94-04c1-424b-9868-57a2d4851a1d" />
    <TestEntry testId="a189583c-978a-c969-def3-f27770df3054" executionId="5945cff8-12f2-4f3f-b800-0b41daeaa5d2" testListId="8c84fa94-04c1-424b-9868-57a2d4851a1d" />
    <TestEntry testId="f1b8d3af-7232-b482-4982-8c83d005f2cf" executionId="478fea5b-fcc4-45b0-976a-f1b30fb30734" testListId="8c84fa94-04c1-424b-9868-57a2d4851a1d" />
    <TestEntry testId="80e60020-24f2-b8c1-7ee1-a8544259cfd1" executionId="42912aed-a77b-4016-ad1f-0c5ecbfe452a" testListId="8c84fa94-04c1-424b-9868-57a2d4851a1d" />
    <TestEntry testId="c620d01b-a235-adbe-ef3b-c8f7cbb07bda" executionId="d7b1c00b-16a7-445b-8b46-4e6587d4faf0" testListId="8c84fa94-04c1-424b-9868-57a2d4851a1d" />
    <TestEntry testId="17c23f4a-d1aa-c7f2-4b0c-28e098799329" executionId="c85d0a5f-3362-49f3-8b39-b2d3838c48a9" testListId="8c84fa94-04c1-424b-9868-57a2d4851a1d" />
    <TestEntry testId="d02a9bfe-ef70-0b80-6768-a063d853aefd" executionId="13b9270d-1225-4e50-b6d3-67d0980aef27" testListId="8c84fa94-04c1-424b-9868-57a2d4851a1d" />
    <TestEntry testId="787ee61a-eea4-f68b-10a6-56765d45d4e8" executionId="cf3a9b46-ba19-4734-9249-debb05237590" testListId="8c84fa94-04c1-424b-9868-57a2d4851a1d" />
    <TestEntry testId="9060f73f-d5fa-875e-8bed-572cba260200" executionId="2a333e41-15d1-462a-9ea5-78a8e108a29b" testListId="8c84fa94-04c1-424b-9868-57a2d4851a1d" />
    <TestEntry testId="131a26fa-18ee-ab45-1c25-e4348e5f16b7" executionId="50550e4a-ed61-4e0e-8dbc-119fbfb6e8cf" testListId="8c84fa94-04c1-424b-9868-57a2d4851a1d" />
    <TestEntry testId="337537ae-5ca8-61cb-549e-269d84719921" executionId="c8fdee06-e9d6-44b9-a668-5c89f2308bee" testListId="8c84fa94-04c1-424b-9868-57a2d4851a1d" />
    <TestEntry testId="bfbae833-a487-affd-e910-685bd64afc57" executionId="b0e8ff4f-340c-42bf-9d01-c45168d0a89e" testListId="8c84fa94-04c1-424b-9868-57a2d4851a1d" />
    <TestEntry testId="6e773555-d3bc-18e6-58f4-6a33d2e565e0" executionId="a9ecc1d2-6101-4105-9ce8-fb615f06d8c8" testListId="8c84fa94-04c1-424b-9868-57a2d4851a1d" />
    <TestEntry testId="64bb4b70-7e25-7afc-6d81-0c3474ed7a2b" executionId="65545177-a4bd-4485-b66b-6ad5f8811ce8" testListId="8c84fa94-04c1-424b-9868-57a2d4851a1d" />
    <TestEntry testId="3013af1b-1881-534b-ca91-63b1a27651d6" executionId="bcc60267-e19d-4dbd-bb64-37cb3fb31abc" testListId="8c84fa94-04c1-424b-9868-57a2d4851a1d" />
    <TestEntry testId="a28e9689-4e5e-848d-448b-9fc289af2ecb" executionId="927e39dc-0d10-402b-b805-a7bfaa6feab9" testListId="8c84fa94-04c1-424b-9868-57a2d4851a1d" />
    <TestEntry testId="65ef895f-879d-2d2d-7aa0-966d606f5376" executionId="b988ba6a-6052-4bfd-af0a-0dc5e322f7f1" testListId="8c84fa94-04c1-424b-9868-57a2d4851a1d" />
    <TestEntry testId="a00003bd-aa50-3927-aba0-52fe02475d39" executionId="fd110cf9-7aa2-493d-a84f-9729854ba1a8" testListId="8c84fa94-04c1-424b-9868-57a2d4851a1d" />
    <TestEntry testId="2f8a4bab-4df9-e4ff-fb91-be0d70ec975d" executionId="fe2a832e-8252-495a-8757-c2dcbc413ac9" testListId="8c84fa94-04c1-424b-9868-57a2d4851a1d" />
    <TestEntry testId="10a72da7-6e6a-e08f-6884-b1f500f16a56" executionId="92fe9af7-7d62-4755-bfa4-dc8f19c317be" testListId="8c84fa94-04c1-424b-9868-57a2d4851a1d" />
    <TestEntry testId="cf838b6b-7995-4cd7-4849-142f7382a183" executionId="94cbdc64-9e04-451f-bf69-42c537c73bb5" testListId="8c84fa94-04c1-424b-9868-57a2d4851a1d" />
    <TestEntry testId="c453d029-07d1-c3a5-eeb3-4f67d3418e09" executionId="187a33d8-641e-4122-9b84-712a08881af5" testListId="8c84fa94-04c1-424b-9868-57a2d4851a1d" />
    <TestEntry testId="184dde77-5a92-558e-ebbc-812bb20e2c0f" executionId="fcf3a119-29f9-48f3-8da1-5b6d341c1d23" testListId="8c84fa94-04c1-424b-9868-57a2d4851a1d" />
    <TestEntry testId="ed5d2d51-b6a2-01b7-2ce0-6c8ba87417c3" executionId="e78a3899-091c-4bf7-a4f1-dc1a31ec86ce" testListId="8c84fa94-04c1-424b-9868-57a2d4851a1d" />
    <TestEntry testId="41ffe1b6-1bbb-2400-999f-02df2a743ad6" executionId="ab11723e-71ee-429f-95de-e0370f5658af" testListId="8c84fa94-04c1-424b-9868-57a2d4851a1d" />
    <TestEntry testId="d83a6664-b710-0c77-9aee-d0cf89f7ee93" executionId="b13a6e19-f29f-4ac8-8a0f-0788dfa8e19e" testListId="8c84fa94-04c1-424b-9868-57a2d4851a1d" />
    <TestEntry testId="88adc3c3-8805-8765-8e54-e11a02ee63c8" executionId="1e50d025-8a6b-4627-a87e-2403ff8b7360" testListId="8c84fa94-04c1-424b-9868-57a2d4851a1d" />
    <TestEntry testId="6e48d542-e9b0-81b3-6d86-e61f8dff61ca" executionId="980e1bcb-c6f1-4f73-9c90-ab3d11a48cb5" testListId="8c84fa94-04c1-424b-9868-57a2d4851a1d" />
    <TestEntry testId="2f70380e-1d07-1023-936c-dd584dd81a70" executionId="271dde4a-00dd-47cd-ae2f-fa27858d00b9" testListId="8c84fa94-04c1-424b-9868-57a2d4851a1d" />
    <TestEntry testId="42e0893f-9727-8df7-fab4-99edc06f1ca2" executionId="33acc1e5-94a4-4ab2-86dd-35e5ecea0e1d" testListId="8c84fa94-04c1-424b-9868-57a2d4851a1d" />
    <TestEntry testId="737570f7-4183-1643-93e9-5894a6ee837f" executionId="cc43f9d8-cfee-42ed-b5d0-a1900ec5dbc1" testListId="8c84fa94-04c1-424b-9868-57a2d4851a1d" />
    <TestEntry testId="54d37202-700f-6df9-4a02-04121275df7c" executionId="1aa69f7b-a795-485e-86cc-05760ca127a4" testListId="8c84fa94-04c1-424b-9868-57a2d4851a1d" />
    <TestEntry testId="21b483a6-27e8-bb30-b612-d3263e5cc6f1" executionId="26b142fc-f82d-4dce-b6f1-c4ac5afb4124" testListId="8c84fa94-04c1-424b-9868-57a2d4851a1d" />
    <TestEntry testId="d2b449cb-82fb-dec3-6452-d5d13d9ac572" executionId="75892b79-d61a-4c95-a3fe-bd8a9c2193e4" testListId="8c84fa94-04c1-424b-9868-57a2d4851a1d" />
    <TestEntry testId="f7a4182b-ffd3-38f8-408e-5d4264f4f5e8" executionId="44da9d8a-5540-4c0e-a7e7-73449d536748" testListId="8c84fa94-04c1-424b-9868-57a2d4851a1d" />
    <TestEntry testId="4ab80538-8920-6bd3-f5bf-6a692e875394" executionId="52283154-b6af-462a-9b4b-8da171f5fea8" testListId="8c84fa94-04c1-424b-9868-57a2d4851a1d" />
    <TestEntry testId="bf3342cd-aa37-ec7a-aed8-02a15815d43f" executionId="bb94d71b-4381-4544-b649-01aeb5425339" testListId="8c84fa94-04c1-424b-9868-57a2d4851a1d" />
    <TestEntry testId="3a3cca08-f659-9a8e-cc12-ee5c6f4e3dbd" executionId="562c14fe-b9f9-4ab2-94f0-c111dde98e05" testListId="8c84fa94-04c1-424b-9868-57a2d4851a1d" />
    <TestEntry testId="c9e65ace-67e8-aaf0-227a-cc6ee9b8878a" executionId="25b334ae-fb51-4348-bdcc-7adba06d364d" testListId="8c84fa94-04c1-424b-9868-57a2d4851a1d" />
    <TestEntry testId="fdf9438a-27a4-c417-e139-bbc64b5e5709" executionId="53e51197-3fcb-4b02-ae01-c271c508e635" testListId="8c84fa94-04c1-424b-9868-57a2d4851a1d" />
    <TestEntry testId="ff967a29-b052-9b02-d0d2-90cfa45b8b4f" executionId="d2822619-df18-4947-b943-8c671ce73679" testListId="8c84fa94-04c1-424b-9868-57a2d4851a1d" />
    <TestEntry testId="c3862469-efa6-2b47-619c-2ccf15cc9a36" executionId="be2f1816-2b26-45c9-a7ef-7021de10cb4a" testListId="8c84fa94-04c1-424b-9868-57a2d4851a1d" />
    <TestEntry testId="aeb3ec96-26ad-062b-455a-de324c4a715b" executionId="f3e57242-de63-41b7-8409-9c75054f42bf" testListId="8c84fa94-04c1-424b-9868-57a2d4851a1d" />
    <TestEntry testId="a65d3f02-ca6d-a89f-9465-6c592d8f6d71" executionId="b2803626-5fe9-4c45-9096-76ce46dff9d6" testListId="8c84fa94-04c1-424b-9868-57a2d4851a1d" />
    <TestEntry testId="229876bb-741e-424e-6d09-7576e2519ca6" executionId="cb7bb1a7-3fea-40c7-9677-d2891dd71bb3" testListId="8c84fa94-04c1-424b-9868-57a2d4851a1d" />
    <TestEntry testId="42b5cf79-6dbd-73ce-f336-4c9a97122aad" executionId="8fda2da4-2edb-4944-a00c-540d207e4cce" testListId="8c84fa94-04c1-424b-9868-57a2d4851a1d" />
    <TestEntry testId="c92b65c5-6961-9b98-a1f9-2c2587ff0054" executionId="8f7dcf28-76f4-4b99-b2aa-0ce86d7e6533" testListId="8c84fa94-04c1-424b-9868-57a2d4851a1d" />
    <TestEntry testId="cc27b110-75f5-fa85-b001-d22c68a54aec" executionId="c93d3002-ac13-42ef-bab2-439a34d8b588" testListId="8c84fa94-04c1-424b-9868-57a2d4851a1d" />
    <TestEntry testId="6247c776-b6f2-69b6-74d1-6fc24161e71e" executionId="643dc2af-5231-4aa0-87b3-61fa640a14cb" testListId="8c84fa94-04c1-424b-9868-57a2d4851a1d" />
    <TestEntry testId="a112e5f5-c328-3fe0-6f6d-307e1fa97026" executionId="ed9dcc07-62da-4892-8f9e-aea8a3454d92" testListId="8c84fa94-04c1-424b-9868-57a2d4851a1d" />
    <TestEntry testId="1ff412f4-a550-fccb-f616-ee490e039d87" executionId="ae15e667-7e8d-4526-9533-ee3ae2707dcb" testListId="8c84fa94-04c1-424b-9868-57a2d4851a1d" />
    <TestEntry testId="1bcc3d33-eed0-82c1-06ce-172f567f9802" executionId="06d31cd7-3fd7-4898-8edd-a9b0185c65b5" testListId="8c84fa94-04c1-424b-9868-57a2d4851a1d" />
    <TestEntry testId="8b4713f9-68f1-4919-7ef6-846f4eb9b2ba" executionId="15ff8fee-7b3b-4227-840d-e3f17e5a06a9" testListId="8c84fa94-04c1-424b-9868-57a2d4851a1d" />
    <TestEntry testId="cb1f6500-ecbe-a116-4190-78f304902ad9" executionId="65b7aae6-5508-430c-a987-8ad6195890e6" testListId="8c84fa94-04c1-424b-9868-57a2d4851a1d" />
    <TestEntry testId="6cf1d803-864d-f447-b323-57be8d42bea0" executionId="848fab50-14f0-4f72-acff-23a2d08a7813" testListId="8c84fa94-04c1-424b-9868-57a2d4851a1d" />
    <TestEntry testId="dc0d2b36-aa1d-1594-0d6a-cf1fe6649772" executionId="f03c13fc-2c21-4966-8483-3279f879cd00" testListId="8c84fa94-04c1-424b-9868-57a2d4851a1d" />
    <TestEntry testId="3127eee9-b24b-38fc-7372-b6a7a8378a18" executionId="a9c826d8-596d-400c-ad56-05a4d8b63a98" testListId="8c84fa94-04c1-424b-9868-57a2d4851a1d" />
    <TestEntry testId="943426cc-a0b6-5655-2737-0a0d3026e0a7" executionId="aa562635-38ba-40ae-bf7c-3ac0bb954ef6" testListId="8c84fa94-04c1-424b-9868-57a2d4851a1d" />
    <TestEntry testId="2031c616-1edd-8f7a-639e-5fd173aaa18e" executionId="19bf3518-78c6-45db-96ba-e720deb4325e" testListId="8c84fa94-04c1-424b-9868-57a2d4851a1d" />
    <TestEntry testId="276b5f57-b83c-bd25-6650-6ee4475653b5" executionId="656ce8a7-3faa-4e5d-be14-00b9102fa4ca" testListId="8c84fa94-04c1-424b-9868-57a2d4851a1d" />
    <TestEntry testId="f41a40ab-384f-e635-88d2-0deb0549b00c" executionId="96c78306-3e26-4cc4-9be6-a2ad4daed525" testListId="8c84fa94-04c1-424b-9868-57a2d4851a1d" />
    <TestEntry testId="1f8f2766-504d-6eef-54e8-b4e73b68637d" executionId="3e963652-7096-4df6-8594-dcfe7d494d0c" testListId="8c84fa94-04c1-424b-9868-57a2d4851a1d" />
    <TestEntry testId="71b3373f-dea8-3cfe-2919-2c270031d8d7" executionId="fdabf1af-c184-4ffc-bfed-f8c1f2d9f14f" testListId="8c84fa94-04c1-424b-9868-57a2d4851a1d" />
    <TestEntry testId="be546a67-03cf-7dc5-701c-f28c8929b881" executionId="f7dc59d0-ab68-4617-bec9-9503520fcac3" testListId="8c84fa94-04c1-424b-9868-57a2d4851a1d" />
    <TestEntry testId="f4ab981e-0c0f-f2f3-f99e-665599b904ff" executionId="bdf25ee0-c0bd-4e0c-a23a-4b7ebad8032c" testListId="8c84fa94-04c1-424b-9868-57a2d4851a1d" />
    <TestEntry testId="aa78a0a1-2106-fb0e-c153-f9f2a07b5821" executionId="54c483fd-0e64-4f42-946c-f0c618873897" testListId="8c84fa94-04c1-424b-9868-57a2d4851a1d" />
    <TestEntry testId="ce972480-9742-1510-efc9-f75d1c2264f7" executionId="07566023-721e-4f61-b09f-dbaf55bd73bf" testListId="8c84fa94-04c1-424b-9868-57a2d4851a1d" />
    <TestEntry testId="d1c49c69-fe5f-8257-84d6-6eb683f2a033" executionId="25e72e68-53dc-4c20-b679-5cd4cd0013a3" testListId="8c84fa94-04c1-424b-9868-57a2d4851a1d" />
    <TestEntry testId="3adcd1f6-966f-7457-7e36-7976f4188830" executionId="d120a827-8773-46b1-9b53-c164195fed73" testListId="8c84fa94-04c1-424b-9868-57a2d4851a1d" />
    <TestEntry testId="b6ee4187-2f4d-362e-5b8c-3b73aeaf5c65" executionId="87cb7151-d692-4e8f-8d70-edac4e639c94" testListId="8c84fa94-04c1-424b-9868-57a2d4851a1d" />
    <TestEntry testId="0c42f315-9eeb-2ce5-c75f-9a00eaad39ea" executionId="6603a868-877c-4d5b-aa52-7a687d54ee6b" testListId="8c84fa94-04c1-424b-9868-57a2d4851a1d" />
    <TestEntry testId="80e1e452-82cf-b088-db40-d28f7d32c62d" executionId="df4b3ac1-1b7a-4247-b8ff-c5045e3f764f" testListId="8c84fa94-04c1-424b-9868-57a2d4851a1d" />
    <TestEntry testId="ac028d00-9e94-7167-70c4-eff006ef19bc" executionId="af87d7a4-6d26-4286-8ea8-36f8d7ce9ad2" testListId="8c84fa94-04c1-424b-9868-57a2d4851a1d" />
    <TestEntry testId="27435069-3b26-ac29-8504-ccee8722f11b" executionId="9cabe8a5-cba5-456a-ab8f-18944231bc74" testListId="8c84fa94-04c1-424b-9868-57a2d4851a1d" />
    <TestEntry testId="c91e348e-da6a-7f91-b16a-f6b11cfb0f4a" executionId="93dc7b92-16ef-47b2-8ed5-e4f50fa710a1" testListId="8c84fa94-04c1-424b-9868-57a2d4851a1d" />
    <TestEntry testId="9bd36f2b-bb15-3fec-5cc0-8da29f15f2eb" executionId="0bcc4037-47f7-4036-9abe-a3ccd2e09d91" testListId="8c84fa94-04c1-424b-9868-57a2d4851a1d" />
    <TestEntry testId="3457bd27-1f00-b005-3af0-cc532182e652" executionId="2f91de73-1e81-4e45-acb1-d8dba23cd9c6" testListId="8c84fa94-04c1-424b-9868-57a2d4851a1d" />
    <TestEntry testId="1fb4c865-1faa-3cb2-dba2-5caed6ef1c09" executionId="633caefc-75d7-4fb6-846a-98628b5d7ed6" testListId="8c84fa94-04c1-424b-9868-57a2d4851a1d" />
    <TestEntry testId="a96b347d-5d1c-d89b-916b-371c05303b3e" executionId="c43a46cd-7968-496c-b7d6-7eb0e80c34d2" testListId="8c84fa94-04c1-424b-9868-57a2d4851a1d" />
    <TestEntry testId="a8f9d2e6-a062-909a-f825-43244fd288c9" executionId="06023bf5-4cdf-4915-a193-73b13482fbe1" testListId="8c84fa94-04c1-424b-9868-57a2d4851a1d" />
    <TestEntry testId="e9871a8e-a7b1-7767-3712-747754e9915c" executionId="a02fa72b-0033-4bfd-b6cf-31e9ed3af553" testListId="8c84fa94-04c1-424b-9868-57a2d4851a1d" />
    <TestEntry testId="6b0b8696-32c2-657c-f281-65444866a1da" executionId="3f407167-2cb4-409b-a9a8-0fbb9bd3df61" testListId="8c84fa94-04c1-424b-9868-57a2d4851a1d" />
    <TestEntry testId="92a9af5f-4b73-82b6-5006-408d1559b096" executionId="6c8a5803-f310-458b-bbe8-fbb05e338e7b" testListId="8c84fa94-04c1-424b-9868-57a2d4851a1d" />
    <TestEntry testId="9ccd04df-3e0c-6d9f-958b-55fa47ad0ff1" executionId="8cdbae96-ce66-442f-b482-c41781450181" testListId="8c84fa94-04c1-424b-9868-57a2d4851a1d" />
    <TestEntry testId="3284ea6f-a6ad-01dc-f291-bda78cd8c320" executionId="988128f5-31c7-4dbc-a63f-eefa2c5c00fd" testListId="8c84fa94-04c1-424b-9868-57a2d4851a1d" />
    <TestEntry testId="4fbe1405-2b3d-d3ff-a663-0a6e5d9aa972" executionId="c3195800-01f3-43e9-bcd3-40fb2b0c72aa" testListId="8c84fa94-04c1-424b-9868-57a2d4851a1d" />
    <TestEntry testId="227dae21-47d4-ba20-0c10-f41a6c7e9f9c" executionId="f4384a80-3e45-4cf2-a797-302bf21c51e8" testListId="8c84fa94-04c1-424b-9868-57a2d4851a1d" />
    <TestEntry testId="504360c9-285d-3030-32b3-a9a95cfffe51" executionId="391eb2e6-ce37-4e7e-b78b-1e3a276cf37e" testListId="8c84fa94-04c1-424b-9868-57a2d4851a1d" />
    <TestEntry testId="85091bf5-79fb-de26-dea4-3270f148dbfd" executionId="50e2c8b2-46c0-4f80-a313-87ee584e5c1b" testListId="8c84fa94-04c1-424b-9868-57a2d4851a1d" />
    <TestEntry testId="27438fb6-5317-1252-e840-ea85e2375f48" executionId="4f14783a-6488-4ba0-b09d-31f3576be0ab" testListId="8c84fa94-04c1-424b-9868-57a2d4851a1d" />
    <TestEntry testId="5f330a2c-7575-4b82-cdc2-dae925c0e744" executionId="d165148c-4144-4eec-a31a-b488afe8295a" testListId="8c84fa94-04c1-424b-9868-57a2d4851a1d" />
    <TestEntry testId="cf366775-ad88-dfab-044d-7fd00fe030bf" executionId="af704873-851d-469c-9faf-9b2a1d78ba84" testListId="8c84fa94-04c1-424b-9868-57a2d4851a1d" />
    <TestEntry testId="ca442d25-1d56-7ce4-2a08-3c581c8826e1" executionId="f2022d9a-02cd-430a-85d9-e048422011ca" testListId="8c84fa94-04c1-424b-9868-57a2d4851a1d" />
    <TestEntry testId="7191513c-28f2-659c-e5d2-897223e1317f" executionId="c17725ff-ef05-42cd-a117-7d8edbd39286" testListId="8c84fa94-04c1-424b-9868-57a2d4851a1d" />
    <TestEntry testId="073071ee-a9ec-09b5-e762-5a4e8dd50939" executionId="3e7990ed-0c3a-45c5-9ea2-f694c22982db" testListId="8c84fa94-04c1-424b-9868-57a2d4851a1d" />
    <TestEntry testId="1d2a1f8c-9df5-1e11-ff05-9be1bb8085db" executionId="95a7d08f-ff7f-4078-af64-1b9946675f86" testListId="8c84fa94-04c1-424b-9868-57a2d4851a1d" />
    <TestEntry testId="847f64c7-3f64-8d01-6913-77b9ebb56919" executionId="c0100d26-6fc2-4401-9407-32f9628e4df5" testListId="8c84fa94-04c1-424b-9868-57a2d4851a1d" />
    <TestEntry testId="a3b47612-c41f-b6f9-cd26-71a4607bc51d" executionId="9bb103ef-ebea-487d-a200-109598a143f3" testListId="8c84fa94-04c1-424b-9868-57a2d4851a1d" />
    <TestEntry testId="b532dcb5-d46e-e627-c8a2-132588b28593" executionId="b4567533-ff6e-4cc4-9542-ac65d5716737" testListId="8c84fa94-04c1-424b-9868-57a2d4851a1d" />
    <TestEntry testId="91ccec24-6878-75d9-83f5-29ad2ed9f604" executionId="d80cbb2a-d6d7-4014-9c57-0804d85102da" testListId="8c84fa94-04c1-424b-9868-57a2d4851a1d" />
    <TestEntry testId="fe6f2295-84a6-bdea-0225-d326e31ab62b" executionId="42d22a1c-e859-4561-af01-df0420956321" testListId="8c84fa94-04c1-424b-9868-57a2d4851a1d" />
    <TestEntry testId="d88de873-7cef-0143-495e-05b7d2b41757" executionId="fd00d3b0-a5b1-4613-9103-9c5a00975805" testListId="8c84fa94-04c1-424b-9868-57a2d4851a1d" />
    <TestEntry testId="e34756db-13d7-7720-a8fd-b5442759c6e4" executionId="519e8666-fa67-4958-af38-b0a9c79ad04e" testListId="8c84fa94-04c1-424b-9868-57a2d4851a1d" />
    <TestEntry testId="a480eb88-b28c-a072-8d06-d39cc9a234d7" executionId="e0ec4bb4-5c4e-48ae-a727-e782f756243d" testListId="8c84fa94-04c1-424b-9868-57a2d4851a1d" />
    <TestEntry testId="881744e7-6022-e700-6b80-eadb3836c4cd" executionId="49b21255-b843-4b54-a518-ff214bb6b089" testListId="8c84fa94-04c1-424b-9868-57a2d4851a1d" />
    <TestEntry testId="c383fd61-e302-4310-1a46-101c91056cfd" executionId="e146b14d-a691-4838-b191-2e8435ea9a4b" testListId="8c84fa94-04c1-424b-9868-57a2d4851a1d" />
    <TestEntry testId="7066e281-486d-b17e-901e-9424698e9f74" executionId="ec833cdd-57c7-4bf2-9f2e-a2273f845fc7" testListId="8c84fa94-04c1-424b-9868-57a2d4851a1d" />
    <TestEntry testId="78ae1d5d-740b-66e6-7a5c-ade2279f3a28" executionId="3fc4c9ec-3979-4569-8121-1c1c43003211" testListId="8c84fa94-04c1-424b-9868-57a2d4851a1d" />
    <TestEntry testId="de27c998-c190-9d93-e424-7870d21a123c" executionId="6384504a-5438-436d-8ecd-8c9582e30f7e" testListId="8c84fa94-04c1-424b-9868-57a2d4851a1d" />
    <TestEntry testId="7ca40658-07ed-4fea-d08c-7887f7c6e388" executionId="fc2a741c-ae07-4d01-b403-87f168fdc8fa" testListId="8c84fa94-04c1-424b-9868-57a2d4851a1d" />
    <TestEntry testId="a1ef0514-5d41-eded-e838-32de99602a54" executionId="0e35886f-8060-475d-b05e-b02b60817c7e" testListId="8c84fa94-04c1-424b-9868-57a2d4851a1d" />
    <TestEntry testId="6480e990-929e-4f74-6838-96e2b97d0c00" executionId="9bd278ad-81db-473d-ae56-9fecd02fc797" testListId="8c84fa94-04c1-424b-9868-57a2d4851a1d" />
    <TestEntry testId="1dfcecbd-375a-81ed-2ce9-6d3e61013acd" executionId="d7386b9b-3f86-4c99-b360-34fe83c9fbde" testListId="8c84fa94-04c1-424b-9868-57a2d4851a1d" />
    <TestEntry testId="93ea4899-517e-c6f1-21bb-544e5f026df8" executionId="ed636f52-ffba-4fce-9097-171a69c53da2" testListId="8c84fa94-04c1-424b-9868-57a2d4851a1d" />
    <TestEntry testId="575af213-6f43-c554-7582-c09e43d49cdb" executionId="abe30136-2437-4281-a595-83a6b931c9bf" testListId="8c84fa94-04c1-424b-9868-57a2d4851a1d" />
    <TestEntry testId="ee3692c6-4239-b2e2-f69d-66ef9eb784ce" executionId="692fac19-ee95-4f02-85ec-c87ce6ef3490" testListId="8c84fa94-04c1-424b-9868-57a2d4851a1d" />
    <TestEntry testId="2a74f75f-14b3-bc86-2d45-d53566346d28" executionId="79d3ed85-c938-476d-96c1-a5118d8aba61" testListId="8c84fa94-04c1-424b-9868-57a2d4851a1d" />
    <TestEntry testId="7cf8856e-c7a5-694a-07b3-b67149d2c5fd" executionId="1830ae02-288d-437f-914f-3580283f50d2" testListId="8c84fa94-04c1-424b-9868-57a2d4851a1d" />
    <TestEntry testId="52f7905c-ef65-6a99-dc3b-01a6a292c041" executionId="21a74bc7-f22c-41e9-9989-bb0e2656a42d" testListId="8c84fa94-04c1-424b-9868-57a2d4851a1d" />
    <TestEntry testId="91c02083-3eab-8cf1-1555-f235b60671d1" executionId="7283d03f-108d-4934-8bda-61b0ba52cea3" testListId="8c84fa94-04c1-424b-9868-57a2d4851a1d" />
    <TestEntry testId="e9caefce-c71e-206f-c8b4-a603b26c14bb" executionId="c407c4ae-18f6-472f-bb14-8fec4a3da8b5" testListId="8c84fa94-04c1-424b-9868-57a2d4851a1d" />
    <TestEntry testId="907e6cbe-4234-cd51-c51e-c0122588864e" executionId="15d68be0-18d1-4df3-b622-6caa3a975eef" testListId="8c84fa94-04c1-424b-9868-57a2d4851a1d" />
    <TestEntry testId="f952c068-f034-3ff2-3bf8-7e5b673c1e64" executionId="3003dce1-285c-494f-bf9d-5c9556d5b0a4" testListId="8c84fa94-04c1-424b-9868-57a2d4851a1d" />
    <TestEntry testId="86c3c546-c6cf-be65-f34c-24ab64b4ab72" executionId="36de9ab6-4091-49e6-846a-2911bf98ddee" testListId="8c84fa94-04c1-424b-9868-57a2d4851a1d" />
    <TestEntry testId="30fe8312-9877-ebd0-79b2-11d30d1e5b58" executionId="4e185141-f31f-4b09-813c-b03efe92a4a1" testListId="8c84fa94-04c1-424b-9868-57a2d4851a1d" />
    <TestEntry testId="dd886858-691f-731d-ef45-b4933e1e6cbf" executionId="0aa8263c-d8a9-4d7d-bf4a-a1fe452f8bcb" testListId="8c84fa94-04c1-424b-9868-57a2d4851a1d" />
    <TestEntry testId="17fe6ff4-b5d4-9e8c-2ff8-d274a9cc9666" executionId="a3963a47-8fd7-4a3c-bf16-c2de91190ea8" testListId="8c84fa94-04c1-424b-9868-57a2d4851a1d" />
    <TestEntry testId="f8c8d11d-62f5-abc3-7817-a973cfa3607a" executionId="ccc75ff9-1cf4-4d45-8bca-90c8642fb279" testListId="8c84fa94-04c1-424b-9868-57a2d4851a1d" />
    <TestEntry testId="a5677ca9-068f-1409-b05b-617b1124d3e3" executionId="1abd420c-6086-4acf-800c-af50aee737ea" testListId="8c84fa94-04c1-424b-9868-57a2d4851a1d" />
    <TestEntry testId="7d3b3df9-6c4c-813c-3fe6-820682e70bdf" executionId="f584833e-25b9-4ae5-9600-8ff03c98f3b5" testListId="8c84fa94-04c1-424b-9868-57a2d4851a1d" />
    <TestEntry testId="8558e7ab-4f92-48f5-6cd7-72956b247ea9" executionId="bd995136-58ba-4791-aeaf-75401903676b" testListId="8c84fa94-04c1-424b-9868-57a2d4851a1d" />
    <TestEntry testId="c91a6029-2d3a-0f60-dab5-db888083c7c3" executionId="fd52be6c-5b6a-4b2d-8ec9-71d4cd775537" testListId="8c84fa94-04c1-424b-9868-57a2d4851a1d" />
    <TestEntry testId="fcff554d-34c8-97ff-ebce-88a9ec7d660a" executionId="e8051389-92b5-421b-be20-e279a523ae85" testListId="8c84fa94-04c1-424b-9868-57a2d4851a1d" />
    <TestEntry testId="e5b3b709-ebd8-5410-dfc8-207021a3b5a1" executionId="45bdc366-6d69-4c2b-8156-c1fc26fb1649" testListId="8c84fa94-04c1-424b-9868-57a2d4851a1d" />
    <TestEntry testId="2674b7c4-7076-fd3a-f5df-01507f4b862a" executionId="c65c32f0-0f7e-466b-8bc3-1aa8ce7dcead" testListId="8c84fa94-04c1-424b-9868-57a2d4851a1d" />
    <TestEntry testId="0d68917f-e0c8-8b03-5d02-6e8d6b862245" executionId="7082292c-1f6d-4b61-b1c7-a148432d8e24" testListId="8c84fa94-04c1-424b-9868-57a2d4851a1d" />
    <TestEntry testId="47ac3dda-7749-2f44-950d-c0fd39257f55" executionId="2d0b69c6-f888-4c6d-b96e-243f870963db" testListId="8c84fa94-04c1-424b-9868-57a2d4851a1d" />
    <TestEntry testId="3e00ced7-c9ef-e081-8698-0bfc18ba5ea0" executionId="522d3e44-dfb0-4424-8dea-9b763eb1b3d4" testListId="8c84fa94-04c1-424b-9868-57a2d4851a1d" />
    <TestEntry testId="ab9ddcfe-5059-def5-d0f3-2a728312c36d" executionId="21c64b31-77fd-494d-a7c9-01df5a17b90c" testListId="8c84fa94-04c1-424b-9868-57a2d4851a1d" />
    <TestEntry testId="540a3b23-7cf4-4873-bac2-ebb7a9a2a9f2" executionId="d6ad4267-2c31-4f4f-9eba-49c380b3b37c" testListId="8c84fa94-04c1-424b-9868-57a2d4851a1d" />
    <TestEntry testId="19f414fb-e29e-e53a-f5c0-dddd8004a79d" executionId="2e404d79-91f9-4ad6-b17f-4570433068c9" testListId="8c84fa94-04c1-424b-9868-57a2d4851a1d" />
    <TestEntry testId="06412854-071a-034e-5a5f-ce51d467c3ae" executionId="1327b55b-0624-44ff-903f-962d6f86e2a5" testListId="8c84fa94-04c1-424b-9868-57a2d4851a1d" />
    <TestEntry testId="1bd47a22-fa5c-5334-c7fb-8e1b4053f662" executionId="1d332433-159e-4f3b-ab24-42febf2a030d" testListId="8c84fa94-04c1-424b-9868-57a2d4851a1d" />
    <TestEntry testId="91b2687b-d336-be96-6484-dd3e01d48bcc" executionId="53bb1acc-aa10-4a93-8cf9-d2192f6ba2ef" testListId="8c84fa94-04c1-424b-9868-57a2d4851a1d" />
    <TestEntry testId="8cc6d850-7864-120d-52a3-07064eb9831b" executionId="32b0be8d-6128-469c-920b-babea5ad2648" testListId="8c84fa94-04c1-424b-9868-57a2d4851a1d" />
    <TestEntry testId="be46907d-a173-13ad-6a6b-f04367a3abb5" executionId="0984398d-1620-44fb-b6b0-5d3b9ea08b1b" testListId="8c84fa94-04c1-424b-9868-57a2d4851a1d" />
    <TestEntry testId="cedacd39-cebe-080f-c95c-117129a33131" executionId="6b12e279-f383-4377-b893-b2456da6a4d5" testListId="8c84fa94-04c1-424b-9868-57a2d4851a1d" />
    <TestEntry testId="d4287150-22c1-db59-46c8-b3a46f9472fc" executionId="9661838b-14f4-4e26-ab29-2672e2877798" testListId="8c84fa94-04c1-424b-9868-57a2d4851a1d" />
    <TestEntry testId="62930b8c-e45e-fc1a-2573-556c126ac982" executionId="e0211f28-0cc3-4a0c-9c6a-508d676bfdf9" testListId="8c84fa94-04c1-424b-9868-57a2d4851a1d" />
    <TestEntry testId="965562eb-8289-311d-8c35-1161a699ffcd" executionId="171efde7-c651-4901-a327-17f0409d4709" testListId="8c84fa94-04c1-424b-9868-57a2d4851a1d" />
    <TestEntry testId="6041a665-a5c2-d6e3-acc3-d07918acde37" executionId="2e117432-80ea-46cd-9590-e75b8681eb99" testListId="8c84fa94-04c1-424b-9868-57a2d4851a1d" />
    <TestEntry testId="abed422e-8ff0-5810-3b31-84bfdebdfcc3" executionId="87cad904-6de9-46ae-b784-1a632a5ec87e" testListId="8c84fa94-04c1-424b-9868-57a2d4851a1d" />
    <TestEntry testId="76aaeca3-fba5-a4e3-743c-70ebeb58a048" executionId="231df7d4-d9b7-45b0-ac07-b3faa9ba922a" testListId="8c84fa94-04c1-424b-9868-57a2d4851a1d" />
    <TestEntry testId="27433e55-5768-6c79-0b23-c4648c647a81" executionId="230f72d9-eab4-40b4-949c-582492e49271" testListId="8c84fa94-04c1-424b-9868-57a2d4851a1d" />
    <TestEntry testId="1742c7aa-b082-d69c-8853-7ede68919ffd" executionId="8913e671-21c7-48c4-ab0c-0be4b3e30261" testListId="8c84fa94-04c1-424b-9868-57a2d4851a1d" />
    <TestEntry testId="142d7f64-df34-9fff-6e19-8f208ebae02f" executionId="cb4f7ee0-4b99-480e-8878-501d893c331b" testListId="8c84fa94-04c1-424b-9868-57a2d4851a1d" />
    <TestEntry testId="224208d0-b60c-0e1e-7362-af15735beb49" executionId="1c5e619c-4c64-45bc-92be-8b34230fc9c7" testListId="8c84fa94-04c1-424b-9868-57a2d4851a1d" />
    <TestEntry testId="91badbed-8323-8970-07a3-e3c2481d7a72" executionId="90752d08-2192-405a-a2b1-9c3d99e9a291" testListId="8c84fa94-04c1-424b-9868-57a2d4851a1d" />
    <TestEntry testId="a1f63b95-bed0-b504-3aa1-12bbb203c9f9" executionId="fa34bbb2-f163-40b3-a093-1be36cc98ea1" testListId="8c84fa94-04c1-424b-9868-57a2d4851a1d" />
    <TestEntry testId="30772405-8178-0ea1-63c6-a4f72d01f565" executionId="a2285c0c-8272-4e49-83f0-681cf80a0d07" testListId="8c84fa94-04c1-424b-9868-57a2d4851a1d" />
    <TestEntry testId="9f2d8267-74f7-ee47-e40a-a9214d8b0149" executionId="10633bdf-cdea-4a7a-943f-a16cfda9026a" testListId="8c84fa94-04c1-424b-9868-57a2d4851a1d" />
    <TestEntry testId="411bf916-58a4-1dad-e0e6-3f86688192cf" executionId="0dfda336-3b33-4ab3-8849-345b2352e74d" testListId="8c84fa94-04c1-424b-9868-57a2d4851a1d" />
    <TestEntry testId="eafd993c-1009-37c6-4ede-de325862c5a7" executionId="1201e502-8baa-4c00-a76a-98241e5bdac4" testListId="8c84fa94-04c1-424b-9868-57a2d4851a1d" />
    <TestEntry testId="ecb78db4-fbd8-8b6b-a357-e550309c3c9c" executionId="5deef480-6443-4d99-aec9-66229e3c4352" testListId="8c84fa94-04c1-424b-9868-57a2d4851a1d" />
    <TestEntry testId="f4a64d46-5162-ebbc-c6d5-bf9ee224f0ba" executionId="b4d0b018-6d23-4fbf-a8fc-84ee32815d88" testListId="8c84fa94-04c1-424b-9868-57a2d4851a1d" />
    <TestEntry testId="41d4421e-5dd5-6cec-027d-d4227fb48184" executionId="2e86ca28-0f3a-469c-821d-976e464bddb4" testListId="8c84fa94-04c1-424b-9868-57a2d4851a1d" />
    <TestEntry testId="0882c6fe-e955-9a8a-eee5-7ae62c8b3178" executionId="9b18d24e-3276-4761-824c-faa4ce269f1e" testListId="8c84fa94-04c1-424b-9868-57a2d4851a1d" />
    <TestEntry testId="4ca2f8f4-021b-5238-c299-1b1fb7ab3fab" executionId="763740cc-66c8-4225-8149-0b6723406efd" testListId="8c84fa94-04c1-424b-9868-57a2d4851a1d" />
    <TestEntry testId="e81103cb-7818-2463-05b1-4325c5ff61c8" executionId="6a4f0384-e721-4ba9-8c7a-ec02da704fd2" testListId="8c84fa94-04c1-424b-9868-57a2d4851a1d" />
    <TestEntry testId="63135864-bbed-7d2f-1686-fca6f6a9f030" executionId="93b6f0fd-6a29-4169-a7f5-b62fa7f2ee75" testListId="8c84fa94-04c1-424b-9868-57a2d4851a1d" />
    <TestEntry testId="7bbe3c7b-c7f6-b4cd-97f0-8c1f6db6c80e" executionId="eeb8eb6c-fc18-436c-a3eb-b9876fe3e007" testListId="8c84fa94-04c1-424b-9868-57a2d4851a1d" />
    <TestEntry testId="c5313a02-9751-5e36-b637-63c29c825679" executionId="0aab9f5c-94c2-40af-8ad2-b7d4e667a457" testListId="8c84fa94-04c1-424b-9868-57a2d4851a1d" />
    <TestEntry testId="f8050766-a819-6e5a-f094-40b949fa7692" executionId="32e95c64-ccd9-467d-afa3-439a99cebe8e" testListId="8c84fa94-04c1-424b-9868-57a2d4851a1d" />
    <TestEntry testId="d9a71493-8a98-1ce2-4921-b216ae947c71" executionId="69d4058e-dae9-4aba-a17f-ea11a37c20eb" testListId="8c84fa94-04c1-424b-9868-57a2d4851a1d" />
    <TestEntry testId="bf66e757-0492-e485-8a4b-fc8c1a4bef3b" executionId="9e1e266b-5b43-4c3e-9b64-231b1b824d92" testListId="8c84fa94-04c1-424b-9868-57a2d4851a1d" />
    <TestEntry testId="4d11492e-27b0-719b-9344-aa3d6645e529" executionId="d5441890-6ce3-42e0-9d63-921597fce6f0" testListId="8c84fa94-04c1-424b-9868-57a2d4851a1d" />
    <TestEntry testId="7df9b500-6856-6e35-de99-08c43bb682f1" executionId="f998630d-475c-4c8c-a9ce-f1c85b3e4754" testListId="8c84fa94-04c1-424b-9868-57a2d4851a1d" />
    <TestEntry testId="a2942f2b-9678-3c30-9d53-cbabd8538e8a" executionId="af5cfb66-93ce-4080-af3b-f16ca5b48c1d" testListId="8c84fa94-04c1-424b-9868-57a2d4851a1d" />
    <TestEntry testId="7f31e1a8-eb37-a7f7-05cb-b001ed2dcb3c" executionId="527ed9bd-fa69-49c9-832f-5be51c8e6904" testListId="8c84fa94-04c1-424b-9868-57a2d4851a1d" />
    <TestEntry testId="94ba17e6-30fb-3cd3-1d80-21c645e8deb9" executionId="f8d64c2c-fef3-4741-b04e-3a506c3224e0" testListId="8c84fa94-04c1-424b-9868-57a2d4851a1d" />
    <TestEntry testId="380c2d79-325d-3409-b945-e63fa33fc5f3" executionId="145b1771-9106-427f-9c04-b7019e2d2134" testListId="8c84fa94-04c1-424b-9868-57a2d4851a1d" />
    <TestEntry testId="1b5117b5-2de0-24e5-94e2-f368e4d15b39" executionId="f9456816-8b0c-4b3b-9d70-dde18c4f18fd" testListId="8c84fa94-04c1-424b-9868-57a2d4851a1d" />
    <TestEntry testId="a3df582b-9242-8550-dbc2-e8cf5432b6b2" executionId="48f8ba41-7d71-4486-b783-c974e93826dc" testListId="8c84fa94-04c1-424b-9868-57a2d4851a1d" />
    <TestEntry testId="15776c9e-bed1-aa30-abbc-b85a9e95cf84" executionId="00b7bd16-c9d6-484a-b731-61d2d175323d" testListId="8c84fa94-04c1-424b-9868-57a2d4851a1d" />
    <TestEntry testId="0e000a76-c424-1348-5a62-7f5cf04c0b5a" executionId="f66867ea-19ff-4637-afca-5031825ec32a" testListId="8c84fa94-04c1-424b-9868-57a2d4851a1d" />
    <TestEntry testId="d77fa2b3-cd91-4a80-9070-a6c107df2662" executionId="964669e9-ed8f-42fb-a509-02a328f88f87" testListId="8c84fa94-04c1-424b-9868-57a2d4851a1d" />
    <TestEntry testId="6a8a8393-b45c-5684-e668-393262a5478a" executionId="86bd9a8b-db30-46d8-af3d-14b85f80731f" testListId="8c84fa94-04c1-424b-9868-57a2d4851a1d" />
    <TestEntry testId="d4a56e7d-608d-82d0-94be-2ee3ccb3dc5e" executionId="9f25860f-c55b-456c-b4fd-c9973661728d" testListId="8c84fa94-04c1-424b-9868-57a2d4851a1d" />
    <TestEntry testId="715b0ee1-c454-706c-d41f-d24a89af9ced" executionId="60ac4a45-9a01-4321-a21b-8d9dc8a7fe95" testListId="8c84fa94-04c1-424b-9868-57a2d4851a1d" />
    <TestEntry testId="c7b7da64-3485-b2c1-376a-4a2776f7bf98" executionId="ba821294-3c48-468e-bf0f-79e2597326c0" testListId="8c84fa94-04c1-424b-9868-57a2d4851a1d" />
    <TestEntry testId="0b37f41d-8f42-9020-28e4-8cbe84e05257" executionId="531fabd0-e175-468b-9cfa-e27e5c8957e9" testListId="8c84fa94-04c1-424b-9868-57a2d4851a1d" />
    <TestEntry testId="5358a71c-808a-a4c2-6851-01de58a4759c" executionId="9fa96dfd-f361-47f7-812f-5a58a8fdc461" testListId="8c84fa94-04c1-424b-9868-57a2d4851a1d" />
    <TestEntry testId="6785fdff-345e-55ce-2159-cac1962fde04" executionId="1603e46e-3129-433d-952b-bf2f6eb1b723" testListId="8c84fa94-04c1-424b-9868-57a2d4851a1d" />
    <TestEntry testId="d096cf54-9fe3-48d3-6b60-9dbe5862c472" executionId="b6826fca-ad73-4fd8-9435-0d8a4408da4a" testListId="8c84fa94-04c1-424b-9868-57a2d4851a1d" />
    <TestEntry testId="b00af7f0-604c-fe77-ba1c-c7a5845e3353" executionId="95945b22-6bfb-468e-81a5-dbdf62f00f93" testListId="8c84fa94-04c1-424b-9868-57a2d4851a1d" />
    <TestEntry testId="ae62f6d0-4efb-1563-b9f4-62dadf9c392c" executionId="b780c5f5-9d41-4c5c-b00d-9ab9f9b76e16" testListId="8c84fa94-04c1-424b-9868-57a2d4851a1d" />
    <TestEntry testId="db290d1d-343a-aa78-7298-12912ae25f44" executionId="f5833ccc-2701-4c44-859d-7e864abb5372" testListId="8c84fa94-04c1-424b-9868-57a2d4851a1d" />
    <TestEntry testId="53c0737c-9e1d-a506-fd7e-f73a88cea37f" executionId="5c1e5f91-481b-4d15-8f65-14b9d0d6100f" testListId="8c84fa94-04c1-424b-9868-57a2d4851a1d" />
    <TestEntry testId="dc737986-5f31-39b1-5b21-1df0ec0bc6e2" executionId="7443bac9-b1a9-4845-a709-79f6b9aceb54" testListId="8c84fa94-04c1-424b-9868-57a2d4851a1d" />
    <TestEntry testId="102b1376-858e-c079-f8d2-05ad7ca84e2b" executionId="d10badc9-7f58-459f-91b5-ac1ae17dd1bc" testListId="8c84fa94-04c1-424b-9868-57a2d4851a1d" />
    <TestEntry testId="283f9f13-cb3e-1218-3fcd-08b263d8e990" executionId="2e24e1ce-6f73-4b61-a3a2-d5c4b6be5f28" testListId="8c84fa94-04c1-424b-9868-57a2d4851a1d" />
    <TestEntry testId="10564402-f576-f83c-7508-dc98243ffb4b" executionId="8ab52120-362d-4a07-8700-8652c4a242c5" testListId="8c84fa94-04c1-424b-9868-57a2d4851a1d" />
    <TestEntry testId="6d978bab-aad4-7287-6436-c0f917b175ca" executionId="57e366c7-11de-4c6e-8b46-1c57591c95e6" testListId="8c84fa94-04c1-424b-9868-57a2d4851a1d" />
    <TestEntry testId="7f46d23c-5d7c-d0cd-6885-7066d3b47889" executionId="6763c4e5-771b-4ba6-8805-9c3c3a424d15" testListId="8c84fa94-04c1-424b-9868-57a2d4851a1d" />
    <TestEntry testId="e5d0a93d-5262-e4d0-5f45-ee6b0db6945d" executionId="66c450aa-a8c5-4a05-ac79-7ec2245184cf" testListId="8c84fa94-04c1-424b-9868-57a2d4851a1d" />
    <TestEntry testId="d8157b41-29f4-4a55-1811-3e5273ac9071" executionId="318b17ab-3b65-499b-9893-e1ad3683f0c9" testListId="8c84fa94-04c1-424b-9868-57a2d4851a1d" />
    <TestEntry testId="0642a600-4a64-e9cb-eb5f-0984d3d228c6" executionId="6eaa836c-c336-471d-b289-a0f2de39193b" testListId="8c84fa94-04c1-424b-9868-57a2d4851a1d" />
    <TestEntry testId="0235937d-7835-1be7-a6de-aa25a4b10aac" executionId="91c87610-a45a-438f-a70a-62f7a4bccf76" testListId="8c84fa94-04c1-424b-9868-57a2d4851a1d" />
    <TestEntry testId="198a7352-93d7-0944-f1ae-7a5a353fc2ea" executionId="910132b7-336f-4411-8ed1-e424245d9e8a" testListId="8c84fa94-04c1-424b-9868-57a2d4851a1d" />
    <TestEntry testId="ed7779e7-8a74-5c39-caff-a41255fdc4f9" executionId="297fbb56-ef47-4b4f-97d3-d4406e077e35" testListId="8c84fa94-04c1-424b-9868-57a2d4851a1d" />
    <TestEntry testId="2106a4d7-5b05-e5c0-8033-860c82b0ad6a" executionId="65bf01fa-937d-442f-8802-050665e884e9" testListId="8c84fa94-04c1-424b-9868-57a2d4851a1d" />
    <TestEntry testId="d4294147-b6f1-1dea-474b-6d1ef066918c" executionId="5bf28263-0c5c-4b6f-8830-547f841eb95a" testListId="8c84fa94-04c1-424b-9868-57a2d4851a1d" />
    <TestEntry testId="eeeef62f-490f-22e7-a2d2-ec5886a54dce" executionId="483e3254-3ca5-4c49-b870-7193e2e29100" testListId="8c84fa94-04c1-424b-9868-57a2d4851a1d" />
    <TestEntry testId="a466016b-4a7a-12db-67a6-4d7bfdd8044c" executionId="f3fdc588-27ea-4be6-bcca-88ccd3fbb3a7" testListId="8c84fa94-04c1-424b-9868-57a2d4851a1d" />
    <TestEntry testId="575a32bf-8dea-b537-a592-8290f971bf09" executionId="ea23c982-4905-4ced-8212-c17be2a9daa2" testListId="8c84fa94-04c1-424b-9868-57a2d4851a1d" />
    <TestEntry testId="7aa29abd-7d3e-a7dc-4d9c-0edf39d05bae" executionId="09848471-fa74-4274-bbfb-62e142e69874" testListId="8c84fa94-04c1-424b-9868-57a2d4851a1d" />
    <TestEntry testId="3a44bf9a-8ca0-1e46-e5d0-584bd0cbe223" executionId="15ae8a74-45e8-4d9e-90d5-1a77a4b2e631" testListId="8c84fa94-04c1-424b-9868-57a2d4851a1d" />
    <TestEntry testId="2393804e-4c64-30b5-d8f4-67c3cee41ca1" executionId="3cbef72a-297e-45c3-ac82-332f28d42474" testListId="8c84fa94-04c1-424b-9868-57a2d4851a1d" />
    <TestEntry testId="b063cbf8-fbea-b941-bdb6-591483cd4018" executionId="c4139d1c-8053-4051-a806-215c240df9fa" testListId="8c84fa94-04c1-424b-9868-57a2d4851a1d" />
    <TestEntry testId="27f390ff-a294-3ac4-6f34-9d39f621e68b" executionId="783f95d2-27b6-4e7b-8352-765ebb7bead7" testListId="8c84fa94-04c1-424b-9868-57a2d4851a1d" />
    <TestEntry testId="772d579c-1f25-0ecf-1421-f86f202fcaa5" executionId="b00f6ba1-2f39-4465-bc3d-c47315fbfaf7" testListId="8c84fa94-04c1-424b-9868-57a2d4851a1d" />
    <TestEntry testId="cadbf7d4-d58e-eeac-6faf-7c00f5bba9ec" executionId="beed895e-a45f-4f98-ba3e-4e15b4cbb5e8" testListId="8c84fa94-04c1-424b-9868-57a2d4851a1d" />
    <TestEntry testId="c1c2bc59-f0a7-06da-8b9c-e5d38bba111a" executionId="d3d362e4-7742-4f9f-8d4c-e22a1dfbbd24" testListId="8c84fa94-04c1-424b-9868-57a2d4851a1d" />
    <TestEntry testId="3e265c80-d18d-ffa2-733c-86a2e1bcbc61" executionId="82517651-57d5-4053-b3fc-890e48fcd196" testListId="8c84fa94-04c1-424b-9868-57a2d4851a1d" />
    <TestEntry testId="da72df1e-3911-6673-65ef-dc8a157dd1ea" executionId="ebcfc761-ecdb-4917-9027-bf59e365e828" testListId="8c84fa94-04c1-424b-9868-57a2d4851a1d" />
    <TestEntry testId="dfe3fd2e-b517-b2eb-b2e2-30f7a11293dd" executionId="1ac468f8-d2f1-4071-b15e-4676cbe66ff4" testListId="8c84fa94-04c1-424b-9868-57a2d4851a1d" />
    <TestEntry testId="165287bc-bef0-3870-c69b-a17243fed1fc" executionId="85a9dee8-2cf3-46f4-9af6-7f2f76a777fc" testListId="8c84fa94-04c1-424b-9868-57a2d4851a1d" />
    <TestEntry testId="138f94fd-09a3-ac1a-466f-d3cf0cc3562a" executionId="5da2747f-a656-413e-9459-489df02a0ab8" testListId="8c84fa94-04c1-424b-9868-57a2d4851a1d" />
    <TestEntry testId="5ab2a160-0b3e-3ddc-61b5-6572c40a7f10" executionId="ed660cf7-491e-40dd-993a-4edb0e0aee77" testListId="8c84fa94-04c1-424b-9868-57a2d4851a1d" />
    <TestEntry testId="05cdc091-f2e6-9c3b-1f81-118e480d95e3" executionId="9590a8cf-bb96-46ee-b35d-62290d6d98b9" testListId="8c84fa94-04c1-424b-9868-57a2d4851a1d" />
    <TestEntry testId="13a4d90a-2e75-f52a-90e5-614716c51196" executionId="239283c5-424c-49e7-9bea-6d9bd235e9c5" testListId="8c84fa94-04c1-424b-9868-57a2d4851a1d" />
    <TestEntry testId="35fc3a4c-edd3-265e-4852-719b6a1e2df7" executionId="49733620-f47b-43aa-84b6-77bf598836d4" testListId="8c84fa94-04c1-424b-9868-57a2d4851a1d" />
    <TestEntry testId="e2bc20ac-f49d-eabf-edc0-8474eb6a4a1c" executionId="31fb1e9e-f50b-4759-b15f-eea5a04e4b23" testListId="8c84fa94-04c1-424b-9868-57a2d4851a1d" />
    <TestEntry testId="5e16f1a5-ac2f-de21-a1b1-de59b21f35bb" executionId="2c9d0d70-9e31-4ed3-9b45-9e383a862374" testListId="8c84fa94-04c1-424b-9868-57a2d4851a1d" />
    <TestEntry testId="cd667223-fa51-4fa7-4447-c5ef6b869998" executionId="b6f46c6d-ce4c-48cf-8a45-bd4f2abb12b1" testListId="8c84fa94-04c1-424b-9868-57a2d4851a1d" />
    <TestEntry testId="790684f3-79cb-8225-0da5-fcb35e52e25a" executionId="71cb7109-2394-4c06-bee1-288246701055" testListId="8c84fa94-04c1-424b-9868-57a2d4851a1d" />
    <TestEntry testId="43a12b2e-14a7-1d5f-4fc9-a448b6cf0edd" executionId="e69bf439-0e39-4bca-b553-3fd6443b8321" testListId="8c84fa94-04c1-424b-9868-57a2d4851a1d" />
    <TestEntry testId="64807985-c509-c615-5e46-3ee5e8e0197e" executionId="23fc6ef3-d99f-4cd6-9226-d7fab5cd030a" testListId="8c84fa94-04c1-424b-9868-57a2d4851a1d" />
    <TestEntry testId="d3a599a4-935b-da5b-b016-03413c57fddc" executionId="70d76f56-0c78-4d32-abbd-501bbaea31fb" testListId="8c84fa94-04c1-424b-9868-57a2d4851a1d" />
    <TestEntry testId="3011877c-371c-af3a-5f96-72aad6f976b4" executionId="182c8c72-45a0-4e99-a0c8-63d6d4e75592" testListId="8c84fa94-04c1-424b-9868-57a2d4851a1d" />
    <TestEntry testId="84ba2f48-d35e-2565-b5d6-9096907c8416" executionId="2cef211e-6262-47a9-bbf9-b3f05688b938" testListId="8c84fa94-04c1-424b-9868-57a2d4851a1d" />
    <TestEntry testId="c845158a-13c6-a74d-17c8-bb3ff5beabf6" executionId="cbdec23d-11c8-4f8b-8482-360b538df84f" testListId="8c84fa94-04c1-424b-9868-57a2d4851a1d" />
    <TestEntry testId="c2089cd7-1abb-31da-c4ba-3d9555a4f6a0" executionId="2a57abc8-304a-4f6f-b7d7-c238592d66fc" testListId="8c84fa94-04c1-424b-9868-57a2d4851a1d" />
    <TestEntry testId="59476004-430a-3b34-3bb3-3229ecde9f89" executionId="1c93af1d-4b95-4240-b2f2-2769654940da" testListId="8c84fa94-04c1-424b-9868-57a2d4851a1d" />
    <TestEntry testId="4b6fecb5-59c1-ea5f-e98e-45127e9005f6" executionId="aa914abc-961b-4c7c-ad66-6a604dfd0bc2" testListId="8c84fa94-04c1-424b-9868-57a2d4851a1d" />
    <TestEntry testId="06bd284b-d73d-920f-7739-efb670bc85e0" executionId="09a68364-3354-494c-a72c-c5c4d6222a3f" testListId="8c84fa94-04c1-424b-9868-57a2d4851a1d" />
    <TestEntry testId="82581c83-f8ac-d2d4-2282-bfb72f7ace78" executionId="a8652c8b-88c0-4ae7-96d9-b7a08cb2dce2" testListId="8c84fa94-04c1-424b-9868-57a2d4851a1d" />
    <TestEntry testId="9a0ec1ee-717c-f9be-241c-4cf9cb866a4c" executionId="28263d05-7eb4-4e26-8989-8c6a0647e5ab" testListId="8c84fa94-04c1-424b-9868-57a2d4851a1d" />
    <TestEntry testId="89b47aac-6f01-eda4-d247-3a79dc9d2cab" executionId="9ecee11f-ca8e-4ec5-b264-5e41f5cb904a" testListId="8c84fa94-04c1-424b-9868-57a2d4851a1d" />
    <TestEntry testId="b1732416-dfe0-9e87-af0e-b787555e9f9f" executionId="9bcb7af4-8c53-4fd4-bc98-eb264b5d50e0" testListId="8c84fa94-04c1-424b-9868-57a2d4851a1d" />
    <TestEntry testId="42206c17-853c-7b3a-7834-e4be8b79460f" executionId="94b4d6b5-4449-4bc8-a309-8996de57d32b" testListId="8c84fa94-04c1-424b-9868-57a2d4851a1d" />
    <TestEntry testId="9d8dbace-9130-7ffd-4719-3c557ceeb743" executionId="1dda49f0-99da-4c6f-84c3-433ad77ec9af" testListId="8c84fa94-04c1-424b-9868-57a2d4851a1d" />
    <TestEntry testId="ff8eb243-16fd-8ea6-b898-642c78c53e2e" executionId="83526f58-6de8-49cb-a737-168678f9eb3e" testListId="8c84fa94-04c1-424b-9868-57a2d4851a1d" />
    <TestEntry testId="b9339d47-1b08-2f87-b4ed-bf554f7069bd" executionId="2503ba16-e453-4583-98eb-80bbb82d806f" testListId="8c84fa94-04c1-424b-9868-57a2d4851a1d" />
    <TestEntry testId="ea6b211e-3258-7db9-8b82-11e88b9536ce" executionId="a07f4968-1109-4eaa-b54f-cc69c03b0312" testListId="8c84fa94-04c1-424b-9868-57a2d4851a1d" />
    <TestEntry testId="987edaa0-0a3b-cbb4-5b40-8112a4826bc5" executionId="2b4c907e-cad0-46f9-afec-bb579e4ac747" testListId="8c84fa94-04c1-424b-9868-57a2d4851a1d" />
    <TestEntry testId="d9e596ab-93a9-7684-fb6f-71e1dbbc0c03" executionId="417c0a0b-bbf0-4a4f-b576-0cd2280298d6" testListId="8c84fa94-04c1-424b-9868-57a2d4851a1d" />
    <TestEntry testId="7ca171df-e98e-0a85-0373-bda8d8a6f93c" executionId="dc0e5cdd-eb70-40de-b34f-3295e40d202a" testListId="8c84fa94-04c1-424b-9868-57a2d4851a1d" />
    <TestEntry testId="ad0fb3f5-59c6-f38e-8f48-61ec61251228" executionId="0a55b63e-c4d6-450a-b6c6-153bf51a71c5" testListId="8c84fa94-04c1-424b-9868-57a2d4851a1d" />
    <TestEntry testId="8911612a-a11f-ae1d-ffaf-716d141c41ca" executionId="82463179-a821-4eba-8957-88d096ef1351" testListId="8c84fa94-04c1-424b-9868-57a2d4851a1d" />
    <TestEntry testId="08662725-81c0-39ee-21c2-6a500f721bcc" executionId="380c432c-eb2a-4199-a447-24e48e0b5ed8" testListId="8c84fa94-04c1-424b-9868-57a2d4851a1d" />
    <TestEntry testId="450403dd-612e-6c5e-cdd7-e2b614d0687c" executionId="7fc4c7b3-5e0b-4349-9cfd-8c53099751cd" testListId="8c84fa94-04c1-424b-9868-57a2d4851a1d" />
    <TestEntry testId="d334a597-c565-285a-8550-3b9ea2cba29c" executionId="bdb0aa48-8ba4-46f4-9ab3-41505ffb6754" testListId="8c84fa94-04c1-424b-9868-57a2d4851a1d" />
    <TestEntry testId="682e27e5-2d38-b387-eab4-fececdef538a" executionId="9cda6155-f434-4e6c-9aae-a445df6ab615" testListId="8c84fa94-04c1-424b-9868-57a2d4851a1d" />
    <TestEntry testId="8376a42a-500a-809e-e536-1b6e6744ec3b" executionId="9326ee19-1f2f-4f33-bc95-6b5b09cf9437" testListId="8c84fa94-04c1-424b-9868-57a2d4851a1d" />
    <TestEntry testId="68eba393-9613-4207-7542-82e0b37e4100" executionId="435f932c-1e10-4508-bb40-9afae795d0a0" testListId="8c84fa94-04c1-424b-9868-57a2d4851a1d" />
    <TestEntry testId="b3f5f35c-92f5-1335-49e4-d72ffb56774b" executionId="0f431cd9-66de-4da9-b974-bdbfd693f6f5" testListId="8c84fa94-04c1-424b-9868-57a2d4851a1d" />
    <TestEntry testId="80e1e452-82cf-b088-db40-d28f7d32c62d" executionId="ce31f12d-bdbb-4728-b3ce-cd2ceefb4508" testListId="8c84fa94-04c1-424b-9868-57a2d4851a1d" />
    <TestEntry testId="e0bc5994-1c1d-ed47-7ea9-5075ce14af91" executionId="85e87776-f97b-4439-af03-d9592ef47e5b" testListId="8c84fa94-04c1-424b-9868-57a2d4851a1d" />
    <TestEntry testId="48054fb2-bd75-c8f4-21b2-fc21c0457ce0" executionId="f149a11f-8999-47c6-8150-b77a58fbd23a" testListId="8c84fa94-04c1-424b-9868-57a2d4851a1d" />
    <TestEntry testId="75b7a6d2-cb73-668d-0435-045642c36b2f" executionId="d6cc5f7b-61b0-4a9e-b902-340fcbe95784" testListId="8c84fa94-04c1-424b-9868-57a2d4851a1d" />
    <TestEntry testId="2ce1ff21-6093-7b3b-54d2-6773bfebe33a" executionId="bdb91951-59f6-4141-b5fa-77c3b2ce2418" testListId="8c84fa94-04c1-424b-9868-57a2d4851a1d" />
    <TestEntry testId="d8aaa504-6178-a22d-3fb8-ce2b255c46bf" executionId="7e2e99d2-b29b-4080-b51d-5f6e2f732316" testListId="8c84fa94-04c1-424b-9868-57a2d4851a1d" />
    <TestEntry testId="d9d0601b-6afc-d56b-58cd-43bff45267f6" executionId="c38987e5-c59a-487b-8704-7f8fac949cdf" testListId="8c84fa94-04c1-424b-9868-57a2d4851a1d" />
    <TestEntry testId="652f52e4-9689-ca02-1038-58cbd6e682e8" executionId="869f7d6a-68f6-44d3-ad6c-6d11345105ad" testListId="8c84fa94-04c1-424b-9868-57a2d4851a1d" />
    <TestEntry testId="e8f3b5b9-78ec-f897-d51a-a5d2a544c215" executionId="43201ea1-66c4-4339-bcc2-26c684a3811e" testListId="8c84fa94-04c1-424b-9868-57a2d4851a1d" />
    <TestEntry testId="b99d652b-8f29-0344-acef-87a042a63281" executionId="d2eef036-f273-42ec-a5f7-1f03d58a2149" testListId="8c84fa94-04c1-424b-9868-57a2d4851a1d" />
    <TestEntry testId="1908903c-8778-1771-d8eb-296b41bd1c8a" executionId="6a9c6891-1573-40f3-bde5-858984ee96ec" testListId="8c84fa94-04c1-424b-9868-57a2d4851a1d" />
    <TestEntry testId="8ed2a60a-eeda-1585-64ac-27fd20cde828" executionId="e1f94046-ae5b-4536-9ed9-5b5dfd19df67" testListId="8c84fa94-04c1-424b-9868-57a2d4851a1d" />
    <TestEntry testId="a11326b9-3454-b2a2-061f-4440307800dc" executionId="57ddef10-f0b7-403e-b6a3-6512e5e13608" testListId="8c84fa94-04c1-424b-9868-57a2d4851a1d" />
    <TestEntry testId="18369d63-550f-80cc-1769-12a3b1196b7b" executionId="aa8e7dbd-9777-4006-a443-a3c7ca89ea98" testListId="8c84fa94-04c1-424b-9868-57a2d4851a1d" />
    <TestEntry testId="7b5ff511-526b-7adf-f4f4-c89931ab0b4e" executionId="4961f3d9-bf43-4c2d-ae0f-b0a6887ad673" testListId="8c84fa94-04c1-424b-9868-57a2d4851a1d" />
    <TestEntry testId="dc138ee9-21ff-a5b7-13f9-f62a771c926b" executionId="5d509c92-8af8-4766-a6ae-8c07fa78bfec" testListId="8c84fa94-04c1-424b-9868-57a2d4851a1d" />
    <TestEntry testId="59d7ce5a-9242-f1c0-ee68-764d8def5314" executionId="a8a1f05d-6e3d-457e-8653-7062d9e7a277" testListId="8c84fa94-04c1-424b-9868-57a2d4851a1d" />
    <TestEntry testId="199cdec6-ec51-273d-006c-9fb34f580f59" executionId="cf3e2aba-81d0-4f73-a472-e0f61f7ff7c9" testListId="8c84fa94-04c1-424b-9868-57a2d4851a1d" />
    <TestEntry testId="ae9b7ba8-a455-9b25-0586-eaded100e724" executionId="066e09d8-1e13-4826-8c9c-b8e0ccf119fb" testListId="8c84fa94-04c1-424b-9868-57a2d4851a1d" />
    <TestEntry testId="1a4e885e-6ffc-c617-8987-ed7778452758" executionId="7757f2b6-9d1e-40a8-9869-61ed990c286e" testListId="8c84fa94-04c1-424b-9868-57a2d4851a1d" />
    <TestEntry testId="82925021-fc8d-b0e6-5578-b84c5fa8b18a" executionId="58e4ae83-4a64-4801-94d5-1eb0c8da7549" testListId="8c84fa94-04c1-424b-9868-57a2d4851a1d" />
    <TestEntry testId="ee49bb23-cebf-abdf-0b3d-a9f5e1a1dc4f" executionId="d0cebd25-60d7-4842-a42a-0eaf1aeb1078" testListId="8c84fa94-04c1-424b-9868-57a2d4851a1d" />
    <TestEntry testId="24de239e-634e-94d1-f05a-2dd6d4c77c91" executionId="a445bdac-6d8b-492e-a524-4250782e0693" testListId="8c84fa94-04c1-424b-9868-57a2d4851a1d" />
    <TestEntry testId="63b5e857-7c0f-1bfb-6bac-ed0592160bce" executionId="4a51b1b3-1c99-4677-8e0e-eeddbc005021" testListId="8c84fa94-04c1-424b-9868-57a2d4851a1d" />
    <TestEntry testId="680b5a30-8d08-87c3-1561-38e60980ac40" executionId="9159489f-8dc8-4e2e-8b5e-b867c362670f" testListId="8c84fa94-04c1-424b-9868-57a2d4851a1d" />
    <TestEntry testId="727eace4-6f24-f89e-4093-133963eb0bdd" executionId="adeaee20-8c6b-4e37-9f89-0da585f07f6e" testListId="8c84fa94-04c1-424b-9868-57a2d4851a1d" />
    <TestEntry testId="61fff35a-1f51-c483-72f9-65b70f75c0e7" executionId="b1d781db-e07d-4e05-86d1-65102ae536be" testListId="8c84fa94-04c1-424b-9868-57a2d4851a1d" />
    <TestEntry testId="044f4a26-7cbd-7c3b-61fb-5e7facd7c43c" executionId="9ed24436-9460-4c45-b9f6-9489ea8fb4d8" testListId="8c84fa94-04c1-424b-9868-57a2d4851a1d" />
    <TestEntry testId="eaeacd17-7709-0ad4-3782-3c779da7e956" executionId="b3240dcf-46e6-4172-89a2-04414ddfebd7" testListId="8c84fa94-04c1-424b-9868-57a2d4851a1d" />
    <TestEntry testId="43d61832-991c-baec-6981-658713b1dd1b" executionId="63d2882d-3167-45e9-ab83-7da6990a83f2" testListId="8c84fa94-04c1-424b-9868-57a2d4851a1d" />
    <TestEntry testId="b6f07467-7831-36e3-42f4-7ae0ac1fdc16" executionId="196c4f13-ca65-45dc-a2ac-80f0da354612" testListId="8c84fa94-04c1-424b-9868-57a2d4851a1d" />
    <TestEntry testId="e0397ba9-9217-2c04-c95a-ff9b50a208f5" executionId="e82cec8c-fae3-416b-b047-516f601995ea" testListId="8c84fa94-04c1-424b-9868-57a2d4851a1d" />
    <TestEntry testId="63e96068-9f53-27fa-ddcd-94b9c2880dd5" executionId="f4d2a33a-18ef-4af4-977a-b9d7f2d11abd" testListId="8c84fa94-04c1-424b-9868-57a2d4851a1d" />
    <TestEntry testId="6e8c0e78-ac96-07f6-2327-5c670bb6a7bf" executionId="022e07cd-2018-4200-9de6-9ebb3b1fc613" testListId="8c84fa94-04c1-424b-9868-57a2d4851a1d" />
    <TestEntry testId="e136a8cd-3f63-a904-c5bb-437c3044bc59" executionId="e0377aea-e1b4-49c9-adf7-ec8752347f9b" testListId="8c84fa94-04c1-424b-9868-57a2d4851a1d" />
    <TestEntry testId="4fc92a95-da20-ab9b-15d1-74f6c3c27fe0" executionId="9c32a382-44e7-48b4-b39a-6310bfa10507" testListId="8c84fa94-04c1-424b-9868-57a2d4851a1d" />
    <TestEntry testId="f82ee61b-ae97-d19b-9f9c-9b68d981c021" executionId="532e8703-c6d2-493c-8e5d-087190115461" testListId="8c84fa94-04c1-424b-9868-57a2d4851a1d" />
    <TestEntry testId="b0092946-2776-e7d9-62f7-adb16861e4a5" executionId="e63cc5d1-0878-45cd-924c-cd00e8c0a767" testListId="8c84fa94-04c1-424b-9868-57a2d4851a1d" />
    <TestEntry testId="6bac4380-8ca1-03ec-b0fa-87faadf2b614" executionId="481e721b-3ba8-4808-bc45-ae83d765aa8c" testListId="8c84fa94-04c1-424b-9868-57a2d4851a1d" />
    <TestEntry testId="60c69ff5-89b2-197d-90c0-5219587cb80d" executionId="ddcafa71-704f-4d97-a74c-590f9b960a08" testListId="8c84fa94-04c1-424b-9868-57a2d4851a1d" />
    <TestEntry testId="5da91449-988e-883d-873e-5998d198d64c" executionId="669dd420-3d26-408b-9b41-7b3d99e7558a" testListId="8c84fa94-04c1-424b-9868-57a2d4851a1d" />
    <TestEntry testId="d6a182f6-1abb-4c06-28b1-3486154a7ed6" executionId="61f9934b-4608-43b0-b591-855b92df8d5b" testListId="8c84fa94-04c1-424b-9868-57a2d4851a1d" />
    <TestEntry testId="896580b1-84f1-933f-fef3-e601288590b2" executionId="ca204a87-e627-487d-b2c3-0ed26e3e6b38" testListId="8c84fa94-04c1-424b-9868-57a2d4851a1d" />
    <TestEntry testId="025863ce-ac84-e56c-d6b6-947b70b4b25d" executionId="cba00cc9-5e47-4754-bdad-9f826b3768cb" testListId="8c84fa94-04c1-424b-9868-57a2d4851a1d" />
    <TestEntry testId="9a38b1c7-2744-f7db-489b-6f81a442d11b" executionId="bbe0c334-9b9b-449c-916f-c322ae47a1ac" testListId="8c84fa94-04c1-424b-9868-57a2d4851a1d" />
    <TestEntry testId="6bca5693-82fe-719f-17b6-6224c9668233" executionId="637124b8-fbc6-4851-bba1-748e8ffa2bbe" testListId="8c84fa94-04c1-424b-9868-57a2d4851a1d" />
    <TestEntry testId="e788a2d0-4486-022b-835a-f533cc3033d2" executionId="cc007308-3038-4658-8382-c62bee69dc98" testListId="8c84fa94-04c1-424b-9868-57a2d4851a1d" />
    <TestEntry testId="0352ab5e-ef5f-b291-c33f-bb3ed2d6f909" executionId="eff1ae71-1a9e-434e-8082-c75f10c4ef95" testListId="8c84fa94-04c1-424b-9868-57a2d4851a1d" />
    <TestEntry testId="47884aeb-7497-b6ff-3c54-8cf7d508053b" executionId="f15241b7-b007-4ac5-bf70-4a61944b7568" testListId="8c84fa94-04c1-424b-9868-57a2d4851a1d" />
    <TestEntry testId="2a4dd686-62ac-c714-9f30-f0d81a07f831" executionId="6307b705-850f-4d6d-ad3a-d3a66c9300d0" testListId="8c84fa94-04c1-424b-9868-57a2d4851a1d" />
    <TestEntry testId="13e00d9f-1356-be26-5e63-c3874f003845" executionId="d4d65215-2f5d-4578-a813-d2210808ae97" testListId="8c84fa94-04c1-424b-9868-57a2d4851a1d" />
    <TestEntry testId="187ee319-c305-31ec-cc6d-df00e81417f3" executionId="d394fe8b-ff26-437a-b390-98f5880803d4" testListId="8c84fa94-04c1-424b-9868-57a2d4851a1d" />
    <TestEntry testId="2b33b0ae-9699-070c-729a-42132d028501" executionId="3e969710-fbcf-4ea8-b284-d03115669381" testListId="8c84fa94-04c1-424b-9868-57a2d4851a1d" />
    <TestEntry testId="83ccd97a-3d39-ee6a-e0f8-f15f62764577" executionId="55f7e0b6-76eb-406e-8747-0fc0aaa6727d" testListId="8c84fa94-04c1-424b-9868-57a2d4851a1d" />
    <TestEntry testId="e571b35d-57ce-9cb9-ba77-a93c8415ec13" executionId="587f22b5-886f-4128-a78c-32e8f5c9b3fa" testListId="8c84fa94-04c1-424b-9868-57a2d4851a1d" />
    <TestEntry testId="4f0f0f05-4e54-c98a-97cd-1164c4d7679e" executionId="ab86f4f7-7830-4389-b0fb-3da0cc90b9b9" testListId="8c84fa94-04c1-424b-9868-57a2d4851a1d" />
    <TestEntry testId="a2a9cc5c-ea62-0899-d27a-81da48bb47d1" executionId="b441e0e5-7e00-4ad1-b667-7286cbbfa417" testListId="8c84fa94-04c1-424b-9868-57a2d4851a1d" />
    <TestEntry testId="8402d0b2-2627-8799-bef9-7a7055750766" executionId="3b1d3eb4-c600-470a-a7bc-8cbeac01b7ab" testListId="8c84fa94-04c1-424b-9868-57a2d4851a1d" />
    <TestEntry testId="83492e0d-212b-a788-b283-557077b5c1d0" executionId="89ba82fa-64b5-470f-b0fa-193ff7bf0c9d" testListId="8c84fa94-04c1-424b-9868-57a2d4851a1d" />
    <TestEntry testId="ac8063fd-ec4b-484a-0383-753253f47780" executionId="3b4f3d36-695c-446d-866a-09c37cb67b87" testListId="8c84fa94-04c1-424b-9868-57a2d4851a1d" />
    <TestEntry testId="cd274a06-2388-99e3-3a1d-9499479d5159" executionId="fa133363-900d-438d-8278-f7a8f8929638" testListId="8c84fa94-04c1-424b-9868-57a2d4851a1d" />
    <TestEntry testId="68a0cb09-28c6-2900-d9b8-f1de6e183f62" executionId="9b0c91af-7360-4ab5-8d70-7ca1d9a917b6" testListId="8c84fa94-04c1-424b-9868-57a2d4851a1d" />
    <TestEntry testId="917a5570-b519-84b9-98e6-e30d662a605f" executionId="c6331621-79ea-4fc9-8767-05c33486bfa4" testListId="8c84fa94-04c1-424b-9868-57a2d4851a1d" />
    <TestEntry testId="9337e38c-4624-4f1b-786d-f8be59a53622" executionId="5497d32f-66a4-4f73-b9d8-cf2a0c4d7286" testListId="8c84fa94-04c1-424b-9868-57a2d4851a1d" />
    <TestEntry testId="d33238ac-1e47-b12a-5f1e-c0efc2aabbf1" executionId="a47fbcff-c0af-4438-9bb9-85ed16f8e93e" testListId="8c84fa94-04c1-424b-9868-57a2d4851a1d" />
    <TestEntry testId="7353773e-46a1-eddc-a4ca-f5b4ae8543b5" executionId="9ed898d7-542e-4d48-b1ff-7773e1c9bc6b" testListId="8c84fa94-04c1-424b-9868-57a2d4851a1d" />
    <TestEntry testId="fb9b27c6-d958-01c3-0bba-3a3e5a814ae8" executionId="4087c94c-3acc-4bf8-b486-6e3eccc40f11" testListId="8c84fa94-04c1-424b-9868-57a2d4851a1d" />
    <TestEntry testId="df434b1a-bd33-b3a0-035c-8fb9149eaa0e" executionId="88f7a39d-0679-404b-9f65-2e089505e1ab" testListId="8c84fa94-04c1-424b-9868-57a2d4851a1d" />
    <TestEntry testId="2373c7df-8688-ecca-12e2-43612d6b960f" executionId="1f79594d-895f-42b9-91c6-79e0ecec019e" testListId="8c84fa94-04c1-424b-9868-57a2d4851a1d" />
    <TestEntry testId="e9266c48-cfc4-e144-1936-f643e910fdf5" executionId="b417548b-a751-47b6-895b-3a073e83d109" testListId="8c84fa94-04c1-424b-9868-57a2d4851a1d" />
    <TestEntry testId="26493e2f-f09a-fd85-4932-ec0c6378d5e5" executionId="337a4d10-23c3-46d3-aacf-72d74cb9baf1" testListId="8c84fa94-04c1-424b-9868-57a2d4851a1d" />
    <TestEntry testId="81ad0f4d-94e1-c01b-9944-7761641e9301" executionId="d49381fb-d25c-47f0-8285-ec3f879b60ad" testListId="8c84fa94-04c1-424b-9868-57a2d4851a1d" />
    <TestEntry testId="920a2918-af9a-e3ed-e910-d0d07bf9fed3" executionId="ecbe978f-5b1f-4e59-84fc-8ca54af83797" testListId="8c84fa94-04c1-424b-9868-57a2d4851a1d" />
    <TestEntry testId="76f114f4-6a41-0573-26af-b718e6fbb07c" executionId="d940d936-4e79-49ab-8d6b-c448ca7afbe8" testListId="8c84fa94-04c1-424b-9868-57a2d4851a1d" />
    <TestEntry testId="a2ceebde-d242-3694-fb90-e4ca65781850" executionId="5f194a5e-027f-414d-9ddf-773be23a7988" testListId="8c84fa94-04c1-424b-9868-57a2d4851a1d" />
    <TestEntry testId="0b48726b-7d83-90f3-a7e6-6509817ad105" executionId="c5e898ea-a5da-477b-8d37-cf13dd5d20d0" testListId="8c84fa94-04c1-424b-9868-57a2d4851a1d" />
    <TestEntry testId="f18dd244-4a09-e214-2e8b-a1adb5d41997" executionId="0de0f332-bc43-42e1-b3d1-f008cfcda2ad" testListId="8c84fa94-04c1-424b-9868-57a2d4851a1d" />
    <TestEntry testId="cb9d51a2-5e3a-42d0-6e0f-8acb24bb5634" executionId="fdb3bddc-da29-4a6a-afdb-f00f69806cee" testListId="8c84fa94-04c1-424b-9868-57a2d4851a1d" />
    <TestEntry testId="e2a3c11c-1944-c086-d9fe-0c8ab6c0a314" executionId="79e88c7c-1e49-4cbb-8fa2-14f2c28afaee" testListId="8c84fa94-04c1-424b-9868-57a2d4851a1d" />
    <TestEntry testId="57e42158-c478-d557-913f-3f7cb2a55e4f" executionId="2ab4dfec-d5a3-48f6-ad34-b16edd74a036" testListId="8c84fa94-04c1-424b-9868-57a2d4851a1d" />
    <TestEntry testId="7a648730-a880-ab42-6524-73337b3605fc" executionId="c5765432-04e5-48d9-b538-f89b1f416861" testListId="8c84fa94-04c1-424b-9868-57a2d4851a1d" />
    <TestEntry testId="c8bbc1da-c94e-b071-1c1c-4c9621410661" executionId="b2c18e07-d0c8-4ccc-9ed1-ebfcdfd2473a" testListId="8c84fa94-04c1-424b-9868-57a2d4851a1d" />
    <TestEntry testId="f7312006-b3af-0869-4d9b-ec9b8e868889" executionId="45f1efed-a326-48f5-8ded-d9b17d2c8c1c" testListId="8c84fa94-04c1-424b-9868-57a2d4851a1d" />
    <TestEntry testId="0d69c7de-0a79-1b02-2fcf-9739b7f2143b" executionId="fa9156f4-1241-4152-9404-c3aef82e9519" testListId="8c84fa94-04c1-424b-9868-57a2d4851a1d" />
    <TestEntry testId="905c94e4-bdc8-1fe6-5444-613a4eb6d1c7" executionId="d6d8f306-3424-4898-8e75-31c1b3916c75" testListId="8c84fa94-04c1-424b-9868-57a2d4851a1d" />
    <TestEntry testId="bcf3e398-10f5-c5db-c0c4-dde95790e302" executionId="eec978e8-a50d-4b73-aa4e-888cdfba699b" testListId="8c84fa94-04c1-424b-9868-57a2d4851a1d" />
    <TestEntry testId="29212116-6a0b-3ffd-ae50-19c86a9244cc" executionId="293653c5-5cd2-42f8-935b-5c0fe8b9bac0" testListId="8c84fa94-04c1-424b-9868-57a2d4851a1d" />
    <TestEntry testId="593930ca-a7df-1408-b332-7a4bf0c72a54" executionId="ab8b7936-2a0f-4e9b-8026-f50d27b34b5f" testListId="8c84fa94-04c1-424b-9868-57a2d4851a1d" />
    <TestEntry testId="9f58f9ac-c237-b302-81b2-6eb6c67dcabf" executionId="84b3cdc3-3d5e-4186-a36d-a03b9000fa21" testListId="8c84fa94-04c1-424b-9868-57a2d4851a1d" />
    <TestEntry testId="0888e3f9-abd4-4799-6395-fe5ed75b869d" executionId="1d1eabda-20f4-4332-8012-2c5491bd6cd6" testListId="8c84fa94-04c1-424b-9868-57a2d4851a1d" />
    <TestEntry testId="831c9d38-b235-c32d-79f4-dc554e18bb06" executionId="b908bf58-68bc-460e-b8a0-6d80307cf658" testListId="8c84fa94-04c1-424b-9868-57a2d4851a1d" />
    <TestEntry testId="489bb6c1-57c4-1ecc-b27a-2b7660cd9960" executionId="54e65e3a-5dde-48e2-80d2-b04569ee9a46" testListId="8c84fa94-04c1-424b-9868-57a2d4851a1d" />
    <TestEntry testId="e591cb66-07e5-1b9d-9e29-d469d485e69c" executionId="a2d6f962-b54c-4f79-b528-8d3e856ac584" testListId="8c84fa94-04c1-424b-9868-57a2d4851a1d" />
    <TestEntry testId="d516c9f8-a086-c688-a8dc-fd4cd17c2bf6" executionId="33c891f3-fbe3-490c-b7a0-88ec8618dbf9" testListId="8c84fa94-04c1-424b-9868-57a2d4851a1d" />
    <TestEntry testId="e60bae60-c13a-330d-734d-4108f8865d47" executionId="ba55df0c-08e4-479b-aa24-1387fcc4719a" testListId="8c84fa94-04c1-424b-9868-57a2d4851a1d" />
    <TestEntry testId="c9640990-b6c9-dafb-a909-cdccd9fc41e7" executionId="b34906fc-d884-44d7-85c4-c3c62237b12c" testListId="8c84fa94-04c1-424b-9868-57a2d4851a1d" />
    <TestEntry testId="35c37eb8-e213-391e-0beb-46923447e480" executionId="5a4cca05-5f83-43d9-9f8e-a5e56d3d1aad" testListId="8c84fa94-04c1-424b-9868-57a2d4851a1d" />
    <TestEntry testId="6447c994-5b95-325f-325b-e1016ffa29e1" executionId="5430616d-e728-40c8-97f0-8455d9336ef5" testListId="8c84fa94-04c1-424b-9868-57a2d4851a1d" />
    <TestEntry testId="9a94a475-1b0f-e9b3-ba5e-634b89ce686f" executionId="7ed72a5d-e6d1-4e35-aceb-7c8335a7d57c" testListId="8c84fa94-04c1-424b-9868-57a2d4851a1d" />
    <TestEntry testId="cdf3455a-ff33-49bd-8e27-f8c9df19be38" executionId="99548809-9da7-4f81-8c4b-7521930d52d7" testListId="8c84fa94-04c1-424b-9868-57a2d4851a1d" />
    <TestEntry testId="ea3dc3ca-b9db-c951-f087-38b03fc1d7df" executionId="e82ee867-5e66-4855-8241-0fe373998379" testListId="8c84fa94-04c1-424b-9868-57a2d4851a1d" />
    <TestEntry testId="08e5fbd3-af06-8bc6-9a21-3f68283f610d" executionId="c909ee77-f74c-4c20-a3bb-59569cadec8c" testListId="8c84fa94-04c1-424b-9868-57a2d4851a1d" />
    <TestEntry testId="017cc019-8cef-3e6e-38b3-9860b15006c5" executionId="51672660-4388-4b6c-8c82-0e93d32b0e9f" testListId="8c84fa94-04c1-424b-9868-57a2d4851a1d" />
    <TestEntry testId="cc0eb8f4-de0d-0d2a-a312-64bcc8b88edd" executionId="9d606960-290e-495a-a083-d0d65736b679" testListId="8c84fa94-04c1-424b-9868-57a2d4851a1d" />
    <TestEntry testId="aa5c4da8-abb1-5dab-502e-bd81c20e341d" executionId="a0594521-bfb7-4965-8aad-636a625d6ac5" testListId="8c84fa94-04c1-424b-9868-57a2d4851a1d" />
    <TestEntry testId="958a4635-0d5e-dda4-f61e-9578d9aa3b40" executionId="4d8b6206-67e5-4a57-a609-53b4c5d54d04" testListId="8c84fa94-04c1-424b-9868-57a2d4851a1d" />
    <TestEntry testId="41b6c041-6264-4714-8517-a042a107be15" executionId="5bd36cea-b605-4cfa-87b5-ac9fa43d92b8" testListId="8c84fa94-04c1-424b-9868-57a2d4851a1d" />
    <TestEntry testId="6c232766-0173-c070-73ea-ec002545c357" executionId="a69d7d32-171c-4ff7-b331-0b7c0740af58" testListId="8c84fa94-04c1-424b-9868-57a2d4851a1d" />
    <TestEntry testId="4ac872cb-6eae-9e1a-7612-37a387bb363b" executionId="33e1180c-c844-4c72-a2a3-fd5b69633a88" testListId="8c84fa94-04c1-424b-9868-57a2d4851a1d" />
    <TestEntry testId="7b69f7ac-73d5-55bc-5045-f13549ae846c" executionId="0331788a-34ee-48a3-b44b-e29a9c7c1ddc" testListId="8c84fa94-04c1-424b-9868-57a2d4851a1d" />
    <TestEntry testId="2c45a0c4-a819-6921-a82a-e9167bcfa09d" executionId="657c1191-92cb-4ed1-a3df-baf7222d5fba" testListId="8c84fa94-04c1-424b-9868-57a2d4851a1d" />
    <TestEntry testId="20e8ccab-a0f4-bc81-8521-21ef899c1e27" executionId="39732cda-4396-47e9-a67d-7d39903522a9" testListId="8c84fa94-04c1-424b-9868-57a2d4851a1d" />
    <TestEntry testId="30f4ca0f-0cfa-0e61-edff-19f1044181dc" executionId="33c38835-aa8e-4fa2-9888-bc6b63e9438a" testListId="8c84fa94-04c1-424b-9868-57a2d4851a1d" />
    <TestEntry testId="903924a4-7ced-4d98-9edf-15f9a7cfa0d7" executionId="6981c393-dd1c-4e50-b101-50bcea10f2ac" testListId="8c84fa94-04c1-424b-9868-57a2d4851a1d" />
    <TestEntry testId="086df0e0-5aad-7a70-c738-24f763045ce7" executionId="aedf8e71-f15d-493e-8f48-e02ffc0d4eac" testListId="8c84fa94-04c1-424b-9868-57a2d4851a1d" />
    <TestEntry testId="3a31272a-a65c-0e34-46f8-f3357cdba23a" executionId="cc4ced2f-58df-415e-9151-ac93234d3769" testListId="8c84fa94-04c1-424b-9868-57a2d4851a1d" />
    <TestEntry testId="4acf2e12-f867-ff67-73aa-be136e127327" executionId="51a20e47-9c68-4cd0-b46a-86d1bec777f5" testListId="8c84fa94-04c1-424b-9868-57a2d4851a1d" />
    <TestEntry testId="92df0312-a314-f2ad-872b-182bbef5a446" executionId="4e0b22fd-1a41-442b-ae16-def5046e2fc8" testListId="8c84fa94-04c1-424b-9868-57a2d4851a1d" />
    <TestEntry testId="535a6c4c-9d95-551a-92bd-bde3b28a38d2" executionId="050b5437-07b4-4e36-8bce-68bb7ba1a2e7" testListId="8c84fa94-04c1-424b-9868-57a2d4851a1d" />
    <TestEntry testId="02af0d15-e099-b0e6-50ad-6fe37219924b" executionId="c653b68b-ec06-49ac-a1db-058f51cadfdd" testListId="8c84fa94-04c1-424b-9868-57a2d4851a1d" />
    <TestEntry testId="2b48bd6d-d40f-68da-88e6-66c25aa42362" executionId="0c465b2b-20fc-4679-9385-85ae5d70f74b" testListId="8c84fa94-04c1-424b-9868-57a2d4851a1d" />
    <TestEntry testId="898a040b-fc5b-2cd2-659c-46113f65fe38" executionId="4ab0057f-e008-47d7-9874-26911111bc79" testListId="8c84fa94-04c1-424b-9868-57a2d4851a1d" />
    <TestEntry testId="b89a6798-9691-5fa5-5f0c-53d6c5a0e9aa" executionId="cf3e3a8c-c3ed-4449-825f-d0e34347d7b8" testListId="8c84fa94-04c1-424b-9868-57a2d4851a1d" />
    <TestEntry testId="72e0aaef-b782-3799-5f94-2f93780a25bc" executionId="91f46d7b-8f6e-493e-ae76-e583962f1cb3" testListId="8c84fa94-04c1-424b-9868-57a2d4851a1d" />
    <TestEntry testId="6c45a0dd-5772-753d-7493-6b1e41606871" executionId="e665de3b-4599-4ca2-8fa5-051399322cd3" testListId="8c84fa94-04c1-424b-9868-57a2d4851a1d" />
    <TestEntry testId="8b769f83-03d1-54d2-bd91-c30ba7e579fb" executionId="03989dc6-b7aa-49d6-b6ae-4e93b96c0dfc" testListId="8c84fa94-04c1-424b-9868-57a2d4851a1d" />
    <TestEntry testId="e36cf31f-4200-8205-4a12-8df912fdbdf1" executionId="4c5263c8-71ff-4dd0-ad09-bcdeba6f4070" testListId="8c84fa94-04c1-424b-9868-57a2d4851a1d" />
    <TestEntry testId="3215309a-c170-3a90-36e8-c896704e6333" executionId="985ce1da-8667-4e1b-979f-187f09d5aca4" testListId="8c84fa94-04c1-424b-9868-57a2d4851a1d" />
    <TestEntry testId="455c6da2-80f5-0fe8-cc92-891d7de0d2ac" executionId="de20287e-f11c-49ab-b4dd-aa970dbfdf9f" testListId="8c84fa94-04c1-424b-9868-57a2d4851a1d" />
    <TestEntry testId="a4f00ade-c810-bdc2-a419-06f9196522bd" executionId="439819b6-60f5-41fe-bb2e-76e50f8d805c" testListId="8c84fa94-04c1-424b-9868-57a2d4851a1d" />
    <TestEntry testId="9b69c053-abc5-671a-966c-e8011ea8926f" executionId="39baefe0-5019-4f78-805b-e90f941f5dd8" testListId="8c84fa94-04c1-424b-9868-57a2d4851a1d" />
    <TestEntry testId="d87bb820-5df8-b7cb-0dc2-a51e231db935" executionId="a22d6679-7ab6-4bb6-9eff-09e42ea8f8c9" testListId="8c84fa94-04c1-424b-9868-57a2d4851a1d" />
    <TestEntry testId="4ccdfeb9-004d-3fe2-5c2e-c79ef1dd5941" executionId="e306eb53-e185-4694-ab6c-6a6d7bdc7de8" testListId="8c84fa94-04c1-424b-9868-57a2d4851a1d" />
    <TestEntry testId="11bc7ddd-0334-e311-f2a7-f381145ec805" executionId="7bc8feb0-8148-4c01-a549-cc9423eef848" testListId="8c84fa94-04c1-424b-9868-57a2d4851a1d" />
    <TestEntry testId="86e972ed-14c6-3ad2-ddf5-8b4f957f0006" executionId="fa7dc3b1-3094-4969-b74e-baeb5a66ea3a" testListId="8c84fa94-04c1-424b-9868-57a2d4851a1d" />
    <TestEntry testId="4e8d1cbd-b8ef-6778-0ee2-4c64d9b96b59" executionId="85049e4a-700e-45cc-8f1a-9dd651b0791e" testListId="8c84fa94-04c1-424b-9868-57a2d4851a1d" />
    <TestEntry testId="8ccd7a8f-ef67-0ae3-b153-d3f9ffe8fcc3" executionId="c3e24474-09f6-4d05-8d4d-55ce3f34c95c" testListId="8c84fa94-04c1-424b-9868-57a2d4851a1d" />
    <TestEntry testId="81b361c4-c965-939e-7e57-636c62f4161d" executionId="b72d5c23-6142-4ea6-9447-a7edf97a3af3" testListId="8c84fa94-04c1-424b-9868-57a2d4851a1d" />
    <TestEntry testId="3b4fccf6-70be-2d9b-f5f2-d6283b7fde7b" executionId="4c4434ef-5b79-4a72-9d78-9825e3f5694a" testListId="8c84fa94-04c1-424b-9868-57a2d4851a1d" />
    <TestEntry testId="6bb54fbb-dfac-5d0a-56dc-de94512d7ee7" executionId="a7684024-0325-4cad-a4e4-6522694e6588" testListId="8c84fa94-04c1-424b-9868-57a2d4851a1d" />
    <TestEntry testId="85b176e4-fb59-5c82-65b9-233680a9d61b" executionId="8304aaac-e7c9-4498-897c-cd82f16404f0" testListId="8c84fa94-04c1-424b-9868-57a2d4851a1d" />
    <TestEntry testId="b228f7b3-2a35-5ed1-38ba-c95d5b6752e4" executionId="d679877a-7e91-4501-8133-2aa57198fdfd" testListId="8c84fa94-04c1-424b-9868-57a2d4851a1d" />
    <TestEntry testId="3dff5113-fbc5-85c4-6443-3894194c92b8" executionId="40c93660-9581-4fb7-9edc-5e5035e4106f" testListId="8c84fa94-04c1-424b-9868-57a2d4851a1d" />
    <TestEntry testId="80e1e452-82cf-b088-db40-d28f7d32c62d" executionId="660cb978-efee-4a3c-96a0-0113b982f217" testListId="8c84fa94-04c1-424b-9868-57a2d4851a1d" />
    <TestEntry testId="7d900372-2011-73f8-033d-c6e57807e942" executionId="ee908246-8990-434a-a38d-94dfec57f01d" testListId="8c84fa94-04c1-424b-9868-57a2d4851a1d" />
    <TestEntry testId="1326eca0-5707-a15c-4eaf-c5b6ab9d34ec" executionId="70274616-a7ee-425e-afa2-0f21b58f58dd" testListId="8c84fa94-04c1-424b-9868-57a2d4851a1d" />
    <TestEntry testId="7899bcea-7118-cfa0-aa3f-14444c7eb8ac" executionId="96619c60-149b-46af-a2f1-a38ce2b4d756" testListId="8c84fa94-04c1-424b-9868-57a2d4851a1d" />
    <TestEntry testId="71d3bf04-2f4b-0825-76a5-fe6f8626ce91" executionId="87514820-3b4e-4617-8ee4-efe8e5671135" testListId="8c84fa94-04c1-424b-9868-57a2d4851a1d" />
    <TestEntry testId="923f1aa7-880c-4c72-8f5e-a07409280a9b" executionId="5580567a-00e3-4134-b725-cf8c5619fb19" testListId="8c84fa94-04c1-424b-9868-57a2d4851a1d" />
    <TestEntry testId="54665edf-a1f2-e9fe-2f83-fd5f97c5627f" executionId="f35b922c-aff2-4e06-8e57-6831d2f91db8" testListId="8c84fa94-04c1-424b-9868-57a2d4851a1d" />
    <TestEntry testId="e0e4a25c-da24-71c2-6a4d-30260f82e840" executionId="9c7dc312-c610-4c63-9e90-3cb220cedc4e" testListId="8c84fa94-04c1-424b-9868-57a2d4851a1d" />
    <TestEntry testId="24aad481-07c1-3aaa-142a-c2bdd14112ca" executionId="16d7bd6a-5925-4beb-97b8-bef98b9601dd" testListId="8c84fa94-04c1-424b-9868-57a2d4851a1d" />
    <TestEntry testId="2baa9530-1f3b-08c8-d90b-9f25fb854e03" executionId="387a0bc4-9e07-41e2-948b-a08175aaca04" testListId="8c84fa94-04c1-424b-9868-57a2d4851a1d" />
    <TestEntry testId="326c0813-dde1-1e08-607c-dc55537bd92d" executionId="5ba051f8-1eac-4c4c-8ea8-0b6e6343edd9" testListId="8c84fa94-04c1-424b-9868-57a2d4851a1d" />
    <TestEntry testId="cb87cf1a-c232-cb4e-8509-02ba48adec73" executionId="48f675c1-c432-451a-afc3-d08d5c45de80" testListId="8c84fa94-04c1-424b-9868-57a2d4851a1d" />
    <TestEntry testId="2ebfe8ce-3c37-b151-62ae-982463586759" executionId="176c6e5c-6f9f-451b-90d0-78f477fabbf8" testListId="8c84fa94-04c1-424b-9868-57a2d4851a1d" />
    <TestEntry testId="c3f29bf2-4c11-11c6-eb66-4e32acc46d8c" executionId="488001fb-0523-4241-863c-c5f66ddd19bc" testListId="8c84fa94-04c1-424b-9868-57a2d4851a1d" />
    <TestEntry testId="bebeb62d-71fa-2720-42c0-f4320951d2ce" executionId="dde9e99e-cea7-47bf-aa4c-ee97d864de3d" testListId="8c84fa94-04c1-424b-9868-57a2d4851a1d" />
    <TestEntry testId="67ee2264-2350-9541-5091-2e559be75dbe" executionId="d1243c8e-7b9b-4c34-95b9-acf997e21d3c" testListId="8c84fa94-04c1-424b-9868-57a2d4851a1d" />
    <TestEntry testId="83e5fe5b-931d-f217-a151-96bc1abdc89d" executionId="b0f0a8f5-ceba-4c2a-8d95-28669f60255e" testListId="8c84fa94-04c1-424b-9868-57a2d4851a1d" />
    <TestEntry testId="8baf1177-ddd8-e709-9da7-68dded36199a" executionId="226d390d-6839-4c76-8170-45c2fec67250" testListId="8c84fa94-04c1-424b-9868-57a2d4851a1d" />
    <TestEntry testId="a6e357f5-5043-640f-dc7b-7f6d8536f9c8" executionId="59c83d42-69ca-4952-a51e-33244b196d8a" testListId="8c84fa94-04c1-424b-9868-57a2d4851a1d" />
    <TestEntry testId="57d998ab-72e0-6699-7a67-4312514fd442" executionId="e70cace7-4782-4a83-984f-ef7e9cb89a38" testListId="8c84fa94-04c1-424b-9868-57a2d4851a1d" />
    <TestEntry testId="f144e82e-b1a8-81fa-ae3f-f634d720ce68" executionId="7168d351-3353-45b3-a969-7cb4b6c36b48" testListId="8c84fa94-04c1-424b-9868-57a2d4851a1d" />
    <TestEntry testId="a463440b-2916-b6c4-8a71-e3deeca8173f" executionId="fdf7d299-1156-4536-9abe-d6761511a116" testListId="8c84fa94-04c1-424b-9868-57a2d4851a1d" />
    <TestEntry testId="77538764-96ab-d361-cc57-e43d65dc3ccd" executionId="bf01b5ce-5e24-41ff-9962-106bafc04220" testListId="8c84fa94-04c1-424b-9868-57a2d4851a1d" />
    <TestEntry testId="3ff6b5d8-f141-7a2b-08b3-b0a5923ed411" executionId="f42b8fb5-b8cb-4e42-9316-1c6f378c5b85" testListId="8c84fa94-04c1-424b-9868-57a2d4851a1d" />
    <TestEntry testId="9dc38d44-5d89-36d6-7b22-483d30b44b5f" executionId="00fb9f5a-c54b-4a98-a219-d94dd061d435" testListId="8c84fa94-04c1-424b-9868-57a2d4851a1d" />
    <TestEntry testId="df09f867-7de1-e38f-53d1-73f889393669" executionId="e1c1aaa7-85d2-461a-bf28-cdcfba9938ac" testListId="8c84fa94-04c1-424b-9868-57a2d4851a1d" />
    <TestEntry testId="7ce02435-55dc-be77-8a7d-085f35894996" executionId="e0968062-5721-469c-8cd2-b0b84e8faea7" testListId="8c84fa94-04c1-424b-9868-57a2d4851a1d" />
    <TestEntry testId="7c80c5ff-8206-70cb-2a46-eb970cd4a208" executionId="9e2c9311-b2bc-4ea5-9283-d69c45f47fd8" testListId="8c84fa94-04c1-424b-9868-57a2d4851a1d" />
    <TestEntry testId="ca54778c-c4c5-e9c4-6078-1f6eb9837f98" executionId="e501bcbc-bdc8-4a45-98cc-a9179f6776ec" testListId="8c84fa94-04c1-424b-9868-57a2d4851a1d" />
    <TestEntry testId="49c08253-b1e4-f17b-bbba-a7e45be6cbd0" executionId="a85bf7dc-e029-46b1-a302-7881917df434" testListId="8c84fa94-04c1-424b-9868-57a2d4851a1d" />
    <TestEntry testId="dae60964-6fd2-ce46-6ae5-e5c61041a0e8" executionId="8bc78cb1-d7f5-4831-8ede-d5bfda004565" testListId="8c84fa94-04c1-424b-9868-57a2d4851a1d" />
    <TestEntry testId="8005e8bb-64fd-8f7e-b8b0-c5f3354ecb07" executionId="a6026351-4ab4-4bcf-b655-e9e654e354e0" testListId="8c84fa94-04c1-424b-9868-57a2d4851a1d" />
    <TestEntry testId="d8c85228-fbef-6713-8b24-27f4eac58477" executionId="a0e3c75a-721c-4355-b42d-da99681aa153" testListId="8c84fa94-04c1-424b-9868-57a2d4851a1d" />
    <TestEntry testId="2978490b-f335-bd98-3d44-ea762b2e8674" executionId="ffa6d99f-4d4d-4473-9e46-01fbe1e463da" testListId="8c84fa94-04c1-424b-9868-57a2d4851a1d" />
    <TestEntry testId="ff572efe-33da-3147-c10c-1641937b78fe" executionId="f0a8671b-4fd2-406e-a07b-a2d51f88e5a8" testListId="8c84fa94-04c1-424b-9868-57a2d4851a1d" />
    <TestEntry testId="81128042-c745-b3dd-d6e9-cc3789c8a026" executionId="ab4d9ed2-8014-459f-abc6-a284047499fc" testListId="8c84fa94-04c1-424b-9868-57a2d4851a1d" />
    <TestEntry testId="bd4280d2-c5d6-9ce8-8082-e33833fcfdb0" executionId="aa30d6a0-bf29-4753-bca7-a81184eed33d" testListId="8c84fa94-04c1-424b-9868-57a2d4851a1d" />
    <TestEntry testId="57c51b3e-0bbc-373f-47ab-9b946ca10dfa" executionId="bd79a82e-f3f1-472e-a27b-7dbaf2a5f2c6" testListId="8c84fa94-04c1-424b-9868-57a2d4851a1d" />
    <TestEntry testId="4d525835-86fa-0619-e484-37026867a280" executionId="90c130a2-d44f-47d2-837d-ad85e6a98178" testListId="8c84fa94-04c1-424b-9868-57a2d4851a1d" />
    <TestEntry testId="8f3be891-cc07-82e3-b944-406561072d26" executionId="d6b488c7-3949-47b8-ad96-a69c10a6b89b" testListId="8c84fa94-04c1-424b-9868-57a2d4851a1d" />
    <TestEntry testId="b023ed0a-de55-261e-b76b-b001235c2a21" executionId="d3bed7e0-9f10-4dca-84a7-3f59aa4bdee5" testListId="8c84fa94-04c1-424b-9868-57a2d4851a1d" />
    <TestEntry testId="dd9fef57-cc98-7ad4-c53a-0bf4ce117b29" executionId="213a10ac-859a-4289-b82c-499156b1c9e7" testListId="8c84fa94-04c1-424b-9868-57a2d4851a1d" />
    <TestEntry testId="e9210e25-ddb7-3ad7-3147-1b0286b3f5d2" executionId="a1908e7f-89b1-40d8-bd7b-069aadcae7de" testListId="8c84fa94-04c1-424b-9868-57a2d4851a1d" />
    <TestEntry testId="a86403c6-a793-aab2-0ab7-ce467563d7d6" executionId="675f26db-fcb5-441e-b4f6-bc2d622fff36" testListId="8c84fa94-04c1-424b-9868-57a2d4851a1d" />
    <TestEntry testId="642e6019-2faa-a30d-dbaf-ea59f97e9c72" executionId="2f822395-49bf-482c-96d1-3b461ffb4ac1" testListId="8c84fa94-04c1-424b-9868-57a2d4851a1d" />
    <TestEntry testId="880da315-51a5-facb-4f5d-0ceb4daad608" executionId="01f77c49-bcad-44f8-a269-a44f237e8e13" testListId="8c84fa94-04c1-424b-9868-57a2d4851a1d" />
    <TestEntry testId="8ecade2b-3ad6-f16a-0138-df9b1b58928f" executionId="0a5d7e1a-b0d9-4617-9131-7f128cb15437" testListId="8c84fa94-04c1-424b-9868-57a2d4851a1d" />
    <TestEntry testId="6ce0ebd1-2fbb-36d1-63ea-8fff8a05554e" executionId="23ca7018-626f-4576-9b63-bda0e4888b4b" testListId="8c84fa94-04c1-424b-9868-57a2d4851a1d" />
    <TestEntry testId="9d2adb93-4837-25dd-c5fc-bdfa01122682" executionId="c3bd55a6-1946-4692-a036-bbeb2d0ad346" testListId="8c84fa94-04c1-424b-9868-57a2d4851a1d" />
    <TestEntry testId="edafcc43-4593-3e69-06bb-d94b360979cb" executionId="22d2c90a-561d-4f59-966f-b10b2838c799" testListId="8c84fa94-04c1-424b-9868-57a2d4851a1d" />
    <TestEntry testId="af78caca-a27e-9e6b-678d-4aa454a90502" executionId="c3f21b69-871d-4067-818f-96edf6e9c2b5" testListId="8c84fa94-04c1-424b-9868-57a2d4851a1d" />
    <TestEntry testId="b0add685-1c58-f35e-e4aa-57de22bf2774" executionId="a9b077cb-c583-4f74-a744-1067aaf60e48" testListId="8c84fa94-04c1-424b-9868-57a2d4851a1d" />
    <TestEntry testId="e18e3570-53c3-3508-0442-177c4a2f785b" executionId="81aa37b8-a094-4a0b-b99a-b91b961207b5" testListId="8c84fa94-04c1-424b-9868-57a2d4851a1d" />
    <TestEntry testId="95a21395-b040-7ff7-fe99-d443a657de60" executionId="fc054820-3730-4223-94c8-82ac9f7adb4a" testListId="8c84fa94-04c1-424b-9868-57a2d4851a1d" />
    <TestEntry testId="6e09ad1b-dc7a-2da6-6085-ead018e4d60b" executionId="e78cf724-5617-41ca-9a6f-a6f00a6871e2" testListId="8c84fa94-04c1-424b-9868-57a2d4851a1d" />
    <TestEntry testId="e91df096-2318-b52c-fe1f-08261834359a" executionId="30eed126-6f37-4043-ae05-c375b04a7061" testListId="8c84fa94-04c1-424b-9868-57a2d4851a1d" />
    <TestEntry testId="6b9d0101-5179-e1bc-9826-482bb244b50e" executionId="116d9a43-9306-496b-bb0a-31406bcf0fbc" testListId="8c84fa94-04c1-424b-9868-57a2d4851a1d" />
    <TestEntry testId="98a7490b-a0d5-3f84-ad1f-205206139c5a" executionId="5e0ba041-d6c2-46fc-b253-b332f2355656" testListId="8c84fa94-04c1-424b-9868-57a2d4851a1d" />
    <TestEntry testId="7a75352d-c73e-5868-4a6f-939343fd10a2" executionId="09fc47b2-ee56-4f01-9a0f-2ecdd0fefcd3" testListId="8c84fa94-04c1-424b-9868-57a2d4851a1d" />
    <TestEntry testId="96dce277-8e08-3c8a-12f9-10c2b51249cb" executionId="cd286bd7-eb2c-4f5b-9959-ad1f022a441c" testListId="8c84fa94-04c1-424b-9868-57a2d4851a1d" />
    <TestEntry testId="ffa5f9ad-66df-b9a8-3ecf-eff774a0ebee" executionId="7b51dc8b-7c93-42d5-bc40-04892f20f487" testListId="8c84fa94-04c1-424b-9868-57a2d4851a1d" />
    <TestEntry testId="cfadad16-7fef-9797-8a05-f69be03fa506" executionId="d8f4647c-f83d-4615-80b4-c618de1d412c" testListId="8c84fa94-04c1-424b-9868-57a2d4851a1d" />
    <TestEntry testId="d14ec128-bbfb-0096-f562-be494b986880" executionId="b3263cf8-b31c-4cb0-8552-4f401d8e2d16" testListId="8c84fa94-04c1-424b-9868-57a2d4851a1d" />
    <TestEntry testId="47771962-fd80-aab3-ebc0-33717839eb97" executionId="7ce0c1e0-512d-4b65-b37b-4295175f51dc" testListId="8c84fa94-04c1-424b-9868-57a2d4851a1d" />
    <TestEntry testId="537b2445-9bec-85ec-3d34-ba15ef73d25d" executionId="660c9fc0-8ced-4a3c-a47a-446324d81fa3" testListId="8c84fa94-04c1-424b-9868-57a2d4851a1d" />
    <TestEntry testId="673f3e73-dfeb-8ed6-a405-443eef7a608a" executionId="fc4b6d54-9b7c-41c4-8263-cdba4385304f" testListId="8c84fa94-04c1-424b-9868-57a2d4851a1d" />
    <TestEntry testId="73c84d82-bb7d-01f8-8894-e9f1d48f8356" executionId="0986b059-4399-4d19-a0fb-27c93b79b872" testListId="8c84fa94-04c1-424b-9868-57a2d4851a1d" />
    <TestEntry testId="eafedef4-77b0-0ba7-44ca-5ee1ec158773" executionId="e3368dcb-e084-4a14-baad-4a6e8174e209" testListId="8c84fa94-04c1-424b-9868-57a2d4851a1d" />
    <TestEntry testId="8338d7c2-18e7-4534-499f-88d705208b50" executionId="325af0ad-e474-4493-8803-b38f6bf189af" testListId="8c84fa94-04c1-424b-9868-57a2d4851a1d" />
    <TestEntry testId="ee325437-e5fe-a792-f60f-ba53523f3b7b" executionId="5d807208-ac89-4f17-92fc-c69f9222aa93" testListId="8c84fa94-04c1-424b-9868-57a2d4851a1d" />
    <TestEntry testId="795c0b9d-f299-8ffa-d2ce-4bce515e128c" executionId="9d3c425d-d2d9-4b94-8d26-2b81e5c09838" testListId="8c84fa94-04c1-424b-9868-57a2d4851a1d" />
    <TestEntry testId="7863e25b-2679-2198-6c24-80dcdc161cf9" executionId="fee37167-95ea-4d74-b727-3087c891da48" testListId="8c84fa94-04c1-424b-9868-57a2d4851a1d" />
    <TestEntry testId="31ae9737-3293-daff-e7b1-357b7daf0b9b" executionId="c7655d1e-87d6-4e2d-a434-9feda4976631" testListId="8c84fa94-04c1-424b-9868-57a2d4851a1d" />
    <TestEntry testId="5ff1d928-fddf-7f17-ef34-f8a1593f2a8d" executionId="6804ef4b-b530-4c69-b9d1-bdf81aec5bc4" testListId="8c84fa94-04c1-424b-9868-57a2d4851a1d" />
    <TestEntry testId="6fee5694-49d5-a68c-4692-637882795255" executionId="6c0a4fdd-158e-44db-a98e-95ba5f409ab4" testListId="8c84fa94-04c1-424b-9868-57a2d4851a1d" />
    <TestEntry testId="03c0368b-e341-b507-4b7e-610a5973bcc4" executionId="6788e2b5-3fca-471f-ab56-aa13f7483631" testListId="8c84fa94-04c1-424b-9868-57a2d4851a1d" />
    <TestEntry testId="c179356e-fb95-bde9-7e42-099773116f5f" executionId="3ed91846-07d3-4b3f-9fe2-5e93e916d39f" testListId="8c84fa94-04c1-424b-9868-57a2d4851a1d" />
    <TestEntry testId="2c6723b1-fdb4-937b-160d-3f3a2b624a13" executionId="34aed07b-daef-4d49-8d76-3b10c76acb6b" testListId="8c84fa94-04c1-424b-9868-57a2d4851a1d" />
    <TestEntry testId="500812c7-2caf-0961-5585-75ab839884c8" executionId="3e89618d-ec3c-4a18-b174-093b612ddb2b" testListId="8c84fa94-04c1-424b-9868-57a2d4851a1d" />
    <TestEntry testId="007b902b-e17d-c451-d588-1b1be6581913" executionId="2aa65805-206f-4208-87c4-db4f63d3bc87" testListId="8c84fa94-04c1-424b-9868-57a2d4851a1d" />
    <TestEntry testId="9a0fb96e-e4fc-b2c2-ba48-82a57235f1f3" executionId="827b7a1b-1ca6-4cce-9b0e-0a2e5a4c191c" testListId="8c84fa94-04c1-424b-9868-57a2d4851a1d" />
    <TestEntry testId="bc03d8ec-092f-15f4-b2b5-81687d93c9f8" executionId="25f4c792-86f6-4987-aa7c-de3d04e662d2" testListId="8c84fa94-04c1-424b-9868-57a2d4851a1d" />
    <TestEntry testId="1522f9c5-5447-f8a7-7916-026ac691e6f0" executionId="736eb9df-4cf0-42dd-b01b-334aee2d33bf" testListId="8c84fa94-04c1-424b-9868-57a2d4851a1d" />
    <TestEntry testId="d4781dc2-7c6c-059d-3535-c27ddbecee56" executionId="06c03aa1-43a3-45c2-bfa7-a73505b97c4f" testListId="8c84fa94-04c1-424b-9868-57a2d4851a1d" />
    <TestEntry testId="30021480-71a7-de84-e2a2-5d33b74ca139" executionId="5ba30972-b2d4-4cfa-b77e-ab4959a8316b" testListId="8c84fa94-04c1-424b-9868-57a2d4851a1d" />
    <TestEntry testId="5803be46-e356-847f-cccc-58e283b812ae" executionId="0be1355e-031e-4f23-8cce-4f7e1527f20a" testListId="8c84fa94-04c1-424b-9868-57a2d4851a1d" />
    <TestEntry testId="95bdcbe4-e420-deb8-8439-dbd680e08a25" executionId="24656c3e-a979-4085-93e2-14da5a989611" testListId="8c84fa94-04c1-424b-9868-57a2d4851a1d" />
    <TestEntry testId="0fed5cd0-f477-3126-e159-48e4c927506e" executionId="537782c7-01cc-4e04-9eed-3f6579ac6ef9" testListId="8c84fa94-04c1-424b-9868-57a2d4851a1d" />
    <TestEntry testId="ceb42b69-4329-8c68-9d19-b6fb1b9c3ef1" executionId="89b56fa2-d872-4945-bf80-74960f8dba48" testListId="8c84fa94-04c1-424b-9868-57a2d4851a1d" />
    <TestEntry testId="b734b426-c8b0-ef6c-467b-1212971e7759" executionId="c5ec4f1f-95da-427a-8163-a40b8ac83974" testListId="8c84fa94-04c1-424b-9868-57a2d4851a1d" />
    <TestEntry testId="31b9ac86-ff3a-2d5f-32cb-aba7e18815ce" executionId="f629a701-423d-4772-9266-26c047c0967a" testListId="8c84fa94-04c1-424b-9868-57a2d4851a1d" />
    <TestEntry testId="22f57bdb-c5ee-b53f-99a9-02334618ffe6" executionId="1822b4cf-0fe4-4155-8ae7-ea17f1007286" testListId="8c84fa94-04c1-424b-9868-57a2d4851a1d" />
    <TestEntry testId="7693c0df-b71c-2c4d-9039-a2e154577900" executionId="730b6a94-b7bd-4f2a-be2b-b94c850d6833" testListId="8c84fa94-04c1-424b-9868-57a2d4851a1d" />
    <TestEntry testId="0af4332b-024f-1289-6f42-007e21f2be10" executionId="dae79718-ad79-4982-8a1e-9ecc57b37203" testListId="8c84fa94-04c1-424b-9868-57a2d4851a1d" />
    <TestEntry testId="cd13bfee-f8b4-3d5e-a0f6-00049079c32f" executionId="b2c7fb97-2563-49c9-9711-31614fe5639d" testListId="8c84fa94-04c1-424b-9868-57a2d4851a1d" />
    <TestEntry testId="0df0cb69-797b-9ae4-83ed-e8c0cce4f5b0" executionId="7c6952e5-9966-4dd2-b876-7679ad7c9e91" testListId="8c84fa94-04c1-424b-9868-57a2d4851a1d" />
    <TestEntry testId="c16412a0-c100-f8dd-8f2b-f63db635bf73" executionId="382aa9ca-824f-457c-a493-df230930d7fa" testListId="8c84fa94-04c1-424b-9868-57a2d4851a1d" />
    <TestEntry testId="7480cb9c-3d2a-334b-c8f7-266fc8075bc0" executionId="8aa6c9ff-2892-4240-bc99-1b30bc31fbe3" testListId="8c84fa94-04c1-424b-9868-57a2d4851a1d" />
    <TestEntry testId="35b5794f-dc92-a851-4d12-94da292a02d3" executionId="98d8e26d-fec6-4c81-934e-47eea5e675e3" testListId="8c84fa94-04c1-424b-9868-57a2d4851a1d" />
    <TestEntry testId="0f9a112c-49fc-58b4-a426-aaecb19145b0" executionId="708ad2bd-30d0-4162-8ddc-b17f3620122d" testListId="8c84fa94-04c1-424b-9868-57a2d4851a1d" />
    <TestEntry testId="0abf48ed-aa70-1dda-b2cb-ff714665e116" executionId="4d78f337-b200-40d5-abfc-87c4b13d2555" testListId="8c84fa94-04c1-424b-9868-57a2d4851a1d" />
    <TestEntry testId="3b017c71-375f-442c-f7b3-12802f145c64" executionId="41e4218b-88b7-4c7e-b61d-a078aa3d11da" testListId="8c84fa94-04c1-424b-9868-57a2d4851a1d" />
    <TestEntry testId="e0ca0f50-e0fe-3af6-65f6-228d57aa9d13" executionId="081db586-9e46-4827-96eb-6f33ac4d57e0" testListId="8c84fa94-04c1-424b-9868-57a2d4851a1d" />
    <TestEntry testId="122455fe-79f5-1209-2010-58a75f33896d" executionId="1660c9a5-1391-40a9-a52f-896de477db0e" testListId="8c84fa94-04c1-424b-9868-57a2d4851a1d" />
    <TestEntry testId="1a438984-8e5e-2cb0-c251-969595afcd3b" executionId="0df9dfff-8184-4863-adee-ef09900db4d7" testListId="8c84fa94-04c1-424b-9868-57a2d4851a1d" />
    <TestEntry testId="d2b63634-b2a8-712b-6997-a00fbcbd57df" executionId="02363ce1-634e-4a83-a6dc-f75902044a8f" testListId="8c84fa94-04c1-424b-9868-57a2d4851a1d" />
    <TestEntry testId="a7073313-f063-a674-8d00-3ff21318e1ce" executionId="e77df0cd-6e84-40cb-9e21-668233e5db4f" testListId="8c84fa94-04c1-424b-9868-57a2d4851a1d" />
    <TestEntry testId="73ba8d8b-63f0-7559-fdd9-22c8ccb33146" executionId="8499a461-ce37-47f3-aa90-09856c4cac16" testListId="8c84fa94-04c1-424b-9868-57a2d4851a1d" />
    <TestEntry testId="79975695-e433-2a9b-026b-7999a642c311" executionId="f7ff0c01-fca7-48df-8c91-ef1ac3668748" testListId="8c84fa94-04c1-424b-9868-57a2d4851a1d" />
    <TestEntry testId="311fde88-c34a-c749-87ef-d691bdbb01e5" executionId="943530c6-53da-4b00-baea-ac1714c23d3b" testListId="8c84fa94-04c1-424b-9868-57a2d4851a1d" />
    <TestEntry testId="14375da6-0c80-56ea-8d0d-fd5af8584025" executionId="e1e4fae0-8b6c-485b-886f-bee688ce9917" testListId="8c84fa94-04c1-424b-9868-57a2d4851a1d" />
    <TestEntry testId="62c0f445-e4f5-0b37-109b-e9362caf5a8c" executionId="70dcce42-811e-4abe-bb47-06544ca07f85" testListId="8c84fa94-04c1-424b-9868-57a2d4851a1d" />
    <TestEntry testId="0d83c1ac-5a73-d746-bd8b-9b4e86108c9b" executionId="50aa289a-1e4b-4c27-90c7-b6e384321c5a" testListId="8c84fa94-04c1-424b-9868-57a2d4851a1d" />
    <TestEntry testId="06bd11df-bf70-d0e2-a507-7181600bcc81" executionId="8c4d4b51-23b7-4642-a0ff-0322f3a00315" testListId="8c84fa94-04c1-424b-9868-57a2d4851a1d" />
    <TestEntry testId="86b5c5b9-f5c0-2dad-738f-2d685bd44644" executionId="a45733c4-b5dc-40d3-a5af-e70a9b3eb922" testListId="8c84fa94-04c1-424b-9868-57a2d4851a1d" />
    <TestEntry testId="866f7855-bb2c-7de3-0df1-014de8905cab" executionId="d6286bb5-e0e0-4d7b-899e-f370fab8ef5c" testListId="8c84fa94-04c1-424b-9868-57a2d4851a1d" />
    <TestEntry testId="0ae53827-c728-1e97-29dd-bbdf893d6166" executionId="abbceb24-53b8-4569-8acc-78a4374f3ebd" testListId="8c84fa94-04c1-424b-9868-57a2d4851a1d" />
    <TestEntry testId="f1e0caf2-26c1-7e52-0baf-d74ce88aa74e" executionId="df9c5f7c-a198-42b8-b427-fc97692e9bd9" testListId="8c84fa94-04c1-424b-9868-57a2d4851a1d" />
    <TestEntry testId="daf95640-1ecb-1c8c-09bc-d8c8490777c1" executionId="3d9f4a70-69d1-437c-980d-aebe8e871ccc" testListId="8c84fa94-04c1-424b-9868-57a2d4851a1d" />
    <TestEntry testId="1346e005-ae3a-56c9-a07e-e25c215c66a3" executionId="e3d8164e-3a29-4a4c-97a0-ea1813962035" testListId="8c84fa94-04c1-424b-9868-57a2d4851a1d" />
    <TestEntry testId="f948b06a-352e-85e9-1354-e9aec0364e60" executionId="519f782a-4c05-4190-97f3-971ce100a80a" testListId="8c84fa94-04c1-424b-9868-57a2d4851a1d" />
    <TestEntry testId="2ee134e1-115d-c1eb-9935-4d228f8143e5" executionId="895972c5-27ce-4db8-90c5-d0827d7b44bc" testListId="8c84fa94-04c1-424b-9868-57a2d4851a1d" />
    <TestEntry testId="3dd17c2d-4aaa-fdf7-41d3-a00ff3aff086" executionId="4443a45a-61ad-49e5-a334-c914ffdadae7" testListId="8c84fa94-04c1-424b-9868-57a2d4851a1d" />
    <TestEntry testId="8029d216-4010-3441-1bae-329046b8b3a9" executionId="61423373-74b9-424e-b70a-f0b9d43097d0" testListId="8c84fa94-04c1-424b-9868-57a2d4851a1d" />
    <TestEntry testId="45f53e24-e644-c161-a854-8f98e8cdbf61" executionId="964ffe4e-806c-4337-b6a8-9fca815265a0" testListId="8c84fa94-04c1-424b-9868-57a2d4851a1d" />
    <TestEntry testId="b15c0dd5-d448-b8b2-12b9-2297f983e50d" executionId="7369063f-7ab2-44ba-bd06-0543fdfc3fc2" testListId="8c84fa94-04c1-424b-9868-57a2d4851a1d" />
    <TestEntry testId="43ebd83e-9e77-e80a-e383-3f96bfb58151" executionId="ba7bc306-2916-4fd1-99a8-c3483fbb6cc0" testListId="8c84fa94-04c1-424b-9868-57a2d4851a1d" />
    <TestEntry testId="c0fbebe8-662e-1768-fb63-e3fa6064e5a1" executionId="cffe33a4-6cef-4d55-9701-ac1acc78974e" testListId="8c84fa94-04c1-424b-9868-57a2d4851a1d" />
    <TestEntry testId="bdb27dac-eff0-8887-ff55-d405cca80355" executionId="23c0bddb-c322-4d62-900f-b12180b554aa" testListId="8c84fa94-04c1-424b-9868-57a2d4851a1d" />
    <TestEntry testId="7cef2a09-ed80-a76c-b595-1833aff59ca7" executionId="196ae8bc-9963-4fc0-bf96-439aec652777" testListId="8c84fa94-04c1-424b-9868-57a2d4851a1d" />
    <TestEntry testId="4b45c6e7-7f37-b930-8977-ed2b5f3bab07" executionId="2b561ac6-5e98-4ec5-86f0-e679b9d7e5d3" testListId="8c84fa94-04c1-424b-9868-57a2d4851a1d" />
    <TestEntry testId="443c2399-34e1-f6f5-cccc-278f0b0d999a" executionId="d6badcf8-3acc-4a42-a797-1e9ed647c9a9" testListId="8c84fa94-04c1-424b-9868-57a2d4851a1d" />
    <TestEntry testId="dfb5cf56-cecf-f905-a0de-98205eae9749" executionId="7b069793-4334-4ca0-8712-59186d6c5a39" testListId="8c84fa94-04c1-424b-9868-57a2d4851a1d" />
    <TestEntry testId="a2a3a958-6508-e929-6708-500cc4e3cc3a" executionId="0d8fbf89-03ff-47a0-aa39-714f4c736313" testListId="8c84fa94-04c1-424b-9868-57a2d4851a1d" />
    <TestEntry testId="cb217fc0-412f-9e5e-8b31-b39324af2ee8" executionId="c80760c2-a887-49be-a569-56277b8a0437" testListId="8c84fa94-04c1-424b-9868-57a2d4851a1d" />
    <TestEntry testId="a43f900e-4fec-3e1d-f2a5-059d8a29dd3c" executionId="635a913a-e6d6-4589-ad2f-278d85ecbf8c" testListId="8c84fa94-04c1-424b-9868-57a2d4851a1d" />
    <TestEntry testId="d72e9a2a-9534-badd-5a74-22ef698e678e" executionId="1f87c014-efae-4094-9b65-0e413604edda" testListId="8c84fa94-04c1-424b-9868-57a2d4851a1d" />
    <TestEntry testId="62ccd416-325f-fc18-4621-c0f70b480ec4" executionId="e72b2e95-8173-4c77-8f48-f5fb669155e4" testListId="8c84fa94-04c1-424b-9868-57a2d4851a1d" />
    <TestEntry testId="eef2616b-2ca4-c350-22c0-5b72ecd848dd" executionId="c983595a-8d82-408e-a67b-fa7439b47b7c" testListId="8c84fa94-04c1-424b-9868-57a2d4851a1d" />
    <TestEntry testId="b475e3ab-bcbc-5954-7660-9f7524c4b9d5" executionId="a3841bbf-b9a0-49cc-ac00-6bf09ce9a943" testListId="8c84fa94-04c1-424b-9868-57a2d4851a1d" />
    <TestEntry testId="5ea77848-9cab-6829-7cc9-030d32485ccd" executionId="b8172e4f-b51b-4bf6-b07a-4fcdbfb32153" testListId="8c84fa94-04c1-424b-9868-57a2d4851a1d" />
    <TestEntry testId="faa83ec7-f24a-086a-e966-e8c82cf7330a" executionId="e4bf15f3-883e-4369-8e9b-cf2fb670d7c2" testListId="8c84fa94-04c1-424b-9868-57a2d4851a1d" />
    <TestEntry testId="74bce2b8-452d-5f85-d604-2ca1701607c3" executionId="e1fc0614-7bd2-4513-80bd-72bcf1004aed" testListId="8c84fa94-04c1-424b-9868-57a2d4851a1d" />
    <TestEntry testId="e00876fb-cb05-16ea-34dd-7b76a35afbc9" executionId="79b91dcc-ae3c-47af-9122-959463fea5f1" testListId="8c84fa94-04c1-424b-9868-57a2d4851a1d" />
    <TestEntry testId="f5dc02d2-c831-9a51-1ebc-8f8a343ea344" executionId="fe4a3a33-b0cb-45a0-99c5-6fff5fbea5d7" testListId="8c84fa94-04c1-424b-9868-57a2d4851a1d" />
    <TestEntry testId="29952541-0072-8c3b-e8db-a524fa1509da" executionId="a6e863ad-0096-4e8b-8df9-72ece0e87b3e" testListId="8c84fa94-04c1-424b-9868-57a2d4851a1d" />
    <TestEntry testId="d2403e41-fe85-53e9-35b9-5ba516826082" executionId="35898b8a-1195-49fb-ac7d-324556a1ee2f" testListId="8c84fa94-04c1-424b-9868-57a2d4851a1d" />
    <TestEntry testId="dcdbbe69-ab49-7246-fc1b-b94cfe92e639" executionId="40437b91-7bff-4409-80cd-b0c8199a98b0" testListId="8c84fa94-04c1-424b-9868-57a2d4851a1d" />
    <TestEntry testId="c5b82386-ac03-bc8b-608e-5bd976068876" executionId="38adae2b-caa0-4e29-b212-a24f24f5e992" testListId="8c84fa94-04c1-424b-9868-57a2d4851a1d" />
    <TestEntry testId="fb9b6cec-ea3c-18e4-a458-d89d0dfaac9b" executionId="59fb9b7b-cadb-40de-9732-664c19cb916e" testListId="8c84fa94-04c1-424b-9868-57a2d4851a1d" />
    <TestEntry testId="7e58be8f-9941-69cb-e59f-eb5323ed9f2d" executionId="76196dc6-bdac-4b67-8750-5d75a99c2bfb" testListId="8c84fa94-04c1-424b-9868-57a2d4851a1d" />
    <TestEntry testId="2690c66e-1a17-c167-c5a2-9a34963b7540" executionId="d8944b80-1117-4a8b-82a9-403362ff3f08" testListId="8c84fa94-04c1-424b-9868-57a2d4851a1d" />
    <TestEntry testId="fcfc9cad-5753-f6cc-59a6-f568d4caf2fd" executionId="1450b759-f277-4896-a408-d17bfb95c4d3" testListId="8c84fa94-04c1-424b-9868-57a2d4851a1d" />
    <TestEntry testId="3a324bfc-234e-c9df-2934-23de7ff42e44" executionId="67d93f7b-8e87-4bcf-ac16-04351b299790" testListId="8c84fa94-04c1-424b-9868-57a2d4851a1d" />
    <TestEntry testId="135e5704-6a7d-41be-b6f0-09a10aa88b3e" executionId="61c533ed-2daf-4642-b238-237a3a4a0f99" testListId="8c84fa94-04c1-424b-9868-57a2d4851a1d" />
    <TestEntry testId="a7e344e1-2528-5469-f149-8c729b6a9d91" executionId="43bd00c7-7a12-4f22-8818-f7066b5d3a4f" testListId="8c84fa94-04c1-424b-9868-57a2d4851a1d" />
    <TestEntry testId="40053e00-4502-6843-1f1d-ac2a3e574fe1" executionId="436a3270-8db1-4b45-85bd-e7dd02a6ff27" testListId="8c84fa94-04c1-424b-9868-57a2d4851a1d" />
    <TestEntry testId="f959810f-2600-c7c3-3e3a-8928298ba128" executionId="9550717e-4fd5-4e21-be56-5e2628ecd1fe" testListId="8c84fa94-04c1-424b-9868-57a2d4851a1d" />
    <TestEntry testId="16cbfe5e-7bb9-3462-1447-f565ffc95fc8" executionId="30ad60e8-fd92-4bd9-a61c-99ce7670ba90" testListId="8c84fa94-04c1-424b-9868-57a2d4851a1d" />
    <TestEntry testId="c0f25cd3-6ed3-eae8-438d-18b69791b31c" executionId="45c20225-c313-4678-8895-a396128df69e" testListId="8c84fa94-04c1-424b-9868-57a2d4851a1d" />
    <TestEntry testId="b380b0ee-9aa4-cd9d-29ce-2b0885fdf47b" executionId="a6a03baa-ef1c-48fd-99df-54a7074b7970" testListId="8c84fa94-04c1-424b-9868-57a2d4851a1d" />
    <TestEntry testId="3ab16e75-8a5c-b09f-3b52-52df61cf6c95" executionId="1c0a83c3-2bfd-4202-a9d5-a5ef01309347" testListId="8c84fa94-04c1-424b-9868-57a2d4851a1d" />
    <TestEntry testId="9338997c-d9a9-672b-42cd-fbb543d1c72e" executionId="923deba9-01d6-4f6d-bf3c-2e83080c7d70" testListId="8c84fa94-04c1-424b-9868-57a2d4851a1d" />
    <TestEntry testId="8a331f63-bf32-57ca-e19f-2c5fb3b70109" executionId="abe678cc-f3e0-48f9-b015-9fedae4b43d7" testListId="8c84fa94-04c1-424b-9868-57a2d4851a1d" />
    <TestEntry testId="a29ab1db-8305-8d4c-4b34-cf235b407b90" executionId="24991cea-caf9-4d19-a244-13fb98a5782f" testListId="8c84fa94-04c1-424b-9868-57a2d4851a1d" />
    <TestEntry testId="c182b392-9fcc-95a2-7938-cd3b2c46ad54" executionId="2f4d3734-cc42-40b0-bd3b-525b3622ca86" testListId="8c84fa94-04c1-424b-9868-57a2d4851a1d" />
    <TestEntry testId="5e9a784a-512a-9e3c-4365-749c6efbd67e" executionId="6ebd8659-fb99-4875-b690-d2cfaad79a67" testListId="8c84fa94-04c1-424b-9868-57a2d4851a1d" />
    <TestEntry testId="0d6c642a-81af-572a-f3ab-8e4b1d302c6a" executionId="1f477428-5b6c-4320-837a-9021c6ed8571" testListId="8c84fa94-04c1-424b-9868-57a2d4851a1d" />
    <TestEntry testId="2a44ed0f-e637-248d-7f45-7c53931a1bbe" executionId="6052abd6-af76-4322-8db3-991f1e8051eb" testListId="8c84fa94-04c1-424b-9868-57a2d4851a1d" />
    <TestEntry testId="efa5f5d5-e246-d31e-90ae-ee25a83e9147" executionId="447f26f5-3918-42f6-bc3d-50280a6ddb62" testListId="8c84fa94-04c1-424b-9868-57a2d4851a1d" />
    <TestEntry testId="17ba5638-6ea6-b4d6-f1bc-1949b3768658" executionId="a5affe2c-6838-4465-8922-7c84c019bd3d" testListId="8c84fa94-04c1-424b-9868-57a2d4851a1d" />
    <TestEntry testId="c1d7928e-75c0-4c88-3fea-e132fd775b5e" executionId="36208a9b-bc05-42db-8cd3-e3e5c5cafc44" testListId="8c84fa94-04c1-424b-9868-57a2d4851a1d" />
    <TestEntry testId="90f79a7f-93e8-4862-4be1-6691fb292404" executionId="ffdb3c4b-372d-4c5e-8c11-814c418ce1b4" testListId="8c84fa94-04c1-424b-9868-57a2d4851a1d" />
    <TestEntry testId="c6aa84d9-56b3-333b-31b6-309528e6353e" executionId="5ec8362a-5a3d-4cec-a55f-8aafcccb7700" testListId="8c84fa94-04c1-424b-9868-57a2d4851a1d" />
    <TestEntry testId="55d96512-5a91-19ab-11b5-5b61e2c70e29" executionId="b5277d3d-3cc5-4556-bea3-65de33515477" testListId="8c84fa94-04c1-424b-9868-57a2d4851a1d" />
    <TestEntry testId="3e97705f-0ff9-64fe-c5d8-6844deb02dbb" executionId="05255e03-75fc-4f04-a00c-38e331a6761b" testListId="8c84fa94-04c1-424b-9868-57a2d4851a1d" />
    <TestEntry testId="9e1c156c-7717-458a-15e2-7e227d19e93b" executionId="50d34ad2-b72c-46ec-8b73-650eb823fb5e" testListId="8c84fa94-04c1-424b-9868-57a2d4851a1d" />
    <TestEntry testId="3682e780-aa17-fe02-e0c3-3a38eee876d9" executionId="344273b7-acb2-44f7-a741-ffc59f479483" testListId="8c84fa94-04c1-424b-9868-57a2d4851a1d" />
    <TestEntry testId="1fc3baec-2132-0d3b-0fbb-cac33cb1b4b4" executionId="356a6fed-69a3-4343-a24c-278bf34db7b0" testListId="8c84fa94-04c1-424b-9868-57a2d4851a1d" />
    <TestEntry testId="8b541578-adaa-009d-fcd7-342c1711308d" executionId="90f8e4c9-f0c4-4ea2-92ea-381af0996606" testListId="8c84fa94-04c1-424b-9868-57a2d4851a1d" />
    <TestEntry testId="6816708f-fdf2-3222-9491-91819f8c817b" executionId="00acb362-623c-4f07-84e3-a382c8f6dc71" testListId="8c84fa94-04c1-424b-9868-57a2d4851a1d" />
    <TestEntry testId="a159b604-532f-6996-d93d-757652430688" executionId="62dc0642-189f-41b2-bc62-111060c3fd26" testListId="8c84fa94-04c1-424b-9868-57a2d4851a1d" />
    <TestEntry testId="10efcc4c-555d-12e7-645e-f8f3c9a79e16" executionId="96b5fc6d-7f9c-4d44-9f8c-23f2b8f1554d" testListId="8c84fa94-04c1-424b-9868-57a2d4851a1d" />
    <TestEntry testId="ecf00477-94a3-5251-4140-6240ac1b0b60" executionId="f3ba334c-fe2b-4caf-a913-c96964579bdb" testListId="8c84fa94-04c1-424b-9868-57a2d4851a1d" />
    <TestEntry testId="8647f015-786e-4211-7702-95ed8f5c87dc" executionId="6f412937-5ea9-4ef3-8531-1320aebf75d2" testListId="8c84fa94-04c1-424b-9868-57a2d4851a1d" />
    <TestEntry testId="929085e5-a3c9-9121-b306-acebdc919f57" executionId="ddc82975-6db4-4175-a2c2-c78d5c0b1995" testListId="8c84fa94-04c1-424b-9868-57a2d4851a1d" />
    <TestEntry testId="bcf60051-ecc6-b8b5-1879-3df57ae16566" executionId="2c7c3dd3-5c1c-46c8-8661-93a4105cd4e4" testListId="8c84fa94-04c1-424b-9868-57a2d4851a1d" />
    <TestEntry testId="aad7f35a-646d-e848-06d9-3817cba16168" executionId="81b8b76c-e351-461a-aacd-903aa1e2c674" testListId="8c84fa94-04c1-424b-9868-57a2d4851a1d" />
    <TestEntry testId="e5f806d4-832f-52ef-8b31-b0825a471642" executionId="61945b7d-81d0-489f-b761-d20c8fe3d6e9" testListId="8c84fa94-04c1-424b-9868-57a2d4851a1d" />
    <TestEntry testId="98080849-b9da-3c6c-854e-942231adfd8f" executionId="8ba52ba8-534d-4840-8ed0-779df1761827" testListId="8c84fa94-04c1-424b-9868-57a2d4851a1d" />
    <TestEntry testId="a721bda0-d060-fd7b-5877-e579358eb55b" executionId="97d133d4-40a4-4fc9-99d9-0ce539c0b7f5" testListId="8c84fa94-04c1-424b-9868-57a2d4851a1d" />
    <TestEntry testId="b6df7e61-5cd3-7534-d237-3d944ef5fa3d" executionId="b5d1c22e-9503-442f-91e6-d6ab74afad55" testListId="8c84fa94-04c1-424b-9868-57a2d4851a1d" />
    <TestEntry testId="c6bb27a1-5619-6a1e-cb9a-a062fa5050e7" executionId="ca66e4a1-c3a9-4e25-8c93-1f15031cdc5d" testListId="8c84fa94-04c1-424b-9868-57a2d4851a1d" />
    <TestEntry testId="c4ff8731-9813-5df7-e5dd-207c7cca1b16" executionId="4f177793-b213-4a04-b672-e67ed8e1661a" testListId="8c84fa94-04c1-424b-9868-57a2d4851a1d" />
    <TestEntry testId="046c17a3-2693-b379-a8a6-25e6537747cf" executionId="ce8533f3-1292-4cd0-89d3-7497e1c2b8ae" testListId="8c84fa94-04c1-424b-9868-57a2d4851a1d" />
    <TestEntry testId="acb150f5-b42c-e1e1-4437-dd62b031592b" executionId="60bb2cb7-fb4e-4317-bb44-7e9f9dc8cf35" testListId="8c84fa94-04c1-424b-9868-57a2d4851a1d" />
    <TestEntry testId="e9e0e7d6-a421-cf24-61f6-b52746752039" executionId="88646c5c-70d8-4cd4-8a4a-29ff93bc7c09" testListId="8c84fa94-04c1-424b-9868-57a2d4851a1d" />
    <TestEntry testId="31d5d148-0cd6-8d1e-0567-f1c07ae35162" executionId="46a7b3c8-05af-4000-b3b8-86da5eb5a88f" testListId="8c84fa94-04c1-424b-9868-57a2d4851a1d" />
    <TestEntry testId="6754b662-82b1-e1e8-5fb7-5034b721677b" executionId="c15b6b41-9ff1-42d1-8a73-24462867288a" testListId="8c84fa94-04c1-424b-9868-57a2d4851a1d" />
    <TestEntry testId="9dcc893b-d6ef-d5e3-81ca-720cad492687" executionId="c5a245b0-d70a-4633-b8b2-55cf5916f93c" testListId="8c84fa94-04c1-424b-9868-57a2d4851a1d" />
    <TestEntry testId="14586c69-09d9-7b16-15c8-c6b5e4ea64f4" executionId="44c963b6-d47f-46ad-ada4-7633e7c03a3a" testListId="8c84fa94-04c1-424b-9868-57a2d4851a1d" />
    <TestEntry testId="4a1a2788-2d06-5b60-601c-3b966d1658c3" executionId="b462813c-75e8-4d80-adaf-a91921705fbc" testListId="8c84fa94-04c1-424b-9868-57a2d4851a1d" />
    <TestEntry testId="46662b5d-bee1-3465-212d-6cf5f23d5fcf" executionId="f30f9944-fc9a-4402-90be-1ac27b9324ab" testListId="8c84fa94-04c1-424b-9868-57a2d4851a1d" />
    <TestEntry testId="4ded814a-816b-915a-dcce-433d1dc05ab0" executionId="f41d1940-3c2b-44b9-a6e4-e28af449a3d7" testListId="8c84fa94-04c1-424b-9868-57a2d4851a1d" />
    <TestEntry testId="d267b36b-f7e7-25e9-6fde-c14a7c8d614c" executionId="8a7d81df-3999-4084-a95b-fd33db28fb5d" testListId="8c84fa94-04c1-424b-9868-57a2d4851a1d" />
    <TestEntry testId="0fc44201-8e69-82b3-88da-4213b7a1319c" executionId="a7785ce0-38b3-496b-bd9b-5ff729c53002" testListId="8c84fa94-04c1-424b-9868-57a2d4851a1d" />
    <TestEntry testId="a82486f4-91e1-c778-be1c-6489525080cf" executionId="69877de1-4a1c-4976-8ef4-0ff65db6b13b" testListId="8c84fa94-04c1-424b-9868-57a2d4851a1d" />
    <TestEntry testId="f4a81b1f-d65d-e48b-b006-18eab3f2b023" executionId="5497fd65-dc5f-4302-8e21-8e638f73c683" testListId="8c84fa94-04c1-424b-9868-57a2d4851a1d" />
    <TestEntry testId="110c5f83-752f-57c6-1e06-5ba87b7d2a16" executionId="4930aaf4-20cb-4a64-a7b0-a93f5be842e0" testListId="8c84fa94-04c1-424b-9868-57a2d4851a1d" />
    <TestEntry testId="43001655-6df0-fd55-49b4-09a30b307ee3" executionId="67f5507a-b280-404b-8aaa-f8f59782ad21" testListId="8c84fa94-04c1-424b-9868-57a2d4851a1d" />
    <TestEntry testId="4a1a72a9-3748-b54f-9812-2fd52873801b" executionId="6b46b059-b44e-4336-a7d3-8e57b6f2164c" testListId="8c84fa94-04c1-424b-9868-57a2d4851a1d" />
    <TestEntry testId="2efbf2d6-dad1-cfe2-2063-c228f2b12aef" executionId="276c32e5-0da6-4371-bed0-a78c1df03ba7" testListId="8c84fa94-04c1-424b-9868-57a2d4851a1d" />
    <TestEntry testId="61320e3d-b3bf-23f6-1c7c-0aea9f2fda01" executionId="a9454e64-2727-4c52-af17-14f18edc6ce4" testListId="8c84fa94-04c1-424b-9868-57a2d4851a1d" />
    <TestEntry testId="c6c12d45-27fb-4bdb-9c70-a3598bb5e949" executionId="14b17382-c42b-494b-a507-2563ca879a41" testListId="8c84fa94-04c1-424b-9868-57a2d4851a1d" />
    <TestEntry testId="dc781f78-aa42-d9b1-8797-d2b3767e846c" executionId="78f39c6e-84f3-4e39-8d3e-4fcfb5ef6539" testListId="8c84fa94-04c1-424b-9868-57a2d4851a1d" />
    <TestEntry testId="9bd97529-6ca2-0a88-ecb8-dfa8925597ef" executionId="d3036af0-2fd7-43db-bc5a-c7af24a8d196" testListId="8c84fa94-04c1-424b-9868-57a2d4851a1d" />
    <TestEntry testId="e36d83f9-6b5d-9305-3ea9-821cb3744fa4" executionId="c2ceb585-e452-453d-8693-826fa89afde4" testListId="8c84fa94-04c1-424b-9868-57a2d4851a1d" />
    <TestEntry testId="4e54cb2c-d65b-9738-63c7-b5798acdd38c" executionId="bb2edb07-980d-407f-86cf-574650b32db2" testListId="8c84fa94-04c1-424b-9868-57a2d4851a1d" />
    <TestEntry testId="2fac8697-42a0-e62c-c584-1a27c1834f8e" executionId="d11310da-bdad-499f-b9e8-a2b22fc81ded" testListId="8c84fa94-04c1-424b-9868-57a2d4851a1d" />
    <TestEntry testId="14084b93-5aba-08b1-aca1-53c6d97f4819" executionId="26d79893-4938-4a57-a9ee-1d32639353fc" testListId="8c84fa94-04c1-424b-9868-57a2d4851a1d" />
    <TestEntry testId="ca24c09d-a214-cd57-9506-eb63722a25cc" executionId="b5bb4812-05b1-4acc-8d89-5076554e8cd0" testListId="8c84fa94-04c1-424b-9868-57a2d4851a1d" />
    <TestEntry testId="34b0562a-74f3-0cb2-347b-f7ebddcca606" executionId="f3eeaf0d-7d53-4c82-bb95-789a2d71674a" testListId="8c84fa94-04c1-424b-9868-57a2d4851a1d" />
    <TestEntry testId="e16392e0-b74b-20a1-bfd8-cf04cd22dc42" executionId="848353b2-7341-41a5-9ca7-941fe6b8e06d" testListId="8c84fa94-04c1-424b-9868-57a2d4851a1d" />
    <TestEntry testId="2720977a-3c1d-8925-ae8c-f10491ee0903" executionId="ea7c7429-c758-45a6-8b24-e0b2ca721664" testListId="8c84fa94-04c1-424b-9868-57a2d4851a1d" />
    <TestEntry testId="f342c369-1b63-ac09-7592-3bbf19ea7792" executionId="ce0db14c-2aa6-4d24-82d6-47a64d127347" testListId="8c84fa94-04c1-424b-9868-57a2d4851a1d" />
    <TestEntry testId="d7c6fd34-24a6-6d61-4f74-e11b861b527b" executionId="ff7dee2d-42ba-4769-94a9-c15297d0040c" testListId="8c84fa94-04c1-424b-9868-57a2d4851a1d" />
    <TestEntry testId="e7c0b876-bbe6-d4df-1806-4ff85a920c2f" executionId="c8812b36-e0f2-41b8-bdf0-be852679dae0" testListId="8c84fa94-04c1-424b-9868-57a2d4851a1d" />
    <TestEntry testId="b788bde6-97e9-6ba8-c7c6-e8edebf2372e" executionId="83440417-7303-4bcf-b88a-bebedff3cfdd" testListId="8c84fa94-04c1-424b-9868-57a2d4851a1d" />
    <TestEntry testId="533b05cc-a804-1759-db1f-d456efa129c0" executionId="6b00f2bd-1acc-4236-bef3-be09f0eca223" testListId="8c84fa94-04c1-424b-9868-57a2d4851a1d" />
    <TestEntry testId="eaf31246-ac2a-9db5-b972-39aa2ca6d2e0" executionId="3f345d4e-5bba-45da-8493-2b4d8a94e792" testListId="8c84fa94-04c1-424b-9868-57a2d4851a1d" />
    <TestEntry testId="e38866b9-8332-5f7b-d7b8-fb3e9c3d9029" executionId="7397f345-7887-41c4-8356-36c06fc9d262" testListId="8c84fa94-04c1-424b-9868-57a2d4851a1d" />
    <TestEntry testId="24c926a6-ee97-c276-700e-e9cf4f4112ef" executionId="44092db1-0180-4450-aed9-970b8ad14076" testListId="8c84fa94-04c1-424b-9868-57a2d4851a1d" />
    <TestEntry testId="48d0aa96-83b2-ad6d-f963-8245525eabe9" executionId="46758205-a2af-4001-be05-48151cf0c3c4" testListId="8c84fa94-04c1-424b-9868-57a2d4851a1d" />
    <TestEntry testId="2920c2e0-39a3-dd93-5693-d4ce08512159" executionId="e218051a-1403-4e89-a67f-08b3967f61d2" testListId="8c84fa94-04c1-424b-9868-57a2d4851a1d" />
    <TestEntry testId="074ff88b-4399-26b0-d5af-74bb943b8f07" executionId="49596d4c-9d7e-4b48-93e9-faaa81b82a40" testListId="8c84fa94-04c1-424b-9868-57a2d4851a1d" />
    <TestEntry testId="bc299358-874f-d04a-92ad-e691bf3c092e" executionId="bcbc5489-8e73-4e7a-998c-6d527a2dc6a9" testListId="8c84fa94-04c1-424b-9868-57a2d4851a1d" />
    <TestEntry testId="e07f5d01-bfa0-04f4-825e-59c493d5b5f5" executionId="d768147f-cf84-4f48-9a3f-3bfbe32a31eb" testListId="8c84fa94-04c1-424b-9868-57a2d4851a1d" />
    <TestEntry testId="0edc3f32-14dd-b812-075b-a9e435bcc1ca" executionId="201363bf-3a48-48ab-ae76-9969027a4bac" testListId="8c84fa94-04c1-424b-9868-57a2d4851a1d" />
    <TestEntry testId="8e2c4cca-7551-4f11-2133-425fd4297ee4" executionId="c02f8c5e-1b91-4950-9551-5d60ad3fb259" testListId="8c84fa94-04c1-424b-9868-57a2d4851a1d" />
    <TestEntry testId="957f9b92-e025-9215-a70c-c67cce904d02" executionId="e1fd4cc8-d405-48a2-ac78-7673ed845b11" testListId="8c84fa94-04c1-424b-9868-57a2d4851a1d" />
    <TestEntry testId="8655e08e-93f9-ea96-e1a5-f913a90803b9" executionId="e73fbda0-4f69-434f-8e93-1139d6969725" testListId="8c84fa94-04c1-424b-9868-57a2d4851a1d" />
    <TestEntry testId="369c6e4e-5e84-29f7-23b9-0a90869fcac4" executionId="9489b29c-be73-4c4b-8239-040e54e040f9" testListId="8c84fa94-04c1-424b-9868-57a2d4851a1d" />
    <TestEntry testId="7864a8c4-a573-3a51-886b-b27b4cabfd5e" executionId="993ac0b8-6e04-48b9-b528-d6a12a2e4ab9" testListId="8c84fa94-04c1-424b-9868-57a2d4851a1d" />
    <TestEntry testId="4dadd341-55c4-2c66-0797-5674a8d63b8b" executionId="c11b633a-e2a1-41be-9519-c728ae85dff3" testListId="8c84fa94-04c1-424b-9868-57a2d4851a1d" />
    <TestEntry testId="c90acf43-beb9-9440-08e2-aeffc5687d1e" executionId="2106d8bd-49e1-4872-a137-588be7e29eca" testListId="8c84fa94-04c1-424b-9868-57a2d4851a1d" />
    <TestEntry testId="2b46b6c4-bcde-6b7d-2664-3e89c49247f4" executionId="7e53e737-69ef-4bb3-ba21-4a30d5c2c077" testListId="8c84fa94-04c1-424b-9868-57a2d4851a1d" />
    <TestEntry testId="f2e999d7-fcf7-7136-bb2b-42136c5b53f0" executionId="4e4fa473-38b4-4a20-bf53-a9833ee41cf1" testListId="8c84fa94-04c1-424b-9868-57a2d4851a1d" />
    <TestEntry testId="ad2137f8-da12-9879-f4e4-b1576d0429b7" executionId="f4b40a48-6d74-4cf0-81fc-fc55d6f9f2b7" testListId="8c84fa94-04c1-424b-9868-57a2d4851a1d" />
    <TestEntry testId="f386bd71-4890-9925-d3d2-7dcbf0b9febe" executionId="7a509e76-a527-4666-816e-a3a2a366d265" testListId="8c84fa94-04c1-424b-9868-57a2d4851a1d" />
    <TestEntry testId="935f6e0f-c97b-5019-7e62-2a29c5b4df2c" executionId="c7a81ac1-d911-4e4b-ab0a-55a8c8c9b9ed" testListId="8c84fa94-04c1-424b-9868-57a2d4851a1d" />
    <TestEntry testId="bc1eab18-b23a-a958-6a7b-2426121871d6" executionId="f5f852ff-5a2e-4ec3-a85c-6bc246095ba6" testListId="8c84fa94-04c1-424b-9868-57a2d4851a1d" />
    <TestEntry testId="c37e3ceb-4de2-f887-5ba0-5f1d4459693f" executionId="34cdd056-63dd-4c1a-b1c2-f65f70606582" testListId="8c84fa94-04c1-424b-9868-57a2d4851a1d" />
    <TestEntry testId="ed8ce939-1ecb-5339-ef24-908cae52144a" executionId="4cf83bc6-abf1-4010-b985-48f1b899ebc8" testListId="8c84fa94-04c1-424b-9868-57a2d4851a1d" />
    <TestEntry testId="f472fa58-6e18-42be-4063-867fef6b02e5" executionId="0f353b38-c1ec-4ea5-940f-986ee0cdc9de" testListId="8c84fa94-04c1-424b-9868-57a2d4851a1d" />
    <TestEntry testId="34490af8-d3d6-7a91-eac4-416d37c4c03b" executionId="30c7d684-e3c7-406b-babc-a48ad28b066d" testListId="8c84fa94-04c1-424b-9868-57a2d4851a1d" />
    <TestEntry testId="c80f6705-aed7-e74b-8edd-9b2f7c5971b3" executionId="249c72b0-a648-4454-88c0-7cf611747b5c" testListId="8c84fa94-04c1-424b-9868-57a2d4851a1d" />
    <TestEntry testId="1ce67353-df26-d1bd-d2aa-05733d1ac693" executionId="5c257f45-29f7-4979-b320-23c8a4a9d7db" testListId="8c84fa94-04c1-424b-9868-57a2d4851a1d" />
    <TestEntry testId="c0babfb5-0c51-8e86-82e8-b342920c9494" executionId="099ba23c-43e1-4cf9-813a-64fbe8a098a3" testListId="8c84fa94-04c1-424b-9868-57a2d4851a1d" />
    <TestEntry testId="2f100db4-2fb5-00e2-487e-75a3a7b6d272" executionId="88dcba5f-5616-41c1-aaba-17aaeccb077b" testListId="8c84fa94-04c1-424b-9868-57a2d4851a1d" />
    <TestEntry testId="f84b750e-f7b1-dfa1-6239-ac206a9e1008" executionId="aff3cbc4-c94c-459e-b148-92aa7be47a5e" testListId="8c84fa94-04c1-424b-9868-57a2d4851a1d" />
    <TestEntry testId="2b4d39ea-1010-36f3-4fa9-2911297ae4a4" executionId="baa49ad9-3e9c-4d31-90b2-f4c953dec18b" testListId="8c84fa94-04c1-424b-9868-57a2d4851a1d" />
    <TestEntry testId="63df17ff-7d87-8f4d-112e-c1a3760436bb" executionId="ac91d84c-f6a3-4b5c-a01c-a09c579dba69" testListId="8c84fa94-04c1-424b-9868-57a2d4851a1d" />
    <TestEntry testId="50fd2e3e-e95c-2e26-b861-12f593cf9a0f" executionId="53b25f0f-9644-4566-b87c-8ab7f96aa0f1" testListId="8c84fa94-04c1-424b-9868-57a2d4851a1d" />
    <TestEntry testId="b1b5a4b2-ef61-9282-6663-5d7233efeaab" executionId="66e116e3-1c19-450e-a2d7-3a6cb9681a47" testListId="8c84fa94-04c1-424b-9868-57a2d4851a1d" />
    <TestEntry testId="9f986ee2-f890-4bb4-9d18-dc0473ae370b" executionId="1a2866af-932a-4963-90d6-99f1168891ab" testListId="8c84fa94-04c1-424b-9868-57a2d4851a1d" />
    <TestEntry testId="d84aea0e-76b6-55d2-4b7e-5e6eebfaed0e" executionId="c6c99e88-221a-4ecc-b967-9940560c6998" testListId="8c84fa94-04c1-424b-9868-57a2d4851a1d" />
    <TestEntry testId="ff39d078-db32-05c4-cda1-a2362a7ad157" executionId="8a8c56b9-fcff-4ebb-8861-d0badb1001da" testListId="8c84fa94-04c1-424b-9868-57a2d4851a1d" />
    <TestEntry testId="fc2cbc5b-c2b1-3d19-f684-8de533e0344a" executionId="5715c1ad-59fb-4bdf-bc92-c9b235208482" testListId="8c84fa94-04c1-424b-9868-57a2d4851a1d" />
    <TestEntry testId="c49afcd7-de27-7990-5754-d54f7b7c14ac" executionId="63cd7826-a8d4-455e-b7b8-c3f2dbf79064" testListId="8c84fa94-04c1-424b-9868-57a2d4851a1d" />
    <TestEntry testId="4a97d8d2-9fcf-7559-c175-69939d513efc" executionId="a2ab450a-612e-4dfd-b72a-040daa5787f9" testListId="8c84fa94-04c1-424b-9868-57a2d4851a1d" />
    <TestEntry testId="56fde5b0-e4df-3dd0-b924-b3d8168ff571" executionId="c6e9b242-70ac-4c8e-94e0-84e58499f6b9" testListId="8c84fa94-04c1-424b-9868-57a2d4851a1d" />
    <TestEntry testId="d054dd78-c223-2b18-9e0c-69480854f65f" executionId="086c9498-7822-4d2a-bac2-61c92cd20da1" testListId="8c84fa94-04c1-424b-9868-57a2d4851a1d" />
    <TestEntry testId="feb3bdce-3024-5a59-89ff-b1ebe27d119c" executionId="a7cdc5bb-d347-44b0-a057-2aebc866d8c5" testListId="8c84fa94-04c1-424b-9868-57a2d4851a1d" />
    <TestEntry testId="8ad53d84-7b7f-42f1-3c0f-a181a1bcf187" executionId="a352169d-0b39-4312-8363-2402290688ea" testListId="8c84fa94-04c1-424b-9868-57a2d4851a1d" />
    <TestEntry testId="400c5eaf-48ad-3c64-9e1d-3969836d1b6d" executionId="c81f10be-e99a-4e5e-a0cf-3fe7cb7d7af1" testListId="8c84fa94-04c1-424b-9868-57a2d4851a1d" />
    <TestEntry testId="96e8936d-0390-58bc-a96b-c2ae29467c1e" executionId="91a0b756-e6e5-4920-85b2-c51c1f49b609" testListId="8c84fa94-04c1-424b-9868-57a2d4851a1d" />
    <TestEntry testId="63f12d9f-b048-76b8-264d-b989df0bfbca" executionId="5326f727-5504-4402-9cf8-1bf4257171a7" testListId="8c84fa94-04c1-424b-9868-57a2d4851a1d" />
    <TestEntry testId="4586ccb8-434e-a6fb-3efe-7ae23e91a4a4" executionId="320000cc-ce74-46bc-8d7f-b2ec6fc70289" testListId="8c84fa94-04c1-424b-9868-57a2d4851a1d" />
    <TestEntry testId="17258b23-ff23-da1c-73fb-351e418fb581" executionId="7b51f2d9-0ad8-4d54-a498-bcf157e08398" testListId="8c84fa94-04c1-424b-9868-57a2d4851a1d" />
    <TestEntry testId="2328c08a-6b16-a28c-b157-2e48d92660b0" executionId="d8a1f778-3427-4ec0-bf19-ebfd1a197559" testListId="8c84fa94-04c1-424b-9868-57a2d4851a1d" />
    <TestEntry testId="d3a153fd-0e88-372e-ad4d-024de9ccde9a" executionId="60cbd422-1076-428a-9935-727593a2c847" testListId="8c84fa94-04c1-424b-9868-57a2d4851a1d" />
    <TestEntry testId="cb7e0b0b-265a-1cd7-8d28-4bc375b72be8" executionId="7b72bf85-9e34-4cba-bda4-d79543fffabd" testListId="8c84fa94-04c1-424b-9868-57a2d4851a1d" />
    <TestEntry testId="e26b2205-c180-7f1b-f046-b9155ed9b951" executionId="faa72efc-61db-43a5-afce-38374ceffa6b" testListId="8c84fa94-04c1-424b-9868-57a2d4851a1d" />
    <TestEntry testId="1a9497ea-544a-7067-529f-b7c94b2f8c7f" executionId="2bf47f61-5ef5-47fc-920e-11a0deb8859c" testListId="8c84fa94-04c1-424b-9868-57a2d4851a1d" />
    <TestEntry testId="47bead1c-a537-8842-47a7-b3ba583fe988" executionId="ce77555d-4eac-491e-9f57-611291821f73" testListId="8c84fa94-04c1-424b-9868-57a2d4851a1d" />
    <TestEntry testId="faece781-49e2-4e59-ebf9-bba502576c3c" executionId="e1e509b5-9ef0-4727-a68d-038930ac0313" testListId="8c84fa94-04c1-424b-9868-57a2d4851a1d" />
    <TestEntry testId="8696aa0c-12a3-d654-df89-f1e1b8ee687b" executionId="53297d7a-4e71-4d99-a1b7-1c323cc3ca4c" testListId="8c84fa94-04c1-424b-9868-57a2d4851a1d" />
    <TestEntry testId="b18c5783-3346-0ed2-7230-790ae4df554b" executionId="109b5b0e-355b-4b98-98a2-19fbb1023b54" testListId="8c84fa94-04c1-424b-9868-57a2d4851a1d" />
    <TestEntry testId="b58eb60e-3eb1-72c6-0301-c9875128ee4e" executionId="1b3fd992-8bad-4806-ab4a-07d701edca4c" testListId="8c84fa94-04c1-424b-9868-57a2d4851a1d" />
    <TestEntry testId="dddb1835-bc62-9ecf-f6da-266a9e5d6d03" executionId="3bbd32bd-7444-4174-8999-d576409d81fa" testListId="8c84fa94-04c1-424b-9868-57a2d4851a1d" />
    <TestEntry testId="cfda1da7-2899-4bbe-17b2-c69d57b6f85d" executionId="703b363a-d4c7-4eaa-88c3-4437271624fe" testListId="8c84fa94-04c1-424b-9868-57a2d4851a1d" />
    <TestEntry testId="b2858415-8d80-7600-7fe5-6b1b7d183235" executionId="583cd15d-090e-4b00-8348-dc6e8f68dac3" testListId="8c84fa94-04c1-424b-9868-57a2d4851a1d" />
    <TestEntry testId="ce2cf82c-5810-0ccc-465a-37da15418741" executionId="92bd2fea-f434-4625-8de0-c5f03596b083" testListId="8c84fa94-04c1-424b-9868-57a2d4851a1d" />
    <TestEntry testId="7b7ac52a-fd20-eae1-4eee-941b2f9ad41c" executionId="832e1f6d-e16c-4ad7-83c5-629e8f513812" testListId="8c84fa94-04c1-424b-9868-57a2d4851a1d" />
    <TestEntry testId="6cd2234b-585d-b823-54fb-25eb6199902f" executionId="98d6f38b-d9b1-43ec-805c-b2eaa18a3a57" testListId="8c84fa94-04c1-424b-9868-57a2d4851a1d" />
    <TestEntry testId="076370ef-98dd-553b-4db5-16eb7626b01e" executionId="f06c31c0-6ea4-4e5a-94b8-e5c55ea34ad5" testListId="8c84fa94-04c1-424b-9868-57a2d4851a1d" />
    <TestEntry testId="2521704e-7859-65c2-160f-02af43e2aa44" executionId="e9a6df34-4d02-4946-b9dd-dc17edbe074c" testListId="8c84fa94-04c1-424b-9868-57a2d4851a1d" />
    <TestEntry testId="361cc772-0d75-885b-698f-f995fb066fc5" executionId="0f656add-3e19-45c8-ab1b-894bd50a8d9f" testListId="8c84fa94-04c1-424b-9868-57a2d4851a1d" />
    <TestEntry testId="c2441b73-f50b-2134-daff-42ee09341afb" executionId="a0e8658e-3e6e-4861-ada9-8d7738f73035" testListId="8c84fa94-04c1-424b-9868-57a2d4851a1d" />
    <TestEntry testId="c277206d-3ad5-99fa-fd35-5b55265763de" executionId="6253806b-5598-4644-8a1c-1fb7a9bf4ddb" testListId="8c84fa94-04c1-424b-9868-57a2d4851a1d" />
    <TestEntry testId="3c716f34-734b-16bb-9f28-27f6b4a026ec" executionId="a6cd2889-eace-46ba-80c7-1a8a28970b42" testListId="8c84fa94-04c1-424b-9868-57a2d4851a1d" />
    <TestEntry testId="b9ffa3f4-1f18-4167-4317-71e05fdcc916" executionId="64df9e45-d2df-4a94-9560-2d4c2090296b" testListId="8c84fa94-04c1-424b-9868-57a2d4851a1d" />
    <TestEntry testId="a6aa36e2-697d-2507-2a34-be6ba6cdbea9" executionId="8ab4255e-2247-43e2-80fe-d45b9b8c8f7b" testListId="8c84fa94-04c1-424b-9868-57a2d4851a1d" />
    <TestEntry testId="c56f457f-add8-fe75-61ba-d07e5ee3df6d" executionId="2c52cac1-fbf5-4adb-9c3b-fa647d8dfe46" testListId="8c84fa94-04c1-424b-9868-57a2d4851a1d" />
    <TestEntry testId="5a96435f-7bfb-674d-9228-2eed29df56f2" executionId="cc1a5463-6890-4a9e-8dfd-50f3aa32a593" testListId="8c84fa94-04c1-424b-9868-57a2d4851a1d" />
    <TestEntry testId="3bf91338-9db5-e244-3437-2a694f10cdfe" executionId="3abb17c7-c8b1-4cf8-8711-285d86727e26" testListId="8c84fa94-04c1-424b-9868-57a2d4851a1d" />
    <TestEntry testId="9cc6be48-d93e-7fa9-ac2d-151cc03c3ec0" executionId="0a22d5f5-8688-4871-92fa-80a8ee48d810" testListId="8c84fa94-04c1-424b-9868-57a2d4851a1d" />
    <TestEntry testId="f23cbfaa-bd0e-0a68-964c-aedac70dbd89" executionId="0f67052e-4287-4820-a668-34607b5a9d67" testListId="8c84fa94-04c1-424b-9868-57a2d4851a1d" />
    <TestEntry testId="65a9b794-921a-eae9-026a-f733825b3d4a" executionId="3977cd6f-309b-4e5c-a487-2bd6e6aa593b" testListId="8c84fa94-04c1-424b-9868-57a2d4851a1d" />
    <TestEntry testId="935f9d23-02e5-8e42-a5d2-10f08e3ce4fe" executionId="e56bd3e5-e1ff-4d8a-b7df-f229bf7fd9be" testListId="8c84fa94-04c1-424b-9868-57a2d4851a1d" />
    <TestEntry testId="2e48f727-377d-16c5-c400-f5ba4ec6882c" executionId="0319cfd5-bb3d-4c5a-acd8-1ed24ef4f3fa" testListId="8c84fa94-04c1-424b-9868-57a2d4851a1d" />
    <TestEntry testId="d9f777ed-3466-7c99-be02-84bb7ebbad4b" executionId="3fd6325f-c8a3-47a7-bd02-5476246fd2a6" testListId="8c84fa94-04c1-424b-9868-57a2d4851a1d" />
    <TestEntry testId="bd7d68bd-5950-0934-2e64-6a07c08a54b7" executionId="eca533a2-0b50-4223-907d-f538bc4b7111" testListId="8c84fa94-04c1-424b-9868-57a2d4851a1d" />
    <TestEntry testId="10a1b738-5399-5e92-e2ed-009c7ed9c454" executionId="d16ba754-ede7-472c-81e8-3b87b1ee4f85" testListId="8c84fa94-04c1-424b-9868-57a2d4851a1d" />
    <TestEntry testId="afde7264-8c54-4b55-3afb-8cc9db7bdd2c" executionId="a4064430-b30e-4ea0-b346-e6e47291ba39" testListId="8c84fa94-04c1-424b-9868-57a2d4851a1d" />
    <TestEntry testId="79131a3d-642e-dea5-31f3-3e3bb8d72cf5" executionId="2e1997f9-7a31-4fa0-b399-c6bda838477d" testListId="8c84fa94-04c1-424b-9868-57a2d4851a1d" />
    <TestEntry testId="cecff56d-f2c2-5f4f-f26a-46e190ce7353" executionId="db237f2a-ee4a-4f4f-bbea-99ef7bf1d196" testListId="8c84fa94-04c1-424b-9868-57a2d4851a1d" />
    <TestEntry testId="6a069b88-27e1-e70c-13f9-4c619372c66b" executionId="9b926466-f5bd-4257-830a-95e827e63cef" testListId="8c84fa94-04c1-424b-9868-57a2d4851a1d" />
    <TestEntry testId="e81278a0-f697-84b0-67b1-ed0b5035a30c" executionId="619ba7c5-a579-4c5f-b3d1-7401d28ebb5c" testListId="8c84fa94-04c1-424b-9868-57a2d4851a1d" />
    <TestEntry testId="9e8c2141-20ec-ba37-0f1b-2e2277c88211" executionId="c65882be-c1cb-4638-9211-a199700d949e" testListId="8c84fa94-04c1-424b-9868-57a2d4851a1d" />
    <TestEntry testId="5ce1375e-46fd-90ff-af6f-56b477f36294" executionId="d0ef70b0-9b2d-4a09-9819-c8682a4762d1" testListId="8c84fa94-04c1-424b-9868-57a2d4851a1d" />
    <TestEntry testId="3def0511-4e40-2e00-f9b9-6bb18ace3fe8" executionId="ea79c2c4-4834-4824-a0e5-aea13131ab3f" testListId="8c84fa94-04c1-424b-9868-57a2d4851a1d" />
    <TestEntry testId="828aa887-d61e-2965-7b2f-bafe3c7dac25" executionId="a23fa4a4-13fe-4f3e-975a-68c11b073058" testListId="8c84fa94-04c1-424b-9868-57a2d4851a1d" />
    <TestEntry testId="4e201780-8be5-36cf-a6cd-fc75ae04350d" executionId="86f9ebc9-9365-41e4-8002-c1d2d756149a" testListId="8c84fa94-04c1-424b-9868-57a2d4851a1d" />
    <TestEntry testId="59a4f4a0-e2da-d6b5-1323-31e33b78b21f" executionId="29e33fc6-8424-4f6f-ba93-9c13bc5644cb" testListId="8c84fa94-04c1-424b-9868-57a2d4851a1d" />
    <TestEntry testId="65cfed84-d8b7-91f1-c7b3-2b30cf50cfed" executionId="f35b99f5-69e3-44e2-96e8-0fc6bcd96b55" testListId="8c84fa94-04c1-424b-9868-57a2d4851a1d" />
    <TestEntry testId="2ed74c97-cc2b-13bf-aac4-2247c3b9fbc5" executionId="b73605d0-1a3d-400e-8bf3-6b19f2d49349" testListId="8c84fa94-04c1-424b-9868-57a2d4851a1d" />
    <TestEntry testId="4e7ccc39-dfc0-cf1c-eb6a-128de9b59e45" executionId="295770e6-d5d1-40b6-9869-ca6387d70213" testListId="8c84fa94-04c1-424b-9868-57a2d4851a1d" />
    <TestEntry testId="c8da5140-6bbf-d2bf-c522-f95e06d6a595" executionId="c9e18812-5c35-4707-b557-b286b05b3bd2" testListId="8c84fa94-04c1-424b-9868-57a2d4851a1d" />
    <TestEntry testId="0910d3e9-c4fa-4b0a-4db0-a2f6efd079c5" executionId="86c66814-d51d-4a6d-94ca-5f304b5ab09f" testListId="8c84fa94-04c1-424b-9868-57a2d4851a1d" />
    <TestEntry testId="97233566-784e-0a25-ecca-3d6658603571" executionId="907c96cd-472c-43c2-a061-3d0c8b25f27a" testListId="8c84fa94-04c1-424b-9868-57a2d4851a1d" />
    <TestEntry testId="4552c7a0-9f71-d2b4-51c4-e785ac828b42" executionId="9f816dbd-e774-4a21-b2f7-bbd1443fc0ec" testListId="8c84fa94-04c1-424b-9868-57a2d4851a1d" />
    <TestEntry testId="8fbd09a9-7857-948c-1090-871fb08766df" executionId="0f926ec1-f5e7-4a62-8adb-5d08834c2dba" testListId="8c84fa94-04c1-424b-9868-57a2d4851a1d" />
    <TestEntry testId="a23b4ce6-5a10-4f53-6d78-06dd8b92b431" executionId="ca9224c5-c18b-410a-bd5e-bdb89d6a0574" testListId="8c84fa94-04c1-424b-9868-57a2d4851a1d" />
    <TestEntry testId="c41fdcd8-e2bb-ccbb-e17c-f63252358ede" executionId="f4a22bd0-2461-4ba1-91b4-f295de8d5b5c" testListId="8c84fa94-04c1-424b-9868-57a2d4851a1d" />
    <TestEntry testId="11fef51e-1413-6166-5290-53a01cd14134" executionId="242293e5-317b-44c2-96e5-8dbf901812e3" testListId="8c84fa94-04c1-424b-9868-57a2d4851a1d" />
    <TestEntry testId="da81eaec-1453-f24c-a30b-9b3f5e23a05c" executionId="9d0e7e09-ec64-40a6-8da8-2e23217b0549" testListId="8c84fa94-04c1-424b-9868-57a2d4851a1d" />
    <TestEntry testId="27a95cc0-3e4b-dbea-fc7f-0563168b8940" executionId="7ec72749-c600-4ae3-950f-86132b226cec" testListId="8c84fa94-04c1-424b-9868-57a2d4851a1d" />
    <TestEntry testId="b8af5950-498b-c4c9-4d6a-619dcb6074cf" executionId="bcec475d-9bc9-4c28-be1c-230ce10b202f" testListId="8c84fa94-04c1-424b-9868-57a2d4851a1d" />
    <TestEntry testId="e7590a2a-9404-cfd8-85e4-42ebf7fee746" executionId="903aa4d7-1544-4e6b-9f86-edf4208ead1d" testListId="8c84fa94-04c1-424b-9868-57a2d4851a1d" />
    <TestEntry testId="c733db05-5b7b-4d43-767f-ec9ea4306b0e" executionId="d4aa0bea-80d4-4107-8f0c-b78d1cc8fb82" testListId="8c84fa94-04c1-424b-9868-57a2d4851a1d" />
    <TestEntry testId="131db61b-d56f-3e66-34f7-f920cef250e0" executionId="4b8452f2-4aa6-4e31-b556-3823172ec088" testListId="8c84fa94-04c1-424b-9868-57a2d4851a1d" />
    <TestEntry testId="11e32396-3f3f-284e-b683-2e3e119136e4" executionId="9b63ef26-72be-428f-b7a8-8dafc57e49f5" testListId="8c84fa94-04c1-424b-9868-57a2d4851a1d" />
    <TestEntry testId="d2ac6e2c-d244-6600-ac41-33c9ad0aa47c" executionId="1bcfc9ad-a63f-46a2-9ebf-53a6d433514d" testListId="8c84fa94-04c1-424b-9868-57a2d4851a1d" />
    <TestEntry testId="18ef78f3-1eb2-cc48-74e1-3d0d69ec27f2" executionId="fb84de40-0e9b-42d5-aa20-f83248d287cf" testListId="8c84fa94-04c1-424b-9868-57a2d4851a1d" />
    <TestEntry testId="3dd075ba-7c20-36ac-fd3e-ad2d99db0844" executionId="decaf050-60ee-45ce-9b30-1fba9e910a6e" testListId="8c84fa94-04c1-424b-9868-57a2d4851a1d" />
    <TestEntry testId="2ea7f788-a228-7eb9-ef8c-629855bfb76d" executionId="8a182dc6-3295-415b-8498-134bf1b57feb" testListId="8c84fa94-04c1-424b-9868-57a2d4851a1d" />
    <TestEntry testId="37c23154-aec4-129b-8dc2-bb50808aef9e" executionId="6886d64d-c995-4192-b09d-0518a384fc48" testListId="8c84fa94-04c1-424b-9868-57a2d4851a1d" />
    <TestEntry testId="e76554b4-34ba-70cf-dfc9-f4d63f94ac41" executionId="bf14874e-b0c6-4a79-8401-83ceff216a35" testListId="8c84fa94-04c1-424b-9868-57a2d4851a1d" />
    <TestEntry testId="f56230b0-cb3e-b433-0b22-beaca6317724" executionId="ca9f59c9-d827-41b6-9505-ded25724c501" testListId="8c84fa94-04c1-424b-9868-57a2d4851a1d" />
    <TestEntry testId="491df381-b5ce-67d7-d550-c29421a6f155" executionId="67294615-1d6c-4604-ac2c-1ff33216398d" testListId="8c84fa94-04c1-424b-9868-57a2d4851a1d" />
    <TestEntry testId="d5b83293-8848-4b1e-df37-68e69f1f794e" executionId="3203ccd2-be95-4520-943d-7ac901426e8c" testListId="8c84fa94-04c1-424b-9868-57a2d4851a1d" />
    <TestEntry testId="195cadae-c368-871e-b908-a48bf7f49ea5" executionId="05ae1de7-6b30-4761-bc29-32f5b940cb0e" testListId="8c84fa94-04c1-424b-9868-57a2d4851a1d" />
    <TestEntry testId="a6af3342-e82c-99d7-7280-f0bc3b6ef111" executionId="640bc36f-6668-4fb2-b202-8e54eb9cca45" testListId="8c84fa94-04c1-424b-9868-57a2d4851a1d" />
    <TestEntry testId="5038381c-1ef8-8dbb-06ed-8a9f21662b0a" executionId="1557edc0-26a9-4f95-b23c-14cbc6c1e5fe" testListId="8c84fa94-04c1-424b-9868-57a2d4851a1d" />
    <TestEntry testId="2864b3eb-0ab6-4da0-5436-4c6f89cc4874" executionId="60a5e2be-5121-49e3-8c6d-6a81d5445aea" testListId="8c84fa94-04c1-424b-9868-57a2d4851a1d" />
    <TestEntry testId="e5d551bc-1dd2-666f-0864-398b71d25710" executionId="20a3efdb-0c96-47d1-bb51-584476926db7" testListId="8c84fa94-04c1-424b-9868-57a2d4851a1d" />
    <TestEntry testId="fb103779-d04c-1686-3285-367738634a78" executionId="cd69c52f-b65d-42d2-9385-8c39cd92cb01" testListId="8c84fa94-04c1-424b-9868-57a2d4851a1d" />
    <TestEntry testId="7bc82cbe-20de-caab-82e3-ab7c085d6916" executionId="bce0d725-0b59-432e-bde6-ca5c4f4cd3e9" testListId="8c84fa94-04c1-424b-9868-57a2d4851a1d" />
    <TestEntry testId="80e1e452-82cf-b088-db40-d28f7d32c62d" executionId="f22b4c6c-be6d-4c30-ae61-3578c4b6cec5" testListId="8c84fa94-04c1-424b-9868-57a2d4851a1d" />
    <TestEntry testId="0b4d5c4e-e489-765d-d3a8-0ce9513428a5" executionId="a2c874b3-6baf-4e59-98c1-a5188b70ddcb" testListId="8c84fa94-04c1-424b-9868-57a2d4851a1d" />
    <TestEntry testId="7f664b57-7413-e68a-c6c0-a58e6b75f164" executionId="5c9871ef-5459-439e-92b9-4d26b2a41d08" testListId="8c84fa94-04c1-424b-9868-57a2d4851a1d" />
    <TestEntry testId="3375033a-d5e6-72b6-24f8-d995495958e4" executionId="3bec5588-ab28-4251-bb5e-a72ff5d2e454" testListId="8c84fa94-04c1-424b-9868-57a2d4851a1d" />
    <TestEntry testId="3cdeee93-383b-1b35-6fc8-87b7d5d7dcac" executionId="18701a2b-6fa2-4a60-9a71-39fb8ef00e30" testListId="8c84fa94-04c1-424b-9868-57a2d4851a1d" />
    <TestEntry testId="788c7744-bd48-e28d-a864-bbd05271aa4c" executionId="59144685-788f-4282-b17d-c074406f3c2a" testListId="8c84fa94-04c1-424b-9868-57a2d4851a1d" />
    <TestEntry testId="e76f4094-8dcd-5aeb-e147-a8a4e7a18b8c" executionId="af5ba8cc-ec3f-46e0-93cf-05ebdd799651" testListId="8c84fa94-04c1-424b-9868-57a2d4851a1d" />
    <TestEntry testId="6f067ff4-f915-05c2-a0a4-f5e23793ba9b" executionId="38977e2b-d6a1-4e9c-95b6-a8a76105d632" testListId="8c84fa94-04c1-424b-9868-57a2d4851a1d" />
    <TestEntry testId="f212a945-9645-4128-b861-6596693a6fad" executionId="5be59743-c02d-4b3a-8be8-df0af168f5a5" testListId="8c84fa94-04c1-424b-9868-57a2d4851a1d" />
    <TestEntry testId="5f26c092-7e48-0463-47d6-e2236b104caa" executionId="48ea1814-ea5b-44e6-ab5b-d14a260d57b2" testListId="8c84fa94-04c1-424b-9868-57a2d4851a1d" />
    <TestEntry testId="e56a4d58-0ff2-e6be-cab4-b17c9aa01d74" executionId="10ddd53f-bb59-4e8f-a9c9-622d1583b9b0" testListId="8c84fa94-04c1-424b-9868-57a2d4851a1d" />
    <TestEntry testId="f7bcbf5e-0012-a0f0-d3f0-82ca6b14f5dd" executionId="26c680cb-8c1a-4ef0-ad99-ef0516359c79" testListId="8c84fa94-04c1-424b-9868-57a2d4851a1d" />
    <TestEntry testId="2960add4-9952-f70d-dcad-c47d9da5fd58" executionId="690428c4-886f-4078-b9b9-845ab851d72f" testListId="8c84fa94-04c1-424b-9868-57a2d4851a1d" />
    <TestEntry testId="5b38455f-575a-f0bf-1374-9f24005465f7" executionId="4eb8835f-5b51-4172-a734-25ad10876831" testListId="8c84fa94-04c1-424b-9868-57a2d4851a1d" />
    <TestEntry testId="885e02ef-e416-e860-c427-66861a1cef8a" executionId="470070c2-3133-44ca-b38a-b2717c656bcb" testListId="8c84fa94-04c1-424b-9868-57a2d4851a1d" />
    <TestEntry testId="d4c8bd44-a5f8-3ff8-b16d-c714a3420f05" executionId="139a7819-86b0-4f8a-8019-931f554446e0" testListId="8c84fa94-04c1-424b-9868-57a2d4851a1d" />
    <TestEntry testId="e6354ff1-9ff3-d19c-6313-930a0e558467" executionId="9cdaa042-c318-470c-987e-14de2c80c783" testListId="8c84fa94-04c1-424b-9868-57a2d4851a1d" />
    <TestEntry testId="25e21b40-8b6b-75c0-de39-11c840b2c816" executionId="cdeef17e-2c2f-452f-b2b4-784d25412326" testListId="8c84fa94-04c1-424b-9868-57a2d4851a1d" />
    <TestEntry testId="19146f14-6143-cfb7-4c8f-467081c697c0" executionId="c8fa7811-5332-440f-9619-24eae5bc18d0" testListId="8c84fa94-04c1-424b-9868-57a2d4851a1d" />
    <TestEntry testId="aae708ca-94a3-f452-ba7c-adc8143fc2ae" executionId="dcb382b0-fa65-43da-8f23-c6ebb9e0645e" testListId="8c84fa94-04c1-424b-9868-57a2d4851a1d" />
    <TestEntry testId="2d399f3a-cd79-9af4-db68-ab2622857a87" executionId="fe9d00d2-1517-4efd-93a8-97d91c845706" testListId="8c84fa94-04c1-424b-9868-57a2d4851a1d" />
    <TestEntry testId="1ae4eff8-6b2f-6b05-41a0-15eb97967c7f" executionId="65613bd2-514c-475e-a88a-eebd6c6a60e2" testListId="8c84fa94-04c1-424b-9868-57a2d4851a1d" />
    <TestEntry testId="8f6cd5c2-e849-6c20-9267-83c3d531958e" executionId="b3deaf8b-c16d-4279-b6a7-2ced2c60dad0" testListId="8c84fa94-04c1-424b-9868-57a2d4851a1d" />
    <TestEntry testId="8dd7c6d4-048f-e61d-123a-5b91a453390c" executionId="02512611-3d76-450b-afdb-525f049dd6e9" testListId="8c84fa94-04c1-424b-9868-57a2d4851a1d" />
    <TestEntry testId="134dc4da-478b-60fb-2dfc-b3d26508bd1a" executionId="de8134c9-514a-4b65-a53d-f38aa0efab08" testListId="8c84fa94-04c1-424b-9868-57a2d4851a1d" />
    <TestEntry testId="4092a02b-aad1-4cd2-975c-e2b5b68e9e4b" executionId="3a492afb-be2e-430d-be37-11468420a6ec" testListId="8c84fa94-04c1-424b-9868-57a2d4851a1d" />
    <TestEntry testId="57bd8ba2-a7b1-3773-dd72-99c3e39978da" executionId="440738ab-70fb-4b7a-90ca-af4815743c71" testListId="8c84fa94-04c1-424b-9868-57a2d4851a1d" />
    <TestEntry testId="4190041e-4d7b-4cda-212b-4ae0c9029e36" executionId="762781fd-c86f-4362-b980-0e4302154184" testListId="8c84fa94-04c1-424b-9868-57a2d4851a1d" />
    <TestEntry testId="a9f42cf1-dbcf-e8c2-1ef1-a003ae0c7ff8" executionId="f31debdb-645b-4484-a176-ee8f51f7a3b2" testListId="8c84fa94-04c1-424b-9868-57a2d4851a1d" />
    <TestEntry testId="ae8385af-29cc-f7d5-51ff-84300db47ada" executionId="7a652156-def1-4cf0-8413-e4c803b5d6d7" testListId="8c84fa94-04c1-424b-9868-57a2d4851a1d" />
    <TestEntry testId="102f1558-5f20-a6d5-8bb1-2bdfa2e7b50e" executionId="51727925-31e6-4817-a2cd-0c8f7d440b95" testListId="8c84fa94-04c1-424b-9868-57a2d4851a1d" />
    <TestEntry testId="a890ab18-0d5c-e9a7-db4d-696ea60071f9" executionId="c0a10ccd-a725-4501-9627-2a096a673949" testListId="8c84fa94-04c1-424b-9868-57a2d4851a1d" />
    <TestEntry testId="89684484-4d0f-00a8-989b-9cbdfecf3e30" executionId="cb1d1fa3-458a-4309-8167-5048b781076a" testListId="8c84fa94-04c1-424b-9868-57a2d4851a1d" />
    <TestEntry testId="9161b7a2-9233-72ad-eb95-c7d6bfabd975" executionId="44f658cc-7b2c-41b0-ac9b-886ee4f09f60" testListId="8c84fa94-04c1-424b-9868-57a2d4851a1d" />
    <TestEntry testId="81d4eeef-857b-5bf1-5cd0-3e8726c4f84c" executionId="50f0bbc9-2fe6-44d9-b9eb-da90aee7f1e9" testListId="8c84fa94-04c1-424b-9868-57a2d4851a1d" />
    <TestEntry testId="bf71a57f-ee03-3700-bbbe-0a8bed916dfe" executionId="b8571ce5-026d-4bbb-861c-a4b3195217c5" testListId="8c84fa94-04c1-424b-9868-57a2d4851a1d" />
    <TestEntry testId="af9e36c7-6a97-f2e2-549f-4bcadfe1d626" executionId="c0f04c79-3923-454a-93b5-c6d94a91db73" testListId="8c84fa94-04c1-424b-9868-57a2d4851a1d" />
    <TestEntry testId="0a626f9c-1fcc-6ba0-e354-bb3374659d02" executionId="4d38436f-d7c8-49d9-8a23-977608540efb" testListId="8c84fa94-04c1-424b-9868-57a2d4851a1d" />
    <TestEntry testId="7cda1263-ac69-512e-7ac9-aa77b99959cd" executionId="cc89b01d-adf1-4f11-b46d-0135014b86aa" testListId="8c84fa94-04c1-424b-9868-57a2d4851a1d" />
    <TestEntry testId="5be7c8bc-c613-0652-ed73-c4eee352182b" executionId="ccdd40bc-36df-44b3-be64-cdaec7b79edd" testListId="8c84fa94-04c1-424b-9868-57a2d4851a1d" />
    <TestEntry testId="2a52f03a-cddc-7860-41d6-2e4a73025212" executionId="f1d76292-9944-4de1-8b44-a53f907b710d" testListId="8c84fa94-04c1-424b-9868-57a2d4851a1d" />
    <TestEntry testId="628ededf-b510-91fa-7712-c59b72f0952a" executionId="f443ca9f-3c99-4af3-ac50-dc41bc7ba1e2" testListId="8c84fa94-04c1-424b-9868-57a2d4851a1d" />
    <TestEntry testId="fb67ea71-6b78-1dc1-49b9-30224c6a1bae" executionId="f26a0446-f61c-4d57-a981-f206dc17221d" testListId="8c84fa94-04c1-424b-9868-57a2d4851a1d" />
    <TestEntry testId="2670b347-ae46-c79b-6a32-846917e5ef9a" executionId="6a26af5a-2523-4be9-9d30-fcd1ec2842ed" testListId="8c84fa94-04c1-424b-9868-57a2d4851a1d" />
    <TestEntry testId="d0982f73-d6e4-f513-6ec6-0568fe669026" executionId="3830930b-af82-4dc3-aaca-1f65c4cfbcae" testListId="8c84fa94-04c1-424b-9868-57a2d4851a1d" />
    <TestEntry testId="568e27a2-2d92-2560-0d4d-7360cf22e5e8" executionId="124bacfd-e86b-42d6-bdf6-cf6bda291702" testListId="8c84fa94-04c1-424b-9868-57a2d4851a1d" />
    <TestEntry testId="bd1c2cab-1265-633f-739a-62f24eef82f7" executionId="a1019036-fa5b-4cb9-b09c-c4fc4f99b690" testListId="8c84fa94-04c1-424b-9868-57a2d4851a1d" />
    <TestEntry testId="a1d9d132-2e0d-40a7-b61c-5ad666efa8c0" executionId="44440b0d-707b-419e-b935-e3cff709c4da" testListId="8c84fa94-04c1-424b-9868-57a2d4851a1d" />
    <TestEntry testId="5ff0df64-4714-54ce-b6d1-3a4063918e93" executionId="7787e219-c367-4afa-a489-03b662f8c63d" testListId="8c84fa94-04c1-424b-9868-57a2d4851a1d" />
    <TestEntry testId="dbc1a342-48a8-affa-8d55-c00e2654c55f" executionId="e28ee28a-ca70-4e50-a46d-df897b13c558" testListId="8c84fa94-04c1-424b-9868-57a2d4851a1d" />
    <TestEntry testId="947e66f8-3edd-6840-266f-9e5f8a6ffe6e" executionId="e0799d5b-0998-4725-b977-2fd3485469f5" testListId="8c84fa94-04c1-424b-9868-57a2d4851a1d" />
    <TestEntry testId="9a208f53-2994-a17f-1d39-9e17cb2164bd" executionId="6af4c001-a3e3-49b2-9370-a4097569d366" testListId="8c84fa94-04c1-424b-9868-57a2d4851a1d" />
    <TestEntry testId="d59c7867-81fa-72b0-e0e7-f75e74dd41dd" executionId="da7b550a-d131-4369-aacf-40bb6654ccbe" testListId="8c84fa94-04c1-424b-9868-57a2d4851a1d" />
    <TestEntry testId="ef92f893-79c7-0d51-127f-8470ebdbc768" executionId="ba748af7-5d37-4522-bc5a-7c2fac883ad0" testListId="8c84fa94-04c1-424b-9868-57a2d4851a1d" />
    <TestEntry testId="a476d913-853e-9006-57bf-9e825d119810" executionId="3f95f62e-a408-4c07-afe4-7842f404bcc1" testListId="8c84fa94-04c1-424b-9868-57a2d4851a1d" />
    <TestEntry testId="1ff772ea-316c-7a4b-bb91-f3ab3f44e05b" executionId="8dbb1b77-eae1-468f-97ed-adc9fed73a88" testListId="8c84fa94-04c1-424b-9868-57a2d4851a1d" />
    <TestEntry testId="dd098655-ce3b-b407-bc7d-fa88b3ed5381" executionId="c5d2ab60-94de-4764-97b6-736a9871b11d" testListId="8c84fa94-04c1-424b-9868-57a2d4851a1d" />
    <TestEntry testId="d6a59c85-6c58-584e-c43d-f10c50d7e1a2" executionId="c6c082d5-3219-435a-aaaa-a1608749b898" testListId="8c84fa94-04c1-424b-9868-57a2d4851a1d" />
    <TestEntry testId="05aeaa8c-7d80-f9e7-54a6-810812bf76ac" executionId="b0e7b379-6893-4fcb-bc59-7174c7ef2139" testListId="8c84fa94-04c1-424b-9868-57a2d4851a1d" />
    <TestEntry testId="6d62f599-0f0c-18d4-6cc8-c03dee27684a" executionId="88df9809-07e6-4a1d-b07f-58be9609e2f8" testListId="8c84fa94-04c1-424b-9868-57a2d4851a1d" />
    <TestEntry testId="61c2e857-2ecc-1265-1a6e-d3f3e6eddf31" executionId="7c4b2f20-e120-49c7-9a09-9a0d07d10b5d" testListId="8c84fa94-04c1-424b-9868-57a2d4851a1d" />
    <TestEntry testId="9c9fd855-69d4-9918-84e1-a8e0fcc2b097" executionId="eee0d707-2fa5-4765-9c3b-dc7f10b10471" testListId="8c84fa94-04c1-424b-9868-57a2d4851a1d" />
    <TestEntry testId="9245a3fe-e6e8-4a14-f7b3-94227339454e" executionId="3fe346c8-328c-4461-b0de-97be65c446ca" testListId="8c84fa94-04c1-424b-9868-57a2d4851a1d" />
    <TestEntry testId="8717c557-1272-1ca3-c2f1-71d1819ddb50" executionId="b43a79f1-91a9-4c28-9891-6eb0bcc4d965" testListId="8c84fa94-04c1-424b-9868-57a2d4851a1d" />
    <TestEntry testId="befe5650-f39d-378d-4992-3ef8f2152fe0" executionId="301c9642-a5ac-4502-b854-beb8adb12adb" testListId="8c84fa94-04c1-424b-9868-57a2d4851a1d" />
    <TestEntry testId="fbf1e532-d446-55e3-818a-b4fc676cabf8" executionId="152f8a59-d7b5-4358-837a-6cabfd0401a7" testListId="8c84fa94-04c1-424b-9868-57a2d4851a1d" />
    <TestEntry testId="18d974d6-a642-8807-34d7-9a9c256df013" executionId="26781a6c-5f94-43f6-b520-01a98d5dfec1" testListId="8c84fa94-04c1-424b-9868-57a2d4851a1d" />
    <TestEntry testId="f6638888-72f9-3abc-824d-07e5504a43a5" executionId="efe7f7f2-d328-4313-90de-284cae2f6737" testListId="8c84fa94-04c1-424b-9868-57a2d4851a1d" />
    <TestEntry testId="b518f299-3b00-cc5d-b78d-f3f85f49a757" executionId="747fbf67-33da-4cc1-b828-6130095528f2" testListId="8c84fa94-04c1-424b-9868-57a2d4851a1d" />
    <TestEntry testId="018fb1d0-368a-28a4-c323-ba8d6e4a76b9" executionId="f1f46e3f-cd51-432b-a2fd-5526025ebcd5" testListId="8c84fa94-04c1-424b-9868-57a2d4851a1d" />
    <TestEntry testId="199e5799-986d-710e-fa92-973a198651af" executionId="b5b286b9-e285-4029-ad5c-80f950b276d0" testListId="8c84fa94-04c1-424b-9868-57a2d4851a1d" />
    <TestEntry testId="842bf4ca-6371-3a8a-228b-d721ac1b9eb1" executionId="fd1de5d1-68af-4189-8773-4224bc2337e3" testListId="8c84fa94-04c1-424b-9868-57a2d4851a1d" />
    <TestEntry testId="171feea5-abd8-a592-59bf-79484281ec17" executionId="4e732a3e-f7b8-47c7-9b9e-6636ff1e3af5" testListId="8c84fa94-04c1-424b-9868-57a2d4851a1d" />
    <TestEntry testId="81fc8aa1-de6a-e087-adfe-af829f91bad7" executionId="dc7d6971-849b-4158-8d1b-bcc268b5212b" testListId="8c84fa94-04c1-424b-9868-57a2d4851a1d" />
    <TestEntry testId="9636a1f1-1232-f981-d42a-36589836bff4" executionId="a36bc435-f623-4307-8c78-85a68da0d0bd" testListId="8c84fa94-04c1-424b-9868-57a2d4851a1d" />
    <TestEntry testId="518a8b99-6420-184f-272c-7fecbc8732ca" executionId="6b96c4d3-a76e-4546-9625-19a1d5f98d2b" testListId="8c84fa94-04c1-424b-9868-57a2d4851a1d" />
    <TestEntry testId="8f3c7e47-c7ba-15e0-4ea3-5c99da54e2cf" executionId="a020933f-bbdb-485c-8733-aca65a6e399e" testListId="8c84fa94-04c1-424b-9868-57a2d4851a1d" />
    <TestEntry testId="112015e3-431e-b435-09f5-dc36bf2bbc1b" executionId="ac015da1-73fa-475c-b4ef-96e2a1271e03" testListId="8c84fa94-04c1-424b-9868-57a2d4851a1d" />
    <TestEntry testId="56f5cfe7-c187-684a-c730-d4624e106c42" executionId="b3704757-1f03-4524-bd20-bb5bbe0f1e4a" testListId="8c84fa94-04c1-424b-9868-57a2d4851a1d" />
    <TestEntry testId="616c12d5-722e-e683-3114-c8a71232eef2" executionId="ec0e11ef-80ed-4089-be31-81821b51df8a" testListId="8c84fa94-04c1-424b-9868-57a2d4851a1d" />
    <TestEntry testId="233a6bed-ae00-b023-a337-828767e08ee8" executionId="e6c170f0-f0f7-46f4-941b-1ffa863628d4" testListId="8c84fa94-04c1-424b-9868-57a2d4851a1d" />
    <TestEntry testId="74ee50b8-0598-e8ca-7e2f-330081ea45bc" executionId="846fb550-9716-4446-bada-891b5f156bf3" testListId="8c84fa94-04c1-424b-9868-57a2d4851a1d" />
    <TestEntry testId="f4609267-8826-6634-3e91-b8471488e292" executionId="248d3213-0b1e-467d-a6ec-d208b74bd4c7" testListId="8c84fa94-04c1-424b-9868-57a2d4851a1d" />
    <TestEntry testId="1995aa56-764e-e077-7015-d7ad96740ef7" executionId="29fd60f5-1b44-47e4-bb51-4d5f3e785499" testListId="8c84fa94-04c1-424b-9868-57a2d4851a1d" />
    <TestEntry testId="ecf13227-e49d-1db7-a97a-21cf256d2c96" executionId="23b4da25-dc1c-4afc-83d7-93540566b7da" testListId="8c84fa94-04c1-424b-9868-57a2d4851a1d" />
    <TestEntry testId="20efb3d3-79c6-bd77-1370-aab1347bcb2b" executionId="192c70bf-191e-461f-a45f-2497c1a3fb35" testListId="8c84fa94-04c1-424b-9868-57a2d4851a1d" />
    <TestEntry testId="63448ae4-3822-6161-d46b-a6dd1dfe44fd" executionId="ff4fafb6-5446-4fe0-b0d4-4af13522b843" testListId="8c84fa94-04c1-424b-9868-57a2d4851a1d" />
    <TestEntry testId="401d2e62-9623-23c2-8f1c-f70d5a6debc1" executionId="9028dcaa-3056-4118-8bd4-576205add581" testListId="8c84fa94-04c1-424b-9868-57a2d4851a1d" />
    <TestEntry testId="7e7082ae-fc95-11b5-f109-06c5d9d16b4c" executionId="11d833a8-38f5-4394-9920-8a30d285dec1" testListId="8c84fa94-04c1-424b-9868-57a2d4851a1d" />
    <TestEntry testId="1947d432-ac4e-8ff4-6a61-109d18cd0bdb" executionId="88337e0c-1297-4d85-817e-82b2044d3ccc" testListId="8c84fa94-04c1-424b-9868-57a2d4851a1d" />
    <TestEntry testId="a62f73f0-335e-a678-1617-1f76a60aab0f" executionId="4403eedd-b2cb-45b1-8b56-9744098162bd" testListId="8c84fa94-04c1-424b-9868-57a2d4851a1d" />
    <TestEntry testId="16850f24-a3f3-b035-b0b3-7c99490a9542" executionId="8c07547d-c966-4407-a34c-8fd5ba1afaf4" testListId="8c84fa94-04c1-424b-9868-57a2d4851a1d" />
    <TestEntry testId="0aa70671-374f-7770-8a94-a9ce6a48572f" executionId="35e33c50-65b1-4632-898e-ff7a1274b518" testListId="8c84fa94-04c1-424b-9868-57a2d4851a1d" />
    <TestEntry testId="affa63ad-42e7-9452-c5a5-b0d4d8cb39a1" executionId="06e0d680-d913-42c4-bc5a-15954696124c" testListId="8c84fa94-04c1-424b-9868-57a2d4851a1d" />
    <TestEntry testId="451bffc0-3ae5-2acf-fc45-f7a1232d7fdf" executionId="0a8ca264-1882-41ba-ac12-7748c7355dda" testListId="8c84fa94-04c1-424b-9868-57a2d4851a1d" />
    <TestEntry testId="028566f8-b92e-8888-84dd-3fb5690b9d88" executionId="82ca5f76-aa49-4ee6-8e2a-81171af98182" testListId="8c84fa94-04c1-424b-9868-57a2d4851a1d" />
    <TestEntry testId="60bdbe1c-556f-ee06-0399-2842675c306a" executionId="b706dd43-17fe-46aa-ba51-44e30de00319" testListId="8c84fa94-04c1-424b-9868-57a2d4851a1d" />
    <TestEntry testId="99a87674-ee88-dca5-48a5-598cbe7cb43b" executionId="639775b2-3685-47c2-8a52-72e2b0a209c0" testListId="8c84fa94-04c1-424b-9868-57a2d4851a1d" />
    <TestEntry testId="691d68a9-645d-890d-6c67-c584c444916d" executionId="0011156d-e469-482d-a32d-711e3691c349" testListId="8c84fa94-04c1-424b-9868-57a2d4851a1d" />
    <TestEntry testId="37ae04ae-6997-0ecf-07a1-64b6d7659569" executionId="75f0bc38-770b-4186-bc83-16f8a2e07b0b" testListId="8c84fa94-04c1-424b-9868-57a2d4851a1d" />
    <TestEntry testId="27664859-4d07-7aa6-2422-c69fa8d16b38" executionId="ed6e3bde-1767-4f01-bb76-1822457b57ba" testListId="8c84fa94-04c1-424b-9868-57a2d4851a1d" />
    <TestEntry testId="c98efbf5-2f3d-50a2-5f38-9c6abe3c1c8e" executionId="4adc77d0-aa58-4838-8472-592ba80ab53b" testListId="8c84fa94-04c1-424b-9868-57a2d4851a1d" />
    <TestEntry testId="8f59d74f-1387-b481-45ba-5b4638b6eca1" executionId="3afd79ab-c7b8-4eb4-b86f-3aceac97dbf1" testListId="8c84fa94-04c1-424b-9868-57a2d4851a1d" />
    <TestEntry testId="efa5e684-eb87-76bd-ab26-0cf3ca05e354" executionId="239698d7-7abc-46c3-bc5d-ad6315263f68" testListId="8c84fa94-04c1-424b-9868-57a2d4851a1d" />
    <TestEntry testId="7487436c-f2c5-4df4-5b49-6474bc347b87" executionId="e679a71b-16fb-4d58-9297-b2b847ec0d35" testListId="8c84fa94-04c1-424b-9868-57a2d4851a1d" />
    <TestEntry testId="47579cf9-48ad-7878-45dc-383da1251400" executionId="1c4481f1-1477-4d35-9a9d-1529e7e610ad" testListId="8c84fa94-04c1-424b-9868-57a2d4851a1d" />
    <TestEntry testId="02e79180-7231-3946-3d30-86e386fbe7e5" executionId="ea4fabd7-5a59-4bdf-a436-f85379b4b102" testListId="8c84fa94-04c1-424b-9868-57a2d4851a1d" />
    <TestEntry testId="52626f5f-39de-9b23-4fa0-8fc2ec03293a" executionId="a5f08a22-0a06-45ee-823b-f540403a3571" testListId="8c84fa94-04c1-424b-9868-57a2d4851a1d" />
    <TestEntry testId="4c079a3c-32b1-18a2-0888-498e65e1e695" executionId="27fd3969-934f-4f4a-9cee-bc220b1933a6" testListId="8c84fa94-04c1-424b-9868-57a2d4851a1d" />
    <TestEntry testId="5ab62b20-54a2-c1ce-b77e-78e0928171bb" executionId="b064c24f-9294-4046-9730-5db8e01ec421" testListId="8c84fa94-04c1-424b-9868-57a2d4851a1d" />
    <TestEntry testId="e671fc0c-9f3c-71e0-8b22-c4f68d735e7f" executionId="793016ab-58a0-4726-a292-a7af4c8cacee" testListId="8c84fa94-04c1-424b-9868-57a2d4851a1d" />
    <TestEntry testId="0e950736-8c33-6909-c85f-78e931c25e77" executionId="41db573b-95e6-4599-84c4-8ebfa01bd462" testListId="8c84fa94-04c1-424b-9868-57a2d4851a1d" />
    <TestEntry testId="406cee59-f4cd-7984-c0a3-27cb754058dc" executionId="1ac83c2f-5c64-436c-887e-11678ba00957" testListId="8c84fa94-04c1-424b-9868-57a2d4851a1d" />
    <TestEntry testId="72855fe1-8be2-532b-4d86-61e95119c906" executionId="1a447238-ae63-4302-931f-ef4758b6bd8c" testListId="8c84fa94-04c1-424b-9868-57a2d4851a1d" />
    <TestEntry testId="dc5553ed-c8db-34b6-aa61-f33cd39a8ce9" executionId="f480d828-d5d5-4c4c-9a5f-2ece65e52798" testListId="8c84fa94-04c1-424b-9868-57a2d4851a1d" />
    <TestEntry testId="0ad4b394-46f3-87fb-eed4-e2c73091dff3" executionId="b0338d88-274f-4111-93f5-9368867a258d" testListId="8c84fa94-04c1-424b-9868-57a2d4851a1d" />
    <TestEntry testId="6e25d482-aece-59bc-9c5e-d67985d22dcc" executionId="0213fc57-21f2-4e72-abd6-43bc9cfdf527" testListId="8c84fa94-04c1-424b-9868-57a2d4851a1d" />
    <TestEntry testId="7a5350b3-34d1-bd37-e8d8-d06d15c440d2" executionId="730d85c6-a6c5-4be2-8832-4f052a8bc28e" testListId="8c84fa94-04c1-424b-9868-57a2d4851a1d" />
    <TestEntry testId="87830711-b32c-2c47-4ef6-67875858e949" executionId="2fd2fb30-60f4-4505-96ae-f4a89c4c7102" testListId="8c84fa94-04c1-424b-9868-57a2d4851a1d" />
    <TestEntry testId="8781c4e8-8f6b-fc4e-fad2-e4adb8260be9" executionId="45193042-4a59-4a43-937c-d4f6f40ad59f" testListId="8c84fa94-04c1-424b-9868-57a2d4851a1d" />
    <TestEntry testId="62360bb2-0571-b412-04d5-fd14e8294ea1" executionId="325aee1b-6c4c-4404-8201-38874874f3df" testListId="8c84fa94-04c1-424b-9868-57a2d4851a1d" />
    <TestEntry testId="ff37e13a-ef96-a965-37b4-7e2b5b7bc7cd" executionId="073744a6-a623-4ba9-aaef-464b789aaa08" testListId="8c84fa94-04c1-424b-9868-57a2d4851a1d" />
    <TestEntry testId="74b99f6c-f52d-e611-9fc2-7e56383e4299" executionId="07be319a-3213-410a-a831-451eea1c2bc6" testListId="8c84fa94-04c1-424b-9868-57a2d4851a1d" />
    <TestEntry testId="a0bf150c-e557-e095-022b-d649c58ba210" executionId="1b095982-931a-4c5c-9b5c-b1311d749709" testListId="8c84fa94-04c1-424b-9868-57a2d4851a1d" />
    <TestEntry testId="cf2bce97-0784-515c-e2f5-b39bb123cf9f" executionId="c80cf750-5db4-4177-9163-63cf4f8f8491" testListId="8c84fa94-04c1-424b-9868-57a2d4851a1d" />
    <TestEntry testId="56ff3fa9-0890-e06e-62f8-d4c54f830dfc" executionId="e51b225e-1adf-41ab-b039-9afc71085c13" testListId="8c84fa94-04c1-424b-9868-57a2d4851a1d" />
    <TestEntry testId="d2bdec8a-ca9e-7ce3-8f9b-b4cc3a8ec042" executionId="49c1e9f9-9dfd-483b-9efc-853d4b64004f" testListId="8c84fa94-04c1-424b-9868-57a2d4851a1d" />
    <TestEntry testId="4ad3fc13-c11a-f5b6-2594-d08a3607b0ec" executionId="1b892803-4367-4b74-b265-e6c120dea915" testListId="8c84fa94-04c1-424b-9868-57a2d4851a1d" />
    <TestEntry testId="d90a523b-e1ac-2a8a-dd1a-2b2e05a4e8cb" executionId="6f689032-ea84-45d4-866e-1ad23792f4e7" testListId="8c84fa94-04c1-424b-9868-57a2d4851a1d" />
    <TestEntry testId="23c3222c-43bf-12ab-6d71-69f32f727a99" executionId="d81fd7e6-5565-4697-8c0a-baafc8d4a58e" testListId="8c84fa94-04c1-424b-9868-57a2d4851a1d" />
    <TestEntry testId="895eb9fc-2343-3650-d2d8-97e69df3493b" executionId="cdf155a2-5174-489c-b4da-5dc72d6501a9" testListId="8c84fa94-04c1-424b-9868-57a2d4851a1d" />
    <TestEntry testId="d01a472c-8c79-6237-bbd9-99dcce00cbb8" executionId="a9c43a0f-f1cd-4c84-94a5-7eefec323751" testListId="8c84fa94-04c1-424b-9868-57a2d4851a1d" />
    <TestEntry testId="8711fcc3-eab8-86a0-2ca3-46b7c717fdd4" executionId="bb8ed4ac-fd10-4473-a799-49ec9ab0dd30" testListId="8c84fa94-04c1-424b-9868-57a2d4851a1d" />
    <TestEntry testId="2d0e7e74-3dc2-b64e-e8df-81c281af4e3d" executionId="302816d8-4465-4967-aed5-f08c469486e2" testListId="8c84fa94-04c1-424b-9868-57a2d4851a1d" />
    <TestEntry testId="660d3fbc-11c9-2181-8c43-b82c5f6b1504" executionId="5e65ad2e-6e6e-4d01-befd-f2288b968a34" testListId="8c84fa94-04c1-424b-9868-57a2d4851a1d" />
    <TestEntry testId="8d3921c6-4c1a-b1d4-4584-3d6429a3707e" executionId="961c48ff-42e4-44a1-81bb-7e26538e34f0" testListId="8c84fa94-04c1-424b-9868-57a2d4851a1d" />
    <TestEntry testId="7a29bb4c-872a-7722-5bfa-4ff03f288d37" executionId="ae3ca41c-1510-48a0-8691-677064962623" testListId="8c84fa94-04c1-424b-9868-57a2d4851a1d" />
    <TestEntry testId="2c1f07ec-ce8f-9b5e-788c-417096e2b9e1" executionId="f065db19-bb2c-483d-9e17-fa6595385323" testListId="8c84fa94-04c1-424b-9868-57a2d4851a1d" />
    <TestEntry testId="a786e6a0-7158-6a05-c54a-28647fb14bb7" executionId="be43f468-cb7a-4eb9-ab6a-c90876791420" testListId="8c84fa94-04c1-424b-9868-57a2d4851a1d" />
    <TestEntry testId="cb87ae3f-127d-d533-f5f1-ec7b4f65cbcc" executionId="62374473-6ca4-4323-b71e-9a49482ad900" testListId="8c84fa94-04c1-424b-9868-57a2d4851a1d" />
    <TestEntry testId="4c20bf32-144e-f991-5a67-7f381a38b0ef" executionId="9c81ebd0-9137-4935-ab32-ec185a55aefc" testListId="8c84fa94-04c1-424b-9868-57a2d4851a1d" />
    <TestEntry testId="63fb96d5-d28e-59d8-da39-0b1d1307a3be" executionId="2efb0d90-8e74-49b0-81ac-ba28cc2b03d1" testListId="8c84fa94-04c1-424b-9868-57a2d4851a1d" />
    <TestEntry testId="d02f35d6-61fd-fd34-88f9-5255843d0782" executionId="b96c8f29-440f-4954-8437-a557a2f386be" testListId="8c84fa94-04c1-424b-9868-57a2d4851a1d" />
    <TestEntry testId="89935175-7a1b-8472-5162-947ab445be3b" executionId="aeb9de41-1d34-4b0c-a0a4-2dfdddef741d" testListId="8c84fa94-04c1-424b-9868-57a2d4851a1d" />
    <TestEntry testId="0dee4a37-8d38-ef6d-98a5-3e594bce7f88" executionId="ac8c5d69-8f8f-4421-a518-82180b04f315" testListId="8c84fa94-04c1-424b-9868-57a2d4851a1d" />
    <TestEntry testId="478d0236-e1c2-77c9-69c0-a72f12637e60" executionId="cdcd5b2c-5839-4569-962b-262479db2ade" testListId="8c84fa94-04c1-424b-9868-57a2d4851a1d" />
    <TestEntry testId="4fdd99bf-6905-0af0-30e5-6e050f489153" executionId="d51fa6ed-056a-4c56-82d3-fc3080a8b891" testListId="8c84fa94-04c1-424b-9868-57a2d4851a1d" />
    <TestEntry testId="973652a4-37ac-8c5a-9df8-ff32f79b8968" executionId="3bf69027-6939-4672-acd8-db844af966e8" testListId="8c84fa94-04c1-424b-9868-57a2d4851a1d" />
    <TestEntry testId="fde63fcf-969d-dfa6-38ad-696fd5d00bc2" executionId="2cc8afce-2bd2-43f4-a1d5-7bb2690cd9c7" testListId="8c84fa94-04c1-424b-9868-57a2d4851a1d" />
    <TestEntry testId="a181eeb7-1c31-8890-a7e0-69f2adb601a4" executionId="1bb2ec6b-8644-409a-9f64-630da95685ce" testListId="8c84fa94-04c1-424b-9868-57a2d4851a1d" />
    <TestEntry testId="d697ec40-0cdc-2a97-6199-7cace147591a" executionId="2769f5f7-9214-4b44-a0a4-24f70b96e586" testListId="8c84fa94-04c1-424b-9868-57a2d4851a1d" />
    <TestEntry testId="55521edb-a4b7-bc99-96a2-4a68c93fc884" executionId="7df7558f-b1cb-4c06-a0ac-74c228cd8e4e" testListId="8c84fa94-04c1-424b-9868-57a2d4851a1d" />
    <TestEntry testId="0ea16923-06ad-6887-3f6e-aa5fa78ff65a" executionId="4c17f9f2-c7fb-4429-87d2-ac7e9e500812" testListId="8c84fa94-04c1-424b-9868-57a2d4851a1d" />
    <TestEntry testId="58078e76-fc8c-090d-f603-a4db3d83abcc" executionId="79b99eb5-e184-49ff-9939-23792877e683" testListId="8c84fa94-04c1-424b-9868-57a2d4851a1d" />
    <TestEntry testId="b7095fa5-4f07-bfb6-a358-0338e32383f9" executionId="a746f419-5603-4374-a5f6-8a1429548023" testListId="8c84fa94-04c1-424b-9868-57a2d4851a1d" />
    <TestEntry testId="5304ef5f-6f68-f464-023c-0e8f2792256b" executionId="d6f4df08-a16e-431c-8553-5115f8c046df" testListId="8c84fa94-04c1-424b-9868-57a2d4851a1d" />
    <TestEntry testId="2a89a08d-dc4f-9b66-c54a-43d74ab324c2" executionId="7183a1df-c08a-45de-ace1-f979365569e4" testListId="8c84fa94-04c1-424b-9868-57a2d4851a1d" />
    <TestEntry testId="c98d87e1-2599-14ad-dad8-186cb5a68eb4" executionId="377bf522-93ec-435c-80ad-a14e96a99519" testListId="8c84fa94-04c1-424b-9868-57a2d4851a1d" />
    <TestEntry testId="e0f9e943-40a9-c69d-3157-2bda05edf6aa" executionId="a3fe5c92-62bd-4345-88d4-51ee034fee97" testListId="8c84fa94-04c1-424b-9868-57a2d4851a1d" />
    <TestEntry testId="f5d9ddfe-7809-e6c0-f589-d7f4a1e2a8af" executionId="3e872071-3775-4331-a709-3204c5cdec1f" testListId="8c84fa94-04c1-424b-9868-57a2d4851a1d" />
    <TestEntry testId="b0e10c91-c024-4a15-62c7-840e030250c4" executionId="831c8ade-55dd-4cd0-961f-5e5898230c08" testListId="8c84fa94-04c1-424b-9868-57a2d4851a1d" />
    <TestEntry testId="c3727fbd-7b27-2b58-8aac-80b9993febce" executionId="f14b5edd-eb64-4731-ac97-10130f3f045f" testListId="8c84fa94-04c1-424b-9868-57a2d4851a1d" />
    <TestEntry testId="ac48ab08-0586-5064-3572-983965e5b6b6" executionId="80e988df-1a3f-4942-b7bd-a7c42b28b543" testListId="8c84fa94-04c1-424b-9868-57a2d4851a1d" />
    <TestEntry testId="9aeccaa7-2271-ee00-99ac-96f3fa1164be" executionId="4e9e424e-507a-4a24-ada1-1ee79b5a84de" testListId="8c84fa94-04c1-424b-9868-57a2d4851a1d" />
    <TestEntry testId="3c6da4f1-e15b-e209-7afc-b41a7ac6ff10" executionId="8fa24781-cf73-4f4b-9bec-e476a7081fe9" testListId="8c84fa94-04c1-424b-9868-57a2d4851a1d" />
    <TestEntry testId="776120a9-8caa-dd82-0111-de02703fa844" executionId="6a7d3b69-ad04-4cb5-a459-7ffa7c9abf7b" testListId="8c84fa94-04c1-424b-9868-57a2d4851a1d" />
    <TestEntry testId="305136ec-e536-ca06-24de-c6336ceb8a55" executionId="1101a397-398a-4336-97c5-0cf18118b7b8" testListId="8c84fa94-04c1-424b-9868-57a2d4851a1d" />
    <TestEntry testId="8b87f0b1-f144-8df8-ff9c-dd082dee0789" executionId="4e7ceb33-f78b-4198-8c9f-11fda49c48b9" testListId="8c84fa94-04c1-424b-9868-57a2d4851a1d" />
    <TestEntry testId="db58b9a0-b265-e010-375f-3c8e68defc73" executionId="88c08b97-65f0-428d-8905-fff50686fd11" testListId="8c84fa94-04c1-424b-9868-57a2d4851a1d" />
    <TestEntry testId="78da3d90-e186-2eb8-9d50-1ad80ad9921b" executionId="e2ee4929-a3b9-4b52-9772-a856554d4b5a" testListId="8c84fa94-04c1-424b-9868-57a2d4851a1d" />
    <TestEntry testId="2be8ff91-530a-56da-c98c-d25f9ef28970" executionId="07c4b7d6-a7e1-45a8-8f49-e5641f1108f2" testListId="8c84fa94-04c1-424b-9868-57a2d4851a1d" />
    <TestEntry testId="b13c73e0-3d5f-8cb8-a883-f65f02f74154" executionId="69313656-8ab0-4585-8bd5-a81b37dc9fd5" testListId="8c84fa94-04c1-424b-9868-57a2d4851a1d" />
    <TestEntry testId="f16a12ad-889f-384d-d0eb-cbbdfad076fe" executionId="8cc0f934-c5f8-49d1-942d-e98f5020e1fa" testListId="8c84fa94-04c1-424b-9868-57a2d4851a1d" />
    <TestEntry testId="95782b76-412a-a409-a816-e93155ca7714" executionId="3d1a5b44-ad26-407e-8c87-044760338804" testListId="8c84fa94-04c1-424b-9868-57a2d4851a1d" />
    <TestEntry testId="a2d013ca-7402-4f94-4ab9-860cc766f7d2" executionId="6e499952-b1e4-4345-b5e0-bb965416006d" testListId="8c84fa94-04c1-424b-9868-57a2d4851a1d" />
    <TestEntry testId="855e6bd6-0b07-1dab-aa8f-031499a76818" executionId="7cc0de79-88ce-45e1-be10-92a56507b5a3" testListId="8c84fa94-04c1-424b-9868-57a2d4851a1d" />
    <TestEntry testId="1131d610-fdb8-bf14-5dd7-5607c21d80e3" executionId="64de99ea-cf50-454f-a0e6-3190055323d1" testListId="8c84fa94-04c1-424b-9868-57a2d4851a1d" />
    <TestEntry testId="3355c355-6b0a-3812-de70-8d7a8a005906" executionId="61aba3cb-180c-4bd9-86b7-27bcf72191a9" testListId="8c84fa94-04c1-424b-9868-57a2d4851a1d" />
    <TestEntry testId="86d2f9a3-cd73-6e30-e154-d9542034e978" executionId="9e2fc58e-5a2d-4b17-a78e-d19a3c5a21d3" testListId="8c84fa94-04c1-424b-9868-57a2d4851a1d" />
    <TestEntry testId="c78705d8-4e54-e5cc-d7aa-358b1af77cf7" executionId="66687b6b-b02b-4ab0-98a6-8be40c03e783" testListId="8c84fa94-04c1-424b-9868-57a2d4851a1d" />
    <TestEntry testId="06d7b27d-6e66-2e53-04a1-64a9308dafcb" executionId="afa8c7ed-b062-403f-acef-8027c1dc9a7c" testListId="8c84fa94-04c1-424b-9868-57a2d4851a1d" />
    <TestEntry testId="90ade623-c933-13b0-3f87-d92db5a5c117" executionId="05407a0c-3950-4ca9-bd97-3605a4f60039" testListId="8c84fa94-04c1-424b-9868-57a2d4851a1d" />
    <TestEntry testId="861f7062-4b72-e737-65a5-00e91edfb64b" executionId="f01178ca-acf7-4685-b9dc-8d8f456a8982" testListId="8c84fa94-04c1-424b-9868-57a2d4851a1d" />
    <TestEntry testId="dfc99105-842d-994d-413a-71febf5a5573" executionId="0636fbd5-71f6-41ed-82c9-a0b318573060" testListId="8c84fa94-04c1-424b-9868-57a2d4851a1d" />
    <TestEntry testId="8a8e4fe8-cc44-1592-1359-5f4e8b98044b" executionId="40925876-ebfa-4fbb-a8d1-421a44c1aa14" testListId="8c84fa94-04c1-424b-9868-57a2d4851a1d" />
    <TestEntry testId="64c5fa93-8c90-e61b-c74e-24c3a14c685e" executionId="3d5f44d3-6a9f-46f7-aa9e-8d56eff90bb5" testListId="8c84fa94-04c1-424b-9868-57a2d4851a1d" />
    <TestEntry testId="332d7c0b-99e9-8913-1359-6d2df137b355" executionId="bdc353d8-e7dd-4bf6-97e4-c1ceaae36775" testListId="8c84fa94-04c1-424b-9868-57a2d4851a1d" />
    <TestEntry testId="1b215d44-dc60-3855-41b7-391caaf25646" executionId="25bbece7-3571-4094-a401-a69a71f66b99" testListId="8c84fa94-04c1-424b-9868-57a2d4851a1d" />
    <TestEntry testId="ba697472-1eee-6276-10b8-517f33455021" executionId="35c50fcb-75f7-42d3-822c-d18a8fc1dc28" testListId="8c84fa94-04c1-424b-9868-57a2d4851a1d" />
    <TestEntry testId="fc8ab86d-a099-7d02-2f3d-3dc65e5166d3" executionId="b1c3ba19-6b47-49aa-afcd-296d9124ca4e" testListId="8c84fa94-04c1-424b-9868-57a2d4851a1d" />
    <TestEntry testId="ef4e21c0-7da5-c60c-260f-ced0773f5f69" executionId="2f688946-bc19-47f9-9c1d-67491138d709" testListId="8c84fa94-04c1-424b-9868-57a2d4851a1d" />
    <TestEntry testId="20b32a9d-1528-d876-b23d-11423094b46d" executionId="bf0812d2-25d8-4051-8515-5002c6bc7d06" testListId="8c84fa94-04c1-424b-9868-57a2d4851a1d" />
    <TestEntry testId="e9db157d-7d85-2810-0c2d-91345491fde3" executionId="227545b5-375b-4ebc-ab92-4ff2b3b56537" testListId="8c84fa94-04c1-424b-9868-57a2d4851a1d" />
    <TestEntry testId="c122d3c0-e65a-97bc-0031-9b0adfb0a20b" executionId="2f9b0389-c650-4719-a13c-d7030aaee7f2" testListId="8c84fa94-04c1-424b-9868-57a2d4851a1d" />
    <TestEntry testId="971ae998-f6f4-2825-fcc4-633419b90bb1" executionId="3c4570db-a53c-4aa7-8878-d490c243eb51" testListId="8c84fa94-04c1-424b-9868-57a2d4851a1d" />
    <TestEntry testId="2c3cc6dd-0ecc-2298-ce4a-d064661bf1a0" executionId="8fdc9755-7f82-4f28-89d2-e28c9616bdfd" testListId="8c84fa94-04c1-424b-9868-57a2d4851a1d" />
    <TestEntry testId="2e3adaa4-ba6e-d91b-783c-2bb11efe1b7a" executionId="b3d2c0a3-3a48-4f0e-adf0-964d16c7e7a5" testListId="8c84fa94-04c1-424b-9868-57a2d4851a1d" />
    <TestEntry testId="50437517-5fc5-21fb-fd24-7bb70ccad1c0" executionId="bb2ee193-44c2-4517-a397-e7f4a7f41322" testListId="8c84fa94-04c1-424b-9868-57a2d4851a1d" />
    <TestEntry testId="e5d871b7-fc8e-4988-1624-5f0f63d734ec" executionId="85603011-41f9-44f1-a74c-2305d33d415a" testListId="8c84fa94-04c1-424b-9868-57a2d4851a1d" />
    <TestEntry testId="0fea2cc1-51cc-e0fa-152a-f6a58ad22a37" executionId="832a9c9d-6f7a-40df-90ad-856368b6654f" testListId="8c84fa94-04c1-424b-9868-57a2d4851a1d" />
    <TestEntry testId="d49deff6-a41c-933f-0317-09cc05fa0974" executionId="fd06c33d-b2bf-49e9-8978-1dfd8534be21" testListId="8c84fa94-04c1-424b-9868-57a2d4851a1d" />
    <TestEntry testId="7b500be0-a5d4-b64a-b894-c5511ab58617" executionId="f54839c6-5874-4960-8778-22b5f442e5ff" testListId="8c84fa94-04c1-424b-9868-57a2d4851a1d" />
    <TestEntry testId="13b2a1dd-d764-6ad5-a674-3e86cc761e8a" executionId="f3ac95e5-ad8d-404a-9420-c9da1ebbe8a5" testListId="8c84fa94-04c1-424b-9868-57a2d4851a1d" />
    <TestEntry testId="c3c6004f-1cee-dde7-31e1-dc9ac6e20c92" executionId="666c9e1e-6971-41be-a8ed-dd0cc1e7c5fb" testListId="8c84fa94-04c1-424b-9868-57a2d4851a1d" />
    <TestEntry testId="d2076066-545c-8d0e-4e0a-900f85db5e1f" executionId="5baa1166-9b35-4133-b0b4-915aa9a54563" testListId="8c84fa94-04c1-424b-9868-57a2d4851a1d" />
    <TestEntry testId="fdaa70b5-d6a7-4b1c-2dcb-1ad653aa4853" executionId="8b3f721b-ffc9-46e8-805d-bc6e1b0a5ba1" testListId="8c84fa94-04c1-424b-9868-57a2d4851a1d" />
    <TestEntry testId="671ee35e-217f-e976-440a-afae3aff818a" executionId="8804ae58-95b6-426b-b39e-72b59c0b1e3b" testListId="8c84fa94-04c1-424b-9868-57a2d4851a1d" />
    <TestEntry testId="b95925c6-4417-d47a-19a9-e46062ab44bc" executionId="d40a0ab1-9455-457e-a248-b8c6aa493c67" testListId="8c84fa94-04c1-424b-9868-57a2d4851a1d" />
    <TestEntry testId="b53cbe33-730e-fb6f-4fda-1e9679963edf" executionId="a2452522-3126-45b9-911c-bbdc84ea2cc4" testListId="8c84fa94-04c1-424b-9868-57a2d4851a1d" />
    <TestEntry testId="623a898d-977d-5b91-e1b8-7c6682d95502" executionId="440c93ea-e388-44e6-8c5e-d605cf5efb2b" testListId="8c84fa94-04c1-424b-9868-57a2d4851a1d" />
    <TestEntry testId="88071ce5-6a3f-f4ed-8ba6-7bfde6e1c46a" executionId="30019471-bfb5-42bf-8f27-0b534fbb9e6e" testListId="8c84fa94-04c1-424b-9868-57a2d4851a1d" />
    <TestEntry testId="0110325c-27e3-3325-4a17-71d49ff6f036" executionId="d31d4e81-8e5f-4f4b-bce9-777d152e24a8" testListId="8c84fa94-04c1-424b-9868-57a2d4851a1d" />
    <TestEntry testId="471a9d0c-0431-d46b-1459-094d77836e47" executionId="91ac8179-1b7c-4a35-8e0e-2b88443f64fb" testListId="8c84fa94-04c1-424b-9868-57a2d4851a1d" />
    <TestEntry testId="6a126318-594d-0412-acf1-03ec27689761" executionId="20b1d8a3-4c30-4a50-8c12-1cb92852a780" testListId="8c84fa94-04c1-424b-9868-57a2d4851a1d" />
    <TestEntry testId="5cd4b702-56a3-e460-79f3-24a1a68869f7" executionId="90992b07-6753-43e7-9b3f-f12f7c8a9a13" testListId="8c84fa94-04c1-424b-9868-57a2d4851a1d" />
    <TestEntry testId="84d3c143-14c2-3de5-71ff-f8eed6db60b1" executionId="77870537-c68f-4136-a443-f6d50b5bafd4" testListId="8c84fa94-04c1-424b-9868-57a2d4851a1d" />
    <TestEntry testId="cd8ebcc2-066f-cdc6-6883-57e1205bcf51" executionId="d9b52841-9717-4872-9019-aa48ab26bb22" testListId="8c84fa94-04c1-424b-9868-57a2d4851a1d" />
    <TestEntry testId="0f2fab4c-9ed0-8156-9134-b17ff014dc4a" executionId="bc08533f-ff50-48b0-8cf0-865be0b9bb68" testListId="8c84fa94-04c1-424b-9868-57a2d4851a1d" />
    <TestEntry testId="5a8fb903-2861-1882-49ca-4356404c3995" executionId="aad66a6d-e300-423c-b6ea-ffd5bc8a8a0e" testListId="8c84fa94-04c1-424b-9868-57a2d4851a1d" />
    <TestEntry testId="fb732742-5469-4819-2a2e-a73e08e91605" executionId="467c4787-0d62-4332-8b79-dd78bc290a27" testListId="8c84fa94-04c1-424b-9868-57a2d4851a1d" />
    <TestEntry testId="ba333333-3cb8-334f-91af-f5ad79143e8f" executionId="ff5fd5b9-0d76-44c7-91e2-11f7099a9a15" testListId="8c84fa94-04c1-424b-9868-57a2d4851a1d" />
    <TestEntry testId="8f3e7c48-bb88-696a-3cb3-b7922e8f86c1" executionId="aba77f0f-a4a5-42cf-b4b9-e3fc21cce287" testListId="8c84fa94-04c1-424b-9868-57a2d4851a1d" />
    <TestEntry testId="12e3f3e5-87cc-94c2-7b91-aad929301ec9" executionId="f7b293bc-9d27-4f38-890d-ea14880be6c7" testListId="8c84fa94-04c1-424b-9868-57a2d4851a1d" />
    <TestEntry testId="60f76d2a-8443-d6c5-ab49-4b19e96bdb7e" executionId="04925885-b709-4a6d-bfd9-1d75d479daf4" testListId="8c84fa94-04c1-424b-9868-57a2d4851a1d" />
    <TestEntry testId="6eb63bb3-0a07-3cfb-8d0a-86ee2a28be11" executionId="9fabee1f-a475-4c0e-a11c-a505456e7297" testListId="8c84fa94-04c1-424b-9868-57a2d4851a1d" />
    <TestEntry testId="d02218a8-fae4-70d3-39b6-dbd98bfacc73" executionId="a8d01e67-68cf-4e0f-95ea-68b4da9ac205" testListId="8c84fa94-04c1-424b-9868-57a2d4851a1d" />
    <TestEntry testId="01ab0198-4b7e-8a94-e88d-b1f770a7248f" executionId="3e8b5729-9322-44b6-9604-6d0c878c524e" testListId="8c84fa94-04c1-424b-9868-57a2d4851a1d" />
    <TestEntry testId="db2886ea-13dd-b03a-a528-49fda3ee9983" executionId="c54d62f9-d2a0-49ef-aa7e-153542b47efa" testListId="8c84fa94-04c1-424b-9868-57a2d4851a1d" />
    <TestEntry testId="87f381e7-d9c3-dd59-a7de-147f1cb1e49c" executionId="de284700-1eee-4ced-a227-3cc79829e2b2" testListId="8c84fa94-04c1-424b-9868-57a2d4851a1d" />
    <TestEntry testId="5175ef0f-a0f9-284b-e221-701056f8c5c0" executionId="152a1af2-7d39-485a-807f-90e801c4be28" testListId="8c84fa94-04c1-424b-9868-57a2d4851a1d" />
    <TestEntry testId="5c82a30b-ee73-73a7-ae23-b19a1b7c7820" executionId="a109a672-6b28-4f58-bd8a-255acdffe8fb" testListId="8c84fa94-04c1-424b-9868-57a2d4851a1d" />
    <TestEntry testId="f4957e0d-8b3e-6f39-d235-00a44690d337" executionId="74fc35a9-197c-4931-b1cc-a19b8b9c6f98" testListId="8c84fa94-04c1-424b-9868-57a2d4851a1d" />
    <TestEntry testId="05f48571-d878-d35c-a36e-2898473abdf2" executionId="7f01b0ac-7e18-4d23-89c8-ca6129932548" testListId="8c84fa94-04c1-424b-9868-57a2d4851a1d" />
    <TestEntry testId="a2585aed-0f0c-4b5a-b559-bb2fb6af779c" executionId="1e2a79c8-f663-42d4-bf39-b3496849488c" testListId="8c84fa94-04c1-424b-9868-57a2d4851a1d" />
    <TestEntry testId="550475a3-cdd8-1a4c-8164-53657594f4b5" executionId="93fbe4e3-8663-4115-8112-a227ae4e98f0" testListId="8c84fa94-04c1-424b-9868-57a2d4851a1d" />
    <TestEntry testId="f2eafc92-05e6-6561-5ea1-9b5fc4ef5a32" executionId="61996922-2133-49ea-8fab-840bdfb2a1fe" testListId="8c84fa94-04c1-424b-9868-57a2d4851a1d" />
    <TestEntry testId="ed095898-1909-8564-6a3c-b8e3252b52c8" executionId="949d6b7a-8b1b-4240-8200-3195231a1500" testListId="8c84fa94-04c1-424b-9868-57a2d4851a1d" />
    <TestEntry testId="97f51352-286e-4e1f-35c9-41d9a4f5e756" executionId="9208a545-91a9-47f9-9826-275b067592e7" testListId="8c84fa94-04c1-424b-9868-57a2d4851a1d" />
    <TestEntry testId="caaa1ff0-9d50-8a88-cc0f-12986835057f" executionId="c7e50025-0b0c-44c9-bfba-101d6e9bbaeb" testListId="8c84fa94-04c1-424b-9868-57a2d4851a1d" />
    <TestEntry testId="33935880-2468-ac2a-2804-1f3918d25628" executionId="4cd3e306-d791-4d0e-87cb-84671326e24f" testListId="8c84fa94-04c1-424b-9868-57a2d4851a1d" />
    <TestEntry testId="c7772852-e1ce-5a56-9e2d-f376c5ee0d2f" executionId="18acc416-a00c-4c0f-8267-ea85e27ce5de" testListId="8c84fa94-04c1-424b-9868-57a2d4851a1d" />
    <TestEntry testId="738cbe03-e159-a418-8d3e-aaea3bd6f9f5" executionId="a6b2145a-c409-4dd6-8bee-1dd9ca1fc74d" testListId="8c84fa94-04c1-424b-9868-57a2d4851a1d" />
    <TestEntry testId="8b087bdb-e613-2682-1659-90f070e3535d" executionId="1dab0b48-ab54-4495-8f61-1fd166f0bd7a" testListId="8c84fa94-04c1-424b-9868-57a2d4851a1d" />
    <TestEntry testId="4c99feff-404f-f1d9-19da-f0e8d2262427" executionId="5695ff37-2f2c-4ccb-bb8e-0de7fa2c559f" testListId="8c84fa94-04c1-424b-9868-57a2d4851a1d" />
    <TestEntry testId="2a4b4823-fd60-1de2-7bef-a1adf9e470c2" executionId="e3231a27-f538-4784-ae41-196ce1903255" testListId="8c84fa94-04c1-424b-9868-57a2d4851a1d" />
    <TestEntry testId="27940d64-03df-8f28-2a77-22152c4e2bc7" executionId="91f99bbd-9495-4977-ba12-0a2852fe4d30" testListId="8c84fa94-04c1-424b-9868-57a2d4851a1d" />
    <TestEntry testId="701dc107-7f79-fab2-b18e-55df056f2ab4" executionId="74da2482-6757-44d7-bda1-c75154ae5dca" testListId="8c84fa94-04c1-424b-9868-57a2d4851a1d" />
    <TestEntry testId="1f86583b-e772-053b-5dde-1a3c6a164dcd" executionId="773cbcc9-868b-459b-9b80-747b0e29645e" testListId="8c84fa94-04c1-424b-9868-57a2d4851a1d" />
    <TestEntry testId="9a1e0638-3454-96aa-be92-9d9c7a4bfa39" executionId="3a9131b2-4d96-4b3d-bf5a-da1f907e65a1" testListId="8c84fa94-04c1-424b-9868-57a2d4851a1d" />
    <TestEntry testId="4ffbb65d-5283-caab-4ee9-d197524190bc" executionId="32947358-c8eb-4eac-aa13-0ba07ae5d6b8" testListId="8c84fa94-04c1-424b-9868-57a2d4851a1d" />
    <TestEntry testId="73bd23e6-7d5d-17da-f712-c442eb016e35" executionId="7ab32f1d-c52a-4b2a-8480-b164e1c92d14" testListId="8c84fa94-04c1-424b-9868-57a2d4851a1d" />
    <TestEntry testId="319e9db8-8f37-6739-0cbb-83eff6d39b32" executionId="817398a3-befe-423b-bfb4-20e07f651390" testListId="8c84fa94-04c1-424b-9868-57a2d4851a1d" />
    <TestEntry testId="8c07f686-6c37-5afb-9e2e-861969346f9f" executionId="3df938dc-cce1-481f-a9ac-167833242973" testListId="8c84fa94-04c1-424b-9868-57a2d4851a1d" />
    <TestEntry testId="e6f18f4e-717d-7e35-b333-de26f141ac91" executionId="ca2c2278-cf25-49e2-aafc-0220cb5d7eae" testListId="8c84fa94-04c1-424b-9868-57a2d4851a1d" />
    <TestEntry testId="417be307-97e0-4052-1dcd-f4ea8d9db811" executionId="9d33cc86-fd43-4190-9a73-dbd2c984abe8" testListId="8c84fa94-04c1-424b-9868-57a2d4851a1d" />
    <TestEntry testId="7e087806-67ee-93e5-99ce-89aefdf33c63" executionId="5566ff5c-6295-4f48-b97a-b177eff8b50b" testListId="8c84fa94-04c1-424b-9868-57a2d4851a1d" />
    <TestEntry testId="8e306d02-bff6-2147-0601-d259a33cfc75" executionId="8ca8598d-a2fd-430c-a814-f3e49f171c8c" testListId="8c84fa94-04c1-424b-9868-57a2d4851a1d" />
    <TestEntry testId="de275d14-569b-3727-dc66-e87b528f415d" executionId="5575987c-f783-43df-8ab1-690a23414bef" testListId="8c84fa94-04c1-424b-9868-57a2d4851a1d" />
    <TestEntry testId="3ed7a399-d9a7-d9be-39f4-d877ad4e286e" executionId="4a5ecf81-e954-471d-a906-d313b872c9f6" testListId="8c84fa94-04c1-424b-9868-57a2d4851a1d" />
    <TestEntry testId="81d55e49-1ae7-4ea3-83a6-f68b4a9992bd" executionId="40afaef9-143e-40cc-86c7-88d72886cbe5" testListId="8c84fa94-04c1-424b-9868-57a2d4851a1d" />
    <TestEntry testId="1991c578-2343-4df2-6af1-b0db3a798f44" executionId="757c3779-b487-4f78-a8da-77431b8e93e4" testListId="8c84fa94-04c1-424b-9868-57a2d4851a1d" />
    <TestEntry testId="3166ce8a-6864-b5e2-c1c8-2bea9adde082" executionId="2719dc09-f726-45df-9366-5e852fe121d0" testListId="8c84fa94-04c1-424b-9868-57a2d4851a1d" />
    <TestEntry testId="dacad55c-89db-4a83-ada9-6fb14502b91c" executionId="b2e52c7d-7d40-4010-ab7f-729ad5053ec6" testListId="8c84fa94-04c1-424b-9868-57a2d4851a1d" />
    <TestEntry testId="eb8cc7fe-9fe8-0f19-c373-e4f56eaad478" executionId="1a386d70-c9f0-48f1-bb16-07108718c565" testListId="8c84fa94-04c1-424b-9868-57a2d4851a1d" />
    <TestEntry testId="1b048c4f-8dd0-574f-1458-26bf1df29b58" executionId="e7cfe180-3ae8-4c13-9dd9-3078bf801575" testListId="8c84fa94-04c1-424b-9868-57a2d4851a1d" />
    <TestEntry testId="45bd735f-7812-dc55-613d-6b72234baad1" executionId="853170b1-605c-4ce9-81f8-6ad3f645cc16" testListId="8c84fa94-04c1-424b-9868-57a2d4851a1d" />
    <TestEntry testId="efcae59c-c765-a30f-3362-183bf9168666" executionId="77bb8889-fe81-4a0b-8046-4738f25cf747" testListId="8c84fa94-04c1-424b-9868-57a2d4851a1d" />
    <TestEntry testId="6bd5f4c7-c179-311a-1fc1-8d1f4fd89099" executionId="1b49136a-5f68-48c8-9617-34b982366a05" testListId="8c84fa94-04c1-424b-9868-57a2d4851a1d" />
    <TestEntry testId="34c107db-e9ce-df15-620e-0ed84eb2d0d6" executionId="d0fbe71a-5269-4bda-8964-d581cb5d6e75" testListId="8c84fa94-04c1-424b-9868-57a2d4851a1d" />
    <TestEntry testId="0fc9e9bc-717c-57dc-ce36-115b2e3717aa" executionId="d0d5e0d1-b3fc-4f0f-995f-1274fe52d9db" testListId="8c84fa94-04c1-424b-9868-57a2d4851a1d" />
    <TestEntry testId="101686f8-0bec-03ef-e5aa-8afcc05984fe" executionId="3e5a107d-a121-487f-a0ee-681878bf3551" testListId="8c84fa94-04c1-424b-9868-57a2d4851a1d" />
    <TestEntry testId="9a284a1d-156e-907f-d45e-bf23dce7a8b2" executionId="6d9d2fce-5b44-46b9-a726-236900b58d1f" testListId="8c84fa94-04c1-424b-9868-57a2d4851a1d" />
    <TestEntry testId="13753856-9a1f-9357-f48e-ccc42a00eb0c" executionId="c248d872-8a3b-4b58-82ed-664080bfec4d" testListId="8c84fa94-04c1-424b-9868-57a2d4851a1d" />
    <TestEntry testId="19ae25b4-0231-fc97-1b8f-0232f3086906" executionId="f2403490-5daf-4a52-b65c-09c1a7231ca5" testListId="8c84fa94-04c1-424b-9868-57a2d4851a1d" />
    <TestEntry testId="584617a4-8322-97bf-2a6c-744ce8c991ef" executionId="7304e32a-906a-4a96-be47-be2dd89cc38a" testListId="8c84fa94-04c1-424b-9868-57a2d4851a1d" />
    <TestEntry testId="156bd96a-a805-e045-2ce9-1615a20e29fa" executionId="452eb515-5636-426c-ae1c-0512a14a177e" testListId="8c84fa94-04c1-424b-9868-57a2d4851a1d" />
    <TestEntry testId="23557db4-cf2f-5c4a-81e2-b54970cb5a80" executionId="f91f02ce-7bf8-41e0-b87e-e65ac5fde512" testListId="8c84fa94-04c1-424b-9868-57a2d4851a1d" />
    <TestEntry testId="efe4db7d-9fc9-dd9f-492e-e4ff6529fb1e" executionId="20f67cd2-c6be-4518-8be7-325f8f5152d3" testListId="8c84fa94-04c1-424b-9868-57a2d4851a1d" />
    <TestEntry testId="56b52fe7-501e-5059-ffb3-616a27cb0414" executionId="88e6e1ff-9879-4341-bc91-755821616fcd" testListId="8c84fa94-04c1-424b-9868-57a2d4851a1d" />
    <TestEntry testId="6abab9f6-2ccc-d047-2fba-1c19ca4d1351" executionId="9efeb89e-70c6-400a-82f4-fa7d4861e0d6" testListId="8c84fa94-04c1-424b-9868-57a2d4851a1d" />
    <TestEntry testId="c9679473-a3e5-7489-307e-ee6faf3a6896" executionId="1570c621-4ca3-46d8-a9ba-d52fbc73ef65" testListId="8c84fa94-04c1-424b-9868-57a2d4851a1d" />
    <TestEntry testId="a0ce8b18-c0e1-b20c-c79e-d473edcc8518" executionId="0a1fb810-0ee7-4b07-8fea-efc89e834d35" testListId="8c84fa94-04c1-424b-9868-57a2d4851a1d" />
    <TestEntry testId="c126ef38-de54-9d14-e11c-edf70abaf073" executionId="d23e2781-9e60-4130-b6c4-753334f6cc54" testListId="8c84fa94-04c1-424b-9868-57a2d4851a1d" />
    <TestEntry testId="ab974738-a590-83df-60ac-92b301ef7ab8" executionId="38927c83-d1be-47ea-9304-532686f2b828" testListId="8c84fa94-04c1-424b-9868-57a2d4851a1d" />
    <TestEntry testId="dbc60698-0cd7-03e9-b63e-13b29d5c84fe" executionId="95bbfe92-0246-4170-baef-c9de2aa684c2" testListId="8c84fa94-04c1-424b-9868-57a2d4851a1d" />
    <TestEntry testId="b77b4041-c2a1-a348-dd99-14c2acc50a9c" executionId="829af7e2-b3cd-422e-a155-45d6a121f7b5" testListId="8c84fa94-04c1-424b-9868-57a2d4851a1d" />
    <TestEntry testId="8ad35947-3018-f160-b80e-8c54c467a21a" executionId="193f2f81-860f-4378-8650-adca43d80c76" testListId="8c84fa94-04c1-424b-9868-57a2d4851a1d" />
    <TestEntry testId="96abbcdd-783c-a6e6-4e38-7f3dc42ebf4f" executionId="7cee4925-e4ab-45a1-ad1a-27a6c3ca27f6" testListId="8c84fa94-04c1-424b-9868-57a2d4851a1d" />
    <TestEntry testId="5af784fc-9243-ca85-aed0-526fe2586632" executionId="259c391f-530a-46eb-a63c-193e356a002a" testListId="8c84fa94-04c1-424b-9868-57a2d4851a1d" />
    <TestEntry testId="80cc67c7-792e-07c8-c20a-98cfccf11348" executionId="4a385491-7fa3-4eb0-89d5-bd283221c44b" testListId="8c84fa94-04c1-424b-9868-57a2d4851a1d" />
    <TestEntry testId="3396378a-9ca0-08c0-5632-b84c1a5adbad" executionId="925eb37f-37c9-4de6-b6c2-344f5172bbbd" testListId="8c84fa94-04c1-424b-9868-57a2d4851a1d" />
    <TestEntry testId="c6be3c70-f05e-da41-cdde-2e744b71ec65" executionId="bfeb1a32-761c-44f5-aeb2-af3c24905bf4" testListId="8c84fa94-04c1-424b-9868-57a2d4851a1d" />
    <TestEntry testId="cea1f122-04c5-bf3d-5adc-09ad4dc7f7c2" executionId="82d1ae2b-eecb-4263-b2db-f2c6e5d9fbc0" testListId="8c84fa94-04c1-424b-9868-57a2d4851a1d" />
    <TestEntry testId="cc634d85-ac00-a639-0e52-434691164702" executionId="97818ca2-4ef6-42b1-8b96-070bb32e79da" testListId="8c84fa94-04c1-424b-9868-57a2d4851a1d" />
    <TestEntry testId="53f5a1ce-14d4-a418-d0ff-8ef725db7d01" executionId="d862254f-8cf9-4651-be1f-9a506ae4a6ef" testListId="8c84fa94-04c1-424b-9868-57a2d4851a1d" />
    <TestEntry testId="8afe4c58-19f6-dd1a-c67e-b2b4ee85f2ac" executionId="5bc1e094-637e-4314-9e79-5b6f27586f66" testListId="8c84fa94-04c1-424b-9868-57a2d4851a1d" />
    <TestEntry testId="faf9bd45-1e34-2d61-de4a-11b39437c102" executionId="46280dcc-376e-49bb-b2f3-bd2347d2a858" testListId="8c84fa94-04c1-424b-9868-57a2d4851a1d" />
    <TestEntry testId="e3eaed0d-86bd-8f89-51b2-10bb869eeb76" executionId="b2b1a7b5-58c4-4a18-9b6e-19298d66a1a2" testListId="8c84fa94-04c1-424b-9868-57a2d4851a1d" />
    <TestEntry testId="eccb1112-d77c-887e-87bf-b7f65298e1a6" executionId="d9192189-e1d6-4de3-a880-cdaf3019f7ea" testListId="8c84fa94-04c1-424b-9868-57a2d4851a1d" />
    <TestEntry testId="6cafc5ed-fe23-6238-885d-2059ca1b7427" executionId="12655675-66ad-41a0-a5c0-72e5199d4a4b" testListId="8c84fa94-04c1-424b-9868-57a2d4851a1d" />
    <TestEntry testId="f33717b2-6c8e-2361-6ace-29e4108005a6" executionId="8ff7ebe1-ef19-4cfd-b0da-f047dbf63ece" testListId="8c84fa94-04c1-424b-9868-57a2d4851a1d" />
    <TestEntry testId="91423947-d9d3-4bfd-cfab-68c119421239" executionId="75c780d8-d885-4f96-ba78-b9ff191cb28c" testListId="8c84fa94-04c1-424b-9868-57a2d4851a1d" />
    <TestEntry testId="f5cc9535-b7e6-daa3-8b93-880b7a1798ad" executionId="c38a13e6-5671-4854-bcaf-4dedc90885e1" testListId="8c84fa94-04c1-424b-9868-57a2d4851a1d" />
    <TestEntry testId="f9180ab0-97a0-1d07-1493-896e111e86f4" executionId="80c4b0bb-c249-4e89-985d-454719d15c9e" testListId="8c84fa94-04c1-424b-9868-57a2d4851a1d" />
    <TestEntry testId="2833457c-1856-8c1e-4496-190a417e49d0" executionId="590da88f-0146-40ed-8bac-201fef7f4595" testListId="8c84fa94-04c1-424b-9868-57a2d4851a1d" />
    <TestEntry testId="df32f1cb-82fe-5f6f-2fce-2d11c090b877" executionId="373b3d15-fc4e-47a0-b8eb-6420d531b07f" testListId="8c84fa94-04c1-424b-9868-57a2d4851a1d" />
    <TestEntry testId="113f0a6f-863e-d128-89b6-fd830e00edfd" executionId="6b21107d-9ba5-47e5-90ea-42328c61bd32" testListId="8c84fa94-04c1-424b-9868-57a2d4851a1d" />
    <TestEntry testId="eaed56d6-5fe7-43a9-6be3-9e902b595505" executionId="b5c7dc73-5d9e-4d7a-a5ac-e6eb9b63389d" testListId="8c84fa94-04c1-424b-9868-57a2d4851a1d" />
    <TestEntry testId="b292696a-1665-7718-2677-c233de8e9b49" executionId="46a26383-9acd-48d4-8dad-ed3118e713d6" testListId="8c84fa94-04c1-424b-9868-57a2d4851a1d" />
    <TestEntry testId="cb294e8a-66b3-92e4-9b3b-b2ff0e864477" executionId="44ab667e-2bb4-4195-b5be-a1cc7dd9373a" testListId="8c84fa94-04c1-424b-9868-57a2d4851a1d" />
    <TestEntry testId="f5f7c350-0036-6cce-ab16-407f71b81cb4" executionId="5ebcc405-5e45-4832-b99a-3773a92d37c0" testListId="8c84fa94-04c1-424b-9868-57a2d4851a1d" />
    <TestEntry testId="45e90a7e-78c2-d92a-c93a-505afc46f1ab" executionId="e0af03c8-d26a-438f-af23-15c6fb0b8fee" testListId="8c84fa94-04c1-424b-9868-57a2d4851a1d" />
    <TestEntry testId="633b1573-6042-ec26-9f10-dd2e2dcea040" executionId="6886b33b-0459-4f2c-ac1d-1f42b37ee53b" testListId="8c84fa94-04c1-424b-9868-57a2d4851a1d" />
    <TestEntry testId="782e99d7-36f7-67c7-e68d-cb6d91a4a048" executionId="667ecfa8-1a27-4555-b91c-d4e678199407" testListId="8c84fa94-04c1-424b-9868-57a2d4851a1d" />
    <TestEntry testId="8304cf81-7f4f-297c-5609-3851440a85fa" executionId="a752776e-2124-407c-8707-dccbc1612e16" testListId="8c84fa94-04c1-424b-9868-57a2d4851a1d" />
    <TestEntry testId="b39b8640-a4cc-96cc-891a-64310b2030c3" executionId="6e7cd69b-3f4c-4f69-be67-468977ca1854" testListId="8c84fa94-04c1-424b-9868-57a2d4851a1d" />
    <TestEntry testId="abc7abf0-9397-c3e5-30a2-27064f8066b3" executionId="469ab97b-5547-4c7b-acd4-7699174b88ac" testListId="8c84fa94-04c1-424b-9868-57a2d4851a1d" />
    <TestEntry testId="9c878434-1b6f-51cd-943c-ef6ecaa488ad" executionId="d0b35d38-9e8c-48e4-b2d3-f5fdb21e42e9" testListId="8c84fa94-04c1-424b-9868-57a2d4851a1d" />
    <TestEntry testId="117fa8ef-1259-0f08-beca-cde4c7f00c30" executionId="712a9307-403f-4b12-b44f-ce27bb944d37" testListId="8c84fa94-04c1-424b-9868-57a2d4851a1d" />
    <TestEntry testId="7e66b483-7a2b-eb7e-b3f4-08fdb2d87edb" executionId="36074655-a956-472e-84c9-4e58936d27bd" testListId="8c84fa94-04c1-424b-9868-57a2d4851a1d" />
    <TestEntry testId="3d6545fc-4bd4-f8dd-090b-7fa4464a971d" executionId="b0eef59f-bf11-41a7-8aa3-9cacfaa49881" testListId="8c84fa94-04c1-424b-9868-57a2d4851a1d" />
    <TestEntry testId="a4234a76-75fb-b47f-57a5-6def17414cfd" executionId="913d544d-5f9a-47ee-8d1d-2ec7ffe1b088" testListId="8c84fa94-04c1-424b-9868-57a2d4851a1d" />
    <TestEntry testId="e321a84a-46d6-5a10-48a6-04d6f541eeb1" executionId="7c188d25-a075-4151-a7f3-3da7decb035f" testListId="8c84fa94-04c1-424b-9868-57a2d4851a1d" />
    <TestEntry testId="d6e18f4d-928d-faa8-fd00-f4b6e0b7623e" executionId="64c26369-9d67-4f1b-b556-f52ebaede743" testListId="8c84fa94-04c1-424b-9868-57a2d4851a1d" />
    <TestEntry testId="f7f3f6a6-4ba1-e9bb-d8fc-f000e145af31" executionId="7624b80f-13f9-436f-b349-0676c007acce" testListId="8c84fa94-04c1-424b-9868-57a2d4851a1d" />
    <TestEntry testId="bfa2e036-0b0c-2621-93e6-fae23f6d7c6d" executionId="468d04da-e1fa-46ea-8f7c-30b673ed3b89" testListId="8c84fa94-04c1-424b-9868-57a2d4851a1d" />
    <TestEntry testId="f63c2d26-77b7-377e-2b59-219fb8f0f7b9" executionId="ac9edd57-19c6-49d2-af31-b0c34505e1fc" testListId="8c84fa94-04c1-424b-9868-57a2d4851a1d" />
    <TestEntry testId="b5155b68-06cf-ff0d-b5a3-6677768f61c2" executionId="c6fe3679-f08c-4758-bb63-dbc8fd097554" testListId="8c84fa94-04c1-424b-9868-57a2d4851a1d" />
    <TestEntry testId="f7f1fade-22dc-b3ee-b4cb-477d416d63d2" executionId="e55d8ac7-682b-44b5-a30e-dbd023641183" testListId="8c84fa94-04c1-424b-9868-57a2d4851a1d" />
    <TestEntry testId="47224733-ad21-5fec-3afd-19ad43870d88" executionId="bf62a662-81a8-4d88-8d18-ef0f43b23995" testListId="8c84fa94-04c1-424b-9868-57a2d4851a1d" />
    <TestEntry testId="59991295-e7c5-ae1a-4d3d-515c29cc9e2b" executionId="e4358c3a-2d19-429f-a215-3672bcc815f8" testListId="8c84fa94-04c1-424b-9868-57a2d4851a1d" />
    <TestEntry testId="2f6c3871-63b7-76a6-f56a-4c6dd0f4f467" executionId="7e0d720a-f71a-4d5d-9991-f92ecc8d132d" testListId="8c84fa94-04c1-424b-9868-57a2d4851a1d" />
    <TestEntry testId="7b659e8c-3001-c494-d28a-2939a6d49456" executionId="66de5131-e830-4760-b350-9cabfb054930" testListId="8c84fa94-04c1-424b-9868-57a2d4851a1d" />
    <TestEntry testId="ebc58dfd-14b7-49e6-e46a-09a44593433d" executionId="f6fbb43c-401c-4a4d-baa2-d6a83f669aa2" testListId="8c84fa94-04c1-424b-9868-57a2d4851a1d" />
    <TestEntry testId="66234323-7949-a946-9adf-97375c9fed0b" executionId="6667f191-845c-4320-a09d-321bb78f8f61" testListId="8c84fa94-04c1-424b-9868-57a2d4851a1d" />
    <TestEntry testId="8b851834-9d1b-52ee-4c1e-eca26c60010d" executionId="14a9ac88-9180-487e-a72b-f2726881d8bc" testListId="8c84fa94-04c1-424b-9868-57a2d4851a1d" />
    <TestEntry testId="731f7e19-89ff-c108-ad63-9eb46b5c0a59" executionId="e757fc42-f8db-4952-8f1f-137227c56282" testListId="8c84fa94-04c1-424b-9868-57a2d4851a1d" />
    <TestEntry testId="5770b0b5-2a66-8eb2-b129-73ab244ff2c9" executionId="db2ebeec-1ff2-462c-9223-4d147d9fbd52" testListId="8c84fa94-04c1-424b-9868-57a2d4851a1d" />
    <TestEntry testId="37dfb702-000b-b79c-bfb4-f3293626a799" executionId="dba7d51a-cc00-4798-b9f1-3ebc2a68643d" testListId="8c84fa94-04c1-424b-9868-57a2d4851a1d" />
    <TestEntry testId="b4b53b4f-883e-94e0-fef4-aaf250b86eec" executionId="f1c76fd8-8d39-4e0c-be77-cdbc2e3cb215" testListId="8c84fa94-04c1-424b-9868-57a2d4851a1d" />
    <TestEntry testId="1153276a-4acc-8389-9593-9aed2f86bdf6" executionId="b3b7823e-e4be-4ce5-9349-f60d99390233" testListId="8c84fa94-04c1-424b-9868-57a2d4851a1d" />
    <TestEntry testId="cd58fbcf-a8ec-7be0-672d-3675d644b67c" executionId="867d42cf-2ef1-4889-b07e-7a1c1d684169" testListId="8c84fa94-04c1-424b-9868-57a2d4851a1d" />
    <TestEntry testId="eb1477a2-2fb7-b3cb-5428-9b4cc8d1e650" executionId="3fb5074c-3720-45fc-8da2-95c116ced372" testListId="8c84fa94-04c1-424b-9868-57a2d4851a1d" />
    <TestEntry testId="aa81343a-5273-d050-4734-4d568d0cd256" executionId="f976a1a5-8a61-494a-b202-583a671d5ad8" testListId="8c84fa94-04c1-424b-9868-57a2d4851a1d" />
    <TestEntry testId="529d26b0-b0f1-46a8-1a06-060aa004de23" executionId="68425f73-0b98-4574-bde3-3fb3f24c3b02" testListId="8c84fa94-04c1-424b-9868-57a2d4851a1d" />
    <TestEntry testId="d4e46870-eb38-895f-fa8d-62938fc8e119" executionId="affb62da-9c5d-425e-ac2a-97ed46294734" testListId="8c84fa94-04c1-424b-9868-57a2d4851a1d" />
    <TestEntry testId="c16f8099-6dbb-2cba-9e36-c36b7b8492a9" executionId="50bd8e1b-4e48-43e8-b775-ca4140e852b3" testListId="8c84fa94-04c1-424b-9868-57a2d4851a1d" />
    <TestEntry testId="7e1fdf53-1cce-0f14-6eba-6df4732e28ac" executionId="ba441a41-8e15-454f-a4fa-55b0efa3fd0e" testListId="8c84fa94-04c1-424b-9868-57a2d4851a1d" />
    <TestEntry testId="0aadc201-49e1-bf75-6608-564242125dc2" executionId="67a293b0-6781-4db8-8c39-9966a738f151" testListId="8c84fa94-04c1-424b-9868-57a2d4851a1d" />
    <TestEntry testId="0d6f4d12-30c4-770e-7e76-c3c94335926a" executionId="39c92923-07fa-4dd8-a7bc-ac7fbf49804b" testListId="8c84fa94-04c1-424b-9868-57a2d4851a1d" />
    <TestEntry testId="010d6867-68dc-06fa-3b39-c2d7f5b85291" executionId="78d93f9f-7223-4add-857f-e15664c82557" testListId="8c84fa94-04c1-424b-9868-57a2d4851a1d" />
    <TestEntry testId="207c734e-48ea-b6e3-83cc-3b0a65265019" executionId="53fe2526-fc5f-4143-832e-bb31d6c1f10e" testListId="8c84fa94-04c1-424b-9868-57a2d4851a1d" />
    <TestEntry testId="72ff64d9-b16e-e940-9856-804e7e3a62f9" executionId="c804642f-eee9-4c92-876c-22867192f99c" testListId="8c84fa94-04c1-424b-9868-57a2d4851a1d" />
    <TestEntry testId="32ed77af-24ae-94bc-03f8-4122e838d29f" executionId="baddb54a-8a72-4736-a073-be3551a03894" testListId="8c84fa94-04c1-424b-9868-57a2d4851a1d" />
    <TestEntry testId="11e45243-c796-e305-ccb2-ad123da6b869" executionId="15e0f5bf-58d4-43f7-8f03-5b66247cd6a5" testListId="8c84fa94-04c1-424b-9868-57a2d4851a1d" />
    <TestEntry testId="c30ded44-b30e-59c8-d179-eddc682c6ef5" executionId="e4f4357e-2076-4bb0-bda3-cdd3f83d7a53" testListId="8c84fa94-04c1-424b-9868-57a2d4851a1d" />
    <TestEntry testId="d8b647c6-ef54-f676-621e-8f04d1dc548d" executionId="d42605ea-0d95-49da-884f-be51fb622d2e" testListId="8c84fa94-04c1-424b-9868-57a2d4851a1d" />
    <TestEntry testId="5af9722d-cb32-cd5c-d7d3-430177f73975" executionId="a2bab398-7cc3-44ff-b032-8b75b06cfa41" testListId="8c84fa94-04c1-424b-9868-57a2d4851a1d" />
    <TestEntry testId="b89300df-44ea-f5d9-8c31-b46cc2e57c07" executionId="84ac3bc0-7c2a-4fe2-b92a-59973f21aa5f" testListId="8c84fa94-04c1-424b-9868-57a2d4851a1d" />
    <TestEntry testId="75abe4ea-20eb-3ee5-eee8-f4f3f43cc779" executionId="9c64ec21-7914-4e31-8142-78ad386ef224" testListId="8c84fa94-04c1-424b-9868-57a2d4851a1d" />
    <TestEntry testId="c964705f-6969-fef5-5dde-bc78d56a598a" executionId="57ce2228-f87a-4be8-88af-5e4119c0d75f" testListId="8c84fa94-04c1-424b-9868-57a2d4851a1d" />
    <TestEntry testId="9dcaedba-c848-3b00-d622-5c7b863dca11" executionId="4e87a91e-6266-4967-ab2b-96ca3a905b7a" testListId="8c84fa94-04c1-424b-9868-57a2d4851a1d" />
    <TestEntry testId="3f089a4c-2d32-ba99-dedb-fa96b9528cb6" executionId="2b556bd9-5cfc-4d84-81ba-60a9ae952979" testListId="8c84fa94-04c1-424b-9868-57a2d4851a1d" />
    <TestEntry testId="e6a27a32-2825-5e2a-a774-c78b32a20322" executionId="38c44ea3-3044-4c8a-8b73-9f65339aaa82" testListId="8c84fa94-04c1-424b-9868-57a2d4851a1d" />
    <TestEntry testId="e28ccd3c-119e-ea01-443c-a177bc7fcafe" executionId="11d5a629-03f1-4f49-9274-d3441d9ecbf6" testListId="8c84fa94-04c1-424b-9868-57a2d4851a1d" />
    <TestEntry testId="293008c2-9745-d477-0bc6-1ddbf5e8b276" executionId="fa64d808-ba0c-466e-8aaf-2005dbacf732" testListId="8c84fa94-04c1-424b-9868-57a2d4851a1d" />
    <TestEntry testId="368cb1e4-cb3a-71e3-96c7-b85f55f12c0c" executionId="3bbdff21-cbe9-4dc9-b9a6-7a95601b3d2a" testListId="8c84fa94-04c1-424b-9868-57a2d4851a1d" />
    <TestEntry testId="6999d28b-b0a1-0e27-60a0-97e9ac879716" executionId="a7c8a913-e17f-4aa3-a39c-266d24be2b3a" testListId="8c84fa94-04c1-424b-9868-57a2d4851a1d" />
    <TestEntry testId="66fabd13-f03e-562d-f4ae-a70f6ebf368b" executionId="5abfbd51-0ac5-45be-923b-e99484bfb33a" testListId="8c84fa94-04c1-424b-9868-57a2d4851a1d" />
    <TestEntry testId="709c7513-9237-87e3-38c3-aa85300198a4" executionId="d6e628d6-3759-4d5a-80ce-b4c46f045cec" testListId="8c84fa94-04c1-424b-9868-57a2d4851a1d" />
    <TestEntry testId="095585f6-4ef2-27a8-ee5b-098ad467f567" executionId="72adc6b7-e643-4c48-9c28-a69e8d9e5f65" testListId="8c84fa94-04c1-424b-9868-57a2d4851a1d" />
    <TestEntry testId="a4454a32-a746-255e-e8d1-796a08c296b1" executionId="55e598cc-fe7b-47c6-91d1-166d81dc400c" testListId="8c84fa94-04c1-424b-9868-57a2d4851a1d" />
    <TestEntry testId="7b469b70-7a6f-7a92-2723-c93cd3a56c6f" executionId="871cc647-2590-47ff-bead-bc3290e1e2a0" testListId="8c84fa94-04c1-424b-9868-57a2d4851a1d" />
    <TestEntry testId="2601cc3d-6e23-30c8-fd9c-9008204c7b14" executionId="5b4a70d3-143e-4988-9ea7-c1e437b33f3f" testListId="8c84fa94-04c1-424b-9868-57a2d4851a1d" />
    <TestEntry testId="9febb6f2-deb2-94da-aa47-7dc5befd915e" executionId="c4a88aa4-466c-4212-a6d9-0bd2b254baf4" testListId="8c84fa94-04c1-424b-9868-57a2d4851a1d" />
    <TestEntry testId="670e500e-5c39-dd47-a9de-bf38c3c1554c" executionId="5bc1c979-1a0c-431f-af97-c92abf21011e" testListId="8c84fa94-04c1-424b-9868-57a2d4851a1d" />
    <TestEntry testId="ccbe9915-207e-f3b0-9e57-5dc3348b938c" executionId="d4066c2b-cae9-4f4c-ad32-434eedc770b3" testListId="8c84fa94-04c1-424b-9868-57a2d4851a1d" />
    <TestEntry testId="6fad06d6-6e6b-b6b2-c6ce-b133426e326c" executionId="c26eb1d1-8756-4a95-ac55-726a5b7b49dd" testListId="8c84fa94-04c1-424b-9868-57a2d4851a1d" />
    <TestEntry testId="97b87b4d-cfe7-7480-934f-f0762a4a3500" executionId="ee691541-93b4-4824-8bdb-3bc43647f627" testListId="8c84fa94-04c1-424b-9868-57a2d4851a1d" />
    <TestEntry testId="b4acbf62-a814-6c5c-b0cb-e93db772efce" executionId="8d3600f4-b883-4de7-8211-ad0ac269f47a" testListId="8c84fa94-04c1-424b-9868-57a2d4851a1d" />
    <TestEntry testId="07dba9c8-887e-44e6-63b8-7e227b9aaff8" executionId="c8178a3c-1e5c-4d23-9f0d-5b781b2807f5" testListId="8c84fa94-04c1-424b-9868-57a2d4851a1d" />
    <TestEntry testId="d47eb9ec-3b5d-0e31-8fe7-d1a0340bf1c0" executionId="662cd903-f030-452d-8e98-a83bf4bade48" testListId="8c84fa94-04c1-424b-9868-57a2d4851a1d" />
    <TestEntry testId="d21502bc-4956-5d51-6721-5ae0421be750" executionId="b21ea19a-e8ad-435e-9975-6e5fee3d522b" testListId="8c84fa94-04c1-424b-9868-57a2d4851a1d" />
    <TestEntry testId="3439b9dc-7196-e05d-43e6-c0e2ac91454a" executionId="4256e466-b821-4cb2-900e-c65e5fb04457" testListId="8c84fa94-04c1-424b-9868-57a2d4851a1d" />
    <TestEntry testId="2716e864-2686-b94f-0317-399f0994a985" executionId="0de5b0fd-07bf-4952-b7d9-e0631db7cbe5" testListId="8c84fa94-04c1-424b-9868-57a2d4851a1d" />
    <TestEntry testId="37b7b1e5-9323-fb29-1885-37b5c9283b82" executionId="a3aeb1e6-c30c-4c47-a6b5-f821af009dac" testListId="8c84fa94-04c1-424b-9868-57a2d4851a1d" />
    <TestEntry testId="e8fbfc8d-82fa-6534-4e95-6007f14b30c3" executionId="9deca2dd-85a4-48ce-a4aa-a4d916be1080" testListId="8c84fa94-04c1-424b-9868-57a2d4851a1d" />
    <TestEntry testId="6847ebb6-e732-c391-be2d-0bdf0abaf563" executionId="b5393611-6e77-4937-8b95-e9fb6bc7bbbf" testListId="8c84fa94-04c1-424b-9868-57a2d4851a1d" />
    <TestEntry testId="074b42c5-f1ad-52e6-005b-319d157cb31a" executionId="4a73fc9e-f8b9-4c0b-9241-842935f124bc" testListId="8c84fa94-04c1-424b-9868-57a2d4851a1d" />
    <TestEntry testId="ee5f0f9a-0e04-d5a2-b25f-f40f3b08b3de" executionId="40abc90a-5e7e-4bcc-bdc2-b6632453c64f" testListId="8c84fa94-04c1-424b-9868-57a2d4851a1d" />
    <TestEntry testId="91442c7a-e900-c7e6-67e7-639e8a44931b" executionId="b909423e-94c8-4042-a3d4-b1524727b7c8" testListId="8c84fa94-04c1-424b-9868-57a2d4851a1d" />
    <TestEntry testId="69a471d5-b0a2-5fd2-ad73-823b3f723b44" executionId="4f1a274e-b934-4b28-ab43-b0059f0b2838" testListId="8c84fa94-04c1-424b-9868-57a2d4851a1d" />
    <TestEntry testId="95263003-a60e-ad32-6d79-b2420a12e34b" executionId="1b82924a-faee-4757-bb42-ee7e767b5056" testListId="8c84fa94-04c1-424b-9868-57a2d4851a1d" />
    <TestEntry testId="e722e3a9-2981-c54f-b874-d266f762bbea" executionId="5e52a2b3-6c66-4dd2-8525-3d6e1629c640" testListId="8c84fa94-04c1-424b-9868-57a2d4851a1d" />
    <TestEntry testId="a50d2941-a3c6-9371-026f-bc022ac6c222" executionId="3b440878-0d05-4707-a2d3-8e90e9e1c860" testListId="8c84fa94-04c1-424b-9868-57a2d4851a1d" />
    <TestEntry testId="873b07ed-167b-fa39-bd63-4c1afd4d93c5" executionId="608b94b0-7f7e-4a39-8e12-0cbf31b9cb45" testListId="8c84fa94-04c1-424b-9868-57a2d4851a1d" />
    <TestEntry testId="9c5832f3-6c80-ca09-af3f-21dab48f2284" executionId="7eb72bc2-0cd9-452f-a289-bcaf6f900b8c" testListId="8c84fa94-04c1-424b-9868-57a2d4851a1d" />
    <TestEntry testId="052697c7-c6ac-9c36-6e57-c8105d8c8917" executionId="b47287fa-f903-4a83-bc4a-0bec2f06a7ca" testListId="8c84fa94-04c1-424b-9868-57a2d4851a1d" />
    <TestEntry testId="6f750899-6999-d05b-77b7-f266affebcca" executionId="e3aa5857-a119-4408-8cf9-0a5aa01ccc68" testListId="8c84fa94-04c1-424b-9868-57a2d4851a1d" />
    <TestEntry testId="521edd59-e00a-7fda-d2c0-b2558265b67a" executionId="fb440e0e-6a1e-4cfb-ab1e-443eb47fd088" testListId="8c84fa94-04c1-424b-9868-57a2d4851a1d" />
    <TestEntry testId="6da1ad54-af03-13ff-88b0-777550297923" executionId="5c64aac9-f69f-488d-a391-587c0bf8b352" testListId="8c84fa94-04c1-424b-9868-57a2d4851a1d" />
    <TestEntry testId="89439a20-c712-15bd-9c46-c5709b4b0f9d" executionId="fd09819e-1cb6-4846-81a7-5edec62b916e" testListId="8c84fa94-04c1-424b-9868-57a2d4851a1d" />
    <TestEntry testId="dd25e118-a384-e666-07c3-e9a0431950f6" executionId="48b82508-782b-4fd2-847b-1fcab4f18e64" testListId="8c84fa94-04c1-424b-9868-57a2d4851a1d" />
    <TestEntry testId="37275f45-b603-68a0-1bd8-9697e06c83fc" executionId="1e80f1ab-4b5c-4182-9715-df35a7532cb7" testListId="8c84fa94-04c1-424b-9868-57a2d4851a1d" />
    <TestEntry testId="f52b7516-be31-9d30-cb41-04f4b2fe00bf" executionId="203bbf5e-739c-4ccf-a481-eb49fb800fe3" testListId="8c84fa94-04c1-424b-9868-57a2d4851a1d" />
    <TestEntry testId="0752bb7c-c3d4-544b-c01c-361928ebd10e" executionId="93c216e7-bd1f-4428-bfe2-906043ae3ee1" testListId="8c84fa94-04c1-424b-9868-57a2d4851a1d" />
    <TestEntry testId="fcd118df-d28f-9914-22b6-30e2ce26737f" executionId="c0336bb3-fc30-4bba-8888-1c1941096061" testListId="8c84fa94-04c1-424b-9868-57a2d4851a1d" />
    <TestEntry testId="b7dfb3e8-2e47-78f3-b474-5d161942d69f" executionId="4fa310a9-802f-41cf-8832-9d6d3a8e7f4c" testListId="8c84fa94-04c1-424b-9868-57a2d4851a1d" />
    <TestEntry testId="00fca5c1-405d-b820-34ef-a1a0e9446a86" executionId="817c57b2-8044-4621-9f7a-e2f208ca99af" testListId="8c84fa94-04c1-424b-9868-57a2d4851a1d" />
    <TestEntry testId="965180e6-a25e-a55d-955c-d1e2d083f58f" executionId="12df35c6-39ea-4361-9b5c-e7b6dd2f50f6" testListId="8c84fa94-04c1-424b-9868-57a2d4851a1d" />
    <TestEntry testId="931ed933-de82-365f-5037-e2d1c5c2f2a2" executionId="73d2c233-b459-4ae7-afc9-88b1404f27cd" testListId="8c84fa94-04c1-424b-9868-57a2d4851a1d" />
    <TestEntry testId="dfccc8b7-199c-9ea3-3acb-490aa9ca096b" executionId="6f7fa191-5b2a-49ee-b192-6bd3e40066f9" testListId="8c84fa94-04c1-424b-9868-57a2d4851a1d" />
    <TestEntry testId="1576a34d-4425-e758-2eec-5a2e4ef4d6ef" executionId="3ee77de8-4619-4f0f-b8a4-ecb7f1a61d83" testListId="8c84fa94-04c1-424b-9868-57a2d4851a1d" />
    <TestEntry testId="4af45186-897f-200d-9f00-a1608aaab093" executionId="fabeea72-229d-4dac-956d-a7b1c886d4a5" testListId="8c84fa94-04c1-424b-9868-57a2d4851a1d" />
    <TestEntry testId="dbcd5ac4-1055-621c-a685-f7e5c606ee46" executionId="ded10837-ff07-41da-8827-8119f3e50398" testListId="8c84fa94-04c1-424b-9868-57a2d4851a1d" />
    <TestEntry testId="b5ee2c9c-1f7c-6f06-e4ae-c68c87fb3f67" executionId="4dacf86c-86cd-4187-8e80-e17b44c6011f" testListId="8c84fa94-04c1-424b-9868-57a2d4851a1d" />
    <TestEntry testId="5fa2d48f-d59e-30ed-e88d-ec6e2699e6a0" executionId="90911734-76ce-4aee-9de4-235e6a179751" testListId="8c84fa94-04c1-424b-9868-57a2d4851a1d" />
    <TestEntry testId="eabf48e5-196a-32f6-d385-edcb8e627a16" executionId="f31d2772-9f1a-4940-a3b9-deaa4ecf4b18" testListId="8c84fa94-04c1-424b-9868-57a2d4851a1d" />
    <TestEntry testId="8d8eee96-464d-c577-6270-884494a6a9b2" executionId="62e44618-f83d-4bae-8e63-af08ff7a36eb" testListId="8c84fa94-04c1-424b-9868-57a2d4851a1d" />
    <TestEntry testId="bca73f19-3fcc-16d4-a031-f2f6afaf40ee" executionId="c8ec2bf2-ad49-460a-abef-43fcb2269ef6" testListId="8c84fa94-04c1-424b-9868-57a2d4851a1d" />
    <TestEntry testId="55e4f137-ee25-d174-0329-0df4a0a2d62a" executionId="e9da66f5-b83d-459d-9ba1-118d5d3d04df" testListId="8c84fa94-04c1-424b-9868-57a2d4851a1d" />
    <TestEntry testId="ba590efe-de31-f5db-8328-f1cc3382ad35" executionId="60d0622e-d6d1-4705-a510-db3aec1e579b" testListId="8c84fa94-04c1-424b-9868-57a2d4851a1d" />
    <TestEntry testId="7a16e0cb-4e01-7898-4d17-e4adaaac865e" executionId="aab7349d-e80d-4468-995c-b26001906406" testListId="8c84fa94-04c1-424b-9868-57a2d4851a1d" />
    <TestEntry testId="999506c9-e472-e23b-a3ad-3d977990564e" executionId="be0d8d1f-395f-423d-9412-131cb48ebe60" testListId="8c84fa94-04c1-424b-9868-57a2d4851a1d" />
    <TestEntry testId="2eb02be1-be5b-c75f-226f-8371b8170b9a" executionId="319397a2-abb8-4227-bc85-7345fc41385d" testListId="8c84fa94-04c1-424b-9868-57a2d4851a1d" />
    <TestEntry testId="a2769260-4eb7-daf9-b4d2-f155ed354d1b" executionId="8aa4e26c-936c-4860-9793-89a014737ff6" testListId="8c84fa94-04c1-424b-9868-57a2d4851a1d" />
    <TestEntry testId="13ba617e-c06d-6b6c-0709-611e06771ad4" executionId="3aadc067-f0ef-4456-9450-e40cf6f470ca" testListId="8c84fa94-04c1-424b-9868-57a2d4851a1d" />
    <TestEntry testId="f7818ee3-e956-b295-d253-9fdf096ceee7" executionId="a9f8c35c-8837-40a6-9735-ae0dbff40d98" testListId="8c84fa94-04c1-424b-9868-57a2d4851a1d" />
    <TestEntry testId="97333588-528f-b816-eec2-32c062436864" executionId="344ba3cd-275e-433e-a227-018022c15287" testListId="8c84fa94-04c1-424b-9868-57a2d4851a1d" />
    <TestEntry testId="bbaeb53f-2674-b2c2-8841-ab6f6884b997" executionId="ab378b0b-08bb-4c3d-a2cd-5e1d965e51af" testListId="8c84fa94-04c1-424b-9868-57a2d4851a1d" />
    <TestEntry testId="310bd126-7eaa-5bf4-39f9-05d7e2e492eb" executionId="bd5304c1-f28b-423c-8d00-1a473b55c1cf" testListId="8c84fa94-04c1-424b-9868-57a2d4851a1d" />
    <TestEntry testId="6681258b-ffc2-f0da-0c92-25b111f465fa" executionId="f94ceb51-687e-4ef8-87a1-7a15045be0d7" testListId="8c84fa94-04c1-424b-9868-57a2d4851a1d" />
    <TestEntry testId="0acd9aea-66db-23f1-2f4e-7c9500451a5d" executionId="59967f75-e5f3-46ef-8f74-cace381e292d" testListId="8c84fa94-04c1-424b-9868-57a2d4851a1d" />
    <TestEntry testId="e36d7108-5c81-aaf4-329c-24a028699d61" executionId="fe28bf44-a78e-4d1e-8ddc-0d4a3f568230" testListId="8c84fa94-04c1-424b-9868-57a2d4851a1d" />
    <TestEntry testId="da571dbb-0f8b-5648-4221-79651d811e25" executionId="1cf64bbc-b9f3-4639-9799-3a4c8e0c4b31" testListId="8c84fa94-04c1-424b-9868-57a2d4851a1d" />
    <TestEntry testId="ef7eb1a4-404f-fda1-15f0-bcd1e692326a" executionId="b2bf5118-9f51-4bcc-a71b-51e16865fbb4" testListId="8c84fa94-04c1-424b-9868-57a2d4851a1d" />
    <TestEntry testId="e0ddb94a-4c42-ee26-7803-7c8bb915b98c" executionId="e74e337e-a278-41a4-9847-fbf12757add0" testListId="8c84fa94-04c1-424b-9868-57a2d4851a1d" />
    <TestEntry testId="6ea25a13-961a-d8b8-8741-00e7f42d7603" executionId="24ea291e-11c0-4dbd-b31c-6dde015292c1" testListId="8c84fa94-04c1-424b-9868-57a2d4851a1d" />
    <TestEntry testId="fe22a4f5-f49f-f59f-57fa-2e035d1a94ac" executionId="8246190e-eafa-40fc-952b-a50b797fb1ac" testListId="8c84fa94-04c1-424b-9868-57a2d4851a1d" />
    <TestEntry testId="5bb54e26-c71e-f619-e4ab-387584c60929" executionId="71ce1121-bc23-40ca-b663-eb68b76939d0" testListId="8c84fa94-04c1-424b-9868-57a2d4851a1d" />
    <TestEntry testId="cab07565-7102-ab00-4f85-136d84889f35" executionId="2063b5ac-20d0-4c64-8723-dcbbfb9d081f" testListId="8c84fa94-04c1-424b-9868-57a2d4851a1d" />
    <TestEntry testId="574bf290-6995-ff93-7ee5-b70a6ace7d84" executionId="c46ff8a0-c00c-4b27-8e22-7cbef3f7fe98" testListId="8c84fa94-04c1-424b-9868-57a2d4851a1d" />
    <TestEntry testId="80e1e452-82cf-b088-db40-d28f7d32c62d" executionId="91bcdce8-6ee2-4014-be09-ef6c80a3d894" testListId="8c84fa94-04c1-424b-9868-57a2d4851a1d" />
    <TestEntry testId="8803b728-b3cd-d0f6-6a9a-d85dc1ecbb9f" executionId="02e65608-c381-4ddf-bfeb-cf7248343240" testListId="8c84fa94-04c1-424b-9868-57a2d4851a1d" />
    <TestEntry testId="c0f6f50e-70bb-6ec7-7cb1-70b1c03dbf38" executionId="b8c5a31c-d44f-4cc4-86c1-48c5bdc13f78" testListId="8c84fa94-04c1-424b-9868-57a2d4851a1d" />
    <TestEntry testId="d2a4e8f1-b2e6-68f0-1810-a5d540d2f7a3" executionId="9ee437e7-658f-4671-9f6c-07b0397b1729" testListId="8c84fa94-04c1-424b-9868-57a2d4851a1d" />
    <TestEntry testId="ac8d1b70-d786-34c4-5f08-7e56322f2a79" executionId="523859e6-87b2-4283-88c4-39795446a536" testListId="8c84fa94-04c1-424b-9868-57a2d4851a1d" />
    <TestEntry testId="03169915-5e36-4862-8f40-5f0139419946" executionId="ffac764f-b734-460b-851e-0054dae9941f" testListId="8c84fa94-04c1-424b-9868-57a2d4851a1d" />
    <TestEntry testId="88e52a12-1a52-4078-5db4-c86ba1c3b447" executionId="e46ed3e1-cfc1-45c9-a762-050a35228439" testListId="8c84fa94-04c1-424b-9868-57a2d4851a1d" />
    <TestEntry testId="c5f981d9-37f1-54c9-b862-4fbb2d02666f" executionId="e8298a55-e202-464e-a535-2fac2a8599f6" testListId="8c84fa94-04c1-424b-9868-57a2d4851a1d" />
    <TestEntry testId="f666c42d-aace-c940-638f-8ab4e58f4377" executionId="9f5a346e-c6ce-4277-b8a2-92a8517a38c2" testListId="8c84fa94-04c1-424b-9868-57a2d4851a1d" />
    <TestEntry testId="2fb66288-907e-6f79-7496-8522636043b2" executionId="bba94da2-f96b-4adb-ae73-1ca4769ce591" testListId="8c84fa94-04c1-424b-9868-57a2d4851a1d" />
    <TestEntry testId="7279d631-5e65-263e-b126-502467fa7c3a" executionId="ad415709-20be-4016-8a37-d8f2a1c28e20" testListId="8c84fa94-04c1-424b-9868-57a2d4851a1d" />
    <TestEntry testId="cbf3c026-1275-2ce4-480a-ebd0ee5d1112" executionId="2a0e34d4-5259-4014-a486-07e87a750b7d" testListId="8c84fa94-04c1-424b-9868-57a2d4851a1d" />
    <TestEntry testId="ebcc233a-fd3e-8478-fead-9ccf15ebc250" executionId="0b137ee7-77bc-4ddd-be56-68f04ec478d0" testListId="8c84fa94-04c1-424b-9868-57a2d4851a1d" />
    <TestEntry testId="50ac9240-7e70-f521-a930-8425f2e1e8c4" executionId="2343354e-6648-40e5-b72a-d057cb0979af" testListId="8c84fa94-04c1-424b-9868-57a2d4851a1d" />
    <TestEntry testId="d64e21f7-4ea3-a5fe-a361-c369ca14a84e" executionId="fa210a47-3122-45f9-bb2b-636c66be4914" testListId="8c84fa94-04c1-424b-9868-57a2d4851a1d" />
    <TestEntry testId="f5cd0ea9-70e1-1cbd-01d3-fa2672fe0616" executionId="622345b9-156c-48f6-b87b-79f740ee08ac" testListId="8c84fa94-04c1-424b-9868-57a2d4851a1d" />
    <TestEntry testId="701d42cf-3ef2-9e45-4405-09554e002cc2" executionId="d0078a9f-7c22-4552-8683-0399abfbb8d9" testListId="8c84fa94-04c1-424b-9868-57a2d4851a1d" />
    <TestEntry testId="903b9858-a52e-2d97-0254-7f3a20fa6f17" executionId="224b6d48-bb90-4a65-b241-0001ee9f2e59" testListId="8c84fa94-04c1-424b-9868-57a2d4851a1d" />
    <TestEntry testId="962aa215-0703-be2d-ae49-5fe79d594412" executionId="cdac23c7-3ca3-443e-bfeb-cbc8a6983c61" testListId="8c84fa94-04c1-424b-9868-57a2d4851a1d" />
    <TestEntry testId="17f82cf7-4d92-18c7-4ec3-228bc2e9056a" executionId="25bde253-741d-4057-a50e-76b26289e432" testListId="8c84fa94-04c1-424b-9868-57a2d4851a1d" />
    <TestEntry testId="4f555e67-dae7-b67f-1beb-febf2b9b4968" executionId="aec8bf80-8835-4cb1-8212-c3a4113fe37d" testListId="8c84fa94-04c1-424b-9868-57a2d4851a1d" />
    <TestEntry testId="d1148632-27af-a6b6-932c-c9e12abeebb9" executionId="12d378e3-0fe9-4c08-b3ef-a5cf3c2b2b36" testListId="8c84fa94-04c1-424b-9868-57a2d4851a1d" />
    <TestEntry testId="91d14b34-4712-1785-f0d4-572e813a795e" executionId="b9ed0e79-4786-429f-833a-6c662782552e" testListId="8c84fa94-04c1-424b-9868-57a2d4851a1d" />
    <TestEntry testId="4729feb7-4741-1ecd-d16a-200494d70780" executionId="ad342dcf-3f9c-4adf-9783-6206a675862e" testListId="8c84fa94-04c1-424b-9868-57a2d4851a1d" />
    <TestEntry testId="00898047-0053-d119-5ff1-919a14dc0313" executionId="b8733086-5601-42ae-936d-dc2e219c1ae1" testListId="8c84fa94-04c1-424b-9868-57a2d4851a1d" />
    <TestEntry testId="84796659-ba8c-65c7-7760-1f800728b555" executionId="e586363f-0c9e-4a09-b724-783db01787d7" testListId="8c84fa94-04c1-424b-9868-57a2d4851a1d" />
    <TestEntry testId="bb4bb142-b438-3655-29db-1dd962632a41" executionId="6ab2a7b9-19f3-472e-9801-955e242ab905" testListId="8c84fa94-04c1-424b-9868-57a2d4851a1d" />
    <TestEntry testId="c6fc9995-4feb-7741-7b1f-15f47389f965" executionId="f3e26115-e0e6-4a05-9365-9efd98f0947e" testListId="8c84fa94-04c1-424b-9868-57a2d4851a1d" />
    <TestEntry testId="dafe6617-7d77-6bca-77a9-2080de8d8ac3" executionId="fc88d2ee-8bff-404a-8dd3-b3e695d462ef" testListId="8c84fa94-04c1-424b-9868-57a2d4851a1d" />
    <TestEntry testId="e087b5f0-3763-6f36-256a-40fa9b7a8fcb" executionId="5048849a-ef0b-46ac-a567-eef17edae452" testListId="8c84fa94-04c1-424b-9868-57a2d4851a1d" />
    <TestEntry testId="e7e1ec7e-8e1e-7f8d-e3da-59506c852ed4" executionId="7f5ae461-ab00-4bfd-89ce-55fb3db5d7e5" testListId="8c84fa94-04c1-424b-9868-57a2d4851a1d" />
    <TestEntry testId="b7bca108-da6d-1f8c-7ea5-81ba3e07496a" executionId="66a7cd52-734c-4faa-9936-843069049c26" testListId="8c84fa94-04c1-424b-9868-57a2d4851a1d" />
    <TestEntry testId="2b329938-e3b1-01ad-a60f-47df5d0a331f" executionId="0ca2a3d7-d563-4808-add0-854e86c1dbf1" testListId="8c84fa94-04c1-424b-9868-57a2d4851a1d" />
    <TestEntry testId="0ed09f5c-e815-112c-6aff-fe0dbd9b6f36" executionId="bee332cd-b064-45e6-8ab3-ea52305af1b2" testListId="8c84fa94-04c1-424b-9868-57a2d4851a1d" />
    <TestEntry testId="8d2c3378-22f0-b4e2-6833-c26077a86417" executionId="f4ac551f-39ea-4656-b7e5-ef93598ef1a4" testListId="8c84fa94-04c1-424b-9868-57a2d4851a1d" />
    <TestEntry testId="3369c6d4-ee50-9d6e-0705-4fc6884cc7fb" executionId="e971cd3a-7a78-4715-afba-2a6efc11a26a" testListId="8c84fa94-04c1-424b-9868-57a2d4851a1d" />
    <TestEntry testId="fe450cea-9ffb-3719-460a-cf60fe446421" executionId="ce3ba79f-ba8f-4ff5-9528-827cfd44a8c0" testListId="8c84fa94-04c1-424b-9868-57a2d4851a1d" />
    <TestEntry testId="4c310887-8495-4e52-0457-4cbe13b9a200" executionId="50f57807-ea8c-4a5a-85e0-aca9472dd05f" testListId="8c84fa94-04c1-424b-9868-57a2d4851a1d" />
    <TestEntry testId="13877fd5-e79d-3ae7-6015-10213c2263cb" executionId="f3230c93-4461-40b1-a7bb-a5f13ef9c9a9" testListId="8c84fa94-04c1-424b-9868-57a2d4851a1d" />
    <TestEntry testId="e1ce66f6-03d2-e28b-bcfb-64c1c424a716" executionId="3ccc956e-ab0a-4ecc-87d4-3c66ee0873cf" testListId="8c84fa94-04c1-424b-9868-57a2d4851a1d" />
    <TestEntry testId="fbac2a6f-2233-86d4-ebd9-d19d11941509" executionId="f8c637e6-9a70-44a7-96a2-b910aa48c000" testListId="8c84fa94-04c1-424b-9868-57a2d4851a1d" />
    <TestEntry testId="fd55daeb-7419-55fa-3178-07b8b00e171d" executionId="14c6474d-1c47-42d8-bc0b-fa3d39a6299e" testListId="8c84fa94-04c1-424b-9868-57a2d4851a1d" />
    <TestEntry testId="b3439aa9-ae3f-b685-1de2-36964f947d35" executionId="049549d8-1014-4b93-a19c-67ce22069651" testListId="8c84fa94-04c1-424b-9868-57a2d4851a1d" />
    <TestEntry testId="4f80de53-a9c2-6ff5-bbd6-96cbb2c56bea" executionId="41a679d6-74e8-4f9a-bf76-b14a6113d0be" testListId="8c84fa94-04c1-424b-9868-57a2d4851a1d" />
    <TestEntry testId="d4872f30-d2e7-fc1d-f456-df3197080a48" executionId="b22156ac-82fa-4aec-b59f-b578ffb15eac" testListId="8c84fa94-04c1-424b-9868-57a2d4851a1d" />
    <TestEntry testId="10dd7bf8-f28a-4f0c-1dc0-23b4c2def703" executionId="94a9693d-4c2e-4715-8639-4a3b5681a7ec" testListId="8c84fa94-04c1-424b-9868-57a2d4851a1d" />
    <TestEntry testId="3df39c27-f4f5-5c42-c9cb-c9b3731ba9be" executionId="18d9b3f3-9db6-4e8f-9b2c-b76e0c674826" testListId="8c84fa94-04c1-424b-9868-57a2d4851a1d" />
    <TestEntry testId="3ff67012-33f7-cd39-573d-f3e6ab37a120" executionId="67caac1c-525e-4600-88e9-054bd3841a0a" testListId="8c84fa94-04c1-424b-9868-57a2d4851a1d" />
    <TestEntry testId="da581dbd-fdf9-2018-b5c2-8286b59a8ac1" executionId="b9589c39-8df5-4c61-9e49-96924d05761c" testListId="8c84fa94-04c1-424b-9868-57a2d4851a1d" />
    <TestEntry testId="53185803-f30d-3a94-55f9-276f689abca4" executionId="12dbe418-40dc-4096-bd41-2d5cbb74f6ab" testListId="8c84fa94-04c1-424b-9868-57a2d4851a1d" />
    <TestEntry testId="ae7f298e-edeb-46f5-3d43-4270f80b5ca8" executionId="069b2007-6360-4566-9d2d-d79c012c5315" testListId="8c84fa94-04c1-424b-9868-57a2d4851a1d" />
    <TestEntry testId="ee53e0e4-b55d-0010-076b-5818fc51a7bf" executionId="7477893f-4a9c-4fb8-927b-ac72e4e669be" testListId="8c84fa94-04c1-424b-9868-57a2d4851a1d" />
    <TestEntry testId="f701d271-970d-88b5-079f-6601babfed26" executionId="43847d46-6176-4ecb-bfc4-7bd238fcc2b5" testListId="8c84fa94-04c1-424b-9868-57a2d4851a1d" />
    <TestEntry testId="00ac5168-01a9-aa78-532b-b6d6c419a156" executionId="dd5b21b9-a909-4447-9f37-b0880fe73018" testListId="8c84fa94-04c1-424b-9868-57a2d4851a1d" />
    <TestEntry testId="44391416-6606-c8bf-b0af-1a0952a7ad26" executionId="449e10ca-5022-4c1b-bbca-4cdb2365ed00" testListId="8c84fa94-04c1-424b-9868-57a2d4851a1d" />
    <TestEntry testId="56af3ae0-30c5-e2c9-265d-9763c2af0b14" executionId="ff7a1695-c89d-43fa-b149-3b726ea39835" testListId="8c84fa94-04c1-424b-9868-57a2d4851a1d" />
    <TestEntry testId="84735ce6-0802-6c3e-660b-0ce9dcdbafe2" executionId="ba9b5bcc-d6d5-4802-9bc1-7c441c71ad7a" testListId="8c84fa94-04c1-424b-9868-57a2d4851a1d" />
    <TestEntry testId="d4db1bde-02f2-af75-8dda-4a9596de1dfd" executionId="0b30ea6f-d5d1-494f-a882-0536d00ec7ef" testListId="8c84fa94-04c1-424b-9868-57a2d4851a1d" />
    <TestEntry testId="3483fd74-40ab-caaa-a1c3-b598cd24d905" executionId="75273a4d-80c0-4faf-92ec-788f933f2b9a" testListId="8c84fa94-04c1-424b-9868-57a2d4851a1d" />
    <TestEntry testId="de8654eb-af61-aa53-49f9-84c165fb21f5" executionId="2305cc53-9af2-4e6c-9f64-e237d2cfb23f" testListId="8c84fa94-04c1-424b-9868-57a2d4851a1d" />
    <TestEntry testId="8252077b-13bd-fcd5-946c-4ceaed8bb503" executionId="b22abfae-eae8-480a-8196-4194b7f3a2f5" testListId="8c84fa94-04c1-424b-9868-57a2d4851a1d" />
    <TestEntry testId="92049893-c7c1-0d80-70d7-8d0471e997cf" executionId="ce41d9a4-8470-4311-b1fc-2db1e2885b1e" testListId="8c84fa94-04c1-424b-9868-57a2d4851a1d" />
    <TestEntry testId="a03d49df-0221-3c4c-4d83-361bfb025c76" executionId="c1aac545-852a-45ce-ad31-9ce40e0350b8" testListId="8c84fa94-04c1-424b-9868-57a2d4851a1d" />
    <TestEntry testId="5837e4ca-1cc6-6c6e-80e5-27206d993c91" executionId="5def220c-2ad6-4f50-b22f-8b3a74022c4a" testListId="8c84fa94-04c1-424b-9868-57a2d4851a1d" />
    <TestEntry testId="dc3b0316-49f0-426f-b38e-3bcd6e62bfdd" executionId="e897a8b1-2e3c-444c-b057-b53d366af228" testListId="8c84fa94-04c1-424b-9868-57a2d4851a1d" />
    <TestEntry testId="3a37d654-c030-a07d-9c40-73fc97223ffe" executionId="62f7afbc-c2a6-479c-8bf6-1f39ef6f47d8" testListId="8c84fa94-04c1-424b-9868-57a2d4851a1d" />
    <TestEntry testId="a565b306-850e-b284-c6c4-6f49c2eabf91" executionId="8489c0a3-60bf-436f-ba8b-edf209d4f46e" testListId="8c84fa94-04c1-424b-9868-57a2d4851a1d" />
    <TestEntry testId="9b6f16d4-c136-10d2-3821-bfa9982ae3af" executionId="9b911599-01cc-4d19-b8de-31380be30a7f" testListId="8c84fa94-04c1-424b-9868-57a2d4851a1d" />
    <TestEntry testId="8c7cfc0f-91dd-5926-50e6-959c77c2ec34" executionId="efba108c-63f7-4b77-b2a7-f2448a97e379" testListId="8c84fa94-04c1-424b-9868-57a2d4851a1d" />
    <TestEntry testId="872d533c-7618-1f1f-1814-b113065309ba" executionId="b474c5c4-9434-4dcb-87b5-d03b723b89e3" testListId="8c84fa94-04c1-424b-9868-57a2d4851a1d" />
    <TestEntry testId="00c9ed3e-1b96-abed-4b9f-a4e09fd426a6" executionId="92620fec-704e-420c-b508-a37fc9f98abe" testListId="8c84fa94-04c1-424b-9868-57a2d4851a1d" />
    <TestEntry testId="df4fc108-b9f8-183e-9857-a0352a34d2c9" executionId="aa3aa424-0350-4580-8555-3a719e1cfa1f" testListId="8c84fa94-04c1-424b-9868-57a2d4851a1d" />
    <TestEntry testId="a7ae775e-2c15-1f46-f93f-e37442fe54d1" executionId="ffb605e4-cd4b-4357-b98b-ffba268de599" testListId="8c84fa94-04c1-424b-9868-57a2d4851a1d" />
    <TestEntry testId="826dae12-7497-2482-cdc9-2d594ce22a1a" executionId="a475bf65-4dae-485e-8479-f3abc86bb7ba" testListId="8c84fa94-04c1-424b-9868-57a2d4851a1d" />
    <TestEntry testId="20b83e96-bb0c-eaa7-3f17-8420c76ddd7b" executionId="c36e9b16-612a-452b-baaa-f2b440223e14" testListId="8c84fa94-04c1-424b-9868-57a2d4851a1d" />
    <TestEntry testId="ec6a1fe9-3af6-63ab-879a-5b325bb75a96" executionId="82697c78-820e-40a3-9b8c-7acb82ca8f94" testListId="8c84fa94-04c1-424b-9868-57a2d4851a1d" />
    <TestEntry testId="a6f9c41f-5ed0-c96c-bb7f-fb5d30d812a5" executionId="756ddaf0-57ca-4a0e-8da4-31c1b2c61f50" testListId="8c84fa94-04c1-424b-9868-57a2d4851a1d" />
    <TestEntry testId="c3441c18-6d91-a3fc-0eb6-245d76a8e060" executionId="77cd36c6-76ef-47b9-905c-7fcab480000d" testListId="8c84fa94-04c1-424b-9868-57a2d4851a1d" />
    <TestEntry testId="91ffcb1a-560f-f3c6-61e7-9aaab2d982dc" executionId="cb0539fe-34c0-41f2-b462-46d07e650c05" testListId="8c84fa94-04c1-424b-9868-57a2d4851a1d" />
    <TestEntry testId="883ed386-0af3-88ca-5bd9-30da25d79f41" executionId="4fa310ad-9e61-4fbb-a2d3-f81165814590" testListId="8c84fa94-04c1-424b-9868-57a2d4851a1d" />
    <TestEntry testId="f482a2f5-ee23-f9e4-c2fa-729d4fc94abb" executionId="f3e57a18-14e7-47a6-b3a5-31d4209ccd83" testListId="8c84fa94-04c1-424b-9868-57a2d4851a1d" />
    <TestEntry testId="194c53c7-91a0-a39c-19f4-75d99e8bf5f1" executionId="00e5b49e-9a09-4429-ae7d-c99cb266034d" testListId="8c84fa94-04c1-424b-9868-57a2d4851a1d" />
    <TestEntry testId="830bf89f-dfc4-5715-2ff6-ae54ad42b242" executionId="ccd5c80f-1616-4374-9fed-f40d341c07cd" testListId="8c84fa94-04c1-424b-9868-57a2d4851a1d" />
    <TestEntry testId="1663762a-2500-b801-aa4a-60e46d01fc4b" executionId="fe9bc470-914c-4b8f-a839-72cae7783bd8" testListId="8c84fa94-04c1-424b-9868-57a2d4851a1d" />
    <TestEntry testId="e858b755-e862-b910-8b81-43167ff825a3" executionId="94e7d30f-c115-4dc2-b2bf-e090a55e37c7" testListId="8c84fa94-04c1-424b-9868-57a2d4851a1d" />
    <TestEntry testId="c0259e91-f91b-42ff-6977-459d0c7782fd" executionId="478b4a4a-10b8-45de-a171-67647f4faaa3" testListId="8c84fa94-04c1-424b-9868-57a2d4851a1d" />
    <TestEntry testId="1ab5d979-4667-2003-c0dc-5c23807afc87" executionId="9446a113-fca0-4c77-9e92-e4be82713c6c" testListId="8c84fa94-04c1-424b-9868-57a2d4851a1d" />
    <TestEntry testId="c0d785e8-8864-98d5-b13c-b47a7d8658f2" executionId="4bb27099-14e5-4971-b27b-c226f1a95cd2" testListId="8c84fa94-04c1-424b-9868-57a2d4851a1d" />
    <TestEntry testId="eeed665d-fc4a-36d4-2080-835d14f41e2a" executionId="eca65be5-2b32-443d-91cf-b2cc7bbf9bb0" testListId="8c84fa94-04c1-424b-9868-57a2d4851a1d" />
    <TestEntry testId="4ac98c6c-183a-9821-4f8c-c314ab12e456" executionId="1b1ae3ab-c240-468a-b67a-995bd69d5894" testListId="8c84fa94-04c1-424b-9868-57a2d4851a1d" />
    <TestEntry testId="1d64d188-2f85-c3c0-9756-83b6a2cd8474" executionId="1b20f3e4-9671-4665-a8de-a08c1a610209" testListId="8c84fa94-04c1-424b-9868-57a2d4851a1d" />
    <TestEntry testId="0bc3c781-e5e2-4061-bcbc-7fa16190d596" executionId="b882860e-d68a-4dde-b627-dd0402174dc7" testListId="8c84fa94-04c1-424b-9868-57a2d4851a1d" />
    <TestEntry testId="d39f566a-6448-5523-5e51-422943258ba3" executionId="8c0e3d5e-aeeb-4970-bfca-d6de8c335942" testListId="8c84fa94-04c1-424b-9868-57a2d4851a1d" />
    <TestEntry testId="0cd872bf-1428-c181-b201-48c4c96402b3" executionId="ecedb10a-086b-4893-9dd5-d8a773aa9725" testListId="8c84fa94-04c1-424b-9868-57a2d4851a1d" />
    <TestEntry testId="af1e35a2-62a8-4a4f-249d-2b9ad620f97f" executionId="1db67d88-377d-4c0a-a96a-c0370dd030b2" testListId="8c84fa94-04c1-424b-9868-57a2d4851a1d" />
    <TestEntry testId="bdfc4999-ccbe-91b3-0eb1-52f2f541ba00" executionId="689e2bd8-40ed-48dc-aaf0-c7e459b3d5f3" testListId="8c84fa94-04c1-424b-9868-57a2d4851a1d" />
    <TestEntry testId="7800ded3-3f95-f40a-3aae-7b7a07c1c0ae" executionId="7a786c72-bd55-4cbd-b7ce-5a14e836b926" testListId="8c84fa94-04c1-424b-9868-57a2d4851a1d" />
    <TestEntry testId="d974494d-63ae-7806-8273-c958d7210490" executionId="0c58993e-b536-48ee-888d-0079d07cf87c" testListId="8c84fa94-04c1-424b-9868-57a2d4851a1d" />
    <TestEntry testId="c3ba5d7c-9bf9-1a13-3c27-8e6b50e0674e" executionId="f2680a83-b167-4ca5-9b87-6d2691112a72" testListId="8c84fa94-04c1-424b-9868-57a2d4851a1d" />
    <TestEntry testId="5004265f-fd28-da5b-c559-ead79e5384bf" executionId="532aea57-aaf4-4b34-b8bc-5944c6c6d0bf" testListId="8c84fa94-04c1-424b-9868-57a2d4851a1d" />
    <TestEntry testId="cdb294e5-a11e-c1b8-28c0-e318e116348c" executionId="3ddbfe8c-fb4b-426b-bc9c-f1b432b9cd55" testListId="8c84fa94-04c1-424b-9868-57a2d4851a1d" />
    <TestEntry testId="9b54b5db-74ce-7f6e-1fd4-798a1baa40f1" executionId="cc85d3e6-d2d1-41ce-9a81-88e4a4fbab12" testListId="8c84fa94-04c1-424b-9868-57a2d4851a1d" />
    <TestEntry testId="e70bd816-d0ac-eace-44c7-520cb1bd1024" executionId="9fce7690-ad82-4190-90b0-756ce1cb3c63" testListId="8c84fa94-04c1-424b-9868-57a2d4851a1d" />
    <TestEntry testId="9b54bf22-f513-708f-8279-2654a94cc1cf" executionId="cbbe3897-ef69-4474-a7ae-e3b8486a4b97" testListId="8c84fa94-04c1-424b-9868-57a2d4851a1d" />
    <TestEntry testId="e0503f8a-eae1-c2d9-bbae-ed3d40256258" executionId="12218690-0bcb-4df5-a5c8-66b239ddb2f2" testListId="8c84fa94-04c1-424b-9868-57a2d4851a1d" />
    <TestEntry testId="27e4287b-6aa8-a5c7-2e9e-fe37ab9970d9" executionId="34ce1a03-f01f-4bc1-ba18-e11bb8480c8c" testListId="8c84fa94-04c1-424b-9868-57a2d4851a1d" />
    <TestEntry testId="86a445c9-5dff-52f1-c98f-77ae4a8bc915" executionId="f4c49758-4caa-4e75-8772-f65fad1258e3" testListId="8c84fa94-04c1-424b-9868-57a2d4851a1d" />
    <TestEntry testId="2f225332-0e21-75f7-07f4-8bdf7706d8a6" executionId="632b1dee-a97f-4329-80da-a98d3f669bf7" testListId="8c84fa94-04c1-424b-9868-57a2d4851a1d" />
    <TestEntry testId="b802935f-0eb0-14ff-4c95-9725f194073b" executionId="e4de300c-a519-4ba8-bd84-21e58add358f" testListId="8c84fa94-04c1-424b-9868-57a2d4851a1d" />
    <TestEntry testId="1f3c2e70-43ac-a9e9-ce4b-d72a9af7f0f0" executionId="8fe12eef-ca54-4e8c-8bd8-f3d821f39ac5" testListId="8c84fa94-04c1-424b-9868-57a2d4851a1d" />
    <TestEntry testId="0431698b-89c7-961c-1219-e2a2171a4f5c" executionId="cc9a2f7c-9d62-4c08-8668-3372a862036c" testListId="8c84fa94-04c1-424b-9868-57a2d4851a1d" />
    <TestEntry testId="85a2369e-6316-dbc2-97b3-7104e8e43977" executionId="0072dcf8-49d2-4ec9-9bec-bdf93e6159a1" testListId="8c84fa94-04c1-424b-9868-57a2d4851a1d" />
    <TestEntry testId="c64dde4b-44bc-09e7-e376-39c843a2f827" executionId="712511aa-3666-4069-af04-5e7f2ec8c8c9" testListId="8c84fa94-04c1-424b-9868-57a2d4851a1d" />
    <TestEntry testId="6d90f09d-ac26-1a78-00bb-8e50418f096e" executionId="5a00b8bf-d5a3-4504-b087-fbb484eefff0" testListId="8c84fa94-04c1-424b-9868-57a2d4851a1d" />
    <TestEntry testId="bbef5494-4e92-f5fc-3633-d07397508d79" executionId="67594c0d-5492-4dc5-a97d-00e7fef4b576" testListId="8c84fa94-04c1-424b-9868-57a2d4851a1d" />
    <TestEntry testId="5f08cd58-65ec-6481-8a3e-55fd6d8233b0" executionId="f002f08b-95f7-4545-941f-47351af111f2" testListId="8c84fa94-04c1-424b-9868-57a2d4851a1d" />
    <TestEntry testId="195570df-9817-b542-b94a-a76463a05b14" executionId="9ad03e30-baba-4d91-bb5e-48498614750c" testListId="8c84fa94-04c1-424b-9868-57a2d4851a1d" />
    <TestEntry testId="b93013c3-d297-89cf-1fce-624bcbbbca6c" executionId="342f875e-e6fc-41f6-9e62-e3d4d6358059" testListId="8c84fa94-04c1-424b-9868-57a2d4851a1d" />
    <TestEntry testId="fcc71f98-4fa9-3c89-a58d-cfe34dc4476c" executionId="cd8eb557-f168-4ed9-8c0d-ceda30d0fe06" testListId="8c84fa94-04c1-424b-9868-57a2d4851a1d" />
    <TestEntry testId="21be0112-22bc-28e4-3be0-7f0713407426" executionId="425f8b28-8485-42fb-a33e-ccc5562df8a2" testListId="8c84fa94-04c1-424b-9868-57a2d4851a1d" />
    <TestEntry testId="0f3901de-ced3-95a2-d7b7-1fb73bba7570" executionId="4519d1fb-db67-47be-b316-6e1274460528" testListId="8c84fa94-04c1-424b-9868-57a2d4851a1d" />
    <TestEntry testId="1cdbc1c1-e214-17d8-9ab0-1390398a8948" executionId="5913f692-ec61-4421-93cc-28f6718a68e2" testListId="8c84fa94-04c1-424b-9868-57a2d4851a1d" />
    <TestEntry testId="68b8744b-0d04-5ccf-e59d-98d1006236e5" executionId="5179f79e-3402-4923-9f86-e693741d9bfa" testListId="8c84fa94-04c1-424b-9868-57a2d4851a1d" />
    <TestEntry testId="1757e59b-40da-bd94-15dd-39f1d4194c31" executionId="11473ef6-af02-44a0-bc1e-195b321c51ea" testListId="8c84fa94-04c1-424b-9868-57a2d4851a1d" />
    <TestEntry testId="7aa665c6-6d05-2641-5b0e-6f3ba4797370" executionId="7441e9a7-1d84-4ce0-b683-f7737cc0300a" testListId="8c84fa94-04c1-424b-9868-57a2d4851a1d" />
    <TestEntry testId="78ae4795-b159-3f03-06f0-3f211a86b0c5" executionId="8fcec89c-3628-4b6d-8a67-1d2c46a37d3f" testListId="8c84fa94-04c1-424b-9868-57a2d4851a1d" />
    <TestEntry testId="8a1568a6-ad98-67e4-8764-7fa07b40b0f4" executionId="3711117d-964a-4d69-b344-ccf3b62a8a76" testListId="8c84fa94-04c1-424b-9868-57a2d4851a1d" />
    <TestEntry testId="ab584460-bac9-0990-0924-68a8db1e4a1e" executionId="1a35eda4-7500-455d-b409-cb353704c405" testListId="8c84fa94-04c1-424b-9868-57a2d4851a1d" />
    <TestEntry testId="d6051bbc-d4c3-a2f2-5d50-05eb2d368bda" executionId="135682e8-8830-4a99-a64e-b0d0cf60eb40" testListId="8c84fa94-04c1-424b-9868-57a2d4851a1d" />
    <TestEntry testId="5fef5e10-fc69-5d3e-4101-c050ab62c33a" executionId="18e1ffe0-d744-4d66-bbe4-35dec73de544" testListId="8c84fa94-04c1-424b-9868-57a2d4851a1d" />
    <TestEntry testId="4efc28b2-fe1f-f63d-e78f-1c7f34702762" executionId="24919755-8f46-4081-b112-6bb88ca78447" testListId="8c84fa94-04c1-424b-9868-57a2d4851a1d" />
    <TestEntry testId="b998ca9d-3c07-a9b0-e337-f1f0a1809e45" executionId="3de1ddaf-4bc3-4172-9156-3af6046e7760" testListId="8c84fa94-04c1-424b-9868-57a2d4851a1d" />
    <TestEntry testId="35fdccc0-c07e-b0f5-43ff-b8462db1e66e" executionId="b31a1a24-7fb1-4b6f-91bd-99972efcd932" testListId="8c84fa94-04c1-424b-9868-57a2d4851a1d" />
    <TestEntry testId="35fc797f-8043-748e-70a2-2388d5cb8d3d" executionId="e49e83e0-ce0a-469f-bb5a-1ba2789e38e0" testListId="8c84fa94-04c1-424b-9868-57a2d4851a1d" />
    <TestEntry testId="3c8130e7-463f-39e3-1454-66e2409862a6" executionId="c1be547a-f976-456a-aff4-0100e4cb2db0" testListId="8c84fa94-04c1-424b-9868-57a2d4851a1d" />
    <TestEntry testId="e9c28755-a991-4a05-f44d-1683b9f1f037" executionId="3c7423a6-ef7f-49f0-a31c-abda1a09f9a3" testListId="8c84fa94-04c1-424b-9868-57a2d4851a1d" />
    <TestEntry testId="41f04a9d-5df2-9e79-b05d-aaa6c4b08e60" executionId="c7bd6e8c-eb14-4cb2-aef6-91800ad8a541" testListId="8c84fa94-04c1-424b-9868-57a2d4851a1d" />
    <TestEntry testId="76f56124-31a2-88ce-2d55-72b9a34a85b7" executionId="b5b4f7e0-ea06-453e-9295-be3bcdd061a4" testListId="8c84fa94-04c1-424b-9868-57a2d4851a1d" />
    <TestEntry testId="e5baebdf-dd33-61d2-8622-e7904797fee0" executionId="eb03b48b-c249-41e5-8efa-503ae47e7bf8" testListId="8c84fa94-04c1-424b-9868-57a2d4851a1d" />
    <TestEntry testId="aab428ed-a31b-f1b7-b0cd-f341bed7d107" executionId="e9d2f8f8-0d44-408b-ad82-4a9529b3852c" testListId="8c84fa94-04c1-424b-9868-57a2d4851a1d" />
    <TestEntry testId="3601e411-06fe-e014-7da4-87000446bebe" executionId="ec264174-a257-46e9-ac79-01d572e45bd4" testListId="8c84fa94-04c1-424b-9868-57a2d4851a1d" />
    <TestEntry testId="03b9d988-af55-c02a-fb0b-6c811350a612" executionId="feb39930-fd70-44cf-8d79-cd074820c8d9" testListId="8c84fa94-04c1-424b-9868-57a2d4851a1d" />
    <TestEntry testId="fab1182a-1ea1-5a85-a52f-fa7890fd3d44" executionId="81db32ef-901e-435d-936c-ce85e1cde653" testListId="8c84fa94-04c1-424b-9868-57a2d4851a1d" />
    <TestEntry testId="4a1694b5-7db1-bf67-dca4-8860f0f31e9d" executionId="4400d73f-98b1-4d0f-bfbb-bdf34e630a9f" testListId="8c84fa94-04c1-424b-9868-57a2d4851a1d" />
    <TestEntry testId="ebac5c23-cf94-d057-1e07-261b56c40f5f" executionId="6e04eeef-2925-4f40-bfdc-1d577572f51f" testListId="8c84fa94-04c1-424b-9868-57a2d4851a1d" />
    <TestEntry testId="ec15ac28-e259-9e0e-79de-b4c8ed950c52" executionId="4f520672-c58e-42fc-a2d2-12f9c6005ee9" testListId="8c84fa94-04c1-424b-9868-57a2d4851a1d" />
    <TestEntry testId="fc1071f1-9dc8-3652-9848-fa70b1167397" executionId="0010121f-adf9-4a4d-b5c4-294e011d6b1f" testListId="8c84fa94-04c1-424b-9868-57a2d4851a1d" />
    <TestEntry testId="417d2775-4be3-356c-d0c6-5cff4570afc9" executionId="ee58161b-35c6-4915-a0d0-1df140b69206" testListId="8c84fa94-04c1-424b-9868-57a2d4851a1d" />
    <TestEntry testId="0b5a5a76-188a-3cd1-7ad8-530b93b01a49" executionId="aedbef2e-275f-41c3-9987-1fdfda4a4b0c" testListId="8c84fa94-04c1-424b-9868-57a2d4851a1d" />
    <TestEntry testId="23e6b65b-70a8-06de-4fd2-1098c3da7047" executionId="233de24f-20bf-4610-9012-ae47bbbb1168" testListId="8c84fa94-04c1-424b-9868-57a2d4851a1d" />
    <TestEntry testId="3460e6f3-0dd6-9361-76e4-41731c8ee6fa" executionId="aa73b0a9-ca62-4e19-960d-60b6b7e44918" testListId="8c84fa94-04c1-424b-9868-57a2d4851a1d" />
    <TestEntry testId="b3f386a5-07aa-a732-a6bd-e0f6659489a9" executionId="dda910e5-1796-409e-821a-129cad1d6052" testListId="8c84fa94-04c1-424b-9868-57a2d4851a1d" />
    <TestEntry testId="34039ecd-ee8b-6055-7cde-d7cfbc3f929e" executionId="28d1bccc-8167-4199-9889-a04b80b81fad" testListId="8c84fa94-04c1-424b-9868-57a2d4851a1d" />
    <TestEntry testId="1b7a8e72-6c5b-1b1a-773c-d218457056e9" executionId="4fa22f9d-92a3-4f4b-9eb9-5ab240942ba4" testListId="8c84fa94-04c1-424b-9868-57a2d4851a1d" />
    <TestEntry testId="702b2a99-3d22-8fb5-d555-a5570edf1677" executionId="46e7f1fc-e586-4c09-b04c-5262fe0d868c" testListId="8c84fa94-04c1-424b-9868-57a2d4851a1d" />
    <TestEntry testId="126ce091-c6ba-ecff-2f2d-3c69aa56bf21" executionId="439a3c60-3b08-4ab6-80fa-e0d5e6cab50b" testListId="8c84fa94-04c1-424b-9868-57a2d4851a1d" />
    <TestEntry testId="b3aaeac2-8a8e-15b7-f149-450ef9d8d467" executionId="993f9b9c-1c72-4fb7-8865-7ce9303cedbd" testListId="8c84fa94-04c1-424b-9868-57a2d4851a1d" />
    <TestEntry testId="8fb02973-b048-8216-b7ce-b352b4c4fa12" executionId="23071472-b205-49a4-b05f-7218da309121" testListId="8c84fa94-04c1-424b-9868-57a2d4851a1d" />
    <TestEntry testId="30200921-e950-e3ac-a65b-a4bfe480ca8a" executionId="6c956dd4-c4cc-4ce2-8aa7-cd89f3cd4894" testListId="8c84fa94-04c1-424b-9868-57a2d4851a1d" />
    <TestEntry testId="23522416-a281-f08a-eb85-d8c0fbc81978" executionId="008b0ae7-5378-498e-9718-72479f840579" testListId="8c84fa94-04c1-424b-9868-57a2d4851a1d" />
    <TestEntry testId="65173ca9-ca7a-eecb-f51e-664ba3987e33" executionId="81a08359-6f87-49ce-9d28-f0ec65390ff0" testListId="8c84fa94-04c1-424b-9868-57a2d4851a1d" />
    <TestEntry testId="f68d42a3-acec-6b53-6243-cbfed90e3b19" executionId="80d99764-3cd4-426a-b6ca-15fa6a125e3f" testListId="8c84fa94-04c1-424b-9868-57a2d4851a1d" />
    <TestEntry testId="14ce9c46-40b0-3cf1-b65d-94e20f3f850c" executionId="74b6b8ab-e7dd-4300-8c2f-c9a27a98ce24" testListId="8c84fa94-04c1-424b-9868-57a2d4851a1d" />
    <TestEntry testId="82ab9888-0e8e-be7c-a27b-7d4882e76ad2" executionId="57b13dd2-7f67-4af8-a6a0-9d2b439c4cb0" testListId="8c84fa94-04c1-424b-9868-57a2d4851a1d" />
    <TestEntry testId="654dfcc7-b76a-e7bb-4995-363927b604e0" executionId="ca9d8104-fd2a-4e8d-9273-169862dbfcb4" testListId="8c84fa94-04c1-424b-9868-57a2d4851a1d" />
    <TestEntry testId="343adaa4-a6b4-4217-fe91-ea0e91bd35db" executionId="ed28e24a-7762-4300-af89-e462abc56174" testListId="8c84fa94-04c1-424b-9868-57a2d4851a1d" />
    <TestEntry testId="d0c51da7-1dd7-d068-f152-d898ea188859" executionId="4c83e2b9-4931-444e-bdef-78aad1f836bf" testListId="8c84fa94-04c1-424b-9868-57a2d4851a1d" />
    <TestEntry testId="145e0ff6-94b3-8f9e-a3e6-3b43ce77eb33" executionId="538236a8-78ec-428e-9ae6-f2c6ad9b0571" testListId="8c84fa94-04c1-424b-9868-57a2d4851a1d" />
    <TestEntry testId="9586cc92-f1bb-653a-bd17-70b79fb89f50" executionId="34ba16a2-976c-403e-a89c-fb8eb1cf7af6" testListId="8c84fa94-04c1-424b-9868-57a2d4851a1d" />
    <TestEntry testId="af2a8788-f2d5-ea21-a188-f51e4691cee7" executionId="e9c80280-771d-4cbd-b5fe-bd4b8f7eb9e0" testListId="8c84fa94-04c1-424b-9868-57a2d4851a1d" />
    <TestEntry testId="9ee3310d-df68-3208-bd43-511bd668f4d5" executionId="bf52e870-e418-4f9f-b4c8-ca28e8946c30" testListId="8c84fa94-04c1-424b-9868-57a2d4851a1d" />
    <TestEntry testId="9c84fcaa-119c-eb3e-55a7-125cbe865eba" executionId="97e772ba-6b5f-464f-89b3-5291f1cf6118" testListId="8c84fa94-04c1-424b-9868-57a2d4851a1d" />
    <TestEntry testId="0a4bd700-62ec-92c2-9d2a-4cd013e53bcb" executionId="3007268b-471e-4ce3-b61d-5704b55e2b89" testListId="8c84fa94-04c1-424b-9868-57a2d4851a1d" />
    <TestEntry testId="a2c49861-8cfa-cfb9-a354-4ffbac34fc0c" executionId="fa3a776c-1d27-4c49-80c5-4a76ae55ee1f" testListId="8c84fa94-04c1-424b-9868-57a2d4851a1d" />
    <TestEntry testId="9c89c59d-b4e1-b0e6-38b6-740ac9ec96bd" executionId="ed6008b2-6da1-4910-821d-889e540f15f4" testListId="8c84fa94-04c1-424b-9868-57a2d4851a1d" />
    <TestEntry testId="88fa8516-0d21-8d70-a765-06ab5bfbd249" executionId="8176a624-a3c1-49e7-9866-cbac1e708b34" testListId="8c84fa94-04c1-424b-9868-57a2d4851a1d" />
    <TestEntry testId="9f407d44-4f3f-f1b2-0cc2-8c4bc65e5f39" executionId="cab241cb-926b-4272-abc0-ce7b9da308bb" testListId="8c84fa94-04c1-424b-9868-57a2d4851a1d" />
    <TestEntry testId="e670b983-4ada-5f80-307a-cf5e26b6c0b2" executionId="0415cbb3-bdcb-4b3f-b9c9-625febe22570" testListId="8c84fa94-04c1-424b-9868-57a2d4851a1d" />
    <TestEntry testId="40de1517-d6a6-7e31-1713-862fa25a82b9" executionId="eaa9806d-d395-4ba2-80f9-64bae9232b38" testListId="8c84fa94-04c1-424b-9868-57a2d4851a1d" />
    <TestEntry testId="9dd385ef-b7c1-a45d-9dea-e00dc401f11c" executionId="d5ba8541-399e-45ba-be64-792377b8268d" testListId="8c84fa94-04c1-424b-9868-57a2d4851a1d" />
    <TestEntry testId="b38d8b7d-1c96-2deb-5466-9a0f98a87dce" executionId="69b6306c-6479-44d6-8d29-2c90d90f99d7" testListId="8c84fa94-04c1-424b-9868-57a2d4851a1d" />
    <TestEntry testId="e5ac7c8b-5d6c-e4aa-7715-b9b1e7a9023f" executionId="4637df43-c7bf-457d-95dd-6ce326ecd871" testListId="8c84fa94-04c1-424b-9868-57a2d4851a1d" />
    <TestEntry testId="058170fd-69e2-a7d3-64d2-1a307243ea90" executionId="3f27168b-59ea-463f-984f-96916fe37a27" testListId="8c84fa94-04c1-424b-9868-57a2d4851a1d" />
    <TestEntry testId="1189299d-d6c8-7716-1cc1-5c418c696590" executionId="f08b383c-13d5-4953-a05a-b8ed5f2d0e64" testListId="8c84fa94-04c1-424b-9868-57a2d4851a1d" />
    <TestEntry testId="7f983a5e-5f3c-ed76-0115-273409a0ed19" executionId="ee988856-c45b-4d35-9141-25beaa935af7" testListId="8c84fa94-04c1-424b-9868-57a2d4851a1d" />
    <TestEntry testId="fe59fd9d-eb33-67df-fe2b-87a233e68931" executionId="b8f2c8c5-0605-41fe-a40a-e74fe49c09ed" testListId="8c84fa94-04c1-424b-9868-57a2d4851a1d" />
    <TestEntry testId="c2ad7c56-01cc-4375-d0d2-2742c681c744" executionId="4698c920-848e-4359-9d5e-12ecd1bdb1c8" testListId="8c84fa94-04c1-424b-9868-57a2d4851a1d" />
    <TestEntry testId="a8a4e835-940f-7215-5269-967ee52ddfcd" executionId="e7d55615-7a85-4dab-b9aa-e000b7d15141" testListId="8c84fa94-04c1-424b-9868-57a2d4851a1d" />
    <TestEntry testId="6e64b1c1-2e75-35e1-101c-1ff9cd084eb0" executionId="38e5ee64-a8c5-40bf-aff6-a6e947807d56" testListId="8c84fa94-04c1-424b-9868-57a2d4851a1d" />
    <TestEntry testId="4203d4af-b5bf-b00b-9139-2a7c647d28e9" executionId="aff5f858-14dd-47e5-a329-ca01ed81a86d" testListId="8c84fa94-04c1-424b-9868-57a2d4851a1d" />
    <TestEntry testId="a414dc23-7c3d-099a-1001-11be32d85424" executionId="c890aaca-fb70-443c-b5a4-e117d233488c" testListId="8c84fa94-04c1-424b-9868-57a2d4851a1d" />
    <TestEntry testId="db90aeda-99d3-8862-c893-f6a75596efbc" executionId="ca7b70d8-ffac-438d-9f28-acc66b0c6629" testListId="8c84fa94-04c1-424b-9868-57a2d4851a1d" />
    <TestEntry testId="3cc1b7a3-6a23-5d4a-8d17-b87aa291e5cf" executionId="893e05e2-9a0f-4bfd-a65d-98a69989d315" testListId="8c84fa94-04c1-424b-9868-57a2d4851a1d" />
    <TestEntry testId="d84399e7-2094-11f2-58a1-ad3cf8b39c94" executionId="712db3f7-0a06-468c-a8de-8c88a9d94d9f" testListId="8c84fa94-04c1-424b-9868-57a2d4851a1d" />
    <TestEntry testId="0cc7d5be-9117-6a7b-5cf3-0699f110c80e" executionId="8bb9da2d-871b-48ea-a85c-8e6622fd8e21" testListId="8c84fa94-04c1-424b-9868-57a2d4851a1d" />
    <TestEntry testId="3fc559f5-bb13-876b-1485-1faebe02441c" executionId="96474681-e7d0-45cd-8bea-ad54b7c0112f" testListId="8c84fa94-04c1-424b-9868-57a2d4851a1d" />
    <TestEntry testId="de09b4c2-8c85-fd07-a4bd-ac2ed052171a" executionId="6a390756-0dea-49d8-a36a-01bef3616339" testListId="8c84fa94-04c1-424b-9868-57a2d4851a1d" />
    <TestEntry testId="bedf46db-baeb-e070-62c2-ab54242ce982" executionId="29547982-9f67-4b76-a88f-e29355627c79" testListId="8c84fa94-04c1-424b-9868-57a2d4851a1d" />
    <TestEntry testId="8a54600b-ddfe-122f-8fbb-15179853629f" executionId="de03bf2b-3409-457b-ac94-7af97df34fcf" testListId="8c84fa94-04c1-424b-9868-57a2d4851a1d" />
    <TestEntry testId="09064739-d6f3-b35b-43e1-f9b5634afbd3" executionId="efec475f-c14c-468c-af09-0d6f0a375619" testListId="8c84fa94-04c1-424b-9868-57a2d4851a1d" />
    <TestEntry testId="9cb22239-8c05-3795-1d49-f4debbc5193e" executionId="e3caf909-ecb4-4b18-ba1c-68be50c59f1a" testListId="8c84fa94-04c1-424b-9868-57a2d4851a1d" />
    <TestEntry testId="70311a0a-2853-d903-384a-e493017e2da4" executionId="e2595325-c98a-4975-af4c-aadc05276bec" testListId="8c84fa94-04c1-424b-9868-57a2d4851a1d" />
    <TestEntry testId="0fb4b7bb-e522-c3cc-c43e-c8a8d68a12cc" executionId="590a59fd-9061-43bb-8d3f-a2ec2f3629a9" testListId="8c84fa94-04c1-424b-9868-57a2d4851a1d" />
    <TestEntry testId="00f3f438-e702-19f0-4f30-bd3e4320eea7" executionId="6435013a-7213-49a5-afe0-d48202083053" testListId="8c84fa94-04c1-424b-9868-57a2d4851a1d" />
    <TestEntry testId="843dae0b-b140-3d67-5588-10bfec2781a8" executionId="ac3f2c12-a706-4bc4-b72c-831ef64b009b" testListId="8c84fa94-04c1-424b-9868-57a2d4851a1d" />
    <TestEntry testId="60b3c6a0-382d-f239-6234-5e6df72cc9b2" executionId="c39062e4-95da-49e0-ac74-5a1e2a4e8d15" testListId="8c84fa94-04c1-424b-9868-57a2d4851a1d" />
    <TestEntry testId="47de8f42-b82b-27c9-e6cb-af47f9988997" executionId="7c4f878d-2c08-4c1e-a1b1-e41932bce0d7" testListId="8c84fa94-04c1-424b-9868-57a2d4851a1d" />
    <TestEntry testId="8893b278-aa55-a685-d169-59d2e6a2a2db" executionId="319e1e37-b718-4c18-a247-3c73b0629218" testListId="8c84fa94-04c1-424b-9868-57a2d4851a1d" />
    <TestEntry testId="4ac17529-5b95-5a72-033f-f220f1f85e71" executionId="6c7c6799-7947-4a1f-b548-f2229f13796d" testListId="8c84fa94-04c1-424b-9868-57a2d4851a1d" />
    <TestEntry testId="06afff30-aa98-f03f-ebfe-83961e8caf5d" executionId="6b543c34-5a79-48ad-bc5f-5d24ef384ec1" testListId="8c84fa94-04c1-424b-9868-57a2d4851a1d" />
    <TestEntry testId="62bfa639-11d3-81b7-beea-8fc58ddae302" executionId="d489adae-6864-46fa-be10-121abbe5ea97" testListId="8c84fa94-04c1-424b-9868-57a2d4851a1d" />
    <TestEntry testId="57630e13-6376-5ac4-f876-8b3113252cf4" executionId="72c7e69f-50b4-4d0f-bb33-324c6201a459" testListId="8c84fa94-04c1-424b-9868-57a2d4851a1d" />
    <TestEntry testId="ea1b5845-13e0-a3f9-5ed1-720958ca2d0a" executionId="528f0c44-7f15-4e23-b9fd-7298fbadf90a" testListId="8c84fa94-04c1-424b-9868-57a2d4851a1d" />
    <TestEntry testId="81267ce3-6f9f-039a-6061-d6bf94b58293" executionId="81d38291-1056-43c6-bb4f-e6b619bee135" testListId="8c84fa94-04c1-424b-9868-57a2d4851a1d" />
    <TestEntry testId="370610a6-40ac-68fd-6f42-3e5c99313cb3" executionId="8d1bd6c2-29f6-4741-8386-0d09ebd72619" testListId="8c84fa94-04c1-424b-9868-57a2d4851a1d" />
    <TestEntry testId="8019e7cd-2b2b-285d-fe92-717617455fd4" executionId="26e8c50a-aeb6-4c1a-bea3-3383968790d4" testListId="8c84fa94-04c1-424b-9868-57a2d4851a1d" />
    <TestEntry testId="f8f04b21-fad0-48a3-39ca-a5f162fe7d64" executionId="6921b103-8ea3-4cc1-85bb-7c6c9c5b79d3" testListId="8c84fa94-04c1-424b-9868-57a2d4851a1d" />
    <TestEntry testId="acb1a3bd-713e-4d7a-4e0c-8e617e64d48b" executionId="d7ae6911-8bd3-4706-bee6-2885d0fc0817" testListId="8c84fa94-04c1-424b-9868-57a2d4851a1d" />
    <TestEntry testId="1bb961de-3244-ec3d-ba9c-efd8693da7cb" executionId="2ac87297-976e-4b23-a7da-414c5fb24f57" testListId="8c84fa94-04c1-424b-9868-57a2d4851a1d" />
    <TestEntry testId="d7f3ae8c-bf97-f47d-48ab-b1fc5ef00c66" executionId="7a38a096-fca3-4f56-98bc-da5052521bf3" testListId="8c84fa94-04c1-424b-9868-57a2d4851a1d" />
    <TestEntry testId="01eab79c-bc50-d06f-cdd9-f0cb405d3b66" executionId="fc203c2b-4120-4260-a962-0137ee9f51ba" testListId="8c84fa94-04c1-424b-9868-57a2d4851a1d" />
    <TestEntry testId="c0b0990b-db80-5ada-cdd8-224bb5ed398a" executionId="8419a5f4-740c-4e33-bc5c-cfbc173bc796" testListId="8c84fa94-04c1-424b-9868-57a2d4851a1d" />
    <TestEntry testId="425d7941-e1e0-5212-c622-83e7ab8c692e" executionId="9a631701-fad0-4504-924a-d72879a9f069" testListId="8c84fa94-04c1-424b-9868-57a2d4851a1d" />
    <TestEntry testId="8ffeda3d-e799-7be5-92e9-cd0ffd88ed12" executionId="d864a3b6-23f5-4650-bcfd-16450497d21d" testListId="8c84fa94-04c1-424b-9868-57a2d4851a1d" />
    <TestEntry testId="3204b6d4-271a-3c48-7f1c-1d8f9fa8fb2f" executionId="7f84c10d-6f2d-49a6-a707-13c84eb8a905" testListId="8c84fa94-04c1-424b-9868-57a2d4851a1d" />
    <TestEntry testId="a27dcab4-fe50-bb56-8a65-057bfb64a1f4" executionId="ce6defd5-eae1-44d4-89e9-8d0c0856170f" testListId="8c84fa94-04c1-424b-9868-57a2d4851a1d" />
    <TestEntry testId="f982a6b2-b7fa-97b9-3ee1-04eced2a82e8" executionId="5f367fc6-6c70-4eb4-a809-2ac4e324d73d" testListId="8c84fa94-04c1-424b-9868-57a2d4851a1d" />
    <TestEntry testId="f2392ab0-78ba-8d94-1e9f-3ff53d3d1da4" executionId="1e7b0842-4045-4c0c-a4e7-5ff9c023089e" testListId="8c84fa94-04c1-424b-9868-57a2d4851a1d" />
    <TestEntry testId="28b7e0ab-6c4a-f8e2-76d8-c7775c82dbd0" executionId="ea5e4343-781f-4f3a-b4ff-c280329db5fb" testListId="8c84fa94-04c1-424b-9868-57a2d4851a1d" />
    <TestEntry testId="cb1d8729-ed7e-3666-4cf6-433514c9d9a6" executionId="e4d2f64c-c789-4184-83f2-3c05c45ebb01" testListId="8c84fa94-04c1-424b-9868-57a2d4851a1d" />
    <TestEntry testId="a39ae70d-c88f-1b05-e852-22bd9620ca7b" executionId="d6baecce-6de9-4413-a650-3ce17861d697" testListId="8c84fa94-04c1-424b-9868-57a2d4851a1d" />
    <TestEntry testId="63f149e4-246e-312e-204b-29ba70cef87d" executionId="a1d053d6-c587-4570-b597-a56c89cb5044" testListId="8c84fa94-04c1-424b-9868-57a2d4851a1d" />
    <TestEntry testId="01f34d8e-771f-fa5c-163a-25421605a156" executionId="64a9edba-246e-430b-a772-0f7afe0dbe5e" testListId="8c84fa94-04c1-424b-9868-57a2d4851a1d" />
    <TestEntry testId="6ec299cf-433f-6019-4dfb-ce39d2dfd94a" executionId="8b08d94b-c53b-4ba9-a39d-cac4f32c070c" testListId="8c84fa94-04c1-424b-9868-57a2d4851a1d" />
    <TestEntry testId="90f737d2-bf89-5d2f-b28c-8cecebbed027" executionId="24a37234-f323-42f7-9c67-0bce37c9097d" testListId="8c84fa94-04c1-424b-9868-57a2d4851a1d" />
    <TestEntry testId="350c59fa-eaf2-6336-6861-38da01aa1d5e" executionId="75cddb26-95bc-4df1-9452-674003656f1d" testListId="8c84fa94-04c1-424b-9868-57a2d4851a1d" />
    <TestEntry testId="58415a14-73c9-7515-7cc6-10b983611842" executionId="253ec5e9-5f0f-4d92-b56f-98e459c882aa" testListId="8c84fa94-04c1-424b-9868-57a2d4851a1d" />
    <TestEntry testId="1435e2a2-bee2-1d2d-95b6-bab177d11e01" executionId="0b5c4f99-3057-4c46-978b-c30714a1b0e7" testListId="8c84fa94-04c1-424b-9868-57a2d4851a1d" />
    <TestEntry testId="c3476bd9-ab82-3913-af01-2849b9aa1d17" executionId="784cb91e-0fb8-4f29-8341-8c7046282663" testListId="8c84fa94-04c1-424b-9868-57a2d4851a1d" />
    <TestEntry testId="c1617589-7ab5-2785-7153-f5d42b13af57" executionId="d58db552-6c75-4be1-8a1a-cc57cf171203" testListId="8c84fa94-04c1-424b-9868-57a2d4851a1d" />
    <TestEntry testId="4927bb5b-1d8a-626c-1d59-507b7cca82e7" executionId="76729403-c539-4ec7-82bd-4cf7ef3507e4" testListId="8c84fa94-04c1-424b-9868-57a2d4851a1d" />
    <TestEntry testId="284b6dde-d469-e7b6-918d-53acf8f9cd77" executionId="b3df9b56-6657-4ff6-a2bf-7ffeb693e613" testListId="8c84fa94-04c1-424b-9868-57a2d4851a1d" />
    <TestEntry testId="2227d8a1-1292-2ada-1845-295f40381449" executionId="6d2f6c4a-0b57-489a-8fdb-d11a920e2617" testListId="8c84fa94-04c1-424b-9868-57a2d4851a1d" />
    <TestEntry testId="9c23bc24-c1ee-6f47-512c-5d239bfcd591" executionId="2233968f-d8ed-4984-b35a-bdd38d6e08ce" testListId="8c84fa94-04c1-424b-9868-57a2d4851a1d" />
    <TestEntry testId="ba253b92-69e3-4e4f-d52c-11bff46fb10e" executionId="60892e55-0b57-4594-bb1d-d85f4dc12c18" testListId="8c84fa94-04c1-424b-9868-57a2d4851a1d" />
    <TestEntry testId="7ed35012-584a-2fe3-a716-cd0afc4bf24c" executionId="707b9364-bcb6-4424-8ba6-5367e025ec08" testListId="8c84fa94-04c1-424b-9868-57a2d4851a1d" />
    <TestEntry testId="b162402f-2c1b-0582-f67d-d6b489572737" executionId="5092c6a9-e850-4d53-9726-a340db1f3df7" testListId="8c84fa94-04c1-424b-9868-57a2d4851a1d" />
    <TestEntry testId="97644baf-75da-2d1d-90ad-632f1839ba1c" executionId="6f27bccd-fe38-44c2-987f-30d12d82375d" testListId="8c84fa94-04c1-424b-9868-57a2d4851a1d" />
    <TestEntry testId="cf94cc5e-3853-d775-7ab9-b0e9c7ff54bd" executionId="5bdf9894-46a0-438f-a947-bb68f755f246" testListId="8c84fa94-04c1-424b-9868-57a2d4851a1d" />
    <TestEntry testId="5b878309-5fba-ade9-5fb0-a0b0fe46423a" executionId="1998b5b5-e5e1-4be8-a71c-e5ca379f9860" testListId="8c84fa94-04c1-424b-9868-57a2d4851a1d" />
    <TestEntry testId="c34f42eb-c62c-cd70-fefe-eae8d43a9ea6" executionId="8c55d916-94e4-43f2-9d48-aa5e4215195d" testListId="8c84fa94-04c1-424b-9868-57a2d4851a1d" />
    <TestEntry testId="56b7fe15-643b-5b55-8dfa-1ded6df183bf" executionId="15edc93d-1577-472d-93a6-f5105fe8791a" testListId="8c84fa94-04c1-424b-9868-57a2d4851a1d" />
    <TestEntry testId="313c09e0-411a-75b7-e96b-3ca0dbd86c48" executionId="ef179777-4799-4717-a3eb-3d361e2eb525" testListId="8c84fa94-04c1-424b-9868-57a2d4851a1d" />
    <TestEntry testId="49a421d1-e95e-714d-edf9-45ffcfd2a39e" executionId="449579e9-0145-4f78-b5f6-2bb04810af8b" testListId="8c84fa94-04c1-424b-9868-57a2d4851a1d" />
    <TestEntry testId="2aeb0604-7864-ac0e-7483-a1a86a3f6f67" executionId="328217da-ab90-486d-b44a-7b3a0642767e" testListId="8c84fa94-04c1-424b-9868-57a2d4851a1d" />
    <TestEntry testId="9f0f6d30-f426-c7af-d9b6-15317c05ddf1" executionId="2f03ce06-4964-4a9b-b215-c1841cae720b" testListId="8c84fa94-04c1-424b-9868-57a2d4851a1d" />
    <TestEntry testId="ab87a2ac-ff1e-bd5f-59b1-9c79c2ca68fe" executionId="22f1061f-f7a0-457e-a367-ad5dd15debe6" testListId="8c84fa94-04c1-424b-9868-57a2d4851a1d" />
    <TestEntry testId="1e268e1f-9f4f-f655-e5bb-e50feefd0bab" executionId="d75e1d15-bb97-4b64-9d92-dac96e50d283" testListId="8c84fa94-04c1-424b-9868-57a2d4851a1d" />
    <TestEntry testId="55849d48-8f3f-820c-27fa-98e4f30a7358" executionId="78ebb0da-e1f0-42e5-a1b6-27dcb08af67e" testListId="8c84fa94-04c1-424b-9868-57a2d4851a1d" />
    <TestEntry testId="ee6192d4-4913-e5e7-42dd-becf117dbb37" executionId="b29b2fd8-4c16-4468-a092-519e4e258b77" testListId="8c84fa94-04c1-424b-9868-57a2d4851a1d" />
    <TestEntry testId="744b677d-0c71-fc1a-e1ca-cb97cabb4a84" executionId="d649e829-e174-4693-9367-f73c7c0b18cd" testListId="8c84fa94-04c1-424b-9868-57a2d4851a1d" />
    <TestEntry testId="a4ec8e4b-30aa-49df-138f-1971a7f8ca38" executionId="d99ba1c2-9a59-48f7-89d4-c405525ed10c" testListId="8c84fa94-04c1-424b-9868-57a2d4851a1d" />
    <TestEntry testId="7e90dd26-5432-8bfa-3839-6557709d9ac8" executionId="4bd6aad0-831d-47a3-915d-d7e7385a45d5" testListId="8c84fa94-04c1-424b-9868-57a2d4851a1d" />
    <TestEntry testId="e63df314-54b1-32a3-73ac-881577d2c079" executionId="744b37fd-e9c6-4eaa-8037-5379fceafe0e" testListId="8c84fa94-04c1-424b-9868-57a2d4851a1d" />
    <TestEntry testId="f5f2e97a-f5f8-6deb-42be-a32de8760af2" executionId="7fc57f2c-a822-449f-a54b-ddc86101cefd" testListId="8c84fa94-04c1-424b-9868-57a2d4851a1d" />
    <TestEntry testId="5b1fb637-3ca1-9a80-d25d-3a01eede0458" executionId="248831b6-d6dc-4e16-a014-0213ceedce59" testListId="8c84fa94-04c1-424b-9868-57a2d4851a1d" />
    <TestEntry testId="ed1d90ee-8339-654e-30f1-a3356e61f489" executionId="30728181-3744-4780-ad39-8c1856830981" testListId="8c84fa94-04c1-424b-9868-57a2d4851a1d" />
    <TestEntry testId="279d4c50-473d-8932-e5b9-1021814604da" executionId="d35e6e11-15aa-4c71-9250-222927e586d2" testListId="8c84fa94-04c1-424b-9868-57a2d4851a1d" />
    <TestEntry testId="d44210af-46ab-fec2-8d60-032381467d22" executionId="9e9de6cb-302e-4c9f-8882-9f588af1dee1" testListId="8c84fa94-04c1-424b-9868-57a2d4851a1d" />
    <TestEntry testId="c6214463-25ef-9b77-19c9-f227068e9681" executionId="058895b8-ab1d-4c41-bc07-1d8c317c9fa6" testListId="8c84fa94-04c1-424b-9868-57a2d4851a1d" />
    <TestEntry testId="52643794-b083-7c0f-47d3-00e62a4cf8ea" executionId="a5f48684-722d-46bb-a0a6-625aded43798" testListId="8c84fa94-04c1-424b-9868-57a2d4851a1d" />
    <TestEntry testId="165e0853-e6ec-d7d3-2c96-375c649002cc" executionId="5876bea6-12c5-479f-9cae-647352ff71b7" testListId="8c84fa94-04c1-424b-9868-57a2d4851a1d" />
    <TestEntry testId="bb9524ad-acf8-1507-0ed6-9348671a86fe" executionId="eaf4e586-865c-4a92-a0b9-d982f97ff9f6" testListId="8c84fa94-04c1-424b-9868-57a2d4851a1d" />
    <TestEntry testId="2477d472-bfaa-26c5-aa9b-d6406e79167b" executionId="59fdb4a9-aadf-4f19-bccf-2f5724c741e0" testListId="8c84fa94-04c1-424b-9868-57a2d4851a1d" />
    <TestEntry testId="3377fc03-ebfb-5203-3a6a-1a517b97bfcd" executionId="bbea28a5-3d6b-44ef-bf3b-dad1183e6a06" testListId="8c84fa94-04c1-424b-9868-57a2d4851a1d" />
    <TestEntry testId="cb3c2aec-6735-d3a0-5cab-578bcfb4d46d" executionId="328f4e2e-7954-48a1-8ccc-023fad595f3f" testListId="8c84fa94-04c1-424b-9868-57a2d4851a1d" />
    <TestEntry testId="4be5efe6-8790-c0c6-bead-44c751febe9d" executionId="25df2218-8366-4063-a228-15c50e6a06fe" testListId="8c84fa94-04c1-424b-9868-57a2d4851a1d" />
    <TestEntry testId="39116a4a-80db-ce36-d47f-ad7c599fcdc1" executionId="b8360d06-9486-4122-ba4d-44274a6904d6" testListId="8c84fa94-04c1-424b-9868-57a2d4851a1d" />
    <TestEntry testId="e886f146-563d-6db0-f755-1724a8f2f2c8" executionId="b1cb3d47-b2ab-4efc-9233-8fcebb78e78c" testListId="8c84fa94-04c1-424b-9868-57a2d4851a1d" />
    <TestEntry testId="35b5f995-b2f1-b0ad-4d21-7b40aa694ec8" executionId="d3ef0650-098d-4cf8-af16-eca7f662f283" testListId="8c84fa94-04c1-424b-9868-57a2d4851a1d" />
    <TestEntry testId="e55520ca-13b9-16e0-7c91-282920a34b8a" executionId="2d6b71da-4451-404b-99af-37a9b47d580b" testListId="8c84fa94-04c1-424b-9868-57a2d4851a1d" />
    <TestEntry testId="597f2f58-81bb-4d82-b5c8-d8c0619f1925" executionId="511af7e7-8cc7-4858-94ea-0b86d236a490" testListId="8c84fa94-04c1-424b-9868-57a2d4851a1d" />
    <TestEntry testId="0eacc291-f328-de4d-1a1f-8a8b3e1cccd7" executionId="5191aa3d-b411-4841-a79c-4952ee50f664" testListId="8c84fa94-04c1-424b-9868-57a2d4851a1d" />
    <TestEntry testId="46dd7f69-3eb9-c12b-fd9e-271331372eba" executionId="ecf8ef99-1630-4587-aaa5-b70c71b48cbb" testListId="8c84fa94-04c1-424b-9868-57a2d4851a1d" />
    <TestEntry testId="6c760899-d63e-372b-347e-f2aa62fff100" executionId="a75916ff-c787-4e13-b887-4e3161f035a9" testListId="8c84fa94-04c1-424b-9868-57a2d4851a1d" />
    <TestEntry testId="03176de6-d0a5-5d83-9bd0-bdcb94c2ab49" executionId="898fe125-0b79-4bbe-bf7a-e8073e26dbb6" testListId="8c84fa94-04c1-424b-9868-57a2d4851a1d" />
    <TestEntry testId="add54532-7e20-f473-1fef-d0865cc9a84b" executionId="46f89e88-34e5-4039-a9af-fc6080f35780" testListId="8c84fa94-04c1-424b-9868-57a2d4851a1d" />
    <TestEntry testId="1d5225e4-5ff0-424d-ae91-6d7aa1287493" executionId="bceaf370-6262-4115-84d3-c0bc1b36d3b3" testListId="8c84fa94-04c1-424b-9868-57a2d4851a1d" />
    <TestEntry testId="1038d0a8-74b6-4dd8-b766-1b08a5e0b707" executionId="dfd8339d-4e13-440c-a2e6-422a08883557" testListId="8c84fa94-04c1-424b-9868-57a2d4851a1d" />
    <TestEntry testId="52501ffb-ac7e-ad78-d1e0-6621a5b53480" executionId="6113d371-4289-414d-ae68-cb86f9f83239" testListId="8c84fa94-04c1-424b-9868-57a2d4851a1d" />
    <TestEntry testId="9ef40f5e-38f9-a518-38bf-9ae97100aebe" executionId="0f7425d0-a181-45d8-bd16-556bd706e439" testListId="8c84fa94-04c1-424b-9868-57a2d4851a1d" />
    <TestEntry testId="4359d1f6-24c0-77e3-a295-f1f91acd7a66" executionId="6afa4a42-2043-4e0f-8b16-4ac6c60a750d" testListId="8c84fa94-04c1-424b-9868-57a2d4851a1d" />
    <TestEntry testId="ac0bff77-e4ee-0120-d789-0cc06032e8d1" executionId="620cf103-c7e0-4369-a8b0-8b286c4d6e76" testListId="8c84fa94-04c1-424b-9868-57a2d4851a1d" />
    <TestEntry testId="708fbd07-d518-bb6a-de51-1d178c785f47" executionId="fd98313f-19ec-440e-bf30-9654ed4659d3" testListId="8c84fa94-04c1-424b-9868-57a2d4851a1d" />
    <TestEntry testId="36554cb2-1edf-a642-dc86-4d6ff7ede95e" executionId="f36f1474-f44f-486a-93d9-a458dc370135" testListId="8c84fa94-04c1-424b-9868-57a2d4851a1d" />
    <TestEntry testId="2618920c-aa56-2790-77ca-5dcd9d1e0fd1" executionId="3f272be3-f5c6-480e-b23a-38b7f0cf9d7e" testListId="8c84fa94-04c1-424b-9868-57a2d4851a1d" />
    <TestEntry testId="15dcfbd5-f39d-5642-bf0e-0d9eb38e85f1" executionId="03d7eb87-634a-43d8-bd4b-fa57a1ba0c5b" testListId="8c84fa94-04c1-424b-9868-57a2d4851a1d" />
    <TestEntry testId="ea8f64f7-705b-0857-7b53-590a46740227" executionId="9b338579-14fc-4dd3-95ec-8a8e38189405" testListId="8c84fa94-04c1-424b-9868-57a2d4851a1d" />
    <TestEntry testId="af2fff69-ede4-2bff-61e9-6a132589f2de" executionId="7f9807c8-bed4-4137-ad8e-828df65876ea" testListId="8c84fa94-04c1-424b-9868-57a2d4851a1d" />
    <TestEntry testId="001c0c93-73e4-b3d7-1e2b-249f259f59d0" executionId="5aa6e89a-c15a-47e9-9c32-35381ada6d9e" testListId="8c84fa94-04c1-424b-9868-57a2d4851a1d" />
    <TestEntry testId="2a4a8a87-4dad-d886-826d-05e25ab2a6a2" executionId="c683d805-30e0-4e12-94e1-3eadf9468e4d" testListId="8c84fa94-04c1-424b-9868-57a2d4851a1d" />
    <TestEntry testId="e9263aa8-347f-0f52-1f4b-0a131d318784" executionId="037e2d8d-f157-470d-a956-81b03ccf0cfe" testListId="8c84fa94-04c1-424b-9868-57a2d4851a1d" />
    <TestEntry testId="bc3083b0-a3ea-e4f1-9c27-4c183b204440" executionId="f3df9b76-f580-4588-8ab4-218a687549f2" testListId="8c84fa94-04c1-424b-9868-57a2d4851a1d" />
    <TestEntry testId="3d676a9f-bbcb-bc89-c504-7e67ca06500e" executionId="338fd020-7cd2-4459-8153-5791e22924fb" testListId="8c84fa94-04c1-424b-9868-57a2d4851a1d" />
    <TestEntry testId="d628b9e8-ecd7-5880-2e1a-54156c671e9a" executionId="b86345c8-9314-4d02-895b-8acb235f5206" testListId="8c84fa94-04c1-424b-9868-57a2d4851a1d" />
    <TestEntry testId="4bc203d8-dd85-c0c7-a002-24dc9564ca84" executionId="c508394c-e314-468d-98d2-9899636710c3" testListId="8c84fa94-04c1-424b-9868-57a2d4851a1d" />
    <TestEntry testId="ed8d77e0-76a5-81b3-8198-30c2ee7d220a" executionId="9e80d9e3-ae57-4ecd-a24c-970a7791c0f4" testListId="8c84fa94-04c1-424b-9868-57a2d4851a1d" />
    <TestEntry testId="1f280893-1f72-6f45-77a3-2457f07e9bd2" executionId="727af00a-e555-4d13-b498-120479c8308d" testListId="8c84fa94-04c1-424b-9868-57a2d4851a1d" />
    <TestEntry testId="dc622a34-8cc7-4600-a4f3-cf01b26ced88" executionId="a48b70e3-8db7-498c-87cf-284b546da73c" testListId="8c84fa94-04c1-424b-9868-57a2d4851a1d" />
    <TestEntry testId="232f8949-7296-2b4c-d535-61493d92276d" executionId="daf11016-00d2-4563-a09d-7cd908b78020" testListId="8c84fa94-04c1-424b-9868-57a2d4851a1d" />
    <TestEntry testId="8d265b40-4d86-0fef-5f08-51df41bf9c7a" executionId="cc7a858d-1557-48d8-a0ed-4a4a81d1fb2b" testListId="8c84fa94-04c1-424b-9868-57a2d4851a1d" />
    <TestEntry testId="2b8f6313-6f64-c487-2e4c-3d07b5bd4159" executionId="225556f0-e67c-463c-b13f-aa89e3d6d6bd" testListId="8c84fa94-04c1-424b-9868-57a2d4851a1d" />
    <TestEntry testId="ed35a7f0-03d4-ea75-0507-862afb897619" executionId="696c22b9-614b-42fd-9e30-237e47087807" testListId="8c84fa94-04c1-424b-9868-57a2d4851a1d" />
    <TestEntry testId="a45efc73-9982-c081-715a-b39f84b6a0cd" executionId="d904cfc9-9bde-4f01-9d9e-91a8c42fd623" testListId="8c84fa94-04c1-424b-9868-57a2d4851a1d" />
    <TestEntry testId="361fc6c6-0e8b-67f9-3bea-df214e20d9d1" executionId="cd0502b3-d525-45f6-9b03-b2c26f1f6e9f" testListId="8c84fa94-04c1-424b-9868-57a2d4851a1d" />
    <TestEntry testId="a90fcb60-5904-342b-4fdf-2acce1eecc2f" executionId="c4dbf283-aa7b-4790-8210-f8ee146ca4c9" testListId="8c84fa94-04c1-424b-9868-57a2d4851a1d" />
    <TestEntry testId="432a45cf-3feb-7030-7c65-5254973ebb20" executionId="ff01ca53-7fe6-4b11-8cea-96a2fdd8bf8a" testListId="8c84fa94-04c1-424b-9868-57a2d4851a1d" />
    <TestEntry testId="f8f5c82b-0b68-e133-2fe6-a6f0cc722426" executionId="093462fe-b950-46e5-8526-286016881f2a" testListId="8c84fa94-04c1-424b-9868-57a2d4851a1d" />
    <TestEntry testId="d1eb0766-e5d9-4c32-2713-e353a5504dcf" executionId="c34df004-04f2-40c8-918f-a67ef2058531" testListId="8c84fa94-04c1-424b-9868-57a2d4851a1d" />
    <TestEntry testId="20d15238-c18d-570b-67ce-21919cbfc0d7" executionId="a3cbc180-22a5-489e-8821-ba857692fc10" testListId="8c84fa94-04c1-424b-9868-57a2d4851a1d" />
    <TestEntry testId="f655cfd1-db07-f37a-bdd0-c0091f35a2db" executionId="05a033ee-b79d-4a0d-b0e9-589d1dacd27e" testListId="8c84fa94-04c1-424b-9868-57a2d4851a1d" />
    <TestEntry testId="d7ec089c-29ea-169c-5410-9af8ec475d2d" executionId="b9784639-040f-4315-a0d4-07d721611160" testListId="8c84fa94-04c1-424b-9868-57a2d4851a1d" />
    <TestEntry testId="01c01ca3-1cfc-215a-ffeb-b8e6d0ef2e1f" executionId="122bac00-1c56-41ee-a060-61d381dcc7b2" testListId="8c84fa94-04c1-424b-9868-57a2d4851a1d" />
    <TestEntry testId="2e1f1a04-832c-f244-dd8a-e5aa199150f1" executionId="61d1d064-b815-40c4-ad2d-24e7a69955a1" testListId="8c84fa94-04c1-424b-9868-57a2d4851a1d" />
    <TestEntry testId="d15a2abd-55c2-7d70-0462-a973f8ec2ac3" executionId="057a2414-e5a0-4d90-bb07-68564c5fa5cb" testListId="8c84fa94-04c1-424b-9868-57a2d4851a1d" />
    <TestEntry testId="ba03e836-1476-7d35-ae0b-6b2da7f85509" executionId="8734c8be-f81a-420d-bb42-59ccf44f463f" testListId="8c84fa94-04c1-424b-9868-57a2d4851a1d" />
    <TestEntry testId="d075e987-3000-b723-e176-5d1d494fc6f2" executionId="6862f45a-1535-4768-a336-c1bc2a714e10" testListId="8c84fa94-04c1-424b-9868-57a2d4851a1d" />
    <TestEntry testId="9fe32e3c-1f4e-e7ac-2652-a48159917634" executionId="bb1cf018-3614-4587-a66d-8d0c8208ed72" testListId="8c84fa94-04c1-424b-9868-57a2d4851a1d" />
    <TestEntry testId="149b064f-9ac3-44fb-3775-5acbf6f1cace" executionId="3fcf1b7d-72e5-4548-80c1-890db3af965b" testListId="8c84fa94-04c1-424b-9868-57a2d4851a1d" />
    <TestEntry testId="949114ce-b635-6899-abf2-c4e97a411c85" executionId="58840a1c-a587-45c3-947e-982e29c74cb2" testListId="8c84fa94-04c1-424b-9868-57a2d4851a1d" />
    <TestEntry testId="dda1789b-98bf-2ab4-b6fb-aff5b89b7425" executionId="e9dc7091-6e6c-424b-8b0a-fa510774ea16" testListId="8c84fa94-04c1-424b-9868-57a2d4851a1d" />
    <TestEntry testId="38ec599c-8886-9abd-0e90-9384d2644f53" executionId="0fd88b86-3906-4e4c-bd55-a3991e4bbb6b" testListId="8c84fa94-04c1-424b-9868-57a2d4851a1d" />
    <TestEntry testId="c31b76c8-61cb-842b-101d-3527fdf73529" executionId="0803c275-4086-4e5a-acb1-2e2c81810a7f" testListId="8c84fa94-04c1-424b-9868-57a2d4851a1d" />
    <TestEntry testId="5b36a0fc-0af7-9466-52bd-af4aae9184ca" executionId="10469667-a967-4d1f-82f7-d2ed5fd0c859" testListId="8c84fa94-04c1-424b-9868-57a2d4851a1d" />
    <TestEntry testId="071ac8b1-07a6-4ae6-7403-5c16e58426a3" executionId="e1b07b26-dffd-4c85-8af9-37e8d509252b" testListId="8c84fa94-04c1-424b-9868-57a2d4851a1d" />
    <TestEntry testId="54a7733a-514e-04cf-6d1f-91eeef43fa83" executionId="af8cbdd7-b373-4384-af13-7bbad41b73b7" testListId="8c84fa94-04c1-424b-9868-57a2d4851a1d" />
    <TestEntry testId="8fad5930-640a-f193-8986-d1e8191830e2" executionId="a45ae52c-fee6-4e13-a10f-c151d85c83dc" testListId="8c84fa94-04c1-424b-9868-57a2d4851a1d" />
    <TestEntry testId="93642e15-5690-c906-3db0-8d1d5502773a" executionId="ab1f08d9-1f8d-4430-bee2-0b0c1f4267b9" testListId="8c84fa94-04c1-424b-9868-57a2d4851a1d" />
    <TestEntry testId="fd527641-542a-2899-2dcd-c9ca191cdf52" executionId="75844460-6141-4e72-af17-309b11c965b0" testListId="8c84fa94-04c1-424b-9868-57a2d4851a1d" />
    <TestEntry testId="f19f66f7-3714-6457-44d8-9a0c3461226c" executionId="ea4e37a0-c8a1-4efa-b933-6c21249ea540" testListId="8c84fa94-04c1-424b-9868-57a2d4851a1d" />
    <TestEntry testId="da74414c-6059-a1d1-7697-c9f6a432ab01" executionId="b943fcf6-1d85-4a3e-84cc-9dcff43f2c58" testListId="8c84fa94-04c1-424b-9868-57a2d4851a1d" />
    <TestEntry testId="9040b640-fe7c-9575-9486-622077ffb232" executionId="f9116157-271f-49af-8ffd-174e9fb6aecc" testListId="8c84fa94-04c1-424b-9868-57a2d4851a1d" />
    <TestEntry testId="7f829730-4be6-05ca-a995-3feee848e3f2" executionId="46bd210f-6ec4-4f81-8401-ab025c647207" testListId="8c84fa94-04c1-424b-9868-57a2d4851a1d" />
    <TestEntry testId="b6fde623-a6bd-ca8b-1185-e73065d6312e" executionId="66e1a84b-1ea8-488d-8700-62b25f138102" testListId="8c84fa94-04c1-424b-9868-57a2d4851a1d" />
    <TestEntry testId="788a6834-d7c6-3652-9af3-0c73bb9d6301" executionId="2af63598-af4c-4e26-84c9-b6ac9be0b1e2" testListId="8c84fa94-04c1-424b-9868-57a2d4851a1d" />
    <TestEntry testId="b56ba348-15c5-c13d-2c63-319be0707c78" executionId="bdcb917e-ddbf-4f9a-8882-a3ebe9e7dcc0" testListId="8c84fa94-04c1-424b-9868-57a2d4851a1d" />
    <TestEntry testId="a54693d6-edca-b2f0-c9d1-6e253deb3c9c" executionId="31f15073-894e-4903-91eb-494205959163" testListId="8c84fa94-04c1-424b-9868-57a2d4851a1d" />
    <TestEntry testId="52b60312-f92a-489e-ac83-49b5962a1a66" executionId="ebfed487-09dc-46fe-b392-f756a2883197" testListId="8c84fa94-04c1-424b-9868-57a2d4851a1d" />
    <TestEntry testId="c4726943-b1e4-7dec-138b-79d3b9940013" executionId="29eadbfe-0bcc-49c3-8f51-47c73498dba9" testListId="8c84fa94-04c1-424b-9868-57a2d4851a1d" />
    <TestEntry testId="a64a4521-eb75-1b0e-49ca-196652940e73" executionId="e63d3238-78b2-437b-b65d-b8ab64ddd439" testListId="8c84fa94-04c1-424b-9868-57a2d4851a1d" />
    <TestEntry testId="6ee9d76c-102e-6b0c-a05d-d3b2cd96bee2" executionId="3eb82207-08f8-4132-8969-29f0c1eaf3dc" testListId="8c84fa94-04c1-424b-9868-57a2d4851a1d" />
    <TestEntry testId="5479df44-d54f-1884-c573-5213e20618b0" executionId="7207ffe4-f8e9-48c3-8c89-13ef7621e18d" testListId="8c84fa94-04c1-424b-9868-57a2d4851a1d" />
    <TestEntry testId="49758d16-90af-426b-1c8f-f4b8f8b9a8ad" executionId="34cb06dc-eeb3-4750-ae61-4c0e4f590022" testListId="8c84fa94-04c1-424b-9868-57a2d4851a1d" />
    <TestEntry testId="62a83c18-891b-449e-7f90-a5e43688fbf0" executionId="e7b0a7d9-0825-4dfd-84cc-65971bf017af" testListId="8c84fa94-04c1-424b-9868-57a2d4851a1d" />
    <TestEntry testId="0e8eb8b8-1a42-be54-07c1-244508590add" executionId="a82589b4-f5be-4035-90cb-673183200af0" testListId="8c84fa94-04c1-424b-9868-57a2d4851a1d" />
    <TestEntry testId="f5719a53-45a7-6c3f-5ed7-93d8143fc0a6" executionId="064d2eef-ac1d-4a2e-bf8b-38abbf9f822a" testListId="8c84fa94-04c1-424b-9868-57a2d4851a1d" />
    <TestEntry testId="c716e274-8d35-b2a1-4808-fe6779275a47" executionId="574edadd-d15e-4352-9e61-fcf89bdecb14" testListId="8c84fa94-04c1-424b-9868-57a2d4851a1d" />
    <TestEntry testId="a8baabf8-3dd2-5f04-30ff-1f9d2fc1237b" executionId="070ee06d-bacb-4908-8e86-d86ced70126b" testListId="8c84fa94-04c1-424b-9868-57a2d4851a1d" />
    <TestEntry testId="95e53d06-c2c3-70e9-48e1-6d7859b93b61" executionId="618c8bf6-381b-4ed1-9415-3b3530edc7fe" testListId="8c84fa94-04c1-424b-9868-57a2d4851a1d" />
    <TestEntry testId="3beeed46-879f-7c95-5996-20291cefba2d" executionId="b61b285c-466a-4479-8600-66dd0d45af4f" testListId="8c84fa94-04c1-424b-9868-57a2d4851a1d" />
    <TestEntry testId="13732851-1316-f3ba-505c-1b7f66e1148d" executionId="cd7d0095-8b0d-43d1-964c-1144e5f50c86" testListId="8c84fa94-04c1-424b-9868-57a2d4851a1d" />
    <TestEntry testId="dd092419-abd8-e0ce-fcc9-f98f58bba7cb" executionId="bbfb353e-27a3-4209-a53f-2987c6a03e12" testListId="8c84fa94-04c1-424b-9868-57a2d4851a1d" />
    <TestEntry testId="cbd28a6e-603b-cdc1-8dd3-9bb5df99a9b4" executionId="2d0a617b-4116-4da1-8e06-0a600a68391d" testListId="8c84fa94-04c1-424b-9868-57a2d4851a1d" />
    <TestEntry testId="db0bdc8c-751d-0e6e-b46c-9ca8002153fd" executionId="c74f17ae-b0d8-41b4-8cd8-8ba0df5ad748" testListId="8c84fa94-04c1-424b-9868-57a2d4851a1d" />
    <TestEntry testId="37f14c37-5c5d-2aca-7f78-44d1e6498fe0" executionId="fb57b21f-4670-4e5e-b309-3f51c163778f" testListId="8c84fa94-04c1-424b-9868-57a2d4851a1d" />
    <TestEntry testId="ef6e5d44-4248-113e-0569-ec93691b2771" executionId="c6fdd831-5edb-4a16-88af-0ae98d842e9b" testListId="8c84fa94-04c1-424b-9868-57a2d4851a1d" />
    <TestEntry testId="2696c9e3-385a-1f49-5d53-6a80871ac3fe" executionId="93528fa1-f922-4cdc-846f-1920eed6b645" testListId="8c84fa94-04c1-424b-9868-57a2d4851a1d" />
    <TestEntry testId="6fb4919f-9275-fa65-8704-748d9ebfe4e0" executionId="0a837ecd-8f3b-4124-bcba-c6aa253d135c" testListId="8c84fa94-04c1-424b-9868-57a2d4851a1d" />
    <TestEntry testId="6ed649e1-03e1-4590-3da9-e33c23ab658c" executionId="5ae896f4-e0bc-4d37-8f50-cf017d753478" testListId="8c84fa94-04c1-424b-9868-57a2d4851a1d" />
    <TestEntry testId="0fd90a39-90c9-a28c-8d05-c52712094258" executionId="ef571701-f5e2-47d8-9529-2b9b9cdb69ce" testListId="8c84fa94-04c1-424b-9868-57a2d4851a1d" />
    <TestEntry testId="743f0fe4-79cc-4cbd-b2f9-4683eb98d09d" executionId="48c2641c-bca1-48e7-8b9e-51659f63bf71" testListId="8c84fa94-04c1-424b-9868-57a2d4851a1d" />
    <TestEntry testId="0ca96c98-4279-a38d-8923-cfc233650b07" executionId="f9caef3a-6ce1-49df-8d92-89c5300bdf3e" testListId="8c84fa94-04c1-424b-9868-57a2d4851a1d" />
    <TestEntry testId="4daaf6d7-7b46-8260-2000-7f96a4364f19" executionId="18556534-1fc9-4065-b3e9-084423b23ac2" testListId="8c84fa94-04c1-424b-9868-57a2d4851a1d" />
    <TestEntry testId="adafff31-7445-4899-a64a-9d78ba6fa82f" executionId="337f71e3-f7ca-4aa3-9585-00860fd74c54" testListId="8c84fa94-04c1-424b-9868-57a2d4851a1d" />
    <TestEntry testId="6bcb61d5-27f5-0fda-d895-8ea5b1245aab" executionId="932ebeba-5013-4214-869e-658b9b61377c" testListId="8c84fa94-04c1-424b-9868-57a2d4851a1d" />
    <TestEntry testId="62414311-f47b-f1ac-7284-9bb4f606ff0e" executionId="6543e043-1cde-4b7a-b8bd-484596ab7a17" testListId="8c84fa94-04c1-424b-9868-57a2d4851a1d" />
    <TestEntry testId="fd11af71-a4c4-5921-60ab-2b01bfd9ee13" executionId="75df393e-79a6-4188-843a-b7c73c24ae7d" testListId="8c84fa94-04c1-424b-9868-57a2d4851a1d" />
    <TestEntry testId="bed8c8de-bd82-cb94-6967-81e34fce6907" executionId="4e28e702-1958-4112-b4b5-c5588ef18f95" testListId="8c84fa94-04c1-424b-9868-57a2d4851a1d" />
    <TestEntry testId="dbcf26cf-e43a-3a61-c59e-b7d73dca07b5" executionId="bb5e70cc-8f24-4a34-8327-29d78e9795b8" testListId="8c84fa94-04c1-424b-9868-57a2d4851a1d" />
    <TestEntry testId="475f68bd-aa4e-7080-1be5-54155a49acfc" executionId="b126ddbf-8d68-4aee-ad34-10462d280c91" testListId="8c84fa94-04c1-424b-9868-57a2d4851a1d" />
    <TestEntry testId="9aef69ad-5102-e920-d6a1-4c0ddf8b9303" executionId="028ad53a-8af9-4e39-9072-267c539b38ac" testListId="8c84fa94-04c1-424b-9868-57a2d4851a1d" />
    <TestEntry testId="4095d4e0-7747-4418-2cba-d8d1b699249f" executionId="5022da64-3405-4df4-8c91-58fe4869c67a" testListId="8c84fa94-04c1-424b-9868-57a2d4851a1d" />
    <TestEntry testId="4672bcf4-734d-4ad9-761e-d152a3dbb36b" executionId="033c367e-7a72-4ed4-8112-ea9f9e22a121" testListId="8c84fa94-04c1-424b-9868-57a2d4851a1d" />
    <TestEntry testId="b11ed0cb-92ec-eb39-adbe-7566a1ca86ed" executionId="882f4876-5fc5-4594-ae2b-013966987368" testListId="8c84fa94-04c1-424b-9868-57a2d4851a1d" />
    <TestEntry testId="1a5d20b5-3e71-5ce5-a87e-e4e29bb0d7d5" executionId="a3f0a287-f602-42c9-9a48-261d62994473" testListId="8c84fa94-04c1-424b-9868-57a2d4851a1d" />
    <TestEntry testId="188f8c25-7b8a-3022-0d47-4b40a28cebbb" executionId="ae59f17f-33f1-49ea-bebf-927af50a4d3a" testListId="8c84fa94-04c1-424b-9868-57a2d4851a1d" />
    <TestEntry testId="90e28b3e-a0b2-cd0c-c5a2-021ebe10799d" executionId="53e165bb-e539-4779-b088-2ab80e91af85" testListId="8c84fa94-04c1-424b-9868-57a2d4851a1d" />
    <TestEntry testId="205d3986-407b-ed3e-b9d7-5c5108416447" executionId="6b84530a-66e4-48de-8ef3-bb41ffa30134" testListId="8c84fa94-04c1-424b-9868-57a2d4851a1d" />
    <TestEntry testId="1c3a0b3c-9d39-e423-34b0-23113deccc9a" executionId="2b1e9cd7-e36e-44b7-bdf7-51470c4fb569" testListId="8c84fa94-04c1-424b-9868-57a2d4851a1d" />
    <TestEntry testId="02ca40da-1acc-291d-7447-d3e7fda89520" executionId="5cc1fb49-a0f0-4799-9e2e-2188ba3cab06" testListId="8c84fa94-04c1-424b-9868-57a2d4851a1d" />
    <TestEntry testId="7b3d70cd-81e1-008c-e609-47fa8092a379" executionId="f9f49890-c8eb-44cc-bd5f-86c1a724b722" testListId="8c84fa94-04c1-424b-9868-57a2d4851a1d" />
    <TestEntry testId="885a9095-1f49-3411-918f-5cf4108e4b7b" executionId="4c4f8151-e849-4fbd-8ffb-0b644806d5d2" testListId="8c84fa94-04c1-424b-9868-57a2d4851a1d" />
    <TestEntry testId="cefd37a3-357f-d082-971e-590f86c9275f" executionId="abb66d70-b333-4409-962d-898ee6ff5e94" testListId="8c84fa94-04c1-424b-9868-57a2d4851a1d" />
    <TestEntry testId="65f38f06-9057-2883-e0bd-60370f8d7d0d" executionId="a9ca1ca6-ac72-4d0c-a3e8-4c99ee5440fd" testListId="8c84fa94-04c1-424b-9868-57a2d4851a1d" />
    <TestEntry testId="6dc834ce-7990-c21f-5442-e578c180d56f" executionId="61e5535f-6dfb-43ea-aa6f-99d73850d84e" testListId="8c84fa94-04c1-424b-9868-57a2d4851a1d" />
    <TestEntry testId="f086d804-d792-85ee-7f01-0c6bad93eebb" executionId="30f78200-c46f-4302-8f77-750daae39e82" testListId="8c84fa94-04c1-424b-9868-57a2d4851a1d" />
    <TestEntry testId="8b0909b5-769b-12ea-d91a-88a0ad4a6e48" executionId="3a553d65-7474-4044-945d-62d531bb54d1" testListId="8c84fa94-04c1-424b-9868-57a2d4851a1d" />
    <TestEntry testId="76c6e850-3966-de20-82b6-519095d891a6" executionId="6df0c410-2687-400d-b00f-b1e48e33fe66" testListId="8c84fa94-04c1-424b-9868-57a2d4851a1d" />
    <TestEntry testId="3d7ba390-9a7b-bdaa-74a4-97118816f256" executionId="cd242118-1406-49a9-8f6f-06cce4ad0ace" testListId="8c84fa94-04c1-424b-9868-57a2d4851a1d" />
    <TestEntry testId="910b3a11-f68d-a7b6-6ade-0d038502d017" executionId="8efdbe23-882c-4090-89fb-210fcef8d51b" testListId="8c84fa94-04c1-424b-9868-57a2d4851a1d" />
    <TestEntry testId="06d17b56-b174-7e5f-cf96-64396547a14e" executionId="c6a84b02-581d-4578-bfdf-e945d6723851" testListId="8c84fa94-04c1-424b-9868-57a2d4851a1d" />
    <TestEntry testId="9b11dd70-a212-4435-b232-2bb1537ea05b" executionId="fb5ddb3d-3e07-4c12-9c5f-4e184a1d8da1" testListId="8c84fa94-04c1-424b-9868-57a2d4851a1d" />
    <TestEntry testId="7121c8df-41fa-8d5a-4925-b5acec70433e" executionId="a88311a7-8bd2-4f7a-b2d3-ef612d4d4747" testListId="8c84fa94-04c1-424b-9868-57a2d4851a1d" />
    <TestEntry testId="04187fa0-5851-9668-dfce-6611bb5be8f1" executionId="b7b45e57-ae0c-42a8-a411-d6cf5a54590d" testListId="8c84fa94-04c1-424b-9868-57a2d4851a1d" />
    <TestEntry testId="04268900-3302-a699-5943-bbf486b565e8" executionId="a3fc971b-212a-4149-b97c-f73aa0ffaa64" testListId="8c84fa94-04c1-424b-9868-57a2d4851a1d" />
    <TestEntry testId="a660afa4-f5aa-b923-9ed9-b3aed02ce38b" executionId="eb7a0556-0849-4cb0-8df6-12f9d967e3ec" testListId="8c84fa94-04c1-424b-9868-57a2d4851a1d" />
    <TestEntry testId="eca2f5e0-8a90-6eb5-1db4-f1eb3f5fb4f4" executionId="99a23acd-0dca-4bd8-8211-139e59ff4920" testListId="8c84fa94-04c1-424b-9868-57a2d4851a1d" />
    <TestEntry testId="04c83cca-8782-2962-eccb-1c1b5d4d8166" executionId="cb354c37-63d6-42d8-962e-d82f37fd5f03" testListId="8c84fa94-04c1-424b-9868-57a2d4851a1d" />
    <TestEntry testId="64e7256a-b290-3467-22a6-88571ed2d255" executionId="1dac943e-d19a-4b5d-806f-433c8dbf5abe" testListId="8c84fa94-04c1-424b-9868-57a2d4851a1d" />
    <TestEntry testId="2e79e419-e74e-f445-7799-1adbaa35d399" executionId="e705e547-f92e-410f-b882-8f02e8fc13b8" testListId="8c84fa94-04c1-424b-9868-57a2d4851a1d" />
    <TestEntry testId="8d0f5bca-e5ea-0fcc-cf70-4bf5237286c3" executionId="c4024871-b7b8-45b2-ad22-c6bd72fec945" testListId="8c84fa94-04c1-424b-9868-57a2d4851a1d" />
    <TestEntry testId="f2b7929b-9477-2b09-878d-9dcd16e02623" executionId="05ebaf47-4eef-49bf-bc76-c0fdc65c3ffa" testListId="8c84fa94-04c1-424b-9868-57a2d4851a1d" />
    <TestEntry testId="dce39246-34e9-ee17-be45-81df055ba9b7" executionId="a90cec19-c824-47c7-93b1-983a054b25b3" testListId="8c84fa94-04c1-424b-9868-57a2d4851a1d" />
    <TestEntry testId="a8fe3325-ab25-7197-00a6-eb64a10d8cb7" executionId="1ad84daa-0261-467f-bba2-8e6fe2e938ca" testListId="8c84fa94-04c1-424b-9868-57a2d4851a1d" />
    <TestEntry testId="aa6b509d-ef33-e576-b983-961276c69241" executionId="056ebcb1-b264-445c-8f22-31dc086038ac" testListId="8c84fa94-04c1-424b-9868-57a2d4851a1d" />
    <TestEntry testId="b875a004-85a0-61f0-5a06-f872b9bf4ce4" executionId="790b7f22-fa08-4538-a1ad-cad3b86fd559" testListId="8c84fa94-04c1-424b-9868-57a2d4851a1d" />
    <TestEntry testId="222612dc-51ac-9b64-f67c-78952b32c155" executionId="b0fc2f5a-8b06-4457-a76a-3df3b3c455cc" testListId="8c84fa94-04c1-424b-9868-57a2d4851a1d" />
    <TestEntry testId="5660124e-2746-e525-af63-46d6c656faea" executionId="bc96a95c-6df3-4c78-a234-6fbbcacea96f" testListId="8c84fa94-04c1-424b-9868-57a2d4851a1d" />
    <TestEntry testId="88eff823-fbf7-7507-7019-8e0b7f4937d4" executionId="522f159e-a5c2-4df5-bb08-160037142a07" testListId="8c84fa94-04c1-424b-9868-57a2d4851a1d" />
    <TestEntry testId="73f202f0-6b9c-f5c0-5b33-e4aa7777d3dd" executionId="d6ee3098-8bba-47b4-97b8-0db3e4be7b97" testListId="8c84fa94-04c1-424b-9868-57a2d4851a1d" />
    <TestEntry testId="1827dddb-e32e-3062-ab3d-687741a79313" executionId="379fac43-080f-41de-b50e-2301d3c59f66" testListId="8c84fa94-04c1-424b-9868-57a2d4851a1d" />
    <TestEntry testId="98e4ae88-2a6f-4ea6-fc3c-66faedd2526c" executionId="48a2314c-db6c-465e-92e0-7f69a90868a0" testListId="8c84fa94-04c1-424b-9868-57a2d4851a1d" />
    <TestEntry testId="aad983c5-8e27-f320-9ef1-f25fd06b1fff" executionId="3f76a5e1-89f8-48a0-9977-3a4feacffe29" testListId="8c84fa94-04c1-424b-9868-57a2d4851a1d" />
    <TestEntry testId="91f26bca-4ab5-824b-aa90-84778c7aa540" executionId="a69c18fc-21a5-4329-8ff1-9e5c9afdd4b1" testListId="8c84fa94-04c1-424b-9868-57a2d4851a1d" />
    <TestEntry testId="239b3280-9e3f-daec-90e9-2d7422e5091c" executionId="72ef5746-8145-4bf7-a8e5-1f7c36a60552" testListId="8c84fa94-04c1-424b-9868-57a2d4851a1d" />
    <TestEntry testId="618671da-f82c-c489-4e50-3ec438e9a9d0" executionId="b349ea82-f77a-4250-b190-7d94ba01e351" testListId="8c84fa94-04c1-424b-9868-57a2d4851a1d" />
    <TestEntry testId="17891e0b-7823-7706-f334-6ca55cc2528c" executionId="1cb6d15b-5ddc-4e19-a3a5-82eddeeef410" testListId="8c84fa94-04c1-424b-9868-57a2d4851a1d" />
    <TestEntry testId="4aa175c2-c268-2aa8-a9f4-2e34c2367c47" executionId="acabfa97-a3b1-4f25-b4b1-60c5de5f9bed" testListId="8c84fa94-04c1-424b-9868-57a2d4851a1d" />
    <TestEntry testId="69d36869-4d47-77af-11ea-1700a11c2aa4" executionId="4b1057f7-134c-4069-9340-e348a215abb1" testListId="8c84fa94-04c1-424b-9868-57a2d4851a1d" />
    <TestEntry testId="77328071-fcbe-8814-7b38-9b55da6b9e94" executionId="5836c27e-7679-4a51-b3cc-8c21c82d4223" testListId="8c84fa94-04c1-424b-9868-57a2d4851a1d" />
    <TestEntry testId="785adfea-b9ff-19b0-fdb3-0e5d5ad68924" executionId="2a9a6909-329e-4281-a7da-9703416abd1f" testListId="8c84fa94-04c1-424b-9868-57a2d4851a1d" />
    <TestEntry testId="103905f4-9b3f-baa3-099f-93a0f91d8394" executionId="d13c0105-3a03-4f93-a8c5-b1547e58f0d3" testListId="8c84fa94-04c1-424b-9868-57a2d4851a1d" />
    <TestEntry testId="4ef99c33-c023-cc35-d098-ffd6c1e453c8" executionId="2b974696-e7f4-4c05-a7da-69129dba3302" testListId="8c84fa94-04c1-424b-9868-57a2d4851a1d" />
    <TestEntry testId="ede7971d-d588-349a-0279-c271f7ada06e" executionId="4fe6f0e9-47cf-4b0a-b774-ec26226d507d" testListId="8c84fa94-04c1-424b-9868-57a2d4851a1d" />
    <TestEntry testId="e692b3e0-3f04-ab27-9ec5-4a69402a8875" executionId="1285c5ac-1a6f-490b-9969-bf8564524142" testListId="8c84fa94-04c1-424b-9868-57a2d4851a1d" />
    <TestEntry testId="652759b5-622f-10aa-539b-69455d2a0fcb" executionId="b851e851-2f2b-4fd4-beb8-8b030b99e1ad" testListId="8c84fa94-04c1-424b-9868-57a2d4851a1d" />
    <TestEntry testId="013b26f2-09bd-8917-4b17-0706864d4c14" executionId="0befbf8d-4846-4064-a87f-e0392830919d" testListId="8c84fa94-04c1-424b-9868-57a2d4851a1d" />
    <TestEntry testId="f80158fa-d75f-54b9-6b80-4f00a7c4aaf2" executionId="fca6b3e1-f8a3-4528-9d37-d1d2fb5acfc0" testListId="8c84fa94-04c1-424b-9868-57a2d4851a1d" />
    <TestEntry testId="4adcb6de-d6b1-ce7d-930d-8dcc82e4f478" executionId="d76bef43-b3d3-44e7-9405-7766765e7cca" testListId="8c84fa94-04c1-424b-9868-57a2d4851a1d" />
    <TestEntry testId="48a343bd-9a05-413c-06ca-9a257f76938b" executionId="3d74fab9-c812-4480-a940-6d9278b4718c" testListId="8c84fa94-04c1-424b-9868-57a2d4851a1d" />
    <TestEntry testId="454652c1-c285-915f-adae-d89d6726087e" executionId="455f0c7d-50c1-4272-ad24-93878e48cb03" testListId="8c84fa94-04c1-424b-9868-57a2d4851a1d" />
    <TestEntry testId="2e98d886-c9c5-7fb8-f647-7bfb037cf4a5" executionId="162c20d2-b077-471b-a9d2-79c97b3910f0" testListId="8c84fa94-04c1-424b-9868-57a2d4851a1d" />
    <TestEntry testId="addbc64d-1bd3-678f-14d6-6dd2dda6bd02" executionId="6934e80c-2479-4fe9-952b-abae437b6c2d" testListId="8c84fa94-04c1-424b-9868-57a2d4851a1d" />
    <TestEntry testId="80e1e452-82cf-b088-db40-d28f7d32c62d" executionId="25c382db-8e94-4d0c-960d-8cbc666e901a" testListId="8c84fa94-04c1-424b-9868-57a2d4851a1d" />
    <TestEntry testId="51b24619-a3ed-9418-8456-52beb88978c3" executionId="f00adf61-e371-441a-862f-d3b6f555e57b" testListId="8c84fa94-04c1-424b-9868-57a2d4851a1d" />
    <TestEntry testId="694752a6-f80f-3cf2-2854-db6d5b4b1e01" executionId="4dcfcab1-84d8-420e-a7d4-da9003b949e7" testListId="8c84fa94-04c1-424b-9868-57a2d4851a1d" />
    <TestEntry testId="a9a49dd9-77fa-e02e-a80e-c665ef39753c" executionId="f5da58be-9ade-490d-95a1-63f7b150531e" testListId="8c84fa94-04c1-424b-9868-57a2d4851a1d" />
    <TestEntry testId="ae1ed87e-08b0-6456-55b5-f1c7e9a80148" executionId="f32bb0e3-8c72-4974-8bb1-03196e2f297f" testListId="8c84fa94-04c1-424b-9868-57a2d4851a1d" />
    <TestEntry testId="d640e950-edb7-4ec2-9af0-4b559a6b67cf" executionId="084b4ae0-2752-490b-b7be-5bfa439c1ffe" testListId="8c84fa94-04c1-424b-9868-57a2d4851a1d" />
    <TestEntry testId="ea5a4ea7-1d9c-b14b-b54d-c59f326749f2" executionId="5489cb95-40aa-42cc-8c96-810fee9f582c" testListId="8c84fa94-04c1-424b-9868-57a2d4851a1d" />
    <TestEntry testId="6bf98392-1073-05ae-8e9e-5a0aa6674b1b" executionId="993ef97c-b872-41f9-b221-3071bcac9c3e" testListId="8c84fa94-04c1-424b-9868-57a2d4851a1d" />
    <TestEntry testId="80316af5-ff8d-d096-8b7d-158b3853fd75" executionId="26b41f14-568b-4ca1-9a36-e10d80344657" testListId="8c84fa94-04c1-424b-9868-57a2d4851a1d" />
    <TestEntry testId="b747edf0-9262-f0c5-aca1-78a34402aa92" executionId="35c90834-c1ad-45fb-ad1a-b208660d9c93" testListId="8c84fa94-04c1-424b-9868-57a2d4851a1d" />
    <TestEntry testId="820765dc-029b-30df-a6e4-7e3395cecf69" executionId="34cdc8e3-086b-443a-b55b-51fbc4cbae71" testListId="8c84fa94-04c1-424b-9868-57a2d4851a1d" />
    <TestEntry testId="e9b6f05b-8b63-04bd-4d02-75ef2000b3a9" executionId="637ec2ae-bfb4-4a42-b79d-1a032e401546" testListId="8c84fa94-04c1-424b-9868-57a2d4851a1d" />
    <TestEntry testId="4ada3711-10ca-c9da-9e10-113cd53a94af" executionId="e3eca625-561d-4023-b3b4-a30c22b542e1" testListId="8c84fa94-04c1-424b-9868-57a2d4851a1d" />
    <TestEntry testId="fbe353e8-c445-3d4e-0596-dbc13a8e8e1e" executionId="ea395643-e9af-4c17-8f76-1d06e4cdb07b" testListId="8c84fa94-04c1-424b-9868-57a2d4851a1d" />
    <TestEntry testId="89928fee-575e-9986-6b1d-9005971a41e3" executionId="ce236bd8-598c-47dc-9a97-9a446e5a033e" testListId="8c84fa94-04c1-424b-9868-57a2d4851a1d" />
    <TestEntry testId="37999a11-7cfa-34e4-a6d5-5a66aba3e122" executionId="88383c0f-6416-4459-8ef3-18c24471c130" testListId="8c84fa94-04c1-424b-9868-57a2d4851a1d" />
    <TestEntry testId="7e7d56df-e811-fb96-c231-b34d18240573" executionId="48dd7ca1-2c39-479a-bb88-cad6f1d10d62" testListId="8c84fa94-04c1-424b-9868-57a2d4851a1d" />
    <TestEntry testId="8a4d4995-3c1b-876f-b006-d12439f37a6d" executionId="0882dcb5-5de4-4156-9fec-92125d76e4be" testListId="8c84fa94-04c1-424b-9868-57a2d4851a1d" />
    <TestEntry testId="7c485018-e81c-b9cc-ee22-382cb4b7a7c1" executionId="d5d08bf5-5774-483f-978c-6cad9c2d74c3" testListId="8c84fa94-04c1-424b-9868-57a2d4851a1d" />
    <TestEntry testId="89633d51-0a7e-1e94-929d-ec9b25c6de3a" executionId="27a7871c-03d2-46c8-b815-021e5ef56656" testListId="8c84fa94-04c1-424b-9868-57a2d4851a1d" />
    <TestEntry testId="d8e86d95-613e-e989-d6c8-a98a3e38c1b2" executionId="d9a805d2-8678-4faf-bea4-72a43ebb6b65" testListId="8c84fa94-04c1-424b-9868-57a2d4851a1d" />
    <TestEntry testId="beb419e5-5bec-3550-745e-1f14592b96f7" executionId="97e98bd5-8479-45cd-8df9-6973d822cf79" testListId="8c84fa94-04c1-424b-9868-57a2d4851a1d" />
    <TestEntry testId="6c2035c4-97e2-d122-0c36-23cf8131de7d" executionId="ecb9da69-6e87-42ca-9cc9-bb026c999197" testListId="8c84fa94-04c1-424b-9868-57a2d4851a1d" />
    <TestEntry testId="7b2ce89e-8bf2-0763-c57e-0285adbdcf5c" executionId="c07ffd96-3271-4612-a357-72cb30365ef8" testListId="8c84fa94-04c1-424b-9868-57a2d4851a1d" />
    <TestEntry testId="afb5f821-aab1-c9e5-0826-d01d69508cc0" executionId="cb7de364-8ed6-4930-959c-adabd34f8716" testListId="8c84fa94-04c1-424b-9868-57a2d4851a1d" />
    <TestEntry testId="eb41b80f-fe87-ec26-1817-78a947446eac" executionId="002ce948-9325-455b-817c-9f3efde7768a" testListId="8c84fa94-04c1-424b-9868-57a2d4851a1d" />
    <TestEntry testId="f524f1c4-1318-ce7b-3939-10f70b1c9bd9" executionId="c831f7d7-fad9-4dfb-acb8-755fdba7a05d" testListId="8c84fa94-04c1-424b-9868-57a2d4851a1d" />
    <TestEntry testId="abb67912-1d6f-1304-0ce6-d0a01fbfb2dc" executionId="e591fb2e-e4ea-4329-8b78-cf78bcb0b523" testListId="8c84fa94-04c1-424b-9868-57a2d4851a1d" />
    <TestEntry testId="8f5491df-5fca-1dbe-cd17-6a2db5019ce9" executionId="9b58c072-3674-49c6-97b7-261580203928" testListId="8c84fa94-04c1-424b-9868-57a2d4851a1d" />
    <TestEntry testId="9db4bf7e-3e99-c9d1-0a71-7ee3bc093993" executionId="b9e9606c-9645-42ca-8720-4c9308edb5bf" testListId="8c84fa94-04c1-424b-9868-57a2d4851a1d" />
    <TestEntry testId="38c61dcc-3a50-a0a7-0dea-c65fb41e4802" executionId="96017ebb-3778-4dfc-9363-728f47c8fff4" testListId="8c84fa94-04c1-424b-9868-57a2d4851a1d" />
    <TestEntry testId="29cd7680-6529-be15-6bcd-e95b8579b607" executionId="653dc278-9f7e-40cd-a7ea-13535e52f6c0" testListId="8c84fa94-04c1-424b-9868-57a2d4851a1d" />
    <TestEntry testId="fb699dcc-5e5e-47d1-e653-08665478eed9" executionId="88ba72a1-9dc7-47c6-9a42-4e1840509fb6" testListId="8c84fa94-04c1-424b-9868-57a2d4851a1d" />
    <TestEntry testId="cee32012-58c3-68f0-2859-0edd65456cf2" executionId="9e35efbb-258a-4e08-a552-af43cfa0cd2b" testListId="8c84fa94-04c1-424b-9868-57a2d4851a1d" />
    <TestEntry testId="7d0d6edf-f56b-d148-3827-35b36e3e80c4" executionId="943e69e2-9b8a-4688-8418-6b43c9d004f9" testListId="8c84fa94-04c1-424b-9868-57a2d4851a1d" />
    <TestEntry testId="a8d5f143-40e9-2f91-37a6-26e5ad4ff867" executionId="930895b2-2ee1-4192-bf2e-2a55faa9d706" testListId="8c84fa94-04c1-424b-9868-57a2d4851a1d" />
    <TestEntry testId="3898ccc9-d005-6a67-598e-bc078f848ef1" executionId="fa546d76-b6f5-4490-9b9e-d3065fc1252e" testListId="8c84fa94-04c1-424b-9868-57a2d4851a1d" />
    <TestEntry testId="c3c8acd6-ab82-9706-0dfb-389b90288a20" executionId="e5e516fd-5847-4035-8021-d6c43ceab84d" testListId="8c84fa94-04c1-424b-9868-57a2d4851a1d" />
    <TestEntry testId="95b39f8a-1d05-ef16-b7bc-9f5670cd4fdd" executionId="c393e6a0-4a6f-4def-96f5-84a110634453" testListId="8c84fa94-04c1-424b-9868-57a2d4851a1d" />
    <TestEntry testId="593594fc-46c9-b9c0-d561-0e066e80633b" executionId="c58902ee-19ca-4781-80a5-3a622b1c4c1e" testListId="8c84fa94-04c1-424b-9868-57a2d4851a1d" />
    <TestEntry testId="fd462d91-75b7-b364-0ac2-28f926aa5acd" executionId="168f8267-a8eb-4e3c-b129-99d6ad2b7adb" testListId="8c84fa94-04c1-424b-9868-57a2d4851a1d" />
    <TestEntry testId="53482988-7657-3aab-fcf9-974d42e0179b" executionId="229bb23b-9852-4444-a556-dacd60aaabd3" testListId="8c84fa94-04c1-424b-9868-57a2d4851a1d" />
    <TestEntry testId="20ac81fe-1ffb-543e-951e-5e427e17f69b" executionId="fd7720a0-1cda-46bc-b72d-81a7ec41453d" testListId="8c84fa94-04c1-424b-9868-57a2d4851a1d" />
    <TestEntry testId="9b908469-0451-8cb6-bea4-479be46ad482" executionId="ab32bec4-853f-4ee3-a610-7f355697a634" testListId="8c84fa94-04c1-424b-9868-57a2d4851a1d" />
    <TestEntry testId="55807824-53e4-23f9-def8-1210782703cc" executionId="c552d9c2-bb34-466b-9652-94d4230e4f11" testListId="8c84fa94-04c1-424b-9868-57a2d4851a1d" />
    <TestEntry testId="4fb20969-8818-625a-fe73-6165a97fd7c8" executionId="f06faf9f-789e-48b1-94f1-9eb6ccaa8db3" testListId="8c84fa94-04c1-424b-9868-57a2d4851a1d" />
    <TestEntry testId="e0d78dcd-5614-964a-05ab-ebe0da0d939b" executionId="2dcdf4fe-4ceb-40a1-a887-72f22cc22ebb" testListId="8c84fa94-04c1-424b-9868-57a2d4851a1d" />
    <TestEntry testId="043e653c-51c1-1e91-2072-c6aa4ad8dfeb" executionId="be675725-220b-4fd5-9122-daa4ae09088e" testListId="8c84fa94-04c1-424b-9868-57a2d4851a1d" />
    <TestEntry testId="5c9e3b97-385d-08ab-8be4-492336c43670" executionId="ccaeed7b-085d-4d2d-99a7-47347d1d84d9" testListId="8c84fa94-04c1-424b-9868-57a2d4851a1d" />
    <TestEntry testId="b7cfc484-cb4b-49fc-a4f0-d587f8a4ea1f" executionId="ae746a19-f726-44c8-a713-dfaa2e14c542" testListId="8c84fa94-04c1-424b-9868-57a2d4851a1d" />
    <TestEntry testId="5fe6e33e-4c74-05bc-98e6-058910f0ab96" executionId="33ba38a9-0ff1-49fe-88dc-051d76391193" testListId="8c84fa94-04c1-424b-9868-57a2d4851a1d" />
    <TestEntry testId="174bdb8c-ca63-6d38-8008-0e1813915a8c" executionId="e59d14f7-1b14-440b-b8bb-db5180c48981" testListId="8c84fa94-04c1-424b-9868-57a2d4851a1d" />
    <TestEntry testId="7bad54ac-e807-b7de-c086-e2462b8bfb21" executionId="07d54bcd-1507-4751-9ede-e4c5e76ba1d0" testListId="8c84fa94-04c1-424b-9868-57a2d4851a1d" />
    <TestEntry testId="e310b5f1-c455-40bf-82e5-d008ba1db855" executionId="7795e653-3f04-4c7b-8eac-d00912a43b0b" testListId="8c84fa94-04c1-424b-9868-57a2d4851a1d" />
    <TestEntry testId="e6dcebe5-b6cc-8c91-5e65-857f5572db4e" executionId="e4c36280-4385-46fe-9a29-b49259f5bb11" testListId="8c84fa94-04c1-424b-9868-57a2d4851a1d" />
    <TestEntry testId="79dc6ade-1fb5-e53a-3895-120821ee0ad1" executionId="889592e2-6f55-41ad-afd3-44e692c01cf9" testListId="8c84fa94-04c1-424b-9868-57a2d4851a1d" />
    <TestEntry testId="45464de9-2088-da3a-85ed-a8a4fecb083d" executionId="3031d89a-a632-48f5-b29b-2ea3fd819590" testListId="8c84fa94-04c1-424b-9868-57a2d4851a1d" />
    <TestEntry testId="d35bc711-77c3-11d0-bc06-2b27557cb244" executionId="882b2a3e-57e5-4c0f-9028-f4e596ae5ac4" testListId="8c84fa94-04c1-424b-9868-57a2d4851a1d" />
    <TestEntry testId="9f080b69-ff73-e1e5-ebe4-dd30c3c983a4" executionId="efed76f8-a322-480f-be2c-30e61118b80e" testListId="8c84fa94-04c1-424b-9868-57a2d4851a1d" />
    <TestEntry testId="08b3ace1-45f6-6e1d-2bc1-52f8ecd0e63e" executionId="e0a327d7-3219-4f98-b121-5947e127066b" testListId="8c84fa94-04c1-424b-9868-57a2d4851a1d" />
    <TestEntry testId="b6d0f186-52a1-85f5-8e22-24d46ac1ac11" executionId="bede7d63-8bf3-4d02-9cf4-af7a37d29e61" testListId="8c84fa94-04c1-424b-9868-57a2d4851a1d" />
    <TestEntry testId="a233d66c-f313-1e74-e181-b2dafdf7eda1" executionId="ed054213-3af1-4b7b-ac85-b93947d7a24f" testListId="8c84fa94-04c1-424b-9868-57a2d4851a1d" />
    <TestEntry testId="33fadc7a-7504-99fb-d972-36e4180a8a48" executionId="c247467f-104e-4738-a546-5946dadc1726" testListId="8c84fa94-04c1-424b-9868-57a2d4851a1d" />
    <TestEntry testId="4fb1e9eb-976d-db8c-6efc-0c953d97980e" executionId="54f225aa-e4fa-4560-b45b-a2bd0428c201" testListId="8c84fa94-04c1-424b-9868-57a2d4851a1d" />
    <TestEntry testId="2b698e66-74fb-6c00-069a-969a34e3db3a" executionId="fc5f7a70-a226-4084-8242-9b99cb1aad5e" testListId="8c84fa94-04c1-424b-9868-57a2d4851a1d" />
    <TestEntry testId="da008dea-21a3-bbc8-6446-27067c0278d2" executionId="c307e418-78b9-4d0c-9117-020e76a31134" testListId="8c84fa94-04c1-424b-9868-57a2d4851a1d" />
    <TestEntry testId="84b3e980-bdbe-5014-755b-538d50035c46" executionId="a7938b7a-19f6-4c20-9805-0f6854fdb206" testListId="8c84fa94-04c1-424b-9868-57a2d4851a1d" />
    <TestEntry testId="55b69ff1-41fd-5c44-e2a8-b279d7828993" executionId="15061b72-8475-451f-9d0e-76a3a65e8c88" testListId="8c84fa94-04c1-424b-9868-57a2d4851a1d" />
    <TestEntry testId="854a54be-59a6-d3a9-c68f-32fd5f490d07" executionId="3bf152d0-9fcc-4c5b-964f-3bf913c8df7c" testListId="8c84fa94-04c1-424b-9868-57a2d4851a1d" />
    <TestEntry testId="d8d8f61c-66c0-35aa-72e8-108d872447d5" executionId="9d5cd48e-5b1f-4182-bd85-8da096f22391" testListId="8c84fa94-04c1-424b-9868-57a2d4851a1d" />
    <TestEntry testId="076479ee-f448-9ceb-4230-0072b1a0e768" executionId="b928bd1e-6b7e-4275-991a-bc215a01ced3" testListId="8c84fa94-04c1-424b-9868-57a2d4851a1d" />
    <TestEntry testId="03362dc6-019e-7120-2944-4e9a1bc66b6d" executionId="acd7ba89-07a2-4075-9348-2c072fcc2201" testListId="8c84fa94-04c1-424b-9868-57a2d4851a1d" />
    <TestEntry testId="f64b2eb0-431a-6fbc-c692-f413cacfb737" executionId="bfec508f-5cc8-434e-b5b4-16e1da587147" testListId="8c84fa94-04c1-424b-9868-57a2d4851a1d" />
    <TestEntry testId="092a5f5d-5e92-e7c2-e812-620b9e6c3275" executionId="9be414e0-8f22-4dcb-a34e-22858575e451" testListId="8c84fa94-04c1-424b-9868-57a2d4851a1d" />
    <TestEntry testId="0d816db9-c190-9338-49a3-bd0095232832" executionId="f3b3113d-721a-4088-a07d-baf000590588" testListId="8c84fa94-04c1-424b-9868-57a2d4851a1d" />
    <TestEntry testId="026dfb6f-c080-58ce-2d5a-796a4588997d" executionId="423744f0-edd2-4f85-8f54-80dcf36251f3" testListId="8c84fa94-04c1-424b-9868-57a2d4851a1d" />
    <TestEntry testId="64de8207-d2f2-0b11-e8d3-5f4ca79e44ca" executionId="54b47f02-e794-4979-876f-162f5931d792" testListId="8c84fa94-04c1-424b-9868-57a2d4851a1d" />
    <TestEntry testId="daba4ba3-c0c2-8c2c-c76e-9c5fdbf89a9e" executionId="5263475c-a129-4dc0-a4f8-7ee64e6475b2" testListId="8c84fa94-04c1-424b-9868-57a2d4851a1d" />
    <TestEntry testId="d7aebc88-d17a-4418-cff4-f3007ce02d1e" executionId="c41828a0-7262-43ec-87fe-4e785948c911" testListId="8c84fa94-04c1-424b-9868-57a2d4851a1d" />
    <TestEntry testId="1e269b48-31d1-e9d9-6456-feb927b5229e" executionId="ab46d12f-e340-4d33-b44f-557d64e5fedf" testListId="8c84fa94-04c1-424b-9868-57a2d4851a1d" />
    <TestEntry testId="f997409a-cc5a-67e4-b0e7-5e198ad107a1" executionId="471e2257-34cf-4d98-9eb8-ee8147c328ad" testListId="8c84fa94-04c1-424b-9868-57a2d4851a1d" />
    <TestEntry testId="4fb4182c-2a3f-97bb-507b-d3ceb3937b43" executionId="a8d92a9b-c213-4e17-ab99-c5f08d741f64" testListId="8c84fa94-04c1-424b-9868-57a2d4851a1d" />
    <TestEntry testId="0daa0cf2-f08f-9af5-8f90-3afbe873dbac" executionId="69e6fcda-6e7f-425c-93fb-d964f048cbed" testListId="8c84fa94-04c1-424b-9868-57a2d4851a1d" />
    <TestEntry testId="08f82558-d98c-02af-8d5e-3581c5e98c4c" executionId="e3388ce2-e28a-437f-9aa9-8778df72d27e" testListId="8c84fa94-04c1-424b-9868-57a2d4851a1d" />
    <TestEntry testId="6e668805-e583-b333-030a-20aba32624a1" executionId="ff6cd3b0-ccfe-47a7-94de-23fc216dfe3f" testListId="8c84fa94-04c1-424b-9868-57a2d4851a1d" />
    <TestEntry testId="82d78304-b48c-9515-7f8e-4adb71fd31ee" executionId="2aacfedf-bba5-4078-ab0f-e0cfecf5f61b" testListId="8c84fa94-04c1-424b-9868-57a2d4851a1d" />
    <TestEntry testId="f6b2dd1a-21fb-6c4a-e3a3-9cff7ca08b77" executionId="03a05963-34fd-4b18-8be2-3d6697d08804" testListId="8c84fa94-04c1-424b-9868-57a2d4851a1d" />
    <TestEntry testId="32fec1f9-c048-b0a8-7432-484e5a8663c8" executionId="be8a25bb-5acb-4429-a4d6-983ff780660a" testListId="8c84fa94-04c1-424b-9868-57a2d4851a1d" />
    <TestEntry testId="add162a8-f1ad-a5bc-d7cc-f7fa5d66acf8" executionId="bbdedb8d-787f-4f51-a4fd-993139424f74" testListId="8c84fa94-04c1-424b-9868-57a2d4851a1d" />
    <TestEntry testId="80faadd3-7ee5-fd40-aebd-98e719e96493" executionId="3c048bc3-9589-46a6-81ef-1a669a4a3510" testListId="8c84fa94-04c1-424b-9868-57a2d4851a1d" />
    <TestEntry testId="28ffae2f-901e-9d67-b616-b08f110fa5e0" executionId="6e10fd96-7439-4de6-a6b7-a384eb3abc2b" testListId="8c84fa94-04c1-424b-9868-57a2d4851a1d" />
    <TestEntry testId="7e5f1658-9579-80ac-0889-217afa2e8ebf" executionId="14780b67-16c8-4d52-b7b7-3ee14b51fecd" testListId="8c84fa94-04c1-424b-9868-57a2d4851a1d" />
    <TestEntry testId="c675d4e8-953d-dd95-1e7d-aaf53b345df4" executionId="e4afd1ea-eefe-46d4-ad7a-e3c541b9885c" testListId="8c84fa94-04c1-424b-9868-57a2d4851a1d" />
    <TestEntry testId="9e654779-7c3a-a723-682e-e39ebed74684" executionId="d264661c-49fd-4f4d-9b9d-e2de10630e5a" testListId="8c84fa94-04c1-424b-9868-57a2d4851a1d" />
    <TestEntry testId="98d6e5bd-b7db-7e62-faab-cf0ab9b4f07d" executionId="3857585d-d010-4924-a572-e23e983373ed" testListId="8c84fa94-04c1-424b-9868-57a2d4851a1d" />
    <TestEntry testId="dc2a73b2-537f-23c2-17dd-b62bfff2142a" executionId="e2812c05-4b09-4290-b5b1-3ac27d79fcfb" testListId="8c84fa94-04c1-424b-9868-57a2d4851a1d" />
    <TestEntry testId="968967c1-9c91-5395-ae74-dba306913820" executionId="743c7226-ef01-4f83-b8ee-cb77150f114b" testListId="8c84fa94-04c1-424b-9868-57a2d4851a1d" />
    <TestEntry testId="3f8e6f27-c942-75f1-d43c-4f4dbc2ed891" executionId="55223cbf-3786-4ca3-946a-f61cf460ea3c" testListId="8c84fa94-04c1-424b-9868-57a2d4851a1d" />
    <TestEntry testId="6a9c6020-889e-b6db-aa72-939d2660cb16" executionId="278c49fc-4700-4a8e-8e5f-a0a00b37b51e" testListId="8c84fa94-04c1-424b-9868-57a2d4851a1d" />
    <TestEntry testId="834cde2d-9602-045a-ea86-c849382faa06" executionId="a30044df-73ad-473d-9ed2-f336125e5ccb" testListId="8c84fa94-04c1-424b-9868-57a2d4851a1d" />
    <TestEntry testId="161a0e40-6dbd-cbdc-3714-f2442765e338" executionId="7555b903-707f-4c84-ab63-e079c40c0f1d" testListId="8c84fa94-04c1-424b-9868-57a2d4851a1d" />
    <TestEntry testId="f0c6f445-2735-407d-8bd8-efde582fd792" executionId="4bae39e4-3ccd-46e0-9740-aa98b7b54665" testListId="8c84fa94-04c1-424b-9868-57a2d4851a1d" />
    <TestEntry testId="b9c24147-fbc0-a069-bdd6-759f76e4ceca" executionId="de92cd10-873d-43bc-8e87-5dbbf5ea72c2" testListId="8c84fa94-04c1-424b-9868-57a2d4851a1d" />
    <TestEntry testId="e00615fe-3a8d-1512-20d9-8abe6916016f" executionId="537d31a9-83d7-4857-bcc6-c2ebd1ea326f" testListId="8c84fa94-04c1-424b-9868-57a2d4851a1d" />
    <TestEntry testId="88c2b0d8-15cc-99cf-0786-93c215c0f665" executionId="6ef99026-672a-4132-b640-569a3c9c05f2" testListId="8c84fa94-04c1-424b-9868-57a2d4851a1d" />
    <TestEntry testId="3419854c-a58b-26c0-1755-df23f4de0fe4" executionId="d3546f48-ac21-43bb-bdfb-a609ce578349" testListId="8c84fa94-04c1-424b-9868-57a2d4851a1d" />
    <TestEntry testId="390e2c5d-d097-3631-576d-cd317912483e" executionId="b013d24c-6158-4222-b87d-a775d17182af" testListId="8c84fa94-04c1-424b-9868-57a2d4851a1d" />
    <TestEntry testId="4b7dc18b-d6d1-94cf-67c8-cfdd48ab9288" executionId="8aefbf01-b394-46be-aa7f-65fb6cf90cef" testListId="8c84fa94-04c1-424b-9868-57a2d4851a1d" />
    <TestEntry testId="4ead98c0-ed43-b791-ad04-b3743cb5d69b" executionId="1be6d403-aacf-438c-ac1e-c0d9ca419ff8" testListId="8c84fa94-04c1-424b-9868-57a2d4851a1d" />
    <TestEntry testId="4037f8f9-6ca0-fb62-ee52-1ab0cb3db5fb" executionId="11a57fc0-d9ae-4565-ae00-402f9f349a7c" testListId="8c84fa94-04c1-424b-9868-57a2d4851a1d" />
    <TestEntry testId="76f9de2a-47c0-eaaa-3675-ac942aca2f32" executionId="fc591981-d943-4bc2-b436-ef645db5e19e" testListId="8c84fa94-04c1-424b-9868-57a2d4851a1d" />
    <TestEntry testId="bc93f730-cf4f-b2fd-70c0-19446c70f746" executionId="933e91de-96f7-45e5-9a6b-88d04a6bbef2" testListId="8c84fa94-04c1-424b-9868-57a2d4851a1d" />
    <TestEntry testId="59a60e54-e35c-c435-6281-92cda5ac809d" executionId="720811a4-03d2-4f12-b77d-a50c9c7ed45a" testListId="8c84fa94-04c1-424b-9868-57a2d4851a1d" />
    <TestEntry testId="cf688c28-2d6d-a793-dedf-06d48b63f6f1" executionId="213b254d-a319-48f0-b7a7-a14597582bf8" testListId="8c84fa94-04c1-424b-9868-57a2d4851a1d" />
    <TestEntry testId="2ee6bce4-4d10-a7ff-ad46-044be6c8e9a0" executionId="fb1dbc27-82ee-4035-a8ff-a23fa7012c0b" testListId="8c84fa94-04c1-424b-9868-57a2d4851a1d" />
    <TestEntry testId="8bab2c7c-237e-3496-9a26-8fcdcf393dae" executionId="afa137e5-9bb5-487c-b044-ddb8c2d97067" testListId="8c84fa94-04c1-424b-9868-57a2d4851a1d" />
    <TestEntry testId="3a461286-4d9a-bb6f-bf27-81b491059d6a" executionId="b4da8357-fdec-41fd-90ac-cbe0565fa15e" testListId="8c84fa94-04c1-424b-9868-57a2d4851a1d" />
    <TestEntry testId="da60daa2-2199-7e98-b742-6cba793e7440" executionId="809374f4-f216-4fcd-96b2-19139cb95b4c" testListId="8c84fa94-04c1-424b-9868-57a2d4851a1d" />
    <TestEntry testId="1b358bc1-458b-910a-26a9-b665d6fb08b0" executionId="f9c7b60f-8d65-4e26-97e3-04b5ba6d8900" testListId="8c84fa94-04c1-424b-9868-57a2d4851a1d" />
    <TestEntry testId="a97eb8e2-cea3-70dd-d5ee-19b9b7f4e4bf" executionId="7dd5980b-071b-42e4-b58a-6a79068ae449" testListId="8c84fa94-04c1-424b-9868-57a2d4851a1d" />
    <TestEntry testId="5711c871-ad4e-1c97-b7af-50ef5d9eff82" executionId="9da77515-36a7-4c32-9a57-31690922d2f8" testListId="8c84fa94-04c1-424b-9868-57a2d4851a1d" />
    <TestEntry testId="611c2ae8-85c7-442b-a5ec-d38ddebdb9be" executionId="a3a988cc-b4e8-4dd4-8658-e9d40f47c65d" testListId="8c84fa94-04c1-424b-9868-57a2d4851a1d" />
    <TestEntry testId="07e2d80c-1c7c-425d-45d2-9a4739a86a66" executionId="ef26816a-175f-4971-87e0-0c22a3f889e5" testListId="8c84fa94-04c1-424b-9868-57a2d4851a1d" />
    <TestEntry testId="d9cf4840-605e-c89a-3f41-61314ef11e52" executionId="3ab6e514-ee11-4f06-a8d4-00630aa40d6a" testListId="8c84fa94-04c1-424b-9868-57a2d4851a1d" />
    <TestEntry testId="e119e886-63ff-9e4b-f30c-287618dff31a" executionId="35baf4d3-4399-4ed0-a38d-ae91251808f8" testListId="8c84fa94-04c1-424b-9868-57a2d4851a1d" />
    <TestEntry testId="51eb78b3-47f8-22f8-16bb-8f1455db269f" executionId="09099b1d-ca6e-4a1d-98aa-fd14e8641bdb" testListId="8c84fa94-04c1-424b-9868-57a2d4851a1d" />
    <TestEntry testId="532cb81a-df32-0fbd-c0b0-8629f10837bd" executionId="0b7515a8-ffcc-42f3-bd4d-287f1c20e006" testListId="8c84fa94-04c1-424b-9868-57a2d4851a1d" />
    <TestEntry testId="3787704c-f9e0-e566-1c87-02188e388c59" executionId="42badeda-cec1-4781-92b4-8a1e3e676130" testListId="8c84fa94-04c1-424b-9868-57a2d4851a1d" />
    <TestEntry testId="f31307eb-7ac9-c75e-b886-051d44063f63" executionId="163978a4-b80a-42d7-a8d1-36880b312ff8" testListId="8c84fa94-04c1-424b-9868-57a2d4851a1d" />
    <TestEntry testId="4acad5f8-ff5f-402e-c75e-bdbe46a00538" executionId="cbc0f3eb-aa59-4a30-a524-ec3943ea5ded" testListId="8c84fa94-04c1-424b-9868-57a2d4851a1d" />
    <TestEntry testId="55ff5278-ace4-0f2e-f8ad-9f5f257b511f" executionId="020e7b24-e815-43a9-b774-ca271b102189" testListId="8c84fa94-04c1-424b-9868-57a2d4851a1d" />
    <TestEntry testId="06671719-51c0-06b8-b1b7-8927e1da93cb" executionId="ca28a9b8-b3a3-4f1e-8b70-47bb3f021747" testListId="8c84fa94-04c1-424b-9868-57a2d4851a1d" />
    <TestEntry testId="ff22d43a-17fa-db51-d7fd-2f5ea3ee7dbb" executionId="292b79e0-96f4-4780-a86a-db513792f9c5" testListId="8c84fa94-04c1-424b-9868-57a2d4851a1d" />
    <TestEntry testId="d2f75ecd-c8ef-a49e-a7d9-9ac8db3c0867" executionId="e53fa98a-c8bd-429f-b3b1-3a1e8c389baf" testListId="8c84fa94-04c1-424b-9868-57a2d4851a1d" />
    <TestEntry testId="a68fe85a-0571-5cf5-4ec4-cc94366f30ee" executionId="6d6fa302-7b59-4eda-92f8-608a5a027921" testListId="8c84fa94-04c1-424b-9868-57a2d4851a1d" />
    <TestEntry testId="65ba2efa-0759-8a99-b7e3-1a551182172b" executionId="e40ab9a7-da5a-4898-8fe8-d86a0a91dbc8" testListId="8c84fa94-04c1-424b-9868-57a2d4851a1d" />
    <TestEntry testId="5fd3f98c-c6c1-c9ae-ace1-6e51d9ce104b" executionId="d0209271-4cc8-47f0-94c3-93bb8fc03023" testListId="8c84fa94-04c1-424b-9868-57a2d4851a1d" />
    <TestEntry testId="272037c0-f590-39e8-9884-c04de913150c" executionId="88729bca-b745-4a07-bb40-225188ef8f4f" testListId="8c84fa94-04c1-424b-9868-57a2d4851a1d" />
    <TestEntry testId="c66f0344-0d06-e154-dea7-64ff1ea75851" executionId="845da020-dbfb-4c68-9b13-c15cf6054444" testListId="8c84fa94-04c1-424b-9868-57a2d4851a1d" />
    <TestEntry testId="da8fd7da-175b-17d6-2b65-b1622f31efd6" executionId="fbf02404-f27b-463f-a03f-e2938b82377e" testListId="8c84fa94-04c1-424b-9868-57a2d4851a1d" />
    <TestEntry testId="14807a36-cb4f-9f35-8679-aa8746cf4c38" executionId="cb6b432c-3168-451f-b0f2-05e8e52d0fc6" testListId="8c84fa94-04c1-424b-9868-57a2d4851a1d" />
    <TestEntry testId="49cfd12e-5617-bd5e-66b7-297865e8d56f" executionId="54f633df-5cd9-4d51-a87b-6bd19414544c" testListId="8c84fa94-04c1-424b-9868-57a2d4851a1d" />
    <TestEntry testId="c2a70a77-deae-9615-f302-cf5bc25a63ec" executionId="0e604b3d-a546-4132-b585-b9fd612ed29f" testListId="8c84fa94-04c1-424b-9868-57a2d4851a1d" />
    <TestEntry testId="704f12b7-2603-a060-9466-3d44ec217344" executionId="1c9ecb3f-8dce-4f44-950c-550fa4201911" testListId="8c84fa94-04c1-424b-9868-57a2d4851a1d" />
    <TestEntry testId="7ceab3e2-a3b0-9c8f-80fc-83722cb5c583" executionId="8cdec00a-9da2-4c55-9854-537922f011d2" testListId="8c84fa94-04c1-424b-9868-57a2d4851a1d" />
    <TestEntry testId="e6de12d3-0261-772c-f490-e9dbb1bb9e62" executionId="b8d22652-1094-4e87-8c38-081645a6b350" testListId="8c84fa94-04c1-424b-9868-57a2d4851a1d" />
    <TestEntry testId="86edbbe8-5149-0aa3-dcd3-1e89f5303917" executionId="213673f6-3c78-492c-9785-50e709d2afc2" testListId="8c84fa94-04c1-424b-9868-57a2d4851a1d" />
    <TestEntry testId="33dd535d-bccc-f095-c4f3-483569c16d21" executionId="f7eb48b0-a774-4a31-8d02-c1eaed0176b3" testListId="8c84fa94-04c1-424b-9868-57a2d4851a1d" />
    <TestEntry testId="e975a99c-1f61-f6af-a603-7683bb9bab62" executionId="d8f33865-753f-467d-8b19-9a29bbbb202e" testListId="8c84fa94-04c1-424b-9868-57a2d4851a1d" />
    <TestEntry testId="f107b2f8-e52e-2d8a-eafb-dc1e00450b6b" executionId="c9972870-d044-48aa-9928-77fce9fd5585" testListId="8c84fa94-04c1-424b-9868-57a2d4851a1d" />
    <TestEntry testId="f92d7d34-ac45-0e70-f396-9fcde6a3e066" executionId="8dd9115b-1c9f-4454-bfee-dbcf580aa8b9" testListId="8c84fa94-04c1-424b-9868-57a2d4851a1d" />
    <TestEntry testId="9aaaf4ba-8359-75df-6568-0739721a7d97" executionId="82d49e26-a951-4c62-b1ee-d4e6bfadb1ac" testListId="8c84fa94-04c1-424b-9868-57a2d4851a1d" />
    <TestEntry testId="fab13144-dbad-5831-0a01-3cacac990e32" executionId="318facd7-04b8-4f9b-8b29-eba6c26338b9" testListId="8c84fa94-04c1-424b-9868-57a2d4851a1d" />
    <TestEntry testId="8ac6bfd4-1fa8-6445-4d9e-b8a25f795922" executionId="10539639-d34c-436a-bec8-35966bee4568" testListId="8c84fa94-04c1-424b-9868-57a2d4851a1d" />
    <TestEntry testId="bddb2a40-1daa-d4bf-c455-d8a073e5d8cf" executionId="3e887a86-3bc9-44c5-b085-486a25a05a14" testListId="8c84fa94-04c1-424b-9868-57a2d4851a1d" />
    <TestEntry testId="eaa1d30c-5f58-30c3-2f20-3844e46318d4" executionId="665b4f1c-f510-4457-ab14-fb20e17c8493" testListId="8c84fa94-04c1-424b-9868-57a2d4851a1d" />
    <TestEntry testId="baa96bb4-9a62-b146-14d8-03dbee056087" executionId="5927e6cc-d364-4a80-a411-75eed381d4d3" testListId="8c84fa94-04c1-424b-9868-57a2d4851a1d" />
    <TestEntry testId="604833d7-d8a0-cb51-77cf-d5e2a38bc181" executionId="77712e65-d0d7-487c-94fb-487bfc3dd547" testListId="8c84fa94-04c1-424b-9868-57a2d4851a1d" />
    <TestEntry testId="d85ccb45-df39-85fa-0735-81b50d6ae30d" executionId="25cb70cc-68ac-4b82-b1b5-e76d6bc0bb14" testListId="8c84fa94-04c1-424b-9868-57a2d4851a1d" />
    <TestEntry testId="6ac3daf7-7d17-a19c-0567-b6e3340bf41b" executionId="72b7261a-a2a2-417f-9f36-539548f7cd0b" testListId="8c84fa94-04c1-424b-9868-57a2d4851a1d" />
    <TestEntry testId="b0e999aa-6f2d-cdfd-39f2-77fd8d2611be" executionId="a47ffc48-cf3f-4d38-9ed0-7504a37b2769" testListId="8c84fa94-04c1-424b-9868-57a2d4851a1d" />
    <TestEntry testId="93ef99d9-ca73-69ac-4d15-4561a881ee1d" executionId="d0a72cae-e157-4e49-8e22-dabd2ca5c403" testListId="8c84fa94-04c1-424b-9868-57a2d4851a1d" />
    <TestEntry testId="20cd3c5b-85a9-064a-ae50-0db9b4c55966" executionId="4f621e11-ed1c-48e5-a924-efbe397aaac2" testListId="8c84fa94-04c1-424b-9868-57a2d4851a1d" />
    <TestEntry testId="e5973daf-eb52-605d-f256-024d8a961fe9" executionId="d746336c-d731-4c12-9832-aaeb53ea9a70" testListId="8c84fa94-04c1-424b-9868-57a2d4851a1d" />
    <TestEntry testId="ec2e4d78-7e33-854f-807c-b8709b69648c" executionId="1e89e053-d8aa-4bf1-9d10-6483f228e97c" testListId="8c84fa94-04c1-424b-9868-57a2d4851a1d" />
    <TestEntry testId="2f07bb8b-cd50-f2c2-1839-7178b31bc8e9" executionId="6c06b834-f3ab-4492-bf4c-ea71abd40883" testListId="8c84fa94-04c1-424b-9868-57a2d4851a1d" />
    <TestEntry testId="3c6b6456-74c4-1dda-6116-e2d0816b5ed7" executionId="7859bb3e-89b1-4b45-b770-a87bc312c1ce" testListId="8c84fa94-04c1-424b-9868-57a2d4851a1d" />
    <TestEntry testId="ac29b4b5-8534-78d0-60ee-ce2fc38c2fe4" executionId="37e79e53-46e8-4240-8f56-c851d2f29da9" testListId="8c84fa94-04c1-424b-9868-57a2d4851a1d" />
    <TestEntry testId="4ac44c86-bed3-2106-179e-e12e5a83e7dd" executionId="4f67533b-8df0-458d-a4d5-f6f0e1b7e65f" testListId="8c84fa94-04c1-424b-9868-57a2d4851a1d" />
    <TestEntry testId="4007ec22-794b-cf4d-bda6-76bc701e6452" executionId="afc20092-1900-439b-8b97-fbe04aa4827d" testListId="8c84fa94-04c1-424b-9868-57a2d4851a1d" />
    <TestEntry testId="e6be9160-5cc6-c513-67c4-14d959e49ad9" executionId="457e99c0-2608-4014-94a1-6cde1516e001" testListId="8c84fa94-04c1-424b-9868-57a2d4851a1d" />
    <TestEntry testId="5ed08d6e-1829-53d6-39c2-5824072e1015" executionId="2a351d9e-5d77-46eb-a24a-e7b89144e51f" testListId="8c84fa94-04c1-424b-9868-57a2d4851a1d" />
    <TestEntry testId="d971de1e-b31f-31c2-fa67-f30dd423d56b" executionId="be3909ec-b64c-498c-9561-331972fe4954" testListId="8c84fa94-04c1-424b-9868-57a2d4851a1d" />
    <TestEntry testId="59d09cb9-f05a-ad0a-27b2-ae8fd67c3518" executionId="8f6bff55-2983-43d1-b938-f53ce272ce04" testListId="8c84fa94-04c1-424b-9868-57a2d4851a1d" />
    <TestEntry testId="23c856d5-b6c3-19f8-8013-074be7c600aa" executionId="1fd654f5-6935-493a-b28b-53bb039c777a" testListId="8c84fa94-04c1-424b-9868-57a2d4851a1d" />
    <TestEntry testId="833aec2e-c0ac-4112-94cf-5fa375595a9e" executionId="bc2984a5-3659-40ec-a96a-7e253bafc13c" testListId="8c84fa94-04c1-424b-9868-57a2d4851a1d" />
    <TestEntry testId="07465ce7-6373-2a9f-806a-3101b38a9200" executionId="ed170999-4656-444a-b48b-e3f4813f5988" testListId="8c84fa94-04c1-424b-9868-57a2d4851a1d" />
    <TestEntry testId="5effecc7-0d7c-71b0-4a5d-1b5e24448f32" executionId="191b8c14-b358-4bb7-92f1-3d3335d4d016" testListId="8c84fa94-04c1-424b-9868-57a2d4851a1d" />
    <TestEntry testId="10f7e539-95db-7d97-e660-3fdca86f07c0" executionId="d76269f6-2c2a-4d93-87c5-77b29eae94ae" testListId="8c84fa94-04c1-424b-9868-57a2d4851a1d" />
    <TestEntry testId="f6db960c-c26a-9ba9-bdda-2ac9e0b27970" executionId="a403f7ee-66dc-4d6e-96c7-90afa597dfd1" testListId="8c84fa94-04c1-424b-9868-57a2d4851a1d" />
    <TestEntry testId="03a16989-cfc5-ab34-8c7c-ef90806b02a7" executionId="6d65bef0-b910-449b-ad25-970f438b78c1" testListId="8c84fa94-04c1-424b-9868-57a2d4851a1d" />
    <TestEntry testId="f252f3f1-2ddc-5f57-0a09-9fe0a66fde7a" executionId="140b4370-3665-46a2-a61a-80a578e09c65" testListId="8c84fa94-04c1-424b-9868-57a2d4851a1d" />
    <TestEntry testId="d381fedf-8c58-4a19-b08e-ee127d4421c9" executionId="eed50ac6-26d2-44bd-88a7-4db9dc9e506e" testListId="8c84fa94-04c1-424b-9868-57a2d4851a1d" />
    <TestEntry testId="5234d1ee-ef9d-50d7-130b-4f673d2d6420" executionId="db6cfd9c-ddc0-484f-9242-ffa4f6566d7d" testListId="8c84fa94-04c1-424b-9868-57a2d4851a1d" />
    <TestEntry testId="b4dcaf4b-c8a6-a3d6-898f-051609cb706b" executionId="8785818a-8ad6-43b1-8fc2-fa2b946f5103" testListId="8c84fa94-04c1-424b-9868-57a2d4851a1d" />
    <TestEntry testId="15256628-10ab-395d-cdc0-982196f2d384" executionId="f4b26933-5031-45e1-942e-dc6f29f9a0e5" testListId="8c84fa94-04c1-424b-9868-57a2d4851a1d" />
    <TestEntry testId="669fc029-8875-e129-8d0c-bd7a31bdd15f" executionId="9b10128f-34bb-49b0-b071-4f66dca71aa7" testListId="8c84fa94-04c1-424b-9868-57a2d4851a1d" />
    <TestEntry testId="1d30d716-63ba-8629-37de-621fcc2f5f57" executionId="e392136f-2b17-4adc-839a-b1dbce3cb1af" testListId="8c84fa94-04c1-424b-9868-57a2d4851a1d" />
    <TestEntry testId="78819630-2935-1e63-9860-8c1336d44889" executionId="1cf912a2-a8fa-455c-8d28-b13bc20dec81" testListId="8c84fa94-04c1-424b-9868-57a2d4851a1d" />
    <TestEntry testId="c852f0f2-cc0b-cd32-55ea-6f08f26c6103" executionId="4309cb48-7841-492a-8f21-eccda5495acb" testListId="8c84fa94-04c1-424b-9868-57a2d4851a1d" />
    <TestEntry testId="284a6b15-0a7d-d4a1-ae93-88897a496866" executionId="faf7714e-4283-48a1-8178-79997836ac3c" testListId="8c84fa94-04c1-424b-9868-57a2d4851a1d" />
    <TestEntry testId="dd8ceee9-e0da-460a-3a9b-41ccef9e8e3e" executionId="31aa7e36-1c5a-4f1c-9292-30b28ab72942" testListId="8c84fa94-04c1-424b-9868-57a2d4851a1d" />
    <TestEntry testId="bf38d087-b471-df6a-7d14-7824df80030c" executionId="2953fc4d-c52e-4a37-a91a-509d51198fbd" testListId="8c84fa94-04c1-424b-9868-57a2d4851a1d" />
    <TestEntry testId="7ef6fc17-41f7-b6dd-5a72-5e5de8ea26a4" executionId="97b21929-cc14-4188-94f9-2f7538d060b7" testListId="8c84fa94-04c1-424b-9868-57a2d4851a1d" />
    <TestEntry testId="84d62aca-a413-46a5-c8ba-3602e6cd8798" executionId="edb069ba-3eec-4bad-b39a-5adacb079a33" testListId="8c84fa94-04c1-424b-9868-57a2d4851a1d" />
    <TestEntry testId="15d239ea-71aa-55f8-a2eb-41474406f678" executionId="295f2c37-6d0e-43c8-9d34-60d208227d94" testListId="8c84fa94-04c1-424b-9868-57a2d4851a1d" />
    <TestEntry testId="846a9eb5-5d29-1fe6-2752-1629db0ce419" executionId="56f56773-9ee2-4423-abb9-929f0b3d034f" testListId="8c84fa94-04c1-424b-9868-57a2d4851a1d" />
    <TestEntry testId="80e1e452-82cf-b088-db40-d28f7d32c62d" executionId="e836e255-5912-4ad6-a182-725588c0af56" testListId="8c84fa94-04c1-424b-9868-57a2d4851a1d" />
    <TestEntry testId="69ce5361-06cb-10c5-3157-d27adff1ce44" executionId="92d449d3-a380-4a22-b573-bf2f08bfc2c0" testListId="8c84fa94-04c1-424b-9868-57a2d4851a1d" />
    <TestEntry testId="fefc1ca8-7f95-c638-84b7-b1c00b90c427" executionId="ed1caa89-a3fc-4eb7-9d14-02238ecbdf0b" testListId="8c84fa94-04c1-424b-9868-57a2d4851a1d" />
    <TestEntry testId="4857c902-d3db-1acf-7754-f8c2fceb17a8" executionId="580e6b60-fffa-448b-8b1b-19990779220a" testListId="8c84fa94-04c1-424b-9868-57a2d4851a1d" />
    <TestEntry testId="94665017-ba44-93eb-512e-f9565e558eb5" executionId="bd31f726-f6a6-4231-8975-bef34a66989a" testListId="8c84fa94-04c1-424b-9868-57a2d4851a1d" />
    <TestEntry testId="0c425759-ee83-6c6c-bbbc-12b94eca1c61" executionId="5d6287f0-158a-47c6-8200-f27e1cab1699" testListId="8c84fa94-04c1-424b-9868-57a2d4851a1d" />
    <TestEntry testId="3f3233bd-4893-b779-69f6-789d6f6a1d9a" executionId="6eb88ded-40da-418e-8814-ae5be53d6029" testListId="8c84fa94-04c1-424b-9868-57a2d4851a1d" />
    <TestEntry testId="c6dda2cd-bb4c-abf6-4c9e-75c0a7c49325" executionId="6d9be3ef-29ca-47a2-b787-5a00e920010a" testListId="8c84fa94-04c1-424b-9868-57a2d4851a1d" />
    <TestEntry testId="47672882-b255-5356-2127-17a9bbfd997e" executionId="c1d53543-232f-4295-b9b6-0ca4205f741d" testListId="8c84fa94-04c1-424b-9868-57a2d4851a1d" />
    <TestEntry testId="6a53a4fc-af98-30a6-3b55-6aeeac9be0be" executionId="630e05d4-6186-4ebd-b928-b5170662deb6" testListId="8c84fa94-04c1-424b-9868-57a2d4851a1d" />
    <TestEntry testId="5aee1987-ec48-787b-31d3-fe2a9e31e772" executionId="135df063-4441-46fd-ba85-7a381b290305" testListId="8c84fa94-04c1-424b-9868-57a2d4851a1d" />
    <TestEntry testId="b1a54d71-5c4b-5e18-0c40-6a96ee3db5e8" executionId="dd8e9a4c-87db-44f9-88e9-bc5f95c4dc39" testListId="8c84fa94-04c1-424b-9868-57a2d4851a1d" />
    <TestEntry testId="51482505-ca37-9cd6-7636-ffa697390b81" executionId="a6640c38-8cec-41c3-93b0-b9bba029d9e3" testListId="8c84fa94-04c1-424b-9868-57a2d4851a1d" />
    <TestEntry testId="98514a87-c9e9-a001-7d97-02b7ed802ee7" executionId="bc4f18ca-159c-40c6-9d84-bb0d8d16a1a9" testListId="8c84fa94-04c1-424b-9868-57a2d4851a1d" />
    <TestEntry testId="e2e868a3-fc1a-6808-398b-537acaa38f26" executionId="015fe610-ec69-4ee7-a270-42b11b237670" testListId="8c84fa94-04c1-424b-9868-57a2d4851a1d" />
    <TestEntry testId="7e6ab9bc-6be0-57ee-f082-006f13f3fda7" executionId="f9e11c2a-6e54-4980-bb22-ef50b4b6b8f8" testListId="8c84fa94-04c1-424b-9868-57a2d4851a1d" />
    <TestEntry testId="b960a51a-07ce-5c77-9c47-9b7d49f68b04" executionId="7deb15e6-37a4-4049-b6c3-9224ccbd36d3" testListId="8c84fa94-04c1-424b-9868-57a2d4851a1d" />
    <TestEntry testId="2a7cf9dc-e9f0-7632-64c7-f92d98f50bd4" executionId="1bea2b1e-5204-450e-99fc-1efd74fa18dd" testListId="8c84fa94-04c1-424b-9868-57a2d4851a1d" />
    <TestEntry testId="00f0e371-214b-3362-fe49-cbc53292d7d9" executionId="56fd770c-ee0d-4942-a8b7-393198b0192e" testListId="8c84fa94-04c1-424b-9868-57a2d4851a1d" />
    <TestEntry testId="a6949d64-370a-8be7-7bab-9ebfeb9ac327" executionId="d4f1c863-f109-4fa1-bfb4-59fb9eb7a714" testListId="8c84fa94-04c1-424b-9868-57a2d4851a1d" />
    <TestEntry testId="84f8043b-4691-c526-0edb-4d71ad8832d8" executionId="bcfdb2c6-19b8-4e2b-891a-e0dcd34dc387" testListId="8c84fa94-04c1-424b-9868-57a2d4851a1d" />
    <TestEntry testId="3389b6dd-689a-11ef-38a7-5096963ffea8" executionId="106d275e-fc7a-4f98-8cb0-c779cade74d8" testListId="8c84fa94-04c1-424b-9868-57a2d4851a1d" />
    <TestEntry testId="b77ab5c7-4e76-dc3e-b1c6-67decc6894df" executionId="5db2f4ca-4f39-4490-a5f4-577cef557a23" testListId="8c84fa94-04c1-424b-9868-57a2d4851a1d" />
    <TestEntry testId="d2a9174b-0e8a-f538-f842-cd59e66f5936" executionId="85342d8b-b576-429e-a700-9da41058d688" testListId="8c84fa94-04c1-424b-9868-57a2d4851a1d" />
    <TestEntry testId="1828ecd5-bb3e-6d98-809c-f913ae167b2a" executionId="697156b3-f25d-4be3-837a-3e6a6d54d671" testListId="8c84fa94-04c1-424b-9868-57a2d4851a1d" />
    <TestEntry testId="b00294e4-8686-0263-7a25-105dca27e462" executionId="f16b270c-fa1c-473b-a28c-166fdb7d4b7e" testListId="8c84fa94-04c1-424b-9868-57a2d4851a1d" />
    <TestEntry testId="24e7c2bb-215e-6687-9176-48e72f6cf85e" executionId="e58dfee7-bb7e-4171-a382-aea674fef254" testListId="8c84fa94-04c1-424b-9868-57a2d4851a1d" />
    <TestEntry testId="a6493ade-3aba-8e55-3d5b-e3a18089f41b" executionId="5e2c1b09-ffcd-45a2-929c-aa22cdb1bdfb" testListId="8c84fa94-04c1-424b-9868-57a2d4851a1d" />
    <TestEntry testId="80e1e452-82cf-b088-db40-d28f7d32c62d" executionId="6e30bc2b-a1b1-4249-8d0f-c6ca44753404" testListId="8c84fa94-04c1-424b-9868-57a2d4851a1d" />
    <TestEntry testId="b9fc609a-8ca2-2be6-d0e9-1319545fa745" executionId="601be313-675c-4ee4-a156-6363735c3907" testListId="8c84fa94-04c1-424b-9868-57a2d4851a1d" />
    <TestEntry testId="aa8972af-4006-c6fd-4be2-6ab7cf64c83f" executionId="9be31a1d-6109-4d1f-a300-f5cec0e643c6" testListId="8c84fa94-04c1-424b-9868-57a2d4851a1d" />
    <TestEntry testId="a7b3a0a1-b567-86d1-d16a-ead40656c5fa" executionId="cdbdb101-95c2-4f0d-a09d-98aabc4c4759" testListId="8c84fa94-04c1-424b-9868-57a2d4851a1d" />
    <TestEntry testId="54f7979c-7440-2cc5-5665-679c43abe566" executionId="474cecf3-a36f-43cb-8d79-c5f70a9d998c" testListId="8c84fa94-04c1-424b-9868-57a2d4851a1d" />
    <TestEntry testId="c619b254-8c86-c5cf-c771-3ea358787f56" executionId="4eef29c6-480b-4cdd-9524-8fbf92bfdfe5" testListId="8c84fa94-04c1-424b-9868-57a2d4851a1d" />
    <TestEntry testId="edaf9c06-ff2c-62ed-be08-4c1afe57f05b" executionId="1849e1e2-2d77-4ff8-88fc-2e9c1ddde838" testListId="8c84fa94-04c1-424b-9868-57a2d4851a1d" />
    <TestEntry testId="18ccdda0-c082-96fc-d95c-7842b85332a3" executionId="626648f4-b7bd-478a-a670-9da028806886" testListId="8c84fa94-04c1-424b-9868-57a2d4851a1d" />
    <TestEntry testId="a31ae58a-ac3b-c32e-1d10-665517748c9e" executionId="441a8245-10f0-446a-a56f-3853dce22d44" testListId="8c84fa94-04c1-424b-9868-57a2d4851a1d" />
    <TestEntry testId="c01b7aad-2de6-9625-9d52-27adc6cc7bd7" executionId="e2607627-2146-4853-884f-97043b465467" testListId="8c84fa94-04c1-424b-9868-57a2d4851a1d" />
    <TestEntry testId="afb51d05-f3b7-7ba8-3b5a-420afd719c13" executionId="9c1eb78e-7cb6-4dbe-a467-857f4c011d87" testListId="8c84fa94-04c1-424b-9868-57a2d4851a1d" />
    <TestEntry testId="14f3ec32-0fa4-5f7a-4835-a25af4f36100" executionId="ce24ba1b-daab-47f9-adcf-84501991dc48" testListId="8c84fa94-04c1-424b-9868-57a2d4851a1d" />
    <TestEntry testId="88b4d386-4c27-112e-bb74-c07845596dd9" executionId="ef2cede2-2f92-40e3-9563-498273007851" testListId="8c84fa94-04c1-424b-9868-57a2d4851a1d" />
    <TestEntry testId="99ee5135-30d5-eb69-226f-d05fc552bf85" executionId="8a733b01-8f49-41f3-b692-6e2dbc52837b" testListId="8c84fa94-04c1-424b-9868-57a2d4851a1d" />
    <TestEntry testId="9b197971-a4a0-f2e7-cf86-c42cab4fc0ac" executionId="8679c2bb-4015-4b6a-aa1f-cff82f0ed9b0" testListId="8c84fa94-04c1-424b-9868-57a2d4851a1d" />
    <TestEntry testId="047ae752-4baa-4950-c45b-96826b207ed0" executionId="fc625773-9553-452b-9039-803ca047751d" testListId="8c84fa94-04c1-424b-9868-57a2d4851a1d" />
    <TestEntry testId="3f5e157c-fd88-4f5a-fa14-5f5e1b9a695a" executionId="312254e2-5515-4be6-b196-aa250a2aad6f" testListId="8c84fa94-04c1-424b-9868-57a2d4851a1d" />
    <TestEntry testId="79e1afa4-43dc-dcc8-f757-ad97cc1a6215" executionId="01302214-2d4e-4022-9cbc-a2943e3d9813" testListId="8c84fa94-04c1-424b-9868-57a2d4851a1d" />
    <TestEntry testId="bdaa8c04-85d7-4ee8-e951-82186f7309ad" executionId="efb160d6-596a-401f-b286-ec3642f0d434" testListId="8c84fa94-04c1-424b-9868-57a2d4851a1d" />
    <TestEntry testId="3faa4dab-caeb-2298-7011-c6556cbbddc1" executionId="304e4d84-c5c5-4e02-855b-01ee24ee00ab" testListId="8c84fa94-04c1-424b-9868-57a2d4851a1d" />
    <TestEntry testId="dd8d755a-3eba-5a94-2039-0ce20505a681" executionId="2b01cb1d-1d6b-4b6d-ae0b-0130ffa01e8a" testListId="8c84fa94-04c1-424b-9868-57a2d4851a1d" />
    <TestEntry testId="13db29e1-271e-aab2-3bce-87640b8c6e48" executionId="c0f44c92-51b0-4c29-ae02-7209ee78f6c1" testListId="8c84fa94-04c1-424b-9868-57a2d4851a1d" />
    <TestEntry testId="d99b4f5e-d723-6b95-fc42-5b32d4349edc" executionId="b9e7ed70-60e7-4852-b41c-8c77bc1330b0" testListId="8c84fa94-04c1-424b-9868-57a2d4851a1d" />
    <TestEntry testId="f97a9c11-337a-9db0-c57e-d2aa1b5d357d" executionId="1c8780fd-a129-4ae1-9ccf-31c2208bb81e" testListId="8c84fa94-04c1-424b-9868-57a2d4851a1d" />
    <TestEntry testId="c2f67433-8910-98a5-d9a8-3181ecfa6a6e" executionId="21e2cc61-03a6-4069-b775-cddf525e9306" testListId="8c84fa94-04c1-424b-9868-57a2d4851a1d" />
    <TestEntry testId="698dd5ef-138e-eb6d-a408-c897a293bf7a" executionId="719ac866-f9ea-4d10-a24d-eed407d437a1" testListId="8c84fa94-04c1-424b-9868-57a2d4851a1d" />
    <TestEntry testId="75ab4f71-3b38-2c11-9aa3-99e6e265b21d" executionId="c7bbe337-11ed-48dd-a06e-061f1c79ee14" testListId="8c84fa94-04c1-424b-9868-57a2d4851a1d" />
    <TestEntry testId="634e382c-e414-92b0-7810-237df6007505" executionId="da64d98b-80c3-4555-97c0-a70af2afe68b" testListId="8c84fa94-04c1-424b-9868-57a2d4851a1d" />
    <TestEntry testId="046e87a4-129e-e9d1-b689-ff12d71bb7aa" executionId="84e2effa-b666-4c91-a34e-56e4cbc7fb73" testListId="8c84fa94-04c1-424b-9868-57a2d4851a1d" />
    <TestEntry testId="fca58915-8fae-a999-eb21-fb7a250b2818" executionId="e912c39f-8cb3-4bdd-9478-3a26ff6d1c1c" testListId="8c84fa94-04c1-424b-9868-57a2d4851a1d" />
    <TestEntry testId="7ca8a434-7012-c34d-5866-6521f620a2e4" executionId="f37a3702-41b7-4f82-96bc-57e4f2caf469" testListId="8c84fa94-04c1-424b-9868-57a2d4851a1d" />
    <TestEntry testId="69439449-9ebe-29e2-c62e-065951471c5d" executionId="251bab48-f025-4f56-9dc9-91b3cd26fe9c" testListId="8c84fa94-04c1-424b-9868-57a2d4851a1d" />
    <TestEntry testId="6cf12226-4d60-3448-6119-955749ad1a56" executionId="9194f311-b3a3-4cfc-afde-22a26c596853" testListId="8c84fa94-04c1-424b-9868-57a2d4851a1d" />
    <TestEntry testId="1c883c92-bef7-61b1-c07f-4369319c74ff" executionId="a0540af8-119e-4204-8f82-a7a59fe32abb" testListId="8c84fa94-04c1-424b-9868-57a2d4851a1d" />
    <TestEntry testId="2d9d257b-dc7a-dd0a-92c1-64a2f9201d0f" executionId="08896432-7cc6-4a68-93e2-def3de03aa8f" testListId="8c84fa94-04c1-424b-9868-57a2d4851a1d" />
    <TestEntry testId="5a96ab5f-7525-5e8b-4ceb-aece78f169bb" executionId="deacdd04-ff77-4ab5-ac39-0774ad6ea92d" testListId="8c84fa94-04c1-424b-9868-57a2d4851a1d" />
    <TestEntry testId="22f81f95-90ca-baa7-300b-797405eeaf34" executionId="473c8963-bb33-4757-8030-2a320400afb5" testListId="8c84fa94-04c1-424b-9868-57a2d4851a1d" />
    <TestEntry testId="0de77785-462a-9bb1-5b6c-6230796bd88d" executionId="ce5140cf-5568-4865-bcfd-0438fcd20895" testListId="8c84fa94-04c1-424b-9868-57a2d4851a1d" />
    <TestEntry testId="ed7bec68-0198-a68e-a9fa-29c0dcede6d8" executionId="efe3da2b-5430-40f8-acac-f89aceb39300" testListId="8c84fa94-04c1-424b-9868-57a2d4851a1d" />
    <TestEntry testId="9a8b0630-7fe0-b955-d569-785b1cb3be21" executionId="367cf3e5-b099-49dc-b39b-f15f7c557be5" testListId="8c84fa94-04c1-424b-9868-57a2d4851a1d" />
    <TestEntry testId="f4c83ffd-478a-19b7-4825-b6d0081bab21" executionId="259dd791-caf8-4101-b072-11eaaf9713a3" testListId="8c84fa94-04c1-424b-9868-57a2d4851a1d" />
    <TestEntry testId="f56fd28f-91dc-8b5a-3f0d-995472c1fd21" executionId="06ced988-ac95-4589-8ffe-d8e75a304077" testListId="8c84fa94-04c1-424b-9868-57a2d4851a1d" />
    <TestEntry testId="1181cb63-0543-4806-6972-5950350789da" executionId="086b08ca-daf2-45be-9f18-98706c90db44" testListId="8c84fa94-04c1-424b-9868-57a2d4851a1d" />
    <TestEntry testId="f3077786-632a-26ad-8d51-86ff9f306fe4" executionId="c6fa0b21-f3e7-4ca7-b6da-eed974df0129" testListId="8c84fa94-04c1-424b-9868-57a2d4851a1d" />
    <TestEntry testId="549593cd-e3e2-290a-18b6-e153b1543b39" executionId="5ce118d0-7cb9-4979-a70b-0cf75338c0e6" testListId="8c84fa94-04c1-424b-9868-57a2d4851a1d" />
    <TestEntry testId="53bc71ef-c08f-8372-fdf8-0535984f2d5b" executionId="b51800a5-d717-4d76-88f7-88549a5fdb7a" testListId="8c84fa94-04c1-424b-9868-57a2d4851a1d" />
    <TestEntry testId="675dccfc-0aea-7dad-70d9-a1466b62191d" executionId="27acff83-942c-4787-baab-53d5a454547c" testListId="8c84fa94-04c1-424b-9868-57a2d4851a1d" />
    <TestEntry testId="663795a0-d44e-108c-adbb-753bfdf4d621" executionId="34e03706-c620-40d8-9bb9-662c640044e6" testListId="8c84fa94-04c1-424b-9868-57a2d4851a1d" />
    <TestEntry testId="31863e20-a64d-0b66-e341-1da2a444bd4d" executionId="31a4cdab-e1b7-4e4e-9513-f5c1fcfbc80c" testListId="8c84fa94-04c1-424b-9868-57a2d4851a1d" />
    <TestEntry testId="376aa488-622a-ef3d-865f-34b9990a82be" executionId="85ac016c-3e25-413d-aef1-e0e30ce4bed6" testListId="8c84fa94-04c1-424b-9868-57a2d4851a1d" />
    <TestEntry testId="f192461d-c04b-ccd8-4669-21b5fa7a7ede" executionId="5a6bd2c4-e316-4e31-ad26-506835a521ce" testListId="8c84fa94-04c1-424b-9868-57a2d4851a1d" />
    <TestEntry testId="74a5479e-3d8d-745b-8d0c-dc17a9c1c316" executionId="d2b00113-ed22-4be0-8acd-156a25247da7" testListId="8c84fa94-04c1-424b-9868-57a2d4851a1d" />
    <TestEntry testId="8c46d0ed-f3b9-c5f4-aaef-9879232f4518" executionId="c4abc158-8af9-41a1-a425-2037deaaa5c1" testListId="8c84fa94-04c1-424b-9868-57a2d4851a1d" />
    <TestEntry testId="910648d0-f58e-b40c-710a-20818471b114" executionId="046f7a01-2167-4206-a9df-302d6c3d8b2e" testListId="8c84fa94-04c1-424b-9868-57a2d4851a1d" />
    <TestEntry testId="ece9c0c6-7f24-79de-902b-ae084a6701cb" executionId="e4e41b4e-c3f8-4ab0-8011-d8f369e5d947" testListId="8c84fa94-04c1-424b-9868-57a2d4851a1d" />
    <TestEntry testId="24643fe7-0bf9-5382-835f-f9f91ed814f3" executionId="c70924eb-f1b6-4c5f-a289-d233799153d2" testListId="8c84fa94-04c1-424b-9868-57a2d4851a1d" />
    <TestEntry testId="771137e7-8711-d371-fedf-d100a6d214c7" executionId="65ff7170-c322-4423-a268-12d4b0d8862b" testListId="8c84fa94-04c1-424b-9868-57a2d4851a1d" />
    <TestEntry testId="9060a50a-9771-de76-4b8f-daa876d7df09" executionId="4bcb3f49-5a1f-4279-a8cb-c4b011ca54ed" testListId="8c84fa94-04c1-424b-9868-57a2d4851a1d" />
    <TestEntry testId="02e91707-aab1-0a11-fa7b-f648cd0fd36e" executionId="8feb1eca-4edc-4045-ab46-e00334fcad4c" testListId="8c84fa94-04c1-424b-9868-57a2d4851a1d" />
    <TestEntry testId="db35590a-caad-391c-4e81-fbc7dc664cab" executionId="e1705b49-7504-44b9-8007-7a3cb5cbf798" testListId="8c84fa94-04c1-424b-9868-57a2d4851a1d" />
    <TestEntry testId="7249d529-4797-4846-66f9-a36e8ab1d5c8" executionId="12b842ff-5fbe-4f59-b09f-7a0149d201b8" testListId="8c84fa94-04c1-424b-9868-57a2d4851a1d" />
    <TestEntry testId="34f71d61-40e4-8716-5c83-5c84a7e66552" executionId="512f206d-6b04-4fcc-a3be-1fd9a5b910a7" testListId="8c84fa94-04c1-424b-9868-57a2d4851a1d" />
    <TestEntry testId="ac3585d4-59ce-87ee-5312-f23049732097" executionId="4bc2d2c4-7077-4e5e-9323-57001cd3c622" testListId="8c84fa94-04c1-424b-9868-57a2d4851a1d" />
    <TestEntry testId="d3e820a3-4350-83fc-1d0e-9c98ed12693d" executionId="4a3a04ed-61a5-4349-ac39-4e25739c93ee" testListId="8c84fa94-04c1-424b-9868-57a2d4851a1d" />
    <TestEntry testId="d3281eee-0976-1fa7-ba3c-3f048bbeb9e7" executionId="f01e9dbc-12b8-4394-a08e-a5963261b400" testListId="8c84fa94-04c1-424b-9868-57a2d4851a1d" />
    <TestEntry testId="483cfce3-3ff7-5b57-4c23-5d8fbcaf1d0a" executionId="4e4b9d9a-b093-446a-ab6e-90f8b52b1321" testListId="8c84fa94-04c1-424b-9868-57a2d4851a1d" />
    <TestEntry testId="b45956e1-d5fa-0cc5-9bb7-ea079e1e5f1e" executionId="1fe63561-2280-4639-bb95-8ef1a18035ed" testListId="8c84fa94-04c1-424b-9868-57a2d4851a1d" />
    <TestEntry testId="91a78aeb-428a-f6ff-e2d1-52651e1feb62" executionId="68402973-3edb-45d2-9dd6-2903233a7357" testListId="8c84fa94-04c1-424b-9868-57a2d4851a1d" />
    <TestEntry testId="5ffa61d1-ba0a-5c24-5f29-257815c65d94" executionId="4d6b9f6e-b35e-4906-b02b-391b7f3c648a" testListId="8c84fa94-04c1-424b-9868-57a2d4851a1d" />
    <TestEntry testId="b7e1ee47-1435-7822-cf95-e3720fecc94e" executionId="289615c6-daa3-447b-9a7b-df503ad7811e" testListId="8c84fa94-04c1-424b-9868-57a2d4851a1d" />
    <TestEntry testId="c15ffa78-e595-57a3-d2fc-5e6f27b46541" executionId="908a40cd-5d61-4973-b486-7fe3214ddced" testListId="8c84fa94-04c1-424b-9868-57a2d4851a1d" />
    <TestEntry testId="232e38bc-f1e6-d745-c4df-2efcf25dd919" executionId="35ab24fe-a696-4888-9ce9-5ed35e3bc3e5" testListId="8c84fa94-04c1-424b-9868-57a2d4851a1d" />
    <TestEntry testId="0c0629d0-f6ea-17eb-459f-54981f9ede50" executionId="6f11d7ff-1505-44d1-a455-0144eaa4fa4b" testListId="8c84fa94-04c1-424b-9868-57a2d4851a1d" />
    <TestEntry testId="54fe689a-094b-c2b1-eff8-7a88071b8275" executionId="b6205c4b-3047-4037-8aef-4b80f54d6274" testListId="8c84fa94-04c1-424b-9868-57a2d4851a1d" />
    <TestEntry testId="5b8ffd61-7472-5d07-a1e1-10f78205a31d" executionId="47e49a21-8a87-48f7-9c2e-6733c775c843" testListId="8c84fa94-04c1-424b-9868-57a2d4851a1d" />
    <TestEntry testId="54618795-0b49-cc31-65f0-11068addceea" executionId="6a7b2c45-528b-48de-a0ea-5352f72a195c" testListId="8c84fa94-04c1-424b-9868-57a2d4851a1d" />
    <TestEntry testId="c6e098df-93ea-edd9-9f8d-a8296c3d60ed" executionId="00951cca-62dd-4efd-8d0a-0ac21393f727" testListId="8c84fa94-04c1-424b-9868-57a2d4851a1d" />
    <TestEntry testId="9fa629a2-e4bd-6a24-d824-4e64356e274f" executionId="fccddc2f-0d0a-453a-b0cc-f7845422d05f" testListId="8c84fa94-04c1-424b-9868-57a2d4851a1d" />
    <TestEntry testId="0049d7ff-34d0-b659-c849-7e7744f6d7ff" executionId="ebba45e7-b067-4d20-ba1e-bcd6317a7d8e" testListId="8c84fa94-04c1-424b-9868-57a2d4851a1d" />
    <TestEntry testId="f50ada7c-d947-8c69-ca9d-bb57a8cda16a" executionId="2e2d2be6-c3d4-472b-adf0-cee437ae30b6" testListId="8c84fa94-04c1-424b-9868-57a2d4851a1d" />
    <TestEntry testId="1e94fe66-ebdd-242f-d52f-6bae60dddc8c" executionId="4a13f739-2b68-4522-b2ba-43b5a7d7a02c" testListId="8c84fa94-04c1-424b-9868-57a2d4851a1d" />
    <TestEntry testId="5fd77bc3-628f-79b5-9bc7-14dea7ab0867" executionId="565d0c64-cf47-4ab8-8969-56bb1b8c360d" testListId="8c84fa94-04c1-424b-9868-57a2d4851a1d" />
    <TestEntry testId="b583fd3b-a208-f88c-adeb-f397f1f95808" executionId="62bc1aa2-d15d-4624-8197-33e111f0ed53" testListId="8c84fa94-04c1-424b-9868-57a2d4851a1d" />
    <TestEntry testId="df3f8216-c259-3e39-24bc-16b94a530f01" executionId="253f856e-7d9b-4116-b616-bb48f7919182" testListId="8c84fa94-04c1-424b-9868-57a2d4851a1d" />
    <TestEntry testId="84cdc42c-8723-3f7f-aeea-e185addc7b1d" executionId="01f6ef12-69bc-4d12-bc60-62baffa25c49" testListId="8c84fa94-04c1-424b-9868-57a2d4851a1d" />
    <TestEntry testId="81839942-eab6-dd11-a06f-a19981ad17ba" executionId="9faf1a8e-06a9-492d-8eaa-e7f1187ed64d" testListId="8c84fa94-04c1-424b-9868-57a2d4851a1d" />
    <TestEntry testId="60b9be0e-76ba-0ec0-0f7c-3f59c1ff8d12" executionId="2c2a5171-fbbc-4f10-bb48-2a5a6ce1ebf1" testListId="8c84fa94-04c1-424b-9868-57a2d4851a1d" />
    <TestEntry testId="52d5db23-51cb-3736-9800-a010b174438e" executionId="c44758f8-4564-4911-af15-e2e86f7e72ca" testListId="8c84fa94-04c1-424b-9868-57a2d4851a1d" />
    <TestEntry testId="cd84e885-1918-e01a-687a-a984ec9c18f5" executionId="e3e2d22b-ec51-4494-9ba5-5149e0a43636" testListId="8c84fa94-04c1-424b-9868-57a2d4851a1d" />
    <TestEntry testId="cbb16c95-d728-15c5-f7f7-7aec1e98ffde" executionId="69084831-c62a-4cbe-b6df-0b90c72e88a8" testListId="8c84fa94-04c1-424b-9868-57a2d4851a1d" />
    <TestEntry testId="01b97152-1f28-3a19-acee-e24e8fccadd4" executionId="595236db-cd41-43c7-972c-a29604886152" testListId="8c84fa94-04c1-424b-9868-57a2d4851a1d" />
    <TestEntry testId="526844e8-d693-bdcc-23f1-06de8a485eea" executionId="adde862e-3e5b-457f-ada0-35e605d407e6" testListId="8c84fa94-04c1-424b-9868-57a2d4851a1d" />
    <TestEntry testId="3147bc1a-6400-429f-1c8f-cd7dc6defaa1" executionId="ad013ee4-2cf6-489b-bffe-be2da1edbe49" testListId="8c84fa94-04c1-424b-9868-57a2d4851a1d" />
    <TestEntry testId="49457dc4-3aa6-62c6-38a6-fe0fa14f8508" executionId="663f10f2-311a-4509-9db7-0b60b132a656" testListId="8c84fa94-04c1-424b-9868-57a2d4851a1d" />
    <TestEntry testId="9f2f58ff-e9c2-3880-dcf4-b319d054c9c6" executionId="d3d52308-2e3c-4e16-bb63-fd1019147d57" testListId="8c84fa94-04c1-424b-9868-57a2d4851a1d" />
    <TestEntry testId="96b04f8c-f777-c014-a499-dfe98011948d" executionId="9de2efc5-16fb-465c-a1a6-0964e7a079af" testListId="8c84fa94-04c1-424b-9868-57a2d4851a1d" />
    <TestEntry testId="221c6f5c-67df-3e64-4570-740aa30cf80e" executionId="eb0306be-6e54-4728-93ed-dcec9af72cd3" testListId="8c84fa94-04c1-424b-9868-57a2d4851a1d" />
    <TestEntry testId="dbbcef65-1aa6-a5c1-32ef-04150022dcf1" executionId="38753150-0500-4652-adde-a06a0360dfb3" testListId="8c84fa94-04c1-424b-9868-57a2d4851a1d" />
    <TestEntry testId="23832ca3-0067-c599-3202-0d4d2bcc2035" executionId="0b6aad44-8023-4d19-b535-3f181dcef2ce" testListId="8c84fa94-04c1-424b-9868-57a2d4851a1d" />
    <TestEntry testId="8f753e63-32d9-0333-cd9b-b93644536674" executionId="dc69fd56-c784-48cc-b282-5416c0a9b971" testListId="8c84fa94-04c1-424b-9868-57a2d4851a1d" />
    <TestEntry testId="1b422f57-785f-39b3-2e48-19335b37060e" executionId="3624eaf2-65d0-4493-9336-108dbee604da" testListId="8c84fa94-04c1-424b-9868-57a2d4851a1d" />
    <TestEntry testId="0d4811ec-9931-fb19-edc0-7bcc796825fb" executionId="6bc79ec7-2cc5-47a6-a62c-46ded95b214e" testListId="8c84fa94-04c1-424b-9868-57a2d4851a1d" />
    <TestEntry testId="b09a1385-ea97-6649-75a7-4f5d4ef865f4" executionId="bb7d5a84-4608-434e-8044-34a0f3e29ecc" testListId="8c84fa94-04c1-424b-9868-57a2d4851a1d" />
    <TestEntry testId="eee00570-2c88-ed70-4bff-bb8eb4983fd1" executionId="0f2f83ed-b493-4cea-954d-12961cbe7f4c" testListId="8c84fa94-04c1-424b-9868-57a2d4851a1d" />
    <TestEntry testId="d710cb6b-c383-23e9-04a7-380523480bf6" executionId="e943500d-19ca-4d97-816c-970a148f4a48" testListId="8c84fa94-04c1-424b-9868-57a2d4851a1d" />
    <TestEntry testId="62ccc5b1-eb5f-4644-e919-a3a7e7740785" executionId="246b35bf-af72-4e5e-b67c-464f459b22fb" testListId="8c84fa94-04c1-424b-9868-57a2d4851a1d" />
    <TestEntry testId="4a5dc23b-ffe3-e948-472d-9d60d6e22bd4" executionId="93413d2a-d367-4e96-84a4-26eb6f575af8" testListId="8c84fa94-04c1-424b-9868-57a2d4851a1d" />
    <TestEntry testId="015cbbb2-3ae8-0f0d-d16b-d3a0e1ee3da3" executionId="02d6f1c3-60c4-4154-b7ef-606edff08c6a" testListId="8c84fa94-04c1-424b-9868-57a2d4851a1d" />
    <TestEntry testId="9bd8fc1b-1a96-e8b5-9458-0cf7f053c050" executionId="1ee4809b-5181-4fb1-a51e-9c83072a34c2" testListId="8c84fa94-04c1-424b-9868-57a2d4851a1d" />
    <TestEntry testId="9deaeb24-21b9-9f12-691a-fda61c229e90" executionId="d4539006-8c1c-4934-bbfc-4c139204449a" testListId="8c84fa94-04c1-424b-9868-57a2d4851a1d" />
    <TestEntry testId="94e0ce4f-cd23-de5e-8ee5-c8db45188d88" executionId="00e719ca-1041-4863-acb2-7b665d12b83e" testListId="8c84fa94-04c1-424b-9868-57a2d4851a1d" />
    <TestEntry testId="b520e9be-bd72-d8ea-61ca-a3966da610ee" executionId="ac996e90-b096-4b55-9fe7-05c900354dbd" testListId="8c84fa94-04c1-424b-9868-57a2d4851a1d" />
    <TestEntry testId="858fcac7-e389-8062-ee0a-81085946f8a2" executionId="0c95c4f6-fb8b-425f-9c8c-1170aabcfaaf" testListId="8c84fa94-04c1-424b-9868-57a2d4851a1d" />
    <TestEntry testId="0c9a7b17-025a-1c6f-0a94-cc61778b84eb" executionId="0eccf369-bbcd-4986-b72e-2eb259dac22a" testListId="8c84fa94-04c1-424b-9868-57a2d4851a1d" />
    <TestEntry testId="5a499a63-0d2f-5e8b-f84d-d4c0ec13dea2" executionId="feca656b-5e00-4c98-a08e-c80ad11afe9d" testListId="8c84fa94-04c1-424b-9868-57a2d4851a1d" />
    <TestEntry testId="dd6a6056-335a-e790-dd5c-836d1beab39a" executionId="df552d2b-49b4-4c9e-b886-38a027f7c92c" testListId="8c84fa94-04c1-424b-9868-57a2d4851a1d" />
    <TestEntry testId="cad8e770-6b34-3ed1-d5b9-aff90025f291" executionId="c7240a01-9bea-4693-9b21-05873b1484f9" testListId="8c84fa94-04c1-424b-9868-57a2d4851a1d" />
    <TestEntry testId="a316d943-455b-a96d-fb1b-0c24977fe437" executionId="e3d4f2cb-cc5c-4755-8950-f4494bb07b14" testListId="8c84fa94-04c1-424b-9868-57a2d4851a1d" />
    <TestEntry testId="6da29afb-8acf-3f8d-692b-690d3f268744" executionId="19596cff-e8ae-46ce-ba20-bc7241094254" testListId="8c84fa94-04c1-424b-9868-57a2d4851a1d" />
    <TestEntry testId="0ba8e521-cdf8-1d32-c711-88b35489e15b" executionId="ff1015eb-a671-47e1-8bb2-5369ed242ce7" testListId="8c84fa94-04c1-424b-9868-57a2d4851a1d" />
    <TestEntry testId="027cffda-5eae-8a36-c1cb-ccd49ea8a655" executionId="ac5811df-9e7a-4367-80bd-8bfc78c1db0a" testListId="8c84fa94-04c1-424b-9868-57a2d4851a1d" />
    <TestEntry testId="3a384c62-a21e-fecb-daa1-7890a574eea7" executionId="70e11a5b-7b79-4942-8516-53fa2fa4a839" testListId="8c84fa94-04c1-424b-9868-57a2d4851a1d" />
    <TestEntry testId="eccebb4b-dd86-ffbc-9874-555886a9ecd8" executionId="fd1712ec-1f02-42a7-9885-59c04fda2fa4" testListId="8c84fa94-04c1-424b-9868-57a2d4851a1d" />
    <TestEntry testId="98f27d45-2a93-357a-deeb-cbe956e4dc11" executionId="e9898999-d2f6-46f0-90e5-9a445d519bee" testListId="8c84fa94-04c1-424b-9868-57a2d4851a1d" />
    <TestEntry testId="68273da4-d8f3-7604-23b1-9e7df4a52b5c" executionId="9382acc3-72e6-4029-869d-f30cf70893fd" testListId="8c84fa94-04c1-424b-9868-57a2d4851a1d" />
    <TestEntry testId="b78c4a54-8a8a-cc80-cfbb-7be5b5023229" executionId="a34ad119-a597-48fe-bdf7-307a6dc3396c" testListId="8c84fa94-04c1-424b-9868-57a2d4851a1d" />
    <TestEntry testId="7303b39e-095c-d519-9482-2df53e696cb0" executionId="ee7cecfb-c128-4d8d-ad52-172613680b12" testListId="8c84fa94-04c1-424b-9868-57a2d4851a1d" />
    <TestEntry testId="77b1b206-b293-8add-d0dd-e8f3149cd45e" executionId="fe982e12-b16e-4809-83da-2f7596b11a97" testListId="8c84fa94-04c1-424b-9868-57a2d4851a1d" />
    <TestEntry testId="94358fa8-5ab7-9379-cdbb-784e07581698" executionId="88c34ca3-f4d0-4299-83d4-ee6ddadd9313" testListId="8c84fa94-04c1-424b-9868-57a2d4851a1d" />
    <TestEntry testId="27f45b32-e46d-1c8f-ae71-a8a2f0519cb3" executionId="652fd547-7674-48ec-8a6d-6100c0650017" testListId="8c84fa94-04c1-424b-9868-57a2d4851a1d" />
    <TestEntry testId="a5f3c4e3-2515-5b34-ca88-e1bb40637adf" executionId="fb14b823-a23a-46a6-ac0c-c0f74ff50ca7" testListId="8c84fa94-04c1-424b-9868-57a2d4851a1d" />
    <TestEntry testId="0d43d95c-82c9-c386-cdd6-8d869ea0afd9" executionId="35e5142c-fcbd-49aa-aeef-09150361790f" testListId="8c84fa94-04c1-424b-9868-57a2d4851a1d" />
    <TestEntry testId="e5776fdb-2ce3-71cf-fd30-74705513040a" executionId="a7a4daf6-b6c0-4ea1-8755-fa27abb05ef3" testListId="8c84fa94-04c1-424b-9868-57a2d4851a1d" />
    <TestEntry testId="dc096e9d-933e-6e98-213b-490659477502" executionId="605dd66f-e36a-4f5c-b19b-b2056bcc17af" testListId="8c84fa94-04c1-424b-9868-57a2d4851a1d" />
    <TestEntry testId="98f162c3-7789-0517-6acc-2e2623f261ea" executionId="0ffe882f-c7c4-4d9a-b3ce-968e6f254321" testListId="8c84fa94-04c1-424b-9868-57a2d4851a1d" />
    <TestEntry testId="d48c488e-fbbb-1e36-d1b4-d630148880b0" executionId="be582da7-626a-4d79-936f-bf9f488d4f50" testListId="8c84fa94-04c1-424b-9868-57a2d4851a1d" />
    <TestEntry testId="e1f594ff-5c37-d66b-07f6-82e1c4cb1481" executionId="c6ab0986-3ad6-41d9-b712-73b01dcf63a8" testListId="8c84fa94-04c1-424b-9868-57a2d4851a1d" />
    <TestEntry testId="18372786-9c22-e3d6-04ef-6b4e808d181a" executionId="3ab8777d-5094-4243-9ec8-a790072cda3d" testListId="8c84fa94-04c1-424b-9868-57a2d4851a1d" />
    <TestEntry testId="8427d757-e615-3911-b8e1-c6a9d939c66c" executionId="9e4446fb-6ff6-4427-a9a7-f75890b5d7dd" testListId="8c84fa94-04c1-424b-9868-57a2d4851a1d" />
    <TestEntry testId="84f93f59-fd44-afa7-32df-18fcfc62c68f" executionId="02e473cf-668c-4aba-968f-7846965b391b" testListId="8c84fa94-04c1-424b-9868-57a2d4851a1d" />
    <TestEntry testId="58baf932-aaa1-22e9-3f8a-ec584346b657" executionId="ad1d8a1a-07d5-467c-9816-a34485a01c58" testListId="8c84fa94-04c1-424b-9868-57a2d4851a1d" />
    <TestEntry testId="863152b5-1e2c-356b-c14c-cd62911ba167" executionId="8ec03510-4795-423e-849c-561c0e339f15" testListId="8c84fa94-04c1-424b-9868-57a2d4851a1d" />
    <TestEntry testId="4b94700f-6e5c-855d-b131-f805331c5a39" executionId="388c7641-fb80-4316-a856-e8ac3a556977" testListId="8c84fa94-04c1-424b-9868-57a2d4851a1d" />
    <TestEntry testId="876c309e-bcb3-56f1-e371-740d48449c19" executionId="3c2ed14c-2ac2-4566-bb21-e01a4b9ef889" testListId="8c84fa94-04c1-424b-9868-57a2d4851a1d" />
    <TestEntry testId="dcedc9aa-0a2b-4f0d-afad-d14fe62fdbd7" executionId="2595a00a-e048-4e3b-b0a4-78f1d042b325" testListId="8c84fa94-04c1-424b-9868-57a2d4851a1d" />
    <TestEntry testId="6800db71-c8bd-80f4-55c4-def277b5aa8f" executionId="985f5afe-5d39-463d-8042-94f69013bf99" testListId="8c84fa94-04c1-424b-9868-57a2d4851a1d" />
    <TestEntry testId="736d5841-1c67-3c66-a8df-caf0433686aa" executionId="9e5e3a9f-2246-45c2-9f18-435641094a13" testListId="8c84fa94-04c1-424b-9868-57a2d4851a1d" />
    <TestEntry testId="7d70a72d-3886-6952-72a5-a740f2010644" executionId="a5c9ba86-a5dd-4c77-8e76-36b104f7df0b" testListId="8c84fa94-04c1-424b-9868-57a2d4851a1d" />
    <TestEntry testId="a5317ab4-d180-d0ab-5f5b-a18f8fb41f6e" executionId="578699db-9326-47b6-a389-1ab5a9d2b86d" testListId="8c84fa94-04c1-424b-9868-57a2d4851a1d" />
    <TestEntry testId="75d313b7-2668-4983-0b95-cd2be76f4cd0" executionId="f066626a-14f7-4fb3-ae2f-5c2d8ba185a3" testListId="8c84fa94-04c1-424b-9868-57a2d4851a1d" />
    <TestEntry testId="cb536c37-af93-5a21-739a-c12d45516012" executionId="54bb5d2d-c562-4b75-953a-df1f7fa6b732" testListId="8c84fa94-04c1-424b-9868-57a2d4851a1d" />
    <TestEntry testId="6ebc1c3a-7886-6ea1-878f-b64af57e9527" executionId="3c9bd42c-2502-4eab-9e1a-187126afc78f" testListId="8c84fa94-04c1-424b-9868-57a2d4851a1d" />
    <TestEntry testId="4e7c1dac-cca0-02a1-db28-32ba9bd6a0cf" executionId="3949848c-b629-4600-a591-b48c68b4ca47" testListId="8c84fa94-04c1-424b-9868-57a2d4851a1d" />
    <TestEntry testId="c5a3b45d-5e96-20b3-b548-6f1303bc7108" executionId="ccd78516-ea78-435e-9303-fb9f536425f7" testListId="8c84fa94-04c1-424b-9868-57a2d4851a1d" />
    <TestEntry testId="6005aa8f-bfed-16e6-eb0c-0e72997b485a" executionId="72e58549-8a4b-4ed9-b0f3-0f3e22cdbcb2" testListId="8c84fa94-04c1-424b-9868-57a2d4851a1d" />
    <TestEntry testId="97763cfc-7d38-77f7-1969-32e195ae413f" executionId="e9848d43-b28d-4057-a696-e5074ccf6963" testListId="8c84fa94-04c1-424b-9868-57a2d4851a1d" />
    <TestEntry testId="44e92960-87da-bcfa-c839-b0dd09a9d8ba" executionId="f5c70d21-353a-4d00-9456-071dadfa8c2a" testListId="8c84fa94-04c1-424b-9868-57a2d4851a1d" />
    <TestEntry testId="cdf55ccf-9363-1335-a916-7ffe8ada8675" executionId="23b866d9-00d8-4012-9d42-8a803829d6cd" testListId="8c84fa94-04c1-424b-9868-57a2d4851a1d" />
    <TestEntry testId="d5b52bb5-55cf-dc85-f26b-7b0562d6b30f" executionId="46e6ddb6-0d8f-4867-a38c-da159afa23d7" testListId="8c84fa94-04c1-424b-9868-57a2d4851a1d" />
    <TestEntry testId="c0728f95-ecc1-be8f-b46d-a960462fa608" executionId="a54f507f-e6d8-4b0a-9491-d324ff34f567" testListId="8c84fa94-04c1-424b-9868-57a2d4851a1d" />
    <TestEntry testId="945b4c83-9f91-b5d9-8e70-c736523c2f6f" executionId="813e7f14-872f-4ea1-9e4c-5369214c30b5" testListId="8c84fa94-04c1-424b-9868-57a2d4851a1d" />
    <TestEntry testId="035a2e7c-4006-749c-7663-f769d610c2cb" executionId="1ca7d2f7-8ad9-48bc-8b16-09c906c8e2a4" testListId="8c84fa94-04c1-424b-9868-57a2d4851a1d" />
    <TestEntry testId="c3caedc7-efe3-78cd-a186-06b5b57b0f65" executionId="f3b632be-3f27-4e48-80a2-30b8fba5a805" testListId="8c84fa94-04c1-424b-9868-57a2d4851a1d" />
    <TestEntry testId="4aba77ec-b883-b9a3-2441-be573e48795b" executionId="67d67ddd-78fa-449d-be40-831decf454a4" testListId="8c84fa94-04c1-424b-9868-57a2d4851a1d" />
    <TestEntry testId="b504ac94-d24b-65b3-ca37-c7d43c96a4da" executionId="bec50155-cecb-4701-b3f4-2964067d97d4" testListId="8c84fa94-04c1-424b-9868-57a2d4851a1d" />
    <TestEntry testId="691eb3a3-a73e-41ff-6b2b-39e88e7d8bd1" executionId="b2228587-68f3-4dd9-8d7c-4236b6c738de" testListId="8c84fa94-04c1-424b-9868-57a2d4851a1d" />
    <TestEntry testId="f6cae615-2487-dbea-6964-0ccca1418db3" executionId="447ed891-374f-4238-b108-98358f012aca" testListId="8c84fa94-04c1-424b-9868-57a2d4851a1d" />
    <TestEntry testId="ec512750-1b3e-ee37-48da-474be022f3c4" executionId="82f448f8-4f6c-449d-955d-d05226bbf5dc" testListId="8c84fa94-04c1-424b-9868-57a2d4851a1d" />
    <TestEntry testId="0181f0b9-73fd-f503-b29b-b3c042d24b5b" executionId="95c936e0-091d-40de-afe6-5088ca2a94db" testListId="8c84fa94-04c1-424b-9868-57a2d4851a1d" />
    <TestEntry testId="a727049e-baa7-2030-caa3-50ce4db896ae" executionId="36e6ded1-413f-4243-83ec-2b49f956a4d3" testListId="8c84fa94-04c1-424b-9868-57a2d4851a1d" />
    <TestEntry testId="8208e4be-3fed-2de3-3add-7c787e622e9d" executionId="edc38e5b-fde1-4858-948c-821df6986647" testListId="8c84fa94-04c1-424b-9868-57a2d4851a1d" />
    <TestEntry testId="bcd71d5d-281d-5d3b-7426-e01e3ca8b29e" executionId="47fba71b-f465-47a8-b41b-ea78dd4cf89a" testListId="8c84fa94-04c1-424b-9868-57a2d4851a1d" />
    <TestEntry testId="a8a50f03-3329-f171-e632-4989e995a587" executionId="0fcc389c-666d-4a36-b91a-9a2f3e4c8297" testListId="8c84fa94-04c1-424b-9868-57a2d4851a1d" />
    <TestEntry testId="a1232aab-9143-95b0-ed05-58af3d018f0d" executionId="f6435f8d-c200-4842-a2c3-fc42fcc49dfe" testListId="8c84fa94-04c1-424b-9868-57a2d4851a1d" />
    <TestEntry testId="3346e13c-f7e8-cb19-f9f1-938fc47b8c60" executionId="1cbbc5ea-04cd-43e4-b3da-5c95aab11396" testListId="8c84fa94-04c1-424b-9868-57a2d4851a1d" />
    <TestEntry testId="aa1fb81d-7b98-7b44-90a1-fd0ecea840da" executionId="215fc40b-59c2-431c-a1b5-64c30e4cd354" testListId="8c84fa94-04c1-424b-9868-57a2d4851a1d" />
    <TestEntry testId="edbdb0fc-44d8-43ee-8589-e03588652149" executionId="b9cdba0f-2df9-4fa2-8f6d-3d650309754d" testListId="8c84fa94-04c1-424b-9868-57a2d4851a1d" />
    <TestEntry testId="f8edaabc-4dde-c771-27c5-00bf75b12606" executionId="783a0da1-c10f-4ebd-8538-07ffab42c0fb" testListId="8c84fa94-04c1-424b-9868-57a2d4851a1d" />
    <TestEntry testId="800f9645-615e-ad0a-a2cb-53e0d1e48385" executionId="1d26f2dc-d18a-4108-97ef-afb89278b651" testListId="8c84fa94-04c1-424b-9868-57a2d4851a1d" />
    <TestEntry testId="bf43b520-f013-6f88-54e2-4da33d00fc9f" executionId="05d42115-fa0d-4c5e-beec-724b8c90a920" testListId="8c84fa94-04c1-424b-9868-57a2d4851a1d" />
    <TestEntry testId="299b8bc8-9ed0-5ee6-8aa2-46e5da15a4a2" executionId="857f9aa6-f42f-4274-9c2d-29ddee77ca33" testListId="8c84fa94-04c1-424b-9868-57a2d4851a1d" />
    <TestEntry testId="814ca95b-3749-a755-e5cd-7c6f8bffd2b6" executionId="8c1653ea-09ff-413a-b841-7b39ce15f86b" testListId="8c84fa94-04c1-424b-9868-57a2d4851a1d" />
    <TestEntry testId="921d9e3c-ab04-b579-94ef-518b932d8d46" executionId="bcf5ac10-2882-4202-bc16-680cec97c84b" testListId="8c84fa94-04c1-424b-9868-57a2d4851a1d" />
    <TestEntry testId="77cba9e9-3a3f-2b38-cfa1-fd20ef6dec97" executionId="c57be25a-d166-411c-8f39-198ff73afdd5" testListId="8c84fa94-04c1-424b-9868-57a2d4851a1d" />
    <TestEntry testId="729824cb-41bb-e743-d160-027404f863b6" executionId="7a9fca62-08e1-408f-ba1b-1edde7ba71e4" testListId="8c84fa94-04c1-424b-9868-57a2d4851a1d" />
    <TestEntry testId="84f87709-ca75-b015-fe61-63a08c2421fb" executionId="a472e0f5-a12e-41b4-82c4-68a302e547be" testListId="8c84fa94-04c1-424b-9868-57a2d4851a1d" />
    <TestEntry testId="9121a1cd-2d02-27fe-e6a5-6751e2d93e61" executionId="32be1b8a-748e-4070-9bf8-7bf4c8cd9494" testListId="8c84fa94-04c1-424b-9868-57a2d4851a1d" />
    <TestEntry testId="eb5a9d83-2458-0842-7b16-6cd517958096" executionId="a11f47f4-096e-4900-a925-78cd083b8b23" testListId="8c84fa94-04c1-424b-9868-57a2d4851a1d" />
    <TestEntry testId="720fe66f-b8b5-d4e5-7a83-b546dcd33e63" executionId="4baff05f-2f53-4c9f-a334-34782281d11d" testListId="8c84fa94-04c1-424b-9868-57a2d4851a1d" />
    <TestEntry testId="317e86cb-de5d-7ed1-da85-650314a8d400" executionId="edc96316-641b-43d3-96dd-970131c19fd7" testListId="8c84fa94-04c1-424b-9868-57a2d4851a1d" />
    <TestEntry testId="1079a229-fd63-4e8b-6131-749f5fa842df" executionId="cabc36e4-62b3-4250-bb9e-8a74c689134d" testListId="8c84fa94-04c1-424b-9868-57a2d4851a1d" />
    <TestEntry testId="1cf78aaf-7e14-43de-6645-da2adf43991c" executionId="461c678d-a98f-42b5-b157-eb720bf6ff08" testListId="8c84fa94-04c1-424b-9868-57a2d4851a1d" />
    <TestEntry testId="76910e07-84c2-5cad-3bab-54e8df118d90" executionId="441f42fe-9005-49bd-8d2f-143ab2c8d4d1" testListId="8c84fa94-04c1-424b-9868-57a2d4851a1d" />
    <TestEntry testId="3a19b5c0-1365-ca23-ee7f-bd0c0b6da0fe" executionId="e31fa5a1-0694-4a99-9e9c-b1d06e3b88ee" testListId="8c84fa94-04c1-424b-9868-57a2d4851a1d" />
    <TestEntry testId="4b3691e7-07b6-0fb9-2d54-63140b399b3d" executionId="77d3ce57-e196-4cdc-bc32-6d878740bd5f" testListId="8c84fa94-04c1-424b-9868-57a2d4851a1d" />
    <TestEntry testId="626588a6-8954-1a80-be96-bc32494f9793" executionId="129d5e1e-7496-4abc-bb7a-a09f48f34b96" testListId="8c84fa94-04c1-424b-9868-57a2d4851a1d" />
    <TestEntry testId="1e845a4d-c6af-6717-84e9-62ec3d2affe9" executionId="7a42c4dc-a190-4d3b-ba56-beefe4ae3642" testListId="8c84fa94-04c1-424b-9868-57a2d4851a1d" />
    <TestEntry testId="29c77f9c-4048-1470-9159-cedbe420b5fd" executionId="8c809fb7-7bab-4d94-997d-20b9f5c0ee63" testListId="8c84fa94-04c1-424b-9868-57a2d4851a1d" />
    <TestEntry testId="234ad1b4-c3ca-386c-029e-422d8061eab6" executionId="c7994aa9-0b41-4d8c-a86d-2f7c3a728a32" testListId="8c84fa94-04c1-424b-9868-57a2d4851a1d" />
    <TestEntry testId="3073894f-f138-694b-5154-436b92ff7cb8" executionId="879e4690-c2a0-4b72-b0db-661b84b312fe" testListId="8c84fa94-04c1-424b-9868-57a2d4851a1d" />
    <TestEntry testId="048d6a52-6981-f00b-b420-3b6a2fb00ce8" executionId="54e88f51-46da-4cad-8b64-24ac508f73f5" testListId="8c84fa94-04c1-424b-9868-57a2d4851a1d" />
    <TestEntry testId="b7e67eb3-5e37-470d-ad59-462ac69a420c" executionId="51df5970-accf-41b2-935d-db22b5f93af5" testListId="8c84fa94-04c1-424b-9868-57a2d4851a1d" />
    <TestEntry testId="8db91f9d-1fce-7008-7fb4-f88012013950" executionId="fc7fa4f6-0c05-49e7-ad68-81698e3372db" testListId="8c84fa94-04c1-424b-9868-57a2d4851a1d" />
    <TestEntry testId="936773db-b795-e78b-bd48-047185555c32" executionId="5931a3f0-b385-44fc-9793-89e4e981c513" testListId="8c84fa94-04c1-424b-9868-57a2d4851a1d" />
    <TestEntry testId="50eff704-edc5-bb65-d2be-7ddc270e7a86" executionId="adb96f2e-6497-4082-aa49-d1fc09ed7f5d" testListId="8c84fa94-04c1-424b-9868-57a2d4851a1d" />
    <TestEntry testId="a68d8bd1-83c1-7dcf-88ae-373561151afd" executionId="880d72c6-9597-417f-ad39-3116fc5e8716" testListId="8c84fa94-04c1-424b-9868-57a2d4851a1d" />
    <TestEntry testId="3d5c9967-0460-2f6a-3450-76146b434884" executionId="75192c88-245d-4c8e-a7ad-8a937bae306c" testListId="8c84fa94-04c1-424b-9868-57a2d4851a1d" />
    <TestEntry testId="5725dc6b-38b3-44b7-6936-015732fd6b4c" executionId="a3b481bd-75a8-4ba4-8444-699446cca66c" testListId="8c84fa94-04c1-424b-9868-57a2d4851a1d" />
    <TestEntry testId="45576843-c696-061d-15e3-1a981d4c54b2" executionId="b15e96b7-b755-4783-abd4-cb16c5aa649d" testListId="8c84fa94-04c1-424b-9868-57a2d4851a1d" />
    <TestEntry testId="52708fc0-86f2-693c-d699-4f89eda92f77" executionId="c7249c97-f166-4eaf-bc94-06358c4279b9" testListId="8c84fa94-04c1-424b-9868-57a2d4851a1d" />
    <TestEntry testId="7540b45d-6ef8-10a5-03bf-82e202908376" executionId="2fb858f3-c8d7-4e1f-a479-b29d90c56463" testListId="8c84fa94-04c1-424b-9868-57a2d4851a1d" />
    <TestEntry testId="12b1647d-efe3-c366-079d-2236800d0935" executionId="bb8685dc-b2e0-4381-953b-5ad49a490772" testListId="8c84fa94-04c1-424b-9868-57a2d4851a1d" />
    <TestEntry testId="4b4d5e86-475e-c148-8766-115d68041442" executionId="bce31a8f-bd9e-4bb9-aee3-2524a66a0edb" testListId="8c84fa94-04c1-424b-9868-57a2d4851a1d" />
    <TestEntry testId="8f19814e-6231-9ee7-d114-fdf6c35f1f79" executionId="53fd2a27-ddd2-484e-b87a-15762aefcc47" testListId="8c84fa94-04c1-424b-9868-57a2d4851a1d" />
    <TestEntry testId="a2522359-b2a2-5229-47e0-a441d8ac2c1e" executionId="15d98332-5dbf-4944-904d-eab716a3c6bd" testListId="8c84fa94-04c1-424b-9868-57a2d4851a1d" />
    <TestEntry testId="c4b0d9bd-4b80-996e-41b7-0bd28fc67a52" executionId="882e6578-fd6b-4658-a70c-1558684e31ea" testListId="8c84fa94-04c1-424b-9868-57a2d4851a1d" />
    <TestEntry testId="aaab9dde-be84-0ade-c90f-e582e149ad8f" executionId="de9df2f0-f849-4aa0-9cba-0ccf9bcc8183" testListId="8c84fa94-04c1-424b-9868-57a2d4851a1d" />
    <TestEntry testId="f47f6c44-9fa8-d010-756e-7b3d112428c4" executionId="fbb4f25a-ac06-45c1-9441-348108aacd03" testListId="8c84fa94-04c1-424b-9868-57a2d4851a1d" />
    <TestEntry testId="9a20c48e-d269-b782-9e2c-26946688cee6" executionId="1adefe13-ef1c-4ccb-85aa-70d9de527348" testListId="8c84fa94-04c1-424b-9868-57a2d4851a1d" />
    <TestEntry testId="8bf4ac3f-d50d-8962-2b87-11176401d4e7" executionId="5773641e-f7a8-42b7-9297-7994e1743601" testListId="8c84fa94-04c1-424b-9868-57a2d4851a1d" />
    <TestEntry testId="efaca709-8a13-6b06-ae96-68d58720423e" executionId="a3ad6dc5-81c5-4209-b715-aaf7707d6fb7" testListId="8c84fa94-04c1-424b-9868-57a2d4851a1d" />
    <TestEntry testId="96d03a8b-2bb7-344f-928f-f0c6a7f00e22" executionId="3d6e3fcc-23d6-450b-8147-671c692cfaf8" testListId="8c84fa94-04c1-424b-9868-57a2d4851a1d" />
    <TestEntry testId="b8dcd7c2-d643-4004-06b6-71dd24bea1c1" executionId="db7cd1c5-dad6-422b-bcb6-df8fe0ef29f7" testListId="8c84fa94-04c1-424b-9868-57a2d4851a1d" />
    <TestEntry testId="80d36421-2cec-943f-7f34-60be14e9a632" executionId="2facb8ee-175c-4a03-9953-539b77c7f655" testListId="8c84fa94-04c1-424b-9868-57a2d4851a1d" />
    <TestEntry testId="72a98ab7-40b5-c78d-22d4-3cffe98aa29f" executionId="16d2f6f7-a548-450e-9f39-0f0f91230133" testListId="8c84fa94-04c1-424b-9868-57a2d4851a1d" />
    <TestEntry testId="17b36dbd-a0b1-7dd9-4d17-df2b3239cefc" executionId="04977bee-79aa-4824-9ec4-10cff2dae48b" testListId="8c84fa94-04c1-424b-9868-57a2d4851a1d" />
    <TestEntry testId="c5afb81b-9473-e705-4713-ff021498a318" executionId="b9fdd17f-5cb1-4d61-bf08-e0a77383bbdd" testListId="8c84fa94-04c1-424b-9868-57a2d4851a1d" />
    <TestEntry testId="f8f6e293-a84f-8369-75b0-8cd14fb32ce3" executionId="acb30f5f-e44e-44a6-a3c9-93093b066911" testListId="8c84fa94-04c1-424b-9868-57a2d4851a1d" />
    <TestEntry testId="9436abbf-5e35-6c76-dd3c-5e8e30ea43e2" executionId="d1c330d3-9807-4614-8216-5b45ed88c7ec" testListId="8c84fa94-04c1-424b-9868-57a2d4851a1d" />
    <TestEntry testId="a3a279c4-f3f7-95fe-94ce-1de6e3205e7e" executionId="f9d6f824-2ffc-483e-a9b7-fd60b78a3a80" testListId="8c84fa94-04c1-424b-9868-57a2d4851a1d" />
    <TestEntry testId="c0d12a95-e15f-6166-5a13-d922c014e85f" executionId="6e27701c-1eb3-41c6-8b13-d03f8152c4de" testListId="8c84fa94-04c1-424b-9868-57a2d4851a1d" />
    <TestEntry testId="92da1333-fabd-2900-5a70-ee9fd98edfc4" executionId="6f687271-36fe-48b6-a5b2-60dd4f3342df" testListId="8c84fa94-04c1-424b-9868-57a2d4851a1d" />
    <TestEntry testId="e2ce302e-d97a-5953-2969-daecd520b54e" executionId="121b6c02-a18e-44cc-b88e-0449abcc3ad6" testListId="8c84fa94-04c1-424b-9868-57a2d4851a1d" />
    <TestEntry testId="65b86002-200e-c55e-a53f-146aec337152" executionId="fa4ce8e8-b41f-4265-bdce-f7a4da74225f" testListId="8c84fa94-04c1-424b-9868-57a2d4851a1d" />
    <TestEntry testId="2c8890ce-c89d-6a9e-b8c6-3ef6c4bffec5" executionId="69bb5432-fb26-4e35-ad09-cbce84518123" testListId="8c84fa94-04c1-424b-9868-57a2d4851a1d" />
    <TestEntry testId="87d4d6f3-e417-2505-d5bd-2afd34871ea6" executionId="9d5a5536-6cbb-4258-a498-d5b01c0e6cda" testListId="8c84fa94-04c1-424b-9868-57a2d4851a1d" />
    <TestEntry testId="336b8482-3bf7-7f8c-61fa-1897c8b88bb6" executionId="1e9fbb9b-fbf4-40bc-8e79-dfb8406fb8c4" testListId="8c84fa94-04c1-424b-9868-57a2d4851a1d" />
    <TestEntry testId="cc482776-e68c-2c6f-b7ea-c8334df0cc99" executionId="cbb5ba3e-3a76-4c7f-b674-10a89b49ad0d" testListId="8c84fa94-04c1-424b-9868-57a2d4851a1d" />
    <TestEntry testId="28d25576-55a8-249b-51e4-77a3368a8672" executionId="863ebbf0-6505-4032-8862-fac939bc07a7" testListId="8c84fa94-04c1-424b-9868-57a2d4851a1d" />
    <TestEntry testId="e684ed15-3e02-0285-5052-2e5ac2fddade" executionId="f2aaef19-cb32-47f9-9deb-9d0e87a9fee1" testListId="8c84fa94-04c1-424b-9868-57a2d4851a1d" />
    <TestEntry testId="780b91d2-0044-d042-dc26-f60de2f5b427" executionId="6a4d000f-aa8d-4c88-ba9f-fb49491c2546" testListId="8c84fa94-04c1-424b-9868-57a2d4851a1d" />
    <TestEntry testId="6e9ddeeb-8237-28ab-191f-f32e87858c27" executionId="d02d5e79-9c2c-4429-bf8b-0a092f0fe4ec" testListId="8c84fa94-04c1-424b-9868-57a2d4851a1d" />
    <TestEntry testId="5e38d847-a6e1-c044-80d4-91e6d7b293f2" executionId="fe6366e0-40b1-40a0-b659-223182d63efb" testListId="8c84fa94-04c1-424b-9868-57a2d4851a1d" />
    <TestEntry testId="b87a1c99-d996-5e0b-a096-13dd2701c2c1" executionId="dc13e68c-88a2-4ff6-9b02-d5e5fc38ae57" testListId="8c84fa94-04c1-424b-9868-57a2d4851a1d" />
    <TestEntry testId="dacf30eb-2932-4de8-bb63-28183a1f0765" executionId="76d326c7-e06d-4a27-aefd-6572ab5cda33" testListId="8c84fa94-04c1-424b-9868-57a2d4851a1d" />
    <TestEntry testId="61db488c-fd57-8a4d-714e-e5d3bad8b45f" executionId="2b3efd73-4ced-458f-814d-5d1927080dd1" testListId="8c84fa94-04c1-424b-9868-57a2d4851a1d" />
    <TestEntry testId="c0bd9a37-5d67-88a0-bfcd-3be0c84b2355" executionId="33c9e7b5-f0b5-4880-ba6f-b0ae76bad349" testListId="8c84fa94-04c1-424b-9868-57a2d4851a1d" />
    <TestEntry testId="7ed10e38-acaf-fb97-a236-10882c020ef0" executionId="d92d1140-0292-4910-950d-adcc5a3fc1bd" testListId="8c84fa94-04c1-424b-9868-57a2d4851a1d" />
    <TestEntry testId="c8fac7fa-4b08-7ff4-1155-d669516586fe" executionId="1ed24610-29d2-4c18-b7f6-44ff54bd293b" testListId="8c84fa94-04c1-424b-9868-57a2d4851a1d" />
    <TestEntry testId="ff4c1a2e-8962-452c-b4bc-b163c724e109" executionId="94ed4447-e675-4bf7-9458-bef9eb9ae88b" testListId="8c84fa94-04c1-424b-9868-57a2d4851a1d" />
    <TestEntry testId="6235db2c-29a6-4a28-c065-7643ea0e2363" executionId="fa2ba0b0-9c79-403a-bcee-0004c8a86ef1" testListId="8c84fa94-04c1-424b-9868-57a2d4851a1d" />
    <TestEntry testId="87907f38-5e5a-055c-b4ad-972d80a0d676" executionId="c24f84fd-25a7-4a96-9e19-603c7dea4581" testListId="8c84fa94-04c1-424b-9868-57a2d4851a1d" />
    <TestEntry testId="b918b474-74ff-1345-54cb-cdaf09a7e1fc" executionId="e01e7401-10fc-47b8-a18d-7bcf6d0ef60d" testListId="8c84fa94-04c1-424b-9868-57a2d4851a1d" />
    <TestEntry testId="0b44e872-d464-60e7-3348-83243bc0d155" executionId="ee0b7f6e-81dd-4a9a-86fe-67aafe579a61" testListId="8c84fa94-04c1-424b-9868-57a2d4851a1d" />
    <TestEntry testId="8ff6a0dd-30dd-b7ad-a8c3-0633bc0cf3f8" executionId="9f496763-5a25-41f2-ac9d-a27b3758f3fd" testListId="8c84fa94-04c1-424b-9868-57a2d4851a1d" />
    <TestEntry testId="cc5bf0e8-1cf1-748c-6f30-7b7cfd04c1dc" executionId="a00180d4-2e8c-45b3-bcaa-55787c074c90" testListId="8c84fa94-04c1-424b-9868-57a2d4851a1d" />
    <TestEntry testId="2f768a08-79d1-a2fa-f632-631b61e890cb" executionId="081727b3-c6a9-49f5-a21e-0d7b7c1d0cdd" testListId="8c84fa94-04c1-424b-9868-57a2d4851a1d" />
    <TestEntry testId="14ff6e15-92ef-6cb2-b0ea-d4519c199b41" executionId="69aa2020-f4eb-41f8-9f1a-8ee11de7822c" testListId="8c84fa94-04c1-424b-9868-57a2d4851a1d" />
    <TestEntry testId="40975595-da4a-f761-4446-28adcce54b50" executionId="9283b165-7c41-49ce-81f0-9230559965bf" testListId="8c84fa94-04c1-424b-9868-57a2d4851a1d" />
    <TestEntry testId="fc5fd650-f337-b166-89da-483c36c8a94d" executionId="0213a97b-966c-42fc-b887-0c56159d595a" testListId="8c84fa94-04c1-424b-9868-57a2d4851a1d" />
    <TestEntry testId="ed1eba09-8472-7b1b-0969-bd05029178c2" executionId="21ce29b0-d3d3-4fef-a802-d0b1af834182" testListId="8c84fa94-04c1-424b-9868-57a2d4851a1d" />
    <TestEntry testId="c2dd673d-ca57-2691-c104-7023a833ff11" executionId="abe48159-1e5e-4e18-b859-887edcb52df7" testListId="8c84fa94-04c1-424b-9868-57a2d4851a1d" />
    <TestEntry testId="fca611f3-84ae-9eb6-8d99-31763ce69bf9" executionId="e348dc0b-d678-47fd-a8ff-62037cff3710" testListId="8c84fa94-04c1-424b-9868-57a2d4851a1d" />
    <TestEntry testId="d5380333-0029-a673-b16f-5047c88c70d6" executionId="30733ed9-a6dd-4e68-acbf-d981a881fc08" testListId="8c84fa94-04c1-424b-9868-57a2d4851a1d" />
    <TestEntry testId="e288d304-5f35-f382-d06b-9b0ed9edf0e1" executionId="7fa26aeb-ac56-45fc-8a51-cfbf0133c62d" testListId="8c84fa94-04c1-424b-9868-57a2d4851a1d" />
    <TestEntry testId="07ec7b90-4f80-77d6-d19d-abca75ed0c64" executionId="a8ec0272-be95-44ed-b519-599bd79139c5" testListId="8c84fa94-04c1-424b-9868-57a2d4851a1d" />
    <TestEntry testId="f8d3c854-1d0a-1d27-f1f9-7cfc35295620" executionId="7db98756-7274-4360-bd67-732f56fa7b6d" testListId="8c84fa94-04c1-424b-9868-57a2d4851a1d" />
    <TestEntry testId="bab1654e-c8b6-f4c1-eb14-25680f0e8712" executionId="f4abd4c2-86ad-4bba-8b70-837c1c497b9c" testListId="8c84fa94-04c1-424b-9868-57a2d4851a1d" />
    <TestEntry testId="f27b2734-7e6c-c464-7643-e40625bfd46a" executionId="edea9222-76a9-423f-aca4-4a13de495013" testListId="8c84fa94-04c1-424b-9868-57a2d4851a1d" />
    <TestEntry testId="647cadee-21ed-ea7f-d1b6-56ee51403b46" executionId="72b2ced2-a208-45df-8635-b0aaa2711892" testListId="8c84fa94-04c1-424b-9868-57a2d4851a1d" />
    <TestEntry testId="e833bb24-3fa7-84ca-0015-97d61c5799eb" executionId="6d25a5cd-e7d4-4fe9-80d9-314ddcf74331" testListId="8c84fa94-04c1-424b-9868-57a2d4851a1d" />
    <TestEntry testId="a994a568-3e00-625c-a6cf-5145a11d5bf6" executionId="de43b5d6-2db6-4516-9225-02a5f2b659ae" testListId="8c84fa94-04c1-424b-9868-57a2d4851a1d" />
    <TestEntry testId="84a40563-ae3e-05c4-e02d-b8d79f27ea48" executionId="b5438556-6c7a-4780-b14c-6dcb14734b5a" testListId="8c84fa94-04c1-424b-9868-57a2d4851a1d" />
    <TestEntry testId="5d25dc9f-b119-d464-f93e-42b850f6a1ac" executionId="46ed39ff-8b76-463f-94c9-ce7aae851000" testListId="8c84fa94-04c1-424b-9868-57a2d4851a1d" />
    <TestEntry testId="227dc5e8-fd61-64c5-c58b-a4363d10733d" executionId="79b5b3e5-c6c7-434f-b3fe-b39eb78ea71a" testListId="8c84fa94-04c1-424b-9868-57a2d4851a1d" />
    <TestEntry testId="adae62f9-2b72-4530-ee33-22d9b99a1467" executionId="19b9ab83-b1c8-4933-aa0d-f898507ec69d" testListId="8c84fa94-04c1-424b-9868-57a2d4851a1d" />
    <TestEntry testId="3ce53063-c90f-436d-4a7d-2e3b5be274ef" executionId="cd5c651a-839c-4b97-b450-ec7adb6ab2b9" testListId="8c84fa94-04c1-424b-9868-57a2d4851a1d" />
    <TestEntry testId="4538bbe9-6c80-e720-7ee4-7c47011c9f08" executionId="77012700-3fb5-4dff-b669-a29f90f93631" testListId="8c84fa94-04c1-424b-9868-57a2d4851a1d" />
  </TestEntries>
  <TestLists>
    <TestList name="Results Not in a List" id="8c84fa94-04c1-424b-9868-57a2d4851a1d" />
    <TestList name="All Loaded Results" id="19431567-8539-422a-85d7-44ee4e166bda" />
  </TestLists>
  <ResultSummary outcome="Completed">
    <Counters total="2182" executed="2179" passed="2179" failed="0" error="0" timeout="0" aborted="0" inconclusive="0" passedButRunAborted="0" notRunnable="0" notExecuted="0" disconnected="0" warning="0" completed="0" inProgress="0" pending="0" />
    <Output>
      <StdOut>Test 'SearchResultDetailsView_MouseDoubleClick_AnimationDisabled_DetailsViewRemovedFromDetailsViewControl' was skipped in the test run.&#xD;
Test 'SearchResultDetailsView_EscapeKey_AnimationDisabled_DetailsViewRemovedFromDetailsViewControl' was skipped in the test run.&#xD;
Test 'VideoResultSearchResult_ShouldOnlyHavePropertiesFromSecondContext_WhenSetTwiceWithoutThrowingOnTokenCancellation' was skipped in the test run.&#xD;
</StdOut>
    </Output>
  </ResultSummary>
</TestRun>