<?xml version="1.0" encoding="utf-8"?>
<TestRun id="9ff68534-bf45-49a7-9c9c-c89f276efeaa" name="DKSR-EFI-04$@DKSR-EFI-04 2023-12-22 09:33:26" runUser="NT AUTHORITY\NETWORK SERVICE" xmlns="http://microsoft.com/schemas/VisualStudio/TeamTest/2010">
  <Times creation="2023-12-22T09:33:26.9437240+01:00" queuing="2023-12-22T09:33:26.9437240+01:00" start="2023-12-22T09:33:26.3655932+01:00" finish="2023-12-22T09:33:26.9437240+01:00" />
  <TestSettings name="default" id="ab053ac6-67a3-466d-afe5-7ec98854772e">
    <Deployment runDeploymentRoot="DKSR-EFI-04$_DKSR-EFI-04_2023-12-22_09_33_26" />
  </TestSettings>
  <TestLists>
    <TestList name="Results Not in a List" id="8c84fa94-04c1-424b-9868-57a2d4851a1d" />
    <TestList name="All Loaded Results" id="19431567-8539-422a-85d7-44ee4e166bda" />
  </TestLists>
  <ResultSummary outcome="Completed">
    <Counters total="0" executed="0" passed="0" failed="0" error="0" timeout="0" aborted="0" inconclusive="0" passedButRunAborted="0" notRunnable="0" notExecuted="0" disconnected="0" warning="0" completed="0" inProgress="0" pending="0" />
    <RunInfos>
      <RunInfo computerName="DKSR-EFI-04" outcome="Warning" timestamp="2023-12-22T09:33:26.9124716+01:00">
        <Text>No test is available in D:\actions-runner\_work\XPCO\XPCO\AllSolutions\..\Corporate\VideoOS.Server.AviGen.UnitTests\bin\x64\Debug\VideoOS.Server.AviGen.UnitTests.dll. Make sure that test discoverer &amp; executors are registered and platform &amp; framework version settings are appropriate and try again.</Text>
      </RunInfo>
    </RunInfos>
  </ResultSummary>
</TestRun>