<?xml version="1.0" encoding="utf-8"?>
<TestRun id="4cded0a7-3bef-4ca3-954d-ad1e77c89792" name="DKSR-EFI-04$@DKSR-EFI-04 2023-12-22 09:34:16" runUser="NT AUTHORITY\NETWORK SERVICE" xmlns="http://microsoft.com/schemas/VisualStudio/TeamTest/2010">
  <Times creation="2023-12-22T09:34:16.3033393+01:00" queuing="2023-12-22T09:34:16.3033393+01:00" start="2023-12-22T09:34:14.4908326+01:00" finish="2023-12-22T09:34:16.5845916+01:00" />
  <TestSettings name="default" id="bef82d46-83c7-4da3-8280-56b8d0054d07">
    <Deployment runDeploymentRoot="DKSR-EFI-04$_DKSR-EFI-04_2023-12-22_09_34_16" />
  </TestSettings>
  <Results>
    <UnitTestResult executionId="766c8aae-b7da-43ec-893b-9cd8b626e789" testId="bc8b7eb8-9fea-4cac-0c28-2f33e012e383" testName="AlarmActionMapChange_LoadsAndSavesCorrectXml (&lt;mapChange&gt;&lt;serverId&gt;048a0e55-56c8-4b69-8a93-22f661733e60&lt;/serverId&gt;&lt;mapId&gt;daa2165b-c545-406f-b4c3-1833d4e62923&lt;/mapId&gt;&lt;mapName&gt;708FD409-C062-4554-BFEC-620998B8EF7A&lt;/mapName&gt;&lt;/mapChange&gt;,048a0e55-56c8-4b69-8a93-22f661733e60,daa2165b-c545-406f-b4c3-1833d4e62923,708FD409-C062-4554-BFEC-620998B8EF7A)" computerName="DKSR-EFI-04" duration="00:00:00.0542921" startTime="2023-12-22T09:34:15.7252123+01:00" endTime="2023-12-22T09:34:15.9595892+01:00" testType="13cdc9d9-ddb5-4fa4-a97d-d965ccfc6d4b" outcome="Passed" testListId="8c84fa94-04c1-424b-9868-57a2d4851a1d" relativeResultsDirectory="766c8aae-b7da-43ec-893b-9cd8b626e789" />
    <UnitTestResult executionId="81551b4b-fe67-4974-ad16-0e38daed0de6" testId="23e707b5-5c21-9643-4e2e-d13e3bc67d7b" testName="AlarmActionMapChange_LoadsAndSavesCorrectXml (&lt;mapChange&gt;&lt;serverId&gt;191d3e01-58c3-47ef-aef9-e9d5fd4c829d&lt;/serverId&gt;&lt;mapId&gt;36fac921-df11-4d86-a5c5-450ad182476f&lt;/mapId&gt;&lt;mapName&gt;8CF5B15A-D513-4BEF-A1E7-A2AE5FE3A575&lt;/mapName&gt;&lt;/mapChange&gt;,191d3e01-58c3-47ef-aef9-e9d5fd4c829d,36fac921-df11-4d86-a5c5-450ad182476f,8CF5B15A-D513-4BEF-A1E7-A2AE5FE3A575)" computerName="DKSR-EFI-04" duration="00:00:00.0000895" startTime="2023-12-22T09:34:15.9752121+01:00" endTime="2023-12-22T09:34:15.9752121+01:00" testType="13cdc9d9-ddb5-4fa4-a97d-d965ccfc6d4b" outcome="Passed" testListId="8c84fa94-04c1-424b-9868-57a2d4851a1d" relativeResultsDirectory="81551b4b-fe67-4974-ad16-0e38daed0de6" />
    <UnitTestResult executionId="c4a55cf3-6420-40eb-8722-2151410c0374" testId="1a7f3b09-af03-74dc-ec7a-a47cd360fe00" testName="AlarmActionsExtensions_GetMapIdReturnsCorrectMapId_FromAlarmActionList" computerName="DKSR-EFI-04" duration="00:00:00.3469777" startTime="2023-12-22T09:34:15.9752121+01:00" endTime="2023-12-22T09:34:16.3345905+01:00" testType="13cdc9d9-ddb5-4fa4-a97d-d965ccfc6d4b" outcome="Passed" testListId="8c84fa94-04c1-424b-9868-57a2d4851a1d" relativeResultsDirectory="c4a55cf3-6420-40eb-8722-2151410c0374" />
    <UnitTestResult executionId="febcbe72-78ef-46a6-9a54-7fb51d5847f5" testId="764185a3-9f8a-4f80-06a8-9d3db96ab156" testName="AlarmActionsExtensions_CreatePutsCorrectMapId_InAlarmActionList" computerName="DKSR-EFI-04" duration="00:00:00.0114679" startTime="2023-12-22T09:34:16.3345905+01:00" endTime="2023-12-22T09:34:16.3502164+01:00" testType="13cdc9d9-ddb5-4fa4-a97d-d965ccfc6d4b" outcome="Passed" testListId="8c84fa94-04c1-424b-9868-57a2d4851a1d" relativeResultsDirectory="febcbe72-78ef-46a6-9a54-7fb51d5847f5" />
    <UnitTestResult executionId="a37c9084-1845-4aa6-b31e-806b59375a33" testId="d80bf812-8b0b-1bf8-29c8-d7a231e714d1" testName="AlarmActionMapChange_LoadsAndSavesCorrectXml (&lt;mapChange&gt;&lt;serverId&gt;e875f434-31b1-4433-a498-dda675e4f0cf&lt;/serverId&gt;&lt;mapId&gt;63e1b34c-b601-4242-92c6-0bad8051663a&lt;/mapId&gt;&lt;mapName&gt;54816779-85B5-479F-81EE-1A65AE1781E7&lt;/mapName&gt;&lt;/mapChange&gt;,e875f434-31b1-4433-a498-dda675e4f0cf,63e1b34c-b601-4242-92c6-0bad8051663a,54816779-85B5-479F-81EE-1A65AE1781E7)" computerName="DKSR-EFI-04" duration="00:00:00.0000354" startTime="2023-12-22T09:34:15.9752121+01:00" endTime="2023-12-22T09:34:15.9752121+01:00" testType="13cdc9d9-ddb5-4fa4-a97d-d965ccfc6d4b" outcome="Passed" testListId="8c84fa94-04c1-424b-9868-57a2d4851a1d" relativeResultsDirectory="a37c9084-1845-4aa6-b31e-806b59375a33" />
  </Results>
  <TestDefinitions>
    <UnitTest name="AlarmActionsExtensions_GetMapIdReturnsCorrectMapId_FromAlarmActionList" storage="d:\actions-runner\_work\xpco\xpco\eventserver\server\components\central\videoos.eventserver.alarms.domain.unittest\bin\debug\net472\videoos.eventserver.alarms.domain.unittest.dll" id="1a7f3b09-af03-74dc-ec7a-a47cd360fe00">
      <Execution id="c4a55cf3-6420-40eb-8722-2151410c0374" />
      <TestMethod codeBase="D:\actions-runner\_work\XPCO\XPCO\EventServer\Server\Components\Central\VideoOS.EventServer.Alarms.Domain.UnitTest\bin\Debug\net472\VideoOS.EventServer.Alarms.Domain.UnitTest.dll" adapterTypeName="executor://mstestadapter/v2" className="VideoOS.EventServer.Alarms.Domain.UnitTest.Configuration.AlarmActionMapExtractorTest" name="AlarmActionsExtensions_GetMapIdReturnsCorrectMapId_FromAlarmActionList" />
    </UnitTest>
    <UnitTest name="AlarmActionMapChange_LoadsAndSavesCorrectXml (&lt;mapChange&gt;&lt;serverId&gt;048a0e55-56c8-4b69-8a93-22f661733e60&lt;/serverId&gt;&lt;mapId&gt;daa2165b-c545-406f-b4c3-1833d4e62923&lt;/mapId&gt;&lt;mapName&gt;708FD409-C062-4554-BFEC-620998B8EF7A&lt;/mapName&gt;&lt;/mapChange&gt;,048a0e55-56c8-4b69-8a93-22f661733e60,daa2165b-c545-406f-b4c3-1833d4e62923,708FD409-C062-4554-BFEC-620998B8EF7A)" storage="d:\actions-runner\_work\xpco\xpco\eventserver\server\components\central\videoos.eventserver.alarms.domain.unittest\bin\debug\net472\videoos.eventserver.alarms.domain.unittest.dll" id="bc8b7eb8-9fea-4cac-0c28-2f33e012e383">
      <Execution id="766c8aae-b7da-43ec-893b-9cd8b626e789" />
      <TestMethod codeBase="D:\actions-runner\_work\XPCO\XPCO\EventServer\Server\Components\Central\VideoOS.EventServer.Alarms.Domain.UnitTest\bin\Debug\net472\VideoOS.EventServer.Alarms.Domain.UnitTest.dll" adapterTypeName="executor://mstestadapter/v2" className="VideoOS.EventServer.Alarms.Domain.UnitTest.Configuration.AlarmActionMapChangeTest" name="AlarmActionMapChange_LoadsAndSavesCorrectXml" />
    </UnitTest>
    <UnitTest name="AlarmActionMapChange_LoadsAndSavesCorrectXml (&lt;mapChange&gt;&lt;serverId&gt;191d3e01-58c3-47ef-aef9-e9d5fd4c829d&lt;/serverId&gt;&lt;mapId&gt;36fac921-df11-4d86-a5c5-450ad182476f&lt;/mapId&gt;&lt;mapName&gt;8CF5B15A-D513-4BEF-A1E7-A2AE5FE3A575&lt;/mapName&gt;&lt;/mapChange&gt;,191d3e01-58c3-47ef-aef9-e9d5fd4c829d,36fac921-df11-4d86-a5c5-450ad182476f,8CF5B15A-D513-4BEF-A1E7-A2AE5FE3A575)" storage="d:\actions-runner\_work\xpco\xpco\eventserver\server\components\central\videoos.eventserver.alarms.domain.unittest\bin\debug\net472\videoos.eventserver.alarms.domain.unittest.dll" id="23e707b5-5c21-9643-4e2e-d13e3bc67d7b">
      <Execution id="81551b4b-fe67-4974-ad16-0e38daed0de6" />
      <TestMethod codeBase="D:\actions-runner\_work\XPCO\XPCO\EventServer\Server\Components\Central\VideoOS.EventServer.Alarms.Domain.UnitTest\bin\Debug\net472\VideoOS.EventServer.Alarms.Domain.UnitTest.dll" adapterTypeName="executor://mstestadapter/v2" className="VideoOS.EventServer.Alarms.Domain.UnitTest.Configuration.AlarmActionMapChangeTest" name="AlarmActionMapChange_LoadsAndSavesCorrectXml" />
    </UnitTest>
    <UnitTest name="AlarmActionMapChange_LoadsAndSavesCorrectXml (&lt;mapChange&gt;&lt;serverId&gt;e875f434-31b1-4433-a498-dda675e4f0cf&lt;/serverId&gt;&lt;mapId&gt;63e1b34c-b601-4242-92c6-0bad8051663a&lt;/mapId&gt;&lt;mapName&gt;54816779-85B5-479F-81EE-1A65AE1781E7&lt;/mapName&gt;&lt;/mapChange&gt;,e875f434-31b1-4433-a498-dda675e4f0cf,63e1b34c-b601-4242-92c6-0bad8051663a,54816779-85B5-479F-81EE-1A65AE1781E7)" storage="d:\actions-runner\_work\xpco\xpco\eventserver\server\components\central\videoos.eventserver.alarms.domain.unittest\bin\debug\net472\videoos.eventserver.alarms.domain.unittest.dll" id="d80bf812-8b0b-1bf8-29c8-d7a231e714d1">
      <Execution id="a37c9084-1845-4aa6-b31e-806b59375a33" />
      <TestMethod codeBase="D:\actions-runner\_work\XPCO\XPCO\EventServer\Server\Components\Central\VideoOS.EventServer.Alarms.Domain.UnitTest\bin\Debug\net472\VideoOS.EventServer.Alarms.Domain.UnitTest.dll" adapterTypeName="executor://mstestadapter/v2" className="VideoOS.EventServer.Alarms.Domain.UnitTest.Configuration.AlarmActionMapChangeTest" name="AlarmActionMapChange_LoadsAndSavesCorrectXml" />
    </UnitTest>
    <UnitTest name="AlarmActionsExtensions_CreatePutsCorrectMapId_InAlarmActionList" storage="d:\actions-runner\_work\xpco\xpco\eventserver\server\components\central\videoos.eventserver.alarms.domain.unittest\bin\debug\net472\videoos.eventserver.alarms.domain.unittest.dll" id="764185a3-9f8a-4f80-06a8-9d3db96ab156">
      <Execution id="febcbe72-78ef-46a6-9a54-7fb51d5847f5" />
      <TestMethod codeBase="D:\actions-runner\_work\XPCO\XPCO\EventServer\Server\Components\Central\VideoOS.EventServer.Alarms.Domain.UnitTest\bin\Debug\net472\VideoOS.EventServer.Alarms.Domain.UnitTest.dll" adapterTypeName="executor://mstestadapter/v2" className="VideoOS.EventServer.Alarms.Domain.UnitTest.Configuration.AlarmActionMapExtractorTest" name="AlarmActionsExtensions_CreatePutsCorrectMapId_InAlarmActionList" />
    </UnitTest>
  </TestDefinitions>
  <TestEntries>
    <TestEntry testId="bc8b7eb8-9fea-4cac-0c28-2f33e012e383" executionId="766c8aae-b7da-43ec-893b-9cd8b626e789" testListId="8c84fa94-04c1-424b-9868-57a2d4851a1d" />
    <TestEntry testId="23e707b5-5c21-9643-4e2e-d13e3bc67d7b" executionId="81551b4b-fe67-4974-ad16-0e38daed0de6" testListId="8c84fa94-04c1-424b-9868-57a2d4851a1d" />
    <TestEntry testId="1a7f3b09-af03-74dc-ec7a-a47cd360fe00" executionId="c4a55cf3-6420-40eb-8722-2151410c0374" testListId="8c84fa94-04c1-424b-9868-57a2d4851a1d" />
    <TestEntry testId="764185a3-9f8a-4f80-06a8-9d3db96ab156" executionId="febcbe72-78ef-46a6-9a54-7fb51d5847f5" testListId="8c84fa94-04c1-424b-9868-57a2d4851a1d" />
    <TestEntry testId="d80bf812-8b0b-1bf8-29c8-d7a231e714d1" executionId="a37c9084-1845-4aa6-b31e-806b59375a33" testListId="8c84fa94-04c1-424b-9868-57a2d4851a1d" />
  </TestEntries>
  <TestLists>
    <TestList name="Results Not in a List" id="8c84fa94-04c1-424b-9868-57a2d4851a1d" />
    <TestList name="All Loaded Results" id="19431567-8539-422a-85d7-44ee4e166bda" />
  </TestLists>
  <ResultSummary outcome="Completed">
    <Counters total="5" executed="5" passed="5" failed="0" error="0" timeout="0" aborted="0" inconclusive="0" passedButRunAborted="0" notRunnable="0" notExecuted="0" disconnected="0" warning="0" completed="0" inProgress="0" pending="0" />
  </ResultSummary>
</TestRun>