<?xml version="1.0" encoding="utf-8"?>
<TestRun id="8263adcb-9e9d-495a-b81d-bd3f84b25d8d" name="DKSR-EFI-04$@DKSR-EFI-04 2023-12-22 09:32:16" runUser="NT AUTHORITY\NETWORK SERVICE" xmlns="http://microsoft.com/schemas/VisualStudio/TeamTest/2010">
  <Times creation="2023-12-22T09:32:16.1308915+01:00" queuing="2023-12-22T09:32:16.1308915+01:00" start="2023-12-22T09:32:13.3183782+01:00" finish="2023-12-22T09:32:16.1777650+01:00" />
  <TestSettings name="default" id="382294d0-7ebb-4ae7-b302-b33f680dfc1e">
    <Deployment runDeploymentRoot="DKSR-EFI-04$_DKSR-EFI-04_2023-12-22_09_32_16" />
  </TestSettings>
  <Results>
    <UnitTestResult executionId="b01ffcb4-8378-4ac6-91a0-cb78e639bcfc" testId="1c3b3714-fc7e-7b6e-714a-2707a0ed3064" testName="ProcessMessageAsync_ShouldReturnErrorResponseWithCallbackIdAndId_WhenDownstreamProcessingFails" computerName="DKSR-EFI-04" duration="00:00:00.0330598" startTime="2023-12-22T09:32:15.8554632+01:00" endTime="2023-12-22T09:32:15.8887167+01:00" testType="13cdc9d9-ddb5-4fa4-a97d-d965ccfc6d4b" outcome="Passed" testListId="8c84fa94-04c1-424b-9868-57a2d4851a1d" relativeResultsDirectory="b01ffcb4-8378-4ac6-91a0-cb78e639bcfc" />
    <UnitTestResult executionId="81e2ffa6-b345-4196-a479-9109895784f5" testId="859fd2fa-285d-d803-2d7e-7a527f521f6e" testName="ProcessMessageAsync_ShouldReturnResponseWithCallbackIdAndIdAndResponseFromVms" computerName="DKSR-EFI-04" duration="00:00:00.0143156" startTime="2023-12-22T09:32:15.8316533+01:00" endTime="2023-12-22T09:32:15.8462413+01:00" testType="13cdc9d9-ddb5-4fa4-a97d-d965ccfc6d4b" outcome="Passed" testListId="8c84fa94-04c1-424b-9868-57a2d4851a1d" relativeResultsDirectory="81e2ffa6-b345-4196-a479-9109895784f5" />
    <UnitTestResult executionId="cb7123bf-d6cc-44f1-91b0-de3e57700def" testId="efcb9ee4-e16d-7513-4d6f-95547764aae3" testName="ProcessMessageAsync_ShouldCallMessageProcessorWithTranslatedRequest" computerName="DKSR-EFI-04" duration="00:00:00.4938551" startTime="2023-12-22T09:32:15.3016174+01:00" endTime="2023-12-22T09:32:15.8219646+01:00" testType="13cdc9d9-ddb5-4fa4-a97d-d965ccfc6d4b" outcome="Passed" testListId="8c84fa94-04c1-424b-9868-57a2d4851a1d" relativeResultsDirectory="cb7123bf-d6cc-44f1-91b0-de3e57700def" />
    <UnitTestResult executionId="7bdb6097-62dd-45e5-888b-1bf6daaa949e" testId="96d5bd09-3584-1f29-58f7-a9bee2d1154c" testName="ProcessMessageAsync_ShouldThrowMessageProcessingException_WhenCallbackIdIsNotProvided" computerName="DKSR-EFI-04" duration="00:00:00.0018487" startTime="2023-12-22T09:32:15.9107132+01:00" endTime="2023-12-22T09:32:15.9141396+01:00" testType="13cdc9d9-ddb5-4fa4-a97d-d965ccfc6d4b" outcome="Passed" testListId="8c84fa94-04c1-424b-9868-57a2d4851a1d" relativeResultsDirectory="7bdb6097-62dd-45e5-888b-1bf6daaa949e" />
    <UnitTestResult executionId="273b31a6-34af-4132-a505-65b7f1bc1f9f" testId="9b1dc101-47f3-05ec-e40f-fef1a6fadbbf" testName="ProcessMessageAsync_ShouldReturnErrorResponseWithCallbackIdAndId_WhenDownstreamProcessingThrowsVmsApiGatewayCommunicationException" computerName="DKSR-EFI-04" duration="00:00:00.0042630" startTime="2023-12-22T09:32:15.8983872+01:00" endTime="2023-12-22T09:32:15.9028342+01:00" testType="13cdc9d9-ddb5-4fa4-a97d-d965ccfc6d4b" outcome="Passed" testListId="8c84fa94-04c1-424b-9868-57a2d4851a1d" relativeResultsDirectory="273b31a6-34af-4132-a505-65b7f1bc1f9f" />
    <UnitTestResult executionId="d3ef05c0-d71b-4c7f-ae1a-d5efc98a2b39" testId="193bd61e-0aa1-baed-9279-7d178a4d7334" testName="ProcessMessageAsync_ShouldReturnErrorResponseWithCallbackIdAndId_WhenDownstreamProcessingThrowsAddressResolverException" computerName="DKSR-EFI-04" duration="00:00:00.0047599" startTime="2023-12-22T09:32:15.8888013+01:00" endTime="2023-12-22T09:32:15.8937539+01:00" testType="13cdc9d9-ddb5-4fa4-a97d-d965ccfc6d4b" outcome="Passed" testListId="8c84fa94-04c1-424b-9868-57a2d4851a1d" relativeResultsDirectory="d3ef05c0-d71b-4c7f-ae1a-d5efc98a2b39" />
    <UnitTestResult executionId="a669b320-bffe-4438-8c2a-93e056a86bc5" testId="546dc12d-4cb2-2a5c-4428-1f415905f632" testName="ProcessMessageAsync_ShouldThrowMessageProcessingException_WhenRequestIsInvalid" computerName="DKSR-EFI-04" duration="00:00:00.0075386" startTime="2023-12-22T09:32:15.9029037+01:00" endTime="2023-12-22T09:32:15.9106397+01:00" testType="13cdc9d9-ddb5-4fa4-a97d-d965ccfc6d4b" outcome="Passed" testListId="8c84fa94-04c1-424b-9868-57a2d4851a1d" relativeResultsDirectory="a669b320-bffe-4438-8c2a-93e056a86bc5" />
    <UnitTestResult executionId="3d5d4771-2476-4f4b-8ccf-470cb0df16d1" testId="bb0b4284-c68f-6c35-3d8a-1255db5ef40d" testName="ProcessMessageAsync_ShouldReturnErrorResponseWithCallbackIdAndId_WhenDownstreamProcessingThrowsVmsMessageAuthenticatorException" computerName="DKSR-EFI-04" duration="00:00:00.0043023" startTime="2023-12-22T09:32:15.8938334+01:00" endTime="2023-12-22T09:32:15.8983114+01:00" testType="13cdc9d9-ddb5-4fa4-a97d-d965ccfc6d4b" outcome="Passed" testListId="8c84fa94-04c1-424b-9868-57a2d4851a1d" relativeResultsDirectory="3d5d4771-2476-4f4b-8ccf-470cb0df16d1" />
    <UnitTestResult executionId="f3470220-f479-4d06-b097-383f72a798df" testId="e7f11133-6ceb-ea89-b055-e8bff57287f0" testName="ProcessMessageAsync_ShouldUseCorrectMessageProcessor_WhenMultipleMessageProcessorsAreRegistered" computerName="DKSR-EFI-04" duration="00:00:00.0088531" startTime="2023-12-22T09:32:15.8463495+01:00" endTime="2023-12-22T09:32:15.8553876+01:00" testType="13cdc9d9-ddb5-4fa4-a97d-d965ccfc6d4b" outcome="Passed" testListId="8c84fa94-04c1-424b-9868-57a2d4851a1d" relativeResultsDirectory="f3470220-f479-4d06-b097-383f72a798df" />
  </Results>
  <TestDefinitions>
    <UnitTest name="ProcessMessageAsync_ShouldReturnErrorResponseWithCallbackIdAndId_WhenDownstreamProcessingThrowsVmsMessageAuthenticatorException" storage="d:\actions-runner\_work\xpco\xpco\allsolutions\..\cloudconnector\binaries\videoos.cloudconnector.messagerouter.unittest\bin\debug\net6.0-windows\videoos.cloudconnector.messagerouter.unittest.dll" id="bb0b4284-c68f-6c35-3d8a-1255db5ef40d">
      <Execution id="3d5d4771-2476-4f4b-8ccf-470cb0df16d1" />
      <TestMethod codeBase="D:\actions-runner\_work\XPCO\XPCO\AllSolutions\..\CloudConnector\Binaries\VideoOS.CloudConnector.MessageRouter.UnitTest\bin\Debug\net6.0-windows\VideoOS.CloudConnector.MessageRouter.UnitTest.dll" adapterTypeName="executor://mstestadapter/v2" className="VideoOS.CloudConnector.MessageRouter.UnitTest.MessageRouterTest" name="ProcessMessageAsync_ShouldReturnErrorResponseWithCallbackIdAndId_WhenDownstreamProcessingThrowsVmsMessageAuthenticatorException" />
    </UnitTest>
    <UnitTest name="ProcessMessageAsync_ShouldReturnResponseWithCallbackIdAndIdAndResponseFromVms" storage="d:\actions-runner\_work\xpco\xpco\allsolutions\..\cloudconnector\binaries\videoos.cloudconnector.messagerouter.unittest\bin\debug\net6.0-windows\videoos.cloudconnector.messagerouter.unittest.dll" id="859fd2fa-285d-d803-2d7e-7a527f521f6e">
      <Execution id="81e2ffa6-b345-4196-a479-9109895784f5" />
      <TestMethod codeBase="D:\actions-runner\_work\XPCO\XPCO\AllSolutions\..\CloudConnector\Binaries\VideoOS.CloudConnector.MessageRouter.UnitTest\bin\Debug\net6.0-windows\VideoOS.CloudConnector.MessageRouter.UnitTest.dll" adapterTypeName="executor://mstestadapter/v2" className="VideoOS.CloudConnector.MessageRouter.UnitTest.MessageRouterTest" name="ProcessMessageAsync_ShouldReturnResponseWithCallbackIdAndIdAndResponseFromVms" />
    </UnitTest>
    <UnitTest name="ProcessMessageAsync_ShouldReturnErrorResponseWithCallbackIdAndId_WhenDownstreamProcessingThrowsAddressResolverException" storage="d:\actions-runner\_work\xpco\xpco\allsolutions\..\cloudconnector\binaries\videoos.cloudconnector.messagerouter.unittest\bin\debug\net6.0-windows\videoos.cloudconnector.messagerouter.unittest.dll" id="193bd61e-0aa1-baed-9279-7d178a4d7334">
      <Execution id="d3ef05c0-d71b-4c7f-ae1a-d5efc98a2b39" />
      <TestMethod codeBase="D:\actions-runner\_work\XPCO\XPCO\AllSolutions\..\CloudConnector\Binaries\VideoOS.CloudConnector.MessageRouter.UnitTest\bin\Debug\net6.0-windows\VideoOS.CloudConnector.MessageRouter.UnitTest.dll" adapterTypeName="executor://mstestadapter/v2" className="VideoOS.CloudConnector.MessageRouter.UnitTest.MessageRouterTest" name="ProcessMessageAsync_ShouldReturnErrorResponseWithCallbackIdAndId_WhenDownstreamProcessingThrowsAddressResolverException" />
    </UnitTest>
    <UnitTest name="ProcessMessageAsync_ShouldCallMessageProcessorWithTranslatedRequest" storage="d:\actions-runner\_work\xpco\xpco\allsolutions\..\cloudconnector\binaries\videoos.cloudconnector.messagerouter.unittest\bin\debug\net6.0-windows\videoos.cloudconnector.messagerouter.unittest.dll" id="efcb9ee4-e16d-7513-4d6f-95547764aae3">
      <Execution id="cb7123bf-d6cc-44f1-91b0-de3e57700def" />
      <TestMethod codeBase="D:\actions-runner\_work\XPCO\XPCO\AllSolutions\..\CloudConnector\Binaries\VideoOS.CloudConnector.MessageRouter.UnitTest\bin\Debug\net6.0-windows\VideoOS.CloudConnector.MessageRouter.UnitTest.dll" adapterTypeName="executor://mstestadapter/v2" className="VideoOS.CloudConnector.MessageRouter.UnitTest.MessageRouterTest" name="ProcessMessageAsync_ShouldCallMessageProcessorWithTranslatedRequest" />
    </UnitTest>
    <UnitTest name="ProcessMessageAsync_ShouldThrowMessageProcessingException_WhenRequestIsInvalid" storage="d:\actions-runner\_work\xpco\xpco\allsolutions\..\cloudconnector\binaries\videoos.cloudconnector.messagerouter.unittest\bin\debug\net6.0-windows\videoos.cloudconnector.messagerouter.unittest.dll" id="546dc12d-4cb2-2a5c-4428-1f415905f632">
      <Execution id="a669b320-bffe-4438-8c2a-93e056a86bc5" />
      <TestMethod codeBase="D:\actions-runner\_work\XPCO\XPCO\AllSolutions\..\CloudConnector\Binaries\VideoOS.CloudConnector.MessageRouter.UnitTest\bin\Debug\net6.0-windows\VideoOS.CloudConnector.MessageRouter.UnitTest.dll" adapterTypeName="executor://mstestadapter/v2" className="VideoOS.CloudConnector.MessageRouter.UnitTest.MessageRouterTest" name="ProcessMessageAsync_ShouldThrowMessageProcessingException_WhenRequestIsInvalid" />
    </UnitTest>
    <UnitTest name="ProcessMessageAsync_ShouldUseCorrectMessageProcessor_WhenMultipleMessageProcessorsAreRegistered" storage="d:\actions-runner\_work\xpco\xpco\allsolutions\..\cloudconnector\binaries\videoos.cloudconnector.messagerouter.unittest\bin\debug\net6.0-windows\videoos.cloudconnector.messagerouter.unittest.dll" id="e7f11133-6ceb-ea89-b055-e8bff57287f0">
      <Execution id="f3470220-f479-4d06-b097-383f72a798df" />
      <TestMethod codeBase="D:\actions-runner\_work\XPCO\XPCO\AllSolutions\..\CloudConnector\Binaries\VideoOS.CloudConnector.MessageRouter.UnitTest\bin\Debug\net6.0-windows\VideoOS.CloudConnector.MessageRouter.UnitTest.dll" adapterTypeName="executor://mstestadapter/v2" className="VideoOS.CloudConnector.MessageRouter.UnitTest.MessageRouterTest" name="ProcessMessageAsync_ShouldUseCorrectMessageProcessor_WhenMultipleMessageProcessorsAreRegistered" />
    </UnitTest>
    <UnitTest name="ProcessMessageAsync_ShouldReturnErrorResponseWithCallbackIdAndId_WhenDownstreamProcessingThrowsVmsApiGatewayCommunicationException" storage="d:\actions-runner\_work\xpco\xpco\allsolutions\..\cloudconnector\binaries\videoos.cloudconnector.messagerouter.unittest\bin\debug\net6.0-windows\videoos.cloudconnector.messagerouter.unittest.dll" id="9b1dc101-47f3-05ec-e40f-fef1a6fadbbf">
      <Execution id="273b31a6-34af-4132-a505-65b7f1bc1f9f" />
      <TestMethod codeBase="D:\actions-runner\_work\XPCO\XPCO\AllSolutions\..\CloudConnector\Binaries\VideoOS.CloudConnector.MessageRouter.UnitTest\bin\Debug\net6.0-windows\VideoOS.CloudConnector.MessageRouter.UnitTest.dll" adapterTypeName="executor://mstestadapter/v2" className="VideoOS.CloudConnector.MessageRouter.UnitTest.MessageRouterTest" name="ProcessMessageAsync_ShouldReturnErrorResponseWithCallbackIdAndId_WhenDownstreamProcessingThrowsVmsApiGatewayCommunicationException" />
    </UnitTest>
    <UnitTest name="ProcessMessageAsync_ShouldThrowMessageProcessingException_WhenCallbackIdIsNotProvided" storage="d:\actions-runner\_work\xpco\xpco\allsolutions\..\cloudconnector\binaries\videoos.cloudconnector.messagerouter.unittest\bin\debug\net6.0-windows\videoos.cloudconnector.messagerouter.unittest.dll" id="96d5bd09-3584-1f29-58f7-a9bee2d1154c">
      <Execution id="7bdb6097-62dd-45e5-888b-1bf6daaa949e" />
      <TestMethod codeBase="D:\actions-runner\_work\XPCO\XPCO\AllSolutions\..\CloudConnector\Binaries\VideoOS.CloudConnector.MessageRouter.UnitTest\bin\Debug\net6.0-windows\VideoOS.CloudConnector.MessageRouter.UnitTest.dll" adapterTypeName="executor://mstestadapter/v2" className="VideoOS.CloudConnector.MessageRouter.UnitTest.MessageRouterTest" name="ProcessMessageAsync_ShouldThrowMessageProcessingException_WhenCallbackIdIsNotProvided" />
    </UnitTest>
    <UnitTest name="ProcessMessageAsync_ShouldReturnErrorResponseWithCallbackIdAndId_WhenDownstreamProcessingFails" storage="d:\actions-runner\_work\xpco\xpco\allsolutions\..\cloudconnector\binaries\videoos.cloudconnector.messagerouter.unittest\bin\debug\net6.0-windows\videoos.cloudconnector.messagerouter.unittest.dll" id="1c3b3714-fc7e-7b6e-714a-2707a0ed3064">
      <Execution id="b01ffcb4-8378-4ac6-91a0-cb78e639bcfc" />
      <TestMethod codeBase="D:\actions-runner\_work\XPCO\XPCO\AllSolutions\..\CloudConnector\Binaries\VideoOS.CloudConnector.MessageRouter.UnitTest\bin\Debug\net6.0-windows\VideoOS.CloudConnector.MessageRouter.UnitTest.dll" adapterTypeName="executor://mstestadapter/v2" className="VideoOS.CloudConnector.MessageRouter.UnitTest.MessageRouterTest" name="ProcessMessageAsync_ShouldReturnErrorResponseWithCallbackIdAndId_WhenDownstreamProcessingFails" />
    </UnitTest>
  </TestDefinitions>
  <TestEntries>
    <TestEntry testId="1c3b3714-fc7e-7b6e-714a-2707a0ed3064" executionId="b01ffcb4-8378-4ac6-91a0-cb78e639bcfc" testListId="8c84fa94-04c1-424b-9868-57a2d4851a1d" />
    <TestEntry testId="859fd2fa-285d-d803-2d7e-7a527f521f6e" executionId="81e2ffa6-b345-4196-a479-9109895784f5" testListId="8c84fa94-04c1-424b-9868-57a2d4851a1d" />
    <TestEntry testId="efcb9ee4-e16d-7513-4d6f-95547764aae3" executionId="cb7123bf-d6cc-44f1-91b0-de3e57700def" testListId="8c84fa94-04c1-424b-9868-57a2d4851a1d" />
    <TestEntry testId="96d5bd09-3584-1f29-58f7-a9bee2d1154c" executionId="7bdb6097-62dd-45e5-888b-1bf6daaa949e" testListId="8c84fa94-04c1-424b-9868-57a2d4851a1d" />
    <TestEntry testId="9b1dc101-47f3-05ec-e40f-fef1a6fadbbf" executionId="273b31a6-34af-4132-a505-65b7f1bc1f9f" testListId="8c84fa94-04c1-424b-9868-57a2d4851a1d" />
    <TestEntry testId="193bd61e-0aa1-baed-9279-7d178a4d7334" executionId="d3ef05c0-d71b-4c7f-ae1a-d5efc98a2b39" testListId="8c84fa94-04c1-424b-9868-57a2d4851a1d" />
    <TestEntry testId="546dc12d-4cb2-2a5c-4428-1f415905f632" executionId="a669b320-bffe-4438-8c2a-93e056a86bc5" testListId="8c84fa94-04c1-424b-9868-57a2d4851a1d" />
    <TestEntry testId="bb0b4284-c68f-6c35-3d8a-1255db5ef40d" executionId="3d5d4771-2476-4f4b-8ccf-470cb0df16d1" testListId="8c84fa94-04c1-424b-9868-57a2d4851a1d" />
    <TestEntry testId="e7f11133-6ceb-ea89-b055-e8bff57287f0" executionId="f3470220-f479-4d06-b097-383f72a798df" testListId="8c84fa94-04c1-424b-9868-57a2d4851a1d" />
  </TestEntries>
  <TestLists>
    <TestList name="Results Not in a List" id="8c84fa94-04c1-424b-9868-57a2d4851a1d" />
    <TestList name="All Loaded Results" id="19431567-8539-422a-85d7-44ee4e166bda" />
  </TestLists>
  <ResultSummary outcome="Completed">
    <Counters total="9" executed="9" passed="9" failed="0" error="0" timeout="0" aborted="0" inconclusive="0" passedButRunAborted="0" notRunnable="0" notExecuted="0" disconnected="0" warning="0" completed="0" inProgress="0" pending="0" />
  </ResultSummary>
</TestRun>