<?xml version="1.0" encoding="utf-8"?>
<TestRun id="88d557a1-6c72-4456-9609-5705de222ea0" name="DKSR-EFI-04$@DKSR-EFI-04 2023-12-22 09:33:44" runUser="NT AUTHORITY\NETWORK SERVICE" xmlns="http://microsoft.com/schemas/VisualStudio/TeamTest/2010">
  <Times creation="2023-12-22T09:33:44.0375560+01:00" queuing="2023-12-22T09:33:44.0375560+01:00" start="2023-12-22T09:33:42.8656766+01:00" finish="2023-12-22T09:33:44.0844303+01:00" />
  <TestSettings name="default" id="a4b06ff8-43d3-4f74-98ec-4039bea44f7e">
    <Deployment runDeploymentRoot="DKSR-EFI-04$_DKSR-EFI-04_2023-12-22_09_33_44" />
  </TestSettings>
  <Results>
    <UnitTestResult executionId="d1460561-02e4-435b-8d43-f165b4ebc451" testId="be6612d3-baa2-78fc-0d9a-35b6dc39e94e" testName="TestForAssemblyCoverage" computerName="DKSR-EFI-04" duration="00:00:00.0118167" startTime="2023-12-22T09:33:43.6313044+01:00" endTime="2023-12-22T09:33:43.7563059+01:00" testType="13cdc9d9-ddb5-4fa4-a97d-d965ccfc6d4b" outcome="Passed" testListId="8c84fa94-04c1-424b-9868-57a2d4851a1d" relativeResultsDirectory="d1460561-02e4-435b-8d43-f165b4ebc451" />
  </Results>
  <TestDefinitions>
    <UnitTest name="TestForAssemblyCoverage" storage="d:\actions-runner\_work\xpco\xpco\corporate\videoos.server.service.traycontroller.unittests\bin\x64\debug\videoos.server.service.traycontroller.unittests.dll" id="be6612d3-baa2-78fc-0d9a-35b6dc39e94e">
      <Execution id="d1460561-02e4-435b-8d43-f165b4ebc451" />
      <TestMethod codeBase="D:\actions-runner\_work\XPCO\XPCO\Corporate\VideoOS.Server.Service.TrayController.UnitTests\bin\x64\Debug\VideoOS.Server.Service.TrayController.UnitTests.dll" adapterTypeName="executor://mstestadapter/v2" className="VideoOS.Server.Service.TrayController.UnitTests.UnitTest1" name="TestForAssemblyCoverage" />
    </UnitTest>
  </TestDefinitions>
  <TestEntries>
    <TestEntry testId="be6612d3-baa2-78fc-0d9a-35b6dc39e94e" executionId="d1460561-02e4-435b-8d43-f165b4ebc451" testListId="8c84fa94-04c1-424b-9868-57a2d4851a1d" />
  </TestEntries>
  <TestLists>
    <TestList name="Results Not in a List" id="8c84fa94-04c1-424b-9868-57a2d4851a1d" />
    <TestList name="All Loaded Results" id="19431567-8539-422a-85d7-44ee4e166bda" />
  </TestLists>
  <ResultSummary outcome="Completed">
    <Counters total="1" executed="1" passed="1" failed="0" error="0" timeout="0" aborted="0" inconclusive="0" passedButRunAborted="0" notRunnable="0" notExecuted="0" disconnected="0" warning="0" completed="0" inProgress="0" pending="0" />
  </ResultSummary>
</TestRun>