<?xml version="1.0" encoding="utf-8"?>
<TestRun id="bebfc109-1ace-4493-8ec0-e5dd71c2c76b" name="DKSR-EFI-04$@DKSR-EFI-04 2023-12-22 09:34:19" runUser="NT AUTHORITY\NETWORK SERVICE" xmlns="http://microsoft.com/schemas/VisualStudio/TeamTest/2010">
  <Times creation="2023-12-22T09:34:19.5377327+01:00" queuing="2023-12-22T09:34:19.5377327+01:00" start="2023-12-22T09:34:17.3814702+01:00" finish="2023-12-22T09:34:20.1158606+01:00" />
  <TestSettings name="default" id="0cd9bc8c-5724-4670-a659-0f9a9907a3d8">
    <Deployment runDeploymentRoot="DKSR-EFI-04$_DKSR-EFI-04_2023-12-22_09_34_19" />
  </TestSettings>
  <Results>
    <UnitTestResult executionId="9a4502ec-6731-4780-8178-0593f3242de9" testId="8e910ac0-4390-50a4-8111-cb4e682ab1c1" testName="TestValidateWithInvalidToken" computerName="DKSR-EFI-04" duration="00:00:00.0011529" startTime="2023-12-22T09:34:19.8346090+01:00" endTime="2023-12-22T09:34:19.8346090+01:00" testType="13cdc9d9-ddb5-4fa4-a97d-d965ccfc6d4b" outcome="Passed" testListId="8c84fa94-04c1-424b-9868-57a2d4851a1d" relativeResultsDirectory="9a4502ec-6731-4780-8178-0593f3242de9" />
    <UnitTestResult executionId="ff4b106f-b49f-437d-9ea4-d68a64071f81" testId="e42f811f-13fa-faf4-cfc5-af7c8f40b97d" testName="Given_SourceKindUnknown_When_Converting_OutputIsMipkindsSlashkKindIdSLashMipItemsSlashSourceId" computerName="DKSR-EFI-04" duration="00:00:00.1891114" startTime="2023-12-22T09:34:19.2408562+01:00" endTime="2023-12-22T09:34:19.4283545+01:00" testType="13cdc9d9-ddb5-4fa4-a97d-d965ccfc6d4b" outcome="Passed" testListId="8c84fa94-04c1-424b-9868-57a2d4851a1d" relativeResultsDirectory="ff4b106f-b49f-437d-9ea4-d68a64071f81" />
    <UnitTestResult executionId="e170d95c-6f73-4b80-b6d6-5930badef1b2" testId="127553a0-01d5-4d27-0154-27b85e95b753" testName="Given_SourceKindBuiltin_When_Converting_OutputIsKindGuidSlashSourceId" computerName="DKSR-EFI-04" duration="00:00:00.0258638" startTime="2023-12-22T09:34:19.4283545+01:00" endTime="2023-12-22T09:34:19.4596072+01:00" testType="13cdc9d9-ddb5-4fa4-a97d-d965ccfc6d4b" outcome="Passed" testListId="8c84fa94-04c1-424b-9868-57a2d4851a1d" relativeResultsDirectory="e170d95c-6f73-4b80-b6d6-5930badef1b2" />
    <UnitTestResult executionId="991549e0-0643-40c8-9f27-bd96afb713d7" testId="35918daa-b468-4e0b-6467-60d63ca72d2f" testName="GetEventSourceFromRestResource_ReturnsNull_WhenInputIsWrongFormat (cameras\2BE1DB75-C6D2-4EDA-904C-AC176F2E4E96)" computerName="DKSR-EFI-04" duration="00:00:00.0003805" startTime="2023-12-22T09:34:19.5689806+01:00" endTime="2023-12-22T09:34:19.5689806+01:00" testType="13cdc9d9-ddb5-4fa4-a97d-d965ccfc6d4b" outcome="Passed" testListId="8c84fa94-04c1-424b-9868-57a2d4851a1d" relativeResultsDirectory="991549e0-0643-40c8-9f27-bd96afb713d7" />
    <UnitTestResult executionId="aa1fc858-d6c3-41af-995f-a44edce92952" testId="bb3a5fc1-9522-7397-f6db-45a8a1a56af1" testName="Given_SourceKindServerServerIdIsManagementServer_When_Converting_OutputIsSitesSlashSourceId" computerName="DKSR-EFI-04" duration="00:00:00.0021235" startTime="2023-12-22T09:34:19.2408562+01:00" endTime="2023-12-22T09:34:19.2408562+01:00" testType="13cdc9d9-ddb5-4fa4-a97d-d965ccfc6d4b" outcome="Passed" testListId="8c84fa94-04c1-424b-9868-57a2d4851a1d" relativeResultsDirectory="aa1fc858-d6c3-41af-995f-a44edce92952" />
    <UnitTestResult executionId="4364c175-9df9-4cce-a5f0-c3115376bb3a" testId="5f47fb14-3495-285f-dce9-a2c11e2c16ea" testName="GetEventSourceFromRestResource_ReturnsNull_WhenInputIsNullEmptyString ()" computerName="DKSR-EFI-04" duration="00:00:00.0008737" startTime="2023-12-22T09:34:19.4596072+01:00" endTime="2023-12-22T09:34:19.4752312+01:00" testType="13cdc9d9-ddb5-4fa4-a97d-d965ccfc6d4b" outcome="Passed" testListId="8c84fa94-04c1-424b-9868-57a2d4851a1d" relativeResultsDirectory="4364c175-9df9-4cce-a5f0-c3115376bb3a" />
    <UnitTestResult executionId="41aedf39-3989-40f3-8484-3515a455ea34" testId="eaf4b435-5c07-cd6f-15cc-5e0db9d61d5d" testName="TestIsInternalSidABasicUserSidMinimal" computerName="DKSR-EFI-04" duration="00:00:00.0004322" startTime="2023-12-22T09:34:19.8346090+01:00" endTime="2023-12-22T09:34:19.8346090+01:00" testType="13cdc9d9-ddb5-4fa4-a97d-d965ccfc6d4b" outcome="Passed" testListId="8c84fa94-04c1-424b-9868-57a2d4851a1d" relativeResultsDirectory="41aedf39-3989-40f3-8484-3515a455ea34" />
    <UnitTestResult executionId="da45f01a-f809-40c8-8487-72fb3c1bf525" testId="f90e980f-2380-337d-96b4-0f4226dba9e4" testName="GetEventSourceFromRestResource_ReturnsValidEventSource_WhenInputIsCorrect" computerName="DKSR-EFI-04" duration="00:00:00.0275772" startTime="2023-12-22T09:34:19.5689806+01:00" endTime="2023-12-22T09:34:19.6002310+01:00" testType="13cdc9d9-ddb5-4fa4-a97d-d965ccfc6d4b" outcome="Passed" testListId="8c84fa94-04c1-424b-9868-57a2d4851a1d" relativeResultsDirectory="da45f01a-f809-40c8-8487-72fb3c1bf525" />
    <UnitTestResult executionId="4d38a3c7-b84b-408d-aae6-a4dffeca36f6" testId="ab75a0b8-e902-a8f7-87ca-6082fff03631" testName="TestConstructor" computerName="DKSR-EFI-04" duration="00:00:00.0615072" startTime="2023-12-22T09:34:19.7721102+01:00" endTime="2023-12-22T09:34:19.8346090+01:00" testType="13cdc9d9-ddb5-4fa4-a97d-d965ccfc6d4b" outcome="Passed" testListId="8c84fa94-04c1-424b-9868-57a2d4851a1d" relativeResultsDirectory="4d38a3c7-b84b-408d-aae6-a4dffeca36f6" />
    <UnitTestResult executionId="a783d187-8c53-49fd-958c-e874ba4ea7d8" testId="ac790b5a-3630-bd89-3c6b-3c79cbd71a7f" testName="Converter_ReturnsResource_WhenUserDefinedEvent" computerName="DKSR-EFI-04" duration="00:00:00.0025219" startTime="2023-12-22T09:34:19.2408562+01:00" endTime="2023-12-22T09:34:19.2408562+01:00" testType="13cdc9d9-ddb5-4fa4-a97d-d965ccfc6d4b" outcome="Passed" testListId="8c84fa94-04c1-424b-9868-57a2d4851a1d" relativeResultsDirectory="a783d187-8c53-49fd-958c-e874ba4ea7d8" />
    <UnitTestResult executionId="a303bcdc-119a-48b0-861a-5771000d0128" testId="73088c1d-60f5-4fb8-506d-42494d70aa2e" testName="TestIsInternalSidABasicUserSid" computerName="DKSR-EFI-04" duration="00:00:00.0001865" startTime="2023-12-22T09:34:19.8346090+01:00" endTime="2023-12-22T09:34:19.8346090+01:00" testType="13cdc9d9-ddb5-4fa4-a97d-d965ccfc6d4b" outcome="Passed" testListId="8c84fa94-04c1-424b-9868-57a2d4851a1d" relativeResultsDirectory="a303bcdc-119a-48b0-861a-5771000d0128" />
    <UnitTestResult executionId="1b135e38-4149-4a26-ae5a-ae11992efeca" testId="303d385e-a5d5-8905-4d3c-8c9238bfc475" testName="GetEventSourceFromRestResource_ReturnsNull_WhenInputIsWrongFormat (bahur/7652A98E-D044-48CB-BCCD-5A3ABD9BD552)" computerName="DKSR-EFI-04" duration="00:00:00.0220033" startTime="2023-12-22T09:34:19.5377327+01:00" endTime="2023-12-22T09:34:19.5689806+01:00" testType="13cdc9d9-ddb5-4fa4-a97d-d965ccfc6d4b" outcome="Passed" testListId="8c84fa94-04c1-424b-9868-57a2d4851a1d" relativeResultsDirectory="1b135e38-4149-4a26-ae5a-ae11992efeca" />
    <UnitTestResult executionId="5f980ac9-18ba-4dfb-aa16-f3efee90fdfd" testId="720defcb-3d81-d250-9e1c-6bd1f007c81f" testName="Given_SourceKindCamera_When_Converting_OutputIsCamerasSlashSourceId" computerName="DKSR-EFI-04" duration="00:00:00.4013450" startTime="2023-12-22T09:34:18.6783532+01:00" endTime="2023-12-22T09:34:19.1939804+01:00" testType="13cdc9d9-ddb5-4fa4-a97d-d965ccfc6d4b" outcome="Passed" testListId="8c84fa94-04c1-424b-9868-57a2d4851a1d" relativeResultsDirectory="5f980ac9-18ba-4dfb-aa16-f3efee90fdfd" />
    <UnitTestResult executionId="20cbf2cf-446f-48ab-b65b-afc370c0e9c3" testId="dbf8d8e2-ae89-ffe4-efae-890cca060c85" testName="TestGetUserNameFromInternalSid" computerName="DKSR-EFI-04" duration="00:00:00.0002225" startTime="2023-12-22T09:34:19.8346090+01:00" endTime="2023-12-22T09:34:19.8346090+01:00" testType="13cdc9d9-ddb5-4fa4-a97d-d965ccfc6d4b" outcome="Passed" testListId="8c84fa94-04c1-424b-9868-57a2d4851a1d" relativeResultsDirectory="20cbf2cf-446f-48ab-b65b-afc370c0e9c3" />
    <UnitTestResult executionId="f4868f0c-1ec9-4f68-bb8c-49d494e36909" testId="57972347-90c7-eabd-1826-d187be8cdb09" testName="TestIsInternalSidAnAccessControlSidMinimal" computerName="DKSR-EFI-04" duration="00:00:00.0000794" startTime="2023-12-22T09:34:19.8502310+01:00" endTime="2023-12-22T09:34:19.8502310+01:00" testType="13cdc9d9-ddb5-4fa4-a97d-d965ccfc6d4b" outcome="Passed" testListId="8c84fa94-04c1-424b-9868-57a2d4851a1d" relativeResultsDirectory="f4868f0c-1ec9-4f68-bb8c-49d494e36909" />
    <UnitTestResult executionId="bc8443e4-54ac-48f1-bb2d-dffff16eb6aa" testId="3a1f4c3f-822b-7d44-f0ec-6424ae450630" testName="GetEventSourceFromRestResource_ReturnsNull_WhenInputIsWrongFormat (resource1/resource2/resource3/resource4/6321B9C7-9FB9-4A2C-A2FA-DA2E1105C0E9)" computerName="DKSR-EFI-04" duration="00:00:00.0000273" startTime="2023-12-22T09:34:19.5689806+01:00" endTime="2023-12-22T09:34:19.5689806+01:00" testType="13cdc9d9-ddb5-4fa4-a97d-d965ccfc6d4b" outcome="Passed" testListId="8c84fa94-04c1-424b-9868-57a2d4851a1d" relativeResultsDirectory="bc8443e4-54ac-48f1-bb2d-dffff16eb6aa" />
    <UnitTestResult executionId="6c3ffc64-c47d-4015-978f-82984758176a" testId="4a84b57f-02bf-fe4c-ee6c-46717956ff9e" testName="GetEventSourceFromRestResource_ReturnsNull_WhenInputIsWrongFormat (resource1/resource2/141FD3EA-7EB9-486A-9704-A0643E3AB99A)" computerName="DKSR-EFI-04" duration="00:00:00.0000295" startTime="2023-12-22T09:34:19.5689806+01:00" endTime="2023-12-22T09:34:19.5689806+01:00" testType="13cdc9d9-ddb5-4fa4-a97d-d965ccfc6d4b" outcome="Passed" testListId="8c84fa94-04c1-424b-9868-57a2d4851a1d" relativeResultsDirectory="6c3ffc64-c47d-4015-978f-82984758176a" />
    <UnitTestResult executionId="5667bc53-895e-4f5c-b6ac-73b7652a1bd9" testId="fa78b976-0256-1726-4d98-674ea96bc744" testName="GetEventSourceFromRestResource_ReturnsNull_WhenInputIsNullEmptyString ( )" computerName="DKSR-EFI-04" duration="00:00:00.0000404" startTime="2023-12-22T09:34:19.5377327+01:00" endTime="2023-12-22T09:34:19.5377327+01:00" testType="13cdc9d9-ddb5-4fa4-a97d-d965ccfc6d4b" outcome="Passed" testListId="8c84fa94-04c1-424b-9868-57a2d4851a1d" relativeResultsDirectory="5667bc53-895e-4f5c-b6ac-73b7652a1bd9" />
    <UnitTestResult executionId="ac2ff0b2-62e8-46ea-91a8-fc2e6c7e3ee6" testId="ed80d7ef-3acb-bb5a-d38c-8bbcc0e9a5a2" testName="GetEventSourceFromRestResource_ReturnsNull_WhenInputIsWrongFormat (resource1/resource2/resource3/828CDFC8-D728-4E83-A72F-D14709FBDA5)" computerName="DKSR-EFI-04" duration="00:00:00.0000300" startTime="2023-12-22T09:34:19.5689806+01:00" endTime="2023-12-22T09:34:19.5689806+01:00" testType="13cdc9d9-ddb5-4fa4-a97d-d965ccfc6d4b" outcome="Passed" testListId="8c84fa94-04c1-424b-9868-57a2d4851a1d" relativeResultsDirectory="ac2ff0b2-62e8-46ea-91a8-fc2e6c7e3ee6" />
    <UnitTestResult executionId="8c3f4202-026b-44d0-866e-8d3840b179b2" testId="5a76c15b-ad1b-b4ff-bd0e-e24dded2dcda" testName="TestIsInternalSidWithNull" computerName="DKSR-EFI-04" duration="00:00:00.0024164" startTime="2023-12-22T09:34:19.8346090+01:00" endTime="2023-12-22T09:34:19.8502310+01:00" testType="13cdc9d9-ddb5-4fa4-a97d-d965ccfc6d4b" outcome="Passed" testListId="8c84fa94-04c1-424b-9868-57a2d4851a1d" relativeResultsDirectory="8c3f4202-026b-44d0-866e-8d3840b179b2" />
    <UnitTestResult executionId="cd2868e4-b6cd-43e0-a9f9-0eaff86138ab" testId="9ac8edc4-fc0f-1d35-ec4c-d5d95c913e3e" testName="TestCreateBasicUserInternalSid" computerName="DKSR-EFI-04" duration="00:00:00.0003220" startTime="2023-12-22T09:34:19.8346090+01:00" endTime="2023-12-22T09:34:19.8346090+01:00" testType="13cdc9d9-ddb5-4fa4-a97d-d965ccfc6d4b" outcome="Passed" testListId="8c84fa94-04c1-424b-9868-57a2d4851a1d" relativeResultsDirectory="cd2868e4-b6cd-43e0-a9f9-0eaff86138ab" />
    <UnitTestResult executionId="a724f3e5-ba66-4cf7-8c7d-47e0983ec7c3" testId="4237c57a-bf2a-9cf6-b825-98e232071713" testName="TestIsInternalSidWithFalseResult" computerName="DKSR-EFI-04" duration="00:00:00.0000741" startTime="2023-12-22T09:34:19.8502310+01:00" endTime="2023-12-22T09:34:19.8502310+01:00" testType="13cdc9d9-ddb5-4fa4-a97d-d965ccfc6d4b" outcome="Passed" testListId="8c84fa94-04c1-424b-9868-57a2d4851a1d" relativeResultsDirectory="a724f3e5-ba66-4cf7-8c7d-47e0983ec7c3" />
    <UnitTestResult executionId="c47102f3-2f97-4de4-8d11-ee54bc1ca276" testId="1b3a9f82-619d-3788-4f63-a2b81a0b3690" testName="TestValidate" computerName="DKSR-EFI-04" duration="00:00:00.1683322" startTime="2023-12-22T09:34:19.6002310+01:00" endTime="2023-12-22T09:34:19.7721102+01:00" testType="13cdc9d9-ddb5-4fa4-a97d-d965ccfc6d4b" outcome="Passed" testListId="8c84fa94-04c1-424b-9868-57a2d4851a1d" relativeResultsDirectory="c47102f3-2f97-4de4-8d11-ee54bc1ca276" />
    <UnitTestResult executionId="4e22f88b-8d3e-4563-b9ba-8150cd30a298" testId="41be8357-ef2b-9766-8e6b-a8f96d411b90" testName="TestIsInternalSidAnAccessControlSid" computerName="DKSR-EFI-04" duration="00:00:00.0000896" startTime="2023-12-22T09:34:19.8502310+01:00" endTime="2023-12-22T09:34:19.8502310+01:00" testType="13cdc9d9-ddb5-4fa4-a97d-d965ccfc6d4b" outcome="Passed" testListId="8c84fa94-04c1-424b-9868-57a2d4851a1d" relativeResultsDirectory="4e22f88b-8d3e-4563-b9ba-8150cd30a298" />
    <UnitTestResult executionId="b8ef08e2-b4bd-454f-833b-79a0b052ac6e" testId="a3a3b2b3-1db0-96dd-0759-635fd78a4f1a" testName="TestCreateAccessControlSid" computerName="DKSR-EFI-04" duration="00:00:00.0003474" startTime="2023-12-22T09:34:19.8346090+01:00" endTime="2023-12-22T09:34:19.8346090+01:00" testType="13cdc9d9-ddb5-4fa4-a97d-d965ccfc6d4b" outcome="Passed" testListId="8c84fa94-04c1-424b-9868-57a2d4851a1d" relativeResultsDirectory="b8ef08e2-b4bd-454f-833b-79a0b052ac6e" />
    <UnitTestResult executionId="189ac16a-9713-4140-ae22-8c9ee583fad0" testId="10e7f57a-f727-d66a-3667-2965eae96403" testName="GetEventSourceFromRestResource_ReturnsNull_WhenInputIsNullEmptyString ()" computerName="DKSR-EFI-04" duration="00:00:00.0000642" startTime="2023-12-22T09:34:19.4752312+01:00" endTime="2023-12-22T09:34:19.5377327+01:00" testType="13cdc9d9-ddb5-4fa4-a97d-d965ccfc6d4b" outcome="Passed" testListId="8c84fa94-04c1-424b-9868-57a2d4851a1d" relativeResultsDirectory="189ac16a-9713-4140-ae22-8c9ee583fad0" />
    <UnitTestResult executionId="6fc7053c-3215-4050-a11f-be136075f0b7" testId="f6a099c5-608a-629c-5eb3-245a24ea88b5" testName="GetEventSourceFromRestResource_ReturnsNull_WhenInputIsWrongFormat (resource1/94A3A436-AB10-499F-8397-50777425D281/resource3/DBADC13B-75AA-414A-AA30-3B955FF82324)" computerName="DKSR-EFI-04" duration="00:00:00.0000660" startTime="2023-12-22T09:34:19.5689806+01:00" endTime="2023-12-22T09:34:19.5689806+01:00" testType="13cdc9d9-ddb5-4fa4-a97d-d965ccfc6d4b" outcome="Passed" testListId="8c84fa94-04c1-424b-9868-57a2d4851a1d" relativeResultsDirectory="6fc7053c-3215-4050-a11f-be136075f0b7" />
    <UnitTestResult executionId="9e76f6a5-0c82-4584-b013-07356e627170" testId="b0e878a1-2a9d-4d13-4573-7803c7352b4a" testName="TestValidateUsingCachedToken" computerName="DKSR-EFI-04" duration="00:00:00.0069760" startTime="2023-12-22T09:34:19.8346090+01:00" endTime="2023-12-22T09:34:19.8346090+01:00" testType="13cdc9d9-ddb5-4fa4-a97d-d965ccfc6d4b" outcome="Passed" testListId="8c84fa94-04c1-424b-9868-57a2d4851a1d" relativeResultsDirectory="9e76f6a5-0c82-4584-b013-07356e627170" />
    <UnitTestResult executionId="8742871f-0123-4fba-ae7c-5c10bba39a0d" testId="e0c35eb1-fbda-d94d-3a69-429e74a6fb0c" testName="Given_SourceKindServerServerIdNotKnown_When_Converting_OutputIsServersSlashSourceId" computerName="DKSR-EFI-04" duration="00:00:00.0017642" startTime="2023-12-22T09:34:19.2408562+01:00" endTime="2023-12-22T09:34:19.2408562+01:00" testType="13cdc9d9-ddb5-4fa4-a97d-d965ccfc6d4b" outcome="Passed" testListId="8c84fa94-04c1-424b-9868-57a2d4851a1d" relativeResultsDirectory="8742871f-0123-4fba-ae7c-5c10bba39a0d" />
  </Results>
  <TestDefinitions>
    <UnitTest name="TestValidateUsingCachedToken" storage="d:\actions-runner\_work\xpco\xpco\eventserver\server\components\central\videoos.eventserver.common.domain.unittest\bin\debug\net472\videoos.eventserver.common.domain.unittest.dll" id="b0e878a1-2a9d-4d13-4573-7803c7352b4a">
      <Execution id="9e76f6a5-0c82-4584-b013-07356e627170" />
      <TestMethod codeBase="D:\actions-runner\_work\XPCO\XPCO\EventServer\Server\Components\Central\VideoOS.EventServer.Common.Domain.UnitTest\bin\Debug\net472\VideoOS.EventServer.Common.Domain.UnitTest.dll" adapterTypeName="executor://mstestadapter/v2" className="VideoOS.EventServer.Common.Domain.UnitTest.TokenValidationTest" name="TestValidateUsingCachedToken" />
    </UnitTest>
    <UnitTest name="TestIsInternalSidAnAccessControlSidMinimal" storage="d:\actions-runner\_work\xpco\xpco\eventserver\server\components\central\videoos.eventserver.common.domain.unittest\bin\debug\net472\videoos.eventserver.common.domain.unittest.dll" id="57972347-90c7-eabd-1826-d187be8cdb09">
      <Execution id="f4868f0c-1ec9-4f68-bb8c-49d494e36909" />
      <TestMethod codeBase="D:\actions-runner\_work\XPCO\XPCO\EventServer\Server\Components\Central\VideoOS.EventServer.Common.Domain.UnitTest\bin\Debug\net472\VideoOS.EventServer.Common.Domain.UnitTest.dll" adapterTypeName="executor://mstestadapter/v2" className="VideoOS.EventServer.Common.Domain.UnitTest.UserValidation.InternalSIDTest" name="TestIsInternalSidAnAccessControlSidMinimal" />
    </UnitTest>
    <UnitTest name="GetEventSourceFromRestResource_ReturnsNull_WhenInputIsNullEmptyString ()" storage="d:\actions-runner\_work\xpco\xpco\eventserver\server\components\central\videoos.eventserver.common.domain.unittest\bin\debug\net472\videoos.eventserver.common.domain.unittest.dll" id="5f47fb14-3495-285f-dce9-a2c11e2c16ea">
      <Execution id="4364c175-9df9-4cce-a5f0-c3115376bb3a" />
      <TestMethod codeBase="D:\actions-runner\_work\XPCO\XPCO\EventServer\Server\Components\Central\VideoOS.EventServer.Common.Domain.UnitTest\bin\Debug\net472\VideoOS.EventServer.Common.Domain.UnitTest.dll" adapterTypeName="executor://mstestadapter/v2" className="VideoOS.EventServer.Common.Infrastructure.UnitTest.RestResources.RestResourceConverterTest" name="GetEventSourceFromRestResource_ReturnsNull_WhenInputIsNullEmptyString" />
    </UnitTest>
    <UnitTest name="GetEventSourceFromRestResource_ReturnsNull_WhenInputIsWrongFormat (resource1/94A3A436-AB10-499F-8397-50777425D281/resource3/DBADC13B-75AA-414A-AA30-3B955FF82324)" storage="d:\actions-runner\_work\xpco\xpco\eventserver\server\components\central\videoos.eventserver.common.domain.unittest\bin\debug\net472\videoos.eventserver.common.domain.unittest.dll" id="f6a099c5-608a-629c-5eb3-245a24ea88b5">
      <Execution id="6fc7053c-3215-4050-a11f-be136075f0b7" />
      <TestMethod codeBase="D:\actions-runner\_work\XPCO\XPCO\EventServer\Server\Components\Central\VideoOS.EventServer.Common.Domain.UnitTest\bin\Debug\net472\VideoOS.EventServer.Common.Domain.UnitTest.dll" adapterTypeName="executor://mstestadapter/v2" className="VideoOS.EventServer.Common.Infrastructure.UnitTest.RestResources.RestResourceConverterTest" name="GetEventSourceFromRestResource_ReturnsNull_WhenInputIsWrongFormat" />
    </UnitTest>
    <UnitTest name="TestIsInternalSidAnAccessControlSid" storage="d:\actions-runner\_work\xpco\xpco\eventserver\server\components\central\videoos.eventserver.common.domain.unittest\bin\debug\net472\videoos.eventserver.common.domain.unittest.dll" id="41be8357-ef2b-9766-8e6b-a8f96d411b90">
      <Execution id="4e22f88b-8d3e-4563-b9ba-8150cd30a298" />
      <TestMethod codeBase="D:\actions-runner\_work\XPCO\XPCO\EventServer\Server\Components\Central\VideoOS.EventServer.Common.Domain.UnitTest\bin\Debug\net472\VideoOS.EventServer.Common.Domain.UnitTest.dll" adapterTypeName="executor://mstestadapter/v2" className="VideoOS.EventServer.Common.Domain.UnitTest.UserValidation.InternalSIDTest" name="TestIsInternalSidAnAccessControlSid" />
    </UnitTest>
    <UnitTest name="TestConstructor" storage="d:\actions-runner\_work\xpco\xpco\eventserver\server\components\central\videoos.eventserver.common.domain.unittest\bin\debug\net472\videoos.eventserver.common.domain.unittest.dll" id="ab75a0b8-e902-a8f7-87ca-6082fff03631">
      <Execution id="4d38a3c7-b84b-408d-aae6-a4dffeca36f6" />
      <TestMethod codeBase="D:\actions-runner\_work\XPCO\XPCO\EventServer\Server\Components\Central\VideoOS.EventServer.Common.Domain.UnitTest\bin\Debug\net472\VideoOS.EventServer.Common.Domain.UnitTest.dll" adapterTypeName="executor://mstestadapter/v2" className="VideoOS.EventServer.Common.Domain.UnitTest.TokenValidationTest" name="TestConstructor" />
    </UnitTest>
    <UnitTest name="GetEventSourceFromRestResource_ReturnsNull_WhenInputIsWrongFormat (resource1/resource2/resource3/resource4/6321B9C7-9FB9-4A2C-A2FA-DA2E1105C0E9)" storage="d:\actions-runner\_work\xpco\xpco\eventserver\server\components\central\videoos.eventserver.common.domain.unittest\bin\debug\net472\videoos.eventserver.common.domain.unittest.dll" id="3a1f4c3f-822b-7d44-f0ec-6424ae450630">
      <Execution id="bc8443e4-54ac-48f1-bb2d-dffff16eb6aa" />
      <TestMethod codeBase="D:\actions-runner\_work\XPCO\XPCO\EventServer\Server\Components\Central\VideoOS.EventServer.Common.Domain.UnitTest\bin\Debug\net472\VideoOS.EventServer.Common.Domain.UnitTest.dll" adapterTypeName="executor://mstestadapter/v2" className="VideoOS.EventServer.Common.Infrastructure.UnitTest.RestResources.RestResourceConverterTest" name="GetEventSourceFromRestResource_ReturnsNull_WhenInputIsWrongFormat" />
    </UnitTest>
    <UnitTest name="Given_SourceKindUnknown_When_Converting_OutputIsMipkindsSlashkKindIdSLashMipItemsSlashSourceId" storage="d:\actions-runner\_work\xpco\xpco\eventserver\server\components\central\videoos.eventserver.common.domain.unittest\bin\debug\net472\videoos.eventserver.common.domain.unittest.dll" id="e42f811f-13fa-faf4-cfc5-af7c8f40b97d">
      <Execution id="ff4b106f-b49f-437d-9ea4-d68a64071f81" />
      <TestMethod codeBase="D:\actions-runner\_work\XPCO\XPCO\EventServer\Server\Components\Central\VideoOS.EventServer.Common.Domain.UnitTest\bin\Debug\net472\VideoOS.EventServer.Common.Domain.UnitTest.dll" adapterTypeName="executor://mstestadapter/v2" className="VideoOS.EventServer.Common.Infrastructure.UnitTest.RestResources.RestResourceConverterTest" name="Given_SourceKindUnknown_When_Converting_OutputIsMipkindsSlashkKindIdSLashMipItemsSlashSourceId" />
    </UnitTest>
    <UnitTest name="GetEventSourceFromRestResource_ReturnsNull_WhenInputIsWrongFormat (resource1/resource2/resource3/828CDFC8-D728-4E83-A72F-D14709FBDA5)" storage="d:\actions-runner\_work\xpco\xpco\eventserver\server\components\central\videoos.eventserver.common.domain.unittest\bin\debug\net472\videoos.eventserver.common.domain.unittest.dll" id="ed80d7ef-3acb-bb5a-d38c-8bbcc0e9a5a2">
      <Execution id="ac2ff0b2-62e8-46ea-91a8-fc2e6c7e3ee6" />
      <TestMethod codeBase="D:\actions-runner\_work\XPCO\XPCO\EventServer\Server\Components\Central\VideoOS.EventServer.Common.Domain.UnitTest\bin\Debug\net472\VideoOS.EventServer.Common.Domain.UnitTest.dll" adapterTypeName="executor://mstestadapter/v2" className="VideoOS.EventServer.Common.Infrastructure.UnitTest.RestResources.RestResourceConverterTest" name="GetEventSourceFromRestResource_ReturnsNull_WhenInputIsWrongFormat" />
    </UnitTest>
    <UnitTest name="TestIsInternalSidABasicUserSidMinimal" storage="d:\actions-runner\_work\xpco\xpco\eventserver\server\components\central\videoos.eventserver.common.domain.unittest\bin\debug\net472\videoos.eventserver.common.domain.unittest.dll" id="eaf4b435-5c07-cd6f-15cc-5e0db9d61d5d">
      <Execution id="41aedf39-3989-40f3-8484-3515a455ea34" />
      <TestMethod codeBase="D:\actions-runner\_work\XPCO\XPCO\EventServer\Server\Components\Central\VideoOS.EventServer.Common.Domain.UnitTest\bin\Debug\net472\VideoOS.EventServer.Common.Domain.UnitTest.dll" adapterTypeName="executor://mstestadapter/v2" className="VideoOS.EventServer.Common.Domain.UnitTest.UserValidation.InternalSIDTest" name="TestIsInternalSidABasicUserSidMinimal" />
    </UnitTest>
    <UnitTest name="TestCreateBasicUserInternalSid" storage="d:\actions-runner\_work\xpco\xpco\eventserver\server\components\central\videoos.eventserver.common.domain.unittest\bin\debug\net472\videoos.eventserver.common.domain.unittest.dll" id="9ac8edc4-fc0f-1d35-ec4c-d5d95c913e3e">
      <Execution id="cd2868e4-b6cd-43e0-a9f9-0eaff86138ab" />
      <TestMethod codeBase="D:\actions-runner\_work\XPCO\XPCO\EventServer\Server\Components\Central\VideoOS.EventServer.Common.Domain.UnitTest\bin\Debug\net472\VideoOS.EventServer.Common.Domain.UnitTest.dll" adapterTypeName="executor://mstestadapter/v2" className="VideoOS.EventServer.Common.Domain.UnitTest.UserValidation.InternalSIDTest" name="TestCreateBasicUserInternalSid" />
    </UnitTest>
    <UnitTest name="Given_SourceKindCamera_When_Converting_OutputIsCamerasSlashSourceId" storage="d:\actions-runner\_work\xpco\xpco\eventserver\server\components\central\videoos.eventserver.common.domain.unittest\bin\debug\net472\videoos.eventserver.common.domain.unittest.dll" id="720defcb-3d81-d250-9e1c-6bd1f007c81f">
      <Execution id="5f980ac9-18ba-4dfb-aa16-f3efee90fdfd" />
      <TestMethod codeBase="D:\actions-runner\_work\XPCO\XPCO\EventServer\Server\Components\Central\VideoOS.EventServer.Common.Domain.UnitTest\bin\Debug\net472\VideoOS.EventServer.Common.Domain.UnitTest.dll" adapterTypeName="executor://mstestadapter/v2" className="VideoOS.EventServer.Common.Infrastructure.UnitTest.RestResources.RestResourceConverterTest" name="Given_SourceKindCamera_When_Converting_OutputIsCamerasSlashSourceId" />
    </UnitTest>
    <UnitTest name="GetEventSourceFromRestResource_ReturnsNull_WhenInputIsNullEmptyString ( )" storage="d:\actions-runner\_work\xpco\xpco\eventserver\server\components\central\videoos.eventserver.common.domain.unittest\bin\debug\net472\videoos.eventserver.common.domain.unittest.dll" id="fa78b976-0256-1726-4d98-674ea96bc744">
      <Execution id="5667bc53-895e-4f5c-b6ac-73b7652a1bd9" />
      <TestMethod codeBase="D:\actions-runner\_work\XPCO\XPCO\EventServer\Server\Components\Central\VideoOS.EventServer.Common.Domain.UnitTest\bin\Debug\net472\VideoOS.EventServer.Common.Domain.UnitTest.dll" adapterTypeName="executor://mstestadapter/v2" className="VideoOS.EventServer.Common.Infrastructure.UnitTest.RestResources.RestResourceConverterTest" name="GetEventSourceFromRestResource_ReturnsNull_WhenInputIsNullEmptyString" />
    </UnitTest>
    <UnitTest name="TestValidate" storage="d:\actions-runner\_work\xpco\xpco\eventserver\server\components\central\videoos.eventserver.common.domain.unittest\bin\debug\net472\videoos.eventserver.common.domain.unittest.dll" id="1b3a9f82-619d-3788-4f63-a2b81a0b3690">
      <Execution id="c47102f3-2f97-4de4-8d11-ee54bc1ca276" />
      <TestMethod codeBase="D:\actions-runner\_work\XPCO\XPCO\EventServer\Server\Components\Central\VideoOS.EventServer.Common.Domain.UnitTest\bin\Debug\net472\VideoOS.EventServer.Common.Domain.UnitTest.dll" adapterTypeName="executor://mstestadapter/v2" className="VideoOS.EventServer.Common.Domain.UnitTest.NoValidationTest" name="TestValidate" />
    </UnitTest>
    <UnitTest name="Given_SourceKindBuiltin_When_Converting_OutputIsKindGuidSlashSourceId" storage="d:\actions-runner\_work\xpco\xpco\eventserver\server\components\central\videoos.eventserver.common.domain.unittest\bin\debug\net472\videoos.eventserver.common.domain.unittest.dll" id="127553a0-01d5-4d27-0154-27b85e95b753">
      <Execution id="e170d95c-6f73-4b80-b6d6-5930badef1b2" />
      <TestMethod codeBase="D:\actions-runner\_work\XPCO\XPCO\EventServer\Server\Components\Central\VideoOS.EventServer.Common.Domain.UnitTest\bin\Debug\net472\VideoOS.EventServer.Common.Domain.UnitTest.dll" adapterTypeName="executor://mstestadapter/v2" className="VideoOS.EventServer.Common.Infrastructure.UnitTest.RestResources.RestResourceConverterTest" name="Given_SourceKindBuiltin_When_Converting_OutputIsKindGuidSlashSourceId" />
    </UnitTest>
    <UnitTest name="TestCreateAccessControlSid" storage="d:\actions-runner\_work\xpco\xpco\eventserver\server\components\central\videoos.eventserver.common.domain.unittest\bin\debug\net472\videoos.eventserver.common.domain.unittest.dll" id="a3a3b2b3-1db0-96dd-0759-635fd78a4f1a">
      <Execution id="b8ef08e2-b4bd-454f-833b-79a0b052ac6e" />
      <TestMethod codeBase="D:\actions-runner\_work\XPCO\XPCO\EventServer\Server\Components\Central\VideoOS.EventServer.Common.Domain.UnitTest\bin\Debug\net472\VideoOS.EventServer.Common.Domain.UnitTest.dll" adapterTypeName="executor://mstestadapter/v2" className="VideoOS.EventServer.Common.Domain.UnitTest.UserValidation.InternalSIDTest" name="TestCreateAccessControlSid" />
    </UnitTest>
    <UnitTest name="Given_SourceKindServerServerIdIsManagementServer_When_Converting_OutputIsSitesSlashSourceId" storage="d:\actions-runner\_work\xpco\xpco\eventserver\server\components\central\videoos.eventserver.common.domain.unittest\bin\debug\net472\videoos.eventserver.common.domain.unittest.dll" id="bb3a5fc1-9522-7397-f6db-45a8a1a56af1">
      <Execution id="aa1fc858-d6c3-41af-995f-a44edce92952" />
      <TestMethod codeBase="D:\actions-runner\_work\XPCO\XPCO\EventServer\Server\Components\Central\VideoOS.EventServer.Common.Domain.UnitTest\bin\Debug\net472\VideoOS.EventServer.Common.Domain.UnitTest.dll" adapterTypeName="executor://mstestadapter/v2" className="VideoOS.EventServer.Common.Infrastructure.UnitTest.RestResources.RestResourceConverterTest" name="Given_SourceKindServerServerIdIsManagementServer_When_Converting_OutputIsSitesSlashSourceId" />
    </UnitTest>
    <UnitTest name="GetEventSourceFromRestResource_ReturnsValidEventSource_WhenInputIsCorrect" storage="d:\actions-runner\_work\xpco\xpco\eventserver\server\components\central\videoos.eventserver.common.domain.unittest\bin\debug\net472\videoos.eventserver.common.domain.unittest.dll" id="f90e980f-2380-337d-96b4-0f4226dba9e4">
      <Execution id="da45f01a-f809-40c8-8487-72fb3c1bf525" />
      <TestMethod codeBase="D:\actions-runner\_work\XPCO\XPCO\EventServer\Server\Components\Central\VideoOS.EventServer.Common.Domain.UnitTest\bin\Debug\net472\VideoOS.EventServer.Common.Domain.UnitTest.dll" adapterTypeName="executor://mstestadapter/v2" className="VideoOS.EventServer.Common.Infrastructure.UnitTest.RestResources.RestResourceConverterTest" name="GetEventSourceFromRestResource_ReturnsValidEventSource_WhenInputIsCorrect" />
    </UnitTest>
    <UnitTest name="TestIsInternalSidWithNull" storage="d:\actions-runner\_work\xpco\xpco\eventserver\server\components\central\videoos.eventserver.common.domain.unittest\bin\debug\net472\videoos.eventserver.common.domain.unittest.dll" id="5a76c15b-ad1b-b4ff-bd0e-e24dded2dcda">
      <Execution id="8c3f4202-026b-44d0-866e-8d3840b179b2" />
      <TestMethod codeBase="D:\actions-runner\_work\XPCO\XPCO\EventServer\Server\Components\Central\VideoOS.EventServer.Common.Domain.UnitTest\bin\Debug\net472\VideoOS.EventServer.Common.Domain.UnitTest.dll" adapterTypeName="executor://mstestadapter/v2" className="VideoOS.EventServer.Common.Domain.UnitTest.UserValidation.InternalSIDTest" name="TestIsInternalSidWithNull" />
    </UnitTest>
    <UnitTest name="GetEventSourceFromRestResource_ReturnsNull_WhenInputIsWrongFormat (cameras\2BE1DB75-C6D2-4EDA-904C-AC176F2E4E96)" storage="d:\actions-runner\_work\xpco\xpco\eventserver\server\components\central\videoos.eventserver.common.domain.unittest\bin\debug\net472\videoos.eventserver.common.domain.unittest.dll" id="35918daa-b468-4e0b-6467-60d63ca72d2f">
      <Execution id="991549e0-0643-40c8-9f27-bd96afb713d7" />
      <TestMethod codeBase="D:\actions-runner\_work\XPCO\XPCO\EventServer\Server\Components\Central\VideoOS.EventServer.Common.Domain.UnitTest\bin\Debug\net472\VideoOS.EventServer.Common.Domain.UnitTest.dll" adapterTypeName="executor://mstestadapter/v2" className="VideoOS.EventServer.Common.Infrastructure.UnitTest.RestResources.RestResourceConverterTest" name="GetEventSourceFromRestResource_ReturnsNull_WhenInputIsWrongFormat" />
    </UnitTest>
    <UnitTest name="Given_SourceKindServerServerIdNotKnown_When_Converting_OutputIsServersSlashSourceId" storage="d:\actions-runner\_work\xpco\xpco\eventserver\server\components\central\videoos.eventserver.common.domain.unittest\bin\debug\net472\videoos.eventserver.common.domain.unittest.dll" id="e0c35eb1-fbda-d94d-3a69-429e74a6fb0c">
      <Execution id="8742871f-0123-4fba-ae7c-5c10bba39a0d" />
      <TestMethod codeBase="D:\actions-runner\_work\XPCO\XPCO\EventServer\Server\Components\Central\VideoOS.EventServer.Common.Domain.UnitTest\bin\Debug\net472\VideoOS.EventServer.Common.Domain.UnitTest.dll" adapterTypeName="executor://mstestadapter/v2" className="VideoOS.EventServer.Common.Infrastructure.UnitTest.RestResources.RestResourceConverterTest" name="Given_SourceKindServerServerIdNotKnown_When_Converting_OutputIsServersSlashSourceId" />
    </UnitTest>
    <UnitTest name="TestGetUserNameFromInternalSid" storage="d:\actions-runner\_work\xpco\xpco\eventserver\server\components\central\videoos.eventserver.common.domain.unittest\bin\debug\net472\videoos.eventserver.common.domain.unittest.dll" id="dbf8d8e2-ae89-ffe4-efae-890cca060c85">
      <Execution id="20cbf2cf-446f-48ab-b65b-afc370c0e9c3" />
      <TestMethod codeBase="D:\actions-runner\_work\XPCO\XPCO\EventServer\Server\Components\Central\VideoOS.EventServer.Common.Domain.UnitTest\bin\Debug\net472\VideoOS.EventServer.Common.Domain.UnitTest.dll" adapterTypeName="executor://mstestadapter/v2" className="VideoOS.EventServer.Common.Domain.UnitTest.UserValidation.InternalSIDTest" name="TestGetUserNameFromInternalSid" />
    </UnitTest>
    <UnitTest name="TestValidateWithInvalidToken" storage="d:\actions-runner\_work\xpco\xpco\eventserver\server\components\central\videoos.eventserver.common.domain.unittest\bin\debug\net472\videoos.eventserver.common.domain.unittest.dll" id="8e910ac0-4390-50a4-8111-cb4e682ab1c1">
      <Execution id="9a4502ec-6731-4780-8178-0593f3242de9" />
      <TestMethod codeBase="D:\actions-runner\_work\XPCO\XPCO\EventServer\Server\Components\Central\VideoOS.EventServer.Common.Domain.UnitTest\bin\Debug\net472\VideoOS.EventServer.Common.Domain.UnitTest.dll" adapterTypeName="executor://mstestadapter/v2" className="VideoOS.EventServer.Common.Domain.UnitTest.TokenValidationTest" name="TestValidateWithInvalidToken" />
    </UnitTest>
    <UnitTest name="Converter_ReturnsResource_WhenUserDefinedEvent" storage="d:\actions-runner\_work\xpco\xpco\eventserver\server\components\central\videoos.eventserver.common.domain.unittest\bin\debug\net472\videoos.eventserver.common.domain.unittest.dll" id="ac790b5a-3630-bd89-3c6b-3c79cbd71a7f">
      <Execution id="a783d187-8c53-49fd-958c-e874ba4ea7d8" />
      <TestMethod codeBase="D:\actions-runner\_work\XPCO\XPCO\EventServer\Server\Components\Central\VideoOS.EventServer.Common.Domain.UnitTest\bin\Debug\net472\VideoOS.EventServer.Common.Domain.UnitTest.dll" adapterTypeName="executor://mstestadapter/v2" className="VideoOS.EventServer.Common.Infrastructure.UnitTest.RestResources.RestResourceConverterTest" name="Converter_ReturnsResource_WhenUserDefinedEvent" />
    </UnitTest>
    <UnitTest name="TestIsInternalSidABasicUserSid" storage="d:\actions-runner\_work\xpco\xpco\eventserver\server\components\central\videoos.eventserver.common.domain.unittest\bin\debug\net472\videoos.eventserver.common.domain.unittest.dll" id="73088c1d-60f5-4fb8-506d-42494d70aa2e">
      <Execution id="a303bcdc-119a-48b0-861a-5771000d0128" />
      <TestMethod codeBase="D:\actions-runner\_work\XPCO\XPCO\EventServer\Server\Components\Central\VideoOS.EventServer.Common.Domain.UnitTest\bin\Debug\net472\VideoOS.EventServer.Common.Domain.UnitTest.dll" adapterTypeName="executor://mstestadapter/v2" className="VideoOS.EventServer.Common.Domain.UnitTest.UserValidation.InternalSIDTest" name="TestIsInternalSidABasicUserSid" />
    </UnitTest>
    <UnitTest name="GetEventSourceFromRestResource_ReturnsNull_WhenInputIsWrongFormat (bahur/7652A98E-D044-48CB-BCCD-5A3ABD9BD552)" storage="d:\actions-runner\_work\xpco\xpco\eventserver\server\components\central\videoos.eventserver.common.domain.unittest\bin\debug\net472\videoos.eventserver.common.domain.unittest.dll" id="303d385e-a5d5-8905-4d3c-8c9238bfc475">
      <Execution id="1b135e38-4149-4a26-ae5a-ae11992efeca" />
      <TestMethod codeBase="D:\actions-runner\_work\XPCO\XPCO\EventServer\Server\Components\Central\VideoOS.EventServer.Common.Domain.UnitTest\bin\Debug\net472\VideoOS.EventServer.Common.Domain.UnitTest.dll" adapterTypeName="executor://mstestadapter/v2" className="VideoOS.EventServer.Common.Infrastructure.UnitTest.RestResources.RestResourceConverterTest" name="GetEventSourceFromRestResource_ReturnsNull_WhenInputIsWrongFormat" />
    </UnitTest>
    <UnitTest name="TestIsInternalSidWithFalseResult" storage="d:\actions-runner\_work\xpco\xpco\eventserver\server\components\central\videoos.eventserver.common.domain.unittest\bin\debug\net472\videoos.eventserver.common.domain.unittest.dll" id="4237c57a-bf2a-9cf6-b825-98e232071713">
      <Execution id="a724f3e5-ba66-4cf7-8c7d-47e0983ec7c3" />
      <TestMethod codeBase="D:\actions-runner\_work\XPCO\XPCO\EventServer\Server\Components\Central\VideoOS.EventServer.Common.Domain.UnitTest\bin\Debug\net472\VideoOS.EventServer.Common.Domain.UnitTest.dll" adapterTypeName="executor://mstestadapter/v2" className="VideoOS.EventServer.Common.Domain.UnitTest.UserValidation.InternalSIDTest" name="TestIsInternalSidWithFalseResult" />
    </UnitTest>
    <UnitTest name="GetEventSourceFromRestResource_ReturnsNull_WhenInputIsWrongFormat (resource1/resource2/141FD3EA-7EB9-486A-9704-A0643E3AB99A)" storage="d:\actions-runner\_work\xpco\xpco\eventserver\server\components\central\videoos.eventserver.common.domain.unittest\bin\debug\net472\videoos.eventserver.common.domain.unittest.dll" id="4a84b57f-02bf-fe4c-ee6c-46717956ff9e">
      <Execution id="6c3ffc64-c47d-4015-978f-82984758176a" />
      <TestMethod codeBase="D:\actions-runner\_work\XPCO\XPCO\EventServer\Server\Components\Central\VideoOS.EventServer.Common.Domain.UnitTest\bin\Debug\net472\VideoOS.EventServer.Common.Domain.UnitTest.dll" adapterTypeName="executor://mstestadapter/v2" className="VideoOS.EventServer.Common.Infrastructure.UnitTest.RestResources.RestResourceConverterTest" name="GetEventSourceFromRestResource_ReturnsNull_WhenInputIsWrongFormat" />
    </UnitTest>
    <UnitTest name="GetEventSourceFromRestResource_ReturnsNull_WhenInputIsNullEmptyString ()" storage="d:\actions-runner\_work\xpco\xpco\eventserver\server\components\central\videoos.eventserver.common.domain.unittest\bin\debug\net472\videoos.eventserver.common.domain.unittest.dll" id="10e7f57a-f727-d66a-3667-2965eae96403">
      <Execution id="189ac16a-9713-4140-ae22-8c9ee583fad0" />
      <TestMethod codeBase="D:\actions-runner\_work\XPCO\XPCO\EventServer\Server\Components\Central\VideoOS.EventServer.Common.Domain.UnitTest\bin\Debug\net472\VideoOS.EventServer.Common.Domain.UnitTest.dll" adapterTypeName="executor://mstestadapter/v2" className="VideoOS.EventServer.Common.Infrastructure.UnitTest.RestResources.RestResourceConverterTest" name="GetEventSourceFromRestResource_ReturnsNull_WhenInputIsNullEmptyString" />
    </UnitTest>
  </TestDefinitions>
  <TestEntries>
    <TestEntry testId="8e910ac0-4390-50a4-8111-cb4e682ab1c1" executionId="9a4502ec-6731-4780-8178-0593f3242de9" testListId="8c84fa94-04c1-424b-9868-57a2d4851a1d" />
    <TestEntry testId="e42f811f-13fa-faf4-cfc5-af7c8f40b97d" executionId="ff4b106f-b49f-437d-9ea4-d68a64071f81" testListId="8c84fa94-04c1-424b-9868-57a2d4851a1d" />
    <TestEntry testId="127553a0-01d5-4d27-0154-27b85e95b753" executionId="e170d95c-6f73-4b80-b6d6-5930badef1b2" testListId="8c84fa94-04c1-424b-9868-57a2d4851a1d" />
    <TestEntry testId="35918daa-b468-4e0b-6467-60d63ca72d2f" executionId="991549e0-0643-40c8-9f27-bd96afb713d7" testListId="8c84fa94-04c1-424b-9868-57a2d4851a1d" />
    <TestEntry testId="bb3a5fc1-9522-7397-f6db-45a8a1a56af1" executionId="aa1fc858-d6c3-41af-995f-a44edce92952" testListId="8c84fa94-04c1-424b-9868-57a2d4851a1d" />
    <TestEntry testId="5f47fb14-3495-285f-dce9-a2c11e2c16ea" executionId="4364c175-9df9-4cce-a5f0-c3115376bb3a" testListId="8c84fa94-04c1-424b-9868-57a2d4851a1d" />
    <TestEntry testId="eaf4b435-5c07-cd6f-15cc-5e0db9d61d5d" executionId="41aedf39-3989-40f3-8484-3515a455ea34" testListId="8c84fa94-04c1-424b-9868-57a2d4851a1d" />
    <TestEntry testId="f90e980f-2380-337d-96b4-0f4226dba9e4" executionId="da45f01a-f809-40c8-8487-72fb3c1bf525" testListId="8c84fa94-04c1-424b-9868-57a2d4851a1d" />
    <TestEntry testId="ab75a0b8-e902-a8f7-87ca-6082fff03631" executionId="4d38a3c7-b84b-408d-aae6-a4dffeca36f6" testListId="8c84fa94-04c1-424b-9868-57a2d4851a1d" />
    <TestEntry testId="ac790b5a-3630-bd89-3c6b-3c79cbd71a7f" executionId="a783d187-8c53-49fd-958c-e874ba4ea7d8" testListId="8c84fa94-04c1-424b-9868-57a2d4851a1d" />
    <TestEntry testId="73088c1d-60f5-4fb8-506d-42494d70aa2e" executionId="a303bcdc-119a-48b0-861a-5771000d0128" testListId="8c84fa94-04c1-424b-9868-57a2d4851a1d" />
    <TestEntry testId="303d385e-a5d5-8905-4d3c-8c9238bfc475" executionId="1b135e38-4149-4a26-ae5a-ae11992efeca" testListId="8c84fa94-04c1-424b-9868-57a2d4851a1d" />
    <TestEntry testId="720defcb-3d81-d250-9e1c-6bd1f007c81f" executionId="5f980ac9-18ba-4dfb-aa16-f3efee90fdfd" testListId="8c84fa94-04c1-424b-9868-57a2d4851a1d" />
    <TestEntry testId="dbf8d8e2-ae89-ffe4-efae-890cca060c85" executionId="20cbf2cf-446f-48ab-b65b-afc370c0e9c3" testListId="8c84fa94-04c1-424b-9868-57a2d4851a1d" />
    <TestEntry testId="57972347-90c7-eabd-1826-d187be8cdb09" executionId="f4868f0c-1ec9-4f68-bb8c-49d494e36909" testListId="8c84fa94-04c1-424b-9868-57a2d4851a1d" />
    <TestEntry testId="3a1f4c3f-822b-7d44-f0ec-6424ae450630" executionId="bc8443e4-54ac-48f1-bb2d-dffff16eb6aa" testListId="8c84fa94-04c1-424b-9868-57a2d4851a1d" />
    <TestEntry testId="4a84b57f-02bf-fe4c-ee6c-46717956ff9e" executionId="6c3ffc64-c47d-4015-978f-82984758176a" testListId="8c84fa94-04c1-424b-9868-57a2d4851a1d" />
    <TestEntry testId="fa78b976-0256-1726-4d98-674ea96bc744" executionId="5667bc53-895e-4f5c-b6ac-73b7652a1bd9" testListId="8c84fa94-04c1-424b-9868-57a2d4851a1d" />
    <TestEntry testId="ed80d7ef-3acb-bb5a-d38c-8bbcc0e9a5a2" executionId="ac2ff0b2-62e8-46ea-91a8-fc2e6c7e3ee6" testListId="8c84fa94-04c1-424b-9868-57a2d4851a1d" />
    <TestEntry testId="5a76c15b-ad1b-b4ff-bd0e-e24dded2dcda" executionId="8c3f4202-026b-44d0-866e-8d3840b179b2" testListId="8c84fa94-04c1-424b-9868-57a2d4851a1d" />
    <TestEntry testId="9ac8edc4-fc0f-1d35-ec4c-d5d95c913e3e" executionId="cd2868e4-b6cd-43e0-a9f9-0eaff86138ab" testListId="8c84fa94-04c1-424b-9868-57a2d4851a1d" />
    <TestEntry testId="4237c57a-bf2a-9cf6-b825-98e232071713" executionId="a724f3e5-ba66-4cf7-8c7d-47e0983ec7c3" testListId="8c84fa94-04c1-424b-9868-57a2d4851a1d" />
    <TestEntry testId="1b3a9f82-619d-3788-4f63-a2b81a0b3690" executionId="c47102f3-2f97-4de4-8d11-ee54bc1ca276" testListId="8c84fa94-04c1-424b-9868-57a2d4851a1d" />
    <TestEntry testId="41be8357-ef2b-9766-8e6b-a8f96d411b90" executionId="4e22f88b-8d3e-4563-b9ba-8150cd30a298" testListId="8c84fa94-04c1-424b-9868-57a2d4851a1d" />
    <TestEntry testId="a3a3b2b3-1db0-96dd-0759-635fd78a4f1a" executionId="b8ef08e2-b4bd-454f-833b-79a0b052ac6e" testListId="8c84fa94-04c1-424b-9868-57a2d4851a1d" />
    <TestEntry testId="10e7f57a-f727-d66a-3667-2965eae96403" executionId="189ac16a-9713-4140-ae22-8c9ee583fad0" testListId="8c84fa94-04c1-424b-9868-57a2d4851a1d" />
    <TestEntry testId="f6a099c5-608a-629c-5eb3-245a24ea88b5" executionId="6fc7053c-3215-4050-a11f-be136075f0b7" testListId="8c84fa94-04c1-424b-9868-57a2d4851a1d" />
    <TestEntry testId="b0e878a1-2a9d-4d13-4573-7803c7352b4a" executionId="9e76f6a5-0c82-4584-b013-07356e627170" testListId="8c84fa94-04c1-424b-9868-57a2d4851a1d" />
    <TestEntry testId="e0c35eb1-fbda-d94d-3a69-429e74a6fb0c" executionId="8742871f-0123-4fba-ae7c-5c10bba39a0d" testListId="8c84fa94-04c1-424b-9868-57a2d4851a1d" />
  </TestEntries>
  <TestLists>
    <TestList name="Results Not in a List" id="8c84fa94-04c1-424b-9868-57a2d4851a1d" />
    <TestList name="All Loaded Results" id="19431567-8539-422a-85d7-44ee4e166bda" />
  </TestLists>
  <ResultSummary outcome="Completed">
    <Counters total="29" executed="29" passed="29" failed="0" error="0" timeout="0" aborted="0" inconclusive="0" passedButRunAborted="0" notRunnable="0" notExecuted="0" disconnected="0" warning="0" completed="0" inProgress="0" pending="0" />
  </ResultSummary>
</TestRun>