<?xml version="1.0" encoding="utf-8"?>
<TestRun id="92dd45d2-96c6-4081-b570-1b79ab9eb0d8" name="DKSR-EFI-04$@DKSR-EFI-04 2023-12-22 09:32:15" runUser="NT AUTHORITY\NETWORK SERVICE" xmlns="http://microsoft.com/schemas/VisualStudio/TeamTest/2010">
  <Times creation="2023-12-22T09:32:15.1621339+01:00" queuing="2023-12-22T09:32:15.1621339+01:00" start="2023-12-22T09:32:12.2714953+01:00" finish="2023-12-22T09:32:15.6465132+01:00" />
  <TestSettings name="default" id="5bc7e51a-e721-43e3-914e-101902a4e3de">
    <Deployment runDeploymentRoot="DKSR-EFI-04$_DKSR-EFI-04_2023-12-22_09_32_15" />
  </TestSettings>
  <Results>
    <UnitTestResult executionId="f2403559-996a-41e6-be1f-939d05a71fdb" testId="d64c1645-b9a2-04fb-59c5-49fae783491a" testName="Given_ADatamodelExists_When_PersistConfiguration_Then_TheManagementServerAddressIsPersisted" computerName="DKSR-EFI-04" duration="00:00:00.0036924" startTime="2023-12-22T09:32:15.0241449+01:00" endTime="2023-12-22T09:32:15.0279435+01:00" testType="13cdc9d9-ddb5-4fa4-a97d-d965ccfc6d4b" outcome="Passed" testListId="8c84fa94-04c1-424b-9868-57a2d4851a1d" relativeResultsDirectory="f2403559-996a-41e6-be1f-939d05a71fdb" />
    <UnitTestResult executionId="80c9a9b3-cb87-4b38-a55e-984d43a42ef8" testId="b3ffba2b-5a91-d7b9-f0f5-bc1ade9a04d1" testName="Given_Nothing_When_SetAppConfigDataWithInvalidData_Then_AllPropertiesOnTheIAppConfigInterfaceHasBeenToDefault" computerName="DKSR-EFI-04" duration="00:00:00.0402705" startTime="2023-12-22T09:32:14.6368080+01:00" endTime="2023-12-22T09:32:14.6773601+01:00" testType="13cdc9d9-ddb5-4fa4-a97d-d965ccfc6d4b" outcome="Passed" testListId="8c84fa94-04c1-424b-9868-57a2d4851a1d" relativeResultsDirectory="80c9a9b3-cb87-4b38-a55e-984d43a42ef8" />
    <UnitTestResult executionId="a3456868-6b69-44ab-96b0-637791fd2930" testId="1b710e5b-adf9-d1d7-afd6-9c10636e711c" testName="Given_AccessIsDeniedToTheConfigurationFile_When_PersistingConfigurationn_Then_ErrorIsLoggedAndAnExceptionIsThrown" computerName="DKSR-EFI-04" duration="00:00:00.0064022" startTime="2023-12-22T09:32:15.3140115+01:00" endTime="2023-12-22T09:32:15.3216291+01:00" testType="13cdc9d9-ddb5-4fa4-a97d-d965ccfc6d4b" outcome="Passed" testListId="8c84fa94-04c1-424b-9868-57a2d4851a1d" relativeResultsDirectory="a3456868-6b69-44ab-96b0-637791fd2930" />
    <UnitTestResult executionId="5d7124d2-4fba-4eca-9d45-9abf5f109bc6" testId="ae83fefc-0054-1db0-ab85-863e0b7c8820" testName="Given_AnSiteIdIsPersisted_When_LoadConfiguration_Then_TheSiteIdIsSetInTheConfigurationModel" computerName="DKSR-EFI-04" duration="00:00:00.0138769" startTime="2023-12-22T09:32:14.9763643+01:00" endTime="2023-12-22T09:32:14.9904108+01:00" testType="13cdc9d9-ddb5-4fa4-a97d-d965ccfc6d4b" outcome="Passed" testListId="8c84fa94-04c1-424b-9868-57a2d4851a1d" relativeResultsDirectory="5d7124d2-4fba-4eca-9d45-9abf5f109bc6" />
    <UnitTestResult executionId="148007d6-1c62-40e3-b53a-173d2532920d" testId="2657714d-8d17-4e76-358b-80c8f96cb172" testName="Given_AManagementServerAddressIsPersisted_When_LoadConfiguration_Then_TheManagementServerAddressIsSetInTheConfigurationModel" computerName="DKSR-EFI-04" duration="00:00:00.0141153" startTime="2023-12-22T09:32:14.9904750+01:00" endTime="2023-12-22T09:32:15.0047456+01:00" testType="13cdc9d9-ddb5-4fa4-a97d-d965ccfc6d4b" outcome="Passed" testListId="8c84fa94-04c1-424b-9868-57a2d4851a1d" relativeResultsDirectory="148007d6-1c62-40e3-b53a-173d2532920d" />
    <UnitTestResult executionId="5cd21fd9-1e77-41c8-b388-6b3fd5d9609a" testId="05a198e5-86b9-714f-b1b8-61194132861f" testName="Given_Nothing_When_SetAppConfigData_Then_AllPropertiesOnTheAppConfigDataInTheConfigurationModelHasBeenSet" computerName="DKSR-EFI-04" duration="00:00:00.3649401" startTime="2023-12-22T09:32:14.2241658+01:00" endTime="2023-12-22T09:32:14.6262317+01:00" testType="13cdc9d9-ddb5-4fa4-a97d-d965ccfc6d4b" outcome="Passed" testListId="8c84fa94-04c1-424b-9868-57a2d4851a1d" relativeResultsDirectory="5cd21fd9-1e77-41c8-b388-6b3fd5d9609a" />
    <UnitTestResult executionId="1cc8aaf6-8b1c-40d6-9774-6013bdbbe31e" testId="00678eaf-63c3-ff45-e478-0f9614ac8f87" testName="Given_ADatamodelExists_When_PersistConfiguration_Then_TheConfigurationFileIsCreatedAtTheCorrectPath" computerName="DKSR-EFI-04" duration="00:00:00.0130189" startTime="2023-12-22T09:32:15.0048038+01:00" endTime="2023-12-22T09:32:15.0179697+01:00" testType="13cdc9d9-ddb5-4fa4-a97d-d965ccfc6d4b" outcome="Passed" testListId="8c84fa94-04c1-424b-9868-57a2d4851a1d" relativeResultsDirectory="1cc8aaf6-8b1c-40d6-9774-6013bdbbe31e" />
    <UnitTestResult executionId="29165e40-0774-4fab-9993-662332b3993c" testId="bc47a506-b2f1-f585-5890-db5526660f72" testName="Given_NoConfigurationIsPersisted_When_LoadConfiguration_Then_AnExceptionIsThrown" computerName="DKSR-EFI-04" duration="00:00:00.0454364" startTime="2023-12-22T09:32:15.0858783+01:00" endTime="2023-12-22T09:32:15.1316275+01:00" testType="13cdc9d9-ddb5-4fa4-a97d-d965ccfc6d4b" outcome="Passed" testListId="8c84fa94-04c1-424b-9868-57a2d4851a1d" relativeResultsDirectory="29165e40-0774-4fab-9993-662332b3993c" />
    <UnitTestResult executionId="69db8f30-3ca6-47a7-ab53-f898beeb4c64" testId="3740d974-a6e4-aa99-c6ad-4b8d3881055d" testName="Given_AConfigurationFileExists_When_LoadConfiguration_Then_TheConfigurationFileIsOpenedAtCorrectPath" computerName="DKSR-EFI-04" duration="00:00:00.2985582" startTime="2023-12-22T09:32:14.6774282+01:00" endTime="2023-12-22T09:32:14.9763027+01:00" testType="13cdc9d9-ddb5-4fa4-a97d-d965ccfc6d4b" outcome="Passed" testListId="8c84fa94-04c1-424b-9868-57a2d4851a1d" relativeResultsDirectory="69db8f30-3ca6-47a7-ab53-f898beeb4c64" />
    <UnitTestResult executionId="9eb49d73-c50e-42eb-9376-322db98ea215" testId="c832aee4-1bed-48a9-d9fd-d29872829fcb" testName="Given_AccessIsDeniedToTheConfigurationFile_When_LoadingConfigurationn_Then_ErrorIsLoggedAndAnExceptionIsThrown" computerName="DKSR-EFI-04" duration="00:00:00.1820091" startTime="2023-12-22T09:32:15.1317106+01:00" endTime="2023-12-22T09:32:15.3139423+01:00" testType="13cdc9d9-ddb5-4fa4-a97d-d965ccfc6d4b" outcome="Passed" testListId="8c84fa94-04c1-424b-9868-57a2d4851a1d" relativeResultsDirectory="9eb49d73-c50e-42eb-9376-322db98ea215" />
    <UnitTestResult executionId="6759887e-9c82-4a81-98a2-25f3cef7961e" testId="e798a8bd-795e-759f-a5db-2ead81c4a912" testName="Given_ADatamodelExists_When_PersistConfiguration_Then_TheSiteIdIsPersisted" computerName="DKSR-EFI-04" duration="00:00:00.0059319" startTime="2023-12-22T09:32:15.0180349+01:00" endTime="2023-12-22T09:32:15.0240967+01:00" testType="13cdc9d9-ddb5-4fa4-a97d-d965ccfc6d4b" outcome="Passed" testListId="8c84fa94-04c1-424b-9868-57a2d4851a1d" relativeResultsDirectory="6759887e-9c82-4a81-98a2-25f3cef7961e" />
    <UnitTestResult executionId="69e2c6e9-6f58-4926-86a9-679a657e3fec" testId="c97269ef-fbd6-5263-9db4-06d9834b100d" testName="Given_Nothing_When_SetAppConfigDataWithValidData_Then_AllPropertiesOnTheIAppConfigInterfaceHasBeenSet" computerName="DKSR-EFI-04" duration="00:00:00.0012104" startTime="2023-12-22T09:32:14.6353180+01:00" endTime="2023-12-22T09:32:14.6367255+01:00" testType="13cdc9d9-ddb5-4fa4-a97d-d965ccfc6d4b" outcome="Passed" testListId="8c84fa94-04c1-424b-9868-57a2d4851a1d" relativeResultsDirectory="69e2c6e9-6f58-4926-86a9-679a657e3fec" />
  </Results>
  <TestDefinitions>
    <UnitTest name="Given_Nothing_When_SetAppConfigData_Then_AllPropertiesOnTheAppConfigDataInTheConfigurationModelHasBeenSet" storage="d:\actions-runner\_work\xpco\xpco\allsolutions\..\cloudconnector\binaries\videoos.cloudconnector.configuration.unittest\bin\debug\net6.0-windows\videoos.cloudconnector.configuration.unittest.dll" id="05a198e5-86b9-714f-b1b8-61194132861f">
      <Execution id="5cd21fd9-1e77-41c8-b388-6b3fd5d9609a" />
      <TestMethod codeBase="D:\actions-runner\_work\XPCO\XPCO\AllSolutions\..\CloudConnector\Binaries\VideoOS.CloudConnector.Configuration.UnitTest\bin\Debug\net6.0-windows\VideoOS.CloudConnector.Configuration.UnitTest.dll" adapterTypeName="executor://mstestadapter/v2" className="VideoOS.CloudConnector.Configuration.UnitTest.AppConfigDataTest" name="Given_Nothing_When_SetAppConfigData_Then_AllPropertiesOnTheAppConfigDataInTheConfigurationModelHasBeenSet" />
    </UnitTest>
    <UnitTest name="Given_NoConfigurationIsPersisted_When_LoadConfiguration_Then_AnExceptionIsThrown" storage="d:\actions-runner\_work\xpco\xpco\allsolutions\..\cloudconnector\binaries\videoos.cloudconnector.configuration.unittest\bin\debug\net6.0-windows\videoos.cloudconnector.configuration.unittest.dll" id="bc47a506-b2f1-f585-5890-db5526660f72">
      <Execution id="29165e40-0774-4fab-9993-662332b3993c" />
      <TestMethod codeBase="D:\actions-runner\_work\XPCO\XPCO\AllSolutions\..\CloudConnector\Binaries\VideoOS.CloudConnector.Configuration.UnitTest\bin\Debug\net6.0-windows\VideoOS.CloudConnector.Configuration.UnitTest.dll" adapterTypeName="executor://mstestadapter/v2" className="VideoOS.CloudConnector.Configuration.UnitTest.ConfigurationProviderTest" name="Given_NoConfigurationIsPersisted_When_LoadConfiguration_Then_AnExceptionIsThrown" />
    </UnitTest>
    <UnitTest name="Given_AccessIsDeniedToTheConfigurationFile_When_PersistingConfigurationn_Then_ErrorIsLoggedAndAnExceptionIsThrown" storage="d:\actions-runner\_work\xpco\xpco\allsolutions\..\cloudconnector\binaries\videoos.cloudconnector.configuration.unittest\bin\debug\net6.0-windows\videoos.cloudconnector.configuration.unittest.dll" id="1b710e5b-adf9-d1d7-afd6-9c10636e711c">
      <Execution id="a3456868-6b69-44ab-96b0-637791fd2930" />
      <TestMethod codeBase="D:\actions-runner\_work\XPCO\XPCO\AllSolutions\..\CloudConnector\Binaries\VideoOS.CloudConnector.Configuration.UnitTest\bin\Debug\net6.0-windows\VideoOS.CloudConnector.Configuration.UnitTest.dll" adapterTypeName="executor://mstestadapter/v2" className="VideoOS.CloudConnector.Configuration.UnitTest.ConfigurationProviderTest" name="Given_AccessIsDeniedToTheConfigurationFile_When_PersistingConfigurationn_Then_ErrorIsLoggedAndAnExceptionIsThrown" />
    </UnitTest>
    <UnitTest name="Given_AccessIsDeniedToTheConfigurationFile_When_LoadingConfigurationn_Then_ErrorIsLoggedAndAnExceptionIsThrown" storage="d:\actions-runner\_work\xpco\xpco\allsolutions\..\cloudconnector\binaries\videoos.cloudconnector.configuration.unittest\bin\debug\net6.0-windows\videoos.cloudconnector.configuration.unittest.dll" id="c832aee4-1bed-48a9-d9fd-d29872829fcb">
      <Execution id="9eb49d73-c50e-42eb-9376-322db98ea215" />
      <TestMethod codeBase="D:\actions-runner\_work\XPCO\XPCO\AllSolutions\..\CloudConnector\Binaries\VideoOS.CloudConnector.Configuration.UnitTest\bin\Debug\net6.0-windows\VideoOS.CloudConnector.Configuration.UnitTest.dll" adapterTypeName="executor://mstestadapter/v2" className="VideoOS.CloudConnector.Configuration.UnitTest.ConfigurationProviderTest" name="Given_AccessIsDeniedToTheConfigurationFile_When_LoadingConfigurationn_Then_ErrorIsLoggedAndAnExceptionIsThrown" />
    </UnitTest>
    <UnitTest name="Given_AConfigurationFileExists_When_LoadConfiguration_Then_TheConfigurationFileIsOpenedAtCorrectPath" storage="d:\actions-runner\_work\xpco\xpco\allsolutions\..\cloudconnector\binaries\videoos.cloudconnector.configuration.unittest\bin\debug\net6.0-windows\videoos.cloudconnector.configuration.unittest.dll" id="3740d974-a6e4-aa99-c6ad-4b8d3881055d">
      <Execution id="69db8f30-3ca6-47a7-ab53-f898beeb4c64" />
      <TestMethod codeBase="D:\actions-runner\_work\XPCO\XPCO\AllSolutions\..\CloudConnector\Binaries\VideoOS.CloudConnector.Configuration.UnitTest\bin\Debug\net6.0-windows\VideoOS.CloudConnector.Configuration.UnitTest.dll" adapterTypeName="executor://mstestadapter/v2" className="VideoOS.CloudConnector.Configuration.UnitTest.ConfigurationProviderTest" name="Given_AConfigurationFileExists_When_LoadConfiguration_Then_TheConfigurationFileIsOpenedAtCorrectPath" />
    </UnitTest>
    <UnitTest name="Given_AManagementServerAddressIsPersisted_When_LoadConfiguration_Then_TheManagementServerAddressIsSetInTheConfigurationModel" storage="d:\actions-runner\_work\xpco\xpco\allsolutions\..\cloudconnector\binaries\videoos.cloudconnector.configuration.unittest\bin\debug\net6.0-windows\videoos.cloudconnector.configuration.unittest.dll" id="2657714d-8d17-4e76-358b-80c8f96cb172">
      <Execution id="148007d6-1c62-40e3-b53a-173d2532920d" />
      <TestMethod codeBase="D:\actions-runner\_work\XPCO\XPCO\AllSolutions\..\CloudConnector\Binaries\VideoOS.CloudConnector.Configuration.UnitTest\bin\Debug\net6.0-windows\VideoOS.CloudConnector.Configuration.UnitTest.dll" adapterTypeName="executor://mstestadapter/v2" className="VideoOS.CloudConnector.Configuration.UnitTest.ConfigurationProviderTest" name="Given_AManagementServerAddressIsPersisted_When_LoadConfiguration_Then_TheManagementServerAddressIsSetInTheConfigurationModel" />
    </UnitTest>
    <UnitTest name="Given_AnSiteIdIsPersisted_When_LoadConfiguration_Then_TheSiteIdIsSetInTheConfigurationModel" storage="d:\actions-runner\_work\xpco\xpco\allsolutions\..\cloudconnector\binaries\videoos.cloudconnector.configuration.unittest\bin\debug\net6.0-windows\videoos.cloudconnector.configuration.unittest.dll" id="ae83fefc-0054-1db0-ab85-863e0b7c8820">
      <Execution id="5d7124d2-4fba-4eca-9d45-9abf5f109bc6" />
      <TestMethod codeBase="D:\actions-runner\_work\XPCO\XPCO\AllSolutions\..\CloudConnector\Binaries\VideoOS.CloudConnector.Configuration.UnitTest\bin\Debug\net6.0-windows\VideoOS.CloudConnector.Configuration.UnitTest.dll" adapterTypeName="executor://mstestadapter/v2" className="VideoOS.CloudConnector.Configuration.UnitTest.ConfigurationProviderTest" name="Given_AnSiteIdIsPersisted_When_LoadConfiguration_Then_TheSiteIdIsSetInTheConfigurationModel" />
    </UnitTest>
    <UnitTest name="Given_ADatamodelExists_When_PersistConfiguration_Then_TheConfigurationFileIsCreatedAtTheCorrectPath" storage="d:\actions-runner\_work\xpco\xpco\allsolutions\..\cloudconnector\binaries\videoos.cloudconnector.configuration.unittest\bin\debug\net6.0-windows\videoos.cloudconnector.configuration.unittest.dll" id="00678eaf-63c3-ff45-e478-0f9614ac8f87">
      <Execution id="1cc8aaf6-8b1c-40d6-9774-6013bdbbe31e" />
      <TestMethod codeBase="D:\actions-runner\_work\XPCO\XPCO\AllSolutions\..\CloudConnector\Binaries\VideoOS.CloudConnector.Configuration.UnitTest\bin\Debug\net6.0-windows\VideoOS.CloudConnector.Configuration.UnitTest.dll" adapterTypeName="executor://mstestadapter/v2" className="VideoOS.CloudConnector.Configuration.UnitTest.ConfigurationProviderTest" name="Given_ADatamodelExists_When_PersistConfiguration_Then_TheConfigurationFileIsCreatedAtTheCorrectPath" />
    </UnitTest>
    <UnitTest name="Given_Nothing_When_SetAppConfigDataWithInvalidData_Then_AllPropertiesOnTheIAppConfigInterfaceHasBeenToDefault" storage="d:\actions-runner\_work\xpco\xpco\allsolutions\..\cloudconnector\binaries\videoos.cloudconnector.configuration.unittest\bin\debug\net6.0-windows\videoos.cloudconnector.configuration.unittest.dll" id="b3ffba2b-5a91-d7b9-f0f5-bc1ade9a04d1">
      <Execution id="80c9a9b3-cb87-4b38-a55e-984d43a42ef8" />
      <TestMethod codeBase="D:\actions-runner\_work\XPCO\XPCO\AllSolutions\..\CloudConnector\Binaries\VideoOS.CloudConnector.Configuration.UnitTest\bin\Debug\net6.0-windows\VideoOS.CloudConnector.Configuration.UnitTest.dll" adapterTypeName="executor://mstestadapter/v2" className="VideoOS.CloudConnector.Configuration.UnitTest.AppConfigDataTest" name="Given_Nothing_When_SetAppConfigDataWithInvalidData_Then_AllPropertiesOnTheIAppConfigInterfaceHasBeenToDefault" />
    </UnitTest>
    <UnitTest name="Given_ADatamodelExists_When_PersistConfiguration_Then_TheManagementServerAddressIsPersisted" storage="d:\actions-runner\_work\xpco\xpco\allsolutions\..\cloudconnector\binaries\videoos.cloudconnector.configuration.unittest\bin\debug\net6.0-windows\videoos.cloudconnector.configuration.unittest.dll" id="d64c1645-b9a2-04fb-59c5-49fae783491a">
      <Execution id="f2403559-996a-41e6-be1f-939d05a71fdb" />
      <TestMethod codeBase="D:\actions-runner\_work\XPCO\XPCO\AllSolutions\..\CloudConnector\Binaries\VideoOS.CloudConnector.Configuration.UnitTest\bin\Debug\net6.0-windows\VideoOS.CloudConnector.Configuration.UnitTest.dll" adapterTypeName="executor://mstestadapter/v2" className="VideoOS.CloudConnector.Configuration.UnitTest.ConfigurationProviderTest" name="Given_ADatamodelExists_When_PersistConfiguration_Then_TheManagementServerAddressIsPersisted" />
    </UnitTest>
    <UnitTest name="Given_Nothing_When_SetAppConfigDataWithValidData_Then_AllPropertiesOnTheIAppConfigInterfaceHasBeenSet" storage="d:\actions-runner\_work\xpco\xpco\allsolutions\..\cloudconnector\binaries\videoos.cloudconnector.configuration.unittest\bin\debug\net6.0-windows\videoos.cloudconnector.configuration.unittest.dll" id="c97269ef-fbd6-5263-9db4-06d9834b100d">
      <Execution id="69e2c6e9-6f58-4926-86a9-679a657e3fec" />
      <TestMethod codeBase="D:\actions-runner\_work\XPCO\XPCO\AllSolutions\..\CloudConnector\Binaries\VideoOS.CloudConnector.Configuration.UnitTest\bin\Debug\net6.0-windows\VideoOS.CloudConnector.Configuration.UnitTest.dll" adapterTypeName="executor://mstestadapter/v2" className="VideoOS.CloudConnector.Configuration.UnitTest.AppConfigDataTest" name="Given_Nothing_When_SetAppConfigDataWithValidData_Then_AllPropertiesOnTheIAppConfigInterfaceHasBeenSet" />
    </UnitTest>
    <UnitTest name="Given_ADatamodelExists_When_PersistConfiguration_Then_TheSiteIdIsPersisted" storage="d:\actions-runner\_work\xpco\xpco\allsolutions\..\cloudconnector\binaries\videoos.cloudconnector.configuration.unittest\bin\debug\net6.0-windows\videoos.cloudconnector.configuration.unittest.dll" id="e798a8bd-795e-759f-a5db-2ead81c4a912">
      <Execution id="6759887e-9c82-4a81-98a2-25f3cef7961e" />
      <TestMethod codeBase="D:\actions-runner\_work\XPCO\XPCO\AllSolutions\..\CloudConnector\Binaries\VideoOS.CloudConnector.Configuration.UnitTest\bin\Debug\net6.0-windows\VideoOS.CloudConnector.Configuration.UnitTest.dll" adapterTypeName="executor://mstestadapter/v2" className="VideoOS.CloudConnector.Configuration.UnitTest.ConfigurationProviderTest" name="Given_ADatamodelExists_When_PersistConfiguration_Then_TheSiteIdIsPersisted" />
    </UnitTest>
  </TestDefinitions>
  <TestEntries>
    <TestEntry testId="d64c1645-b9a2-04fb-59c5-49fae783491a" executionId="f2403559-996a-41e6-be1f-939d05a71fdb" testListId="8c84fa94-04c1-424b-9868-57a2d4851a1d" />
    <TestEntry testId="b3ffba2b-5a91-d7b9-f0f5-bc1ade9a04d1" executionId="80c9a9b3-cb87-4b38-a55e-984d43a42ef8" testListId="8c84fa94-04c1-424b-9868-57a2d4851a1d" />
    <TestEntry testId="1b710e5b-adf9-d1d7-afd6-9c10636e711c" executionId="a3456868-6b69-44ab-96b0-637791fd2930" testListId="8c84fa94-04c1-424b-9868-57a2d4851a1d" />
    <TestEntry testId="ae83fefc-0054-1db0-ab85-863e0b7c8820" executionId="5d7124d2-4fba-4eca-9d45-9abf5f109bc6" testListId="8c84fa94-04c1-424b-9868-57a2d4851a1d" />
    <TestEntry testId="2657714d-8d17-4e76-358b-80c8f96cb172" executionId="148007d6-1c62-40e3-b53a-173d2532920d" testListId="8c84fa94-04c1-424b-9868-57a2d4851a1d" />
    <TestEntry testId="05a198e5-86b9-714f-b1b8-61194132861f" executionId="5cd21fd9-1e77-41c8-b388-6b3fd5d9609a" testListId="8c84fa94-04c1-424b-9868-57a2d4851a1d" />
    <TestEntry testId="00678eaf-63c3-ff45-e478-0f9614ac8f87" executionId="1cc8aaf6-8b1c-40d6-9774-6013bdbbe31e" testListId="8c84fa94-04c1-424b-9868-57a2d4851a1d" />
    <TestEntry testId="bc47a506-b2f1-f585-5890-db5526660f72" executionId="29165e40-0774-4fab-9993-662332b3993c" testListId="8c84fa94-04c1-424b-9868-57a2d4851a1d" />
    <TestEntry testId="3740d974-a6e4-aa99-c6ad-4b8d3881055d" executionId="69db8f30-3ca6-47a7-ab53-f898beeb4c64" testListId="8c84fa94-04c1-424b-9868-57a2d4851a1d" />
    <TestEntry testId="c832aee4-1bed-48a9-d9fd-d29872829fcb" executionId="9eb49d73-c50e-42eb-9376-322db98ea215" testListId="8c84fa94-04c1-424b-9868-57a2d4851a1d" />
    <TestEntry testId="e798a8bd-795e-759f-a5db-2ead81c4a912" executionId="6759887e-9c82-4a81-98a2-25f3cef7961e" testListId="8c84fa94-04c1-424b-9868-57a2d4851a1d" />
    <TestEntry testId="c97269ef-fbd6-5263-9db4-06d9834b100d" executionId="69e2c6e9-6f58-4926-86a9-679a657e3fec" testListId="8c84fa94-04c1-424b-9868-57a2d4851a1d" />
  </TestEntries>
  <TestLists>
    <TestList name="Results Not in a List" id="8c84fa94-04c1-424b-9868-57a2d4851a1d" />
    <TestList name="All Loaded Results" id="19431567-8539-422a-85d7-44ee4e166bda" />
  </TestLists>
  <ResultSummary outcome="Completed">
    <Counters total="12" executed="12" passed="12" failed="0" error="0" timeout="0" aborted="0" inconclusive="0" passedButRunAborted="0" notRunnable="0" notExecuted="0" disconnected="0" warning="0" completed="0" inProgress="0" pending="0" />
  </ResultSummary>
</TestRun>