<?xml version="1.0" encoding="utf-8"?>
<TestRun id="7886024d-ed4e-403c-8501-22158d40ad16" name="DKSR-EFI-04$@DKSR-EFI-04 2023-12-22 09:34:52" runUser="NT AUTHORITY\NETWORK SERVICE" xmlns="http://microsoft.com/schemas/VisualStudio/TeamTest/2010">
  <Times creation="2023-12-22T09:34:52.8504032+01:00" queuing="2023-12-22T09:34:52.8504032+01:00" start="2023-12-22T09:34:44.7878616+01:00" finish="2023-12-22T09:34:52.8972769+01:00" />
  <TestSettings name="default" id="aa0b64ac-8699-4ac2-9945-1307251f4e70">
    <Deployment runDeploymentRoot="DKSR-EFI-04$_DKSR-EFI-04_2023-12-22_09_34_52" />
  </TestSettings>
  <Results>
    <UnitTestResult executionId="1642c7b4-39a7-416c-988b-aaf9da4aa2b8" testId="b238c48e-4c74-a598-16e8-6db875b5a8fb" testName="CheckPrerequisites_ShouldNotFail_WhenPrerequisitesIsNull" computerName="DKSR-EFI-04" duration="00:00:00.2451599" startTime="2023-12-22T09:34:51.4285195+01:00" endTime="2023-12-22T09:34:52.0535216+01:00" testType="13cdc9d9-ddb5-4fa4-a97d-d965ccfc6d4b" outcome="Passed" testListId="8c84fa94-04c1-424b-9868-57a2d4851a1d" relativeResultsDirectory="1642c7b4-39a7-416c-988b-aaf9da4aa2b8" />
    <UnitTestResult executionId="63fdd6a3-6978-4fab-909b-3c602bceadf4" testId="4e69e7b8-754b-6663-f501-ed38b31b0480" testName="CheckInstallerPrerequisites_ShouldFail_WhenProductCodeIsDisallowed (.NETFramework,Version=v4.6.2)" computerName="DKSR-EFI-04" duration="00:00:00.0261725" startTime="2023-12-22T09:34:52.4597743+01:00" endTime="2023-12-22T09:34:52.4754003+01:00" testType="13cdc9d9-ddb5-4fa4-a97d-d965ccfc6d4b" outcome="Passed" testListId="8c84fa94-04c1-424b-9868-57a2d4851a1d" relativeResultsDirectory="63fdd6a3-6978-4fab-909b-3c602bceadf4">
      <Output>
        <StdOut>Debug Trace:&#xD;
Installer Prerequisites '.NETFramework,Version=v4.6.2' is not allowed. Global .NET and Windows Installer prerequisites are enforced by the installer framework!</StdOut>
      </Output>
    </UnitTestResult>
    <UnitTestResult executionId="51c02e48-e8c2-4cf9-ae25-169031535516" testId="148c225a-3b5a-3466-12a7-43369c009f63" testName="CheckInstallerPrerequisites_ShouldNotFail_WhenProductCodeIsNotDotNet4x" computerName="DKSR-EFI-04" duration="00:00:00.0263373" startTime="2023-12-22T09:34:52.4285268+01:00" endTime="2023-12-22T09:34:52.4597743+01:00" testType="13cdc9d9-ddb5-4fa4-a97d-d965ccfc6d4b" outcome="Passed" testListId="8c84fa94-04c1-424b-9868-57a2d4851a1d" relativeResultsDirectory="51c02e48-e8c2-4cf9-ae25-169031535516" />
    <UnitTestResult executionId="88ca09cc-b92c-4451-b043-f4bf292410e8" testId="42fe15f3-cf0b-16d3-a32a-7a3d7450925d" testName="CheckPrerequisites_ShouldNotFail_WhenProductCodeIsNotDotNet4x" computerName="DKSR-EFI-04" duration="00:00:00.0568983" startTime="2023-12-22T09:34:52.1003969+01:00" endTime="2023-12-22T09:34:52.1628963+01:00" testType="13cdc9d9-ddb5-4fa4-a97d-d965ccfc6d4b" outcome="Passed" testListId="8c84fa94-04c1-424b-9868-57a2d4851a1d" relativeResultsDirectory="88ca09cc-b92c-4451-b043-f4bf292410e8" />
    <UnitTestResult executionId="7cc38315-e59a-43e1-8252-054dcf99f958" testId="18abe6a7-ff85-1db7-8e41-329487c1219a" testName="CheckInstallerPrerequisites_ShouldFail_WhenProductCodeIsDisallowed (Microsoft.Windows.Installer.4.5)" computerName="DKSR-EFI-04" duration="00:00:00.0239989" startTime="2023-12-22T09:34:52.4910254+01:00" endTime="2023-12-22T09:34:52.5066533+01:00" testType="13cdc9d9-ddb5-4fa4-a97d-d965ccfc6d4b" outcome="Passed" testListId="8c84fa94-04c1-424b-9868-57a2d4851a1d" relativeResultsDirectory="7cc38315-e59a-43e1-8252-054dcf99f958">
      <Output>
        <StdOut>Debug Trace:&#xD;
Installer Prerequisites 'Microsoft.Windows.Installer.4.5' is not allowed. Global .NET and Windows Installer prerequisites are enforced by the installer framework!</StdOut>
      </Output>
    </UnitTestResult>
    <UnitTestResult executionId="37fd62ca-c0fc-4e19-ad69-f753826c5aa8" testId="0fbbb648-ea3f-4b71-686b-3d07b1bed148" testName="CheckPrerequisites_ShouldFail_WhenProductCodeIsDisallowed (Microsoft.Windows.Installer.4.5)" computerName="DKSR-EFI-04" duration="00:00:00.0292277" startTime="2023-12-22T09:34:52.3816463+01:00" endTime="2023-12-22T09:34:52.4129010+01:00" testType="13cdc9d9-ddb5-4fa4-a97d-d965ccfc6d4b" outcome="Passed" testListId="8c84fa94-04c1-424b-9868-57a2d4851a1d" relativeResultsDirectory="37fd62ca-c0fc-4e19-ad69-f753826c5aa8">
      <Output>
        <StdOut>Debug Trace:&#xD;
Prerequisites 'Microsoft.Windows.Installer.4.5' in package '21c01523-6665-4b1e-8fb5-e70097970257' is not allowed. Global .NET and Windows Installer prerequisites are enforced by the installer framework!</StdOut>
      </Output>
    </UnitTestResult>
    <UnitTestResult executionId="6eea728f-aa4b-47ac-b3fa-a279f68d8893" testId="a655af90-f6e8-cd7c-af56-316616d4bbfe" testName="CheckPrerequisites_ShouldFail_WhenProductCodeIsDisallowed (.NETFramework,Version=v4.6.2)" computerName="DKSR-EFI-04" duration="00:00:00.0793844" startTime="2023-12-22T09:34:52.1628963+01:00" endTime="2023-12-22T09:34:52.3660233+01:00" testType="13cdc9d9-ddb5-4fa4-a97d-d965ccfc6d4b" outcome="Passed" testListId="8c84fa94-04c1-424b-9868-57a2d4851a1d" relativeResultsDirectory="6eea728f-aa4b-47ac-b3fa-a279f68d8893">
      <Output>
        <StdOut>Debug Trace:&#xD;
Prerequisites '.NETFramework,Version=v4.6.2' in package 'a594a279-40b7-4808-8177-e3f796559028' is not allowed. Global .NET and Windows Installer prerequisites are enforced by the installer framework!</StdOut>
      </Output>
    </UnitTestResult>
    <UnitTestResult executionId="d387a8a9-5128-45d7-b9d3-be899c8cc15a" testId="0fe2b01e-4901-3441-5b49-39e50b05a84f" testName="CheckInstallerPrerequisites_ShouldNotFail_WhenPrerequisitesIsNull" computerName="DKSR-EFI-04" duration="00:00:00.0008162" startTime="2023-12-22T09:34:52.4129010+01:00" endTime="2023-12-22T09:34:52.4129010+01:00" testType="13cdc9d9-ddb5-4fa4-a97d-d965ccfc6d4b" outcome="Passed" testListId="8c84fa94-04c1-424b-9868-57a2d4851a1d" relativeResultsDirectory="d387a8a9-5128-45d7-b9d3-be899c8cc15a" />
  </Results>
  <TestDefinitions>
    <UnitTest name="CheckPrerequisites_ShouldNotFail_WhenProductCodeIsNotDotNet4x" storage="d:\actions-runner\_work\xpco\xpco\installerframework\videoos.installer.prerequisites.unittests\bin\debug\videoos.installer.prerequisites.unittests.dll" id="42fe15f3-cf0b-16d3-a32a-7a3d7450925d">
      <Execution id="88ca09cc-b92c-4451-b043-f4bf292410e8" />
      <TestMethod codeBase="D:\actions-runner\_work\XPCO\XPCO\InstallerFramework\VideoOS.Installer.Prerequisites.UnitTests\bin\Debug\VideoOS.Installer.Prerequisites.UnitTests.dll" adapterTypeName="executor://mstestadapter/v2" className="VideoOS.Installer.Prerequisites.UnitTests.PrerequisitesValidatorTests" name="CheckPrerequisites_ShouldNotFail_WhenProductCodeIsNotDotNet4x" />
    </UnitTest>
    <UnitTest name="CheckInstallerPrerequisites_ShouldFail_WhenProductCodeIsDisallowed (Microsoft.Windows.Installer.4.5)" storage="d:\actions-runner\_work\xpco\xpco\installerframework\videoos.installer.prerequisites.unittests\bin\debug\videoos.installer.prerequisites.unittests.dll" id="18abe6a7-ff85-1db7-8e41-329487c1219a">
      <Execution id="7cc38315-e59a-43e1-8252-054dcf99f958" />
      <TestMethod codeBase="D:\actions-runner\_work\XPCO\XPCO\InstallerFramework\VideoOS.Installer.Prerequisites.UnitTests\bin\Debug\VideoOS.Installer.Prerequisites.UnitTests.dll" adapterTypeName="executor://mstestadapter/v2" className="VideoOS.Installer.Prerequisites.UnitTests.PrerequisitesValidatorTests" name="CheckInstallerPrerequisites_ShouldFail_WhenProductCodeIsDisallowed" />
    </UnitTest>
    <UnitTest name="CheckPrerequisites_ShouldFail_WhenProductCodeIsDisallowed (.NETFramework,Version=v4.6.2)" storage="d:\actions-runner\_work\xpco\xpco\installerframework\videoos.installer.prerequisites.unittests\bin\debug\videoos.installer.prerequisites.unittests.dll" id="a655af90-f6e8-cd7c-af56-316616d4bbfe">
      <Execution id="6eea728f-aa4b-47ac-b3fa-a279f68d8893" />
      <TestMethod codeBase="D:\actions-runner\_work\XPCO\XPCO\InstallerFramework\VideoOS.Installer.Prerequisites.UnitTests\bin\Debug\VideoOS.Installer.Prerequisites.UnitTests.dll" adapterTypeName="executor://mstestadapter/v2" className="VideoOS.Installer.Prerequisites.UnitTests.PrerequisitesValidatorTests" name="CheckPrerequisites_ShouldFail_WhenProductCodeIsDisallowed" />
    </UnitTest>
    <UnitTest name="CheckInstallerPrerequisites_ShouldNotFail_WhenProductCodeIsNotDotNet4x" storage="d:\actions-runner\_work\xpco\xpco\installerframework\videoos.installer.prerequisites.unittests\bin\debug\videoos.installer.prerequisites.unittests.dll" id="148c225a-3b5a-3466-12a7-43369c009f63">
      <Execution id="51c02e48-e8c2-4cf9-ae25-169031535516" />
      <TestMethod codeBase="D:\actions-runner\_work\XPCO\XPCO\InstallerFramework\VideoOS.Installer.Prerequisites.UnitTests\bin\Debug\VideoOS.Installer.Prerequisites.UnitTests.dll" adapterTypeName="executor://mstestadapter/v2" className="VideoOS.Installer.Prerequisites.UnitTests.PrerequisitesValidatorTests" name="CheckInstallerPrerequisites_ShouldNotFail_WhenProductCodeIsNotDotNet4x" />
    </UnitTest>
    <UnitTest name="CheckPrerequisites_ShouldNotFail_WhenPrerequisitesIsNull" storage="d:\actions-runner\_work\xpco\xpco\installerframework\videoos.installer.prerequisites.unittests\bin\debug\videoos.installer.prerequisites.unittests.dll" id="b238c48e-4c74-a598-16e8-6db875b5a8fb">
      <Execution id="1642c7b4-39a7-416c-988b-aaf9da4aa2b8" />
      <TestMethod codeBase="D:\actions-runner\_work\XPCO\XPCO\InstallerFramework\VideoOS.Installer.Prerequisites.UnitTests\bin\Debug\VideoOS.Installer.Prerequisites.UnitTests.dll" adapterTypeName="executor://mstestadapter/v2" className="VideoOS.Installer.Prerequisites.UnitTests.PrerequisitesValidatorTests" name="CheckPrerequisites_ShouldNotFail_WhenPrerequisitesIsNull" />
    </UnitTest>
    <UnitTest name="CheckInstallerPrerequisites_ShouldNotFail_WhenPrerequisitesIsNull" storage="d:\actions-runner\_work\xpco\xpco\installerframework\videoos.installer.prerequisites.unittests\bin\debug\videoos.installer.prerequisites.unittests.dll" id="0fe2b01e-4901-3441-5b49-39e50b05a84f">
      <Execution id="d387a8a9-5128-45d7-b9d3-be899c8cc15a" />
      <TestMethod codeBase="D:\actions-runner\_work\XPCO\XPCO\InstallerFramework\VideoOS.Installer.Prerequisites.UnitTests\bin\Debug\VideoOS.Installer.Prerequisites.UnitTests.dll" adapterTypeName="executor://mstestadapter/v2" className="VideoOS.Installer.Prerequisites.UnitTests.PrerequisitesValidatorTests" name="CheckInstallerPrerequisites_ShouldNotFail_WhenPrerequisitesIsNull" />
    </UnitTest>
    <UnitTest name="CheckInstallerPrerequisites_ShouldFail_WhenProductCodeIsDisallowed (.NETFramework,Version=v4.6.2)" storage="d:\actions-runner\_work\xpco\xpco\installerframework\videoos.installer.prerequisites.unittests\bin\debug\videoos.installer.prerequisites.unittests.dll" id="4e69e7b8-754b-6663-f501-ed38b31b0480">
      <Execution id="63fdd6a3-6978-4fab-909b-3c602bceadf4" />
      <TestMethod codeBase="D:\actions-runner\_work\XPCO\XPCO\InstallerFramework\VideoOS.Installer.Prerequisites.UnitTests\bin\Debug\VideoOS.Installer.Prerequisites.UnitTests.dll" adapterTypeName="executor://mstestadapter/v2" className="VideoOS.Installer.Prerequisites.UnitTests.PrerequisitesValidatorTests" name="CheckInstallerPrerequisites_ShouldFail_WhenProductCodeIsDisallowed" />
    </UnitTest>
    <UnitTest name="CheckPrerequisites_ShouldFail_WhenProductCodeIsDisallowed (Microsoft.Windows.Installer.4.5)" storage="d:\actions-runner\_work\xpco\xpco\installerframework\videoos.installer.prerequisites.unittests\bin\debug\videoos.installer.prerequisites.unittests.dll" id="0fbbb648-ea3f-4b71-686b-3d07b1bed148">
      <Execution id="37fd62ca-c0fc-4e19-ad69-f753826c5aa8" />
      <TestMethod codeBase="D:\actions-runner\_work\XPCO\XPCO\InstallerFramework\VideoOS.Installer.Prerequisites.UnitTests\bin\Debug\VideoOS.Installer.Prerequisites.UnitTests.dll" adapterTypeName="executor://mstestadapter/v2" className="VideoOS.Installer.Prerequisites.UnitTests.PrerequisitesValidatorTests" name="CheckPrerequisites_ShouldFail_WhenProductCodeIsDisallowed" />
    </UnitTest>
  </TestDefinitions>
  <TestEntries>
    <TestEntry testId="b238c48e-4c74-a598-16e8-6db875b5a8fb" executionId="1642c7b4-39a7-416c-988b-aaf9da4aa2b8" testListId="8c84fa94-04c1-424b-9868-57a2d4851a1d" />
    <TestEntry testId="4e69e7b8-754b-6663-f501-ed38b31b0480" executionId="63fdd6a3-6978-4fab-909b-3c602bceadf4" testListId="8c84fa94-04c1-424b-9868-57a2d4851a1d" />
    <TestEntry testId="148c225a-3b5a-3466-12a7-43369c009f63" executionId="51c02e48-e8c2-4cf9-ae25-169031535516" testListId="8c84fa94-04c1-424b-9868-57a2d4851a1d" />
    <TestEntry testId="42fe15f3-cf0b-16d3-a32a-7a3d7450925d" executionId="88ca09cc-b92c-4451-b043-f4bf292410e8" testListId="8c84fa94-04c1-424b-9868-57a2d4851a1d" />
    <TestEntry testId="18abe6a7-ff85-1db7-8e41-329487c1219a" executionId="7cc38315-e59a-43e1-8252-054dcf99f958" testListId="8c84fa94-04c1-424b-9868-57a2d4851a1d" />
    <TestEntry testId="0fbbb648-ea3f-4b71-686b-3d07b1bed148" executionId="37fd62ca-c0fc-4e19-ad69-f753826c5aa8" testListId="8c84fa94-04c1-424b-9868-57a2d4851a1d" />
    <TestEntry testId="a655af90-f6e8-cd7c-af56-316616d4bbfe" executionId="6eea728f-aa4b-47ac-b3fa-a279f68d8893" testListId="8c84fa94-04c1-424b-9868-57a2d4851a1d" />
    <TestEntry testId="0fe2b01e-4901-3441-5b49-39e50b05a84f" executionId="d387a8a9-5128-45d7-b9d3-be899c8cc15a" testListId="8c84fa94-04c1-424b-9868-57a2d4851a1d" />
  </TestEntries>
  <TestLists>
    <TestList name="Results Not in a List" id="8c84fa94-04c1-424b-9868-57a2d4851a1d" />
    <TestList name="All Loaded Results" id="19431567-8539-422a-85d7-44ee4e166bda" />
  </TestLists>
  <ResultSummary outcome="Completed">
    <Counters total="8" executed="8" passed="8" failed="0" error="0" timeout="0" aborted="0" inconclusive="0" passedButRunAborted="0" notRunnable="0" notExecuted="0" disconnected="0" warning="0" completed="0" inProgress="0" pending="0" />
  </ResultSummary>
</TestRun>