<?xml version="1.0" encoding="utf-8"?>
<TestRun id="7a8baf7d-5897-4751-b0d8-058ee4fe1c0d" name="DKSR-EFI-04$@DKSR-EFI-04 2023-12-22 09:32:06" runUser="NT AUTHORITY\NETWORK SERVICE" xmlns="http://microsoft.com/schemas/VisualStudio/TeamTest/2010">
  <Times creation="2023-12-22T09:32:06.6152232+01:00" queuing="2023-12-22T09:32:06.6152232+01:00" start="2023-12-22T09:32:04.0370851+01:00" finish="2023-12-22T09:32:06.6464718+01:00" />
  <TestSettings name="default" id="9cf4991e-c9b4-4ae4-b1ba-1744fc2d66f7">
    <Deployment runDeploymentRoot="DKSR-EFI-04$_DKSR-EFI-04_2023-12-22_09_32_06" />
  </TestSettings>
  <Results>
    <UnitTestResult executionId="9c6e070f-358f-4b03-a79d-903f76579770" testId="dc4a1ae5-dc0b-e2aa-550b-e55ae6b639d4" testName="Test" computerName="DKSR-EFI-04" duration="00:00:00.0074017" startTime="2023-12-22T09:32:05.9745924+01:00" endTime="2023-12-22T09:32:06.1777199+01:00" testType="13cdc9d9-ddb5-4fa4-a97d-d965ccfc6d4b" outcome="Passed" testListId="8c84fa94-04c1-424b-9868-57a2d4851a1d" relativeResultsDirectory="9c6e070f-358f-4b03-a79d-903f76579770" />
  </Results>
  <TestDefinitions>
    <UnitTest name="Test" storage="d:\actions-runner\_work\xpco\xpco\addons\plugins\common\tst\videoos.plugins.common.sc.unittests\bin\x64\debug\net472\videoos.plugins.common.sc.unittests.dll" id="dc4a1ae5-dc0b-e2aa-550b-e55ae6b639d4">
      <Execution id="9c6e070f-358f-4b03-a79d-903f76579770" />
      <TestMethod codeBase="D:\actions-runner\_work\XPCO\XPCO\AddOns\Plugins\Common\tst\VideoOS.Plugins.Common.SC.UnitTests\bin\x64\Debug\net472\VideoOS.Plugins.Common.SC.UnitTests.dll" adapterTypeName="executor://mstestadapter/v2" className="VideoOS.Plugins.Common.SC.UnitTests.PluginsCommonSCTest" name="Test" />
    </UnitTest>
  </TestDefinitions>
  <TestEntries>
    <TestEntry testId="dc4a1ae5-dc0b-e2aa-550b-e55ae6b639d4" executionId="9c6e070f-358f-4b03-a79d-903f76579770" testListId="8c84fa94-04c1-424b-9868-57a2d4851a1d" />
  </TestEntries>
  <TestLists>
    <TestList name="Results Not in a List" id="8c84fa94-04c1-424b-9868-57a2d4851a1d" />
    <TestList name="All Loaded Results" id="19431567-8539-422a-85d7-44ee4e166bda" />
  </TestLists>
  <ResultSummary outcome="Completed">
    <Counters total="1" executed="1" passed="1" failed="0" error="0" timeout="0" aborted="0" inconclusive="0" passedButRunAborted="0" notRunnable="0" notExecuted="0" disconnected="0" warning="0" completed="0" inProgress="0" pending="0" />
  </ResultSummary>
</TestRun>