<?xml version="1.0" encoding="utf-8"?>
<TestRun id="ce606c6c-599b-4e7b-8820-ac54348e6348" name="DKSR-EFI-04$@DKSR-EFI-04 2023-12-22 09:32:07" runUser="NT AUTHORITY\NETWORK SERVICE" xmlns="http://microsoft.com/schemas/VisualStudio/TeamTest/2010">
  <Times creation="2023-12-22T09:32:07.2402246+01:00" queuing="2023-12-22T09:32:07.2402246+01:00" start="2023-12-22T09:32:04.1620870+01:00" finish="2023-12-22T09:32:07.8339777+01:00" />
  <TestSettings name="default" id="7d5d20d7-6c8c-4eba-9d05-ce8630358373">
    <Deployment runDeploymentRoot="DKSR-EFI-04$_DKSR-EFI-04_2023-12-22_09_32_07" />
  </TestSettings>
  <Results>
    <UnitTestResult executionId="66b899f1-bdb4-48bc-8258-d41117fb74af" testId="4aa9d3fc-de95-0b41-676f-1607e516eab9" testName="GetLicensedDevicesShouldReturnTheDevicesStoredInLicenseThatHaveNotExpired" computerName="DKSR-EFI-04" duration="00:00:00.0165748" startTime="2023-12-22T09:32:07.2089749+01:00" endTime="2023-12-22T09:32:07.2246001+01:00" testType="13cdc9d9-ddb5-4fa4-a97d-d965ccfc6d4b" outcome="Passed" testListId="8c84fa94-04c1-424b-9868-57a2d4851a1d" relativeResultsDirectory="66b899f1-bdb4-48bc-8258-d41117fb74af" />
    <UnitTestResult executionId="94ccbd7e-9f5b-4b4b-ad2b-5b9e93e34d44" testId="4156d917-8ec9-0b45-0f42-420a8dde3c6a" testName="WhenDeviceIsExpiredThePropertyIsExpiredShouldReturnTrue (True,False)" computerName="DKSR-EFI-04" duration="00:00:00.0000078" startTime="2023-12-22T09:32:06.6620962+01:00" endTime="2023-12-22T09:32:06.6620962+01:00" testType="13cdc9d9-ddb5-4fa4-a97d-d965ccfc6d4b" outcome="Passed" testListId="8c84fa94-04c1-424b-9868-57a2d4851a1d" relativeResultsDirectory="94ccbd7e-9f5b-4b4b-ad2b-5b9e93e34d44" />
    <UnitTestResult executionId="96fc7419-011b-4e3a-a300-d116248e5f08" testId="88c80781-4c92-1345-8f59-a9e5417d9bff" testName="WhenCheckPermissionThrowsAnExceptionIsAllowedToShouldReturnFalse (VideoOS.Platform.NotAuthorizedMIPException)" computerName="DKSR-EFI-04" duration="00:00:00.0122333" startTime="2023-12-22T09:32:07.3808498+01:00" endTime="2023-12-22T09:32:07.3964748+01:00" testType="13cdc9d9-ddb5-4fa4-a97d-d965ccfc6d4b" outcome="Passed" testListId="8c84fa94-04c1-424b-9868-57a2d4851a1d" relativeResultsDirectory="96fc7419-011b-4e3a-a300-d116248e5f08" />
    <UnitTestResult executionId="91925c2a-519e-423b-9eed-235c4f331787" testId="8378ecfb-1f30-71f6-eb76-986cfdec5e5d" testName="WhenHasReadPermissionIsAllowedToReadShouldReturnTrue" computerName="DKSR-EFI-04" duration="00:00:00.1003079" startTime="2023-12-22T09:32:07.2558497+01:00" endTime="2023-12-22T09:32:07.3496000+01:00" testType="13cdc9d9-ddb5-4fa4-a97d-d965ccfc6d4b" outcome="Passed" testListId="8c84fa94-04c1-424b-9868-57a2d4851a1d" relativeResultsDirectory="91925c2a-519e-423b-9eed-235c4f331787" />
    <UnitTestResult executionId="dc9d376a-2de3-4cd7-8318-f3cfed9f02f6" testId="e63ad7e1-833e-31c2-28de-7edd790764b1" testName="WhenDeviceIsExpiredThePropertyIsExpiredShouldReturnTrue (False,False)" computerName="DKSR-EFI-04" duration="00:00:00.0000256" startTime="2023-12-22T09:32:06.6620962+01:00" endTime="2023-12-22T09:32:06.6620962+01:00" testType="13cdc9d9-ddb5-4fa4-a97d-d965ccfc6d4b" outcome="Passed" testListId="8c84fa94-04c1-424b-9868-57a2d4851a1d" relativeResultsDirectory="dc9d376a-2de3-4cd7-8318-f3cfed9f02f6" />
    <UnitTestResult executionId="517e2ef4-9f39-4bb3-897e-a6139b56c735" testId="d3ed3bd9-43ec-0794-db23-07046e301e0f" testName="GetLicensedDevicesShouldNotReturnDevicesIfTheLicenseHasExpired" computerName="DKSR-EFI-04" duration="00:00:00.0037701" startTime="2023-12-22T09:32:07.2246001+01:00" endTime="2023-12-22T09:32:07.2402246+01:00" testType="13cdc9d9-ddb5-4fa4-a97d-d965ccfc6d4b" outcome="Passed" testListId="8c84fa94-04c1-424b-9868-57a2d4851a1d" relativeResultsDirectory="517e2ef4-9f39-4bb3-897e-a6139b56c735" />
    <UnitTestResult executionId="c3f555d8-22c0-4d22-908d-f18a4a4b1654" testId="345ed762-aa7d-1a38-c786-65c68f0c1d7a" testName="WhenHasWritePermissionIsAllowedToWriteShouldReturnTrue" computerName="DKSR-EFI-04" duration="00:00:00.0005342" startTime="2023-12-22T09:32:07.3808498+01:00" endTime="2023-12-22T09:32:07.3808498+01:00" testType="13cdc9d9-ddb5-4fa4-a97d-d965ccfc6d4b" outcome="Passed" testListId="8c84fa94-04c1-424b-9868-57a2d4851a1d" relativeResultsDirectory="c3f555d8-22c0-4d22-908d-f18a4a4b1654" />
    <UnitTestResult executionId="0688d335-298e-4802-b3c8-a10f0c5bd178" testId="88c80781-4c92-1345-8f59-a9e5417d9bff" testName="WhenCheckPermissionThrowsAnExceptionIsAllowedToShouldReturnFalse (System.Exception)" computerName="DKSR-EFI-04" duration="00:00:00.0007587" startTime="2023-12-22T09:32:07.3808498+01:00" endTime="2023-12-22T09:32:07.3964748+01:00" testType="13cdc9d9-ddb5-4fa4-a97d-d965ccfc6d4b" outcome="Passed" testListId="8c84fa94-04c1-424b-9868-57a2d4851a1d" relativeResultsDirectory="0688d335-298e-4802-b3c8-a10f0c5bd178" />
    <UnitTestResult executionId="600674de-1020-40a7-a6ce-b523b52c2093" testId="5e46fad1-7309-5969-9e62-937a7a057999" testName="WhenDeviceIsExpiredThePropertyIsExpiredShouldReturnTrue (True,True)" computerName="DKSR-EFI-04" duration="00:00:00.0246285" startTime="2023-12-22T09:32:06.3964708+01:00" endTime="2023-12-22T09:32:06.6464718+01:00" testType="13cdc9d9-ddb5-4fa4-a97d-d965ccfc6d4b" outcome="Passed" testListId="8c84fa94-04c1-424b-9868-57a2d4851a1d" relativeResultsDirectory="600674de-1020-40a7-a6ce-b523b52c2093" />
    <UnitTestResult executionId="867330a2-475c-4f27-9fc4-a0104a61e52d" testId="07942f7c-9d48-f763-2de5-124a8bb62de6" testName="WhenCheckPermissionThrowsAnExceptionIsAllowedToReadShouldReturnFalse (VideoOS.Platform.NotAuthorizedMIPException)" computerName="DKSR-EFI-04" duration="00:00:00.0285240" startTime="2023-12-22T09:32:07.3496000+01:00" endTime="2023-12-22T09:32:07.3808498+01:00" testType="13cdc9d9-ddb5-4fa4-a97d-d965ccfc6d4b" outcome="Passed" testListId="8c84fa94-04c1-424b-9868-57a2d4851a1d" relativeResultsDirectory="867330a2-475c-4f27-9fc4-a0104a61e52d" />
    <UnitTestResult executionId="1abf7085-b79c-46e8-b7df-d9265c7cab1b" testId="5be17ff4-949c-4bef-16ea-c92acdefc0f0" testName="WhenDeviceIsExpiredThePropertyIsExpiredShouldReturnTrue (False,True)" computerName="DKSR-EFI-04" duration="00:00:00.0000083" startTime="2023-12-22T09:32:06.6620962+01:00" endTime="2023-12-22T09:32:06.6620962+01:00" testType="13cdc9d9-ddb5-4fa4-a97d-d965ccfc6d4b" outcome="Passed" testListId="8c84fa94-04c1-424b-9868-57a2d4851a1d" relativeResultsDirectory="1abf7085-b79c-46e8-b7df-d9265c7cab1b" />
    <UnitTestResult executionId="c5b73f40-7b4e-4909-8af8-62528b081f9c" testId="2569e329-42c7-4a99-8793-3b65f3aa3095" testName="WhenTheLicenseIsExpiredItShouldBeReflectedInProperties" computerName="DKSR-EFI-04" duration="00:00:00.0022890" startTime="2023-12-22T09:32:07.2402246+01:00" endTime="2023-12-22T09:32:07.2558497+01:00" testType="13cdc9d9-ddb5-4fa4-a97d-d965ccfc6d4b" outcome="Passed" testListId="8c84fa94-04c1-424b-9868-57a2d4851a1d" relativeResultsDirectory="c5b73f40-7b4e-4909-8af8-62528b081f9c" />
    <UnitTestResult executionId="bc2ad52a-a5fd-47ea-b69d-05c6cd6b5ee0" testId="0813215c-0ed8-c4d6-056b-6720e5b55bae" testName="WhenIsAnyDeviceLicensedItsCalledItShouldReturnFalseWhenNoDevicesAreLicensed" computerName="DKSR-EFI-04" duration="00:00:00.0011638" startTime="2023-12-22T09:32:07.2402246+01:00" endTime="2023-12-22T09:32:07.2402246+01:00" testType="13cdc9d9-ddb5-4fa4-a97d-d965ccfc6d4b" outcome="Passed" testListId="8c84fa94-04c1-424b-9868-57a2d4851a1d" relativeResultsDirectory="bc2ad52a-a5fd-47ea-b69d-05c6cd6b5ee0" />
    <UnitTestResult executionId="f9757cc1-6b0b-4080-b47c-31a17cd9d580" testId="07942f7c-9d48-f763-2de5-124a8bb62de6" testName="WhenCheckPermissionThrowsAnExceptionIsAllowedToReadShouldReturnFalse (System.Exception)" computerName="DKSR-EFI-04" duration="00:00:00.0010165" startTime="2023-12-22T09:32:07.3496000+01:00" endTime="2023-12-22T09:32:07.3808498+01:00" testType="13cdc9d9-ddb5-4fa4-a97d-d965ccfc6d4b" outcome="Passed" testListId="8c84fa94-04c1-424b-9868-57a2d4851a1d" relativeResultsDirectory="f9757cc1-6b0b-4080-b47c-31a17cd9d580" />
    <UnitTestResult executionId="e53e1215-7705-4b27-ab67-ad41930f716a" testId="1015c5be-608d-a11b-39d0-a62268182b43" testName="IsLicensedShouldReturnTrueWhenTheLicenseIsValid" computerName="DKSR-EFI-04" duration="00:00:00.5323110" startTime="2023-12-22T09:32:06.6620962+01:00" endTime="2023-12-22T09:32:07.1933503+01:00" testType="13cdc9d9-ddb5-4fa4-a97d-d965ccfc6d4b" outcome="Passed" testListId="8c84fa94-04c1-424b-9868-57a2d4851a1d" relativeResultsDirectory="e53e1215-7705-4b27-ab67-ad41930f716a" />
    <UnitTestResult executionId="12ef7df1-b553-4cf9-a47c-94109614f64c" testId="cfaec505-d5ac-6063-7cf4-e5ea73985e76" testName="WhenCheckPermissionThrowsAnExceptionIsAllowedToWriteShouldReturnFalse (System.Exception)" computerName="DKSR-EFI-04" duration="00:00:00.0008774" startTime="2023-12-22T09:32:07.3808498+01:00" endTime="2023-12-22T09:32:07.3808498+01:00" testType="13cdc9d9-ddb5-4fa4-a97d-d965ccfc6d4b" outcome="Passed" testListId="8c84fa94-04c1-424b-9868-57a2d4851a1d" relativeResultsDirectory="12ef7df1-b553-4cf9-a47c-94109614f64c" />
    <UnitTestResult executionId="78094d47-4701-4304-85ee-8e51a668498a" testId="c4d805dd-75e7-b832-3210-606d8adc0641" testName="Test" computerName="DKSR-EFI-04" duration="00:00:00.0001886" startTime="2023-12-22T09:32:07.2558497+01:00" endTime="2023-12-22T09:32:07.2558497+01:00" testType="13cdc9d9-ddb5-4fa4-a97d-d965ccfc6d4b" outcome="Passed" testListId="8c84fa94-04c1-424b-9868-57a2d4851a1d" relativeResultsDirectory="78094d47-4701-4304-85ee-8e51a668498a" />
    <UnitTestResult executionId="d8813e9c-bf6c-45e9-aaac-ee6abc11f8be" testId="96a35fe2-677c-6e7c-a9c7-d695bbe5057e" testName="MaximumDevicesShouldReturnTheLicenseInformationCount" computerName="DKSR-EFI-04" duration="00:00:00.0020935" startTime="2023-12-22T09:32:07.2402246+01:00" endTime="2023-12-22T09:32:07.2402246+01:00" testType="13cdc9d9-ddb5-4fa4-a97d-d965ccfc6d4b" outcome="Passed" testListId="8c84fa94-04c1-424b-9868-57a2d4851a1d" relativeResultsDirectory="d8813e9c-bf6c-45e9-aaac-ee6abc11f8be" />
    <UnitTestResult executionId="cbf8a3a2-f483-45ce-9830-7f6a31006724" testId="8dd690f4-5e6f-80da-7f9b-85594bcc9e4d" testName="WhenIsAnyDeviceLicensedItsCalledItShouldReturnTrueWhenAnyDeviceIsLicensed" computerName="DKSR-EFI-04" duration="00:00:00.0020476" startTime="2023-12-22T09:32:07.2402246+01:00" endTime="2023-12-22T09:32:07.2402246+01:00" testType="13cdc9d9-ddb5-4fa4-a97d-d965ccfc6d4b" outcome="Passed" testListId="8c84fa94-04c1-424b-9868-57a2d4851a1d" relativeResultsDirectory="cbf8a3a2-f483-45ce-9830-7f6a31006724" />
    <UnitTestResult executionId="5e03b89a-6c1c-4e75-be53-300c06bb956c" testId="8351ae75-973e-6935-1028-594fefe7d0a7" testName="IsLicensedShouldReturnFalseWhenThePluginIsNotLicensed" computerName="DKSR-EFI-04" duration="00:00:00.0121043" startTime="2023-12-22T09:32:07.2089749+01:00" endTime="2023-12-22T09:32:07.2089749+01:00" testType="13cdc9d9-ddb5-4fa4-a97d-d965ccfc6d4b" outcome="Passed" testListId="8c84fa94-04c1-424b-9868-57a2d4851a1d" relativeResultsDirectory="5e03b89a-6c1c-4e75-be53-300c06bb956c" />
    <UnitTestResult executionId="970c9795-195d-4867-94f2-0a32693c150d" testId="cfaec505-d5ac-6063-7cf4-e5ea73985e76" testName="WhenCheckPermissionThrowsAnExceptionIsAllowedToWriteShouldReturnFalse (VideoOS.Platform.NotAuthorizedMIPException)" computerName="DKSR-EFI-04" duration="00:00:00.0022491" startTime="2023-12-22T09:32:07.3808498+01:00" endTime="2023-12-22T09:32:07.3808498+01:00" testType="13cdc9d9-ddb5-4fa4-a97d-d965ccfc6d4b" outcome="Passed" testListId="8c84fa94-04c1-424b-9868-57a2d4851a1d" relativeResultsDirectory="970c9795-195d-4867-94f2-0a32693c150d" />
    <UnitTestResult executionId="a047286f-dbc2-4457-aa4d-77cd15e8000c" testId="c4a7f478-258d-9c3b-7f1e-5eef14341d9f" testName="IsDeviceLicensedShouldReturnTrueOnlyForLicensedDevices" computerName="DKSR-EFI-04" duration="00:00:00.0024131" startTime="2023-12-22T09:32:07.2402246+01:00" endTime="2023-12-22T09:32:07.2402246+01:00" testType="13cdc9d9-ddb5-4fa4-a97d-d965ccfc6d4b" outcome="Passed" testListId="8c84fa94-04c1-424b-9868-57a2d4851a1d" relativeResultsDirectory="a047286f-dbc2-4457-aa4d-77cd15e8000c" />
    <UnitTestResult executionId="1a23617f-7aba-45b8-983e-b935e6f29284" testId="ee2b3b23-a84c-263c-0e87-dbb7f1daaa5e" testName="WhenHasPermissionIsAllowedToShouldReturnTrue" computerName="DKSR-EFI-04" duration="00:00:00.0005150" startTime="2023-12-22T09:32:07.3808498+01:00" endTime="2023-12-22T09:32:07.3808498+01:00" testType="13cdc9d9-ddb5-4fa4-a97d-d965ccfc6d4b" outcome="Passed" testListId="8c84fa94-04c1-424b-9868-57a2d4851a1d" relativeResultsDirectory="1a23617f-7aba-45b8-983e-b935e6f29284" />
    <UnitTestResult executionId="fc1b906b-33da-4071-b687-fe171f789579" testId="f688889a-a7d0-8e37-93f1-7477f04abcd6" testName="IsLicensedShouldReturnFalseWhenTheLicenseIsExpired" computerName="DKSR-EFI-04" duration="00:00:00.0019018" startTime="2023-12-22T09:32:07.1933503+01:00" endTime="2023-12-22T09:32:07.2089749+01:00" testType="13cdc9d9-ddb5-4fa4-a97d-d965ccfc6d4b" outcome="Passed" testListId="8c84fa94-04c1-424b-9868-57a2d4851a1d" relativeResultsDirectory="fc1b906b-33da-4071-b687-fe171f789579" />
  </Results>
  <TestDefinitions>
    <UnitTest name="MaximumDevicesShouldReturnTheLicenseInformationCount" storage="d:\actions-runner\_work\xpco\xpco\addons\plugins\common\tst\videoos.plugins.common.unittests\bin\x64\debug\net472\videoos.plugins.common.unittests.dll" id="96a35fe2-677c-6e7c-a9c7-d695bbe5057e">
      <Execution id="d8813e9c-bf6c-45e9-aaac-ee6abc11f8be" />
      <TestMethod codeBase="D:\actions-runner\_work\XPCO\XPCO\AddOns\Plugins\Common\tst\VideoOS.Plugins.Common.UnitTests\bin\x64\Debug\net472\VideoOS.Plugins.Common.UnitTests.dll" adapterTypeName="executor://mstestadapter/v2" className="VideoOS.Plugins.Common.UnitTests.PluginLicenseReaderTests" name="MaximumDevicesShouldReturnTheLicenseInformationCount" />
    </UnitTest>
    <UnitTest name="WhenDeviceIsExpiredThePropertyIsExpiredShouldReturnTrue (True,True)" storage="d:\actions-runner\_work\xpco\xpco\addons\plugins\common\tst\videoos.plugins.common.unittests\bin\x64\debug\net472\videoos.plugins.common.unittests.dll" id="5e46fad1-7309-5969-9e62-937a7a057999">
      <Execution id="600674de-1020-40a7-a6ce-b523b52c2093" />
      <TestMethod codeBase="D:\actions-runner\_work\XPCO\XPCO\AddOns\Plugins\Common\tst\VideoOS.Plugins.Common.UnitTests\bin\x64\Debug\net472\VideoOS.Plugins.Common.UnitTests.dll" adapterTypeName="executor://mstestadapter/v2" className="VideoOS.Plugins.Common.UnitTests.LicenseDeviceEntryTests" name="WhenDeviceIsExpiredThePropertyIsExpiredShouldReturnTrue" />
    </UnitTest>
    <UnitTest name="Test" storage="d:\actions-runner\_work\xpco\xpco\addons\plugins\common\tst\videoos.plugins.common.unittests\bin\x64\debug\net472\videoos.plugins.common.unittests.dll" id="c4d805dd-75e7-b832-3210-606d8adc0641">
      <Execution id="78094d47-4701-4304-85ee-8e51a668498a" />
      <TestMethod codeBase="D:\actions-runner\_work\XPCO\XPCO\AddOns\Plugins\Common\tst\VideoOS.Plugins.Common.UnitTests\bin\x64\Debug\net472\VideoOS.Plugins.Common.UnitTests.dll" adapterTypeName="executor://mstestadapter/v2" className="VideoOS.Plugins.Common.UnitTests.PluginsCommonTest" name="Test" />
    </UnitTest>
    <UnitTest name="WhenIsAnyDeviceLicensedItsCalledItShouldReturnFalseWhenNoDevicesAreLicensed" storage="d:\actions-runner\_work\xpco\xpco\addons\plugins\common\tst\videoos.plugins.common.unittests\bin\x64\debug\net472\videoos.plugins.common.unittests.dll" id="0813215c-0ed8-c4d6-056b-6720e5b55bae">
      <Execution id="bc2ad52a-a5fd-47ea-b69d-05c6cd6b5ee0" />
      <TestMethod codeBase="D:\actions-runner\_work\XPCO\XPCO\AddOns\Plugins\Common\tst\VideoOS.Plugins.Common.UnitTests\bin\x64\Debug\net472\VideoOS.Plugins.Common.UnitTests.dll" adapterTypeName="executor://mstestadapter/v2" className="VideoOS.Plugins.Common.UnitTests.PluginLicenseReaderTests" name="WhenIsAnyDeviceLicensedItsCalledItShouldReturnFalseWhenNoDevicesAreLicensed" />
    </UnitTest>
    <UnitTest name="IsDeviceLicensedShouldReturnTrueOnlyForLicensedDevices" storage="d:\actions-runner\_work\xpco\xpco\addons\plugins\common\tst\videoos.plugins.common.unittests\bin\x64\debug\net472\videoos.plugins.common.unittests.dll" id="c4a7f478-258d-9c3b-7f1e-5eef14341d9f">
      <Execution id="a047286f-dbc2-4457-aa4d-77cd15e8000c" />
      <TestMethod codeBase="D:\actions-runner\_work\XPCO\XPCO\AddOns\Plugins\Common\tst\VideoOS.Plugins.Common.UnitTests\bin\x64\Debug\net472\VideoOS.Plugins.Common.UnitTests.dll" adapterTypeName="executor://mstestadapter/v2" className="VideoOS.Plugins.Common.UnitTests.PluginLicenseReaderTests" name="IsDeviceLicensedShouldReturnTrueOnlyForLicensedDevices" />
    </UnitTest>
    <UnitTest name="WhenDeviceIsExpiredThePropertyIsExpiredShouldReturnTrue (False,True)" storage="d:\actions-runner\_work\xpco\xpco\addons\plugins\common\tst\videoos.plugins.common.unittests\bin\x64\debug\net472\videoos.plugins.common.unittests.dll" id="5be17ff4-949c-4bef-16ea-c92acdefc0f0">
      <Execution id="1abf7085-b79c-46e8-b7df-d9265c7cab1b" />
      <TestMethod codeBase="D:\actions-runner\_work\XPCO\XPCO\AddOns\Plugins\Common\tst\VideoOS.Plugins.Common.UnitTests\bin\x64\Debug\net472\VideoOS.Plugins.Common.UnitTests.dll" adapterTypeName="executor://mstestadapter/v2" className="VideoOS.Plugins.Common.UnitTests.LicenseDeviceEntryTests" name="WhenDeviceIsExpiredThePropertyIsExpiredShouldReturnTrue" />
    </UnitTest>
    <UnitTest name="IsLicensedShouldReturnTrueWhenTheLicenseIsValid" storage="d:\actions-runner\_work\xpco\xpco\addons\plugins\common\tst\videoos.plugins.common.unittests\bin\x64\debug\net472\videoos.plugins.common.unittests.dll" id="1015c5be-608d-a11b-39d0-a62268182b43">
      <Execution id="e53e1215-7705-4b27-ab67-ad41930f716a" />
      <TestMethod codeBase="D:\actions-runner\_work\XPCO\XPCO\AddOns\Plugins\Common\tst\VideoOS.Plugins.Common.UnitTests\bin\x64\Debug\net472\VideoOS.Plugins.Common.UnitTests.dll" adapterTypeName="executor://mstestadapter/v2" className="VideoOS.Plugins.Common.UnitTests.PluginLicenseReaderTests" name="IsLicensedShouldReturnTrueWhenTheLicenseIsValid" />
    </UnitTest>
    <UnitTest name="WhenIsAnyDeviceLicensedItsCalledItShouldReturnTrueWhenAnyDeviceIsLicensed" storage="d:\actions-runner\_work\xpco\xpco\addons\plugins\common\tst\videoos.plugins.common.unittests\bin\x64\debug\net472\videoos.plugins.common.unittests.dll" id="8dd690f4-5e6f-80da-7f9b-85594bcc9e4d">
      <Execution id="cbf8a3a2-f483-45ce-9830-7f6a31006724" />
      <TestMethod codeBase="D:\actions-runner\_work\XPCO\XPCO\AddOns\Plugins\Common\tst\VideoOS.Plugins.Common.UnitTests\bin\x64\Debug\net472\VideoOS.Plugins.Common.UnitTests.dll" adapterTypeName="executor://mstestadapter/v2" className="VideoOS.Plugins.Common.UnitTests.PluginLicenseReaderTests" name="WhenIsAnyDeviceLicensedItsCalledItShouldReturnTrueWhenAnyDeviceIsLicensed" />
    </UnitTest>
    <UnitTest name="GetLicensedDevicesShouldNotReturnDevicesIfTheLicenseHasExpired" storage="d:\actions-runner\_work\xpco\xpco\addons\plugins\common\tst\videoos.plugins.common.unittests\bin\x64\debug\net472\videoos.plugins.common.unittests.dll" id="d3ed3bd9-43ec-0794-db23-07046e301e0f">
      <Execution id="517e2ef4-9f39-4bb3-897e-a6139b56c735" />
      <TestMethod codeBase="D:\actions-runner\_work\XPCO\XPCO\AddOns\Plugins\Common\tst\VideoOS.Plugins.Common.UnitTests\bin\x64\Debug\net472\VideoOS.Plugins.Common.UnitTests.dll" adapterTypeName="executor://mstestadapter/v2" className="VideoOS.Plugins.Common.UnitTests.PluginLicenseReaderTests" name="GetLicensedDevicesShouldNotReturnDevicesIfTheLicenseHasExpired" />
    </UnitTest>
    <UnitTest name="WhenHasPermissionIsAllowedToShouldReturnTrue" storage="d:\actions-runner\_work\xpco\xpco\addons\plugins\common\tst\videoos.plugins.common.unittests\bin\x64\debug\net472\videoos.plugins.common.unittests.dll" id="ee2b3b23-a84c-263c-0e87-dbb7f1daaa5e">
      <Execution id="1a23617f-7aba-45b8-983e-b935e6f29284" />
      <TestMethod codeBase="D:\actions-runner\_work\XPCO\XPCO\AddOns\Plugins\Common\tst\VideoOS.Plugins.Common.UnitTests\bin\x64\Debug\net472\VideoOS.Plugins.Common.UnitTests.dll" adapterTypeName="executor://mstestadapter/v2" className="VideoOS.Plugins.Common.UnitTests.RolePermissionProviderTest" name="WhenHasPermissionIsAllowedToShouldReturnTrue" />
    </UnitTest>
    <UnitTest name="WhenDeviceIsExpiredThePropertyIsExpiredShouldReturnTrue (False,False)" storage="d:\actions-runner\_work\xpco\xpco\addons\plugins\common\tst\videoos.plugins.common.unittests\bin\x64\debug\net472\videoos.plugins.common.unittests.dll" id="e63ad7e1-833e-31c2-28de-7edd790764b1">
      <Execution id="dc9d376a-2de3-4cd7-8318-f3cfed9f02f6" />
      <TestMethod codeBase="D:\actions-runner\_work\XPCO\XPCO\AddOns\Plugins\Common\tst\VideoOS.Plugins.Common.UnitTests\bin\x64\Debug\net472\VideoOS.Plugins.Common.UnitTests.dll" adapterTypeName="executor://mstestadapter/v2" className="VideoOS.Plugins.Common.UnitTests.LicenseDeviceEntryTests" name="WhenDeviceIsExpiredThePropertyIsExpiredShouldReturnTrue" />
    </UnitTest>
    <UnitTest name="IsLicensedShouldReturnFalseWhenThePluginIsNotLicensed" storage="d:\actions-runner\_work\xpco\xpco\addons\plugins\common\tst\videoos.plugins.common.unittests\bin\x64\debug\net472\videoos.plugins.common.unittests.dll" id="8351ae75-973e-6935-1028-594fefe7d0a7">
      <Execution id="5e03b89a-6c1c-4e75-be53-300c06bb956c" />
      <TestMethod codeBase="D:\actions-runner\_work\XPCO\XPCO\AddOns\Plugins\Common\tst\VideoOS.Plugins.Common.UnitTests\bin\x64\Debug\net472\VideoOS.Plugins.Common.UnitTests.dll" adapterTypeName="executor://mstestadapter/v2" className="VideoOS.Plugins.Common.UnitTests.PluginLicenseReaderTests" name="IsLicensedShouldReturnFalseWhenThePluginIsNotLicensed" />
    </UnitTest>
    <UnitTest name="WhenTheLicenseIsExpiredItShouldBeReflectedInProperties" storage="d:\actions-runner\_work\xpco\xpco\addons\plugins\common\tst\videoos.plugins.common.unittests\bin\x64\debug\net472\videoos.plugins.common.unittests.dll" id="2569e329-42c7-4a99-8793-3b65f3aa3095">
      <Execution id="c5b73f40-7b4e-4909-8af8-62528b081f9c" />
      <TestMethod codeBase="D:\actions-runner\_work\XPCO\XPCO\AddOns\Plugins\Common\tst\VideoOS.Plugins.Common.UnitTests\bin\x64\Debug\net472\VideoOS.Plugins.Common.UnitTests.dll" adapterTypeName="executor://mstestadapter/v2" className="VideoOS.Plugins.Common.UnitTests.PluginLicenseReaderTests" name="WhenTheLicenseIsExpiredItShouldBeReflectedInProperties" />
    </UnitTest>
    <UnitTest name="WhenCheckPermissionThrowsAnExceptionIsAllowedToShouldReturnFalse" storage="d:\actions-runner\_work\xpco\xpco\addons\plugins\common\tst\videoos.plugins.common.unittests\bin\x64\debug\net472\videoos.plugins.common.unittests.dll" id="88c80781-4c92-1345-8f59-a9e5417d9bff">
      <Execution id="96fc7419-011b-4e3a-a300-d116248e5f08" />
      <TestMethod codeBase="D:\actions-runner\_work\XPCO\XPCO\AddOns\Plugins\Common\tst\VideoOS.Plugins.Common.UnitTests\bin\x64\Debug\net472\VideoOS.Plugins.Common.UnitTests.dll" adapterTypeName="executor://mstestadapter/v2" className="VideoOS.Plugins.Common.UnitTests.RolePermissionProviderTest" name="WhenCheckPermissionThrowsAnExceptionIsAllowedToShouldReturnFalse" />
    </UnitTest>
    <UnitTest name="WhenCheckPermissionThrowsAnExceptionIsAllowedToWriteShouldReturnFalse" storage="d:\actions-runner\_work\xpco\xpco\addons\plugins\common\tst\videoos.plugins.common.unittests\bin\x64\debug\net472\videoos.plugins.common.unittests.dll" id="cfaec505-d5ac-6063-7cf4-e5ea73985e76">
      <Execution id="970c9795-195d-4867-94f2-0a32693c150d" />
      <TestMethod codeBase="D:\actions-runner\_work\XPCO\XPCO\AddOns\Plugins\Common\tst\VideoOS.Plugins.Common.UnitTests\bin\x64\Debug\net472\VideoOS.Plugins.Common.UnitTests.dll" adapterTypeName="executor://mstestadapter/v2" className="VideoOS.Plugins.Common.UnitTests.RolePermissionProviderTest" name="WhenCheckPermissionThrowsAnExceptionIsAllowedToWriteShouldReturnFalse" />
    </UnitTest>
    <UnitTest name="WhenCheckPermissionThrowsAnExceptionIsAllowedToReadShouldReturnFalse" storage="d:\actions-runner\_work\xpco\xpco\addons\plugins\common\tst\videoos.plugins.common.unittests\bin\x64\debug\net472\videoos.plugins.common.unittests.dll" id="07942f7c-9d48-f763-2de5-124a8bb62de6">
      <Execution id="867330a2-475c-4f27-9fc4-a0104a61e52d" />
      <TestMethod codeBase="D:\actions-runner\_work\XPCO\XPCO\AddOns\Plugins\Common\tst\VideoOS.Plugins.Common.UnitTests\bin\x64\Debug\net472\VideoOS.Plugins.Common.UnitTests.dll" adapterTypeName="executor://mstestadapter/v2" className="VideoOS.Plugins.Common.UnitTests.RolePermissionProviderTest" name="WhenCheckPermissionThrowsAnExceptionIsAllowedToReadShouldReturnFalse" />
    </UnitTest>
    <UnitTest name="IsLicensedShouldReturnFalseWhenTheLicenseIsExpired" storage="d:\actions-runner\_work\xpco\xpco\addons\plugins\common\tst\videoos.plugins.common.unittests\bin\x64\debug\net472\videoos.plugins.common.unittests.dll" id="f688889a-a7d0-8e37-93f1-7477f04abcd6">
      <Execution id="fc1b906b-33da-4071-b687-fe171f789579" />
      <TestMethod codeBase="D:\actions-runner\_work\XPCO\XPCO\AddOns\Plugins\Common\tst\VideoOS.Plugins.Common.UnitTests\bin\x64\Debug\net472\VideoOS.Plugins.Common.UnitTests.dll" adapterTypeName="executor://mstestadapter/v2" className="VideoOS.Plugins.Common.UnitTests.PluginLicenseReaderTests" name="IsLicensedShouldReturnFalseWhenTheLicenseIsExpired" />
    </UnitTest>
    <UnitTest name="WhenHasReadPermissionIsAllowedToReadShouldReturnTrue" storage="d:\actions-runner\_work\xpco\xpco\addons\plugins\common\tst\videoos.plugins.common.unittests\bin\x64\debug\net472\videoos.plugins.common.unittests.dll" id="8378ecfb-1f30-71f6-eb76-986cfdec5e5d">
      <Execution id="91925c2a-519e-423b-9eed-235c4f331787" />
      <TestMethod codeBase="D:\actions-runner\_work\XPCO\XPCO\AddOns\Plugins\Common\tst\VideoOS.Plugins.Common.UnitTests\bin\x64\Debug\net472\VideoOS.Plugins.Common.UnitTests.dll" adapterTypeName="executor://mstestadapter/v2" className="VideoOS.Plugins.Common.UnitTests.RolePermissionProviderTest" name="WhenHasReadPermissionIsAllowedToReadShouldReturnTrue" />
    </UnitTest>
    <UnitTest name="WhenDeviceIsExpiredThePropertyIsExpiredShouldReturnTrue (True,False)" storage="d:\actions-runner\_work\xpco\xpco\addons\plugins\common\tst\videoos.plugins.common.unittests\bin\x64\debug\net472\videoos.plugins.common.unittests.dll" id="4156d917-8ec9-0b45-0f42-420a8dde3c6a">
      <Execution id="94ccbd7e-9f5b-4b4b-ad2b-5b9e93e34d44" />
      <TestMethod codeBase="D:\actions-runner\_work\XPCO\XPCO\AddOns\Plugins\Common\tst\VideoOS.Plugins.Common.UnitTests\bin\x64\Debug\net472\VideoOS.Plugins.Common.UnitTests.dll" adapterTypeName="executor://mstestadapter/v2" className="VideoOS.Plugins.Common.UnitTests.LicenseDeviceEntryTests" name="WhenDeviceIsExpiredThePropertyIsExpiredShouldReturnTrue" />
    </UnitTest>
    <UnitTest name="WhenHasWritePermissionIsAllowedToWriteShouldReturnTrue" storage="d:\actions-runner\_work\xpco\xpco\addons\plugins\common\tst\videoos.plugins.common.unittests\bin\x64\debug\net472\videoos.plugins.common.unittests.dll" id="345ed762-aa7d-1a38-c786-65c68f0c1d7a">
      <Execution id="c3f555d8-22c0-4d22-908d-f18a4a4b1654" />
      <TestMethod codeBase="D:\actions-runner\_work\XPCO\XPCO\AddOns\Plugins\Common\tst\VideoOS.Plugins.Common.UnitTests\bin\x64\Debug\net472\VideoOS.Plugins.Common.UnitTests.dll" adapterTypeName="executor://mstestadapter/v2" className="VideoOS.Plugins.Common.UnitTests.RolePermissionProviderTest" name="WhenHasWritePermissionIsAllowedToWriteShouldReturnTrue" />
    </UnitTest>
    <UnitTest name="GetLicensedDevicesShouldReturnTheDevicesStoredInLicenseThatHaveNotExpired" storage="d:\actions-runner\_work\xpco\xpco\addons\plugins\common\tst\videoos.plugins.common.unittests\bin\x64\debug\net472\videoos.plugins.common.unittests.dll" id="4aa9d3fc-de95-0b41-676f-1607e516eab9">
      <Execution id="66b899f1-bdb4-48bc-8258-d41117fb74af" />
      <TestMethod codeBase="D:\actions-runner\_work\XPCO\XPCO\AddOns\Plugins\Common\tst\VideoOS.Plugins.Common.UnitTests\bin\x64\Debug\net472\VideoOS.Plugins.Common.UnitTests.dll" adapterTypeName="executor://mstestadapter/v2" className="VideoOS.Plugins.Common.UnitTests.PluginLicenseReaderTests" name="GetLicensedDevicesShouldReturnTheDevicesStoredInLicenseThatHaveNotExpired" />
    </UnitTest>
  </TestDefinitions>
  <TestEntries>
    <TestEntry testId="4aa9d3fc-de95-0b41-676f-1607e516eab9" executionId="66b899f1-bdb4-48bc-8258-d41117fb74af" testListId="8c84fa94-04c1-424b-9868-57a2d4851a1d" />
    <TestEntry testId="4156d917-8ec9-0b45-0f42-420a8dde3c6a" executionId="94ccbd7e-9f5b-4b4b-ad2b-5b9e93e34d44" testListId="8c84fa94-04c1-424b-9868-57a2d4851a1d" />
    <TestEntry testId="88c80781-4c92-1345-8f59-a9e5417d9bff" executionId="96fc7419-011b-4e3a-a300-d116248e5f08" testListId="8c84fa94-04c1-424b-9868-57a2d4851a1d" />
    <TestEntry testId="8378ecfb-1f30-71f6-eb76-986cfdec5e5d" executionId="91925c2a-519e-423b-9eed-235c4f331787" testListId="8c84fa94-04c1-424b-9868-57a2d4851a1d" />
    <TestEntry testId="e63ad7e1-833e-31c2-28de-7edd790764b1" executionId="dc9d376a-2de3-4cd7-8318-f3cfed9f02f6" testListId="8c84fa94-04c1-424b-9868-57a2d4851a1d" />
    <TestEntry testId="d3ed3bd9-43ec-0794-db23-07046e301e0f" executionId="517e2ef4-9f39-4bb3-897e-a6139b56c735" testListId="8c84fa94-04c1-424b-9868-57a2d4851a1d" />
    <TestEntry testId="345ed762-aa7d-1a38-c786-65c68f0c1d7a" executionId="c3f555d8-22c0-4d22-908d-f18a4a4b1654" testListId="8c84fa94-04c1-424b-9868-57a2d4851a1d" />
    <TestEntry testId="88c80781-4c92-1345-8f59-a9e5417d9bff" executionId="0688d335-298e-4802-b3c8-a10f0c5bd178" testListId="8c84fa94-04c1-424b-9868-57a2d4851a1d" />
    <TestEntry testId="5e46fad1-7309-5969-9e62-937a7a057999" executionId="600674de-1020-40a7-a6ce-b523b52c2093" testListId="8c84fa94-04c1-424b-9868-57a2d4851a1d" />
    <TestEntry testId="07942f7c-9d48-f763-2de5-124a8bb62de6" executionId="867330a2-475c-4f27-9fc4-a0104a61e52d" testListId="8c84fa94-04c1-424b-9868-57a2d4851a1d" />
    <TestEntry testId="5be17ff4-949c-4bef-16ea-c92acdefc0f0" executionId="1abf7085-b79c-46e8-b7df-d9265c7cab1b" testListId="8c84fa94-04c1-424b-9868-57a2d4851a1d" />
    <TestEntry testId="2569e329-42c7-4a99-8793-3b65f3aa3095" executionId="c5b73f40-7b4e-4909-8af8-62528b081f9c" testListId="8c84fa94-04c1-424b-9868-57a2d4851a1d" />
    <TestEntry testId="0813215c-0ed8-c4d6-056b-6720e5b55bae" executionId="bc2ad52a-a5fd-47ea-b69d-05c6cd6b5ee0" testListId="8c84fa94-04c1-424b-9868-57a2d4851a1d" />
    <TestEntry testId="07942f7c-9d48-f763-2de5-124a8bb62de6" executionId="f9757cc1-6b0b-4080-b47c-31a17cd9d580" testListId="8c84fa94-04c1-424b-9868-57a2d4851a1d" />
    <TestEntry testId="1015c5be-608d-a11b-39d0-a62268182b43" executionId="e53e1215-7705-4b27-ab67-ad41930f716a" testListId="8c84fa94-04c1-424b-9868-57a2d4851a1d" />
    <TestEntry testId="cfaec505-d5ac-6063-7cf4-e5ea73985e76" executionId="12ef7df1-b553-4cf9-a47c-94109614f64c" testListId="8c84fa94-04c1-424b-9868-57a2d4851a1d" />
    <TestEntry testId="c4d805dd-75e7-b832-3210-606d8adc0641" executionId="78094d47-4701-4304-85ee-8e51a668498a" testListId="8c84fa94-04c1-424b-9868-57a2d4851a1d" />
    <TestEntry testId="96a35fe2-677c-6e7c-a9c7-d695bbe5057e" executionId="d8813e9c-bf6c-45e9-aaac-ee6abc11f8be" testListId="8c84fa94-04c1-424b-9868-57a2d4851a1d" />
    <TestEntry testId="8dd690f4-5e6f-80da-7f9b-85594bcc9e4d" executionId="cbf8a3a2-f483-45ce-9830-7f6a31006724" testListId="8c84fa94-04c1-424b-9868-57a2d4851a1d" />
    <TestEntry testId="8351ae75-973e-6935-1028-594fefe7d0a7" executionId="5e03b89a-6c1c-4e75-be53-300c06bb956c" testListId="8c84fa94-04c1-424b-9868-57a2d4851a1d" />
    <TestEntry testId="cfaec505-d5ac-6063-7cf4-e5ea73985e76" executionId="970c9795-195d-4867-94f2-0a32693c150d" testListId="8c84fa94-04c1-424b-9868-57a2d4851a1d" />
    <TestEntry testId="c4a7f478-258d-9c3b-7f1e-5eef14341d9f" executionId="a047286f-dbc2-4457-aa4d-77cd15e8000c" testListId="8c84fa94-04c1-424b-9868-57a2d4851a1d" />
    <TestEntry testId="ee2b3b23-a84c-263c-0e87-dbb7f1daaa5e" executionId="1a23617f-7aba-45b8-983e-b935e6f29284" testListId="8c84fa94-04c1-424b-9868-57a2d4851a1d" />
    <TestEntry testId="f688889a-a7d0-8e37-93f1-7477f04abcd6" executionId="fc1b906b-33da-4071-b687-fe171f789579" testListId="8c84fa94-04c1-424b-9868-57a2d4851a1d" />
  </TestEntries>
  <TestLists>
    <TestList name="Results Not in a List" id="8c84fa94-04c1-424b-9868-57a2d4851a1d" />
    <TestList name="All Loaded Results" id="19431567-8539-422a-85d7-44ee4e166bda" />
  </TestLists>
  <ResultSummary outcome="Completed">
    <Counters total="24" executed="24" passed="24" failed="0" error="0" timeout="0" aborted="0" inconclusive="0" passedButRunAborted="0" notRunnable="0" notExecuted="0" disconnected="0" warning="0" completed="0" inProgress="0" pending="0" />
  </ResultSummary>
</TestRun>