<?xml version="1.0" encoding="utf-8"?>
<TestRun id="fecf7c4c-5586-4e2e-9658-568110d73e1c" name="DKSR-EFI-04$@DKSR-EFI-04 2023-12-22 09:33:51" runUser="NT AUTHORITY\NETWORK SERVICE" xmlns="http://microsoft.com/schemas/VisualStudio/TeamTest/2010">
  <Times creation="2023-12-22T09:33:51.3500904+01:00" queuing="2023-12-22T09:33:51.3500904+01:00" start="2023-12-22T09:33:49.7250845+01:00" finish="2023-12-22T09:33:52.2875956+01:00" />
  <TestSettings name="default" id="696b7989-11c0-4f00-9fe7-7f23be5f9fcc">
    <Deployment runDeploymentRoot="DKSR-EFI-04$_DKSR-EFI-04_2023-12-22_09_33_51" />
  </TestSettings>
  <Results>
    <UnitTestResult executionId="cfa64a51-a688-4ba3-926b-6feab9a8219a" testId="7da34f60-2356-a8ff-1a80-1805c91d8d6c" testName="Execute_ParseUrl_AsExpected (file://test.dk,UnspecifiedErrorEncryption)" computerName="DKSR-EFI-04" duration="00:00:00.0040902" startTime="2023-12-22T09:33:51.3188415+01:00" endTime="2023-12-22T09:33:51.3188415+01:00" testType="13cdc9d9-ddb5-4fa4-a97d-d965ccfc6d4b" outcome="Passed" testListId="8c84fa94-04c1-424b-9868-57a2d4851a1d" relativeResultsDirectory="cfa64a51-a688-4ba3-926b-6feab9a8219a" />
    <UnitTestResult executionId="d800fc8a-f7ad-4045-b43f-c63250f51a72" testId="edf70aba-5520-6533-9207-6e23ea89d3f0" testName="Execute_DisableEncryptionWithDefaultPort_UrlSetToHttpWithoutPort" computerName="DKSR-EFI-04" duration="00:00:00.0041676" startTime="2023-12-22T09:33:51.6938435+01:00" endTime="2023-12-22T09:33:51.6938435+01:00" testType="13cdc9d9-ddb5-4fa4-a97d-d965ccfc6d4b" outcome="Passed" testListId="8c84fa94-04c1-424b-9868-57a2d4851a1d" relativeResultsDirectory="d800fc8a-f7ad-4045-b43f-c63250f51a72" />
    <UnitTestResult executionId="e4f5ae05-6224-491d-95e6-02b3b2ac64d8" testId="7d9c8062-a049-3172-63d9-e45b9717bf86" testName="WriteRegistrationParameters_ClientRegistrationIdAndAuthorizationServerUri_UpdatedCorrectInConfig (VideoOS.CertificateRegistration.Common.RegistrationParameters,{ &quot;SomeSetting&quot; : &quot;SomeValue&quot;, &quot;ClientRegistrationId&quot; : &quot;079544f3-4525-4e2e-9343-d5fcdbf89d91&quot;, &quot;AuthorizationServerUri&quot; : &quot;http://localhost:8080/IDP&quot; })" computerName="DKSR-EFI-04" duration="00:00:00.0023300" startTime="2023-12-22T09:33:51.8813436+01:00" endTime="2023-12-22T09:33:51.8969687+01:00" testType="13cdc9d9-ddb5-4fa4-a97d-d965ccfc6d4b" outcome="Passed" testListId="8c84fa94-04c1-424b-9868-57a2d4851a1d" relativeResultsDirectory="e4f5ae05-6224-491d-95e6-02b3b2ac64d8" />
    <UnitTestResult executionId="dcd9eeab-d951-4cc6-a129-2bf7efeec7ef" testId="31f3d48b-5bea-b480-ae51-8451dbc8f7d5" testName="ReadRegistrationParameters_ClientRegistrationIdKeyNotPresent_KeyValueAdded" computerName="DKSR-EFI-04" duration="00:00:00.0114341" startTime="2023-12-22T09:33:51.8344680+01:00" endTime="2023-12-22T09:33:51.8501081+01:00" testType="13cdc9d9-ddb5-4fa4-a97d-d965ccfc6d4b" outcome="Passed" testListId="8c84fa94-04c1-424b-9868-57a2d4851a1d" relativeResultsDirectory="dcd9eeab-d951-4cc6-a129-2bf7efeec7ef" />
    <UnitTestResult executionId="203edd39-9ca3-4a63-8288-654fb4994fed" testId="e5a3f963-eb45-0af0-92a8-cf71a5d5a22c" testName="Execute_ManagementServerAddressIsInConfig_AddressUpdated" computerName="DKSR-EFI-04" duration="00:00:00.0084861" startTime="2023-12-22T09:33:51.8344680+01:00" endTime="2023-12-22T09:33:51.8344680+01:00" testType="13cdc9d9-ddb5-4fa4-a97d-d965ccfc6d4b" outcome="Passed" testListId="8c84fa94-04c1-424b-9868-57a2d4851a1d" relativeResultsDirectory="203edd39-9ca3-4a63-8288-654fb4994fed" />
    <UnitTestResult executionId="476dc50a-4094-415c-8212-9b7bb4d51c85" testId="244ccc9f-3cb6-7a76-0b02-dc61943e0e64" testName="Execute_ParseUrl_AsExpected (http://?:8080,UnspecifiedErrorEncryption)" computerName="DKSR-EFI-04" duration="00:00:00.0023279" startTime="2023-12-22T09:33:51.3344657+01:00" endTime="2023-12-22T09:33:51.3344657+01:00" testType="13cdc9d9-ddb5-4fa4-a97d-d965ccfc6d4b" outcome="Passed" testListId="8c84fa94-04c1-424b-9868-57a2d4851a1d" relativeResultsDirectory="476dc50a-4094-415c-8212-9b7bb4d51c85" />
    <UnitTestResult executionId="0894ad4e-dace-4ba4-9cf2-4260e30fe8b2" testId="e709a4d1-0132-f033-2ba2-c8b893dc47f0" testName="Execute_ConfigFileDoesNotExists_ErrorStatus" computerName="DKSR-EFI-04" duration="00:00:00.0091976" startTime="2023-12-22T09:33:51.8032171+01:00" endTime="2023-12-22T09:33:51.8032171+01:00" testType="13cdc9d9-ddb5-4fa4-a97d-d965ccfc6d4b" outcome="Passed" testListId="8c84fa94-04c1-424b-9868-57a2d4851a1d" relativeResultsDirectory="0894ad4e-dace-4ba4-9cf2-4260e30fe8b2" />
    <UnitTestResult executionId="9c1f0e9c-e70e-4e15-a862-a4bebdae2f43" testId="9587ca0d-4803-9d42-3ed2-cc64750a3a80" testName="Execute_ParseUrl_AsExpected (httpss://10.10.10.1:8080,UnspecifiedErrorEncryption)" computerName="DKSR-EFI-04" duration="00:00:00.0022536" startTime="2023-12-22T09:33:51.3500904+01:00" endTime="2023-12-22T09:33:51.3500904+01:00" testType="13cdc9d9-ddb5-4fa4-a97d-d965ccfc6d4b" outcome="Passed" testListId="8c84fa94-04c1-424b-9868-57a2d4851a1d" relativeResultsDirectory="9c1f0e9c-e70e-4e15-a862-a4bebdae2f43" />
    <UnitTestResult executionId="a0ef52a4-6a2f-4c85-8bb0-c94d155cfedb" testId="64a3ad71-dfa6-89b9-af01-797da222b09e" testName="Execute_ParseUrl_AsExpected (https://[::]:8080/,Success)" computerName="DKSR-EFI-04" duration="00:00:00.1383919" startTime="2023-12-22T09:33:51.3657156+01:00" endTime="2023-12-22T09:33:51.5063428+01:00" testType="13cdc9d9-ddb5-4fa4-a97d-d965ccfc6d4b" outcome="Passed" testListId="8c84fa94-04c1-424b-9868-57a2d4851a1d" relativeResultsDirectory="a0ef52a4-6a2f-4c85-8bb0-c94d155cfedb" />
    <UnitTestResult executionId="e4a46091-8cfd-4e20-aa40-30880f2500cf" testId="dfd7a575-5002-c5c6-9781-05f523aff46d" testName="Execute_ConfigFileDoesNotExists_ErrorStatus" computerName="DKSR-EFI-04" duration="00:00:00.0018067" startTime="2023-12-22T09:33:51.5532180+01:00" endTime="2023-12-22T09:33:51.5532180+01:00" testType="13cdc9d9-ddb5-4fa4-a97d-d965ccfc6d4b" outcome="Passed" testListId="8c84fa94-04c1-424b-9868-57a2d4851a1d" relativeResultsDirectory="e4a46091-8cfd-4e20-aa40-30880f2500cf" />
    <UnitTestResult executionId="ae231140-774c-4376-931a-1cf2ae044945" testId="f44d555a-810b-6e27-3273-8fbf16eb3346" testName="ReadRegistrationParameters_ClientRegistrationIdKeyPresentButEmptyValue_ValueAdded" computerName="DKSR-EFI-04" duration="00:00:00.0031331" startTime="2023-12-22T09:33:51.8501081+01:00" endTime="2023-12-22T09:33:51.8501081+01:00" testType="13cdc9d9-ddb5-4fa4-a97d-d965ccfc6d4b" outcome="Passed" testListId="8c84fa94-04c1-424b-9868-57a2d4851a1d" relativeResultsDirectory="ae231140-774c-4376-931a-1cf2ae044945" />
    <UnitTestResult executionId="d9c0c18b-d692-4b6a-a832-005bc0da2de7" testId="b1ca9f6e-c253-66a7-5a66-dbaa2369ccd4" testName="Execute_InvalidConfigFileFormat_ErrorStatus" computerName="DKSR-EFI-04" duration="00:00:00.0081205" startTime="2023-12-22T09:33:51.8032171+01:00" endTime="2023-12-22T09:33:51.8188442+01:00" testType="13cdc9d9-ddb5-4fa4-a97d-d965ccfc6d4b" outcome="Passed" testListId="8c84fa94-04c1-424b-9868-57a2d4851a1d" relativeResultsDirectory="d9c0c18b-d692-4b6a-a832-005bc0da2de7" />
    <UnitTestResult executionId="28ab1d17-4ca6-442e-a3fa-28e991ea7feb" testId="e2d3c416-430d-5d86-e1e0-4c8a38809aac" testName="ReadRegistrationParameters_ClientRegistrationIdKeyAndValuePresent_ValueReused" computerName="DKSR-EFI-04" duration="00:00:00.0271166" startTime="2023-12-22T09:33:51.8501081+01:00" endTime="2023-12-22T09:33:51.8813436+01:00" testType="13cdc9d9-ddb5-4fa4-a97d-d965ccfc6d4b" outcome="Passed" testListId="8c84fa94-04c1-424b-9868-57a2d4851a1d" relativeResultsDirectory="28ab1d17-4ca6-442e-a3fa-28e991ea7feb" />
    <UnitTestResult executionId="c7c00d12-5d1a-4f29-a8a9-437a1ba101ad" testId="dc2fdfc6-6a5f-68f4-4d4e-d43001373503" testName="Execute_ParseUrl_AsExpected (http://*,UnspecifiedErrorEncryption,False)" computerName="DKSR-EFI-04" duration="00:00:00.0035676" startTime="2023-12-22T09:33:51.3500904+01:00" endTime="2023-12-22T09:33:51.3657156+01:00" testType="13cdc9d9-ddb5-4fa4-a97d-d965ccfc6d4b" outcome="Passed" testListId="8c84fa94-04c1-424b-9868-57a2d4851a1d" relativeResultsDirectory="c7c00d12-5d1a-4f29-a8a9-437a1ba101ad" />
    <UnitTestResult executionId="7fa6878a-db26-42a2-a198-b7a256bfba9a" testId="60608d04-0682-fb1a-ae39-fa557a34d4f5" testName="Execute_KestrelUrlNotInConfigFile_ErrorStatus" computerName="DKSR-EFI-04" duration="00:00:00.0034367" startTime="2023-12-22T09:33:51.6782186+01:00" endTime="2023-12-22T09:33:51.6782186+01:00" testType="13cdc9d9-ddb5-4fa4-a97d-d965ccfc6d4b" outcome="Passed" testListId="8c84fa94-04c1-424b-9868-57a2d4851a1d" relativeResultsDirectory="7fa6878a-db26-42a2-a198-b7a256bfba9a" />
    <UnitTestResult executionId="3d33c67f-b402-474e-88a9-9cbaab27ef88" testId="85e22d07-3e80-ec28-5f22-3fae8d0da90f" testName="Execute_KestrelNotInConfigFile_ErrorStatus" computerName="DKSR-EFI-04" duration="00:00:00.0034671" startTime="2023-12-22T09:33:51.6782186+01:00" endTime="2023-12-22T09:33:51.6782186+01:00" testType="13cdc9d9-ddb5-4fa4-a97d-d965ccfc6d4b" outcome="Passed" testListId="8c84fa94-04c1-424b-9868-57a2d4851a1d" relativeResultsDirectory="3d33c67f-b402-474e-88a9-9cbaab27ef88" />
    <UnitTestResult executionId="dd618d8c-72c3-478f-9a9a-b549a3377cd4" testId="fc098de1-8ca1-484c-2c0e-ad9671b77680" testName="Execute_ParseUrl_AsExpected (http://JustSomeurl.local/,Success,False)" computerName="DKSR-EFI-04" duration="00:00:00.0025234" startTime="2023-12-22T09:33:51.5375920+01:00" endTime="2023-12-22T09:33:51.5375920+01:00" testType="13cdc9d9-ddb5-4fa4-a97d-d965ccfc6d4b" outcome="Passed" testListId="8c84fa94-04c1-424b-9868-57a2d4851a1d" relativeResultsDirectory="dd618d8c-72c3-478f-9a9a-b549a3377cd4" />
    <UnitTestResult executionId="4d218990-656e-4d12-b75a-62aa9c393aba" testId="26a8ee58-1edd-1d0b-88b3-1c34bc44dbba" testName="Execute_ParseUrl_AsExpected (http://*:7609,Success,False)" computerName="DKSR-EFI-04" duration="00:00:00.0023019" startTime="2023-12-22T09:33:51.5532180+01:00" endTime="2023-12-22T09:33:51.5532180+01:00" testType="13cdc9d9-ddb5-4fa4-a97d-d965ccfc6d4b" outcome="Passed" testListId="8c84fa94-04c1-424b-9868-57a2d4851a1d" relativeResultsDirectory="4d218990-656e-4d12-b75a-62aa9c393aba" />
    <UnitTestResult executionId="2964b8aa-1ffa-4c4a-8bb2-2e767e9909d9" testId="05f65d24-9901-3c9a-9acb-d5b56abfd0fc" testName="Execute_ParseUrl_AsExpected (https://JustSomeUrl.local/,Success)" computerName="DKSR-EFI-04" duration="00:00:00.0024789" startTime="2023-12-22T09:33:51.5375920+01:00" endTime="2023-12-22T09:33:51.5375920+01:00" testType="13cdc9d9-ddb5-4fa4-a97d-d965ccfc6d4b" outcome="Passed" testListId="8c84fa94-04c1-424b-9868-57a2d4851a1d" relativeResultsDirectory="2964b8aa-1ffa-4c4a-8bb2-2e767e9909d9" />
    <UnitTestResult executionId="8d612bc8-cd4f-44aa-9c18-a5a25c00dc38" testId="dc9464f9-bab9-9e09-683a-f2be70dbe9ae" testName="Execute_InvalidConfigFileFormat_ErrorStatus" computerName="DKSR-EFI-04" duration="00:00:00.1150523" startTime="2023-12-22T09:33:51.5532180+01:00" endTime="2023-12-22T09:33:51.6782186+01:00" testType="13cdc9d9-ddb5-4fa4-a97d-d965ccfc6d4b" outcome="Passed" testListId="8c84fa94-04c1-424b-9868-57a2d4851a1d" relativeResultsDirectory="8d612bc8-cd4f-44aa-9c18-a5a25c00dc38" />
    <UnitTestResult executionId="86d67899-b6cc-4752-acb6-938cf914115e" testId="746c402b-d6d1-d421-5c7e-396f9f1313b0" testName="Execute_ParseUrl_AsExpected (https://10.10.10.10/,Success)" computerName="DKSR-EFI-04" duration="00:00:00.0090059" startTime="2023-12-22T09:33:51.5063428+01:00" endTime="2023-12-22T09:33:51.5219672+01:00" testType="13cdc9d9-ddb5-4fa4-a97d-d965ccfc6d4b" outcome="Passed" testListId="8c84fa94-04c1-424b-9868-57a2d4851a1d" relativeResultsDirectory="86d67899-b6cc-4752-acb6-938cf914115e" />
    <UnitTestResult executionId="048c0470-64fc-4f01-92b1-388eeb97e332" testId="e09a08fd-89b5-2d4d-7de5-5424f54539f8" testName="Execute_ParseUrl_AsExpected (http://**:8080,UnspecifiedErrorEncryption)" computerName="DKSR-EFI-04" duration="00:00:00.0036841" startTime="2023-12-22T09:33:51.3344657+01:00" endTime="2023-12-22T09:33:51.3344657+01:00" testType="13cdc9d9-ddb5-4fa4-a97d-d965ccfc6d4b" outcome="Passed" testListId="8c84fa94-04c1-424b-9868-57a2d4851a1d" relativeResultsDirectory="048c0470-64fc-4f01-92b1-388eeb97e332" />
    <UnitTestResult executionId="1f653535-87d4-461c-b69b-ddecb8848e09" testId="d2b883ce-c675-d43a-2609-5076b16fafaa" testName="Execute_ParseUrl_AsExpected (notValid,UnspecifiedErrorEncryption)" computerName="DKSR-EFI-04" duration="00:00:00.3390032" startTime="2023-12-22T09:33:50.7407117+01:00" endTime="2023-12-22T09:33:51.3032154+01:00" testType="13cdc9d9-ddb5-4fa4-a97d-d965ccfc6d4b" outcome="Passed" testListId="8c84fa94-04c1-424b-9868-57a2d4851a1d" relativeResultsDirectory="1f653535-87d4-461c-b69b-ddecb8848e09" />
    <UnitTestResult executionId="ac78a9ff-2a27-49f6-92c2-1d65b426115a" testId="7d9c8062-a049-3172-63d9-e45b9717bf86" testName="WriteRegistrationParameters_ClientRegistrationIdAndAuthorizationServerUri_UpdatedCorrectInConfig (VideoOS.CertificateRegistration.Common.RegistrationParameters,{ &quot;SomeSetting&quot; : &quot;SomeValue&quot; })" computerName="DKSR-EFI-04" duration="00:00:00.0049295" startTime="2023-12-22T09:33:51.8813436+01:00" endTime="2023-12-22T09:33:51.8969687+01:00" testType="13cdc9d9-ddb5-4fa4-a97d-d965ccfc6d4b" outcome="Passed" testListId="8c84fa94-04c1-424b-9868-57a2d4851a1d" relativeResultsDirectory="ac78a9ff-2a27-49f6-92c2-1d65b426115a" />
    <UnitTestResult executionId="c845d06b-a243-40cf-8fe1-f69b35ee56b3" testId="cf3ce702-bea5-d530-2231-4f2e71bc7f52" testName="Execute_DisableEncryptionWithCustomPort_UrlSetToHttpWithCustomPort" computerName="DKSR-EFI-04" duration="00:00:00.0040861" startTime="2023-12-22T09:33:51.6938435+01:00" endTime="2023-12-22T09:33:51.6938435+01:00" testType="13cdc9d9-ddb5-4fa4-a97d-d965ccfc6d4b" outcome="Passed" testListId="8c84fa94-04c1-424b-9868-57a2d4851a1d" relativeResultsDirectory="c845d06b-a243-40cf-8fe1-f69b35ee56b3" />
    <UnitTestResult executionId="af9ba967-3c80-4614-aaf0-0d616a34d065" testId="86552192-5ace-ce10-4648-7f8a3b140212" testName="Execute_ParseUrl_AsExpected (https://*,UnspecifiedErrorEncryption)" computerName="DKSR-EFI-04" duration="00:00:00.0033282" startTime="2023-12-22T09:33:51.3500904+01:00" endTime="2023-12-22T09:33:51.3500904+01:00" testType="13cdc9d9-ddb5-4fa4-a97d-d965ccfc6d4b" outcome="Passed" testListId="8c84fa94-04c1-424b-9868-57a2d4851a1d" relativeResultsDirectory="af9ba967-3c80-4614-aaf0-0d616a34d065" />
    <UnitTestResult executionId="871ceabd-685c-4dde-a404-e89b674776f4" testId="73bf53b2-6ec2-1cc2-03ec-d1320363e740" testName="Execute_EnableEncryptionWithDefaultPort_UrlSetToHttpsWithoutPort" computerName="DKSR-EFI-04" duration="00:00:00.0088517" startTime="2023-12-22T09:33:51.6782186+01:00" endTime="2023-12-22T09:33:51.6938435+01:00" testType="13cdc9d9-ddb5-4fa4-a97d-d965ccfc6d4b" outcome="Passed" testListId="8c84fa94-04c1-424b-9868-57a2d4851a1d" relativeResultsDirectory="871ceabd-685c-4dde-a404-e89b674776f4" />
    <UnitTestResult executionId="aea1e94f-c67a-42e5-bb1f-438852eaa9f2" testId="61c44729-d7bc-6667-2f5a-afd9f45ca637" testName="Execute_ParseUrl_AsExpected (file://test.dk:8080,UnspecifiedErrorEncryption)" computerName="DKSR-EFI-04" duration="00:00:00.0035507" startTime="2023-12-22T09:33:51.3188415+01:00" endTime="2023-12-22T09:33:51.3188415+01:00" testType="13cdc9d9-ddb5-4fa4-a97d-d965ccfc6d4b" outcome="Passed" testListId="8c84fa94-04c1-424b-9868-57a2d4851a1d" relativeResultsDirectory="aea1e94f-c67a-42e5-bb1f-438852eaa9f2" />
    <UnitTestResult executionId="374a3263-cfd7-4a56-a7fd-2d5242043b7f" testId="dbe341ed-071e-fbd7-23ea-77c8eca1045b" testName="Execute_ManagementServerAddressNotInConfig_AddressAdded" computerName="DKSR-EFI-04" duration="00:00:00.0100910" startTime="2023-12-22T09:33:51.8188442+01:00" endTime="2023-12-22T09:33:51.8344680+01:00" testType="13cdc9d9-ddb5-4fa4-a97d-d965ccfc6d4b" outcome="Passed" testListId="8c84fa94-04c1-424b-9868-57a2d4851a1d" relativeResultsDirectory="374a3263-cfd7-4a56-a7fd-2d5242043b7f" />
    <UnitTestResult executionId="d7db3206-36ad-4eb3-b592-c5717f06e574" testId="6f68f11c-86c9-c887-20f2-0467ea87698c" testName="Execute_ParseUrl_AsExpected (http://10.10.10.10/,Success,False)" computerName="DKSR-EFI-04" duration="00:00:00.0201779" startTime="2023-12-22T09:33:51.5219672+01:00" endTime="2023-12-22T09:33:51.5375920+01:00" testType="13cdc9d9-ddb5-4fa4-a97d-d965ccfc6d4b" outcome="Passed" testListId="8c84fa94-04c1-424b-9868-57a2d4851a1d" relativeResultsDirectory="d7db3206-36ad-4eb3-b592-c5717f06e574" />
    <UnitTestResult executionId="cb72d644-cb2d-43d4-bbf1-8e50bf55984a" testId="31facfd3-011b-8729-2ad4-1e0fdcdefe68" testName="Execute_ParseUrl_AsExpected (http:/test.dk:8080,UnspecifiedErrorEncryption)" computerName="DKSR-EFI-04" duration="00:00:00.0025476" startTime="2023-12-22T09:33:51.3188415+01:00" endTime="2023-12-22T09:33:51.3344657+01:00" testType="13cdc9d9-ddb5-4fa4-a97d-d965ccfc6d4b" outcome="Passed" testListId="8c84fa94-04c1-424b-9868-57a2d4851a1d" relativeResultsDirectory="cb72d644-cb2d-43d4-bbf1-8e50bf55984a" />
    <UnitTestResult executionId="3f394108-3437-4ee9-9c33-21ccdd625e2c" testId="37e0d527-bf76-21e6-afa4-922c942df239" testName="Execute_UriIsNull_ArgumentNullException" computerName="DKSR-EFI-04" duration="00:00:00.0960365" startTime="2023-12-22T09:33:51.7094690+01:00" endTime="2023-12-22T09:33:51.8032171+01:00" testType="13cdc9d9-ddb5-4fa4-a97d-d965ccfc6d4b" outcome="Passed" testListId="8c84fa94-04c1-424b-9868-57a2d4851a1d" relativeResultsDirectory="3f394108-3437-4ee9-9c33-21ccdd625e2c" />
    <UnitTestResult executionId="ba013304-e717-460c-a4b1-a62fd3d3c61f" testId="cfab1d38-40bc-6232-8cf2-6462385b3271" testName="Execute_ParseUrl_AsExpected (http://10.*.10.1:8080,UnspecifiedErrorEncryption)" computerName="DKSR-EFI-04" duration="00:00:00.0023011" startTime="2023-12-22T09:33:51.3500904+01:00" endTime="2023-12-22T09:33:51.3500904+01:00" testType="13cdc9d9-ddb5-4fa4-a97d-d965ccfc6d4b" outcome="Passed" testListId="8c84fa94-04c1-424b-9868-57a2d4851a1d" relativeResultsDirectory="ba013304-e717-460c-a4b1-a62fd3d3c61f" />
    <UnitTestResult executionId="6fed7bbc-70ab-4abe-823f-ee5ec079288d" testId="c7c571c4-0031-a2c8-8206-d48724df124b" testName="Execute_ParseUrl_AsExpected (https://*:7609,Success)" computerName="DKSR-EFI-04" duration="00:00:00.0022846" startTime="2023-12-22T09:33:51.5375920+01:00" endTime="2023-12-22T09:33:51.5532180+01:00" testType="13cdc9d9-ddb5-4fa4-a97d-d965ccfc6d4b" outcome="Passed" testListId="8c84fa94-04c1-424b-9868-57a2d4851a1d" relativeResultsDirectory="6fed7bbc-70ab-4abe-823f-ee5ec079288d" />
    <UnitTestResult executionId="d77382ca-7377-4a60-ad9d-f1d8142a88a6" testId="5861ef9a-d5f3-3568-8827-3e1716854304" testName="Execute_ParseUrl_AsExpected (https://10.10.10.10:8080/,Success)" computerName="DKSR-EFI-04" duration="00:00:00.0045278" startTime="2023-12-22T09:33:51.5063428+01:00" endTime="2023-12-22T09:33:51.5063428+01:00" testType="13cdc9d9-ddb5-4fa4-a97d-d965ccfc6d4b" outcome="Passed" testListId="8c84fa94-04c1-424b-9868-57a2d4851a1d" relativeResultsDirectory="d77382ca-7377-4a60-ad9d-f1d8142a88a6" />
    <UnitTestResult executionId="f381cfa3-130f-458a-bb88-3b53590bc6a7" testId="3c991375-055b-932d-2418-1594f70afba5" testName="Execute_TwoEndpointSpecified_ErrorStatus" computerName="DKSR-EFI-04" duration="00:00:00.0026829" startTime="2023-12-22T09:33:51.6938435+01:00" endTime="2023-12-22T09:33:51.7094690+01:00" testType="13cdc9d9-ddb5-4fa4-a97d-d965ccfc6d4b" outcome="Passed" testListId="8c84fa94-04c1-424b-9868-57a2d4851a1d" relativeResultsDirectory="f381cfa3-130f-458a-bb88-3b53590bc6a7" />
    <UnitTestResult executionId="1bc46583-6424-4855-84ab-a23d42a71944" testId="ef1917ea-935a-e081-a84d-94ad09a9f69f" testName="Execute_ParseUrl_AsExpected (https://JustSomeUrl.local:7609/,Success)" computerName="DKSR-EFI-04" duration="00:00:00.0023364" startTime="2023-12-22T09:33:51.5375920+01:00" endTime="2023-12-22T09:33:51.5375920+01:00" testType="13cdc9d9-ddb5-4fa4-a97d-d965ccfc6d4b" outcome="Passed" testListId="8c84fa94-04c1-424b-9868-57a2d4851a1d" relativeResultsDirectory="1bc46583-6424-4855-84ab-a23d42a71944" />
    <UnitTestResult executionId="7ef4f285-b907-46b8-9224-d8b3c8ce7dea" testId="dc2805a2-2c85-bd31-65c2-fd1b61df1a8f" testName="Execute_ParseUrl_AsExpected (http://*test*dk:8080,UnspecifiedErrorEncryption)" computerName="DKSR-EFI-04" duration="00:00:00.0064538" startTime="2023-12-22T09:33:51.3344657+01:00" endTime="2023-12-22T09:33:51.3500904+01:00" testType="13cdc9d9-ddb5-4fa4-a97d-d965ccfc6d4b" outcome="Passed" testListId="8c84fa94-04c1-424b-9868-57a2d4851a1d" relativeResultsDirectory="7ef4f285-b907-46b8-9224-d8b3c8ce7dea" />
    <UnitTestResult executionId="a77436b6-9934-4e58-81c3-8ae7eda8ab69" testId="20f78a76-880b-e17c-7a45-2aae992d5ea0" testName="Execute_EnableEncryptionWithCustomPort_UrlSetToHttpsWithCustomPort" computerName="DKSR-EFI-04" duration="00:00:00.0042247" startTime="2023-12-22T09:33:51.6938435+01:00" endTime="2023-12-22T09:33:51.6938435+01:00" testType="13cdc9d9-ddb5-4fa4-a97d-d965ccfc6d4b" outcome="Passed" testListId="8c84fa94-04c1-424b-9868-57a2d4851a1d" relativeResultsDirectory="a77436b6-9934-4e58-81c3-8ae7eda8ab69" />
  </Results>
  <TestDefinitions>
    <UnitTest name="Execute_EnableEncryptionWithCustomPort_UrlSetToHttpsWithCustomPort" storage="d:\actions-runner\_work\xpco\xpco\datacollector\service\tst\videoos.datacollector.certificateregistrationtests\bin\x64\debug\net472\videoos.datacollector.certificateregistration.unittests.dll" id="20f78a76-880b-e17c-7a45-2aae992d5ea0">
      <Execution id="a77436b6-9934-4e58-81c3-8ae7eda8ab69" />
      <TestMethod codeBase="D:\actions-runner\_work\XPCO\XPCO\DataCollector\Service\tst\VideoOS.DataCollector.CertificateRegistrationTests\bin\x64\Debug\net472\VideoOS.DataCollector.CertificateRegistration.UnitTests.dll" adapterTypeName="executor://mstestadapter/v2" className="VideoOS.DataCollector.CertificateRegistration.UnitTests.DataCollectorServerEndpointRegistrarTests" name="Execute_EnableEncryptionWithCustomPort_UrlSetToHttpsWithCustomPort" />
    </UnitTest>
    <UnitTest name="Execute_ParseUrl_AsExpected (https://*:7609,Success)" storage="d:\actions-runner\_work\xpco\xpco\datacollector\service\tst\videoos.datacollector.certificateregistrationtests\bin\x64\debug\net472\videoos.datacollector.certificateregistration.unittests.dll" id="c7c571c4-0031-a2c8-8206-d48724df124b">
      <Execution id="6fed7bbc-70ab-4abe-823f-ee5ec079288d" />
      <TestMethod codeBase="D:\actions-runner\_work\XPCO\XPCO\DataCollector\Service\tst\VideoOS.DataCollector.CertificateRegistrationTests\bin\x64\Debug\net472\VideoOS.DataCollector.CertificateRegistration.UnitTests.dll" adapterTypeName="executor://mstestadapter/v2" className="VideoOS.DataCollector.CertificateRegistration.UnitTests.DataCollectorServerEndpointRegistrarTests" name="Execute_ParseUrl_AsExpected" />
    </UnitTest>
    <UnitTest name="Execute_ConfigFileDoesNotExists_ErrorStatus" storage="d:\actions-runner\_work\xpco\xpco\datacollector\service\tst\videoos.datacollector.certificateregistrationtests\bin\x64\debug\net472\videoos.datacollector.certificateregistration.unittests.dll" id="dfd7a575-5002-c5c6-9781-05f523aff46d">
      <Execution id="e4a46091-8cfd-4e20-aa40-30880f2500cf" />
      <TestMethod codeBase="D:\actions-runner\_work\XPCO\XPCO\DataCollector\Service\tst\VideoOS.DataCollector.CertificateRegistrationTests\bin\x64\Debug\net472\VideoOS.DataCollector.CertificateRegistration.UnitTests.dll" adapterTypeName="executor://mstestadapter/v2" className="VideoOS.DataCollector.CertificateRegistration.UnitTests.DataCollectorServerEndpointRegistrarTests" name="Execute_ConfigFileDoesNotExists_ErrorStatus" />
    </UnitTest>
    <UnitTest name="Execute_ParseUrl_AsExpected (http://**:8080,UnspecifiedErrorEncryption)" storage="d:\actions-runner\_work\xpco\xpco\datacollector\service\tst\videoos.datacollector.certificateregistrationtests\bin\x64\debug\net472\videoos.datacollector.certificateregistration.unittests.dll" id="e09a08fd-89b5-2d4d-7de5-5424f54539f8">
      <Execution id="048c0470-64fc-4f01-92b1-388eeb97e332" />
      <TestMethod codeBase="D:\actions-runner\_work\XPCO\XPCO\DataCollector\Service\tst\VideoOS.DataCollector.CertificateRegistrationTests\bin\x64\Debug\net472\VideoOS.DataCollector.CertificateRegistration.UnitTests.dll" adapterTypeName="executor://mstestadapter/v2" className="VideoOS.DataCollector.CertificateRegistration.UnitTests.DataCollectorServerEndpointRegistrarTests" name="Execute_ParseUrl_AsExpected" />
    </UnitTest>
    <UnitTest name="Execute_ParseUrl_AsExpected (file://test.dk:8080,UnspecifiedErrorEncryption)" storage="d:\actions-runner\_work\xpco\xpco\datacollector\service\tst\videoos.datacollector.certificateregistrationtests\bin\x64\debug\net472\videoos.datacollector.certificateregistration.unittests.dll" id="61c44729-d7bc-6667-2f5a-afd9f45ca637">
      <Execution id="aea1e94f-c67a-42e5-bb1f-438852eaa9f2" />
      <TestMethod codeBase="D:\actions-runner\_work\XPCO\XPCO\DataCollector\Service\tst\VideoOS.DataCollector.CertificateRegistrationTests\bin\x64\Debug\net472\VideoOS.DataCollector.CertificateRegistration.UnitTests.dll" adapterTypeName="executor://mstestadapter/v2" className="VideoOS.DataCollector.CertificateRegistration.UnitTests.DataCollectorServerEndpointRegistrarTests" name="Execute_ParseUrl_AsExpected" />
    </UnitTest>
    <UnitTest name="WriteRegistrationParameters_ClientRegistrationIdAndAuthorizationServerUri_UpdatedCorrectInConfig" storage="d:\actions-runner\_work\xpco\xpco\datacollector\service\tst\videoos.datacollector.certificateregistrationtests\bin\x64\debug\net472\videoos.datacollector.certificateregistration.unittests.dll" id="7d9c8062-a049-3172-63d9-e45b9717bf86">
      <Execution id="ac78a9ff-2a27-49f6-92c2-1d65b426115a" />
      <TestMethod codeBase="D:\actions-runner\_work\XPCO\XPCO\DataCollector\Service\tst\VideoOS.DataCollector.CertificateRegistrationTests\bin\x64\Debug\net472\VideoOS.DataCollector.CertificateRegistration.UnitTests.dll" adapterTypeName="executor://mstestadapter/v2" className="VideoOS.DataCollector.CertificateRegistration.UnitTests.JsonParametersHandlerTests" name="WriteRegistrationParameters_ClientRegistrationIdAndAuthorizationServerUri_UpdatedCorrectInConfig" />
    </UnitTest>
    <UnitTest name="Execute_ManagementServerAddressNotInConfig_AddressAdded" storage="d:\actions-runner\_work\xpco\xpco\datacollector\service\tst\videoos.datacollector.certificateregistrationtests\bin\x64\debug\net472\videoos.datacollector.certificateregistration.unittests.dll" id="dbe341ed-071e-fbd7-23ea-77c8eca1045b">
      <Execution id="374a3263-cfd7-4a56-a7fd-2d5242043b7f" />
      <TestMethod codeBase="D:\actions-runner\_work\XPCO\XPCO\DataCollector\Service\tst\VideoOS.DataCollector.CertificateRegistrationTests\bin\x64\Debug\net472\VideoOS.DataCollector.CertificateRegistration.UnitTests.dll" adapterTypeName="executor://mstestadapter/v2" className="VideoOS.DataCollector.CertificateRegistration.UnitTests.DataCollectorSetManagementServerRegistrarTests" name="Execute_ManagementServerAddressNotInConfig_AddressAdded" />
    </UnitTest>
    <UnitTest name="Execute_ParseUrl_AsExpected (https://[::]:8080/,Success)" storage="d:\actions-runner\_work\xpco\xpco\datacollector\service\tst\videoos.datacollector.certificateregistrationtests\bin\x64\debug\net472\videoos.datacollector.certificateregistration.unittests.dll" id="64a3ad71-dfa6-89b9-af01-797da222b09e">
      <Execution id="a0ef52a4-6a2f-4c85-8bb0-c94d155cfedb" />
      <TestMethod codeBase="D:\actions-runner\_work\XPCO\XPCO\DataCollector\Service\tst\VideoOS.DataCollector.CertificateRegistrationTests\bin\x64\Debug\net472\VideoOS.DataCollector.CertificateRegistration.UnitTests.dll" adapterTypeName="executor://mstestadapter/v2" className="VideoOS.DataCollector.CertificateRegistration.UnitTests.DataCollectorServerEndpointRegistrarTests" name="Execute_ParseUrl_AsExpected" />
    </UnitTest>
    <UnitTest name="Execute_ParseUrl_AsExpected (https://*,UnspecifiedErrorEncryption)" storage="d:\actions-runner\_work\xpco\xpco\datacollector\service\tst\videoos.datacollector.certificateregistrationtests\bin\x64\debug\net472\videoos.datacollector.certificateregistration.unittests.dll" id="86552192-5ace-ce10-4648-7f8a3b140212">
      <Execution id="af9ba967-3c80-4614-aaf0-0d616a34d065" />
      <TestMethod codeBase="D:\actions-runner\_work\XPCO\XPCO\DataCollector\Service\tst\VideoOS.DataCollector.CertificateRegistrationTests\bin\x64\Debug\net472\VideoOS.DataCollector.CertificateRegistration.UnitTests.dll" adapterTypeName="executor://mstestadapter/v2" className="VideoOS.DataCollector.CertificateRegistration.UnitTests.DataCollectorServerEndpointRegistrarTests" name="Execute_ParseUrl_AsExpected" />
    </UnitTest>
    <UnitTest name="ReadRegistrationParameters_ClientRegistrationIdKeyAndValuePresent_ValueReused" storage="d:\actions-runner\_work\xpco\xpco\datacollector\service\tst\videoos.datacollector.certificateregistrationtests\bin\x64\debug\net472\videoos.datacollector.certificateregistration.unittests.dll" id="e2d3c416-430d-5d86-e1e0-4c8a38809aac">
      <Execution id="28ab1d17-4ca6-442e-a3fa-28e991ea7feb" />
      <TestMethod codeBase="D:\actions-runner\_work\XPCO\XPCO\DataCollector\Service\tst\VideoOS.DataCollector.CertificateRegistrationTests\bin\x64\Debug\net472\VideoOS.DataCollector.CertificateRegistration.UnitTests.dll" adapterTypeName="executor://mstestadapter/v2" className="VideoOS.DataCollector.CertificateRegistration.UnitTests.JsonParametersHandlerTests" name="ReadRegistrationParameters_ClientRegistrationIdKeyAndValuePresent_ValueReused" />
    </UnitTest>
    <UnitTest name="Execute_ParseUrl_AsExpected (https://JustSomeUrl.local/,Success)" storage="d:\actions-runner\_work\xpco\xpco\datacollector\service\tst\videoos.datacollector.certificateregistrationtests\bin\x64\debug\net472\videoos.datacollector.certificateregistration.unittests.dll" id="05f65d24-9901-3c9a-9acb-d5b56abfd0fc">
      <Execution id="2964b8aa-1ffa-4c4a-8bb2-2e767e9909d9" />
      <TestMethod codeBase="D:\actions-runner\_work\XPCO\XPCO\DataCollector\Service\tst\VideoOS.DataCollector.CertificateRegistrationTests\bin\x64\Debug\net472\VideoOS.DataCollector.CertificateRegistration.UnitTests.dll" adapterTypeName="executor://mstestadapter/v2" className="VideoOS.DataCollector.CertificateRegistration.UnitTests.DataCollectorServerEndpointRegistrarTests" name="Execute_ParseUrl_AsExpected" />
    </UnitTest>
    <UnitTest name="Execute_EnableEncryptionWithDefaultPort_UrlSetToHttpsWithoutPort" storage="d:\actions-runner\_work\xpco\xpco\datacollector\service\tst\videoos.datacollector.certificateregistrationtests\bin\x64\debug\net472\videoos.datacollector.certificateregistration.unittests.dll" id="73bf53b2-6ec2-1cc2-03ec-d1320363e740">
      <Execution id="871ceabd-685c-4dde-a404-e89b674776f4" />
      <TestMethod codeBase="D:\actions-runner\_work\XPCO\XPCO\DataCollector\Service\tst\VideoOS.DataCollector.CertificateRegistrationTests\bin\x64\Debug\net472\VideoOS.DataCollector.CertificateRegistration.UnitTests.dll" adapterTypeName="executor://mstestadapter/v2" className="VideoOS.DataCollector.CertificateRegistration.UnitTests.DataCollectorServerEndpointRegistrarTests" name="Execute_EnableEncryptionWithDefaultPort_UrlSetToHttpsWithoutPort" />
    </UnitTest>
    <UnitTest name="Execute_ParseUrl_AsExpected (notValid,UnspecifiedErrorEncryption)" storage="d:\actions-runner\_work\xpco\xpco\datacollector\service\tst\videoos.datacollector.certificateregistrationtests\bin\x64\debug\net472\videoos.datacollector.certificateregistration.unittests.dll" id="d2b883ce-c675-d43a-2609-5076b16fafaa">
      <Execution id="1f653535-87d4-461c-b69b-ddecb8848e09" />
      <TestMethod codeBase="D:\actions-runner\_work\XPCO\XPCO\DataCollector\Service\tst\VideoOS.DataCollector.CertificateRegistrationTests\bin\x64\Debug\net472\VideoOS.DataCollector.CertificateRegistration.UnitTests.dll" adapterTypeName="executor://mstestadapter/v2" className="VideoOS.DataCollector.CertificateRegistration.UnitTests.DataCollectorServerEndpointRegistrarTests" name="Execute_ParseUrl_AsExpected" />
    </UnitTest>
    <UnitTest name="Execute_KestrelNotInConfigFile_ErrorStatus" storage="d:\actions-runner\_work\xpco\xpco\datacollector\service\tst\videoos.datacollector.certificateregistrationtests\bin\x64\debug\net472\videoos.datacollector.certificateregistration.unittests.dll" id="85e22d07-3e80-ec28-5f22-3fae8d0da90f">
      <Execution id="3d33c67f-b402-474e-88a9-9cbaab27ef88" />
      <TestMethod codeBase="D:\actions-runner\_work\XPCO\XPCO\DataCollector\Service\tst\VideoOS.DataCollector.CertificateRegistrationTests\bin\x64\Debug\net472\VideoOS.DataCollector.CertificateRegistration.UnitTests.dll" adapterTypeName="executor://mstestadapter/v2" className="VideoOS.DataCollector.CertificateRegistration.UnitTests.DataCollectorServerEndpointRegistrarTests" name="Execute_KestrelNotInConfigFile_ErrorStatus" />
    </UnitTest>
    <UnitTest name="Execute_ParseUrl_AsExpected (http://10.10.10.10/,Success,False)" storage="d:\actions-runner\_work\xpco\xpco\datacollector\service\tst\videoos.datacollector.certificateregistrationtests\bin\x64\debug\net472\videoos.datacollector.certificateregistration.unittests.dll" id="6f68f11c-86c9-c887-20f2-0467ea87698c">
      <Execution id="d7db3206-36ad-4eb3-b592-c5717f06e574" />
      <TestMethod codeBase="D:\actions-runner\_work\XPCO\XPCO\DataCollector\Service\tst\VideoOS.DataCollector.CertificateRegistrationTests\bin\x64\Debug\net472\VideoOS.DataCollector.CertificateRegistration.UnitTests.dll" adapterTypeName="executor://mstestadapter/v2" className="VideoOS.DataCollector.CertificateRegistration.UnitTests.DataCollectorServerEndpointRegistrarTests" name="Execute_ParseUrl_AsExpected" />
    </UnitTest>
    <UnitTest name="Execute_ParseUrl_AsExpected (http://*,UnspecifiedErrorEncryption,False)" storage="d:\actions-runner\_work\xpco\xpco\datacollector\service\tst\videoos.datacollector.certificateregistrationtests\bin\x64\debug\net472\videoos.datacollector.certificateregistration.unittests.dll" id="dc2fdfc6-6a5f-68f4-4d4e-d43001373503">
      <Execution id="c7c00d12-5d1a-4f29-a8a9-437a1ba101ad" />
      <TestMethod codeBase="D:\actions-runner\_work\XPCO\XPCO\DataCollector\Service\tst\VideoOS.DataCollector.CertificateRegistrationTests\bin\x64\Debug\net472\VideoOS.DataCollector.CertificateRegistration.UnitTests.dll" adapterTypeName="executor://mstestadapter/v2" className="VideoOS.DataCollector.CertificateRegistration.UnitTests.DataCollectorServerEndpointRegistrarTests" name="Execute_ParseUrl_AsExpected" />
    </UnitTest>
    <UnitTest name="Execute_ManagementServerAddressIsInConfig_AddressUpdated" storage="d:\actions-runner\_work\xpco\xpco\datacollector\service\tst\videoos.datacollector.certificateregistrationtests\bin\x64\debug\net472\videoos.datacollector.certificateregistration.unittests.dll" id="e5a3f963-eb45-0af0-92a8-cf71a5d5a22c">
      <Execution id="203edd39-9ca3-4a63-8288-654fb4994fed" />
      <TestMethod codeBase="D:\actions-runner\_work\XPCO\XPCO\DataCollector\Service\tst\VideoOS.DataCollector.CertificateRegistrationTests\bin\x64\Debug\net472\VideoOS.DataCollector.CertificateRegistration.UnitTests.dll" adapterTypeName="executor://mstestadapter/v2" className="VideoOS.DataCollector.CertificateRegistration.UnitTests.DataCollectorSetManagementServerRegistrarTests" name="Execute_ManagementServerAddressIsInConfig_AddressUpdated" />
    </UnitTest>
    <UnitTest name="Execute_ParseUrl_AsExpected (https://10.10.10.10:8080/,Success)" storage="d:\actions-runner\_work\xpco\xpco\datacollector\service\tst\videoos.datacollector.certificateregistrationtests\bin\x64\debug\net472\videoos.datacollector.certificateregistration.unittests.dll" id="5861ef9a-d5f3-3568-8827-3e1716854304">
      <Execution id="d77382ca-7377-4a60-ad9d-f1d8142a88a6" />
      <TestMethod codeBase="D:\actions-runner\_work\XPCO\XPCO\DataCollector\Service\tst\VideoOS.DataCollector.CertificateRegistrationTests\bin\x64\Debug\net472\VideoOS.DataCollector.CertificateRegistration.UnitTests.dll" adapterTypeName="executor://mstestadapter/v2" className="VideoOS.DataCollector.CertificateRegistration.UnitTests.DataCollectorServerEndpointRegistrarTests" name="Execute_ParseUrl_AsExpected" />
    </UnitTest>
    <UnitTest name="Execute_ConfigFileDoesNotExists_ErrorStatus" storage="d:\actions-runner\_work\xpco\xpco\datacollector\service\tst\videoos.datacollector.certificateregistrationtests\bin\x64\debug\net472\videoos.datacollector.certificateregistration.unittests.dll" id="e709a4d1-0132-f033-2ba2-c8b893dc47f0">
      <Execution id="0894ad4e-dace-4ba4-9cf2-4260e30fe8b2" />
      <TestMethod codeBase="D:\actions-runner\_work\XPCO\XPCO\DataCollector\Service\tst\VideoOS.DataCollector.CertificateRegistrationTests\bin\x64\Debug\net472\VideoOS.DataCollector.CertificateRegistration.UnitTests.dll" adapterTypeName="executor://mstestadapter/v2" className="VideoOS.DataCollector.CertificateRegistration.UnitTests.DataCollectorSetManagementServerRegistrarTests" name="Execute_ConfigFileDoesNotExists_ErrorStatus" />
    </UnitTest>
    <UnitTest name="ReadRegistrationParameters_ClientRegistrationIdKeyNotPresent_KeyValueAdded" storage="d:\actions-runner\_work\xpco\xpco\datacollector\service\tst\videoos.datacollector.certificateregistrationtests\bin\x64\debug\net472\videoos.datacollector.certificateregistration.unittests.dll" id="31f3d48b-5bea-b480-ae51-8451dbc8f7d5">
      <Execution id="dcd9eeab-d951-4cc6-a129-2bf7efeec7ef" />
      <TestMethod codeBase="D:\actions-runner\_work\XPCO\XPCO\DataCollector\Service\tst\VideoOS.DataCollector.CertificateRegistrationTests\bin\x64\Debug\net472\VideoOS.DataCollector.CertificateRegistration.UnitTests.dll" adapterTypeName="executor://mstestadapter/v2" className="VideoOS.DataCollector.CertificateRegistration.UnitTests.JsonParametersHandlerTests" name="ReadRegistrationParameters_ClientRegistrationIdKeyNotPresent_KeyValueAdded" />
    </UnitTest>
    <UnitTest name="Execute_ParseUrl_AsExpected (https://10.10.10.10/,Success)" storage="d:\actions-runner\_work\xpco\xpco\datacollector\service\tst\videoos.datacollector.certificateregistrationtests\bin\x64\debug\net472\videoos.datacollector.certificateregistration.unittests.dll" id="746c402b-d6d1-d421-5c7e-396f9f1313b0">
      <Execution id="86d67899-b6cc-4752-acb6-938cf914115e" />
      <TestMethod codeBase="D:\actions-runner\_work\XPCO\XPCO\DataCollector\Service\tst\VideoOS.DataCollector.CertificateRegistrationTests\bin\x64\Debug\net472\VideoOS.DataCollector.CertificateRegistration.UnitTests.dll" adapterTypeName="executor://mstestadapter/v2" className="VideoOS.DataCollector.CertificateRegistration.UnitTests.DataCollectorServerEndpointRegistrarTests" name="Execute_ParseUrl_AsExpected" />
    </UnitTest>
    <UnitTest name="Execute_ParseUrl_AsExpected (http:/test.dk:8080,UnspecifiedErrorEncryption)" storage="d:\actions-runner\_work\xpco\xpco\datacollector\service\tst\videoos.datacollector.certificateregistrationtests\bin\x64\debug\net472\videoos.datacollector.certificateregistration.unittests.dll" id="31facfd3-011b-8729-2ad4-1e0fdcdefe68">
      <Execution id="cb72d644-cb2d-43d4-bbf1-8e50bf55984a" />
      <TestMethod codeBase="D:\actions-runner\_work\XPCO\XPCO\DataCollector\Service\tst\VideoOS.DataCollector.CertificateRegistrationTests\bin\x64\Debug\net472\VideoOS.DataCollector.CertificateRegistration.UnitTests.dll" adapterTypeName="executor://mstestadapter/v2" className="VideoOS.DataCollector.CertificateRegistration.UnitTests.DataCollectorServerEndpointRegistrarTests" name="Execute_ParseUrl_AsExpected" />
    </UnitTest>
    <UnitTest name="Execute_InvalidConfigFileFormat_ErrorStatus" storage="d:\actions-runner\_work\xpco\xpco\datacollector\service\tst\videoos.datacollector.certificateregistrationtests\bin\x64\debug\net472\videoos.datacollector.certificateregistration.unittests.dll" id="b1ca9f6e-c253-66a7-5a66-dbaa2369ccd4">
      <Execution id="d9c0c18b-d692-4b6a-a832-005bc0da2de7" />
      <TestMethod codeBase="D:\actions-runner\_work\XPCO\XPCO\DataCollector\Service\tst\VideoOS.DataCollector.CertificateRegistrationTests\bin\x64\Debug\net472\VideoOS.DataCollector.CertificateRegistration.UnitTests.dll" adapterTypeName="executor://mstestadapter/v2" className="VideoOS.DataCollector.CertificateRegistration.UnitTests.DataCollectorSetManagementServerRegistrarTests" name="Execute_InvalidConfigFileFormat_ErrorStatus" />
    </UnitTest>
    <UnitTest name="Execute_ParseUrl_AsExpected (https://JustSomeUrl.local:7609/,Success)" storage="d:\actions-runner\_work\xpco\xpco\datacollector\service\tst\videoos.datacollector.certificateregistrationtests\bin\x64\debug\net472\videoos.datacollector.certificateregistration.unittests.dll" id="ef1917ea-935a-e081-a84d-94ad09a9f69f">
      <Execution id="1bc46583-6424-4855-84ab-a23d42a71944" />
      <TestMethod codeBase="D:\actions-runner\_work\XPCO\XPCO\DataCollector\Service\tst\VideoOS.DataCollector.CertificateRegistrationTests\bin\x64\Debug\net472\VideoOS.DataCollector.CertificateRegistration.UnitTests.dll" adapterTypeName="executor://mstestadapter/v2" className="VideoOS.DataCollector.CertificateRegistration.UnitTests.DataCollectorServerEndpointRegistrarTests" name="Execute_ParseUrl_AsExpected" />
    </UnitTest>
    <UnitTest name="Execute_ParseUrl_AsExpected (httpss://10.10.10.1:8080,UnspecifiedErrorEncryption)" storage="d:\actions-runner\_work\xpco\xpco\datacollector\service\tst\videoos.datacollector.certificateregistrationtests\bin\x64\debug\net472\videoos.datacollector.certificateregistration.unittests.dll" id="9587ca0d-4803-9d42-3ed2-cc64750a3a80">
      <Execution id="9c1f0e9c-e70e-4e15-a862-a4bebdae2f43" />
      <TestMethod codeBase="D:\actions-runner\_work\XPCO\XPCO\DataCollector\Service\tst\VideoOS.DataCollector.CertificateRegistrationTests\bin\x64\Debug\net472\VideoOS.DataCollector.CertificateRegistration.UnitTests.dll" adapterTypeName="executor://mstestadapter/v2" className="VideoOS.DataCollector.CertificateRegistration.UnitTests.DataCollectorServerEndpointRegistrarTests" name="Execute_ParseUrl_AsExpected" />
    </UnitTest>
    <UnitTest name="Execute_ParseUrl_AsExpected (http://?:8080,UnspecifiedErrorEncryption)" storage="d:\actions-runner\_work\xpco\xpco\datacollector\service\tst\videoos.datacollector.certificateregistrationtests\bin\x64\debug\net472\videoos.datacollector.certificateregistration.unittests.dll" id="244ccc9f-3cb6-7a76-0b02-dc61943e0e64">
      <Execution id="476dc50a-4094-415c-8212-9b7bb4d51c85" />
      <TestMethod codeBase="D:\actions-runner\_work\XPCO\XPCO\DataCollector\Service\tst\VideoOS.DataCollector.CertificateRegistrationTests\bin\x64\Debug\net472\VideoOS.DataCollector.CertificateRegistration.UnitTests.dll" adapterTypeName="executor://mstestadapter/v2" className="VideoOS.DataCollector.CertificateRegistration.UnitTests.DataCollectorServerEndpointRegistrarTests" name="Execute_ParseUrl_AsExpected" />
    </UnitTest>
    <UnitTest name="Execute_DisableEncryptionWithCustomPort_UrlSetToHttpWithCustomPort" storage="d:\actions-runner\_work\xpco\xpco\datacollector\service\tst\videoos.datacollector.certificateregistrationtests\bin\x64\debug\net472\videoos.datacollector.certificateregistration.unittests.dll" id="cf3ce702-bea5-d530-2231-4f2e71bc7f52">
      <Execution id="c845d06b-a243-40cf-8fe1-f69b35ee56b3" />
      <TestMethod codeBase="D:\actions-runner\_work\XPCO\XPCO\DataCollector\Service\tst\VideoOS.DataCollector.CertificateRegistrationTests\bin\x64\Debug\net472\VideoOS.DataCollector.CertificateRegistration.UnitTests.dll" adapterTypeName="executor://mstestadapter/v2" className="VideoOS.DataCollector.CertificateRegistration.UnitTests.DataCollectorServerEndpointRegistrarTests" name="Execute_DisableEncryptionWithCustomPort_UrlSetToHttpWithCustomPort" />
    </UnitTest>
    <UnitTest name="Execute_ParseUrl_AsExpected (http://10.*.10.1:8080,UnspecifiedErrorEncryption)" storage="d:\actions-runner\_work\xpco\xpco\datacollector\service\tst\videoos.datacollector.certificateregistrationtests\bin\x64\debug\net472\videoos.datacollector.certificateregistration.unittests.dll" id="cfab1d38-40bc-6232-8cf2-6462385b3271">
      <Execution id="ba013304-e717-460c-a4b1-a62fd3d3c61f" />
      <TestMethod codeBase="D:\actions-runner\_work\XPCO\XPCO\DataCollector\Service\tst\VideoOS.DataCollector.CertificateRegistrationTests\bin\x64\Debug\net472\VideoOS.DataCollector.CertificateRegistration.UnitTests.dll" adapterTypeName="executor://mstestadapter/v2" className="VideoOS.DataCollector.CertificateRegistration.UnitTests.DataCollectorServerEndpointRegistrarTests" name="Execute_ParseUrl_AsExpected" />
    </UnitTest>
    <UnitTest name="Execute_UriIsNull_ArgumentNullException" storage="d:\actions-runner\_work\xpco\xpco\datacollector\service\tst\videoos.datacollector.certificateregistrationtests\bin\x64\debug\net472\videoos.datacollector.certificateregistration.unittests.dll" id="37e0d527-bf76-21e6-afa4-922c942df239">
      <Execution id="3f394108-3437-4ee9-9c33-21ccdd625e2c" />
      <TestMethod codeBase="D:\actions-runner\_work\XPCO\XPCO\DataCollector\Service\tst\VideoOS.DataCollector.CertificateRegistrationTests\bin\x64\Debug\net472\VideoOS.DataCollector.CertificateRegistration.UnitTests.dll" adapterTypeName="executor://mstestadapter/v2" className="VideoOS.DataCollector.CertificateRegistration.UnitTests.DataCollectorSetManagementServerRegistrarTests" name="Execute_UriIsNull_ArgumentNullException" />
    </UnitTest>
    <UnitTest name="Execute_KestrelUrlNotInConfigFile_ErrorStatus" storage="d:\actions-runner\_work\xpco\xpco\datacollector\service\tst\videoos.datacollector.certificateregistrationtests\bin\x64\debug\net472\videoos.datacollector.certificateregistration.unittests.dll" id="60608d04-0682-fb1a-ae39-fa557a34d4f5">
      <Execution id="7fa6878a-db26-42a2-a198-b7a256bfba9a" />
      <TestMethod codeBase="D:\actions-runner\_work\XPCO\XPCO\DataCollector\Service\tst\VideoOS.DataCollector.CertificateRegistrationTests\bin\x64\Debug\net472\VideoOS.DataCollector.CertificateRegistration.UnitTests.dll" adapterTypeName="executor://mstestadapter/v2" className="VideoOS.DataCollector.CertificateRegistration.UnitTests.DataCollectorServerEndpointRegistrarTests" name="Execute_KestrelUrlNotInConfigFile_ErrorStatus" />
    </UnitTest>
    <UnitTest name="ReadRegistrationParameters_ClientRegistrationIdKeyPresentButEmptyValue_ValueAdded" storage="d:\actions-runner\_work\xpco\xpco\datacollector\service\tst\videoos.datacollector.certificateregistrationtests\bin\x64\debug\net472\videoos.datacollector.certificateregistration.unittests.dll" id="f44d555a-810b-6e27-3273-8fbf16eb3346">
      <Execution id="ae231140-774c-4376-931a-1cf2ae044945" />
      <TestMethod codeBase="D:\actions-runner\_work\XPCO\XPCO\DataCollector\Service\tst\VideoOS.DataCollector.CertificateRegistrationTests\bin\x64\Debug\net472\VideoOS.DataCollector.CertificateRegistration.UnitTests.dll" adapterTypeName="executor://mstestadapter/v2" className="VideoOS.DataCollector.CertificateRegistration.UnitTests.JsonParametersHandlerTests" name="ReadRegistrationParameters_ClientRegistrationIdKeyPresentButEmptyValue_ValueAdded" />
    </UnitTest>
    <UnitTest name="Execute_ParseUrl_AsExpected (http://*test*dk:8080,UnspecifiedErrorEncryption)" storage="d:\actions-runner\_work\xpco\xpco\datacollector\service\tst\videoos.datacollector.certificateregistrationtests\bin\x64\debug\net472\videoos.datacollector.certificateregistration.unittests.dll" id="dc2805a2-2c85-bd31-65c2-fd1b61df1a8f">
      <Execution id="7ef4f285-b907-46b8-9224-d8b3c8ce7dea" />
      <TestMethod codeBase="D:\actions-runner\_work\XPCO\XPCO\DataCollector\Service\tst\VideoOS.DataCollector.CertificateRegistrationTests\bin\x64\Debug\net472\VideoOS.DataCollector.CertificateRegistration.UnitTests.dll" adapterTypeName="executor://mstestadapter/v2" className="VideoOS.DataCollector.CertificateRegistration.UnitTests.DataCollectorServerEndpointRegistrarTests" name="Execute_ParseUrl_AsExpected" />
    </UnitTest>
    <UnitTest name="Execute_TwoEndpointSpecified_ErrorStatus" storage="d:\actions-runner\_work\xpco\xpco\datacollector\service\tst\videoos.datacollector.certificateregistrationtests\bin\x64\debug\net472\videoos.datacollector.certificateregistration.unittests.dll" id="3c991375-055b-932d-2418-1594f70afba5">
      <Execution id="f381cfa3-130f-458a-bb88-3b53590bc6a7" />
      <TestMethod codeBase="D:\actions-runner\_work\XPCO\XPCO\DataCollector\Service\tst\VideoOS.DataCollector.CertificateRegistrationTests\bin\x64\Debug\net472\VideoOS.DataCollector.CertificateRegistration.UnitTests.dll" adapterTypeName="executor://mstestadapter/v2" className="VideoOS.DataCollector.CertificateRegistration.UnitTests.DataCollectorServerEndpointRegistrarTests" name="Execute_TwoEndpointSpecified_ErrorStatus" />
    </UnitTest>
    <UnitTest name="Execute_DisableEncryptionWithDefaultPort_UrlSetToHttpWithoutPort" storage="d:\actions-runner\_work\xpco\xpco\datacollector\service\tst\videoos.datacollector.certificateregistrationtests\bin\x64\debug\net472\videoos.datacollector.certificateregistration.unittests.dll" id="edf70aba-5520-6533-9207-6e23ea89d3f0">
      <Execution id="d800fc8a-f7ad-4045-b43f-c63250f51a72" />
      <TestMethod codeBase="D:\actions-runner\_work\XPCO\XPCO\DataCollector\Service\tst\VideoOS.DataCollector.CertificateRegistrationTests\bin\x64\Debug\net472\VideoOS.DataCollector.CertificateRegistration.UnitTests.dll" adapterTypeName="executor://mstestadapter/v2" className="VideoOS.DataCollector.CertificateRegistration.UnitTests.DataCollectorServerEndpointRegistrarTests" name="Execute_DisableEncryptionWithDefaultPort_UrlSetToHttpWithoutPort" />
    </UnitTest>
    <UnitTest name="Execute_ParseUrl_AsExpected (http://JustSomeurl.local/,Success,False)" storage="d:\actions-runner\_work\xpco\xpco\datacollector\service\tst\videoos.datacollector.certificateregistrationtests\bin\x64\debug\net472\videoos.datacollector.certificateregistration.unittests.dll" id="fc098de1-8ca1-484c-2c0e-ad9671b77680">
      <Execution id="dd618d8c-72c3-478f-9a9a-b549a3377cd4" />
      <TestMethod codeBase="D:\actions-runner\_work\XPCO\XPCO\DataCollector\Service\tst\VideoOS.DataCollector.CertificateRegistrationTests\bin\x64\Debug\net472\VideoOS.DataCollector.CertificateRegistration.UnitTests.dll" adapterTypeName="executor://mstestadapter/v2" className="VideoOS.DataCollector.CertificateRegistration.UnitTests.DataCollectorServerEndpointRegistrarTests" name="Execute_ParseUrl_AsExpected" />
    </UnitTest>
    <UnitTest name="Execute_InvalidConfigFileFormat_ErrorStatus" storage="d:\actions-runner\_work\xpco\xpco\datacollector\service\tst\videoos.datacollector.certificateregistrationtests\bin\x64\debug\net472\videoos.datacollector.certificateregistration.unittests.dll" id="dc9464f9-bab9-9e09-683a-f2be70dbe9ae">
      <Execution id="8d612bc8-cd4f-44aa-9c18-a5a25c00dc38" />
      <TestMethod codeBase="D:\actions-runner\_work\XPCO\XPCO\DataCollector\Service\tst\VideoOS.DataCollector.CertificateRegistrationTests\bin\x64\Debug\net472\VideoOS.DataCollector.CertificateRegistration.UnitTests.dll" adapterTypeName="executor://mstestadapter/v2" className="VideoOS.DataCollector.CertificateRegistration.UnitTests.DataCollectorServerEndpointRegistrarTests" name="Execute_InvalidConfigFileFormat_ErrorStatus" />
    </UnitTest>
    <UnitTest name="Execute_ParseUrl_AsExpected (http://*:7609,Success,False)" storage="d:\actions-runner\_work\xpco\xpco\datacollector\service\tst\videoos.datacollector.certificateregistrationtests\bin\x64\debug\net472\videoos.datacollector.certificateregistration.unittests.dll" id="26a8ee58-1edd-1d0b-88b3-1c34bc44dbba">
      <Execution id="4d218990-656e-4d12-b75a-62aa9c393aba" />
      <TestMethod codeBase="D:\actions-runner\_work\XPCO\XPCO\DataCollector\Service\tst\VideoOS.DataCollector.CertificateRegistrationTests\bin\x64\Debug\net472\VideoOS.DataCollector.CertificateRegistration.UnitTests.dll" adapterTypeName="executor://mstestadapter/v2" className="VideoOS.DataCollector.CertificateRegistration.UnitTests.DataCollectorServerEndpointRegistrarTests" name="Execute_ParseUrl_AsExpected" />
    </UnitTest>
    <UnitTest name="Execute_ParseUrl_AsExpected (file://test.dk,UnspecifiedErrorEncryption)" storage="d:\actions-runner\_work\xpco\xpco\datacollector\service\tst\videoos.datacollector.certificateregistrationtests\bin\x64\debug\net472\videoos.datacollector.certificateregistration.unittests.dll" id="7da34f60-2356-a8ff-1a80-1805c91d8d6c">
      <Execution id="cfa64a51-a688-4ba3-926b-6feab9a8219a" />
      <TestMethod codeBase="D:\actions-runner\_work\XPCO\XPCO\DataCollector\Service\tst\VideoOS.DataCollector.CertificateRegistrationTests\bin\x64\Debug\net472\VideoOS.DataCollector.CertificateRegistration.UnitTests.dll" adapterTypeName="executor://mstestadapter/v2" className="VideoOS.DataCollector.CertificateRegistration.UnitTests.DataCollectorServerEndpointRegistrarTests" name="Execute_ParseUrl_AsExpected" />
    </UnitTest>
  </TestDefinitions>
  <TestEntries>
    <TestEntry testId="7da34f60-2356-a8ff-1a80-1805c91d8d6c" executionId="cfa64a51-a688-4ba3-926b-6feab9a8219a" testListId="8c84fa94-04c1-424b-9868-57a2d4851a1d" />
    <TestEntry testId="edf70aba-5520-6533-9207-6e23ea89d3f0" executionId="d800fc8a-f7ad-4045-b43f-c63250f51a72" testListId="8c84fa94-04c1-424b-9868-57a2d4851a1d" />
    <TestEntry testId="7d9c8062-a049-3172-63d9-e45b9717bf86" executionId="e4f5ae05-6224-491d-95e6-02b3b2ac64d8" testListId="8c84fa94-04c1-424b-9868-57a2d4851a1d" />
    <TestEntry testId="31f3d48b-5bea-b480-ae51-8451dbc8f7d5" executionId="dcd9eeab-d951-4cc6-a129-2bf7efeec7ef" testListId="8c84fa94-04c1-424b-9868-57a2d4851a1d" />
    <TestEntry testId="e5a3f963-eb45-0af0-92a8-cf71a5d5a22c" executionId="203edd39-9ca3-4a63-8288-654fb4994fed" testListId="8c84fa94-04c1-424b-9868-57a2d4851a1d" />
    <TestEntry testId="244ccc9f-3cb6-7a76-0b02-dc61943e0e64" executionId="476dc50a-4094-415c-8212-9b7bb4d51c85" testListId="8c84fa94-04c1-424b-9868-57a2d4851a1d" />
    <TestEntry testId="e709a4d1-0132-f033-2ba2-c8b893dc47f0" executionId="0894ad4e-dace-4ba4-9cf2-4260e30fe8b2" testListId="8c84fa94-04c1-424b-9868-57a2d4851a1d" />
    <TestEntry testId="9587ca0d-4803-9d42-3ed2-cc64750a3a80" executionId="9c1f0e9c-e70e-4e15-a862-a4bebdae2f43" testListId="8c84fa94-04c1-424b-9868-57a2d4851a1d" />
    <TestEntry testId="64a3ad71-dfa6-89b9-af01-797da222b09e" executionId="a0ef52a4-6a2f-4c85-8bb0-c94d155cfedb" testListId="8c84fa94-04c1-424b-9868-57a2d4851a1d" />
    <TestEntry testId="dfd7a575-5002-c5c6-9781-05f523aff46d" executionId="e4a46091-8cfd-4e20-aa40-30880f2500cf" testListId="8c84fa94-04c1-424b-9868-57a2d4851a1d" />
    <TestEntry testId="f44d555a-810b-6e27-3273-8fbf16eb3346" executionId="ae231140-774c-4376-931a-1cf2ae044945" testListId="8c84fa94-04c1-424b-9868-57a2d4851a1d" />
    <TestEntry testId="b1ca9f6e-c253-66a7-5a66-dbaa2369ccd4" executionId="d9c0c18b-d692-4b6a-a832-005bc0da2de7" testListId="8c84fa94-04c1-424b-9868-57a2d4851a1d" />
    <TestEntry testId="e2d3c416-430d-5d86-e1e0-4c8a38809aac" executionId="28ab1d17-4ca6-442e-a3fa-28e991ea7feb" testListId="8c84fa94-04c1-424b-9868-57a2d4851a1d" />
    <TestEntry testId="dc2fdfc6-6a5f-68f4-4d4e-d43001373503" executionId="c7c00d12-5d1a-4f29-a8a9-437a1ba101ad" testListId="8c84fa94-04c1-424b-9868-57a2d4851a1d" />
    <TestEntry testId="60608d04-0682-fb1a-ae39-fa557a34d4f5" executionId="7fa6878a-db26-42a2-a198-b7a256bfba9a" testListId="8c84fa94-04c1-424b-9868-57a2d4851a1d" />
    <TestEntry testId="85e22d07-3e80-ec28-5f22-3fae8d0da90f" executionId="3d33c67f-b402-474e-88a9-9cbaab27ef88" testListId="8c84fa94-04c1-424b-9868-57a2d4851a1d" />
    <TestEntry testId="fc098de1-8ca1-484c-2c0e-ad9671b77680" executionId="dd618d8c-72c3-478f-9a9a-b549a3377cd4" testListId="8c84fa94-04c1-424b-9868-57a2d4851a1d" />
    <TestEntry testId="26a8ee58-1edd-1d0b-88b3-1c34bc44dbba" executionId="4d218990-656e-4d12-b75a-62aa9c393aba" testListId="8c84fa94-04c1-424b-9868-57a2d4851a1d" />
    <TestEntry testId="05f65d24-9901-3c9a-9acb-d5b56abfd0fc" executionId="2964b8aa-1ffa-4c4a-8bb2-2e767e9909d9" testListId="8c84fa94-04c1-424b-9868-57a2d4851a1d" />
    <TestEntry testId="dc9464f9-bab9-9e09-683a-f2be70dbe9ae" executionId="8d612bc8-cd4f-44aa-9c18-a5a25c00dc38" testListId="8c84fa94-04c1-424b-9868-57a2d4851a1d" />
    <TestEntry testId="746c402b-d6d1-d421-5c7e-396f9f1313b0" executionId="86d67899-b6cc-4752-acb6-938cf914115e" testListId="8c84fa94-04c1-424b-9868-57a2d4851a1d" />
    <TestEntry testId="e09a08fd-89b5-2d4d-7de5-5424f54539f8" executionId="048c0470-64fc-4f01-92b1-388eeb97e332" testListId="8c84fa94-04c1-424b-9868-57a2d4851a1d" />
    <TestEntry testId="d2b883ce-c675-d43a-2609-5076b16fafaa" executionId="1f653535-87d4-461c-b69b-ddecb8848e09" testListId="8c84fa94-04c1-424b-9868-57a2d4851a1d" />
    <TestEntry testId="7d9c8062-a049-3172-63d9-e45b9717bf86" executionId="ac78a9ff-2a27-49f6-92c2-1d65b426115a" testListId="8c84fa94-04c1-424b-9868-57a2d4851a1d" />
    <TestEntry testId="cf3ce702-bea5-d530-2231-4f2e71bc7f52" executionId="c845d06b-a243-40cf-8fe1-f69b35ee56b3" testListId="8c84fa94-04c1-424b-9868-57a2d4851a1d" />
    <TestEntry testId="86552192-5ace-ce10-4648-7f8a3b140212" executionId="af9ba967-3c80-4614-aaf0-0d616a34d065" testListId="8c84fa94-04c1-424b-9868-57a2d4851a1d" />
    <TestEntry testId="73bf53b2-6ec2-1cc2-03ec-d1320363e740" executionId="871ceabd-685c-4dde-a404-e89b674776f4" testListId="8c84fa94-04c1-424b-9868-57a2d4851a1d" />
    <TestEntry testId="61c44729-d7bc-6667-2f5a-afd9f45ca637" executionId="aea1e94f-c67a-42e5-bb1f-438852eaa9f2" testListId="8c84fa94-04c1-424b-9868-57a2d4851a1d" />
    <TestEntry testId="dbe341ed-071e-fbd7-23ea-77c8eca1045b" executionId="374a3263-cfd7-4a56-a7fd-2d5242043b7f" testListId="8c84fa94-04c1-424b-9868-57a2d4851a1d" />
    <TestEntry testId="6f68f11c-86c9-c887-20f2-0467ea87698c" executionId="d7db3206-36ad-4eb3-b592-c5717f06e574" testListId="8c84fa94-04c1-424b-9868-57a2d4851a1d" />
    <TestEntry testId="31facfd3-011b-8729-2ad4-1e0fdcdefe68" executionId="cb72d644-cb2d-43d4-bbf1-8e50bf55984a" testListId="8c84fa94-04c1-424b-9868-57a2d4851a1d" />
    <TestEntry testId="37e0d527-bf76-21e6-afa4-922c942df239" executionId="3f394108-3437-4ee9-9c33-21ccdd625e2c" testListId="8c84fa94-04c1-424b-9868-57a2d4851a1d" />
    <TestEntry testId="cfab1d38-40bc-6232-8cf2-6462385b3271" executionId="ba013304-e717-460c-a4b1-a62fd3d3c61f" testListId="8c84fa94-04c1-424b-9868-57a2d4851a1d" />
    <TestEntry testId="c7c571c4-0031-a2c8-8206-d48724df124b" executionId="6fed7bbc-70ab-4abe-823f-ee5ec079288d" testListId="8c84fa94-04c1-424b-9868-57a2d4851a1d" />
    <TestEntry testId="5861ef9a-d5f3-3568-8827-3e1716854304" executionId="d77382ca-7377-4a60-ad9d-f1d8142a88a6" testListId="8c84fa94-04c1-424b-9868-57a2d4851a1d" />
    <TestEntry testId="3c991375-055b-932d-2418-1594f70afba5" executionId="f381cfa3-130f-458a-bb88-3b53590bc6a7" testListId="8c84fa94-04c1-424b-9868-57a2d4851a1d" />
    <TestEntry testId="ef1917ea-935a-e081-a84d-94ad09a9f69f" executionId="1bc46583-6424-4855-84ab-a23d42a71944" testListId="8c84fa94-04c1-424b-9868-57a2d4851a1d" />
    <TestEntry testId="dc2805a2-2c85-bd31-65c2-fd1b61df1a8f" executionId="7ef4f285-b907-46b8-9224-d8b3c8ce7dea" testListId="8c84fa94-04c1-424b-9868-57a2d4851a1d" />
    <TestEntry testId="20f78a76-880b-e17c-7a45-2aae992d5ea0" executionId="a77436b6-9934-4e58-81c3-8ae7eda8ab69" testListId="8c84fa94-04c1-424b-9868-57a2d4851a1d" />
  </TestEntries>
  <TestLists>
    <TestList name="Results Not in a List" id="8c84fa94-04c1-424b-9868-57a2d4851a1d" />
    <TestList name="All Loaded Results" id="19431567-8539-422a-85d7-44ee4e166bda" />
  </TestLists>
  <ResultSummary outcome="Completed">
    <Counters total="39" executed="39" passed="39" failed="0" error="0" timeout="0" aborted="0" inconclusive="0" passedButRunAborted="0" notRunnable="0" notExecuted="0" disconnected="0" warning="0" completed="0" inProgress="0" pending="0" />
  </ResultSummary>
</TestRun>