<?xml version="1.0" encoding="utf-8"?>
<TestRun id="f2bc116a-4a5b-47f7-b36a-ca18deffccad" name="DKSR-EFI-04$@DKSR-EFI-04 2023-12-22 09:32:18" runUser="NT AUTHORITY\NETWORK SERVICE" xmlns="http://microsoft.com/schemas/VisualStudio/TeamTest/2010">
  <Times creation="2023-12-22T09:32:18.0996485+01:00" queuing="2023-12-22T09:32:18.0996485+01:00" start="2023-12-22T09:32:15.3808872+01:00" finish="2023-12-22T09:32:22.2559173+01:00" />
  <TestSettings name="default" id="2ea4060c-c87c-4c78-b626-a8c03ec3cfbd">
    <Deployment runDeploymentRoot="DKSR-EFI-04$_DKSR-EFI-04_2023-12-22_09_32_18" />
  </TestSettings>
  <Results>
    <UnitTestResult executionId="a43523ff-c99f-4dc0-a1c2-ca728712fe6a" testId="5e7b9b74-f3c3-c6c3-0680-68e7cd934e4b" testName="AuthorizeRequestAsync_ShouldAddNewHeaderToRequest_WhenRefreshTokenSuccess" computerName="DKSR-EFI-04" duration="00:00:00.0122225" startTime="2023-12-22T09:32:22.0289058+01:00" endTime="2023-12-22T09:32:22.0414284+01:00" testType="13cdc9d9-ddb5-4fa4-a97d-d965ccfc6d4b" outcome="Passed" testListId="8c84fa94-04c1-424b-9868-57a2d4851a1d" relativeResultsDirectory="a43523ff-c99f-4dc0-a1c2-ca728712fe6a" />
    <UnitTestResult executionId="4fc135f8-1e24-40bf-b132-7e3f6013a89d" testId="cacf39af-464e-fb07-a553-bef596bf60f6" testName="ProcessCommandAsync_ShoudThrowInvalidOperationException_WhenCommandTypeIsWrong" computerName="DKSR-EFI-04" duration="00:00:00.0009852" startTime="2023-12-22T09:32:22.0708480+01:00" endTime="2023-12-22T09:32:22.0719676+01:00" testType="13cdc9d9-ddb5-4fa4-a97d-d965ccfc6d4b" outcome="Passed" testListId="8c84fa94-04c1-424b-9868-57a2d4851a1d" relativeResultsDirectory="4fc135f8-1e24-40bf-b132-7e3f6013a89d" />
    <UnitTestResult executionId="2882984b-7142-461a-afa0-fa27eba62c5a" testId="89dc4c45-407b-97a5-d45a-0c91ed495056" testName="ResolveAddressesAsync_ShouldThrowManagmentServerUriDataException_WhenIdentityProviderIsNull" computerName="DKSR-EFI-04" duration="00:00:00.0205821" startTime="2023-12-22T09:32:18.3226075+01:00" endTime="2023-12-22T09:32:18.3433728+01:00" testType="13cdc9d9-ddb5-4fa4-a97d-d965ccfc6d4b" outcome="Passed" testListId="8c84fa94-04c1-424b-9868-57a2d4851a1d" relativeResultsDirectory="2882984b-7142-461a-afa0-fa27eba62c5a" />
    <UnitTestResult executionId="14b8915d-4aec-44e7-bc86-18d75fbb6c17" testId="43b8df3d-e410-716e-6168-72e11ef79d8b" testName="RunAsync_ShouldThrowExecption_WhenFatalErrorInEssClientRunAsync" computerName="DKSR-EFI-04" duration="00:00:00.0141780" startTime="2023-12-22T09:32:22.0144741+01:00" endTime="2023-12-22T09:32:22.0288401+01:00" testType="13cdc9d9-ddb5-4fa4-a97d-d965ccfc6d4b" outcome="Passed" testListId="8c84fa94-04c1-424b-9868-57a2d4851a1d" relativeResultsDirectory="14b8915d-4aec-44e7-bc86-18d75fbb6c17" />
    <UnitTestResult executionId="b9e394e3-ce6e-41ed-89e2-21ded24a665c" testId="4a7827b5-8a58-f73b-b305-84108386b301" testName="AcceptsCommand_ShoudBeTrue_WhenCommandTypeIsCorrect" computerName="DKSR-EFI-04" duration="00:00:00.0014966" startTime="2023-12-22T09:32:22.0428392+01:00" endTime="2023-12-22T09:32:22.0444310+01:00" testType="13cdc9d9-ddb5-4fa4-a97d-d965ccfc6d4b" outcome="Passed" testListId="8c84fa94-04c1-424b-9868-57a2d4851a1d" relativeResultsDirectory="b9e394e3-ce6e-41ed-89e2-21ded24a665c" />
    <UnitTestResult executionId="eb0ead72-2661-4be2-81dc-35bfb004fc8b" testId="ee23d67e-6c5e-1d6a-45cf-d77f34f08f30" testName="ResolveAddressesAsync_ShouldLogApiGatewayAddressAndIdentityProviderAddress_WhenGetAsyncSucceed" computerName="DKSR-EFI-04" duration="00:00:00.1757338" startTime="2023-12-22T09:32:18.0906339+01:00" endTime="2023-12-22T09:32:18.2666453+01:00" testType="13cdc9d9-ddb5-4fa4-a97d-d965ccfc6d4b" outcome="Passed" testListId="8c84fa94-04c1-424b-9868-57a2d4851a1d" relativeResultsDirectory="eb0ead72-2661-4be2-81dc-35bfb004fc8b" />
    <UnitTestResult executionId="9797cb97-3c32-4611-8b19-71460de981e5" testId="f3553615-2f34-58ff-4306-a31fd2ab5e51" testName="Given_RequestIsSent_When_ForbiddenResponseIsReceivedInHtmlFormat_Then_AProperResponseFromVmsAsHttpResponseIsReturned" computerName="DKSR-EFI-04" duration="00:00:00.0134227" startTime="2023-12-22T09:32:18.5552799+01:00" endTime="2023-12-22T09:32:18.5688370+01:00" testType="13cdc9d9-ddb5-4fa4-a97d-d965ccfc6d4b" outcome="Passed" testListId="8c84fa94-04c1-424b-9868-57a2d4851a1d" relativeResultsDirectory="9797cb97-3c32-4611-8b19-71460de981e5" />
    <UnitTestResult executionId="1fd789bd-cd63-4e8c-9a71-8f3464c0cde8" testId="f700b63b-3c47-84dc-50ae-ae8d7c14e5b7" testName="ResolveAddressesAsync_ShouldThrowManagmentServerUriDataException_WhenApiGatewayIsEmpty" computerName="DKSR-EFI-04" duration="00:00:00.0206829" startTime="2023-12-22T09:32:18.3644234+01:00" endTime="2023-12-22T09:32:18.3852643+01:00" testType="13cdc9d9-ddb5-4fa4-a97d-d965ccfc6d4b" outcome="Passed" testListId="8c84fa94-04c1-424b-9868-57a2d4851a1d" relativeResultsDirectory="1fd789bd-cd63-4e8c-9a71-8f3464c0cde8" />
    <UnitTestResult executionId="1ec5a076-2dc9-4944-a267-3a04a6013ee4" testId="1a7c0fd2-9165-4900-3557-6324c2ac1d58" testName="AcceptsCommand_ShoudBeFalse_WhenCommandTypeIsWrong" computerName="DKSR-EFI-04" duration="00:00:00.0007558" startTime="2023-12-22T09:32:22.0691168+01:00" endTime="2023-12-22T09:32:22.0700701+01:00" testType="13cdc9d9-ddb5-4fa4-a97d-d965ccfc6d4b" outcome="Passed" testListId="8c84fa94-04c1-424b-9868-57a2d4851a1d" relativeResultsDirectory="1ec5a076-2dc9-4944-a267-3a04a6013ee4" />
    <UnitTestResult executionId="93f23920-ed83-4c65-8472-a3b2e438f06f" testId="48fab191-2c7d-3b26-01d7-c2f887d83449" testName="Given_AdressesAreNotYetResolved_When_GetAddressIsDoneWhileReolveMethodIsRunning_Then_AddressIsResolvedOnlyOnceAndReturned" computerName="DKSR-EFI-04" duration="00:00:00.0346191" startTime="2023-12-22T09:32:18.2877547+01:00" endTime="2023-12-22T09:32:18.3225397+01:00" testType="13cdc9d9-ddb5-4fa4-a97d-d965ccfc6d4b" outcome="Passed" testListId="8c84fa94-04c1-424b-9868-57a2d4851a1d" relativeResultsDirectory="93f23920-ed83-4c65-8472-a3b2e438f06f" />
    <UnitTestResult executionId="394074d1-4599-4519-91d8-3b464b378db3" testId="53875170-a418-d541-06da-45c5b6c0049b" testName="Given_RequestToVmsAsHttpRequest_When_Sent_Then_TheContentOfTheHttpRequestMessageIsSent" computerName="DKSR-EFI-04" duration="00:00:00.0361363" startTime="2023-12-22T09:32:18.4829501+01:00" endTime="2023-12-22T09:32:18.5192482+01:00" testType="13cdc9d9-ddb5-4fa4-a97d-d965ccfc6d4b" outcome="Passed" testListId="8c84fa94-04c1-424b-9868-57a2d4851a1d" relativeResultsDirectory="394074d1-4599-4519-91d8-3b464b378db3" />
    <UnitTestResult executionId="6849527d-43d7-42f8-adb5-7c7c56aedb2d" testId="de0660db-2e29-717c-2bf3-5efce23e7793" testName="Deserialize_ShoudReturnRemoveSubscriptionCommand_WhenGivenRemoveSubscriptionCommandJson" computerName="DKSR-EFI-04" duration="00:00:00.0017194" startTime="2023-12-22T09:32:22.1048753+01:00" endTime="2023-12-22T09:32:22.1067384+01:00" testType="13cdc9d9-ddb5-4fa4-a97d-d965ccfc6d4b" outcome="Passed" testListId="8c84fa94-04c1-424b-9868-57a2d4851a1d" relativeResultsDirectory="6849527d-43d7-42f8-adb5-7c7c56aedb2d" />
    <UnitTestResult executionId="aa23ce8a-c293-4144-84de-d5e373ddb885" testId="64141e3a-944e-7e24-9586-a9d7ea36b5e5" testName="RunAsync_ShouldRetryToGetMangmentServerUrisAndLogExceptionTwice_WhenTwoDiffrentExceptionsAreTrown" computerName="DKSR-EFI-04" duration="00:00:01.1189285" startTime="2023-12-22T09:32:20.8588702+01:00" endTime="2023-12-22T09:32:21.9780994+01:00" testType="13cdc9d9-ddb5-4fa4-a97d-d965ccfc6d4b" outcome="Passed" testListId="8c84fa94-04c1-424b-9868-57a2d4851a1d" relativeResultsDirectory="aa23ce8a-c293-4144-84de-d5e373ddb885" />
    <UnitTestResult executionId="ea4ad3d8-fa38-48cf-9df6-ea1f9323fbd9" testId="eb18e2dd-fced-e1ef-d3c5-380e364403ca" testName="Given_RequestIsSent_When_UnauthorizedResponseIsReceivedInHtmlFormat_Then_AProperResponseFromVmsAsHttpResponseIsReturned (someType/text,Incorrect username or password was specified)" computerName="DKSR-EFI-04" duration="00:00:00.0115811" startTime="2023-12-22T09:32:18.5688975+01:00" endTime="2023-12-22T09:32:18.5876713+01:00" testType="13cdc9d9-ddb5-4fa4-a97d-d965ccfc6d4b" outcome="Passed" testListId="8c84fa94-04c1-424b-9868-57a2d4851a1d" relativeResultsDirectory="ea4ad3d8-fa38-48cf-9df6-ea1f9323fbd9" />
    <UnitTestResult executionId="c489b195-a965-4957-9935-3929781d511b" testId="92397220-5af0-7279-3009-d99842456db5" testName="SendAllStatefulEventsAsync_ShouldThrow_WhenSessionIsNotOnline" computerName="DKSR-EFI-04" duration="00:00:00.0281715" startTime="2023-12-22T09:32:17.6253783+01:00" endTime="2023-12-22T09:32:17.6539970+01:00" testType="13cdc9d9-ddb5-4fa4-a97d-d965ccfc6d4b" outcome="Passed" testListId="8c84fa94-04c1-424b-9868-57a2d4851a1d" relativeResultsDirectory="c489b195-a965-4957-9935-3929781d511b" />
    <UnitTestResult executionId="94e328ff-f449-4535-8bb5-4fa1e00740f8" testId="b8204e8d-1a3b-2454-7f39-417682ba261f" testName="Deserialize_ShoudReturnAddSubscriptionCommand_WhenGivenAddSubscriptionCommandJson" computerName="DKSR-EFI-04" duration="00:00:00.0207013" startTime="2023-12-22T09:32:22.0839657+01:00" endTime="2023-12-22T09:32:22.1048011+01:00" testType="13cdc9d9-ddb5-4fa4-a97d-d965ccfc6d4b" outcome="Passed" testListId="8c84fa94-04c1-424b-9868-57a2d4851a1d" relativeResultsDirectory="94e328ff-f449-4535-8bb5-4fa1e00740f8" />
    <UnitTestResult executionId="e35265e6-c640-47c5-b489-b9b5b604c783" testId="945b1d1a-1d46-ec1b-a72b-1a58345f0665" testName="RunAsync_ShouldRetryToGetMangmentServerUrisAndLogExceptionOnceAndNotCallVmsClientStart_WhenTwoSameExceptionsAreThrown" computerName="DKSR-EFI-04" duration="00:00:01.1576832" startTime="2023-12-22T09:32:18.6181360+01:00" endTime="2023-12-22T09:32:19.7761131+01:00" testType="13cdc9d9-ddb5-4fa4-a97d-d965ccfc6d4b" outcome="Passed" testListId="8c84fa94-04c1-424b-9868-57a2d4851a1d" relativeResultsDirectory="e35265e6-c640-47c5-b489-b9b5b604c783" />
    <UnitTestResult executionId="43611208-128c-41f8-a131-036f1f784835" testId="8acc8c92-3f02-e3e8-b05a-d6e57351e9cd" testName="RemoveSubscriptionAsync_ShouldThrow_WhenSessionIsNotOnline" computerName="DKSR-EFI-04" duration="00:00:00.0065230" startTime="2023-12-22T09:32:17.6186175+01:00" endTime="2023-12-22T09:32:17.6253272+01:00" testType="13cdc9d9-ddb5-4fa4-a97d-d965ccfc6d4b" outcome="Passed" testListId="8c84fa94-04c1-424b-9868-57a2d4851a1d" relativeResultsDirectory="43611208-128c-41f8-a131-036f1f784835" />
    <UnitTestResult executionId="f9a680de-afe7-413a-aea6-05c72d4012c5" testId="8585b7dc-7244-3a96-6dc0-194ca07af193" testName="Serialize_ShoudReturnAddSubscriptionResponseJson_WhenGivenAddSubscriptionResponse" computerName="DKSR-EFI-04" duration="00:00:00.0033569" startTime="2023-12-22T09:32:22.0803414+01:00" endTime="2023-12-22T09:32:22.0839178+01:00" testType="13cdc9d9-ddb5-4fa4-a97d-d965ccfc6d4b" outcome="Passed" testListId="8c84fa94-04c1-424b-9868-57a2d4851a1d" relativeResultsDirectory="f9a680de-afe7-413a-aea6-05c72d4012c5" />
    <UnitTestResult executionId="c1fad088-d0b5-4ec0-b92c-cb1f13839203" testId="68f6dd4e-90b6-56ff-bac4-f2b31b547e31" testName="Deserialize_ShoudReturnGetStateCommand_WhenGivenGetStateCommandJson" computerName="DKSR-EFI-04" duration="00:00:00.0009550" startTime="2023-12-22T09:32:22.1068441+01:00" endTime="2023-12-22T09:32:22.1079197+01:00" testType="13cdc9d9-ddb5-4fa4-a97d-d965ccfc6d4b" outcome="Passed" testListId="8c84fa94-04c1-424b-9868-57a2d4851a1d" relativeResultsDirectory="c1fad088-d0b5-4ec0-b92c-cb1f13839203" />
    <UnitTestResult executionId="ed900e6f-d160-4935-bfdd-443595e09c94" testId="a4d23e1f-9e34-9260-722c-fb7c514636a8" testName="ProcessCommandAsync_ShoudReturnSuccess_WhenClientSucceeds" computerName="DKSR-EFI-04" duration="00:00:00.0025640" startTime="2023-12-22T09:32:22.0639430+01:00" endTime="2023-12-22T09:32:22.0666303+01:00" testType="13cdc9d9-ddb5-4fa4-a97d-d965ccfc6d4b" outcome="Passed" testListId="8c84fa94-04c1-424b-9868-57a2d4851a1d" relativeResultsDirectory="ed900e6f-d160-4935-bfdd-443595e09c94" />
    <UnitTestResult executionId="b7224c0c-6b4b-4d9b-a90d-68d24db8e5ef" testId="fe8753b0-b4f9-b4d7-6ceb-e6a61f15a8d8" testName="Start_ShouldLogSucces_WhenTokenCasheIsCreatedSuccessfully" computerName="DKSR-EFI-04" duration="00:00:00.0631485" startTime="2023-12-22T09:32:18.0271786+01:00" endTime="2023-12-22T09:32:18.0905669+01:00" testType="13cdc9d9-ddb5-4fa4-a97d-d965ccfc6d4b" outcome="Passed" testListId="8c84fa94-04c1-424b-9868-57a2d4851a1d" relativeResultsDirectory="b7224c0c-6b4b-4d9b-a90d-68d24db8e5ef" />
    <UnitTestResult executionId="258f17f1-257d-4372-ac4c-acbc17e7f22a" testId="6c8fdd61-11e1-b48a-fbd8-c72461118a3f" testName="RunAsync_ShouldRetryToStartTokenHandlerAndLogExceptionOnce_WhenTwoSameExceptionsAreTrown" computerName="DKSR-EFI-04" duration="00:00:01.0822862" startTime="2023-12-22T09:32:19.7762073+01:00" endTime="2023-12-22T09:32:20.8587415+01:00" testType="13cdc9d9-ddb5-4fa4-a97d-d965ccfc6d4b" outcome="Passed" testListId="8c84fa94-04c1-424b-9868-57a2d4851a1d" relativeResultsDirectory="258f17f1-257d-4372-ac4c-acbc17e7f22a" />
    <UnitTestResult executionId="1cb599ed-88f1-4b72-81eb-3675618ba9cc" testId="f81e43ba-e663-332b-621c-d17302ab997c" testName="ProcessMessageAsync_ShoudUseCorrectProcessor_WhenMultipleCommandProcessorsAreGiven" computerName="DKSR-EFI-04" duration="00:00:00.0413270" startTime="2023-12-22T09:32:17.6540647+01:00" endTime="2023-12-22T09:32:17.6956645+01:00" testType="13cdc9d9-ddb5-4fa4-a97d-d965ccfc6d4b" outcome="Passed" testListId="8c84fa94-04c1-424b-9868-57a2d4851a1d" relativeResultsDirectory="1cb599ed-88f1-4b72-81eb-3675618ba9cc" />
    <UnitTestResult executionId="de472883-ee3f-40f3-abfb-89c871cde687" testId="88d46b07-3a7e-fedb-484c-5e8e5cdbf82d" testName="RunAsync_ShouldExit_WhenCancellationTokenIsReceivedDuringTokenHandlerStart" computerName="DKSR-EFI-04" duration="00:00:00.0153688" startTime="2023-12-22T09:32:21.9988869+01:00" endTime="2023-12-22T09:32:22.0144061+01:00" testType="13cdc9d9-ddb5-4fa4-a97d-d965ccfc6d4b" outcome="Passed" testListId="8c84fa94-04c1-424b-9868-57a2d4851a1d" relativeResultsDirectory="de472883-ee3f-40f3-abfb-89c871cde687" />
    <UnitTestResult executionId="f6e979a2-9d58-460f-8b27-80e9b1ff4da1" testId="3f5fceb0-c5ba-929a-ea80-a6a6d30fae81" testName="ResolveAddressesAsync_ShouldThrowManagmentServerUriDataException_WhenApiGatewayIsNull" computerName="DKSR-EFI-04" duration="00:00:00.0207743" startTime="2023-12-22T09:32:18.3434330+01:00" endTime="2023-12-22T09:32:18.3643621+01:00" testType="13cdc9d9-ddb5-4fa4-a97d-d965ccfc6d4b" outcome="Passed" testListId="8c84fa94-04c1-424b-9868-57a2d4851a1d" relativeResultsDirectory="f6e979a2-9d58-460f-8b27-80e9b1ff4da1" />
    <UnitTestResult executionId="beffb289-4c05-4307-ac36-70d7ca307b1d" testId="e3ffd559-52db-37ca-aa83-edb63bc08668" testName="ProcessCommandAsync_ShoudReturnSuccessAndSubscriptionId_WhenClientSucceeds" computerName="DKSR-EFI-04" duration="00:00:00.0037313" startTime="2023-12-22T09:32:22.0732390+01:00" endTime="2023-12-22T09:32:22.0771009+01:00" testType="13cdc9d9-ddb5-4fa4-a97d-d965ccfc6d4b" outcome="Passed" testListId="8c84fa94-04c1-424b-9868-57a2d4851a1d" relativeResultsDirectory="beffb289-4c05-4307-ac36-70d7ca307b1d" />
    <UnitTestResult executionId="b0f8cc02-928c-410a-b600-0227b39b0a8c" testId="0631a4a6-2e54-b918-a70e-dd4ab1883841" testName="ProcessCommandAsync_ShoudThrowInvalidOperationException_WhenCommandTypeIsWrong" computerName="DKSR-EFI-04" duration="00:00:00.0025313" startTime="2023-12-22T09:32:22.0444686+01:00" endTime="2023-12-22T09:32:22.0471397+01:00" testType="13cdc9d9-ddb5-4fa4-a97d-d965ccfc6d4b" outcome="Passed" testListId="8c84fa94-04c1-424b-9868-57a2d4851a1d" relativeResultsDirectory="b0f8cc02-928c-410a-b600-0227b39b0a8c" />
    <UnitTestResult executionId="71c9cc16-19da-4f25-9d67-ad8d12f64bac" testId="91967216-6765-7d59-30b2-6c8450a8ba37" testName="ProcessCommandAsync_ShoudReturnError_WhenClientThrows" computerName="DKSR-EFI-04" duration="00:00:00.0030279" startTime="2023-12-22T09:32:22.0771495+01:00" endTime="2023-12-22T09:32:22.0802923+01:00" testType="13cdc9d9-ddb5-4fa4-a97d-d965ccfc6d4b" outcome="Passed" testListId="8c84fa94-04c1-424b-9868-57a2d4851a1d" relativeResultsDirectory="71c9cc16-19da-4f25-9d67-ad8d12f64bac" />
    <UnitTestResult executionId="b949d253-eb9c-4a96-9890-a8a213f31eef" testId="146c794a-8a7a-9ac5-4b07-da54993b6d43" testName="Deserialize_ShouldThrowMessageProcessingException_WhenGivenInvalidFormatJson" computerName="DKSR-EFI-04" duration="00:00:00.0113763" startTime="2023-12-22T09:32:22.1094284+01:00" endTime="2023-12-22T09:32:22.1209561+01:00" testType="13cdc9d9-ddb5-4fa4-a97d-d965ccfc6d4b" outcome="Passed" testListId="8c84fa94-04c1-424b-9868-57a2d4851a1d" relativeResultsDirectory="b949d253-eb9c-4a96-9890-a8a213f31eef" />
    <UnitTestResult executionId="6222fe47-3443-4646-a370-014022536181" testId="fd7dce95-5f22-ba36-2e4b-a54cb2de9e1b" testName="AcceptsCommand_ShoudBeTrue_WhenCommandTypeIsCorrect" computerName="DKSR-EFI-04" duration="00:00:00.0006236" startTime="2023-12-22T09:32:22.0701049+01:00" endTime="2023-12-22T09:32:22.0708153+01:00" testType="13cdc9d9-ddb5-4fa4-a97d-d965ccfc6d4b" outcome="Passed" testListId="8c84fa94-04c1-424b-9868-57a2d4851a1d" relativeResultsDirectory="6222fe47-3443-4646-a370-014022536181" />
    <UnitTestResult executionId="e98299ec-8032-4ac4-a7de-d786f51177ea" testId="38e85025-2f3c-cf36-0c3b-2b292ba29451" testName="RunAsync_ShouldExit_WhenCancellationTokenIsReceived" computerName="DKSR-EFI-04" duration="00:00:00.0204184" startTime="2023-12-22T09:32:21.9782031+01:00" endTime="2023-12-22T09:32:21.9988165+01:00" testType="13cdc9d9-ddb5-4fa4-a97d-d965ccfc6d4b" outcome="Passed" testListId="8c84fa94-04c1-424b-9868-57a2d4851a1d" relativeResultsDirectory="e98299ec-8032-4ac4-a7de-d786f51177ea" />
    <UnitTestResult executionId="c8133a48-d6f9-44af-baa3-a34222ab57af" testId="e945ffff-deba-86ac-7d1c-c6bf4c3ef71a" testName="Given_RequestIsSent_When_SomeUnexpectedResponseIsReceived_Then_AProperResponseFromVmsAsHttpResponseIsReturned" computerName="DKSR-EFI-04" duration="00:00:00.0102574" startTime="2023-12-22T09:32:18.6076790+01:00" endTime="2023-12-22T09:32:18.6180810+01:00" testType="13cdc9d9-ddb5-4fa4-a97d-d965ccfc6d4b" outcome="Passed" testListId="8c84fa94-04c1-424b-9868-57a2d4851a1d" relativeResultsDirectory="c8133a48-d6f9-44af-baa3-a34222ab57af" />
    <UnitTestResult executionId="55c8ad75-9e77-4533-a3e6-af92160a59fd" testId="c6bae9b8-6fe0-f391-4ccf-fda3dc1cccc4" testName="ProcessCommandAsync_ShoudThrowInvalidOperationException_WhenCommandTypeIsWrong" computerName="DKSR-EFI-04" duration="00:00:00.0010692" startTime="2023-12-22T09:32:22.0626780+01:00" endTime="2023-12-22T09:32:22.0638961+01:00" testType="13cdc9d9-ddb5-4fa4-a97d-d965ccfc6d4b" outcome="Passed" testListId="8c84fa94-04c1-424b-9868-57a2d4851a1d" relativeResultsDirectory="55c8ad75-9e77-4533-a3e6-af92160a59fd" />
    <UnitTestResult executionId="33231d49-74f3-46b4-afd9-6434f56aafaa" testId="927b7a17-da95-af02-8b1a-cee97f74089e" testName="ProcessCommandAsync_ShoudReturnSuccessAndSubscriptionId_WhenClientSucceeds" computerName="DKSR-EFI-04" duration="00:00:00.0071707" startTime="2023-12-22T09:32:22.0471811+01:00" endTime="2023-12-22T09:32:22.0544868+01:00" testType="13cdc9d9-ddb5-4fa4-a97d-d965ccfc6d4b" outcome="Passed" testListId="8c84fa94-04c1-424b-9868-57a2d4851a1d" relativeResultsDirectory="33231d49-74f3-46b4-afd9-6434f56aafaa" />
    <UnitTestResult executionId="18e2e95c-a954-43f7-be45-361cbda6d8e5" testId="9d1fb991-9d85-ad2b-3cb5-dcc74e387aab" testName="Deserialize_ShouldThrowMessageProcessingException_WhenGivenInvalidCommandJson" computerName="DKSR-EFI-04" duration="00:00:00.0012958" startTime="2023-12-22T09:32:22.1079660+01:00" endTime="2023-12-22T09:32:22.1093890+01:00" testType="13cdc9d9-ddb5-4fa4-a97d-d965ccfc6d4b" outcome="Passed" testListId="8c84fa94-04c1-424b-9868-57a2d4851a1d" relativeResultsDirectory="18e2e95c-a954-43f7-be45-361cbda6d8e5" />
    <UnitTestResult executionId="d0d91686-8138-4ab5-b26b-793d5619a3f4" testId="1ff7076e-5452-7636-e179-fe3fdb8b1b51" testName="Start_ShouldThrowVmsMessageAuthenticatorException_WhenRefreshTokenFailsWithExpectedExceptions (System.Net.Http.HttpRequestException)" computerName="DKSR-EFI-04" duration="00:00:00.0225007" startTime="2023-12-22T09:32:17.9172653+01:00" endTime="2023-12-22T09:32:17.9765306+01:00" testType="13cdc9d9-ddb5-4fa4-a97d-d965ccfc6d4b" outcome="Passed" testListId="8c84fa94-04c1-424b-9868-57a2d4851a1d" relativeResultsDirectory="d0d91686-8138-4ab5-b26b-793d5619a3f4" />
    <UnitTestResult executionId="6922c9bc-af6e-4a33-9572-d4347292d74a" testId="c1b872e3-c9f6-af45-1a88-f631374d9dfc" testName="AddSubscriptionAsync_ShouldThrow_WhenSessionIsNotOnline" computerName="DKSR-EFI-04" duration="00:00:00.0093102" startTime="2023-12-22T09:32:17.6089005+01:00" endTime="2023-12-22T09:32:17.6185227+01:00" testType="13cdc9d9-ddb5-4fa4-a97d-d965ccfc6d4b" outcome="Passed" testListId="8c84fa94-04c1-424b-9868-57a2d4851a1d" relativeResultsDirectory="6922c9bc-af6e-4a33-9572-d4347292d74a" />
    <UnitTestResult executionId="7994364b-27a7-4b61-ab5f-f99c3687b2c4" testId="ba3dcd4d-ec5e-091e-bd70-2b1edd3434f4" testName="AcceptsCommand_ShoudBeTrue_WhenCommandTypeIsCorrect" computerName="DKSR-EFI-04" duration="00:00:00.0005281" startTime="2023-12-22T09:32:22.0620115+01:00" endTime="2023-12-22T09:32:22.0626427+01:00" testType="13cdc9d9-ddb5-4fa4-a97d-d965ccfc6d4b" outcome="Passed" testListId="8c84fa94-04c1-424b-9868-57a2d4851a1d" relativeResultsDirectory="7994364b-27a7-4b61-ab5f-f99c3687b2c4" />
    <UnitTestResult executionId="75ca2f00-9b9c-4deb-be20-e04457f82df7" testId="1ff7076e-5452-7636-e179-fe3fdb8b1b51" testName="Start_ShouldThrowVmsMessageAuthenticatorException_WhenRefreshTokenFailsWithExpectedExceptions (VideoOS.CloudConnector.VmsGatewayCommunicator.UnitTest.TokenHandlerTests+MockIdpException)" computerName="DKSR-EFI-04" duration="00:00:00.0120298" startTime="2023-12-22T09:32:17.9172653+01:00" endTime="2023-12-22T09:32:17.9765306+01:00" testType="13cdc9d9-ddb5-4fa4-a97d-d965ccfc6d4b" outcome="Passed" testListId="8c84fa94-04c1-424b-9868-57a2d4851a1d" relativeResultsDirectory="75ca2f00-9b9c-4deb-be20-e04457f82df7" />
    <UnitTestResult executionId="4178b250-0288-4a9b-a8f6-b9eaff770a6f" testId="ea8e992b-dbc2-9ff4-613e-597a07fbd655" testName="AcceptsCommand_ShoudBeFalse_WhenCommandTypeIsWrong" computerName="DKSR-EFI-04" duration="00:00:00.0010243" startTime="2023-12-22T09:32:22.0414951+01:00" endTime="2023-12-22T09:32:22.0427873+01:00" testType="13cdc9d9-ddb5-4fa4-a97d-d965ccfc6d4b" outcome="Passed" testListId="8c84fa94-04c1-424b-9868-57a2d4851a1d" relativeResultsDirectory="4178b250-0288-4a9b-a8f6-b9eaff770a6f" />
    <UnitTestResult executionId="32d30ef4-2cbc-49a2-b4ed-f6e00aa3f33d" testId="5f9282f2-48bf-e16c-124b-6c8f17f1b1b3" testName="Given_RequestIsSent_When_ResponseMessageReceived_Then_AProperResponseFromVmsAsHttpResponseIsReturned" computerName="DKSR-EFI-04" duration="00:00:00.0131863" startTime="2023-12-22T09:32:18.5418991+01:00" endTime="2023-12-22T09:32:18.5552181+01:00" testType="13cdc9d9-ddb5-4fa4-a97d-d965ccfc6d4b" outcome="Passed" testListId="8c84fa94-04c1-424b-9868-57a2d4851a1d" relativeResultsDirectory="32d30ef4-2cbc-49a2-b4ed-f6e00aa3f33d" />
    <UnitTestResult executionId="669de532-8b9a-45e0-a945-2331197c278a" testId="77eb214e-e131-2aba-9b6b-8217504dd48e" testName="RunAsync_ShouldExit_WhenCancellationTokenIsReceived" computerName="DKSR-EFI-04" duration="00:00:00.4853120" startTime="2023-12-22T09:32:17.0388061+01:00" endTime="2023-12-22T09:32:17.5573591+01:00" testType="13cdc9d9-ddb5-4fa4-a97d-d965ccfc6d4b" outcome="Passed" testListId="8c84fa94-04c1-424b-9868-57a2d4851a1d" relativeResultsDirectory="669de532-8b9a-45e0-a945-2331197c278a" />
    <UnitTestResult executionId="f59a188a-2318-4993-857d-75739c8ce765" testId="ab20a201-1a6b-9773-1d63-8b4f58d61d44" testName="Given_RequestToVmsAsHttpRequest_When_Sent_Then_AnAuthorizationheaderIsAdded" computerName="DKSR-EFI-04" duration="00:00:00.0201228" startTime="2023-12-22T09:32:18.5215535+01:00" endTime="2023-12-22T09:32:18.5418393+01:00" testType="13cdc9d9-ddb5-4fa4-a97d-d965ccfc6d4b" outcome="Passed" testListId="8c84fa94-04c1-424b-9868-57a2d4851a1d" relativeResultsDirectory="f59a188a-2318-4993-857d-75739c8ce765" />
    <UnitTestResult executionId="d40f4384-d438-4e93-b524-052aaefc50a7" testId="cb6ab9d5-c93b-48a6-1e4b-5a2dd1459ff8" testName="Deserialize_ShouldThrowMessageProcessingException_WhenGivenInvalidJson" computerName="DKSR-EFI-04" duration="00:00:00.0010482" startTime="2023-12-22T09:32:22.1210333+01:00" endTime="2023-12-22T09:32:22.1239408+01:00" testType="13cdc9d9-ddb5-4fa4-a97d-d965ccfc6d4b" outcome="Passed" testListId="8c84fa94-04c1-424b-9868-57a2d4851a1d" relativeResultsDirectory="d40f4384-d438-4e93-b524-052aaefc50a7" />
    <UnitTestResult executionId="43ea2a6d-d999-4387-bc8c-863dfb7f6f33" testId="40fdb1ca-7fde-0f51-1804-bce4ea088140" testName="ProcessCommandAsync_ShoudReturnError_WhenCommandTypeIsCorrect_AndClientThrows" computerName="DKSR-EFI-04" duration="00:00:00.0022918" startTime="2023-12-22T09:32:22.0666717+01:00" endTime="2023-12-22T09:32:22.0690765+01:00" testType="13cdc9d9-ddb5-4fa4-a97d-d965ccfc6d4b" outcome="Passed" testListId="8c84fa94-04c1-424b-9868-57a2d4851a1d" relativeResultsDirectory="43ea2a6d-d999-4387-bc8c-863dfb7f6f33" />
    <UnitTestResult executionId="df3acca5-3a7e-49a6-94ef-bed89450432a" testId="dd04bf9e-385e-bc44-dcd4-3eeb73e0ac2c" testName="Given_RequestToVmsAsHttpRequest_When_Sent_Then_AnHttpRequestMessageIsSent" computerName="DKSR-EFI-04" duration="00:00:00.0972765" startTime="2023-12-22T09:32:18.3853221+01:00" endTime="2023-12-22T09:32:18.4828849+01:00" testType="13cdc9d9-ddb5-4fa4-a97d-d965ccfc6d4b" outcome="Passed" testListId="8c84fa94-04c1-424b-9868-57a2d4851a1d" relativeResultsDirectory="df3acca5-3a7e-49a6-94ef-bed89450432a" />
    <UnitTestResult executionId="0573fa83-bc14-446b-907a-39e5bdb7abf5" testId="1ff7076e-5452-7636-e179-fe3fdb8b1b51" testName="Start_ShouldThrowVmsMessageAuthenticatorException_WhenRefreshTokenFailsWithExpectedExceptions (VideoOS.IdentityServer.Common.Handlers.IdentityServerTokenException)" computerName="DKSR-EFI-04" duration="00:00:00.0211464" startTime="2023-12-22T09:32:17.9172653+01:00" endTime="2023-12-22T09:32:17.9765306+01:00" testType="13cdc9d9-ddb5-4fa4-a97d-d965ccfc6d4b" outcome="Passed" testListId="8c84fa94-04c1-424b-9868-57a2d4851a1d" relativeResultsDirectory="0573fa83-bc14-446b-907a-39e5bdb7abf5" />
    <UnitTestResult executionId="0ee46e4e-f894-4e81-981d-04678183675c" testId="e6d7322e-b8f5-bafe-ce50-120a168242d3" testName="Given_RequestIsSent_When_UnavailableResponseIsReceivedInHtmlFormat_Then_AProperResponseFromVmsAsHttpResponseIsReturned" computerName="DKSR-EFI-04" duration="00:00:00.0101730" startTime="2023-12-22T09:32:18.5973153+01:00" endTime="2023-12-22T09:32:18.6076181+01:00" testType="13cdc9d9-ddb5-4fa4-a97d-d965ccfc6d4b" outcome="Passed" testListId="8c84fa94-04c1-424b-9868-57a2d4851a1d" relativeResultsDirectory="0ee46e4e-f894-4e81-981d-04678183675c" />
    <UnitTestResult executionId="7b601194-4c77-4d3a-a1df-452d02864364" testId="58611439-4eed-f271-942d-7637305b9c01" testName="Start_ShouldNotHandleException_WhenCreateTokenchenCasheFails" computerName="DKSR-EFI-04" duration="00:00:00.2153616" startTime="2023-12-22T09:32:17.7015595+01:00" endTime="2023-12-22T09:32:17.9171898+01:00" testType="13cdc9d9-ddb5-4fa4-a97d-d965ccfc6d4b" outcome="Passed" testListId="8c84fa94-04c1-424b-9868-57a2d4851a1d" relativeResultsDirectory="7b601194-4c77-4d3a-a1df-452d02864364" />
    <UnitTestResult executionId="ff7f8b9f-2189-479c-85bb-1c6c116cf2ce" testId="b6b906da-ecb0-3b53-ef37-a76433e33141" testName="Given_RequestIsSent_When_UnauthorizedResponseIsReceivedInHtmlFormat_Then_AProperResponseFromVmsAsHttpResponseIsReturned (application/json,Incorrect username or password was specified)" computerName="DKSR-EFI-04" duration="00:00:00.0093410" startTime="2023-12-22T09:32:18.5877329+01:00" endTime="2023-12-22T09:32:18.5972558+01:00" testType="13cdc9d9-ddb5-4fa4-a97d-d965ccfc6d4b" outcome="Passed" testListId="8c84fa94-04c1-424b-9868-57a2d4851a1d" relativeResultsDirectory="ff7f8b9f-2189-479c-85bb-1c6c116cf2ce" />
    <UnitTestResult executionId="7b8cee9f-c719-4ec8-b652-a62bcabc2c65" testId="1e4cb510-e811-129b-df49-fa5bf77912b1" testName="ProcessMessageAsync_ShoudThrowMessageProcessingException_NoCommandProcessorAcceptsMessage" computerName="DKSR-EFI-04" duration="00:00:00.0055804" startTime="2023-12-22T09:32:17.6957356+01:00" endTime="2023-12-22T09:32:17.7015056+01:00" testType="13cdc9d9-ddb5-4fa4-a97d-d965ccfc6d4b" outcome="Passed" testListId="8c84fa94-04c1-424b-9868-57a2d4851a1d" relativeResultsDirectory="7b8cee9f-c719-4ec8-b652-a62bcabc2c65" />
    <UnitTestResult executionId="4ff7ae29-7862-485f-9a45-6fb09e269101" testId="fd053fc9-613b-b024-4f90-4055fc170628" testName="AcceptsCommand_ShoudBeFalse_WhenCommandTypeIsWrong" computerName="DKSR-EFI-04" duration="00:00:00.0008291" startTime="2023-12-22T09:32:22.0609034+01:00" endTime="2023-12-22T09:32:22.0619650+01:00" testType="13cdc9d9-ddb5-4fa4-a97d-d965ccfc6d4b" outcome="Passed" testListId="8c84fa94-04c1-424b-9868-57a2d4851a1d" relativeResultsDirectory="4ff7ae29-7862-485f-9a45-6fb09e269101" />
    <UnitTestResult executionId="8e8d1a64-2bef-4152-b8eb-e5cbab70f779" testId="7f0d91d6-cfc6-68cb-2b56-4279824abad8" testName="Given_AdressesAreNotYetResolved_When_GetAddress_Then_AddressIsResolvedAndReturned" computerName="DKSR-EFI-04" duration="00:00:00.0208438" startTime="2023-12-22T09:32:18.2667091+01:00" endTime="2023-12-22T09:32:18.2876930+01:00" testType="13cdc9d9-ddb5-4fa4-a97d-d965ccfc6d4b" outcome="Passed" testListId="8c84fa94-04c1-424b-9868-57a2d4851a1d" relativeResultsDirectory="8e8d1a64-2bef-4152-b8eb-e5cbab70f779" />
    <UnitTestResult executionId="13cdac1f-b9b7-42ec-b8ab-fca926270a14" testId="13a4ff0f-35a3-c179-40b3-5a5c363cfb21" testName="ProcessCommandAsync_ShoudReturnError_WhenClientThrows" computerName="DKSR-EFI-04" duration="00:00:00.0049824" startTime="2023-12-22T09:32:22.0556893+01:00" endTime="2023-12-22T09:32:22.0608369+01:00" testType="13cdc9d9-ddb5-4fa4-a97d-d965ccfc6d4b" outcome="Passed" testListId="8c84fa94-04c1-424b-9868-57a2d4851a1d" relativeResultsDirectory="13cdac1f-b9b7-42ec-b8ab-fca926270a14" />
  </Results>
  <TestDefinitions>
    <UnitTest name="Deserialize_ShoudReturnAddSubscriptionCommand_WhenGivenAddSubscriptionCommandJson" storage="d:\actions-runner\_work\xpco\xpco\allsolutions\..\cloudconnector\binaries\videoos.cloudconnector.vmsgatewaycommunicator.unittest\bin\debug\net6.0-windows\videoos.cloudconnector.vmsgatewaycommunicator.unittest.dll" id="b8204e8d-1a3b-2454-7f39-417682ba261f">
      <Execution id="94e328ff-f449-4535-8bb5-4fa1e00740f8" />
      <TestMethod codeBase="D:\actions-runner\_work\XPCO\XPCO\AllSolutions\..\CloudConnector\Binaries\VideoOS.CloudConnector.VmsGatewayCommunicator.UnitTest\bin\Debug\net6.0-windows\VideoOS.CloudConnector.VmsGatewayCommunicator.UnitTest.dll" adapterTypeName="executor://mstestadapter/v2" className="VideoOS.CloudConnector.VmsGatewayCommunicator.UnitTest.CommandProcessors.EventCommandSerializerTest" name="Deserialize_ShoudReturnAddSubscriptionCommand_WhenGivenAddSubscriptionCommandJson" />
    </UnitTest>
    <UnitTest name="Given_RequestIsSent_When_ForbiddenResponseIsReceivedInHtmlFormat_Then_AProperResponseFromVmsAsHttpResponseIsReturned" storage="d:\actions-runner\_work\xpco\xpco\allsolutions\..\cloudconnector\binaries\videoos.cloudconnector.vmsgatewaycommunicator.unittest\bin\debug\net6.0-windows\videoos.cloudconnector.vmsgatewaycommunicator.unittest.dll" id="f3553615-2f34-58ff-4306-a31fd2ab5e51">
      <Execution id="9797cb97-3c32-4611-8b19-71460de981e5" />
      <TestMethod codeBase="D:\actions-runner\_work\XPCO\XPCO\AllSolutions\..\CloudConnector\Binaries\VideoOS.CloudConnector.VmsGatewayCommunicator.UnitTest\bin\Debug\net6.0-windows\VideoOS.CloudConnector.VmsGatewayCommunicator.UnitTest.dll" adapterTypeName="executor://mstestadapter/v2" className="VideoOS.CloudConnector.VmsGatewayCommunicator.UnitTest.VmsClientTest" name="Given_RequestIsSent_When_ForbiddenResponseIsReceivedInHtmlFormat_Then_AProperResponseFromVmsAsHttpResponseIsReturned" />
    </UnitTest>
    <UnitTest name="Given_RequestIsSent_When_UnauthorizedResponseIsReceivedInHtmlFormat_Then_AProperResponseFromVmsAsHttpResponseIsReturned (someType/text,Incorrect username or password was specified)" storage="d:\actions-runner\_work\xpco\xpco\allsolutions\..\cloudconnector\binaries\videoos.cloudconnector.vmsgatewaycommunicator.unittest\bin\debug\net6.0-windows\videoos.cloudconnector.vmsgatewaycommunicator.unittest.dll" id="eb18e2dd-fced-e1ef-d3c5-380e364403ca">
      <Execution id="ea4ad3d8-fa38-48cf-9df6-ea1f9323fbd9" />
      <TestMethod codeBase="D:\actions-runner\_work\XPCO\XPCO\AllSolutions\..\CloudConnector\Binaries\VideoOS.CloudConnector.VmsGatewayCommunicator.UnitTest\bin\Debug\net6.0-windows\VideoOS.CloudConnector.VmsGatewayCommunicator.UnitTest.dll" adapterTypeName="executor://mstestadapter/v2" className="VideoOS.CloudConnector.VmsGatewayCommunicator.UnitTest.VmsClientTest" name="Given_RequestIsSent_When_UnauthorizedResponseIsReceivedInHtmlFormat_Then_AProperResponseFromVmsAsHttpResponseIsReturned" />
    </UnitTest>
    <UnitTest name="Deserialize_ShoudReturnRemoveSubscriptionCommand_WhenGivenRemoveSubscriptionCommandJson" storage="d:\actions-runner\_work\xpco\xpco\allsolutions\..\cloudconnector\binaries\videoos.cloudconnector.vmsgatewaycommunicator.unittest\bin\debug\net6.0-windows\videoos.cloudconnector.vmsgatewaycommunicator.unittest.dll" id="de0660db-2e29-717c-2bf3-5efce23e7793">
      <Execution id="6849527d-43d7-42f8-adb5-7c7c56aedb2d" />
      <TestMethod codeBase="D:\actions-runner\_work\XPCO\XPCO\AllSolutions\..\CloudConnector\Binaries\VideoOS.CloudConnector.VmsGatewayCommunicator.UnitTest\bin\Debug\net6.0-windows\VideoOS.CloudConnector.VmsGatewayCommunicator.UnitTest.dll" adapterTypeName="executor://mstestadapter/v2" className="VideoOS.CloudConnector.VmsGatewayCommunicator.UnitTest.CommandProcessors.EventCommandSerializerTest" name="Deserialize_ShoudReturnRemoveSubscriptionCommand_WhenGivenRemoveSubscriptionCommandJson" />
    </UnitTest>
    <UnitTest name="ResolveAddressesAsync_ShouldThrowManagmentServerUriDataException_WhenIdentityProviderIsNull" storage="d:\actions-runner\_work\xpco\xpco\allsolutions\..\cloudconnector\binaries\videoos.cloudconnector.vmsgatewaycommunicator.unittest\bin\debug\net6.0-windows\videoos.cloudconnector.vmsgatewaycommunicator.unittest.dll" id="89dc4c45-407b-97a5-d45a-0c91ed495056">
      <Execution id="2882984b-7142-461a-afa0-fa27eba62c5a" />
      <TestMethod codeBase="D:\actions-runner\_work\XPCO\XPCO\AllSolutions\..\CloudConnector\Binaries\VideoOS.CloudConnector.VmsGatewayCommunicator.UnitTest\bin\Debug\net6.0-windows\VideoOS.CloudConnector.VmsGatewayCommunicator.UnitTest.dll" adapterTypeName="executor://mstestadapter/v2" className="VideoOS.CloudConnector.VmsGatewayCommunicator.UnitTest.VmsAddressResolverTests" name="ResolveAddressesAsync_ShouldThrowManagmentServerUriDataException_WhenIdentityProviderIsNull" />
    </UnitTest>
    <UnitTest name="Start_ShouldThrowVmsMessageAuthenticatorException_WhenRefreshTokenFailsWithExpectedExceptions" storage="d:\actions-runner\_work\xpco\xpco\allsolutions\..\cloudconnector\binaries\videoos.cloudconnector.vmsgatewaycommunicator.unittest\bin\debug\net6.0-windows\videoos.cloudconnector.vmsgatewaycommunicator.unittest.dll" id="1ff7076e-5452-7636-e179-fe3fdb8b1b51">
      <Execution id="d0d91686-8138-4ab5-b26b-793d5619a3f4" />
      <TestMethod codeBase="D:\actions-runner\_work\XPCO\XPCO\AllSolutions\..\CloudConnector\Binaries\VideoOS.CloudConnector.VmsGatewayCommunicator.UnitTest\bin\Debug\net6.0-windows\VideoOS.CloudConnector.VmsGatewayCommunicator.UnitTest.dll" adapterTypeName="executor://mstestadapter/v2" className="VideoOS.CloudConnector.VmsGatewayCommunicator.UnitTest.TokenHandlerTests" name="Start_ShouldThrowVmsMessageAuthenticatorException_WhenRefreshTokenFailsWithExpectedExceptions" />
    </UnitTest>
    <UnitTest name="Given_RequestIsSent_When_UnavailableResponseIsReceivedInHtmlFormat_Then_AProperResponseFromVmsAsHttpResponseIsReturned" storage="d:\actions-runner\_work\xpco\xpco\allsolutions\..\cloudconnector\binaries\videoos.cloudconnector.vmsgatewaycommunicator.unittest\bin\debug\net6.0-windows\videoos.cloudconnector.vmsgatewaycommunicator.unittest.dll" id="e6d7322e-b8f5-bafe-ce50-120a168242d3">
      <Execution id="0ee46e4e-f894-4e81-981d-04678183675c" />
      <TestMethod codeBase="D:\actions-runner\_work\XPCO\XPCO\AllSolutions\..\CloudConnector\Binaries\VideoOS.CloudConnector.VmsGatewayCommunicator.UnitTest\bin\Debug\net6.0-windows\VideoOS.CloudConnector.VmsGatewayCommunicator.UnitTest.dll" adapterTypeName="executor://mstestadapter/v2" className="VideoOS.CloudConnector.VmsGatewayCommunicator.UnitTest.VmsClientTest" name="Given_RequestIsSent_When_UnavailableResponseIsReceivedInHtmlFormat_Then_AProperResponseFromVmsAsHttpResponseIsReturned" />
    </UnitTest>
    <UnitTest name="ProcessCommandAsync_ShoudThrowInvalidOperationException_WhenCommandTypeIsWrong" storage="d:\actions-runner\_work\xpco\xpco\allsolutions\..\cloudconnector\binaries\videoos.cloudconnector.vmsgatewaycommunicator.unittest\bin\debug\net6.0-windows\videoos.cloudconnector.vmsgatewaycommunicator.unittest.dll" id="0631a4a6-2e54-b918-a70e-dd4ab1883841">
      <Execution id="b0f8cc02-928c-410a-b600-0227b39b0a8c" />
      <TestMethod codeBase="D:\actions-runner\_work\XPCO\XPCO\AllSolutions\..\CloudConnector\Binaries\VideoOS.CloudConnector.VmsGatewayCommunicator.UnitTest\bin\Debug\net6.0-windows\VideoOS.CloudConnector.VmsGatewayCommunicator.UnitTest.dll" adapterTypeName="executor://mstestadapter/v2" className="VideoOS.CloudConnector.VmsGatewayCommunicator.UnitTest.CommandProcessors.AddSubscriptionCommandProcessorTest" name="ProcessCommandAsync_ShoudThrowInvalidOperationException_WhenCommandTypeIsWrong" />
    </UnitTest>
    <UnitTest name="Deserialize_ShouldThrowMessageProcessingException_WhenGivenInvalidCommandJson" storage="d:\actions-runner\_work\xpco\xpco\allsolutions\..\cloudconnector\binaries\videoos.cloudconnector.vmsgatewaycommunicator.unittest\bin\debug\net6.0-windows\videoos.cloudconnector.vmsgatewaycommunicator.unittest.dll" id="9d1fb991-9d85-ad2b-3cb5-dcc74e387aab">
      <Execution id="18e2e95c-a954-43f7-be45-361cbda6d8e5" />
      <TestMethod codeBase="D:\actions-runner\_work\XPCO\XPCO\AllSolutions\..\CloudConnector\Binaries\VideoOS.CloudConnector.VmsGatewayCommunicator.UnitTest\bin\Debug\net6.0-windows\VideoOS.CloudConnector.VmsGatewayCommunicator.UnitTest.dll" adapterTypeName="executor://mstestadapter/v2" className="VideoOS.CloudConnector.VmsGatewayCommunicator.UnitTest.CommandProcessors.EventCommandSerializerTest" name="Deserialize_ShouldThrowMessageProcessingException_WhenGivenInvalidCommandJson" />
    </UnitTest>
    <UnitTest name="Deserialize_ShoudReturnGetStateCommand_WhenGivenGetStateCommandJson" storage="d:\actions-runner\_work\xpco\xpco\allsolutions\..\cloudconnector\binaries\videoos.cloudconnector.vmsgatewaycommunicator.unittest\bin\debug\net6.0-windows\videoos.cloudconnector.vmsgatewaycommunicator.unittest.dll" id="68f6dd4e-90b6-56ff-bac4-f2b31b547e31">
      <Execution id="c1fad088-d0b5-4ec0-b92c-cb1f13839203" />
      <TestMethod codeBase="D:\actions-runner\_work\XPCO\XPCO\AllSolutions\..\CloudConnector\Binaries\VideoOS.CloudConnector.VmsGatewayCommunicator.UnitTest\bin\Debug\net6.0-windows\VideoOS.CloudConnector.VmsGatewayCommunicator.UnitTest.dll" adapterTypeName="executor://mstestadapter/v2" className="VideoOS.CloudConnector.VmsGatewayCommunicator.UnitTest.CommandProcessors.EventCommandSerializerTest" name="Deserialize_ShoudReturnGetStateCommand_WhenGivenGetStateCommandJson" />
    </UnitTest>
    <UnitTest name="ProcessCommandAsync_ShoudThrowInvalidOperationException_WhenCommandTypeIsWrong" storage="d:\actions-runner\_work\xpco\xpco\allsolutions\..\cloudconnector\binaries\videoos.cloudconnector.vmsgatewaycommunicator.unittest\bin\debug\net6.0-windows\videoos.cloudconnector.vmsgatewaycommunicator.unittest.dll" id="c6bae9b8-6fe0-f391-4ccf-fda3dc1cccc4">
      <Execution id="55c8ad75-9e77-4533-a3e6-af92160a59fd" />
      <TestMethod codeBase="D:\actions-runner\_work\XPCO\XPCO\AllSolutions\..\CloudConnector\Binaries\VideoOS.CloudConnector.VmsGatewayCommunicator.UnitTest\bin\Debug\net6.0-windows\VideoOS.CloudConnector.VmsGatewayCommunicator.UnitTest.dll" adapterTypeName="executor://mstestadapter/v2" className="VideoOS.CloudConnector.VmsGatewayCommunicator.UnitTest.CommandProcessors.GetStateCommandProcessorTest" name="ProcessCommandAsync_ShoudThrowInvalidOperationException_WhenCommandTypeIsWrong" />
    </UnitTest>
    <UnitTest name="AddSubscriptionAsync_ShouldThrow_WhenSessionIsNotOnline" storage="d:\actions-runner\_work\xpco\xpco\allsolutions\..\cloudconnector\binaries\videoos.cloudconnector.vmsgatewaycommunicator.unittest\bin\debug\net6.0-windows\videoos.cloudconnector.vmsgatewaycommunicator.unittest.dll" id="c1b872e3-c9f6-af45-1a88-f631374d9dfc">
      <Execution id="6922c9bc-af6e-4a33-9572-d4347292d74a" />
      <TestMethod codeBase="D:\actions-runner\_work\XPCO\XPCO\AllSolutions\..\CloudConnector\Binaries\VideoOS.CloudConnector.VmsGatewayCommunicator.UnitTest\bin\Debug\net6.0-windows\VideoOS.CloudConnector.VmsGatewayCommunicator.UnitTest.dll" adapterTypeName="executor://mstestadapter/v2" className="VideoOS.CloudConnector.VmsGatewayCommunicator.UnitTest.EssClientTest" name="AddSubscriptionAsync_ShouldThrow_WhenSessionIsNotOnline" />
    </UnitTest>
    <UnitTest name="ResolveAddressesAsync_ShouldThrowManagmentServerUriDataException_WhenApiGatewayIsNull" storage="d:\actions-runner\_work\xpco\xpco\allsolutions\..\cloudconnector\binaries\videoos.cloudconnector.vmsgatewaycommunicator.unittest\bin\debug\net6.0-windows\videoos.cloudconnector.vmsgatewaycommunicator.unittest.dll" id="3f5fceb0-c5ba-929a-ea80-a6a6d30fae81">
      <Execution id="f6e979a2-9d58-460f-8b27-80e9b1ff4da1" />
      <TestMethod codeBase="D:\actions-runner\_work\XPCO\XPCO\AllSolutions\..\CloudConnector\Binaries\VideoOS.CloudConnector.VmsGatewayCommunicator.UnitTest\bin\Debug\net6.0-windows\VideoOS.CloudConnector.VmsGatewayCommunicator.UnitTest.dll" adapterTypeName="executor://mstestadapter/v2" className="VideoOS.CloudConnector.VmsGatewayCommunicator.UnitTest.VmsAddressResolverTests" name="ResolveAddressesAsync_ShouldThrowManagmentServerUriDataException_WhenApiGatewayIsNull" />
    </UnitTest>
    <UnitTest name="Given_AdressesAreNotYetResolved_When_GetAddressIsDoneWhileReolveMethodIsRunning_Then_AddressIsResolvedOnlyOnceAndReturned" storage="d:\actions-runner\_work\xpco\xpco\allsolutions\..\cloudconnector\binaries\videoos.cloudconnector.vmsgatewaycommunicator.unittest\bin\debug\net6.0-windows\videoos.cloudconnector.vmsgatewaycommunicator.unittest.dll" id="48fab191-2c7d-3b26-01d7-c2f887d83449">
      <Execution id="93f23920-ed83-4c65-8472-a3b2e438f06f" />
      <TestMethod codeBase="D:\actions-runner\_work\XPCO\XPCO\AllSolutions\..\CloudConnector\Binaries\VideoOS.CloudConnector.VmsGatewayCommunicator.UnitTest\bin\Debug\net6.0-windows\VideoOS.CloudConnector.VmsGatewayCommunicator.UnitTest.dll" adapterTypeName="executor://mstestadapter/v2" className="VideoOS.CloudConnector.VmsGatewayCommunicator.UnitTest.VmsAddressResolverTests" name="Given_AdressesAreNotYetResolved_When_GetAddressIsDoneWhileReolveMethodIsRunning_Then_AddressIsResolvedOnlyOnceAndReturned" />
    </UnitTest>
    <UnitTest name="Given_RequestIsSent_When_SomeUnexpectedResponseIsReceived_Then_AProperResponseFromVmsAsHttpResponseIsReturned" storage="d:\actions-runner\_work\xpco\xpco\allsolutions\..\cloudconnector\binaries\videoos.cloudconnector.vmsgatewaycommunicator.unittest\bin\debug\net6.0-windows\videoos.cloudconnector.vmsgatewaycommunicator.unittest.dll" id="e945ffff-deba-86ac-7d1c-c6bf4c3ef71a">
      <Execution id="c8133a48-d6f9-44af-baa3-a34222ab57af" />
      <TestMethod codeBase="D:\actions-runner\_work\XPCO\XPCO\AllSolutions\..\CloudConnector\Binaries\VideoOS.CloudConnector.VmsGatewayCommunicator.UnitTest\bin\Debug\net6.0-windows\VideoOS.CloudConnector.VmsGatewayCommunicator.UnitTest.dll" adapterTypeName="executor://mstestadapter/v2" className="VideoOS.CloudConnector.VmsGatewayCommunicator.UnitTest.VmsClientTest" name="Given_RequestIsSent_When_SomeUnexpectedResponseIsReceived_Then_AProperResponseFromVmsAsHttpResponseIsReturned" />
    </UnitTest>
    <UnitTest name="RunAsync_ShouldRetryToGetMangmentServerUrisAndLogExceptionTwice_WhenTwoDiffrentExceptionsAreTrown" storage="d:\actions-runner\_work\xpco\xpco\allsolutions\..\cloudconnector\binaries\videoos.cloudconnector.vmsgatewaycommunicator.unittest\bin\debug\net6.0-windows\videoos.cloudconnector.vmsgatewaycommunicator.unittest.dll" id="64141e3a-944e-7e24-9586-a9d7ea36b5e5">
      <Execution id="aa23ce8a-c293-4144-84de-d5e373ddb885" />
      <TestMethod codeBase="D:\actions-runner\_work\XPCO\XPCO\AllSolutions\..\CloudConnector\Binaries\VideoOS.CloudConnector.VmsGatewayCommunicator.UnitTest\bin\Debug\net6.0-windows\VideoOS.CloudConnector.VmsGatewayCommunicator.UnitTest.dll" adapterTypeName="executor://mstestadapter/v2" className="VideoOS.CloudConnector.VmsGatewayCommunicator.UnitTest.VmsGatewayCommunicatorTest" name="RunAsync_ShouldRetryToGetMangmentServerUrisAndLogExceptionTwice_WhenTwoDiffrentExceptionsAreTrown" />
    </UnitTest>
    <UnitTest name="SendAllStatefulEventsAsync_ShouldThrow_WhenSessionIsNotOnline" storage="d:\actions-runner\_work\xpco\xpco\allsolutions\..\cloudconnector\binaries\videoos.cloudconnector.vmsgatewaycommunicator.unittest\bin\debug\net6.0-windows\videoos.cloudconnector.vmsgatewaycommunicator.unittest.dll" id="92397220-5af0-7279-3009-d99842456db5">
      <Execution id="c489b195-a965-4957-9935-3929781d511b" />
      <TestMethod codeBase="D:\actions-runner\_work\XPCO\XPCO\AllSolutions\..\CloudConnector\Binaries\VideoOS.CloudConnector.VmsGatewayCommunicator.UnitTest\bin\Debug\net6.0-windows\VideoOS.CloudConnector.VmsGatewayCommunicator.UnitTest.dll" adapterTypeName="executor://mstestadapter/v2" className="VideoOS.CloudConnector.VmsGatewayCommunicator.UnitTest.EssClientTest" name="SendAllStatefulEventsAsync_ShouldThrow_WhenSessionIsNotOnline" />
    </UnitTest>
    <UnitTest name="ResolveAddressesAsync_ShouldThrowManagmentServerUriDataException_WhenApiGatewayIsEmpty" storage="d:\actions-runner\_work\xpco\xpco\allsolutions\..\cloudconnector\binaries\videoos.cloudconnector.vmsgatewaycommunicator.unittest\bin\debug\net6.0-windows\videoos.cloudconnector.vmsgatewaycommunicator.unittest.dll" id="f700b63b-3c47-84dc-50ae-ae8d7c14e5b7">
      <Execution id="1fd789bd-cd63-4e8c-9a71-8f3464c0cde8" />
      <TestMethod codeBase="D:\actions-runner\_work\XPCO\XPCO\AllSolutions\..\CloudConnector\Binaries\VideoOS.CloudConnector.VmsGatewayCommunicator.UnitTest\bin\Debug\net6.0-windows\VideoOS.CloudConnector.VmsGatewayCommunicator.UnitTest.dll" adapterTypeName="executor://mstestadapter/v2" className="VideoOS.CloudConnector.VmsGatewayCommunicator.UnitTest.VmsAddressResolverTests" name="ResolveAddressesAsync_ShouldThrowManagmentServerUriDataException_WhenApiGatewayIsEmpty" />
    </UnitTest>
    <UnitTest name="AcceptsCommand_ShoudBeTrue_WhenCommandTypeIsCorrect" storage="d:\actions-runner\_work\xpco\xpco\allsolutions\..\cloudconnector\binaries\videoos.cloudconnector.vmsgatewaycommunicator.unittest\bin\debug\net6.0-windows\videoos.cloudconnector.vmsgatewaycommunicator.unittest.dll" id="ba3dcd4d-ec5e-091e-bd70-2b1edd3434f4">
      <Execution id="7994364b-27a7-4b61-ab5f-f99c3687b2c4" />
      <TestMethod codeBase="D:\actions-runner\_work\XPCO\XPCO\AllSolutions\..\CloudConnector\Binaries\VideoOS.CloudConnector.VmsGatewayCommunicator.UnitTest\bin\Debug\net6.0-windows\VideoOS.CloudConnector.VmsGatewayCommunicator.UnitTest.dll" adapterTypeName="executor://mstestadapter/v2" className="VideoOS.CloudConnector.VmsGatewayCommunicator.UnitTest.CommandProcessors.GetStateCommandProcessorTest" name="AcceptsCommand_ShoudBeTrue_WhenCommandTypeIsCorrect" />
    </UnitTest>
    <UnitTest name="Given_RequestToVmsAsHttpRequest_When_Sent_Then_AnHttpRequestMessageIsSent" storage="d:\actions-runner\_work\xpco\xpco\allsolutions\..\cloudconnector\binaries\videoos.cloudconnector.vmsgatewaycommunicator.unittest\bin\debug\net6.0-windows\videoos.cloudconnector.vmsgatewaycommunicator.unittest.dll" id="dd04bf9e-385e-bc44-dcd4-3eeb73e0ac2c">
      <Execution id="df3acca5-3a7e-49a6-94ef-bed89450432a" />
      <TestMethod codeBase="D:\actions-runner\_work\XPCO\XPCO\AllSolutions\..\CloudConnector\Binaries\VideoOS.CloudConnector.VmsGatewayCommunicator.UnitTest\bin\Debug\net6.0-windows\VideoOS.CloudConnector.VmsGatewayCommunicator.UnitTest.dll" adapterTypeName="executor://mstestadapter/v2" className="VideoOS.CloudConnector.VmsGatewayCommunicator.UnitTest.VmsClientTest" name="Given_RequestToVmsAsHttpRequest_When_Sent_Then_AnHttpRequestMessageIsSent" />
    </UnitTest>
    <UnitTest name="ProcessCommandAsync_ShoudReturnError_WhenClientThrows" storage="d:\actions-runner\_work\xpco\xpco\allsolutions\..\cloudconnector\binaries\videoos.cloudconnector.vmsgatewaycommunicator.unittest\bin\debug\net6.0-windows\videoos.cloudconnector.vmsgatewaycommunicator.unittest.dll" id="13a4ff0f-35a3-c179-40b3-5a5c363cfb21">
      <Execution id="13cdac1f-b9b7-42ec-b8ab-fca926270a14" />
      <TestMethod codeBase="D:\actions-runner\_work\XPCO\XPCO\AllSolutions\..\CloudConnector\Binaries\VideoOS.CloudConnector.VmsGatewayCommunicator.UnitTest\bin\Debug\net6.0-windows\VideoOS.CloudConnector.VmsGatewayCommunicator.UnitTest.dll" adapterTypeName="executor://mstestadapter/v2" className="VideoOS.CloudConnector.VmsGatewayCommunicator.UnitTest.CommandProcessors.AddSubscriptionCommandProcessorTest" name="ProcessCommandAsync_ShoudReturnError_WhenClientThrows" />
    </UnitTest>
    <UnitTest name="Given_RequestToVmsAsHttpRequest_When_Sent_Then_TheContentOfTheHttpRequestMessageIsSent" storage="d:\actions-runner\_work\xpco\xpco\allsolutions\..\cloudconnector\binaries\videoos.cloudconnector.vmsgatewaycommunicator.unittest\bin\debug\net6.0-windows\videoos.cloudconnector.vmsgatewaycommunicator.unittest.dll" id="53875170-a418-d541-06da-45c5b6c0049b">
      <Execution id="394074d1-4599-4519-91d8-3b464b378db3" />
      <TestMethod codeBase="D:\actions-runner\_work\XPCO\XPCO\AllSolutions\..\CloudConnector\Binaries\VideoOS.CloudConnector.VmsGatewayCommunicator.UnitTest\bin\Debug\net6.0-windows\VideoOS.CloudConnector.VmsGatewayCommunicator.UnitTest.dll" adapterTypeName="executor://mstestadapter/v2" className="VideoOS.CloudConnector.VmsGatewayCommunicator.UnitTest.VmsClientTest" name="Given_RequestToVmsAsHttpRequest_When_Sent_Then_TheContentOfTheHttpRequestMessageIsSent" />
    </UnitTest>
    <UnitTest name="ProcessCommandAsync_ShoudReturnSuccessAndSubscriptionId_WhenClientSucceeds" storage="d:\actions-runner\_work\xpco\xpco\allsolutions\..\cloudconnector\binaries\videoos.cloudconnector.vmsgatewaycommunicator.unittest\bin\debug\net6.0-windows\videoos.cloudconnector.vmsgatewaycommunicator.unittest.dll" id="927b7a17-da95-af02-8b1a-cee97f74089e">
      <Execution id="33231d49-74f3-46b4-afd9-6434f56aafaa" />
      <TestMethod codeBase="D:\actions-runner\_work\XPCO\XPCO\AllSolutions\..\CloudConnector\Binaries\VideoOS.CloudConnector.VmsGatewayCommunicator.UnitTest\bin\Debug\net6.0-windows\VideoOS.CloudConnector.VmsGatewayCommunicator.UnitTest.dll" adapterTypeName="executor://mstestadapter/v2" className="VideoOS.CloudConnector.VmsGatewayCommunicator.UnitTest.CommandProcessors.AddSubscriptionCommandProcessorTest" name="ProcessCommandAsync_ShoudReturnSuccessAndSubscriptionId_WhenClientSucceeds" />
    </UnitTest>
    <UnitTest name="AuthorizeRequestAsync_ShouldAddNewHeaderToRequest_WhenRefreshTokenSuccess" storage="d:\actions-runner\_work\xpco\xpco\allsolutions\..\cloudconnector\binaries\videoos.cloudconnector.vmsgatewaycommunicator.unittest\bin\debug\net6.0-windows\videoos.cloudconnector.vmsgatewaycommunicator.unittest.dll" id="5e7b9b74-f3c3-c6c3-0680-68e7cd934e4b">
      <Execution id="a43523ff-c99f-4dc0-a1c2-ca728712fe6a" />
      <TestMethod codeBase="D:\actions-runner\_work\XPCO\XPCO\AllSolutions\..\CloudConnector\Binaries\VideoOS.CloudConnector.VmsGatewayCommunicator.UnitTest\bin\Debug\net6.0-windows\VideoOS.CloudConnector.VmsGatewayCommunicator.UnitTest.dll" adapterTypeName="executor://mstestadapter/v2" className="VideoOS.CloudConnector.VmsGatewayCommunicator.UnitTest.VmsMessageAuthenticatorTests" name="AuthorizeRequestAsync_ShouldAddNewHeaderToRequest_WhenRefreshTokenSuccess" />
    </UnitTest>
    <UnitTest name="Given_RequestIsSent_When_UnauthorizedResponseIsReceivedInHtmlFormat_Then_AProperResponseFromVmsAsHttpResponseIsReturned (application/json,Incorrect username or password was specified)" storage="d:\actions-runner\_work\xpco\xpco\allsolutions\..\cloudconnector\binaries\videoos.cloudconnector.vmsgatewaycommunicator.unittest\bin\debug\net6.0-windows\videoos.cloudconnector.vmsgatewaycommunicator.unittest.dll" id="b6b906da-ecb0-3b53-ef37-a76433e33141">
      <Execution id="ff7f8b9f-2189-479c-85bb-1c6c116cf2ce" />
      <TestMethod codeBase="D:\actions-runner\_work\XPCO\XPCO\AllSolutions\..\CloudConnector\Binaries\VideoOS.CloudConnector.VmsGatewayCommunicator.UnitTest\bin\Debug\net6.0-windows\VideoOS.CloudConnector.VmsGatewayCommunicator.UnitTest.dll" adapterTypeName="executor://mstestadapter/v2" className="VideoOS.CloudConnector.VmsGatewayCommunicator.UnitTest.VmsClientTest" name="Given_RequestIsSent_When_UnauthorizedResponseIsReceivedInHtmlFormat_Then_AProperResponseFromVmsAsHttpResponseIsReturned" />
    </UnitTest>
    <UnitTest name="RemoveSubscriptionAsync_ShouldThrow_WhenSessionIsNotOnline" storage="d:\actions-runner\_work\xpco\xpco\allsolutions\..\cloudconnector\binaries\videoos.cloudconnector.vmsgatewaycommunicator.unittest\bin\debug\net6.0-windows\videoos.cloudconnector.vmsgatewaycommunicator.unittest.dll" id="8acc8c92-3f02-e3e8-b05a-d6e57351e9cd">
      <Execution id="43611208-128c-41f8-a131-036f1f784835" />
      <TestMethod codeBase="D:\actions-runner\_work\XPCO\XPCO\AllSolutions\..\CloudConnector\Binaries\VideoOS.CloudConnector.VmsGatewayCommunicator.UnitTest\bin\Debug\net6.0-windows\VideoOS.CloudConnector.VmsGatewayCommunicator.UnitTest.dll" adapterTypeName="executor://mstestadapter/v2" className="VideoOS.CloudConnector.VmsGatewayCommunicator.UnitTest.EssClientTest" name="RemoveSubscriptionAsync_ShouldThrow_WhenSessionIsNotOnline" />
    </UnitTest>
    <UnitTest name="ProcessMessageAsync_ShoudThrowMessageProcessingException_NoCommandProcessorAcceptsMessage" storage="d:\actions-runner\_work\xpco\xpco\allsolutions\..\cloudconnector\binaries\videoos.cloudconnector.vmsgatewaycommunicator.unittest\bin\debug\net6.0-windows\videoos.cloudconnector.vmsgatewaycommunicator.unittest.dll" id="1e4cb510-e811-129b-df49-fa5bf77912b1">
      <Execution id="7b8cee9f-c719-4ec8-b652-a62bcabc2c65" />
      <TestMethod codeBase="D:\actions-runner\_work\XPCO\XPCO\AllSolutions\..\CloudConnector\Binaries\VideoOS.CloudConnector.VmsGatewayCommunicator.UnitTest\bin\Debug\net6.0-windows\VideoOS.CloudConnector.VmsGatewayCommunicator.UnitTest.dll" adapterTypeName="executor://mstestadapter/v2" className="VideoOS.CloudConnector.VmsGatewayCommunicator.UnitTest.MessageProccesorTest" name="ProcessMessageAsync_ShoudThrowMessageProcessingException_NoCommandProcessorAcceptsMessage" />
    </UnitTest>
    <UnitTest name="RunAsync_ShouldExit_WhenCancellationTokenIsReceived" storage="d:\actions-runner\_work\xpco\xpco\allsolutions\..\cloudconnector\binaries\videoos.cloudconnector.vmsgatewaycommunicator.unittest\bin\debug\net6.0-windows\videoos.cloudconnector.vmsgatewaycommunicator.unittest.dll" id="77eb214e-e131-2aba-9b6b-8217504dd48e">
      <Execution id="669de532-8b9a-45e0-a945-2331197c278a" />
      <TestMethod codeBase="D:\actions-runner\_work\XPCO\XPCO\AllSolutions\..\CloudConnector\Binaries\VideoOS.CloudConnector.VmsGatewayCommunicator.UnitTest\bin\Debug\net6.0-windows\VideoOS.CloudConnector.VmsGatewayCommunicator.UnitTest.dll" adapterTypeName="executor://mstestadapter/v2" className="VideoOS.CloudConnector.VmsGatewayCommunicator.UnitTest.EssClientTest" name="RunAsync_ShouldExit_WhenCancellationTokenIsReceived" />
    </UnitTest>
    <UnitTest name="RunAsync_ShouldThrowExecption_WhenFatalErrorInEssClientRunAsync" storage="d:\actions-runner\_work\xpco\xpco\allsolutions\..\cloudconnector\binaries\videoos.cloudconnector.vmsgatewaycommunicator.unittest\bin\debug\net6.0-windows\videoos.cloudconnector.vmsgatewaycommunicator.unittest.dll" id="43b8df3d-e410-716e-6168-72e11ef79d8b">
      <Execution id="14b8915d-4aec-44e7-bc86-18d75fbb6c17" />
      <TestMethod codeBase="D:\actions-runner\_work\XPCO\XPCO\AllSolutions\..\CloudConnector\Binaries\VideoOS.CloudConnector.VmsGatewayCommunicator.UnitTest\bin\Debug\net6.0-windows\VideoOS.CloudConnector.VmsGatewayCommunicator.UnitTest.dll" adapterTypeName="executor://mstestadapter/v2" className="VideoOS.CloudConnector.VmsGatewayCommunicator.UnitTest.VmsGatewayCommunicatorTest" name="RunAsync_ShouldThrowExecption_WhenFatalErrorInEssClientRunAsync" />
    </UnitTest>
    <UnitTest name="ProcessMessageAsync_ShoudUseCorrectProcessor_WhenMultipleCommandProcessorsAreGiven" storage="d:\actions-runner\_work\xpco\xpco\allsolutions\..\cloudconnector\binaries\videoos.cloudconnector.vmsgatewaycommunicator.unittest\bin\debug\net6.0-windows\videoos.cloudconnector.vmsgatewaycommunicator.unittest.dll" id="f81e43ba-e663-332b-621c-d17302ab997c">
      <Execution id="1cb599ed-88f1-4b72-81eb-3675618ba9cc" />
      <TestMethod codeBase="D:\actions-runner\_work\XPCO\XPCO\AllSolutions\..\CloudConnector\Binaries\VideoOS.CloudConnector.VmsGatewayCommunicator.UnitTest\bin\Debug\net6.0-windows\VideoOS.CloudConnector.VmsGatewayCommunicator.UnitTest.dll" adapterTypeName="executor://mstestadapter/v2" className="VideoOS.CloudConnector.VmsGatewayCommunicator.UnitTest.MessageProccesorTest" name="ProcessMessageAsync_ShoudUseCorrectProcessor_WhenMultipleCommandProcessorsAreGiven" />
    </UnitTest>
    <UnitTest name="AcceptsCommand_ShoudBeTrue_WhenCommandTypeIsCorrect" storage="d:\actions-runner\_work\xpco\xpco\allsolutions\..\cloudconnector\binaries\videoos.cloudconnector.vmsgatewaycommunicator.unittest\bin\debug\net6.0-windows\videoos.cloudconnector.vmsgatewaycommunicator.unittest.dll" id="4a7827b5-8a58-f73b-b305-84108386b301">
      <Execution id="b9e394e3-ce6e-41ed-89e2-21ded24a665c" />
      <TestMethod codeBase="D:\actions-runner\_work\XPCO\XPCO\AllSolutions\..\CloudConnector\Binaries\VideoOS.CloudConnector.VmsGatewayCommunicator.UnitTest\bin\Debug\net6.0-windows\VideoOS.CloudConnector.VmsGatewayCommunicator.UnitTest.dll" adapterTypeName="executor://mstestadapter/v2" className="VideoOS.CloudConnector.VmsGatewayCommunicator.UnitTest.CommandProcessors.AddSubscriptionCommandProcessorTest" name="AcceptsCommand_ShoudBeTrue_WhenCommandTypeIsCorrect" />
    </UnitTest>
    <UnitTest name="ProcessCommandAsync_ShoudReturnError_WhenCommandTypeIsCorrect_AndClientThrows" storage="d:\actions-runner\_work\xpco\xpco\allsolutions\..\cloudconnector\binaries\videoos.cloudconnector.vmsgatewaycommunicator.unittest\bin\debug\net6.0-windows\videoos.cloudconnector.vmsgatewaycommunicator.unittest.dll" id="40fdb1ca-7fde-0f51-1804-bce4ea088140">
      <Execution id="43ea2a6d-d999-4387-bc8c-863dfb7f6f33" />
      <TestMethod codeBase="D:\actions-runner\_work\XPCO\XPCO\AllSolutions\..\CloudConnector\Binaries\VideoOS.CloudConnector.VmsGatewayCommunicator.UnitTest\bin\Debug\net6.0-windows\VideoOS.CloudConnector.VmsGatewayCommunicator.UnitTest.dll" adapterTypeName="executor://mstestadapter/v2" className="VideoOS.CloudConnector.VmsGatewayCommunicator.UnitTest.CommandProcessors.GetStateCommandProcessorTest" name="ProcessCommandAsync_ShoudReturnError_WhenCommandTypeIsCorrect_AndClientThrows" />
    </UnitTest>
    <UnitTest name="Given_RequestIsSent_When_ResponseMessageReceived_Then_AProperResponseFromVmsAsHttpResponseIsReturned" storage="d:\actions-runner\_work\xpco\xpco\allsolutions\..\cloudconnector\binaries\videoos.cloudconnector.vmsgatewaycommunicator.unittest\bin\debug\net6.0-windows\videoos.cloudconnector.vmsgatewaycommunicator.unittest.dll" id="5f9282f2-48bf-e16c-124b-6c8f17f1b1b3">
      <Execution id="32d30ef4-2cbc-49a2-b4ed-f6e00aa3f33d" />
      <TestMethod codeBase="D:\actions-runner\_work\XPCO\XPCO\AllSolutions\..\CloudConnector\Binaries\VideoOS.CloudConnector.VmsGatewayCommunicator.UnitTest\bin\Debug\net6.0-windows\VideoOS.CloudConnector.VmsGatewayCommunicator.UnitTest.dll" adapterTypeName="executor://mstestadapter/v2" className="VideoOS.CloudConnector.VmsGatewayCommunicator.UnitTest.VmsClientTest" name="Given_RequestIsSent_When_ResponseMessageReceived_Then_AProperResponseFromVmsAsHttpResponseIsReturned" />
    </UnitTest>
    <UnitTest name="AcceptsCommand_ShoudBeFalse_WhenCommandTypeIsWrong" storage="d:\actions-runner\_work\xpco\xpco\allsolutions\..\cloudconnector\binaries\videoos.cloudconnector.vmsgatewaycommunicator.unittest\bin\debug\net6.0-windows\videoos.cloudconnector.vmsgatewaycommunicator.unittest.dll" id="1a7c0fd2-9165-4900-3557-6324c2ac1d58">
      <Execution id="1ec5a076-2dc9-4944-a267-3a04a6013ee4" />
      <TestMethod codeBase="D:\actions-runner\_work\XPCO\XPCO\AllSolutions\..\CloudConnector\Binaries\VideoOS.CloudConnector.VmsGatewayCommunicator.UnitTest\bin\Debug\net6.0-windows\VideoOS.CloudConnector.VmsGatewayCommunicator.UnitTest.dll" adapterTypeName="executor://mstestadapter/v2" className="VideoOS.CloudConnector.VmsGatewayCommunicator.UnitTest.CommandProcessors.RemoveSubscriptionCommandProcessorTest" name="AcceptsCommand_ShoudBeFalse_WhenCommandTypeIsWrong" />
    </UnitTest>
    <UnitTest name="RunAsync_ShouldExit_WhenCancellationTokenIsReceivedDuringTokenHandlerStart" storage="d:\actions-runner\_work\xpco\xpco\allsolutions\..\cloudconnector\binaries\videoos.cloudconnector.vmsgatewaycommunicator.unittest\bin\debug\net6.0-windows\videoos.cloudconnector.vmsgatewaycommunicator.unittest.dll" id="88d46b07-3a7e-fedb-484c-5e8e5cdbf82d">
      <Execution id="de472883-ee3f-40f3-abfb-89c871cde687" />
      <TestMethod codeBase="D:\actions-runner\_work\XPCO\XPCO\AllSolutions\..\CloudConnector\Binaries\VideoOS.CloudConnector.VmsGatewayCommunicator.UnitTest\bin\Debug\net6.0-windows\VideoOS.CloudConnector.VmsGatewayCommunicator.UnitTest.dll" adapterTypeName="executor://mstestadapter/v2" className="VideoOS.CloudConnector.VmsGatewayCommunicator.UnitTest.VmsGatewayCommunicatorTest" name="RunAsync_ShouldExit_WhenCancellationTokenIsReceivedDuringTokenHandlerStart" />
    </UnitTest>
    <UnitTest name="AcceptsCommand_ShoudBeFalse_WhenCommandTypeIsWrong" storage="d:\actions-runner\_work\xpco\xpco\allsolutions\..\cloudconnector\binaries\videoos.cloudconnector.vmsgatewaycommunicator.unittest\bin\debug\net6.0-windows\videoos.cloudconnector.vmsgatewaycommunicator.unittest.dll" id="ea8e992b-dbc2-9ff4-613e-597a07fbd655">
      <Execution id="4178b250-0288-4a9b-a8f6-b9eaff770a6f" />
      <TestMethod codeBase="D:\actions-runner\_work\XPCO\XPCO\AllSolutions\..\CloudConnector\Binaries\VideoOS.CloudConnector.VmsGatewayCommunicator.UnitTest\bin\Debug\net6.0-windows\VideoOS.CloudConnector.VmsGatewayCommunicator.UnitTest.dll" adapterTypeName="executor://mstestadapter/v2" className="VideoOS.CloudConnector.VmsGatewayCommunicator.UnitTest.CommandProcessors.AddSubscriptionCommandProcessorTest" name="AcceptsCommand_ShoudBeFalse_WhenCommandTypeIsWrong" />
    </UnitTest>
    <UnitTest name="Start_ShouldNotHandleException_WhenCreateTokenchenCasheFails" storage="d:\actions-runner\_work\xpco\xpco\allsolutions\..\cloudconnector\binaries\videoos.cloudconnector.vmsgatewaycommunicator.unittest\bin\debug\net6.0-windows\videoos.cloudconnector.vmsgatewaycommunicator.unittest.dll" id="58611439-4eed-f271-942d-7637305b9c01">
      <Execution id="7b601194-4c77-4d3a-a1df-452d02864364" />
      <TestMethod codeBase="D:\actions-runner\_work\XPCO\XPCO\AllSolutions\..\CloudConnector\Binaries\VideoOS.CloudConnector.VmsGatewayCommunicator.UnitTest\bin\Debug\net6.0-windows\VideoOS.CloudConnector.VmsGatewayCommunicator.UnitTest.dll" adapterTypeName="executor://mstestadapter/v2" className="VideoOS.CloudConnector.VmsGatewayCommunicator.UnitTest.TokenHandlerTests" name="Start_ShouldNotHandleException_WhenCreateTokenchenCasheFails" />
    </UnitTest>
    <UnitTest name="Given_RequestToVmsAsHttpRequest_When_Sent_Then_AnAuthorizationheaderIsAdded" storage="d:\actions-runner\_work\xpco\xpco\allsolutions\..\cloudconnector\binaries\videoos.cloudconnector.vmsgatewaycommunicator.unittest\bin\debug\net6.0-windows\videoos.cloudconnector.vmsgatewaycommunicator.unittest.dll" id="ab20a201-1a6b-9773-1d63-8b4f58d61d44">
      <Execution id="f59a188a-2318-4993-857d-75739c8ce765" />
      <TestMethod codeBase="D:\actions-runner\_work\XPCO\XPCO\AllSolutions\..\CloudConnector\Binaries\VideoOS.CloudConnector.VmsGatewayCommunicator.UnitTest\bin\Debug\net6.0-windows\VideoOS.CloudConnector.VmsGatewayCommunicator.UnitTest.dll" adapterTypeName="executor://mstestadapter/v2" className="VideoOS.CloudConnector.VmsGatewayCommunicator.UnitTest.VmsClientTest" name="Given_RequestToVmsAsHttpRequest_When_Sent_Then_AnAuthorizationheaderIsAdded" />
    </UnitTest>
    <UnitTest name="ProcessCommandAsync_ShoudReturnError_WhenClientThrows" storage="d:\actions-runner\_work\xpco\xpco\allsolutions\..\cloudconnector\binaries\videoos.cloudconnector.vmsgatewaycommunicator.unittest\bin\debug\net6.0-windows\videoos.cloudconnector.vmsgatewaycommunicator.unittest.dll" id="91967216-6765-7d59-30b2-6c8450a8ba37">
      <Execution id="71c9cc16-19da-4f25-9d67-ad8d12f64bac" />
      <TestMethod codeBase="D:\actions-runner\_work\XPCO\XPCO\AllSolutions\..\CloudConnector\Binaries\VideoOS.CloudConnector.VmsGatewayCommunicator.UnitTest\bin\Debug\net6.0-windows\VideoOS.CloudConnector.VmsGatewayCommunicator.UnitTest.dll" adapterTypeName="executor://mstestadapter/v2" className="VideoOS.CloudConnector.VmsGatewayCommunicator.UnitTest.CommandProcessors.RemoveSubscriptionCommandProcessorTest" name="ProcessCommandAsync_ShoudReturnError_WhenClientThrows" />
    </UnitTest>
    <UnitTest name="AcceptsCommand_ShoudBeTrue_WhenCommandTypeIsCorrect" storage="d:\actions-runner\_work\xpco\xpco\allsolutions\..\cloudconnector\binaries\videoos.cloudconnector.vmsgatewaycommunicator.unittest\bin\debug\net6.0-windows\videoos.cloudconnector.vmsgatewaycommunicator.unittest.dll" id="fd7dce95-5f22-ba36-2e4b-a54cb2de9e1b">
      <Execution id="6222fe47-3443-4646-a370-014022536181" />
      <TestMethod codeBase="D:\actions-runner\_work\XPCO\XPCO\AllSolutions\..\CloudConnector\Binaries\VideoOS.CloudConnector.VmsGatewayCommunicator.UnitTest\bin\Debug\net6.0-windows\VideoOS.CloudConnector.VmsGatewayCommunicator.UnitTest.dll" adapterTypeName="executor://mstestadapter/v2" className="VideoOS.CloudConnector.VmsGatewayCommunicator.UnitTest.CommandProcessors.RemoveSubscriptionCommandProcessorTest" name="AcceptsCommand_ShoudBeTrue_WhenCommandTypeIsCorrect" />
    </UnitTest>
    <UnitTest name="RunAsync_ShouldExit_WhenCancellationTokenIsReceived" storage="d:\actions-runner\_work\xpco\xpco\allsolutions\..\cloudconnector\binaries\videoos.cloudconnector.vmsgatewaycommunicator.unittest\bin\debug\net6.0-windows\videoos.cloudconnector.vmsgatewaycommunicator.unittest.dll" id="38e85025-2f3c-cf36-0c3b-2b292ba29451">
      <Execution id="e98299ec-8032-4ac4-a7de-d786f51177ea" />
      <TestMethod codeBase="D:\actions-runner\_work\XPCO\XPCO\AllSolutions\..\CloudConnector\Binaries\VideoOS.CloudConnector.VmsGatewayCommunicator.UnitTest\bin\Debug\net6.0-windows\VideoOS.CloudConnector.VmsGatewayCommunicator.UnitTest.dll" adapterTypeName="executor://mstestadapter/v2" className="VideoOS.CloudConnector.VmsGatewayCommunicator.UnitTest.VmsGatewayCommunicatorTest" name="RunAsync_ShouldExit_WhenCancellationTokenIsReceived" />
    </UnitTest>
    <UnitTest name="Deserialize_ShouldThrowMessageProcessingException_WhenGivenInvalidJson" storage="d:\actions-runner\_work\xpco\xpco\allsolutions\..\cloudconnector\binaries\videoos.cloudconnector.vmsgatewaycommunicator.unittest\bin\debug\net6.0-windows\videoos.cloudconnector.vmsgatewaycommunicator.unittest.dll" id="cb6ab9d5-c93b-48a6-1e4b-5a2dd1459ff8">
      <Execution id="d40f4384-d438-4e93-b524-052aaefc50a7" />
      <TestMethod codeBase="D:\actions-runner\_work\XPCO\XPCO\AllSolutions\..\CloudConnector\Binaries\VideoOS.CloudConnector.VmsGatewayCommunicator.UnitTest\bin\Debug\net6.0-windows\VideoOS.CloudConnector.VmsGatewayCommunicator.UnitTest.dll" adapterTypeName="executor://mstestadapter/v2" className="VideoOS.CloudConnector.VmsGatewayCommunicator.UnitTest.CommandProcessors.EventCommandSerializerTest" name="Deserialize_ShouldThrowMessageProcessingException_WhenGivenInvalidJson" />
    </UnitTest>
    <UnitTest name="ProcessCommandAsync_ShoudThrowInvalidOperationException_WhenCommandTypeIsWrong" storage="d:\actions-runner\_work\xpco\xpco\allsolutions\..\cloudconnector\binaries\videoos.cloudconnector.vmsgatewaycommunicator.unittest\bin\debug\net6.0-windows\videoos.cloudconnector.vmsgatewaycommunicator.unittest.dll" id="cacf39af-464e-fb07-a553-bef596bf60f6">
      <Execution id="4fc135f8-1e24-40bf-b132-7e3f6013a89d" />
      <TestMethod codeBase="D:\actions-runner\_work\XPCO\XPCO\AllSolutions\..\CloudConnector\Binaries\VideoOS.CloudConnector.VmsGatewayCommunicator.UnitTest\bin\Debug\net6.0-windows\VideoOS.CloudConnector.VmsGatewayCommunicator.UnitTest.dll" adapterTypeName="executor://mstestadapter/v2" className="VideoOS.CloudConnector.VmsGatewayCommunicator.UnitTest.CommandProcessors.RemoveSubscriptionCommandProcessorTest" name="ProcessCommandAsync_ShoudThrowInvalidOperationException_WhenCommandTypeIsWrong" />
    </UnitTest>
    <UnitTest name="ResolveAddressesAsync_ShouldLogApiGatewayAddressAndIdentityProviderAddress_WhenGetAsyncSucceed" storage="d:\actions-runner\_work\xpco\xpco\allsolutions\..\cloudconnector\binaries\videoos.cloudconnector.vmsgatewaycommunicator.unittest\bin\debug\net6.0-windows\videoos.cloudconnector.vmsgatewaycommunicator.unittest.dll" id="ee23d67e-6c5e-1d6a-45cf-d77f34f08f30">
      <Execution id="eb0ead72-2661-4be2-81dc-35bfb004fc8b" />
      <TestMethod codeBase="D:\actions-runner\_work\XPCO\XPCO\AllSolutions\..\CloudConnector\Binaries\VideoOS.CloudConnector.VmsGatewayCommunicator.UnitTest\bin\Debug\net6.0-windows\VideoOS.CloudConnector.VmsGatewayCommunicator.UnitTest.dll" adapterTypeName="executor://mstestadapter/v2" className="VideoOS.CloudConnector.VmsGatewayCommunicator.UnitTest.VmsAddressResolverTests" name="ResolveAddressesAsync_ShouldLogApiGatewayAddressAndIdentityProviderAddress_WhenGetAsyncSucceed" />
    </UnitTest>
    <UnitTest name="RunAsync_ShouldRetryToGetMangmentServerUrisAndLogExceptionOnceAndNotCallVmsClientStart_WhenTwoSameExceptionsAreThrown" storage="d:\actions-runner\_work\xpco\xpco\allsolutions\..\cloudconnector\binaries\videoos.cloudconnector.vmsgatewaycommunicator.unittest\bin\debug\net6.0-windows\videoos.cloudconnector.vmsgatewaycommunicator.unittest.dll" id="945b1d1a-1d46-ec1b-a72b-1a58345f0665">
      <Execution id="e35265e6-c640-47c5-b489-b9b5b604c783" />
      <TestMethod codeBase="D:\actions-runner\_work\XPCO\XPCO\AllSolutions\..\CloudConnector\Binaries\VideoOS.CloudConnector.VmsGatewayCommunicator.UnitTest\bin\Debug\net6.0-windows\VideoOS.CloudConnector.VmsGatewayCommunicator.UnitTest.dll" adapterTypeName="executor://mstestadapter/v2" className="VideoOS.CloudConnector.VmsGatewayCommunicator.UnitTest.VmsGatewayCommunicatorTest" name="RunAsync_ShouldRetryToGetMangmentServerUrisAndLogExceptionOnceAndNotCallVmsClientStart_WhenTwoSameExceptionsAreThrown" />
    </UnitTest>
    <UnitTest name="Serialize_ShoudReturnAddSubscriptionResponseJson_WhenGivenAddSubscriptionResponse" storage="d:\actions-runner\_work\xpco\xpco\allsolutions\..\cloudconnector\binaries\videoos.cloudconnector.vmsgatewaycommunicator.unittest\bin\debug\net6.0-windows\videoos.cloudconnector.vmsgatewaycommunicator.unittest.dll" id="8585b7dc-7244-3a96-6dc0-194ca07af193">
      <Execution id="f9a680de-afe7-413a-aea6-05c72d4012c5" />
      <TestMethod codeBase="D:\actions-runner\_work\XPCO\XPCO\AllSolutions\..\CloudConnector\Binaries\VideoOS.CloudConnector.VmsGatewayCommunicator.UnitTest\bin\Debug\net6.0-windows\VideoOS.CloudConnector.VmsGatewayCommunicator.UnitTest.dll" adapterTypeName="executor://mstestadapter/v2" className="VideoOS.CloudConnector.VmsGatewayCommunicator.UnitTest.CommandProcessors.EventCommandSerializerTest" name="Serialize_ShoudReturnAddSubscriptionResponseJson_WhenGivenAddSubscriptionResponse" />
    </UnitTest>
    <UnitTest name="RunAsync_ShouldRetryToStartTokenHandlerAndLogExceptionOnce_WhenTwoSameExceptionsAreTrown" storage="d:\actions-runner\_work\xpco\xpco\allsolutions\..\cloudconnector\binaries\videoos.cloudconnector.vmsgatewaycommunicator.unittest\bin\debug\net6.0-windows\videoos.cloudconnector.vmsgatewaycommunicator.unittest.dll" id="6c8fdd61-11e1-b48a-fbd8-c72461118a3f">
      <Execution id="258f17f1-257d-4372-ac4c-acbc17e7f22a" />
      <TestMethod codeBase="D:\actions-runner\_work\XPCO\XPCO\AllSolutions\..\CloudConnector\Binaries\VideoOS.CloudConnector.VmsGatewayCommunicator.UnitTest\bin\Debug\net6.0-windows\VideoOS.CloudConnector.VmsGatewayCommunicator.UnitTest.dll" adapterTypeName="executor://mstestadapter/v2" className="VideoOS.CloudConnector.VmsGatewayCommunicator.UnitTest.VmsGatewayCommunicatorTest" name="RunAsync_ShouldRetryToStartTokenHandlerAndLogExceptionOnce_WhenTwoSameExceptionsAreTrown" />
    </UnitTest>
    <UnitTest name="ProcessCommandAsync_ShoudReturnSuccessAndSubscriptionId_WhenClientSucceeds" storage="d:\actions-runner\_work\xpco\xpco\allsolutions\..\cloudconnector\binaries\videoos.cloudconnector.vmsgatewaycommunicator.unittest\bin\debug\net6.0-windows\videoos.cloudconnector.vmsgatewaycommunicator.unittest.dll" id="e3ffd559-52db-37ca-aa83-edb63bc08668">
      <Execution id="beffb289-4c05-4307-ac36-70d7ca307b1d" />
      <TestMethod codeBase="D:\actions-runner\_work\XPCO\XPCO\AllSolutions\..\CloudConnector\Binaries\VideoOS.CloudConnector.VmsGatewayCommunicator.UnitTest\bin\Debug\net6.0-windows\VideoOS.CloudConnector.VmsGatewayCommunicator.UnitTest.dll" adapterTypeName="executor://mstestadapter/v2" className="VideoOS.CloudConnector.VmsGatewayCommunicator.UnitTest.CommandProcessors.RemoveSubscriptionCommandProcessorTest" name="ProcessCommandAsync_ShoudReturnSuccessAndSubscriptionId_WhenClientSucceeds" />
    </UnitTest>
    <UnitTest name="AcceptsCommand_ShoudBeFalse_WhenCommandTypeIsWrong" storage="d:\actions-runner\_work\xpco\xpco\allsolutions\..\cloudconnector\binaries\videoos.cloudconnector.vmsgatewaycommunicator.unittest\bin\debug\net6.0-windows\videoos.cloudconnector.vmsgatewaycommunicator.unittest.dll" id="fd053fc9-613b-b024-4f90-4055fc170628">
      <Execution id="4ff7ae29-7862-485f-9a45-6fb09e269101" />
      <TestMethod codeBase="D:\actions-runner\_work\XPCO\XPCO\AllSolutions\..\CloudConnector\Binaries\VideoOS.CloudConnector.VmsGatewayCommunicator.UnitTest\bin\Debug\net6.0-windows\VideoOS.CloudConnector.VmsGatewayCommunicator.UnitTest.dll" adapterTypeName="executor://mstestadapter/v2" className="VideoOS.CloudConnector.VmsGatewayCommunicator.UnitTest.CommandProcessors.GetStateCommandProcessorTest" name="AcceptsCommand_ShoudBeFalse_WhenCommandTypeIsWrong" />
    </UnitTest>
    <UnitTest name="ProcessCommandAsync_ShoudReturnSuccess_WhenClientSucceeds" storage="d:\actions-runner\_work\xpco\xpco\allsolutions\..\cloudconnector\binaries\videoos.cloudconnector.vmsgatewaycommunicator.unittest\bin\debug\net6.0-windows\videoos.cloudconnector.vmsgatewaycommunicator.unittest.dll" id="a4d23e1f-9e34-9260-722c-fb7c514636a8">
      <Execution id="ed900e6f-d160-4935-bfdd-443595e09c94" />
      <TestMethod codeBase="D:\actions-runner\_work\XPCO\XPCO\AllSolutions\..\CloudConnector\Binaries\VideoOS.CloudConnector.VmsGatewayCommunicator.UnitTest\bin\Debug\net6.0-windows\VideoOS.CloudConnector.VmsGatewayCommunicator.UnitTest.dll" adapterTypeName="executor://mstestadapter/v2" className="VideoOS.CloudConnector.VmsGatewayCommunicator.UnitTest.CommandProcessors.GetStateCommandProcessorTest" name="ProcessCommandAsync_ShoudReturnSuccess_WhenClientSucceeds" />
    </UnitTest>
    <UnitTest name="Given_AdressesAreNotYetResolved_When_GetAddress_Then_AddressIsResolvedAndReturned" storage="d:\actions-runner\_work\xpco\xpco\allsolutions\..\cloudconnector\binaries\videoos.cloudconnector.vmsgatewaycommunicator.unittest\bin\debug\net6.0-windows\videoos.cloudconnector.vmsgatewaycommunicator.unittest.dll" id="7f0d91d6-cfc6-68cb-2b56-4279824abad8">
      <Execution id="8e8d1a64-2bef-4152-b8eb-e5cbab70f779" />
      <TestMethod codeBase="D:\actions-runner\_work\XPCO\XPCO\AllSolutions\..\CloudConnector\Binaries\VideoOS.CloudConnector.VmsGatewayCommunicator.UnitTest\bin\Debug\net6.0-windows\VideoOS.CloudConnector.VmsGatewayCommunicator.UnitTest.dll" adapterTypeName="executor://mstestadapter/v2" className="VideoOS.CloudConnector.VmsGatewayCommunicator.UnitTest.VmsAddressResolverTests" name="Given_AdressesAreNotYetResolved_When_GetAddress_Then_AddressIsResolvedAndReturned" />
    </UnitTest>
    <UnitTest name="Deserialize_ShouldThrowMessageProcessingException_WhenGivenInvalidFormatJson" storage="d:\actions-runner\_work\xpco\xpco\allsolutions\..\cloudconnector\binaries\videoos.cloudconnector.vmsgatewaycommunicator.unittest\bin\debug\net6.0-windows\videoos.cloudconnector.vmsgatewaycommunicator.unittest.dll" id="146c794a-8a7a-9ac5-4b07-da54993b6d43">
      <Execution id="b949d253-eb9c-4a96-9890-a8a213f31eef" />
      <TestMethod codeBase="D:\actions-runner\_work\XPCO\XPCO\AllSolutions\..\CloudConnector\Binaries\VideoOS.CloudConnector.VmsGatewayCommunicator.UnitTest\bin\Debug\net6.0-windows\VideoOS.CloudConnector.VmsGatewayCommunicator.UnitTest.dll" adapterTypeName="executor://mstestadapter/v2" className="VideoOS.CloudConnector.VmsGatewayCommunicator.UnitTest.CommandProcessors.EventCommandSerializerTest" name="Deserialize_ShouldThrowMessageProcessingException_WhenGivenInvalidFormatJson" />
    </UnitTest>
    <UnitTest name="Start_ShouldLogSucces_WhenTokenCasheIsCreatedSuccessfully" storage="d:\actions-runner\_work\xpco\xpco\allsolutions\..\cloudconnector\binaries\videoos.cloudconnector.vmsgatewaycommunicator.unittest\bin\debug\net6.0-windows\videoos.cloudconnector.vmsgatewaycommunicator.unittest.dll" id="fe8753b0-b4f9-b4d7-6ceb-e6a61f15a8d8">
      <Execution id="b7224c0c-6b4b-4d9b-a90d-68d24db8e5ef" />
      <TestMethod codeBase="D:\actions-runner\_work\XPCO\XPCO\AllSolutions\..\CloudConnector\Binaries\VideoOS.CloudConnector.VmsGatewayCommunicator.UnitTest\bin\Debug\net6.0-windows\VideoOS.CloudConnector.VmsGatewayCommunicator.UnitTest.dll" adapterTypeName="executor://mstestadapter/v2" className="VideoOS.CloudConnector.VmsGatewayCommunicator.UnitTest.TokenHandlerTests" name="Start_ShouldLogSucces_WhenTokenCasheIsCreatedSuccessfully" />
    </UnitTest>
  </TestDefinitions>
  <TestEntries>
    <TestEntry testId="5e7b9b74-f3c3-c6c3-0680-68e7cd934e4b" executionId="a43523ff-c99f-4dc0-a1c2-ca728712fe6a" testListId="8c84fa94-04c1-424b-9868-57a2d4851a1d" />
    <TestEntry testId="cacf39af-464e-fb07-a553-bef596bf60f6" executionId="4fc135f8-1e24-40bf-b132-7e3f6013a89d" testListId="8c84fa94-04c1-424b-9868-57a2d4851a1d" />
    <TestEntry testId="89dc4c45-407b-97a5-d45a-0c91ed495056" executionId="2882984b-7142-461a-afa0-fa27eba62c5a" testListId="8c84fa94-04c1-424b-9868-57a2d4851a1d" />
    <TestEntry testId="43b8df3d-e410-716e-6168-72e11ef79d8b" executionId="14b8915d-4aec-44e7-bc86-18d75fbb6c17" testListId="8c84fa94-04c1-424b-9868-57a2d4851a1d" />
    <TestEntry testId="4a7827b5-8a58-f73b-b305-84108386b301" executionId="b9e394e3-ce6e-41ed-89e2-21ded24a665c" testListId="8c84fa94-04c1-424b-9868-57a2d4851a1d" />
    <TestEntry testId="ee23d67e-6c5e-1d6a-45cf-d77f34f08f30" executionId="eb0ead72-2661-4be2-81dc-35bfb004fc8b" testListId="8c84fa94-04c1-424b-9868-57a2d4851a1d" />
    <TestEntry testId="f3553615-2f34-58ff-4306-a31fd2ab5e51" executionId="9797cb97-3c32-4611-8b19-71460de981e5" testListId="8c84fa94-04c1-424b-9868-57a2d4851a1d" />
    <TestEntry testId="f700b63b-3c47-84dc-50ae-ae8d7c14e5b7" executionId="1fd789bd-cd63-4e8c-9a71-8f3464c0cde8" testListId="8c84fa94-04c1-424b-9868-57a2d4851a1d" />
    <TestEntry testId="1a7c0fd2-9165-4900-3557-6324c2ac1d58" executionId="1ec5a076-2dc9-4944-a267-3a04a6013ee4" testListId="8c84fa94-04c1-424b-9868-57a2d4851a1d" />
    <TestEntry testId="48fab191-2c7d-3b26-01d7-c2f887d83449" executionId="93f23920-ed83-4c65-8472-a3b2e438f06f" testListId="8c84fa94-04c1-424b-9868-57a2d4851a1d" />
    <TestEntry testId="53875170-a418-d541-06da-45c5b6c0049b" executionId="394074d1-4599-4519-91d8-3b464b378db3" testListId="8c84fa94-04c1-424b-9868-57a2d4851a1d" />
    <TestEntry testId="de0660db-2e29-717c-2bf3-5efce23e7793" executionId="6849527d-43d7-42f8-adb5-7c7c56aedb2d" testListId="8c84fa94-04c1-424b-9868-57a2d4851a1d" />
    <TestEntry testId="64141e3a-944e-7e24-9586-a9d7ea36b5e5" executionId="aa23ce8a-c293-4144-84de-d5e373ddb885" testListId="8c84fa94-04c1-424b-9868-57a2d4851a1d" />
    <TestEntry testId="eb18e2dd-fced-e1ef-d3c5-380e364403ca" executionId="ea4ad3d8-fa38-48cf-9df6-ea1f9323fbd9" testListId="8c84fa94-04c1-424b-9868-57a2d4851a1d" />
    <TestEntry testId="92397220-5af0-7279-3009-d99842456db5" executionId="c489b195-a965-4957-9935-3929781d511b" testListId="8c84fa94-04c1-424b-9868-57a2d4851a1d" />
    <TestEntry testId="b8204e8d-1a3b-2454-7f39-417682ba261f" executionId="94e328ff-f449-4535-8bb5-4fa1e00740f8" testListId="8c84fa94-04c1-424b-9868-57a2d4851a1d" />
    <TestEntry testId="945b1d1a-1d46-ec1b-a72b-1a58345f0665" executionId="e35265e6-c640-47c5-b489-b9b5b604c783" testListId="8c84fa94-04c1-424b-9868-57a2d4851a1d" />
    <TestEntry testId="8acc8c92-3f02-e3e8-b05a-d6e57351e9cd" executionId="43611208-128c-41f8-a131-036f1f784835" testListId="8c84fa94-04c1-424b-9868-57a2d4851a1d" />
    <TestEntry testId="8585b7dc-7244-3a96-6dc0-194ca07af193" executionId="f9a680de-afe7-413a-aea6-05c72d4012c5" testListId="8c84fa94-04c1-424b-9868-57a2d4851a1d" />
    <TestEntry testId="68f6dd4e-90b6-56ff-bac4-f2b31b547e31" executionId="c1fad088-d0b5-4ec0-b92c-cb1f13839203" testListId="8c84fa94-04c1-424b-9868-57a2d4851a1d" />
    <TestEntry testId="a4d23e1f-9e34-9260-722c-fb7c514636a8" executionId="ed900e6f-d160-4935-bfdd-443595e09c94" testListId="8c84fa94-04c1-424b-9868-57a2d4851a1d" />
    <TestEntry testId="fe8753b0-b4f9-b4d7-6ceb-e6a61f15a8d8" executionId="b7224c0c-6b4b-4d9b-a90d-68d24db8e5ef" testListId="8c84fa94-04c1-424b-9868-57a2d4851a1d" />
    <TestEntry testId="6c8fdd61-11e1-b48a-fbd8-c72461118a3f" executionId="258f17f1-257d-4372-ac4c-acbc17e7f22a" testListId="8c84fa94-04c1-424b-9868-57a2d4851a1d" />
    <TestEntry testId="f81e43ba-e663-332b-621c-d17302ab997c" executionId="1cb599ed-88f1-4b72-81eb-3675618ba9cc" testListId="8c84fa94-04c1-424b-9868-57a2d4851a1d" />
    <TestEntry testId="88d46b07-3a7e-fedb-484c-5e8e5cdbf82d" executionId="de472883-ee3f-40f3-abfb-89c871cde687" testListId="8c84fa94-04c1-424b-9868-57a2d4851a1d" />
    <TestEntry testId="3f5fceb0-c5ba-929a-ea80-a6a6d30fae81" executionId="f6e979a2-9d58-460f-8b27-80e9b1ff4da1" testListId="8c84fa94-04c1-424b-9868-57a2d4851a1d" />
    <TestEntry testId="e3ffd559-52db-37ca-aa83-edb63bc08668" executionId="beffb289-4c05-4307-ac36-70d7ca307b1d" testListId="8c84fa94-04c1-424b-9868-57a2d4851a1d" />
    <TestEntry testId="0631a4a6-2e54-b918-a70e-dd4ab1883841" executionId="b0f8cc02-928c-410a-b600-0227b39b0a8c" testListId="8c84fa94-04c1-424b-9868-57a2d4851a1d" />
    <TestEntry testId="91967216-6765-7d59-30b2-6c8450a8ba37" executionId="71c9cc16-19da-4f25-9d67-ad8d12f64bac" testListId="8c84fa94-04c1-424b-9868-57a2d4851a1d" />
    <TestEntry testId="146c794a-8a7a-9ac5-4b07-da54993b6d43" executionId="b949d253-eb9c-4a96-9890-a8a213f31eef" testListId="8c84fa94-04c1-424b-9868-57a2d4851a1d" />
    <TestEntry testId="fd7dce95-5f22-ba36-2e4b-a54cb2de9e1b" executionId="6222fe47-3443-4646-a370-014022536181" testListId="8c84fa94-04c1-424b-9868-57a2d4851a1d" />
    <TestEntry testId="38e85025-2f3c-cf36-0c3b-2b292ba29451" executionId="e98299ec-8032-4ac4-a7de-d786f51177ea" testListId="8c84fa94-04c1-424b-9868-57a2d4851a1d" />
    <TestEntry testId="e945ffff-deba-86ac-7d1c-c6bf4c3ef71a" executionId="c8133a48-d6f9-44af-baa3-a34222ab57af" testListId="8c84fa94-04c1-424b-9868-57a2d4851a1d" />
    <TestEntry testId="c6bae9b8-6fe0-f391-4ccf-fda3dc1cccc4" executionId="55c8ad75-9e77-4533-a3e6-af92160a59fd" testListId="8c84fa94-04c1-424b-9868-57a2d4851a1d" />
    <TestEntry testId="927b7a17-da95-af02-8b1a-cee97f74089e" executionId="33231d49-74f3-46b4-afd9-6434f56aafaa" testListId="8c84fa94-04c1-424b-9868-57a2d4851a1d" />
    <TestEntry testId="9d1fb991-9d85-ad2b-3cb5-dcc74e387aab" executionId="18e2e95c-a954-43f7-be45-361cbda6d8e5" testListId="8c84fa94-04c1-424b-9868-57a2d4851a1d" />
    <TestEntry testId="1ff7076e-5452-7636-e179-fe3fdb8b1b51" executionId="d0d91686-8138-4ab5-b26b-793d5619a3f4" testListId="8c84fa94-04c1-424b-9868-57a2d4851a1d" />
    <TestEntry testId="c1b872e3-c9f6-af45-1a88-f631374d9dfc" executionId="6922c9bc-af6e-4a33-9572-d4347292d74a" testListId="8c84fa94-04c1-424b-9868-57a2d4851a1d" />
    <TestEntry testId="ba3dcd4d-ec5e-091e-bd70-2b1edd3434f4" executionId="7994364b-27a7-4b61-ab5f-f99c3687b2c4" testListId="8c84fa94-04c1-424b-9868-57a2d4851a1d" />
    <TestEntry testId="1ff7076e-5452-7636-e179-fe3fdb8b1b51" executionId="75ca2f00-9b9c-4deb-be20-e04457f82df7" testListId="8c84fa94-04c1-424b-9868-57a2d4851a1d" />
    <TestEntry testId="ea8e992b-dbc2-9ff4-613e-597a07fbd655" executionId="4178b250-0288-4a9b-a8f6-b9eaff770a6f" testListId="8c84fa94-04c1-424b-9868-57a2d4851a1d" />
    <TestEntry testId="5f9282f2-48bf-e16c-124b-6c8f17f1b1b3" executionId="32d30ef4-2cbc-49a2-b4ed-f6e00aa3f33d" testListId="8c84fa94-04c1-424b-9868-57a2d4851a1d" />
    <TestEntry testId="77eb214e-e131-2aba-9b6b-8217504dd48e" executionId="669de532-8b9a-45e0-a945-2331197c278a" testListId="8c84fa94-04c1-424b-9868-57a2d4851a1d" />
    <TestEntry testId="ab20a201-1a6b-9773-1d63-8b4f58d61d44" executionId="f59a188a-2318-4993-857d-75739c8ce765" testListId="8c84fa94-04c1-424b-9868-57a2d4851a1d" />
    <TestEntry testId="cb6ab9d5-c93b-48a6-1e4b-5a2dd1459ff8" executionId="d40f4384-d438-4e93-b524-052aaefc50a7" testListId="8c84fa94-04c1-424b-9868-57a2d4851a1d" />
    <TestEntry testId="40fdb1ca-7fde-0f51-1804-bce4ea088140" executionId="43ea2a6d-d999-4387-bc8c-863dfb7f6f33" testListId="8c84fa94-04c1-424b-9868-57a2d4851a1d" />
    <TestEntry testId="dd04bf9e-385e-bc44-dcd4-3eeb73e0ac2c" executionId="df3acca5-3a7e-49a6-94ef-bed89450432a" testListId="8c84fa94-04c1-424b-9868-57a2d4851a1d" />
    <TestEntry testId="1ff7076e-5452-7636-e179-fe3fdb8b1b51" executionId="0573fa83-bc14-446b-907a-39e5bdb7abf5" testListId="8c84fa94-04c1-424b-9868-57a2d4851a1d" />
    <TestEntry testId="e6d7322e-b8f5-bafe-ce50-120a168242d3" executionId="0ee46e4e-f894-4e81-981d-04678183675c" testListId="8c84fa94-04c1-424b-9868-57a2d4851a1d" />
    <TestEntry testId="58611439-4eed-f271-942d-7637305b9c01" executionId="7b601194-4c77-4d3a-a1df-452d02864364" testListId="8c84fa94-04c1-424b-9868-57a2d4851a1d" />
    <TestEntry testId="b6b906da-ecb0-3b53-ef37-a76433e33141" executionId="ff7f8b9f-2189-479c-85bb-1c6c116cf2ce" testListId="8c84fa94-04c1-424b-9868-57a2d4851a1d" />
    <TestEntry testId="1e4cb510-e811-129b-df49-fa5bf77912b1" executionId="7b8cee9f-c719-4ec8-b652-a62bcabc2c65" testListId="8c84fa94-04c1-424b-9868-57a2d4851a1d" />
    <TestEntry testId="fd053fc9-613b-b024-4f90-4055fc170628" executionId="4ff7ae29-7862-485f-9a45-6fb09e269101" testListId="8c84fa94-04c1-424b-9868-57a2d4851a1d" />
    <TestEntry testId="7f0d91d6-cfc6-68cb-2b56-4279824abad8" executionId="8e8d1a64-2bef-4152-b8eb-e5cbab70f779" testListId="8c84fa94-04c1-424b-9868-57a2d4851a1d" />
    <TestEntry testId="13a4ff0f-35a3-c179-40b3-5a5c363cfb21" executionId="13cdac1f-b9b7-42ec-b8ab-fca926270a14" testListId="8c84fa94-04c1-424b-9868-57a2d4851a1d" />
  </TestEntries>
  <TestLists>
    <TestList name="Results Not in a List" id="8c84fa94-04c1-424b-9868-57a2d4851a1d" />
    <TestList name="All Loaded Results" id="19431567-8539-422a-85d7-44ee4e166bda" />
  </TestLists>
  <ResultSummary outcome="Completed">
    <Counters total="55" executed="55" passed="55" failed="0" error="0" timeout="0" aborted="0" inconclusive="0" passedButRunAborted="0" notRunnable="0" notExecuted="0" disconnected="0" warning="0" completed="0" inProgress="0" pending="0" />
  </ResultSummary>
</TestRun>