<?xml version="1.0" encoding="utf-8"?>
<TestRun id="8f696c5a-6acc-4b12-96d4-9372e9a26970" name="DKSR-EFI-04$@DKSR-EFI-04 2023-12-22 09:33:11" runUser="NT AUTHORITY\NETWORK SERVICE" xmlns="http://microsoft.com/schemas/VisualStudio/TeamTest/2010">
  <Times creation="2023-12-22T09:33:11.9905246+01:00" queuing="2023-12-22T09:33:11.9905246+01:00" start="2023-12-22T09:32:57.8810843+01:00" finish="2023-12-22T09:33:12.7092790+01:00" />
  <TestSettings name="default" id="8ac59b11-7267-42ee-88df-473320d447b3">
    <Deployment runDeploymentRoot="DKSR-EFI-04$_DKSR-EFI-04_2023-12-22_09_33_11" />
  </TestSettings>
  <Results>
    <UnitTestResult executionId="ef90dd7f-a744-4bcc-8d8f-9a8a27a28462" testId="bf5663e2-96fc-b02a-68fb-c3ca9cca605c" testName="WebServiceManagerBase_CallWithRetry_Retry_FaultException_NoRetry" computerName="DKSR-EFI-04" duration="00:00:00.0067286" startTime="2023-12-22T09:33:12.0143345+01:00" endTime="2023-12-22T09:33:12.0212925+01:00" testType="13cdc9d9-ddb5-4fa4-a97d-d965ccfc6d4b" outcome="Passed" testListId="8c84fa94-04c1-424b-9868-57a2d4851a1d" relativeResultsDirectory="ef90dd7f-a744-4bcc-8d8f-9a8a27a28462" />
    <UnitTestResult executionId="0780b295-3459-4c06-bb33-f3ba2ffb88e4" testId="fcd02a09-fc7b-8318-dd65-00fb25cec535" testName="WebServiceManagerBase_CallWithRetry_MethodAction_ArgumentNullException" computerName="DKSR-EFI-04" duration="00:00:00.0012506" startTime="2023-12-22T09:33:11.9355756+01:00" endTime="2023-12-22T09:33:11.9370135+01:00" testType="13cdc9d9-ddb5-4fa4-a97d-d965ccfc6d4b" outcome="Passed" testListId="8c84fa94-04c1-424b-9868-57a2d4851a1d" relativeResultsDirectory="0780b295-3459-4c06-bb33-f3ba2ffb88e4" />
    <UnitTestResult executionId="aae90633-d840-48f4-8e84-dc6d2588781d" testId="f0d93962-9ac2-80b2-3134-ca5f213e0035" testName="WebServiceManagerBase_ExceptionHandling_Overall_Handler" computerName="DKSR-EFI-04" duration="00:00:00.0043751" startTime="2023-12-22T09:33:12.0404687+01:00" endTime="2023-12-22T09:33:12.0450525+01:00" testType="13cdc9d9-ddb5-4fa4-a97d-d965ccfc6d4b" outcome="Passed" testListId="8c84fa94-04c1-424b-9868-57a2d4851a1d" relativeResultsDirectory="aae90633-d840-48f4-8e84-dc6d2588781d" />
    <UnitTestResult executionId="9a2490b9-791e-4e4a-900d-ddb18851d8e1" testId="ad2cd101-e9de-73f7-7dd1-9388cd5dbc7b" testName="WebServiceManagerBase_CallWithRetry_Retry_CommunicationException_Success" computerName="DKSR-EFI-04" duration="00:00:00.0084988" startTime="2023-12-22T09:33:12.0020866+01:00" endTime="2023-12-22T09:33:12.0107689+01:00" testType="13cdc9d9-ddb5-4fa4-a97d-d965ccfc6d4b" outcome="Passed" testListId="8c84fa94-04c1-424b-9868-57a2d4851a1d" relativeResultsDirectory="9a2490b9-791e-4e4a-900d-ddb18851d8e1" />
    <UnitTestResult executionId="e69fc5c2-a14f-4fa7-95fe-d103090c4f75" testId="71c8e0fc-fc04-4ed8-d612-1f1d50f9e5ef" testName="WebServiceManagerBase_CallWithRetry_Retry_SecurityNegotiationException_NoRetry" computerName="DKSR-EFI-04" duration="00:00:00.0018350" startTime="2023-12-22T09:33:12.0221052+01:00" endTime="2023-12-22T09:33:12.0241753+01:00" testType="13cdc9d9-ddb5-4fa4-a97d-d965ccfc6d4b" outcome="Passed" testListId="8c84fa94-04c1-424b-9868-57a2d4851a1d" relativeResultsDirectory="e69fc5c2-a14f-4fa7-95fe-d103090c4f75" />
    <UnitTestResult executionId="b18c7e30-d00e-4acc-badc-97e45c2253e1" testId="6b09f188-1d85-7471-47b5-8d443de27ab4" testName="WebServiceManagerBase_CallWithRetry_Retry_CommunicationExceptionWithInnerIdpException_NoRetry" computerName="DKSR-EFI-04" duration="00:00:00.0019676" startTime="2023-12-22T09:33:12.0375999+01:00" endTime="2023-12-22T09:33:12.0397498+01:00" testType="13cdc9d9-ddb5-4fa4-a97d-d965ccfc6d4b" outcome="Passed" testListId="8c84fa94-04c1-424b-9868-57a2d4851a1d" relativeResultsDirectory="b18c7e30-d00e-4acc-badc-97e45c2253e1" />
    <UnitTestResult executionId="564b3fd4-5b82-4425-97d3-cae8d1fd26ac" testId="1a633edc-caab-7ec3-e3d7-31517620e296" testName="ManagementServerWcfHelper_GetEndpointAddress_NonExistentServerAuth" computerName="DKSR-EFI-04" duration="00:00:00.0018288" startTime="2023-12-22T09:33:12.0587475+01:00" endTime="2023-12-22T09:33:12.0607079+01:00" testType="13cdc9d9-ddb5-4fa4-a97d-d965ccfc6d4b" outcome="Passed" testListId="8c84fa94-04c1-424b-9868-57a2d4851a1d" relativeResultsDirectory="564b3fd4-5b82-4425-97d3-cae8d1fd26ac" />
    <UnitTestResult executionId="e0b28cc0-1cb5-4d06-9714-eab0ca28b789" testId="661d4809-df56-de3b-70f4-9df0730c7f23" testName="ManagementServerWcfHelper_GetEndpointAddress_OAuthNonsecure" computerName="DKSR-EFI-04" duration="00:00:00.0001753" startTime="2023-12-22T09:33:12.0577793+01:00" endTime="2023-12-22T09:33:12.0580839+01:00" testType="13cdc9d9-ddb5-4fa4-a97d-d965ccfc6d4b" outcome="Passed" testListId="8c84fa94-04c1-424b-9868-57a2d4851a1d" relativeResultsDirectory="e0b28cc0-1cb5-4d06-9714-eab0ca28b789" />
    <UnitTestResult executionId="e78965b6-0f1d-4dd7-bfd6-4702afbb4a91" testId="27251ebd-a906-115f-e194-888fdeae78a0" testName="WebServiceManagerBase_ExceptionHandling_Manual_Handler" computerName="DKSR-EFI-04" duration="00:00:00.0019527" startTime="2023-12-22T09:33:12.0458752+01:00" endTime="2023-12-22T09:33:12.0482799+01:00" testType="13cdc9d9-ddb5-4fa4-a97d-d965ccfc6d4b" outcome="Passed" testListId="8c84fa94-04c1-424b-9868-57a2d4851a1d" relativeResultsDirectory="e78965b6-0f1d-4dd7-bfd6-4702afbb4a91" />
    <UnitTestResult executionId="aed0d09a-ef2d-4d0f-9753-3022904225dd" testId="7ad15d50-6b1a-5f37-ff81-15e62021567f" testName="WebServiceManagerBase_CallWithRetry_Retry_ObjectDisposedException_Success" computerName="DKSR-EFI-04" duration="00:00:00.0018122" startTime="2023-12-22T09:33:12.0115894+01:00" endTime="2023-12-22T09:33:12.0135983+01:00" testType="13cdc9d9-ddb5-4fa4-a97d-d965ccfc6d4b" outcome="Passed" testListId="8c84fa94-04c1-424b-9868-57a2d4851a1d" relativeResultsDirectory="aed0d09a-ef2d-4d0f-9753-3022904225dd" />
    <UnitTestResult executionId="a4c513fa-a542-41d7-a008-077395ac99d8" testId="e7662e93-d89a-b923-fa1f-10c2c67809ff" testName="SpnFactory_GetSpn_NotLocalhost" computerName="DKSR-EFI-04" duration="00:00:00.0002053" startTime="2023-12-22T09:33:12.0875968+01:00" endTime="2023-12-22T09:33:12.0879547+01:00" testType="13cdc9d9-ddb5-4fa4-a97d-d965ccfc6d4b" outcome="Passed" testListId="8c84fa94-04c1-424b-9868-57a2d4851a1d" relativeResultsDirectory="a4c513fa-a542-41d7-a008-077395ac99d8" />
    <UnitTestResult executionId="02bffddd-5e71-4dfc-b85a-528802ee94b4" testId="23a3d23e-4cc3-5c2c-b48f-a3e09a62fa8d" testName="ManagementServerWcfHelper_GetBinding_OAuthUnsecure" computerName="DKSR-EFI-04" duration="00:00:00.0009676" startTime="2023-12-22T09:33:12.0524493+01:00" endTime="2023-12-22T09:33:12.0536954+01:00" testType="13cdc9d9-ddb5-4fa4-a97d-d965ccfc6d4b" outcome="Passed" testListId="8c84fa94-04c1-424b-9868-57a2d4851a1d" relativeResultsDirectory="02bffddd-5e71-4dfc-b85a-528802ee94b4" />
    <UnitTestResult executionId="cba74911-832d-40b1-be63-e5ec3d54a4e5" testId="61bb9a23-0abb-174e-cc77-8c5cd220ceab" testName="WebServiceManagerBase_Constructor_Token_TokenNull" computerName="DKSR-EFI-04" duration="00:00:00.0017845" startTime="2023-12-22T09:33:11.5659337+01:00" endTime="2023-12-22T09:33:11.5679383+01:00" testType="13cdc9d9-ddb5-4fa4-a97d-d965ccfc6d4b" outcome="Passed" testListId="8c84fa94-04c1-424b-9868-57a2d4851a1d" relativeResultsDirectory="cba74911-832d-40b1-be63-e5ec3d54a4e5" />
    <UnitTestResult executionId="2a8c550b-7f25-4ba1-8747-fcdb340d1aec" testId="89c46a30-f165-8104-083a-52f425e60046" testName="ManagementServerUrlFactory_OauthEndpoint_CorrectScheme" computerName="DKSR-EFI-04" duration="00:00:00.0004908" startTime="2023-12-22T09:33:12.0511451+01:00" endTime="2023-12-22T09:33:12.0517803+01:00" testType="13cdc9d9-ddb5-4fa4-a97d-d965ccfc6d4b" outcome="Passed" testListId="8c84fa94-04c1-424b-9868-57a2d4851a1d" relativeResultsDirectory="2a8c550b-7f25-4ba1-8747-fcdb340d1aec" />
    <UnitTestResult executionId="4c85d542-b1a2-46d6-b3af-ac81298b901e" testId="214ab9f4-3721-4591-db50-390ba9b50adb" testName="ManagementServerWcfHelper_GetBinding_OAuthSecure" computerName="DKSR-EFI-04" duration="00:00:00.0002449" startTime="2023-12-22T09:33:12.0556987+01:00" endTime="2023-12-22T09:33:12.0560799+01:00" testType="13cdc9d9-ddb5-4fa4-a97d-d965ccfc6d4b" outcome="Passed" testListId="8c84fa94-04c1-424b-9868-57a2d4851a1d" relativeResultsDirectory="4c85d542-b1a2-46d6-b3af-ac81298b901e" />
    <UnitTestResult executionId="21b84e7f-95b1-47d9-b527-3a1e691f949f" testId="9585d6bc-56eb-698b-3a16-a729500d8a93" testName="ProxyClientFactory_CreateService_WithTokenCache" computerName="DKSR-EFI-04" duration="00:00:00.1139938" startTime="2023-12-22T09:33:12.1286768+01:00" endTime="2023-12-22T09:33:12.2442699+01:00" testType="13cdc9d9-ddb5-4fa4-a97d-d965ccfc6d4b" outcome="Passed" testListId="8c84fa94-04c1-424b-9868-57a2d4851a1d" relativeResultsDirectory="21b84e7f-95b1-47d9-b527-3a1e691f949f" />
    <UnitTestResult executionId="294e1189-b5d4-4952-b492-11267bfbeff2" testId="0e8a9888-78cb-f9ea-461d-ec1ac194c346" testName="WebServiceManagerBase_CallWithRetry_MethodFunction_ArgumentNullException" computerName="DKSR-EFI-04" duration="00:00:00.0017963" startTime="2023-12-22T09:33:11.9377225+01:00" endTime="2023-12-22T09:33:11.9396935+01:00" testType="13cdc9d9-ddb5-4fa4-a97d-d965ccfc6d4b" outcome="Passed" testListId="8c84fa94-04c1-424b-9868-57a2d4851a1d" relativeResultsDirectory="294e1189-b5d4-4952-b492-11267bfbeff2" />
    <UnitTestResult executionId="255e1c8f-f65d-4f74-882d-469568a8e10b" testId="65e32d54-a78a-06e7-0b2a-a7b33efa75c4" testName="WebServiceManagerBase_Constructor_Token_Unsecure" computerName="DKSR-EFI-04" duration="00:00:00.4664750" startTime="2023-12-22T09:33:11.0453059+01:00" endTime="2023-12-22T09:33:11.5459280+01:00" testType="13cdc9d9-ddb5-4fa4-a97d-d965ccfc6d4b" outcome="Passed" testListId="8c84fa94-04c1-424b-9868-57a2d4851a1d" relativeResultsDirectory="255e1c8f-f65d-4f74-882d-469568a8e10b" />
    <UnitTestResult executionId="d95275bd-661d-41c5-8654-43c0bea21474" testId="c457d864-609e-2fd7-6d20-d69d335734fa" testName="WebServiceManagerBase_CallWithRetry_MethodFunction_Success" computerName="DKSR-EFI-04" duration="00:00:00.0022610" startTime="2023-12-22T09:33:11.9988886+01:00" endTime="2023-12-22T09:33:12.0013479+01:00" testType="13cdc9d9-ddb5-4fa4-a97d-d965ccfc6d4b" outcome="Passed" testListId="8c84fa94-04c1-424b-9868-57a2d4851a1d" relativeResultsDirectory="d95275bd-661d-41c5-8654-43c0bea21474" />
    <UnitTestResult executionId="e9ba6acf-9621-4bc4-9bd1-c62e3ffa1a15" testId="c908d8e8-2438-04db-a0e0-67533ab91b11" testName="ManagementServerWcfHelper_GetEndpointAddress_OAuthSecure" computerName="DKSR-EFI-04" duration="00:00:00.0002008" startTime="2023-12-22T09:33:12.0567620+01:00" endTime="2023-12-22T09:33:12.0570835+01:00" testType="13cdc9d9-ddb5-4fa4-a97d-d965ccfc6d4b" outcome="Passed" testListId="8c84fa94-04c1-424b-9868-57a2d4851a1d" relativeResultsDirectory="e9ba6acf-9621-4bc4-9bd1-c62e3ffa1a15" />
    <UnitTestResult executionId="db307932-03e8-4f96-a7cb-b3d84bbb6711" testId="211f2ba6-9227-d868-4d19-f97687042449" testName="SpnFactory_GetSpn_Localhost" computerName="DKSR-EFI-04" duration="00:00:00.0068419" startTime="2023-12-22T09:33:12.0795478+01:00" endTime="2023-12-22T09:33:12.0866825+01:00" testType="13cdc9d9-ddb5-4fa4-a97d-d965ccfc6d4b" outcome="Passed" testListId="8c84fa94-04c1-424b-9868-57a2d4851a1d" relativeResultsDirectory="db307932-03e8-4f96-a7cb-b3d84bbb6711" />
    <UnitTestResult executionId="dc64e220-49b1-48f6-a29b-4e00e41a788c" testId="2063c2aa-16ab-ca7d-a163-864058f25498" testName="WebServiceManagerBase_Constructor_Token_Secure" computerName="DKSR-EFI-04" duration="00:00:00.0009611" startTime="2023-12-22T09:33:11.5634567+01:00" endTime="2023-12-22T09:33:11.5646499+01:00" testType="13cdc9d9-ddb5-4fa4-a97d-d965ccfc6d4b" outcome="Passed" testListId="8c84fa94-04c1-424b-9868-57a2d4851a1d" relativeResultsDirectory="dc64e220-49b1-48f6-a29b-4e00e41a788c" />
    <UnitTestResult executionId="3e6586fc-e5c2-416b-afd7-3ac221dcf542" testId="10da0836-323e-7559-1cec-599818240865" testName="WebServiceManagerBase_CallWithRetry_Retry_EndpointNotFoundException_Retry" computerName="DKSR-EFI-04" duration="00:00:00.0018983" startTime="2023-12-22T09:33:12.0317779+01:00" endTime="2023-12-22T09:33:12.0338422+01:00" testType="13cdc9d9-ddb5-4fa4-a97d-d965ccfc6d4b" outcome="Passed" testListId="8c84fa94-04c1-424b-9868-57a2d4851a1d" relativeResultsDirectory="3e6586fc-e5c2-416b-afd7-3ac221dcf542" />
    <UnitTestResult executionId="f75bd3f4-7af4-4a29-9ccb-bb2329d063aa" testId="b5986743-9922-08f5-fa11-aec8890e5849" testName="WebServiceManagerBase_CallWithRetry_MethodAction_Success" computerName="DKSR-EFI-04" duration="00:00:00.0573891" startTime="2023-12-22T09:33:11.9404240+01:00" endTime="2023-12-22T09:33:11.9980074+01:00" testType="13cdc9d9-ddb5-4fa4-a97d-d965ccfc6d4b" outcome="Passed" testListId="8c84fa94-04c1-424b-9868-57a2d4851a1d" relativeResultsDirectory="f75bd3f4-7af4-4a29-9ccb-bb2329d063aa" />
    <UnitTestResult executionId="11f2d68d-3662-4715-97e9-e29dfdae275a" testId="c83d7024-acd4-4618-c7c0-ce4b53f044cc" testName="Initialize_FactoryIsNull_FactoryIsSet" computerName="DKSR-EFI-04" duration="00:00:00.0391222" startTime="2023-12-22T09:33:12.0885393+01:00" endTime="2023-12-22T09:33:12.1279512+01:00" testType="13cdc9d9-ddb5-4fa4-a97d-d965ccfc6d4b" outcome="Passed" testListId="8c84fa94-04c1-424b-9868-57a2d4851a1d" relativeResultsDirectory="11f2d68d-3662-4715-97e9-e29dfdae275a" />
    <UnitTestResult executionId="9d199a16-e29d-4960-9546-38f262a3f83d" testId="f0a6b858-f8e7-5df8-f607-10274d56bfe9" testName="SpnFactory_GetSpn_ArgumentNullException" computerName="DKSR-EFI-04" duration="00:00:00.0071392" startTime="2023-12-22T09:33:12.0614358+01:00" endTime="2023-12-22T09:33:12.0689395+01:00" testType="13cdc9d9-ddb5-4fa4-a97d-d965ccfc6d4b" outcome="Passed" testListId="8c84fa94-04c1-424b-9868-57a2d4851a1d" relativeResultsDirectory="9d199a16-e29d-4960-9546-38f262a3f83d" />
    <UnitTestResult executionId="790f4628-d9a8-4112-8b43-9d4d7f4949d2" testId="3aa66891-0927-06ff-f572-32558746d1dd" testName="WebServiceManagerBase_Initialize_OAuthUnsecure" computerName="DKSR-EFI-04" duration="00:00:00.0010083" startTime="2023-12-22T09:33:11.9336956+01:00" endTime="2023-12-22T09:33:11.9349058+01:00" testType="13cdc9d9-ddb5-4fa4-a97d-d965ccfc6d4b" outcome="Passed" testListId="8c84fa94-04c1-424b-9868-57a2d4851a1d" relativeResultsDirectory="790f4628-d9a8-4112-8b43-9d4d7f4949d2" />
    <UnitTestResult executionId="7047bff0-4242-4e36-9c72-8763811b391f" testId="0d6c3018-8651-f775-1bcc-e2f4831219ea" testName="WebServiceManagerBase_CallWithRetry_Retry_MessageSecurityException_InnerIdp_NoRetry" computerName="DKSR-EFI-04" duration="00:00:00.0029131" startTime="2023-12-22T09:33:12.0277273+01:00" endTime="2023-12-22T09:33:12.0308906+01:00" testType="13cdc9d9-ddb5-4fa4-a97d-d965ccfc6d4b" outcome="Passed" testListId="8c84fa94-04c1-424b-9868-57a2d4851a1d" relativeResultsDirectory="7047bff0-4242-4e36-9c72-8763811b391f" />
    <UnitTestResult executionId="e51509f3-521d-4567-8381-2d8c1baf62a9" testId="f4743cca-e1c7-35b4-e90a-2c2c06210594" testName="WebServiceManagerBase_CallWithRetry_Retry_CommunicationExceptionWithInnerIdentityServerTokenException_NoRetry" computerName="DKSR-EFI-04" duration="00:00:00.0019405" startTime="2023-12-22T09:33:12.0346783+01:00" endTime="2023-12-22T09:33:12.0368333+01:00" testType="13cdc9d9-ddb5-4fa4-a97d-d965ccfc6d4b" outcome="Passed" testListId="8c84fa94-04c1-424b-9868-57a2d4851a1d" relativeResultsDirectory="e51509f3-521d-4567-8381-2d8c1baf62a9" />
    <UnitTestResult executionId="3b8f813e-cf26-439f-9e2e-8d9650f95074" testId="a5fb6c15-79c9-60c2-f754-b9ba01a4a6c3" testName="WebServiceManagerBase_Initialize_OAuthSecure" computerName="DKSR-EFI-04" duration="00:00:00.3264497" startTime="2023-12-22T09:33:11.5687034+01:00" endTime="2023-12-22T09:33:11.8953516+01:00" testType="13cdc9d9-ddb5-4fa4-a97d-d965ccfc6d4b" outcome="Passed" testListId="8c84fa94-04c1-424b-9868-57a2d4851a1d" relativeResultsDirectory="3b8f813e-cf26-439f-9e2e-8d9650f95074" />
    <UnitTestResult executionId="5e4fc11d-2844-4795-a858-40187437e302" testId="cbae54c5-2e94-b8bf-a5c5-3eb4c950edb5" testName="ManagementServerUrlFactory_LegacyEndpoint_CorrectScheme" computerName="DKSR-EFI-04" duration="00:00:00.0011077" startTime="2023-12-22T09:33:12.0490104+01:00" endTime="2023-12-22T09:33:12.0504085+01:00" testType="13cdc9d9-ddb5-4fa4-a97d-d965ccfc6d4b" outcome="Passed" testListId="8c84fa94-04c1-424b-9868-57a2d4851a1d" relativeResultsDirectory="5e4fc11d-2844-4795-a858-40187437e302" />
  </Results>
  <TestDefinitions>
    <UnitTest name="WebServiceManagerBase_ExceptionHandling_Overall_Handler" storage="d:\actions-runner\_work\xpco\xpco\allsolutions\..\common\videoos.webservice.common\tst\videoos.webservice.common.unittests\bin\debug\net6.0-windows\videoos.webservice.common.unittests.dll" id="f0d93962-9ac2-80b2-3134-ca5f213e0035">
      <Execution id="aae90633-d840-48f4-8e84-dc6d2588781d" />
      <TestMethod codeBase="D:\actions-runner\_work\XPCO\XPCO\AllSolutions\..\Common\VideoOS.Webservice.Common\tst\VideoOS.WebService.Common.UnitTests\bin\Debug\net6.0-windows\VideoOS.WebService.Common.UnitTests.dll" adapterTypeName="executor://mstestadapter/v2" className="VideoOS.WebService.Common.UnitTests.WebServiceManagerBaseTest" name="WebServiceManagerBase_ExceptionHandling_Overall_Handler" />
    </UnitTest>
    <UnitTest name="WebServiceManagerBase_CallWithRetry_MethodAction_Success" storage="d:\actions-runner\_work\xpco\xpco\allsolutions\..\common\videoos.webservice.common\tst\videoos.webservice.common.unittests\bin\debug\net6.0-windows\videoos.webservice.common.unittests.dll" id="b5986743-9922-08f5-fa11-aec8890e5849">
      <Execution id="f75bd3f4-7af4-4a29-9ccb-bb2329d063aa" />
      <TestMethod codeBase="D:\actions-runner\_work\XPCO\XPCO\AllSolutions\..\Common\VideoOS.Webservice.Common\tst\VideoOS.WebService.Common.UnitTests\bin\Debug\net6.0-windows\VideoOS.WebService.Common.UnitTests.dll" adapterTypeName="executor://mstestadapter/v2" className="VideoOS.WebService.Common.UnitTests.WebServiceManagerBaseTest" name="WebServiceManagerBase_CallWithRetry_MethodAction_Success" />
    </UnitTest>
    <UnitTest name="WebServiceManagerBase_Constructor_Token_Unsecure" storage="d:\actions-runner\_work\xpco\xpco\allsolutions\..\common\videoos.webservice.common\tst\videoos.webservice.common.unittests\bin\debug\net6.0-windows\videoos.webservice.common.unittests.dll" id="65e32d54-a78a-06e7-0b2a-a7b33efa75c4">
      <Execution id="255e1c8f-f65d-4f74-882d-469568a8e10b" />
      <TestMethod codeBase="D:\actions-runner\_work\XPCO\XPCO\AllSolutions\..\Common\VideoOS.Webservice.Common\tst\VideoOS.WebService.Common.UnitTests\bin\Debug\net6.0-windows\VideoOS.WebService.Common.UnitTests.dll" adapterTypeName="executor://mstestadapter/v2" className="VideoOS.WebService.Common.UnitTests.WebServiceManagerBaseTest" name="WebServiceManagerBase_Constructor_Token_Unsecure" />
    </UnitTest>
    <UnitTest name="WebServiceManagerBase_CallWithRetry_Retry_FaultException_NoRetry" storage="d:\actions-runner\_work\xpco\xpco\allsolutions\..\common\videoos.webservice.common\tst\videoos.webservice.common.unittests\bin\debug\net6.0-windows\videoos.webservice.common.unittests.dll" id="bf5663e2-96fc-b02a-68fb-c3ca9cca605c">
      <Execution id="ef90dd7f-a744-4bcc-8d8f-9a8a27a28462" />
      <TestMethod codeBase="D:\actions-runner\_work\XPCO\XPCO\AllSolutions\..\Common\VideoOS.Webservice.Common\tst\VideoOS.WebService.Common.UnitTests\bin\Debug\net6.0-windows\VideoOS.WebService.Common.UnitTests.dll" adapterTypeName="executor://mstestadapter/v2" className="VideoOS.WebService.Common.UnitTests.WebServiceManagerBaseTest" name="WebServiceManagerBase_CallWithRetry_Retry_FaultException_NoRetry" />
    </UnitTest>
    <UnitTest name="WebServiceManagerBase_CallWithRetry_Retry_CommunicationExceptionWithInnerIdpException_NoRetry" storage="d:\actions-runner\_work\xpco\xpco\allsolutions\..\common\videoos.webservice.common\tst\videoos.webservice.common.unittests\bin\debug\net6.0-windows\videoos.webservice.common.unittests.dll" id="6b09f188-1d85-7471-47b5-8d443de27ab4">
      <Execution id="b18c7e30-d00e-4acc-badc-97e45c2253e1" />
      <TestMethod codeBase="D:\actions-runner\_work\XPCO\XPCO\AllSolutions\..\Common\VideoOS.Webservice.Common\tst\VideoOS.WebService.Common.UnitTests\bin\Debug\net6.0-windows\VideoOS.WebService.Common.UnitTests.dll" adapterTypeName="executor://mstestadapter/v2" className="VideoOS.WebService.Common.UnitTests.WebServiceManagerBaseTest" name="WebServiceManagerBase_CallWithRetry_Retry_CommunicationExceptionWithInnerIdpException_NoRetry" />
    </UnitTest>
    <UnitTest name="ManagementServerWcfHelper_GetEndpointAddress_OAuthSecure" storage="d:\actions-runner\_work\xpco\xpco\allsolutions\..\common\videoos.webservice.common\tst\videoos.webservice.common.unittests\bin\debug\net6.0-windows\videoos.webservice.common.unittests.dll" id="c908d8e8-2438-04db-a0e0-67533ab91b11">
      <Execution id="e9ba6acf-9621-4bc4-9bd1-c62e3ffa1a15" />
      <TestMethod codeBase="D:\actions-runner\_work\XPCO\XPCO\AllSolutions\..\Common\VideoOS.Webservice.Common\tst\VideoOS.WebService.Common.UnitTests\bin\Debug\net6.0-windows\VideoOS.WebService.Common.UnitTests.dll" adapterTypeName="executor://mstestadapter/v2" className="VideoOS.WebService.Common.UnitTests.Framework.ManagementServerWcfHelperTest" name="ManagementServerWcfHelper_GetEndpointAddress_OAuthSecure" />
    </UnitTest>
    <UnitTest name="WebServiceManagerBase_Constructor_Token_Secure" storage="d:\actions-runner\_work\xpco\xpco\allsolutions\..\common\videoos.webservice.common\tst\videoos.webservice.common.unittests\bin\debug\net6.0-windows\videoos.webservice.common.unittests.dll" id="2063c2aa-16ab-ca7d-a163-864058f25498">
      <Execution id="dc64e220-49b1-48f6-a29b-4e00e41a788c" />
      <TestMethod codeBase="D:\actions-runner\_work\XPCO\XPCO\AllSolutions\..\Common\VideoOS.Webservice.Common\tst\VideoOS.WebService.Common.UnitTests\bin\Debug\net6.0-windows\VideoOS.WebService.Common.UnitTests.dll" adapterTypeName="executor://mstestadapter/v2" className="VideoOS.WebService.Common.UnitTests.WebServiceManagerBaseTest" name="WebServiceManagerBase_Constructor_Token_Secure" />
    </UnitTest>
    <UnitTest name="ManagementServerWcfHelper_GetBinding_OAuthUnsecure" storage="d:\actions-runner\_work\xpco\xpco\allsolutions\..\common\videoos.webservice.common\tst\videoos.webservice.common.unittests\bin\debug\net6.0-windows\videoos.webservice.common.unittests.dll" id="23a3d23e-4cc3-5c2c-b48f-a3e09a62fa8d">
      <Execution id="02bffddd-5e71-4dfc-b85a-528802ee94b4" />
      <TestMethod codeBase="D:\actions-runner\_work\XPCO\XPCO\AllSolutions\..\Common\VideoOS.Webservice.Common\tst\VideoOS.WebService.Common.UnitTests\bin\Debug\net6.0-windows\VideoOS.WebService.Common.UnitTests.dll" adapterTypeName="executor://mstestadapter/v2" className="VideoOS.WebService.Common.UnitTests.Framework.ManagementServerWcfHelperTest" name="ManagementServerWcfHelper_GetBinding_OAuthUnsecure" />
    </UnitTest>
    <UnitTest name="WebServiceManagerBase_Constructor_Token_TokenNull" storage="d:\actions-runner\_work\xpco\xpco\allsolutions\..\common\videoos.webservice.common\tst\videoos.webservice.common.unittests\bin\debug\net6.0-windows\videoos.webservice.common.unittests.dll" id="61bb9a23-0abb-174e-cc77-8c5cd220ceab">
      <Execution id="cba74911-832d-40b1-be63-e5ec3d54a4e5" />
      <TestMethod codeBase="D:\actions-runner\_work\XPCO\XPCO\AllSolutions\..\Common\VideoOS.Webservice.Common\tst\VideoOS.WebService.Common.UnitTests\bin\Debug\net6.0-windows\VideoOS.WebService.Common.UnitTests.dll" adapterTypeName="executor://mstestadapter/v2" className="VideoOS.WebService.Common.UnitTests.WebServiceManagerBaseTest" name="WebServiceManagerBase_Constructor_Token_TokenNull" />
    </UnitTest>
    <UnitTest name="ManagementServerWcfHelper_GetEndpointAddress_OAuthNonsecure" storage="d:\actions-runner\_work\xpco\xpco\allsolutions\..\common\videoos.webservice.common\tst\videoos.webservice.common.unittests\bin\debug\net6.0-windows\videoos.webservice.common.unittests.dll" id="661d4809-df56-de3b-70f4-9df0730c7f23">
      <Execution id="e0b28cc0-1cb5-4d06-9714-eab0ca28b789" />
      <TestMethod codeBase="D:\actions-runner\_work\XPCO\XPCO\AllSolutions\..\Common\VideoOS.Webservice.Common\tst\VideoOS.WebService.Common.UnitTests\bin\Debug\net6.0-windows\VideoOS.WebService.Common.UnitTests.dll" adapterTypeName="executor://mstestadapter/v2" className="VideoOS.WebService.Common.UnitTests.Framework.ManagementServerWcfHelperTest" name="ManagementServerWcfHelper_GetEndpointAddress_OAuthNonsecure" />
    </UnitTest>
    <UnitTest name="WebServiceManagerBase_Initialize_OAuthSecure" storage="d:\actions-runner\_work\xpco\xpco\allsolutions\..\common\videoos.webservice.common\tst\videoos.webservice.common.unittests\bin\debug\net6.0-windows\videoos.webservice.common.unittests.dll" id="a5fb6c15-79c9-60c2-f754-b9ba01a4a6c3">
      <Execution id="3b8f813e-cf26-439f-9e2e-8d9650f95074" />
      <TestMethod codeBase="D:\actions-runner\_work\XPCO\XPCO\AllSolutions\..\Common\VideoOS.Webservice.Common\tst\VideoOS.WebService.Common.UnitTests\bin\Debug\net6.0-windows\VideoOS.WebService.Common.UnitTests.dll" adapterTypeName="executor://mstestadapter/v2" className="VideoOS.WebService.Common.UnitTests.WebServiceManagerBaseTest" name="WebServiceManagerBase_Initialize_OAuthSecure" />
    </UnitTest>
    <UnitTest name="ProxyClientFactory_CreateService_WithTokenCache" storage="d:\actions-runner\_work\xpco\xpco\allsolutions\..\common\videoos.webservice.common\tst\videoos.webservice.common.unittests\bin\debug\net6.0-windows\videoos.webservice.common.unittests.dll" id="9585d6bc-56eb-698b-3a16-a729500d8a93">
      <Execution id="21b84e7f-95b1-47d9-b527-3a1e691f949f" />
      <TestMethod codeBase="D:\actions-runner\_work\XPCO\XPCO\AllSolutions\..\Common\VideoOS.Webservice.Common\tst\VideoOS.WebService.Common.UnitTests\bin\Debug\net6.0-windows\VideoOS.WebService.Common.UnitTests.dll" adapterTypeName="executor://mstestadapter/v2" className="VideoOS.WebService.Common.UnitTests.Framework.ChannelFactory.ProxyClientFactoryTests" name="ProxyClientFactory_CreateService_WithTokenCache" />
    </UnitTest>
    <UnitTest name="WebServiceManagerBase_CallWithRetry_Retry_MessageSecurityException_InnerIdp_NoRetry" storage="d:\actions-runner\_work\xpco\xpco\allsolutions\..\common\videoos.webservice.common\tst\videoos.webservice.common.unittests\bin\debug\net6.0-windows\videoos.webservice.common.unittests.dll" id="0d6c3018-8651-f775-1bcc-e2f4831219ea">
      <Execution id="7047bff0-4242-4e36-9c72-8763811b391f" />
      <TestMethod codeBase="D:\actions-runner\_work\XPCO\XPCO\AllSolutions\..\Common\VideoOS.Webservice.Common\tst\VideoOS.WebService.Common.UnitTests\bin\Debug\net6.0-windows\VideoOS.WebService.Common.UnitTests.dll" adapterTypeName="executor://mstestadapter/v2" className="VideoOS.WebService.Common.UnitTests.WebServiceManagerBaseTest" name="WebServiceManagerBase_CallWithRetry_Retry_MessageSecurityException_InnerIdp_NoRetry" />
    </UnitTest>
    <UnitTest name="ManagementServerWcfHelper_GetEndpointAddress_NonExistentServerAuth" storage="d:\actions-runner\_work\xpco\xpco\allsolutions\..\common\videoos.webservice.common\tst\videoos.webservice.common.unittests\bin\debug\net6.0-windows\videoos.webservice.common.unittests.dll" id="1a633edc-caab-7ec3-e3d7-31517620e296">
      <Execution id="564b3fd4-5b82-4425-97d3-cae8d1fd26ac" />
      <TestMethod codeBase="D:\actions-runner\_work\XPCO\XPCO\AllSolutions\..\Common\VideoOS.Webservice.Common\tst\VideoOS.WebService.Common.UnitTests\bin\Debug\net6.0-windows\VideoOS.WebService.Common.UnitTests.dll" adapterTypeName="executor://mstestadapter/v2" className="VideoOS.WebService.Common.UnitTests.Framework.ManagementServerWcfHelperTest" name="ManagementServerWcfHelper_GetEndpointAddress_NonExistentServerAuth" />
    </UnitTest>
    <UnitTest name="WebServiceManagerBase_Initialize_OAuthUnsecure" storage="d:\actions-runner\_work\xpco\xpco\allsolutions\..\common\videoos.webservice.common\tst\videoos.webservice.common.unittests\bin\debug\net6.0-windows\videoos.webservice.common.unittests.dll" id="3aa66891-0927-06ff-f572-32558746d1dd">
      <Execution id="790f4628-d9a8-4112-8b43-9d4d7f4949d2" />
      <TestMethod codeBase="D:\actions-runner\_work\XPCO\XPCO\AllSolutions\..\Common\VideoOS.Webservice.Common\tst\VideoOS.WebService.Common.UnitTests\bin\Debug\net6.0-windows\VideoOS.WebService.Common.UnitTests.dll" adapterTypeName="executor://mstestadapter/v2" className="VideoOS.WebService.Common.UnitTests.WebServiceManagerBaseTest" name="WebServiceManagerBase_Initialize_OAuthUnsecure" />
    </UnitTest>
    <UnitTest name="SpnFactory_GetSpn_Localhost" storage="d:\actions-runner\_work\xpco\xpco\allsolutions\..\common\videoos.webservice.common\tst\videoos.webservice.common.unittests\bin\debug\net6.0-windows\videoos.webservice.common.unittests.dll" id="211f2ba6-9227-d868-4d19-f97687042449">
      <Execution id="db307932-03e8-4f96-a7cb-b3d84bbb6711" />
      <TestMethod codeBase="D:\actions-runner\_work\XPCO\XPCO\AllSolutions\..\Common\VideoOS.Webservice.Common\tst\VideoOS.WebService.Common.UnitTests\bin\Debug\net6.0-windows\VideoOS.WebService.Common.UnitTests.dll" adapterTypeName="executor://mstestadapter/v2" className="VideoOS.WebService.Common.UnitTests.Framework.SpnFactoryTests" name="SpnFactory_GetSpn_Localhost" />
    </UnitTest>
    <UnitTest name="WebServiceManagerBase_CallWithRetry_Retry_CommunicationExceptionWithInnerIdentityServerTokenException_NoRetry" storage="d:\actions-runner\_work\xpco\xpco\allsolutions\..\common\videoos.webservice.common\tst\videoos.webservice.common.unittests\bin\debug\net6.0-windows\videoos.webservice.common.unittests.dll" id="f4743cca-e1c7-35b4-e90a-2c2c06210594">
      <Execution id="e51509f3-521d-4567-8381-2d8c1baf62a9" />
      <TestMethod codeBase="D:\actions-runner\_work\XPCO\XPCO\AllSolutions\..\Common\VideoOS.Webservice.Common\tst\VideoOS.WebService.Common.UnitTests\bin\Debug\net6.0-windows\VideoOS.WebService.Common.UnitTests.dll" adapterTypeName="executor://mstestadapter/v2" className="VideoOS.WebService.Common.UnitTests.WebServiceManagerBaseTest" name="WebServiceManagerBase_CallWithRetry_Retry_CommunicationExceptionWithInnerIdentityServerTokenException_NoRetry" />
    </UnitTest>
    <UnitTest name="WebServiceManagerBase_CallWithRetry_MethodFunction_ArgumentNullException" storage="d:\actions-runner\_work\xpco\xpco\allsolutions\..\common\videoos.webservice.common\tst\videoos.webservice.common.unittests\bin\debug\net6.0-windows\videoos.webservice.common.unittests.dll" id="0e8a9888-78cb-f9ea-461d-ec1ac194c346">
      <Execution id="294e1189-b5d4-4952-b492-11267bfbeff2" />
      <TestMethod codeBase="D:\actions-runner\_work\XPCO\XPCO\AllSolutions\..\Common\VideoOS.Webservice.Common\tst\VideoOS.WebService.Common.UnitTests\bin\Debug\net6.0-windows\VideoOS.WebService.Common.UnitTests.dll" adapterTypeName="executor://mstestadapter/v2" className="VideoOS.WebService.Common.UnitTests.WebServiceManagerBaseTest" name="WebServiceManagerBase_CallWithRetry_MethodFunction_ArgumentNullException" />
    </UnitTest>
    <UnitTest name="WebServiceManagerBase_CallWithRetry_MethodAction_ArgumentNullException" storage="d:\actions-runner\_work\xpco\xpco\allsolutions\..\common\videoos.webservice.common\tst\videoos.webservice.common.unittests\bin\debug\net6.0-windows\videoos.webservice.common.unittests.dll" id="fcd02a09-fc7b-8318-dd65-00fb25cec535">
      <Execution id="0780b295-3459-4c06-bb33-f3ba2ffb88e4" />
      <TestMethod codeBase="D:\actions-runner\_work\XPCO\XPCO\AllSolutions\..\Common\VideoOS.Webservice.Common\tst\VideoOS.WebService.Common.UnitTests\bin\Debug\net6.0-windows\VideoOS.WebService.Common.UnitTests.dll" adapterTypeName="executor://mstestadapter/v2" className="VideoOS.WebService.Common.UnitTests.WebServiceManagerBaseTest" name="WebServiceManagerBase_CallWithRetry_MethodAction_ArgumentNullException" />
    </UnitTest>
    <UnitTest name="SpnFactory_GetSpn_ArgumentNullException" storage="d:\actions-runner\_work\xpco\xpco\allsolutions\..\common\videoos.webservice.common\tst\videoos.webservice.common.unittests\bin\debug\net6.0-windows\videoos.webservice.common.unittests.dll" id="f0a6b858-f8e7-5df8-f607-10274d56bfe9">
      <Execution id="9d199a16-e29d-4960-9546-38f262a3f83d" />
      <TestMethod codeBase="D:\actions-runner\_work\XPCO\XPCO\AllSolutions\..\Common\VideoOS.Webservice.Common\tst\VideoOS.WebService.Common.UnitTests\bin\Debug\net6.0-windows\VideoOS.WebService.Common.UnitTests.dll" adapterTypeName="executor://mstestadapter/v2" className="VideoOS.WebService.Common.UnitTests.Framework.SpnFactoryTests" name="SpnFactory_GetSpn_ArgumentNullException" />
    </UnitTest>
    <UnitTest name="WebServiceManagerBase_CallWithRetry_MethodFunction_Success" storage="d:\actions-runner\_work\xpco\xpco\allsolutions\..\common\videoos.webservice.common\tst\videoos.webservice.common.unittests\bin\debug\net6.0-windows\videoos.webservice.common.unittests.dll" id="c457d864-609e-2fd7-6d20-d69d335734fa">
      <Execution id="d95275bd-661d-41c5-8654-43c0bea21474" />
      <TestMethod codeBase="D:\actions-runner\_work\XPCO\XPCO\AllSolutions\..\Common\VideoOS.Webservice.Common\tst\VideoOS.WebService.Common.UnitTests\bin\Debug\net6.0-windows\VideoOS.WebService.Common.UnitTests.dll" adapterTypeName="executor://mstestadapter/v2" className="VideoOS.WebService.Common.UnitTests.WebServiceManagerBaseTest" name="WebServiceManagerBase_CallWithRetry_MethodFunction_Success" />
    </UnitTest>
    <UnitTest name="WebServiceManagerBase_CallWithRetry_Retry_CommunicationException_Success" storage="d:\actions-runner\_work\xpco\xpco\allsolutions\..\common\videoos.webservice.common\tst\videoos.webservice.common.unittests\bin\debug\net6.0-windows\videoos.webservice.common.unittests.dll" id="ad2cd101-e9de-73f7-7dd1-9388cd5dbc7b">
      <Execution id="9a2490b9-791e-4e4a-900d-ddb18851d8e1" />
      <TestMethod codeBase="D:\actions-runner\_work\XPCO\XPCO\AllSolutions\..\Common\VideoOS.Webservice.Common\tst\VideoOS.WebService.Common.UnitTests\bin\Debug\net6.0-windows\VideoOS.WebService.Common.UnitTests.dll" adapterTypeName="executor://mstestadapter/v2" className="VideoOS.WebService.Common.UnitTests.WebServiceManagerBaseTest" name="WebServiceManagerBase_CallWithRetry_Retry_CommunicationException_Success" />
    </UnitTest>
    <UnitTest name="ManagementServerWcfHelper_GetBinding_OAuthSecure" storage="d:\actions-runner\_work\xpco\xpco\allsolutions\..\common\videoos.webservice.common\tst\videoos.webservice.common.unittests\bin\debug\net6.0-windows\videoos.webservice.common.unittests.dll" id="214ab9f4-3721-4591-db50-390ba9b50adb">
      <Execution id="4c85d542-b1a2-46d6-b3af-ac81298b901e" />
      <TestMethod codeBase="D:\actions-runner\_work\XPCO\XPCO\AllSolutions\..\Common\VideoOS.Webservice.Common\tst\VideoOS.WebService.Common.UnitTests\bin\Debug\net6.0-windows\VideoOS.WebService.Common.UnitTests.dll" adapterTypeName="executor://mstestadapter/v2" className="VideoOS.WebService.Common.UnitTests.Framework.ManagementServerWcfHelperTest" name="ManagementServerWcfHelper_GetBinding_OAuthSecure" />
    </UnitTest>
    <UnitTest name="WebServiceManagerBase_CallWithRetry_Retry_ObjectDisposedException_Success" storage="d:\actions-runner\_work\xpco\xpco\allsolutions\..\common\videoos.webservice.common\tst\videoos.webservice.common.unittests\bin\debug\net6.0-windows\videoos.webservice.common.unittests.dll" id="7ad15d50-6b1a-5f37-ff81-15e62021567f">
      <Execution id="aed0d09a-ef2d-4d0f-9753-3022904225dd" />
      <TestMethod codeBase="D:\actions-runner\_work\XPCO\XPCO\AllSolutions\..\Common\VideoOS.Webservice.Common\tst\VideoOS.WebService.Common.UnitTests\bin\Debug\net6.0-windows\VideoOS.WebService.Common.UnitTests.dll" adapterTypeName="executor://mstestadapter/v2" className="VideoOS.WebService.Common.UnitTests.WebServiceManagerBaseTest" name="WebServiceManagerBase_CallWithRetry_Retry_ObjectDisposedException_Success" />
    </UnitTest>
    <UnitTest name="Initialize_FactoryIsNull_FactoryIsSet" storage="d:\actions-runner\_work\xpco\xpco\allsolutions\..\common\videoos.webservice.common\tst\videoos.webservice.common.unittests\bin\debug\net6.0-windows\videoos.webservice.common.unittests.dll" id="c83d7024-acd4-4618-c7c0-ce4b53f044cc">
      <Execution id="11f2d68d-3662-4715-97e9-e29dfdae275a" />
      <TestMethod codeBase="D:\actions-runner\_work\XPCO\XPCO\AllSolutions\..\Common\VideoOS.Webservice.Common\tst\VideoOS.WebService.Common.UnitTests\bin\Debug\net6.0-windows\VideoOS.WebService.Common.UnitTests.dll" adapterTypeName="executor://mstestadapter/v2" className="VideoOS.WebService.Common.UnitTests.Framework.ChannelFactory.ChannelFactoryManagerBaseTests" name="Initialize_FactoryIsNull_FactoryIsSet" />
    </UnitTest>
    <UnitTest name="ManagementServerUrlFactory_OauthEndpoint_CorrectScheme" storage="d:\actions-runner\_work\xpco\xpco\allsolutions\..\common\videoos.webservice.common\tst\videoos.webservice.common.unittests\bin\debug\net6.0-windows\videoos.webservice.common.unittests.dll" id="89c46a30-f165-8104-083a-52f425e60046">
      <Execution id="2a8c550b-7f25-4ba1-8747-fcdb340d1aec" />
      <TestMethod codeBase="D:\actions-runner\_work\XPCO\XPCO\AllSolutions\..\Common\VideoOS.Webservice.Common\tst\VideoOS.WebService.Common.UnitTests\bin\Debug\net6.0-windows\VideoOS.WebService.Common.UnitTests.dll" adapterTypeName="executor://mstestadapter/v2" className="VideoOS.WebService.Common.UnitTests.Framework.ManagementServerUrlFactoryTests" name="ManagementServerUrlFactory_OauthEndpoint_CorrectScheme" />
    </UnitTest>
    <UnitTest name="WebServiceManagerBase_CallWithRetry_Retry_SecurityNegotiationException_NoRetry" storage="d:\actions-runner\_work\xpco\xpco\allsolutions\..\common\videoos.webservice.common\tst\videoos.webservice.common.unittests\bin\debug\net6.0-windows\videoos.webservice.common.unittests.dll" id="71c8e0fc-fc04-4ed8-d612-1f1d50f9e5ef">
      <Execution id="e69fc5c2-a14f-4fa7-95fe-d103090c4f75" />
      <TestMethod codeBase="D:\actions-runner\_work\XPCO\XPCO\AllSolutions\..\Common\VideoOS.Webservice.Common\tst\VideoOS.WebService.Common.UnitTests\bin\Debug\net6.0-windows\VideoOS.WebService.Common.UnitTests.dll" adapterTypeName="executor://mstestadapter/v2" className="VideoOS.WebService.Common.UnitTests.WebServiceManagerBaseTest" name="WebServiceManagerBase_CallWithRetry_Retry_SecurityNegotiationException_NoRetry" />
    </UnitTest>
    <UnitTest name="WebServiceManagerBase_CallWithRetry_Retry_EndpointNotFoundException_Retry" storage="d:\actions-runner\_work\xpco\xpco\allsolutions\..\common\videoos.webservice.common\tst\videoos.webservice.common.unittests\bin\debug\net6.0-windows\videoos.webservice.common.unittests.dll" id="10da0836-323e-7559-1cec-599818240865">
      <Execution id="3e6586fc-e5c2-416b-afd7-3ac221dcf542" />
      <TestMethod codeBase="D:\actions-runner\_work\XPCO\XPCO\AllSolutions\..\Common\VideoOS.Webservice.Common\tst\VideoOS.WebService.Common.UnitTests\bin\Debug\net6.0-windows\VideoOS.WebService.Common.UnitTests.dll" adapterTypeName="executor://mstestadapter/v2" className="VideoOS.WebService.Common.UnitTests.WebServiceManagerBaseTest" name="WebServiceManagerBase_CallWithRetry_Retry_EndpointNotFoundException_Retry" />
    </UnitTest>
    <UnitTest name="ManagementServerUrlFactory_LegacyEndpoint_CorrectScheme" storage="d:\actions-runner\_work\xpco\xpco\allsolutions\..\common\videoos.webservice.common\tst\videoos.webservice.common.unittests\bin\debug\net6.0-windows\videoos.webservice.common.unittests.dll" id="cbae54c5-2e94-b8bf-a5c5-3eb4c950edb5">
      <Execution id="5e4fc11d-2844-4795-a858-40187437e302" />
      <TestMethod codeBase="D:\actions-runner\_work\XPCO\XPCO\AllSolutions\..\Common\VideoOS.Webservice.Common\tst\VideoOS.WebService.Common.UnitTests\bin\Debug\net6.0-windows\VideoOS.WebService.Common.UnitTests.dll" adapterTypeName="executor://mstestadapter/v2" className="VideoOS.WebService.Common.UnitTests.Framework.ManagementServerUrlFactoryTests" name="ManagementServerUrlFactory_LegacyEndpoint_CorrectScheme" />
    </UnitTest>
    <UnitTest name="WebServiceManagerBase_ExceptionHandling_Manual_Handler" storage="d:\actions-runner\_work\xpco\xpco\allsolutions\..\common\videoos.webservice.common\tst\videoos.webservice.common.unittests\bin\debug\net6.0-windows\videoos.webservice.common.unittests.dll" id="27251ebd-a906-115f-e194-888fdeae78a0">
      <Execution id="e78965b6-0f1d-4dd7-bfd6-4702afbb4a91" />
      <TestMethod codeBase="D:\actions-runner\_work\XPCO\XPCO\AllSolutions\..\Common\VideoOS.Webservice.Common\tst\VideoOS.WebService.Common.UnitTests\bin\Debug\net6.0-windows\VideoOS.WebService.Common.UnitTests.dll" adapterTypeName="executor://mstestadapter/v2" className="VideoOS.WebService.Common.UnitTests.WebServiceManagerBaseTest" name="WebServiceManagerBase_ExceptionHandling_Manual_Handler" />
    </UnitTest>
    <UnitTest name="SpnFactory_GetSpn_NotLocalhost" storage="d:\actions-runner\_work\xpco\xpco\allsolutions\..\common\videoos.webservice.common\tst\videoos.webservice.common.unittests\bin\debug\net6.0-windows\videoos.webservice.common.unittests.dll" id="e7662e93-d89a-b923-fa1f-10c2c67809ff">
      <Execution id="a4c513fa-a542-41d7-a008-077395ac99d8" />
      <TestMethod codeBase="D:\actions-runner\_work\XPCO\XPCO\AllSolutions\..\Common\VideoOS.Webservice.Common\tst\VideoOS.WebService.Common.UnitTests\bin\Debug\net6.0-windows\VideoOS.WebService.Common.UnitTests.dll" adapterTypeName="executor://mstestadapter/v2" className="VideoOS.WebService.Common.UnitTests.Framework.SpnFactoryTests" name="SpnFactory_GetSpn_NotLocalhost" />
    </UnitTest>
  </TestDefinitions>
  <TestEntries>
    <TestEntry testId="bf5663e2-96fc-b02a-68fb-c3ca9cca605c" executionId="ef90dd7f-a744-4bcc-8d8f-9a8a27a28462" testListId="8c84fa94-04c1-424b-9868-57a2d4851a1d" />
    <TestEntry testId="fcd02a09-fc7b-8318-dd65-00fb25cec535" executionId="0780b295-3459-4c06-bb33-f3ba2ffb88e4" testListId="8c84fa94-04c1-424b-9868-57a2d4851a1d" />
    <TestEntry testId="f0d93962-9ac2-80b2-3134-ca5f213e0035" executionId="aae90633-d840-48f4-8e84-dc6d2588781d" testListId="8c84fa94-04c1-424b-9868-57a2d4851a1d" />
    <TestEntry testId="ad2cd101-e9de-73f7-7dd1-9388cd5dbc7b" executionId="9a2490b9-791e-4e4a-900d-ddb18851d8e1" testListId="8c84fa94-04c1-424b-9868-57a2d4851a1d" />
    <TestEntry testId="71c8e0fc-fc04-4ed8-d612-1f1d50f9e5ef" executionId="e69fc5c2-a14f-4fa7-95fe-d103090c4f75" testListId="8c84fa94-04c1-424b-9868-57a2d4851a1d" />
    <TestEntry testId="6b09f188-1d85-7471-47b5-8d443de27ab4" executionId="b18c7e30-d00e-4acc-badc-97e45c2253e1" testListId="8c84fa94-04c1-424b-9868-57a2d4851a1d" />
    <TestEntry testId="1a633edc-caab-7ec3-e3d7-31517620e296" executionId="564b3fd4-5b82-4425-97d3-cae8d1fd26ac" testListId="8c84fa94-04c1-424b-9868-57a2d4851a1d" />
    <TestEntry testId="661d4809-df56-de3b-70f4-9df0730c7f23" executionId="e0b28cc0-1cb5-4d06-9714-eab0ca28b789" testListId="8c84fa94-04c1-424b-9868-57a2d4851a1d" />
    <TestEntry testId="27251ebd-a906-115f-e194-888fdeae78a0" executionId="e78965b6-0f1d-4dd7-bfd6-4702afbb4a91" testListId="8c84fa94-04c1-424b-9868-57a2d4851a1d" />
    <TestEntry testId="7ad15d50-6b1a-5f37-ff81-15e62021567f" executionId="aed0d09a-ef2d-4d0f-9753-3022904225dd" testListId="8c84fa94-04c1-424b-9868-57a2d4851a1d" />
    <TestEntry testId="e7662e93-d89a-b923-fa1f-10c2c67809ff" executionId="a4c513fa-a542-41d7-a008-077395ac99d8" testListId="8c84fa94-04c1-424b-9868-57a2d4851a1d" />
    <TestEntry testId="23a3d23e-4cc3-5c2c-b48f-a3e09a62fa8d" executionId="02bffddd-5e71-4dfc-b85a-528802ee94b4" testListId="8c84fa94-04c1-424b-9868-57a2d4851a1d" />
    <TestEntry testId="61bb9a23-0abb-174e-cc77-8c5cd220ceab" executionId="cba74911-832d-40b1-be63-e5ec3d54a4e5" testListId="8c84fa94-04c1-424b-9868-57a2d4851a1d" />
    <TestEntry testId="89c46a30-f165-8104-083a-52f425e60046" executionId="2a8c550b-7f25-4ba1-8747-fcdb340d1aec" testListId="8c84fa94-04c1-424b-9868-57a2d4851a1d" />
    <TestEntry testId="214ab9f4-3721-4591-db50-390ba9b50adb" executionId="4c85d542-b1a2-46d6-b3af-ac81298b901e" testListId="8c84fa94-04c1-424b-9868-57a2d4851a1d" />
    <TestEntry testId="9585d6bc-56eb-698b-3a16-a729500d8a93" executionId="21b84e7f-95b1-47d9-b527-3a1e691f949f" testListId="8c84fa94-04c1-424b-9868-57a2d4851a1d" />
    <TestEntry testId="0e8a9888-78cb-f9ea-461d-ec1ac194c346" executionId="294e1189-b5d4-4952-b492-11267bfbeff2" testListId="8c84fa94-04c1-424b-9868-57a2d4851a1d" />
    <TestEntry testId="65e32d54-a78a-06e7-0b2a-a7b33efa75c4" executionId="255e1c8f-f65d-4f74-882d-469568a8e10b" testListId="8c84fa94-04c1-424b-9868-57a2d4851a1d" />
    <TestEntry testId="c457d864-609e-2fd7-6d20-d69d335734fa" executionId="d95275bd-661d-41c5-8654-43c0bea21474" testListId="8c84fa94-04c1-424b-9868-57a2d4851a1d" />
    <TestEntry testId="c908d8e8-2438-04db-a0e0-67533ab91b11" executionId="e9ba6acf-9621-4bc4-9bd1-c62e3ffa1a15" testListId="8c84fa94-04c1-424b-9868-57a2d4851a1d" />
    <TestEntry testId="211f2ba6-9227-d868-4d19-f97687042449" executionId="db307932-03e8-4f96-a7cb-b3d84bbb6711" testListId="8c84fa94-04c1-424b-9868-57a2d4851a1d" />
    <TestEntry testId="2063c2aa-16ab-ca7d-a163-864058f25498" executionId="dc64e220-49b1-48f6-a29b-4e00e41a788c" testListId="8c84fa94-04c1-424b-9868-57a2d4851a1d" />
    <TestEntry testId="10da0836-323e-7559-1cec-599818240865" executionId="3e6586fc-e5c2-416b-afd7-3ac221dcf542" testListId="8c84fa94-04c1-424b-9868-57a2d4851a1d" />
    <TestEntry testId="b5986743-9922-08f5-fa11-aec8890e5849" executionId="f75bd3f4-7af4-4a29-9ccb-bb2329d063aa" testListId="8c84fa94-04c1-424b-9868-57a2d4851a1d" />
    <TestEntry testId="c83d7024-acd4-4618-c7c0-ce4b53f044cc" executionId="11f2d68d-3662-4715-97e9-e29dfdae275a" testListId="8c84fa94-04c1-424b-9868-57a2d4851a1d" />
    <TestEntry testId="f0a6b858-f8e7-5df8-f607-10274d56bfe9" executionId="9d199a16-e29d-4960-9546-38f262a3f83d" testListId="8c84fa94-04c1-424b-9868-57a2d4851a1d" />
    <TestEntry testId="3aa66891-0927-06ff-f572-32558746d1dd" executionId="790f4628-d9a8-4112-8b43-9d4d7f4949d2" testListId="8c84fa94-04c1-424b-9868-57a2d4851a1d" />
    <TestEntry testId="0d6c3018-8651-f775-1bcc-e2f4831219ea" executionId="7047bff0-4242-4e36-9c72-8763811b391f" testListId="8c84fa94-04c1-424b-9868-57a2d4851a1d" />
    <TestEntry testId="f4743cca-e1c7-35b4-e90a-2c2c06210594" executionId="e51509f3-521d-4567-8381-2d8c1baf62a9" testListId="8c84fa94-04c1-424b-9868-57a2d4851a1d" />
    <TestEntry testId="a5fb6c15-79c9-60c2-f754-b9ba01a4a6c3" executionId="3b8f813e-cf26-439f-9e2e-8d9650f95074" testListId="8c84fa94-04c1-424b-9868-57a2d4851a1d" />
    <TestEntry testId="cbae54c5-2e94-b8bf-a5c5-3eb4c950edb5" executionId="5e4fc11d-2844-4795-a858-40187437e302" testListId="8c84fa94-04c1-424b-9868-57a2d4851a1d" />
  </TestEntries>
  <TestLists>
    <TestList name="Results Not in a List" id="8c84fa94-04c1-424b-9868-57a2d4851a1d" />
    <TestList name="All Loaded Results" id="19431567-8539-422a-85d7-44ee4e166bda" />
  </TestLists>
  <ResultSummary outcome="Completed">
    <Counters total="31" executed="31" passed="31" failed="0" error="0" timeout="0" aborted="0" inconclusive="0" passedButRunAborted="0" notRunnable="0" notExecuted="0" disconnected="0" warning="0" completed="0" inProgress="0" pending="0" />
  </ResultSummary>
</TestRun>