<?xml version="1.0" encoding="utf-8"?>
<TestRun id="7cadac3a-ae65-4f46-8de2-0d9140c46cbb" name="DKSR-EFI-04$@DKSR-EFI-04 2023-12-22 09:32:25" runUser="NT AUTHORITY\NETWORK SERVICE" xmlns="http://microsoft.com/schemas/VisualStudio/TeamTest/2010">
  <Times creation="2023-12-22T09:32:25.5840573+01:00" queuing="2023-12-22T09:32:25.5840573+01:00" start="2023-12-22T09:32:23.7715509+01:00" finish="2023-12-22T09:32:34.0528465+01:00" />
  <TestSettings name="default" id="42bab4ee-7eae-426f-b92c-5ffa3a4fa1e0">
    <Deployment runDeploymentRoot="DKSR-EFI-04$_DKSR-EFI-04_2023-12-22_09_32_25" />
  </TestSettings>
  <Results>
    <UnitTestResult executionId="e930b043-3da8-4e8e-8186-303ae76df66a" testId="f6a746f5-ff88-dd52-c6a1-1924eb996ea6" testName="LoggerCreatedThroughIoC_HostBuilder_FileLogger_WillWriteToConfiguredFile (Info)" computerName="DKSR-EFI-04" duration="00:00:00.0694830" startTime="2023-12-22T09:32:27.3184403+01:00" endTime="2023-12-22T09:32:27.3965657+01:00" testType="13cdc9d9-ddb5-4fa4-a97d-d965ccfc6d4b" outcome="Passed" testListId="8c84fa94-04c1-424b-9868-57a2d4851a1d" relativeResultsDirectory="e930b043-3da8-4e8e-8186-303ae76df66a" />
    <UnitTestResult executionId="79765163-2672-4d59-a119-f304d5c9ffd1" testId="444eedca-9a75-6a7a-4186-bab4271c2e66" testName="LoggerOfTypeLogTestCreatedThroughIoC_ServiceCollection_FileLogger_WillWriteToConfiguredFile (True)" computerName="DKSR-EFI-04" duration="00:00:00.0286154" startTime="2023-12-22T09:32:27.5684403+01:00" endTime="2023-12-22T09:32:27.5996918+01:00" testType="13cdc9d9-ddb5-4fa4-a97d-d965ccfc6d4b" outcome="Passed" testListId="8c84fa94-04c1-424b-9868-57a2d4851a1d" relativeResultsDirectory="79765163-2672-4d59-a119-f304d5c9ffd1" />
    <UnitTestResult executionId="f8e20bc8-b400-4317-9951-09ec60224b7e" testId="6f12a4e4-7264-f713-3c66-bf6485dc3dbb" testName="LogCreatedThroughIoC_ServiceCollection_FileLogger_WillWriteToConfiguredFile (True)" computerName="DKSR-EFI-04" duration="00:00:00.0977875" startTime="2023-12-22T09:32:27.8653155+01:00" endTime="2023-12-22T09:32:27.9590675+01:00" testType="13cdc9d9-ddb5-4fa4-a97d-d965ccfc6d4b" outcome="Passed" testListId="8c84fa94-04c1-424b-9868-57a2d4851a1d" relativeResultsDirectory="f8e20bc8-b400-4317-9951-09ec60224b7e" />
    <UnitTestResult executionId="8194baca-8582-4650-9ab5-c0d2c29ef73b" testId="bc636bb5-fd84-f7ba-bf73-30f03f2af620" testName="LoggerCreatedThroughIoC_ServiceCollection_FileLogger_WillWriteToConfiguredFile (Error)" computerName="DKSR-EFI-04" duration="00:00:00.0247940" startTime="2023-12-22T09:32:27.7246925+01:00" endTime="2023-12-22T09:32:27.7559417+01:00" testType="13cdc9d9-ddb5-4fa4-a97d-d965ccfc6d4b" outcome="Passed" testListId="8c84fa94-04c1-424b-9868-57a2d4851a1d" relativeResultsDirectory="8194baca-8582-4650-9ab5-c0d2c29ef73b" />
    <UnitTestResult executionId="eb4db2f7-8023-44f4-b7bf-dcc0459d0879" testId="a4f2c673-a08a-8f5f-ba84-0be2fd10588e" testName="LogCreatedWithTwoTargets_WhenLogging_BothTargetsWillLog" computerName="DKSR-EFI-04" duration="00:00:00.0187827" startTime="2023-12-22T09:32:28.0215688+01:00" endTime="2023-12-22T09:32:28.0528193+01:00" testType="13cdc9d9-ddb5-4fa4-a97d-d965ccfc6d4b" outcome="Passed" testListId="8c84fa94-04c1-424b-9868-57a2d4851a1d" relativeResultsDirectory="eb4db2f7-8023-44f4-b7bf-dcc0459d0879" />
    <UnitTestResult executionId="385bbe03-6f3f-4d62-b502-fbe52630d018" testId="a460eb6f-0731-bad3-c17a-53302a999a39" testName="LoggerCreatedThroughIoC_ServiceCollection_ConsoleLogger_WillWriteToStringWriter (True)" computerName="DKSR-EFI-04" duration="00:00:00.0042889" startTime="2023-12-22T09:32:28.0059438+01:00" endTime="2023-12-22T09:32:28.0215688+01:00" testType="13cdc9d9-ddb5-4fa4-a97d-d965ccfc6d4b" outcome="Passed" testListId="8c84fa94-04c1-424b-9868-57a2d4851a1d" relativeResultsDirectory="385bbe03-6f3f-4d62-b502-fbe52630d018" />
    <UnitTestResult executionId="193322bc-3adb-4940-8f64-5a04012a209c" testId="99de4013-9d04-f50c-18d6-27f5cae2f068" testName="LogCreatedByFactory_ServiceCollection_ConsoleLogger_WillWriteToStringWriter (True)" computerName="DKSR-EFI-04" duration="00:00:00.0044671" startTime="2023-12-22T09:32:28.0059438+01:00" endTime="2023-12-22T09:32:28.0059438+01:00" testType="13cdc9d9-ddb5-4fa4-a97d-d965ccfc6d4b" outcome="Passed" testListId="8c84fa94-04c1-424b-9868-57a2d4851a1d" relativeResultsDirectory="193322bc-3adb-4940-8f64-5a04012a209c" />
    <UnitTestResult executionId="02e7d9f1-3cd8-4a6b-876d-e551c1150218" testId="fff951db-a9ac-7088-4c5a-55e687ece90c" testName="LogCreatedThroughIoC_ServiceCollection_ConsoleLogger_WillWriteToStringWriter (True)" computerName="DKSR-EFI-04" duration="00:00:00.0058508" startTime="2023-12-22T09:32:28.0215688+01:00" endTime="2023-12-22T09:32:28.0215688+01:00" testType="13cdc9d9-ddb5-4fa4-a97d-d965ccfc6d4b" outcome="Passed" testListId="8c84fa94-04c1-424b-9868-57a2d4851a1d" relativeResultsDirectory="02e7d9f1-3cd8-4a6b-876d-e551c1150218" />
    <UnitTestResult executionId="cca1a87e-233b-4985-8ee6-5cf1868666c8" testId="faa22e41-8745-bc7e-e308-e1e1bfb115fb" testName="WhenExceedingArchiveAboveSize_Logger_WillCreateAnArchiveFile (5)" computerName="DKSR-EFI-04" duration="00:00:00.0514124" startTime="2023-12-22T09:32:33.7247208+01:00" endTime="2023-12-22T09:32:33.7872199+01:00" testType="13cdc9d9-ddb5-4fa4-a97d-d965ccfc6d4b" outcome="Passed" testListId="8c84fa94-04c1-424b-9868-57a2d4851a1d" relativeResultsDirectory="cca1a87e-233b-4985-8ee6-5cf1868666c8">
      <Output>
        <StdOut>Archive file:tmpDA5D (20231222.7).tmp Creation time:1/1/1601 1:00:00 AM&#xD;
Archive file:tmpDA5D (20231222.8).tmp Creation time:1/1/1601 1:00:00 AM&#xD;
Archive file:tmpDA5D (20231222.9).tmp Creation time:1/1/1601 1:00:00 AM&#xD;
Archive file:tmpDA5D (20231222.10).tmp Creation time:1/1/1601 1:00:00 AM&#xD;
Archive file:tmpDA5D (20231222.11).tmp Creation time:1/1/1601 1:00:00 AM&#xD;
Archive file:tmpDA5D (20231222.12).tmp Creation time:1/1/1601 1:00:00 AM&#xD;
Archive file:tmpDA5D (20231222.13).tmp Creation time:1/1/1601 1:00:00 AM&#xD;
Archive file:tmpDA5D (20231222.14).tmp Creation time:1/1/1601 1:00:00 AM&#xD;
Archive file:tmpDA5D (20231222.15).tmp Creation time:1/1/1601 1:00:00 AM&#xD;
Archive file:tmpDA5D (20231222.16).tmp Creation time:1/1/1601 1:00:00 AM</StdOut>
      </Output>
    </UnitTestResult>
    <UnitTestResult executionId="38edfbec-e4bf-4bbb-9e32-e76d9b27f6ca" testId="aca87e28-2e0b-c31c-1a9b-e857aae90a97" testName="LogsCreatedWith2FileTargetsWith2LoggerName_WhenLogging_LogStatementsAreWrittenToCorrectLog" computerName="DKSR-EFI-04" duration="00:00:00.0878255" startTime="2023-12-22T09:32:30.7090808+01:00" endTime="2023-12-22T09:32:30.7872079+01:00" testType="13cdc9d9-ddb5-4fa4-a97d-d965ccfc6d4b" outcome="Passed" testListId="8c84fa94-04c1-424b-9868-57a2d4851a1d" relativeResultsDirectory="38edfbec-e4bf-4bbb-9e32-e76d9b27f6ca" />
    <UnitTestResult executionId="433d1886-6792-451a-a34a-7f5107f5a189" testId="784cc296-f7e5-2d5e-9848-82eafda9cbaa" testName="LogCreatedByFactory_FileLogger_AllLogLevels_WillWriteToConfiguredFile (Debug)" computerName="DKSR-EFI-04" duration="00:00:00.0228845" startTime="2023-12-22T09:32:26.1309350+01:00" endTime="2023-12-22T09:32:26.1621864+01:00" testType="13cdc9d9-ddb5-4fa4-a97d-d965ccfc6d4b" outcome="Passed" testListId="8c84fa94-04c1-424b-9868-57a2d4851a1d" relativeResultsDirectory="433d1886-6792-451a-a34a-7f5107f5a189" />
    <UnitTestResult executionId="5c26fcb9-53ff-490f-92a4-c3eaa3c688dd" testId="0028b562-7340-c11c-4979-9fe3cbf01821" testName="LogCreatedThroughIoC_HostBuilder_ConsoleLogger_WillWriteToStringWriter (False)" computerName="DKSR-EFI-04" duration="00:00:00.0068428" startTime="2023-12-22T09:32:27.5215658+01:00" endTime="2023-12-22T09:32:27.5371906+01:00" testType="13cdc9d9-ddb5-4fa4-a97d-d965ccfc6d4b" outcome="Passed" testListId="8c84fa94-04c1-424b-9868-57a2d4851a1d" relativeResultsDirectory="5c26fcb9-53ff-490f-92a4-c3eaa3c688dd" />
    <UnitTestResult executionId="10287e48-2671-462e-b40b-71c98d794ff2" testId="b69751c6-e854-df22-d3a6-a5f459535314" testName="WhenTimePassesRetentionTime_Logger_WillDeleteOldArchiveFiles" computerName="DKSR-EFI-04" duration="00:00:00.0505981" startTime="2023-12-22T09:32:33.6153493+01:00" endTime="2023-12-22T09:32:33.6633578+01:00" testType="13cdc9d9-ddb5-4fa4-a97d-d965ccfc6d4b" outcome="Passed" testListId="8c84fa94-04c1-424b-9868-57a2d4851a1d" relativeResultsDirectory="10287e48-2671-462e-b40b-71c98d794ff2" />
    <UnitTestResult executionId="eef20187-429b-4639-8261-8335dc1c995f" testId="3c49f072-72fe-6e53-46cc-5836e18de914" testName="LogCreatedByFactory_ServiceCollection_ConsoleLogger_WillWriteToStringWriter (False)" computerName="DKSR-EFI-04" duration="00:00:00.0338542" startTime="2023-12-22T09:32:27.9590675+01:00" endTime="2023-12-22T09:32:28.0059438+01:00" testType="13cdc9d9-ddb5-4fa4-a97d-d965ccfc6d4b" outcome="Passed" testListId="8c84fa94-04c1-424b-9868-57a2d4851a1d" relativeResultsDirectory="eef20187-429b-4639-8261-8335dc1c995f" />
    <UnitTestResult executionId="06e0e3ec-c548-4567-b5bf-b8ae5ff4d53e" testId="4e94fac4-8368-190b-d5eb-b7e26431d1a5" testName="LogCreatedWith3TargetsWithDifferentLogLevels_WhenLogging_AllTargetsWillTheirSpecifiedLogLevels" computerName="DKSR-EFI-04" duration="00:00:02.6586880" startTime="2023-12-22T09:32:28.0528193+01:00" endTime="2023-12-22T09:32:30.7090808+01:00" testType="13cdc9d9-ddb5-4fa4-a97d-d965ccfc6d4b" outcome="Passed" testListId="8c84fa94-04c1-424b-9868-57a2d4851a1d" relativeResultsDirectory="06e0e3ec-c548-4567-b5bf-b8ae5ff4d53e" />
    <UnitTestResult executionId="e5bfa8fa-389a-4601-a7bf-7f34266523db" testId="e06027ea-1952-c757-21ae-95f8f49384d5" testName="LogCreatedThroughIoC_HostBuilder_FileLogger_WillWriteToConfiguredFile (False)" computerName="DKSR-EFI-04" duration="00:00:00.0379921" startTime="2023-12-22T09:32:27.4278162+01:00" endTime="2023-12-22T09:32:27.4746910+01:00" testType="13cdc9d9-ddb5-4fa4-a97d-d965ccfc6d4b" outcome="Passed" testListId="8c84fa94-04c1-424b-9868-57a2d4851a1d" relativeResultsDirectory="e5bfa8fa-389a-4601-a7bf-7f34266523db" />
    <UnitTestResult executionId="212abc36-2ce7-4a52-b729-29cc4a33cd4d" testId="af52b379-5ec2-b536-23d6-383b0c28b10c" testName="WhenLoadingATypicalConfiguration_TheILogConfigurationIsInitialized" computerName="DKSR-EFI-04" duration="00:00:00.0086906" startTime="2023-12-22T09:32:25.5371822+01:00" endTime="2023-12-22T09:32:25.5371822+01:00" testType="13cdc9d9-ddb5-4fa4-a97d-d965ccfc6d4b" outcome="Passed" testListId="8c84fa94-04c1-424b-9868-57a2d4851a1d" relativeResultsDirectory="212abc36-2ce7-4a52-b729-29cc4a33cd4d" />
    <UnitTestResult executionId="97cc5dda-981b-4c75-8d4f-80a9faf0e879" testId="32da627d-3735-3ade-dbbf-7986f3701ad1" testName="WhenADayPasses_Logger_WillCreateAnArchiveFiles" computerName="DKSR-EFI-04" duration="00:00:00.4871022" startTime="2023-12-22T09:32:31.6622117+01:00" endTime="2023-12-22T09:32:32.1465868+01:00" testType="13cdc9d9-ddb5-4fa4-a97d-d965ccfc6d4b" outcome="Passed" testListId="8c84fa94-04c1-424b-9868-57a2d4851a1d" relativeResultsDirectory="97cc5dda-981b-4c75-8d4f-80a9faf0e879" />
    <UnitTestResult executionId="97105b49-89dc-4a9b-82b9-339e706dac8b" testId="3b171404-d238-c62a-dd34-5cc4efa966f1" testName="WhenTimePassesMidnight_Logger_WillCreateAnArchiveFile" computerName="DKSR-EFI-04" duration="00:00:01.4553200" startTime="2023-12-22T09:32:32.1465868+01:00" endTime="2023-12-22T09:32:33.6153493+01:00" testType="13cdc9d9-ddb5-4fa4-a97d-d965ccfc6d4b" outcome="Passed" testListId="8c84fa94-04c1-424b-9868-57a2d4851a1d" relativeResultsDirectory="97105b49-89dc-4a9b-82b9-339e706dac8b" />
    <UnitTestResult executionId="2d65e741-a9cb-437f-9ade-3fdd5a62596b" testId="3a118461-8324-a2b5-da2d-45624d262212" testName="LoggerCreatedThroughIoC_ServiceCollection_ConsoleLogger_WillWriteToStringWriter (False)" computerName="DKSR-EFI-04" duration="00:00:00.0058916" startTime="2023-12-22T09:32:28.0059438+01:00" endTime="2023-12-22T09:32:28.0059438+01:00" testType="13cdc9d9-ddb5-4fa4-a97d-d965ccfc6d4b" outcome="Passed" testListId="8c84fa94-04c1-424b-9868-57a2d4851a1d" relativeResultsDirectory="2d65e741-a9cb-437f-9ade-3fdd5a62596b" />
    <UnitTestResult executionId="af988022-a2ca-453f-916b-8636e872588b" testId="dd5dcb82-a6d8-cd15-7452-488da9bf5c6c" testName="FileLoggerCreated_when_Logging_TheLayoutOfTheLogLinesAreCorrect (False)" computerName="DKSR-EFI-04" duration="00:00:00.0725089" startTime="2023-12-22T09:32:31.5997096+01:00" endTime="2023-12-22T09:32:31.6622117+01:00" testType="13cdc9d9-ddb5-4fa4-a97d-d965ccfc6d4b" outcome="Passed" testListId="8c84fa94-04c1-424b-9868-57a2d4851a1d" relativeResultsDirectory="af988022-a2ca-453f-916b-8636e872588b" />
    <UnitTestResult executionId="cc032114-1fcf-4c29-b6f9-7da408cca9e3" testId="fc05a72c-80f0-a2f8-2732-39011e042a50" testName="LoggerCreatedThroughIoC_ServiceCollection_FileLogger_WillWriteToConfiguredFile (Debug)" computerName="DKSR-EFI-04" duration="00:00:00.0605560" startTime="2023-12-22T09:32:27.5996918+01:00" endTime="2023-12-22T09:32:27.6621921+01:00" testType="13cdc9d9-ddb5-4fa4-a97d-d965ccfc6d4b" outcome="Passed" testListId="8c84fa94-04c1-424b-9868-57a2d4851a1d" relativeResultsDirectory="cc032114-1fcf-4c29-b6f9-7da408cca9e3" />
    <UnitTestResult executionId="1873940b-104a-4014-a79b-983c22b429a3" testId="25912a8f-57de-74c1-a5de-050b0a6afb88" testName="WhenSuppressingMessages_Logger_WillNotLogMessageWithSuppressedKeywords" computerName="DKSR-EFI-04" duration="00:00:00.0667668" startTime="2023-12-22T09:32:30.7872079+01:00" endTime="2023-12-22T09:32:30.8653322+01:00" testType="13cdc9d9-ddb5-4fa4-a97d-d965ccfc6d4b" outcome="Passed" testListId="8c84fa94-04c1-424b-9868-57a2d4851a1d" relativeResultsDirectory="1873940b-104a-4014-a79b-983c22b429a3" />
    <UnitTestResult executionId="2cdcf587-3998-40ec-97a9-baaa36f0002c" testId="f95c26a8-c543-8f1a-9ca2-35d735052f45" testName="LoggerCreatedThroughIoC_HostBuilder_FileLogger_WillWriteToConfiguredFile (Debug)" computerName="DKSR-EFI-04" duration="00:00:00.0746973" startTime="2023-12-22T09:32:27.2403162+01:00" endTime="2023-12-22T09:32:27.3184403+01:00" testType="13cdc9d9-ddb5-4fa4-a97d-d965ccfc6d4b" outcome="Passed" testListId="8c84fa94-04c1-424b-9868-57a2d4851a1d" relativeResultsDirectory="2cdcf587-3998-40ec-97a9-baaa36f0002c" />
    <UnitTestResult executionId="ffad2f41-3b17-4ed5-be6f-9d793853e9cc" testId="3dee4557-0acb-d3b9-53f9-d3f7a55ce616" testName="FileLoggerCreated_when_Logging_TheLayoutOfTheLogLinesAreCorrect (True)" computerName="DKSR-EFI-04" duration="00:00:00.7298623" startTime="2023-12-22T09:32:30.8653322+01:00" endTime="2023-12-22T09:32:31.5997096+01:00" testType="13cdc9d9-ddb5-4fa4-a97d-d965ccfc6d4b" outcome="Passed" testListId="8c84fa94-04c1-424b-9868-57a2d4851a1d" relativeResultsDirectory="ffad2f41-3b17-4ed5-be6f-9d793853e9cc" />
    <UnitTestResult executionId="f463d099-b774-4677-a5fa-33211fba840f" testId="96d604e8-0d41-8777-a315-9a0cb8b5d048" testName="WhenLoadingAFullConfiguration_TheILogConfigurationIsInitialized" computerName="DKSR-EFI-04" duration="00:00:00.7096022" startTime="2023-12-22T09:32:24.7090530+01:00" endTime="2023-12-22T09:32:25.5059327+01:00" testType="13cdc9d9-ddb5-4fa4-a97d-d965ccfc6d4b" outcome="Passed" testListId="8c84fa94-04c1-424b-9868-57a2d4851a1d" relativeResultsDirectory="f463d099-b774-4677-a5fa-33211fba840f" />
    <UnitTestResult executionId="f8f50598-3538-497d-9e92-02d84661aaca" testId="649ec206-129b-3044-6068-ec72d15a6095" testName="LoggerOfTypeLogTestCreatedThroughIoC_HostBuilder_FileLogger_WillWriteToConfiguredFile (True)" computerName="DKSR-EFI-04" duration="00:00:00.3042800" startTime="2023-12-22T09:32:26.9434391+01:00" endTime="2023-12-22T09:32:27.2403162+01:00" testType="13cdc9d9-ddb5-4fa4-a97d-d965ccfc6d4b" outcome="Passed" testListId="8c84fa94-04c1-424b-9868-57a2d4851a1d" relativeResultsDirectory="f8f50598-3538-497d-9e92-02d84661aaca" />
    <UnitTestResult executionId="90dfc91e-a745-40c7-abfa-01335ef44de8" testId="e0522049-5ae1-70de-1f9f-c29de46f5543" testName="LoggerCreatedThroughIoC_ServiceCollection_FileLogger_WillWriteToConfiguredFile (Info)" computerName="DKSR-EFI-04" duration="00:00:00.0231066" startTime="2023-12-22T09:32:27.6621921+01:00" endTime="2023-12-22T09:32:27.6778169+01:00" testType="13cdc9d9-ddb5-4fa4-a97d-d965ccfc6d4b" outcome="Passed" testListId="8c84fa94-04c1-424b-9868-57a2d4851a1d" relativeResultsDirectory="90dfc91e-a745-40c7-abfa-01335ef44de8" />
    <UnitTestResult executionId="2eebb8b8-8a2a-46f9-9881-01825d87ace5" testId="403e502b-4ac7-ef6c-62b1-c2762594b0b6" testName="LoggerCreatedThroughIoC_HostBuilder_FileLogger_WillWriteToConfiguredFile (Error)" computerName="DKSR-EFI-04" duration="00:00:00.0162482" startTime="2023-12-22T09:32:27.4121908+01:00" endTime="2023-12-22T09:32:27.4278162+01:00" testType="13cdc9d9-ddb5-4fa4-a97d-d965ccfc6d4b" outcome="Passed" testListId="8c84fa94-04c1-424b-9868-57a2d4851a1d" relativeResultsDirectory="2eebb8b8-8a2a-46f9-9881-01825d87ace5" />
    <UnitTestResult executionId="760e9916-010e-4777-a031-23960da1e586" testId="12cf0786-3c72-0df4-59c6-25ea16c46b90" testName="LogCreatedThroughIoC_ServiceCollection_ConsoleLogger_WillWriteToStringWriter (False)" computerName="DKSR-EFI-04" duration="00:00:00.0067188" startTime="2023-12-22T09:32:28.0215688+01:00" endTime="2023-12-22T09:32:28.0215688+01:00" testType="13cdc9d9-ddb5-4fa4-a97d-d965ccfc6d4b" outcome="Passed" testListId="8c84fa94-04c1-424b-9868-57a2d4851a1d" relativeResultsDirectory="760e9916-010e-4777-a031-23960da1e586" />
    <UnitTestResult executionId="d3477084-def3-4ce2-a78a-c8626fbd73e0" testId="90e073a5-8b84-6dcb-c29a-429f7528caab" testName="LogCreatedThroughIoC_HostBuilder_ConsoleLogger_WillWriteToStringWriter (True)" computerName="DKSR-EFI-04" duration="00:00:00.0060661" startTime="2023-12-22T09:32:27.5371906+01:00" endTime="2023-12-22T09:32:27.5371906+01:00" testType="13cdc9d9-ddb5-4fa4-a97d-d965ccfc6d4b" outcome="Passed" testListId="8c84fa94-04c1-424b-9868-57a2d4851a1d" relativeResultsDirectory="d3477084-def3-4ce2-a78a-c8626fbd73e0" />
    <UnitTestResult executionId="6363fe73-05ae-4267-afd5-a6c28296e453" testId="6c6d525e-74c7-a08a-386c-ecebb15fa43a" testName="LogCreatedByFactory_FileLogger_AllLogLevels_WillWriteToConfiguredFile (Warn)" computerName="DKSR-EFI-04" duration="00:00:00.0163812" startTime="2023-12-22T09:32:26.1621864+01:00" endTime="2023-12-22T09:32:26.1778119+01:00" testType="13cdc9d9-ddb5-4fa4-a97d-d965ccfc6d4b" outcome="Passed" testListId="8c84fa94-04c1-424b-9868-57a2d4851a1d" relativeResultsDirectory="6363fe73-05ae-4267-afd5-a6c28296e453" />
    <UnitTestResult executionId="2bd61426-a975-43d1-8e75-65445da39d9d" testId="68e7ad01-01fd-c512-ed5b-61f4025bfa60" testName="LogCreatedThroughIoC_ServiceCollection_FileLogger_WillWriteToConfiguredFile (False)" computerName="DKSR-EFI-04" duration="00:00:00.1131696" startTime="2023-12-22T09:32:27.7559417+01:00" endTime="2023-12-22T09:32:27.8653155+01:00" testType="13cdc9d9-ddb5-4fa4-a97d-d965ccfc6d4b" outcome="Passed" testListId="8c84fa94-04c1-424b-9868-57a2d4851a1d" relativeResultsDirectory="2bd61426-a975-43d1-8e75-65445da39d9d" />
    <UnitTestResult executionId="ddf5ed98-830b-45bc-add3-e9caa0a83fd4" testId="e2d123e9-9809-e280-6a68-ddbede79b20b" testName="WhenLoadingAFullConfiguration_LoggersCanbeTurnedOffByTheAdHocConfiguration" computerName="DKSR-EFI-04" duration="00:00:00.0034445" startTime="2023-12-22T09:32:25.5371822+01:00" endTime="2023-12-22T09:32:25.5371822+01:00" testType="13cdc9d9-ddb5-4fa4-a97d-d965ccfc6d4b" outcome="Passed" testListId="8c84fa94-04c1-424b-9868-57a2d4851a1d" relativeResultsDirectory="ddf5ed98-830b-45bc-add3-e9caa0a83fd4" />
    <UnitTestResult executionId="2cc3da87-9424-4b1d-97a3-2a408977b842" testId="f039a932-75bb-3ed0-4e11-55e973c62663" testName="LoggerOfTypeLogTestCreatedThroughIoC_HostBuilder_FileLogger_WillWriteToConfiguredFile (False)" computerName="DKSR-EFI-04" duration="00:00:00.7171354" startTime="2023-12-22T09:32:26.2246869+01:00" endTime="2023-12-22T09:32:26.9434391+01:00" testType="13cdc9d9-ddb5-4fa4-a97d-d965ccfc6d4b" outcome="Passed" testListId="8c84fa94-04c1-424b-9868-57a2d4851a1d" relativeResultsDirectory="2cc3da87-9424-4b1d-97a3-2a408977b842" />
    <UnitTestResult executionId="da0f4248-e530-479a-a25a-f8f6d3f92477" testId="5825e28b-ed12-3c90-747d-8c4e3dbce269" testName="LoggerCreatedThroughIoC_ServiceCollection_FileLogger_WillWriteToConfiguredFile (Warn)" computerName="DKSR-EFI-04" duration="00:00:00.0467368" startTime="2023-12-22T09:32:27.6778169+01:00" endTime="2023-12-22T09:32:27.7246925+01:00" testType="13cdc9d9-ddb5-4fa4-a97d-d965ccfc6d4b" outcome="Passed" testListId="8c84fa94-04c1-424b-9868-57a2d4851a1d" relativeResultsDirectory="da0f4248-e530-479a-a25a-f8f6d3f92477" />
    <UnitTestResult executionId="eb2e4133-1b95-46cc-8954-19fa67af9ee6" testId="cbe8395d-14cc-0871-a242-4eef3b688d82" testName="LogCreatedByFactory_HostBuilder_ConsoleLogger_WillWriteToStringWriter (True)" computerName="DKSR-EFI-04" duration="00:00:00.0058691" startTime="2023-12-22T09:32:27.5059411+01:00" endTime="2023-12-22T09:32:27.5059411+01:00" testType="13cdc9d9-ddb5-4fa4-a97d-d965ccfc6d4b" outcome="Passed" testListId="8c84fa94-04c1-424b-9868-57a2d4851a1d" relativeResultsDirectory="eb2e4133-1b95-46cc-8954-19fa67af9ee6" />
    <UnitTestResult executionId="fff906b7-7fb3-406c-827c-79b9e400b503" testId="572c8c28-25e6-b857-0630-5b98bf53b055" testName="LoggerCreatedThroughIoC_HostBuilder_ConsoleLogger_WillWriteToStringWriter (True)" computerName="DKSR-EFI-04" duration="00:00:00.0093247" startTime="2023-12-22T09:32:27.5215658+01:00" endTime="2023-12-22T09:32:27.5215658+01:00" testType="13cdc9d9-ddb5-4fa4-a97d-d965ccfc6d4b" outcome="Passed" testListId="8c84fa94-04c1-424b-9868-57a2d4851a1d" relativeResultsDirectory="fff906b7-7fb3-406c-827c-79b9e400b503" />
    <UnitTestResult executionId="211ac644-8ec0-453f-b23a-3177e0480aab" testId="ad00d3f7-1e26-00ab-ee06-16ce28ebff31" testName="LoggerCreatedThroughIoC_HostBuilder_ConsoleLogger_WillWriteToStringWriter (False)" computerName="DKSR-EFI-04" duration="00:00:00.0063207" startTime="2023-12-22T09:32:27.5059411+01:00" endTime="2023-12-22T09:32:27.5215658+01:00" testType="13cdc9d9-ddb5-4fa4-a97d-d965ccfc6d4b" outcome="Passed" testListId="8c84fa94-04c1-424b-9868-57a2d4851a1d" relativeResultsDirectory="211ac644-8ec0-453f-b23a-3177e0480aab" />
    <UnitTestResult executionId="f95ab0a2-ff36-449e-a43e-be12dd2e11f1" testId="6cdd53b7-26ae-def6-4008-58de62267d0f" testName="LogCreatedByFactory_FileLogger_WillWriteToConfiguredFile (False)" computerName="DKSR-EFI-04" duration="00:00:00.5581278" startTime="2023-12-22T09:32:25.5371822+01:00" endTime="2023-12-22T09:32:26.1153101+01:00" testType="13cdc9d9-ddb5-4fa4-a97d-d965ccfc6d4b" outcome="Passed" testListId="8c84fa94-04c1-424b-9868-57a2d4851a1d" relativeResultsDirectory="f95ab0a2-ff36-449e-a43e-be12dd2e11f1" />
    <UnitTestResult executionId="d05ed092-56bf-401f-97ef-08e21baed34e" testId="d49c7fd7-de82-08ba-d7be-e29ad411cecd" testName="LoggerOfTypeLogTestCreatedThroughIoC_ServiceCollection_FileLogger_WillWriteToConfiguredFile (False)" computerName="DKSR-EFI-04" duration="00:00:00.0257290" startTime="2023-12-22T09:32:27.5371906+01:00" endTime="2023-12-22T09:32:27.5684403+01:00" testType="13cdc9d9-ddb5-4fa4-a97d-d965ccfc6d4b" outcome="Passed" testListId="8c84fa94-04c1-424b-9868-57a2d4851a1d" relativeResultsDirectory="d05ed092-56bf-401f-97ef-08e21baed34e" />
    <UnitTestResult executionId="1ed44c0e-0d3d-4bc0-adba-8e13b7929fd9" testId="e92ac73f-63b3-399b-b871-931b535e0958" testName="WhenExceedingArchiveAboveSize_Logger_WillCreateAnArchiveFile (0)" computerName="DKSR-EFI-04" duration="00:00:00.0688356" startTime="2023-12-22T09:32:33.6633578+01:00" endTime="2023-12-22T09:32:33.7247208+01:00" testType="13cdc9d9-ddb5-4fa4-a97d-d965ccfc6d4b" outcome="Passed" testListId="8c84fa94-04c1-424b-9868-57a2d4851a1d" relativeResultsDirectory="1ed44c0e-0d3d-4bc0-adba-8e13b7929fd9">
      <Output>
        <StdOut>Archive file:tmpDA20 (20231222.0000).tmp Creation time:1/1/1601 1:00:00 AM&#xD;
Archive file:tmpDA20 (20231222.0001).tmp Creation time:1/1/1601 1:00:00 AM&#xD;
Archive file:tmpDA20 (20231222.0002).tmp Creation time:1/1/1601 1:00:00 AM&#xD;
Archive file:tmpDA20 (20231222.0003).tmp Creation time:1/1/1601 1:00:00 AM&#xD;
Archive file:tmpDA20 (20231222.0004).tmp Creation time:1/1/1601 1:00:00 AM&#xD;
Archive file:tmpDA20 (20231222.0005).tmp Creation time:1/1/1601 1:00:00 AM&#xD;
Archive file:tmpDA20 (20231222.0006).tmp Creation time:1/1/1601 1:00:00 AM&#xD;
Archive file:tmpDA20 (20231222.0007).tmp Creation time:1/1/1601 1:00:00 AM&#xD;
Archive file:tmpDA20 (20231222.0008).tmp Creation time:1/1/1601 1:00:00 AM&#xD;
Archive file:tmpDA20 (20231222.0009).tmp Creation time:1/1/1601 1:00:00 AM&#xD;
Archive file:tmpDA20 (20231222.0010).tmp Creation time:1/1/1601 1:00:00 AM&#xD;
Archive file:tmpDA20 (20231222.0011).tmp Creation time:1/1/1601 1:00:00 AM&#xD;
Archive file:tmpDA20 (20231222.0012).tmp Creation time:1/1/1601 1:00:00 AM&#xD;
Archive file:tmpDA20 (20231222.0013).tmp Creation time:1/1/1601 1:00:00 AM&#xD;
Archive file:tmpDA20 (20231222.0014).tmp Creation time:1/1/1601 1:00:00 AM&#xD;
Archive file:tmpDA20 (20231222.0015).tmp Creation time:1/1/1601 1:00:00 AM&#xD;
Archive file:tmpDA20 (20231222.0016).tmp Creation time:1/1/1601 1:00:00 AM</StdOut>
      </Output>
    </UnitTestResult>
    <UnitTestResult executionId="24bd65e0-f732-46ea-9337-a53d6f09d907" testId="5c46bed1-3f77-d9ca-9306-6287f7359983" testName="LogCreatedByFactory_FileLogger_WillWriteToConfiguredFile (True)" computerName="DKSR-EFI-04" duration="00:00:00.0227354" startTime="2023-12-22T09:32:26.1153101+01:00" endTime="2023-12-22T09:32:26.1309350+01:00" testType="13cdc9d9-ddb5-4fa4-a97d-d965ccfc6d4b" outcome="Passed" testListId="8c84fa94-04c1-424b-9868-57a2d4851a1d" relativeResultsDirectory="24bd65e0-f732-46ea-9337-a53d6f09d907" />
    <UnitTestResult executionId="5bf3fd0b-3c4c-4072-af9c-1b4b00917f84" testId="c68e9a4f-dd33-5ad3-f3af-5865c537c50e" testName="LogCreatedByFactory_FileLogger_AllLogLevels_WillWriteToConfiguredFile (Error)" computerName="DKSR-EFI-04" duration="00:00:00.0483391" startTime="2023-12-22T09:32:26.1778119+01:00" endTime="2023-12-22T09:32:26.2246869+01:00" testType="13cdc9d9-ddb5-4fa4-a97d-d965ccfc6d4b" outcome="Passed" testListId="8c84fa94-04c1-424b-9868-57a2d4851a1d" relativeResultsDirectory="5bf3fd0b-3c4c-4072-af9c-1b4b00917f84" />
    <UnitTestResult executionId="e8708f59-4702-4ba6-8025-d5d262d5f1cf" testId="0c731dda-9176-db53-0fc5-8e4ece030945" testName="LoggerCreatedThroughIoC_HostBuilder_FileLogger_WillWriteToConfiguredFile (Warn)" computerName="DKSR-EFI-04" duration="00:00:00.0209897" startTime="2023-12-22T09:32:27.3965657+01:00" endTime="2023-12-22T09:32:27.4121908+01:00" testType="13cdc9d9-ddb5-4fa4-a97d-d965ccfc6d4b" outcome="Passed" testListId="8c84fa94-04c1-424b-9868-57a2d4851a1d" relativeResultsDirectory="e8708f59-4702-4ba6-8025-d5d262d5f1cf" />
    <UnitTestResult executionId="269f04a7-763f-4618-8c6b-2eac21c89156" testId="de4c2193-170f-bdc2-bb09-2065e4f99fef" testName="LogCreatedThroughIoC_HostBuilder_FileLogger_WillWriteToConfiguredFile (True)" computerName="DKSR-EFI-04" duration="00:00:00.0210753" startTime="2023-12-22T09:32:27.4746910+01:00" endTime="2023-12-22T09:32:27.4903154+01:00" testType="13cdc9d9-ddb5-4fa4-a97d-d965ccfc6d4b" outcome="Passed" testListId="8c84fa94-04c1-424b-9868-57a2d4851a1d" relativeResultsDirectory="269f04a7-763f-4618-8c6b-2eac21c89156" />
    <UnitTestResult executionId="8b8e23fa-b2f2-4344-a82c-129ee92e753d" testId="b04ea105-094d-771e-4bf5-3c599a519c9c" testName="LogCreatedByFactory_HostBuilder_ConsoleLogger_WillWriteToStringWriter (False)" computerName="DKSR-EFI-04" duration="00:00:00.0141165" startTime="2023-12-22T09:32:27.4903154+01:00" endTime="2023-12-22T09:32:27.5059411+01:00" testType="13cdc9d9-ddb5-4fa4-a97d-d965ccfc6d4b" outcome="Passed" testListId="8c84fa94-04c1-424b-9868-57a2d4851a1d" relativeResultsDirectory="8b8e23fa-b2f2-4344-a82c-129ee92e753d" />
  </Results>
  <TestDefinitions>
    <UnitTest name="LoggerOfTypeLogTestCreatedThroughIoC_HostBuilder_FileLogger_WillWriteToConfiguredFile (False)" storage="d:\actions-runner\_work\xpco\xpco\common\videoos.common.logging\tst\videoos.common.logging.unittests\bin\debug\net472\videoos.common.logging.unittests.dll" id="f039a932-75bb-3ed0-4e11-55e973c62663">
      <Execution id="2cc3da87-9424-4b1d-97a3-2a408977b842" />
      <TestMethod codeBase="D:\actions-runner\_work\XPCO\XPCO\Common\VideoOS.Common.Logging\tst\VideoOS.Common.Logging.UnitTests\bin\Debug\net472\VideoOS.Common.Logging.UnitTests.dll" adapterTypeName="executor://mstestadapter/v2" className="VideoOS.Common.Logging.UnitTest.LogTest" name="LoggerOfTypeLogTestCreatedThroughIoC_HostBuilder_FileLogger_WillWriteToConfiguredFile" />
    </UnitTest>
    <UnitTest name="WhenTimePassesMidnight_Logger_WillCreateAnArchiveFile" storage="d:\actions-runner\_work\xpco\xpco\common\videoos.common.logging\tst\videoos.common.logging.unittests\bin\debug\net472\videoos.common.logging.unittests.dll" id="3b171404-d238-c62a-dd34-5cc4efa966f1">
      <Execution id="97105b49-89dc-4a9b-82b9-339e706dac8b" />
      <TestMethod codeBase="D:\actions-runner\_work\XPCO\XPCO\Common\VideoOS.Common.Logging\tst\VideoOS.Common.Logging.UnitTests\bin\Debug\net472\VideoOS.Common.Logging.UnitTests.dll" adapterTypeName="executor://mstestadapter/v2" className="VideoOS.Common.Logging.UnitTest.LogTest" name="WhenTimePassesMidnight_Logger_WillCreateAnArchiveFile" />
    </UnitTest>
    <UnitTest name="LoggerCreatedThroughIoC_ServiceCollection_FileLogger_WillWriteToConfiguredFile (Info)" storage="d:\actions-runner\_work\xpco\xpco\common\videoos.common.logging\tst\videoos.common.logging.unittests\bin\debug\net472\videoos.common.logging.unittests.dll" id="e0522049-5ae1-70de-1f9f-c29de46f5543">
      <Execution id="90dfc91e-a745-40c7-abfa-01335ef44de8" />
      <TestMethod codeBase="D:\actions-runner\_work\XPCO\XPCO\Common\VideoOS.Common.Logging\tst\VideoOS.Common.Logging.UnitTests\bin\Debug\net472\VideoOS.Common.Logging.UnitTests.dll" adapterTypeName="executor://mstestadapter/v2" className="VideoOS.Common.Logging.UnitTest.LogTest" name="LoggerCreatedThroughIoC_ServiceCollection_FileLogger_WillWriteToConfiguredFile" />
    </UnitTest>
    <UnitTest name="LogCreatedThroughIoC_ServiceCollection_ConsoleLogger_WillWriteToStringWriter (False)" storage="d:\actions-runner\_work\xpco\xpco\common\videoos.common.logging\tst\videoos.common.logging.unittests\bin\debug\net472\videoos.common.logging.unittests.dll" id="12cf0786-3c72-0df4-59c6-25ea16c46b90">
      <Execution id="760e9916-010e-4777-a031-23960da1e586" />
      <TestMethod codeBase="D:\actions-runner\_work\XPCO\XPCO\Common\VideoOS.Common.Logging\tst\VideoOS.Common.Logging.UnitTests\bin\Debug\net472\VideoOS.Common.Logging.UnitTests.dll" adapterTypeName="executor://mstestadapter/v2" className="VideoOS.Common.Logging.UnitTest.LogTest" name="LogCreatedThroughIoC_ServiceCollection_ConsoleLogger_WillWriteToStringWriter" />
    </UnitTest>
    <UnitTest name="WhenExceedingArchiveAboveSize_Logger_WillCreateAnArchiveFile (0)" storage="d:\actions-runner\_work\xpco\xpco\common\videoos.common.logging\tst\videoos.common.logging.unittests\bin\debug\net472\videoos.common.logging.unittests.dll" id="e92ac73f-63b3-399b-b871-931b535e0958">
      <Execution id="1ed44c0e-0d3d-4bc0-adba-8e13b7929fd9" />
      <TestMethod codeBase="D:\actions-runner\_work\XPCO\XPCO\Common\VideoOS.Common.Logging\tst\VideoOS.Common.Logging.UnitTests\bin\Debug\net472\VideoOS.Common.Logging.UnitTests.dll" adapterTypeName="executor://mstestadapter/v2" className="VideoOS.Common.Logging.UnitTest.LogTest" name="WhenExceedingArchiveAboveSize_Logger_WillCreateAnArchiveFile" />
    </UnitTest>
    <UnitTest name="LogCreatedThroughIoC_HostBuilder_FileLogger_WillWriteToConfiguredFile (False)" storage="d:\actions-runner\_work\xpco\xpco\common\videoos.common.logging\tst\videoos.common.logging.unittests\bin\debug\net472\videoos.common.logging.unittests.dll" id="e06027ea-1952-c757-21ae-95f8f49384d5">
      <Execution id="e5bfa8fa-389a-4601-a7bf-7f34266523db" />
      <TestMethod codeBase="D:\actions-runner\_work\XPCO\XPCO\Common\VideoOS.Common.Logging\tst\VideoOS.Common.Logging.UnitTests\bin\Debug\net472\VideoOS.Common.Logging.UnitTests.dll" adapterTypeName="executor://mstestadapter/v2" className="VideoOS.Common.Logging.UnitTest.LogTest" name="LogCreatedThroughIoC_HostBuilder_FileLogger_WillWriteToConfiguredFile" />
    </UnitTest>
    <UnitTest name="LogCreatedThroughIoC_ServiceCollection_FileLogger_WillWriteToConfiguredFile (False)" storage="d:\actions-runner\_work\xpco\xpco\common\videoos.common.logging\tst\videoos.common.logging.unittests\bin\debug\net472\videoos.common.logging.unittests.dll" id="68e7ad01-01fd-c512-ed5b-61f4025bfa60">
      <Execution id="2bd61426-a975-43d1-8e75-65445da39d9d" />
      <TestMethod codeBase="D:\actions-runner\_work\XPCO\XPCO\Common\VideoOS.Common.Logging\tst\VideoOS.Common.Logging.UnitTests\bin\Debug\net472\VideoOS.Common.Logging.UnitTests.dll" adapterTypeName="executor://mstestadapter/v2" className="VideoOS.Common.Logging.UnitTest.LogTest" name="LogCreatedThroughIoC_ServiceCollection_FileLogger_WillWriteToConfiguredFile" />
    </UnitTest>
    <UnitTest name="LogCreatedByFactory_HostBuilder_ConsoleLogger_WillWriteToStringWriter (False)" storage="d:\actions-runner\_work\xpco\xpco\common\videoos.common.logging\tst\videoos.common.logging.unittests\bin\debug\net472\videoos.common.logging.unittests.dll" id="b04ea105-094d-771e-4bf5-3c599a519c9c">
      <Execution id="8b8e23fa-b2f2-4344-a82c-129ee92e753d" />
      <TestMethod codeBase="D:\actions-runner\_work\XPCO\XPCO\Common\VideoOS.Common.Logging\tst\VideoOS.Common.Logging.UnitTests\bin\Debug\net472\VideoOS.Common.Logging.UnitTests.dll" adapterTypeName="executor://mstestadapter/v2" className="VideoOS.Common.Logging.UnitTest.LogTest" name="LogCreatedByFactory_HostBuilder_ConsoleLogger_WillWriteToStringWriter" />
    </UnitTest>
    <UnitTest name="LoggerCreatedThroughIoC_ServiceCollection_ConsoleLogger_WillWriteToStringWriter (True)" storage="d:\actions-runner\_work\xpco\xpco\common\videoos.common.logging\tst\videoos.common.logging.unittests\bin\debug\net472\videoos.common.logging.unittests.dll" id="a460eb6f-0731-bad3-c17a-53302a999a39">
      <Execution id="385bbe03-6f3f-4d62-b502-fbe52630d018" />
      <TestMethod codeBase="D:\actions-runner\_work\XPCO\XPCO\Common\VideoOS.Common.Logging\tst\VideoOS.Common.Logging.UnitTests\bin\Debug\net472\VideoOS.Common.Logging.UnitTests.dll" adapterTypeName="executor://mstestadapter/v2" className="VideoOS.Common.Logging.UnitTest.LogTest" name="LoggerCreatedThroughIoC_ServiceCollection_ConsoleLogger_WillWriteToStringWriter" />
    </UnitTest>
    <UnitTest name="WhenSuppressingMessages_Logger_WillNotLogMessageWithSuppressedKeywords" storage="d:\actions-runner\_work\xpco\xpco\common\videoos.common.logging\tst\videoos.common.logging.unittests\bin\debug\net472\videoos.common.logging.unittests.dll" id="25912a8f-57de-74c1-a5de-050b0a6afb88">
      <Execution id="1873940b-104a-4014-a79b-983c22b429a3" />
      <TestMethod codeBase="D:\actions-runner\_work\XPCO\XPCO\Common\VideoOS.Common.Logging\tst\VideoOS.Common.Logging.UnitTests\bin\Debug\net472\VideoOS.Common.Logging.UnitTests.dll" adapterTypeName="executor://mstestadapter/v2" className="VideoOS.Common.Logging.UnitTest.LogTest" name="WhenSuppressingMessages_Logger_WillNotLogMessageWithSuppressedKeywords" />
    </UnitTest>
    <UnitTest name="LoggerCreatedThroughIoC_ServiceCollection_ConsoleLogger_WillWriteToStringWriter (False)" storage="d:\actions-runner\_work\xpco\xpco\common\videoos.common.logging\tst\videoos.common.logging.unittests\bin\debug\net472\videoos.common.logging.unittests.dll" id="3a118461-8324-a2b5-da2d-45624d262212">
      <Execution id="2d65e741-a9cb-437f-9ade-3fdd5a62596b" />
      <TestMethod codeBase="D:\actions-runner\_work\XPCO\XPCO\Common\VideoOS.Common.Logging\tst\VideoOS.Common.Logging.UnitTests\bin\Debug\net472\VideoOS.Common.Logging.UnitTests.dll" adapterTypeName="executor://mstestadapter/v2" className="VideoOS.Common.Logging.UnitTest.LogTest" name="LoggerCreatedThroughIoC_ServiceCollection_ConsoleLogger_WillWriteToStringWriter" />
    </UnitTest>
    <UnitTest name="WhenTimePassesRetentionTime_Logger_WillDeleteOldArchiveFiles" storage="d:\actions-runner\_work\xpco\xpco\common\videoos.common.logging\tst\videoos.common.logging.unittests\bin\debug\net472\videoos.common.logging.unittests.dll" id="b69751c6-e854-df22-d3a6-a5f459535314">
      <Execution id="10287e48-2671-462e-b40b-71c98d794ff2" />
      <TestMethod codeBase="D:\actions-runner\_work\XPCO\XPCO\Common\VideoOS.Common.Logging\tst\VideoOS.Common.Logging.UnitTests\bin\Debug\net472\VideoOS.Common.Logging.UnitTests.dll" adapterTypeName="executor://mstestadapter/v2" className="VideoOS.Common.Logging.UnitTest.LogTest" name="WhenTimePassesRetentionTime_Logger_WillDeleteOldArchiveFiles" />
    </UnitTest>
    <UnitTest name="LoggerOfTypeLogTestCreatedThroughIoC_ServiceCollection_FileLogger_WillWriteToConfiguredFile (False)" storage="d:\actions-runner\_work\xpco\xpco\common\videoos.common.logging\tst\videoos.common.logging.unittests\bin\debug\net472\videoos.common.logging.unittests.dll" id="d49c7fd7-de82-08ba-d7be-e29ad411cecd">
      <Execution id="d05ed092-56bf-401f-97ef-08e21baed34e" />
      <TestMethod codeBase="D:\actions-runner\_work\XPCO\XPCO\Common\VideoOS.Common.Logging\tst\VideoOS.Common.Logging.UnitTests\bin\Debug\net472\VideoOS.Common.Logging.UnitTests.dll" adapterTypeName="executor://mstestadapter/v2" className="VideoOS.Common.Logging.UnitTest.LogTest" name="LoggerOfTypeLogTestCreatedThroughIoC_ServiceCollection_FileLogger_WillWriteToConfiguredFile" />
    </UnitTest>
    <UnitTest name="LoggerCreatedThroughIoC_ServiceCollection_FileLogger_WillWriteToConfiguredFile (Warn)" storage="d:\actions-runner\_work\xpco\xpco\common\videoos.common.logging\tst\videoos.common.logging.unittests\bin\debug\net472\videoos.common.logging.unittests.dll" id="5825e28b-ed12-3c90-747d-8c4e3dbce269">
      <Execution id="da0f4248-e530-479a-a25a-f8f6d3f92477" />
      <TestMethod codeBase="D:\actions-runner\_work\XPCO\XPCO\Common\VideoOS.Common.Logging\tst\VideoOS.Common.Logging.UnitTests\bin\Debug\net472\VideoOS.Common.Logging.UnitTests.dll" adapterTypeName="executor://mstestadapter/v2" className="VideoOS.Common.Logging.UnitTest.LogTest" name="LoggerCreatedThroughIoC_ServiceCollection_FileLogger_WillWriteToConfiguredFile" />
    </UnitTest>
    <UnitTest name="LogCreatedByFactory_HostBuilder_ConsoleLogger_WillWriteToStringWriter (True)" storage="d:\actions-runner\_work\xpco\xpco\common\videoos.common.logging\tst\videoos.common.logging.unittests\bin\debug\net472\videoos.common.logging.unittests.dll" id="cbe8395d-14cc-0871-a242-4eef3b688d82">
      <Execution id="eb2e4133-1b95-46cc-8954-19fa67af9ee6" />
      <TestMethod codeBase="D:\actions-runner\_work\XPCO\XPCO\Common\VideoOS.Common.Logging\tst\VideoOS.Common.Logging.UnitTests\bin\Debug\net472\VideoOS.Common.Logging.UnitTests.dll" adapterTypeName="executor://mstestadapter/v2" className="VideoOS.Common.Logging.UnitTest.LogTest" name="LogCreatedByFactory_HostBuilder_ConsoleLogger_WillWriteToStringWriter" />
    </UnitTest>
    <UnitTest name="LogCreatedThroughIoC_HostBuilder_ConsoleLogger_WillWriteToStringWriter (True)" storage="d:\actions-runner\_work\xpco\xpco\common\videoos.common.logging\tst\videoos.common.logging.unittests\bin\debug\net472\videoos.common.logging.unittests.dll" id="90e073a5-8b84-6dcb-c29a-429f7528caab">
      <Execution id="d3477084-def3-4ce2-a78a-c8626fbd73e0" />
      <TestMethod codeBase="D:\actions-runner\_work\XPCO\XPCO\Common\VideoOS.Common.Logging\tst\VideoOS.Common.Logging.UnitTests\bin\Debug\net472\VideoOS.Common.Logging.UnitTests.dll" adapterTypeName="executor://mstestadapter/v2" className="VideoOS.Common.Logging.UnitTest.LogTest" name="LogCreatedThroughIoC_HostBuilder_ConsoleLogger_WillWriteToStringWriter" />
    </UnitTest>
    <UnitTest name="LogCreatedThroughIoC_ServiceCollection_FileLogger_WillWriteToConfiguredFile (True)" storage="d:\actions-runner\_work\xpco\xpco\common\videoos.common.logging\tst\videoos.common.logging.unittests\bin\debug\net472\videoos.common.logging.unittests.dll" id="6f12a4e4-7264-f713-3c66-bf6485dc3dbb">
      <Execution id="f8e20bc8-b400-4317-9951-09ec60224b7e" />
      <TestMethod codeBase="D:\actions-runner\_work\XPCO\XPCO\Common\VideoOS.Common.Logging\tst\VideoOS.Common.Logging.UnitTests\bin\Debug\net472\VideoOS.Common.Logging.UnitTests.dll" adapterTypeName="executor://mstestadapter/v2" className="VideoOS.Common.Logging.UnitTest.LogTest" name="LogCreatedThroughIoC_ServiceCollection_FileLogger_WillWriteToConfiguredFile" />
    </UnitTest>
    <UnitTest name="LoggerOfTypeLogTestCreatedThroughIoC_ServiceCollection_FileLogger_WillWriteToConfiguredFile (True)" storage="d:\actions-runner\_work\xpco\xpco\common\videoos.common.logging\tst\videoos.common.logging.unittests\bin\debug\net472\videoos.common.logging.unittests.dll" id="444eedca-9a75-6a7a-4186-bab4271c2e66">
      <Execution id="79765163-2672-4d59-a119-f304d5c9ffd1" />
      <TestMethod codeBase="D:\actions-runner\_work\XPCO\XPCO\Common\VideoOS.Common.Logging\tst\VideoOS.Common.Logging.UnitTests\bin\Debug\net472\VideoOS.Common.Logging.UnitTests.dll" adapterTypeName="executor://mstestadapter/v2" className="VideoOS.Common.Logging.UnitTest.LogTest" name="LoggerOfTypeLogTestCreatedThroughIoC_ServiceCollection_FileLogger_WillWriteToConfiguredFile" />
    </UnitTest>
    <UnitTest name="LoggerCreatedThroughIoC_ServiceCollection_FileLogger_WillWriteToConfiguredFile (Debug)" storage="d:\actions-runner\_work\xpco\xpco\common\videoos.common.logging\tst\videoos.common.logging.unittests\bin\debug\net472\videoos.common.logging.unittests.dll" id="fc05a72c-80f0-a2f8-2732-39011e042a50">
      <Execution id="cc032114-1fcf-4c29-b6f9-7da408cca9e3" />
      <TestMethod codeBase="D:\actions-runner\_work\XPCO\XPCO\Common\VideoOS.Common.Logging\tst\VideoOS.Common.Logging.UnitTests\bin\Debug\net472\VideoOS.Common.Logging.UnitTests.dll" adapterTypeName="executor://mstestadapter/v2" className="VideoOS.Common.Logging.UnitTest.LogTest" name="LoggerCreatedThroughIoC_ServiceCollection_FileLogger_WillWriteToConfiguredFile" />
    </UnitTest>
    <UnitTest name="LogCreatedWith3TargetsWithDifferentLogLevels_WhenLogging_AllTargetsWillTheirSpecifiedLogLevels" storage="d:\actions-runner\_work\xpco\xpco\common\videoos.common.logging\tst\videoos.common.logging.unittests\bin\debug\net472\videoos.common.logging.unittests.dll" id="4e94fac4-8368-190b-d5eb-b7e26431d1a5">
      <Execution id="06e0e3ec-c548-4567-b5bf-b8ae5ff4d53e" />
      <TestMethod codeBase="D:\actions-runner\_work\XPCO\XPCO\Common\VideoOS.Common.Logging\tst\VideoOS.Common.Logging.UnitTests\bin\Debug\net472\VideoOS.Common.Logging.UnitTests.dll" adapterTypeName="executor://mstestadapter/v2" className="VideoOS.Common.Logging.UnitTest.LogTest" name="LogCreatedWith3TargetsWithDifferentLogLevels_WhenLogging_AllTargetsWillTheirSpecifiedLogLevels" />
    </UnitTest>
    <UnitTest name="LoggerCreatedThroughIoC_HostBuilder_FileLogger_WillWriteToConfiguredFile (Warn)" storage="d:\actions-runner\_work\xpco\xpco\common\videoos.common.logging\tst\videoos.common.logging.unittests\bin\debug\net472\videoos.common.logging.unittests.dll" id="0c731dda-9176-db53-0fc5-8e4ece030945">
      <Execution id="e8708f59-4702-4ba6-8025-d5d262d5f1cf" />
      <TestMethod codeBase="D:\actions-runner\_work\XPCO\XPCO\Common\VideoOS.Common.Logging\tst\VideoOS.Common.Logging.UnitTests\bin\Debug\net472\VideoOS.Common.Logging.UnitTests.dll" adapterTypeName="executor://mstestadapter/v2" className="VideoOS.Common.Logging.UnitTest.LogTest" name="LoggerCreatedThroughIoC_HostBuilder_FileLogger_WillWriteToConfiguredFile" />
    </UnitTest>
    <UnitTest name="LogsCreatedWith2FileTargetsWith2LoggerName_WhenLogging_LogStatementsAreWrittenToCorrectLog" storage="d:\actions-runner\_work\xpco\xpco\common\videoos.common.logging\tst\videoos.common.logging.unittests\bin\debug\net472\videoos.common.logging.unittests.dll" id="aca87e28-2e0b-c31c-1a9b-e857aae90a97">
      <Execution id="38edfbec-e4bf-4bbb-9e32-e76d9b27f6ca" />
      <TestMethod codeBase="D:\actions-runner\_work\XPCO\XPCO\Common\VideoOS.Common.Logging\tst\VideoOS.Common.Logging.UnitTests\bin\Debug\net472\VideoOS.Common.Logging.UnitTests.dll" adapterTypeName="executor://mstestadapter/v2" className="VideoOS.Common.Logging.UnitTest.LogTest" name="LogsCreatedWith2FileTargetsWith2LoggerName_WhenLogging_LogStatementsAreWrittenToCorrectLog" />
    </UnitTest>
    <UnitTest name="FileLoggerCreated_when_Logging_TheLayoutOfTheLogLinesAreCorrect (False)" storage="d:\actions-runner\_work\xpco\xpco\common\videoos.common.logging\tst\videoos.common.logging.unittests\bin\debug\net472\videoos.common.logging.unittests.dll" id="dd5dcb82-a6d8-cd15-7452-488da9bf5c6c">
      <Execution id="af988022-a2ca-453f-916b-8636e872588b" />
      <TestMethod codeBase="D:\actions-runner\_work\XPCO\XPCO\Common\VideoOS.Common.Logging\tst\VideoOS.Common.Logging.UnitTests\bin\Debug\net472\VideoOS.Common.Logging.UnitTests.dll" adapterTypeName="executor://mstestadapter/v2" className="VideoOS.Common.Logging.UnitTest.LogTest" name="FileLoggerCreated_when_Logging_TheLayoutOfTheLogLinesAreCorrect" />
    </UnitTest>
    <UnitTest name="LoggerCreatedThroughIoC_HostBuilder_FileLogger_WillWriteToConfiguredFile (Error)" storage="d:\actions-runner\_work\xpco\xpco\common\videoos.common.logging\tst\videoos.common.logging.unittests\bin\debug\net472\videoos.common.logging.unittests.dll" id="403e502b-4ac7-ef6c-62b1-c2762594b0b6">
      <Execution id="2eebb8b8-8a2a-46f9-9881-01825d87ace5" />
      <TestMethod codeBase="D:\actions-runner\_work\XPCO\XPCO\Common\VideoOS.Common.Logging\tst\VideoOS.Common.Logging.UnitTests\bin\Debug\net472\VideoOS.Common.Logging.UnitTests.dll" adapterTypeName="executor://mstestadapter/v2" className="VideoOS.Common.Logging.UnitTest.LogTest" name="LoggerCreatedThroughIoC_HostBuilder_FileLogger_WillWriteToConfiguredFile" />
    </UnitTest>
    <UnitTest name="LogCreatedThroughIoC_HostBuilder_FileLogger_WillWriteToConfiguredFile (True)" storage="d:\actions-runner\_work\xpco\xpco\common\videoos.common.logging\tst\videoos.common.logging.unittests\bin\debug\net472\videoos.common.logging.unittests.dll" id="de4c2193-170f-bdc2-bb09-2065e4f99fef">
      <Execution id="269f04a7-763f-4618-8c6b-2eac21c89156" />
      <TestMethod codeBase="D:\actions-runner\_work\XPCO\XPCO\Common\VideoOS.Common.Logging\tst\VideoOS.Common.Logging.UnitTests\bin\Debug\net472\VideoOS.Common.Logging.UnitTests.dll" adapterTypeName="executor://mstestadapter/v2" className="VideoOS.Common.Logging.UnitTest.LogTest" name="LogCreatedThroughIoC_HostBuilder_FileLogger_WillWriteToConfiguredFile" />
    </UnitTest>
    <UnitTest name="LogCreatedByFactory_FileLogger_AllLogLevels_WillWriteToConfiguredFile (Debug)" storage="d:\actions-runner\_work\xpco\xpco\common\videoos.common.logging\tst\videoos.common.logging.unittests\bin\debug\net472\videoos.common.logging.unittests.dll" id="784cc296-f7e5-2d5e-9848-82eafda9cbaa">
      <Execution id="433d1886-6792-451a-a34a-7f5107f5a189" />
      <TestMethod codeBase="D:\actions-runner\_work\XPCO\XPCO\Common\VideoOS.Common.Logging\tst\VideoOS.Common.Logging.UnitTests\bin\Debug\net472\VideoOS.Common.Logging.UnitTests.dll" adapterTypeName="executor://mstestadapter/v2" className="VideoOS.Common.Logging.UnitTest.LogTest" name="LogCreatedByFactory_FileLogger_AllLogLevels_WillWriteToConfiguredFile" />
    </UnitTest>
    <UnitTest name="WhenExceedingArchiveAboveSize_Logger_WillCreateAnArchiveFile (5)" storage="d:\actions-runner\_work\xpco\xpco\common\videoos.common.logging\tst\videoos.common.logging.unittests\bin\debug\net472\videoos.common.logging.unittests.dll" id="faa22e41-8745-bc7e-e308-e1e1bfb115fb">
      <Execution id="cca1a87e-233b-4985-8ee6-5cf1868666c8" />
      <TestMethod codeBase="D:\actions-runner\_work\XPCO\XPCO\Common\VideoOS.Common.Logging\tst\VideoOS.Common.Logging.UnitTests\bin\Debug\net472\VideoOS.Common.Logging.UnitTests.dll" adapterTypeName="executor://mstestadapter/v2" className="VideoOS.Common.Logging.UnitTest.LogTest" name="WhenExceedingArchiveAboveSize_Logger_WillCreateAnArchiveFile" />
    </UnitTest>
    <UnitTest name="FileLoggerCreated_when_Logging_TheLayoutOfTheLogLinesAreCorrect (True)" storage="d:\actions-runner\_work\xpco\xpco\common\videoos.common.logging\tst\videoos.common.logging.unittests\bin\debug\net472\videoos.common.logging.unittests.dll" id="3dee4557-0acb-d3b9-53f9-d3f7a55ce616">
      <Execution id="ffad2f41-3b17-4ed5-be6f-9d793853e9cc" />
      <TestMethod codeBase="D:\actions-runner\_work\XPCO\XPCO\Common\VideoOS.Common.Logging\tst\VideoOS.Common.Logging.UnitTests\bin\Debug\net472\VideoOS.Common.Logging.UnitTests.dll" adapterTypeName="executor://mstestadapter/v2" className="VideoOS.Common.Logging.UnitTest.LogTest" name="FileLoggerCreated_when_Logging_TheLayoutOfTheLogLinesAreCorrect" />
    </UnitTest>
    <UnitTest name="LogCreatedThroughIoC_ServiceCollection_ConsoleLogger_WillWriteToStringWriter (True)" storage="d:\actions-runner\_work\xpco\xpco\common\videoos.common.logging\tst\videoos.common.logging.unittests\bin\debug\net472\videoos.common.logging.unittests.dll" id="fff951db-a9ac-7088-4c5a-55e687ece90c">
      <Execution id="02e7d9f1-3cd8-4a6b-876d-e551c1150218" />
      <TestMethod codeBase="D:\actions-runner\_work\XPCO\XPCO\Common\VideoOS.Common.Logging\tst\VideoOS.Common.Logging.UnitTests\bin\Debug\net472\VideoOS.Common.Logging.UnitTests.dll" adapterTypeName="executor://mstestadapter/v2" className="VideoOS.Common.Logging.UnitTest.LogTest" name="LogCreatedThroughIoC_ServiceCollection_ConsoleLogger_WillWriteToStringWriter" />
    </UnitTest>
    <UnitTest name="LogCreatedByFactory_FileLogger_AllLogLevels_WillWriteToConfiguredFile (Error)" storage="d:\actions-runner\_work\xpco\xpco\common\videoos.common.logging\tst\videoos.common.logging.unittests\bin\debug\net472\videoos.common.logging.unittests.dll" id="c68e9a4f-dd33-5ad3-f3af-5865c537c50e">
      <Execution id="5bf3fd0b-3c4c-4072-af9c-1b4b00917f84" />
      <TestMethod codeBase="D:\actions-runner\_work\XPCO\XPCO\Common\VideoOS.Common.Logging\tst\VideoOS.Common.Logging.UnitTests\bin\Debug\net472\VideoOS.Common.Logging.UnitTests.dll" adapterTypeName="executor://mstestadapter/v2" className="VideoOS.Common.Logging.UnitTest.LogTest" name="LogCreatedByFactory_FileLogger_AllLogLevels_WillWriteToConfiguredFile" />
    </UnitTest>
    <UnitTest name="LoggerCreatedThroughIoC_HostBuilder_FileLogger_WillWriteToConfiguredFile (Info)" storage="d:\actions-runner\_work\xpco\xpco\common\videoos.common.logging\tst\videoos.common.logging.unittests\bin\debug\net472\videoos.common.logging.unittests.dll" id="f6a746f5-ff88-dd52-c6a1-1924eb996ea6">
      <Execution id="e930b043-3da8-4e8e-8186-303ae76df66a" />
      <TestMethod codeBase="D:\actions-runner\_work\XPCO\XPCO\Common\VideoOS.Common.Logging\tst\VideoOS.Common.Logging.UnitTests\bin\Debug\net472\VideoOS.Common.Logging.UnitTests.dll" adapterTypeName="executor://mstestadapter/v2" className="VideoOS.Common.Logging.UnitTest.LogTest" name="LoggerCreatedThroughIoC_HostBuilder_FileLogger_WillWriteToConfiguredFile" />
    </UnitTest>
    <UnitTest name="WhenLoadingATypicalConfiguration_TheILogConfigurationIsInitialized" storage="d:\actions-runner\_work\xpco\xpco\common\videoos.common.logging\tst\videoos.common.logging.unittests\bin\debug\net472\videoos.common.logging.unittests.dll" id="af52b379-5ec2-b536-23d6-383b0c28b10c">
      <Execution id="212abc36-2ce7-4a52-b729-29cc4a33cd4d" />
      <TestMethod codeBase="D:\actions-runner\_work\XPCO\XPCO\Common\VideoOS.Common.Logging\tst\VideoOS.Common.Logging.UnitTests\bin\Debug\net472\VideoOS.Common.Logging.UnitTests.dll" adapterTypeName="executor://mstestadapter/v2" className="VideoOS.Common.Logging.UnitTest.LogConfigurationTest" name="WhenLoadingATypicalConfiguration_TheILogConfigurationIsInitialized" />
    </UnitTest>
    <UnitTest name="LogCreatedByFactory_ServiceCollection_ConsoleLogger_WillWriteToStringWriter (True)" storage="d:\actions-runner\_work\xpco\xpco\common\videoos.common.logging\tst\videoos.common.logging.unittests\bin\debug\net472\videoos.common.logging.unittests.dll" id="99de4013-9d04-f50c-18d6-27f5cae2f068">
      <Execution id="193322bc-3adb-4940-8f64-5a04012a209c" />
      <TestMethod codeBase="D:\actions-runner\_work\XPCO\XPCO\Common\VideoOS.Common.Logging\tst\VideoOS.Common.Logging.UnitTests\bin\Debug\net472\VideoOS.Common.Logging.UnitTests.dll" adapterTypeName="executor://mstestadapter/v2" className="VideoOS.Common.Logging.UnitTest.LogTest" name="LogCreatedByFactory_ServiceCollection_ConsoleLogger_WillWriteToStringWriter" />
    </UnitTest>
    <UnitTest name="LogCreatedByFactory_FileLogger_WillWriteToConfiguredFile (False)" storage="d:\actions-runner\_work\xpco\xpco\common\videoos.common.logging\tst\videoos.common.logging.unittests\bin\debug\net472\videoos.common.logging.unittests.dll" id="6cdd53b7-26ae-def6-4008-58de62267d0f">
      <Execution id="f95ab0a2-ff36-449e-a43e-be12dd2e11f1" />
      <TestMethod codeBase="D:\actions-runner\_work\XPCO\XPCO\Common\VideoOS.Common.Logging\tst\VideoOS.Common.Logging.UnitTests\bin\Debug\net472\VideoOS.Common.Logging.UnitTests.dll" adapterTypeName="executor://mstestadapter/v2" className="VideoOS.Common.Logging.UnitTest.LogTest" name="LogCreatedByFactory_FileLogger_WillWriteToConfiguredFile" />
    </UnitTest>
    <UnitTest name="LoggerCreatedThroughIoC_HostBuilder_FileLogger_WillWriteToConfiguredFile (Debug)" storage="d:\actions-runner\_work\xpco\xpco\common\videoos.common.logging\tst\videoos.common.logging.unittests\bin\debug\net472\videoos.common.logging.unittests.dll" id="f95c26a8-c543-8f1a-9ca2-35d735052f45">
      <Execution id="2cdcf587-3998-40ec-97a9-baaa36f0002c" />
      <TestMethod codeBase="D:\actions-runner\_work\XPCO\XPCO\Common\VideoOS.Common.Logging\tst\VideoOS.Common.Logging.UnitTests\bin\Debug\net472\VideoOS.Common.Logging.UnitTests.dll" adapterTypeName="executor://mstestadapter/v2" className="VideoOS.Common.Logging.UnitTest.LogTest" name="LoggerCreatedThroughIoC_HostBuilder_FileLogger_WillWriteToConfiguredFile" />
    </UnitTest>
    <UnitTest name="LoggerOfTypeLogTestCreatedThroughIoC_HostBuilder_FileLogger_WillWriteToConfiguredFile (True)" storage="d:\actions-runner\_work\xpco\xpco\common\videoos.common.logging\tst\videoos.common.logging.unittests\bin\debug\net472\videoos.common.logging.unittests.dll" id="649ec206-129b-3044-6068-ec72d15a6095">
      <Execution id="f8f50598-3538-497d-9e92-02d84661aaca" />
      <TestMethod codeBase="D:\actions-runner\_work\XPCO\XPCO\Common\VideoOS.Common.Logging\tst\VideoOS.Common.Logging.UnitTests\bin\Debug\net472\VideoOS.Common.Logging.UnitTests.dll" adapterTypeName="executor://mstestadapter/v2" className="VideoOS.Common.Logging.UnitTest.LogTest" name="LoggerOfTypeLogTestCreatedThroughIoC_HostBuilder_FileLogger_WillWriteToConfiguredFile" />
    </UnitTest>
    <UnitTest name="LoggerCreatedThroughIoC_ServiceCollection_FileLogger_WillWriteToConfiguredFile (Error)" storage="d:\actions-runner\_work\xpco\xpco\common\videoos.common.logging\tst\videoos.common.logging.unittests\bin\debug\net472\videoos.common.logging.unittests.dll" id="bc636bb5-fd84-f7ba-bf73-30f03f2af620">
      <Execution id="8194baca-8582-4650-9ab5-c0d2c29ef73b" />
      <TestMethod codeBase="D:\actions-runner\_work\XPCO\XPCO\Common\VideoOS.Common.Logging\tst\VideoOS.Common.Logging.UnitTests\bin\Debug\net472\VideoOS.Common.Logging.UnitTests.dll" adapterTypeName="executor://mstestadapter/v2" className="VideoOS.Common.Logging.UnitTest.LogTest" name="LoggerCreatedThroughIoC_ServiceCollection_FileLogger_WillWriteToConfiguredFile" />
    </UnitTest>
    <UnitTest name="LogCreatedWithTwoTargets_WhenLogging_BothTargetsWillLog" storage="d:\actions-runner\_work\xpco\xpco\common\videoos.common.logging\tst\videoos.common.logging.unittests\bin\debug\net472\videoos.common.logging.unittests.dll" id="a4f2c673-a08a-8f5f-ba84-0be2fd10588e">
      <Execution id="eb4db2f7-8023-44f4-b7bf-dcc0459d0879" />
      <TestMethod codeBase="D:\actions-runner\_work\XPCO\XPCO\Common\VideoOS.Common.Logging\tst\VideoOS.Common.Logging.UnitTests\bin\Debug\net472\VideoOS.Common.Logging.UnitTests.dll" adapterTypeName="executor://mstestadapter/v2" className="VideoOS.Common.Logging.UnitTest.LogTest" name="LogCreatedWithTwoTargets_WhenLogging_BothTargetsWillLog" />
    </UnitTest>
    <UnitTest name="LoggerCreatedThroughIoC_HostBuilder_ConsoleLogger_WillWriteToStringWriter (True)" storage="d:\actions-runner\_work\xpco\xpco\common\videoos.common.logging\tst\videoos.common.logging.unittests\bin\debug\net472\videoos.common.logging.unittests.dll" id="572c8c28-25e6-b857-0630-5b98bf53b055">
      <Execution id="fff906b7-7fb3-406c-827c-79b9e400b503" />
      <TestMethod codeBase="D:\actions-runner\_work\XPCO\XPCO\Common\VideoOS.Common.Logging\tst\VideoOS.Common.Logging.UnitTests\bin\Debug\net472\VideoOS.Common.Logging.UnitTests.dll" adapterTypeName="executor://mstestadapter/v2" className="VideoOS.Common.Logging.UnitTest.LogTest" name="LoggerCreatedThroughIoC_HostBuilder_ConsoleLogger_WillWriteToStringWriter" />
    </UnitTest>
    <UnitTest name="LoggerCreatedThroughIoC_HostBuilder_ConsoleLogger_WillWriteToStringWriter (False)" storage="d:\actions-runner\_work\xpco\xpco\common\videoos.common.logging\tst\videoos.common.logging.unittests\bin\debug\net472\videoos.common.logging.unittests.dll" id="ad00d3f7-1e26-00ab-ee06-16ce28ebff31">
      <Execution id="211ac644-8ec0-453f-b23a-3177e0480aab" />
      <TestMethod codeBase="D:\actions-runner\_work\XPCO\XPCO\Common\VideoOS.Common.Logging\tst\VideoOS.Common.Logging.UnitTests\bin\Debug\net472\VideoOS.Common.Logging.UnitTests.dll" adapterTypeName="executor://mstestadapter/v2" className="VideoOS.Common.Logging.UnitTest.LogTest" name="LoggerCreatedThroughIoC_HostBuilder_ConsoleLogger_WillWriteToStringWriter" />
    </UnitTest>
    <UnitTest name="LogCreatedByFactory_ServiceCollection_ConsoleLogger_WillWriteToStringWriter (False)" storage="d:\actions-runner\_work\xpco\xpco\common\videoos.common.logging\tst\videoos.common.logging.unittests\bin\debug\net472\videoos.common.logging.unittests.dll" id="3c49f072-72fe-6e53-46cc-5836e18de914">
      <Execution id="eef20187-429b-4639-8261-8335dc1c995f" />
      <TestMethod codeBase="D:\actions-runner\_work\XPCO\XPCO\Common\VideoOS.Common.Logging\tst\VideoOS.Common.Logging.UnitTests\bin\Debug\net472\VideoOS.Common.Logging.UnitTests.dll" adapterTypeName="executor://mstestadapter/v2" className="VideoOS.Common.Logging.UnitTest.LogTest" name="LogCreatedByFactory_ServiceCollection_ConsoleLogger_WillWriteToStringWriter" />
    </UnitTest>
    <UnitTest name="LogCreatedByFactory_FileLogger_WillWriteToConfiguredFile (True)" storage="d:\actions-runner\_work\xpco\xpco\common\videoos.common.logging\tst\videoos.common.logging.unittests\bin\debug\net472\videoos.common.logging.unittests.dll" id="5c46bed1-3f77-d9ca-9306-6287f7359983">
      <Execution id="24bd65e0-f732-46ea-9337-a53d6f09d907" />
      <TestMethod codeBase="D:\actions-runner\_work\XPCO\XPCO\Common\VideoOS.Common.Logging\tst\VideoOS.Common.Logging.UnitTests\bin\Debug\net472\VideoOS.Common.Logging.UnitTests.dll" adapterTypeName="executor://mstestadapter/v2" className="VideoOS.Common.Logging.UnitTest.LogTest" name="LogCreatedByFactory_FileLogger_WillWriteToConfiguredFile" />
    </UnitTest>
    <UnitTest name="WhenADayPasses_Logger_WillCreateAnArchiveFiles" storage="d:\actions-runner\_work\xpco\xpco\common\videoos.common.logging\tst\videoos.common.logging.unittests\bin\debug\net472\videoos.common.logging.unittests.dll" id="32da627d-3735-3ade-dbbf-7986f3701ad1">
      <Execution id="97cc5dda-981b-4c75-8d4f-80a9faf0e879" />
      <TestMethod codeBase="D:\actions-runner\_work\XPCO\XPCO\Common\VideoOS.Common.Logging\tst\VideoOS.Common.Logging.UnitTests\bin\Debug\net472\VideoOS.Common.Logging.UnitTests.dll" adapterTypeName="executor://mstestadapter/v2" className="VideoOS.Common.Logging.UnitTest.LogTest" name="WhenADayPasses_Logger_WillCreateAnArchiveFiles" />
    </UnitTest>
    <UnitTest name="WhenLoadingAFullConfiguration_TheILogConfigurationIsInitialized" storage="d:\actions-runner\_work\xpco\xpco\common\videoos.common.logging\tst\videoos.common.logging.unittests\bin\debug\net472\videoos.common.logging.unittests.dll" id="96d604e8-0d41-8777-a315-9a0cb8b5d048">
      <Execution id="f463d099-b774-4677-a5fa-33211fba840f" />
      <TestMethod codeBase="D:\actions-runner\_work\XPCO\XPCO\Common\VideoOS.Common.Logging\tst\VideoOS.Common.Logging.UnitTests\bin\Debug\net472\VideoOS.Common.Logging.UnitTests.dll" adapterTypeName="executor://mstestadapter/v2" className="VideoOS.Common.Logging.UnitTest.LogConfigurationTest" name="WhenLoadingAFullConfiguration_TheILogConfigurationIsInitialized" />
    </UnitTest>
    <UnitTest name="LogCreatedThroughIoC_HostBuilder_ConsoleLogger_WillWriteToStringWriter (False)" storage="d:\actions-runner\_work\xpco\xpco\common\videoos.common.logging\tst\videoos.common.logging.unittests\bin\debug\net472\videoos.common.logging.unittests.dll" id="0028b562-7340-c11c-4979-9fe3cbf01821">
      <Execution id="5c26fcb9-53ff-490f-92a4-c3eaa3c688dd" />
      <TestMethod codeBase="D:\actions-runner\_work\XPCO\XPCO\Common\VideoOS.Common.Logging\tst\VideoOS.Common.Logging.UnitTests\bin\Debug\net472\VideoOS.Common.Logging.UnitTests.dll" adapterTypeName="executor://mstestadapter/v2" className="VideoOS.Common.Logging.UnitTest.LogTest" name="LogCreatedThroughIoC_HostBuilder_ConsoleLogger_WillWriteToStringWriter" />
    </UnitTest>
    <UnitTest name="LogCreatedByFactory_FileLogger_AllLogLevels_WillWriteToConfiguredFile (Warn)" storage="d:\actions-runner\_work\xpco\xpco\common\videoos.common.logging\tst\videoos.common.logging.unittests\bin\debug\net472\videoos.common.logging.unittests.dll" id="6c6d525e-74c7-a08a-386c-ecebb15fa43a">
      <Execution id="6363fe73-05ae-4267-afd5-a6c28296e453" />
      <TestMethod codeBase="D:\actions-runner\_work\XPCO\XPCO\Common\VideoOS.Common.Logging\tst\VideoOS.Common.Logging.UnitTests\bin\Debug\net472\VideoOS.Common.Logging.UnitTests.dll" adapterTypeName="executor://mstestadapter/v2" className="VideoOS.Common.Logging.UnitTest.LogTest" name="LogCreatedByFactory_FileLogger_AllLogLevels_WillWriteToConfiguredFile" />
    </UnitTest>
    <UnitTest name="WhenLoadingAFullConfiguration_LoggersCanbeTurnedOffByTheAdHocConfiguration" storage="d:\actions-runner\_work\xpco\xpco\common\videoos.common.logging\tst\videoos.common.logging.unittests\bin\debug\net472\videoos.common.logging.unittests.dll" id="e2d123e9-9809-e280-6a68-ddbede79b20b">
      <Execution id="ddf5ed98-830b-45bc-add3-e9caa0a83fd4" />
      <TestMethod codeBase="D:\actions-runner\_work\XPCO\XPCO\Common\VideoOS.Common.Logging\tst\VideoOS.Common.Logging.UnitTests\bin\Debug\net472\VideoOS.Common.Logging.UnitTests.dll" adapterTypeName="executor://mstestadapter/v2" className="VideoOS.Common.Logging.UnitTest.LogConfigurationTest" name="WhenLoadingAFullConfiguration_LoggersCanbeTurnedOffByTheAdHocConfiguration" />
    </UnitTest>
  </TestDefinitions>
  <TestEntries>
    <TestEntry testId="f6a746f5-ff88-dd52-c6a1-1924eb996ea6" executionId="e930b043-3da8-4e8e-8186-303ae76df66a" testListId="8c84fa94-04c1-424b-9868-57a2d4851a1d" />
    <TestEntry testId="444eedca-9a75-6a7a-4186-bab4271c2e66" executionId="79765163-2672-4d59-a119-f304d5c9ffd1" testListId="8c84fa94-04c1-424b-9868-57a2d4851a1d" />
    <TestEntry testId="6f12a4e4-7264-f713-3c66-bf6485dc3dbb" executionId="f8e20bc8-b400-4317-9951-09ec60224b7e" testListId="8c84fa94-04c1-424b-9868-57a2d4851a1d" />
    <TestEntry testId="bc636bb5-fd84-f7ba-bf73-30f03f2af620" executionId="8194baca-8582-4650-9ab5-c0d2c29ef73b" testListId="8c84fa94-04c1-424b-9868-57a2d4851a1d" />
    <TestEntry testId="a4f2c673-a08a-8f5f-ba84-0be2fd10588e" executionId="eb4db2f7-8023-44f4-b7bf-dcc0459d0879" testListId="8c84fa94-04c1-424b-9868-57a2d4851a1d" />
    <TestEntry testId="a460eb6f-0731-bad3-c17a-53302a999a39" executionId="385bbe03-6f3f-4d62-b502-fbe52630d018" testListId="8c84fa94-04c1-424b-9868-57a2d4851a1d" />
    <TestEntry testId="99de4013-9d04-f50c-18d6-27f5cae2f068" executionId="193322bc-3adb-4940-8f64-5a04012a209c" testListId="8c84fa94-04c1-424b-9868-57a2d4851a1d" />
    <TestEntry testId="fff951db-a9ac-7088-4c5a-55e687ece90c" executionId="02e7d9f1-3cd8-4a6b-876d-e551c1150218" testListId="8c84fa94-04c1-424b-9868-57a2d4851a1d" />
    <TestEntry testId="faa22e41-8745-bc7e-e308-e1e1bfb115fb" executionId="cca1a87e-233b-4985-8ee6-5cf1868666c8" testListId="8c84fa94-04c1-424b-9868-57a2d4851a1d" />
    <TestEntry testId="aca87e28-2e0b-c31c-1a9b-e857aae90a97" executionId="38edfbec-e4bf-4bbb-9e32-e76d9b27f6ca" testListId="8c84fa94-04c1-424b-9868-57a2d4851a1d" />
    <TestEntry testId="784cc296-f7e5-2d5e-9848-82eafda9cbaa" executionId="433d1886-6792-451a-a34a-7f5107f5a189" testListId="8c84fa94-04c1-424b-9868-57a2d4851a1d" />
    <TestEntry testId="0028b562-7340-c11c-4979-9fe3cbf01821" executionId="5c26fcb9-53ff-490f-92a4-c3eaa3c688dd" testListId="8c84fa94-04c1-424b-9868-57a2d4851a1d" />
    <TestEntry testId="b69751c6-e854-df22-d3a6-a5f459535314" executionId="10287e48-2671-462e-b40b-71c98d794ff2" testListId="8c84fa94-04c1-424b-9868-57a2d4851a1d" />
    <TestEntry testId="3c49f072-72fe-6e53-46cc-5836e18de914" executionId="eef20187-429b-4639-8261-8335dc1c995f" testListId="8c84fa94-04c1-424b-9868-57a2d4851a1d" />
    <TestEntry testId="4e94fac4-8368-190b-d5eb-b7e26431d1a5" executionId="06e0e3ec-c548-4567-b5bf-b8ae5ff4d53e" testListId="8c84fa94-04c1-424b-9868-57a2d4851a1d" />
    <TestEntry testId="e06027ea-1952-c757-21ae-95f8f49384d5" executionId="e5bfa8fa-389a-4601-a7bf-7f34266523db" testListId="8c84fa94-04c1-424b-9868-57a2d4851a1d" />
    <TestEntry testId="af52b379-5ec2-b536-23d6-383b0c28b10c" executionId="212abc36-2ce7-4a52-b729-29cc4a33cd4d" testListId="8c84fa94-04c1-424b-9868-57a2d4851a1d" />
    <TestEntry testId="32da627d-3735-3ade-dbbf-7986f3701ad1" executionId="97cc5dda-981b-4c75-8d4f-80a9faf0e879" testListId="8c84fa94-04c1-424b-9868-57a2d4851a1d" />
    <TestEntry testId="3b171404-d238-c62a-dd34-5cc4efa966f1" executionId="97105b49-89dc-4a9b-82b9-339e706dac8b" testListId="8c84fa94-04c1-424b-9868-57a2d4851a1d" />
    <TestEntry testId="3a118461-8324-a2b5-da2d-45624d262212" executionId="2d65e741-a9cb-437f-9ade-3fdd5a62596b" testListId="8c84fa94-04c1-424b-9868-57a2d4851a1d" />
    <TestEntry testId="dd5dcb82-a6d8-cd15-7452-488da9bf5c6c" executionId="af988022-a2ca-453f-916b-8636e872588b" testListId="8c84fa94-04c1-424b-9868-57a2d4851a1d" />
    <TestEntry testId="fc05a72c-80f0-a2f8-2732-39011e042a50" executionId="cc032114-1fcf-4c29-b6f9-7da408cca9e3" testListId="8c84fa94-04c1-424b-9868-57a2d4851a1d" />
    <TestEntry testId="25912a8f-57de-74c1-a5de-050b0a6afb88" executionId="1873940b-104a-4014-a79b-983c22b429a3" testListId="8c84fa94-04c1-424b-9868-57a2d4851a1d" />
    <TestEntry testId="f95c26a8-c543-8f1a-9ca2-35d735052f45" executionId="2cdcf587-3998-40ec-97a9-baaa36f0002c" testListId="8c84fa94-04c1-424b-9868-57a2d4851a1d" />
    <TestEntry testId="3dee4557-0acb-d3b9-53f9-d3f7a55ce616" executionId="ffad2f41-3b17-4ed5-be6f-9d793853e9cc" testListId="8c84fa94-04c1-424b-9868-57a2d4851a1d" />
    <TestEntry testId="96d604e8-0d41-8777-a315-9a0cb8b5d048" executionId="f463d099-b774-4677-a5fa-33211fba840f" testListId="8c84fa94-04c1-424b-9868-57a2d4851a1d" />
    <TestEntry testId="649ec206-129b-3044-6068-ec72d15a6095" executionId="f8f50598-3538-497d-9e92-02d84661aaca" testListId="8c84fa94-04c1-424b-9868-57a2d4851a1d" />
    <TestEntry testId="e0522049-5ae1-70de-1f9f-c29de46f5543" executionId="90dfc91e-a745-40c7-abfa-01335ef44de8" testListId="8c84fa94-04c1-424b-9868-57a2d4851a1d" />
    <TestEntry testId="403e502b-4ac7-ef6c-62b1-c2762594b0b6" executionId="2eebb8b8-8a2a-46f9-9881-01825d87ace5" testListId="8c84fa94-04c1-424b-9868-57a2d4851a1d" />
    <TestEntry testId="12cf0786-3c72-0df4-59c6-25ea16c46b90" executionId="760e9916-010e-4777-a031-23960da1e586" testListId="8c84fa94-04c1-424b-9868-57a2d4851a1d" />
    <TestEntry testId="90e073a5-8b84-6dcb-c29a-429f7528caab" executionId="d3477084-def3-4ce2-a78a-c8626fbd73e0" testListId="8c84fa94-04c1-424b-9868-57a2d4851a1d" />
    <TestEntry testId="6c6d525e-74c7-a08a-386c-ecebb15fa43a" executionId="6363fe73-05ae-4267-afd5-a6c28296e453" testListId="8c84fa94-04c1-424b-9868-57a2d4851a1d" />
    <TestEntry testId="68e7ad01-01fd-c512-ed5b-61f4025bfa60" executionId="2bd61426-a975-43d1-8e75-65445da39d9d" testListId="8c84fa94-04c1-424b-9868-57a2d4851a1d" />
    <TestEntry testId="e2d123e9-9809-e280-6a68-ddbede79b20b" executionId="ddf5ed98-830b-45bc-add3-e9caa0a83fd4" testListId="8c84fa94-04c1-424b-9868-57a2d4851a1d" />
    <TestEntry testId="f039a932-75bb-3ed0-4e11-55e973c62663" executionId="2cc3da87-9424-4b1d-97a3-2a408977b842" testListId="8c84fa94-04c1-424b-9868-57a2d4851a1d" />
    <TestEntry testId="5825e28b-ed12-3c90-747d-8c4e3dbce269" executionId="da0f4248-e530-479a-a25a-f8f6d3f92477" testListId="8c84fa94-04c1-424b-9868-57a2d4851a1d" />
    <TestEntry testId="cbe8395d-14cc-0871-a242-4eef3b688d82" executionId="eb2e4133-1b95-46cc-8954-19fa67af9ee6" testListId="8c84fa94-04c1-424b-9868-57a2d4851a1d" />
    <TestEntry testId="572c8c28-25e6-b857-0630-5b98bf53b055" executionId="fff906b7-7fb3-406c-827c-79b9e400b503" testListId="8c84fa94-04c1-424b-9868-57a2d4851a1d" />
    <TestEntry testId="ad00d3f7-1e26-00ab-ee06-16ce28ebff31" executionId="211ac644-8ec0-453f-b23a-3177e0480aab" testListId="8c84fa94-04c1-424b-9868-57a2d4851a1d" />
    <TestEntry testId="6cdd53b7-26ae-def6-4008-58de62267d0f" executionId="f95ab0a2-ff36-449e-a43e-be12dd2e11f1" testListId="8c84fa94-04c1-424b-9868-57a2d4851a1d" />
    <TestEntry testId="d49c7fd7-de82-08ba-d7be-e29ad411cecd" executionId="d05ed092-56bf-401f-97ef-08e21baed34e" testListId="8c84fa94-04c1-424b-9868-57a2d4851a1d" />
    <TestEntry testId="e92ac73f-63b3-399b-b871-931b535e0958" executionId="1ed44c0e-0d3d-4bc0-adba-8e13b7929fd9" testListId="8c84fa94-04c1-424b-9868-57a2d4851a1d" />
    <TestEntry testId="5c46bed1-3f77-d9ca-9306-6287f7359983" executionId="24bd65e0-f732-46ea-9337-a53d6f09d907" testListId="8c84fa94-04c1-424b-9868-57a2d4851a1d" />
    <TestEntry testId="c68e9a4f-dd33-5ad3-f3af-5865c537c50e" executionId="5bf3fd0b-3c4c-4072-af9c-1b4b00917f84" testListId="8c84fa94-04c1-424b-9868-57a2d4851a1d" />
    <TestEntry testId="0c731dda-9176-db53-0fc5-8e4ece030945" executionId="e8708f59-4702-4ba6-8025-d5d262d5f1cf" testListId="8c84fa94-04c1-424b-9868-57a2d4851a1d" />
    <TestEntry testId="de4c2193-170f-bdc2-bb09-2065e4f99fef" executionId="269f04a7-763f-4618-8c6b-2eac21c89156" testListId="8c84fa94-04c1-424b-9868-57a2d4851a1d" />
    <TestEntry testId="b04ea105-094d-771e-4bf5-3c599a519c9c" executionId="8b8e23fa-b2f2-4344-a82c-129ee92e753d" testListId="8c84fa94-04c1-424b-9868-57a2d4851a1d" />
  </TestEntries>
  <TestLists>
    <TestList name="Results Not in a List" id="8c84fa94-04c1-424b-9868-57a2d4851a1d" />
    <TestList name="All Loaded Results" id="19431567-8539-422a-85d7-44ee4e166bda" />
  </TestLists>
  <ResultSummary outcome="Completed">
    <Counters total="47" executed="47" passed="47" failed="0" error="0" timeout="0" aborted="0" inconclusive="0" passedButRunAborted="0" notRunnable="0" notExecuted="0" disconnected="0" warning="0" completed="0" inProgress="0" pending="0" />
  </ResultSummary>
</TestRun>