<?xml version="1.0" encoding="utf-8"?>
<TestRun id="44475ea3-f4de-4687-8e06-8c7b51210a22" name="DKSR-EFI-04$@DKSR-EFI-04 2023-12-22 09:34:06" runUser="NT AUTHORITY\NETWORK SERVICE" xmlns="http://microsoft.com/schemas/VisualStudio/TeamTest/2010">
  <Times creation="2023-12-22T09:34:06.9126675+01:00" queuing="2023-12-22T09:34:06.9126675+01:00" start="2023-12-22T09:33:56.7407458+01:00" finish="2023-12-22T09:34:46.5222440+01:00" />
  <TestSettings name="default" id="3b2ce9c6-e7df-4592-b081-4324bfb75e06">
    <Deployment runDeploymentRoot="DKSR-EFI-04$_DKSR-EFI-04_2023-12-22_09_34_06" />
  </TestSettings>
  <Results>
    <UnitTestResult executionId="482ffe52-59eb-439a-b58a-af16f26e219e" testId="dd7a7279-0902-784a-61c3-66b04a3e6973" testName="TestFillSourceWithSourceNameKnownObject" computerName="DKSR-EFI-04" duration="00:00:00.0067613" startTime="2023-12-22T09:34:44.3191069+01:00" endTime="2023-12-22T09:34:44.3191069+01:00" testType="13cdc9d9-ddb5-4fa4-a97d-d965ccfc6d4b" outcome="Passed" testListId="8c84fa94-04c1-424b-9868-57a2d4851a1d" relativeResultsDirectory="482ffe52-59eb-439a-b58a-af16f26e219e" />
    <UnitTestResult executionId="f935fb8c-2303-4489-95d2-3d42744f8142" testId="e3924598-2b02-3c0d-3ded-5283ec87996e" testName="TestSettingsLoaded_GeneralSettingsAndAnalyticsEvents" computerName="DKSR-EFI-04" duration="00:00:01.0214532" startTime="2023-12-22T09:34:08.5689267+01:00" endTime="2023-12-22T09:34:09.5845577+01:00" testType="13cdc9d9-ddb5-4fa4-a97d-d965ccfc6d4b" outcome="Passed" testListId="8c84fa94-04c1-424b-9868-57a2d4851a1d" relativeResultsDirectory="f935fb8c-2303-4489-95d2-3d42744f8142" />
    <UnitTestResult executionId="3aa2665f-edc1-46ba-b3f7-813d0952e0f7" testId="686d7c4f-8f39-a5b6-2de0-88812e31a77c" testName="TestReleaseUserControl" computerName="DKSR-EFI-04" duration="00:00:00.0034307" startTime="2023-12-22T09:34:44.6316098+01:00" endTime="2023-12-22T09:34:44.6316098+01:00" testType="13cdc9d9-ddb5-4fa4-a97d-d965ccfc6d4b" outcome="Passed" testListId="8c84fa94-04c1-424b-9868-57a2d4851a1d" relativeResultsDirectory="3aa2665f-edc1-46ba-b3f7-813d0952e0f7" />
    <UnitTestResult executionId="77bcbf39-6919-4fad-8225-f168bf5ec2b8" testId="bbce43df-f93d-45cf-2ace-1d54d228ecf3" testName="TestConstruction" computerName="DKSR-EFI-04" duration="00:00:00.0104782" startTime="2023-12-22T09:34:43.9597321+01:00" endTime="2023-12-22T09:34:43.9753560+01:00" testType="13cdc9d9-ddb5-4fa4-a97d-d965ccfc6d4b" outcome="Passed" testListId="8c84fa94-04c1-424b-9868-57a2d4851a1d" relativeResultsDirectory="77bcbf39-6919-4fad-8225-f168bf5ec2b8" />
    <UnitTestResult executionId="5c0ffa58-0d2a-4422-ba7f-26eb8d540e78" testId="b0c0e2e8-4bec-9bb6-fe19-dbcc272a20c0" testName="FQIDTest" computerName="DKSR-EFI-04" duration="00:00:00.0006997" startTime="2023-12-22T09:34:45.4128644+01:00" endTime="2023-12-22T09:34:45.4128644+01:00" testType="13cdc9d9-ddb5-4fa4-a97d-d965ccfc6d4b" outcome="Passed" testListId="8c84fa94-04c1-424b-9868-57a2d4851a1d" relativeResultsDirectory="5c0ffa58-0d2a-4422-ba7f-26eb8d540e78" />
    <UnitTestResult executionId="975974fb-6b98-4fe8-beb6-6d5bc47fa28e" testId="26a8eab7-f707-d623-7dae-cdddc206df2a" testName="TestReleaseUserControl_Null" computerName="DKSR-EFI-04" duration="00:00:00.0001814" startTime="2023-12-22T09:34:44.6316098+01:00" endTime="2023-12-22T09:34:44.6316098+01:00" testType="13cdc9d9-ddb5-4fa4-a97d-d965ccfc6d4b" outcome="Passed" testListId="8c84fa94-04c1-424b-9868-57a2d4851a1d" relativeResultsDirectory="975974fb-6b98-4fe8-beb6-6d5bc47fa28e" />
    <UnitTestResult executionId="ea80ae61-b2c0-4ef4-b29f-491218dfbf69" testId="08b1e8de-fe51-fd69-facc-4b295119de73" testName="TestRunAlertData" computerName="DKSR-EFI-04" duration="00:00:03.0171327" startTime="2023-12-22T09:34:31.3815415+01:00" endTime="2023-12-22T09:34:34.4129195+01:00" testType="13cdc9d9-ddb5-4fa4-a97d-d965ccfc6d4b" outcome="Passed" testListId="8c84fa94-04c1-424b-9868-57a2d4851a1d" relativeResultsDirectory="ea80ae61-b2c0-4ef4-b29f-491218dfbf69" />
    <UnitTestResult executionId="99dc4055-1fe5-45b9-8edb-74a743c09a65" testId="17db969d-d87f-c30b-99c3-955b87ea9c30" testName="TestConstruction" computerName="DKSR-EFI-04" duration="00:00:00.0029051" startTime="2023-12-22T09:34:11.0689405+01:00" endTime="2023-12-22T09:34:11.0689405+01:00" testType="13cdc9d9-ddb5-4fa4-a97d-d965ccfc6d4b" outcome="Passed" testListId="8c84fa94-04c1-424b-9868-57a2d4851a1d" relativeResultsDirectory="99dc4055-1fe5-45b9-8edb-74a743c09a65" />
    <UnitTestResult executionId="f74389e3-dfed-42b7-8c31-1957129af741" testId="b52aa5c9-a2c8-d057-06e9-51544488ee66" testName="TestName" computerName="DKSR-EFI-04" duration="00:00:00.0002198" startTime="2023-12-22T09:34:44.3816090+01:00" endTime="2023-12-22T09:34:44.3816090+01:00" testType="13cdc9d9-ddb5-4fa4-a97d-d965ccfc6d4b" outcome="Passed" testListId="8c84fa94-04c1-424b-9868-57a2d4851a1d" relativeResultsDirectory="f74389e3-dfed-42b7-8c31-1957129af741" />
    <UnitTestResult executionId="3d715315-60f8-4e61-a33d-a977a867ac2e" testId="8a29bf81-9fef-9e07-210f-123e55fcfd89" testName="TestCreateAlarmWithDoc" computerName="DKSR-EFI-04" duration="00:00:00.2833150" startTime="2023-12-22T09:34:43.9909800+01:00" endTime="2023-12-22T09:34:44.2722320+01:00" testType="13cdc9d9-ddb5-4fa4-a97d-d965ccfc6d4b" outcome="Passed" testListId="8c84fa94-04c1-424b-9868-57a2d4851a1d" relativeResultsDirectory="3d715315-60f8-4e61-a33d-a977a867ac2e" />
    <UnitTestResult executionId="6e5af284-6a8e-4dfd-af4c-73b5df6df1e1" testId="a7859604-ea04-7f95-d870-edfc83710f38" testName="TestSetGetPropertyStringNull" computerName="DKSR-EFI-04" duration="00:00:00.0006856" startTime="2023-12-22T09:34:45.3972407+01:00" endTime="2023-12-22T09:34:45.3972407+01:00" testType="13cdc9d9-ddb5-4fa4-a97d-d965ccfc6d4b" outcome="Passed" testListId="8c84fa94-04c1-424b-9868-57a2d4851a1d" relativeResultsDirectory="6e5af284-6a8e-4dfd-af4c-73b5df6df1e1" />
    <UnitTestResult executionId="cc72c501-a4d4-4547-8ceb-5a0fc3032101" testId="fdd4396d-853a-b81c-99e8-330fa750b5bb" testName="TestFillSourceNullAlarm" computerName="DKSR-EFI-04" duration="00:00:00.0011298" startTime="2023-12-22T09:34:43.7253539+01:00" endTime="2023-12-22T09:34:43.7253539+01:00" testType="13cdc9d9-ddb5-4fa4-a97d-d965ccfc6d4b" outcome="Passed" testListId="8c84fa94-04c1-424b-9868-57a2d4851a1d" relativeResultsDirectory="cc72c501-a4d4-4547-8ceb-5a0fc3032101" />
    <UnitTestResult executionId="db765bca-ee4e-457c-9a7c-449785d602f1" testId="5f632cc3-c55f-e00d-0b2d-7a6b37f4f2cc" testName="TestFillSourceWithObjectIdReturnNullItem" computerName="DKSR-EFI-04" duration="00:00:00.0680663" startTime="2023-12-22T09:34:43.7253539+01:00" endTime="2023-12-22T09:34:43.8034791+01:00" testType="13cdc9d9-ddb5-4fa4-a97d-d965ccfc6d4b" outcome="Passed" testListId="8c84fa94-04c1-424b-9868-57a2d4851a1d" relativeResultsDirectory="db765bca-ee4e-457c-9a7c-449785d602f1" />
    <UnitTestResult executionId="27a1f813-f7b3-46e7-87dd-e24a576646ac" testId="c5401e31-592e-1ba8-aba9-0d1fd119b7e1" testName="TestAnalyticsEvent" computerName="DKSR-EFI-04" duration="00:00:00.0004790" startTime="2023-12-22T09:34:43.7097279+01:00" endTime="2023-12-22T09:34:43.7097279+01:00" testType="13cdc9d9-ddb5-4fa4-a97d-d965ccfc6d4b" outcome="Passed" testListId="8c84fa94-04c1-424b-9868-57a2d4851a1d" relativeResultsDirectory="27a1f813-f7b3-46e7-87dd-e24a576646ac" />
    <UnitTestResult executionId="db2b139f-0d82-47e9-86e1-8f82b9ea3452" testId="38413246-5ad1-3549-ea9f-b7c6d2069358" testName="TestClearItemCache" computerName="DKSR-EFI-04" duration="00:00:00.0005646" startTime="2023-12-22T09:34:45.0691104+01:00" endTime="2023-12-22T09:34:45.0691104+01:00" testType="13cdc9d9-ddb5-4fa4-a97d-d965ccfc6d4b" outcome="Passed" testListId="8c84fa94-04c1-424b-9868-57a2d4851a1d" relativeResultsDirectory="db2b139f-0d82-47e9-86e1-8f82b9ea3452" />
    <UnitTestResult executionId="9f41e22f-0a5d-443b-b543-21cd3d3a1c9b" testId="b862d426-c600-5c47-8f41-2977c5ca4183" testName="TestPortWithGeneralSettings" computerName="DKSR-EFI-04" duration="00:00:00.0298784" startTime="2023-12-22T09:34:07.1626702+01:00" endTime="2023-12-22T09:34:07.1939206+01:00" testType="13cdc9d9-ddb5-4fa4-a97d-d965ccfc6d4b" outcome="Passed" testListId="8c84fa94-04c1-424b-9868-57a2d4851a1d" relativeResultsDirectory="9f41e22f-0a5d-443b-b543-21cd3d3a1c9b" />
    <UnitTestResult executionId="e1dbf7e7-3d0e-4f9e-9d73-039c8fd74151" testId="76d38649-39be-7a04-7bd4-089305eebdba" testName="TestUpdateGeneralSettings_WithCustomHostLists" computerName="DKSR-EFI-04" duration="00:00:01.1509474" startTime="2023-12-22T09:34:07.3032955+01:00" endTime="2023-12-22T09:34:08.4439275+01:00" testType="13cdc9d9-ddb5-4fa4-a97d-d965ccfc6d4b" outcome="Passed" testListId="8c84fa94-04c1-424b-9868-57a2d4851a1d" relativeResultsDirectory="e1dbf7e7-3d0e-4f9e-9d73-039c8fd74151" />
    <UnitTestResult executionId="b44edd39-dfca-4d5f-9427-c97e26f94b6e" testId="31cce2b4-72a9-4fb4-c866-621620e531af" testName="TestRefresh" computerName="DKSR-EFI-04" duration="00:00:00.0013285" startTime="2023-12-22T09:34:44.3972314+01:00" endTime="2023-12-22T09:34:44.3972314+01:00" testType="13cdc9d9-ddb5-4fa4-a97d-d965ccfc6d4b" outcome="Passed" testListId="8c84fa94-04c1-424b-9868-57a2d4851a1d" relativeResultsDirectory="b44edd39-dfca-4d5f-9427-c97e26f94b6e" />
    <UnitTestResult executionId="12cd522c-7d82-4387-b02f-a884e3d5d113" testId="efc5d867-df5e-912a-bc72-f46e1586a7aa" testName="TestAddItem" computerName="DKSR-EFI-04" duration="00:00:00.0050707" startTime="2023-12-22T09:34:45.0378615+01:00" endTime="2023-12-22T09:34:45.0534878+01:00" testType="13cdc9d9-ddb5-4fa4-a97d-d965ccfc6d4b" outcome="Passed" testListId="8c84fa94-04c1-424b-9868-57a2d4851a1d" relativeResultsDirectory="12cd522c-7d82-4387-b02f-a884e3d5d113" />
    <UnitTestResult executionId="ac9d1be5-b69c-4266-b6cd-6b09944dcd1f" testId="50625ba9-518b-406d-4a76-a7b2a89ccf69" testName="TestCreateAlarmNullDoc" computerName="DKSR-EFI-04" duration="00:00:00.0001759" startTime="2023-12-22T09:34:43.7097279+01:00" endTime="2023-12-22T09:34:43.7097279+01:00" testType="13cdc9d9-ddb5-4fa4-a97d-d965ccfc6d4b" outcome="Passed" testListId="8c84fa94-04c1-424b-9868-57a2d4851a1d" relativeResultsDirectory="ac9d1be5-b69c-4266-b6cd-6b09944dcd1f" />
    <UnitTestResult executionId="e7777353-b7ca-40e2-a37c-b9c9139ae72f" testId="fa894b57-d91a-00c2-a775-6080e58f2a84" testName="TestUpgradeEventMessagesNoConfigFile" computerName="DKSR-EFI-04" duration="00:00:00.0002552" startTime="2023-12-22T09:34:45.5066143+01:00" endTime="2023-12-22T09:34:45.5066143+01:00" testType="13cdc9d9-ddb5-4fa4-a97d-d965ccfc6d4b" outcome="Passed" testListId="8c84fa94-04c1-424b-9868-57a2d4851a1d" relativeResultsDirectory="e7777353-b7ca-40e2-a37c-b9c9139ae72f" />
    <UnitTestResult executionId="420b63c7-ee9f-4a32-bed7-6787a3adbca7" testId="68779042-a3b8-4fb0-7858-ad695df6c209" testName="TestHandleRequest_WithNull" computerName="DKSR-EFI-04" duration="00:00:00.0008853" startTime="2023-12-22T09:34:10.7720606+01:00" endTime="2023-12-22T09:34:10.7720606+01:00" testType="13cdc9d9-ddb5-4fa4-a97d-d965ccfc6d4b" outcome="Passed" testListId="8c84fa94-04c1-424b-9868-57a2d4851a1d" relativeResultsDirectory="420b63c7-ee9f-4a32-bed7-6787a3adbca7" />
    <UnitTestResult executionId="4c731fc3-51d1-4116-8358-cd6662f533b8" testId="0d1be572-dfc1-41df-e415-32bb6da31f80" testName="TestName_EnvironmentNull" computerName="DKSR-EFI-04" duration="00:00:00.0005301" startTime="2023-12-22T09:34:44.4753602+01:00" endTime="2023-12-22T09:34:44.4753602+01:00" testType="13cdc9d9-ddb5-4fa4-a97d-d965ccfc6d4b" outcome="Passed" testListId="8c84fa94-04c1-424b-9868-57a2d4851a1d" relativeResultsDirectory="4c731fc3-51d1-4116-8358-cd6662f533b8" />
    <UnitTestResult executionId="3305942d-3343-40fd-9ca1-3f21892813cf" testId="0cb0f32d-d4ea-feeb-540c-a349a62ff73c" testName="TestConstructor_Item" computerName="DKSR-EFI-04" duration="00:00:00.0002800" startTime="2023-12-22T09:34:44.4597305+01:00" endTime="2023-12-22T09:34:44.4597305+01:00" testType="13cdc9d9-ddb5-4fa4-a97d-d965ccfc6d4b" outcome="Passed" testListId="8c84fa94-04c1-424b-9868-57a2d4851a1d" relativeResultsDirectory="3305942d-3343-40fd-9ca1-3f21892813cf" />
    <UnitTestResult executionId="8729462f-0864-4228-bab3-4d6622d32f0a" testId="222b0508-9017-2a52-0b58-ecc9b98fe182" testName="TestSetGetPropertyStringList_Empty" computerName="DKSR-EFI-04" duration="00:00:00.0006173" startTime="2023-12-22T09:34:45.4128644+01:00" endTime="2023-12-22T09:34:45.4128644+01:00" testType="13cdc9d9-ddb5-4fa4-a97d-d965ccfc6d4b" outcome="Passed" testListId="8c84fa94-04c1-424b-9868-57a2d4851a1d" relativeResultsDirectory="8729462f-0864-4228-bab3-4d6622d32f0a" />
    <UnitTestResult executionId="0a1b03f8-1f0d-487e-878d-3ee7edd0c0dc" testId="57ba51e2-0449-69a0-a0fe-95177de0540e" testName="TestCreateAlarmWithWrongFormat" computerName="DKSR-EFI-04" duration="00:00:00.0151032" startTime="2023-12-22T09:34:44.2878574+01:00" endTime="2023-12-22T09:34:44.3034815+01:00" testType="13cdc9d9-ddb5-4fa4-a97d-d965ccfc6d4b" outcome="Passed" testListId="8c84fa94-04c1-424b-9868-57a2d4851a1d" relativeResultsDirectory="0a1b03f8-1f0d-487e-878d-3ee7edd0c0dc" />
    <UnitTestResult executionId="e34c25c9-b357-4123-ab9e-5931365ca450" testId="5c9512e9-34bb-2740-f2ec-b4e42cf1ae80" testName="TestHandleRequest_EmptyXmlDocument" computerName="DKSR-EFI-04" duration="00:00:00.0064078" startTime="2023-12-22T09:34:10.7876883+01:00" endTime="2023-12-22T09:34:10.8033125+01:00" testType="13cdc9d9-ddb5-4fa4-a97d-d965ccfc6d4b" outcome="Passed" testListId="8c84fa94-04c1-424b-9868-57a2d4851a1d" relativeResultsDirectory="e34c25c9-b357-4123-ab9e-5931365ca450" />
    <UnitTestResult executionId="bce06800-3c64-468d-88dd-5af760d4d82e" testId="9ee2b58d-4d5c-216b-cc4e-e3eef1a00c60" testName="TestEventMessageWithMessage" computerName="DKSR-EFI-04" duration="00:00:00.0024123" startTime="2023-12-22T09:34:43.7097279+01:00" endTime="2023-12-22T09:34:43.7097279+01:00" testType="13cdc9d9-ddb5-4fa4-a97d-d965ccfc6d4b" outcome="Passed" testListId="8c84fa94-04c1-424b-9868-57a2d4851a1d" relativeResultsDirectory="bce06800-3c64-468d-88dd-5af760d4d82e" />
    <UnitTestResult executionId="a64b90e5-26bc-4fec-be6d-6a791c1b51de" testId="90b2fab1-e505-89b4-8d22-0f91e5cbb36f" testName="TestUpgradeEventMessagesConfigFile" computerName="DKSR-EFI-04" duration="00:00:00.0075471" startTime="2023-12-22T09:34:45.5222383+01:00" endTime="2023-12-22T09:34:45.5378649+01:00" testType="13cdc9d9-ddb5-4fa4-a97d-d965ccfc6d4b" outcome="Passed" testListId="8c84fa94-04c1-424b-9868-57a2d4851a1d" relativeResultsDirectory="a64b90e5-26bc-4fec-be6d-6a791c1b51de" />
    <UnitTestResult executionId="3102bf72-6f58-4672-bc17-b65da32f7185" testId="e79c1d31-afdf-0db0-a7ad-68a989a60397" testName="TestUpdateEventDefinitions_WithNullEventDefinitions" computerName="DKSR-EFI-04" duration="00:00:00.0641747" startTime="2023-12-22T09:34:08.4595516+01:00" endTime="2023-12-22T09:34:08.5220525+01:00" testType="13cdc9d9-ddb5-4fa4-a97d-d965ccfc6d4b" outcome="Passed" testListId="8c84fa94-04c1-424b-9868-57a2d4851a1d" relativeResultsDirectory="3102bf72-6f58-4672-bc17-b65da32f7185" />
    <UnitTestResult executionId="83b1f4f3-797b-4a1f-9466-5620eaa5ccc8" testId="c566cc1a-656a-1860-d810-4b5783079e77" testName="TestEventMessageNullDoc" computerName="DKSR-EFI-04" duration="00:00:00.0007055" startTime="2023-12-22T09:34:43.6941064+01:00" endTime="2023-12-22T09:34:43.6941064+01:00" testType="13cdc9d9-ddb5-4fa4-a97d-d965ccfc6d4b" outcome="Passed" testListId="8c84fa94-04c1-424b-9868-57a2d4851a1d" relativeResultsDirectory="83b1f4f3-797b-4a1f-9466-5620eaa5ccc8" />
    <UnitTestResult executionId="25acc6da-9ee8-474f-a911-12d75a7f7f7a" testId="90b38ef5-7f35-adf3-35d2-2634eba1d9c4" testName="TestIsAuthorized_NoSettings" computerName="DKSR-EFI-04" duration="00:00:00.0005183" startTime="2023-12-22T09:34:09.6001816+01:00" endTime="2023-12-22T09:34:09.6001816+01:00" testType="13cdc9d9-ddb5-4fa4-a97d-d965ccfc6d4b" outcome="Passed" testListId="8c84fa94-04c1-424b-9868-57a2d4851a1d" relativeResultsDirectory="25acc6da-9ee8-474f-a911-12d75a7f7f7a" />
    <UnitTestResult executionId="6fac6181-b9d0-4139-9388-4b7b6274f338" testId="4549307d-5f6e-9ca5-5eaa-26f0964dc3ad" testName="TestConstruction" computerName="DKSR-EFI-04" duration="00:00:00.0001527" startTime="2023-12-22T09:34:44.3816090+01:00" endTime="2023-12-22T09:34:44.3816090+01:00" testType="13cdc9d9-ddb5-4fa4-a97d-d965ccfc6d4b" outcome="Passed" testListId="8c84fa94-04c1-424b-9868-57a2d4851a1d" relativeResultsDirectory="6fac6181-b9d0-4139-9388-4b7b6274f338" />
    <UnitTestResult executionId="c0de692b-acc3-49c1-9937-f2901c8b50b2" testId="4da41ae4-d604-de77-b100-b9c11152b5e2" testName="TestName_EnvironmentTypeService" computerName="DKSR-EFI-04" duration="00:00:00.0006051" startTime="2023-12-22T09:34:44.4753602+01:00" endTime="2023-12-22T09:34:44.4753602+01:00" testType="13cdc9d9-ddb5-4fa4-a97d-d965ccfc6d4b" outcome="Passed" testListId="8c84fa94-04c1-424b-9868-57a2d4851a1d" relativeResultsDirectory="c0de692b-acc3-49c1-9937-f2901c8b50b2" />
    <UnitTestResult executionId="bf2024df-a428-4085-9140-1ce4ef310fcf" testId="4ecd30a4-7c75-aab4-a14e-72f24f4d1e8c" testName="TestUpdateGeneralSettings_WithNullHostLists" computerName="DKSR-EFI-04" duration="00:00:00.0841139" startTime="2023-12-22T09:34:07.2095459+01:00" endTime="2023-12-22T09:34:07.2876712+01:00" testType="13cdc9d9-ddb5-4fa4-a97d-d965ccfc6d4b" outcome="Passed" testListId="8c84fa94-04c1-424b-9868-57a2d4851a1d" relativeResultsDirectory="bf2024df-a428-4085-9140-1ce4ef310fcf" />
    <UnitTestResult executionId="58b67d7b-adf1-43f0-b878-d6a7774b8a3d" testId="ec122c3d-bcfd-c916-9ebf-f4a883bae46c" testName="TestCreateItem" computerName="DKSR-EFI-04" duration="00:00:00.0085858" startTime="2023-12-22T09:34:45.0222362+01:00" endTime="2023-12-22T09:34:45.0378615+01:00" testType="13cdc9d9-ddb5-4fa4-a97d-d965ccfc6d4b" outcome="Passed" testListId="8c84fa94-04c1-424b-9868-57a2d4851a1d" relativeResultsDirectory="58b67d7b-adf1-43f0-b878-d6a7774b8a3d" />
    <UnitTestResult executionId="46d7aa90-7766-451f-8e2f-4c32cdc03d59" testId="5204a0ac-cbad-5934-acff-c0d5470991c7" testName="TestRunConfigurationNotLoadedSocketConnected" computerName="DKSR-EFI-04" duration="00:00:03.0258664" startTime="2023-12-22T09:34:17.2877204+01:00" endTime="2023-12-22T09:34:20.3190419+01:00" testType="13cdc9d9-ddb5-4fa4-a97d-d965ccfc6d4b" outcome="Passed" testListId="8c84fa94-04c1-424b-9868-57a2d4851a1d" relativeResultsDirectory="46d7aa90-7766-451f-8e2f-4c32cdc03d59" />
    <UnitTestResult executionId="fb4d5954-c82d-4fa3-a802-53d88b2dd9da" testId="7064fc9a-517a-334d-157c-bf9e70136218" testName="TestFillSource_NoSourceOrHostname" computerName="DKSR-EFI-04" duration="00:00:00.0043959" startTime="2023-12-22T09:34:44.3503586+01:00" endTime="2023-12-22T09:34:44.3503586+01:00" testType="13cdc9d9-ddb5-4fa4-a97d-d965ccfc6d4b" outcome="Passed" testListId="8c84fa94-04c1-424b-9868-57a2d4851a1d" relativeResultsDirectory="fb4d5954-c82d-4fa3-a802-53d88b2dd9da" />
    <UnitTestResult executionId="a68b2767-52ca-4e76-a75f-64e39a58cddb" testId="bbb437a5-b175-785f-1346-4ed03a24180a" testName="TestFillSourceNullAlarm" computerName="DKSR-EFI-04" duration="00:00:00.0013870" startTime="2023-12-22T09:34:44.3034815+01:00" endTime="2023-12-22T09:34:44.3034815+01:00" testType="13cdc9d9-ddb5-4fa4-a97d-d965ccfc6d4b" outcome="Passed" testListId="8c84fa94-04c1-424b-9868-57a2d4851a1d" relativeResultsDirectory="a68b2767-52ca-4e76-a75f-64e39a58cddb" />
    <UnitTestResult executionId="2a7d1183-2f19-4388-af1a-cd671c8c9426" testId="f6178929-bcf4-1d49-8082-bab963293513" testName="TestEventMessageWithNoMessage" computerName="DKSR-EFI-04" duration="00:00:00.0004179" startTime="2023-12-22T09:34:43.7097279+01:00" endTime="2023-12-22T09:34:43.7097279+01:00" testType="13cdc9d9-ddb5-4fa4-a97d-d965ccfc6d4b" outcome="Passed" testListId="8c84fa94-04c1-424b-9868-57a2d4851a1d" relativeResultsDirectory="2a7d1183-2f19-4388-af1a-cd671c8c9426" />
    <UnitTestResult executionId="f902979b-f45a-4326-b3c9-0339986a3e66" testId="1c6d0dbe-e217-4906-723c-0ebe81b93891" testName="TestGetItems_ItemsNotNull" computerName="DKSR-EFI-04" duration="00:00:00.0007234" startTime="2023-12-22T09:34:45.0691104+01:00" endTime="2023-12-22T09:34:45.0691104+01:00" testType="13cdc9d9-ddb5-4fa4-a97d-d965ccfc6d4b" outcome="Passed" testListId="8c84fa94-04c1-424b-9868-57a2d4851a1d" relativeResultsDirectory="f902979b-f45a-4326-b3c9-0339986a3e66" />
    <UnitTestResult executionId="873da7ba-443c-48bf-9c5f-16e9a53c26d1" testId="fc2632b1-ab30-aefb-f26f-0a08ac51e247" testName="GetRelatedAsyncTest" computerName="DKSR-EFI-04" duration="00:00:00.0103543" startTime="2023-12-22T09:34:45.4441117+01:00" endTime="2023-12-22T09:34:45.4597384+01:00" testType="13cdc9d9-ddb5-4fa4-a97d-d965ccfc6d4b" outcome="Passed" testListId="8c84fa94-04c1-424b-9868-57a2d4851a1d" relativeResultsDirectory="873da7ba-443c-48bf-9c5f-16e9a53c26d1" />
    <UnitTestResult executionId="08cefa04-625a-4aae-858e-e741d07e1e84" testId="c639412f-a0bd-529f-42ba-db88d5ddb219" testName="TestValidateAndSaveUserControl_False" computerName="DKSR-EFI-04" duration="00:00:00.0048664" startTime="2023-12-22T09:34:44.9909857+01:00" endTime="2023-12-22T09:34:44.9909857+01:00" testType="13cdc9d9-ddb5-4fa4-a97d-d965ccfc6d4b" outcome="Passed" testListId="8c84fa94-04c1-424b-9868-57a2d4851a1d" relativeResultsDirectory="08cefa04-625a-4aae-858e-e741d07e1e84" />
    <UnitTestResult executionId="2bbb110b-6e54-4410-8dd2-b3e4c897a830" testId="68e40d93-f104-d573-b78b-f374bb89bda8" testName="TestIsAuthorized_InvalidAddress" computerName="DKSR-EFI-04" duration="00:00:00.0419142" startTime="2023-12-22T09:34:09.6001816+01:00" endTime="2023-12-22T09:34:09.6470564+01:00" testType="13cdc9d9-ddb5-4fa4-a97d-d965ccfc6d4b" outcome="Passed" testListId="8c84fa94-04c1-424b-9868-57a2d4851a1d" relativeResultsDirectory="2bbb110b-6e54-4410-8dd2-b3e4c897a830" />
    <UnitTestResult executionId="29046616-53c4-4f4e-9177-dcb8662fd9c6" testId="02cdc341-fd2e-1dd9-b68a-fae5dd43f01e" testName="TestGetHostId_InvalidAddress" computerName="DKSR-EFI-04" duration="00:00:00.0003493" startTime="2023-12-22T09:34:44.4441083+01:00" endTime="2023-12-22T09:34:44.4441083+01:00" testType="13cdc9d9-ddb5-4fa4-a97d-d965ccfc6d4b" outcome="Passed" testListId="8c84fa94-04c1-424b-9868-57a2d4851a1d" relativeResultsDirectory="29046616-53c4-4f4e-9177-dcb8662fd9c6" />
    <UnitTestResult executionId="ab264293-2de8-4e7f-aa16-4e2455543b1a" testId="00302533-927c-b26b-a80c-663005d27dff" testName="TestConstructor_NullItem" computerName="DKSR-EFI-04" duration="00:00:00.0006431" startTime="2023-12-22T09:34:45.3503637+01:00" endTime="2023-12-22T09:34:45.3503637+01:00" testType="13cdc9d9-ddb5-4fa4-a97d-d965ccfc6d4b" outcome="Passed" testListId="8c84fa94-04c1-424b-9868-57a2d4851a1d" relativeResultsDirectory="ab264293-2de8-4e7f-aa16-4e2455543b1a" />
    <UnitTestResult executionId="6933e609-1dae-467b-a854-37befd152e41" testId="a8648a6e-c33a-0f32-a42d-3069cf24720a" testName="TestAllowedHosts_Empty" computerName="DKSR-EFI-04" duration="00:00:00.0001790" startTime="2023-12-22T09:34:45.3816119+01:00" endTime="2023-12-22T09:34:45.3816119+01:00" testType="13cdc9d9-ddb5-4fa4-a97d-d965ccfc6d4b" outcome="Passed" testListId="8c84fa94-04c1-424b-9868-57a2d4851a1d" relativeResultsDirectory="6933e609-1dae-467b-a854-37befd152e41" />
    <UnitTestResult executionId="9b750f6e-86e2-4a4a-81fb-8d742d604d97" testId="1da33fd1-0d34-076c-43d9-5cd0bf955642" testName="TestEventMessageEmptyDoc" computerName="DKSR-EFI-04" duration="00:00:00.0006331" startTime="2023-12-22T09:34:43.6941064+01:00" endTime="2023-12-22T09:34:43.7097279+01:00" testType="13cdc9d9-ddb5-4fa4-a97d-d965ccfc6d4b" outcome="Passed" testListId="8c84fa94-04c1-424b-9868-57a2d4851a1d" relativeResultsDirectory="9b750f6e-86e2-4a4a-81fb-8d742d604d97" />
    <UnitTestResult executionId="a4632ebb-6eae-4f2b-b2b6-eb82d1641374" testId="3512d7b6-2329-1b33-d161-bf892df12629" testName="TestName_EnvironmentTypeAdministration" computerName="DKSR-EFI-04" duration="00:00:00.0007491" startTime="2023-12-22T09:34:45.3503637+01:00" endTime="2023-12-22T09:34:45.3659885+01:00" testType="13cdc9d9-ddb5-4fa4-a97d-d965ccfc6d4b" outcome="Passed" testListId="8c84fa94-04c1-424b-9868-57a2d4851a1d" relativeResultsDirectory="a4632ebb-6eae-4f2b-b2b6-eb82d1641374" />
    <UnitTestResult executionId="550cb251-8814-4a2d-a3ed-4c2db8f09b56" testId="4d74893e-15b9-b4c5-e7ae-f35297b66291" testName="TestSecurityEnabled" computerName="DKSR-EFI-04" duration="00:00:00.0003798" startTime="2023-12-22T09:34:45.3659885+01:00" endTime="2023-12-22T09:34:45.3659885+01:00" testType="13cdc9d9-ddb5-4fa4-a97d-d965ccfc6d4b" outcome="Passed" testListId="8c84fa94-04c1-424b-9868-57a2d4851a1d" relativeResultsDirectory="550cb251-8814-4a2d-a3ed-4c2db8f09b56" />
    <UnitTestResult executionId="f1974dd7-68ce-404a-9a7d-9b54cfba3a48" testId="ed499e1b-c474-96f6-0d03-6d7bc038a3ef" testName="SetChildrenTest" computerName="DKSR-EFI-04" duration="00:00:00.0025201" startTime="2023-12-22T09:34:45.4441117+01:00" endTime="2023-12-22T09:34:45.4441117+01:00" testType="13cdc9d9-ddb5-4fa4-a97d-d965ccfc6d4b" outcome="Passed" testListId="8c84fa94-04c1-424b-9868-57a2d4851a1d" relativeResultsDirectory="f1974dd7-68ce-404a-9a7d-9b54cfba3a48" />
    <UnitTestResult executionId="12164a5e-826a-4a7b-ae3a-42e30b668281" testId="8d1e8272-2cd2-ba7e-b7f4-7e27c9fed687" testName="PropertiesTest" computerName="DKSR-EFI-04" duration="00:00:00.0006817" startTime="2023-12-22T09:34:45.4441117+01:00" endTime="2023-12-22T09:34:45.4441117+01:00" testType="13cdc9d9-ddb5-4fa4-a97d-d965ccfc6d4b" outcome="Passed" testListId="8c84fa94-04c1-424b-9868-57a2d4851a1d" relativeResultsDirectory="12164a5e-826a-4a7b-ae3a-42e30b668281" />
    <UnitTestResult executionId="cb4ffb7a-0f70-4e18-a2a9-dce1e775d59f" testId="6ab9ac36-5046-c3dd-a85e-c9bd4387492b" testName="TestAlarm" computerName="DKSR-EFI-04" duration="00:00:00.0004725" startTime="2023-12-22T09:34:43.9909800+01:00" endTime="2023-12-22T09:34:43.9909800+01:00" testType="13cdc9d9-ddb5-4fa4-a97d-d965ccfc6d4b" outcome="Passed" testListId="8c84fa94-04c1-424b-9868-57a2d4851a1d" relativeResultsDirectory="cb4ffb7a-0f70-4e18-a2a9-dce1e775d59f" />
    <UnitTestResult executionId="0d7c0790-2e58-4617-b8d2-3265bc136327" testId="8127989a-fbd0-a0c5-1a81-e49b19dbac67" testName="GetChildrenAsyncTest" computerName="DKSR-EFI-04" duration="00:00:00.0034084" startTime="2023-12-22T09:34:45.4753652+01:00" endTime="2023-12-22T09:34:45.4753652+01:00" testType="13cdc9d9-ddb5-4fa4-a97d-d965ccfc6d4b" outcome="Passed" testListId="8c84fa94-04c1-424b-9868-57a2d4851a1d" relativeResultsDirectory="0d7c0790-2e58-4617-b8d2-3265bc136327" />
    <UnitTestResult executionId="62a0397f-2feb-4a1f-a5ed-cbbb5fec0877" testId="e94dd9f2-6af9-b55d-6b0d-fb0a01cd9cb5" testName="TestParseIpList" computerName="DKSR-EFI-04" duration="00:00:00.0009992" startTime="2023-12-22T09:34:45.4909874+01:00" endTime="2023-12-22T09:34:45.4909874+01:00" testType="13cdc9d9-ddb5-4fa4-a97d-d965ccfc6d4b" outcome="Passed" testListId="8c84fa94-04c1-424b-9868-57a2d4851a1d" relativeResultsDirectory="62a0397f-2feb-4a1f-a5ed-cbbb5fec0877" />
    <UnitTestResult executionId="290f4e18-2e0d-415f-82a9-c0007f234139" testId="26dbaa56-14a2-678c-c2d3-7f31a1e8fb7b" testName="TestFillSource_AddressAndChannel" computerName="DKSR-EFI-04" duration="00:00:00.0049267" startTime="2023-12-22T09:34:44.3659828+01:00" endTime="2023-12-22T09:34:44.3659828+01:00" testType="13cdc9d9-ddb5-4fa4-a97d-d965ccfc6d4b" outcome="Passed" testListId="8c84fa94-04c1-424b-9868-57a2d4851a1d" relativeResultsDirectory="290f4e18-2e0d-415f-82a9-c0007f234139" />
    <UnitTestResult executionId="86851451-f0e5-4b7d-9fa6-a0d2b6b647cc" testId="4d731975-cd09-acda-c596-f16b07c2506e" testName="TestConstructor_Default" computerName="DKSR-EFI-04" duration="00:00:00.0004113" startTime="2023-12-22T09:34:45.3347375+01:00" endTime="2023-12-22T09:34:45.3347375+01:00" testType="13cdc9d9-ddb5-4fa4-a97d-d965ccfc6d4b" outcome="Passed" testListId="8c84fa94-04c1-424b-9868-57a2d4851a1d" relativeResultsDirectory="86851451-f0e5-4b7d-9fa6-a0d2b6b647cc" />
    <UnitTestResult executionId="4ca3fdef-8dab-4936-acc2-cdd0fd8a4d4e" testId="d298f1e0-c8a5-d75b-0ef3-b39c6d540a53" testName="TestCreateAlarmWithMinimum" computerName="DKSR-EFI-04" duration="00:00:00.0006746" startTime="2023-12-22T09:34:43.7253539+01:00" endTime="2023-12-22T09:34:43.7253539+01:00" testType="13cdc9d9-ddb5-4fa4-a97d-d965ccfc6d4b" outcome="Passed" testListId="8c84fa94-04c1-424b-9868-57a2d4851a1d" relativeResultsDirectory="4ca3fdef-8dab-4936-acc2-cdd0fd8a4d4e" />
    <UnitTestResult executionId="36d97420-e8e1-4ea6-85f5-6b3042a37491" testId="fc879903-f736-1678-7270-b0ed29e81854" testName="TestGetHostId" computerName="DKSR-EFI-04" duration="00:00:00.0026465" startTime="2023-12-22T09:34:44.4441083+01:00" endTime="2023-12-22T09:34:44.4441083+01:00" testType="13cdc9d9-ddb5-4fa4-a97d-d965ccfc6d4b" outcome="Passed" testListId="8c84fa94-04c1-424b-9868-57a2d4851a1d" relativeResultsDirectory="36d97420-e8e1-4ea6-85f5-6b3042a37491" />
    <UnitTestResult executionId="ec9a791b-0a22-4288-86d6-e7446bb6fc52" testId="df9dc118-c047-13d8-3f6a-6e9b0c47b653" testName="TestGeneralSettingsLoaded" computerName="DKSR-EFI-04" duration="00:00:00.0004753" startTime="2023-12-22T09:34:07.1626702+01:00" endTime="2023-12-22T09:34:07.1626702+01:00" testType="13cdc9d9-ddb5-4fa4-a97d-d965ccfc6d4b" outcome="Passed" testListId="8c84fa94-04c1-424b-9868-57a2d4851a1d" relativeResultsDirectory="ec9a791b-0a22-4288-86d6-e7446bb6fc52" />
    <UnitTestResult executionId="8d266622-d1b3-42ba-ba87-2b07a36f3223" testId="e196541a-5ccd-1a8b-b6d6-53755d8c6405" testName="TestFillSourceNullSettings" computerName="DKSR-EFI-04" duration="00:00:00.0009649" startTime="2023-12-22T09:34:43.7253539+01:00" endTime="2023-12-22T09:34:43.7253539+01:00" testType="13cdc9d9-ddb5-4fa4-a97d-d965ccfc6d4b" outcome="Passed" testListId="8c84fa94-04c1-424b-9868-57a2d4851a1d" relativeResultsDirectory="8d266622-d1b3-42ba-ba87-2b07a36f3223" />
    <UnitTestResult executionId="39e2f879-3f4a-4e99-bb5e-382864eaba8c" testId="6818ef04-62f8-9bf9-56c2-d4576a55c1c5" testName="TestTargetEnvironments" computerName="DKSR-EFI-04" duration="00:00:00.0022564" startTime="2023-12-22T09:34:44.3816090+01:00" endTime="2023-12-22T09:34:44.3816090+01:00" testType="13cdc9d9-ddb5-4fa4-a97d-d965ccfc6d4b" outcome="Passed" testListId="8c84fa94-04c1-424b-9868-57a2d4851a1d" relativeResultsDirectory="39e2f879-3f4a-4e99-bb5e-382864eaba8c" />
    <UnitTestResult executionId="50569312-4d05-41a8-8288-575d38c2973b" testId="8efb0e92-acc4-391a-1751-7ebb955524cb" testName="TestHandleRequestWithHtmlHeader" computerName="DKSR-EFI-04" duration="00:00:00.0951482" startTime="2023-12-22T09:34:10.9126891+01:00" endTime="2023-12-22T09:34:11.0064394+01:00" testType="13cdc9d9-ddb5-4fa4-a97d-d965ccfc6d4b" outcome="Passed" testListId="8c84fa94-04c1-424b-9868-57a2d4851a1d" relativeResultsDirectory="50569312-4d05-41a8-8288-575d38c2973b" />
    <UnitTestResult executionId="f093606a-bcba-47e7-ae6c-270e8c59b7f0" testId="30ec32a1-7325-a21c-c877-feeaff272be5" testName="TestFillSourceWithNoHostname" computerName="DKSR-EFI-04" duration="00:00:00.0157262" startTime="2023-12-22T09:34:43.8659797+01:00" endTime="2023-12-22T09:34:43.8816057+01:00" testType="13cdc9d9-ddb5-4fa4-a97d-d965ccfc6d4b" outcome="Passed" testListId="8c84fa94-04c1-424b-9868-57a2d4851a1d" relativeResultsDirectory="f093606a-bcba-47e7-ae6c-270e8c59b7f0" />
    <UnitTestResult executionId="87c96f40-5be8-4c86-b12f-a19f49010fae" testId="133ef572-439d-71e3-79c5-0a4d2177cdc0" testName="TestMessage" computerName="DKSR-EFI-04" duration="00:00:00.0001973" startTime="2023-12-22T09:34:44.4753602+01:00" endTime="2023-12-22T09:34:44.4909818+01:00" testType="13cdc9d9-ddb5-4fa4-a97d-d965ccfc6d4b" outcome="Passed" testListId="8c84fa94-04c1-424b-9868-57a2d4851a1d" relativeResultsDirectory="87c96f40-5be8-4c86-b12f-a19f49010fae" />
    <UnitTestResult executionId="baea6ddf-4cc4-49f2-afca-8b2b7f7d7a76" testId="63223206-c9ca-75eb-91a6-c490cf9d4852" testName="TestHandleRequest_InvalidXmlFirst" computerName="DKSR-EFI-04" duration="00:00:00.0001775" startTime="2023-12-22T09:34:10.7720606+01:00" endTime="2023-12-22T09:34:10.7720606+01:00" testType="13cdc9d9-ddb5-4fa4-a97d-d965ccfc6d4b" outcome="Passed" testListId="8c84fa94-04c1-424b-9868-57a2d4851a1d" relativeResultsDirectory="baea6ddf-4cc4-49f2-afca-8b2b7f7d7a76" />
    <UnitTestResult executionId="0f706233-5240-4a88-af4f-178e8cdeeb4e" testId="b999c4ce-96be-37bf-70b4-d606de245c4b" testName="TestUpdateEventDefinitions_WithEventDefinitions" computerName="DKSR-EFI-04" duration="00:00:00.0444087" startTime="2023-12-22T09:34:08.5220525+01:00" endTime="2023-12-22T09:34:08.5689267+01:00" testType="13cdc9d9-ddb5-4fa4-a97d-d965ccfc6d4b" outcome="Passed" testListId="8c84fa94-04c1-424b-9868-57a2d4851a1d" relativeResultsDirectory="0f706233-5240-4a88-af4f-178e8cdeeb4e" />
    <UnitTestResult executionId="35e4778a-1f3c-4508-8a57-11bfc09cf81f" testId="9aaa339f-ddc0-e2f6-0559-7a18d4c9fb4c" testName="TestImportEmptyIpListFile" computerName="DKSR-EFI-04" duration="00:00:00.0359915" startTime="2023-12-22T09:34:45.2566158+01:00" endTime="2023-12-22T09:34:45.3034875+01:00" testType="13cdc9d9-ddb5-4fa4-a97d-d965ccfc6d4b" outcome="Passed" testListId="8c84fa94-04c1-424b-9868-57a2d4851a1d" relativeResultsDirectory="35e4778a-1f3c-4508-8a57-11bfc09cf81f" />
    <UnitTestResult executionId="a4b7f02c-5df6-430f-a5fa-436bea654778" testId="ca83f4bc-62f7-8824-4231-f38c650de7dd" testName="TestIsAuthorized_SecurityEnabled" computerName="DKSR-EFI-04" duration="00:00:00.0007969" startTime="2023-12-22T09:34:09.6626834+01:00" endTime="2023-12-22T09:34:09.6626834+01:00" testType="13cdc9d9-ddb5-4fa4-a97d-d965ccfc6d4b" outcome="Passed" testListId="8c84fa94-04c1-424b-9868-57a2d4851a1d" relativeResultsDirectory="a4b7f02c-5df6-430f-a5fa-436bea654778" />
    <UnitTestResult executionId="3ef2dff4-63f3-4e0f-91b0-75d855cd1db8" testId="531745fb-1036-cd42-4937-8988531bfd55" testName="NameTest" computerName="DKSR-EFI-04" duration="00:00:00.0006730" startTime="2023-12-22T09:34:45.4441117+01:00" endTime="2023-12-22T09:34:45.4441117+01:00" testType="13cdc9d9-ddb5-4fa4-a97d-d965ccfc6d4b" outcome="Passed" testListId="8c84fa94-04c1-424b-9868-57a2d4851a1d" relativeResultsDirectory="3ef2dff4-63f3-4e0f-91b0-75d855cd1db8" />
    <UnitTestResult executionId="c1770829-33f8-44a5-bfee-b8b63cf2ce3f" testId="28842cb7-88ff-c6f7-6139-0d4e33aac9e3" testName="TestEventDefinitionInfoLoaded" computerName="DKSR-EFI-04" duration="00:00:00.0077105" startTime="2023-12-22T09:34:07.1470447+01:00" endTime="2023-12-22T09:34:07.1626702+01:00" testType="13cdc9d9-ddb5-4fa4-a97d-d965ccfc6d4b" outcome="Passed" testListId="8c84fa94-04c1-424b-9868-57a2d4851a1d" relativeResultsDirectory="c1770829-33f8-44a5-bfee-b8b63cf2ce3f" />
    <UnitTestResult executionId="84563162-654b-4611-ba00-a31d1292335a" testId="dc5f1244-37a4-bde8-4e08-777c2a45fb49" testName="TestEventMessageWithNoMessage" computerName="DKSR-EFI-04" duration="00:00:00.0005018" startTime="2023-12-22T09:34:43.9753560+01:00" endTime="2023-12-22T09:34:43.9753560+01:00" testType="13cdc9d9-ddb5-4fa4-a97d-d965ccfc6d4b" outcome="Passed" testListId="8c84fa94-04c1-424b-9868-57a2d4851a1d" relativeResultsDirectory="84563162-654b-4611-ba00-a31d1292335a" />
    <UnitTestResult executionId="6e950b49-a3ef-479e-a9b3-cdd12b5a4a95" testId="ad871a49-75b0-6181-9664-3bbea754d11e" testName="TestConstructor_NullItem" computerName="DKSR-EFI-04" duration="00:00:00.0009647" startTime="2023-12-22T09:34:44.4753602+01:00" endTime="2023-12-22T09:34:44.4753602+01:00" testType="13cdc9d9-ddb5-4fa4-a97d-d965ccfc6d4b" outcome="Passed" testListId="8c84fa94-04c1-424b-9868-57a2d4851a1d" relativeResultsDirectory="6e950b49-a3ef-479e-a9b3-cdd12b5a4a95" />
    <UnitTestResult executionId="2e3eebac-8118-4a74-8960-e06c91c921f0" testId="cd3490dd-e583-4a73-4a21-89dcff98c7f0" testName="TestSetGetPropertyStringList" computerName="DKSR-EFI-04" duration="00:00:00.0007378" startTime="2023-12-22T09:34:45.3972407+01:00" endTime="2023-12-22T09:34:45.3972407+01:00" testType="13cdc9d9-ddb5-4fa4-a97d-d965ccfc6d4b" outcome="Passed" testListId="8c84fa94-04c1-424b-9868-57a2d4851a1d" relativeResultsDirectory="2e3eebac-8118-4a74-8960-e06c91c921f0" />
    <UnitTestResult executionId="edfd1db4-6daf-4cbc-9975-31d300495233" testId="16f9b650-9451-5818-79e2-4aeec5ecbcb9" testName="TestImportIpListFile" computerName="DKSR-EFI-04" duration="00:00:00.0277089" startTime="2023-12-22T09:34:45.3034875+01:00" endTime="2023-12-22T09:34:45.3347375+01:00" testType="13cdc9d9-ddb5-4fa4-a97d-d965ccfc6d4b" outcome="Passed" testListId="8c84fa94-04c1-424b-9868-57a2d4851a1d" relativeResultsDirectory="edfd1db4-6daf-4cbc-9975-31d300495233" />
    <UnitTestResult executionId="e4da4cc6-e2ed-4d70-9b02-d2a14d516fa1" testId="e19ac113-2b0a-dae6-496b-4ca0bcf0772a" testName="TestHandleRequestWithHtmlHeaderNotAllDataReceived" computerName="DKSR-EFI-04" duration="00:00:00.0004540" startTime="2023-12-22T09:34:11.0220638+01:00" endTime="2023-12-22T09:34:11.0220638+01:00" testType="13cdc9d9-ddb5-4fa4-a97d-d965ccfc6d4b" outcome="Passed" testListId="8c84fa94-04c1-424b-9868-57a2d4851a1d" relativeResultsDirectory="e4da4cc6-e2ed-4d70-9b02-d2a14d516fa1" />
    <UnitTestResult executionId="c02684e9-839d-4936-baef-e1b99f73d5fa" testId="32df93b1-004b-6234-4277-add42c07082d" testName="TestClose" computerName="DKSR-EFI-04" duration="00:00:00.0005965" startTime="2023-12-22T09:34:44.4909818+01:00" endTime="2023-12-22T09:34:44.4909818+01:00" testType="13cdc9d9-ddb5-4fa4-a97d-d965ccfc6d4b" outcome="Passed" testListId="8c84fa94-04c1-424b-9868-57a2d4851a1d" relativeResultsDirectory="c02684e9-839d-4936-baef-e1b99f73d5fa" />
    <UnitTestResult executionId="392275cd-4816-41ee-abcf-ea55a1a2e000" testId="fb82e5ab-b876-f3ec-f70e-ce0788714c64" testName="TestRunConfigurationNotLoadedSocketNotConnected" computerName="DKSR-EFI-04" duration="00:00:03.0110402" startTime="2023-12-22T09:34:14.2095805+01:00" endTime="2023-12-22T09:34:17.2252224+01:00" testType="13cdc9d9-ddb5-4fa4-a97d-d965ccfc6d4b" outcome="Passed" testListId="8c84fa94-04c1-424b-9868-57a2d4851a1d" relativeResultsDirectory="392275cd-4816-41ee-abcf-ea55a1a2e000" />
    <UnitTestResult executionId="bd001cbc-7a13-489c-96e1-25ef054e2740" testId="1ead987f-3093-f0cc-ecc1-54610695491a" testName="TestIconXPCO" computerName="DKSR-EFI-04" duration="00:00:00.0016040" startTime="2023-12-22T09:34:06.8189185+01:00" endTime="2023-12-22T09:34:06.8189185+01:00" testType="13cdc9d9-ddb5-4fa4-a97d-d965ccfc6d4b" outcome="Passed" testListId="8c84fa94-04c1-424b-9868-57a2d4851a1d" relativeResultsDirectory="bd001cbc-7a13-489c-96e1-25ef054e2740" />
    <UnitTestResult executionId="dc94bc04-4b10-45d5-b94b-38c67754ac60" testId="a1c40e98-6612-92d9-82e3-49a05418bdb8" testName="TestPort" computerName="DKSR-EFI-04" duration="00:00:00.0004990" startTime="2023-12-22T09:34:45.3659885+01:00" endTime="2023-12-22T09:34:45.3659885+01:00" testType="13cdc9d9-ddb5-4fa4-a97d-d965ccfc6d4b" outcome="Passed" testListId="8c84fa94-04c1-424b-9868-57a2d4851a1d" relativeResultsDirectory="dc94bc04-4b10-45d5-b94b-38c67754ac60" />
    <UnitTestResult executionId="de114f2b-2b24-4801-a0f5-0b8aa45dcfb3" testId="55787fc9-b017-22c6-8621-e73e4dc6e94e" testName="TestCreateAlarmNullDoc" computerName="DKSR-EFI-04" duration="00:00:00.0010928" startTime="2023-12-22T09:34:43.9909800+01:00" endTime="2023-12-22T09:34:43.9909800+01:00" testType="13cdc9d9-ddb5-4fa4-a97d-d965ccfc6d4b" outcome="Passed" testListId="8c84fa94-04c1-424b-9868-57a2d4851a1d" relativeResultsDirectory="de114f2b-2b24-4801-a0f5-0b8aa45dcfb3" />
    <UnitTestResult executionId="02aa44a8-f47d-490f-acf2-c62bf1116853" testId="8da37076-29a6-9454-f54e-2dd1707442fd" testName="TestFillSourceWithSourceNameUnKnownObjectHostNameLookupValidItem" computerName="DKSR-EFI-04" duration="00:00:00.0063363" startTime="2023-12-22T09:34:44.3347317+01:00" endTime="2023-12-22T09:34:44.3503586+01:00" testType="13cdc9d9-ddb5-4fa4-a97d-d965ccfc6d4b" outcome="Passed" testListId="8c84fa94-04c1-424b-9868-57a2d4851a1d" relativeResultsDirectory="02aa44a8-f47d-490f-acf2-c62bf1116853" />
    <UnitTestResult executionId="9517d49a-2a2d-428d-9d70-5a677f4aae46" testId="64c3d46c-70e0-5802-8b79-0668fff83924" testName="TestUpgradeEventMessagesEmptyConfigFile" computerName="DKSR-EFI-04" duration="00:00:00.0015408" startTime="2023-12-22T09:34:45.5222383+01:00" endTime="2023-12-22T09:34:45.5222383+01:00" testType="13cdc9d9-ddb5-4fa4-a97d-d965ccfc6d4b" outcome="Passed" testListId="8c84fa94-04c1-424b-9868-57a2d4851a1d" relativeResultsDirectory="9517d49a-2a2d-428d-9d70-5a677f4aae46" />
    <UnitTestResult executionId="73178165-2163-4852-ab24-f85315984982" testId="28c61743-69cc-da8e-f843-61961a6de37b" testName="TestConstructor_Item" computerName="DKSR-EFI-04" duration="00:00:00.0002778" startTime="2023-12-22T09:34:45.3816119+01:00" endTime="2023-12-22T09:34:45.3816119+01:00" testType="13cdc9d9-ddb5-4fa4-a97d-d965ccfc6d4b" outcome="Passed" testListId="8c84fa94-04c1-424b-9868-57a2d4851a1d" relativeResultsDirectory="73178165-2163-4852-ab24-f85315984982" />
    <UnitTestResult executionId="31267921-ecfd-4d9c-8ff2-690f83a881d7" testId="bd91e862-6095-d3cc-c742-6c3d0f66b903" testName="TestHandleRequestWithHtmlHeaderNoContentLength" computerName="DKSR-EFI-04" duration="00:00:00.0019040" startTime="2023-12-22T09:34:11.0220638+01:00" endTime="2023-12-22T09:34:11.0220638+01:00" testType="13cdc9d9-ddb5-4fa4-a97d-d965ccfc6d4b" outcome="Passed" testListId="8c84fa94-04c1-424b-9868-57a2d4851a1d" relativeResultsDirectory="31267921-ecfd-4d9c-8ff2-690f83a881d7" />
    <UnitTestResult executionId="417a8859-1774-475a-a829-0f942d5ed71f" testId="ff36a600-e44e-31f5-1388-bc0191016f88" testName="TestEventMessageEmptyDoc" computerName="DKSR-EFI-04" duration="00:00:00.0006026" startTime="2023-12-22T09:34:43.9753560+01:00" endTime="2023-12-22T09:34:43.9753560+01:00" testType="13cdc9d9-ddb5-4fa4-a97d-d965ccfc6d4b" outcome="Passed" testListId="8c84fa94-04c1-424b-9868-57a2d4851a1d" relativeResultsDirectory="417a8859-1774-475a-a829-0f942d5ed71f" />
    <UnitTestResult executionId="70ceedef-1265-45cb-950b-064e30c6e918" testId="0ba330d1-5d72-214f-98d5-741bc5141b1f" testName="TestUpgradeEventMessagesEmptyFileName" computerName="DKSR-EFI-04" duration="00:00:00.0021547" startTime="2023-12-22T09:34:45.5066143+01:00" endTime="2023-12-22T09:34:45.5066143+01:00" testType="13cdc9d9-ddb5-4fa4-a97d-d965ccfc6d4b" outcome="Passed" testListId="8c84fa94-04c1-424b-9868-57a2d4851a1d" relativeResultsDirectory="70ceedef-1265-45cb-950b-064e30c6e918" />
    <UnitTestResult executionId="79b3c315-583d-4caa-a8d2-f771314620e5" testId="3cc755fb-5a66-6257-0e18-9696b64dfe93" testName="TestServiceEnabled" computerName="DKSR-EFI-04" duration="00:00:00.0006389" startTime="2023-12-22T09:34:45.3659885+01:00" endTime="2023-12-22T09:34:45.3659885+01:00" testType="13cdc9d9-ddb5-4fa4-a97d-d965ccfc6d4b" outcome="Passed" testListId="8c84fa94-04c1-424b-9868-57a2d4851a1d" relativeResultsDirectory="79b3c315-583d-4caa-a8d2-f771314620e5" />
    <UnitTestResult executionId="dd4e7c0f-4ccd-49f9-aac8-82fab66780fe" testId="9063848d-03b0-ccf0-45e2-db439660c51f" testName="TestDeleteItem" computerName="DKSR-EFI-04" duration="00:00:00.0026465" startTime="2023-12-22T09:34:45.0378615+01:00" endTime="2023-12-22T09:34:45.0378615+01:00" testType="13cdc9d9-ddb5-4fa4-a97d-d965ccfc6d4b" outcome="Passed" testListId="8c84fa94-04c1-424b-9868-57a2d4851a1d" relativeResultsDirectory="dd4e7c0f-4ccd-49f9-aac8-82fab66780fe" />
    <UnitTestResult executionId="973f7ea6-92c1-4f75-8c68-ca5d5afab378" testId="063d0ec7-783f-7706-6c0b-9c29ba060dc1" testName="TestFillSourceWithObjectIdReturnNullItem" computerName="DKSR-EFI-04" duration="00:00:00.0024147" startTime="2023-12-22T09:34:44.3034815+01:00" endTime="2023-12-22T09:34:44.3034815+01:00" testType="13cdc9d9-ddb5-4fa4-a97d-d965ccfc6d4b" outcome="Passed" testListId="8c84fa94-04c1-424b-9868-57a2d4851a1d" relativeResultsDirectory="973f7ea6-92c1-4f75-8c68-ca5d5afab378" />
    <UnitTestResult executionId="254f5564-9ec8-4229-bfe7-c43abbcab2df" testId="b2a3e303-8884-e726-1bd4-bb8bdda5ca04" testName="TestLookupAndAddHosts" computerName="DKSR-EFI-04" duration="00:00:01.1026806" startTime="2023-12-22T09:34:09.6626834+01:00" endTime="2023-12-22T09:34:10.7720606+01:00" testType="13cdc9d9-ddb5-4fa4-a97d-d965ccfc6d4b" outcome="Passed" testListId="8c84fa94-04c1-424b-9868-57a2d4851a1d" relativeResultsDirectory="254f5564-9ec8-4229-bfe7-c43abbcab2df" />
    <UnitTestResult executionId="d3af0dcd-3cef-4762-87c3-806940e08f4d" testId="cac92426-4fab-e7bd-c590-d4168bbdd988" testName="TestHandleRequest_ValidXmlAlertNullFilter" computerName="DKSR-EFI-04" duration="00:00:00.0041143" startTime="2023-12-22T09:34:10.8970654+01:00" endTime="2023-12-22T09:34:10.9126891+01:00" testType="13cdc9d9-ddb5-4fa4-a97d-d965ccfc6d4b" outcome="Passed" testListId="8c84fa94-04c1-424b-9868-57a2d4851a1d" relativeResultsDirectory="d3af0dcd-3cef-4762-87c3-806940e08f4d" />
    <UnitTestResult executionId="8339bba5-0564-4ff7-90cd-db9768b614e7" testId="6b054722-45c8-9e6e-8d3c-63fdf3adf029" testName="TestConstructor_Default" computerName="DKSR-EFI-04" duration="00:00:00.0001748" startTime="2023-12-22T09:34:45.3816119+01:00" endTime="2023-12-22T09:34:45.3816119+01:00" testType="13cdc9d9-ddb5-4fa4-a97d-d965ccfc6d4b" outcome="Passed" testListId="8c84fa94-04c1-424b-9868-57a2d4851a1d" relativeResultsDirectory="8339bba5-0564-4ff7-90cd-db9768b614e7" />
    <UnitTestResult executionId="b0d9a7a3-0ee2-49e8-9dde-9b1307750bef" testId="ca3f8549-8e65-13d1-59d4-6d74a5fa2453" testName="TestConstruction" computerName="DKSR-EFI-04" duration="00:00:00.0011174" startTime="2023-12-22T09:34:43.6941064+01:00" endTime="2023-12-22T09:34:43.6941064+01:00" testType="13cdc9d9-ddb5-4fa4-a97d-d965ccfc6d4b" outcome="Passed" testListId="8c84fa94-04c1-424b-9868-57a2d4851a1d" relativeResultsDirectory="b0d9a7a3-0ee2-49e8-9dde-9b1307750bef" />
    <UnitTestResult executionId="8f416f78-e8fa-445f-b728-16aa8670dfbc" testId="a797bbbd-fbc1-cdee-6d34-73069d6bb5e8" testName="TestConstruction" computerName="DKSR-EFI-04" duration="00:00:00.0007497" startTime="2023-12-22T09:34:44.3659828+01:00" endTime="2023-12-22T09:34:44.3659828+01:00" testType="13cdc9d9-ddb5-4fa4-a97d-d965ccfc6d4b" outcome="Passed" testListId="8c84fa94-04c1-424b-9868-57a2d4851a1d" relativeResultsDirectory="8f416f78-e8fa-445f-b728-16aa8670dfbc" />
    <UnitTestResult executionId="324c81ab-9eac-4fb6-8db5-12b29f77d9fb" testId="63eb29b2-a20a-4e3c-ee32-fac315e3f3da" testName="TestName_EnvironmentNull" computerName="DKSR-EFI-04" duration="00:00:00.0002713" startTime="2023-12-22T09:34:45.3503637+01:00" endTime="2023-12-22T09:34:45.3503637+01:00" testType="13cdc9d9-ddb5-4fa4-a97d-d965ccfc6d4b" outcome="Passed" testListId="8c84fa94-04c1-424b-9868-57a2d4851a1d" relativeResultsDirectory="324c81ab-9eac-4fb6-8db5-12b29f77d9fb" />
    <UnitTestResult executionId="424e0961-9cb2-4ecf-81a1-6872466a6140" testId="c95fbcc6-60bf-7584-ab63-e71788326f2e" testName="TestParsePortVerifyFalse" computerName="DKSR-EFI-04" duration="00:00:00.0004445" startTime="2023-12-22T09:34:45.5066143+01:00" endTime="2023-12-22T09:34:45.5066143+01:00" testType="13cdc9d9-ddb5-4fa4-a97d-d965ccfc6d4b" outcome="Passed" testListId="8c84fa94-04c1-424b-9868-57a2d4851a1d" relativeResultsDirectory="424e0961-9cb2-4ecf-81a1-6872466a6140" />
    <UnitTestResult executionId="b8c28391-81ac-4f6e-91dc-fae421727cce" testId="4d4a5230-156e-d429-5e7e-49883d2c29f2" testName="TestGetKnownEventTypes" computerName="DKSR-EFI-04" duration="00:00:00.0059068" startTime="2023-12-22T09:34:45.0847363+01:00" endTime="2023-12-22T09:34:45.0847363+01:00" testType="13cdc9d9-ddb5-4fa4-a97d-d965ccfc6d4b" outcome="Passed" testListId="8c84fa94-04c1-424b-9868-57a2d4851a1d" relativeResultsDirectory="b8c28391-81ac-4f6e-91dc-fae421727cce" />
    <UnitTestResult executionId="11a1de26-79aa-4d94-bd3f-0f143107ccca" testId="1dddb1a4-febd-fefd-93eb-1bc509392e46" testName="TestIsAuthorized_SecurityDisabled" computerName="DKSR-EFI-04" duration="00:00:00.0013547" startTime="2023-12-22T09:34:09.6470564+01:00" endTime="2023-12-22T09:34:09.6470564+01:00" testType="13cdc9d9-ddb5-4fa4-a97d-d965ccfc6d4b" outcome="Passed" testListId="8c84fa94-04c1-424b-9868-57a2d4851a1d" relativeResultsDirectory="11a1de26-79aa-4d94-bd3f-0f143107ccca" />
    <UnitTestResult executionId="b22f8694-1d25-47ba-bc7d-ec86c89a6936" testId="29f1dda2-2ce7-dfd2-c1cc-985082bb198b" testName="TestConstructor_Fqid" computerName="DKSR-EFI-04" duration="00:00:00.0006280" startTime="2023-12-22T09:34:44.4597305+01:00" endTime="2023-12-22T09:34:44.4597305+01:00" testType="13cdc9d9-ddb5-4fa4-a97d-d965ccfc6d4b" outcome="Passed" testListId="8c84fa94-04c1-424b-9868-57a2d4851a1d" relativeResultsDirectory="b22f8694-1d25-47ba-bc7d-ec86c89a6936" />
    <UnitTestResult executionId="ee876151-3f7b-41d7-a86c-0007b6ae1dcb" testId="6f57a0ef-f3b0-892d-c2da-07b42eeff451" testName="TestConstruction" computerName="DKSR-EFI-04" duration="00:00:00.0167654" startTime="2023-12-22T09:34:07.1157955+01:00" endTime="2023-12-22T09:34:07.1314188+01:00" testType="13cdc9d9-ddb5-4fa4-a97d-d965ccfc6d4b" outcome="Passed" testListId="8c84fa94-04c1-424b-9868-57a2d4851a1d" relativeResultsDirectory="ee876151-3f7b-41d7-a86c-0007b6ae1dcb" />
    <UnitTestResult executionId="ea3d579a-30df-4391-ab1a-cf263e1f0bab" testId="c55d3e05-9a16-affd-e564-dbe17acf2ec1" testName="TestRunNoDataAvailable" computerName="DKSR-EFI-04" duration="00:00:08.0543941" startTime="2023-12-22T09:34:23.3346250+01:00" endTime="2023-12-22T09:34:31.3815415+01:00" testType="13cdc9d9-ddb5-4fa4-a97d-d965ccfc6d4b" outcome="Passed" testListId="8c84fa94-04c1-424b-9868-57a2d4851a1d" relativeResultsDirectory="ea3d579a-30df-4391-ab1a-cf263e1f0bab" />
    <UnitTestResult executionId="0b229f5b-f2b6-40ab-bb9d-9b4dcf5f0313" testId="7c111c6e-1816-2f70-18ff-30ffbb26ba59" testName="TestAddItem_AddExistingItemName" computerName="DKSR-EFI-04" duration="00:00:00.0022555" startTime="2023-12-22T09:34:45.0534878+01:00" endTime="2023-12-22T09:34:45.0534878+01:00" testType="13cdc9d9-ddb5-4fa4-a97d-d965ccfc6d4b" outcome="Passed" testListId="8c84fa94-04c1-424b-9868-57a2d4851a1d" relativeResultsDirectory="0b229f5b-f2b6-40ab-bb9d-9b4dcf5f0313" />
    <UnitTestResult executionId="e6972451-a1e4-4b57-b1b7-2aa2e9cd6773" testId="af2e23bf-6f85-e762-5c4f-1066523a98e3" testName="TestCreateAlarmWithDocAlarm" computerName="DKSR-EFI-04" duration="00:00:00.0006803" startTime="2023-12-22T09:34:43.7097279+01:00" endTime="2023-12-22T09:34:43.7253539+01:00" testType="13cdc9d9-ddb5-4fa4-a97d-d965ccfc6d4b" outcome="Passed" testListId="8c84fa94-04c1-424b-9868-57a2d4851a1d" relativeResultsDirectory="e6972451-a1e4-4b57-b1b7-2aa2e9cd6773" />
    <UnitTestResult executionId="13841ceb-a250-4a09-8edd-76dd8658a41a" testId="841fe5ff-0900-4d55-e645-bce62c676997" testName="TestSetGetPropertyBool" computerName="DKSR-EFI-04" duration="00:00:00.0005466" startTime="2023-12-22T09:34:45.3972407+01:00" endTime="2023-12-22T09:34:45.3972407+01:00" testType="13cdc9d9-ddb5-4fa4-a97d-d965ccfc6d4b" outcome="Passed" testListId="8c84fa94-04c1-424b-9868-57a2d4851a1d" relativeResultsDirectory="13841ceb-a250-4a09-8edd-76dd8658a41a" />
    <UnitTestResult executionId="96104701-e7dc-4f2e-9eee-3d7e295ab844" testId="54b320bc-66a9-ba72-4ef5-ee4a8489a59f" testName="TestFillSourceWithSourceNameNullSettings" computerName="DKSR-EFI-04" duration="00:00:00.0007904" startTime="2023-12-22T09:34:44.3191069+01:00" endTime="2023-12-22T09:34:44.3191069+01:00" testType="13cdc9d9-ddb5-4fa4-a97d-d965ccfc6d4b" outcome="Passed" testListId="8c84fa94-04c1-424b-9868-57a2d4851a1d" relativeResultsDirectory="96104701-e7dc-4f2e-9eee-3d7e295ab844" />
    <UnitTestResult executionId="1a404127-f781-4733-9dcc-e39888a9046a" testId="8fb4fc96-7d08-7c00-cb0d-a78d000649c8" testName="TestHandleRequestValidXmlAlertFilterReturnsAsAlarmAsAlert" computerName="DKSR-EFI-04" duration="00:00:00.0069667" startTime="2023-12-22T09:34:10.9126891+01:00" endTime="2023-12-22T09:34:10.9126891+01:00" testType="13cdc9d9-ddb5-4fa4-a97d-d965ccfc6d4b" outcome="Passed" testListId="8c84fa94-04c1-424b-9868-57a2d4851a1d" relativeResultsDirectory="1a404127-f781-4733-9dcc-e39888a9046a" />
    <UnitTestResult executionId="703614f1-94d1-488b-b13a-68ad7da9aa72" testId="68a8cd2d-36bf-4bca-0c56-40dace703178" testName="TestEventMessageWithMessage" computerName="DKSR-EFI-04" duration="00:00:00.0004231" startTime="2023-12-22T09:34:43.9909800+01:00" endTime="2023-12-22T09:34:43.9909800+01:00" testType="13cdc9d9-ddb5-4fa4-a97d-d965ccfc6d4b" outcome="Passed" testListId="8c84fa94-04c1-424b-9868-57a2d4851a1d" relativeResultsDirectory="703614f1-94d1-488b-b13a-68ad7da9aa72" />
    <UnitTestResult executionId="6741347d-35d1-4440-95a1-309bcb2d370a" testId="5f27c56a-2336-ecc1-a299-39c7c2f53714" testName="TestHandleRequest_ValidXmlAlertCreateAlarmReturnsNotOk" computerName="DKSR-EFI-04" duration="00:00:00.0541156" startTime="2023-12-22T09:34:10.8189388+01:00" endTime="2023-12-22T09:34:10.8658138+01:00" testType="13cdc9d9-ddb5-4fa4-a97d-d965ccfc6d4b" outcome="Passed" testListId="8c84fa94-04c1-424b-9868-57a2d4851a1d" relativeResultsDirectory="6741347d-35d1-4440-95a1-309bcb2d370a" />
    <UnitTestResult executionId="cf317375-cb14-4a89-be11-9da40f114ca4" testId="fc3323f7-5755-b5c1-4d9b-c74f626518db" testName="TestConstruction" computerName="DKSR-EFI-04" duration="00:00:00.0005930" startTime="2023-12-22T09:34:45.4909874+01:00" endTime="2023-12-22T09:34:45.4909874+01:00" testType="13cdc9d9-ddb5-4fa4-a97d-d965ccfc6d4b" outcome="Passed" testListId="8c84fa94-04c1-424b-9868-57a2d4851a1d" relativeResultsDirectory="cf317375-cb14-4a89-be11-9da40f114ca4" />
    <UnitTestResult executionId="2fb0b71b-5554-4f9f-a7a5-8b8d181f30c9" testId="d647d8dd-f04a-a2c2-cec5-80065b2d76ee" testName="TestHandleRequest_ValidXmlAlertReturnsNullAlarm" computerName="DKSR-EFI-04" duration="00:00:00.0088721" startTime="2023-12-22T09:34:10.8658138+01:00" endTime="2023-12-22T09:34:10.8814396+01:00" testType="13cdc9d9-ddb5-4fa4-a97d-d965ccfc6d4b" outcome="Passed" testListId="8c84fa94-04c1-424b-9868-57a2d4851a1d" relativeResultsDirectory="2fb0b71b-5554-4f9f-a7a5-8b8d181f30c9" />
    <UnitTestResult executionId="c1c6ceef-ce5f-490e-8b50-8e0dfdbcf3db" testId="ba962835-2c69-82f8-2550-7b6bc36daedb" testName="TestConstruction" computerName="DKSR-EFI-04" duration="00:00:00.1634991" startTime="2023-12-22T09:34:45.0847363+01:00" endTime="2023-12-22T09:34:45.2566158+01:00" testType="13cdc9d9-ddb5-4fa4-a97d-d965ccfc6d4b" outcome="Passed" testListId="8c84fa94-04c1-424b-9868-57a2d4851a1d" relativeResultsDirectory="c1c6ceef-ce5f-490e-8b50-8e0dfdbcf3db" />
    <UnitTestResult executionId="9aec2045-e26b-4968-b908-d53c9e0a8e30" testId="0b6c05fd-d413-bc3a-3d24-b6744d2323a9" testName="TestGetItemName" computerName="DKSR-EFI-04" duration="00:00:00.0010169" startTime="2023-12-22T09:34:45.0066134+01:00" endTime="2023-12-22T09:34:45.0066134+01:00" testType="13cdc9d9-ddb5-4fa4-a97d-d965ccfc6d4b" outcome="Passed" testListId="8c84fa94-04c1-424b-9868-57a2d4851a1d" relativeResultsDirectory="9aec2045-e26b-4968-b908-d53c9e0a8e30" />
    <UnitTestResult executionId="0dde2bcd-2906-4716-a1d2-1d024ae0d0a3" testId="906a0490-2008-ab4a-3628-1824bc2d745b" testName="TestGetItems_ItemsNull" computerName="DKSR-EFI-04" duration="00:00:00.0027915" startTime="2023-12-22T09:34:45.0691104+01:00" endTime="2023-12-22T09:34:45.0691104+01:00" testType="13cdc9d9-ddb5-4fa4-a97d-d965ccfc6d4b" outcome="Passed" testListId="8c84fa94-04c1-424b-9868-57a2d4851a1d" relativeResultsDirectory="0dde2bcd-2906-4716-a1d2-1d024ae0d0a3" />
    <UnitTestResult executionId="686711b1-dc2f-4e62-8b69-4560211e9244" testId="1f47e619-99a3-224a-4bdd-4d976819d575" testName="TestUpdateGeneralSettings_WithNullGenealSetting" computerName="DKSR-EFI-04" duration="00:00:00.0009808" startTime="2023-12-22T09:34:07.2095459+01:00" endTime="2023-12-22T09:34:07.2095459+01:00" testType="13cdc9d9-ddb5-4fa4-a97d-d965ccfc6d4b" outcome="Passed" testListId="8c84fa94-04c1-424b-9868-57a2d4851a1d" relativeResultsDirectory="686711b1-dc2f-4e62-8b69-4560211e9244" />
    <UnitTestResult executionId="018e0a31-e626-4a1e-9df4-83cdc3cbe532" testId="c9fd1afa-e000-bceb-dcf6-c6bea7b48fed" testName="TestHandleRequest_ValidXmlAlertEmptyEventMessage" computerName="DKSR-EFI-04" duration="00:00:00.0030711" startTime="2023-12-22T09:34:10.8970654+01:00" endTime="2023-12-22T09:34:10.8970654+01:00" testType="13cdc9d9-ddb5-4fa4-a97d-d965ccfc6d4b" outcome="Passed" testListId="8c84fa94-04c1-424b-9868-57a2d4851a1d" relativeResultsDirectory="018e0a31-e626-4a1e-9df4-83cdc3cbe532" />
    <UnitTestResult executionId="30b62a7e-eb69-4c6e-967d-e71fb0b52dd4" testId="1297a481-9abd-22eb-92c2-48db178746b8" testName="TestClearUserControl" computerName="DKSR-EFI-04" duration="00:00:00.3075783" startTime="2023-12-22T09:34:44.6316098+01:00" endTime="2023-12-22T09:34:44.9441108+01:00" testType="13cdc9d9-ddb5-4fa4-a97d-d965ccfc6d4b" outcome="Passed" testListId="8c84fa94-04c1-424b-9868-57a2d4851a1d" relativeResultsDirectory="30b62a7e-eb69-4c6e-967d-e71fb0b52dd4" />
    <UnitTestResult executionId="6c86afca-459f-4995-9c4a-d8026d491929" testId="f8d7b1a7-4785-3ace-7dbc-2dbc92759bd6" testName="IconTest" computerName="DKSR-EFI-04" duration="00:00:00.0024407" startTime="2023-12-22T09:34:45.4284876+01:00" endTime="2023-12-22T09:34:45.4441117+01:00" testType="13cdc9d9-ddb5-4fa4-a97d-d965ccfc6d4b" outcome="Passed" testListId="8c84fa94-04c1-424b-9868-57a2d4851a1d" relativeResultsDirectory="6c86afca-459f-4995-9c4a-d8026d491929" />
    <UnitTestResult executionId="c4678dbe-f138-44ea-bf25-7df1e3094561" testId="7cc4d0b0-ebf8-1238-6c90-a328149d9647" testName="TestConstructor_NullItem" computerName="DKSR-EFI-04" duration="00:00:00.0005667" startTime="2023-12-22T09:34:45.3816119+01:00" endTime="2023-12-22T09:34:45.3816119+01:00" testType="13cdc9d9-ddb5-4fa4-a97d-d965ccfc6d4b" outcome="Passed" testListId="8c84fa94-04c1-424b-9868-57a2d4851a1d" relativeResultsDirectory="c4678dbe-f138-44ea-bf25-7df1e3094561" />
    <UnitTestResult executionId="4a0ce4f2-accc-4dd6-8771-42911896b64f" testId="46067b7a-93a4-dc70-ca0f-14d83f925057" testName="TestIconXPE" computerName="DKSR-EFI-04" duration="00:00:00.6058592" startTime="2023-12-22T09:34:06.1939157+01:00" endTime="2023-12-22T09:34:06.8032917+01:00" testType="13cdc9d9-ddb5-4fa4-a97d-d965ccfc6d4b" outcome="Passed" testListId="8c84fa94-04c1-424b-9868-57a2d4851a1d" relativeResultsDirectory="4a0ce4f2-accc-4dd6-8771-42911896b64f" />
    <UnitTestResult executionId="25f2c5c7-4af7-4190-ba5d-56844de5abd2" testId="3ae18270-ca1f-a493-3494-1909b2cfe16b" testName="TestConstructor" computerName="DKSR-EFI-04" duration="00:00:00.0011428" startTime="2023-12-22T09:34:44.4909818+01:00" endTime="2023-12-22T09:34:44.4909818+01:00" testType="13cdc9d9-ddb5-4fa4-a97d-d965ccfc6d4b" outcome="Passed" testListId="8c84fa94-04c1-424b-9868-57a2d4851a1d" relativeResultsDirectory="25f2c5c7-4af7-4190-ba5d-56844de5abd2" />
    <UnitTestResult executionId="adf09d0c-de51-454a-9fc5-8673fb33f3f9" testId="2594741e-44f5-7035-b04d-9de54da44bdc" testName="TestHandleRequest_UpdateTimeAlertCreateAlarmReturnsOk" computerName="DKSR-EFI-04" duration="00:00:00.0415079" startTime="2023-12-22T09:34:11.0220638+01:00" endTime="2023-12-22T09:34:11.0689405+01:00" testType="13cdc9d9-ddb5-4fa4-a97d-d965ccfc6d4b" outcome="Passed" testListId="8c84fa94-04c1-424b-9868-57a2d4851a1d" relativeResultsDirectory="adf09d0c-de51-454a-9fc5-8673fb33f3f9" />
    <UnitTestResult executionId="e88c89e3-76e5-4a07-8012-e7443b3c1889" testId="25d1efdb-35a3-79e5-ae72-87e7e8e2202e" testName="TestFillSourceWithObjectIdReturnItem" computerName="DKSR-EFI-04" duration="00:00:00.0032226" startTime="2023-12-22T09:34:44.3034815+01:00" endTime="2023-12-22T09:34:44.3191069+01:00" testType="13cdc9d9-ddb5-4fa4-a97d-d965ccfc6d4b" outcome="Passed" testListId="8c84fa94-04c1-424b-9868-57a2d4851a1d" relativeResultsDirectory="e88c89e3-76e5-4a07-8012-e7443b3c1889" />
    <UnitTestResult executionId="3ebedba8-3944-453a-b02e-fd717ddaca92" testId="743c2ecd-f639-e21d-670f-8916e5300c80" testName="TestLookup" computerName="DKSR-EFI-04" duration="00:00:00.0297602" startTime="2023-12-22T09:34:44.4128566+01:00" endTime="2023-12-22T09:34:44.4441083+01:00" testType="13cdc9d9-ddb5-4fa4-a97d-d965ccfc6d4b" outcome="Passed" testListId="8c84fa94-04c1-424b-9868-57a2d4851a1d" relativeResultsDirectory="3ebedba8-3944-453a-b02e-fd717ddaca92" />
    <UnitTestResult executionId="24a158fb-93b2-4f0c-906e-1d52fe44b078" testId="1d2abe98-623e-b9eb-68ea-9dc55d7f52c4" testName="TestAdd" computerName="DKSR-EFI-04" duration="00:00:00.0115372" startTime="2023-12-22T09:34:44.3972314+01:00" endTime="2023-12-22T09:34:44.4128566+01:00" testType="13cdc9d9-ddb5-4fa4-a97d-d965ccfc6d4b" outcome="Passed" testListId="8c84fa94-04c1-424b-9868-57a2d4851a1d" relativeResultsDirectory="24a158fb-93b2-4f0c-906e-1d52fe44b078" />
    <UnitTestResult executionId="518e62c5-b6eb-4c35-8b03-ba6ab63d9b70" testId="ac6cb708-ccb6-1518-cf6e-2723d80211c1" testName="TestFillSourceWithSourceNameUnKnownObjectHostName" computerName="DKSR-EFI-04" duration="00:00:00.0038264" startTime="2023-12-22T09:34:44.3347317+01:00" endTime="2023-12-22T09:34:44.3347317+01:00" testType="13cdc9d9-ddb5-4fa4-a97d-d965ccfc6d4b" outcome="Passed" testListId="8c84fa94-04c1-424b-9868-57a2d4851a1d" relativeResultsDirectory="518e62c5-b6eb-4c35-8b03-ba6ab63d9b70" />
    <UnitTestResult executionId="fb3ae212-a206-439f-b232-7bee8d3a6a0c" testId="fd502182-599f-e866-86f4-980d05169f5e" testName="TestConstruction" computerName="DKSR-EFI-04" duration="00:00:00.0005793" startTime="2023-12-22T09:34:10.7720606+01:00" endTime="2023-12-22T09:34:10.7720606+01:00" testType="13cdc9d9-ddb5-4fa4-a97d-d965ccfc6d4b" outcome="Passed" testListId="8c84fa94-04c1-424b-9868-57a2d4851a1d" relativeResultsDirectory="fb3ae212-a206-439f-b232-7bee8d3a6a0c" />
    <UnitTestResult executionId="5765fa58-2a8a-4c7b-9cfc-44306d3c5c63" testId="60e1b6a8-8777-ef74-c8a8-b070874bff10" testName="TestParsePortEmptyDoc" computerName="DKSR-EFI-04" duration="00:00:00.0002625" startTime="2023-12-22T09:34:45.5066143+01:00" endTime="2023-12-22T09:34:45.5066143+01:00" testType="13cdc9d9-ddb5-4fa4-a97d-d965ccfc6d4b" outcome="Passed" testListId="8c84fa94-04c1-424b-9868-57a2d4851a1d" relativeResultsDirectory="5765fa58-2a8a-4c7b-9cfc-44306d3c5c63" />
    <UnitTestResult executionId="9a5e75d4-111f-4a88-833b-c3140f771deb" testId="5638c06b-fc91-8fe5-3b9c-97c51bf7f5f4" testName="TestFillSourceWithHostnameUnKnownObjectHostName" computerName="DKSR-EFI-04" duration="00:00:00.0032045" startTime="2023-12-22T09:34:43.9441035+01:00" endTime="2023-12-22T09:34:43.9441035+01:00" testType="13cdc9d9-ddb5-4fa4-a97d-d965ccfc6d4b" outcome="Passed" testListId="8c84fa94-04c1-424b-9868-57a2d4851a1d" relativeResultsDirectory="9a5e75d4-111f-4a88-833b-c3140f771deb" />
    <UnitTestResult executionId="fe448172-df63-4af7-8505-024ec648e1bc" testId="13bbd6c2-acb6-84fc-9250-7e899c4cba05" testName="TestConfiguration" computerName="DKSR-EFI-04" duration="00:00:00.0004536" startTime="2023-12-22T09:34:43.6941064+01:00" endTime="2023-12-22T09:34:43.6941064+01:00" testType="13cdc9d9-ddb5-4fa4-a97d-d965ccfc6d4b" outcome="Passed" testListId="8c84fa94-04c1-424b-9868-57a2d4851a1d" relativeResultsDirectory="fe448172-df63-4af7-8505-024ec648e1bc" />
    <UnitTestResult executionId="49fcce7e-6f93-4178-b588-503259af0d73" testId="2b84a2cd-763f-f900-99a9-5fdc0db16d50" testName="TestConfiguration" computerName="DKSR-EFI-04" duration="00:00:00.0003321" startTime="2023-12-22T09:34:43.9753560+01:00" endTime="2023-12-22T09:34:43.9753560+01:00" testType="13cdc9d9-ddb5-4fa4-a97d-d965ccfc6d4b" outcome="Passed" testListId="8c84fa94-04c1-424b-9868-57a2d4851a1d" relativeResultsDirectory="49fcce7e-6f93-4178-b588-503259af0d73" />
    <UnitTestResult executionId="97e681ea-8f14-47d8-9011-171fd2f1ca60" testId="9c58c50f-7907-40f9-144e-464220f53b8f" testName="TestGenerateUserControl" computerName="DKSR-EFI-04" duration="00:00:00.1905451" startTime="2023-12-22T09:34:06.9126675+01:00" endTime="2023-12-22T09:34:07.1157955+01:00" testType="13cdc9d9-ddb5-4fa4-a97d-d965ccfc6d4b" outcome="Passed" testListId="8c84fa94-04c1-424b-9868-57a2d4851a1d" relativeResultsDirectory="97e681ea-8f14-47d8-9011-171fd2f1ca60" />
    <UnitTestResult executionId="3845f406-d6f5-48d2-9a4b-02aba2c7a22b" testId="630469e6-5013-75fa-87f3-a25157cae846" testName="TestParseIpListEmptyXml" computerName="DKSR-EFI-04" duration="00:00:00.0004666" startTime="2023-12-22T09:34:45.4909874+01:00" endTime="2023-12-22T09:34:45.4909874+01:00" testType="13cdc9d9-ddb5-4fa4-a97d-d965ccfc6d4b" outcome="Passed" testListId="8c84fa94-04c1-424b-9868-57a2d4851a1d" relativeResultsDirectory="3845f406-d6f5-48d2-9a4b-02aba2c7a22b" />
    <UnitTestResult executionId="d4048bab-8eae-4bc4-b823-8c3dd6191082" testId="b840d203-6fe7-ed1d-0fc4-7c39f947fa26" testName="HasRelatedTest" computerName="DKSR-EFI-04" duration="00:00:00.0063800" startTime="2023-12-22T09:34:45.4284876+01:00" endTime="2023-12-22T09:34:45.4284876+01:00" testType="13cdc9d9-ddb5-4fa4-a97d-d965ccfc6d4b" outcome="Passed" testListId="8c84fa94-04c1-424b-9868-57a2d4851a1d" relativeResultsDirectory="d4048bab-8eae-4bc4-b823-8c3dd6191082" />
    <UnitTestResult executionId="b8ec4749-3375-41ef-9a62-ccc75f711c23" testId="aae93390-7014-1885-f1be-02208dc3d7d1" testName="TestEventMessageNullDoc" computerName="DKSR-EFI-04" duration="00:00:00.0008738" startTime="2023-12-22T09:34:43.9753560+01:00" endTime="2023-12-22T09:34:43.9753560+01:00" testType="13cdc9d9-ddb5-4fa4-a97d-d965ccfc6d4b" outcome="Passed" testListId="8c84fa94-04c1-424b-9868-57a2d4851a1d" relativeResultsDirectory="b8ec4749-3375-41ef-9a62-ccc75f711c23" />
    <UnitTestResult executionId="b8719c1c-6654-4a35-be62-53a9b4241da9" testId="5bb918da-47e7-5c1a-e3d8-ff16da5a0e69" testName="GetRelatedTest" computerName="DKSR-EFI-04" duration="00:00:00.0017690" startTime="2023-12-22T09:34:45.4597384+01:00" endTime="2023-12-22T09:34:45.4597384+01:00" testType="13cdc9d9-ddb5-4fa4-a97d-d965ccfc6d4b" outcome="Passed" testListId="8c84fa94-04c1-424b-9868-57a2d4851a1d" relativeResultsDirectory="b8719c1c-6654-4a35-be62-53a9b4241da9" />
    <UnitTestResult executionId="33358789-0dd5-4f7f-b779-31899e1839c8" testId="70b8acfc-0f5d-15c1-74a7-35d8aa14bdfe" testName="TestValidateAndSaveUserControl_True" computerName="DKSR-EFI-04" duration="00:00:00.0152668" startTime="2023-12-22T09:34:44.9753609+01:00" endTime="2023-12-22T09:34:44.9909857+01:00" testType="13cdc9d9-ddb5-4fa4-a97d-d965ccfc6d4b" outcome="Passed" testListId="8c84fa94-04c1-424b-9868-57a2d4851a1d" relativeResultsDirectory="33358789-0dd5-4f7f-b779-31899e1839c8" />
    <UnitTestResult executionId="3b8c1689-601a-41e7-9613-22e6ea23a7e3" testId="f2e13be8-d902-bf66-5ea2-e31071348282" testName="TestClose" computerName="DKSR-EFI-04" duration="00:00:00.0015853" startTime="2023-12-22T09:34:44.3659828+01:00" endTime="2023-12-22T09:34:44.3816090+01:00" testType="13cdc9d9-ddb5-4fa4-a97d-d965ccfc6d4b" outcome="Passed" testListId="8c84fa94-04c1-424b-9868-57a2d4851a1d" relativeResultsDirectory="3b8c1689-601a-41e7-9613-22e6ea23a7e3" />
    <UnitTestResult executionId="cf1041af-402b-4aa2-a6f4-26f9219ed85f" testId="877067fa-965d-533c-ea7b-ad7f20848732" testName="TestGetFilter" computerName="DKSR-EFI-04" duration="00:00:00.0013449" startTime="2023-12-22T09:34:09.6001816+01:00" endTime="2023-12-22T09:34:09.6001816+01:00" testType="13cdc9d9-ddb5-4fa4-a97d-d965ccfc6d4b" outcome="Passed" testListId="8c84fa94-04c1-424b-9868-57a2d4851a1d" relativeResultsDirectory="cf1041af-402b-4aa2-a6f4-26f9219ed85f" />
    <UnitTestResult executionId="a3d37d9c-2862-49c5-a384-70e07913792a" testId="83e33f49-3839-a8bb-cf05-b2992017da73" testName="TestFillSourceWithHostnameUnKnownObjectIp" computerName="DKSR-EFI-04" duration="00:00:00.0023463" startTime="2023-12-22T09:34:43.9441035+01:00" endTime="2023-12-22T09:34:43.9441035+01:00" testType="13cdc9d9-ddb5-4fa4-a97d-d965ccfc6d4b" outcome="Passed" testListId="8c84fa94-04c1-424b-9868-57a2d4851a1d" relativeResultsDirectory="a3d37d9c-2862-49c5-a384-70e07913792a" />
    <UnitTestResult executionId="61e987e4-60d3-4d58-b5fc-fb437c812074" testId="b16a4a3d-2b3f-821d-5dc4-48588bb937be" testName="TestInit_EnvironmentTypeAdministrationXPCO" computerName="DKSR-EFI-04" duration="00:00:00.0089411" startTime="2023-12-22T09:34:06.8970436+01:00" endTime="2023-12-22T09:34:06.9126675+01:00" testType="13cdc9d9-ddb5-4fa4-a97d-d965ccfc6d4b" outcome="Passed" testListId="8c84fa94-04c1-424b-9868-57a2d4851a1d" relativeResultsDirectory="61e987e4-60d3-4d58-b5fc-fb437c812074" />
    <UnitTestResult executionId="8e9f888b-edc5-4d46-b2e3-8e80dfc2ff08" testId="79f5dd3b-4ff2-5353-fcf8-69dee4b859a7" testName="TestAddItem_CurrentItemNull" computerName="DKSR-EFI-04" duration="00:00:00.0032568" startTime="2023-12-22T09:34:45.0534878+01:00" endTime="2023-12-22T09:34:45.0534878+01:00" testType="13cdc9d9-ddb5-4fa4-a97d-d965ccfc6d4b" outcome="Passed" testListId="8c84fa94-04c1-424b-9868-57a2d4851a1d" relativeResultsDirectory="8e9f888b-edc5-4d46-b2e3-8e80dfc2ff08" />
    <UnitTestResult executionId="a7b555e1-370f-4b8c-8d63-a4b8f18e90d7" testId="0c6c505b-1503-5c73-545a-4fa831061f80" testName="TestInit_EnvironmentTypeService" computerName="DKSR-EFI-04" duration="00:00:00.0536977" startTime="2023-12-22T09:34:06.8189185+01:00" endTime="2023-12-22T09:34:06.8814184+01:00" testType="13cdc9d9-ddb5-4fa4-a97d-d965ccfc6d4b" outcome="Passed" testListId="8c84fa94-04c1-424b-9868-57a2d4851a1d" relativeResultsDirectory="a7b555e1-370f-4b8c-8d63-a4b8f18e90d7" />
    <UnitTestResult executionId="1bd6062e-9114-43d2-b6a3-93e0a5f90c33" testId="35131e3d-2d9b-f0d6-21c3-4fd8cdb02156" testName="GetDataSourceTest" computerName="DKSR-EFI-04" duration="00:00:00.0018271" startTime="2023-12-22T09:34:45.4753652+01:00" endTime="2023-12-22T09:34:45.4753652+01:00" testType="13cdc9d9-ddb5-4fa4-a97d-d965ccfc6d4b" outcome="Passed" testListId="8c84fa94-04c1-424b-9868-57a2d4851a1d" relativeResultsDirectory="1bd6062e-9114-43d2-b6a3-93e0a5f90c33" />
    <UnitTestResult executionId="201e5b51-1ffe-4448-a1cf-070cdf57c148" testId="bd54e1d8-be83-335d-1d3f-41d8659fc395" testName="TestHandleRequest_ValidXmlAlertReturnsAlarm" computerName="DKSR-EFI-04" duration="00:00:00.0102549" startTime="2023-12-22T09:34:10.8814396+01:00" endTime="2023-12-22T09:34:10.8970654+01:00" testType="13cdc9d9-ddb5-4fa4-a97d-d965ccfc6d4b" outcome="Passed" testListId="8c84fa94-04c1-424b-9868-57a2d4851a1d" relativeResultsDirectory="201e5b51-1ffe-4448-a1cf-070cdf57c148" />
    <UnitTestResult executionId="1f7a63c2-6366-4023-be68-fc1f1d19736c" testId="6523653e-e1f7-ec96-0b0e-f3f5fe1cf2cb" testName="HasChildrenTest" computerName="DKSR-EFI-04" duration="00:00:00.0059480" startTime="2023-12-22T09:34:45.4128644+01:00" endTime="2023-12-22T09:34:45.4284876+01:00" testType="13cdc9d9-ddb5-4fa4-a97d-d965ccfc6d4b" outcome="Passed" testListId="8c84fa94-04c1-424b-9868-57a2d4851a1d" relativeResultsDirectory="1f7a63c2-6366-4023-be68-fc1f1d19736c" />
    <UnitTestResult executionId="4b1d71b4-2d0b-4508-93f1-8d86a81e52e0" testId="c89ce7a8-67b4-96a8-b86d-09b8d9f7b0a8" testName="TestParsePortNullDoc" computerName="DKSR-EFI-04" duration="00:00:00.0006017" startTime="2023-12-22T09:34:45.5066143+01:00" endTime="2023-12-22T09:34:45.5066143+01:00" testType="13cdc9d9-ddb5-4fa4-a97d-d965ccfc6d4b" outcome="Passed" testListId="8c84fa94-04c1-424b-9868-57a2d4851a1d" relativeResultsDirectory="4b1d71b4-2d0b-4508-93f1-8d86a81e52e0" />
    <UnitTestResult executionId="28727b4d-34ed-462b-8aa0-0f0eed1de13b" testId="a2183f2a-4982-f34a-fce3-120e25cf99f3" testName="TestFillSourceWithObjectIdReturnItem" computerName="DKSR-EFI-04" duration="00:00:00.0487299" startTime="2023-12-22T09:34:43.8034791+01:00" endTime="2023-12-22T09:34:43.8503572+01:00" testType="13cdc9d9-ddb5-4fa4-a97d-d965ccfc6d4b" outcome="Passed" testListId="8c84fa94-04c1-424b-9868-57a2d4851a1d" relativeResultsDirectory="28727b4d-34ed-462b-8aa0-0f0eed1de13b" />
    <UnitTestResult executionId="cbd7cd62-b4ef-4dca-b29a-bbf3d3a81cf4" testId="8347fe57-68ef-a53b-1d15-3c16d4a16311" testName="GetChildrenTest" computerName="DKSR-EFI-04" duration="00:00:00.0011333" startTime="2023-12-22T09:34:45.4753652+01:00" endTime="2023-12-22T09:34:45.4909874+01:00" testType="13cdc9d9-ddb5-4fa4-a97d-d965ccfc6d4b" outcome="Passed" testListId="8c84fa94-04c1-424b-9868-57a2d4851a1d" relativeResultsDirectory="cbd7cd62-b4ef-4dca-b29a-bbf3d3a81cf4" />
    <UnitTestResult executionId="04235267-822f-43bc-869e-f8d9bb29d4d4" testId="ecd23704-7e34-1aa5-e5f4-6bf6498c5500" testName="TestSetGetPropertyString" computerName="DKSR-EFI-04" duration="00:00:00.0016579" startTime="2023-12-22T09:34:45.3972407+01:00" endTime="2023-12-22T09:34:45.3972407+01:00" testType="13cdc9d9-ddb5-4fa4-a97d-d965ccfc6d4b" outcome="Passed" testListId="8c84fa94-04c1-424b-9868-57a2d4851a1d" relativeResultsDirectory="04235267-822f-43bc-869e-f8d9bb29d4d4" />
    <UnitTestResult executionId="201df0b7-5ba8-4c9e-92d9-d3dea4fc2566" testId="4ed3a2f1-0624-7989-5ea0-238e5318bc3b" testName="TestSetGetPropertyInt" computerName="DKSR-EFI-04" duration="00:00:00.0006720" startTime="2023-12-22T09:34:45.3972407+01:00" endTime="2023-12-22T09:34:45.3972407+01:00" testType="13cdc9d9-ddb5-4fa4-a97d-d965ccfc6d4b" outcome="Passed" testListId="8c84fa94-04c1-424b-9868-57a2d4851a1d" relativeResultsDirectory="201df0b7-5ba8-4c9e-92d9-d3dea4fc2566" />
    <UnitTestResult executionId="b690a73a-75e6-4b2f-978e-5936866fad0e" testId="f7fbee19-d8be-dc7f-b5a7-a6fe13663b85" testName="AuthorizationTest" computerName="DKSR-EFI-04" duration="00:00:00.0011954" startTime="2023-12-22T09:34:45.4128644+01:00" endTime="2023-12-22T09:34:45.4128644+01:00" testType="13cdc9d9-ddb5-4fa4-a97d-d965ccfc6d4b" outcome="Passed" testListId="8c84fa94-04c1-424b-9868-57a2d4851a1d" relativeResultsDirectory="b690a73a-75e6-4b2f-978e-5936866fad0e" />
    <UnitTestResult executionId="f6b86f32-3fb6-44d2-9c0a-fa38ba58be3f" testId="32a3ae4a-eea8-d63c-2ef1-01c2e17b2641" testName="TestId" computerName="DKSR-EFI-04" duration="00:00:00.0002990" startTime="2023-12-22T09:34:44.3816090+01:00" endTime="2023-12-22T09:34:44.3816090+01:00" testType="13cdc9d9-ddb5-4fa4-a97d-d965ccfc6d4b" outcome="Passed" testListId="8c84fa94-04c1-424b-9868-57a2d4851a1d" relativeResultsDirectory="f6b86f32-3fb6-44d2-9c0a-fa38ba58be3f" />
    <UnitTestResult executionId="cb726298-64cf-47d9-8637-1578582d130a" testId="b02adbca-d714-cd3d-4572-5d3913e8b0bd" testName="TestFillSourceWithHostname" computerName="DKSR-EFI-04" duration="00:00:00.0056612" startTime="2023-12-22T09:34:43.8816057+01:00" endTime="2023-12-22T09:34:43.8816057+01:00" testType="13cdc9d9-ddb5-4fa4-a97d-d965ccfc6d4b" outcome="Passed" testListId="8c84fa94-04c1-424b-9868-57a2d4851a1d" relativeResultsDirectory="cb726298-64cf-47d9-8637-1578582d130a" />
    <UnitTestResult executionId="704b99dc-c3fb-49e1-8bec-3c0f4430c173" testId="e68743e5-ad11-acfb-dc47-3f1b3dcd5418" testName="TestSetItemName" computerName="DKSR-EFI-04" duration="00:00:00.0140734" startTime="2023-12-22T09:34:45.0066134+01:00" endTime="2023-12-22T09:34:45.0222362+01:00" testType="13cdc9d9-ddb5-4fa4-a97d-d965ccfc6d4b" outcome="Passed" testListId="8c84fa94-04c1-424b-9868-57a2d4851a1d" relativeResultsDirectory="704b99dc-c3fb-49e1-8bec-3c0f4430c173" />
    <UnitTestResult executionId="60afb46e-e07d-43ec-bd7d-9ccac8986fa1" testId="9c143a4f-02b4-3c35-43f8-b0477627830a" testName="TestAllowedHosts_Null" computerName="DKSR-EFI-04" duration="00:00:00.0001474" startTime="2023-12-22T09:34:45.3816119+01:00" endTime="2023-12-22T09:34:45.3816119+01:00" testType="13cdc9d9-ddb5-4fa4-a97d-d965ccfc6d4b" outcome="Passed" testListId="8c84fa94-04c1-424b-9868-57a2d4851a1d" relativeResultsDirectory="60afb46e-e07d-43ec-bd7d-9ccac8986fa1" />
    <UnitTestResult executionId="039472bf-af23-4542-b6f0-e9e5f29abf10" testId="282a0374-5529-ce12-d28c-f984243e5e6f" testName="TestStart" computerName="DKSR-EFI-04" duration="00:00:03.1173407" startTime="2023-12-22T09:34:11.0845642+01:00" endTime="2023-12-22T09:34:14.2095805+01:00" testType="13cdc9d9-ddb5-4fa4-a97d-d965ccfc6d4b" outcome="Passed" testListId="8c84fa94-04c1-424b-9868-57a2d4851a1d" relativeResultsDirectory="039472bf-af23-4542-b6f0-e9e5f29abf10" />
    <UnitTestResult executionId="af697d9b-3595-453f-a2c8-49427b447885" testId="981861bf-c7ac-6490-46dc-0c6d8f66937e" testName="TestGenerateDetailUserControl" computerName="DKSR-EFI-04" duration="00:00:00.1250086" startTime="2023-12-22T09:34:44.4909818+01:00" endTime="2023-12-22T09:34:44.6159839+01:00" testType="13cdc9d9-ddb5-4fa4-a97d-d965ccfc6d4b" outcome="Passed" testListId="8c84fa94-04c1-424b-9868-57a2d4851a1d" relativeResultsDirectory="af697d9b-3595-453f-a2c8-49427b447885" />
    <UnitTestResult executionId="917c1b7f-5a4a-4601-a153-10bb41fea038" testId="bcaa400c-0478-ab73-d586-3d87bc50dd81" testName="TestFillSourceWithSourceNameUnKnownObject" computerName="DKSR-EFI-04" duration="00:00:00.0049081" startTime="2023-12-22T09:34:44.3347317+01:00" endTime="2023-12-22T09:34:44.3347317+01:00" testType="13cdc9d9-ddb5-4fa4-a97d-d965ccfc6d4b" outcome="Passed" testListId="8c84fa94-04c1-424b-9868-57a2d4851a1d" relativeResultsDirectory="917c1b7f-5a4a-4601-a153-10bb41fea038" />
    <UnitTestResult executionId="8156b1b5-2c29-4ac2-885b-bc04ace294bc" testId="3683f627-21e2-2efc-596f-dff17db7a105" testName="TestImportNoFile" computerName="DKSR-EFI-04" duration="00:00:00.0063525" startTime="2023-12-22T09:34:45.2566158+01:00" endTime="2023-12-22T09:34:45.2566158+01:00" testType="13cdc9d9-ddb5-4fa4-a97d-d965ccfc6d4b" outcome="Passed" testListId="8c84fa94-04c1-424b-9868-57a2d4851a1d" relativeResultsDirectory="8156b1b5-2c29-4ac2-885b-bc04ace294bc" />
    <UnitTestResult executionId="fe042998-414f-42ff-8cd3-ffdc826b9b48" testId="2735212f-ff13-4b14-ad73-c122581defaa" testName="TestGetItemName_Null" computerName="DKSR-EFI-04" duration="00:00:00.0002174" startTime="2023-12-22T09:34:45.0066134+01:00" endTime="2023-12-22T09:34:45.0066134+01:00" testType="13cdc9d9-ddb5-4fa4-a97d-d965ccfc6d4b" outcome="Passed" testListId="8c84fa94-04c1-424b-9868-57a2d4851a1d" relativeResultsDirectory="fe042998-414f-42ff-8cd3-ffdc826b9b48" />
    <UnitTestResult executionId="ef9e389c-e763-4363-9297-15f3d6d2f5d4" testId="933408fc-e0db-e224-b7f6-9701212f2028" testName="TestConstructor_Default" computerName="DKSR-EFI-04" duration="00:00:00.0002898" startTime="2023-12-22T09:34:44.4441083+01:00" endTime="2023-12-22T09:34:44.4441083+01:00" testType="13cdc9d9-ddb5-4fa4-a97d-d965ccfc6d4b" outcome="Passed" testListId="8c84fa94-04c1-424b-9868-57a2d4851a1d" relativeResultsDirectory="ef9e389c-e763-4363-9297-15f3d6d2f5d4" />
    <UnitTestResult executionId="73873e77-f59b-48db-8940-3ccc8b0caf8e" testId="b732fd71-b534-bedb-b721-ce634efb5754" testName="TestRunNotAuthorized" computerName="DKSR-EFI-04" duration="00:00:03.0058067" startTime="2023-12-22T09:34:20.3190419+01:00" endTime="2023-12-22T09:34:23.3346250+01:00" testType="13cdc9d9-ddb5-4fa4-a97d-d965ccfc6d4b" outcome="Passed" testListId="8c84fa94-04c1-424b-9868-57a2d4851a1d" relativeResultsDirectory="73873e77-f59b-48db-8940-3ccc8b0caf8e" />
    <UnitTestResult executionId="ae8c19b6-cb6c-4798-ace1-990fe2062ef0" testId="cf814864-a528-d386-1d25-1deff1ff7e97" testName="TestConstructor_Fqid" computerName="DKSR-EFI-04" duration="00:00:00.0002319" startTime="2023-12-22T09:34:45.3503637+01:00" endTime="2023-12-22T09:34:45.3503637+01:00" testType="13cdc9d9-ddb5-4fa4-a97d-d965ccfc6d4b" outcome="Passed" testListId="8c84fa94-04c1-424b-9868-57a2d4851a1d" relativeResultsDirectory="ae8c19b6-cb6c-4798-ace1-990fe2062ef0" />
    <UnitTestResult executionId="05015117-c105-410f-861b-8fed3764d884" testId="a0d1db26-e58f-71ad-41ec-a68bf89707fd" testName="TestName_EnvironmentTypeAdministration" computerName="DKSR-EFI-04" duration="00:00:00.0009056" startTime="2023-12-22T09:34:44.4753602+01:00" endTime="2023-12-22T09:34:44.4753602+01:00" testType="13cdc9d9-ddb5-4fa4-a97d-d965ccfc6d4b" outcome="Passed" testListId="8c84fa94-04c1-424b-9868-57a2d4851a1d" relativeResultsDirectory="05015117-c105-410f-861b-8fed3764d884" />
    <UnitTestResult executionId="2307f310-af87-401a-97d3-c8a514f994d2" testId="d3bfeaeb-1a3b-43da-24c5-e9eba90b4a46" testName="TestFillSourceWithHostnameBadNamespace" computerName="DKSR-EFI-04" duration="00:00:00.0036257" startTime="2023-12-22T09:34:43.8503572+01:00" endTime="2023-12-22T09:34:43.8503572+01:00" testType="13cdc9d9-ddb5-4fa4-a97d-d965ccfc6d4b" outcome="Passed" testListId="8c84fa94-04c1-424b-9868-57a2d4851a1d" relativeResultsDirectory="2307f310-af87-401a-97d3-c8a514f994d2" />
    <UnitTestResult executionId="d70482d2-9b00-42e7-b5af-df476c20b658" testId="44e8e31a-750e-3d33-0999-b9e0127d9f23" testName="TestName_EnvironmentTypeService" computerName="DKSR-EFI-04" duration="00:00:00.0005931" startTime="2023-12-22T09:34:45.3659885+01:00" endTime="2023-12-22T09:34:45.3659885+01:00" testType="13cdc9d9-ddb5-4fa4-a97d-d965ccfc6d4b" outcome="Passed" testListId="8c84fa94-04c1-424b-9868-57a2d4851a1d" relativeResultsDirectory="d70482d2-9b00-42e7-b5af-df476c20b658" />
    <UnitTestResult executionId="3f3326bf-5c7b-4fc7-ab94-ea2a33d7cb2a" testId="c485f20f-2936-e124-573a-af07abec5069" testName="TestFillUserControl" computerName="DKSR-EFI-04" duration="00:00:00.0251524" startTime="2023-12-22T09:34:44.9441108+01:00" endTime="2023-12-22T09:34:44.9753609+01:00" testType="13cdc9d9-ddb5-4fa4-a97d-d965ccfc6d4b" outcome="Passed" testListId="8c84fa94-04c1-424b-9868-57a2d4851a1d" relativeResultsDirectory="3f3326bf-5c7b-4fc7-ab94-ea2a33d7cb2a" />
    <UnitTestResult executionId="ceb1aec3-c71b-4711-b7f2-e302cd112748" testId="1aa7d4ab-49e7-7d97-d8e8-a61b0082fdf6" testName="TestConstructor_Item" computerName="DKSR-EFI-04" duration="00:00:00.0002868" startTime="2023-12-22T09:34:45.3503637+01:00" endTime="2023-12-22T09:34:45.3503637+01:00" testType="13cdc9d9-ddb5-4fa4-a97d-d965ccfc6d4b" outcome="Passed" testListId="8c84fa94-04c1-424b-9868-57a2d4851a1d" relativeResultsDirectory="ceb1aec3-c71b-4711-b7f2-e302cd112748" />
    <UnitTestResult executionId="e81b34fb-e5b8-4bfe-8720-b5157e5aabcd" testId="4911a7f7-260e-fc2b-c5f5-cb0280343cab" testName="TestHandleRequest_XmlStartTagNotValidXml" computerName="DKSR-EFI-04" duration="00:00:00.0081266" startTime="2023-12-22T09:34:10.7876883+01:00" endTime="2023-12-22T09:34:10.7876883+01:00" testType="13cdc9d9-ddb5-4fa4-a97d-d965ccfc6d4b" outcome="Passed" testListId="8c84fa94-04c1-424b-9868-57a2d4851a1d" relativeResultsDirectory="e81b34fb-e5b8-4bfe-8720-b5157e5aabcd" />
    <UnitTestResult executionId="3168cfc3-5d8d-4f5f-9517-49cf8112b210" testId="9377ddbc-2a82-324c-6237-e4670485818c" testName="TestHandleRequest_ValidXmlNoAlarm" computerName="DKSR-EFI-04" duration="00:00:00.0093669" startTime="2023-12-22T09:34:10.8033125+01:00" endTime="2023-12-22T09:34:10.8033125+01:00" testType="13cdc9d9-ddb5-4fa4-a97d-d965ccfc6d4b" outcome="Passed" testListId="8c84fa94-04c1-424b-9868-57a2d4851a1d" relativeResultsDirectory="3168cfc3-5d8d-4f5f-9517-49cf8112b210" />
    <UnitTestResult executionId="7bf7fef8-21d1-4b63-9506-dfd35d7c1751" testId="68a1e0c7-c80e-7643-d36c-d46388c618b9" testName="TestParseIpListsNullDoc" computerName="DKSR-EFI-04" duration="00:00:00.0008031" startTime="2023-12-22T09:34:45.4909874+01:00" endTime="2023-12-22T09:34:45.4909874+01:00" testType="13cdc9d9-ddb5-4fa4-a97d-d965ccfc6d4b" outcome="Passed" testListId="8c84fa94-04c1-424b-9868-57a2d4851a1d" relativeResultsDirectory="7bf7fef8-21d1-4b63-9506-dfd35d7c1751" />
    <UnitTestResult executionId="620d510f-2c0e-4071-b254-fb7262653ca3" testId="a8e322c5-869d-1868-e7f9-ca57e365acee" testName="GetParentTest" computerName="DKSR-EFI-04" duration="00:00:00.0015303" startTime="2023-12-22T09:34:45.4753652+01:00" endTime="2023-12-22T09:34:45.4753652+01:00" testType="13cdc9d9-ddb5-4fa4-a97d-d965ccfc6d4b" outcome="Passed" testListId="8c84fa94-04c1-424b-9868-57a2d4851a1d" relativeResultsDirectory="620d510f-2c0e-4071-b254-fb7262653ca3" />
    <UnitTestResult executionId="f9d10249-83f9-4d81-af00-30bef32d7909" testId="a680688a-97f6-9e51-989f-2a4bbb51757d" testName="TestAllowedHosts" computerName="DKSR-EFI-04" duration="00:00:00.0006354" startTime="2023-12-22T09:34:45.3659885+01:00" endTime="2023-12-22T09:34:45.3659885+01:00" testType="13cdc9d9-ddb5-4fa4-a97d-d965ccfc6d4b" outcome="Passed" testListId="8c84fa94-04c1-424b-9868-57a2d4851a1d" relativeResultsDirectory="f9d10249-83f9-4d81-af00-30bef32d7909" />
    <UnitTestResult executionId="b3ee999c-81b2-47c1-b3b2-2c2ff7b06d7a" testId="05db065b-2c1d-7cb6-061b-491237a64d3e" testName="TestDescription" computerName="DKSR-EFI-04" duration="00:00:00.0007665" startTime="2023-12-22T09:34:44.4909818+01:00" endTime="2023-12-22T09:34:44.4909818+01:00" testType="13cdc9d9-ddb5-4fa4-a97d-d965ccfc6d4b" outcome="Passed" testListId="8c84fa94-04c1-424b-9868-57a2d4851a1d" relativeResultsDirectory="b3ee999c-81b2-47c1-b3b2-2c2ff7b06d7a" />
    <UnitTestResult executionId="85cd176c-e2d9-415c-ab12-951e3f8ff29e" testId="51ff0f82-28f1-a278-d306-5c10e7fd8df5" testName="TestConstructor" computerName="DKSR-EFI-04" duration="00:00:00.1639486" startTime="2023-12-22T09:34:05.4439116+01:00" endTime="2023-12-22T09:34:06.1314157+01:00" testType="13cdc9d9-ddb5-4fa4-a97d-d965ccfc6d4b" outcome="Passed" testListId="8c84fa94-04c1-424b-9868-57a2d4851a1d" relativeResultsDirectory="85cd176c-e2d9-415c-ab12-951e3f8ff29e" />
    <UnitTestResult executionId="c8ff8460-8e94-4663-9d76-b212f5929305" testId="9b48f9e8-305b-a70d-39f8-d7c4a29753cb" testName="TestFillSourceWithSourceNameUnKnownObjectHostNameLookupValidItem" computerName="DKSR-EFI-04" duration="00:00:00.0055893" startTime="2023-12-22T09:34:43.9441035+01:00" endTime="2023-12-22T09:34:43.9597321+01:00" testType="13cdc9d9-ddb5-4fa4-a97d-d965ccfc6d4b" outcome="Passed" testListId="8c84fa94-04c1-424b-9868-57a2d4851a1d" relativeResultsDirectory="c8ff8460-8e94-4663-9d76-b212f5929305" />
    <UnitTestResult executionId="c6163afb-d49e-4f80-bf7f-d45e2bcd11ba" testId="0682fd04-8c4e-05bb-dafd-b9741ee85bd2" testName="TestGetItems_ConfigNull" computerName="DKSR-EFI-04" duration="00:00:00.0015556" startTime="2023-12-22T09:34:45.0691104+01:00" endTime="2023-12-22T09:34:45.0691104+01:00" testType="13cdc9d9-ddb5-4fa4-a97d-d965ccfc6d4b" outcome="Passed" testListId="8c84fa94-04c1-424b-9868-57a2d4851a1d" relativeResultsDirectory="c6163afb-d49e-4f80-bf7f-d45e2bcd11ba" />
    <UnitTestResult executionId="c98626bd-746f-46df-bb30-1626aa109ed3" testId="5b6e1893-dff2-dc10-8ea6-8a16a6b9c356" testName="TestRunAlertDataTestAllResult" computerName="DKSR-EFI-04" duration="00:00:09.2783012" startTime="2023-12-22T09:34:34.4129195+01:00" endTime="2023-12-22T09:34:43.6941064+01:00" testType="13cdc9d9-ddb5-4fa4-a97d-d965ccfc6d4b" outcome="Passed" testListId="8c84fa94-04c1-424b-9868-57a2d4851a1d" relativeResultsDirectory="c98626bd-746f-46df-bb30-1626aa109ed3" />
    <UnitTestResult executionId="bf5a6297-562d-43ca-bacb-922ca8d09386" testId="2fc205a8-e6a7-ea97-fa49-eacb1ecbbbdd" testName="TestPortWithNullGeneralSettings" computerName="DKSR-EFI-04" duration="00:00:00.0067122" startTime="2023-12-22T09:34:07.1939206+01:00" endTime="2023-12-22T09:34:07.2095459+01:00" testType="13cdc9d9-ddb5-4fa4-a97d-d965ccfc6d4b" outcome="Passed" testListId="8c84fa94-04c1-424b-9868-57a2d4851a1d" relativeResultsDirectory="bf5a6297-562d-43ca-bacb-922ca8d09386" />
  </Results>
  <TestDefinitions>
    <UnitTest name="TestEventMessageWithNoMessage" storage="d:\actions-runner\_work\xpco\xpco\eventserver\analyticsevents\analytics\videoos.analytics.events.unittest\bin\debug\net47\videoos.analytics.events.unittest.dll" id="f6178929-bcf4-1d49-8082-bab963293513">
      <Execution id="2a7d1183-2f19-4388-af1a-cd671c8c9426" />
      <TestMethod codeBase="D:\actions-runner\_work\XPCO\XPCO\EventServer\AnalyticsEvents\Analytics\VideoOS.Analytics.Events.UnitTest\bin\Debug\net47\VideoOS.Analytics.Events.UnitTest.dll" adapterTypeName="executor://mstestadapter/v2" className="VideoOS.Analytics.Events.UnitTest.Server.TestAlertHandler" name="TestEventMessageWithNoMessage" />
    </UnitTest>
    <UnitTest name="TestHandleRequest_InvalidXmlFirst" storage="d:\actions-runner\_work\xpco\xpco\eventserver\analyticsevents\analytics\videoos.analytics.events.unittest\bin\debug\net47\videoos.analytics.events.unittest.dll" id="63223206-c9ca-75eb-91a6-c490cf9d4852">
      <Execution id="baea6ddf-4cc4-49f2-afca-8b2b7f7d7a76" />
      <TestMethod codeBase="D:\actions-runner\_work\XPCO\XPCO\EventServer\AnalyticsEvents\Analytics\VideoOS.Analytics.Events.UnitTest\bin\Debug\net47\VideoOS.Analytics.Events.UnitTest.dll" adapterTypeName="executor://mstestadapter/v2" className="VideoOS.Analytics.Events.UnitTest.Server.TestAlarmManager" name="TestHandleRequest_InvalidXmlFirst" />
    </UnitTest>
    <UnitTest name="TestName" storage="d:\actions-runner\_work\xpco\xpco\eventserver\analyticsevents\analytics\videoos.analytics.events.unittest\bin\debug\net47\videoos.analytics.events.unittest.dll" id="b52aa5c9-a2c8-d057-06e9-51544488ee66">
      <Execution id="f74389e3-dfed-42b7-8c31-1957129af741" />
      <TestMethod codeBase="D:\actions-runner\_work\XPCO\XPCO\EventServer\AnalyticsEvents\Analytics\VideoOS.Analytics.Events.UnitTest\bin\Debug\net47\VideoOS.Analytics.Events.UnitTest.dll" adapterTypeName="executor://mstestadapter/v2" className="VideoOS.Analytics.Events.UnitTest.Server.TestAnalyticsEventsBackgroundPlugin" name="TestName" />
    </UnitTest>
    <UnitTest name="TestEventMessageEmptyDoc" storage="d:\actions-runner\_work\xpco\xpco\eventserver\analyticsevents\analytics\videoos.analytics.events.unittest\bin\debug\net47\videoos.analytics.events.unittest.dll" id="1da33fd1-0d34-076c-43d9-5cd0bf955642">
      <Execution id="9b750f6e-86e2-4a4a-81fb-8d742d604d97" />
      <TestMethod codeBase="D:\actions-runner\_work\XPCO\XPCO\EventServer\AnalyticsEvents\Analytics\VideoOS.Analytics.Events.UnitTest\bin\Debug\net47\VideoOS.Analytics.Events.UnitTest.dll" adapterTypeName="executor://mstestadapter/v2" className="VideoOS.Analytics.Events.UnitTest.Server.TestAlertHandler" name="TestEventMessageEmptyDoc" />
    </UnitTest>
    <UnitTest name="TestLookupAndAddHosts" storage="d:\actions-runner\_work\xpco\xpco\eventserver\analyticsevents\analytics\videoos.analytics.events.unittest\bin\debug\net47\videoos.analytics.events.unittest.dll" id="b2a3e303-8884-e726-1bd4-bb8bdda5ca04">
      <Execution id="254f5564-9ec8-4229-bfe7-c43abbcab2df" />
      <TestMethod codeBase="D:\actions-runner\_work\XPCO\XPCO\EventServer\AnalyticsEvents\Analytics\VideoOS.Analytics.Events.UnitTest\bin\Debug\net47\VideoOS.Analytics.Events.UnitTest.dll" adapterTypeName="executor://mstestadapter/v2" className="VideoOS.Analytics.Events.UnitTest.Background.TestServerSettingsManager" name="TestLookupAndAddHosts" />
    </UnitTest>
    <UnitTest name="TestCreateItem" storage="d:\actions-runner\_work\xpco\xpco\eventserver\analyticsevents\analytics\videoos.analytics.events.unittest\bin\debug\net47\videoos.analytics.events.unittest.dll" id="ec122c3d-bcfd-c916-9ebf-f4a883bae46c">
      <Execution id="58b67d7b-adf1-43f0-b878-d6a7774b8a3d" />
      <TestMethod codeBase="D:\actions-runner\_work\XPCO\XPCO\EventServer\AnalyticsEvents\Analytics\VideoOS.Analytics.Events.UnitTest\bin\Debug\net47\VideoOS.Analytics.Events.UnitTest.dll" adapterTypeName="executor://mstestadapter/v2" className="VideoOS.Analytics.Events.UnitTest.Admin.TestAnalyticsEventItemManager" name="TestCreateItem" />
    </UnitTest>
    <UnitTest name="TestConstructor_Default" storage="d:\actions-runner\_work\xpco\xpco\eventserver\analyticsevents\analytics\videoos.analytics.events.unittest\bin\debug\net47\videoos.analytics.events.unittest.dll" id="4d731975-cd09-acda-c596-f16b07c2506e">
      <Execution id="86851451-f0e5-4b7d-9fa6-a0d2b6b647cc" />
      <TestMethod codeBase="D:\actions-runner\_work\XPCO\XPCO\EventServer\AnalyticsEvents\Analytics\VideoOS.Analytics.Events.UnitTest\bin\Debug\net47\VideoOS.Analytics.Events.UnitTest.dll" adapterTypeName="executor://mstestadapter/v2" className="VideoOS.Analytics.Events.UnitTest.Admin.TestGeneralSettingsItem" name="TestConstructor_Default" />
    </UnitTest>
    <UnitTest name="TestConstruction" storage="d:\actions-runner\_work\xpco\xpco\eventserver\analyticsevents\analytics\videoos.analytics.events.unittest\bin\debug\net47\videoos.analytics.events.unittest.dll" id="4549307d-5f6e-9ca5-5eaa-26f0964dc3ad">
      <Execution id="6fac6181-b9d0-4139-9388-4b7b6274f338" />
      <TestMethod codeBase="D:\actions-runner\_work\XPCO\XPCO\EventServer\AnalyticsEvents\Analytics\VideoOS.Analytics.Events.UnitTest\bin\Debug\net47\VideoOS.Analytics.Events.UnitTest.dll" adapterTypeName="executor://mstestadapter/v2" className="VideoOS.Analytics.Events.UnitTest.Server.DeviceManager.TestDeviceManagerXPCO" name="TestConstruction" />
    </UnitTest>
    <UnitTest name="TestParseIpListEmptyXml" storage="d:\actions-runner\_work\xpco\xpco\eventserver\analyticsevents\analytics\videoos.analytics.events.unittest\bin\debug\net47\videoos.analytics.events.unittest.dll" id="630469e6-5013-75fa-87f3-a25157cae846">
      <Execution id="3845f406-d6f5-48d2-9a4b-02aba2c7a22b" />
      <TestMethod codeBase="D:\actions-runner\_work\XPCO\XPCO\EventServer\AnalyticsEvents\Analytics\VideoOS.Analytics.Events.UnitTest\bin\Debug\net47\VideoOS.Analytics.Events.UnitTest.dll" adapterTypeName="executor://mstestadapter/v2" className="VideoOS.Analytics.Events.UnitTest.Admin.TestUpgradeManager" name="TestParseIpListEmptyXml" />
    </UnitTest>
    <UnitTest name="TestParseIpListsNullDoc" storage="d:\actions-runner\_work\xpco\xpco\eventserver\analyticsevents\analytics\videoos.analytics.events.unittest\bin\debug\net47\videoos.analytics.events.unittest.dll" id="68a1e0c7-c80e-7643-d36c-d46388c618b9">
      <Execution id="7bf7fef8-21d1-4b63-9506-dfd35d7c1751" />
      <TestMethod codeBase="D:\actions-runner\_work\XPCO\XPCO\EventServer\AnalyticsEvents\Analytics\VideoOS.Analytics.Events.UnitTest\bin\Debug\net47\VideoOS.Analytics.Events.UnitTest.dll" adapterTypeName="executor://mstestadapter/v2" className="VideoOS.Analytics.Events.UnitTest.Admin.TestUpgradeManager" name="TestParseIpListsNullDoc" />
    </UnitTest>
    <UnitTest name="TestAlarm" storage="d:\actions-runner\_work\xpco\xpco\eventserver\analyticsevents\analytics\videoos.analytics.events.unittest\bin\debug\net47\videoos.analytics.events.unittest.dll" id="6ab9ac36-5046-c3dd-a85e-c9bd4387492b">
      <Execution id="cb4ffb7a-0f70-4e18-a2a9-dce1e775d59f" />
      <TestMethod codeBase="D:\actions-runner\_work\XPCO\XPCO\EventServer\AnalyticsEvents\Analytics\VideoOS.Analytics.Events.UnitTest\bin\Debug\net47\VideoOS.Analytics.Events.UnitTest.dll" adapterTypeName="executor://mstestadapter/v2" className="VideoOS.Analytics.Events.UnitTest.Server.TestAnalyticsEventHandler" name="TestAlarm" />
    </UnitTest>
    <UnitTest name="TestIsAuthorized_NoSettings" storage="d:\actions-runner\_work\xpco\xpco\eventserver\analyticsevents\analytics\videoos.analytics.events.unittest\bin\debug\net47\videoos.analytics.events.unittest.dll" id="90b38ef5-7f35-adf3-35d2-2634eba1d9c4">
      <Execution id="25acc6da-9ee8-474f-a911-12d75a7f7f7a" />
      <TestMethod codeBase="D:\actions-runner\_work\XPCO\XPCO\EventServer\AnalyticsEvents\Analytics\VideoOS.Analytics.Events.UnitTest\bin\Debug\net47\VideoOS.Analytics.Events.UnitTest.dll" adapterTypeName="executor://mstestadapter/v2" className="VideoOS.Analytics.Events.UnitTest.Background.TestServerSettingsManager" name="TestIsAuthorized_NoSettings" />
    </UnitTest>
    <UnitTest name="TestHandleRequest_ValidXmlNoAlarm" storage="d:\actions-runner\_work\xpco\xpco\eventserver\analyticsevents\analytics\videoos.analytics.events.unittest\bin\debug\net47\videoos.analytics.events.unittest.dll" id="9377ddbc-2a82-324c-6237-e4670485818c">
      <Execution id="3168cfc3-5d8d-4f5f-9517-49cf8112b210" />
      <TestMethod codeBase="D:\actions-runner\_work\XPCO\XPCO\EventServer\AnalyticsEvents\Analytics\VideoOS.Analytics.Events.UnitTest\bin\Debug\net47\VideoOS.Analytics.Events.UnitTest.dll" adapterTypeName="executor://mstestadapter/v2" className="VideoOS.Analytics.Events.UnitTest.Server.TestAlarmManager" name="TestHandleRequest_ValidXmlNoAlarm" />
    </UnitTest>
    <UnitTest name="TestIconXPCO" storage="d:\actions-runner\_work\xpco\xpco\eventserver\analyticsevents\analytics\videoos.analytics.events.unittest\bin\debug\net47\videoos.analytics.events.unittest.dll" id="1ead987f-3093-f0cc-ecc1-54610695491a">
      <Execution id="bd001cbc-7a13-489c-96e1-25ef054e2740" />
      <TestMethod codeBase="D:\actions-runner\_work\XPCO\XPCO\EventServer\AnalyticsEvents\Analytics\VideoOS.Analytics.Events.UnitTest\bin\Debug\net47\VideoOS.Analytics.Events.UnitTest.dll" adapterTypeName="executor://mstestadapter/v2" className="VideoOS.Analytics.Events.UnitTest.TestAnalyticsEventsDefinition" name="TestIconXPCO" />
    </UnitTest>
    <UnitTest name="TestConstruction" storage="d:\actions-runner\_work\xpco\xpco\eventserver\analyticsevents\analytics\videoos.analytics.events.unittest\bin\debug\net47\videoos.analytics.events.unittest.dll" id="fc3323f7-5755-b5c1-4d9b-c74f626518db">
      <Execution id="cf317375-cb14-4a89-be11-9da40f114ca4" />
      <TestMethod codeBase="D:\actions-runner\_work\XPCO\XPCO\EventServer\AnalyticsEvents\Analytics\VideoOS.Analytics.Events.UnitTest\bin\Debug\net47\VideoOS.Analytics.Events.UnitTest.dll" adapterTypeName="executor://mstestadapter/v2" className="VideoOS.Analytics.Events.UnitTest.Admin.TestUpgradeManager" name="TestConstruction" />
    </UnitTest>
    <UnitTest name="IconTest" storage="d:\actions-runner\_work\xpco\xpco\eventserver\analyticsevents\analytics\videoos.analytics.events.unittest\bin\debug\net47\videoos.analytics.events.unittest.dll" id="f8d7b1a7-4785-3ace-7dbc-2dbc92759bd6">
      <Execution id="6c86afca-459f-4995-9c4a-d8026d491929" />
      <TestMethod codeBase="D:\actions-runner\_work\XPCO\XPCO\EventServer\AnalyticsEvents\Analytics\VideoOS.Analytics.Events.UnitTest\bin\Debug\net47\VideoOS.Analytics.Events.UnitTest.dll" adapterTypeName="executor://mstestadapter/v2" className="VideoOS.Analytics.Events.UnitTest.Admin.TestBaseItem" name="IconTest" />
    </UnitTest>
    <UnitTest name="TestGeneralSettingsLoaded" storage="d:\actions-runner\_work\xpco\xpco\eventserver\analyticsevents\analytics\videoos.analytics.events.unittest\bin\debug\net47\videoos.analytics.events.unittest.dll" id="df9dc118-c047-13d8-3f6a-6e9b0c47b653">
      <Execution id="ec9a791b-0a22-4288-86d6-e7446bb6fc52" />
      <TestMethod codeBase="D:\actions-runner\_work\XPCO\XPCO\EventServer\AnalyticsEvents\Analytics\VideoOS.Analytics.Events.UnitTest\bin\Debug\net47\VideoOS.Analytics.Events.UnitTest.dll" adapterTypeName="executor://mstestadapter/v2" className="VideoOS.Analytics.Events.UnitTest.Background.TestServerSettingsManager" name="TestGeneralSettingsLoaded" />
    </UnitTest>
    <UnitTest name="TestFillSourceWithHostnameUnKnownObjectIp" storage="d:\actions-runner\_work\xpco\xpco\eventserver\analyticsevents\analytics\videoos.analytics.events.unittest\bin\debug\net47\videoos.analytics.events.unittest.dll" id="83e33f49-3839-a8bb-cf05-b2992017da73">
      <Execution id="a3d37d9c-2862-49c5-a384-70e07913792a" />
      <TestMethod codeBase="D:\actions-runner\_work\XPCO\XPCO\EventServer\AnalyticsEvents\Analytics\VideoOS.Analytics.Events.UnitTest\bin\Debug\net47\VideoOS.Analytics.Events.UnitTest.dll" adapterTypeName="executor://mstestadapter/v2" className="VideoOS.Analytics.Events.UnitTest.Server.TestAlertHandler" name="TestFillSourceWithHostnameUnKnownObjectIp" />
    </UnitTest>
    <UnitTest name="TestConstruction" storage="d:\actions-runner\_work\xpco\xpco\eventserver\analyticsevents\analytics\videoos.analytics.events.unittest\bin\debug\net47\videoos.analytics.events.unittest.dll" id="ba962835-2c69-82f8-2550-7b6bc36daedb">
      <Execution id="c1c6ceef-ce5f-490e-8b50-8e0dfdbcf3db" />
      <TestMethod codeBase="D:\actions-runner\_work\XPCO\XPCO\EventServer\AnalyticsEvents\Analytics\VideoOS.Analytics.Events.UnitTest\bin\Debug\net47\VideoOS.Analytics.Events.UnitTest.dll" adapterTypeName="executor://mstestadapter/v2" className="VideoOS.Analytics.Events.UnitTest.Admin.TestAnalyticsEventOptionsDialogUserControl" name="TestConstruction" />
    </UnitTest>
    <UnitTest name="TestGetItems_ItemsNotNull" storage="d:\actions-runner\_work\xpco\xpco\eventserver\analyticsevents\analytics\videoos.analytics.events.unittest\bin\debug\net47\videoos.analytics.events.unittest.dll" id="1c6d0dbe-e217-4906-723c-0ebe81b93891">
      <Execution id="f902979b-f45a-4326-b3c9-0339986a3e66" />
      <TestMethod codeBase="D:\actions-runner\_work\XPCO\XPCO\EventServer\AnalyticsEvents\Analytics\VideoOS.Analytics.Events.UnitTest\bin\Debug\net47\VideoOS.Analytics.Events.UnitTest.dll" adapterTypeName="executor://mstestadapter/v2" className="VideoOS.Analytics.Events.UnitTest.Admin.TestAnalyticsEventItemManager" name="TestGetItems_ItemsNotNull" />
    </UnitTest>
    <UnitTest name="TestPort" storage="d:\actions-runner\_work\xpco\xpco\eventserver\analyticsevents\analytics\videoos.analytics.events.unittest\bin\debug\net47\videoos.analytics.events.unittest.dll" id="a1c40e98-6612-92d9-82e3-49a05418bdb8">
      <Execution id="dc94bc04-4b10-45d5-b94b-38c67754ac60" />
      <TestMethod codeBase="D:\actions-runner\_work\XPCO\XPCO\EventServer\AnalyticsEvents\Analytics\VideoOS.Analytics.Events.UnitTest\bin\Debug\net47\VideoOS.Analytics.Events.UnitTest.dll" adapterTypeName="executor://mstestadapter/v2" className="VideoOS.Analytics.Events.UnitTest.Admin.TestGeneralSettingsItem" name="TestPort" />
    </UnitTest>
    <UnitTest name="TestGetHostId" storage="d:\actions-runner\_work\xpco\xpco\eventserver\analyticsevents\analytics\videoos.analytics.events.unittest\bin\debug\net47\videoos.analytics.events.unittest.dll" id="fc879903-f736-1678-7270-b0ed29e81854">
      <Execution id="36d97420-e8e1-4ea6-85f5-6b3042a37491" />
      <TestMethod codeBase="D:\actions-runner\_work\XPCO\XPCO\EventServer\AnalyticsEvents\Analytics\VideoOS.Analytics.Events.UnitTest\bin\Debug\net47\VideoOS.Analytics.Events.UnitTest.dll" adapterTypeName="executor://mstestadapter/v2" className="VideoOS.Analytics.Events.UnitTest.Server.DeviceManager.TestHostResolver" name="TestGetHostId" />
    </UnitTest>
    <UnitTest name="GetChildrenTest" storage="d:\actions-runner\_work\xpco\xpco\eventserver\analyticsevents\analytics\videoos.analytics.events.unittest\bin\debug\net47\videoos.analytics.events.unittest.dll" id="8347fe57-68ef-a53b-1d15-3c16d4a16311">
      <Execution id="cbd7cd62-b4ef-4dca-b29a-bbf3d3a81cf4" />
      <TestMethod codeBase="D:\actions-runner\_work\XPCO\XPCO\EventServer\AnalyticsEvents\Analytics\VideoOS.Analytics.Events.UnitTest\bin\Debug\net47\VideoOS.Analytics.Events.UnitTest.dll" adapterTypeName="executor://mstestadapter/v2" className="VideoOS.Analytics.Events.UnitTest.Admin.TestBaseItem" name="GetChildrenTest" />
    </UnitTest>
    <UnitTest name="TestGetItemName" storage="d:\actions-runner\_work\xpco\xpco\eventserver\analyticsevents\analytics\videoos.analytics.events.unittest\bin\debug\net47\videoos.analytics.events.unittest.dll" id="0b6c05fd-d413-bc3a-3d24-b6744d2323a9">
      <Execution id="9aec2045-e26b-4968-b908-d53c9e0a8e30" />
      <TestMethod codeBase="D:\actions-runner\_work\XPCO\XPCO\EventServer\AnalyticsEvents\Analytics\VideoOS.Analytics.Events.UnitTest\bin\Debug\net47\VideoOS.Analytics.Events.UnitTest.dll" adapterTypeName="executor://mstestadapter/v2" className="VideoOS.Analytics.Events.UnitTest.Admin.TestAnalyticsEventItemManager" name="TestGetItemName" />
    </UnitTest>
    <UnitTest name="TestValidateAndSaveUserControl_True" storage="d:\actions-runner\_work\xpco\xpco\eventserver\analyticsevents\analytics\videoos.analytics.events.unittest\bin\debug\net47\videoos.analytics.events.unittest.dll" id="70b8acfc-0f5d-15c1-74a7-35d8aa14bdfe">
      <Execution id="33358789-0dd5-4f7f-b779-31899e1839c8" />
      <TestMethod codeBase="D:\actions-runner\_work\XPCO\XPCO\EventServer\AnalyticsEvents\Analytics\VideoOS.Analytics.Events.UnitTest\bin\Debug\net47\VideoOS.Analytics.Events.UnitTest.dll" adapterTypeName="executor://mstestadapter/v2" className="VideoOS.Analytics.Events.UnitTest.Admin.TestAnalyticsEventItemManager" name="TestValidateAndSaveUserControl_True" />
    </UnitTest>
    <UnitTest name="TestUpdateEventDefinitions_WithNullEventDefinitions" storage="d:\actions-runner\_work\xpco\xpco\eventserver\analyticsevents\analytics\videoos.analytics.events.unittest\bin\debug\net47\videoos.analytics.events.unittest.dll" id="e79c1d31-afdf-0db0-a7ad-68a989a60397">
      <Execution id="3102bf72-6f58-4672-bc17-b65da32f7185" />
      <TestMethod codeBase="D:\actions-runner\_work\XPCO\XPCO\EventServer\AnalyticsEvents\Analytics\VideoOS.Analytics.Events.UnitTest\bin\Debug\net47\VideoOS.Analytics.Events.UnitTest.dll" adapterTypeName="executor://mstestadapter/v2" className="VideoOS.Analytics.Events.UnitTest.Background.TestServerSettingsManager" name="TestUpdateEventDefinitions_WithNullEventDefinitions" />
    </UnitTest>
    <UnitTest name="TestAddItem_AddExistingItemName" storage="d:\actions-runner\_work\xpco\xpco\eventserver\analyticsevents\analytics\videoos.analytics.events.unittest\bin\debug\net47\videoos.analytics.events.unittest.dll" id="7c111c6e-1816-2f70-18ff-30ffbb26ba59">
      <Execution id="0b229f5b-f2b6-40ab-bb9d-9b4dcf5f0313" />
      <TestMethod codeBase="D:\actions-runner\_work\XPCO\XPCO\EventServer\AnalyticsEvents\Analytics\VideoOS.Analytics.Events.UnitTest\bin\Debug\net47\VideoOS.Analytics.Events.UnitTest.dll" adapterTypeName="executor://mstestadapter/v2" className="VideoOS.Analytics.Events.UnitTest.Admin.TestAnalyticsEventItemManager" name="TestAddItem_AddExistingItemName" />
    </UnitTest>
    <UnitTest name="TestEventMessageNullDoc" storage="d:\actions-runner\_work\xpco\xpco\eventserver\analyticsevents\analytics\videoos.analytics.events.unittest\bin\debug\net47\videoos.analytics.events.unittest.dll" id="aae93390-7014-1885-f1be-02208dc3d7d1">
      <Execution id="b8ec4749-3375-41ef-9a62-ccc75f711c23" />
      <TestMethod codeBase="D:\actions-runner\_work\XPCO\XPCO\EventServer\AnalyticsEvents\Analytics\VideoOS.Analytics.Events.UnitTest\bin\Debug\net47\VideoOS.Analytics.Events.UnitTest.dll" adapterTypeName="executor://mstestadapter/v2" className="VideoOS.Analytics.Events.UnitTest.Server.TestAnalyticsEventHandler" name="TestEventMessageNullDoc" />
    </UnitTest>
    <UnitTest name="TestConstructor_NullItem" storage="d:\actions-runner\_work\xpco\xpco\eventserver\analyticsevents\analytics\videoos.analytics.events.unittest\bin\debug\net47\videoos.analytics.events.unittest.dll" id="7cc4d0b0-ebf8-1238-6c90-a328149d9647">
      <Execution id="c4678dbe-f138-44ea-bf25-7df1e3094561" />
      <TestMethod codeBase="D:\actions-runner\_work\XPCO\XPCO\EventServer\AnalyticsEvents\Analytics\VideoOS.Analytics.Events.UnitTest\bin\Debug\net47\VideoOS.Analytics.Events.UnitTest.dll" adapterTypeName="executor://mstestadapter/v2" className="VideoOS.Analytics.Events.UnitTest.Admin.TestBaseItem" name="TestConstructor_NullItem" />
    </UnitTest>
    <UnitTest name="TestGetItemName_Null" storage="d:\actions-runner\_work\xpco\xpco\eventserver\analyticsevents\analytics\videoos.analytics.events.unittest\bin\debug\net47\videoos.analytics.events.unittest.dll" id="2735212f-ff13-4b14-ad73-c122581defaa">
      <Execution id="fe042998-414f-42ff-8cd3-ffdc826b9b48" />
      <TestMethod codeBase="D:\actions-runner\_work\XPCO\XPCO\EventServer\AnalyticsEvents\Analytics\VideoOS.Analytics.Events.UnitTest\bin\Debug\net47\VideoOS.Analytics.Events.UnitTest.dll" adapterTypeName="executor://mstestadapter/v2" className="VideoOS.Analytics.Events.UnitTest.Admin.TestAnalyticsEventItemManager" name="TestGetItemName_Null" />
    </UnitTest>
    <UnitTest name="TestRunNotAuthorized" storage="d:\actions-runner\_work\xpco\xpco\eventserver\analyticsevents\analytics\videoos.analytics.events.unittest\bin\debug\net47\videoos.analytics.events.unittest.dll" id="b732fd71-b534-bedb-b721-ce634efb5754">
      <Execution id="73873e77-f59b-48db-8940-3ccc8b0caf8e" />
      <TestMethod codeBase="D:\actions-runner\_work\XPCO\XPCO\EventServer\AnalyticsEvents\Analytics\VideoOS.Analytics.Events.UnitTest\bin\Debug\net47\VideoOS.Analytics.Events.UnitTest.dll" adapterTypeName="executor://mstestadapter/v2" className="VideoOS.Analytics.Events.UnitTest.Server.TestAlarmSession" name="TestRunNotAuthorized" />
    </UnitTest>
    <UnitTest name="TestHandleRequest_ValidXmlAlertReturnsAlarm" storage="d:\actions-runner\_work\xpco\xpco\eventserver\analyticsevents\analytics\videoos.analytics.events.unittest\bin\debug\net47\videoos.analytics.events.unittest.dll" id="bd54e1d8-be83-335d-1d3f-41d8659fc395">
      <Execution id="201e5b51-1ffe-4448-a1cf-070cdf57c148" />
      <TestMethod codeBase="D:\actions-runner\_work\XPCO\XPCO\EventServer\AnalyticsEvents\Analytics\VideoOS.Analytics.Events.UnitTest\bin\Debug\net47\VideoOS.Analytics.Events.UnitTest.dll" adapterTypeName="executor://mstestadapter/v2" className="VideoOS.Analytics.Events.UnitTest.Server.TestAlarmManager" name="TestHandleRequest_ValidXmlAlertReturnsAlarm" />
    </UnitTest>
    <UnitTest name="TestConstruction" storage="d:\actions-runner\_work\xpco\xpco\eventserver\analyticsevents\analytics\videoos.analytics.events.unittest\bin\debug\net47\videoos.analytics.events.unittest.dll" id="bbce43df-f93d-45cf-2ace-1d54d228ecf3">
      <Execution id="77bcbf39-6919-4fad-8225-f168bf5ec2b8" />
      <TestMethod codeBase="D:\actions-runner\_work\XPCO\XPCO\EventServer\AnalyticsEvents\Analytics\VideoOS.Analytics.Events.UnitTest\bin\Debug\net47\VideoOS.Analytics.Events.UnitTest.dll" adapterTypeName="executor://mstestadapter/v2" className="VideoOS.Analytics.Events.UnitTest.Server.TestAnalyticsEventHandler" name="TestConstruction" />
    </UnitTest>
    <UnitTest name="TestName_EnvironmentTypeAdministration" storage="d:\actions-runner\_work\xpco\xpco\eventserver\analyticsevents\analytics\videoos.analytics.events.unittest\bin\debug\net47\videoos.analytics.events.unittest.dll" id="a0d1db26-e58f-71ad-41ec-a68bf89707fd">
      <Execution id="05015117-c105-410f-861b-8fed3764d884" />
      <TestMethod codeBase="D:\actions-runner\_work\XPCO\XPCO\EventServer\AnalyticsEvents\Analytics\VideoOS.Analytics.Events.UnitTest\bin\Debug\net47\VideoOS.Analytics.Events.UnitTest.dll" adapterTypeName="executor://mstestadapter/v2" className="VideoOS.Analytics.Events.UnitTest.Admin.TestAnalyticsEventItem" name="TestName_EnvironmentTypeAdministration" />
    </UnitTest>
    <UnitTest name="TestFillSourceWithObjectIdReturnNullItem" storage="d:\actions-runner\_work\xpco\xpco\eventserver\analyticsevents\analytics\videoos.analytics.events.unittest\bin\debug\net47\videoos.analytics.events.unittest.dll" id="063d0ec7-783f-7706-6c0b-9c29ba060dc1">
      <Execution id="973f7ea6-92c1-4f75-8c68-ca5d5afab378" />
      <TestMethod codeBase="D:\actions-runner\_work\XPCO\XPCO\EventServer\AnalyticsEvents\Analytics\VideoOS.Analytics.Events.UnitTest\bin\Debug\net47\VideoOS.Analytics.Events.UnitTest.dll" adapterTypeName="executor://mstestadapter/v2" className="VideoOS.Analytics.Events.UnitTest.Server.TestAnalyticsEventHandler" name="TestFillSourceWithObjectIdReturnNullItem" />
    </UnitTest>
    <UnitTest name="TestRunNoDataAvailable" storage="d:\actions-runner\_work\xpco\xpco\eventserver\analyticsevents\analytics\videoos.analytics.events.unittest\bin\debug\net47\videoos.analytics.events.unittest.dll" id="c55d3e05-9a16-affd-e564-dbe17acf2ec1">
      <Execution id="ea3d579a-30df-4391-ab1a-cf263e1f0bab" />
      <TestMethod codeBase="D:\actions-runner\_work\XPCO\XPCO\EventServer\AnalyticsEvents\Analytics\VideoOS.Analytics.Events.UnitTest\bin\Debug\net47\VideoOS.Analytics.Events.UnitTest.dll" adapterTypeName="executor://mstestadapter/v2" className="VideoOS.Analytics.Events.UnitTest.Server.TestAlarmSession" name="TestRunNoDataAvailable" />
    </UnitTest>
    <UnitTest name="TestIsAuthorized_InvalidAddress" storage="d:\actions-runner\_work\xpco\xpco\eventserver\analyticsevents\analytics\videoos.analytics.events.unittest\bin\debug\net47\videoos.analytics.events.unittest.dll" id="68e40d93-f104-d573-b78b-f374bb89bda8">
      <Execution id="2bbb110b-6e54-4410-8dd2-b3e4c897a830" />
      <TestMethod codeBase="D:\actions-runner\_work\XPCO\XPCO\EventServer\AnalyticsEvents\Analytics\VideoOS.Analytics.Events.UnitTest\bin\Debug\net47\VideoOS.Analytics.Events.UnitTest.dll" adapterTypeName="executor://mstestadapter/v2" className="VideoOS.Analytics.Events.UnitTest.Background.TestServerSettingsManager" name="TestIsAuthorized_InvalidAddress" />
    </UnitTest>
    <UnitTest name="TestName_EnvironmentNull" storage="d:\actions-runner\_work\xpco\xpco\eventserver\analyticsevents\analytics\videoos.analytics.events.unittest\bin\debug\net47\videoos.analytics.events.unittest.dll" id="63eb29b2-a20a-4e3c-ee32-fac315e3f3da">
      <Execution id="324c81ab-9eac-4fb6-8db5-12b29f77d9fb" />
      <TestMethod codeBase="D:\actions-runner\_work\XPCO\XPCO\EventServer\AnalyticsEvents\Analytics\VideoOS.Analytics.Events.UnitTest\bin\Debug\net47\VideoOS.Analytics.Events.UnitTest.dll" adapterTypeName="executor://mstestadapter/v2" className="VideoOS.Analytics.Events.UnitTest.Admin.TestGeneralSettingsItem" name="TestName_EnvironmentNull" />
    </UnitTest>
    <UnitTest name="TestGetKnownEventTypes" storage="d:\actions-runner\_work\xpco\xpco\eventserver\analyticsevents\analytics\videoos.analytics.events.unittest\bin\debug\net47\videoos.analytics.events.unittest.dll" id="4d4a5230-156e-d429-5e7e-49883d2c29f2">
      <Execution id="b8c28391-81ac-4f6e-91dc-fae421727cce" />
      <TestMethod codeBase="D:\actions-runner\_work\XPCO\XPCO\EventServer\AnalyticsEvents\Analytics\VideoOS.Analytics.Events.UnitTest\bin\Debug\net47\VideoOS.Analytics.Events.UnitTest.dll" adapterTypeName="executor://mstestadapter/v2" className="VideoOS.Analytics.Events.UnitTest.Admin.TestAnalyticsEventItemManager" name="TestGetKnownEventTypes" />
    </UnitTest>
    <UnitTest name="GetRelatedAsyncTest" storage="d:\actions-runner\_work\xpco\xpco\eventserver\analyticsevents\analytics\videoos.analytics.events.unittest\bin\debug\net47\videoos.analytics.events.unittest.dll" id="fc2632b1-ab30-aefb-f26f-0a08ac51e247">
      <Execution id="873da7ba-443c-48bf-9c5f-16e9a53c26d1" />
      <TestMethod codeBase="D:\actions-runner\_work\XPCO\XPCO\EventServer\AnalyticsEvents\Analytics\VideoOS.Analytics.Events.UnitTest\bin\Debug\net47\VideoOS.Analytics.Events.UnitTest.dll" adapterTypeName="executor://mstestadapter/v2" className="VideoOS.Analytics.Events.UnitTest.Admin.TestBaseItem" name="GetRelatedAsyncTest" />
    </UnitTest>
    <UnitTest name="TestHandleRequestValidXmlAlertFilterReturnsAsAlarmAsAlert" storage="d:\actions-runner\_work\xpco\xpco\eventserver\analyticsevents\analytics\videoos.analytics.events.unittest\bin\debug\net47\videoos.analytics.events.unittest.dll" id="8fb4fc96-7d08-7c00-cb0d-a78d000649c8">
      <Execution id="1a404127-f781-4733-9dcc-e39888a9046a" />
      <TestMethod codeBase="D:\actions-runner\_work\XPCO\XPCO\EventServer\AnalyticsEvents\Analytics\VideoOS.Analytics.Events.UnitTest\bin\Debug\net47\VideoOS.Analytics.Events.UnitTest.dll" adapterTypeName="executor://mstestadapter/v2" className="VideoOS.Analytics.Events.UnitTest.Server.TestAlarmManager" name="TestHandleRequestValidXmlAlertFilterReturnsAsAlarmAsAlert" />
    </UnitTest>
    <UnitTest name="TestConstructor_Default" storage="d:\actions-runner\_work\xpco\xpco\eventserver\analyticsevents\analytics\videoos.analytics.events.unittest\bin\debug\net47\videoos.analytics.events.unittest.dll" id="933408fc-e0db-e224-b7f6-9701212f2028">
      <Execution id="ef9e389c-e763-4363-9297-15f3d6d2f5d4" />
      <TestMethod codeBase="D:\actions-runner\_work\XPCO\XPCO\EventServer\AnalyticsEvents\Analytics\VideoOS.Analytics.Events.UnitTest\bin\Debug\net47\VideoOS.Analytics.Events.UnitTest.dll" adapterTypeName="executor://mstestadapter/v2" className="VideoOS.Analytics.Events.UnitTest.Admin.TestAnalyticsEventItem" name="TestConstructor_Default" />
    </UnitTest>
    <UnitTest name="TestSetGetPropertyInt" storage="d:\actions-runner\_work\xpco\xpco\eventserver\analyticsevents\analytics\videoos.analytics.events.unittest\bin\debug\net47\videoos.analytics.events.unittest.dll" id="4ed3a2f1-0624-7989-5ea0-238e5318bc3b">
      <Execution id="201df0b7-5ba8-4c9e-92d9-d3dea4fc2566" />
      <TestMethod codeBase="D:\actions-runner\_work\XPCO\XPCO\EventServer\AnalyticsEvents\Analytics\VideoOS.Analytics.Events.UnitTest\bin\Debug\net47\VideoOS.Analytics.Events.UnitTest.dll" adapterTypeName="executor://mstestadapter/v2" className="VideoOS.Analytics.Events.UnitTest.Admin.TestBaseItem" name="TestSetGetPropertyInt" />
    </UnitTest>
    <UnitTest name="TestFillSourceNullAlarm" storage="d:\actions-runner\_work\xpco\xpco\eventserver\analyticsevents\analytics\videoos.analytics.events.unittest\bin\debug\net47\videoos.analytics.events.unittest.dll" id="fdd4396d-853a-b81c-99e8-330fa750b5bb">
      <Execution id="cc72c501-a4d4-4547-8ceb-5a0fc3032101" />
      <TestMethod codeBase="D:\actions-runner\_work\XPCO\XPCO\EventServer\AnalyticsEvents\Analytics\VideoOS.Analytics.Events.UnitTest\bin\Debug\net47\VideoOS.Analytics.Events.UnitTest.dll" adapterTypeName="executor://mstestadapter/v2" className="VideoOS.Analytics.Events.UnitTest.Server.TestAlertHandler" name="TestFillSourceNullAlarm" />
    </UnitTest>
    <UnitTest name="TestAnalyticsEvent" storage="d:\actions-runner\_work\xpco\xpco\eventserver\analyticsevents\analytics\videoos.analytics.events.unittest\bin\debug\net47\videoos.analytics.events.unittest.dll" id="c5401e31-592e-1ba8-aba9-0d1fd119b7e1">
      <Execution id="27a1f813-f7b3-46e7-87dd-e24a576646ac" />
      <TestMethod codeBase="D:\actions-runner\_work\XPCO\XPCO\EventServer\AnalyticsEvents\Analytics\VideoOS.Analytics.Events.UnitTest\bin\Debug\net47\VideoOS.Analytics.Events.UnitTest.dll" adapterTypeName="executor://mstestadapter/v2" className="VideoOS.Analytics.Events.UnitTest.Server.TestAlertHandler" name="TestAnalyticsEvent" />
    </UnitTest>
    <UnitTest name="TestConstructor_Fqid" storage="d:\actions-runner\_work\xpco\xpco\eventserver\analyticsevents\analytics\videoos.analytics.events.unittest\bin\debug\net47\videoos.analytics.events.unittest.dll" id="29f1dda2-2ce7-dfd2-c1cc-985082bb198b">
      <Execution id="b22f8694-1d25-47ba-bc7d-ec86c89a6936" />
      <TestMethod codeBase="D:\actions-runner\_work\XPCO\XPCO\EventServer\AnalyticsEvents\Analytics\VideoOS.Analytics.Events.UnitTest\bin\Debug\net47\VideoOS.Analytics.Events.UnitTest.dll" adapterTypeName="executor://mstestadapter/v2" className="VideoOS.Analytics.Events.UnitTest.Admin.TestAnalyticsEventItem" name="TestConstructor_Fqid" />
    </UnitTest>
    <UnitTest name="SetChildrenTest" storage="d:\actions-runner\_work\xpco\xpco\eventserver\analyticsevents\analytics\videoos.analytics.events.unittest\bin\debug\net47\videoos.analytics.events.unittest.dll" id="ed499e1b-c474-96f6-0d03-6d7bc038a3ef">
      <Execution id="f1974dd7-68ce-404a-9a7d-9b54cfba3a48" />
      <TestMethod codeBase="D:\actions-runner\_work\XPCO\XPCO\EventServer\AnalyticsEvents\Analytics\VideoOS.Analytics.Events.UnitTest\bin\Debug\net47\VideoOS.Analytics.Events.UnitTest.dll" adapterTypeName="executor://mstestadapter/v2" className="VideoOS.Analytics.Events.UnitTest.Admin.TestBaseItem" name="SetChildrenTest" />
    </UnitTest>
    <UnitTest name="TestGetItems_ConfigNull" storage="d:\actions-runner\_work\xpco\xpco\eventserver\analyticsevents\analytics\videoos.analytics.events.unittest\bin\debug\net47\videoos.analytics.events.unittest.dll" id="0682fd04-8c4e-05bb-dafd-b9741ee85bd2">
      <Execution id="c6163afb-d49e-4f80-bf7f-d45e2bcd11ba" />
      <TestMethod codeBase="D:\actions-runner\_work\XPCO\XPCO\EventServer\AnalyticsEvents\Analytics\VideoOS.Analytics.Events.UnitTest\bin\Debug\net47\VideoOS.Analytics.Events.UnitTest.dll" adapterTypeName="executor://mstestadapter/v2" className="VideoOS.Analytics.Events.UnitTest.Admin.TestAnalyticsEventItemManager" name="TestGetItems_ConfigNull" />
    </UnitTest>
    <UnitTest name="TestSetGetPropertyStringList" storage="d:\actions-runner\_work\xpco\xpco\eventserver\analyticsevents\analytics\videoos.analytics.events.unittest\bin\debug\net47\videoos.analytics.events.unittest.dll" id="cd3490dd-e583-4a73-4a21-89dcff98c7f0">
      <Execution id="2e3eebac-8118-4a74-8960-e06c91c921f0" />
      <TestMethod codeBase="D:\actions-runner\_work\XPCO\XPCO\EventServer\AnalyticsEvents\Analytics\VideoOS.Analytics.Events.UnitTest\bin\Debug\net47\VideoOS.Analytics.Events.UnitTest.dll" adapterTypeName="executor://mstestadapter/v2" className="VideoOS.Analytics.Events.UnitTest.Admin.TestBaseItem" name="TestSetGetPropertyStringList" />
    </UnitTest>
    <UnitTest name="TestIsAuthorized_SecurityEnabled" storage="d:\actions-runner\_work\xpco\xpco\eventserver\analyticsevents\analytics\videoos.analytics.events.unittest\bin\debug\net47\videoos.analytics.events.unittest.dll" id="ca83f4bc-62f7-8824-4231-f38c650de7dd">
      <Execution id="a4b7f02c-5df6-430f-a5fa-436bea654778" />
      <TestMethod codeBase="D:\actions-runner\_work\XPCO\XPCO\EventServer\AnalyticsEvents\Analytics\VideoOS.Analytics.Events.UnitTest\bin\Debug\net47\VideoOS.Analytics.Events.UnitTest.dll" adapterTypeName="executor://mstestadapter/v2" className="VideoOS.Analytics.Events.UnitTest.Background.TestServerSettingsManager" name="TestIsAuthorized_SecurityEnabled" />
    </UnitTest>
    <UnitTest name="TestFillSourceWithNoHostname" storage="d:\actions-runner\_work\xpco\xpco\eventserver\analyticsevents\analytics\videoos.analytics.events.unittest\bin\debug\net47\videoos.analytics.events.unittest.dll" id="30ec32a1-7325-a21c-c877-feeaff272be5">
      <Execution id="f093606a-bcba-47e7-ae6c-270e8c59b7f0" />
      <TestMethod codeBase="D:\actions-runner\_work\XPCO\XPCO\EventServer\AnalyticsEvents\Analytics\VideoOS.Analytics.Events.UnitTest\bin\Debug\net47\VideoOS.Analytics.Events.UnitTest.dll" adapterTypeName="executor://mstestadapter/v2" className="VideoOS.Analytics.Events.UnitTest.Server.TestAlertHandler" name="TestFillSourceWithNoHostname" />
    </UnitTest>
    <UnitTest name="TestDeleteItem" storage="d:\actions-runner\_work\xpco\xpco\eventserver\analyticsevents\analytics\videoos.analytics.events.unittest\bin\debug\net47\videoos.analytics.events.unittest.dll" id="9063848d-03b0-ccf0-45e2-db439660c51f">
      <Execution id="dd4e7c0f-4ccd-49f9-aac8-82fab66780fe" />
      <TestMethod codeBase="D:\actions-runner\_work\XPCO\XPCO\EventServer\AnalyticsEvents\Analytics\VideoOS.Analytics.Events.UnitTest\bin\Debug\net47\VideoOS.Analytics.Events.UnitTest.dll" adapterTypeName="executor://mstestadapter/v2" className="VideoOS.Analytics.Events.UnitTest.Admin.TestAnalyticsEventItemManager" name="TestDeleteItem" />
    </UnitTest>
    <UnitTest name="TestIsAuthorized_SecurityDisabled" storage="d:\actions-runner\_work\xpco\xpco\eventserver\analyticsevents\analytics\videoos.analytics.events.unittest\bin\debug\net47\videoos.analytics.events.unittest.dll" id="1dddb1a4-febd-fefd-93eb-1bc509392e46">
      <Execution id="11a1de26-79aa-4d94-bd3f-0f143107ccca" />
      <TestMethod codeBase="D:\actions-runner\_work\XPCO\XPCO\EventServer\AnalyticsEvents\Analytics\VideoOS.Analytics.Events.UnitTest\bin\Debug\net47\VideoOS.Analytics.Events.UnitTest.dll" adapterTypeName="executor://mstestadapter/v2" className="VideoOS.Analytics.Events.UnitTest.Background.TestServerSettingsManager" name="TestIsAuthorized_SecurityDisabled" />
    </UnitTest>
    <UnitTest name="TestFillUserControl" storage="d:\actions-runner\_work\xpco\xpco\eventserver\analyticsevents\analytics\videoos.analytics.events.unittest\bin\debug\net47\videoos.analytics.events.unittest.dll" id="c485f20f-2936-e124-573a-af07abec5069">
      <Execution id="3f3326bf-5c7b-4fc7-ab94-ea2a33d7cb2a" />
      <TestMethod codeBase="D:\actions-runner\_work\XPCO\XPCO\EventServer\AnalyticsEvents\Analytics\VideoOS.Analytics.Events.UnitTest\bin\Debug\net47\VideoOS.Analytics.Events.UnitTest.dll" adapterTypeName="executor://mstestadapter/v2" className="VideoOS.Analytics.Events.UnitTest.Admin.TestAnalyticsEventItemManager" name="TestFillUserControl" />
    </UnitTest>
    <UnitTest name="TestUpdateGeneralSettings_WithCustomHostLists" storage="d:\actions-runner\_work\xpco\xpco\eventserver\analyticsevents\analytics\videoos.analytics.events.unittest\bin\debug\net47\videoos.analytics.events.unittest.dll" id="76d38649-39be-7a04-7bd4-089305eebdba">
      <Execution id="e1dbf7e7-3d0e-4f9e-9d73-039c8fd74151" />
      <TestMethod codeBase="D:\actions-runner\_work\XPCO\XPCO\EventServer\AnalyticsEvents\Analytics\VideoOS.Analytics.Events.UnitTest\bin\Debug\net47\VideoOS.Analytics.Events.UnitTest.dll" adapterTypeName="executor://mstestadapter/v2" className="VideoOS.Analytics.Events.UnitTest.Background.TestServerSettingsManager" name="TestUpdateGeneralSettings_WithCustomHostLists" />
    </UnitTest>
    <UnitTest name="TestEventMessageWithMessage" storage="d:\actions-runner\_work\xpco\xpco\eventserver\analyticsevents\analytics\videoos.analytics.events.unittest\bin\debug\net47\videoos.analytics.events.unittest.dll" id="9ee2b58d-4d5c-216b-cc4e-e3eef1a00c60">
      <Execution id="bce06800-3c64-468d-88dd-5af760d4d82e" />
      <TestMethod codeBase="D:\actions-runner\_work\XPCO\XPCO\EventServer\AnalyticsEvents\Analytics\VideoOS.Analytics.Events.UnitTest\bin\Debug\net47\VideoOS.Analytics.Events.UnitTest.dll" adapterTypeName="executor://mstestadapter/v2" className="VideoOS.Analytics.Events.UnitTest.Server.TestAlertHandler" name="TestEventMessageWithMessage" />
    </UnitTest>
    <UnitTest name="TestCreateAlarmWithWrongFormat" storage="d:\actions-runner\_work\xpco\xpco\eventserver\analyticsevents\analytics\videoos.analytics.events.unittest\bin\debug\net47\videoos.analytics.events.unittest.dll" id="57ba51e2-0449-69a0-a0fe-95177de0540e">
      <Execution id="0a1b03f8-1f0d-487e-878d-3ee7edd0c0dc" />
      <TestMethod codeBase="D:\actions-runner\_work\XPCO\XPCO\EventServer\AnalyticsEvents\Analytics\VideoOS.Analytics.Events.UnitTest\bin\Debug\net47\VideoOS.Analytics.Events.UnitTest.dll" adapterTypeName="executor://mstestadapter/v2" className="VideoOS.Analytics.Events.UnitTest.Server.TestAnalyticsEventHandler" name="TestCreateAlarmWithWrongFormat" />
    </UnitTest>
    <UnitTest name="TestFillSourceWithHostname" storage="d:\actions-runner\_work\xpco\xpco\eventserver\analyticsevents\analytics\videoos.analytics.events.unittest\bin\debug\net47\videoos.analytics.events.unittest.dll" id="b02adbca-d714-cd3d-4572-5d3913e8b0bd">
      <Execution id="cb726298-64cf-47d9-8637-1578582d130a" />
      <TestMethod codeBase="D:\actions-runner\_work\XPCO\XPCO\EventServer\AnalyticsEvents\Analytics\VideoOS.Analytics.Events.UnitTest\bin\Debug\net47\VideoOS.Analytics.Events.UnitTest.dll" adapterTypeName="executor://mstestadapter/v2" className="VideoOS.Analytics.Events.UnitTest.Server.TestAlertHandler" name="TestFillSourceWithHostname" />
    </UnitTest>
    <UnitTest name="TestRunAlertDataTestAllResult" storage="d:\actions-runner\_work\xpco\xpco\eventserver\analyticsevents\analytics\videoos.analytics.events.unittest\bin\debug\net47\videoos.analytics.events.unittest.dll" id="5b6e1893-dff2-dc10-8ea6-8a16a6b9c356">
      <Execution id="c98626bd-746f-46df-bb30-1626aa109ed3" />
      <TestMethod codeBase="D:\actions-runner\_work\XPCO\XPCO\EventServer\AnalyticsEvents\Analytics\VideoOS.Analytics.Events.UnitTest\bin\Debug\net47\VideoOS.Analytics.Events.UnitTest.dll" adapterTypeName="executor://mstestadapter/v2" className="VideoOS.Analytics.Events.UnitTest.Server.TestAlarmSession" name="TestRunAlertDataTestAllResult" />
    </UnitTest>
    <UnitTest name="TestConstructor_Item" storage="d:\actions-runner\_work\xpco\xpco\eventserver\analyticsevents\analytics\videoos.analytics.events.unittest\bin\debug\net47\videoos.analytics.events.unittest.dll" id="28c61743-69cc-da8e-f843-61961a6de37b">
      <Execution id="73178165-2163-4852-ab24-f85315984982" />
      <TestMethod codeBase="D:\actions-runner\_work\XPCO\XPCO\EventServer\AnalyticsEvents\Analytics\VideoOS.Analytics.Events.UnitTest\bin\Debug\net47\VideoOS.Analytics.Events.UnitTest.dll" adapterTypeName="executor://mstestadapter/v2" className="VideoOS.Analytics.Events.UnitTest.Admin.TestBaseItem" name="TestConstructor_Item" />
    </UnitTest>
    <UnitTest name="TestParseIpList" storage="d:\actions-runner\_work\xpco\xpco\eventserver\analyticsevents\analytics\videoos.analytics.events.unittest\bin\debug\net47\videoos.analytics.events.unittest.dll" id="e94dd9f2-6af9-b55d-6b0d-fb0a01cd9cb5">
      <Execution id="62a0397f-2feb-4a1f-a5ed-cbbb5fec0877" />
      <TestMethod codeBase="D:\actions-runner\_work\XPCO\XPCO\EventServer\AnalyticsEvents\Analytics\VideoOS.Analytics.Events.UnitTest\bin\Debug\net47\VideoOS.Analytics.Events.UnitTest.dll" adapterTypeName="executor://mstestadapter/v2" className="VideoOS.Analytics.Events.UnitTest.Admin.TestUpgradeManager" name="TestParseIpList" />
    </UnitTest>
    <UnitTest name="TestReleaseUserControl_Null" storage="d:\actions-runner\_work\xpco\xpco\eventserver\analyticsevents\analytics\videoos.analytics.events.unittest\bin\debug\net47\videoos.analytics.events.unittest.dll" id="26a8eab7-f707-d623-7dae-cdddc206df2a">
      <Execution id="975974fb-6b98-4fe8-beb6-6d5bc47fa28e" />
      <TestMethod codeBase="D:\actions-runner\_work\XPCO\XPCO\EventServer\AnalyticsEvents\Analytics\VideoOS.Analytics.Events.UnitTest\bin\Debug\net47\VideoOS.Analytics.Events.UnitTest.dll" adapterTypeName="executor://mstestadapter/v2" className="VideoOS.Analytics.Events.UnitTest.Admin.TestAnalyticsEventItemManager" name="TestReleaseUserControl_Null" />
    </UnitTest>
    <UnitTest name="TestClose" storage="d:\actions-runner\_work\xpco\xpco\eventserver\analyticsevents\analytics\videoos.analytics.events.unittest\bin\debug\net47\videoos.analytics.events.unittest.dll" id="32df93b1-004b-6234-4277-add42c07082d">
      <Execution id="c02684e9-839d-4936-baef-e1b99f73d5fa" />
      <TestMethod codeBase="D:\actions-runner\_work\XPCO\XPCO\EventServer\AnalyticsEvents\Analytics\VideoOS.Analytics.Events.UnitTest\bin\Debug\net47\VideoOS.Analytics.Events.UnitTest.dll" adapterTypeName="executor://mstestadapter/v2" className="VideoOS.Analytics.Events.UnitTest.Admin.TestAnalyticsEventItemManager" name="TestClose" />
    </UnitTest>
    <UnitTest name="TestAdd" storage="d:\actions-runner\_work\xpco\xpco\eventserver\analyticsevents\analytics\videoos.analytics.events.unittest\bin\debug\net47\videoos.analytics.events.unittest.dll" id="1d2abe98-623e-b9eb-68ea-9dc55d7f52c4">
      <Execution id="24a158fb-93b2-4f0c-906e-1d52fe44b078" />
      <TestMethod codeBase="D:\actions-runner\_work\XPCO\XPCO\EventServer\AnalyticsEvents\Analytics\VideoOS.Analytics.Events.UnitTest\bin\Debug\net47\VideoOS.Analytics.Events.UnitTest.dll" adapterTypeName="executor://mstestadapter/v2" className="VideoOS.Analytics.Events.UnitTest.Server.DeviceManager.TestDeviceManagerXPCO" name="TestAdd" />
    </UnitTest>
    <UnitTest name="TestConstructor_NullItem" storage="d:\actions-runner\_work\xpco\xpco\eventserver\analyticsevents\analytics\videoos.analytics.events.unittest\bin\debug\net47\videoos.analytics.events.unittest.dll" id="ad871a49-75b0-6181-9664-3bbea754d11e">
      <Execution id="6e950b49-a3ef-479e-a9b3-cdd12b5a4a95" />
      <TestMethod codeBase="D:\actions-runner\_work\XPCO\XPCO\EventServer\AnalyticsEvents\Analytics\VideoOS.Analytics.Events.UnitTest\bin\Debug\net47\VideoOS.Analytics.Events.UnitTest.dll" adapterTypeName="executor://mstestadapter/v2" className="VideoOS.Analytics.Events.UnitTest.Admin.TestAnalyticsEventItem" name="TestConstructor_NullItem" />
    </UnitTest>
    <UnitTest name="TestHandleRequest_ValidXmlAlertCreateAlarmReturnsNotOk" storage="d:\actions-runner\_work\xpco\xpco\eventserver\analyticsevents\analytics\videoos.analytics.events.unittest\bin\debug\net47\videoos.analytics.events.unittest.dll" id="5f27c56a-2336-ecc1-a299-39c7c2f53714">
      <Execution id="6741347d-35d1-4440-95a1-309bcb2d370a" />
      <TestMethod codeBase="D:\actions-runner\_work\XPCO\XPCO\EventServer\AnalyticsEvents\Analytics\VideoOS.Analytics.Events.UnitTest\bin\Debug\net47\VideoOS.Analytics.Events.UnitTest.dll" adapterTypeName="executor://mstestadapter/v2" className="VideoOS.Analytics.Events.UnitTest.Server.TestAlarmManager" name="TestHandleRequest_ValidXmlAlertCreateAlarmReturnsNotOk" />
    </UnitTest>
    <UnitTest name="NameTest" storage="d:\actions-runner\_work\xpco\xpco\eventserver\analyticsevents\analytics\videoos.analytics.events.unittest\bin\debug\net47\videoos.analytics.events.unittest.dll" id="531745fb-1036-cd42-4937-8988531bfd55">
      <Execution id="3ef2dff4-63f3-4e0f-91b0-75d855cd1db8" />
      <TestMethod codeBase="D:\actions-runner\_work\XPCO\XPCO\EventServer\AnalyticsEvents\Analytics\VideoOS.Analytics.Events.UnitTest\bin\Debug\net47\VideoOS.Analytics.Events.UnitTest.dll" adapterTypeName="executor://mstestadapter/v2" className="VideoOS.Analytics.Events.UnitTest.Admin.TestBaseItem" name="NameTest" />
    </UnitTest>
    <UnitTest name="TestCreateAlarmWithMinimum" storage="d:\actions-runner\_work\xpco\xpco\eventserver\analyticsevents\analytics\videoos.analytics.events.unittest\bin\debug\net47\videoos.analytics.events.unittest.dll" id="d298f1e0-c8a5-d75b-0ef3-b39c6d540a53">
      <Execution id="4ca3fdef-8dab-4936-acc2-cdd0fd8a4d4e" />
      <TestMethod codeBase="D:\actions-runner\_work\XPCO\XPCO\EventServer\AnalyticsEvents\Analytics\VideoOS.Analytics.Events.UnitTest\bin\Debug\net47\VideoOS.Analytics.Events.UnitTest.dll" adapterTypeName="executor://mstestadapter/v2" className="VideoOS.Analytics.Events.UnitTest.Server.TestAlertHandler" name="TestCreateAlarmWithMinimum" />
    </UnitTest>
    <UnitTest name="TestServiceEnabled" storage="d:\actions-runner\_work\xpco\xpco\eventserver\analyticsevents\analytics\videoos.analytics.events.unittest\bin\debug\net47\videoos.analytics.events.unittest.dll" id="3cc755fb-5a66-6257-0e18-9696b64dfe93">
      <Execution id="79b3c315-583d-4caa-a8d2-f771314620e5" />
      <TestMethod codeBase="D:\actions-runner\_work\XPCO\XPCO\EventServer\AnalyticsEvents\Analytics\VideoOS.Analytics.Events.UnitTest\bin\Debug\net47\VideoOS.Analytics.Events.UnitTest.dll" adapterTypeName="executor://mstestadapter/v2" className="VideoOS.Analytics.Events.UnitTest.Admin.TestGeneralSettingsItem" name="TestServiceEnabled" />
    </UnitTest>
    <UnitTest name="TestConfiguration" storage="d:\actions-runner\_work\xpco\xpco\eventserver\analyticsevents\analytics\videoos.analytics.events.unittest\bin\debug\net47\videoos.analytics.events.unittest.dll" id="2b84a2cd-763f-f900-99a9-5fdc0db16d50">
      <Execution id="49fcce7e-6f93-4178-b588-503259af0d73" />
      <TestMethod codeBase="D:\actions-runner\_work\XPCO\XPCO\EventServer\AnalyticsEvents\Analytics\VideoOS.Analytics.Events.UnitTest\bin\Debug\net47\VideoOS.Analytics.Events.UnitTest.dll" adapterTypeName="executor://mstestadapter/v2" className="VideoOS.Analytics.Events.UnitTest.Server.TestAnalyticsEventHandler" name="TestConfiguration" />
    </UnitTest>
    <UnitTest name="TestImportEmptyIpListFile" storage="d:\actions-runner\_work\xpco\xpco\eventserver\analyticsevents\analytics\videoos.analytics.events.unittest\bin\debug\net47\videoos.analytics.events.unittest.dll" id="9aaa339f-ddc0-e2f6-0559-7a18d4c9fb4c">
      <Execution id="35e4778a-1f3c-4508-8a57-11bfc09cf81f" />
      <TestMethod codeBase="D:\actions-runner\_work\XPCO\XPCO\EventServer\AnalyticsEvents\Analytics\VideoOS.Analytics.Events.UnitTest\bin\Debug\net47\VideoOS.Analytics.Events.UnitTest.dll" adapterTypeName="executor://mstestadapter/v2" className="VideoOS.Analytics.Events.UnitTest.Admin.TestAnalyticsEventOptionsDialogUserControl" name="TestImportEmptyIpListFile" />
    </UnitTest>
    <UnitTest name="TestName_EnvironmentNull" storage="d:\actions-runner\_work\xpco\xpco\eventserver\analyticsevents\analytics\videoos.analytics.events.unittest\bin\debug\net47\videoos.analytics.events.unittest.dll" id="0d1be572-dfc1-41df-e415-32bb6da31f80">
      <Execution id="4c731fc3-51d1-4116-8358-cd6662f533b8" />
      <TestMethod codeBase="D:\actions-runner\_work\XPCO\XPCO\EventServer\AnalyticsEvents\Analytics\VideoOS.Analytics.Events.UnitTest\bin\Debug\net47\VideoOS.Analytics.Events.UnitTest.dll" adapterTypeName="executor://mstestadapter/v2" className="VideoOS.Analytics.Events.UnitTest.Admin.TestAnalyticsEventItem" name="TestName_EnvironmentNull" />
    </UnitTest>
    <UnitTest name="TestConfiguration" storage="d:\actions-runner\_work\xpco\xpco\eventserver\analyticsevents\analytics\videoos.analytics.events.unittest\bin\debug\net47\videoos.analytics.events.unittest.dll" id="13bbd6c2-acb6-84fc-9250-7e899c4cba05">
      <Execution id="fe448172-df63-4af7-8505-024ec648e1bc" />
      <TestMethod codeBase="D:\actions-runner\_work\XPCO\XPCO\EventServer\AnalyticsEvents\Analytics\VideoOS.Analytics.Events.UnitTest\bin\Debug\net47\VideoOS.Analytics.Events.UnitTest.dll" adapterTypeName="executor://mstestadapter/v2" className="VideoOS.Analytics.Events.UnitTest.Server.TestAlertHandler" name="TestConfiguration" />
    </UnitTest>
    <UnitTest name="TestFillSourceNullAlarm" storage="d:\actions-runner\_work\xpco\xpco\eventserver\analyticsevents\analytics\videoos.analytics.events.unittest\bin\debug\net47\videoos.analytics.events.unittest.dll" id="bbb437a5-b175-785f-1346-4ed03a24180a">
      <Execution id="a68b2767-52ca-4e76-a75f-64e39a58cddb" />
      <TestMethod codeBase="D:\actions-runner\_work\XPCO\XPCO\EventServer\AnalyticsEvents\Analytics\VideoOS.Analytics.Events.UnitTest\bin\Debug\net47\VideoOS.Analytics.Events.UnitTest.dll" adapterTypeName="executor://mstestadapter/v2" className="VideoOS.Analytics.Events.UnitTest.Server.TestAnalyticsEventHandler" name="TestFillSourceNullAlarm" />
    </UnitTest>
    <UnitTest name="TestValidateAndSaveUserControl_False" storage="d:\actions-runner\_work\xpco\xpco\eventserver\analyticsevents\analytics\videoos.analytics.events.unittest\bin\debug\net47\videoos.analytics.events.unittest.dll" id="c639412f-a0bd-529f-42ba-db88d5ddb219">
      <Execution id="08cefa04-625a-4aae-858e-e741d07e1e84" />
      <TestMethod codeBase="D:\actions-runner\_work\XPCO\XPCO\EventServer\AnalyticsEvents\Analytics\VideoOS.Analytics.Events.UnitTest\bin\Debug\net47\VideoOS.Analytics.Events.UnitTest.dll" adapterTypeName="executor://mstestadapter/v2" className="VideoOS.Analytics.Events.UnitTest.Admin.TestAnalyticsEventItemManager" name="TestValidateAndSaveUserControl_False" />
    </UnitTest>
    <UnitTest name="TestEventDefinitionInfoLoaded" storage="d:\actions-runner\_work\xpco\xpco\eventserver\analyticsevents\analytics\videoos.analytics.events.unittest\bin\debug\net47\videoos.analytics.events.unittest.dll" id="28842cb7-88ff-c6f7-6139-0d4e33aac9e3">
      <Execution id="c1770829-33f8-44a5-bfee-b8b63cf2ce3f" />
      <TestMethod codeBase="D:\actions-runner\_work\XPCO\XPCO\EventServer\AnalyticsEvents\Analytics\VideoOS.Analytics.Events.UnitTest\bin\Debug\net47\VideoOS.Analytics.Events.UnitTest.dll" adapterTypeName="executor://mstestadapter/v2" className="VideoOS.Analytics.Events.UnitTest.Background.TestServerSettingsManager" name="TestEventDefinitionInfoLoaded" />
    </UnitTest>
    <UnitTest name="TestFillSourceWithSourceNameKnownObject" storage="d:\actions-runner\_work\xpco\xpco\eventserver\analyticsevents\analytics\videoos.analytics.events.unittest\bin\debug\net47\videoos.analytics.events.unittest.dll" id="dd7a7279-0902-784a-61c3-66b04a3e6973">
      <Execution id="482ffe52-59eb-439a-b58a-af16f26e219e" />
      <TestMethod codeBase="D:\actions-runner\_work\XPCO\XPCO\EventServer\AnalyticsEvents\Analytics\VideoOS.Analytics.Events.UnitTest\bin\Debug\net47\VideoOS.Analytics.Events.UnitTest.dll" adapterTypeName="executor://mstestadapter/v2" className="VideoOS.Analytics.Events.UnitTest.Server.TestAnalyticsEventHandler" name="TestFillSourceWithSourceNameKnownObject" />
    </UnitTest>
    <UnitTest name="GetDataSourceTest" storage="d:\actions-runner\_work\xpco\xpco\eventserver\analyticsevents\analytics\videoos.analytics.events.unittest\bin\debug\net47\videoos.analytics.events.unittest.dll" id="35131e3d-2d9b-f0d6-21c3-4fd8cdb02156">
      <Execution id="1bd6062e-9114-43d2-b6a3-93e0a5f90c33" />
      <TestMethod codeBase="D:\actions-runner\_work\XPCO\XPCO\EventServer\AnalyticsEvents\Analytics\VideoOS.Analytics.Events.UnitTest\bin\Debug\net47\VideoOS.Analytics.Events.UnitTest.dll" adapterTypeName="executor://mstestadapter/v2" className="VideoOS.Analytics.Events.UnitTest.Admin.TestBaseItem" name="GetDataSourceTest" />
    </UnitTest>
    <UnitTest name="TestFillSourceWithObjectIdReturnItem" storage="d:\actions-runner\_work\xpco\xpco\eventserver\analyticsevents\analytics\videoos.analytics.events.unittest\bin\debug\net47\videoos.analytics.events.unittest.dll" id="25d1efdb-35a3-79e5-ae72-87e7e8e2202e">
      <Execution id="e88c89e3-76e5-4a07-8012-e7443b3c1889" />
      <TestMethod codeBase="D:\actions-runner\_work\XPCO\XPCO\EventServer\AnalyticsEvents\Analytics\VideoOS.Analytics.Events.UnitTest\bin\Debug\net47\VideoOS.Analytics.Events.UnitTest.dll" adapterTypeName="executor://mstestadapter/v2" className="VideoOS.Analytics.Events.UnitTest.Server.TestAnalyticsEventHandler" name="TestFillSourceWithObjectIdReturnItem" />
    </UnitTest>
    <UnitTest name="TestFillSourceWithObjectIdReturnNullItem" storage="d:\actions-runner\_work\xpco\xpco\eventserver\analyticsevents\analytics\videoos.analytics.events.unittest\bin\debug\net47\videoos.analytics.events.unittest.dll" id="5f632cc3-c55f-e00d-0b2d-7a6b37f4f2cc">
      <Execution id="db765bca-ee4e-457c-9a7c-449785d602f1" />
      <TestMethod codeBase="D:\actions-runner\_work\XPCO\XPCO\EventServer\AnalyticsEvents\Analytics\VideoOS.Analytics.Events.UnitTest\bin\Debug\net47\VideoOS.Analytics.Events.UnitTest.dll" adapterTypeName="executor://mstestadapter/v2" className="VideoOS.Analytics.Events.UnitTest.Server.TestAlertHandler" name="TestFillSourceWithObjectIdReturnNullItem" />
    </UnitTest>
    <UnitTest name="PropertiesTest" storage="d:\actions-runner\_work\xpco\xpco\eventserver\analyticsevents\analytics\videoos.analytics.events.unittest\bin\debug\net47\videoos.analytics.events.unittest.dll" id="8d1e8272-2cd2-ba7e-b7f4-7e27c9fed687">
      <Execution id="12164a5e-826a-4a7b-ae3a-42e30b668281" />
      <TestMethod codeBase="D:\actions-runner\_work\XPCO\XPCO\EventServer\AnalyticsEvents\Analytics\VideoOS.Analytics.Events.UnitTest\bin\Debug\net47\VideoOS.Analytics.Events.UnitTest.dll" adapterTypeName="executor://mstestadapter/v2" className="VideoOS.Analytics.Events.UnitTest.Admin.TestBaseItem" name="PropertiesTest" />
    </UnitTest>
    <UnitTest name="GetChildrenAsyncTest" storage="d:\actions-runner\_work\xpco\xpco\eventserver\analyticsevents\analytics\videoos.analytics.events.unittest\bin\debug\net47\videoos.analytics.events.unittest.dll" id="8127989a-fbd0-a0c5-1a81-e49b19dbac67">
      <Execution id="0d7c0790-2e58-4617-b8d2-3265bc136327" />
      <TestMethod codeBase="D:\actions-runner\_work\XPCO\XPCO\EventServer\AnalyticsEvents\Analytics\VideoOS.Analytics.Events.UnitTest\bin\Debug\net47\VideoOS.Analytics.Events.UnitTest.dll" adapterTypeName="executor://mstestadapter/v2" className="VideoOS.Analytics.Events.UnitTest.Admin.TestBaseItem" name="GetChildrenAsyncTest" />
    </UnitTest>
    <UnitTest name="TestHandleRequestWithHtmlHeaderNotAllDataReceived" storage="d:\actions-runner\_work\xpco\xpco\eventserver\analyticsevents\analytics\videoos.analytics.events.unittest\bin\debug\net47\videoos.analytics.events.unittest.dll" id="e19ac113-2b0a-dae6-496b-4ca0bcf0772a">
      <Execution id="e4da4cc6-e2ed-4d70-9b02-d2a14d516fa1" />
      <TestMethod codeBase="D:\actions-runner\_work\XPCO\XPCO\EventServer\AnalyticsEvents\Analytics\VideoOS.Analytics.Events.UnitTest\bin\Debug\net47\VideoOS.Analytics.Events.UnitTest.dll" adapterTypeName="executor://mstestadapter/v2" className="VideoOS.Analytics.Events.UnitTest.Server.TestAlarmManager" name="TestHandleRequestWithHtmlHeaderNotAllDataReceived" />
    </UnitTest>
    <UnitTest name="TestName_EnvironmentTypeService" storage="d:\actions-runner\_work\xpco\xpco\eventserver\analyticsevents\analytics\videoos.analytics.events.unittest\bin\debug\net47\videoos.analytics.events.unittest.dll" id="44e8e31a-750e-3d33-0999-b9e0127d9f23">
      <Execution id="d70482d2-9b00-42e7-b5af-df476c20b658" />
      <TestMethod codeBase="D:\actions-runner\_work\XPCO\XPCO\EventServer\AnalyticsEvents\Analytics\VideoOS.Analytics.Events.UnitTest\bin\Debug\net47\VideoOS.Analytics.Events.UnitTest.dll" adapterTypeName="executor://mstestadapter/v2" className="VideoOS.Analytics.Events.UnitTest.Admin.TestGeneralSettingsItem" name="TestName_EnvironmentTypeService" />
    </UnitTest>
    <UnitTest name="TestDescription" storage="d:\actions-runner\_work\xpco\xpco\eventserver\analyticsevents\analytics\videoos.analytics.events.unittest\bin\debug\net47\videoos.analytics.events.unittest.dll" id="05db065b-2c1d-7cb6-061b-491237a64d3e">
      <Execution id="b3ee999c-81b2-47c1-b3b2-2c2ff7b06d7a" />
      <TestMethod codeBase="D:\actions-runner\_work\XPCO\XPCO\EventServer\AnalyticsEvents\Analytics\VideoOS.Analytics.Events.UnitTest\bin\Debug\net47\VideoOS.Analytics.Events.UnitTest.dll" adapterTypeName="executor://mstestadapter/v2" className="VideoOS.Analytics.Events.UnitTest.Admin.TestAnalyticsEventItem" name="TestDescription" />
    </UnitTest>
    <UnitTest name="TestConstruction" storage="d:\actions-runner\_work\xpco\xpco\eventserver\analyticsevents\analytics\videoos.analytics.events.unittest\bin\debug\net47\videoos.analytics.events.unittest.dll" id="ca3f8549-8e65-13d1-59d4-6d74a5fa2453">
      <Execution id="b0d9a7a3-0ee2-49e8-9dde-9b1307750bef" />
      <TestMethod codeBase="D:\actions-runner\_work\XPCO\XPCO\EventServer\AnalyticsEvents\Analytics\VideoOS.Analytics.Events.UnitTest\bin\Debug\net47\VideoOS.Analytics.Events.UnitTest.dll" adapterTypeName="executor://mstestadapter/v2" className="VideoOS.Analytics.Events.UnitTest.Server.TestAlertHandler" name="TestConstruction" />
    </UnitTest>
    <UnitTest name="TestFillSource_NoSourceOrHostname" storage="d:\actions-runner\_work\xpco\xpco\eventserver\analyticsevents\analytics\videoos.analytics.events.unittest\bin\debug\net47\videoos.analytics.events.unittest.dll" id="7064fc9a-517a-334d-157c-bf9e70136218">
      <Execution id="fb4d5954-c82d-4fa3-a802-53d88b2dd9da" />
      <TestMethod codeBase="D:\actions-runner\_work\XPCO\XPCO\EventServer\AnalyticsEvents\Analytics\VideoOS.Analytics.Events.UnitTest\bin\Debug\net47\VideoOS.Analytics.Events.UnitTest.dll" adapterTypeName="executor://mstestadapter/v2" className="VideoOS.Analytics.Events.UnitTest.Server.TestAnalyticsEventHandler" name="TestFillSource_NoSourceOrHostname" />
    </UnitTest>
    <UnitTest name="TestSetGetPropertyString" storage="d:\actions-runner\_work\xpco\xpco\eventserver\analyticsevents\analytics\videoos.analytics.events.unittest\bin\debug\net47\videoos.analytics.events.unittest.dll" id="ecd23704-7e34-1aa5-e5f4-6bf6498c5500">
      <Execution id="04235267-822f-43bc-869e-f8d9bb29d4d4" />
      <TestMethod codeBase="D:\actions-runner\_work\XPCO\XPCO\EventServer\AnalyticsEvents\Analytics\VideoOS.Analytics.Events.UnitTest\bin\Debug\net47\VideoOS.Analytics.Events.UnitTest.dll" adapterTypeName="executor://mstestadapter/v2" className="VideoOS.Analytics.Events.UnitTest.Admin.TestBaseItem" name="TestSetGetPropertyString" />
    </UnitTest>
    <UnitTest name="TestAddItem" storage="d:\actions-runner\_work\xpco\xpco\eventserver\analyticsevents\analytics\videoos.analytics.events.unittest\bin\debug\net47\videoos.analytics.events.unittest.dll" id="efc5d867-df5e-912a-bc72-f46e1586a7aa">
      <Execution id="12cd522c-7d82-4387-b02f-a884e3d5d113" />
      <TestMethod codeBase="D:\actions-runner\_work\XPCO\XPCO\EventServer\AnalyticsEvents\Analytics\VideoOS.Analytics.Events.UnitTest\bin\Debug\net47\VideoOS.Analytics.Events.UnitTest.dll" adapterTypeName="executor://mstestadapter/v2" className="VideoOS.Analytics.Events.UnitTest.Admin.TestAnalyticsEventItemManager" name="TestAddItem" />
    </UnitTest>
    <UnitTest name="TestRunConfigurationNotLoadedSocketNotConnected" storage="d:\actions-runner\_work\xpco\xpco\eventserver\analyticsevents\analytics\videoos.analytics.events.unittest\bin\debug\net47\videoos.analytics.events.unittest.dll" id="fb82e5ab-b876-f3ec-f70e-ce0788714c64">
      <Execution id="392275cd-4816-41ee-abcf-ea55a1a2e000" />
      <TestMethod codeBase="D:\actions-runner\_work\XPCO\XPCO\EventServer\AnalyticsEvents\Analytics\VideoOS.Analytics.Events.UnitTest\bin\Debug\net47\VideoOS.Analytics.Events.UnitTest.dll" adapterTypeName="executor://mstestadapter/v2" className="VideoOS.Analytics.Events.UnitTest.Server.TestAlarmSession" name="TestRunConfigurationNotLoadedSocketNotConnected" />
    </UnitTest>
    <UnitTest name="TestUpgradeEventMessagesNoConfigFile" storage="d:\actions-runner\_work\xpco\xpco\eventserver\analyticsevents\analytics\videoos.analytics.events.unittest\bin\debug\net47\videoos.analytics.events.unittest.dll" id="fa894b57-d91a-00c2-a775-6080e58f2a84">
      <Execution id="e7777353-b7ca-40e2-a37c-b9c9139ae72f" />
      <TestMethod codeBase="D:\actions-runner\_work\XPCO\XPCO\EventServer\AnalyticsEvents\Analytics\VideoOS.Analytics.Events.UnitTest\bin\Debug\net47\VideoOS.Analytics.Events.UnitTest.dll" adapterTypeName="executor://mstestadapter/v2" className="VideoOS.Analytics.Events.UnitTest.Admin.TestUpgradeManager" name="TestUpgradeEventMessagesNoConfigFile" />
    </UnitTest>
    <UnitTest name="TestGenerateUserControl" storage="d:\actions-runner\_work\xpco\xpco\eventserver\analyticsevents\analytics\videoos.analytics.events.unittest\bin\debug\net47\videoos.analytics.events.unittest.dll" id="9c58c50f-7907-40f9-144e-464220f53b8f">
      <Execution id="97e681ea-8f14-47d8-9011-171fd2f1ca60" />
      <TestMethod codeBase="D:\actions-runner\_work\XPCO\XPCO\EventServer\AnalyticsEvents\Analytics\VideoOS.Analytics.Events.UnitTest\bin\Debug\net47\VideoOS.Analytics.Events.UnitTest.dll" adapterTypeName="executor://mstestadapter/v2" className="VideoOS.Analytics.Events.UnitTest.TestAnalyticsEventsDefinition" name="TestGenerateUserControl" />
    </UnitTest>
    <UnitTest name="TestUpdateEventDefinitions_WithEventDefinitions" storage="d:\actions-runner\_work\xpco\xpco\eventserver\analyticsevents\analytics\videoos.analytics.events.unittest\bin\debug\net47\videoos.analytics.events.unittest.dll" id="b999c4ce-96be-37bf-70b4-d606de245c4b">
      <Execution id="0f706233-5240-4a88-af4f-178e8cdeeb4e" />
      <TestMethod codeBase="D:\actions-runner\_work\XPCO\XPCO\EventServer\AnalyticsEvents\Analytics\VideoOS.Analytics.Events.UnitTest\bin\Debug\net47\VideoOS.Analytics.Events.UnitTest.dll" adapterTypeName="executor://mstestadapter/v2" className="VideoOS.Analytics.Events.UnitTest.Background.TestServerSettingsManager" name="TestUpdateEventDefinitions_WithEventDefinitions" />
    </UnitTest>
    <UnitTest name="TestHandleRequest_UpdateTimeAlertCreateAlarmReturnsOk" storage="d:\actions-runner\_work\xpco\xpco\eventserver\analyticsevents\analytics\videoos.analytics.events.unittest\bin\debug\net47\videoos.analytics.events.unittest.dll" id="2594741e-44f5-7035-b04d-9de54da44bdc">
      <Execution id="adf09d0c-de51-454a-9fc5-8673fb33f3f9" />
      <TestMethod codeBase="D:\actions-runner\_work\XPCO\XPCO\EventServer\AnalyticsEvents\Analytics\VideoOS.Analytics.Events.UnitTest\bin\Debug\net47\VideoOS.Analytics.Events.UnitTest.dll" adapterTypeName="executor://mstestadapter/v2" className="VideoOS.Analytics.Events.UnitTest.Server.TestAlarmManager" name="TestHandleRequest_UpdateTimeAlertCreateAlarmReturnsOk" />
    </UnitTest>
    <UnitTest name="TestPortWithGeneralSettings" storage="d:\actions-runner\_work\xpco\xpco\eventserver\analyticsevents\analytics\videoos.analytics.events.unittest\bin\debug\net47\videoos.analytics.events.unittest.dll" id="b862d426-c600-5c47-8f41-2977c5ca4183">
      <Execution id="9f41e22f-0a5d-443b-b543-21cd3d3a1c9b" />
      <TestMethod codeBase="D:\actions-runner\_work\XPCO\XPCO\EventServer\AnalyticsEvents\Analytics\VideoOS.Analytics.Events.UnitTest\bin\Debug\net47\VideoOS.Analytics.Events.UnitTest.dll" adapterTypeName="executor://mstestadapter/v2" className="VideoOS.Analytics.Events.UnitTest.Background.TestServerSettingsManager" name="TestPortWithGeneralSettings" />
    </UnitTest>
    <UnitTest name="TestHandleRequest_ValidXmlAlertNullFilter" storage="d:\actions-runner\_work\xpco\xpco\eventserver\analyticsevents\analytics\videoos.analytics.events.unittest\bin\debug\net47\videoos.analytics.events.unittest.dll" id="cac92426-4fab-e7bd-c590-d4168bbdd988">
      <Execution id="d3af0dcd-3cef-4762-87c3-806940e08f4d" />
      <TestMethod codeBase="D:\actions-runner\_work\XPCO\XPCO\EventServer\AnalyticsEvents\Analytics\VideoOS.Analytics.Events.UnitTest\bin\Debug\net47\VideoOS.Analytics.Events.UnitTest.dll" adapterTypeName="executor://mstestadapter/v2" className="VideoOS.Analytics.Events.UnitTest.Server.TestAlarmManager" name="TestHandleRequest_ValidXmlAlertNullFilter" />
    </UnitTest>
    <UnitTest name="TestFillSourceWithSourceNameUnKnownObject" storage="d:\actions-runner\_work\xpco\xpco\eventserver\analyticsevents\analytics\videoos.analytics.events.unittest\bin\debug\net47\videoos.analytics.events.unittest.dll" id="bcaa400c-0478-ab73-d586-3d87bc50dd81">
      <Execution id="917c1b7f-5a4a-4601-a153-10bb41fea038" />
      <TestMethod codeBase="D:\actions-runner\_work\XPCO\XPCO\EventServer\AnalyticsEvents\Analytics\VideoOS.Analytics.Events.UnitTest\bin\Debug\net47\VideoOS.Analytics.Events.UnitTest.dll" adapterTypeName="executor://mstestadapter/v2" className="VideoOS.Analytics.Events.UnitTest.Server.TestAnalyticsEventHandler" name="TestFillSourceWithSourceNameUnKnownObject" />
    </UnitTest>
    <UnitTest name="TestConstruction" storage="d:\actions-runner\_work\xpco\xpco\eventserver\analyticsevents\analytics\videoos.analytics.events.unittest\bin\debug\net47\videoos.analytics.events.unittest.dll" id="fd502182-599f-e866-86f4-980d05169f5e">
      <Execution id="fb3ae212-a206-439f-b232-7bee8d3a6a0c" />
      <TestMethod codeBase="D:\actions-runner\_work\XPCO\XPCO\EventServer\AnalyticsEvents\Analytics\VideoOS.Analytics.Events.UnitTest\bin\Debug\net47\VideoOS.Analytics.Events.UnitTest.dll" adapterTypeName="executor://mstestadapter/v2" className="VideoOS.Analytics.Events.UnitTest.Server.TestAlarmManager" name="TestConstruction" />
    </UnitTest>
    <UnitTest name="TestStart" storage="d:\actions-runner\_work\xpco\xpco\eventserver\analyticsevents\analytics\videoos.analytics.events.unittest\bin\debug\net47\videoos.analytics.events.unittest.dll" id="282a0374-5529-ce12-d28c-f984243e5e6f">
      <Execution id="039472bf-af23-4542-b6f0-e9e5f29abf10" />
      <TestMethod codeBase="D:\actions-runner\_work\XPCO\XPCO\EventServer\AnalyticsEvents\Analytics\VideoOS.Analytics.Events.UnitTest\bin\Debug\net47\VideoOS.Analytics.Events.UnitTest.dll" adapterTypeName="executor://mstestadapter/v2" className="VideoOS.Analytics.Events.UnitTest.Server.TestAlarmSession" name="TestStart" />
    </UnitTest>
    <UnitTest name="TestUpgradeEventMessagesEmptyFileName" storage="d:\actions-runner\_work\xpco\xpco\eventserver\analyticsevents\analytics\videoos.analytics.events.unittest\bin\debug\net47\videoos.analytics.events.unittest.dll" id="0ba330d1-5d72-214f-98d5-741bc5141b1f">
      <Execution id="70ceedef-1265-45cb-950b-064e30c6e918" />
      <TestMethod codeBase="D:\actions-runner\_work\XPCO\XPCO\EventServer\AnalyticsEvents\Analytics\VideoOS.Analytics.Events.UnitTest\bin\Debug\net47\VideoOS.Analytics.Events.UnitTest.dll" adapterTypeName="executor://mstestadapter/v2" className="VideoOS.Analytics.Events.UnitTest.Admin.TestUpgradeManager" name="TestUpgradeEventMessagesEmptyFileName" />
    </UnitTest>
    <UnitTest name="TestCreateAlarmNullDoc" storage="d:\actions-runner\_work\xpco\xpco\eventserver\analyticsevents\analytics\videoos.analytics.events.unittest\bin\debug\net47\videoos.analytics.events.unittest.dll" id="50625ba9-518b-406d-4a76-a7b2a89ccf69">
      <Execution id="ac9d1be5-b69c-4266-b6cd-6b09944dcd1f" />
      <TestMethod codeBase="D:\actions-runner\_work\XPCO\XPCO\EventServer\AnalyticsEvents\Analytics\VideoOS.Analytics.Events.UnitTest\bin\Debug\net47\VideoOS.Analytics.Events.UnitTest.dll" adapterTypeName="executor://mstestadapter/v2" className="VideoOS.Analytics.Events.UnitTest.Server.TestAlertHandler" name="TestCreateAlarmNullDoc" />
    </UnitTest>
    <UnitTest name="TestImportIpListFile" storage="d:\actions-runner\_work\xpco\xpco\eventserver\analyticsevents\analytics\videoos.analytics.events.unittest\bin\debug\net47\videoos.analytics.events.unittest.dll" id="16f9b650-9451-5818-79e2-4aeec5ecbcb9">
      <Execution id="edfd1db4-6daf-4cbc-9975-31d300495233" />
      <TestMethod codeBase="D:\actions-runner\_work\XPCO\XPCO\EventServer\AnalyticsEvents\Analytics\VideoOS.Analytics.Events.UnitTest\bin\Debug\net47\VideoOS.Analytics.Events.UnitTest.dll" adapterTypeName="executor://mstestadapter/v2" className="VideoOS.Analytics.Events.UnitTest.Admin.TestAnalyticsEventOptionsDialogUserControl" name="TestImportIpListFile" />
    </UnitTest>
    <UnitTest name="TestAllowedHosts_Empty" storage="d:\actions-runner\_work\xpco\xpco\eventserver\analyticsevents\analytics\videoos.analytics.events.unittest\bin\debug\net47\videoos.analytics.events.unittest.dll" id="a8648a6e-c33a-0f32-a42d-3069cf24720a">
      <Execution id="6933e609-1dae-467b-a854-37befd152e41" />
      <TestMethod codeBase="D:\actions-runner\_work\XPCO\XPCO\EventServer\AnalyticsEvents\Analytics\VideoOS.Analytics.Events.UnitTest\bin\Debug\net47\VideoOS.Analytics.Events.UnitTest.dll" adapterTypeName="executor://mstestadapter/v2" className="VideoOS.Analytics.Events.UnitTest.Admin.TestGeneralSettingsItem" name="TestAllowedHosts_Empty" />
    </UnitTest>
    <UnitTest name="TestFillSourceWithSourceNameUnKnownObjectHostNameLookupValidItem" storage="d:\actions-runner\_work\xpco\xpco\eventserver\analyticsevents\analytics\videoos.analytics.events.unittest\bin\debug\net47\videoos.analytics.events.unittest.dll" id="9b48f9e8-305b-a70d-39f8-d7c4a29753cb">
      <Execution id="c8ff8460-8e94-4663-9d76-b212f5929305" />
      <TestMethod codeBase="D:\actions-runner\_work\XPCO\XPCO\EventServer\AnalyticsEvents\Analytics\VideoOS.Analytics.Events.UnitTest\bin\Debug\net47\VideoOS.Analytics.Events.UnitTest.dll" adapterTypeName="executor://mstestadapter/v2" className="VideoOS.Analytics.Events.UnitTest.Server.TestAlertHandler" name="TestFillSourceWithSourceNameUnKnownObjectHostNameLookupValidItem" />
    </UnitTest>
    <UnitTest name="TestGetItems_ItemsNull" storage="d:\actions-runner\_work\xpco\xpco\eventserver\analyticsevents\analytics\videoos.analytics.events.unittest\bin\debug\net47\videoos.analytics.events.unittest.dll" id="906a0490-2008-ab4a-3628-1824bc2d745b">
      <Execution id="0dde2bcd-2906-4716-a1d2-1d024ae0d0a3" />
      <TestMethod codeBase="D:\actions-runner\_work\XPCO\XPCO\EventServer\AnalyticsEvents\Analytics\VideoOS.Analytics.Events.UnitTest\bin\Debug\net47\VideoOS.Analytics.Events.UnitTest.dll" adapterTypeName="executor://mstestadapter/v2" className="VideoOS.Analytics.Events.UnitTest.Admin.TestAnalyticsEventItemManager" name="TestGetItems_ItemsNull" />
    </UnitTest>
    <UnitTest name="TestTargetEnvironments" storage="d:\actions-runner\_work\xpco\xpco\eventserver\analyticsevents\analytics\videoos.analytics.events.unittest\bin\debug\net47\videoos.analytics.events.unittest.dll" id="6818ef04-62f8-9bf9-56c2-d4576a55c1c5">
      <Execution id="39e2f879-3f4a-4e99-bb5e-382864eaba8c" />
      <TestMethod codeBase="D:\actions-runner\_work\XPCO\XPCO\EventServer\AnalyticsEvents\Analytics\VideoOS.Analytics.Events.UnitTest\bin\Debug\net47\VideoOS.Analytics.Events.UnitTest.dll" adapterTypeName="executor://mstestadapter/v2" className="VideoOS.Analytics.Events.UnitTest.Server.TestAnalyticsEventsBackgroundPlugin" name="TestTargetEnvironments" />
    </UnitTest>
    <UnitTest name="TestFillSourceWithSourceNameNullSettings" storage="d:\actions-runner\_work\xpco\xpco\eventserver\analyticsevents\analytics\videoos.analytics.events.unittest\bin\debug\net47\videoos.analytics.events.unittest.dll" id="54b320bc-66a9-ba72-4ef5-ee4a8489a59f">
      <Execution id="96104701-e7dc-4f2e-9eee-3d7e295ab844" />
      <TestMethod codeBase="D:\actions-runner\_work\XPCO\XPCO\EventServer\AnalyticsEvents\Analytics\VideoOS.Analytics.Events.UnitTest\bin\Debug\net47\VideoOS.Analytics.Events.UnitTest.dll" adapterTypeName="executor://mstestadapter/v2" className="VideoOS.Analytics.Events.UnitTest.Server.TestAnalyticsEventHandler" name="TestFillSourceWithSourceNameNullSettings" />
    </UnitTest>
    <UnitTest name="TestId" storage="d:\actions-runner\_work\xpco\xpco\eventserver\analyticsevents\analytics\videoos.analytics.events.unittest\bin\debug\net47\videoos.analytics.events.unittest.dll" id="32a3ae4a-eea8-d63c-2ef1-01c2e17b2641">
      <Execution id="f6b86f32-3fb6-44d2-9c0a-fa38ba58be3f" />
      <TestMethod codeBase="D:\actions-runner\_work\XPCO\XPCO\EventServer\AnalyticsEvents\Analytics\VideoOS.Analytics.Events.UnitTest\bin\Debug\net47\VideoOS.Analytics.Events.UnitTest.dll" adapterTypeName="executor://mstestadapter/v2" className="VideoOS.Analytics.Events.UnitTest.Server.TestAnalyticsEventsBackgroundPlugin" name="TestId" />
    </UnitTest>
    <UnitTest name="TestSetGetPropertyStringNull" storage="d:\actions-runner\_work\xpco\xpco\eventserver\analyticsevents\analytics\videoos.analytics.events.unittest\bin\debug\net47\videoos.analytics.events.unittest.dll" id="a7859604-ea04-7f95-d870-edfc83710f38">
      <Execution id="6e5af284-6a8e-4dfd-af4c-73b5df6df1e1" />
      <TestMethod codeBase="D:\actions-runner\_work\XPCO\XPCO\EventServer\AnalyticsEvents\Analytics\VideoOS.Analytics.Events.UnitTest\bin\Debug\net47\VideoOS.Analytics.Events.UnitTest.dll" adapterTypeName="executor://mstestadapter/v2" className="VideoOS.Analytics.Events.UnitTest.Admin.TestBaseItem" name="TestSetGetPropertyStringNull" />
    </UnitTest>
    <UnitTest name="TestSetItemName" storage="d:\actions-runner\_work\xpco\xpco\eventserver\analyticsevents\analytics\videoos.analytics.events.unittest\bin\debug\net47\videoos.analytics.events.unittest.dll" id="e68743e5-ad11-acfb-dc47-3f1b3dcd5418">
      <Execution id="704b99dc-c3fb-49e1-8bec-3c0f4430c173" />
      <TestMethod codeBase="D:\actions-runner\_work\XPCO\XPCO\EventServer\AnalyticsEvents\Analytics\VideoOS.Analytics.Events.UnitTest\bin\Debug\net47\VideoOS.Analytics.Events.UnitTest.dll" adapterTypeName="executor://mstestadapter/v2" className="VideoOS.Analytics.Events.UnitTest.Admin.TestAnalyticsEventItemManager" name="TestSetItemName" />
    </UnitTest>
    <UnitTest name="TestRunAlertData" storage="d:\actions-runner\_work\xpco\xpco\eventserver\analyticsevents\analytics\videoos.analytics.events.unittest\bin\debug\net47\videoos.analytics.events.unittest.dll" id="08b1e8de-fe51-fd69-facc-4b295119de73">
      <Execution id="ea80ae61-b2c0-4ef4-b29f-491218dfbf69" />
      <TestMethod codeBase="D:\actions-runner\_work\XPCO\XPCO\EventServer\AnalyticsEvents\Analytics\VideoOS.Analytics.Events.UnitTest\bin\Debug\net47\VideoOS.Analytics.Events.UnitTest.dll" adapterTypeName="executor://mstestadapter/v2" className="VideoOS.Analytics.Events.UnitTest.Server.TestAlarmSession" name="TestRunAlertData" />
    </UnitTest>
    <UnitTest name="HasChildrenTest" storage="d:\actions-runner\_work\xpco\xpco\eventserver\analyticsevents\analytics\videoos.analytics.events.unittest\bin\debug\net47\videoos.analytics.events.unittest.dll" id="6523653e-e1f7-ec96-0b0e-f3f5fe1cf2cb">
      <Execution id="1f7a63c2-6366-4023-be68-fc1f1d19736c" />
      <TestMethod codeBase="D:\actions-runner\_work\XPCO\XPCO\EventServer\AnalyticsEvents\Analytics\VideoOS.Analytics.Events.UnitTest\bin\Debug\net47\VideoOS.Analytics.Events.UnitTest.dll" adapterTypeName="executor://mstestadapter/v2" className="VideoOS.Analytics.Events.UnitTest.Admin.TestBaseItem" name="HasChildrenTest" />
    </UnitTest>
    <UnitTest name="TestConstruction" storage="d:\actions-runner\_work\xpco\xpco\eventserver\analyticsevents\analytics\videoos.analytics.events.unittest\bin\debug\net47\videoos.analytics.events.unittest.dll" id="6f57a0ef-f3b0-892d-c2da-07b42eeff451">
      <Execution id="ee876151-3f7b-41d7-a86c-0007b6ae1dcb" />
      <TestMethod codeBase="D:\actions-runner\_work\XPCO\XPCO\EventServer\AnalyticsEvents\Analytics\VideoOS.Analytics.Events.UnitTest\bin\Debug\net47\VideoOS.Analytics.Events.UnitTest.dll" adapterTypeName="executor://mstestadapter/v2" className="VideoOS.Analytics.Events.UnitTest.Background.TestServerSettingsManager" name="TestConstruction" />
    </UnitTest>
    <UnitTest name="TestParsePortEmptyDoc" storage="d:\actions-runner\_work\xpco\xpco\eventserver\analyticsevents\analytics\videoos.analytics.events.unittest\bin\debug\net47\videoos.analytics.events.unittest.dll" id="60e1b6a8-8777-ef74-c8a8-b070874bff10">
      <Execution id="5765fa58-2a8a-4c7b-9cfc-44306d3c5c63" />
      <TestMethod codeBase="D:\actions-runner\_work\XPCO\XPCO\EventServer\AnalyticsEvents\Analytics\VideoOS.Analytics.Events.UnitTest\bin\Debug\net47\VideoOS.Analytics.Events.UnitTest.dll" adapterTypeName="executor://mstestadapter/v2" className="VideoOS.Analytics.Events.UnitTest.Admin.TestUpgradeManager" name="TestParsePortEmptyDoc" />
    </UnitTest>
    <UnitTest name="TestUpgradeEventMessagesEmptyConfigFile" storage="d:\actions-runner\_work\xpco\xpco\eventserver\analyticsevents\analytics\videoos.analytics.events.unittest\bin\debug\net47\videoos.analytics.events.unittest.dll" id="64c3d46c-70e0-5802-8b79-0668fff83924">
      <Execution id="9517d49a-2a2d-428d-9d70-5a677f4aae46" />
      <TestMethod codeBase="D:\actions-runner\_work\XPCO\XPCO\EventServer\AnalyticsEvents\Analytics\VideoOS.Analytics.Events.UnitTest\bin\Debug\net47\VideoOS.Analytics.Events.UnitTest.dll" adapterTypeName="executor://mstestadapter/v2" className="VideoOS.Analytics.Events.UnitTest.Admin.TestUpgradeManager" name="TestUpgradeEventMessagesEmptyConfigFile" />
    </UnitTest>
    <UnitTest name="TestName_EnvironmentTypeService" storage="d:\actions-runner\_work\xpco\xpco\eventserver\analyticsevents\analytics\videoos.analytics.events.unittest\bin\debug\net47\videoos.analytics.events.unittest.dll" id="4da41ae4-d604-de77-b100-b9c11152b5e2">
      <Execution id="c0de692b-acc3-49c1-9937-f2901c8b50b2" />
      <TestMethod codeBase="D:\actions-runner\_work\XPCO\XPCO\EventServer\AnalyticsEvents\Analytics\VideoOS.Analytics.Events.UnitTest\bin\Debug\net47\VideoOS.Analytics.Events.UnitTest.dll" adapterTypeName="executor://mstestadapter/v2" className="VideoOS.Analytics.Events.UnitTest.Admin.TestAnalyticsEventItem" name="TestName_EnvironmentTypeService" />
    </UnitTest>
    <UnitTest name="TestCreateAlarmNullDoc" storage="d:\actions-runner\_work\xpco\xpco\eventserver\analyticsevents\analytics\videoos.analytics.events.unittest\bin\debug\net47\videoos.analytics.events.unittest.dll" id="55787fc9-b017-22c6-8621-e73e4dc6e94e">
      <Execution id="de114f2b-2b24-4801-a0f5-0b8aa45dcfb3" />
      <TestMethod codeBase="D:\actions-runner\_work\XPCO\XPCO\EventServer\AnalyticsEvents\Analytics\VideoOS.Analytics.Events.UnitTest\bin\Debug\net47\VideoOS.Analytics.Events.UnitTest.dll" adapterTypeName="executor://mstestadapter/v2" className="VideoOS.Analytics.Events.UnitTest.Server.TestAnalyticsEventHandler" name="TestCreateAlarmNullDoc" />
    </UnitTest>
    <UnitTest name="TestHandleRequest_ValidXmlAlertReturnsNullAlarm" storage="d:\actions-runner\_work\xpco\xpco\eventserver\analyticsevents\analytics\videoos.analytics.events.unittest\bin\debug\net47\videoos.analytics.events.unittest.dll" id="d647d8dd-f04a-a2c2-cec5-80065b2d76ee">
      <Execution id="2fb0b71b-5554-4f9f-a7a5-8b8d181f30c9" />
      <TestMethod codeBase="D:\actions-runner\_work\XPCO\XPCO\EventServer\AnalyticsEvents\Analytics\VideoOS.Analytics.Events.UnitTest\bin\Debug\net47\VideoOS.Analytics.Events.UnitTest.dll" adapterTypeName="executor://mstestadapter/v2" className="VideoOS.Analytics.Events.UnitTest.Server.TestAlarmManager" name="TestHandleRequest_ValidXmlAlertReturnsNullAlarm" />
    </UnitTest>
    <UnitTest name="TestParsePortNullDoc" storage="d:\actions-runner\_work\xpco\xpco\eventserver\analyticsevents\analytics\videoos.analytics.events.unittest\bin\debug\net47\videoos.analytics.events.unittest.dll" id="c89ce7a8-67b4-96a8-b86d-09b8d9f7b0a8">
      <Execution id="4b1d71b4-2d0b-4508-93f1-8d86a81e52e0" />
      <TestMethod codeBase="D:\actions-runner\_work\XPCO\XPCO\EventServer\AnalyticsEvents\Analytics\VideoOS.Analytics.Events.UnitTest\bin\Debug\net47\VideoOS.Analytics.Events.UnitTest.dll" adapterTypeName="executor://mstestadapter/v2" className="VideoOS.Analytics.Events.UnitTest.Admin.TestUpgradeManager" name="TestParsePortNullDoc" />
    </UnitTest>
    <UnitTest name="TestClose" storage="d:\actions-runner\_work\xpco\xpco\eventserver\analyticsevents\analytics\videoos.analytics.events.unittest\bin\debug\net47\videoos.analytics.events.unittest.dll" id="f2e13be8-d902-bf66-5ea2-e31071348282">
      <Execution id="3b8c1689-601a-41e7-9613-22e6ea23a7e3" />
      <TestMethod codeBase="D:\actions-runner\_work\XPCO\XPCO\EventServer\AnalyticsEvents\Analytics\VideoOS.Analytics.Events.UnitTest\bin\Debug\net47\VideoOS.Analytics.Events.UnitTest.dll" adapterTypeName="executor://mstestadapter/v2" className="VideoOS.Analytics.Events.UnitTest.Server.TestAnalyticsEventsBackgroundPlugin" name="TestClose" />
    </UnitTest>
    <UnitTest name="TestGetFilter" storage="d:\actions-runner\_work\xpco\xpco\eventserver\analyticsevents\analytics\videoos.analytics.events.unittest\bin\debug\net47\videoos.analytics.events.unittest.dll" id="877067fa-965d-533c-ea7b-ad7f20848732">
      <Execution id="cf1041af-402b-4aa2-a6f4-26f9219ed85f" />
      <TestMethod codeBase="D:\actions-runner\_work\XPCO\XPCO\EventServer\AnalyticsEvents\Analytics\VideoOS.Analytics.Events.UnitTest\bin\Debug\net47\VideoOS.Analytics.Events.UnitTest.dll" adapterTypeName="executor://mstestadapter/v2" className="VideoOS.Analytics.Events.UnitTest.Background.TestServerSettingsManager" name="TestGetFilter" />
    </UnitTest>
    <UnitTest name="TestUpdateGeneralSettings_WithNullGenealSetting" storage="d:\actions-runner\_work\xpco\xpco\eventserver\analyticsevents\analytics\videoos.analytics.events.unittest\bin\debug\net47\videoos.analytics.events.unittest.dll" id="1f47e619-99a3-224a-4bdd-4d976819d575">
      <Execution id="686711b1-dc2f-4e62-8b69-4560211e9244" />
      <TestMethod codeBase="D:\actions-runner\_work\XPCO\XPCO\EventServer\AnalyticsEvents\Analytics\VideoOS.Analytics.Events.UnitTest\bin\Debug\net47\VideoOS.Analytics.Events.UnitTest.dll" adapterTypeName="executor://mstestadapter/v2" className="VideoOS.Analytics.Events.UnitTest.Background.TestServerSettingsManager" name="TestUpdateGeneralSettings_WithNullGenealSetting" />
    </UnitTest>
    <UnitTest name="TestConstructor" storage="d:\actions-runner\_work\xpco\xpco\eventserver\analyticsevents\analytics\videoos.analytics.events.unittest\bin\debug\net47\videoos.analytics.events.unittest.dll" id="3ae18270-ca1f-a493-3494-1909b2cfe16b">
      <Execution id="25f2c5c7-4af7-4190-ba5d-56844de5abd2" />
      <TestMethod codeBase="D:\actions-runner\_work\XPCO\XPCO\EventServer\AnalyticsEvents\Analytics\VideoOS.Analytics.Events.UnitTest\bin\Debug\net47\VideoOS.Analytics.Events.UnitTest.dll" adapterTypeName="executor://mstestadapter/v2" className="VideoOS.Analytics.Events.UnitTest.Admin.TestAnalyticsEventItemManager" name="TestConstructor" />
    </UnitTest>
    <UnitTest name="TestEventMessageWithNoMessage" storage="d:\actions-runner\_work\xpco\xpco\eventserver\analyticsevents\analytics\videoos.analytics.events.unittest\bin\debug\net47\videoos.analytics.events.unittest.dll" id="dc5f1244-37a4-bde8-4e08-777c2a45fb49">
      <Execution id="84563162-654b-4611-ba00-a31d1292335a" />
      <TestMethod codeBase="D:\actions-runner\_work\XPCO\XPCO\EventServer\AnalyticsEvents\Analytics\VideoOS.Analytics.Events.UnitTest\bin\Debug\net47\VideoOS.Analytics.Events.UnitTest.dll" adapterTypeName="executor://mstestadapter/v2" className="VideoOS.Analytics.Events.UnitTest.Server.TestAnalyticsEventHandler" name="TestEventMessageWithNoMessage" />
    </UnitTest>
    <UnitTest name="TestConstruction" storage="d:\actions-runner\_work\xpco\xpco\eventserver\analyticsevents\analytics\videoos.analytics.events.unittest\bin\debug\net47\videoos.analytics.events.unittest.dll" id="a797bbbd-fbc1-cdee-6d34-73069d6bb5e8">
      <Execution id="8f416f78-e8fa-445f-b728-16aa8670dfbc" />
      <TestMethod codeBase="D:\actions-runner\_work\XPCO\XPCO\EventServer\AnalyticsEvents\Analytics\VideoOS.Analytics.Events.UnitTest\bin\Debug\net47\VideoOS.Analytics.Events.UnitTest.dll" adapterTypeName="executor://mstestadapter/v2" className="VideoOS.Analytics.Events.UnitTest.Server.TestAnalyticsEventsBackgroundPlugin" name="TestConstruction" />
    </UnitTest>
    <UnitTest name="TestCreateAlarmWithDoc" storage="d:\actions-runner\_work\xpco\xpco\eventserver\analyticsevents\analytics\videoos.analytics.events.unittest\bin\debug\net47\videoos.analytics.events.unittest.dll" id="8a29bf81-9fef-9e07-210f-123e55fcfd89">
      <Execution id="3d715315-60f8-4e61-a33d-a977a867ac2e" />
      <TestMethod codeBase="D:\actions-runner\_work\XPCO\XPCO\EventServer\AnalyticsEvents\Analytics\VideoOS.Analytics.Events.UnitTest\bin\Debug\net47\VideoOS.Analytics.Events.UnitTest.dll" adapterTypeName="executor://mstestadapter/v2" className="VideoOS.Analytics.Events.UnitTest.Server.TestAnalyticsEventHandler" name="TestCreateAlarmWithDoc" />
    </UnitTest>
    <UnitTest name="TestRunConfigurationNotLoadedSocketConnected" storage="d:\actions-runner\_work\xpco\xpco\eventserver\analyticsevents\analytics\videoos.analytics.events.unittest\bin\debug\net47\videoos.analytics.events.unittest.dll" id="5204a0ac-cbad-5934-acff-c0d5470991c7">
      <Execution id="46d7aa90-7766-451f-8e2f-4c32cdc03d59" />
      <TestMethod codeBase="D:\actions-runner\_work\XPCO\XPCO\EventServer\AnalyticsEvents\Analytics\VideoOS.Analytics.Events.UnitTest\bin\Debug\net47\VideoOS.Analytics.Events.UnitTest.dll" adapterTypeName="executor://mstestadapter/v2" className="VideoOS.Analytics.Events.UnitTest.Server.TestAlarmSession" name="TestRunConfigurationNotLoadedSocketConnected" />
    </UnitTest>
    <UnitTest name="TestHandleRequestWithHtmlHeader" storage="d:\actions-runner\_work\xpco\xpco\eventserver\analyticsevents\analytics\videoos.analytics.events.unittest\bin\debug\net47\videoos.analytics.events.unittest.dll" id="8efb0e92-acc4-391a-1751-7ebb955524cb">
      <Execution id="50569312-4d05-41a8-8288-575d38c2973b" />
      <TestMethod codeBase="D:\actions-runner\_work\XPCO\XPCO\EventServer\AnalyticsEvents\Analytics\VideoOS.Analytics.Events.UnitTest\bin\Debug\net47\VideoOS.Analytics.Events.UnitTest.dll" adapterTypeName="executor://mstestadapter/v2" className="VideoOS.Analytics.Events.UnitTest.Server.TestAlarmManager" name="TestHandleRequestWithHtmlHeader" />
    </UnitTest>
    <UnitTest name="TestConstruction" storage="d:\actions-runner\_work\xpco\xpco\eventserver\analyticsevents\analytics\videoos.analytics.events.unittest\bin\debug\net47\videoos.analytics.events.unittest.dll" id="17db969d-d87f-c30b-99c3-955b87ea9c30">
      <Execution id="99dc4055-1fe5-45b9-8edb-74a743c09a65" />
      <TestMethod codeBase="D:\actions-runner\_work\XPCO\XPCO\EventServer\AnalyticsEvents\Analytics\VideoOS.Analytics.Events.UnitTest\bin\Debug\net47\VideoOS.Analytics.Events.UnitTest.dll" adapterTypeName="executor://mstestadapter/v2" className="VideoOS.Analytics.Events.UnitTest.Server.TestAlarmSession" name="TestConstruction" />
    </UnitTest>
    <UnitTest name="TestSettingsLoaded_GeneralSettingsAndAnalyticsEvents" storage="d:\actions-runner\_work\xpco\xpco\eventserver\analyticsevents\analytics\videoos.analytics.events.unittest\bin\debug\net47\videoos.analytics.events.unittest.dll" id="e3924598-2b02-3c0d-3ded-5283ec87996e">
      <Execution id="f935fb8c-2303-4489-95d2-3d42744f8142" />
      <TestMethod codeBase="D:\actions-runner\_work\XPCO\XPCO\EventServer\AnalyticsEvents\Analytics\VideoOS.Analytics.Events.UnitTest\bin\Debug\net47\VideoOS.Analytics.Events.UnitTest.dll" adapterTypeName="executor://mstestadapter/v2" className="VideoOS.Analytics.Events.UnitTest.Background.TestServerSettingsManager" name="TestSettingsLoaded_GeneralSettingsAndAnalyticsEvents" />
    </UnitTest>
    <UnitTest name="TestAllowedHosts" storage="d:\actions-runner\_work\xpco\xpco\eventserver\analyticsevents\analytics\videoos.analytics.events.unittest\bin\debug\net47\videoos.analytics.events.unittest.dll" id="a680688a-97f6-9e51-989f-2a4bbb51757d">
      <Execution id="f9d10249-83f9-4d81-af00-30bef32d7909" />
      <TestMethod codeBase="D:\actions-runner\_work\XPCO\XPCO\EventServer\AnalyticsEvents\Analytics\VideoOS.Analytics.Events.UnitTest\bin\Debug\net47\VideoOS.Analytics.Events.UnitTest.dll" adapterTypeName="executor://mstestadapter/v2" className="VideoOS.Analytics.Events.UnitTest.Admin.TestGeneralSettingsItem" name="TestAllowedHosts" />
    </UnitTest>
    <UnitTest name="TestEventMessageNullDoc" storage="d:\actions-runner\_work\xpco\xpco\eventserver\analyticsevents\analytics\videoos.analytics.events.unittest\bin\debug\net47\videoos.analytics.events.unittest.dll" id="c566cc1a-656a-1860-d810-4b5783079e77">
      <Execution id="83b1f4f3-797b-4a1f-9466-5620eaa5ccc8" />
      <TestMethod codeBase="D:\actions-runner\_work\XPCO\XPCO\EventServer\AnalyticsEvents\Analytics\VideoOS.Analytics.Events.UnitTest\bin\Debug\net47\VideoOS.Analytics.Events.UnitTest.dll" adapterTypeName="executor://mstestadapter/v2" className="VideoOS.Analytics.Events.UnitTest.Server.TestAlertHandler" name="TestEventMessageNullDoc" />
    </UnitTest>
    <UnitTest name="TestMessage" storage="d:\actions-runner\_work\xpco\xpco\eventserver\analyticsevents\analytics\videoos.analytics.events.unittest\bin\debug\net47\videoos.analytics.events.unittest.dll" id="133ef572-439d-71e3-79c5-0a4d2177cdc0">
      <Execution id="87c96f40-5be8-4c86-b12f-a19f49010fae" />
      <TestMethod codeBase="D:\actions-runner\_work\XPCO\XPCO\EventServer\AnalyticsEvents\Analytics\VideoOS.Analytics.Events.UnitTest\bin\Debug\net47\VideoOS.Analytics.Events.UnitTest.dll" adapterTypeName="executor://mstestadapter/v2" className="VideoOS.Analytics.Events.UnitTest.Admin.TestAnalyticsEventItem" name="TestMessage" />
    </UnitTest>
    <UnitTest name="TestHandleRequest_XmlStartTagNotValidXml" storage="d:\actions-runner\_work\xpco\xpco\eventserver\analyticsevents\analytics\videoos.analytics.events.unittest\bin\debug\net47\videoos.analytics.events.unittest.dll" id="4911a7f7-260e-fc2b-c5f5-cb0280343cab">
      <Execution id="e81b34fb-e5b8-4bfe-8720-b5157e5aabcd" />
      <TestMethod codeBase="D:\actions-runner\_work\XPCO\XPCO\EventServer\AnalyticsEvents\Analytics\VideoOS.Analytics.Events.UnitTest\bin\Debug\net47\VideoOS.Analytics.Events.UnitTest.dll" adapterTypeName="executor://mstestadapter/v2" className="VideoOS.Analytics.Events.UnitTest.Server.TestAlarmManager" name="TestHandleRequest_XmlStartTagNotValidXml" />
    </UnitTest>
    <UnitTest name="TestUpgradeEventMessagesConfigFile" storage="d:\actions-runner\_work\xpco\xpco\eventserver\analyticsevents\analytics\videoos.analytics.events.unittest\bin\debug\net47\videoos.analytics.events.unittest.dll" id="90b2fab1-e505-89b4-8d22-0f91e5cbb36f">
      <Execution id="a64b90e5-26bc-4fec-be6d-6a791c1b51de" />
      <TestMethod codeBase="D:\actions-runner\_work\XPCO\XPCO\EventServer\AnalyticsEvents\Analytics\VideoOS.Analytics.Events.UnitTest\bin\Debug\net47\VideoOS.Analytics.Events.UnitTest.dll" adapterTypeName="executor://mstestadapter/v2" className="VideoOS.Analytics.Events.UnitTest.Admin.TestUpgradeManager" name="TestUpgradeEventMessagesConfigFile" />
    </UnitTest>
    <UnitTest name="TestAllowedHosts_Null" storage="d:\actions-runner\_work\xpco\xpco\eventserver\analyticsevents\analytics\videoos.analytics.events.unittest\bin\debug\net47\videoos.analytics.events.unittest.dll" id="9c143a4f-02b4-3c35-43f8-b0477627830a">
      <Execution id="60afb46e-e07d-43ec-bd7d-9ccac8986fa1" />
      <TestMethod codeBase="D:\actions-runner\_work\XPCO\XPCO\EventServer\AnalyticsEvents\Analytics\VideoOS.Analytics.Events.UnitTest\bin\Debug\net47\VideoOS.Analytics.Events.UnitTest.dll" adapterTypeName="executor://mstestadapter/v2" className="VideoOS.Analytics.Events.UnitTest.Admin.TestGeneralSettingsItem" name="TestAllowedHosts_Null" />
    </UnitTest>
    <UnitTest name="TestFillSourceWithSourceNameUnKnownObjectHostName" storage="d:\actions-runner\_work\xpco\xpco\eventserver\analyticsevents\analytics\videoos.analytics.events.unittest\bin\debug\net47\videoos.analytics.events.unittest.dll" id="ac6cb708-ccb6-1518-cf6e-2723d80211c1">
      <Execution id="518e62c5-b6eb-4c35-8b03-ba6ab63d9b70" />
      <TestMethod codeBase="D:\actions-runner\_work\XPCO\XPCO\EventServer\AnalyticsEvents\Analytics\VideoOS.Analytics.Events.UnitTest\bin\Debug\net47\VideoOS.Analytics.Events.UnitTest.dll" adapterTypeName="executor://mstestadapter/v2" className="VideoOS.Analytics.Events.UnitTest.Server.TestAnalyticsEventHandler" name="TestFillSourceWithSourceNameUnKnownObjectHostName" />
    </UnitTest>
    <UnitTest name="TestFillSourceWithSourceNameUnKnownObjectHostNameLookupValidItem" storage="d:\actions-runner\_work\xpco\xpco\eventserver\analyticsevents\analytics\videoos.analytics.events.unittest\bin\debug\net47\videoos.analytics.events.unittest.dll" id="8da37076-29a6-9454-f54e-2dd1707442fd">
      <Execution id="02aa44a8-f47d-490f-acf2-c62bf1116853" />
      <TestMethod codeBase="D:\actions-runner\_work\XPCO\XPCO\EventServer\AnalyticsEvents\Analytics\VideoOS.Analytics.Events.UnitTest\bin\Debug\net47\VideoOS.Analytics.Events.UnitTest.dll" adapterTypeName="executor://mstestadapter/v2" className="VideoOS.Analytics.Events.UnitTest.Server.TestAnalyticsEventHandler" name="TestFillSourceWithSourceNameUnKnownObjectHostNameLookupValidItem" />
    </UnitTest>
    <UnitTest name="TestSetGetPropertyStringList_Empty" storage="d:\actions-runner\_work\xpco\xpco\eventserver\analyticsevents\analytics\videoos.analytics.events.unittest\bin\debug\net47\videoos.analytics.events.unittest.dll" id="222b0508-9017-2a52-0b58-ecc9b98fe182">
      <Execution id="8729462f-0864-4228-bab3-4d6622d32f0a" />
      <TestMethod codeBase="D:\actions-runner\_work\XPCO\XPCO\EventServer\AnalyticsEvents\Analytics\VideoOS.Analytics.Events.UnitTest\bin\Debug\net47\VideoOS.Analytics.Events.UnitTest.dll" adapterTypeName="executor://mstestadapter/v2" className="VideoOS.Analytics.Events.UnitTest.Admin.TestBaseItem" name="TestSetGetPropertyStringList_Empty" />
    </UnitTest>
    <UnitTest name="TestHandleRequest_ValidXmlAlertEmptyEventMessage" storage="d:\actions-runner\_work\xpco\xpco\eventserver\analyticsevents\analytics\videoos.analytics.events.unittest\bin\debug\net47\videoos.analytics.events.unittest.dll" id="c9fd1afa-e000-bceb-dcf6-c6bea7b48fed">
      <Execution id="018e0a31-e626-4a1e-9df4-83cdc3cbe532" />
      <TestMethod codeBase="D:\actions-runner\_work\XPCO\XPCO\EventServer\AnalyticsEvents\Analytics\VideoOS.Analytics.Events.UnitTest\bin\Debug\net47\VideoOS.Analytics.Events.UnitTest.dll" adapterTypeName="executor://mstestadapter/v2" className="VideoOS.Analytics.Events.UnitTest.Server.TestAlarmManager" name="TestHandleRequest_ValidXmlAlertEmptyEventMessage" />
    </UnitTest>
    <UnitTest name="TestFillSource_AddressAndChannel" storage="d:\actions-runner\_work\xpco\xpco\eventserver\analyticsevents\analytics\videoos.analytics.events.unittest\bin\debug\net47\videoos.analytics.events.unittest.dll" id="26dbaa56-14a2-678c-c2d3-7f31a1e8fb7b">
      <Execution id="290f4e18-2e0d-415f-82a9-c0007f234139" />
      <TestMethod codeBase="D:\actions-runner\_work\XPCO\XPCO\EventServer\AnalyticsEvents\Analytics\VideoOS.Analytics.Events.UnitTest\bin\Debug\net47\VideoOS.Analytics.Events.UnitTest.dll" adapterTypeName="executor://mstestadapter/v2" className="VideoOS.Analytics.Events.UnitTest.Server.TestAnalyticsEventHandler" name="TestFillSource_AddressAndChannel" />
    </UnitTest>
    <UnitTest name="TestImportNoFile" storage="d:\actions-runner\_work\xpco\xpco\eventserver\analyticsevents\analytics\videoos.analytics.events.unittest\bin\debug\net47\videoos.analytics.events.unittest.dll" id="3683f627-21e2-2efc-596f-dff17db7a105">
      <Execution id="8156b1b5-2c29-4ac2-885b-bc04ace294bc" />
      <TestMethod codeBase="D:\actions-runner\_work\XPCO\XPCO\EventServer\AnalyticsEvents\Analytics\VideoOS.Analytics.Events.UnitTest\bin\Debug\net47\VideoOS.Analytics.Events.UnitTest.dll" adapterTypeName="executor://mstestadapter/v2" className="VideoOS.Analytics.Events.UnitTest.Admin.TestAnalyticsEventOptionsDialogUserControl" name="TestImportNoFile" />
    </UnitTest>
    <UnitTest name="HasRelatedTest" storage="d:\actions-runner\_work\xpco\xpco\eventserver\analyticsevents\analytics\videoos.analytics.events.unittest\bin\debug\net47\videoos.analytics.events.unittest.dll" id="b840d203-6fe7-ed1d-0fc4-7c39f947fa26">
      <Execution id="d4048bab-8eae-4bc4-b823-8c3dd6191082" />
      <TestMethod codeBase="D:\actions-runner\_work\XPCO\XPCO\EventServer\AnalyticsEvents\Analytics\VideoOS.Analytics.Events.UnitTest\bin\Debug\net47\VideoOS.Analytics.Events.UnitTest.dll" adapterTypeName="executor://mstestadapter/v2" className="VideoOS.Analytics.Events.UnitTest.Admin.TestBaseItem" name="HasRelatedTest" />
    </UnitTest>
    <UnitTest name="GetParentTest" storage="d:\actions-runner\_work\xpco\xpco\eventserver\analyticsevents\analytics\videoos.analytics.events.unittest\bin\debug\net47\videoos.analytics.events.unittest.dll" id="a8e322c5-869d-1868-e7f9-ca57e365acee">
      <Execution id="620d510f-2c0e-4071-b254-fb7262653ca3" />
      <TestMethod codeBase="D:\actions-runner\_work\XPCO\XPCO\EventServer\AnalyticsEvents\Analytics\VideoOS.Analytics.Events.UnitTest\bin\Debug\net47\VideoOS.Analytics.Events.UnitTest.dll" adapterTypeName="executor://mstestadapter/v2" className="VideoOS.Analytics.Events.UnitTest.Admin.TestBaseItem" name="GetParentTest" />
    </UnitTest>
    <UnitTest name="TestFillSourceWithObjectIdReturnItem" storage="d:\actions-runner\_work\xpco\xpco\eventserver\analyticsevents\analytics\videoos.analytics.events.unittest\bin\debug\net47\videoos.analytics.events.unittest.dll" id="a2183f2a-4982-f34a-fce3-120e25cf99f3">
      <Execution id="28727b4d-34ed-462b-8aa0-0f0eed1de13b" />
      <TestMethod codeBase="D:\actions-runner\_work\XPCO\XPCO\EventServer\AnalyticsEvents\Analytics\VideoOS.Analytics.Events.UnitTest\bin\Debug\net47\VideoOS.Analytics.Events.UnitTest.dll" adapterTypeName="executor://mstestadapter/v2" className="VideoOS.Analytics.Events.UnitTest.Server.TestAlertHandler" name="TestFillSourceWithObjectIdReturnItem" />
    </UnitTest>
    <UnitTest name="TestHandleRequest_EmptyXmlDocument" storage="d:\actions-runner\_work\xpco\xpco\eventserver\analyticsevents\analytics\videoos.analytics.events.unittest\bin\debug\net47\videoos.analytics.events.unittest.dll" id="5c9512e9-34bb-2740-f2ec-b4e42cf1ae80">
      <Execution id="e34c25c9-b357-4123-ab9e-5931365ca450" />
      <TestMethod codeBase="D:\actions-runner\_work\XPCO\XPCO\EventServer\AnalyticsEvents\Analytics\VideoOS.Analytics.Events.UnitTest\bin\Debug\net47\VideoOS.Analytics.Events.UnitTest.dll" adapterTypeName="executor://mstestadapter/v2" className="VideoOS.Analytics.Events.UnitTest.Server.TestAlarmManager" name="TestHandleRequest_EmptyXmlDocument" />
    </UnitTest>
    <UnitTest name="GetRelatedTest" storage="d:\actions-runner\_work\xpco\xpco\eventserver\analyticsevents\analytics\videoos.analytics.events.unittest\bin\debug\net47\videoos.analytics.events.unittest.dll" id="5bb918da-47e7-5c1a-e3d8-ff16da5a0e69">
      <Execution id="b8719c1c-6654-4a35-be62-53a9b4241da9" />
      <TestMethod codeBase="D:\actions-runner\_work\XPCO\XPCO\EventServer\AnalyticsEvents\Analytics\VideoOS.Analytics.Events.UnitTest\bin\Debug\net47\VideoOS.Analytics.Events.UnitTest.dll" adapterTypeName="executor://mstestadapter/v2" className="VideoOS.Analytics.Events.UnitTest.Admin.TestBaseItem" name="GetRelatedTest" />
    </UnitTest>
    <UnitTest name="TestGetHostId_InvalidAddress" storage="d:\actions-runner\_work\xpco\xpco\eventserver\analyticsevents\analytics\videoos.analytics.events.unittest\bin\debug\net47\videoos.analytics.events.unittest.dll" id="02cdc341-fd2e-1dd9-b68a-fae5dd43f01e">
      <Execution id="29046616-53c4-4f4e-9177-dcb8662fd9c6" />
      <TestMethod codeBase="D:\actions-runner\_work\XPCO\XPCO\EventServer\AnalyticsEvents\Analytics\VideoOS.Analytics.Events.UnitTest\bin\Debug\net47\VideoOS.Analytics.Events.UnitTest.dll" adapterTypeName="executor://mstestadapter/v2" className="VideoOS.Analytics.Events.UnitTest.Server.DeviceManager.TestHostResolver" name="TestGetHostId_InvalidAddress" />
    </UnitTest>
    <UnitTest name="FQIDTest" storage="d:\actions-runner\_work\xpco\xpco\eventserver\analyticsevents\analytics\videoos.analytics.events.unittest\bin\debug\net47\videoos.analytics.events.unittest.dll" id="b0c0e2e8-4bec-9bb6-fe19-dbcc272a20c0">
      <Execution id="5c0ffa58-0d2a-4422-ba7f-26eb8d540e78" />
      <TestMethod codeBase="D:\actions-runner\_work\XPCO\XPCO\EventServer\AnalyticsEvents\Analytics\VideoOS.Analytics.Events.UnitTest\bin\Debug\net47\VideoOS.Analytics.Events.UnitTest.dll" adapterTypeName="executor://mstestadapter/v2" className="VideoOS.Analytics.Events.UnitTest.Admin.TestBaseItem" name="FQIDTest" />
    </UnitTest>
    <UnitTest name="TestGenerateDetailUserControl" storage="d:\actions-runner\_work\xpco\xpco\eventserver\analyticsevents\analytics\videoos.analytics.events.unittest\bin\debug\net47\videoos.analytics.events.unittest.dll" id="981861bf-c7ac-6490-46dc-0c6d8f66937e">
      <Execution id="af697d9b-3595-453f-a2c8-49427b447885" />
      <TestMethod codeBase="D:\actions-runner\_work\XPCO\XPCO\EventServer\AnalyticsEvents\Analytics\VideoOS.Analytics.Events.UnitTest\bin\Debug\net47\VideoOS.Analytics.Events.UnitTest.dll" adapterTypeName="executor://mstestadapter/v2" className="VideoOS.Analytics.Events.UnitTest.Admin.TestAnalyticsEventItemManager" name="TestGenerateDetailUserControl" />
    </UnitTest>
    <UnitTest name="TestUpdateGeneralSettings_WithNullHostLists" storage="d:\actions-runner\_work\xpco\xpco\eventserver\analyticsevents\analytics\videoos.analytics.events.unittest\bin\debug\net47\videoos.analytics.events.unittest.dll" id="4ecd30a4-7c75-aab4-a14e-72f24f4d1e8c">
      <Execution id="bf2024df-a428-4085-9140-1ce4ef310fcf" />
      <TestMethod codeBase="D:\actions-runner\_work\XPCO\XPCO\EventServer\AnalyticsEvents\Analytics\VideoOS.Analytics.Events.UnitTest\bin\Debug\net47\VideoOS.Analytics.Events.UnitTest.dll" adapterTypeName="executor://mstestadapter/v2" className="VideoOS.Analytics.Events.UnitTest.Background.TestServerSettingsManager" name="TestUpdateGeneralSettings_WithNullHostLists" />
    </UnitTest>
    <UnitTest name="TestAddItem_CurrentItemNull" storage="d:\actions-runner\_work\xpco\xpco\eventserver\analyticsevents\analytics\videoos.analytics.events.unittest\bin\debug\net47\videoos.analytics.events.unittest.dll" id="79f5dd3b-4ff2-5353-fcf8-69dee4b859a7">
      <Execution id="8e9f888b-edc5-4d46-b2e3-8e80dfc2ff08" />
      <TestMethod codeBase="D:\actions-runner\_work\XPCO\XPCO\EventServer\AnalyticsEvents\Analytics\VideoOS.Analytics.Events.UnitTest\bin\Debug\net47\VideoOS.Analytics.Events.UnitTest.dll" adapterTypeName="executor://mstestadapter/v2" className="VideoOS.Analytics.Events.UnitTest.Admin.TestAnalyticsEventItemManager" name="TestAddItem_CurrentItemNull" />
    </UnitTest>
    <UnitTest name="TestInit_EnvironmentTypeService" storage="d:\actions-runner\_work\xpco\xpco\eventserver\analyticsevents\analytics\videoos.analytics.events.unittest\bin\debug\net47\videoos.analytics.events.unittest.dll" id="0c6c505b-1503-5c73-545a-4fa831061f80">
      <Execution id="a7b555e1-370f-4b8c-8d63-a4b8f18e90d7" />
      <TestMethod codeBase="D:\actions-runner\_work\XPCO\XPCO\EventServer\AnalyticsEvents\Analytics\VideoOS.Analytics.Events.UnitTest\bin\Debug\net47\VideoOS.Analytics.Events.UnitTest.dll" adapterTypeName="executor://mstestadapter/v2" className="VideoOS.Analytics.Events.UnitTest.TestAnalyticsEventsDefinition" name="TestInit_EnvironmentTypeService" />
    </UnitTest>
    <UnitTest name="TestConstructor_Fqid" storage="d:\actions-runner\_work\xpco\xpco\eventserver\analyticsevents\analytics\videoos.analytics.events.unittest\bin\debug\net47\videoos.analytics.events.unittest.dll" id="cf814864-a528-d386-1d25-1deff1ff7e97">
      <Execution id="ae8c19b6-cb6c-4798-ace1-990fe2062ef0" />
      <TestMethod codeBase="D:\actions-runner\_work\XPCO\XPCO\EventServer\AnalyticsEvents\Analytics\VideoOS.Analytics.Events.UnitTest\bin\Debug\net47\VideoOS.Analytics.Events.UnitTest.dll" adapterTypeName="executor://mstestadapter/v2" className="VideoOS.Analytics.Events.UnitTest.Admin.TestGeneralSettingsItem" name="TestConstructor_Fqid" />
    </UnitTest>
    <UnitTest name="TestConstructor_Item" storage="d:\actions-runner\_work\xpco\xpco\eventserver\analyticsevents\analytics\videoos.analytics.events.unittest\bin\debug\net47\videoos.analytics.events.unittest.dll" id="1aa7d4ab-49e7-7d97-d8e8-a61b0082fdf6">
      <Execution id="ceb1aec3-c71b-4711-b7f2-e302cd112748" />
      <TestMethod codeBase="D:\actions-runner\_work\XPCO\XPCO\EventServer\AnalyticsEvents\Analytics\VideoOS.Analytics.Events.UnitTest\bin\Debug\net47\VideoOS.Analytics.Events.UnitTest.dll" adapterTypeName="executor://mstestadapter/v2" className="VideoOS.Analytics.Events.UnitTest.Admin.TestGeneralSettingsItem" name="TestConstructor_Item" />
    </UnitTest>
    <UnitTest name="TestFillSourceNullSettings" storage="d:\actions-runner\_work\xpco\xpco\eventserver\analyticsevents\analytics\videoos.analytics.events.unittest\bin\debug\net47\videoos.analytics.events.unittest.dll" id="e196541a-5ccd-1a8b-b6d6-53755d8c6405">
      <Execution id="8d266622-d1b3-42ba-ba87-2b07a36f3223" />
      <TestMethod codeBase="D:\actions-runner\_work\XPCO\XPCO\EventServer\AnalyticsEvents\Analytics\VideoOS.Analytics.Events.UnitTest\bin\Debug\net47\VideoOS.Analytics.Events.UnitTest.dll" adapterTypeName="executor://mstestadapter/v2" className="VideoOS.Analytics.Events.UnitTest.Server.TestAlertHandler" name="TestFillSourceNullSettings" />
    </UnitTest>
    <UnitTest name="TestParsePortVerifyFalse" storage="d:\actions-runner\_work\xpco\xpco\eventserver\analyticsevents\analytics\videoos.analytics.events.unittest\bin\debug\net47\videoos.analytics.events.unittest.dll" id="c95fbcc6-60bf-7584-ab63-e71788326f2e">
      <Execution id="424e0961-9cb2-4ecf-81a1-6872466a6140" />
      <TestMethod codeBase="D:\actions-runner\_work\XPCO\XPCO\EventServer\AnalyticsEvents\Analytics\VideoOS.Analytics.Events.UnitTest\bin\Debug\net47\VideoOS.Analytics.Events.UnitTest.dll" adapterTypeName="executor://mstestadapter/v2" className="VideoOS.Analytics.Events.UnitTest.Admin.TestUpgradeManager" name="TestParsePortVerifyFalse" />
    </UnitTest>
    <UnitTest name="TestPortWithNullGeneralSettings" storage="d:\actions-runner\_work\xpco\xpco\eventserver\analyticsevents\analytics\videoos.analytics.events.unittest\bin\debug\net47\videoos.analytics.events.unittest.dll" id="2fc205a8-e6a7-ea97-fa49-eacb1ecbbbdd">
      <Execution id="bf5a6297-562d-43ca-bacb-922ca8d09386" />
      <TestMethod codeBase="D:\actions-runner\_work\XPCO\XPCO\EventServer\AnalyticsEvents\Analytics\VideoOS.Analytics.Events.UnitTest\bin\Debug\net47\VideoOS.Analytics.Events.UnitTest.dll" adapterTypeName="executor://mstestadapter/v2" className="VideoOS.Analytics.Events.UnitTest.Background.TestServerSettingsManager" name="TestPortWithNullGeneralSettings" />
    </UnitTest>
    <UnitTest name="TestConstructor_NullItem" storage="d:\actions-runner\_work\xpco\xpco\eventserver\analyticsevents\analytics\videoos.analytics.events.unittest\bin\debug\net47\videoos.analytics.events.unittest.dll" id="00302533-927c-b26b-a80c-663005d27dff">
      <Execution id="ab264293-2de8-4e7f-aa16-4e2455543b1a" />
      <TestMethod codeBase="D:\actions-runner\_work\XPCO\XPCO\EventServer\AnalyticsEvents\Analytics\VideoOS.Analytics.Events.UnitTest\bin\Debug\net47\VideoOS.Analytics.Events.UnitTest.dll" adapterTypeName="executor://mstestadapter/v2" className="VideoOS.Analytics.Events.UnitTest.Admin.TestGeneralSettingsItem" name="TestConstructor_NullItem" />
    </UnitTest>
    <UnitTest name="TestCreateAlarmWithDocAlarm" storage="d:\actions-runner\_work\xpco\xpco\eventserver\analyticsevents\analytics\videoos.analytics.events.unittest\bin\debug\net47\videoos.analytics.events.unittest.dll" id="af2e23bf-6f85-e762-5c4f-1066523a98e3">
      <Execution id="e6972451-a1e4-4b57-b1b7-2aa2e9cd6773" />
      <TestMethod codeBase="D:\actions-runner\_work\XPCO\XPCO\EventServer\AnalyticsEvents\Analytics\VideoOS.Analytics.Events.UnitTest\bin\Debug\net47\VideoOS.Analytics.Events.UnitTest.dll" adapterTypeName="executor://mstestadapter/v2" className="VideoOS.Analytics.Events.UnitTest.Server.TestAlertHandler" name="TestCreateAlarmWithDocAlarm" />
    </UnitTest>
    <UnitTest name="TestIconXPE" storage="d:\actions-runner\_work\xpco\xpco\eventserver\analyticsevents\analytics\videoos.analytics.events.unittest\bin\debug\net47\videoos.analytics.events.unittest.dll" id="46067b7a-93a4-dc70-ca0f-14d83f925057">
      <Execution id="4a0ce4f2-accc-4dd6-8771-42911896b64f" />
      <TestMethod codeBase="D:\actions-runner\_work\XPCO\XPCO\EventServer\AnalyticsEvents\Analytics\VideoOS.Analytics.Events.UnitTest\bin\Debug\net47\VideoOS.Analytics.Events.UnitTest.dll" adapterTypeName="executor://mstestadapter/v2" className="VideoOS.Analytics.Events.UnitTest.TestAnalyticsEventsDefinition" name="TestIconXPE" />
    </UnitTest>
    <UnitTest name="TestFillSourceWithHostnameBadNamespace" storage="d:\actions-runner\_work\xpco\xpco\eventserver\analyticsevents\analytics\videoos.analytics.events.unittest\bin\debug\net47\videoos.analytics.events.unittest.dll" id="d3bfeaeb-1a3b-43da-24c5-e9eba90b4a46">
      <Execution id="2307f310-af87-401a-97d3-c8a514f994d2" />
      <TestMethod codeBase="D:\actions-runner\_work\XPCO\XPCO\EventServer\AnalyticsEvents\Analytics\VideoOS.Analytics.Events.UnitTest\bin\Debug\net47\VideoOS.Analytics.Events.UnitTest.dll" adapterTypeName="executor://mstestadapter/v2" className="VideoOS.Analytics.Events.UnitTest.Server.TestAlertHandler" name="TestFillSourceWithHostnameBadNamespace" />
    </UnitTest>
    <UnitTest name="TestFillSourceWithHostnameUnKnownObjectHostName" storage="d:\actions-runner\_work\xpco\xpco\eventserver\analyticsevents\analytics\videoos.analytics.events.unittest\bin\debug\net47\videoos.analytics.events.unittest.dll" id="5638c06b-fc91-8fe5-3b9c-97c51bf7f5f4">
      <Execution id="9a5e75d4-111f-4a88-833b-c3140f771deb" />
      <TestMethod codeBase="D:\actions-runner\_work\XPCO\XPCO\EventServer\AnalyticsEvents\Analytics\VideoOS.Analytics.Events.UnitTest\bin\Debug\net47\VideoOS.Analytics.Events.UnitTest.dll" adapterTypeName="executor://mstestadapter/v2" className="VideoOS.Analytics.Events.UnitTest.Server.TestAlertHandler" name="TestFillSourceWithHostnameUnKnownObjectHostName" />
    </UnitTest>
    <UnitTest name="TestConstructor_Default" storage="d:\actions-runner\_work\xpco\xpco\eventserver\analyticsevents\analytics\videoos.analytics.events.unittest\bin\debug\net47\videoos.analytics.events.unittest.dll" id="6b054722-45c8-9e6e-8d3c-63fdf3adf029">
      <Execution id="8339bba5-0564-4ff7-90cd-db9768b614e7" />
      <TestMethod codeBase="D:\actions-runner\_work\XPCO\XPCO\EventServer\AnalyticsEvents\Analytics\VideoOS.Analytics.Events.UnitTest\bin\Debug\net47\VideoOS.Analytics.Events.UnitTest.dll" adapterTypeName="executor://mstestadapter/v2" className="VideoOS.Analytics.Events.UnitTest.Admin.TestBaseItem" name="TestConstructor_Default" />
    </UnitTest>
    <UnitTest name="TestHandleRequestWithHtmlHeaderNoContentLength" storage="d:\actions-runner\_work\xpco\xpco\eventserver\analyticsevents\analytics\videoos.analytics.events.unittest\bin\debug\net47\videoos.analytics.events.unittest.dll" id="bd91e862-6095-d3cc-c742-6c3d0f66b903">
      <Execution id="31267921-ecfd-4d9c-8ff2-690f83a881d7" />
      <TestMethod codeBase="D:\actions-runner\_work\XPCO\XPCO\EventServer\AnalyticsEvents\Analytics\VideoOS.Analytics.Events.UnitTest\bin\Debug\net47\VideoOS.Analytics.Events.UnitTest.dll" adapterTypeName="executor://mstestadapter/v2" className="VideoOS.Analytics.Events.UnitTest.Server.TestAlarmManager" name="TestHandleRequestWithHtmlHeaderNoContentLength" />
    </UnitTest>
    <UnitTest name="TestReleaseUserControl" storage="d:\actions-runner\_work\xpco\xpco\eventserver\analyticsevents\analytics\videoos.analytics.events.unittest\bin\debug\net47\videoos.analytics.events.unittest.dll" id="686d7c4f-8f39-a5b6-2de0-88812e31a77c">
      <Execution id="3aa2665f-edc1-46ba-b3f7-813d0952e0f7" />
      <TestMethod codeBase="D:\actions-runner\_work\XPCO\XPCO\EventServer\AnalyticsEvents\Analytics\VideoOS.Analytics.Events.UnitTest\bin\Debug\net47\VideoOS.Analytics.Events.UnitTest.dll" adapterTypeName="executor://mstestadapter/v2" className="VideoOS.Analytics.Events.UnitTest.Admin.TestAnalyticsEventItemManager" name="TestReleaseUserControl" />
    </UnitTest>
    <UnitTest name="TestSetGetPropertyBool" storage="d:\actions-runner\_work\xpco\xpco\eventserver\analyticsevents\analytics\videoos.analytics.events.unittest\bin\debug\net47\videoos.analytics.events.unittest.dll" id="841fe5ff-0900-4d55-e645-bce62c676997">
      <Execution id="13841ceb-a250-4a09-8edd-76dd8658a41a" />
      <TestMethod codeBase="D:\actions-runner\_work\XPCO\XPCO\EventServer\AnalyticsEvents\Analytics\VideoOS.Analytics.Events.UnitTest\bin\Debug\net47\VideoOS.Analytics.Events.UnitTest.dll" adapterTypeName="executor://mstestadapter/v2" className="VideoOS.Analytics.Events.UnitTest.Admin.TestBaseItem" name="TestSetGetPropertyBool" />
    </UnitTest>
    <UnitTest name="TestClearItemCache" storage="d:\actions-runner\_work\xpco\xpco\eventserver\analyticsevents\analytics\videoos.analytics.events.unittest\bin\debug\net47\videoos.analytics.events.unittest.dll" id="38413246-5ad1-3549-ea9f-b7c6d2069358">
      <Execution id="db2b139f-0d82-47e9-86e1-8f82b9ea3452" />
      <TestMethod codeBase="D:\actions-runner\_work\XPCO\XPCO\EventServer\AnalyticsEvents\Analytics\VideoOS.Analytics.Events.UnitTest\bin\Debug\net47\VideoOS.Analytics.Events.UnitTest.dll" adapterTypeName="executor://mstestadapter/v2" className="VideoOS.Analytics.Events.UnitTest.Admin.TestAnalyticsEventItemManager" name="TestClearItemCache" />
    </UnitTest>
    <UnitTest name="TestSecurityEnabled" storage="d:\actions-runner\_work\xpco\xpco\eventserver\analyticsevents\analytics\videoos.analytics.events.unittest\bin\debug\net47\videoos.analytics.events.unittest.dll" id="4d74893e-15b9-b4c5-e7ae-f35297b66291">
      <Execution id="550cb251-8814-4a2d-a3ed-4c2db8f09b56" />
      <TestMethod codeBase="D:\actions-runner\_work\XPCO\XPCO\EventServer\AnalyticsEvents\Analytics\VideoOS.Analytics.Events.UnitTest\bin\Debug\net47\VideoOS.Analytics.Events.UnitTest.dll" adapterTypeName="executor://mstestadapter/v2" className="VideoOS.Analytics.Events.UnitTest.Admin.TestGeneralSettingsItem" name="TestSecurityEnabled" />
    </UnitTest>
    <UnitTest name="TestInit_EnvironmentTypeAdministrationXPCO" storage="d:\actions-runner\_work\xpco\xpco\eventserver\analyticsevents\analytics\videoos.analytics.events.unittest\bin\debug\net47\videoos.analytics.events.unittest.dll" id="b16a4a3d-2b3f-821d-5dc4-48588bb937be">
      <Execution id="61e987e4-60d3-4d58-b5fc-fb437c812074" />
      <TestMethod codeBase="D:\actions-runner\_work\XPCO\XPCO\EventServer\AnalyticsEvents\Analytics\VideoOS.Analytics.Events.UnitTest\bin\Debug\net47\VideoOS.Analytics.Events.UnitTest.dll" adapterTypeName="executor://mstestadapter/v2" className="VideoOS.Analytics.Events.UnitTest.TestAnalyticsEventsDefinition" name="TestInit_EnvironmentTypeAdministrationXPCO" />
    </UnitTest>
    <UnitTest name="TestConstructor" storage="d:\actions-runner\_work\xpco\xpco\eventserver\analyticsevents\analytics\videoos.analytics.events.unittest\bin\debug\net47\videoos.analytics.events.unittest.dll" id="51ff0f82-28f1-a278-d306-5c10e7fd8df5">
      <Execution id="85cd176c-e2d9-415c-ab12-951e3f8ff29e" />
      <TestMethod codeBase="D:\actions-runner\_work\XPCO\XPCO\EventServer\AnalyticsEvents\Analytics\VideoOS.Analytics.Events.UnitTest\bin\Debug\net47\VideoOS.Analytics.Events.UnitTest.dll" adapterTypeName="executor://mstestadapter/v2" className="VideoOS.Analytics.Events.UnitTest.TestAnalyticsEventsDefinition" name="TestConstructor" />
    </UnitTest>
    <UnitTest name="TestRefresh" storage="d:\actions-runner\_work\xpco\xpco\eventserver\analyticsevents\analytics\videoos.analytics.events.unittest\bin\debug\net47\videoos.analytics.events.unittest.dll" id="31cce2b4-72a9-4fb4-c866-621620e531af">
      <Execution id="b44edd39-dfca-4d5f-9427-c97e26f94b6e" />
      <TestMethod codeBase="D:\actions-runner\_work\XPCO\XPCO\EventServer\AnalyticsEvents\Analytics\VideoOS.Analytics.Events.UnitTest\bin\Debug\net47\VideoOS.Analytics.Events.UnitTest.dll" adapterTypeName="executor://mstestadapter/v2" className="VideoOS.Analytics.Events.UnitTest.Server.DeviceManager.TestDeviceManagerXPCO" name="TestRefresh" />
    </UnitTest>
    <UnitTest name="TestLookup" storage="d:\actions-runner\_work\xpco\xpco\eventserver\analyticsevents\analytics\videoos.analytics.events.unittest\bin\debug\net47\videoos.analytics.events.unittest.dll" id="743c2ecd-f639-e21d-670f-8916e5300c80">
      <Execution id="3ebedba8-3944-453a-b02e-fd717ddaca92" />
      <TestMethod codeBase="D:\actions-runner\_work\XPCO\XPCO\EventServer\AnalyticsEvents\Analytics\VideoOS.Analytics.Events.UnitTest\bin\Debug\net47\VideoOS.Analytics.Events.UnitTest.dll" adapterTypeName="executor://mstestadapter/v2" className="VideoOS.Analytics.Events.UnitTest.Server.DeviceManager.TestDeviceManagerXPCO" name="TestLookup" />
    </UnitTest>
    <UnitTest name="TestEventMessageEmptyDoc" storage="d:\actions-runner\_work\xpco\xpco\eventserver\analyticsevents\analytics\videoos.analytics.events.unittest\bin\debug\net47\videoos.analytics.events.unittest.dll" id="ff36a600-e44e-31f5-1388-bc0191016f88">
      <Execution id="417a8859-1774-475a-a829-0f942d5ed71f" />
      <TestMethod codeBase="D:\actions-runner\_work\XPCO\XPCO\EventServer\AnalyticsEvents\Analytics\VideoOS.Analytics.Events.UnitTest\bin\Debug\net47\VideoOS.Analytics.Events.UnitTest.dll" adapterTypeName="executor://mstestadapter/v2" className="VideoOS.Analytics.Events.UnitTest.Server.TestAnalyticsEventHandler" name="TestEventMessageEmptyDoc" />
    </UnitTest>
    <UnitTest name="TestEventMessageWithMessage" storage="d:\actions-runner\_work\xpco\xpco\eventserver\analyticsevents\analytics\videoos.analytics.events.unittest\bin\debug\net47\videoos.analytics.events.unittest.dll" id="68a8cd2d-36bf-4bca-0c56-40dace703178">
      <Execution id="703614f1-94d1-488b-b13a-68ad7da9aa72" />
      <TestMethod codeBase="D:\actions-runner\_work\XPCO\XPCO\EventServer\AnalyticsEvents\Analytics\VideoOS.Analytics.Events.UnitTest\bin\Debug\net47\VideoOS.Analytics.Events.UnitTest.dll" adapterTypeName="executor://mstestadapter/v2" className="VideoOS.Analytics.Events.UnitTest.Server.TestAnalyticsEventHandler" name="TestEventMessageWithMessage" />
    </UnitTest>
    <UnitTest name="TestName_EnvironmentTypeAdministration" storage="d:\actions-runner\_work\xpco\xpco\eventserver\analyticsevents\analytics\videoos.analytics.events.unittest\bin\debug\net47\videoos.analytics.events.unittest.dll" id="3512d7b6-2329-1b33-d161-bf892df12629">
      <Execution id="a4632ebb-6eae-4f2b-b2b6-eb82d1641374" />
      <TestMethod codeBase="D:\actions-runner\_work\XPCO\XPCO\EventServer\AnalyticsEvents\Analytics\VideoOS.Analytics.Events.UnitTest\bin\Debug\net47\VideoOS.Analytics.Events.UnitTest.dll" adapterTypeName="executor://mstestadapter/v2" className="VideoOS.Analytics.Events.UnitTest.Admin.TestGeneralSettingsItem" name="TestName_EnvironmentTypeAdministration" />
    </UnitTest>
    <UnitTest name="TestConstructor_Item" storage="d:\actions-runner\_work\xpco\xpco\eventserver\analyticsevents\analytics\videoos.analytics.events.unittest\bin\debug\net47\videoos.analytics.events.unittest.dll" id="0cb0f32d-d4ea-feeb-540c-a349a62ff73c">
      <Execution id="3305942d-3343-40fd-9ca1-3f21892813cf" />
      <TestMethod codeBase="D:\actions-runner\_work\XPCO\XPCO\EventServer\AnalyticsEvents\Analytics\VideoOS.Analytics.Events.UnitTest\bin\Debug\net47\VideoOS.Analytics.Events.UnitTest.dll" adapterTypeName="executor://mstestadapter/v2" className="VideoOS.Analytics.Events.UnitTest.Admin.TestAnalyticsEventItem" name="TestConstructor_Item" />
    </UnitTest>
    <UnitTest name="AuthorizationTest" storage="d:\actions-runner\_work\xpco\xpco\eventserver\analyticsevents\analytics\videoos.analytics.events.unittest\bin\debug\net47\videoos.analytics.events.unittest.dll" id="f7fbee19-d8be-dc7f-b5a7-a6fe13663b85">
      <Execution id="b690a73a-75e6-4b2f-978e-5936866fad0e" />
      <TestMethod codeBase="D:\actions-runner\_work\XPCO\XPCO\EventServer\AnalyticsEvents\Analytics\VideoOS.Analytics.Events.UnitTest\bin\Debug\net47\VideoOS.Analytics.Events.UnitTest.dll" adapterTypeName="executor://mstestadapter/v2" className="VideoOS.Analytics.Events.UnitTest.Admin.TestBaseItem" name="AuthorizationTest" />
    </UnitTest>
    <UnitTest name="TestClearUserControl" storage="d:\actions-runner\_work\xpco\xpco\eventserver\analyticsevents\analytics\videoos.analytics.events.unittest\bin\debug\net47\videoos.analytics.events.unittest.dll" id="1297a481-9abd-22eb-92c2-48db178746b8">
      <Execution id="30b62a7e-eb69-4c6e-967d-e71fb0b52dd4" />
      <TestMethod codeBase="D:\actions-runner\_work\XPCO\XPCO\EventServer\AnalyticsEvents\Analytics\VideoOS.Analytics.Events.UnitTest\bin\Debug\net47\VideoOS.Analytics.Events.UnitTest.dll" adapterTypeName="executor://mstestadapter/v2" className="VideoOS.Analytics.Events.UnitTest.Admin.TestAnalyticsEventItemManager" name="TestClearUserControl" />
    </UnitTest>
    <UnitTest name="TestHandleRequest_WithNull" storage="d:\actions-runner\_work\xpco\xpco\eventserver\analyticsevents\analytics\videoos.analytics.events.unittest\bin\debug\net47\videoos.analytics.events.unittest.dll" id="68779042-a3b8-4fb0-7858-ad695df6c209">
      <Execution id="420b63c7-ee9f-4a32-bed7-6787a3adbca7" />
      <TestMethod codeBase="D:\actions-runner\_work\XPCO\XPCO\EventServer\AnalyticsEvents\Analytics\VideoOS.Analytics.Events.UnitTest\bin\Debug\net47\VideoOS.Analytics.Events.UnitTest.dll" adapterTypeName="executor://mstestadapter/v2" className="VideoOS.Analytics.Events.UnitTest.Server.TestAlarmManager" name="TestHandleRequest_WithNull" />
    </UnitTest>
  </TestDefinitions>
  <TestEntries>
    <TestEntry testId="dd7a7279-0902-784a-61c3-66b04a3e6973" executionId="482ffe52-59eb-439a-b58a-af16f26e219e" testListId="8c84fa94-04c1-424b-9868-57a2d4851a1d" />
    <TestEntry testId="e3924598-2b02-3c0d-3ded-5283ec87996e" executionId="f935fb8c-2303-4489-95d2-3d42744f8142" testListId="8c84fa94-04c1-424b-9868-57a2d4851a1d" />
    <TestEntry testId="686d7c4f-8f39-a5b6-2de0-88812e31a77c" executionId="3aa2665f-edc1-46ba-b3f7-813d0952e0f7" testListId="8c84fa94-04c1-424b-9868-57a2d4851a1d" />
    <TestEntry testId="bbce43df-f93d-45cf-2ace-1d54d228ecf3" executionId="77bcbf39-6919-4fad-8225-f168bf5ec2b8" testListId="8c84fa94-04c1-424b-9868-57a2d4851a1d" />
    <TestEntry testId="b0c0e2e8-4bec-9bb6-fe19-dbcc272a20c0" executionId="5c0ffa58-0d2a-4422-ba7f-26eb8d540e78" testListId="8c84fa94-04c1-424b-9868-57a2d4851a1d" />
    <TestEntry testId="26a8eab7-f707-d623-7dae-cdddc206df2a" executionId="975974fb-6b98-4fe8-beb6-6d5bc47fa28e" testListId="8c84fa94-04c1-424b-9868-57a2d4851a1d" />
    <TestEntry testId="08b1e8de-fe51-fd69-facc-4b295119de73" executionId="ea80ae61-b2c0-4ef4-b29f-491218dfbf69" testListId="8c84fa94-04c1-424b-9868-57a2d4851a1d" />
    <TestEntry testId="17db969d-d87f-c30b-99c3-955b87ea9c30" executionId="99dc4055-1fe5-45b9-8edb-74a743c09a65" testListId="8c84fa94-04c1-424b-9868-57a2d4851a1d" />
    <TestEntry testId="b52aa5c9-a2c8-d057-06e9-51544488ee66" executionId="f74389e3-dfed-42b7-8c31-1957129af741" testListId="8c84fa94-04c1-424b-9868-57a2d4851a1d" />
    <TestEntry testId="8a29bf81-9fef-9e07-210f-123e55fcfd89" executionId="3d715315-60f8-4e61-a33d-a977a867ac2e" testListId="8c84fa94-04c1-424b-9868-57a2d4851a1d" />
    <TestEntry testId="a7859604-ea04-7f95-d870-edfc83710f38" executionId="6e5af284-6a8e-4dfd-af4c-73b5df6df1e1" testListId="8c84fa94-04c1-424b-9868-57a2d4851a1d" />
    <TestEntry testId="fdd4396d-853a-b81c-99e8-330fa750b5bb" executionId="cc72c501-a4d4-4547-8ceb-5a0fc3032101" testListId="8c84fa94-04c1-424b-9868-57a2d4851a1d" />
    <TestEntry testId="5f632cc3-c55f-e00d-0b2d-7a6b37f4f2cc" executionId="db765bca-ee4e-457c-9a7c-449785d602f1" testListId="8c84fa94-04c1-424b-9868-57a2d4851a1d" />
    <TestEntry testId="c5401e31-592e-1ba8-aba9-0d1fd119b7e1" executionId="27a1f813-f7b3-46e7-87dd-e24a576646ac" testListId="8c84fa94-04c1-424b-9868-57a2d4851a1d" />
    <TestEntry testId="38413246-5ad1-3549-ea9f-b7c6d2069358" executionId="db2b139f-0d82-47e9-86e1-8f82b9ea3452" testListId="8c84fa94-04c1-424b-9868-57a2d4851a1d" />
    <TestEntry testId="b862d426-c600-5c47-8f41-2977c5ca4183" executionId="9f41e22f-0a5d-443b-b543-21cd3d3a1c9b" testListId="8c84fa94-04c1-424b-9868-57a2d4851a1d" />
    <TestEntry testId="76d38649-39be-7a04-7bd4-089305eebdba" executionId="e1dbf7e7-3d0e-4f9e-9d73-039c8fd74151" testListId="8c84fa94-04c1-424b-9868-57a2d4851a1d" />
    <TestEntry testId="31cce2b4-72a9-4fb4-c866-621620e531af" executionId="b44edd39-dfca-4d5f-9427-c97e26f94b6e" testListId="8c84fa94-04c1-424b-9868-57a2d4851a1d" />
    <TestEntry testId="efc5d867-df5e-912a-bc72-f46e1586a7aa" executionId="12cd522c-7d82-4387-b02f-a884e3d5d113" testListId="8c84fa94-04c1-424b-9868-57a2d4851a1d" />
    <TestEntry testId="50625ba9-518b-406d-4a76-a7b2a89ccf69" executionId="ac9d1be5-b69c-4266-b6cd-6b09944dcd1f" testListId="8c84fa94-04c1-424b-9868-57a2d4851a1d" />
    <TestEntry testId="fa894b57-d91a-00c2-a775-6080e58f2a84" executionId="e7777353-b7ca-40e2-a37c-b9c9139ae72f" testListId="8c84fa94-04c1-424b-9868-57a2d4851a1d" />
    <TestEntry testId="68779042-a3b8-4fb0-7858-ad695df6c209" executionId="420b63c7-ee9f-4a32-bed7-6787a3adbca7" testListId="8c84fa94-04c1-424b-9868-57a2d4851a1d" />
    <TestEntry testId="0d1be572-dfc1-41df-e415-32bb6da31f80" executionId="4c731fc3-51d1-4116-8358-cd6662f533b8" testListId="8c84fa94-04c1-424b-9868-57a2d4851a1d" />
    <TestEntry testId="0cb0f32d-d4ea-feeb-540c-a349a62ff73c" executionId="3305942d-3343-40fd-9ca1-3f21892813cf" testListId="8c84fa94-04c1-424b-9868-57a2d4851a1d" />
    <TestEntry testId="222b0508-9017-2a52-0b58-ecc9b98fe182" executionId="8729462f-0864-4228-bab3-4d6622d32f0a" testListId="8c84fa94-04c1-424b-9868-57a2d4851a1d" />
    <TestEntry testId="57ba51e2-0449-69a0-a0fe-95177de0540e" executionId="0a1b03f8-1f0d-487e-878d-3ee7edd0c0dc" testListId="8c84fa94-04c1-424b-9868-57a2d4851a1d" />
    <TestEntry testId="5c9512e9-34bb-2740-f2ec-b4e42cf1ae80" executionId="e34c25c9-b357-4123-ab9e-5931365ca450" testListId="8c84fa94-04c1-424b-9868-57a2d4851a1d" />
    <TestEntry testId="9ee2b58d-4d5c-216b-cc4e-e3eef1a00c60" executionId="bce06800-3c64-468d-88dd-5af760d4d82e" testListId="8c84fa94-04c1-424b-9868-57a2d4851a1d" />
    <TestEntry testId="90b2fab1-e505-89b4-8d22-0f91e5cbb36f" executionId="a64b90e5-26bc-4fec-be6d-6a791c1b51de" testListId="8c84fa94-04c1-424b-9868-57a2d4851a1d" />
    <TestEntry testId="e79c1d31-afdf-0db0-a7ad-68a989a60397" executionId="3102bf72-6f58-4672-bc17-b65da32f7185" testListId="8c84fa94-04c1-424b-9868-57a2d4851a1d" />
    <TestEntry testId="c566cc1a-656a-1860-d810-4b5783079e77" executionId="83b1f4f3-797b-4a1f-9466-5620eaa5ccc8" testListId="8c84fa94-04c1-424b-9868-57a2d4851a1d" />
    <TestEntry testId="90b38ef5-7f35-adf3-35d2-2634eba1d9c4" executionId="25acc6da-9ee8-474f-a911-12d75a7f7f7a" testListId="8c84fa94-04c1-424b-9868-57a2d4851a1d" />
    <TestEntry testId="4549307d-5f6e-9ca5-5eaa-26f0964dc3ad" executionId="6fac6181-b9d0-4139-9388-4b7b6274f338" testListId="8c84fa94-04c1-424b-9868-57a2d4851a1d" />
    <TestEntry testId="4da41ae4-d604-de77-b100-b9c11152b5e2" executionId="c0de692b-acc3-49c1-9937-f2901c8b50b2" testListId="8c84fa94-04c1-424b-9868-57a2d4851a1d" />
    <TestEntry testId="4ecd30a4-7c75-aab4-a14e-72f24f4d1e8c" executionId="bf2024df-a428-4085-9140-1ce4ef310fcf" testListId="8c84fa94-04c1-424b-9868-57a2d4851a1d" />
    <TestEntry testId="ec122c3d-bcfd-c916-9ebf-f4a883bae46c" executionId="58b67d7b-adf1-43f0-b878-d6a7774b8a3d" testListId="8c84fa94-04c1-424b-9868-57a2d4851a1d" />
    <TestEntry testId="5204a0ac-cbad-5934-acff-c0d5470991c7" executionId="46d7aa90-7766-451f-8e2f-4c32cdc03d59" testListId="8c84fa94-04c1-424b-9868-57a2d4851a1d" />
    <TestEntry testId="7064fc9a-517a-334d-157c-bf9e70136218" executionId="fb4d5954-c82d-4fa3-a802-53d88b2dd9da" testListId="8c84fa94-04c1-424b-9868-57a2d4851a1d" />
    <TestEntry testId="bbb437a5-b175-785f-1346-4ed03a24180a" executionId="a68b2767-52ca-4e76-a75f-64e39a58cddb" testListId="8c84fa94-04c1-424b-9868-57a2d4851a1d" />
    <TestEntry testId="f6178929-bcf4-1d49-8082-bab963293513" executionId="2a7d1183-2f19-4388-af1a-cd671c8c9426" testListId="8c84fa94-04c1-424b-9868-57a2d4851a1d" />
    <TestEntry testId="1c6d0dbe-e217-4906-723c-0ebe81b93891" executionId="f902979b-f45a-4326-b3c9-0339986a3e66" testListId="8c84fa94-04c1-424b-9868-57a2d4851a1d" />
    <TestEntry testId="fc2632b1-ab30-aefb-f26f-0a08ac51e247" executionId="873da7ba-443c-48bf-9c5f-16e9a53c26d1" testListId="8c84fa94-04c1-424b-9868-57a2d4851a1d" />
    <TestEntry testId="c639412f-a0bd-529f-42ba-db88d5ddb219" executionId="08cefa04-625a-4aae-858e-e741d07e1e84" testListId="8c84fa94-04c1-424b-9868-57a2d4851a1d" />
    <TestEntry testId="68e40d93-f104-d573-b78b-f374bb89bda8" executionId="2bbb110b-6e54-4410-8dd2-b3e4c897a830" testListId="8c84fa94-04c1-424b-9868-57a2d4851a1d" />
    <TestEntry testId="02cdc341-fd2e-1dd9-b68a-fae5dd43f01e" executionId="29046616-53c4-4f4e-9177-dcb8662fd9c6" testListId="8c84fa94-04c1-424b-9868-57a2d4851a1d" />
    <TestEntry testId="00302533-927c-b26b-a80c-663005d27dff" executionId="ab264293-2de8-4e7f-aa16-4e2455543b1a" testListId="8c84fa94-04c1-424b-9868-57a2d4851a1d" />
    <TestEntry testId="a8648a6e-c33a-0f32-a42d-3069cf24720a" executionId="6933e609-1dae-467b-a854-37befd152e41" testListId="8c84fa94-04c1-424b-9868-57a2d4851a1d" />
    <TestEntry testId="1da33fd1-0d34-076c-43d9-5cd0bf955642" executionId="9b750f6e-86e2-4a4a-81fb-8d742d604d97" testListId="8c84fa94-04c1-424b-9868-57a2d4851a1d" />
    <TestEntry testId="3512d7b6-2329-1b33-d161-bf892df12629" executionId="a4632ebb-6eae-4f2b-b2b6-eb82d1641374" testListId="8c84fa94-04c1-424b-9868-57a2d4851a1d" />
    <TestEntry testId="4d74893e-15b9-b4c5-e7ae-f35297b66291" executionId="550cb251-8814-4a2d-a3ed-4c2db8f09b56" testListId="8c84fa94-04c1-424b-9868-57a2d4851a1d" />
    <TestEntry testId="ed499e1b-c474-96f6-0d03-6d7bc038a3ef" executionId="f1974dd7-68ce-404a-9a7d-9b54cfba3a48" testListId="8c84fa94-04c1-424b-9868-57a2d4851a1d" />
    <TestEntry testId="8d1e8272-2cd2-ba7e-b7f4-7e27c9fed687" executionId="12164a5e-826a-4a7b-ae3a-42e30b668281" testListId="8c84fa94-04c1-424b-9868-57a2d4851a1d" />
    <TestEntry testId="6ab9ac36-5046-c3dd-a85e-c9bd4387492b" executionId="cb4ffb7a-0f70-4e18-a2a9-dce1e775d59f" testListId="8c84fa94-04c1-424b-9868-57a2d4851a1d" />
    <TestEntry testId="8127989a-fbd0-a0c5-1a81-e49b19dbac67" executionId="0d7c0790-2e58-4617-b8d2-3265bc136327" testListId="8c84fa94-04c1-424b-9868-57a2d4851a1d" />
    <TestEntry testId="e94dd9f2-6af9-b55d-6b0d-fb0a01cd9cb5" executionId="62a0397f-2feb-4a1f-a5ed-cbbb5fec0877" testListId="8c84fa94-04c1-424b-9868-57a2d4851a1d" />
    <TestEntry testId="26dbaa56-14a2-678c-c2d3-7f31a1e8fb7b" executionId="290f4e18-2e0d-415f-82a9-c0007f234139" testListId="8c84fa94-04c1-424b-9868-57a2d4851a1d" />
    <TestEntry testId="4d731975-cd09-acda-c596-f16b07c2506e" executionId="86851451-f0e5-4b7d-9fa6-a0d2b6b647cc" testListId="8c84fa94-04c1-424b-9868-57a2d4851a1d" />
    <TestEntry testId="d298f1e0-c8a5-d75b-0ef3-b39c6d540a53" executionId="4ca3fdef-8dab-4936-acc2-cdd0fd8a4d4e" testListId="8c84fa94-04c1-424b-9868-57a2d4851a1d" />
    <TestEntry testId="fc879903-f736-1678-7270-b0ed29e81854" executionId="36d97420-e8e1-4ea6-85f5-6b3042a37491" testListId="8c84fa94-04c1-424b-9868-57a2d4851a1d" />
    <TestEntry testId="df9dc118-c047-13d8-3f6a-6e9b0c47b653" executionId="ec9a791b-0a22-4288-86d6-e7446bb6fc52" testListId="8c84fa94-04c1-424b-9868-57a2d4851a1d" />
    <TestEntry testId="e196541a-5ccd-1a8b-b6d6-53755d8c6405" executionId="8d266622-d1b3-42ba-ba87-2b07a36f3223" testListId="8c84fa94-04c1-424b-9868-57a2d4851a1d" />
    <TestEntry testId="6818ef04-62f8-9bf9-56c2-d4576a55c1c5" executionId="39e2f879-3f4a-4e99-bb5e-382864eaba8c" testListId="8c84fa94-04c1-424b-9868-57a2d4851a1d" />
    <TestEntry testId="8efb0e92-acc4-391a-1751-7ebb955524cb" executionId="50569312-4d05-41a8-8288-575d38c2973b" testListId="8c84fa94-04c1-424b-9868-57a2d4851a1d" />
    <TestEntry testId="30ec32a1-7325-a21c-c877-feeaff272be5" executionId="f093606a-bcba-47e7-ae6c-270e8c59b7f0" testListId="8c84fa94-04c1-424b-9868-57a2d4851a1d" />
    <TestEntry testId="133ef572-439d-71e3-79c5-0a4d2177cdc0" executionId="87c96f40-5be8-4c86-b12f-a19f49010fae" testListId="8c84fa94-04c1-424b-9868-57a2d4851a1d" />
    <TestEntry testId="63223206-c9ca-75eb-91a6-c490cf9d4852" executionId="baea6ddf-4cc4-49f2-afca-8b2b7f7d7a76" testListId="8c84fa94-04c1-424b-9868-57a2d4851a1d" />
    <TestEntry testId="b999c4ce-96be-37bf-70b4-d606de245c4b" executionId="0f706233-5240-4a88-af4f-178e8cdeeb4e" testListId="8c84fa94-04c1-424b-9868-57a2d4851a1d" />
    <TestEntry testId="9aaa339f-ddc0-e2f6-0559-7a18d4c9fb4c" executionId="35e4778a-1f3c-4508-8a57-11bfc09cf81f" testListId="8c84fa94-04c1-424b-9868-57a2d4851a1d" />
    <TestEntry testId="ca83f4bc-62f7-8824-4231-f38c650de7dd" executionId="a4b7f02c-5df6-430f-a5fa-436bea654778" testListId="8c84fa94-04c1-424b-9868-57a2d4851a1d" />
    <TestEntry testId="531745fb-1036-cd42-4937-8988531bfd55" executionId="3ef2dff4-63f3-4e0f-91b0-75d855cd1db8" testListId="8c84fa94-04c1-424b-9868-57a2d4851a1d" />
    <TestEntry testId="28842cb7-88ff-c6f7-6139-0d4e33aac9e3" executionId="c1770829-33f8-44a5-bfee-b8b63cf2ce3f" testListId="8c84fa94-04c1-424b-9868-57a2d4851a1d" />
    <TestEntry testId="dc5f1244-37a4-bde8-4e08-777c2a45fb49" executionId="84563162-654b-4611-ba00-a31d1292335a" testListId="8c84fa94-04c1-424b-9868-57a2d4851a1d" />
    <TestEntry testId="ad871a49-75b0-6181-9664-3bbea754d11e" executionId="6e950b49-a3ef-479e-a9b3-cdd12b5a4a95" testListId="8c84fa94-04c1-424b-9868-57a2d4851a1d" />
    <TestEntry testId="cd3490dd-e583-4a73-4a21-89dcff98c7f0" executionId="2e3eebac-8118-4a74-8960-e06c91c921f0" testListId="8c84fa94-04c1-424b-9868-57a2d4851a1d" />
    <TestEntry testId="16f9b650-9451-5818-79e2-4aeec5ecbcb9" executionId="edfd1db4-6daf-4cbc-9975-31d300495233" testListId="8c84fa94-04c1-424b-9868-57a2d4851a1d" />
    <TestEntry testId="e19ac113-2b0a-dae6-496b-4ca0bcf0772a" executionId="e4da4cc6-e2ed-4d70-9b02-d2a14d516fa1" testListId="8c84fa94-04c1-424b-9868-57a2d4851a1d" />
    <TestEntry testId="32df93b1-004b-6234-4277-add42c07082d" executionId="c02684e9-839d-4936-baef-e1b99f73d5fa" testListId="8c84fa94-04c1-424b-9868-57a2d4851a1d" />
    <TestEntry testId="fb82e5ab-b876-f3ec-f70e-ce0788714c64" executionId="392275cd-4816-41ee-abcf-ea55a1a2e000" testListId="8c84fa94-04c1-424b-9868-57a2d4851a1d" />
    <TestEntry testId="1ead987f-3093-f0cc-ecc1-54610695491a" executionId="bd001cbc-7a13-489c-96e1-25ef054e2740" testListId="8c84fa94-04c1-424b-9868-57a2d4851a1d" />
    <TestEntry testId="a1c40e98-6612-92d9-82e3-49a05418bdb8" executionId="dc94bc04-4b10-45d5-b94b-38c67754ac60" testListId="8c84fa94-04c1-424b-9868-57a2d4851a1d" />
    <TestEntry testId="55787fc9-b017-22c6-8621-e73e4dc6e94e" executionId="de114f2b-2b24-4801-a0f5-0b8aa45dcfb3" testListId="8c84fa94-04c1-424b-9868-57a2d4851a1d" />
    <TestEntry testId="8da37076-29a6-9454-f54e-2dd1707442fd" executionId="02aa44a8-f47d-490f-acf2-c62bf1116853" testListId="8c84fa94-04c1-424b-9868-57a2d4851a1d" />
    <TestEntry testId="64c3d46c-70e0-5802-8b79-0668fff83924" executionId="9517d49a-2a2d-428d-9d70-5a677f4aae46" testListId="8c84fa94-04c1-424b-9868-57a2d4851a1d" />
    <TestEntry testId="28c61743-69cc-da8e-f843-61961a6de37b" executionId="73178165-2163-4852-ab24-f85315984982" testListId="8c84fa94-04c1-424b-9868-57a2d4851a1d" />
    <TestEntry testId="bd91e862-6095-d3cc-c742-6c3d0f66b903" executionId="31267921-ecfd-4d9c-8ff2-690f83a881d7" testListId="8c84fa94-04c1-424b-9868-57a2d4851a1d" />
    <TestEntry testId="ff36a600-e44e-31f5-1388-bc0191016f88" executionId="417a8859-1774-475a-a829-0f942d5ed71f" testListId="8c84fa94-04c1-424b-9868-57a2d4851a1d" />
    <TestEntry testId="0ba330d1-5d72-214f-98d5-741bc5141b1f" executionId="70ceedef-1265-45cb-950b-064e30c6e918" testListId="8c84fa94-04c1-424b-9868-57a2d4851a1d" />
    <TestEntry testId="3cc755fb-5a66-6257-0e18-9696b64dfe93" executionId="79b3c315-583d-4caa-a8d2-f771314620e5" testListId="8c84fa94-04c1-424b-9868-57a2d4851a1d" />
    <TestEntry testId="9063848d-03b0-ccf0-45e2-db439660c51f" executionId="dd4e7c0f-4ccd-49f9-aac8-82fab66780fe" testListId="8c84fa94-04c1-424b-9868-57a2d4851a1d" />
    <TestEntry testId="063d0ec7-783f-7706-6c0b-9c29ba060dc1" executionId="973f7ea6-92c1-4f75-8c68-ca5d5afab378" testListId="8c84fa94-04c1-424b-9868-57a2d4851a1d" />
    <TestEntry testId="b2a3e303-8884-e726-1bd4-bb8bdda5ca04" executionId="254f5564-9ec8-4229-bfe7-c43abbcab2df" testListId="8c84fa94-04c1-424b-9868-57a2d4851a1d" />
    <TestEntry testId="cac92426-4fab-e7bd-c590-d4168bbdd988" executionId="d3af0dcd-3cef-4762-87c3-806940e08f4d" testListId="8c84fa94-04c1-424b-9868-57a2d4851a1d" />
    <TestEntry testId="6b054722-45c8-9e6e-8d3c-63fdf3adf029" executionId="8339bba5-0564-4ff7-90cd-db9768b614e7" testListId="8c84fa94-04c1-424b-9868-57a2d4851a1d" />
    <TestEntry testId="ca3f8549-8e65-13d1-59d4-6d74a5fa2453" executionId="b0d9a7a3-0ee2-49e8-9dde-9b1307750bef" testListId="8c84fa94-04c1-424b-9868-57a2d4851a1d" />
    <TestEntry testId="a797bbbd-fbc1-cdee-6d34-73069d6bb5e8" executionId="8f416f78-e8fa-445f-b728-16aa8670dfbc" testListId="8c84fa94-04c1-424b-9868-57a2d4851a1d" />
    <TestEntry testId="63eb29b2-a20a-4e3c-ee32-fac315e3f3da" executionId="324c81ab-9eac-4fb6-8db5-12b29f77d9fb" testListId="8c84fa94-04c1-424b-9868-57a2d4851a1d" />
    <TestEntry testId="c95fbcc6-60bf-7584-ab63-e71788326f2e" executionId="424e0961-9cb2-4ecf-81a1-6872466a6140" testListId="8c84fa94-04c1-424b-9868-57a2d4851a1d" />
    <TestEntry testId="4d4a5230-156e-d429-5e7e-49883d2c29f2" executionId="b8c28391-81ac-4f6e-91dc-fae421727cce" testListId="8c84fa94-04c1-424b-9868-57a2d4851a1d" />
    <TestEntry testId="1dddb1a4-febd-fefd-93eb-1bc509392e46" executionId="11a1de26-79aa-4d94-bd3f-0f143107ccca" testListId="8c84fa94-04c1-424b-9868-57a2d4851a1d" />
    <TestEntry testId="29f1dda2-2ce7-dfd2-c1cc-985082bb198b" executionId="b22f8694-1d25-47ba-bc7d-ec86c89a6936" testListId="8c84fa94-04c1-424b-9868-57a2d4851a1d" />
    <TestEntry testId="6f57a0ef-f3b0-892d-c2da-07b42eeff451" executionId="ee876151-3f7b-41d7-a86c-0007b6ae1dcb" testListId="8c84fa94-04c1-424b-9868-57a2d4851a1d" />
    <TestEntry testId="c55d3e05-9a16-affd-e564-dbe17acf2ec1" executionId="ea3d579a-30df-4391-ab1a-cf263e1f0bab" testListId="8c84fa94-04c1-424b-9868-57a2d4851a1d" />
    <TestEntry testId="7c111c6e-1816-2f70-18ff-30ffbb26ba59" executionId="0b229f5b-f2b6-40ab-bb9d-9b4dcf5f0313" testListId="8c84fa94-04c1-424b-9868-57a2d4851a1d" />
    <TestEntry testId="af2e23bf-6f85-e762-5c4f-1066523a98e3" executionId="e6972451-a1e4-4b57-b1b7-2aa2e9cd6773" testListId="8c84fa94-04c1-424b-9868-57a2d4851a1d" />
    <TestEntry testId="841fe5ff-0900-4d55-e645-bce62c676997" executionId="13841ceb-a250-4a09-8edd-76dd8658a41a" testListId="8c84fa94-04c1-424b-9868-57a2d4851a1d" />
    <TestEntry testId="54b320bc-66a9-ba72-4ef5-ee4a8489a59f" executionId="96104701-e7dc-4f2e-9eee-3d7e295ab844" testListId="8c84fa94-04c1-424b-9868-57a2d4851a1d" />
    <TestEntry testId="8fb4fc96-7d08-7c00-cb0d-a78d000649c8" executionId="1a404127-f781-4733-9dcc-e39888a9046a" testListId="8c84fa94-04c1-424b-9868-57a2d4851a1d" />
    <TestEntry testId="68a8cd2d-36bf-4bca-0c56-40dace703178" executionId="703614f1-94d1-488b-b13a-68ad7da9aa72" testListId="8c84fa94-04c1-424b-9868-57a2d4851a1d" />
    <TestEntry testId="5f27c56a-2336-ecc1-a299-39c7c2f53714" executionId="6741347d-35d1-4440-95a1-309bcb2d370a" testListId="8c84fa94-04c1-424b-9868-57a2d4851a1d" />
    <TestEntry testId="fc3323f7-5755-b5c1-4d9b-c74f626518db" executionId="cf317375-cb14-4a89-be11-9da40f114ca4" testListId="8c84fa94-04c1-424b-9868-57a2d4851a1d" />
    <TestEntry testId="d647d8dd-f04a-a2c2-cec5-80065b2d76ee" executionId="2fb0b71b-5554-4f9f-a7a5-8b8d181f30c9" testListId="8c84fa94-04c1-424b-9868-57a2d4851a1d" />
    <TestEntry testId="ba962835-2c69-82f8-2550-7b6bc36daedb" executionId="c1c6ceef-ce5f-490e-8b50-8e0dfdbcf3db" testListId="8c84fa94-04c1-424b-9868-57a2d4851a1d" />
    <TestEntry testId="0b6c05fd-d413-bc3a-3d24-b6744d2323a9" executionId="9aec2045-e26b-4968-b908-d53c9e0a8e30" testListId="8c84fa94-04c1-424b-9868-57a2d4851a1d" />
    <TestEntry testId="906a0490-2008-ab4a-3628-1824bc2d745b" executionId="0dde2bcd-2906-4716-a1d2-1d024ae0d0a3" testListId="8c84fa94-04c1-424b-9868-57a2d4851a1d" />
    <TestEntry testId="1f47e619-99a3-224a-4bdd-4d976819d575" executionId="686711b1-dc2f-4e62-8b69-4560211e9244" testListId="8c84fa94-04c1-424b-9868-57a2d4851a1d" />
    <TestEntry testId="c9fd1afa-e000-bceb-dcf6-c6bea7b48fed" executionId="018e0a31-e626-4a1e-9df4-83cdc3cbe532" testListId="8c84fa94-04c1-424b-9868-57a2d4851a1d" />
    <TestEntry testId="1297a481-9abd-22eb-92c2-48db178746b8" executionId="30b62a7e-eb69-4c6e-967d-e71fb0b52dd4" testListId="8c84fa94-04c1-424b-9868-57a2d4851a1d" />
    <TestEntry testId="f8d7b1a7-4785-3ace-7dbc-2dbc92759bd6" executionId="6c86afca-459f-4995-9c4a-d8026d491929" testListId="8c84fa94-04c1-424b-9868-57a2d4851a1d" />
    <TestEntry testId="7cc4d0b0-ebf8-1238-6c90-a328149d9647" executionId="c4678dbe-f138-44ea-bf25-7df1e3094561" testListId="8c84fa94-04c1-424b-9868-57a2d4851a1d" />
    <TestEntry testId="46067b7a-93a4-dc70-ca0f-14d83f925057" executionId="4a0ce4f2-accc-4dd6-8771-42911896b64f" testListId="8c84fa94-04c1-424b-9868-57a2d4851a1d" />
    <TestEntry testId="3ae18270-ca1f-a493-3494-1909b2cfe16b" executionId="25f2c5c7-4af7-4190-ba5d-56844de5abd2" testListId="8c84fa94-04c1-424b-9868-57a2d4851a1d" />
    <TestEntry testId="2594741e-44f5-7035-b04d-9de54da44bdc" executionId="adf09d0c-de51-454a-9fc5-8673fb33f3f9" testListId="8c84fa94-04c1-424b-9868-57a2d4851a1d" />
    <TestEntry testId="25d1efdb-35a3-79e5-ae72-87e7e8e2202e" executionId="e88c89e3-76e5-4a07-8012-e7443b3c1889" testListId="8c84fa94-04c1-424b-9868-57a2d4851a1d" />
    <TestEntry testId="743c2ecd-f639-e21d-670f-8916e5300c80" executionId="3ebedba8-3944-453a-b02e-fd717ddaca92" testListId="8c84fa94-04c1-424b-9868-57a2d4851a1d" />
    <TestEntry testId="1d2abe98-623e-b9eb-68ea-9dc55d7f52c4" executionId="24a158fb-93b2-4f0c-906e-1d52fe44b078" testListId="8c84fa94-04c1-424b-9868-57a2d4851a1d" />
    <TestEntry testId="ac6cb708-ccb6-1518-cf6e-2723d80211c1" executionId="518e62c5-b6eb-4c35-8b03-ba6ab63d9b70" testListId="8c84fa94-04c1-424b-9868-57a2d4851a1d" />
    <TestEntry testId="fd502182-599f-e866-86f4-980d05169f5e" executionId="fb3ae212-a206-439f-b232-7bee8d3a6a0c" testListId="8c84fa94-04c1-424b-9868-57a2d4851a1d" />
    <TestEntry testId="60e1b6a8-8777-ef74-c8a8-b070874bff10" executionId="5765fa58-2a8a-4c7b-9cfc-44306d3c5c63" testListId="8c84fa94-04c1-424b-9868-57a2d4851a1d" />
    <TestEntry testId="5638c06b-fc91-8fe5-3b9c-97c51bf7f5f4" executionId="9a5e75d4-111f-4a88-833b-c3140f771deb" testListId="8c84fa94-04c1-424b-9868-57a2d4851a1d" />
    <TestEntry testId="13bbd6c2-acb6-84fc-9250-7e899c4cba05" executionId="fe448172-df63-4af7-8505-024ec648e1bc" testListId="8c84fa94-04c1-424b-9868-57a2d4851a1d" />
    <TestEntry testId="2b84a2cd-763f-f900-99a9-5fdc0db16d50" executionId="49fcce7e-6f93-4178-b588-503259af0d73" testListId="8c84fa94-04c1-424b-9868-57a2d4851a1d" />
    <TestEntry testId="9c58c50f-7907-40f9-144e-464220f53b8f" executionId="97e681ea-8f14-47d8-9011-171fd2f1ca60" testListId="8c84fa94-04c1-424b-9868-57a2d4851a1d" />
    <TestEntry testId="630469e6-5013-75fa-87f3-a25157cae846" executionId="3845f406-d6f5-48d2-9a4b-02aba2c7a22b" testListId="8c84fa94-04c1-424b-9868-57a2d4851a1d" />
    <TestEntry testId="b840d203-6fe7-ed1d-0fc4-7c39f947fa26" executionId="d4048bab-8eae-4bc4-b823-8c3dd6191082" testListId="8c84fa94-04c1-424b-9868-57a2d4851a1d" />
    <TestEntry testId="aae93390-7014-1885-f1be-02208dc3d7d1" executionId="b8ec4749-3375-41ef-9a62-ccc75f711c23" testListId="8c84fa94-04c1-424b-9868-57a2d4851a1d" />
    <TestEntry testId="5bb918da-47e7-5c1a-e3d8-ff16da5a0e69" executionId="b8719c1c-6654-4a35-be62-53a9b4241da9" testListId="8c84fa94-04c1-424b-9868-57a2d4851a1d" />
    <TestEntry testId="70b8acfc-0f5d-15c1-74a7-35d8aa14bdfe" executionId="33358789-0dd5-4f7f-b779-31899e1839c8" testListId="8c84fa94-04c1-424b-9868-57a2d4851a1d" />
    <TestEntry testId="f2e13be8-d902-bf66-5ea2-e31071348282" executionId="3b8c1689-601a-41e7-9613-22e6ea23a7e3" testListId="8c84fa94-04c1-424b-9868-57a2d4851a1d" />
    <TestEntry testId="877067fa-965d-533c-ea7b-ad7f20848732" executionId="cf1041af-402b-4aa2-a6f4-26f9219ed85f" testListId="8c84fa94-04c1-424b-9868-57a2d4851a1d" />
    <TestEntry testId="83e33f49-3839-a8bb-cf05-b2992017da73" executionId="a3d37d9c-2862-49c5-a384-70e07913792a" testListId="8c84fa94-04c1-424b-9868-57a2d4851a1d" />
    <TestEntry testId="b16a4a3d-2b3f-821d-5dc4-48588bb937be" executionId="61e987e4-60d3-4d58-b5fc-fb437c812074" testListId="8c84fa94-04c1-424b-9868-57a2d4851a1d" />
    <TestEntry testId="79f5dd3b-4ff2-5353-fcf8-69dee4b859a7" executionId="8e9f888b-edc5-4d46-b2e3-8e80dfc2ff08" testListId="8c84fa94-04c1-424b-9868-57a2d4851a1d" />
    <TestEntry testId="0c6c505b-1503-5c73-545a-4fa831061f80" executionId="a7b555e1-370f-4b8c-8d63-a4b8f18e90d7" testListId="8c84fa94-04c1-424b-9868-57a2d4851a1d" />
    <TestEntry testId="35131e3d-2d9b-f0d6-21c3-4fd8cdb02156" executionId="1bd6062e-9114-43d2-b6a3-93e0a5f90c33" testListId="8c84fa94-04c1-424b-9868-57a2d4851a1d" />
    <TestEntry testId="bd54e1d8-be83-335d-1d3f-41d8659fc395" executionId="201e5b51-1ffe-4448-a1cf-070cdf57c148" testListId="8c84fa94-04c1-424b-9868-57a2d4851a1d" />
    <TestEntry testId="6523653e-e1f7-ec96-0b0e-f3f5fe1cf2cb" executionId="1f7a63c2-6366-4023-be68-fc1f1d19736c" testListId="8c84fa94-04c1-424b-9868-57a2d4851a1d" />
    <TestEntry testId="c89ce7a8-67b4-96a8-b86d-09b8d9f7b0a8" executionId="4b1d71b4-2d0b-4508-93f1-8d86a81e52e0" testListId="8c84fa94-04c1-424b-9868-57a2d4851a1d" />
    <TestEntry testId="a2183f2a-4982-f34a-fce3-120e25cf99f3" executionId="28727b4d-34ed-462b-8aa0-0f0eed1de13b" testListId="8c84fa94-04c1-424b-9868-57a2d4851a1d" />
    <TestEntry testId="8347fe57-68ef-a53b-1d15-3c16d4a16311" executionId="cbd7cd62-b4ef-4dca-b29a-bbf3d3a81cf4" testListId="8c84fa94-04c1-424b-9868-57a2d4851a1d" />
    <TestEntry testId="ecd23704-7e34-1aa5-e5f4-6bf6498c5500" executionId="04235267-822f-43bc-869e-f8d9bb29d4d4" testListId="8c84fa94-04c1-424b-9868-57a2d4851a1d" />
    <TestEntry testId="4ed3a2f1-0624-7989-5ea0-238e5318bc3b" executionId="201df0b7-5ba8-4c9e-92d9-d3dea4fc2566" testListId="8c84fa94-04c1-424b-9868-57a2d4851a1d" />
    <TestEntry testId="f7fbee19-d8be-dc7f-b5a7-a6fe13663b85" executionId="b690a73a-75e6-4b2f-978e-5936866fad0e" testListId="8c84fa94-04c1-424b-9868-57a2d4851a1d" />
    <TestEntry testId="32a3ae4a-eea8-d63c-2ef1-01c2e17b2641" executionId="f6b86f32-3fb6-44d2-9c0a-fa38ba58be3f" testListId="8c84fa94-04c1-424b-9868-57a2d4851a1d" />
    <TestEntry testId="b02adbca-d714-cd3d-4572-5d3913e8b0bd" executionId="cb726298-64cf-47d9-8637-1578582d130a" testListId="8c84fa94-04c1-424b-9868-57a2d4851a1d" />
    <TestEntry testId="e68743e5-ad11-acfb-dc47-3f1b3dcd5418" executionId="704b99dc-c3fb-49e1-8bec-3c0f4430c173" testListId="8c84fa94-04c1-424b-9868-57a2d4851a1d" />
    <TestEntry testId="9c143a4f-02b4-3c35-43f8-b0477627830a" executionId="60afb46e-e07d-43ec-bd7d-9ccac8986fa1" testListId="8c84fa94-04c1-424b-9868-57a2d4851a1d" />
    <TestEntry testId="282a0374-5529-ce12-d28c-f984243e5e6f" executionId="039472bf-af23-4542-b6f0-e9e5f29abf10" testListId="8c84fa94-04c1-424b-9868-57a2d4851a1d" />
    <TestEntry testId="981861bf-c7ac-6490-46dc-0c6d8f66937e" executionId="af697d9b-3595-453f-a2c8-49427b447885" testListId="8c84fa94-04c1-424b-9868-57a2d4851a1d" />
    <TestEntry testId="bcaa400c-0478-ab73-d586-3d87bc50dd81" executionId="917c1b7f-5a4a-4601-a153-10bb41fea038" testListId="8c84fa94-04c1-424b-9868-57a2d4851a1d" />
    <TestEntry testId="3683f627-21e2-2efc-596f-dff17db7a105" executionId="8156b1b5-2c29-4ac2-885b-bc04ace294bc" testListId="8c84fa94-04c1-424b-9868-57a2d4851a1d" />
    <TestEntry testId="2735212f-ff13-4b14-ad73-c122581defaa" executionId="fe042998-414f-42ff-8cd3-ffdc826b9b48" testListId="8c84fa94-04c1-424b-9868-57a2d4851a1d" />
    <TestEntry testId="933408fc-e0db-e224-b7f6-9701212f2028" executionId="ef9e389c-e763-4363-9297-15f3d6d2f5d4" testListId="8c84fa94-04c1-424b-9868-57a2d4851a1d" />
    <TestEntry testId="b732fd71-b534-bedb-b721-ce634efb5754" executionId="73873e77-f59b-48db-8940-3ccc8b0caf8e" testListId="8c84fa94-04c1-424b-9868-57a2d4851a1d" />
    <TestEntry testId="cf814864-a528-d386-1d25-1deff1ff7e97" executionId="ae8c19b6-cb6c-4798-ace1-990fe2062ef0" testListId="8c84fa94-04c1-424b-9868-57a2d4851a1d" />
    <TestEntry testId="a0d1db26-e58f-71ad-41ec-a68bf89707fd" executionId="05015117-c105-410f-861b-8fed3764d884" testListId="8c84fa94-04c1-424b-9868-57a2d4851a1d" />
    <TestEntry testId="d3bfeaeb-1a3b-43da-24c5-e9eba90b4a46" executionId="2307f310-af87-401a-97d3-c8a514f994d2" testListId="8c84fa94-04c1-424b-9868-57a2d4851a1d" />
    <TestEntry testId="44e8e31a-750e-3d33-0999-b9e0127d9f23" executionId="d70482d2-9b00-42e7-b5af-df476c20b658" testListId="8c84fa94-04c1-424b-9868-57a2d4851a1d" />
    <TestEntry testId="c485f20f-2936-e124-573a-af07abec5069" executionId="3f3326bf-5c7b-4fc7-ab94-ea2a33d7cb2a" testListId="8c84fa94-04c1-424b-9868-57a2d4851a1d" />
    <TestEntry testId="1aa7d4ab-49e7-7d97-d8e8-a61b0082fdf6" executionId="ceb1aec3-c71b-4711-b7f2-e302cd112748" testListId="8c84fa94-04c1-424b-9868-57a2d4851a1d" />
    <TestEntry testId="4911a7f7-260e-fc2b-c5f5-cb0280343cab" executionId="e81b34fb-e5b8-4bfe-8720-b5157e5aabcd" testListId="8c84fa94-04c1-424b-9868-57a2d4851a1d" />
    <TestEntry testId="9377ddbc-2a82-324c-6237-e4670485818c" executionId="3168cfc3-5d8d-4f5f-9517-49cf8112b210" testListId="8c84fa94-04c1-424b-9868-57a2d4851a1d" />
    <TestEntry testId="68a1e0c7-c80e-7643-d36c-d46388c618b9" executionId="7bf7fef8-21d1-4b63-9506-dfd35d7c1751" testListId="8c84fa94-04c1-424b-9868-57a2d4851a1d" />
    <TestEntry testId="a8e322c5-869d-1868-e7f9-ca57e365acee" executionId="620d510f-2c0e-4071-b254-fb7262653ca3" testListId="8c84fa94-04c1-424b-9868-57a2d4851a1d" />
    <TestEntry testId="a680688a-97f6-9e51-989f-2a4bbb51757d" executionId="f9d10249-83f9-4d81-af00-30bef32d7909" testListId="8c84fa94-04c1-424b-9868-57a2d4851a1d" />
    <TestEntry testId="05db065b-2c1d-7cb6-061b-491237a64d3e" executionId="b3ee999c-81b2-47c1-b3b2-2c2ff7b06d7a" testListId="8c84fa94-04c1-424b-9868-57a2d4851a1d" />
    <TestEntry testId="51ff0f82-28f1-a278-d306-5c10e7fd8df5" executionId="85cd176c-e2d9-415c-ab12-951e3f8ff29e" testListId="8c84fa94-04c1-424b-9868-57a2d4851a1d" />
    <TestEntry testId="9b48f9e8-305b-a70d-39f8-d7c4a29753cb" executionId="c8ff8460-8e94-4663-9d76-b212f5929305" testListId="8c84fa94-04c1-424b-9868-57a2d4851a1d" />
    <TestEntry testId="0682fd04-8c4e-05bb-dafd-b9741ee85bd2" executionId="c6163afb-d49e-4f80-bf7f-d45e2bcd11ba" testListId="8c84fa94-04c1-424b-9868-57a2d4851a1d" />
    <TestEntry testId="5b6e1893-dff2-dc10-8ea6-8a16a6b9c356" executionId="c98626bd-746f-46df-bb30-1626aa109ed3" testListId="8c84fa94-04c1-424b-9868-57a2d4851a1d" />
    <TestEntry testId="2fc205a8-e6a7-ea97-fa49-eacb1ecbbbdd" executionId="bf5a6297-562d-43ca-bacb-922ca8d09386" testListId="8c84fa94-04c1-424b-9868-57a2d4851a1d" />
  </TestEntries>
  <TestLists>
    <TestList name="Results Not in a List" id="8c84fa94-04c1-424b-9868-57a2d4851a1d" />
    <TestList name="All Loaded Results" id="19431567-8539-422a-85d7-44ee4e166bda" />
  </TestLists>
  <ResultSummary outcome="Completed">
    <Counters total="180" executed="180" passed="180" failed="0" error="0" timeout="0" aborted="0" inconclusive="0" passedButRunAborted="0" notRunnable="0" notExecuted="0" disconnected="0" warning="0" completed="0" inProgress="0" pending="0" />
  </ResultSummary>
</TestRun>