<?xml version="1.0" encoding="utf-8"?>
<TestRun id="de0d1615-a464-471b-82aa-0e9a5ae2a64f" name="DKSR-EFI-04$@DKSR-EFI-04 2023-12-22 09:32:31" runUser="NT AUTHORITY\NETWORK SERVICE" xmlns="http://microsoft.com/schemas/VisualStudio/TeamTest/2010">
  <Times creation="2023-12-22T09:32:31.0372062+01:00" queuing="2023-12-22T09:32:31.0372062+01:00" start="2023-12-22T09:32:19.9121576+01:00" finish="2023-12-22T09:32:47.0060327+01:00" />
  <TestSettings name="default" id="1b936fd3-d5c2-4a0e-85c8-7fd23fc47ad2">
    <Deployment runDeploymentRoot="DKSR-EFI-04$_DKSR-EFI-04_2023-12-22_09_32_31" />
  </TestSettings>
  <Results>
    <UnitTestResult executionId="455da686-1cc8-4ba3-883d-eba5ec01cbf1" testId="00f59221-51f6-5f5f-b900-c8b61388cee5" testName="GetAppointmentsRecurringDailyToSpecificDateInfragisticVersionTest" computerName="DKSR-EFI-04" duration="00:00:00.0176436" startTime="2023-12-22T09:32:45.2091520+01:00" endTime="2023-12-22T09:32:45.2247737+01:00" testType="13cdc9d9-ddb5-4fa4-a97d-d965ccfc6d4b" outcome="Passed" testListId="8c84fa94-04c1-424b-9868-57a2d4851a1d" relativeResultsDirectory="455da686-1cc8-4ba3-883d-eba5ec01cbf1" />
    <UnitTestResult executionId="e651a035-b3a1-4994-ab4b-7ce58cfa56b3" testId="48ec1499-341d-1cb2-beaa-f9ed3ce20c71" testName="GetAppointmentsAllDayTest" computerName="DKSR-EFI-04" duration="00:00:00.0059211" startTime="2023-12-22T09:32:44.8966473+01:00" endTime="2023-12-22T09:32:44.9122732+01:00" testType="13cdc9d9-ddb5-4fa4-a97d-d965ccfc6d4b" outcome="Passed" testListId="8c84fa94-04c1-424b-9868-57a2d4851a1d" relativeResultsDirectory="e651a035-b3a1-4994-ab4b-7ce58cfa56b3" />
    <UnitTestResult executionId="7b41e802-553d-4c78-8a1f-4561df36fd4e" testId="383a04ef-5825-cb1c-9fb4-09bd2f078541" testName="ConvertGpsValueTestShouldBeInteger2" computerName="DKSR-EFI-04" duration="00:00:00.0004849" startTime="2023-12-22T09:32:31.0372062+01:00" endTime="2023-12-22T09:32:31.0372062+01:00" testType="13cdc9d9-ddb5-4fa4-a97d-d965ccfc6d4b" outcome="Passed" testListId="8c84fa94-04c1-424b-9868-57a2d4851a1d" relativeResultsDirectory="7b41e802-553d-4c78-8a1f-4561df36fd4e" />
    <UnitTestResult executionId="cdc5cd61-d819-4d4e-a93d-ce7f4c586c65" testId="1b8e0ba2-8568-23b3-d042-4992ed0f2414" testName="TimeProfileEvaluatorConstructorTestEmptyDefinitionXml" computerName="DKSR-EFI-04" duration="00:00:00.0116832" startTime="2023-12-22T09:32:31.1622091+01:00" endTime="2023-12-22T09:32:31.1778330+01:00" testType="13cdc9d9-ddb5-4fa4-a97d-d965ccfc6d4b" outcome="Passed" testListId="8c84fa94-04c1-424b-9868-57a2d4851a1d" relativeResultsDirectory="cdc5cd61-d819-4d4e-a93d-ce7f4c586c65" />
    <UnitTestResult executionId="8a334568-0ada-4a05-a39e-9be87a3bd4f7" testId="0e167cd8-2313-9673-8a55-beabbbfff408" testName="ConvertGpsValueTestShouldBeInteger1" computerName="DKSR-EFI-04" duration="00:00:00.0007492" startTime="2023-12-22T09:32:31.0372062+01:00" endTime="2023-12-22T09:32:31.0372062+01:00" testType="13cdc9d9-ddb5-4fa4-a97d-d965ccfc6d4b" outcome="Passed" testListId="8c84fa94-04c1-424b-9868-57a2d4851a1d" relativeResultsDirectory="8a334568-0ada-4a05-a39e-9be87a3bd4f7" />
    <UnitTestResult executionId="3d5cd485-8b08-4c51-8ec5-e58f78f46bd0" testId="ef3b6c05-1ca0-3341-3253-81d5679bd515" testName="TimeProfileInfragisticEvaluator63Constructor14Test" computerName="DKSR-EFI-04" duration="00:00:00.0071332" startTime="2023-12-22T09:32:44.6935221+01:00" endTime="2023-12-22T09:32:44.7091476+01:00" testType="13cdc9d9-ddb5-4fa4-a97d-d965ccfc6d4b" outcome="Passed" testListId="8c84fa94-04c1-424b-9868-57a2d4851a1d" relativeResultsDirectory="3d5cd485-8b08-4c51-8ec5-e58f78f46bd0" />
    <UnitTestResult executionId="13f6565f-9a2d-4927-bc75-39ef03d14c93" testId="009e14de-19b7-db98-a739-8bbc02368178" testName="GetAppointmentsOverlappingTimesInfragisticVersionTest" computerName="DKSR-EFI-04" duration="00:00:00.0104550" startTime="2023-12-22T09:32:44.9591497+01:00" endTime="2023-12-22T09:32:44.9747726+01:00" testType="13cdc9d9-ddb5-4fa4-a97d-d965ccfc6d4b" outcome="Passed" testListId="8c84fa94-04c1-424b-9868-57a2d4851a1d" relativeResultsDirectory="13f6565f-9a2d-4927-bc75-39ef03d14c93" />
    <UnitTestResult executionId="9d94f2e2-3ce2-40b5-a9ef-21cad87d695a" testId="27f575e4-65ef-92c3-9a02-b0227d2ed6cd" testName="SunRiseOffsetTest" computerName="DKSR-EFI-04" duration="00:00:00.0002231" startTime="2023-12-22T09:32:46.0060283+01:00" endTime="2023-12-22T09:32:46.0060283+01:00" testType="13cdc9d9-ddb5-4fa4-a97d-d965ccfc6d4b" outcome="Passed" testListId="8c84fa94-04c1-424b-9868-57a2d4851a1d" relativeResultsDirectory="9d94f2e2-3ce2-40b5-a9ef-21cad87d695a" />
    <UnitTestResult executionId="87e5a228-f30b-4ebc-8ca9-66a43101363c" testId="97614ee1-27d4-b1a0-9484-4f07335beedc" testName="GetSunriseSunsetAppointmentTestCopenhagen21JunMinus10TimeZone" computerName="DKSR-EFI-04" duration="00:00:00.0005174" startTime="2023-12-22T09:32:46.2404028+01:00" endTime="2023-12-22T09:32:46.2404028+01:00" testType="13cdc9d9-ddb5-4fa4-a97d-d965ccfc6d4b" outcome="Passed" testListId="8c84fa94-04c1-424b-9868-57a2d4851a1d" relativeResultsDirectory="87e5a228-f30b-4ebc-8ca9-66a43101363c" />
    <UnitTestResult executionId="b041b040-6dd9-418c-9a90-c37181c078ac" testId="74a34188-634f-fbe5-4903-b9c428214b61" testName="CalculateSunriseSunsetWilliamTestAntarctica19MarchSunrise" computerName="DKSR-EFI-04" duration="00:00:00.0001679" startTime="2023-12-22T09:32:46.2247799+01:00" endTime="2023-12-22T09:32:46.2247799+01:00" testType="13cdc9d9-ddb5-4fa4-a97d-d965ccfc6d4b" outcome="Passed" testListId="8c84fa94-04c1-424b-9868-57a2d4851a1d" relativeResultsDirectory="b041b040-6dd9-418c-9a90-c37181c078ac" />
    <UnitTestResult executionId="a1c5eb81-ae22-4f82-8bfe-6540ccac8d8d" testId="aa569e18-851e-b27d-8835-6598cfda9d12" testName="TimeProfileSunClockEvaluatorConstructorTestDefinitionInvalid" computerName="DKSR-EFI-04" duration="00:00:00.0007151" startTime="2023-12-22T09:32:46.0372773+01:00" endTime="2023-12-22T09:32:46.0372773+01:00" testType="13cdc9d9-ddb5-4fa4-a97d-d965ccfc6d4b" outcome="Passed" testListId="8c84fa94-04c1-424b-9868-57a2d4851a1d" relativeResultsDirectory="a1c5eb81-ae22-4f82-8bfe-6540ccac8d8d" />
    <UnitTestResult executionId="6cced0a5-7484-474b-860d-db9d475b2f36" testId="607c77ae-0ce7-2503-7071-aaa8fa477a85" testName="GetAppointmentsRecurringWeeklyWeekendDaysInfragisticVersionTest" computerName="DKSR-EFI-04" duration="00:00:00.0462173" startTime="2023-12-22T09:32:45.6153992+01:00" endTime="2023-12-22T09:32:45.6622755+01:00" testType="13cdc9d9-ddb5-4fa4-a97d-d965ccfc6d4b" outcome="Passed" testListId="8c84fa94-04c1-424b-9868-57a2d4851a1d" relativeResultsDirectory="6cced0a5-7484-474b-860d-db9d475b2f36" />
    <UnitTestResult executionId="de08798d-b31e-45fd-9463-e804182a412b" testId="c93085ac-e401-6950-cfae-87b809c9ef9a" testName="TimeProfileInfragisticEvaluator63Constructor1Test" computerName="DKSR-EFI-04" duration="00:00:00.0055645" startTime="2023-12-22T09:32:44.5841481+01:00" endTime="2023-12-22T09:32:44.5841481+01:00" testType="13cdc9d9-ddb5-4fa4-a97d-d965ccfc6d4b" outcome="Passed" testListId="8c84fa94-04c1-424b-9868-57a2d4851a1d" relativeResultsDirectory="de08798d-b31e-45fd-9463-e804182a412b" />
    <UnitTestResult executionId="ea8e44ee-230e-46fe-98da-447cfd0d3e74" testId="fd1b2b00-81fc-6740-e329-6ce1ad9360d3" testName="GetAppointmentsSingleTest" computerName="DKSR-EFI-04" duration="00:00:00.0041584" startTime="2023-12-22T09:32:45.7560252+01:00" endTime="2023-12-22T09:32:45.7560252+01:00" testType="13cdc9d9-ddb5-4fa4-a97d-d965ccfc6d4b" outcome="Passed" testListId="8c84fa94-04c1-424b-9868-57a2d4851a1d" relativeResultsDirectory="ea8e44ee-230e-46fe-98da-447cfd0d3e74" />
    <UnitTestResult executionId="613a7253-44ed-421a-8a11-ca8f44882e58" testId="f9beaaf0-10a7-73eb-4fb8-e9837e9fddd0" testName="CalculateSunriseSunsetWilliamTestNearAntarctica21JunSunset" computerName="DKSR-EFI-04" duration="00:00:00.0001489" startTime="2023-12-22T09:32:46.1310294+01:00" endTime="2023-12-22T09:32:46.1310294+01:00" testType="13cdc9d9-ddb5-4fa4-a97d-d965ccfc6d4b" outcome="Passed" testListId="8c84fa94-04c1-424b-9868-57a2d4851a1d" relativeResultsDirectory="613a7253-44ed-421a-8a11-ca8f44882e58" />
    <UnitTestResult executionId="429b0750-9a07-42fa-a2f9-0710284b7898" testId="9f5d6f4b-02c3-64e9-84ac-afabc871759b" testName="TimeProfileInfragisticEvaluatorStripTimeZoneInfoTest" computerName="DKSR-EFI-04" duration="00:00:00.0032797" startTime="2023-12-22T09:32:44.8497737+01:00" endTime="2023-12-22T09:32:44.8497737+01:00" testType="13cdc9d9-ddb5-4fa4-a97d-d965ccfc6d4b" outcome="Passed" testListId="8c84fa94-04c1-424b-9868-57a2d4851a1d" relativeResultsDirectory="429b0750-9a07-42fa-a2f9-0710284b7898" />
    <UnitTestResult executionId="f77e42ab-c94b-4b78-96ef-8a002955e407" testId="67dab46f-e8bf-b6c9-2215-abf798ce5177" testName="FromXmlTestDefault" computerName="DKSR-EFI-04" duration="00:00:00.0010155" startTime="2023-12-22T09:32:45.8966526+01:00" endTime="2023-12-22T09:32:45.8966526+01:00" testType="13cdc9d9-ddb5-4fa4-a97d-d965ccfc6d4b" outcome="Passed" testListId="8c84fa94-04c1-424b-9868-57a2d4851a1d" relativeResultsDirectory="f77e42ab-c94b-4b78-96ef-8a002955e407" />
    <UnitTestResult executionId="1c00aba6-c464-41be-befd-b2ba36b98651" testId="bb763d64-bd2c-489a-41a9-30e5016396f3" testName="GetAppointmentDurationTest1" computerName="DKSR-EFI-04" duration="00:00:00.0010519" startTime="2023-12-22T09:32:45.8497778+01:00" endTime="2023-12-22T09:32:45.8497778+01:00" testType="13cdc9d9-ddb5-4fa4-a97d-d965ccfc6d4b" outcome="Passed" testListId="8c84fa94-04c1-424b-9868-57a2d4851a1d" relativeResultsDirectory="1c00aba6-c464-41be-befd-b2ba36b98651" />
    <UnitTestResult executionId="a521883a-247d-4fa9-a5d9-b1814976beb1" testId="55460d1e-0e8f-6052-9713-aeface6fdadc" testName="CalculateSunriseSunsetWilliamTestAntarctica20MarchSunrise" computerName="DKSR-EFI-04" duration="00:00:00.0001787" startTime="2023-12-22T09:32:46.2247799+01:00" endTime="2023-12-22T09:32:46.2247799+01:00" testType="13cdc9d9-ddb5-4fa4-a97d-d965ccfc6d4b" outcome="Passed" testListId="8c84fa94-04c1-424b-9868-57a2d4851a1d" relativeResultsDirectory="a521883a-247d-4fa9-a5d9-b1814976beb1" />
    <UnitTestResult executionId="5befc8bc-cd00-4660-aa9b-e9a1e68c4e69" testId="44930243-4111-dbb4-8c53-c01a73dfbdcf" testName="FromXmlNullTest" computerName="DKSR-EFI-04" duration="00:00:00.0006351" startTime="2023-12-22T09:32:45.9747764+01:00" endTime="2023-12-22T09:32:45.9747764+01:00" testType="13cdc9d9-ddb5-4fa4-a97d-d965ccfc6d4b" outcome="Passed" testListId="8c84fa94-04c1-424b-9868-57a2d4851a1d" relativeResultsDirectory="5befc8bc-cd00-4660-aa9b-e9a1e68c4e69" />
    <UnitTestResult executionId="2bfd9c37-c696-460d-aff0-8c49efcf710e" testId="6067eef9-e285-9264-f7ef-01f941fa7106" testName="CalculateSunriseSunsetWilliamTestAntarctica24SeptemberSunrise" computerName="DKSR-EFI-04" duration="00:00:00.0001607" startTime="2023-12-22T09:32:46.2247799+01:00" endTime="2023-12-22T09:32:46.2247799+01:00" testType="13cdc9d9-ddb5-4fa4-a97d-d965ccfc6d4b" outcome="Passed" testListId="8c84fa94-04c1-424b-9868-57a2d4851a1d" relativeResultsDirectory="2bfd9c37-c696-460d-aff0-8c49efcf710e" />
    <UnitTestResult executionId="0214388b-d82a-4e69-aef7-b0e32204bd2b" testId="56b77972-8496-2533-665d-6ff6f53b6c88" testName="EvaluateTimeTestInfragisticsSingleTime3days" computerName="DKSR-EFI-04" duration="00:00:00.0077219" startTime="2023-12-22T09:32:32.3653384+01:00" endTime="2023-12-22T09:32:32.3809794+01:00" testType="13cdc9d9-ddb5-4fa4-a97d-d965ccfc6d4b" outcome="Passed" testListId="8c84fa94-04c1-424b-9868-57a2d4851a1d" relativeResultsDirectory="0214388b-d82a-4e69-aef7-b0e32204bd2b" />
    <UnitTestResult executionId="89af9cdc-07d7-40e8-8ade-55436832f4ee" testId="fa284fdc-18fb-fcd2-218b-f7b20f6cc759" testName="CalculateSunriseSunsetWilliamTestHonolulu21JunSunrise" computerName="DKSR-EFI-04" duration="00:00:00.0001708" startTime="2023-12-22T09:32:46.0997807+01:00" endTime="2023-12-22T09:32:46.0997807+01:00" testType="13cdc9d9-ddb5-4fa4-a97d-d965ccfc6d4b" outcome="Passed" testListId="8c84fa94-04c1-424b-9868-57a2d4851a1d" relativeResultsDirectory="89af9cdc-07d7-40e8-8ade-55436832f4ee" />
    <UnitTestResult executionId="4d56d8ba-3467-4d6a-b4fd-1d9d860fe64c" testId="8fc42727-c160-5c09-30bf-69bd9d436bc6" testName="TimeProfileSunClockDefinitionConstructor1NoFormatExceptionTest" computerName="DKSR-EFI-04" duration="00:00:00.0007064" startTime="2023-12-22T09:32:45.8966526+01:00" endTime="2023-12-22T09:32:45.8966526+01:00" testType="13cdc9d9-ddb5-4fa4-a97d-d965ccfc6d4b" outcome="Passed" testListId="8c84fa94-04c1-424b-9868-57a2d4851a1d" relativeResultsDirectory="4d56d8ba-3467-4d6a-b4fd-1d9d860fe64c" />
    <UnitTestResult executionId="813ca293-d5d3-47ec-a3a0-a9d6d0350e77" testId="1eca0d05-3265-9abf-6197-aa4b6b60bd0a" testName="FromXmlInvalidXmlNoArgumentOutOfRangeSunRiseTest" computerName="DKSR-EFI-04" duration="00:00:00.0007599" startTime="2023-12-22T09:32:45.9904027+01:00" endTime="2023-12-22T09:32:45.9904027+01:00" testType="13cdc9d9-ddb5-4fa4-a97d-d965ccfc6d4b" outcome="Passed" testListId="8c84fa94-04c1-424b-9868-57a2d4851a1d" relativeResultsDirectory="813ca293-d5d3-47ec-a3a0-a9d6d0350e77" />
    <UnitTestResult executionId="7f40787b-3854-4ef5-8c5b-34b000184bb5" testId="c9ce7aa5-bbfd-56e9-124c-e7f400054279" testName="RemoveTimeProfileTest" computerName="DKSR-EFI-04" duration="00:00:00.0007839" startTime="2023-12-22T09:32:45.8341503+01:00" endTime="2023-12-22T09:32:45.8341503+01:00" testType="13cdc9d9-ddb5-4fa4-a97d-d965ccfc6d4b" outcome="Passed" testListId="8c84fa94-04c1-424b-9868-57a2d4851a1d" relativeResultsDirectory="7f40787b-3854-4ef5-8c5b-34b000184bb5" />
    <UnitTestResult executionId="80149f5f-b1c6-47a7-82cf-bcea3e888ad8" testId="272429f7-0805-104f-1831-9b6b50c761ba" testName="CalculateSunriseSunsetWilliamTestSanJuan21DecSunrise" computerName="DKSR-EFI-04" duration="00:00:00.0001624" startTime="2023-12-22T09:32:46.0685297+01:00" endTime="2023-12-22T09:32:46.0685297+01:00" testType="13cdc9d9-ddb5-4fa4-a97d-d965ccfc6d4b" outcome="Passed" testListId="8c84fa94-04c1-424b-9868-57a2d4851a1d" relativeResultsDirectory="80149f5f-b1c6-47a7-82cf-bcea3e888ad8" />
    <UnitTestResult executionId="1b324efc-dcca-492c-be95-70e34e80dc8a" testId="783f29cd-a288-da8b-7874-90366a5f61cd" testName="TimeProfileSunClockDefinitionConstructorSunSetOutOfRangeTest" computerName="DKSR-EFI-04" duration="00:00:00.0006280" startTime="2023-12-22T09:32:45.8654017+01:00" endTime="2023-12-22T09:32:45.8654017+01:00" testType="13cdc9d9-ddb5-4fa4-a97d-d965ccfc6d4b" outcome="Passed" testListId="8c84fa94-04c1-424b-9868-57a2d4851a1d" relativeResultsDirectory="1b324efc-dcca-492c-be95-70e34e80dc8a" />
    <UnitTestResult executionId="22595267-8542-4cb1-95c7-34b15624b634" testId="b5791c6f-731a-161c-a4b6-eaf9c2d63856" testName="CalculateSunriseSunsetWilliamTestBuenosAires21DecSunset" computerName="DKSR-EFI-04" duration="00:00:00.0001811" startTime="2023-12-22T09:32:46.0841531+01:00" endTime="2023-12-22T09:32:46.0841531+01:00" testType="13cdc9d9-ddb5-4fa4-a97d-d965ccfc6d4b" outcome="Passed" testListId="8c84fa94-04c1-424b-9868-57a2d4851a1d" relativeResultsDirectory="22595267-8542-4cb1-95c7-34b15624b634" />
    <UnitTestResult executionId="61a9c62b-1c67-4ba3-b185-07fc6d540285" testId="7a61fdad-8b7d-c539-1e73-75d1d9b8f909" testName="CalculateSunriseSunsetWilliamTestCopenhagen21DecSunset" computerName="DKSR-EFI-04" duration="00:00:00.0001909" startTime="2023-12-22T09:32:46.0529028+01:00" endTime="2023-12-22T09:32:46.0529028+01:00" testType="13cdc9d9-ddb5-4fa4-a97d-d965ccfc6d4b" outcome="Passed" testListId="8c84fa94-04c1-424b-9868-57a2d4851a1d" relativeResultsDirectory="61a9c62b-1c67-4ba3-b185-07fc6d540285" />
    <UnitTestResult executionId="d10cbe25-c78b-4092-9e3e-51ca997bed3a" testId="3a359610-7c6b-a3d8-e491-5c661bbf7a56" testName="GpsParserTestTooManySpacesBetweenWestAndValue" computerName="DKSR-EFI-04" duration="00:00:00.0011798" startTime="2023-12-22T09:32:31.1309578+01:00" endTime="2023-12-22T09:32:31.1309578+01:00" testType="13cdc9d9-ddb5-4fa4-a97d-d965ccfc6d4b" outcome="Passed" testListId="8c84fa94-04c1-424b-9868-57a2d4851a1d" relativeResultsDirectory="d10cbe25-c78b-4092-9e3e-51ca997bed3a" />
    <UnitTestResult executionId="29ace03a-bb63-488d-baa1-cd2dd5ee5d05" testId="25ddeb20-43b9-7349-53df-8f37657a4e94" testName="TimeProfileInfragisticEvaluator63Constructor9Test" computerName="DKSR-EFI-04" duration="00:00:00.0072250" startTime="2023-12-22T09:32:44.6466468+01:00" endTime="2023-12-22T09:32:44.6466468+01:00" testType="13cdc9d9-ddb5-4fa4-a97d-d965ccfc6d4b" outcome="Passed" testListId="8c84fa94-04c1-424b-9868-57a2d4851a1d" relativeResultsDirectory="29ace03a-bb63-488d-baa1-cd2dd5ee5d05" />
    <UnitTestResult executionId="7928539e-b0ed-408e-9f49-874bdf897b8a" testId="97473037-5957-d583-450f-b7fae11d019a" testName="GetAppointmentsTestWinterTime1" computerName="DKSR-EFI-04" duration="00:00:00.0011092" startTime="2023-12-22T09:32:46.3029034+01:00" endTime="2023-12-22T09:32:46.3029034+01:00" testType="13cdc9d9-ddb5-4fa4-a97d-d965ccfc6d4b" outcome="Passed" testListId="8c84fa94-04c1-424b-9868-57a2d4851a1d" relativeResultsDirectory="7928539e-b0ed-408e-9f49-874bdf897b8a" />
    <UnitTestResult executionId="e3af3762-4c87-4e13-aff3-79b2efc8443a" testId="90f8f8a6-c3f6-6b4a-88ef-f9138dc3eafd" testName="TimeProfileEvaluatorConstructorTestNullDefinitionXml" computerName="DKSR-EFI-04" duration="00:00:00.0007144" startTime="2023-12-22T09:32:31.1778330+01:00" endTime="2023-12-22T09:32:31.1778330+01:00" testType="13cdc9d9-ddb5-4fa4-a97d-d965ccfc6d4b" outcome="Passed" testListId="8c84fa94-04c1-424b-9868-57a2d4851a1d" relativeResultsDirectory="e3af3762-4c87-4e13-aff3-79b2efc8443a" />
    <UnitTestResult executionId="13626e5e-85df-4f70-9e88-1bf8ca25864b" testId="937ad0b9-5a8b-66f4-b4f0-9054f89d98a6" testName="GpsParserTest2_2BlocksReverseOrder" computerName="DKSR-EFI-04" duration="00:00:00.0003217" startTime="2023-12-22T09:32:31.0840822+01:00" endTime="2023-12-22T09:32:31.0840822+01:00" testType="13cdc9d9-ddb5-4fa4-a97d-d965ccfc6d4b" outcome="Passed" testListId="8c84fa94-04c1-424b-9868-57a2d4851a1d" relativeResultsDirectory="13626e5e-85df-4f70-9e88-1bf8ca25864b" />
    <UnitTestResult executionId="695bc8b1-dbf2-4bb7-b85b-6de7093c33b0" testId="172d48d9-0c0f-445e-57ee-56537b195ba2" testName="CalculateSunriseSunsetWilliamTestAntarctica19MarchSunset" computerName="DKSR-EFI-04" duration="00:00:00.0001648" startTime="2023-12-22T09:32:46.2247799+01:00" endTime="2023-12-22T09:32:46.2247799+01:00" testType="13cdc9d9-ddb5-4fa4-a97d-d965ccfc6d4b" outcome="Passed" testListId="8c84fa94-04c1-424b-9868-57a2d4851a1d" relativeResultsDirectory="695bc8b1-dbf2-4bb7-b85b-6de7093c33b0" />
    <UnitTestResult executionId="ce0a0978-6a86-4016-afce-7355dde61041" testId="01060d2e-a408-9ccb-36c4-31dfc89a58a2" testName="GetAppointmentsTestKiruna26MayMinus10TimeZone" computerName="DKSR-EFI-04" duration="00:00:00.0009895" startTime="2023-12-22T09:32:46.2872773+01:00" endTime="2023-12-22T09:32:46.2872773+01:00" testType="13cdc9d9-ddb5-4fa4-a97d-d965ccfc6d4b" outcome="Passed" testListId="8c84fa94-04c1-424b-9868-57a2d4851a1d" relativeResultsDirectory="ce0a0978-6a86-4016-afce-7355dde61041" />
    <UnitTestResult executionId="e4087e2c-e360-4cde-912a-7f760a448654" testId="07159d24-1774-0cdb-aa7d-7a3161ce03fb" testName="FromXmlInvalidXmlMissingSectionTimeZoneTest" computerName="DKSR-EFI-04" duration="00:00:00.0007782" startTime="2023-12-22T09:32:45.9904027+01:00" endTime="2023-12-22T09:32:45.9904027+01:00" testType="13cdc9d9-ddb5-4fa4-a97d-d965ccfc6d4b" outcome="Passed" testListId="8c84fa94-04c1-424b-9868-57a2d4851a1d" relativeResultsDirectory="e4087e2c-e360-4cde-912a-7f760a448654" />
    <UnitTestResult executionId="d8aacc35-ea16-4ef2-b4c2-e8d2cd92e5a1" testId="bff2154c-e34b-8b76-7f48-f60d9e79b6c3" testName="GpsParserTestEmptyString" computerName="DKSR-EFI-04" duration="00:00:00.0004291" startTime="2023-12-22T09:32:31.1466349+01:00" endTime="2023-12-22T09:32:31.1466349+01:00" testType="13cdc9d9-ddb5-4fa4-a97d-d965ccfc6d4b" outcome="Passed" testListId="8c84fa94-04c1-424b-9868-57a2d4851a1d" relativeResultsDirectory="d8aacc35-ea16-4ef2-b4c2-e8d2cd92e5a1" />
    <UnitTestResult executionId="4c74731a-7fb9-4cb6-b80e-e99cef03dd8a" testId="a39570f6-db70-203c-a8f0-b2f6eb8bf9ac" testName="GpsParserTest3_3InvalidToUseMinSecAsSeparator" computerName="DKSR-EFI-04" duration="00:00:00.0004639" startTime="2023-12-22T09:32:31.1153777+01:00" endTime="2023-12-22T09:32:31.1309578+01:00" testType="13cdc9d9-ddb5-4fa4-a97d-d965ccfc6d4b" outcome="Passed" testListId="8c84fa94-04c1-424b-9868-57a2d4851a1d" relativeResultsDirectory="4c74731a-7fb9-4cb6-b80e-e99cef03dd8a" />
    <UnitTestResult executionId="6b9be245-2bee-4679-a23b-4ba203ea5dda" testId="209fb869-3bb8-0ad0-2d48-3cf5aff72025" testName="GetSunriseSunsetAppointmentTestSidney21DecPlus10TimeZone" computerName="DKSR-EFI-04" duration="00:00:00.0005248" startTime="2023-12-22T09:32:46.2560288+01:00" endTime="2023-12-22T09:32:46.2560288+01:00" testType="13cdc9d9-ddb5-4fa4-a97d-d965ccfc6d4b" outcome="Passed" testListId="8c84fa94-04c1-424b-9868-57a2d4851a1d" relativeResultsDirectory="6b9be245-2bee-4679-a23b-4ba203ea5dda" />
    <UnitTestResult executionId="11b7f5e1-fd23-47e8-bcab-f1e99e54a4d1" testId="92e050ed-76e4-200a-af9c-65eb2cd36702" testName="ConvertGpsValueTestInvalidLength" computerName="DKSR-EFI-04" duration="00:00:00.0006649" startTime="2023-12-22T09:32:31.0215801+01:00" endTime="2023-12-22T09:32:31.0215801+01:00" testType="13cdc9d9-ddb5-4fa4-a97d-d965ccfc6d4b" outcome="Passed" testListId="8c84fa94-04c1-424b-9868-57a2d4851a1d" relativeResultsDirectory="11b7f5e1-fd23-47e8-bcab-f1e99e54a4d1" />
    <UnitTestResult executionId="b8391a4d-9044-4fa0-91e0-92e01907332c" testId="ca149664-fae0-94fd-6818-7554b36a4db0" testName="TimeProfileEvaluatorConstructorTestSunClock" computerName="DKSR-EFI-04" duration="00:00:00.1496179" startTime="2023-12-22T09:32:31.9747102+01:00" endTime="2023-12-22T09:32:32.1309627+01:00" testType="13cdc9d9-ddb5-4fa4-a97d-d965ccfc6d4b" outcome="Passed" testListId="8c84fa94-04c1-424b-9868-57a2d4851a1d" relativeResultsDirectory="b8391a4d-9044-4fa0-91e0-92e01907332c" />
    <UnitTestResult executionId="71b0f3d5-89e7-4f26-8f47-ef651159a42e" testId="db4c7fe5-182a-2eab-f3c2-020911e75a79" testName="CalculateSunriseSunsetWilliamTestHonolulu21JunSunset" computerName="DKSR-EFI-04" duration="00:00:00.0001653" startTime="2023-12-22T09:32:46.0997807+01:00" endTime="2023-12-22T09:32:46.0997807+01:00" testType="13cdc9d9-ddb5-4fa4-a97d-d965ccfc6d4b" outcome="Passed" testListId="8c84fa94-04c1-424b-9868-57a2d4851a1d" relativeResultsDirectory="71b0f3d5-89e7-4f26-8f47-ef651159a42e" />
    <UnitTestResult executionId="9bb31eae-ab97-4144-9319-77a66bf1ccb5" testId="a78256cc-1c8c-5f7d-4107-fe67c0130a32" testName="TimeProfileSunClockDefinitionConstructorTimeZoneIdInvalidTest" computerName="DKSR-EFI-04" duration="00:00:00.0005391" startTime="2023-12-22T09:32:45.8810265+01:00" endTime="2023-12-22T09:32:45.8810265+01:00" testType="13cdc9d9-ddb5-4fa4-a97d-d965ccfc6d4b" outcome="Passed" testListId="8c84fa94-04c1-424b-9868-57a2d4851a1d" relativeResultsDirectory="9bb31eae-ab97-4144-9319-77a66bf1ccb5" />
    <UnitTestResult executionId="9b6c9147-704a-4f97-8007-29f7de4a348b" testId="fd29b022-2597-f295-8a12-994e68c1cbb4" testName="CalculateSunriseSunsetWilliamTestNearAntarctica21DecSunrise" computerName="DKSR-EFI-04" duration="00:00:00.0001641" startTime="2023-12-22T09:32:46.1310294+01:00" endTime="2023-12-22T09:32:46.1310294+01:00" testType="13cdc9d9-ddb5-4fa4-a97d-d965ccfc6d4b" outcome="Passed" testListId="8c84fa94-04c1-424b-9868-57a2d4851a1d" relativeResultsDirectory="9b6c9147-704a-4f97-8007-29f7de4a348b" />
    <UnitTestResult executionId="9790b05f-81aa-48d7-ad88-c1490f578e95" testId="8974ac3d-6afd-1f6d-fb2e-258cf4f3875d" testName="ValidateTestInvalidLatitude" computerName="DKSR-EFI-04" duration="00:00:00.0002550" startTime="2023-12-22T09:32:31.1622091+01:00" endTime="2023-12-22T09:32:31.1622091+01:00" testType="13cdc9d9-ddb5-4fa4-a97d-d965ccfc6d4b" outcome="Passed" testListId="8c84fa94-04c1-424b-9868-57a2d4851a1d" relativeResultsDirectory="9790b05f-81aa-48d7-ad88-c1490f578e95" />
    <UnitTestResult executionId="62de1cd6-b9b2-4117-a904-3066b000361e" testId="02de3c6e-6892-a8e6-d0ca-e5a0fcdcccbb" testName="SunRiseOffsetOutOfRange1Test" computerName="DKSR-EFI-04" duration="00:00:00.0005994" startTime="2023-12-22T09:32:46.0216531+01:00" endTime="2023-12-22T09:32:46.0216531+01:00" testType="13cdc9d9-ddb5-4fa4-a97d-d965ccfc6d4b" outcome="Passed" testListId="8c84fa94-04c1-424b-9868-57a2d4851a1d" relativeResultsDirectory="62de1cd6-b9b2-4117-a904-3066b000361e" />
    <UnitTestResult executionId="f3ce9647-3bc4-4b91-b842-b86b3b682328" testId="b6b9ede1-0d41-a71a-2651-a36efb5214a1" testName="GetAppointmentsNoTimeTest" computerName="DKSR-EFI-04" duration="00:00:00.0021810" startTime="2023-12-22T09:32:44.9435225+01:00" endTime="2023-12-22T09:32:44.9435225+01:00" testType="13cdc9d9-ddb5-4fa4-a97d-d965ccfc6d4b" outcome="Passed" testListId="8c84fa94-04c1-424b-9868-57a2d4851a1d" relativeResultsDirectory="f3ce9647-3bc4-4b91-b842-b86b3b682328" />
    <UnitTestResult executionId="5611b4fe-f9f5-4451-b919-333f18f6466c" testId="0ce9f62e-871e-e0b0-9096-ca51e499b2ff" testName="CalculateSunriseSunsetWilliamTestKiruna21DecSunrise" computerName="DKSR-EFI-04" duration="00:00:00.0001587" startTime="2023-12-22T09:32:46.0997807+01:00" endTime="2023-12-22T09:32:46.0997807+01:00" testType="13cdc9d9-ddb5-4fa4-a97d-d965ccfc6d4b" outcome="Passed" testListId="8c84fa94-04c1-424b-9868-57a2d4851a1d" relativeResultsDirectory="5611b4fe-f9f5-4451-b919-333f18f6466c" />
    <UnitTestResult executionId="5b238d07-2a04-458b-9e5a-79a1d28d4b97" testId="f1526c2b-a0e5-86ec-70c7-d844ed71e85b" testName="AddTimeProfileTestInvalidTimeProfile" computerName="DKSR-EFI-04" duration="00:00:00.0008120" startTime="2023-12-22T09:32:45.8341503+01:00" endTime="2023-12-22T09:32:45.8341503+01:00" testType="13cdc9d9-ddb5-4fa4-a97d-d965ccfc6d4b" outcome="Passed" testListId="8c84fa94-04c1-424b-9868-57a2d4851a1d" relativeResultsDirectory="5b238d07-2a04-458b-9e5a-79a1d28d4b97" />
    <UnitTestResult executionId="94e33746-b6d7-4b01-adce-9290a697f6f5" testId="1b5485f2-7291-34f1-d7dd-0a5405d813c0" testName="GpsParserTestInvalidGpsDirection1" computerName="DKSR-EFI-04" duration="00:00:00.0004245" startTime="2023-12-22T09:32:31.1309578+01:00" endTime="2023-12-22T09:32:31.1309578+01:00" testType="13cdc9d9-ddb5-4fa4-a97d-d965ccfc6d4b" outcome="Passed" testListId="8c84fa94-04c1-424b-9868-57a2d4851a1d" relativeResultsDirectory="94e33746-b6d7-4b01-adce-9290a697f6f5" />
    <UnitTestResult executionId="e647599c-f085-47b4-9b36-44d40300f088" testId="74713417-66f0-59fa-108b-18017d08a6b0" testName="FromXmlInvalidXmlMissingSectionSunRiseOffsetTest" computerName="DKSR-EFI-04" duration="00:00:00.0007813" startTime="2023-12-22T09:32:45.9747764+01:00" endTime="2023-12-22T09:32:45.9747764+01:00" testType="13cdc9d9-ddb5-4fa4-a97d-d965ccfc6d4b" outcome="Passed" testListId="8c84fa94-04c1-424b-9868-57a2d4851a1d" relativeResultsDirectory="e647599c-f085-47b4-9b36-44d40300f088" />
    <UnitTestResult executionId="e6f840e3-d91e-4032-89c4-f309fca7401c" testId="d49acc2c-c8f0-690f-662d-81f62af04f7c" testName="TimeProfileSunClockDefinitionConstructorGPSCoordinateNullTest" computerName="DKSR-EFI-04" duration="00:00:00.0006032" startTime="2023-12-22T09:32:45.8810265+01:00" endTime="2023-12-22T09:32:45.8810265+01:00" testType="13cdc9d9-ddb5-4fa4-a97d-d965ccfc6d4b" outcome="Passed" testListId="8c84fa94-04c1-424b-9868-57a2d4851a1d" relativeResultsDirectory="e6f840e3-d91e-4032-89c4-f309fca7401c" />
    <UnitTestResult executionId="83986007-f382-40d5-aff6-435f76e745e5" testId="36e6b174-be9c-dffd-c6db-8a38a2faa3a1" testName="ToXmlTest" computerName="DKSR-EFI-04" duration="00:00:00.0057156" startTime="2023-12-22T09:32:45.9904027+01:00" endTime="2023-12-22T09:32:46.0060283+01:00" testType="13cdc9d9-ddb5-4fa4-a97d-d965ccfc6d4b" outcome="Passed" testListId="8c84fa94-04c1-424b-9868-57a2d4851a1d" relativeResultsDirectory="83986007-f382-40d5-aff6-435f76e745e5" />
    <UnitTestResult executionId="a56e16c4-dbc7-4b7d-bb17-9fe68308cf0d" testId="4f13681f-0610-ff50-9950-300c35d7f3ad" testName="GpsParserTest3_3BlocksReverseOrderMinSec" computerName="DKSR-EFI-04" duration="00:00:00.0003870" startTime="2023-12-22T09:32:31.0840822+01:00" endTime="2023-12-22T09:32:31.0840822+01:00" testType="13cdc9d9-ddb5-4fa4-a97d-d965ccfc6d4b" outcome="Passed" testListId="8c84fa94-04c1-424b-9868-57a2d4851a1d" relativeResultsDirectory="a56e16c4-dbc7-4b7d-bb17-9fe68308cf0d" />
    <UnitTestResult executionId="01e57b16-a590-43e8-9713-94af9a6c037d" testId="82ce9500-0ad4-31fc-7834-2550cba50d46" testName="TimeProfileInfragisticEvaluator102Constructor3Test" computerName="DKSR-EFI-04" duration="00:00:00.0013107" startTime="2023-12-22T09:32:44.7560227+01:00" endTime="2023-12-22T09:32:44.7560227+01:00" testType="13cdc9d9-ddb5-4fa4-a97d-d965ccfc6d4b" outcome="Passed" testListId="8c84fa94-04c1-424b-9868-57a2d4851a1d" relativeResultsDirectory="01e57b16-a590-43e8-9713-94af9a6c037d" />
    <UnitTestResult executionId="17f33282-bc04-453c-a790-eb9e59829301" testId="c6817535-703b-de19-124f-ad8b2440d227" testName="TimeProfileSunClockDefinitionConstructorSunSetOutOfRange1Test" computerName="DKSR-EFI-04" duration="00:00:00.0008511" startTime="2023-12-22T09:32:45.8654017+01:00" endTime="2023-12-22T09:32:45.8654017+01:00" testType="13cdc9d9-ddb5-4fa4-a97d-d965ccfc6d4b" outcome="Passed" testListId="8c84fa94-04c1-424b-9868-57a2d4851a1d" relativeResultsDirectory="17f33282-bc04-453c-a790-eb9e59829301" />
    <UnitTestResult executionId="7eff5c47-27f3-4ec9-970f-4ab4a0f538f1" testId="8934ff67-1110-491a-922f-e701ca280e9c" testName="GpsParserTestInvalidNoneWestCombincation" computerName="DKSR-EFI-04" duration="00:00:00.0007260" startTime="2023-12-22T09:32:31.0997075+01:00" endTime="2023-12-22T09:32:31.0997075+01:00" testType="13cdc9d9-ddb5-4fa4-a97d-d965ccfc6d4b" outcome="Passed" testListId="8c84fa94-04c1-424b-9868-57a2d4851a1d" relativeResultsDirectory="7eff5c47-27f3-4ec9-970f-4ab4a0f538f1" />
    <UnitTestResult executionId="8a87e429-4911-4cb3-8703-5fd4fe1ac7cd" testId="d4f70a06-aa0d-f700-4086-93b8cbf1a2b6" testName="CalculateSunriseSunsetWilliamTestKiruna21DecSunset" computerName="DKSR-EFI-04" duration="00:00:00.0001774" startTime="2023-12-22T09:32:46.1154058+01:00" endTime="2023-12-22T09:32:46.1154058+01:00" testType="13cdc9d9-ddb5-4fa4-a97d-d965ccfc6d4b" outcome="Passed" testListId="8c84fa94-04c1-424b-9868-57a2d4851a1d" relativeResultsDirectory="8a87e429-4911-4cb3-8703-5fd4fe1ac7cd" />
    <UnitTestResult executionId="50ca8055-cc5a-4f41-91e1-e260c3bbf423" testId="fafc9ed8-5b2d-f7e0-2900-f32577ea26c5" testName="TimeProfileInfragisticEvaluator102Constructor2Test" computerName="DKSR-EFI-04" duration="00:00:00.0032855" startTime="2023-12-22T09:32:44.7403983+01:00" endTime="2023-12-22T09:32:44.7560227+01:00" testType="13cdc9d9-ddb5-4fa4-a97d-d965ccfc6d4b" outcome="Passed" testListId="8c84fa94-04c1-424b-9868-57a2d4851a1d" relativeResultsDirectory="50ca8055-cc5a-4f41-91e1-e260c3bbf423" />
    <UnitTestResult executionId="deed8ba7-b159-426b-b355-4c614496457d" testId="782436d0-5a8d-a02f-0bfd-9a6031818617" testName="GetDailyAppointmentsTest" computerName="DKSR-EFI-04" duration="00:00:00.0184372" startTime="2023-12-22T09:32:32.3809794+01:00" endTime="2023-12-22T09:32:32.3965888+01:00" testType="13cdc9d9-ddb5-4fa4-a97d-d965ccfc6d4b" outcome="Passed" testListId="8c84fa94-04c1-424b-9868-57a2d4851a1d" relativeResultsDirectory="deed8ba7-b159-426b-b355-4c614496457d" />
    <UnitTestResult executionId="35712463-754f-4acf-8f1b-98fe2a154131" testId="1ce8dff0-0b03-e7bf-5529-dea934e2af27" testName="CalculateSunriseSunsetWilliamTestBuenosAires21JunSunset" computerName="DKSR-EFI-04" duration="00:00:00.0001567" startTime="2023-12-22T09:32:46.0841531+01:00" endTime="2023-12-22T09:32:46.0841531+01:00" testType="13cdc9d9-ddb5-4fa4-a97d-d965ccfc6d4b" outcome="Passed" testListId="8c84fa94-04c1-424b-9868-57a2d4851a1d" relativeResultsDirectory="35712463-754f-4acf-8f1b-98fe2a154131" />
    <UnitTestResult executionId="f68fc821-adc9-4cfb-9dc3-7480b672801f" testId="f768655d-e560-cf1c-0478-327d95aa7a3a" testName="GetAppointmentsRecurringMonthlyFirstDayInfragisticVersionTest" computerName="DKSR-EFI-04" duration="00:00:00.0344710" startTime="2023-12-22T09:32:45.3185256+01:00" endTime="2023-12-22T09:32:45.3497757+01:00" testType="13cdc9d9-ddb5-4fa4-a97d-d965ccfc6d4b" outcome="Passed" testListId="8c84fa94-04c1-424b-9868-57a2d4851a1d" relativeResultsDirectory="f68fc821-adc9-4cfb-9dc3-7480b672801f" />
    <UnitTestResult executionId="fd96e264-3ff4-4101-9f0d-02ee42cb9ed3" testId="58c138c7-d5bb-0635-68dd-2714dd63ab1c" testName="GetAppointmentsTestNearAntarctica19JanLocalTimeZone" computerName="DKSR-EFI-04" duration="00:00:00.0008955" startTime="2023-12-22T09:32:46.3029034+01:00" endTime="2023-12-22T09:32:46.3029034+01:00" testType="13cdc9d9-ddb5-4fa4-a97d-d965ccfc6d4b" outcome="Passed" testListId="8c84fa94-04c1-424b-9868-57a2d4851a1d" relativeResultsDirectory="fd96e264-3ff4-4101-9f0d-02ee42cb9ed3" />
    <UnitTestResult executionId="74dd634c-6928-4c5b-a252-4ffb40f45f25" testId="64c05577-259d-848a-3f07-af62e246f5e5" testName="GetAppointmentDurationTestSunClockCopenhagen1AppointmentGotMaxSearchInterval" computerName="DKSR-EFI-04" duration="00:00:00.0005816" startTime="2023-12-22T09:32:32.1934615+01:00" endTime="2023-12-22T09:32:32.1934615+01:00" testType="13cdc9d9-ddb5-4fa4-a97d-d965ccfc6d4b" outcome="Passed" testListId="8c84fa94-04c1-424b-9868-57a2d4851a1d" relativeResultsDirectory="74dd634c-6928-4c5b-a252-4ffb40f45f25" />
    <UnitTestResult executionId="d2e9adfa-9222-48b5-bada-8fde2fb340aa" testId="69557ab7-ccbd-e32c-c07c-1d6d2ced4f3a" testName="TimeProfileInfragisticEvaluator63Constructor6Test" computerName="DKSR-EFI-04" duration="00:00:00.0070604" startTime="2023-12-22T09:32:44.6153970+01:00" endTime="2023-12-22T09:32:44.6310230+01:00" testType="13cdc9d9-ddb5-4fa4-a97d-d965ccfc6d4b" outcome="Passed" testListId="8c84fa94-04c1-424b-9868-57a2d4851a1d" relativeResultsDirectory="d2e9adfa-9222-48b5-bada-8fde2fb340aa" />
    <UnitTestResult executionId="16f7b25b-7d32-4d73-9f92-fcf02bcb3a6a" testId="6911ee4f-9adb-7049-54c4-57869dbd9d07" testName="CalculateSunriseSunsetWilliamTestNearAntarctica21JunSunrise" computerName="DKSR-EFI-04" duration="00:00:00.0001540" startTime="2023-12-22T09:32:46.1310294+01:00" endTime="2023-12-22T09:32:46.1310294+01:00" testType="13cdc9d9-ddb5-4fa4-a97d-d965ccfc6d4b" outcome="Passed" testListId="8c84fa94-04c1-424b-9868-57a2d4851a1d" relativeResultsDirectory="16f7b25b-7d32-4d73-9f92-fcf02bcb3a6a" />
    <UnitTestResult executionId="ca1b20f7-3ccc-4748-aa9d-026197f77e1d" testId="2def43c4-5dfb-2fa0-af4e-5be32426bf66" testName="CalculateSunriseSunsetWilliamTestArctic20MarchSunrise" computerName="DKSR-EFI-04" duration="00:00:00.0001720" startTime="2023-12-22T09:32:46.1935271+01:00" endTime="2023-12-22T09:32:46.1935271+01:00" testType="13cdc9d9-ddb5-4fa4-a97d-d965ccfc6d4b" outcome="Passed" testListId="8c84fa94-04c1-424b-9868-57a2d4851a1d" relativeResultsDirectory="ca1b20f7-3ccc-4748-aa9d-026197f77e1d" />
    <UnitTestResult executionId="3ce71bd7-4181-4b1d-99f0-ceb923b97598" testId="8b133ef5-fbdf-46c7-4778-871e2898cfac" testName="CalculateSunriseSunsetWilliamTestDaresSalaam21JunSunset" computerName="DKSR-EFI-04" duration="00:00:00.0001520" startTime="2023-12-22T09:32:46.0841531+01:00" endTime="2023-12-22T09:32:46.0841531+01:00" testType="13cdc9d9-ddb5-4fa4-a97d-d965ccfc6d4b" outcome="Passed" testListId="8c84fa94-04c1-424b-9868-57a2d4851a1d" relativeResultsDirectory="3ce71bd7-4181-4b1d-99f0-ceb923b97598" />
    <UnitTestResult executionId="92c46544-af6f-4cae-8213-2faa45ff13f3" testId="65804ae7-ccb1-dad7-48f4-a48d24d0caff" testName="GetAppointmentDurationTestSunClockCopenhagen1Appointment" computerName="DKSR-EFI-04" duration="00:00:00.0026597" startTime="2023-12-22T09:32:32.1778382+01:00" endTime="2023-12-22T09:32:32.1778382+01:00" testType="13cdc9d9-ddb5-4fa4-a97d-d965ccfc6d4b" outcome="Passed" testListId="8c84fa94-04c1-424b-9868-57a2d4851a1d" relativeResultsDirectory="92c46544-af6f-4cae-8213-2faa45ff13f3" />
    <UnitTestResult executionId="99e9dfca-5206-481c-9129-0c139ae8e6e2" testId="be92f62d-823d-4f94-dc90-32cb017a8849" testName="GetAppointmentsRecurringDailyToSpecificDateTest" computerName="DKSR-EFI-04" duration="00:00:00.0066781" startTime="2023-12-22T09:32:45.1935241+01:00" endTime="2023-12-22T09:32:45.1935241+01:00" testType="13cdc9d9-ddb5-4fa4-a97d-d965ccfc6d4b" outcome="Passed" testListId="8c84fa94-04c1-424b-9868-57a2d4851a1d" relativeResultsDirectory="99e9dfca-5206-481c-9129-0c139ae8e6e2" />
    <UnitTestResult executionId="f84dcd5d-18e2-4d47-851f-ca6336014844" testId="fba7445f-092a-03b2-b0f9-4d2a5ae432ea" testName="GPSCoordinateConstructorTest1InvalidLatitude" computerName="DKSR-EFI-04" duration="00:00:00.0005541" startTime="2023-12-22T09:32:30.9747061+01:00" endTime="2023-12-22T09:32:30.9747061+01:00" testType="13cdc9d9-ddb5-4fa4-a97d-d965ccfc6d4b" outcome="Passed" testListId="8c84fa94-04c1-424b-9868-57a2d4851a1d" relativeResultsDirectory="f84dcd5d-18e2-4d47-851f-ca6336014844" />
    <UnitTestResult executionId="bbd48610-a31b-4f68-b421-0a3c96de899f" testId="5b23818f-ccfa-3131-82d0-ed0d75a1242e" testName="GpsParserTest3_1Blocks" computerName="DKSR-EFI-04" duration="00:00:00.0002984" startTime="2023-12-22T09:32:31.0684575+01:00" endTime="2023-12-22T09:32:31.0684575+01:00" testType="13cdc9d9-ddb5-4fa4-a97d-d965ccfc6d4b" outcome="Passed" testListId="8c84fa94-04c1-424b-9868-57a2d4851a1d" relativeResultsDirectory="bbd48610-a31b-4f68-b421-0a3c96de899f" />
    <UnitTestResult executionId="6297cc20-8288-4bb5-94cd-f7c5bfd3e7dd" testId="7c532c8b-1d18-49bd-12b7-3e99950c7067" testName="EvaluateTimeProfileTest1" computerName="DKSR-EFI-04" duration="00:00:00.0009438" startTime="2023-12-22T09:32:45.8497778+01:00" endTime="2023-12-22T09:32:45.8497778+01:00" testType="13cdc9d9-ddb5-4fa4-a97d-d965ccfc6d4b" outcome="Passed" testListId="8c84fa94-04c1-424b-9868-57a2d4851a1d" relativeResultsDirectory="6297cc20-8288-4bb5-94cd-f7c5bfd3e7dd" />
    <UnitTestResult executionId="6c03dd28-ce09-4b83-8e3b-411fa711c013" testId="08def05e-40bb-d498-3a0a-780a212a1f6d" testName="ValidateTestInvalidFormat" computerName="DKSR-EFI-04" duration="00:00:00.0002044" startTime="2023-12-22T09:32:31.1466349+01:00" endTime="2023-12-22T09:32:31.1466349+01:00" testType="13cdc9d9-ddb5-4fa4-a97d-d965ccfc6d4b" outcome="Passed" testListId="8c84fa94-04c1-424b-9868-57a2d4851a1d" relativeResultsDirectory="6c03dd28-ce09-4b83-8e3b-411fa711c013" />
    <UnitTestResult executionId="8cd8f66c-9d3f-4711-8661-c4d599b2d85a" testId="ee3a5342-e95e-b885-0c62-ea800eb6c7cf" testName="CalculateSunriseSunsetWilliamTestKiruna20MarchSunset" computerName="DKSR-EFI-04" duration="00:00:00.0001590" startTime="2023-12-22T09:32:46.1154058+01:00" endTime="2023-12-22T09:32:46.1154058+01:00" testType="13cdc9d9-ddb5-4fa4-a97d-d965ccfc6d4b" outcome="Passed" testListId="8c84fa94-04c1-424b-9868-57a2d4851a1d" relativeResultsDirectory="8cd8f66c-9d3f-4711-8661-c4d599b2d85a" />
    <UnitTestResult executionId="8e82f235-85a7-43d1-a7da-0870956d7b33" testId="7800d1c8-85af-fe12-d6db-3de72d8587d7" testName="CalculateSunriseSunsetWilliamTestAntarctica24SeptemberSunset" computerName="DKSR-EFI-04" duration="00:00:00.0001675" startTime="2023-12-22T09:32:46.2404028+01:00" endTime="2023-12-22T09:32:46.2404028+01:00" testType="13cdc9d9-ddb5-4fa4-a97d-d965ccfc6d4b" outcome="Passed" testListId="8c84fa94-04c1-424b-9868-57a2d4851a1d" relativeResultsDirectory="8e82f235-85a7-43d1-a7da-0870956d7b33" />
    <UnitTestResult executionId="c780a75f-ea3e-48f3-8e55-e4e847ae3a8f" testId="418c0066-f71c-424e-23ef-2091d512543b" testName="CalculateSunriseSunsetWilliamTestArctic22SeptemberSunset" computerName="DKSR-EFI-04" duration="00:00:00.0001650" startTime="2023-12-22T09:32:46.2091543+01:00" endTime="2023-12-22T09:32:46.2091543+01:00" testType="13cdc9d9-ddb5-4fa4-a97d-d965ccfc6d4b" outcome="Passed" testListId="8c84fa94-04c1-424b-9868-57a2d4851a1d" relativeResultsDirectory="c780a75f-ea3e-48f3-8e55-e4e847ae3a8f" />
    <UnitTestResult executionId="8bc11bee-bf81-43fa-9ab6-657e54b42984" testId="b4eab433-b121-8e14-43a8-0af5eb06a4c3" testName="CalculateSunriseSunsetWilliamTestDaresSalaam21DecSunset" computerName="DKSR-EFI-04" duration="00:00:00.0001571" startTime="2023-12-22T09:32:46.0841531+01:00" endTime="2023-12-22T09:32:46.0841531+01:00" testType="13cdc9d9-ddb5-4fa4-a97d-d965ccfc6d4b" outcome="Passed" testListId="8c84fa94-04c1-424b-9868-57a2d4851a1d" relativeResultsDirectory="8bc11bee-bf81-43fa-9ab6-657e54b42984" />
    <UnitTestResult executionId="dad98636-ec14-4736-9cc0-a6f3a9edfac5" testId="54625439-e3a8-2538-60b3-8cdeb1aa3245" testName="TimeProfileSunClockEvaluatorConstructorTestDefinition" computerName="DKSR-EFI-04" duration="00:00:00.0007049" startTime="2023-12-22T09:32:46.0372773+01:00" endTime="2023-12-22T09:32:46.0372773+01:00" testType="13cdc9d9-ddb5-4fa4-a97d-d965ccfc6d4b" outcome="Passed" testListId="8c84fa94-04c1-424b-9868-57a2d4851a1d" relativeResultsDirectory="dad98636-ec14-4736-9cc0-a6f3a9edfac5" />
    <UnitTestResult executionId="675d51fc-55f5-46e4-8bbc-3bfce0c0b7fc" testId="9266d029-4773-fccc-0219-cbaaef238cd9" testName="CheckAllXml_Infragistics_6_3" computerName="DKSR-EFI-04" duration="00:00:05.6239214" startTime="2023-12-22T09:32:38.9434904+01:00" endTime="2023-12-22T09:32:44.5685210+01:00" testType="13cdc9d9-ddb5-4fa4-a97d-d965ccfc6d4b" outcome="Passed" testListId="8c84fa94-04c1-424b-9868-57a2d4851a1d" relativeResultsDirectory="675d51fc-55f5-46e4-8bbc-3bfce0c0b7fc">
      <Output>
        <StdOut>Debug Trace:
TimeProfile test for: Infragistic XML samples\Infragistic 6.3\AllDayEvent_2011-02-16.xml&#xD;
Appointments Starting:  AP1: 2/15/2011 11:00:00 PM has no match with AP2Appointments Covering from 2011-02-15 23:00.00, until before 2011-02-16 22:59.00&#xD;
OK : In-Range=1440, Out-of-Range=84960&#xD;
TimeProfile test for: Infragistic XML samples\Infragistic 6.3\AllDayEvent_2011-02-16_to_2011-02-17.xml&#xD;
Appointments Starting:  AP1: 2/15/2011 11:00:00 PM has no match with AP2Appointments Covering from 2011-02-15 23:00.00, until before 2011-02-17 22:59.00&#xD;
OK : In-Range=2880, Out-of-Range=83520&#xD;
TimeProfile test for: Infragistic XML samples\Infragistic 6.3\NoTime.xml&#xD;
OK : In-Range=0, Out-of-Range=86400&#xD;
TimeProfile test for: Infragistic XML samples\Infragistic 6.3\OverlappingTimes_2011-02-16_09.00_to_10.00_and_09.30_to_10.30.xml&#xD;
Appointments Starting:  AP1: 2/16/2011 8:00:00 AM has no match with AP2Appointments Covering from 2011-02-16 08:00.00, until before 2011-02-16 09:30.00&#xD;
OK : In-Range=91, Out-of-Range=86309&#xD;
TimeProfile test for: Infragistic XML samples\Infragistic 6.3\Recurring_2011-02-16_09.00_to_09.30_daily_10occurrences.xml&#xD;
Appointments Starting:  AP1: 2/16/2011 8:00:00 AM has no match with AP2Appointments Covering from 2011-02-16 08:00.00, until before 2011-02-16 08:30.00&#xD;
Appointments Starting:  AP1: 2/17/2011 8:00:00 AM has no match with AP2Appointments Covering from 2011-02-17 08:00.00, until before 2011-02-17 08:30.00&#xD;
Appointments Starting:  AP1: 2/18/2011 8:00:00 AM has no match with AP2Appointments Covering from 2011-02-18 08:00.00, until before 2011-02-18 08:30.00&#xD;
Appointments Starting:  AP1: 2/19/2011 8:00:00 AM has no match with AP2Appointments Covering from 2011-02-19 08:00.00, until before 2011-02-19 08:30.00&#xD;
Appointments Starting:  AP1: 2/20/2011 8:00:00 AM has no match with AP2Appointments Covering from 2011-02-20 08:00.00, until before 2011-02-20 08:30.00&#xD;
Appointments Starting:  AP1: 2/21/2011 8:00:00 AM has no match with AP2Appointments Covering from 2011-02-21 08:00.00, until before 2011-02-21 08:30.00&#xD;
Appointments Starting:  AP1: 2/22/2011 8:00:00 AM has no match with AP2Appointments Covering from 2011-02-22 08:00.00, until before 2011-02-22 08:30.00&#xD;
Appointments Starting:  AP1: 2/23/2011 8:00:00 AM has no match with AP2Appointments Covering from 2011-02-23 08:00.00, until before 2011-02-23 08:30.00&#xD;
Appointments Starting:  AP1: 2/24/2011 8:00:00 AM has no match with AP2Appointments Covering from 2011-02-24 08:00.00, until before 2011-02-24 08:30.00&#xD;
Appointments Starting:  AP1: 2/25/2011 8:00:00 AM has no match with AP2Appointments Covering from 2011-02-25 08:00.00, until before 2011-02-25 08:30.00&#xD;
OK : In-Range=310, Out-of-Range=86090&#xD;
TimeProfile test for: Infragistic XML samples\Infragistic 6.3\Recurring_2011-02-16_09.00_to_09.30_daily_2days.xml&#xD;
Appointments Starting:  AP1: 2/16/2011 8:00:00 AM has no match with AP2Appointments Covering from 2011-02-16 08:00.00, until before 2011-02-16 08:30.00&#xD;
Appointments Starting:  AP1: 2/18/2011 8:00:00 AM has no match with AP2Appointments Covering from 2011-02-18 08:00.00, until before 2011-02-18 08:30.00&#xD;
Appointments Starting:  AP1: 2/20/2011 8:00:00 AM has no match with AP2Appointments Covering from 2011-02-20 08:00.00, until before 2011-02-20 08:30.00&#xD;
Appointments Starting:  AP1: 2/22/2011 8:00:00 AM has no match with AP2Appointments Covering from 2011-02-22 08:00.00, until before 2011-02-22 08:30.00&#xD;
Appointments Starting:  AP1: 2/24/2011 8:00:00 AM has no match with AP2Appointments Covering from 2011-02-24 08:00.00, until before 2011-02-24 08:30.00&#xD;
Appointments Starting:  AP1: 2/26/2011 8:00:00 AM has no match with AP2Appointments Covering from 2011-02-26 08:00.00, until before 2011-02-26 08:30.00&#xD;
Appointments Starting:  AP1: 2/28/2011 8:00:00 AM has no match with AP2Appointments Covering from 2011-02-28 08:00.00, until before 2011-02-28 08:30.00&#xD;
Appointments Starting:  AP1: 3/2/2011 8:00:00 AM has no match with AP2Appointments Covering from 2011-03-02 08:00.00, until before 2011-03-02 08:30.00&#xD;
Appointments Starting:  AP1: 3/4/2011 8:00:00 AM has no match with AP2Appointments Covering from 2011-03-04 08:00.00, until before 2011-03-04 08:30.00&#xD;
Appointments Starting:  AP1: 3/6/2011 8:00:00 AM has no match with AP2Appointments Covering from 2011-03-06 08:00.00, until before 2011-03-06 08:30.00&#xD;
Appointments Starting:  AP1: 3/8/2011 8:00:00 AM has no match with AP2Appointments Covering from 2011-03-08 08:00.00, until before 2011-03-08 08:30.00&#xD;
Appointments Starting:  AP1: 3/10/2011 8:00:00 AM has no match with AP2Appointments Covering from 2011-03-10 08:00.00, until before 2011-03-10 08:30.00&#xD;
Appointments Starting:  AP1: 3/12/2011 8:00:00 AM has no match with AP2Appointments Covering from 2011-03-12 08:00.00, until before 2011-03-12 08:30.00&#xD;
Appointments Starting:  AP1: 3/14/2011 8:00:00 AM has no match with AP2Appointments Covering from 2011-03-14 08:00.00, until before 2011-03-14 08:30.00&#xD;
Appointments Starting:  AP1: 3/16/2011 8:00:00 AM has no match with AP2Appointments Covering from 2011-03-16 08:00.00, until before 2011-03-16 08:30.00&#xD;
Appointments Starting:  AP1: 3/18/2011 8:00:00 AM has no match with AP2Appointments Covering from 2011-03-18 08:00.00, until before 2011-03-18 08:30.00&#xD;
Appointments Starting:  AP1: 3/20/2011 8:00:00 AM has no match with AP2Appointments Covering from 2011-03-20 08:00.00, until before 2011-03-20 08:30.00&#xD;
Appointments Starting:  AP1: 3/22/2011 8:00:00 AM has no match with AP2Appointments Covering from 2011-03-22 08:00.00, until before 2011-03-22 08:30.00&#xD;
Appointments Starting:  AP1: 3/24/2011 8:00:00 AM has no match with AP2Appointments Covering from 2011-03-24 08:00.00, until before 2011-03-24 08:30.00&#xD;
Appointments Starting:  AP1: 3/26/2011 8:00:00 AM has no match with AP2Appointments Covering from 2011-03-26 08:00.00, until before 2011-03-26 08:30.00&#xD;
Appointments Starting:  AP1: 3/28/2011 7:00:00 AM has no match with AP2Appointments Covering from 2011-03-28 07:00.00, until before 2011-03-28 07:30.00&#xD;
Appointments Starting:  AP1: 3/30/2011 7:00:00 AM has no match with AP2Appointments Covering from 2011-03-30 07:00.00, until before 2011-03-30 07:30.00&#xD;
Appointments Starting:  AP1: 4/1/2011 7:00:00 AM has no match with AP2Appointments Covering from 2011-04-01 07:00.00, until before 2011-04-01 07:30.00&#xD;
OK : In-Range=713, Out-of-Range=85687&#xD;
TimeProfile test for: Infragistic XML samples\Infragistic 6.3\Recurring_2011-02-16_09.00_to_09.30_daily_2weekdays.xml&#xD;
Appointments Starting:  AP1: 2/16/2011 8:00:00 AM has no match with AP2Appointments Covering from 2011-02-16 08:00.00, until before 2011-02-16 08:30.00&#xD;
Appointments Starting:  AP1: 2/18/2011 8:00:00 AM has no match with AP2Appointments Covering from 2011-02-18 08:00.00, until before 2011-02-18 08:30.00&#xD;
Appointments Starting:  AP1: 2/22/2011 8:00:00 AM has no match with AP2Appointments Covering from 2011-02-22 08:00.00, until before 2011-02-22 08:30.00&#xD;
Appointments Starting:  AP1: 2/24/2011 8:00:00 AM has no match with AP2Appointments Covering from 2011-02-24 08:00.00, until before 2011-02-24 08:30.00&#xD;
Appointments Starting:  AP1: 2/28/2011 8:00:00 AM has no match with AP2Appointments Covering from 2011-02-28 08:00.00, until before 2011-02-28 08:30.00&#xD;
Appointments Starting:  AP1: 3/2/2011 8:00:00 AM has no match with AP2Appointments Covering from 2011-03-02 08:00.00, until before 2011-03-02 08:30.00&#xD;
Appointments Starting:  AP1: 3/4/2011 8:00:00 AM has no match with AP2Appointments Covering from 2011-03-04 08:00.00, until before 2011-03-04 08:30.00&#xD;
Appointments Starting:  AP1: 3/8/2011 8:00:00 AM has no match with AP2Appointments Covering from 2011-03-08 08:00.00, until before 2011-03-08 08:30.00&#xD;
Appointments Starting:  AP1: 3/10/2011 8:00:00 AM has no match with AP2Appointments Covering from 2011-03-10 08:00.00, until before 2011-03-10 08:30.00&#xD;
Appointments Starting:  AP1: 3/14/2011 8:00:00 AM has no match with AP2Appointments Covering from 2011-03-14 08:00.00, until before 2011-03-14 08:30.00&#xD;
Appointments Starting:  AP1: 3/16/2011 8:00:00 AM has no match with AP2Appointments Covering from 2011-03-16 08:00.00, until before 2011-03-16 08:30.00&#xD;
Appointments Starting:  AP1: 3/18/2011 8:00:00 AM has no match with AP2Appointments Covering from 2011-03-18 08:00.00, until before 2011-03-18 08:30.00&#xD;
Appointments Starting:  AP1: 3/22/2011 8:00:00 AM has no match with AP2Appointments Covering from 2011-03-22 08:00.00, until before 2011-03-22 08:30.00&#xD;
Appointments Starting:  AP1: 3/24/2011 8:00:00 AM has no match with AP2Appointments Covering from 2011-03-24 08:00.00, until before 2011-03-24 08:30.00&#xD;
Appointments Starting:  AP1: 3/28/2011 7:00:00 AM has no match with AP2Appointments Covering from 2011-03-28 07:00.00, until before 2011-03-28 07:30.00&#xD;
Appointments Starting:  AP1: 3/30/2011 7:00:00 AM has no match with AP2Appointments Covering from 2011-03-30 07:00.00, until before 2011-03-30 07:30.00&#xD;
Appointments Starting:  AP1: 4/1/2011 7:00:00 AM has no match with AP2Appointments Covering from 2011-04-01 07:00.00, until before 2011-04-01 07:30.00&#xD;
OK : In-Range=527, Out-of-Range=85873&#xD;
TimeProfile test for: Infragistic XML samples\Infragistic 6.3\Recurring_2011-02-16_09.00_to_09.30_daily_to_2011-02-25.xml&#xD;
Appointments Starting:  AP1: 2/16/2011 8:00:00 AM has no match with AP2Appointments Covering from 2011-02-16 08:00.00, until before 2011-02-16 08:30.00&#xD;
Appointments Starting:  AP1: 2/17/2011 8:00:00 AM has no match with AP2Appointments Covering from 2011-02-17 08:00.00, until before 2011-02-17 08:30.00&#xD;
Appointments Starting:  AP1: 2/18/2011 8:00:00 AM has no match with AP2Appointments Covering from 2011-02-18 08:00.00, until before 2011-02-18 08:30.00&#xD;
Appointments Starting:  AP1: 2/19/2011 8:00:00 AM has no match with AP2Appointments Covering from 2011-02-19 08:00.00, until before 2011-02-19 08:30.00&#xD;
Appointments Starting:  AP1: 2/20/2011 8:00:00 AM has no match with AP2Appointments Covering from 2011-02-20 08:00.00, until before 2011-02-20 08:30.00&#xD;
Appointments Starting:  AP1: 2/21/2011 8:00:00 AM has no match with AP2Appointments Covering from 2011-02-21 08:00.00, until before 2011-02-21 08:30.00&#xD;
Appointments Starting:  AP1: 2/22/2011 8:00:00 AM has no match with AP2Appointments Covering from 2011-02-22 08:00.00, until before 2011-02-22 08:30.00&#xD;
Appointments Starting:  AP1: 2/23/2011 8:00:00 AM has no match with AP2Appointments Covering from 2011-02-23 08:00.00, until before 2011-02-23 08:30.00&#xD;
Appointments Starting:  AP1: 2/24/2011 8:00:00 AM has no match with AP2Appointments Covering from 2011-02-24 08:00.00, until before 2011-02-24 08:30.00&#xD;
Appointments Starting:  AP1: 2/25/2011 8:00:00 AM has no match with AP2Appointments Covering from 2011-02-25 08:00.00, until before 2011-02-25 08:30.00&#xD;
OK : In-Range=310, Out-of-Range=86090&#xD;
TimeProfile test for: Infragistic XML samples\Infragistic 6.3\Recurring_2011-02-16_09.00_to_09.30_daily_weekdays.xml&#xD;
Appointments Starting:  AP1: 2/16/2011 8:00:00 AM has no match with AP2Appointments Covering from 2011-02-16 08:00.00, until before 2011-02-16 08:30.00&#xD;
Appointments Starting:  AP1: 2/17/2011 8:00:00 AM has no match with AP2Appointments Covering from 2011-02-17 08:00.00, until before 2011-02-17 08:30.00&#xD;
Appointments Starting:  AP1: 2/18/2011 8:00:00 AM has no match with AP2Appointments Covering from 2011-02-18 08:00.00, until before 2011-02-18 08:30.00&#xD;
Appointments Starting:  AP1: 2/21/2011 8:00:00 AM has no match with AP2Appointments Covering from 2011-02-21 08:00.00, until before 2011-02-21 08:30.00&#xD;
Appointments Starting:  AP1: 2/22/2011 8:00:00 AM has no match with AP2Appointments Covering from 2011-02-22 08:00.00, until before 2011-02-22 08:30.00&#xD;
Appointments Starting:  AP1: 2/23/2011 8:00:00 AM has no match with AP2Appointments Covering from 2011-02-23 08:00.00, until before 2011-02-23 08:30.00&#xD;
Appointments Starting:  AP1: 2/24/2011 8:00:00 AM has no match with AP2Appointments Covering from 2011-02-24 08:00.00, until before 2011-02-24 08:30.00&#xD;
Appointments Starting:  AP1: 2/25/2011 8:00:00 AM has no match with AP2Appointments Covering from 2011-02-25 08:00.00, until before 2011-02-25 08:30.00&#xD;
Appointments Starting:  AP1: 2/28/2011 8:00:00 AM has no match with AP2Appointments Covering from 2011-02-28 08:00.00, until before 2011-02-28 08:30.00&#xD;
Appointments Starting:  AP1: 3/1/2011 8:00:00 AM has no match with AP2Appointments Covering from 2011-03-01 08:00.00, until before 2011-03-01 08:30.00&#xD;
Appointments Starting:  AP1: 3/2/2011 8:00:00 AM has no match with AP2Appointments Covering from 2011-03-02 08:00.00, until before 2011-03-02 08:30.00&#xD;
Appointments Starting:  AP1: 3/3/2011 8:00:00 AM has no match with AP2Appointments Covering from 2011-03-03 08:00.00, until before 2011-03-03 08:30.00&#xD;
Appointments Starting:  AP1: 3/4/2011 8:00:00 AM has no match with AP2Appointments Covering from 2011-03-04 08:00.00, until before 2011-03-04 08:30.00&#xD;
Appointments Starting:  AP1: 3/7/2011 8:00:00 AM has no match with AP2Appointments Covering from 2011-03-07 08:00.00, until before 2011-03-07 08:30.00&#xD;
Appointments Starting:  AP1: 3/8/2011 8:00:00 AM has no match with AP2Appointments Covering from 2011-03-08 08:00.00, until before 2011-03-08 08:30.00&#xD;
Appointments Starting:  AP1: 3/9/2011 8:00:00 AM has no match with AP2Appointments Covering from 2011-03-09 08:00.00, until before 2011-03-09 08:30.00&#xD;
Appointments Starting:  AP1: 3/10/2011 8:00:00 AM has no match with AP2Appointments Covering from 2011-03-10 08:00.00, until before 2011-03-10 08:30.00&#xD;
Appointments Starting:  AP1: 3/11/2011 8:00:00 AM has no match with AP2Appointments Covering from 2011-03-11 08:00.00, until before 2011-03-11 08:30.00&#xD;
Appointments Starting:  AP1: 3/14/2011 8:00:00 AM has no match with AP2Appointments Covering from 2011-03-14 08:00.00, until before 2011-03-14 08:30.00&#xD;
Appointments Starting:  AP1: 3/15/2011 8:00:00 AM has no match with AP2Appointments Covering from 2011-03-15 08:00.00, until before 2011-03-15 08:30.00&#xD;
Appointments Starting:  AP1: 3/16/2011 8:00:00 AM has no match with AP2Appointments Covering from 2011-03-16 08:00.00, until before 2011-03-16 08:30.00&#xD;
Appointments Starting:  AP1: 3/17/2011 8:00:00 AM has no match with AP2Appointments Covering from 2011-03-17 08:00.00, until before 2011-03-17 08:30.00&#xD;
Appointments Starting:  AP1: 3/18/2011 8:00:00 AM has no match with AP2Appointments Covering from 2011-03-18 08:00.00, until before 2011-03-18 08:30.00&#xD;
Appointments Starting:  AP1: 3/21/2011 8:00:00 AM has no match with AP2Appointments Covering from 2011-03-21 08:00.00, until before 2011-03-21 08:30.00&#xD;
Appointments Starting:  AP1: 3/22/2011 8:00:00 AM has no match with AP2Appointments Covering from 2011-03-22 08:00.00, until before 2011-03-22 08:30.00&#xD;
Appointments Starting:  AP1: 3/23/2011 8:00:00 AM has no match with AP2Appointments Covering from 2011-03-23 08:00.00, until before 2011-03-23 08:30.00&#xD;
Appointments Starting:  AP1: 3/24/2011 8:00:00 AM has no match with AP2Appointments Covering from 2011-03-24 08:00.00, until before 2011-03-24 08:30.00&#xD;
Appointments Starting:  AP1: 3/25/2011 8:00:00 AM has no match with AP2Appointments Covering from 2011-03-25 08:00.00, until before 2011-03-25 08:30.00&#xD;
Appointments Starting:  AP1: 3/28/2011 7:00:00 AM has no match with AP2Appointments Covering from 2011-03-28 07:00.00, until before 2011-03-28 07:30.00&#xD;
Appointments Starting:  AP1: 3/29/2011 7:00:00 AM has no match with AP2Appointments Covering from 2011-03-29 07:00.00, until before 2011-03-29 07:30.00&#xD;
Appointments Starting:  AP1: 3/30/2011 7:00:00 AM has no match with AP2Appointments Covering from 2011-03-30 07:00.00, until before 2011-03-30 07:30.00&#xD;
Appointments Starting:  AP1: 3/31/2011 7:00:00 AM has no match with AP2Appointments Covering from 2011-03-31 07:00.00, until before 2011-03-31 07:30.00&#xD;
Appointments Starting:  AP1: 4/1/2011 7:00:00 AM has no match with AP2Appointments Covering from 2011-04-01 07:00.00, until before 2011-04-01 07:30.00&#xD;
OK : In-Range=1023, Out-of-Range=85377&#xD;
TimeProfile test for: Infragistic XML samples\Infragistic 6.3\Recurring_2011-02-16_09.00_to_09.30_monthly_1st_day.xml&#xD;
Appointments Starting:  AP1: 3/1/2011 8:00:00 AM has no match with AP2Appointments Covering from 2011-03-01 08:00.00, until before 2011-03-01 08:30.00&#xD;
Appointments Starting:  AP1: 4/1/2011 7:00:00 AM has no match with AP2Appointments Covering from 2011-04-01 07:00.00, until before 2011-04-01 07:30.00&#xD;
OK : In-Range=62, Out-of-Range=86338&#xD;
TimeProfile test for: Infragistic XML samples\Infragistic 6.3\Recurring_2011-02-16_09.00_to_09.30_monthly_1st_monday.xml&#xD;
Appointments Starting:  AP1: 3/7/2011 8:00:00 AM has no match with AP2Appointments Covering from 2011-03-07 08:00.00, until before 2011-03-07 08:30.00&#xD;
OK : In-Range=31, Out-of-Range=86369&#xD;
TimeProfile test for: Infragistic XML samples\Infragistic 6.3\Recurring_2011-02-16_09.00_to_09.30_weekly_2wednesday.xml&#xD;
Appointments Starting:  AP1: 2/16/2011 8:00:00 AM has no match with AP2Appointments Covering from 2011-02-16 08:00.00, until before 2011-02-16 08:30.00&#xD;
Appointments Starting:  AP1: 3/2/2011 8:00:00 AM has no match with AP2Appointments Covering from 2011-03-02 08:00.00, until before 2011-03-02 08:30.00&#xD;
Appointments Starting:  AP1: 3/16/2011 8:00:00 AM has no match with AP2Appointments Covering from 2011-03-16 08:00.00, until before 2011-03-16 08:30.00&#xD;
Appointments Starting:  AP1: 3/30/2011 7:00:00 AM has no match with AP2Appointments Covering from 2011-03-30 07:00.00, until before 2011-03-30 07:30.00&#xD;
OK : In-Range=124, Out-of-Range=86276&#xD;
TimeProfile test for: Infragistic XML samples\Infragistic 6.3\Recurring_2011-02-16_09.00_to_09.30_weekly_weekends.xml&#xD;
Appointments Starting:  AP1: 2/19/2011 8:00:00 AM has no match with AP2Appointments Covering from 2011-02-19 08:00.00, until before 2011-02-19 08:30.00&#xD;
Appointments Starting:  AP1: 2/20/2011 8:00:00 AM has no match with AP2Appointments Covering from 2011-02-20 08:00.00, until before 2011-02-20 08:30.00&#xD;
Appointments Starting:  AP1: 2/26/2011 8:00:00 AM has no match with AP2Appointments Covering from 2011-02-26 08:00.00, until before 2011-02-26 08:30.00&#xD;
Appointments Starting:  AP1: 2/27/2011 8:00:00 AM has no match with AP2Appointments Covering from 2011-02-27 08:00.00, until before 2011-02-27 08:30.00&#xD;
Appointments Starting:  AP1: 3/5/2011 8:00:00 AM has no match with AP2Appointments Covering from 2011-03-05 08:00.00, until before 2011-03-05 08:30.00&#xD;
Appointments Starting:  AP1: 3/6/2011 8:00:00 AM has no match with AP2Appointments Covering from 2011-03-06 08:00.00, until before 2011-03-06 08:30.00&#xD;
Appointments Starting:  AP1: 3/12/2011 8:00:00 AM has no match with AP2Appointments Covering from 2011-03-12 08:00.00, until before 2011-03-12 08:30.00&#xD;
Appointments Starting:  AP1: 3/13/2011 8:00:00 AM has no match with AP2Appointments Covering from 2011-03-13 08:00.00, until before 2011-03-13 08:30.00&#xD;
Appointments Starting:  AP1: 3/19/2011 8:00:00 AM has no match with AP2Appointments Covering from 2011-03-19 08:00.00, until before 2011-03-19 08:30.00&#xD;
Appointments Starting:  AP1: 3/20/2011 8:00:00 AM has no match with AP2Appointments Covering from 2011-03-20 08:00.00, until before 2011-03-20 08:30.00&#xD;
Appointments Starting:  AP1: 3/26/2011 8:00:00 AM has no match with AP2Appointments Covering from 2011-03-26 08:00.00, until before 2011-03-26 08:30.00&#xD;
Appointments Starting:  AP1: 3/27/2011 7:00:00 AM has no match with AP2Appointments Covering from 2011-03-27 07:00.00, until before 2011-03-27 07:30.00&#xD;
OK : In-Range=372, Out-of-Range=86028&#xD;
TimeProfile test for: Infragistic XML samples\Infragistic 6.3\Recurring_2011-02-16_09.00_to_09.30_yearly.xml&#xD;
Appointments Starting:  AP1: 2/16/2011 8:00:00 AM has no match with AP2Appointments Covering from 2011-02-16 08:00.00, until before 2011-02-16 08:30.00&#xD;
OK : In-Range=31, Out-of-Range=86369&#xD;
TimeProfile test for: Infragistic XML samples\Infragistic 6.3\Recurring_2011-02-16_09.00_to_09.30_yearly_1st_monday_march.xml&#xD;
Appointments Starting:  AP1: 3/7/2011 8:00:00 AM has no match with AP2Appointments Covering from 2011-03-07 08:00.00, until before 2011-03-07 08:30.00&#xD;
OK : In-Range=31, Out-of-Range=86369&#xD;
TimeProfile test for: Infragistic XML samples\Infragistic 6.3\SingleTime_2011-02-16_09.00_to_09.30.xml&#xD;
Appointments Starting:  AP1: 2/16/2011 8:00:00 AM has no match with AP2Appointments Covering from 2011-02-16 08:00.00, until before 2011-02-16 08:30.00&#xD;
OK : In-Range=31, Out-of-Range=86369&#xD;
TimeProfile test for: Infragistic XML samples\Infragistic 6.3\SingleTime_2011-02-16_09.00_to_09.30_EasternTime.xml&#xD;
Appointments Starting:  AP1: 2/16/2011 8:00:00 AM has no match with AP2Appointments Covering from 2011-02-16 08:00.00, until before 2011-02-16 08:30.00&#xD;
OK : In-Range=31, Out-of-Range=86369&#xD;
TimeProfile test for: Infragistic XML samples\Infragistic 6.3\SingleTime_2011-02-16_09.00_to_2011-02-17_09.30.xml&#xD;
Appointments Starting:  AP1: 2/16/2011 8:00:00 AM has no match with AP2Appointments Covering from 2011-02-16 08:00.00, until before 2011-02-17 08:30.00&#xD;
OK : In-Range=1471, Out-of-Range=84929</StdOut>
      </Output>
    </UnitTestResult>
    <UnitTestResult executionId="e9bebaf2-2168-4fd3-a665-3327302f394f" testId="a0c5bf30-d6d3-7c82-fa72-914490b91d62" testName="ConvertGpsValueTestIndex0Length3" computerName="DKSR-EFI-04" duration="00:00:00.0001431" startTime="2023-12-22T09:32:31.0215801+01:00" endTime="2023-12-22T09:32:31.0215801+01:00" testType="13cdc9d9-ddb5-4fa4-a97d-d965ccfc6d4b" outcome="Passed" testListId="8c84fa94-04c1-424b-9868-57a2d4851a1d" relativeResultsDirectory="e9bebaf2-2168-4fd3-a665-3327302f394f" />
    <UnitTestResult executionId="20dddbe8-faa9-41de-a2e5-6d398fe0b8c6" testId="aa6789f8-9617-d02c-63e1-161acc215930" testName="ConvertGpsValueTestInvalidDoubleString1" computerName="DKSR-EFI-04" duration="00:00:00.0006231" startTime="2023-12-22T09:32:31.0372062+01:00" endTime="2023-12-22T09:32:31.0528333+01:00" testType="13cdc9d9-ddb5-4fa4-a97d-d965ccfc6d4b" outcome="Passed" testListId="8c84fa94-04c1-424b-9868-57a2d4851a1d" relativeResultsDirectory="20dddbe8-faa9-41de-a2e5-6d398fe0b8c6" />
    <UnitTestResult executionId="cc692bde-708c-40b9-854e-b5c5e3c0456f" testId="ff1ad820-0130-a842-1a71-73ff6b125525" testName="GpsParserTest1_3Blocks" computerName="DKSR-EFI-04" duration="00:00:00.0003290" startTime="2023-12-22T09:32:31.0840822+01:00" endTime="2023-12-22T09:32:31.0840822+01:00" testType="13cdc9d9-ddb5-4fa4-a97d-d965ccfc6d4b" outcome="Passed" testListId="8c84fa94-04c1-424b-9868-57a2d4851a1d" relativeResultsDirectory="cc692bde-708c-40b9-854e-b5c5e3c0456f" />
    <UnitTestResult executionId="d13a68b5-2683-4266-b2a7-846e28e97727" testId="7348d8fe-5e07-3ec4-2e4d-ab2d5c117cd8" testName="TimeProfileInfragisticEvaluator102Constructor11Test" computerName="DKSR-EFI-04" duration="00:00:00.0042764" startTime="2023-12-22T09:32:44.8028994+01:00" endTime="2023-12-22T09:32:44.8028994+01:00" testType="13cdc9d9-ddb5-4fa4-a97d-d965ccfc6d4b" outcome="Passed" testListId="8c84fa94-04c1-424b-9868-57a2d4851a1d" relativeResultsDirectory="d13a68b5-2683-4266-b2a7-846e28e97727" />
    <UnitTestResult executionId="26d63a10-54e6-4628-a475-9aea3a4123ee" testId="6e40d45a-2d99-d8d5-483e-26ee641c5fc5" testName="TimeProfileSunClockDefinitionConstructorSunRiseOutOfRangeTest" computerName="DKSR-EFI-04" duration="00:00:00.0005762" startTime="2023-12-22T09:32:45.8654017+01:00" endTime="2023-12-22T09:32:45.8654017+01:00" testType="13cdc9d9-ddb5-4fa4-a97d-d965ccfc6d4b" outcome="Passed" testListId="8c84fa94-04c1-424b-9868-57a2d4851a1d" relativeResultsDirectory="26d63a10-54e6-4628-a475-9aea3a4123ee" />
    <UnitTestResult executionId="a9bc5a36-4651-4209-a80d-b95f022df0d0" testId="9aeb6b93-c494-01d7-b18e-827d82131259" testName="EvaluateTimeTestInfragisticsRecurringAboveDayLimit" computerName="DKSR-EFI-04" duration="00:00:00.0102404" startTime="2023-12-22T09:32:32.3340884+01:00" endTime="2023-12-22T09:32:32.3497125+01:00" testType="13cdc9d9-ddb5-4fa4-a97d-d965ccfc6d4b" outcome="Passed" testListId="8c84fa94-04c1-424b-9868-57a2d4851a1d" relativeResultsDirectory="a9bc5a36-4651-4209-a80d-b95f022df0d0" />
    <UnitTestResult executionId="b7f1eed0-e126-4f9f-a026-3b849ae560ee" testId="b0b72f98-3751-b5ad-92cc-29af01fedb95" testName="GetAppointmentsSingleDifferentTimeZoneTest" computerName="DKSR-EFI-04" duration="00:00:00.0058383" startTime="2023-12-22T09:32:45.7716523+01:00" endTime="2023-12-22T09:32:45.7872760+01:00" testType="13cdc9d9-ddb5-4fa4-a97d-d965ccfc6d4b" outcome="Passed" testListId="8c84fa94-04c1-424b-9868-57a2d4851a1d" relativeResultsDirectory="b7f1eed0-e126-4f9f-a026-3b849ae560ee" />
    <UnitTestResult executionId="5fddaf3a-9426-4330-b321-c67172220684" testId="d86a238d-13bd-4ee9-3d0a-978f829adc5a" testName="TimeProfileInfragisticEvaluatorStripTimeZoneInfoInfragisticTest" computerName="DKSR-EFI-04" duration="00:00:00.0435073" startTime="2023-12-22T09:32:44.8497737+01:00" endTime="2023-12-22T09:32:44.8966473+01:00" testType="13cdc9d9-ddb5-4fa4-a97d-d965ccfc6d4b" outcome="Passed" testListId="8c84fa94-04c1-424b-9868-57a2d4851a1d" relativeResultsDirectory="5fddaf3a-9426-4330-b321-c67172220684" />
    <UnitTestResult executionId="2575189a-4f65-4894-a68c-2dd39c96808e" testId="27539e3d-a82c-4da9-d573-680dda699355" testName="GetAppointmentsRecurringDaily2DaysInfragisticVersionTest" computerName="DKSR-EFI-04" duration="00:00:00.0401288" startTime="2023-12-22T09:32:45.0528977+01:00" endTime="2023-12-22T09:32:45.0997726+01:00" testType="13cdc9d9-ddb5-4fa4-a97d-d965ccfc6d4b" outcome="Passed" testListId="8c84fa94-04c1-424b-9868-57a2d4851a1d" relativeResultsDirectory="2575189a-4f65-4894-a68c-2dd39c96808e" />
    <UnitTestResult executionId="13ab4c82-a939-427b-9818-c56355c3ce38" testId="fc0db961-b79d-838f-fa02-63a72aea9e40" testName="TimeProfileInfragisticEvaluator102Constructor10Test" computerName="DKSR-EFI-04" duration="00:00:00.0041191" startTime="2023-12-22T09:32:44.7872722+01:00" endTime="2023-12-22T09:32:44.8028994+01:00" testType="13cdc9d9-ddb5-4fa4-a97d-d965ccfc6d4b" outcome="Passed" testListId="8c84fa94-04c1-424b-9868-57a2d4851a1d" relativeResultsDirectory="13ab4c82-a939-427b-9818-c56355c3ce38" />
    <UnitTestResult executionId="825a2f18-73ad-4fda-8589-6655ed7ac6d7" testId="a51cbd57-1925-353a-dd73-c4cad57c901a" testName="GetAppointmentsRecurring2ndWeekdaysInfragisticVersionTest" computerName="DKSR-EFI-04" duration="00:00:00.0412815" startTime="2023-12-22T09:32:45.1310240+01:00" endTime="2023-12-22T09:32:45.1622747+01:00" testType="13cdc9d9-ddb5-4fa4-a97d-d965ccfc6d4b" outcome="Passed" testListId="8c84fa94-04c1-424b-9868-57a2d4851a1d" relativeResultsDirectory="825a2f18-73ad-4fda-8589-6655ed7ac6d7" />
    <UnitTestResult executionId="103d2146-2c47-4d18-9cd7-46e602754888" testId="08c44b67-d317-8ffc-a5f1-85d3f647f393" testName="TimeProfileInfragisticEvaluatorConstructorArgumentInvalidTest" computerName="DKSR-EFI-04" duration="00:00:00.0013482" startTime="2023-12-22T09:32:44.5841481+01:00" endTime="2023-12-22T09:32:44.5841481+01:00" testType="13cdc9d9-ddb5-4fa4-a97d-d965ccfc6d4b" outcome="Passed" testListId="8c84fa94-04c1-424b-9868-57a2d4851a1d" relativeResultsDirectory="103d2146-2c47-4d18-9cd7-46e602754888" />
    <UnitTestResult executionId="5e614514-bea4-4845-9528-7c707a403c93" testId="d5ba7d4a-1992-49d0-2c94-98e4dfeec21e" testName="CalculateSunriseSunsetWilliamTestNearAntarctica23SeptemberSunset" computerName="DKSR-EFI-04" duration="00:00:00.0001858" startTime="2023-12-22T09:32:46.1310294+01:00" endTime="2023-12-22T09:32:46.1310294+01:00" testType="13cdc9d9-ddb5-4fa4-a97d-d965ccfc6d4b" outcome="Passed" testListId="8c84fa94-04c1-424b-9868-57a2d4851a1d" relativeResultsDirectory="5e614514-bea4-4845-9528-7c707a403c93" />
    <UnitTestResult executionId="64b513fa-b954-48dd-a62f-ffe1f3ab5890" testId="e86a76e3-51a7-8d8c-c786-95d81b3a165c" testName="GetAppointmentsRecurringDaily2DaysTest" computerName="DKSR-EFI-04" duration="00:00:00.0179809" startTime="2023-12-22T09:32:45.0372767+01:00" endTime="2023-12-22T09:32:45.0528977+01:00" testType="13cdc9d9-ddb5-4fa4-a97d-d965ccfc6d4b" outcome="Passed" testListId="8c84fa94-04c1-424b-9868-57a2d4851a1d" relativeResultsDirectory="64b513fa-b954-48dd-a62f-ffe1f3ab5890" />
    <UnitTestResult executionId="94c9827f-dfab-4bb7-a11b-1cda821943b4" testId="b2920d6b-d9b3-61de-a213-a96890386b12" testName="CalculateSunriseSunsetWilliamTestSanJuan21JunSunset" computerName="DKSR-EFI-04" duration="00:00:00.0001687" startTime="2023-12-22T09:32:46.0685297+01:00" endTime="2023-12-22T09:32:46.0685297+01:00" testType="13cdc9d9-ddb5-4fa4-a97d-d965ccfc6d4b" outcome="Passed" testListId="8c84fa94-04c1-424b-9868-57a2d4851a1d" relativeResultsDirectory="94c9827f-dfab-4bb7-a11b-1cda821943b4" />
    <UnitTestResult executionId="3c672198-cccb-4c09-8760-6e0176fd545a" testId="a943d325-007a-3bb4-9ccf-a06205fa90a9" testName="GetAppointmentsRecurring10OccurencesTest" computerName="DKSR-EFI-04" duration="00:00:00.0175230" startTime="2023-12-22T09:32:44.9747726+01:00" endTime="2023-12-22T09:32:44.9903964+01:00" testType="13cdc9d9-ddb5-4fa4-a97d-d965ccfc6d4b" outcome="Passed" testListId="8c84fa94-04c1-424b-9868-57a2d4851a1d" relativeResultsDirectory="3c672198-cccb-4c09-8760-6e0176fd545a" />
    <UnitTestResult executionId="68ac3e05-3df9-4bc7-ba3c-02bca5f24bac" testId="931d3e27-f7ff-f407-f1e0-86d13eac74fd" testName="CalculateSunriseSunsetWilliamTestSanJuan21DecSunset" computerName="DKSR-EFI-04" duration="00:00:00.0001638" startTime="2023-12-22T09:32:46.0685297+01:00" endTime="2023-12-22T09:32:46.0685297+01:00" testType="13cdc9d9-ddb5-4fa4-a97d-d965ccfc6d4b" outcome="Passed" testListId="8c84fa94-04c1-424b-9868-57a2d4851a1d" relativeResultsDirectory="68ac3e05-3df9-4bc7-ba3c-02bca5f24bac" />
    <UnitTestResult executionId="376b525f-32d6-4834-883d-4be2118df7e5" testId="ffefc0b1-07f0-2837-77ec-18947018b495" testName="GpsParserTestInvalidGpsDirection2" computerName="DKSR-EFI-04" duration="00:00:00.0004299" startTime="2023-12-22T09:32:31.1309578+01:00" endTime="2023-12-22T09:32:31.1309578+01:00" testType="13cdc9d9-ddb5-4fa4-a97d-d965ccfc6d4b" outcome="Passed" testListId="8c84fa94-04c1-424b-9868-57a2d4851a1d" relativeResultsDirectory="376b525f-32d6-4834-883d-4be2118df7e5" />
    <UnitTestResult executionId="acf7b748-3303-4fd8-95c8-bfc298586f61" testId="91bf7515-6dc2-2cb8-8d29-989112a67c97" testName="GetSunriseSunsetAppointmentTestHonolulu21DecUtcTimeZone" computerName="DKSR-EFI-04" duration="00:00:00.0003587" startTime="2023-12-22T09:32:46.2404028+01:00" endTime="2023-12-22T09:32:46.2404028+01:00" testType="13cdc9d9-ddb5-4fa4-a97d-d965ccfc6d4b" outcome="Passed" testListId="8c84fa94-04c1-424b-9868-57a2d4851a1d" relativeResultsDirectory="acf7b748-3303-4fd8-95c8-bfc298586f61" />
    <UnitTestResult executionId="fbdd9a32-057a-47f7-959c-c2e507217031" testId="e3dcfa35-f440-e876-82a3-692cd87c3695" testName="TimeProfileSunClockDefinitionConstructorTimeZoneNullTest" computerName="DKSR-EFI-04" duration="00:00:00.0005232" startTime="2023-12-22T09:32:45.8810265+01:00" endTime="2023-12-22T09:32:45.8810265+01:00" testType="13cdc9d9-ddb5-4fa4-a97d-d965ccfc6d4b" outcome="Passed" testListId="8c84fa94-04c1-424b-9868-57a2d4851a1d" relativeResultsDirectory="fbdd9a32-057a-47f7-959c-c2e507217031" />
    <UnitTestResult executionId="f2abf741-75cf-4017-aa2d-9d138e1cd5ff" testId="abe7a446-048d-c7c0-50af-1fc22c46e1e2" testName="TimeProfileInfragisticEvaluator102Constructor12Test" computerName="DKSR-EFI-04" duration="00:00:00.0046472" startTime="2023-12-22T09:32:44.8028994+01:00" endTime="2023-12-22T09:32:44.8028994+01:00" testType="13cdc9d9-ddb5-4fa4-a97d-d965ccfc6d4b" outcome="Passed" testListId="8c84fa94-04c1-424b-9868-57a2d4851a1d" relativeResultsDirectory="f2abf741-75cf-4017-aa2d-9d138e1cd5ff" />
    <UnitTestResult executionId="bc71d292-3c86-4831-8341-89396d23ec4f" testId="a1f1468d-e66d-d2f1-67fa-be6c4177a2f4" testName="CalculateSunriseSunsetWilliamTestArctic23SeptemberSunrise" computerName="DKSR-EFI-04" duration="00:00:00.0002136" startTime="2023-12-22T09:32:46.2091543+01:00" endTime="2023-12-22T09:32:46.2091543+01:00" testType="13cdc9d9-ddb5-4fa4-a97d-d965ccfc6d4b" outcome="Passed" testListId="8c84fa94-04c1-424b-9868-57a2d4851a1d" relativeResultsDirectory="bc71d292-3c86-4831-8341-89396d23ec4f" />
    <UnitTestResult executionId="182b6fd2-37c4-42ad-8ff1-a182a58a70f9" testId="d462790a-af39-260a-234c-3482f909c1ca" testName="TimeProfileEvaluatorConstructorTestInfragisticsInvalidXml" computerName="DKSR-EFI-04" duration="00:00:00.5652297" startTime="2023-12-22T09:32:31.1778330+01:00" endTime="2023-12-22T09:32:31.7403342+01:00" testType="13cdc9d9-ddb5-4fa4-a97d-d965ccfc6d4b" outcome="Passed" testListId="8c84fa94-04c1-424b-9868-57a2d4851a1d" relativeResultsDirectory="182b6fd2-37c4-42ad-8ff1-a182a58a70f9" />
    <UnitTestResult executionId="51e825a1-cdec-4af7-9db3-30ce2cd6fb29" testId="32cb23b5-725a-8f46-4cbe-5f09dd96a0c0" testName="GetAppointmentsRecurringWeekly2ndWednesdayTest" computerName="DKSR-EFI-04" duration="00:00:00.0424205" startTime="2023-12-22T09:32:45.4591490+01:00" endTime="2023-12-22T09:32:45.4904003+01:00" testType="13cdc9d9-ddb5-4fa4-a97d-d965ccfc6d4b" outcome="Passed" testListId="8c84fa94-04c1-424b-9868-57a2d4851a1d" relativeResultsDirectory="51e825a1-cdec-4af7-9db3-30ce2cd6fb29" />
    <UnitTestResult executionId="6a7f0069-f1ed-450f-9438-a7618eca7ca7" testId="92afd38a-54fc-3a8c-d029-44f5006e06fc" testName="GpsParserTestInvalidNorthMinusCombincation" computerName="DKSR-EFI-04" duration="00:00:00.0005592" startTime="2023-12-22T09:32:31.0840822+01:00" endTime="2023-12-22T09:32:31.0840822+01:00" testType="13cdc9d9-ddb5-4fa4-a97d-d965ccfc6d4b" outcome="Passed" testListId="8c84fa94-04c1-424b-9868-57a2d4851a1d" relativeResultsDirectory="6a7f0069-f1ed-450f-9438-a7618eca7ca7" />
    <UnitTestResult executionId="04186280-7509-40e9-a2ab-0fade229fbf3" testId="df8468df-26ce-c97b-8d24-563165538cf0" testName="EvaluateTimeTestSunClockIncorrectGpsCoordinate" computerName="DKSR-EFI-04" duration="00:00:00.0006780" startTime="2023-12-22T09:32:32.1622134+01:00" endTime="2023-12-22T09:32:32.1622134+01:00" testType="13cdc9d9-ddb5-4fa4-a97d-d965ccfc6d4b" outcome="Passed" testListId="8c84fa94-04c1-424b-9868-57a2d4851a1d" relativeResultsDirectory="04186280-7509-40e9-a2ab-0fade229fbf3" />
    <UnitTestResult executionId="3c2173a9-8c90-496c-89d1-228813b82131" testId="55793956-ba2c-ba45-3106-85c74e67f513" testName="TimeProfileInfragisticEvaluator63Constructor12Test" computerName="DKSR-EFI-04" duration="00:00:00.0095754" startTime="2023-12-22T09:32:44.6778992+01:00" endTime="2023-12-22T09:32:44.6778992+01:00" testType="13cdc9d9-ddb5-4fa4-a97d-d965ccfc6d4b" outcome="Passed" testListId="8c84fa94-04c1-424b-9868-57a2d4851a1d" relativeResultsDirectory="3c2173a9-8c90-496c-89d1-228813b82131" />
    <UnitTestResult executionId="129ee9be-82d0-45e9-b140-5cb1122a4d53" testId="4fdc10be-3946-2b6f-4977-7db4ef99fc1d" testName="GetSunriseSunsetAppointmentTestSidney21DecMinus10TimeZone" computerName="DKSR-EFI-04" duration="00:00:00.0005380" startTime="2023-12-22T09:32:46.2560288+01:00" endTime="2023-12-22T09:32:46.2560288+01:00" testType="13cdc9d9-ddb5-4fa4-a97d-d965ccfc6d4b" outcome="Passed" testListId="8c84fa94-04c1-424b-9868-57a2d4851a1d" relativeResultsDirectory="129ee9be-82d0-45e9-b140-5cb1122a4d53" />
    <UnitTestResult executionId="e5b36f07-2208-43fa-a761-51fd6419f84e" testId="68891365-18e4-2e0c-8901-452a70a41462" testName="GetSunriseSunsetAppointmentTestKiruna5DecPlus1TimeZone30MinOffset" computerName="DKSR-EFI-04" duration="00:00:00.0004973" startTime="2023-12-22T09:32:46.2716530+01:00" endTime="2023-12-22T09:32:46.2716530+01:00" testType="13cdc9d9-ddb5-4fa4-a97d-d965ccfc6d4b" outcome="Passed" testListId="8c84fa94-04c1-424b-9868-57a2d4851a1d" relativeResultsDirectory="e5b36f07-2208-43fa-a761-51fd6419f84e" />
    <UnitTestResult executionId="d20d9a72-fdf5-47c6-bfea-ff8209151bed" testId="2be83e57-a85d-63c8-9d8f-5c15b7b024e9" testName="GetSunriseSunsetAppointmentTestKiruna5DecPlus1TimeZone60MinOffset" computerName="DKSR-EFI-04" duration="00:00:00.0004975" startTime="2023-12-22T09:32:46.2716530+01:00" endTime="2023-12-22T09:32:46.2716530+01:00" testType="13cdc9d9-ddb5-4fa4-a97d-d965ccfc6d4b" outcome="Passed" testListId="8c84fa94-04c1-424b-9868-57a2d4851a1d" relativeResultsDirectory="d20d9a72-fdf5-47c6-bfea-ff8209151bed" />
    <UnitTestResult executionId="c941f5b1-1c40-4074-a808-1db6c793d720" testId="d41a2a7e-8e87-d431-3642-8c772f629598" testName="TimeProfileInfragisticEvaluator63Constructor10Test" computerName="DKSR-EFI-04" duration="00:00:00.0070693" startTime="2023-12-22T09:32:44.6466468+01:00" endTime="2023-12-22T09:32:44.6622710+01:00" testType="13cdc9d9-ddb5-4fa4-a97d-d965ccfc6d4b" outcome="Passed" testListId="8c84fa94-04c1-424b-9868-57a2d4851a1d" relativeResultsDirectory="c941f5b1-1c40-4074-a808-1db6c793d720" />
    <UnitTestResult executionId="c8b82181-2d15-4bdd-ad11-6f65bfb39446" testId="455e77fc-93cb-02d0-62aa-14a0217be97f" testName="TimeProfileInfragisticEvaluator63Constructor13Test" computerName="DKSR-EFI-04" duration="00:00:00.0072493" startTime="2023-12-22T09:32:44.6778992+01:00" endTime="2023-12-22T09:32:44.6935221+01:00" testType="13cdc9d9-ddb5-4fa4-a97d-d965ccfc6d4b" outcome="Passed" testListId="8c84fa94-04c1-424b-9868-57a2d4851a1d" relativeResultsDirectory="c8b82181-2d15-4bdd-ad11-6f65bfb39446" />
    <UnitTestResult executionId="7d52ff05-ad07-4a0f-9656-2763486ecd13" testId="a2298047-ad38-3f2c-2e2e-61151823b658" testName="GpsParserTest3_2Blocks" computerName="DKSR-EFI-04" duration="00:00:00.0003433" startTime="2023-12-22T09:32:31.0684575+01:00" endTime="2023-12-22T09:32:31.0684575+01:00" testType="13cdc9d9-ddb5-4fa4-a97d-d965ccfc6d4b" outcome="Passed" testListId="8c84fa94-04c1-424b-9868-57a2d4851a1d" relativeResultsDirectory="7d52ff05-ad07-4a0f-9656-2763486ecd13" />
    <UnitTestResult executionId="74e32fcf-e85e-4e7f-923e-7ed986eb78ce" testId="8955c4e1-dc58-f93b-7245-67d85ae63c16" testName="TimeProfileInfragisticEvaluatorConstructorTest" computerName="DKSR-EFI-04" duration="00:00:00.0020063" startTime="2023-12-22T09:32:44.5685210+01:00" endTime="2023-12-22T09:32:44.5685210+01:00" testType="13cdc9d9-ddb5-4fa4-a97d-d965ccfc6d4b" outcome="Passed" testListId="8c84fa94-04c1-424b-9868-57a2d4851a1d" relativeResultsDirectory="74e32fcf-e85e-4e7f-923e-7ed986eb78ce" />
    <UnitTestResult executionId="be9870c9-fd5c-4a89-b658-7fb7375d17d6" testId="6915e549-f8f4-1ae7-cbe8-d0893519dbfa" testName="SunSetOffsetOutOfRange1Test" computerName="DKSR-EFI-04" duration="00:00:00.0005963" startTime="2023-12-22T09:32:46.0216531+01:00" endTime="2023-12-22T09:32:46.0216531+01:00" testType="13cdc9d9-ddb5-4fa4-a97d-d965ccfc6d4b" outcome="Passed" testListId="8c84fa94-04c1-424b-9868-57a2d4851a1d" relativeResultsDirectory="be9870c9-fd5c-4a89-b658-7fb7375d17d6" />
    <UnitTestResult executionId="b5631620-07a6-432e-895c-80faa1826bb7" testId="ced0333e-8d07-1b79-86dc-2b42559e7ad9" testName="CalculateSunriseSunsetWilliamTestDaresSalaam21DecSunrise" computerName="DKSR-EFI-04" duration="00:00:00.0001626" startTime="2023-12-22T09:32:46.0841531+01:00" endTime="2023-12-22T09:32:46.0841531+01:00" testType="13cdc9d9-ddb5-4fa4-a97d-d965ccfc6d4b" outcome="Passed" testListId="8c84fa94-04c1-424b-9868-57a2d4851a1d" relativeResultsDirectory="b5631620-07a6-432e-895c-80faa1826bb7" />
    <UnitTestResult executionId="a3081b8f-7e50-4f8c-b1a5-796ca7b30d23" testId="d8c2903f-3283-df1c-7720-a6b5b2b3663e" testName="GetSunriseSunsetAppointmentTestCopenhagen21JunPlus10TimeZone" computerName="DKSR-EFI-04" duration="00:00:00.0005886" startTime="2023-12-22T09:32:46.2404028+01:00" endTime="2023-12-22T09:32:46.2404028+01:00" testType="13cdc9d9-ddb5-4fa4-a97d-d965ccfc6d4b" outcome="Passed" testListId="8c84fa94-04c1-424b-9868-57a2d4851a1d" relativeResultsDirectory="a3081b8f-7e50-4f8c-b1a5-796ca7b30d23" />
    <UnitTestResult executionId="2a65d4f8-1455-4f33-8e17-d9dc2c319ff4" testId="54636e70-bb1c-4a66-8114-59997ee713fb" testName="FromXmlInvalidXmlMissingSectionGPSCoordinateTest" computerName="DKSR-EFI-04" duration="00:00:00.0005304" startTime="2023-12-22T09:32:45.9747764+01:00" endTime="2023-12-22T09:32:45.9747764+01:00" testType="13cdc9d9-ddb5-4fa4-a97d-d965ccfc6d4b" outcome="Passed" testListId="8c84fa94-04c1-424b-9868-57a2d4851a1d" relativeResultsDirectory="2a65d4f8-1455-4f33-8e17-d9dc2c319ff4" />
    <UnitTestResult executionId="09c54755-ad6f-469e-b34a-7f44d81699be" testId="0932dd06-37dd-cbf8-4b21-ca18fbf53d3c" testName="CalculateSunriseSunsetWilliamTestSydney21DecSunset" computerName="DKSR-EFI-04" duration="00:00:00.0001631" startTime="2023-12-22T09:32:46.0997807+01:00" endTime="2023-12-22T09:32:46.0997807+01:00" testType="13cdc9d9-ddb5-4fa4-a97d-d965ccfc6d4b" outcome="Passed" testListId="8c84fa94-04c1-424b-9868-57a2d4851a1d" relativeResultsDirectory="09c54755-ad6f-469e-b34a-7f44d81699be" />
    <UnitTestResult executionId="19507a74-86a7-4f7d-b486-bd4abb6046bd" testId="b9b5c66d-dabc-2201-bd04-217ef8602530" testName="GetAppointmentsSingleTwoDaysInfragisticVersionTest" computerName="DKSR-EFI-04" duration="00:00:00.0104951" startTime="2023-12-22T09:32:45.8029008+01:00" endTime="2023-12-22T09:32:45.8185281+01:00" testType="13cdc9d9-ddb5-4fa4-a97d-d965ccfc6d4b" outcome="Passed" testListId="8c84fa94-04c1-424b-9868-57a2d4851a1d" relativeResultsDirectory="19507a74-86a7-4f7d-b486-bd4abb6046bd" />
    <UnitTestResult executionId="28eac960-750e-4ba6-916f-6e8978b9a874" testId="898ee7c6-afe3-4af2-2a1a-ec6c83e40258" testName="GpsParserTestMissingBlockSeparatorNorthWest" computerName="DKSR-EFI-04" duration="00:00:00.0004867" startTime="2023-12-22T09:32:31.1153777+01:00" endTime="2023-12-22T09:32:31.1153777+01:00" testType="13cdc9d9-ddb5-4fa4-a97d-d965ccfc6d4b" outcome="Passed" testListId="8c84fa94-04c1-424b-9868-57a2d4851a1d" relativeResultsDirectory="28eac960-750e-4ba6-916f-6e8978b9a874" />
    <UnitTestResult executionId="a26f874c-c2ce-41c8-a4b2-2b5112270d7b" testId="83901aea-67c8-cfd0-f364-1511967c08c8" testName="TimeProfileSunClockDefinitionConstructorTimeZoneIdTest" computerName="DKSR-EFI-04" duration="00:00:00.0002764" startTime="2023-12-22T09:32:45.8810265+01:00" endTime="2023-12-22T09:32:45.8810265+01:00" testType="13cdc9d9-ddb5-4fa4-a97d-d965ccfc6d4b" outcome="Passed" testListId="8c84fa94-04c1-424b-9868-57a2d4851a1d" relativeResultsDirectory="a26f874c-c2ce-41c8-a4b2-2b5112270d7b" />
    <UnitTestResult executionId="cce5839c-024e-4f0c-aa13-77a9322ada30" testId="4d4bc531-568f-7e64-a92a-1f9939778b34" testName="GetSunriseSunsetAppointmentTestHonolulu21DecPlus10TimeZone" computerName="DKSR-EFI-04" duration="00:00:00.0005694" startTime="2023-12-22T09:32:46.2404028+01:00" endTime="2023-12-22T09:32:46.2404028+01:00" testType="13cdc9d9-ddb5-4fa4-a97d-d965ccfc6d4b" outcome="Passed" testListId="8c84fa94-04c1-424b-9868-57a2d4851a1d" relativeResultsDirectory="cce5839c-024e-4f0c-aa13-77a9322ada30" />
    <UnitTestResult executionId="5caa5100-18f4-4f4d-8c8d-adce96f79577" testId="3daf4e07-f501-08ed-20c9-215cb67cedac" testName="GetSunriseSunsetAppointmentTestSidney21DecUtcTimeZone" computerName="DKSR-EFI-04" duration="00:00:00.0003337" startTime="2023-12-22T09:32:46.2560288+01:00" endTime="2023-12-22T09:32:46.2560288+01:00" testType="13cdc9d9-ddb5-4fa4-a97d-d965ccfc6d4b" outcome="Passed" testListId="8c84fa94-04c1-424b-9868-57a2d4851a1d" relativeResultsDirectory="5caa5100-18f4-4f4d-8c8d-adce96f79577" />
    <UnitTestResult executionId="117f3cab-0746-41a3-bb30-527fb57e4619" testId="09f99fef-cba4-1120-2f3c-e2d274a94226" testName="CalculateSunriseSunsetWilliamTestKiruna21JunSunrise" computerName="DKSR-EFI-04" duration="00:00:00.0001626" startTime="2023-12-22T09:32:46.1154058+01:00" endTime="2023-12-22T09:32:46.1154058+01:00" testType="13cdc9d9-ddb5-4fa4-a97d-d965ccfc6d4b" outcome="Passed" testListId="8c84fa94-04c1-424b-9868-57a2d4851a1d" relativeResultsDirectory="117f3cab-0746-41a3-bb30-527fb57e4619" />
    <UnitTestResult executionId="5b339dcc-7f64-4e66-aee4-e864cc994092" testId="2c46dd61-b937-126d-158a-ab2625410567" testName="AddTimeProfileTest" computerName="DKSR-EFI-04" duration="00:00:00.0015047" startTime="2023-12-22T09:32:45.8341503+01:00" endTime="2023-12-22T09:32:45.8341503+01:00" testType="13cdc9d9-ddb5-4fa4-a97d-d965ccfc6d4b" outcome="Passed" testListId="8c84fa94-04c1-424b-9868-57a2d4851a1d" relativeResultsDirectory="5b339dcc-7f64-4e66-aee4-e864cc994092" />
    <UnitTestResult executionId="dd415b24-b9ce-41f5-aade-5812a0ed1384" testId="36afce01-abe3-858e-56d5-ab204227f083" testName="CalculateSunriseSunsetWilliamTestKiruna21JunSunset" computerName="DKSR-EFI-04" duration="00:00:00.0001515" startTime="2023-12-22T09:32:46.1154058+01:00" endTime="2023-12-22T09:32:46.1154058+01:00" testType="13cdc9d9-ddb5-4fa4-a97d-d965ccfc6d4b" outcome="Passed" testListId="8c84fa94-04c1-424b-9868-57a2d4851a1d" relativeResultsDirectory="dd415b24-b9ce-41f5-aade-5812a0ed1384" />
    <UnitTestResult executionId="2bf8564f-5370-4ab0-9c50-b5bf6fca521a" testId="1b755ad0-36d2-1e59-0194-4cb8875518aa" testName="TimeProfileSunClockDefinitionConstructorSunRiseOutOfRange1Test" computerName="DKSR-EFI-04" duration="00:00:00.0005324" startTime="2023-12-22T09:32:45.8654017+01:00" endTime="2023-12-22T09:32:45.8654017+01:00" testType="13cdc9d9-ddb5-4fa4-a97d-d965ccfc6d4b" outcome="Passed" testListId="8c84fa94-04c1-424b-9868-57a2d4851a1d" relativeResultsDirectory="2bf8564f-5370-4ab0-9c50-b5bf6fca521a" />
    <UnitTestResult executionId="f897202e-6e35-4fb3-903e-87bc3b0d95cd" testId="fb72dbef-e0bd-c211-55f5-37d0524cf04d" testName="TimeProfileInfragisticEvaluator102Constructor5Test" computerName="DKSR-EFI-04" duration="00:00:00.0045172" startTime="2023-12-22T09:32:44.7560227+01:00" endTime="2023-12-22T09:32:44.7716469+01:00" testType="13cdc9d9-ddb5-4fa4-a97d-d965ccfc6d4b" outcome="Passed" testListId="8c84fa94-04c1-424b-9868-57a2d4851a1d" relativeResultsDirectory="f897202e-6e35-4fb3-903e-87bc3b0d95cd" />
    <UnitTestResult executionId="be8658f2-30af-4b75-9573-d8a3b143f5ce" testId="8b297e67-a2ba-d7d0-6dee-e4217aa91b53" testName="GetAppointmentsSingleTwoDaysTest" computerName="DKSR-EFI-04" duration="00:00:00.0050933" startTime="2023-12-22T09:32:45.8029008+01:00" endTime="2023-12-22T09:32:45.8029008+01:00" testType="13cdc9d9-ddb5-4fa4-a97d-d965ccfc6d4b" outcome="Passed" testListId="8c84fa94-04c1-424b-9868-57a2d4851a1d" relativeResultsDirectory="be8658f2-30af-4b75-9573-d8a3b143f5ce" />
    <UnitTestResult executionId="f07444ec-a1f7-4b81-a7c3-b43f535eb198" testId="5fe6369f-75b3-1103-cb8b-6afc25633681" testName="CalculateSunriseSunsetWilliamTestArctic22SeptemberSunrise" computerName="DKSR-EFI-04" duration="00:00:00.0001677" startTime="2023-12-22T09:32:46.2091543+01:00" endTime="2023-12-22T09:32:46.2091543+01:00" testType="13cdc9d9-ddb5-4fa4-a97d-d965ccfc6d4b" outcome="Passed" testListId="8c84fa94-04c1-424b-9868-57a2d4851a1d" relativeResultsDirectory="f07444ec-a1f7-4b81-a7c3-b43f535eb198" />
    <UnitTestResult executionId="e56e5e16-df0c-43e3-bb50-bb99f6513dbe" testId="5f1fe784-3fcd-2c06-f213-c0e1fc47e744" testName="TimeProfileSunClockDefinitionConstructor1Test" computerName="DKSR-EFI-04" duration="00:00:00.0009627" startTime="2023-12-22T09:32:45.8810265+01:00" endTime="2023-12-22T09:32:45.8810265+01:00" testType="13cdc9d9-ddb5-4fa4-a97d-d965ccfc6d4b" outcome="Passed" testListId="8c84fa94-04c1-424b-9868-57a2d4851a1d" relativeResultsDirectory="e56e5e16-df0c-43e3-bb50-bb99f6513dbe" />
    <UnitTestResult executionId="845f42cb-1e1c-49fe-bdec-0964cdb1d033" testId="dd838699-a1f2-0a33-8f2b-c306d2629eb9" testName="GpsParserTest3_3BlocksReverseOrder" computerName="DKSR-EFI-04" duration="00:00:00.0003560" startTime="2023-12-22T09:32:31.0840822+01:00" endTime="2023-12-22T09:32:31.0840822+01:00" testType="13cdc9d9-ddb5-4fa4-a97d-d965ccfc6d4b" outcome="Passed" testListId="8c84fa94-04c1-424b-9868-57a2d4851a1d" relativeResultsDirectory="845f42cb-1e1c-49fe-bdec-0964cdb1d033" />
    <UnitTestResult executionId="f64410d2-f9ff-40b2-87a8-3d083c15ea29" testId="4b40e5c2-a2db-74ae-2fe6-97f3dc185c08" testName="GetSunriseSunsetAppointmentTestCopenhagen21JunUtcTimeZone" computerName="DKSR-EFI-04" duration="00:00:00.0003967" startTime="2023-12-22T09:32:46.2404028+01:00" endTime="2023-12-22T09:32:46.2404028+01:00" testType="13cdc9d9-ddb5-4fa4-a97d-d965ccfc6d4b" outcome="Passed" testListId="8c84fa94-04c1-424b-9868-57a2d4851a1d" relativeResultsDirectory="f64410d2-f9ff-40b2-87a8-3d083c15ea29" />
    <UnitTestResult executionId="5c194743-c5af-4060-83ea-942442051d15" testId="1b86b319-6381-7678-515f-60a624b392a8" testName="TimeProfileInfragisticEvaluator63Constructor5Test" computerName="DKSR-EFI-04" duration="00:00:00.0072045" startTime="2023-12-22T09:32:44.6153970+01:00" endTime="2023-12-22T09:32:44.6153970+01:00" testType="13cdc9d9-ddb5-4fa4-a97d-d965ccfc6d4b" outcome="Passed" testListId="8c84fa94-04c1-424b-9868-57a2d4851a1d" relativeResultsDirectory="5c194743-c5af-4060-83ea-942442051d15" />
    <UnitTestResult executionId="83f98986-272b-4d49-b62e-61b558520a60" testId="96e45edb-2c18-59ce-b879-b20ee583abaa" testName="GetAppointmentsTestCopenhagen21JunMinus10TimeZone" computerName="DKSR-EFI-04" duration="00:00:00.0008267" startTime="2023-12-22T09:32:46.2872773+01:00" endTime="2023-12-22T09:32:46.2872773+01:00" testType="13cdc9d9-ddb5-4fa4-a97d-d965ccfc6d4b" outcome="Passed" testListId="8c84fa94-04c1-424b-9868-57a2d4851a1d" relativeResultsDirectory="83f98986-272b-4d49-b62e-61b558520a60" />
    <UnitTestResult executionId="3c79e1b2-d072-4033-a171-d20c0c062496" testId="e996c3b1-63fd-74bb-250d-47a9d9c65e34" testName="GetSunriseSunsetAppointmentTestKiruna21DecPlus1TimeZone" computerName="DKSR-EFI-04" duration="00:00:00.0012680" startTime="2023-12-22T09:32:46.2560288+01:00" endTime="2023-12-22T09:32:46.2560288+01:00" testType="13cdc9d9-ddb5-4fa4-a97d-d965ccfc6d4b" outcome="Passed" testListId="8c84fa94-04c1-424b-9868-57a2d4851a1d" relativeResultsDirectory="3c79e1b2-d072-4033-a171-d20c0c062496" />
    <UnitTestResult executionId="a7c0b496-419e-43e7-b1aa-56ce2e0c136f" testId="f465dbaa-10b3-a17d-0ef7-c458491a0d0f" testName="GpsParserTestTooFewBlocks" computerName="DKSR-EFI-04" duration="00:00:00.0010948" startTime="2023-12-22T09:32:31.0840822+01:00" endTime="2023-12-22T09:32:31.0840822+01:00" testType="13cdc9d9-ddb5-4fa4-a97d-d965ccfc6d4b" outcome="Passed" testListId="8c84fa94-04c1-424b-9868-57a2d4851a1d" relativeResultsDirectory="a7c0b496-419e-43e7-b1aa-56ce2e0c136f" />
    <UnitTestResult executionId="8a0a8197-7ae1-408a-9a32-7fbfb239e24d" testId="da566e6d-d594-ecb1-8dcb-aea07d997e20" testName="GpsParserTestInvalidLongitudeDirection" computerName="DKSR-EFI-04" duration="00:00:00.0004955" startTime="2023-12-22T09:32:31.0997075+01:00" endTime="2023-12-22T09:32:31.0997075+01:00" testType="13cdc9d9-ddb5-4fa4-a97d-d965ccfc6d4b" outcome="Passed" testListId="8c84fa94-04c1-424b-9868-57a2d4851a1d" relativeResultsDirectory="8a0a8197-7ae1-408a-9a32-7fbfb239e24d" />
    <UnitTestResult executionId="1d058229-c74c-4ebc-b734-aa0e8a7f49e5" testId="88aa526a-4b25-5b8e-efef-085638c0009a" testName="GpsParserTestInvalidLatitudeDirection" computerName="DKSR-EFI-04" duration="00:00:00.0004801" startTime="2023-12-22T09:32:31.0997075+01:00" endTime="2023-12-22T09:32:31.0997075+01:00" testType="13cdc9d9-ddb5-4fa4-a97d-d965ccfc6d4b" outcome="Passed" testListId="8c84fa94-04c1-424b-9868-57a2d4851a1d" relativeResultsDirectory="1d058229-c74c-4ebc-b734-aa0e8a7f49e5" />
    <UnitTestResult executionId="6c7df4dd-aaad-4a68-a1b2-9e7b2f70f0b7" testId="0de2539f-b2c4-58ee-f307-27f91c575e96" testName="GPSCoordinateConstructorTest1InvalidLongitude" computerName="DKSR-EFI-04" duration="00:00:00.0005023" startTime="2023-12-22T09:32:30.9747061+01:00" endTime="2023-12-22T09:32:30.9747061+01:00" testType="13cdc9d9-ddb5-4fa4-a97d-d965ccfc6d4b" outcome="Passed" testListId="8c84fa94-04c1-424b-9868-57a2d4851a1d" relativeResultsDirectory="6c7df4dd-aaad-4a68-a1b2-9e7b2f70f0b7" />
    <UnitTestResult executionId="c3217696-5df3-4740-b8e8-8c5f16f85830" testId="71e7203d-23eb-b48d-91ed-440cf6cb05b6" testName="CalculateSunriseSunsetWilliamTestAntarctica21JunSunrise" computerName="DKSR-EFI-04" duration="00:00:00.0001718" startTime="2023-12-22T09:32:46.2091543+01:00" endTime="2023-12-22T09:32:46.2091543+01:00" testType="13cdc9d9-ddb5-4fa4-a97d-d965ccfc6d4b" outcome="Passed" testListId="8c84fa94-04c1-424b-9868-57a2d4851a1d" relativeResultsDirectory="c3217696-5df3-4740-b8e8-8c5f16f85830" />
    <UnitTestResult executionId="d0091ce3-3d19-4bef-b738-821e29f82d56" testId="5e59ea89-62d4-77ce-416a-14501d0b72a7" testName="GetAppointmentsRecurringMonthlyFirstDayTest" computerName="DKSR-EFI-04" duration="00:00:00.0230419" startTime="2023-12-22T09:32:45.2872754+01:00" endTime="2023-12-22T09:32:45.3185256+01:00" testType="13cdc9d9-ddb5-4fa4-a97d-d965ccfc6d4b" outcome="Passed" testListId="8c84fa94-04c1-424b-9868-57a2d4851a1d" relativeResultsDirectory="d0091ce3-3d19-4bef-b738-821e29f82d56" />
    <UnitTestResult executionId="e7149f16-c8bb-4bd4-bfa8-781ddaf9dbc9" testId="03cc54ec-4d44-ae6f-7f2b-44d8170c3ea1" testName="FromXmlTest" computerName="DKSR-EFI-04" duration="00:00:00.0011472" startTime="2023-12-22T09:32:45.8966526+01:00" endTime="2023-12-22T09:32:45.8966526+01:00" testType="13cdc9d9-ddb5-4fa4-a97d-d965ccfc6d4b" outcome="Passed" testListId="8c84fa94-04c1-424b-9868-57a2d4851a1d" relativeResultsDirectory="e7149f16-c8bb-4bd4-bfa8-781ddaf9dbc9" />
    <UnitTestResult executionId="f7eb982b-9d3e-49ea-ac9a-9b7c9ec4f690" testId="6166c15b-55d9-393f-83ea-c0906a6b9e18" testName="FromXmlInvalidXmlTest" computerName="DKSR-EFI-04" duration="00:00:00.0005904" startTime="2023-12-22T09:32:45.9747764+01:00" endTime="2023-12-22T09:32:45.9747764+01:00" testType="13cdc9d9-ddb5-4fa4-a97d-d965ccfc6d4b" outcome="Passed" testListId="8c84fa94-04c1-424b-9868-57a2d4851a1d" relativeResultsDirectory="f7eb982b-9d3e-49ea-ac9a-9b7c9ec4f690" />
    <UnitTestResult executionId="49082930-b4c6-4102-b2bd-3a9a925183f6" testId="3e71affa-6e0f-fe00-2b83-7398b5a081c2" testName="FromXmlInvalidXmlInvalidTimeZoneIdTest" computerName="DKSR-EFI-04" duration="00:00:00.0008428" startTime="2023-12-22T09:32:45.9904027+01:00" endTime="2023-12-22T09:32:45.9904027+01:00" testType="13cdc9d9-ddb5-4fa4-a97d-d965ccfc6d4b" outcome="Passed" testListId="8c84fa94-04c1-424b-9868-57a2d4851a1d" relativeResultsDirectory="49082930-b4c6-4102-b2bd-3a9a925183f6" />
    <UnitTestResult executionId="e0ce78dd-974c-41e4-8fc4-bff8383d8b5c" testId="8ff63640-5ce1-f894-5a38-7961907f3481" testName="TimeProfileSunClockDefinitionConstructorOffSetTest" computerName="DKSR-EFI-04" duration="00:00:00.0002453" startTime="2023-12-22T09:32:45.8654017+01:00" endTime="2023-12-22T09:32:45.8654017+01:00" testType="13cdc9d9-ddb5-4fa4-a97d-d965ccfc6d4b" outcome="Passed" testListId="8c84fa94-04c1-424b-9868-57a2d4851a1d" relativeResultsDirectory="e0ce78dd-974c-41e4-8fc4-bff8383d8b5c" />
    <UnitTestResult executionId="28fc069a-0085-453f-936f-503149354965" testId="319d6d77-19d7-4f53-401e-6bf6cf40e53e" testName="GetAppointmentsAllDayTwoDaysInfragisticVersionTest" computerName="DKSR-EFI-04" duration="00:00:00.0109289" startTime="2023-12-22T09:32:44.9278968+01:00" endTime="2023-12-22T09:32:44.9435225+01:00" testType="13cdc9d9-ddb5-4fa4-a97d-d965ccfc6d4b" outcome="Passed" testListId="8c84fa94-04c1-424b-9868-57a2d4851a1d" relativeResultsDirectory="28fc069a-0085-453f-936f-503149354965" />
    <UnitTestResult executionId="6515a002-261a-4144-b14b-658c9810d464" testId="482a5538-dc6d-2d32-9976-e019ee344bc3" testName="GpsParserTestInvalidDirectionIn4Block" computerName="DKSR-EFI-04" duration="00:00:00.0004782" startTime="2023-12-22T09:32:31.0997075+01:00" endTime="2023-12-22T09:32:31.0997075+01:00" testType="13cdc9d9-ddb5-4fa4-a97d-d965ccfc6d4b" outcome="Passed" testListId="8c84fa94-04c1-424b-9868-57a2d4851a1d" relativeResultsDirectory="6515a002-261a-4144-b14b-658c9810d464" />
    <UnitTestResult executionId="e46583f2-5095-4f29-880a-631ee112d52a" testId="c6792ab0-e874-a40e-7df8-6f52efeed0f1" testName="GpsParserTest1_1BlocksPlusMinus" computerName="DKSR-EFI-04" duration="00:00:00.0002688" startTime="2023-12-22T09:32:31.0528333+01:00" endTime="2023-12-22T09:32:31.0528333+01:00" testType="13cdc9d9-ddb5-4fa4-a97d-d965ccfc6d4b" outcome="Passed" testListId="8c84fa94-04c1-424b-9868-57a2d4851a1d" relativeResultsDirectory="e46583f2-5095-4f29-880a-631ee112d52a" />
    <UnitTestResult executionId="fa7e477c-e789-465c-a905-b67fd28ffd8f" testId="f2c1317d-3de9-cb11-37cf-34b46c96db06" testName="SunSetOffsetTest" computerName="DKSR-EFI-04" duration="00:00:00.0002150" startTime="2023-12-22T09:32:46.0216531+01:00" endTime="2023-12-22T09:32:46.0216531+01:00" testType="13cdc9d9-ddb5-4fa4-a97d-d965ccfc6d4b" outcome="Passed" testListId="8c84fa94-04c1-424b-9868-57a2d4851a1d" relativeResultsDirectory="fa7e477c-e789-465c-a905-b67fd28ffd8f" />
    <UnitTestResult executionId="d61aa44b-b599-44d2-ab9a-b3b4ce2bdda8" testId="5619b6b3-7e56-044d-742e-cd9f12bf8e99" testName="GetAppointmentsTestSummerTime2" computerName="DKSR-EFI-04" duration="00:00:00.0010712" startTime="2023-12-22T09:32:46.3029034+01:00" endTime="2023-12-22T09:32:46.3029034+01:00" testType="13cdc9d9-ddb5-4fa4-a97d-d965ccfc6d4b" outcome="Passed" testListId="8c84fa94-04c1-424b-9868-57a2d4851a1d" relativeResultsDirectory="d61aa44b-b599-44d2-ab9a-b3b4ce2bdda8" />
    <UnitTestResult executionId="dafde2c5-6f2f-44b1-a078-46681d7574ba" testId="9dc0bbe2-d5a1-fdd8-eef5-0abe67d1f186" testName="CalculateSunriseSunsetWilliamTestHonolulu21DecSunrise" computerName="DKSR-EFI-04" duration="00:00:00.0001485" startTime="2023-12-22T09:32:46.0841531+01:00" endTime="2023-12-22T09:32:46.0841531+01:00" testType="13cdc9d9-ddb5-4fa4-a97d-d965ccfc6d4b" outcome="Passed" testListId="8c84fa94-04c1-424b-9868-57a2d4851a1d" relativeResultsDirectory="dafde2c5-6f2f-44b1-a078-46681d7574ba" />
    <UnitTestResult executionId="07daf63a-ab59-4cc3-9499-b1618fe8698d" testId="f435a5c1-7ded-77ad-d02a-dbade0e7d203" testName="TimeProfileSunClockDefinitionConstructorTest" computerName="DKSR-EFI-04" duration="00:00:00.0006110" startTime="2023-12-22T09:32:45.8497778+01:00" endTime="2023-12-22T09:32:45.8654017+01:00" testType="13cdc9d9-ddb5-4fa4-a97d-d965ccfc6d4b" outcome="Passed" testListId="8c84fa94-04c1-424b-9868-57a2d4851a1d" relativeResultsDirectory="07daf63a-ab59-4cc3-9499-b1618fe8698d" />
    <UnitTestResult executionId="388511d8-cc89-41cc-81e5-cb4fcbf2ff41" testId="7bc67c88-a6a9-f02d-b889-02797dbefe7b" testName="GetAppointmentsAllDayTwoDaysTest" computerName="DKSR-EFI-04" duration="00:00:00.0048080" startTime="2023-12-22T09:32:44.9278968+01:00" endTime="2023-12-22T09:32:44.9278968+01:00" testType="13cdc9d9-ddb5-4fa4-a97d-d965ccfc6d4b" outcome="Passed" testListId="8c84fa94-04c1-424b-9868-57a2d4851a1d" relativeResultsDirectory="388511d8-cc89-41cc-81e5-cb4fcbf2ff41" />
    <UnitTestResult executionId="5e8a421b-2325-4635-b235-6f474fd9fc6f" testId="47c35df5-73d3-246c-2358-107289cb2c0c" testName="CalculateSunriseSunsetWilliamTestSydney21DecSunrise" computerName="DKSR-EFI-04" duration="00:00:00.0001597" startTime="2023-12-22T09:32:46.0997807+01:00" endTime="2023-12-22T09:32:46.0997807+01:00" testType="13cdc9d9-ddb5-4fa4-a97d-d965ccfc6d4b" outcome="Passed" testListId="8c84fa94-04c1-424b-9868-57a2d4851a1d" relativeResultsDirectory="5e8a421b-2325-4635-b235-6f474fd9fc6f" />
    <UnitTestResult executionId="e1955d48-864c-49c8-9c58-921e8c34cf4e" testId="857ba51e-9ff6-a26c-445b-7c9d14018eb3" testName="GpsParserTest3_3Blocks" computerName="DKSR-EFI-04" duration="00:00:00.0003296" startTime="2023-12-22T09:32:31.0684575+01:00" endTime="2023-12-22T09:32:31.0684575+01:00" testType="13cdc9d9-ddb5-4fa4-a97d-d965ccfc6d4b" outcome="Passed" testListId="8c84fa94-04c1-424b-9868-57a2d4851a1d" relativeResultsDirectory="e1955d48-864c-49c8-9c58-921e8c34cf4e" />
    <UnitTestResult executionId="713e892b-d056-4229-bc78-8228bfa5320d" testId="c33cba91-b792-4c4b-ced5-98faa4af3432" testName="TimeProfileInfragisticEvaluatorConstructorArgumentInvalid1Test" computerName="DKSR-EFI-04" duration="00:00:00.0006688" startTime="2023-12-22T09:32:44.5841481+01:00" endTime="2023-12-22T09:32:44.5841481+01:00" testType="13cdc9d9-ddb5-4fa4-a97d-d965ccfc6d4b" outcome="Passed" testListId="8c84fa94-04c1-424b-9868-57a2d4851a1d" relativeResultsDirectory="713e892b-d056-4229-bc78-8228bfa5320d" />
    <UnitTestResult executionId="99eda773-8eac-4919-b6f4-a3afa22f4f3a" testId="5ddbdf65-dd2d-c94c-324f-febba4b1b691" testName="CalculateSunriseSunsetWilliamTestArctic21MarchSunrise" computerName="DKSR-EFI-04" duration="00:00:00.0001682" startTime="2023-12-22T09:32:46.1935271+01:00" endTime="2023-12-22T09:32:46.1935271+01:00" testType="13cdc9d9-ddb5-4fa4-a97d-d965ccfc6d4b" outcome="Passed" testListId="8c84fa94-04c1-424b-9868-57a2d4851a1d" relativeResultsDirectory="99eda773-8eac-4919-b6f4-a3afa22f4f3a" />
    <UnitTestResult executionId="d466500f-067d-44db-9397-fa778d23c027" testId="d9c53bfc-56f0-92d0-40aa-bbed606a1815" testName="CalculateSunriseSunsetWilliamTestSanJuan21JunSunrise" computerName="DKSR-EFI-04" duration="00:00:00.0001510" startTime="2023-12-22T09:32:46.0685297+01:00" endTime="2023-12-22T09:32:46.0685297+01:00" testType="13cdc9d9-ddb5-4fa4-a97d-d965ccfc6d4b" outcome="Passed" testListId="8c84fa94-04c1-424b-9868-57a2d4851a1d" relativeResultsDirectory="d466500f-067d-44db-9397-fa778d23c027" />
    <UnitTestResult executionId="a32bb096-aba4-465f-ab22-f763a4e84310" testId="f43ed080-9774-9067-473e-4c8255ac70a9" testName="CalculateSunriseSunsetWilliamTestAntarctica23SeptemberSunrise" computerName="DKSR-EFI-04" duration="00:00:00.0002002" startTime="2023-12-22T09:32:46.2247799+01:00" endTime="2023-12-22T09:32:46.2247799+01:00" testType="13cdc9d9-ddb5-4fa4-a97d-d965ccfc6d4b" outcome="Passed" testListId="8c84fa94-04c1-424b-9868-57a2d4851a1d" relativeResultsDirectory="a32bb096-aba4-465f-ab22-f763a4e84310" />
    <UnitTestResult executionId="dbabbaa3-876d-429c-aa61-51adfc5bd492" testId="7c24855d-c3a1-21ac-bed0-6321e2551dc4" testName="CalculateSunriseSunsetWilliamTestCopenhagen21DecSunrise" computerName="DKSR-EFI-04" duration="00:00:00.0001838" startTime="2023-12-22T09:32:46.0529028+01:00" endTime="2023-12-22T09:32:46.0529028+01:00" testType="13cdc9d9-ddb5-4fa4-a97d-d965ccfc6d4b" outcome="Passed" testListId="8c84fa94-04c1-424b-9868-57a2d4851a1d" relativeResultsDirectory="dbabbaa3-876d-429c-aa61-51adfc5bd492" />
    <UnitTestResult executionId="624cd6ae-269b-4d89-ae7f-6cd993ed8565" testId="bd8f573c-cdfa-ea20-bfb1-7c19c7ba4348" testName="CalculateSunriseSunsetWilliamTestNearAntarctica20MarchSunrise" computerName="DKSR-EFI-04" duration="00:00:00.0001406" startTime="2023-12-22T09:32:46.1310294+01:00" endTime="2023-12-22T09:32:46.1310294+01:00" testType="13cdc9d9-ddb5-4fa4-a97d-d965ccfc6d4b" outcome="Passed" testListId="8c84fa94-04c1-424b-9868-57a2d4851a1d" relativeResultsDirectory="624cd6ae-269b-4d89-ae7f-6cd993ed8565" />
    <UnitTestResult executionId="19df6eb3-bdd1-4a4c-aab6-78876819d3b6" testId="6c432e73-2c10-809c-b62c-9e3213594e15" testName="GPSCoordinateConstructorTestLongitudeOutOfRange" computerName="DKSR-EFI-04" duration="00:00:00.0007990" startTime="2023-12-22T09:32:30.9747061+01:00" endTime="2023-12-22T09:32:30.9747061+01:00" testType="13cdc9d9-ddb5-4fa4-a97d-d965ccfc6d4b" outcome="Passed" testListId="8c84fa94-04c1-424b-9868-57a2d4851a1d" relativeResultsDirectory="19df6eb3-bdd1-4a4c-aab6-78876819d3b6" />
    <UnitTestResult executionId="78b92874-5d07-44ba-9309-7f2647778370" testId="3b46f6d1-0f98-1149-7fed-05ecad555a81" testName="EvaluateTimeTestSunClockCopenhagen21DecOK" computerName="DKSR-EFI-04" duration="00:00:00.0007344" startTime="2023-12-22T09:32:32.1622134+01:00" endTime="2023-12-22T09:32:32.1622134+01:00" testType="13cdc9d9-ddb5-4fa4-a97d-d965ccfc6d4b" outcome="Passed" testListId="8c84fa94-04c1-424b-9868-57a2d4851a1d" relativeResultsDirectory="78b92874-5d07-44ba-9309-7f2647778370" />
    <UnitTestResult executionId="db54dd72-836e-46e3-9b1f-358ae8c76f0a" testId="644776f6-61d8-6b2a-d996-6b2ef0eb3bb4" testName="TimeProfileInfragisticEvaluator63Constructor15Test" computerName="DKSR-EFI-04" duration="00:00:00.0074485" startTime="2023-12-22T09:32:44.7091476+01:00" endTime="2023-12-22T09:32:44.7091476+01:00" testType="13cdc9d9-ddb5-4fa4-a97d-d965ccfc6d4b" outcome="Passed" testListId="8c84fa94-04c1-424b-9868-57a2d4851a1d" relativeResultsDirectory="db54dd72-836e-46e3-9b1f-358ae8c76f0a" />
    <UnitTestResult executionId="18469c6e-c847-4e1f-9e46-eae42d7c25d2" testId="df6c7f17-5e2b-a3ad-b66c-84cb153fb352" testName="EvaluateTimeProfileTest" computerName="DKSR-EFI-04" duration="00:00:00.0007948" startTime="2023-12-22T09:32:45.8497778+01:00" endTime="2023-12-22T09:32:45.8497778+01:00" testType="13cdc9d9-ddb5-4fa4-a97d-d965ccfc6d4b" outcome="Passed" testListId="8c84fa94-04c1-424b-9868-57a2d4851a1d" relativeResultsDirectory="18469c6e-c847-4e1f-9e46-eae42d7c25d2" />
    <UnitTestResult executionId="e314b221-b04b-484e-a5cf-caa1856bdc8c" testId="33d933fd-9227-88df-fcf7-0ef9e4cf3b99" testName="GPSCoordinateTest" computerName="DKSR-EFI-04" duration="00:00:00.0003187" startTime="2023-12-22T09:32:46.0060283+01:00" endTime="2023-12-22T09:32:46.0060283+01:00" testType="13cdc9d9-ddb5-4fa4-a97d-d965ccfc6d4b" outcome="Passed" testListId="8c84fa94-04c1-424b-9868-57a2d4851a1d" relativeResultsDirectory="e314b221-b04b-484e-a5cf-caa1856bdc8c" />
    <UnitTestResult executionId="fdbf6508-364f-475a-b093-2333a4aa4cd7" testId="5435d9a7-756c-0f51-9aeb-05264d5cbaaa" testName="TimeProfileInfragisticEvaluator63Constructor3Test" computerName="DKSR-EFI-04" duration="00:00:00.0020234" startTime="2023-12-22T09:32:44.5997721+01:00" endTime="2023-12-22T09:32:44.5997721+01:00" testType="13cdc9d9-ddb5-4fa4-a97d-d965ccfc6d4b" outcome="Passed" testListId="8c84fa94-04c1-424b-9868-57a2d4851a1d" relativeResultsDirectory="fdbf6508-364f-475a-b093-2333a4aa4cd7" />
    <UnitTestResult executionId="6a87a8f3-1bf6-4806-bc61-5dbd7812cf24" testId="4260a93d-c009-c44b-4695-b172268be0f0" testName="GetAppointmentsTestKiruna21DecLocalTimeZone" computerName="DKSR-EFI-04" duration="00:00:00.0004755" startTime="2023-12-22T09:32:46.2872773+01:00" endTime="2023-12-22T09:32:46.2872773+01:00" testType="13cdc9d9-ddb5-4fa4-a97d-d965ccfc6d4b" outcome="Passed" testListId="8c84fa94-04c1-424b-9868-57a2d4851a1d" relativeResultsDirectory="6a87a8f3-1bf6-4806-bc61-5dbd7812cf24" />
    <UnitTestResult executionId="abeebb63-27e1-48c3-98ef-a454acea9e74" testId="4592ae3d-40a2-b28b-dd3e-a85315a290c8" testName="GpsParserTestInvalidDoubleLatitude" computerName="DKSR-EFI-04" duration="00:00:00.0006243" startTime="2023-12-22T09:32:31.1153777+01:00" endTime="2023-12-22T09:32:31.1153777+01:00" testType="13cdc9d9-ddb5-4fa4-a97d-d965ccfc6d4b" outcome="Passed" testListId="8c84fa94-04c1-424b-9868-57a2d4851a1d" relativeResultsDirectory="abeebb63-27e1-48c3-98ef-a454acea9e74" />
    <UnitTestResult executionId="0814fb91-3325-4f24-9df7-f4c633978324" testId="8550e8ea-08b0-2312-b999-f4e90dbc57f3" testName="CalculateSunriseSunsetWilliamTestAntarctica21DecSunrise" computerName="DKSR-EFI-04" duration="00:00:00.0001645" startTime="2023-12-22T09:32:46.2091543+01:00" endTime="2023-12-22T09:32:46.2091543+01:00" testType="13cdc9d9-ddb5-4fa4-a97d-d965ccfc6d4b" outcome="Passed" testListId="8c84fa94-04c1-424b-9868-57a2d4851a1d" relativeResultsDirectory="0814fb91-3325-4f24-9df7-f4c633978324" />
    <UnitTestResult executionId="c9e32efe-53ba-4e27-8b1d-ea9444df280a" testId="b82e3c01-da09-0168-ccd7-750a287155b8" testName="GetAppointmentsTestKiruna21JunLocalTimeZone" computerName="DKSR-EFI-04" duration="00:00:00.0007510" startTime="2023-12-22T09:32:46.2872773+01:00" endTime="2023-12-22T09:32:46.2872773+01:00" testType="13cdc9d9-ddb5-4fa4-a97d-d965ccfc6d4b" outcome="Passed" testListId="8c84fa94-04c1-424b-9868-57a2d4851a1d" relativeResultsDirectory="c9e32efe-53ba-4e27-8b1d-ea9444df280a" />
    <UnitTestResult executionId="e44a80cf-970a-4aec-b03a-cdbef50857b1" testId="f68abf65-1ef0-ed7d-f1bb-af47e32c4e9f" testName="GetAppointmentsRecurringDailyWeekdaysTest" computerName="DKSR-EFI-04" duration="00:00:00.0178174" startTime="2023-12-22T09:32:45.2247737+01:00" endTime="2023-12-22T09:32:45.2560231+01:00" testType="13cdc9d9-ddb5-4fa4-a97d-d965ccfc6d4b" outcome="Passed" testListId="8c84fa94-04c1-424b-9868-57a2d4851a1d" relativeResultsDirectory="e44a80cf-970a-4aec-b03a-cdbef50857b1" />
    <UnitTestResult executionId="91663d52-612e-4960-ac72-bc436a6f7c2e" testId="86f81774-d6bf-3388-169b-c01b87251e5a" testName="EvaluateTimeTestInfragisticsWinterTime" computerName="DKSR-EFI-04" duration="00:00:00.0074193" startTime="2023-12-22T09:32:32.3340884+01:00" endTime="2023-12-22T09:32:32.3340884+01:00" testType="13cdc9d9-ddb5-4fa4-a97d-d965ccfc6d4b" outcome="Passed" testListId="8c84fa94-04c1-424b-9868-57a2d4851a1d" relativeResultsDirectory="91663d52-612e-4960-ac72-bc436a6f7c2e" />
    <UnitTestResult executionId="28ed86af-2f8b-4f05-bde6-e386ebfb1dfb" testId="ba77a908-e4de-cacf-9801-e9cce1ff6a5a" testName="FromXmlTestDefaultUTCNotFound" computerName="DKSR-EFI-04" duration="00:00:00.0628505" startTime="2023-12-22T09:32:45.8966526+01:00" endTime="2023-12-22T09:32:45.9591540+01:00" testType="13cdc9d9-ddb5-4fa4-a97d-d965ccfc6d4b" outcome="Passed" testListId="8c84fa94-04c1-424b-9868-57a2d4851a1d" relativeResultsDirectory="28ed86af-2f8b-4f05-bde6-e386ebfb1dfb" />
    <UnitTestResult executionId="1f237130-4c40-4db8-bb5f-8bcf8c1a19e3" testId="ae36a9f8-97bd-e987-3d2a-123002a5f162" testName="GetAppointmentsTestWinterTime2" computerName="DKSR-EFI-04" duration="00:00:00.0010594" startTime="2023-12-22T09:32:46.3029034+01:00" endTime="2023-12-22T09:32:46.3029034+01:00" testType="13cdc9d9-ddb5-4fa4-a97d-d965ccfc6d4b" outcome="Passed" testListId="8c84fa94-04c1-424b-9868-57a2d4851a1d" relativeResultsDirectory="1f237130-4c40-4db8-bb5f-8bcf8c1a19e3" />
    <UnitTestResult executionId="a62fb8e1-6770-4578-8222-f9343cace590" testId="77183aca-d4e0-b0fd-f20c-a8c28abd842c" testName="EvaluateTimeTestSunClockSummerTime1" computerName="DKSR-EFI-04" duration="00:00:00.0008124" startTime="2023-12-22T09:32:32.1778382+01:00" endTime="2023-12-22T09:32:32.1778382+01:00" testType="13cdc9d9-ddb5-4fa4-a97d-d965ccfc6d4b" outcome="Passed" testListId="8c84fa94-04c1-424b-9868-57a2d4851a1d" relativeResultsDirectory="a62fb8e1-6770-4578-8222-f9343cace590" />
    <UnitTestResult executionId="49e332ea-3518-462b-a009-404b98b099b9" testId="83542a67-9f48-2fd5-8a0e-2e59b5dafb39" testName="GpsParserTestInvalidCharactersInValues" computerName="DKSR-EFI-04" duration="00:00:00.0004590" startTime="2023-12-22T09:32:31.1309578+01:00" endTime="2023-12-22T09:32:31.1309578+01:00" testType="13cdc9d9-ddb5-4fa4-a97d-d965ccfc6d4b" outcome="Passed" testListId="8c84fa94-04c1-424b-9868-57a2d4851a1d" relativeResultsDirectory="49e332ea-3518-462b-a009-404b98b099b9" />
    <UnitTestResult executionId="eb6df30b-8495-464e-a0b8-d591a41ae040" testId="aada1bad-bbd0-294b-1d76-84d4bb68470f" testName="CalculateSunriseSunsetWilliamTestKiruna23SeptemberSunset" computerName="DKSR-EFI-04" duration="00:00:00.0001566" startTime="2023-12-22T09:32:46.1154058+01:00" endTime="2023-12-22T09:32:46.1154058+01:00" testType="13cdc9d9-ddb5-4fa4-a97d-d965ccfc6d4b" outcome="Passed" testListId="8c84fa94-04c1-424b-9868-57a2d4851a1d" relativeResultsDirectory="eb6df30b-8495-464e-a0b8-d591a41ae040" />
    <UnitTestResult executionId="d1872ded-40ec-4cbf-9780-a30edb53ca61" testId="48f5cd5c-2e09-39b0-c010-cd884a9e9c43" testName="GetSunriseSunsetAppointmentTestKiruna5DecPlus1TimeZoneInvalidOffset" computerName="DKSR-EFI-04" duration="00:00:00.0008991" startTime="2023-12-22T09:32:46.2716530+01:00" endTime="2023-12-22T09:32:46.2716530+01:00" testType="13cdc9d9-ddb5-4fa4-a97d-d965ccfc6d4b" outcome="Passed" testListId="8c84fa94-04c1-424b-9868-57a2d4851a1d" relativeResultsDirectory="d1872ded-40ec-4cbf-9780-a30edb53ca61" />
    <UnitTestResult executionId="a51a1781-f970-4ffb-af6c-2147f5722703" testId="906de6dd-d020-9630-4ec1-1e9223c78743" testName="GpsParserTest1_1BlocksNorthWest" computerName="DKSR-EFI-04" duration="00:00:00.0002310" startTime="2023-12-22T09:32:31.0684575+01:00" endTime="2023-12-22T09:32:31.0684575+01:00" testType="13cdc9d9-ddb5-4fa4-a97d-d965ccfc6d4b" outcome="Passed" testListId="8c84fa94-04c1-424b-9868-57a2d4851a1d" relativeResultsDirectory="a51a1781-f970-4ffb-af6c-2147f5722703" />
    <UnitTestResult executionId="be1c74c3-5053-4c72-83e9-3ae9501c22ae" testId="ebb43c0d-eb27-d48d-ff0f-cfc46c2266f1" testName="CalculateSunriseSunsetWilliamTestDaresSalaam21JunSunrise" computerName="DKSR-EFI-04" duration="00:00:00.0002381" startTime="2023-12-22T09:32:46.0841531+01:00" endTime="2023-12-22T09:32:46.0841531+01:00" testType="13cdc9d9-ddb5-4fa4-a97d-d965ccfc6d4b" outcome="Passed" testListId="8c84fa94-04c1-424b-9868-57a2d4851a1d" relativeResultsDirectory="be1c74c3-5053-4c72-83e9-3ae9501c22ae" />
    <UnitTestResult executionId="1745aadc-04da-4cfd-8775-00d0b2f098d7" testId="3e03f8bd-1e12-ae11-dd37-5281771442d6" testName="GetAppointmentsTestKiruna10DecMinus10TimeZone" computerName="DKSR-EFI-04" duration="00:00:00.0008067" startTime="2023-12-22T09:32:46.2872773+01:00" endTime="2023-12-22T09:32:46.2872773+01:00" testType="13cdc9d9-ddb5-4fa4-a97d-d965ccfc6d4b" outcome="Passed" testListId="8c84fa94-04c1-424b-9868-57a2d4851a1d" relativeResultsDirectory="1745aadc-04da-4cfd-8775-00d0b2f098d7" />
    <UnitTestResult executionId="c07383ef-fa6d-4963-a871-6b3f5a146716" testId="2f1a69f3-8772-6511-08c8-c9547c2e30ed" testName="GetAppointmentsRecurringWeeklyWeekendDaysTest" computerName="DKSR-EFI-04" duration="00:00:00.0241476" startTime="2023-12-22T09:32:45.5997772+01:00" endTime="2023-12-22T09:32:45.6153992+01:00" testType="13cdc9d9-ddb5-4fa4-a97d-d965ccfc6d4b" outcome="Passed" testListId="8c84fa94-04c1-424b-9868-57a2d4851a1d" relativeResultsDirectory="c07383ef-fa6d-4963-a871-6b3f5a146716" />
    <UnitTestResult executionId="53f595e4-c107-475c-89b8-86bb8be69f6a" testId="4ca16436-c34b-dd64-ed5d-5d5132e0fd8c" testName="ValidateTestOK" computerName="DKSR-EFI-04" duration="00:00:00.0012575" startTime="2023-12-22T09:32:31.1466349+01:00" endTime="2023-12-22T09:32:31.1466349+01:00" testType="13cdc9d9-ddb5-4fa4-a97d-d965ccfc6d4b" outcome="Passed" testListId="8c84fa94-04c1-424b-9868-57a2d4851a1d" relativeResultsDirectory="53f595e4-c107-475c-89b8-86bb8be69f6a" />
    <UnitTestResult executionId="60f09743-e720-4c48-99de-98f6c1d6b5c6" testId="27a8de52-7d3e-3ccf-b86b-0735fbd8ca25" testName="GpsParserTest1_1BlocksNoneMinus" computerName="DKSR-EFI-04" duration="00:00:00.0002531" startTime="2023-12-22T09:32:31.0528333+01:00" endTime="2023-12-22T09:32:31.0528333+01:00" testType="13cdc9d9-ddb5-4fa4-a97d-d965ccfc6d4b" outcome="Passed" testListId="8c84fa94-04c1-424b-9868-57a2d4851a1d" relativeResultsDirectory="60f09743-e720-4c48-99de-98f6c1d6b5c6" />
    <UnitTestResult executionId="a522bba4-d7fb-4f30-970d-dc7017bcfcc2" testId="22645202-d5e2-7786-59ff-cdf3fdbb49c3" testName="GPSCoordinateConstructorTest1" computerName="DKSR-EFI-04" duration="00:00:00.0005103" startTime="2023-12-22T09:32:30.9747061+01:00" endTime="2023-12-22T09:32:30.9747061+01:00" testType="13cdc9d9-ddb5-4fa4-a97d-d965ccfc6d4b" outcome="Passed" testListId="8c84fa94-04c1-424b-9868-57a2d4851a1d" relativeResultsDirectory="a522bba4-d7fb-4f30-970d-dc7017bcfcc2" />
    <UnitTestResult executionId="e0618eb2-8396-4da6-aa44-7fb2a79c39a8" testId="5c9c0ebd-ab20-b380-819c-9e7ff1f1b916" testName="TimeProfileInfragisticEvaluator102Constructor4Test" computerName="DKSR-EFI-04" duration="00:00:00.0031078" startTime="2023-12-22T09:32:44.7560227+01:00" endTime="2023-12-22T09:32:44.7560227+01:00" testType="13cdc9d9-ddb5-4fa4-a97d-d965ccfc6d4b" outcome="Passed" testListId="8c84fa94-04c1-424b-9868-57a2d4851a1d" relativeResultsDirectory="e0618eb2-8396-4da6-aa44-7fb2a79c39a8" />
    <UnitTestResult executionId="1b8049d0-02f5-4596-ac5f-a454549a8602" testId="8f9967e6-3eeb-c5e7-a086-55a0f4482e7c" testName="GetAppointmentsRecurringDailyWeekdaysInfragisticVersionTest" computerName="DKSR-EFI-04" duration="00:00:00.0365049" startTime="2023-12-22T09:32:45.2560231+01:00" endTime="2023-12-22T09:32:45.2872754+01:00" testType="13cdc9d9-ddb5-4fa4-a97d-d965ccfc6d4b" outcome="Passed" testListId="8c84fa94-04c1-424b-9868-57a2d4851a1d" relativeResultsDirectory="1b8049d0-02f5-4596-ac5f-a454549a8602" />
    <UnitTestResult executionId="3194b3fd-23f1-4205-a298-d6da49346797" testId="2d32db9a-3dde-342c-a755-a62b25d926b2" testName="ConvertGpsValueTestIndex1Length2" computerName="DKSR-EFI-04" duration="00:00:00.0001442" startTime="2023-12-22T09:32:31.0059566+01:00" endTime="2023-12-22T09:32:31.0059566+01:00" testType="13cdc9d9-ddb5-4fa4-a97d-d965ccfc6d4b" outcome="Passed" testListId="8c84fa94-04c1-424b-9868-57a2d4851a1d" relativeResultsDirectory="3194b3fd-23f1-4205-a298-d6da49346797" />
    <UnitTestResult executionId="c217f5fc-3073-47c7-a9d2-651b5e1f96c9" testId="7b4ac955-2928-a089-b5f9-e3572fce70d8" testName="GetSunriseSunsetAppointmentTestKiruna5DecPlus1TimeZone" computerName="DKSR-EFI-04" duration="00:00:00.0005254" startTime="2023-12-22T09:32:46.2560288+01:00" endTime="2023-12-22T09:32:46.2560288+01:00" testType="13cdc9d9-ddb5-4fa4-a97d-d965ccfc6d4b" outcome="Passed" testListId="8c84fa94-04c1-424b-9868-57a2d4851a1d" relativeResultsDirectory="c217f5fc-3073-47c7-a9d2-651b5e1f96c9" />
    <UnitTestResult executionId="eb20faf1-7687-4941-bea7-7d351371e6c6" testId="950b4f8a-72a1-79e3-c6f4-1851cd55c9f5" testName="GetSunriseSunsetAppointmentTestKiruna21JunPlus1TimeZone" computerName="DKSR-EFI-04" duration="00:00:00.0005406" startTime="2023-12-22T09:32:46.2560288+01:00" endTime="2023-12-22T09:32:46.2560288+01:00" testType="13cdc9d9-ddb5-4fa4-a97d-d965ccfc6d4b" outcome="Passed" testListId="8c84fa94-04c1-424b-9868-57a2d4851a1d" relativeResultsDirectory="eb20faf1-7687-4941-bea7-7d351371e6c6" />
    <UnitTestResult executionId="a69b1593-eb14-4c9b-95f9-5643409ab8da" testId="16a7326e-0570-63b7-0715-882e63e3e14a" testName="CalculateSunriseSunsetWilliamTestCopenhagen21JunSunset" computerName="DKSR-EFI-04" duration="00:00:00.0001679" startTime="2023-12-22T09:32:46.0685297+01:00" endTime="2023-12-22T09:32:46.0685297+01:00" testType="13cdc9d9-ddb5-4fa4-a97d-d965ccfc6d4b" outcome="Passed" testListId="8c84fa94-04c1-424b-9868-57a2d4851a1d" relativeResultsDirectory="a69b1593-eb14-4c9b-95f9-5643409ab8da" />
    <UnitTestResult executionId="c227e44e-9df3-4394-90bd-437ac46e30b1" testId="152a952f-85d5-6564-426f-62013f00e678" testName="CalculateSunriseSunsetWilliamTestArctic20MarchSunset" computerName="DKSR-EFI-04" duration="00:00:00.0002368" startTime="2023-12-22T09:32:46.1935271+01:00" endTime="2023-12-22T09:32:46.1935271+01:00" testType="13cdc9d9-ddb5-4fa4-a97d-d965ccfc6d4b" outcome="Passed" testListId="8c84fa94-04c1-424b-9868-57a2d4851a1d" relativeResultsDirectory="c227e44e-9df3-4394-90bd-437ac46e30b1" />
    <UnitTestResult executionId="465c2e92-87e5-41f5-bdfd-2f113dd218db" testId="f905e020-288b-a0b1-37ef-c049a7fb4714" testName="TimeProfileInfragisticEvaluator63Constructor11Test" computerName="DKSR-EFI-04" duration="00:00:00.0073655" startTime="2023-12-22T09:32:44.6622710+01:00" endTime="2023-12-22T09:32:44.6778992+01:00" testType="13cdc9d9-ddb5-4fa4-a97d-d965ccfc6d4b" outcome="Passed" testListId="8c84fa94-04c1-424b-9868-57a2d4851a1d" relativeResultsDirectory="465c2e92-87e5-41f5-bdfd-2f113dd218db" />
    <UnitTestResult executionId="d5ba8a8a-ea03-4d58-9079-6cfe1e0639d4" testId="dcae2358-d085-06ce-eaaf-0a252af5d9a6" testName="GpsParserTestInvalidDecimalSeparator" computerName="DKSR-EFI-04" duration="00:00:00.0005667" startTime="2023-12-22T09:32:31.1153777+01:00" endTime="2023-12-22T09:32:31.1153777+01:00" testType="13cdc9d9-ddb5-4fa4-a97d-d965ccfc6d4b" outcome="Passed" testListId="8c84fa94-04c1-424b-9868-57a2d4851a1d" relativeResultsDirectory="d5ba8a8a-ea03-4d58-9079-6cfe1e0639d4" />
    <UnitTestResult executionId="d9bc0070-24e0-4bf2-a56e-4f7ddb354c6f" testId="85cdc7ee-f644-66aa-259a-b04ec8e73fa0" testName="TimeProfileSunClockDefinitionConstructorOffSet1Test" computerName="DKSR-EFI-04" duration="00:00:00.0002258" startTime="2023-12-22T09:32:45.8810265+01:00" endTime="2023-12-22T09:32:45.8810265+01:00" testType="13cdc9d9-ddb5-4fa4-a97d-d965ccfc6d4b" outcome="Passed" testListId="8c84fa94-04c1-424b-9868-57a2d4851a1d" relativeResultsDirectory="d9bc0070-24e0-4bf2-a56e-4f7ddb354c6f" />
    <UnitTestResult executionId="2b70cc3f-014b-4811-a9f0-a7e998900ccc" testId="644481c0-78c7-6bd5-44b5-a1c2cff1b999" testName="GetAppointmentsRecurring10OccurencesInfragisticVersionTest" computerName="DKSR-EFI-04" duration="00:00:00.0342924" startTime="2023-12-22T09:32:44.9903964+01:00" endTime="2023-12-22T09:32:45.0372767+01:00" testType="13cdc9d9-ddb5-4fa4-a97d-d965ccfc6d4b" outcome="Passed" testListId="8c84fa94-04c1-424b-9868-57a2d4851a1d" relativeResultsDirectory="2b70cc3f-014b-4811-a9f0-a7e998900ccc" />
    <UnitTestResult executionId="124d2505-c95b-4827-a8d0-d0a34e56224e" testId="43a99bb5-43f1-efb5-cec3-1d56c80fb62a" testName="TimeProfileInfragisticEvaluator102Constructor13Test" computerName="DKSR-EFI-04" duration="00:00:00.0045791" startTime="2023-12-22T09:32:44.8185229+01:00" endTime="2023-12-22T09:32:44.8185229+01:00" testType="13cdc9d9-ddb5-4fa4-a97d-d965ccfc6d4b" outcome="Passed" testListId="8c84fa94-04c1-424b-9868-57a2d4851a1d" relativeResultsDirectory="124d2505-c95b-4827-a8d0-d0a34e56224e" />
    <UnitTestResult executionId="512d3e22-ff4c-4804-9fcb-46916be24225" testId="421799ae-c399-40a5-40c6-afbb0b5ab14a" testName="GetAppointmentsRecurringYearlyFirstMondayMartsTest" computerName="DKSR-EFI-04" duration="00:00:00.0250363" startTime="2023-12-22T09:32:45.6622755+01:00" endTime="2023-12-22T09:32:45.6935258+01:00" testType="13cdc9d9-ddb5-4fa4-a97d-d965ccfc6d4b" outcome="Passed" testListId="8c84fa94-04c1-424b-9868-57a2d4851a1d" relativeResultsDirectory="512d3e22-ff4c-4804-9fcb-46916be24225" />
    <UnitTestResult executionId="225247c2-0aaf-4549-814b-8a213a0305d8" testId="c74a5851-9f37-5478-7e73-6692ffe54338" testName="EvaluateTimeTestSunClockWinterTime1" computerName="DKSR-EFI-04" duration="00:00:00.0005011" startTime="2023-12-22T09:32:32.1778382+01:00" endTime="2023-12-22T09:32:32.1778382+01:00" testType="13cdc9d9-ddb5-4fa4-a97d-d965ccfc6d4b" outcome="Passed" testListId="8c84fa94-04c1-424b-9868-57a2d4851a1d" relativeResultsDirectory="225247c2-0aaf-4549-814b-8a213a0305d8" />
    <UnitTestResult executionId="fc886982-da67-4f51-97b5-3e5727583850" testId="b6a408ca-0567-f3d9-15c7-5588e0c24a6e" testName="TimeProfileInfragisticEvaluator63Constructor16Test" computerName="DKSR-EFI-04" duration="00:00:00.0054903" startTime="2023-12-22T09:32:44.7091476+01:00" endTime="2023-12-22T09:32:44.7247732+01:00" testType="13cdc9d9-ddb5-4fa4-a97d-d965ccfc6d4b" outcome="Passed" testListId="8c84fa94-04c1-424b-9868-57a2d4851a1d" relativeResultsDirectory="fc886982-da67-4f51-97b5-3e5727583850" />
    <UnitTestResult executionId="762d0e6b-680c-43f2-a750-424a3a7555ae" testId="c6f25750-98dc-b291-f173-1465ae573697" testName="CheckAllXml_Infragistics_10_2" computerName="DKSR-EFI-04" duration="00:00:06.5401761" startTime="2023-12-22T09:32:32.3965888+01:00" endTime="2023-12-22T09:32:38.9434904+01:00" testType="13cdc9d9-ddb5-4fa4-a97d-d965ccfc6d4b" outcome="Passed" testListId="8c84fa94-04c1-424b-9868-57a2d4851a1d" relativeResultsDirectory="762d0e6b-680c-43f2-a750-424a3a7555ae">
      <Output>
        <StdOut>Debug Trace:
TimeProfile test for: Infragistic XML samples\Infragistic 10.2\AllDayEvent_2011-02-16.xml&#xD;
Appointments Starting:  AP1: 2/15/2011 11:00:00 PM has no match with AP2Appointments Covering from 2011-02-15 23:00.00, until before 2011-02-16 22:59.00&#xD;
OK : In-Range=1440, Out-of-Range=84960&#xD;
TimeProfile test for: Infragistic XML samples\Infragistic 10.2\AllDayEvent_2011-02-16_to_2011-02-17.xml&#xD;
Appointments Starting:  AP1: 2/15/2011 11:00:00 PM has no match with AP2Appointments Covering from 2011-02-15 23:00.00, until before 2011-02-17 22:59.00&#xD;
OK : In-Range=2880, Out-of-Range=83520&#xD;
TimeProfile test for: Infragistic XML samples\Infragistic 10.2\NoTime.xml&#xD;
OK : In-Range=0, Out-of-Range=86400&#xD;
TimeProfile test for: Infragistic XML samples\Infragistic 10.2\OverlappingTimes_2011-02-16_09.00_to_10.00_and_09.30_to_10.30.xml&#xD;
Appointments Starting:  AP1: 2/16/2011 8:00:00 AM has no match with AP2Appointments Covering from 2011-02-16 08:00.00, until before 2011-02-16 09:30.00&#xD;
OK : In-Range=91, Out-of-Range=86309&#xD;
TimeProfile test for: Infragistic XML samples\Infragistic 10.2\Recurring_2011-01-01_08.00_to_16.00_daily_to_2011-06-30.xml&#xD;
Appointments Starting:  AP1: 1/1/2011 7:00:00 AM has no match with AP2Appointments Covering from 2011-01-01 07:00.00, until before 2011-01-01 15:00.00&#xD;
Appointments Starting:  AP1: 1/2/2011 7:00:00 AM has no match with AP2Appointments Covering from 2011-01-02 07:00.00, until before 2011-01-02 15:00.00&#xD;
Appointments Starting:  AP1: 1/3/2011 7:00:00 AM has no match with AP2Appointments Covering from 2011-01-03 07:00.00, until before 2011-01-03 15:00.00&#xD;
Appointments Starting:  AP1: 1/4/2011 7:00:00 AM has no match with AP2Appointments Covering from 2011-01-04 07:00.00, until before 2011-01-04 15:00.00&#xD;
Appointments Starting:  AP1: 1/5/2011 7:00:00 AM has no match with AP2Appointments Covering from 2011-01-05 07:00.00, until before 2011-01-05 15:00.00&#xD;
Appointments Starting:  AP1: 1/6/2011 7:00:00 AM has no match with AP2Appointments Covering from 2011-01-06 07:00.00, until before 2011-01-06 15:00.00&#xD;
Appointments Starting:  AP1: 1/7/2011 7:00:00 AM has no match with AP2Appointments Covering from 2011-01-07 07:00.00, until before 2011-01-07 15:00.00&#xD;
Appointments Starting:  AP1: 1/8/2011 7:00:00 AM has no match with AP2Appointments Covering from 2011-01-08 07:00.00, until before 2011-01-08 15:00.00&#xD;
Appointments Starting:  AP1: 1/9/2011 7:00:00 AM has no match with AP2Appointments Covering from 2011-01-09 07:00.00, until before 2011-01-09 15:00.00&#xD;
Appointments Starting:  AP1: 1/10/2011 7:00:00 AM has no match with AP2Appointments Covering from 2011-01-10 07:00.00, until before 2011-01-10 15:00.00&#xD;
Appointments Starting:  AP1: 1/11/2011 7:00:00 AM has no match with AP2Appointments Covering from 2011-01-11 07:00.00, until before 2011-01-11 15:00.00&#xD;
Appointments Starting:  AP1: 1/12/2011 7:00:00 AM has no match with AP2Appointments Covering from 2011-01-12 07:00.00, until before 2011-01-12 15:00.00&#xD;
Appointments Starting:  AP1: 1/13/2011 7:00:00 AM has no match with AP2Appointments Covering from 2011-01-13 07:00.00, until before 2011-01-13 15:00.00&#xD;
Appointments Starting:  AP1: 1/14/2011 7:00:00 AM has no match with AP2Appointments Covering from 2011-01-14 07:00.00, until before 2011-01-14 15:00.00&#xD;
Appointments Starting:  AP1: 1/15/2011 7:00:00 AM has no match with AP2Appointments Covering from 2011-01-15 07:00.00, until before 2011-01-15 15:00.00&#xD;
Appointments Starting:  AP1: 1/16/2011 7:00:00 AM has no match with AP2Appointments Covering from 2011-01-16 07:00.00, until before 2011-01-16 15:00.00&#xD;
Appointments Starting:  AP1: 1/17/2011 7:00:00 AM has no match with AP2Appointments Covering from 2011-01-17 07:00.00, until before 2011-01-17 15:00.00&#xD;
Appointments Starting:  AP1: 1/18/2011 7:00:00 AM has no match with AP2Appointments Covering from 2011-01-18 07:00.00, until before 2011-01-18 15:00.00&#xD;
Appointments Starting:  AP1: 1/19/2011 7:00:00 AM has no match with AP2Appointments Covering from 2011-01-19 07:00.00, until before 2011-01-19 15:00.00&#xD;
Appointments Starting:  AP1: 1/20/2011 7:00:00 AM has no match with AP2Appointments Covering from 2011-01-20 07:00.00, until before 2011-01-20 15:00.00&#xD;
Appointments Starting:  AP1: 1/21/2011 7:00:00 AM has no match with AP2Appointments Covering from 2011-01-21 07:00.00, until before 2011-01-21 15:00.00&#xD;
Appointments Starting:  AP1: 1/22/2011 7:00:00 AM has no match with AP2Appointments Covering from 2011-01-22 07:00.00, until before 2011-01-22 15:00.00&#xD;
Appointments Starting:  AP1: 1/23/2011 7:00:00 AM has no match with AP2Appointments Covering from 2011-01-23 07:00.00, until before 2011-01-23 15:00.00&#xD;
Appointments Starting:  AP1: 1/24/2011 7:00:00 AM has no match with AP2Appointments Covering from 2011-01-24 07:00.00, until before 2011-01-24 15:00.00&#xD;
Appointments Starting:  AP1: 1/25/2011 7:00:00 AM has no match with AP2Appointments Covering from 2011-01-25 07:00.00, until before 2011-01-25 15:00.00&#xD;
Appointments Starting:  AP1: 1/26/2011 7:00:00 AM has no match with AP2Appointments Covering from 2011-01-26 07:00.00, until before 2011-01-26 15:00.00&#xD;
Appointments Starting:  AP1: 1/27/2011 7:00:00 AM has no match with AP2Appointments Covering from 2011-01-27 07:00.00, until before 2011-01-27 15:00.00&#xD;
Appointments Starting:  AP1: 1/28/2011 7:00:00 AM has no match with AP2Appointments Covering from 2011-01-28 07:00.00, until before 2011-01-28 15:00.00&#xD;
Appointments Starting:  AP1: 1/29/2011 7:00:00 AM has no match with AP2Appointments Covering from 2011-01-29 07:00.00, until before 2011-01-29 15:00.00&#xD;
Appointments Starting:  AP1: 1/30/2011 7:00:00 AM has no match with AP2Appointments Covering from 2011-01-30 07:00.00, until before 2011-01-30 15:00.00&#xD;
Appointments Starting:  AP1: 1/31/2011 7:00:00 AM has no match with AP2Appointments Covering from 2011-01-31 07:00.00, until before 2011-01-31 15:00.00&#xD;
Appointments Starting:  AP1: 2/1/2011 7:00:00 AM has no match with AP2Appointments Covering from 2011-02-01 07:00.00, until before 2011-02-01 15:00.00&#xD;
Appointments Starting:  AP1: 2/2/2011 7:00:00 AM has no match with AP2Appointments Covering from 2011-02-02 07:00.00, until before 2011-02-02 15:00.00&#xD;
Appointments Starting:  AP1: 2/3/2011 7:00:00 AM has no match with AP2Appointments Covering from 2011-02-03 07:00.00, until before 2011-02-03 15:00.00&#xD;
Appointments Starting:  AP1: 2/4/2011 7:00:00 AM has no match with AP2Appointments Covering from 2011-02-04 07:00.00, until before 2011-02-04 15:00.00&#xD;
Appointments Starting:  AP1: 2/5/2011 7:00:00 AM has no match with AP2Appointments Covering from 2011-02-05 07:00.00, until before 2011-02-05 15:00.00&#xD;
Appointments Starting:  AP1: 2/6/2011 7:00:00 AM has no match with AP2Appointments Covering from 2011-02-06 07:00.00, until before 2011-02-06 15:00.00&#xD;
Appointments Starting:  AP1: 2/7/2011 7:00:00 AM has no match with AP2Appointments Covering from 2011-02-07 07:00.00, until before 2011-02-07 15:00.00&#xD;
Appointments Starting:  AP1: 2/8/2011 7:00:00 AM has no match with AP2Appointments Covering from 2011-02-08 07:00.00, until before 2011-02-08 15:00.00&#xD;
Appointments Starting:  AP1: 2/9/2011 7:00:00 AM has no match with AP2Appointments Covering from 2011-02-09 07:00.00, until before 2011-02-09 15:00.00&#xD;
Appointments Starting:  AP1: 2/10/2011 7:00:00 AM has no match with AP2Appointments Covering from 2011-02-10 07:00.00, until before 2011-02-10 15:00.00&#xD;
Appointments Starting:  AP1: 2/11/2011 7:00:00 AM has no match with AP2Appointments Covering from 2011-02-11 07:00.00, until before 2011-02-11 15:00.00&#xD;
Appointments Starting:  AP1: 2/12/2011 7:00:00 AM has no match with AP2Appointments Covering from 2011-02-12 07:00.00, until before 2011-02-12 15:00.00&#xD;
Appointments Starting:  AP1: 2/13/2011 7:00:00 AM has no match with AP2Appointments Covering from 2011-02-13 07:00.00, until before 2011-02-13 15:00.00&#xD;
Appointments Starting:  AP1: 2/14/2011 7:00:00 AM has no match with AP2Appointments Covering from 2011-02-14 07:00.00, until before 2011-02-14 15:00.00&#xD;
OK : In-Range=21645, Out-of-Range=64755&#xD;
TimeProfile test for: Infragistic XML samples\Infragistic 10.2\Recurring_2011-02-16_09.00_to_09.30_daily_10occurrences.xml&#xD;
Appointments Starting:  AP1: 2/16/2011 8:00:00 AM has no match with AP2Appointments Covering from 2011-02-16 08:00.00, until before 2011-02-16 08:30.00&#xD;
Appointments Starting:  AP1: 2/17/2011 8:00:00 AM has no match with AP2Appointments Covering from 2011-02-17 08:00.00, until before 2011-02-17 08:30.00&#xD;
Appointments Starting:  AP1: 2/18/2011 8:00:00 AM has no match with AP2Appointments Covering from 2011-02-18 08:00.00, until before 2011-02-18 08:30.00&#xD;
Appointments Starting:  AP1: 2/19/2011 8:00:00 AM has no match with AP2Appointments Covering from 2011-02-19 08:00.00, until before 2011-02-19 08:30.00&#xD;
Appointments Starting:  AP1: 2/20/2011 8:00:00 AM has no match with AP2Appointments Covering from 2011-02-20 08:00.00, until before 2011-02-20 08:30.00&#xD;
Appointments Starting:  AP1: 2/21/2011 8:00:00 AM has no match with AP2Appointments Covering from 2011-02-21 08:00.00, until before 2011-02-21 08:30.00&#xD;
Appointments Starting:  AP1: 2/22/2011 8:00:00 AM has no match with AP2Appointments Covering from 2011-02-22 08:00.00, until before 2011-02-22 08:30.00&#xD;
Appointments Starting:  AP1: 2/23/2011 8:00:00 AM has no match with AP2Appointments Covering from 2011-02-23 08:00.00, until before 2011-02-23 08:30.00&#xD;
Appointments Starting:  AP1: 2/24/2011 8:00:00 AM has no match with AP2Appointments Covering from 2011-02-24 08:00.00, until before 2011-02-24 08:30.00&#xD;
Appointments Starting:  AP1: 2/25/2011 8:00:00 AM has no match with AP2Appointments Covering from 2011-02-25 08:00.00, until before 2011-02-25 08:30.00&#xD;
OK : In-Range=310, Out-of-Range=86090&#xD;
TimeProfile test for: Infragistic XML samples\Infragistic 10.2\Recurring_2011-02-16_09.00_to_09.30_daily_2days.xml&#xD;
Appointments Starting:  AP1: 2/16/2011 8:00:00 AM has no match with AP2Appointments Covering from 2011-02-16 08:00.00, until before 2011-02-16 08:30.00&#xD;
Appointments Starting:  AP1: 2/18/2011 8:00:00 AM has no match with AP2Appointments Covering from 2011-02-18 08:00.00, until before 2011-02-18 08:30.00&#xD;
Appointments Starting:  AP1: 2/20/2011 8:00:00 AM has no match with AP2Appointments Covering from 2011-02-20 08:00.00, until before 2011-02-20 08:30.00&#xD;
Appointments Starting:  AP1: 2/22/2011 8:00:00 AM has no match with AP2Appointments Covering from 2011-02-22 08:00.00, until before 2011-02-22 08:30.00&#xD;
Appointments Starting:  AP1: 2/24/2011 8:00:00 AM has no match with AP2Appointments Covering from 2011-02-24 08:00.00, until before 2011-02-24 08:30.00&#xD;
Appointments Starting:  AP1: 2/26/2011 8:00:00 AM has no match with AP2Appointments Covering from 2011-02-26 08:00.00, until before 2011-02-26 08:30.00&#xD;
Appointments Starting:  AP1: 2/28/2011 8:00:00 AM has no match with AP2Appointments Covering from 2011-02-28 08:00.00, until before 2011-02-28 08:30.00&#xD;
Appointments Starting:  AP1: 3/2/2011 8:00:00 AM has no match with AP2Appointments Covering from 2011-03-02 08:00.00, until before 2011-03-02 08:30.00&#xD;
Appointments Starting:  AP1: 3/4/2011 8:00:00 AM has no match with AP2Appointments Covering from 2011-03-04 08:00.00, until before 2011-03-04 08:30.00&#xD;
Appointments Starting:  AP1: 3/6/2011 8:00:00 AM has no match with AP2Appointments Covering from 2011-03-06 08:00.00, until before 2011-03-06 08:30.00&#xD;
Appointments Starting:  AP1: 3/8/2011 8:00:00 AM has no match with AP2Appointments Covering from 2011-03-08 08:00.00, until before 2011-03-08 08:30.00&#xD;
Appointments Starting:  AP1: 3/10/2011 8:00:00 AM has no match with AP2Appointments Covering from 2011-03-10 08:00.00, until before 2011-03-10 08:30.00&#xD;
Appointments Starting:  AP1: 3/12/2011 8:00:00 AM has no match with AP2Appointments Covering from 2011-03-12 08:00.00, until before 2011-03-12 08:30.00&#xD;
Appointments Starting:  AP1: 3/14/2011 8:00:00 AM has no match with AP2Appointments Covering from 2011-03-14 08:00.00, until before 2011-03-14 08:30.00&#xD;
Appointments Starting:  AP1: 3/16/2011 8:00:00 AM has no match with AP2Appointments Covering from 2011-03-16 08:00.00, until before 2011-03-16 08:30.00&#xD;
Appointments Starting:  AP1: 3/18/2011 8:00:00 AM has no match with AP2Appointments Covering from 2011-03-18 08:00.00, until before 2011-03-18 08:30.00&#xD;
Appointments Starting:  AP1: 3/20/2011 8:00:00 AM has no match with AP2Appointments Covering from 2011-03-20 08:00.00, until before 2011-03-20 08:30.00&#xD;
Appointments Starting:  AP1: 3/22/2011 8:00:00 AM has no match with AP2Appointments Covering from 2011-03-22 08:00.00, until before 2011-03-22 08:30.00&#xD;
Appointments Starting:  AP1: 3/24/2011 8:00:00 AM has no match with AP2Appointments Covering from 2011-03-24 08:00.00, until before 2011-03-24 08:30.00&#xD;
Appointments Starting:  AP1: 3/26/2011 8:00:00 AM has no match with AP2Appointments Covering from 2011-03-26 08:00.00, until before 2011-03-26 08:30.00&#xD;
Appointments Starting:  AP1: 3/28/2011 7:00:00 AM has no match with AP2Appointments Covering from 2011-03-28 07:00.00, until before 2011-03-28 07:30.00&#xD;
Appointments Starting:  AP1: 3/30/2011 7:00:00 AM has no match with AP2Appointments Covering from 2011-03-30 07:00.00, until before 2011-03-30 07:30.00&#xD;
Appointments Starting:  AP1: 4/1/2011 7:00:00 AM has no match with AP2Appointments Covering from 2011-04-01 07:00.00, until before 2011-04-01 07:30.00&#xD;
OK : In-Range=713, Out-of-Range=85687&#xD;
TimeProfile test for: Infragistic XML samples\Infragistic 10.2\Recurring_2011-02-16_09.00_to_09.30_daily_2weekdays.xml&#xD;
Appointments Starting:  AP1: 2/16/2011 8:00:00 AM has no match with AP2Appointments Covering from 2011-02-16 08:00.00, until before 2011-02-16 08:30.00&#xD;
Appointments Starting:  AP1: 2/18/2011 8:00:00 AM has no match with AP2Appointments Covering from 2011-02-18 08:00.00, until before 2011-02-18 08:30.00&#xD;
Appointments Starting:  AP1: 2/22/2011 8:00:00 AM has no match with AP2Appointments Covering from 2011-02-22 08:00.00, until before 2011-02-22 08:30.00&#xD;
Appointments Starting:  AP1: 2/24/2011 8:00:00 AM has no match with AP2Appointments Covering from 2011-02-24 08:00.00, until before 2011-02-24 08:30.00&#xD;
Appointments Starting:  AP1: 2/28/2011 8:00:00 AM has no match with AP2Appointments Covering from 2011-02-28 08:00.00, until before 2011-02-28 08:30.00&#xD;
Appointments Starting:  AP1: 3/2/2011 8:00:00 AM has no match with AP2Appointments Covering from 2011-03-02 08:00.00, until before 2011-03-02 08:30.00&#xD;
Appointments Starting:  AP1: 3/4/2011 8:00:00 AM has no match with AP2Appointments Covering from 2011-03-04 08:00.00, until before 2011-03-04 08:30.00&#xD;
Appointments Starting:  AP1: 3/8/2011 8:00:00 AM has no match with AP2Appointments Covering from 2011-03-08 08:00.00, until before 2011-03-08 08:30.00&#xD;
Appointments Starting:  AP1: 3/10/2011 8:00:00 AM has no match with AP2Appointments Covering from 2011-03-10 08:00.00, until before 2011-03-10 08:30.00&#xD;
Appointments Starting:  AP1: 3/14/2011 8:00:00 AM has no match with AP2Appointments Covering from 2011-03-14 08:00.00, until before 2011-03-14 08:30.00&#xD;
Appointments Starting:  AP1: 3/16/2011 8:00:00 AM has no match with AP2Appointments Covering from 2011-03-16 08:00.00, until before 2011-03-16 08:30.00&#xD;
Appointments Starting:  AP1: 3/18/2011 8:00:00 AM has no match with AP2Appointments Covering from 2011-03-18 08:00.00, until before 2011-03-18 08:30.00&#xD;
Appointments Starting:  AP1: 3/22/2011 8:00:00 AM has no match with AP2Appointments Covering from 2011-03-22 08:00.00, until before 2011-03-22 08:30.00&#xD;
Appointments Starting:  AP1: 3/24/2011 8:00:00 AM has no match with AP2Appointments Covering from 2011-03-24 08:00.00, until before 2011-03-24 08:30.00&#xD;
Appointments Starting:  AP1: 3/28/2011 7:00:00 AM has no match with AP2Appointments Covering from 2011-03-28 07:00.00, until before 2011-03-28 07:30.00&#xD;
Appointments Starting:  AP1: 3/30/2011 7:00:00 AM has no match with AP2Appointments Covering from 2011-03-30 07:00.00, until before 2011-03-30 07:30.00&#xD;
Appointments Starting:  AP1: 4/1/2011 7:00:00 AM has no match with AP2Appointments Covering from 2011-04-01 07:00.00, until before 2011-04-01 07:30.00&#xD;
OK : In-Range=527, Out-of-Range=85873&#xD;
TimeProfile test for: Infragistic XML samples\Infragistic 10.2\Recurring_2011-02-16_09.00_to_09.30_daily_to_2011-02-25.xml&#xD;
Appointments Starting:  AP1: 2/16/2011 8:00:00 AM has no match with AP2Appointments Covering from 2011-02-16 08:00.00, until before 2011-02-16 08:30.00&#xD;
Appointments Starting:  AP1: 2/17/2011 8:00:00 AM has no match with AP2Appointments Covering from 2011-02-17 08:00.00, until before 2011-02-17 08:30.00&#xD;
Appointments Starting:  AP1: 2/18/2011 8:00:00 AM has no match with AP2Appointments Covering from 2011-02-18 08:00.00, until before 2011-02-18 08:30.00&#xD;
Appointments Starting:  AP1: 2/19/2011 8:00:00 AM has no match with AP2Appointments Covering from 2011-02-19 08:00.00, until before 2011-02-19 08:30.00&#xD;
Appointments Starting:  AP1: 2/20/2011 8:00:00 AM has no match with AP2Appointments Covering from 2011-02-20 08:00.00, until before 2011-02-20 08:30.00&#xD;
Appointments Starting:  AP1: 2/21/2011 8:00:00 AM has no match with AP2Appointments Covering from 2011-02-21 08:00.00, until before 2011-02-21 08:30.00&#xD;
Appointments Starting:  AP1: 2/22/2011 8:00:00 AM has no match with AP2Appointments Covering from 2011-02-22 08:00.00, until before 2011-02-22 08:30.00&#xD;
Appointments Starting:  AP1: 2/23/2011 8:00:00 AM has no match with AP2Appointments Covering from 2011-02-23 08:00.00, until before 2011-02-23 08:30.00&#xD;
Appointments Starting:  AP1: 2/24/2011 8:00:00 AM has no match with AP2Appointments Covering from 2011-02-24 08:00.00, until before 2011-02-24 08:30.00&#xD;
Appointments Starting:  AP1: 2/25/2011 8:00:00 AM has no match with AP2Appointments Covering from 2011-02-25 08:00.00, until before 2011-02-25 08:30.00&#xD;
OK : In-Range=310, Out-of-Range=86090&#xD;
TimeProfile test for: Infragistic XML samples\Infragistic 10.2\Recurring_2011-02-16_09.00_to_09.30_daily_weekdays.xml&#xD;
Appointments Starting:  AP1: 2/16/2011 8:00:00 AM has no match with AP2Appointments Covering from 2011-02-16 08:00.00, until before 2011-02-16 08:30.00&#xD;
Appointments Starting:  AP1: 2/17/2011 8:00:00 AM has no match with AP2Appointments Covering from 2011-02-17 08:00.00, until before 2011-02-17 08:30.00&#xD;
Appointments Starting:  AP1: 2/18/2011 8:00:00 AM has no match with AP2Appointments Covering from 2011-02-18 08:00.00, until before 2011-02-18 08:30.00&#xD;
Appointments Starting:  AP1: 2/21/2011 8:00:00 AM has no match with AP2Appointments Covering from 2011-02-21 08:00.00, until before 2011-02-21 08:30.00&#xD;
Appointments Starting:  AP1: 2/22/2011 8:00:00 AM has no match with AP2Appointments Covering from 2011-02-22 08:00.00, until before 2011-02-22 08:30.00&#xD;
Appointments Starting:  AP1: 2/23/2011 8:00:00 AM has no match with AP2Appointments Covering from 2011-02-23 08:00.00, until before 2011-02-23 08:30.00&#xD;
Appointments Starting:  AP1: 2/24/2011 8:00:00 AM has no match with AP2Appointments Covering from 2011-02-24 08:00.00, until before 2011-02-24 08:30.00&#xD;
Appointments Starting:  AP1: 2/25/2011 8:00:00 AM has no match with AP2Appointments Covering from 2011-02-25 08:00.00, until before 2011-02-25 08:30.00&#xD;
Appointments Starting:  AP1: 2/28/2011 8:00:00 AM has no match with AP2Appointments Covering from 2011-02-28 08:00.00, until before 2011-02-28 08:30.00&#xD;
Appointments Starting:  AP1: 3/1/2011 8:00:00 AM has no match with AP2Appointments Covering from 2011-03-01 08:00.00, until before 2011-03-01 08:30.00&#xD;
Appointments Starting:  AP1: 3/2/2011 8:00:00 AM has no match with AP2Appointments Covering from 2011-03-02 08:00.00, until before 2011-03-02 08:30.00&#xD;
Appointments Starting:  AP1: 3/3/2011 8:00:00 AM has no match with AP2Appointments Covering from 2011-03-03 08:00.00, until before 2011-03-03 08:30.00&#xD;
Appointments Starting:  AP1: 3/4/2011 8:00:00 AM has no match with AP2Appointments Covering from 2011-03-04 08:00.00, until before 2011-03-04 08:30.00&#xD;
Appointments Starting:  AP1: 3/7/2011 8:00:00 AM has no match with AP2Appointments Covering from 2011-03-07 08:00.00, until before 2011-03-07 08:30.00&#xD;
Appointments Starting:  AP1: 3/8/2011 8:00:00 AM has no match with AP2Appointments Covering from 2011-03-08 08:00.00, until before 2011-03-08 08:30.00&#xD;
Appointments Starting:  AP1: 3/9/2011 8:00:00 AM has no match with AP2Appointments Covering from 2011-03-09 08:00.00, until before 2011-03-09 08:30.00&#xD;
Appointments Starting:  AP1: 3/10/2011 8:00:00 AM has no match with AP2Appointments Covering from 2011-03-10 08:00.00, until before 2011-03-10 08:30.00&#xD;
Appointments Starting:  AP1: 3/11/2011 8:00:00 AM has no match with AP2Appointments Covering from 2011-03-11 08:00.00, until before 2011-03-11 08:30.00&#xD;
Appointments Starting:  AP1: 3/14/2011 8:00:00 AM has no match with AP2Appointments Covering from 2011-03-14 08:00.00, until before 2011-03-14 08:30.00&#xD;
Appointments Starting:  AP1: 3/15/2011 8:00:00 AM has no match with AP2Appointments Covering from 2011-03-15 08:00.00, until before 2011-03-15 08:30.00&#xD;
Appointments Starting:  AP1: 3/16/2011 8:00:00 AM has no match with AP2Appointments Covering from 2011-03-16 08:00.00, until before 2011-03-16 08:30.00&#xD;
Appointments Starting:  AP1: 3/17/2011 8:00:00 AM has no match with AP2Appointments Covering from 2011-03-17 08:00.00, until before 2011-03-17 08:30.00&#xD;
Appointments Starting:  AP1: 3/18/2011 8:00:00 AM has no match with AP2Appointments Covering from 2011-03-18 08:00.00, until before 2011-03-18 08:30.00&#xD;
Appointments Starting:  AP1: 3/21/2011 8:00:00 AM has no match with AP2Appointments Covering from 2011-03-21 08:00.00, until before 2011-03-21 08:30.00&#xD;
Appointments Starting:  AP1: 3/22/2011 8:00:00 AM has no match with AP2Appointments Covering from 2011-03-22 08:00.00, until before 2011-03-22 08:30.00&#xD;
Appointments Starting:  AP1: 3/23/2011 8:00:00 AM has no match with AP2Appointments Covering from 2011-03-23 08:00.00, until before 2011-03-23 08:30.00&#xD;
Appointments Starting:  AP1: 3/24/2011 8:00:00 AM has no match with AP2Appointments Covering from 2011-03-24 08:00.00, until before 2011-03-24 08:30.00&#xD;
Appointments Starting:  AP1: 3/25/2011 8:00:00 AM has no match with AP2Appointments Covering from 2011-03-25 08:00.00, until before 2011-03-25 08:30.00&#xD;
Appointments Starting:  AP1: 3/28/2011 7:00:00 AM has no match with AP2Appointments Covering from 2011-03-28 07:00.00, until before 2011-03-28 07:30.00&#xD;
Appointments Starting:  AP1: 3/29/2011 7:00:00 AM has no match with AP2Appointments Covering from 2011-03-29 07:00.00, until before 2011-03-29 07:30.00&#xD;
Appointments Starting:  AP1: 3/30/2011 7:00:00 AM has no match with AP2Appointments Covering from 2011-03-30 07:00.00, until before 2011-03-30 07:30.00&#xD;
Appointments Starting:  AP1: 3/31/2011 7:00:00 AM has no match with AP2Appointments Covering from 2011-03-31 07:00.00, until before 2011-03-31 07:30.00&#xD;
Appointments Starting:  AP1: 4/1/2011 7:00:00 AM has no match with AP2Appointments Covering from 2011-04-01 07:00.00, until before 2011-04-01 07:30.00&#xD;
OK : In-Range=1023, Out-of-Range=85377&#xD;
TimeProfile test for: Infragistic XML samples\Infragistic 10.2\Recurring_2011-02-16_09.00_to_09.30_monthly_1st_day.xml&#xD;
Appointments Starting:  AP1: 3/1/2011 8:00:00 AM has no match with AP2Appointments Covering from 2011-03-01 08:00.00, until before 2011-03-01 08:30.00&#xD;
Appointments Starting:  AP1: 4/1/2011 7:00:00 AM has no match with AP2Appointments Covering from 2011-04-01 07:00.00, until before 2011-04-01 07:30.00&#xD;
OK : In-Range=62, Out-of-Range=86338&#xD;
TimeProfile test for: Infragistic XML samples\Infragistic 10.2\Recurring_2011-02-16_09.00_to_09.30_monthly_1st_monday.xml&#xD;
Appointments Starting:  AP1: 3/7/2011 8:00:00 AM has no match with AP2Appointments Covering from 2011-03-07 08:00.00, until before 2011-03-07 08:30.00&#xD;
OK : In-Range=31, Out-of-Range=86369&#xD;
TimeProfile test for: Infragistic XML samples\Infragistic 10.2\Recurring_2011-02-16_09.00_to_09.30_weekly_2wednesday.xml&#xD;
Appointments Starting:  AP1: 2/16/2011 8:00:00 AM has no match with AP2Appointments Covering from 2011-02-16 08:00.00, until before 2011-02-16 08:30.00&#xD;
Appointments Starting:  AP1: 3/2/2011 8:00:00 AM has no match with AP2Appointments Covering from 2011-03-02 08:00.00, until before 2011-03-02 08:30.00&#xD;
Appointments Starting:  AP1: 3/16/2011 8:00:00 AM has no match with AP2Appointments Covering from 2011-03-16 08:00.00, until before 2011-03-16 08:30.00&#xD;
Appointments Starting:  AP1: 3/30/2011 7:00:00 AM has no match with AP2Appointments Covering from 2011-03-30 07:00.00, until before 2011-03-30 07:30.00&#xD;
OK : In-Range=124, Out-of-Range=86276&#xD;
TimeProfile test for: Infragistic XML samples\Infragistic 10.2\Recurring_2011-02-16_09.00_to_09.30_weekly_weekends.xml&#xD;
Appointments Starting:  AP1: 2/19/2011 8:00:00 AM has no match with AP2Appointments Covering from 2011-02-19 08:00.00, until before 2011-02-19 08:30.00&#xD;
Appointments Starting:  AP1: 2/20/2011 8:00:00 AM has no match with AP2Appointments Covering from 2011-02-20 08:00.00, until before 2011-02-20 08:30.00&#xD;
Appointments Starting:  AP1: 2/26/2011 8:00:00 AM has no match with AP2Appointments Covering from 2011-02-26 08:00.00, until before 2011-02-26 08:30.00&#xD;
Appointments Starting:  AP1: 2/27/2011 8:00:00 AM has no match with AP2Appointments Covering from 2011-02-27 08:00.00, until before 2011-02-27 08:30.00&#xD;
Appointments Starting:  AP1: 3/5/2011 8:00:00 AM has no match with AP2Appointments Covering from 2011-03-05 08:00.00, until before 2011-03-05 08:30.00&#xD;
Appointments Starting:  AP1: 3/6/2011 8:00:00 AM has no match with AP2Appointments Covering from 2011-03-06 08:00.00, until before 2011-03-06 08:30.00&#xD;
Appointments Starting:  AP1: 3/12/2011 8:00:00 AM has no match with AP2Appointments Covering from 2011-03-12 08:00.00, until before 2011-03-12 08:30.00&#xD;
Appointments Starting:  AP1: 3/13/2011 8:00:00 AM has no match with AP2Appointments Covering from 2011-03-13 08:00.00, until before 2011-03-13 08:30.00&#xD;
Appointments Starting:  AP1: 3/19/2011 8:00:00 AM has no match with AP2Appointments Covering from 2011-03-19 08:00.00, until before 2011-03-19 08:30.00&#xD;
Appointments Starting:  AP1: 3/20/2011 8:00:00 AM has no match with AP2Appointments Covering from 2011-03-20 08:00.00, until before 2011-03-20 08:30.00&#xD;
Appointments Starting:  AP1: 3/26/2011 8:00:00 AM has no match with AP2Appointments Covering from 2011-03-26 08:00.00, until before 2011-03-26 08:30.00&#xD;
Appointments Starting:  AP1: 3/27/2011 7:00:00 AM has no match with AP2Appointments Covering from 2011-03-27 07:00.00, until before 2011-03-27 07:30.00&#xD;
OK : In-Range=372, Out-of-Range=86028&#xD;
TimeProfile test for: Infragistic XML samples\Infragistic 10.2\Recurring_2011-02-16_09.00_to_09.30_yearly.xml&#xD;
Appointments Starting:  AP1: 2/16/2011 8:00:00 AM has no match with AP2Appointments Covering from 2011-02-16 08:00.00, until before 2011-02-16 08:30.00&#xD;
OK : In-Range=31, Out-of-Range=86369&#xD;
TimeProfile test for: Infragistic XML samples\Infragistic 10.2\Recurring_2011-02-16_09.00_to_09.30_yearly_1st_monday_march.xml&#xD;
Appointments Starting:  AP1: 3/7/2011 8:00:00 AM has no match with AP2Appointments Covering from 2011-03-07 08:00.00, until before 2011-03-07 08:30.00&#xD;
OK : In-Range=31, Out-of-Range=86369&#xD;
TimeProfile test for: Infragistic XML samples\Infragistic 10.2\Recurring_2011-03-26_01.30_to_02.30_daily_3days.xml&#xD;
Appointments Starting:  AP1: 3/26/2011 12:30:00 AM has no match with AP2Appointments Covering from 2011-03-26 00:30.00, until before 2011-03-26 01:30.00&#xD;
Appointments Starting:  AP1: 3/27/2011 12:30:00 AM has no match with AP2Appointments Covering from 2011-03-27 00:30.00, until before 2011-03-27 00:59.00&#xD;
Appointments Starting:  AP1: 3/27/2011 11:30:00 PM has no match with AP2Appointments Covering from 2011-03-27 23:30.00, until before 2011-03-28 00:30.00&#xD;
OK : In-Range=152, Out-of-Range=86248&#xD;
TimeProfile test for: Infragistic XML samples\Infragistic 10.2\Recurring_2011-10-29_01.30_to_02.30_daily_3days.xml&#xD;
Appointments Starting:  AP1: 10/28/2011 11:30:00 PM has no match with AP2Appointments Covering from 2011-10-28 23:30.00, until before 2011-10-29 00:30.00&#xD;
Appointments Starting:  AP1: 10/29/2011 11:30:00 PM has no match with AP2Appointments Covering from 2011-10-29 23:30.00, until before 2011-10-30 00:30.00&#xD;
Appointments Starting:  AP1: 10/30/2011 1:00:00 AM has no match with AP2Appointments Covering from 2011-10-30 01:00.00, until before 2011-10-30 01:30.00&#xD;
Appointments Starting:  AP1: 10/31/2011 12:30:00 AM has no match with AP2Appointments Covering from 2011-10-31 00:30.00, until before 2011-10-31 01:30.00&#xD;
OK : In-Range=214, Out-of-Range=86186&#xD;
TimeProfile test for: Infragistic XML samples\Infragistic 10.2\Recurring_2015-05-26_16.00_to_2015-05-28_12_hours_daily.xml&#xD;
Appointments Starting:  AP1: 5/26/2015 2:00:00 PM has no match with AP2Appointments Covering from 2015-05-26 14:00.00, until before 2015-05-27 02:00.00&#xD;
Appointments Starting:  AP1: 5/27/2015 2:00:00 PM has no match with AP2Appointments Covering from 2015-05-27 14:00.00, until before 2015-05-28 02:00.00&#xD;
Appointments Starting:  AP1: 5/28/2015 2:00:00 PM has no match with AP2Appointments Covering from 2015-05-28 14:00.00, until before 2015-05-29 02:00.00&#xD;
OK : In-Range=2163, Out-of-Range=84237&#xD;
TimeProfile test for: Infragistic XML samples\Infragistic 10.2\SingleTime_2011-02-16_09.00_to_09.30.xml&#xD;
Appointments Starting:  AP1: 2/16/2011 8:00:00 AM has no match with AP2Appointments Covering from 2011-02-16 08:00.00, until before 2011-02-16 08:30.00&#xD;
OK : In-Range=31, Out-of-Range=86369&#xD;
TimeProfile test for: Infragistic XML samples\Infragistic 10.2\SingleTime_2011-02-16_09.00_to_09.30_EasternTime.xml&#xD;
Appointments Starting:  AP1: 2/16/2011 8:00:00 AM has no match with AP2Appointments Covering from 2011-02-16 08:00.00, until before 2011-02-16 08:30.00&#xD;
OK : In-Range=31, Out-of-Range=86369&#xD;
TimeProfile test for: Infragistic XML samples\Infragistic 10.2\SingleTime_2011-02-16_09.00_to_2011-02-17_09.30.xml&#xD;
Appointments Starting:  AP1: 2/16/2011 8:00:00 AM has no match with AP2Appointments Covering from 2011-02-16 08:00.00, until before 2011-02-17 08:30.00&#xD;
OK : In-Range=1471, Out-of-Range=84929&#xD;
TimeProfile test for: Infragistic XML samples\Infragistic 10.2\SingleTime_2015-05-26_13.00_to_2015-05-28_13.00.xml&#xD;
Appointments Starting:  AP1: 5/26/2015 11:00:00 AM has no match with AP2Appointments Covering from 2015-05-26 11:00.00, until before 2015-05-28 11:00.00&#xD;
OK : In-Range=2881, Out-of-Range=83519</StdOut>
      </Output>
    </UnitTestResult>
    <UnitTestResult executionId="cf5bff64-b28b-4e03-a316-aacb0d7fdf30" testId="0ae4ccda-60de-eaff-238c-649127e3416c" testName="CalculateSunriseSunsetWilliamTestArctic21DecSunrise" computerName="DKSR-EFI-04" duration="00:00:00.0001572" startTime="2023-12-22T09:32:46.1466531+01:00" endTime="2023-12-22T09:32:46.1466531+01:00" testType="13cdc9d9-ddb5-4fa4-a97d-d965ccfc6d4b" outcome="Passed" testListId="8c84fa94-04c1-424b-9868-57a2d4851a1d" relativeResultsDirectory="cf5bff64-b28b-4e03-a316-aacb0d7fdf30" />
    <UnitTestResult executionId="496edf19-e504-43c6-8dd3-78bab7d438eb" testId="504f8500-ec7f-7c0b-7f98-6a70fc54fd62" testName="CalculateSunriseSunsetWilliamTestAntarctica21DecSunset" computerName="DKSR-EFI-04" duration="00:00:00.0001646" startTime="2023-12-22T09:32:46.2091543+01:00" endTime="2023-12-22T09:32:46.2091543+01:00" testType="13cdc9d9-ddb5-4fa4-a97d-d965ccfc6d4b" outcome="Passed" testListId="8c84fa94-04c1-424b-9868-57a2d4851a1d" relativeResultsDirectory="496edf19-e504-43c6-8dd3-78bab7d438eb" />
    <UnitTestResult executionId="6449a947-5060-4a8d-b39b-10bd185f7cba" testId="32b0b193-b4aa-3f7d-4098-73633d13a8b1" testName="TimeProfileInfragisticEvaluator102Constructor17Test" computerName="DKSR-EFI-04" duration="00:00:00.0032741" startTime="2023-12-22T09:32:44.8341493+01:00" endTime="2023-12-22T09:32:44.8497737+01:00" testType="13cdc9d9-ddb5-4fa4-a97d-d965ccfc6d4b" outcome="Passed" testListId="8c84fa94-04c1-424b-9868-57a2d4851a1d" relativeResultsDirectory="6449a947-5060-4a8d-b39b-10bd185f7cba" />
    <UnitTestResult executionId="da08a33f-1833-4f34-8884-49439d9200c1" testId="6073c7bc-1e3f-565b-8876-0f3a9dff1c9b" testName="GpsParserTestNullString" computerName="DKSR-EFI-04" duration="00:00:00.0004753" startTime="2023-12-22T09:32:31.1466349+01:00" endTime="2023-12-22T09:32:31.1466349+01:00" testType="13cdc9d9-ddb5-4fa4-a97d-d965ccfc6d4b" outcome="Passed" testListId="8c84fa94-04c1-424b-9868-57a2d4851a1d" relativeResultsDirectory="da08a33f-1833-4f34-8884-49439d9200c1" />
    <UnitTestResult executionId="14922921-8c22-426d-ab08-b7fafa53f59b" testId="3d583b8c-3052-2c98-5d88-4786fdb4dd9e" testName="GetAppointmentsRecurringWeekly2ndWednesdayInfragisticVersionTest" computerName="DKSR-EFI-04" duration="00:00:00.0914512" startTime="2023-12-22T09:32:45.5060236+01:00" endTime="2023-12-22T09:32:45.5841527+01:00" testType="13cdc9d9-ddb5-4fa4-a97d-d965ccfc6d4b" outcome="Passed" testListId="8c84fa94-04c1-424b-9868-57a2d4851a1d" relativeResultsDirectory="14922921-8c22-426d-ab08-b7fafa53f59b" />
    <UnitTestResult executionId="c9a3f4f2-286e-423e-ac4f-a7214b313aad" testId="57009344-29ca-28ec-c875-f5770f0aad8e" testName="ConvertGpsValueTestIndex1Length3" computerName="DKSR-EFI-04" duration="00:00:00.0001224" startTime="2023-12-22T09:32:31.0215801+01:00" endTime="2023-12-22T09:32:31.0215801+01:00" testType="13cdc9d9-ddb5-4fa4-a97d-d965ccfc6d4b" outcome="Passed" testListId="8c84fa94-04c1-424b-9868-57a2d4851a1d" relativeResultsDirectory="c9a3f4f2-286e-423e-ac4f-a7214b313aad" />
    <UnitTestResult executionId="b6391d7f-d474-4b97-88d7-3af940ed7fc0" testId="0e0273a8-e168-3437-653c-b4f4dee5d773" testName="CalculateSunriseSunsetWilliamTestArctic23SeptemberSunset" computerName="DKSR-EFI-04" duration="00:00:00.0001518" startTime="2023-12-22T09:32:46.2091543+01:00" endTime="2023-12-22T09:32:46.2091543+01:00" testType="13cdc9d9-ddb5-4fa4-a97d-d965ccfc6d4b" outcome="Passed" testListId="8c84fa94-04c1-424b-9868-57a2d4851a1d" relativeResultsDirectory="b6391d7f-d474-4b97-88d7-3af940ed7fc0" />
    <UnitTestResult executionId="b77d1bed-4c94-4df0-8487-1b2f06593bd2" testId="ca7234eb-a9b3-8076-2a8f-48b120fc3eea" testName="ConvertGpsValueTestInvalidDoubleString4" computerName="DKSR-EFI-04" duration="00:00:00.0004678" startTime="2023-12-22T09:32:31.0528333+01:00" endTime="2023-12-22T09:32:31.0528333+01:00" testType="13cdc9d9-ddb5-4fa4-a97d-d965ccfc6d4b" outcome="Passed" testListId="8c84fa94-04c1-424b-9868-57a2d4851a1d" relativeResultsDirectory="b77d1bed-4c94-4df0-8487-1b2f06593bd2" />
    <UnitTestResult executionId="f905b3fa-79f4-436d-ae41-0c3030071e75" testId="65986213-8cb1-0138-eab2-a6a38229fb5c" testName="CalculateSunriseSunsetWilliamTestArctic21JunSunrise" computerName="DKSR-EFI-04" duration="00:00:00.0001854" startTime="2023-12-22T09:32:46.1935271+01:00" endTime="2023-12-22T09:32:46.1935271+01:00" testType="13cdc9d9-ddb5-4fa4-a97d-d965ccfc6d4b" outcome="Passed" testListId="8c84fa94-04c1-424b-9868-57a2d4851a1d" relativeResultsDirectory="f905b3fa-79f4-436d-ae41-0c3030071e75" />
    <UnitTestResult executionId="441c748c-5e29-40cd-bfce-93b83313f190" testId="21ecbca6-d4f1-1773-6643-21a424eee9f6" testName="GpsParserTestInvalid7Blocks" computerName="DKSR-EFI-04" duration="00:00:00.0007137" startTime="2023-12-22T09:32:31.1153777+01:00" endTime="2023-12-22T09:32:31.1153777+01:00" testType="13cdc9d9-ddb5-4fa4-a97d-d965ccfc6d4b" outcome="Passed" testListId="8c84fa94-04c1-424b-9868-57a2d4851a1d" relativeResultsDirectory="441c748c-5e29-40cd-bfce-93b83313f190" />
    <UnitTestResult executionId="e74a4921-54ad-46ae-bc46-21910a846920" testId="f1801d74-06c6-1316-1f86-90e6cb3984eb" testName="ConvertGpsValueTestInvalidIndex1" computerName="DKSR-EFI-04" duration="00:00:00.0005280" startTime="2023-12-22T09:32:31.0372062+01:00" endTime="2023-12-22T09:32:31.0372062+01:00" testType="13cdc9d9-ddb5-4fa4-a97d-d965ccfc6d4b" outcome="Passed" testListId="8c84fa94-04c1-424b-9868-57a2d4851a1d" relativeResultsDirectory="e74a4921-54ad-46ae-bc46-21910a846920" />
    <UnitTestResult executionId="4749621f-cb3d-4029-a0e9-2123935aae20" testId="66d424c7-c7b9-8e7b-f20e-6b87085716d8" testName="TimeProfileInfragisticEvaluator102Constructor14Test" computerName="DKSR-EFI-04" duration="00:00:00.0044895" startTime="2023-12-22T09:32:44.8185229+01:00" endTime="2023-12-22T09:32:44.8185229+01:00" testType="13cdc9d9-ddb5-4fa4-a97d-d965ccfc6d4b" outcome="Passed" testListId="8c84fa94-04c1-424b-9868-57a2d4851a1d" relativeResultsDirectory="4749621f-cb3d-4029-a0e9-2123935aae20" />
    <UnitTestResult executionId="b615d74c-9afb-477d-97c4-f76f789b7932" testId="8fe0f06c-aa8c-d9f6-2f78-c7e6d52e0425" testName="GetAppointmentsRecurring2ndWeekdaysTest" computerName="DKSR-EFI-04" duration="00:00:00.0203058" startTime="2023-12-22T09:32:45.0997726+01:00" endTime="2023-12-22T09:32:45.1153996+01:00" testType="13cdc9d9-ddb5-4fa4-a97d-d965ccfc6d4b" outcome="Passed" testListId="8c84fa94-04c1-424b-9868-57a2d4851a1d" relativeResultsDirectory="b615d74c-9afb-477d-97c4-f76f789b7932" />
    <UnitTestResult executionId="8a8e3986-40eb-438f-b4ad-27338c5f5c2d" testId="cd58886c-4d31-5863-c73c-d9ded62d37cb" testName="FromXmlInvalidXmlNoArgumentOutOfRangeSunSetTest" computerName="DKSR-EFI-04" duration="00:00:00.0008933" startTime="2023-12-22T09:32:45.9904027+01:00" endTime="2023-12-22T09:32:45.9904027+01:00" testType="13cdc9d9-ddb5-4fa4-a97d-d965ccfc6d4b" outcome="Passed" testListId="8c84fa94-04c1-424b-9868-57a2d4851a1d" relativeResultsDirectory="8a8e3986-40eb-438f-b4ad-27338c5f5c2d" />
    <UnitTestResult executionId="df04ec7e-a00d-4cf0-9c54-6b3a63b9617b" testId="5db3517e-c80c-fe6c-e4a9-6a92c9cfe164" testName="TimeProfileInfragisticEvaluator63Constructor17Test" computerName="DKSR-EFI-04" duration="00:00:00.0054045" startTime="2023-12-22T09:32:44.7247732+01:00" endTime="2023-12-22T09:32:44.7247732+01:00" testType="13cdc9d9-ddb5-4fa4-a97d-d965ccfc6d4b" outcome="Passed" testListId="8c84fa94-04c1-424b-9868-57a2d4851a1d" relativeResultsDirectory="df04ec7e-a00d-4cf0-9c54-6b3a63b9617b" />
    <UnitTestResult executionId="3bc2ea8b-77b0-427f-86a3-1266e9ff6f86" testId="9c9c731f-0a9f-deb1-69df-c8a6a7e8dad1" testName="ConvertGpsValueTestInvalidDoubleString5" computerName="DKSR-EFI-04" duration="00:00:00.0004769" startTime="2023-12-22T09:32:31.0528333+01:00" endTime="2023-12-22T09:32:31.0528333+01:00" testType="13cdc9d9-ddb5-4fa4-a97d-d965ccfc6d4b" outcome="Passed" testListId="8c84fa94-04c1-424b-9868-57a2d4851a1d" relativeResultsDirectory="3bc2ea8b-77b0-427f-86a3-1266e9ff6f86" />
    <UnitTestResult executionId="c34fefda-b365-409d-9c05-352d3a74d109" testId="ea667506-b47e-e946-1c6d-d1cb5a594f46" testName="ConvertGpsValueTestInvalidIndex2" computerName="DKSR-EFI-04" duration="00:00:00.0004886" startTime="2023-12-22T09:32:31.0372062+01:00" endTime="2023-12-22T09:32:31.0372062+01:00" testType="13cdc9d9-ddb5-4fa4-a97d-d965ccfc6d4b" outcome="Passed" testListId="8c84fa94-04c1-424b-9868-57a2d4851a1d" relativeResultsDirectory="c34fefda-b365-409d-9c05-352d3a74d109" />
    <UnitTestResult executionId="860a49e7-b8a5-41cd-b115-9f629bb9f41f" testId="1892a536-c672-63e9-90b0-b9843eecd373" testName="TimeProfileEvaluatorConstructorTestWrongTimeProfileType" computerName="DKSR-EFI-04" duration="00:00:00.0029935" startTime="2023-12-22T09:32:31.1622091+01:00" endTime="2023-12-22T09:32:31.1622091+01:00" testType="13cdc9d9-ddb5-4fa4-a97d-d965ccfc6d4b" outcome="Passed" testListId="8c84fa94-04c1-424b-9868-57a2d4851a1d" relativeResultsDirectory="860a49e7-b8a5-41cd-b115-9f629bb9f41f" />
    <UnitTestResult executionId="e046f187-9b96-494b-a961-f041d99d99b1" testId="56db8e45-e246-6a46-f4a8-4cf26efa7827" testName="GetAppointmentsRecurringYearlyFirstMondayMartsInfragisticVersionTest" computerName="DKSR-EFI-04" duration="00:00:00.0525609" startTime="2023-12-22T09:32:45.6935258+01:00" endTime="2023-12-22T09:32:45.7560252+01:00" testType="13cdc9d9-ddb5-4fa4-a97d-d965ccfc6d4b" outcome="Passed" testListId="8c84fa94-04c1-424b-9868-57a2d4851a1d" relativeResultsDirectory="e046f187-9b96-494b-a961-f041d99d99b1" />
    <UnitTestResult executionId="5136241c-9b3b-45fe-b2db-b283537171bc" testId="d5228a08-db24-6e8c-25f3-c367348f1d61" testName="EvaluateTimeTestSunClockCopenhagen21DecNotOK" computerName="DKSR-EFI-04" duration="00:00:00.0220674" startTime="2023-12-22T09:32:32.1309627+01:00" endTime="2023-12-22T09:32:32.1622134+01:00" testType="13cdc9d9-ddb5-4fa4-a97d-d965ccfc6d4b" outcome="Passed" testListId="8c84fa94-04c1-424b-9868-57a2d4851a1d" relativeResultsDirectory="5136241c-9b3b-45fe-b2db-b283537171bc" />
    <UnitTestResult executionId="740fcee1-d65f-4ac3-a2eb-b46dd48c34fd" testId="ff6941a0-7d1f-b843-e735-336906a27a73" testName="TimeProfileInfragisticEvaluator102Constructor7Test" computerName="DKSR-EFI-04" duration="00:00:00.0012239" startTime="2023-12-22T09:32:44.7716469+01:00" endTime="2023-12-22T09:32:44.7716469+01:00" testType="13cdc9d9-ddb5-4fa4-a97d-d965ccfc6d4b" outcome="Passed" testListId="8c84fa94-04c1-424b-9868-57a2d4851a1d" relativeResultsDirectory="740fcee1-d65f-4ac3-a2eb-b46dd48c34fd" />
    <UnitTestResult executionId="25a36294-e6a0-4e05-bf38-d56bceb81ddc" testId="95884629-73c0-a665-94f3-a0dff59b71b9" testName="ConvertGpsValueTestIndex2Length3" computerName="DKSR-EFI-04" duration="00:00:00.0001274" startTime="2023-12-22T09:32:31.0215801+01:00" endTime="2023-12-22T09:32:31.0215801+01:00" testType="13cdc9d9-ddb5-4fa4-a97d-d965ccfc6d4b" outcome="Passed" testListId="8c84fa94-04c1-424b-9868-57a2d4851a1d" relativeResultsDirectory="25a36294-e6a0-4e05-bf38-d56bceb81ddc" />
    <UnitTestResult executionId="8507eb7c-7e7a-4695-a7f0-33c477fad24d" testId="5dd0451c-31d9-5c7b-8ded-d9536b6a9b0f" testName="TimeProfileSunClockDefinitionConstructor1NoOutOfRangeExceptionTest" computerName="DKSR-EFI-04" duration="00:00:00.0006913" startTime="2023-12-22T09:32:45.8966526+01:00" endTime="2023-12-22T09:32:45.8966526+01:00" testType="13cdc9d9-ddb5-4fa4-a97d-d965ccfc6d4b" outcome="Passed" testListId="8c84fa94-04c1-424b-9868-57a2d4851a1d" relativeResultsDirectory="8507eb7c-7e7a-4695-a7f0-33c477fad24d" />
    <UnitTestResult executionId="0291d68f-c096-412c-b599-feede9a5c6c1" testId="c4719cfb-b0ad-762b-8ee7-099c835d4e2f" testName="TimeProfileInfragisticEvaluator63Constructor18Test" computerName="DKSR-EFI-04" duration="00:00:00.0054342" startTime="2023-12-22T09:32:44.7247732+01:00" endTime="2023-12-22T09:32:44.7403983+01:00" testType="13cdc9d9-ddb5-4fa4-a97d-d965ccfc6d4b" outcome="Passed" testListId="8c84fa94-04c1-424b-9868-57a2d4851a1d" relativeResultsDirectory="0291d68f-c096-412c-b599-feede9a5c6c1" />
    <UnitTestResult executionId="1b240f1b-cf1c-4a6f-819b-611b62204791" testId="7b6b1e8c-ea3a-e0dc-5797-dc03cd0097ea" testName="TimeProfileInfragisticEvaluator102Constructor8Test" computerName="DKSR-EFI-04" duration="00:00:00.0042529" startTime="2023-12-22T09:32:44.7716469+01:00" endTime="2023-12-22T09:32:44.7872722+01:00" testType="13cdc9d9-ddb5-4fa4-a97d-d965ccfc6d4b" outcome="Passed" testListId="8c84fa94-04c1-424b-9868-57a2d4851a1d" relativeResultsDirectory="1b240f1b-cf1c-4a6f-819b-611b62204791" />
    <UnitTestResult executionId="712bf531-1bf9-49e6-9a45-2969b63e96b6" testId="4007239d-f229-5928-1e8e-6f54e2b65d28" testName="ClearTest" computerName="DKSR-EFI-04" duration="00:00:00.0011589" startTime="2023-12-22T09:32:45.8341503+01:00" endTime="2023-12-22T09:32:45.8341503+01:00" testType="13cdc9d9-ddb5-4fa4-a97d-d965ccfc6d4b" outcome="Passed" testListId="8c84fa94-04c1-424b-9868-57a2d4851a1d" relativeResultsDirectory="712bf531-1bf9-49e6-9a45-2969b63e96b6" />
    <UnitTestResult executionId="ecd699a6-1d5a-41ac-834c-1a24e4886774" testId="00e49518-1eb0-0167-9e2d-e6f8d93302c9" testName="SunSetOffsetOutOfRangeTest" computerName="DKSR-EFI-04" duration="00:00:00.0006084" startTime="2023-12-22T09:32:46.0216531+01:00" endTime="2023-12-22T09:32:46.0216531+01:00" testType="13cdc9d9-ddb5-4fa4-a97d-d965ccfc6d4b" outcome="Passed" testListId="8c84fa94-04c1-424b-9868-57a2d4851a1d" relativeResultsDirectory="ecd699a6-1d5a-41ac-834c-1a24e4886774" />
    <UnitTestResult executionId="722feee4-5f95-423b-8a64-0ce564d2a6b0" testId="2302141c-19e6-6c88-34e1-4d080f2de502" testName="CalculateSunriseSunsetWilliamTestKiruna23SeptemberSunrise" computerName="DKSR-EFI-04" duration="00:00:00.0001599" startTime="2023-12-22T09:32:46.1154058+01:00" endTime="2023-12-22T09:32:46.1154058+01:00" testType="13cdc9d9-ddb5-4fa4-a97d-d965ccfc6d4b" outcome="Passed" testListId="8c84fa94-04c1-424b-9868-57a2d4851a1d" relativeResultsDirectory="722feee4-5f95-423b-8a64-0ce564d2a6b0" />
    <UnitTestResult executionId="4b7a7746-65ad-412a-b617-d1e12fa0ca1b" testId="5f4ddda0-5c8f-439a-b9e1-c8e069e07b13" testName="CalculateSunriseSunsetWilliamTestHonolulu21DecSunset" computerName="DKSR-EFI-04" duration="00:00:00.0001587" startTime="2023-12-22T09:32:46.0997807+01:00" endTime="2023-12-22T09:32:46.0997807+01:00" testType="13cdc9d9-ddb5-4fa4-a97d-d965ccfc6d4b" outcome="Passed" testListId="8c84fa94-04c1-424b-9868-57a2d4851a1d" relativeResultsDirectory="4b7a7746-65ad-412a-b617-d1e12fa0ca1b" />
    <UnitTestResult executionId="a240c30c-a079-4c2b-8cc4-335af18c85bc" testId="4691a292-11b4-c418-93c6-c8e9faf2d926" testName="CalculateSunriseSunsetWilliamTestBuenosAires21JunSunrise" computerName="DKSR-EFI-04" duration="00:00:00.0001394" startTime="2023-12-22T09:32:46.0841531+01:00" endTime="2023-12-22T09:32:46.0841531+01:00" testType="13cdc9d9-ddb5-4fa4-a97d-d965ccfc6d4b" outcome="Passed" testListId="8c84fa94-04c1-424b-9868-57a2d4851a1d" relativeResultsDirectory="a240c30c-a079-4c2b-8cc4-335af18c85bc" />
    <UnitTestResult executionId="2a8923ef-41e3-4e75-a44b-fc0672d00632" testId="c3621c47-1bc0-4d94-e183-c2875952971e" testName="CalculateSunriseSunsetWilliamTestNearAntarctica21DecSunset" computerName="DKSR-EFI-04" duration="00:00:00.0001569" startTime="2023-12-22T09:32:46.1310294+01:00" endTime="2023-12-22T09:32:46.1310294+01:00" testType="13cdc9d9-ddb5-4fa4-a97d-d965ccfc6d4b" outcome="Passed" testListId="8c84fa94-04c1-424b-9868-57a2d4851a1d" relativeResultsDirectory="2a8923ef-41e3-4e75-a44b-fc0672d00632" />
    <UnitTestResult executionId="5d3a73c1-932c-4573-ac84-f561af13851e" testId="3d256b09-1b94-0003-48ef-e76b2ee2457e" testName="EvaluateTimeTestSunClockWinterTime2" computerName="DKSR-EFI-04" duration="00:00:00.0004872" startTime="2023-12-22T09:32:32.1778382+01:00" endTime="2023-12-22T09:32:32.1778382+01:00" testType="13cdc9d9-ddb5-4fa4-a97d-d965ccfc6d4b" outcome="Passed" testListId="8c84fa94-04c1-424b-9868-57a2d4851a1d" relativeResultsDirectory="5d3a73c1-932c-4573-ac84-f561af13851e" />
    <UnitTestResult executionId="64657293-cc14-423c-8671-8f8415802144" testId="7cddebdf-f02e-09d9-d1f3-38a3d352e5a3" testName="TimeProfileSunClockEvaluatorConstructorTestDefinitionNull" computerName="DKSR-EFI-04" duration="00:00:00.0005275" startTime="2023-12-22T09:32:46.0372773+01:00" endTime="2023-12-22T09:32:46.0372773+01:00" testType="13cdc9d9-ddb5-4fa4-a97d-d965ccfc6d4b" outcome="Passed" testListId="8c84fa94-04c1-424b-9868-57a2d4851a1d" relativeResultsDirectory="64657293-cc14-423c-8671-8f8415802144" />
    <UnitTestResult executionId="06897f0e-6e28-45e4-ad78-e710cfd6c7ca" testId="4967ca88-241d-80b3-55ce-223db234230d" testName="CalculateSunriseSunsetWilliamTestAntarctica20MarchSunset" computerName="DKSR-EFI-04" duration="00:00:00.0001680" startTime="2023-12-22T09:32:46.2247799+01:00" endTime="2023-12-22T09:32:46.2247799+01:00" testType="13cdc9d9-ddb5-4fa4-a97d-d965ccfc6d4b" outcome="Passed" testListId="8c84fa94-04c1-424b-9868-57a2d4851a1d" relativeResultsDirectory="06897f0e-6e28-45e4-ad78-e710cfd6c7ca" />
    <UnitTestResult executionId="91ff323d-828a-439b-a5ed-cba0eb3325f5" testId="ebd77575-a8ad-b063-41fc-05afc7aacb66" testName="GpsParserTestInvalidBlockSeparatorBeforeWest" computerName="DKSR-EFI-04" duration="00:00:00.0005825" startTime="2023-12-22T09:32:31.1153777+01:00" endTime="2023-12-22T09:32:31.1153777+01:00" testType="13cdc9d9-ddb5-4fa4-a97d-d965ccfc6d4b" outcome="Passed" testListId="8c84fa94-04c1-424b-9868-57a2d4851a1d" relativeResultsDirectory="91ff323d-828a-439b-a5ed-cba0eb3325f5" />
    <UnitTestResult executionId="3620408d-219f-4d7d-a48e-abeff0c49812" testId="f08b6afe-650f-013c-1d28-a1575a559f3c" testName="ConvertGpsValueTestIndex0Length2" computerName="DKSR-EFI-04" duration="00:00:00.0001407" startTime="2023-12-22T09:32:30.9903314+01:00" endTime="2023-12-22T09:32:30.9903314+01:00" testType="13cdc9d9-ddb5-4fa4-a97d-d965ccfc6d4b" outcome="Passed" testListId="8c84fa94-04c1-424b-9868-57a2d4851a1d" relativeResultsDirectory="3620408d-219f-4d7d-a48e-abeff0c49812" />
    <UnitTestResult executionId="95683467-56b2-482a-b980-0af1842db411" testId="960259e5-01ab-7885-ec84-403d510060e4" testName="GPSCoordinateConstructorTestLatitudeOutOfRange" computerName="DKSR-EFI-04" duration="00:00:00.0074380" startTime="2023-12-22T09:32:30.9590810+01:00" endTime="2023-12-22T09:32:30.9590810+01:00" testType="13cdc9d9-ddb5-4fa4-a97d-d965ccfc6d4b" outcome="Passed" testListId="8c84fa94-04c1-424b-9868-57a2d4851a1d" relativeResultsDirectory="95683467-56b2-482a-b980-0af1842db411" />
    <UnitTestResult executionId="f1486ecf-95e4-4be3-a5f7-93d7f5a7783e" testId="05966a77-506e-b041-2362-8fce34e01585" testName="ConvertGpsValueTestShouldBeInteger3" computerName="DKSR-EFI-04" duration="00:00:00.0005501" startTime="2023-12-22T09:32:31.0372062+01:00" endTime="2023-12-22T09:32:31.0372062+01:00" testType="13cdc9d9-ddb5-4fa4-a97d-d965ccfc6d4b" outcome="Passed" testListId="8c84fa94-04c1-424b-9868-57a2d4851a1d" relativeResultsDirectory="f1486ecf-95e4-4be3-a5f7-93d7f5a7783e" />
    <UnitTestResult executionId="34c30cb5-6b5e-484a-bf94-5cae18e7f185" testId="fde826eb-ae78-61b2-4641-224449f88a5f" testName="GetSunriseSunsetAppointmentTestHonolulu21DecMinus10TimeZone" computerName="DKSR-EFI-04" duration="00:00:00.0005092" startTime="2023-12-22T09:32:46.2404028+01:00" endTime="2023-12-22T09:32:46.2560288+01:00" testType="13cdc9d9-ddb5-4fa4-a97d-d965ccfc6d4b" outcome="Passed" testListId="8c84fa94-04c1-424b-9868-57a2d4851a1d" relativeResultsDirectory="34c30cb5-6b5e-484a-bf94-5cae18e7f185" />
    <UnitTestResult executionId="78afa026-16c1-4581-8dd3-9c3552c489c2" testId="2c2466a8-3de5-f6f3-9092-f67be1356dbe" testName="GpsParserTestInvalidNoOfDirectionSpecifiers2" computerName="DKSR-EFI-04" duration="00:00:00.0004601" startTime="2023-12-22T09:32:31.1309578+01:00" endTime="2023-12-22T09:32:31.1309578+01:00" testType="13cdc9d9-ddb5-4fa4-a97d-d965ccfc6d4b" outcome="Passed" testListId="8c84fa94-04c1-424b-9868-57a2d4851a1d" relativeResultsDirectory="78afa026-16c1-4581-8dd3-9c3552c489c2" />
    <UnitTestResult executionId="e35aab13-ff98-468f-a402-87ba64b85442" testId="1fd52ad5-18d8-63ed-d828-88d800cd0df5" testName="ConvertGpsValueTestIndex0Length1" computerName="DKSR-EFI-04" duration="00:00:00.0006014" startTime="2023-12-22T09:32:30.9903314+01:00" endTime="2023-12-22T09:32:30.9903314+01:00" testType="13cdc9d9-ddb5-4fa4-a97d-d965ccfc6d4b" outcome="Passed" testListId="8c84fa94-04c1-424b-9868-57a2d4851a1d" relativeResultsDirectory="e35aab13-ff98-468f-a402-87ba64b85442" />
    <UnitTestResult executionId="b44f1ad8-2c0a-4085-91ba-5a001b8df0f4" testId="13ffe40a-cea3-a2ca-adf4-03957069cafa" testName="GpsParserTestLatitudeIsOutOfRange" computerName="DKSR-EFI-04" duration="00:00:00.0005743" startTime="2023-12-22T09:32:31.1466349+01:00" endTime="2023-12-22T09:32:31.1466349+01:00" testType="13cdc9d9-ddb5-4fa4-a97d-d965ccfc6d4b" outcome="Passed" testListId="8c84fa94-04c1-424b-9868-57a2d4851a1d" relativeResultsDirectory="b44f1ad8-2c0a-4085-91ba-5a001b8df0f4" />
    <UnitTestResult executionId="d13d1ceb-1881-4f1d-b4c9-0cc91cd7d12c" testId="8cc02d5c-f8a8-0a3b-7d61-bf9e29071278" testName="EvaluateTimeTestInfragisticsSummerTime" computerName="DKSR-EFI-04" duration="00:00:00.1376738" startTime="2023-12-22T09:32:32.1934615+01:00" endTime="2023-12-22T09:32:32.3340884+01:00" testType="13cdc9d9-ddb5-4fa4-a97d-d965ccfc6d4b" outcome="Passed" testListId="8c84fa94-04c1-424b-9868-57a2d4851a1d" relativeResultsDirectory="d13d1ceb-1881-4f1d-b4c9-0cc91cd7d12c" />
    <UnitTestResult executionId="90344471-5476-40b2-8304-2c3db50c37b0" testId="3b56f814-ecc8-39ee-c7ef-349eccf9ec86" testName="FromXmlInvalidXmlNoArgumentOutOfRangeGPSTest" computerName="DKSR-EFI-04" duration="00:00:00.0006652" startTime="2023-12-22T09:32:45.9904027+01:00" endTime="2023-12-22T09:32:45.9904027+01:00" testType="13cdc9d9-ddb5-4fa4-a97d-d965ccfc6d4b" outcome="Passed" testListId="8c84fa94-04c1-424b-9868-57a2d4851a1d" relativeResultsDirectory="90344471-5476-40b2-8304-2c3db50c37b0" />
    <UnitTestResult executionId="5a11903c-0e75-4a57-b2f0-00b605848062" testId="770cf38a-e9f6-a6ff-e3db-fe7e04ec6dad" testName="TimeProfileInfragisticEvaluator63Constructor4Test" computerName="DKSR-EFI-04" duration="00:00:00.0054189" startTime="2023-12-22T09:32:44.5997721+01:00" endTime="2023-12-22T09:32:44.6153970+01:00" testType="13cdc9d9-ddb5-4fa4-a97d-d965ccfc6d4b" outcome="Passed" testListId="8c84fa94-04c1-424b-9868-57a2d4851a1d" relativeResultsDirectory="5a11903c-0e75-4a57-b2f0-00b605848062" />
    <UnitTestResult executionId="52f98758-8fd2-424a-ad75-96e4fdf92979" testId="6be9ab99-dbb3-4f68-f251-1d624eda90d2" testName="TimeProfileInfragisticEvaluator102Constructor18Test" computerName="DKSR-EFI-04" duration="00:00:00.0033809" startTime="2023-12-22T09:32:44.8497737+01:00" endTime="2023-12-22T09:32:44.8497737+01:00" testType="13cdc9d9-ddb5-4fa4-a97d-d965ccfc6d4b" outcome="Passed" testListId="8c84fa94-04c1-424b-9868-57a2d4851a1d" relativeResultsDirectory="52f98758-8fd2-424a-ad75-96e4fdf92979" />
    <UnitTestResult executionId="02c404d1-6c66-4851-84de-63c27ed71bb1" testId="ae550c5b-f7bd-f702-2ff9-d392e5702cfa" testName="GetAppointmentsTestCopenhagen21JunPlus10TimeZone" computerName="DKSR-EFI-04" duration="00:00:00.0008416" startTime="2023-12-22T09:32:46.2716530+01:00" endTime="2023-12-22T09:32:46.2716530+01:00" testType="13cdc9d9-ddb5-4fa4-a97d-d965ccfc6d4b" outcome="Passed" testListId="8c84fa94-04c1-424b-9868-57a2d4851a1d" relativeResultsDirectory="02c404d1-6c66-4851-84de-63c27ed71bb1" />
    <UnitTestResult executionId="97d88bec-a73d-425c-8e50-62176be8f4e0" testId="2ad32eb2-eddd-19f8-2d22-c5a7966a02a2" testName="CalculateSunriseSunsetWilliamTestSydney21JunSunset" computerName="DKSR-EFI-04" duration="00:00:00.0001649" startTime="2023-12-22T09:32:46.0997807+01:00" endTime="2023-12-22T09:32:46.0997807+01:00" testType="13cdc9d9-ddb5-4fa4-a97d-d965ccfc6d4b" outcome="Passed" testListId="8c84fa94-04c1-424b-9868-57a2d4851a1d" relativeResultsDirectory="97d88bec-a73d-425c-8e50-62176be8f4e0" />
    <UnitTestResult executionId="1b74eb58-e5cd-4a47-bedf-b57fcd559918" testId="01d2d194-dd8f-699f-9d94-4801e7ed1558" testName="ConvertGpsValueTestInvalidDoubleString2" computerName="DKSR-EFI-04" duration="00:00:00.0004692" startTime="2023-12-22T09:32:31.0528333+01:00" endTime="2023-12-22T09:32:31.0528333+01:00" testType="13cdc9d9-ddb5-4fa4-a97d-d965ccfc6d4b" outcome="Passed" testListId="8c84fa94-04c1-424b-9868-57a2d4851a1d" relativeResultsDirectory="1b74eb58-e5cd-4a47-bedf-b57fcd559918" />
    <UnitTestResult executionId="6624d781-ca22-455c-9bd5-f49fe9f33781" testId="0da56207-53ce-cd1c-0d2a-d7265e74cbc6" testName="TimeProfileInfragisticEvaluator102Constructor1Test" computerName="DKSR-EFI-04" duration="00:00:00.0032453" startTime="2023-12-22T09:32:44.7403983+01:00" endTime="2023-12-22T09:32:44.7403983+01:00" testType="13cdc9d9-ddb5-4fa4-a97d-d965ccfc6d4b" outcome="Passed" testListId="8c84fa94-04c1-424b-9868-57a2d4851a1d" relativeResultsDirectory="6624d781-ca22-455c-9bd5-f49fe9f33781" />
    <UnitTestResult executionId="e9436a3c-e38c-4049-b5a2-2e15f7ce2ca5" testId="a8f03229-2497-a343-fb26-79a1166086a7" testName="TimeProfileEvaluatorConstructorTestInfragistics" computerName="DKSR-EFI-04" duration="00:00:00.1809253" startTime="2023-12-22T09:32:31.7872098+01:00" endTime="2023-12-22T09:32:31.9747102+01:00" testType="13cdc9d9-ddb5-4fa4-a97d-d965ccfc6d4b" outcome="Passed" testListId="8c84fa94-04c1-424b-9868-57a2d4851a1d" relativeResultsDirectory="e9436a3c-e38c-4049-b5a2-2e15f7ce2ca5" />
    <UnitTestResult executionId="6c3e23cd-5eee-40df-a2a3-f70b9938bf9a" testId="76f4783f-000e-0121-5317-f1e6024e18f9" testName="CalculateSunriseSunsetWilliamTestNearAntarctica20MarchSunset" computerName="DKSR-EFI-04" duration="00:00:00.0001979" startTime="2023-12-22T09:32:46.1310294+01:00" endTime="2023-12-22T09:32:46.1310294+01:00" testType="13cdc9d9-ddb5-4fa4-a97d-d965ccfc6d4b" outcome="Passed" testListId="8c84fa94-04c1-424b-9868-57a2d4851a1d" relativeResultsDirectory="6c3e23cd-5eee-40df-a2a3-f70b9938bf9a" />
    <UnitTestResult executionId="db9bf10e-edac-4d10-ac49-584b8f575a16" testId="101d059b-3dc7-48e7-8888-8e64ee1e83bc" testName="CalculateSunriseSunsetWilliamTestKiruna20MarchSunrise" computerName="DKSR-EFI-04" duration="00:00:00.0001516" startTime="2023-12-22T09:32:46.1154058+01:00" endTime="2023-12-22T09:32:46.1154058+01:00" testType="13cdc9d9-ddb5-4fa4-a97d-d965ccfc6d4b" outcome="Passed" testListId="8c84fa94-04c1-424b-9868-57a2d4851a1d" relativeResultsDirectory="db9bf10e-edac-4d10-ac49-584b8f575a16" />
    <UnitTestResult executionId="8ef65367-360b-4a64-bff0-1b50692e286e" testId="0c7ff491-23e9-4251-bdc2-ca3c95b91cb2" testName="GetAppointmentsRecurringMonthlyFirstMondayInfragisticVersionTest" computerName="DKSR-EFI-04" duration="00:00:00.0513492" startTime="2023-12-22T09:32:45.3966506+01:00" endTime="2023-12-22T09:32:45.4435236+01:00" testType="13cdc9d9-ddb5-4fa4-a97d-d965ccfc6d4b" outcome="Passed" testListId="8c84fa94-04c1-424b-9868-57a2d4851a1d" relativeResultsDirectory="8ef65367-360b-4a64-bff0-1b50692e286e" />
    <UnitTestResult executionId="ab6d10b1-8ec8-4372-ad6f-31b15c4c083d" testId="7edfc2a0-a0ff-1e30-eafb-1b06193ab04e" testName="TimeZoneArgumentNullTest" computerName="DKSR-EFI-04" duration="00:00:00.0005745" startTime="2023-12-22T09:32:46.0216531+01:00" endTime="2023-12-22T09:32:46.0216531+01:00" testType="13cdc9d9-ddb5-4fa4-a97d-d965ccfc6d4b" outcome="Passed" testListId="8c84fa94-04c1-424b-9868-57a2d4851a1d" relativeResultsDirectory="ab6d10b1-8ec8-4372-ad6f-31b15c4c083d" />
    <UnitTestResult executionId="fb6679bd-1033-4f56-b117-99d84e88d5f0" testId="5e9200ae-0661-af50-b1c4-ede9caf456b6" testName="FromXmlInvalidXmlMissingSectionSunSetOffsetTest" computerName="DKSR-EFI-04" duration="00:00:00.0007202" startTime="2023-12-22T09:32:45.9747764+01:00" endTime="2023-12-22T09:32:45.9747764+01:00" testType="13cdc9d9-ddb5-4fa4-a97d-d965ccfc6d4b" outcome="Passed" testListId="8c84fa94-04c1-424b-9868-57a2d4851a1d" relativeResultsDirectory="fb6679bd-1033-4f56-b117-99d84e88d5f0" />
    <UnitTestResult executionId="d39da190-f228-4d72-8bd4-54eb89a22433" testId="2c9adc59-410d-16bf-1be1-4e4633030c53" testName="GpsParserTestMissingBlockSeparator" computerName="DKSR-EFI-04" duration="00:00:00.0004648" startTime="2023-12-22T09:32:31.0997075+01:00" endTime="2023-12-22T09:32:31.0997075+01:00" testType="13cdc9d9-ddb5-4fa4-a97d-d965ccfc6d4b" outcome="Passed" testListId="8c84fa94-04c1-424b-9868-57a2d4851a1d" relativeResultsDirectory="d39da190-f228-4d72-8bd4-54eb89a22433" />
    <UnitTestResult executionId="d13dcc6f-a71b-4258-a7f7-19221f34dc6c" testId="dc2af4d3-55d0-2f4e-0217-23eddb6d0247" testName="TimeProfileInfragisticEvaluator102Constructor9Test" computerName="DKSR-EFI-04" duration="00:00:00.0058112" startTime="2023-12-22T09:32:44.7872722+01:00" endTime="2023-12-22T09:32:44.7872722+01:00" testType="13cdc9d9-ddb5-4fa4-a97d-d965ccfc6d4b" outcome="Passed" testListId="8c84fa94-04c1-424b-9868-57a2d4851a1d" relativeResultsDirectory="d13dcc6f-a71b-4258-a7f7-19221f34dc6c" />
    <UnitTestResult executionId="92d5abc3-882c-427a-8c7f-3efe6a13d046" testId="510a1b17-7deb-d7c8-3aea-b338f74aa4a3" testName="GPSCoordinateArgumentNullTest" computerName="DKSR-EFI-04" duration="00:00:00.0006835" startTime="2023-12-22T09:32:46.0060283+01:00" endTime="2023-12-22T09:32:46.0060283+01:00" testType="13cdc9d9-ddb5-4fa4-a97d-d965ccfc6d4b" outcome="Passed" testListId="8c84fa94-04c1-424b-9868-57a2d4851a1d" relativeResultsDirectory="92d5abc3-882c-427a-8c7f-3efe6a13d046" />
    <UnitTestResult executionId="274a2cae-66d1-4588-90d6-27c868148f2f" testId="1eea9b1e-c799-2a01-548d-be592caf3d78" testName="GetAppointmentDurationTest" computerName="DKSR-EFI-04" duration="00:00:00.0008752" startTime="2023-12-22T09:32:45.8497778+01:00" endTime="2023-12-22T09:32:45.8497778+01:00" testType="13cdc9d9-ddb5-4fa4-a97d-d965ccfc6d4b" outcome="Passed" testListId="8c84fa94-04c1-424b-9868-57a2d4851a1d" relativeResultsDirectory="274a2cae-66d1-4588-90d6-27c868148f2f" />
    <UnitTestResult executionId="606afa71-8ad8-4e96-8152-87889ba8ef4b" testId="0941949c-0b5a-3521-9694-230cd0dfcd16" testName="CalculateSunriseSunsetWilliamTestCopenhagen21JunSunrise" computerName="DKSR-EFI-04" duration="00:00:00.0001712" startTime="2023-12-22T09:32:46.0529028+01:00" endTime="2023-12-22T09:32:46.0529028+01:00" testType="13cdc9d9-ddb5-4fa4-a97d-d965ccfc6d4b" outcome="Passed" testListId="8c84fa94-04c1-424b-9868-57a2d4851a1d" relativeResultsDirectory="606afa71-8ad8-4e96-8152-87889ba8ef4b" />
    <UnitTestResult executionId="637de121-01eb-41e6-8cef-91f381cc3b21" testId="9f56f6e2-3f62-d2cf-b319-98ca06ea9fb1" testName="ConvertGpsValueTestInvalidDoubleString3" computerName="DKSR-EFI-04" duration="00:00:00.0004697" startTime="2023-12-22T09:32:31.0528333+01:00" endTime="2023-12-22T09:32:31.0528333+01:00" testType="13cdc9d9-ddb5-4fa4-a97d-d965ccfc6d4b" outcome="Passed" testListId="8c84fa94-04c1-424b-9868-57a2d4851a1d" relativeResultsDirectory="637de121-01eb-41e6-8cef-91f381cc3b21" />
    <UnitTestResult executionId="e7997c54-f62a-4337-aa63-b5a81f1b0b81" testId="eeb01f0c-4fbc-2723-d889-96e02879be19" testName="TimeProfileInfragisticEvaluator102Constructor16Test" computerName="DKSR-EFI-04" duration="00:00:00.0034835" startTime="2023-12-22T09:32:44.8341493+01:00" endTime="2023-12-22T09:32:44.8341493+01:00" testType="13cdc9d9-ddb5-4fa4-a97d-d965ccfc6d4b" outcome="Passed" testListId="8c84fa94-04c1-424b-9868-57a2d4851a1d" relativeResultsDirectory="e7997c54-f62a-4337-aa63-b5a81f1b0b81" />
    <UnitTestResult executionId="e961d085-edad-4166-a3ad-c0e5eca02325" testId="6a08f71b-4ef2-78a3-72c1-b7e6a98291eb" testName="TimeZoneTest" computerName="DKSR-EFI-04" duration="00:00:00.0003655" startTime="2023-12-22T09:32:46.0216531+01:00" endTime="2023-12-22T09:32:46.0216531+01:00" testType="13cdc9d9-ddb5-4fa4-a97d-d965ccfc6d4b" outcome="Passed" testListId="8c84fa94-04c1-424b-9868-57a2d4851a1d" relativeResultsDirectory="e961d085-edad-4166-a3ad-c0e5eca02325" />
    <UnitTestResult executionId="f810df26-30e5-403b-b027-5564a8551794" testId="bf3aa406-9cb4-3d98-6cb2-b22a7ae2119b" testName="TimeProfileInfragisticEvaluator63Constructor2Test" computerName="DKSR-EFI-04" duration="00:00:00.0053253" startTime="2023-12-22T09:32:44.5997721+01:00" endTime="2023-12-22T09:32:44.5997721+01:00" testType="13cdc9d9-ddb5-4fa4-a97d-d965ccfc6d4b" outcome="Passed" testListId="8c84fa94-04c1-424b-9868-57a2d4851a1d" relativeResultsDirectory="f810df26-30e5-403b-b027-5564a8551794" />
    <UnitTestResult executionId="46f55934-ce20-42ed-a75f-b29f39262487" testId="c92762cc-10f2-4d6f-2297-69b0d4be9eb8" testName="GpsParserTestInvalidBlockSeparator" computerName="DKSR-EFI-04" duration="00:00:00.0004902" startTime="2023-12-22T09:32:31.0997075+01:00" endTime="2023-12-22T09:32:31.0997075+01:00" testType="13cdc9d9-ddb5-4fa4-a97d-d965ccfc6d4b" outcome="Passed" testListId="8c84fa94-04c1-424b-9868-57a2d4851a1d" relativeResultsDirectory="46f55934-ce20-42ed-a75f-b29f39262487" />
    <UnitTestResult executionId="81c97289-eab0-4123-b2a1-b71228222933" testId="17a2dfcc-8712-4088-421b-61ed18838b79" testName="TimeProfileInfragisticEvaluator102Constructor6Test" computerName="DKSR-EFI-04" duration="00:00:00.0043372" startTime="2023-12-22T09:32:44.7716469+01:00" endTime="2023-12-22T09:32:44.7716469+01:00" testType="13cdc9d9-ddb5-4fa4-a97d-d965ccfc6d4b" outcome="Passed" testListId="8c84fa94-04c1-424b-9868-57a2d4851a1d" relativeResultsDirectory="81c97289-eab0-4123-b2a1-b71228222933" />
    <UnitTestResult executionId="c094f851-af50-4055-96b3-1a0bcc7d8b56" testId="07be9437-891e-9aee-edbe-c4e32be0b117" testName="SunRiseOffsetOutOfRangeTest" computerName="DKSR-EFI-04" duration="00:00:00.0008041" startTime="2023-12-22T09:32:46.0216531+01:00" endTime="2023-12-22T09:32:46.0216531+01:00" testType="13cdc9d9-ddb5-4fa4-a97d-d965ccfc6d4b" outcome="Passed" testListId="8c84fa94-04c1-424b-9868-57a2d4851a1d" relativeResultsDirectory="c094f851-af50-4055-96b3-1a0bcc7d8b56" />
    <UnitTestResult executionId="92531321-dcf7-4ca4-915d-047a7a977651" testId="4eeb785c-af72-a314-c113-1b16282b0137" testName="GetAppointmentsNoTimeInfragisticVersionTest" computerName="DKSR-EFI-04" duration="00:00:00.0052250" startTime="2023-12-22T09:32:44.9435225+01:00" endTime="2023-12-22T09:32:44.9591497+01:00" testType="13cdc9d9-ddb5-4fa4-a97d-d965ccfc6d4b" outcome="Passed" testListId="8c84fa94-04c1-424b-9868-57a2d4851a1d" relativeResultsDirectory="92531321-dcf7-4ca4-915d-047a7a977651" />
    <UnitTestResult executionId="1cc84a61-ac95-41c6-80d5-953c671fa1ae" testId="7e15c37b-052f-c0ef-cd9c-3f13d0e7904a" testName="GetAppointmentDurationTestSunClockCopenhagen2Appointments" computerName="DKSR-EFI-04" duration="00:00:00.0005559" startTime="2023-12-22T09:32:32.1934615+01:00" endTime="2023-12-22T09:32:32.1934615+01:00" testType="13cdc9d9-ddb5-4fa4-a97d-d965ccfc6d4b" outcome="Passed" testListId="8c84fa94-04c1-424b-9868-57a2d4851a1d" relativeResultsDirectory="1cc84a61-ac95-41c6-80d5-953c671fa1ae" />
    <UnitTestResult executionId="79718647-c39b-4c1c-93f8-53bbcf7c0e21" testId="7971e144-003a-6b5c-1cf5-f6e9577e9b47" testName="TimeProfileEvaluatorConstructorTestSunClockInvalidXml" computerName="DKSR-EFI-04" duration="00:00:00.0411536" startTime="2023-12-22T09:32:31.7559600+01:00" endTime="2023-12-22T09:32:31.7872098+01:00" testType="13cdc9d9-ddb5-4fa4-a97d-d965ccfc6d4b" outcome="Passed" testListId="8c84fa94-04c1-424b-9868-57a2d4851a1d" relativeResultsDirectory="79718647-c39b-4c1c-93f8-53bbcf7c0e21" />
    <UnitTestResult executionId="855ed08f-d34e-4dfa-9b63-1e04178105e3" testId="b5f3ddf6-f776-43a4-ff13-2320b258e87b" testName="CalculateSunriseSunsetWilliamTestAntarctica21JunSunset" computerName="DKSR-EFI-04" duration="00:00:00.0001695" startTime="2023-12-22T09:32:46.2247799+01:00" endTime="2023-12-22T09:32:46.2247799+01:00" testType="13cdc9d9-ddb5-4fa4-a97d-d965ccfc6d4b" outcome="Passed" testListId="8c84fa94-04c1-424b-9868-57a2d4851a1d" relativeResultsDirectory="855ed08f-d34e-4dfa-9b63-1e04178105e3" />
    <UnitTestResult executionId="ea94d674-f147-408e-875b-74583286f561" testId="1934b1de-b497-9840-44f0-84912586a2e7" testName="TimeProfileSunClockEvaluatorConstructorTestDefinitionEmpty" computerName="DKSR-EFI-04" duration="00:00:00.0005692" startTime="2023-12-22T09:32:46.0372773+01:00" endTime="2023-12-22T09:32:46.0372773+01:00" testType="13cdc9d9-ddb5-4fa4-a97d-d965ccfc6d4b" outcome="Passed" testListId="8c84fa94-04c1-424b-9868-57a2d4851a1d" relativeResultsDirectory="ea94d674-f147-408e-875b-74583286f561" />
    <UnitTestResult executionId="2111cfc5-bb90-49b4-848f-5fc3b869a297" testId="688220d4-b673-5a11-7184-454abd4b64be" testName="GetAppointmentsSingleInfragisticVersionTest" computerName="DKSR-EFI-04" duration="00:00:00.0101425" startTime="2023-12-22T09:32:45.7560252+01:00" endTime="2023-12-22T09:32:45.7716523+01:00" testType="13cdc9d9-ddb5-4fa4-a97d-d965ccfc6d4b" outcome="Passed" testListId="8c84fa94-04c1-424b-9868-57a2d4851a1d" relativeResultsDirectory="2111cfc5-bb90-49b4-848f-5fc3b869a297" />
    <UnitTestResult executionId="c9542f77-6bdc-4cb1-b902-aea0a251e026" testId="bb69f198-c163-f60e-1ac2-984f751767a1" testName="GetAppointmentsRecurringMonthlyFirstMondayTest" computerName="DKSR-EFI-04" duration="00:00:00.0250765" startTime="2023-12-22T09:32:45.3654009+01:00" endTime="2023-12-22T09:32:45.3966506+01:00" testType="13cdc9d9-ddb5-4fa4-a97d-d965ccfc6d4b" outcome="Passed" testListId="8c84fa94-04c1-424b-9868-57a2d4851a1d" relativeResultsDirectory="c9542f77-6bdc-4cb1-b902-aea0a251e026" />
    <UnitTestResult executionId="134b5a6e-b5b9-49ae-878c-916f798b785b" testId="179e8cc3-dcfc-5e1e-5de2-17c8e016aa6a" testName="GetAppointmentsTestCopenhagen21JunUtcTimeZone" computerName="DKSR-EFI-04" duration="00:00:00.0022074" startTime="2023-12-22T09:32:46.2716530+01:00" endTime="2023-12-22T09:32:46.2716530+01:00" testType="13cdc9d9-ddb5-4fa4-a97d-d965ccfc6d4b" outcome="Passed" testListId="8c84fa94-04c1-424b-9868-57a2d4851a1d" relativeResultsDirectory="134b5a6e-b5b9-49ae-878c-916f798b785b" />
    <UnitTestResult executionId="82193ff8-492e-43e5-9491-d3d43f1d1ec6" testId="0d75fef3-a4df-3ed2-01bd-e52d45b74a59" testName="TimeProfileInfragisticEvaluator63Constructor7Test" computerName="DKSR-EFI-04" duration="00:00:00.0020488" startTime="2023-12-22T09:32:44.6310230+01:00" endTime="2023-12-22T09:32:44.6310230+01:00" testType="13cdc9d9-ddb5-4fa4-a97d-d965ccfc6d4b" outcome="Passed" testListId="8c84fa94-04c1-424b-9868-57a2d4851a1d" relativeResultsDirectory="82193ff8-492e-43e5-9491-d3d43f1d1ec6" />
    <UnitTestResult executionId="84d752a9-36da-4541-bc5e-7975d51d880f" testId="4982bb43-1c8e-6f28-5d6f-4d7897281f6d" testName="TimeProfileInfragisticEvaluator102Constructor15Test" computerName="DKSR-EFI-04" duration="00:00:00.0047902" startTime="2023-12-22T09:32:44.8185229+01:00" endTime="2023-12-22T09:32:44.8341493+01:00" testType="13cdc9d9-ddb5-4fa4-a97d-d965ccfc6d4b" outcome="Passed" testListId="8c84fa94-04c1-424b-9868-57a2d4851a1d" relativeResultsDirectory="84d752a9-36da-4541-bc5e-7975d51d880f" />
    <UnitTestResult executionId="67b34764-6907-4857-822c-e9722f653624" testId="9b495e5a-c9a1-c8ac-50e2-e6f5575ceb63" testName="TimeProfileManagerConstructorTest" computerName="DKSR-EFI-04" duration="00:00:00.0019459" startTime="2023-12-22T09:32:45.8341503+01:00" endTime="2023-12-22T09:32:45.8341503+01:00" testType="13cdc9d9-ddb5-4fa4-a97d-d965ccfc6d4b" outcome="Passed" testListId="8c84fa94-04c1-424b-9868-57a2d4851a1d" relativeResultsDirectory="67b34764-6907-4857-822c-e9722f653624" />
    <UnitTestResult executionId="2ec646c8-6611-4478-bf39-a5b71f712d76" testId="e9ec7c3d-6f27-9552-3129-398b022f3bae" testName="FromXmlInvalidXmlMissingSectionAllTest" computerName="DKSR-EFI-04" duration="00:00:00.0005185" startTime="2023-12-22T09:32:45.9747764+01:00" endTime="2023-12-22T09:32:45.9747764+01:00" testType="13cdc9d9-ddb5-4fa4-a97d-d965ccfc6d4b" outcome="Passed" testListId="8c84fa94-04c1-424b-9868-57a2d4851a1d" relativeResultsDirectory="2ec646c8-6611-4478-bf39-a5b71f712d76" />
    <UnitTestResult executionId="47726536-4f85-4c9b-8730-32153c848dc7" testId="80eb8067-1fb7-2836-38c2-d4fde0efb9cf" testName="GetAppointmentsTestAbovePolarCircle26MayPlus10TimeZone" computerName="DKSR-EFI-04" duration="00:00:00.0008956" startTime="2023-12-22T09:32:46.2872773+01:00" endTime="2023-12-22T09:32:46.2872773+01:00" testType="13cdc9d9-ddb5-4fa4-a97d-d965ccfc6d4b" outcome="Passed" testListId="8c84fa94-04c1-424b-9868-57a2d4851a1d" relativeResultsDirectory="47726536-4f85-4c9b-8730-32153c848dc7" />
    <UnitTestResult executionId="ce725007-ea08-4441-a0ec-e141bacaf617" testId="2b02a344-ee83-ca6c-0a67-bd7dd0f371eb" testName="CalculateSunriseSunsetWilliamTestArctic21JunSunset" computerName="DKSR-EFI-04" duration="00:00:00.0001925" startTime="2023-12-22T09:32:46.1935271+01:00" endTime="2023-12-22T09:32:46.1935271+01:00" testType="13cdc9d9-ddb5-4fa4-a97d-d965ccfc6d4b" outcome="Passed" testListId="8c84fa94-04c1-424b-9868-57a2d4851a1d" relativeResultsDirectory="ce725007-ea08-4441-a0ec-e141bacaf617" />
    <UnitTestResult executionId="64182e8c-0155-4280-a72b-0f066e34bdf3" testId="ef07d4d8-f980-72a7-f8ad-ca33512cc104" testName="CalculateSunriseSunsetWilliamTestArctic21DecSunset" computerName="DKSR-EFI-04" duration="00:00:00.0002275" startTime="2023-12-22T09:32:46.1935271+01:00" endTime="2023-12-22T09:32:46.1935271+01:00" testType="13cdc9d9-ddb5-4fa4-a97d-d965ccfc6d4b" outcome="Passed" testListId="8c84fa94-04c1-424b-9868-57a2d4851a1d" relativeResultsDirectory="64182e8c-0155-4280-a72b-0f066e34bdf3" />
    <UnitTestResult executionId="a36469fe-087a-44d5-8ef7-d9f73901a7af" testId="afb1ba20-4070-88f7-6e1e-0fb32beb0499" testName="CalculateSunriseSunsetWilliamTestArctic21MarchSunset" computerName="DKSR-EFI-04" duration="00:00:00.0001613" startTime="2023-12-22T09:32:46.2091543+01:00" endTime="2023-12-22T09:32:46.2091543+01:00" testType="13cdc9d9-ddb5-4fa4-a97d-d965ccfc6d4b" outcome="Passed" testListId="8c84fa94-04c1-424b-9868-57a2d4851a1d" relativeResultsDirectory="a36469fe-087a-44d5-8ef7-d9f73901a7af" />
    <UnitTestResult executionId="b782adde-6849-4f70-8d17-952c5ed0b69e" testId="5c87e856-38c1-ae18-1cc2-296b19b9f82e" testName="CalculateSunriseSunsetWilliamTestSydney21JunSunrise" computerName="DKSR-EFI-04" duration="00:00:00.0001587" startTime="2023-12-22T09:32:46.0997807+01:00" endTime="2023-12-22T09:32:46.0997807+01:00" testType="13cdc9d9-ddb5-4fa4-a97d-d965ccfc6d4b" outcome="Passed" testListId="8c84fa94-04c1-424b-9868-57a2d4851a1d" relativeResultsDirectory="b782adde-6849-4f70-8d17-952c5ed0b69e" />
    <UnitTestResult executionId="2979b269-7701-4beb-be5e-478dac09f0c9" testId="22ae6555-1abb-ccea-7162-a023f9e97eda" testName="CalculateSunriseSunsetWilliamTestNearAntarctica23SeptemberSunrise" computerName="DKSR-EFI-04" duration="00:00:00.0001734" startTime="2023-12-22T09:32:46.1310294+01:00" endTime="2023-12-22T09:32:46.1310294+01:00" testType="13cdc9d9-ddb5-4fa4-a97d-d965ccfc6d4b" outcome="Passed" testListId="8c84fa94-04c1-424b-9868-57a2d4851a1d" relativeResultsDirectory="2979b269-7701-4beb-be5e-478dac09f0c9" />
    <UnitTestResult executionId="3b9bd829-a21b-477f-9f40-cf17f124cd3f" testId="60b96de8-e4bc-050a-082b-11f806281974" testName="GpsParserTest2_2Blocks" computerName="DKSR-EFI-04" duration="00:00:00.0002880" startTime="2023-12-22T09:32:31.0684575+01:00" endTime="2023-12-22T09:32:31.0684575+01:00" testType="13cdc9d9-ddb5-4fa4-a97d-d965ccfc6d4b" outcome="Passed" testListId="8c84fa94-04c1-424b-9868-57a2d4851a1d" relativeResultsDirectory="3b9bd829-a21b-477f-9f40-cf17f124cd3f" />
    <UnitTestResult executionId="46a1094b-a023-4c70-b727-6d29c262ef04" testId="79b2aed5-456c-64a8-cd96-32f8e85d6565" testName="GetAppointmentsSingleInfragisticDifferentTimeZoneVersionTest" computerName="DKSR-EFI-04" duration="00:00:00.0111197" startTime="2023-12-22T09:32:45.7872760+01:00" endTime="2023-12-22T09:32:45.7872760+01:00" testType="13cdc9d9-ddb5-4fa4-a97d-d965ccfc6d4b" outcome="Passed" testListId="8c84fa94-04c1-424b-9868-57a2d4851a1d" relativeResultsDirectory="46a1094b-a023-4c70-b727-6d29c262ef04" />
    <UnitTestResult executionId="f1273b21-db5c-407d-9ceb-3ba37f2e846a" testId="149853f5-81b9-550c-8264-e14b13aa7deb" testName="GetAppointmentsTestSummerTime1" computerName="DKSR-EFI-04" duration="00:00:00.0011771" startTime="2023-12-22T09:32:46.3029034+01:00" endTime="2023-12-22T09:32:46.3029034+01:00" testType="13cdc9d9-ddb5-4fa4-a97d-d965ccfc6d4b" outcome="Passed" testListId="8c84fa94-04c1-424b-9868-57a2d4851a1d" relativeResultsDirectory="f1273b21-db5c-407d-9ceb-3ba37f2e846a" />
    <UnitTestResult executionId="e821e540-4a87-4bea-ac86-585e3e5a420f" testId="3772d2a7-c7e4-6106-528a-05ed7289ba8f" testName="CalculateSunriseSunsetWilliamTestAntarctica23SeptemberSunset" computerName="DKSR-EFI-04" duration="00:00:00.0001658" startTime="2023-12-22T09:32:46.2247799+01:00" endTime="2023-12-22T09:32:46.2247799+01:00" testType="13cdc9d9-ddb5-4fa4-a97d-d965ccfc6d4b" outcome="Passed" testListId="8c84fa94-04c1-424b-9868-57a2d4851a1d" relativeResultsDirectory="e821e540-4a87-4bea-ac86-585e3e5a420f" />
    <UnitTestResult executionId="350d6c18-8028-4bde-bc90-afd6c2b9c9f0" testId="d53a0092-ed99-77b9-8371-5139efc287e7" testName="GPSCoordinateConstructorTest" computerName="DKSR-EFI-04" duration="00:00:00.1472120" startTime="2023-12-22T09:32:30.5840804+01:00" endTime="2023-12-22T09:32:30.8965828+01:00" testType="13cdc9d9-ddb5-4fa4-a97d-d965ccfc6d4b" outcome="Passed" testListId="8c84fa94-04c1-424b-9868-57a2d4851a1d" relativeResultsDirectory="350d6c18-8028-4bde-bc90-afd6c2b9c9f0" />
    <UnitTestResult executionId="2150a7a2-584f-4001-aa1d-f1e3af9afdfa" testId="7fb109f5-4854-ffd1-0e15-48d6af7e793e" testName="TimeProfileInfragisticEvaluatorConstructorArgumentNullTest" computerName="DKSR-EFI-04" duration="00:00:00.0006597" startTime="2023-12-22T09:32:44.5841481+01:00" endTime="2023-12-22T09:32:44.5841481+01:00" testType="13cdc9d9-ddb5-4fa4-a97d-d965ccfc6d4b" outcome="Passed" testListId="8c84fa94-04c1-424b-9868-57a2d4851a1d" relativeResultsDirectory="2150a7a2-584f-4001-aa1d-f1e3af9afdfa" />
    <UnitTestResult executionId="68836330-de68-4741-ae87-90fc2215b4e1" testId="b4f5b054-116d-b7d8-e008-7ce2fff3a68b" testName="GpsParserTestLongitudeIsOutOfRange" computerName="DKSR-EFI-04" duration="00:00:00.0005411" startTime="2023-12-22T09:32:31.1466349+01:00" endTime="2023-12-22T09:32:31.1466349+01:00" testType="13cdc9d9-ddb5-4fa4-a97d-d965ccfc6d4b" outcome="Passed" testListId="8c84fa94-04c1-424b-9868-57a2d4851a1d" relativeResultsDirectory="68836330-de68-4741-ae87-90fc2215b4e1" />
    <UnitTestResult executionId="b0d1fef5-be42-42ad-bb06-e204eb14c7ef" testId="35825fdb-e7a0-6da1-e63d-dbb2f8a62ccb" testName="GetAppointmentsAllDayInfragisticVersionTest" computerName="DKSR-EFI-04" duration="00:00:00.0099587" startTime="2023-12-22T09:32:44.9122732+01:00" endTime="2023-12-22T09:32:44.9278968+01:00" testType="13cdc9d9-ddb5-4fa4-a97d-d965ccfc6d4b" outcome="Passed" testListId="8c84fa94-04c1-424b-9868-57a2d4851a1d" relativeResultsDirectory="b0d1fef5-be42-42ad-bb06-e204eb14c7ef" />
    <UnitTestResult executionId="7d3daae6-dce6-474f-a602-b7166e1fa09c" testId="b74c6e17-538e-0745-3207-9cecca4dd18d" testName="TimeProfileSunClockEvaluatorConstructorTestObject" computerName="DKSR-EFI-04" duration="00:00:00.0003674" startTime="2023-12-22T09:32:46.0372773+01:00" endTime="2023-12-22T09:32:46.0372773+01:00" testType="13cdc9d9-ddb5-4fa4-a97d-d965ccfc6d4b" outcome="Passed" testListId="8c84fa94-04c1-424b-9868-57a2d4851a1d" relativeResultsDirectory="7d3daae6-dce6-474f-a602-b7166e1fa09c" />
    <UnitTestResult executionId="df6a0645-575a-4a47-a828-f5da1695eedc" testId="e646f181-c971-92b4-35d5-32538d557030" testName="GetAppointmentsOverlappingTimesTest" computerName="DKSR-EFI-04" duration="00:00:00.0051343" startTime="2023-12-22T09:32:44.9591497+01:00" endTime="2023-12-22T09:32:44.9591497+01:00" testType="13cdc9d9-ddb5-4fa4-a97d-d965ccfc6d4b" outcome="Passed" testListId="8c84fa94-04c1-424b-9868-57a2d4851a1d" relativeResultsDirectory="df6a0645-575a-4a47-a828-f5da1695eedc" />
    <UnitTestResult executionId="a8d15c03-a51e-43cc-8daf-81b1b7502e22" testId="b83261af-508c-a1cd-753a-9485ec870adc" testName="EvaluateTimeTestSunClockSummerTime2" computerName="DKSR-EFI-04" duration="00:00:00.0005326" startTime="2023-12-22T09:32:32.1778382+01:00" endTime="2023-12-22T09:32:32.1778382+01:00" testType="13cdc9d9-ddb5-4fa4-a97d-d965ccfc6d4b" outcome="Passed" testListId="8c84fa94-04c1-424b-9868-57a2d4851a1d" relativeResultsDirectory="a8d15c03-a51e-43cc-8daf-81b1b7502e22" />
    <UnitTestResult executionId="41423bfc-8523-4514-bc44-98174f2ed738" testId="f7b8e361-d3f6-ef4a-87bf-585d116be20c" testName="CalculateSunriseSunsetWilliamTestBuenosAires21DecSunrise" computerName="DKSR-EFI-04" duration="00:00:00.0001690" startTime="2023-12-22T09:32:46.0685297+01:00" endTime="2023-12-22T09:32:46.0685297+01:00" testType="13cdc9d9-ddb5-4fa4-a97d-d965ccfc6d4b" outcome="Passed" testListId="8c84fa94-04c1-424b-9868-57a2d4851a1d" relativeResultsDirectory="41423bfc-8523-4514-bc44-98174f2ed738" />
    <UnitTestResult executionId="5414b0f9-ad53-465a-975a-1dad80371286" testId="0568211b-6fa7-00e7-3174-e75e7936ae61" testName="GpsParserTestInvalidNoOfDirectionSpecifiers1" computerName="DKSR-EFI-04" duration="00:00:00.0004758" startTime="2023-12-22T09:32:31.1309578+01:00" endTime="2023-12-22T09:32:31.1309578+01:00" testType="13cdc9d9-ddb5-4fa4-a97d-d965ccfc6d4b" outcome="Passed" testListId="8c84fa94-04c1-424b-9868-57a2d4851a1d" relativeResultsDirectory="5414b0f9-ad53-465a-975a-1dad80371286" />
    <UnitTestResult executionId="73bbc1e1-2f55-4078-91e7-592332dcee5a" testId="3021c021-44d2-7826-95bd-2df425a9c95a" testName="TimeProfileInfragisticEvaluator63Constructor8Test" computerName="DKSR-EFI-04" duration="00:00:00.0069887" startTime="2023-12-22T09:32:44.6310230+01:00" endTime="2023-12-22T09:32:44.6466468+01:00" testType="13cdc9d9-ddb5-4fa4-a97d-d965ccfc6d4b" outcome="Passed" testListId="8c84fa94-04c1-424b-9868-57a2d4851a1d" relativeResultsDirectory="73bbc1e1-2f55-4078-91e7-592332dcee5a" />
    <UnitTestResult executionId="bec650a9-d74b-4bbb-80e1-1c8b912f5290" testId="a547b162-bcc8-cdb2-6a19-357d2be96156" testName="TimeProfileSunClockEvaluatorConstructorTestObjectNull" computerName="DKSR-EFI-04" duration="00:00:00.0005655" startTime="2023-12-22T09:32:46.0529028+01:00" endTime="2023-12-22T09:32:46.0529028+01:00" testType="13cdc9d9-ddb5-4fa4-a97d-d965ccfc6d4b" outcome="Passed" testListId="8c84fa94-04c1-424b-9868-57a2d4851a1d" relativeResultsDirectory="bec650a9-d74b-4bbb-80e1-1c8b912f5290" />
  </Results>
  <TestDefinitions>
    <UnitTest name="GetAppointmentsTestCopenhagen21JunMinus10TimeZone" storage="d:\actions-runner\_work\xpco\xpco\common\sharedtimeprofile\videoos.common.sharedtimeprofile.unittests\bin\debug\videoos.common.sharedtimeprofile.unittests.dll" id="96e45edb-2c18-59ce-b879-b20ee583abaa">
      <Execution id="83f98986-272b-4d49-b62e-61b558520a60" />
      <TestMethod codeBase="D:\actions-runner\_work\XPCO\XPCO\Common\SharedTimeProfile\VideoOS.Common.SharedTimeProfile.UnitTests\bin\Debug\VideoOS.Common.SharedTimeProfile.UnitTests.dll" adapterTypeName="executor://mstestadapter/v1" className="VideoOS.Common.SharedTimeProfile.UnitTests.TimeProfileSunClockEvaluatorTest" name="GetAppointmentsTestCopenhagen21JunMinus10TimeZone" />
    </UnitTest>
    <UnitTest name="GetSunriseSunsetAppointmentTestCopenhagen21JunUtcTimeZone" storage="d:\actions-runner\_work\xpco\xpco\common\sharedtimeprofile\videoos.common.sharedtimeprofile.unittests\bin\debug\videoos.common.sharedtimeprofile.unittests.dll" id="4b40e5c2-a2db-74ae-2fe6-97f3dc185c08">
      <Execution id="f64410d2-f9ff-40b2-87a8-3d083c15ea29" />
      <TestMethod codeBase="D:\actions-runner\_work\XPCO\XPCO\Common\SharedTimeProfile\VideoOS.Common.SharedTimeProfile.UnitTests\bin\Debug\VideoOS.Common.SharedTimeProfile.UnitTests.dll" adapterTypeName="executor://mstestadapter/v1" className="VideoOS.Common.SharedTimeProfile.UnitTests.TimeProfileSunClockEvaluatorTest" name="GetSunriseSunsetAppointmentTestCopenhagen21JunUtcTimeZone" />
    </UnitTest>
    <UnitTest name="GetAppointmentsAllDayTest" storage="d:\actions-runner\_work\xpco\xpco\common\sharedtimeprofile\videoos.common.sharedtimeprofile.unittests\bin\debug\videoos.common.sharedtimeprofile.unittests.dll" id="48ec1499-341d-1cb2-beaa-f9ed3ce20c71">
      <Execution id="e651a035-b3a1-4994-ab4b-7ce58cfa56b3" />
      <TestMethod codeBase="D:\actions-runner\_work\XPCO\XPCO\Common\SharedTimeProfile\VideoOS.Common.SharedTimeProfile.UnitTests\bin\Debug\VideoOS.Common.SharedTimeProfile.UnitTests.dll" adapterTypeName="executor://mstestadapter/v1" className="VideoOS.Common.SharedTimeProfile.UnitTests.TimeProfileInfragisticEvaluatorTest" name="GetAppointmentsAllDayTest" />
    </UnitTest>
    <UnitTest name="GetAppointmentsAllDayTwoDaysTest" storage="d:\actions-runner\_work\xpco\xpco\common\sharedtimeprofile\videoos.common.sharedtimeprofile.unittests\bin\debug\videoos.common.sharedtimeprofile.unittests.dll" id="7bc67c88-a6a9-f02d-b889-02797dbefe7b">
      <Execution id="388511d8-cc89-41cc-81e5-cb4fcbf2ff41" />
      <TestMethod codeBase="D:\actions-runner\_work\XPCO\XPCO\Common\SharedTimeProfile\VideoOS.Common.SharedTimeProfile.UnitTests\bin\Debug\VideoOS.Common.SharedTimeProfile.UnitTests.dll" adapterTypeName="executor://mstestadapter/v1" className="VideoOS.Common.SharedTimeProfile.UnitTests.TimeProfileInfragisticEvaluatorTest" name="GetAppointmentsAllDayTwoDaysTest" />
    </UnitTest>
    <UnitTest name="FromXmlInvalidXmlMissingSectionSunRiseOffsetTest" storage="d:\actions-runner\_work\xpco\xpco\common\sharedtimeprofile\videoos.common.sharedtimeprofile.unittests\bin\debug\videoos.common.sharedtimeprofile.unittests.dll" id="74713417-66f0-59fa-108b-18017d08a6b0">
      <Execution id="e647599c-f085-47b4-9b36-44d40300f088" />
      <TestMethod codeBase="D:\actions-runner\_work\XPCO\XPCO\Common\SharedTimeProfile\VideoOS.Common.SharedTimeProfile.UnitTests\bin\Debug\VideoOS.Common.SharedTimeProfile.UnitTests.dll" adapterTypeName="executor://mstestadapter/v1" className="VideoOS.Common.SharedTimeProfile.UnitTests.TimeProfileSunClockDefinitionTest" name="FromXmlInvalidXmlMissingSectionSunRiseOffsetTest" />
    </UnitTest>
    <UnitTest name="TimeProfileInfragisticEvaluatorStripTimeZoneInfoTest" storage="d:\actions-runner\_work\xpco\xpco\common\sharedtimeprofile\videoos.common.sharedtimeprofile.unittests\bin\debug\videoos.common.sharedtimeprofile.unittests.dll" id="9f5d6f4b-02c3-64e9-84ac-afabc871759b">
      <Execution id="429b0750-9a07-42fa-a2f9-0710284b7898" />
      <TestMethod codeBase="D:\actions-runner\_work\XPCO\XPCO\Common\SharedTimeProfile\VideoOS.Common.SharedTimeProfile.UnitTests\bin\Debug\VideoOS.Common.SharedTimeProfile.UnitTests.dll" adapterTypeName="executor://mstestadapter/v1" className="VideoOS.Common.SharedTimeProfile.UnitTests.TimeProfileInfragisticEvaluatorTest" name="TimeProfileInfragisticEvaluatorStripTimeZoneInfoTest" />
    </UnitTest>
    <UnitTest name="CalculateSunriseSunsetWilliamTestNearAntarctica21JunSunrise" storage="d:\actions-runner\_work\xpco\xpco\common\sharedtimeprofile\videoos.common.sharedtimeprofile.unittests\bin\debug\videoos.common.sharedtimeprofile.unittests.dll" id="6911ee4f-9adb-7049-54c4-57869dbd9d07">
      <Execution id="16f7b25b-7d32-4d73-9f92-fcf02bcb3a6a" />
      <TestMethod codeBase="D:\actions-runner\_work\XPCO\XPCO\Common\SharedTimeProfile\VideoOS.Common.SharedTimeProfile.UnitTests\bin\Debug\VideoOS.Common.SharedTimeProfile.UnitTests.dll" adapterTypeName="executor://mstestadapter/v1" className="VideoOS.Common.SharedTimeProfile.UnitTests.TimeProfileSunClockEvaluatorTest" name="CalculateSunriseSunsetWilliamTestNearAntarctica21JunSunrise" />
    </UnitTest>
    <UnitTest name="CalculateSunriseSunsetWilliamTestDaresSalaam21JunSunrise" storage="d:\actions-runner\_work\xpco\xpco\common\sharedtimeprofile\videoos.common.sharedtimeprofile.unittests\bin\debug\videoos.common.sharedtimeprofile.unittests.dll" id="ebb43c0d-eb27-d48d-ff0f-cfc46c2266f1">
      <Execution id="be1c74c3-5053-4c72-83e9-3ae9501c22ae" />
      <TestMethod codeBase="D:\actions-runner\_work\XPCO\XPCO\Common\SharedTimeProfile\VideoOS.Common.SharedTimeProfile.UnitTests\bin\Debug\VideoOS.Common.SharedTimeProfile.UnitTests.dll" adapterTypeName="executor://mstestadapter/v1" className="VideoOS.Common.SharedTimeProfile.UnitTests.TimeProfileSunClockEvaluatorTest" name="CalculateSunriseSunsetWilliamTestDaresSalaam21JunSunrise" />
    </UnitTest>
    <UnitTest name="CalculateSunriseSunsetWilliamTestKiruna21JunSunset" storage="d:\actions-runner\_work\xpco\xpco\common\sharedtimeprofile\videoos.common.sharedtimeprofile.unittests\bin\debug\videoos.common.sharedtimeprofile.unittests.dll" id="36afce01-abe3-858e-56d5-ab204227f083">
      <Execution id="dd415b24-b9ce-41f5-aade-5812a0ed1384" />
      <TestMethod codeBase="D:\actions-runner\_work\XPCO\XPCO\Common\SharedTimeProfile\VideoOS.Common.SharedTimeProfile.UnitTests\bin\Debug\VideoOS.Common.SharedTimeProfile.UnitTests.dll" adapterTypeName="executor://mstestadapter/v1" className="VideoOS.Common.SharedTimeProfile.UnitTests.TimeProfileSunClockEvaluatorTest" name="CalculateSunriseSunsetWilliamTestKiruna21JunSunset" />
    </UnitTest>
    <UnitTest name="ConvertGpsValueTestIndex0Length3" storage="d:\actions-runner\_work\xpco\xpco\common\sharedtimeprofile\videoos.common.sharedtimeprofile.unittests\bin\debug\videoos.common.sharedtimeprofile.unittests.dll" id="a0c5bf30-d6d3-7c82-fa72-914490b91d62">
      <Execution id="e9bebaf2-2168-4fd3-a665-3327302f394f" />
      <TestMethod codeBase="D:\actions-runner\_work\XPCO\XPCO\Common\SharedTimeProfile\VideoOS.Common.SharedTimeProfile.UnitTests\bin\Debug\VideoOS.Common.SharedTimeProfile.UnitTests.dll" adapterTypeName="executor://mstestadapter/v1" className="VideoOS.Common.SharedTimeProfile.UnitTests.GPSCoordinateTest" name="ConvertGpsValueTestIndex0Length3" />
    </UnitTest>
    <UnitTest name="TimeProfileInfragisticEvaluatorConstructorArgumentInvalid1Test" storage="d:\actions-runner\_work\xpco\xpco\common\sharedtimeprofile\videoos.common.sharedtimeprofile.unittests\bin\debug\videoos.common.sharedtimeprofile.unittests.dll" id="c33cba91-b792-4c4b-ced5-98faa4af3432">
      <Execution id="713e892b-d056-4229-bc78-8228bfa5320d" />
      <TestMethod codeBase="D:\actions-runner\_work\XPCO\XPCO\Common\SharedTimeProfile\VideoOS.Common.SharedTimeProfile.UnitTests\bin\Debug\VideoOS.Common.SharedTimeProfile.UnitTests.dll" adapterTypeName="executor://mstestadapter/v1" className="VideoOS.Common.SharedTimeProfile.UnitTests.TimeProfileInfragisticEvaluatorTest" name="TimeProfileInfragisticEvaluatorConstructorArgumentInvalid1Test" />
    </UnitTest>
    <UnitTest name="CalculateSunriseSunsetWilliamTestAntarctica23SeptemberSunrise" storage="d:\actions-runner\_work\xpco\xpco\common\sharedtimeprofile\videoos.common.sharedtimeprofile.unittests\bin\debug\videoos.common.sharedtimeprofile.unittests.dll" id="f43ed080-9774-9067-473e-4c8255ac70a9">
      <Execution id="a32bb096-aba4-465f-ab22-f763a4e84310" />
      <TestMethod codeBase="D:\actions-runner\_work\XPCO\XPCO\Common\SharedTimeProfile\VideoOS.Common.SharedTimeProfile.UnitTests\bin\Debug\VideoOS.Common.SharedTimeProfile.UnitTests.dll" adapterTypeName="executor://mstestadapter/v1" className="VideoOS.Common.SharedTimeProfile.UnitTests.TimeProfileSunClockEvaluatorTest" name="CalculateSunriseSunsetWilliamTestAntarctica23SeptemberSunrise" />
    </UnitTest>
    <UnitTest name="CalculateSunriseSunsetWilliamTestBuenosAires21JunSunset" storage="d:\actions-runner\_work\xpco\xpco\common\sharedtimeprofile\videoos.common.sharedtimeprofile.unittests\bin\debug\videoos.common.sharedtimeprofile.unittests.dll" id="1ce8dff0-0b03-e7bf-5529-dea934e2af27">
      <Execution id="35712463-754f-4acf-8f1b-98fe2a154131" />
      <TestMethod codeBase="D:\actions-runner\_work\XPCO\XPCO\Common\SharedTimeProfile\VideoOS.Common.SharedTimeProfile.UnitTests\bin\Debug\VideoOS.Common.SharedTimeProfile.UnitTests.dll" adapterTypeName="executor://mstestadapter/v1" className="VideoOS.Common.SharedTimeProfile.UnitTests.TimeProfileSunClockEvaluatorTest" name="CalculateSunriseSunsetWilliamTestBuenosAires21JunSunset" />
    </UnitTest>
    <UnitTest name="CalculateSunriseSunsetWilliamTestSanJuan21DecSunrise" storage="d:\actions-runner\_work\xpco\xpco\common\sharedtimeprofile\videoos.common.sharedtimeprofile.unittests\bin\debug\videoos.common.sharedtimeprofile.unittests.dll" id="272429f7-0805-104f-1831-9b6b50c761ba">
      <Execution id="80149f5f-b1c6-47a7-82cf-bcea3e888ad8" />
      <TestMethod codeBase="D:\actions-runner\_work\XPCO\XPCO\Common\SharedTimeProfile\VideoOS.Common.SharedTimeProfile.UnitTests\bin\Debug\VideoOS.Common.SharedTimeProfile.UnitTests.dll" adapterTypeName="executor://mstestadapter/v1" className="VideoOS.Common.SharedTimeProfile.UnitTests.TimeProfileSunClockEvaluatorTest" name="CalculateSunriseSunsetWilliamTestSanJuan21DecSunrise" />
    </UnitTest>
    <UnitTest name="GetAppointmentsNoTimeInfragisticVersionTest" storage="d:\actions-runner\_work\xpco\xpco\common\sharedtimeprofile\videoos.common.sharedtimeprofile.unittests\bin\debug\videoos.common.sharedtimeprofile.unittests.dll" id="4eeb785c-af72-a314-c113-1b16282b0137">
      <Execution id="92531321-dcf7-4ca4-915d-047a7a977651" />
      <TestMethod codeBase="D:\actions-runner\_work\XPCO\XPCO\Common\SharedTimeProfile\VideoOS.Common.SharedTimeProfile.UnitTests\bin\Debug\VideoOS.Common.SharedTimeProfile.UnitTests.dll" adapterTypeName="executor://mstestadapter/v1" className="VideoOS.Common.SharedTimeProfile.UnitTests.TimeProfileInfragisticEvaluatorTest" name="GetAppointmentsNoTimeInfragisticVersionTest" />
    </UnitTest>
    <UnitTest name="GpsParserTest1_3Blocks" storage="d:\actions-runner\_work\xpco\xpco\common\sharedtimeprofile\videoos.common.sharedtimeprofile.unittests\bin\debug\videoos.common.sharedtimeprofile.unittests.dll" id="ff1ad820-0130-a842-1a71-73ff6b125525">
      <Execution id="cc692bde-708c-40b9-854e-b5c5e3c0456f" />
      <TestMethod codeBase="D:\actions-runner\_work\XPCO\XPCO\Common\SharedTimeProfile\VideoOS.Common.SharedTimeProfile.UnitTests\bin\Debug\VideoOS.Common.SharedTimeProfile.UnitTests.dll" adapterTypeName="executor://mstestadapter/v1" className="VideoOS.Common.SharedTimeProfile.UnitTests.GPSCoordinateTest" name="GpsParserTest1_3Blocks" />
    </UnitTest>
    <UnitTest name="CalculateSunriseSunsetWilliamTestAntarctica19MarchSunrise" storage="d:\actions-runner\_work\xpco\xpco\common\sharedtimeprofile\videoos.common.sharedtimeprofile.unittests\bin\debug\videoos.common.sharedtimeprofile.unittests.dll" id="74a34188-634f-fbe5-4903-b9c428214b61">
      <Execution id="b041b040-6dd9-418c-9a90-c37181c078ac" />
      <TestMethod codeBase="D:\actions-runner\_work\XPCO\XPCO\Common\SharedTimeProfile\VideoOS.Common.SharedTimeProfile.UnitTests\bin\Debug\VideoOS.Common.SharedTimeProfile.UnitTests.dll" adapterTypeName="executor://mstestadapter/v1" className="VideoOS.Common.SharedTimeProfile.UnitTests.TimeProfileSunClockEvaluatorTest" name="CalculateSunriseSunsetWilliamTestAntarctica19MarchSunrise" />
    </UnitTest>
    <UnitTest name="CalculateSunriseSunsetWilliamTestArctic21JunSunrise" storage="d:\actions-runner\_work\xpco\xpco\common\sharedtimeprofile\videoos.common.sharedtimeprofile.unittests\bin\debug\videoos.common.sharedtimeprofile.unittests.dll" id="65986213-8cb1-0138-eab2-a6a38229fb5c">
      <Execution id="f905b3fa-79f4-436d-ae41-0c3030071e75" />
      <TestMethod codeBase="D:\actions-runner\_work\XPCO\XPCO\Common\SharedTimeProfile\VideoOS.Common.SharedTimeProfile.UnitTests\bin\Debug\VideoOS.Common.SharedTimeProfile.UnitTests.dll" adapterTypeName="executor://mstestadapter/v1" className="VideoOS.Common.SharedTimeProfile.UnitTests.TimeProfileSunClockEvaluatorTest" name="CalculateSunriseSunsetWilliamTestArctic21JunSunrise" />
    </UnitTest>
    <UnitTest name="GetAppointmentsRecurringMonthlyFirstMondayTest" storage="d:\actions-runner\_work\xpco\xpco\common\sharedtimeprofile\videoos.common.sharedtimeprofile.unittests\bin\debug\videoos.common.sharedtimeprofile.unittests.dll" id="bb69f198-c163-f60e-1ac2-984f751767a1">
      <Execution id="c9542f77-6bdc-4cb1-b902-aea0a251e026" />
      <TestMethod codeBase="D:\actions-runner\_work\XPCO\XPCO\Common\SharedTimeProfile\VideoOS.Common.SharedTimeProfile.UnitTests\bin\Debug\VideoOS.Common.SharedTimeProfile.UnitTests.dll" adapterTypeName="executor://mstestadapter/v1" className="VideoOS.Common.SharedTimeProfile.UnitTests.TimeProfileInfragisticEvaluatorTest" name="GetAppointmentsRecurringMonthlyFirstMondayTest" />
    </UnitTest>
    <UnitTest name="GpsParserTestTooFewBlocks" storage="d:\actions-runner\_work\xpco\xpco\common\sharedtimeprofile\videoos.common.sharedtimeprofile.unittests\bin\debug\videoos.common.sharedtimeprofile.unittests.dll" id="f465dbaa-10b3-a17d-0ef7-c458491a0d0f">
      <Execution id="a7c0b496-419e-43e7-b1aa-56ce2e0c136f" />
      <TestMethod codeBase="D:\actions-runner\_work\XPCO\XPCO\Common\SharedTimeProfile\VideoOS.Common.SharedTimeProfile.UnitTests\bin\Debug\VideoOS.Common.SharedTimeProfile.UnitTests.dll" adapterTypeName="executor://mstestadapter/v1" className="VideoOS.Common.SharedTimeProfile.UnitTests.GPSCoordinateTest" name="GpsParserTestTooFewBlocks" />
    </UnitTest>
    <UnitTest name="FromXmlNullTest" storage="d:\actions-runner\_work\xpco\xpco\common\sharedtimeprofile\videoos.common.sharedtimeprofile.unittests\bin\debug\videoos.common.sharedtimeprofile.unittests.dll" id="44930243-4111-dbb4-8c53-c01a73dfbdcf">
      <Execution id="5befc8bc-cd00-4660-aa9b-e9a1e68c4e69" />
      <TestMethod codeBase="D:\actions-runner\_work\XPCO\XPCO\Common\SharedTimeProfile\VideoOS.Common.SharedTimeProfile.UnitTests\bin\Debug\VideoOS.Common.SharedTimeProfile.UnitTests.dll" adapterTypeName="executor://mstestadapter/v1" className="VideoOS.Common.SharedTimeProfile.UnitTests.TimeProfileSunClockDefinitionTest" name="FromXmlNullTest" />
    </UnitTest>
    <UnitTest name="FromXmlInvalidXmlNoArgumentOutOfRangeSunRiseTest" storage="d:\actions-runner\_work\xpco\xpco\common\sharedtimeprofile\videoos.common.sharedtimeprofile.unittests\bin\debug\videoos.common.sharedtimeprofile.unittests.dll" id="1eca0d05-3265-9abf-6197-aa4b6b60bd0a">
      <Execution id="813ca293-d5d3-47ec-a3a0-a9d6d0350e77" />
      <TestMethod codeBase="D:\actions-runner\_work\XPCO\XPCO\Common\SharedTimeProfile\VideoOS.Common.SharedTimeProfile.UnitTests\bin\Debug\VideoOS.Common.SharedTimeProfile.UnitTests.dll" adapterTypeName="executor://mstestadapter/v1" className="VideoOS.Common.SharedTimeProfile.UnitTests.TimeProfileSunClockDefinitionTest" name="FromXmlInvalidXmlNoArgumentOutOfRangeSunRiseTest" />
    </UnitTest>
    <UnitTest name="GPSCoordinateConstructorTest1InvalidLatitude" storage="d:\actions-runner\_work\xpco\xpco\common\sharedtimeprofile\videoos.common.sharedtimeprofile.unittests\bin\debug\videoos.common.sharedtimeprofile.unittests.dll" id="fba7445f-092a-03b2-b0f9-4d2a5ae432ea">
      <Execution id="f84dcd5d-18e2-4d47-851f-ca6336014844" />
      <TestMethod codeBase="D:\actions-runner\_work\XPCO\XPCO\Common\SharedTimeProfile\VideoOS.Common.SharedTimeProfile.UnitTests\bin\Debug\VideoOS.Common.SharedTimeProfile.UnitTests.dll" adapterTypeName="executor://mstestadapter/v1" className="VideoOS.Common.SharedTimeProfile.UnitTests.GPSCoordinateTest" name="GPSCoordinateConstructorTest1InvalidLatitude" />
    </UnitTest>
    <UnitTest name="GetAppointmentsTestWinterTime2" storage="d:\actions-runner\_work\xpco\xpco\common\sharedtimeprofile\videoos.common.sharedtimeprofile.unittests\bin\debug\videoos.common.sharedtimeprofile.unittests.dll" id="ae36a9f8-97bd-e987-3d2a-123002a5f162">
      <Execution id="1f237130-4c40-4db8-bb5f-8bcf8c1a19e3" />
      <TestMethod codeBase="D:\actions-runner\_work\XPCO\XPCO\Common\SharedTimeProfile\VideoOS.Common.SharedTimeProfile.UnitTests\bin\Debug\VideoOS.Common.SharedTimeProfile.UnitTests.dll" adapterTypeName="executor://mstestadapter/v1" className="VideoOS.Common.SharedTimeProfile.UnitTests.TimeProfileSunClockEvaluatorTest" name="GetAppointmentsTestWinterTime2" />
    </UnitTest>
    <UnitTest name="TimeProfileInfragisticEvaluator63Constructor9Test" storage="d:\actions-runner\_work\xpco\xpco\common\sharedtimeprofile\videoos.common.sharedtimeprofile.unittests\bin\debug\videoos.common.sharedtimeprofile.unittests.dll" id="25ddeb20-43b9-7349-53df-8f37657a4e94">
      <Execution id="29ace03a-bb63-488d-baa1-cd2dd5ee5d05" />
      <TestMethod codeBase="D:\actions-runner\_work\XPCO\XPCO\Common\SharedTimeProfile\VideoOS.Common.SharedTimeProfile.UnitTests\bin\Debug\VideoOS.Common.SharedTimeProfile.UnitTests.dll" adapterTypeName="executor://mstestadapter/v1" className="VideoOS.Common.SharedTimeProfile.UnitTests.TimeProfileInfragisticEvaluatorTest" name="TimeProfileInfragisticEvaluator63Constructor9Test" />
    </UnitTest>
    <UnitTest name="TimeProfileInfragisticEvaluator102Constructor14Test" storage="d:\actions-runner\_work\xpco\xpco\common\sharedtimeprofile\videoos.common.sharedtimeprofile.unittests\bin\debug\videoos.common.sharedtimeprofile.unittests.dll" id="66d424c7-c7b9-8e7b-f20e-6b87085716d8">
      <Execution id="4749621f-cb3d-4029-a0e9-2123935aae20" />
      <TestMethod codeBase="D:\actions-runner\_work\XPCO\XPCO\Common\SharedTimeProfile\VideoOS.Common.SharedTimeProfile.UnitTests\bin\Debug\VideoOS.Common.SharedTimeProfile.UnitTests.dll" adapterTypeName="executor://mstestadapter/v1" className="VideoOS.Common.SharedTimeProfile.UnitTests.TimeProfileInfragisticEvaluatorTest" name="TimeProfileInfragisticEvaluator102Constructor14Test" />
    </UnitTest>
    <UnitTest name="ConvertGpsValueTestIndex2Length3" storage="d:\actions-runner\_work\xpco\xpco\common\sharedtimeprofile\videoos.common.sharedtimeprofile.unittests\bin\debug\videoos.common.sharedtimeprofile.unittests.dll" id="95884629-73c0-a665-94f3-a0dff59b71b9">
      <Execution id="25a36294-e6a0-4e05-bf38-d56bceb81ddc" />
      <TestMethod codeBase="D:\actions-runner\_work\XPCO\XPCO\Common\SharedTimeProfile\VideoOS.Common.SharedTimeProfile.UnitTests\bin\Debug\VideoOS.Common.SharedTimeProfile.UnitTests.dll" adapterTypeName="executor://mstestadapter/v1" className="VideoOS.Common.SharedTimeProfile.UnitTests.GPSCoordinateTest" name="ConvertGpsValueTestIndex2Length3" />
    </UnitTest>
    <UnitTest name="CalculateSunriseSunsetWilliamTestArctic21MarchSunset" storage="d:\actions-runner\_work\xpco\xpco\common\sharedtimeprofile\videoos.common.sharedtimeprofile.unittests\bin\debug\videoos.common.sharedtimeprofile.unittests.dll" id="afb1ba20-4070-88f7-6e1e-0fb32beb0499">
      <Execution id="a36469fe-087a-44d5-8ef7-d9f73901a7af" />
      <TestMethod codeBase="D:\actions-runner\_work\XPCO\XPCO\Common\SharedTimeProfile\VideoOS.Common.SharedTimeProfile.UnitTests\bin\Debug\VideoOS.Common.SharedTimeProfile.UnitTests.dll" adapterTypeName="executor://mstestadapter/v1" className="VideoOS.Common.SharedTimeProfile.UnitTests.TimeProfileSunClockEvaluatorTest" name="CalculateSunriseSunsetWilliamTestArctic21MarchSunset" />
    </UnitTest>
    <UnitTest name="RemoveTimeProfileTest" storage="d:\actions-runner\_work\xpco\xpco\common\sharedtimeprofile\videoos.common.sharedtimeprofile.unittests\bin\debug\videoos.common.sharedtimeprofile.unittests.dll" id="c9ce7aa5-bbfd-56e9-124c-e7f400054279">
      <Execution id="7f40787b-3854-4ef5-8c5b-34b000184bb5" />
      <TestMethod codeBase="D:\actions-runner\_work\XPCO\XPCO\Common\SharedTimeProfile\VideoOS.Common.SharedTimeProfile.UnitTests\bin\Debug\VideoOS.Common.SharedTimeProfile.UnitTests.dll" adapterTypeName="executor://mstestadapter/v1" className="VideoOS.Common.SharedTimeProfile.UnitTests.TimeProfileManagerTest" name="RemoveTimeProfileTest" />
    </UnitTest>
    <UnitTest name="CalculateSunriseSunsetWilliamTestArctic22SeptemberSunset" storage="d:\actions-runner\_work\xpco\xpco\common\sharedtimeprofile\videoos.common.sharedtimeprofile.unittests\bin\debug\videoos.common.sharedtimeprofile.unittests.dll" id="418c0066-f71c-424e-23ef-2091d512543b">
      <Execution id="c780a75f-ea3e-48f3-8e55-e4e847ae3a8f" />
      <TestMethod codeBase="D:\actions-runner\_work\XPCO\XPCO\Common\SharedTimeProfile\VideoOS.Common.SharedTimeProfile.UnitTests\bin\Debug\VideoOS.Common.SharedTimeProfile.UnitTests.dll" adapterTypeName="executor://mstestadapter/v1" className="VideoOS.Common.SharedTimeProfile.UnitTests.TimeProfileSunClockEvaluatorTest" name="CalculateSunriseSunsetWilliamTestArctic22SeptemberSunset" />
    </UnitTest>
    <UnitTest name="GpsParserTestInvalidDoubleLatitude" storage="d:\actions-runner\_work\xpco\xpco\common\sharedtimeprofile\videoos.common.sharedtimeprofile.unittests\bin\debug\videoos.common.sharedtimeprofile.unittests.dll" id="4592ae3d-40a2-b28b-dd3e-a85315a290c8">
      <Execution id="abeebb63-27e1-48c3-98ef-a454acea9e74" />
      <TestMethod codeBase="D:\actions-runner\_work\XPCO\XPCO\Common\SharedTimeProfile\VideoOS.Common.SharedTimeProfile.UnitTests\bin\Debug\VideoOS.Common.SharedTimeProfile.UnitTests.dll" adapterTypeName="executor://mstestadapter/v1" className="VideoOS.Common.SharedTimeProfile.UnitTests.GPSCoordinateTest" name="GpsParserTestInvalidDoubleLatitude" />
    </UnitTest>
    <UnitTest name="FromXmlInvalidXmlMissingSectionGPSCoordinateTest" storage="d:\actions-runner\_work\xpco\xpco\common\sharedtimeprofile\videoos.common.sharedtimeprofile.unittests\bin\debug\videoos.common.sharedtimeprofile.unittests.dll" id="54636e70-bb1c-4a66-8114-59997ee713fb">
      <Execution id="2a65d4f8-1455-4f33-8e17-d9dc2c319ff4" />
      <TestMethod codeBase="D:\actions-runner\_work\XPCO\XPCO\Common\SharedTimeProfile\VideoOS.Common.SharedTimeProfile.UnitTests\bin\Debug\VideoOS.Common.SharedTimeProfile.UnitTests.dll" adapterTypeName="executor://mstestadapter/v1" className="VideoOS.Common.SharedTimeProfile.UnitTests.TimeProfileSunClockDefinitionTest" name="FromXmlInvalidXmlMissingSectionGPSCoordinateTest" />
    </UnitTest>
    <UnitTest name="EvaluateTimeProfileTest1" storage="d:\actions-runner\_work\xpco\xpco\common\sharedtimeprofile\videoos.common.sharedtimeprofile.unittests\bin\debug\videoos.common.sharedtimeprofile.unittests.dll" id="7c532c8b-1d18-49bd-12b7-3e99950c7067">
      <Execution id="6297cc20-8288-4bb5-94cd-f7c5bfd3e7dd" />
      <TestMethod codeBase="D:\actions-runner\_work\XPCO\XPCO\Common\SharedTimeProfile\VideoOS.Common.SharedTimeProfile.UnitTests\bin\Debug\VideoOS.Common.SharedTimeProfile.UnitTests.dll" adapterTypeName="executor://mstestadapter/v1" className="VideoOS.Common.SharedTimeProfile.UnitTests.TimeProfileManagerTest" name="EvaluateTimeProfileTest1" />
    </UnitTest>
    <UnitTest name="GetSunriseSunsetAppointmentTestSidney21DecPlus10TimeZone" storage="d:\actions-runner\_work\xpco\xpco\common\sharedtimeprofile\videoos.common.sharedtimeprofile.unittests\bin\debug\videoos.common.sharedtimeprofile.unittests.dll" id="209fb869-3bb8-0ad0-2d48-3cf5aff72025">
      <Execution id="6b9be245-2bee-4679-a23b-4ba203ea5dda" />
      <TestMethod codeBase="D:\actions-runner\_work\XPCO\XPCO\Common\SharedTimeProfile\VideoOS.Common.SharedTimeProfile.UnitTests\bin\Debug\VideoOS.Common.SharedTimeProfile.UnitTests.dll" adapterTypeName="executor://mstestadapter/v1" className="VideoOS.Common.SharedTimeProfile.UnitTests.TimeProfileSunClockEvaluatorTest" name="GetSunriseSunsetAppointmentTestSidney21DecPlus10TimeZone" />
    </UnitTest>
    <UnitTest name="FromXmlInvalidXmlMissingSectionTimeZoneTest" storage="d:\actions-runner\_work\xpco\xpco\common\sharedtimeprofile\videoos.common.sharedtimeprofile.unittests\bin\debug\videoos.common.sharedtimeprofile.unittests.dll" id="07159d24-1774-0cdb-aa7d-7a3161ce03fb">
      <Execution id="e4087e2c-e360-4cde-912a-7f760a448654" />
      <TestMethod codeBase="D:\actions-runner\_work\XPCO\XPCO\Common\SharedTimeProfile\VideoOS.Common.SharedTimeProfile.UnitTests\bin\Debug\VideoOS.Common.SharedTimeProfile.UnitTests.dll" adapterTypeName="executor://mstestadapter/v1" className="VideoOS.Common.SharedTimeProfile.UnitTests.TimeProfileSunClockDefinitionTest" name="FromXmlInvalidXmlMissingSectionTimeZoneTest" />
    </UnitTest>
    <UnitTest name="TimeProfileInfragisticEvaluator102Constructor9Test" storage="d:\actions-runner\_work\xpco\xpco\common\sharedtimeprofile\videoos.common.sharedtimeprofile.unittests\bin\debug\videoos.common.sharedtimeprofile.unittests.dll" id="dc2af4d3-55d0-2f4e-0217-23eddb6d0247">
      <Execution id="d13dcc6f-a71b-4258-a7f7-19221f34dc6c" />
      <TestMethod codeBase="D:\actions-runner\_work\XPCO\XPCO\Common\SharedTimeProfile\VideoOS.Common.SharedTimeProfile.UnitTests\bin\Debug\VideoOS.Common.SharedTimeProfile.UnitTests.dll" adapterTypeName="executor://mstestadapter/v1" className="VideoOS.Common.SharedTimeProfile.UnitTests.TimeProfileInfragisticEvaluatorTest" name="TimeProfileInfragisticEvaluator102Constructor9Test" />
    </UnitTest>
    <UnitTest name="GpsParserTestTooManySpacesBetweenWestAndValue" storage="d:\actions-runner\_work\xpco\xpco\common\sharedtimeprofile\videoos.common.sharedtimeprofile.unittests\bin\debug\videoos.common.sharedtimeprofile.unittests.dll" id="3a359610-7c6b-a3d8-e491-5c661bbf7a56">
      <Execution id="d10cbe25-c78b-4092-9e3e-51ca997bed3a" />
      <TestMethod codeBase="D:\actions-runner\_work\XPCO\XPCO\Common\SharedTimeProfile\VideoOS.Common.SharedTimeProfile.UnitTests\bin\Debug\VideoOS.Common.SharedTimeProfile.UnitTests.dll" adapterTypeName="executor://mstestadapter/v1" className="VideoOS.Common.SharedTimeProfile.UnitTests.GPSCoordinateTest" name="GpsParserTestTooManySpacesBetweenWestAndValue" />
    </UnitTest>
    <UnitTest name="CalculateSunriseSunsetWilliamTestAntarctica24SeptemberSunset" storage="d:\actions-runner\_work\xpco\xpco\common\sharedtimeprofile\videoos.common.sharedtimeprofile.unittests\bin\debug\videoos.common.sharedtimeprofile.unittests.dll" id="7800d1c8-85af-fe12-d6db-3de72d8587d7">
      <Execution id="8e82f235-85a7-43d1-a7da-0870956d7b33" />
      <TestMethod codeBase="D:\actions-runner\_work\XPCO\XPCO\Common\SharedTimeProfile\VideoOS.Common.SharedTimeProfile.UnitTests\bin\Debug\VideoOS.Common.SharedTimeProfile.UnitTests.dll" adapterTypeName="executor://mstestadapter/v1" className="VideoOS.Common.SharedTimeProfile.UnitTests.TimeProfileSunClockEvaluatorTest" name="CalculateSunriseSunsetWilliamTestAntarctica24SeptemberSunset" />
    </UnitTest>
    <UnitTest name="EvaluateTimeTestSunClockCopenhagen21DecNotOK" storage="d:\actions-runner\_work\xpco\xpco\common\sharedtimeprofile\videoos.common.sharedtimeprofile.unittests\bin\debug\videoos.common.sharedtimeprofile.unittests.dll" id="d5228a08-db24-6e8c-25f3-c367348f1d61">
      <Execution id="5136241c-9b3b-45fe-b2db-b283537171bc" />
      <TestMethod codeBase="D:\actions-runner\_work\XPCO\XPCO\Common\SharedTimeProfile\VideoOS.Common.SharedTimeProfile.UnitTests\bin\Debug\VideoOS.Common.SharedTimeProfile.UnitTests.dll" adapterTypeName="executor://mstestadapter/v1" className="VideoOS.Common.SharedTimeProfile.UnitTests.TimeProfileEvaluatorTest" name="EvaluateTimeTestSunClockCopenhagen21DecNotOK" />
    </UnitTest>
    <UnitTest name="EvaluateTimeTestInfragisticsSummerTime" storage="d:\actions-runner\_work\xpco\xpco\common\sharedtimeprofile\videoos.common.sharedtimeprofile.unittests\bin\debug\videoos.common.sharedtimeprofile.unittests.dll" id="8cc02d5c-f8a8-0a3b-7d61-bf9e29071278">
      <Execution id="d13d1ceb-1881-4f1d-b4c9-0cc91cd7d12c" />
      <TestMethod codeBase="D:\actions-runner\_work\XPCO\XPCO\Common\SharedTimeProfile\VideoOS.Common.SharedTimeProfile.UnitTests\bin\Debug\VideoOS.Common.SharedTimeProfile.UnitTests.dll" adapterTypeName="executor://mstestadapter/v1" className="VideoOS.Common.SharedTimeProfile.UnitTests.TimeProfileEvaluatorTest" name="EvaluateTimeTestInfragisticsSummerTime" />
    </UnitTest>
    <UnitTest name="ConvertGpsValueTestInvalidDoubleString4" storage="d:\actions-runner\_work\xpco\xpco\common\sharedtimeprofile\videoos.common.sharedtimeprofile.unittests\bin\debug\videoos.common.sharedtimeprofile.unittests.dll" id="ca7234eb-a9b3-8076-2a8f-48b120fc3eea">
      <Execution id="b77d1bed-4c94-4df0-8487-1b2f06593bd2" />
      <TestMethod codeBase="D:\actions-runner\_work\XPCO\XPCO\Common\SharedTimeProfile\VideoOS.Common.SharedTimeProfile.UnitTests\bin\Debug\VideoOS.Common.SharedTimeProfile.UnitTests.dll" adapterTypeName="executor://mstestadapter/v1" className="VideoOS.Common.SharedTimeProfile.UnitTests.GPSCoordinateTest" name="ConvertGpsValueTestInvalidDoubleString4" />
    </UnitTest>
    <UnitTest name="TimeProfileSunClockEvaluatorConstructorTestDefinitionEmpty" storage="d:\actions-runner\_work\xpco\xpco\common\sharedtimeprofile\videoos.common.sharedtimeprofile.unittests\bin\debug\videoos.common.sharedtimeprofile.unittests.dll" id="1934b1de-b497-9840-44f0-84912586a2e7">
      <Execution id="ea94d674-f147-408e-875b-74583286f561" />
      <TestMethod codeBase="D:\actions-runner\_work\XPCO\XPCO\Common\SharedTimeProfile\VideoOS.Common.SharedTimeProfile.UnitTests\bin\Debug\VideoOS.Common.SharedTimeProfile.UnitTests.dll" adapterTypeName="executor://mstestadapter/v1" className="VideoOS.Common.SharedTimeProfile.UnitTests.TimeProfileSunClockEvaluatorTest" name="TimeProfileSunClockEvaluatorConstructorTestDefinitionEmpty" />
    </UnitTest>
    <UnitTest name="TimeProfileEvaluatorConstructorTestSunClockInvalidXml" storage="d:\actions-runner\_work\xpco\xpco\common\sharedtimeprofile\videoos.common.sharedtimeprofile.unittests\bin\debug\videoos.common.sharedtimeprofile.unittests.dll" id="7971e144-003a-6b5c-1cf5-f6e9577e9b47">
      <Execution id="79718647-c39b-4c1c-93f8-53bbcf7c0e21" />
      <TestMethod codeBase="D:\actions-runner\_work\XPCO\XPCO\Common\SharedTimeProfile\VideoOS.Common.SharedTimeProfile.UnitTests\bin\Debug\VideoOS.Common.SharedTimeProfile.UnitTests.dll" adapterTypeName="executor://mstestadapter/v1" className="VideoOS.Common.SharedTimeProfile.UnitTests.TimeProfileEvaluatorTest" name="TimeProfileEvaluatorConstructorTestSunClockInvalidXml" />
    </UnitTest>
    <UnitTest name="GetAppointmentsRecurringWeeklyWeekendDaysInfragisticVersionTest" storage="d:\actions-runner\_work\xpco\xpco\common\sharedtimeprofile\videoos.common.sharedtimeprofile.unittests\bin\debug\videoos.common.sharedtimeprofile.unittests.dll" id="607c77ae-0ce7-2503-7071-aaa8fa477a85">
      <Execution id="6cced0a5-7484-474b-860d-db9d475b2f36" />
      <TestMethod codeBase="D:\actions-runner\_work\XPCO\XPCO\Common\SharedTimeProfile\VideoOS.Common.SharedTimeProfile.UnitTests\bin\Debug\VideoOS.Common.SharedTimeProfile.UnitTests.dll" adapterTypeName="executor://mstestadapter/v1" className="VideoOS.Common.SharedTimeProfile.UnitTests.TimeProfileInfragisticEvaluatorTest" name="GetAppointmentsRecurringWeeklyWeekendDaysInfragisticVersionTest" />
    </UnitTest>
    <UnitTest name="CalculateSunriseSunsetWilliamTestHonolulu21DecSunset" storage="d:\actions-runner\_work\xpco\xpco\common\sharedtimeprofile\videoos.common.sharedtimeprofile.unittests\bin\debug\videoos.common.sharedtimeprofile.unittests.dll" id="5f4ddda0-5c8f-439a-b9e1-c8e069e07b13">
      <Execution id="4b7a7746-65ad-412a-b617-d1e12fa0ca1b" />
      <TestMethod codeBase="D:\actions-runner\_work\XPCO\XPCO\Common\SharedTimeProfile\VideoOS.Common.SharedTimeProfile.UnitTests\bin\Debug\VideoOS.Common.SharedTimeProfile.UnitTests.dll" adapterTypeName="executor://mstestadapter/v1" className="VideoOS.Common.SharedTimeProfile.UnitTests.TimeProfileSunClockEvaluatorTest" name="CalculateSunriseSunsetWilliamTestHonolulu21DecSunset" />
    </UnitTest>
    <UnitTest name="FromXmlTestDefault" storage="d:\actions-runner\_work\xpco\xpco\common\sharedtimeprofile\videoos.common.sharedtimeprofile.unittests\bin\debug\videoos.common.sharedtimeprofile.unittests.dll" id="67dab46f-e8bf-b6c9-2215-abf798ce5177">
      <Execution id="f77e42ab-c94b-4b78-96ef-8a002955e407" />
      <TestMethod codeBase="D:\actions-runner\_work\XPCO\XPCO\Common\SharedTimeProfile\VideoOS.Common.SharedTimeProfile.UnitTests\bin\Debug\VideoOS.Common.SharedTimeProfile.UnitTests.dll" adapterTypeName="executor://mstestadapter/v1" className="VideoOS.Common.SharedTimeProfile.UnitTests.TimeProfileSunClockDefinitionTest" name="FromXmlTestDefault" />
    </UnitTest>
    <UnitTest name="TimeProfileSunClockEvaluatorConstructorTestObjectNull" storage="d:\actions-runner\_work\xpco\xpco\common\sharedtimeprofile\videoos.common.sharedtimeprofile.unittests\bin\debug\videoos.common.sharedtimeprofile.unittests.dll" id="a547b162-bcc8-cdb2-6a19-357d2be96156">
      <Execution id="bec650a9-d74b-4bbb-80e1-1c8b912f5290" />
      <TestMethod codeBase="D:\actions-runner\_work\XPCO\XPCO\Common\SharedTimeProfile\VideoOS.Common.SharedTimeProfile.UnitTests\bin\Debug\VideoOS.Common.SharedTimeProfile.UnitTests.dll" adapterTypeName="executor://mstestadapter/v1" className="VideoOS.Common.SharedTimeProfile.UnitTests.TimeProfileSunClockEvaluatorTest" name="TimeProfileSunClockEvaluatorConstructorTestObjectNull" />
    </UnitTest>
    <UnitTest name="GPSCoordinateArgumentNullTest" storage="d:\actions-runner\_work\xpco\xpco\common\sharedtimeprofile\videoos.common.sharedtimeprofile.unittests\bin\debug\videoos.common.sharedtimeprofile.unittests.dll" id="510a1b17-7deb-d7c8-3aea-b338f74aa4a3">
      <Execution id="92d5abc3-882c-427a-8c7f-3efe6a13d046" />
      <TestMethod codeBase="D:\actions-runner\_work\XPCO\XPCO\Common\SharedTimeProfile\VideoOS.Common.SharedTimeProfile.UnitTests\bin\Debug\VideoOS.Common.SharedTimeProfile.UnitTests.dll" adapterTypeName="executor://mstestadapter/v1" className="VideoOS.Common.SharedTimeProfile.UnitTests.TimeProfileSunClockDefinitionTest" name="GPSCoordinateArgumentNullTest" />
    </UnitTest>
    <UnitTest name="CalculateSunriseSunsetWilliamTestKiruna23SeptemberSunset" storage="d:\actions-runner\_work\xpco\xpco\common\sharedtimeprofile\videoos.common.sharedtimeprofile.unittests\bin\debug\videoos.common.sharedtimeprofile.unittests.dll" id="aada1bad-bbd0-294b-1d76-84d4bb68470f">
      <Execution id="eb6df30b-8495-464e-a0b8-d591a41ae040" />
      <TestMethod codeBase="D:\actions-runner\_work\XPCO\XPCO\Common\SharedTimeProfile\VideoOS.Common.SharedTimeProfile.UnitTests\bin\Debug\VideoOS.Common.SharedTimeProfile.UnitTests.dll" adapterTypeName="executor://mstestadapter/v1" className="VideoOS.Common.SharedTimeProfile.UnitTests.TimeProfileSunClockEvaluatorTest" name="CalculateSunriseSunsetWilliamTestKiruna23SeptemberSunset" />
    </UnitTest>
    <UnitTest name="CalculateSunriseSunsetWilliamTestAntarctica23SeptemberSunset" storage="d:\actions-runner\_work\xpco\xpco\common\sharedtimeprofile\videoos.common.sharedtimeprofile.unittests\bin\debug\videoos.common.sharedtimeprofile.unittests.dll" id="3772d2a7-c7e4-6106-528a-05ed7289ba8f">
      <Execution id="e821e540-4a87-4bea-ac86-585e3e5a420f" />
      <TestMethod codeBase="D:\actions-runner\_work\XPCO\XPCO\Common\SharedTimeProfile\VideoOS.Common.SharedTimeProfile.UnitTests\bin\Debug\VideoOS.Common.SharedTimeProfile.UnitTests.dll" adapterTypeName="executor://mstestadapter/v1" className="VideoOS.Common.SharedTimeProfile.UnitTests.TimeProfileSunClockEvaluatorTest" name="CalculateSunriseSunsetWilliamTestAntarctica23SeptemberSunset" />
    </UnitTest>
    <UnitTest name="CalculateSunriseSunsetWilliamTestCopenhagen21DecSunset" storage="d:\actions-runner\_work\xpco\xpco\common\sharedtimeprofile\videoos.common.sharedtimeprofile.unittests\bin\debug\videoos.common.sharedtimeprofile.unittests.dll" id="7a61fdad-8b7d-c539-1e73-75d1d9b8f909">
      <Execution id="61a9c62b-1c67-4ba3-b185-07fc6d540285" />
      <TestMethod codeBase="D:\actions-runner\_work\XPCO\XPCO\Common\SharedTimeProfile\VideoOS.Common.SharedTimeProfile.UnitTests\bin\Debug\VideoOS.Common.SharedTimeProfile.UnitTests.dll" adapterTypeName="executor://mstestadapter/v1" className="VideoOS.Common.SharedTimeProfile.UnitTests.TimeProfileSunClockEvaluatorTest" name="CalculateSunriseSunsetWilliamTestCopenhagen21DecSunset" />
    </UnitTest>
    <UnitTest name="TimeProfileEvaluatorConstructorTestNullDefinitionXml" storage="d:\actions-runner\_work\xpco\xpco\common\sharedtimeprofile\videoos.common.sharedtimeprofile.unittests\bin\debug\videoos.common.sharedtimeprofile.unittests.dll" id="90f8f8a6-c3f6-6b4a-88ef-f9138dc3eafd">
      <Execution id="e3af3762-4c87-4e13-aff3-79b2efc8443a" />
      <TestMethod codeBase="D:\actions-runner\_work\XPCO\XPCO\Common\SharedTimeProfile\VideoOS.Common.SharedTimeProfile.UnitTests\bin\Debug\VideoOS.Common.SharedTimeProfile.UnitTests.dll" adapterTypeName="executor://mstestadapter/v1" className="VideoOS.Common.SharedTimeProfile.UnitTests.TimeProfileEvaluatorTest" name="TimeProfileEvaluatorConstructorTestNullDefinitionXml" />
    </UnitTest>
    <UnitTest name="ConvertGpsValueTestInvalidDoubleString5" storage="d:\actions-runner\_work\xpco\xpco\common\sharedtimeprofile\videoos.common.sharedtimeprofile.unittests\bin\debug\videoos.common.sharedtimeprofile.unittests.dll" id="9c9c731f-0a9f-deb1-69df-c8a6a7e8dad1">
      <Execution id="3bc2ea8b-77b0-427f-86a3-1266e9ff6f86" />
      <TestMethod codeBase="D:\actions-runner\_work\XPCO\XPCO\Common\SharedTimeProfile\VideoOS.Common.SharedTimeProfile.UnitTests\bin\Debug\VideoOS.Common.SharedTimeProfile.UnitTests.dll" adapterTypeName="executor://mstestadapter/v1" className="VideoOS.Common.SharedTimeProfile.UnitTests.GPSCoordinateTest" name="ConvertGpsValueTestInvalidDoubleString5" />
    </UnitTest>
    <UnitTest name="TimeProfileManagerConstructorTest" storage="d:\actions-runner\_work\xpco\xpco\common\sharedtimeprofile\videoos.common.sharedtimeprofile.unittests\bin\debug\videoos.common.sharedtimeprofile.unittests.dll" id="9b495e5a-c9a1-c8ac-50e2-e6f5575ceb63">
      <Execution id="67b34764-6907-4857-822c-e9722f653624" />
      <TestMethod codeBase="D:\actions-runner\_work\XPCO\XPCO\Common\SharedTimeProfile\VideoOS.Common.SharedTimeProfile.UnitTests\bin\Debug\VideoOS.Common.SharedTimeProfile.UnitTests.dll" adapterTypeName="executor://mstestadapter/v1" className="VideoOS.Common.SharedTimeProfile.UnitTests.TimeProfileManagerTest" name="TimeProfileManagerConstructorTest" />
    </UnitTest>
    <UnitTest name="TimeZoneArgumentNullTest" storage="d:\actions-runner\_work\xpco\xpco\common\sharedtimeprofile\videoos.common.sharedtimeprofile.unittests\bin\debug\videoos.common.sharedtimeprofile.unittests.dll" id="7edfc2a0-a0ff-1e30-eafb-1b06193ab04e">
      <Execution id="ab6d10b1-8ec8-4372-ad6f-31b15c4c083d" />
      <TestMethod codeBase="D:\actions-runner\_work\XPCO\XPCO\Common\SharedTimeProfile\VideoOS.Common.SharedTimeProfile.UnitTests\bin\Debug\VideoOS.Common.SharedTimeProfile.UnitTests.dll" adapterTypeName="executor://mstestadapter/v1" className="VideoOS.Common.SharedTimeProfile.UnitTests.TimeProfileSunClockDefinitionTest" name="TimeZoneArgumentNullTest" />
    </UnitTest>
    <UnitTest name="TimeProfileSunClockDefinitionConstructorTimeZoneIdInvalidTest" storage="d:\actions-runner\_work\xpco\xpco\common\sharedtimeprofile\videoos.common.sharedtimeprofile.unittests\bin\debug\videoos.common.sharedtimeprofile.unittests.dll" id="a78256cc-1c8c-5f7d-4107-fe67c0130a32">
      <Execution id="9bb31eae-ab97-4144-9319-77a66bf1ccb5" />
      <TestMethod codeBase="D:\actions-runner\_work\XPCO\XPCO\Common\SharedTimeProfile\VideoOS.Common.SharedTimeProfile.UnitTests\bin\Debug\VideoOS.Common.SharedTimeProfile.UnitTests.dll" adapterTypeName="executor://mstestadapter/v1" className="VideoOS.Common.SharedTimeProfile.UnitTests.TimeProfileSunClockDefinitionTest" name="TimeProfileSunClockDefinitionConstructorTimeZoneIdInvalidTest" />
    </UnitTest>
    <UnitTest name="CalculateSunriseSunsetWilliamTestDaresSalaam21JunSunset" storage="d:\actions-runner\_work\xpco\xpco\common\sharedtimeprofile\videoos.common.sharedtimeprofile.unittests\bin\debug\videoos.common.sharedtimeprofile.unittests.dll" id="8b133ef5-fbdf-46c7-4778-871e2898cfac">
      <Execution id="3ce71bd7-4181-4b1d-99f0-ceb923b97598" />
      <TestMethod codeBase="D:\actions-runner\_work\XPCO\XPCO\Common\SharedTimeProfile\VideoOS.Common.SharedTimeProfile.UnitTests\bin\Debug\VideoOS.Common.SharedTimeProfile.UnitTests.dll" adapterTypeName="executor://mstestadapter/v1" className="VideoOS.Common.SharedTimeProfile.UnitTests.TimeProfileSunClockEvaluatorTest" name="CalculateSunriseSunsetWilliamTestDaresSalaam21JunSunset" />
    </UnitTest>
    <UnitTest name="SunRiseOffsetOutOfRangeTest" storage="d:\actions-runner\_work\xpco\xpco\common\sharedtimeprofile\videoos.common.sharedtimeprofile.unittests\bin\debug\videoos.common.sharedtimeprofile.unittests.dll" id="07be9437-891e-9aee-edbe-c4e32be0b117">
      <Execution id="c094f851-af50-4055-96b3-1a0bcc7d8b56" />
      <TestMethod codeBase="D:\actions-runner\_work\XPCO\XPCO\Common\SharedTimeProfile\VideoOS.Common.SharedTimeProfile.UnitTests\bin\Debug\VideoOS.Common.SharedTimeProfile.UnitTests.dll" adapterTypeName="executor://mstestadapter/v1" className="VideoOS.Common.SharedTimeProfile.UnitTests.TimeProfileSunClockDefinitionTest" name="SunRiseOffsetOutOfRangeTest" />
    </UnitTest>
    <UnitTest name="CalculateSunriseSunsetWilliamTestArctic22SeptemberSunrise" storage="d:\actions-runner\_work\xpco\xpco\common\sharedtimeprofile\videoos.common.sharedtimeprofile.unittests\bin\debug\videoos.common.sharedtimeprofile.unittests.dll" id="5fe6369f-75b3-1103-cb8b-6afc25633681">
      <Execution id="f07444ec-a1f7-4b81-a7c3-b43f535eb198" />
      <TestMethod codeBase="D:\actions-runner\_work\XPCO\XPCO\Common\SharedTimeProfile\VideoOS.Common.SharedTimeProfile.UnitTests\bin\Debug\VideoOS.Common.SharedTimeProfile.UnitTests.dll" adapterTypeName="executor://mstestadapter/v1" className="VideoOS.Common.SharedTimeProfile.UnitTests.TimeProfileSunClockEvaluatorTest" name="CalculateSunriseSunsetWilliamTestArctic22SeptemberSunrise" />
    </UnitTest>
    <UnitTest name="CalculateSunriseSunsetWilliamTestNearAntarctica23SeptemberSunset" storage="d:\actions-runner\_work\xpco\xpco\common\sharedtimeprofile\videoos.common.sharedtimeprofile.unittests\bin\debug\videoos.common.sharedtimeprofile.unittests.dll" id="d5ba7d4a-1992-49d0-2c94-98e4dfeec21e">
      <Execution id="5e614514-bea4-4845-9528-7c707a403c93" />
      <TestMethod codeBase="D:\actions-runner\_work\XPCO\XPCO\Common\SharedTimeProfile\VideoOS.Common.SharedTimeProfile.UnitTests\bin\Debug\VideoOS.Common.SharedTimeProfile.UnitTests.dll" adapterTypeName="executor://mstestadapter/v1" className="VideoOS.Common.SharedTimeProfile.UnitTests.TimeProfileSunClockEvaluatorTest" name="CalculateSunriseSunsetWilliamTestNearAntarctica23SeptemberSunset" />
    </UnitTest>
    <UnitTest name="GetAppointmentsSingleTest" storage="d:\actions-runner\_work\xpco\xpco\common\sharedtimeprofile\videoos.common.sharedtimeprofile.unittests\bin\debug\videoos.common.sharedtimeprofile.unittests.dll" id="fd1b2b00-81fc-6740-e329-6ce1ad9360d3">
      <Execution id="ea8e44ee-230e-46fe-98da-447cfd0d3e74" />
      <TestMethod codeBase="D:\actions-runner\_work\XPCO\XPCO\Common\SharedTimeProfile\VideoOS.Common.SharedTimeProfile.UnitTests\bin\Debug\VideoOS.Common.SharedTimeProfile.UnitTests.dll" adapterTypeName="executor://mstestadapter/v1" className="VideoOS.Common.SharedTimeProfile.UnitTests.TimeProfileInfragisticEvaluatorTest" name="GetAppointmentsSingleTest" />
    </UnitTest>
    <UnitTest name="ConvertGpsValueTestInvalidLength" storage="d:\actions-runner\_work\xpco\xpco\common\sharedtimeprofile\videoos.common.sharedtimeprofile.unittests\bin\debug\videoos.common.sharedtimeprofile.unittests.dll" id="92e050ed-76e4-200a-af9c-65eb2cd36702">
      <Execution id="11b7f5e1-fd23-47e8-bcab-f1e99e54a4d1" />
      <TestMethod codeBase="D:\actions-runner\_work\XPCO\XPCO\Common\SharedTimeProfile\VideoOS.Common.SharedTimeProfile.UnitTests\bin\Debug\VideoOS.Common.SharedTimeProfile.UnitTests.dll" adapterTypeName="executor://mstestadapter/v1" className="VideoOS.Common.SharedTimeProfile.UnitTests.GPSCoordinateTest" name="ConvertGpsValueTestInvalidLength" />
    </UnitTest>
    <UnitTest name="CalculateSunriseSunsetWilliamTestAntarctica24SeptemberSunrise" storage="d:\actions-runner\_work\xpco\xpco\common\sharedtimeprofile\videoos.common.sharedtimeprofile.unittests\bin\debug\videoos.common.sharedtimeprofile.unittests.dll" id="6067eef9-e285-9264-f7ef-01f941fa7106">
      <Execution id="2bfd9c37-c696-460d-aff0-8c49efcf710e" />
      <TestMethod codeBase="D:\actions-runner\_work\XPCO\XPCO\Common\SharedTimeProfile\VideoOS.Common.SharedTimeProfile.UnitTests\bin\Debug\VideoOS.Common.SharedTimeProfile.UnitTests.dll" adapterTypeName="executor://mstestadapter/v1" className="VideoOS.Common.SharedTimeProfile.UnitTests.TimeProfileSunClockEvaluatorTest" name="CalculateSunriseSunsetWilliamTestAntarctica24SeptemberSunrise" />
    </UnitTest>
    <UnitTest name="CalculateSunriseSunsetWilliamTestNearAntarctica20MarchSunrise" storage="d:\actions-runner\_work\xpco\xpco\common\sharedtimeprofile\videoos.common.sharedtimeprofile.unittests\bin\debug\videoos.common.sharedtimeprofile.unittests.dll" id="bd8f573c-cdfa-ea20-bfb1-7c19c7ba4348">
      <Execution id="624cd6ae-269b-4d89-ae7f-6cd993ed8565" />
      <TestMethod codeBase="D:\actions-runner\_work\XPCO\XPCO\Common\SharedTimeProfile\VideoOS.Common.SharedTimeProfile.UnitTests\bin\Debug\VideoOS.Common.SharedTimeProfile.UnitTests.dll" adapterTypeName="executor://mstestadapter/v1" className="VideoOS.Common.SharedTimeProfile.UnitTests.TimeProfileSunClockEvaluatorTest" name="CalculateSunriseSunsetWilliamTestNearAntarctica20MarchSunrise" />
    </UnitTest>
    <UnitTest name="CalculateSunriseSunsetWilliamTestCopenhagen21DecSunrise" storage="d:\actions-runner\_work\xpco\xpco\common\sharedtimeprofile\videoos.common.sharedtimeprofile.unittests\bin\debug\videoos.common.sharedtimeprofile.unittests.dll" id="7c24855d-c3a1-21ac-bed0-6321e2551dc4">
      <Execution id="dbabbaa3-876d-429c-aa61-51adfc5bd492" />
      <TestMethod codeBase="D:\actions-runner\_work\XPCO\XPCO\Common\SharedTimeProfile\VideoOS.Common.SharedTimeProfile.UnitTests\bin\Debug\VideoOS.Common.SharedTimeProfile.UnitTests.dll" adapterTypeName="executor://mstestadapter/v1" className="VideoOS.Common.SharedTimeProfile.UnitTests.TimeProfileSunClockEvaluatorTest" name="CalculateSunriseSunsetWilliamTestCopenhagen21DecSunrise" />
    </UnitTest>
    <UnitTest name="FromXmlInvalidXmlNoArgumentOutOfRangeSunSetTest" storage="d:\actions-runner\_work\xpco\xpco\common\sharedtimeprofile\videoos.common.sharedtimeprofile.unittests\bin\debug\videoos.common.sharedtimeprofile.unittests.dll" id="cd58886c-4d31-5863-c73c-d9ded62d37cb">
      <Execution id="8a8e3986-40eb-438f-b4ad-27338c5f5c2d" />
      <TestMethod codeBase="D:\actions-runner\_work\XPCO\XPCO\Common\SharedTimeProfile\VideoOS.Common.SharedTimeProfile.UnitTests\bin\Debug\VideoOS.Common.SharedTimeProfile.UnitTests.dll" adapterTypeName="executor://mstestadapter/v1" className="VideoOS.Common.SharedTimeProfile.UnitTests.TimeProfileSunClockDefinitionTest" name="FromXmlInvalidXmlNoArgumentOutOfRangeSunSetTest" />
    </UnitTest>
    <UnitTest name="GpsParserTestInvalidLatitudeDirection" storage="d:\actions-runner\_work\xpco\xpco\common\sharedtimeprofile\videoos.common.sharedtimeprofile.unittests\bin\debug\videoos.common.sharedtimeprofile.unittests.dll" id="88aa526a-4b25-5b8e-efef-085638c0009a">
      <Execution id="1d058229-c74c-4ebc-b734-aa0e8a7f49e5" />
      <TestMethod codeBase="D:\actions-runner\_work\XPCO\XPCO\Common\SharedTimeProfile\VideoOS.Common.SharedTimeProfile.UnitTests\bin\Debug\VideoOS.Common.SharedTimeProfile.UnitTests.dll" adapterTypeName="executor://mstestadapter/v1" className="VideoOS.Common.SharedTimeProfile.UnitTests.GPSCoordinateTest" name="GpsParserTestInvalidLatitudeDirection" />
    </UnitTest>
    <UnitTest name="GetAppointmentsRecurringDailyToSpecificDateTest" storage="d:\actions-runner\_work\xpco\xpco\common\sharedtimeprofile\videoos.common.sharedtimeprofile.unittests\bin\debug\videoos.common.sharedtimeprofile.unittests.dll" id="be92f62d-823d-4f94-dc90-32cb017a8849">
      <Execution id="99e9dfca-5206-481c-9129-0c139ae8e6e2" />
      <TestMethod codeBase="D:\actions-runner\_work\XPCO\XPCO\Common\SharedTimeProfile\VideoOS.Common.SharedTimeProfile.UnitTests\bin\Debug\VideoOS.Common.SharedTimeProfile.UnitTests.dll" adapterTypeName="executor://mstestadapter/v1" className="VideoOS.Common.SharedTimeProfile.UnitTests.TimeProfileInfragisticEvaluatorTest" name="GetAppointmentsRecurringDailyToSpecificDateTest" />
    </UnitTest>
    <UnitTest name="TimeProfileInfragisticEvaluator102Constructor11Test" storage="d:\actions-runner\_work\xpco\xpco\common\sharedtimeprofile\videoos.common.sharedtimeprofile.unittests\bin\debug\videoos.common.sharedtimeprofile.unittests.dll" id="7348d8fe-5e07-3ec4-2e4d-ab2d5c117cd8">
      <Execution id="d13a68b5-2683-4266-b2a7-846e28e97727" />
      <TestMethod codeBase="D:\actions-runner\_work\XPCO\XPCO\Common\SharedTimeProfile\VideoOS.Common.SharedTimeProfile.UnitTests\bin\Debug\VideoOS.Common.SharedTimeProfile.UnitTests.dll" adapterTypeName="executor://mstestadapter/v1" className="VideoOS.Common.SharedTimeProfile.UnitTests.TimeProfileInfragisticEvaluatorTest" name="TimeProfileInfragisticEvaluator102Constructor11Test" />
    </UnitTest>
    <UnitTest name="TimeProfileInfragisticEvaluator102Constructor3Test" storage="d:\actions-runner\_work\xpco\xpco\common\sharedtimeprofile\videoos.common.sharedtimeprofile.unittests\bin\debug\videoos.common.sharedtimeprofile.unittests.dll" id="82ce9500-0ad4-31fc-7834-2550cba50d46">
      <Execution id="01e57b16-a590-43e8-9713-94af9a6c037d" />
      <TestMethod codeBase="D:\actions-runner\_work\XPCO\XPCO\Common\SharedTimeProfile\VideoOS.Common.SharedTimeProfile.UnitTests\bin\Debug\VideoOS.Common.SharedTimeProfile.UnitTests.dll" adapterTypeName="executor://mstestadapter/v1" className="VideoOS.Common.SharedTimeProfile.UnitTests.TimeProfileInfragisticEvaluatorTest" name="TimeProfileInfragisticEvaluator102Constructor3Test" />
    </UnitTest>
    <UnitTest name="TimeProfileInfragisticEvaluator63Constructor17Test" storage="d:\actions-runner\_work\xpco\xpco\common\sharedtimeprofile\videoos.common.sharedtimeprofile.unittests\bin\debug\videoos.common.sharedtimeprofile.unittests.dll" id="5db3517e-c80c-fe6c-e4a9-6a92c9cfe164">
      <Execution id="df04ec7e-a00d-4cf0-9c54-6b3a63b9617b" />
      <TestMethod codeBase="D:\actions-runner\_work\XPCO\XPCO\Common\SharedTimeProfile\VideoOS.Common.SharedTimeProfile.UnitTests\bin\Debug\VideoOS.Common.SharedTimeProfile.UnitTests.dll" adapterTypeName="executor://mstestadapter/v1" className="VideoOS.Common.SharedTimeProfile.UnitTests.TimeProfileInfragisticEvaluatorTest" name="TimeProfileInfragisticEvaluator63Constructor17Test" />
    </UnitTest>
    <UnitTest name="GpsParserTestNullString" storage="d:\actions-runner\_work\xpco\xpco\common\sharedtimeprofile\videoos.common.sharedtimeprofile.unittests\bin\debug\videoos.common.sharedtimeprofile.unittests.dll" id="6073c7bc-1e3f-565b-8876-0f3a9dff1c9b">
      <Execution id="da08a33f-1833-4f34-8884-49439d9200c1" />
      <TestMethod codeBase="D:\actions-runner\_work\XPCO\XPCO\Common\SharedTimeProfile\VideoOS.Common.SharedTimeProfile.UnitTests\bin\Debug\VideoOS.Common.SharedTimeProfile.UnitTests.dll" adapterTypeName="executor://mstestadapter/v1" className="VideoOS.Common.SharedTimeProfile.UnitTests.GPSCoordinateTest" name="GpsParserTestNullString" />
    </UnitTest>
    <UnitTest name="GetAppointmentsTestSummerTime2" storage="d:\actions-runner\_work\xpco\xpco\common\sharedtimeprofile\videoos.common.sharedtimeprofile.unittests\bin\debug\videoos.common.sharedtimeprofile.unittests.dll" id="5619b6b3-7e56-044d-742e-cd9f12bf8e99">
      <Execution id="d61aa44b-b599-44d2-ab9a-b3b4ce2bdda8" />
      <TestMethod codeBase="D:\actions-runner\_work\XPCO\XPCO\Common\SharedTimeProfile\VideoOS.Common.SharedTimeProfile.UnitTests\bin\Debug\VideoOS.Common.SharedTimeProfile.UnitTests.dll" adapterTypeName="executor://mstestadapter/v1" className="VideoOS.Common.SharedTimeProfile.UnitTests.TimeProfileSunClockEvaluatorTest" name="GetAppointmentsTestSummerTime2" />
    </UnitTest>
    <UnitTest name="GetAppointmentsRecurringMonthlyFirstDayInfragisticVersionTest" storage="d:\actions-runner\_work\xpco\xpco\common\sharedtimeprofile\videoos.common.sharedtimeprofile.unittests\bin\debug\videoos.common.sharedtimeprofile.unittests.dll" id="f768655d-e560-cf1c-0478-327d95aa7a3a">
      <Execution id="f68fc821-adc9-4cfb-9dc3-7480b672801f" />
      <TestMethod codeBase="D:\actions-runner\_work\XPCO\XPCO\Common\SharedTimeProfile\VideoOS.Common.SharedTimeProfile.UnitTests\bin\Debug\VideoOS.Common.SharedTimeProfile.UnitTests.dll" adapterTypeName="executor://mstestadapter/v1" className="VideoOS.Common.SharedTimeProfile.UnitTests.TimeProfileInfragisticEvaluatorTest" name="GetAppointmentsRecurringMonthlyFirstDayInfragisticVersionTest" />
    </UnitTest>
    <UnitTest name="GetAppointmentsRecurringDaily2DaysTest" storage="d:\actions-runner\_work\xpco\xpco\common\sharedtimeprofile\videoos.common.sharedtimeprofile.unittests\bin\debug\videoos.common.sharedtimeprofile.unittests.dll" id="e86a76e3-51a7-8d8c-c786-95d81b3a165c">
      <Execution id="64b513fa-b954-48dd-a62f-ffe1f3ab5890" />
      <TestMethod codeBase="D:\actions-runner\_work\XPCO\XPCO\Common\SharedTimeProfile\VideoOS.Common.SharedTimeProfile.UnitTests\bin\Debug\VideoOS.Common.SharedTimeProfile.UnitTests.dll" adapterTypeName="executor://mstestadapter/v1" className="VideoOS.Common.SharedTimeProfile.UnitTests.TimeProfileInfragisticEvaluatorTest" name="GetAppointmentsRecurringDaily2DaysTest" />
    </UnitTest>
    <UnitTest name="CalculateSunriseSunsetWilliamTestSanJuan21JunSunset" storage="d:\actions-runner\_work\xpco\xpco\common\sharedtimeprofile\videoos.common.sharedtimeprofile.unittests\bin\debug\videoos.common.sharedtimeprofile.unittests.dll" id="b2920d6b-d9b3-61de-a213-a96890386b12">
      <Execution id="94c9827f-dfab-4bb7-a11b-1cda821943b4" />
      <TestMethod codeBase="D:\actions-runner\_work\XPCO\XPCO\Common\SharedTimeProfile\VideoOS.Common.SharedTimeProfile.UnitTests\bin\Debug\VideoOS.Common.SharedTimeProfile.UnitTests.dll" adapterTypeName="executor://mstestadapter/v1" className="VideoOS.Common.SharedTimeProfile.UnitTests.TimeProfileSunClockEvaluatorTest" name="CalculateSunriseSunsetWilliamTestSanJuan21JunSunset" />
    </UnitTest>
    <UnitTest name="CalculateSunriseSunsetWilliamTestSydney21DecSunset" storage="d:\actions-runner\_work\xpco\xpco\common\sharedtimeprofile\videoos.common.sharedtimeprofile.unittests\bin\debug\videoos.common.sharedtimeprofile.unittests.dll" id="0932dd06-37dd-cbf8-4b21-ca18fbf53d3c">
      <Execution id="09c54755-ad6f-469e-b34a-7f44d81699be" />
      <TestMethod codeBase="D:\actions-runner\_work\XPCO\XPCO\Common\SharedTimeProfile\VideoOS.Common.SharedTimeProfile.UnitTests\bin\Debug\VideoOS.Common.SharedTimeProfile.UnitTests.dll" adapterTypeName="executor://mstestadapter/v1" className="VideoOS.Common.SharedTimeProfile.UnitTests.TimeProfileSunClockEvaluatorTest" name="CalculateSunriseSunsetWilliamTestSydney21DecSunset" />
    </UnitTest>
    <UnitTest name="GetAppointmentsRecurringDailyWeekdaysTest" storage="d:\actions-runner\_work\xpco\xpco\common\sharedtimeprofile\videoos.common.sharedtimeprofile.unittests\bin\debug\videoos.common.sharedtimeprofile.unittests.dll" id="f68abf65-1ef0-ed7d-f1bb-af47e32c4e9f">
      <Execution id="e44a80cf-970a-4aec-b03a-cdbef50857b1" />
      <TestMethod codeBase="D:\actions-runner\_work\XPCO\XPCO\Common\SharedTimeProfile\VideoOS.Common.SharedTimeProfile.UnitTests\bin\Debug\VideoOS.Common.SharedTimeProfile.UnitTests.dll" adapterTypeName="executor://mstestadapter/v1" className="VideoOS.Common.SharedTimeProfile.UnitTests.TimeProfileInfragisticEvaluatorTest" name="GetAppointmentsRecurringDailyWeekdaysTest" />
    </UnitTest>
    <UnitTest name="CalculateSunriseSunsetWilliamTestArctic21DecSunrise" storage="d:\actions-runner\_work\xpco\xpco\common\sharedtimeprofile\videoos.common.sharedtimeprofile.unittests\bin\debug\videoos.common.sharedtimeprofile.unittests.dll" id="0ae4ccda-60de-eaff-238c-649127e3416c">
      <Execution id="cf5bff64-b28b-4e03-a316-aacb0d7fdf30" />
      <TestMethod codeBase="D:\actions-runner\_work\XPCO\XPCO\Common\SharedTimeProfile\VideoOS.Common.SharedTimeProfile.UnitTests\bin\Debug\VideoOS.Common.SharedTimeProfile.UnitTests.dll" adapterTypeName="executor://mstestadapter/v1" className="VideoOS.Common.SharedTimeProfile.UnitTests.TimeProfileSunClockEvaluatorTest" name="CalculateSunriseSunsetWilliamTestArctic21DecSunrise" />
    </UnitTest>
    <UnitTest name="FromXmlTestDefaultUTCNotFound" storage="d:\actions-runner\_work\xpco\xpco\common\sharedtimeprofile\videoos.common.sharedtimeprofile.unittests\bin\debug\videoos.common.sharedtimeprofile.unittests.dll" id="ba77a908-e4de-cacf-9801-e9cce1ff6a5a">
      <Execution id="28ed86af-2f8b-4f05-bde6-e386ebfb1dfb" />
      <TestMethod codeBase="D:\actions-runner\_work\XPCO\XPCO\Common\SharedTimeProfile\VideoOS.Common.SharedTimeProfile.UnitTests\bin\Debug\VideoOS.Common.SharedTimeProfile.UnitTests.dll" adapterTypeName="executor://mstestadapter/v1" className="VideoOS.Common.SharedTimeProfile.UnitTests.TimeProfileSunClockDefinitionTest" name="FromXmlTestDefaultUTCNotFound" />
    </UnitTest>
    <UnitTest name="GetAppointmentsTestCopenhagen21JunPlus10TimeZone" storage="d:\actions-runner\_work\xpco\xpco\common\sharedtimeprofile\videoos.common.sharedtimeprofile.unittests\bin\debug\videoos.common.sharedtimeprofile.unittests.dll" id="ae550c5b-f7bd-f702-2ff9-d392e5702cfa">
      <Execution id="02c404d1-6c66-4851-84de-63c27ed71bb1" />
      <TestMethod codeBase="D:\actions-runner\_work\XPCO\XPCO\Common\SharedTimeProfile\VideoOS.Common.SharedTimeProfile.UnitTests\bin\Debug\VideoOS.Common.SharedTimeProfile.UnitTests.dll" adapterTypeName="executor://mstestadapter/v1" className="VideoOS.Common.SharedTimeProfile.UnitTests.TimeProfileSunClockEvaluatorTest" name="GetAppointmentsTestCopenhagen21JunPlus10TimeZone" />
    </UnitTest>
    <UnitTest name="CalculateSunriseSunsetWilliamTestSydney21JunSunset" storage="d:\actions-runner\_work\xpco\xpco\common\sharedtimeprofile\videoos.common.sharedtimeprofile.unittests\bin\debug\videoos.common.sharedtimeprofile.unittests.dll" id="2ad32eb2-eddd-19f8-2d22-c5a7966a02a2">
      <Execution id="97d88bec-a73d-425c-8e50-62176be8f4e0" />
      <TestMethod codeBase="D:\actions-runner\_work\XPCO\XPCO\Common\SharedTimeProfile\VideoOS.Common.SharedTimeProfile.UnitTests\bin\Debug\VideoOS.Common.SharedTimeProfile.UnitTests.dll" adapterTypeName="executor://mstestadapter/v1" className="VideoOS.Common.SharedTimeProfile.UnitTests.TimeProfileSunClockEvaluatorTest" name="CalculateSunriseSunsetWilliamTestSydney21JunSunset" />
    </UnitTest>
    <UnitTest name="TimeProfileInfragisticEvaluator63Constructor6Test" storage="d:\actions-runner\_work\xpco\xpco\common\sharedtimeprofile\videoos.common.sharedtimeprofile.unittests\bin\debug\videoos.common.sharedtimeprofile.unittests.dll" id="69557ab7-ccbd-e32c-c07c-1d6d2ced4f3a">
      <Execution id="d2e9adfa-9222-48b5-bada-8fde2fb340aa" />
      <TestMethod codeBase="D:\actions-runner\_work\XPCO\XPCO\Common\SharedTimeProfile\VideoOS.Common.SharedTimeProfile.UnitTests\bin\Debug\VideoOS.Common.SharedTimeProfile.UnitTests.dll" adapterTypeName="executor://mstestadapter/v1" className="VideoOS.Common.SharedTimeProfile.UnitTests.TimeProfileInfragisticEvaluatorTest" name="TimeProfileInfragisticEvaluator63Constructor6Test" />
    </UnitTest>
    <UnitTest name="GetAppointmentsRecurring2ndWeekdaysInfragisticVersionTest" storage="d:\actions-runner\_work\xpco\xpco\common\sharedtimeprofile\videoos.common.sharedtimeprofile.unittests\bin\debug\videoos.common.sharedtimeprofile.unittests.dll" id="a51cbd57-1925-353a-dd73-c4cad57c901a">
      <Execution id="825a2f18-73ad-4fda-8589-6655ed7ac6d7" />
      <TestMethod codeBase="D:\actions-runner\_work\XPCO\XPCO\Common\SharedTimeProfile\VideoOS.Common.SharedTimeProfile.UnitTests\bin\Debug\VideoOS.Common.SharedTimeProfile.UnitTests.dll" adapterTypeName="executor://mstestadapter/v1" className="VideoOS.Common.SharedTimeProfile.UnitTests.TimeProfileInfragisticEvaluatorTest" name="GetAppointmentsRecurring2ndWeekdaysInfragisticVersionTest" />
    </UnitTest>
    <UnitTest name="GpsParserTestMissingBlockSeparator" storage="d:\actions-runner\_work\xpco\xpco\common\sharedtimeprofile\videoos.common.sharedtimeprofile.unittests\bin\debug\videoos.common.sharedtimeprofile.unittests.dll" id="2c9adc59-410d-16bf-1be1-4e4633030c53">
      <Execution id="d39da190-f228-4d72-8bd4-54eb89a22433" />
      <TestMethod codeBase="D:\actions-runner\_work\XPCO\XPCO\Common\SharedTimeProfile\VideoOS.Common.SharedTimeProfile.UnitTests\bin\Debug\VideoOS.Common.SharedTimeProfile.UnitTests.dll" adapterTypeName="executor://mstestadapter/v1" className="VideoOS.Common.SharedTimeProfile.UnitTests.GPSCoordinateTest" name="GpsParserTestMissingBlockSeparator" />
    </UnitTest>
    <UnitTest name="TimeProfileInfragisticEvaluator63Constructor1Test" storage="d:\actions-runner\_work\xpco\xpco\common\sharedtimeprofile\videoos.common.sharedtimeprofile.unittests\bin\debug\videoos.common.sharedtimeprofile.unittests.dll" id="c93085ac-e401-6950-cfae-87b809c9ef9a">
      <Execution id="de08798d-b31e-45fd-9463-e804182a412b" />
      <TestMethod codeBase="D:\actions-runner\_work\XPCO\XPCO\Common\SharedTimeProfile\VideoOS.Common.SharedTimeProfile.UnitTests\bin\Debug\VideoOS.Common.SharedTimeProfile.UnitTests.dll" adapterTypeName="executor://mstestadapter/v1" className="VideoOS.Common.SharedTimeProfile.UnitTests.TimeProfileInfragisticEvaluatorTest" name="TimeProfileInfragisticEvaluator63Constructor1Test" />
    </UnitTest>
    <UnitTest name="GpsParserTestInvalidNoOfDirectionSpecifiers2" storage="d:\actions-runner\_work\xpco\xpco\common\sharedtimeprofile\videoos.common.sharedtimeprofile.unittests\bin\debug\videoos.common.sharedtimeprofile.unittests.dll" id="2c2466a8-3de5-f6f3-9092-f67be1356dbe">
      <Execution id="78afa026-16c1-4581-8dd3-9c3552c489c2" />
      <TestMethod codeBase="D:\actions-runner\_work\XPCO\XPCO\Common\SharedTimeProfile\VideoOS.Common.SharedTimeProfile.UnitTests\bin\Debug\VideoOS.Common.SharedTimeProfile.UnitTests.dll" adapterTypeName="executor://mstestadapter/v1" className="VideoOS.Common.SharedTimeProfile.UnitTests.GPSCoordinateTest" name="GpsParserTestInvalidNoOfDirectionSpecifiers2" />
    </UnitTest>
    <UnitTest name="GetAppointmentsRecurring10OccurencesInfragisticVersionTest" storage="d:\actions-runner\_work\xpco\xpco\common\sharedtimeprofile\videoos.common.sharedtimeprofile.unittests\bin\debug\videoos.common.sharedtimeprofile.unittests.dll" id="644481c0-78c7-6bd5-44b5-a1c2cff1b999">
      <Execution id="2b70cc3f-014b-4811-a9f0-a7e998900ccc" />
      <TestMethod codeBase="D:\actions-runner\_work\XPCO\XPCO\Common\SharedTimeProfile\VideoOS.Common.SharedTimeProfile.UnitTests\bin\Debug\VideoOS.Common.SharedTimeProfile.UnitTests.dll" adapterTypeName="executor://mstestadapter/v1" className="VideoOS.Common.SharedTimeProfile.UnitTests.TimeProfileInfragisticEvaluatorTest" name="GetAppointmentsRecurring10OccurencesInfragisticVersionTest" />
    </UnitTest>
    <UnitTest name="GetAppointmentsRecurringDailyWeekdaysInfragisticVersionTest" storage="d:\actions-runner\_work\xpco\xpco\common\sharedtimeprofile\videoos.common.sharedtimeprofile.unittests\bin\debug\videoos.common.sharedtimeprofile.unittests.dll" id="8f9967e6-3eeb-c5e7-a086-55a0f4482e7c">
      <Execution id="1b8049d0-02f5-4596-ac5f-a454549a8602" />
      <TestMethod codeBase="D:\actions-runner\_work\XPCO\XPCO\Common\SharedTimeProfile\VideoOS.Common.SharedTimeProfile.UnitTests\bin\Debug\VideoOS.Common.SharedTimeProfile.UnitTests.dll" adapterTypeName="executor://mstestadapter/v1" className="VideoOS.Common.SharedTimeProfile.UnitTests.TimeProfileInfragisticEvaluatorTest" name="GetAppointmentsRecurringDailyWeekdaysInfragisticVersionTest" />
    </UnitTest>
    <UnitTest name="CalculateSunriseSunsetWilliamTestSanJuan21DecSunset" storage="d:\actions-runner\_work\xpco\xpco\common\sharedtimeprofile\videoos.common.sharedtimeprofile.unittests\bin\debug\videoos.common.sharedtimeprofile.unittests.dll" id="931d3e27-f7ff-f407-f1e0-86d13eac74fd">
      <Execution id="68ac3e05-3df9-4bc7-ba3c-02bca5f24bac" />
      <TestMethod codeBase="D:\actions-runner\_work\XPCO\XPCO\Common\SharedTimeProfile\VideoOS.Common.SharedTimeProfile.UnitTests\bin\Debug\VideoOS.Common.SharedTimeProfile.UnitTests.dll" adapterTypeName="executor://mstestadapter/v1" className="VideoOS.Common.SharedTimeProfile.UnitTests.TimeProfileSunClockEvaluatorTest" name="CalculateSunriseSunsetWilliamTestSanJuan21DecSunset" />
    </UnitTest>
    <UnitTest name="GpsParserTestInvalidLongitudeDirection" storage="d:\actions-runner\_work\xpco\xpco\common\sharedtimeprofile\videoos.common.sharedtimeprofile.unittests\bin\debug\videoos.common.sharedtimeprofile.unittests.dll" id="da566e6d-d594-ecb1-8dcb-aea07d997e20">
      <Execution id="8a0a8197-7ae1-408a-9a32-7fbfb239e24d" />
      <TestMethod codeBase="D:\actions-runner\_work\XPCO\XPCO\Common\SharedTimeProfile\VideoOS.Common.SharedTimeProfile.UnitTests\bin\Debug\VideoOS.Common.SharedTimeProfile.UnitTests.dll" adapterTypeName="executor://mstestadapter/v1" className="VideoOS.Common.SharedTimeProfile.UnitTests.GPSCoordinateTest" name="GpsParserTestInvalidLongitudeDirection" />
    </UnitTest>
    <UnitTest name="EvaluateTimeTestSunClockSummerTime1" storage="d:\actions-runner\_work\xpco\xpco\common\sharedtimeprofile\videoos.common.sharedtimeprofile.unittests\bin\debug\videoos.common.sharedtimeprofile.unittests.dll" id="77183aca-d4e0-b0fd-f20c-a8c28abd842c">
      <Execution id="a62fb8e1-6770-4578-8222-f9343cace590" />
      <TestMethod codeBase="D:\actions-runner\_work\XPCO\XPCO\Common\SharedTimeProfile\VideoOS.Common.SharedTimeProfile.UnitTests\bin\Debug\VideoOS.Common.SharedTimeProfile.UnitTests.dll" adapterTypeName="executor://mstestadapter/v1" className="VideoOS.Common.SharedTimeProfile.UnitTests.TimeProfileEvaluatorTest" name="EvaluateTimeTestSunClockSummerTime1" />
    </UnitTest>
    <UnitTest name="GetAppointmentsRecurringYearlyFirstMondayMartsInfragisticVersionTest" storage="d:\actions-runner\_work\xpco\xpco\common\sharedtimeprofile\videoos.common.sharedtimeprofile.unittests\bin\debug\videoos.common.sharedtimeprofile.unittests.dll" id="56db8e45-e246-6a46-f4a8-4cf26efa7827">
      <Execution id="e046f187-9b96-494b-a961-f041d99d99b1" />
      <TestMethod codeBase="D:\actions-runner\_work\XPCO\XPCO\Common\SharedTimeProfile\VideoOS.Common.SharedTimeProfile.UnitTests\bin\Debug\VideoOS.Common.SharedTimeProfile.UnitTests.dll" adapterTypeName="executor://mstestadapter/v1" className="VideoOS.Common.SharedTimeProfile.UnitTests.TimeProfileInfragisticEvaluatorTest" name="GetAppointmentsRecurringYearlyFirstMondayMartsInfragisticVersionTest" />
    </UnitTest>
    <UnitTest name="CalculateSunriseSunsetWilliamTestAntarctica21DecSunset" storage="d:\actions-runner\_work\xpco\xpco\common\sharedtimeprofile\videoos.common.sharedtimeprofile.unittests\bin\debug\videoos.common.sharedtimeprofile.unittests.dll" id="504f8500-ec7f-7c0b-7f98-6a70fc54fd62">
      <Execution id="496edf19-e504-43c6-8dd3-78bab7d438eb" />
      <TestMethod codeBase="D:\actions-runner\_work\XPCO\XPCO\Common\SharedTimeProfile\VideoOS.Common.SharedTimeProfile.UnitTests\bin\Debug\VideoOS.Common.SharedTimeProfile.UnitTests.dll" adapterTypeName="executor://mstestadapter/v1" className="VideoOS.Common.SharedTimeProfile.UnitTests.TimeProfileSunClockEvaluatorTest" name="CalculateSunriseSunsetWilliamTestAntarctica21DecSunset" />
    </UnitTest>
    <UnitTest name="GetAppointmentsSingleInfragisticVersionTest" storage="d:\actions-runner\_work\xpco\xpco\common\sharedtimeprofile\videoos.common.sharedtimeprofile.unittests\bin\debug\videoos.common.sharedtimeprofile.unittests.dll" id="688220d4-b673-5a11-7184-454abd4b64be">
      <Execution id="2111cfc5-bb90-49b4-848f-5fc3b869a297" />
      <TestMethod codeBase="D:\actions-runner\_work\XPCO\XPCO\Common\SharedTimeProfile\VideoOS.Common.SharedTimeProfile.UnitTests\bin\Debug\VideoOS.Common.SharedTimeProfile.UnitTests.dll" adapterTypeName="executor://mstestadapter/v1" className="VideoOS.Common.SharedTimeProfile.UnitTests.TimeProfileInfragisticEvaluatorTest" name="GetAppointmentsSingleInfragisticVersionTest" />
    </UnitTest>
    <UnitTest name="GpsParserTestEmptyString" storage="d:\actions-runner\_work\xpco\xpco\common\sharedtimeprofile\videoos.common.sharedtimeprofile.unittests\bin\debug\videoos.common.sharedtimeprofile.unittests.dll" id="bff2154c-e34b-8b76-7f48-f60d9e79b6c3">
      <Execution id="d8aacc35-ea16-4ef2-b4c2-e8d2cd92e5a1" />
      <TestMethod codeBase="D:\actions-runner\_work\XPCO\XPCO\Common\SharedTimeProfile\VideoOS.Common.SharedTimeProfile.UnitTests\bin\Debug\VideoOS.Common.SharedTimeProfile.UnitTests.dll" adapterTypeName="executor://mstestadapter/v1" className="VideoOS.Common.SharedTimeProfile.UnitTests.GPSCoordinateTest" name="GpsParserTestEmptyString" />
    </UnitTest>
    <UnitTest name="TimeProfileEvaluatorConstructorTestInfragisticsInvalidXml" storage="d:\actions-runner\_work\xpco\xpco\common\sharedtimeprofile\videoos.common.sharedtimeprofile.unittests\bin\debug\videoos.common.sharedtimeprofile.unittests.dll" id="d462790a-af39-260a-234c-3482f909c1ca">
      <Execution id="182b6fd2-37c4-42ad-8ff1-a182a58a70f9" />
      <TestMethod codeBase="D:\actions-runner\_work\XPCO\XPCO\Common\SharedTimeProfile\VideoOS.Common.SharedTimeProfile.UnitTests\bin\Debug\VideoOS.Common.SharedTimeProfile.UnitTests.dll" adapterTypeName="executor://mstestadapter/v1" className="VideoOS.Common.SharedTimeProfile.UnitTests.TimeProfileEvaluatorTest" name="TimeProfileEvaluatorConstructorTestInfragisticsInvalidXml" />
    </UnitTest>
    <UnitTest name="SunRiseOffsetOutOfRange1Test" storage="d:\actions-runner\_work\xpco\xpco\common\sharedtimeprofile\videoos.common.sharedtimeprofile.unittests\bin\debug\videoos.common.sharedtimeprofile.unittests.dll" id="02de3c6e-6892-a8e6-d0ca-e5a0fcdcccbb">
      <Execution id="62de1cd6-b9b2-4117-a904-3066b000361e" />
      <TestMethod codeBase="D:\actions-runner\_work\XPCO\XPCO\Common\SharedTimeProfile\VideoOS.Common.SharedTimeProfile.UnitTests\bin\Debug\VideoOS.Common.SharedTimeProfile.UnitTests.dll" adapterTypeName="executor://mstestadapter/v1" className="VideoOS.Common.SharedTimeProfile.UnitTests.TimeProfileSunClockDefinitionTest" name="SunRiseOffsetOutOfRange1Test" />
    </UnitTest>
    <UnitTest name="FromXmlTest" storage="d:\actions-runner\_work\xpco\xpco\common\sharedtimeprofile\videoos.common.sharedtimeprofile.unittests\bin\debug\videoos.common.sharedtimeprofile.unittests.dll" id="03cc54ec-4d44-ae6f-7f2b-44d8170c3ea1">
      <Execution id="e7149f16-c8bb-4bd4-bfa8-781ddaf9dbc9" />
      <TestMethod codeBase="D:\actions-runner\_work\XPCO\XPCO\Common\SharedTimeProfile\VideoOS.Common.SharedTimeProfile.UnitTests\bin\Debug\VideoOS.Common.SharedTimeProfile.UnitTests.dll" adapterTypeName="executor://mstestadapter/v1" className="VideoOS.Common.SharedTimeProfile.UnitTests.TimeProfileSunClockDefinitionTest" name="FromXmlTest" />
    </UnitTest>
    <UnitTest name="GpsParserTest3_3Blocks" storage="d:\actions-runner\_work\xpco\xpco\common\sharedtimeprofile\videoos.common.sharedtimeprofile.unittests\bin\debug\videoos.common.sharedtimeprofile.unittests.dll" id="857ba51e-9ff6-a26c-445b-7c9d14018eb3">
      <Execution id="e1955d48-864c-49c8-9c58-921e8c34cf4e" />
      <TestMethod codeBase="D:\actions-runner\_work\XPCO\XPCO\Common\SharedTimeProfile\VideoOS.Common.SharedTimeProfile.UnitTests\bin\Debug\VideoOS.Common.SharedTimeProfile.UnitTests.dll" adapterTypeName="executor://mstestadapter/v1" className="VideoOS.Common.SharedTimeProfile.UnitTests.GPSCoordinateTest" name="GpsParserTest3_3Blocks" />
    </UnitTest>
    <UnitTest name="GetAppointmentsOverlappingTimesTest" storage="d:\actions-runner\_work\xpco\xpco\common\sharedtimeprofile\videoos.common.sharedtimeprofile.unittests\bin\debug\videoos.common.sharedtimeprofile.unittests.dll" id="e646f181-c971-92b4-35d5-32538d557030">
      <Execution id="df6a0645-575a-4a47-a828-f5da1695eedc" />
      <TestMethod codeBase="D:\actions-runner\_work\XPCO\XPCO\Common\SharedTimeProfile\VideoOS.Common.SharedTimeProfile.UnitTests\bin\Debug\VideoOS.Common.SharedTimeProfile.UnitTests.dll" adapterTypeName="executor://mstestadapter/v1" className="VideoOS.Common.SharedTimeProfile.UnitTests.TimeProfileInfragisticEvaluatorTest" name="GetAppointmentsOverlappingTimesTest" />
    </UnitTest>
    <UnitTest name="CalculateSunriseSunsetWilliamTestArctic23SeptemberSunset" storage="d:\actions-runner\_work\xpco\xpco\common\sharedtimeprofile\videoos.common.sharedtimeprofile.unittests\bin\debug\videoos.common.sharedtimeprofile.unittests.dll" id="0e0273a8-e168-3437-653c-b4f4dee5d773">
      <Execution id="b6391d7f-d474-4b97-88d7-3af940ed7fc0" />
      <TestMethod codeBase="D:\actions-runner\_work\XPCO\XPCO\Common\SharedTimeProfile\VideoOS.Common.SharedTimeProfile.UnitTests\bin\Debug\VideoOS.Common.SharedTimeProfile.UnitTests.dll" adapterTypeName="executor://mstestadapter/v1" className="VideoOS.Common.SharedTimeProfile.UnitTests.TimeProfileSunClockEvaluatorTest" name="CalculateSunriseSunsetWilliamTestArctic23SeptemberSunset" />
    </UnitTest>
    <UnitTest name="GpsParserTestInvalidGpsDirection1" storage="d:\actions-runner\_work\xpco\xpco\common\sharedtimeprofile\videoos.common.sharedtimeprofile.unittests\bin\debug\videoos.common.sharedtimeprofile.unittests.dll" id="1b5485f2-7291-34f1-d7dd-0a5405d813c0">
      <Execution id="94e33746-b6d7-4b01-adce-9290a697f6f5" />
      <TestMethod codeBase="D:\actions-runner\_work\XPCO\XPCO\Common\SharedTimeProfile\VideoOS.Common.SharedTimeProfile.UnitTests\bin\Debug\VideoOS.Common.SharedTimeProfile.UnitTests.dll" adapterTypeName="executor://mstestadapter/v1" className="VideoOS.Common.SharedTimeProfile.UnitTests.GPSCoordinateTest" name="GpsParserTestInvalidGpsDirection1" />
    </UnitTest>
    <UnitTest name="TimeProfileSunClockDefinitionConstructor1NoFormatExceptionTest" storage="d:\actions-runner\_work\xpco\xpco\common\sharedtimeprofile\videoos.common.sharedtimeprofile.unittests\bin\debug\videoos.common.sharedtimeprofile.unittests.dll" id="8fc42727-c160-5c09-30bf-69bd9d436bc6">
      <Execution id="4d56d8ba-3467-4d6a-b4fd-1d9d860fe64c" />
      <TestMethod codeBase="D:\actions-runner\_work\XPCO\XPCO\Common\SharedTimeProfile\VideoOS.Common.SharedTimeProfile.UnitTests\bin\Debug\VideoOS.Common.SharedTimeProfile.UnitTests.dll" adapterTypeName="executor://mstestadapter/v1" className="VideoOS.Common.SharedTimeProfile.UnitTests.TimeProfileSunClockDefinitionTest" name="TimeProfileSunClockDefinitionConstructor1NoFormatExceptionTest" />
    </UnitTest>
    <UnitTest name="ConvertGpsValueTestInvalidIndex1" storage="d:\actions-runner\_work\xpco\xpco\common\sharedtimeprofile\videoos.common.sharedtimeprofile.unittests\bin\debug\videoos.common.sharedtimeprofile.unittests.dll" id="f1801d74-06c6-1316-1f86-90e6cb3984eb">
      <Execution id="e74a4921-54ad-46ae-bc46-21910a846920" />
      <TestMethod codeBase="D:\actions-runner\_work\XPCO\XPCO\Common\SharedTimeProfile\VideoOS.Common.SharedTimeProfile.UnitTests\bin\Debug\VideoOS.Common.SharedTimeProfile.UnitTests.dll" adapterTypeName="executor://mstestadapter/v1" className="VideoOS.Common.SharedTimeProfile.UnitTests.GPSCoordinateTest" name="ConvertGpsValueTestInvalidIndex1" />
    </UnitTest>
    <UnitTest name="GpsParserTest3_2Blocks" storage="d:\actions-runner\_work\xpco\xpco\common\sharedtimeprofile\videoos.common.sharedtimeprofile.unittests\bin\debug\videoos.common.sharedtimeprofile.unittests.dll" id="a2298047-ad38-3f2c-2e2e-61151823b658">
      <Execution id="7d52ff05-ad07-4a0f-9656-2763486ecd13" />
      <TestMethod codeBase="D:\actions-runner\_work\XPCO\XPCO\Common\SharedTimeProfile\VideoOS.Common.SharedTimeProfile.UnitTests\bin\Debug\VideoOS.Common.SharedTimeProfile.UnitTests.dll" adapterTypeName="executor://mstestadapter/v1" className="VideoOS.Common.SharedTimeProfile.UnitTests.GPSCoordinateTest" name="GpsParserTest3_2Blocks" />
    </UnitTest>
    <UnitTest name="TimeProfileSunClockDefinitionConstructorOffSetTest" storage="d:\actions-runner\_work\xpco\xpco\common\sharedtimeprofile\videoos.common.sharedtimeprofile.unittests\bin\debug\videoos.common.sharedtimeprofile.unittests.dll" id="8ff63640-5ce1-f894-5a38-7961907f3481">
      <Execution id="e0ce78dd-974c-41e4-8fc4-bff8383d8b5c" />
      <TestMethod codeBase="D:\actions-runner\_work\XPCO\XPCO\Common\SharedTimeProfile\VideoOS.Common.SharedTimeProfile.UnitTests\bin\Debug\VideoOS.Common.SharedTimeProfile.UnitTests.dll" adapterTypeName="executor://mstestadapter/v1" className="VideoOS.Common.SharedTimeProfile.UnitTests.TimeProfileSunClockDefinitionTest" name="TimeProfileSunClockDefinitionConstructorOffSetTest" />
    </UnitTest>
    <UnitTest name="GPSCoordinateConstructorTest" storage="d:\actions-runner\_work\xpco\xpco\common\sharedtimeprofile\videoos.common.sharedtimeprofile.unittests\bin\debug\videoos.common.sharedtimeprofile.unittests.dll" id="d53a0092-ed99-77b9-8371-5139efc287e7">
      <Execution id="350d6c18-8028-4bde-bc90-afd6c2b9c9f0" />
      <TestMethod codeBase="D:\actions-runner\_work\XPCO\XPCO\Common\SharedTimeProfile\VideoOS.Common.SharedTimeProfile.UnitTests\bin\Debug\VideoOS.Common.SharedTimeProfile.UnitTests.dll" adapterTypeName="executor://mstestadapter/v1" className="VideoOS.Common.SharedTimeProfile.UnitTests.GPSCoordinateTest" name="GPSCoordinateConstructorTest" />
    </UnitTest>
    <UnitTest name="TimeProfileEvaluatorConstructorTestSunClock" storage="d:\actions-runner\_work\xpco\xpco\common\sharedtimeprofile\videoos.common.sharedtimeprofile.unittests\bin\debug\videoos.common.sharedtimeprofile.unittests.dll" id="ca149664-fae0-94fd-6818-7554b36a4db0">
      <Execution id="b8391a4d-9044-4fa0-91e0-92e01907332c" />
      <TestMethod codeBase="D:\actions-runner\_work\XPCO\XPCO\Common\SharedTimeProfile\VideoOS.Common.SharedTimeProfile.UnitTests\bin\Debug\VideoOS.Common.SharedTimeProfile.UnitTests.dll" adapterTypeName="executor://mstestadapter/v1" className="VideoOS.Common.SharedTimeProfile.UnitTests.TimeProfileEvaluatorTest" name="TimeProfileEvaluatorConstructorTestSunClock" />
    </UnitTest>
    <UnitTest name="TimeProfileInfragisticEvaluator63Constructor18Test" storage="d:\actions-runner\_work\xpco\xpco\common\sharedtimeprofile\videoos.common.sharedtimeprofile.unittests\bin\debug\videoos.common.sharedtimeprofile.unittests.dll" id="c4719cfb-b0ad-762b-8ee7-099c835d4e2f">
      <Execution id="0291d68f-c096-412c-b599-feede9a5c6c1" />
      <TestMethod codeBase="D:\actions-runner\_work\XPCO\XPCO\Common\SharedTimeProfile\VideoOS.Common.SharedTimeProfile.UnitTests\bin\Debug\VideoOS.Common.SharedTimeProfile.UnitTests.dll" adapterTypeName="executor://mstestadapter/v1" className="VideoOS.Common.SharedTimeProfile.UnitTests.TimeProfileInfragisticEvaluatorTest" name="TimeProfileInfragisticEvaluator63Constructor18Test" />
    </UnitTest>
    <UnitTest name="GetSunriseSunsetAppointmentTestKiruna5DecPlus1TimeZone60MinOffset" storage="d:\actions-runner\_work\xpco\xpco\common\sharedtimeprofile\videoos.common.sharedtimeprofile.unittests\bin\debug\videoos.common.sharedtimeprofile.unittests.dll" id="2be83e57-a85d-63c8-9d8f-5c15b7b024e9">
      <Execution id="d20d9a72-fdf5-47c6-bfea-ff8209151bed" />
      <TestMethod codeBase="D:\actions-runner\_work\XPCO\XPCO\Common\SharedTimeProfile\VideoOS.Common.SharedTimeProfile.UnitTests\bin\Debug\VideoOS.Common.SharedTimeProfile.UnitTests.dll" adapterTypeName="executor://mstestadapter/v1" className="VideoOS.Common.SharedTimeProfile.UnitTests.TimeProfileSunClockEvaluatorTest" name="GetSunriseSunsetAppointmentTestKiruna5DecPlus1TimeZone60MinOffset" />
    </UnitTest>
    <UnitTest name="GpsParserTestLatitudeIsOutOfRange" storage="d:\actions-runner\_work\xpco\xpco\common\sharedtimeprofile\videoos.common.sharedtimeprofile.unittests\bin\debug\videoos.common.sharedtimeprofile.unittests.dll" id="13ffe40a-cea3-a2ca-adf4-03957069cafa">
      <Execution id="b44f1ad8-2c0a-4085-91ba-5a001b8df0f4" />
      <TestMethod codeBase="D:\actions-runner\_work\XPCO\XPCO\Common\SharedTimeProfile\VideoOS.Common.SharedTimeProfile.UnitTests\bin\Debug\VideoOS.Common.SharedTimeProfile.UnitTests.dll" adapterTypeName="executor://mstestadapter/v1" className="VideoOS.Common.SharedTimeProfile.UnitTests.GPSCoordinateTest" name="GpsParserTestLatitudeIsOutOfRange" />
    </UnitTest>
    <UnitTest name="GetAppointmentsRecurringDailyToSpecificDateInfragisticVersionTest" storage="d:\actions-runner\_work\xpco\xpco\common\sharedtimeprofile\videoos.common.sharedtimeprofile.unittests\bin\debug\videoos.common.sharedtimeprofile.unittests.dll" id="00f59221-51f6-5f5f-b900-c8b61388cee5">
      <Execution id="455da686-1cc8-4ba3-883d-eba5ec01cbf1" />
      <TestMethod codeBase="D:\actions-runner\_work\XPCO\XPCO\Common\SharedTimeProfile\VideoOS.Common.SharedTimeProfile.UnitTests\bin\Debug\VideoOS.Common.SharedTimeProfile.UnitTests.dll" adapterTypeName="executor://mstestadapter/v1" className="VideoOS.Common.SharedTimeProfile.UnitTests.TimeProfileInfragisticEvaluatorTest" name="GetAppointmentsRecurringDailyToSpecificDateInfragisticVersionTest" />
    </UnitTest>
    <UnitTest name="FromXmlInvalidXmlTest" storage="d:\actions-runner\_work\xpco\xpco\common\sharedtimeprofile\videoos.common.sharedtimeprofile.unittests\bin\debug\videoos.common.sharedtimeprofile.unittests.dll" id="6166c15b-55d9-393f-83ea-c0906a6b9e18">
      <Execution id="f7eb982b-9d3e-49ea-ac9a-9b7c9ec4f690" />
      <TestMethod codeBase="D:\actions-runner\_work\XPCO\XPCO\Common\SharedTimeProfile\VideoOS.Common.SharedTimeProfile.UnitTests\bin\Debug\VideoOS.Common.SharedTimeProfile.UnitTests.dll" adapterTypeName="executor://mstestadapter/v1" className="VideoOS.Common.SharedTimeProfile.UnitTests.TimeProfileSunClockDefinitionTest" name="FromXmlInvalidXmlTest" />
    </UnitTest>
    <UnitTest name="GetAppointmentsRecurringWeekly2ndWednesdayInfragisticVersionTest" storage="d:\actions-runner\_work\xpco\xpco\common\sharedtimeprofile\videoos.common.sharedtimeprofile.unittests\bin\debug\videoos.common.sharedtimeprofile.unittests.dll" id="3d583b8c-3052-2c98-5d88-4786fdb4dd9e">
      <Execution id="14922921-8c22-426d-ab08-b7fafa53f59b" />
      <TestMethod codeBase="D:\actions-runner\_work\XPCO\XPCO\Common\SharedTimeProfile\VideoOS.Common.SharedTimeProfile.UnitTests\bin\Debug\VideoOS.Common.SharedTimeProfile.UnitTests.dll" adapterTypeName="executor://mstestadapter/v1" className="VideoOS.Common.SharedTimeProfile.UnitTests.TimeProfileInfragisticEvaluatorTest" name="GetAppointmentsRecurringWeekly2ndWednesdayInfragisticVersionTest" />
    </UnitTest>
    <UnitTest name="GetAppointmentsRecurring10OccurencesTest" storage="d:\actions-runner\_work\xpco\xpco\common\sharedtimeprofile\videoos.common.sharedtimeprofile.unittests\bin\debug\videoos.common.sharedtimeprofile.unittests.dll" id="a943d325-007a-3bb4-9ccf-a06205fa90a9">
      <Execution id="3c672198-cccb-4c09-8760-6e0176fd545a" />
      <TestMethod codeBase="D:\actions-runner\_work\XPCO\XPCO\Common\SharedTimeProfile\VideoOS.Common.SharedTimeProfile.UnitTests\bin\Debug\VideoOS.Common.SharedTimeProfile.UnitTests.dll" adapterTypeName="executor://mstestadapter/v1" className="VideoOS.Common.SharedTimeProfile.UnitTests.TimeProfileInfragisticEvaluatorTest" name="GetAppointmentsRecurring10OccurencesTest" />
    </UnitTest>
    <UnitTest name="GpsParserTest3_3BlocksReverseOrder" storage="d:\actions-runner\_work\xpco\xpco\common\sharedtimeprofile\videoos.common.sharedtimeprofile.unittests\bin\debug\videoos.common.sharedtimeprofile.unittests.dll" id="dd838699-a1f2-0a33-8f2b-c306d2629eb9">
      <Execution id="845f42cb-1e1c-49fe-bdec-0964cdb1d033" />
      <TestMethod codeBase="D:\actions-runner\_work\XPCO\XPCO\Common\SharedTimeProfile\VideoOS.Common.SharedTimeProfile.UnitTests\bin\Debug\VideoOS.Common.SharedTimeProfile.UnitTests.dll" adapterTypeName="executor://mstestadapter/v1" className="VideoOS.Common.SharedTimeProfile.UnitTests.GPSCoordinateTest" name="GpsParserTest3_3BlocksReverseOrder" />
    </UnitTest>
    <UnitTest name="ToXmlTest" storage="d:\actions-runner\_work\xpco\xpco\common\sharedtimeprofile\videoos.common.sharedtimeprofile.unittests\bin\debug\videoos.common.sharedtimeprofile.unittests.dll" id="36e6b174-be9c-dffd-c6db-8a38a2faa3a1">
      <Execution id="83986007-f382-40d5-aff6-435f76e745e5" />
      <TestMethod codeBase="D:\actions-runner\_work\XPCO\XPCO\Common\SharedTimeProfile\VideoOS.Common.SharedTimeProfile.UnitTests\bin\Debug\VideoOS.Common.SharedTimeProfile.UnitTests.dll" adapterTypeName="executor://mstestadapter/v1" className="VideoOS.Common.SharedTimeProfile.UnitTests.TimeProfileSunClockDefinitionTest" name="ToXmlTest" />
    </UnitTest>
    <UnitTest name="GPSCoordinateTest" storage="d:\actions-runner\_work\xpco\xpco\common\sharedtimeprofile\videoos.common.sharedtimeprofile.unittests\bin\debug\videoos.common.sharedtimeprofile.unittests.dll" id="33d933fd-9227-88df-fcf7-0ef9e4cf3b99">
      <Execution id="e314b221-b04b-484e-a5cf-caa1856bdc8c" />
      <TestMethod codeBase="D:\actions-runner\_work\XPCO\XPCO\Common\SharedTimeProfile\VideoOS.Common.SharedTimeProfile.UnitTests\bin\Debug\VideoOS.Common.SharedTimeProfile.UnitTests.dll" adapterTypeName="executor://mstestadapter/v1" className="VideoOS.Common.SharedTimeProfile.UnitTests.TimeProfileSunClockDefinitionTest" name="GPSCoordinateTest" />
    </UnitTest>
    <UnitTest name="TimeProfileInfragisticEvaluator63Constructor2Test" storage="d:\actions-runner\_work\xpco\xpco\common\sharedtimeprofile\videoos.common.sharedtimeprofile.unittests\bin\debug\videoos.common.sharedtimeprofile.unittests.dll" id="bf3aa406-9cb4-3d98-6cb2-b22a7ae2119b">
      <Execution id="f810df26-30e5-403b-b027-5564a8551794" />
      <TestMethod codeBase="D:\actions-runner\_work\XPCO\XPCO\Common\SharedTimeProfile\VideoOS.Common.SharedTimeProfile.UnitTests\bin\Debug\VideoOS.Common.SharedTimeProfile.UnitTests.dll" adapterTypeName="executor://mstestadapter/v1" className="VideoOS.Common.SharedTimeProfile.UnitTests.TimeProfileInfragisticEvaluatorTest" name="TimeProfileInfragisticEvaluator63Constructor2Test" />
    </UnitTest>
    <UnitTest name="CalculateSunriseSunsetWilliamTestArctic20MarchSunset" storage="d:\actions-runner\_work\xpco\xpco\common\sharedtimeprofile\videoos.common.sharedtimeprofile.unittests\bin\debug\videoos.common.sharedtimeprofile.unittests.dll" id="152a952f-85d5-6564-426f-62013f00e678">
      <Execution id="c227e44e-9df3-4394-90bd-437ac46e30b1" />
      <TestMethod codeBase="D:\actions-runner\_work\XPCO\XPCO\Common\SharedTimeProfile\VideoOS.Common.SharedTimeProfile.UnitTests\bin\Debug\VideoOS.Common.SharedTimeProfile.UnitTests.dll" adapterTypeName="executor://mstestadapter/v1" className="VideoOS.Common.SharedTimeProfile.UnitTests.TimeProfileSunClockEvaluatorTest" name="CalculateSunriseSunsetWilliamTestArctic20MarchSunset" />
    </UnitTest>
    <UnitTest name="CalculateSunriseSunsetWilliamTestCopenhagen21JunSunrise" storage="d:\actions-runner\_work\xpco\xpco\common\sharedtimeprofile\videoos.common.sharedtimeprofile.unittests\bin\debug\videoos.common.sharedtimeprofile.unittests.dll" id="0941949c-0b5a-3521-9694-230cd0dfcd16">
      <Execution id="606afa71-8ad8-4e96-8152-87889ba8ef4b" />
      <TestMethod codeBase="D:\actions-runner\_work\XPCO\XPCO\Common\SharedTimeProfile\VideoOS.Common.SharedTimeProfile.UnitTests\bin\Debug\VideoOS.Common.SharedTimeProfile.UnitTests.dll" adapterTypeName="executor://mstestadapter/v1" className="VideoOS.Common.SharedTimeProfile.UnitTests.TimeProfileSunClockEvaluatorTest" name="CalculateSunriseSunsetWilliamTestCopenhagen21JunSunrise" />
    </UnitTest>
    <UnitTest name="GetSunriseSunsetAppointmentTestSidney21DecMinus10TimeZone" storage="d:\actions-runner\_work\xpco\xpco\common\sharedtimeprofile\videoos.common.sharedtimeprofile.unittests\bin\debug\videoos.common.sharedtimeprofile.unittests.dll" id="4fdc10be-3946-2b6f-4977-7db4ef99fc1d">
      <Execution id="129ee9be-82d0-45e9-b140-5cb1122a4d53" />
      <TestMethod codeBase="D:\actions-runner\_work\XPCO\XPCO\Common\SharedTimeProfile\VideoOS.Common.SharedTimeProfile.UnitTests\bin\Debug\VideoOS.Common.SharedTimeProfile.UnitTests.dll" adapterTypeName="executor://mstestadapter/v1" className="VideoOS.Common.SharedTimeProfile.UnitTests.TimeProfileSunClockEvaluatorTest" name="GetSunriseSunsetAppointmentTestSidney21DecMinus10TimeZone" />
    </UnitTest>
    <UnitTest name="CalculateSunriseSunsetWilliamTestCopenhagen21JunSunset" storage="d:\actions-runner\_work\xpco\xpco\common\sharedtimeprofile\videoos.common.sharedtimeprofile.unittests\bin\debug\videoos.common.sharedtimeprofile.unittests.dll" id="16a7326e-0570-63b7-0715-882e63e3e14a">
      <Execution id="a69b1593-eb14-4c9b-95f9-5643409ab8da" />
      <TestMethod codeBase="D:\actions-runner\_work\XPCO\XPCO\Common\SharedTimeProfile\VideoOS.Common.SharedTimeProfile.UnitTests\bin\Debug\VideoOS.Common.SharedTimeProfile.UnitTests.dll" adapterTypeName="executor://mstestadapter/v1" className="VideoOS.Common.SharedTimeProfile.UnitTests.TimeProfileSunClockEvaluatorTest" name="CalculateSunriseSunsetWilliamTestCopenhagen21JunSunset" />
    </UnitTest>
    <UnitTest name="TimeProfileSunClockEvaluatorConstructorTestDefinitionNull" storage="d:\actions-runner\_work\xpco\xpco\common\sharedtimeprofile\videoos.common.sharedtimeprofile.unittests\bin\debug\videoos.common.sharedtimeprofile.unittests.dll" id="7cddebdf-f02e-09d9-d1f3-38a3d352e5a3">
      <Execution id="64657293-cc14-423c-8671-8f8415802144" />
      <TestMethod codeBase="D:\actions-runner\_work\XPCO\XPCO\Common\SharedTimeProfile\VideoOS.Common.SharedTimeProfile.UnitTests\bin\Debug\VideoOS.Common.SharedTimeProfile.UnitTests.dll" adapterTypeName="executor://mstestadapter/v1" className="VideoOS.Common.SharedTimeProfile.UnitTests.TimeProfileSunClockEvaluatorTest" name="TimeProfileSunClockEvaluatorConstructorTestDefinitionNull" />
    </UnitTest>
    <UnitTest name="GpsParserTestInvalidBlockSeparatorBeforeWest" storage="d:\actions-runner\_work\xpco\xpco\common\sharedtimeprofile\videoos.common.sharedtimeprofile.unittests\bin\debug\videoos.common.sharedtimeprofile.unittests.dll" id="ebd77575-a8ad-b063-41fc-05afc7aacb66">
      <Execution id="91ff323d-828a-439b-a5ed-cba0eb3325f5" />
      <TestMethod codeBase="D:\actions-runner\_work\XPCO\XPCO\Common\SharedTimeProfile\VideoOS.Common.SharedTimeProfile.UnitTests\bin\Debug\VideoOS.Common.SharedTimeProfile.UnitTests.dll" adapterTypeName="executor://mstestadapter/v1" className="VideoOS.Common.SharedTimeProfile.UnitTests.GPSCoordinateTest" name="GpsParserTestInvalidBlockSeparatorBeforeWest" />
    </UnitTest>
    <UnitTest name="TimeProfileSunClockDefinitionConstructor1NoOutOfRangeExceptionTest" storage="d:\actions-runner\_work\xpco\xpco\common\sharedtimeprofile\videoos.common.sharedtimeprofile.unittests\bin\debug\videoos.common.sharedtimeprofile.unittests.dll" id="5dd0451c-31d9-5c7b-8ded-d9536b6a9b0f">
      <Execution id="8507eb7c-7e7a-4695-a7f0-33c477fad24d" />
      <TestMethod codeBase="D:\actions-runner\_work\XPCO\XPCO\Common\SharedTimeProfile\VideoOS.Common.SharedTimeProfile.UnitTests\bin\Debug\VideoOS.Common.SharedTimeProfile.UnitTests.dll" adapterTypeName="executor://mstestadapter/v1" className="VideoOS.Common.SharedTimeProfile.UnitTests.TimeProfileSunClockDefinitionTest" name="TimeProfileSunClockDefinitionConstructor1NoOutOfRangeExceptionTest" />
    </UnitTest>
    <UnitTest name="TimeProfileSunClockDefinitionConstructorTest" storage="d:\actions-runner\_work\xpco\xpco\common\sharedtimeprofile\videoos.common.sharedtimeprofile.unittests\bin\debug\videoos.common.sharedtimeprofile.unittests.dll" id="f435a5c1-7ded-77ad-d02a-dbade0e7d203">
      <Execution id="07daf63a-ab59-4cc3-9499-b1618fe8698d" />
      <TestMethod codeBase="D:\actions-runner\_work\XPCO\XPCO\Common\SharedTimeProfile\VideoOS.Common.SharedTimeProfile.UnitTests\bin\Debug\VideoOS.Common.SharedTimeProfile.UnitTests.dll" adapterTypeName="executor://mstestadapter/v1" className="VideoOS.Common.SharedTimeProfile.UnitTests.TimeProfileSunClockDefinitionTest" name="TimeProfileSunClockDefinitionConstructorTest" />
    </UnitTest>
    <UnitTest name="TimeProfileSunClockDefinitionConstructorSunSetOutOfRange1Test" storage="d:\actions-runner\_work\xpco\xpco\common\sharedtimeprofile\videoos.common.sharedtimeprofile.unittests\bin\debug\videoos.common.sharedtimeprofile.unittests.dll" id="c6817535-703b-de19-124f-ad8b2440d227">
      <Execution id="17f33282-bc04-453c-a790-eb9e59829301" />
      <TestMethod codeBase="D:\actions-runner\_work\XPCO\XPCO\Common\SharedTimeProfile\VideoOS.Common.SharedTimeProfile.UnitTests\bin\Debug\VideoOS.Common.SharedTimeProfile.UnitTests.dll" adapterTypeName="executor://mstestadapter/v1" className="VideoOS.Common.SharedTimeProfile.UnitTests.TimeProfileSunClockDefinitionTest" name="TimeProfileSunClockDefinitionConstructorSunSetOutOfRange1Test" />
    </UnitTest>
    <UnitTest name="GpsParserTestInvalidBlockSeparator" storage="d:\actions-runner\_work\xpco\xpco\common\sharedtimeprofile\videoos.common.sharedtimeprofile.unittests\bin\debug\videoos.common.sharedtimeprofile.unittests.dll" id="c92762cc-10f2-4d6f-2297-69b0d4be9eb8">
      <Execution id="46f55934-ce20-42ed-a75f-b29f39262487" />
      <TestMethod codeBase="D:\actions-runner\_work\XPCO\XPCO\Common\SharedTimeProfile\VideoOS.Common.SharedTimeProfile.UnitTests\bin\Debug\VideoOS.Common.SharedTimeProfile.UnitTests.dll" adapterTypeName="executor://mstestadapter/v1" className="VideoOS.Common.SharedTimeProfile.UnitTests.GPSCoordinateTest" name="GpsParserTestInvalidBlockSeparator" />
    </UnitTest>
    <UnitTest name="TimeProfileInfragisticEvaluator102Constructor1Test" storage="d:\actions-runner\_work\xpco\xpco\common\sharedtimeprofile\videoos.common.sharedtimeprofile.unittests\bin\debug\videoos.common.sharedtimeprofile.unittests.dll" id="0da56207-53ce-cd1c-0d2a-d7265e74cbc6">
      <Execution id="6624d781-ca22-455c-9bd5-f49fe9f33781" />
      <TestMethod codeBase="D:\actions-runner\_work\XPCO\XPCO\Common\SharedTimeProfile\VideoOS.Common.SharedTimeProfile.UnitTests\bin\Debug\VideoOS.Common.SharedTimeProfile.UnitTests.dll" adapterTypeName="executor://mstestadapter/v1" className="VideoOS.Common.SharedTimeProfile.UnitTests.TimeProfileInfragisticEvaluatorTest" name="TimeProfileInfragisticEvaluator102Constructor1Test" />
    </UnitTest>
    <UnitTest name="CalculateSunriseSunsetWilliamTestNearAntarctica21DecSunrise" storage="d:\actions-runner\_work\xpco\xpco\common\sharedtimeprofile\videoos.common.sharedtimeprofile.unittests\bin\debug\videoos.common.sharedtimeprofile.unittests.dll" id="fd29b022-2597-f295-8a12-994e68c1cbb4">
      <Execution id="9b6c9147-704a-4f97-8007-29f7de4a348b" />
      <TestMethod codeBase="D:\actions-runner\_work\XPCO\XPCO\Common\SharedTimeProfile\VideoOS.Common.SharedTimeProfile.UnitTests\bin\Debug\VideoOS.Common.SharedTimeProfile.UnitTests.dll" adapterTypeName="executor://mstestadapter/v1" className="VideoOS.Common.SharedTimeProfile.UnitTests.TimeProfileSunClockEvaluatorTest" name="CalculateSunriseSunsetWilliamTestNearAntarctica21DecSunrise" />
    </UnitTest>
    <UnitTest name="CalculateSunriseSunsetWilliamTestHonolulu21JunSunset" storage="d:\actions-runner\_work\xpco\xpco\common\sharedtimeprofile\videoos.common.sharedtimeprofile.unittests\bin\debug\videoos.common.sharedtimeprofile.unittests.dll" id="db4c7fe5-182a-2eab-f3c2-020911e75a79">
      <Execution id="71b0f3d5-89e7-4f26-8f47-ef651159a42e" />
      <TestMethod codeBase="D:\actions-runner\_work\XPCO\XPCO\Common\SharedTimeProfile\VideoOS.Common.SharedTimeProfile.UnitTests\bin\Debug\VideoOS.Common.SharedTimeProfile.UnitTests.dll" adapterTypeName="executor://mstestadapter/v1" className="VideoOS.Common.SharedTimeProfile.UnitTests.TimeProfileSunClockEvaluatorTest" name="CalculateSunriseSunsetWilliamTestHonolulu21JunSunset" />
    </UnitTest>
    <UnitTest name="GetAppointmentsOverlappingTimesInfragisticVersionTest" storage="d:\actions-runner\_work\xpco\xpco\common\sharedtimeprofile\videoos.common.sharedtimeprofile.unittests\bin\debug\videoos.common.sharedtimeprofile.unittests.dll" id="009e14de-19b7-db98-a739-8bbc02368178">
      <Execution id="13f6565f-9a2d-4927-bc75-39ef03d14c93" />
      <TestMethod codeBase="D:\actions-runner\_work\XPCO\XPCO\Common\SharedTimeProfile\VideoOS.Common.SharedTimeProfile.UnitTests\bin\Debug\VideoOS.Common.SharedTimeProfile.UnitTests.dll" adapterTypeName="executor://mstestadapter/v1" className="VideoOS.Common.SharedTimeProfile.UnitTests.TimeProfileInfragisticEvaluatorTest" name="GetAppointmentsOverlappingTimesInfragisticVersionTest" />
    </UnitTest>
    <UnitTest name="CheckAllXml_Infragistics_6_3" storage="d:\actions-runner\_work\xpco\xpco\common\sharedtimeprofile\videoos.common.sharedtimeprofile.unittests\bin\debug\videoos.common.sharedtimeprofile.unittests.dll" id="9266d029-4773-fccc-0219-cbaaef238cd9">
      <Execution id="675d51fc-55f5-46e4-8bbc-3bfce0c0b7fc" />
      <TestMethod codeBase="D:\actions-runner\_work\XPCO\XPCO\Common\SharedTimeProfile\VideoOS.Common.SharedTimeProfile.UnitTests\bin\Debug\VideoOS.Common.SharedTimeProfile.UnitTests.dll" adapterTypeName="executor://mstestadapter/v1" className="VideoOS.Common.SharedTimeProfile.UnitTests.TimeProfileExplicitConvertionTests" name="CheckAllXml_Infragistics_6_3" />
    </UnitTest>
    <UnitTest name="TimeZoneTest" storage="d:\actions-runner\_work\xpco\xpco\common\sharedtimeprofile\videoos.common.sharedtimeprofile.unittests\bin\debug\videoos.common.sharedtimeprofile.unittests.dll" id="6a08f71b-4ef2-78a3-72c1-b7e6a98291eb">
      <Execution id="e961d085-edad-4166-a3ad-c0e5eca02325" />
      <TestMethod codeBase="D:\actions-runner\_work\XPCO\XPCO\Common\SharedTimeProfile\VideoOS.Common.SharedTimeProfile.UnitTests\bin\Debug\VideoOS.Common.SharedTimeProfile.UnitTests.dll" adapterTypeName="executor://mstestadapter/v1" className="VideoOS.Common.SharedTimeProfile.UnitTests.TimeProfileSunClockDefinitionTest" name="TimeZoneTest" />
    </UnitTest>
    <UnitTest name="TimeProfileInfragisticEvaluator102Constructor8Test" storage="d:\actions-runner\_work\xpco\xpco\common\sharedtimeprofile\videoos.common.sharedtimeprofile.unittests\bin\debug\videoos.common.sharedtimeprofile.unittests.dll" id="7b6b1e8c-ea3a-e0dc-5797-dc03cd0097ea">
      <Execution id="1b240f1b-cf1c-4a6f-819b-611b62204791" />
      <TestMethod codeBase="D:\actions-runner\_work\XPCO\XPCO\Common\SharedTimeProfile\VideoOS.Common.SharedTimeProfile.UnitTests\bin\Debug\VideoOS.Common.SharedTimeProfile.UnitTests.dll" adapterTypeName="executor://mstestadapter/v1" className="VideoOS.Common.SharedTimeProfile.UnitTests.TimeProfileInfragisticEvaluatorTest" name="TimeProfileInfragisticEvaluator102Constructor8Test" />
    </UnitTest>
    <UnitTest name="TimeProfileSunClockDefinitionConstructorGPSCoordinateNullTest" storage="d:\actions-runner\_work\xpco\xpco\common\sharedtimeprofile\videoos.common.sharedtimeprofile.unittests\bin\debug\videoos.common.sharedtimeprofile.unittests.dll" id="d49acc2c-c8f0-690f-662d-81f62af04f7c">
      <Execution id="e6f840e3-d91e-4032-89c4-f309fca7401c" />
      <TestMethod codeBase="D:\actions-runner\_work\XPCO\XPCO\Common\SharedTimeProfile\VideoOS.Common.SharedTimeProfile.UnitTests\bin\Debug\VideoOS.Common.SharedTimeProfile.UnitTests.dll" adapterTypeName="executor://mstestadapter/v1" className="VideoOS.Common.SharedTimeProfile.UnitTests.TimeProfileSunClockDefinitionTest" name="TimeProfileSunClockDefinitionConstructorGPSCoordinateNullTest" />
    </UnitTest>
    <UnitTest name="EvaluateTimeTestInfragisticsWinterTime" storage="d:\actions-runner\_work\xpco\xpco\common\sharedtimeprofile\videoos.common.sharedtimeprofile.unittests\bin\debug\videoos.common.sharedtimeprofile.unittests.dll" id="86f81774-d6bf-3388-169b-c01b87251e5a">
      <Execution id="91663d52-612e-4960-ac72-bc436a6f7c2e" />
      <TestMethod codeBase="D:\actions-runner\_work\XPCO\XPCO\Common\SharedTimeProfile\VideoOS.Common.SharedTimeProfile.UnitTests\bin\Debug\VideoOS.Common.SharedTimeProfile.UnitTests.dll" adapterTypeName="executor://mstestadapter/v1" className="VideoOS.Common.SharedTimeProfile.UnitTests.TimeProfileEvaluatorTest" name="EvaluateTimeTestInfragisticsWinterTime" />
    </UnitTest>
    <UnitTest name="TimeProfileInfragisticEvaluator102Constructor6Test" storage="d:\actions-runner\_work\xpco\xpco\common\sharedtimeprofile\videoos.common.sharedtimeprofile.unittests\bin\debug\videoos.common.sharedtimeprofile.unittests.dll" id="17a2dfcc-8712-4088-421b-61ed18838b79">
      <Execution id="81c97289-eab0-4123-b2a1-b71228222933" />
      <TestMethod codeBase="D:\actions-runner\_work\XPCO\XPCO\Common\SharedTimeProfile\VideoOS.Common.SharedTimeProfile.UnitTests\bin\Debug\VideoOS.Common.SharedTimeProfile.UnitTests.dll" adapterTypeName="executor://mstestadapter/v1" className="VideoOS.Common.SharedTimeProfile.UnitTests.TimeProfileInfragisticEvaluatorTest" name="TimeProfileInfragisticEvaluator102Constructor6Test" />
    </UnitTest>
    <UnitTest name="TimeProfileEvaluatorConstructorTestWrongTimeProfileType" storage="d:\actions-runner\_work\xpco\xpco\common\sharedtimeprofile\videoos.common.sharedtimeprofile.unittests\bin\debug\videoos.common.sharedtimeprofile.unittests.dll" id="1892a536-c672-63e9-90b0-b9843eecd373">
      <Execution id="860a49e7-b8a5-41cd-b115-9f629bb9f41f" />
      <TestMethod codeBase="D:\actions-runner\_work\XPCO\XPCO\Common\SharedTimeProfile\VideoOS.Common.SharedTimeProfile.UnitTests\bin\Debug\VideoOS.Common.SharedTimeProfile.UnitTests.dll" adapterTypeName="executor://mstestadapter/v1" className="VideoOS.Common.SharedTimeProfile.UnitTests.TimeProfileEvaluatorTest" name="TimeProfileEvaluatorConstructorTestWrongTimeProfileType" />
    </UnitTest>
    <UnitTest name="GetAppointmentsSingleTwoDaysInfragisticVersionTest" storage="d:\actions-runner\_work\xpco\xpco\common\sharedtimeprofile\videoos.common.sharedtimeprofile.unittests\bin\debug\videoos.common.sharedtimeprofile.unittests.dll" id="b9b5c66d-dabc-2201-bd04-217ef8602530">
      <Execution id="19507a74-86a7-4f7d-b486-bd4abb6046bd" />
      <TestMethod codeBase="D:\actions-runner\_work\XPCO\XPCO\Common\SharedTimeProfile\VideoOS.Common.SharedTimeProfile.UnitTests\bin\Debug\VideoOS.Common.SharedTimeProfile.UnitTests.dll" adapterTypeName="executor://mstestadapter/v1" className="VideoOS.Common.SharedTimeProfile.UnitTests.TimeProfileInfragisticEvaluatorTest" name="GetAppointmentsSingleTwoDaysInfragisticVersionTest" />
    </UnitTest>
    <UnitTest name="ClearTest" storage="d:\actions-runner\_work\xpco\xpco\common\sharedtimeprofile\videoos.common.sharedtimeprofile.unittests\bin\debug\videoos.common.sharedtimeprofile.unittests.dll" id="4007239d-f229-5928-1e8e-6f54e2b65d28">
      <Execution id="712bf531-1bf9-49e6-9a45-2969b63e96b6" />
      <TestMethod codeBase="D:\actions-runner\_work\XPCO\XPCO\Common\SharedTimeProfile\VideoOS.Common.SharedTimeProfile.UnitTests\bin\Debug\VideoOS.Common.SharedTimeProfile.UnitTests.dll" adapterTypeName="executor://mstestadapter/v1" className="VideoOS.Common.SharedTimeProfile.UnitTests.TimeProfileManagerTest" name="ClearTest" />
    </UnitTest>
    <UnitTest name="CalculateSunriseSunsetWilliamTestSydney21JunSunrise" storage="d:\actions-runner\_work\xpco\xpco\common\sharedtimeprofile\videoos.common.sharedtimeprofile.unittests\bin\debug\videoos.common.sharedtimeprofile.unittests.dll" id="5c87e856-38c1-ae18-1cc2-296b19b9f82e">
      <Execution id="b782adde-6849-4f70-8d17-952c5ed0b69e" />
      <TestMethod codeBase="D:\actions-runner\_work\XPCO\XPCO\Common\SharedTimeProfile\VideoOS.Common.SharedTimeProfile.UnitTests\bin\Debug\VideoOS.Common.SharedTimeProfile.UnitTests.dll" adapterTypeName="executor://mstestadapter/v1" className="VideoOS.Common.SharedTimeProfile.UnitTests.TimeProfileSunClockEvaluatorTest" name="CalculateSunriseSunsetWilliamTestSydney21JunSunrise" />
    </UnitTest>
    <UnitTest name="FromXmlInvalidXmlMissingSectionSunSetOffsetTest" storage="d:\actions-runner\_work\xpco\xpco\common\sharedtimeprofile\videoos.common.sharedtimeprofile.unittests\bin\debug\videoos.common.sharedtimeprofile.unittests.dll" id="5e9200ae-0661-af50-b1c4-ede9caf456b6">
      <Execution id="fb6679bd-1033-4f56-b117-99d84e88d5f0" />
      <TestMethod codeBase="D:\actions-runner\_work\XPCO\XPCO\Common\SharedTimeProfile\VideoOS.Common.SharedTimeProfile.UnitTests\bin\Debug\VideoOS.Common.SharedTimeProfile.UnitTests.dll" adapterTypeName="executor://mstestadapter/v1" className="VideoOS.Common.SharedTimeProfile.UnitTests.TimeProfileSunClockDefinitionTest" name="FromXmlInvalidXmlMissingSectionSunSetOffsetTest" />
    </UnitTest>
    <UnitTest name="GpsParserTestLongitudeIsOutOfRange" storage="d:\actions-runner\_work\xpco\xpco\common\sharedtimeprofile\videoos.common.sharedtimeprofile.unittests\bin\debug\videoos.common.sharedtimeprofile.unittests.dll" id="b4f5b054-116d-b7d8-e008-7ce2fff3a68b">
      <Execution id="68836330-de68-4741-ae87-90fc2215b4e1" />
      <TestMethod codeBase="D:\actions-runner\_work\XPCO\XPCO\Common\SharedTimeProfile\VideoOS.Common.SharedTimeProfile.UnitTests\bin\Debug\VideoOS.Common.SharedTimeProfile.UnitTests.dll" adapterTypeName="executor://mstestadapter/v1" className="VideoOS.Common.SharedTimeProfile.UnitTests.GPSCoordinateTest" name="GpsParserTestLongitudeIsOutOfRange" />
    </UnitTest>
    <UnitTest name="ConvertGpsValueTestInvalidDoubleString1" storage="d:\actions-runner\_work\xpco\xpco\common\sharedtimeprofile\videoos.common.sharedtimeprofile.unittests\bin\debug\videoos.common.sharedtimeprofile.unittests.dll" id="aa6789f8-9617-d02c-63e1-161acc215930">
      <Execution id="20dddbe8-faa9-41de-a2e5-6d398fe0b8c6" />
      <TestMethod codeBase="D:\actions-runner\_work\XPCO\XPCO\Common\SharedTimeProfile\VideoOS.Common.SharedTimeProfile.UnitTests\bin\Debug\VideoOS.Common.SharedTimeProfile.UnitTests.dll" adapterTypeName="executor://mstestadapter/v1" className="VideoOS.Common.SharedTimeProfile.UnitTests.GPSCoordinateTest" name="ConvertGpsValueTestInvalidDoubleString1" />
    </UnitTest>
    <UnitTest name="TimeProfileSunClockDefinitionConstructorSunSetOutOfRangeTest" storage="d:\actions-runner\_work\xpco\xpco\common\sharedtimeprofile\videoos.common.sharedtimeprofile.unittests\bin\debug\videoos.common.sharedtimeprofile.unittests.dll" id="783f29cd-a288-da8b-7874-90366a5f61cd">
      <Execution id="1b324efc-dcca-492c-be95-70e34e80dc8a" />
      <TestMethod codeBase="D:\actions-runner\_work\XPCO\XPCO\Common\SharedTimeProfile\VideoOS.Common.SharedTimeProfile.UnitTests\bin\Debug\VideoOS.Common.SharedTimeProfile.UnitTests.dll" adapterTypeName="executor://mstestadapter/v1" className="VideoOS.Common.SharedTimeProfile.UnitTests.TimeProfileSunClockDefinitionTest" name="TimeProfileSunClockDefinitionConstructorSunSetOutOfRangeTest" />
    </UnitTest>
    <UnitTest name="TimeProfileInfragisticEvaluator63Constructor3Test" storage="d:\actions-runner\_work\xpco\xpco\common\sharedtimeprofile\videoos.common.sharedtimeprofile.unittests\bin\debug\videoos.common.sharedtimeprofile.unittests.dll" id="5435d9a7-756c-0f51-9aeb-05264d5cbaaa">
      <Execution id="fdbf6508-364f-475a-b093-2333a4aa4cd7" />
      <TestMethod codeBase="D:\actions-runner\_work\XPCO\XPCO\Common\SharedTimeProfile\VideoOS.Common.SharedTimeProfile.UnitTests\bin\Debug\VideoOS.Common.SharedTimeProfile.UnitTests.dll" adapterTypeName="executor://mstestadapter/v1" className="VideoOS.Common.SharedTimeProfile.UnitTests.TimeProfileInfragisticEvaluatorTest" name="TimeProfileInfragisticEvaluator63Constructor3Test" />
    </UnitTest>
    <UnitTest name="GpsParserTest3_3BlocksReverseOrderMinSec" storage="d:\actions-runner\_work\xpco\xpco\common\sharedtimeprofile\videoos.common.sharedtimeprofile.unittests\bin\debug\videoos.common.sharedtimeprofile.unittests.dll" id="4f13681f-0610-ff50-9950-300c35d7f3ad">
      <Execution id="a56e16c4-dbc7-4b7d-bb17-9fe68308cf0d" />
      <TestMethod codeBase="D:\actions-runner\_work\XPCO\XPCO\Common\SharedTimeProfile\VideoOS.Common.SharedTimeProfile.UnitTests\bin\Debug\VideoOS.Common.SharedTimeProfile.UnitTests.dll" adapterTypeName="executor://mstestadapter/v1" className="VideoOS.Common.SharedTimeProfile.UnitTests.GPSCoordinateTest" name="GpsParserTest3_3BlocksReverseOrderMinSec" />
    </UnitTest>
    <UnitTest name="GetAppointmentsRecurringYearlyFirstMondayMartsTest" storage="d:\actions-runner\_work\xpco\xpco\common\sharedtimeprofile\videoos.common.sharedtimeprofile.unittests\bin\debug\videoos.common.sharedtimeprofile.unittests.dll" id="421799ae-c399-40a5-40c6-afbb0b5ab14a">
      <Execution id="512d3e22-ff4c-4804-9fcb-46916be24225" />
      <TestMethod codeBase="D:\actions-runner\_work\XPCO\XPCO\Common\SharedTimeProfile\VideoOS.Common.SharedTimeProfile.UnitTests\bin\Debug\VideoOS.Common.SharedTimeProfile.UnitTests.dll" adapterTypeName="executor://mstestadapter/v1" className="VideoOS.Common.SharedTimeProfile.UnitTests.TimeProfileInfragisticEvaluatorTest" name="GetAppointmentsRecurringYearlyFirstMondayMartsTest" />
    </UnitTest>
    <UnitTest name="GetAppointmentsRecurringMonthlyFirstDayTest" storage="d:\actions-runner\_work\xpco\xpco\common\sharedtimeprofile\videoos.common.sharedtimeprofile.unittests\bin\debug\videoos.common.sharedtimeprofile.unittests.dll" id="5e59ea89-62d4-77ce-416a-14501d0b72a7">
      <Execution id="d0091ce3-3d19-4bef-b738-821e29f82d56" />
      <TestMethod codeBase="D:\actions-runner\_work\XPCO\XPCO\Common\SharedTimeProfile\VideoOS.Common.SharedTimeProfile.UnitTests\bin\Debug\VideoOS.Common.SharedTimeProfile.UnitTests.dll" adapterTypeName="executor://mstestadapter/v1" className="VideoOS.Common.SharedTimeProfile.UnitTests.TimeProfileInfragisticEvaluatorTest" name="GetAppointmentsRecurringMonthlyFirstDayTest" />
    </UnitTest>
    <UnitTest name="GpsParserTestInvalid7Blocks" storage="d:\actions-runner\_work\xpco\xpco\common\sharedtimeprofile\videoos.common.sharedtimeprofile.unittests\bin\debug\videoos.common.sharedtimeprofile.unittests.dll" id="21ecbca6-d4f1-1773-6643-21a424eee9f6">
      <Execution id="441c748c-5e29-40cd-bfce-93b83313f190" />
      <TestMethod codeBase="D:\actions-runner\_work\XPCO\XPCO\Common\SharedTimeProfile\VideoOS.Common.SharedTimeProfile.UnitTests\bin\Debug\VideoOS.Common.SharedTimeProfile.UnitTests.dll" adapterTypeName="executor://mstestadapter/v1" className="VideoOS.Common.SharedTimeProfile.UnitTests.GPSCoordinateTest" name="GpsParserTestInvalid7Blocks" />
    </UnitTest>
    <UnitTest name="GetSunriseSunsetAppointmentTestCopenhagen21JunMinus10TimeZone" storage="d:\actions-runner\_work\xpco\xpco\common\sharedtimeprofile\videoos.common.sharedtimeprofile.unittests\bin\debug\videoos.common.sharedtimeprofile.unittests.dll" id="97614ee1-27d4-b1a0-9484-4f07335beedc">
      <Execution id="87e5a228-f30b-4ebc-8ca9-66a43101363c" />
      <TestMethod codeBase="D:\actions-runner\_work\XPCO\XPCO\Common\SharedTimeProfile\VideoOS.Common.SharedTimeProfile.UnitTests\bin\Debug\VideoOS.Common.SharedTimeProfile.UnitTests.dll" adapterTypeName="executor://mstestadapter/v1" className="VideoOS.Common.SharedTimeProfile.UnitTests.TimeProfileSunClockEvaluatorTest" name="GetSunriseSunsetAppointmentTestCopenhagen21JunMinus10TimeZone" />
    </UnitTest>
    <UnitTest name="CalculateSunriseSunsetWilliamTestNearAntarctica20MarchSunset" storage="d:\actions-runner\_work\xpco\xpco\common\sharedtimeprofile\videoos.common.sharedtimeprofile.unittests\bin\debug\videoos.common.sharedtimeprofile.unittests.dll" id="76f4783f-000e-0121-5317-f1e6024e18f9">
      <Execution id="6c3e23cd-5eee-40df-a2a3-f70b9938bf9a" />
      <TestMethod codeBase="D:\actions-runner\_work\XPCO\XPCO\Common\SharedTimeProfile\VideoOS.Common.SharedTimeProfile.UnitTests\bin\Debug\VideoOS.Common.SharedTimeProfile.UnitTests.dll" adapterTypeName="executor://mstestadapter/v1" className="VideoOS.Common.SharedTimeProfile.UnitTests.TimeProfileSunClockEvaluatorTest" name="CalculateSunriseSunsetWilliamTestNearAntarctica20MarchSunset" />
    </UnitTest>
    <UnitTest name="GpsParserTestInvalidDecimalSeparator" storage="d:\actions-runner\_work\xpco\xpco\common\sharedtimeprofile\videoos.common.sharedtimeprofile.unittests\bin\debug\videoos.common.sharedtimeprofile.unittests.dll" id="dcae2358-d085-06ce-eaaf-0a252af5d9a6">
      <Execution id="d5ba8a8a-ea03-4d58-9079-6cfe1e0639d4" />
      <TestMethod codeBase="D:\actions-runner\_work\XPCO\XPCO\Common\SharedTimeProfile\VideoOS.Common.SharedTimeProfile.UnitTests\bin\Debug\VideoOS.Common.SharedTimeProfile.UnitTests.dll" adapterTypeName="executor://mstestadapter/v1" className="VideoOS.Common.SharedTimeProfile.UnitTests.GPSCoordinateTest" name="GpsParserTestInvalidDecimalSeparator" />
    </UnitTest>
    <UnitTest name="SunSetOffsetOutOfRange1Test" storage="d:\actions-runner\_work\xpco\xpco\common\sharedtimeprofile\videoos.common.sharedtimeprofile.unittests\bin\debug\videoos.common.sharedtimeprofile.unittests.dll" id="6915e549-f8f4-1ae7-cbe8-d0893519dbfa">
      <Execution id="be9870c9-fd5c-4a89-b658-7fb7375d17d6" />
      <TestMethod codeBase="D:\actions-runner\_work\XPCO\XPCO\Common\SharedTimeProfile\VideoOS.Common.SharedTimeProfile.UnitTests\bin\Debug\VideoOS.Common.SharedTimeProfile.UnitTests.dll" adapterTypeName="executor://mstestadapter/v1" className="VideoOS.Common.SharedTimeProfile.UnitTests.TimeProfileSunClockDefinitionTest" name="SunSetOffsetOutOfRange1Test" />
    </UnitTest>
    <UnitTest name="SunSetOffsetTest" storage="d:\actions-runner\_work\xpco\xpco\common\sharedtimeprofile\videoos.common.sharedtimeprofile.unittests\bin\debug\videoos.common.sharedtimeprofile.unittests.dll" id="f2c1317d-3de9-cb11-37cf-34b46c96db06">
      <Execution id="fa7e477c-e789-465c-a905-b67fd28ffd8f" />
      <TestMethod codeBase="D:\actions-runner\_work\XPCO\XPCO\Common\SharedTimeProfile\VideoOS.Common.SharedTimeProfile.UnitTests\bin\Debug\VideoOS.Common.SharedTimeProfile.UnitTests.dll" adapterTypeName="executor://mstestadapter/v1" className="VideoOS.Common.SharedTimeProfile.UnitTests.TimeProfileSunClockDefinitionTest" name="SunSetOffsetTest" />
    </UnitTest>
    <UnitTest name="GpsParserTestMissingBlockSeparatorNorthWest" storage="d:\actions-runner\_work\xpco\xpco\common\sharedtimeprofile\videoos.common.sharedtimeprofile.unittests\bin\debug\videoos.common.sharedtimeprofile.unittests.dll" id="898ee7c6-afe3-4af2-2a1a-ec6c83e40258">
      <Execution id="28eac960-750e-4ba6-916f-6e8978b9a874" />
      <TestMethod codeBase="D:\actions-runner\_work\XPCO\XPCO\Common\SharedTimeProfile\VideoOS.Common.SharedTimeProfile.UnitTests\bin\Debug\VideoOS.Common.SharedTimeProfile.UnitTests.dll" adapterTypeName="executor://mstestadapter/v1" className="VideoOS.Common.SharedTimeProfile.UnitTests.GPSCoordinateTest" name="GpsParserTestMissingBlockSeparatorNorthWest" />
    </UnitTest>
    <UnitTest name="AddTimeProfileTestInvalidTimeProfile" storage="d:\actions-runner\_work\xpco\xpco\common\sharedtimeprofile\videoos.common.sharedtimeprofile.unittests\bin\debug\videoos.common.sharedtimeprofile.unittests.dll" id="f1526c2b-a0e5-86ec-70c7-d844ed71e85b">
      <Execution id="5b238d07-2a04-458b-9e5a-79a1d28d4b97" />
      <TestMethod codeBase="D:\actions-runner\_work\XPCO\XPCO\Common\SharedTimeProfile\VideoOS.Common.SharedTimeProfile.UnitTests\bin\Debug\VideoOS.Common.SharedTimeProfile.UnitTests.dll" adapterTypeName="executor://mstestadapter/v1" className="VideoOS.Common.SharedTimeProfile.UnitTests.TimeProfileManagerTest" name="AddTimeProfileTestInvalidTimeProfile" />
    </UnitTest>
    <UnitTest name="EvaluateTimeTestSunClockSummerTime2" storage="d:\actions-runner\_work\xpco\xpco\common\sharedtimeprofile\videoos.common.sharedtimeprofile.unittests\bin\debug\videoos.common.sharedtimeprofile.unittests.dll" id="b83261af-508c-a1cd-753a-9485ec870adc">
      <Execution id="a8d15c03-a51e-43cc-8daf-81b1b7502e22" />
      <TestMethod codeBase="D:\actions-runner\_work\XPCO\XPCO\Common\SharedTimeProfile\VideoOS.Common.SharedTimeProfile.UnitTests\bin\Debug\VideoOS.Common.SharedTimeProfile.UnitTests.dll" adapterTypeName="executor://mstestadapter/v1" className="VideoOS.Common.SharedTimeProfile.UnitTests.TimeProfileEvaluatorTest" name="EvaluateTimeTestSunClockSummerTime2" />
    </UnitTest>
    <UnitTest name="GpsParserTest3_1Blocks" storage="d:\actions-runner\_work\xpco\xpco\common\sharedtimeprofile\videoos.common.sharedtimeprofile.unittests\bin\debug\videoos.common.sharedtimeprofile.unittests.dll" id="5b23818f-ccfa-3131-82d0-ed0d75a1242e">
      <Execution id="bbd48610-a31b-4f68-b421-0a3c96de899f" />
      <TestMethod codeBase="D:\actions-runner\_work\XPCO\XPCO\Common\SharedTimeProfile\VideoOS.Common.SharedTimeProfile.UnitTests\bin\Debug\VideoOS.Common.SharedTimeProfile.UnitTests.dll" adapterTypeName="executor://mstestadapter/v1" className="VideoOS.Common.SharedTimeProfile.UnitTests.GPSCoordinateTest" name="GpsParserTest3_1Blocks" />
    </UnitTest>
    <UnitTest name="GPSCoordinateConstructorTestLatitudeOutOfRange" storage="d:\actions-runner\_work\xpco\xpco\common\sharedtimeprofile\videoos.common.sharedtimeprofile.unittests\bin\debug\videoos.common.sharedtimeprofile.unittests.dll" id="960259e5-01ab-7885-ec84-403d510060e4">
      <Execution id="95683467-56b2-482a-b980-0af1842db411" />
      <TestMethod codeBase="D:\actions-runner\_work\XPCO\XPCO\Common\SharedTimeProfile\VideoOS.Common.SharedTimeProfile.UnitTests\bin\Debug\VideoOS.Common.SharedTimeProfile.UnitTests.dll" adapterTypeName="executor://mstestadapter/v1" className="VideoOS.Common.SharedTimeProfile.UnitTests.GPSCoordinateTest" name="GPSCoordinateConstructorTestLatitudeOutOfRange" />
    </UnitTest>
    <UnitTest name="TimeProfileSunClockEvaluatorConstructorTestObject" storage="d:\actions-runner\_work\xpco\xpco\common\sharedtimeprofile\videoos.common.sharedtimeprofile.unittests\bin\debug\videoos.common.sharedtimeprofile.unittests.dll" id="b74c6e17-538e-0745-3207-9cecca4dd18d">
      <Execution id="7d3daae6-dce6-474f-a602-b7166e1fa09c" />
      <TestMethod codeBase="D:\actions-runner\_work\XPCO\XPCO\Common\SharedTimeProfile\VideoOS.Common.SharedTimeProfile.UnitTests\bin\Debug\VideoOS.Common.SharedTimeProfile.UnitTests.dll" adapterTypeName="executor://mstestadapter/v1" className="VideoOS.Common.SharedTimeProfile.UnitTests.TimeProfileSunClockEvaluatorTest" name="TimeProfileSunClockEvaluatorConstructorTestObject" />
    </UnitTest>
    <UnitTest name="CalculateSunriseSunsetWilliamTestKiruna20MarchSunset" storage="d:\actions-runner\_work\xpco\xpco\common\sharedtimeprofile\videoos.common.sharedtimeprofile.unittests\bin\debug\videoos.common.sharedtimeprofile.unittests.dll" id="ee3a5342-e95e-b885-0c62-ea800eb6c7cf">
      <Execution id="8cd8f66c-9d3f-4711-8661-c4d599b2d85a" />
      <TestMethod codeBase="D:\actions-runner\_work\XPCO\XPCO\Common\SharedTimeProfile\VideoOS.Common.SharedTimeProfile.UnitTests\bin\Debug\VideoOS.Common.SharedTimeProfile.UnitTests.dll" adapterTypeName="executor://mstestadapter/v1" className="VideoOS.Common.SharedTimeProfile.UnitTests.TimeProfileSunClockEvaluatorTest" name="CalculateSunriseSunsetWilliamTestKiruna20MarchSunset" />
    </UnitTest>
    <UnitTest name="GetSunriseSunsetAppointmentTestCopenhagen21JunPlus10TimeZone" storage="d:\actions-runner\_work\xpco\xpco\common\sharedtimeprofile\videoos.common.sharedtimeprofile.unittests\bin\debug\videoos.common.sharedtimeprofile.unittests.dll" id="d8c2903f-3283-df1c-7720-a6b5b2b3663e">
      <Execution id="a3081b8f-7e50-4f8c-b1a5-796ca7b30d23" />
      <TestMethod codeBase="D:\actions-runner\_work\XPCO\XPCO\Common\SharedTimeProfile\VideoOS.Common.SharedTimeProfile.UnitTests\bin\Debug\VideoOS.Common.SharedTimeProfile.UnitTests.dll" adapterTypeName="executor://mstestadapter/v1" className="VideoOS.Common.SharedTimeProfile.UnitTests.TimeProfileSunClockEvaluatorTest" name="GetSunriseSunsetAppointmentTestCopenhagen21JunPlus10TimeZone" />
    </UnitTest>
    <UnitTest name="CalculateSunriseSunsetWilliamTestBuenosAires21JunSunrise" storage="d:\actions-runner\_work\xpco\xpco\common\sharedtimeprofile\videoos.common.sharedtimeprofile.unittests\bin\debug\videoos.common.sharedtimeprofile.unittests.dll" id="4691a292-11b4-c418-93c6-c8e9faf2d926">
      <Execution id="a240c30c-a079-4c2b-8cc4-335af18c85bc" />
      <TestMethod codeBase="D:\actions-runner\_work\XPCO\XPCO\Common\SharedTimeProfile\VideoOS.Common.SharedTimeProfile.UnitTests\bin\Debug\VideoOS.Common.SharedTimeProfile.UnitTests.dll" adapterTypeName="executor://mstestadapter/v1" className="VideoOS.Common.SharedTimeProfile.UnitTests.TimeProfileSunClockEvaluatorTest" name="CalculateSunriseSunsetWilliamTestBuenosAires21JunSunrise" />
    </UnitTest>
    <UnitTest name="ConvertGpsValueTestInvalidDoubleString2" storage="d:\actions-runner\_work\xpco\xpco\common\sharedtimeprofile\videoos.common.sharedtimeprofile.unittests\bin\debug\videoos.common.sharedtimeprofile.unittests.dll" id="01d2d194-dd8f-699f-9d94-4801e7ed1558">
      <Execution id="1b74eb58-e5cd-4a47-bedf-b57fcd559918" />
      <TestMethod codeBase="D:\actions-runner\_work\XPCO\XPCO\Common\SharedTimeProfile\VideoOS.Common.SharedTimeProfile.UnitTests\bin\Debug\VideoOS.Common.SharedTimeProfile.UnitTests.dll" adapterTypeName="executor://mstestadapter/v1" className="VideoOS.Common.SharedTimeProfile.UnitTests.GPSCoordinateTest" name="ConvertGpsValueTestInvalidDoubleString2" />
    </UnitTest>
    <UnitTest name="GetAppointmentsTestKiruna26MayMinus10TimeZone" storage="d:\actions-runner\_work\xpco\xpco\common\sharedtimeprofile\videoos.common.sharedtimeprofile.unittests\bin\debug\videoos.common.sharedtimeprofile.unittests.dll" id="01060d2e-a408-9ccb-36c4-31dfc89a58a2">
      <Execution id="ce0a0978-6a86-4016-afce-7355dde61041" />
      <TestMethod codeBase="D:\actions-runner\_work\XPCO\XPCO\Common\SharedTimeProfile\VideoOS.Common.SharedTimeProfile.UnitTests\bin\Debug\VideoOS.Common.SharedTimeProfile.UnitTests.dll" adapterTypeName="executor://mstestadapter/v1" className="VideoOS.Common.SharedTimeProfile.UnitTests.TimeProfileSunClockEvaluatorTest" name="GetAppointmentsTestKiruna26MayMinus10TimeZone" />
    </UnitTest>
    <UnitTest name="TimeProfileSunClockDefinitionConstructorTimeZoneNullTest" storage="d:\actions-runner\_work\xpco\xpco\common\sharedtimeprofile\videoos.common.sharedtimeprofile.unittests\bin\debug\videoos.common.sharedtimeprofile.unittests.dll" id="e3dcfa35-f440-e876-82a3-692cd87c3695">
      <Execution id="fbdd9a32-057a-47f7-959c-c2e507217031" />
      <TestMethod codeBase="D:\actions-runner\_work\XPCO\XPCO\Common\SharedTimeProfile\VideoOS.Common.SharedTimeProfile.UnitTests\bin\Debug\VideoOS.Common.SharedTimeProfile.UnitTests.dll" adapterTypeName="executor://mstestadapter/v1" className="VideoOS.Common.SharedTimeProfile.UnitTests.TimeProfileSunClockDefinitionTest" name="TimeProfileSunClockDefinitionConstructorTimeZoneNullTest" />
    </UnitTest>
    <UnitTest name="GetAppointmentsRecurring2ndWeekdaysTest" storage="d:\actions-runner\_work\xpco\xpco\common\sharedtimeprofile\videoos.common.sharedtimeprofile.unittests\bin\debug\videoos.common.sharedtimeprofile.unittests.dll" id="8fe0f06c-aa8c-d9f6-2f78-c7e6d52e0425">
      <Execution id="b615d74c-9afb-477d-97c4-f76f789b7932" />
      <TestMethod codeBase="D:\actions-runner\_work\XPCO\XPCO\Common\SharedTimeProfile\VideoOS.Common.SharedTimeProfile.UnitTests\bin\Debug\VideoOS.Common.SharedTimeProfile.UnitTests.dll" adapterTypeName="executor://mstestadapter/v1" className="VideoOS.Common.SharedTimeProfile.UnitTests.TimeProfileInfragisticEvaluatorTest" name="GetAppointmentsRecurring2ndWeekdaysTest" />
    </UnitTest>
    <UnitTest name="GpsParserTestInvalidNoneWestCombincation" storage="d:\actions-runner\_work\xpco\xpco\common\sharedtimeprofile\videoos.common.sharedtimeprofile.unittests\bin\debug\videoos.common.sharedtimeprofile.unittests.dll" id="8934ff67-1110-491a-922f-e701ca280e9c">
      <Execution id="7eff5c47-27f3-4ec9-970f-4ab4a0f538f1" />
      <TestMethod codeBase="D:\actions-runner\_work\XPCO\XPCO\Common\SharedTimeProfile\VideoOS.Common.SharedTimeProfile.UnitTests\bin\Debug\VideoOS.Common.SharedTimeProfile.UnitTests.dll" adapterTypeName="executor://mstestadapter/v1" className="VideoOS.Common.SharedTimeProfile.UnitTests.GPSCoordinateTest" name="GpsParserTestInvalidNoneWestCombincation" />
    </UnitTest>
    <UnitTest name="GetDailyAppointmentsTest" storage="d:\actions-runner\_work\xpco\xpco\common\sharedtimeprofile\videoos.common.sharedtimeprofile.unittests\bin\debug\videoos.common.sharedtimeprofile.unittests.dll" id="782436d0-5a8d-a02f-0bfd-9a6031818617">
      <Execution id="deed8ba7-b159-426b-b355-4c614496457d" />
      <TestMethod codeBase="D:\actions-runner\_work\XPCO\XPCO\Common\SharedTimeProfile\VideoOS.Common.SharedTimeProfile.UnitTests\bin\Debug\VideoOS.Common.SharedTimeProfile.UnitTests.dll" adapterTypeName="executor://mstestadapter/v1" className="VideoOS.Common.SharedTimeProfile.UnitTests.TimeProfileEvaluatorTest" name="GetDailyAppointmentsTest" />
    </UnitTest>
    <UnitTest name="GetAppointmentsTestCopenhagen21JunUtcTimeZone" storage="d:\actions-runner\_work\xpco\xpco\common\sharedtimeprofile\videoos.common.sharedtimeprofile.unittests\bin\debug\videoos.common.sharedtimeprofile.unittests.dll" id="179e8cc3-dcfc-5e1e-5de2-17c8e016aa6a">
      <Execution id="134b5a6e-b5b9-49ae-878c-916f798b785b" />
      <TestMethod codeBase="D:\actions-runner\_work\XPCO\XPCO\Common\SharedTimeProfile\VideoOS.Common.SharedTimeProfile.UnitTests\bin\Debug\VideoOS.Common.SharedTimeProfile.UnitTests.dll" adapterTypeName="executor://mstestadapter/v1" className="VideoOS.Common.SharedTimeProfile.UnitTests.TimeProfileSunClockEvaluatorTest" name="GetAppointmentsTestCopenhagen21JunUtcTimeZone" />
    </UnitTest>
    <UnitTest name="GetSunriseSunsetAppointmentTestKiruna5DecPlus1TimeZoneInvalidOffset" storage="d:\actions-runner\_work\xpco\xpco\common\sharedtimeprofile\videoos.common.sharedtimeprofile.unittests\bin\debug\videoos.common.sharedtimeprofile.unittests.dll" id="48f5cd5c-2e09-39b0-c010-cd884a9e9c43">
      <Execution id="d1872ded-40ec-4cbf-9780-a30edb53ca61" />
      <TestMethod codeBase="D:\actions-runner\_work\XPCO\XPCO\Common\SharedTimeProfile\VideoOS.Common.SharedTimeProfile.UnitTests\bin\Debug\VideoOS.Common.SharedTimeProfile.UnitTests.dll" adapterTypeName="executor://mstestadapter/v1" className="VideoOS.Common.SharedTimeProfile.UnitTests.TimeProfileSunClockEvaluatorTest" name="GetSunriseSunsetAppointmentTestKiruna5DecPlus1TimeZoneInvalidOffset" />
    </UnitTest>
    <UnitTest name="TimeProfileInfragisticEvaluator102Constructor7Test" storage="d:\actions-runner\_work\xpco\xpco\common\sharedtimeprofile\videoos.common.sharedtimeprofile.unittests\bin\debug\videoos.common.sharedtimeprofile.unittests.dll" id="ff6941a0-7d1f-b843-e735-336906a27a73">
      <Execution id="740fcee1-d65f-4ac3-a2eb-b46dd48c34fd" />
      <TestMethod codeBase="D:\actions-runner\_work\XPCO\XPCO\Common\SharedTimeProfile\VideoOS.Common.SharedTimeProfile.UnitTests\bin\Debug\VideoOS.Common.SharedTimeProfile.UnitTests.dll" adapterTypeName="executor://mstestadapter/v1" className="VideoOS.Common.SharedTimeProfile.UnitTests.TimeProfileInfragisticEvaluatorTest" name="TimeProfileInfragisticEvaluator102Constructor7Test" />
    </UnitTest>
    <UnitTest name="TimeProfileInfragisticEvaluator102Constructor18Test" storage="d:\actions-runner\_work\xpco\xpco\common\sharedtimeprofile\videoos.common.sharedtimeprofile.unittests\bin\debug\videoos.common.sharedtimeprofile.unittests.dll" id="6be9ab99-dbb3-4f68-f251-1d624eda90d2">
      <Execution id="52f98758-8fd2-424a-ad75-96e4fdf92979" />
      <TestMethod codeBase="D:\actions-runner\_work\XPCO\XPCO\Common\SharedTimeProfile\VideoOS.Common.SharedTimeProfile.UnitTests\bin\Debug\VideoOS.Common.SharedTimeProfile.UnitTests.dll" adapterTypeName="executor://mstestadapter/v1" className="VideoOS.Common.SharedTimeProfile.UnitTests.TimeProfileInfragisticEvaluatorTest" name="TimeProfileInfragisticEvaluator102Constructor18Test" />
    </UnitTest>
    <UnitTest name="GetAppointmentsRecurringDaily2DaysInfragisticVersionTest" storage="d:\actions-runner\_work\xpco\xpco\common\sharedtimeprofile\videoos.common.sharedtimeprofile.unittests\bin\debug\videoos.common.sharedtimeprofile.unittests.dll" id="27539e3d-a82c-4da9-d573-680dda699355">
      <Execution id="2575189a-4f65-4894-a68c-2dd39c96808e" />
      <TestMethod codeBase="D:\actions-runner\_work\XPCO\XPCO\Common\SharedTimeProfile\VideoOS.Common.SharedTimeProfile.UnitTests\bin\Debug\VideoOS.Common.SharedTimeProfile.UnitTests.dll" adapterTypeName="executor://mstestadapter/v1" className="VideoOS.Common.SharedTimeProfile.UnitTests.TimeProfileInfragisticEvaluatorTest" name="GetAppointmentsRecurringDaily2DaysInfragisticVersionTest" />
    </UnitTest>
    <UnitTest name="CalculateSunriseSunsetWilliamTestDaresSalaam21DecSunrise" storage="d:\actions-runner\_work\xpco\xpco\common\sharedtimeprofile\videoos.common.sharedtimeprofile.unittests\bin\debug\videoos.common.sharedtimeprofile.unittests.dll" id="ced0333e-8d07-1b79-86dc-2b42559e7ad9">
      <Execution id="b5631620-07a6-432e-895c-80faa1826bb7" />
      <TestMethod codeBase="D:\actions-runner\_work\XPCO\XPCO\Common\SharedTimeProfile\VideoOS.Common.SharedTimeProfile.UnitTests\bin\Debug\VideoOS.Common.SharedTimeProfile.UnitTests.dll" adapterTypeName="executor://mstestadapter/v1" className="VideoOS.Common.SharedTimeProfile.UnitTests.TimeProfileSunClockEvaluatorTest" name="CalculateSunriseSunsetWilliamTestDaresSalaam21DecSunrise" />
    </UnitTest>
    <UnitTest name="TimeProfileInfragisticEvaluator63Constructor15Test" storage="d:\actions-runner\_work\xpco\xpco\common\sharedtimeprofile\videoos.common.sharedtimeprofile.unittests\bin\debug\videoos.common.sharedtimeprofile.unittests.dll" id="644776f6-61d8-6b2a-d996-6b2ef0eb3bb4">
      <Execution id="db54dd72-836e-46e3-9b1f-358ae8c76f0a" />
      <TestMethod codeBase="D:\actions-runner\_work\XPCO\XPCO\Common\SharedTimeProfile\VideoOS.Common.SharedTimeProfile.UnitTests\bin\Debug\VideoOS.Common.SharedTimeProfile.UnitTests.dll" adapterTypeName="executor://mstestadapter/v1" className="VideoOS.Common.SharedTimeProfile.UnitTests.TimeProfileInfragisticEvaluatorTest" name="TimeProfileInfragisticEvaluator63Constructor15Test" />
    </UnitTest>
    <UnitTest name="ConvertGpsValueTestIndex1Length3" storage="d:\actions-runner\_work\xpco\xpco\common\sharedtimeprofile\videoos.common.sharedtimeprofile.unittests\bin\debug\videoos.common.sharedtimeprofile.unittests.dll" id="57009344-29ca-28ec-c875-f5770f0aad8e">
      <Execution id="c9a3f4f2-286e-423e-ac4f-a7214b313aad" />
      <TestMethod codeBase="D:\actions-runner\_work\XPCO\XPCO\Common\SharedTimeProfile\VideoOS.Common.SharedTimeProfile.UnitTests\bin\Debug\VideoOS.Common.SharedTimeProfile.UnitTests.dll" adapterTypeName="executor://mstestadapter/v1" className="VideoOS.Common.SharedTimeProfile.UnitTests.GPSCoordinateTest" name="ConvertGpsValueTestIndex1Length3" />
    </UnitTest>
    <UnitTest name="GpsParserTest2_2Blocks" storage="d:\actions-runner\_work\xpco\xpco\common\sharedtimeprofile\videoos.common.sharedtimeprofile.unittests\bin\debug\videoos.common.sharedtimeprofile.unittests.dll" id="60b96de8-e4bc-050a-082b-11f806281974">
      <Execution id="3b9bd829-a21b-477f-9f40-cf17f124cd3f" />
      <TestMethod codeBase="D:\actions-runner\_work\XPCO\XPCO\Common\SharedTimeProfile\VideoOS.Common.SharedTimeProfile.UnitTests\bin\Debug\VideoOS.Common.SharedTimeProfile.UnitTests.dll" adapterTypeName="executor://mstestadapter/v1" className="VideoOS.Common.SharedTimeProfile.UnitTests.GPSCoordinateTest" name="GpsParserTest2_2Blocks" />
    </UnitTest>
    <UnitTest name="GetAppointmentsRecurringWeeklyWeekendDaysTest" storage="d:\actions-runner\_work\xpco\xpco\common\sharedtimeprofile\videoos.common.sharedtimeprofile.unittests\bin\debug\videoos.common.sharedtimeprofile.unittests.dll" id="2f1a69f3-8772-6511-08c8-c9547c2e30ed">
      <Execution id="c07383ef-fa6d-4963-a871-6b3f5a146716" />
      <TestMethod codeBase="D:\actions-runner\_work\XPCO\XPCO\Common\SharedTimeProfile\VideoOS.Common.SharedTimeProfile.UnitTests\bin\Debug\VideoOS.Common.SharedTimeProfile.UnitTests.dll" adapterTypeName="executor://mstestadapter/v1" className="VideoOS.Common.SharedTimeProfile.UnitTests.TimeProfileInfragisticEvaluatorTest" name="GetAppointmentsRecurringWeeklyWeekendDaysTest" />
    </UnitTest>
    <UnitTest name="TimeProfileInfragisticEvaluator102Constructor17Test" storage="d:\actions-runner\_work\xpco\xpco\common\sharedtimeprofile\videoos.common.sharedtimeprofile.unittests\bin\debug\videoos.common.sharedtimeprofile.unittests.dll" id="32b0b193-b4aa-3f7d-4098-73633d13a8b1">
      <Execution id="6449a947-5060-4a8d-b39b-10bd185f7cba" />
      <TestMethod codeBase="D:\actions-runner\_work\XPCO\XPCO\Common\SharedTimeProfile\VideoOS.Common.SharedTimeProfile.UnitTests\bin\Debug\VideoOS.Common.SharedTimeProfile.UnitTests.dll" adapterTypeName="executor://mstestadapter/v1" className="VideoOS.Common.SharedTimeProfile.UnitTests.TimeProfileInfragisticEvaluatorTest" name="TimeProfileInfragisticEvaluator102Constructor17Test" />
    </UnitTest>
    <UnitTest name="GetAppointmentDurationTest1" storage="d:\actions-runner\_work\xpco\xpco\common\sharedtimeprofile\videoos.common.sharedtimeprofile.unittests\bin\debug\videoos.common.sharedtimeprofile.unittests.dll" id="bb763d64-bd2c-489a-41a9-30e5016396f3">
      <Execution id="1c00aba6-c464-41be-befd-b2ba36b98651" />
      <TestMethod codeBase="D:\actions-runner\_work\XPCO\XPCO\Common\SharedTimeProfile\VideoOS.Common.SharedTimeProfile.UnitTests\bin\Debug\VideoOS.Common.SharedTimeProfile.UnitTests.dll" adapterTypeName="executor://mstestadapter/v1" className="VideoOS.Common.SharedTimeProfile.UnitTests.TimeProfileManagerTest" name="GetAppointmentDurationTest1" />
    </UnitTest>
    <UnitTest name="EvaluateTimeTestInfragisticsRecurringAboveDayLimit" storage="d:\actions-runner\_work\xpco\xpco\common\sharedtimeprofile\videoos.common.sharedtimeprofile.unittests\bin\debug\videoos.common.sharedtimeprofile.unittests.dll" id="9aeb6b93-c494-01d7-b18e-827d82131259">
      <Execution id="a9bc5a36-4651-4209-a80d-b95f022df0d0" />
      <TestMethod codeBase="D:\actions-runner\_work\XPCO\XPCO\Common\SharedTimeProfile\VideoOS.Common.SharedTimeProfile.UnitTests\bin\Debug\VideoOS.Common.SharedTimeProfile.UnitTests.dll" adapterTypeName="executor://mstestadapter/v1" className="VideoOS.Common.SharedTimeProfile.UnitTests.TimeProfileEvaluatorTest" name="EvaluateTimeTestInfragisticsRecurringAboveDayLimit" />
    </UnitTest>
    <UnitTest name="GetAppointmentsTestWinterTime1" storage="d:\actions-runner\_work\xpco\xpco\common\sharedtimeprofile\videoos.common.sharedtimeprofile.unittests\bin\debug\videoos.common.sharedtimeprofile.unittests.dll" id="97473037-5957-d583-450f-b7fae11d019a">
      <Execution id="7928539e-b0ed-408e-9f49-874bdf897b8a" />
      <TestMethod codeBase="D:\actions-runner\_work\XPCO\XPCO\Common\SharedTimeProfile\VideoOS.Common.SharedTimeProfile.UnitTests\bin\Debug\VideoOS.Common.SharedTimeProfile.UnitTests.dll" adapterTypeName="executor://mstestadapter/v1" className="VideoOS.Common.SharedTimeProfile.UnitTests.TimeProfileSunClockEvaluatorTest" name="GetAppointmentsTestWinterTime1" />
    </UnitTest>
    <UnitTest name="TimeProfileInfragisticEvaluator102Constructor15Test" storage="d:\actions-runner\_work\xpco\xpco\common\sharedtimeprofile\videoos.common.sharedtimeprofile.unittests\bin\debug\videoos.common.sharedtimeprofile.unittests.dll" id="4982bb43-1c8e-6f28-5d6f-4d7897281f6d">
      <Execution id="84d752a9-36da-4541-bc5e-7975d51d880f" />
      <TestMethod codeBase="D:\actions-runner\_work\XPCO\XPCO\Common\SharedTimeProfile\VideoOS.Common.SharedTimeProfile.UnitTests\bin\Debug\VideoOS.Common.SharedTimeProfile.UnitTests.dll" adapterTypeName="executor://mstestadapter/v1" className="VideoOS.Common.SharedTimeProfile.UnitTests.TimeProfileInfragisticEvaluatorTest" name="TimeProfileInfragisticEvaluator102Constructor15Test" />
    </UnitTest>
    <UnitTest name="CalculateSunriseSunsetWilliamTestKiruna21JunSunrise" storage="d:\actions-runner\_work\xpco\xpco\common\sharedtimeprofile\videoos.common.sharedtimeprofile.unittests\bin\debug\videoos.common.sharedtimeprofile.unittests.dll" id="09f99fef-cba4-1120-2f3c-e2d274a94226">
      <Execution id="117f3cab-0746-41a3-bb30-527fb57e4619" />
      <TestMethod codeBase="D:\actions-runner\_work\XPCO\XPCO\Common\SharedTimeProfile\VideoOS.Common.SharedTimeProfile.UnitTests\bin\Debug\VideoOS.Common.SharedTimeProfile.UnitTests.dll" adapterTypeName="executor://mstestadapter/v1" className="VideoOS.Common.SharedTimeProfile.UnitTests.TimeProfileSunClockEvaluatorTest" name="CalculateSunriseSunsetWilliamTestKiruna21JunSunrise" />
    </UnitTest>
    <UnitTest name="GPSCoordinateConstructorTestLongitudeOutOfRange" storage="d:\actions-runner\_work\xpco\xpco\common\sharedtimeprofile\videoos.common.sharedtimeprofile.unittests\bin\debug\videoos.common.sharedtimeprofile.unittests.dll" id="6c432e73-2c10-809c-b62c-9e3213594e15">
      <Execution id="19df6eb3-bdd1-4a4c-aab6-78876819d3b6" />
      <TestMethod codeBase="D:\actions-runner\_work\XPCO\XPCO\Common\SharedTimeProfile\VideoOS.Common.SharedTimeProfile.UnitTests\bin\Debug\VideoOS.Common.SharedTimeProfile.UnitTests.dll" adapterTypeName="executor://mstestadapter/v1" className="VideoOS.Common.SharedTimeProfile.UnitTests.GPSCoordinateTest" name="GPSCoordinateConstructorTestLongitudeOutOfRange" />
    </UnitTest>
    <UnitTest name="EvaluateTimeTestSunClockCopenhagen21DecOK" storage="d:\actions-runner\_work\xpco\xpco\common\sharedtimeprofile\videoos.common.sharedtimeprofile.unittests\bin\debug\videoos.common.sharedtimeprofile.unittests.dll" id="3b46f6d1-0f98-1149-7fed-05ecad555a81">
      <Execution id="78b92874-5d07-44ba-9309-7f2647778370" />
      <TestMethod codeBase="D:\actions-runner\_work\XPCO\XPCO\Common\SharedTimeProfile\VideoOS.Common.SharedTimeProfile.UnitTests\bin\Debug\VideoOS.Common.SharedTimeProfile.UnitTests.dll" adapterTypeName="executor://mstestadapter/v1" className="VideoOS.Common.SharedTimeProfile.UnitTests.TimeProfileEvaluatorTest" name="EvaluateTimeTestSunClockCopenhagen21DecOK" />
    </UnitTest>
    <UnitTest name="EvaluateTimeTestInfragisticsSingleTime3days" storage="d:\actions-runner\_work\xpco\xpco\common\sharedtimeprofile\videoos.common.sharedtimeprofile.unittests\bin\debug\videoos.common.sharedtimeprofile.unittests.dll" id="56b77972-8496-2533-665d-6ff6f53b6c88">
      <Execution id="0214388b-d82a-4e69-aef7-b0e32204bd2b" />
      <TestMethod codeBase="D:\actions-runner\_work\XPCO\XPCO\Common\SharedTimeProfile\VideoOS.Common.SharedTimeProfile.UnitTests\bin\Debug\VideoOS.Common.SharedTimeProfile.UnitTests.dll" adapterTypeName="executor://mstestadapter/v1" className="VideoOS.Common.SharedTimeProfile.UnitTests.TimeProfileEvaluatorTest" name="EvaluateTimeTestInfragisticsSingleTime3days" />
    </UnitTest>
    <UnitTest name="CalculateSunriseSunsetWilliamTestArctic21DecSunset" storage="d:\actions-runner\_work\xpco\xpco\common\sharedtimeprofile\videoos.common.sharedtimeprofile.unittests\bin\debug\videoos.common.sharedtimeprofile.unittests.dll" id="ef07d4d8-f980-72a7-f8ad-ca33512cc104">
      <Execution id="64182e8c-0155-4280-a72b-0f066e34bdf3" />
      <TestMethod codeBase="D:\actions-runner\_work\XPCO\XPCO\Common\SharedTimeProfile\VideoOS.Common.SharedTimeProfile.UnitTests\bin\Debug\VideoOS.Common.SharedTimeProfile.UnitTests.dll" adapterTypeName="executor://mstestadapter/v1" className="VideoOS.Common.SharedTimeProfile.UnitTests.TimeProfileSunClockEvaluatorTest" name="CalculateSunriseSunsetWilliamTestArctic21DecSunset" />
    </UnitTest>
    <UnitTest name="CalculateSunriseSunsetWilliamTestNearAntarctica21JunSunset" storage="d:\actions-runner\_work\xpco\xpco\common\sharedtimeprofile\videoos.common.sharedtimeprofile.unittests\bin\debug\videoos.common.sharedtimeprofile.unittests.dll" id="f9beaaf0-10a7-73eb-4fb8-e9837e9fddd0">
      <Execution id="613a7253-44ed-421a-8a11-ca8f44882e58" />
      <TestMethod codeBase="D:\actions-runner\_work\XPCO\XPCO\Common\SharedTimeProfile\VideoOS.Common.SharedTimeProfile.UnitTests\bin\Debug\VideoOS.Common.SharedTimeProfile.UnitTests.dll" adapterTypeName="executor://mstestadapter/v1" className="VideoOS.Common.SharedTimeProfile.UnitTests.TimeProfileSunClockEvaluatorTest" name="CalculateSunriseSunsetWilliamTestNearAntarctica21JunSunset" />
    </UnitTest>
    <UnitTest name="GpsParserTestInvalidNorthMinusCombincation" storage="d:\actions-runner\_work\xpco\xpco\common\sharedtimeprofile\videoos.common.sharedtimeprofile.unittests\bin\debug\videoos.common.sharedtimeprofile.unittests.dll" id="92afd38a-54fc-3a8c-d029-44f5006e06fc">
      <Execution id="6a7f0069-f1ed-450f-9438-a7618eca7ca7" />
      <TestMethod codeBase="D:\actions-runner\_work\XPCO\XPCO\Common\SharedTimeProfile\VideoOS.Common.SharedTimeProfile.UnitTests\bin\Debug\VideoOS.Common.SharedTimeProfile.UnitTests.dll" adapterTypeName="executor://mstestadapter/v1" className="VideoOS.Common.SharedTimeProfile.UnitTests.GPSCoordinateTest" name="GpsParserTestInvalidNorthMinusCombincation" />
    </UnitTest>
    <UnitTest name="TimeProfileInfragisticEvaluatorConstructorArgumentInvalidTest" storage="d:\actions-runner\_work\xpco\xpco\common\sharedtimeprofile\videoos.common.sharedtimeprofile.unittests\bin\debug\videoos.common.sharedtimeprofile.unittests.dll" id="08c44b67-d317-8ffc-a5f1-85d3f647f393">
      <Execution id="103d2146-2c47-4d18-9cd7-46e602754888" />
      <TestMethod codeBase="D:\actions-runner\_work\XPCO\XPCO\Common\SharedTimeProfile\VideoOS.Common.SharedTimeProfile.UnitTests\bin\Debug\VideoOS.Common.SharedTimeProfile.UnitTests.dll" adapterTypeName="executor://mstestadapter/v1" className="VideoOS.Common.SharedTimeProfile.UnitTests.TimeProfileInfragisticEvaluatorTest" name="TimeProfileInfragisticEvaluatorConstructorArgumentInvalidTest" />
    </UnitTest>
    <UnitTest name="GPSCoordinateConstructorTest1" storage="d:\actions-runner\_work\xpco\xpco\common\sharedtimeprofile\videoos.common.sharedtimeprofile.unittests\bin\debug\videoos.common.sharedtimeprofile.unittests.dll" id="22645202-d5e2-7786-59ff-cdf3fdbb49c3">
      <Execution id="a522bba4-d7fb-4f30-970d-dc7017bcfcc2" />
      <TestMethod codeBase="D:\actions-runner\_work\XPCO\XPCO\Common\SharedTimeProfile\VideoOS.Common.SharedTimeProfile.UnitTests\bin\Debug\VideoOS.Common.SharedTimeProfile.UnitTests.dll" adapterTypeName="executor://mstestadapter/v1" className="VideoOS.Common.SharedTimeProfile.UnitTests.GPSCoordinateTest" name="GPSCoordinateConstructorTest1" />
    </UnitTest>
    <UnitTest name="CalculateSunriseSunsetWilliamTestArctic21MarchSunrise" storage="d:\actions-runner\_work\xpco\xpco\common\sharedtimeprofile\videoos.common.sharedtimeprofile.unittests\bin\debug\videoos.common.sharedtimeprofile.unittests.dll" id="5ddbdf65-dd2d-c94c-324f-febba4b1b691">
      <Execution id="99eda773-8eac-4919-b6f4-a3afa22f4f3a" />
      <TestMethod codeBase="D:\actions-runner\_work\XPCO\XPCO\Common\SharedTimeProfile\VideoOS.Common.SharedTimeProfile.UnitTests\bin\Debug\VideoOS.Common.SharedTimeProfile.UnitTests.dll" adapterTypeName="executor://mstestadapter/v1" className="VideoOS.Common.SharedTimeProfile.UnitTests.TimeProfileSunClockEvaluatorTest" name="CalculateSunriseSunsetWilliamTestArctic21MarchSunrise" />
    </UnitTest>
    <UnitTest name="CalculateSunriseSunsetWilliamTestAntarctica21DecSunrise" storage="d:\actions-runner\_work\xpco\xpco\common\sharedtimeprofile\videoos.common.sharedtimeprofile.unittests\bin\debug\videoos.common.sharedtimeprofile.unittests.dll" id="8550e8ea-08b0-2312-b999-f4e90dbc57f3">
      <Execution id="0814fb91-3325-4f24-9df7-f4c633978324" />
      <TestMethod codeBase="D:\actions-runner\_work\XPCO\XPCO\Common\SharedTimeProfile\VideoOS.Common.SharedTimeProfile.UnitTests\bin\Debug\VideoOS.Common.SharedTimeProfile.UnitTests.dll" adapterTypeName="executor://mstestadapter/v1" className="VideoOS.Common.SharedTimeProfile.UnitTests.TimeProfileSunClockEvaluatorTest" name="CalculateSunriseSunsetWilliamTestAntarctica21DecSunrise" />
    </UnitTest>
    <UnitTest name="TimeProfileSunClockDefinitionConstructorTimeZoneIdTest" storage="d:\actions-runner\_work\xpco\xpco\common\sharedtimeprofile\videoos.common.sharedtimeprofile.unittests\bin\debug\videoos.common.sharedtimeprofile.unittests.dll" id="83901aea-67c8-cfd0-f364-1511967c08c8">
      <Execution id="a26f874c-c2ce-41c8-a4b2-2b5112270d7b" />
      <TestMethod codeBase="D:\actions-runner\_work\XPCO\XPCO\Common\SharedTimeProfile\VideoOS.Common.SharedTimeProfile.UnitTests\bin\Debug\VideoOS.Common.SharedTimeProfile.UnitTests.dll" adapterTypeName="executor://mstestadapter/v1" className="VideoOS.Common.SharedTimeProfile.UnitTests.TimeProfileSunClockDefinitionTest" name="TimeProfileSunClockDefinitionConstructorTimeZoneIdTest" />
    </UnitTest>
    <UnitTest name="CalculateSunriseSunsetWilliamTestBuenosAires21DecSunset" storage="d:\actions-runner\_work\xpco\xpco\common\sharedtimeprofile\videoos.common.sharedtimeprofile.unittests\bin\debug\videoos.common.sharedtimeprofile.unittests.dll" id="b5791c6f-731a-161c-a4b6-eaf9c2d63856">
      <Execution id="22595267-8542-4cb1-95c7-34b15624b634" />
      <TestMethod codeBase="D:\actions-runner\_work\XPCO\XPCO\Common\SharedTimeProfile\VideoOS.Common.SharedTimeProfile.UnitTests\bin\Debug\VideoOS.Common.SharedTimeProfile.UnitTests.dll" adapterTypeName="executor://mstestadapter/v1" className="VideoOS.Common.SharedTimeProfile.UnitTests.TimeProfileSunClockEvaluatorTest" name="CalculateSunriseSunsetWilliamTestBuenosAires21DecSunset" />
    </UnitTest>
    <UnitTest name="GpsParserTestInvalidDirectionIn4Block" storage="d:\actions-runner\_work\xpco\xpco\common\sharedtimeprofile\videoos.common.sharedtimeprofile.unittests\bin\debug\videoos.common.sharedtimeprofile.unittests.dll" id="482a5538-dc6d-2d32-9976-e019ee344bc3">
      <Execution id="6515a002-261a-4144-b14b-658c9810d464" />
      <TestMethod codeBase="D:\actions-runner\_work\XPCO\XPCO\Common\SharedTimeProfile\VideoOS.Common.SharedTimeProfile.UnitTests\bin\Debug\VideoOS.Common.SharedTimeProfile.UnitTests.dll" adapterTypeName="executor://mstestadapter/v1" className="VideoOS.Common.SharedTimeProfile.UnitTests.GPSCoordinateTest" name="GpsParserTestInvalidDirectionIn4Block" />
    </UnitTest>
    <UnitTest name="GetAppointmentsSingleInfragisticDifferentTimeZoneVersionTest" storage="d:\actions-runner\_work\xpco\xpco\common\sharedtimeprofile\videoos.common.sharedtimeprofile.unittests\bin\debug\videoos.common.sharedtimeprofile.unittests.dll" id="79b2aed5-456c-64a8-cd96-32f8e85d6565">
      <Execution id="46a1094b-a023-4c70-b727-6d29c262ef04" />
      <TestMethod codeBase="D:\actions-runner\_work\XPCO\XPCO\Common\SharedTimeProfile\VideoOS.Common.SharedTimeProfile.UnitTests\bin\Debug\VideoOS.Common.SharedTimeProfile.UnitTests.dll" adapterTypeName="executor://mstestadapter/v1" className="VideoOS.Common.SharedTimeProfile.UnitTests.TimeProfileInfragisticEvaluatorTest" name="GetAppointmentsSingleInfragisticDifferentTimeZoneVersionTest" />
    </UnitTest>
    <UnitTest name="GetAppointmentsRecurringWeekly2ndWednesdayTest" storage="d:\actions-runner\_work\xpco\xpco\common\sharedtimeprofile\videoos.common.sharedtimeprofile.unittests\bin\debug\videoos.common.sharedtimeprofile.unittests.dll" id="32cb23b5-725a-8f46-4cbe-5f09dd96a0c0">
      <Execution id="51e825a1-cdec-4af7-9db3-30ce2cd6fb29" />
      <TestMethod codeBase="D:\actions-runner\_work\XPCO\XPCO\Common\SharedTimeProfile\VideoOS.Common.SharedTimeProfile.UnitTests\bin\Debug\VideoOS.Common.SharedTimeProfile.UnitTests.dll" adapterTypeName="executor://mstestadapter/v1" className="VideoOS.Common.SharedTimeProfile.UnitTests.TimeProfileInfragisticEvaluatorTest" name="GetAppointmentsRecurringWeekly2ndWednesdayTest" />
    </UnitTest>
    <UnitTest name="CalculateSunriseSunsetWilliamTestArctic21JunSunset" storage="d:\actions-runner\_work\xpco\xpco\common\sharedtimeprofile\videoos.common.sharedtimeprofile.unittests\bin\debug\videoos.common.sharedtimeprofile.unittests.dll" id="2b02a344-ee83-ca6c-0a67-bd7dd0f371eb">
      <Execution id="ce725007-ea08-4441-a0ec-e141bacaf617" />
      <TestMethod codeBase="D:\actions-runner\_work\XPCO\XPCO\Common\SharedTimeProfile\VideoOS.Common.SharedTimeProfile.UnitTests\bin\Debug\VideoOS.Common.SharedTimeProfile.UnitTests.dll" adapterTypeName="executor://mstestadapter/v1" className="VideoOS.Common.SharedTimeProfile.UnitTests.TimeProfileSunClockEvaluatorTest" name="CalculateSunriseSunsetWilliamTestArctic21JunSunset" />
    </UnitTest>
    <UnitTest name="ConvertGpsValueTestIndex0Length1" storage="d:\actions-runner\_work\xpco\xpco\common\sharedtimeprofile\videoos.common.sharedtimeprofile.unittests\bin\debug\videoos.common.sharedtimeprofile.unittests.dll" id="1fd52ad5-18d8-63ed-d828-88d800cd0df5">
      <Execution id="e35aab13-ff98-468f-a402-87ba64b85442" />
      <TestMethod codeBase="D:\actions-runner\_work\XPCO\XPCO\Common\SharedTimeProfile\VideoOS.Common.SharedTimeProfile.UnitTests\bin\Debug\VideoOS.Common.SharedTimeProfile.UnitTests.dll" adapterTypeName="executor://mstestadapter/v1" className="VideoOS.Common.SharedTimeProfile.UnitTests.GPSCoordinateTest" name="ConvertGpsValueTestIndex0Length1" />
    </UnitTest>
    <UnitTest name="GpsParserTestInvalidNoOfDirectionSpecifiers1" storage="d:\actions-runner\_work\xpco\xpco\common\sharedtimeprofile\videoos.common.sharedtimeprofile.unittests\bin\debug\videoos.common.sharedtimeprofile.unittests.dll" id="0568211b-6fa7-00e7-3174-e75e7936ae61">
      <Execution id="5414b0f9-ad53-465a-975a-1dad80371286" />
      <TestMethod codeBase="D:\actions-runner\_work\XPCO\XPCO\Common\SharedTimeProfile\VideoOS.Common.SharedTimeProfile.UnitTests\bin\Debug\VideoOS.Common.SharedTimeProfile.UnitTests.dll" adapterTypeName="executor://mstestadapter/v1" className="VideoOS.Common.SharedTimeProfile.UnitTests.GPSCoordinateTest" name="GpsParserTestInvalidNoOfDirectionSpecifiers1" />
    </UnitTest>
    <UnitTest name="GetAppointmentDurationTestSunClockCopenhagen1Appointment" storage="d:\actions-runner\_work\xpco\xpco\common\sharedtimeprofile\videoos.common.sharedtimeprofile.unittests\bin\debug\videoos.common.sharedtimeprofile.unittests.dll" id="65804ae7-ccb1-dad7-48f4-a48d24d0caff">
      <Execution id="92c46544-af6f-4cae-8213-2faa45ff13f3" />
      <TestMethod codeBase="D:\actions-runner\_work\XPCO\XPCO\Common\SharedTimeProfile\VideoOS.Common.SharedTimeProfile.UnitTests\bin\Debug\VideoOS.Common.SharedTimeProfile.UnitTests.dll" adapterTypeName="executor://mstestadapter/v1" className="VideoOS.Common.SharedTimeProfile.UnitTests.TimeProfileEvaluatorTest" name="GetAppointmentDurationTestSunClockCopenhagen1Appointment" />
    </UnitTest>
    <UnitTest name="TimeProfileSunClockDefinitionConstructor1Test" storage="d:\actions-runner\_work\xpco\xpco\common\sharedtimeprofile\videoos.common.sharedtimeprofile.unittests\bin\debug\videoos.common.sharedtimeprofile.unittests.dll" id="5f1fe784-3fcd-2c06-f213-c0e1fc47e744">
      <Execution id="e56e5e16-df0c-43e3-bb50-bb99f6513dbe" />
      <TestMethod codeBase="D:\actions-runner\_work\XPCO\XPCO\Common\SharedTimeProfile\VideoOS.Common.SharedTimeProfile.UnitTests\bin\Debug\VideoOS.Common.SharedTimeProfile.UnitTests.dll" adapterTypeName="executor://mstestadapter/v1" className="VideoOS.Common.SharedTimeProfile.UnitTests.TimeProfileSunClockDefinitionTest" name="TimeProfileSunClockDefinitionConstructor1Test" />
    </UnitTest>
    <UnitTest name="TimeProfileInfragisticEvaluator63Constructor10Test" storage="d:\actions-runner\_work\xpco\xpco\common\sharedtimeprofile\videoos.common.sharedtimeprofile.unittests\bin\debug\videoos.common.sharedtimeprofile.unittests.dll" id="d41a2a7e-8e87-d431-3642-8c772f629598">
      <Execution id="c941f5b1-1c40-4074-a808-1db6c793d720" />
      <TestMethod codeBase="D:\actions-runner\_work\XPCO\XPCO\Common\SharedTimeProfile\VideoOS.Common.SharedTimeProfile.UnitTests\bin\Debug\VideoOS.Common.SharedTimeProfile.UnitTests.dll" adapterTypeName="executor://mstestadapter/v1" className="VideoOS.Common.SharedTimeProfile.UnitTests.TimeProfileInfragisticEvaluatorTest" name="TimeProfileInfragisticEvaluator63Constructor10Test" />
    </UnitTest>
    <UnitTest name="CalculateSunriseSunsetWilliamTestHonolulu21JunSunrise" storage="d:\actions-runner\_work\xpco\xpco\common\sharedtimeprofile\videoos.common.sharedtimeprofile.unittests\bin\debug\videoos.common.sharedtimeprofile.unittests.dll" id="fa284fdc-18fb-fcd2-218b-f7b20f6cc759">
      <Execution id="89af9cdc-07d7-40e8-8ade-55436832f4ee" />
      <TestMethod codeBase="D:\actions-runner\_work\XPCO\XPCO\Common\SharedTimeProfile\VideoOS.Common.SharedTimeProfile.UnitTests\bin\Debug\VideoOS.Common.SharedTimeProfile.UnitTests.dll" adapterTypeName="executor://mstestadapter/v1" className="VideoOS.Common.SharedTimeProfile.UnitTests.TimeProfileSunClockEvaluatorTest" name="CalculateSunriseSunsetWilliamTestHonolulu21JunSunrise" />
    </UnitTest>
    <UnitTest name="GetAppointmentDurationTestSunClockCopenhagen1AppointmentGotMaxSearchInterval" storage="d:\actions-runner\_work\xpco\xpco\common\sharedtimeprofile\videoos.common.sharedtimeprofile.unittests\bin\debug\videoos.common.sharedtimeprofile.unittests.dll" id="64c05577-259d-848a-3f07-af62e246f5e5">
      <Execution id="74dd634c-6928-4c5b-a252-4ffb40f45f25" />
      <TestMethod codeBase="D:\actions-runner\_work\XPCO\XPCO\Common\SharedTimeProfile\VideoOS.Common.SharedTimeProfile.UnitTests\bin\Debug\VideoOS.Common.SharedTimeProfile.UnitTests.dll" adapterTypeName="executor://mstestadapter/v1" className="VideoOS.Common.SharedTimeProfile.UnitTests.TimeProfileEvaluatorTest" name="GetAppointmentDurationTestSunClockCopenhagen1AppointmentGotMaxSearchInterval" />
    </UnitTest>
    <UnitTest name="EvaluateTimeTestSunClockIncorrectGpsCoordinate" storage="d:\actions-runner\_work\xpco\xpco\common\sharedtimeprofile\videoos.common.sharedtimeprofile.unittests\bin\debug\videoos.common.sharedtimeprofile.unittests.dll" id="df8468df-26ce-c97b-8d24-563165538cf0">
      <Execution id="04186280-7509-40e9-a2ab-0fade229fbf3" />
      <TestMethod codeBase="D:\actions-runner\_work\XPCO\XPCO\Common\SharedTimeProfile\VideoOS.Common.SharedTimeProfile.UnitTests\bin\Debug\VideoOS.Common.SharedTimeProfile.UnitTests.dll" adapterTypeName="executor://mstestadapter/v1" className="VideoOS.Common.SharedTimeProfile.UnitTests.TimeProfileEvaluatorTest" name="EvaluateTimeTestSunClockIncorrectGpsCoordinate" />
    </UnitTest>
    <UnitTest name="GetAppointmentsTestKiruna21JunLocalTimeZone" storage="d:\actions-runner\_work\xpco\xpco\common\sharedtimeprofile\videoos.common.sharedtimeprofile.unittests\bin\debug\videoos.common.sharedtimeprofile.unittests.dll" id="b82e3c01-da09-0168-ccd7-750a287155b8">
      <Execution id="c9e32efe-53ba-4e27-8b1d-ea9444df280a" />
      <TestMethod codeBase="D:\actions-runner\_work\XPCO\XPCO\Common\SharedTimeProfile\VideoOS.Common.SharedTimeProfile.UnitTests\bin\Debug\VideoOS.Common.SharedTimeProfile.UnitTests.dll" adapterTypeName="executor://mstestadapter/v1" className="VideoOS.Common.SharedTimeProfile.UnitTests.TimeProfileSunClockEvaluatorTest" name="GetAppointmentsTestKiruna21JunLocalTimeZone" />
    </UnitTest>
    <UnitTest name="AddTimeProfileTest" storage="d:\actions-runner\_work\xpco\xpco\common\sharedtimeprofile\videoos.common.sharedtimeprofile.unittests\bin\debug\videoos.common.sharedtimeprofile.unittests.dll" id="2c46dd61-b937-126d-158a-ab2625410567">
      <Execution id="5b339dcc-7f64-4e66-aee4-e864cc994092" />
      <TestMethod codeBase="D:\actions-runner\_work\XPCO\XPCO\Common\SharedTimeProfile\VideoOS.Common.SharedTimeProfile.UnitTests\bin\Debug\VideoOS.Common.SharedTimeProfile.UnitTests.dll" adapterTypeName="executor://mstestadapter/v1" className="VideoOS.Common.SharedTimeProfile.UnitTests.TimeProfileManagerTest" name="AddTimeProfileTest" />
    </UnitTest>
    <UnitTest name="ConvertGpsValueTestInvalidIndex2" storage="d:\actions-runner\_work\xpco\xpco\common\sharedtimeprofile\videoos.common.sharedtimeprofile.unittests\bin\debug\videoos.common.sharedtimeprofile.unittests.dll" id="ea667506-b47e-e946-1c6d-d1cb5a594f46">
      <Execution id="c34fefda-b365-409d-9c05-352d3a74d109" />
      <TestMethod codeBase="D:\actions-runner\_work\XPCO\XPCO\Common\SharedTimeProfile\VideoOS.Common.SharedTimeProfile.UnitTests\bin\Debug\VideoOS.Common.SharedTimeProfile.UnitTests.dll" adapterTypeName="executor://mstestadapter/v1" className="VideoOS.Common.SharedTimeProfile.UnitTests.GPSCoordinateTest" name="ConvertGpsValueTestInvalidIndex2" />
    </UnitTest>
    <UnitTest name="TimeProfileInfragisticEvaluator63Constructor13Test" storage="d:\actions-runner\_work\xpco\xpco\common\sharedtimeprofile\videoos.common.sharedtimeprofile.unittests\bin\debug\videoos.common.sharedtimeprofile.unittests.dll" id="455e77fc-93cb-02d0-62aa-14a0217be97f">
      <Execution id="c8b82181-2d15-4bdd-ad11-6f65bfb39446" />
      <TestMethod codeBase="D:\actions-runner\_work\XPCO\XPCO\Common\SharedTimeProfile\VideoOS.Common.SharedTimeProfile.UnitTests\bin\Debug\VideoOS.Common.SharedTimeProfile.UnitTests.dll" adapterTypeName="executor://mstestadapter/v1" className="VideoOS.Common.SharedTimeProfile.UnitTests.TimeProfileInfragisticEvaluatorTest" name="TimeProfileInfragisticEvaluator63Constructor13Test" />
    </UnitTest>
    <UnitTest name="GetSunriseSunsetAppointmentTestKiruna5DecPlus1TimeZone30MinOffset" storage="d:\actions-runner\_work\xpco\xpco\common\sharedtimeprofile\videoos.common.sharedtimeprofile.unittests\bin\debug\videoos.common.sharedtimeprofile.unittests.dll" id="68891365-18e4-2e0c-8901-452a70a41462">
      <Execution id="e5b36f07-2208-43fa-a761-51fd6419f84e" />
      <TestMethod codeBase="D:\actions-runner\_work\XPCO\XPCO\Common\SharedTimeProfile\VideoOS.Common.SharedTimeProfile.UnitTests\bin\Debug\VideoOS.Common.SharedTimeProfile.UnitTests.dll" adapterTypeName="executor://mstestadapter/v1" className="VideoOS.Common.SharedTimeProfile.UnitTests.TimeProfileSunClockEvaluatorTest" name="GetSunriseSunsetAppointmentTestKiruna5DecPlus1TimeZone30MinOffset" />
    </UnitTest>
    <UnitTest name="GetAppointmentsTestNearAntarctica19JanLocalTimeZone" storage="d:\actions-runner\_work\xpco\xpco\common\sharedtimeprofile\videoos.common.sharedtimeprofile.unittests\bin\debug\videoos.common.sharedtimeprofile.unittests.dll" id="58c138c7-d5bb-0635-68dd-2714dd63ab1c">
      <Execution id="fd96e264-3ff4-4101-9f0d-02ee42cb9ed3" />
      <TestMethod codeBase="D:\actions-runner\_work\XPCO\XPCO\Common\SharedTimeProfile\VideoOS.Common.SharedTimeProfile.UnitTests\bin\Debug\VideoOS.Common.SharedTimeProfile.UnitTests.dll" adapterTypeName="executor://mstestadapter/v1" className="VideoOS.Common.SharedTimeProfile.UnitTests.TimeProfileSunClockEvaluatorTest" name="GetAppointmentsTestNearAntarctica19JanLocalTimeZone" />
    </UnitTest>
    <UnitTest name="GetAppointmentsAllDayTwoDaysInfragisticVersionTest" storage="d:\actions-runner\_work\xpco\xpco\common\sharedtimeprofile\videoos.common.sharedtimeprofile.unittests\bin\debug\videoos.common.sharedtimeprofile.unittests.dll" id="319d6d77-19d7-4f53-401e-6bf6cf40e53e">
      <Execution id="28fc069a-0085-453f-936f-503149354965" />
      <TestMethod codeBase="D:\actions-runner\_work\XPCO\XPCO\Common\SharedTimeProfile\VideoOS.Common.SharedTimeProfile.UnitTests\bin\Debug\VideoOS.Common.SharedTimeProfile.UnitTests.dll" adapterTypeName="executor://mstestadapter/v1" className="VideoOS.Common.SharedTimeProfile.UnitTests.TimeProfileInfragisticEvaluatorTest" name="GetAppointmentsAllDayTwoDaysInfragisticVersionTest" />
    </UnitTest>
    <UnitTest name="GetAppointmentsSingleDifferentTimeZoneTest" storage="d:\actions-runner\_work\xpco\xpco\common\sharedtimeprofile\videoos.common.sharedtimeprofile.unittests\bin\debug\videoos.common.sharedtimeprofile.unittests.dll" id="b0b72f98-3751-b5ad-92cc-29af01fedb95">
      <Execution id="b7f1eed0-e126-4f9f-a026-3b849ae560ee" />
      <TestMethod codeBase="D:\actions-runner\_work\XPCO\XPCO\Common\SharedTimeProfile\VideoOS.Common.SharedTimeProfile.UnitTests\bin\Debug\VideoOS.Common.SharedTimeProfile.UnitTests.dll" adapterTypeName="executor://mstestadapter/v1" className="VideoOS.Common.SharedTimeProfile.UnitTests.TimeProfileInfragisticEvaluatorTest" name="GetAppointmentsSingleDifferentTimeZoneTest" />
    </UnitTest>
    <UnitTest name="TimeProfileEvaluatorConstructorTestEmptyDefinitionXml" storage="d:\actions-runner\_work\xpco\xpco\common\sharedtimeprofile\videoos.common.sharedtimeprofile.unittests\bin\debug\videoos.common.sharedtimeprofile.unittests.dll" id="1b8e0ba2-8568-23b3-d042-4992ed0f2414">
      <Execution id="cdc5cd61-d819-4d4e-a93d-ce7f4c586c65" />
      <TestMethod codeBase="D:\actions-runner\_work\XPCO\XPCO\Common\SharedTimeProfile\VideoOS.Common.SharedTimeProfile.UnitTests\bin\Debug\VideoOS.Common.SharedTimeProfile.UnitTests.dll" adapterTypeName="executor://mstestadapter/v1" className="VideoOS.Common.SharedTimeProfile.UnitTests.TimeProfileEvaluatorTest" name="TimeProfileEvaluatorConstructorTestEmptyDefinitionXml" />
    </UnitTest>
    <UnitTest name="CheckAllXml_Infragistics_10_2" storage="d:\actions-runner\_work\xpco\xpco\common\sharedtimeprofile\videoos.common.sharedtimeprofile.unittests\bin\debug\videoos.common.sharedtimeprofile.unittests.dll" id="c6f25750-98dc-b291-f173-1465ae573697">
      <Execution id="762d0e6b-680c-43f2-a750-424a3a7555ae" />
      <TestMethod codeBase="D:\actions-runner\_work\XPCO\XPCO\Common\SharedTimeProfile\VideoOS.Common.SharedTimeProfile.UnitTests\bin\Debug\VideoOS.Common.SharedTimeProfile.UnitTests.dll" adapterTypeName="executor://mstestadapter/v1" className="VideoOS.Common.SharedTimeProfile.UnitTests.TimeProfileExplicitConvertionTests" name="CheckAllXml_Infragistics_10_2" />
    </UnitTest>
    <UnitTest name="ConvertGpsValueTestShouldBeInteger3" storage="d:\actions-runner\_work\xpco\xpco\common\sharedtimeprofile\videoos.common.sharedtimeprofile.unittests\bin\debug\videoos.common.sharedtimeprofile.unittests.dll" id="05966a77-506e-b041-2362-8fce34e01585">
      <Execution id="f1486ecf-95e4-4be3-a5f7-93d7f5a7783e" />
      <TestMethod codeBase="D:\actions-runner\_work\XPCO\XPCO\Common\SharedTimeProfile\VideoOS.Common.SharedTimeProfile.UnitTests\bin\Debug\VideoOS.Common.SharedTimeProfile.UnitTests.dll" adapterTypeName="executor://mstestadapter/v1" className="VideoOS.Common.SharedTimeProfile.UnitTests.GPSCoordinateTest" name="ConvertGpsValueTestShouldBeInteger3" />
    </UnitTest>
    <UnitTest name="SunRiseOffsetTest" storage="d:\actions-runner\_work\xpco\xpco\common\sharedtimeprofile\videoos.common.sharedtimeprofile.unittests\bin\debug\videoos.common.sharedtimeprofile.unittests.dll" id="27f575e4-65ef-92c3-9a02-b0227d2ed6cd">
      <Execution id="9d94f2e2-3ce2-40b5-a9ef-21cad87d695a" />
      <TestMethod codeBase="D:\actions-runner\_work\XPCO\XPCO\Common\SharedTimeProfile\VideoOS.Common.SharedTimeProfile.UnitTests\bin\Debug\VideoOS.Common.SharedTimeProfile.UnitTests.dll" adapterTypeName="executor://mstestadapter/v1" className="VideoOS.Common.SharedTimeProfile.UnitTests.TimeProfileSunClockDefinitionTest" name="SunRiseOffsetTest" />
    </UnitTest>
    <UnitTest name="CalculateSunriseSunsetWilliamTestBuenosAires21DecSunrise" storage="d:\actions-runner\_work\xpco\xpco\common\sharedtimeprofile\videoos.common.sharedtimeprofile.unittests\bin\debug\videoos.common.sharedtimeprofile.unittests.dll" id="f7b8e361-d3f6-ef4a-87bf-585d116be20c">
      <Execution id="41423bfc-8523-4514-bc44-98174f2ed738" />
      <TestMethod codeBase="D:\actions-runner\_work\XPCO\XPCO\Common\SharedTimeProfile\VideoOS.Common.SharedTimeProfile.UnitTests\bin\Debug\VideoOS.Common.SharedTimeProfile.UnitTests.dll" adapterTypeName="executor://mstestadapter/v1" className="VideoOS.Common.SharedTimeProfile.UnitTests.TimeProfileSunClockEvaluatorTest" name="CalculateSunriseSunsetWilliamTestBuenosAires21DecSunrise" />
    </UnitTest>
    <UnitTest name="EvaluateTimeProfileTest" storage="d:\actions-runner\_work\xpco\xpco\common\sharedtimeprofile\videoos.common.sharedtimeprofile.unittests\bin\debug\videoos.common.sharedtimeprofile.unittests.dll" id="df6c7f17-5e2b-a3ad-b66c-84cb153fb352">
      <Execution id="18469c6e-c847-4e1f-9e46-eae42d7c25d2" />
      <TestMethod codeBase="D:\actions-runner\_work\XPCO\XPCO\Common\SharedTimeProfile\VideoOS.Common.SharedTimeProfile.UnitTests\bin\Debug\VideoOS.Common.SharedTimeProfile.UnitTests.dll" adapterTypeName="executor://mstestadapter/v1" className="VideoOS.Common.SharedTimeProfile.UnitTests.TimeProfileManagerTest" name="EvaluateTimeProfileTest" />
    </UnitTest>
    <UnitTest name="TimeProfileInfragisticEvaluator63Constructor11Test" storage="d:\actions-runner\_work\xpco\xpco\common\sharedtimeprofile\videoos.common.sharedtimeprofile.unittests\bin\debug\videoos.common.sharedtimeprofile.unittests.dll" id="f905e020-288b-a0b1-37ef-c049a7fb4714">
      <Execution id="465c2e92-87e5-41f5-bdfd-2f113dd218db" />
      <TestMethod codeBase="D:\actions-runner\_work\XPCO\XPCO\Common\SharedTimeProfile\VideoOS.Common.SharedTimeProfile.UnitTests\bin\Debug\VideoOS.Common.SharedTimeProfile.UnitTests.dll" adapterTypeName="executor://mstestadapter/v1" className="VideoOS.Common.SharedTimeProfile.UnitTests.TimeProfileInfragisticEvaluatorTest" name="TimeProfileInfragisticEvaluator63Constructor11Test" />
    </UnitTest>
    <UnitTest name="TimeProfileInfragisticEvaluator102Constructor4Test" storage="d:\actions-runner\_work\xpco\xpco\common\sharedtimeprofile\videoos.common.sharedtimeprofile.unittests\bin\debug\videoos.common.sharedtimeprofile.unittests.dll" id="5c9c0ebd-ab20-b380-819c-9e7ff1f1b916">
      <Execution id="e0618eb2-8396-4da6-aa44-7fb2a79c39a8" />
      <TestMethod codeBase="D:\actions-runner\_work\XPCO\XPCO\Common\SharedTimeProfile\VideoOS.Common.SharedTimeProfile.UnitTests\bin\Debug\VideoOS.Common.SharedTimeProfile.UnitTests.dll" adapterTypeName="executor://mstestadapter/v1" className="VideoOS.Common.SharedTimeProfile.UnitTests.TimeProfileInfragisticEvaluatorTest" name="TimeProfileInfragisticEvaluator102Constructor4Test" />
    </UnitTest>
    <UnitTest name="GetSunriseSunsetAppointmentTestKiruna21DecPlus1TimeZone" storage="d:\actions-runner\_work\xpco\xpco\common\sharedtimeprofile\videoos.common.sharedtimeprofile.unittests\bin\debug\videoos.common.sharedtimeprofile.unittests.dll" id="e996c3b1-63fd-74bb-250d-47a9d9c65e34">
      <Execution id="3c79e1b2-d072-4033-a171-d20c0c062496" />
      <TestMethod codeBase="D:\actions-runner\_work\XPCO\XPCO\Common\SharedTimeProfile\VideoOS.Common.SharedTimeProfile.UnitTests\bin\Debug\VideoOS.Common.SharedTimeProfile.UnitTests.dll" adapterTypeName="executor://mstestadapter/v1" className="VideoOS.Common.SharedTimeProfile.UnitTests.TimeProfileSunClockEvaluatorTest" name="GetSunriseSunsetAppointmentTestKiruna21DecPlus1TimeZone" />
    </UnitTest>
    <UnitTest name="SunSetOffsetOutOfRangeTest" storage="d:\actions-runner\_work\xpco\xpco\common\sharedtimeprofile\videoos.common.sharedtimeprofile.unittests\bin\debug\videoos.common.sharedtimeprofile.unittests.dll" id="00e49518-1eb0-0167-9e2d-e6f8d93302c9">
      <Execution id="ecd699a6-1d5a-41ac-834c-1a24e4886774" />
      <TestMethod codeBase="D:\actions-runner\_work\XPCO\XPCO\Common\SharedTimeProfile\VideoOS.Common.SharedTimeProfile.UnitTests\bin\Debug\VideoOS.Common.SharedTimeProfile.UnitTests.dll" adapterTypeName="executor://mstestadapter/v1" className="VideoOS.Common.SharedTimeProfile.UnitTests.TimeProfileSunClockDefinitionTest" name="SunSetOffsetOutOfRangeTest" />
    </UnitTest>
    <UnitTest name="ConvertGpsValueTestIndex0Length2" storage="d:\actions-runner\_work\xpco\xpco\common\sharedtimeprofile\videoos.common.sharedtimeprofile.unittests\bin\debug\videoos.common.sharedtimeprofile.unittests.dll" id="f08b6afe-650f-013c-1d28-a1575a559f3c">
      <Execution id="3620408d-219f-4d7d-a48e-abeff0c49812" />
      <TestMethod codeBase="D:\actions-runner\_work\XPCO\XPCO\Common\SharedTimeProfile\VideoOS.Common.SharedTimeProfile.UnitTests\bin\Debug\VideoOS.Common.SharedTimeProfile.UnitTests.dll" adapterTypeName="executor://mstestadapter/v1" className="VideoOS.Common.SharedTimeProfile.UnitTests.GPSCoordinateTest" name="ConvertGpsValueTestIndex0Length2" />
    </UnitTest>
    <UnitTest name="GPSCoordinateConstructorTest1InvalidLongitude" storage="d:\actions-runner\_work\xpco\xpco\common\sharedtimeprofile\videoos.common.sharedtimeprofile.unittests\bin\debug\videoos.common.sharedtimeprofile.unittests.dll" id="0de2539f-b2c4-58ee-f307-27f91c575e96">
      <Execution id="6c7df4dd-aaad-4a68-a1b2-9e7b2f70f0b7" />
      <TestMethod codeBase="D:\actions-runner\_work\XPCO\XPCO\Common\SharedTimeProfile\VideoOS.Common.SharedTimeProfile.UnitTests\bin\Debug\VideoOS.Common.SharedTimeProfile.UnitTests.dll" adapterTypeName="executor://mstestadapter/v1" className="VideoOS.Common.SharedTimeProfile.UnitTests.GPSCoordinateTest" name="GPSCoordinateConstructorTest1InvalidLongitude" />
    </UnitTest>
    <UnitTest name="FromXmlInvalidXmlMissingSectionAllTest" storage="d:\actions-runner\_work\xpco\xpco\common\sharedtimeprofile\videoos.common.sharedtimeprofile.unittests\bin\debug\videoos.common.sharedtimeprofile.unittests.dll" id="e9ec7c3d-6f27-9552-3129-398b022f3bae">
      <Execution id="2ec646c8-6611-4478-bf39-a5b71f712d76" />
      <TestMethod codeBase="D:\actions-runner\_work\XPCO\XPCO\Common\SharedTimeProfile\VideoOS.Common.SharedTimeProfile.UnitTests\bin\Debug\VideoOS.Common.SharedTimeProfile.UnitTests.dll" adapterTypeName="executor://mstestadapter/v1" className="VideoOS.Common.SharedTimeProfile.UnitTests.TimeProfileSunClockDefinitionTest" name="FromXmlInvalidXmlMissingSectionAllTest" />
    </UnitTest>
    <UnitTest name="TimeProfileInfragisticEvaluator63Constructor5Test" storage="d:\actions-runner\_work\xpco\xpco\common\sharedtimeprofile\videoos.common.sharedtimeprofile.unittests\bin\debug\videoos.common.sharedtimeprofile.unittests.dll" id="1b86b319-6381-7678-515f-60a624b392a8">
      <Execution id="5c194743-c5af-4060-83ea-942442051d15" />
      <TestMethod codeBase="D:\actions-runner\_work\XPCO\XPCO\Common\SharedTimeProfile\VideoOS.Common.SharedTimeProfile.UnitTests\bin\Debug\VideoOS.Common.SharedTimeProfile.UnitTests.dll" adapterTypeName="executor://mstestadapter/v1" className="VideoOS.Common.SharedTimeProfile.UnitTests.TimeProfileInfragisticEvaluatorTest" name="TimeProfileInfragisticEvaluator63Constructor5Test" />
    </UnitTest>
    <UnitTest name="TimeProfileInfragisticEvaluatorConstructorTest" storage="d:\actions-runner\_work\xpco\xpco\common\sharedtimeprofile\videoos.common.sharedtimeprofile.unittests\bin\debug\videoos.common.sharedtimeprofile.unittests.dll" id="8955c4e1-dc58-f93b-7245-67d85ae63c16">
      <Execution id="74e32fcf-e85e-4e7f-923e-7ed986eb78ce" />
      <TestMethod codeBase="D:\actions-runner\_work\XPCO\XPCO\Common\SharedTimeProfile\VideoOS.Common.SharedTimeProfile.UnitTests\bin\Debug\VideoOS.Common.SharedTimeProfile.UnitTests.dll" adapterTypeName="executor://mstestadapter/v1" className="VideoOS.Common.SharedTimeProfile.UnitTests.TimeProfileInfragisticEvaluatorTest" name="TimeProfileInfragisticEvaluatorConstructorTest" />
    </UnitTest>
    <UnitTest name="CalculateSunriseSunsetWilliamTestSydney21DecSunrise" storage="d:\actions-runner\_work\xpco\xpco\common\sharedtimeprofile\videoos.common.sharedtimeprofile.unittests\bin\debug\videoos.common.sharedtimeprofile.unittests.dll" id="47c35df5-73d3-246c-2358-107289cb2c0c">
      <Execution id="5e8a421b-2325-4635-b235-6f474fd9fc6f" />
      <TestMethod codeBase="D:\actions-runner\_work\XPCO\XPCO\Common\SharedTimeProfile\VideoOS.Common.SharedTimeProfile.UnitTests\bin\Debug\VideoOS.Common.SharedTimeProfile.UnitTests.dll" adapterTypeName="executor://mstestadapter/v1" className="VideoOS.Common.SharedTimeProfile.UnitTests.TimeProfileSunClockEvaluatorTest" name="CalculateSunriseSunsetWilliamTestSydney21DecSunrise" />
    </UnitTest>
    <UnitTest name="TimeProfileInfragisticEvaluatorConstructorArgumentNullTest" storage="d:\actions-runner\_work\xpco\xpco\common\sharedtimeprofile\videoos.common.sharedtimeprofile.unittests\bin\debug\videoos.common.sharedtimeprofile.unittests.dll" id="7fb109f5-4854-ffd1-0e15-48d6af7e793e">
      <Execution id="2150a7a2-584f-4001-aa1d-f1e3af9afdfa" />
      <TestMethod codeBase="D:\actions-runner\_work\XPCO\XPCO\Common\SharedTimeProfile\VideoOS.Common.SharedTimeProfile.UnitTests\bin\Debug\VideoOS.Common.SharedTimeProfile.UnitTests.dll" adapterTypeName="executor://mstestadapter/v1" className="VideoOS.Common.SharedTimeProfile.UnitTests.TimeProfileInfragisticEvaluatorTest" name="TimeProfileInfragisticEvaluatorConstructorArgumentNullTest" />
    </UnitTest>
    <UnitTest name="CalculateSunriseSunsetWilliamTestArctic23SeptemberSunrise" storage="d:\actions-runner\_work\xpco\xpco\common\sharedtimeprofile\videoos.common.sharedtimeprofile.unittests\bin\debug\videoos.common.sharedtimeprofile.unittests.dll" id="a1f1468d-e66d-d2f1-67fa-be6c4177a2f4">
      <Execution id="bc71d292-3c86-4831-8341-89396d23ec4f" />
      <TestMethod codeBase="D:\actions-runner\_work\XPCO\XPCO\Common\SharedTimeProfile\VideoOS.Common.SharedTimeProfile.UnitTests\bin\Debug\VideoOS.Common.SharedTimeProfile.UnitTests.dll" adapterTypeName="executor://mstestadapter/v1" className="VideoOS.Common.SharedTimeProfile.UnitTests.TimeProfileSunClockEvaluatorTest" name="CalculateSunriseSunsetWilliamTestArctic23SeptemberSunrise" />
    </UnitTest>
    <UnitTest name="GetAppointmentsTestAbovePolarCircle26MayPlus10TimeZone" storage="d:\actions-runner\_work\xpco\xpco\common\sharedtimeprofile\videoos.common.sharedtimeprofile.unittests\bin\debug\videoos.common.sharedtimeprofile.unittests.dll" id="80eb8067-1fb7-2836-38c2-d4fde0efb9cf">
      <Execution id="47726536-4f85-4c9b-8730-32153c848dc7" />
      <TestMethod codeBase="D:\actions-runner\_work\XPCO\XPCO\Common\SharedTimeProfile\VideoOS.Common.SharedTimeProfile.UnitTests\bin\Debug\VideoOS.Common.SharedTimeProfile.UnitTests.dll" adapterTypeName="executor://mstestadapter/v1" className="VideoOS.Common.SharedTimeProfile.UnitTests.TimeProfileSunClockEvaluatorTest" name="GetAppointmentsTestAbovePolarCircle26MayPlus10TimeZone" />
    </UnitTest>
    <UnitTest name="GpsParserTestInvalidCharactersInValues" storage="d:\actions-runner\_work\xpco\xpco\common\sharedtimeprofile\videoos.common.sharedtimeprofile.unittests\bin\debug\videoos.common.sharedtimeprofile.unittests.dll" id="83542a67-9f48-2fd5-8a0e-2e59b5dafb39">
      <Execution id="49e332ea-3518-462b-a009-404b98b099b9" />
      <TestMethod codeBase="D:\actions-runner\_work\XPCO\XPCO\Common\SharedTimeProfile\VideoOS.Common.SharedTimeProfile.UnitTests\bin\Debug\VideoOS.Common.SharedTimeProfile.UnitTests.dll" adapterTypeName="executor://mstestadapter/v1" className="VideoOS.Common.SharedTimeProfile.UnitTests.GPSCoordinateTest" name="GpsParserTestInvalidCharactersInValues" />
    </UnitTest>
    <UnitTest name="EvaluateTimeTestSunClockWinterTime1" storage="d:\actions-runner\_work\xpco\xpco\common\sharedtimeprofile\videoos.common.sharedtimeprofile.unittests\bin\debug\videoos.common.sharedtimeprofile.unittests.dll" id="c74a5851-9f37-5478-7e73-6692ffe54338">
      <Execution id="225247c2-0aaf-4549-814b-8a213a0305d8" />
      <TestMethod codeBase="D:\actions-runner\_work\XPCO\XPCO\Common\SharedTimeProfile\VideoOS.Common.SharedTimeProfile.UnitTests\bin\Debug\VideoOS.Common.SharedTimeProfile.UnitTests.dll" adapterTypeName="executor://mstestadapter/v1" className="VideoOS.Common.SharedTimeProfile.UnitTests.TimeProfileEvaluatorTest" name="EvaluateTimeTestSunClockWinterTime1" />
    </UnitTest>
    <UnitTest name="ConvertGpsValueTestShouldBeInteger2" storage="d:\actions-runner\_work\xpco\xpco\common\sharedtimeprofile\videoos.common.sharedtimeprofile.unittests\bin\debug\videoos.common.sharedtimeprofile.unittests.dll" id="383a04ef-5825-cb1c-9fb4-09bd2f078541">
      <Execution id="7b41e802-553d-4c78-8a1f-4561df36fd4e" />
      <TestMethod codeBase="D:\actions-runner\_work\XPCO\XPCO\Common\SharedTimeProfile\VideoOS.Common.SharedTimeProfile.UnitTests\bin\Debug\VideoOS.Common.SharedTimeProfile.UnitTests.dll" adapterTypeName="executor://mstestadapter/v1" className="VideoOS.Common.SharedTimeProfile.UnitTests.GPSCoordinateTest" name="ConvertGpsValueTestShouldBeInteger2" />
    </UnitTest>
    <UnitTest name="TimeProfileInfragisticEvaluator63Constructor12Test" storage="d:\actions-runner\_work\xpco\xpco\common\sharedtimeprofile\videoos.common.sharedtimeprofile.unittests\bin\debug\videoos.common.sharedtimeprofile.unittests.dll" id="55793956-ba2c-ba45-3106-85c74e67f513">
      <Execution id="3c2173a9-8c90-496c-89d1-228813b82131" />
      <TestMethod codeBase="D:\actions-runner\_work\XPCO\XPCO\Common\SharedTimeProfile\VideoOS.Common.SharedTimeProfile.UnitTests\bin\Debug\VideoOS.Common.SharedTimeProfile.UnitTests.dll" adapterTypeName="executor://mstestadapter/v1" className="VideoOS.Common.SharedTimeProfile.UnitTests.TimeProfileInfragisticEvaluatorTest" name="TimeProfileInfragisticEvaluator63Constructor12Test" />
    </UnitTest>
    <UnitTest name="CalculateSunriseSunsetWilliamTestAntarctica20MarchSunrise" storage="d:\actions-runner\_work\xpco\xpco\common\sharedtimeprofile\videoos.common.sharedtimeprofile.unittests\bin\debug\videoos.common.sharedtimeprofile.unittests.dll" id="55460d1e-0e8f-6052-9713-aeface6fdadc">
      <Execution id="a521883a-247d-4fa9-a5d9-b1814976beb1" />
      <TestMethod codeBase="D:\actions-runner\_work\XPCO\XPCO\Common\SharedTimeProfile\VideoOS.Common.SharedTimeProfile.UnitTests\bin\Debug\VideoOS.Common.SharedTimeProfile.UnitTests.dll" adapterTypeName="executor://mstestadapter/v1" className="VideoOS.Common.SharedTimeProfile.UnitTests.TimeProfileSunClockEvaluatorTest" name="CalculateSunriseSunsetWilliamTestAntarctica20MarchSunrise" />
    </UnitTest>
    <UnitTest name="TimeProfileInfragisticEvaluator102Constructor2Test" storage="d:\actions-runner\_work\xpco\xpco\common\sharedtimeprofile\videoos.common.sharedtimeprofile.unittests\bin\debug\videoos.common.sharedtimeprofile.unittests.dll" id="fafc9ed8-5b2d-f7e0-2900-f32577ea26c5">
      <Execution id="50ca8055-cc5a-4f41-91e1-e260c3bbf423" />
      <TestMethod codeBase="D:\actions-runner\_work\XPCO\XPCO\Common\SharedTimeProfile\VideoOS.Common.SharedTimeProfile.UnitTests\bin\Debug\VideoOS.Common.SharedTimeProfile.UnitTests.dll" adapterTypeName="executor://mstestadapter/v1" className="VideoOS.Common.SharedTimeProfile.UnitTests.TimeProfileInfragisticEvaluatorTest" name="TimeProfileInfragisticEvaluator102Constructor2Test" />
    </UnitTest>
    <UnitTest name="TimeProfileInfragisticEvaluator63Constructor7Test" storage="d:\actions-runner\_work\xpco\xpco\common\sharedtimeprofile\videoos.common.sharedtimeprofile.unittests\bin\debug\videoos.common.sharedtimeprofile.unittests.dll" id="0d75fef3-a4df-3ed2-01bd-e52d45b74a59">
      <Execution id="82193ff8-492e-43e5-9491-d3d43f1d1ec6" />
      <TestMethod codeBase="D:\actions-runner\_work\XPCO\XPCO\Common\SharedTimeProfile\VideoOS.Common.SharedTimeProfile.UnitTests\bin\Debug\VideoOS.Common.SharedTimeProfile.UnitTests.dll" adapterTypeName="executor://mstestadapter/v1" className="VideoOS.Common.SharedTimeProfile.UnitTests.TimeProfileInfragisticEvaluatorTest" name="TimeProfileInfragisticEvaluator63Constructor7Test" />
    </UnitTest>
    <UnitTest name="GetAppointmentsAllDayInfragisticVersionTest" storage="d:\actions-runner\_work\xpco\xpco\common\sharedtimeprofile\videoos.common.sharedtimeprofile.unittests\bin\debug\videoos.common.sharedtimeprofile.unittests.dll" id="35825fdb-e7a0-6da1-e63d-dbb2f8a62ccb">
      <Execution id="b0d1fef5-be42-42ad-bb06-e204eb14c7ef" />
      <TestMethod codeBase="D:\actions-runner\_work\XPCO\XPCO\Common\SharedTimeProfile\VideoOS.Common.SharedTimeProfile.UnitTests\bin\Debug\VideoOS.Common.SharedTimeProfile.UnitTests.dll" adapterTypeName="executor://mstestadapter/v1" className="VideoOS.Common.SharedTimeProfile.UnitTests.TimeProfileInfragisticEvaluatorTest" name="GetAppointmentsAllDayInfragisticVersionTest" />
    </UnitTest>
    <UnitTest name="GetAppointmentsNoTimeTest" storage="d:\actions-runner\_work\xpco\xpco\common\sharedtimeprofile\videoos.common.sharedtimeprofile.unittests\bin\debug\videoos.common.sharedtimeprofile.unittests.dll" id="b6b9ede1-0d41-a71a-2651-a36efb5214a1">
      <Execution id="f3ce9647-3bc4-4b91-b842-b86b3b682328" />
      <TestMethod codeBase="D:\actions-runner\_work\XPCO\XPCO\Common\SharedTimeProfile\VideoOS.Common.SharedTimeProfile.UnitTests\bin\Debug\VideoOS.Common.SharedTimeProfile.UnitTests.dll" adapterTypeName="executor://mstestadapter/v1" className="VideoOS.Common.SharedTimeProfile.UnitTests.TimeProfileInfragisticEvaluatorTest" name="GetAppointmentsNoTimeTest" />
    </UnitTest>
    <UnitTest name="CalculateSunriseSunsetWilliamTestAntarctica21JunSunrise" storage="d:\actions-runner\_work\xpco\xpco\common\sharedtimeprofile\videoos.common.sharedtimeprofile.unittests\bin\debug\videoos.common.sharedtimeprofile.unittests.dll" id="71e7203d-23eb-b48d-91ed-440cf6cb05b6">
      <Execution id="c3217696-5df3-4740-b8e8-8c5f16f85830" />
      <TestMethod codeBase="D:\actions-runner\_work\XPCO\XPCO\Common\SharedTimeProfile\VideoOS.Common.SharedTimeProfile.UnitTests\bin\Debug\VideoOS.Common.SharedTimeProfile.UnitTests.dll" adapterTypeName="executor://mstestadapter/v1" className="VideoOS.Common.SharedTimeProfile.UnitTests.TimeProfileSunClockEvaluatorTest" name="CalculateSunriseSunsetWilliamTestAntarctica21JunSunrise" />
    </UnitTest>
    <UnitTest name="GpsParserTest3_3InvalidToUseMinSecAsSeparator" storage="d:\actions-runner\_work\xpco\xpco\common\sharedtimeprofile\videoos.common.sharedtimeprofile.unittests\bin\debug\videoos.common.sharedtimeprofile.unittests.dll" id="a39570f6-db70-203c-a8f0-b2f6eb8bf9ac">
      <Execution id="4c74731a-7fb9-4cb6-b80e-e99cef03dd8a" />
      <TestMethod codeBase="D:\actions-runner\_work\XPCO\XPCO\Common\SharedTimeProfile\VideoOS.Common.SharedTimeProfile.UnitTests\bin\Debug\VideoOS.Common.SharedTimeProfile.UnitTests.dll" adapterTypeName="executor://mstestadapter/v1" className="VideoOS.Common.SharedTimeProfile.UnitTests.GPSCoordinateTest" name="GpsParserTest3_3InvalidToUseMinSecAsSeparator" />
    </UnitTest>
    <UnitTest name="CalculateSunriseSunsetWilliamTestSanJuan21JunSunrise" storage="d:\actions-runner\_work\xpco\xpco\common\sharedtimeprofile\videoos.common.sharedtimeprofile.unittests\bin\debug\videoos.common.sharedtimeprofile.unittests.dll" id="d9c53bfc-56f0-92d0-40aa-bbed606a1815">
      <Execution id="d466500f-067d-44db-9397-fa778d23c027" />
      <TestMethod codeBase="D:\actions-runner\_work\XPCO\XPCO\Common\SharedTimeProfile\VideoOS.Common.SharedTimeProfile.UnitTests\bin\Debug\VideoOS.Common.SharedTimeProfile.UnitTests.dll" adapterTypeName="executor://mstestadapter/v1" className="VideoOS.Common.SharedTimeProfile.UnitTests.TimeProfileSunClockEvaluatorTest" name="CalculateSunriseSunsetWilliamTestSanJuan21JunSunrise" />
    </UnitTest>
    <UnitTest name="GetSunriseSunsetAppointmentTestHonolulu21DecMinus10TimeZone" storage="d:\actions-runner\_work\xpco\xpco\common\sharedtimeprofile\videoos.common.sharedtimeprofile.unittests\bin\debug\videoos.common.sharedtimeprofile.unittests.dll" id="fde826eb-ae78-61b2-4641-224449f88a5f">
      <Execution id="34c30cb5-6b5e-484a-bf94-5cae18e7f185" />
      <TestMethod codeBase="D:\actions-runner\_work\XPCO\XPCO\Common\SharedTimeProfile\VideoOS.Common.SharedTimeProfile.UnitTests\bin\Debug\VideoOS.Common.SharedTimeProfile.UnitTests.dll" adapterTypeName="executor://mstestadapter/v1" className="VideoOS.Common.SharedTimeProfile.UnitTests.TimeProfileSunClockEvaluatorTest" name="GetSunriseSunsetAppointmentTestHonolulu21DecMinus10TimeZone" />
    </UnitTest>
    <UnitTest name="CalculateSunriseSunsetWilliamTestAntarctica21JunSunset" storage="d:\actions-runner\_work\xpco\xpco\common\sharedtimeprofile\videoos.common.sharedtimeprofile.unittests\bin\debug\videoos.common.sharedtimeprofile.unittests.dll" id="b5f3ddf6-f776-43a4-ff13-2320b258e87b">
      <Execution id="855ed08f-d34e-4dfa-9b63-1e04178105e3" />
      <TestMethod codeBase="D:\actions-runner\_work\XPCO\XPCO\Common\SharedTimeProfile\VideoOS.Common.SharedTimeProfile.UnitTests\bin\Debug\VideoOS.Common.SharedTimeProfile.UnitTests.dll" adapterTypeName="executor://mstestadapter/v1" className="VideoOS.Common.SharedTimeProfile.UnitTests.TimeProfileSunClockEvaluatorTest" name="CalculateSunriseSunsetWilliamTestAntarctica21JunSunset" />
    </UnitTest>
    <UnitTest name="ValidateTestInvalidFormat" storage="d:\actions-runner\_work\xpco\xpco\common\sharedtimeprofile\videoos.common.sharedtimeprofile.unittests\bin\debug\videoos.common.sharedtimeprofile.unittests.dll" id="08def05e-40bb-d498-3a0a-780a212a1f6d">
      <Execution id="6c03dd28-ce09-4b83-8e3b-411fa711c013" />
      <TestMethod codeBase="D:\actions-runner\_work\XPCO\XPCO\Common\SharedTimeProfile\VideoOS.Common.SharedTimeProfile.UnitTests\bin\Debug\VideoOS.Common.SharedTimeProfile.UnitTests.dll" adapterTypeName="executor://mstestadapter/v1" className="VideoOS.Common.SharedTimeProfile.UnitTests.GPSCoordinateTest" name="ValidateTestInvalidFormat" />
    </UnitTest>
    <UnitTest name="ConvertGpsValueTestIndex1Length2" storage="d:\actions-runner\_work\xpco\xpco\common\sharedtimeprofile\videoos.common.sharedtimeprofile.unittests\bin\debug\videoos.common.sharedtimeprofile.unittests.dll" id="2d32db9a-3dde-342c-a755-a62b25d926b2">
      <Execution id="3194b3fd-23f1-4205-a298-d6da49346797" />
      <TestMethod codeBase="D:\actions-runner\_work\XPCO\XPCO\Common\SharedTimeProfile\VideoOS.Common.SharedTimeProfile.UnitTests\bin\Debug\VideoOS.Common.SharedTimeProfile.UnitTests.dll" adapterTypeName="executor://mstestadapter/v1" className="VideoOS.Common.SharedTimeProfile.UnitTests.GPSCoordinateTest" name="ConvertGpsValueTestIndex1Length2" />
    </UnitTest>
    <UnitTest name="TimeProfileSunClockDefinitionConstructorSunRiseOutOfRangeTest" storage="d:\actions-runner\_work\xpco\xpco\common\sharedtimeprofile\videoos.common.sharedtimeprofile.unittests\bin\debug\videoos.common.sharedtimeprofile.unittests.dll" id="6e40d45a-2d99-d8d5-483e-26ee641c5fc5">
      <Execution id="26d63a10-54e6-4628-a475-9aea3a4123ee" />
      <TestMethod codeBase="D:\actions-runner\_work\XPCO\XPCO\Common\SharedTimeProfile\VideoOS.Common.SharedTimeProfile.UnitTests\bin\Debug\VideoOS.Common.SharedTimeProfile.UnitTests.dll" adapterTypeName="executor://mstestadapter/v1" className="VideoOS.Common.SharedTimeProfile.UnitTests.TimeProfileSunClockDefinitionTest" name="TimeProfileSunClockDefinitionConstructorSunRiseOutOfRangeTest" />
    </UnitTest>
    <UnitTest name="ValidateTestInvalidLatitude" storage="d:\actions-runner\_work\xpco\xpco\common\sharedtimeprofile\videoos.common.sharedtimeprofile.unittests\bin\debug\videoos.common.sharedtimeprofile.unittests.dll" id="8974ac3d-6afd-1f6d-fb2e-258cf4f3875d">
      <Execution id="9790b05f-81aa-48d7-ad88-c1490f578e95" />
      <TestMethod codeBase="D:\actions-runner\_work\XPCO\XPCO\Common\SharedTimeProfile\VideoOS.Common.SharedTimeProfile.UnitTests\bin\Debug\VideoOS.Common.SharedTimeProfile.UnitTests.dll" adapterTypeName="executor://mstestadapter/v1" className="VideoOS.Common.SharedTimeProfile.UnitTests.GPSCoordinateTest" name="ValidateTestInvalidLatitude" />
    </UnitTest>
    <UnitTest name="GpsParserTest1_1BlocksNoneMinus" storage="d:\actions-runner\_work\xpco\xpco\common\sharedtimeprofile\videoos.common.sharedtimeprofile.unittests\bin\debug\videoos.common.sharedtimeprofile.unittests.dll" id="27a8de52-7d3e-3ccf-b86b-0735fbd8ca25">
      <Execution id="60f09743-e720-4c48-99de-98f6c1d6b5c6" />
      <TestMethod codeBase="D:\actions-runner\_work\XPCO\XPCO\Common\SharedTimeProfile\VideoOS.Common.SharedTimeProfile.UnitTests\bin\Debug\VideoOS.Common.SharedTimeProfile.UnitTests.dll" adapterTypeName="executor://mstestadapter/v1" className="VideoOS.Common.SharedTimeProfile.UnitTests.GPSCoordinateTest" name="GpsParserTest1_1BlocksNoneMinus" />
    </UnitTest>
    <UnitTest name="CalculateSunriseSunsetWilliamTestAntarctica20MarchSunset" storage="d:\actions-runner\_work\xpco\xpco\common\sharedtimeprofile\videoos.common.sharedtimeprofile.unittests\bin\debug\videoos.common.sharedtimeprofile.unittests.dll" id="4967ca88-241d-80b3-55ce-223db234230d">
      <Execution id="06897f0e-6e28-45e4-ad78-e710cfd6c7ca" />
      <TestMethod codeBase="D:\actions-runner\_work\XPCO\XPCO\Common\SharedTimeProfile\VideoOS.Common.SharedTimeProfile.UnitTests\bin\Debug\VideoOS.Common.SharedTimeProfile.UnitTests.dll" adapterTypeName="executor://mstestadapter/v1" className="VideoOS.Common.SharedTimeProfile.UnitTests.TimeProfileSunClockEvaluatorTest" name="CalculateSunriseSunsetWilliamTestAntarctica20MarchSunset" />
    </UnitTest>
    <UnitTest name="GetSunriseSunsetAppointmentTestSidney21DecUtcTimeZone" storage="d:\actions-runner\_work\xpco\xpco\common\sharedtimeprofile\videoos.common.sharedtimeprofile.unittests\bin\debug\videoos.common.sharedtimeprofile.unittests.dll" id="3daf4e07-f501-08ed-20c9-215cb67cedac">
      <Execution id="5caa5100-18f4-4f4d-8c8d-adce96f79577" />
      <TestMethod codeBase="D:\actions-runner\_work\XPCO\XPCO\Common\SharedTimeProfile\VideoOS.Common.SharedTimeProfile.UnitTests\bin\Debug\VideoOS.Common.SharedTimeProfile.UnitTests.dll" adapterTypeName="executor://mstestadapter/v1" className="VideoOS.Common.SharedTimeProfile.UnitTests.TimeProfileSunClockEvaluatorTest" name="GetSunriseSunsetAppointmentTestSidney21DecUtcTimeZone" />
    </UnitTest>
    <UnitTest name="TimeProfileSunClockEvaluatorConstructorTestDefinitionInvalid" storage="d:\actions-runner\_work\xpco\xpco\common\sharedtimeprofile\videoos.common.sharedtimeprofile.unittests\bin\debug\videoos.common.sharedtimeprofile.unittests.dll" id="aa569e18-851e-b27d-8835-6598cfda9d12">
      <Execution id="a1c5eb81-ae22-4f82-8bfe-6540ccac8d8d" />
      <TestMethod codeBase="D:\actions-runner\_work\XPCO\XPCO\Common\SharedTimeProfile\VideoOS.Common.SharedTimeProfile.UnitTests\bin\Debug\VideoOS.Common.SharedTimeProfile.UnitTests.dll" adapterTypeName="executor://mstestadapter/v1" className="VideoOS.Common.SharedTimeProfile.UnitTests.TimeProfileSunClockEvaluatorTest" name="TimeProfileSunClockEvaluatorConstructorTestDefinitionInvalid" />
    </UnitTest>
    <UnitTest name="TimeProfileSunClockDefinitionConstructorSunRiseOutOfRange1Test" storage="d:\actions-runner\_work\xpco\xpco\common\sharedtimeprofile\videoos.common.sharedtimeprofile.unittests\bin\debug\videoos.common.sharedtimeprofile.unittests.dll" id="1b755ad0-36d2-1e59-0194-4cb8875518aa">
      <Execution id="2bf8564f-5370-4ab0-9c50-b5bf6fca521a" />
      <TestMethod codeBase="D:\actions-runner\_work\XPCO\XPCO\Common\SharedTimeProfile\VideoOS.Common.SharedTimeProfile.UnitTests\bin\Debug\VideoOS.Common.SharedTimeProfile.UnitTests.dll" adapterTypeName="executor://mstestadapter/v1" className="VideoOS.Common.SharedTimeProfile.UnitTests.TimeProfileSunClockDefinitionTest" name="TimeProfileSunClockDefinitionConstructorSunRiseOutOfRange1Test" />
    </UnitTest>
    <UnitTest name="GetAppointmentDurationTest" storage="d:\actions-runner\_work\xpco\xpco\common\sharedtimeprofile\videoos.common.sharedtimeprofile.unittests\bin\debug\videoos.common.sharedtimeprofile.unittests.dll" id="1eea9b1e-c799-2a01-548d-be592caf3d78">
      <Execution id="274a2cae-66d1-4588-90d6-27c868148f2f" />
      <TestMethod codeBase="D:\actions-runner\_work\XPCO\XPCO\Common\SharedTimeProfile\VideoOS.Common.SharedTimeProfile.UnitTests\bin\Debug\VideoOS.Common.SharedTimeProfile.UnitTests.dll" adapterTypeName="executor://mstestadapter/v1" className="VideoOS.Common.SharedTimeProfile.UnitTests.TimeProfileManagerTest" name="GetAppointmentDurationTest" />
    </UnitTest>
    <UnitTest name="GetAppointmentsTestSummerTime1" storage="d:\actions-runner\_work\xpco\xpco\common\sharedtimeprofile\videoos.common.sharedtimeprofile.unittests\bin\debug\videoos.common.sharedtimeprofile.unittests.dll" id="149853f5-81b9-550c-8264-e14b13aa7deb">
      <Execution id="f1273b21-db5c-407d-9ceb-3ba37f2e846a" />
      <TestMethod codeBase="D:\actions-runner\_work\XPCO\XPCO\Common\SharedTimeProfile\VideoOS.Common.SharedTimeProfile.UnitTests\bin\Debug\VideoOS.Common.SharedTimeProfile.UnitTests.dll" adapterTypeName="executor://mstestadapter/v1" className="VideoOS.Common.SharedTimeProfile.UnitTests.TimeProfileSunClockEvaluatorTest" name="GetAppointmentsTestSummerTime1" />
    </UnitTest>
    <UnitTest name="GetSunriseSunsetAppointmentTestKiruna21JunPlus1TimeZone" storage="d:\actions-runner\_work\xpco\xpco\common\sharedtimeprofile\videoos.common.sharedtimeprofile.unittests\bin\debug\videoos.common.sharedtimeprofile.unittests.dll" id="950b4f8a-72a1-79e3-c6f4-1851cd55c9f5">
      <Execution id="eb20faf1-7687-4941-bea7-7d351371e6c6" />
      <TestMethod codeBase="D:\actions-runner\_work\XPCO\XPCO\Common\SharedTimeProfile\VideoOS.Common.SharedTimeProfile.UnitTests\bin\Debug\VideoOS.Common.SharedTimeProfile.UnitTests.dll" adapterTypeName="executor://mstestadapter/v1" className="VideoOS.Common.SharedTimeProfile.UnitTests.TimeProfileSunClockEvaluatorTest" name="GetSunriseSunsetAppointmentTestKiruna21JunPlus1TimeZone" />
    </UnitTest>
    <UnitTest name="CalculateSunriseSunsetWilliamTestArctic20MarchSunrise" storage="d:\actions-runner\_work\xpco\xpco\common\sharedtimeprofile\videoos.common.sharedtimeprofile.unittests\bin\debug\videoos.common.sharedtimeprofile.unittests.dll" id="2def43c4-5dfb-2fa0-af4e-5be32426bf66">
      <Execution id="ca1b20f7-3ccc-4748-aa9d-026197f77e1d" />
      <TestMethod codeBase="D:\actions-runner\_work\XPCO\XPCO\Common\SharedTimeProfile\VideoOS.Common.SharedTimeProfile.UnitTests\bin\Debug\VideoOS.Common.SharedTimeProfile.UnitTests.dll" adapterTypeName="executor://mstestadapter/v1" className="VideoOS.Common.SharedTimeProfile.UnitTests.TimeProfileSunClockEvaluatorTest" name="CalculateSunriseSunsetWilliamTestArctic20MarchSunrise" />
    </UnitTest>
    <UnitTest name="GpsParserTest1_1BlocksPlusMinus" storage="d:\actions-runner\_work\xpco\xpco\common\sharedtimeprofile\videoos.common.sharedtimeprofile.unittests\bin\debug\videoos.common.sharedtimeprofile.unittests.dll" id="c6792ab0-e874-a40e-7df8-6f52efeed0f1">
      <Execution id="e46583f2-5095-4f29-880a-631ee112d52a" />
      <TestMethod codeBase="D:\actions-runner\_work\XPCO\XPCO\Common\SharedTimeProfile\VideoOS.Common.SharedTimeProfile.UnitTests\bin\Debug\VideoOS.Common.SharedTimeProfile.UnitTests.dll" adapterTypeName="executor://mstestadapter/v1" className="VideoOS.Common.SharedTimeProfile.UnitTests.GPSCoordinateTest" name="GpsParserTest1_1BlocksPlusMinus" />
    </UnitTest>
    <UnitTest name="TimeProfileInfragisticEvaluator102Constructor10Test" storage="d:\actions-runner\_work\xpco\xpco\common\sharedtimeprofile\videoos.common.sharedtimeprofile.unittests\bin\debug\videoos.common.sharedtimeprofile.unittests.dll" id="fc0db961-b79d-838f-fa02-63a72aea9e40">
      <Execution id="13ab4c82-a939-427b-9818-c56355c3ce38" />
      <TestMethod codeBase="D:\actions-runner\_work\XPCO\XPCO\Common\SharedTimeProfile\VideoOS.Common.SharedTimeProfile.UnitTests\bin\Debug\VideoOS.Common.SharedTimeProfile.UnitTests.dll" adapterTypeName="executor://mstestadapter/v1" className="VideoOS.Common.SharedTimeProfile.UnitTests.TimeProfileInfragisticEvaluatorTest" name="TimeProfileInfragisticEvaluator102Constructor10Test" />
    </UnitTest>
    <UnitTest name="TimeProfileEvaluatorConstructorTestInfragistics" storage="d:\actions-runner\_work\xpco\xpco\common\sharedtimeprofile\videoos.common.sharedtimeprofile.unittests\bin\debug\videoos.common.sharedtimeprofile.unittests.dll" id="a8f03229-2497-a343-fb26-79a1166086a7">
      <Execution id="e9436a3c-e38c-4049-b5a2-2e15f7ce2ca5" />
      <TestMethod codeBase="D:\actions-runner\_work\XPCO\XPCO\Common\SharedTimeProfile\VideoOS.Common.SharedTimeProfile.UnitTests\bin\Debug\VideoOS.Common.SharedTimeProfile.UnitTests.dll" adapterTypeName="executor://mstestadapter/v1" className="VideoOS.Common.SharedTimeProfile.UnitTests.TimeProfileEvaluatorTest" name="TimeProfileEvaluatorConstructorTestInfragistics" />
    </UnitTest>
    <UnitTest name="FromXmlInvalidXmlNoArgumentOutOfRangeGPSTest" storage="d:\actions-runner\_work\xpco\xpco\common\sharedtimeprofile\videoos.common.sharedtimeprofile.unittests\bin\debug\videoos.common.sharedtimeprofile.unittests.dll" id="3b56f814-ecc8-39ee-c7ef-349eccf9ec86">
      <Execution id="90344471-5476-40b2-8304-2c3db50c37b0" />
      <TestMethod codeBase="D:\actions-runner\_work\XPCO\XPCO\Common\SharedTimeProfile\VideoOS.Common.SharedTimeProfile.UnitTests\bin\Debug\VideoOS.Common.SharedTimeProfile.UnitTests.dll" adapterTypeName="executor://mstestadapter/v1" className="VideoOS.Common.SharedTimeProfile.UnitTests.TimeProfileSunClockDefinitionTest" name="FromXmlInvalidXmlNoArgumentOutOfRangeGPSTest" />
    </UnitTest>
    <UnitTest name="GetAppointmentsRecurringMonthlyFirstMondayInfragisticVersionTest" storage="d:\actions-runner\_work\xpco\xpco\common\sharedtimeprofile\videoos.common.sharedtimeprofile.unittests\bin\debug\videoos.common.sharedtimeprofile.unittests.dll" id="0c7ff491-23e9-4251-bdc2-ca3c95b91cb2">
      <Execution id="8ef65367-360b-4a64-bff0-1b50692e286e" />
      <TestMethod codeBase="D:\actions-runner\_work\XPCO\XPCO\Common\SharedTimeProfile\VideoOS.Common.SharedTimeProfile.UnitTests\bin\Debug\VideoOS.Common.SharedTimeProfile.UnitTests.dll" adapterTypeName="executor://mstestadapter/v1" className="VideoOS.Common.SharedTimeProfile.UnitTests.TimeProfileInfragisticEvaluatorTest" name="GetAppointmentsRecurringMonthlyFirstMondayInfragisticVersionTest" />
    </UnitTest>
    <UnitTest name="TimeProfileInfragisticEvaluator102Constructor16Test" storage="d:\actions-runner\_work\xpco\xpco\common\sharedtimeprofile\videoos.common.sharedtimeprofile.unittests\bin\debug\videoos.common.sharedtimeprofile.unittests.dll" id="eeb01f0c-4fbc-2723-d889-96e02879be19">
      <Execution id="e7997c54-f62a-4337-aa63-b5a81f1b0b81" />
      <TestMethod codeBase="D:\actions-runner\_work\XPCO\XPCO\Common\SharedTimeProfile\VideoOS.Common.SharedTimeProfile.UnitTests\bin\Debug\VideoOS.Common.SharedTimeProfile.UnitTests.dll" adapterTypeName="executor://mstestadapter/v1" className="VideoOS.Common.SharedTimeProfile.UnitTests.TimeProfileInfragisticEvaluatorTest" name="TimeProfileInfragisticEvaluator102Constructor16Test" />
    </UnitTest>
    <UnitTest name="GetSunriseSunsetAppointmentTestHonolulu21DecUtcTimeZone" storage="d:\actions-runner\_work\xpco\xpco\common\sharedtimeprofile\videoos.common.sharedtimeprofile.unittests\bin\debug\videoos.common.sharedtimeprofile.unittests.dll" id="91bf7515-6dc2-2cb8-8d29-989112a67c97">
      <Execution id="acf7b748-3303-4fd8-95c8-bfc298586f61" />
      <TestMethod codeBase="D:\actions-runner\_work\XPCO\XPCO\Common\SharedTimeProfile\VideoOS.Common.SharedTimeProfile.UnitTests\bin\Debug\VideoOS.Common.SharedTimeProfile.UnitTests.dll" adapterTypeName="executor://mstestadapter/v1" className="VideoOS.Common.SharedTimeProfile.UnitTests.TimeProfileSunClockEvaluatorTest" name="GetSunriseSunsetAppointmentTestHonolulu21DecUtcTimeZone" />
    </UnitTest>
    <UnitTest name="CalculateSunriseSunsetWilliamTestNearAntarctica21DecSunset" storage="d:\actions-runner\_work\xpco\xpco\common\sharedtimeprofile\videoos.common.sharedtimeprofile.unittests\bin\debug\videoos.common.sharedtimeprofile.unittests.dll" id="c3621c47-1bc0-4d94-e183-c2875952971e">
      <Execution id="2a8923ef-41e3-4e75-a44b-fc0672d00632" />
      <TestMethod codeBase="D:\actions-runner\_work\XPCO\XPCO\Common\SharedTimeProfile\VideoOS.Common.SharedTimeProfile.UnitTests\bin\Debug\VideoOS.Common.SharedTimeProfile.UnitTests.dll" adapterTypeName="executor://mstestadapter/v1" className="VideoOS.Common.SharedTimeProfile.UnitTests.TimeProfileSunClockEvaluatorTest" name="CalculateSunriseSunsetWilliamTestNearAntarctica21DecSunset" />
    </UnitTest>
    <UnitTest name="EvaluateTimeTestSunClockWinterTime2" storage="d:\actions-runner\_work\xpco\xpco\common\sharedtimeprofile\videoos.common.sharedtimeprofile.unittests\bin\debug\videoos.common.sharedtimeprofile.unittests.dll" id="3d256b09-1b94-0003-48ef-e76b2ee2457e">
      <Execution id="5d3a73c1-932c-4573-ac84-f561af13851e" />
      <TestMethod codeBase="D:\actions-runner\_work\XPCO\XPCO\Common\SharedTimeProfile\VideoOS.Common.SharedTimeProfile.UnitTests\bin\Debug\VideoOS.Common.SharedTimeProfile.UnitTests.dll" adapterTypeName="executor://mstestadapter/v1" className="VideoOS.Common.SharedTimeProfile.UnitTests.TimeProfileEvaluatorTest" name="EvaluateTimeTestSunClockWinterTime2" />
    </UnitTest>
    <UnitTest name="TimeProfileInfragisticEvaluator63Constructor14Test" storage="d:\actions-runner\_work\xpco\xpco\common\sharedtimeprofile\videoos.common.sharedtimeprofile.unittests\bin\debug\videoos.common.sharedtimeprofile.unittests.dll" id="ef3b6c05-1ca0-3341-3253-81d5679bd515">
      <Execution id="3d5cd485-8b08-4c51-8ec5-e58f78f46bd0" />
      <TestMethod codeBase="D:\actions-runner\_work\XPCO\XPCO\Common\SharedTimeProfile\VideoOS.Common.SharedTimeProfile.UnitTests\bin\Debug\VideoOS.Common.SharedTimeProfile.UnitTests.dll" adapterTypeName="executor://mstestadapter/v1" className="VideoOS.Common.SharedTimeProfile.UnitTests.TimeProfileInfragisticEvaluatorTest" name="TimeProfileInfragisticEvaluator63Constructor14Test" />
    </UnitTest>
    <UnitTest name="ConvertGpsValueTestInvalidDoubleString3" storage="d:\actions-runner\_work\xpco\xpco\common\sharedtimeprofile\videoos.common.sharedtimeprofile.unittests\bin\debug\videoos.common.sharedtimeprofile.unittests.dll" id="9f56f6e2-3f62-d2cf-b319-98ca06ea9fb1">
      <Execution id="637de121-01eb-41e6-8cef-91f381cc3b21" />
      <TestMethod codeBase="D:\actions-runner\_work\XPCO\XPCO\Common\SharedTimeProfile\VideoOS.Common.SharedTimeProfile.UnitTests\bin\Debug\VideoOS.Common.SharedTimeProfile.UnitTests.dll" adapterTypeName="executor://mstestadapter/v1" className="VideoOS.Common.SharedTimeProfile.UnitTests.GPSCoordinateTest" name="ConvertGpsValueTestInvalidDoubleString3" />
    </UnitTest>
    <UnitTest name="CalculateSunriseSunsetWilliamTestNearAntarctica23SeptemberSunrise" storage="d:\actions-runner\_work\xpco\xpco\common\sharedtimeprofile\videoos.common.sharedtimeprofile.unittests\bin\debug\videoos.common.sharedtimeprofile.unittests.dll" id="22ae6555-1abb-ccea-7162-a023f9e97eda">
      <Execution id="2979b269-7701-4beb-be5e-478dac09f0c9" />
      <TestMethod codeBase="D:\actions-runner\_work\XPCO\XPCO\Common\SharedTimeProfile\VideoOS.Common.SharedTimeProfile.UnitTests\bin\Debug\VideoOS.Common.SharedTimeProfile.UnitTests.dll" adapterTypeName="executor://mstestadapter/v1" className="VideoOS.Common.SharedTimeProfile.UnitTests.TimeProfileSunClockEvaluatorTest" name="CalculateSunriseSunsetWilliamTestNearAntarctica23SeptemberSunrise" />
    </UnitTest>
    <UnitTest name="GpsParserTestInvalidGpsDirection2" storage="d:\actions-runner\_work\xpco\xpco\common\sharedtimeprofile\videoos.common.sharedtimeprofile.unittests\bin\debug\videoos.common.sharedtimeprofile.unittests.dll" id="ffefc0b1-07f0-2837-77ec-18947018b495">
      <Execution id="376b525f-32d6-4834-883d-4be2118df7e5" />
      <TestMethod codeBase="D:\actions-runner\_work\XPCO\XPCO\Common\SharedTimeProfile\VideoOS.Common.SharedTimeProfile.UnitTests\bin\Debug\VideoOS.Common.SharedTimeProfile.UnitTests.dll" adapterTypeName="executor://mstestadapter/v1" className="VideoOS.Common.SharedTimeProfile.UnitTests.GPSCoordinateTest" name="GpsParserTestInvalidGpsDirection2" />
    </UnitTest>
    <UnitTest name="GetAppointmentDurationTestSunClockCopenhagen2Appointments" storage="d:\actions-runner\_work\xpco\xpco\common\sharedtimeprofile\videoos.common.sharedtimeprofile.unittests\bin\debug\videoos.common.sharedtimeprofile.unittests.dll" id="7e15c37b-052f-c0ef-cd9c-3f13d0e7904a">
      <Execution id="1cc84a61-ac95-41c6-80d5-953c671fa1ae" />
      <TestMethod codeBase="D:\actions-runner\_work\XPCO\XPCO\Common\SharedTimeProfile\VideoOS.Common.SharedTimeProfile.UnitTests\bin\Debug\VideoOS.Common.SharedTimeProfile.UnitTests.dll" adapterTypeName="executor://mstestadapter/v1" className="VideoOS.Common.SharedTimeProfile.UnitTests.TimeProfileEvaluatorTest" name="GetAppointmentDurationTestSunClockCopenhagen2Appointments" />
    </UnitTest>
    <UnitTest name="CalculateSunriseSunsetWilliamTestKiruna21DecSunset" storage="d:\actions-runner\_work\xpco\xpco\common\sharedtimeprofile\videoos.common.sharedtimeprofile.unittests\bin\debug\videoos.common.sharedtimeprofile.unittests.dll" id="d4f70a06-aa0d-f700-4086-93b8cbf1a2b6">
      <Execution id="8a87e429-4911-4cb3-8703-5fd4fe1ac7cd" />
      <TestMethod codeBase="D:\actions-runner\_work\XPCO\XPCO\Common\SharedTimeProfile\VideoOS.Common.SharedTimeProfile.UnitTests\bin\Debug\VideoOS.Common.SharedTimeProfile.UnitTests.dll" adapterTypeName="executor://mstestadapter/v1" className="VideoOS.Common.SharedTimeProfile.UnitTests.TimeProfileSunClockEvaluatorTest" name="CalculateSunriseSunsetWilliamTestKiruna21DecSunset" />
    </UnitTest>
    <UnitTest name="GetAppointmentsTestKiruna10DecMinus10TimeZone" storage="d:\actions-runner\_work\xpco\xpco\common\sharedtimeprofile\videoos.common.sharedtimeprofile.unittests\bin\debug\videoos.common.sharedtimeprofile.unittests.dll" id="3e03f8bd-1e12-ae11-dd37-5281771442d6">
      <Execution id="1745aadc-04da-4cfd-8775-00d0b2f098d7" />
      <TestMethod codeBase="D:\actions-runner\_work\XPCO\XPCO\Common\SharedTimeProfile\VideoOS.Common.SharedTimeProfile.UnitTests\bin\Debug\VideoOS.Common.SharedTimeProfile.UnitTests.dll" adapterTypeName="executor://mstestadapter/v1" className="VideoOS.Common.SharedTimeProfile.UnitTests.TimeProfileSunClockEvaluatorTest" name="GetAppointmentsTestKiruna10DecMinus10TimeZone" />
    </UnitTest>
    <UnitTest name="TimeProfileSunClockDefinitionConstructorOffSet1Test" storage="d:\actions-runner\_work\xpco\xpco\common\sharedtimeprofile\videoos.common.sharedtimeprofile.unittests\bin\debug\videoos.common.sharedtimeprofile.unittests.dll" id="85cdc7ee-f644-66aa-259a-b04ec8e73fa0">
      <Execution id="d9bc0070-24e0-4bf2-a56e-4f7ddb354c6f" />
      <TestMethod codeBase="D:\actions-runner\_work\XPCO\XPCO\Common\SharedTimeProfile\VideoOS.Common.SharedTimeProfile.UnitTests\bin\Debug\VideoOS.Common.SharedTimeProfile.UnitTests.dll" adapterTypeName="executor://mstestadapter/v1" className="VideoOS.Common.SharedTimeProfile.UnitTests.TimeProfileSunClockDefinitionTest" name="TimeProfileSunClockDefinitionConstructorOffSet1Test" />
    </UnitTest>
    <UnitTest name="TimeProfileInfragisticEvaluator102Constructor5Test" storage="d:\actions-runner\_work\xpco\xpco\common\sharedtimeprofile\videoos.common.sharedtimeprofile.unittests\bin\debug\videoos.common.sharedtimeprofile.unittests.dll" id="fb72dbef-e0bd-c211-55f5-37d0524cf04d">
      <Execution id="f897202e-6e35-4fb3-903e-87bc3b0d95cd" />
      <TestMethod codeBase="D:\actions-runner\_work\XPCO\XPCO\Common\SharedTimeProfile\VideoOS.Common.SharedTimeProfile.UnitTests\bin\Debug\VideoOS.Common.SharedTimeProfile.UnitTests.dll" adapterTypeName="executor://mstestadapter/v1" className="VideoOS.Common.SharedTimeProfile.UnitTests.TimeProfileInfragisticEvaluatorTest" name="TimeProfileInfragisticEvaluator102Constructor5Test" />
    </UnitTest>
    <UnitTest name="CalculateSunriseSunsetWilliamTestKiruna21DecSunrise" storage="d:\actions-runner\_work\xpco\xpco\common\sharedtimeprofile\videoos.common.sharedtimeprofile.unittests\bin\debug\videoos.common.sharedtimeprofile.unittests.dll" id="0ce9f62e-871e-e0b0-9096-ca51e499b2ff">
      <Execution id="5611b4fe-f9f5-4451-b919-333f18f6466c" />
      <TestMethod codeBase="D:\actions-runner\_work\XPCO\XPCO\Common\SharedTimeProfile\VideoOS.Common.SharedTimeProfile.UnitTests\bin\Debug\VideoOS.Common.SharedTimeProfile.UnitTests.dll" adapterTypeName="executor://mstestadapter/v1" className="VideoOS.Common.SharedTimeProfile.UnitTests.TimeProfileSunClockEvaluatorTest" name="CalculateSunriseSunsetWilliamTestKiruna21DecSunrise" />
    </UnitTest>
    <UnitTest name="GetSunriseSunsetAppointmentTestKiruna5DecPlus1TimeZone" storage="d:\actions-runner\_work\xpco\xpco\common\sharedtimeprofile\videoos.common.sharedtimeprofile.unittests\bin\debug\videoos.common.sharedtimeprofile.unittests.dll" id="7b4ac955-2928-a089-b5f9-e3572fce70d8">
      <Execution id="c217f5fc-3073-47c7-a9d2-651b5e1f96c9" />
      <TestMethod codeBase="D:\actions-runner\_work\XPCO\XPCO\Common\SharedTimeProfile\VideoOS.Common.SharedTimeProfile.UnitTests\bin\Debug\VideoOS.Common.SharedTimeProfile.UnitTests.dll" adapterTypeName="executor://mstestadapter/v1" className="VideoOS.Common.SharedTimeProfile.UnitTests.TimeProfileSunClockEvaluatorTest" name="GetSunriseSunsetAppointmentTestKiruna5DecPlus1TimeZone" />
    </UnitTest>
    <UnitTest name="GetAppointmentsSingleTwoDaysTest" storage="d:\actions-runner\_work\xpco\xpco\common\sharedtimeprofile\videoos.common.sharedtimeprofile.unittests\bin\debug\videoos.common.sharedtimeprofile.unittests.dll" id="8b297e67-a2ba-d7d0-6dee-e4217aa91b53">
      <Execution id="be8658f2-30af-4b75-9573-d8a3b143f5ce" />
      <TestMethod codeBase="D:\actions-runner\_work\XPCO\XPCO\Common\SharedTimeProfile\VideoOS.Common.SharedTimeProfile.UnitTests\bin\Debug\VideoOS.Common.SharedTimeProfile.UnitTests.dll" adapterTypeName="executor://mstestadapter/v1" className="VideoOS.Common.SharedTimeProfile.UnitTests.TimeProfileInfragisticEvaluatorTest" name="GetAppointmentsSingleTwoDaysTest" />
    </UnitTest>
    <UnitTest name="TimeProfileInfragisticEvaluator63Constructor16Test" storage="d:\actions-runner\_work\xpco\xpco\common\sharedtimeprofile\videoos.common.sharedtimeprofile.unittests\bin\debug\videoos.common.sharedtimeprofile.unittests.dll" id="b6a408ca-0567-f3d9-15c7-5588e0c24a6e">
      <Execution id="fc886982-da67-4f51-97b5-3e5727583850" />
      <TestMethod codeBase="D:\actions-runner\_work\XPCO\XPCO\Common\SharedTimeProfile\VideoOS.Common.SharedTimeProfile.UnitTests\bin\Debug\VideoOS.Common.SharedTimeProfile.UnitTests.dll" adapterTypeName="executor://mstestadapter/v1" className="VideoOS.Common.SharedTimeProfile.UnitTests.TimeProfileInfragisticEvaluatorTest" name="TimeProfileInfragisticEvaluator63Constructor16Test" />
    </UnitTest>
    <UnitTest name="TimeProfileInfragisticEvaluator63Constructor8Test" storage="d:\actions-runner\_work\xpco\xpco\common\sharedtimeprofile\videoos.common.sharedtimeprofile.unittests\bin\debug\videoos.common.sharedtimeprofile.unittests.dll" id="3021c021-44d2-7826-95bd-2df425a9c95a">
      <Execution id="73bbc1e1-2f55-4078-91e7-592332dcee5a" />
      <TestMethod codeBase="D:\actions-runner\_work\XPCO\XPCO\Common\SharedTimeProfile\VideoOS.Common.SharedTimeProfile.UnitTests\bin\Debug\VideoOS.Common.SharedTimeProfile.UnitTests.dll" adapterTypeName="executor://mstestadapter/v1" className="VideoOS.Common.SharedTimeProfile.UnitTests.TimeProfileInfragisticEvaluatorTest" name="TimeProfileInfragisticEvaluator63Constructor8Test" />
    </UnitTest>
    <UnitTest name="TimeProfileInfragisticEvaluator102Constructor12Test" storage="d:\actions-runner\_work\xpco\xpco\common\sharedtimeprofile\videoos.common.sharedtimeprofile.unittests\bin\debug\videoos.common.sharedtimeprofile.unittests.dll" id="abe7a446-048d-c7c0-50af-1fc22c46e1e2">
      <Execution id="f2abf741-75cf-4017-aa2d-9d138e1cd5ff" />
      <TestMethod codeBase="D:\actions-runner\_work\XPCO\XPCO\Common\SharedTimeProfile\VideoOS.Common.SharedTimeProfile.UnitTests\bin\Debug\VideoOS.Common.SharedTimeProfile.UnitTests.dll" adapterTypeName="executor://mstestadapter/v1" className="VideoOS.Common.SharedTimeProfile.UnitTests.TimeProfileInfragisticEvaluatorTest" name="TimeProfileInfragisticEvaluator102Constructor12Test" />
    </UnitTest>
    <UnitTest name="GpsParserTest2_2BlocksReverseOrder" storage="d:\actions-runner\_work\xpco\xpco\common\sharedtimeprofile\videoos.common.sharedtimeprofile.unittests\bin\debug\videoos.common.sharedtimeprofile.unittests.dll" id="937ad0b9-5a8b-66f4-b4f0-9054f89d98a6">
      <Execution id="13626e5e-85df-4f70-9e88-1bf8ca25864b" />
      <TestMethod codeBase="D:\actions-runner\_work\XPCO\XPCO\Common\SharedTimeProfile\VideoOS.Common.SharedTimeProfile.UnitTests\bin\Debug\VideoOS.Common.SharedTimeProfile.UnitTests.dll" adapterTypeName="executor://mstestadapter/v1" className="VideoOS.Common.SharedTimeProfile.UnitTests.GPSCoordinateTest" name="GpsParserTest2_2BlocksReverseOrder" />
    </UnitTest>
    <UnitTest name="CalculateSunriseSunsetWilliamTestDaresSalaam21DecSunset" storage="d:\actions-runner\_work\xpco\xpco\common\sharedtimeprofile\videoos.common.sharedtimeprofile.unittests\bin\debug\videoos.common.sharedtimeprofile.unittests.dll" id="b4eab433-b121-8e14-43a8-0af5eb06a4c3">
      <Execution id="8bc11bee-bf81-43fa-9ab6-657e54b42984" />
      <TestMethod codeBase="D:\actions-runner\_work\XPCO\XPCO\Common\SharedTimeProfile\VideoOS.Common.SharedTimeProfile.UnitTests\bin\Debug\VideoOS.Common.SharedTimeProfile.UnitTests.dll" adapterTypeName="executor://mstestadapter/v1" className="VideoOS.Common.SharedTimeProfile.UnitTests.TimeProfileSunClockEvaluatorTest" name="CalculateSunriseSunsetWilliamTestDaresSalaam21DecSunset" />
    </UnitTest>
    <UnitTest name="GetAppointmentsTestKiruna21DecLocalTimeZone" storage="d:\actions-runner\_work\xpco\xpco\common\sharedtimeprofile\videoos.common.sharedtimeprofile.unittests\bin\debug\videoos.common.sharedtimeprofile.unittests.dll" id="4260a93d-c009-c44b-4695-b172268be0f0">
      <Execution id="6a87a8f3-1bf6-4806-bc61-5dbd7812cf24" />
      <TestMethod codeBase="D:\actions-runner\_work\XPCO\XPCO\Common\SharedTimeProfile\VideoOS.Common.SharedTimeProfile.UnitTests\bin\Debug\VideoOS.Common.SharedTimeProfile.UnitTests.dll" adapterTypeName="executor://mstestadapter/v1" className="VideoOS.Common.SharedTimeProfile.UnitTests.TimeProfileSunClockEvaluatorTest" name="GetAppointmentsTestKiruna21DecLocalTimeZone" />
    </UnitTest>
    <UnitTest name="TimeProfileInfragisticEvaluator102Constructor13Test" storage="d:\actions-runner\_work\xpco\xpco\common\sharedtimeprofile\videoos.common.sharedtimeprofile.unittests\bin\debug\videoos.common.sharedtimeprofile.unittests.dll" id="43a99bb5-43f1-efb5-cec3-1d56c80fb62a">
      <Execution id="124d2505-c95b-4827-a8d0-d0a34e56224e" />
      <TestMethod codeBase="D:\actions-runner\_work\XPCO\XPCO\Common\SharedTimeProfile\VideoOS.Common.SharedTimeProfile.UnitTests\bin\Debug\VideoOS.Common.SharedTimeProfile.UnitTests.dll" adapterTypeName="executor://mstestadapter/v1" className="VideoOS.Common.SharedTimeProfile.UnitTests.TimeProfileInfragisticEvaluatorTest" name="TimeProfileInfragisticEvaluator102Constructor13Test" />
    </UnitTest>
    <UnitTest name="ValidateTestOK" storage="d:\actions-runner\_work\xpco\xpco\common\sharedtimeprofile\videoos.common.sharedtimeprofile.unittests\bin\debug\videoos.common.sharedtimeprofile.unittests.dll" id="4ca16436-c34b-dd64-ed5d-5d5132e0fd8c">
      <Execution id="53f595e4-c107-475c-89b8-86bb8be69f6a" />
      <TestMethod codeBase="D:\actions-runner\_work\XPCO\XPCO\Common\SharedTimeProfile\VideoOS.Common.SharedTimeProfile.UnitTests\bin\Debug\VideoOS.Common.SharedTimeProfile.UnitTests.dll" adapterTypeName="executor://mstestadapter/v1" className="VideoOS.Common.SharedTimeProfile.UnitTests.GPSCoordinateTest" name="ValidateTestOK" />
    </UnitTest>
    <UnitTest name="ConvertGpsValueTestShouldBeInteger1" storage="d:\actions-runner\_work\xpco\xpco\common\sharedtimeprofile\videoos.common.sharedtimeprofile.unittests\bin\debug\videoos.common.sharedtimeprofile.unittests.dll" id="0e167cd8-2313-9673-8a55-beabbbfff408">
      <Execution id="8a334568-0ada-4a05-a39e-9be87a3bd4f7" />
      <TestMethod codeBase="D:\actions-runner\_work\XPCO\XPCO\Common\SharedTimeProfile\VideoOS.Common.SharedTimeProfile.UnitTests\bin\Debug\VideoOS.Common.SharedTimeProfile.UnitTests.dll" adapterTypeName="executor://mstestadapter/v1" className="VideoOS.Common.SharedTimeProfile.UnitTests.GPSCoordinateTest" name="ConvertGpsValueTestShouldBeInteger1" />
    </UnitTest>
    <UnitTest name="GetSunriseSunsetAppointmentTestHonolulu21DecPlus10TimeZone" storage="d:\actions-runner\_work\xpco\xpco\common\sharedtimeprofile\videoos.common.sharedtimeprofile.unittests\bin\debug\videoos.common.sharedtimeprofile.unittests.dll" id="4d4bc531-568f-7e64-a92a-1f9939778b34">
      <Execution id="cce5839c-024e-4f0c-aa13-77a9322ada30" />
      <TestMethod codeBase="D:\actions-runner\_work\XPCO\XPCO\Common\SharedTimeProfile\VideoOS.Common.SharedTimeProfile.UnitTests\bin\Debug\VideoOS.Common.SharedTimeProfile.UnitTests.dll" adapterTypeName="executor://mstestadapter/v1" className="VideoOS.Common.SharedTimeProfile.UnitTests.TimeProfileSunClockEvaluatorTest" name="GetSunriseSunsetAppointmentTestHonolulu21DecPlus10TimeZone" />
    </UnitTest>
    <UnitTest name="CalculateSunriseSunsetWilliamTestAntarctica19MarchSunset" storage="d:\actions-runner\_work\xpco\xpco\common\sharedtimeprofile\videoos.common.sharedtimeprofile.unittests\bin\debug\videoos.common.sharedtimeprofile.unittests.dll" id="172d48d9-0c0f-445e-57ee-56537b195ba2">
      <Execution id="695bc8b1-dbf2-4bb7-b85b-6de7093c33b0" />
      <TestMethod codeBase="D:\actions-runner\_work\XPCO\XPCO\Common\SharedTimeProfile\VideoOS.Common.SharedTimeProfile.UnitTests\bin\Debug\VideoOS.Common.SharedTimeProfile.UnitTests.dll" adapterTypeName="executor://mstestadapter/v1" className="VideoOS.Common.SharedTimeProfile.UnitTests.TimeProfileSunClockEvaluatorTest" name="CalculateSunriseSunsetWilliamTestAntarctica19MarchSunset" />
    </UnitTest>
    <UnitTest name="TimeProfileInfragisticEvaluatorStripTimeZoneInfoInfragisticTest" storage="d:\actions-runner\_work\xpco\xpco\common\sharedtimeprofile\videoos.common.sharedtimeprofile.unittests\bin\debug\videoos.common.sharedtimeprofile.unittests.dll" id="d86a238d-13bd-4ee9-3d0a-978f829adc5a">
      <Execution id="5fddaf3a-9426-4330-b321-c67172220684" />
      <TestMethod codeBase="D:\actions-runner\_work\XPCO\XPCO\Common\SharedTimeProfile\VideoOS.Common.SharedTimeProfile.UnitTests\bin\Debug\VideoOS.Common.SharedTimeProfile.UnitTests.dll" adapterTypeName="executor://mstestadapter/v1" className="VideoOS.Common.SharedTimeProfile.UnitTests.TimeProfileInfragisticEvaluatorTest" name="TimeProfileInfragisticEvaluatorStripTimeZoneInfoInfragisticTest" />
    </UnitTest>
    <UnitTest name="CalculateSunriseSunsetWilliamTestHonolulu21DecSunrise" storage="d:\actions-runner\_work\xpco\xpco\common\sharedtimeprofile\videoos.common.sharedtimeprofile.unittests\bin\debug\videoos.common.sharedtimeprofile.unittests.dll" id="9dc0bbe2-d5a1-fdd8-eef5-0abe67d1f186">
      <Execution id="dafde2c5-6f2f-44b1-a078-46681d7574ba" />
      <TestMethod codeBase="D:\actions-runner\_work\XPCO\XPCO\Common\SharedTimeProfile\VideoOS.Common.SharedTimeProfile.UnitTests\bin\Debug\VideoOS.Common.SharedTimeProfile.UnitTests.dll" adapterTypeName="executor://mstestadapter/v1" className="VideoOS.Common.SharedTimeProfile.UnitTests.TimeProfileSunClockEvaluatorTest" name="CalculateSunriseSunsetWilliamTestHonolulu21DecSunrise" />
    </UnitTest>
    <UnitTest name="FromXmlInvalidXmlInvalidTimeZoneIdTest" storage="d:\actions-runner\_work\xpco\xpco\common\sharedtimeprofile\videoos.common.sharedtimeprofile.unittests\bin\debug\videoos.common.sharedtimeprofile.unittests.dll" id="3e71affa-6e0f-fe00-2b83-7398b5a081c2">
      <Execution id="49082930-b4c6-4102-b2bd-3a9a925183f6" />
      <TestMethod codeBase="D:\actions-runner\_work\XPCO\XPCO\Common\SharedTimeProfile\VideoOS.Common.SharedTimeProfile.UnitTests\bin\Debug\VideoOS.Common.SharedTimeProfile.UnitTests.dll" adapterTypeName="executor://mstestadapter/v1" className="VideoOS.Common.SharedTimeProfile.UnitTests.TimeProfileSunClockDefinitionTest" name="FromXmlInvalidXmlInvalidTimeZoneIdTest" />
    </UnitTest>
    <UnitTest name="GpsParserTest1_1BlocksNorthWest" storage="d:\actions-runner\_work\xpco\xpco\common\sharedtimeprofile\videoos.common.sharedtimeprofile.unittests\bin\debug\videoos.common.sharedtimeprofile.unittests.dll" id="906de6dd-d020-9630-4ec1-1e9223c78743">
      <Execution id="a51a1781-f970-4ffb-af6c-2147f5722703" />
      <TestMethod codeBase="D:\actions-runner\_work\XPCO\XPCO\Common\SharedTimeProfile\VideoOS.Common.SharedTimeProfile.UnitTests\bin\Debug\VideoOS.Common.SharedTimeProfile.UnitTests.dll" adapterTypeName="executor://mstestadapter/v1" className="VideoOS.Common.SharedTimeProfile.UnitTests.GPSCoordinateTest" name="GpsParserTest1_1BlocksNorthWest" />
    </UnitTest>
    <UnitTest name="CalculateSunriseSunsetWilliamTestKiruna23SeptemberSunrise" storage="d:\actions-runner\_work\xpco\xpco\common\sharedtimeprofile\videoos.common.sharedtimeprofile.unittests\bin\debug\videoos.common.sharedtimeprofile.unittests.dll" id="2302141c-19e6-6c88-34e1-4d080f2de502">
      <Execution id="722feee4-5f95-423b-8a64-0ce564d2a6b0" />
      <TestMethod codeBase="D:\actions-runner\_work\XPCO\XPCO\Common\SharedTimeProfile\VideoOS.Common.SharedTimeProfile.UnitTests\bin\Debug\VideoOS.Common.SharedTimeProfile.UnitTests.dll" adapterTypeName="executor://mstestadapter/v1" className="VideoOS.Common.SharedTimeProfile.UnitTests.TimeProfileSunClockEvaluatorTest" name="CalculateSunriseSunsetWilliamTestKiruna23SeptemberSunrise" />
    </UnitTest>
    <UnitTest name="TimeProfileSunClockEvaluatorConstructorTestDefinition" storage="d:\actions-runner\_work\xpco\xpco\common\sharedtimeprofile\videoos.common.sharedtimeprofile.unittests\bin\debug\videoos.common.sharedtimeprofile.unittests.dll" id="54625439-e3a8-2538-60b3-8cdeb1aa3245">
      <Execution id="dad98636-ec14-4736-9cc0-a6f3a9edfac5" />
      <TestMethod codeBase="D:\actions-runner\_work\XPCO\XPCO\Common\SharedTimeProfile\VideoOS.Common.SharedTimeProfile.UnitTests\bin\Debug\VideoOS.Common.SharedTimeProfile.UnitTests.dll" adapterTypeName="executor://mstestadapter/v1" className="VideoOS.Common.SharedTimeProfile.UnitTests.TimeProfileSunClockEvaluatorTest" name="TimeProfileSunClockEvaluatorConstructorTestDefinition" />
    </UnitTest>
    <UnitTest name="TimeProfileInfragisticEvaluator63Constructor4Test" storage="d:\actions-runner\_work\xpco\xpco\common\sharedtimeprofile\videoos.common.sharedtimeprofile.unittests\bin\debug\videoos.common.sharedtimeprofile.unittests.dll" id="770cf38a-e9f6-a6ff-e3db-fe7e04ec6dad">
      <Execution id="5a11903c-0e75-4a57-b2f0-00b605848062" />
      <TestMethod codeBase="D:\actions-runner\_work\XPCO\XPCO\Common\SharedTimeProfile\VideoOS.Common.SharedTimeProfile.UnitTests\bin\Debug\VideoOS.Common.SharedTimeProfile.UnitTests.dll" adapterTypeName="executor://mstestadapter/v1" className="VideoOS.Common.SharedTimeProfile.UnitTests.TimeProfileInfragisticEvaluatorTest" name="TimeProfileInfragisticEvaluator63Constructor4Test" />
    </UnitTest>
    <UnitTest name="CalculateSunriseSunsetWilliamTestKiruna20MarchSunrise" storage="d:\actions-runner\_work\xpco\xpco\common\sharedtimeprofile\videoos.common.sharedtimeprofile.unittests\bin\debug\videoos.common.sharedtimeprofile.unittests.dll" id="101d059b-3dc7-48e7-8888-8e64ee1e83bc">
      <Execution id="db9bf10e-edac-4d10-ac49-584b8f575a16" />
      <TestMethod codeBase="D:\actions-runner\_work\XPCO\XPCO\Common\SharedTimeProfile\VideoOS.Common.SharedTimeProfile.UnitTests\bin\Debug\VideoOS.Common.SharedTimeProfile.UnitTests.dll" adapterTypeName="executor://mstestadapter/v1" className="VideoOS.Common.SharedTimeProfile.UnitTests.TimeProfileSunClockEvaluatorTest" name="CalculateSunriseSunsetWilliamTestKiruna20MarchSunrise" />
    </UnitTest>
  </TestDefinitions>
  <TestEntries>
    <TestEntry testId="00f59221-51f6-5f5f-b900-c8b61388cee5" executionId="455da686-1cc8-4ba3-883d-eba5ec01cbf1" testListId="8c84fa94-04c1-424b-9868-57a2d4851a1d" />
    <TestEntry testId="48ec1499-341d-1cb2-beaa-f9ed3ce20c71" executionId="e651a035-b3a1-4994-ab4b-7ce58cfa56b3" testListId="8c84fa94-04c1-424b-9868-57a2d4851a1d" />
    <TestEntry testId="383a04ef-5825-cb1c-9fb4-09bd2f078541" executionId="7b41e802-553d-4c78-8a1f-4561df36fd4e" testListId="8c84fa94-04c1-424b-9868-57a2d4851a1d" />
    <TestEntry testId="1b8e0ba2-8568-23b3-d042-4992ed0f2414" executionId="cdc5cd61-d819-4d4e-a93d-ce7f4c586c65" testListId="8c84fa94-04c1-424b-9868-57a2d4851a1d" />
    <TestEntry testId="0e167cd8-2313-9673-8a55-beabbbfff408" executionId="8a334568-0ada-4a05-a39e-9be87a3bd4f7" testListId="8c84fa94-04c1-424b-9868-57a2d4851a1d" />
    <TestEntry testId="ef3b6c05-1ca0-3341-3253-81d5679bd515" executionId="3d5cd485-8b08-4c51-8ec5-e58f78f46bd0" testListId="8c84fa94-04c1-424b-9868-57a2d4851a1d" />
    <TestEntry testId="009e14de-19b7-db98-a739-8bbc02368178" executionId="13f6565f-9a2d-4927-bc75-39ef03d14c93" testListId="8c84fa94-04c1-424b-9868-57a2d4851a1d" />
    <TestEntry testId="27f575e4-65ef-92c3-9a02-b0227d2ed6cd" executionId="9d94f2e2-3ce2-40b5-a9ef-21cad87d695a" testListId="8c84fa94-04c1-424b-9868-57a2d4851a1d" />
    <TestEntry testId="97614ee1-27d4-b1a0-9484-4f07335beedc" executionId="87e5a228-f30b-4ebc-8ca9-66a43101363c" testListId="8c84fa94-04c1-424b-9868-57a2d4851a1d" />
    <TestEntry testId="74a34188-634f-fbe5-4903-b9c428214b61" executionId="b041b040-6dd9-418c-9a90-c37181c078ac" testListId="8c84fa94-04c1-424b-9868-57a2d4851a1d" />
    <TestEntry testId="aa569e18-851e-b27d-8835-6598cfda9d12" executionId="a1c5eb81-ae22-4f82-8bfe-6540ccac8d8d" testListId="8c84fa94-04c1-424b-9868-57a2d4851a1d" />
    <TestEntry testId="607c77ae-0ce7-2503-7071-aaa8fa477a85" executionId="6cced0a5-7484-474b-860d-db9d475b2f36" testListId="8c84fa94-04c1-424b-9868-57a2d4851a1d" />
    <TestEntry testId="c93085ac-e401-6950-cfae-87b809c9ef9a" executionId="de08798d-b31e-45fd-9463-e804182a412b" testListId="8c84fa94-04c1-424b-9868-57a2d4851a1d" />
    <TestEntry testId="fd1b2b00-81fc-6740-e329-6ce1ad9360d3" executionId="ea8e44ee-230e-46fe-98da-447cfd0d3e74" testListId="8c84fa94-04c1-424b-9868-57a2d4851a1d" />
    <TestEntry testId="f9beaaf0-10a7-73eb-4fb8-e9837e9fddd0" executionId="613a7253-44ed-421a-8a11-ca8f44882e58" testListId="8c84fa94-04c1-424b-9868-57a2d4851a1d" />
    <TestEntry testId="9f5d6f4b-02c3-64e9-84ac-afabc871759b" executionId="429b0750-9a07-42fa-a2f9-0710284b7898" testListId="8c84fa94-04c1-424b-9868-57a2d4851a1d" />
    <TestEntry testId="67dab46f-e8bf-b6c9-2215-abf798ce5177" executionId="f77e42ab-c94b-4b78-96ef-8a002955e407" testListId="8c84fa94-04c1-424b-9868-57a2d4851a1d" />
    <TestEntry testId="bb763d64-bd2c-489a-41a9-30e5016396f3" executionId="1c00aba6-c464-41be-befd-b2ba36b98651" testListId="8c84fa94-04c1-424b-9868-57a2d4851a1d" />
    <TestEntry testId="55460d1e-0e8f-6052-9713-aeface6fdadc" executionId="a521883a-247d-4fa9-a5d9-b1814976beb1" testListId="8c84fa94-04c1-424b-9868-57a2d4851a1d" />
    <TestEntry testId="44930243-4111-dbb4-8c53-c01a73dfbdcf" executionId="5befc8bc-cd00-4660-aa9b-e9a1e68c4e69" testListId="8c84fa94-04c1-424b-9868-57a2d4851a1d" />
    <TestEntry testId="6067eef9-e285-9264-f7ef-01f941fa7106" executionId="2bfd9c37-c696-460d-aff0-8c49efcf710e" testListId="8c84fa94-04c1-424b-9868-57a2d4851a1d" />
    <TestEntry testId="56b77972-8496-2533-665d-6ff6f53b6c88" executionId="0214388b-d82a-4e69-aef7-b0e32204bd2b" testListId="8c84fa94-04c1-424b-9868-57a2d4851a1d" />
    <TestEntry testId="fa284fdc-18fb-fcd2-218b-f7b20f6cc759" executionId="89af9cdc-07d7-40e8-8ade-55436832f4ee" testListId="8c84fa94-04c1-424b-9868-57a2d4851a1d" />
    <TestEntry testId="8fc42727-c160-5c09-30bf-69bd9d436bc6" executionId="4d56d8ba-3467-4d6a-b4fd-1d9d860fe64c" testListId="8c84fa94-04c1-424b-9868-57a2d4851a1d" />
    <TestEntry testId="1eca0d05-3265-9abf-6197-aa4b6b60bd0a" executionId="813ca293-d5d3-47ec-a3a0-a9d6d0350e77" testListId="8c84fa94-04c1-424b-9868-57a2d4851a1d" />
    <TestEntry testId="c9ce7aa5-bbfd-56e9-124c-e7f400054279" executionId="7f40787b-3854-4ef5-8c5b-34b000184bb5" testListId="8c84fa94-04c1-424b-9868-57a2d4851a1d" />
    <TestEntry testId="272429f7-0805-104f-1831-9b6b50c761ba" executionId="80149f5f-b1c6-47a7-82cf-bcea3e888ad8" testListId="8c84fa94-04c1-424b-9868-57a2d4851a1d" />
    <TestEntry testId="783f29cd-a288-da8b-7874-90366a5f61cd" executionId="1b324efc-dcca-492c-be95-70e34e80dc8a" testListId="8c84fa94-04c1-424b-9868-57a2d4851a1d" />
    <TestEntry testId="b5791c6f-731a-161c-a4b6-eaf9c2d63856" executionId="22595267-8542-4cb1-95c7-34b15624b634" testListId="8c84fa94-04c1-424b-9868-57a2d4851a1d" />
    <TestEntry testId="7a61fdad-8b7d-c539-1e73-75d1d9b8f909" executionId="61a9c62b-1c67-4ba3-b185-07fc6d540285" testListId="8c84fa94-04c1-424b-9868-57a2d4851a1d" />
    <TestEntry testId="3a359610-7c6b-a3d8-e491-5c661bbf7a56" executionId="d10cbe25-c78b-4092-9e3e-51ca997bed3a" testListId="8c84fa94-04c1-424b-9868-57a2d4851a1d" />
    <TestEntry testId="25ddeb20-43b9-7349-53df-8f37657a4e94" executionId="29ace03a-bb63-488d-baa1-cd2dd5ee5d05" testListId="8c84fa94-04c1-424b-9868-57a2d4851a1d" />
    <TestEntry testId="97473037-5957-d583-450f-b7fae11d019a" executionId="7928539e-b0ed-408e-9f49-874bdf897b8a" testListId="8c84fa94-04c1-424b-9868-57a2d4851a1d" />
    <TestEntry testId="90f8f8a6-c3f6-6b4a-88ef-f9138dc3eafd" executionId="e3af3762-4c87-4e13-aff3-79b2efc8443a" testListId="8c84fa94-04c1-424b-9868-57a2d4851a1d" />
    <TestEntry testId="937ad0b9-5a8b-66f4-b4f0-9054f89d98a6" executionId="13626e5e-85df-4f70-9e88-1bf8ca25864b" testListId="8c84fa94-04c1-424b-9868-57a2d4851a1d" />
    <TestEntry testId="172d48d9-0c0f-445e-57ee-56537b195ba2" executionId="695bc8b1-dbf2-4bb7-b85b-6de7093c33b0" testListId="8c84fa94-04c1-424b-9868-57a2d4851a1d" />
    <TestEntry testId="01060d2e-a408-9ccb-36c4-31dfc89a58a2" executionId="ce0a0978-6a86-4016-afce-7355dde61041" testListId="8c84fa94-04c1-424b-9868-57a2d4851a1d" />
    <TestEntry testId="07159d24-1774-0cdb-aa7d-7a3161ce03fb" executionId="e4087e2c-e360-4cde-912a-7f760a448654" testListId="8c84fa94-04c1-424b-9868-57a2d4851a1d" />
    <TestEntry testId="bff2154c-e34b-8b76-7f48-f60d9e79b6c3" executionId="d8aacc35-ea16-4ef2-b4c2-e8d2cd92e5a1" testListId="8c84fa94-04c1-424b-9868-57a2d4851a1d" />
    <TestEntry testId="a39570f6-db70-203c-a8f0-b2f6eb8bf9ac" executionId="4c74731a-7fb9-4cb6-b80e-e99cef03dd8a" testListId="8c84fa94-04c1-424b-9868-57a2d4851a1d" />
    <TestEntry testId="209fb869-3bb8-0ad0-2d48-3cf5aff72025" executionId="6b9be245-2bee-4679-a23b-4ba203ea5dda" testListId="8c84fa94-04c1-424b-9868-57a2d4851a1d" />
    <TestEntry testId="92e050ed-76e4-200a-af9c-65eb2cd36702" executionId="11b7f5e1-fd23-47e8-bcab-f1e99e54a4d1" testListId="8c84fa94-04c1-424b-9868-57a2d4851a1d" />
    <TestEntry testId="ca149664-fae0-94fd-6818-7554b36a4db0" executionId="b8391a4d-9044-4fa0-91e0-92e01907332c" testListId="8c84fa94-04c1-424b-9868-57a2d4851a1d" />
    <TestEntry testId="db4c7fe5-182a-2eab-f3c2-020911e75a79" executionId="71b0f3d5-89e7-4f26-8f47-ef651159a42e" testListId="8c84fa94-04c1-424b-9868-57a2d4851a1d" />
    <TestEntry testId="a78256cc-1c8c-5f7d-4107-fe67c0130a32" executionId="9bb31eae-ab97-4144-9319-77a66bf1ccb5" testListId="8c84fa94-04c1-424b-9868-57a2d4851a1d" />
    <TestEntry testId="fd29b022-2597-f295-8a12-994e68c1cbb4" executionId="9b6c9147-704a-4f97-8007-29f7de4a348b" testListId="8c84fa94-04c1-424b-9868-57a2d4851a1d" />
    <TestEntry testId="8974ac3d-6afd-1f6d-fb2e-258cf4f3875d" executionId="9790b05f-81aa-48d7-ad88-c1490f578e95" testListId="8c84fa94-04c1-424b-9868-57a2d4851a1d" />
    <TestEntry testId="02de3c6e-6892-a8e6-d0ca-e5a0fcdcccbb" executionId="62de1cd6-b9b2-4117-a904-3066b000361e" testListId="8c84fa94-04c1-424b-9868-57a2d4851a1d" />
    <TestEntry testId="b6b9ede1-0d41-a71a-2651-a36efb5214a1" executionId="f3ce9647-3bc4-4b91-b842-b86b3b682328" testListId="8c84fa94-04c1-424b-9868-57a2d4851a1d" />
    <TestEntry testId="0ce9f62e-871e-e0b0-9096-ca51e499b2ff" executionId="5611b4fe-f9f5-4451-b919-333f18f6466c" testListId="8c84fa94-04c1-424b-9868-57a2d4851a1d" />
    <TestEntry testId="f1526c2b-a0e5-86ec-70c7-d844ed71e85b" executionId="5b238d07-2a04-458b-9e5a-79a1d28d4b97" testListId="8c84fa94-04c1-424b-9868-57a2d4851a1d" />
    <TestEntry testId="1b5485f2-7291-34f1-d7dd-0a5405d813c0" executionId="94e33746-b6d7-4b01-adce-9290a697f6f5" testListId="8c84fa94-04c1-424b-9868-57a2d4851a1d" />
    <TestEntry testId="74713417-66f0-59fa-108b-18017d08a6b0" executionId="e647599c-f085-47b4-9b36-44d40300f088" testListId="8c84fa94-04c1-424b-9868-57a2d4851a1d" />
    <TestEntry testId="d49acc2c-c8f0-690f-662d-81f62af04f7c" executionId="e6f840e3-d91e-4032-89c4-f309fca7401c" testListId="8c84fa94-04c1-424b-9868-57a2d4851a1d" />
    <TestEntry testId="36e6b174-be9c-dffd-c6db-8a38a2faa3a1" executionId="83986007-f382-40d5-aff6-435f76e745e5" testListId="8c84fa94-04c1-424b-9868-57a2d4851a1d" />
    <TestEntry testId="4f13681f-0610-ff50-9950-300c35d7f3ad" executionId="a56e16c4-dbc7-4b7d-bb17-9fe68308cf0d" testListId="8c84fa94-04c1-424b-9868-57a2d4851a1d" />
    <TestEntry testId="82ce9500-0ad4-31fc-7834-2550cba50d46" executionId="01e57b16-a590-43e8-9713-94af9a6c037d" testListId="8c84fa94-04c1-424b-9868-57a2d4851a1d" />
    <TestEntry testId="c6817535-703b-de19-124f-ad8b2440d227" executionId="17f33282-bc04-453c-a790-eb9e59829301" testListId="8c84fa94-04c1-424b-9868-57a2d4851a1d" />
    <TestEntry testId="8934ff67-1110-491a-922f-e701ca280e9c" executionId="7eff5c47-27f3-4ec9-970f-4ab4a0f538f1" testListId="8c84fa94-04c1-424b-9868-57a2d4851a1d" />
    <TestEntry testId="d4f70a06-aa0d-f700-4086-93b8cbf1a2b6" executionId="8a87e429-4911-4cb3-8703-5fd4fe1ac7cd" testListId="8c84fa94-04c1-424b-9868-57a2d4851a1d" />
    <TestEntry testId="fafc9ed8-5b2d-f7e0-2900-f32577ea26c5" executionId="50ca8055-cc5a-4f41-91e1-e260c3bbf423" testListId="8c84fa94-04c1-424b-9868-57a2d4851a1d" />
    <TestEntry testId="782436d0-5a8d-a02f-0bfd-9a6031818617" executionId="deed8ba7-b159-426b-b355-4c614496457d" testListId="8c84fa94-04c1-424b-9868-57a2d4851a1d" />
    <TestEntry testId="1ce8dff0-0b03-e7bf-5529-dea934e2af27" executionId="35712463-754f-4acf-8f1b-98fe2a154131" testListId="8c84fa94-04c1-424b-9868-57a2d4851a1d" />
    <TestEntry testId="f768655d-e560-cf1c-0478-327d95aa7a3a" executionId="f68fc821-adc9-4cfb-9dc3-7480b672801f" testListId="8c84fa94-04c1-424b-9868-57a2d4851a1d" />
    <TestEntry testId="58c138c7-d5bb-0635-68dd-2714dd63ab1c" executionId="fd96e264-3ff4-4101-9f0d-02ee42cb9ed3" testListId="8c84fa94-04c1-424b-9868-57a2d4851a1d" />
    <TestEntry testId="64c05577-259d-848a-3f07-af62e246f5e5" executionId="74dd634c-6928-4c5b-a252-4ffb40f45f25" testListId="8c84fa94-04c1-424b-9868-57a2d4851a1d" />
    <TestEntry testId="69557ab7-ccbd-e32c-c07c-1d6d2ced4f3a" executionId="d2e9adfa-9222-48b5-bada-8fde2fb340aa" testListId="8c84fa94-04c1-424b-9868-57a2d4851a1d" />
    <TestEntry testId="6911ee4f-9adb-7049-54c4-57869dbd9d07" executionId="16f7b25b-7d32-4d73-9f92-fcf02bcb3a6a" testListId="8c84fa94-04c1-424b-9868-57a2d4851a1d" />
    <TestEntry testId="2def43c4-5dfb-2fa0-af4e-5be32426bf66" executionId="ca1b20f7-3ccc-4748-aa9d-026197f77e1d" testListId="8c84fa94-04c1-424b-9868-57a2d4851a1d" />
    <TestEntry testId="8b133ef5-fbdf-46c7-4778-871e2898cfac" executionId="3ce71bd7-4181-4b1d-99f0-ceb923b97598" testListId="8c84fa94-04c1-424b-9868-57a2d4851a1d" />
    <TestEntry testId="65804ae7-ccb1-dad7-48f4-a48d24d0caff" executionId="92c46544-af6f-4cae-8213-2faa45ff13f3" testListId="8c84fa94-04c1-424b-9868-57a2d4851a1d" />
    <TestEntry testId="be92f62d-823d-4f94-dc90-32cb017a8849" executionId="99e9dfca-5206-481c-9129-0c139ae8e6e2" testListId="8c84fa94-04c1-424b-9868-57a2d4851a1d" />
    <TestEntry testId="fba7445f-092a-03b2-b0f9-4d2a5ae432ea" executionId="f84dcd5d-18e2-4d47-851f-ca6336014844" testListId="8c84fa94-04c1-424b-9868-57a2d4851a1d" />
    <TestEntry testId="5b23818f-ccfa-3131-82d0-ed0d75a1242e" executionId="bbd48610-a31b-4f68-b421-0a3c96de899f" testListId="8c84fa94-04c1-424b-9868-57a2d4851a1d" />
    <TestEntry testId="7c532c8b-1d18-49bd-12b7-3e99950c7067" executionId="6297cc20-8288-4bb5-94cd-f7c5bfd3e7dd" testListId="8c84fa94-04c1-424b-9868-57a2d4851a1d" />
    <TestEntry testId="08def05e-40bb-d498-3a0a-780a212a1f6d" executionId="6c03dd28-ce09-4b83-8e3b-411fa711c013" testListId="8c84fa94-04c1-424b-9868-57a2d4851a1d" />
    <TestEntry testId="ee3a5342-e95e-b885-0c62-ea800eb6c7cf" executionId="8cd8f66c-9d3f-4711-8661-c4d599b2d85a" testListId="8c84fa94-04c1-424b-9868-57a2d4851a1d" />
    <TestEntry testId="7800d1c8-85af-fe12-d6db-3de72d8587d7" executionId="8e82f235-85a7-43d1-a7da-0870956d7b33" testListId="8c84fa94-04c1-424b-9868-57a2d4851a1d" />
    <TestEntry testId="418c0066-f71c-424e-23ef-2091d512543b" executionId="c780a75f-ea3e-48f3-8e55-e4e847ae3a8f" testListId="8c84fa94-04c1-424b-9868-57a2d4851a1d" />
    <TestEntry testId="b4eab433-b121-8e14-43a8-0af5eb06a4c3" executionId="8bc11bee-bf81-43fa-9ab6-657e54b42984" testListId="8c84fa94-04c1-424b-9868-57a2d4851a1d" />
    <TestEntry testId="54625439-e3a8-2538-60b3-8cdeb1aa3245" executionId="dad98636-ec14-4736-9cc0-a6f3a9edfac5" testListId="8c84fa94-04c1-424b-9868-57a2d4851a1d" />
    <TestEntry testId="9266d029-4773-fccc-0219-cbaaef238cd9" executionId="675d51fc-55f5-46e4-8bbc-3bfce0c0b7fc" testListId="8c84fa94-04c1-424b-9868-57a2d4851a1d" />
    <TestEntry testId="a0c5bf30-d6d3-7c82-fa72-914490b91d62" executionId="e9bebaf2-2168-4fd3-a665-3327302f394f" testListId="8c84fa94-04c1-424b-9868-57a2d4851a1d" />
    <TestEntry testId="aa6789f8-9617-d02c-63e1-161acc215930" executionId="20dddbe8-faa9-41de-a2e5-6d398fe0b8c6" testListId="8c84fa94-04c1-424b-9868-57a2d4851a1d" />
    <TestEntry testId="ff1ad820-0130-a842-1a71-73ff6b125525" executionId="cc692bde-708c-40b9-854e-b5c5e3c0456f" testListId="8c84fa94-04c1-424b-9868-57a2d4851a1d" />
    <TestEntry testId="7348d8fe-5e07-3ec4-2e4d-ab2d5c117cd8" executionId="d13a68b5-2683-4266-b2a7-846e28e97727" testListId="8c84fa94-04c1-424b-9868-57a2d4851a1d" />
    <TestEntry testId="6e40d45a-2d99-d8d5-483e-26ee641c5fc5" executionId="26d63a10-54e6-4628-a475-9aea3a4123ee" testListId="8c84fa94-04c1-424b-9868-57a2d4851a1d" />
    <TestEntry testId="9aeb6b93-c494-01d7-b18e-827d82131259" executionId="a9bc5a36-4651-4209-a80d-b95f022df0d0" testListId="8c84fa94-04c1-424b-9868-57a2d4851a1d" />
    <TestEntry testId="b0b72f98-3751-b5ad-92cc-29af01fedb95" executionId="b7f1eed0-e126-4f9f-a026-3b849ae560ee" testListId="8c84fa94-04c1-424b-9868-57a2d4851a1d" />
    <TestEntry testId="d86a238d-13bd-4ee9-3d0a-978f829adc5a" executionId="5fddaf3a-9426-4330-b321-c67172220684" testListId="8c84fa94-04c1-424b-9868-57a2d4851a1d" />
    <TestEntry testId="27539e3d-a82c-4da9-d573-680dda699355" executionId="2575189a-4f65-4894-a68c-2dd39c96808e" testListId="8c84fa94-04c1-424b-9868-57a2d4851a1d" />
    <TestEntry testId="fc0db961-b79d-838f-fa02-63a72aea9e40" executionId="13ab4c82-a939-427b-9818-c56355c3ce38" testListId="8c84fa94-04c1-424b-9868-57a2d4851a1d" />
    <TestEntry testId="a51cbd57-1925-353a-dd73-c4cad57c901a" executionId="825a2f18-73ad-4fda-8589-6655ed7ac6d7" testListId="8c84fa94-04c1-424b-9868-57a2d4851a1d" />
    <TestEntry testId="08c44b67-d317-8ffc-a5f1-85d3f647f393" executionId="103d2146-2c47-4d18-9cd7-46e602754888" testListId="8c84fa94-04c1-424b-9868-57a2d4851a1d" />
    <TestEntry testId="d5ba7d4a-1992-49d0-2c94-98e4dfeec21e" executionId="5e614514-bea4-4845-9528-7c707a403c93" testListId="8c84fa94-04c1-424b-9868-57a2d4851a1d" />
    <TestEntry testId="e86a76e3-51a7-8d8c-c786-95d81b3a165c" executionId="64b513fa-b954-48dd-a62f-ffe1f3ab5890" testListId="8c84fa94-04c1-424b-9868-57a2d4851a1d" />
    <TestEntry testId="b2920d6b-d9b3-61de-a213-a96890386b12" executionId="94c9827f-dfab-4bb7-a11b-1cda821943b4" testListId="8c84fa94-04c1-424b-9868-57a2d4851a1d" />
    <TestEntry testId="a943d325-007a-3bb4-9ccf-a06205fa90a9" executionId="3c672198-cccb-4c09-8760-6e0176fd545a" testListId="8c84fa94-04c1-424b-9868-57a2d4851a1d" />
    <TestEntry testId="931d3e27-f7ff-f407-f1e0-86d13eac74fd" executionId="68ac3e05-3df9-4bc7-ba3c-02bca5f24bac" testListId="8c84fa94-04c1-424b-9868-57a2d4851a1d" />
    <TestEntry testId="ffefc0b1-07f0-2837-77ec-18947018b495" executionId="376b525f-32d6-4834-883d-4be2118df7e5" testListId="8c84fa94-04c1-424b-9868-57a2d4851a1d" />
    <TestEntry testId="91bf7515-6dc2-2cb8-8d29-989112a67c97" executionId="acf7b748-3303-4fd8-95c8-bfc298586f61" testListId="8c84fa94-04c1-424b-9868-57a2d4851a1d" />
    <TestEntry testId="e3dcfa35-f440-e876-82a3-692cd87c3695" executionId="fbdd9a32-057a-47f7-959c-c2e507217031" testListId="8c84fa94-04c1-424b-9868-57a2d4851a1d" />
    <TestEntry testId="abe7a446-048d-c7c0-50af-1fc22c46e1e2" executionId="f2abf741-75cf-4017-aa2d-9d138e1cd5ff" testListId="8c84fa94-04c1-424b-9868-57a2d4851a1d" />
    <TestEntry testId="a1f1468d-e66d-d2f1-67fa-be6c4177a2f4" executionId="bc71d292-3c86-4831-8341-89396d23ec4f" testListId="8c84fa94-04c1-424b-9868-57a2d4851a1d" />
    <TestEntry testId="d462790a-af39-260a-234c-3482f909c1ca" executionId="182b6fd2-37c4-42ad-8ff1-a182a58a70f9" testListId="8c84fa94-04c1-424b-9868-57a2d4851a1d" />
    <TestEntry testId="32cb23b5-725a-8f46-4cbe-5f09dd96a0c0" executionId="51e825a1-cdec-4af7-9db3-30ce2cd6fb29" testListId="8c84fa94-04c1-424b-9868-57a2d4851a1d" />
    <TestEntry testId="92afd38a-54fc-3a8c-d029-44f5006e06fc" executionId="6a7f0069-f1ed-450f-9438-a7618eca7ca7" testListId="8c84fa94-04c1-424b-9868-57a2d4851a1d" />
    <TestEntry testId="df8468df-26ce-c97b-8d24-563165538cf0" executionId="04186280-7509-40e9-a2ab-0fade229fbf3" testListId="8c84fa94-04c1-424b-9868-57a2d4851a1d" />
    <TestEntry testId="55793956-ba2c-ba45-3106-85c74e67f513" executionId="3c2173a9-8c90-496c-89d1-228813b82131" testListId="8c84fa94-04c1-424b-9868-57a2d4851a1d" />
    <TestEntry testId="4fdc10be-3946-2b6f-4977-7db4ef99fc1d" executionId="129ee9be-82d0-45e9-b140-5cb1122a4d53" testListId="8c84fa94-04c1-424b-9868-57a2d4851a1d" />
    <TestEntry testId="68891365-18e4-2e0c-8901-452a70a41462" executionId="e5b36f07-2208-43fa-a761-51fd6419f84e" testListId="8c84fa94-04c1-424b-9868-57a2d4851a1d" />
    <TestEntry testId="2be83e57-a85d-63c8-9d8f-5c15b7b024e9" executionId="d20d9a72-fdf5-47c6-bfea-ff8209151bed" testListId="8c84fa94-04c1-424b-9868-57a2d4851a1d" />
    <TestEntry testId="d41a2a7e-8e87-d431-3642-8c772f629598" executionId="c941f5b1-1c40-4074-a808-1db6c793d720" testListId="8c84fa94-04c1-424b-9868-57a2d4851a1d" />
    <TestEntry testId="455e77fc-93cb-02d0-62aa-14a0217be97f" executionId="c8b82181-2d15-4bdd-ad11-6f65bfb39446" testListId="8c84fa94-04c1-424b-9868-57a2d4851a1d" />
    <TestEntry testId="a2298047-ad38-3f2c-2e2e-61151823b658" executionId="7d52ff05-ad07-4a0f-9656-2763486ecd13" testListId="8c84fa94-04c1-424b-9868-57a2d4851a1d" />
    <TestEntry testId="8955c4e1-dc58-f93b-7245-67d85ae63c16" executionId="74e32fcf-e85e-4e7f-923e-7ed986eb78ce" testListId="8c84fa94-04c1-424b-9868-57a2d4851a1d" />
    <TestEntry testId="6915e549-f8f4-1ae7-cbe8-d0893519dbfa" executionId="be9870c9-fd5c-4a89-b658-7fb7375d17d6" testListId="8c84fa94-04c1-424b-9868-57a2d4851a1d" />
    <TestEntry testId="ced0333e-8d07-1b79-86dc-2b42559e7ad9" executionId="b5631620-07a6-432e-895c-80faa1826bb7" testListId="8c84fa94-04c1-424b-9868-57a2d4851a1d" />
    <TestEntry testId="d8c2903f-3283-df1c-7720-a6b5b2b3663e" executionId="a3081b8f-7e50-4f8c-b1a5-796ca7b30d23" testListId="8c84fa94-04c1-424b-9868-57a2d4851a1d" />
    <TestEntry testId="54636e70-bb1c-4a66-8114-59997ee713fb" executionId="2a65d4f8-1455-4f33-8e17-d9dc2c319ff4" testListId="8c84fa94-04c1-424b-9868-57a2d4851a1d" />
    <TestEntry testId="0932dd06-37dd-cbf8-4b21-ca18fbf53d3c" executionId="09c54755-ad6f-469e-b34a-7f44d81699be" testListId="8c84fa94-04c1-424b-9868-57a2d4851a1d" />
    <TestEntry testId="b9b5c66d-dabc-2201-bd04-217ef8602530" executionId="19507a74-86a7-4f7d-b486-bd4abb6046bd" testListId="8c84fa94-04c1-424b-9868-57a2d4851a1d" />
    <TestEntry testId="898ee7c6-afe3-4af2-2a1a-ec6c83e40258" executionId="28eac960-750e-4ba6-916f-6e8978b9a874" testListId="8c84fa94-04c1-424b-9868-57a2d4851a1d" />
    <TestEntry testId="83901aea-67c8-cfd0-f364-1511967c08c8" executionId="a26f874c-c2ce-41c8-a4b2-2b5112270d7b" testListId="8c84fa94-04c1-424b-9868-57a2d4851a1d" />
    <TestEntry testId="4d4bc531-568f-7e64-a92a-1f9939778b34" executionId="cce5839c-024e-4f0c-aa13-77a9322ada30" testListId="8c84fa94-04c1-424b-9868-57a2d4851a1d" />
    <TestEntry testId="3daf4e07-f501-08ed-20c9-215cb67cedac" executionId="5caa5100-18f4-4f4d-8c8d-adce96f79577" testListId="8c84fa94-04c1-424b-9868-57a2d4851a1d" />
    <TestEntry testId="09f99fef-cba4-1120-2f3c-e2d274a94226" executionId="117f3cab-0746-41a3-bb30-527fb57e4619" testListId="8c84fa94-04c1-424b-9868-57a2d4851a1d" />
    <TestEntry testId="2c46dd61-b937-126d-158a-ab2625410567" executionId="5b339dcc-7f64-4e66-aee4-e864cc994092" testListId="8c84fa94-04c1-424b-9868-57a2d4851a1d" />
    <TestEntry testId="36afce01-abe3-858e-56d5-ab204227f083" executionId="dd415b24-b9ce-41f5-aade-5812a0ed1384" testListId="8c84fa94-04c1-424b-9868-57a2d4851a1d" />
    <TestEntry testId="1b755ad0-36d2-1e59-0194-4cb8875518aa" executionId="2bf8564f-5370-4ab0-9c50-b5bf6fca521a" testListId="8c84fa94-04c1-424b-9868-57a2d4851a1d" />
    <TestEntry testId="fb72dbef-e0bd-c211-55f5-37d0524cf04d" executionId="f897202e-6e35-4fb3-903e-87bc3b0d95cd" testListId="8c84fa94-04c1-424b-9868-57a2d4851a1d" />
    <TestEntry testId="8b297e67-a2ba-d7d0-6dee-e4217aa91b53" executionId="be8658f2-30af-4b75-9573-d8a3b143f5ce" testListId="8c84fa94-04c1-424b-9868-57a2d4851a1d" />
    <TestEntry testId="5fe6369f-75b3-1103-cb8b-6afc25633681" executionId="f07444ec-a1f7-4b81-a7c3-b43f535eb198" testListId="8c84fa94-04c1-424b-9868-57a2d4851a1d" />
    <TestEntry testId="5f1fe784-3fcd-2c06-f213-c0e1fc47e744" executionId="e56e5e16-df0c-43e3-bb50-bb99f6513dbe" testListId="8c84fa94-04c1-424b-9868-57a2d4851a1d" />
    <TestEntry testId="dd838699-a1f2-0a33-8f2b-c306d2629eb9" executionId="845f42cb-1e1c-49fe-bdec-0964cdb1d033" testListId="8c84fa94-04c1-424b-9868-57a2d4851a1d" />
    <TestEntry testId="4b40e5c2-a2db-74ae-2fe6-97f3dc185c08" executionId="f64410d2-f9ff-40b2-87a8-3d083c15ea29" testListId="8c84fa94-04c1-424b-9868-57a2d4851a1d" />
    <TestEntry testId="1b86b319-6381-7678-515f-60a624b392a8" executionId="5c194743-c5af-4060-83ea-942442051d15" testListId="8c84fa94-04c1-424b-9868-57a2d4851a1d" />
    <TestEntry testId="96e45edb-2c18-59ce-b879-b20ee583abaa" executionId="83f98986-272b-4d49-b62e-61b558520a60" testListId="8c84fa94-04c1-424b-9868-57a2d4851a1d" />
    <TestEntry testId="e996c3b1-63fd-74bb-250d-47a9d9c65e34" executionId="3c79e1b2-d072-4033-a171-d20c0c062496" testListId="8c84fa94-04c1-424b-9868-57a2d4851a1d" />
    <TestEntry testId="f465dbaa-10b3-a17d-0ef7-c458491a0d0f" executionId="a7c0b496-419e-43e7-b1aa-56ce2e0c136f" testListId="8c84fa94-04c1-424b-9868-57a2d4851a1d" />
    <TestEntry testId="da566e6d-d594-ecb1-8dcb-aea07d997e20" executionId="8a0a8197-7ae1-408a-9a32-7fbfb239e24d" testListId="8c84fa94-04c1-424b-9868-57a2d4851a1d" />
    <TestEntry testId="88aa526a-4b25-5b8e-efef-085638c0009a" executionId="1d058229-c74c-4ebc-b734-aa0e8a7f49e5" testListId="8c84fa94-04c1-424b-9868-57a2d4851a1d" />
    <TestEntry testId="0de2539f-b2c4-58ee-f307-27f91c575e96" executionId="6c7df4dd-aaad-4a68-a1b2-9e7b2f70f0b7" testListId="8c84fa94-04c1-424b-9868-57a2d4851a1d" />
    <TestEntry testId="71e7203d-23eb-b48d-91ed-440cf6cb05b6" executionId="c3217696-5df3-4740-b8e8-8c5f16f85830" testListId="8c84fa94-04c1-424b-9868-57a2d4851a1d" />
    <TestEntry testId="5e59ea89-62d4-77ce-416a-14501d0b72a7" executionId="d0091ce3-3d19-4bef-b738-821e29f82d56" testListId="8c84fa94-04c1-424b-9868-57a2d4851a1d" />
    <TestEntry testId="03cc54ec-4d44-ae6f-7f2b-44d8170c3ea1" executionId="e7149f16-c8bb-4bd4-bfa8-781ddaf9dbc9" testListId="8c84fa94-04c1-424b-9868-57a2d4851a1d" />
    <TestEntry testId="6166c15b-55d9-393f-83ea-c0906a6b9e18" executionId="f7eb982b-9d3e-49ea-ac9a-9b7c9ec4f690" testListId="8c84fa94-04c1-424b-9868-57a2d4851a1d" />
    <TestEntry testId="3e71affa-6e0f-fe00-2b83-7398b5a081c2" executionId="49082930-b4c6-4102-b2bd-3a9a925183f6" testListId="8c84fa94-04c1-424b-9868-57a2d4851a1d" />
    <TestEntry testId="8ff63640-5ce1-f894-5a38-7961907f3481" executionId="e0ce78dd-974c-41e4-8fc4-bff8383d8b5c" testListId="8c84fa94-04c1-424b-9868-57a2d4851a1d" />
    <TestEntry testId="319d6d77-19d7-4f53-401e-6bf6cf40e53e" executionId="28fc069a-0085-453f-936f-503149354965" testListId="8c84fa94-04c1-424b-9868-57a2d4851a1d" />
    <TestEntry testId="482a5538-dc6d-2d32-9976-e019ee344bc3" executionId="6515a002-261a-4144-b14b-658c9810d464" testListId="8c84fa94-04c1-424b-9868-57a2d4851a1d" />
    <TestEntry testId="c6792ab0-e874-a40e-7df8-6f52efeed0f1" executionId="e46583f2-5095-4f29-880a-631ee112d52a" testListId="8c84fa94-04c1-424b-9868-57a2d4851a1d" />
    <TestEntry testId="f2c1317d-3de9-cb11-37cf-34b46c96db06" executionId="fa7e477c-e789-465c-a905-b67fd28ffd8f" testListId="8c84fa94-04c1-424b-9868-57a2d4851a1d" />
    <TestEntry testId="5619b6b3-7e56-044d-742e-cd9f12bf8e99" executionId="d61aa44b-b599-44d2-ab9a-b3b4ce2bdda8" testListId="8c84fa94-04c1-424b-9868-57a2d4851a1d" />
    <TestEntry testId="9dc0bbe2-d5a1-fdd8-eef5-0abe67d1f186" executionId="dafde2c5-6f2f-44b1-a078-46681d7574ba" testListId="8c84fa94-04c1-424b-9868-57a2d4851a1d" />
    <TestEntry testId="f435a5c1-7ded-77ad-d02a-dbade0e7d203" executionId="07daf63a-ab59-4cc3-9499-b1618fe8698d" testListId="8c84fa94-04c1-424b-9868-57a2d4851a1d" />
    <TestEntry testId="7bc67c88-a6a9-f02d-b889-02797dbefe7b" executionId="388511d8-cc89-41cc-81e5-cb4fcbf2ff41" testListId="8c84fa94-04c1-424b-9868-57a2d4851a1d" />
    <TestEntry testId="47c35df5-73d3-246c-2358-107289cb2c0c" executionId="5e8a421b-2325-4635-b235-6f474fd9fc6f" testListId="8c84fa94-04c1-424b-9868-57a2d4851a1d" />
    <TestEntry testId="857ba51e-9ff6-a26c-445b-7c9d14018eb3" executionId="e1955d48-864c-49c8-9c58-921e8c34cf4e" testListId="8c84fa94-04c1-424b-9868-57a2d4851a1d" />
    <TestEntry testId="c33cba91-b792-4c4b-ced5-98faa4af3432" executionId="713e892b-d056-4229-bc78-8228bfa5320d" testListId="8c84fa94-04c1-424b-9868-57a2d4851a1d" />
    <TestEntry testId="5ddbdf65-dd2d-c94c-324f-febba4b1b691" executionId="99eda773-8eac-4919-b6f4-a3afa22f4f3a" testListId="8c84fa94-04c1-424b-9868-57a2d4851a1d" />
    <TestEntry testId="d9c53bfc-56f0-92d0-40aa-bbed606a1815" executionId="d466500f-067d-44db-9397-fa778d23c027" testListId="8c84fa94-04c1-424b-9868-57a2d4851a1d" />
    <TestEntry testId="f43ed080-9774-9067-473e-4c8255ac70a9" executionId="a32bb096-aba4-465f-ab22-f763a4e84310" testListId="8c84fa94-04c1-424b-9868-57a2d4851a1d" />
    <TestEntry testId="7c24855d-c3a1-21ac-bed0-6321e2551dc4" executionId="dbabbaa3-876d-429c-aa61-51adfc5bd492" testListId="8c84fa94-04c1-424b-9868-57a2d4851a1d" />
    <TestEntry testId="bd8f573c-cdfa-ea20-bfb1-7c19c7ba4348" executionId="624cd6ae-269b-4d89-ae7f-6cd993ed8565" testListId="8c84fa94-04c1-424b-9868-57a2d4851a1d" />
    <TestEntry testId="6c432e73-2c10-809c-b62c-9e3213594e15" executionId="19df6eb3-bdd1-4a4c-aab6-78876819d3b6" testListId="8c84fa94-04c1-424b-9868-57a2d4851a1d" />
    <TestEntry testId="3b46f6d1-0f98-1149-7fed-05ecad555a81" executionId="78b92874-5d07-44ba-9309-7f2647778370" testListId="8c84fa94-04c1-424b-9868-57a2d4851a1d" />
    <TestEntry testId="644776f6-61d8-6b2a-d996-6b2ef0eb3bb4" executionId="db54dd72-836e-46e3-9b1f-358ae8c76f0a" testListId="8c84fa94-04c1-424b-9868-57a2d4851a1d" />
    <TestEntry testId="df6c7f17-5e2b-a3ad-b66c-84cb153fb352" executionId="18469c6e-c847-4e1f-9e46-eae42d7c25d2" testListId="8c84fa94-04c1-424b-9868-57a2d4851a1d" />
    <TestEntry testId="33d933fd-9227-88df-fcf7-0ef9e4cf3b99" executionId="e314b221-b04b-484e-a5cf-caa1856bdc8c" testListId="8c84fa94-04c1-424b-9868-57a2d4851a1d" />
    <TestEntry testId="5435d9a7-756c-0f51-9aeb-05264d5cbaaa" executionId="fdbf6508-364f-475a-b093-2333a4aa4cd7" testListId="8c84fa94-04c1-424b-9868-57a2d4851a1d" />
    <TestEntry testId="4260a93d-c009-c44b-4695-b172268be0f0" executionId="6a87a8f3-1bf6-4806-bc61-5dbd7812cf24" testListId="8c84fa94-04c1-424b-9868-57a2d4851a1d" />
    <TestEntry testId="4592ae3d-40a2-b28b-dd3e-a85315a290c8" executionId="abeebb63-27e1-48c3-98ef-a454acea9e74" testListId="8c84fa94-04c1-424b-9868-57a2d4851a1d" />
    <TestEntry testId="8550e8ea-08b0-2312-b999-f4e90dbc57f3" executionId="0814fb91-3325-4f24-9df7-f4c633978324" testListId="8c84fa94-04c1-424b-9868-57a2d4851a1d" />
    <TestEntry testId="b82e3c01-da09-0168-ccd7-750a287155b8" executionId="c9e32efe-53ba-4e27-8b1d-ea9444df280a" testListId="8c84fa94-04c1-424b-9868-57a2d4851a1d" />
    <TestEntry testId="f68abf65-1ef0-ed7d-f1bb-af47e32c4e9f" executionId="e44a80cf-970a-4aec-b03a-cdbef50857b1" testListId="8c84fa94-04c1-424b-9868-57a2d4851a1d" />
    <TestEntry testId="86f81774-d6bf-3388-169b-c01b87251e5a" executionId="91663d52-612e-4960-ac72-bc436a6f7c2e" testListId="8c84fa94-04c1-424b-9868-57a2d4851a1d" />
    <TestEntry testId="ba77a908-e4de-cacf-9801-e9cce1ff6a5a" executionId="28ed86af-2f8b-4f05-bde6-e386ebfb1dfb" testListId="8c84fa94-04c1-424b-9868-57a2d4851a1d" />
    <TestEntry testId="ae36a9f8-97bd-e987-3d2a-123002a5f162" executionId="1f237130-4c40-4db8-bb5f-8bcf8c1a19e3" testListId="8c84fa94-04c1-424b-9868-57a2d4851a1d" />
    <TestEntry testId="77183aca-d4e0-b0fd-f20c-a8c28abd842c" executionId="a62fb8e1-6770-4578-8222-f9343cace590" testListId="8c84fa94-04c1-424b-9868-57a2d4851a1d" />
    <TestEntry testId="83542a67-9f48-2fd5-8a0e-2e59b5dafb39" executionId="49e332ea-3518-462b-a009-404b98b099b9" testListId="8c84fa94-04c1-424b-9868-57a2d4851a1d" />
    <TestEntry testId="aada1bad-bbd0-294b-1d76-84d4bb68470f" executionId="eb6df30b-8495-464e-a0b8-d591a41ae040" testListId="8c84fa94-04c1-424b-9868-57a2d4851a1d" />
    <TestEntry testId="48f5cd5c-2e09-39b0-c010-cd884a9e9c43" executionId="d1872ded-40ec-4cbf-9780-a30edb53ca61" testListId="8c84fa94-04c1-424b-9868-57a2d4851a1d" />
    <TestEntry testId="906de6dd-d020-9630-4ec1-1e9223c78743" executionId="a51a1781-f970-4ffb-af6c-2147f5722703" testListId="8c84fa94-04c1-424b-9868-57a2d4851a1d" />
    <TestEntry testId="ebb43c0d-eb27-d48d-ff0f-cfc46c2266f1" executionId="be1c74c3-5053-4c72-83e9-3ae9501c22ae" testListId="8c84fa94-04c1-424b-9868-57a2d4851a1d" />
    <TestEntry testId="3e03f8bd-1e12-ae11-dd37-5281771442d6" executionId="1745aadc-04da-4cfd-8775-00d0b2f098d7" testListId="8c84fa94-04c1-424b-9868-57a2d4851a1d" />
    <TestEntry testId="2f1a69f3-8772-6511-08c8-c9547c2e30ed" executionId="c07383ef-fa6d-4963-a871-6b3f5a146716" testListId="8c84fa94-04c1-424b-9868-57a2d4851a1d" />
    <TestEntry testId="4ca16436-c34b-dd64-ed5d-5d5132e0fd8c" executionId="53f595e4-c107-475c-89b8-86bb8be69f6a" testListId="8c84fa94-04c1-424b-9868-57a2d4851a1d" />
    <TestEntry testId="27a8de52-7d3e-3ccf-b86b-0735fbd8ca25" executionId="60f09743-e720-4c48-99de-98f6c1d6b5c6" testListId="8c84fa94-04c1-424b-9868-57a2d4851a1d" />
    <TestEntry testId="22645202-d5e2-7786-59ff-cdf3fdbb49c3" executionId="a522bba4-d7fb-4f30-970d-dc7017bcfcc2" testListId="8c84fa94-04c1-424b-9868-57a2d4851a1d" />
    <TestEntry testId="5c9c0ebd-ab20-b380-819c-9e7ff1f1b916" executionId="e0618eb2-8396-4da6-aa44-7fb2a79c39a8" testListId="8c84fa94-04c1-424b-9868-57a2d4851a1d" />
    <TestEntry testId="8f9967e6-3eeb-c5e7-a086-55a0f4482e7c" executionId="1b8049d0-02f5-4596-ac5f-a454549a8602" testListId="8c84fa94-04c1-424b-9868-57a2d4851a1d" />
    <TestEntry testId="2d32db9a-3dde-342c-a755-a62b25d926b2" executionId="3194b3fd-23f1-4205-a298-d6da49346797" testListId="8c84fa94-04c1-424b-9868-57a2d4851a1d" />
    <TestEntry testId="7b4ac955-2928-a089-b5f9-e3572fce70d8" executionId="c217f5fc-3073-47c7-a9d2-651b5e1f96c9" testListId="8c84fa94-04c1-424b-9868-57a2d4851a1d" />
    <TestEntry testId="950b4f8a-72a1-79e3-c6f4-1851cd55c9f5" executionId="eb20faf1-7687-4941-bea7-7d351371e6c6" testListId="8c84fa94-04c1-424b-9868-57a2d4851a1d" />
    <TestEntry testId="16a7326e-0570-63b7-0715-882e63e3e14a" executionId="a69b1593-eb14-4c9b-95f9-5643409ab8da" testListId="8c84fa94-04c1-424b-9868-57a2d4851a1d" />
    <TestEntry testId="152a952f-85d5-6564-426f-62013f00e678" executionId="c227e44e-9df3-4394-90bd-437ac46e30b1" testListId="8c84fa94-04c1-424b-9868-57a2d4851a1d" />
    <TestEntry testId="f905e020-288b-a0b1-37ef-c049a7fb4714" executionId="465c2e92-87e5-41f5-bdfd-2f113dd218db" testListId="8c84fa94-04c1-424b-9868-57a2d4851a1d" />
    <TestEntry testId="dcae2358-d085-06ce-eaaf-0a252af5d9a6" executionId="d5ba8a8a-ea03-4d58-9079-6cfe1e0639d4" testListId="8c84fa94-04c1-424b-9868-57a2d4851a1d" />
    <TestEntry testId="85cdc7ee-f644-66aa-259a-b04ec8e73fa0" executionId="d9bc0070-24e0-4bf2-a56e-4f7ddb354c6f" testListId="8c84fa94-04c1-424b-9868-57a2d4851a1d" />
    <TestEntry testId="644481c0-78c7-6bd5-44b5-a1c2cff1b999" executionId="2b70cc3f-014b-4811-a9f0-a7e998900ccc" testListId="8c84fa94-04c1-424b-9868-57a2d4851a1d" />
    <TestEntry testId="43a99bb5-43f1-efb5-cec3-1d56c80fb62a" executionId="124d2505-c95b-4827-a8d0-d0a34e56224e" testListId="8c84fa94-04c1-424b-9868-57a2d4851a1d" />
    <TestEntry testId="421799ae-c399-40a5-40c6-afbb0b5ab14a" executionId="512d3e22-ff4c-4804-9fcb-46916be24225" testListId="8c84fa94-04c1-424b-9868-57a2d4851a1d" />
    <TestEntry testId="c74a5851-9f37-5478-7e73-6692ffe54338" executionId="225247c2-0aaf-4549-814b-8a213a0305d8" testListId="8c84fa94-04c1-424b-9868-57a2d4851a1d" />
    <TestEntry testId="b6a408ca-0567-f3d9-15c7-5588e0c24a6e" executionId="fc886982-da67-4f51-97b5-3e5727583850" testListId="8c84fa94-04c1-424b-9868-57a2d4851a1d" />
    <TestEntry testId="c6f25750-98dc-b291-f173-1465ae573697" executionId="762d0e6b-680c-43f2-a750-424a3a7555ae" testListId="8c84fa94-04c1-424b-9868-57a2d4851a1d" />
    <TestEntry testId="0ae4ccda-60de-eaff-238c-649127e3416c" executionId="cf5bff64-b28b-4e03-a316-aacb0d7fdf30" testListId="8c84fa94-04c1-424b-9868-57a2d4851a1d" />
    <TestEntry testId="504f8500-ec7f-7c0b-7f98-6a70fc54fd62" executionId="496edf19-e504-43c6-8dd3-78bab7d438eb" testListId="8c84fa94-04c1-424b-9868-57a2d4851a1d" />
    <TestEntry testId="32b0b193-b4aa-3f7d-4098-73633d13a8b1" executionId="6449a947-5060-4a8d-b39b-10bd185f7cba" testListId="8c84fa94-04c1-424b-9868-57a2d4851a1d" />
    <TestEntry testId="6073c7bc-1e3f-565b-8876-0f3a9dff1c9b" executionId="da08a33f-1833-4f34-8884-49439d9200c1" testListId="8c84fa94-04c1-424b-9868-57a2d4851a1d" />
    <TestEntry testId="3d583b8c-3052-2c98-5d88-4786fdb4dd9e" executionId="14922921-8c22-426d-ab08-b7fafa53f59b" testListId="8c84fa94-04c1-424b-9868-57a2d4851a1d" />
    <TestEntry testId="57009344-29ca-28ec-c875-f5770f0aad8e" executionId="c9a3f4f2-286e-423e-ac4f-a7214b313aad" testListId="8c84fa94-04c1-424b-9868-57a2d4851a1d" />
    <TestEntry testId="0e0273a8-e168-3437-653c-b4f4dee5d773" executionId="b6391d7f-d474-4b97-88d7-3af940ed7fc0" testListId="8c84fa94-04c1-424b-9868-57a2d4851a1d" />
    <TestEntry testId="ca7234eb-a9b3-8076-2a8f-48b120fc3eea" executionId="b77d1bed-4c94-4df0-8487-1b2f06593bd2" testListId="8c84fa94-04c1-424b-9868-57a2d4851a1d" />
    <TestEntry testId="65986213-8cb1-0138-eab2-a6a38229fb5c" executionId="f905b3fa-79f4-436d-ae41-0c3030071e75" testListId="8c84fa94-04c1-424b-9868-57a2d4851a1d" />
    <TestEntry testId="21ecbca6-d4f1-1773-6643-21a424eee9f6" executionId="441c748c-5e29-40cd-bfce-93b83313f190" testListId="8c84fa94-04c1-424b-9868-57a2d4851a1d" />
    <TestEntry testId="f1801d74-06c6-1316-1f86-90e6cb3984eb" executionId="e74a4921-54ad-46ae-bc46-21910a846920" testListId="8c84fa94-04c1-424b-9868-57a2d4851a1d" />
    <TestEntry testId="66d424c7-c7b9-8e7b-f20e-6b87085716d8" executionId="4749621f-cb3d-4029-a0e9-2123935aae20" testListId="8c84fa94-04c1-424b-9868-57a2d4851a1d" />
    <TestEntry testId="8fe0f06c-aa8c-d9f6-2f78-c7e6d52e0425" executionId="b615d74c-9afb-477d-97c4-f76f789b7932" testListId="8c84fa94-04c1-424b-9868-57a2d4851a1d" />
    <TestEntry testId="cd58886c-4d31-5863-c73c-d9ded62d37cb" executionId="8a8e3986-40eb-438f-b4ad-27338c5f5c2d" testListId="8c84fa94-04c1-424b-9868-57a2d4851a1d" />
    <TestEntry testId="5db3517e-c80c-fe6c-e4a9-6a92c9cfe164" executionId="df04ec7e-a00d-4cf0-9c54-6b3a63b9617b" testListId="8c84fa94-04c1-424b-9868-57a2d4851a1d" />
    <TestEntry testId="9c9c731f-0a9f-deb1-69df-c8a6a7e8dad1" executionId="3bc2ea8b-77b0-427f-86a3-1266e9ff6f86" testListId="8c84fa94-04c1-424b-9868-57a2d4851a1d" />
    <TestEntry testId="ea667506-b47e-e946-1c6d-d1cb5a594f46" executionId="c34fefda-b365-409d-9c05-352d3a74d109" testListId="8c84fa94-04c1-424b-9868-57a2d4851a1d" />
    <TestEntry testId="1892a536-c672-63e9-90b0-b9843eecd373" executionId="860a49e7-b8a5-41cd-b115-9f629bb9f41f" testListId="8c84fa94-04c1-424b-9868-57a2d4851a1d" />
    <TestEntry testId="56db8e45-e246-6a46-f4a8-4cf26efa7827" executionId="e046f187-9b96-494b-a961-f041d99d99b1" testListId="8c84fa94-04c1-424b-9868-57a2d4851a1d" />
    <TestEntry testId="d5228a08-db24-6e8c-25f3-c367348f1d61" executionId="5136241c-9b3b-45fe-b2db-b283537171bc" testListId="8c84fa94-04c1-424b-9868-57a2d4851a1d" />
    <TestEntry testId="ff6941a0-7d1f-b843-e735-336906a27a73" executionId="740fcee1-d65f-4ac3-a2eb-b46dd48c34fd" testListId="8c84fa94-04c1-424b-9868-57a2d4851a1d" />
    <TestEntry testId="95884629-73c0-a665-94f3-a0dff59b71b9" executionId="25a36294-e6a0-4e05-bf38-d56bceb81ddc" testListId="8c84fa94-04c1-424b-9868-57a2d4851a1d" />
    <TestEntry testId="5dd0451c-31d9-5c7b-8ded-d9536b6a9b0f" executionId="8507eb7c-7e7a-4695-a7f0-33c477fad24d" testListId="8c84fa94-04c1-424b-9868-57a2d4851a1d" />
    <TestEntry testId="c4719cfb-b0ad-762b-8ee7-099c835d4e2f" executionId="0291d68f-c096-412c-b599-feede9a5c6c1" testListId="8c84fa94-04c1-424b-9868-57a2d4851a1d" />
    <TestEntry testId="7b6b1e8c-ea3a-e0dc-5797-dc03cd0097ea" executionId="1b240f1b-cf1c-4a6f-819b-611b62204791" testListId="8c84fa94-04c1-424b-9868-57a2d4851a1d" />
    <TestEntry testId="4007239d-f229-5928-1e8e-6f54e2b65d28" executionId="712bf531-1bf9-49e6-9a45-2969b63e96b6" testListId="8c84fa94-04c1-424b-9868-57a2d4851a1d" />
    <TestEntry testId="00e49518-1eb0-0167-9e2d-e6f8d93302c9" executionId="ecd699a6-1d5a-41ac-834c-1a24e4886774" testListId="8c84fa94-04c1-424b-9868-57a2d4851a1d" />
    <TestEntry testId="2302141c-19e6-6c88-34e1-4d080f2de502" executionId="722feee4-5f95-423b-8a64-0ce564d2a6b0" testListId="8c84fa94-04c1-424b-9868-57a2d4851a1d" />
    <TestEntry testId="5f4ddda0-5c8f-439a-b9e1-c8e069e07b13" executionId="4b7a7746-65ad-412a-b617-d1e12fa0ca1b" testListId="8c84fa94-04c1-424b-9868-57a2d4851a1d" />
    <TestEntry testId="4691a292-11b4-c418-93c6-c8e9faf2d926" executionId="a240c30c-a079-4c2b-8cc4-335af18c85bc" testListId="8c84fa94-04c1-424b-9868-57a2d4851a1d" />
    <TestEntry testId="c3621c47-1bc0-4d94-e183-c2875952971e" executionId="2a8923ef-41e3-4e75-a44b-fc0672d00632" testListId="8c84fa94-04c1-424b-9868-57a2d4851a1d" />
    <TestEntry testId="3d256b09-1b94-0003-48ef-e76b2ee2457e" executionId="5d3a73c1-932c-4573-ac84-f561af13851e" testListId="8c84fa94-04c1-424b-9868-57a2d4851a1d" />
    <TestEntry testId="7cddebdf-f02e-09d9-d1f3-38a3d352e5a3" executionId="64657293-cc14-423c-8671-8f8415802144" testListId="8c84fa94-04c1-424b-9868-57a2d4851a1d" />
    <TestEntry testId="4967ca88-241d-80b3-55ce-223db234230d" executionId="06897f0e-6e28-45e4-ad78-e710cfd6c7ca" testListId="8c84fa94-04c1-424b-9868-57a2d4851a1d" />
    <TestEntry testId="ebd77575-a8ad-b063-41fc-05afc7aacb66" executionId="91ff323d-828a-439b-a5ed-cba0eb3325f5" testListId="8c84fa94-04c1-424b-9868-57a2d4851a1d" />
    <TestEntry testId="f08b6afe-650f-013c-1d28-a1575a559f3c" executionId="3620408d-219f-4d7d-a48e-abeff0c49812" testListId="8c84fa94-04c1-424b-9868-57a2d4851a1d" />
    <TestEntry testId="960259e5-01ab-7885-ec84-403d510060e4" executionId="95683467-56b2-482a-b980-0af1842db411" testListId="8c84fa94-04c1-424b-9868-57a2d4851a1d" />
    <TestEntry testId="05966a77-506e-b041-2362-8fce34e01585" executionId="f1486ecf-95e4-4be3-a5f7-93d7f5a7783e" testListId="8c84fa94-04c1-424b-9868-57a2d4851a1d" />
    <TestEntry testId="fde826eb-ae78-61b2-4641-224449f88a5f" executionId="34c30cb5-6b5e-484a-bf94-5cae18e7f185" testListId="8c84fa94-04c1-424b-9868-57a2d4851a1d" />
    <TestEntry testId="2c2466a8-3de5-f6f3-9092-f67be1356dbe" executionId="78afa026-16c1-4581-8dd3-9c3552c489c2" testListId="8c84fa94-04c1-424b-9868-57a2d4851a1d" />
    <TestEntry testId="1fd52ad5-18d8-63ed-d828-88d800cd0df5" executionId="e35aab13-ff98-468f-a402-87ba64b85442" testListId="8c84fa94-04c1-424b-9868-57a2d4851a1d" />
    <TestEntry testId="13ffe40a-cea3-a2ca-adf4-03957069cafa" executionId="b44f1ad8-2c0a-4085-91ba-5a001b8df0f4" testListId="8c84fa94-04c1-424b-9868-57a2d4851a1d" />
    <TestEntry testId="8cc02d5c-f8a8-0a3b-7d61-bf9e29071278" executionId="d13d1ceb-1881-4f1d-b4c9-0cc91cd7d12c" testListId="8c84fa94-04c1-424b-9868-57a2d4851a1d" />
    <TestEntry testId="3b56f814-ecc8-39ee-c7ef-349eccf9ec86" executionId="90344471-5476-40b2-8304-2c3db50c37b0" testListId="8c84fa94-04c1-424b-9868-57a2d4851a1d" />
    <TestEntry testId="770cf38a-e9f6-a6ff-e3db-fe7e04ec6dad" executionId="5a11903c-0e75-4a57-b2f0-00b605848062" testListId="8c84fa94-04c1-424b-9868-57a2d4851a1d" />
    <TestEntry testId="6be9ab99-dbb3-4f68-f251-1d624eda90d2" executionId="52f98758-8fd2-424a-ad75-96e4fdf92979" testListId="8c84fa94-04c1-424b-9868-57a2d4851a1d" />
    <TestEntry testId="ae550c5b-f7bd-f702-2ff9-d392e5702cfa" executionId="02c404d1-6c66-4851-84de-63c27ed71bb1" testListId="8c84fa94-04c1-424b-9868-57a2d4851a1d" />
    <TestEntry testId="2ad32eb2-eddd-19f8-2d22-c5a7966a02a2" executionId="97d88bec-a73d-425c-8e50-62176be8f4e0" testListId="8c84fa94-04c1-424b-9868-57a2d4851a1d" />
    <TestEntry testId="01d2d194-dd8f-699f-9d94-4801e7ed1558" executionId="1b74eb58-e5cd-4a47-bedf-b57fcd559918" testListId="8c84fa94-04c1-424b-9868-57a2d4851a1d" />
    <TestEntry testId="0da56207-53ce-cd1c-0d2a-d7265e74cbc6" executionId="6624d781-ca22-455c-9bd5-f49fe9f33781" testListId="8c84fa94-04c1-424b-9868-57a2d4851a1d" />
    <TestEntry testId="a8f03229-2497-a343-fb26-79a1166086a7" executionId="e9436a3c-e38c-4049-b5a2-2e15f7ce2ca5" testListId="8c84fa94-04c1-424b-9868-57a2d4851a1d" />
    <TestEntry testId="76f4783f-000e-0121-5317-f1e6024e18f9" executionId="6c3e23cd-5eee-40df-a2a3-f70b9938bf9a" testListId="8c84fa94-04c1-424b-9868-57a2d4851a1d" />
    <TestEntry testId="101d059b-3dc7-48e7-8888-8e64ee1e83bc" executionId="db9bf10e-edac-4d10-ac49-584b8f575a16" testListId="8c84fa94-04c1-424b-9868-57a2d4851a1d" />
    <TestEntry testId="0c7ff491-23e9-4251-bdc2-ca3c95b91cb2" executionId="8ef65367-360b-4a64-bff0-1b50692e286e" testListId="8c84fa94-04c1-424b-9868-57a2d4851a1d" />
    <TestEntry testId="7edfc2a0-a0ff-1e30-eafb-1b06193ab04e" executionId="ab6d10b1-8ec8-4372-ad6f-31b15c4c083d" testListId="8c84fa94-04c1-424b-9868-57a2d4851a1d" />
    <TestEntry testId="5e9200ae-0661-af50-b1c4-ede9caf456b6" executionId="fb6679bd-1033-4f56-b117-99d84e88d5f0" testListId="8c84fa94-04c1-424b-9868-57a2d4851a1d" />
    <TestEntry testId="2c9adc59-410d-16bf-1be1-4e4633030c53" executionId="d39da190-f228-4d72-8bd4-54eb89a22433" testListId="8c84fa94-04c1-424b-9868-57a2d4851a1d" />
    <TestEntry testId="dc2af4d3-55d0-2f4e-0217-23eddb6d0247" executionId="d13dcc6f-a71b-4258-a7f7-19221f34dc6c" testListId="8c84fa94-04c1-424b-9868-57a2d4851a1d" />
    <TestEntry testId="510a1b17-7deb-d7c8-3aea-b338f74aa4a3" executionId="92d5abc3-882c-427a-8c7f-3efe6a13d046" testListId="8c84fa94-04c1-424b-9868-57a2d4851a1d" />
    <TestEntry testId="1eea9b1e-c799-2a01-548d-be592caf3d78" executionId="274a2cae-66d1-4588-90d6-27c868148f2f" testListId="8c84fa94-04c1-424b-9868-57a2d4851a1d" />
    <TestEntry testId="0941949c-0b5a-3521-9694-230cd0dfcd16" executionId="606afa71-8ad8-4e96-8152-87889ba8ef4b" testListId="8c84fa94-04c1-424b-9868-57a2d4851a1d" />
    <TestEntry testId="9f56f6e2-3f62-d2cf-b319-98ca06ea9fb1" executionId="637de121-01eb-41e6-8cef-91f381cc3b21" testListId="8c84fa94-04c1-424b-9868-57a2d4851a1d" />
    <TestEntry testId="eeb01f0c-4fbc-2723-d889-96e02879be19" executionId="e7997c54-f62a-4337-aa63-b5a81f1b0b81" testListId="8c84fa94-04c1-424b-9868-57a2d4851a1d" />
    <TestEntry testId="6a08f71b-4ef2-78a3-72c1-b7e6a98291eb" executionId="e961d085-edad-4166-a3ad-c0e5eca02325" testListId="8c84fa94-04c1-424b-9868-57a2d4851a1d" />
    <TestEntry testId="bf3aa406-9cb4-3d98-6cb2-b22a7ae2119b" executionId="f810df26-30e5-403b-b027-5564a8551794" testListId="8c84fa94-04c1-424b-9868-57a2d4851a1d" />
    <TestEntry testId="c92762cc-10f2-4d6f-2297-69b0d4be9eb8" executionId="46f55934-ce20-42ed-a75f-b29f39262487" testListId="8c84fa94-04c1-424b-9868-57a2d4851a1d" />
    <TestEntry testId="17a2dfcc-8712-4088-421b-61ed18838b79" executionId="81c97289-eab0-4123-b2a1-b71228222933" testListId="8c84fa94-04c1-424b-9868-57a2d4851a1d" />
    <TestEntry testId="07be9437-891e-9aee-edbe-c4e32be0b117" executionId="c094f851-af50-4055-96b3-1a0bcc7d8b56" testListId="8c84fa94-04c1-424b-9868-57a2d4851a1d" />
    <TestEntry testId="4eeb785c-af72-a314-c113-1b16282b0137" executionId="92531321-dcf7-4ca4-915d-047a7a977651" testListId="8c84fa94-04c1-424b-9868-57a2d4851a1d" />
    <TestEntry testId="7e15c37b-052f-c0ef-cd9c-3f13d0e7904a" executionId="1cc84a61-ac95-41c6-80d5-953c671fa1ae" testListId="8c84fa94-04c1-424b-9868-57a2d4851a1d" />
    <TestEntry testId="7971e144-003a-6b5c-1cf5-f6e9577e9b47" executionId="79718647-c39b-4c1c-93f8-53bbcf7c0e21" testListId="8c84fa94-04c1-424b-9868-57a2d4851a1d" />
    <TestEntry testId="b5f3ddf6-f776-43a4-ff13-2320b258e87b" executionId="855ed08f-d34e-4dfa-9b63-1e04178105e3" testListId="8c84fa94-04c1-424b-9868-57a2d4851a1d" />
    <TestEntry testId="1934b1de-b497-9840-44f0-84912586a2e7" executionId="ea94d674-f147-408e-875b-74583286f561" testListId="8c84fa94-04c1-424b-9868-57a2d4851a1d" />
    <TestEntry testId="688220d4-b673-5a11-7184-454abd4b64be" executionId="2111cfc5-bb90-49b4-848f-5fc3b869a297" testListId="8c84fa94-04c1-424b-9868-57a2d4851a1d" />
    <TestEntry testId="bb69f198-c163-f60e-1ac2-984f751767a1" executionId="c9542f77-6bdc-4cb1-b902-aea0a251e026" testListId="8c84fa94-04c1-424b-9868-57a2d4851a1d" />
    <TestEntry testId="179e8cc3-dcfc-5e1e-5de2-17c8e016aa6a" executionId="134b5a6e-b5b9-49ae-878c-916f798b785b" testListId="8c84fa94-04c1-424b-9868-57a2d4851a1d" />
    <TestEntry testId="0d75fef3-a4df-3ed2-01bd-e52d45b74a59" executionId="82193ff8-492e-43e5-9491-d3d43f1d1ec6" testListId="8c84fa94-04c1-424b-9868-57a2d4851a1d" />
    <TestEntry testId="4982bb43-1c8e-6f28-5d6f-4d7897281f6d" executionId="84d752a9-36da-4541-bc5e-7975d51d880f" testListId="8c84fa94-04c1-424b-9868-57a2d4851a1d" />
    <TestEntry testId="9b495e5a-c9a1-c8ac-50e2-e6f5575ceb63" executionId="67b34764-6907-4857-822c-e9722f653624" testListId="8c84fa94-04c1-424b-9868-57a2d4851a1d" />
    <TestEntry testId="e9ec7c3d-6f27-9552-3129-398b022f3bae" executionId="2ec646c8-6611-4478-bf39-a5b71f712d76" testListId="8c84fa94-04c1-424b-9868-57a2d4851a1d" />
    <TestEntry testId="80eb8067-1fb7-2836-38c2-d4fde0efb9cf" executionId="47726536-4f85-4c9b-8730-32153c848dc7" testListId="8c84fa94-04c1-424b-9868-57a2d4851a1d" />
    <TestEntry testId="2b02a344-ee83-ca6c-0a67-bd7dd0f371eb" executionId="ce725007-ea08-4441-a0ec-e141bacaf617" testListId="8c84fa94-04c1-424b-9868-57a2d4851a1d" />
    <TestEntry testId="ef07d4d8-f980-72a7-f8ad-ca33512cc104" executionId="64182e8c-0155-4280-a72b-0f066e34bdf3" testListId="8c84fa94-04c1-424b-9868-57a2d4851a1d" />
    <TestEntry testId="afb1ba20-4070-88f7-6e1e-0fb32beb0499" executionId="a36469fe-087a-44d5-8ef7-d9f73901a7af" testListId="8c84fa94-04c1-424b-9868-57a2d4851a1d" />
    <TestEntry testId="5c87e856-38c1-ae18-1cc2-296b19b9f82e" executionId="b782adde-6849-4f70-8d17-952c5ed0b69e" testListId="8c84fa94-04c1-424b-9868-57a2d4851a1d" />
    <TestEntry testId="22ae6555-1abb-ccea-7162-a023f9e97eda" executionId="2979b269-7701-4beb-be5e-478dac09f0c9" testListId="8c84fa94-04c1-424b-9868-57a2d4851a1d" />
    <TestEntry testId="60b96de8-e4bc-050a-082b-11f806281974" executionId="3b9bd829-a21b-477f-9f40-cf17f124cd3f" testListId="8c84fa94-04c1-424b-9868-57a2d4851a1d" />
    <TestEntry testId="79b2aed5-456c-64a8-cd96-32f8e85d6565" executionId="46a1094b-a023-4c70-b727-6d29c262ef04" testListId="8c84fa94-04c1-424b-9868-57a2d4851a1d" />
    <TestEntry testId="149853f5-81b9-550c-8264-e14b13aa7deb" executionId="f1273b21-db5c-407d-9ceb-3ba37f2e846a" testListId="8c84fa94-04c1-424b-9868-57a2d4851a1d" />
    <TestEntry testId="3772d2a7-c7e4-6106-528a-05ed7289ba8f" executionId="e821e540-4a87-4bea-ac86-585e3e5a420f" testListId="8c84fa94-04c1-424b-9868-57a2d4851a1d" />
    <TestEntry testId="d53a0092-ed99-77b9-8371-5139efc287e7" executionId="350d6c18-8028-4bde-bc90-afd6c2b9c9f0" testListId="8c84fa94-04c1-424b-9868-57a2d4851a1d" />
    <TestEntry testId="7fb109f5-4854-ffd1-0e15-48d6af7e793e" executionId="2150a7a2-584f-4001-aa1d-f1e3af9afdfa" testListId="8c84fa94-04c1-424b-9868-57a2d4851a1d" />
    <TestEntry testId="b4f5b054-116d-b7d8-e008-7ce2fff3a68b" executionId="68836330-de68-4741-ae87-90fc2215b4e1" testListId="8c84fa94-04c1-424b-9868-57a2d4851a1d" />
    <TestEntry testId="35825fdb-e7a0-6da1-e63d-dbb2f8a62ccb" executionId="b0d1fef5-be42-42ad-bb06-e204eb14c7ef" testListId="8c84fa94-04c1-424b-9868-57a2d4851a1d" />
    <TestEntry testId="b74c6e17-538e-0745-3207-9cecca4dd18d" executionId="7d3daae6-dce6-474f-a602-b7166e1fa09c" testListId="8c84fa94-04c1-424b-9868-57a2d4851a1d" />
    <TestEntry testId="e646f181-c971-92b4-35d5-32538d557030" executionId="df6a0645-575a-4a47-a828-f5da1695eedc" testListId="8c84fa94-04c1-424b-9868-57a2d4851a1d" />
    <TestEntry testId="b83261af-508c-a1cd-753a-9485ec870adc" executionId="a8d15c03-a51e-43cc-8daf-81b1b7502e22" testListId="8c84fa94-04c1-424b-9868-57a2d4851a1d" />
    <TestEntry testId="f7b8e361-d3f6-ef4a-87bf-585d116be20c" executionId="41423bfc-8523-4514-bc44-98174f2ed738" testListId="8c84fa94-04c1-424b-9868-57a2d4851a1d" />
    <TestEntry testId="0568211b-6fa7-00e7-3174-e75e7936ae61" executionId="5414b0f9-ad53-465a-975a-1dad80371286" testListId="8c84fa94-04c1-424b-9868-57a2d4851a1d" />
    <TestEntry testId="3021c021-44d2-7826-95bd-2df425a9c95a" executionId="73bbc1e1-2f55-4078-91e7-592332dcee5a" testListId="8c84fa94-04c1-424b-9868-57a2d4851a1d" />
    <TestEntry testId="a547b162-bcc8-cdb2-6a19-357d2be96156" executionId="bec650a9-d74b-4bbb-80e1-1c8b912f5290" testListId="8c84fa94-04c1-424b-9868-57a2d4851a1d" />
  </TestEntries>
  <TestLists>
    <TestList name="Results Not in a List" id="8c84fa94-04c1-424b-9868-57a2d4851a1d" />
    <TestList name="All Loaded Results" id="19431567-8539-422a-85d7-44ee4e166bda" />
  </TestLists>
  <ResultSummary outcome="Completed">
    <Counters total="307" executed="307" passed="307" failed="0" error="0" timeout="0" aborted="0" inconclusive="0" passedButRunAborted="0" notRunnable="0" notExecuted="0" disconnected="0" warning="0" completed="0" inProgress="0" pending="0" />
  </ResultSummary>
</TestRun>