<?xml version="1.0" encoding="utf-8"?>
<TestRun id="c0cfe930-74c5-42c2-aa7d-c641da4509b2" name="DKSR-EFI-04$@DKSR-EFI-04 2023-12-22 09:34:21" runUser="NT AUTHORITY\NETWORK SERVICE" xmlns="http://microsoft.com/schemas/VisualStudio/TeamTest/2010">
  <Times creation="2023-12-22T09:34:21.8033683+01:00" queuing="2023-12-22T09:34:21.8033683+01:00" start="2023-12-22T09:34:11.6783171+01:00" finish="2023-12-22T09:34:46.0066162+01:00" />
  <TestSettings name="default" id="7d919178-9ff5-410e-9b5a-de1c08d2dd45">
    <Deployment runDeploymentRoot="DKSR-EFI-04$_DKSR-EFI-04_2023-12-22_09_34_21" />
  </TestSettings>
  <Results>
    <UnitTestResult executionId="666de9b4-9ede-4b1f-8e60-e3c19f8d20d4" testId="94f14c42-e0df-d711-cfd1-a3c8559622c8" testName="TestActivatePlugInActionWithValidParameters" computerName="DKSR-EFI-04" duration="00:00:00.0038176" startTime="2023-12-22T09:34:31.1940396+01:00" endTime="2023-12-22T09:34:31.2096660+01:00" testType="13cdc9d9-ddb5-4fa4-a97d-d965ccfc6d4b" outcome="Passed" testListId="8c84fa94-04c1-424b-9868-57a2d4851a1d" relativeResultsDirectory="666de9b4-9ede-4b1f-8e60-e3c19f8d20d4" />
    <UnitTestResult executionId="46160110-afa9-4df5-99a9-0998b32cf138" testId="27982400-f5b5-f21e-b696-dede26779e1b" testName="TestGetXML" computerName="DKSR-EFI-04" duration="00:00:00.0121204" startTime="2023-12-22T09:34:37.3034480+01:00" endTime="2023-12-22T09:34:37.3190754+01:00" testType="13cdc9d9-ddb5-4fa4-a97d-d965ccfc6d4b" outcome="Passed" testListId="8c84fa94-04c1-424b-9868-57a2d4851a1d" relativeResultsDirectory="46160110-afa9-4df5-99a9-0998b32cf138" />
    <UnitTestResult executionId="d170f24b-e5db-489e-9895-250bdc34d6dc" testId="03d1e929-4c12-8117-129d-6f1c5c819267" testName="TestDeleteObjectThrowingUnhandledException" computerName="DKSR-EFI-04" duration="00:00:00.0029782" startTime="2023-12-22T09:34:30.4596615+01:00" endTime="2023-12-22T09:34:30.4752866+01:00" testType="13cdc9d9-ddb5-4fa4-a97d-d965ccfc6d4b" outcome="Passed" testListId="8c84fa94-04c1-424b-9868-57a2d4851a1d" relativeResultsDirectory="d170f24b-e5db-489e-9895-250bdc34d6dc" />
    <UnitTestResult executionId="9df7d913-4e7d-4dbd-b2ef-c8e0015173bd" testId="4054a570-b405-add8-b79a-2940118a558e" testName="SystemMonitorStatePusher_PushesCurrentServerState_WhenNewServerItemIsAdded" computerName="DKSR-EFI-04" duration="00:00:00.2828031" startTime="2023-12-22T09:34:41.2878395+01:00" endTime="2023-12-22T09:34:41.5690933+01:00" testType="13cdc9d9-ddb5-4fa4-a97d-d965ccfc6d4b" outcome="Passed" testListId="8c84fa94-04c1-424b-9868-57a2d4851a1d" relativeResultsDirectory="9df7d913-4e7d-4dbd-b2ef-c8e0015173bd" />
    <UnitTestResult executionId="39173e72-9ca4-43f5-92c4-64d764be104c" testId="2f9145a7-6311-f617-6ef6-69440c4a4162" testName="TestUpdateBoundsThrowingUnhandledException" computerName="DKSR-EFI-04" duration="00:00:00.0028314" startTime="2023-12-22T09:34:31.8034195+01:00" endTime="2023-12-22T09:34:31.8190441+01:00" testType="13cdc9d9-ddb5-4fa4-a97d-d965ccfc6d4b" outcome="Passed" testListId="8c84fa94-04c1-424b-9868-57a2d4851a1d" relativeResultsDirectory="39173e72-9ca4-43f5-92c4-64d764be104c" />
    <UnitTestResult executionId="627db597-5fe7-45e0-bdf7-9230227f4788" testId="0899a483-f978-208a-59fe-e2759339cea5" testName="TestGetStatus" computerName="DKSR-EFI-04" duration="00:00:00.0085426" startTime="2023-12-22T09:34:28.8346528+01:00" endTime="2023-12-22T09:34:28.8502801+01:00" testType="13cdc9d9-ddb5-4fa4-a97d-d965ccfc6d4b" outcome="Passed" testListId="8c84fa94-04c1-424b-9868-57a2d4851a1d" relativeResultsDirectory="627db597-5fe7-45e0-bdf7-9230227f4788" />
    <UnitTestResult executionId="41251663-63f6-4df0-a2c8-cadf35a6c93c" testId="f1786565-9098-421f-7c75-e67b4e0cb548" testName="Setup_VmsTokenProvider_TempSecretExistsIsTrue_SecretExists_IsTrue_NoErrorsAreThrownAsync" computerName="DKSR-EFI-04" duration="00:00:00.0591257" startTime="2023-12-22T09:34:39.5222087+01:00" endTime="2023-12-22T09:34:39.5847093+01:00" testType="13cdc9d9-ddb5-4fa4-a97d-d965ccfc6d4b" outcome="Passed" testListId="8c84fa94-04c1-424b-9868-57a2d4851a1d" relativeResultsDirectory="41251663-63f6-4df0-a2c8-cadf35a6c93c" />
    <UnitTestResult executionId="16810f49-1dec-45f6-95fa-1368390b1dd6" testId="21990b8b-1291-e060-3e80-5b7f3edc09e2" testName="WebServiceTest_CreateWsHTTPBindingSecurityModeMessage" computerName="DKSR-EFI-04" duration="00:00:00.0962629" startTime="2023-12-22T09:34:38.8034530+01:00" endTime="2023-12-22T09:34:38.9128306+01:00" testType="13cdc9d9-ddb5-4fa4-a97d-d965ccfc6d4b" outcome="Passed" testListId="8c84fa94-04c1-424b-9868-57a2d4851a1d" relativeResultsDirectory="16810f49-1dec-45f6-95fa-1368390b1dd6" />
    <UnitTestResult executionId="ee523e9c-6c6d-4c83-b082-dd672824b44e" testId="d5621eba-cb30-7bb1-a1d1-8acbd8028e45" testName="TestRemoveElementsWithOldTimestamp" computerName="DKSR-EFI-04" duration="00:00:00.0039804" startTime="2023-12-22T09:34:36.7721929+01:00" endTime="2023-12-22T09:34:36.7721929+01:00" testType="13cdc9d9-ddb5-4fa4-a97d-d965ccfc6d4b" outcome="Passed" testListId="8c84fa94-04c1-424b-9868-57a2d4851a1d" relativeResultsDirectory="ee523e9c-6c6d-4c83-b082-dd672824b44e" />
    <UnitTestResult executionId="5cd7cee7-cf2a-454b-a413-5b814c7acd64" testId="a18da52c-9f52-fb16-4078-bcb8084ca60e" testName="TestUpdateBoundsWithInvalidUser" computerName="DKSR-EFI-04" duration="00:00:00.0026505" startTime="2023-12-22T09:34:30.7096608+01:00" endTime="2023-12-22T09:34:30.7096608+01:00" testType="13cdc9d9-ddb5-4fa4-a97d-d965ccfc6d4b" outcome="Passed" testListId="8c84fa94-04c1-424b-9868-57a2d4851a1d" relativeResultsDirectory="5cd7cee7-cf2a-454b-a413-5b814c7acd64" />
    <UnitTestResult executionId="66c5379c-2f03-4cce-9b65-9210d7bca133" testId="056d9b2e-47e1-66fc-0f61-7dd44cd5f24a" testName="TestConstructor" computerName="DKSR-EFI-04" duration="00:00:00.0025596" startTime="2023-12-22T09:34:32.8971750+01:00" endTime="2023-12-22T09:34:32.8971750+01:00" testType="13cdc9d9-ddb5-4fa4-a97d-d965ccfc6d4b" outcome="Passed" testListId="8c84fa94-04c1-424b-9868-57a2d4851a1d" relativeResultsDirectory="66c5379c-2f03-4cce-9b65-9210d7bca133" />
    <UnitTestResult executionId="b46a19bd-8fac-407a-8a22-59cc88618cc6" testId="709944ad-38f2-d49a-6dce-a5531cda1d37" testName="TestConstructorWithParameters" computerName="DKSR-EFI-04" duration="00:00:00.0003223" startTime="2023-12-22T09:34:38.0847010+01:00" endTime="2023-12-22T09:34:38.0847010+01:00" testType="13cdc9d9-ddb5-4fa4-a97d-d965ccfc6d4b" outcome="Passed" testListId="8c84fa94-04c1-424b-9868-57a2d4851a1d" relativeResultsDirectory="b46a19bd-8fac-407a-8a22-59cc88618cc6" />
    <UnitTestResult executionId="06b26907-4260-466d-82ae-e0c9ec250652" testId="bbed0de9-19bc-ba49-ea76-993a5f8a0766" testName="TestGetVisualElementChangesWithNewerDeletedTimestamp" computerName="DKSR-EFI-04" duration="00:00:00.0026684" startTime="2023-12-22T09:34:37.1628212+01:00" endTime="2023-12-22T09:34:37.1784460+01:00" testType="13cdc9d9-ddb5-4fa4-a97d-d965ccfc6d4b" outcome="Passed" testListId="8c84fa94-04c1-424b-9868-57a2d4851a1d" relativeResultsDirectory="06b26907-4260-466d-82ae-e0c9ec250652" />
    <UnitTestResult executionId="7ed4d9bc-d3bb-407c-a876-a530512c1886" testId="6275dece-a0c2-3768-4637-0ccb8b0992f0" testName="UpdateBounds_WithValidParameters" computerName="DKSR-EFI-04" duration="00:00:00.0050970" startTime="2023-12-22T09:34:31.7877910+01:00" endTime="2023-12-22T09:34:31.8034195+01:00" testType="13cdc9d9-ddb5-4fa4-a97d-d965ccfc6d4b" outcome="Passed" testListId="8c84fa94-04c1-424b-9868-57a2d4851a1d" relativeResultsDirectory="7ed4d9bc-d3bb-407c-a876-a530512c1886" />
    <UnitTestResult executionId="d00913bb-829d-46cb-a90a-4016f63fa0a4" testId="1bad829b-3605-2602-6a66-d68603322f0c" testName="TestUpdateObjectsWithValidParameters" computerName="DKSR-EFI-04" duration="00:00:00.0047352" startTime="2023-12-22T09:34:30.9284132+01:00" endTime="2023-12-22T09:34:30.9284132+01:00" testType="13cdc9d9-ddb5-4fa4-a97d-d965ccfc6d4b" outcome="Passed" testListId="8c84fa94-04c1-424b-9868-57a2d4851a1d" relativeResultsDirectory="d00913bb-829d-46cb-a90a-4016f63fa0a4" />
    <UnitTestResult executionId="ff54d351-8903-45d2-b180-eae83b19aa1d" testId="d8eaa450-d2bd-a831-8272-f5ba42f1fec8" testName="TestValidateWithIncorrectUserTypeBasicUser" computerName="DKSR-EFI-04" duration="00:00:00.0886669" startTime="2023-12-22T09:34:21.8658689+01:00" endTime="2023-12-22T09:34:21.9596185+01:00" testType="13cdc9d9-ddb5-4fa4-a97d-d965ccfc6d4b" outcome="Passed" testListId="8c84fa94-04c1-424b-9868-57a2d4851a1d" relativeResultsDirectory="ff54d351-8903-45d2-b180-eae83b19aa1d" />
    <UnitTestResult executionId="b959db34-f214-4dc1-98f0-c1f5244fbd24" testId="efd6bd24-441a-3baa-e256-65b8d3cbc0bb" testName="TestUpdateElementWithCyclicRelation" computerName="DKSR-EFI-04" duration="00:00:00.0094736" startTime="2023-12-22T09:34:35.9909376+01:00" endTime="2023-12-22T09:34:36.0065642+01:00" testType="13cdc9d9-ddb5-4fa4-a97d-d965ccfc6d4b" outcome="Passed" testListId="8c84fa94-04c1-424b-9868-57a2d4851a1d" relativeResultsDirectory="b959db34-f214-4dc1-98f0-c1f5244fbd24" />
    <UnitTestResult executionId="64d0ff2d-fa2e-4a40-9d0c-30c70280a7ed" testId="93458f80-3775-2ddd-10f2-12013507a32b" testName="TestGetItemOperationalState" computerName="DKSR-EFI-04" duration="00:00:00.0025153" startTime="2023-12-22T09:34:33.7721794+01:00" endTime="2023-12-22T09:34:33.7721794+01:00" testType="13cdc9d9-ddb5-4fa4-a97d-d965ccfc6d4b" outcome="Passed" testListId="8c84fa94-04c1-424b-9868-57a2d4851a1d" relativeResultsDirectory="64d0ff2d-fa2e-4a40-9d0c-30c70280a7ed" />
    <UnitTestResult executionId="f8032fca-3236-42d0-abd9-03c6b8a55749" testId="525e8c69-505e-49e8-6928-10b9d0650e38" testName="TestLiveCacheWithSaved" computerName="DKSR-EFI-04" duration="00:00:00.0062246" startTime="2023-12-22T09:34:27.4752710+01:00" endTime="2023-12-22T09:34:27.4752710+01:00" testType="13cdc9d9-ddb5-4fa4-a97d-d965ccfc6d4b" outcome="Passed" testListId="8c84fa94-04c1-424b-9868-57a2d4851a1d" relativeResultsDirectory="f8032fca-3236-42d0-abd9-03c6b8a55749" />
    <UnitTestResult executionId="17a57acb-1e26-449a-bfbb-aa34695b5510" testId="dc9892b1-1829-9bf5-0716-2ba2e2bad072" testName="WhenAlarmSearchCriteriaWithNoValuesThenInvalidOperationException" computerName="DKSR-EFI-04" duration="00:00:00.0018135" startTime="2023-12-22T09:34:39.1472062+01:00" endTime="2023-12-22T09:34:39.1472062+01:00" testType="13cdc9d9-ddb5-4fa4-a97d-d965ccfc6d4b" outcome="Passed" testListId="8c84fa94-04c1-424b-9868-57a2d4851a1d" relativeResultsDirectory="17a57acb-1e26-449a-bfbb-aa34695b5510" />
    <UnitTestResult executionId="f437581a-c5d1-4ede-be2d-e1b9e2888266" testId="758d0353-42af-8682-0395-6f91b285364d" testName="TestRemoveElementAllreadyMarkedForDeletion" computerName="DKSR-EFI-04" duration="00:00:00.0065762" startTime="2023-12-22T09:34:36.6159438+01:00" endTime="2023-12-22T09:34:36.6159438+01:00" testType="13cdc9d9-ddb5-4fa4-a97d-d965ccfc6d4b" outcome="Passed" testListId="8c84fa94-04c1-424b-9868-57a2d4851a1d" relativeResultsDirectory="f437581a-c5d1-4ede-be2d-e1b9e2888266" />
    <UnitTestResult executionId="4571ce6a-6527-43e7-a264-b362ddc71e9a" testId="153bb311-a7ab-905b-0fa3-53f7fcf4e20e" testName="TestStartWithAccessControlConfigHost" computerName="DKSR-EFI-04" duration="00:00:00.0279666" startTime="2023-12-22T09:34:40.0222128+01:00" endTime="2023-12-22T09:34:40.0534612+01:00" testType="13cdc9d9-ddb5-4fa4-a97d-d965ccfc6d4b" outcome="Passed" testListId="8c84fa94-04c1-424b-9868-57a2d4851a1d" relativeResultsDirectory="4571ce6a-6527-43e7-a264-b362ddc71e9a" />
    <UnitTestResult executionId="6893e000-349c-4e0c-8017-e92a3d641fa8" testId="43a88965-7428-2504-3ad8-2c223aa43c1f" testName="TestCleanUpTimer" computerName="DKSR-EFI-04" duration="00:00:00.0512931" startTime="2023-12-22T09:34:27.5221463+01:00" endTime="2023-12-22T09:34:27.5846465+01:00" testType="13cdc9d9-ddb5-4fa4-a97d-d965ccfc6d4b" outcome="Passed" testListId="8c84fa94-04c1-424b-9868-57a2d4851a1d" relativeResultsDirectory="6893e000-349c-4e0c-8017-e92a3d641fa8" />
    <UnitTestResult executionId="10fd088a-3ba4-4b52-bef6-2407c437c289" testId="5633b127-bb04-d544-e3df-a69bb38d0776" testName="TestLoadConfigurationWithNullNode" computerName="DKSR-EFI-04" duration="00:00:00.0044675" startTime="2023-12-22T09:34:33.8971786+01:00" endTime="2023-12-22T09:34:33.8971786+01:00" testType="13cdc9d9-ddb5-4fa4-a97d-d965ccfc6d4b" outcome="Passed" testListId="8c84fa94-04c1-424b-9868-57a2d4851a1d" relativeResultsDirectory="10fd088a-3ba4-4b52-bef6-2407c437c289" />
    <UnitTestResult executionId="c3678446-39fb-4780-833d-032d275adff8" testId="0531a6e3-4b1d-bc85-e7b0-17ca38e8abce" testName="CreateInstanceReturnsMessageIdWhenCorporateEventTypeIdInMessageId" computerName="DKSR-EFI-04" duration="00:00:00.0017016" startTime="2023-12-22T09:34:40.9909653+01:00" endTime="2023-12-22T09:34:40.9909653+01:00" testType="13cdc9d9-ddb5-4fa4-a97d-d965ccfc6d4b" outcome="Passed" testListId="8c84fa94-04c1-424b-9868-57a2d4851a1d" relativeResultsDirectory="c3678446-39fb-4780-833d-032d275adff8" />
    <UnitTestResult executionId="7b22cb7c-4a34-4d3e-bb72-8fc1860e5786" testId="144352c5-c33b-97b1-d06c-d10783bcd24a" testName="Handle_ShouldFlattenPriorityValue_WhenValuesIncludePriorityAndPriorityName" computerName="DKSR-EFI-04" duration="00:00:00.0037063" startTime="2023-12-22T09:34:43.9753560+01:00" endTime="2023-12-22T09:34:43.9753560+01:00" testType="13cdc9d9-ddb5-4fa4-a97d-d965ccfc6d4b" outcome="Passed" testListId="8c84fa94-04c1-424b-9868-57a2d4851a1d" relativeResultsDirectory="7b22cb7c-4a34-4d3e-bb72-8fc1860e5786" />
    <UnitTestResult executionId="4bca88db-425e-44cc-bdf5-71e28db0529f" testId="b3bbe266-4686-06fd-00e8-bbec851e17e4" testName="TestGetStatusThrowingUnhandledException" computerName="DKSR-EFI-04" duration="00:00:00.0135957" startTime="2023-12-22T09:34:29.2721557+01:00" endTime="2023-12-22T09:34:29.2877801+01:00" testType="13cdc9d9-ddb5-4fa4-a97d-d965ccfc6d4b" outcome="Passed" testListId="8c84fa94-04c1-424b-9868-57a2d4851a1d" relativeResultsDirectory="4bca88db-425e-44cc-bdf5-71e28db0529f" />
    <UnitTestResult executionId="514a2900-db58-4fd3-954c-6d817eef6824" testId="4404f0bc-42cf-337a-ad9d-0be2c38d7ec2" testName="Constructor_ShouldRaiseArgumentNullException_WhenKeyIsNull" computerName="DKSR-EFI-04" duration="00:00:00.0006664" startTime="2023-12-22T09:34:40.0065853+01:00" endTime="2023-12-22T09:34:40.0065853+01:00" testType="13cdc9d9-ddb5-4fa4-a97d-d965ccfc6d4b" outcome="Passed" testListId="8c84fa94-04c1-424b-9868-57a2d4851a1d" relativeResultsDirectory="514a2900-db58-4fd3-954c-6d817eef6824" />
    <UnitTestResult executionId="321108be-f226-414d-bc9b-3a924e8fa132" testId="0c8af55d-888b-66ab-d122-5725e58fd271" testName="UpdateObjects_WithValidParameters" computerName="DKSR-EFI-04" duration="00:00:00.0054254" startTime="2023-12-22T09:34:30.2877851+01:00" endTime="2023-12-22T09:34:30.2877851+01:00" testType="13cdc9d9-ddb5-4fa4-a97d-d965ccfc6d4b" outcome="Passed" testListId="8c84fa94-04c1-424b-9868-57a2d4851a1d" relativeResultsDirectory="321108be-f226-414d-bc9b-3a924e8fa132" />
    <UnitTestResult executionId="d02c99de-f684-4cf4-9d24-1c3a45118571" testId="742ab573-3688-e462-d303-02a1c484494d" testName="SubscribeEventReceiver_ReturnsTrue_WhenNotAlreadySubscribed" computerName="DKSR-EFI-04" duration="00:00:00.0133007" startTime="2023-12-22T09:34:40.5534618+01:00" endTime="2023-12-22T09:34:40.5690893+01:00" testType="13cdc9d9-ddb5-4fa4-a97d-d965ccfc6d4b" outcome="Passed" testListId="8c84fa94-04c1-424b-9868-57a2d4851a1d" relativeResultsDirectory="d02c99de-f684-4cf4-9d24-1c3a45118571" />
    <UnitTestResult executionId="a276d1d6-22eb-46d1-9360-b9fbf25d9732" testId="ef8afd3a-3f31-f6d5-ab6d-4ac9daec90e6" testName="WebServiceCommandBaseTest_UserAndParameterValidation_Parameter_Null" computerName="DKSR-EFI-04" duration="00:00:00.0015866" startTime="2023-12-22T09:34:38.9753303+01:00" endTime="2023-12-22T09:34:38.9753303+01:00" testType="13cdc9d9-ddb5-4fa4-a97d-d965ccfc6d4b" outcome="Passed" testListId="8c84fa94-04c1-424b-9868-57a2d4851a1d" relativeResultsDirectory="a276d1d6-22eb-46d1-9360-b9fbf25d9732" />
    <UnitTestResult executionId="589448ac-5c72-4407-a101-2aa1c8adabf7" testId="b05efe8d-d94c-9ff1-508e-eed12d2e8abb" testName="GetVisualElementChanges_FilteringAllDifferentServerRelations" computerName="DKSR-EFI-04" duration="00:00:00.0223838" startTime="2023-12-22T09:34:31.7409179+01:00" endTime="2023-12-22T09:34:31.7721671+01:00" testType="13cdc9d9-ddb5-4fa4-a97d-d965ccfc6d4b" outcome="Passed" testListId="8c84fa94-04c1-424b-9868-57a2d4851a1d" relativeResultsDirectory="589448ac-5c72-4407-a101-2aa1c8adabf7" />
    <UnitTestResult executionId="3ba98898-41da-48b1-bc76-b716b2f4be34" testId="a09789c3-f697-5663-6a05-6fa2cb53c4e5" testName="TestUpdateElementNameWithOldTimestamp" computerName="DKSR-EFI-04" duration="00:00:00.0026688" startTime="2023-12-22T09:34:37.2253190+01:00" endTime="2023-12-22T09:34:37.2409467+01:00" testType="13cdc9d9-ddb5-4fa4-a97d-d965ccfc6d4b" outcome="Passed" testListId="8c84fa94-04c1-424b-9868-57a2d4851a1d" relativeResultsDirectory="3ba98898-41da-48b1-bc76-b716b2f4be34" />
    <UnitTestResult executionId="75748bfa-13b5-4e4f-8e3d-840e98575732" testId="6ea36cb7-dc9f-f9b5-d308-6a7e97d59a45" testName="GetAllObjectsOfType_SingleElementPath" computerName="DKSR-EFI-04" duration="00:00:00.0038235" startTime="2023-12-22T09:34:30.3346607+01:00" endTime="2023-12-22T09:34:30.3346607+01:00" testType="13cdc9d9-ddb5-4fa4-a97d-d965ccfc6d4b" outcome="Passed" testListId="8c84fa94-04c1-424b-9868-57a2d4851a1d" relativeResultsDirectory="75748bfa-13b5-4e4f-8e3d-840e98575732" />
    <UnitTestResult executionId="8ca7f51d-24f0-492c-9d1f-d22517bf2af6" testId="6659ef55-df01-6033-873e-1d49a2e3e8df" testName="TestGetServiceInfo" computerName="DKSR-EFI-04" duration="00:00:00.0023862" startTime="2023-12-22T09:34:38.5222031+01:00" endTime="2023-12-22T09:34:38.5222031+01:00" testType="13cdc9d9-ddb5-4fa4-a97d-d965ccfc6d4b" outcome="Passed" testListId="8c84fa94-04c1-424b-9868-57a2d4851a1d" relativeResultsDirectory="8ca7f51d-24f0-492c-9d1f-d22517bf2af6" />
    <UnitTestResult executionId="5c446f34-2690-4cb8-b6d7-3c623ab4eb06" testId="ef8dde0f-8cc7-b5bf-229c-416b59b00ca5" testName="ModifySuppressStatusItem_ModifiesTheExistingItem" computerName="DKSR-EFI-04" duration="00:00:00.0039447" startTime="2023-12-22T09:34:26.8033940+01:00" endTime="2023-12-22T09:34:26.8033940+01:00" testType="13cdc9d9-ddb5-4fa4-a97d-d965ccfc6d4b" outcome="Passed" testListId="8c84fa94-04c1-424b-9868-57a2d4851a1d" relativeResultsDirectory="5c446f34-2690-4cb8-b6d7-3c623ab4eb06" />
    <UnitTestResult executionId="bf485ec1-0e64-458e-852f-180c17940127" testId="9c6b93f0-21ea-bab9-4f22-0a88632e740e" testName="TestItemsWithItemIdsNotIncluded" computerName="DKSR-EFI-04" duration="00:00:00.0029141" startTime="2023-12-22T09:34:33.8034282+01:00" endTime="2023-12-22T09:34:33.8034282+01:00" testType="13cdc9d9-ddb5-4fa4-a97d-d965ccfc6d4b" outcome="Passed" testListId="8c84fa94-04c1-424b-9868-57a2d4851a1d" relativeResultsDirectory="bf485ec1-0e64-458e-852f-180c17940127" />
    <UnitTestResult executionId="1ad08eed-d9fc-4929-b67d-cefd8488d92f" testId="cfe923a5-11a0-312b-3c42-ddecffad1e3b" testName="TestNewObject" computerName="DKSR-EFI-04" duration="00:00:00.0009986" startTime="2023-12-22T09:34:37.3190754+01:00" endTime="2023-12-22T09:34:37.3190754+01:00" testType="13cdc9d9-ddb5-4fa4-a97d-d965ccfc6d4b" outcome="Passed" testListId="8c84fa94-04c1-424b-9868-57a2d4851a1d" relativeResultsDirectory="1ad08eed-d9fc-4929-b67d-cefd8488d92f" />
    <UnitTestResult executionId="48fd6385-cbdf-4e69-b407-bc6691507013" testId="83082774-001a-3111-eeb0-284040ad150c" testName="TestGetStatusDetailsWithElementContainingNoDetails" computerName="DKSR-EFI-04" duration="00:00:00.0261034" startTime="2023-12-22T09:34:35.0846857+01:00" endTime="2023-12-22T09:34:35.1159329+01:00" testType="13cdc9d9-ddb5-4fa4-a97d-d965ccfc6d4b" outcome="Passed" testListId="8c84fa94-04c1-424b-9868-57a2d4851a1d" relativeResultsDirectory="48fd6385-cbdf-4e69-b407-bc6691507013" />
    <UnitTestResult executionId="1515c7a9-6557-4eef-8770-3e2e9ab79e02" testId="fa5511f4-8519-f9e6-eb84-5d9a722d9f15" testName="TestUpdateElementWithAMarkedForDeletionElement" computerName="DKSR-EFI-04" duration="00:00:00.0033934" startTime="2023-12-22T09:34:35.9596899+01:00" endTime="2023-12-22T09:34:35.9596899+01:00" testType="13cdc9d9-ddb5-4fa4-a97d-d965ccfc6d4b" outcome="Passed" testListId="8c84fa94-04c1-424b-9868-57a2d4851a1d" relativeResultsDirectory="1515c7a9-6557-4eef-8770-3e2e9ab79e02" />
    <UnitTestResult executionId="afc387e5-964f-4252-ba23-5d0de09db3d0" testId="f5494661-fe61-3b93-b99f-f96ddc383216" testName="TestGetPlugInItems" computerName="DKSR-EFI-04" duration="00:00:00.0319560" startTime="2023-12-22T09:34:33.0534244+01:00" endTime="2023-12-22T09:34:33.0846730+01:00" testType="13cdc9d9-ddb5-4fa4-a97d-d965ccfc6d4b" outcome="Passed" testListId="8c84fa94-04c1-424b-9868-57a2d4851a1d" relativeResultsDirectory="afc387e5-964f-4252-ba23-5d0de09db3d0" />
    <UnitTestResult executionId="ef1b49eb-88ff-4016-93b5-cff0b932b0a6" testId="f77eaa31-835c-32de-1591-59ded3243b0f" testName="TestGetTypeChangedThrowingUnhandledException" computerName="DKSR-EFI-04" duration="00:00:00.0056838" startTime="2023-12-22T09:34:31.2565404+01:00" endTime="2023-12-22T09:34:31.2721652+01:00" testType="13cdc9d9-ddb5-4fa4-a97d-d965ccfc6d4b" outcome="Passed" testListId="8c84fa94-04c1-424b-9868-57a2d4851a1d" relativeResultsDirectory="ef1b49eb-88ff-4016-93b5-cff0b932b0a6" />
    <UnitTestResult executionId="16245044-b9be-474d-8834-a0db231dabe4" testId="7c8997fa-4eb0-4fdd-223c-cb6cf6f9de4d" testName="TestIDWithNull" computerName="DKSR-EFI-04" duration="00:00:00.0001705" startTime="2023-12-22T09:34:32.6784210+01:00" endTime="2023-12-22T09:34:32.6784210+01:00" testType="13cdc9d9-ddb5-4fa4-a97d-d965ccfc6d4b" outcome="Passed" testListId="8c84fa94-04c1-424b-9868-57a2d4851a1d" relativeResultsDirectory="16245044-b9be-474d-8834-a0db231dabe4" />
    <UnitTestResult executionId="21b08ecd-f034-4a68-a7e6-f14313ec2ead" testId="2fdca0ec-03ca-b79a-f880-b6fee07749a2" testName="CreateInstanceReturnsNullWhenDuplicatedInputEvent" computerName="DKSR-EFI-04" duration="00:00:00.0005319" startTime="2023-12-22T09:34:40.9909653+01:00" endTime="2023-12-22T09:34:40.9909653+01:00" testType="13cdc9d9-ddb5-4fa4-a97d-d965ccfc6d4b" outcome="Passed" testListId="8c84fa94-04c1-424b-9868-57a2d4851a1d" relativeResultsDirectory="21b08ecd-f034-4a68-a7e6-f14313ec2ead" />
    <UnitTestResult executionId="e3f5850d-e0ec-4127-babf-be0689d29371" testId="469315c8-1cc6-451a-cd46-08337cc7ecdb" testName="TestGetIconDataThrowingUnhandledException" computerName="DKSR-EFI-04" duration="00:00:00.0044900" startTime="2023-12-22T09:34:30.5690353+01:00" endTime="2023-12-22T09:34:30.5690353+01:00" testType="13cdc9d9-ddb5-4fa4-a97d-d965ccfc6d4b" outcome="Passed" testListId="8c84fa94-04c1-424b-9868-57a2d4851a1d" relativeResultsDirectory="e3f5850d-e0ec-4127-babf-be0689d29371" />
    <UnitTestResult executionId="16400cdd-22eb-4c54-94af-7860c47400a7" testId="99543fcc-f796-6f95-3612-f5fd1fdfb5f7" testName="TestGetElementWithValidIdAndOwnerId" computerName="DKSR-EFI-04" duration="00:00:00.0129107" startTime="2023-12-22T09:34:36.1628157+01:00" endTime="2023-12-22T09:34:36.1784413+01:00" testType="13cdc9d9-ddb5-4fa4-a97d-d965ccfc6d4b" outcome="Passed" testListId="8c84fa94-04c1-424b-9868-57a2d4851a1d" relativeResultsDirectory="16400cdd-22eb-4c54-94af-7860c47400a7" />
    <UnitTestResult executionId="92b1e38e-adcb-4146-949d-3d4d07845e76" testId="ded5ffc5-e6ed-f1d6-b4b6-c5d364958d62" testName="TestGetStatusWithMapPlugInItem" computerName="DKSR-EFI-04" duration="00:00:00.0226886" startTime="2023-12-22T09:34:34.8034346+01:00" endTime="2023-12-22T09:34:34.8190576+01:00" testType="13cdc9d9-ddb5-4fa4-a97d-d965ccfc6d4b" outcome="Passed" testListId="8c84fa94-04c1-424b-9868-57a2d4851a1d" relativeResultsDirectory="92b1e38e-adcb-4146-949d-3d4d07845e76" />
    <UnitTestResult executionId="a1e41769-b3f6-4482-81cd-a385b3b6e04a" testId="4ef61b4c-e4db-af8f-ac17-9fede93bc802" testName="TestCheckAuthorizationWithCachedData" computerName="DKSR-EFI-04" duration="00:00:00.0015481" startTime="2023-12-22T09:34:39.8972106+01:00" endTime="2023-12-22T09:34:39.8972106+01:00" testType="13cdc9d9-ddb5-4fa4-a97d-d965ccfc6d4b" outcome="Passed" testListId="8c84fa94-04c1-424b-9868-57a2d4851a1d" relativeResultsDirectory="a1e41769-b3f6-4482-81cd-a385b3b6e04a" />
    <UnitTestResult executionId="6d1c9f8b-e57f-4829-a16c-264ce5369b47" testId="73e328c0-4710-e606-9be8-5deb082f424b" testName="TestGetStatusWithForeignServerIDs" computerName="DKSR-EFI-04" duration="00:00:00.0031588" startTime="2023-12-22T09:34:29.2877801+01:00" endTime="2023-12-22T09:34:29.2877801+01:00" testType="13cdc9d9-ddb5-4fa4-a97d-d965ccfc6d4b" outcome="Passed" testListId="8c84fa94-04c1-424b-9868-57a2d4851a1d" relativeResultsDirectory="6d1c9f8b-e57f-4829-a16c-264ce5369b47" />
    <UnitTestResult executionId="c70f853b-0100-4d1d-99f8-7d0151442d51" testId="053605cc-6735-42bb-6e5a-f614c91f94ee" testName="TestAddUserWithNullUser" computerName="DKSR-EFI-04" duration="00:00:00.0010941" startTime="2023-12-22T09:34:40.1003378+01:00" endTime="2023-12-22T09:34:40.1003378+01:00" testType="13cdc9d9-ddb5-4fa4-a97d-d965ccfc6d4b" outcome="Passed" testListId="8c84fa94-04c1-424b-9868-57a2d4851a1d" relativeResultsDirectory="c70f853b-0100-4d1d-99f8-7d0151442d51" />
    <UnitTestResult executionId="a17d82be-f130-462e-9824-b768a923eb04" testId="4e83dfb8-d6fa-96b5-e523-9b7e2b677ee8" testName="EventConverter_ConvertBaseItemToBaseEvent_Success_With_Reference_Items" computerName="DKSR-EFI-04" duration="00:00:00.0119695" startTime="2023-12-22T09:34:39.2722063+01:00" endTime="2023-12-22T09:34:39.2878313+01:00" testType="13cdc9d9-ddb5-4fa4-a97d-d965ccfc6d4b" outcome="Passed" testListId="8c84fa94-04c1-424b-9868-57a2d4851a1d" relativeResultsDirectory="a17d82be-f130-462e-9824-b768a923eb04" />
    <UnitTestResult executionId="8216dc09-2d2f-4d48-a980-1f27d986e025" testId="a7129e47-f514-c184-12bf-648b55307ce8" testName="TestCopyObject" computerName="DKSR-EFI-04" duration="00:00:00.0107180" startTime="2023-12-22T09:34:37.3190754+01:00" endTime="2023-12-22T09:34:37.3346986+01:00" testType="13cdc9d9-ddb5-4fa4-a97d-d965ccfc6d4b" outcome="Passed" testListId="8c84fa94-04c1-424b-9868-57a2d4851a1d" relativeResultsDirectory="8216dc09-2d2f-4d48-a980-1f27d986e025" />
    <UnitTestResult executionId="62cfdd58-675e-403f-acc9-b0e141578fd1" testId="6172f02a-913a-1545-4284-9e6a65047ffb" testName="TestGetObjectThrowingUnhandledException" computerName="DKSR-EFI-04" duration="00:00:00.0030233" startTime="2023-12-22T09:34:30.3190349+01:00" endTime="2023-12-22T09:34:30.3190349+01:00" testType="13cdc9d9-ddb5-4fa4-a97d-d965ccfc6d4b" outcome="Passed" testListId="8c84fa94-04c1-424b-9868-57a2d4851a1d" relativeResultsDirectory="62cfdd58-675e-403f-acc9-b0e141578fd1" />
    <UnitTestResult executionId="5cf9fa20-66f2-4c2a-a28f-09e8860a670e" testId="4176d264-09e0-b06d-c159-5226ace99675" testName="TestAccessRequestActionHandlerConstruction" computerName="DKSR-EFI-04" duration="00:00:00.0108319" startTime="2023-12-22T09:34:38.6472015+01:00" endTime="2023-12-22T09:34:38.6628273+01:00" testType="13cdc9d9-ddb5-4fa4-a97d-d965ccfc6d4b" outcome="Passed" testListId="8c84fa94-04c1-424b-9868-57a2d4851a1d" relativeResultsDirectory="5cf9fa20-66f2-4c2a-a28f-09e8860a670e" />
    <UnitTestResult executionId="5ab8044d-7261-4c3a-85a4-183d4f86c988" testId="656e298d-2d36-cfe0-be8f-80e929d07c74" testName="TestConstructor" computerName="DKSR-EFI-04" duration="00:00:00.0006004" startTime="2023-12-22T09:34:38.5378272+01:00" endTime="2023-12-22T09:34:38.5378272+01:00" testType="13cdc9d9-ddb5-4fa4-a97d-d965ccfc6d4b" outcome="Passed" testListId="8c84fa94-04c1-424b-9868-57a2d4851a1d" relativeResultsDirectory="5ab8044d-7261-4c3a-85a4-183d4f86c988" />
    <UnitTestResult executionId="6609cb46-3c2b-4b25-9784-da29ef4c3824" testId="da9b2ce5-50e0-4c70-1517-953340f2dd57" testName="TestUpdateDisplayXMLThrowingUnhandledException" computerName="DKSR-EFI-04" duration="00:00:00.0052090" startTime="2023-12-22T09:34:31.0065386+01:00" endTime="2023-12-22T09:34:31.0065386+01:00" testType="13cdc9d9-ddb5-4fa4-a97d-d965ccfc6d4b" outcome="Passed" testListId="8c84fa94-04c1-424b-9868-57a2d4851a1d" relativeResultsDirectory="6609cb46-3c2b-4b25-9784-da29ef4c3824" />
    <UnitTestResult executionId="45833bf5-f1a6-4a64-bb5b-571c5c38c3a2" testId="2624c65e-dca6-66ef-54f0-35e68f401166" testName="TestGetStatusForAllObjectsOfTypeWithInvalidUser" computerName="DKSR-EFI-04" duration="00:00:00.0040012" startTime="2023-12-22T09:34:29.3034052+01:00" endTime="2023-12-22T09:34:29.3034052+01:00" testType="13cdc9d9-ddb5-4fa4-a97d-d965ccfc6d4b" outcome="Passed" testListId="8c84fa94-04c1-424b-9868-57a2d4851a1d" relativeResultsDirectory="45833bf5-f1a6-4a64-bb5b-571c5c38c3a2" />
    <UnitTestResult executionId="50c38d1b-791c-4288-8007-4cfdb862f17b" testId="a787ff48-be4f-289c-784c-b1310306f6ca" testName="TestUpdateState" computerName="DKSR-EFI-04" duration="00:00:00.0202386" startTime="2023-12-22T09:34:37.6003224+01:00" endTime="2023-12-22T09:34:37.6159470+01:00" testType="13cdc9d9-ddb5-4fa4-a97d-d965ccfc6d4b" outcome="Passed" testListId="8c84fa94-04c1-424b-9868-57a2d4851a1d" relativeResultsDirectory="50c38d1b-791c-4288-8007-4cfdb862f17b" />
    <UnitTestResult executionId="dda43419-0347-4459-9348-be2a24cd8b9d" testId="71ac7708-f02b-16cd-b5d5-cdd06651ba0e" testName="TestGetVisualElementChangesWithPositiveTimeout" computerName="DKSR-EFI-04" duration="00:00:00.1215893" startTime="2023-12-22T09:34:29.3971563+01:00" endTime="2023-12-22T09:34:29.5221568+01:00" testType="13cdc9d9-ddb5-4fa4-a97d-d965ccfc6d4b" outcome="Passed" testListId="8c84fa94-04c1-424b-9868-57a2d4851a1d" relativeResultsDirectory="dda43419-0347-4459-9348-be2a24cd8b9d" />
    <UnitTestResult executionId="3e9e7d54-6d54-455e-a901-6e7d86ea4bcb" testId="5d472274-e651-49db-a19f-9c9fc5e07861" testName="TestGetVisualElementChangesNotAuthenticated" computerName="DKSR-EFI-04" duration="00:00:00.0015970" startTime="2023-12-22T09:34:31.2721652+01:00" endTime="2023-12-22T09:34:31.2877886+01:00" testType="13cdc9d9-ddb5-4fa4-a97d-d965ccfc6d4b" outcome="Passed" testListId="8c84fa94-04c1-424b-9868-57a2d4851a1d" relativeResultsDirectory="3e9e7d54-6d54-455e-a901-6e7d86ea4bcb" />
    <UnitTestResult executionId="577e3758-df9b-4e24-bdb4-be987383f082" testId="f17fb508-5add-884a-e759-f0cbc77bb104" testName="TestCreateObjectWithInvalidUser" computerName="DKSR-EFI-04" duration="00:00:00.0024183" startTime="2023-12-22T09:34:31.3190398+01:00" endTime="2023-12-22T09:34:31.3190398+01:00" testType="13cdc9d9-ddb5-4fa4-a97d-d965ccfc6d4b" outcome="Passed" testListId="8c84fa94-04c1-424b-9868-57a2d4851a1d" relativeResultsDirectory="577e3758-df9b-4e24-bdb4-be987383f082" />
    <UnitTestResult executionId="7a2c92f1-1354-4e5b-9fe7-eb8460640d9d" testId="041377db-dcc6-3c7f-3732-41e0e8b36562" testName="TestDeleteObjectThrowingUnhandledException" computerName="DKSR-EFI-04" duration="00:00:00.0028489" startTime="2023-12-22T09:34:31.6159188+01:00" endTime="2023-12-22T09:34:31.6159188+01:00" testType="13cdc9d9-ddb5-4fa4-a97d-d965ccfc6d4b" outcome="Passed" testListId="8c84fa94-04c1-424b-9868-57a2d4851a1d" relativeResultsDirectory="7a2c92f1-1354-4e5b-9fe7-eb8460640d9d" />
    <UnitTestResult executionId="a2f6afe0-6f3d-4e1a-8a9c-6d9bec44c772" testId="402c8357-a508-a28e-f400-8cfa63df3da3" testName="GetAllObjectsOfType_FromRoot" computerName="DKSR-EFI-04" duration="00:00:00.0052426" startTime="2023-12-22T09:34:31.4440413+01:00" endTime="2023-12-22T09:34:31.4596668+01:00" testType="13cdc9d9-ddb5-4fa4-a97d-d965ccfc6d4b" outcome="Passed" testListId="8c84fa94-04c1-424b-9868-57a2d4851a1d" relativeResultsDirectory="a2f6afe0-6f3d-4e1a-8a9c-6d9bec44c772" />
    <UnitTestResult executionId="b931646d-abb6-49db-9995-cde0d3ddc31a" testId="43777f90-1960-02ae-d0ac-4e9f90968a37" testName="Handle_ShouldFlattenStateValue_WhenValuesIncludeStateIntAndStateNameAndState" computerName="DKSR-EFI-04" duration="00:00:00.0238078" startTime="2023-12-22T09:34:43.8972278+01:00" endTime="2023-12-22T09:34:43.9284802+01:00" testType="13cdc9d9-ddb5-4fa4-a97d-d965ccfc6d4b" outcome="Passed" testListId="8c84fa94-04c1-424b-9868-57a2d4851a1d" relativeResultsDirectory="b931646d-abb6-49db-9995-cde0d3ddc31a" />
    <UnitTestResult executionId="4daa9e89-fcd6-4746-8157-67fafc9bd87f" testId="df106c93-dba2-fad8-cf9c-e89f94afe190" testName="TestUpdateElementDisplayXmlWithValidParameters" computerName="DKSR-EFI-04" duration="00:00:00.0054759" startTime="2023-12-22T09:34:35.2565598+01:00" endTime="2023-12-22T09:34:35.2565598+01:00" testType="13cdc9d9-ddb5-4fa4-a97d-d965ccfc6d4b" outcome="Passed" testListId="8c84fa94-04c1-424b-9868-57a2d4851a1d" relativeResultsDirectory="4daa9e89-fcd6-4746-8157-67fafc9bd87f" />
    <UnitTestResult executionId="753f7dc2-469b-48e5-8e32-4102aa07ac7e" testId="9f8c3216-6149-5961-d5fe-113fb44f852c" testName="GetStateGroupsTest" computerName="DKSR-EFI-04" duration="00:00:00.0065953" startTime="2023-12-22T09:34:40.4440874+01:00" endTime="2023-12-22T09:34:40.4597112+01:00" testType="13cdc9d9-ddb5-4fa4-a97d-d965ccfc6d4b" outcome="Passed" testListId="8c84fa94-04c1-424b-9868-57a2d4851a1d" relativeResultsDirectory="753f7dc2-469b-48e5-8e32-4102aa07ac7e" />
    <UnitTestResult executionId="76da6847-7777-4e45-9502-89d362a406d3" testId="85031ff5-98e8-19d0-56e2-c823ef4db0bd" testName="GetObjectsWithinGPSArea_FilteringAllDifferentServerRelations" computerName="DKSR-EFI-04" duration="00:00:00.0051026" startTime="2023-12-22T09:34:31.5377923+01:00" endTime="2023-12-22T09:34:31.5377923+01:00" testType="13cdc9d9-ddb5-4fa4-a97d-d965ccfc6d4b" outcome="Passed" testListId="8c84fa94-04c1-424b-9868-57a2d4851a1d" relativeResultsDirectory="76da6847-7777-4e45-9502-89d362a406d3" />
    <UnitTestResult executionId="d4a13692-cad9-4aa4-bad8-88c8b4a3f5a4" testId="a9081024-1a3c-3980-14ce-9946c32defb3" testName="TestTypeID" computerName="DKSR-EFI-04" duration="00:00:00.0015612" startTime="2023-12-22T09:34:33.6628026+01:00" endTime="2023-12-22T09:34:33.6628026+01:00" testType="13cdc9d9-ddb5-4fa4-a97d-d965ccfc6d4b" outcome="Passed" testListId="8c84fa94-04c1-424b-9868-57a2d4851a1d" relativeResultsDirectory="d4a13692-cad9-4aa4-bad8-88c8b4a3f5a4" />
    <UnitTestResult executionId="2d6934bd-6510-4848-84d9-cc623bdf3096" testId="85bdef9d-5e1c-84ca-4f17-43b92841d07e" testName="TestUpdateState" computerName="DKSR-EFI-04" duration="00:00:00.0264923" startTime="2023-12-22T09:34:37.3503226+01:00" endTime="2023-12-22T09:34:37.3815715+01:00" testType="13cdc9d9-ddb5-4fa4-a97d-d965ccfc6d4b" outcome="Passed" testListId="8c84fa94-04c1-424b-9868-57a2d4851a1d" relativeResultsDirectory="2d6934bd-6510-4848-84d9-cc623bdf3096" />
    <UnitTestResult executionId="00d5e5b4-3323-40aa-a27e-09f72ed9421f" testId="090f2140-4bc4-30bd-174c-4e33819d9496" testName="TestCleanupObsoleteAuthorization" computerName="DKSR-EFI-04" duration="00:00:00.0082648" startTime="2023-12-22T09:34:39.9284612+01:00" endTime="2023-12-22T09:34:39.9440856+01:00" testType="13cdc9d9-ddb5-4fa4-a97d-d965ccfc6d4b" outcome="Passed" testListId="8c84fa94-04c1-424b-9868-57a2d4851a1d" relativeResultsDirectory="00d5e5b4-3323-40aa-a27e-09f72ed9421f" />
    <UnitTestResult executionId="0ec24f27-2e04-4b48-985a-9cc88833c76a" testId="8536e151-edc3-ab1b-23e8-57399f33348f" testName="TestGetVisualization" computerName="DKSR-EFI-04" duration="00:00:00.0048860" startTime="2023-12-22T09:34:28.1159042+01:00" endTime="2023-12-22T09:34:28.1159042+01:00" testType="13cdc9d9-ddb5-4fa4-a97d-d965ccfc6d4b" outcome="Passed" testListId="8c84fa94-04c1-424b-9868-57a2d4851a1d" relativeResultsDirectory="0ec24f27-2e04-4b48-985a-9cc88833c76a" />
    <UnitTestResult executionId="504b529a-4354-48a4-ab37-60dae81b0fe7" testId="dc08e628-1818-fd36-8e97-cefc3b20677b" testName="TestFetchCache" computerName="DKSR-EFI-04" duration="00:00:00.1094227" startTime="2023-12-22T09:34:27.5846465+01:00" endTime="2023-12-22T09:34:27.6940233+01:00" testType="13cdc9d9-ddb5-4fa4-a97d-d965ccfc6d4b" outcome="Passed" testListId="8c84fa94-04c1-424b-9868-57a2d4851a1d" relativeResultsDirectory="504b529a-4354-48a4-ab37-60dae81b0fe7" />
    <UnitTestResult executionId="e6baea3d-b5a7-4165-ae4e-e28023b19e56" testId="b4501866-0bce-5dae-c51a-1282bb076da4" testName="TestConstructor" computerName="DKSR-EFI-04" duration="00:00:00.0039534" startTime="2023-12-22T09:34:38.3659546+01:00" endTime="2023-12-22T09:34:38.3815798+01:00" testType="13cdc9d9-ddb5-4fa4-a97d-d965ccfc6d4b" outcome="Passed" testListId="8c84fa94-04c1-424b-9868-57a2d4851a1d" relativeResultsDirectory="e6baea3d-b5a7-4165-ae4e-e28023b19e56" />
    <UnitTestResult executionId="5ac54456-d663-425e-9fe6-080908491ad0" testId="040abd3d-af7d-66ad-a4bf-bba3d7f15b8e" testName="TestUpdateObjectThrowingUnhandledException" computerName="DKSR-EFI-04" duration="00:00:00.0237742" startTime="2023-12-22T09:34:30.8971631+01:00" endTime="2023-12-22T09:34:30.9284132+01:00" testType="13cdc9d9-ddb5-4fa4-a97d-d965ccfc6d4b" outcome="Passed" testListId="8c84fa94-04c1-424b-9868-57a2d4851a1d" relativeResultsDirectory="5ac54456-d663-425e-9fe6-080908491ad0" />
    <UnitTestResult executionId="dc75f840-3e73-4b01-a5ea-4a4625c52984" testId="a19fec4a-02e1-9322-efac-e71a64f156c3" testName="TestGetAllObjectsOnVisualElementWithInvalidUser" computerName="DKSR-EFI-04" duration="00:00:00.0024460" startTime="2023-12-22T09:34:31.5221668+01:00" endTime="2023-12-22T09:34:31.5221668+01:00" testType="13cdc9d9-ddb5-4fa4-a97d-d965ccfc6d4b" outcome="Passed" testListId="8c84fa94-04c1-424b-9868-57a2d4851a1d" relativeResultsDirectory="dc75f840-3e73-4b01-a5ea-4a4625c52984" />
    <UnitTestResult executionId="3384aebf-098c-42e7-addc-bb13d2a4cec3" testId="b54d77b2-84ea-8a67-b4f0-f35f9bb7857b" testName="HasStateUpdate_ShouldReturnTrue_WhenListContainsOneUpdateWithDifferentStates" computerName="DKSR-EFI-04" duration="00:00:00.0005756" startTime="2023-12-22T09:34:44.0066054+01:00" endTime="2023-12-22T09:34:44.0066054+01:00" testType="13cdc9d9-ddb5-4fa4-a97d-d965ccfc6d4b" outcome="Passed" testListId="8c84fa94-04c1-424b-9868-57a2d4851a1d" relativeResultsDirectory="3384aebf-098c-42e7-addc-bb13d2a4cec3" />
    <UnitTestResult executionId="119c9f28-ce2d-437e-a910-eafcff75fcdd" testId="cbe8b214-ea1c-0fd1-1902-5026939c5b9f" testName="TestGetAllElementsOfTypeExcludeRoot" computerName="DKSR-EFI-04" duration="00:00:00.0102184" startTime="2023-12-22T09:34:36.3815676+01:00" endTime="2023-12-22T09:34:36.3815676+01:00" testType="13cdc9d9-ddb5-4fa4-a97d-d965ccfc6d4b" outcome="Passed" testListId="8c84fa94-04c1-424b-9868-57a2d4851a1d" relativeResultsDirectory="119c9f28-ce2d-437e-a910-eafcff75fcdd" />
    <UnitTestResult executionId="78c57070-c7e0-4704-b854-60436dc870c8" testId="bcc2542f-2068-b622-e2f2-3cc555e9d8ce" testName="GetVisualElementChanges_WithZeroTimeout" computerName="DKSR-EFI-04" duration="00:00:00.0056299" startTime="2023-12-22T09:34:30.6159124+01:00" endTime="2023-12-22T09:34:30.6315374+01:00" testType="13cdc9d9-ddb5-4fa4-a97d-d965ccfc6d4b" outcome="Passed" testListId="8c84fa94-04c1-424b-9868-57a2d4851a1d" relativeResultsDirectory="78c57070-c7e0-4704-b854-60436dc870c8" />
    <UnitTestResult executionId="e322a6a2-309d-4a67-a199-ca6482454a01" testId="65dda2f7-0c63-1e1c-e70c-9c363c2c9b93" testName="TestRemoveElementsRemovingElementWithRelationsToIt" computerName="DKSR-EFI-04" duration="00:00:00.0146686" startTime="2023-12-22T09:34:36.7878186+01:00" endTime="2023-12-22T09:34:36.8034438+01:00" testType="13cdc9d9-ddb5-4fa4-a97d-d965ccfc6d4b" outcome="Passed" testListId="8c84fa94-04c1-424b-9868-57a2d4851a1d" relativeResultsDirectory="e322a6a2-309d-4a67-a199-ca6482454a01" />
    <UnitTestResult executionId="b960df2c-0dac-47a6-98e9-f447db4b6ce6" testId="c93413a4-cce4-d076-cdab-9f751d1f2bd6" testName="TestInsertElementsWithTwoElementsWithSameRelationId" computerName="DKSR-EFI-04" duration="00:00:00.0031689" startTime="2023-12-22T09:34:35.8659378+01:00" endTime="2023-12-22T09:34:35.8659378+01:00" testType="13cdc9d9-ddb5-4fa4-a97d-d965ccfc6d4b" outcome="Passed" testListId="8c84fa94-04c1-424b-9868-57a2d4851a1d" relativeResultsDirectory="b960df2c-0dac-47a6-98e9-f447db4b6ce6" />
    <UnitTestResult executionId="03ab40c9-a35f-44f0-9e69-c83ed01ec025" testId="c1716f5e-0689-895f-3295-017dc3e9ada5" testName="TestGetVisualizationThrowingUnhandledException" computerName="DKSR-EFI-04" duration="00:00:00.0029370" startTime="2023-12-22T09:34:29.3659066+01:00" endTime="2023-12-22T09:34:29.3659066+01:00" testType="13cdc9d9-ddb5-4fa4-a97d-d965ccfc6d4b" outcome="Passed" testListId="8c84fa94-04c1-424b-9868-57a2d4851a1d" relativeResultsDirectory="03ab40c9-a35f-44f0-9e69-c83ed01ec025" />
    <UnitTestResult executionId="867a652b-9d75-4958-a3f3-330e8631e901" testId="f6819eae-b90a-2385-66dc-666a348500ab" testName="TestInsertElementsWhereOneIdIsAllreadyInUse" computerName="DKSR-EFI-04" duration="00:00:00.0033356" startTime="2023-12-22T09:34:35.8346881+01:00" endTime="2023-12-22T09:34:35.8346881+01:00" testType="13cdc9d9-ddb5-4fa4-a97d-d965ccfc6d4b" outcome="Passed" testListId="8c84fa94-04c1-424b-9868-57a2d4851a1d" relativeResultsDirectory="867a652b-9d75-4958-a3f3-330e8631e901" />
    <UnitTestResult executionId="73b3e2af-9753-4cd6-950e-2413a854c774" testId="1273889c-a586-73a8-3ad1-6b005ef36f19" testName="TestGetPlugInItemsThrowingUnhandledException" computerName="DKSR-EFI-04" duration="00:00:00.0027095" startTime="2023-12-22T09:34:31.8659189+01:00" endTime="2023-12-22T09:34:31.8659189+01:00" testType="13cdc9d9-ddb5-4fa4-a97d-d965ccfc6d4b" outcome="Passed" testListId="8c84fa94-04c1-424b-9868-57a2d4851a1d" relativeResultsDirectory="73b3e2af-9753-4cd6-950e-2413a854c774" />
    <UnitTestResult executionId="579799ba-b071-4daf-8328-41775c0db441" testId="adce347d-d8a3-fa81-3aab-32fa93d7feec" testName="TestLoadXMLWithNoInnerText" computerName="DKSR-EFI-04" duration="00:00:00.0003389" startTime="2023-12-22T09:34:37.3971974+01:00" endTime="2023-12-22T09:34:37.3971974+01:00" testType="13cdc9d9-ddb5-4fa4-a97d-d965ccfc6d4b" outcome="Passed" testListId="8c84fa94-04c1-424b-9868-57a2d4851a1d" relativeResultsDirectory="579799ba-b071-4daf-8328-41775c0db441" />
    <UnitTestResult executionId="1910a5b8-291a-411e-92b0-deb301e57b0a" testId="885b3cd8-4bf4-c09f-f0c5-4232a1fd8140" testName="TestGetStatusWithMarkForDeletionElementId" computerName="DKSR-EFI-04" duration="00:00:00.0065687" startTime="2023-12-22T09:34:34.1784303+01:00" endTime="2023-12-22T09:34:34.1940557+01:00" testType="13cdc9d9-ddb5-4fa4-a97d-d965ccfc6d4b" outcome="Passed" testListId="8c84fa94-04c1-424b-9868-57a2d4851a1d" relativeResultsDirectory="1910a5b8-291a-411e-92b0-deb301e57b0a" />
    <UnitTestResult executionId="6766b530-b1c4-44ae-af3a-f52348c72b25" testId="71d20668-151d-d940-3401-2af3efc860c6" testName="TestRemoveElementWithNonExistingId" computerName="DKSR-EFI-04" duration="00:00:00.0021752" startTime="2023-12-22T09:34:36.6003174+01:00" endTime="2023-12-22T09:34:36.6159438+01:00" testType="13cdc9d9-ddb5-4fa4-a97d-d965ccfc6d4b" outcome="Passed" testListId="8c84fa94-04c1-424b-9868-57a2d4851a1d" relativeResultsDirectory="6766b530-b1c4-44ae-af3a-f52348c72b25" />
    <UnitTestResult executionId="1d3cb2a2-0833-4acd-88a0-88091bba3f1d" testId="b13edc60-e14f-bede-2ebb-2cb5551e6ec9" testName="DeleteObjectAndChildObjects_WithValidParameters" computerName="DKSR-EFI-04" duration="00:00:00.0038702" startTime="2023-12-22T09:34:31.6315427+01:00" endTime="2023-12-22T09:34:31.6315427+01:00" testType="13cdc9d9-ddb5-4fa4-a97d-d965ccfc6d4b" outcome="Passed" testListId="8c84fa94-04c1-424b-9868-57a2d4851a1d" relativeResultsDirectory="1d3cb2a2-0833-4acd-88a0-88091bba3f1d" />
    <UnitTestResult executionId="23227a3f-827f-473f-91b8-6d8ac6ed2e31" testId="84896106-2f9f-b03d-8fed-b3a52db5f04e" testName="TestCreateAccessControlItemAuthorizationFetcherWithNullConfigHost" computerName="DKSR-EFI-04" duration="00:00:00.0010391" startTime="2023-12-22T09:34:40.1940865+01:00" endTime="2023-12-22T09:34:40.1940865+01:00" testType="13cdc9d9-ddb5-4fa4-a97d-d965ccfc6d4b" outcome="Passed" testListId="8c84fa94-04c1-424b-9868-57a2d4851a1d" relativeResultsDirectory="23227a3f-827f-473f-91b8-6d8ac6ed2e31" />
    <UnitTestResult executionId="00673f76-d63e-42de-abd6-7b53b20c6e1e" testId="17464289-6d28-3fe2-3a2c-ff1a21f4a88d" testName="TestGetPlugInItemChangesWithChangesItemsWithNowTimestamp" computerName="DKSR-EFI-04" duration="00:00:00.0174033" startTime="2023-12-22T09:34:33.5378004+01:00" endTime="2023-12-22T09:34:33.5534255+01:00" testType="13cdc9d9-ddb5-4fa4-a97d-d965ccfc6d4b" outcome="Passed" testListId="8c84fa94-04c1-424b-9868-57a2d4851a1d" relativeResultsDirectory="00673f76-d63e-42de-abd6-7b53b20c6e1e" />
    <UnitTestResult executionId="a9eb3f01-8f1c-4e15-92e4-89b9fa70b059" testId="c7daca29-1755-7aa7-c742-17b920aea620" testName="TestGetStatusForAllObjectsOfTypeNotAuthenticated" computerName="DKSR-EFI-04" duration="00:00:00.0016870" startTime="2023-12-22T09:34:28.0377729+01:00" endTime="2023-12-22T09:34:28.0377729+01:00" testType="13cdc9d9-ddb5-4fa4-a97d-d965ccfc6d4b" outcome="Passed" testListId="8c84fa94-04c1-424b-9868-57a2d4851a1d" relativeResultsDirectory="a9eb3f01-8f1c-4e15-92e4-89b9fa70b059" />
    <UnitTestResult executionId="78047e6a-0749-4690-a692-9f6c075e3757" testId="c9ac8109-a977-5850-df7c-0201cbb26bfc" testName="TestRemoveElementWithElementWithRelationRelationIdRemoved" computerName="DKSR-EFI-04" duration="00:00:00.0111780" startTime="2023-12-22T09:34:36.6471951+01:00" endTime="2023-12-22T09:34:36.6628193+01:00" testType="13cdc9d9-ddb5-4fa4-a97d-d965ccfc6d4b" outcome="Passed" testListId="8c84fa94-04c1-424b-9868-57a2d4851a1d" relativeResultsDirectory="78047e6a-0749-4690-a692-9f6c075e3757" />
    <UnitTestResult executionId="a0b48aa2-c47f-4a97-8f65-94982a46e8e1" testId="bd13d3be-2b69-2191-9edd-a13c4674c882" testName="TestGetPlugInItemChangesWithInvalidUser" computerName="DKSR-EFI-04" duration="00:00:00.0026021" startTime="2023-12-22T09:34:30.7877869+01:00" endTime="2023-12-22T09:34:30.7877869+01:00" testType="13cdc9d9-ddb5-4fa4-a97d-d965ccfc6d4b" outcome="Passed" testListId="8c84fa94-04c1-424b-9868-57a2d4851a1d" relativeResultsDirectory="a0b48aa2-c47f-4a97-8f65-94982a46e8e1" />
    <UnitTestResult executionId="81cf2496-4733-4c73-878b-57163283f30b" testId="ca7222e5-698c-ede6-13e8-d9ccebf23df9" testName="ShouldSave_ShouldBeTrue_IfDefaultConfigurationHasBeenInvoked" computerName="DKSR-EFI-04" duration="00:00:00.0017768" startTime="2023-12-22T09:34:41.0534652+01:00" endTime="2023-12-22T09:34:41.0534652+01:00" testType="13cdc9d9-ddb5-4fa4-a97d-d965ccfc6d4b" outcome="Passed" testListId="8c84fa94-04c1-424b-9868-57a2d4851a1d" relativeResultsDirectory="81cf2496-4733-4c73-878b-57163283f30b" />
    <UnitTestResult executionId="2b14a11e-db3e-4567-9529-5b506779186d" testId="46a4af85-2565-af66-9c4c-361ffcee9620" testName="TestAcknowledgeMultipleAlarmsInvalidToken" computerName="DKSR-EFI-04" duration="00:00:00.0029762" startTime="2023-12-22T09:34:32.3502956+01:00" endTime="2023-12-22T09:34:32.3659196+01:00" testType="13cdc9d9-ddb5-4fa4-a97d-d965ccfc6d4b" outcome="Passed" testListId="8c84fa94-04c1-424b-9868-57a2d4851a1d" relativeResultsDirectory="2b14a11e-db3e-4567-9529-5b506779186d" />
    <UnitTestResult executionId="c6f14f38-fc31-4810-99f0-9769a5a12e85" testId="29dacb0e-cd52-5215-c609-685fea82ec57" testName="TestUpdateDisplayNotAuthenticated" computerName="DKSR-EFI-04" duration="00:00:00.0017798" startTime="2023-12-22T09:34:30.9909140+01:00" endTime="2023-12-22T09:34:30.9909140+01:00" testType="13cdc9d9-ddb5-4fa4-a97d-d965ccfc6d4b" outcome="Passed" testListId="8c84fa94-04c1-424b-9868-57a2d4851a1d" relativeResultsDirectory="c6f14f38-fc31-4810-99f0-9769a5a12e85" />
    <UnitTestResult executionId="e219b45d-af6d-4681-80a0-55af15c16e9b" testId="301dfd48-e8c9-1161-41f4-866afd5c0510" testName="TestGetAllObjectIDsOnVisualElementNotAuthenticated" computerName="DKSR-EFI-04" duration="00:00:00.0013979" startTime="2023-12-22T09:34:31.0846631+01:00" endTime="2023-12-22T09:34:31.0846631+01:00" testType="13cdc9d9-ddb5-4fa4-a97d-d965ccfc6d4b" outcome="Passed" testListId="8c84fa94-04c1-424b-9868-57a2d4851a1d" relativeResultsDirectory="e219b45d-af6d-4681-80a0-55af15c16e9b" />
    <UnitTestResult executionId="efde9709-075a-4af8-8f0b-f71744d7fd5b" testId="65775a17-b1b7-46d3-f43c-2bc7e29acf69" testName="TestGetVisualElementChangesWithInsufficientRights" computerName="DKSR-EFI-04" duration="00:00:00.0075550" startTime="2023-12-22T09:34:37.1940699+01:00" endTime="2023-12-22T09:34:37.1940699+01:00" testType="13cdc9d9-ddb5-4fa4-a97d-d965ccfc6d4b" outcome="Passed" testListId="8c84fa94-04c1-424b-9868-57a2d4851a1d" relativeResultsDirectory="efde9709-075a-4af8-8f0b-f71744d7fd5b" />
    <UnitTestResult executionId="9d0a11c6-1212-4df7-b053-c0f7f1d98e5b" testId="ffee91ef-540c-aa73-1baf-ddf78484f21e" testName="TestGetObjectThrowingUnhandledException" computerName="DKSR-EFI-04" duration="00:00:00.0027433" startTime="2023-12-22T09:34:31.4440413+01:00" endTime="2023-12-22T09:34:31.4440413+01:00" testType="13cdc9d9-ddb5-4fa4-a97d-d965ccfc6d4b" outcome="Passed" testListId="8c84fa94-04c1-424b-9868-57a2d4851a1d" relativeResultsDirectory="9d0a11c6-1212-4df7-b053-c0f7f1d98e5b" />
    <UnitTestResult executionId="6c387ec9-718e-4f0f-83b9-535a714fc50e" testId="c57fc0c5-f9d0-7279-3e84-1fd326fe01da" testName="TestActivatePlugInActionNotAuthenticated" computerName="DKSR-EFI-04" duration="00:00:00.0015040" startTime="2023-12-22T09:34:31.2096660+01:00" endTime="2023-12-22T09:34:31.2096660+01:00" testType="13cdc9d9-ddb5-4fa4-a97d-d965ccfc6d4b" outcome="Passed" testListId="8c84fa94-04c1-424b-9868-57a2d4851a1d" relativeResultsDirectory="6c387ec9-718e-4f0f-83b9-535a714fc50e" />
    <UnitTestResult executionId="dc3983ab-4848-4b70-aaa9-e4a831aa362f" testId="52477087-f303-ed10-2285-482352c7ad94" testName="TestGetVisualElementChangesWithNullId" computerName="DKSR-EFI-04" duration="00:00:00.0014890" startTime="2023-12-22T09:34:37.1315695+01:00" endTime="2023-12-22T09:34:37.1315695+01:00" testType="13cdc9d9-ddb5-4fa4-a97d-d965ccfc6d4b" outcome="Passed" testListId="8c84fa94-04c1-424b-9868-57a2d4851a1d" relativeResultsDirectory="dc3983ab-4848-4b70-aaa9-e4a831aa362f" />
    <UnitTestResult executionId="282f4d54-d008-4c07-b89e-3876c461b664" testId="a6a31fed-fb7d-f827-eb32-702bbf42a9e8" testName="TestConstructorWithAccessControlConfigHost" computerName="DKSR-EFI-04" duration="00:00:00.0005399" startTime="2023-12-22T09:34:40.1784604+01:00" endTime="2023-12-22T09:34:40.1784604+01:00" testType="13cdc9d9-ddb5-4fa4-a97d-d965ccfc6d4b" outcome="Passed" testListId="8c84fa94-04c1-424b-9868-57a2d4851a1d" relativeResultsDirectory="282f4d54-d008-4c07-b89e-3876c461b664" />
    <UnitTestResult executionId="262c458e-480d-4dc8-8212-3508bf253953" testId="97b31139-a598-5002-d238-5d4d9f4008d4" testName="TestConstructorWithVisualElementStorageDatabaseAndVisualElementWithObjects" computerName="DKSR-EFI-04" duration="00:00:00.0092572" startTime="2023-12-22T09:34:38.1628244+01:00" endTime="2023-12-22T09:34:38.1784516+01:00" testType="13cdc9d9-ddb5-4fa4-a97d-d965ccfc6d4b" outcome="Passed" testListId="8c84fa94-04c1-424b-9868-57a2d4851a1d" relativeResultsDirectory="262c458e-480d-4dc8-8212-3508bf253953" />
    <UnitTestResult executionId="3b38a969-637a-4b9e-934f-793d7eeaf42a" testId="f7e7505e-f831-a4e3-cd72-f64bacc34cde" testName="Stop_ShouldSetStopFetchingToTrue_WhenCalled" computerName="DKSR-EFI-04" duration="00:00:00.0033023" startTime="2023-12-22T09:34:40.1472096+01:00" endTime="2023-12-22T09:34:40.1472096+01:00" testType="13cdc9d9-ddb5-4fa4-a97d-d965ccfc6d4b" outcome="Passed" testListId="8c84fa94-04c1-424b-9868-57a2d4851a1d" relativeResultsDirectory="3b38a969-637a-4b9e-934f-793d7eeaf42a" />
    <UnitTestResult executionId="985d12f8-af87-46dd-a0a0-cc3fc646c923" testId="ff4dc26d-11fa-60e5-abe6-ccf02d137214" testName="TestGetAllObjectsOnVisualElementThrowingUnhandledException" computerName="DKSR-EFI-04" duration="00:00:00.0029059" startTime="2023-12-22T09:34:31.5221668+01:00" endTime="2023-12-22T09:34:31.5221668+01:00" testType="13cdc9d9-ddb5-4fa4-a97d-d965ccfc6d4b" outcome="Passed" testListId="8c84fa94-04c1-424b-9868-57a2d4851a1d" relativeResultsDirectory="985d12f8-af87-46dd-a0a0-cc3fc646c923" />
    <UnitTestResult executionId="e0dc674c-dcd4-4054-a153-e5378a561fac" testId="c094ea59-7ebf-de56-c011-d420ffa08fd4" testName="TestAttachSnapshotException" computerName="DKSR-EFI-04" duration="00:00:00.0034817" startTime="2023-12-22T09:34:32.3034214+01:00" endTime="2023-12-22T09:34:32.3034214+01:00" testType="13cdc9d9-ddb5-4fa4-a97d-d965ccfc6d4b" outcome="Passed" testListId="8c84fa94-04c1-424b-9868-57a2d4851a1d" relativeResultsDirectory="e0dc674c-dcd4-4054-a153-e5378a561fac" />
    <UnitTestResult executionId="2944ef52-b51e-432f-9b00-57f32f94331f" testId="d3b83472-d279-5956-8eb1-a6a351343475" testName="TestGetVisualElementChangesWithNegativeTimeout" computerName="DKSR-EFI-04" duration="00:00:00.0039478" startTime="2023-12-22T09:34:30.6002882+01:00" endTime="2023-12-22T09:34:30.6159124+01:00" testType="13cdc9d9-ddb5-4fa4-a97d-d965ccfc6d4b" outcome="Passed" testListId="8c84fa94-04c1-424b-9868-57a2d4851a1d" relativeResultsDirectory="2944ef52-b51e-432f-9b00-57f32f94331f" />
    <UnitTestResult executionId="b62884ad-9cb2-46e6-95d6-4a7ce56dc666" testId="73f3eafd-1bb4-9bf7-716f-d5fe9dc13a08" testName="TestOneACSystemPLEnabledOneACSystemPLEnabled" computerName="DKSR-EFI-04" duration="00:00:00.0055347" startTime="2023-12-22T09:34:39.8034598+01:00" endTime="2023-12-22T09:34:39.8034598+01:00" testType="13cdc9d9-ddb5-4fa4-a97d-d965ccfc6d4b" outcome="Passed" testListId="8c84fa94-04c1-424b-9868-57a2d4851a1d" relativeResultsDirectory="b62884ad-9cb2-46e6-95d6-4a7ce56dc666" />
    <UnitTestResult executionId="dd9f3f38-b866-4cd5-b2d3-075272238076" testId="a6ada6b1-1f6c-a56d-fd5a-9dd7bb6086f3" testName="TestUpdateObjectsThrowingUnhandledException" computerName="DKSR-EFI-04" duration="00:00:00.0028973" startTime="2023-12-22T09:34:30.2877851+01:00" endTime="2023-12-22T09:34:30.3034087+01:00" testType="13cdc9d9-ddb5-4fa4-a97d-d965ccfc6d4b" outcome="Passed" testListId="8c84fa94-04c1-424b-9868-57a2d4851a1d" relativeResultsDirectory="dd9f3f38-b866-4cd5-b2d3-075272238076" />
    <UnitTestResult executionId="6e9ed81d-2179-424d-8de7-b03307785c75" testId="d1ea3dbc-ae5e-1318-b51a-3467e3c99c47" testName="EventConverter_ConvertEventStatusToBaseItem_Success_ExternalEvent_Undefined" computerName="DKSR-EFI-04" duration="00:00:00.0096969" startTime="2023-12-22T09:34:39.2253313+01:00" endTime="2023-12-22T09:34:39.2409545+01:00" testType="13cdc9d9-ddb5-4fa4-a97d-d965ccfc6d4b" outcome="Passed" testListId="8c84fa94-04c1-424b-9868-57a2d4851a1d" relativeResultsDirectory="6e9ed81d-2179-424d-8de7-b03307785c75" />
    <UnitTestResult executionId="155be86b-f8fd-4f84-90de-8f9e33626a0c" testId="61b1faa6-0efc-af5e-6a9d-e58e6eb783b9" testName="SystemMonitorStatePusher_PushesCurrentCameraState_WhenNewCameraItemIsAdded" computerName="DKSR-EFI-04" duration="00:00:00.0727169" startTime="2023-12-22T09:34:41.5690933+01:00" endTime="2023-12-22T09:34:41.6472191+01:00" testType="13cdc9d9-ddb5-4fa4-a97d-d965ccfc6d4b" outcome="Passed" testListId="8c84fa94-04c1-424b-9868-57a2d4851a1d" relativeResultsDirectory="155be86b-f8fd-4f84-90de-8f9e33626a0c" />
    <UnitTestResult executionId="7ed3abe0-cd65-4570-b2cd-17d9d02fa945" testId="5d8b5611-79f1-dd5d-ad97-7b4e8e39121c" testName="TestGetServiceInfos" computerName="DKSR-EFI-04" duration="00:00:00.0011059" startTime="2023-12-22T09:34:38.5222031+01:00" endTime="2023-12-22T09:34:38.5222031+01:00" testType="13cdc9d9-ddb5-4fa4-a97d-d965ccfc6d4b" outcome="Passed" testListId="8c84fa94-04c1-424b-9868-57a2d4851a1d" relativeResultsDirectory="7ed3abe0-cd65-4570-b2cd-17d9d02fa945" />
    <UnitTestResult executionId="d059c316-4fd0-4e45-a200-b88d969496b3" testId="12cbe1a3-b8d8-c02f-3cd6-2eebde58d3b9" testName="TestConstructor" computerName="DKSR-EFI-04" duration="00:00:00.0011674" startTime="2023-12-22T09:34:35.3503104+01:00" endTime="2023-12-22T09:34:35.3503104+01:00" testType="13cdc9d9-ddb5-4fa4-a97d-d965ccfc6d4b" outcome="Passed" testListId="8c84fa94-04c1-424b-9868-57a2d4851a1d" relativeResultsDirectory="d059c316-4fd0-4e45-a200-b88d969496b3" />
    <UnitTestResult executionId="3decd0ff-7b82-407d-bc56-8b62a1561bbe" testId="ffe889c3-2f44-ef0a-71ca-383fba540493" testName="TestOneACSystemPLDisabledOneACSystemPLEnabled" computerName="DKSR-EFI-04" duration="00:00:00.0017479" startTime="2023-12-22T09:34:39.7878374+01:00" endTime="2023-12-22T09:34:39.7878374+01:00" testType="13cdc9d9-ddb5-4fa4-a97d-d965ccfc6d4b" outcome="Passed" testListId="8c84fa94-04c1-424b-9868-57a2d4851a1d" relativeResultsDirectory="3decd0ff-7b82-407d-bc56-8b62a1561bbe" />
    <UnitTestResult executionId="2142bfd3-d410-4334-9f79-9ee1e76fe7e4" testId="8a7e2926-6682-8f43-3bdc-6c7efd7a8faf" testName="TestGetPlugInItemChangesWithNegativeTimeout" computerName="DKSR-EFI-04" duration="00:00:00.0010199" startTime="2023-12-22T09:34:31.1940396+01:00" endTime="2023-12-22T09:34:31.1940396+01:00" testType="13cdc9d9-ddb5-4fa4-a97d-d965ccfc6d4b" outcome="Passed" testListId="8c84fa94-04c1-424b-9868-57a2d4851a1d" relativeResultsDirectory="2142bfd3-d410-4334-9f79-9ee1e76fe7e4" />
    <UnitTestResult executionId="8e9d7896-6ce6-4ba5-bff7-8c15b78b8cd3" testId="e187a4f8-2a0c-b2fa-65de-ffb89c00cd52" testName="TestUpdateElementBoundsWithNonExistingVisualOwnerId" computerName="DKSR-EFI-04" duration="00:00:00.0018482" startTime="2023-12-22T09:34:35.1940597+01:00" endTime="2023-12-22T09:34:35.1940597+01:00" testType="13cdc9d9-ddb5-4fa4-a97d-d965ccfc6d4b" outcome="Passed" testListId="8c84fa94-04c1-424b-9868-57a2d4851a1d" relativeResultsDirectory="8e9d7896-6ce6-4ba5-bff7-8c15b78b8cd3" />
    <UnitTestResult executionId="ba54db9d-a964-45e7-bfb3-1b9b151c02f2" testId="9469aee2-b0ed-11c3-f4db-007069bd5ff7" testName="HardwareAndDeviceEventTypes_ShouldBeReloaded_WhenXpcoConfigChangesAsync" computerName="DKSR-EFI-04" duration="00:00:00.5123048" startTime="2023-12-22T09:34:43.3816020+01:00" endTime="2023-12-22T09:34:43.8972278+01:00" testType="13cdc9d9-ddb5-4fa4-a97d-d965ccfc6d4b" outcome="Passed" testListId="8c84fa94-04c1-424b-9868-57a2d4851a1d" relativeResultsDirectory="ba54db9d-a964-45e7-bfb3-1b9b151c02f2" />
    <UnitTestResult executionId="ab53eba8-0401-421d-97b0-bc87b7bbbe10" testId="cf3bd580-d58c-86fe-c0e2-03110ea272b8" testName="TestCacheCleanupMultipleSessionsSingleUserIdNoTouch" computerName="DKSR-EFI-04" duration="00:00:00.0012683" startTime="2023-12-22T09:34:39.6628345+01:00" endTime="2023-12-22T09:34:39.6628345+01:00" testType="13cdc9d9-ddb5-4fa4-a97d-d965ccfc6d4b" outcome="Passed" testListId="8c84fa94-04c1-424b-9868-57a2d4851a1d" relativeResultsDirectory="ab53eba8-0401-421d-97b0-bc87b7bbbe10" />
    <UnitTestResult executionId="c15a5ebf-b5ae-4202-a06e-f015f05f4713" testId="c4153300-d58c-99ef-1b85-cb3165a4dc51" testName="TestAttachSnapshot" computerName="DKSR-EFI-04" duration="00:00:00.0048064" startTime="2023-12-22T09:34:32.3034214+01:00" endTime="2023-12-22T09:34:32.3034214+01:00" testType="13cdc9d9-ddb5-4fa4-a97d-d965ccfc6d4b" outcome="Passed" testListId="8c84fa94-04c1-424b-9868-57a2d4851a1d" relativeResultsDirectory="c15a5ebf-b5ae-4202-a06e-f015f05f4713" />
    <UnitTestResult executionId="efe85943-65a1-4ccd-b432-d56e5d2f1130" testId="2543e1c9-0785-b41d-98cc-3e2c749289b6" testName="TestGetStatusDetails" computerName="DKSR-EFI-04" duration="00:00:00.0008848" startTime="2023-12-22T09:34:38.0378251+01:00" endTime="2023-12-22T09:34:38.0378251+01:00" testType="13cdc9d9-ddb5-4fa4-a97d-d965ccfc6d4b" outcome="Passed" testListId="8c84fa94-04c1-424b-9868-57a2d4851a1d" relativeResultsDirectory="efe85943-65a1-4ccd-b432-d56e5d2f1130" />
    <UnitTestResult executionId="c78fb508-d502-41d5-8860-c836d3e6efdf" testId="73052815-243b-f729-0b25-8e22cfe5eb21" testName="AllEventRetentions_ShouldContainAllGroupsAndDefault_ThatWerePreviouslySet" computerName="DKSR-EFI-04" duration="00:00:00.0074646" startTime="2023-12-22T09:34:41.1003401+01:00" endTime="2023-12-22T09:34:41.1003401+01:00" testType="13cdc9d9-ddb5-4fa4-a97d-d965ccfc6d4b" outcome="Passed" testListId="8c84fa94-04c1-424b-9868-57a2d4851a1d" relativeResultsDirectory="c78fb508-d502-41d5-8860-c836d3e6efdf" />
    <UnitTestResult executionId="ff1c8248-b2c1-49a8-8181-64b77fbc3b52" testId="46c93511-7de3-b224-b0bc-10ed611b58bf" testName="TestCreateObjectWithServerIDInRelationID" computerName="DKSR-EFI-04" duration="00:00:00.0021869" startTime="2023-12-22T09:34:31.3034143+01:00" endTime="2023-12-22T09:34:31.3190398+01:00" testType="13cdc9d9-ddb5-4fa4-a97d-d965ccfc6d4b" outcome="Passed" testListId="8c84fa94-04c1-424b-9868-57a2d4851a1d" relativeResultsDirectory="ff1c8248-b2c1-49a8-8181-64b77fbc3b52" />
    <UnitTestResult executionId="74b4e1bb-85fd-4bdb-b390-a3550429b6f8" testId="3bd334de-d427-8484-65ca-b08a8977c8cd" testName="DefaultRetention_ShouldBeOneDay_ByDefault" computerName="DKSR-EFI-04" duration="00:00:00.0155331" startTime="2023-12-22T09:34:41.0222156+01:00" endTime="2023-12-22T09:34:41.0378415+01:00" testType="13cdc9d9-ddb5-4fa4-a97d-d965ccfc6d4b" outcome="Passed" testListId="8c84fa94-04c1-424b-9868-57a2d4851a1d" relativeResultsDirectory="74b4e1bb-85fd-4bdb-b390-a3550429b6f8" />
    <UnitTestResult executionId="30a0abff-aa08-48c4-b5f9-18e12e817246" testId="e9178e1a-3c14-5564-d259-ac18470ccb1d" testName="TestUpdateElementsWithNonExistingVisualOwnerId" computerName="DKSR-EFI-04" duration="00:00:00.0039915" startTime="2023-12-22T09:34:36.0846911+01:00" endTime="2023-12-22T09:34:36.0846911+01:00" testType="13cdc9d9-ddb5-4fa4-a97d-d965ccfc6d4b" outcome="Passed" testListId="8c84fa94-04c1-424b-9868-57a2d4851a1d" relativeResultsDirectory="30a0abff-aa08-48c4-b5f9-18e12e817246" />
    <UnitTestResult executionId="ae935dcb-5fd1-46a4-bedf-95c1f682b19f" testId="ccb9bfbc-3d59-3184-7e4f-081f9ce17556" testName="TestGetVisualElementChangesWithSubElements" computerName="DKSR-EFI-04" duration="00:00:00.0136782" startTime="2023-12-22T09:34:37.1471954+01:00" endTime="2023-12-22T09:34:37.1628212+01:00" testType="13cdc9d9-ddb5-4fa4-a97d-d965ccfc6d4b" outcome="Passed" testListId="8c84fa94-04c1-424b-9868-57a2d4851a1d" relativeResultsDirectory="ae935dcb-5fd1-46a4-bedf-95c1f682b19f" />
    <UnitTestResult executionId="4789bdf0-10ea-4399-b7fa-7e9b03bb0776" testId="4d0f6a2e-fc6f-1af8-c276-a92921441b69" testName="CheckAccess_ForMultipleDevices_ShouldReturnArrayOfPermissions_WhenUserExistsInDb" computerName="DKSR-EFI-04" duration="00:00:00.0530516" startTime="2023-12-22T09:34:27.8190250+01:00" endTime="2023-12-22T09:34:27.8658969+01:00" testType="13cdc9d9-ddb5-4fa4-a97d-d965ccfc6d4b" outcome="Passed" testListId="8c84fa94-04c1-424b-9868-57a2d4851a1d" relativeResultsDirectory="4789bdf0-10ea-4399-b7fa-7e9b03bb0776" />
    <UnitTestResult executionId="99e832a0-f7ce-4b62-b02d-58bf3c7b110b" testId="1d1af91a-98bf-5e9c-f940-4402a64a3dc3" testName="TestGetAllElementsWithinGpsAreaWithInvalidUpperLeftBounds" computerName="DKSR-EFI-04" duration="00:00:00.0052461" startTime="2023-12-22T09:34:36.4909426+01:00" endTime="2023-12-22T09:34:36.4909426+01:00" testType="13cdc9d9-ddb5-4fa4-a97d-d965ccfc6d4b" outcome="Passed" testListId="8c84fa94-04c1-424b-9868-57a2d4851a1d" relativeResultsDirectory="99e832a0-f7ce-4b62-b02d-58bf3c7b110b" />
    <UnitTestResult executionId="d74ea5a9-0959-4bdb-b7c0-15f8484fe8e0" testId="d93362b3-8c38-1941-c800-0783eedde6f7" testName="TestGetVisualizationChangesWithNegativeTimeout" computerName="DKSR-EFI-04" duration="00:00:00.0045994" startTime="2023-12-22T09:34:29.3659066+01:00" endTime="2023-12-22T09:34:29.3815305+01:00" testType="13cdc9d9-ddb5-4fa4-a97d-d965ccfc6d4b" outcome="Passed" testListId="8c84fa94-04c1-424b-9868-57a2d4851a1d" relativeResultsDirectory="d74ea5a9-0959-4bdb-b7c0-15f8484fe8e0" />
    <UnitTestResult executionId="2b2bfaa3-0b6b-422e-99a1-3e87485f3cc4" testId="2424394d-3dc8-929b-c4f6-779908e3129b" testName="TestGetItemStatusDetailsWithUnknownType" computerName="DKSR-EFI-04" duration="00:00:00.0003637" startTime="2023-12-22T09:34:33.6159253+01:00" endTime="2023-12-22T09:34:33.6159253+01:00" testType="13cdc9d9-ddb5-4fa4-a97d-d965ccfc6d4b" outcome="Passed" testListId="8c84fa94-04c1-424b-9868-57a2d4851a1d" relativeResultsDirectory="2b2bfaa3-0b6b-422e-99a1-3e87485f3cc4" />
    <UnitTestResult executionId="227b1fb7-af2f-442f-9bd5-8ebbeb2e66ba" testId="d40dc10a-64d0-160e-43ab-7ade16a57465" testName="TestName" computerName="DKSR-EFI-04" duration="00:00:00.0021727" startTime="2023-12-22T09:34:33.6784276+01:00" endTime="2023-12-22T09:34:33.6784276+01:00" testType="13cdc9d9-ddb5-4fa4-a97d-d965ccfc6d4b" outcome="Passed" testListId="8c84fa94-04c1-424b-9868-57a2d4851a1d" relativeResultsDirectory="227b1fb7-af2f-442f-9bd5-8ebbeb2e66ba" />
    <UnitTestResult executionId="4b2e4ca1-5ab8-45ae-a0f7-3bb103bd59bd" testId="b1dc1888-2cdd-b99c-c9f4-1b7b7f67758a" testName="WhenAlarmSearchCriteriaWithCorrectDataThenCorrectString" computerName="DKSR-EFI-04" duration="00:00:00.0023824" startTime="2023-12-22T09:34:39.0690802+01:00" endTime="2023-12-22T09:34:39.0690802+01:00" testType="13cdc9d9-ddb5-4fa4-a97d-d965ccfc6d4b" outcome="Passed" testListId="8c84fa94-04c1-424b-9868-57a2d4851a1d" relativeResultsDirectory="4b2e4ca1-5ab8-45ae-a0f7-3bb103bd59bd" />
    <UnitTestResult executionId="7553053a-5323-48df-b593-be25f901db43" testId="6bfb436a-3e70-7846-3d08-cc4ead42b9fa" testName="TestUpdateElementsWithOldTimestampAndForce" computerName="DKSR-EFI-04" duration="00:00:00.0086707" startTime="2023-12-22T09:34:36.1159391+01:00" endTime="2023-12-22T09:34:36.1315651+01:00" testType="13cdc9d9-ddb5-4fa4-a97d-d965ccfc6d4b" outcome="Passed" testListId="8c84fa94-04c1-424b-9868-57a2d4851a1d" relativeResultsDirectory="7553053a-5323-48df-b593-be25f901db43" />
    <UnitTestResult executionId="c957b25a-319f-44a2-984a-6e113bd4253f" testId="2f9c5de5-6323-bb6f-cda9-478c6409912a" testName="TestZeroItemCount" computerName="DKSR-EFI-04" duration="00:00:00.2289314" startTime="2023-12-22T09:34:27.0690198+01:00" endTime="2023-12-22T09:34:27.2877704+01:00" testType="13cdc9d9-ddb5-4fa4-a97d-d965ccfc6d4b" outcome="Passed" testListId="8c84fa94-04c1-424b-9868-57a2d4851a1d" relativeResultsDirectory="c957b25a-319f-44a2-984a-6e113bd4253f" />
    <UnitTestResult executionId="9126d743-7c44-4797-ba18-35d675255aa3" testId="db38b9c7-ab19-e6fd-60f0-e3e59d88bf94" testName="TestGetVisualizationChangesWithInvalidUser" computerName="DKSR-EFI-04" duration="00:00:00.0025846" startTime="2023-12-22T09:34:29.3815305+01:00" endTime="2023-12-22T09:34:29.3815305+01:00" testType="13cdc9d9-ddb5-4fa4-a97d-d965ccfc6d4b" outcome="Passed" testListId="8c84fa94-04c1-424b-9868-57a2d4851a1d" relativeResultsDirectory="9126d743-7c44-4797-ba18-35d675255aa3" />
    <UnitTestResult executionId="d0ca2e1e-da33-4766-a11a-d0ee799aa73d" testId="9bfbcb97-7393-3e97-5b90-41360d0c076f" testName="TestCreateObjectsWithServerIDInVisualOwnerID" computerName="DKSR-EFI-04" duration="00:00:00.0027461" startTime="2023-12-22T09:34:31.3502909+01:00" endTime="2023-12-22T09:34:31.3502909+01:00" testType="13cdc9d9-ddb5-4fa4-a97d-d965ccfc6d4b" outcome="Passed" testListId="8c84fa94-04c1-424b-9868-57a2d4851a1d" relativeResultsDirectory="d0ca2e1e-da33-4766-a11a-d0ee799aa73d" />
    <UnitTestResult executionId="12d78b51-2788-4e8d-8bfd-d838518bc79f" testId="df76bf6c-5619-810d-15bf-759f6cad4ac2" testName="TestSetVisualizationWithNullData" computerName="DKSR-EFI-04" duration="00:00:00.0017256" startTime="2023-12-22T09:34:35.1315599+01:00" endTime="2023-12-22T09:34:35.1315599+01:00" testType="13cdc9d9-ddb5-4fa4-a97d-d965ccfc6d4b" outcome="Passed" testListId="8c84fa94-04c1-424b-9868-57a2d4851a1d" relativeResultsDirectory="12d78b51-2788-4e8d-8bfd-d838518bc79f" />
    <UnitTestResult executionId="4f093e6c-5f6e-4b5e-a37e-3c2fefbb4c5f" testId="f0759f59-0dc4-5893-7a39-d74e8b8ab5a4" testName="TestConstructor" computerName="DKSR-EFI-04" duration="00:00:00.0007515" startTime="2023-12-22T09:34:37.2409467+01:00" endTime="2023-12-22T09:34:37.2409467+01:00" testType="13cdc9d9-ddb5-4fa4-a97d-d965ccfc6d4b" outcome="Passed" testListId="8c84fa94-04c1-424b-9868-57a2d4851a1d" relativeResultsDirectory="4f093e6c-5f6e-4b5e-a37e-3c2fefbb4c5f" />
    <UnitTestResult executionId="605a7e64-baa6-4ff5-af18-5b43b1a3c4d2" testId="0a16f143-4e6b-d096-b579-37174a4e4dd1" testName="TestUpdateObjectThrowingUnhandledException" computerName="DKSR-EFI-04" duration="00:00:00.0031023" startTime="2023-12-22T09:34:30.2721596+01:00" endTime="2023-12-22T09:34:30.2721596+01:00" testType="13cdc9d9-ddb5-4fa4-a97d-d965ccfc6d4b" outcome="Passed" testListId="8c84fa94-04c1-424b-9868-57a2d4851a1d" relativeResultsDirectory="605a7e64-baa6-4ff5-af18-5b43b1a3c4d2" />
    <UnitTestResult executionId="3d9162a4-0432-4bc8-8141-d96d67acc5f1" testId="c71b0e85-85e9-47a8-4df9-beaf3c66d61a" testName="ReadIdentity_ShouldReturnNull_WhenUserWithGivenNameDoesNotExists" computerName="DKSR-EFI-04" duration="00:00:00.0063019" startTime="2023-12-22T09:34:27.8971479+01:00" endTime="2023-12-22T09:34:27.8971479+01:00" testType="13cdc9d9-ddb5-4fa4-a97d-d965ccfc6d4b" outcome="Passed" testListId="8c84fa94-04c1-424b-9868-57a2d4851a1d" relativeResultsDirectory="3d9162a4-0432-4bc8-8141-d96d67acc5f1" />
    <UnitTestResult executionId="4306a332-18ed-4ea2-af61-9ace137b8091" testId="eccc0c4e-2696-633e-9659-aa59344c2d8e" testName="TestGetAllObjectsOfTypeNotAuthenticated" computerName="DKSR-EFI-04" duration="00:00:00.0015427" startTime="2023-12-22T09:34:31.0377898+01:00" endTime="2023-12-22T09:34:31.0377898+01:00" testType="13cdc9d9-ddb5-4fa4-a97d-d965ccfc6d4b" outcome="Passed" testListId="8c84fa94-04c1-424b-9868-57a2d4851a1d" relativeResultsDirectory="4306a332-18ed-4ea2-af61-9ace137b8091" />
    <UnitTestResult executionId="dfe02482-9c94-4e26-ae9d-eb71ef93434c" testId="4b7e6207-7e08-33d7-a4a6-3c9c1c4bd46b" testName="TestStartWithSeveralConfigHosts" computerName="DKSR-EFI-04" duration="00:00:00.0033022" startTime="2023-12-22T09:34:40.0534612+01:00" endTime="2023-12-22T09:34:40.0534612+01:00" testType="13cdc9d9-ddb5-4fa4-a97d-d965ccfc6d4b" outcome="Passed" testListId="8c84fa94-04c1-424b-9868-57a2d4851a1d" relativeResultsDirectory="dfe02482-9c94-4e26-ae9d-eb71ef93434c" />
    <UnitTestResult executionId="1e48f074-65ae-43a5-b161-e18682d0de4e" testId="ffbab35b-742f-82c4-d5ad-0fa0ce013dac" testName="WebServiceCommandBaseTest_UserAndParameterValidation_ValidateUserFails" computerName="DKSR-EFI-04" duration="00:00:00.0013675" startTime="2023-12-22T09:34:38.9753303+01:00" endTime="2023-12-22T09:34:38.9753303+01:00" testType="13cdc9d9-ddb5-4fa4-a97d-d965ccfc6d4b" outcome="Passed" testListId="8c84fa94-04c1-424b-9868-57a2d4851a1d" relativeResultsDirectory="1e48f074-65ae-43a5-b161-e18682d0de4e" />
    <UnitTestResult executionId="31c5f137-ff3e-4a19-a20f-9d0024354f74" testId="79450999-8ae4-f763-9830-712ef6ee317a" testName="TestGetStatusForAllObjectsOfTypeWithInvalidUser" computerName="DKSR-EFI-04" duration="00:00:00.0092852" startTime="2023-12-22T09:34:28.8502801+01:00" endTime="2023-12-22T09:34:28.8659039+01:00" testType="13cdc9d9-ddb5-4fa4-a97d-d965ccfc6d4b" outcome="Passed" testListId="8c84fa94-04c1-424b-9868-57a2d4851a1d" relativeResultsDirectory="31c5f137-ff3e-4a19-a20f-9d0024354f74" />
    <UnitTestResult executionId="c75eec2b-7812-461d-ad16-8232cec47eb8" testId="8def1c76-4750-471b-e1ce-7655d670ef5f" testName="GetAllKinds_ShouldReturnCorrectKinds_WithDuplicateMembers" computerName="DKSR-EFI-04" duration="00:00:00.0006984" startTime="2023-12-22T09:34:40.2097119+01:00" endTime="2023-12-22T09:34:40.2097119+01:00" testType="13cdc9d9-ddb5-4fa4-a97d-d965ccfc6d4b" outcome="Passed" testListId="8c84fa94-04c1-424b-9868-57a2d4851a1d" relativeResultsDirectory="c75eec2b-7812-461d-ad16-8232cec47eb8" />
    <UnitTestResult executionId="f8f48114-128b-4407-b816-5b393b22e659" testId="007d5ca8-0cb3-4028-cb8b-1f37cb0111cc" testName="TestCreateObjectsWithServerIDInID" computerName="DKSR-EFI-04" duration="00:00:00.0065472" startTime="2023-12-22T09:34:31.3346637+01:00" endTime="2023-12-22T09:34:31.3502909+01:00" testType="13cdc9d9-ddb5-4fa4-a97d-d965ccfc6d4b" outcome="Passed" testListId="8c84fa94-04c1-424b-9868-57a2d4851a1d" relativeResultsDirectory="f8f48114-128b-4407-b816-5b393b22e659" />
    <UnitTestResult executionId="b373319d-0d9b-49cd-9d3f-180f4cdb6abe" testId="10092c91-f6f5-7031-f494-8a1a4394cccd" testName="TestUpdateState" computerName="DKSR-EFI-04" duration="00:00:00.0127396" startTime="2023-12-22T09:34:37.5378229+01:00" endTime="2023-12-22T09:34:37.5534477+01:00" testType="13cdc9d9-ddb5-4fa4-a97d-d965ccfc6d4b" outcome="Passed" testListId="8c84fa94-04c1-424b-9868-57a2d4851a1d" relativeResultsDirectory="b373319d-0d9b-49cd-9d3f-180f4cdb6abe" />
    <UnitTestResult executionId="502ba377-5251-40c7-9c00-dd4f1bb4cda4" testId="ba4c54d1-5f25-c421-7a85-b398e7f8d74a" testName="TestAcknowledgeMultipleAlarmsException" computerName="DKSR-EFI-04" duration="00:00:00.0040896" startTime="2023-12-22T09:34:32.3659196+01:00" endTime="2023-12-22T09:34:32.3815497+01:00" testType="13cdc9d9-ddb5-4fa4-a97d-d965ccfc6d4b" outcome="Passed" testListId="8c84fa94-04c1-424b-9868-57a2d4851a1d" relativeResultsDirectory="502ba377-5251-40c7-9c00-dd4f1bb4cda4" />
    <UnitTestResult executionId="0642b7ed-3658-4d88-b3a2-5d04128e2cd9" testId="e9d27e2e-2c56-404a-f7e1-fe6ab11b477b" testName="TestConstructor" computerName="DKSR-EFI-04" duration="00:00:00.0012641" startTime="2023-12-22T09:34:40.1784604+01:00" endTime="2023-12-22T09:34:40.1784604+01:00" testType="13cdc9d9-ddb5-4fa4-a97d-d965ccfc6d4b" outcome="Passed" testListId="8c84fa94-04c1-424b-9868-57a2d4851a1d" relativeResultsDirectory="0642b7ed-3658-4d88-b3a2-5d04128e2cd9" />
    <UnitTestResult executionId="24a375db-7c99-4186-bd1f-39527dfbaf02" testId="de00552c-cce9-bf97-be32-2abc19974927" testName="TestToServiceContextMenu" computerName="DKSR-EFI-04" duration="00:00:00.0175835" startTime="2023-12-22T09:34:32.7409236+01:00" endTime="2023-12-22T09:34:32.7565493+01:00" testType="13cdc9d9-ddb5-4fa4-a97d-d965ccfc6d4b" outcome="Passed" testListId="8c84fa94-04c1-424b-9868-57a2d4851a1d" relativeResultsDirectory="24a375db-7c99-4186-bd1f-39527dfbaf02" />
    <UnitTestResult executionId="a6e91e9c-1b68-43c4-b671-bc2a85e5a9d2" testId="fcbb9d42-bae7-3348-457f-44d640ba34db" testName="TestCopyObject" computerName="DKSR-EFI-04" duration="00:00:00.0127205" startTime="2023-12-22T09:34:32.8815483+01:00" endTime="2023-12-22T09:34:32.8971750+01:00" testType="13cdc9d9-ddb5-4fa4-a97d-d965ccfc6d4b" outcome="Passed" testListId="8c84fa94-04c1-424b-9868-57a2d4851a1d" relativeResultsDirectory="a6e91e9c-1b68-43c4-b671-bc2a85e5a9d2" />
    <UnitTestResult executionId="b6f0263e-a5cb-4013-b6e6-8a2d2ca425b9" testId="a5cccd9d-254c-8f3f-f024-4cc20012dc97" testName="TestDeleteObjectNotAuthenticated" computerName="DKSR-EFI-04" duration="00:00:00.0015210" startTime="2023-12-22T09:34:31.1002883+01:00" endTime="2023-12-22T09:34:31.1002883+01:00" testType="13cdc9d9-ddb5-4fa4-a97d-d965ccfc6d4b" outcome="Passed" testListId="8c84fa94-04c1-424b-9868-57a2d4851a1d" relativeResultsDirectory="b6f0263e-a5cb-4013-b6e6-8a2d2ca425b9" />
    <UnitTestResult executionId="26209c0e-38ea-4c51-9ba9-db070be760e1" testId="199bfd37-c469-c817-7cca-cebcf665e72c" testName="TestConstructor" computerName="DKSR-EFI-04" duration="00:00:00.0047169" startTime="2023-12-22T09:34:29.2565301+01:00" endTime="2023-12-22T09:34:29.2565301+01:00" testType="13cdc9d9-ddb5-4fa4-a97d-d965ccfc6d4b" outcome="Passed" testListId="8c84fa94-04c1-424b-9868-57a2d4851a1d" relativeResultsDirectory="26209c0e-38ea-4c51-9ba9-db070be760e1" />
    <UnitTestResult executionId="11f58894-d263-4a1c-9802-e88c076f6c7f" testId="decbdcfc-adb8-130c-8096-ad9c64fb6a0e" testName="TestGetObjectsWithinGPSAreaWithInvalidUser" computerName="DKSR-EFI-04" duration="00:00:00.0024537" startTime="2023-12-22T09:34:30.3659098+01:00" endTime="2023-12-22T09:34:30.3659098+01:00" testType="13cdc9d9-ddb5-4fa4-a97d-d965ccfc6d4b" outcome="Passed" testListId="8c84fa94-04c1-424b-9868-57a2d4851a1d" relativeResultsDirectory="11f58894-d263-4a1c-9802-e88c076f6c7f" />
    <UnitTestResult executionId="0fc8332f-37c6-4e27-850e-03b2b7c79db2" testId="57bdc43c-00dd-641d-e664-ae83375b77e2" testName="TestCreateObjectThrowingUnhandledException" computerName="DKSR-EFI-04" duration="00:00:00.0047923" startTime="2023-12-22T09:34:31.3190398+01:00" endTime="2023-12-22T09:34:31.3190398+01:00" testType="13cdc9d9-ddb5-4fa4-a97d-d965ccfc6d4b" outcome="Passed" testListId="8c84fa94-04c1-424b-9868-57a2d4851a1d" relativeResultsDirectory="0fc8332f-37c6-4e27-850e-03b2b7c79db2" />
    <UnitTestResult executionId="da73664a-48ca-4711-a816-73bb4d8fe6e9" testId="36da37d2-4bc2-9801-a72b-ccfc4d1e6877" testName="TestGetAllElementsOfTypeWithCyclicTree" computerName="DKSR-EFI-04" duration="00:00:00.0336743" startTime="2023-12-22T09:34:36.2565664+01:00" endTime="2023-12-22T09:34:36.2878165+01:00" testType="13cdc9d9-ddb5-4fa4-a97d-d965ccfc6d4b" outcome="Passed" testListId="8c84fa94-04c1-424b-9868-57a2d4851a1d" relativeResultsDirectory="da73664a-48ca-4711-a816-73bb4d8fe6e9" />
    <UnitTestResult executionId="62afdcf3-e0b8-45e2-b0fc-c48d43a9588e" testId="368418bf-f735-1c99-a6a6-9f37952f2bb7" testName="TestConstructor" computerName="DKSR-EFI-04" duration="00:00:00.0016183" startTime="2023-12-22T09:34:32.5690481+01:00" endTime="2023-12-22T09:34:32.5690481+01:00" testType="13cdc9d9-ddb5-4fa4-a97d-d965ccfc6d4b" outcome="Passed" testListId="8c84fa94-04c1-424b-9868-57a2d4851a1d" relativeResultsDirectory="62afdcf3-e0b8-45e2-b0fc-c48d43a9588e" />
    <UnitTestResult executionId="a1c68821-79e1-4178-bda6-015c0b85062f" testId="f10eac52-ea0d-ceed-393c-983a2a79629b" testName="WebServiceCommandBaseTest_Constructor_Null" computerName="DKSR-EFI-04" duration="00:00:00.0013405" startTime="2023-12-22T09:34:38.9440787+01:00" endTime="2023-12-22T09:34:38.9440787+01:00" testType="13cdc9d9-ddb5-4fa4-a97d-d965ccfc6d4b" outcome="Passed" testListId="8c84fa94-04c1-424b-9868-57a2d4851a1d" relativeResultsDirectory="a1c68821-79e1-4178-bda6-015c0b85062f" />
    <UnitTestResult executionId="75595f2d-9696-4177-8219-e9e99ca388c9" testId="c551619f-eea0-801f-e025-a2dc4894f67e" testName="TestInsertElementWithAnExistingMarkedForDeletionElement" computerName="DKSR-EFI-04" duration="00:00:00.0076305" startTime="2023-12-22T09:34:35.6940636+01:00" endTime="2023-12-22T09:34:35.6940636+01:00" testType="13cdc9d9-ddb5-4fa4-a97d-d965ccfc6d4b" outcome="Passed" testListId="8c84fa94-04c1-424b-9868-57a2d4851a1d" relativeResultsDirectory="75595f2d-9696-4177-8219-e9e99ca388c9" />
    <UnitTestResult executionId="4df3dd77-297b-40de-9bb8-d3ffced2acd6" testId="c76831fe-1ee8-06a5-6801-a38931af7baf" testName="CheckAccess_ShouldThrowException_WhenUserIsUnknown" computerName="DKSR-EFI-04" duration="00:00:00.0109575" startTime="2023-12-22T09:34:27.8033981+01:00" endTime="2023-12-22T09:34:27.8190250+01:00" testType="13cdc9d9-ddb5-4fa4-a97d-d965ccfc6d4b" outcome="Passed" testListId="8c84fa94-04c1-424b-9868-57a2d4851a1d" relativeResultsDirectory="4df3dd77-297b-40de-9bb8-d3ffced2acd6" />
    <UnitTestResult executionId="9f9f6d0a-d5cb-4a56-90bb-405dd0a33cef" testId="ef8e58cf-ea5c-2876-04a9-76267e76a3bd" testName="TestCopyObject" computerName="DKSR-EFI-04" duration="00:00:00.0091354" startTime="2023-12-22T09:34:38.3659546+01:00" endTime="2023-12-22T09:34:38.3659546+01:00" testType="13cdc9d9-ddb5-4fa4-a97d-d965ccfc6d4b" outcome="Passed" testListId="8c84fa94-04c1-424b-9868-57a2d4851a1d" relativeResultsDirectory="9f9f6d0a-d5cb-4a56-90bb-405dd0a33cef" />
    <UnitTestResult executionId="ab8a83db-589a-48aa-bf20-eea0521ff22e" testId="bf6fbd2a-e814-acb0-0f76-4e97f7ae2f04" testName="TestConstructorWithFactory" computerName="DKSR-EFI-04" duration="00:00:00.0053786" startTime="2023-12-22T09:34:32.5690481+01:00" endTime="2023-12-22T09:34:32.5846708+01:00" testType="13cdc9d9-ddb5-4fa4-a97d-d965ccfc6d4b" outcome="Passed" testListId="8c84fa94-04c1-424b-9868-57a2d4851a1d" relativeResultsDirectory="ab8a83db-589a-48aa-bf20-eea0521ff22e" />
    <UnitTestResult executionId="da4279da-2e24-4fb6-bd6a-1e8fbe62f928" testId="0764a672-89fe-5d86-13f0-944488cff56e" testName="TestGetStatusForAllObjectsOfTypeRootAndUnlimited" computerName="DKSR-EFI-04" duration="00:00:00.0270418" startTime="2023-12-22T09:34:34.8190576+01:00" endTime="2023-12-22T09:34:34.8503094+01:00" testType="13cdc9d9-ddb5-4fa4-a97d-d965ccfc6d4b" outcome="Passed" testListId="8c84fa94-04c1-424b-9868-57a2d4851a1d" relativeResultsDirectory="da4279da-2e24-4fb6-bd6a-1e8fbe62f928" />
    <UnitTestResult executionId="63998bca-37ad-4018-9c37-4210d577baf0" testId="b1344741-f535-b211-feea-e072076c9503" testName="TestConstructor" computerName="DKSR-EFI-04" duration="00:00:00.0006875" startTime="2023-12-22T09:34:32.7722087+01:00" endTime="2023-12-22T09:34:32.7722087+01:00" testType="13cdc9d9-ddb5-4fa4-a97d-d965ccfc6d4b" outcome="Passed" testListId="8c84fa94-04c1-424b-9868-57a2d4851a1d" relativeResultsDirectory="63998bca-37ad-4018-9c37-4210d577baf0" />
    <UnitTestResult executionId="c2372a9b-5545-442a-a578-ba0ca01006b4" testId="6c9e3f23-3dc6-cbb1-dc19-2e22ab06529e" testName="TestGetAllElementsOfTypeWithTwoHotzonesPointingToSameSubMapOnForeignServer" computerName="DKSR-EFI-04" duration="00:00:00.0119085" startTime="2023-12-22T09:34:36.4596942+01:00" endTime="2023-12-22T09:34:36.4596942+01:00" testType="13cdc9d9-ddb5-4fa4-a97d-d965ccfc6d4b" outcome="Passed" testListId="8c84fa94-04c1-424b-9868-57a2d4851a1d" relativeResultsDirectory="c2372a9b-5545-442a-a578-ba0ca01006b4" />
    <UnitTestResult executionId="e35a2dfb-6b4c-4ead-86b9-34449795c340" testId="6f8a36d0-d7e5-32de-4250-37aef9b883a4" testName="TestGetPlugInsThrowingUnhandledException" computerName="DKSR-EFI-04" duration="00:00:00.0031483" startTime="2023-12-22T09:34:31.8502981+01:00" endTime="2023-12-22T09:34:31.8502981+01:00" testType="13cdc9d9-ddb5-4fa4-a97d-d965ccfc6d4b" outcome="Passed" testListId="8c84fa94-04c1-424b-9868-57a2d4851a1d" relativeResultsDirectory="e35a2dfb-6b4c-4ead-86b9-34449795c340" />
    <UnitTestResult executionId="5a9289ff-b4ca-4e96-bd05-9b1e8ab79060" testId="330158ae-6f44-a1bc-0496-e8414b808346" testName="TestInsertElementWithServerIdInRelationId" computerName="DKSR-EFI-04" duration="00:00:00.0073986" startTime="2023-12-22T09:34:35.7096881+01:00" endTime="2023-12-22T09:34:35.7253125+01:00" testType="13cdc9d9-ddb5-4fa4-a97d-d965ccfc6d4b" outcome="Passed" testListId="8c84fa94-04c1-424b-9868-57a2d4851a1d" relativeResultsDirectory="5a9289ff-b4ca-4e96-bd05-9b1e8ab79060" />
    <UnitTestResult executionId="728f18f7-25cc-4ca4-b3ed-5ad4458750b6" testId="5f2caf5e-eee3-03b0-3c1f-126ec31da375" testName="TestItemAddedWithNullValue" computerName="DKSR-EFI-04" duration="00:00:00.0006344" startTime="2023-12-22T09:34:33.7096794+01:00" endTime="2023-12-22T09:34:33.7096794+01:00" testType="13cdc9d9-ddb5-4fa4-a97d-d965ccfc6d4b" outcome="Passed" testListId="8c84fa94-04c1-424b-9868-57a2d4851a1d" relativeResultsDirectory="728f18f7-25cc-4ca4-b3ed-5ad4458750b6" />
    <UnitTestResult executionId="d73fcd2e-eb2d-41e0-ae63-f111a11b3df6" testId="ac15a26e-7ca7-73ef-1884-cd2492b96da4" testName="TestGetVisualizationThrowingUnhandledException" computerName="DKSR-EFI-04" duration="00:00:00.0055995" startTime="2023-12-22T09:34:28.9440275+01:00" endTime="2023-12-22T09:34:28.9440275+01:00" testType="13cdc9d9-ddb5-4fa4-a97d-d965ccfc6d4b" outcome="Passed" testListId="8c84fa94-04c1-424b-9868-57a2d4851a1d" relativeResultsDirectory="d73fcd2e-eb2d-41e0-ae63-f111a11b3df6" />
    <UnitTestResult executionId="7a9e1d54-29b1-45e5-b786-fefe2818c620" testId="72eb27aa-9e70-3f4a-e8b3-b15e09b50910" testName="TestCheckAuthorizationWithMultipleWindowsUser" computerName="DKSR-EFI-04" duration="00:00:00.0054252" startTime="2023-12-22T09:34:39.8659599+01:00" endTime="2023-12-22T09:34:39.8659599+01:00" testType="13cdc9d9-ddb5-4fa4-a97d-d965ccfc6d4b" outcome="Passed" testListId="8c84fa94-04c1-424b-9868-57a2d4851a1d" relativeResultsDirectory="7a9e1d54-29b1-45e5-b786-fefe2818c620" />
    <UnitTestResult executionId="9c6f5ce3-793e-4af4-8b98-11ec07cff046" testId="52e64020-04e8-41f8-927f-e3992d18234b" testName="ConstructorTest" computerName="DKSR-EFI-04" duration="00:00:00.0016366" startTime="2023-12-22T09:34:33.8503030+01:00" endTime="2023-12-22T09:34:33.8503030+01:00" testType="13cdc9d9-ddb5-4fa4-a97d-d965ccfc6d4b" outcome="Passed" testListId="8c84fa94-04c1-424b-9868-57a2d4851a1d" relativeResultsDirectory="9c6f5ce3-793e-4af4-8b98-11ec07cff046" />
    <UnitTestResult executionId="f14a0c68-9e26-44c3-a657-219e348e4ec4" testId="ad08490c-e2e3-37af-ebb5-f993a9f432cd" testName="TestUserIDTypeConstants" computerName="DKSR-EFI-04" duration="00:00:00.0005277" startTime="2023-12-22T09:34:33.8190531+01:00" endTime="2023-12-22T09:34:33.8190531+01:00" testType="13cdc9d9-ddb5-4fa4-a97d-d965ccfc6d4b" outcome="Passed" testListId="8c84fa94-04c1-424b-9868-57a2d4851a1d" relativeResultsDirectory="f14a0c68-9e26-44c3-a657-219e348e4ec4" />
    <UnitTestResult executionId="e8622bab-d586-4796-854f-b54d85567959" testId="4c84501d-a184-f925-56ca-5fda70b2fc61" testName="TestGetVisualizationChangesWithInvalidUser" computerName="DKSR-EFI-04" duration="00:00:00.0032746" startTime="2023-12-22T09:34:28.9596530+01:00" endTime="2023-12-22T09:34:28.9596530+01:00" testType="13cdc9d9-ddb5-4fa4-a97d-d965ccfc6d4b" outcome="Passed" testListId="8c84fa94-04c1-424b-9868-57a2d4851a1d" relativeResultsDirectory="e8622bab-d586-4796-854f-b54d85567959" />
    <UnitTestResult executionId="bd0a6885-0735-4320-a8c0-e79d56659250" testId="062d78b0-673a-e0bd-7cfd-1476597e307b" testName="TestGetTypeChangedThrowingUnhandledException" computerName="DKSR-EFI-04" duration="00:00:00.0034003" startTime="2023-12-22T09:34:31.7096684+01:00" endTime="2023-12-22T09:34:31.7096684+01:00" testType="13cdc9d9-ddb5-4fa4-a97d-d965ccfc6d4b" outcome="Passed" testListId="8c84fa94-04c1-424b-9868-57a2d4851a1d" relativeResultsDirectory="bd0a6885-0735-4320-a8c0-e79d56659250" />
    <UnitTestResult executionId="aa977d4f-108b-46ac-81d7-077566c8e05f" testId="0c1a4d57-c120-e603-2b30-3cb5477df224" testName="TestDefaultConstructor" computerName="DKSR-EFI-04" duration="00:00:00.0003200" startTime="2023-12-22T09:34:27.0533957+01:00" endTime="2023-12-22T09:34:27.0533957+01:00" testType="13cdc9d9-ddb5-4fa4-a97d-d965ccfc6d4b" outcome="Passed" testListId="8c84fa94-04c1-424b-9868-57a2d4851a1d" relativeResultsDirectory="aa977d4f-108b-46ac-81d7-077566c8e05f" />
    <UnitTestResult executionId="42d01b3c-770e-4750-8d73-b04d81979cd9" testId="c6cbc0a5-c901-ffaa-2070-a47547148121" testName="TestRemoveElementAndChildElementsWithInvalidId" computerName="DKSR-EFI-04" duration="00:00:00.0026620" startTime="2023-12-22T09:34:36.8503194+01:00" endTime="2023-12-22T09:34:36.8503194+01:00" testType="13cdc9d9-ddb5-4fa4-a97d-d965ccfc6d4b" outcome="Passed" testListId="8c84fa94-04c1-424b-9868-57a2d4851a1d" relativeResultsDirectory="42d01b3c-770e-4750-8d73-b04d81979cd9" />
    <UnitTestResult executionId="0563fa7a-6e58-46fc-8067-f55011b74abc" testId="9325cffd-549c-0b33-40fc-5ed80534bfbd" testName="TestRemoveElementsSameCameraOnTwoMaps" computerName="DKSR-EFI-04" duration="00:00:00.0146222" startTime="2023-12-22T09:34:36.8346935+01:00" endTime="2023-12-22T09:34:36.8503194+01:00" testType="13cdc9d9-ddb5-4fa4-a97d-d965ccfc6d4b" outcome="Passed" testListId="8c84fa94-04c1-424b-9868-57a2d4851a1d" relativeResultsDirectory="0563fa7a-6e58-46fc-8067-f55011b74abc" />
    <UnitTestResult executionId="53b37a68-5bbe-47e7-b6bf-faeb5efdee55" testId="76d9ad7e-958f-e925-ce8b-d0d52dd698a4" testName="Handle_ShouldNotFlattenValuesBasedOnPriorityIntAndValue_WhenPriorityValueIsInvalid" computerName="DKSR-EFI-04" duration="00:00:00.0008472" startTime="2023-12-22T09:34:43.9909800+01:00" endTime="2023-12-22T09:34:43.9909800+01:00" testType="13cdc9d9-ddb5-4fa4-a97d-d965ccfc6d4b" outcome="Passed" testListId="8c84fa94-04c1-424b-9868-57a2d4851a1d" relativeResultsDirectory="53b37a68-5bbe-47e7-b6bf-faeb5efdee55" />
    <UnitTestResult executionId="e5cc28c5-44d9-41c3-8acb-9e358ce881a6" testId="ab129d12-b905-76f6-7b0d-44fb8b172324" testName="HasStateUpdate_ShouldReturnFalse_WhenListContainsOneUpdateWithSameState" computerName="DKSR-EFI-04" duration="00:00:00.0002723" startTime="2023-12-22T09:34:44.0066054+01:00" endTime="2023-12-22T09:34:44.0066054+01:00" testType="13cdc9d9-ddb5-4fa4-a97d-d965ccfc6d4b" outcome="Passed" testListId="8c84fa94-04c1-424b-9868-57a2d4851a1d" relativeResultsDirectory="e5cc28c5-44d9-41c3-8acb-9e358ce881a6" />
    <UnitTestResult executionId="4eececa6-ba1e-46d0-ad6e-db7da50fce27" testId="656d23cf-ad47-3b41-6227-124bedd60d2c" testName="TestClearCache" computerName="DKSR-EFI-04" duration="00:00:00.0126931" startTime="2023-12-22T09:34:27.7096472+01:00" endTime="2023-12-22T09:34:27.7252730+01:00" testType="13cdc9d9-ddb5-4fa4-a97d-d965ccfc6d4b" outcome="Passed" testListId="8c84fa94-04c1-424b-9868-57a2d4851a1d" relativeResultsDirectory="4eececa6-ba1e-46d0-ad6e-db7da50fce27" />
    <UnitTestResult executionId="07a0131f-2e43-40b4-b10a-7f7e814b7968" testId="a6d96280-b9e6-2010-bfdf-776efe0eaf5c" testName="TestItemUpdatedWithNullValue" computerName="DKSR-EFI-04" duration="00:00:00.0005950" startTime="2023-12-22T09:34:33.7409285+01:00" endTime="2023-12-22T09:34:33.7409285+01:00" testType="13cdc9d9-ddb5-4fa4-a97d-d965ccfc6d4b" outcome="Passed" testListId="8c84fa94-04c1-424b-9868-57a2d4851a1d" relativeResultsDirectory="07a0131f-2e43-40b4-b10a-7f7e814b7968" />
    <UnitTestResult executionId="b3debabe-29be-47dc-bce1-1574eea9e2c2" testId="46d030b8-a5b6-e2f5-b0a4-9cb1d0420e57" testName="TestCopyObject" computerName="DKSR-EFI-04" duration="00:00:00.0005836" startTime="2023-12-22T09:34:37.3971974+01:00" endTime="2023-12-22T09:34:37.3971974+01:00" testType="13cdc9d9-ddb5-4fa4-a97d-d965ccfc6d4b" outcome="Passed" testListId="8c84fa94-04c1-424b-9868-57a2d4851a1d" relativeResultsDirectory="b3debabe-29be-47dc-bce1-1574eea9e2c2" />
    <UnitTestResult executionId="e927e67d-5e56-4125-8b91-8b69b66463c2" testId="fd4ace10-e5d6-edf3-912d-980f93f27759" testName="TestServiceInfosExists" computerName="DKSR-EFI-04" duration="00:00:00.0009418" startTime="2023-12-22T09:34:38.5378272+01:00" endTime="2023-12-22T09:34:38.5378272+01:00" testType="13cdc9d9-ddb5-4fa4-a97d-d965ccfc6d4b" outcome="Passed" testListId="8c84fa94-04c1-424b-9868-57a2d4851a1d" relativeResultsDirectory="e927e67d-5e56-4125-8b91-8b69b66463c2" />
    <UnitTestResult executionId="279f210a-170b-4e3c-a898-c29315989c0e" testId="bb955b4c-70f1-890c-af10-28162d4f952c" testName="CheckAccess_ForMultipleDevices_ShouldThrowException_WhenUserIsUnknown" computerName="DKSR-EFI-04" duration="00:00:00.0071215" startTime="2023-12-22T09:34:27.8658969+01:00" endTime="2023-12-22T09:34:27.8815235+01:00" testType="13cdc9d9-ddb5-4fa4-a97d-d965ccfc6d4b" outcome="Passed" testListId="8c84fa94-04c1-424b-9868-57a2d4851a1d" relativeResultsDirectory="279f210a-170b-4e3c-a898-c29315989c0e" />
    <UnitTestResult executionId="ec0c1739-0618-40cd-9a7d-c39e0fe91776" testId="5547bcbc-02e3-b114-85b3-0b9f6aeeed68" testName="TestGetXML" computerName="DKSR-EFI-04" duration="00:00:00.0044831" startTime="2023-12-22T09:34:37.2721958+01:00" endTime="2023-12-22T09:34:37.2721958+01:00" testType="13cdc9d9-ddb5-4fa4-a97d-d965ccfc6d4b" outcome="Passed" testListId="8c84fa94-04c1-424b-9868-57a2d4851a1d" relativeResultsDirectory="ec0c1739-0618-40cd-9a7d-c39e0fe91776" />
    <UnitTestResult executionId="0a1bb2db-a585-485e-8494-2194f3f1d877" testId="3dd47d29-371f-18a2-da91-9c7f5a2a2609" testName="TestSingleSessionMultipleUserIdsMultipleAdds" computerName="DKSR-EFI-04" duration="00:00:00.0006768" startTime="2023-12-22T09:34:39.6940842+01:00" endTime="2023-12-22T09:34:39.6940842+01:00" testType="13cdc9d9-ddb5-4fa4-a97d-d965ccfc6d4b" outcome="Passed" testListId="8c84fa94-04c1-424b-9868-57a2d4851a1d" relativeResultsDirectory="0a1bb2db-a585-485e-8494-2194f3f1d877" />
    <UnitTestResult executionId="0e321ef1-9c3c-4031-81e4-1b0bc99ff595" testId="7604453c-7278-1d28-6624-d0650c0f7a8a" testName="GetStatus_ThrowsFaultException_WhenUserValidationFails" computerName="DKSR-EFI-04" duration="00:00:00.0061278" startTime="2023-12-22T09:34:30.0846578+01:00" endTime="2023-12-22T09:34:30.0846578+01:00" testType="13cdc9d9-ddb5-4fa4-a97d-d965ccfc6d4b" outcome="Passed" testListId="8c84fa94-04c1-424b-9868-57a2d4851a1d" relativeResultsDirectory="0e321ef1-9c3c-4031-81e4-1b0bc99ff595" />
    <UnitTestResult executionId="ae035546-4d07-430f-bb25-7ee5d3dbab82" testId="d0143e68-f378-480f-629d-fc0f669b6840" testName="TestLoadConfigurationWithRootAndCyclicEntriesLastInXmlFile" computerName="DKSR-EFI-04" duration="00:00:00.0130389" startTime="2023-12-22T09:34:34.0221782+01:00" endTime="2023-12-22T09:34:34.0221782+01:00" testType="13cdc9d9-ddb5-4fa4-a97d-d965ccfc6d4b" outcome="Passed" testListId="8c84fa94-04c1-424b-9868-57a2d4851a1d" relativeResultsDirectory="ae035546-4d07-430f-bb25-7ee5d3dbab82" />
    <UnitTestResult executionId="1fbe0721-d0db-4e52-b32e-a6a7c5320a67" testId="5b434add-2b1e-055c-dba6-d690155d8160" testName="TestUpdateStateSnooze" computerName="DKSR-EFI-04" duration="00:00:00.0029476" startTime="2023-12-22T09:34:37.4440713+01:00" endTime="2023-12-22T09:34:37.4440713+01:00" testType="13cdc9d9-ddb5-4fa4-a97d-d965ccfc6d4b" outcome="Passed" testListId="8c84fa94-04c1-424b-9868-57a2d4851a1d" relativeResultsDirectory="1fbe0721-d0db-4e52-b32e-a6a7c5320a67" />
    <UnitTestResult executionId="da33e5ea-8b4d-4cec-99dd-e55e8ebaf541" testId="6bc3643b-7bda-0852-a44d-828063310052" testName="TestAttachSnapshotInvalidToken" computerName="DKSR-EFI-04" duration="00:00:00.0074413" startTime="2023-12-22T09:34:32.2877947+01:00" endTime="2023-12-22T09:34:32.2877947+01:00" testType="13cdc9d9-ddb5-4fa4-a97d-d965ccfc6d4b" outcome="Passed" testListId="8c84fa94-04c1-424b-9868-57a2d4851a1d" relativeResultsDirectory="da33e5ea-8b4d-4cec-99dd-e55e8ebaf541" />
    <UnitTestResult executionId="275ea947-9ad0-4ca5-93bd-596dd94de277" testId="24ddbe18-4cae-e90f-3505-9ac40083ecb2" testName="TestRemoveElementUpdateTypeTimestamp" computerName="DKSR-EFI-04" duration="00:00:00.0264407" startTime="2023-12-22T09:34:36.6784424+01:00" endTime="2023-12-22T09:34:36.7096949+01:00" testType="13cdc9d9-ddb5-4fa4-a97d-d965ccfc6d4b" outcome="Passed" testListId="8c84fa94-04c1-424b-9868-57a2d4851a1d" relativeResultsDirectory="275ea947-9ad0-4ca5-93bd-596dd94de277" />
    <UnitTestResult executionId="4a6f5990-30ec-4777-963e-1fe612ebd5d3" testId="d7eb0fa5-c2e2-65a1-f9f7-5df125636e05" testName="TestDefaultConstructor" computerName="DKSR-EFI-04" duration="00:00:00.0188276" startTime="2023-12-22T09:34:23.3346250+01:00" endTime="2023-12-22T09:34:23.3502509+01:00" testType="13cdc9d9-ddb5-4fa4-a97d-d965ccfc6d4b" outcome="Passed" testListId="8c84fa94-04c1-424b-9868-57a2d4851a1d" relativeResultsDirectory="4a6f5990-30ec-4777-963e-1fe612ebd5d3" />
    <UnitTestResult executionId="a93b8705-98c9-4e31-9065-450cf7c6be62" testId="cbdeb48c-9946-2f9b-d5ad-e5852245e50b" testName="TestGetIconDataWithInvalidUser" computerName="DKSR-EFI-04" duration="00:00:00.0025437" startTime="2023-12-22T09:34:30.5690353+01:00" endTime="2023-12-22T09:34:30.5690353+01:00" testType="13cdc9d9-ddb5-4fa4-a97d-d965ccfc6d4b" outcome="Passed" testListId="8c84fa94-04c1-424b-9868-57a2d4851a1d" relativeResultsDirectory="a93b8705-98c9-4e31-9065-450cf7c6be62" />
    <UnitTestResult executionId="0cd7ed06-1346-4a93-a830-e95cc9293d39" testId="b2ac219e-5cb0-8f80-80a6-44848b06f4ff" testName="Handle_ShouldNotFlattenValuesBasedOnPriorityIntAndValue_WhenPriorityIntIsInvalid" computerName="DKSR-EFI-04" duration="00:00:00.0008430" startTime="2023-12-22T09:34:43.9909800+01:00" endTime="2023-12-22T09:34:43.9909800+01:00" testType="13cdc9d9-ddb5-4fa4-a97d-d965ccfc6d4b" outcome="Passed" testListId="8c84fa94-04c1-424b-9868-57a2d4851a1d" relativeResultsDirectory="0cd7ed06-1346-4a93-a830-e95cc9293d39" />
    <UnitTestResult executionId="5e5636c3-c3d8-4ab7-b2c9-153413f5ab16" testId="f28a72d2-f52c-b928-fd98-3b108ba91ffd" testName="EventToBaseEventMapper_ReturnsBaseEvent_WhenNullData" computerName="DKSR-EFI-04" duration="00:00:00.0253290" startTime="2023-12-22T09:34:40.6628389+01:00" endTime="2023-12-22T09:34:40.6784641+01:00" testType="13cdc9d9-ddb5-4fa4-a97d-d965ccfc6d4b" outcome="Passed" testListId="8c84fa94-04c1-424b-9868-57a2d4851a1d" relativeResultsDirectory="5e5636c3-c3d8-4ab7-b2c9-153413f5ab16" />
    <UnitTestResult executionId="aa2386bc-d0db-4e7c-8307-04670fc5a0f4" testId="573ebebf-5209-3be3-2454-5b42b176ce65" testName="TrimStart_ReturnEmpty_WhenInputIncludesPrefixAndNoContent" computerName="DKSR-EFI-04" duration="00:00:00.0002608" startTime="2023-12-22T09:34:44.7878616+01:00" endTime="2023-12-22T09:34:44.8034874+01:00" testType="13cdc9d9-ddb5-4fa4-a97d-d965ccfc6d4b" outcome="Passed" testListId="8c84fa94-04c1-424b-9868-57a2d4851a1d" relativeResultsDirectory="aa2386bc-d0db-4e7c-8307-04670fc5a0f4" />
    <UnitTestResult executionId="e2c3716c-c603-406a-9094-c81b9cfa6f61" testId="00e2a9d7-9068-7a6b-7d90-c421538afd8d" testName="TestRemoveElementWithInvalidId" computerName="DKSR-EFI-04" duration="00:00:00.0030587" startTime="2023-12-22T09:34:36.6003174+01:00" endTime="2023-12-22T09:34:36.6003174+01:00" testType="13cdc9d9-ddb5-4fa4-a97d-d965ccfc6d4b" outcome="Passed" testListId="8c84fa94-04c1-424b-9868-57a2d4851a1d" relativeResultsDirectory="e2c3716c-c603-406a-9094-c81b9cfa6f61" />
    <UnitTestResult executionId="1b3ef02d-c688-4179-8dc8-60b191c54b44" testId="ba88fb45-743a-0090-5035-14df3b26d5c9" testName="Handle_ShouldNotFlattenValues_WhenValuesDoNotIncludeValidPriorityIntValues" computerName="DKSR-EFI-04" duration="00:00:00.0010442" startTime="2023-12-22T09:34:43.9753560+01:00" endTime="2023-12-22T09:34:43.9753560+01:00" testType="13cdc9d9-ddb5-4fa4-a97d-d965ccfc6d4b" outcome="Passed" testListId="8c84fa94-04c1-424b-9868-57a2d4851a1d" relativeResultsDirectory="1b3ef02d-c688-4179-8dc8-60b191c54b44" />
    <UnitTestResult executionId="3ca0a6f2-8048-4fe5-b205-8388ab3426b4" testId="1f93c613-41f4-5e3c-69bd-1cc3daef0753" testName="GetSetPrioritySoundMappingsTest" computerName="DKSR-EFI-04" duration="00:00:00.0034552" startTime="2023-12-22T09:34:33.8815542+01:00" endTime="2023-12-22T09:34:33.8815542+01:00" testType="13cdc9d9-ddb5-4fa4-a97d-d965ccfc6d4b" outcome="Passed" testListId="8c84fa94-04c1-424b-9868-57a2d4851a1d" relativeResultsDirectory="3ca0a6f2-8048-4fe5-b205-8388ab3426b4" />
    <UnitTestResult executionId="5488258f-d51c-4cad-a5e8-4cada49a2df1" testId="581b35c1-69fb-fac0-162b-a3e1aaae8ec3" testName="TestCreateObjectWithServerIDInOwnerID" computerName="DKSR-EFI-04" duration="00:00:00.0020427" startTime="2023-12-22T09:34:31.3034143+01:00" endTime="2023-12-22T09:34:31.3034143+01:00" testType="13cdc9d9-ddb5-4fa4-a97d-d965ccfc6d4b" outcome="Passed" testListId="8c84fa94-04c1-424b-9868-57a2d4851a1d" relativeResultsDirectory="5488258f-d51c-4cad-a5e8-4cada49a2df1" />
    <UnitTestResult executionId="95010341-4a6a-447b-b843-940a150ff500" testId="cebde89e-d8bb-2be7-1899-93c5dfe58142" testName="TestUpdateElementDisplayXmlWithOldTimestamp" computerName="DKSR-EFI-04" duration="00:00:00.0023009" startTime="2023-12-22T09:34:35.2721848+01:00" endTime="2023-12-22T09:34:35.2721848+01:00" testType="13cdc9d9-ddb5-4fa4-a97d-d965ccfc6d4b" outcome="Passed" testListId="8c84fa94-04c1-424b-9868-57a2d4851a1d" relativeResultsDirectory="95010341-4a6a-447b-b843-940a150ff500" />
    <UnitTestResult executionId="10ead83b-0c97-464f-9f7b-652d0f0f1289" testId="9aa67281-7545-6a5e-d053-6d25bc86f9c5" testName="TestCreateObjectNotAuthenticated" computerName="DKSR-EFI-04" duration="00:00:00.0016094" startTime="2023-12-22T09:34:30.8502891+01:00" endTime="2023-12-22T09:34:30.8502891+01:00" testType="13cdc9d9-ddb5-4fa4-a97d-d965ccfc6d4b" outcome="Passed" testListId="8c84fa94-04c1-424b-9868-57a2d4851a1d" relativeResultsDirectory="10ead83b-0c97-464f-9f7b-652d0f0f1289" />
    <UnitTestResult executionId="1e0e1cfd-620e-467f-be6e-476d3bc1edb5" testId="2ca93f91-33b3-4ca8-96e1-8f20f289b9c2" testName="TestGetAlarmHistoryException" computerName="DKSR-EFI-04" duration="00:00:00.0030570" startTime="2023-12-22T09:34:32.5534216+01:00" endTime="2023-12-22T09:34:32.5534216+01:00" testType="13cdc9d9-ddb5-4fa4-a97d-d965ccfc6d4b" outcome="Passed" testListId="8c84fa94-04c1-424b-9868-57a2d4851a1d" relativeResultsDirectory="1e0e1cfd-620e-467f-be6e-476d3bc1edb5" />
    <UnitTestResult executionId="a362cd76-214e-4722-907b-1a971aa5f578" testId="49e81401-1a46-bf7c-3dc9-487f2b70b4e0" testName="ReadIdentity_ShouldReturnUserId_WhenUserWithGivenNameExists" computerName="DKSR-EFI-04" duration="00:00:00.0098167" startTime="2023-12-22T09:34:27.8815235+01:00" endTime="2023-12-22T09:34:27.8971479+01:00" testType="13cdc9d9-ddb5-4fa4-a97d-d965ccfc6d4b" outcome="Passed" testListId="8c84fa94-04c1-424b-9868-57a2d4851a1d" relativeResultsDirectory="a362cd76-214e-4722-907b-1a971aa5f578" />
    <UnitTestResult executionId="8866cf02-8070-46fe-b59d-8b854698bdcf" testId="7e0554fc-ea82-7cff-c217-916a21c725c6" testName="TestGetPlugInItemChangesThrowingUnhandledException" computerName="DKSR-EFI-04" duration="00:00:00.0043599" startTime="2023-12-22T09:34:31.1940396+01:00" endTime="2023-12-22T09:34:31.1940396+01:00" testType="13cdc9d9-ddb5-4fa4-a97d-d965ccfc6d4b" outcome="Passed" testListId="8c84fa94-04c1-424b-9868-57a2d4851a1d" relativeResultsDirectory="8866cf02-8070-46fe-b59d-8b854698bdcf" />
    <UnitTestResult executionId="8509962c-c2c0-4b36-9abe-d666c41de43b" testId="bb55e130-5f01-e081-978d-29a528a58c56" testName="TestGetPlugIns" computerName="DKSR-EFI-04" duration="00:00:00.0356890" startTime="2023-12-22T09:34:32.9752978+01:00" endTime="2023-12-22T09:34:33.0221775+01:00" testType="13cdc9d9-ddb5-4fa4-a97d-d965ccfc6d4b" outcome="Passed" testListId="8c84fa94-04c1-424b-9868-57a2d4851a1d" relativeResultsDirectory="8509962c-c2c0-4b36-9abe-d666c41de43b" />
    <UnitTestResult executionId="7b1b53d2-25f4-4cef-a721-6fdfc4f819c8" testId="9c86edb1-8421-03ff-f287-850cdcf3d65e" testName="TestGetTypeChangedWithInvalidUser" computerName="DKSR-EFI-04" duration="00:00:00.0025846" startTime="2023-12-22T09:34:30.5846616+01:00" endTime="2023-12-22T09:34:30.5846616+01:00" testType="13cdc9d9-ddb5-4fa4-a97d-d965ccfc6d4b" outcome="Passed" testListId="8c84fa94-04c1-424b-9868-57a2d4851a1d" relativeResultsDirectory="7b1b53d2-25f4-4cef-a721-6fdfc4f819c8" />
    <UnitTestResult executionId="de185bb1-5370-4fa4-b0da-5910f4e74289" testId="edcfd9c3-452b-274d-975f-fbc155d6a6ed" testName="WhenAlarmSearchCriteriaWithCorrectDataThenCorrectString" computerName="DKSR-EFI-04" duration="00:00:00.0014824" startTime="2023-12-22T09:34:39.0847060+01:00" endTime="2023-12-22T09:34:39.0847060+01:00" testType="13cdc9d9-ddb5-4fa4-a97d-d965ccfc6d4b" outcome="Passed" testListId="8c84fa94-04c1-424b-9868-57a2d4851a1d" relativeResultsDirectory="de185bb1-5370-4fa4-b0da-5910f4e74289" />
    <UnitTestResult executionId="731ac0c5-a25e-4f17-89f3-901c0b884848" testId="e958c267-d2e7-8fc0-2571-f4f00000f195" testName="TestSetVisualizationWithInvalidUser" computerName="DKSR-EFI-04" duration="00:00:00.0037940" startTime="2023-12-22T09:34:29.3346544+01:00" endTime="2023-12-22T09:34:29.3346544+01:00" testType="13cdc9d9-ddb5-4fa4-a97d-d965ccfc6d4b" outcome="Passed" testListId="8c84fa94-04c1-424b-9868-57a2d4851a1d" relativeResultsDirectory="731ac0c5-a25e-4f17-89f3-901c0b884848" />
    <UnitTestResult executionId="2edd46ae-7cd2-46d8-8b94-f2ed04c345ff" testId="a46dfba8-c336-7feb-ea33-2b4a6bd94cdd" testName="TestGetVisualizationThrowingUnhandledException" computerName="DKSR-EFI-04" duration="00:00:00.0036556" startTime="2023-12-22T09:34:28.1159042+01:00" endTime="2023-12-22T09:34:28.1315233+01:00" testType="13cdc9d9-ddb5-4fa4-a97d-d965ccfc6d4b" outcome="Passed" testListId="8c84fa94-04c1-424b-9868-57a2d4851a1d" relativeResultsDirectory="2edd46ae-7cd2-46d8-8b94-f2ed04c345ff" />
    <UnitTestResult executionId="b0f8a02a-dcdd-4537-86c4-3105fcda19d6" testId="b3ee9dac-379a-d43b-40bf-73709cb2d39a" testName="TestGetXmlWithProperData" computerName="DKSR-EFI-04" duration="00:00:00.0021048" startTime="2023-12-22T09:34:35.1628093+01:00" endTime="2023-12-22T09:34:35.1628093+01:00" testType="13cdc9d9-ddb5-4fa4-a97d-d965ccfc6d4b" outcome="Passed" testListId="8c84fa94-04c1-424b-9868-57a2d4851a1d" relativeResultsDirectory="b0f8a02a-dcdd-4537-86c4-3105fcda19d6" />
    <UnitTestResult executionId="9eac26a8-2f44-4639-bc5e-b744c862961f" testId="80738fc9-f45c-b37e-24ed-0c0f3e31a8eb" testName="WebServiceCommandBaseTest_VmoAdminUserValidation" computerName="DKSR-EFI-04" duration="00:00:00.0016385" startTime="2023-12-22T09:34:38.9597066+01:00" endTime="2023-12-22T09:34:38.9753303+01:00" testType="13cdc9d9-ddb5-4fa4-a97d-d965ccfc6d4b" outcome="Passed" testListId="8c84fa94-04c1-424b-9868-57a2d4851a1d" relativeResultsDirectory="9eac26a8-2f44-4639-bc5e-b744c862961f" />
    <UnitTestResult executionId="de884477-46b1-48ae-a738-5682bb224918" testId="3a5cb963-f3b6-06f8-49ee-bc5358ebcbe8" testName="TestConstructor" computerName="DKSR-EFI-04" duration="00:00:00.0888410" startTime="2023-12-22T09:34:34.0690541+01:00" endTime="2023-12-22T09:34:34.1628066+01:00" testType="13cdc9d9-ddb5-4fa4-a97d-d965ccfc6d4b" outcome="Passed" testListId="8c84fa94-04c1-424b-9868-57a2d4851a1d" relativeResultsDirectory="de884477-46b1-48ae-a738-5682bb224918" />
    <UnitTestResult executionId="cc021ae9-7d38-4223-b2b4-1c8f191c5d76" testId="5eb2b56a-cb9f-8a13-72a8-1dedbe4703eb" testName="WhenAlarmSearchCriteriaWithWrongFieldNamesThenException" computerName="DKSR-EFI-04" duration="00:00:00.0008584" startTime="2023-12-22T09:34:39.0847060+01:00" endTime="2023-12-22T09:34:39.0847060+01:00" testType="13cdc9d9-ddb5-4fa4-a97d-d965ccfc6d4b" outcome="Passed" testListId="8c84fa94-04c1-424b-9868-57a2d4851a1d" relativeResultsDirectory="cc021ae9-7d38-4223-b2b4-1c8f191c5d76" />
    <UnitTestResult executionId="be0bd3c5-3794-4794-be70-c58b45675f41" testId="ebf4eff3-a333-059c-7b06-0487cc0ae1fb" testName="TestNewObject" computerName="DKSR-EFI-04" duration="00:00:00.0003093" startTime="2023-12-22T09:34:37.2721958+01:00" endTime="2023-12-22T09:34:37.2721958+01:00" testType="13cdc9d9-ddb5-4fa4-a97d-d965ccfc6d4b" outcome="Passed" testListId="8c84fa94-04c1-424b-9868-57a2d4851a1d" relativeResultsDirectory="be0bd3c5-3794-4794-be70-c58b45675f41" />
    <UnitTestResult executionId="df368a5c-cd13-454b-8849-e82b3094a174" testId="3d09ee46-d296-1cac-c2f9-a726964f20c0" testName="TestSetVisualizationWithPropertData" computerName="DKSR-EFI-04" duration="00:00:00.0055833" startTime="2023-12-22T09:34:35.1471848+01:00" endTime="2023-12-22T09:34:35.1471848+01:00" testType="13cdc9d9-ddb5-4fa4-a97d-d965ccfc6d4b" outcome="Passed" testListId="8c84fa94-04c1-424b-9868-57a2d4851a1d" relativeResultsDirectory="df368a5c-cd13-454b-8849-e82b3094a174" />
    <UnitTestResult executionId="af8e43de-7e05-4642-bc17-546222c4c000" testId="31b39906-a73c-ce70-5752-c1ef42347816" testName="TestUpdateWithNewType" computerName="DKSR-EFI-04" duration="00:00:00.0036297" startTime="2023-12-22T09:34:32.8346734+01:00" endTime="2023-12-22T09:34:32.8503009+01:00" testType="13cdc9d9-ddb5-4fa4-a97d-d965ccfc6d4b" outcome="Passed" testListId="8c84fa94-04c1-424b-9868-57a2d4851a1d" relativeResultsDirectory="af8e43de-7e05-4642-bc17-546222c4c000" />
    <UnitTestResult executionId="81f8979f-4002-4952-adcb-16a1991ccfa5" testId="e04e5dc2-a9b6-35b0-703a-7145f4907414" testName="TestConstructor" computerName="DKSR-EFI-04" duration="00:00:00.0033300" startTime="2023-12-22T09:34:38.5378272+01:00" endTime="2023-12-22T09:34:38.5378272+01:00" testType="13cdc9d9-ddb5-4fa4-a97d-d965ccfc6d4b" outcome="Passed" testListId="8c84fa94-04c1-424b-9868-57a2d4851a1d" relativeResultsDirectory="81f8979f-4002-4952-adcb-16a1991ccfa5" />
    <UnitTestResult executionId="84297e90-675f-4e2e-beda-703be59ed058" testId="9f984ace-837b-182d-3dce-f598fcf98c2c" testName="TestGetPlugInItemChangesWithInvalidUser" computerName="DKSR-EFI-04" duration="00:00:00.0022985" startTime="2023-12-22T09:34:31.8815447+01:00" endTime="2023-12-22T09:34:31.8815447+01:00" testType="13cdc9d9-ddb5-4fa4-a97d-d965ccfc6d4b" outcome="Passed" testListId="8c84fa94-04c1-424b-9868-57a2d4851a1d" relativeResultsDirectory="84297e90-675f-4e2e-beda-703be59ed058" />
    <UnitTestResult executionId="892733e1-e7ce-4c98-89d2-f114635604d0" testId="48868d1f-b370-db6c-3ad6-24d3fdea86ac" testName="TestConstructor" computerName="DKSR-EFI-04" duration="00:00:00.0008202" startTime="2023-12-22T09:34:33.8346800+01:00" endTime="2023-12-22T09:34:33.8346800+01:00" testType="13cdc9d9-ddb5-4fa4-a97d-d965ccfc6d4b" outcome="Passed" testListId="8c84fa94-04c1-424b-9868-57a2d4851a1d" relativeResultsDirectory="892733e1-e7ce-4c98-89d2-f114635604d0" />
    <UnitTestResult executionId="e17f2369-557f-487e-aab5-2ecbfb2025af" testId="c12565bd-6b40-192e-3905-3091c8e3cf94" testName="TestActivatePlugInActionWithInvalidUser" computerName="DKSR-EFI-04" duration="00:00:00.0022828" startTime="2023-12-22T09:34:31.8971686+01:00" endTime="2023-12-22T09:34:31.8971686+01:00" testType="13cdc9d9-ddb5-4fa4-a97d-d965ccfc6d4b" outcome="Passed" testListId="8c84fa94-04c1-424b-9868-57a2d4851a1d" relativeResultsDirectory="e17f2369-557f-487e-aab5-2ecbfb2025af" />
    <UnitTestResult executionId="01d15f0f-094c-4a99-ba22-1f1738f7f28f" testId="e2f48753-f22e-c0ac-7e89-4c2869a12297" testName="TestGetVisualElementChangesWithInvalidId" computerName="DKSR-EFI-04" duration="00:00:00.0040222" startTime="2023-12-22T09:34:37.1315695+01:00" endTime="2023-12-22T09:34:37.1315695+01:00" testType="13cdc9d9-ddb5-4fa4-a97d-d965ccfc6d4b" outcome="Passed" testListId="8c84fa94-04c1-424b-9868-57a2d4851a1d" relativeResultsDirectory="01d15f0f-094c-4a99-ba22-1f1738f7f28f" />
    <UnitTestResult executionId="5bbfbe36-40a5-4f0f-ab3f-8cfcd6f368d7" testId="6400e9ff-1959-05a6-4bbf-585c85889966" testName="TestCheckAuthorizationWithMultipleThreads" computerName="DKSR-EFI-04" duration="00:00:00.0271104" startTime="2023-12-22T09:34:39.8972106+01:00" endTime="2023-12-22T09:34:39.9284612+01:00" testType="13cdc9d9-ddb5-4fa4-a97d-d965ccfc6d4b" outcome="Passed" testListId="8c84fa94-04c1-424b-9868-57a2d4851a1d" relativeResultsDirectory="5bbfbe36-40a5-4f0f-ab3f-8cfcd6f368d7" />
    <UnitTestResult executionId="e1c86b40-c261-40ec-a536-fda694e7b9a3" testId="291db4d4-dfa4-9d8d-9f32-de6c3c2fe81e" testName="TestConstructor" computerName="DKSR-EFI-04" duration="00:00:00.0231180" startTime="2023-12-22T09:34:32.7722087+01:00" endTime="2023-12-22T09:34:32.8034232+01:00" testType="13cdc9d9-ddb5-4fa4-a97d-d965ccfc6d4b" outcome="Passed" testListId="8c84fa94-04c1-424b-9868-57a2d4851a1d" relativeResultsDirectory="e1c86b40-c261-40ec-a536-fda694e7b9a3" />
    <UnitTestResult executionId="cd51494e-3517-4774-93c3-f3e16e7652b2" testId="1ba550a5-1f48-afaa-0282-6c7d6ffea5db" testName="TestDictMethods" computerName="DKSR-EFI-04" duration="00:00:00.0040990" startTime="2023-12-22T09:34:37.2565723+01:00" endTime="2023-12-22T09:34:37.2565723+01:00" testType="13cdc9d9-ddb5-4fa4-a97d-d965ccfc6d4b" outcome="Passed" testListId="8c84fa94-04c1-424b-9868-57a2d4851a1d" relativeResultsDirectory="cd51494e-3517-4774-93c3-f3e16e7652b2" />
    <UnitTestResult executionId="db0b9d38-d764-477d-8c99-8572ed4aacf6" testId="28c920d3-d830-b6bf-033e-73fe208d66d5" testName="TestCreateObjectsNotAuthenticated" computerName="DKSR-EFI-04" duration="00:00:00.0015795" startTime="2023-12-22T09:34:30.8815380+01:00" endTime="2023-12-22T09:34:30.8815380+01:00" testType="13cdc9d9-ddb5-4fa4-a97d-d965ccfc6d4b" outcome="Passed" testListId="8c84fa94-04c1-424b-9868-57a2d4851a1d" relativeResultsDirectory="db0b9d38-d764-477d-8c99-8572ed4aacf6" />
    <UnitTestResult executionId="1368faf5-0b8b-4525-8ac0-73f3ba2445f3" testId="917c1bdf-6063-7913-d982-329ee05581db" testName="TestGetAllElementsOfTypeWithInsufficientRights" computerName="DKSR-EFI-04" duration="00:00:00.0114439" startTime="2023-12-22T09:34:36.3503166+01:00" endTime="2023-12-22T09:34:36.3503166+01:00" testType="13cdc9d9-ddb5-4fa4-a97d-d965ccfc6d4b" outcome="Passed" testListId="8c84fa94-04c1-424b-9868-57a2d4851a1d" relativeResultsDirectory="1368faf5-0b8b-4525-8ac0-73f3ba2445f3" />
    <UnitTestResult executionId="72b8633e-cf5c-4e7d-a369-e8bbd06f80f1" testId="173b93f7-c356-9c4c-d976-470d9bb41b7f" testName="TestGetStatusDetailsWithUnknownServer" computerName="DKSR-EFI-04" duration="00:00:00.0083902" startTime="2023-12-22T09:34:37.9909490+01:00" endTime="2023-12-22T09:34:38.0065756+01:00" testType="13cdc9d9-ddb5-4fa4-a97d-d965ccfc6d4b" outcome="Passed" testListId="8c84fa94-04c1-424b-9868-57a2d4851a1d" relativeResultsDirectory="72b8633e-cf5c-4e7d-a369-e8bbd06f80f1" />
    <UnitTestResult executionId="d35f5ec9-081e-46d7-a378-292e0a0a605f" testId="a6dd3ec3-7984-cf17-bcf1-fb463e8dfb77" testName="TestConstruction" computerName="DKSR-EFI-04" duration="00:00:00.0001785" startTime="2023-12-22T09:34:21.1783652+01:00" endTime="2023-12-22T09:34:21.1783652+01:00" testType="13cdc9d9-ddb5-4fa4-a97d-d965ccfc6d4b" outcome="Passed" testListId="8c84fa94-04c1-424b-9868-57a2d4851a1d" relativeResultsDirectory="d35f5ec9-081e-46d7-a378-292e0a0a605f" />
    <UnitTestResult executionId="4e04e1bf-933b-4d72-b57c-7b36ea266c5e" testId="9846da53-217d-af4e-03e6-a85cce3a7464" testName="TestConstructor" computerName="DKSR-EFI-04" duration="00:00:00.0489558" startTime="2023-12-22T09:34:23.3502509+01:00" endTime="2023-12-22T09:34:23.3971263+01:00" testType="13cdc9d9-ddb5-4fa4-a97d-d965ccfc6d4b" outcome="Passed" testListId="8c84fa94-04c1-424b-9868-57a2d4851a1d" relativeResultsDirectory="4e04e1bf-933b-4d72-b57c-7b36ea266c5e" />
    <UnitTestResult executionId="0bacdf26-9fe1-480c-9a79-6ae630c9eb19" testId="a89eaf12-e1e1-35d2-b638-0edbdc28dd28" testName="TestCheckAuthorizationWhereMultipleThreadsAndItemsToOld" computerName="DKSR-EFI-04" duration="00:00:00.0069580" startTime="2023-12-22T09:34:39.9753358+01:00" endTime="2023-12-22T09:34:39.9753358+01:00" testType="13cdc9d9-ddb5-4fa4-a97d-d965ccfc6d4b" outcome="Passed" testListId="8c84fa94-04c1-424b-9868-57a2d4851a1d" relativeResultsDirectory="0bacdf26-9fe1-480c-9a79-6ae630c9eb19" />
    <UnitTestResult executionId="26ef68f1-bd89-4120-affb-7b1f944c3e23" testId="91bf5645-44de-4716-0485-06a931ae32d4" testName="EventIdListTest_WebServiceEventIds_NotContainedInRecorderEventIds" computerName="DKSR-EFI-04" duration="00:00:00.0023419" startTime="2023-12-22T09:34:40.6315876+01:00" endTime="2023-12-22T09:34:40.6315876+01:00" testType="13cdc9d9-ddb5-4fa4-a97d-d965ccfc6d4b" outcome="Passed" testListId="8c84fa94-04c1-424b-9868-57a2d4851a1d" relativeResultsDirectory="26ef68f1-bd89-4120-affb-7b1f944c3e23" />
    <UnitTestResult executionId="7514643e-559a-4ad6-a409-77121f2c253d" testId="1615d896-8039-477a-8cb4-89284c760e2c" testName="TestCreateObjectThrowingUnhandledException" computerName="DKSR-EFI-04" duration="00:00:00.0086447" startTime="2023-12-22T09:34:30.8502891+01:00" endTime="2023-12-22T09:34:30.8659126+01:00" testType="13cdc9d9-ddb5-4fa4-a97d-d965ccfc6d4b" outcome="Passed" testListId="8c84fa94-04c1-424b-9868-57a2d4851a1d" relativeResultsDirectory="7514643e-559a-4ad6-a409-77121f2c253d" />
    <UnitTestResult executionId="18505bd6-0b65-4357-bc84-515d69e8b4d7" testId="436f3507-7b42-8e18-77db-9f6fb3e539f5" testName="EventConverter_ConvertBaseItemToBaseEvent_TriggerEvent_Empty" computerName="DKSR-EFI-04" duration="00:00:00.0007563" startTime="2023-12-22T09:34:39.2409545+01:00" endTime="2023-12-22T09:34:39.2409545+01:00" testType="13cdc9d9-ddb5-4fa4-a97d-d965ccfc6d4b" outcome="Passed" testListId="8c84fa94-04c1-424b-9868-57a2d4851a1d" relativeResultsDirectory="18505bd6-0b65-4357-bc84-515d69e8b4d7" />
    <UnitTestResult executionId="bc0044b4-634e-4043-9ec5-5a5ed5c1771a" testId="60210042-0b26-379a-0c8f-fc467a31fbf3" testName="TestUpdateElementWithOwnerElement" computerName="DKSR-EFI-04" duration="00:00:00.0066915" startTime="2023-12-22T09:34:36.0065642+01:00" endTime="2023-12-22T09:34:36.0065642+01:00" testType="13cdc9d9-ddb5-4fa4-a97d-d965ccfc6d4b" outcome="Passed" testListId="8c84fa94-04c1-424b-9868-57a2d4851a1d" relativeResultsDirectory="bc0044b4-634e-4043-9ec5-5a5ed5c1771a" />
    <UnitTestResult executionId="2979343b-5297-4131-9ff6-3ab0f2339e8a" testId="fae7770e-a34c-d24e-3dc4-4c8b734ea8bd" testName="TestCheckAuthorizationWithCorporateBasicUser" computerName="DKSR-EFI-04" duration="00:00:00.0019347" startTime="2023-12-22T09:34:39.8972106+01:00" endTime="2023-12-22T09:34:39.8972106+01:00" testType="13cdc9d9-ddb5-4fa4-a97d-d965ccfc6d4b" outcome="Passed" testListId="8c84fa94-04c1-424b-9868-57a2d4851a1d" relativeResultsDirectory="2979343b-5297-4131-9ff6-3ab0f2339e8a" />
    <UnitTestResult executionId="9dc8c721-5770-4507-9268-15b5691fb4f0" testId="3d71eb69-9c6f-0f09-8429-11a4b64d43de" testName="TestGetIconDataNotAuthenticated" computerName="DKSR-EFI-04" duration="00:00:00.0019547" startTime="2023-12-22T09:34:31.2252912+01:00" endTime="2023-12-22T09:34:31.2252912+01:00" testType="13cdc9d9-ddb5-4fa4-a97d-d965ccfc6d4b" outcome="Passed" testListId="8c84fa94-04c1-424b-9868-57a2d4851a1d" relativeResultsDirectory="9dc8c721-5770-4507-9268-15b5691fb4f0" />
    <UnitTestResult executionId="e3fd7f04-2c71-45a5-99b9-db02032a433b" testId="bc1745b6-ab04-d5dc-f9d7-e9d93ce022a5" testName="TestGetItemStatusDetailsThrowsException" computerName="DKSR-EFI-04" duration="00:00:00.0012807" startTime="2023-12-22T09:34:33.7721794+01:00" endTime="2023-12-22T09:34:33.7721794+01:00" testType="13cdc9d9-ddb5-4fa4-a97d-d965ccfc6d4b" outcome="Passed" testListId="8c84fa94-04c1-424b-9868-57a2d4851a1d" relativeResultsDirectory="e3fd7f04-2c71-45a5-99b9-db02032a433b" />
    <UnitTestResult executionId="a1847150-7dd8-4491-b8f9-fee50b71a04d" testId="c6108561-14c9-a60f-5d54-bf03bd18fb13" testName="TestTypeIDs" computerName="DKSR-EFI-04" duration="00:00:00.0024007" startTime="2023-12-22T09:34:32.6627997+01:00" endTime="2023-12-22T09:34:32.6627997+01:00" testType="13cdc9d9-ddb5-4fa4-a97d-d965ccfc6d4b" outcome="Passed" testListId="8c84fa94-04c1-424b-9868-57a2d4851a1d" relativeResultsDirectory="a1847150-7dd8-4491-b8f9-fee50b71a04d" />
    <UnitTestResult executionId="babafd47-f6aa-4f6f-97e3-a065ced1e9e2" testId="fb360f14-445d-1063-3054-52bfed09636a" testName="TestRuleSystemCommandPipeExecuteAction" computerName="DKSR-EFI-04" duration="00:00:00.0594694" startTime="2023-12-22T09:34:38.5690769+01:00" endTime="2023-12-22T09:34:38.6315785+01:00" testType="13cdc9d9-ddb5-4fa4-a97d-d965ccfc6d4b" outcome="Passed" testListId="8c84fa94-04c1-424b-9868-57a2d4851a1d" relativeResultsDirectory="babafd47-f6aa-4f6f-97e3-a065ced1e9e2" />
    <UnitTestResult executionId="f5d20949-384f-42de-b0ab-2d1a6dfbd4bc" testId="3e86f939-9488-6b0c-7e20-237a538a88c1" testName="TestGetEmptyCache" computerName="DKSR-EFI-04" duration="00:00:00.0009006" startTime="2023-12-22T09:34:39.6784590+01:00" endTime="2023-12-22T09:34:39.6784590+01:00" testType="13cdc9d9-ddb5-4fa4-a97d-d965ccfc6d4b" outcome="Passed" testListId="8c84fa94-04c1-424b-9868-57a2d4851a1d" relativeResultsDirectory="f5d20949-384f-42de-b0ab-2d1a6dfbd4bc" />
    <UnitTestResult executionId="a385fc00-171b-4875-899b-80b776deff41" testId="ef08d205-5e2f-fd18-d2fe-b1ac67218de5" testName="TestConstructorWithVisualElementStorageDatabaseFactoryObjectsAndVisualElementWithNullObjects" computerName="DKSR-EFI-04" duration="00:00:00.0062164" startTime="2023-12-22T09:34:38.1784516+01:00" endTime="2023-12-22T09:34:38.1784516+01:00" testType="13cdc9d9-ddb5-4fa4-a97d-d965ccfc6d4b" outcome="Passed" testListId="8c84fa94-04c1-424b-9868-57a2d4851a1d" relativeResultsDirectory="a385fc00-171b-4875-899b-80b776deff41" />
    <UnitTestResult executionId="7cff1a29-9734-49de-8ff6-c82f3181a36b" testId="54470d67-55df-07dd-b92d-71bc35f06966" testName="TestToVisualizationState" computerName="DKSR-EFI-04" duration="00:00:00.0020412" startTime="2023-12-22T09:34:38.3972042+01:00" endTime="2023-12-22T09:34:38.4128295+01:00" testType="13cdc9d9-ddb5-4fa4-a97d-d965ccfc6d4b" outcome="Passed" testListId="8c84fa94-04c1-424b-9868-57a2d4851a1d" relativeResultsDirectory="7cff1a29-9734-49de-8ff6-c82f3181a36b" />
    <UnitTestResult executionId="176ed71e-2b4d-4c8b-bbb6-1d405814f6a2" testId="1b1aed6a-8b9e-499d-541d-e9bb494b1433" testName="TestUpdateElementNameWithAMarkedForDeletionElement" computerName="DKSR-EFI-04" duration="00:00:00.0029055" startTime="2023-12-22T09:34:37.2096976+01:00" endTime="2023-12-22T09:34:37.2096976+01:00" testType="13cdc9d9-ddb5-4fa4-a97d-d965ccfc6d4b" outcome="Passed" testListId="8c84fa94-04c1-424b-9868-57a2d4851a1d" relativeResultsDirectory="176ed71e-2b4d-4c8b-bbb6-1d405814f6a2" />
    <UnitTestResult executionId="c87a53fa-a1ab-451d-9204-21ca2d8030ab" testId="a76e2dc6-ff7b-3171-d211-7b82037560b6" testName="TestDeleteObjectAndChildObjectsWithValidParameters" computerName="DKSR-EFI-04" duration="00:00:00.0042287" startTime="2023-12-22T09:34:31.1315388+01:00" endTime="2023-12-22T09:34:31.1315388+01:00" testType="13cdc9d9-ddb5-4fa4-a97d-d965ccfc6d4b" outcome="Passed" testListId="8c84fa94-04c1-424b-9868-57a2d4851a1d" relativeResultsDirectory="c87a53fa-a1ab-451d-9204-21ca2d8030ab" />
    <UnitTestResult executionId="58afacf6-ccb5-4abc-b28b-426ef7ff0a77" testId="4d58dbe2-2b23-9b02-f6aa-34a415aba837" testName="TestRemoveElementWithRemovingElementWhereRelationIdIsPoitingTo" computerName="DKSR-EFI-04" duration="00:00:00.0150904" startTime="2023-12-22T09:34:36.6628193+01:00" endTime="2023-12-22T09:34:36.6784424+01:00" testType="13cdc9d9-ddb5-4fa4-a97d-d965ccfc6d4b" outcome="Passed" testListId="8c84fa94-04c1-424b-9868-57a2d4851a1d" relativeResultsDirectory="58afacf6-ccb5-4abc-b28b-426ef7ff0a77" />
    <UnitTestResult executionId="2df07dc1-45d2-4a7a-b894-b972057edb2a" testId="d9eb3447-b3c7-2036-87ac-4205b4ee0399" testName="TestDeleteObjectAndChildObjectsThrowingUnhandledException" computerName="DKSR-EFI-04" duration="00:00:00.0026799" startTime="2023-12-22T09:34:31.6471661+01:00" endTime="2023-12-22T09:34:31.6471661+01:00" testType="13cdc9d9-ddb5-4fa4-a97d-d965ccfc6d4b" outcome="Passed" testListId="8c84fa94-04c1-424b-9868-57a2d4851a1d" relativeResultsDirectory="2df07dc1-45d2-4a7a-b894-b972057edb2a" />
    <UnitTestResult executionId="68b46a43-7bc0-4c00-9593-6ea0dd2a7f07" testId="932a96af-2988-0a99-80b8-e39fd0c1fc40" testName="TestDeleteObjectsNotAuthenticated" computerName="DKSR-EFI-04" duration="00:00:00.0017531" startTime="2023-12-22T09:34:31.1159157+01:00" endTime="2023-12-22T09:34:31.1159157+01:00" testType="13cdc9d9-ddb5-4fa4-a97d-d965ccfc6d4b" outcome="Passed" testListId="8c84fa94-04c1-424b-9868-57a2d4851a1d" relativeResultsDirectory="68b46a43-7bc0-4c00-9593-6ea0dd2a7f07" />
    <UnitTestResult executionId="fb50b0b8-c5e3-4c2c-b5d4-19d6307f1e92" testId="03e3b455-6ea4-6a87-66b3-e22c2830555a" testName="Logout_WithValidParameters" computerName="DKSR-EFI-04" duration="00:00:00.0020125" startTime="2023-12-22T09:34:31.6471661+01:00" endTime="2023-12-22T09:34:31.6471661+01:00" testType="13cdc9d9-ddb5-4fa4-a97d-d965ccfc6d4b" outcome="Passed" testListId="8c84fa94-04c1-424b-9868-57a2d4851a1d" relativeResultsDirectory="fb50b0b8-c5e3-4c2c-b5d4-19d6307f1e92" />
    <UnitTestResult executionId="02dc6972-07a4-4b82-a03f-b66a1170c72c" testId="f0192dd4-c07e-15a2-f132-e2c87819221c" testName="TestUpdateElementNameWithOwnerElement" computerName="DKSR-EFI-04" duration="00:00:00.0060661" startTime="2023-12-22T09:34:37.2253190+01:00" endTime="2023-12-22T09:34:37.2253190+01:00" testType="13cdc9d9-ddb5-4fa4-a97d-d965ccfc6d4b" outcome="Passed" testListId="8c84fa94-04c1-424b-9868-57a2d4851a1d" relativeResultsDirectory="02dc6972-07a4-4b82-a03f-b66a1170c72c" />
    <UnitTestResult executionId="d0b1ac79-796e-4d42-beea-8818297f4530" testId="f2bc5b69-4ed9-9b03-51e0-df93752a977d" testName="TestGetHostId_InvalidAddress" computerName="DKSR-EFI-04" duration="00:00:00.0671617" startTime="2023-12-22T09:34:21.7408682+01:00" endTime="2023-12-22T09:34:21.8033683+01:00" testType="13cdc9d9-ddb5-4fa4-a97d-d965ccfc6d4b" outcome="Passed" testListId="8c84fa94-04c1-424b-9868-57a2d4851a1d" relativeResultsDirectory="d0b1ac79-796e-4d42-beea-8818297f4530" />
    <UnitTestResult executionId="925acdbe-134c-4699-b727-b327fbd1d9a0" testId="6d0826c1-86cd-2026-2433-884f0aebad02" testName="TrimStart_ShouldRaiseArgumentNullException_WhenPrefixIsNull" computerName="DKSR-EFI-04" duration="00:00:00.0006082" startTime="2023-12-22T09:34:44.7722358+01:00" endTime="2023-12-22T09:34:44.7722358+01:00" testType="13cdc9d9-ddb5-4fa4-a97d-d965ccfc6d4b" outcome="Passed" testListId="8c84fa94-04c1-424b-9868-57a2d4851a1d" relativeResultsDirectory="925acdbe-134c-4699-b727-b327fbd1d9a0" />
    <UnitTestResult executionId="ba03f2de-8ebf-47d5-bce3-7023a1b4879b" testId="3ed5199e-45f8-2091-36df-67dafeedfe41" testName="TestCopyConstructor" computerName="DKSR-EFI-04" duration="00:00:00.0010339" startTime="2023-12-22T09:34:38.0065756+01:00" endTime="2023-12-22T09:34:38.0065756+01:00" testType="13cdc9d9-ddb5-4fa4-a97d-d965ccfc6d4b" outcome="Passed" testListId="8c84fa94-04c1-424b-9868-57a2d4851a1d" relativeResultsDirectory="ba03f2de-8ebf-47d5-bce3-7023a1b4879b" />
    <UnitTestResult executionId="012211c1-486d-4b8e-8778-3c77e2e0d1b2" testId="c6ccf88c-1399-0635-b94d-e570e2da7529" testName="TestGetObjectThrowingUnhandledException" computerName="DKSR-EFI-04" duration="00:00:00.0030307" startTime="2023-12-22T09:34:31.0221623+01:00" endTime="2023-12-22T09:34:31.0221623+01:00" testType="13cdc9d9-ddb5-4fa4-a97d-d965ccfc6d4b" outcome="Passed" testListId="8c84fa94-04c1-424b-9868-57a2d4851a1d" relativeResultsDirectory="012211c1-486d-4b8e-8778-3c77e2e0d1b2" />
    <UnitTestResult executionId="0b57d776-a042-4468-ab84-02e2b52ca36b" testId="652d6245-b2bc-1bf1-9e71-8d0b01061274" testName="TestGetException" computerName="DKSR-EFI-04" duration="00:00:00.0031810" startTime="2023-12-22T09:34:32.2096703+01:00" endTime="2023-12-22T09:34:32.2252963+01:00" testType="13cdc9d9-ddb5-4fa4-a97d-d965ccfc6d4b" outcome="Passed" testListId="8c84fa94-04c1-424b-9868-57a2d4851a1d" relativeResultsDirectory="0b57d776-a042-4468-ab84-02e2b52ca36b" />
    <UnitTestResult executionId="e975adc9-4680-4e55-aa40-6b6b60b2d3d3" testId="03494ac0-2a90-1997-2d62-a4db082b1776" testName="TestLoadXMLWithNoInnerText" computerName="DKSR-EFI-04" duration="00:00:00.0036175" startTime="2023-12-22T09:34:38.2409516+01:00" endTime="2023-12-22T09:34:38.2409516+01:00" testType="13cdc9d9-ddb5-4fa4-a97d-d965ccfc6d4b" outcome="Passed" testListId="8c84fa94-04c1-424b-9868-57a2d4851a1d" relativeResultsDirectory="e975adc9-4680-4e55-aa40-6b6b60b2d3d3" />
    <UnitTestResult executionId="a8830ad1-8b89-4777-8516-22ce059487ad" testId="56c342b2-4303-c64f-8adb-70aea0006eb3" testName="DecryptFromBase64String_ShouldRaiseArgumentNullException_WhenValueIsNull" computerName="DKSR-EFI-04" duration="00:00:00.0010850" startTime="2023-12-22T09:34:40.0065853+01:00" endTime="2023-12-22T09:34:40.0222128+01:00" testType="13cdc9d9-ddb5-4fa4-a97d-d965ccfc6d4b" outcome="Passed" testListId="8c84fa94-04c1-424b-9868-57a2d4851a1d" relativeResultsDirectory="a8830ad1-8b89-4777-8516-22ce059487ad" />
    <UnitTestResult executionId="7b961f89-48da-4590-9c1b-72e5017a8d2a" testId="0b404634-fabf-542c-c39a-5b5860a30b25" testName="TestConstructorWithNullConfigHost" computerName="DKSR-EFI-04" duration="00:00:00.0069566" startTime="2023-12-22T09:34:40.1628364+01:00" endTime="2023-12-22T09:34:40.1784604+01:00" testType="13cdc9d9-ddb5-4fa4-a97d-d965ccfc6d4b" outcome="Passed" testListId="8c84fa94-04c1-424b-9868-57a2d4851a1d" relativeResultsDirectory="7b961f89-48da-4590-9c1b-72e5017a8d2a" />
    <UnitTestResult executionId="b29c3b07-8b9c-450d-856e-183d8c5b468a" testId="1a9e547a-3ec4-7799-7810-1748b9939ecd" testName="TestUpdateBoundsWithValidParameters" computerName="DKSR-EFI-04" duration="00:00:00.0049194" startTime="2023-12-22T09:34:30.9596621+01:00" endTime="2023-12-22T09:34:30.9752886+01:00" testType="13cdc9d9-ddb5-4fa4-a97d-d965ccfc6d4b" outcome="Passed" testListId="8c84fa94-04c1-424b-9868-57a2d4851a1d" relativeResultsDirectory="b29c3b07-8b9c-450d-856e-183d8c5b468a" />
    <UnitTestResult executionId="7a5683bf-0903-4908-8504-7bb9f1aea3f5" testId="a85129ae-c9fd-e336-efb1-3a4a2726dc6a" testName="TestGetVisualElementChangesWithZeroTimeout" computerName="DKSR-EFI-04" duration="00:00:00.0052958" startTime="2023-12-22T09:34:31.2721652+01:00" endTime="2023-12-22T09:34:31.2721652+01:00" testType="13cdc9d9-ddb5-4fa4-a97d-d965ccfc6d4b" outcome="Passed" testListId="8c84fa94-04c1-424b-9868-57a2d4851a1d" relativeResultsDirectory="7a5683bf-0903-4908-8504-7bb9f1aea3f5" />
    <UnitTestResult executionId="69d26e98-57f7-492f-a056-55df53c71935" testId="6eaa22fd-b4ea-d938-d98e-0ba036c2c909" testName="TestUpdateDisplayXMLWithInvalidUser" computerName="DKSR-EFI-04" duration="00:00:00.0022360" startTime="2023-12-22T09:34:30.7252872+01:00" endTime="2023-12-22T09:34:30.7252872+01:00" testType="13cdc9d9-ddb5-4fa4-a97d-d965ccfc6d4b" outcome="Passed" testListId="8c84fa94-04c1-424b-9868-57a2d4851a1d" relativeResultsDirectory="69d26e98-57f7-492f-a056-55df53c71935" />
    <UnitTestResult executionId="d8551269-55f7-4865-8f1c-637ef616bcc5" testId="e25a0b21-87b2-7f59-87da-5dca25810132" testName="TestCreateObjectsWithInvalidUser" computerName="DKSR-EFI-04" duration="00:00:00.0026281" startTime="2023-12-22T09:34:30.2252838+01:00" endTime="2023-12-22T09:34:30.2252838+01:00" testType="13cdc9d9-ddb5-4fa4-a97d-d965ccfc6d4b" outcome="Passed" testListId="8c84fa94-04c1-424b-9868-57a2d4851a1d" relativeResultsDirectory="d8551269-55f7-4865-8f1c-637ef616bcc5" />
    <UnitTestResult executionId="9b6a55fa-8cce-43b3-aaea-d2d979e222cc" testId="a00b19c4-5cad-b60e-0009-ec4096ffeb28" testName="TestSingleSessionSingleUserId" computerName="DKSR-EFI-04" duration="00:00:00.0006725" startTime="2023-12-22T09:34:39.6940842+01:00" endTime="2023-12-22T09:34:39.6940842+01:00" testType="13cdc9d9-ddb5-4fa4-a97d-d965ccfc6d4b" outcome="Passed" testListId="8c84fa94-04c1-424b-9868-57a2d4851a1d" relativeResultsDirectory="9b6a55fa-8cce-43b3-aaea-d2d979e222cc" />
    <UnitTestResult executionId="3ee20f63-ddee-4f88-a06f-e1abe5b46e0c" testId="82112499-e461-a72c-94d6-1c690c567494" testName="TestCacheCleanupMultipleSessionsMultipleUserIdsNoTouch" computerName="DKSR-EFI-04" duration="00:00:00.0015154" startTime="2023-12-22T09:34:39.6784590+01:00" endTime="2023-12-22T09:34:39.6784590+01:00" testType="13cdc9d9-ddb5-4fa4-a97d-d965ccfc6d4b" outcome="Passed" testListId="8c84fa94-04c1-424b-9868-57a2d4851a1d" relativeResultsDirectory="3ee20f63-ddee-4f88-a06f-e1abe5b46e0c" />
    <UnitTestResult executionId="5103d07f-698a-4f68-aa62-f575ab4f1ac5" testId="ef7cf599-7d95-fc05-72c3-321993c498c1" testName="TestSetVisualization" computerName="DKSR-EFI-04" duration="00:00:00.0160968" startTime="2023-12-22T09:34:28.9127788+01:00" endTime="2023-12-22T09:34:28.9284051+01:00" testType="13cdc9d9-ddb5-4fa4-a97d-d965ccfc6d4b" outcome="Passed" testListId="8c84fa94-04c1-424b-9868-57a2d4851a1d" relativeResultsDirectory="5103d07f-698a-4f68-aa62-f575ab4f1ac5" />
    <UnitTestResult executionId="ec1e29d5-e64f-4530-9efc-3ad1b07f14e3" testId="33996ad1-87de-26bf-b419-0a1ec0333bb4" testName="TestConstructorWithVisualElementStorageDatabaseAndVisualElementWithNullObjects" computerName="DKSR-EFI-04" duration="00:00:00.0060559" startTime="2023-12-22T09:34:38.1472011+01:00" endTime="2023-12-22T09:34:38.1628244+01:00" testType="13cdc9d9-ddb5-4fa4-a97d-d965ccfc6d4b" outcome="Passed" testListId="8c84fa94-04c1-424b-9868-57a2d4851a1d" relativeResultsDirectory="ec1e29d5-e64f-4530-9efc-3ad1b07f14e3" />
    <UnitTestResult executionId="2e4934a7-86d4-4e7a-9d9a-dee6117d4db3" testId="6187e3b7-90e4-8192-265f-6cd0c6182ead" testName="Handle_ShouldFlattenStateValue_WhenValuesIncludeStateIntAndStateName" computerName="DKSR-EFI-04" duration="00:00:00.0030741" startTime="2023-12-22T09:34:43.9284802+01:00" endTime="2023-12-22T09:34:43.9284802+01:00" testType="13cdc9d9-ddb5-4fa4-a97d-d965ccfc6d4b" outcome="Passed" testListId="8c84fa94-04c1-424b-9868-57a2d4851a1d" relativeResultsDirectory="2e4934a7-86d4-4e7a-9d9a-dee6117d4db3" />
    <UnitTestResult executionId="be32f3a6-dc44-4b67-b7f4-28040f1a6199" testId="82f8e66b-df98-7cbb-fdf7-dc2f3b4fd43e" testName="TestUpdateElementsWithNonExistingId" computerName="DKSR-EFI-04" duration="00:00:00.0039308" startTime="2023-12-22T09:34:36.0690659+01:00" endTime="2023-12-22T09:34:36.0690659+01:00" testType="13cdc9d9-ddb5-4fa4-a97d-d965ccfc6d4b" outcome="Passed" testListId="8c84fa94-04c1-424b-9868-57a2d4851a1d" relativeResultsDirectory="be32f3a6-dc44-4b67-b7f4-28040f1a6199" />
    <UnitTestResult executionId="d5e7cddc-a3ef-43a8-88b5-f11c4eb8a1e7" testId="aeed8064-29d5-e705-3bb9-042e1ea88f69" testName="TestGetStatusDetailsWithElementButInsufficientRights" computerName="DKSR-EFI-04" duration="00:00:00.0041498" startTime="2023-12-22T09:34:35.1159329+01:00" endTime="2023-12-22T09:34:35.1159329+01:00" testType="13cdc9d9-ddb5-4fa4-a97d-d965ccfc6d4b" outcome="Passed" testListId="8c84fa94-04c1-424b-9868-57a2d4851a1d" relativeResultsDirectory="d5e7cddc-a3ef-43a8-88b5-f11c4eb8a1e7" />
    <UnitTestResult executionId="46f4c46d-871d-478b-ba08-9d0237a7c6db" testId="16d69696-0632-feb6-0cc6-a45d7755309a" testName="TestGetStatusOneLevel" computerName="DKSR-EFI-04" duration="00:00:00.2997020" startTime="2023-12-22T09:34:34.1940557+01:00" endTime="2023-12-22T09:34:34.4909317+01:00" testType="13cdc9d9-ddb5-4fa4-a97d-d965ccfc6d4b" outcome="Passed" testListId="8c84fa94-04c1-424b-9868-57a2d4851a1d" relativeResultsDirectory="46f4c46d-871d-478b-ba08-9d0237a7c6db" />
    <UnitTestResult executionId="ce174446-ae44-4783-9b93-b5520e71693e" testId="0cb5aecd-0832-3f3a-db82-c1bc5b4e8469" testName="TestCreateFilteredConfigurationStatesLimited" computerName="DKSR-EFI-04" duration="00:00:00.0010566" startTime="2023-12-22T09:34:44.7722358+01:00" endTime="2023-12-22T09:34:44.7722358+01:00" testType="13cdc9d9-ddb5-4fa4-a97d-d965ccfc6d4b" outcome="Passed" testListId="8c84fa94-04c1-424b-9868-57a2d4851a1d" relativeResultsDirectory="ce174446-ae44-4783-9b93-b5520e71693e" />
    <UnitTestResult executionId="b67a156d-ad24-4b2f-9899-e3303b091a4f" testId="829d5191-315d-b7df-afe3-014222925fc8" testName="TestGetSnapshots" computerName="DKSR-EFI-04" duration="00:00:00.0061220" startTime="2023-12-22T09:34:32.2721711+01:00" endTime="2023-12-22T09:34:32.2721711+01:00" testType="13cdc9d9-ddb5-4fa4-a97d-d965ccfc6d4b" outcome="Passed" testListId="8c84fa94-04c1-424b-9868-57a2d4851a1d" relativeResultsDirectory="b67a156d-ad24-4b2f-9899-e3303b091a4f" />
    <UnitTestResult executionId="ee488bae-1fc2-46f2-ade7-1560988204e0" testId="6253d1ca-acb7-f42f-0dd6-8dd1875bff7a" testName="TestGetPlugInItemChangesWithNoChangedItems" computerName="DKSR-EFI-04" duration="00:00:00.0117249" startTime="2023-12-22T09:34:33.3503018+01:00" endTime="2023-12-22T09:34:33.3659267+01:00" testType="13cdc9d9-ddb5-4fa4-a97d-d965ccfc6d4b" outcome="Passed" testListId="8c84fa94-04c1-424b-9868-57a2d4851a1d" relativeResultsDirectory="ee488bae-1fc2-46f2-ade7-1560988204e0" />
    <UnitTestResult executionId="381e60c5-6aad-4685-b9de-808a3121248b" testId="d93f3e6c-7a7d-c0f0-6f61-bb3e7018f3e8" testName="DeleteObjects_WithValidParameters" computerName="DKSR-EFI-04" duration="00:00:00.0038351" startTime="2023-12-22T09:34:30.4752866+01:00" endTime="2023-12-22T09:34:30.4752866+01:00" testType="13cdc9d9-ddb5-4fa4-a97d-d965ccfc6d4b" outcome="Passed" testListId="8c84fa94-04c1-424b-9868-57a2d4851a1d" relativeResultsDirectory="381e60c5-6aad-4685-b9de-808a3121248b" />
    <UnitTestResult executionId="967e1831-8a1b-4620-9167-13ebaa10af6a" testId="d71c0ca9-13c6-627c-b94a-f4654b08b416" testName="TestUpdateStateWithAuthentication" computerName="DKSR-EFI-04" duration="00:00:00.0227239" startTime="2023-12-22T09:34:37.9440750+01:00" endTime="2023-12-22T09:34:37.9753274+01:00" testType="13cdc9d9-ddb5-4fa4-a97d-d965ccfc6d4b" outcome="Passed" testListId="8c84fa94-04c1-424b-9868-57a2d4851a1d" relativeResultsDirectory="967e1831-8a1b-4620-9167-13ebaa10af6a" />
    <UnitTestResult executionId="c3a758d1-a402-4cda-b6d8-dfabbf0f2987" testId="8f6be93f-ae19-1739-c558-d78ee9b6c788" testName="ActivatePlugInAction_WithValidParameters" computerName="DKSR-EFI-04" duration="00:00:00.0040719" startTime="2023-12-22T09:34:31.8971686+01:00" endTime="2023-12-22T09:34:31.8971686+01:00" testType="13cdc9d9-ddb5-4fa4-a97d-d965ccfc6d4b" outcome="Passed" testListId="8c84fa94-04c1-424b-9868-57a2d4851a1d" relativeResultsDirectory="c3a758d1-a402-4cda-b6d8-dfabbf0f2987" />
    <UnitTestResult executionId="6a536301-d77f-4d49-bf00-13b34b046b39" testId="1a8ece28-2d7b-4d15-bd96-32d58e25e257" testName="TestGetStatusDetailsThrowingUnhandledException" computerName="DKSR-EFI-04" duration="00:00:00.0031873" startTime="2023-12-22T09:34:29.3190308+01:00" endTime="2023-12-22T09:34:29.3190308+01:00" testType="13cdc9d9-ddb5-4fa4-a97d-d965ccfc6d4b" outcome="Passed" testListId="8c84fa94-04c1-424b-9868-57a2d4851a1d" relativeResultsDirectory="6a536301-d77f-4d49-bf00-13b34b046b39" />
    <UnitTestResult executionId="c284192d-7020-4b6a-8ed0-915ba26b582f" testId="7502a480-3d55-7c3a-43f7-314a17a87fc8" testName="TestGetAllObjectIDsOnVisualElementWithInvalidUser" computerName="DKSR-EFI-04" duration="00:00:00.0024233" startTime="2023-12-22T09:34:31.5846677+01:00" endTime="2023-12-22T09:34:31.5846677+01:00" testType="13cdc9d9-ddb5-4fa4-a97d-d965ccfc6d4b" outcome="Passed" testListId="8c84fa94-04c1-424b-9868-57a2d4851a1d" relativeResultsDirectory="c284192d-7020-4b6a-8ed0-915ba26b582f" />
    <UnitTestResult executionId="5e6d6407-3855-485e-b15d-055d02813f3d" testId="ff97e124-3d02-c664-47e9-a160c2113d29" testName="TestUpdateMultipleAlarms" computerName="DKSR-EFI-04" duration="00:00:00.0036261" startTime="2023-12-22T09:34:32.4752966+01:00" endTime="2023-12-22T09:34:32.4752966+01:00" testType="13cdc9d9-ddb5-4fa4-a97d-d965ccfc6d4b" outcome="Passed" testListId="8c84fa94-04c1-424b-9868-57a2d4851a1d" relativeResultsDirectory="5e6d6407-3855-485e-b15d-055d02813f3d" />
    <UnitTestResult executionId="70db13fc-9b24-4de8-9c12-dfd3998fc2ab" testId="de221b3f-8faf-6d88-d504-dab94145d101" testName="TestGetStatusForAllObjectsOfTypeThrowingUnhandledException" computerName="DKSR-EFI-04" duration="00:00:00.0075680" startTime="2023-12-22T09:34:28.0377729+01:00" endTime="2023-12-22T09:34:28.0534003+01:00" testType="13cdc9d9-ddb5-4fa4-a97d-d965ccfc6d4b" outcome="Passed" testListId="8c84fa94-04c1-424b-9868-57a2d4851a1d" relativeResultsDirectory="70db13fc-9b24-4de8-9c12-dfd3998fc2ab" />
    <UnitTestResult executionId="d6bf95a6-1136-4f6d-9801-44b798df1d0c" testId="cb2aa95c-8beb-d0c2-1741-b4fe4c31b24a" testName="EventConverter_ConvertEventStatusToBaseItem_EventStatus_Null" computerName="DKSR-EFI-04" duration="00:00:00.0027224" startTime="2023-12-22T09:34:39.1628326+01:00" endTime="2023-12-22T09:34:39.1628326+01:00" testType="13cdc9d9-ddb5-4fa4-a97d-d965ccfc6d4b" outcome="Passed" testListId="8c84fa94-04c1-424b-9868-57a2d4851a1d" relativeResultsDirectory="d6bf95a6-1136-4f6d-9801-44b798df1d0c" />
    <UnitTestResult executionId="ce4ee36f-e9df-473f-a2e4-5e943335332a" testId="1f4655b3-aed4-b0e5-1094-5819057eec1a" testName="GetAllObjectIDsOnVisualElement_FilteringAllDifferentServerRelations" computerName="DKSR-EFI-04" duration="00:00:00.0068120" startTime="2023-12-22T09:34:31.5846677+01:00" endTime="2023-12-22T09:34:31.5846677+01:00" testType="13cdc9d9-ddb5-4fa4-a97d-d965ccfc6d4b" outcome="Passed" testListId="8c84fa94-04c1-424b-9868-57a2d4851a1d" relativeResultsDirectory="ce4ee36f-e9df-473f-a2e4-5e943335332a" />
    <UnitTestResult executionId="58710899-0748-4b86-a2ce-835cd0dd74aa" testId="cd32f402-6715-2c02-18cf-543bf6ea6e44" testName="TestDeleteObjectThrowingUnhandledException" computerName="DKSR-EFI-04" duration="00:00:00.0032712" startTime="2023-12-22T09:34:31.1002883+01:00" endTime="2023-12-22T09:34:31.1159157+01:00" testType="13cdc9d9-ddb5-4fa4-a97d-d965ccfc6d4b" outcome="Passed" testListId="8c84fa94-04c1-424b-9868-57a2d4851a1d" relativeResultsDirectory="58710899-0748-4b86-a2ce-835cd0dd74aa" />
    <UnitTestResult executionId="24aa778a-0956-4aa2-8c25-0eda17fd12c4" testId="36f49d40-731c-4878-92ee-cc3991d48dcd" testName="TestTimestampGetSet" computerName="DKSR-EFI-04" duration="00:00:00.0018797" startTime="2023-12-22T09:34:38.2722016+01:00" endTime="2023-12-22T09:34:38.2722016+01:00" testType="13cdc9d9-ddb5-4fa4-a97d-d965ccfc6d4b" outcome="Passed" testListId="8c84fa94-04c1-424b-9868-57a2d4851a1d" relativeResultsDirectory="24aa778a-0956-4aa2-8c25-0eda17fd12c4" />
    <UnitTestResult executionId="8c1f9966-d935-4d2c-ac18-627f40a06547" testId="1a12a332-e73f-ef96-40a4-64a398ff0092" testName="WhenAlarmSearchCriteriaWithNoValuesThenEmptyString" computerName="DKSR-EFI-04" duration="00:00:00.0002127" startTime="2023-12-22T09:34:39.1003308+01:00" endTime="2023-12-22T09:34:39.1003308+01:00" testType="13cdc9d9-ddb5-4fa4-a97d-d965ccfc6d4b" outcome="Passed" testListId="8c84fa94-04c1-424b-9868-57a2d4851a1d" relativeResultsDirectory="8c1f9966-d935-4d2c-ac18-627f40a06547" />
    <UnitTestResult executionId="eb4de290-b07e-46f0-99bd-65487947a8c5" testId="6c960dd3-ffc7-b8ad-26f9-de3a226327d2" testName="TestUpdateAlarmWithAssignedTo" computerName="DKSR-EFI-04" duration="00:00:00.0110453" startTime="2023-12-22T09:34:32.4440452+01:00" endTime="2023-12-22T09:34:32.4596717+01:00" testType="13cdc9d9-ddb5-4fa4-a97d-d965ccfc6d4b" outcome="Passed" testListId="8c84fa94-04c1-424b-9868-57a2d4851a1d" relativeResultsDirectory="eb4de290-b07e-46f0-99bd-65487947a8c5" />
    <UnitTestResult executionId="7e57183b-c82f-4318-a779-b756b19b9417" testId="708fca23-6d8e-9bd9-6995-a29d952babb8" testName="TestGetXML" computerName="DKSR-EFI-04" duration="00:00:00.0024772" startTime="2023-12-22T09:34:38.0534485+01:00" endTime="2023-12-22T09:34:38.0690755+01:00" testType="13cdc9d9-ddb5-4fa4-a97d-d965ccfc6d4b" outcome="Passed" testListId="8c84fa94-04c1-424b-9868-57a2d4851a1d" relativeResultsDirectory="7e57183b-c82f-4318-a779-b756b19b9417" />
    <UnitTestResult executionId="e270146a-c76c-41a5-b9de-b17d769b926d" testId="895bd75e-0f55-5310-9068-abfb4fc8e832" testName="TestDeleteObjectAndChildObjectsNotAuthenticated" computerName="DKSR-EFI-04" duration="00:00:00.0030565" startTime="2023-12-22T09:34:31.1315388+01:00" endTime="2023-12-22T09:34:31.1315388+01:00" testType="13cdc9d9-ddb5-4fa4-a97d-d965ccfc6d4b" outcome="Passed" testListId="8c84fa94-04c1-424b-9868-57a2d4851a1d" relativeResultsDirectory="e270146a-c76c-41a5-b9de-b17d769b926d" />
    <UnitTestResult executionId="5eca7382-3b5c-4421-a748-524fe560f21f" testId="c31cef10-8516-b9e7-a04d-69b760ded6f6" testName="TestCreateObjectsThrowingUnhandledException" computerName="DKSR-EFI-04" duration="00:00:00.0213455" startTime="2023-12-22T09:34:30.2409092+01:00" endTime="2023-12-22T09:34:30.2565342+01:00" testType="13cdc9d9-ddb5-4fa4-a97d-d965ccfc6d4b" outcome="Passed" testListId="8c84fa94-04c1-424b-9868-57a2d4851a1d" relativeResultsDirectory="5eca7382-3b5c-4421-a748-524fe560f21f" />
    <UnitTestResult executionId="ea2a39d9-eb1d-4b12-9e1e-18deb64843b8" testId="2a1b009e-790a-319b-c2a4-a057d3028269" testName="SubscribeEventReceiver_ReturnsFalse_WhenAlreadySubscribed" computerName="DKSR-EFI-04" duration="00:00:00.0005767" startTime="2023-12-22T09:34:40.5690893+01:00" endTime="2023-12-22T09:34:40.5690893+01:00" testType="13cdc9d9-ddb5-4fa4-a97d-d965ccfc6d4b" outcome="Passed" testListId="8c84fa94-04c1-424b-9868-57a2d4851a1d" relativeResultsDirectory="ea2a39d9-eb1d-4b12-9e1e-18deb64843b8" />
    <UnitTestResult executionId="9aace315-c385-4bec-80f5-6547659f6f30" testId="56749be8-1610-c2e6-0951-c97ece9f35f3" testName="TestOneACSystemPLDisabledOneACSystemPLUnsupportedButEnabled" computerName="DKSR-EFI-04" duration="00:00:00.0018330" startTime="2023-12-22T09:34:39.7878374+01:00" endTime="2023-12-22T09:34:39.7878374+01:00" testType="13cdc9d9-ddb5-4fa4-a97d-d965ccfc6d4b" outcome="Passed" testListId="8c84fa94-04c1-424b-9868-57a2d4851a1d" relativeResultsDirectory="9aace315-c385-4bec-80f5-6547659f6f30" />
    <UnitTestResult executionId="13310b46-ba3b-48be-8d83-5f028527ed59" testId="666817bb-393b-286c-5b5e-86d66b36b67e" testName="TestCopyObject" computerName="DKSR-EFI-04" duration="00:00:00.0003437" startTime="2023-12-22T09:34:38.0690755+01:00" endTime="2023-12-22T09:34:38.0690755+01:00" testType="13cdc9d9-ddb5-4fa4-a97d-d965ccfc6d4b" outcome="Passed" testListId="8c84fa94-04c1-424b-9868-57a2d4851a1d" relativeResultsDirectory="13310b46-ba3b-48be-8d83-5f028527ed59" />
    <UnitTestResult executionId="4e9d517c-6cff-4d6f-b063-aef6ef818b01" testId="4c573b44-ffb9-27ab-53fa-a44efc2b060a" testName="RemoveSoundTest" computerName="DKSR-EFI-04" duration="00:00:00.0031933" startTime="2023-12-22T09:34:33.8815542+01:00" endTime="2023-12-22T09:34:33.8815542+01:00" testType="13cdc9d9-ddb5-4fa4-a97d-d965ccfc6d4b" outcome="Passed" testListId="8c84fa94-04c1-424b-9868-57a2d4851a1d" relativeResultsDirectory="4e9d517c-6cff-4d6f-b063-aef6ef818b01" />
    <UnitTestResult executionId="f7766a33-6c06-4256-9587-4d953b07c917" testId="bbfa7c3f-2997-8919-a5cd-1f95004e6f8b" testName="TestInsertElementsWithSameId" computerName="DKSR-EFI-04" duration="00:00:00.0040444" startTime="2023-12-22T09:34:35.8503126+01:00" endTime="2023-12-22T09:34:35.8503126+01:00" testType="13cdc9d9-ddb5-4fa4-a97d-d965ccfc6d4b" outcome="Passed" testListId="8c84fa94-04c1-424b-9868-57a2d4851a1d" relativeResultsDirectory="f7766a33-6c06-4256-9587-4d953b07c917" />
    <UnitTestResult executionId="44092e65-e195-496e-86b5-49cf9070c537" testId="43cccf8e-cac8-f44f-0a32-140b99d35095" testName="GetAllObjectsOfType_SingleElementPath" computerName="DKSR-EFI-04" duration="00:00:00.0036195" startTime="2023-12-22T09:34:31.4596668+01:00" endTime="2023-12-22T09:34:31.4596668+01:00" testType="13cdc9d9-ddb5-4fa4-a97d-d965ccfc6d4b" outcome="Passed" testListId="8c84fa94-04c1-424b-9868-57a2d4851a1d" relativeResultsDirectory="44092e65-e195-496e-86b5-49cf9070c537" />
    <UnitTestResult executionId="a12bebf0-36c3-48f2-a08c-e8d9b7527a48" testId="cb3eeac3-dc0d-3da5-bb56-3918885deb1c" testName="TestGetPlugInItemChangesWithNewerDeletedTimestamp" computerName="DKSR-EFI-04" duration="00:00:00.0052810" startTime="2023-12-22T09:34:33.5534255+01:00" endTime="2023-12-22T09:34:33.5534255+01:00" testType="13cdc9d9-ddb5-4fa4-a97d-d965ccfc6d4b" outcome="Passed" testListId="8c84fa94-04c1-424b-9868-57a2d4851a1d" relativeResultsDirectory="a12bebf0-36c3-48f2-a08c-e8d9b7527a48" />
    <UnitTestResult executionId="1c5eb353-a96d-448f-ba1c-f403b799674d" testId="ece6411b-94b9-4bfb-061f-a3a9c5698468" testName="TestGetStatistics" computerName="DKSR-EFI-04" duration="00:00:00.0057836" startTime="2023-12-22T09:34:32.5221715+01:00" endTime="2023-12-22T09:34:32.5221715+01:00" testType="13cdc9d9-ddb5-4fa4-a97d-d965ccfc6d4b" outcome="Passed" testListId="8c84fa94-04c1-424b-9868-57a2d4851a1d" relativeResultsDirectory="1c5eb353-a96d-448f-ba1c-f403b799674d" />
    <UnitTestResult executionId="323bbd96-920c-4841-902d-bfe1ee126ad5" testId="38120862-f098-314a-3a8d-e661e83a85d7" testName="TestGetAllElementsWithinGpsArea" computerName="DKSR-EFI-04" duration="00:00:00.0565227" startTime="2023-12-22T09:34:36.5378188+01:00" endTime="2023-12-22T09:34:36.6003174+01:00" testType="13cdc9d9-ddb5-4fa4-a97d-d965ccfc6d4b" outcome="Passed" testListId="8c84fa94-04c1-424b-9868-57a2d4851a1d" relativeResultsDirectory="323bbd96-920c-4841-902d-bfe1ee126ad5" />
    <UnitTestResult executionId="4ed852d7-5b88-47db-a15d-92a69fcf4d54" testId="fa339202-5b42-e67b-f97a-d6db06b2d3f0" testName="TestGetObjectWithValidParameters" computerName="DKSR-EFI-04" duration="00:00:00.0032760" startTime="2023-12-22T09:34:31.0065386+01:00" endTime="2023-12-22T09:34:31.0065386+01:00" testType="13cdc9d9-ddb5-4fa4-a97d-d965ccfc6d4b" outcome="Passed" testListId="8c84fa94-04c1-424b-9868-57a2d4851a1d" relativeResultsDirectory="4ed852d7-5b88-47db-a15d-92a69fcf4d54" />
    <UnitTestResult executionId="25ff935b-1552-4c4e-a118-7e3872c5dd46" testId="d10b06d8-0895-1428-c17e-78808c336ae2" testName="EventIdListTest_EventSource_External" computerName="DKSR-EFI-04" duration="00:00:00.0121533" startTime="2023-12-22T09:34:40.6315876+01:00" endTime="2023-12-22T09:34:40.6472126+01:00" testType="13cdc9d9-ddb5-4fa4-a97d-d965ccfc6d4b" outcome="Passed" testListId="8c84fa94-04c1-424b-9868-57a2d4851a1d" relativeResultsDirectory="25ff935b-1552-4c4e-a118-7e3872c5dd46" />
    <UnitTestResult executionId="de4a9b7e-1ca4-4b9b-afb9-8116e3f3ca26" testId="b2f65640-e1e7-8728-bb17-6625b8d8266f" testName="TestGetElementWithInsufficientRights" computerName="DKSR-EFI-04" duration="00:00:00.0056141" startTime="2023-12-22T09:34:36.1784413+01:00" endTime="2023-12-22T09:34:36.1784413+01:00" testType="13cdc9d9-ddb5-4fa4-a97d-d965ccfc6d4b" outcome="Passed" testListId="8c84fa94-04c1-424b-9868-57a2d4851a1d" relativeResultsDirectory="de4a9b7e-1ca4-4b9b-afb9-8116e3f3ca26" />
    <UnitTestResult executionId="1e7b3b8f-30a4-4f15-8325-adb08547609b" testId="ef9e8ef1-7480-4948-d154-095198b2522f" testName="TestCreateObjectThrowingUnhandledException" computerName="DKSR-EFI-04" duration="00:00:00.0085269" startTime="2023-12-22T09:34:30.2096597+01:00" endTime="2023-12-22T09:34:30.2252838+01:00" testType="13cdc9d9-ddb5-4fa4-a97d-d965ccfc6d4b" outcome="Passed" testListId="8c84fa94-04c1-424b-9868-57a2d4851a1d" relativeResultsDirectory="1e7b3b8f-30a4-4f15-8325-adb08547609b" />
    <UnitTestResult executionId="a18ee940-39d5-4562-90a3-ea782a4439a9" testId="4d767f69-14db-faeb-9548-4009b01122ee" testName="ShouldSave_ShouldBeTrue_IfAccessControlRetentionHasBeenUpdated" computerName="DKSR-EFI-04" duration="00:00:00.0025206" startTime="2023-12-22T09:34:41.0534652+01:00" endTime="2023-12-22T09:34:41.0534652+01:00" testType="13cdc9d9-ddb5-4fa4-a97d-d965ccfc6d4b" outcome="Passed" testListId="8c84fa94-04c1-424b-9868-57a2d4851a1d" relativeResultsDirectory="a18ee940-39d5-4562-90a3-ea782a4439a9" />
    <UnitTestResult executionId="9d308e92-01a6-4bd4-b11b-fa877d605422" testId="13f6bcf6-e02b-f78e-142f-d69b6d63f0af" testName="TestGetStatusWithInvalidId" computerName="DKSR-EFI-04" duration="00:00:00.0072282" startTime="2023-12-22T09:34:34.1784303+01:00" endTime="2023-12-22T09:34:34.1784303+01:00" testType="13cdc9d9-ddb5-4fa4-a97d-d965ccfc6d4b" outcome="Passed" testListId="8c84fa94-04c1-424b-9868-57a2d4851a1d" relativeResultsDirectory="9d308e92-01a6-4bd4-b11b-fa877d605422" />
    <UnitTestResult executionId="d9c1506d-542e-42d5-9d86-e367d8dda14f" testId="75a586e0-0d79-2a07-0fde-9e8a5096a078" testName="Handle_ShouldFlattenValuesBasedOnPriorityIntAndPriorityValue_WhenValuesDoNotIncludeValidPriorityNameValues" computerName="DKSR-EFI-04" duration="00:00:00.0009054" startTime="2023-12-22T09:34:43.9753560+01:00" endTime="2023-12-22T09:34:43.9909800+01:00" testType="13cdc9d9-ddb5-4fa4-a97d-d965ccfc6d4b" outcome="Passed" testListId="8c84fa94-04c1-424b-9868-57a2d4851a1d" relativeResultsDirectory="d9c1506d-542e-42d5-9d86-e367d8dda14f" />
    <UnitTestResult executionId="607f785b-6446-4a07-b95f-c6134d34d9b2" testId="6ac0cf3c-db4c-fde0-6a5a-d4869aa3cb65" testName="TestUpdateElementBoundsWithOldTimestampAndForce" computerName="DKSR-EFI-04" duration="00:00:00.0041658" startTime="2023-12-22T09:34:35.2253117+01:00" endTime="2023-12-22T09:34:35.2253117+01:00" testType="13cdc9d9-ddb5-4fa4-a97d-d965ccfc6d4b" outcome="Passed" testListId="8c84fa94-04c1-424b-9868-57a2d4851a1d" relativeResultsDirectory="607f785b-6446-4a07-b95f-c6134d34d9b2" />
    <UnitTestResult executionId="377ac1c1-0718-44d6-b590-77bc74c8a653" testId="0bd63037-6495-244e-9bba-5411f4925f62" testName="TestGetPlugInsThrowingUnhandledException" computerName="DKSR-EFI-04" duration="00:00:00.0033298" startTime="2023-12-22T09:34:31.1471646+01:00" endTime="2023-12-22T09:34:31.1627890+01:00" testType="13cdc9d9-ddb5-4fa4-a97d-d965ccfc6d4b" outcome="Passed" testListId="8c84fa94-04c1-424b-9868-57a2d4851a1d" relativeResultsDirectory="377ac1c1-0718-44d6-b590-77bc74c8a653" />
    <UnitTestResult executionId="93171971-9a1a-40bc-9da6-b40250a9575d" testId="4b4d29b9-1f01-6004-91ad-6a8c4e6e9223" testName="TestItemUpdated" computerName="DKSR-EFI-04" duration="00:00:00.0035745" startTime="2023-12-22T09:34:33.7253032+01:00" endTime="2023-12-22T09:34:33.7409285+01:00" testType="13cdc9d9-ddb5-4fa4-a97d-d965ccfc6d4b" outcome="Passed" testListId="8c84fa94-04c1-424b-9868-57a2d4851a1d" relativeResultsDirectory="93171971-9a1a-40bc-9da6-b40250a9575d" />
    <UnitTestResult executionId="9370d7b4-eb68-4e90-ae81-4a41b4512211" testId="ac4537e1-9bda-803f-f98e-b8a7b0cac0f9" testName="TestGetStatusDetailNotAuthenticated" computerName="DKSR-EFI-04" duration="00:00:00.0015157" startTime="2023-12-22T09:34:28.0690228+01:00" endTime="2023-12-22T09:34:28.0690228+01:00" testType="13cdc9d9-ddb5-4fa4-a97d-d965ccfc6d4b" outcome="Passed" testListId="8c84fa94-04c1-424b-9868-57a2d4851a1d" relativeResultsDirectory="9370d7b4-eb68-4e90-ae81-4a41b4512211" />
    <UnitTestResult executionId="23d8eea3-1041-44c5-a7d6-cb87abe1fde2" testId="0e5a3475-da9b-1e91-d7bb-1eef45e61a92" testName="TestCreateObjectWithValidParameters" computerName="DKSR-EFI-04" duration="00:00:00.0044979" startTime="2023-12-22T09:34:30.8502891+01:00" endTime="2023-12-22T09:34:30.8502891+01:00" testType="13cdc9d9-ddb5-4fa4-a97d-d965ccfc6d4b" outcome="Passed" testListId="8c84fa94-04c1-424b-9868-57a2d4851a1d" relativeResultsDirectory="23d8eea3-1041-44c5-a7d6-cb87abe1fde2" />
    <UnitTestResult executionId="cccddaea-b631-45aa-a99b-224f16b56314" testId="c1cddf05-4632-237c-35db-74e00d98f1cb" testName="TestInitalizationWithSameTypeGuid" computerName="DKSR-EFI-04" duration="00:00:00.0047218" startTime="2023-12-22T09:34:32.6315478+01:00" endTime="2023-12-22T09:34:32.6315478+01:00" testType="13cdc9d9-ddb5-4fa4-a97d-d965ccfc6d4b" outcome="Passed" testListId="8c84fa94-04c1-424b-9868-57a2d4851a1d" relativeResultsDirectory="cccddaea-b631-45aa-a99b-224f16b56314" />
    <UnitTestResult executionId="d44c66d6-91f5-4655-8a2e-75cb2a6e0086" testId="41ea29e9-e58b-d255-001e-9f1b744018a3" testName="TestLoadConfigurationWithValidIdOwnerIdAndRelationId" computerName="DKSR-EFI-04" duration="00:00:00.0056427" startTime="2023-12-22T09:34:33.9909289+01:00" endTime="2023-12-22T09:34:33.9909289+01:00" testType="13cdc9d9-ddb5-4fa4-a97d-d965ccfc6d4b" outcome="Passed" testListId="8c84fa94-04c1-424b-9868-57a2d4851a1d" relativeResultsDirectory="d44c66d6-91f5-4655-8a2e-75cb2a6e0086" />
    <UnitTestResult executionId="847ebb1d-c873-4f62-9b0f-d683ec2eb37a" testId="961f3a6b-5492-f819-b01a-01bbcf7801ae" testName="EventConverter_ParseMetadata_Metadata_Null" computerName="DKSR-EFI-04" duration="00:00:00.0006320" startTime="2023-12-22T09:34:39.3034571+01:00" endTime="2023-12-22T09:34:39.3034571+01:00" testType="13cdc9d9-ddb5-4fa4-a97d-d965ccfc6d4b" outcome="Passed" testListId="8c84fa94-04c1-424b-9868-57a2d4851a1d" relativeResultsDirectory="847ebb1d-c873-4f62-9b0f-d683ec2eb37a" />
    <UnitTestResult executionId="5c2cd976-3dc3-46f7-b20e-5b4df48fab08" testId="ab9fb49f-5b84-1d00-eb5f-054ce88b0664" testName="TestGetIconWithKnownIcon" computerName="DKSR-EFI-04" duration="00:00:00.0024884" startTime="2023-12-22T09:34:33.7409285+01:00" endTime="2023-12-22T09:34:33.7565542+01:00" testType="13cdc9d9-ddb5-4fa4-a97d-d965ccfc6d4b" outcome="Passed" testListId="8c84fa94-04c1-424b-9868-57a2d4851a1d" relativeResultsDirectory="5c2cd976-3dc3-46f7-b20e-5b4df48fab08" />
    <UnitTestResult executionId="6a72e88e-dbad-44dc-b4e3-d9d21e34887c" testId="d70987a7-ad0e-7dc7-a5e7-ae54c7805c43" testName="TestRemoveElementAndChildElementsWithNonExistingId" computerName="DKSR-EFI-04" duration="00:00:00.0010380" startTime="2023-12-22T09:34:36.8659460+01:00" endTime="2023-12-22T09:34:36.8659460+01:00" testType="13cdc9d9-ddb5-4fa4-a97d-d965ccfc6d4b" outcome="Passed" testListId="8c84fa94-04c1-424b-9868-57a2d4851a1d" relativeResultsDirectory="6a72e88e-dbad-44dc-b4e3-d9d21e34887c" />
    <UnitTestResult executionId="45404e90-9941-4530-bbdc-5cfb9404f4ae" testId="d828d57e-dac5-14b8-f7e8-fd33cc936f80" testName="TestValidateWithIncorrectUserTypeWindowsGroup" computerName="DKSR-EFI-04" duration="00:00:00.0011250" startTime="2023-12-22T09:34:21.9752448+01:00" endTime="2023-12-22T09:34:21.9752448+01:00" testType="13cdc9d9-ddb5-4fa4-a97d-d965ccfc6d4b" outcome="Passed" testListId="8c84fa94-04c1-424b-9868-57a2d4851a1d" relativeResultsDirectory="45404e90-9941-4530-bbdc-5cfb9404f4ae" />
    <UnitTestResult executionId="b3fff4c9-a573-4bed-8da7-3eeb3c459e59" testId="d1937577-6d87-7b55-fb65-0910bffe4dc1" testName="TestCopyConstructor" computerName="DKSR-EFI-04" duration="00:00:00.0014405" startTime="2023-12-22T09:34:37.5065726+01:00" endTime="2023-12-22T09:34:37.5065726+01:00" testType="13cdc9d9-ddb5-4fa4-a97d-d965ccfc6d4b" outcome="Passed" testListId="8c84fa94-04c1-424b-9868-57a2d4851a1d" relativeResultsDirectory="b3fff4c9-a573-4bed-8da7-3eeb3c459e59" />
    <UnitTestResult executionId="0e258749-1ae4-4dac-85b3-7da50c68db8d" testId="f4902f5e-9e3d-9666-eb94-cb4e3db91fc8" testName="TestGetXMLWithNullValues" computerName="DKSR-EFI-04" duration="00:00:00.0070975" startTime="2023-12-22T09:34:38.2565772+01:00" endTime="2023-12-22T09:34:38.2722016+01:00" testType="13cdc9d9-ddb5-4fa4-a97d-d965ccfc6d4b" outcome="Passed" testListId="8c84fa94-04c1-424b-9868-57a2d4851a1d" relativeResultsDirectory="0e258749-1ae4-4dac-85b3-7da50c68db8d" />
    <UnitTestResult executionId="1447f855-5033-4233-9e13-426193f988da" testId="2de2b216-5da4-7093-b904-66ecc02ddb52" testName="TestRuleSystemCommandPipeActionGet" computerName="DKSR-EFI-04" duration="00:00:00.0012905" startTime="2023-12-22T09:34:38.6315785+01:00" endTime="2023-12-22T09:34:38.6315785+01:00" testType="13cdc9d9-ddb5-4fa4-a97d-d965ccfc6d4b" outcome="Passed" testListId="8c84fa94-04c1-424b-9868-57a2d4851a1d" relativeResultsDirectory="1447f855-5033-4233-9e13-426193f988da" />
    <UnitTestResult executionId="f4d6ea78-cf5a-411a-8b66-d33f354f8299" testId="408c5984-2662-7b6b-ccb1-f1fe51f4357c" testName="TestObjectTypesGuid" computerName="DKSR-EFI-04" duration="00:00:00.0009117" startTime="2023-12-22T09:34:38.0847010+01:00" endTime="2023-12-22T09:34:38.0847010+01:00" testType="13cdc9d9-ddb5-4fa4-a97d-d965ccfc6d4b" outcome="Passed" testListId="8c84fa94-04c1-424b-9868-57a2d4851a1d" relativeResultsDirectory="f4d6ea78-cf5a-411a-8b66-d33f354f8299" />
    <UnitTestResult executionId="a6b3ddee-64f1-430f-bf7e-6f1ee3ba9e52" testId="8ac56230-1974-cdfe-6a70-2981d4993d59" testName="TestLoadXMLWithNoValue" computerName="DKSR-EFI-04" duration="00:00:00.0010008" startTime="2023-12-22T09:34:37.2721958+01:00" endTime="2023-12-22T09:34:37.2721958+01:00" testType="13cdc9d9-ddb5-4fa4-a97d-d965ccfc6d4b" outcome="Passed" testListId="8c84fa94-04c1-424b-9868-57a2d4851a1d" relativeResultsDirectory="a6b3ddee-64f1-430f-bf7e-6f1ee3ba9e52" />
    <UnitTestResult executionId="8f69ca14-496f-4489-bf14-979a34382584" testId="b4d58491-e9cb-e66c-e25b-083a1222939f" testName="TestGetAllObjectsOfTypeWithInvalidUser" computerName="DKSR-EFI-04" duration="00:00:00.0025065" startTime="2023-12-22T09:34:30.3346607+01:00" endTime="2023-12-22T09:34:30.3346607+01:00" testType="13cdc9d9-ddb5-4fa4-a97d-d965ccfc6d4b" outcome="Passed" testListId="8c84fa94-04c1-424b-9868-57a2d4851a1d" relativeResultsDirectory="8f69ca14-496f-4489-bf14-979a34382584" />
    <UnitTestResult executionId="b3994d44-e521-4202-9187-d880c50cdc3b" testId="8e643550-5c8a-fe3c-9540-1a420ec44dc1" testName="WebServiceCommandBaseTest_UserAndParameterValidation_Success" computerName="DKSR-EFI-04" duration="00:00:00.0009238" startTime="2023-12-22T09:34:38.9909548+01:00" endTime="2023-12-22T09:34:38.9909548+01:00" testType="13cdc9d9-ddb5-4fa4-a97d-d965ccfc6d4b" outcome="Passed" testListId="8c84fa94-04c1-424b-9868-57a2d4851a1d" relativeResultsDirectory="b3994d44-e521-4202-9187-d880c50cdc3b" />
    <UnitTestResult executionId="29cbe2d8-f0ea-41b8-aaae-45b8dd7a8de2" testId="d5fe72e7-e784-de85-7327-74e3ed545624" testName="CleanupThread_ChecksIfStatusItemHasBeenCleared" computerName="DKSR-EFI-04" duration="00:00:02.2156144" startTime="2023-12-22T09:34:24.5690058+01:00" endTime="2023-12-22T09:34:26.7877678+01:00" testType="13cdc9d9-ddb5-4fa4-a97d-d965ccfc6d4b" outcome="Passed" testListId="8c84fa94-04c1-424b-9868-57a2d4851a1d" relativeResultsDirectory="29cbe2d8-f0ea-41b8-aaae-45b8dd7a8de2" />
    <UnitTestResult executionId="7612518b-8d03-4fd0-b82e-1bee6b5061fa" testId="77fc74ab-0dd5-c397-d0ed-5574632f3696" testName="TestGetIconWithUnknownIcon" computerName="DKSR-EFI-04" duration="00:00:00.0012029" startTime="2023-12-22T09:34:33.5690505+01:00" endTime="2023-12-22T09:34:33.5690505+01:00" testType="13cdc9d9-ddb5-4fa4-a97d-d965ccfc6d4b" outcome="Passed" testListId="8c84fa94-04c1-424b-9868-57a2d4851a1d" relativeResultsDirectory="7612518b-8d03-4fd0-b82e-1bee6b5061fa" />
    <UnitTestResult executionId="4b973607-4091-4c07-991b-fc140c6b95eb" testId="f586fca5-268f-ad39-85af-69b3179442b1" testName="GetAllObjectIDsOnVisualElement_WithValidParameters" computerName="DKSR-EFI-04" duration="00:00:00.0445909" startTime="2023-12-22T09:34:30.3815348+01:00" endTime="2023-12-22T09:34:30.4284109+01:00" testType="13cdc9d9-ddb5-4fa4-a97d-d965ccfc6d4b" outcome="Passed" testListId="8c84fa94-04c1-424b-9868-57a2d4851a1d" relativeResultsDirectory="4b973607-4091-4c07-991b-fc140c6b95eb" />
    <UnitTestResult executionId="5d21a108-729f-428d-a9d1-734863a87ffa" testId="5eb5fc76-03b2-62e8-8227-9882898ba5dd" testName="FetchCache_ShouldNotDoAnything_IfUserIsNotWindowsUserOrBasicUser" computerName="DKSR-EFI-04" duration="00:00:00.2535404" startTime="2023-12-22T09:34:22.7564989+01:00" endTime="2023-12-22T09:34:23.0064996+01:00" testType="13cdc9d9-ddb5-4fa4-a97d-d965ccfc6d4b" outcome="Passed" testListId="8c84fa94-04c1-424b-9868-57a2d4851a1d" relativeResultsDirectory="5d21a108-729f-428d-a9d1-734863a87ffa" />
    <UnitTestResult executionId="b9111acf-b7d2-4fb5-8fe5-212c8ac9ad14" testId="22e094aa-8588-2993-1ed3-ae0f3e830978" testName="Constructor_ShouldRaiseArgumentNullException_WhenKeyManagerIsNull" computerName="DKSR-EFI-04" duration="00:00:00.0034450" startTime="2023-12-22T09:34:39.9909589+01:00" endTime="2023-12-22T09:34:39.9909589+01:00" testType="13cdc9d9-ddb5-4fa4-a97d-d965ccfc6d4b" outcome="Passed" testListId="8c84fa94-04c1-424b-9868-57a2d4851a1d" relativeResultsDirectory="b9111acf-b7d2-4fb5-8fe5-212c8ac9ad14" />
    <UnitTestResult executionId="2f8e38d9-e137-46a7-8eb6-e69cd35f08f5" testId="7d6993e3-5332-2d72-c5fa-04a2e45df77a" testName="TestInitalization" computerName="DKSR-EFI-04" duration="00:00:00.0484677" startTime="2023-12-22T09:34:32.5846708+01:00" endTime="2023-12-22T09:34:32.6315478+01:00" testType="13cdc9d9-ddb5-4fa4-a97d-d965ccfc6d4b" outcome="Passed" testListId="8c84fa94-04c1-424b-9868-57a2d4851a1d" relativeResultsDirectory="2f8e38d9-e137-46a7-8eb6-e69cd35f08f5" />
    <UnitTestResult executionId="d06d0f4e-1751-4a6f-9442-47337e558e83" testId="46b4ecf5-05d0-f8e3-bf13-32dcd4106e16" testName="TestGetStatusForAllObjectsWithComplexCyclicMaps" computerName="DKSR-EFI-04" duration="00:00:00.0356152" startTime="2023-12-22T09:34:34.9909325+01:00" endTime="2023-12-22T09:34:35.0378101+01:00" testType="13cdc9d9-ddb5-4fa4-a97d-d965ccfc6d4b" outcome="Passed" testListId="8c84fa94-04c1-424b-9868-57a2d4851a1d" relativeResultsDirectory="d06d0f4e-1751-4a6f-9442-47337e558e83" />
    <UnitTestResult executionId="90eb643f-f916-4ef5-b0c9-66278ff01b9c" testId="b7c6a131-0ef5-a67f-8e6a-8d4104bd9338" testName="TestGetStatusDetailsWithNullValues" computerName="DKSR-EFI-04" duration="00:00:00.0052318" startTime="2023-12-22T09:34:37.4909473+01:00" endTime="2023-12-22T09:34:37.5065726+01:00" testType="13cdc9d9-ddb5-4fa4-a97d-d965ccfc6d4b" outcome="Passed" testListId="8c84fa94-04c1-424b-9868-57a2d4851a1d" relativeResultsDirectory="90eb643f-f916-4ef5-b0c9-66278ff01b9c" />
    <UnitTestResult executionId="82448121-c5bb-4fff-827d-a7f80da66c1a" testId="a8fd67e6-c2f7-59ce-5a9b-76c86da6af8a" testName="TestGetVisualization" computerName="DKSR-EFI-04" duration="00:00:00.0033216" startTime="2023-12-22T09:34:28.9440275+01:00" endTime="2023-12-22T09:34:28.9440275+01:00" testType="13cdc9d9-ddb5-4fa4-a97d-d965ccfc6d4b" outcome="Passed" testListId="8c84fa94-04c1-424b-9868-57a2d4851a1d" relativeResultsDirectory="82448121-c5bb-4fff-827d-a7f80da66c1a" />
    <UnitTestResult executionId="bee54a51-6a21-42c6-8847-92a74785f946" testId="9989838e-3058-c1a6-8440-9d0a7fb211f2" testName="Handle_ShouldFlattenPriorityValue_WhenValuesIncludePriorityName" computerName="DKSR-EFI-04" duration="00:00:00.0010645" startTime="2023-12-22T09:34:43.9597321+01:00" endTime="2023-12-22T09:34:43.9597321+01:00" testType="13cdc9d9-ddb5-4fa4-a97d-d965ccfc6d4b" outcome="Passed" testListId="8c84fa94-04c1-424b-9868-57a2d4851a1d" relativeResultsDirectory="bee54a51-6a21-42c6-8847-92a74785f946" />
    <UnitTestResult executionId="e25f80f0-85fd-42de-a158-0bc826598767" testId="c700525e-3442-c96d-4b95-bb78207a074f" testName="TestOneACSystemPLDisabled" computerName="DKSR-EFI-04" duration="00:00:00.0016520" startTime="2023-12-22T09:34:39.7409606+01:00" endTime="2023-12-22T09:34:39.7409606+01:00" testType="13cdc9d9-ddb5-4fa4-a97d-d965ccfc6d4b" outcome="Passed" testListId="8c84fa94-04c1-424b-9868-57a2d4851a1d" relativeResultsDirectory="e25f80f0-85fd-42de-a158-0bc826598767" />
    <UnitTestResult executionId="f9dcd0c4-9c83-4c75-abc3-401270e56379" testId="ce816c85-ab51-0332-5579-1d1ad8a9b051" testName="CreateInstanceReturnsTypeObjectIdEventWhenInvokedForUserDefinedOrGenericEvents" computerName="DKSR-EFI-04" duration="00:00:00.0203339" startTime="2023-12-22T09:34:40.9440908+01:00" endTime="2023-12-22T09:34:40.9753420+01:00" testType="13cdc9d9-ddb5-4fa4-a97d-d965ccfc6d4b" outcome="Passed" testListId="8c84fa94-04c1-424b-9868-57a2d4851a1d" relativeResultsDirectory="f9dcd0c4-9c83-4c75-abc3-401270e56379" />
    <UnitTestResult executionId="9ef267f4-7aa2-4173-b713-31d603daad1e" testId="677471e8-3482-3d4a-74a6-b878d5f6513b" testName="StartStopTest" computerName="DKSR-EFI-04" duration="00:00:00.0060820" startTime="2023-12-22T09:34:40.4597112+01:00" endTime="2023-12-22T09:34:40.4597112+01:00" testType="13cdc9d9-ddb5-4fa4-a97d-d965ccfc6d4b" outcome="Passed" testListId="8c84fa94-04c1-424b-9868-57a2d4851a1d" relativeResultsDirectory="9ef267f4-7aa2-4173-b713-31d603daad1e" />
    <UnitTestResult executionId="34a600b1-2f5c-429a-bc40-2d0e6faca5e6" testId="afe764cc-6fe5-f186-9934-0dcec682f3a1" testName="GetObject_WithValidParameters" computerName="DKSR-EFI-04" duration="00:00:00.0042050" startTime="2023-12-22T09:34:30.3034087+01:00" endTime="2023-12-22T09:34:30.3034087+01:00" testType="13cdc9d9-ddb5-4fa4-a97d-d965ccfc6d4b" outcome="Passed" testListId="8c84fa94-04c1-424b-9868-57a2d4851a1d" relativeResultsDirectory="34a600b1-2f5c-429a-bc40-2d0e6faca5e6" />
    <UnitTestResult executionId="6c70f834-f297-4f3e-a022-88d5ead4aed0" testId="96470e3a-44b2-f7ef-4c24-c92303ca0636" testName="EventConverter_ConvertBaseItemToBaseEvent_TriggerEvent_Null" computerName="DKSR-EFI-04" duration="00:00:00.0007829" startTime="2023-12-22T09:34:39.2409545+01:00" endTime="2023-12-22T09:34:39.2409545+01:00" testType="13cdc9d9-ddb5-4fa4-a97d-d965ccfc6d4b" outcome="Passed" testListId="8c84fa94-04c1-424b-9868-57a2d4851a1d" relativeResultsDirectory="6c70f834-f297-4f3e-a022-88d5ead4aed0" />
    <UnitTestResult executionId="172f9f19-d016-4a58-bc52-78d040b1f0e8" testId="d79f44b2-f93c-761f-f728-c4580e0cf038" testName="TestUpdateElementWithTwoCyclicRelationsWithSameParent" computerName="DKSR-EFI-04" duration="00:00:00.0200379" startTime="2023-12-22T09:34:35.3190611+01:00" endTime="2023-12-22T09:34:35.3503104+01:00" testType="13cdc9d9-ddb5-4fa4-a97d-d965ccfc6d4b" outcome="Passed" testListId="8c84fa94-04c1-424b-9868-57a2d4851a1d" relativeResultsDirectory="172f9f19-d016-4a58-bc52-78d040b1f0e8" />
    <UnitTestResult executionId="07395213-38d0-4299-a35e-eb94876b186f" testId="66f3930e-4a99-6dd9-2352-c6adcfee11cc" testName="TestUpdateElementWithNonExistingVisualOwnerId" computerName="DKSR-EFI-04" duration="00:00:00.0043448" startTime="2023-12-22T09:34:35.9284366+01:00" endTime="2023-12-22T09:34:35.9440648+01:00" testType="13cdc9d9-ddb5-4fa4-a97d-d965ccfc6d4b" outcome="Passed" testListId="8c84fa94-04c1-424b-9868-57a2d4851a1d" relativeResultsDirectory="07395213-38d0-4299-a35e-eb94876b186f" />
    <UnitTestResult executionId="662f3baa-3ba7-492c-b12a-f546ec545dc2" testId="b1fa9f6b-c8c9-1cc6-ecfe-6037d381d3e9" testName="TestCopyConstructor" computerName="DKSR-EFI-04" duration="00:00:00.0012911" startTime="2023-12-22T09:34:37.5534477+01:00" endTime="2023-12-22T09:34:37.5690728+01:00" testType="13cdc9d9-ddb5-4fa4-a97d-d965ccfc6d4b" outcome="Passed" testListId="8c84fa94-04c1-424b-9868-57a2d4851a1d" relativeResultsDirectory="662f3baa-3ba7-492c-b12a-f546ec545dc2" />
    <UnitTestResult executionId="e6c3a3d5-47ab-4b2a-9736-6c57dc580bac" testId="a0a872b1-f051-b8aa-b24b-b9eca47e8aa0" testName="TestInitialize" computerName="DKSR-EFI-04" duration="00:00:00.0082999" startTime="2023-12-22T09:34:33.6471762+01:00" endTime="2023-12-22T09:34:33.6471762+01:00" testType="13cdc9d9-ddb5-4fa4-a97d-d965ccfc6d4b" outcome="Passed" testListId="8c84fa94-04c1-424b-9868-57a2d4851a1d" relativeResultsDirectory="e6c3a3d5-47ab-4b2a-9736-6c57dc580bac" />
    <UnitTestResult executionId="28cece9b-5f74-4fb9-b9f0-c5042485352f" testId="65cd34d4-2620-d256-d48f-f7a1f4b0ff4c" testName="TestGetVisualizationChangesThrowingUnhandledException" computerName="DKSR-EFI-04" duration="00:00:00.0030753" startTime="2023-12-22T09:34:29.3815305+01:00" endTime="2023-12-22T09:34:29.3815305+01:00" testType="13cdc9d9-ddb5-4fa4-a97d-d965ccfc6d4b" outcome="Passed" testListId="8c84fa94-04c1-424b-9868-57a2d4851a1d" relativeResultsDirectory="28cece9b-5f74-4fb9-b9f0-c5042485352f" />
    <UnitTestResult executionId="c6f90be3-1fb9-42d3-afdc-a0caf5487b23" testId="6f76e60a-96ae-1036-bb5e-9caebe81c35a" testName="SetAllEventRetentions_ShouldAuditLogChangedToFollowGroup_WhenEventTypeRetentionIsRemoved" computerName="DKSR-EFI-04" duration="00:00:00.0105057" startTime="2023-12-22T09:34:41.1628412+01:00" endTime="2023-12-22T09:34:41.1784667+01:00" testType="13cdc9d9-ddb5-4fa4-a97d-d965ccfc6d4b" outcome="Passed" testListId="8c84fa94-04c1-424b-9868-57a2d4851a1d" relativeResultsDirectory="c6f90be3-1fb9-42d3-afdc-a0caf5487b23" />
    <UnitTestResult executionId="5ca8bb6e-2268-44a9-9ffd-0a8a964a8dd2" testId="8a14e7a5-8569-78a0-5b3f-b4c1b0eddaa7" testName="TestGetSnapshotsInvalidToken" computerName="DKSR-EFI-04" duration="00:00:00.0045825" startTime="2023-12-22T09:34:32.2565455+01:00" endTime="2023-12-22T09:34:32.2565455+01:00" testType="13cdc9d9-ddb5-4fa4-a97d-d965ccfc6d4b" outcome="Passed" testListId="8c84fa94-04c1-424b-9868-57a2d4851a1d" relativeResultsDirectory="5ca8bb6e-2268-44a9-9ffd-0a8a964a8dd2" />
    <UnitTestResult executionId="1911e361-2ad3-4c27-90a5-91715c39289d" testId="f897ee6f-f339-b33f-9c9f-c0685c6da51b" testName="TestGetPlugInsNotAuthenticated" computerName="DKSR-EFI-04" duration="00:00:00.0015539" startTime="2023-12-22T09:34:31.1471646+01:00" endTime="2023-12-22T09:34:31.1471646+01:00" testType="13cdc9d9-ddb5-4fa4-a97d-d965ccfc6d4b" outcome="Passed" testListId="8c84fa94-04c1-424b-9868-57a2d4851a1d" relativeResultsDirectory="1911e361-2ad3-4c27-90a5-91715c39289d" />
    <UnitTestResult executionId="547082a4-479f-40e7-b102-fda450b5f6db" testId="434456dd-83b8-b9ef-a9e7-a51b85b3e467" testName="TestGetXMLWithNullVariables" computerName="DKSR-EFI-04" duration="00:00:00.0002262" startTime="2023-12-22T09:34:38.0690755+01:00" endTime="2023-12-22T09:34:38.0690755+01:00" testType="13cdc9d9-ddb5-4fa4-a97d-d965ccfc6d4b" outcome="Passed" testListId="8c84fa94-04c1-424b-9868-57a2d4851a1d" relativeResultsDirectory="547082a4-479f-40e7-b102-fda450b5f6db" />
    <UnitTestResult executionId="7ee268f3-c1d6-41db-84e3-ccbd192a5d9d" testId="fe177b54-6a76-7409-52b8-05c4ba65e365" testName="TestGetPlugInItemsAccessControl" computerName="DKSR-EFI-04" duration="00:00:00.2040554" startTime="2023-12-22T09:34:33.1159246+01:00" endTime="2023-12-22T09:34:33.3190505+01:00" testType="13cdc9d9-ddb5-4fa4-a97d-d965ccfc6d4b" outcome="Passed" testListId="8c84fa94-04c1-424b-9868-57a2d4851a1d" relativeResultsDirectory="7ee268f3-c1d6-41db-84e3-ccbd192a5d9d" />
    <UnitTestResult executionId="940dcf43-689a-47bf-8582-a6929487fcf7" testId="4a671305-16eb-1a33-0901-7ab1c0bdf4b2" testName="GetSourcesTest" computerName="DKSR-EFI-04" duration="00:00:00.0378013" startTime="2023-12-22T09:34:40.4753388+01:00" endTime="2023-12-22T09:34:40.5065872+01:00" testType="13cdc9d9-ddb5-4fa4-a97d-d965ccfc6d4b" outcome="Passed" testListId="8c84fa94-04c1-424b-9868-57a2d4851a1d" relativeResultsDirectory="940dcf43-689a-47bf-8582-a6929487fcf7" />
    <UnitTestResult executionId="bc411ba8-0ebf-4d03-bac0-38eb965beeb5" testId="7aeef144-cbb4-b589-7357-281963de7fc3" testName="TestCopyObject" computerName="DKSR-EFI-04" duration="00:00:00.0015343" startTime="2023-12-22T09:34:32.7722087+01:00" endTime="2023-12-22T09:34:32.7722087+01:00" testType="13cdc9d9-ddb5-4fa4-a97d-d965ccfc6d4b" outcome="Passed" testListId="8c84fa94-04c1-424b-9868-57a2d4851a1d" relativeResultsDirectory="bc411ba8-0ebf-4d03-bac0-38eb965beeb5" />
    <UnitTestResult executionId="382de9d7-adbd-42d4-b6d2-2f647c3a6686" testId="66ea99b5-4e3c-39a3-2be7-0a12fbeb60c9" testName="SetAllEventRetentions_ShouldAuditLog_WhenEventTypeRetentionIsChanged" computerName="DKSR-EFI-04" duration="00:00:00.0102800" startTime="2023-12-22T09:34:41.1628412+01:00" endTime="2023-12-22T09:34:41.1628412+01:00" testType="13cdc9d9-ddb5-4fa4-a97d-d965ccfc6d4b" outcome="Passed" testListId="8c84fa94-04c1-424b-9868-57a2d4851a1d" relativeResultsDirectory="382de9d7-adbd-42d4-b6d2-2f647c3a6686" />
    <UnitTestResult executionId="eb93d0be-7e7e-4a92-97c9-a720486ae347" testId="02d616ae-c78c-eff2-6768-d722c6db358e" testName="TestUpdateState" computerName="DKSR-EFI-04" duration="00:00:00.0079338" startTime="2023-12-22T09:34:37.5221977+01:00" endTime="2023-12-22T09:34:37.5378229+01:00" testType="13cdc9d9-ddb5-4fa4-a97d-d965ccfc6d4b" outcome="Passed" testListId="8c84fa94-04c1-424b-9868-57a2d4851a1d" relativeResultsDirectory="eb93d0be-7e7e-4a92-97c9-a720486ae347" />
    <UnitTestResult executionId="05b4da08-1c26-45ae-a469-192eb92f58ef" testId="66a04374-2e65-19d2-5d8a-f98f17197487" testName="TestNotAddingLargeItems" computerName="DKSR-EFI-04" duration="00:00:00.0026352" startTime="2023-12-22T09:34:27.4596442+01:00" endTime="2023-12-22T09:34:27.4596442+01:00" testType="13cdc9d9-ddb5-4fa4-a97d-d965ccfc6d4b" outcome="Passed" testListId="8c84fa94-04c1-424b-9868-57a2d4851a1d" relativeResultsDirectory="05b4da08-1c26-45ae-a469-192eb92f58ef" />
    <UnitTestResult executionId="6dcae871-af31-449c-a72b-24461a932f81" testId="be8abf47-2092-779c-6ec7-090c9691bc5e" testName="TestInsertElementsWithTwoElementsWithSameRelationIdButOnOnADifferentServer" computerName="DKSR-EFI-04" duration="00:00:00.0159628" startTime="2023-12-22T09:34:35.8971895+01:00" endTime="2023-12-22T09:34:35.9128153+01:00" testType="13cdc9d9-ddb5-4fa4-a97d-d965ccfc6d4b" outcome="Passed" testListId="8c84fa94-04c1-424b-9868-57a2d4851a1d" relativeResultsDirectory="6dcae871-af31-449c-a72b-24461a932f81" />
    <UnitTestResult executionId="e79e68e5-6e77-4bb5-a498-48be50a6022a" testId="0aff4d1c-2404-9d01-845c-f4092cbac346" testName="TestGetPlugInsWithInvalidUser" computerName="DKSR-EFI-04" duration="00:00:00.0023281" startTime="2023-12-22T09:34:31.8346674+01:00" endTime="2023-12-22T09:34:31.8346674+01:00" testType="13cdc9d9-ddb5-4fa4-a97d-d965ccfc6d4b" outcome="Passed" testListId="8c84fa94-04c1-424b-9868-57a2d4851a1d" relativeResultsDirectory="e79e68e5-6e77-4bb5-a498-48be50a6022a" />
    <UnitTestResult executionId="1ce05cb2-3157-4981-8b4f-541014510d66" testId="6cea7616-93f4-1d82-21a5-a08920114d81" testName="TestGetAllElementIDs" computerName="DKSR-EFI-04" duration="00:00:00.0107889" startTime="2023-12-22T09:34:36.2096920+01:00" endTime="2023-12-22T09:34:36.2253168+01:00" testType="13cdc9d9-ddb5-4fa4-a97d-d965ccfc6d4b" outcome="Passed" testListId="8c84fa94-04c1-424b-9868-57a2d4851a1d" relativeResultsDirectory="1ce05cb2-3157-4981-8b4f-541014510d66" />
    <UnitTestResult executionId="c94cfa32-bf96-4f21-8aa0-5c89f6bda61a" testId="4f23a621-f756-78e4-ef6d-3087baf6d1ca" testName="TestMultipleSessionsMultipleUserIdsMultipleAdds" computerName="DKSR-EFI-04" duration="00:00:00.0010667" startTime="2023-12-22T09:34:39.7097089+01:00" endTime="2023-12-22T09:34:39.7097089+01:00" testType="13cdc9d9-ddb5-4fa4-a97d-d965ccfc6d4b" outcome="Passed" testListId="8c84fa94-04c1-424b-9868-57a2d4851a1d" relativeResultsDirectory="c94cfa32-bf96-4f21-8aa0-5c89f6bda61a" />
    <UnitTestResult executionId="eb74ca8e-6428-46f3-8697-d48885e3ba20" testId="be97b11f-8dc8-1eaa-e222-f5f0d93061d2" testName="CreateObjects_WithValidParameters" computerName="DKSR-EFI-04" duration="00:00:00.0041378" startTime="2023-12-22T09:34:31.3346637+01:00" endTime="2023-12-22T09:34:31.3346637+01:00" testType="13cdc9d9-ddb5-4fa4-a97d-d965ccfc6d4b" outcome="Passed" testListId="8c84fa94-04c1-424b-9868-57a2d4851a1d" relativeResultsDirectory="eb74ca8e-6428-46f3-8697-d48885e3ba20" />
    <UnitTestResult executionId="a3408f18-2a32-4f61-85cb-4173ae111880" testId="648c3423-ff75-8cf6-1c0f-68238348b975" testName="TryGetEventGroupRetention_ShouldReturnFalse_WhenEventGroupDoesntExist" computerName="DKSR-EFI-04" duration="00:00:00.0018023" startTime="2023-12-22T09:34:41.0847170+01:00" endTime="2023-12-22T09:34:41.0847170+01:00" testType="13cdc9d9-ddb5-4fa4-a97d-d965ccfc6d4b" outcome="Passed" testListId="8c84fa94-04c1-424b-9868-57a2d4851a1d" relativeResultsDirectory="a3408f18-2a32-4f61-85cb-4173ae111880" />
    <UnitTestResult executionId="320300ab-0592-4c54-973e-7d127c557a17" testId="9fb80a7d-6c31-9fad-0ca5-8960fe35bc59" testName="Handle_ShouldFlattenStateValue_WhenValuesIncludeStateInt" computerName="DKSR-EFI-04" duration="00:00:00.0036094" startTime="2023-12-22T09:34:43.9441035+01:00" endTime="2023-12-22T09:34:43.9441035+01:00" testType="13cdc9d9-ddb5-4fa4-a97d-d965ccfc6d4b" outcome="Passed" testListId="8c84fa94-04c1-424b-9868-57a2d4851a1d" relativeResultsDirectory="320300ab-0592-4c54-973e-7d127c557a17" />
    <UnitTestResult executionId="b909c10f-441a-4c4f-97b6-3a46ef96c2ff" testId="6e1def5b-2f08-1a99-fdf0-0847a888dfa8" testName="TestLoadAndInitSingleACSystemConfiguration" computerName="DKSR-EFI-04" duration="00:00:00.2079290" startTime="2023-12-22T09:34:44.3659828+01:00" endTime="2023-12-22T09:34:44.5691100+01:00" testType="13cdc9d9-ddb5-4fa4-a97d-d965ccfc6d4b" outcome="Passed" testListId="8c84fa94-04c1-424b-9868-57a2d4851a1d" relativeResultsDirectory="b909c10f-441a-4c4f-97b6-3a46ef96c2ff" />
    <UnitTestResult executionId="117a86d7-89e2-4bdd-bf76-3f43514a67a4" testId="ac8b403c-ad95-1397-486c-57c0f405c26a" testName="TestConstructorWithVisualElementStorageDatabaseFactoryObjectsAndVisualElementWithObjects" computerName="DKSR-EFI-04" duration="00:00:00.0093589" startTime="2023-12-22T09:34:38.1784516+01:00" endTime="2023-12-22T09:34:38.1940773+01:00" testType="13cdc9d9-ddb5-4fa4-a97d-d965ccfc6d4b" outcome="Passed" testListId="8c84fa94-04c1-424b-9868-57a2d4851a1d" relativeResultsDirectory="117a86d7-89e2-4bdd-bf76-3f43514a67a4" />
    <UnitTestResult executionId="b5265152-7227-4133-add7-f6eb4fb3ed7a" testId="57fccb87-67ac-d6c7-5c1d-5dac0961ade9" testName="TestUpdateAlarmWithComment" computerName="DKSR-EFI-04" duration="00:00:00.0120647" startTime="2023-12-22T09:34:32.3971702+01:00" endTime="2023-12-22T09:34:32.4127960+01:00" testType="13cdc9d9-ddb5-4fa4-a97d-d965ccfc6d4b" outcome="Passed" testListId="8c84fa94-04c1-424b-9868-57a2d4851a1d" relativeResultsDirectory="b5265152-7227-4133-add7-f6eb4fb3ed7a" />
    <UnitTestResult executionId="6b05b204-7f99-423e-a725-e9bdabe0a8e1" testId="3a366738-caac-39a7-7092-6c7ae2aa3817" testName="TestCopyConstructorWithInvalidVisualOwnerID" computerName="DKSR-EFI-04" duration="00:00:00.0010742" startTime="2023-12-22T09:34:38.0222026+01:00" endTime="2023-12-22T09:34:38.0222026+01:00" testType="13cdc9d9-ddb5-4fa4-a97d-d965ccfc6d4b" outcome="Passed" testListId="8c84fa94-04c1-424b-9868-57a2d4851a1d" relativeResultsDirectory="6b05b204-7f99-423e-a725-e9bdabe0a8e1" />
    <UnitTestResult executionId="8bee3b3a-8942-4f81-8e72-80bf1af83c78" testId="fae32176-7d58-c1c8-1250-0a12f87fc49d" testName="TestOneACSystemPLUnsupported" computerName="DKSR-EFI-04" duration="00:00:00.0128778" startTime="2023-12-22T09:34:39.7253417+01:00" endTime="2023-12-22T09:34:39.7409606+01:00" testType="13cdc9d9-ddb5-4fa4-a97d-d965ccfc6d4b" outcome="Passed" testListId="8c84fa94-04c1-424b-9868-57a2d4851a1d" relativeResultsDirectory="8bee3b3a-8942-4f81-8e72-80bf1af83c78" />
    <UnitTestResult executionId="8272628e-8f53-410d-b82a-c12a6fc89872" testId="41bd2e7e-c1c9-b8f8-d4b6-2cb33358daae" testName="Constructor_ShouldThrowArgumentNullException_WhenAlarmDbManagerIsNull" computerName="DKSR-EFI-04" duration="00:00:00.0073096" startTime="2023-12-22T09:34:27.7721503+01:00" endTime="2023-12-22T09:34:27.7877740+01:00" testType="13cdc9d9-ddb5-4fa4-a97d-d965ccfc6d4b" outcome="Passed" testListId="8c84fa94-04c1-424b-9868-57a2d4851a1d" relativeResultsDirectory="8272628e-8f53-410d-b82a-c12a6fc89872" />
    <UnitTestResult executionId="7044f2dc-33db-4890-b4dc-dccd2af953a7" testId="b6d0d5a2-39a3-741c-8375-c98860dbcbd7" testName="TestCacheCleanupMultipleSessionsMultipleUserIdsTouch" computerName="DKSR-EFI-04" duration="00:00:00.0019717" startTime="2023-12-22T09:34:39.6784590+01:00" endTime="2023-12-22T09:34:39.6784590+01:00" testType="13cdc9d9-ddb5-4fa4-a97d-d965ccfc6d4b" outcome="Passed" testListId="8c84fa94-04c1-424b-9868-57a2d4851a1d" relativeResultsDirectory="7044f2dc-33db-4890-b4dc-dccd2af953a7" />
    <UnitTestResult executionId="4bf3d4b0-7469-49a6-9e43-d0f37ede1b01" testId="4fb72ccd-2bb5-ad9a-c6fb-27993d836d19" testName="TestConstructor" computerName="DKSR-EFI-04" duration="00:00:00.0262228" startTime="2023-12-22T09:34:28.7877773+01:00" endTime="2023-12-22T09:34:28.8034041+01:00" testType="13cdc9d9-ddb5-4fa4-a97d-d965ccfc6d4b" outcome="Passed" testListId="8c84fa94-04c1-424b-9868-57a2d4851a1d" relativeResultsDirectory="4bf3d4b0-7469-49a6-9e43-d0f37ede1b01" />
    <UnitTestResult executionId="5f218dc0-6fa3-4ea0-9e30-eaabf934cd87" testId="ed9936a7-f78a-b416-3502-5c02b5737ef7" testName="TestGetAllObjectIDsOnVisualElementWithValidParameters" computerName="DKSR-EFI-04" duration="00:00:00.0035927" startTime="2023-12-22T09:34:31.0846631+01:00" endTime="2023-12-22T09:34:31.0846631+01:00" testType="13cdc9d9-ddb5-4fa4-a97d-d965ccfc6d4b" outcome="Passed" testListId="8c84fa94-04c1-424b-9868-57a2d4851a1d" relativeResultsDirectory="5f218dc0-6fa3-4ea0-9e30-eaabf934cd87" />
    <UnitTestResult executionId="b6f29f1d-9caf-40b1-a2a8-327175e0a10d" testId="ecd41b4b-be5f-ac5a-522b-5bb4188712e6" testName="TestGetAllObjectsOfTypeWithValidParameters" computerName="DKSR-EFI-04" duration="00:00:00.0062741" startTime="2023-12-22T09:34:31.0221623+01:00" endTime="2023-12-22T09:34:31.0377898+01:00" testType="13cdc9d9-ddb5-4fa4-a97d-d965ccfc6d4b" outcome="Passed" testListId="8c84fa94-04c1-424b-9868-57a2d4851a1d" relativeResultsDirectory="b6f29f1d-9caf-40b1-a2a8-327175e0a10d" />
    <UnitTestResult executionId="a2584f39-2fe1-413b-9f11-f391e9edaaa4" testId="136df291-2cca-c439-fece-8b21662e26cf" testName="GetPlugInItems_WithValidParameters" computerName="DKSR-EFI-04" duration="00:00:00.0040477" startTime="2023-12-22T09:34:31.8502981+01:00" endTime="2023-12-22T09:34:31.8502981+01:00" testType="13cdc9d9-ddb5-4fa4-a97d-d965ccfc6d4b" outcome="Passed" testListId="8c84fa94-04c1-424b-9868-57a2d4851a1d" relativeResultsDirectory="a2584f39-2fe1-413b-9f11-f391e9edaaa4" />
    <UnitTestResult executionId="d4ae6e4c-1da6-4d53-8a50-a4f4986ede8f" testId="bd04b31f-0f79-1b23-444f-e9199a7cc79f" testName="TestUpdateElementsWithInvalidId" computerName="DKSR-EFI-04" duration="00:00:00.0068301" startTime="2023-12-22T09:34:36.0690659+01:00" endTime="2023-12-22T09:34:36.0690659+01:00" testType="13cdc9d9-ddb5-4fa4-a97d-d965ccfc6d4b" outcome="Passed" testListId="8c84fa94-04c1-424b-9868-57a2d4851a1d" relativeResultsDirectory="d4ae6e4c-1da6-4d53-8a50-a4f4986ede8f" />
    <UnitTestResult executionId="50824252-cf95-456c-9a7b-79618d70e249" testId="2a33e1cb-1ff1-082c-7d5a-6bfd3c89dce8" testName="TestGetTypeWithUnknownType" computerName="DKSR-EFI-04" duration="00:00:00.0001542" startTime="2023-12-22T09:34:32.6784210+01:00" endTime="2023-12-22T09:34:32.6784210+01:00" testType="13cdc9d9-ddb5-4fa4-a97d-d965ccfc6d4b" outcome="Passed" testListId="8c84fa94-04c1-424b-9868-57a2d4851a1d" relativeResultsDirectory="50824252-cf95-456c-9a7b-79618d70e249" />
    <UnitTestResult executionId="f5f41e65-047d-42cf-bba3-25d9963428f0" testId="fc0cc794-4fc9-7c17-588f-d7d9b4039cbc" testName="WebServiceCommandBaseTest_ValidateUserId" computerName="DKSR-EFI-04" duration="00:00:00.0038346" startTime="2023-12-22T09:34:38.9753303+01:00" endTime="2023-12-22T09:34:38.9753303+01:00" testType="13cdc9d9-ddb5-4fa4-a97d-d965ccfc6d4b" outcome="Passed" testListId="8c84fa94-04c1-424b-9868-57a2d4851a1d" relativeResultsDirectory="f5f41e65-047d-42cf-bba3-25d9963428f0" />
    <UnitTestResult executionId="3164794c-8e93-4934-96e8-4e0edcb04e04" testId="36d8e28b-ead9-631d-c956-91ee6e859e67" testName="ReloadPluginEventTypes_ShouldAddPluginEventTypes_WhenItemKindDoesNotExist" computerName="DKSR-EFI-04" duration="00:00:00.0915829" startTime="2023-12-22T09:34:42.8659763+01:00" endTime="2023-12-22T09:34:42.9597258+01:00" testType="13cdc9d9-ddb5-4fa4-a97d-d965ccfc6d4b" outcome="Passed" testListId="8c84fa94-04c1-424b-9868-57a2d4851a1d" relativeResultsDirectory="3164794c-8e93-4934-96e8-4e0edcb04e04" />
    <UnitTestResult executionId="133c60c5-74df-4df6-9445-da8164ad9e3e" testId="6fe16355-fcdd-f78f-181e-5b3c475aa782" testName="TestCreateObjectsThrowingUnhandledException" computerName="DKSR-EFI-04" duration="00:00:00.0027524" startTime="2023-12-22T09:34:31.3659146+01:00" endTime="2023-12-22T09:34:31.3659146+01:00" testType="13cdc9d9-ddb5-4fa4-a97d-d965ccfc6d4b" outcome="Passed" testListId="8c84fa94-04c1-424b-9868-57a2d4851a1d" relativeResultsDirectory="133c60c5-74df-4df6-9445-da8164ad9e3e" />
    <UnitTestResult executionId="ab508854-0a01-415d-87f5-4074484cb587" testId="102577c7-ae1c-a0a1-2ae5-60d42ad409f3" testName="CurrentStateToEvent_ReturnsCorrectEvent_OnCurrentState" computerName="DKSR-EFI-04" duration="00:00:00.0523773" startTime="2023-12-22T09:34:41.2253404+01:00" endTime="2023-12-22T09:34:41.2878395+01:00" testType="13cdc9d9-ddb5-4fa4-a97d-d965ccfc6d4b" outcome="Passed" testListId="8c84fa94-04c1-424b-9868-57a2d4851a1d" relativeResultsDirectory="ab508854-0a01-415d-87f5-4074484cb587" />
    <UnitTestResult executionId="192a86c8-5325-4604-ba2e-98bf57f0b16a" testId="f9d67eef-e39a-c239-105a-88d1afb6eab7" testName="TestGetStatusDetails" computerName="DKSR-EFI-04" duration="00:00:00.0038715" startTime="2023-12-22T09:34:28.8971526+01:00" endTime="2023-12-22T09:34:28.8971526+01:00" testType="13cdc9d9-ddb5-4fa4-a97d-d965ccfc6d4b" outcome="Passed" testListId="8c84fa94-04c1-424b-9868-57a2d4851a1d" relativeResultsDirectory="192a86c8-5325-4604-ba2e-98bf57f0b16a" />
    <UnitTestResult executionId="2cb88103-aec2-4012-8e0d-c179080d7b9b" testId="f87f9f49-0187-2919-3722-c1448f7defc0" testName="TestGetObjectWithInvalidUser" computerName="DKSR-EFI-04" duration="00:00:00.0022921" startTime="2023-12-22T09:34:30.3034087+01:00" endTime="2023-12-22T09:34:30.3034087+01:00" testType="13cdc9d9-ddb5-4fa4-a97d-d965ccfc6d4b" outcome="Passed" testListId="8c84fa94-04c1-424b-9868-57a2d4851a1d" relativeResultsDirectory="2cb88103-aec2-4012-8e0d-c179080d7b9b" />
    <UnitTestResult executionId="6ab54407-16ef-42ed-a1ce-71c5e9c75e79" testId="96141f11-d5b4-1b35-4b30-029b1af4f2e4" testName="GetAllObjectsOnVisualElement_WithValidParameters" computerName="DKSR-EFI-04" duration="00:00:00.0042330" startTime="2023-12-22T09:34:31.5065418+01:00" endTime="2023-12-22T09:34:31.5065418+01:00" testType="13cdc9d9-ddb5-4fa4-a97d-d965ccfc6d4b" outcome="Passed" testListId="8c84fa94-04c1-424b-9868-57a2d4851a1d" relativeResultsDirectory="6ab54407-16ef-42ed-a1ce-71c5e9c75e79" />
    <UnitTestResult executionId="147c117f-0beb-4ae8-b294-8186f4533c10" testId="90008695-e423-465b-074d-2c2b187c520d" testName="WhenAlarmSearchCriteriaWithCorrectDataThenCorrectString" computerName="DKSR-EFI-04" duration="00:00:00.0420918" startTime="2023-12-22T09:34:39.1003308+01:00" endTime="2023-12-22T09:34:39.1472062+01:00" testType="13cdc9d9-ddb5-4fa4-a97d-d965ccfc6d4b" outcome="Passed" testListId="8c84fa94-04c1-424b-9868-57a2d4851a1d" relativeResultsDirectory="147c117f-0beb-4ae8-b294-8186f4533c10" />
    <UnitTestResult executionId="f4425cff-651b-466d-b780-aaf1dd60153f" testId="d508f85a-0f78-86a6-397d-d7afc532ed7f" testName="TestConstructor" computerName="DKSR-EFI-04" duration="00:00:00.0019410" startTime="2023-12-22T09:34:38.4128295+01:00" endTime="2023-12-22T09:34:38.4128295+01:00" testType="13cdc9d9-ddb5-4fa4-a97d-d965ccfc6d4b" outcome="Passed" testListId="8c84fa94-04c1-424b-9868-57a2d4851a1d" relativeResultsDirectory="f4425cff-651b-466d-b780-aaf1dd60153f" />
    <UnitTestResult executionId="dc620058-8558-497f-ae4d-83b00567e03e" testId="327b61fc-9460-6e80-0bab-087f3285986c" testName="TestGetInvalidToken" computerName="DKSR-EFI-04" duration="00:00:00.0065119" startTime="2023-12-22T09:34:32.1940462+01:00" endTime="2023-12-22T09:34:32.2096703+01:00" testType="13cdc9d9-ddb5-4fa4-a97d-d965ccfc6d4b" outcome="Passed" testListId="8c84fa94-04c1-424b-9868-57a2d4851a1d" relativeResultsDirectory="dc620058-8558-497f-ae4d-83b00567e03e" />
    <UnitTestResult executionId="68b3d614-90de-4230-89ae-5c8126ae739e" testId="4ff64477-833a-244c-0375-990ccfb1a2e6" testName="TestGetStatusThrowingUnhandledException" computerName="DKSR-EFI-04" duration="00:00:00.0088606" startTime="2023-12-22T09:34:28.8190283+01:00" endTime="2023-12-22T09:34:28.8346528+01:00" testType="13cdc9d9-ddb5-4fa4-a97d-d965ccfc6d4b" outcome="Passed" testListId="8c84fa94-04c1-424b-9868-57a2d4851a1d" relativeResultsDirectory="68b3d614-90de-4230-89ae-5c8126ae739e" />
    <UnitTestResult executionId="6da2502a-12d1-40fa-8935-ff5882fd80ec" testId="acfb8bc4-d35c-001a-368e-6db458396c27" testName="SetAllEventRetentions_ShouldAuditLog_WhenDefaultRetentionIsChanged" computerName="DKSR-EFI-04" duration="00:00:00.0087164" startTime="2023-12-22T09:34:41.1784667+01:00" endTime="2023-12-22T09:34:41.1940904+01:00" testType="13cdc9d9-ddb5-4fa4-a97d-d965ccfc6d4b" outcome="Passed" testListId="8c84fa94-04c1-424b-9868-57a2d4851a1d" relativeResultsDirectory="6da2502a-12d1-40fa-8935-ff5882fd80ec" />
    <UnitTestResult executionId="f4916001-8e05-4b56-a69a-042d1d186c13" testId="6d906e57-720b-055b-9fb4-621cc72c2f6e" testName="TestXmlValidNone" computerName="DKSR-EFI-04" duration="00:00:00.0549761" startTime="2023-12-22T09:34:23.4127517+01:00" endTime="2023-12-22T09:34:23.4596266+01:00" testType="13cdc9d9-ddb5-4fa4-a97d-d965ccfc6d4b" outcome="Passed" testListId="8c84fa94-04c1-424b-9868-57a2d4851a1d" relativeResultsDirectory="f4916001-8e05-4b56-a69a-042d1d186c13" />
    <UnitTestResult executionId="4552c908-916c-4588-8d09-ca4aa854cb4e" testId="7e9547ef-92c4-9617-9854-4de06867f1d7" testName="TestLoadConfigurationWithValidIdButWithoutOwnerAndRelationId" computerName="DKSR-EFI-04" duration="00:00:00.0227020" startTime="2023-12-22T09:34:33.9596792+01:00" endTime="2023-12-22T09:34:33.9753039+01:00" testType="13cdc9d9-ddb5-4fa4-a97d-d965ccfc6d4b" outcome="Passed" testListId="8c84fa94-04c1-424b-9868-57a2d4851a1d" relativeResultsDirectory="4552c908-916c-4588-8d09-ca4aa854cb4e" />
    <UnitTestResult executionId="d68f1176-3ac1-40ef-9d66-bccf7b7e46f8" testId="3dee02cb-5656-71b9-8f76-ae46cff96f99" testName="EventConverter_Instance" computerName="DKSR-EFI-04" duration="00:00:00.0019383" startTime="2023-12-22T09:34:39.1628326+01:00" endTime="2023-12-22T09:34:39.1628326+01:00" testType="13cdc9d9-ddb5-4fa4-a97d-d965ccfc6d4b" outcome="Passed" testListId="8c84fa94-04c1-424b-9868-57a2d4851a1d" relativeResultsDirectory="d68f1176-3ac1-40ef-9d66-bccf7b7e46f8" />
    <UnitTestResult executionId="66693154-a823-463d-9fbe-b7e1966942ef" testId="016db6ee-2d38-0bc8-9736-56870f4b6a15" testName="Handle_ShouldFlattenPriorityValue_WhenValuesIncludePriorityIntAndPriorityName" computerName="DKSR-EFI-04" duration="00:00:00.0010747" startTime="2023-12-22T09:34:43.9597321+01:00" endTime="2023-12-22T09:34:43.9597321+01:00" testType="13cdc9d9-ddb5-4fa4-a97d-d965ccfc6d4b" outcome="Passed" testListId="8c84fa94-04c1-424b-9868-57a2d4851a1d" relativeResultsDirectory="66693154-a823-463d-9fbe-b7e1966942ef" />
    <UnitTestResult executionId="367e9f73-ceff-43df-9721-a5667150d382" testId="c326596e-7b75-36be-fcbf-3e9d3f28c73d" testName="TestUpdateElementBoundsWithOldTimestamp" computerName="DKSR-EFI-04" duration="00:00:00.0023594" startTime="2023-12-22T09:34:35.2253117+01:00" endTime="2023-12-22T09:34:35.2253117+01:00" testType="13cdc9d9-ddb5-4fa4-a97d-d965ccfc6d4b" outcome="Passed" testListId="8c84fa94-04c1-424b-9868-57a2d4851a1d" relativeResultsDirectory="367e9f73-ceff-43df-9721-a5667150d382" />
    <UnitTestResult executionId="606dfc4f-f40d-4257-86be-47330aaaad9e" testId="575da95f-2230-1828-6b68-055396a6ceb9" testName="TestUpdateBoundsWithInvalidUser" computerName="DKSR-EFI-04" duration="00:00:00.0024782" startTime="2023-12-22T09:34:31.8034195+01:00" endTime="2023-12-22T09:34:31.8034195+01:00" testType="13cdc9d9-ddb5-4fa4-a97d-d965ccfc6d4b" outcome="Passed" testListId="8c84fa94-04c1-424b-9868-57a2d4851a1d" relativeResultsDirectory="606dfc4f-f40d-4257-86be-47330aaaad9e" />
    <UnitTestResult executionId="e6e45a7c-be4f-49f4-8498-546a845105c8" testId="ac5310d6-6d6d-adaf-b5c0-386e110e2f4b" testName="TestGetAllElements" computerName="DKSR-EFI-04" duration="00:00:00.0153629" startTime="2023-12-22T09:34:36.1940651+01:00" endTime="2023-12-22T09:34:36.2096920+01:00" testType="13cdc9d9-ddb5-4fa4-a97d-d965ccfc6d4b" outcome="Passed" testListId="8c84fa94-04c1-424b-9868-57a2d4851a1d" relativeResultsDirectory="e6e45a7c-be4f-49f4-8498-546a845105c8" />
    <UnitTestResult executionId="efdec150-bfab-48ff-832c-b5b48f841b2c" testId="17a3b251-36cd-07f4-6f0c-5e839dd8b46e" testName="EventConverter_ConvertEventStatusToBaseItem_EventIds_Null" computerName="DKSR-EFI-04" duration="00:00:00.0072572" startTime="2023-12-22T09:34:39.1628326+01:00" endTime="2023-12-22T09:34:39.1784548+01:00" testType="13cdc9d9-ddb5-4fa4-a97d-d965ccfc6d4b" outcome="Passed" testListId="8c84fa94-04c1-424b-9868-57a2d4851a1d" relativeResultsDirectory="efdec150-bfab-48ff-832c-b5b48f841b2c" />
    <UnitTestResult executionId="199fcfa1-cccb-4e9b-9847-be7ba4562c02" testId="5b4394a3-5514-825f-4826-f5d52800d9d3" testName="TestGetVisualElementChangesWithNegativeTimeout" computerName="DKSR-EFI-04" duration="00:00:00.0039676" startTime="2023-12-22T09:34:31.7252921+01:00" endTime="2023-12-22T09:34:31.7252921+01:00" testType="13cdc9d9-ddb5-4fa4-a97d-d965ccfc6d4b" outcome="Passed" testListId="8c84fa94-04c1-424b-9868-57a2d4851a1d" relativeResultsDirectory="199fcfa1-cccb-4e9b-9847-be7ba4562c02" />
    <UnitTestResult executionId="361c30d0-72ef-4d4d-8d94-8af15a209218" testId="7604a55a-e5b6-44c6-1689-a2eeb42596ff" testName="TestGetStatusDetailsWithInvalidCamera" computerName="DKSR-EFI-04" duration="00:00:00.0067201" startTime="2023-12-22T09:34:37.4440713+01:00" endTime="2023-12-22T09:34:37.4596958+01:00" testType="13cdc9d9-ddb5-4fa4-a97d-d965ccfc6d4b" outcome="Passed" testListId="8c84fa94-04c1-424b-9868-57a2d4851a1d" relativeResultsDirectory="361c30d0-72ef-4d4d-8d94-8af15a209218" />
    <UnitTestResult executionId="094f2f19-bdc5-4bd6-ad49-56067bc7008e" testId="ee019f83-90b8-7ba1-fb37-5f45c8216c55" testName="TestState" computerName="DKSR-EFI-04" duration="00:00:00.0006531" startTime="2023-12-22T09:34:38.0847010+01:00" endTime="2023-12-22T09:34:38.0847010+01:00" testType="13cdc9d9-ddb5-4fa4-a97d-d965ccfc6d4b" outcome="Passed" testListId="8c84fa94-04c1-424b-9868-57a2d4851a1d" relativeResultsDirectory="094f2f19-bdc5-4bd6-ad49-56067bc7008e" />
    <UnitTestResult executionId="e748d819-99cd-4564-b235-c2c512609ba1" testId="ec4e63e2-3209-426c-3f87-d44e6c590fc1" testName="TestActionHandlerStart" computerName="DKSR-EFI-04" duration="00:00:00.1243417" startTime="2023-12-22T09:34:38.6628273+01:00" endTime="2023-12-22T09:34:38.7878286+01:00" testType="13cdc9d9-ddb5-4fa4-a97d-d965ccfc6d4b" outcome="Passed" testListId="8c84fa94-04c1-424b-9868-57a2d4851a1d" relativeResultsDirectory="e748d819-99cd-4564-b235-c2c512609ba1" />
    <UnitTestResult executionId="315d4630-3618-455c-9b82-0b63a2bf75b2" testId="d367d6c7-6508-d285-3904-129e7c7eed2d" testName="TestXmlValid" computerName="DKSR-EFI-04" duration="00:00:00.0007733" startTime="2023-12-22T09:34:27.0533957+01:00" endTime="2023-12-22T09:34:27.0533957+01:00" testType="13cdc9d9-ddb5-4fa4-a97d-d965ccfc6d4b" outcome="Passed" testListId="8c84fa94-04c1-424b-9868-57a2d4851a1d" relativeResultsDirectory="315d4630-3618-455c-9b82-0b63a2bf75b2" />
    <UnitTestResult executionId="10b7f211-b98b-44ac-adc9-1a082d51f411" testId="55e4c6ef-9688-250a-8df9-cb5fdcccf252" testName="TestConstructor" computerName="DKSR-EFI-04" duration="00:00:00.0006550" startTime="2023-12-22T09:34:27.0533957+01:00" endTime="2023-12-22T09:34:27.0533957+01:00" testType="13cdc9d9-ddb5-4fa4-a97d-d965ccfc6d4b" outcome="Passed" testListId="8c84fa94-04c1-424b-9868-57a2d4851a1d" relativeResultsDirectory="10b7f211-b98b-44ac-adc9-1a082d51f411" />
    <UnitTestResult executionId="4f240299-d7c9-48b9-9ae5-b211bfc72280" testId="1125c384-36c9-7da0-f253-4de4fa4f1257" testName="TestGetVisualizationChangesWithNulTimeout" computerName="DKSR-EFI-04" duration="00:00:00.0073525" startTime="2023-12-22T09:34:28.1315233+01:00" endTime="2023-12-22T09:34:28.1315233+01:00" testType="13cdc9d9-ddb5-4fa4-a97d-d965ccfc6d4b" outcome="Passed" testListId="8c84fa94-04c1-424b-9868-57a2d4851a1d" relativeResultsDirectory="4f240299-d7c9-48b9-9ae5-b211bfc72280" />
    <UnitTestResult executionId="8797a5aa-5053-466b-a7f7-46dc360c332e" testId="74f3dc3e-f6eb-9692-58dc-def99f3951c7" testName="TestRemoveElementAndChildElementsWithTwoParents" computerName="DKSR-EFI-04" duration="00:00:00.0041443" startTime="2023-12-22T09:34:36.8659460+01:00" endTime="2023-12-22T09:34:36.8815690+01:00" testType="13cdc9d9-ddb5-4fa4-a97d-d965ccfc6d4b" outcome="Passed" testListId="8c84fa94-04c1-424b-9868-57a2d4851a1d" relativeResultsDirectory="8797a5aa-5053-466b-a7f7-46dc360c332e" />
    <UnitTestResult executionId="c9e4f961-7443-41c7-a939-16bceaeaf880" testId="fb5492ab-cda6-ba8a-bab0-b37d58488088" testName="TestToServiceItem" computerName="DKSR-EFI-04" duration="00:00:00.0116094" startTime="2023-12-22T09:34:32.8659242+01:00" endTime="2023-12-22T09:34:32.8659242+01:00" testType="13cdc9d9-ddb5-4fa4-a97d-d965ccfc6d4b" outcome="Passed" testListId="8c84fa94-04c1-424b-9868-57a2d4851a1d" relativeResultsDirectory="c9e4f961-7443-41c7-a939-16bceaeaf880" />
    <UnitTestResult executionId="556d0388-b09e-449d-bf1a-3f0baa831ca2" testId="ab474ba1-f565-f4cb-0e3b-d3f8180b2371" testName="TestAddAsEventInvalidToken" computerName="DKSR-EFI-04" duration="00:00:00.0043096" startTime="2023-12-22T09:34:32.0846701+01:00" endTime="2023-12-22T09:34:32.0846701+01:00" testType="13cdc9d9-ddb5-4fa4-a97d-d965ccfc6d4b" outcome="Passed" testListId="8c84fa94-04c1-424b-9868-57a2d4851a1d" relativeResultsDirectory="556d0388-b09e-449d-bf1a-3f0baa831ca2" />
    <UnitTestResult executionId="e38b9095-fd11-485b-b8bf-fe8ef713d6ab" testId="15cfa11c-8ada-6afb-298e-3e04cfe3dabc" testName="TestGetVisualization" computerName="DKSR-EFI-04" duration="00:00:00.0022326" startTime="2023-12-22T09:34:29.3659066+01:00" endTime="2023-12-22T09:34:29.3659066+01:00" testType="13cdc9d9-ddb5-4fa4-a97d-d965ccfc6d4b" outcome="Passed" testListId="8c84fa94-04c1-424b-9868-57a2d4851a1d" relativeResultsDirectory="e38b9095-fd11-485b-b8bf-fe8ef713d6ab" />
    <UnitTestResult executionId="52f892a6-9c8c-4efa-9032-97f6cc4f080e" testId="0422c0a9-8f46-02d8-cc74-796557fcdbf1" testName="TestUpdateStateWithKnownDeviceList" computerName="DKSR-EFI-04" duration="00:00:00.3189065" startTime="2023-12-22T09:34:37.6315735+01:00" endTime="2023-12-22T09:34:37.9440750+01:00" testType="13cdc9d9-ddb5-4fa4-a97d-d965ccfc6d4b" outcome="Passed" testListId="8c84fa94-04c1-424b-9868-57a2d4851a1d" relativeResultsDirectory="52f892a6-9c8c-4efa-9032-97f6cc4f080e" />
    <UnitTestResult executionId="9c73b65f-2be1-46fc-b82c-3f7f3abebe6e" testId="e2e11837-721b-4b90-bc2d-5546133bb97c" testName="TestGetVisualElementChangesThrowingUnhandledException" computerName="DKSR-EFI-04" duration="00:00:00.0030529" startTime="2023-12-22T09:34:30.6159124+01:00" endTime="2023-12-22T09:34:30.6159124+01:00" testType="13cdc9d9-ddb5-4fa4-a97d-d965ccfc6d4b" outcome="Passed" testListId="8c84fa94-04c1-424b-9868-57a2d4851a1d" relativeResultsDirectory="9c73b65f-2be1-46fc-b82c-3f7f3abebe6e" />
    <UnitTestResult executionId="d30fa816-2fa3-4607-b33d-16ae6093fbbe" testId="500b72e0-4f4f-486d-00d8-847aa132558b" testName="TestActivatePlugInActionThrowingUnhandledException" computerName="DKSR-EFI-04" duration="00:00:00.0028844" startTime="2023-12-22T09:34:31.8971686+01:00" endTime="2023-12-22T09:34:31.9127929+01:00" testType="13cdc9d9-ddb5-4fa4-a97d-d965ccfc6d4b" outcome="Passed" testListId="8c84fa94-04c1-424b-9868-57a2d4851a1d" relativeResultsDirectory="d30fa816-2fa3-4607-b33d-16ae6093fbbe" />
    <UnitTestResult executionId="a2a6924b-37a1-4c31-be5a-784cf4e6433c" testId="fff67a66-5b63-4b59-d9e1-fa6cacb0c28f" testName="TestSingleSessionSingleUserIdAddedTwice" computerName="DKSR-EFI-04" duration="00:00:00.0027457" startTime="2023-12-22T09:34:39.6940842+01:00" endTime="2023-12-22T09:34:39.6940842+01:00" testType="13cdc9d9-ddb5-4fa4-a97d-d965ccfc6d4b" outcome="Passed" testListId="8c84fa94-04c1-424b-9868-57a2d4851a1d" relativeResultsDirectory="a2a6924b-37a1-4c31-be5a-784cf4e6433c" />
    <UnitTestResult executionId="6167d173-c6ce-424b-9b7a-4f537aa28f27" testId="e6aec06f-1b34-715c-7067-e3512266e985" testName="TestGetXML" computerName="DKSR-EFI-04" duration="00:00:00.0116831" startTime="2023-12-22T09:34:38.2409516+01:00" endTime="2023-12-22T09:34:38.2565772+01:00" testType="13cdc9d9-ddb5-4fa4-a97d-d965ccfc6d4b" outcome="Passed" testListId="8c84fa94-04c1-424b-9868-57a2d4851a1d" relativeResultsDirectory="6167d173-c6ce-424b-9b7a-4f537aa28f27" />
    <UnitTestResult executionId="4107ffa2-7699-4d8b-9241-aab026441088" testId="8189793c-3d2c-2ced-546e-72d22af14373" testName="WhenAlarmSearchCriteriaWithNoValuesThenEmptyString" computerName="DKSR-EFI-04" duration="00:00:00.0002041" startTime="2023-12-22T09:34:39.0847060+01:00" endTime="2023-12-22T09:34:39.0847060+01:00" testType="13cdc9d9-ddb5-4fa4-a97d-d965ccfc6d4b" outcome="Passed" testListId="8c84fa94-04c1-424b-9868-57a2d4851a1d" relativeResultsDirectory="4107ffa2-7699-4d8b-9241-aab026441088" />
    <UnitTestResult executionId="9931b6ec-7468-41cb-89b3-1a022c071835" testId="f1542542-675f-de45-6963-b933ea9417ec" testName="TestUpdateElements" computerName="DKSR-EFI-04" duration="00:00:00.0109977" startTime="2023-12-22T09:34:36.1315651+01:00" endTime="2023-12-22T09:34:36.1471887+01:00" testType="13cdc9d9-ddb5-4fa4-a97d-d965ccfc6d4b" outcome="Passed" testListId="8c84fa94-04c1-424b-9868-57a2d4851a1d" relativeResultsDirectory="9931b6ec-7468-41cb-89b3-1a022c071835" />
    <UnitTestResult executionId="ce07ee4f-9de9-4434-8e5e-a9872aca702a" testId="1c8c6248-1c84-a4a5-d64f-264bc96db5aa" testName="TestAddInvalidToken" computerName="DKSR-EFI-04" duration="00:00:00.1181461" startTime="2023-12-22T09:34:31.9127929+01:00" endTime="2023-12-22T09:34:32.0221713+01:00" testType="13cdc9d9-ddb5-4fa4-a97d-d965ccfc6d4b" outcome="Passed" testListId="8c84fa94-04c1-424b-9868-57a2d4851a1d" relativeResultsDirectory="ce07ee4f-9de9-4434-8e5e-a9872aca702a" />
    <UnitTestResult executionId="99fee392-18bc-4638-84a6-6427f8aaa6a6" testId="e079c5c4-1fae-a6da-0486-c552e58badba" testName="TestCacheCleanupSingleSessionMultipleUserIdsNoTouch" computerName="DKSR-EFI-04" duration="00:00:00.0008522" startTime="2023-12-22T09:34:39.6628345+01:00" endTime="2023-12-22T09:34:39.6628345+01:00" testType="13cdc9d9-ddb5-4fa4-a97d-d965ccfc6d4b" outcome="Passed" testListId="8c84fa94-04c1-424b-9868-57a2d4851a1d" relativeResultsDirectory="99fee392-18bc-4638-84a6-6427f8aaa6a6" />
    <UnitTestResult executionId="5e9bfbc3-7eae-4677-b15e-798204628cf4" testId="96abae70-804e-22a1-b798-693289176733" testName="TestRemoveElementAndChildElementsWithRelationsToDifferentServers" computerName="DKSR-EFI-04" duration="00:00:00.0212468" startTime="2023-12-22T09:34:37.1003198+01:00" endTime="2023-12-22T09:34:37.1159460+01:00" testType="13cdc9d9-ddb5-4fa4-a97d-d965ccfc6d4b" outcome="Passed" testListId="8c84fa94-04c1-424b-9868-57a2d4851a1d" relativeResultsDirectory="5e9bfbc3-7eae-4677-b15e-798204628cf4" />
    <UnitTestResult executionId="1649db8b-cfa3-4245-a841-f25bc1959895" testId="c3ca1b5d-ff95-9140-678b-491795097655" testName="TestGetPlugInItemsWithInvalidUser" computerName="DKSR-EFI-04" duration="00:00:00.0022909" startTime="2023-12-22T09:34:31.8659189+01:00" endTime="2023-12-22T09:34:31.8659189+01:00" testType="13cdc9d9-ddb5-4fa4-a97d-d965ccfc6d4b" outcome="Passed" testListId="8c84fa94-04c1-424b-9868-57a2d4851a1d" relativeResultsDirectory="1649db8b-cfa3-4245-a841-f25bc1959895" />
    <UnitTestResult executionId="9b2bfe10-ed07-40e2-a356-b5ee9422678d" testId="c30c4660-2f7b-1aa5-e1a9-541b7522a7fd" testName="EncryptToBase64String_ShouldRaiseArgumentNullException_WhenValueIsNull" computerName="DKSR-EFI-04" duration="00:00:00.0011756" startTime="2023-12-22T09:34:40.0065853+01:00" endTime="2023-12-22T09:34:40.0065853+01:00" testType="13cdc9d9-ddb5-4fa4-a97d-d965ccfc6d4b" outcome="Passed" testListId="8c84fa94-04c1-424b-9868-57a2d4851a1d" relativeResultsDirectory="9b2bfe10-ed07-40e2-a356-b5ee9422678d" />
    <UnitTestResult executionId="fe230581-7fbe-4ad9-bdc2-186b259931c7" testId="8a008f19-8c0c-1ccf-7f84-a2d6bcee30d0" testName="TestCheckAccessWithForce" computerName="DKSR-EFI-04" duration="00:00:00.0039103" startTime="2023-12-22T09:34:37.2409467+01:00" endTime="2023-12-22T09:34:37.2409467+01:00" testType="13cdc9d9-ddb5-4fa4-a97d-d965ccfc6d4b" outcome="Passed" testListId="8c84fa94-04c1-424b-9868-57a2d4851a1d" relativeResultsDirectory="fe230581-7fbe-4ad9-bdc2-186b259931c7" />
    <UnitTestResult executionId="9e723d4f-550c-4202-9a0f-2c5763da85c7" testId="757080b6-4e33-d5c9-6ffc-a22559518e7a" testName="TryGetEventTypeRetention_ShouldReturnFalse_WhenEventTypeDoesntExist" computerName="DKSR-EFI-04" duration="00:00:00.0018139" startTime="2023-12-22T09:34:41.0847170+01:00" endTime="2023-12-22T09:34:41.0847170+01:00" testType="13cdc9d9-ddb5-4fa4-a97d-d965ccfc6d4b" outcome="Passed" testListId="8c84fa94-04c1-424b-9868-57a2d4851a1d" relativeResultsDirectory="9e723d4f-550c-4202-9a0f-2c5763da85c7" />
    <UnitTestResult executionId="5b04ea1b-01ba-440b-9d5d-1ae65c332a56" testId="44b05a81-39e5-1283-ef3e-05637c0ae9d5" testName="TestAddException" computerName="DKSR-EFI-04" duration="00:00:00.0056232" startTime="2023-12-22T09:34:32.0534205+01:00" endTime="2023-12-22T09:34:32.0690455+01:00" testType="13cdc9d9-ddb5-4fa4-a97d-d965ccfc6d4b" outcome="Passed" testListId="8c84fa94-04c1-424b-9868-57a2d4851a1d" relativeResultsDirectory="5b04ea1b-01ba-440b-9d5d-1ae65c332a56" />
    <UnitTestResult executionId="a52eef40-f24f-45ca-8d4f-24d8b8909b99" testId="deff660e-f447-afb1-3182-fea93a06e1e0" testName="LookupGroupId_ShouldReturnGroupId_WhenEventIsPluginEvent" computerName="DKSR-EFI-04" duration="00:00:00.1617180" startTime="2023-12-22T09:34:42.7097238+01:00" endTime="2023-12-22T09:34:42.8659763+01:00" testType="13cdc9d9-ddb5-4fa4-a97d-d965ccfc6d4b" outcome="Passed" testListId="8c84fa94-04c1-424b-9868-57a2d4851a1d" relativeResultsDirectory="a52eef40-f24f-45ca-8d4f-24d8b8909b99" />
    <UnitTestResult executionId="0c3a70e6-5240-4c36-92cd-90c2c5cd90e8" testId="8eb6fb87-99ba-1360-e0aa-c090c9e0ad00" testName="TestGetXmlWithNullData" computerName="DKSR-EFI-04" duration="00:00:00.0014526" startTime="2023-12-22T09:34:35.1628093+01:00" endTime="2023-12-22T09:34:35.1628093+01:00" testType="13cdc9d9-ddb5-4fa4-a97d-d965ccfc6d4b" outcome="Passed" testListId="8c84fa94-04c1-424b-9868-57a2d4851a1d" relativeResultsDirectory="0c3a70e6-5240-4c36-92cd-90c2c5cd90e8" />
    <UnitTestResult executionId="417e4306-846f-44a8-aea0-0204667a131a" testId="bd149988-e15e-1a6b-1d23-1105951e6d27" testName="TestActionCommandCredentialsExecuteActionInvalidUser" computerName="DKSR-EFI-04" duration="00:00:00.0013783" startTime="2023-12-22T09:34:39.0065791+01:00" endTime="2023-12-22T09:34:39.0222049+01:00" testType="13cdc9d9-ddb5-4fa4-a97d-d965ccfc6d4b" outcome="Passed" testListId="8c84fa94-04c1-424b-9868-57a2d4851a1d" relativeResultsDirectory="417e4306-846f-44a8-aea0-0204667a131a" />
    <UnitTestResult executionId="264341a1-965c-422d-a799-198b97987443" testId="bd8fc143-df78-30fb-c5ab-4fca27562b57" testName="TestGetStatusWithForeignServerIDs" computerName="DKSR-EFI-04" duration="00:00:00.0038100" startTime="2023-12-22T09:34:28.8502801+01:00" endTime="2023-12-22T09:34:28.8502801+01:00" testType="13cdc9d9-ddb5-4fa4-a97d-d965ccfc6d4b" outcome="Passed" testListId="8c84fa94-04c1-424b-9868-57a2d4851a1d" relativeResultsDirectory="264341a1-965c-422d-a799-198b97987443" />
    <UnitTestResult executionId="67d0e842-798d-499a-8783-f2eddc19e219" testId="5d56160f-1e48-faa2-365a-70edb9acf582" testName="TestGetTypeChangedWithNegativeTimeout" computerName="DKSR-EFI-04" duration="00:00:00.0034404" startTime="2023-12-22T09:34:30.5690353+01:00" endTime="2023-12-22T09:34:30.5846616+01:00" testType="13cdc9d9-ddb5-4fa4-a97d-d965ccfc6d4b" outcome="Passed" testListId="8c84fa94-04c1-424b-9868-57a2d4851a1d" relativeResultsDirectory="67d0e842-798d-499a-8783-f2eddc19e219" />
    <UnitTestResult executionId="a43e978b-b29a-4e83-bedf-95199df9f22e" testId="5a2de3a5-2a90-1705-60e7-49aa869e23e4" testName="TestUpdateWithNullItem" computerName="DKSR-EFI-04" duration="00:00:00.0031361" startTime="2023-12-22T09:34:32.8346734+01:00" endTime="2023-12-22T09:34:32.8346734+01:00" testType="13cdc9d9-ddb5-4fa4-a97d-d965ccfc6d4b" outcome="Passed" testListId="8c84fa94-04c1-424b-9868-57a2d4851a1d" relativeResultsDirectory="a43e978b-b29a-4e83-bedf-95199df9f22e" />
    <UnitTestResult executionId="83bc1523-098a-4b04-8396-243a7cd22de3" testId="ca2a562d-641e-8e00-fa18-6369fac1395a" testName="TestSetConfigHostAddingNew" computerName="DKSR-EFI-04" duration="00:00:00.0116876" startTime="2023-12-22T09:34:38.4128295+01:00" endTime="2023-12-22T09:34:38.4284539+01:00" testType="13cdc9d9-ddb5-4fa4-a97d-d965ccfc6d4b" outcome="Passed" testListId="8c84fa94-04c1-424b-9868-57a2d4851a1d" relativeResultsDirectory="83bc1523-098a-4b04-8396-243a7cd22de3" />
    <UnitTestResult executionId="45fbd22e-c296-4fb4-986e-8ec4b0bc95bd" testId="bf670d26-8354-165d-b41a-42a1cf89e1b1" testName="TestCheckAuthorizationWithWindowsUserWithInsufficientRights" computerName="DKSR-EFI-04" duration="00:00:00.0027637" startTime="2023-12-22T09:34:39.8815863+01:00" endTime="2023-12-22T09:34:39.8815863+01:00" testType="13cdc9d9-ddb5-4fa4-a97d-d965ccfc6d4b" outcome="Passed" testListId="8c84fa94-04c1-424b-9868-57a2d4851a1d" relativeResultsDirectory="45fbd22e-c296-4fb4-986e-8ec4b0bc95bd" />
    <UnitTestResult executionId="7785c607-2a88-451b-9eb4-fd8e4ac51885" testId="2be6a9ee-7631-7b93-694c-0c9d581761da" testName="TestGetPlugInItemsThrowingUnhandledException" computerName="DKSR-EFI-04" duration="00:00:00.0027116" startTime="2023-12-22T09:34:31.1627890+01:00" endTime="2023-12-22T09:34:31.1784160+01:00" testType="13cdc9d9-ddb5-4fa4-a97d-d965ccfc6d4b" outcome="Passed" testListId="8c84fa94-04c1-424b-9868-57a2d4851a1d" relativeResultsDirectory="7785c607-2a88-451b-9eb4-fd8e4ac51885" />
    <UnitTestResult executionId="254261f7-934c-4b2c-8188-ac15ed0dada1" testId="3f589117-7ee8-077c-6645-21816a7e0600" testName="TestGetAllObjectsOfTypeThrowingUnhandledException" computerName="DKSR-EFI-04" duration="00:00:00.0047879" startTime="2023-12-22T09:34:31.0377898+01:00" endTime="2023-12-22T09:34:31.0377898+01:00" testType="13cdc9d9-ddb5-4fa4-a97d-d965ccfc6d4b" outcome="Passed" testListId="8c84fa94-04c1-424b-9868-57a2d4851a1d" relativeResultsDirectory="254261f7-934c-4b2c-8188-ac15ed0dada1" />
    <UnitTestResult executionId="ef0a18cb-429f-477e-9689-8707d354ba0c" testId="6f4aa358-fb39-bf15-74d6-cff7bf6dc736" testName="TestClose" computerName="DKSR-EFI-04" duration="00:00:00.0036512" startTime="2023-12-22T09:34:40.1003378+01:00" endTime="2023-12-22T09:34:40.1003378+01:00" testType="13cdc9d9-ddb5-4fa4-a97d-d965ccfc6d4b" outcome="Passed" testListId="8c84fa94-04c1-424b-9868-57a2d4851a1d" relativeResultsDirectory="ef0a18cb-429f-477e-9689-8707d354ba0c" />
    <UnitTestResult executionId="9b77afec-816a-41a4-a671-c5619e62860a" testId="a05284d8-4031-909e-c18c-d7c7aab786f5" testName="TestUpdateElementNameWithNonExistingId" computerName="DKSR-EFI-04" duration="00:00:00.0015898" startTime="2023-12-22T09:34:37.2096976+01:00" endTime="2023-12-22T09:34:37.2096976+01:00" testType="13cdc9d9-ddb5-4fa4-a97d-d965ccfc6d4b" outcome="Passed" testListId="8c84fa94-04c1-424b-9868-57a2d4851a1d" relativeResultsDirectory="9b77afec-816a-41a4-a671-c5619e62860a" />
    <UnitTestResult executionId="2ef3c465-7ab5-4a7c-8d41-0ff88307db6a" testId="cabe6cff-646c-5b08-f9fe-ca2fa3f35a92" testName="TestUpdateWithAllParameters" computerName="DKSR-EFI-04" duration="00:00:00.0070248" startTime="2023-12-22T09:34:38.2722016+01:00" endTime="2023-12-22T09:34:38.2878257+01:00" testType="13cdc9d9-ddb5-4fa4-a97d-d965ccfc6d4b" outcome="Passed" testListId="8c84fa94-04c1-424b-9868-57a2d4851a1d" relativeResultsDirectory="2ef3c465-7ab5-4a7c-8d41-0ff88307db6a" />
    <UnitTestResult executionId="4b1d9ef3-edfa-475f-bbb4-e9b03d18f564" testId="8a29233c-71d1-67fd-f2f9-f76830d36268" testName="WhenAlarmSearchCriteriaWithCorrectDataThenCorrectString" computerName="DKSR-EFI-04" duration="00:00:00.0103388" startTime="2023-12-22T09:34:39.0534556+01:00" endTime="2023-12-22T09:34:39.0690802+01:00" testType="13cdc9d9-ddb5-4fa4-a97d-d965ccfc6d4b" outcome="Passed" testListId="8c84fa94-04c1-424b-9868-57a2d4851a1d" relativeResultsDirectory="4b1d9ef3-edfa-475f-bbb4-e9b03d18f564" />
    <UnitTestResult executionId="db8fb8cf-1e9a-460a-be3b-13f1a05147a1" testId="658a588b-f25a-953c-f845-7be4a815fac7" testName="Constructor_ShouldThrowArgumentNullException_ConfigFilterManagerIsNull" computerName="DKSR-EFI-04" duration="00:00:00.0013438" startTime="2023-12-22T09:34:41.0065902+01:00" endTime="2023-12-22T09:34:41.0065902+01:00" testType="13cdc9d9-ddb5-4fa4-a97d-d965ccfc6d4b" outcome="Passed" testListId="8c84fa94-04c1-424b-9868-57a2d4851a1d" relativeResultsDirectory="db8fb8cf-1e9a-460a-be3b-13f1a05147a1" />
    <UnitTestResult executionId="3338f85d-4c79-44e1-bed2-d95f245ee96a" testId="816814c6-e83f-da87-ffd1-92aa41bb1752" testName="TestSaveEmptyConfiguration" computerName="DKSR-EFI-04" duration="00:00:00.2221927" startTime="2023-12-22T09:34:44.0534814+01:00" endTime="2023-12-22T09:34:44.2722320+01:00" testType="13cdc9d9-ddb5-4fa4-a97d-d965ccfc6d4b" outcome="Passed" testListId="8c84fa94-04c1-424b-9868-57a2d4851a1d" relativeResultsDirectory="3338f85d-4c79-44e1-bed2-d95f245ee96a" />
    <UnitTestResult executionId="758225a7-5054-4a60-951c-78c9605c5d46" testId="14499e35-211f-3973-6507-0af44d7a2adb" testName="TestCreateObjectsWithInvalidUser" computerName="DKSR-EFI-04" duration="00:00:00.0022608" startTime="2023-12-22T09:34:31.3502909+01:00" endTime="2023-12-22T09:34:31.3659146+01:00" testType="13cdc9d9-ddb5-4fa4-a97d-d965ccfc6d4b" outcome="Passed" testListId="8c84fa94-04c1-424b-9868-57a2d4851a1d" relativeResultsDirectory="758225a7-5054-4a60-951c-78c9605c5d46" />
    <UnitTestResult executionId="655e0180-4316-4fb3-bc15-e4be4036d315" testId="baaab09b-6eca-5e98-86f6-dac293760416" testName="TestRemoveElementWithServerIdPointingToADifferentServer" computerName="DKSR-EFI-04" duration="00:00:00.0114274" startTime="2023-12-22T09:34:36.7253183+01:00" endTime="2023-12-22T09:34:36.7409445+01:00" testType="13cdc9d9-ddb5-4fa4-a97d-d965ccfc6d4b" outcome="Passed" testListId="8c84fa94-04c1-424b-9868-57a2d4851a1d" relativeResultsDirectory="655e0180-4316-4fb3-bc15-e4be4036d315" />
    <UnitTestResult executionId="b5d88b4b-6955-404d-ac1d-cc7a87bcb106" testId="2f123298-872a-ab68-13c5-f31ac74304cf" testName="TestSetVisualizationThrowingUnhandledException" computerName="DKSR-EFI-04" duration="00:00:00.0061604" startTime="2023-12-22T09:34:28.1003131+01:00" endTime="2023-12-22T09:34:28.1003131+01:00" testType="13cdc9d9-ddb5-4fa4-a97d-d965ccfc6d4b" outcome="Passed" testListId="8c84fa94-04c1-424b-9868-57a2d4851a1d" relativeResultsDirectory="b5d88b4b-6955-404d-ac1d-cc7a87bcb106" />
    <UnitTestResult executionId="d5b4dc3c-0255-4052-881d-134f08d4cfe7" testId="09f25e02-1fea-e16e-0d02-81e3a86fadf2" testName="TestConstructorWithVisualElementStorageDatabase" computerName="DKSR-EFI-04" duration="00:00:00.0101160" startTime="2023-12-22T09:34:38.1003280+01:00" endTime="2023-12-22T09:34:38.1159538+01:00" testType="13cdc9d9-ddb5-4fa4-a97d-d965ccfc6d4b" outcome="Passed" testListId="8c84fa94-04c1-424b-9868-57a2d4851a1d" relativeResultsDirectory="d5b4dc3c-0255-4052-881d-134f08d4cfe7" />
    <UnitTestResult executionId="4fe5ef20-865b-4bc9-ae3b-ec8165c10003" testId="3d5a24db-0f68-99b2-64d0-ba5e0166d828" testName="TestLoadXMLWithAllCorrectValues" computerName="DKSR-EFI-04" duration="00:00:00.0041171" startTime="2023-12-22T09:34:37.3815715+01:00" endTime="2023-12-22T09:34:37.3815715+01:00" testType="13cdc9d9-ddb5-4fa4-a97d-d965ccfc6d4b" outcome="Passed" testListId="8c84fa94-04c1-424b-9868-57a2d4851a1d" relativeResultsDirectory="4fe5ef20-865b-4bc9-ae3b-ec8165c10003" />
    <UnitTestResult executionId="e410e76c-cd54-419e-b53c-59c6f51d0d48" testId="92de626a-e1fe-77de-7215-859b49c72475" testName="TestUpdateObjectsThrowingUnhandledException" computerName="DKSR-EFI-04" duration="00:00:00.0045315" startTime="2023-12-22T09:34:30.9440393+01:00" endTime="2023-12-22T09:34:30.9440393+01:00" testType="13cdc9d9-ddb5-4fa4-a97d-d965ccfc6d4b" outcome="Passed" testListId="8c84fa94-04c1-424b-9868-57a2d4851a1d" relativeResultsDirectory="e410e76c-cd54-419e-b53c-59c6f51d0d48" />
    <UnitTestResult executionId="531226af-6dde-4f89-a0bf-e42feb2494bf" testId="ee13aa96-0440-147e-1f8e-74e5f001e7b6" testName="TestUpdateObjectsWithServerIDInID" computerName="DKSR-EFI-04" duration="00:00:00.0026257" startTime="2023-12-22T09:34:31.4127907+01:00" endTime="2023-12-22T09:34:31.4127907+01:00" testType="13cdc9d9-ddb5-4fa4-a97d-d965ccfc6d4b" outcome="Passed" testListId="8c84fa94-04c1-424b-9868-57a2d4851a1d" relativeResultsDirectory="531226af-6dde-4f89-a0bf-e42feb2494bf" />
    <UnitTestResult executionId="ab91164c-7945-4c81-871e-c7e32bd96ba9" testId="adb75ea3-f777-5203-f799-d1fc58ef10b1" testName="TestGetStatusDetails" computerName="DKSR-EFI-04" duration="00:00:00.0035970" startTime="2023-12-22T09:34:29.3346544+01:00" endTime="2023-12-22T09:34:29.3346544+01:00" testType="13cdc9d9-ddb5-4fa4-a97d-d965ccfc6d4b" outcome="Passed" testListId="8c84fa94-04c1-424b-9868-57a2d4851a1d" relativeResultsDirectory="ab91164c-7945-4c81-871e-c7e32bd96ba9" />
    <UnitTestResult executionId="ecdbd2de-da96-477b-b1d4-09c14c401839" testId="64bbd06a-f128-7831-8994-8de215c9a12a" testName="TestRemoveElementAndChildElementsWithOwnerElementMarkedForDeletion" computerName="DKSR-EFI-04" duration="00:00:00.0039492" startTime="2023-12-22T09:34:36.8659460+01:00" endTime="2023-12-22T09:34:36.8659460+01:00" testType="13cdc9d9-ddb5-4fa4-a97d-d965ccfc6d4b" outcome="Passed" testListId="8c84fa94-04c1-424b-9868-57a2d4851a1d" relativeResultsDirectory="ecdbd2de-da96-477b-b1d4-09c14c401839" />
    <UnitTestResult executionId="72007f84-366f-4435-a5b6-fdeb9e7ec6e5" testId="7b03728c-06a1-8649-8ebb-9e968a991819" testName="TestConstructor" computerName="DKSR-EFI-04" duration="00:00:00.0191338" startTime="2023-12-22T09:34:32.7096712+01:00" endTime="2023-12-22T09:34:32.7409236+01:00" testType="13cdc9d9-ddb5-4fa4-a97d-d965ccfc6d4b" outcome="Passed" testListId="8c84fa94-04c1-424b-9868-57a2d4851a1d" relativeResultsDirectory="72007f84-366f-4435-a5b6-fdeb9e7ec6e5" />
    <UnitTestResult executionId="3e6bde00-26f5-4c55-9de6-00dd677e0129" testId="27182808-95bc-ca7b-c30b-ad0be6d3ff3a" testName="TestGetVisualElementChangesWithNegativeTimeout" computerName="DKSR-EFI-04" duration="00:00:00.0011011" startTime="2023-12-22T09:34:31.2721652+01:00" endTime="2023-12-22T09:34:31.2721652+01:00" testType="13cdc9d9-ddb5-4fa4-a97d-d965ccfc6d4b" outcome="Passed" testListId="8c84fa94-04c1-424b-9868-57a2d4851a1d" relativeResultsDirectory="3e6bde00-26f5-4c55-9de6-00dd677e0129" />
    <UnitTestResult executionId="0d6b7abf-61cf-4d93-b186-8ea1dfd3c9f8" testId="047deb11-1146-c672-a956-83af88e9f848" testName="TestGetObjectsWithinGPSAreaWithValidParameters" computerName="DKSR-EFI-04" duration="00:00:00.0031196" startTime="2023-12-22T09:34:31.0534138+01:00" endTime="2023-12-22T09:34:31.0690382+01:00" testType="13cdc9d9-ddb5-4fa4-a97d-d965ccfc6d4b" outcome="Passed" testListId="8c84fa94-04c1-424b-9868-57a2d4851a1d" relativeResultsDirectory="0d6b7abf-61cf-4d93-b186-8ea1dfd3c9f8" />
    <UnitTestResult executionId="149ee5db-849b-44eb-995e-97f8eaa859e1" testId="54ea5201-a555-396e-a44c-4ddf5a575693" testName="TestActionCommandCredentialsExecuteAction" computerName="DKSR-EFI-04" duration="00:00:00.0025554" startTime="2023-12-22T09:34:39.0065791+01:00" endTime="2023-12-22T09:34:39.0065791+01:00" testType="13cdc9d9-ddb5-4fa4-a97d-d965ccfc6d4b" outcome="Passed" testListId="8c84fa94-04c1-424b-9868-57a2d4851a1d" relativeResultsDirectory="149ee5db-849b-44eb-995e-97f8eaa859e1" />
    <UnitTestResult executionId="e7807586-8f17-40fd-9f72-ef924a3ed627" testId="12586267-0673-3fe4-7439-32d08ed9f40e" testName="GetEventSourceReturnsSourceWhenNotUserDefinedEvent" computerName="DKSR-EFI-04" duration="00:00:00.0017281" startTime="2023-12-22T09:34:40.8972131+01:00" endTime="2023-12-22T09:34:40.8972131+01:00" testType="13cdc9d9-ddb5-4fa4-a97d-d965ccfc6d4b" outcome="Passed" testListId="8c84fa94-04c1-424b-9868-57a2d4851a1d" relativeResultsDirectory="e7807586-8f17-40fd-9f72-ef924a3ed627" />
    <UnitTestResult executionId="53a1be6b-3add-4f5f-9210-195da3b9a07e" testId="ccfdb732-b4f9-66b8-8a41-9bc827d46e1b" testName="TestDeleteObjectAndChildObjectsThrowingUnhandledException" computerName="DKSR-EFI-04" duration="00:00:00.0013601" startTime="2023-12-22T09:34:31.1471646+01:00" endTime="2023-12-22T09:34:31.1471646+01:00" testType="13cdc9d9-ddb5-4fa4-a97d-d965ccfc6d4b" outcome="Passed" testListId="8c84fa94-04c1-424b-9868-57a2d4851a1d" relativeResultsDirectory="53a1be6b-3add-4f5f-9210-195da3b9a07e" />
    <UnitTestResult executionId="89ac7d34-087c-4a22-b2a3-15fc3884c323" testId="e4f8b770-0d81-23f2-8871-d75af01e388b" testName="TestInitalizationWithException" computerName="DKSR-EFI-04" duration="00:00:00.0024060" startTime="2023-12-22T09:34:32.6471726+01:00" endTime="2023-12-22T09:34:32.6471726+01:00" testType="13cdc9d9-ddb5-4fa4-a97d-d965ccfc6d4b" outcome="Passed" testListId="8c84fa94-04c1-424b-9868-57a2d4851a1d" relativeResultsDirectory="89ac7d34-087c-4a22-b2a3-15fc3884c323" />
    <UnitTestResult executionId="73031a52-f15c-4ad4-96ab-f69195cb3c3d" testId="9688a158-7527-5fc3-8f52-444dcee106fa" testName="TestGetVisualElementChangesWithPositiveTimeout" computerName="DKSR-EFI-04" duration="00:00:00.1316941" startTime="2023-12-22T09:34:28.1315233+01:00" endTime="2023-12-22T09:34:28.2721503+01:00" testType="13cdc9d9-ddb5-4fa4-a97d-d965ccfc6d4b" outcome="Passed" testListId="8c84fa94-04c1-424b-9868-57a2d4851a1d" relativeResultsDirectory="73031a52-f15c-4ad4-96ab-f69195cb3c3d" />
    <UnitTestResult executionId="2a2f168a-1996-46f3-84c6-0b52d0867d4f" testId="339967ea-4862-67f1-7ac1-d6c751900a46" testName="TestUpdateNameThrowingUnhandledException" computerName="DKSR-EFI-04" duration="00:00:00.0039591" startTime="2023-12-22T09:34:30.9596621+01:00" endTime="2023-12-22T09:34:30.9596621+01:00" testType="13cdc9d9-ddb5-4fa4-a97d-d965ccfc6d4b" outcome="Passed" testListId="8c84fa94-04c1-424b-9868-57a2d4851a1d" relativeResultsDirectory="2a2f168a-1996-46f3-84c6-0b52d0867d4f" />
    <UnitTestResult executionId="477f190f-4179-4dd4-9d1e-ea592389328d" testId="64480e1f-7942-5150-b48e-e50327aba391" testName="StartAndClose_ShouldNotThrowExceptions" computerName="DKSR-EFI-04" duration="00:00:00.1687425" startTime="2023-12-22T09:34:41.6472191+01:00" endTime="2023-12-22T09:34:41.8190998+01:00" testType="13cdc9d9-ddb5-4fa4-a97d-d965ccfc6d4b" outcome="Passed" testListId="8c84fa94-04c1-424b-9868-57a2d4851a1d" relativeResultsDirectory="477f190f-4179-4dd4-9d1e-ea592389328d" />
    <UnitTestResult executionId="00e645b5-dbcb-4a3f-abc9-be2ee55bac13" testId="77d33b19-697e-aae6-4835-530b4384aafd" testName="TestOneACSystemPLUnsupportedOneACSystemPLDisabled" computerName="DKSR-EFI-04" duration="00:00:00.0022321" startTime="2023-12-22T09:34:39.7722097+01:00" endTime="2023-12-22T09:34:39.7722097+01:00" testType="13cdc9d9-ddb5-4fa4-a97d-d965ccfc6d4b" outcome="Passed" testListId="8c84fa94-04c1-424b-9868-57a2d4851a1d" relativeResultsDirectory="00e645b5-dbcb-4a3f-abc9-be2ee55bac13" />
    <UnitTestResult executionId="e17ca6e2-8665-41b0-b27a-0103bd76a52b" testId="9d68ca30-4c58-7743-728e-6fe99570fd2e" testName="TestGetVisualizationChangesWithNulTimeout" computerName="DKSR-EFI-04" duration="00:00:00.0036102" startTime="2023-12-22T09:34:29.3815305+01:00" endTime="2023-12-22T09:34:29.3971563+01:00" testType="13cdc9d9-ddb5-4fa4-a97d-d965ccfc6d4b" outcome="Passed" testListId="8c84fa94-04c1-424b-9868-57a2d4851a1d" relativeResultsDirectory="e17ca6e2-8665-41b0-b27a-0103bd76a52b" />
    <UnitTestResult executionId="5d4785e4-9178-4d1a-b0d1-f419a4cb8768" testId="1d7b4bc5-a1ca-c2fd-17bb-f050e55a81e6" testName="TestGetAllObjectIDsOnVisualElementWithInvalidUser" computerName="DKSR-EFI-04" duration="00:00:00.0025828" startTime="2023-12-22T09:34:30.4284109+01:00" endTime="2023-12-22T09:34:30.4284109+01:00" testType="13cdc9d9-ddb5-4fa4-a97d-d965ccfc6d4b" outcome="Passed" testListId="8c84fa94-04c1-424b-9868-57a2d4851a1d" relativeResultsDirectory="5d4785e4-9178-4d1a-b0d1-f419a4cb8768" />
    <UnitTestResult executionId="8e6798d9-0135-431a-8bc5-28be0d475c9c" testId="6e3b7265-e6a8-b513-1aba-7f283cb0a057" testName="TestGetAllElementsOfTypeIncludeRootOnSingleTreeWithDeletedElement" computerName="DKSR-EFI-04" duration="00:00:00.0053590" startTime="2023-12-22T09:34:36.4440668+01:00" endTime="2023-12-22T09:34:36.4440668+01:00" testType="13cdc9d9-ddb5-4fa4-a97d-d965ccfc6d4b" outcome="Passed" testListId="8c84fa94-04c1-424b-9868-57a2d4851a1d" relativeResultsDirectory="8e6798d9-0135-431a-8bc5-28be0d475c9c" />
    <UnitTestResult executionId="003f247c-b310-4842-8d1b-188ac0943f75" testId="e11d37c3-85ce-b634-94ea-08dd0ce22124" testName="TestInsertElementWithoutTypeId" computerName="DKSR-EFI-04" duration="00:00:00.0102753" startTime="2023-12-22T09:34:35.3659360+01:00" endTime="2023-12-22T09:34:35.3659360+01:00" testType="13cdc9d9-ddb5-4fa4-a97d-d965ccfc6d4b" outcome="Passed" testListId="8c84fa94-04c1-424b-9868-57a2d4851a1d" relativeResultsDirectory="003f247c-b310-4842-8d1b-188ac0943f75" />
    <UnitTestResult executionId="7e34ba80-05fb-4583-b53c-3df5d5f07d88" testId="538d15af-d60d-120f-62fb-8e6efc0bc2dc" testName="TestLoadConfigurationWithRelationToDifferentServer" computerName="DKSR-EFI-04" duration="00:00:00.0123325" startTime="2023-12-22T09:34:34.0378038+01:00" endTime="2023-12-22T09:34:34.0534283+01:00" testType="13cdc9d9-ddb5-4fa4-a97d-d965ccfc6d4b" outcome="Passed" testListId="8c84fa94-04c1-424b-9868-57a2d4851a1d" relativeResultsDirectory="7e34ba80-05fb-4583-b53c-3df5d5f07d88" />
    <UnitTestResult executionId="f973402a-2c73-46d1-8f40-4622e3d4299e" testId="452b2ad6-63da-e377-e214-101b481a21fa" testName="TestGetInProgressAlarms" computerName="DKSR-EFI-04" duration="00:00:00.0008871" startTime="2023-12-22T09:34:38.0378251+01:00" endTime="2023-12-22T09:34:38.0378251+01:00" testType="13cdc9d9-ddb5-4fa4-a97d-d965ccfc6d4b" outcome="Passed" testListId="8c84fa94-04c1-424b-9868-57a2d4851a1d" relativeResultsDirectory="f973402a-2c73-46d1-8f40-4622e3d4299e" />
    <UnitTestResult executionId="db42ead9-09b2-49ef-9996-23b25bbea32a" testId="af29d6a7-9195-dd2c-d311-f4fe2ac86487" testName="TestGetManyDataWithPrune10Percent" computerName="DKSR-EFI-04" duration="00:00:00.0167051" startTime="2023-12-22T09:34:27.4440214+01:00" endTime="2023-12-22T09:34:27.4596442+01:00" testType="13cdc9d9-ddb5-4fa4-a97d-d965ccfc6d4b" outcome="Passed" testListId="8c84fa94-04c1-424b-9868-57a2d4851a1d" relativeResultsDirectory="db42ead9-09b2-49ef-9996-23b25bbea32a" />
    <UnitTestResult executionId="ade7e67a-d6e5-4e71-8ccf-f680ffb28b79" testId="91fc9898-562e-ac60-b27b-73fa95a2dbfc" testName="TestGetElementWithInvalidId" computerName="DKSR-EFI-04" duration="00:00:00.0023119" startTime="2023-12-22T09:34:36.1471887+01:00" endTime="2023-12-22T09:34:36.1471887+01:00" testType="13cdc9d9-ddb5-4fa4-a97d-d965ccfc6d4b" outcome="Passed" testListId="8c84fa94-04c1-424b-9868-57a2d4851a1d" relativeResultsDirectory="ade7e67a-d6e5-4e71-8ccf-f680ffb28b79" />
    <UnitTestResult executionId="c3ff5b63-99f2-4548-bbff-d50af9c43fff" testId="40a81d98-a499-52ae-1497-235c31f6f116" testName="TestGetIconWithUnknownIcon" computerName="DKSR-EFI-04" duration="00:00:00.0001946" startTime="2023-12-22T09:34:33.7565542+01:00" endTime="2023-12-22T09:34:33.7565542+01:00" testType="13cdc9d9-ddb5-4fa4-a97d-d965ccfc6d4b" outcome="Passed" testListId="8c84fa94-04c1-424b-9868-57a2d4851a1d" relativeResultsDirectory="c3ff5b63-99f2-4548-bbff-d50af9c43fff" />
    <UnitTestResult executionId="77139f49-2ec6-49a3-81fa-34b800713a8f" testId="5c1b319b-f4f1-4700-614d-09ac09c16f25" testName="StartAndClose_StartsAndStopsCleanupThread" computerName="DKSR-EFI-04" duration="00:00:01.0900823" startTime="2023-12-22T09:34:23.4752515+01:00" endTime="2023-12-22T09:34:24.5690058+01:00" testType="13cdc9d9-ddb5-4fa4-a97d-d965ccfc6d4b" outcome="Passed" testListId="8c84fa94-04c1-424b-9868-57a2d4851a1d" relativeResultsDirectory="77139f49-2ec6-49a3-81fa-34b800713a8f" />
    <UnitTestResult executionId="ff55b47c-eaab-422d-a4f0-270ba02cfe04" testId="239f97ad-944d-968b-1719-9af125fd5862" testName="TestItemAddedWithAnAllreadyExistingItemWithSameID" computerName="DKSR-EFI-04" duration="00:00:00.0043432" startTime="2023-12-22T09:34:33.7096794+01:00" endTime="2023-12-22T09:34:33.7253032+01:00" testType="13cdc9d9-ddb5-4fa4-a97d-d965ccfc6d4b" outcome="Passed" testListId="8c84fa94-04c1-424b-9868-57a2d4851a1d" relativeResultsDirectory="ff55b47c-eaab-422d-a4f0-270ba02cfe04" />
    <UnitTestResult executionId="ee911db9-1256-4ee3-92e9-6508828ae298" testId="9322c0f2-8323-a37b-92d5-ec05121f9230" testName="TestProperties" computerName="DKSR-EFI-04" duration="00:00:00.0036434" startTime="2023-12-22T09:34:38.5534534+01:00" endTime="2023-12-22T09:34:38.5690769+01:00" testType="13cdc9d9-ddb5-4fa4-a97d-d965ccfc6d4b" outcome="Passed" testListId="8c84fa94-04c1-424b-9868-57a2d4851a1d" relativeResultsDirectory="ee911db9-1256-4ee3-92e9-6508828ae298" />
    <UnitTestResult executionId="a8ab3a98-a85e-42ac-9840-5ab41fca5269" testId="c9faf224-a0ec-ef88-2f10-44b1fbb47a0c" testName="TestGetPlugInsWithEmptyList" computerName="DKSR-EFI-04" duration="00:00:00.0140894" startTime="2023-12-22T09:34:32.9596734+01:00" endTime="2023-12-22T09:34:32.9752978+01:00" testType="13cdc9d9-ddb5-4fa4-a97d-d965ccfc6d4b" outcome="Passed" testListId="8c84fa94-04c1-424b-9868-57a2d4851a1d" relativeResultsDirectory="a8ab3a98-a85e-42ac-9840-5ab41fca5269" />
    <UnitTestResult executionId="60bb7064-0d4f-42c4-8e5d-5c682ab4513b" testId="6d458a07-7789-12ca-e3c7-7c0e4257399b" testName="TestClose" computerName="DKSR-EFI-04" duration="00:00:00.0005165" startTime="2023-12-22T09:34:37.2409467+01:00" endTime="2023-12-22T09:34:37.2409467+01:00" testType="13cdc9d9-ddb5-4fa4-a97d-d965ccfc6d4b" outcome="Passed" testListId="8c84fa94-04c1-424b-9868-57a2d4851a1d" relativeResultsDirectory="60bb7064-0d4f-42c4-8e5d-5c682ab4513b" />
    <UnitTestResult executionId="60b309ad-1fa2-4930-83f3-2f043ab546b6" testId="8d8dd4c5-5b28-e241-f21d-2bd80473286e" testName="TestDefaultIcon" computerName="DKSR-EFI-04" duration="00:00:00.0018103" startTime="2023-12-22T09:34:33.6940520+01:00" endTime="2023-12-22T09:34:33.6940520+01:00" testType="13cdc9d9-ddb5-4fa4-a97d-d965ccfc6d4b" outcome="Passed" testListId="8c84fa94-04c1-424b-9868-57a2d4851a1d" relativeResultsDirectory="60b309ad-1fa2-4930-83f3-2f043ab546b6" />
    <UnitTestResult executionId="d64f37bc-5b72-4850-bc2d-5e99a78b2837" testId="1557dd86-0b20-4175-8eff-cf0a11f48247" testName="TestCheckAuthorizationWhereNoCachedItemAndErrorFirstTime" computerName="DKSR-EFI-04" duration="00:00:00.0020058" startTime="2023-12-22T09:34:39.9597103+01:00" endTime="2023-12-22T09:34:39.9597103+01:00" testType="13cdc9d9-ddb5-4fa4-a97d-d965ccfc6d4b" outcome="Passed" testListId="8c84fa94-04c1-424b-9868-57a2d4851a1d" relativeResultsDirectory="d64f37bc-5b72-4850-bc2d-5e99a78b2837" />
    <UnitTestResult executionId="eff16ac0-08ce-4816-abd3-ed32313592b3" testId="1d0f1860-0023-b37e-c27f-76f745de67fa" testName="TestGetStatusVirtualServersWithServerNotOnMapInError" computerName="DKSR-EFI-04" duration="00:00:00.0773988" startTime="2023-12-22T09:34:34.5065596+01:00" endTime="2023-12-22T09:34:34.5846817+01:00" testType="13cdc9d9-ddb5-4fa4-a97d-d965ccfc6d4b" outcome="Passed" testListId="8c84fa94-04c1-424b-9868-57a2d4851a1d" relativeResultsDirectory="eff16ac0-08ce-4816-abd3-ed32313592b3" />
    <UnitTestResult executionId="7032a1a4-a937-461e-ad04-5ee60b54ed4d" testId="b065fdf1-2acb-9512-67e3-88357cc1f7bd" testName="TestUpdateAlarm" computerName="DKSR-EFI-04" duration="00:00:00.0156861" startTime="2023-12-22T09:34:32.3815497+01:00" endTime="2023-12-22T09:34:32.3971702+01:00" testType="13cdc9d9-ddb5-4fa4-a97d-d965ccfc6d4b" outcome="Passed" testListId="8c84fa94-04c1-424b-9868-57a2d4851a1d" relativeResultsDirectory="7032a1a4-a937-461e-ad04-5ee60b54ed4d" />
    <UnitTestResult executionId="48a1f4f4-54de-4162-825f-deaf18f49427" testId="26849c02-82a3-ad28-280e-07d6eb67ef6c" testName="TestGetElementWithInvalidOwnerId" computerName="DKSR-EFI-04" duration="00:00:00.0014357" startTime="2023-12-22T09:34:36.1628157+01:00" endTime="2023-12-22T09:34:36.1628157+01:00" testType="13cdc9d9-ddb5-4fa4-a97d-d965ccfc6d4b" outcome="Passed" testListId="8c84fa94-04c1-424b-9868-57a2d4851a1d" relativeResultsDirectory="48a1f4f4-54de-4162-825f-deaf18f49427" />
    <UnitTestResult executionId="87a11698-7a8e-4495-9dbc-077e3bd35db2" testId="d8e94a86-10aa-fdae-3afc-5be54dedcd54" testName="TestLoadEmptyConfiguration" computerName="DKSR-EFI-04" duration="00:00:00.0755831" startTime="2023-12-22T09:34:44.2878574+01:00" endTime="2023-12-22T09:34:44.3503586+01:00" testType="13cdc9d9-ddb5-4fa4-a97d-d965ccfc6d4b" outcome="Passed" testListId="8c84fa94-04c1-424b-9868-57a2d4851a1d" relativeResultsDirectory="87a11698-7a8e-4495-9dbc-077e3bd35db2" />
    <UnitTestResult executionId="8b052a9b-61a9-4f07-9a32-128ab5fa09bc" testId="7a2fd159-6d75-50b5-6d07-8acef305a64a" testName="UpdateDisplayXML_WithValidParameters" computerName="DKSR-EFI-04" duration="00:00:00.0046854" startTime="2023-12-22T09:34:31.8190441+01:00" endTime="2023-12-22T09:34:31.8190441+01:00" testType="13cdc9d9-ddb5-4fa4-a97d-d965ccfc6d4b" outcome="Passed" testListId="8c84fa94-04c1-424b-9868-57a2d4851a1d" relativeResultsDirectory="8b052a9b-61a9-4f07-9a32-128ab5fa09bc" />
    <UnitTestResult executionId="a84e3337-4cb9-4251-ad17-3cd430b6c86b" testId="d7b00472-0a8a-5b5d-fde7-8844bced6ccf" testName="TestToVisualElementWithAllVariables" computerName="DKSR-EFI-04" duration="00:00:00.0077792" startTime="2023-12-22T09:34:38.1940773+01:00" endTime="2023-12-22T09:34:38.2097023+01:00" testType="13cdc9d9-ddb5-4fa4-a97d-d965ccfc6d4b" outcome="Passed" testListId="8c84fa94-04c1-424b-9868-57a2d4851a1d" relativeResultsDirectory="a84e3337-4cb9-4251-ad17-3cd430b6c86b" />
    <UnitTestResult executionId="46468c4a-4c76-4ff1-af27-39a65bb9e8c5" testId="b2881d3b-eee1-9890-c856-d64e53b3cb2a" testName="TestUpdateStateSnooze" computerName="DKSR-EFI-04" duration="00:00:00.0047011" startTime="2023-12-22T09:34:37.5690728+01:00" endTime="2023-12-22T09:34:37.5690728+01:00" testType="13cdc9d9-ddb5-4fa4-a97d-d965ccfc6d4b" outcome="Passed" testListId="8c84fa94-04c1-424b-9868-57a2d4851a1d" relativeResultsDirectory="46468c4a-4c76-4ff1-af27-39a65bb9e8c5" />
    <UnitTestResult executionId="66c48338-d36f-4089-92a6-729b68537a2e" testId="636d32e8-b7d3-00d6-fb1c-4e5351abe4cb" testName="TestGetAllElementsOfTypeIncludeRootOnSingleTreeWithAccessDenied" computerName="DKSR-EFI-04" duration="00:00:00.0055872" startTime="2023-12-22T09:34:36.4440668+01:00" endTime="2023-12-22T09:34:36.4440668+01:00" testType="13cdc9d9-ddb5-4fa4-a97d-d965ccfc6d4b" outcome="Passed" testListId="8c84fa94-04c1-424b-9868-57a2d4851a1d" relativeResultsDirectory="66c48338-d36f-4089-92a6-729b68537a2e" />
    <UnitTestResult executionId="72515aac-796d-40bc-b773-c6068acb3f5d" testId="9d2e72d6-92ec-9416-6f65-3920a3a0eb8d" testName="TestCheckAuthorizationWithEnterpriseBasicUser" computerName="DKSR-EFI-04" duration="00:00:00.0049085" startTime="2023-12-22T09:34:39.8815863+01:00" endTime="2023-12-22T09:34:39.8972106+01:00" testType="13cdc9d9-ddb5-4fa4-a97d-d965ccfc6d4b" outcome="Passed" testListId="8c84fa94-04c1-424b-9868-57a2d4851a1d" relativeResultsDirectory="72515aac-796d-40bc-b773-c6068acb3f5d" />
    <UnitTestResult executionId="b3b5d1a2-0c14-483e-b2d8-2a09bfb8b6bf" testId="b56fc5e0-ca7d-23ae-8b09-7929cd0345db" testName="TestLoadXMLWithCorrectValues" computerName="DKSR-EFI-04" duration="00:00:00.0164741" startTime="2023-12-22T09:34:38.2097023+01:00" endTime="2023-12-22T09:34:38.2253257+01:00" testType="13cdc9d9-ddb5-4fa4-a97d-d965ccfc6d4b" outcome="Passed" testListId="8c84fa94-04c1-424b-9868-57a2d4851a1d" relativeResultsDirectory="b3b5d1a2-0c14-483e-b2d8-2a09bfb8b6bf" />
    <UnitTestResult executionId="87b234ae-cb4c-4f55-9084-091b21e44bb2" testId="1c94bdcf-8de3-0f60-783e-acd269e65780" testName="TestLoadConfigurationWithValidIdAndOwnerIdButWithoutRelationId" computerName="DKSR-EFI-04" duration="00:00:00.0044526" startTime="2023-12-22T09:34:33.9753039+01:00" endTime="2023-12-22T09:34:33.9909289+01:00" testType="13cdc9d9-ddb5-4fa4-a97d-d965ccfc6d4b" outcome="Passed" testListId="8c84fa94-04c1-424b-9868-57a2d4851a1d" relativeResultsDirectory="87b234ae-cb4c-4f55-9084-091b21e44bb2" />
    <UnitTestResult executionId="8743c393-3cbc-4223-b54e-1fe3268003e6" testId="dbbc5690-fac2-1b11-1e8a-0424a979bf51" testName="TestInsertElementRootElementsAndRecursively" computerName="DKSR-EFI-04" duration="00:00:00.0998712" startTime="2023-12-22T09:34:35.4440611+01:00" endTime="2023-12-22T09:34:35.5378127+01:00" testType="13cdc9d9-ddb5-4fa4-a97d-d965ccfc6d4b" outcome="Passed" testListId="8c84fa94-04c1-424b-9868-57a2d4851a1d" relativeResultsDirectory="8743c393-3cbc-4223-b54e-1fe3268003e6" />
    <UnitTestResult executionId="56620708-c608-472f-9df2-f8257a0ba79c" testId="eb2f2cd7-c193-fc00-42d8-b5c3c4bea8bc" testName="TestConstructorWithVisualElement" computerName="DKSR-EFI-04" duration="00:00:00.0023395" startTime="2023-12-22T09:34:37.3503226+01:00" endTime="2023-12-22T09:34:37.3503226+01:00" testType="13cdc9d9-ddb5-4fa4-a97d-d965ccfc6d4b" outcome="Passed" testListId="8c84fa94-04c1-424b-9868-57a2d4851a1d" relativeResultsDirectory="56620708-c608-472f-9df2-f8257a0ba79c" />
    <UnitTestResult executionId="2032f029-f26e-4bfb-973d-52de8b41feee" testId="77c0946a-35e6-2594-81e6-6e9900eb9d47" testName="TestItemsWithItemIdsAll" computerName="DKSR-EFI-04" duration="00:00:00.0030317" startTime="2023-12-22T09:34:33.8034282+01:00" endTime="2023-12-22T09:34:33.8034282+01:00" testType="13cdc9d9-ddb5-4fa4-a97d-d965ccfc6d4b" outcome="Passed" testListId="8c84fa94-04c1-424b-9868-57a2d4851a1d" relativeResultsDirectory="2032f029-f26e-4bfb-973d-52de8b41feee" />
    <UnitTestResult executionId="8aacd65f-80d1-4793-88ac-9cde906504b1" testId="3ca06c88-151a-d031-1bc7-e0c52536e410" testName="TestLookup" computerName="DKSR-EFI-04" duration="00:00:00.4849838" startTime="2023-12-22T09:34:21.2564888+01:00" endTime="2023-12-22T09:34:21.7408682+01:00" testType="13cdc9d9-ddb5-4fa4-a97d-d965ccfc6d4b" outcome="Passed" testListId="8c84fa94-04c1-424b-9868-57a2d4851a1d" relativeResultsDirectory="8aacd65f-80d1-4793-88ac-9cde906504b1" />
    <UnitTestResult executionId="d0896048-92c2-4d20-87b1-6337fca91c7a" testId="772da960-f2ad-972a-fa28-e9bdb8e341f0" testName="TestDeleteObjectsThrowingUnhandledException" computerName="DKSR-EFI-04" duration="00:00:00.0027815" startTime="2023-12-22T09:34:30.4909113+01:00" endTime="2023-12-22T09:34:30.4909113+01:00" testType="13cdc9d9-ddb5-4fa4-a97d-d965ccfc6d4b" outcome="Passed" testListId="8c84fa94-04c1-424b-9868-57a2d4851a1d" relativeResultsDirectory="d0896048-92c2-4d20-87b1-6337fca91c7a" />
    <UnitTestResult executionId="a34f00ea-29ed-4281-a540-80d177985f5a" testId="69d89368-0003-59a3-862b-580f1edee151" testName="TestLoadXMLWithNoParametersCorrect" computerName="DKSR-EFI-04" duration="00:00:00.0036491" startTime="2023-12-22T09:34:38.2409516+01:00" endTime="2023-12-22T09:34:38.2409516+01:00" testType="13cdc9d9-ddb5-4fa4-a97d-d965ccfc6d4b" outcome="Passed" testListId="8c84fa94-04c1-424b-9868-57a2d4851a1d" relativeResultsDirectory="a34f00ea-29ed-4281-a540-80d177985f5a" />
    <UnitTestResult executionId="ba4c7cb0-7714-4fb7-a37a-fa868710fcc7" testId="8abea1fb-283d-af2d-c3b8-2ae185aa87f2" testName="TestGetIconDataThrowingUnhandledException" computerName="DKSR-EFI-04" duration="00:00:00.0028496" startTime="2023-12-22T09:34:31.6784174+01:00" endTime="2023-12-22T09:34:31.6784174+01:00" testType="13cdc9d9-ddb5-4fa4-a97d-d965ccfc6d4b" outcome="Passed" testListId="8c84fa94-04c1-424b-9868-57a2d4851a1d" relativeResultsDirectory="ba4c7cb0-7714-4fb7-a37a-fa868710fcc7" />
    <UnitTestResult executionId="14a8e96d-727d-4a86-b32b-a6890d27f06b" testId="c8a5b676-dccb-ef85-25d7-22cd0f991d41" testName="TestGetStatusWithSameItemsInDifferentLevels" computerName="DKSR-EFI-04" duration="00:00:00.0152579" startTime="2023-12-22T09:34:34.7878086+01:00" endTime="2023-12-22T09:34:34.8034346+01:00" testType="13cdc9d9-ddb5-4fa4-a97d-d965ccfc6d4b" outcome="Passed" testListId="8c84fa94-04c1-424b-9868-57a2d4851a1d" relativeResultsDirectory="14a8e96d-727d-4a86-b32b-a6890d27f06b" />
    <UnitTestResult executionId="d79968b5-c3e6-44f4-a1b2-6c36e7785557" testId="81617092-5393-a84c-34e3-a0234bd9367b" testName="TestGetItemOperationalStateWithUnknownItem" computerName="DKSR-EFI-04" duration="00:00:00.0002098" startTime="2023-12-22T09:34:33.7721794+01:00" endTime="2023-12-22T09:34:33.7721794+01:00" testType="13cdc9d9-ddb5-4fa4-a97d-d965ccfc6d4b" outcome="Passed" testListId="8c84fa94-04c1-424b-9868-57a2d4851a1d" relativeResultsDirectory="d79968b5-c3e6-44f4-a1b2-6c36e7785557" />
    <UnitTestResult executionId="3b253bd4-c55a-411d-99d0-7138e5a44a69" testId="06c41f3f-b907-8887-c033-31260fa78eef" testName="TestGetAllElementsOfTypeIncludeRootOnSingleTree" computerName="DKSR-EFI-04" duration="00:00:00.0076818" startTime="2023-12-22T09:34:36.4128183+01:00" endTime="2023-12-22T09:34:36.4128183+01:00" testType="13cdc9d9-ddb5-4fa4-a97d-d965ccfc6d4b" outcome="Passed" testListId="8c84fa94-04c1-424b-9868-57a2d4851a1d" relativeResultsDirectory="3b253bd4-c55a-411d-99d0-7138e5a44a69" />
    <UnitTestResult executionId="4706c2d5-9e17-48b6-9b14-1fdf161558c8" testId="0c5eded9-aaa4-989f-6237-6788ed673cd4" testName="EventConverter_ParseMetadata_Metadata_Success" computerName="DKSR-EFI-04" duration="00:00:00.0058902" startTime="2023-12-22T09:34:39.3347077+01:00" endTime="2023-12-22T09:34:39.3347077+01:00" testType="13cdc9d9-ddb5-4fa4-a97d-d965ccfc6d4b" outcome="Passed" testListId="8c84fa94-04c1-424b-9868-57a2d4851a1d" relativeResultsDirectory="4706c2d5-9e17-48b6-9b14-1fdf161558c8" />
    <UnitTestResult executionId="e06bc5d4-8817-4fc8-bf8f-96f55cb90f08" testId="7d179d52-6296-c46b-b9c6-bedbd352ed5d" testName="TestGetXMLWithNullVariables" computerName="DKSR-EFI-04" duration="00:00:00.0002553" startTime="2023-12-22T09:34:37.3190754+01:00" endTime="2023-12-22T09:34:37.3190754+01:00" testType="13cdc9d9-ddb5-4fa4-a97d-d965ccfc6d4b" outcome="Passed" testListId="8c84fa94-04c1-424b-9868-57a2d4851a1d" relativeResultsDirectory="e06bc5d4-8817-4fc8-bf8f-96f55cb90f08" />
    <UnitTestResult executionId="07aac489-37c6-4e12-bda1-c5e9e0ee9d0e" testId="2d8314f9-b762-640e-1727-efd841637061" testName="TestUserIDTypeConvertFromConstant" computerName="DKSR-EFI-04" duration="00:00:00.0036276" startTime="2023-12-22T09:34:33.8190531+01:00" endTime="2023-12-22T09:34:33.8190531+01:00" testType="13cdc9d9-ddb5-4fa4-a97d-d965ccfc6d4b" outcome="Passed" testListId="8c84fa94-04c1-424b-9868-57a2d4851a1d" relativeResultsDirectory="07aac489-37c6-4e12-bda1-c5e9e0ee9d0e" />
    <UnitTestResult executionId="e809db9f-d741-4ce0-9b6c-b6666d90cee4" testId="8f3e35ff-63ef-1a88-09e9-b0cb0f94c131" testName="TestRemoveUserAfterUserAdded" computerName="DKSR-EFI-04" duration="00:00:00.0099886" startTime="2023-12-22T09:34:40.1315866+01:00" endTime="2023-12-22T09:34:40.1472096+01:00" testType="13cdc9d9-ddb5-4fa4-a97d-d965ccfc6d4b" outcome="Passed" testListId="8c84fa94-04c1-424b-9868-57a2d4851a1d" relativeResultsDirectory="e809db9f-d741-4ce0-9b6c-b6666d90cee4" />
    <UnitTestResult executionId="25d60b9a-841e-4fea-9a7e-f648970c0c2c" testId="2a55247b-2cad-1fbf-576f-ee8cf6fab5af" testName="TestConstructor" computerName="DKSR-EFI-04" duration="00:00:00.0002369" startTime="2023-12-22T09:34:33.8190531+01:00" endTime="2023-12-22T09:34:33.8190531+01:00" testType="13cdc9d9-ddb5-4fa4-a97d-d965ccfc6d4b" outcome="Passed" testListId="8c84fa94-04c1-424b-9868-57a2d4851a1d" relativeResultsDirectory="25d60b9a-841e-4fea-9a7e-f648970c0c2c" />
    <UnitTestResult executionId="b68452f8-3a34-4eb6-b40b-184622191a1a" testId="6c816cd8-81f7-b68e-6d6b-86481f285a46" testName="TestGetStatusDetailsWithValidCamera" computerName="DKSR-EFI-04" duration="00:00:00.0201755" startTime="2023-12-22T09:34:37.4596958+01:00" endTime="2023-12-22T09:34:37.4753215+01:00" testType="13cdc9d9-ddb5-4fa4-a97d-d965ccfc6d4b" outcome="Passed" testListId="8c84fa94-04c1-424b-9868-57a2d4851a1d" relativeResultsDirectory="b68452f8-3a34-4eb6-b40b-184622191a1a" />
    <UnitTestResult executionId="bfad9bdd-1b09-4fa1-8bd2-ca58cdc12f16" testId="f58950ee-e6c3-81cd-8922-0a07966b4341" testName="TestIconWithNull" computerName="DKSR-EFI-04" duration="00:00:00.0001337" startTime="2023-12-22T09:34:32.7096712+01:00" endTime="2023-12-22T09:34:32.7096712+01:00" testType="13cdc9d9-ddb5-4fa4-a97d-d965ccfc6d4b" outcome="Passed" testListId="8c84fa94-04c1-424b-9868-57a2d4851a1d" relativeResultsDirectory="bfad9bdd-1b09-4fa1-8bd2-ca58cdc12f16" />
    <UnitTestResult executionId="89de6343-6999-4679-bb97-677077f657fa" testId="39827c9d-0a3a-6549-39f1-5086a67e0ad2" testName="TestProperties" computerName="DKSR-EFI-04" duration="00:00:00.0036036" startTime="2023-12-22T09:34:38.5534534+01:00" endTime="2023-12-22T09:34:38.5534534+01:00" testType="13cdc9d9-ddb5-4fa4-a97d-d965ccfc6d4b" outcome="Passed" testListId="8c84fa94-04c1-424b-9868-57a2d4851a1d" relativeResultsDirectory="89de6343-6999-4679-bb97-677077f657fa" />
    <UnitTestResult executionId="79dfa1f3-8acc-4a8d-997a-4e4d25a9e0d6" testId="04f5cf17-3879-e2fe-c47d-e29ce4541cc8" testName="TestUpdateElementWithRelationIdonADifferentServerButUsedId" computerName="DKSR-EFI-04" duration="00:00:00.0067935" startTime="2023-12-22T09:34:36.0534408+01:00" endTime="2023-12-22T09:34:36.0534408+01:00" testType="13cdc9d9-ddb5-4fa4-a97d-d965ccfc6d4b" outcome="Passed" testListId="8c84fa94-04c1-424b-9868-57a2d4851a1d" relativeResultsDirectory="79dfa1f3-8acc-4a8d-997a-4e4d25a9e0d6" />
    <UnitTestResult executionId="4c1369d5-d3f8-4d8c-99af-90515e7e4103" testId="dd9172a4-589d-2f12-840c-9e893bfa4aed" testName="TestGetStatusWithMarkForDeletionSubElements" computerName="DKSR-EFI-04" duration="00:00:00.0191490" startTime="2023-12-22T09:34:34.7565586+01:00" endTime="2023-12-22T09:34:34.7721850+01:00" testType="13cdc9d9-ddb5-4fa4-a97d-d965ccfc6d4b" outcome="Passed" testListId="8c84fa94-04c1-424b-9868-57a2d4851a1d" relativeResultsDirectory="4c1369d5-d3f8-4d8c-99af-90515e7e4103" />
    <UnitTestResult executionId="03dc2e76-eb09-4a44-8c65-9befa07613a0" testId="3602f2af-1d8b-4e06-08f7-1d54f19ae98b" testName="TestGetStatusDetailsWithValidCameraInUnknownLanguage" computerName="DKSR-EFI-04" duration="00:00:00.0091510" startTime="2023-12-22T09:34:37.4909473+01:00" endTime="2023-12-22T09:34:37.4909473+01:00" testType="13cdc9d9-ddb5-4fa4-a97d-d965ccfc6d4b" outcome="Passed" testListId="8c84fa94-04c1-424b-9868-57a2d4851a1d" relativeResultsDirectory="03dc2e76-eb09-4a44-8c65-9befa07613a0" />
    <UnitTestResult executionId="6536acaf-bddf-4223-b46e-750fa3bda128" testId="d8e0dc59-890c-1772-2405-bbda13b7b2e5" testName="TestConstructor" computerName="DKSR-EFI-04" duration="00:00:00.0013106" startTime="2023-12-22T09:34:38.4909514+01:00" endTime="2023-12-22T09:34:38.4909514+01:00" testType="13cdc9d9-ddb5-4fa4-a97d-d965ccfc6d4b" outcome="Passed" testListId="8c84fa94-04c1-424b-9868-57a2d4851a1d" relativeResultsDirectory="6536acaf-bddf-4223-b46e-750fa3bda128" />
    <UnitTestResult executionId="a67c6571-b132-4b02-9db4-4be9f4dcbda9" testId="54359a79-a350-b706-33cb-3a95c5e005c8" testName="TestAddingNullValueToCache" computerName="DKSR-EFI-04" duration="00:00:00.0010581" startTime="2023-12-22T09:34:27.4596442+01:00" endTime="2023-12-22T09:34:27.4596442+01:00" testType="13cdc9d9-ddb5-4fa4-a97d-d965ccfc6d4b" outcome="Passed" testListId="8c84fa94-04c1-424b-9868-57a2d4851a1d" relativeResultsDirectory="a67c6571-b132-4b02-9db4-4be9f4dcbda9" />
    <UnitTestResult executionId="5b56bbbe-78e2-4907-96a1-e596af875c58" testId="91188da9-d085-0bfd-d9b4-e5baf082c7ff" testName="TrimStart_ReturnInput_WhenInputDoesNotIncludePrefix" computerName="DKSR-EFI-04" duration="00:00:00.0002362" startTime="2023-12-22T09:34:44.8034874+01:00" endTime="2023-12-22T09:34:44.8034874+01:00" testType="13cdc9d9-ddb5-4fa4-a97d-d965ccfc6d4b" outcome="Passed" testListId="8c84fa94-04c1-424b-9868-57a2d4851a1d" relativeResultsDirectory="5b56bbbe-78e2-4907-96a1-e596af875c58" />
    <UnitTestResult executionId="fff6b402-fd12-4146-b0b7-d50e1c7955e5" testId="4626a3cc-2981-ad39-b754-149a49bbf0af" testName="TestUpdate" computerName="DKSR-EFI-04" duration="00:00:00.0101967" startTime="2023-12-22T09:34:32.8190498+01:00" endTime="2023-12-22T09:34:32.8190498+01:00" testType="13cdc9d9-ddb5-4fa4-a97d-d965ccfc6d4b" outcome="Passed" testListId="8c84fa94-04c1-424b-9868-57a2d4851a1d" relativeResultsDirectory="fff6b402-fd12-4146-b0b7-d50e1c7955e5" />
    <UnitTestResult executionId="6ccd3344-03f9-4fa9-a24f-94836aba3618" testId="58b7e4c2-677e-eaa1-ffab-7fefdbb47c57" testName="TestCreateObjectsWithValidParameters" computerName="DKSR-EFI-04" duration="00:00:00.0038780" startTime="2023-12-22T09:34:30.8659126+01:00" endTime="2023-12-22T09:34:30.8815380+01:00" testType="13cdc9d9-ddb5-4fa4-a97d-d965ccfc6d4b" outcome="Passed" testListId="8c84fa94-04c1-424b-9868-57a2d4851a1d" relativeResultsDirectory="6ccd3344-03f9-4fa9-a24f-94836aba3618" />
    <UnitTestResult executionId="b2bcc307-4639-4f93-a523-961ed7db20ef" testId="f8f331b8-d47d-c7f9-44dc-1c809a8198be" testName="TestRemoveUserWithNoUserAdded" computerName="DKSR-EFI-04" duration="00:00:00.0041111" startTime="2023-12-22T09:34:40.1315866+01:00" endTime="2023-12-22T09:34:40.1315866+01:00" testType="13cdc9d9-ddb5-4fa4-a97d-d965ccfc6d4b" outcome="Passed" testListId="8c84fa94-04c1-424b-9868-57a2d4851a1d" relativeResultsDirectory="b2bcc307-4639-4f93-a523-961ed7db20ef" />
    <UnitTestResult executionId="6b1c6bda-643f-4534-85dd-bad854ae8c67" testId="f9189ce9-0529-6c8d-0d9e-095d8eb96f4d" testName="TestGetItemOperationalState" computerName="DKSR-EFI-04" duration="00:00:00.0050800" startTime="2023-12-22T09:34:33.6003006+01:00" endTime="2023-12-22T09:34:33.6003006+01:00" testType="13cdc9d9-ddb5-4fa4-a97d-d965ccfc6d4b" outcome="Passed" testListId="8c84fa94-04c1-424b-9868-57a2d4851a1d" relativeResultsDirectory="6b1c6bda-643f-4534-85dd-bad854ae8c67" />
    <UnitTestResult executionId="a2a222a1-dda3-48d3-b482-4e3db5abb572" testId="48ac9e20-a22c-a01f-955d-1744f7f2749d" testName="TestExecuteWhileLockedWithNullAction" computerName="DKSR-EFI-04" duration="00:00:00.0014253" startTime="2023-12-22T09:34:27.4908955+01:00" endTime="2023-12-22T09:34:27.4908955+01:00" testType="13cdc9d9-ddb5-4fa4-a97d-d965ccfc6d4b" outcome="Passed" testListId="8c84fa94-04c1-424b-9868-57a2d4851a1d" relativeResultsDirectory="a2a222a1-dda3-48d3-b482-4e3db5abb572" />
    <UnitTestResult executionId="839121df-99f0-494b-b883-4e88469b5c92" testId="bd269d79-8d19-44db-f16d-abd4c7a4d073" testName="TestGetXMLWithNullValues" computerName="DKSR-EFI-04" duration="00:00:00.0005758" startTime="2023-12-22T09:34:38.3972042+01:00" endTime="2023-12-22T09:34:38.3972042+01:00" testType="13cdc9d9-ddb5-4fa4-a97d-d965ccfc6d4b" outcome="Passed" testListId="8c84fa94-04c1-424b-9868-57a2d4851a1d" relativeResultsDirectory="839121df-99f0-494b-b883-4e88469b5c92" />
    <UnitTestResult executionId="4f0a108b-843e-4f66-88c6-8f6f634bbd88" testId="fdf1736b-60b8-c0c0-9825-483b5108a5c6" testName="TestUpdateElementWithValidVisualElement" computerName="DKSR-EFI-04" duration="00:00:00.0128228" startTime="2023-12-22T09:34:35.9596899+01:00" endTime="2023-12-22T09:34:35.9753144+01:00" testType="13cdc9d9-ddb5-4fa4-a97d-d965ccfc6d4b" outcome="Passed" testListId="8c84fa94-04c1-424b-9868-57a2d4851a1d" relativeResultsDirectory="4f0a108b-843e-4f66-88c6-8f6f634bbd88" />
    <UnitTestResult executionId="909e9816-d623-40c5-894d-fa821cff8e7b" testId="4dd5f838-e829-4027-c8a3-3812e45a9213" testName="TestGetVisualizationChangesWithNullData" computerName="DKSR-EFI-04" duration="00:00:00.4971394" startTime="2023-12-22T09:34:29.5221568+01:00" endTime="2023-12-22T09:34:30.0221579+01:00" testType="13cdc9d9-ddb5-4fa4-a97d-d965ccfc6d4b" outcome="Passed" testListId="8c84fa94-04c1-424b-9868-57a2d4851a1d" relativeResultsDirectory="909e9816-d623-40c5-894d-fa821cff8e7b" />
    <UnitTestResult executionId="4d033375-3ee0-416a-9477-afd426c62eee" testId="a12f3afc-4dde-52fd-5e8c-5f5aa241141f" testName="TestGetStatusDetailThrowingUnhandledException" computerName="DKSR-EFI-04" duration="00:00:00.0032457" startTime="2023-12-22T09:34:28.0846477+01:00" endTime="2023-12-22T09:34:28.0846477+01:00" testType="13cdc9d9-ddb5-4fa4-a97d-d965ccfc6d4b" outcome="Passed" testListId="8c84fa94-04c1-424b-9868-57a2d4851a1d" relativeResultsDirectory="4d033375-3ee0-416a-9477-afd426c62eee" />
    <UnitTestResult executionId="dda6111e-4c2e-4940-b41a-2253e227897b" testId="26a34bf0-9be6-d865-071a-28334a9bd104" testName="TestSaveConfigurationWithMultipleElements" computerName="DKSR-EFI-04" duration="00:00:00.0041241" startTime="2023-12-22T09:34:34.0690541+01:00" endTime="2023-12-22T09:34:34.0690541+01:00" testType="13cdc9d9-ddb5-4fa4-a97d-d965ccfc6d4b" outcome="Passed" testListId="8c84fa94-04c1-424b-9868-57a2d4851a1d" relativeResultsDirectory="dda6111e-4c2e-4940-b41a-2253e227897b" />
    <UnitTestResult executionId="1e85e162-cba7-4f40-a50a-3060fd435b7c" testId="64f18a27-c96f-411e-32ee-ee222b9e690a" testName="TestChildTimestampGetSet" computerName="DKSR-EFI-04" duration="00:00:00.0020968" startTime="2023-12-22T09:34:38.2722016+01:00" endTime="2023-12-22T09:34:38.2722016+01:00" testType="13cdc9d9-ddb5-4fa4-a97d-d965ccfc6d4b" outcome="Passed" testListId="8c84fa94-04c1-424b-9868-57a2d4851a1d" relativeResultsDirectory="1e85e162-cba7-4f40-a50a-3060fd435b7c" />
    <UnitTestResult executionId="2c6ccfbc-a3e2-4f89-b01b-c0b7622f78ba" testId="5c4423f1-3542-6d83-6216-62288fcdf2f4" testName="StartStopTest" computerName="DKSR-EFI-04" duration="00:00:00.0054432" startTime="2023-12-22T09:34:44.0066054+01:00" endTime="2023-12-22T09:34:44.0222314+01:00" testType="13cdc9d9-ddb5-4fa4-a97d-d965ccfc6d4b" outcome="Passed" testListId="8c84fa94-04c1-424b-9868-57a2d4851a1d" relativeResultsDirectory="2c6ccfbc-a3e2-4f89-b01b-c0b7622f78ba" />
    <UnitTestResult executionId="0de82aa5-ed3f-4dda-b5dc-3840fd7489ad" testId="c279e56a-7f3b-6836-d500-b625e938ad25" testName="WhenAlarmSearchCriteriaWithNoValuesThenEmptyString" computerName="DKSR-EFI-04" duration="00:00:00.0002100" startTime="2023-12-22T09:34:39.0847060+01:00" endTime="2023-12-22T09:34:39.0847060+01:00" testType="13cdc9d9-ddb5-4fa4-a97d-d965ccfc6d4b" outcome="Passed" testListId="8c84fa94-04c1-424b-9868-57a2d4851a1d" relativeResultsDirectory="0de82aa5-ed3f-4dda-b5dc-3840fd7489ad" />
    <UnitTestResult executionId="cb2a9dde-0e15-42c7-be77-f0d9494767c5" testId="77a1057d-d9f6-6031-284b-0c450a69cfb9" testName="TestLoadOldConfigSaveLoad" computerName="DKSR-EFI-04" duration="00:00:00.0385721" startTime="2023-12-22T09:34:44.6472357+01:00" endTime="2023-12-22T09:34:44.6941110+01:00" testType="13cdc9d9-ddb5-4fa4-a97d-d965ccfc6d4b" outcome="Passed" testListId="8c84fa94-04c1-424b-9868-57a2d4851a1d" relativeResultsDirectory="cb2a9dde-0e15-42c7-be77-f0d9494767c5" />
    <UnitTestResult executionId="776dd25a-8964-485c-9308-6bdb1d927a70" testId="b3abf8cb-be05-8444-7744-f2c6d82511e2" testName="TestGetStatusWithAForeignRelation" computerName="DKSR-EFI-04" duration="00:00:00.0111709" startTime="2023-12-22T09:34:34.6315588+01:00" endTime="2023-12-22T09:34:34.6471835+01:00" testType="13cdc9d9-ddb5-4fa4-a97d-d965ccfc6d4b" outcome="Passed" testListId="8c84fa94-04c1-424b-9868-57a2d4851a1d" relativeResultsDirectory="776dd25a-8964-485c-9308-6bdb1d927a70" />
    <UnitTestResult executionId="886d4d92-d2ee-4e2c-9067-9c5f1347b1f3" testId="acac15f2-8d07-b82f-4ea7-5882088d661e" testName="TestGetTypeWithKnownType" computerName="DKSR-EFI-04" duration="00:00:00.0023716" startTime="2023-12-22T09:34:32.6627997+01:00" endTime="2023-12-22T09:34:32.6784210+01:00" testType="13cdc9d9-ddb5-4fa4-a97d-d965ccfc6d4b" outcome="Passed" testListId="8c84fa94-04c1-424b-9868-57a2d4851a1d" relativeResultsDirectory="886d4d92-d2ee-4e2c-9067-9c5f1347b1f3" />
    <UnitTestResult executionId="836ca867-eb98-4e2f-a96c-29d46048e913" testId="11ece51f-37eb-f926-cb36-a375b3572505" testName="TestConstructorWithVisualElementStorageDatabaseAndFactoryObjects" computerName="DKSR-EFI-04" duration="00:00:00.0398384" startTime="2023-12-22T09:34:38.1159538+01:00" endTime="2023-12-22T09:34:38.1472011+01:00" testType="13cdc9d9-ddb5-4fa4-a97d-d965ccfc6d4b" outcome="Passed" testListId="8c84fa94-04c1-424b-9868-57a2d4851a1d" relativeResultsDirectory="836ca867-eb98-4e2f-a96c-29d46048e913" />
    <UnitTestResult executionId="e759a6c7-0df0-458a-a137-4aef5a9654bd" testId="f2f022f0-f838-e0b9-e71f-f55003805c0e" testName="TestUpdateElementDisplayXmlWithNonExistingId" computerName="DKSR-EFI-04" duration="00:00:00.0029964" startTime="2023-12-22T09:34:35.2409357+01:00" endTime="2023-12-22T09:34:35.2409357+01:00" testType="13cdc9d9-ddb5-4fa4-a97d-d965ccfc6d4b" outcome="Passed" testListId="8c84fa94-04c1-424b-9868-57a2d4851a1d" relativeResultsDirectory="e759a6c7-0df0-458a-a137-4aef5a9654bd" />
    <UnitTestResult executionId="1e374336-06a9-40ee-8eca-99347497a083" testId="ae3b7ea3-5adc-531c-4b40-daea74d6b041" testName="TestUpdateElementsWithOldTimestamp" computerName="DKSR-EFI-04" duration="00:00:00.0064229" startTime="2023-12-22T09:34:36.1159391+01:00" endTime="2023-12-22T09:34:36.1159391+01:00" testType="13cdc9d9-ddb5-4fa4-a97d-d965ccfc6d4b" outcome="Passed" testListId="8c84fa94-04c1-424b-9868-57a2d4851a1d" relativeResultsDirectory="1e374336-06a9-40ee-8eca-99347497a083" />
    <UnitTestResult executionId="ef2d95ea-7d91-4002-81b3-acc018a5a7a9" testId="36eb6c0d-6170-066f-c8ea-5526b110efc3" testName="TestStartStopCleanUpThread" computerName="DKSR-EFI-04" duration="00:00:00.0060408" startTime="2023-12-22T09:34:35.3503104+01:00" endTime="2023-12-22T09:34:35.3659360+01:00" testType="13cdc9d9-ddb5-4fa4-a97d-d965ccfc6d4b" outcome="Passed" testListId="8c84fa94-04c1-424b-9868-57a2d4851a1d" relativeResultsDirectory="ef2d95ea-7d91-4002-81b3-acc018a5a7a9" />
    <UnitTestResult executionId="9fa57963-3e49-4891-9dae-80769a0d0d46" testId="3f6d692b-dc5e-6e22-6b52-dafab2736350" testName="TestUpdateDisplayXMLThrowingUnhandledException" computerName="DKSR-EFI-04" duration="00:00:00.0029268" startTime="2023-12-22T09:34:31.8190441+01:00" endTime="2023-12-22T09:34:31.8346674+01:00" testType="13cdc9d9-ddb5-4fa4-a97d-d965ccfc6d4b" outcome="Passed" testListId="8c84fa94-04c1-424b-9868-57a2d4851a1d" relativeResultsDirectory="9fa57963-3e49-4891-9dae-80769a0d0d46" />
    <UnitTestResult executionId="d5001b75-ea1d-43c2-8404-4ea763e7e149" testId="fb6f9dd8-5e05-63fd-042e-9b13a815a54e" testName="TestUpdateAlarmException" computerName="DKSR-EFI-04" duration="00:00:00.0062776" startTime="2023-12-22T09:34:32.4596717+01:00" endTime="2023-12-22T09:34:32.4752966+01:00" testType="13cdc9d9-ddb5-4fa4-a97d-d965ccfc6d4b" outcome="Passed" testListId="8c84fa94-04c1-424b-9868-57a2d4851a1d" relativeResultsDirectory="d5001b75-ea1d-43c2-8404-4ea763e7e149" />
    <UnitTestResult executionId="c4983997-d235-4727-8bed-f3c2b056f872" testId="6f7b704f-1370-beeb-3ca0-35582d568c3d" testName="TestGetStatusNotAuthenticated" computerName="DKSR-EFI-04" duration="00:00:00.0101717" startTime="2023-12-22T09:34:27.9596494+01:00" endTime="2023-12-22T09:34:27.9752723+01:00" testType="13cdc9d9-ddb5-4fa4-a97d-d965ccfc6d4b" outcome="Passed" testListId="8c84fa94-04c1-424b-9868-57a2d4851a1d" relativeResultsDirectory="c4983997-d235-4727-8bed-f3c2b056f872" />
    <UnitTestResult executionId="880678ec-4e69-4f78-afa9-89b848e2c98c" testId="1bff04e7-a34e-2661-3dfa-a55c31eb03e9" testName="TestGetAllElementsOfTypeWithCyclicTreeAndLimit" computerName="DKSR-EFI-04" duration="00:00:00.0308167" startTime="2023-12-22T09:34:36.3034412+01:00" endTime="2023-12-22T09:34:36.3346935+01:00" testType="13cdc9d9-ddb5-4fa4-a97d-d965ccfc6d4b" outcome="Passed" testListId="8c84fa94-04c1-424b-9868-57a2d4851a1d" relativeResultsDirectory="880678ec-4e69-4f78-afa9-89b848e2c98c" />
    <UnitTestResult executionId="30a90734-75a8-43b6-8e40-cb4ba9e83cf0" testId="d081cb70-5069-1fa2-b65b-e11f6ed53103" testName="TestGetVisualElementChangesWithPositiveTimeout" computerName="DKSR-EFI-04" duration="00:00:00.1312841" startTime="2023-12-22T09:34:28.9752779+01:00" endTime="2023-12-22T09:34:29.1159066+01:00" testType="13cdc9d9-ddb5-4fa4-a97d-d965ccfc6d4b" outcome="Passed" testListId="8c84fa94-04c1-424b-9868-57a2d4851a1d" relativeResultsDirectory="30a90734-75a8-43b6-8e40-cb4ba9e83cf0" />
    <UnitTestResult executionId="08a5a019-9ace-4794-a732-9c0305484222" testId="778afe15-3438-7d2c-b20e-d28186da20a8" testName="TestConstructorWithNullPacketHandler" computerName="DKSR-EFI-04" duration="00:00:00.0035814" startTime="2023-12-22T09:34:40.1628364+01:00" endTime="2023-12-22T09:34:40.1628364+01:00" testType="13cdc9d9-ddb5-4fa4-a97d-d965ccfc6d4b" outcome="Passed" testListId="8c84fa94-04c1-424b-9868-57a2d4851a1d" relativeResultsDirectory="08a5a019-9ace-4794-a732-9c0305484222" />
    <UnitTestResult executionId="a221a36c-8caa-4cf2-9337-1a5a538a8b72" testId="6488b4e1-85d5-895b-3547-5a9de2e90989" testName="TestID" computerName="DKSR-EFI-04" duration="00:00:00.0023044" startTime="2023-12-22T09:34:32.6784210+01:00" endTime="2023-12-22T09:34:32.6784210+01:00" testType="13cdc9d9-ddb5-4fa4-a97d-d965ccfc6d4b" outcome="Passed" testListId="8c84fa94-04c1-424b-9868-57a2d4851a1d" relativeResultsDirectory="a221a36c-8caa-4cf2-9337-1a5a538a8b72" />
    <UnitTestResult executionId="f200326c-9920-4df0-b92c-209215502dcd" testId="043bb7e8-5f77-8fba-11c2-dcb34548f3ad" testName="TestGetPlugInItemsOnlyMIPPlugins" computerName="DKSR-EFI-04" duration="00:00:00.0107699" startTime="2023-12-22T09:34:33.0846730+01:00" endTime="2023-12-22T09:34:33.1002997+01:00" testType="13cdc9d9-ddb5-4fa4-a97d-d965ccfc6d4b" outcome="Passed" testListId="8c84fa94-04c1-424b-9868-57a2d4851a1d" relativeResultsDirectory="f200326c-9920-4df0-b92c-209215502dcd" />
    <UnitTestResult executionId="ce8dd2d2-a725-440c-b2f5-24c1a0a10773" testId="9fb72f8c-7a32-6c9c-0963-3a48de1ed139" testName="TestTypeIDs" computerName="DKSR-EFI-04" duration="00:00:00.0047546" startTime="2023-12-22T09:34:32.9596734+01:00" endTime="2023-12-22T09:34:32.9596734+01:00" testType="13cdc9d9-ddb5-4fa4-a97d-d965ccfc6d4b" outcome="Passed" testListId="8c84fa94-04c1-424b-9868-57a2d4851a1d" relativeResultsDirectory="ce8dd2d2-a725-440c-b2f5-24c1a0a10773" />
    <UnitTestResult executionId="8e080f1b-e7d5-472d-8c63-6a1bef41ca54" testId="ce825fef-7327-dae6-f265-c437cad35b91" testName="TestDeleteObjectAndChildObjectsThrowingUnhandledException" computerName="DKSR-EFI-04" duration="00:00:00.0028449" startTime="2023-12-22T09:34:30.5065362+01:00" endTime="2023-12-22T09:34:30.5065362+01:00" testType="13cdc9d9-ddb5-4fa4-a97d-d965ccfc6d4b" outcome="Passed" testListId="8c84fa94-04c1-424b-9868-57a2d4851a1d" relativeResultsDirectory="8e080f1b-e7d5-472d-8c63-6a1bef41ca54" />
    <UnitTestResult executionId="c11230b2-dcbc-4af1-b8ea-e36514cee09f" testId="67ceb524-c955-8b26-01e7-0953c0bf777b" testName="TestLoadXmlWithNullNode" computerName="DKSR-EFI-04" duration="00:00:00.0012233" startTime="2023-12-22T09:34:35.1471848+01:00" endTime="2023-12-22T09:34:35.1471848+01:00" testType="13cdc9d9-ddb5-4fa4-a97d-d965ccfc6d4b" outcome="Passed" testListId="8c84fa94-04c1-424b-9868-57a2d4851a1d" relativeResultsDirectory="c11230b2-dcbc-4af1-b8ea-e36514cee09f" />
    <UnitTestResult executionId="aaab129a-0625-4d3b-968e-6faf71f639ff" testId="98f23530-6359-050a-5fdf-f1b9599f467e" testName="TestGetAllElementsOfTypeExcludeRootOnSingleTree" computerName="DKSR-EFI-04" duration="00:00:00.0084900" startTime="2023-12-22T09:34:36.4128183+01:00" endTime="2023-12-22T09:34:36.4284409+01:00" testType="13cdc9d9-ddb5-4fa4-a97d-d965ccfc6d4b" outcome="Passed" testListId="8c84fa94-04c1-424b-9868-57a2d4851a1d" relativeResultsDirectory="aaab129a-0625-4d3b-968e-6faf71f639ff" />
    <UnitTestResult executionId="49d59ed4-a477-418c-84c9-942865e84cab" testId="d0a15130-1ca6-b7e5-8f44-4b44d16aba65" testName="Handle_ShouldFlattenPriorityValue_WhenValuesIncludePriorityIntAndPriorityNameAndPriority" computerName="DKSR-EFI-04" duration="00:00:00.0026131" startTime="2023-12-22T09:34:43.9441035+01:00" endTime="2023-12-22T09:34:43.9597321+01:00" testType="13cdc9d9-ddb5-4fa4-a97d-d965ccfc6d4b" outcome="Passed" testListId="8c84fa94-04c1-424b-9868-57a2d4851a1d" relativeResultsDirectory="49d59ed4-a477-418c-84c9-942865e84cab" />
    <UnitTestResult executionId="a011fe22-6b49-4875-b0be-3aec4c95f7df" testId="250170b2-10b9-0c8d-c0eb-dcdd23fa17a6" testName="Handle_ShouldFlattenPriorityValue_WhenValuesIncludePriorityInt" computerName="DKSR-EFI-04" duration="00:00:00.0010394" startTime="2023-12-22T09:34:43.9597321+01:00" endTime="2023-12-22T09:34:43.9597321+01:00" testType="13cdc9d9-ddb5-4fa4-a97d-d965ccfc6d4b" outcome="Passed" testListId="8c84fa94-04c1-424b-9868-57a2d4851a1d" relativeResultsDirectory="a011fe22-6b49-4875-b0be-3aec4c95f7df" />
    <UnitTestResult executionId="9f02d3ba-0dad-4af3-856e-88c5a5519d76" testId="ed94f3af-9678-99cb-da54-ba392e399d95" testName="TestExecuteWhileLockedWithClearCache" computerName="DKSR-EFI-04" duration="00:00:00.0042049" startTime="2023-12-22T09:34:27.4908955+01:00" endTime="2023-12-22T09:34:27.4908955+01:00" testType="13cdc9d9-ddb5-4fa4-a97d-d965ccfc6d4b" outcome="Passed" testListId="8c84fa94-04c1-424b-9868-57a2d4851a1d" relativeResultsDirectory="9f02d3ba-0dad-4af3-856e-88c5a5519d76" />
    <UnitTestResult executionId="4f284cc2-9799-4596-94b9-f9fc99d86f48" testId="0280bac4-7b8f-eea6-72bf-5e92818119e6" testName="TestUpdateObjectsWithInvalidUser" computerName="DKSR-EFI-04" duration="00:00:00.0023590" startTime="2023-12-22T09:34:31.4284154+01:00" endTime="2023-12-22T09:34:31.4284154+01:00" testType="13cdc9d9-ddb5-4fa4-a97d-d965ccfc6d4b" outcome="Passed" testListId="8c84fa94-04c1-424b-9868-57a2d4851a1d" relativeResultsDirectory="4f284cc2-9799-4596-94b9-f9fc99d86f48" />
    <UnitTestResult executionId="873fddf3-ce8f-449f-877e-79a469626b9a" testId="72eaa5e2-14eb-fca3-ca77-51bd104d5653" testName="TestGetAlarmMessages" computerName="DKSR-EFI-04" duration="00:00:00.0035470" startTime="2023-12-22T09:34:32.5534216+01:00" endTime="2023-12-22T09:34:32.5690481+01:00" testType="13cdc9d9-ddb5-4fa4-a97d-d965ccfc6d4b" outcome="Passed" testListId="8c84fa94-04c1-424b-9868-57a2d4851a1d" relativeResultsDirectory="873fddf3-ce8f-449f-877e-79a469626b9a" />
    <UnitTestResult executionId="d3c1422d-c04b-43b2-a7c0-0ecd4ae9d765" testId="0701857b-fca9-3491-aece-c5b7427b5ae4" testName="TestLoadXMLWithDuplicateValues" computerName="DKSR-EFI-04" duration="00:00:00.0007293" startTime="2023-12-22T09:34:37.2565723+01:00" endTime="2023-12-22T09:34:37.2565723+01:00" testType="13cdc9d9-ddb5-4fa4-a97d-d965ccfc6d4b" outcome="Passed" testListId="8c84fa94-04c1-424b-9868-57a2d4851a1d" relativeResultsDirectory="d3c1422d-c04b-43b2-a7c0-0ecd4ae9d765" />
    <UnitTestResult executionId="8e672666-9018-476f-ad65-9c5f44c4da8e" testId="2af4e33f-3ad4-04f2-37df-9ec4b5574236" testName="EventIdListTest_EventSource_Hardware" computerName="DKSR-EFI-04" duration="00:00:00.0009194" startTime="2023-12-22T09:34:40.6472126+01:00" endTime="2023-12-22T09:34:40.6472126+01:00" testType="13cdc9d9-ddb5-4fa4-a97d-d965ccfc6d4b" outcome="Passed" testListId="8c84fa94-04c1-424b-9868-57a2d4851a1d" relativeResultsDirectory="8e672666-9018-476f-ad65-9c5f44c4da8e" />
    <UnitTestResult executionId="175dc918-d395-4d71-97ea-6f21fce40a9e" testId="93031eb4-0393-34c5-580c-f6097d39ae92" testName="TestGetAllObjectsOnVisualElementWithInvalidUser" computerName="DKSR-EFI-04" duration="00:00:00.0025930" startTime="2023-12-22T09:34:30.3502858+01:00" endTime="2023-12-22T09:34:30.3502858+01:00" testType="13cdc9d9-ddb5-4fa4-a97d-d965ccfc6d4b" outcome="Passed" testListId="8c84fa94-04c1-424b-9868-57a2d4851a1d" relativeResultsDirectory="175dc918-d395-4d71-97ea-6f21fce40a9e" />
    <UnitTestResult executionId="2cc2d6f7-cfb3-4706-a1f2-0bfb8299cfe9" testId="cc2dff21-ba04-a7ac-99ca-7f01ecfb6b50" testName="TestAddUserAfterStart" computerName="DKSR-EFI-04" duration="00:00:00.0087552" startTime="2023-12-22T09:34:40.1003378+01:00" endTime="2023-12-22T09:34:40.1159611+01:00" testType="13cdc9d9-ddb5-4fa4-a97d-d965ccfc6d4b" outcome="Passed" testListId="8c84fa94-04c1-424b-9868-57a2d4851a1d" relativeResultsDirectory="2cc2d6f7-cfb3-4706-a1f2-0bfb8299cfe9" />
    <UnitTestResult executionId="10e730e5-c327-4b12-b5fd-51541ed3b01e" testId="25ce9d2e-07f3-f533-4f18-3d0cd17d5891" testName="TestGetStatusDetails" computerName="DKSR-EFI-04" duration="00:00:00.0043587" startTime="2023-12-22T09:34:37.5846977+01:00" endTime="2023-12-22T09:34:37.5846977+01:00" testType="13cdc9d9-ddb5-4fa4-a97d-d965ccfc6d4b" outcome="Passed" testListId="8c84fa94-04c1-424b-9868-57a2d4851a1d" relativeResultsDirectory="10e730e5-c327-4b12-b5fd-51541ed3b01e" />
    <UnitTestResult executionId="c57185d6-605b-415e-9ca1-3ee90a306836" testId="b668fb81-8c7e-9806-9e45-6250f49d266d" testName="UnsubscribeEventReceiver_ReturnsFalse_WhenNotSubscribed" computerName="DKSR-EFI-04" duration="00:00:00.0008393" startTime="2023-12-22T09:34:40.5690893+01:00" endTime="2023-12-22T09:34:40.5690893+01:00" testType="13cdc9d9-ddb5-4fa4-a97d-d965ccfc6d4b" outcome="Passed" testListId="8c84fa94-04c1-424b-9868-57a2d4851a1d" relativeResultsDirectory="c57185d6-605b-415e-9ca1-3ee90a306836" />
    <UnitTestResult executionId="e55486d2-b9ce-43b0-a2b1-c941ecae38e7" testId="1fd2b6be-bcbc-4280-f0ae-7029582ffa98" testName="TestUpdateElementDisplayXmlWithAMarkedForDeletionElement" computerName="DKSR-EFI-04" duration="00:00:00.0028915" startTime="2023-12-22T09:34:35.2409357+01:00" endTime="2023-12-22T09:34:35.2565598+01:00" testType="13cdc9d9-ddb5-4fa4-a97d-d965ccfc6d4b" outcome="Passed" testListId="8c84fa94-04c1-424b-9868-57a2d4851a1d" relativeResultsDirectory="e55486d2-b9ce-43b0-a2b1-c941ecae38e7" />
    <UnitTestResult executionId="80d96a2d-ea04-416d-a9d3-c52cd80a92a3" testId="03f3f165-6eb2-c462-06fa-5224fc9ec9a7" testName="GetAllKinds_ShouldReturnCorrectKinds_WithUniqueMembers" computerName="DKSR-EFI-04" duration="00:00:00.0052175" startTime="2023-12-22T09:34:40.2097119+01:00" endTime="2023-12-22T09:34:40.2097119+01:00" testType="13cdc9d9-ddb5-4fa4-a97d-d965ccfc6d4b" outcome="Passed" testListId="8c84fa94-04c1-424b-9868-57a2d4851a1d" relativeResultsDirectory="80d96a2d-ea04-416d-a9d3-c52cd80a92a3" />
    <UnitTestResult executionId="df86ab99-dfb9-4614-8c4a-fa6942734931" testId="899500c2-22b6-94c7-b4e0-cd5f70f1e208" testName="GetPlugInItems_WithValidParameters" computerName="DKSR-EFI-04" duration="00:00:00.0053585" startTime="2023-12-22T09:34:30.7565378+01:00" endTime="2023-12-22T09:34:30.7565378+01:00" testType="13cdc9d9-ddb5-4fa4-a97d-d965ccfc6d4b" outcome="Passed" testListId="8c84fa94-04c1-424b-9868-57a2d4851a1d" relativeResultsDirectory="df86ab99-dfb9-4614-8c4a-fa6942734931" />
    <UnitTestResult executionId="0a00c84a-09d8-4aa0-ad94-d0ded2d376a8" testId="ab329fe8-f796-7ca0-46bf-e9faca7899f8" testName="EventConverter_ConvertBaseItemToBaseEvent_Success_No_Reference_Items" computerName="DKSR-EFI-04" duration="00:00:00.0015650" startTime="2023-12-22T09:34:39.2722063+01:00" endTime="2023-12-22T09:34:39.2722063+01:00" testType="13cdc9d9-ddb5-4fa4-a97d-d965ccfc6d4b" outcome="Passed" testListId="8c84fa94-04c1-424b-9868-57a2d4851a1d" relativeResultsDirectory="0a00c84a-09d8-4aa0-ad94-d0ded2d376a8" />
    <UnitTestResult executionId="12265178-08de-4c7a-b7b8-52eb929c8865" testId="be1dd291-8a0c-ebf5-dd07-b1f3096689d3" testName="TestUpdateElementWithOldTimestamp" computerName="DKSR-EFI-04" duration="00:00:00.0059105" startTime="2023-12-22T09:34:35.9440648+01:00" endTime="2023-12-22T09:34:35.9596899+01:00" testType="13cdc9d9-ddb5-4fa4-a97d-d965ccfc6d4b" outcome="Passed" testListId="8c84fa94-04c1-424b-9868-57a2d4851a1d" relativeResultsDirectory="12265178-08de-4c7a-b7b8-52eb929c8865" />
    <UnitTestResult executionId="c365b905-0241-4da1-ac7b-3de9bf80a735" testId="6e7edd7b-7615-7152-6d9d-3cc4f9511cf7" testName="TestGetStateWithEmptyState" computerName="DKSR-EFI-04" duration="00:00:00.0013193" startTime="2023-12-22T09:34:38.0222026+01:00" endTime="2023-12-22T09:34:38.0222026+01:00" testType="13cdc9d9-ddb5-4fa4-a97d-d965ccfc6d4b" outcome="Passed" testListId="8c84fa94-04c1-424b-9868-57a2d4851a1d" relativeResultsDirectory="c365b905-0241-4da1-ac7b-3de9bf80a735" />
    <UnitTestResult executionId="36746dcd-c1ed-4988-8844-0428a9f100a7" testId="b023713a-a208-cdad-ca76-94793772a2ef" testName="TestActivateActionWithUnknownType" computerName="DKSR-EFI-04" duration="00:00:00.0017338" startTime="2023-12-22T09:34:33.6003006+01:00" endTime="2023-12-22T09:34:33.6003006+01:00" testType="13cdc9d9-ddb5-4fa4-a97d-d965ccfc6d4b" outcome="Passed" testListId="8c84fa94-04c1-424b-9868-57a2d4851a1d" relativeResultsDirectory="36746dcd-c1ed-4988-8844-0428a9f100a7" />
    <UnitTestResult executionId="92cf8c59-dae9-4568-bf5c-70c1351cd14e" testId="7a3a0dea-02b1-cc56-4c12-fb536f0999e8" testName="TestXmlValidOne" computerName="DKSR-EFI-04" duration="00:00:00.0028127" startTime="2023-12-22T09:34:23.4596266+01:00" endTime="2023-12-22T09:34:23.4596266+01:00" testType="13cdc9d9-ddb5-4fa4-a97d-d965ccfc6d4b" outcome="Passed" testListId="8c84fa94-04c1-424b-9868-57a2d4851a1d" relativeResultsDirectory="92cf8c59-dae9-4568-bf5c-70c1351cd14e" />
    <UnitTestResult executionId="8ed2f1fb-6a1f-43cd-8613-e5b97b379a81" testId="95ca8a16-aa33-d88a-0f3b-3cf47cc95988" testName="TestGetAlarmLinesException" computerName="DKSR-EFI-04" duration="00:00:00.0074203" startTime="2023-12-22T09:34:32.5065466+01:00" endTime="2023-12-22T09:34:32.5065466+01:00" testType="13cdc9d9-ddb5-4fa4-a97d-d965ccfc6d4b" outcome="Passed" testListId="8c84fa94-04c1-424b-9868-57a2d4851a1d" relativeResultsDirectory="8ed2f1fb-6a1f-43cd-8613-e5b97b379a81" />
    <UnitTestResult executionId="f744d99a-3ffd-44af-aa9f-ea686ca5e34c" testId="623d5464-fc7a-1663-b3fc-1cd58eecc58a" testName="ReloadPluginEventTypes_ShouldReplacePluginEventTypes_WhenItemKindAlreadyExists" computerName="DKSR-EFI-04" duration="00:00:00.1112797" startTime="2023-12-22T09:34:43.2566027+01:00" endTime="2023-12-22T09:34:43.3816020+01:00" testType="13cdc9d9-ddb5-4fa4-a97d-d965ccfc6d4b" outcome="Passed" testListId="8c84fa94-04c1-424b-9868-57a2d4851a1d" relativeResultsDirectory="f744d99a-3ffd-44af-aa9f-ea686ca5e34c" />
    <UnitTestResult executionId="802d41cc-8c7c-4e05-be61-c5bb9ff890f0" testId="7afbf90e-8d01-683d-8293-6610e6dfee27" testName="TestCreateFilteredConfigurationFullVisibility" computerName="DKSR-EFI-04" duration="00:00:00.0237258" startTime="2023-12-22T09:34:44.7253596+01:00" endTime="2023-12-22T09:34:44.7566098+01:00" testType="13cdc9d9-ddb5-4fa4-a97d-d965ccfc6d4b" outcome="Passed" testListId="8c84fa94-04c1-424b-9868-57a2d4851a1d" relativeResultsDirectory="802d41cc-8c7c-4e05-be61-c5bb9ff890f0" />
    <UnitTestResult executionId="64a4e9ed-03fb-4a15-8628-e1acd3e4d5f2" testId="d7b4be10-2260-740b-15c5-ed700c8a8036" testName="TestStart" computerName="DKSR-EFI-04" duration="00:00:00.0301293" startTime="2023-12-22T09:34:27.7408976+01:00" endTime="2023-12-22T09:34:27.7721503+01:00" testType="13cdc9d9-ddb5-4fa4-a97d-d965ccfc6d4b" outcome="Passed" testListId="8c84fa94-04c1-424b-9868-57a2d4851a1d" relativeResultsDirectory="64a4e9ed-03fb-4a15-8628-e1acd3e4d5f2" />
    <UnitTestResult executionId="61b579f9-8ba2-48d3-acf8-9cb2cf0d4056" testId="33cdaae4-b39f-20fc-ed2e-414f29b7d798" testName="TestUpdateElementWithCyclicRelationInSubMap" computerName="DKSR-EFI-04" duration="00:00:00.0141313" startTime="2023-12-22T09:34:36.0221892+01:00" endTime="2023-12-22T09:34:36.0378146+01:00" testType="13cdc9d9-ddb5-4fa4-a97d-d965ccfc6d4b" outcome="Passed" testListId="8c84fa94-04c1-424b-9868-57a2d4851a1d" relativeResultsDirectory="61b579f9-8ba2-48d3-acf8-9cb2cf0d4056" />
    <UnitTestResult executionId="a1dca232-d0a4-4e5a-9490-bbfa396ab494" testId="f93a0f24-8169-c076-4f65-be629a999d8f" testName="TestGetStatusForAllObjectsWithCyclicMaps" computerName="DKSR-EFI-04" duration="00:00:00.0192220" startTime="2023-12-22T09:34:34.9440612+01:00" endTime="2023-12-22T09:34:34.9596838+01:00" testType="13cdc9d9-ddb5-4fa4-a97d-d965ccfc6d4b" outcome="Passed" testListId="8c84fa94-04c1-424b-9868-57a2d4851a1d" relativeResultsDirectory="a1dca232-d0a4-4e5a-9490-bbfa396ab494" />
    <UnitTestResult executionId="ba11ffdf-0b84-44d5-bbf5-ba35ac0fd8ca" testId="2418a372-3d95-2e9d-df96-8b56e8deb8bd" testName="TestShutdownWithException" computerName="DKSR-EFI-04" duration="00:00:00.0011451" startTime="2023-12-22T09:34:32.6627997+01:00" endTime="2023-12-22T09:34:32.6627997+01:00" testType="13cdc9d9-ddb5-4fa4-a97d-d965ccfc6d4b" outcome="Passed" testListId="8c84fa94-04c1-424b-9868-57a2d4851a1d" relativeResultsDirectory="ba11ffdf-0b84-44d5-bbf5-ba35ac0fd8ca" />
    <UnitTestResult executionId="ae3807d1-110f-47b4-af92-00d006186c8c" testId="5ea9479e-d7e7-7392-899e-45335ff069e7" testName="TestRuleSystemCommandPipeDispose" computerName="DKSR-EFI-04" duration="00:00:00.0057397" startTime="2023-12-22T09:34:38.6472015+01:00" endTime="2023-12-22T09:34:38.6472015+01:00" testType="13cdc9d9-ddb5-4fa4-a97d-d965ccfc6d4b" outcome="Passed" testListId="8c84fa94-04c1-424b-9868-57a2d4851a1d" relativeResultsDirectory="ae3807d1-110f-47b4-af92-00d006186c8c" />
    <UnitTestResult executionId="658c0179-975f-47f7-9624-1e73c5699b74" testId="6a7cb602-bcd8-3c34-2ccf-a231cac327f3" testName="TestGetTypeChangedWithNulTimeout" computerName="DKSR-EFI-04" duration="00:00:00.0055627" startTime="2023-12-22T09:34:31.2409134+01:00" endTime="2023-12-22T09:34:31.2409134+01:00" testType="13cdc9d9-ddb5-4fa4-a97d-d965ccfc6d4b" outcome="Passed" testListId="8c84fa94-04c1-424b-9868-57a2d4851a1d" relativeResultsDirectory="658c0179-975f-47f7-9624-1e73c5699b74" />
    <UnitTestResult executionId="a335eab8-8ab0-497a-833f-b438906278da" testId="ee875fc9-e910-2cdc-d141-1721c9e62eb7" testName="GetTypeChanged_WithZeroTimeout" computerName="DKSR-EFI-04" duration="00:00:00.0067821" startTime="2023-12-22T09:34:30.6002882+01:00" endTime="2023-12-22T09:34:30.6002882+01:00" testType="13cdc9d9-ddb5-4fa4-a97d-d965ccfc6d4b" outcome="Passed" testListId="8c84fa94-04c1-424b-9868-57a2d4851a1d" relativeResultsDirectory="a335eab8-8ab0-497a-833f-b438906278da" />
    <UnitTestResult executionId="c96f8f5b-aba3-4a20-bf9a-78ce651d345e" testId="672e50ca-962b-dcfe-6802-6213b7d68a79" testName="TestSetVisualization" computerName="DKSR-EFI-04" duration="00:00:00.0069904" startTime="2023-12-22T09:34:28.0846477+01:00" endTime="2023-12-22T09:34:28.0846477+01:00" testType="13cdc9d9-ddb5-4fa4-a97d-d965ccfc6d4b" outcome="Passed" testListId="8c84fa94-04c1-424b-9868-57a2d4851a1d" relativeResultsDirectory="c96f8f5b-aba3-4a20-bf9a-78ce651d345e" />
    <UnitTestResult executionId="bd1f5469-e6d7-4c41-a761-ab47f8168969" testId="91195293-ab8a-281f-05fd-7e561f26c70e" testName="TestGetPlugInsWithInvalidUser" computerName="DKSR-EFI-04" duration="00:00:00.0023046" startTime="2023-12-22T09:34:30.7409119+01:00" endTime="2023-12-22T09:34:30.7409119+01:00" testType="13cdc9d9-ddb5-4fa4-a97d-d965ccfc6d4b" outcome="Passed" testListId="8c84fa94-04c1-424b-9868-57a2d4851a1d" relativeResultsDirectory="bd1f5469-e6d7-4c41-a761-ab47f8168969" />
    <UnitTestResult executionId="c63dbd31-453c-4708-94b1-85d51a151cf9" testId="c9ff0112-047d-3721-6fca-037dbe133a6e" testName="TestActivateContextMenuActionThrowsException" computerName="DKSR-EFI-04" duration="00:00:00.0018443" startTime="2023-12-22T09:34:33.7565542+01:00" endTime="2023-12-22T09:34:33.7565542+01:00" testType="13cdc9d9-ddb5-4fa4-a97d-d965ccfc6d4b" outcome="Passed" testListId="8c84fa94-04c1-424b-9868-57a2d4851a1d" relativeResultsDirectory="c63dbd31-453c-4708-94b1-85d51a151cf9" />
    <UnitTestResult executionId="2a4c0ea8-da61-4495-8023-38117778cfce" testId="c1700cc0-d9ff-860f-9ee2-4bddd688914a" testName="TestIconWithNullIconData" computerName="DKSR-EFI-04" duration="00:00:00.0012671" startTime="2023-12-22T09:34:32.7096712+01:00" endTime="2023-12-22T09:34:32.7096712+01:00" testType="13cdc9d9-ddb5-4fa4-a97d-d965ccfc6d4b" outcome="Passed" testListId="8c84fa94-04c1-424b-9868-57a2d4851a1d" relativeResultsDirectory="2a4c0ea8-da61-4495-8023-38117778cfce" />
    <UnitTestResult executionId="172ddf62-219e-4b9c-b28a-2637d0f583d2" testId="845e5fbe-92b7-e46f-a315-3d08b137ca3c" testName="TestUpdateElementDisplayXmlWithOldTimestampAndForce" computerName="DKSR-EFI-04" duration="00:00:00.0023139" startTime="2023-12-22T09:34:35.2721848+01:00" endTime="2023-12-22T09:34:35.2721848+01:00" testType="13cdc9d9-ddb5-4fa4-a97d-d965ccfc6d4b" outcome="Passed" testListId="8c84fa94-04c1-424b-9868-57a2d4851a1d" relativeResultsDirectory="172ddf62-219e-4b9c-b28a-2637d0f583d2" />
    <UnitTestResult executionId="39c62009-628b-44ec-9a59-e8808af20849" testId="2c31726a-4faa-5736-d168-0f50b1e86978" testName="TestGetObjectNotAuthenticated" computerName="DKSR-EFI-04" duration="00:00:00.0015636" startTime="2023-12-22T09:34:31.0065386+01:00" endTime="2023-12-22T09:34:31.0221623+01:00" testType="13cdc9d9-ddb5-4fa4-a97d-d965ccfc6d4b" outcome="Passed" testListId="8c84fa94-04c1-424b-9868-57a2d4851a1d" relativeResultsDirectory="39c62009-628b-44ec-9a59-e8808af20849" />
    <UnitTestResult executionId="797cb265-8499-4eb7-b233-4b8fc7e08f1e" testId="c25dab52-b84d-fe76-307f-8007fa791e96" testName="TestUpdateElementNameWithValidParameters" computerName="DKSR-EFI-04" duration="00:00:00.0033944" startTime="2023-12-22T09:34:37.2253190+01:00" endTime="2023-12-22T09:34:37.2253190+01:00" testType="13cdc9d9-ddb5-4fa4-a97d-d965ccfc6d4b" outcome="Passed" testListId="8c84fa94-04c1-424b-9868-57a2d4851a1d" relativeResultsDirectory="797cb265-8499-4eb7-b233-4b8fc7e08f1e" />
    <UnitTestResult executionId="692fffc5-2852-4bb2-8a5f-0216290a23a3" testId="6e5746df-a7d7-6d61-bc75-42a7a684ac36" testName="TestUpdateElementNameWithOldTimestampAndForce" computerName="DKSR-EFI-04" duration="00:00:00.0223507" startTime="2023-12-22T09:34:35.1628093+01:00" endTime="2023-12-22T09:34:35.1940597+01:00" testType="13cdc9d9-ddb5-4fa4-a97d-d965ccfc6d4b" outcome="Passed" testListId="8c84fa94-04c1-424b-9868-57a2d4851a1d" relativeResultsDirectory="692fffc5-2852-4bb2-8a5f-0216290a23a3" />
    <UnitTestResult executionId="8a9469db-d63f-431e-9976-9599d3405950" testId="111b0480-95b0-23ba-c017-41ef618587ea" testName="TryGetEventGroupRetention_ShouldReturnTrueAndOutputExpirationTime_WhenEventGroupExists" computerName="DKSR-EFI-04" duration="00:00:00.0013650" startTime="2023-12-22T09:34:41.0847170+01:00" endTime="2023-12-22T09:34:41.0847170+01:00" testType="13cdc9d9-ddb5-4fa4-a97d-d965ccfc6d4b" outcome="Passed" testListId="8c84fa94-04c1-424b-9868-57a2d4851a1d" relativeResultsDirectory="8a9469db-d63f-431e-9976-9599d3405950" />
    <UnitTestResult executionId="4981c2ca-f7b5-49d4-8d34-8e97e8d1b9cf" testId="af217cab-9ac4-fdc0-c5f2-ef1cf1168149" testName="TestConstructor" computerName="DKSR-EFI-04" duration="00:00:00.0044409" startTime="2023-12-22T09:34:38.0378251+01:00" endTime="2023-12-22T09:34:38.0534485+01:00" testType="13cdc9d9-ddb5-4fa4-a97d-d965ccfc6d4b" outcome="Passed" testListId="8c84fa94-04c1-424b-9868-57a2d4851a1d" relativeResultsDirectory="4981c2ca-f7b5-49d4-8d34-8e97e8d1b9cf" />
    <UnitTestResult executionId="0c5c4be8-c9b1-4e4a-ae9e-2635bd3175a2" testId="da0e23da-ffd3-b19d-ab37-35c036e31e36" testName="TestToVisualElementWithNullVariables" computerName="DKSR-EFI-04" duration="00:00:00.0020164" startTime="2023-12-22T09:34:38.2097023+01:00" endTime="2023-12-22T09:34:38.2097023+01:00" testType="13cdc9d9-ddb5-4fa4-a97d-d965ccfc6d4b" outcome="Passed" testListId="8c84fa94-04c1-424b-9868-57a2d4851a1d" relativeResultsDirectory="0c5c4be8-c9b1-4e4a-ae9e-2635bd3175a2" />
    <UnitTestResult executionId="4e14d1b8-ce80-419c-b975-09b43d1cef29" testId="8daa1b42-c536-0259-930d-8df6d9225251" testName="TestUpdateObjectWithServerIDInVisualOwnerID" computerName="DKSR-EFI-04" duration="00:00:00.0019625" startTime="2023-12-22T09:34:31.3815415+01:00" endTime="2023-12-22T09:34:31.3815415+01:00" testType="13cdc9d9-ddb5-4fa4-a97d-d965ccfc6d4b" outcome="Passed" testListId="8c84fa94-04c1-424b-9868-57a2d4851a1d" relativeResultsDirectory="4e14d1b8-ce80-419c-b975-09b43d1cef29" />
    <UnitTestResult executionId="1fbf9eed-8e5d-4df7-a980-e5b6ddfc79a7" testId="3eeebd0f-6c17-a08d-96dc-03c2f5058b44" testName="TestUserIDTypeConvertToConstant" computerName="DKSR-EFI-04" duration="00:00:00.0008708" startTime="2023-12-22T09:34:33.8190531+01:00" endTime="2023-12-22T09:34:33.8346800+01:00" testType="13cdc9d9-ddb5-4fa4-a97d-d965ccfc6d4b" outcome="Passed" testListId="8c84fa94-04c1-424b-9868-57a2d4851a1d" relativeResultsDirectory="1fbf9eed-8e5d-4df7-a980-e5b6ddfc79a7" />
    <UnitTestResult executionId="3bbaf95f-d0cf-4b51-a187-05f26b6a14fd" testId="1e6f1496-dce0-5308-df54-31492319a026" testName="TestLoadXMLWithCorrectValues" computerName="DKSR-EFI-04" duration="00:00:00.0020589" startTime="2023-12-22T09:34:38.3815798+01:00" endTime="2023-12-22T09:34:38.3815798+01:00" testType="13cdc9d9-ddb5-4fa4-a97d-d965ccfc6d4b" outcome="Passed" testListId="8c84fa94-04c1-424b-9868-57a2d4851a1d" relativeResultsDirectory="3bbaf95f-d0cf-4b51-a187-05f26b6a14fd" />
    <UnitTestResult executionId="5a3ddfbd-8699-4275-8e1d-d54693d4dc1e" testId="9e5d9a4d-c350-a94a-1194-aed8cbf67a80" testName="TestRemoveElementsRemoveTwoElements" computerName="DKSR-EFI-04" duration="00:00:00.0092721" startTime="2023-12-22T09:34:36.7721929+01:00" endTime="2023-12-22T09:34:36.7878186+01:00" testType="13cdc9d9-ddb5-4fa4-a97d-d965ccfc6d4b" outcome="Passed" testListId="8c84fa94-04c1-424b-9868-57a2d4851a1d" relativeResultsDirectory="5a3ddfbd-8699-4275-8e1d-d54693d4dc1e" />
    <UnitTestResult executionId="680e2c30-623e-4b37-83e9-e92b8d4ceceb" testId="ab3cae72-2ddf-ddc9-36d0-becb615bd702" testName="TestDefaultWithNoMapPlugInType" computerName="DKSR-EFI-04" duration="00:00:00.0002097" startTime="2023-12-22T09:34:33.6940520+01:00" endTime="2023-12-22T09:34:33.6940520+01:00" testType="13cdc9d9-ddb5-4fa4-a97d-d965ccfc6d4b" outcome="Passed" testListId="8c84fa94-04c1-424b-9868-57a2d4851a1d" relativeResultsDirectory="680e2c30-623e-4b37-83e9-e92b8d4ceceb" />
    <UnitTestResult executionId="26685864-77b6-4110-bd25-ba3f02b381a5" testId="f615a366-8b0a-715d-d5ab-613020d166d9" testName="TestShutdown" computerName="DKSR-EFI-04" duration="00:00:00.0107926" startTime="2023-12-22T09:34:33.6471762+01:00" endTime="2023-12-22T09:34:33.6628026+01:00" testType="13cdc9d9-ddb5-4fa4-a97d-d965ccfc6d4b" outcome="Passed" testListId="8c84fa94-04c1-424b-9868-57a2d4851a1d" relativeResultsDirectory="26685864-77b6-4110-bd25-ba3f02b381a5" />
    <UnitTestResult executionId="8f2ac346-f146-4803-84ca-aa153b057b99" testId="5b4a64c0-5613-127b-50cc-55be5f9c3fed" testName="TestUpdateWithNewItemId" computerName="DKSR-EFI-04" duration="00:00:00.0049545" startTime="2023-12-22T09:34:32.8503009+01:00" endTime="2023-12-22T09:34:32.8659242+01:00" testType="13cdc9d9-ddb5-4fa4-a97d-d965ccfc6d4b" outcome="Passed" testListId="8c84fa94-04c1-424b-9868-57a2d4851a1d" relativeResultsDirectory="8f2ac346-f146-4803-84ca-aa153b057b99" />
    <UnitTestResult executionId="78f7526a-4718-4506-b1ce-0c74ec6b6cc0" testId="70904c01-783a-cf27-535e-fd5a6738edd4" testName="TestGetPlugInItemChangesWithChangesItems" computerName="DKSR-EFI-04" duration="00:00:00.0189418" startTime="2023-12-22T09:34:33.5068387+01:00" endTime="2023-12-22T09:34:33.5378004+01:00" testType="13cdc9d9-ddb5-4fa4-a97d-d965ccfc6d4b" outcome="Passed" testListId="8c84fa94-04c1-424b-9868-57a2d4851a1d" relativeResultsDirectory="78f7526a-4718-4506-b1ce-0c74ec6b6cc0" />
    <UnitTestResult executionId="d05d2840-aa56-4ad4-98e3-efdb776d56a3" testId="f85f0413-7b9a-3dc4-3a08-bf3160fa78b9" testName="TestUpdateObjectWithServerIDInRelationID" computerName="DKSR-EFI-04" duration="00:00:00.0019355" startTime="2023-12-22T09:34:31.3815415+01:00" endTime="2023-12-22T09:34:31.3815415+01:00" testType="13cdc9d9-ddb5-4fa4-a97d-d965ccfc6d4b" outcome="Passed" testListId="8c84fa94-04c1-424b-9868-57a2d4851a1d" relativeResultsDirectory="d05d2840-aa56-4ad4-98e3-efdb776d56a3" />
    <UnitTestResult executionId="d3f2d050-2881-4bbb-b523-ea24472a1814" testId="3b70b7a4-364d-c121-c73b-ded2f96e8718" testName="TestGetAlarmHistoryInvalidToken" computerName="DKSR-EFI-04" duration="00:00:00.0030525" startTime="2023-12-22T09:34:32.5377946+01:00" endTime="2023-12-22T09:34:32.5377946+01:00" testType="13cdc9d9-ddb5-4fa4-a97d-d965ccfc6d4b" outcome="Passed" testListId="8c84fa94-04c1-424b-9868-57a2d4851a1d" relativeResultsDirectory="d3f2d050-2881-4bbb-b523-ea24472a1814" />
    <UnitTestResult executionId="1171f4ba-c291-473d-b60e-4e9f38d086c9" testId="b786416e-7d48-adbf-e477-6b331c5b8dce" testName="TestGetSnapshotsException" computerName="DKSR-EFI-04" duration="00:00:00.0037264" startTime="2023-12-22T09:34:32.2721711+01:00" endTime="2023-12-22T09:34:32.2721711+01:00" testType="13cdc9d9-ddb5-4fa4-a97d-d965ccfc6d4b" outcome="Passed" testListId="8c84fa94-04c1-424b-9868-57a2d4851a1d" relativeResultsDirectory="1171f4ba-c291-473d-b60e-4e9f38d086c9" />
    <UnitTestResult executionId="b5eefc0e-304c-47c1-9169-7b145b72b363" testId="bbf1a571-0e55-45a8-1f93-f58c2db0dbae" testName="TestConstructorWithParameters" computerName="DKSR-EFI-04" duration="00:00:00.0009646" startTime="2023-12-22T09:34:33.8346800+01:00" endTime="2023-12-22T09:34:33.8346800+01:00" testType="13cdc9d9-ddb5-4fa4-a97d-d965ccfc6d4b" outcome="Passed" testListId="8c84fa94-04c1-424b-9868-57a2d4851a1d" relativeResultsDirectory="b5eefc0e-304c-47c1-9169-7b145b72b363" />
    <UnitTestResult executionId="1b978101-36b2-4aeb-8605-13f833b84247" testId="1d2192d4-d15d-69d2-7e4c-7b28b433796d" testName="TestSetVisualizationNotAuthenticated" computerName="DKSR-EFI-04" duration="00:00:00.0018584" startTime="2023-12-22T09:34:28.1003131+01:00" endTime="2023-12-22T09:34:28.1003131+01:00" testType="13cdc9d9-ddb5-4fa4-a97d-d965ccfc6d4b" outcome="Passed" testListId="8c84fa94-04c1-424b-9868-57a2d4851a1d" relativeResultsDirectory="1b978101-36b2-4aeb-8605-13f833b84247" />
    <UnitTestResult executionId="3ef1132d-ecfa-4ace-a5c8-8f8b1490e4ba" testId="62d574af-05b1-57dc-4752-4bbc2d1e3b8d" testName="UpdateName_WithValidParameters" computerName="DKSR-EFI-04" duration="00:00:00.0048219" startTime="2023-12-22T09:34:31.7721671+01:00" endTime="2023-12-22T09:34:31.7721671+01:00" testType="13cdc9d9-ddb5-4fa4-a97d-d965ccfc6d4b" outcome="Passed" testListId="8c84fa94-04c1-424b-9868-57a2d4851a1d" relativeResultsDirectory="3ef1132d-ecfa-4ace-a5c8-8f8b1490e4ba" />
    <UnitTestResult executionId="32273959-9e58-488a-9328-5125184da160" testId="4a962b51-b5ad-c9d4-5685-525bd4e41b90" testName="WhenAlarmSearchCriteriaWithWrongFieldNamesThenException" computerName="DKSR-EFI-04" duration="00:00:00.0012081" startTime="2023-12-22T09:34:39.1472062+01:00" endTime="2023-12-22T09:34:39.1472062+01:00" testType="13cdc9d9-ddb5-4fa4-a97d-d965ccfc6d4b" outcome="Passed" testListId="8c84fa94-04c1-424b-9868-57a2d4851a1d" relativeResultsDirectory="32273959-9e58-488a-9328-5125184da160" />
    <UnitTestResult executionId="d69861b8-100d-4c42-9e45-659652b82daf" testId="7013a8cd-cd7b-db72-4c24-b5d43140d3c5" testName="TestUpdateElementWithNewUsedRelationId" computerName="DKSR-EFI-04" duration="00:00:00.0035320" startTime="2023-12-22T09:34:35.9440648+01:00" endTime="2023-12-22T09:34:35.9440648+01:00" testType="13cdc9d9-ddb5-4fa4-a97d-d965ccfc6d4b" outcome="Passed" testListId="8c84fa94-04c1-424b-9868-57a2d4851a1d" relativeResultsDirectory="d69861b8-100d-4c42-9e45-659652b82daf" />
    <UnitTestResult executionId="9d7960cc-4040-4378-b790-3c4efb983457" testId="e540e23a-9086-c95a-fecf-e7701392786b" testName="TestUpdateNameWithInvalidUser" computerName="DKSR-EFI-04" duration="00:00:00.0027131" startTime="2023-12-22T09:34:30.6471631+01:00" endTime="2023-12-22T09:34:30.6627870+01:00" testType="13cdc9d9-ddb5-4fa4-a97d-d965ccfc6d4b" outcome="Passed" testListId="8c84fa94-04c1-424b-9868-57a2d4851a1d" relativeResultsDirectory="9d7960cc-4040-4378-b790-3c4efb983457" />
    <UnitTestResult executionId="01200a2a-749d-4b9c-affc-8e06e9561945" testId="84a6ed3b-9aa1-9227-d98e-a331ef3fb88e" testName="TestConstructor" computerName="DKSR-EFI-04" duration="00:00:00.0005526" startTime="2023-12-22T09:34:38.0065756+01:00" endTime="2023-12-22T09:34:38.0065756+01:00" testType="13cdc9d9-ddb5-4fa4-a97d-d965ccfc6d4b" outcome="Passed" testListId="8c84fa94-04c1-424b-9868-57a2d4851a1d" relativeResultsDirectory="01200a2a-749d-4b9c-affc-8e06e9561945" />
    <UnitTestResult executionId="63e28147-ba73-4a8f-8356-f03e75cefdcf" testId="bad3960a-f0bc-6413-1aed-72f207099ded" testName="TestDeleteObjectsThrowingUnhandledException" computerName="DKSR-EFI-04" duration="00:00:00.0032583" startTime="2023-12-22T09:34:31.1159157+01:00" endTime="2023-12-22T09:34:31.1315388+01:00" testType="13cdc9d9-ddb5-4fa4-a97d-d965ccfc6d4b" outcome="Passed" testListId="8c84fa94-04c1-424b-9868-57a2d4851a1d" relativeResultsDirectory="63e28147-ba73-4a8f-8356-f03e75cefdcf" />
    <UnitTestResult executionId="2c9d6c99-2e9d-43f9-90c9-dc9823802ee3" testId="3d5f43c0-9395-c386-9c63-2dfdffc8ca2e" testName="WhenAlarmSearchCriteriaWithWrongFieldNamesThenException" computerName="DKSR-EFI-04" duration="00:00:00.0016367" startTime="2023-12-22T09:34:39.0847060+01:00" endTime="2023-12-22T09:34:39.0847060+01:00" testType="13cdc9d9-ddb5-4fa4-a97d-d965ccfc6d4b" outcome="Passed" testListId="8c84fa94-04c1-424b-9868-57a2d4851a1d" relativeResultsDirectory="2c9d6c99-2e9d-43f9-90c9-dc9823802ee3" />
    <UnitTestResult executionId="a172dfb4-d382-41fb-b7e1-d6b3982dbf97" testId="78bd5421-694f-1155-dee5-f3584d330adf" testName="TestGetPlugInItemChangesWithNulTimeout" computerName="DKSR-EFI-04" duration="00:00:00.0054169" startTime="2023-12-22T09:34:31.1784160+01:00" endTime="2023-12-22T09:34:31.1784160+01:00" testType="13cdc9d9-ddb5-4fa4-a97d-d965ccfc6d4b" outcome="Passed" testListId="8c84fa94-04c1-424b-9868-57a2d4851a1d" relativeResultsDirectory="a172dfb4-d382-41fb-b7e1-d6b3982dbf97" />
    <UnitTestResult executionId="4f7aae87-f8fd-49f5-8089-32c756aaf9c3" testId="cfb35121-9e90-19ab-8b56-e907e592381e" testName="TestLoadXMLWithCorrectValues" computerName="DKSR-EFI-04" duration="00:00:00.0141313" startTime="2023-12-22T09:34:37.2878206+01:00" endTime="2023-12-22T09:34:37.2878206+01:00" testType="13cdc9d9-ddb5-4fa4-a97d-d965ccfc6d4b" outcome="Passed" testListId="8c84fa94-04c1-424b-9868-57a2d4851a1d" relativeResultsDirectory="4f7aae87-f8fd-49f5-8089-32c756aaf9c3" />
    <UnitTestResult executionId="dc25f6d9-b406-4268-8029-9914c4561d3f" testId="7e8f69c1-55be-9077-4450-bb0da14ab5e8" testName="TestGetAllElementsOfTypeFromRoot" computerName="DKSR-EFI-04" duration="00:00:00.0367572" startTime="2023-12-22T09:34:36.2253168+01:00" endTime="2023-12-22T09:34:36.2565664+01:00" testType="13cdc9d9-ddb5-4fa4-a97d-d965ccfc6d4b" outcome="Passed" testListId="8c84fa94-04c1-424b-9868-57a2d4851a1d" relativeResultsDirectory="dc25f6d9-b406-4268-8029-9914c4561d3f" />
    <UnitTestResult executionId="14beddc3-f109-40ca-9b09-da81c97e5df4" testId="548d3157-fa5e-4025-ee08-7c82a34be892" testName="TestRemoveElementWithoutRelationId" computerName="DKSR-EFI-04" duration="00:00:00.0077925" startTime="2023-12-22T09:34:36.6315715+01:00" endTime="2023-12-22T09:34:36.6471951+01:00" testType="13cdc9d9-ddb5-4fa4-a97d-d965ccfc6d4b" outcome="Passed" testListId="8c84fa94-04c1-424b-9868-57a2d4851a1d" relativeResultsDirectory="14beddc3-f109-40ca-9b09-da81c97e5df4" />
    <UnitTestResult executionId="2571bf60-6c60-4fc4-ab82-4706f2c5b761" testId="777ff963-3277-f319-2838-bef13d2153a1" testName="TestLoadXMLWithNoParametersCorrect" computerName="DKSR-EFI-04" duration="00:00:00.0003446" startTime="2023-12-22T09:34:38.0534485+01:00" endTime="2023-12-22T09:34:38.0534485+01:00" testType="13cdc9d9-ddb5-4fa4-a97d-d965ccfc6d4b" outcome="Passed" testListId="8c84fa94-04c1-424b-9868-57a2d4851a1d" relativeResultsDirectory="2571bf60-6c60-4fc4-ab82-4706f2c5b761" />
    <UnitTestResult executionId="81b20688-6102-4510-b0ef-318c98b97354" testId="d07ef90d-5b74-2045-9ed5-456e0bc6bd37" testName="TestGetVisualizationChangesThrowingUnhandledException" computerName="DKSR-EFI-04" duration="00:00:00.0037131" startTime="2023-12-22T09:34:28.9596530+01:00" endTime="2023-12-22T09:34:28.9752779+01:00" testType="13cdc9d9-ddb5-4fa4-a97d-d965ccfc6d4b" outcome="Passed" testListId="8c84fa94-04c1-424b-9868-57a2d4851a1d" relativeResultsDirectory="81b20688-6102-4510-b0ef-318c98b97354" />
    <UnitTestResult executionId="33007338-74d4-43cb-b0a6-f2dcde7a26b1" testId="deba99b4-cdac-fb23-19ce-dce20b5d74c9" testName="GetAllObjectsOfType_FilteringAllDifferentServerRelations" computerName="DKSR-EFI-04" duration="00:00:00.0226051" startTime="2023-12-22T09:34:31.4596668+01:00" endTime="2023-12-22T09:34:31.4909170+01:00" testType="13cdc9d9-ddb5-4fa4-a97d-d965ccfc6d4b" outcome="Passed" testListId="8c84fa94-04c1-424b-9868-57a2d4851a1d" relativeResultsDirectory="33007338-74d4-43cb-b0a6-f2dcde7a26b1" />
    <UnitTestResult executionId="0b21ec18-fe34-4cde-96bd-541f36f90c86" testId="e95dd875-7599-5e7e-b707-528a616cf3e4" testName="TestGetStatusWithInvalidUser" computerName="DKSR-EFI-04" duration="00:00:00.0066354" startTime="2023-12-22T09:34:28.8190283+01:00" endTime="2023-12-22T09:34:28.8190283+01:00" testType="13cdc9d9-ddb5-4fa4-a97d-d965ccfc6d4b" outcome="Passed" testListId="8c84fa94-04c1-424b-9868-57a2d4851a1d" relativeResultsDirectory="0b21ec18-fe34-4cde-96bd-541f36f90c86" />
    <UnitTestResult executionId="b3441ea7-4398-4cd9-b5aa-0ee862510cef" testId="81e2928b-d8a3-fc74-f97a-2c34a5d92bf3" testName="TestGetAllObjectIDsOnVisualElementThrowingUnhandledException" computerName="DKSR-EFI-04" duration="00:00:00.0037591" startTime="2023-12-22T09:34:31.0846631+01:00" endTime="2023-12-22T09:34:31.0846631+01:00" testType="13cdc9d9-ddb5-4fa4-a97d-d965ccfc6d4b" outcome="Passed" testListId="8c84fa94-04c1-424b-9868-57a2d4851a1d" relativeResultsDirectory="b3441ea7-4398-4cd9-b5aa-0ee862510cef" />
    <UnitTestResult executionId="07f97408-7236-4082-9a68-028109fe09b3" testId="30ebb3a1-f6a2-0d2e-66f3-0fcd2f319718" testName="TestDeleteObjectAndChildObjectsWithInvalidUser" computerName="DKSR-EFI-04" duration="00:00:00.0024738" startTime="2023-12-22T09:34:31.6471661+01:00" endTime="2023-12-22T09:34:31.6471661+01:00" testType="13cdc9d9-ddb5-4fa4-a97d-d965ccfc6d4b" outcome="Passed" testListId="8c84fa94-04c1-424b-9868-57a2d4851a1d" relativeResultsDirectory="07f97408-7236-4082-9a68-028109fe09b3" />
    <UnitTestResult executionId="b223ebac-1cbf-45d8-840a-a9d4e0da219c" testId="39f714b7-16f9-3450-b34f-9ea4ea4fe42b" testName="TestUpdateElementsWithTwoElementsWithSameRelationId" computerName="DKSR-EFI-04" duration="00:00:00.0057216" startTime="2023-12-22T09:34:36.1003136+01:00" endTime="2023-12-22T09:34:36.1003136+01:00" testType="13cdc9d9-ddb5-4fa4-a97d-d965ccfc6d4b" outcome="Passed" testListId="8c84fa94-04c1-424b-9868-57a2d4851a1d" relativeResultsDirectory="b223ebac-1cbf-45d8-840a-a9d4e0da219c" />
    <UnitTestResult executionId="cafb8767-7cfd-46fd-aa41-70cf0c0863e6" testId="998494cc-a3bd-af9d-027c-c56c7e84515d" testName="TestInsertElement" computerName="DKSR-EFI-04" duration="00:00:00.0234723" startTime="2023-12-22T09:34:35.3971854+01:00" endTime="2023-12-22T09:34:35.4284368+01:00" testType="13cdc9d9-ddb5-4fa4-a97d-d965ccfc6d4b" outcome="Passed" testListId="8c84fa94-04c1-424b-9868-57a2d4851a1d" relativeResultsDirectory="cafb8767-7cfd-46fd-aa41-70cf0c0863e6" />
    <UnitTestResult executionId="6c0340ed-2a72-4d1d-82ee-a133bd5b1a7f" testId="f68580ba-39fa-d150-ae97-d03c8d62e8d8" testName="Setup_VmsTokenProvider_TempSecretExists_SecretExists_IsTrue_TempSecretFileCreated_RefreshTokenIsCalled_OnceAsync" computerName="DKSR-EFI-04" duration="00:00:00.0124459" startTime="2023-12-22T09:34:39.5847093+01:00" endTime="2023-12-22T09:34:39.6003345+01:00" testType="13cdc9d9-ddb5-4fa4-a97d-d965ccfc6d4b" outcome="Passed" testListId="8c84fa94-04c1-424b-9868-57a2d4851a1d" relativeResultsDirectory="6c0340ed-2a72-4d1d-82ee-a133bd5b1a7f" />
    <UnitTestResult executionId="110033bc-eaa8-4399-b123-ab9bc8cf9439" testId="d2786c03-a5df-3be9-c79c-b2954f993da4" testName="TestRemoveElementInCylicTreeAndFindCorrecRoot" computerName="DKSR-EFI-04" duration="00:00:00.0155724" startTime="2023-12-22T09:34:36.7409445+01:00" endTime="2023-12-22T09:34:36.7565681+01:00" testType="13cdc9d9-ddb5-4fa4-a97d-d965ccfc6d4b" outcome="Passed" testListId="8c84fa94-04c1-424b-9868-57a2d4851a1d" relativeResultsDirectory="110033bc-eaa8-4399-b123-ab9bc8cf9439" />
    <UnitTestResult executionId="907fa9f7-b7d3-412f-aa54-e899a87ecc9f" testId="a6a02ab7-42ed-4631-7ecb-7e2cdab16bb2" testName="TestIconWithNullIcon" computerName="DKSR-EFI-04" duration="00:00:00.0007895" startTime="2023-12-22T09:34:32.7096712+01:00" endTime="2023-12-22T09:34:32.7096712+01:00" testType="13cdc9d9-ddb5-4fa4-a97d-d965ccfc6d4b" outcome="Passed" testListId="8c84fa94-04c1-424b-9868-57a2d4851a1d" relativeResultsDirectory="907fa9f7-b7d3-412f-aa54-e899a87ecc9f" />
    <UnitTestResult executionId="25790a70-ca34-48c3-85b8-5cdc94101ce3" testId="084f32ac-20d9-3298-d35a-3e4233f1f96b" testName="UpdateName_WithValidParameters" computerName="DKSR-EFI-04" duration="00:00:00.0079257" startTime="2023-12-22T09:34:30.6315374+01:00" endTime="2023-12-22T09:34:30.6315374+01:00" testType="13cdc9d9-ddb5-4fa4-a97d-d965ccfc6d4b" outcome="Passed" testListId="8c84fa94-04c1-424b-9868-57a2d4851a1d" relativeResultsDirectory="25790a70-ca34-48c3-85b8-5cdc94101ce3" />
    <UnitTestResult executionId="c317c836-53e5-4d7e-a26b-25a47a557b64" testId="1b004e8f-24b5-c979-ccb9-ab7121f6f236" testName="TestItemAddedWithOtherDuplicatedItem" computerName="DKSR-EFI-04" duration="00:00:00.0038551" startTime="2023-12-22T09:34:33.7253032+01:00" endTime="2023-12-22T09:34:33.7253032+01:00" testType="13cdc9d9-ddb5-4fa4-a97d-d965ccfc6d4b" outcome="Passed" testListId="8c84fa94-04c1-424b-9868-57a2d4851a1d" relativeResultsDirectory="c317c836-53e5-4d7e-a26b-25a47a557b64" />
    <UnitTestResult executionId="980aaa34-a7af-45ae-bf10-1ff5edd40795" testId="e4485a7b-7692-9572-08b5-73744887a6e6" testName="TestCreateFilteredConfigurationEventsLimited" computerName="DKSR-EFI-04" duration="00:00:00.0010450" startTime="2023-12-22T09:34:44.7566098+01:00" endTime="2023-12-22T09:34:44.7566098+01:00" testType="13cdc9d9-ddb5-4fa4-a97d-d965ccfc6d4b" outcome="Passed" testListId="8c84fa94-04c1-424b-9868-57a2d4851a1d" relativeResultsDirectory="980aaa34-a7af-45ae-bf10-1ff5edd40795" />
    <UnitTestResult executionId="f9ad9f55-521c-4651-9917-aee5c4fa66ba" testId="482f2162-f630-84b1-16ff-f7d9e0c47833" testName="TestNonExistingRelationElement" computerName="DKSR-EFI-04" duration="00:00:00.0480921" startTime="2023-12-22T09:34:35.2721848+01:00" endTime="2023-12-22T09:34:35.3190611+01:00" testType="13cdc9d9-ddb5-4fa4-a97d-d965ccfc6d4b" outcome="Passed" testListId="8c84fa94-04c1-424b-9868-57a2d4851a1d" relativeResultsDirectory="f9ad9f55-521c-4651-9917-aee5c4fa66ba" />
    <UnitTestResult executionId="1d114455-06cf-4d32-a4fd-4a94cb40bd78" testId="0d07bc10-acea-4edd-972d-21155302c1bb" testName="TestRuleSystemCommandPipeConfigurationChangeGet" computerName="DKSR-EFI-04" duration="00:00:00.0009862" startTime="2023-12-22T09:34:38.6472015+01:00" endTime="2023-12-22T09:34:38.6472015+01:00" testType="13cdc9d9-ddb5-4fa4-a97d-d965ccfc6d4b" outcome="Passed" testListId="8c84fa94-04c1-424b-9868-57a2d4851a1d" relativeResultsDirectory="1d114455-06cf-4d32-a4fd-4a94cb40bd78" />
    <UnitTestResult executionId="403471ae-5e4e-4aa3-8b8b-6ccdbc57b219" testId="e034f180-6179-db89-a0d9-ee482132bcaf" testName="UnsubscribeEventReceiver_ReturnsTrue_WhenAlreadySubscribed" computerName="DKSR-EFI-04" duration="00:00:00.0003509" startTime="2023-12-22T09:34:40.5690893+01:00" endTime="2023-12-22T09:34:40.5690893+01:00" testType="13cdc9d9-ddb5-4fa4-a97d-d965ccfc6d4b" outcome="Passed" testListId="8c84fa94-04c1-424b-9868-57a2d4851a1d" relativeResultsDirectory="403471ae-5e4e-4aa3-8b8b-6ccdbc57b219" />
    <UnitTestResult executionId="b83323a5-f35c-4ca7-92b4-7b88613f7156" testId="a211a97a-d25d-ebb4-1503-0b4189d0cff0" testName="TestCheckAuthorizationWithNullUserId" computerName="DKSR-EFI-04" duration="00:00:00.0017161" startTime="2023-12-22T09:34:39.8190848+01:00" endTime="2023-12-22T09:34:39.8347121+01:00" testType="13cdc9d9-ddb5-4fa4-a97d-d965ccfc6d4b" outcome="Passed" testListId="8c84fa94-04c1-424b-9868-57a2d4851a1d" relativeResultsDirectory="b83323a5-f35c-4ca7-92b4-7b88613f7156" />
    <UnitTestResult executionId="de76742b-bb01-4505-ae8a-723654d254cc" testId="abccf166-3a64-1c0d-ff8f-b1706f07f3cf" testName="TestConstructorWithNullValues" computerName="DKSR-EFI-04" duration="00:00:00.0063925" startTime="2023-12-22T09:34:32.8034232+01:00" endTime="2023-12-22T09:34:32.8190498+01:00" testType="13cdc9d9-ddb5-4fa4-a97d-d965ccfc6d4b" outcome="Passed" testListId="8c84fa94-04c1-424b-9868-57a2d4851a1d" relativeResultsDirectory="de76742b-bb01-4505-ae8a-723654d254cc" />
    <UnitTestResult executionId="f05a028b-229b-4117-9026-df633936dbc9" testId="095c6d2b-df92-4f2a-cb3c-ba4350787eb1" testName="TestDescription" computerName="DKSR-EFI-04" duration="00:00:00.0013659" startTime="2023-12-22T09:34:33.6784276+01:00" endTime="2023-12-22T09:34:33.6784276+01:00" testType="13cdc9d9-ddb5-4fa4-a97d-d965ccfc6d4b" outcome="Passed" testListId="8c84fa94-04c1-424b-9868-57a2d4851a1d" relativeResultsDirectory="f05a028b-229b-4117-9026-df633936dbc9" />
    <UnitTestResult executionId="b7e8e8a6-2c8a-4e50-b654-0f6323a15d5d" testId="aaafca5d-f4ef-4e22-3afb-bb9480d7c916" testName="TestNameWithNull" computerName="DKSR-EFI-04" duration="00:00:00.0001415" startTime="2023-12-22T09:34:32.6940458+01:00" endTime="2023-12-22T09:34:32.6940458+01:00" testType="13cdc9d9-ddb5-4fa4-a97d-d965ccfc6d4b" outcome="Passed" testListId="8c84fa94-04c1-424b-9868-57a2d4851a1d" relativeResultsDirectory="b7e8e8a6-2c8a-4e50-b654-0f6323a15d5d" />
    <UnitTestResult executionId="bd2d9b26-7127-41ed-a85e-2ce150bf0f7b" testId="04c25643-376b-7a28-b586-b53145f3b62e" testName="AddSoundTest" computerName="DKSR-EFI-04" duration="00:00:00.0014569" startTime="2023-12-22T09:34:33.8503030+01:00" endTime="2023-12-22T09:34:33.8503030+01:00" testType="13cdc9d9-ddb5-4fa4-a97d-d965ccfc6d4b" outcome="Passed" testListId="8c84fa94-04c1-424b-9868-57a2d4851a1d" relativeResultsDirectory="bd2d9b26-7127-41ed-a85e-2ce150bf0f7b" />
    <UnitTestResult executionId="aa097e3f-7353-4c1a-9164-fdb8356bfc24" testId="b1eb2d95-e380-1f2c-cbad-d734829ebaa6" testName="TypeAndCounterStateToEventId_ReturnsCorrectId_OnTypeAndState" computerName="DKSR-EFI-04" duration="00:00:00.0024870" startTime="2023-12-22T09:34:41.2253404+01:00" endTime="2023-12-22T09:34:41.2253404+01:00" testType="13cdc9d9-ddb5-4fa4-a97d-d965ccfc6d4b" outcome="Passed" testListId="8c84fa94-04c1-424b-9868-57a2d4851a1d" relativeResultsDirectory="aa097e3f-7353-4c1a-9164-fdb8356bfc24" />
    <UnitTestResult executionId="22d3c154-80ad-4a4f-9774-ba249157345a" testId="1958c285-da47-c12c-39c3-acb379a81240" testName="EventIdListTest_BuildEventIds_ThrowsArgumentNullException" computerName="DKSR-EFI-04" duration="00:00:00.0005993" startTime="2023-12-22T09:34:40.6159633+01:00" endTime="2023-12-22T09:34:40.6315876+01:00" testType="13cdc9d9-ddb5-4fa4-a97d-d965ccfc6d4b" outcome="Passed" testListId="8c84fa94-04c1-424b-9868-57a2d4851a1d" relativeResultsDirectory="22d3c154-80ad-4a4f-9774-ba249157345a" />
    <UnitTestResult executionId="200aa91e-ced4-4dd9-bbf7-44a8dcc42286" testId="e25dfe72-e1cf-054a-a7c4-9df774032db7" testName="TestConstructor" computerName="DKSR-EFI-04" duration="00:00:00.0004128" startTime="2023-12-22T09:34:38.0847010+01:00" endTime="2023-12-22T09:34:38.0847010+01:00" testType="13cdc9d9-ddb5-4fa4-a97d-d965ccfc6d4b" outcome="Passed" testListId="8c84fa94-04c1-424b-9868-57a2d4851a1d" relativeResultsDirectory="200aa91e-ced4-4dd9-bbf7-44a8dcc42286" />
    <UnitTestResult executionId="6bcf92ee-6306-4687-b9b2-69bbc4d8aae6" testId="48d56e3f-ad3b-be4d-0cbc-efeb7cbda6a1" testName="Construction" computerName="DKSR-EFI-04" duration="00:00:00.0079637" startTime="2023-12-22T09:34:27.7252730+01:00" endTime="2023-12-22T09:34:27.7252730+01:00" testType="13cdc9d9-ddb5-4fa4-a97d-d965ccfc6d4b" outcome="Passed" testListId="8c84fa94-04c1-424b-9868-57a2d4851a1d" relativeResultsDirectory="6bcf92ee-6306-4687-b9b2-69bbc4d8aae6" />
    <UnitTestResult executionId="c528f117-b48f-4f56-ae34-5c7ccd8ca2c1" testId="ed24a0ae-0c10-dd44-6e9d-7b367e82eda5" testName="UpdateBounds_WithValidParameters" computerName="DKSR-EFI-04" duration="00:00:00.0197060" startTime="2023-12-22T09:34:30.6784127+01:00" endTime="2023-12-22T09:34:30.7096608+01:00" testType="13cdc9d9-ddb5-4fa4-a97d-d965ccfc6d4b" outcome="Passed" testListId="8c84fa94-04c1-424b-9868-57a2d4851a1d" relativeResultsDirectory="c528f117-b48f-4f56-ae34-5c7ccd8ca2c1" />
    <UnitTestResult executionId="51817696-35ba-4344-9bc6-475493c19414" testId="b8026746-1698-2927-a5ef-40dfdc79616a" testName="TestOneACSystemPLUnsupportedOneACSystemPLEnabled" computerName="DKSR-EFI-04" duration="00:00:00.0055180" startTime="2023-12-22T09:34:39.7722097+01:00" endTime="2023-12-22T09:34:39.7878374+01:00" testType="13cdc9d9-ddb5-4fa4-a97d-d965ccfc6d4b" outcome="Passed" testListId="8c84fa94-04c1-424b-9868-57a2d4851a1d" relativeResultsDirectory="51817696-35ba-4344-9bc6-475493c19414" />
    <UnitTestResult executionId="f61404d8-71f6-4152-9adc-913088081114" testId="59908a85-7166-7469-7788-dbc94daa0091" testName="TestDisplayXML" computerName="DKSR-EFI-04" duration="00:00:00.0422754" startTime="2023-12-22T09:34:38.3034508+01:00" endTime="2023-12-22T09:34:38.3503287+01:00" testType="13cdc9d9-ddb5-4fa4-a97d-d965ccfc6d4b" outcome="Passed" testListId="8c84fa94-04c1-424b-9868-57a2d4851a1d" relativeResultsDirectory="f61404d8-71f6-4152-9adc-913088081114" />
    <UnitTestResult executionId="3830f0ad-2843-4bc1-86cc-ac0c66b0a5bc" testId="656f95db-014c-5ee9-06b7-7ba025853223" testName="AddSoundAlreadyRemovedTest" computerName="DKSR-EFI-04" duration="00:00:00.0005311" startTime="2023-12-22T09:34:33.8503030+01:00" endTime="2023-12-22T09:34:33.8503030+01:00" testType="13cdc9d9-ddb5-4fa4-a97d-d965ccfc6d4b" outcome="Passed" testListId="8c84fa94-04c1-424b-9868-57a2d4851a1d" relativeResultsDirectory="3830f0ad-2843-4bc1-86cc-ac0c66b0a5bc" />
    <UnitTestResult executionId="3629bf4c-5007-4a01-b219-7e39a85b21dd" testId="95dc2360-262f-0a68-74cf-07361d11ffb3" testName="Decrypt_ShouldRaiseArgumentNullException_WhenEncryptedValueIsNull" computerName="DKSR-EFI-04" duration="00:00:00.0012330" startTime="2023-12-22T09:34:40.0065853+01:00" endTime="2023-12-22T09:34:40.0065853+01:00" testType="13cdc9d9-ddb5-4fa4-a97d-d965ccfc6d4b" outcome="Passed" testListId="8c84fa94-04c1-424b-9868-57a2d4851a1d" relativeResultsDirectory="3629bf4c-5007-4a01-b219-7e39a85b21dd" />
    <UnitTestResult executionId="0e914fda-800d-4f9c-8302-af39cdda2064" testId="2642ffa3-58ea-8fa0-4a47-e34aa27d1791" testName="EventConverter_ConvertBaseItemToBaseEvent_BaseItem_Null" computerName="DKSR-EFI-04" duration="00:00:00.0027020" startTime="2023-12-22T09:34:39.2409545+01:00" endTime="2023-12-22T09:34:39.2409545+01:00" testType="13cdc9d9-ddb5-4fa4-a97d-d965ccfc6d4b" outcome="Passed" testListId="8c84fa94-04c1-424b-9868-57a2d4851a1d" relativeResultsDirectory="0e914fda-800d-4f9c-8302-af39cdda2064" />
    <UnitTestResult executionId="c7679304-1e9c-4570-944a-7fbdde08d544" testId="e723873f-ed52-5989-552e-87e4aa20036a" testName="TestServiceInfoExists" computerName="DKSR-EFI-04" duration="00:00:00.0014409" startTime="2023-12-22T09:34:38.5378272+01:00" endTime="2023-12-22T09:34:38.5378272+01:00" testType="13cdc9d9-ddb5-4fa4-a97d-d965ccfc6d4b" outcome="Passed" testListId="8c84fa94-04c1-424b-9868-57a2d4851a1d" relativeResultsDirectory="c7679304-1e9c-4570-944a-7fbdde08d544" />
    <UnitTestResult executionId="179ea545-312c-404b-84cc-854d6bce947c" testId="893bae7d-2ecb-147a-4249-142a59be651b" testName="TestGetItemStatusDetails" computerName="DKSR-EFI-04" duration="00:00:00.0009636" startTime="2023-12-22T09:34:33.7878037+01:00" endTime="2023-12-22T09:34:33.7878037+01:00" testType="13cdc9d9-ddb5-4fa4-a97d-d965ccfc6d4b" outcome="Passed" testListId="8c84fa94-04c1-424b-9868-57a2d4851a1d" relativeResultsDirectory="179ea545-312c-404b-84cc-854d6bce947c" />
    <UnitTestResult executionId="b2d25086-c649-45ed-a323-56f924d49c13" testId="cb9fd1fb-8ab1-0f9d-22d4-5063f280bf96" testName="TestAdd" computerName="DKSR-EFI-04" duration="00:00:00.0027242" startTime="2023-12-22T09:34:32.0534205+01:00" endTime="2023-12-22T09:34:32.0534205+01:00" testType="13cdc9d9-ddb5-4fa4-a97d-d965ccfc6d4b" outcome="Passed" testListId="8c84fa94-04c1-424b-9868-57a2d4851a1d" relativeResultsDirectory="b2d25086-c649-45ed-a323-56f924d49c13" />
    <UnitTestResult executionId="1a77dded-07e1-4e39-8ec0-bf03861b3596" testId="5bb69163-8c75-e295-34ab-b5c8205de7b3" testName="Handle_ShouldNotFlattenValues_WhenValuesDoNotIncludeStateProperties" computerName="DKSR-EFI-04" duration="00:00:00.0082578" startTime="2023-12-22T09:34:43.8972278+01:00" endTime="2023-12-22T09:34:43.8972278+01:00" testType="13cdc9d9-ddb5-4fa4-a97d-d965ccfc6d4b" outcome="Passed" testListId="8c84fa94-04c1-424b-9868-57a2d4851a1d" relativeResultsDirectory="1a77dded-07e1-4e39-8ec0-bf03861b3596" />
    <UnitTestResult executionId="dd68c48b-a7cc-42d6-a061-48ef7a631de6" testId="96614fe9-4e7b-8f5d-57fe-1fbd10350bae" testName="TestRemoveServiceInfo" computerName="DKSR-EFI-04" duration="00:00:00.0009557" startTime="2023-12-22T09:34:38.5222031+01:00" endTime="2023-12-22T09:34:38.5222031+01:00" testType="13cdc9d9-ddb5-4fa4-a97d-d965ccfc6d4b" outcome="Passed" testListId="8c84fa94-04c1-424b-9868-57a2d4851a1d" relativeResultsDirectory="dd68c48b-a7cc-42d6-a061-48ef7a631de6" />
    <UnitTestResult executionId="78834214-4124-46ae-b7c2-ae7d90a319b7" testId="1ed2ed82-9584-aaae-b2e1-8e1cc7abef56" testName="GetEventTypesTest" computerName="DKSR-EFI-04" duration="00:00:00.0497440" startTime="2023-12-22T09:34:40.3815888+01:00" endTime="2023-12-22T09:34:40.4284640+01:00" testType="13cdc9d9-ddb5-4fa4-a97d-d965ccfc6d4b" outcome="Passed" testListId="8c84fa94-04c1-424b-9868-57a2d4851a1d" relativeResultsDirectory="78834214-4124-46ae-b7c2-ae7d90a319b7" />
    <UnitTestResult executionId="19c16892-ef59-47bc-bff4-553ad92979b0" testId="c8928bd0-50a2-9d4e-412a-4945259d8ebb" testName="TestUpdateElementBoundsWithAMarkedForDeletionElement" computerName="DKSR-EFI-04" duration="00:00:00.0027824" startTime="2023-12-22T09:34:35.2096860+01:00" endTime="2023-12-22T09:34:35.2096860+01:00" testType="13cdc9d9-ddb5-4fa4-a97d-d965ccfc6d4b" outcome="Passed" testListId="8c84fa94-04c1-424b-9868-57a2d4851a1d" relativeResultsDirectory="19c16892-ef59-47bc-bff4-553ad92979b0" />
    <UnitTestResult executionId="051a5b7e-eb47-467c-ae69-a68096c805ea" testId="e2ee6963-65a5-363e-7d56-a973ec371926" testName="GetData_ReturnsAccessControlData_WhenAccessControlEvent" computerName="DKSR-EFI-04" duration="00:00:00.0065495" startTime="2023-12-22T09:34:40.9440908+01:00" endTime="2023-12-22T09:34:40.9440908+01:00" testType="13cdc9d9-ddb5-4fa4-a97d-d965ccfc6d4b" outcome="Passed" testListId="8c84fa94-04c1-424b-9868-57a2d4851a1d" relativeResultsDirectory="051a5b7e-eb47-467c-ae69-a68096c805ea" />
    <UnitTestResult executionId="67344979-4512-4ef4-9f9f-728cd338c204" testId="bf44b2b4-8310-5a30-3472-845b81c14e93" testName="TestDeleteObjectsWithValidParameters" computerName="DKSR-EFI-04" duration="00:00:00.0031817" startTime="2023-12-22T09:34:31.1159157+01:00" endTime="2023-12-22T09:34:31.1159157+01:00" testType="13cdc9d9-ddb5-4fa4-a97d-d965ccfc6d4b" outcome="Passed" testListId="8c84fa94-04c1-424b-9868-57a2d4851a1d" relativeResultsDirectory="67344979-4512-4ef4-9f9f-728cd338c204" />
    <UnitTestResult executionId="5543d4da-3f78-410b-bcb9-295b8bd5dd90" testId="c7c1c2fa-07c7-0f3b-19b5-5eef26b00099" testName="TestGetPlugInItemChangesNotAuthenticated" computerName="DKSR-EFI-04" duration="00:00:00.0017060" startTime="2023-12-22T09:34:31.1784160+01:00" endTime="2023-12-22T09:34:31.1940396+01:00" testType="13cdc9d9-ddb5-4fa4-a97d-d965ccfc6d4b" outcome="Passed" testListId="8c84fa94-04c1-424b-9868-57a2d4851a1d" relativeResultsDirectory="5543d4da-3f78-410b-bcb9-295b8bd5dd90" />
    <UnitTestResult executionId="4616a4f4-9ace-4b44-8509-b3ffd139a9b6" testId="a96676a6-3e98-b905-8bd8-781a670d781b" testName="StartStopTest" computerName="DKSR-EFI-04" duration="00:00:00.1670855" startTime="2023-12-22T09:34:40.2097119+01:00" endTime="2023-12-22T09:34:40.3815888+01:00" testType="13cdc9d9-ddb5-4fa4-a97d-d965ccfc6d4b" outcome="Passed" testListId="8c84fa94-04c1-424b-9868-57a2d4851a1d" relativeResultsDirectory="4616a4f4-9ace-4b44-8509-b3ffd139a9b6" />
    <UnitTestResult executionId="1c4ceaf9-57b1-41cf-8955-f5048ad203a0" testId="af9c99ee-b8a6-0e24-b2bf-4eac5291d249" testName="TestConstructorWithDifferentConfigHost" computerName="DKSR-EFI-04" duration="00:00:00.0007944" startTime="2023-12-22T09:34:40.1784604+01:00" endTime="2023-12-22T09:34:40.1784604+01:00" testType="13cdc9d9-ddb5-4fa4-a97d-d965ccfc6d4b" outcome="Passed" testListId="8c84fa94-04c1-424b-9868-57a2d4851a1d" relativeResultsDirectory="1c4ceaf9-57b1-41cf-8955-f5048ad203a0" />
    <UnitTestResult executionId="ca20938e-6e52-4c6d-a970-ea6a838e3ea6" testId="3b44561b-0ad1-5468-2908-3864d1c7aedc" testName="TestGetIconDataWithInvalidUser" computerName="DKSR-EFI-04" duration="00:00:00.0023396" startTime="2023-12-22T09:34:31.6784174+01:00" endTime="2023-12-22T09:34:31.6784174+01:00" testType="13cdc9d9-ddb5-4fa4-a97d-d965ccfc6d4b" outcome="Passed" testListId="8c84fa94-04c1-424b-9868-57a2d4851a1d" relativeResultsDirectory="ca20938e-6e52-4c6d-a970-ea6a838e3ea6" />
    <UnitTestResult executionId="9d5d2ba6-a680-486b-8bf0-7f0e5d843f6b" testId="4a9399b4-44e7-cc5f-cd99-c31d91a518b3" testName="TestSetVisualizationThrowingUnhandledException" computerName="DKSR-EFI-04" duration="00:00:00.0037403" startTime="2023-12-22T09:34:28.9127788+01:00" endTime="2023-12-22T09:34:28.9127788+01:00" testType="13cdc9d9-ddb5-4fa4-a97d-d965ccfc6d4b" outcome="Passed" testListId="8c84fa94-04c1-424b-9868-57a2d4851a1d" relativeResultsDirectory="9d5d2ba6-a680-486b-8bf0-7f0e5d843f6b" />
    <UnitTestResult executionId="912e4bf3-c677-45d1-a6c3-7f09deee955e" testId="e2742b16-20b9-c148-0a15-b011a5020615" testName="TestUpdateElementWithoutTypeId" computerName="DKSR-EFI-04" duration="00:00:00.0039066" startTime="2023-12-22T09:34:35.9128153+01:00" endTime="2023-12-22T09:34:35.9128153+01:00" testType="13cdc9d9-ddb5-4fa4-a97d-d965ccfc6d4b" outcome="Passed" testListId="8c84fa94-04c1-424b-9868-57a2d4851a1d" relativeResultsDirectory="912e4bf3-c677-45d1-a6c3-7f09deee955e" />
    <UnitTestResult executionId="73bf3f75-ff02-4099-aa92-07c19a76aea0" testId="32d260cd-d3ba-7dc8-bbda-4a59e566f96f" testName="TestRemoveUserWithNullUser" computerName="DKSR-EFI-04" duration="00:00:00.0021227" startTime="2023-12-22T09:34:40.1315866+01:00" endTime="2023-12-22T09:34:40.1315866+01:00" testType="13cdc9d9-ddb5-4fa4-a97d-d965ccfc6d4b" outcome="Passed" testListId="8c84fa94-04c1-424b-9868-57a2d4851a1d" relativeResultsDirectory="73bf3f75-ff02-4099-aa92-07c19a76aea0" />
    <UnitTestResult executionId="575361ad-97b0-4434-866a-463a70271def" testId="f63b110a-a15d-825d-14f9-2151d2f1e07f" testName="TestRemoveElementAndChildElementsWithCyclicRelation" computerName="DKSR-EFI-04" duration="00:00:00.0218886" startTime="2023-12-22T09:34:36.9909453+01:00" endTime="2023-12-22T09:34:37.0065714+01:00" testType="13cdc9d9-ddb5-4fa4-a97d-d965ccfc6d4b" outcome="Passed" testListId="8c84fa94-04c1-424b-9868-57a2d4851a1d" relativeResultsDirectory="575361ad-97b0-4434-866a-463a70271def" />
    <UnitTestResult executionId="53512fbb-95c0-4e8c-8f49-5d918b1f9dfc" testId="3bd90d8d-3840-8444-9982-0a5a71948575" testName="TrimStart_ReturnWordAfterPrefix_WhenInputIncludesPrefixAndContent" computerName="DKSR-EFI-04" duration="00:00:00.0085316" startTime="2023-12-22T09:34:44.7878616+01:00" endTime="2023-12-22T09:34:44.7878616+01:00" testType="13cdc9d9-ddb5-4fa4-a97d-d965ccfc6d4b" outcome="Passed" testListId="8c84fa94-04c1-424b-9868-57a2d4851a1d" relativeResultsDirectory="53512fbb-95c0-4e8c-8f49-5d918b1f9dfc" />
    <UnitTestResult executionId="531828bd-e4c8-46ba-b21a-de613dc6b29c" testId="e57cf4c2-4e25-5fbe-8127-a1aed3da19ed" testName="TestAddLiveCacheWithNullData" computerName="DKSR-EFI-04" duration="00:00:00.0031581" startTime="2023-12-22T09:34:27.4596442+01:00" endTime="2023-12-22T09:34:27.4752710+01:00" testType="13cdc9d9-ddb5-4fa4-a97d-d965ccfc6d4b" outcome="Passed" testListId="8c84fa94-04c1-424b-9868-57a2d4851a1d" relativeResultsDirectory="531828bd-e4c8-46ba-b21a-de613dc6b29c" />
    <UnitTestResult executionId="6511625d-7375-4a3a-9a42-2a110d8655b8" testId="f05beade-84ad-3739-4096-007a49eee211" testName="TestGetIconWithKnownIcon" computerName="DKSR-EFI-04" duration="00:00:00.0086290" startTime="2023-12-22T09:34:33.5690505+01:00" endTime="2023-12-22T09:34:33.5690505+01:00" testType="13cdc9d9-ddb5-4fa4-a97d-d965ccfc6d4b" outcome="Passed" testListId="8c84fa94-04c1-424b-9868-57a2d4851a1d" relativeResultsDirectory="6511625d-7375-4a3a-9a42-2a110d8655b8" />
    <UnitTestResult executionId="15cdeb8c-dab1-479c-ba65-56b1a1eb2c27" testId="48832875-ad63-f03d-36a5-b28de21d0017" testName="DeleteObjects_WithValidParameters" computerName="DKSR-EFI-04" duration="00:00:00.0038701" startTime="2023-12-22T09:34:31.6159188+01:00" endTime="2023-12-22T09:34:31.6159188+01:00" testType="13cdc9d9-ddb5-4fa4-a97d-d965ccfc6d4b" outcome="Passed" testListId="8c84fa94-04c1-424b-9868-57a2d4851a1d" relativeResultsDirectory="15cdeb8c-dab1-479c-ba65-56b1a1eb2c27" />
    <UnitTestResult executionId="6f76ce31-4b9d-4441-8307-4431fcebe04a" testId="6a8f0602-664e-bdf0-f0a2-3e7f9b76b3d9" testName="TestActionCommandCredentialsConfigurationChanged" computerName="DKSR-EFI-04" duration="00:00:00.0017547" startTime="2023-12-22T09:34:39.0222049+01:00" endTime="2023-12-22T09:34:39.0222049+01:00" testType="13cdc9d9-ddb5-4fa4-a97d-d965ccfc6d4b" outcome="Passed" testListId="8c84fa94-04c1-424b-9868-57a2d4851a1d" relativeResultsDirectory="6f76ce31-4b9d-4441-8307-4431fcebe04a" />
    <UnitTestResult executionId="a3a44c1f-56fc-4335-b4ae-3d3671ebeed5" testId="e1c9128c-3d5a-a381-cb03-be847059c4f0" testName="TestGetVisualElementChangesThrowingUnhandledException" computerName="DKSR-EFI-04" duration="00:00:00.0040201" startTime="2023-12-22T09:34:31.2877886+01:00" endTime="2023-12-22T09:34:31.2877886+01:00" testType="13cdc9d9-ddb5-4fa4-a97d-d965ccfc6d4b" outcome="Passed" testListId="8c84fa94-04c1-424b-9868-57a2d4851a1d" relativeResultsDirectory="a3a44c1f-56fc-4335-b4ae-3d3671ebeed5" />
    <UnitTestResult executionId="6660978a-f270-487c-bdce-8def4549f84f" testId="9c486dc7-5089-b52d-43af-f1224bc53e63" testName="TestUpdateObjectThrowingUnhandledException" computerName="DKSR-EFI-04" duration="00:00:00.0043550" startTime="2023-12-22T09:34:31.3971650+01:00" endTime="2023-12-22T09:34:31.3971650+01:00" testType="13cdc9d9-ddb5-4fa4-a97d-d965ccfc6d4b" outcome="Passed" testListId="8c84fa94-04c1-424b-9868-57a2d4851a1d" relativeResultsDirectory="6660978a-f270-487c-bdce-8def4549f84f" />
    <UnitTestResult executionId="803b1b67-641f-474e-892e-354ea28b4d8f" testId="a03feeed-1bbf-cf6a-a8a9-3a2d71ce8049" testName="TestUpdateObjectsWithServerIDInRelationID" computerName="DKSR-EFI-04" duration="00:00:00.0025779" startTime="2023-12-22T09:34:31.4127907+01:00" endTime="2023-12-22T09:34:31.4127907+01:00" testType="13cdc9d9-ddb5-4fa4-a97d-d965ccfc6d4b" outcome="Passed" testListId="8c84fa94-04c1-424b-9868-57a2d4851a1d" relativeResultsDirectory="803b1b67-641f-474e-892e-354ea28b4d8f" />
    <UnitTestResult executionId="436949e4-b0ae-472c-a72f-a1105e33d690" testId="f33a9716-9d3a-4753-b785-f9dda7da4e80" testName="CheckAccess_ShouldReturnPermission_WhenUserExistsInDb" computerName="DKSR-EFI-04" duration="00:00:00.0128333" startTime="2023-12-22T09:34:27.7877740+01:00" endTime="2023-12-22T09:34:27.8033981+01:00" testType="13cdc9d9-ddb5-4fa4-a97d-d965ccfc6d4b" outcome="Passed" testListId="8c84fa94-04c1-424b-9868-57a2d4851a1d" relativeResultsDirectory="436949e4-b0ae-472c-a72f-a1105e33d690" />
    <UnitTestResult executionId="cf8caea3-0273-4ce4-8ce3-1a09f82ba4c1" testId="488a10c7-6e93-71e1-532e-0f788019feb9" testName="GetPlugIns_WithValidParameters" computerName="DKSR-EFI-04" duration="00:00:00.0050642" startTime="2023-12-22T09:34:30.7409119+01:00" endTime="2023-12-22T09:34:30.7409119+01:00" testType="13cdc9d9-ddb5-4fa4-a97d-d965ccfc6d4b" outcome="Passed" testListId="8c84fa94-04c1-424b-9868-57a2d4851a1d" relativeResultsDirectory="cf8caea3-0273-4ce4-8ce3-1a09f82ba4c1" />
    <UnitTestResult executionId="60020e8d-7605-43e9-8f44-92aef8a152c5" testId="5a7ff7ff-6e2d-de39-c565-1246305502ff" testName="TestRemoveElementAndChildElementsNonRecursive" computerName="DKSR-EFI-04" duration="00:00:00.0275044" startTime="2023-12-22T09:34:36.8815690+01:00" endTime="2023-12-22T09:34:36.9128187+01:00" testType="13cdc9d9-ddb5-4fa4-a97d-d965ccfc6d4b" outcome="Passed" testListId="8c84fa94-04c1-424b-9868-57a2d4851a1d" relativeResultsDirectory="60020e8d-7605-43e9-8f44-92aef8a152c5" />
    <UnitTestResult executionId="e32823a6-c260-4c48-b029-22cca9c43980" testId="db1cf4cf-9e8e-00a9-a41f-122fcf4b358a" testName="TestGetAllObjectsOnVisualElementThrowingUnhandledException" computerName="DKSR-EFI-04" duration="00:00:00.0026611" startTime="2023-12-22T09:34:30.3502858+01:00" endTime="2023-12-22T09:34:30.3659098+01:00" testType="13cdc9d9-ddb5-4fa4-a97d-d965ccfc6d4b" outcome="Passed" testListId="8c84fa94-04c1-424b-9868-57a2d4851a1d" relativeResultsDirectory="e32823a6-c260-4c48-b029-22cca9c43980" />
    <UnitTestResult executionId="d14490d3-eaf9-4fdd-a6b5-4fdc888460ec" testId="f5f45b6b-f37b-9416-64de-dbe95a83e2b6" testName="Handle_ShouldFlattenStateValue_WhenValuesIncludeStateName" computerName="DKSR-EFI-04" duration="00:00:00.0038826" startTime="2023-12-22T09:34:43.9284802+01:00" endTime="2023-12-22T09:34:43.9441035+01:00" testType="13cdc9d9-ddb5-4fa4-a97d-d965ccfc6d4b" outcome="Passed" testListId="8c84fa94-04c1-424b-9868-57a2d4851a1d" relativeResultsDirectory="d14490d3-eaf9-4fdd-a6b5-4fdc888460ec" />
    <UnitTestResult executionId="17d09fc6-fd6d-4351-9cf1-433a22b9f19f" testId="b8289cb1-7e5f-64cb-d1b0-4dd9582e9145" testName="TestGetProperties" computerName="DKSR-EFI-04" duration="00:00:00.0027588" startTime="2023-12-22T09:34:33.8971786+01:00" endTime="2023-12-22T09:34:33.8971786+01:00" testType="13cdc9d9-ddb5-4fa4-a97d-d965ccfc6d4b" outcome="Passed" testListId="8c84fa94-04c1-424b-9868-57a2d4851a1d" relativeResultsDirectory="17d09fc6-fd6d-4351-9cf1-433a22b9f19f" />
    <UnitTestResult executionId="0af4b02f-537e-414f-a357-aaabe767ef75" testId="8dce2ebc-b84c-4e62-a5a6-b13a1fdb4d31" testName="ActivatePlugInAction_WithValidParameters" computerName="DKSR-EFI-04" duration="00:00:00.0071632" startTime="2023-12-22T09:34:30.8190385+01:00" endTime="2023-12-22T09:34:30.8190385+01:00" testType="13cdc9d9-ddb5-4fa4-a97d-d965ccfc6d4b" outcome="Passed" testListId="8c84fa94-04c1-424b-9868-57a2d4851a1d" relativeResultsDirectory="0af4b02f-537e-414f-a357-aaabe767ef75" />
    <UnitTestResult executionId="355efb65-f822-47a5-a294-c986a13019e0" testId="9eeb3fb8-351d-99ec-72a2-514b9bbcc9ea" testName="TestUpdateBoundsWithAllParameters" computerName="DKSR-EFI-04" duration="00:00:00.0039956" startTime="2023-12-22T09:34:38.3034508+01:00" endTime="2023-12-22T09:34:38.3034508+01:00" testType="13cdc9d9-ddb5-4fa4-a97d-d965ccfc6d4b" outcome="Passed" testListId="8c84fa94-04c1-424b-9868-57a2d4851a1d" relativeResultsDirectory="355efb65-f822-47a5-a294-c986a13019e0" />
    <UnitTestResult executionId="39544b7f-12c4-40c6-8a0c-b1956b412209" testId="33667771-9d3c-f7ed-4cf3-0f7629b39f0c" testName="TestItemsWithItemIdsEmpty" computerName="DKSR-EFI-04" duration="00:00:00.0061686" startTime="2023-12-22T09:34:33.7878037+01:00" endTime="2023-12-22T09:34:33.7878037+01:00" testType="13cdc9d9-ddb5-4fa4-a97d-d965ccfc6d4b" outcome="Passed" testListId="8c84fa94-04c1-424b-9868-57a2d4851a1d" relativeResultsDirectory="39544b7f-12c4-40c6-8a0c-b1956b412209" />
    <UnitTestResult executionId="d4797a65-eee7-4f27-a16a-e33882bc6b5e" testId="fa0411a1-2370-819b-055c-83a992a25bc8" testName="TestGetXML" computerName="DKSR-EFI-04" duration="00:00:00.0037565" startTime="2023-12-22T09:34:38.3972042+01:00" endTime="2023-12-22T09:34:38.3972042+01:00" testType="13cdc9d9-ddb5-4fa4-a97d-d965ccfc6d4b" outcome="Passed" testListId="8c84fa94-04c1-424b-9868-57a2d4851a1d" relativeResultsDirectory="d4797a65-eee7-4f27-a16a-e33882bc6b5e" />
    <UnitTestResult executionId="9e6c8e0b-2692-46f3-8052-6d53419be1c2" testId="1788269b-ca02-6525-029b-cb119237421f" testName="TestGetAllObjectsOfTypeFromRoot" computerName="DKSR-EFI-04" duration="00:00:00.0083764" startTime="2023-12-22T09:34:30.3190349+01:00" endTime="2023-12-22T09:34:30.3190349+01:00" testType="13cdc9d9-ddb5-4fa4-a97d-d965ccfc6d4b" outcome="Passed" testListId="8c84fa94-04c1-424b-9868-57a2d4851a1d" relativeResultsDirectory="9e6c8e0b-2692-46f3-8052-6d53419be1c2" />
    <UnitTestResult executionId="67bad696-9602-451b-a8b3-c9d6eca3afdc" testId="3f506093-d5c7-05a3-3eba-db8d8da94f2d" testName="EventToBaseEventMapper_ReturnsFreeFormEvent_WhenFreeFormData" computerName="DKSR-EFI-04" duration="00:00:00.0127974" startTime="2023-12-22T09:34:40.8815891+01:00" endTime="2023-12-22T09:34:40.8972131+01:00" testType="13cdc9d9-ddb5-4fa4-a97d-d965ccfc6d4b" outcome="Passed" testListId="8c84fa94-04c1-424b-9868-57a2d4851a1d" relativeResultsDirectory="67bad696-9602-451b-a8b3-c9d6eca3afdc" />
    <UnitTestResult executionId="663a4a41-3e00-450c-9ac7-dcd897c234d3" testId="620e6004-2687-d40d-56fa-33016c3a2edf" testName="GetPlugInItemChanges_WithZeroTimeout" computerName="DKSR-EFI-04" duration="00:00:00.0192108" startTime="2023-12-22T09:34:30.8034112+01:00" endTime="2023-12-22T09:34:30.8190385+01:00" testType="13cdc9d9-ddb5-4fa4-a97d-d965ccfc6d4b" outcome="Passed" testListId="8c84fa94-04c1-424b-9868-57a2d4851a1d" relativeResultsDirectory="663a4a41-3e00-450c-9ac7-dcd897c234d3" />
    <UnitTestResult executionId="ba59d2ad-e8ea-4885-9cde-3bb655445df0" testId="88d0aee6-a99d-fba2-74ff-00a248d9947a" testName="GetTypeChanged_WithZeroTimeout" computerName="DKSR-EFI-04" duration="00:00:00.0030094" startTime="2023-12-22T09:34:31.7096684+01:00" endTime="2023-12-22T09:34:31.7096684+01:00" testType="13cdc9d9-ddb5-4fa4-a97d-d965ccfc6d4b" outcome="Passed" testListId="8c84fa94-04c1-424b-9868-57a2d4851a1d" relativeResultsDirectory="ba59d2ad-e8ea-4885-9cde-3bb655445df0" />
    <UnitTestResult executionId="82686633-3d22-4883-b7d0-66b2dbe51f24" testId="cfcb2bbb-ebc1-fd20-fbb7-664d5ef066e3" testName="GetEventGroupsTest" computerName="DKSR-EFI-04" duration="00:00:00.0065994" startTime="2023-12-22T09:34:40.4440874+01:00" endTime="2023-12-22T09:34:40.4440874+01:00" testType="13cdc9d9-ddb5-4fa4-a97d-d965ccfc6d4b" outcome="Passed" testListId="8c84fa94-04c1-424b-9868-57a2d4851a1d" relativeResultsDirectory="82686633-3d22-4883-b7d0-66b2dbe51f24" />
    <UnitTestResult executionId="44269b8b-2bb8-4b83-ac21-976d720a2e3c" testId="65a8332d-4352-8dbc-8434-d77dc0a1f9da" testName="TestCopyObject" computerName="DKSR-EFI-04" duration="00:00:00.0013740" startTime="2023-12-22T09:34:38.4128295+01:00" endTime="2023-12-22T09:34:38.4128295+01:00" testType="13cdc9d9-ddb5-4fa4-a97d-d965ccfc6d4b" outcome="Passed" testListId="8c84fa94-04c1-424b-9868-57a2d4851a1d" relativeResultsDirectory="44269b8b-2bb8-4b83-ac21-976d720a2e3c" />
    <UnitTestResult executionId="d52754d2-0df3-43a0-b50d-bb10d41e4838" testId="fbfea2c3-4942-2b1b-7392-35cb54fb0985" testName="TestAddUserAfterConfigHostAdded" computerName="DKSR-EFI-04" duration="00:00:00.0079348" startTime="2023-12-22T09:34:40.1159611+01:00" endTime="2023-12-22T09:34:40.1159611+01:00" testType="13cdc9d9-ddb5-4fa4-a97d-d965ccfc6d4b" outcome="Passed" testListId="8c84fa94-04c1-424b-9868-57a2d4851a1d" relativeResultsDirectory="d52754d2-0df3-43a0-b50d-bb10d41e4838" />
    <UnitTestResult executionId="279bf5ca-535b-43e4-81f9-b9247652a467" testId="a0c28440-3fc9-873a-2f7d-9443bb37c937" testName="GetAllObjectsOnVisualElement_FilteringAllDifferentServerRelations" computerName="DKSR-EFI-04" duration="00:00:00.0066398" startTime="2023-12-22T09:34:31.5065418+01:00" endTime="2023-12-22T09:34:31.5065418+01:00" testType="13cdc9d9-ddb5-4fa4-a97d-d965ccfc6d4b" outcome="Passed" testListId="8c84fa94-04c1-424b-9868-57a2d4851a1d" relativeResultsDirectory="279bf5ca-535b-43e4-81f9-b9247652a467" />
    <UnitTestResult executionId="56373fba-73ac-4e45-a83e-e9d710a635e2" testId="515deef3-25ea-3efc-5653-a41e47e92c2b" testName="TestGetStatusWithInvalidUser" computerName="DKSR-EFI-04" duration="00:00:00.0046294" startTime="2023-12-22T09:34:29.2565301+01:00" endTime="2023-12-22T09:34:29.2721557+01:00" testType="13cdc9d9-ddb5-4fa4-a97d-d965ccfc6d4b" outcome="Passed" testListId="8c84fa94-04c1-424b-9868-57a2d4851a1d" relativeResultsDirectory="56373fba-73ac-4e45-a83e-e9d710a635e2" />
    <UnitTestResult executionId="698ba93d-ac4c-4f04-8320-f923303e0c10" testId="c00ddb48-ce5a-3261-6ffe-29ad17eb5019" testName="TestLoadXMLWithNoName" computerName="DKSR-EFI-04" duration="00:00:00.0005383" startTime="2023-12-22T09:34:37.2721958+01:00" endTime="2023-12-22T09:34:37.2721958+01:00" testType="13cdc9d9-ddb5-4fa4-a97d-d965ccfc6d4b" outcome="Passed" testListId="8c84fa94-04c1-424b-9868-57a2d4851a1d" relativeResultsDirectory="698ba93d-ac4c-4f04-8320-f923303e0c10" />
    <UnitTestResult executionId="1b6857a8-a620-4026-8935-20c5a54d367b" testId="2e10328f-e53a-3f72-c895-1355a1a8e2b1" testName="TestUpdateElementsWithRelationIdAllreadyInUseButOnADifferentServer" computerName="DKSR-EFI-04" duration="00:00:00.0058574" startTime="2023-12-22T09:34:36.1471887+01:00" endTime="2023-12-22T09:34:36.1471887+01:00" testType="13cdc9d9-ddb5-4fa4-a97d-d965ccfc6d4b" outcome="Passed" testListId="8c84fa94-04c1-424b-9868-57a2d4851a1d" relativeResultsDirectory="1b6857a8-a620-4026-8935-20c5a54d367b" />
    <UnitTestResult executionId="78914796-61ae-4a73-b70d-0b6542afde71" testId="db5bc05e-7d03-39dc-7c3d-a33059c48f9f" testName="CreateObjects_WithValidParameters" computerName="DKSR-EFI-04" duration="00:00:00.0051362" startTime="2023-12-22T09:34:30.2252838+01:00" endTime="2023-12-22T09:34:30.2252838+01:00" testType="13cdc9d9-ddb5-4fa4-a97d-d965ccfc6d4b" outcome="Passed" testListId="8c84fa94-04c1-424b-9868-57a2d4851a1d" relativeResultsDirectory="78914796-61ae-4a73-b70d-0b6542afde71" />
    <UnitTestResult executionId="7ff70cd2-2217-4bfc-8fca-1cb5adc4b440" testId="6de6dc72-f8d9-f1ba-36aa-0628b8fb9b24" testName="TypeToSourceKind_ReturnsCorrectKind_OnType" computerName="DKSR-EFI-04" duration="00:00:00.0295923" startTime="2023-12-22T09:34:41.1940904+01:00" endTime="2023-12-22T09:34:41.2253404+01:00" testType="13cdc9d9-ddb5-4fa4-a97d-d965ccfc6d4b" outcome="Passed" testListId="8c84fa94-04c1-424b-9868-57a2d4851a1d" relativeResultsDirectory="7ff70cd2-2217-4bfc-8fca-1cb5adc4b440" />
    <UnitTestResult executionId="dd424ef9-bc07-4d85-9412-483dabf168f5" testId="48fc638a-cb7d-f4dd-6988-d0f7494f227e" testName="TestUpdateMultipleAlarmsException" computerName="DKSR-EFI-04" duration="00:00:00.0046188" startTime="2023-12-22T09:34:32.4752966+01:00" endTime="2023-12-22T09:34:32.4909207+01:00" testType="13cdc9d9-ddb5-4fa4-a97d-d965ccfc6d4b" outcome="Passed" testListId="8c84fa94-04c1-424b-9868-57a2d4851a1d" relativeResultsDirectory="dd424ef9-bc07-4d85-9412-483dabf168f5" />
    <UnitTestResult executionId="2c8ff594-6466-47e4-8246-778f76e84c58" testId="47d121ac-c3a0-9cb6-c260-31a7d126c875" testName="SaveConfiguration_RecreatesConfigurationFile" computerName="DKSR-EFI-04" duration="00:00:00.1517346" startTime="2023-12-22T09:34:26.8971446+01:00" endTime="2023-12-22T09:34:27.0533957+01:00" testType="13cdc9d9-ddb5-4fa4-a97d-d965ccfc6d4b" outcome="Passed" testListId="8c84fa94-04c1-424b-9868-57a2d4851a1d" relativeResultsDirectory="2c8ff594-6466-47e4-8246-778f76e84c58" />
    <UnitTestResult executionId="59f36b5a-3b7b-4364-b614-ef74d1419d15" testId="10e89367-57d1-f44b-6ffe-7af21cc99a9a" testName="TestUpdateElementWithNonExistingId" computerName="DKSR-EFI-04" duration="00:00:00.0036963" startTime="2023-12-22T09:34:35.9284366+01:00" endTime="2023-12-22T09:34:35.9284366+01:00" testType="13cdc9d9-ddb5-4fa4-a97d-d965ccfc6d4b" outcome="Passed" testListId="8c84fa94-04c1-424b-9868-57a2d4851a1d" relativeResultsDirectory="59f36b5a-3b7b-4364-b614-ef74d1419d15" />
    <UnitTestResult executionId="2de78502-00a2-4600-baf2-f051c47fa35e" testId="1560d87c-9504-582e-42c3-2a759a5254c0" testName="TestGetElementGetAMarkedForDeletionElement" computerName="DKSR-EFI-04" duration="00:00:00.0026512" startTime="2023-12-22T09:34:36.1628157+01:00" endTime="2023-12-22T09:34:36.1628157+01:00" testType="13cdc9d9-ddb5-4fa4-a97d-d965ccfc6d4b" outcome="Passed" testListId="8c84fa94-04c1-424b-9868-57a2d4851a1d" relativeResultsDirectory="2de78502-00a2-4600-baf2-f051c47fa35e" />
    <UnitTestResult executionId="077e92ba-6a31-4796-a274-312854effabe" testId="5c2d44a1-b725-d1c0-30f0-c2e5bcd42c10" testName="TestAcknowledgeException" computerName="DKSR-EFI-04" duration="00:00:00.0061411" startTime="2023-12-22T09:34:32.3502956+01:00" endTime="2023-12-22T09:34:32.3502956+01:00" testType="13cdc9d9-ddb5-4fa4-a97d-d965ccfc6d4b" outcome="Passed" testListId="8c84fa94-04c1-424b-9868-57a2d4851a1d" relativeResultsDirectory="077e92ba-6a31-4796-a274-312854effabe" />
    <UnitTestResult executionId="977e2ea1-3f39-4c1d-b4b7-d2647c57e3ae" testId="db6fcf61-1043-5a01-715f-bc3b67842046" testName="TestRemoveElementWithOldTimestampAndForce" computerName="DKSR-EFI-04" duration="00:00:00.0104273" startTime="2023-12-22T09:34:36.6315715+01:00" endTime="2023-12-22T09:34:36.6315715+01:00" testType="13cdc9d9-ddb5-4fa4-a97d-d965ccfc6d4b" outcome="Passed" testListId="8c84fa94-04c1-424b-9868-57a2d4851a1d" relativeResultsDirectory="977e2ea1-3f39-4c1d-b4b7-d2647c57e3ae" />
    <UnitTestResult executionId="4f8056bb-174a-4c87-9e48-4702f48b36d1" testId="728d1115-151c-0e88-82f7-4da6a4daa585" testName="TestLoadXMLWithInvalidDoubles" computerName="DKSR-EFI-04" duration="00:00:00.0010367" startTime="2023-12-22T09:34:37.3971974+01:00" endTime="2023-12-22T09:34:37.3971974+01:00" testType="13cdc9d9-ddb5-4fa4-a97d-d965ccfc6d4b" outcome="Passed" testListId="8c84fa94-04c1-424b-9868-57a2d4851a1d" relativeResultsDirectory="4f8056bb-174a-4c87-9e48-4702f48b36d1" />
    <UnitTestResult executionId="0d6f6e46-905c-4d52-9bfd-8e984a86da5b" testId="aa8996b1-a7b7-7e28-df68-26caba5ea254" testName="TestGetVisualizationChangesWithNegativeTimeout" computerName="DKSR-EFI-04" duration="00:00:00.0012114" startTime="2023-12-22T09:34:28.7721534+01:00" endTime="2023-12-22T09:34:28.7721534+01:00" testType="13cdc9d9-ddb5-4fa4-a97d-d965ccfc6d4b" outcome="Passed" testListId="8c84fa94-04c1-424b-9868-57a2d4851a1d" relativeResultsDirectory="0d6f6e46-905c-4d52-9bfd-8e984a86da5b" />
    <UnitTestResult executionId="a1dc6785-f8f8-45e2-897e-1f2c3fb605d0" testId="bf36e020-7ed3-92fa-2bf5-c3f310b7a5c0" testName="TestUpdateMultipleAlarmsInvalidToken" computerName="DKSR-EFI-04" duration="00:00:00.0030824" startTime="2023-12-22T09:34:32.4752966+01:00" endTime="2023-12-22T09:34:32.4752966+01:00" testType="13cdc9d9-ddb5-4fa4-a97d-d965ccfc6d4b" outcome="Passed" testListId="8c84fa94-04c1-424b-9868-57a2d4851a1d" relativeResultsDirectory="a1dc6785-f8f8-45e2-897e-1f2c3fb605d0" />
    <UnitTestResult executionId="00d013cd-c758-4d89-b6ae-e5a5ac20a73c" testId="c8961c6a-00ce-7a22-15c3-44f07a639f36" testName="GetIconData_WithValidParameters" computerName="DKSR-EFI-04" duration="00:00:00.0040160" startTime="2023-12-22T09:34:31.6627924+01:00" endTime="2023-12-22T09:34:31.6784174+01:00" testType="13cdc9d9-ddb5-4fa4-a97d-d965ccfc6d4b" outcome="Passed" testListId="8c84fa94-04c1-424b-9868-57a2d4851a1d" relativeResultsDirectory="00d013cd-c758-4d89-b6ae-e5a5ac20a73c" />
    <UnitTestResult executionId="fef5a6aa-8fb2-4da1-8318-2f620114c5a9" testId="ed423946-5bf0-6e1c-0d7d-d408379e500a" testName="TestDeleteObjectAndChildObjectsWithInvalidUser" computerName="DKSR-EFI-04" duration="00:00:00.0024209" startTime="2023-12-22T09:34:30.4909113+01:00" endTime="2023-12-22T09:34:30.5065362+01:00" testType="13cdc9d9-ddb5-4fa4-a97d-d965ccfc6d4b" outcome="Passed" testListId="8c84fa94-04c1-424b-9868-57a2d4851a1d" relativeResultsDirectory="fef5a6aa-8fb2-4da1-8318-2f620114c5a9" />
    <UnitTestResult executionId="c6a9c975-fb25-4bd2-b7a4-9705a5b10ad2" testId="bd1facd4-1792-cbdd-3a7e-8d456afdb128" testName="TestGetObjectsWithinGPSAreaThrowingUnhandledException" computerName="DKSR-EFI-04" duration="00:00:00.0028885" startTime="2023-12-22T09:34:31.5534174+01:00" endTime="2023-12-22T09:34:31.5534174+01:00" testType="13cdc9d9-ddb5-4fa4-a97d-d965ccfc6d4b" outcome="Passed" testListId="8c84fa94-04c1-424b-9868-57a2d4851a1d" relativeResultsDirectory="c6a9c975-fb25-4bd2-b7a4-9705a5b10ad2" />
    <UnitTestResult executionId="7ccdfcf7-7367-4931-885d-b7e1d77042bb" testId="abf180fc-abea-5708-37d0-63d9ab1f1203" testName="TestInsertElementWithServerIdInRelationIdWithUsedId" computerName="DKSR-EFI-04" duration="00:00:00.0115119" startTime="2023-12-22T09:34:35.7253125+01:00" endTime="2023-12-22T09:34:35.7409382+01:00" testType="13cdc9d9-ddb5-4fa4-a97d-d965ccfc6d4b" outcome="Passed" testListId="8c84fa94-04c1-424b-9868-57a2d4851a1d" relativeResultsDirectory="7ccdfcf7-7367-4931-885d-b7e1d77042bb" />
    <UnitTestResult executionId="d066c793-bb6a-497c-9598-932bc55feeff" testId="e13f6ea5-95e8-7429-84b4-a5809f76cb83" testName="AccessControlRetention_ShouldBe30Days_ByDefault" computerName="DKSR-EFI-04" duration="00:00:00.0021323" startTime="2023-12-22T09:34:41.0378415+01:00" endTime="2023-12-22T09:34:41.0378415+01:00" testType="13cdc9d9-ddb5-4fa4-a97d-d965ccfc6d4b" outcome="Passed" testListId="8c84fa94-04c1-424b-9868-57a2d4851a1d" relativeResultsDirectory="d066c793-bb6a-497c-9598-932bc55feeff" />
    <UnitTestResult executionId="bfdc1b92-e34a-41bf-bc71-8586db305c61" testId="cec85ed6-94b7-0884-130d-7d383606a34c" testName="TestAddAsEventException" computerName="DKSR-EFI-04" duration="00:00:00.0032129" startTime="2023-12-22T09:34:32.1784184+01:00" endTime="2023-12-22T09:34:32.1784184+01:00" testType="13cdc9d9-ddb5-4fa4-a97d-d965ccfc6d4b" outcome="Passed" testListId="8c84fa94-04c1-424b-9868-57a2d4851a1d" relativeResultsDirectory="bfdc1b92-e34a-41bf-bc71-8586db305c61" />
    <UnitTestResult executionId="060975da-3811-4894-8de7-c10d78850362" testId="2ef8916d-a194-5e24-5900-54c8ab00f21b" testName="LoadConfiguration_ShouldSetTheValuesFromTheProvidedConfiguration_OnceLoadingIsCompleted" computerName="DKSR-EFI-04" duration="00:00:00.0134904" startTime="2023-12-22T09:34:41.1003401+01:00" endTime="2023-12-22T09:34:41.1159647+01:00" testType="13cdc9d9-ddb5-4fa4-a97d-d965ccfc6d4b" outcome="Passed" testListId="8c84fa94-04c1-424b-9868-57a2d4851a1d" relativeResultsDirectory="060975da-3811-4894-8de7-c10d78850362" />
    <UnitTestResult executionId="57d9e51c-9d3d-476e-8350-60aa52756e1b" testId="63645b06-581c-fe94-5b64-37fa576bf61c" testName="TestUpdateBoundsNotAuthenticated" computerName="DKSR-EFI-04" duration="00:00:00.0018024" startTime="2023-12-22T09:34:30.9752886+01:00" endTime="2023-12-22T09:34:30.9752886+01:00" testType="13cdc9d9-ddb5-4fa4-a97d-d965ccfc6d4b" outcome="Passed" testListId="8c84fa94-04c1-424b-9868-57a2d4851a1d" relativeResultsDirectory="57d9e51c-9d3d-476e-8350-60aa52756e1b" />
    <UnitTestResult executionId="0c9ac56b-21bd-4a75-b0fb-65dc95df4bf5" testId="432295c4-db14-ec63-5c4b-be5afae4cb52" testName="TestRemoveElementsReturnListDosentContainRemovedElements" computerName="DKSR-EFI-04" duration="00:00:00.0229724" startTime="2023-12-22T09:34:36.8034438+01:00" endTime="2023-12-22T09:34:36.8346935+01:00" testType="13cdc9d9-ddb5-4fa4-a97d-d965ccfc6d4b" outcome="Passed" testListId="8c84fa94-04c1-424b-9868-57a2d4851a1d" relativeResultsDirectory="0c9ac56b-21bd-4a75-b0fb-65dc95df4bf5" />
    <UnitTestResult executionId="75ee363c-d90c-48b3-ace1-f63d50b938e7" testId="67779330-877d-efe4-d891-ea80d17ea9f2" testName="TestGetStatusForAllObjectsOfType" computerName="DKSR-EFI-04" duration="00:00:00.0048942" startTime="2023-12-22T09:34:28.8659039+01:00" endTime="2023-12-22T09:34:28.8815301+01:00" testType="13cdc9d9-ddb5-4fa4-a97d-d965ccfc6d4b" outcome="Passed" testListId="8c84fa94-04c1-424b-9868-57a2d4851a1d" relativeResultsDirectory="75ee363c-d90c-48b3-ace1-f63d50b938e7" />
    <UnitTestResult executionId="119e0b89-31e1-46ed-a790-fab64f651b0a" testId="4727b088-cd7e-6c13-545b-5272921d2e81" testName="TestLifecycle" computerName="DKSR-EFI-04" duration="00:00:00.0402293" startTime="2023-12-22T09:34:44.6159839+01:00" endTime="2023-12-22T09:34:44.6472357+01:00" testType="13cdc9d9-ddb5-4fa4-a97d-d965ccfc6d4b" outcome="Passed" testListId="8c84fa94-04c1-424b-9868-57a2d4851a1d" relativeResultsDirectory="119e0b89-31e1-46ed-a790-fab64f651b0a" />
    <UnitTestResult executionId="a5505dd6-9d40-4b0a-a4c8-e210ee03f654" testId="259a4717-3e9b-83f2-ff12-abf76f9e34aa" testName="TestAdd" computerName="DKSR-EFI-04" duration="00:00:00.0358057" startTime="2023-12-22T09:34:21.2096159+01:00" endTime="2023-12-22T09:34:21.2408641+01:00" testType="13cdc9d9-ddb5-4fa4-a97d-d965ccfc6d4b" outcome="Passed" testListId="8c84fa94-04c1-424b-9868-57a2d4851a1d" relativeResultsDirectory="a5505dd6-9d40-4b0a-a4c8-e210ee03f654" />
    <UnitTestResult executionId="f946c261-8b7b-4fe7-9247-eb816c2f673c" testId="b5f7e19e-b7d3-0e84-e35f-5457bc7ff58c" testName="EventIdListTest_LastEventIDsUpdate_Success" computerName="DKSR-EFI-04" duration="00:00:00.0016573" startTime="2023-12-22T09:34:40.6472126+01:00" endTime="2023-12-22T09:34:40.6628389+01:00" testType="13cdc9d9-ddb5-4fa4-a97d-d965ccfc6d4b" outcome="Passed" testListId="8c84fa94-04c1-424b-9868-57a2d4851a1d" relativeResultsDirectory="f946c261-8b7b-4fe7-9247-eb816c2f673c" />
    <UnitTestResult executionId="68a7d082-7440-4698-8416-bc01f76ae0bd" testId="7170d4d4-1352-0b81-d734-949ca2b0a26a" testName="TestXmlValidTwo" computerName="DKSR-EFI-04" duration="00:00:00.0027451" startTime="2023-12-22T09:34:23.4752515+01:00" endTime="2023-12-22T09:34:23.4752515+01:00" testType="13cdc9d9-ddb5-4fa4-a97d-d965ccfc6d4b" outcome="Passed" testListId="8c84fa94-04c1-424b-9868-57a2d4851a1d" relativeResultsDirectory="68a7d082-7440-4698-8416-bc01f76ae0bd" />
    <UnitTestResult executionId="8765cfc4-d1b5-4447-9c31-ca908a584146" testId="4c2a3e3a-4e91-afcb-3da6-8ae1412bc169" testName="GetIconData_WithValidParameters" computerName="DKSR-EFI-04" duration="00:00:00.0525143" startTime="2023-12-22T09:34:30.5065362+01:00" endTime="2023-12-22T09:34:30.5534123+01:00" testType="13cdc9d9-ddb5-4fa4-a97d-d965ccfc6d4b" outcome="Passed" testListId="8c84fa94-04c1-424b-9868-57a2d4851a1d" relativeResultsDirectory="8765cfc4-d1b5-4447-9c31-ca908a584146" />
    <UnitTestResult executionId="27ea2f5f-f27c-4f23-a89a-3e0d36ef0f89" testId="a19eee94-e1b1-61eb-a25b-0ec29c47edb0" testName="TestCacheCleanupSingleSessionSingleUserIdNoTouchMultipleCleanups" computerName="DKSR-EFI-04" duration="00:00:00.0017452" startTime="2023-12-22T09:34:39.6472072+01:00" endTime="2023-12-22T09:34:39.6472072+01:00" testType="13cdc9d9-ddb5-4fa4-a97d-d965ccfc6d4b" outcome="Passed" testListId="8c84fa94-04c1-424b-9868-57a2d4851a1d" relativeResultsDirectory="27ea2f5f-f27c-4f23-a89a-3e0d36ef0f89" />
    <UnitTestResult executionId="fd0920ca-d6b3-4b8a-adda-474238f00820" testId="1401f769-da16-93bd-e404-03abaa246295" testName="HasStateUpdate_ShouldReturnTrue_WhenListContainsTwoUpdatesWithDifferentStartAndEndStates" computerName="DKSR-EFI-04" duration="00:00:00.0004125" startTime="2023-12-22T09:34:44.0066054+01:00" endTime="2023-12-22T09:34:44.0066054+01:00" testType="13cdc9d9-ddb5-4fa4-a97d-d965ccfc6d4b" outcome="Passed" testListId="8c84fa94-04c1-424b-9868-57a2d4851a1d" relativeResultsDirectory="fd0920ca-d6b3-4b8a-adda-474238f00820" />
    <UnitTestResult executionId="7abac7af-3b89-4a0a-8a32-fa2d1882d5c7" testId="fa5b705f-74f1-eb9b-e48e-98b073d14fd2" testName="TestUpdateWithNullParameters" computerName="DKSR-EFI-04" duration="00:00:00.0035864" startTime="2023-12-22T09:34:38.2878257+01:00" endTime="2023-12-22T09:34:38.2878257+01:00" testType="13cdc9d9-ddb5-4fa4-a97d-d965ccfc6d4b" outcome="Passed" testListId="8c84fa94-04c1-424b-9868-57a2d4851a1d" relativeResultsDirectory="7abac7af-3b89-4a0a-8a32-fa2d1882d5c7" />
    <UnitTestResult executionId="667cb7df-d5af-434b-99e6-4e03ae6caded" testId="d3da5022-8e4b-8d31-c15b-792642a32026" testName="TestAccessControlConfigHostAddedAfterUsersAdded" computerName="DKSR-EFI-04" duration="00:00:00.0100589" startTime="2023-12-22T09:34:40.0690851+01:00" endTime="2023-12-22T09:34:40.0690851+01:00" testType="13cdc9d9-ddb5-4fa4-a97d-d965ccfc6d4b" outcome="Passed" testListId="8c84fa94-04c1-424b-9868-57a2d4851a1d" relativeResultsDirectory="667cb7df-d5af-434b-99e6-4e03ae6caded" />
    <UnitTestResult executionId="d276f11e-fef8-4505-8534-cc6ebfee2d7f" testId="f47618c5-722e-6e57-bc97-ac13a004d957" testName="TestAccessControlConfigHostAdded" computerName="DKSR-EFI-04" duration="00:00:00.0051432" startTime="2023-12-22T09:34:40.0534612+01:00" endTime="2023-12-22T09:34:40.0690851+01:00" testType="13cdc9d9-ddb5-4fa4-a97d-d965ccfc6d4b" outcome="Passed" testListId="8c84fa94-04c1-424b-9868-57a2d4851a1d" relativeResultsDirectory="d276f11e-fef8-4505-8534-cc6ebfee2d7f" />
    <UnitTestResult executionId="b7265846-1c1f-49c9-baa0-a19d64c21a59" testId="40ceb1f5-b7ad-2efb-b2d4-1dd0881abec3" testName="TestUpdateStateCorporate" computerName="DKSR-EFI-04" duration="00:00:00.0316305" startTime="2023-12-22T09:34:37.4128218+01:00" endTime="2023-12-22T09:34:37.4440713+01:00" testType="13cdc9d9-ddb5-4fa4-a97d-d965ccfc6d4b" outcome="Passed" testListId="8c84fa94-04c1-424b-9868-57a2d4851a1d" relativeResultsDirectory="b7265846-1c1f-49c9-baa0-a19d64c21a59" />
    <UnitTestResult executionId="0727332a-8851-4391-8477-137ae7784e6c" testId="e3f69282-c150-c471-27ff-f7baf0f46eec" testName="ShouldSave_ShouldBeFalse_AfterLoadingConfiguration" computerName="DKSR-EFI-04" duration="00:00:00.0041197" startTime="2023-12-22T09:34:41.0690903+01:00" endTime="2023-12-22T09:34:41.0847170+01:00" testType="13cdc9d9-ddb5-4fa4-a97d-d965ccfc6d4b" outcome="Passed" testListId="8c84fa94-04c1-424b-9868-57a2d4851a1d" relativeResultsDirectory="0727332a-8851-4391-8477-137ae7784e6c" />
    <UnitTestResult executionId="435ec761-5eaa-475f-a4b0-bd18294b9130" testId="543d6f50-9e83-2086-ac17-bf4b4b11b747" testName="TestCheckAuthorizationWithWindowsUser" computerName="DKSR-EFI-04" duration="00:00:00.0211731" startTime="2023-12-22T09:34:39.8347121+01:00" endTime="2023-12-22T09:34:39.8659599+01:00" testType="13cdc9d9-ddb5-4fa4-a97d-d965ccfc6d4b" outcome="Passed" testListId="8c84fa94-04c1-424b-9868-57a2d4851a1d" relativeResultsDirectory="435ec761-5eaa-475f-a4b0-bd18294b9130" />
    <UnitTestResult executionId="1cace066-911e-4b2d-8e9f-3fa7392658a8" testId="4a5519f4-b843-6361-4132-1b8fe7307213" testName="EventIdListTest_AllEventIdsArePresent" computerName="DKSR-EFI-04" duration="00:00:00.0336687" startTime="2023-12-22T09:34:40.5847135+01:00" endTime="2023-12-22T09:34:40.6159633+01:00" testType="13cdc9d9-ddb5-4fa4-a97d-d965ccfc6d4b" outcome="Passed" testListId="8c84fa94-04c1-424b-9868-57a2d4851a1d" relativeResultsDirectory="1cace066-911e-4b2d-8e9f-3fa7392658a8" />
    <UnitTestResult executionId="c0616bdb-c9e5-40c5-a2db-78b1d6e2bfa0" testId="cdc99126-a89a-18ac-a220-6afcaf5ed324" testName="TestGetTypeChangedWithNegativeTimeout" computerName="DKSR-EFI-04" duration="00:00:00.0012141" startTime="2023-12-22T09:34:31.2565404+01:00" endTime="2023-12-22T09:34:31.2565404+01:00" testType="13cdc9d9-ddb5-4fa4-a97d-d965ccfc6d4b" outcome="Passed" testListId="8c84fa94-04c1-424b-9868-57a2d4851a1d" relativeResultsDirectory="c0616bdb-c9e5-40c5-a2db-78b1d6e2bfa0" />
    <UnitTestResult executionId="9b1415b0-b78b-41f9-b08f-9b6b0f2a07e3" testId="def9d54b-92fa-33f4-14ab-9ec05765d89f" testName="TestGetAlarmHistory" computerName="DKSR-EFI-04" duration="00:00:00.0044315" startTime="2023-12-22T09:34:32.5377946+01:00" endTime="2023-12-22T09:34:32.5534216+01:00" testType="13cdc9d9-ddb5-4fa4-a97d-d965ccfc6d4b" outcome="Passed" testListId="8c84fa94-04c1-424b-9868-57a2d4851a1d" relativeResultsDirectory="9b1415b0-b78b-41f9-b08f-9b6b0f2a07e3" />
    <UnitTestResult executionId="55cf7510-ca8f-4d65-8ef1-a589fd873c35" testId="ccc8201a-cb2f-dd61-e37c-f0be3ae17276" testName="TestIcon" computerName="DKSR-EFI-04" duration="00:00:00.0091749" startTime="2023-12-22T09:34:32.6940458+01:00" endTime="2023-12-22T09:34:32.7096712+01:00" testType="13cdc9d9-ddb5-4fa4-a97d-d965ccfc6d4b" outcome="Passed" testListId="8c84fa94-04c1-424b-9868-57a2d4851a1d" relativeResultsDirectory="55cf7510-ca8f-4d65-8ef1-a589fd873c35" />
    <UnitTestResult executionId="284adf7b-88fb-4252-a1f9-6d1a8aebadc2" testId="11e78819-fe5c-ec19-1720-48ee202cc5c0" testName="WebServiceTest_CreateServiceThrottlingBehavior" computerName="DKSR-EFI-04" duration="00:00:00.0017310" startTime="2023-12-22T09:34:38.9284553+01:00" endTime="2023-12-22T09:34:38.9284553+01:00" testType="13cdc9d9-ddb5-4fa4-a97d-d965ccfc6d4b" outcome="Passed" testListId="8c84fa94-04c1-424b-9868-57a2d4851a1d" relativeResultsDirectory="284adf7b-88fb-4252-a1f9-6d1a8aebadc2" />
    <UnitTestResult executionId="f4c0773f-90b3-457e-b776-f2ed034cb5b6" testId="31121f38-47e5-338b-c330-5f8a9fb87bdf" testName="CreateObject_WithValidParameters" computerName="DKSR-EFI-04" duration="00:00:00.0078947" startTime="2023-12-22T09:34:31.2877886+01:00" endTime="2023-12-22T09:34:31.3034143+01:00" testType="13cdc9d9-ddb5-4fa4-a97d-d965ccfc6d4b" outcome="Passed" testListId="8c84fa94-04c1-424b-9868-57a2d4851a1d" relativeResultsDirectory="f4c0773f-90b3-457e-b776-f2ed034cb5b6" />
    <UnitTestResult executionId="ab4a2907-1f87-44d5-bc09-c8c168655ffd" testId="4228247f-6a8d-38cc-9a22-d89e1da014a8" testName="GetAllObjectsOnVisualElement_WithValidParameters" computerName="DKSR-EFI-04" duration="00:00:00.0042691" startTime="2023-12-22T09:34:30.3502858+01:00" endTime="2023-12-22T09:34:30.3502858+01:00" testType="13cdc9d9-ddb5-4fa4-a97d-d965ccfc6d4b" outcome="Passed" testListId="8c84fa94-04c1-424b-9868-57a2d4851a1d" relativeResultsDirectory="ab4a2907-1f87-44d5-bc09-c8c168655ffd" />
    <UnitTestResult executionId="7b366664-6dcf-4f67-91e0-47951d837392" testId="ab5b73ee-a4d0-4ed6-4429-a1387a15ec36" testName="TestGetPlugInItemChangesWithNegativeTimeout" computerName="DKSR-EFI-04" duration="00:00:00.0037536" startTime="2023-12-22T09:34:30.7721660+01:00" endTime="2023-12-22T09:34:30.7877869+01:00" testType="13cdc9d9-ddb5-4fa4-a97d-d965ccfc6d4b" outcome="Passed" testListId="8c84fa94-04c1-424b-9868-57a2d4851a1d" relativeResultsDirectory="7b366664-6dcf-4f67-91e0-47951d837392" />
    <UnitTestResult executionId="8da953a9-6011-412f-acce-1936bb850bb0" testId="39637e8e-5153-59f6-a7c2-66ad8f077fb6" testName="TestItemAdded" computerName="DKSR-EFI-04" duration="00:00:00.0076246" startTime="2023-12-22T09:34:33.6940520+01:00" endTime="2023-12-22T09:34:33.7096794+01:00" testType="13cdc9d9-ddb5-4fa4-a97d-d965ccfc6d4b" outcome="Passed" testListId="8c84fa94-04c1-424b-9868-57a2d4851a1d" relativeResultsDirectory="8da953a9-6011-412f-acce-1936bb850bb0" />
    <UnitTestResult executionId="75e00771-cf8c-4b16-9594-8a40acee3313" testId="09333fb6-02c4-4782-382c-b2f2c7a30637" testName="TestGetNewAlarms" computerName="DKSR-EFI-04" duration="00:00:00.0009326" startTime="2023-12-22T09:34:38.0378251+01:00" endTime="2023-12-22T09:34:38.0378251+01:00" testType="13cdc9d9-ddb5-4fa4-a97d-d965ccfc6d4b" outcome="Passed" testListId="8c84fa94-04c1-424b-9868-57a2d4851a1d" relativeResultsDirectory="75e00771-cf8c-4b16-9594-8a40acee3313" />
    <UnitTestResult executionId="022e24d6-6384-4d37-9c9c-1a8c160c1cd2" testId="418d2f3a-c805-fa26-9c23-ebfcc450c9ea" testName="TestCreateAccessControlItemAuthorizationFetcher" computerName="DKSR-EFI-04" duration="00:00:00.0073338" startTime="2023-12-22T09:34:40.1784604+01:00" endTime="2023-12-22T09:34:40.1940865+01:00" testType="13cdc9d9-ddb5-4fa4-a97d-d965ccfc6d4b" outcome="Passed" testListId="8c84fa94-04c1-424b-9868-57a2d4851a1d" relativeResultsDirectory="022e24d6-6384-4d37-9c9c-1a8c160c1cd2" />
    <UnitTestResult executionId="0ea27448-e4e1-4f49-aa6b-5fd0f4e76ef6" testId="668dc18b-52e2-b50c-7609-7facf592731b" testName="TestInsertElementTwoRootElementsWithSameRecursiveElement" computerName="DKSR-EFI-04" duration="00:00:00.1220140" startTime="2023-12-22T09:34:35.5378127+01:00" endTime="2023-12-22T09:34:35.6628129+01:00" testType="13cdc9d9-ddb5-4fa4-a97d-d965ccfc6d4b" outcome="Passed" testListId="8c84fa94-04c1-424b-9868-57a2d4851a1d" relativeResultsDirectory="0ea27448-e4e1-4f49-aa6b-5fd0f4e76ef6" />
    <UnitTestResult executionId="2de6c604-0113-4f6f-8695-6fce49ca93fc" testId="4f0b0b92-ffc0-76b0-f803-1fc7c635617d" testName="TestLoadXMLWithNoInnerText" computerName="DKSR-EFI-04" duration="00:00:00.0004312" startTime="2023-12-22T09:34:37.3034480+01:00" endTime="2023-12-22T09:34:37.3034480+01:00" testType="13cdc9d9-ddb5-4fa4-a97d-d965ccfc6d4b" outcome="Passed" testListId="8c84fa94-04c1-424b-9868-57a2d4851a1d" relativeResultsDirectory="2de6c604-0113-4f6f-8695-6fce49ca93fc" />
    <UnitTestResult executionId="b3f4a9e2-096a-4a09-9a2c-1039de0d01be" testId="002617bd-a67a-7b4b-5bc6-130c54767026" testName="TestRemoveElementWithOldTimestamp" computerName="DKSR-EFI-04" duration="00:00:00.0032148" startTime="2023-12-22T09:34:36.6159438+01:00" endTime="2023-12-22T09:34:36.6159438+01:00" testType="13cdc9d9-ddb5-4fa4-a97d-d965ccfc6d4b" outcome="Passed" testListId="8c84fa94-04c1-424b-9868-57a2d4851a1d" relativeResultsDirectory="b3f4a9e2-096a-4a09-9a2c-1039de0d01be" />
    <UnitTestResult executionId="b198383e-c497-4f16-8bca-51224adc8b46" testId="4210fdd9-d999-b317-21c5-3dcb00a82045" testName="TestUpdateElementBoundsWithNonExistingId" computerName="DKSR-EFI-04" duration="00:00:00.0030141" startTime="2023-12-22T09:34:35.1940597+01:00" endTime="2023-12-22T09:34:35.1940597+01:00" testType="13cdc9d9-ddb5-4fa4-a97d-d965ccfc6d4b" outcome="Passed" testListId="8c84fa94-04c1-424b-9868-57a2d4851a1d" relativeResultsDirectory="b198383e-c497-4f16-8bca-51224adc8b46" />
    <UnitTestResult executionId="4af08ae0-4dbc-483e-b6cd-87f98d3a963d" testId="b3c67cb0-c8db-1bac-2c9f-4a5d9119eaa7" testName="TestRuleSystemCommandPipeConfigurationChange" computerName="DKSR-EFI-04" duration="00:00:00.0032863" startTime="2023-12-22T09:34:38.6315785+01:00" endTime="2023-12-22T09:34:38.6472015+01:00" testType="13cdc9d9-ddb5-4fa4-a97d-d965ccfc6d4b" outcome="Passed" testListId="8c84fa94-04c1-424b-9868-57a2d4851a1d" relativeResultsDirectory="4af08ae0-4dbc-483e-b6cd-87f98d3a963d" />
    <UnitTestResult executionId="91114d2d-2271-43ad-a49e-c62918261985" testId="094bba8f-c3e2-d36c-6093-90d928e3ff38" testName="TestMultipleSessionsSingleUserId" computerName="DKSR-EFI-04" duration="00:00:00.0005412" startTime="2023-12-22T09:34:39.6940842+01:00" endTime="2023-12-22T09:34:39.6940842+01:00" testType="13cdc9d9-ddb5-4fa4-a97d-d965ccfc6d4b" outcome="Passed" testListId="8c84fa94-04c1-424b-9868-57a2d4851a1d" relativeResultsDirectory="91114d2d-2271-43ad-a49e-c62918261985" />
    <UnitTestResult executionId="b8cccd22-910c-4d5e-a4e5-7bf86283affe" testId="ded7da43-5b35-6452-1926-110c074ef91d" testName="TestMultipleSessionsMultipleUserIds" computerName="DKSR-EFI-04" duration="00:00:00.0007577" startTime="2023-12-22T09:34:39.7097089+01:00" endTime="2023-12-22T09:34:39.7097089+01:00" testType="13cdc9d9-ddb5-4fa4-a97d-d965ccfc6d4b" outcome="Passed" testListId="8c84fa94-04c1-424b-9868-57a2d4851a1d" relativeResultsDirectory="b8cccd22-910c-4d5e-a4e5-7bf86283affe" />
    <UnitTestResult executionId="8fdc8003-f074-4f07-b395-58d977e772e8" testId="c065df76-676e-d54b-2513-330c123b69fe" testName="TestAcknowledge" computerName="DKSR-EFI-04" duration="00:00:00.0268463" startTime="2023-12-22T09:34:32.3190478+01:00" endTime="2023-12-22T09:34:32.3502956+01:00" testType="13cdc9d9-ddb5-4fa4-a97d-d965ccfc6d4b" outcome="Passed" testListId="8c84fa94-04c1-424b-9868-57a2d4851a1d" relativeResultsDirectory="8fdc8003-f074-4f07-b395-58d977e772e8" />
    <UnitTestResult executionId="bd449b30-1828-4ffb-a1e4-23b55b6ade20" testId="f586d6aa-a26b-bf86-8db9-f89dc4137d1c" testName="TestLoadAndInitDoubleACSystemConfiguration" computerName="DKSR-EFI-04" duration="00:00:00.0128529" startTime="2023-12-22T09:34:44.5691100+01:00" endTime="2023-12-22T09:34:44.5847339+01:00" testType="13cdc9d9-ddb5-4fa4-a97d-d965ccfc6d4b" outcome="Passed" testListId="8c84fa94-04c1-424b-9868-57a2d4851a1d" relativeResultsDirectory="bd449b30-1828-4ffb-a1e4-23b55b6ade20" />
    <UnitTestResult executionId="d524493e-1ea2-44aa-9a26-01b5d5be78f7" testId="2a02f797-197a-d19e-cf45-13600a76856b" testName="TestGetPlugInItemChangesThrowingUnhandledException" computerName="DKSR-EFI-04" duration="00:00:00.0031252" startTime="2023-12-22T09:34:30.7877869+01:00" endTime="2023-12-22T09:34:30.7877869+01:00" testType="13cdc9d9-ddb5-4fa4-a97d-d965ccfc6d4b" outcome="Passed" testListId="8c84fa94-04c1-424b-9868-57a2d4851a1d" relativeResultsDirectory="d524493e-1ea2-44aa-9a26-01b5d5be78f7" />
    <UnitTestResult executionId="90b4c7ba-452e-49e6-9e57-19e88a1985d2" testId="12ebd7b2-097b-e30b-d931-f521767957ca" testName="LookupGroupId_ShouldReturnHardwareEventGroup_WhenEventIsHardwareEvent" computerName="DKSR-EFI-04" duration="00:00:00.1974141" startTime="2023-12-22T09:34:42.3190962+01:00" endTime="2023-12-22T09:34:42.5222267+01:00" testType="13cdc9d9-ddb5-4fa4-a97d-d965ccfc6d4b" outcome="Passed" testListId="8c84fa94-04c1-424b-9868-57a2d4851a1d" relativeResultsDirectory="90b4c7ba-452e-49e6-9e57-19e88a1985d2" />
    <UnitTestResult executionId="77658873-e9a6-43b1-b732-45fd736be985" testId="4721b7d6-5cc2-c57e-47c7-b954ad458df5" testName="EventConverter_ConvertBaseItemToBaseEvent_Unknown_Reference_Items" computerName="DKSR-EFI-04" duration="00:00:00.0042811" startTime="2023-12-22T09:34:39.2565806+01:00" endTime="2023-12-22T09:34:39.2722063+01:00" testType="13cdc9d9-ddb5-4fa4-a97d-d965ccfc6d4b" outcome="Passed" testListId="8c84fa94-04c1-424b-9868-57a2d4851a1d" relativeResultsDirectory="77658873-e9a6-43b1-b732-45fd736be985" />
    <UnitTestResult executionId="1124ee87-0232-47c5-89b4-f9bbb279ec80" testId="3021f3ce-39a9-063c-5890-28208b88f4b4" testName="TestTypeIDWithNoMapPlugInType" computerName="DKSR-EFI-04" duration="00:00:00.0002090" startTime="2023-12-22T09:34:33.6628026+01:00" endTime="2023-12-22T09:34:33.6628026+01:00" testType="13cdc9d9-ddb5-4fa4-a97d-d965ccfc6d4b" outcome="Passed" testListId="8c84fa94-04c1-424b-9868-57a2d4851a1d" relativeResultsDirectory="1124ee87-0232-47c5-89b4-f9bbb279ec80" />
    <UnitTestResult executionId="f0b09f99-563f-458f-8798-3a584936c4cb" testId="041625b6-13cb-062f-99b2-d9de901b49d9" testName="TestOneACSystemPLUnsupportedOneACSystemPLUnsupportedButEnabled" computerName="DKSR-EFI-04" duration="00:00:00.0016749" startTime="2023-12-22T09:34:39.7722097+01:00" endTime="2023-12-22T09:34:39.7722097+01:00" testType="13cdc9d9-ddb5-4fa4-a97d-d965ccfc6d4b" outcome="Passed" testListId="8c84fa94-04c1-424b-9868-57a2d4851a1d" relativeResultsDirectory="f0b09f99-563f-458f-8798-3a584936c4cb" />
    <UnitTestResult executionId="79996611-c6d5-4c9f-9d9b-80acede73a79" testId="5d3cca52-f621-0181-6589-18ea5da58e7b" testName="TestAddAsEvent" computerName="DKSR-EFI-04" duration="00:00:00.0865320" startTime="2023-12-22T09:34:32.0846701+01:00" endTime="2023-12-22T09:34:32.1784184+01:00" testType="13cdc9d9-ddb5-4fa4-a97d-d965ccfc6d4b" outcome="Passed" testListId="8c84fa94-04c1-424b-9868-57a2d4851a1d" relativeResultsDirectory="79996611-c6d5-4c9f-9d9b-80acede73a79" />
    <UnitTestResult executionId="7de577c5-aa61-4520-b6af-f014389f0bb7" testId="10541a8e-64ba-d774-f402-b9f32edbec4d" testName="TestLoadXMLWithAllCorrectValues" computerName="DKSR-EFI-04" duration="00:00:00.0018032" startTime="2023-12-22T09:34:37.2565723+01:00" endTime="2023-12-22T09:34:37.2565723+01:00" testType="13cdc9d9-ddb5-4fa4-a97d-d965ccfc6d4b" outcome="Passed" testListId="8c84fa94-04c1-424b-9868-57a2d4851a1d" relativeResultsDirectory="7de577c5-aa61-4520-b6af-f014389f0bb7" />
    <UnitTestResult executionId="aac76ea9-7aab-4fd1-87fc-8ea1a7359067" testId="1cdd5ba2-fc39-af9d-9e41-6be70a2f35b2" testName="LprRetention_ShouldBe90Days_ByDefault" computerName="DKSR-EFI-04" duration="00:00:00.0022107" startTime="2023-12-22T09:34:41.0378415+01:00" endTime="2023-12-22T09:34:41.0378415+01:00" testType="13cdc9d9-ddb5-4fa4-a97d-d965ccfc6d4b" outcome="Passed" testListId="8c84fa94-04c1-424b-9868-57a2d4851a1d" relativeResultsDirectory="aac76ea9-7aab-4fd1-87fc-8ea1a7359067" />
    <UnitTestResult executionId="c9a75488-627e-4a39-b21b-233a535edb13" testId="d2cda2a3-f6b2-77c1-c33f-4505bd31bf6f" testName="TestGetStatusTreeStructureWithComplexCyclicRelationWithMultipleRoots" computerName="DKSR-EFI-04" duration="00:00:00.0251569" startTime="2023-12-22T09:34:34.7253066+01:00" endTime="2023-12-22T09:34:34.7565586+01:00" testType="13cdc9d9-ddb5-4fa4-a97d-d965ccfc6d4b" outcome="Passed" testListId="8c84fa94-04c1-424b-9868-57a2d4851a1d" relativeResultsDirectory="c9a75488-627e-4a39-b21b-233a535edb13" />
    <UnitTestResult executionId="a3307097-f954-4fdc-a4ec-6853d241dc8b" testId="fb90f6f4-d115-8815-e75c-a204c1c932cc" testName="TestConstructor" computerName="DKSR-EFI-04" duration="00:00:00.0018672" startTime="2023-12-22T09:34:33.6159253+01:00" endTime="2023-12-22T09:34:33.6159253+01:00" testType="13cdc9d9-ddb5-4fa4-a97d-d965ccfc6d4b" outcome="Passed" testListId="8c84fa94-04c1-424b-9868-57a2d4851a1d" relativeResultsDirectory="a3307097-f954-4fdc-a4ec-6853d241dc8b" />
    <UnitTestResult executionId="31776fa7-6086-465d-9417-c558346e1ef2" testId="6d5770e0-f986-7f23-55f0-2f4cb6f37932" testName="TestUpdateState" computerName="DKSR-EFI-04" duration="00:00:00.0048760" startTime="2023-12-22T09:34:37.5690728+01:00" endTime="2023-12-22T09:34:37.5690728+01:00" testType="13cdc9d9-ddb5-4fa4-a97d-d965ccfc6d4b" outcome="Passed" testListId="8c84fa94-04c1-424b-9868-57a2d4851a1d" relativeResultsDirectory="31776fa7-6086-465d-9417-c558346e1ef2" />
    <UnitTestResult executionId="2c6f035f-31bb-4183-80d5-9b4f4adc5b92" testId="8c683b9a-044d-8adc-86d6-f9978fcb0f49" testName="TestUpdateNameThrowingUnhandledException" computerName="DKSR-EFI-04" duration="00:00:00.0033192" startTime="2023-12-22T09:34:30.6784127+01:00" endTime="2023-12-22T09:34:30.6784127+01:00" testType="13cdc9d9-ddb5-4fa4-a97d-d965ccfc6d4b" outcome="Passed" testListId="8c84fa94-04c1-424b-9868-57a2d4851a1d" relativeResultsDirectory="2c6f035f-31bb-4183-80d5-9b4f4adc5b92" />
    <UnitTestResult executionId="ba98e694-781f-4cbd-b484-b1a4e7a6529e" testId="d11de860-4163-85a1-7115-b5634191d79e" testName="TestLoadConfigurationWithoutValidId" computerName="DKSR-EFI-04" duration="00:00:00.0465992" startTime="2023-12-22T09:34:33.9128038+01:00" endTime="2023-12-22T09:34:33.9596792+01:00" testType="13cdc9d9-ddb5-4fa4-a97d-d965ccfc6d4b" outcome="Passed" testListId="8c84fa94-04c1-424b-9868-57a2d4851a1d" relativeResultsDirectory="ba98e694-781f-4cbd-b484-b1a4e7a6529e" />
    <UnitTestResult executionId="ad222d17-4ffa-4671-9340-8c771b688f9c" testId="a614ea0c-b1f9-717c-58e4-2b444f8f746d" testName="HasStateUpdate_ShouldReturnFalse_WhenListContainsTwoUpdatesWithDifferentStartAndEndStates" computerName="DKSR-EFI-04" duration="00:00:00.0003553" startTime="2023-12-22T09:34:44.0066054+01:00" endTime="2023-12-22T09:34:44.0066054+01:00" testType="13cdc9d9-ddb5-4fa4-a97d-d965ccfc6d4b" outcome="Passed" testListId="8c84fa94-04c1-424b-9868-57a2d4851a1d" relativeResultsDirectory="ad222d17-4ffa-4671-9340-8c771b688f9c" />
    <UnitTestResult executionId="6baec713-255e-4267-80d3-0ab1d87cacbd" testId="666804f4-1bf6-02d5-348c-c2829018a94b" testName="TestGetVisualizationWithProperData" computerName="DKSR-EFI-04" duration="00:00:00.0095254" startTime="2023-12-22T09:34:35.1315599+01:00" endTime="2023-12-22T09:34:35.1315599+01:00" testType="13cdc9d9-ddb5-4fa4-a97d-d965ccfc6d4b" outcome="Passed" testListId="8c84fa94-04c1-424b-9868-57a2d4851a1d" relativeResultsDirectory="6baec713-255e-4267-80d3-0ab1d87cacbd" />
    <UnitTestResult executionId="7eef1742-5c73-44a7-bf7a-c967f7e3aff5" testId="db023b66-5330-e56c-198f-c64b71b937f5" testName="TestGetStatusDetailsWithInvalidToken" computerName="DKSR-EFI-04" duration="00:00:00.0039755" startTime="2023-12-22T09:34:29.3190308+01:00" endTime="2023-12-22T09:34:29.3190308+01:00" testType="13cdc9d9-ddb5-4fa4-a97d-d965ccfc6d4b" outcome="Passed" testListId="8c84fa94-04c1-424b-9868-57a2d4851a1d" relativeResultsDirectory="7eef1742-5c73-44a7-bf7a-c967f7e3aff5" />
    <UnitTestResult executionId="cc4cf6a5-bc81-426d-ba15-99e16609deb8" testId="54628e5e-9bc2-e168-4fa6-b236a923fcfe" testName="TestInsertElementsWithSameRelationIdAsExistingElementButOnADifferentServer" computerName="DKSR-EFI-04" duration="00:00:00.0062493" startTime="2023-12-22T09:34:35.8815630+01:00" endTime="2023-12-22T09:34:35.8815630+01:00" testType="13cdc9d9-ddb5-4fa4-a97d-d965ccfc6d4b" outcome="Passed" testListId="8c84fa94-04c1-424b-9868-57a2d4851a1d" relativeResultsDirectory="cc4cf6a5-bc81-426d-ba15-99e16609deb8" />
    <UnitTestResult executionId="1eee7bf3-b0cf-4e2a-8f68-7567e8d8e0ba" testId="94716114-1378-122a-03d6-a0d52329cd48" testName="GetEventSourceReturnsSourceWhenUserDefinedEvent" computerName="DKSR-EFI-04" duration="00:00:00.0007757" startTime="2023-12-22T09:34:40.8972131+01:00" endTime="2023-12-22T09:34:40.8972131+01:00" testType="13cdc9d9-ddb5-4fa4-a97d-d965ccfc6d4b" outcome="Passed" testListId="8c84fa94-04c1-424b-9868-57a2d4851a1d" relativeResultsDirectory="1eee7bf3-b0cf-4e2a-8f68-7567e8d8e0ba" />
    <UnitTestResult executionId="12fca253-43db-4dda-b41f-3960ace7095e" testId="e5e80db3-6144-ea2f-09dc-05657127f79c" testName="TestInsertElementsWithRelationIdAndNoIDs" computerName="DKSR-EFI-04" duration="00:00:00.0051750" startTime="2023-12-22T09:34:35.8815630+01:00" endTime="2023-12-22T09:34:35.8815630+01:00" testType="13cdc9d9-ddb5-4fa4-a97d-d965ccfc6d4b" outcome="Passed" testListId="8c84fa94-04c1-424b-9868-57a2d4851a1d" relativeResultsDirectory="12fca253-43db-4dda-b41f-3960ace7095e" />
    <UnitTestResult executionId="adc21cd0-1cc6-463f-8c08-19aaf701226a" testId="ba9feb86-5058-c27a-8cc6-ab7e67bf95f9" testName="TestNewObject" computerName="DKSR-EFI-04" duration="00:00:00.0009431" startTime="2023-12-22T09:34:37.3971974+01:00" endTime="2023-12-22T09:34:37.3971974+01:00" testType="13cdc9d9-ddb5-4fa4-a97d-d965ccfc6d4b" outcome="Passed" testListId="8c84fa94-04c1-424b-9868-57a2d4851a1d" relativeResultsDirectory="adc21cd0-1cc6-463f-8c08-19aaf701226a" />
    <UnitTestResult executionId="e803125f-77ab-4ad4-b10e-1770cd2b41b9" testId="5850678c-fe74-23aa-d83d-da1f0e145943" testName="TestLoadXMLWithInvalidValues" computerName="DKSR-EFI-04" duration="00:00:00.0005695" startTime="2023-12-22T09:34:38.0534485+01:00" endTime="2023-12-22T09:34:38.0534485+01:00" testType="13cdc9d9-ddb5-4fa4-a97d-d965ccfc6d4b" outcome="Passed" testListId="8c84fa94-04c1-424b-9868-57a2d4851a1d" relativeResultsDirectory="e803125f-77ab-4ad4-b10e-1770cd2b41b9" />
    <UnitTestResult executionId="fc5d4714-4b83-4fdf-addb-c78b8ba8181a" testId="b853bca4-a79e-4f54-a4b4-35f801cc2d5a" testName="Setup_VmsTokenProvider_TempSecretExistsIsTrue_SecretExists_IsFalse_NoErrorsAreThrownAsync" computerName="DKSR-EFI-04" duration="00:00:00.1844768" startTime="2023-12-22T09:34:39.3347077+01:00" endTime="2023-12-22T09:34:39.5222087+01:00" testType="13cdc9d9-ddb5-4fa4-a97d-d965ccfc6d4b" outcome="Passed" testListId="8c84fa94-04c1-424b-9868-57a2d4851a1d" relativeResultsDirectory="fc5d4714-4b83-4fdf-addb-c78b8ba8181a" />
    <UnitTestResult executionId="0008e467-9200-42c1-b508-5c56b76f442b" testId="6f269c0c-f8af-9aab-1e33-51ad0ab30096" testName="TestUpdateObjectWithServerIDInID" computerName="DKSR-EFI-04" duration="00:00:00.0019839" startTime="2023-12-22T09:34:31.3659146+01:00" endTime="2023-12-22T09:34:31.3815415+01:00" testType="13cdc9d9-ddb5-4fa4-a97d-d965ccfc6d4b" outcome="Passed" testListId="8c84fa94-04c1-424b-9868-57a2d4851a1d" relativeResultsDirectory="0008e467-9200-42c1-b508-5c56b76f442b" />
    <UnitTestResult executionId="d5386d4c-a543-427f-9ee6-45c246b6e97a" testId="deae603b-fab4-81c4-e8cc-7dc863200d1e" testName="TestSeveralConfigHostRemoved" computerName="DKSR-EFI-04" duration="00:00:00.0040432" startTime="2023-12-22T09:34:40.0847101+01:00" endTime="2023-12-22T09:34:40.0847101+01:00" testType="13cdc9d9-ddb5-4fa4-a97d-d965ccfc6d4b" outcome="Passed" testListId="8c84fa94-04c1-424b-9868-57a2d4851a1d" relativeResultsDirectory="d5386d4c-a543-427f-9ee6-45c246b6e97a" />
    <UnitTestResult executionId="2dff87ff-483c-4c8f-af66-90b17312ce35" testId="1e0d3643-4c52-8551-b356-f6c3ec240da4" testName="TestInsertElementWithUsedIdAndVisualOwnerId" computerName="DKSR-EFI-04" duration="00:00:00.0084992" startTime="2023-12-22T09:34:35.3659360+01:00" endTime="2023-12-22T09:34:35.3815613+01:00" testType="13cdc9d9-ddb5-4fa4-a97d-d965ccfc6d4b" outcome="Passed" testListId="8c84fa94-04c1-424b-9868-57a2d4851a1d" relativeResultsDirectory="2dff87ff-483c-4c8f-af66-90b17312ce35" />
    <UnitTestResult executionId="422ff1df-08ee-41c2-a4b3-e84b085cc40a" testId="d325ee40-316b-6f9d-b0f9-6b523ec84e35" testName="TestUpdateAlarmWithPriority" computerName="DKSR-EFI-04" duration="00:00:00.0118271" startTime="2023-12-22T09:34:32.4284213+01:00" endTime="2023-12-22T09:34:32.4440452+01:00" testType="13cdc9d9-ddb5-4fa4-a97d-d965ccfc6d4b" outcome="Passed" testListId="8c84fa94-04c1-424b-9868-57a2d4851a1d" relativeResultsDirectory="422ff1df-08ee-41c2-a4b3-e84b085cc40a" />
    <UnitTestResult executionId="0576e5f1-72b5-40a5-99f1-c6726463405f" testId="767c499b-6b4e-ed35-1957-484bc25803c1" testName="GetAllObjectIDsOnVisualElement_WithValidParameters" computerName="DKSR-EFI-04" duration="00:00:00.0205159" startTime="2023-12-22T09:34:31.5534174+01:00" endTime="2023-12-22T09:34:31.5690434+01:00" testType="13cdc9d9-ddb5-4fa4-a97d-d965ccfc6d4b" outcome="Passed" testListId="8c84fa94-04c1-424b-9868-57a2d4851a1d" relativeResultsDirectory="0576e5f1-72b5-40a5-99f1-c6726463405f" />
    <UnitTestResult executionId="244432d0-9f63-4446-9df7-cd6d7a515a25" testId="f8a85ac7-0b47-a9c1-be80-451780272705" testName="TestGetStatusForAllObjectsOfTypeWithMapPlugInItem" computerName="DKSR-EFI-04" duration="00:00:00.0186883" startTime="2023-12-22T09:34:35.0534361+01:00" endTime="2023-12-22T09:34:35.0690587+01:00" testType="13cdc9d9-ddb5-4fa4-a97d-d965ccfc6d4b" outcome="Passed" testListId="8c84fa94-04c1-424b-9868-57a2d4851a1d" relativeResultsDirectory="244432d0-9f63-4446-9df7-cd6d7a515a25" />
    <UnitTestResult executionId="2ba03d78-6acb-4f1c-aaf4-854c2239cbb3" testId="fe0fb3e9-27dd-b61e-9ae2-3ccd114e06ab" testName="FetchCache_ShouldAddUserToTheCache_IfUserIsBasicUser" computerName="DKSR-EFI-04" duration="00:00:00.1060721" startTime="2023-12-22T09:34:23.2252517+01:00" endTime="2023-12-22T09:34:23.3346250+01:00" testType="13cdc9d9-ddb5-4fa4-a97d-d965ccfc6d4b" outcome="Passed" testListId="8c84fa94-04c1-424b-9868-57a2d4851a1d" relativeResultsDirectory="2ba03d78-6acb-4f1c-aaf4-854c2239cbb3" />
    <UnitTestResult executionId="7f741956-18f8-41ae-9b52-b8e567f6ad78" testId="51fbbeab-dfb7-8635-1c92-208ef93cc04f" testName="TestGetAllElementsOfTypeWithRelationOnDifferentServersInThreeLevels" computerName="DKSR-EFI-04" duration="00:00:00.0097373" startTime="2023-12-22T09:34:36.4753181+01:00" endTime="2023-12-22T09:34:36.4753181+01:00" testType="13cdc9d9-ddb5-4fa4-a97d-d965ccfc6d4b" outcome="Passed" testListId="8c84fa94-04c1-424b-9868-57a2d4851a1d" relativeResultsDirectory="7f741956-18f8-41ae-9b52-b8e567f6ad78" />
    <UnitTestResult executionId="a2ca0c71-facf-4c2d-bc4e-48a3b0709ba2" testId="ad5313ea-84e5-d5fc-de76-67483906423e" testName="EventConverter_ConvertEventStatusToBaseItem_Success_ExternalEvent_Defined" computerName="DKSR-EFI-04" duration="00:00:00.0102944" startTime="2023-12-22T09:34:39.2097067+01:00" endTime="2023-12-22T09:34:39.2253313+01:00" testType="13cdc9d9-ddb5-4fa4-a97d-d965ccfc6d4b" outcome="Passed" testListId="8c84fa94-04c1-424b-9868-57a2d4851a1d" relativeResultsDirectory="a2ca0c71-facf-4c2d-bc4e-48a3b0709ba2" />
    <UnitTestResult executionId="26573384-cd56-4c30-afbb-7cb7e2c23474" testId="e7a08b1b-c209-326d-58d8-22c862327d47" testName="GetObjectsWithinGPSArea_WithValidParameters" computerName="DKSR-EFI-04" duration="00:00:00.0041962" startTime="2023-12-22T09:34:31.5221668+01:00" endTime="2023-12-22T09:34:31.5377923+01:00" testType="13cdc9d9-ddb5-4fa4-a97d-d965ccfc6d4b" outcome="Passed" testListId="8c84fa94-04c1-424b-9868-57a2d4851a1d" relativeResultsDirectory="26573384-cd56-4c30-afbb-7cb7e2c23474" />
    <UnitTestResult executionId="75dab88d-166e-4132-9e6a-6500bee4dcb7" testId="068ec4a5-0fee-3f40-7b8f-ff044af6ce33" testName="TestActivateContextMenuAction" computerName="DKSR-EFI-04" duration="00:00:00.0026379" startTime="2023-12-22T09:34:33.7565542+01:00" endTime="2023-12-22T09:34:33.7565542+01:00" testType="13cdc9d9-ddb5-4fa4-a97d-d965ccfc6d4b" outcome="Passed" testListId="8c84fa94-04c1-424b-9868-57a2d4851a1d" relativeResultsDirectory="75dab88d-166e-4132-9e6a-6500bee4dcb7" />
    <UnitTestResult executionId="5cdca681-ed77-4e83-97ac-9a295a779abe" testId="45e3d0f9-72c5-6428-8f37-e623a4e7d169" testName="GetObject_WithValidParameters" computerName="DKSR-EFI-04" duration="00:00:00.0040206" startTime="2023-12-22T09:34:31.4284154+01:00" endTime="2023-12-22T09:34:31.4440413+01:00" testType="13cdc9d9-ddb5-4fa4-a97d-d965ccfc6d4b" outcome="Passed" testListId="8c84fa94-04c1-424b-9868-57a2d4851a1d" relativeResultsDirectory="5cdca681-ed77-4e83-97ac-9a295a779abe" />
    <UnitTestResult executionId="7dc2961f-5aae-47c8-9359-b058fbd14233" testId="6e4612c4-3145-1588-b9f4-048fc08fdb7d" testName="TestCreateObjectsThrowingUnhandledException" computerName="DKSR-EFI-04" duration="00:00:00.0053037" startTime="2023-12-22T09:34:30.8815380+01:00" endTime="2023-12-22T09:34:30.8815380+01:00" testType="13cdc9d9-ddb5-4fa4-a97d-d965ccfc6d4b" outcome="Passed" testListId="8c84fa94-04c1-424b-9868-57a2d4851a1d" relativeResultsDirectory="7dc2961f-5aae-47c8-9359-b058fbd14233" />
    <UnitTestResult executionId="74ebd865-d724-4487-8774-3a7cb9e3c97d" testId="7c01cc2c-9bdf-e761-6523-6d34add36149" testName="TestLoadSaveLoad" computerName="DKSR-EFI-04" duration="00:00:00.0335173" startTime="2023-12-22T09:34:44.6941110+01:00" endTime="2023-12-22T09:34:44.7253596+01:00" testType="13cdc9d9-ddb5-4fa4-a97d-d965ccfc6d4b" outcome="Passed" testListId="8c84fa94-04c1-424b-9868-57a2d4851a1d" relativeResultsDirectory="74ebd865-d724-4487-8774-3a7cb9e3c97d" />
    <UnitTestResult executionId="0cc7a67b-e0b8-4e48-bf2a-dbb4dcfd99eb" testId="978dc265-8b9f-481c-c0ec-115bf4a2ce3f" testName="TestGetPlugInItemsWithInvalidUser" computerName="DKSR-EFI-04" duration="00:00:00.0024276" startTime="2023-12-22T09:34:30.7565378+01:00" endTime="2023-12-22T09:34:30.7721660+01:00" testType="13cdc9d9-ddb5-4fa4-a97d-d965ccfc6d4b" outcome="Passed" testListId="8c84fa94-04c1-424b-9868-57a2d4851a1d" relativeResultsDirectory="0cc7a67b-e0b8-4e48-bf2a-dbb4dcfd99eb" />
    <UnitTestResult executionId="5ec96511-442a-4d84-8652-8e01312a11c8" testId="7756291f-f52b-5262-1e5f-36b49a0df8d6" testName="TestGetStatusForAllObjectsOfTypeThrowingUnhandledException" computerName="DKSR-EFI-04" duration="00:00:00.0037393" startTime="2023-12-22T09:34:28.8659039+01:00" endTime="2023-12-22T09:34:28.8659039+01:00" testType="13cdc9d9-ddb5-4fa4-a97d-d965ccfc6d4b" outcome="Passed" testListId="8c84fa94-04c1-424b-9868-57a2d4851a1d" relativeResultsDirectory="5ec96511-442a-4d84-8652-8e01312a11c8" />
    <UnitTestResult executionId="f720ba97-c553-4c77-8513-61c6740fb92b" testId="19789653-59e6-f3c4-77df-ecd0baf02b64" testName="TestRemoveElementAndChildElementsRecursive" computerName="DKSR-EFI-04" duration="00:00:00.0355087" startTime="2023-12-22T09:34:36.9284457+01:00" endTime="2023-12-22T09:34:36.9596972+01:00" testType="13cdc9d9-ddb5-4fa4-a97d-d965ccfc6d4b" outcome="Passed" testListId="8c84fa94-04c1-424b-9868-57a2d4851a1d" relativeResultsDirectory="f720ba97-c553-4c77-8513-61c6740fb92b" />
    <UnitTestResult executionId="de1d21ad-30e0-4a48-9883-c3f7abab58e5" testId="b9d2dfd5-5fc8-0a0e-3f2b-a2de70ec6bf5" testName="EventToBaseEventMapper_ReturnsAnalyticsEvent_WhenAnalyticsData" computerName="DKSR-EFI-04" duration="00:00:00.0137377" startTime="2023-12-22T09:34:40.8659652+01:00" endTime="2023-12-22T09:34:40.8815891+01:00" testType="13cdc9d9-ddb5-4fa4-a97d-d965ccfc6d4b" outcome="Passed" testListId="8c84fa94-04c1-424b-9868-57a2d4851a1d" relativeResultsDirectory="de1d21ad-30e0-4a48-9883-c3f7abab58e5" />
    <UnitTestResult executionId="e1acf7a1-7939-445e-8ccb-6a5f32ceb059" testId="03fc8d35-4471-954f-a728-4400525b30ef" testName="TestInsertElementsWhereOneIdIsAllreadyUsedButDeleted" computerName="DKSR-EFI-04" duration="00:00:00.0041803" startTime="2023-12-22T09:34:35.8346881+01:00" endTime="2023-12-22T09:34:35.8503126+01:00" testType="13cdc9d9-ddb5-4fa4-a97d-d965ccfc6d4b" outcome="Passed" testListId="8c84fa94-04c1-424b-9868-57a2d4851a1d" relativeResultsDirectory="e1acf7a1-7939-445e-8ccb-6a5f32ceb059" />
    <UnitTestResult executionId="604bc8e6-983f-4b92-9320-99cd2717b093" testId="b88239be-6dd2-e42a-5938-b32ee50ed816" testName="EventIdListTest_EventSource_Device" computerName="DKSR-EFI-04" duration="00:00:00.0012966" startTime="2023-12-22T09:34:40.6472126+01:00" endTime="2023-12-22T09:34:40.6472126+01:00" testType="13cdc9d9-ddb5-4fa4-a97d-d965ccfc6d4b" outcome="Passed" testListId="8c84fa94-04c1-424b-9868-57a2d4851a1d" relativeResultsDirectory="604bc8e6-983f-4b92-9320-99cd2717b093" />
    <UnitTestResult executionId="1df20a74-827e-41ee-a83c-bec08088487d" testId="a487004f-9199-ea6f-56ef-0474d325771f" testName="TestDeleteObjectWithInvalidUser" computerName="DKSR-EFI-04" duration="00:00:00.0026083" startTime="2023-12-22T09:34:30.4440362+01:00" endTime="2023-12-22T09:34:30.4440362+01:00" testType="13cdc9d9-ddb5-4fa4-a97d-d965ccfc6d4b" outcome="Passed" testListId="8c84fa94-04c1-424b-9868-57a2d4851a1d" relativeResultsDirectory="1df20a74-827e-41ee-a83c-bec08088487d" />
    <UnitTestResult executionId="63a225c9-29bf-414b-accb-d1e2d9fc25f4" testId="0818f830-deb7-208e-1505-24ab8da73d74" testName="TestGetTypeChangedThrowingUnhandledException" computerName="DKSR-EFI-04" duration="00:00:00.0030716" startTime="2023-12-22T09:34:30.5846616+01:00" endTime="2023-12-22T09:34:30.5846616+01:00" testType="13cdc9d9-ddb5-4fa4-a97d-d965ccfc6d4b" outcome="Passed" testListId="8c84fa94-04c1-424b-9868-57a2d4851a1d" relativeResultsDirectory="63a225c9-29bf-414b-accb-d1e2d9fc25f4" />
    <UnitTestResult executionId="64dd450c-788d-46e6-b31d-4a8746372ba3" testId="d14e3f39-9a27-090e-fd4a-a1404886c886" testName="TestGetStatusTreeStructureWithComplexCyclicRelation" computerName="DKSR-EFI-04" duration="00:00:00.0343163" startTime="2023-12-22T09:34:34.6940564+01:00" endTime="2023-12-22T09:34:34.7253066+01:00" testType="13cdc9d9-ddb5-4fa4-a97d-d965ccfc6d4b" outcome="Passed" testListId="8c84fa94-04c1-424b-9868-57a2d4851a1d" relativeResultsDirectory="64dd450c-788d-46e6-b31d-4a8746372ba3" />
    <UnitTestResult executionId="aa71c0e2-45a2-4c95-911c-33151510ea48" testId="29387a21-cfe6-66b5-9f33-7383e6376a23" testName="TestName" computerName="DKSR-EFI-04" duration="00:00:00.0020913" startTime="2023-12-22T09:34:32.6784210+01:00" endTime="2023-12-22T09:34:32.6784210+01:00" testType="13cdc9d9-ddb5-4fa4-a97d-d965ccfc6d4b" outcome="Passed" testListId="8c84fa94-04c1-424b-9868-57a2d4851a1d" relativeResultsDirectory="aa71c0e2-45a2-4c95-911c-33151510ea48" />
    <UnitTestResult executionId="1abf546d-ead0-44ac-a97d-0196b91bf905" testId="b7b49a90-b7f2-58dd-a5f8-1f8a56ff100a" testName="TestObjectTypesGuid" computerName="DKSR-EFI-04" duration="00:00:00.0004857" startTime="2023-12-22T09:34:38.0847010+01:00" endTime="2023-12-22T09:34:38.0847010+01:00" testType="13cdc9d9-ddb5-4fa4-a97d-d965ccfc6d4b" outcome="Passed" testListId="8c84fa94-04c1-424b-9868-57a2d4851a1d" relativeResultsDirectory="1abf546d-ead0-44ac-a97d-0196b91bf905" />
    <UnitTestResult executionId="a7142090-96a6-4e7e-ab5e-425264837408" testId="0e60158c-36bc-8dc9-fd94-82efc858c9b8" testName="ShouldSave_ShouldBeFalse_ByDefault" computerName="DKSR-EFI-04" duration="00:00:00.0017191" startTime="2023-12-22T09:34:41.0378415+01:00" endTime="2023-12-22T09:34:41.0378415+01:00" testType="13cdc9d9-ddb5-4fa4-a97d-d965ccfc6d4b" outcome="Passed" testListId="8c84fa94-04c1-424b-9868-57a2d4851a1d" relativeResultsDirectory="a7142090-96a6-4e7e-ab5e-425264837408" />
    <UnitTestResult executionId="4ca7c0f2-2ac3-4591-b2be-00e23fe7eec9" testId="268ed45b-8b47-9643-7567-8e7ecb14ae8a" testName="TestAddChild" computerName="DKSR-EFI-04" duration="00:00:00.0014818" startTime="2023-12-22T09:34:38.0222026+01:00" endTime="2023-12-22T09:34:38.0222026+01:00" testType="13cdc9d9-ddb5-4fa4-a97d-d965ccfc6d4b" outcome="Passed" testListId="8c84fa94-04c1-424b-9868-57a2d4851a1d" relativeResultsDirectory="4ca7c0f2-2ac3-4591-b2be-00e23fe7eec9" />
    <UnitTestResult executionId="4f02c420-3a88-46fc-a8e6-edd71a4e2ad4" testId="a7c5d785-f39b-a877-a62c-7f98f99646cd" testName="TestSecurityCommunication" computerName="DKSR-EFI-04" duration="00:00:00.0008529" startTime="2023-12-22T09:34:27.8971479+01:00" endTime="2023-12-22T09:34:27.8971479+01:00" testType="13cdc9d9-ddb5-4fa4-a97d-d965ccfc6d4b" outcome="Passed" testListId="8c84fa94-04c1-424b-9868-57a2d4851a1d" relativeResultsDirectory="4f02c420-3a88-46fc-a8e6-edd71a4e2ad4" />
    <UnitTestResult executionId="71fdfde8-de46-4f3d-9fd9-d42252161853" testId="c0f3905a-0fcb-eb49-f9e4-c5460d516950" testName="TestCreateFilteredConfigurationCommandsLimited" computerName="DKSR-EFI-04" duration="00:00:00.0017560" startTime="2023-12-22T09:34:44.7566098+01:00" endTime="2023-12-22T09:34:44.7566098+01:00" testType="13cdc9d9-ddb5-4fa4-a97d-d965ccfc6d4b" outcome="Passed" testListId="8c84fa94-04c1-424b-9868-57a2d4851a1d" relativeResultsDirectory="71fdfde8-de46-4f3d-9fd9-d42252161853" />
    <UnitTestResult executionId="c659ef9a-e42c-4af2-88bd-57ccb790f065" testId="b285b47f-41f0-c77d-9d57-63601810b57b" testName="TestCacheCleanupMultipleSessionsSingleUserIdTouch" computerName="DKSR-EFI-04" duration="00:00:00.0016808" startTime="2023-12-22T09:34:39.6628345+01:00" endTime="2023-12-22T09:34:39.6628345+01:00" testType="13cdc9d9-ddb5-4fa4-a97d-d965ccfc6d4b" outcome="Passed" testListId="8c84fa94-04c1-424b-9868-57a2d4851a1d" relativeResultsDirectory="c659ef9a-e42c-4af2-88bd-57ccb790f065" />
    <UnitTestResult executionId="53774fce-3d8c-4f23-ba49-5b4fdc9fdbab" testId="a96bbd73-704d-32fb-7b5e-e65e94805cf4" testName="TestGetStatusForAllObjectsOfTypeThrowingUnhandledException" computerName="DKSR-EFI-04" duration="00:00:00.0031276" startTime="2023-12-22T09:34:29.3034052+01:00" endTime="2023-12-22T09:34:29.3034052+01:00" testType="13cdc9d9-ddb5-4fa4-a97d-d965ccfc6d4b" outcome="Passed" testListId="8c84fa94-04c1-424b-9868-57a2d4851a1d" relativeResultsDirectory="53774fce-3d8c-4f23-ba49-5b4fdc9fdbab" />
    <UnitTestResult executionId="7cc7fd2d-230b-47ec-98b7-1b8705b3bebd" testId="410cd1ed-25de-3c72-94d2-b41e7adb85ee" testName="GetPlugInItemChanges_WithZeroTimeout" computerName="DKSR-EFI-04" duration="00:00:00.0041627" startTime="2023-12-22T09:34:31.8815447+01:00" endTime="2023-12-22T09:34:31.8971686+01:00" testType="13cdc9d9-ddb5-4fa4-a97d-d965ccfc6d4b" outcome="Passed" testListId="8c84fa94-04c1-424b-9868-57a2d4851a1d" relativeResultsDirectory="7cc7fd2d-230b-47ec-98b7-1b8705b3bebd" />
    <UnitTestResult executionId="2ccb9c64-776a-49e3-bfa3-89b73225faa6" testId="1401e9ec-43ed-d93b-acf5-3d379ae583c1" testName="TestUpdateStateWithUnknownDevice" computerName="DKSR-EFI-04" duration="00:00:00.0010841" startTime="2023-12-22T09:34:37.5378229+01:00" endTime="2023-12-22T09:34:37.5378229+01:00" testType="13cdc9d9-ddb5-4fa4-a97d-d965ccfc6d4b" outcome="Passed" testListId="8c84fa94-04c1-424b-9868-57a2d4851a1d" relativeResultsDirectory="2ccb9c64-776a-49e3-bfa3-89b73225faa6" />
    <UnitTestResult executionId="1283dfc1-c0c4-41b0-a993-b9cdb497b74f" testId="29f8d109-e7ff-8cc5-8a86-e30f52887a1b" testName="TestLoadConfigurationWithRootAndCyclicEntriesFirstInXmlFile" computerName="DKSR-EFI-04" duration="00:00:00.0117478" startTime="2023-12-22T09:34:34.0378038+01:00" endTime="2023-12-22T09:34:34.0378038+01:00" testType="13cdc9d9-ddb5-4fa4-a97d-d965ccfc6d4b" outcome="Passed" testListId="8c84fa94-04c1-424b-9868-57a2d4851a1d" relativeResultsDirectory="1283dfc1-c0c4-41b0-a993-b9cdb497b74f" />
    <UnitTestResult executionId="738b7197-434a-4ca9-924c-6cf55bb2b6a0" testId="66672741-a1d3-80e2-a60f-bcbd8316ff3f" testName="GetObjectsWithinGPSArea_WithValidParameters" computerName="DKSR-EFI-04" duration="00:00:00.0043153" startTime="2023-12-22T09:34:30.3659098+01:00" endTime="2023-12-22T09:34:30.3659098+01:00" testType="13cdc9d9-ddb5-4fa4-a97d-d965ccfc6d4b" outcome="Passed" testListId="8c84fa94-04c1-424b-9868-57a2d4851a1d" relativeResultsDirectory="738b7197-434a-4ca9-924c-6cf55bb2b6a0" />
    <UnitTestResult executionId="c278cb53-25a7-4645-84d5-c3378d591dbd" testId="ed30d7b3-6c4f-ecd9-f0c1-57184b812b54" testName="TestGetStatusDetails" computerName="DKSR-EFI-04" duration="00:00:00.0059920" startTime="2023-12-22T09:34:28.0690228+01:00" endTime="2023-12-22T09:34:28.0690228+01:00" testType="13cdc9d9-ddb5-4fa4-a97d-d965ccfc6d4b" outcome="Passed" testListId="8c84fa94-04c1-424b-9868-57a2d4851a1d" relativeResultsDirectory="c278cb53-25a7-4645-84d5-c3378d591dbd" />
    <UnitTestResult executionId="b0da1873-8756-4e48-9f18-bfbb141ab3a8" testId="0d6a570a-2927-2321-e584-f1b09cfcdd34" testName="TestGetItemStatusDetailsWithNullData" computerName="DKSR-EFI-04" duration="00:00:00.0008121" startTime="2023-12-22T09:34:33.7721794+01:00" endTime="2023-12-22T09:34:33.7721794+01:00" testType="13cdc9d9-ddb5-4fa4-a97d-d965ccfc6d4b" outcome="Passed" testListId="8c84fa94-04c1-424b-9868-57a2d4851a1d" relativeResultsDirectory="b0da1873-8756-4e48-9f18-bfbb141ab3a8" />
    <UnitTestResult executionId="c9615138-964a-4ff2-9786-23a4d9366dd0" testId="90e62cbf-7689-87e1-93e7-9ab4e0f34756" testName="TestUpdateDisplayXMLThrowingUnhandledException" computerName="DKSR-EFI-04" duration="00:00:00.0028580" startTime="2023-12-22T09:34:30.7252872+01:00" endTime="2023-12-22T09:34:30.7252872+01:00" testType="13cdc9d9-ddb5-4fa4-a97d-d965ccfc6d4b" outcome="Passed" testListId="8c84fa94-04c1-424b-9868-57a2d4851a1d" relativeResultsDirectory="c9615138-964a-4ff2-9786-23a4d9366dd0" />
    <UnitTestResult executionId="f1459e15-007d-42ff-9315-3b8ddbf07e6c" testId="7da7c86d-88f1-5b5d-59f9-4dc00dc7d18b" testName="TestConstructor" computerName="DKSR-EFI-04" duration="00:00:00.0015222" startTime="2023-12-22T09:34:38.5534534+01:00" endTime="2023-12-22T09:34:38.5534534+01:00" testType="13cdc9d9-ddb5-4fa4-a97d-d965ccfc6d4b" outcome="Passed" testListId="8c84fa94-04c1-424b-9868-57a2d4851a1d" relativeResultsDirectory="f1459e15-007d-42ff-9315-3b8ddbf07e6c" />
    <UnitTestResult executionId="e621e46d-583d-4fb2-b0c5-eb1e8a033d11" testId="33081f89-764f-7ff0-be12-18d81d6396f0" testName="TestExecuteWhileLockedWithActionCausingException" computerName="DKSR-EFI-04" duration="00:00:00.0009130" startTime="2023-12-22T09:34:27.4908955+01:00" endTime="2023-12-22T09:34:27.4908955+01:00" testType="13cdc9d9-ddb5-4fa4-a97d-d965ccfc6d4b" outcome="Passed" testListId="8c84fa94-04c1-424b-9868-57a2d4851a1d" relativeResultsDirectory="e621e46d-583d-4fb2-b0c5-eb1e8a033d11" />
    <UnitTestResult executionId="5861ae25-7aba-4200-8df7-7fcff1e9bd0a" testId="f961c61e-dc3b-4559-f24c-d104e1a1068d" testName="TestGetStatusVirtualServersWithCameraNotOnMapInError" computerName="DKSR-EFI-04" duration="00:00:00.0333881" startTime="2023-12-22T09:34:34.5846817+01:00" endTime="2023-12-22T09:34:34.6159316+01:00" testType="13cdc9d9-ddb5-4fa4-a97d-d965ccfc6d4b" outcome="Passed" testListId="8c84fa94-04c1-424b-9868-57a2d4851a1d" relativeResultsDirectory="5861ae25-7aba-4200-8df7-7fcff1e9bd0a" />
    <UnitTestResult executionId="7dd80e06-4109-43cd-8eb8-cd4ced8a5dfe" testId="6f5bbd40-400e-51ba-f44d-571f022a1abc" testName="WhenAlarmSearchCriteriaWithCorrectDataThenCorrectString" computerName="DKSR-EFI-04" duration="00:00:00.0005547" startTime="2023-12-22T09:34:39.1003308+01:00" endTime="2023-12-22T09:34:39.1003308+01:00" testType="13cdc9d9-ddb5-4fa4-a97d-d965ccfc6d4b" outcome="Passed" testListId="8c84fa94-04c1-424b-9868-57a2d4851a1d" relativeResultsDirectory="7dd80e06-4109-43cd-8eb8-cd4ced8a5dfe" />
    <UnitTestResult executionId="851aa450-9892-4ac1-817e-39db357b2d07" testId="bda92b65-26d9-c174-14d8-f439d8b5e364" testName="TestGetStatusForAllObjectsOfType" computerName="DKSR-EFI-04" duration="00:00:00.0043123" startTime="2023-12-22T09:34:29.3034052+01:00" endTime="2023-12-22T09:34:29.3190308+01:00" testType="13cdc9d9-ddb5-4fa4-a97d-d965ccfc6d4b" outcome="Passed" testListId="8c84fa94-04c1-424b-9868-57a2d4851a1d" relativeResultsDirectory="851aa450-9892-4ac1-817e-39db357b2d07" />
    <UnitTestResult executionId="e31f5025-f297-48a2-a3dd-9c6ed3b71fd5" testId="96d6153e-28d6-e21a-fb27-2616be6d7107" testName="TestGetVisualElementChangesWithNewerDeletedTimestampButIgnoreCleanup" computerName="DKSR-EFI-04" duration="00:00:00.0153780" startTime="2023-12-22T09:34:37.1784460+01:00" endTime="2023-12-22T09:34:37.1940699+01:00" testType="13cdc9d9-ddb5-4fa4-a97d-d965ccfc6d4b" outcome="Passed" testListId="8c84fa94-04c1-424b-9868-57a2d4851a1d" relativeResultsDirectory="e31f5025-f297-48a2-a3dd-9c6ed3b71fd5" />
    <UnitTestResult executionId="0aeedde2-2f83-42b2-9556-bf04e6829428" testId="84a733c7-39c1-519f-9053-6cfcae8c2ec4" testName="TestGetStatisticsException" computerName="DKSR-EFI-04" duration="00:00:00.0028154" startTime="2023-12-22T09:34:32.5377946+01:00" endTime="2023-12-22T09:34:32.5377946+01:00" testType="13cdc9d9-ddb5-4fa4-a97d-d965ccfc6d4b" outcome="Passed" testListId="8c84fa94-04c1-424b-9868-57a2d4851a1d" relativeResultsDirectory="0aeedde2-2f83-42b2-9556-bf04e6829428" />
    <UnitTestResult executionId="f80d0656-435d-4f3b-be3b-6d1476c1cef1" testId="63cc861a-ada6-6610-a57e-b107a7b46003" testName="TestInsertElementWithUsedRelationIdButOnDifferentServer" computerName="DKSR-EFI-04" duration="00:00:00.0131968" startTime="2023-12-22T09:34:35.7565627+01:00" endTime="2023-12-22T09:34:35.7721870+01:00" testType="13cdc9d9-ddb5-4fa4-a97d-d965ccfc6d4b" outcome="Passed" testListId="8c84fa94-04c1-424b-9868-57a2d4851a1d" relativeResultsDirectory="f80d0656-435d-4f3b-be3b-6d1476c1cef1" />
    <UnitTestResult executionId="e34907aa-c5b3-4bb9-85d2-550ad218d9ff" testId="f9baa831-faa8-ccad-2531-d59c2b1e5b17" testName="TestCacheCleanupSingleSessionSingleUserIdTouch" computerName="DKSR-EFI-04" duration="00:00:00.0027890" startTime="2023-12-22T09:34:39.6628345+01:00" endTime="2023-12-22T09:34:39.6628345+01:00" testType="13cdc9d9-ddb5-4fa4-a97d-d965ccfc6d4b" outcome="Passed" testListId="8c84fa94-04c1-424b-9868-57a2d4851a1d" relativeResultsDirectory="e34907aa-c5b3-4bb9-85d2-550ad218d9ff" />
    <UnitTestResult executionId="34bf4d95-8049-4382-849e-a89829df3b52" testId="7eb0a4eb-feaf-9106-c5a4-b2a62712433f" testName="TestUpdateWithNewParentItemId" computerName="DKSR-EFI-04" duration="00:00:00.0042547" startTime="2023-12-22T09:34:32.8503009+01:00" endTime="2023-12-22T09:34:32.8503009+01:00" testType="13cdc9d9-ddb5-4fa4-a97d-d965ccfc6d4b" outcome="Passed" testListId="8c84fa94-04c1-424b-9868-57a2d4851a1d" relativeResultsDirectory="34bf4d95-8049-4382-849e-a89829df3b52" />
    <UnitTestResult executionId="480d6b91-d7fa-4841-85ae-a4fd6131516b" testId="7bd86bb5-b4f3-456c-9451-1ba8747ecdfb" testName="TestMultipleSessionsSingleUserIdAddedTwice" computerName="DKSR-EFI-04" duration="00:00:00.0009389" startTime="2023-12-22T09:34:39.7097089+01:00" endTime="2023-12-22T09:34:39.7097089+01:00" testType="13cdc9d9-ddb5-4fa4-a97d-d965ccfc6d4b" outcome="Passed" testListId="8c84fa94-04c1-424b-9868-57a2d4851a1d" relativeResultsDirectory="480d6b91-d7fa-4841-85ae-a4fd6131516b" />
    <UnitTestResult executionId="80fdbd75-b4bb-4cc2-bc38-d264a5463511" testId="37096f25-4fdb-0672-8789-a379629f4a28" testName="TestNewObjectWithVisualElementStorageDatabase" computerName="DKSR-EFI-04" duration="00:00:00.0012636" startTime="2023-12-22T09:34:38.3503287+01:00" endTime="2023-12-22T09:34:38.3503287+01:00" testType="13cdc9d9-ddb5-4fa4-a97d-d965ccfc6d4b" outcome="Passed" testListId="8c84fa94-04c1-424b-9868-57a2d4851a1d" relativeResultsDirectory="80fdbd75-b4bb-4cc2-bc38-d264a5463511" />
    <UnitTestResult executionId="9b8fad46-e3f6-4064-babf-571e3ddae961" testId="dcab5aed-cb1b-c54d-fac5-8be674eef501" testName="TestLoadXMLWithNoParametersCorrect" computerName="DKSR-EFI-04" duration="00:00:00.0003062" startTime="2023-12-22T09:34:37.3815715+01:00" endTime="2023-12-22T09:34:37.3815715+01:00" testType="13cdc9d9-ddb5-4fa4-a97d-d965ccfc6d4b" outcome="Passed" testListId="8c84fa94-04c1-424b-9868-57a2d4851a1d" relativeResultsDirectory="9b8fad46-e3f6-4064-babf-571e3ddae961" />
    <UnitTestResult executionId="7b58ed0a-bf83-4d19-93e2-37e4e16370dc" testId="65bf8705-3dc5-8cec-5e83-9dfec95ae5f1" testName="TestCloseNoThread" computerName="DKSR-EFI-04" duration="00:00:00.0015425" startTime="2023-12-22T09:34:27.7721503+01:00" endTime="2023-12-22T09:34:27.7721503+01:00" testType="13cdc9d9-ddb5-4fa4-a97d-d965ccfc6d4b" outcome="Passed" testListId="8c84fa94-04c1-424b-9868-57a2d4851a1d" relativeResultsDirectory="7b58ed0a-bf83-4d19-93e2-37e4e16370dc" />
    <UnitTestResult executionId="7f0346ad-5144-49ca-8a37-4ccb01892b05" testId="a5d869a4-3fcb-7fd0-96f3-24b6f2ddb107" testName="TestGetStatusTreeStructureWithCyclicRelation" computerName="DKSR-EFI-04" duration="00:00:00.0284599" startTime="2023-12-22T09:34:34.6628067+01:00" endTime="2023-12-22T09:34:34.6940564+01:00" testType="13cdc9d9-ddb5-4fa4-a97d-d965ccfc6d4b" outcome="Passed" testListId="8c84fa94-04c1-424b-9868-57a2d4851a1d" relativeResultsDirectory="7f0346ad-5144-49ca-8a37-4ccb01892b05" />
    <UnitTestResult executionId="a5340059-ddba-4c81-88dd-66bf12139abc" testId="6a8b8b1f-8fe2-95b2-8383-ea8749de5b7d" testName="TestUpdate" computerName="DKSR-EFI-04" duration="00:00:00.0016304" startTime="2023-12-22T09:34:38.3815798+01:00" endTime="2023-12-22T09:34:38.3815798+01:00" testType="13cdc9d9-ddb5-4fa4-a97d-d965ccfc6d4b" outcome="Passed" testListId="8c84fa94-04c1-424b-9868-57a2d4851a1d" relativeResultsDirectory="a5340059-ddba-4c81-88dd-66bf12139abc" />
    <UnitTestResult executionId="0c02cafd-de98-4218-8d8a-1fd41ed049ac" testId="cdd91721-6e98-3da2-8a09-95d8fa7ad5e3" testName="Handle_ShouldFlattenStateAndPriorityValue_WhenValuesIncludeStatePriorityIntAndStatePriorityNameAndStatePriority" computerName="DKSR-EFI-04" duration="00:00:00.0015502" startTime="2023-12-22T09:34:43.9909800+01:00" endTime="2023-12-22T09:34:43.9909800+01:00" testType="13cdc9d9-ddb5-4fa4-a97d-d965ccfc6d4b" outcome="Passed" testListId="8c84fa94-04c1-424b-9868-57a2d4851a1d" relativeResultsDirectory="0c02cafd-de98-4218-8d8a-1fd41ed049ac" />
    <UnitTestResult executionId="878b6e2a-ec7f-4df9-995a-a938729a56d5" testId="5853a9e0-8ba5-a9fc-10cd-83263f396ebb" testName="TestUpdateNameWithValidParameters" computerName="DKSR-EFI-04" duration="00:00:00.0055223" startTime="2023-12-22T09:34:30.9440393+01:00" endTime="2023-12-22T09:34:30.9596621+01:00" testType="13cdc9d9-ddb5-4fa4-a97d-d965ccfc6d4b" outcome="Passed" testListId="8c84fa94-04c1-424b-9868-57a2d4851a1d" relativeResultsDirectory="878b6e2a-ec7f-4df9-995a-a938729a56d5" />
    <UnitTestResult executionId="bb65c066-d594-4297-8d61-754e555fd1da" testId="4880dc0a-6935-afb4-9835-91322ae59472" testName="TestInsertElementWithOwnerElement" computerName="DKSR-EFI-04" duration="00:00:00.0128115" startTime="2023-12-22T09:34:35.6628129+01:00" endTime="2023-12-22T09:34:35.6784375+01:00" testType="13cdc9d9-ddb5-4fa4-a97d-d965ccfc6d4b" outcome="Passed" testListId="8c84fa94-04c1-424b-9868-57a2d4851a1d" relativeResultsDirectory="bb65c066-d594-4297-8d61-754e555fd1da" />
    <UnitTestResult executionId="2446eca9-bf5f-45ab-9161-732fd796dcbf" testId="5734cb8b-ad0b-f6ea-5207-d3e1d3f53b3f" testName="TestGetAlarmMessagesInvalidToken" computerName="DKSR-EFI-04" duration="00:00:00.0028088" startTime="2023-12-22T09:34:32.5534216+01:00" endTime="2023-12-22T09:34:32.5534216+01:00" testType="13cdc9d9-ddb5-4fa4-a97d-d965ccfc6d4b" outcome="Passed" testListId="8c84fa94-04c1-424b-9868-57a2d4851a1d" relativeResultsDirectory="2446eca9-bf5f-45ab-9161-732fd796dcbf" />
    <UnitTestResult executionId="dd1f3677-e81e-4a2f-803a-0ed1d03a8841" testId="5a8843a4-1b08-532d-9241-acaa715de5b3" testName="TestGetStatusForAllObjectsOfTypeWithMultipleTrees" computerName="DKSR-EFI-04" duration="00:00:00.0208802" startTime="2023-12-22T09:34:34.8815586+01:00" endTime="2023-12-22T09:34:34.8971836+01:00" testType="13cdc9d9-ddb5-4fa4-a97d-d965ccfc6d4b" outcome="Passed" testListId="8c84fa94-04c1-424b-9868-57a2d4851a1d" relativeResultsDirectory="dd1f3677-e81e-4a2f-803a-0ed1d03a8841" />
    <UnitTestResult executionId="03eb271c-3a6a-423b-bba7-cc26077bd0bb" testId="b2d08199-1744-af53-14e2-8b5747d2f865" testName="WhenAlarmSearchCriteriaWWithWrongFieldNamesThenException" computerName="DKSR-EFI-04" duration="00:00:00.0008509" startTime="2023-12-22T09:34:39.1003308+01:00" endTime="2023-12-22T09:34:39.1003308+01:00" testType="13cdc9d9-ddb5-4fa4-a97d-d965ccfc6d4b" outcome="Passed" testListId="8c84fa94-04c1-424b-9868-57a2d4851a1d" relativeResultsDirectory="03eb271c-3a6a-423b-bba7-cc26077bd0bb" />
    <UnitTestResult executionId="4626a567-4f2b-4cd3-9f80-e8c2475f498f" testId="b1f8662e-7da3-ea78-c648-44064c691ebe" testName="TestNewAlarms" computerName="DKSR-EFI-04" duration="00:00:00.0009424" startTime="2023-12-22T09:34:38.0847010+01:00" endTime="2023-12-22T09:34:38.1003280+01:00" testType="13cdc9d9-ddb5-4fa4-a97d-d965ccfc6d4b" outcome="Passed" testListId="8c84fa94-04c1-424b-9868-57a2d4851a1d" relativeResultsDirectory="4626a567-4f2b-4cd3-9f80-e8c2475f498f" />
    <UnitTestResult executionId="47fbe27f-68b3-43d2-929a-a961e256b4d7" testId="2eaf6ee4-1003-56ee-eef5-aafdbc50175e" testName="WhenAlarmSearchCriteriaWrongCriteriaNameThenEmptyString" computerName="DKSR-EFI-04" duration="00:00:00.0153864" startTime="2023-12-22T09:34:39.0378320+01:00" endTime="2023-12-22T09:34:39.0534556+01:00" testType="13cdc9d9-ddb5-4fa4-a97d-d965ccfc6d4b" outcome="Passed" testListId="8c84fa94-04c1-424b-9868-57a2d4851a1d" relativeResultsDirectory="47fbe27f-68b3-43d2-929a-a961e256b4d7" />
    <UnitTestResult executionId="be915036-cb95-4372-ac7f-58f382a653d6" testId="ce79ff04-29cf-8ada-ab53-58492db63b2c" testName="GetVisualizationChanges_ShouldReturnNull_IfThereAreNoChanges" computerName="DKSR-EFI-04" duration="00:00:00.1325125" startTime="2023-12-22T09:34:29.1159066+01:00" endTime="2023-12-22T09:34:29.2565301+01:00" testType="13cdc9d9-ddb5-4fa4-a97d-d965ccfc6d4b" outcome="Passed" testListId="8c84fa94-04c1-424b-9868-57a2d4851a1d" relativeResultsDirectory="be915036-cb95-4372-ac7f-58f382a653d6" />
    <UnitTestResult executionId="0462c4ed-4e29-4657-967a-09f777e44205" testId="7841167c-41fd-cdfa-d05d-fd33c674c56e" testName="TestUpdateState" computerName="DKSR-EFI-04" duration="00:00:00.0020521" startTime="2023-12-22T09:34:38.0222026+01:00" endTime="2023-12-22T09:34:38.0222026+01:00" testType="13cdc9d9-ddb5-4fa4-a97d-d965ccfc6d4b" outcome="Passed" testListId="8c84fa94-04c1-424b-9868-57a2d4851a1d" relativeResultsDirectory="0462c4ed-4e29-4657-967a-09f777e44205" />
    <UnitTestResult executionId="bb688ad9-6e3d-46a1-9c35-e4aa0b7e318f" testId="60ae2c82-754e-d1b2-c791-7f892d05deb5" testName="TestUpdateObjectsNotAuthenticated" computerName="DKSR-EFI-04" duration="00:00:00.0018023" startTime="2023-12-22T09:34:30.9284132+01:00" endTime="2023-12-22T09:34:30.9440393+01:00" testType="13cdc9d9-ddb5-4fa4-a97d-d965ccfc6d4b" outcome="Passed" testListId="8c84fa94-04c1-424b-9868-57a2d4851a1d" relativeResultsDirectory="bb688ad9-6e3d-46a1-9c35-e4aa0b7e318f" />
    <UnitTestResult executionId="38264656-9e03-4df6-a673-70735f8c2159" testId="542757a2-c1f0-a4d3-0091-b8dd7476d0ae" testName="TestSeveralConfigHostAdded" computerName="DKSR-EFI-04" duration="00:00:00.0037174" startTime="2023-12-22T09:34:40.0847101+01:00" endTime="2023-12-22T09:34:40.0847101+01:00" testType="13cdc9d9-ddb5-4fa4-a97d-d965ccfc6d4b" outcome="Passed" testListId="8c84fa94-04c1-424b-9868-57a2d4851a1d" relativeResultsDirectory="38264656-9e03-4df6-a673-70735f8c2159" />
    <UnitTestResult executionId="3616f914-ddbe-47fe-a984-bf3be4cd0f5c" testId="70370df1-7a4a-f979-db78-aa2b854af0b2" testName="TestConstructorWithFactory" computerName="DKSR-EFI-04" duration="00:00:00.0072941" startTime="2023-12-22T09:34:34.1628066+01:00" endTime="2023-12-22T09:34:34.1784303+01:00" testType="13cdc9d9-ddb5-4fa4-a97d-d965ccfc6d4b" outcome="Passed" testListId="8c84fa94-04c1-424b-9868-57a2d4851a1d" relativeResultsDirectory="3616f914-ddbe-47fe-a984-bf3be4cd0f5c" />
    <UnitTestResult executionId="46a45c1e-c6a2-437d-b80a-0ce7be6f6e9c" testId="31169a73-2c6f-02f9-5556-8a2c0ee8e88a" testName="TestGetObjectsWithinGPSAreaThrowingUnhandledException" computerName="DKSR-EFI-04" duration="00:00:00.0035449" startTime="2023-12-22T09:34:31.0690382+01:00" endTime="2023-12-22T09:34:31.0690382+01:00" testType="13cdc9d9-ddb5-4fa4-a97d-d965ccfc6d4b" outcome="Passed" testListId="8c84fa94-04c1-424b-9868-57a2d4851a1d" relativeResultsDirectory="46a45c1e-c6a2-437d-b80a-0ce7be6f6e9c" />
    <UnitTestResult executionId="bfb65e04-6d03-4d84-a9a1-33972aa954b3" testId="862c3245-8f08-d542-39e8-a014d36f8b5b" testName="TestNewObject" computerName="DKSR-EFI-04" duration="00:00:00.0009770" startTime="2023-12-22T09:34:38.0690755+01:00" endTime="2023-12-22T09:34:38.0690755+01:00" testType="13cdc9d9-ddb5-4fa4-a97d-d965ccfc6d4b" outcome="Passed" testListId="8c84fa94-04c1-424b-9868-57a2d4851a1d" relativeResultsDirectory="bfb65e04-6d03-4d84-a9a1-33972aa954b3" />
    <UnitTestResult executionId="3bada93e-0dbc-4706-9041-3c3de5fed3f7" testId="91ea9c10-8ecf-4b5d-0e04-cc544285e285" testName="SetAllEventRetentions_ShouldAuditLog_WhenEventGroupRetentionIsChanged" computerName="DKSR-EFI-04" duration="00:00:00.0321748" startTime="2023-12-22T09:34:41.1159647+01:00" endTime="2023-12-22T09:34:41.1472157+01:00" testType="13cdc9d9-ddb5-4fa4-a97d-d965ccfc6d4b" outcome="Passed" testListId="8c84fa94-04c1-424b-9868-57a2d4851a1d" relativeResultsDirectory="3bada93e-0dbc-4706-9041-3c3de5fed3f7" />
    <UnitTestResult executionId="16f6d968-30b7-41f4-a51b-c48a5f0d9b02" testId="8743236c-eff5-e04a-11ff-194859e4447b" testName="TestOneACSystemPLUnsupportedButEnabled" computerName="DKSR-EFI-04" duration="00:00:00.0008605" startTime="2023-12-22T09:34:39.7409606+01:00" endTime="2023-12-22T09:34:39.7409606+01:00" testType="13cdc9d9-ddb5-4fa4-a97d-d965ccfc6d4b" outcome="Passed" testListId="8c84fa94-04c1-424b-9868-57a2d4851a1d" relativeResultsDirectory="16f6d968-30b7-41f4-a51b-c48a5f0d9b02" />
    <UnitTestResult executionId="eca9ceac-a87a-4ecf-b38e-244d75220b8e" testId="3f532001-bc00-e7ae-e945-4f15c68b9b8d" testName="CreateInstanceReturnsMipEventIdWhenWhenEventServerTypeIdInMessageId" computerName="DKSR-EFI-04" duration="00:00:00.0069075" startTime="2023-12-22T09:34:40.9753420+01:00" endTime="2023-12-22T09:34:40.9753420+01:00" testType="13cdc9d9-ddb5-4fa4-a97d-d965ccfc6d4b" outcome="Passed" testListId="8c84fa94-04c1-424b-9868-57a2d4851a1d" relativeResultsDirectory="eca9ceac-a87a-4ecf-b38e-244d75220b8e" />
    <UnitTestResult executionId="db134fb2-d5e5-4733-a0b8-4b0d00ceb7b8" testId="d316698a-5791-6b44-a6a4-aac621873402" testName="TestValidateWithIncorrectUserTypeUnknownIdentityType" computerName="DKSR-EFI-04" duration="00:00:00.0011941" startTime="2023-12-22T09:34:21.9752448+01:00" endTime="2023-12-22T09:34:21.9752448+01:00" testType="13cdc9d9-ddb5-4fa4-a97d-d965ccfc6d4b" outcome="Passed" testListId="8c84fa94-04c1-424b-9868-57a2d4851a1d" relativeResultsDirectory="db134fb2-d5e5-4733-a0b8-4b0d00ceb7b8" />
    <UnitTestResult executionId="82ce7f1d-5722-407f-ab25-9a32ce74fb28" testId="4700ea0b-a6eb-2f32-8574-1971d027ccb0" testName="TestValidateWithIncorrectUserTypeWindowsUser" computerName="DKSR-EFI-04" duration="00:00:00.0011775" startTime="2023-12-22T09:34:21.9752448+01:00" endTime="2023-12-22T09:34:21.9752448+01:00" testType="13cdc9d9-ddb5-4fa4-a97d-d965ccfc6d4b" outcome="Passed" testListId="8c84fa94-04c1-424b-9868-57a2d4851a1d" relativeResultsDirectory="82ce7f1d-5722-407f-ab25-9a32ce74fb28" />
    <UnitTestResult executionId="c09fa3a7-a0ca-460b-9147-e8e9717040be" testId="379961ee-b69a-35fe-40d3-0fa947c48330" testName="TestRemoveElementUpdateOwnerChildTimestamp" computerName="DKSR-EFI-04" duration="00:00:00.0083002" startTime="2023-12-22T09:34:36.7096949+01:00" endTime="2023-12-22T09:34:36.7253183+01:00" testType="13cdc9d9-ddb5-4fa4-a97d-d965ccfc6d4b" outcome="Passed" testListId="8c84fa94-04c1-424b-9868-57a2d4851a1d" relativeResultsDirectory="c09fa3a7-a0ca-460b-9147-e8e9717040be" />
    <UnitTestResult executionId="c9dfb774-ac0f-4f74-9ad3-725785a3b5bc" testId="8a33daa2-6473-674a-d338-66f15cfd845b" testName="GetData_ReturnsAnalyticsData_WhenAnalyticsEvent" computerName="DKSR-EFI-04" duration="00:00:00.0318375" startTime="2023-12-22T09:34:40.8972131+01:00" endTime="2023-12-22T09:34:40.9440908+01:00" testType="13cdc9d9-ddb5-4fa4-a97d-d965ccfc6d4b" outcome="Passed" testListId="8c84fa94-04c1-424b-9868-57a2d4851a1d" relativeResultsDirectory="c9dfb774-ac0f-4f74-9ad3-725785a3b5bc" />
    <UnitTestResult executionId="203a62f2-6f06-414f-b096-b871f8c27bd3" testId="ad27e105-de14-8527-b59a-f7c2adb7eeaf" testName="CreateInstanceReturnsHardwareCommunicationEventWhenInvokedForNotRespondingOnHardwareType" computerName="DKSR-EFI-04" duration="00:00:00.0013387" startTime="2023-12-22T09:34:40.9753420+01:00" endTime="2023-12-22T09:34:40.9753420+01:00" testType="13cdc9d9-ddb5-4fa4-a97d-d965ccfc6d4b" outcome="Passed" testListId="8c84fa94-04c1-424b-9868-57a2d4851a1d" relativeResultsDirectory="203a62f2-6f06-414f-b096-b871f8c27bd3" />
    <UnitTestResult executionId="2e80e209-33ee-487c-a25a-7803f05dab37" testId="ed0ebeb4-a5f7-d235-ddf8-88e75feb1b8f" testName="TestGetVisualElementChangesWithInvalidUser" computerName="DKSR-EFI-04" duration="00:00:00.0025154" startTime="2023-12-22T09:34:31.7252921+01:00" endTime="2023-12-22T09:34:31.7252921+01:00" testType="13cdc9d9-ddb5-4fa4-a97d-d965ccfc6d4b" outcome="Passed" testListId="8c84fa94-04c1-424b-9868-57a2d4851a1d" relativeResultsDirectory="2e80e209-33ee-487c-a25a-7803f05dab37" />
    <UnitTestResult executionId="f5a8c171-f836-4720-8cbd-41507e749e3f" testId="db82d364-bead-2e32-98c7-e2a0a53f7d8e" testName="TestUpdateBoundsWithNullParameters" computerName="DKSR-EFI-04" duration="00:00:00.0016360" startTime="2023-12-22T09:34:38.3034508+01:00" endTime="2023-12-22T09:34:38.3034508+01:00" testType="13cdc9d9-ddb5-4fa4-a97d-d965ccfc6d4b" outcome="Passed" testListId="8c84fa94-04c1-424b-9868-57a2d4851a1d" relativeResultsDirectory="f5a8c171-f836-4720-8cbd-41507e749e3f" />
    <UnitTestResult executionId="172c8402-2180-456b-8296-c7e17af00ccb" testId="ca40eb2c-e0a0-78e8-6ed2-5e6440c04fde" testName="TestUpdateBoundsThrowingUnhandledException" computerName="DKSR-EFI-04" duration="00:00:00.0030869" startTime="2023-12-22T09:34:30.7096608+01:00" endTime="2023-12-22T09:34:30.7096608+01:00" testType="13cdc9d9-ddb5-4fa4-a97d-d965ccfc6d4b" outcome="Passed" testListId="8c84fa94-04c1-424b-9868-57a2d4851a1d" relativeResultsDirectory="172c8402-2180-456b-8296-c7e17af00ccb" />
    <UnitTestResult executionId="3922ebb5-5a58-4be2-b4ac-8388c06bec9d" testId="7950372d-8564-c43b-1499-25c23a1e7c18" testName="TestUpdateStateWithUnknownCamera" computerName="DKSR-EFI-04" duration="00:00:00.0009591" startTime="2023-12-22T09:34:37.4440713+01:00" endTime="2023-12-22T09:34:37.4440713+01:00" testType="13cdc9d9-ddb5-4fa4-a97d-d965ccfc6d4b" outcome="Passed" testListId="8c84fa94-04c1-424b-9868-57a2d4851a1d" relativeResultsDirectory="3922ebb5-5a58-4be2-b4ac-8388c06bec9d" />
    <UnitTestResult executionId="1bda47ef-d1c0-45dd-84ad-250df1975117" testId="42517c84-6dea-ecc2-b8c2-5627cd2ab0be" testName="Handle_ShouldReturnStateNewValue_WhenValuesIncludeStateIntIsStateNew" computerName="DKSR-EFI-04" duration="00:00:00.0010296" startTime="2023-12-22T09:34:43.9441035+01:00" endTime="2023-12-22T09:34:43.9441035+01:00" testType="13cdc9d9-ddb5-4fa4-a97d-d965ccfc6d4b" outcome="Passed" testListId="8c84fa94-04c1-424b-9868-57a2d4851a1d" relativeResultsDirectory="1bda47ef-d1c0-45dd-84ad-250df1975117" />
    <UnitTestResult executionId="e525c9d8-ef3f-4f91-b0b5-dc25d68996bd" testId="84728403-b075-0630-859d-2be772a02544" testName="TestGetItemOperationalStateWithUnknownType" computerName="DKSR-EFI-04" duration="00:00:00.0003968" startTime="2023-12-22T09:34:33.6159253+01:00" endTime="2023-12-22T09:34:33.6159253+01:00" testType="13cdc9d9-ddb5-4fa4-a97d-d965ccfc6d4b" outcome="Passed" testListId="8c84fa94-04c1-424b-9868-57a2d4851a1d" relativeResultsDirectory="e525c9d8-ef3f-4f91-b0b5-dc25d68996bd" />
    <UnitTestResult executionId="0f42ac93-d146-47c8-81f9-6fb5b53a1b5d" testId="112a36d7-dc83-2422-8216-78a3ebc7ca6a" testName="TestUpdateElementWithValidIdAndNullVisualOwnerId" computerName="DKSR-EFI-04" duration="00:00:00.0079007" startTime="2023-12-22T09:34:35.9128153+01:00" endTime="2023-12-22T09:34:35.9284366+01:00" testType="13cdc9d9-ddb5-4fa4-a97d-d965ccfc6d4b" outcome="Passed" testListId="8c84fa94-04c1-424b-9868-57a2d4851a1d" relativeResultsDirectory="0f42ac93-d146-47c8-81f9-6fb5b53a1b5d" />
    <UnitTestResult executionId="38e8e9e8-770d-4ee1-8cf8-d5f38ac7c803" testId="1eaf47a2-60dc-7505-3311-4f2ff75e91fd" testName="TestUpdateObjectsWithInvalidUser" computerName="DKSR-EFI-04" duration="00:00:00.0023971" startTime="2023-12-22T09:34:30.2877851+01:00" endTime="2023-12-22T09:34:30.2877851+01:00" testType="13cdc9d9-ddb5-4fa4-a97d-d965ccfc6d4b" outcome="Passed" testListId="8c84fa94-04c1-424b-9868-57a2d4851a1d" relativeResultsDirectory="38e8e9e8-770d-4ee1-8cf8-d5f38ac7c803" />
    <UnitTestResult executionId="07acf4ae-0fa1-4d95-bee0-aba8b8c33add" testId="51e43f4b-8fa6-4d44-8369-516f875fa723" testName="TestValidateWithIncorrectUserTypeInvalidIdentity" computerName="DKSR-EFI-04" duration="00:00:00.0031478" startTime="2023-12-22T09:34:21.9596185+01:00" endTime="2023-12-22T09:34:21.9596185+01:00" testType="13cdc9d9-ddb5-4fa4-a97d-d965ccfc6d4b" outcome="Passed" testListId="8c84fa94-04c1-424b-9868-57a2d4851a1d" relativeResultsDirectory="07acf4ae-0fa1-4d95-bee0-aba8b8c33add" />
    <UnitTestResult executionId="ee3a97fb-bef4-4763-86c7-5f9da845978d" testId="6422b942-3e12-a46d-3575-0576c2a2434a" testName="TestConstructorWithNullValues" computerName="DKSR-EFI-04" duration="00:00:00.0031779" startTime="2023-12-22T09:34:32.7409236+01:00" endTime="2023-12-22T09:34:32.7409236+01:00" testType="13cdc9d9-ddb5-4fa4-a97d-d965ccfc6d4b" outcome="Passed" testListId="8c84fa94-04c1-424b-9868-57a2d4851a1d" relativeResultsDirectory="ee3a97fb-bef4-4763-86c7-5f9da845978d" />
    <UnitTestResult executionId="9f462b18-5f66-4789-b63c-f944ab8de687" testId="b729c544-ff94-b88c-81d9-2769a166e5be" testName="TestGetPlugInItemChangesWithNegativeTimeout" computerName="DKSR-EFI-04" duration="00:00:00.0035623" startTime="2023-12-22T09:34:31.8659189+01:00" endTime="2023-12-22T09:34:31.8659189+01:00" testType="13cdc9d9-ddb5-4fa4-a97d-d965ccfc6d4b" outcome="Passed" testListId="8c84fa94-04c1-424b-9868-57a2d4851a1d" relativeResultsDirectory="9f462b18-5f66-4789-b63c-f944ab8de687" />
    <UnitTestResult executionId="a9888bb9-2480-4dc2-a482-dc68a3066354" testId="a95aec13-522b-72a2-0083-da69d3c98bc5" testName="EventConverter_ParseMetadata_EventName_Null" computerName="DKSR-EFI-04" duration="00:00:00.0049235" startTime="2023-12-22T09:34:39.2878313+01:00" endTime="2023-12-22T09:34:39.2878313+01:00" testType="13cdc9d9-ddb5-4fa4-a97d-d965ccfc6d4b" outcome="Passed" testListId="8c84fa94-04c1-424b-9868-57a2d4851a1d" relativeResultsDirectory="a9888bb9-2480-4dc2-a482-dc68a3066354" />
    <UnitTestResult executionId="fc7fd6bd-18dd-409f-bdb8-3d12b5ac35d8" testId="610f9de5-1a8b-0485-3547-74b0599f2c6c" testName="TestGetPlugInsWithValidParameters" computerName="DKSR-EFI-04" duration="00:00:00.0037559" startTime="2023-12-22T09:34:31.1471646+01:00" endTime="2023-12-22T09:34:31.1471646+01:00" testType="13cdc9d9-ddb5-4fa4-a97d-d965ccfc6d4b" outcome="Passed" testListId="8c84fa94-04c1-424b-9868-57a2d4851a1d" relativeResultsDirectory="fc7fd6bd-18dd-409f-bdb8-3d12b5ac35d8" />
    <UnitTestResult executionId="53c9bc97-91dc-4d27-b89d-6539dad5f46d" testId="17e1f8d8-ff47-33db-efc4-da6813ccc726" testName="ToEventCreatesEventWithProperValuesWhenInvoked" computerName="DKSR-EFI-04" duration="00:00:00.0362275" startTime="2023-12-22T09:34:40.5065872+01:00" endTime="2023-12-22T09:34:40.5378388+01:00" testType="13cdc9d9-ddb5-4fa4-a97d-d965ccfc6d4b" outcome="Passed" testListId="8c84fa94-04c1-424b-9868-57a2d4851a1d" relativeResultsDirectory="53c9bc97-91dc-4d27-b89d-6539dad5f46d" />
    <UnitTestResult executionId="88f049b0-5c8f-4b73-aff8-b667a99f2518" testId="2c8a1d5b-0028-9f0a-8011-ed24ab9ceeae" testName="TestLoadXMLWithNoParametersCorrect" computerName="DKSR-EFI-04" duration="00:00:00.0004051" startTime="2023-12-22T09:34:38.3972042+01:00" endTime="2023-12-22T09:34:38.3972042+01:00" testType="13cdc9d9-ddb5-4fa4-a97d-d965ccfc6d4b" outcome="Passed" testListId="8c84fa94-04c1-424b-9868-57a2d4851a1d" relativeResultsDirectory="88f049b0-5c8f-4b73-aff8-b667a99f2518" />
    <UnitTestResult executionId="fffcdffa-3d60-4fed-9708-0b029311b627" testId="e9da0761-f34e-54da-195e-48388de70405" testName="TestGetDataUsingCache" computerName="DKSR-EFI-04" duration="00:00:00.1280067" startTime="2023-12-22T09:34:27.3033955+01:00" endTime="2023-12-22T09:34:27.4283975+01:00" testType="13cdc9d9-ddb5-4fa4-a97d-d965ccfc6d4b" outcome="Passed" testListId="8c84fa94-04c1-424b-9868-57a2d4851a1d" relativeResultsDirectory="fffcdffa-3d60-4fed-9708-0b029311b627" />
    <UnitTestResult executionId="de025836-9d75-44f5-8809-71ea716a89f6" testId="0072b67a-0d5c-e249-e1c3-0734c91de716" testName="FetchCache_ShouldAddUserToTheCache_IfUserIsWindowsUser" computerName="DKSR-EFI-04" duration="00:00:00.2051405" startTime="2023-12-22T09:34:23.0221262+01:00" endTime="2023-12-22T09:34:23.2252517+01:00" testType="13cdc9d9-ddb5-4fa4-a97d-d965ccfc6d4b" outcome="Passed" testListId="8c84fa94-04c1-424b-9868-57a2d4851a1d" relativeResultsDirectory="de025836-9d75-44f5-8809-71ea716a89f6" />
    <UnitTestResult executionId="f7509d57-04bb-4a7e-9e4a-2e2dca55c3fe" testId="9110ac03-e549-509b-3bb4-cd591764d1a4" testName="FeatureManager_NullSqlConnectionStorage_Throws_ArgumentNullException" computerName="DKSR-EFI-04" duration="00:00:00.0020005" startTime="2023-12-22T09:34:27.7252730+01:00" endTime="2023-12-22T09:34:27.7408976+01:00" testType="13cdc9d9-ddb5-4fa4-a97d-d965ccfc6d4b" outcome="Passed" testListId="8c84fa94-04c1-424b-9868-57a2d4851a1d" relativeResultsDirectory="f7509d57-04bb-4a7e-9e4a-2e2dca55c3fe" />
    <UnitTestResult executionId="9ff93023-157f-4049-849e-f543b9782d4c" testId="ff715d4c-23d5-4773-66a5-38b9a7bdf442" testName="TestOneACSystemPLSupportedNoSession" computerName="DKSR-EFI-04" duration="00:00:00.0028651" startTime="2023-12-22T09:34:39.8190848+01:00" endTime="2023-12-22T09:34:39.8190848+01:00" testType="13cdc9d9-ddb5-4fa4-a97d-d965ccfc6d4b" outcome="Passed" testListId="8c84fa94-04c1-424b-9868-57a2d4851a1d" relativeResultsDirectory="9ff93023-157f-4049-849e-f543b9782d4c" />
    <UnitTestResult executionId="93a31122-3f15-4c3d-ae94-ca4e6a16c8d0" testId="2d346b95-3c07-f0a0-419d-2cb7817a1d00" testName="TestGetPlugInItemsWithNoItemsAndDeleted" computerName="DKSR-EFI-04" duration="00:00:00.0151624" startTime="2023-12-22T09:34:33.1002997+01:00" endTime="2023-12-22T09:34:33.1159246+01:00" testType="13cdc9d9-ddb5-4fa4-a97d-d965ccfc6d4b" outcome="Passed" testListId="8c84fa94-04c1-424b-9868-57a2d4851a1d" relativeResultsDirectory="93a31122-3f15-4c3d-ae94-ca4e6a16c8d0" />
    <UnitTestResult executionId="4d0f53ba-bfe3-45a2-af16-fb01a21331a2" testId="6e7a7fc2-9543-cbf0-5e34-48c99ec5d8fc" testName="TestConstructorWithFactory" computerName="DKSR-EFI-04" duration="00:00:00.0108692" startTime="2023-12-22T09:34:33.6315528+01:00" endTime="2023-12-22T09:34:33.6315528+01:00" testType="13cdc9d9-ddb5-4fa4-a97d-d965ccfc6d4b" outcome="Passed" testListId="8c84fa94-04c1-424b-9868-57a2d4851a1d" relativeResultsDirectory="4d0f53ba-bfe3-45a2-af16-fb01a21331a2" />
    <UnitTestResult executionId="45c51874-6a9e-4adf-8870-a1c83ba26956" testId="da90b5b7-436f-4d9a-21a8-393e3267f2dd" testName="EventIdListTest_GetInstance_Success" computerName="DKSR-EFI-04" duration="00:00:00.0001155" startTime="2023-12-22T09:34:40.6315876+01:00" endTime="2023-12-22T09:34:40.6315876+01:00" testType="13cdc9d9-ddb5-4fa4-a97d-d965ccfc6d4b" outcome="Passed" testListId="8c84fa94-04c1-424b-9868-57a2d4851a1d" relativeResultsDirectory="45c51874-6a9e-4adf-8870-a1c83ba26956" />
    <UnitTestResult executionId="85f001fa-af0e-45ca-944a-ae8ffe56f28c" testId="fffaf3af-f15f-343b-4823-2c2c916f0e08" testName="TestSetVisualizationWithInvalidUser" computerName="DKSR-EFI-04" duration="00:00:00.0042241" startTime="2023-12-22T09:34:28.8971526+01:00" endTime="2023-12-22T09:34:28.8971526+01:00" testType="13cdc9d9-ddb5-4fa4-a97d-d965ccfc6d4b" outcome="Passed" testListId="8c84fa94-04c1-424b-9868-57a2d4851a1d" relativeResultsDirectory="85f001fa-af0e-45ca-944a-ae8ffe56f28c" />
    <UnitTestResult executionId="3e30985b-8d81-479e-becd-b335555b9d41" testId="30df2146-14a7-8ce2-c6a0-f56527a03154" testName="EventConverter_ParseMetadata_Metadata_Non_Guid_DeviceId" computerName="DKSR-EFI-04" duration="00:00:00.0014396" startTime="2023-12-22T09:34:39.3191224+01:00" endTime="2023-12-22T09:34:39.3191224+01:00" testType="13cdc9d9-ddb5-4fa4-a97d-d965ccfc6d4b" outcome="Passed" testListId="8c84fa94-04c1-424b-9868-57a2d4851a1d" relativeResultsDirectory="3e30985b-8d81-479e-becd-b335555b9d41" />
    <UnitTestResult executionId="614e81f4-f5e3-4045-9d6a-cb493b92447d" testId="a9129bc8-a37f-1926-b7d2-382b9df7e228" testName="TestActionCommandCredentialsConfigurationChangedInvalidUser" computerName="DKSR-EFI-04" duration="00:00:00.0015390" startTime="2023-12-22T09:34:39.0378320+01:00" endTime="2023-12-22T09:34:39.0378320+01:00" testType="13cdc9d9-ddb5-4fa4-a97d-d965ccfc6d4b" outcome="Passed" testListId="8c84fa94-04c1-424b-9868-57a2d4851a1d" relativeResultsDirectory="614e81f4-f5e3-4045-9d6a-cb493b92447d" />
    <UnitTestResult executionId="e8348987-1204-4896-9770-bd5a7c2dce59" testId="b335820a-7104-d5ea-9cc3-885bd58666ec" testName="TestActivatePlugInActionThrowingUnhandledException" computerName="DKSR-EFI-04" duration="00:00:00.0055116" startTime="2023-12-22T09:34:31.2096660+01:00" endTime="2023-12-22T09:34:31.2252912+01:00" testType="13cdc9d9-ddb5-4fa4-a97d-d965ccfc6d4b" outcome="Passed" testListId="8c84fa94-04c1-424b-9868-57a2d4851a1d" relativeResultsDirectory="e8348987-1204-4896-9770-bd5a7c2dce59" />
    <UnitTestResult executionId="9adafa74-e4f4-4aa8-867b-4e07f43f11ed" testId="d8f8eb56-2b15-eb7e-8712-bb04521f6286" testName="TestGet" computerName="DKSR-EFI-04" duration="00:00:00.0048965" startTime="2023-12-22T09:34:32.2096703+01:00" endTime="2023-12-22T09:34:32.2096703+01:00" testType="13cdc9d9-ddb5-4fa4-a97d-d965ccfc6d4b" outcome="Passed" testListId="8c84fa94-04c1-424b-9868-57a2d4851a1d" relativeResultsDirectory="9adafa74-e4f4-4aa8-867b-4e07f43f11ed" />
    <UnitTestResult executionId="14d1035a-bf5f-44bc-b567-313eeafed516" testId="2b41abb9-682a-bffc-6ee0-3a53e366e2eb" testName="TestItemAddedWithWrongType" computerName="DKSR-EFI-04" duration="00:00:00.0032706" startTime="2023-12-22T09:34:33.7096794+01:00" endTime="2023-12-22T09:34:33.7096794+01:00" testType="13cdc9d9-ddb5-4fa4-a97d-d965ccfc6d4b" outcome="Passed" testListId="8c84fa94-04c1-424b-9868-57a2d4851a1d" relativeResultsDirectory="14d1035a-bf5f-44bc-b567-313eeafed516" />
    <UnitTestResult executionId="60eaf10e-0c8f-4f8f-bb58-9ba2e38c5cd5" testId="627d6085-bf48-c781-4c08-b2437a409111" testName="TestUpdateElementDisplayXmlWithOwnerElement" computerName="DKSR-EFI-04" duration="00:00:00.0041961" startTime="2023-12-22T09:34:35.2565598+01:00" endTime="2023-12-22T09:34:35.2565598+01:00" testType="13cdc9d9-ddb5-4fa4-a97d-d965ccfc6d4b" outcome="Passed" testListId="8c84fa94-04c1-424b-9868-57a2d4851a1d" relativeResultsDirectory="60eaf10e-0c8f-4f8f-bb58-9ba2e38c5cd5" />
    <UnitTestResult executionId="ce7743b7-1428-4330-b5e0-d63c654dbd6f" testId="5d512a31-7034-d4f2-c64d-c94b7792c734" testName="TestUpdateNameThrowingUnhandledException" computerName="DKSR-EFI-04" duration="00:00:00.0030141" startTime="2023-12-22T09:34:31.7877910+01:00" endTime="2023-12-22T09:34:31.7877910+01:00" testType="13cdc9d9-ddb5-4fa4-a97d-d965ccfc6d4b" outcome="Passed" testListId="8c84fa94-04c1-424b-9868-57a2d4851a1d" relativeResultsDirectory="ce7743b7-1428-4330-b5e0-d63c654dbd6f" />
    <UnitTestResult executionId="ac0c5dc2-9219-43c0-abb0-2ca48387889a" testId="9ca330db-b2de-6fd8-4a31-28b777299130" testName="WebServiceCommandBaseTest_Constructor_Success" computerName="DKSR-EFI-04" duration="00:00:00.0203162" startTime="2023-12-22T09:34:38.9440787+01:00" endTime="2023-12-22T09:34:38.9597066+01:00" testType="13cdc9d9-ddb5-4fa4-a97d-d965ccfc6d4b" outcome="Passed" testListId="8c84fa94-04c1-424b-9868-57a2d4851a1d" relativeResultsDirectory="ac0c5dc2-9219-43c0-abb0-2ca48387889a" />
    <UnitTestResult executionId="6ef777d1-7c2c-4fc5-b881-2ad8123860cf" testId="a289a6a0-6040-4bc9-9774-69d4debbe7df" testName="EventConverter_ParseMetadata_Metadata_Non_Guid_DeviceGroupId" computerName="DKSR-EFI-04" duration="00:00:00.0014632" startTime="2023-12-22T09:34:39.3191224+01:00" endTime="2023-12-22T09:34:39.3347077+01:00" testType="13cdc9d9-ddb5-4fa4-a97d-d965ccfc6d4b" outcome="Passed" testListId="8c84fa94-04c1-424b-9868-57a2d4851a1d" relativeResultsDirectory="6ef777d1-7c2c-4fc5-b881-2ad8123860cf" />
    <UnitTestResult executionId="dfdd289d-a3fe-4114-aade-21b036f72d0e" testId="b9de5487-3d39-f56d-886b-071337ca9235" testName="TestGetStatusForAllObjectsOfType" computerName="DKSR-EFI-04" duration="00:00:00.0079994" startTime="2023-12-22T09:34:28.0221489+01:00" endTime="2023-12-22T09:34:28.0377729+01:00" testType="13cdc9d9-ddb5-4fa4-a97d-d965ccfc6d4b" outcome="Passed" testListId="8c84fa94-04c1-424b-9868-57a2d4851a1d" relativeResultsDirectory="dfdd289d-a3fe-4114-aade-21b036f72d0e" />
    <UnitTestResult executionId="1c4d7898-f9ac-47bc-b370-a4eaed886433" testId="20683c07-dc9a-b552-b0e4-565a2c613275" testName="TestGetPlugInItemsThrowingUnhandledException" computerName="DKSR-EFI-04" duration="00:00:00.0041934" startTime="2023-12-22T09:34:30.7721660+01:00" endTime="2023-12-22T09:34:30.7721660+01:00" testType="13cdc9d9-ddb5-4fa4-a97d-d965ccfc6d4b" outcome="Passed" testListId="8c84fa94-04c1-424b-9868-57a2d4851a1d" relativeResultsDirectory="1c4d7898-f9ac-47bc-b370-a4eaed886433" />
    <UnitTestResult executionId="844f7239-0d3e-48f6-b569-3eec46d7bf4d" testId="4c1d0938-3401-b57b-6c6c-32b736f641d4" testName="TestDescriptionWithNoMapPlugInType" computerName="DKSR-EFI-04" duration="00:00:00.0001398" startTime="2023-12-22T09:34:33.6784276+01:00" endTime="2023-12-22T09:34:33.6784276+01:00" testType="13cdc9d9-ddb5-4fa4-a97d-d965ccfc6d4b" outcome="Passed" testListId="8c84fa94-04c1-424b-9868-57a2d4851a1d" relativeResultsDirectory="844f7239-0d3e-48f6-b569-3eec46d7bf4d" />
    <UnitTestResult executionId="20e90027-e4c6-4c6a-b2f3-ba6f5d80d394" testId="481403c4-1fb6-c6a5-a156-1f4ba1ff1ed0" testName="TestGetItemStatusDetails" computerName="DKSR-EFI-04" duration="00:00:00.0046137" startTime="2023-12-22T09:34:33.6159253+01:00" endTime="2023-12-22T09:34:33.6159253+01:00" testType="13cdc9d9-ddb5-4fa4-a97d-d965ccfc6d4b" outcome="Passed" testListId="8c84fa94-04c1-424b-9868-57a2d4851a1d" relativeResultsDirectory="20e90027-e4c6-4c6a-b2f3-ba6f5d80d394" />
    <UnitTestResult executionId="52c41b9f-6f48-438d-aa92-9439e740823e" testId="694f9361-5199-cee3-97fa-4b7874384fa3" testName="TestConstructor" computerName="DKSR-EFI-04" duration="00:00:00.0292729" startTime="2023-12-22T09:34:27.9127747+01:00" endTime="2023-12-22T09:34:27.9283982+01:00" testType="13cdc9d9-ddb5-4fa4-a97d-d965ccfc6d4b" outcome="Passed" testListId="8c84fa94-04c1-424b-9868-57a2d4851a1d" relativeResultsDirectory="52c41b9f-6f48-438d-aa92-9439e740823e" />
    <UnitTestResult executionId="621b0d9d-b724-4562-acfe-4e33b429bec8" testId="39c30b41-7533-0217-9e2f-38f551adf1cf" testName="TestInsertElements" computerName="DKSR-EFI-04" duration="00:00:00.0080650" startTime="2023-12-22T09:34:35.8659378+01:00" endTime="2023-12-22T09:34:35.8659378+01:00" testType="13cdc9d9-ddb5-4fa4-a97d-d965ccfc6d4b" outcome="Passed" testListId="8c84fa94-04c1-424b-9868-57a2d4851a1d" relativeResultsDirectory="621b0d9d-b724-4562-acfe-4e33b429bec8" />
    <UnitTestResult executionId="bfa0091e-1c75-4a6e-b328-e16fc5948e23" testId="c77b71b2-995b-c5bf-2b47-cce0693c6383" testName="TestItemsWithItemIdsMixed" computerName="DKSR-EFI-04" duration="00:00:00.0030800" startTime="2023-12-22T09:34:33.8034282+01:00" endTime="2023-12-22T09:34:33.8034282+01:00" testType="13cdc9d9-ddb5-4fa4-a97d-d965ccfc6d4b" outcome="Passed" testListId="8c84fa94-04c1-424b-9868-57a2d4851a1d" relativeResultsDirectory="bfa0091e-1c75-4a6e-b328-e16fc5948e23" />
    <UnitTestResult executionId="18913231-9525-4344-8aed-f37cf3a77ef9" testId="76e44b8c-d5f7-58a2-0358-20e726785cc4" testName="TestActivatePlugInActionWithInvalidUser" computerName="DKSR-EFI-04" duration="00:00:00.0026594" startTime="2023-12-22T09:34:30.8346633+01:00" endTime="2023-12-22T09:34:30.8346633+01:00" testType="13cdc9d9-ddb5-4fa4-a97d-d965ccfc6d4b" outcome="Passed" testListId="8c84fa94-04c1-424b-9868-57a2d4851a1d" relativeResultsDirectory="18913231-9525-4344-8aed-f37cf3a77ef9" />
    <UnitTestResult executionId="77d4c6c3-c175-4c01-a5b5-579b32ff7898" testId="93bf2ce8-97d0-81d1-81a6-9c667f394bdb" testName="TestGetAllObjectsOnVisualElementWithValidParameters" computerName="DKSR-EFI-04" duration="00:00:00.0034180" startTime="2023-12-22T09:34:31.0377898+01:00" endTime="2023-12-22T09:34:31.0534138+01:00" testType="13cdc9d9-ddb5-4fa4-a97d-d965ccfc6d4b" outcome="Passed" testListId="8c84fa94-04c1-424b-9868-57a2d4851a1d" relativeResultsDirectory="77d4c6c3-c175-4c01-a5b5-579b32ff7898" />
    <UnitTestResult executionId="4cbb2e86-3e53-4927-818a-178206e5f4b3" testId="ec61fe7d-f8a9-0469-b26a-d2c1cf831a20" testName="GetPlugIns_WithValidParameters" computerName="DKSR-EFI-04" duration="00:00:00.0041777" startTime="2023-12-22T09:34:31.8346674+01:00" endTime="2023-12-22T09:34:31.8346674+01:00" testType="13cdc9d9-ddb5-4fa4-a97d-d965ccfc6d4b" outcome="Passed" testListId="8c84fa94-04c1-424b-9868-57a2d4851a1d" relativeResultsDirectory="4cbb2e86-3e53-4927-818a-178206e5f4b3" />
    <UnitTestResult executionId="ebeef13a-92b6-48c4-98aa-164c649014eb" testId="ca460ab7-0633-570a-3f65-82ba50f53cf4" testName="TestActionHandlerStopNotStarted" computerName="DKSR-EFI-04" duration="00:00:00.0014393" startTime="2023-12-22T09:34:38.7878286+01:00" endTime="2023-12-22T09:34:38.8034530+01:00" testType="13cdc9d9-ddb5-4fa4-a97d-d965ccfc6d4b" outcome="Passed" testListId="8c84fa94-04c1-424b-9868-57a2d4851a1d" relativeResultsDirectory="ebeef13a-92b6-48c4-98aa-164c649014eb" />
    <UnitTestResult executionId="40d9303d-3277-43e3-889a-13065254326c" testId="879731f1-353a-3b22-6dec-b9ebe4b6f04c" testName="IEventReceiver_ReceiveEvents_WhenSubscribed" computerName="DKSR-EFI-04" duration="00:00:00.0082549" startTime="2023-12-22T09:34:40.5690893+01:00" endTime="2023-12-22T09:34:40.5847135+01:00" testType="13cdc9d9-ddb5-4fa4-a97d-d965ccfc6d4b" outcome="Passed" testListId="8c84fa94-04c1-424b-9868-57a2d4851a1d" relativeResultsDirectory="40d9303d-3277-43e3-889a-13065254326c" />
    <UnitTestResult executionId="20c33b90-f08f-40f3-baaf-15524aa2e440" testId="862c0172-86db-d049-84e9-0bedb2d2bc07" testName="TestRemoveElementAndChildElementsNonRecursiveWithTwoDifferenRelations" computerName="DKSR-EFI-04" duration="00:00:00.0082511" startTime="2023-12-22T09:34:36.9128187+01:00" endTime="2023-12-22T09:34:36.9128187+01:00" testType="13cdc9d9-ddb5-4fa4-a97d-d965ccfc6d4b" outcome="Passed" testListId="8c84fa94-04c1-424b-9868-57a2d4851a1d" relativeResultsDirectory="20c33b90-f08f-40f3-baaf-15524aa2e440" />
    <UnitTestResult executionId="e43c5d2d-e221-4748-8ee8-16f14df3342d" testId="ad7aea32-1690-1791-793b-b9745ed661e9" testName="TestLoadAndInitDoubleACPluginConfiguration" computerName="DKSR-EFI-04" duration="00:00:00.0205767" startTime="2023-12-22T09:34:44.5847339+01:00" endTime="2023-12-22T09:34:44.6003608+01:00" testType="13cdc9d9-ddb5-4fa4-a97d-d965ccfc6d4b" outcome="Passed" testListId="8c84fa94-04c1-424b-9868-57a2d4851a1d" relativeResultsDirectory="e43c5d2d-e221-4748-8ee8-16f14df3342d" />
    <UnitTestResult executionId="5bbb1b34-0ebc-42a7-8aba-dff21721ea94" testId="efb8c50b-ed0d-ed7a-3651-6dacba1bc765" testName="TestGetVisualizationChangesThrowingUnhandledException" computerName="DKSR-EFI-04" duration="00:00:00.0027814" startTime="2023-12-22T09:34:28.7721534+01:00" endTime="2023-12-22T09:34:28.7721534+01:00" testType="13cdc9d9-ddb5-4fa4-a97d-d965ccfc6d4b" outcome="Passed" testListId="8c84fa94-04c1-424b-9868-57a2d4851a1d" relativeResultsDirectory="5bbb1b34-0ebc-42a7-8aba-dff21721ea94" />
    <UnitTestResult executionId="73167b25-d350-43ac-be94-967e92c7d0f7" testId="e189c542-bfd9-e0c5-f53f-47ea5e2b3951" testName="Encrypt_ShouldRaiseArgumentNullException_WhenUnencryptedValueIsNull" computerName="DKSR-EFI-04" duration="00:00:00.0090020" startTime="2023-12-22T09:34:39.9909589+01:00" endTime="2023-12-22T09:34:40.0065853+01:00" testType="13cdc9d9-ddb5-4fa4-a97d-d965ccfc6d4b" outcome="Passed" testListId="8c84fa94-04c1-424b-9868-57a2d4851a1d" relativeResultsDirectory="73167b25-d350-43ac-be94-967e92c7d0f7" />
    <UnitTestResult executionId="29c3cede-7fba-4c6f-aa99-dac1b1396612" testId="301e1f2d-d1d4-56d4-fc38-da7889d0bf5e" testName="TestInitalizationWithBuildInTypeGuid" computerName="DKSR-EFI-04" duration="00:00:00.0034520" startTime="2023-12-22T09:34:32.6471726+01:00" endTime="2023-12-22T09:34:32.6471726+01:00" testType="13cdc9d9-ddb5-4fa4-a97d-d965ccfc6d4b" outcome="Passed" testListId="8c84fa94-04c1-424b-9868-57a2d4851a1d" relativeResultsDirectory="29c3cede-7fba-4c6f-aa99-dac1b1396612" />
    <UnitTestResult executionId="09334a32-48e9-48c4-b89b-28ca1600d88b" testId="7cec8bc4-c627-956e-ae64-773b23a815c2" testName="TestActionHandlerStop" computerName="DKSR-EFI-04" duration="00:00:00.0071946" startTime="2023-12-22T09:34:38.8034530+01:00" endTime="2023-12-22T09:34:38.8034530+01:00" testType="13cdc9d9-ddb5-4fa4-a97d-d965ccfc6d4b" outcome="Passed" testListId="8c84fa94-04c1-424b-9868-57a2d4851a1d" relativeResultsDirectory="09334a32-48e9-48c4-b89b-28ca1600d88b" />
    <UnitTestResult executionId="15815f54-d1ba-4a22-b726-eb7853b16d2e" testId="f914520d-69ec-5ce6-58da-0eda15baf7b9" testName="TestGetObjectsWithinGPSAreaThrowingUnhandledException" computerName="DKSR-EFI-04" duration="00:00:00.0034652" startTime="2023-12-22T09:34:30.3815348+01:00" endTime="2023-12-22T09:34:30.3815348+01:00" testType="13cdc9d9-ddb5-4fa4-a97d-d965ccfc6d4b" outcome="Passed" testListId="8c84fa94-04c1-424b-9868-57a2d4851a1d" relativeResultsDirectory="15815f54-d1ba-4a22-b726-eb7853b16d2e" />
    <UnitTestResult executionId="7a12efab-a266-45e2-8a74-aee993e4d6c9" testId="fafe1e8b-9920-8e35-4aa7-745a0e0735b3" testName="TestDeleteObjectsWithInvalidUser" computerName="DKSR-EFI-04" duration="00:00:00.0024520" startTime="2023-12-22T09:34:31.6159188+01:00" endTime="2023-12-22T09:34:31.6315427+01:00" testType="13cdc9d9-ddb5-4fa4-a97d-d965ccfc6d4b" outcome="Passed" testListId="8c84fa94-04c1-424b-9868-57a2d4851a1d" relativeResultsDirectory="7a12efab-a266-45e2-8a74-aee993e4d6c9" />
    <UnitTestResult executionId="e0b81e23-ad41-4342-9992-40c1db313d35" testId="19f97e95-056a-35ca-4658-302b22e30358" testName="GetStatus_ThrowsFaultException_WhenVisualElementStatusIdIsInvalid" computerName="DKSR-EFI-04" duration="00:00:00.0030026" startTime="2023-12-22T09:34:30.0846578+01:00" endTime="2023-12-22T09:34:30.1002852+01:00" testType="13cdc9d9-ddb5-4fa4-a97d-d965ccfc6d4b" outcome="Passed" testListId="8c84fa94-04c1-424b-9868-57a2d4851a1d" relativeResultsDirectory="e0b81e23-ad41-4342-9992-40c1db313d35" />
    <UnitTestResult executionId="45b658d2-d18d-4c7b-b520-c8f7bea9fd84" testId="4410ae7f-43aa-eb44-1b4e-81bba6a15a39" testName="TestRemoveElementAndChildElementsWithTwoHotzonesToSameMap" computerName="DKSR-EFI-04" duration="00:00:00.0200103" startTime="2023-12-22T09:34:37.0690699+01:00" endTime="2023-12-22T09:34:37.0846938+01:00" testType="13cdc9d9-ddb5-4fa4-a97d-d965ccfc6d4b" outcome="Passed" testListId="8c84fa94-04c1-424b-9868-57a2d4851a1d" relativeResultsDirectory="45b658d2-d18d-4c7b-b520-c8f7bea9fd84" />
    <UnitTestResult executionId="0dc613c5-2aec-4acd-a53c-d61a7ee0c35f" testId="2f6d1302-17e2-6a1b-218f-11f673266c76" testName="Constructor_ShouldThrowArgumentNullException_WhenAuditLoggerIsNull" computerName="DKSR-EFI-04" duration="00:00:00.0159901" startTime="2023-12-22T09:34:40.9909653+01:00" endTime="2023-12-22T09:34:41.0065902+01:00" testType="13cdc9d9-ddb5-4fa4-a97d-d965ccfc6d4b" outcome="Passed" testListId="8c84fa94-04c1-424b-9868-57a2d4851a1d" relativeResultsDirectory="0dc613c5-2aec-4acd-a53c-d61a7ee0c35f" />
    <UnitTestResult executionId="ed69234c-fd24-43ca-a202-b61c0a45fd7a" testId="5cff4ec6-47fc-95f2-23f2-32c6a732ef88" testName="TestUpdateBoundsThrowingUnhandledException" computerName="DKSR-EFI-04" duration="00:00:00.0042768" startTime="2023-12-22T09:34:30.9752886+01:00" endTime="2023-12-22T09:34:30.9909140+01:00" testType="13cdc9d9-ddb5-4fa4-a97d-d965ccfc6d4b" outcome="Passed" testListId="8c84fa94-04c1-424b-9868-57a2d4851a1d" relativeResultsDirectory="ed69234c-fd24-43ca-a202-b61c0a45fd7a" />
    <UnitTestResult executionId="b9558cb1-cd42-40a9-aeee-75931b04be94" testId="f84268a3-d107-9fe2-639b-5219dc4b85d1" testName="TestShutdown" computerName="DKSR-EFI-04" duration="00:00:00.0065245" startTime="2023-12-22T09:34:32.6471726+01:00" endTime="2023-12-22T09:34:32.6627997+01:00" testType="13cdc9d9-ddb5-4fa4-a97d-d965ccfc6d4b" outcome="Passed" testListId="8c84fa94-04c1-424b-9868-57a2d4851a1d" relativeResultsDirectory="b9558cb1-cd42-40a9-aeee-75931b04be94" />
    <UnitTestResult executionId="5f1fc9c7-6bcf-4ba2-87c3-8e0e58a28652" testId="3fa55667-086b-69ce-de5e-39864f868468" testName="TestLoadXMLWithNoInnerText" computerName="DKSR-EFI-04" duration="00:00:00.0004250" startTime="2023-12-22T09:34:38.3972042+01:00" endTime="2023-12-22T09:34:38.3972042+01:00" testType="13cdc9d9-ddb5-4fa4-a97d-d965ccfc6d4b" outcome="Passed" testListId="8c84fa94-04c1-424b-9868-57a2d4851a1d" relativeResultsDirectory="5f1fc9c7-6bcf-4ba2-87c3-8e0e58a28652" />
    <UnitTestResult executionId="ef17affb-9344-4fb4-83dd-dd7be9764a33" testId="eadbb5f9-fc4e-3847-f8a1-9c5f3da99658" testName="TestItemDeleted" computerName="DKSR-EFI-04" duration="00:00:00.0014336" startTime="2023-12-22T09:34:33.7409285+01:00" endTime="2023-12-22T09:34:33.7409285+01:00" testType="13cdc9d9-ddb5-4fa4-a97d-d965ccfc6d4b" outcome="Passed" testListId="8c84fa94-04c1-424b-9868-57a2d4851a1d" relativeResultsDirectory="ef17affb-9344-4fb4-83dd-dd7be9764a33" />
    <UnitTestResult executionId="7f3c2575-d786-4342-b16f-4e99ce864b73" testId="b75eadaf-ca79-0fa3-f481-7827d3fdbfc2" testName="TestLogoutThrowingUnhandledException" computerName="DKSR-EFI-04" duration="00:00:00.0028347" startTime="2023-12-22T09:34:31.6627924+01:00" endTime="2023-12-22T09:34:31.6627924+01:00" testType="13cdc9d9-ddb5-4fa4-a97d-d965ccfc6d4b" outcome="Passed" testListId="8c84fa94-04c1-424b-9868-57a2d4851a1d" relativeResultsDirectory="7f3c2575-d786-4342-b16f-4e99ce864b73" />
    <UnitTestResult executionId="f996026d-a88e-4ada-be1d-61f61720e8c9" testId="d221b392-2f8f-4661-b81b-eb0b5b60e13d" testName="TestAcknowledgeMultipleAlarms" computerName="DKSR-EFI-04" duration="00:00:00.0054746" startTime="2023-12-22T09:34:32.3659196+01:00" endTime="2023-12-22T09:34:32.3659196+01:00" testType="13cdc9d9-ddb5-4fa4-a97d-d965ccfc6d4b" outcome="Passed" testListId="8c84fa94-04c1-424b-9868-57a2d4851a1d" relativeResultsDirectory="f996026d-a88e-4ada-be1d-61f61720e8c9" />
    <UnitTestResult executionId="3139652b-19ae-4ca9-90eb-fdd76c562d69" testId="024a2dec-1dd7-470d-fb1d-18125e661d42" testName="DeleteSuppressStatusItem_DeletesTheExistingItem" computerName="DKSR-EFI-04" duration="00:00:00.0151230" startTime="2023-12-22T09:34:26.8033940+01:00" endTime="2023-12-22T09:34:26.8190192+01:00" testType="13cdc9d9-ddb5-4fa4-a97d-d965ccfc6d4b" outcome="Passed" testListId="8c84fa94-04c1-424b-9868-57a2d4851a1d" relativeResultsDirectory="3139652b-19ae-4ca9-90eb-fdd76c562d69" />
    <UnitTestResult executionId="bc7b1050-4b6e-4303-bc3f-5b133cce4069" testId="edd13736-1fb5-6759-bf44-2515873ea04b" testName="EventConverter_ParseMetadata_Metadata_Unsupported_Key" computerName="DKSR-EFI-04" duration="00:00:00.0073635" startTime="2023-12-22T09:34:39.3034571+01:00" endTime="2023-12-22T09:34:39.3034571+01:00" testType="13cdc9d9-ddb5-4fa4-a97d-d965ccfc6d4b" outcome="Passed" testListId="8c84fa94-04c1-424b-9868-57a2d4851a1d" relativeResultsDirectory="bc7b1050-4b6e-4303-bc3f-5b133cce4069" />
    <UnitTestResult executionId="0b641c70-eafe-49de-a4b1-358e1c78437e" testId="a46dec37-48f1-a3e7-6cbc-ba84823e14e5" testName="TestCacheCleanupSingleSessionMultipleUserIdsTouch" computerName="DKSR-EFI-04" duration="00:00:00.0015693" startTime="2023-12-22T09:34:39.6784590+01:00" endTime="2023-12-22T09:34:39.6784590+01:00" testType="13cdc9d9-ddb5-4fa4-a97d-d965ccfc6d4b" outcome="Passed" testListId="8c84fa94-04c1-424b-9868-57a2d4851a1d" relativeResultsDirectory="0b641c70-eafe-49de-a4b1-358e1c78437e" />
    <UnitTestResult executionId="90e5161f-d97f-47c4-afd2-55c484e058ca" testId="c6a1718e-79da-c7ba-d8ef-6c71af34e3dc" testName="EventToBaseEventMapper_ReturnsBaseEvent_WhenUnknownObjectData" computerName="DKSR-EFI-04" duration="00:00:00.1731844" startTime="2023-12-22T09:34:40.6784641+01:00" endTime="2023-12-22T09:34:40.8659652+01:00" testType="13cdc9d9-ddb5-4fa4-a97d-d965ccfc6d4b" outcome="Passed" testListId="8c84fa94-04c1-424b-9868-57a2d4851a1d" relativeResultsDirectory="90e5161f-d97f-47c4-afd2-55c484e058ca" />
    <UnitTestResult executionId="dae100f9-3655-437f-ac26-76aae3494b74" testId="6b9ac42a-dd9e-2635-2a10-cde6123b9e84" testName="GetStatus_WithNullStatus" computerName="DKSR-EFI-04" duration="00:00:00.0016148" startTime="2023-12-22T09:34:30.0690334+01:00" endTime="2023-12-22T09:34:30.0846578+01:00" testType="13cdc9d9-ddb5-4fa4-a97d-d965ccfc6d4b" outcome="Passed" testListId="8c84fa94-04c1-424b-9868-57a2d4851a1d" relativeResultsDirectory="dae100f9-3655-437f-ac26-76aae3494b74" />
    <UnitTestResult executionId="d2277c11-ac20-440d-8608-39b49f81f0e8" testId="6d3c75aa-64b1-6ada-2a01-e4e42d5cc21c" testName="WebServiceTest_CreateHTTPBinding" computerName="DKSR-EFI-04" duration="00:00:00.0042276" startTime="2023-12-22T09:34:38.9284553+01:00" endTime="2023-12-22T09:34:38.9284553+01:00" testType="13cdc9d9-ddb5-4fa4-a97d-d965ccfc6d4b" outcome="Passed" testListId="8c84fa94-04c1-424b-9868-57a2d4851a1d" relativeResultsDirectory="d2277c11-ac20-440d-8608-39b49f81f0e8" />
    <UnitTestResult executionId="6f4bc772-3e44-4e4e-af00-92375ad4fd0e" testId="b0effa69-0f52-5466-77c3-d4ce8fd9cb15" testName="TestGetVisualizationWithInvalidUser" computerName="DKSR-EFI-04" duration="00:00:00.0039040" startTime="2023-12-22T09:34:29.3502796+01:00" endTime="2023-12-22T09:34:29.3502796+01:00" testType="13cdc9d9-ddb5-4fa4-a97d-d965ccfc6d4b" outcome="Passed" testListId="8c84fa94-04c1-424b-9868-57a2d4851a1d" relativeResultsDirectory="6f4bc772-3e44-4e4e-af00-92375ad4fd0e" />
    <UnitTestResult executionId="c94fbcd6-2a16-40e8-a2d0-96b7c0157111" testId="3c594cc6-ca20-109c-0a05-3b26faf3408d" testName="TestAcknowledgeInvalidToken" computerName="DKSR-EFI-04" duration="00:00:00.0035096" startTime="2023-12-22T09:34:32.3034214+01:00" endTime="2023-12-22T09:34:32.3190478+01:00" testType="13cdc9d9-ddb5-4fa4-a97d-d965ccfc6d4b" outcome="Passed" testListId="8c84fa94-04c1-424b-9868-57a2d4851a1d" relativeResultsDirectory="c94fbcd6-2a16-40e8-a2d0-96b7c0157111" />
    <UnitTestResult executionId="ece1ea3e-186f-417a-893d-be935e40fec4" testId="90647aa5-5f9b-30ce-5932-8d76fe8468b7" testName="TestDeleteObjectsWithInvalidUser" computerName="DKSR-EFI-04" duration="00:00:00.0024603" startTime="2023-12-22T09:34:30.4752866+01:00" endTime="2023-12-22T09:34:30.4752866+01:00" testType="13cdc9d9-ddb5-4fa4-a97d-d965ccfc6d4b" outcome="Passed" testListId="8c84fa94-04c1-424b-9868-57a2d4851a1d" relativeResultsDirectory="ece1ea3e-186f-417a-893d-be935e40fec4" />
    <UnitTestResult executionId="55dd1fed-ef1e-4746-b0ed-c33c812512d3" testId="73753696-2533-9426-cb28-017c160d36af" testName="DeleteObject_WithValidParameters" computerName="DKSR-EFI-04" duration="00:00:00.0038274" startTime="2023-12-22T09:34:31.6002931+01:00" endTime="2023-12-22T09:34:31.6002931+01:00" testType="13cdc9d9-ddb5-4fa4-a97d-d965ccfc6d4b" outcome="Passed" testListId="8c84fa94-04c1-424b-9868-57a2d4851a1d" relativeResultsDirectory="55dd1fed-ef1e-4746-b0ed-c33c812512d3" />
    <UnitTestResult executionId="bc20b8cd-77e2-4b6d-8c9d-e674b2a29fbb" testId="f70c4cdf-d4c9-9cde-60f2-7b3846e100d8" testName="EventConverter_ConvertEventStatusToBaseItem_Success_InternalEvent" computerName="DKSR-EFI-04" duration="00:00:00.0351438" startTime="2023-12-22T09:34:39.1784548+01:00" endTime="2023-12-22T09:34:39.2097067+01:00" testType="13cdc9d9-ddb5-4fa4-a97d-d965ccfc6d4b" outcome="Passed" testListId="8c84fa94-04c1-424b-9868-57a2d4851a1d" relativeResultsDirectory="bc20b8cd-77e2-4b6d-8c9d-e674b2a29fbb" />
    <UnitTestResult executionId="057aa543-240f-409f-b407-80940fa2c809" testId="f1e13469-4053-5591-5108-a4a258598b6c" testName="TestGetIconWithNullData" computerName="DKSR-EFI-04" duration="00:00:00.0008954" startTime="2023-12-22T09:34:33.7565542+01:00" endTime="2023-12-22T09:34:33.7565542+01:00" testType="13cdc9d9-ddb5-4fa4-a97d-d965ccfc6d4b" outcome="Passed" testListId="8c84fa94-04c1-424b-9868-57a2d4851a1d" relativeResultsDirectory="057aa543-240f-409f-b407-80940fa2c809" />
    <UnitTestResult executionId="7a222eac-4b7c-4485-bda2-e842c6c8d18b" testId="e6575729-b3e6-600c-fa38-792f8b23bd68" testName="TestNewObject" computerName="DKSR-EFI-04" duration="00:00:00.0010340" startTime="2023-12-22T09:34:38.4128295+01:00" endTime="2023-12-22T09:34:38.4128295+01:00" testType="13cdc9d9-ddb5-4fa4-a97d-d965ccfc6d4b" outcome="Passed" testListId="8c84fa94-04c1-424b-9868-57a2d4851a1d" relativeResultsDirectory="7a222eac-4b7c-4485-bda2-e842c6c8d18b" />
    <UnitTestResult executionId="9eb6cba7-efad-416f-912e-d4fc618fe7fa" testId="0d08f94e-274d-7901-ebb9-231638e49d24" testName="LookupGroupId_ShouldReturnSystemEventGroup_WhenEventIsInputActivated_AndServerTypeIsXPServer" computerName="DKSR-EFI-04" duration="00:00:00.3687716" startTime="2023-12-22T09:34:41.9440948+01:00" endTime="2023-12-22T09:34:42.3190962+01:00" testType="13cdc9d9-ddb5-4fa4-a97d-d965ccfc6d4b" outcome="Passed" testListId="8c84fa94-04c1-424b-9868-57a2d4851a1d" relativeResultsDirectory="9eb6cba7-efad-416f-912e-d4fc618fe7fa" />
    <UnitTestResult executionId="9aa21771-e1ee-4177-a9f1-f4338c96157c" testId="c7a03a47-4936-1227-da9c-7540f240feb6" testName="TestInProgressAlarms" computerName="DKSR-EFI-04" duration="00:00:00.0008585" startTime="2023-12-22T09:34:38.1003280+01:00" endTime="2023-12-22T09:34:38.1003280+01:00" testType="13cdc9d9-ddb5-4fa4-a97d-d965ccfc6d4b" outcome="Passed" testListId="8c84fa94-04c1-424b-9868-57a2d4851a1d" relativeResultsDirectory="9aa21771-e1ee-4177-a9f1-f4338c96157c" />
    <UnitTestResult executionId="8976af10-937e-4643-9742-aa2267887ab3" testId="47d6cddf-c885-e67b-0599-3e5be2206dbc" testName="TestInsertElementsWithSameRelationIdAsExistingElement" computerName="DKSR-EFI-04" duration="00:00:00.0032708" startTime="2023-12-22T09:34:35.8503126+01:00" endTime="2023-12-22T09:34:35.8503126+01:00" testType="13cdc9d9-ddb5-4fa4-a97d-d965ccfc6d4b" outcome="Passed" testListId="8c84fa94-04c1-424b-9868-57a2d4851a1d" relativeResultsDirectory="8976af10-937e-4643-9742-aa2267887ab3" />
    <UnitTestResult executionId="bf2563af-3042-43b4-95c8-43e697266080" testId="e60106bd-77a3-bab8-cdd0-697b85096b7e" testName="TestSingleSessionMultipleUserIds" computerName="DKSR-EFI-04" duration="00:00:00.0004406" startTime="2023-12-22T09:34:39.6940842+01:00" endTime="2023-12-22T09:34:39.6940842+01:00" testType="13cdc9d9-ddb5-4fa4-a97d-d965ccfc6d4b" outcome="Passed" testListId="8c84fa94-04c1-424b-9868-57a2d4851a1d" relativeResultsDirectory="bf2563af-3042-43b4-95c8-43e697266080" />
    <UnitTestResult executionId="4a0dc1e6-bd89-486d-afd0-f3e7374190fc" testId="3716fbb6-4400-db0e-3fbb-de68de859458" testName="TestUpdateState" computerName="DKSR-EFI-04" duration="00:00:00.0111004" startTime="2023-12-22T09:34:37.5846977+01:00" endTime="2023-12-22T09:34:37.6003224+01:00" testType="13cdc9d9-ddb5-4fa4-a97d-d965ccfc6d4b" outcome="Passed" testListId="8c84fa94-04c1-424b-9868-57a2d4851a1d" relativeResultsDirectory="4a0dc1e6-bd89-486d-afd0-f3e7374190fc" />
    <UnitTestResult executionId="3bcc2f28-4958-4040-9bae-2e49fb13ef52" testId="41475bcb-ef5d-3618-7d1d-5b1438a91061" testName="TestGetConfigurationDataThrowException" computerName="DKSR-EFI-04" duration="00:00:00.0048285" startTime="2023-12-22T09:34:27.5221463+01:00" endTime="2023-12-22T09:34:27.5221463+01:00" testType="13cdc9d9-ddb5-4fa4-a97d-d965ccfc6d4b" outcome="Passed" testListId="8c84fa94-04c1-424b-9868-57a2d4851a1d" relativeResultsDirectory="3bcc2f28-4958-4040-9bae-2e49fb13ef52" />
    <UnitTestResult executionId="9ef67d14-637e-4ad7-b1cd-23ffb3bf954a" testId="2c2042bd-598d-0554-0801-edc0a6538e11" testName="TestConstructor" computerName="DKSR-EFI-04" duration="00:00:00.0016851" startTime="2023-12-22T09:34:37.3346986+01:00" endTime="2023-12-22T09:34:37.3346986+01:00" testType="13cdc9d9-ddb5-4fa4-a97d-d965ccfc6d4b" outcome="Passed" testListId="8c84fa94-04c1-424b-9868-57a2d4851a1d" relativeResultsDirectory="9ef67d14-637e-4ad7-b1cd-23ffb3bf954a" />
    <UnitTestResult executionId="81bcdd51-20be-453b-ba23-e5771efadfaf" testId="d80ebf43-6acb-a308-6cff-a125c5f66c12" testName="TestInsertElementWithTwoRelationsOnSameParentCausingCyclicTree" computerName="DKSR-EFI-04" duration="00:00:00.0120861" startTime="2023-12-22T09:34:35.6940636+01:00" endTime="2023-12-22T09:34:35.7096881+01:00" testType="13cdc9d9-ddb5-4fa4-a97d-d965ccfc6d4b" outcome="Passed" testListId="8c84fa94-04c1-424b-9868-57a2d4851a1d" relativeResultsDirectory="81bcdd51-20be-453b-ba23-e5771efadfaf" />
    <UnitTestResult executionId="01062479-0a99-4e7b-87bb-81a0f1141f76" testId="c0cecc77-98be-30da-2092-70881af7cc87" testName="UpdateObject_WithValidParameters" computerName="DKSR-EFI-04" duration="00:00:00.0043047" startTime="2023-12-22T09:34:31.3659146+01:00" endTime="2023-12-22T09:34:31.3659146+01:00" testType="13cdc9d9-ddb5-4fa4-a97d-d965ccfc6d4b" outcome="Passed" testListId="8c84fa94-04c1-424b-9868-57a2d4851a1d" relativeResultsDirectory="01062479-0a99-4e7b-87bb-81a0f1141f76" />
    <UnitTestResult executionId="2e911b6e-1a03-4084-aa89-f7a00cf1dd61" testId="e0e8441d-eb5c-e1c5-2c54-e78c3cabf79f" testName="TestUpdateElementWithNewUsedRelationIdButOnADifferentServer" computerName="DKSR-EFI-04" duration="00:00:00.0070224" startTime="2023-12-22T09:34:36.0378146+01:00" endTime="2023-12-22T09:34:36.0534408+01:00" testType="13cdc9d9-ddb5-4fa4-a97d-d965ccfc6d4b" outcome="Passed" testListId="8c84fa94-04c1-424b-9868-57a2d4851a1d" relativeResultsDirectory="2e911b6e-1a03-4084-aa89-f7a00cf1dd61" />
    <UnitTestResult executionId="4f711db9-0086-44fd-ab0c-fb2e2c8aeb37" testId="d1f7a5c2-3ee0-b6c4-54cf-c0d5f5f43eb3" testName="TestMarkAsDeleted" computerName="DKSR-EFI-04" duration="00:00:00.0020664" startTime="2023-12-22T09:34:38.2878257+01:00" endTime="2023-12-22T09:34:38.3034508+01:00" testType="13cdc9d9-ddb5-4fa4-a97d-d965ccfc6d4b" outcome="Passed" testListId="8c84fa94-04c1-424b-9868-57a2d4851a1d" relativeResultsDirectory="4f711db9-0086-44fd-ab0c-fb2e2c8aeb37" />
    <UnitTestResult executionId="b443c018-8dc1-4f31-8009-b2408789ff2b" testId="9d4db236-12e8-cf7b-7262-929355f12bd0" testName="TestSetVisualizationThrowingUnhandledException" computerName="DKSR-EFI-04" duration="00:00:00.0038278" startTime="2023-12-22T09:34:29.3346544+01:00" endTime="2023-12-22T09:34:29.3502796+01:00" testType="13cdc9d9-ddb5-4fa4-a97d-d965ccfc6d4b" outcome="Passed" testListId="8c84fa94-04c1-424b-9868-57a2d4851a1d" relativeResultsDirectory="b443c018-8dc1-4f31-8009-b2408789ff2b" />
    <UnitTestResult executionId="c3d87ded-63cf-44d5-89b1-f7d2e02ee059" testId="0fd712d9-59b7-cb04-8840-d908f2765c31" testName="TestGetVisualElementChangesWithInvalidUser" computerName="DKSR-EFI-04" duration="00:00:00.0023754" startTime="2023-12-22T09:34:30.6159124+01:00" endTime="2023-12-22T09:34:30.6159124+01:00" testType="13cdc9d9-ddb5-4fa4-a97d-d965ccfc6d4b" outcome="Passed" testListId="8c84fa94-04c1-424b-9868-57a2d4851a1d" relativeResultsDirectory="c3d87ded-63cf-44d5-89b1-f7d2e02ee059" />
    <UnitTestResult executionId="ab589aea-d339-4bd0-9051-eda2e12f8ac1" testId="2d49bdd7-3559-92cb-5127-2fb8d1c44b38" testName="TestCreateObjectWithServerIDInID" computerName="DKSR-EFI-04" duration="00:00:00.0024474" startTime="2023-12-22T09:34:31.3034143+01:00" endTime="2023-12-22T09:34:31.3034143+01:00" testType="13cdc9d9-ddb5-4fa4-a97d-d965ccfc6d4b" outcome="Passed" testListId="8c84fa94-04c1-424b-9868-57a2d4851a1d" relativeResultsDirectory="ab589aea-d339-4bd0-9051-eda2e12f8ac1" />
    <UnitTestResult executionId="a21cd89f-99e9-44fc-b032-526de59dd129" testId="a8e4de2a-185b-d21a-92b4-a020ccc4cbea" testName="TestGetVisualizationWithInvalidUser" computerName="DKSR-EFI-04" duration="00:00:00.0040258" startTime="2023-12-22T09:34:28.9284051+01:00" endTime="2023-12-22T09:34:28.9440275+01:00" testType="13cdc9d9-ddb5-4fa4-a97d-d965ccfc6d4b" outcome="Passed" testListId="8c84fa94-04c1-424b-9868-57a2d4851a1d" relativeResultsDirectory="a21cd89f-99e9-44fc-b032-526de59dd129" />
    <UnitTestResult executionId="818116d6-1e80-4063-8969-7909ed843e46" testId="6c46d682-68df-98f6-c9c6-516dc2bcccb5" testName="TestCheckAuthorizationWhereCachedItemIsToOld" computerName="DKSR-EFI-04" duration="00:00:00.0119876" startTime="2023-12-22T09:34:39.9440856+01:00" endTime="2023-12-22T09:34:39.9597103+01:00" testType="13cdc9d9-ddb5-4fa4-a97d-d965ccfc6d4b" outcome="Passed" testListId="8c84fa94-04c1-424b-9868-57a2d4851a1d" relativeResultsDirectory="818116d6-1e80-4063-8969-7909ed843e46" />
    <UnitTestResult executionId="0673f4c8-5eef-4fe3-9921-5557c4fff9ea" testId="3ad98607-26cc-6655-dc29-e5f3eed86a78" testName="TestGetAllObjectIDsOnVisualElementThrowingUnhandledException" computerName="DKSR-EFI-04" duration="00:00:00.0043374" startTime="2023-12-22T09:34:30.4284109+01:00" endTime="2023-12-22T09:34:30.4440362+01:00" testType="13cdc9d9-ddb5-4fa4-a97d-d965ccfc6d4b" outcome="Passed" testListId="8c84fa94-04c1-424b-9868-57a2d4851a1d" relativeResultsDirectory="0673f4c8-5eef-4fe3-9921-5557c4fff9ea" />
    <UnitTestResult executionId="96843ea6-a03e-4476-a61e-f127560d2944" testId="f11a792a-5399-45fe-b006-95fa11819160" testName="TestCheckAuthorizationWithMultiplePlugins" computerName="DKSR-EFI-04" duration="00:00:00.0021598" startTime="2023-12-22T09:34:39.8659599+01:00" endTime="2023-12-22T09:34:39.8659599+01:00" testType="13cdc9d9-ddb5-4fa4-a97d-d965ccfc6d4b" outcome="Passed" testListId="8c84fa94-04c1-424b-9868-57a2d4851a1d" relativeResultsDirectory="96843ea6-a03e-4476-a61e-f127560d2944" />
    <UnitTestResult executionId="50cc515a-f748-458b-861d-7a0a613f669c" testId="aa86ab0f-83a2-76c1-c948-071136a36b4c" testName="TestGetHeader" computerName="DKSR-EFI-04" duration="00:00:00.0038575" startTime="2023-12-22T09:34:32.2409220+01:00" endTime="2023-12-22T09:34:32.2409220+01:00" testType="13cdc9d9-ddb5-4fa4-a97d-d965ccfc6d4b" outcome="Passed" testListId="8c84fa94-04c1-424b-9868-57a2d4851a1d" relativeResultsDirectory="50cc515a-f748-458b-861d-7a0a613f669c" />
    <UnitTestResult executionId="56b04afe-9d08-4b36-8336-48b08b483a0b" testId="c8524030-a4ec-41a9-de8e-3dde74bf084b" testName="TestGetStatusWithTwoHotzonesPointingToSameMapWithError" computerName="DKSR-EFI-04" duration="00:00:00.0147480" startTime="2023-12-22T09:34:34.6159316+01:00" endTime="2023-12-22T09:34:34.6315588+01:00" testType="13cdc9d9-ddb5-4fa4-a97d-d965ccfc6d4b" outcome="Passed" testListId="8c84fa94-04c1-424b-9868-57a2d4851a1d" relativeResultsDirectory="56b04afe-9d08-4b36-8336-48b08b483a0b" />
    <UnitTestResult executionId="5282c9e0-783c-4907-9699-c77d5ac73040" testId="d1762521-556f-848c-2d9a-8b3843179f69" testName="TestUpdateStateSnooze" computerName="DKSR-EFI-04" duration="00:00:00.0133228" startTime="2023-12-22T09:34:37.9753274+01:00" endTime="2023-12-22T09:34:37.9909490+01:00" testType="13cdc9d9-ddb5-4fa4-a97d-d965ccfc6d4b" outcome="Passed" testListId="8c84fa94-04c1-424b-9868-57a2d4851a1d" relativeResultsDirectory="5282c9e0-783c-4907-9699-c77d5ac73040" />
    <UnitTestResult executionId="4a895725-893e-4e43-a6e8-e41451aa6d99" testId="06eaecc5-a61e-588c-3698-90b28ebd700e" testName="TestGetStatusForAllObjectsOfTypeRootAnd2Levels" computerName="DKSR-EFI-04" duration="00:00:00.0197701" startTime="2023-12-22T09:34:34.8503094+01:00" endTime="2023-12-22T09:34:34.8815586+01:00" testType="13cdc9d9-ddb5-4fa4-a97d-d965ccfc6d4b" outcome="Passed" testListId="8c84fa94-04c1-424b-9868-57a2d4851a1d" relativeResultsDirectory="4a895725-893e-4e43-a6e8-e41451aa6d99" />
    <UnitTestResult executionId="60b810c7-dcb3-439d-a7dd-f28b2da49913" testId="59524313-3601-c65c-9b12-abd92090ce88" testName="TestGetPlugInItems" computerName="DKSR-EFI-04" duration="00:00:00.0032505" startTime="2023-12-22T09:34:31.1627890+01:00" endTime="2023-12-22T09:34:31.1627890+01:00" testType="13cdc9d9-ddb5-4fa4-a97d-d965ccfc6d4b" outcome="Passed" testListId="8c84fa94-04c1-424b-9868-57a2d4851a1d" relativeResultsDirectory="60b810c7-dcb3-439d-a7dd-f28b2da49913" />
    <UnitTestResult executionId="9c33dbeb-5bdf-489b-9a43-ab300557d144" testId="67fe9761-0c53-3773-5339-ca492a2c95fb" testName="TestUpdateNameWithInvalidUser" computerName="DKSR-EFI-04" duration="00:00:00.0026353" startTime="2023-12-22T09:34:31.7721671+01:00" endTime="2023-12-22T09:34:31.7877910+01:00" testType="13cdc9d9-ddb5-4fa4-a97d-d965ccfc6d4b" outcome="Passed" testListId="8c84fa94-04c1-424b-9868-57a2d4851a1d" relativeResultsDirectory="9c33dbeb-5bdf-489b-9a43-ab300557d144" />
    <UnitTestResult executionId="3a7ff320-4497-4c37-903b-ee602fb2bd84" testId="43daf569-3bce-220b-e88f-b666ac480023" testName="SoundConfigurationTest" computerName="DKSR-EFI-04" duration="00:00:00.0002216" startTime="2023-12-22T09:34:33.8503030+01:00" endTime="2023-12-22T09:34:33.8503030+01:00" testType="13cdc9d9-ddb5-4fa4-a97d-d965ccfc6d4b" outcome="Passed" testListId="8c84fa94-04c1-424b-9868-57a2d4851a1d" relativeResultsDirectory="3a7ff320-4497-4c37-903b-ee602fb2bd84" />
    <UnitTestResult executionId="2cdc616a-f31f-4887-a191-6460a25931dc" testId="5d01de28-e6ae-6c22-5c91-d0c7d12338e3" testName="TestGetStatusForAllObjectsOfTypeWithElementOnDifferentServer" computerName="DKSR-EFI-04" duration="00:00:00.0070963" startTime="2023-12-22T09:34:35.0690587+01:00" endTime="2023-12-22T09:34:35.0846857+01:00" testType="13cdc9d9-ddb5-4fa4-a97d-d965ccfc6d4b" outcome="Passed" testListId="8c84fa94-04c1-424b-9868-57a2d4851a1d" relativeResultsDirectory="2cdc616a-f31f-4887-a191-6460a25931dc" />
    <UnitTestResult executionId="add4e916-b7a3-40f3-9788-284e0af73286" testId="f6b1bb3a-5c5f-c0b0-4263-16bc57dd9156" testName="TestGetVisualElementChangesThrowingUnhandledException" computerName="DKSR-EFI-04" duration="00:00:00.0031949" startTime="2023-12-22T09:34:31.7252921+01:00" endTime="2023-12-22T09:34:31.7409179+01:00" testType="13cdc9d9-ddb5-4fa4-a97d-d965ccfc6d4b" outcome="Passed" testListId="8c84fa94-04c1-424b-9868-57a2d4851a1d" relativeResultsDirectory="add4e916-b7a3-40f3-9788-284e0af73286" />
    <UnitTestResult executionId="e4980aff-3108-4847-87ce-12a7b0fe484f" testId="801374fb-6366-6e1b-24d9-368f321cfa1d" testName="TestRemoveElementsWithNonExistingId" computerName="DKSR-EFI-04" duration="00:00:00.0022538" startTime="2023-12-22T09:34:36.7565681+01:00" endTime="2023-12-22T09:34:36.7565681+01:00" testType="13cdc9d9-ddb5-4fa4-a97d-d965ccfc6d4b" outcome="Passed" testListId="8c84fa94-04c1-424b-9868-57a2d4851a1d" relativeResultsDirectory="e4980aff-3108-4847-87ce-12a7b0fe484f" />
    <UnitTestResult executionId="6698394d-f2bd-4bd2-921e-2bee4e9b7180" testId="f10e4c7f-7c2f-db88-a32e-4b694fe871d7" testName="TestLoadXMLWithNoParametersCorrect" computerName="DKSR-EFI-04" duration="00:00:00.0003841" startTime="2023-12-22T09:34:37.3034480+01:00" endTime="2023-12-22T09:34:37.3034480+01:00" testType="13cdc9d9-ddb5-4fa4-a97d-d965ccfc6d4b" outcome="Passed" testListId="8c84fa94-04c1-424b-9868-57a2d4851a1d" relativeResultsDirectory="6698394d-f2bd-4bd2-921e-2bee4e9b7180" />
    <UnitTestResult executionId="cb70631d-570b-44a8-8ad5-7483bbf16ada" testId="7b6e80a8-808c-ac81-7619-b92280b3d235" testName="TrimStart_ShouldRaiseArgumentNullException_WhenInputIsNull" computerName="DKSR-EFI-04" duration="00:00:00.0013528" startTime="2023-12-22T09:34:44.7722358+01:00" endTime="2023-12-22T09:34:44.7722358+01:00" testType="13cdc9d9-ddb5-4fa4-a97d-d965ccfc6d4b" outcome="Passed" testListId="8c84fa94-04c1-424b-9868-57a2d4851a1d" relativeResultsDirectory="cb70631d-570b-44a8-8ad5-7483bbf16ada" />
    <UnitTestResult executionId="788b5c46-4f1a-4171-8d49-2e9d4519b04f" testId="e0e2a4f8-9b17-afa2-2d2e-e9ed6c9180b5" testName="ShouldSave_ShouldBeFalse_AfterSavingConfiguration" computerName="DKSR-EFI-04" duration="00:00:00.0084226" startTime="2023-12-22T09:34:41.0534652+01:00" endTime="2023-12-22T09:34:41.0690903+01:00" testType="13cdc9d9-ddb5-4fa4-a97d-d965ccfc6d4b" outcome="Passed" testListId="8c84fa94-04c1-424b-9868-57a2d4851a1d" relativeResultsDirectory="788b5c46-4f1a-4171-8d49-2e9d4519b04f" />
    <UnitTestResult executionId="254a1414-6c6b-4301-b255-2cdc17de720c" testId="cfafff56-2602-965b-6406-2d952413ebf9" testName="TestGetAllElementsOfTypeWithTwoHotzonesPointingToSameSubMap" computerName="DKSR-EFI-04" duration="00:00:00.0114042" startTime="2023-12-22T09:34:36.3346935+01:00" endTime="2023-12-22T09:34:36.3346935+01:00" testType="13cdc9d9-ddb5-4fa4-a97d-d965ccfc6d4b" outcome="Passed" testListId="8c84fa94-04c1-424b-9868-57a2d4851a1d" relativeResultsDirectory="254a1414-6c6b-4301-b255-2cdc17de720c" />
    <UnitTestResult executionId="2e0fd2e7-017e-410c-8e97-b2334780aed5" testId="f375cdd1-65d9-6f41-0c5c-46c11d15a575" testName="TestConstructor" computerName="DKSR-EFI-04" duration="00:00:00.0028863" startTime="2023-12-22T09:34:30.8346633+01:00" endTime="2023-12-22T09:34:30.8502891+01:00" testType="13cdc9d9-ddb5-4fa4-a97d-d965ccfc6d4b" outcome="Passed" testListId="8c84fa94-04c1-424b-9868-57a2d4851a1d" relativeResultsDirectory="2e0fd2e7-017e-410c-8e97-b2334780aed5" />
    <UnitTestResult executionId="43a76b87-c382-45b7-86e4-c1d7d8ff61dd" testId="8d627c14-62f3-55fc-3353-475714ef0677" testName="TestValidateWithIncorrectUserTypeRole" computerName="DKSR-EFI-04" duration="00:00:00.0012757" startTime="2023-12-22T09:34:21.9596185+01:00" endTime="2023-12-22T09:34:21.9596185+01:00" testType="13cdc9d9-ddb5-4fa4-a97d-d965ccfc6d4b" outcome="Passed" testListId="8c84fa94-04c1-424b-9868-57a2d4851a1d" relativeResultsDirectory="43a76b87-c382-45b7-86e4-c1d7d8ff61dd" />
    <UnitTestResult executionId="040fb318-eae4-46b4-b7d6-feef563fe51c" testId="70eb97cf-6fb5-8090-90b9-939e95e3b186" testName="GetEventTypesForUser_ChecksFetchingOfAlarmDefinitionsWithDisabledEventType" computerName="DKSR-EFI-04" duration="00:00:00.0692222" startTime="2023-12-22T09:34:26.8190192+01:00" endTime="2023-12-22T09:34:26.8971446+01:00" testType="13cdc9d9-ddb5-4fa4-a97d-d965ccfc6d4b" outcome="Passed" testListId="8c84fa94-04c1-424b-9868-57a2d4851a1d" relativeResultsDirectory="040fb318-eae4-46b4-b7d6-feef563fe51c" />
    <UnitTestResult executionId="53cbeba6-5f1c-4840-b7f8-32539c1300fe" testId="ca7368aa-77ae-e255-1637-45c6b94c7a42" testName="TestGetTypeChangedWithInvalidUser" computerName="DKSR-EFI-04" duration="00:00:00.0030098" startTime="2023-12-22T09:34:31.6940436+01:00" endTime="2023-12-22T09:34:31.6940436+01:00" testType="13cdc9d9-ddb5-4fa4-a97d-d965ccfc6d4b" outcome="Passed" testListId="8c84fa94-04c1-424b-9868-57a2d4851a1d" relativeResultsDirectory="53cbeba6-5f1c-4840-b7f8-32539c1300fe" />
    <UnitTestResult executionId="c526f9e1-64fc-4fc2-98ed-9f501de7ec30" testId="01feb38e-4635-81d2-104a-41d47a7d67a5" testName="TestLoadXmlWithValidNode" computerName="DKSR-EFI-04" duration="00:00:00.0036434" startTime="2023-12-22T09:34:35.1471848+01:00" endTime="2023-12-22T09:34:35.1628093+01:00" testType="13cdc9d9-ddb5-4fa4-a97d-d965ccfc6d4b" outcome="Passed" testListId="8c84fa94-04c1-424b-9868-57a2d4851a1d" relativeResultsDirectory="c526f9e1-64fc-4fc2-98ed-9f501de7ec30" />
    <UnitTestResult executionId="00bf04be-8cd4-4386-a3d1-da850bcef782" testId="1ae86f40-de65-d93c-055b-9239232d7a2e" testName="TestUpdateElementBoundsWithValidParameters" computerName="DKSR-EFI-04" duration="00:00:00.0059263" startTime="2023-12-22T09:34:35.2096860+01:00" endTime="2023-12-22T09:34:35.2096860+01:00" testType="13cdc9d9-ddb5-4fa4-a97d-d965ccfc6d4b" outcome="Passed" testListId="8c84fa94-04c1-424b-9868-57a2d4851a1d" relativeResultsDirectory="00bf04be-8cd4-4386-a3d1-da850bcef782" />
    <UnitTestResult executionId="632f2058-f548-4f32-8e38-6c0d7c973b9e" testId="13287f31-e788-e2d4-f141-52b50e707662" testName="GetKindFromVisualElementObjectTypeTest" computerName="DKSR-EFI-04" duration="00:00:00.0018203" startTime="2023-12-22T09:34:27.5846465+01:00" endTime="2023-12-22T09:34:27.5846465+01:00" testType="13cdc9d9-ddb5-4fa4-a97d-d965ccfc6d4b" outcome="Passed" testListId="8c84fa94-04c1-424b-9868-57a2d4851a1d" relativeResultsDirectory="632f2058-f548-4f32-8e38-6c0d7c973b9e" />
    <UnitTestResult executionId="98d4bfbc-2ae2-416c-b00d-11a939ea07b5" testId="a6f9bf28-954c-a169-d2e3-1df1e535b29e" testName="EventConverter_ConvertBaseItemToBaseEvent_Unspecified_DateTime" computerName="DKSR-EFI-04" duration="00:00:00.0113031" startTime="2023-12-22T09:34:39.2409545+01:00" endTime="2023-12-22T09:34:39.2565806+01:00" testType="13cdc9d9-ddb5-4fa4-a97d-d965ccfc6d4b" outcome="Passed" testListId="8c84fa94-04c1-424b-9868-57a2d4851a1d" relativeResultsDirectory="98d4bfbc-2ae2-416c-b00d-11a939ea07b5" />
    <UnitTestResult executionId="f7100cf6-fa1c-4877-b20f-8ed616725905" testId="775b1367-3189-a824-d0c9-823db512bc30" testName="TestNoACUserIdsNoACSystems" computerName="DKSR-EFI-04" duration="00:00:00.0098452" startTime="2023-12-22T09:34:39.7097089+01:00" endTime="2023-12-22T09:34:39.7253417+01:00" testType="13cdc9d9-ddb5-4fa4-a97d-d965ccfc6d4b" outcome="Passed" testListId="8c84fa94-04c1-424b-9868-57a2d4851a1d" relativeResultsDirectory="f7100cf6-fa1c-4877-b20f-8ed616725905" />
    <UnitTestResult executionId="4eb91ccf-51c3-498c-9d13-f77992c11bf4" testId="14b24c83-afb1-1fe1-ea5d-17b496ea31a4" testName="TestClose" computerName="DKSR-EFI-04" duration="00:00:00.0490431" startTime="2023-12-22T09:34:32.8971750+01:00" endTime="2023-12-22T09:34:32.9596734+01:00" testType="13cdc9d9-ddb5-4fa4-a97d-d965ccfc6d4b" outcome="Passed" testListId="8c84fa94-04c1-424b-9868-57a2d4851a1d" relativeResultsDirectory="4eb91ccf-51c3-498c-9d13-f77992c11bf4" />
    <UnitTestResult executionId="8792fc1f-ad66-4af0-aa3b-8fbc85ae64e6" testId="9aea92bd-a732-8732-3286-9126a7e2884c" testName="DeleteObjectAndChildObjects_WithValidParameters" computerName="DKSR-EFI-04" duration="00:00:00.0049585" startTime="2023-12-22T09:34:30.4909113+01:00" endTime="2023-12-22T09:34:30.4909113+01:00" testType="13cdc9d9-ddb5-4fa4-a97d-d965ccfc6d4b" outcome="Passed" testListId="8c84fa94-04c1-424b-9868-57a2d4851a1d" relativeResultsDirectory="8792fc1f-ad66-4af0-aa3b-8fbc85ae64e6" />
    <UnitTestResult executionId="d0c6d085-0993-4864-8a1c-5b907f334b3d" testId="c425ec9e-c38d-1375-c959-34a80814e443" testName="TestGetStatus" computerName="DKSR-EFI-04" duration="00:00:00.0041886" startTime="2023-12-22T09:34:29.2877801+01:00" endTime="2023-12-22T09:34:29.2877801+01:00" testType="13cdc9d9-ddb5-4fa4-a97d-d965ccfc6d4b" outcome="Passed" testListId="8c84fa94-04c1-424b-9868-57a2d4851a1d" relativeResultsDirectory="d0c6d085-0993-4864-8a1c-5b907f334b3d" />
    <UnitTestResult executionId="4d0db3f2-61dd-426a-9ede-af3cd8197dd2" testId="34946c4b-9b86-cf74-6501-0375a2804ba9" testName="HasStateUpdate_ShouldReturnFalse_WhenListIsEmpty" computerName="DKSR-EFI-04" duration="00:00:00.0008145" startTime="2023-12-22T09:34:44.0066054+01:00" endTime="2023-12-22T09:34:44.0066054+01:00" testType="13cdc9d9-ddb5-4fa4-a97d-d965ccfc6d4b" outcome="Passed" testListId="8c84fa94-04c1-424b-9868-57a2d4851a1d" relativeResultsDirectory="4d0db3f2-61dd-426a-9ede-af3cd8197dd2" />
    <UnitTestResult executionId="3063cc63-ae31-4f67-9d45-4279d0905594" testId="73be019d-1c26-14f4-6197-8702434cb789" testName="TestGetVisualizationChangesWithNullData" computerName="DKSR-EFI-04" duration="00:00:00.4923587" startTime="2023-12-22T09:34:28.2721503+01:00" endTime="2023-12-22T09:34:28.7721534+01:00" testType="13cdc9d9-ddb5-4fa4-a97d-d965ccfc6d4b" outcome="Passed" testListId="8c84fa94-04c1-424b-9868-57a2d4851a1d" relativeResultsDirectory="3063cc63-ae31-4f67-9d45-4279d0905594" />
    <UnitTestResult executionId="d4a7ea14-ce88-4a48-ae32-918b14dd1df1" testId="a0e2b5a2-035f-51df-94ac-0c80a27d7671" testName="TestDeleteConfigHostRecursive" computerName="DKSR-EFI-04" duration="00:00:00.0015749" startTime="2023-12-22T09:34:38.4909514+01:00" endTime="2023-12-22T09:34:38.4909514+01:00" testType="13cdc9d9-ddb5-4fa4-a97d-d965ccfc6d4b" outcome="Passed" testListId="8c84fa94-04c1-424b-9868-57a2d4851a1d" relativeResultsDirectory="d4a7ea14-ce88-4a48-ae32-918b14dd1df1" />
    <UnitTestResult executionId="e33af717-ba0d-4e57-9d25-dc761cefd989" testId="e7850e2b-39d7-effe-6d3e-ea817bc5c9f9" testName="TestGetPlugInItemsNotAuthenticated" computerName="DKSR-EFI-04" duration="00:00:00.0013596" startTime="2023-12-22T09:34:31.1627890+01:00" endTime="2023-12-22T09:34:31.1627890+01:00" testType="13cdc9d9-ddb5-4fa4-a97d-d965ccfc6d4b" outcome="Passed" testListId="8c84fa94-04c1-424b-9868-57a2d4851a1d" relativeResultsDirectory="e33af717-ba0d-4e57-9d25-dc761cefd989" />
    <UnitTestResult executionId="177caefa-aab3-4290-8261-f1bf09927e51" testId="12c88a43-5a11-3c42-0ae5-64f9f48e1bb6" testName="TestUpdateElementsWithRelationIdAllreadyInUse" computerName="DKSR-EFI-04" duration="00:00:00.0050289" startTime="2023-12-22T09:34:36.1003136+01:00" endTime="2023-12-22T09:34:36.1003136+01:00" testType="13cdc9d9-ddb5-4fa4-a97d-d965ccfc6d4b" outcome="Passed" testListId="8c84fa94-04c1-424b-9868-57a2d4851a1d" relativeResultsDirectory="177caefa-aab3-4290-8261-f1bf09927e51" />
    <UnitTestResult executionId="15df1676-961a-48c7-b6f9-79aea55cdcc5" testId="934eb40e-0cb9-2308-ec91-504d3c36e23a" testName="FetchCache_ShouldThrowArgumentNullException_WhenUserIdIsNull" computerName="DKSR-EFI-04" duration="00:00:00.7706062" startTime="2023-12-22T09:34:21.9752448+01:00" endTime="2023-12-22T09:34:22.7564989+01:00" testType="13cdc9d9-ddb5-4fa4-a97d-d965ccfc6d4b" outcome="Passed" testListId="8c84fa94-04c1-424b-9868-57a2d4851a1d" relativeResultsDirectory="15df1676-961a-48c7-b6f9-79aea55cdcc5" />
    <UnitTestResult executionId="182ccbcf-3aff-4bb5-b5f9-66cdb1909b0e" testId="9fff0259-9346-ba07-75df-2e340fc42376" testName="WebServiceTest_CreateWsHTTPBindingSecurityModeMessageClientCredentialTypeCertificate" computerName="DKSR-EFI-04" duration="00:00:00.0005064" startTime="2023-12-22T09:34:38.9284553+01:00" endTime="2023-12-22T09:34:38.9284553+01:00" testType="13cdc9d9-ddb5-4fa4-a97d-d965ccfc6d4b" outcome="Passed" testListId="8c84fa94-04c1-424b-9868-57a2d4851a1d" relativeResultsDirectory="182ccbcf-3aff-4bb5-b5f9-66cdb1909b0e" />
    <UnitTestResult executionId="224bd8a9-9aeb-401c-99d4-6d2d6c4f439f" testId="832cb8dd-452e-8b63-c810-8d0dc73f7eb0" testName="AllEventTypeGroups_ShouldContainAllEventTypes_WhenAllEventTypesAreSet" computerName="DKSR-EFI-04" duration="00:00:00.2940717" startTime="2023-12-22T09:34:42.9597258+01:00" endTime="2023-12-22T09:34:43.2566027+01:00" testType="13cdc9d9-ddb5-4fa4-a97d-d965ccfc6d4b" outcome="Passed" testListId="8c84fa94-04c1-424b-9868-57a2d4851a1d" relativeResultsDirectory="224bd8a9-9aeb-401c-99d4-6d2d6c4f439f" />
    <UnitTestResult executionId="989e32ec-b577-4b9e-a3c0-59acd51399bc" testId="60131f95-3126-ce3c-ffb5-ec094d16105b" testName="Handle_ShouldNotFlattenValuesBasedOnPriorityNameAndValue_WhenPriorityNameIsInvalid" computerName="DKSR-EFI-04" duration="00:00:00.0008834" startTime="2023-12-22T09:34:43.9909800+01:00" endTime="2023-12-22T09:34:43.9909800+01:00" testType="13cdc9d9-ddb5-4fa4-a97d-d965ccfc6d4b" outcome="Passed" testListId="8c84fa94-04c1-424b-9868-57a2d4851a1d" relativeResultsDirectory="989e32ec-b577-4b9e-a3c0-59acd51399bc" />
    <UnitTestResult executionId="ffeec67c-8ff8-4625-8fb1-800d455098f3" testId="05f743d1-937a-7d43-9e19-5edaf4c25bb7" testName="TestRemoveElementAndChildElementsWithEmptyId" computerName="DKSR-EFI-04" duration="00:00:00.0010921" startTime="2023-12-22T09:34:36.8659460+01:00" endTime="2023-12-22T09:34:36.8659460+01:00" testType="13cdc9d9-ddb5-4fa4-a97d-d965ccfc6d4b" outcome="Passed" testListId="8c84fa94-04c1-424b-9868-57a2d4851a1d" relativeResultsDirectory="ffeec67c-8ff8-4625-8fb1-800d455098f3" />
    <UnitTestResult executionId="d5b9828b-6783-4544-a131-ef2b432d6a16" testId="9cdfec4c-e27e-9bd2-316e-e8b57afc6304" testName="TestGetVisualizationChangesNotAuthenticated" computerName="DKSR-EFI-04" duration="00:00:00.0015750" startTime="2023-12-22T09:34:28.7721534+01:00" endTime="2023-12-22T09:34:28.7721534+01:00" testType="13cdc9d9-ddb5-4fa4-a97d-d965ccfc6d4b" outcome="Passed" testListId="8c84fa94-04c1-424b-9868-57a2d4851a1d" relativeResultsDirectory="d5b9828b-6783-4544-a131-ef2b432d6a16" />
    <UnitTestResult executionId="f3b85b2e-643b-438c-83a4-d3a176a58b71" testId="27cabf1d-308f-181d-d31e-b76ccd9ffbd5" testName="TestCreateObjectWithInvalidUser" computerName="DKSR-EFI-04" duration="00:00:00.0051458" startTime="2023-12-22T09:34:30.1940348+01:00" endTime="2023-12-22T09:34:30.2096597+01:00" testType="13cdc9d9-ddb5-4fa4-a97d-d965ccfc6d4b" outcome="Passed" testListId="8c84fa94-04c1-424b-9868-57a2d4851a1d" relativeResultsDirectory="f3b85b2e-643b-438c-83a4-d3a176a58b71" />
    <UnitTestResult executionId="1a3477a4-1122-444e-b748-1e279efde2e2" testId="596fd6d3-e623-e12e-182c-0c3528e4e9c8" testName="TestDeleteObjectWithInvalidUser" computerName="DKSR-EFI-04" duration="00:00:00.0025229" startTime="2023-12-22T09:34:31.6002931+01:00" endTime="2023-12-22T09:34:31.6002931+01:00" testType="13cdc9d9-ddb5-4fa4-a97d-d965ccfc6d4b" outcome="Passed" testListId="8c84fa94-04c1-424b-9868-57a2d4851a1d" relativeResultsDirectory="1a3477a4-1122-444e-b748-1e279efde2e2" />
    <UnitTestResult executionId="687fb09a-fd42-4f63-b527-cd24c19fdc11" testId="cc5e635b-4364-b1d3-13fc-71a6c0c163be" testName="AddSuppressStatusItems_AddsNewItem" computerName="DKSR-EFI-04" duration="00:00:00.0016341" startTime="2023-12-22T09:34:26.7877678+01:00" endTime="2023-12-22T09:34:26.7877678+01:00" testType="13cdc9d9-ddb5-4fa4-a97d-d965ccfc6d4b" outcome="Passed" testListId="8c84fa94-04c1-424b-9868-57a2d4851a1d" relativeResultsDirectory="687fb09a-fd42-4f63-b527-cd24c19fdc11" />
    <UnitTestResult executionId="b4d44f1d-08a2-4cdd-b234-f608db6b4be0" testId="eff6b531-5aa8-3e1d-5b95-85cb31c10312" testName="TestLoadConfigurationWithMultipleVisualElements" computerName="DKSR-EFI-04" duration="00:00:00.0149841" startTime="2023-12-22T09:34:33.9909289+01:00" endTime="2023-12-22T09:34:34.0065533+01:00" testType="13cdc9d9-ddb5-4fa4-a97d-d965ccfc6d4b" outcome="Passed" testListId="8c84fa94-04c1-424b-9868-57a2d4851a1d" relativeResultsDirectory="b4d44f1d-08a2-4cdd-b234-f608db6b4be0" />
    <UnitTestResult executionId="58b0c8b4-71e1-4fc7-851e-f467a90446f0" testId="a233b0bf-7475-22b1-ba32-efabf55ac76e" testName="TestRuleSystemCommandPipeConstruction" computerName="DKSR-EFI-04" duration="00:00:00.0048300" startTime="2023-12-22T09:34:38.5690769+01:00" endTime="2023-12-22T09:34:38.5690769+01:00" testType="13cdc9d9-ddb5-4fa4-a97d-d965ccfc6d4b" outcome="Passed" testListId="8c84fa94-04c1-424b-9868-57a2d4851a1d" relativeResultsDirectory="58b0c8b4-71e1-4fc7-851e-f467a90446f0" />
    <UnitTestResult executionId="594db911-6091-4b8d-8a89-bfa55473bb26" testId="ac7d45c0-1e3b-1eeb-0bbd-c6016a588e61" testName="GetVisualElementObjectTypeTest" computerName="DKSR-EFI-04" duration="00:00:00.0040643" startTime="2023-12-22T09:34:27.5846465+01:00" endTime="2023-12-22T09:34:27.5846465+01:00" testType="13cdc9d9-ddb5-4fa4-a97d-d965ccfc6d4b" outcome="Passed" testListId="8c84fa94-04c1-424b-9868-57a2d4851a1d" relativeResultsDirectory="594db911-6091-4b8d-8a89-bfa55473bb26" />
    <UnitTestResult executionId="cb69e9f8-2437-4d1a-a085-d3f08e61f11e" testId="0f8f162f-04c8-93b6-bc09-ad6b2b579c3e" testName="WebServiceTest_CreateServiceMetadataBehavior" computerName="DKSR-EFI-04" duration="00:00:00.0006967" startTime="2023-12-22T09:34:38.9440787+01:00" endTime="2023-12-22T09:34:38.9440787+01:00" testType="13cdc9d9-ddb5-4fa4-a97d-d965ccfc6d4b" outcome="Passed" testListId="8c84fa94-04c1-424b-9868-57a2d4851a1d" relativeResultsDirectory="cb69e9f8-2437-4d1a-a085-d3f08e61f11e" />
    <UnitTestResult executionId="0c779131-98c0-43b6-b06c-6265f4306518" testId="30dfcd0d-5909-3714-5253-07cacdb3fba8" testName="TestGetHeaderInvalidToken" computerName="DKSR-EFI-04" duration="00:00:00.0044465" startTime="2023-12-22T09:34:32.2252963+01:00" endTime="2023-12-22T09:34:32.2252963+01:00" testType="13cdc9d9-ddb5-4fa4-a97d-d965ccfc6d4b" outcome="Passed" testListId="8c84fa94-04c1-424b-9868-57a2d4851a1d" relativeResultsDirectory="0c779131-98c0-43b6-b06c-6265f4306518" />
    <UnitTestResult executionId="742af56e-2568-4016-b5c1-78cd37702340" testId="a1bb1f9a-b82c-e54a-73fb-4c8aaec4bb3f" testName="GetSoundIsInCacheTest" computerName="DKSR-EFI-04" duration="00:00:00.0155311" startTime="2023-12-22T09:34:33.8503030+01:00" endTime="2023-12-22T09:34:33.8659297+01:00" testType="13cdc9d9-ddb5-4fa4-a97d-d965ccfc6d4b" outcome="Passed" testListId="8c84fa94-04c1-424b-9868-57a2d4851a1d" relativeResultsDirectory="742af56e-2568-4016-b5c1-78cd37702340" />
    <UnitTestResult executionId="531f9ae5-9e93-4acf-94b9-54e59bbb7c05" testId="e36b2e0a-f623-eba1-545b-39729ad80b2e" testName="TestGetStatusWithInsufficientRights" computerName="DKSR-EFI-04" duration="00:00:00.0043816" startTime="2023-12-22T09:34:34.6315588+01:00" endTime="2023-12-22T09:34:34.6315588+01:00" testType="13cdc9d9-ddb5-4fa4-a97d-d965ccfc6d4b" outcome="Passed" testListId="8c84fa94-04c1-424b-9868-57a2d4851a1d" relativeResultsDirectory="531f9ae5-9e93-4acf-94b9-54e59bbb7c05" />
    <UnitTestResult executionId="f2fca000-b508-4f42-babc-b036816c7b2a" testId="e3331d1b-8c7d-231c-6751-d2ce129ced81" testName="CreateObject_WithValidParameters" computerName="DKSR-EFI-04" duration="00:00:00.0965302" startTime="2023-12-22T09:34:30.1002852+01:00" endTime="2023-12-22T09:34:30.1940348+01:00" testType="13cdc9d9-ddb5-4fa4-a97d-d965ccfc6d4b" outcome="Passed" testListId="8c84fa94-04c1-424b-9868-57a2d4851a1d" relativeResultsDirectory="f2fca000-b508-4f42-babc-b036816c7b2a" />
    <UnitTestResult executionId="b936b7a3-d13c-41de-a9b7-69b58002c774" testId="0ae9e340-245f-799a-bba4-bfae0a55b1bd" testName="TestSetConfigHostChanged" computerName="DKSR-EFI-04" duration="00:00:00.0363319" startTime="2023-12-22T09:34:38.4284539+01:00" endTime="2023-12-22T09:34:38.4753281+01:00" testType="13cdc9d9-ddb5-4fa4-a97d-d965ccfc6d4b" outcome="Passed" testListId="8c84fa94-04c1-424b-9868-57a2d4851a1d" relativeResultsDirectory="b936b7a3-d13c-41de-a9b7-69b58002c774" />
    <UnitTestResult executionId="fa3bd1e5-adbe-4151-94f6-497c0736bb3e" testId="b86c8948-f7d8-728c-6904-dc5d9758ae66" testName="TestRemoveElementAndChildElementsWithSameParentRelation" computerName="DKSR-EFI-04" duration="00:00:00.0284374" startTime="2023-12-22T09:34:37.0221953+01:00" endTime="2023-12-22T09:34:37.0378198+01:00" testType="13cdc9d9-ddb5-4fa4-a97d-d965ccfc6d4b" outcome="Passed" testListId="8c84fa94-04c1-424b-9868-57a2d4851a1d" relativeResultsDirectory="fa3bd1e5-adbe-4151-94f6-497c0736bb3e" />
    <UnitTestResult executionId="bb009007-7b44-4306-87b3-3e41ae75ff51" testId="6ed6cc4f-0b69-d300-8374-f11ffe57b6be" testName="TestGetAllElementsOfTypeWithRelationOnDifferentServers" computerName="DKSR-EFI-04" duration="00:00:00.0107608" startTime="2023-12-22T09:34:36.3659401+01:00" endTime="2023-12-22T09:34:36.3659401+01:00" testType="13cdc9d9-ddb5-4fa4-a97d-d965ccfc6d4b" outcome="Passed" testListId="8c84fa94-04c1-424b-9868-57a2d4851a1d" relativeResultsDirectory="bb009007-7b44-4306-87b3-3e41ae75ff51" />
    <UnitTestResult executionId="a8af96be-e5c7-445a-b0e8-f84825067c9e" testId="a3a5c8ea-dbbb-3e4f-7267-ef6bd47aa29e" testName="TestGetStatusForAllObjectsOfTypeSingleMap" computerName="DKSR-EFI-04" duration="00:00:00.0416314" startTime="2023-12-22T09:34:34.8971836+01:00" endTime="2023-12-22T09:34:34.9440612+01:00" testType="13cdc9d9-ddb5-4fa4-a97d-d965ccfc6d4b" outcome="Passed" testListId="8c84fa94-04c1-424b-9868-57a2d4851a1d" relativeResultsDirectory="a8af96be-e5c7-445a-b0e8-f84825067c9e" />
    <UnitTestResult executionId="da1de149-5c37-4aa8-baa4-ff98d5bd1591" testId="0bca286d-dd69-5c57-8d8c-a51a534f96aa" testName="TestUpdateAlarmInvalidToken" computerName="DKSR-EFI-04" duration="00:00:00.0037636" startTime="2023-12-22T09:34:32.3815497+01:00" endTime="2023-12-22T09:34:32.3815497+01:00" testType="13cdc9d9-ddb5-4fa4-a97d-d965ccfc6d4b" outcome="Passed" testListId="8c84fa94-04c1-424b-9868-57a2d4851a1d" relativeResultsDirectory="da1de149-5c37-4aa8-baa4-ff98d5bd1591" />
    <UnitTestResult executionId="ab402a58-a38b-4d6a-956d-6c1fc8097ea4" testId="a16fac14-2952-59c2-f9cb-93ac47ea55ca" testName="TestActivateAction" computerName="DKSR-EFI-04" duration="00:00:00.0058331" startTime="2023-12-22T09:34:33.5846759+01:00" endTime="2023-12-22T09:34:33.5846759+01:00" testType="13cdc9d9-ddb5-4fa4-a97d-d965ccfc6d4b" outcome="Passed" testListId="8c84fa94-04c1-424b-9868-57a2d4851a1d" relativeResultsDirectory="ab402a58-a38b-4d6a-956d-6c1fc8097ea4" />
    <UnitTestResult executionId="c6f6d0b1-4cdf-4c8d-b4d7-9aaeb7937000" testId="6d94d123-0366-be52-99f0-ddb1f359935c" testName="TestGetStatusDetailsThrowingUnhandledException" computerName="DKSR-EFI-04" duration="00:00:00.0041896" startTime="2023-12-22T09:34:28.8815301+01:00" endTime="2023-12-22T09:34:28.8971526+01:00" testType="13cdc9d9-ddb5-4fa4-a97d-d965ccfc6d4b" outcome="Passed" testListId="8c84fa94-04c1-424b-9868-57a2d4851a1d" relativeResultsDirectory="c6f6d0b1-4cdf-4c8d-b4d7-9aaeb7937000" />
    <UnitTestResult executionId="6a2ead9d-b884-444f-a4fe-e6307c433bcf" testId="dd96b905-dcef-c594-5611-ca3036f7f364" testName="TestUpdateNameNotAuthenticated" computerName="DKSR-EFI-04" duration="00:00:00.0016763" startTime="2023-12-22T09:34:30.9596621+01:00" endTime="2023-12-22T09:34:30.9596621+01:00" testType="13cdc9d9-ddb5-4fa4-a97d-d965ccfc6d4b" outcome="Passed" testListId="8c84fa94-04c1-424b-9868-57a2d4851a1d" relativeResultsDirectory="6a2ead9d-b884-444f-a4fe-e6307c433bcf" />
    <UnitTestResult executionId="752d0f31-f501-4893-ae70-736903c6d192" testId="b4c4f7db-6053-4338-b207-4f1401299acd" testName="TestGetObjectWithInvalidUser" computerName="DKSR-EFI-04" duration="00:00:00.0023006" startTime="2023-12-22T09:34:31.4440413+01:00" endTime="2023-12-22T09:34:31.4440413+01:00" testType="13cdc9d9-ddb5-4fa4-a97d-d965ccfc6d4b" outcome="Passed" testListId="8c84fa94-04c1-424b-9868-57a2d4851a1d" relativeResultsDirectory="752d0f31-f501-4893-ae70-736903c6d192" />
    <UnitTestResult executionId="dabbca44-fdb4-4777-8860-ebc3ad2eb8e3" testId="33e5b36f-9681-2521-0d54-c62aebce6bce" testName="TestUpdateObjectsWithServerIDInVisualOwnerID" computerName="DKSR-EFI-04" duration="00:00:00.0024845" startTime="2023-12-22T09:34:31.4127907+01:00" endTime="2023-12-22T09:34:31.4127907+01:00" testType="13cdc9d9-ddb5-4fa4-a97d-d965ccfc6d4b" outcome="Passed" testListId="8c84fa94-04c1-424b-9868-57a2d4851a1d" relativeResultsDirectory="dabbca44-fdb4-4777-8860-ebc3ad2eb8e3" />
    <UnitTestResult executionId="d0965ac9-5e46-4d0f-a23d-bf49fa6e2d45" testId="efe80498-3b69-482c-b182-5566dd79e1e4" testName="TestGetStatusForAllObjectsWithComplexCyclicMapsWithMultipleRoots" computerName="DKSR-EFI-04" duration="00:00:00.0277579" startTime="2023-12-22T09:34:34.9596838+01:00" endTime="2023-12-22T09:34:34.9909325+01:00" testType="13cdc9d9-ddb5-4fa4-a97d-d965ccfc6d4b" outcome="Passed" testListId="8c84fa94-04c1-424b-9868-57a2d4851a1d" relativeResultsDirectory="d0965ac9-5e46-4d0f-a23d-bf49fa6e2d45" />
    <UnitTestResult executionId="d9b1cc74-cedd-4c0f-93b6-ad217b78b0a5" testId="af2f1c64-8a2a-cc80-4b30-6947f73e734f" testName="TestCacheCleanupSingleSessionSingleUserIdNoTouch" computerName="DKSR-EFI-04" duration="00:00:00.0410180" startTime="2023-12-22T09:34:39.6003345+01:00" endTime="2023-12-22T09:34:39.6472072+01:00" testType="13cdc9d9-ddb5-4fa4-a97d-d965ccfc6d4b" outcome="Passed" testListId="8c84fa94-04c1-424b-9868-57a2d4851a1d" relativeResultsDirectory="d9b1cc74-cedd-4c0f-93b6-ad217b78b0a5" />
    <UnitTestResult executionId="47429ae1-2ff6-48fd-92d7-a1551677afa3" testId="822f7959-9dcb-09b4-3d54-006e0a8a1864" testName="TestGetXML" computerName="DKSR-EFI-04" duration="00:00:00.0018389" startTime="2023-12-22T09:34:37.3971974+01:00" endTime="2023-12-22T09:34:37.3971974+01:00" testType="13cdc9d9-ddb5-4fa4-a97d-d965ccfc6d4b" outcome="Passed" testListId="8c84fa94-04c1-424b-9868-57a2d4851a1d" relativeResultsDirectory="47429ae1-2ff6-48fd-92d7-a1551677afa3" />
    <UnitTestResult executionId="53d3967f-813f-41e3-a46a-382e84b936e8" testId="6d723e59-8d3b-fb38-246d-45407ced1558" testName="TestGetVisualizationWithNullData" computerName="DKSR-EFI-04" duration="00:00:00.0012502" startTime="2023-12-22T09:34:35.1159329+01:00" endTime="2023-12-22T09:34:35.1159329+01:00" testType="13cdc9d9-ddb5-4fa4-a97d-d965ccfc6d4b" outcome="Passed" testListId="8c84fa94-04c1-424b-9868-57a2d4851a1d" relativeResultsDirectory="53d3967f-813f-41e3-a46a-382e84b936e8" />
    <UnitTestResult executionId="e0e61f1e-ac29-4754-8c43-c8dfd93a8117" testId="4ad32d2a-392c-75b6-9ee4-ad7026ad2f38" testName="TestGetAlarmLinesInvalidToken" computerName="DKSR-EFI-04" duration="00:00:00.0033123" startTime="2023-12-22T09:34:32.4909207+01:00" endTime="2023-12-22T09:34:32.4909207+01:00" testType="13cdc9d9-ddb5-4fa4-a97d-d965ccfc6d4b" outcome="Passed" testListId="8c84fa94-04c1-424b-9868-57a2d4851a1d" relativeResultsDirectory="e0e61f1e-ac29-4754-8c43-c8dfd93a8117" />
    <UnitTestResult executionId="579a06d9-08ab-4e98-aacf-89f278c73db2" testId="a9c0567b-3355-1747-3327-c8adbd54000f" testName="ShouldSave_ShouldBeTrue_AfterSettingEventGroupRetention" computerName="DKSR-EFI-04" duration="00:00:00.0012796" startTime="2023-12-22T09:34:41.0690903+01:00" endTime="2023-12-22T09:34:41.0690903+01:00" testType="13cdc9d9-ddb5-4fa4-a97d-d965ccfc6d4b" outcome="Passed" testListId="8c84fa94-04c1-424b-9868-57a2d4851a1d" relativeResultsDirectory="579a06d9-08ab-4e98-aacf-89f278c73db2" />
    <UnitTestResult executionId="ebe041f8-9e40-48cb-83c0-de56a4b8986a" testId="f85b1ab5-7acd-437f-9ef7-b3157e4451bc" testName="TestUpdateServiceInfo" computerName="DKSR-EFI-04" duration="00:00:00.0144686" startTime="2023-12-22T09:34:38.5065775+01:00" endTime="2023-12-22T09:34:38.5222031+01:00" testType="13cdc9d9-ddb5-4fa4-a97d-d965ccfc6d4b" outcome="Passed" testListId="8c84fa94-04c1-424b-9868-57a2d4851a1d" relativeResultsDirectory="ebe041f8-9e40-48cb-83c0-de56a4b8986a" />
    <UnitTestResult executionId="5ef85bee-d757-41ec-9950-6e4cf3abc4df" testId="6230042b-066b-7540-e033-c1da687c8808" testName="TestRemoveElementsRemoveTwoElementsWhereOneIsMarkedForDeletion" computerName="DKSR-EFI-04" duration="00:00:00.0035284" startTime="2023-12-22T09:34:36.7721929+01:00" endTime="2023-12-22T09:34:36.7721929+01:00" testType="13cdc9d9-ddb5-4fa4-a97d-d965ccfc6d4b" outcome="Passed" testListId="8c84fa94-04c1-424b-9868-57a2d4851a1d" relativeResultsDirectory="5ef85bee-d757-41ec-9950-6e4cf3abc4df" />
    <UnitTestResult executionId="c3c04c46-0b13-45eb-8a3f-43ecf82201c4" testId="eae8144a-f656-dd1f-f75c-bc79cb2d904b" testName="WebServiceTest_CreateWsHTTPBindingSecurityModeNone" computerName="DKSR-EFI-04" duration="00:00:00.0004218" startTime="2023-12-22T09:34:38.9128306+01:00" endTime="2023-12-22T09:34:38.9284553+01:00" testType="13cdc9d9-ddb5-4fa4-a97d-d965ccfc6d4b" outcome="Passed" testListId="8c84fa94-04c1-424b-9868-57a2d4851a1d" relativeResultsDirectory="c3c04c46-0b13-45eb-8a3f-43ecf82201c4" />
    <UnitTestResult executionId="baee266b-dee6-4c66-96e2-5b7d233d0b96" testId="5c9176a2-10c0-60f1-d8ea-56e9bf838835" testName="TestGetAllObjectsOnVisualElementThrowingUnhandledException" computerName="DKSR-EFI-04" duration="00:00:00.0035465" startTime="2023-12-22T09:34:31.0534138+01:00" endTime="2023-12-22T09:34:31.0534138+01:00" testType="13cdc9d9-ddb5-4fa4-a97d-d965ccfc6d4b" outcome="Passed" testListId="8c84fa94-04c1-424b-9868-57a2d4851a1d" relativeResultsDirectory="baee266b-dee6-4c66-96e2-5b7d233d0b96" />
    <UnitTestResult executionId="75d95473-8018-49da-ac88-4e2caf705031" testId="9d00da37-99e6-64e6-3a14-1bcc1c5fdd5b" testName="TestGetStatusThrowingUnhandledException" computerName="DKSR-EFI-04" duration="00:00:00.0448297" startTime="2023-12-22T09:34:27.9752723+01:00" endTime="2023-12-22T09:34:28.0221489+01:00" testType="13cdc9d9-ddb5-4fa4-a97d-d965ccfc6d4b" outcome="Passed" testListId="8c84fa94-04c1-424b-9868-57a2d4851a1d" relativeResultsDirectory="75d95473-8018-49da-ac88-4e2caf705031" />
    <UnitTestResult executionId="dbf1f9c4-fe84-4344-9386-c728570c8b58" testId="ebce04db-882c-ceae-f4a7-61db1ab59332" testName="TestGetIconDataWithValidParameters" computerName="DKSR-EFI-04" duration="00:00:00.0049089" startTime="2023-12-22T09:34:31.2252912+01:00" endTime="2023-12-22T09:34:31.2252912+01:00" testType="13cdc9d9-ddb5-4fa4-a97d-d965ccfc6d4b" outcome="Passed" testListId="8c84fa94-04c1-424b-9868-57a2d4851a1d" relativeResultsDirectory="dbf1f9c4-fe84-4344-9386-c728570c8b58" />
    <UnitTestResult executionId="18767c25-9073-4930-85a2-83779a6ab85d" testId="ef3d2462-9805-0737-b936-672aaa3b5c41" testName="TestGetSetProperties" computerName="DKSR-EFI-04" duration="00:00:00.0013341" startTime="2023-12-22T09:34:38.3815798+01:00" endTime="2023-12-22T09:34:38.3815798+01:00" testType="13cdc9d9-ddb5-4fa4-a97d-d965ccfc6d4b" outcome="Passed" testListId="8c84fa94-04c1-424b-9868-57a2d4851a1d" relativeResultsDirectory="18767c25-9073-4930-85a2-83779a6ab85d" />
    <UnitTestResult executionId="e0a2b7ba-02a6-41c9-8374-e12110890655" testId="d343ebf0-90b9-8312-b39f-0f294924653b" testName="TestToTypeID" computerName="DKSR-EFI-04" duration="00:00:00.0003351" startTime="2023-12-22T09:34:38.0690755+01:00" endTime="2023-12-22T09:34:38.0690755+01:00" testType="13cdc9d9-ddb5-4fa4-a97d-d965ccfc6d4b" outcome="Passed" testListId="8c84fa94-04c1-424b-9868-57a2d4851a1d" relativeResultsDirectory="e0a2b7ba-02a6-41c9-8374-e12110890655" />
    <UnitTestResult executionId="e1ffe22a-2d3f-49e6-81d8-2e84a392e84f" testId="5c673eb5-12cc-90ae-c56e-c7eb9d3c0590" testName="TestUpdateObjectWithInvalidUser" computerName="DKSR-EFI-04" duration="00:00:00.0023041" startTime="2023-12-22T09:34:31.3815415+01:00" endTime="2023-12-22T09:34:31.3815415+01:00" testType="13cdc9d9-ddb5-4fa4-a97d-d965ccfc6d4b" outcome="Passed" testListId="8c84fa94-04c1-424b-9868-57a2d4851a1d" relativeResultsDirectory="e1ffe22a-2d3f-49e6-81d8-2e84a392e84f" />
    <UnitTestResult executionId="d0752938-9466-41b0-ae43-213e4b4dac08" testId="6a17ffe4-7e07-899a-6465-91e72bdbf468" testName="TestGetObjectsWithinGPSAreaWithInvalidUser" computerName="DKSR-EFI-04" duration="00:00:00.0029085" startTime="2023-12-22T09:34:31.5377923+01:00" endTime="2023-12-22T09:34:31.5534174+01:00" testType="13cdc9d9-ddb5-4fa4-a97d-d965ccfc6d4b" outcome="Passed" testListId="8c84fa94-04c1-424b-9868-57a2d4851a1d" relativeResultsDirectory="d0752938-9466-41b0-ae43-213e4b4dac08" />
    <UnitTestResult executionId="809ba24c-3bea-4682-8d89-04dddd7d245f" testId="a088844f-aa95-895a-18a3-251325a06d05" testName="TestItemsWithItemIdsSubset" computerName="DKSR-EFI-04" duration="00:00:00.0030724" startTime="2023-12-22T09:34:33.7878037+01:00" endTime="2023-12-22T09:34:33.7878037+01:00" testType="13cdc9d9-ddb5-4fa4-a97d-d965ccfc6d4b" outcome="Passed" testListId="8c84fa94-04c1-424b-9868-57a2d4851a1d" relativeResultsDirectory="809ba24c-3bea-4682-8d89-04dddd7d245f" />
    <UnitTestResult executionId="7f293574-4577-4d5b-8ce3-01a78f1194bd" testId="0b86288e-80e8-cbc5-578a-2357123bd041" testName="TestRefresh" computerName="DKSR-EFI-04" duration="00:00:00.0299546" startTime="2023-12-22T09:34:21.1783652+01:00" endTime="2023-12-22T09:34:21.2096159+01:00" testType="13cdc9d9-ddb5-4fa4-a97d-d965ccfc6d4b" outcome="Passed" testListId="8c84fa94-04c1-424b-9868-57a2d4851a1d" relativeResultsDirectory="7f293574-4577-4d5b-8ce3-01a78f1194bd" />
    <UnitTestResult executionId="3a20b0b6-9a71-4c69-880f-53d7c6587027" testId="fd0ab141-7840-5d96-7618-b67c8b840eee" testName="TestGetDataWithPrune" computerName="DKSR-EFI-04" duration="00:00:00.0074255" startTime="2023-12-22T09:34:27.4283975+01:00" endTime="2023-12-22T09:34:27.4283975+01:00" testType="13cdc9d9-ddb5-4fa4-a97d-d965ccfc6d4b" outcome="Passed" testListId="8c84fa94-04c1-424b-9868-57a2d4851a1d" relativeResultsDirectory="3a20b0b6-9a71-4c69-880f-53d7c6587027" />
    <UnitTestResult executionId="3f953002-5bc6-4eca-9649-6f5ba841c62d" testId="5b41c46b-1dee-ac44-4454-7eb6d7e505a2" testName="TestLogoutWithInvalidUser" computerName="DKSR-EFI-04" duration="00:00:00.0022462" startTime="2023-12-22T09:34:31.6627924+01:00" endTime="2023-12-22T09:34:31.6627924+01:00" testType="13cdc9d9-ddb5-4fa4-a97d-d965ccfc6d4b" outcome="Passed" testListId="8c84fa94-04c1-424b-9868-57a2d4851a1d" relativeResultsDirectory="3f953002-5bc6-4eca-9649-6f5ba841c62d" />
    <UnitTestResult executionId="50b2a560-a1ee-4117-9835-6e8fc2dcc276" testId="4ef9ba7f-9843-68c1-3bd4-4c329c30cec0" testName="Handle_ShouldFlattenPriorityValue_WhenValuesIncludePriorityAndPriorityInt" computerName="DKSR-EFI-04" duration="00:00:00.0021738" startTime="2023-12-22T09:34:43.9753560+01:00" endTime="2023-12-22T09:34:43.9753560+01:00" testType="13cdc9d9-ddb5-4fa4-a97d-d965ccfc6d4b" outcome="Passed" testListId="8c84fa94-04c1-424b-9868-57a2d4851a1d" relativeResultsDirectory="50b2a560-a1ee-4117-9835-6e8fc2dcc276" />
    <UnitTestResult executionId="6fc5d661-3758-4eef-b0a3-25b5b47524eb" testId="85389b76-f656-b28d-81df-d1ec6e961132" testName="TestGetStatusWithValidParameters" computerName="DKSR-EFI-04" duration="00:00:00.0214832" startTime="2023-12-22T09:34:27.9440223+01:00" endTime="2023-12-22T09:34:27.9596494+01:00" testType="13cdc9d9-ddb5-4fa4-a97d-d965ccfc6d4b" outcome="Passed" testListId="8c84fa94-04c1-424b-9868-57a2d4851a1d" relativeResultsDirectory="6fc5d661-3758-4eef-b0a3-25b5b47524eb" />
    <UnitTestResult executionId="800abb46-1976-410e-8fa9-823b87c54e66" testId="aff30fbf-763f-2f9e-b0cc-a98a35d151b0" testName="TestUpdateElementDisplayXmlWithNonExistingVisualOwnerId" computerName="DKSR-EFI-04" duration="00:00:00.0021913" startTime="2023-12-22T09:34:35.2409357+01:00" endTime="2023-12-22T09:34:35.2409357+01:00" testType="13cdc9d9-ddb5-4fa4-a97d-d965ccfc6d4b" outcome="Passed" testListId="8c84fa94-04c1-424b-9868-57a2d4851a1d" relativeResultsDirectory="800abb46-1976-410e-8fa9-823b87c54e66" />
    <UnitTestResult executionId="7030eabd-c313-4c3b-aa13-db6cd05fd396" testId="7138cab9-c2f9-008a-0b0c-9d64fbb5e6b9" testName="TestCheckAuthorizationWithWindowsUserWithUnknownError" computerName="DKSR-EFI-04" duration="00:00:00.0029684" startTime="2023-12-22T09:34:39.8815863+01:00" endTime="2023-12-22T09:34:39.8815863+01:00" testType="13cdc9d9-ddb5-4fa4-a97d-d965ccfc6d4b" outcome="Passed" testListId="8c84fa94-04c1-424b-9868-57a2d4851a1d" relativeResultsDirectory="7030eabd-c313-4c3b-aa13-db6cd05fd396" />
    <UnitTestResult executionId="29477286-d087-467f-a626-33ebf6badad3" testId="a0e44636-1ff6-6a1e-ac48-cd0b02b4597b" testName="TestConstructorWithNullPluginDefinition" computerName="DKSR-EFI-04" duration="00:00:00.0022331" startTime="2023-12-22T09:34:40.1940865+01:00" endTime="2023-12-22T09:34:40.1940865+01:00" testType="13cdc9d9-ddb5-4fa4-a97d-d965ccfc6d4b" outcome="Passed" testListId="8c84fa94-04c1-424b-9868-57a2d4851a1d" relativeResultsDirectory="29477286-d087-467f-a626-33ebf6badad3" />
    <UnitTestResult executionId="39ffa9d1-4a8d-43a0-884e-cbb8b10d5416" testId="42161733-a84f-c463-f8a8-073b446ca3de" testName="TestCreateFilteredConfigurationTopLevelUnitLimited" computerName="DKSR-EFI-04" duration="00:00:00.0012401" startTime="2023-12-22T09:34:44.7722358+01:00" endTime="2023-12-22T09:34:44.7722358+01:00" testType="13cdc9d9-ddb5-4fa4-a97d-d965ccfc6d4b" outcome="Passed" testListId="8c84fa94-04c1-424b-9868-57a2d4851a1d" relativeResultsDirectory="39ffa9d1-4a8d-43a0-884e-cbb8b10d5416" />
    <UnitTestResult executionId="77820f36-c694-4dee-a44a-d97ee600ecbb" testId="b2206278-bd3d-1c8b-0142-78ef5805880b" testName="TestGetIconDataThrowingUnhandledException" computerName="DKSR-EFI-04" duration="00:00:00.0044281" startTime="2023-12-22T09:34:31.2409134+01:00" endTime="2023-12-22T09:34:31.2409134+01:00" testType="13cdc9d9-ddb5-4fa4-a97d-d965ccfc6d4b" outcome="Passed" testListId="8c84fa94-04c1-424b-9868-57a2d4851a1d" relativeResultsDirectory="77820f36-c694-4dee-a44a-d97ee600ecbb" />
    <UnitTestResult executionId="4f955e18-82e0-4b8d-b592-11217bf05108" testId="022a055b-6ebe-e782-e026-a09e283910ea" testName="TestGetObjectsWithinGPSAreaNotAuthenticated" computerName="DKSR-EFI-04" duration="00:00:00.0015110" startTime="2023-12-22T09:34:31.0690382+01:00" endTime="2023-12-22T09:34:31.0690382+01:00" testType="13cdc9d9-ddb5-4fa4-a97d-d965ccfc6d4b" outcome="Passed" testListId="8c84fa94-04c1-424b-9868-57a2d4851a1d" relativeResultsDirectory="4f955e18-82e0-4b8d-b592-11217bf05108" />
    <UnitTestResult executionId="5ad65ee4-a23c-4317-91f2-c541a34ee19e" testId="a5bf996a-851b-c1e5-0c9e-4b5c6288a744" testName="TestOneACSystemPLUnsupportedButEnabledOneACSystemPLEnabled" computerName="DKSR-EFI-04" duration="00:00:00.0018428" startTime="2023-12-22T09:34:39.8034598+01:00" endTime="2023-12-22T09:34:39.8034598+01:00" testType="13cdc9d9-ddb5-4fa4-a97d-d965ccfc6d4b" outcome="Passed" testListId="8c84fa94-04c1-424b-9868-57a2d4851a1d" relativeResultsDirectory="5ad65ee4-a23c-4317-91f2-c541a34ee19e" />
    <UnitTestResult executionId="6e966d28-82b1-4ab6-bfff-2702aba91d8e" testId="83602d0f-e8fc-dc2c-16f1-f22bb5275d62" testName="TestGetIconReturnOthersIcon" computerName="DKSR-EFI-04" duration="00:00:00.0018936" startTime="2023-12-22T09:34:33.5846759+01:00" endTime="2023-12-22T09:34:33.5846759+01:00" testType="13cdc9d9-ddb5-4fa4-a97d-d965ccfc6d4b" outcome="Passed" testListId="8c84fa94-04c1-424b-9868-57a2d4851a1d" relativeResultsDirectory="6e966d28-82b1-4ab6-bfff-2702aba91d8e" />
    <UnitTestResult executionId="ca0ffe9d-4292-4f66-82c2-a8c9e6ff8be3" testId="47ff905a-bdb9-8c9d-978f-83c30105525a" testName="TestCreateFilteredConfigurationChildUnitLimited" computerName="DKSR-EFI-04" duration="00:00:00.0011967" startTime="2023-12-22T09:34:44.7722358+01:00" endTime="2023-12-22T09:34:44.7722358+01:00" testType="13cdc9d9-ddb5-4fa4-a97d-d965ccfc6d4b" outcome="Passed" testListId="8c84fa94-04c1-424b-9868-57a2d4851a1d" relativeResultsDirectory="ca0ffe9d-4292-4f66-82c2-a8c9e6ff8be3" />
    <UnitTestResult executionId="97e64d5e-4e3b-4a3b-afeb-d1282fcbcdd3" testId="f03a5c4e-00a7-c123-3fad-20db24597c9c" testName="TestUpdateObjectWithValidParameters" computerName="DKSR-EFI-04" duration="00:00:00.0044574" startTime="2023-12-22T09:34:30.8971631+01:00" endTime="2023-12-22T09:34:30.8971631+01:00" testType="13cdc9d9-ddb5-4fa4-a97d-d965ccfc6d4b" outcome="Passed" testListId="8c84fa94-04c1-424b-9868-57a2d4851a1d" relativeResultsDirectory="97e64d5e-4e3b-4a3b-afeb-d1282fcbcdd3" />
    <UnitTestResult executionId="55cd179d-899f-48fa-af81-fa868033ffeb" testId="845a4b78-2afb-dc38-4c33-12f56ddfe7ee" testName="TestCreateObjectsWithServerIDInRelationID" computerName="DKSR-EFI-04" duration="00:00:00.0024041" startTime="2023-12-22T09:34:31.3502909+01:00" endTime="2023-12-22T09:34:31.3502909+01:00" testType="13cdc9d9-ddb5-4fa4-a97d-d965ccfc6d4b" outcome="Passed" testListId="8c84fa94-04c1-424b-9868-57a2d4851a1d" relativeResultsDirectory="55cd179d-899f-48fa-af81-fa868033ffeb" />
    <UnitTestResult executionId="d214fbf4-a8a6-4d3d-9efe-c723c7b4cbb2" testId="c3bd286e-e412-9a7e-dc49-1313e3d02098" testName="TestRemoveElementsWithInvalidId" computerName="DKSR-EFI-04" duration="00:00:00.0039283" startTime="2023-12-22T09:34:36.7565681+01:00" endTime="2023-12-22T09:34:36.7565681+01:00" testType="13cdc9d9-ddb5-4fa4-a97d-d965ccfc6d4b" outcome="Passed" testListId="8c84fa94-04c1-424b-9868-57a2d4851a1d" relativeResultsDirectory="d214fbf4-a8a6-4d3d-9efe-c723c7b4cbb2" />
    <UnitTestResult executionId="2ad8189c-58ba-4247-81fa-a1fc1a511572" testId="1ec81807-d127-32aa-fc7b-9ec8ae41fc40" testName="TestOneACSystemPLUnsupportedOneACSystemPLUnsupported" computerName="DKSR-EFI-04" duration="00:00:00.0058278" startTime="2023-12-22T09:34:39.7565863+01:00" endTime="2023-12-22T09:34:39.7565863+01:00" testType="13cdc9d9-ddb5-4fa4-a97d-d965ccfc6d4b" outcome="Passed" testListId="8c84fa94-04c1-424b-9868-57a2d4851a1d" relativeResultsDirectory="2ad8189c-58ba-4247-81fa-a1fc1a511572" />
    <UnitTestResult executionId="5e0fcab8-2f0d-4c7b-a21e-d9a593c947b4" testId="ea6d29d3-95d7-024f-8190-73b535cae4ec" testName="TestUpdateElementNameWithNonExistingVisualOwnerId" computerName="DKSR-EFI-04" duration="00:00:00.0021576" startTime="2023-12-22T09:34:37.2096976+01:00" endTime="2023-12-22T09:34:37.2096976+01:00" testType="13cdc9d9-ddb5-4fa4-a97d-d965ccfc6d4b" outcome="Passed" testListId="8c84fa94-04c1-424b-9868-57a2d4851a1d" relativeResultsDirectory="5e0fcab8-2f0d-4c7b-a21e-d9a593c947b4" />
    <UnitTestResult executionId="db84c0f8-9969-413a-a19b-a42b5a9726a9" testId="e70f92fc-f1d3-cec4-b7e4-b0ff367f2fb1" testName="TestInsertElementWithUsedRelationId" computerName="DKSR-EFI-04" duration="00:00:00.0138452" startTime="2023-12-22T09:34:35.3815613+01:00" endTime="2023-12-22T09:34:35.3971854+01:00" testType="13cdc9d9-ddb5-4fa4-a97d-d965ccfc6d4b" outcome="Passed" testListId="8c84fa94-04c1-424b-9868-57a2d4851a1d" relativeResultsDirectory="db84c0f8-9969-413a-a19b-a42b5a9726a9" />
    <UnitTestResult executionId="cafbe729-8df0-47f4-9f87-596ac5332d48" testId="e882c110-d54b-b53d-28f8-466fc33e4948" testName="TestUpdateAlarmWithState" computerName="DKSR-EFI-04" duration="00:00:00.0124495" startTime="2023-12-22T09:34:32.4127960+01:00" endTime="2023-12-22T09:34:32.4284213+01:00" testType="13cdc9d9-ddb5-4fa4-a97d-d965ccfc6d4b" outcome="Passed" testListId="8c84fa94-04c1-424b-9868-57a2d4851a1d" relativeResultsDirectory="cafbe729-8df0-47f4-9f87-596ac5332d48" />
    <UnitTestResult executionId="cc6ce356-206d-4a7e-b51f-b8b96acb1048" testId="4cf9dbcf-57e4-1d7c-8f5e-9937c35779e4" testName="TestSaveConfigurationWithNoElements" computerName="DKSR-EFI-04" duration="00:00:00.0034131" startTime="2023-12-22T09:34:34.0534283+01:00" endTime="2023-12-22T09:34:34.0690541+01:00" testType="13cdc9d9-ddb5-4fa4-a97d-d965ccfc6d4b" outcome="Passed" testListId="8c84fa94-04c1-424b-9868-57a2d4851a1d" relativeResultsDirectory="cc6ce356-206d-4a7e-b51f-b8b96acb1048" />
    <UnitTestResult executionId="fcae7bdb-e747-4c0e-8a14-c7ddd220563c" testId="b94641e4-ee46-3d33-d427-e9153ae3739f" testName="TestConstructor" computerName="DKSR-EFI-04" duration="00:00:00.0016936" startTime="2023-12-22T09:34:37.5534477+01:00" endTime="2023-12-22T09:34:37.5534477+01:00" testType="13cdc9d9-ddb5-4fa4-a97d-d965ccfc6d4b" outcome="Passed" testListId="8c84fa94-04c1-424b-9868-57a2d4851a1d" relativeResultsDirectory="fcae7bdb-e747-4c0e-8a14-c7ddd220563c" />
    <UnitTestResult executionId="7c2befd3-3426-4be9-a322-2ec0dd44d055" testId="9a60e8b1-4d8a-31ce-d3cc-dc0fc13ef5e5" testName="EventIdListTest_RecorderListIds_NotContainedInWebServiceEventIds" computerName="DKSR-EFI-04" duration="00:00:00.0000662" startTime="2023-12-22T09:34:40.6159633+01:00" endTime="2023-12-22T09:34:40.6159633+01:00" testType="13cdc9d9-ddb5-4fa4-a97d-d965ccfc6d4b" outcome="Passed" testListId="8c84fa94-04c1-424b-9868-57a2d4851a1d" relativeResultsDirectory="7c2befd3-3426-4be9-a322-2ec0dd44d055" />
    <UnitTestResult executionId="e5f04923-40cf-417e-8f1f-af0b2add1575" testId="f8b6cadd-b921-8c12-7802-ac8ca86f3113" testName="TestCacheCleanupSingleSessionSingleUserIdNoTouchLongOverdue" computerName="DKSR-EFI-04" duration="00:00:00.0009105" startTime="2023-12-22T09:34:39.6472072+01:00" endTime="2023-12-22T09:34:39.6472072+01:00" testType="13cdc9d9-ddb5-4fa4-a97d-d965ccfc6d4b" outcome="Passed" testListId="8c84fa94-04c1-424b-9868-57a2d4851a1d" relativeResultsDirectory="e5f04923-40cf-417e-8f1f-af0b2add1575" />
    <UnitTestResult executionId="426cb8fe-4c8d-4e8d-abfe-e8e36aee0676" testId="0200c27a-805d-d307-9530-462a9d6d0eeb" testName="TestGetAlarmLines" computerName="DKSR-EFI-04" duration="00:00:00.0048268" startTime="2023-12-22T09:34:32.4909207+01:00" endTime="2023-12-22T09:34:32.5065466+01:00" testType="13cdc9d9-ddb5-4fa4-a97d-d965ccfc6d4b" outcome="Passed" testListId="8c84fa94-04c1-424b-9868-57a2d4851a1d" relativeResultsDirectory="426cb8fe-4c8d-4e8d-abfe-e8e36aee0676" />
    <UnitTestResult executionId="cf0c5b3c-7fc1-40cb-af1f-ffb173fbba47" testId="8279d099-96d6-eac9-0f98-2fd4f430960c" testName="TestOneACSystemPLUnsupportedButEnabledOneACSystemPLUnsupportedButEnabled" computerName="DKSR-EFI-04" duration="00:00:00.0017113" startTime="2023-12-22T09:34:39.7878374+01:00" endTime="2023-12-22T09:34:39.8034598+01:00" testType="13cdc9d9-ddb5-4fa4-a97d-d965ccfc6d4b" outcome="Passed" testListId="8c84fa94-04c1-424b-9868-57a2d4851a1d" relativeResultsDirectory="cf0c5b3c-7fc1-40cb-af1f-ffb173fbba47" />
    <UnitTestResult executionId="942fc715-72d9-4d9a-bd75-ce224329da42" testId="d687512c-3316-26f6-6876-16b79ea538f4" testName="TestDeleteObjectsThrowingUnhandledException" computerName="DKSR-EFI-04" duration="00:00:00.0029566" startTime="2023-12-22T09:34:31.6315427+01:00" endTime="2023-12-22T09:34:31.6315427+01:00" testType="13cdc9d9-ddb5-4fa4-a97d-d965ccfc6d4b" outcome="Passed" testListId="8c84fa94-04c1-424b-9868-57a2d4851a1d" relativeResultsDirectory="942fc715-72d9-4d9a-bd75-ce224329da42" />
    <UnitTestResult executionId="9d14d718-e528-4eba-8fd4-2f672e1eba91" testId="e79cff88-57a1-4d54-5842-382760458b84" testName="TestOneACSystemPLDisabledOneACSystemPLDisabled" computerName="DKSR-EFI-04" duration="00:00:00.0019213" startTime="2023-12-22T09:34:39.7878374+01:00" endTime="2023-12-22T09:34:39.7878374+01:00" testType="13cdc9d9-ddb5-4fa4-a97d-d965ccfc6d4b" outcome="Passed" testListId="8c84fa94-04c1-424b-9868-57a2d4851a1d" relativeResultsDirectory="9d14d718-e528-4eba-8fd4-2f672e1eba91" />
    <UnitTestResult executionId="435e253e-675e-4f00-b309-07e56b0b12a2" testId="fba6c5d6-f67e-b778-3f6d-40b264f20da7" testName="TestGetTypeChanged" computerName="DKSR-EFI-04" duration="00:00:00.0040434" startTime="2023-12-22T09:34:37.1159460+01:00" endTime="2023-12-22T09:34:37.1159460+01:00" testType="13cdc9d9-ddb5-4fa4-a97d-d965ccfc6d4b" outcome="Passed" testListId="8c84fa94-04c1-424b-9868-57a2d4851a1d" relativeResultsDirectory="435e253e-675e-4f00-b309-07e56b0b12a2" />
    <UnitTestResult executionId="8922ecdb-c815-46b0-a717-0ff537c720a1" testId="f0226581-d7f4-7994-5ccb-69826aa89692" testName="TestInsertElementWithServerIdInRelationIdAndCyclicRelation" computerName="DKSR-EFI-04" duration="00:00:00.0123263" startTime="2023-12-22T09:34:35.7409382+01:00" endTime="2023-12-22T09:34:35.7565627+01:00" testType="13cdc9d9-ddb5-4fa4-a97d-d965ccfc6d4b" outcome="Passed" testListId="8c84fa94-04c1-424b-9868-57a2d4851a1d" relativeResultsDirectory="8922ecdb-c815-46b0-a717-0ff537c720a1" />
    <UnitTestResult executionId="bdc8b1a7-954c-4bdd-bab1-e23b9902a04b" testId="7c2c6837-0ff3-3639-aae7-2c01abcd651e" testName="TestUpdateElementsWithAnElementMarkedForDeletion" computerName="DKSR-EFI-04" duration="00:00:00.0058973" startTime="2023-12-22T09:34:36.0846911+01:00" endTime="2023-12-22T09:34:36.0846911+01:00" testType="13cdc9d9-ddb5-4fa4-a97d-d965ccfc6d4b" outcome="Passed" testListId="8c84fa94-04c1-424b-9868-57a2d4851a1d" relativeResultsDirectory="bdc8b1a7-954c-4bdd-bab1-e23b9902a04b" />
    <UnitTestResult executionId="102e9088-4a3d-4522-b6d8-aff50bf5586b" testId="9f2d1477-390a-653e-b0f6-8bf047758a68" testName="TestGetPlugInsThrowingUnhandledException" computerName="DKSR-EFI-04" duration="00:00:00.0044764" startTime="2023-12-22T09:34:30.7409119+01:00" endTime="2023-12-22T09:34:30.7565378+01:00" testType="13cdc9d9-ddb5-4fa4-a97d-d965ccfc6d4b" outcome="Passed" testListId="8c84fa94-04c1-424b-9868-57a2d4851a1d" relativeResultsDirectory="102e9088-4a3d-4522-b6d8-aff50bf5586b" />
    <UnitTestResult executionId="16be0af9-fabb-4109-89cf-1bfd2eeb779b" testId="3ca1982b-2ea7-5d94-db54-ade5cd0ce4d1" testName="TestUpdateStateWithUnknownElement" computerName="DKSR-EFI-04" duration="00:00:00.0022672" startTime="2023-12-22T09:34:37.3815715+01:00" endTime="2023-12-22T09:34:37.3815715+01:00" testType="13cdc9d9-ddb5-4fa4-a97d-d965ccfc6d4b" outcome="Passed" testListId="8c84fa94-04c1-424b-9868-57a2d4851a1d" relativeResultsDirectory="16be0af9-fabb-4109-89cf-1bfd2eeb779b" />
    <UnitTestResult executionId="950b8597-7e26-4110-b13f-a935bfb268fb" testId="9d75fc61-02a7-56c3-acfc-5b8fb2336567" testName="TestGetAllElementsWithinGpsAreaWithInvalidLowerRightBounds" computerName="DKSR-EFI-04" duration="00:00:00.0316226" startTime="2023-12-22T09:34:36.5065683+01:00" endTime="2023-12-22T09:34:36.5378188+01:00" testType="13cdc9d9-ddb5-4fa4-a97d-d965ccfc6d4b" outcome="Passed" testListId="8c84fa94-04c1-424b-9868-57a2d4851a1d" relativeResultsDirectory="950b8597-7e26-4110-b13f-a935bfb268fb" />
    <UnitTestResult executionId="fa7390f3-bd12-4800-8a3c-29e318642938" testId="628c5a10-fa75-4635-d543-84daf4bbbed1" testName="TestUpdateElementWithWithAChildRemovingRelation" computerName="DKSR-EFI-04" duration="00:00:00.0108068" startTime="2023-12-22T09:34:35.9753144+01:00" endTime="2023-12-22T09:34:35.9909376+01:00" testType="13cdc9d9-ddb5-4fa4-a97d-d965ccfc6d4b" outcome="Passed" testListId="8c84fa94-04c1-424b-9868-57a2d4851a1d" relativeResultsDirectory="fa7390f3-bd12-4800-8a3c-29e318642938" />
    <UnitTestResult executionId="ca16c19c-2895-49c9-b424-ad669a9a80b1" testId="081d79ae-92e6-b908-1d02-350cb6023be2" testName="TestCreate" computerName="DKSR-EFI-04" duration="00:00:00.1841774" startTime="2023-12-22T09:34:20.3346108+01:00" endTime="2023-12-22T09:34:21.1158635+01:00" testType="13cdc9d9-ddb5-4fa4-a97d-d965ccfc6d4b" outcome="Passed" testListId="8c84fa94-04c1-424b-9868-57a2d4851a1d" relativeResultsDirectory="ca16c19c-2895-49c9-b424-ad669a9a80b1" />
    <UnitTestResult executionId="42221659-34f8-44ed-b992-b8a9ef121cdb" testId="ab798f06-3bf6-045e-1892-75901f2e7685" testName="UpdateObject_WithValidParameters" computerName="DKSR-EFI-04" duration="00:00:00.0056664" startTime="2023-12-22T09:34:30.2565342+01:00" endTime="2023-12-22T09:34:30.2721596+01:00" testType="13cdc9d9-ddb5-4fa4-a97d-d965ccfc6d4b" outcome="Passed" testListId="8c84fa94-04c1-424b-9868-57a2d4851a1d" relativeResultsDirectory="42221659-34f8-44ed-b992-b8a9ef121cdb" />
    <UnitTestResult executionId="0f79181a-6d8d-4ce1-98d9-09a4f9fd5d89" testId="20617ce6-36f9-6733-8379-e6990cbfa1ef" testName="UpdateObjects_WithValidParameters" computerName="DKSR-EFI-04" duration="00:00:00.0052281" startTime="2023-12-22T09:34:31.3971650+01:00" endTime="2023-12-22T09:34:31.3971650+01:00" testType="13cdc9d9-ddb5-4fa4-a97d-d965ccfc6d4b" outcome="Passed" testListId="8c84fa94-04c1-424b-9868-57a2d4851a1d" relativeResultsDirectory="0f79181a-6d8d-4ce1-98d9-09a4f9fd5d89" />
    <UnitTestResult executionId="d32ce2d4-6eeb-4773-aa72-088958e6cda0" testId="04cda920-efc4-365b-24c0-fc5e6312876f" testName="TestGetAllObjectsOnVisualElementNotAuthenticated" computerName="DKSR-EFI-04" duration="00:00:00.0015574" startTime="2023-12-22T09:34:31.0534138+01:00" endTime="2023-12-22T09:34:31.0534138+01:00" testType="13cdc9d9-ddb5-4fa4-a97d-d965ccfc6d4b" outcome="Passed" testListId="8c84fa94-04c1-424b-9868-57a2d4851a1d" relativeResultsDirectory="d32ce2d4-6eeb-4773-aa72-088958e6cda0" />
    <UnitTestResult executionId="3ff020bc-4050-49fe-8409-34260a3fd860" testId="62b536c1-1bca-c658-de57-8a37bfb49525" testName="TestGetVisualElementChangesWithoutAskingForSubElements" computerName="DKSR-EFI-04" duration="00:00:00.0151710" startTime="2023-12-22T09:34:37.1315695+01:00" endTime="2023-12-22T09:34:37.1471954+01:00" testType="13cdc9d9-ddb5-4fa4-a97d-d965ccfc6d4b" outcome="Passed" testListId="8c84fa94-04c1-424b-9868-57a2d4851a1d" relativeResultsDirectory="3ff020bc-4050-49fe-8409-34260a3fd860" />
    <UnitTestResult executionId="d2f98c0d-f065-4df8-838b-dbb40d2cd55b" testId="f2c10cca-fc55-f413-45c2-2521cc1961e2" testName="TestGetState" computerName="DKSR-EFI-04" duration="00:00:00.0009718" startTime="2023-12-22T09:34:38.0222026+01:00" endTime="2023-12-22T09:34:38.0378251+01:00" testType="13cdc9d9-ddb5-4fa4-a97d-d965ccfc6d4b" outcome="Passed" testListId="8c84fa94-04c1-424b-9868-57a2d4851a1d" relativeResultsDirectory="d2f98c0d-f065-4df8-838b-dbb40d2cd55b" />
    <UnitTestResult executionId="1a6c1eab-67c0-460d-bb1e-15aaef65cf34" testId="4478d8c6-cc1f-151f-5b78-c96e0f6d778a" testName="TestGetAlarmMessagesException" computerName="DKSR-EFI-04" duration="00:00:00.0032910" startTime="2023-12-22T09:34:32.5690481+01:00" endTime="2023-12-22T09:34:32.5690481+01:00" testType="13cdc9d9-ddb5-4fa4-a97d-d965ccfc6d4b" outcome="Passed" testListId="8c84fa94-04c1-424b-9868-57a2d4851a1d" relativeResultsDirectory="1a6c1eab-67c0-460d-bb1e-15aaef65cf34" />
    <UnitTestResult executionId="6c21dca3-2b19-4d0b-ac55-f1c4ff31a49a" testId="475df9a0-d2db-c383-720b-f7b47342c040" testName="LookupGroupId_ShouldReturnUnknownEventGroup_WhenEventIsUnknown" computerName="DKSR-EFI-04" duration="00:00:00.1210415" startTime="2023-12-22T09:34:41.8190998+01:00" endTime="2023-12-22T09:34:41.9440948+01:00" testType="13cdc9d9-ddb5-4fa4-a97d-d965ccfc6d4b" outcome="Passed" testListId="8c84fa94-04c1-424b-9868-57a2d4851a1d" relativeResultsDirectory="6c21dca3-2b19-4d0b-ac55-f1c4ff31a49a" />
    <UnitTestResult executionId="7dc17952-e026-4729-b70d-2b5a07bca1c0" testId="e27bd1d2-650e-74fd-27b7-698f00abad61" testName="TestGetStatusWithAForeignRelationButFiltered" computerName="DKSR-EFI-04" duration="00:00:00.0066337" startTime="2023-12-22T09:34:34.6471835+01:00" endTime="2023-12-22T09:34:34.6628067+01:00" testType="13cdc9d9-ddb5-4fa4-a97d-d965ccfc6d4b" outcome="Passed" testListId="8c84fa94-04c1-424b-9868-57a2d4851a1d" relativeResultsDirectory="7dc17952-e026-4729-b70d-2b5a07bca1c0" />
    <UnitTestResult executionId="311655fa-f704-4910-9a1d-e5c78f7126da" testId="e51d5a0b-1ec1-7c7b-fb43-2477559a4db3" testName="UpdateDisplayXML_WithValidParameters" computerName="DKSR-EFI-04" duration="00:00:00.0050445" startTime="2023-12-22T09:34:30.7096608+01:00" endTime="2023-12-22T09:34:30.7252872+01:00" testType="13cdc9d9-ddb5-4fa4-a97d-d965ccfc6d4b" outcome="Passed" testListId="8c84fa94-04c1-424b-9868-57a2d4851a1d" relativeResultsDirectory="311655fa-f704-4910-9a1d-e5c78f7126da" />
    <UnitTestResult executionId="485e9a0b-3760-4629-9e91-2d641dc8c1b3" testId="61a27669-aede-ff1b-28bc-1b1d2d61e91a" testName="TestNameWithNoMapPlugInType" computerName="DKSR-EFI-04" duration="00:00:00.0001636" startTime="2023-12-22T09:34:33.6784276+01:00" endTime="2023-12-22T09:34:33.6784276+01:00" testType="13cdc9d9-ddb5-4fa4-a97d-d965ccfc6d4b" outcome="Passed" testListId="8c84fa94-04c1-424b-9868-57a2d4851a1d" relativeResultsDirectory="485e9a0b-3760-4629-9e91-2d641dc8c1b3" />
    <UnitTestResult executionId="6560d143-e937-45a2-a3cd-02cdfd7e9ef0" testId="b8edc3ef-b429-906b-f809-265185fb5189" testName="TestInsertElementsWithInvalidId" computerName="DKSR-EFI-04" duration="00:00:00.0219078" startTime="2023-12-22T09:34:35.8034363+01:00" endTime="2023-12-22T09:34:35.8346881+01:00" testType="13cdc9d9-ddb5-4fa4-a97d-d965ccfc6d4b" outcome="Passed" testListId="8c84fa94-04c1-424b-9868-57a2d4851a1d" relativeResultsDirectory="6560d143-e937-45a2-a3cd-02cdfd7e9ef0" />
    <UnitTestResult executionId="aa2c0c37-4afa-47f2-b71f-d4f079eb68cb" testId="42c7b6ec-6fd8-3a5b-5dad-a1ffcb7fbb57" testName="ModifySuppressStatusItem_AttemptsToModifyNonExistingItem" computerName="DKSR-EFI-04" duration="00:00:00.0091684" startTime="2023-12-22T09:34:26.7877678+01:00" endTime="2023-12-22T09:34:26.8033940+01:00" testType="13cdc9d9-ddb5-4fa4-a97d-d965ccfc6d4b" outcome="Passed" testListId="8c84fa94-04c1-424b-9868-57a2d4851a1d" relativeResultsDirectory="aa2c0c37-4afa-47f2-b71f-d4f079eb68cb" />
    <UnitTestResult executionId="42e12911-5929-4d7a-adab-d36b777595ce" testId="0e3e3d76-0931-6ed2-f1ab-88f35b78ffad" testName="TestGetAllElementsOfTypeLimitedLevels" computerName="DKSR-EFI-04" duration="00:00:00.0135153" startTime="2023-12-22T09:34:36.3815676+01:00" endTime="2023-12-22T09:34:36.3971910+01:00" testType="13cdc9d9-ddb5-4fa4-a97d-d965ccfc6d4b" outcome="Passed" testListId="8c84fa94-04c1-424b-9868-57a2d4851a1d" relativeResultsDirectory="42e12911-5929-4d7a-adab-d36b777595ce" />
    <UnitTestResult executionId="d7570d1c-1bd0-433b-b993-9317cc09c4e0" testId="58f66935-b4b3-6118-596d-600db53f9218" testName="TestConstructor" computerName="DKSR-EFI-04" duration="00:00:00.0006549" startTime="2023-12-22T09:34:32.8815483+01:00" endTime="2023-12-22T09:34:32.8815483+01:00" testType="13cdc9d9-ddb5-4fa4-a97d-d965ccfc6d4b" outcome="Passed" testListId="8c84fa94-04c1-424b-9868-57a2d4851a1d" relativeResultsDirectory="d7570d1c-1bd0-433b-b993-9317cc09c4e0" />
    <UnitTestResult executionId="80bf39ab-c875-428d-99e0-ddef49e601db" testId="3ce60d24-6b9e-ad13-e847-b9237bca7759" testName="TestGetAllObjectsOfTypeThrowingUnhandledException" computerName="DKSR-EFI-04" duration="00:00:00.0030302" startTime="2023-12-22T09:34:31.4909170+01:00" endTime="2023-12-22T09:34:31.4909170+01:00" testType="13cdc9d9-ddb5-4fa4-a97d-d965ccfc6d4b" outcome="Passed" testListId="8c84fa94-04c1-424b-9868-57a2d4851a1d" relativeResultsDirectory="80bf39ab-c875-428d-99e0-ddef49e601db" />
    <UnitTestResult executionId="2069eae5-127f-48f4-9fe6-ffc2f9d0f10a" testId="0fd024f0-12ba-7ea7-b690-018972738db2" testName="TestStartWithNoConfigHosts" computerName="DKSR-EFI-04" duration="00:00:00.0008790" startTime="2023-12-22T09:34:40.0534612+01:00" endTime="2023-12-22T09:34:40.0534612+01:00" testType="13cdc9d9-ddb5-4fa4-a97d-d965ccfc6d4b" outcome="Passed" testListId="8c84fa94-04c1-424b-9868-57a2d4851a1d" relativeResultsDirectory="2069eae5-127f-48f4-9fe6-ffc2f9d0f10a" />
    <UnitTestResult executionId="f3efab00-b066-4efd-903a-a78c33255da4" testId="9186e825-8e3d-f413-3e31-cf412d7a879d" testName="TestGetPlugInsAccessControl" computerName="DKSR-EFI-04" duration="00:00:00.0318099" startTime="2023-12-22T09:34:33.0221775+01:00" endTime="2023-12-22T09:34:33.0534244+01:00" testType="13cdc9d9-ddb5-4fa4-a97d-d965ccfc6d4b" outcome="Passed" testListId="8c84fa94-04c1-424b-9868-57a2d4851a1d" relativeResultsDirectory="f3efab00-b066-4efd-903a-a78c33255da4" />
    <UnitTestResult executionId="3feb5155-178a-46e8-ac96-523e5b7588fc" testId="5cdc70af-ff91-ee76-bf09-79c97701d345" testName="TestUpdateObjectsThrowingUnhandledException" computerName="DKSR-EFI-04" duration="00:00:00.0028052" startTime="2023-12-22T09:34:31.4284154+01:00" endTime="2023-12-22T09:34:31.4284154+01:00" testType="13cdc9d9-ddb5-4fa4-a97d-d965ccfc6d4b" outcome="Passed" testListId="8c84fa94-04c1-424b-9868-57a2d4851a1d" relativeResultsDirectory="3feb5155-178a-46e8-ac96-523e5b7588fc" />
    <UnitTestResult executionId="ea9949a0-3828-4afc-a8de-3e1ef587a102" testId="ff57e55b-1854-c5e0-0fcd-8d0b4d8c7f8b" testName="TestGetTypeChangedWithNegativeTimeout" computerName="DKSR-EFI-04" duration="00:00:00.0051537" startTime="2023-12-22T09:34:31.6784174+01:00" endTime="2023-12-22T09:34:31.6940436+01:00" testType="13cdc9d9-ddb5-4fa4-a97d-d965ccfc6d4b" outcome="Passed" testListId="8c84fa94-04c1-424b-9868-57a2d4851a1d" relativeResultsDirectory="ea9949a0-3828-4afc-a8de-3e1ef587a102" />
    <UnitTestResult executionId="a6470230-2362-4205-876b-a902e61c5647" testId="9dbb768e-bcac-b81e-8f84-5226fb578808" testName="TestGetAllObjectsOfTypeThrowingUnhandledException" computerName="DKSR-EFI-04" duration="00:00:00.0029309" startTime="2023-12-22T09:34:30.3346607+01:00" endTime="2023-12-22T09:34:30.3502858+01:00" testType="13cdc9d9-ddb5-4fa4-a97d-d965ccfc6d4b" outcome="Passed" testListId="8c84fa94-04c1-424b-9868-57a2d4851a1d" relativeResultsDirectory="a6470230-2362-4205-876b-a902e61c5647" />
    <UnitTestResult executionId="35db8ee7-c21e-4a10-895b-b56ffd48e6bf" testId="85bc96f5-633a-73ce-38a3-065c75c961bf" testName="TestInsertElementsAccessListWithoutItemButRelatedElementWithItem" computerName="DKSR-EFI-04" duration="00:00:00.0377527" startTime="2023-12-22T09:34:35.7721870+01:00" endTime="2023-12-22T09:34:35.8034363+01:00" testType="13cdc9d9-ddb5-4fa4-a97d-d965ccfc6d4b" outcome="Passed" testListId="8c84fa94-04c1-424b-9868-57a2d4851a1d" relativeResultsDirectory="35db8ee7-c21e-4a10-895b-b56ffd48e6bf" />
    <UnitTestResult executionId="a15e7ac9-9228-4a33-a272-4b8472293473" testId="04f1c957-3b52-a4e4-88ce-e71488ccd8d2" testName="TestUpdateWithNullValues" computerName="DKSR-EFI-04" duration="00:00:00.0041295" startTime="2023-12-22T09:34:32.8346734+01:00" endTime="2023-12-22T09:34:32.8346734+01:00" testType="13cdc9d9-ddb5-4fa4-a97d-d965ccfc6d4b" outcome="Passed" testListId="8c84fa94-04c1-424b-9868-57a2d4851a1d" relativeResultsDirectory="a15e7ac9-9228-4a33-a272-4b8472293473" />
    <UnitTestResult executionId="e00e8e21-efbd-4121-98f2-cbe3d5e83a93" testId="6d4ff796-fb99-102d-5dff-045c4f4a4c1a" testName="TestUpdateObjectWithInvalidUser" computerName="DKSR-EFI-04" duration="00:00:00.0025769" startTime="2023-12-22T09:34:30.2721596+01:00" endTime="2023-12-22T09:34:30.2721596+01:00" testType="13cdc9d9-ddb5-4fa4-a97d-d965ccfc6d4b" outcome="Passed" testListId="8c84fa94-04c1-424b-9868-57a2d4851a1d" relativeResultsDirectory="e00e8e21-efbd-4121-98f2-cbe3d5e83a93" />
    <UnitTestResult executionId="23cf2c91-c7b7-40a4-825a-b7ce85abe33a" testId="279abe63-320e-13e4-a8e2-c9909fd8742b" testName="LookupGroupId_ShouldReturnDeviceEventGroup_WhenEventIsDeviceEvent" computerName="DKSR-EFI-04" duration="00:00:00.1866467" startTime="2023-12-22T09:34:42.5222267+01:00" endTime="2023-12-22T09:34:42.7097238+01:00" testType="13cdc9d9-ddb5-4fa4-a97d-d965ccfc6d4b" outcome="Passed" testListId="8c84fa94-04c1-424b-9868-57a2d4851a1d" relativeResultsDirectory="23cf2c91-c7b7-40a4-825a-b7ce85abe33a" />
    <UnitTestResult executionId="22ff511e-6e47-45ff-936c-1dfe04f4d49b" testId="eba23772-4d9d-10e4-1b6a-5ca9604d5785" testName="TestGetAllObjectsOfTypeWithInvalidUser" computerName="DKSR-EFI-04" duration="00:00:00.0025505" startTime="2023-12-22T09:34:31.4909170+01:00" endTime="2023-12-22T09:34:31.4909170+01:00" testType="13cdc9d9-ddb5-4fa4-a97d-d965ccfc6d4b" outcome="Passed" testListId="8c84fa94-04c1-424b-9868-57a2d4851a1d" relativeResultsDirectory="22ff511e-6e47-45ff-936c-1dfe04f4d49b" />
    <UnitTestResult executionId="a13df267-5955-4e2c-98de-b3d865fd4dde" testId="e3262ca2-b92e-9142-2017-e6fceeb13397" testName="GetEventTypesTest" computerName="DKSR-EFI-04" duration="00:00:00.0259399" startTime="2023-12-22T09:34:44.0222314+01:00" endTime="2023-12-22T09:34:44.0534814+01:00" testType="13cdc9d9-ddb5-4fa4-a97d-d965ccfc6d4b" outcome="Passed" testListId="8c84fa94-04c1-424b-9868-57a2d4851a1d" relativeResultsDirectory="a13df267-5955-4e2c-98de-b3d865fd4dde" />
    <UnitTestResult executionId="7f2716a1-b3b9-401c-99ca-54c913422b95" testId="0f20ed1f-90f5-3f55-3a6f-ddf0b36cb5a6" testName="TestGetStatusDetailsWithInvalidToken" computerName="DKSR-EFI-04" duration="00:00:00.0041531" startTime="2023-12-22T09:34:28.8815301+01:00" endTime="2023-12-22T09:34:28.8815301+01:00" testType="13cdc9d9-ddb5-4fa4-a97d-d965ccfc6d4b" outcome="Passed" testListId="8c84fa94-04c1-424b-9868-57a2d4851a1d" relativeResultsDirectory="7f2716a1-b3b9-401c-99ca-54c913422b95" />
    <UnitTestResult executionId="8147b8b2-2b20-496f-acf0-697f209c0768" testId="5cb95ba8-2ed5-0457-cda8-ddf8ed781451" testName="TestGetHeaderException" computerName="DKSR-EFI-04" duration="00:00:00.0030965" startTime="2023-12-22T09:34:32.2409220+01:00" endTime="2023-12-22T09:34:32.2565455+01:00" testType="13cdc9d9-ddb5-4fa4-a97d-d965ccfc6d4b" outcome="Passed" testListId="8c84fa94-04c1-424b-9868-57a2d4851a1d" relativeResultsDirectory="8147b8b2-2b20-496f-acf0-697f209c0768" />
    <UnitTestResult executionId="17bdc573-2e4b-40c6-be7d-61b88c4cc23f" testId="1f66a028-fe14-83e5-1dc3-037a7ab62871" testName="TestGetStatusForAllObjectsOfTypeWithInsufficientRights" computerName="DKSR-EFI-04" duration="00:00:00.0141234" startTime="2023-12-22T09:34:35.0378101+01:00" endTime="2023-12-22T09:34:35.0534361+01:00" testType="13cdc9d9-ddb5-4fa4-a97d-d965ccfc6d4b" outcome="Passed" testListId="8c84fa94-04c1-424b-9868-57a2d4851a1d" relativeResultsDirectory="17bdc573-2e4b-40c6-be7d-61b88c4cc23f" />
    <UnitTestResult executionId="d002d12a-06c9-418e-9bce-1644547589c7" testId="7dfc50e8-714e-30b3-d106-dc4220777e56" testName="TestConstructor" computerName="DKSR-EFI-04" duration="00:00:00.0049783" startTime="2023-12-22T09:34:33.8815542+01:00" endTime="2023-12-22T09:34:33.8971786+01:00" testType="13cdc9d9-ddb5-4fa4-a97d-d965ccfc6d4b" outcome="Passed" testListId="8c84fa94-04c1-424b-9868-57a2d4851a1d" relativeResultsDirectory="d002d12a-06c9-418e-9bce-1644547589c7" />
    <UnitTestResult executionId="d9350dbf-7039-46aa-8235-546d976302f6" testId="0d4292bb-9092-07e1-d05c-8ff30f027515" testName="ShouldSave_ShouldBeTrue_IfDefaultRetentionHasBeenUpdated" computerName="DKSR-EFI-04" duration="00:00:00.0018287" startTime="2023-12-22T09:34:41.0534652+01:00" endTime="2023-12-22T09:34:41.0534652+01:00" testType="13cdc9d9-ddb5-4fa4-a97d-d965ccfc6d4b" outcome="Passed" testListId="8c84fa94-04c1-424b-9868-57a2d4851a1d" relativeResultsDirectory="d9350dbf-7039-46aa-8235-546d976302f6" />
    <UnitTestResult executionId="ea7f3b74-3489-4c1f-9a35-7323d8bda086" testId="7de57e20-c921-b425-66cd-8a389b670b01" testName="TestGetTypeChangedNotAuthenticated" computerName="DKSR-EFI-04" duration="00:00:00.0018112" startTime="2023-12-22T09:34:31.2565404+01:00" endTime="2023-12-22T09:34:31.2565404+01:00" testType="13cdc9d9-ddb5-4fa4-a97d-d965ccfc6d4b" outcome="Passed" testListId="8c84fa94-04c1-424b-9868-57a2d4851a1d" relativeResultsDirectory="ea7f3b74-3489-4c1f-9a35-7323d8bda086" />
    <UnitTestResult executionId="2c3d206e-45b5-4b4e-b730-52baae2582a7" testId="4920ef1a-ec63-940a-6c12-3ff42fd4dece" testName="TestGetVisualizationNotAuthenticated" computerName="DKSR-EFI-04" duration="00:00:00.0015521" startTime="2023-12-22T09:34:28.1159042+01:00" endTime="2023-12-22T09:34:28.1159042+01:00" testType="13cdc9d9-ddb5-4fa4-a97d-d965ccfc6d4b" outcome="Passed" testListId="8c84fa94-04c1-424b-9868-57a2d4851a1d" relativeResultsDirectory="2c3d206e-45b5-4b4e-b730-52baae2582a7" />
    <UnitTestResult executionId="f21f7190-9c8d-44b1-9368-708f2036c244" testId="9c4ff579-8830-5232-3a16-ce25a63d0a5c" testName="TestRemoveElementAndChildElementsWithTwoRelations" computerName="DKSR-EFI-04" duration="00:00:00.0226840" startTime="2023-12-22T09:34:36.9596972+01:00" endTime="2023-12-22T09:34:36.9909453+01:00" testType="13cdc9d9-ddb5-4fa4-a97d-d965ccfc6d4b" outcome="Passed" testListId="8c84fa94-04c1-424b-9868-57a2d4851a1d" relativeResultsDirectory="f21f7190-9c8d-44b1-9368-708f2036c244" />
    <UnitTestResult executionId="ed25e829-3bd5-4774-9cd0-a5b26c43aa2a" testId="db4cb7f2-b8a3-b1bb-027d-8824350ed6e4" testName="TestActionCommandCredentialsConstructor" computerName="DKSR-EFI-04" duration="00:00:00.0018977" startTime="2023-12-22T09:34:38.9909548+01:00" endTime="2023-12-22T09:34:38.9909548+01:00" testType="13cdc9d9-ddb5-4fa4-a97d-d965ccfc6d4b" outcome="Passed" testListId="8c84fa94-04c1-424b-9868-57a2d4851a1d" relativeResultsDirectory="ed25e829-3bd5-4774-9cd0-a5b26c43aa2a" />
    <UnitTestResult executionId="3efd16a9-4778-41b1-ad53-54dc0028326a" testId="9bb0e229-48e7-341c-ee58-a20a471abd3a" testName="TestConstructorWithNullData" computerName="DKSR-EFI-04" duration="00:00:00.0014015" startTime="2023-12-22T09:34:32.7722087+01:00" endTime="2023-12-22T09:34:32.7722087+01:00" testType="13cdc9d9-ddb5-4fa4-a97d-d965ccfc6d4b" outcome="Passed" testListId="8c84fa94-04c1-424b-9868-57a2d4851a1d" relativeResultsDirectory="3efd16a9-4778-41b1-ad53-54dc0028326a" />
    <UnitTestResult executionId="e3f789ad-33c1-476d-af81-4e11d7e391e6" testId="4ac1bc51-5ce4-d59f-f7f4-70be4d49e2cc" testName="GetVisualElementChanges_WithZeroTimeout" computerName="DKSR-EFI-04" duration="00:00:00.0053820" startTime="2023-12-22T09:34:31.7409179+01:00" endTime="2023-12-22T09:34:31.7409179+01:00" testType="13cdc9d9-ddb5-4fa4-a97d-d965ccfc6d4b" outcome="Passed" testListId="8c84fa94-04c1-424b-9868-57a2d4851a1d" relativeResultsDirectory="e3f789ad-33c1-476d-af81-4e11d7e391e6" />
    <UnitTestResult executionId="a7e7054a-3e0a-40f3-821f-ea7b6ca8e4ad" testId="d929a040-1aba-5669-e118-7d4e17a2b862" testName="TestOneACSystemPLEnabled" computerName="DKSR-EFI-04" duration="00:00:00.0028194" startTime="2023-12-22T09:34:39.7565863+01:00" endTime="2023-12-22T09:34:39.7565863+01:00" testType="13cdc9d9-ddb5-4fa4-a97d-d965ccfc6d4b" outcome="Passed" testListId="8c84fa94-04c1-424b-9868-57a2d4851a1d" relativeResultsDirectory="a7e7054a-3e0a-40f3-821f-ea7b6ca8e4ad" />
    <UnitTestResult executionId="f3dcd8b6-1fd7-41f7-b5ce-bf16f65e02dd" testId="d5d6f0da-873e-4fdc-a036-967cdfb725f8" testName="TestProperties" computerName="DKSR-EFI-04" duration="00:00:00.0022635" startTime="2023-12-22T09:34:33.8346800+01:00" endTime="2023-12-22T09:34:33.8346800+01:00" testType="13cdc9d9-ddb5-4fa4-a97d-d965ccfc6d4b" outcome="Passed" testListId="8c84fa94-04c1-424b-9868-57a2d4851a1d" relativeResultsDirectory="f3dcd8b6-1fd7-41f7-b5ce-bf16f65e02dd" />
    <UnitTestResult executionId="44be71c2-6e6d-4a83-b59d-3679d37749f5" testId="77b5d4bc-b377-3b3d-cdba-71dd46765f92" testName="TestLoadXMLWithNoInnerText" computerName="DKSR-EFI-04" duration="00:00:00.0004206" startTime="2023-12-22T09:34:38.0534485+01:00" endTime="2023-12-22T09:34:38.0534485+01:00" testType="13cdc9d9-ddb5-4fa4-a97d-d965ccfc6d4b" outcome="Passed" testListId="8c84fa94-04c1-424b-9868-57a2d4851a1d" relativeResultsDirectory="44be71c2-6e6d-4a83-b59d-3679d37749f5" />
    <UnitTestResult executionId="1ca1a7c2-2004-4044-8cf5-61a6f55f8b05" testId="0b849fea-c75b-8fe2-9812-434f956f0ad6" testName="GetStatus_WithValidParameters" computerName="DKSR-EFI-04" duration="00:00:00.0407219" startTime="2023-12-22T09:34:30.0221579+01:00" endTime="2023-12-22T09:34:30.0690334+01:00" testType="13cdc9d9-ddb5-4fa4-a97d-d965ccfc6d4b" outcome="Passed" testListId="8c84fa94-04c1-424b-9868-57a2d4851a1d" relativeResultsDirectory="1ca1a7c2-2004-4044-8cf5-61a6f55f8b05" />
    <UnitTestResult executionId="6c69375f-3c39-407b-856b-c33eedcd5ec1" testId="40011b60-4048-c1a7-b55d-88f066436383" testName="TestUpdateElementWithTwoRelationsOnSameParentCausingCyclicTree" computerName="DKSR-EFI-04" duration="00:00:00.0072940" startTime="2023-12-22T09:34:36.0378146+01:00" endTime="2023-12-22T09:34:36.0378146+01:00" testType="13cdc9d9-ddb5-4fa4-a97d-d965ccfc6d4b" outcome="Passed" testListId="8c84fa94-04c1-424b-9868-57a2d4851a1d" relativeResultsDirectory="6c69375f-3c39-407b-856b-c33eedcd5ec1" />
    <UnitTestResult executionId="f306043e-48a5-4ac1-bab2-1937ef043f03" testId="1920d83d-5950-9568-4233-11ab75bed826" testName="TestActivatePlugInActionThrowingUnhandledException" computerName="DKSR-EFI-04" duration="00:00:00.0031279" startTime="2023-12-22T09:34:30.8346633+01:00" endTime="2023-12-22T09:34:30.8346633+01:00" testType="13cdc9d9-ddb5-4fa4-a97d-d965ccfc6d4b" outcome="Passed" testListId="8c84fa94-04c1-424b-9868-57a2d4851a1d" relativeResultsDirectory="f306043e-48a5-4ac1-bab2-1937ef043f03" />
    <UnitTestResult executionId="2e7b388d-ea7d-4e80-84eb-07903683893f" testId="57b55e6e-9069-bda1-354a-d72ede57b55a" testName="TestInsertElementWithTwoRelationWithSameId" computerName="DKSR-EFI-04" duration="00:00:00.0135530" startTime="2023-12-22T09:34:35.4284368+01:00" endTime="2023-12-22T09:34:35.4440611+01:00" testType="13cdc9d9-ddb5-4fa4-a97d-d965ccfc6d4b" outcome="Passed" testListId="8c84fa94-04c1-424b-9868-57a2d4851a1d" relativeResultsDirectory="2e7b388d-ea7d-4e80-84eb-07903683893f" />
    <UnitTestResult executionId="ff8f331f-548d-4c09-9ae1-5555b29e06f4" testId="0a3db00b-0b97-dba4-4bb2-8340250078ae" testName="TestRemoveElementAndChildElementsRemovingMiddleMap" computerName="DKSR-EFI-04" duration="00:00:00.0141125" startTime="2023-12-22T09:34:37.0534466+01:00" endTime="2023-12-22T09:34:37.0690699+01:00" testType="13cdc9d9-ddb5-4fa4-a97d-d965ccfc6d4b" outcome="Passed" testListId="8c84fa94-04c1-424b-9868-57a2d4851a1d" relativeResultsDirectory="ff8f331f-548d-4c09-9ae1-5555b29e06f4" />
    <UnitTestResult executionId="76c20d57-7cd5-458a-a2a4-92dc4f55f7ed" testId="396d4ce9-42e4-63bb-9820-e13af62804a6" testName="TestGetHostId" computerName="DKSR-EFI-04" duration="00:00:00.0395952" startTime="2023-12-22T09:34:21.8033683+01:00" endTime="2023-12-22T09:34:21.8502452+01:00" testType="13cdc9d9-ddb5-4fa4-a97d-d965ccfc6d4b" outcome="Passed" testListId="8c84fa94-04c1-424b-9868-57a2d4851a1d" relativeResultsDirectory="76c20d57-7cd5-458a-a2a4-92dc4f55f7ed" />
    <UnitTestResult executionId="081448cb-482d-402e-b8d4-1ac50172c3e7" testId="fffc1273-ce43-418f-8c06-38c9e3f1c833" testName="TestUpdateObjectNotAuthenticated" computerName="DKSR-EFI-04" duration="00:00:00.0016305" startTime="2023-12-22T09:34:30.8971631+01:00" endTime="2023-12-22T09:34:30.8971631+01:00" testType="13cdc9d9-ddb5-4fa4-a97d-d965ccfc6d4b" outcome="Passed" testListId="8c84fa94-04c1-424b-9868-57a2d4851a1d" relativeResultsDirectory="081448cb-482d-402e-b8d4-1ac50172c3e7" />
    <UnitTestResult executionId="8eaeaf6e-66c6-4e83-bdaf-1224f1d1c064" testId="b9344815-31b2-f189-b070-973f4dd1ca18" testName="TestLiveCache" computerName="DKSR-EFI-04" duration="00:00:00.0013349" startTime="2023-12-22T09:34:27.4752710+01:00" endTime="2023-12-22T09:34:27.4752710+01:00" testType="13cdc9d9-ddb5-4fa4-a97d-d965ccfc6d4b" outcome="Passed" testListId="8c84fa94-04c1-424b-9868-57a2d4851a1d" relativeResultsDirectory="8eaeaf6e-66c6-4e83-bdaf-1224f1d1c064" />
    <UnitTestResult executionId="0f00549d-c1e1-4bdd-ae5e-ac4abbd22fa0" testId="660a49ac-22b4-f954-7722-970f53b93449" testName="TestGetPlugInItemsAccessControlWithChildren" computerName="DKSR-EFI-04" duration="00:00:00.0273517" startTime="2023-12-22T09:34:33.3190505+01:00" endTime="2023-12-22T09:34:33.3503018+01:00" testType="13cdc9d9-ddb5-4fa4-a97d-d965ccfc6d4b" outcome="Passed" testListId="8c84fa94-04c1-424b-9868-57a2d4851a1d" relativeResultsDirectory="0f00549d-c1e1-4bdd-ae5e-ac4abbd22fa0" />
    <UnitTestResult executionId="3597de91-3cf2-447f-850f-2c827bfa8e86" testId="0b1e3b98-0852-b8bb-9431-9f412235997e" testName="TestAllSid" computerName="DKSR-EFI-04" duration="00:00:00.0022494" startTime="2023-12-22T09:34:33.8346800+01:00" endTime="2023-12-22T09:34:33.8346800+01:00" testType="13cdc9d9-ddb5-4fa4-a97d-d965ccfc6d4b" outcome="Passed" testListId="8c84fa94-04c1-424b-9868-57a2d4851a1d" relativeResultsDirectory="3597de91-3cf2-447f-850f-2c827bfa8e86" />
    <UnitTestResult executionId="25cf645f-8e86-43e6-bd77-ae2994b5642f" testId="6f6d8299-aebe-4419-b1c6-5d039f069125" testName="TestSetVisualization" computerName="DKSR-EFI-04" duration="00:00:00.0035240" startTime="2023-12-22T09:34:29.3502796+01:00" endTime="2023-12-22T09:34:29.3502796+01:00" testType="13cdc9d9-ddb5-4fa4-a97d-d965ccfc6d4b" outcome="Passed" testListId="8c84fa94-04c1-424b-9868-57a2d4851a1d" relativeResultsDirectory="25cf645f-8e86-43e6-bd77-ae2994b5642f" />
    <UnitTestResult executionId="d4725557-ef6e-4874-9445-4c07d13626a7" testId="5c7bdf78-5cd8-45cf-f70d-8d215a9dcd99" testName="TestUpdateDisplayXMLWithValidParameters" computerName="DKSR-EFI-04" duration="00:00:00.0053211" startTime="2023-12-22T09:34:30.9909140+01:00" endTime="2023-12-22T09:34:30.9909140+01:00" testType="13cdc9d9-ddb5-4fa4-a97d-d965ccfc6d4b" outcome="Passed" testListId="8c84fa94-04c1-424b-9868-57a2d4851a1d" relativeResultsDirectory="d4725557-ef6e-4874-9445-4c07d13626a7" />
    <UnitTestResult executionId="ebf3ae55-a7fc-42f8-91ac-bde0b6c96733" testId="5542dda8-0b53-5ee0-368c-965e224d9fd4" testName="TestUpdateDisplayXMLWithInvalidUser" computerName="DKSR-EFI-04" duration="00:00:00.0024728" startTime="2023-12-22T09:34:31.8190441+01:00" endTime="2023-12-22T09:34:31.8190441+01:00" testType="13cdc9d9-ddb5-4fa4-a97d-d965ccfc6d4b" outcome="Passed" testListId="8c84fa94-04c1-424b-9868-57a2d4851a1d" relativeResultsDirectory="ebf3ae55-a7fc-42f8-91ac-bde0b6c96733" />
    <UnitTestResult executionId="97235581-0311-4d2b-92cd-d24126aca734" testId="6320ea53-85ae-967c-2d46-ad563b7772c4" testName="DeleteObject_WithValidParameters" computerName="DKSR-EFI-04" duration="00:00:00.0045962" startTime="2023-12-22T09:34:30.4440362+01:00" endTime="2023-12-22T09:34:30.4440362+01:00" testType="13cdc9d9-ddb5-4fa4-a97d-d965ccfc6d4b" outcome="Passed" testListId="8c84fa94-04c1-424b-9868-57a2d4851a1d" relativeResultsDirectory="97235581-0311-4d2b-92cd-d24126aca734" />
    <UnitTestResult executionId="55c042da-b881-418e-aa12-1fdf52109e1a" testId="fd87e8bf-a3f1-615f-638a-3909aaf07ae4" testName="TestGetPlugInItemChangesThrowingUnhandledException" computerName="DKSR-EFI-04" duration="00:00:00.0028788" startTime="2023-12-22T09:34:31.8815447+01:00" endTime="2023-12-22T09:34:31.8815447+01:00" testType="13cdc9d9-ddb5-4fa4-a97d-d965ccfc6d4b" outcome="Passed" testListId="8c84fa94-04c1-424b-9868-57a2d4851a1d" relativeResultsDirectory="55c042da-b881-418e-aa12-1fdf52109e1a" />
    <UnitTestResult executionId="f2802d79-d4cb-4eb9-acb8-7b6589fefd04" testId="99db2c8d-df19-f1dc-856a-dcda513f742a" testName="GetEventGroupsTest" computerName="DKSR-EFI-04" duration="00:00:00.0018877" startTime="2023-12-22T09:34:44.0222314+01:00" endTime="2023-12-22T09:34:44.0222314+01:00" testType="13cdc9d9-ddb5-4fa4-a97d-d965ccfc6d4b" outcome="Passed" testListId="8c84fa94-04c1-424b-9868-57a2d4851a1d" relativeResultsDirectory="f2802d79-d4cb-4eb9-acb8-7b6589fefd04" />
    <UnitTestResult executionId="758a99b7-864d-461a-95d1-ca4d9ee82c76" testId="99cd4330-145a-d3bc-5183-5917220ba95a" testName="TestConstructor" computerName="DKSR-EFI-04" duration="00:00:00.0036617" startTime="2023-12-22T09:34:32.7565493+01:00" endTime="2023-12-22T09:34:32.7722087+01:00" testType="13cdc9d9-ddb5-4fa4-a97d-d965ccfc6d4b" outcome="Passed" testListId="8c84fa94-04c1-424b-9868-57a2d4851a1d" relativeResultsDirectory="758a99b7-864d-461a-95d1-ca4d9ee82c76" />
    <UnitTestResult executionId="b3d7e61f-fe74-46cc-8c52-5de6fbf914f0" testId="de539491-b743-7788-0879-8bb78cde3ebf" testName="TestItemUpdatedWithANewItem" computerName="DKSR-EFI-04" duration="00:00:00.0011142" startTime="2023-12-22T09:34:33.7409285+01:00" endTime="2023-12-22T09:34:33.7409285+01:00" testType="13cdc9d9-ddb5-4fa4-a97d-d965ccfc6d4b" outcome="Passed" testListId="8c84fa94-04c1-424b-9868-57a2d4851a1d" relativeResultsDirectory="b3d7e61f-fe74-46cc-8c52-5de6fbf914f0" />
    <UnitTestResult executionId="e663fb71-5342-46eb-b24e-b95a1c283902" testId="800bfdb8-0f47-9c76-16ae-22d1c02e0f34" testName="TestLoadXMLWithAllCorrectValues" computerName="DKSR-EFI-04" duration="00:00:00.0018318" startTime="2023-12-22T09:34:38.0534485+01:00" endTime="2023-12-22T09:34:38.0534485+01:00" testType="13cdc9d9-ddb5-4fa4-a97d-d965ccfc6d4b" outcome="Passed" testListId="8c84fa94-04c1-424b-9868-57a2d4851a1d" relativeResultsDirectory="e663fb71-5342-46eb-b24e-b95a1c283902" />
    <UnitTestResult executionId="df138734-ed3b-4957-9ac4-52fe4748d167" testId="e6be1ea5-a641-6f17-a385-2f4fb68b01bd" testName="TestConstructor" computerName="DKSR-EFI-04" duration="00:00:00.0044177" startTime="2023-12-22T09:34:39.8190848+01:00" endTime="2023-12-22T09:34:39.8190848+01:00" testType="13cdc9d9-ddb5-4fa4-a97d-d965ccfc6d4b" outcome="Passed" testListId="8c84fa94-04c1-424b-9868-57a2d4851a1d" relativeResultsDirectory="df138734-ed3b-4957-9ac4-52fe4748d167" />
    <UnitTestResult executionId="314c37f1-d394-4687-a1ef-af9030913b3d" testId="a2def4fc-aec0-5dd3-bc1f-324c56a9521f" testName="TestActionCommandCredentialsExecuteActionNullParams" computerName="DKSR-EFI-04" duration="00:00:00.0131306" startTime="2023-12-22T09:34:38.9909548+01:00" endTime="2023-12-22T09:34:39.0065791+01:00" testType="13cdc9d9-ddb5-4fa4-a97d-d965ccfc6d4b" outcome="Passed" testListId="8c84fa94-04c1-424b-9868-57a2d4851a1d" relativeResultsDirectory="314c37f1-d394-4687-a1ef-af9030913b3d" />
    <UnitTestResult executionId="312d6977-5e74-495d-bf9a-0487132ce71a" testId="72f7ef9e-d85d-d440-d8d3-354ecc2e1b75" testName="TestGetAllObjectIDsOnVisualElementThrowingUnhandledException" computerName="DKSR-EFI-04" duration="00:00:00.0026847" startTime="2023-12-22T09:34:31.5846677+01:00" endTime="2023-12-22T09:34:31.6002931+01:00" testType="13cdc9d9-ddb5-4fa4-a97d-d965ccfc6d4b" outcome="Passed" testListId="8c84fa94-04c1-424b-9868-57a2d4851a1d" relativeResultsDirectory="312d6977-5e74-495d-bf9a-0487132ce71a" />
    <UnitTestResult executionId="9f778c5d-0e69-4825-a554-7f0b5625260e" testId="22c512ee-e1ec-d3b4-619b-8c4fac598876" testName="TestUpdateElementBoundsWithOwnerElement" computerName="DKSR-EFI-04" duration="00:00:00.0059674" startTime="2023-12-22T09:34:35.2096860+01:00" endTime="2023-12-22T09:34:35.2253117+01:00" testType="13cdc9d9-ddb5-4fa4-a97d-d965ccfc6d4b" outcome="Passed" testListId="8c84fa94-04c1-424b-9868-57a2d4851a1d" relativeResultsDirectory="9f778c5d-0e69-4825-a554-7f0b5625260e" />
    <UnitTestResult executionId="70aa64c7-d88c-4700-b7f7-5266b9e16f07" testId="75f9fcd0-bfe0-554e-cc48-0d110429d9a6" testName="TestGetVisualizationChangesWithNegativeTimeout" computerName="DKSR-EFI-04" duration="00:00:00.0043661" startTime="2023-12-22T09:34:28.9596530+01:00" endTime="2023-12-22T09:34:28.9596530+01:00" testType="13cdc9d9-ddb5-4fa4-a97d-d965ccfc6d4b" outcome="Passed" testListId="8c84fa94-04c1-424b-9868-57a2d4851a1d" relativeResultsDirectory="70aa64c7-d88c-4700-b7f7-5266b9e16f07" />
    <UnitTestResult executionId="ce592787-86c6-402d-87b2-3d45c90fc123" testId="4036a9c9-ddd8-3d85-cefe-a408868f9b37" testName="TestDeleteConfigHost" computerName="DKSR-EFI-04" duration="00:00:00.0172123" startTime="2023-12-22T09:34:38.4753281+01:00" endTime="2023-12-22T09:34:38.4909514+01:00" testType="13cdc9d9-ddb5-4fa4-a97d-d965ccfc6d4b" outcome="Passed" testListId="8c84fa94-04c1-424b-9868-57a2d4851a1d" relativeResultsDirectory="ce592787-86c6-402d-87b2-3d45c90fc123" />
    <UnitTestResult executionId="36a8aa71-5883-4a3e-8af4-ea2be642b687" testId="ece55df4-e844-9447-c6bc-c6f30cd0b12f" testName="TestDeleteObjectWithValidParameters" computerName="DKSR-EFI-04" duration="00:00:00.0036431" startTime="2023-12-22T09:34:31.1002883+01:00" endTime="2023-12-22T09:34:31.1002883+01:00" testType="13cdc9d9-ddb5-4fa4-a97d-d965ccfc6d4b" outcome="Passed" testListId="8c84fa94-04c1-424b-9868-57a2d4851a1d" relativeResultsDirectory="36a8aa71-5883-4a3e-8af4-ea2be642b687" />
    <UnitTestResult executionId="17d87730-03d9-4d82-ac6d-62a96ec20878" testId="4e371b17-35ef-55df-0fa1-d3ddda9e8bbd" testName="TestGetVisualizationChangesWithNulTimeout" computerName="DKSR-EFI-04" duration="00:00:00.0068646" startTime="2023-12-22T09:34:28.9752779+01:00" endTime="2023-12-22T09:34:28.9752779+01:00" testType="13cdc9d9-ddb5-4fa4-a97d-d965ccfc6d4b" outcome="Passed" testListId="8c84fa94-04c1-424b-9868-57a2d4851a1d" relativeResultsDirectory="17d87730-03d9-4d82-ac6d-62a96ec20878" />
    <UnitTestResult executionId="3995c584-e191-4443-affd-963c34015391" testId="38dee21e-d1a8-cfd7-5570-f5f869cf091b" testName="EventConverter_ParseMetadata_Metadata_Unsupported_XmlValue" computerName="DKSR-EFI-04" duration="00:00:00.0077925" startTime="2023-12-22T09:34:39.3034571+01:00" endTime="2023-12-22T09:34:39.3191224+01:00" testType="13cdc9d9-ddb5-4fa4-a97d-d965ccfc6d4b" outcome="Passed" testListId="8c84fa94-04c1-424b-9868-57a2d4851a1d" relativeResultsDirectory="3995c584-e191-4443-affd-963c34015391" />
  </Results>
  <TestDefinitions>
    <UnitTest name="TestGetStatusDetailsWithInvalidToken" storage="d:\actions-runner\_work\xpco\xpco\eventserver\server\components\central\server\unittest\bin\x64\debug\videoos.event.server.unittest.dll" id="0f20ed1f-90f5-3f55-3a6f-ddf0b36cb5a6">
      <Execution id="7f2716a1-b3b9-401c-99ca-54c913422b95" />
      <TestMethod codeBase="D:\actions-runner\_work\XPCO\XPCO\EventServer\Server\Components\Central\Server\unittest\bin\x64\Debug\VideoOS.Event.Server.UnitTest.dll" adapterTypeName="executor://mstestadapter/v2" className="VideoOS.Event.Server.WebService.Status.UnitTest.StatusCommandToken2Test" name="TestGetStatusDetailsWithInvalidToken" />
    </UnitTest>
    <UnitTest name="TestGetTypeWithUnknownType" storage="d:\actions-runner\_work\xpco\xpco\eventserver\server\components\central\server\unittest\bin\x64\debug\videoos.event.server.unittest.dll" id="2a33e1cb-1ff1-082c-7d5a-6bfd3c89dce8">
      <Execution id="50824252-cf95-456c-9a7b-79618d70e249" />
      <TestMethod codeBase="D:\actions-runner\_work\XPCO\XPCO\EventServer\Server\Components\Central\Server\unittest\bin\x64\Debug\VideoOS.Event.Server.UnitTest.dll" adapterTypeName="executor://mstestadapter/v2" className="VideoOS.Event.Server.MIP.PlugIn.UnitTest.MapPlugInEventHandlerTest" name="TestGetTypeWithUnknownType" />
    </UnitTest>
    <UnitTest name="TestGetManyDataWithPrune10Percent" storage="d:\actions-runner\_work\xpco\xpco\eventserver\server\components\central\server\unittest\bin\x64\debug\videoos.event.server.unittest.dll" id="af29d6a7-9195-dd2c-d311-f4fe2ac86487">
      <TestCategory>
        <TestCategoryItem TestCategory="DatabaseConfigurableDataCache" />
      </TestCategory>
      <Execution id="db42ead9-09b2-49ef-9996-23b25bbea32a" />
      <TestMethod codeBase="D:\actions-runner\_work\XPCO\XPCO\EventServer\Server\Components\Central\Server\unittest\bin\x64\Debug\VideoOS.Event.Server.UnitTest.dll" adapterTypeName="executor://mstestadapter/v2" className="VideoOS.EventServer.Config.UnitTest.DatabaseConfigurableDataCacheTest" name="TestGetManyDataWithPrune10Percent" />
    </UnitTest>
    <UnitTest name="CreateInstanceReturnsHardwareCommunicationEventWhenInvokedForNotRespondingOnHardwareType" storage="d:\actions-runner\_work\xpco\xpco\eventserver\server\components\central\server\unittest\bin\x64\debug\videoos.event.server.unittest.dll" id="ad27e105-de14-8527-b59a-f7c2adb7eeaf">
      <Execution id="203a62f2-6f06-414f-b096-b871f8c27bd3" />
      <TestMethod codeBase="D:\actions-runner\_work\XPCO\XPCO\EventServer\Server\Components\Central\Server\unittest\bin\x64\Debug\VideoOS.Event.Server.UnitTest.dll" adapterTypeName="executor://mstestadapter/v2" className="VideoOS.Event.Server.UnitTest.Event.MapperEventTypeProviderTest" name="CreateInstanceReturnsHardwareCommunicationEventWhenInvokedForNotRespondingOnHardwareType" />
    </UnitTest>
    <UnitTest name="TestCheckAuthorizationWithMultipleThreads" storage="d:\actions-runner\_work\xpco\xpco\eventserver\server\components\central\server\unittest\bin\x64\debug\videoos.event.server.unittest.dll" id="6400e9ff-1959-05a6-4bbf-585c85889966">
      <TestCategory>
        <TestCategoryItem TestCategory="ActionAuthorizationCache" />
      </TestCategory>
      <Execution id="5bbfbe36-40a5-4f0f-ab3f-8cfcd6f368d7" />
      <TestMethod codeBase="D:\actions-runner\_work\XPCO\XPCO\EventServer\Server\Components\Central\Server\unittest\bin\x64\Debug\VideoOS.Event.Server.UnitTest.dll" adapterTypeName="executor://mstestadapter/v2" className="VideoOS.Event.Server.UnitTest.Security.ActionAuthorizationCacheTest" name="TestCheckAuthorizationWithMultipleThreads" />
    </UnitTest>
    <UnitTest name="TestLoadConfigurationWithValidIdAndOwnerIdButWithoutRelationId" storage="d:\actions-runner\_work\xpco\xpco\eventserver\server\components\central\server\unittest\bin\x64\debug\videoos.event.server.unittest.dll" id="1c94bdcf-8de3-0f60-783e-acd269e65780">
      <Execution id="87b234ae-cb4c-4f55-9084-091b21e44bb2" />
      <TestMethod codeBase="D:\actions-runner\_work\XPCO\XPCO\EventServer\Server\Components\Central\Server\unittest\bin\x64\Debug\VideoOS.Event.Server.UnitTest.dll" adapterTypeName="executor://mstestadapter/v2" className="VideoOS.Event.Server.Map.UnitTest.VisualElementStorageDatabaseTest" name="TestLoadConfigurationWithValidIdAndOwnerIdButWithoutRelationId" />
    </UnitTest>
    <UnitTest name="EventToBaseEventMapper_ReturnsBaseEvent_WhenNullData" storage="d:\actions-runner\_work\xpco\xpco\eventserver\server\components\central\server\unittest\bin\x64\debug\videoos.event.server.unittest.dll" id="f28a72d2-f52c-b928-fd98-3b108ba91ffd">
      <Execution id="5e5636c3-c3d8-4ab7-b2c9-153413f5ab16" />
      <TestMethod codeBase="D:\actions-runner\_work\XPCO\XPCO\EventServer\Server\Components\Central\Server\unittest\bin\x64\Debug\VideoOS.Event.Server.UnitTest.dll" adapterTypeName="executor://mstestadapter/v2" className="VideoOS.Event.Server.UnitTest.Event.EventToBaseEventMapperTest" name="EventToBaseEventMapper_ReturnsBaseEvent_WhenNullData" />
    </UnitTest>
    <UnitTest name="TestConstructorWithAccessControlConfigHost" storage="d:\actions-runner\_work\xpco\xpco\eventserver\server\components\central\server\unittest\bin\x64\debug\videoos.event.server.unittest.dll" id="a6a31fed-fb7d-f827-eb32-702bbf42a9e8">
      <TestCategory>
        <TestCategoryItem TestCategory="PermissionManagerFetcher" />
      </TestCategory>
      <Execution id="282f4d54-d008-4c07-b89e-3876c461b664" />
      <TestMethod codeBase="D:\actions-runner\_work\XPCO\XPCO\EventServer\Server\Components\Central\Server\unittest\bin\x64\Debug\VideoOS.Event.Server.UnitTest.dll" adapterTypeName="executor://mstestadapter/v2" className="VideoOS.Event.Server.UnitTest.Security.AuthorizationFetcher.AccessControlItemAuthorizationFetcherTest" name="TestConstructorWithAccessControlConfigHost" />
    </UnitTest>
    <UnitTest name="TestGetStatusWithAForeignRelation" storage="d:\actions-runner\_work\xpco\xpco\eventserver\server\components\central\server\unittest\bin\x64\debug\videoos.event.server.unittest.dll" id="b3abf8cb-be05-8444-7744-f2c6d82511e2">
      <Execution id="776dd25a-8964-485c-9308-6bdb1d927a70" />
      <TestMethod codeBase="D:\actions-runner\_work\XPCO\XPCO\EventServer\Server\Components\Central\Server\unittest\bin\x64\Debug\VideoOS.Event.Server.UnitTest.dll" adapterTypeName="executor://mstestadapter/v2" className="VideoOS.Event.Server.Map.UnitTest.VisualElementStatusCalculatorTest" name="TestGetStatusWithAForeignRelation" />
    </UnitTest>
    <UnitTest name="TestGetAllObjectsOnVisualElementThrowingUnhandledException" storage="d:\actions-runner\_work\xpco\xpco\eventserver\server\components\central\server\unittest\bin\x64\debug\videoos.event.server.unittest.dll" id="5c9176a2-10c0-60f1-d8ea-56e9bf838835">
      <TestCategory>
        <TestCategoryItem TestCategory="WebService/Map" />
      </TestCategory>
      <Execution id="baee266b-dee6-4c66-96e2-5b7d233d0b96" />
      <TestMethod codeBase="D:\actions-runner\_work\XPCO\XPCO\EventServer\Server\Components\Central\Server\unittest\bin\x64\Debug\VideoOS.Event.Server.UnitTest.dll" adapterTypeName="executor://mstestadapter/v2" className="VideoOS.Event.Server.WebService.Map.UnitTest.MapCommandCredentialsTest" name="TestGetAllObjectsOnVisualElementThrowingUnhandledException" />
    </UnitTest>
    <UnitTest name="TestDeleteObjectThrowingUnhandledException" storage="d:\actions-runner\_work\xpco\xpco\eventserver\server\components\central\server\unittest\bin\x64\debug\videoos.event.server.unittest.dll" id="03d1e929-4c12-8117-129d-6f1c5c819267">
      <TestCategory>
        <TestCategoryItem TestCategory="WebService/Map" />
      </TestCategory>
      <Execution id="d170f24b-e5db-489e-9895-250bdc34d6dc" />
      <TestMethod codeBase="D:\actions-runner\_work\XPCO\XPCO\EventServer\Server\Components\Central\Server\unittest\bin\x64\Debug\VideoOS.Event.Server.UnitTest.dll" adapterTypeName="executor://mstestadapter/v2" className="VideoOS.Event.Server.WebService.Map.UnitTest.MapCommandToken2Test" name="TestDeleteObjectThrowingUnhandledException" />
    </UnitTest>
    <UnitTest name="TestGetAlarmHistoryException" storage="d:\actions-runner\_work\xpco\xpco\eventserver\server\components\central\server\unittest\bin\x64\debug\videoos.event.server.unittest.dll" id="2ca93f91-33b3-4ca8-96e1-8f20f289b9c2">
      <Execution id="1e0e1cfd-620e-467f-be6e-476d3bc1edb5" />
      <TestMethod codeBase="D:\actions-runner\_work\XPCO\XPCO\EventServer\Server\Components\Central\Server\unittest\bin\x64\Debug\VideoOS.Event.Server.UnitTest.dll" adapterTypeName="executor://mstestadapter/v2" className="VideoOS.Event.Server.WebService.Alarm.UnitTest.AlarmCommandTokenTest" name="TestGetAlarmHistoryException" />
    </UnitTest>
    <UnitTest name="GetTypeChanged_WithZeroTimeout" storage="d:\actions-runner\_work\xpco\xpco\eventserver\server\components\central\server\unittest\bin\x64\debug\videoos.event.server.unittest.dll" id="88d0aee6-a99d-fba2-74ff-00a248d9947a">
      <TestCategory>
        <TestCategoryItem TestCategory="WebService/Map" />
      </TestCategory>
      <Execution id="ba59d2ad-e8ea-4885-9cde-3bb655445df0" />
      <TestMethod codeBase="D:\actions-runner\_work\XPCO\XPCO\EventServer\Server\Components\Central\Server\unittest\bin\x64\Debug\VideoOS.Event.Server.UnitTest.dll" adapterTypeName="executor://mstestadapter/v2" className="VideoOS.Event.Server.WebService.Map.UnitTest.MapCommandTokenTest" name="GetTypeChanged_WithZeroTimeout" />
    </UnitTest>
    <UnitTest name="TestConstructor" storage="d:\actions-runner\_work\xpco\xpco\eventserver\server\components\central\server\unittest\bin\x64\debug\videoos.event.server.unittest.dll" id="f375cdd1-65d9-6f41-0c5c-46c11d15a575">
      <TestCategory>
        <TestCategoryItem TestCategory="WebService/Map" />
      </TestCategory>
      <Execution id="2e0fd2e7-017e-410c-8e97-b2334780aed5" />
      <TestMethod codeBase="D:\actions-runner\_work\XPCO\XPCO\EventServer\Server\Components\Central\Server\unittest\bin\x64\Debug\VideoOS.Event.Server.UnitTest.dll" adapterTypeName="executor://mstestadapter/v2" className="VideoOS.Event.Server.WebService.Map.UnitTest.MapCommandCredentialsTest" name="TestConstructor" />
    </UnitTest>
    <UnitTest name="TestGetDataUsingCache" storage="d:\actions-runner\_work\xpco\xpco\eventserver\server\components\central\server\unittest\bin\x64\debug\videoos.event.server.unittest.dll" id="e9da0761-f34e-54da-195e-48388de70405">
      <TestCategory>
        <TestCategoryItem TestCategory="DatabaseConfigurableDataCache" />
      </TestCategory>
      <Execution id="fffcdffa-3d60-4fed-9708-0b029311b627" />
      <TestMethod codeBase="D:\actions-runner\_work\XPCO\XPCO\EventServer\Server\Components\Central\Server\unittest\bin\x64\Debug\VideoOS.Event.Server.UnitTest.dll" adapterTypeName="executor://mstestadapter/v2" className="VideoOS.EventServer.Config.UnitTest.DatabaseConfigurableDataCacheTest" name="TestGetDataUsingCache" />
    </UnitTest>
    <UnitTest name="TestDescriptionWithNoMapPlugInType" storage="d:\actions-runner\_work\xpco\xpco\eventserver\server\components\central\server\unittest\bin\x64\debug\videoos.event.server.unittest.dll" id="4c1d0938-3401-b57b-6c6c-32b736f641d4">
      <Execution id="844f7239-0d3e-48f6-b569-3eec46d7bf4d" />
      <TestMethod codeBase="D:\actions-runner\_work\XPCO\XPCO\EventServer\Server\Components\Central\Server\unittest\bin\x64\Debug\VideoOS.Event.Server.UnitTest.dll" adapterTypeName="executor://mstestadapter/v2" className="VideoOS.Event.Server.MIP.PlugIn.UnitTest.MapPlugInTypeEventHandlerTest" name="TestDescriptionWithNoMapPlugInType" />
    </UnitTest>
    <UnitTest name="TestConstructor" storage="d:\actions-runner\_work\xpco\xpco\eventserver\server\components\central\server\unittest\bin\x64\debug\videoos.event.server.unittest.dll" id="e04e5dc2-a9b6-35b0-703a-7145f4907414">
      <Execution id="81f8979f-4002-4952-adcb-16a1991ccfa5" />
      <TestMethod codeBase="D:\actions-runner\_work\XPCO\XPCO\EventServer\Server\Components\Central\Server\unittest\bin\x64\Debug\VideoOS.Event.Server.UnitTest.dll" adapterTypeName="executor://mstestadapter/v2" className="VideoOS.Event.Server.Communication.Data.UnitTest.FeatureEventArgsTest" name="TestConstructor" />
    </UnitTest>
    <UnitTest name="TestItemsWithItemIdsNotIncluded" storage="d:\actions-runner\_work\xpco\xpco\eventserver\server\components\central\server\unittest\bin\x64\debug\videoos.event.server.unittest.dll" id="9c6b93f0-21ea-bab9-4f22-0a88632e740e">
      <Execution id="bf485ec1-0e64-458e-852f-180c17940127" />
      <TestMethod codeBase="D:\actions-runner\_work\XPCO\XPCO\EventServer\Server\Components\Central\Server\unittest\bin\x64\Debug\VideoOS.Event.Server.UnitTest.dll" adapterTypeName="executor://mstestadapter/v2" className="VideoOS.Event.Server.MIP.PlugIn.UnitTest.MapPlugInTypeEventHandlerTest" name="TestItemsWithItemIdsNotIncluded" />
    </UnitTest>
    <UnitTest name="TestCheckAuthorizationWhereMultipleThreadsAndItemsToOld" storage="d:\actions-runner\_work\xpco\xpco\eventserver\server\components\central\server\unittest\bin\x64\debug\videoos.event.server.unittest.dll" id="a89eaf12-e1e1-35d2-b638-0edbdc28dd28">
      <TestCategory>
        <TestCategoryItem TestCategory="ActionAuthorizationCache" />
      </TestCategory>
      <Execution id="0bacdf26-9fe1-480c-9a79-6ae630c9eb19" />
      <TestMethod codeBase="D:\actions-runner\_work\XPCO\XPCO\EventServer\Server\Components\Central\Server\unittest\bin\x64\Debug\VideoOS.Event.Server.UnitTest.dll" adapterTypeName="executor://mstestadapter/v2" className="VideoOS.Event.Server.UnitTest.Security.ActionAuthorizationCacheTest" name="TestCheckAuthorizationWhereMultipleThreadsAndItemsToOld" />
    </UnitTest>
    <UnitTest name="TestCleanUpTimer" storage="d:\actions-runner\_work\xpco\xpco\eventserver\server\components\central\server\unittest\bin\x64\debug\videoos.event.server.unittest.dll" id="43a88965-7428-2504-3ad8-2c223aa43c1f">
      <TestCategory>
        <TestCategoryItem TestCategory="DatabaseConfigurableDataCache" />
      </TestCategory>
      <Execution id="6893e000-349c-4e0c-8017-e92a3d641fa8" />
      <TestMethod codeBase="D:\actions-runner\_work\XPCO\XPCO\EventServer\Server\Components\Central\Server\unittest\bin\x64\Debug\VideoOS.Event.Server.UnitTest.dll" adapterTypeName="executor://mstestadapter/v2" className="VideoOS.EventServer.Config.UnitTest.DatabaseConfigurableDataCacheTest" name="TestCleanUpTimer" />
    </UnitTest>
    <UnitTest name="TestGetVisualization" storage="d:\actions-runner\_work\xpco\xpco\eventserver\server\components\central\server\unittest\bin\x64\debug\videoos.event.server.unittest.dll" id="15cfa11c-8ada-6afb-298e-3e04cfe3dabc">
      <Execution id="e38b9095-fd11-485b-b8bf-fe8ef713d6ab" />
      <TestMethod codeBase="D:\actions-runner\_work\XPCO\XPCO\EventServer\Server\Components\Central\Server\unittest\bin\x64\Debug\VideoOS.Event.Server.UnitTest.dll" adapterTypeName="executor://mstestadapter/v2" className="VideoOS.Event.Server.WebService.Status.UnitTest.StatusCommandTokenTest" name="TestGetVisualization" />
    </UnitTest>
    <UnitTest name="TestValidateWithIncorrectUserTypeInvalidIdentity" storage="d:\actions-runner\_work\xpco\xpco\eventserver\server\components\central\server\unittest\bin\x64\debug\videoos.event.server.unittest.dll" id="51e43f4b-8fa6-4d44-8369-516f875fa723">
      <Execution id="07acf4ae-0fa1-4d95-bee0-aba8b8c33add" />
      <TestMethod codeBase="D:\actions-runner\_work\XPCO\XPCO\EventServer\Server\Components\Central\Server\unittest\bin\x64\Debug\VideoOS.Event.Server.UnitTest.dll" adapterTypeName="executor://mstestadapter/v2" className="VideoOS.EventServer.UnitTest.UserValidation.AccessControlCredentialValidationTest" name="TestValidateWithIncorrectUserTypeInvalidIdentity" />
    </UnitTest>
    <UnitTest name="TestGetStatusWithValidParameters" storage="d:\actions-runner\_work\xpco\xpco\eventserver\server\components\central\server\unittest\bin\x64\debug\videoos.event.server.unittest.dll" id="85389b76-f656-b28d-81df-d1ec6e961132">
      <Execution id="6fc5d661-3758-4eef-b0a3-25b5b47524eb" />
      <TestMethod codeBase="D:\actions-runner\_work\XPCO\XPCO\EventServer\Server\Components\Central\Server\unittest\bin\x64\Debug\VideoOS.Event.Server.UnitTest.dll" adapterTypeName="executor://mstestadapter/v2" className="VideoOS.Event.Server.WebService.Status.UnitTest.StatusCommandCredentialsTest" name="TestGetStatusWithValidParameters" />
    </UnitTest>
    <UnitTest name="TestGetStatusDetailsWithNullValues" storage="d:\actions-runner\_work\xpco\xpco\eventserver\server\components\central\server\unittest\bin\x64\debug\videoos.event.server.unittest.dll" id="b7c6a131-0ef5-a67f-8e6a-8d4104bd9338">
      <Execution id="90eb643f-f916-4ef5-b0c9-66278ff01b9c" />
      <TestMethod codeBase="D:\actions-runner\_work\XPCO\XPCO\EventServer\Server\Components\Central\Server\unittest\bin\x64\Debug\VideoOS.Event.Server.UnitTest.dll" adapterTypeName="executor://mstestadapter/v2" className="VideoOS.Event.Server.Map.Data.UnitTest.StatusElementCameraTest" name="TestGetStatusDetailsWithNullValues" />
    </UnitTest>
    <UnitTest name="TestFetchCache" storage="d:\actions-runner\_work\xpco\xpco\eventserver\server\components\central\server\unittest\bin\x64\debug\videoos.event.server.unittest.dll" id="dc08e628-1818-fd36-8e97-cefc3b20677b">
      <Execution id="504b529a-4354-48a4-ab37-60dae81b0fe7" />
      <TestMethod codeBase="D:\actions-runner\_work\XPCO\XPCO\EventServer\Server\Components\Central\Server\unittest\bin\x64\Debug\VideoOS.Event.Server.UnitTest.dll" adapterTypeName="executor://mstestadapter/v2" className="VideoOS.Central.Server.UnitTest.Security.PermissionManagerTest" name="TestFetchCache" />
    </UnitTest>
    <UnitTest name="GetSourcesTest" storage="d:\actions-runner\_work\xpco\xpco\eventserver\server\components\central\server\unittest\bin\x64\debug\videoos.event.server.unittest.dll" id="4a671305-16eb-1a33-0901-7ab1c0bdf4b2">
      <Execution id="940dcf43-689a-47bf-8582-a6929487fcf7" />
      <TestMethod codeBase="D:\actions-runner\_work\XPCO\XPCO\EventServer\Server\Components\Central\Server\unittest\bin\x64\Debug\VideoOS.Event.Server.UnitTest.dll" adapterTypeName="executor://mstestadapter/v2" className="VideoOS.Event.Server.UnitTest.MIP.Environment.MIPSourceProviderTest" name="GetSourcesTest" />
    </UnitTest>
    <UnitTest name="TestUpdateElementDisplayXmlWithValidParameters" storage="d:\actions-runner\_work\xpco\xpco\eventserver\server\components\central\server\unittest\bin\x64\debug\videoos.event.server.unittest.dll" id="df106c93-dba2-fad8-cf9c-e89f94afe190">
      <Execution id="4daa9e89-fcd6-4746-8157-67fafc9bd87f" />
      <TestMethod codeBase="D:\actions-runner\_work\XPCO\XPCO\EventServer\Server\Components\Central\Server\unittest\bin\x64\Debug\VideoOS.Event.Server.UnitTest.dll" adapterTypeName="executor://mstestadapter/v2" className="VideoOS.Event.Server.Map.UnitTest.VisualElementManagerTest" name="TestUpdateElementDisplayXmlWithValidParameters" />
    </UnitTest>
    <UnitTest name="TestGetVisualElementChangesWithInsufficientRights" storage="d:\actions-runner\_work\xpco\xpco\eventserver\server\components\central\server\unittest\bin\x64\debug\videoos.event.server.unittest.dll" id="65775a17-b1b7-46d3-f43c-2bc7e29acf69">
      <Execution id="efde9709-075a-4af8-8f0b-f71744d7fd5b" />
      <TestMethod codeBase="D:\actions-runner\_work\XPCO\XPCO\EventServer\Server\Components\Central\Server\unittest\bin\x64\Debug\VideoOS.Event.Server.UnitTest.dll" adapterTypeName="executor://mstestadapter/v2" className="VideoOS.Event.Server.Map.UnitTest.VisualElementManagerTest" name="TestGetVisualElementChangesWithInsufficientRights" />
    </UnitTest>
    <UnitTest name="TestConstructor" storage="d:\actions-runner\_work\xpco\xpco\eventserver\server\components\central\server\unittest\bin\x64\debug\videoos.event.server.unittest.dll" id="7dfc50e8-714e-30b3-d106-dc4220777e56">
      <Execution id="d002d12a-06c9-418e-9bce-1644547589c7" />
      <TestMethod codeBase="D:\actions-runner\_work\XPCO\XPCO\EventServer\Server\Components\Central\Server\unittest\bin\x64\Debug\VideoOS.Event.Server.UnitTest.dll" adapterTypeName="executor://mstestadapter/v2" className="VideoOS.Event.Server.Map.UnitTest.VisualElementStorageDatabaseTest" name="TestConstructor" />
    </UnitTest>
    <UnitTest name="TestRuleSystemCommandPipeDispose" storage="d:\actions-runner\_work\xpco\xpco\eventserver\server\components\central\server\unittest\bin\x64\debug\videoos.event.server.unittest.dll" id="5ea9479e-d7e7-7392-899e-45335ff069e7">
      <Execution id="ae3807d1-110f-47b4-af92-00d006186c8c" />
      <TestMethod codeBase="D:\actions-runner\_work\XPCO\XPCO\EventServer\Server\Components\Central\Server\unittest\bin\x64\Debug\VideoOS.Event.Server.UnitTest.dll" adapterTypeName="executor://mstestadapter/v2" className="VideoOS.Event.Server.UnitTest.XPCORuleSystem.RuleSystemCommandPipeTest" name="TestRuleSystemCommandPipeDispose" />
    </UnitTest>
    <UnitTest name="TestConstructorWithVisualElementStorageDatabase" storage="d:\actions-runner\_work\xpco\xpco\eventserver\server\components\central\server\unittest\bin\x64\debug\videoos.event.server.unittest.dll" id="09f25e02-1fea-e16e-0d02-81e3a86fadf2">
      <Execution id="d5b4dc3c-0255-4052-881d-134f08d4cfe7" />
      <TestMethod codeBase="D:\actions-runner\_work\XPCO\XPCO\EventServer\Server\Components\Central\Server\unittest\bin\x64\Debug\VideoOS.Event.Server.UnitTest.dll" adapterTypeName="executor://mstestadapter/v2" className="VideoOS.Event.Server.Map.Data.UnitTest.VisualElementStorageTest" name="TestConstructorWithVisualElementStorageDatabase" />
    </UnitTest>
    <UnitTest name="WebServiceCommandBaseTest_UserAndParameterValidation_Parameter_Null" storage="d:\actions-runner\_work\xpco\xpco\eventserver\server\components\central\server\unittest\bin\x64\debug\videoos.event.server.unittest.dll" id="ef8afd3a-3f31-f6d5-ab6d-4ac9daec90e6">
      <Execution id="a276d1d6-22eb-46d1-9360-b9fbf25d9732" />
      <TestMethod codeBase="D:\actions-runner\_work\XPCO\XPCO\EventServer\Server\Components\Central\Server\unittest\bin\x64\Debug\VideoOS.Event.Server.UnitTest.dll" adapterTypeName="executor://mstestadapter/v2" className="VideoOS.Event.Server.UnitTest.WebService.Action.WebServiceAdminCommandBaseTest" name="WebServiceCommandBaseTest_UserAndParameterValidation_Parameter_Null" />
    </UnitTest>
    <UnitTest name="TestAcknowledgeException" storage="d:\actions-runner\_work\xpco\xpco\eventserver\server\components\central\server\unittest\bin\x64\debug\videoos.event.server.unittest.dll" id="5c2d44a1-b725-d1c0-30f0-c2e5bcd42c10">
      <Execution id="077e92ba-6a31-4796-a274-312854effabe" />
      <TestMethod codeBase="D:\actions-runner\_work\XPCO\XPCO\EventServer\Server\Components\Central\Server\unittest\bin\x64\Debug\VideoOS.Event.Server.UnitTest.dll" adapterTypeName="executor://mstestadapter/v2" className="VideoOS.Event.Server.WebService.Alarm.UnitTest.AlarmCommandTokenTest" name="TestAcknowledgeException" />
    </UnitTest>
    <UnitTest name="Constructor_ShouldRaiseArgumentNullException_WhenKeyManagerIsNull" storage="d:\actions-runner\_work\xpco\xpco\eventserver\server\components\central\server\unittest\bin\x64\debug\videoos.event.server.unittest.dll" id="22e094aa-8588-2993-1ed3-ae0f3e830978">
      <TestCategory>
        <TestCategoryItem TestCategory="Security" />
      </TestCategory>
      <Execution id="b9111acf-b7d2-4fb5-8fe5-212c8ac9ad14" />
      <TestMethod codeBase="D:\actions-runner\_work\XPCO\XPCO\EventServer\Server\Components\Central\Server\unittest\bin\x64\Debug\VideoOS.Event.Server.UnitTest.dll" adapterTypeName="executor://mstestadapter/v2" className="VideoOS.Event.Server.UnitTest.Security.EncryptionServiceTest" name="Constructor_ShouldRaiseArgumentNullException_WhenKeyManagerIsNull" />
    </UnitTest>
    <UnitTest name="CreateInstanceReturnsTypeObjectIdEventWhenInvokedForUserDefinedOrGenericEvents" storage="d:\actions-runner\_work\xpco\xpco\eventserver\server\components\central\server\unittest\bin\x64\debug\videoos.event.server.unittest.dll" id="ce816c85-ab51-0332-5579-1d1ad8a9b051">
      <Execution id="f9dcd0c4-9c83-4c75-abc3-401270e56379" />
      <TestMethod codeBase="D:\actions-runner\_work\XPCO\XPCO\EventServer\Server\Components\Central\Server\unittest\bin\x64\Debug\VideoOS.Event.Server.UnitTest.dll" adapterTypeName="executor://mstestadapter/v2" className="VideoOS.Event.Server.UnitTest.Event.MapperEventTypeProviderTest" name="CreateInstanceReturnsTypeObjectIdEventWhenInvokedForUserDefinedOrGenericEvents" />
    </UnitTest>
    <UnitTest name="GetPlugInItems_WithValidParameters" storage="d:\actions-runner\_work\xpco\xpco\eventserver\server\components\central\server\unittest\bin\x64\debug\videoos.event.server.unittest.dll" id="899500c2-22b6-94c7-b4e0-cd5f70f1e208">
      <TestCategory>
        <TestCategoryItem TestCategory="WebService/Map" />
      </TestCategory>
      <Execution id="df86ab99-dfb9-4614-8c4a-fa6942734931" />
      <TestMethod codeBase="D:\actions-runner\_work\XPCO\XPCO\EventServer\Server\Components\Central\Server\unittest\bin\x64\Debug\VideoOS.Event.Server.UnitTest.dll" adapterTypeName="executor://mstestadapter/v2" className="VideoOS.Event.Server.WebService.Map.UnitTest.MapCommandToken2Test" name="GetPlugInItems_WithValidParameters" />
    </UnitTest>
    <UnitTest name="TestDeleteObjectsWithInvalidUser" storage="d:\actions-runner\_work\xpco\xpco\eventserver\server\components\central\server\unittest\bin\x64\debug\videoos.event.server.unittest.dll" id="90647aa5-5f9b-30ce-5932-8d76fe8468b7">
      <TestCategory>
        <TestCategoryItem TestCategory="WebService/Map" />
      </TestCategory>
      <Execution id="ece1ea3e-186f-417a-893d-be935e40fec4" />
      <TestMethod codeBase="D:\actions-runner\_work\XPCO\XPCO\EventServer\Server\Components\Central\Server\unittest\bin\x64\Debug\VideoOS.Event.Server.UnitTest.dll" adapterTypeName="executor://mstestadapter/v2" className="VideoOS.Event.Server.WebService.Map.UnitTest.MapCommandToken2Test" name="TestDeleteObjectsWithInvalidUser" />
    </UnitTest>
    <UnitTest name="TestIDWithNull" storage="d:\actions-runner\_work\xpco\xpco\eventserver\server\components\central\server\unittest\bin\x64\debug\videoos.event.server.unittest.dll" id="7c8997fa-4eb0-4fdd-223c-cb6cf6f9de4d">
      <Execution id="16245044-b9be-474d-8834-a0db231dabe4" />
      <TestMethod codeBase="D:\actions-runner\_work\XPCO\XPCO\EventServer\Server\Components\Central\Server\unittest\bin\x64\Debug\VideoOS.Event.Server.UnitTest.dll" adapterTypeName="executor://mstestadapter/v2" className="VideoOS.Event.Server.MIP.PlugIn.UnitTest.MapPlugInEventHandlerTest" name="TestIDWithNull" />
    </UnitTest>
    <UnitTest name="TestCreateFilteredConfigurationCommandsLimited" storage="d:\actions-runner\_work\xpco\xpco\eventserver\server\components\central\server\unittest\bin\x64\debug\videoos.event.server.unittest.dll" id="c0f3905a-0fcb-eb49-f9e4-c5460d516950">
      <TestCategory>
        <TestCategoryItem TestCategory="AccessControlServiceImplementation" />
      </TestCategory>
      <Execution id="71fdfde8-de46-4f3d-9fd9-d42252161853" />
      <TestMethod codeBase="D:\actions-runner\_work\XPCO\XPCO\EventServer\Server\Components\Central\Server\unittest\bin\x64\Debug\VideoOS.Event.Server.UnitTest.dll" adapterTypeName="executor://mstestadapter/v2" className="VideoOS.Event.Server.UnitTest.AccessControl.AccessControlServiceImplementationTest" name="TestCreateFilteredConfigurationCommandsLimited" />
    </UnitTest>
    <UnitTest name="TestGetStatusDetailsThrowingUnhandledException" storage="d:\actions-runner\_work\xpco\xpco\eventserver\server\components\central\server\unittest\bin\x64\debug\videoos.event.server.unittest.dll" id="1a8ece28-2d7b-4d15-bd96-32d58e25e257">
      <Execution id="6a536301-d77f-4d49-bf00-13b34b046b39" />
      <TestMethod codeBase="D:\actions-runner\_work\XPCO\XPCO\EventServer\Server\Components\Central\Server\unittest\bin\x64\Debug\VideoOS.Event.Server.UnitTest.dll" adapterTypeName="executor://mstestadapter/v2" className="VideoOS.Event.Server.WebService.Status.UnitTest.StatusCommandTokenTest" name="TestGetStatusDetailsThrowingUnhandledException" />
    </UnitTest>
    <UnitTest name="TestUpdateAlarmWithPriority" storage="d:\actions-runner\_work\xpco\xpco\eventserver\server\components\central\server\unittest\bin\x64\debug\videoos.event.server.unittest.dll" id="d325ee40-316b-6f9d-b0f9-6b523ec84e35">
      <Execution id="422ff1df-08ee-41c2-a4b3-e84b085cc40a" />
      <TestMethod codeBase="D:\actions-runner\_work\XPCO\XPCO\EventServer\Server\Components\Central\Server\unittest\bin\x64\Debug\VideoOS.Event.Server.UnitTest.dll" adapterTypeName="executor://mstestadapter/v2" className="VideoOS.Event.Server.WebService.Alarm.UnitTest.AlarmCommandTokenTest" name="TestUpdateAlarmWithPriority" />
    </UnitTest>
    <UnitTest name="TestGetAlarmMessagesException" storage="d:\actions-runner\_work\xpco\xpco\eventserver\server\components\central\server\unittest\bin\x64\debug\videoos.event.server.unittest.dll" id="4478d8c6-cc1f-151f-5b78-c96e0f6d778a">
      <Execution id="1a6c1eab-67c0-460d-bb1e-15aaef65cf34" />
      <TestMethod codeBase="D:\actions-runner\_work\XPCO\XPCO\EventServer\Server\Components\Central\Server\unittest\bin\x64\Debug\VideoOS.Event.Server.UnitTest.dll" adapterTypeName="executor://mstestadapter/v2" className="VideoOS.Event.Server.WebService.Alarm.UnitTest.AlarmCommandTokenTest" name="TestGetAlarmMessagesException" />
    </UnitTest>
    <UnitTest name="WebServiceTest_CreateWsHTTPBindingSecurityModeMessageClientCredentialTypeCertificate" storage="d:\actions-runner\_work\xpco\xpco\eventserver\server\components\central\server\unittest\bin\x64\debug\videoos.event.server.unittest.dll" id="9fff0259-9346-ba07-75df-2e340fc42376">
      <Execution id="182ccbcf-3aff-4bb5-b5f9-66cdb1909b0e" />
      <TestMethod codeBase="D:\actions-runner\_work\XPCO\XPCO\EventServer\Server\Components\Central\Server\unittest\bin\x64\Debug\VideoOS.Event.Server.UnitTest.dll" adapterTypeName="executor://mstestadapter/v2" className="VideoOS.Event.Server.UnitTest.WebService.WebServiceTest" name="WebServiceTest_CreateWsHTTPBindingSecurityModeMessageClientCredentialTypeCertificate" />
    </UnitTest>
    <UnitTest name="TestGetTypeChanged" storage="d:\actions-runner\_work\xpco\xpco\eventserver\server\components\central\server\unittest\bin\x64\debug\videoos.event.server.unittest.dll" id="fba6c5d6-f67e-b778-3f6d-40b264f20da7">
      <Execution id="435e253e-675e-4f00-b309-07e56b0b12a2" />
      <TestMethod codeBase="D:\actions-runner\_work\XPCO\XPCO\EventServer\Server\Components\Central\Server\unittest\bin\x64\Debug\VideoOS.Event.Server.UnitTest.dll" adapterTypeName="executor://mstestadapter/v2" className="VideoOS.Event.Server.Map.UnitTest.VisualElementManagerTest" name="TestGetTypeChanged" />
    </UnitTest>
    <UnitTest name="TestGetAlarmMessages" storage="d:\actions-runner\_work\xpco\xpco\eventserver\server\components\central\server\unittest\bin\x64\debug\videoos.event.server.unittest.dll" id="72eaa5e2-14eb-fca3-ca77-51bd104d5653">
      <Execution id="873fddf3-ce8f-449f-877e-79a469626b9a" />
      <TestMethod codeBase="D:\actions-runner\_work\XPCO\XPCO\EventServer\Server\Components\Central\Server\unittest\bin\x64\Debug\VideoOS.Event.Server.UnitTest.dll" adapterTypeName="executor://mstestadapter/v2" className="VideoOS.Event.Server.WebService.Alarm.UnitTest.AlarmCommandTokenTest" name="TestGetAlarmMessages" />
    </UnitTest>
    <UnitTest name="TestUpdateStateSnooze" storage="d:\actions-runner\_work\xpco\xpco\eventserver\server\components\central\server\unittest\bin\x64\debug\videoos.event.server.unittest.dll" id="5b434add-2b1e-055c-dba6-d690155d8160">
      <Execution id="1fbe0721-d0db-4e52-b32e-a6a7c5320a67" />
      <TestMethod codeBase="D:\actions-runner\_work\XPCO\XPCO\EventServer\Server\Components\Central\Server\unittest\bin\x64\Debug\VideoOS.Event.Server.UnitTest.dll" adapterTypeName="executor://mstestadapter/v2" className="VideoOS.Event.Server.Map.Data.UnitTest.StatusElementCameraTest" name="TestUpdateStateSnooze" />
    </UnitTest>
    <UnitTest name="TestGetPlugInItems" storage="d:\actions-runner\_work\xpco\xpco\eventserver\server\components\central\server\unittest\bin\x64\debug\videoos.event.server.unittest.dll" id="f5494661-fe61-3b93-b99f-f96ddc383216">
      <TestCategory>
        <TestCategoryItem TestCategory="MapPlugInManagerTest" />
      </TestCategory>
      <Execution id="afc387e5-964f-4252-ba23-5d0de09db3d0" />
      <TestMethod codeBase="D:\actions-runner\_work\XPCO\XPCO\EventServer\Server\Components\Central\Server\unittest\bin\x64\Debug\VideoOS.Event.Server.UnitTest.dll" adapterTypeName="executor://mstestadapter/v2" className="VideoOS.Event.Server.MIP.PlugIn.UnitTest.MapPlugInManagerTest" name="TestGetPlugInItems" />
    </UnitTest>
    <UnitTest name="TestInitialize" storage="d:\actions-runner\_work\xpco\xpco\eventserver\server\components\central\server\unittest\bin\x64\debug\videoos.event.server.unittest.dll" id="a0a872b1-f051-b8aa-b24b-b9eca47e8aa0">
      <Execution id="e6c3a3d5-47ab-4b2a-9736-6c57dc580bac" />
      <TestMethod codeBase="D:\actions-runner\_work\XPCO\XPCO\EventServer\Server\Components\Central\Server\unittest\bin\x64\Debug\VideoOS.Event.Server.UnitTest.dll" adapterTypeName="executor://mstestadapter/v2" className="VideoOS.Event.Server.MIP.PlugIn.UnitTest.MapPlugInTypeEventHandlerTest" name="TestInitialize" />
    </UnitTest>
    <UnitTest name="TestRemoveElementWithOldTimestampAndForce" storage="d:\actions-runner\_work\xpco\xpco\eventserver\server\components\central\server\unittest\bin\x64\debug\videoos.event.server.unittest.dll" id="db6fcf61-1043-5a01-715f-bc3b67842046">
      <Execution id="977e2ea1-3f39-4c1d-b4b7-d2647c57e3ae" />
      <TestMethod codeBase="D:\actions-runner\_work\XPCO\XPCO\EventServer\Server\Components\Central\Server\unittest\bin\x64\Debug\VideoOS.Event.Server.UnitTest.dll" adapterTypeName="executor://mstestadapter/v2" className="VideoOS.Event.Server.Map.UnitTest.VisualElementManagerTest" name="TestRemoveElementWithOldTimestampAndForce" />
    </UnitTest>
    <UnitTest name="TestSingleSessionMultipleUserIds" storage="d:\actions-runner\_work\xpco\xpco\eventserver\server\components\central\server\unittest\bin\x64\debug\videoos.event.server.unittest.dll" id="e60106bd-77a3-bab8-cdd0-697b85096b7e">
      <TestCategory>
        <TestCategoryItem TestCategory="SessionCache" />
      </TestCategory>
      <Execution id="bf2563af-3042-43b4-95c8-43e697266080" />
      <TestMethod codeBase="D:\actions-runner\_work\XPCO\XPCO\EventServer\Server\Components\Central\Server\unittest\bin\x64\Debug\VideoOS.Event.Server.UnitTest.dll" adapterTypeName="executor://mstestadapter/v2" className="VideoOS.Event.Server.UnitTest.Session.SessionCacheTest" name="TestSingleSessionMultipleUserIds" />
    </UnitTest>
    <UnitTest name="HasStateUpdate_ShouldReturnTrue_WhenListContainsTwoUpdatesWithDifferentStartAndEndStates" storage="d:\actions-runner\_work\xpco\xpco\eventserver\server\components\central\server\unittest\bin\x64\debug\videoos.event.server.unittest.dll" id="1401f769-da16-93bd-e404-03abaa246295">
      <Execution id="fd0920ca-d6b3-4b8a-adda-474238f00820" />
      <TestMethod codeBase="D:\actions-runner\_work\XPCO\XPCO\EventServer\Server\Components\Central\Server\unittest\bin\x64\Debug\VideoOS.Event.Server.UnitTest.dll" adapterTypeName="executor://mstestadapter/v2" className="VideoOS.Event.Server.UnitTest.Alarm.AlarmActionItems.StateUpdateHelperTest" name="HasStateUpdate_ShouldReturnTrue_WhenListContainsTwoUpdatesWithDifferentStartAndEndStates" />
    </UnitTest>
    <UnitTest name="TestStartWithAccessControlConfigHost" storage="d:\actions-runner\_work\xpco\xpco\eventserver\server\components\central\server\unittest\bin\x64\debug\videoos.event.server.unittest.dll" id="153bb311-a7ab-905b-0fa3-53f7fcf4e20e">
      <TestCategory>
        <TestCategoryItem TestCategory="PermissionManagerFetcher" />
      </TestCategory>
      <Execution id="4571ce6a-6527-43e7-a264-b362ddc71e9a" />
      <TestMethod codeBase="D:\actions-runner\_work\XPCO\XPCO\EventServer\Server\Components\Central\Server\unittest\bin\x64\Debug\VideoOS.Event.Server.UnitTest.dll" adapterTypeName="executor://mstestadapter/v2" className="VideoOS.Event.Server.UnitTest.Security.PermissionFetcherTest" name="TestStartWithAccessControlConfigHost" />
    </UnitTest>
    <UnitTest name="TestUpdateElementBoundsWithNonExistingVisualOwnerId" storage="d:\actions-runner\_work\xpco\xpco\eventserver\server\components\central\server\unittest\bin\x64\debug\videoos.event.server.unittest.dll" id="e187a4f8-2a0c-b2fa-65de-ffb89c00cd52">
      <Execution id="8e9d7896-6ce6-4ba5-bff7-8c15b78b8cd3" />
      <TestMethod codeBase="D:\actions-runner\_work\XPCO\XPCO\EventServer\Server\Components\Central\Server\unittest\bin\x64\Debug\VideoOS.Event.Server.UnitTest.dll" adapterTypeName="executor://mstestadapter/v2" className="VideoOS.Event.Server.Map.UnitTest.VisualElementManagerTest" name="TestUpdateElementBoundsWithNonExistingVisualOwnerId" />
    </UnitTest>
    <UnitTest name="UnsubscribeEventReceiver_ReturnsFalse_WhenNotSubscribed" storage="d:\actions-runner\_work\xpco\xpco\eventserver\server\components\central\server\unittest\bin\x64\debug\videoos.event.server.unittest.dll" id="b668fb81-8c7e-9806-9e45-6250f49d266d">
      <Execution id="c57185d6-605b-415e-9ca1-3ee90a306836" />
      <TestMethod codeBase="D:\actions-runner\_work\XPCO\XPCO\EventServer\Server\Components\Central\Server\unittest\bin\x64\Debug\VideoOS.Event.Server.UnitTest.dll" adapterTypeName="executor://mstestadapter/v2" className="VideoOS.Event.Server.UnitTest.Event.EventPusherTest" name="UnsubscribeEventReceiver_ReturnsFalse_WhenNotSubscribed" />
    </UnitTest>
    <UnitTest name="TestLoadXmlWithNullNode" storage="d:\actions-runner\_work\xpco\xpco\eventserver\server\components\central\server\unittest\bin\x64\debug\videoos.event.server.unittest.dll" id="67ceb524-c955-8b26-01e7-0953c0bf777b">
      <Execution id="c11230b2-dcbc-4af1-b8ea-e36514cee09f" />
      <TestMethod codeBase="D:\actions-runner\_work\XPCO\XPCO\EventServer\Server\Components\Central\Server\unittest\bin\x64\Debug\VideoOS.Event.Server.UnitTest.dll" adapterTypeName="executor://mstestadapter/v2" className="VideoOS.Event.Server.Map.UnitTest.VisualElementStatusCalculatorTest" name="TestLoadXmlWithNullNode" />
    </UnitTest>
    <UnitTest name="EventIdListTest_BuildEventIds_ThrowsArgumentNullException" storage="d:\actions-runner\_work\xpco\xpco\eventserver\server\components\central\server\unittest\bin\x64\debug\videoos.event.server.unittest.dll" id="1958c285-da47-c12c-39c3-acb379a81240">
      <Execution id="22d3c154-80ad-4a4f-9774-ba249157345a" />
      <TestMethod codeBase="D:\actions-runner\_work\XPCO\XPCO\EventServer\Server\Components\Central\Server\unittest\bin\x64\Debug\VideoOS.Event.Server.UnitTest.dll" adapterTypeName="executor://mstestadapter/v2" className="VideoOS.Event.Server.UnitTest.Event.EventIdListTest" name="EventIdListTest_BuildEventIds_ThrowsArgumentNullException" />
    </UnitTest>
    <UnitTest name="UpdateObjects_WithValidParameters" storage="d:\actions-runner\_work\xpco\xpco\eventserver\server\components\central\server\unittest\bin\x64\debug\videoos.event.server.unittest.dll" id="20617ce6-36f9-6733-8379-e6990cbfa1ef">
      <TestCategory>
        <TestCategoryItem TestCategory="WebService/Map" />
      </TestCategory>
      <Execution id="0f79181a-6d8d-4ce1-98d9-09a4f9fd5d89" />
      <TestMethod codeBase="D:\actions-runner\_work\XPCO\XPCO\EventServer\Server\Components\Central\Server\unittest\bin\x64\Debug\VideoOS.Event.Server.UnitTest.dll" adapterTypeName="executor://mstestadapter/v2" className="VideoOS.Event.Server.WebService.Map.UnitTest.MapCommandTokenTest" name="UpdateObjects_WithValidParameters" />
    </UnitTest>
    <UnitTest name="TestLoadXmlWithValidNode" storage="d:\actions-runner\_work\xpco\xpco\eventserver\server\components\central\server\unittest\bin\x64\debug\videoos.event.server.unittest.dll" id="01feb38e-4635-81d2-104a-41d47a7d67a5">
      <Execution id="c526f9e1-64fc-4fc2-98ed-9f501de7ec30" />
      <TestMethod codeBase="D:\actions-runner\_work\XPCO\XPCO\EventServer\Server\Components\Central\Server\unittest\bin\x64\Debug\VideoOS.Event.Server.UnitTest.dll" adapterTypeName="executor://mstestadapter/v2" className="VideoOS.Event.Server.Map.UnitTest.VisualElementStatusCalculatorTest" name="TestLoadXmlWithValidNode" />
    </UnitTest>
    <UnitTest name="GetVisualElementChanges_FilteringAllDifferentServerRelations" storage="d:\actions-runner\_work\xpco\xpco\eventserver\server\components\central\server\unittest\bin\x64\debug\videoos.event.server.unittest.dll" id="b05efe8d-d94c-9ff1-508e-eed12d2e8abb">
      <TestCategory>
        <TestCategoryItem TestCategory="WebService/Map" />
      </TestCategory>
      <Execution id="589448ac-5c72-4407-a101-2aa1c8adabf7" />
      <TestMethod codeBase="D:\actions-runner\_work\XPCO\XPCO\EventServer\Server\Components\Central\Server\unittest\bin\x64\Debug\VideoOS.Event.Server.UnitTest.dll" adapterTypeName="executor://mstestadapter/v2" className="VideoOS.Event.Server.WebService.Map.UnitTest.MapCommandTokenTest" name="GetVisualElementChanges_FilteringAllDifferentServerRelations" />
    </UnitTest>
    <UnitTest name="AllEventRetentions_ShouldContainAllGroupsAndDefault_ThatWerePreviouslySet" storage="d:\actions-runner\_work\xpco\xpco\eventserver\server\components\central\server\unittest\bin\x64\debug\videoos.event.server.unittest.dll" id="73052815-243b-f729-0b25-8e22cfe5eb21">
      <Execution id="c78fb508-d502-41d5-8860-c836d3e6efdf" />
      <TestMethod codeBase="D:\actions-runner\_work\XPCO\XPCO\EventServer\Server\Components\Central\Server\unittest\bin\x64\Debug\VideoOS.Event.Server.UnitTest.dll" adapterTypeName="executor://mstestadapter/v2" className="VideoOS.Event.Server.UnitTest.Config.EventRetentionConfigTests" name="AllEventRetentions_ShouldContainAllGroupsAndDefault_ThatWerePreviouslySet" />
    </UnitTest>
    <UnitTest name="GetVisualElementChanges_WithZeroTimeout" storage="d:\actions-runner\_work\xpco\xpco\eventserver\server\components\central\server\unittest\bin\x64\debug\videoos.event.server.unittest.dll" id="bcc2542f-2068-b622-e2f2-3cc555e9d8ce">
      <TestCategory>
        <TestCategoryItem TestCategory="WebService/Map" />
      </TestCategory>
      <Execution id="78c57070-c7e0-4704-b854-60436dc870c8" />
      <TestMethod codeBase="D:\actions-runner\_work\XPCO\XPCO\EventServer\Server\Components\Central\Server\unittest\bin\x64\Debug\VideoOS.Event.Server.UnitTest.dll" adapterTypeName="executor://mstestadapter/v2" className="VideoOS.Event.Server.WebService.Map.UnitTest.MapCommandToken2Test" name="GetVisualElementChanges_WithZeroTimeout" />
    </UnitTest>
    <UnitTest name="TestGetXML" storage="d:\actions-runner\_work\xpco\xpco\eventserver\server\components\central\server\unittest\bin\x64\debug\videoos.event.server.unittest.dll" id="27982400-f5b5-f21e-b696-dede26779e1b">
      <Execution id="46160110-afa9-4df5-99a9-0998b32cf138" />
      <TestMethod codeBase="D:\actions-runner\_work\XPCO\XPCO\EventServer\Server\Components\Central\Server\unittest\bin\x64\Debug\VideoOS.Event.Server.UnitTest.dll" adapterTypeName="executor://mstestadapter/v2" className="VideoOS.Event.Server.Map.Data.UnitTest.BoundsStorageTest" name="TestGetXML" />
    </UnitTest>
    <UnitTest name="TestUpdateElementBoundsWithNonExistingId" storage="d:\actions-runner\_work\xpco\xpco\eventserver\server\components\central\server\unittest\bin\x64\debug\videoos.event.server.unittest.dll" id="4210fdd9-d999-b317-21c5-3dcb00a82045">
      <Execution id="b198383e-c497-4f16-8bca-51224adc8b46" />
      <TestMethod codeBase="D:\actions-runner\_work\XPCO\XPCO\EventServer\Server\Components\Central\Server\unittest\bin\x64\Debug\VideoOS.Event.Server.UnitTest.dll" adapterTypeName="executor://mstestadapter/v2" className="VideoOS.Event.Server.Map.UnitTest.VisualElementManagerTest" name="TestUpdateElementBoundsWithNonExistingId" />
    </UnitTest>
    <UnitTest name="TestOneACSystemPLUnsupportedButEnabledOneACSystemPLUnsupportedButEnabled" storage="d:\actions-runner\_work\xpco\xpco\eventserver\server\components\central\server\unittest\bin\x64\debug\videoos.event.server.unittest.dll" id="8279d099-96d6-eac9-0f98-2fd4f430960c">
      <TestCategory>
        <TestCategoryItem TestCategory="AccessControlUserIdTransformer" />
      </TestCategory>
      <Execution id="cf0c5b3c-7fc1-40cb-af1f-ffb173fbba47" />
      <TestMethod codeBase="D:\actions-runner\_work\XPCO\XPCO\EventServer\Server\Components\Central\Server\unittest\bin\x64\Debug\VideoOS.Event.Server.UnitTest.dll" adapterTypeName="executor://mstestadapter/v2" className="VideoOS.Event.Server.UnitTest.Session.AccessControlUserIdTransformerTest" name="TestOneACSystemPLUnsupportedButEnabledOneACSystemPLUnsupportedButEnabled" />
    </UnitTest>
    <UnitTest name="TestUpdateWithNewParentItemId" storage="d:\actions-runner\_work\xpco\xpco\eventserver\server\components\central\server\unittest\bin\x64\debug\videoos.event.server.unittest.dll" id="7eb0a4eb-feaf-9106-c5a4-b2a62712433f">
      <TestCategory>
        <TestCategoryItem TestCategory="MapPlugInInternalItem" />
      </TestCategory>
      <Execution id="34bf4d95-8049-4382-849e-a89829df3b52" />
      <TestMethod codeBase="D:\actions-runner\_work\XPCO\XPCO\EventServer\Server\Components\Central\Server\unittest\bin\x64\Debug\VideoOS.Event.Server.UnitTest.dll" adapterTypeName="executor://mstestadapter/v2" className="VideoOS.Event.Server.MIP.PlugIn.UnitTest.MapPlugInInternalItemTest" name="TestUpdateWithNewParentItemId" />
    </UnitTest>
    <UnitTest name="TestXmlValidNone" storage="d:\actions-runner\_work\xpco\xpco\eventserver\server\components\central\server\unittest\bin\x64\debug\videoos.event.server.unittest.dll" id="6d906e57-720b-055b-9fb4-621cc72c2f6e">
      <Execution id="f4916001-8e05-4b56-a69a-042d1d186c13" />
      <TestMethod codeBase="D:\actions-runner\_work\XPCO\XPCO\EventServer\Server\Components\Central\Server\unittest\bin\x64\Debug\VideoOS.Event.Server.UnitTest.dll" adapterTypeName="executor://mstestadapter/v2" className="VideoOS.EventServer.Disable.UnitTest.DisableAlarmItemTest" name="TestXmlValidNone" />
    </UnitTest>
    <UnitTest name="TestGetXMLWithNullValues" storage="d:\actions-runner\_work\xpco\xpco\eventserver\server\components\central\server\unittest\bin\x64\debug\videoos.event.server.unittest.dll" id="f4902f5e-9e3d-9666-eb94-cb4e3db91fc8">
      <Execution id="0e258749-1ae4-4dac-85b3-7da50c68db8d" />
      <TestMethod codeBase="D:\actions-runner\_work\XPCO\XPCO\EventServer\Server\Components\Central\Server\unittest\bin\x64\Debug\VideoOS.Event.Server.UnitTest.dll" adapterTypeName="executor://mstestadapter/v2" className="VideoOS.Event.Server.Map.Data.UnitTest.VisualElementStorageTest" name="TestGetXMLWithNullValues" />
    </UnitTest>
    <UnitTest name="TestGetStatusDetails" storage="d:\actions-runner\_work\xpco\xpco\eventserver\server\components\central\server\unittest\bin\x64\debug\videoos.event.server.unittest.dll" id="25ce9d2e-07f3-f533-4f18-3d0cd17d5891">
      <Execution id="10e730e5-c327-4b12-b5fd-51541ed3b01e" />
      <TestMethod codeBase="D:\actions-runner\_work\XPCO\XPCO\EventServer\Server\Components\Central\Server\unittest\bin\x64\Debug\VideoOS.Event.Server.UnitTest.dll" adapterTypeName="executor://mstestadapter/v2" className="VideoOS.Event.Server.Map.Data.UnitTest.StatusElementMapPlugInTest" name="TestGetStatusDetails" />
    </UnitTest>
    <UnitTest name="TestUpdateObjectsWithInvalidUser" storage="d:\actions-runner\_work\xpco\xpco\eventserver\server\components\central\server\unittest\bin\x64\debug\videoos.event.server.unittest.dll" id="1eaf47a2-60dc-7505-3311-4f2ff75e91fd">
      <TestCategory>
        <TestCategoryItem TestCategory="WebService/Map" />
      </TestCategory>
      <Execution id="38e8e9e8-770d-4ee1-8cf8-d5f38ac7c803" />
      <TestMethod codeBase="D:\actions-runner\_work\XPCO\XPCO\EventServer\Server\Components\Central\Server\unittest\bin\x64\Debug\VideoOS.Event.Server.UnitTest.dll" adapterTypeName="executor://mstestadapter/v2" className="VideoOS.Event.Server.WebService.Map.UnitTest.MapCommandToken2Test" name="TestUpdateObjectsWithInvalidUser" />
    </UnitTest>
    <UnitTest name="TestRemoveElementAndChildElementsWithRelationsToDifferentServers" storage="d:\actions-runner\_work\xpco\xpco\eventserver\server\components\central\server\unittest\bin\x64\debug\videoos.event.server.unittest.dll" id="96abae70-804e-22a1-b798-693289176733">
      <Execution id="5e9bfbc3-7eae-4677-b15e-798204628cf4" />
      <TestMethod codeBase="D:\actions-runner\_work\XPCO\XPCO\EventServer\Server\Components\Central\Server\unittest\bin\x64\Debug\VideoOS.Event.Server.UnitTest.dll" adapterTypeName="executor://mstestadapter/v2" className="VideoOS.Event.Server.Map.UnitTest.VisualElementManagerTest" name="TestRemoveElementAndChildElementsWithRelationsToDifferentServers" />
    </UnitTest>
    <UnitTest name="TestGetStatusThrowingUnhandledException" storage="d:\actions-runner\_work\xpco\xpco\eventserver\server\components\central\server\unittest\bin\x64\debug\videoos.event.server.unittest.dll" id="b3bbe266-4686-06fd-00e8-bbec851e17e4">
      <Execution id="4bca88db-425e-44cc-bdf5-71e28db0529f" />
      <TestMethod codeBase="D:\actions-runner\_work\XPCO\XPCO\EventServer\Server\Components\Central\Server\unittest\bin\x64\Debug\VideoOS.Event.Server.UnitTest.dll" adapterTypeName="executor://mstestadapter/v2" className="VideoOS.Event.Server.WebService.Status.UnitTest.StatusCommandTokenTest" name="TestGetStatusThrowingUnhandledException" />
    </UnitTest>
    <UnitTest name="StartStopTest" storage="d:\actions-runner\_work\xpco\xpco\eventserver\server\components\central\server\unittest\bin\x64\debug\videoos.event.server.unittest.dll" id="a96676a6-3e98-b905-8bd8-781a670d781b">
      <Execution id="4616a4f4-9ace-4b44-8509-b3ffd139a9b6" />
      <TestMethod codeBase="D:\actions-runner\_work\XPCO\XPCO\EventServer\Server\Components\Central\Server\unittest\bin\x64\Debug\VideoOS.Event.Server.UnitTest.dll" adapterTypeName="executor://mstestadapter/v2" className="VideoOS.Event.Server.UnitTest.MIP.Environment.MIPEventTypeProviderTest" name="StartStopTest" />
    </UnitTest>
    <UnitTest name="GetVisualElementObjectTypeTest" storage="d:\actions-runner\_work\xpco\xpco\eventserver\server\components\central\server\unittest\bin\x64\debug\videoos.event.server.unittest.dll" id="ac7d45c0-1e3b-1eeb-0bbd-c6016a588e61">
      <TestCategory>
        <TestCategoryItem TestCategory="Utils" />
      </TestCategory>
      <Execution id="594db911-6091-4b8d-8a89-bfa55473bb26" />
      <TestMethod codeBase="D:\actions-runner\_work\XPCO\XPCO\EventServer\Server\Components\Central\Server\unittest\bin\x64\Debug\VideoOS.Event.Server.UnitTest.dll" adapterTypeName="executor://mstestadapter/v2" className="VideoOS.Central.Server.UnitTest.Utils.TypeConverterTest" name="GetVisualElementObjectTypeTest" />
    </UnitTest>
    <UnitTest name="TestXmlValidOne" storage="d:\actions-runner\_work\xpco\xpco\eventserver\server\components\central\server\unittest\bin\x64\debug\videoos.event.server.unittest.dll" id="7a3a0dea-02b1-cc56-4c12-fb536f0999e8">
      <Execution id="92cf8c59-dae9-4568-bf5c-70c1351cd14e" />
      <TestMethod codeBase="D:\actions-runner\_work\XPCO\XPCO\EventServer\Server\Components\Central\Server\unittest\bin\x64\Debug\VideoOS.Event.Server.UnitTest.dll" adapterTypeName="executor://mstestadapter/v2" className="VideoOS.EventServer.Disable.UnitTest.DisableAlarmItemTest" name="TestXmlValidOne" />
    </UnitTest>
    <UnitTest name="TestConstructor" storage="d:\actions-runner\_work\xpco\xpco\eventserver\server\components\central\server\unittest\bin\x64\debug\videoos.event.server.unittest.dll" id="4fb72ccd-2bb5-ad9a-c6fb-27993d836d19">
      <Execution id="4bf3d4b0-7469-49a6-9e43-d0f37ede1b01" />
      <TestMethod codeBase="D:\actions-runner\_work\XPCO\XPCO\EventServer\Server\Components\Central\Server\unittest\bin\x64\Debug\VideoOS.Event.Server.UnitTest.dll" adapterTypeName="executor://mstestadapter/v2" className="VideoOS.Event.Server.WebService.Status.UnitTest.StatusCommandToken2Test" name="TestConstructor" />
    </UnitTest>
    <UnitTest name="TestDeleteObjectsThrowingUnhandledException" storage="d:\actions-runner\_work\xpco\xpco\eventserver\server\components\central\server\unittest\bin\x64\debug\videoos.event.server.unittest.dll" id="772da960-f2ad-972a-fa28-e9bdb8e341f0">
      <TestCategory>
        <TestCategoryItem TestCategory="WebService/Map" />
      </TestCategory>
      <Execution id="d0896048-92c2-4d20-87b1-6337fca91c7a" />
      <TestMethod codeBase="D:\actions-runner\_work\XPCO\XPCO\EventServer\Server\Components\Central\Server\unittest\bin\x64\Debug\VideoOS.Event.Server.UnitTest.dll" adapterTypeName="executor://mstestadapter/v2" className="VideoOS.Event.Server.WebService.Map.UnitTest.MapCommandToken2Test" name="TestDeleteObjectsThrowingUnhandledException" />
    </UnitTest>
    <UnitTest name="TestGetItemStatusDetailsWithUnknownType" storage="d:\actions-runner\_work\xpco\xpco\eventserver\server\components\central\server\unittest\bin\x64\debug\videoos.event.server.unittest.dll" id="2424394d-3dc8-929b-c4f6-779908e3129b">
      <TestCategory>
        <TestCategoryItem TestCategory="MapPlugInManagerTest" />
      </TestCategory>
      <Execution id="2b2bfaa3-0b6b-422e-99a1-3e87485f3cc4" />
      <TestMethod codeBase="D:\actions-runner\_work\XPCO\XPCO\EventServer\Server\Components\Central\Server\unittest\bin\x64\Debug\VideoOS.Event.Server.UnitTest.dll" adapterTypeName="executor://mstestadapter/v2" className="VideoOS.Event.Server.MIP.PlugIn.UnitTest.MapPlugInManagerTest" name="TestGetItemStatusDetailsWithUnknownType" />
    </UnitTest>
    <UnitTest name="AccessControlRetention_ShouldBe30Days_ByDefault" storage="d:\actions-runner\_work\xpco\xpco\eventserver\server\components\central\server\unittest\bin\x64\debug\videoos.event.server.unittest.dll" id="e13f6ea5-95e8-7429-84b4-a5809f76cb83">
      <Execution id="d066c793-bb6a-497c-9598-932bc55feeff" />
      <TestMethod codeBase="D:\actions-runner\_work\XPCO\XPCO\EventServer\Server\Components\Central\Server\unittest\bin\x64\Debug\VideoOS.Event.Server.UnitTest.dll" adapterTypeName="executor://mstestadapter/v2" className="VideoOS.Event.Server.UnitTest.Config.EventRetentionConfigTests" name="AccessControlRetention_ShouldBe30Days_ByDefault" />
    </UnitTest>
    <UnitTest name="TestGetPlugInItemChangesWithInvalidUser" storage="d:\actions-runner\_work\xpco\xpco\eventserver\server\components\central\server\unittest\bin\x64\debug\videoos.event.server.unittest.dll" id="bd13d3be-2b69-2191-9edd-a13c4674c882">
      <TestCategory>
        <TestCategoryItem TestCategory="WebService/Map" />
      </TestCategory>
      <Execution id="a0b48aa2-c47f-4a97-8f65-94982a46e8e1" />
      <TestMethod codeBase="D:\actions-runner\_work\XPCO\XPCO\EventServer\Server\Components\Central\Server\unittest\bin\x64\Debug\VideoOS.Event.Server.UnitTest.dll" adapterTypeName="executor://mstestadapter/v2" className="VideoOS.Event.Server.WebService.Map.UnitTest.MapCommandToken2Test" name="TestGetPlugInItemChangesWithInvalidUser" />
    </UnitTest>
    <UnitTest name="TestGetItemOperationalStateWithUnknownType" storage="d:\actions-runner\_work\xpco\xpco\eventserver\server\components\central\server\unittest\bin\x64\debug\videoos.event.server.unittest.dll" id="84728403-b075-0630-859d-2be772a02544">
      <TestCategory>
        <TestCategoryItem TestCategory="MapPlugInManagerTest" />
      </TestCategory>
      <Execution id="e525c9d8-ef3f-4f91-b0b5-dc25d68996bd" />
      <TestMethod codeBase="D:\actions-runner\_work\XPCO\XPCO\EventServer\Server\Components\Central\Server\unittest\bin\x64\Debug\VideoOS.Event.Server.UnitTest.dll" adapterTypeName="executor://mstestadapter/v2" className="VideoOS.Event.Server.MIP.PlugIn.UnitTest.MapPlugInManagerTest" name="TestGetItemOperationalStateWithUnknownType" />
    </UnitTest>
    <UnitTest name="TestItemsWithItemIdsAll" storage="d:\actions-runner\_work\xpco\xpco\eventserver\server\components\central\server\unittest\bin\x64\debug\videoos.event.server.unittest.dll" id="77c0946a-35e6-2594-81e6-6e9900eb9d47">
      <Execution id="2032f029-f26e-4bfb-973d-52de8b41feee" />
      <TestMethod codeBase="D:\actions-runner\_work\XPCO\XPCO\EventServer\Server\Components\Central\Server\unittest\bin\x64\Debug\VideoOS.Event.Server.UnitTest.dll" adapterTypeName="executor://mstestadapter/v2" className="VideoOS.Event.Server.MIP.PlugIn.UnitTest.MapPlugInTypeEventHandlerTest" name="TestItemsWithItemIdsAll" />
    </UnitTest>
    <UnitTest name="TestStart" storage="d:\actions-runner\_work\xpco\xpco\eventserver\server\components\central\server\unittest\bin\x64\debug\videoos.event.server.unittest.dll" id="d7b4be10-2260-740b-15c5-ed700c8a8036">
      <Execution id="64a4e9ed-03fb-4a15-8628-e1acd3e4d5f2" />
      <TestMethod codeBase="D:\actions-runner\_work\XPCO\XPCO\EventServer\Server\Components\Central\Server\unittest\bin\x64\Debug\VideoOS.Event.Server.UnitTest.dll" adapterTypeName="executor://mstestadapter/v2" className="VideoOS.Central.Server.Communication.UnitTest.FeatureFetcherTest" name="TestStart" />
    </UnitTest>
    <UnitTest name="TestGetElementWithInvalidId" storage="d:\actions-runner\_work\xpco\xpco\eventserver\server\components\central\server\unittest\bin\x64\debug\videoos.event.server.unittest.dll" id="91fc9898-562e-ac60-b27b-73fa95a2dbfc">
      <Execution id="ade7e67a-d6e5-4e71-8ccf-f680ffb28b79" />
      <TestMethod codeBase="D:\actions-runner\_work\XPCO\XPCO\EventServer\Server\Components\Central\Server\unittest\bin\x64\Debug\VideoOS.Event.Server.UnitTest.dll" adapterTypeName="executor://mstestadapter/v2" className="VideoOS.Event.Server.Map.UnitTest.VisualElementManagerTest" name="TestGetElementWithInvalidId" />
    </UnitTest>
    <UnitTest name="TestGetAllObjectsOfTypeWithValidParameters" storage="d:\actions-runner\_work\xpco\xpco\eventserver\server\components\central\server\unittest\bin\x64\debug\videoos.event.server.unittest.dll" id="ecd41b4b-be5f-ac5a-522b-5bb4188712e6">
      <TestCategory>
        <TestCategoryItem TestCategory="WebService/Map" />
      </TestCategory>
      <Execution id="b6f29f1d-9caf-40b1-a2a8-327175e0a10d" />
      <TestMethod codeBase="D:\actions-runner\_work\XPCO\XPCO\EventServer\Server\Components\Central\Server\unittest\bin\x64\Debug\VideoOS.Event.Server.UnitTest.dll" adapterTypeName="executor://mstestadapter/v2" className="VideoOS.Event.Server.WebService.Map.UnitTest.MapCommandCredentialsTest" name="TestGetAllObjectsOfTypeWithValidParameters" />
    </UnitTest>
    <UnitTest name="TestConstructorWithVisualElement" storage="d:\actions-runner\_work\xpco\xpco\eventserver\server\components\central\server\unittest\bin\x64\debug\videoos.event.server.unittest.dll" id="eb2f2cd7-c193-fc00-42d8-b5c3c4bea8bc">
      <Execution id="56620708-c608-472f-9df2-f8257a0ba79c" />
      <TestMethod codeBase="D:\actions-runner\_work\XPCO\XPCO\EventServer\Server\Components\Central\Server\unittest\bin\x64\Debug\VideoOS.Event.Server.UnitTest.dll" adapterTypeName="executor://mstestadapter/v2" className="VideoOS.Event.Server.Map.Data.UnitTest.StatusElementForeignTest" name="TestConstructorWithVisualElement" />
    </UnitTest>
    <UnitTest name="TestAddUserAfterStart" storage="d:\actions-runner\_work\xpco\xpco\eventserver\server\components\central\server\unittest\bin\x64\debug\videoos.event.server.unittest.dll" id="cc2dff21-ba04-a7ac-99ca-7f01ecfb6b50">
      <TestCategory>
        <TestCategoryItem TestCategory="PermissionManagerFetcher" />
      </TestCategory>
      <Execution id="2cc2d6f7-cfb3-4706-a1f2-0bfb8299cfe9" />
      <TestMethod codeBase="D:\actions-runner\_work\XPCO\XPCO\EventServer\Server\Components\Central\Server\unittest\bin\x64\Debug\VideoOS.Event.Server.UnitTest.dll" adapterTypeName="executor://mstestadapter/v2" className="VideoOS.Event.Server.UnitTest.Security.PermissionFetcherTest" name="TestAddUserAfterStart" />
    </UnitTest>
    <UnitTest name="WebServiceTest_CreateServiceMetadataBehavior" storage="d:\actions-runner\_work\xpco\xpco\eventserver\server\components\central\server\unittest\bin\x64\debug\videoos.event.server.unittest.dll" id="0f8f162f-04c8-93b6-bc09-ad6b2b579c3e">
      <Execution id="cb69e9f8-2437-4d1a-a085-d3f08e61f11e" />
      <TestMethod codeBase="D:\actions-runner\_work\XPCO\XPCO\EventServer\Server\Components\Central\Server\unittest\bin\x64\Debug\VideoOS.Event.Server.UnitTest.dll" adapterTypeName="executor://mstestadapter/v2" className="VideoOS.Event.Server.UnitTest.WebService.WebServiceTest" name="WebServiceTest_CreateServiceMetadataBehavior" />
    </UnitTest>
    <UnitTest name="TestUpdateObjectsWithServerIDInRelationID" storage="d:\actions-runner\_work\xpco\xpco\eventserver\server\components\central\server\unittest\bin\x64\debug\videoos.event.server.unittest.dll" id="a03feeed-1bbf-cf6a-a8a9-3a2d71ce8049">
      <TestCategory>
        <TestCategoryItem TestCategory="WebService/Map" />
      </TestCategory>
      <Execution id="803b1b67-641f-474e-892e-354ea28b4d8f" />
      <TestMethod codeBase="D:\actions-runner\_work\XPCO\XPCO\EventServer\Server\Components\Central\Server\unittest\bin\x64\Debug\VideoOS.Event.Server.UnitTest.dll" adapterTypeName="executor://mstestadapter/v2" className="VideoOS.Event.Server.WebService.Map.UnitTest.MapCommandTokenTest" name="TestUpdateObjectsWithServerIDInRelationID" />
    </UnitTest>
    <UnitTest name="TestUpdateElementBoundsWithOldTimestampAndForce" storage="d:\actions-runner\_work\xpco\xpco\eventserver\server\components\central\server\unittest\bin\x64\debug\videoos.event.server.unittest.dll" id="6ac0cf3c-db4c-fde0-6a5a-d4869aa3cb65">
      <Execution id="607f785b-6446-4a07-b95f-c6134d34d9b2" />
      <TestMethod codeBase="D:\actions-runner\_work\XPCO\XPCO\EventServer\Server\Components\Central\Server\unittest\bin\x64\Debug\VideoOS.Event.Server.UnitTest.dll" adapterTypeName="executor://mstestadapter/v2" className="VideoOS.Event.Server.Map.UnitTest.VisualElementManagerTest" name="TestUpdateElementBoundsWithOldTimestampAndForce" />
    </UnitTest>
    <UnitTest name="TestGetAllElementsOfTypeIncludeRootOnSingleTree" storage="d:\actions-runner\_work\xpco\xpco\eventserver\server\components\central\server\unittest\bin\x64\debug\videoos.event.server.unittest.dll" id="06c41f3f-b907-8887-c033-31260fa78eef">
      <Execution id="3b253bd4-c55a-411d-99d0-7138e5a44a69" />
      <TestMethod codeBase="D:\actions-runner\_work\XPCO\XPCO\EventServer\Server\Components\Central\Server\unittest\bin\x64\Debug\VideoOS.Event.Server.UnitTest.dll" adapterTypeName="executor://mstestadapter/v2" className="VideoOS.Event.Server.Map.UnitTest.VisualElementManagerTest" name="TestGetAllElementsOfTypeIncludeRootOnSingleTree" />
    </UnitTest>
    <UnitTest name="TestSetVisualizationThrowingUnhandledException" storage="d:\actions-runner\_work\xpco\xpco\eventserver\server\components\central\server\unittest\bin\x64\debug\videoos.event.server.unittest.dll" id="2f123298-872a-ab68-13c5-f31ac74304cf">
      <Execution id="b5d88b4b-6955-404d-ac1d-cc7a87bcb106" />
      <TestMethod codeBase="D:\actions-runner\_work\XPCO\XPCO\EventServer\Server\Components\Central\Server\unittest\bin\x64\Debug\VideoOS.Event.Server.UnitTest.dll" adapterTypeName="executor://mstestadapter/v2" className="VideoOS.Event.Server.WebService.Status.UnitTest.StatusCommandCredentialsTest" name="TestSetVisualizationThrowingUnhandledException" />
    </UnitTest>
    <UnitTest name="TestGetAllObjectIDsOnVisualElementThrowingUnhandledException" storage="d:\actions-runner\_work\xpco\xpco\eventserver\server\components\central\server\unittest\bin\x64\debug\videoos.event.server.unittest.dll" id="72f7ef9e-d85d-d440-d8d3-354ecc2e1b75">
      <TestCategory>
        <TestCategoryItem TestCategory="WebService/Map" />
      </TestCategory>
      <Execution id="312d6977-5e74-495d-bf9a-0487132ce71a" />
      <TestMethod codeBase="D:\actions-runner\_work\XPCO\XPCO\EventServer\Server\Components\Central\Server\unittest\bin\x64\Debug\VideoOS.Event.Server.UnitTest.dll" adapterTypeName="executor://mstestadapter/v2" className="VideoOS.Event.Server.WebService.Map.UnitTest.MapCommandTokenTest" name="TestGetAllObjectIDsOnVisualElementThrowingUnhandledException" />
    </UnitTest>
    <UnitTest name="TestGetStatusTreeStructureWithComplexCyclicRelation" storage="d:\actions-runner\_work\xpco\xpco\eventserver\server\components\central\server\unittest\bin\x64\debug\videoos.event.server.unittest.dll" id="d14e3f39-9a27-090e-fd4a-a1404886c886">
      <Execution id="64dd450c-788d-46e6-b31d-4a8746372ba3" />
      <TestMethod codeBase="D:\actions-runner\_work\XPCO\XPCO\EventServer\Server\Components\Central\Server\unittest\bin\x64\Debug\VideoOS.Event.Server.UnitTest.dll" adapterTypeName="executor://mstestadapter/v2" className="VideoOS.Event.Server.Map.UnitTest.VisualElementStatusCalculatorTest" name="TestGetStatusTreeStructureWithComplexCyclicRelation" />
    </UnitTest>
    <UnitTest name="TestGetAllObjectsOnVisualElementThrowingUnhandledException" storage="d:\actions-runner\_work\xpco\xpco\eventserver\server\components\central\server\unittest\bin\x64\debug\videoos.event.server.unittest.dll" id="db1cf4cf-9e8e-00a9-a41f-122fcf4b358a">
      <TestCategory>
        <TestCategoryItem TestCategory="WebService/Map" />
      </TestCategory>
      <Execution id="e32823a6-c260-4c48-b029-22cca9c43980" />
      <TestMethod codeBase="D:\actions-runner\_work\XPCO\XPCO\EventServer\Server\Components\Central\Server\unittest\bin\x64\Debug\VideoOS.Event.Server.UnitTest.dll" adapterTypeName="executor://mstestadapter/v2" className="VideoOS.Event.Server.WebService.Map.UnitTest.MapCommandToken2Test" name="TestGetAllObjectsOnVisualElementThrowingUnhandledException" />
    </UnitTest>
    <UnitTest name="TestCacheCleanupMultipleSessionsSingleUserIdTouch" storage="d:\actions-runner\_work\xpco\xpco\eventserver\server\components\central\server\unittest\bin\x64\debug\videoos.event.server.unittest.dll" id="b285b47f-41f0-c77d-9d57-63601810b57b">
      <TestCategory>
        <TestCategoryItem TestCategory="SessionCache" />
      </TestCategory>
      <Execution id="c659ef9a-e42c-4af2-88bd-57ccb790f065" />
      <TestMethod codeBase="D:\actions-runner\_work\XPCO\XPCO\EventServer\Server\Components\Central\Server\unittest\bin\x64\Debug\VideoOS.Event.Server.UnitTest.dll" adapterTypeName="executor://mstestadapter/v2" className="VideoOS.Event.Server.UnitTest.Session.SessionCacheCleanupTest" name="TestCacheCleanupMultipleSessionsSingleUserIdTouch" />
    </UnitTest>
    <UnitTest name="TestRemoveElementAndChildElementsWithEmptyId" storage="d:\actions-runner\_work\xpco\xpco\eventserver\server\components\central\server\unittest\bin\x64\debug\videoos.event.server.unittest.dll" id="05f743d1-937a-7d43-9e19-5edaf4c25bb7">
      <Execution id="ffeec67c-8ff8-4625-8fb1-800d455098f3" />
      <TestMethod codeBase="D:\actions-runner\_work\XPCO\XPCO\EventServer\Server\Components\Central\Server\unittest\bin\x64\Debug\VideoOS.Event.Server.UnitTest.dll" adapterTypeName="executor://mstestadapter/v2" className="VideoOS.Event.Server.Map.UnitTest.VisualElementManagerTest" name="TestRemoveElementAndChildElementsWithEmptyId" />
    </UnitTest>
    <UnitTest name="TestMultipleSessionsSingleUserId" storage="d:\actions-runner\_work\xpco\xpco\eventserver\server\components\central\server\unittest\bin\x64\debug\videoos.event.server.unittest.dll" id="094bba8f-c3e2-d36c-6093-90d928e3ff38">
      <TestCategory>
        <TestCategoryItem TestCategory="SessionCache" />
      </TestCategory>
      <Execution id="91114d2d-2271-43ad-a49e-c62918261985" />
      <TestMethod codeBase="D:\actions-runner\_work\XPCO\XPCO\EventServer\Server\Components\Central\Server\unittest\bin\x64\Debug\VideoOS.Event.Server.UnitTest.dll" adapterTypeName="executor://mstestadapter/v2" className="VideoOS.Event.Server.UnitTest.Session.SessionCacheTest" name="TestMultipleSessionsSingleUserId" />
    </UnitTest>
    <UnitTest name="TestActionHandlerStopNotStarted" storage="d:\actions-runner\_work\xpco\xpco\eventserver\server\components\central\server\unittest\bin\x64\debug\videoos.event.server.unittest.dll" id="ca460ab7-0633-570a-3f65-82ba50f53cf4">
      <Execution id="ebeef13a-92b6-48c4-98aa-164c649014eb" />
      <TestMethod codeBase="D:\actions-runner\_work\XPCO\XPCO\EventServer\Server\Components\Central\Server\unittest\bin\x64\Debug\VideoOS.Event.Server.UnitTest.dll" adapterTypeName="executor://mstestadapter/v2" className="VideoOS.Event.Server.UnitTest.XPCORuleSystem.MipActionHandlerTest" name="TestActionHandlerStopNotStarted" />
    </UnitTest>
    <UnitTest name="TestGetStatisticsException" storage="d:\actions-runner\_work\xpco\xpco\eventserver\server\components\central\server\unittest\bin\x64\debug\videoos.event.server.unittest.dll" id="84a733c7-39c1-519f-9053-6cfcae8c2ec4">
      <Execution id="0aeedde2-2f83-42b2-9556-bf04e6829428" />
      <TestMethod codeBase="D:\actions-runner\_work\XPCO\XPCO\EventServer\Server\Components\Central\Server\unittest\bin\x64\Debug\VideoOS.Event.Server.UnitTest.dll" adapterTypeName="executor://mstestadapter/v2" className="VideoOS.Event.Server.WebService.Alarm.UnitTest.AlarmCommandTokenTest" name="TestGetStatisticsException" />
    </UnitTest>
    <UnitTest name="TestDeleteObjectsNotAuthenticated" storage="d:\actions-runner\_work\xpco\xpco\eventserver\server\components\central\server\unittest\bin\x64\debug\videoos.event.server.unittest.dll" id="932a96af-2988-0a99-80b8-e39fd0c1fc40">
      <TestCategory>
        <TestCategoryItem TestCategory="WebService/Map" />
      </TestCategory>
      <Execution id="68b46a43-7bc0-4c00-9593-6ea0dd2a7f07" />
      <TestMethod codeBase="D:\actions-runner\_work\XPCO\XPCO\EventServer\Server\Components\Central\Server\unittest\bin\x64\Debug\VideoOS.Event.Server.UnitTest.dll" adapterTypeName="executor://mstestadapter/v2" className="VideoOS.Event.Server.WebService.Map.UnitTest.MapCommandCredentialsTest" name="TestDeleteObjectsNotAuthenticated" />
    </UnitTest>
    <UnitTest name="TestUpdateState" storage="d:\actions-runner\_work\xpco\xpco\eventserver\server\components\central\server\unittest\bin\x64\debug\videoos.event.server.unittest.dll" id="85bdef9d-5e1c-84ca-4f17-43b92841d07e">
      <Execution id="2d6934bd-6510-4848-84d9-cc623bdf3096" />
      <TestMethod codeBase="D:\actions-runner\_work\XPCO\XPCO\EventServer\Server\Components\Central\Server\unittest\bin\x64\Debug\VideoOS.Event.Server.UnitTest.dll" adapterTypeName="executor://mstestadapter/v2" className="VideoOS.Event.Server.Map.Data.UnitTest.StatusElementForeignTest" name="TestUpdateState" />
    </UnitTest>
    <UnitTest name="TestUpdateBoundsWithValidParameters" storage="d:\actions-runner\_work\xpco\xpco\eventserver\server\components\central\server\unittest\bin\x64\debug\videoos.event.server.unittest.dll" id="1a9e547a-3ec4-7799-7810-1748b9939ecd">
      <TestCategory>
        <TestCategoryItem TestCategory="WebService/Map" />
      </TestCategory>
      <Execution id="b29c3b07-8b9c-450d-856e-183d8c5b468a" />
      <TestMethod codeBase="D:\actions-runner\_work\XPCO\XPCO\EventServer\Server\Components\Central\Server\unittest\bin\x64\Debug\VideoOS.Event.Server.UnitTest.dll" adapterTypeName="executor://mstestadapter/v2" className="VideoOS.Event.Server.WebService.Map.UnitTest.MapCommandCredentialsTest" name="TestUpdateBoundsWithValidParameters" />
    </UnitTest>
    <UnitTest name="TestValidateWithIncorrectUserTypeBasicUser" storage="d:\actions-runner\_work\xpco\xpco\eventserver\server\components\central\server\unittest\bin\x64\debug\videoos.event.server.unittest.dll" id="d8eaa450-d2bd-a831-8272-f5ba42f1fec8">
      <Execution id="ff54d351-8903-45d2-b180-eae83b19aa1d" />
      <TestMethod codeBase="D:\actions-runner\_work\XPCO\XPCO\EventServer\Server\Components\Central\Server\unittest\bin\x64\Debug\VideoOS.Event.Server.UnitTest.dll" adapterTypeName="executor://mstestadapter/v2" className="VideoOS.EventServer.UnitTest.UserValidation.AccessControlCredentialValidationTest" name="TestValidateWithIncorrectUserTypeBasicUser" />
    </UnitTest>
    <UnitTest name="TestConstructor" storage="d:\actions-runner\_work\xpco\xpco\eventserver\server\components\central\server\unittest\bin\x64\debug\videoos.event.server.unittest.dll" id="7da7c86d-88f1-5b5d-59f9-4dc00dc7d18b">
      <Execution id="f1459e15-007d-42ff-9315-3b8ddbf07e6c" />
      <TestMethod codeBase="D:\actions-runner\_work\XPCO\XPCO\EventServer\Server\Components\Central\Server\unittest\bin\x64\Debug\VideoOS.Event.Server.UnitTest.dll" adapterTypeName="executor://mstestadapter/v2" className="VideoOS.Event.Server.Communication.Data.UnitTest.SiteInfoEngineTest" name="TestConstructor" />
    </UnitTest>
    <UnitTest name="TestCopyConstructor" storage="d:\actions-runner\_work\xpco\xpco\eventserver\server\components\central\server\unittest\bin\x64\debug\videoos.event.server.unittest.dll" id="d1937577-6d87-7b55-fb65-0910bffe4dc1">
      <Execution id="b3fff4c9-a573-4bed-8da7-3eeb3c459e59" />
      <TestMethod codeBase="D:\actions-runner\_work\XPCO\XPCO\EventServer\Server\Components\Central\Server\unittest\bin\x64\Debug\VideoOS.Event.Server.UnitTest.dll" adapterTypeName="executor://mstestadapter/v2" className="VideoOS.Event.Server.Map.Data.UnitTest.StatusElementDeviceTest" name="TestCopyConstructor" />
    </UnitTest>
    <UnitTest name="Handle_ShouldFlattenPriorityValue_WhenValuesIncludePriorityInt" storage="d:\actions-runner\_work\xpco\xpco\eventserver\server\components\central\server\unittest\bin\x64\debug\videoos.event.server.unittest.dll" id="250170b2-10b9-0c8d-c0eb-dcdd23fa17a6">
      <Execution id="a011fe22-6b49-4875-b0be-3aec4c95f7df" />
      <TestMethod codeBase="D:\actions-runner\_work\XPCO\XPCO\EventServer\Server\Components\Central\Server\unittest\bin\x64\Debug\VideoOS.Event.Server.UnitTest.dll" adapterTypeName="executor://mstestadapter/v2" className="VideoOS.Event.Server.UnitTest.Alarm.Processors.UpdateAlarms.UpdateAlarmCompositeValueHandlerTests" name="Handle_ShouldFlattenPriorityValue_WhenValuesIncludePriorityInt" />
    </UnitTest>
    <UnitTest name="TestGetAllObjectIDsOnVisualElementWithInvalidUser" storage="d:\actions-runner\_work\xpco\xpco\eventserver\server\components\central\server\unittest\bin\x64\debug\videoos.event.server.unittest.dll" id="1d7b4bc5-a1ca-c2fd-17bb-f050e55a81e6">
      <TestCategory>
        <TestCategoryItem TestCategory="WebService/Map" />
      </TestCategory>
      <Execution id="5d4785e4-9178-4d1a-b0d1-f419a4cb8768" />
      <TestMethod codeBase="D:\actions-runner\_work\XPCO\XPCO\EventServer\Server\Components\Central\Server\unittest\bin\x64\Debug\VideoOS.Event.Server.UnitTest.dll" adapterTypeName="executor://mstestadapter/v2" className="VideoOS.Event.Server.WebService.Map.UnitTest.MapCommandToken2Test" name="TestGetAllObjectIDsOnVisualElementWithInvalidUser" />
    </UnitTest>
    <UnitTest name="HasStateUpdate_ShouldReturnTrue_WhenListContainsOneUpdateWithDifferentStates" storage="d:\actions-runner\_work\xpco\xpco\eventserver\server\components\central\server\unittest\bin\x64\debug\videoos.event.server.unittest.dll" id="b54d77b2-84ea-8a67-b4f0-f35f9bb7857b">
      <Execution id="3384aebf-098c-42e7-addc-bb13d2a4cec3" />
      <TestMethod codeBase="D:\actions-runner\_work\XPCO\XPCO\EventServer\Server\Components\Central\Server\unittest\bin\x64\Debug\VideoOS.Event.Server.UnitTest.dll" adapterTypeName="executor://mstestadapter/v2" className="VideoOS.Event.Server.UnitTest.Alarm.AlarmActionItems.StateUpdateHelperTest" name="HasStateUpdate_ShouldReturnTrue_WhenListContainsOneUpdateWithDifferentStates" />
    </UnitTest>
    <UnitTest name="UpdateObject_WithValidParameters" storage="d:\actions-runner\_work\xpco\xpco\eventserver\server\components\central\server\unittest\bin\x64\debug\videoos.event.server.unittest.dll" id="ab798f06-3bf6-045e-1892-75901f2e7685">
      <TestCategory>
        <TestCategoryItem TestCategory="WebService/Map" />
      </TestCategory>
      <Execution id="42221659-34f8-44ed-b992-b8a9ef121cdb" />
      <TestMethod codeBase="D:\actions-runner\_work\XPCO\XPCO\EventServer\Server\Components\Central\Server\unittest\bin\x64\Debug\VideoOS.Event.Server.UnitTest.dll" adapterTypeName="executor://mstestadapter/v2" className="VideoOS.Event.Server.WebService.Map.UnitTest.MapCommandToken2Test" name="UpdateObject_WithValidParameters" />
    </UnitTest>
    <UnitTest name="TestLoadXMLWithNoInnerText" storage="d:\actions-runner\_work\xpco\xpco\eventserver\server\components\central\server\unittest\bin\x64\debug\videoos.event.server.unittest.dll" id="3fa55667-086b-69ce-de5e-39864f868468">
      <Execution id="5f1fc9c7-6bcf-4ba2-87c3-8e0e58a28652" />
      <TestMethod codeBase="D:\actions-runner\_work\XPCO\XPCO\EventServer\Server\Components\Central\Server\unittest\bin\x64\Debug\VideoOS.Event.Server.UnitTest.dll" adapterTypeName="executor://mstestadapter/v2" className="VideoOS.Event.Server.Map.Data.UnitTest.VisualizationStateStorageTest" name="TestLoadXMLWithNoInnerText" />
    </UnitTest>
    <UnitTest name="TestConstructor" storage="d:\actions-runner\_work\xpco\xpco\eventserver\server\components\central\server\unittest\bin\x64\debug\videoos.event.server.unittest.dll" id="368418bf-f735-1c99-a6a6-9f37952f2bb7">
      <Execution id="62afdcf3-e0b8-45e2-b0fc-c48d43a9588e" />
      <TestMethod codeBase="D:\actions-runner\_work\XPCO\XPCO\EventServer\Server\Components\Central\Server\unittest\bin\x64\Debug\VideoOS.Event.Server.UnitTest.dll" adapterTypeName="executor://mstestadapter/v2" className="VideoOS.Event.Server.MIP.PlugIn.UnitTest.MapPlugInEventHandlerTest" name="TestConstructor" />
    </UnitTest>
    <UnitTest name="TestGetIconDataWithInvalidUser" storage="d:\actions-runner\_work\xpco\xpco\eventserver\server\components\central\server\unittest\bin\x64\debug\videoos.event.server.unittest.dll" id="3b44561b-0ad1-5468-2908-3864d1c7aedc">
      <TestCategory>
        <TestCategoryItem TestCategory="WebService/Map" />
      </TestCategory>
      <Execution id="ca20938e-6e52-4c6d-a970-ea6a838e3ea6" />
      <TestMethod codeBase="D:\actions-runner\_work\XPCO\XPCO\EventServer\Server\Components\Central\Server\unittest\bin\x64\Debug\VideoOS.Event.Server.UnitTest.dll" adapterTypeName="executor://mstestadapter/v2" className="VideoOS.Event.Server.WebService.Map.UnitTest.MapCommandTokenTest" name="TestGetIconDataWithInvalidUser" />
    </UnitTest>
    <UnitTest name="TestGetObjectsWithinGPSAreaWithInvalidUser" storage="d:\actions-runner\_work\xpco\xpco\eventserver\server\components\central\server\unittest\bin\x64\debug\videoos.event.server.unittest.dll" id="6a17ffe4-7e07-899a-6465-91e72bdbf468">
      <TestCategory>
        <TestCategoryItem TestCategory="WebService/Map" />
      </TestCategory>
      <Execution id="d0752938-9466-41b0-ae43-213e4b4dac08" />
      <TestMethod codeBase="D:\actions-runner\_work\XPCO\XPCO\EventServer\Server\Components\Central\Server\unittest\bin\x64\Debug\VideoOS.Event.Server.UnitTest.dll" adapterTypeName="executor://mstestadapter/v2" className="VideoOS.Event.Server.WebService.Map.UnitTest.MapCommandTokenTest" name="TestGetObjectsWithinGPSAreaWithInvalidUser" />
    </UnitTest>
    <UnitTest name="TestUpdateAlarmWithState" storage="d:\actions-runner\_work\xpco\xpco\eventserver\server\components\central\server\unittest\bin\x64\debug\videoos.event.server.unittest.dll" id="e882c110-d54b-b53d-28f8-466fc33e4948">
      <Execution id="cafbe729-8df0-47f4-9f87-596ac5332d48" />
      <TestMethod codeBase="D:\actions-runner\_work\XPCO\XPCO\EventServer\Server\Components\Central\Server\unittest\bin\x64\Debug\VideoOS.Event.Server.UnitTest.dll" adapterTypeName="executor://mstestadapter/v2" className="VideoOS.Event.Server.WebService.Alarm.UnitTest.AlarmCommandTokenTest" name="TestUpdateAlarmWithState" />
    </UnitTest>
    <UnitTest name="WebServiceCommandBaseTest_UserAndParameterValidation_Success" storage="d:\actions-runner\_work\xpco\xpco\eventserver\server\components\central\server\unittest\bin\x64\debug\videoos.event.server.unittest.dll" id="8e643550-5c8a-fe3c-9540-1a420ec44dc1">
      <Execution id="b3994d44-e521-4202-9187-d880c50cdc3b" />
      <TestMethod codeBase="D:\actions-runner\_work\XPCO\XPCO\EventServer\Server\Components\Central\Server\unittest\bin\x64\Debug\VideoOS.Event.Server.UnitTest.dll" adapterTypeName="executor://mstestadapter/v2" className="VideoOS.Event.Server.UnitTest.WebService.Action.WebServiceAdminCommandBaseTest" name="WebServiceCommandBaseTest_UserAndParameterValidation_Success" />
    </UnitTest>
    <UnitTest name="TestGetPlugInItemChangesWithNoChangedItems" storage="d:\actions-runner\_work\xpco\xpco\eventserver\server\components\central\server\unittest\bin\x64\debug\videoos.event.server.unittest.dll" id="6253d1ca-acb7-f42f-0dd6-8dd1875bff7a">
      <TestCategory>
        <TestCategoryItem TestCategory="MapPlugInManagerTest" />
      </TestCategory>
      <Execution id="ee488bae-1fc2-46f2-ade7-1560988204e0" />
      <TestMethod codeBase="D:\actions-runner\_work\XPCO\XPCO\EventServer\Server\Components\Central\Server\unittest\bin\x64\Debug\VideoOS.Event.Server.UnitTest.dll" adapterTypeName="executor://mstestadapter/v2" className="VideoOS.Event.Server.MIP.PlugIn.UnitTest.MapPlugInManagerTest" name="TestGetPlugInItemChangesWithNoChangedItems" />
    </UnitTest>
    <UnitTest name="AddSoundAlreadyRemovedTest" storage="d:\actions-runner\_work\xpco\xpco\eventserver\server\components\central\server\unittest\bin\x64\debug\videoos.event.server.unittest.dll" id="656f95db-014c-5ee9-06b7-7ba025853223">
      <Execution id="3830f0ad-2843-4bc1-86cc-ac0c66b0a5bc" />
      <TestMethod codeBase="D:\actions-runner\_work\XPCO\XPCO\EventServer\Server\Components\Central\Server\unittest\bin\x64\Debug\VideoOS.Event.Server.UnitTest.dll" adapterTypeName="executor://mstestadapter/v2" className="VideoOS.Event.Server.Sound.UnitTest.SoundManagerTest" name="AddSoundAlreadyRemovedTest" />
    </UnitTest>
    <UnitTest name="GetIconData_WithValidParameters" storage="d:\actions-runner\_work\xpco\xpco\eventserver\server\components\central\server\unittest\bin\x64\debug\videoos.event.server.unittest.dll" id="4c2a3e3a-4e91-afcb-3da6-8ae1412bc169">
      <TestCategory>
        <TestCategoryItem TestCategory="WebService/Map" />
      </TestCategory>
      <Execution id="8765cfc4-d1b5-4447-9c31-ca908a584146" />
      <TestMethod codeBase="D:\actions-runner\_work\XPCO\XPCO\EventServer\Server\Components\Central\Server\unittest\bin\x64\Debug\VideoOS.Event.Server.UnitTest.dll" adapterTypeName="executor://mstestadapter/v2" className="VideoOS.Event.Server.WebService.Map.UnitTest.MapCommandToken2Test" name="GetIconData_WithValidParameters" />
    </UnitTest>
    <UnitTest name="TestCreateFilteredConfigurationFullVisibility" storage="d:\actions-runner\_work\xpco\xpco\eventserver\server\components\central\server\unittest\bin\x64\debug\videoos.event.server.unittest.dll" id="7afbf90e-8d01-683d-8293-6610e6dfee27">
      <TestCategory>
        <TestCategoryItem TestCategory="AccessControlServiceImplementation" />
      </TestCategory>
      <Execution id="802d41cc-8c7c-4e05-be61-c5bb9ff890f0" />
      <TestMethod codeBase="D:\actions-runner\_work\XPCO\XPCO\EventServer\Server\Components\Central\Server\unittest\bin\x64\Debug\VideoOS.Event.Server.UnitTest.dll" adapterTypeName="executor://mstestadapter/v2" className="VideoOS.Event.Server.UnitTest.AccessControl.AccessControlServiceImplementationTest" name="TestCreateFilteredConfigurationFullVisibility" />
    </UnitTest>
    <UnitTest name="GetData_ReturnsAnalyticsData_WhenAnalyticsEvent" storage="d:\actions-runner\_work\xpco\xpco\eventserver\server\components\central\server\unittest\bin\x64\debug\videoos.event.server.unittest.dll" id="8a33daa2-6473-674a-d338-66f15cfd845b">
      <Execution id="c9dfb774-ac0f-4f74-9ad3-725785a3b5bc" />
      <TestMethod codeBase="D:\actions-runner\_work\XPCO\XPCO\EventServer\Server\Components\Central\Server\unittest\bin\x64\Debug\VideoOS.Event.Server.UnitTest.dll" adapterTypeName="executor://mstestadapter/v2" className="VideoOS.Event.Server.UnitTest.Event.MapperEventDataProviderTest" name="GetData_ReturnsAnalyticsData_WhenAnalyticsEvent" />
    </UnitTest>
    <UnitTest name="EventIdListTest_WebServiceEventIds_NotContainedInRecorderEventIds" storage="d:\actions-runner\_work\xpco\xpco\eventserver\server\components\central\server\unittest\bin\x64\debug\videoos.event.server.unittest.dll" id="91bf5645-44de-4716-0485-06a931ae32d4">
      <Execution id="26ef68f1-bd89-4120-affb-7b1f944c3e23" />
      <TestMethod codeBase="D:\actions-runner\_work\XPCO\XPCO\EventServer\Server\Components\Central\Server\unittest\bin\x64\Debug\VideoOS.Event.Server.UnitTest.dll" adapterTypeName="executor://mstestadapter/v2" className="VideoOS.Event.Server.UnitTest.Event.EventIdListTest" name="EventIdListTest_WebServiceEventIds_NotContainedInRecorderEventIds" />
    </UnitTest>
    <UnitTest name="TestActionCommandCredentialsConfigurationChanged" storage="d:\actions-runner\_work\xpco\xpco\eventserver\server\components\central\server\unittest\bin\x64\debug\videoos.event.server.unittest.dll" id="6a8f0602-664e-bdf0-f0a2-3e7f9b76b3d9">
      <Execution id="6f76ce31-4b9d-4441-8307-4431fcebe04a" />
      <TestMethod codeBase="D:\actions-runner\_work\XPCO\XPCO\EventServer\Server\Components\Central\Server\unittest\bin\x64\Debug\VideoOS.Event.Server.UnitTest.dll" adapterTypeName="executor://mstestadapter/v2" className="VideoOS.Event.Server.UnitTest.WebService.Action.ActionCommandCredentialsTest" name="TestActionCommandCredentialsConfigurationChanged" />
    </UnitTest>
    <UnitTest name="TestGetStatusWithInvalidId" storage="d:\actions-runner\_work\xpco\xpco\eventserver\server\components\central\server\unittest\bin\x64\debug\videoos.event.server.unittest.dll" id="13f6bcf6-e02b-f78e-142f-d69b6d63f0af">
      <Execution id="9d308e92-01a6-4bd4-b11b-fa877d605422" />
      <TestMethod codeBase="D:\actions-runner\_work\XPCO\XPCO\EventServer\Server\Components\Central\Server\unittest\bin\x64\Debug\VideoOS.Event.Server.UnitTest.dll" adapterTypeName="executor://mstestadapter/v2" className="VideoOS.Event.Server.Map.UnitTest.VisualElementStatusCalculatorTest" name="TestGetStatusWithInvalidId" />
    </UnitTest>
    <UnitTest name="TestGetStatusDetailsWithValidCameraInUnknownLanguage" storage="d:\actions-runner\_work\xpco\xpco\eventserver\server\components\central\server\unittest\bin\x64\debug\videoos.event.server.unittest.dll" id="3602f2af-1d8b-4e06-08f7-1d54f19ae98b">
      <Execution id="03dc2e76-eb09-4a44-8c65-9befa07613a0" />
      <TestMethod codeBase="D:\actions-runner\_work\XPCO\XPCO\EventServer\Server\Components\Central\Server\unittest\bin\x64\Debug\VideoOS.Event.Server.UnitTest.dll" adapterTypeName="executor://mstestadapter/v2" className="VideoOS.Event.Server.Map.Data.UnitTest.StatusElementCameraTest" name="TestGetStatusDetailsWithValidCameraInUnknownLanguage" />
    </UnitTest>
    <UnitTest name="TestActionCommandCredentialsExecuteActionNullParams" storage="d:\actions-runner\_work\xpco\xpco\eventserver\server\components\central\server\unittest\bin\x64\debug\videoos.event.server.unittest.dll" id="a2def4fc-aec0-5dd3-bc1f-324c56a9521f">
      <Execution id="314c37f1-d394-4687-a1ef-af9030913b3d" />
      <TestMethod codeBase="D:\actions-runner\_work\XPCO\XPCO\EventServer\Server\Components\Central\Server\unittest\bin\x64\Debug\VideoOS.Event.Server.UnitTest.dll" adapterTypeName="executor://mstestadapter/v2" className="VideoOS.Event.Server.UnitTest.WebService.Action.ActionCommandCredentialsTest" name="TestActionCommandCredentialsExecuteActionNullParams" />
    </UnitTest>
    <UnitTest name="TestCreateFilteredConfigurationTopLevelUnitLimited" storage="d:\actions-runner\_work\xpco\xpco\eventserver\server\components\central\server\unittest\bin\x64\debug\videoos.event.server.unittest.dll" id="42161733-a84f-c463-f8a8-073b446ca3de">
      <TestCategory>
        <TestCategoryItem TestCategory="AccessControlServiceImplementation" />
      </TestCategory>
      <Execution id="39ffa9d1-4a8d-43a0-884e-cbb8b10d5416" />
      <TestMethod codeBase="D:\actions-runner\_work\XPCO\XPCO\EventServer\Server\Components\Central\Server\unittest\bin\x64\Debug\VideoOS.Event.Server.UnitTest.dll" adapterTypeName="executor://mstestadapter/v2" className="VideoOS.Event.Server.UnitTest.AccessControl.AccessControlServiceImplementationTest" name="TestCreateFilteredConfigurationTopLevelUnitLimited" />
    </UnitTest>
    <UnitTest name="UpdateName_WithValidParameters" storage="d:\actions-runner\_work\xpco\xpco\eventserver\server\components\central\server\unittest\bin\x64\debug\videoos.event.server.unittest.dll" id="084f32ac-20d9-3298-d35a-3e4233f1f96b">
      <TestCategory>
        <TestCategoryItem TestCategory="WebService/Map" />
      </TestCategory>
      <Execution id="25790a70-ca34-48c3-85b8-5cdc94101ce3" />
      <TestMethod codeBase="D:\actions-runner\_work\XPCO\XPCO\EventServer\Server\Components\Central\Server\unittest\bin\x64\Debug\VideoOS.Event.Server.UnitTest.dll" adapterTypeName="executor://mstestadapter/v2" className="VideoOS.Event.Server.WebService.Map.UnitTest.MapCommandToken2Test" name="UpdateName_WithValidParameters" />
    </UnitTest>
    <UnitTest name="TestGetAlarmMessagesInvalidToken" storage="d:\actions-runner\_work\xpco\xpco\eventserver\server\components\central\server\unittest\bin\x64\debug\videoos.event.server.unittest.dll" id="5734cb8b-ad0b-f6ea-5207-d3e1d3f53b3f">
      <Execution id="2446eca9-bf5f-45ab-9161-732fd796dcbf" />
      <TestMethod codeBase="D:\actions-runner\_work\XPCO\XPCO\EventServer\Server\Components\Central\Server\unittest\bin\x64\Debug\VideoOS.Event.Server.UnitTest.dll" adapterTypeName="executor://mstestadapter/v2" className="VideoOS.Event.Server.WebService.Alarm.UnitTest.AlarmCommandTokenTest" name="TestGetAlarmMessagesInvalidToken" />
    </UnitTest>
    <UnitTest name="TestGetVisualElementChangesWithInvalidUser" storage="d:\actions-runner\_work\xpco\xpco\eventserver\server\components\central\server\unittest\bin\x64\debug\videoos.event.server.unittest.dll" id="0fd712d9-59b7-cb04-8840-d908f2765c31">
      <TestCategory>
        <TestCategoryItem TestCategory="WebService/Map" />
      </TestCategory>
      <Execution id="c3d87ded-63cf-44d5-89b1-f7d2e02ee059" />
      <TestMethod codeBase="D:\actions-runner\_work\XPCO\XPCO\EventServer\Server\Components\Central\Server\unittest\bin\x64\Debug\VideoOS.Event.Server.UnitTest.dll" adapterTypeName="executor://mstestadapter/v2" className="VideoOS.Event.Server.WebService.Map.UnitTest.MapCommandToken2Test" name="TestGetVisualElementChangesWithInvalidUser" />
    </UnitTest>
    <UnitTest name="TestGetServiceInfos" storage="d:\actions-runner\_work\xpco\xpco\eventserver\server\components\central\server\unittest\bin\x64\debug\videoos.event.server.unittest.dll" id="5d8b5611-79f1-dd5d-ad97-7b4e8e39121c">
      <Execution id="7ed3abe0-cd65-4570-b2cd-17d9d02fa945" />
      <TestMethod codeBase="D:\actions-runner\_work\XPCO\XPCO\EventServer\Server\Components\Central\Server\unittest\bin\x64\Debug\VideoOS.Event.Server.UnitTest.dll" adapterTypeName="executor://mstestadapter/v2" className="VideoOS.Event.Server.Communication.UnitTest.ServerRegisteredServicesTest" name="TestGetServiceInfos" />
    </UnitTest>
    <UnitTest name="TrimStart_ShouldRaiseArgumentNullException_WhenPrefixIsNull" storage="d:\actions-runner\_work\xpco\xpco\eventserver\server\components\central\server\unittest\bin\x64\debug\videoos.event.server.unittest.dll" id="6d0826c1-86cd-2026-2433-884f0aebad02">
      <TestCategory>
        <TestCategoryItem TestCategory="AccessControl" />
      </TestCategory>
      <Execution id="925acdbe-134c-4699-b727-b327fbd1d9a0" />
      <TestMethod codeBase="D:\actions-runner\_work\XPCO\XPCO\EventServer\Server\Components\Central\Server\unittest\bin\x64\Debug\VideoOS.Event.Server.UnitTest.dll" adapterTypeName="executor://mstestadapter/v2" className="VideoOS.Event.Server.UnitTest.AccessControl.AccessControlSystemTests" name="TrimStart_ShouldRaiseArgumentNullException_WhenPrefixIsNull" />
    </UnitTest>
    <UnitTest name="TestItemUpdatedWithNullValue" storage="d:\actions-runner\_work\xpco\xpco\eventserver\server\components\central\server\unittest\bin\x64\debug\videoos.event.server.unittest.dll" id="a6d96280-b9e6-2010-bfdf-776efe0eaf5c">
      <Execution id="07a0131f-2e43-40b4-b10a-7f7e814b7968" />
      <TestMethod codeBase="D:\actions-runner\_work\XPCO\XPCO\EventServer\Server\Components\Central\Server\unittest\bin\x64\Debug\VideoOS.Event.Server.UnitTest.dll" adapterTypeName="executor://mstestadapter/v2" className="VideoOS.Event.Server.MIP.PlugIn.UnitTest.MapPlugInTypeEventHandlerTest" name="TestItemUpdatedWithNullValue" />
    </UnitTest>
    <UnitTest name="TestRemoveUserAfterUserAdded" storage="d:\actions-runner\_work\xpco\xpco\eventserver\server\components\central\server\unittest\bin\x64\debug\videoos.event.server.unittest.dll" id="8f3e35ff-63ef-1a88-09e9-b0cb0f94c131">
      <TestCategory>
        <TestCategoryItem TestCategory="PermissionManagerFetcher" />
      </TestCategory>
      <Execution id="e809db9f-d741-4ce0-9b6c-b6666d90cee4" />
      <TestMethod codeBase="D:\actions-runner\_work\XPCO\XPCO\EventServer\Server\Components\Central\Server\unittest\bin\x64\Debug\VideoOS.Event.Server.UnitTest.dll" adapterTypeName="executor://mstestadapter/v2" className="VideoOS.Event.Server.UnitTest.Security.PermissionFetcherTest" name="TestRemoveUserAfterUserAdded" />
    </UnitTest>
    <UnitTest name="GetEventTypesTest" storage="d:\actions-runner\_work\xpco\xpco\eventserver\server\components\central\server\unittest\bin\x64\debug\videoos.event.server.unittest.dll" id="1ed2ed82-9584-aaae-b2e1-8e1cc7abef56">
      <Execution id="78834214-4124-46ae-b7c2-ae7d90a319b7" />
      <TestMethod codeBase="D:\actions-runner\_work\XPCO\XPCO\EventServer\Server\Components\Central\Server\unittest\bin\x64\Debug\VideoOS.Event.Server.UnitTest.dll" adapterTypeName="executor://mstestadapter/v2" className="VideoOS.Event.Server.UnitTest.MIP.Environment.MIPEventTypeProviderTest" name="GetEventTypesTest" />
    </UnitTest>
    <UnitTest name="TestDeleteObjectsThrowingUnhandledException" storage="d:\actions-runner\_work\xpco\xpco\eventserver\server\components\central\server\unittest\bin\x64\debug\videoos.event.server.unittest.dll" id="d687512c-3316-26f6-6876-16b79ea538f4">
      <TestCategory>
        <TestCategoryItem TestCategory="WebService/Map" />
      </TestCategory>
      <Execution id="942fc715-72d9-4d9a-bd75-ce224329da42" />
      <TestMethod codeBase="D:\actions-runner\_work\XPCO\XPCO\EventServer\Server\Components\Central\Server\unittest\bin\x64\Debug\VideoOS.Event.Server.UnitTest.dll" adapterTypeName="executor://mstestadapter/v2" className="VideoOS.Event.Server.WebService.Map.UnitTest.MapCommandTokenTest" name="TestDeleteObjectsThrowingUnhandledException" />
    </UnitTest>
    <UnitTest name="TestGetIconWithNullData" storage="d:\actions-runner\_work\xpco\xpco\eventserver\server\components\central\server\unittest\bin\x64\debug\videoos.event.server.unittest.dll" id="f1e13469-4053-5591-5108-a4a258598b6c">
      <Execution id="057aa543-240f-409f-b407-80940fa2c809" />
      <TestMethod codeBase="D:\actions-runner\_work\XPCO\XPCO\EventServer\Server\Components\Central\Server\unittest\bin\x64\Debug\VideoOS.Event.Server.UnitTest.dll" adapterTypeName="executor://mstestadapter/v2" className="VideoOS.Event.Server.MIP.PlugIn.UnitTest.MapPlugInTypeEventHandlerTest" name="TestGetIconWithNullData" />
    </UnitTest>
    <UnitTest name="TestOneACSystemPLUnsupportedButEnabledOneACSystemPLEnabled" storage="d:\actions-runner\_work\xpco\xpco\eventserver\server\components\central\server\unittest\bin\x64\debug\videoos.event.server.unittest.dll" id="a5bf996a-851b-c1e5-0c9e-4b5c6288a744">
      <TestCategory>
        <TestCategoryItem TestCategory="AccessControlUserIdTransformer" />
      </TestCategory>
      <Execution id="5ad65ee4-a23c-4317-91f2-c541a34ee19e" />
      <TestMethod codeBase="D:\actions-runner\_work\XPCO\XPCO\EventServer\Server\Components\Central\Server\unittest\bin\x64\Debug\VideoOS.Event.Server.UnitTest.dll" adapterTypeName="executor://mstestadapter/v2" className="VideoOS.Event.Server.UnitTest.Session.AccessControlUserIdTransformerTest" name="TestOneACSystemPLUnsupportedButEnabledOneACSystemPLEnabled" />
    </UnitTest>
    <UnitTest name="TestToVisualizationState" storage="d:\actions-runner\_work\xpco\xpco\eventserver\server\components\central\server\unittest\bin\x64\debug\videoos.event.server.unittest.dll" id="54470d67-55df-07dd-b92d-71bc35f06966">
      <Execution id="7cff1a29-9734-49de-8ff6-c82f3181a36b" />
      <TestMethod codeBase="D:\actions-runner\_work\XPCO\XPCO\EventServer\Server\Components\Central\Server\unittest\bin\x64\Debug\VideoOS.Event.Server.UnitTest.dll" adapterTypeName="executor://mstestadapter/v2" className="VideoOS.Event.Server.Map.Data.UnitTest.VisualizationStateStorageTest" name="TestToVisualizationState" />
    </UnitTest>
    <UnitTest name="TestGetVisualizationChangesWithNegativeTimeout" storage="d:\actions-runner\_work\xpco\xpco\eventserver\server\components\central\server\unittest\bin\x64\debug\videoos.event.server.unittest.dll" id="aa8996b1-a7b7-7e28-df68-26caba5ea254">
      <Execution id="0d6f6e46-905c-4d52-9bfd-8e984a86da5b" />
      <TestMethod codeBase="D:\actions-runner\_work\XPCO\XPCO\EventServer\Server\Components\Central\Server\unittest\bin\x64\Debug\VideoOS.Event.Server.UnitTest.dll" adapterTypeName="executor://mstestadapter/v2" className="VideoOS.Event.Server.WebService.Status.UnitTest.StatusCommandCredentialsTest" name="TestGetVisualizationChangesWithNegativeTimeout" />
    </UnitTest>
    <UnitTest name="Construction" storage="d:\actions-runner\_work\xpco\xpco\eventserver\server\components\central\server\unittest\bin\x64\debug\videoos.event.server.unittest.dll" id="48d56e3f-ad3b-be4d-0cbc-efeb7cbda6a1">
      <Execution id="6bcf92ee-6306-4687-b9b2-69bbc4d8aae6" />
      <TestMethod codeBase="D:\actions-runner\_work\XPCO\XPCO\EventServer\Server\Components\Central\Server\unittest\bin\x64\Debug\VideoOS.Event.Server.UnitTest.dll" adapterTypeName="executor://mstestadapter/v2" className="VideoOS.Central.Server.Communication.Corporate.UnitTest.CorporateFetcherTest" name="Construction" />
    </UnitTest>
    <UnitTest name="TestRemoveUserWithNoUserAdded" storage="d:\actions-runner\_work\xpco\xpco\eventserver\server\components\central\server\unittest\bin\x64\debug\videoos.event.server.unittest.dll" id="f8f331b8-d47d-c7f9-44dc-1c809a8198be">
      <TestCategory>
        <TestCategoryItem TestCategory="PermissionManagerFetcher" />
      </TestCategory>
      <Execution id="b2bcc307-4639-4f93-a523-961ed7db20ef" />
      <TestMethod codeBase="D:\actions-runner\_work\XPCO\XPCO\EventServer\Server\Components\Central\Server\unittest\bin\x64\Debug\VideoOS.Event.Server.UnitTest.dll" adapterTypeName="executor://mstestadapter/v2" className="VideoOS.Event.Server.UnitTest.Security.PermissionFetcherTest" name="TestRemoveUserWithNoUserAdded" />
    </UnitTest>
    <UnitTest name="TestAcknowledge" storage="d:\actions-runner\_work\xpco\xpco\eventserver\server\components\central\server\unittest\bin\x64\debug\videoos.event.server.unittest.dll" id="c065df76-676e-d54b-2513-330c123b69fe">
      <Execution id="8fdc8003-f074-4f07-b395-58d977e772e8" />
      <TestMethod codeBase="D:\actions-runner\_work\XPCO\XPCO\EventServer\Server\Components\Central\Server\unittest\bin\x64\Debug\VideoOS.Event.Server.UnitTest.dll" adapterTypeName="executor://mstestadapter/v2" className="VideoOS.Event.Server.WebService.Alarm.UnitTest.AlarmCommandTokenTest" name="TestAcknowledge" />
    </UnitTest>
    <UnitTest name="TestUpdateElementWithNonExistingVisualOwnerId" storage="d:\actions-runner\_work\xpco\xpco\eventserver\server\components\central\server\unittest\bin\x64\debug\videoos.event.server.unittest.dll" id="66f3930e-4a99-6dd9-2352-c6adcfee11cc">
      <Execution id="07395213-38d0-4299-a35e-eb94876b186f" />
      <TestMethod codeBase="D:\actions-runner\_work\XPCO\XPCO\EventServer\Server\Components\Central\Server\unittest\bin\x64\Debug\VideoOS.Event.Server.UnitTest.dll" adapterTypeName="executor://mstestadapter/v2" className="VideoOS.Event.Server.Map.UnitTest.VisualElementManagerTest" name="TestUpdateElementWithNonExistingVisualOwnerId" />
    </UnitTest>
    <UnitTest name="TestUpdateElementDisplayXmlWithOldTimestamp" storage="d:\actions-runner\_work\xpco\xpco\eventserver\server\components\central\server\unittest\bin\x64\debug\videoos.event.server.unittest.dll" id="cebde89e-d8bb-2be7-1899-93c5dfe58142">
      <Execution id="95010341-4a6a-447b-b843-940a150ff500" />
      <TestMethod codeBase="D:\actions-runner\_work\XPCO\XPCO\EventServer\Server\Components\Central\Server\unittest\bin\x64\Debug\VideoOS.Event.Server.UnitTest.dll" adapterTypeName="executor://mstestadapter/v2" className="VideoOS.Event.Server.Map.UnitTest.VisualElementManagerTest" name="TestUpdateElementDisplayXmlWithOldTimestamp" />
    </UnitTest>
    <UnitTest name="TestGetXMLWithNullValues" storage="d:\actions-runner\_work\xpco\xpco\eventserver\server\components\central\server\unittest\bin\x64\debug\videoos.event.server.unittest.dll" id="bd269d79-8d19-44db-f16d-abd4c7a4d073">
      <Execution id="839121df-99f0-494b-b883-4e88469b5c92" />
      <TestMethod codeBase="D:\actions-runner\_work\XPCO\XPCO\EventServer\Server\Components\Central\Server\unittest\bin\x64\Debug\VideoOS.Event.Server.UnitTest.dll" adapterTypeName="executor://mstestadapter/v2" className="VideoOS.Event.Server.Map.Data.UnitTest.VisualizationStateStorageTest" name="TestGetXMLWithNullValues" />
    </UnitTest>
    <UnitTest name="DefaultRetention_ShouldBeOneDay_ByDefault" storage="d:\actions-runner\_work\xpco\xpco\eventserver\server\components\central\server\unittest\bin\x64\debug\videoos.event.server.unittest.dll" id="3bd334de-d427-8484-65ca-b08a8977c8cd">
      <Execution id="74b4e1bb-85fd-4bdb-b390-a3550429b6f8" />
      <TestMethod codeBase="D:\actions-runner\_work\XPCO\XPCO\EventServer\Server\Components\Central\Server\unittest\bin\x64\Debug\VideoOS.Event.Server.UnitTest.dll" adapterTypeName="executor://mstestadapter/v2" className="VideoOS.Event.Server.UnitTest.Config.EventRetentionConfigTests" name="DefaultRetention_ShouldBeOneDay_ByDefault" />
    </UnitTest>
    <UnitTest name="TestLoadXMLWithCorrectValues" storage="d:\actions-runner\_work\xpco\xpco\eventserver\server\components\central\server\unittest\bin\x64\debug\videoos.event.server.unittest.dll" id="1e6f1496-dce0-5308-df54-31492319a026">
      <Execution id="3bbaf95f-d0cf-4b51-a187-05f26b6a14fd" />
      <TestMethod codeBase="D:\actions-runner\_work\XPCO\XPCO\EventServer\Server\Components\Central\Server\unittest\bin\x64\Debug\VideoOS.Event.Server.UnitTest.dll" adapterTypeName="executor://mstestadapter/v2" className="VideoOS.Event.Server.Map.Data.UnitTest.VisualizationStateStorageTest" name="TestLoadXMLWithCorrectValues" />
    </UnitTest>
    <UnitTest name="TestGetXML" storage="d:\actions-runner\_work\xpco\xpco\eventserver\server\components\central\server\unittest\bin\x64\debug\videoos.event.server.unittest.dll" id="822f7959-9dcb-09b4-3d54-006e0a8a1864">
      <Execution id="47429ae1-2ff6-48fd-92d7-a1551677afa3" />
      <TestMethod codeBase="D:\actions-runner\_work\XPCO\XPCO\EventServer\Server\Components\Central\Server\unittest\bin\x64\Debug\VideoOS.Event.Server.UnitTest.dll" adapterTypeName="executor://mstestadapter/v2" className="VideoOS.Event.Server.Map.Data.UnitTest.PositionStorageTest" name="TestGetXML" />
    </UnitTest>
    <UnitTest name="TestUpdateElementWithNewUsedRelationIdButOnADifferentServer" storage="d:\actions-runner\_work\xpco\xpco\eventserver\server\components\central\server\unittest\bin\x64\debug\videoos.event.server.unittest.dll" id="e0e8441d-eb5c-e1c5-2c54-e78c3cabf79f">
      <Execution id="2e911b6e-1a03-4084-aa89-f7a00cf1dd61" />
      <TestMethod codeBase="D:\actions-runner\_work\XPCO\XPCO\EventServer\Server\Components\Central\Server\unittest\bin\x64\Debug\VideoOS.Event.Server.UnitTest.dll" adapterTypeName="executor://mstestadapter/v2" className="VideoOS.Event.Server.Map.UnitTest.VisualElementManagerTest" name="TestUpdateElementWithNewUsedRelationIdButOnADifferentServer" />
    </UnitTest>
    <UnitTest name="TestConstructorWithFactory" storage="d:\actions-runner\_work\xpco\xpco\eventserver\server\components\central\server\unittest\bin\x64\debug\videoos.event.server.unittest.dll" id="bf6fbd2a-e814-acb0-0f76-4e97f7ae2f04">
      <Execution id="ab8a83db-589a-48aa-bf20-eea0521ff22e" />
      <TestMethod codeBase="D:\actions-runner\_work\XPCO\XPCO\EventServer\Server\Components\Central\Server\unittest\bin\x64\Debug\VideoOS.Event.Server.UnitTest.dll" adapterTypeName="executor://mstestadapter/v2" className="VideoOS.Event.Server.MIP.PlugIn.UnitTest.MapPlugInEventHandlerTest" name="TestConstructorWithFactory" />
    </UnitTest>
    <UnitTest name="Handle_ShouldFlattenStateValue_WhenValuesIncludeStateIntAndStateName" storage="d:\actions-runner\_work\xpco\xpco\eventserver\server\components\central\server\unittest\bin\x64\debug\videoos.event.server.unittest.dll" id="6187e3b7-90e4-8192-265f-6cd0c6182ead">
      <Execution id="2e4934a7-86d4-4e7a-9d9a-dee6117d4db3" />
      <TestMethod codeBase="D:\actions-runner\_work\XPCO\XPCO\EventServer\Server\Components\Central\Server\unittest\bin\x64\Debug\VideoOS.Event.Server.UnitTest.dll" adapterTypeName="executor://mstestadapter/v2" className="VideoOS.Event.Server.UnitTest.Alarm.Processors.UpdateAlarms.UpdateAlarmCompositeValueHandlerTests" name="Handle_ShouldFlattenStateValue_WhenValuesIncludeStateIntAndStateName" />
    </UnitTest>
    <UnitTest name="EventIdListTest_LastEventIDsUpdate_Success" storage="d:\actions-runner\_work\xpco\xpco\eventserver\server\components\central\server\unittest\bin\x64\debug\videoos.event.server.unittest.dll" id="b5f7e19e-b7d3-0e84-e35f-5457bc7ff58c">
      <Execution id="f946c261-8b7b-4fe7-9247-eb816c2f673c" />
      <TestMethod codeBase="D:\actions-runner\_work\XPCO\XPCO\EventServer\Server\Components\Central\Server\unittest\bin\x64\Debug\VideoOS.Event.Server.UnitTest.dll" adapterTypeName="executor://mstestadapter/v2" className="VideoOS.Event.Server.UnitTest.Event.EventIdListTest" name="EventIdListTest_LastEventIDsUpdate_Success" />
    </UnitTest>
    <UnitTest name="GetIconData_WithValidParameters" storage="d:\actions-runner\_work\xpco\xpco\eventserver\server\components\central\server\unittest\bin\x64\debug\videoos.event.server.unittest.dll" id="c8961c6a-00ce-7a22-15c3-44f07a639f36">
      <TestCategory>
        <TestCategoryItem TestCategory="WebService/Map" />
      </TestCategory>
      <Execution id="00d013cd-c758-4d89-b6ae-e5a5ac20a73c" />
      <TestMethod codeBase="D:\actions-runner\_work\XPCO\XPCO\EventServer\Server\Components\Central\Server\unittest\bin\x64\Debug\VideoOS.Event.Server.UnitTest.dll" adapterTypeName="executor://mstestadapter/v2" className="VideoOS.Event.Server.WebService.Map.UnitTest.MapCommandTokenTest" name="GetIconData_WithValidParameters" />
    </UnitTest>
    <UnitTest name="TestGetPlugInItemsThrowingUnhandledException" storage="d:\actions-runner\_work\xpco\xpco\eventserver\server\components\central\server\unittest\bin\x64\debug\videoos.event.server.unittest.dll" id="20683c07-dc9a-b552-b0e4-565a2c613275">
      <TestCategory>
        <TestCategoryItem TestCategory="WebService/Map" />
      </TestCategory>
      <Execution id="1c4d7898-f9ac-47bc-b370-a4eaed886433" />
      <TestMethod codeBase="D:\actions-runner\_work\XPCO\XPCO\EventServer\Server\Components\Central\Server\unittest\bin\x64\Debug\VideoOS.Event.Server.UnitTest.dll" adapterTypeName="executor://mstestadapter/v2" className="VideoOS.Event.Server.WebService.Map.UnitTest.MapCommandToken2Test" name="TestGetPlugInItemsThrowingUnhandledException" />
    </UnitTest>
    <UnitTest name="Handle_ShouldNotFlattenValues_WhenValuesDoNotIncludeValidPriorityIntValues" storage="d:\actions-runner\_work\xpco\xpco\eventserver\server\components\central\server\unittest\bin\x64\debug\videoos.event.server.unittest.dll" id="ba88fb45-743a-0090-5035-14df3b26d5c9">
      <Execution id="1b3ef02d-c688-4179-8dc8-60b191c54b44" />
      <TestMethod codeBase="D:\actions-runner\_work\XPCO\XPCO\EventServer\Server\Components\Central\Server\unittest\bin\x64\Debug\VideoOS.Event.Server.UnitTest.dll" adapterTypeName="executor://mstestadapter/v2" className="VideoOS.Event.Server.UnitTest.Alarm.Processors.UpdateAlarms.UpdateAlarmCompositeValueHandlerTests" name="Handle_ShouldNotFlattenValues_WhenValuesDoNotIncludeValidPriorityIntValues" />
    </UnitTest>
    <UnitTest name="EventConverter_ParseMetadata_Metadata_Non_Guid_DeviceGroupId" storage="d:\actions-runner\_work\xpco\xpco\eventserver\server\components\central\server\unittest\bin\x64\debug\videoos.event.server.unittest.dll" id="a289a6a0-6040-4bc9-9774-69d4debbe7df">
      <Execution id="6ef777d1-7c2c-4fc5-b881-2ad8123860cf" />
      <TestMethod codeBase="D:\actions-runner\_work\XPCO\XPCO\EventServer\Server\Components\Central\Server\unittest\bin\x64\Debug\VideoOS.Event.Server.UnitTest.dll" adapterTypeName="executor://mstestadapter/v2" className="VideoOS.Event.Server.UnitTest.Utils.EventConverterTest" name="EventConverter_ParseMetadata_Metadata_Non_Guid_DeviceGroupId" />
    </UnitTest>
    <UnitTest name="GetAllObjectsOfType_SingleElementPath" storage="d:\actions-runner\_work\xpco\xpco\eventserver\server\components\central\server\unittest\bin\x64\debug\videoos.event.server.unittest.dll" id="6ea36cb7-dc9f-f9b5-d308-6a7e97d59a45">
      <TestCategory>
        <TestCategoryItem TestCategory="WebService/Map" />
      </TestCategory>
      <Execution id="75748bfa-13b5-4e4f-8e3d-840e98575732" />
      <TestMethod codeBase="D:\actions-runner\_work\XPCO\XPCO\EventServer\Server\Components\Central\Server\unittest\bin\x64\Debug\VideoOS.Event.Server.UnitTest.dll" adapterTypeName="executor://mstestadapter/v2" className="VideoOS.Event.Server.WebService.Map.UnitTest.MapCommandToken2Test" name="GetAllObjectsOfType_SingleElementPath" />
    </UnitTest>
    <UnitTest name="SoundConfigurationTest" storage="d:\actions-runner\_work\xpco\xpco\eventserver\server\components\central\server\unittest\bin\x64\debug\videoos.event.server.unittest.dll" id="43daf569-3bce-220b-e88f-b666ac480023">
      <Execution id="3a7ff320-4497-4c37-903b-ee602fb2bd84" />
      <TestMethod codeBase="D:\actions-runner\_work\XPCO\XPCO\EventServer\Server\Components\Central\Server\unittest\bin\x64\Debug\VideoOS.Event.Server.UnitTest.dll" adapterTypeName="executor://mstestadapter/v2" className="VideoOS.Event.Server.Sound.UnitTest.SoundManagerTest" name="SoundConfigurationTest" />
    </UnitTest>
    <UnitTest name="TestGetAllElementsOfTypeWithCyclicTree" storage="d:\actions-runner\_work\xpco\xpco\eventserver\server\components\central\server\unittest\bin\x64\debug\videoos.event.server.unittest.dll" id="36da37d2-4bc2-9801-a72b-ccfc4d1e6877">
      <Execution id="da73664a-48ca-4711-a816-73bb4d8fe6e9" />
      <TestMethod codeBase="D:\actions-runner\_work\XPCO\XPCO\EventServer\Server\Components\Central\Server\unittest\bin\x64\Debug\VideoOS.Event.Server.UnitTest.dll" adapterTypeName="executor://mstestadapter/v2" className="VideoOS.Event.Server.Map.UnitTest.VisualElementManagerTest" name="TestGetAllElementsOfTypeWithCyclicTree" />
    </UnitTest>
    <UnitTest name="TestActivatePlugInActionWithValidParameters" storage="d:\actions-runner\_work\xpco\xpco\eventserver\server\components\central\server\unittest\bin\x64\debug\videoos.event.server.unittest.dll" id="94f14c42-e0df-d711-cfd1-a3c8559622c8">
      <TestCategory>
        <TestCategoryItem TestCategory="WebService/Map" />
      </TestCategory>
      <Execution id="666de9b4-9ede-4b1f-8e60-e3c19f8d20d4" />
      <TestMethod codeBase="D:\actions-runner\_work\XPCO\XPCO\EventServer\Server\Components\Central\Server\unittest\bin\x64\Debug\VideoOS.Event.Server.UnitTest.dll" adapterTypeName="executor://mstestadapter/v2" className="VideoOS.Event.Server.WebService.Map.UnitTest.MapCommandCredentialsTest" name="TestActivatePlugInActionWithValidParameters" />
    </UnitTest>
    <UnitTest name="SetAllEventRetentions_ShouldAuditLog_WhenEventGroupRetentionIsChanged" storage="d:\actions-runner\_work\xpco\xpco\eventserver\server\components\central\server\unittest\bin\x64\debug\videoos.event.server.unittest.dll" id="91ea9c10-8ecf-4b5d-0e04-cc544285e285">
      <Execution id="3bada93e-0dbc-4706-9041-3c3de5fed3f7" />
      <TestMethod codeBase="D:\actions-runner\_work\XPCO\XPCO\EventServer\Server\Components\Central\Server\unittest\bin\x64\Debug\VideoOS.Event.Server.UnitTest.dll" adapterTypeName="executor://mstestadapter/v2" className="VideoOS.Event.Server.UnitTest.Config.EventRetentionConfigTests" name="SetAllEventRetentions_ShouldAuditLog_WhenEventGroupRetentionIsChanged" />
    </UnitTest>
    <UnitTest name="TestGetPlugInItemsWithInvalidUser" storage="d:\actions-runner\_work\xpco\xpco\eventserver\server\components\central\server\unittest\bin\x64\debug\videoos.event.server.unittest.dll" id="c3ca1b5d-ff95-9140-678b-491795097655">
      <TestCategory>
        <TestCategoryItem TestCategory="WebService/Map" />
      </TestCategory>
      <Execution id="1649db8b-cfa3-4245-a841-f25bc1959895" />
      <TestMethod codeBase="D:\actions-runner\_work\XPCO\XPCO\EventServer\Server\Components\Central\Server\unittest\bin\x64\Debug\VideoOS.Event.Server.UnitTest.dll" adapterTypeName="executor://mstestadapter/v2" className="VideoOS.Event.Server.WebService.Map.UnitTest.MapCommandTokenTest" name="TestGetPlugInItemsWithInvalidUser" />
    </UnitTest>
    <UnitTest name="TestUserIDTypeConstants" storage="d:\actions-runner\_work\xpco\xpco\eventserver\server\components\central\server\unittest\bin\x64\debug\videoos.event.server.unittest.dll" id="ad08490c-e2e3-37af-ebb5-f993a9f432cd">
      <Execution id="f14a0c68-9e26-44c3-a657-219e348e4ec4" />
      <TestMethod codeBase="D:\actions-runner\_work\XPCO\XPCO\EventServer\Server\Components\Central\Server\unittest\bin\x64\Debug\VideoOS.Event.Server.UnitTest.dll" adapterTypeName="executor://mstestadapter/v2" className="VideoOS.Event.Server.UserValidation.Data.UnitTest.UserIDTypeTest" name="TestUserIDTypeConstants" />
    </UnitTest>
    <UnitTest name="TestUpdateDisplayXMLThrowingUnhandledException" storage="d:\actions-runner\_work\xpco\xpco\eventserver\server\components\central\server\unittest\bin\x64\debug\videoos.event.server.unittest.dll" id="3f6d692b-dc5e-6e22-6b52-dafab2736350">
      <TestCategory>
        <TestCategoryItem TestCategory="WebService/Map" />
      </TestCategory>
      <Execution id="9fa57963-3e49-4891-9dae-80769a0d0d46" />
      <TestMethod codeBase="D:\actions-runner\_work\XPCO\XPCO\EventServer\Server\Components\Central\Server\unittest\bin\x64\Debug\VideoOS.Event.Server.UnitTest.dll" adapterTypeName="executor://mstestadapter/v2" className="VideoOS.Event.Server.WebService.Map.UnitTest.MapCommandTokenTest" name="TestUpdateDisplayXMLThrowingUnhandledException" />
    </UnitTest>
    <UnitTest name="TestLoadXMLWithAllCorrectValues" storage="d:\actions-runner\_work\xpco\xpco\eventserver\server\components\central\server\unittest\bin\x64\debug\videoos.event.server.unittest.dll" id="3d5a24db-0f68-99b2-64d0-ba5e0166d828">
      <Execution id="4fe5ef20-865b-4bc9-ae3b-ec8165c10003" />
      <TestMethod codeBase="D:\actions-runner\_work\XPCO\XPCO\EventServer\Server\Components\Central\Server\unittest\bin\x64\Debug\VideoOS.Event.Server.UnitTest.dll" adapterTypeName="executor://mstestadapter/v2" className="VideoOS.Event.Server.Map.Data.UnitTest.PositionStorageTest" name="TestLoadXMLWithAllCorrectValues" />
    </UnitTest>
    <UnitTest name="EventConverter_ConvertBaseItemToBaseEvent_TriggerEvent_Null" storage="d:\actions-runner\_work\xpco\xpco\eventserver\server\components\central\server\unittest\bin\x64\debug\videoos.event.server.unittest.dll" id="96470e3a-44b2-f7ef-4c24-c92303ca0636">
      <Execution id="6c70f834-f297-4f3e-a022-88d5ead4aed0" />
      <TestMethod codeBase="D:\actions-runner\_work\XPCO\XPCO\EventServer\Server\Components\Central\Server\unittest\bin\x64\Debug\VideoOS.Event.Server.UnitTest.dll" adapterTypeName="executor://mstestadapter/v2" className="VideoOS.Event.Server.UnitTest.Utils.EventConverterTest" name="EventConverter_ConvertBaseItemToBaseEvent_TriggerEvent_Null" />
    </UnitTest>
    <UnitTest name="TestGetStatusDetailsWithValidCamera" storage="d:\actions-runner\_work\xpco\xpco\eventserver\server\components\central\server\unittest\bin\x64\debug\videoos.event.server.unittest.dll" id="6c816cd8-81f7-b68e-6d6b-86481f285a46">
      <Execution id="b68452f8-3a34-4eb6-b40b-184622191a1a" />
      <TestMethod codeBase="D:\actions-runner\_work\XPCO\XPCO\EventServer\Server\Components\Central\Server\unittest\bin\x64\Debug\VideoOS.Event.Server.UnitTest.dll" adapterTypeName="executor://mstestadapter/v2" className="VideoOS.Event.Server.Map.Data.UnitTest.StatusElementCameraTest" name="TestGetStatusDetailsWithValidCamera" />
    </UnitTest>
    <UnitTest name="TestGetObjectsWithinGPSAreaWithInvalidUser" storage="d:\actions-runner\_work\xpco\xpco\eventserver\server\components\central\server\unittest\bin\x64\debug\videoos.event.server.unittest.dll" id="decbdcfc-adb8-130c-8096-ad9c64fb6a0e">
      <TestCategory>
        <TestCategoryItem TestCategory="WebService/Map" />
      </TestCategory>
      <Execution id="11f58894-d263-4a1c-9802-e88c076f6c7f" />
      <TestMethod codeBase="D:\actions-runner\_work\XPCO\XPCO\EventServer\Server\Components\Central\Server\unittest\bin\x64\Debug\VideoOS.Event.Server.UnitTest.dll" adapterTypeName="executor://mstestadapter/v2" className="VideoOS.Event.Server.WebService.Map.UnitTest.MapCommandToken2Test" name="TestGetObjectsWithinGPSAreaWithInvalidUser" />
    </UnitTest>
    <UnitTest name="TestCreateObjectNotAuthenticated" storage="d:\actions-runner\_work\xpco\xpco\eventserver\server\components\central\server\unittest\bin\x64\debug\videoos.event.server.unittest.dll" id="9aa67281-7545-6a5e-d053-6d25bc86f9c5">
      <TestCategory>
        <TestCategoryItem TestCategory="WebService/Map" />
      </TestCategory>
      <Execution id="10ead83b-0c97-464f-9f7b-652d0f0f1289" />
      <TestMethod codeBase="D:\actions-runner\_work\XPCO\XPCO\EventServer\Server\Components\Central\Server\unittest\bin\x64\Debug\VideoOS.Event.Server.UnitTest.dll" adapterTypeName="executor://mstestadapter/v2" className="VideoOS.Event.Server.WebService.Map.UnitTest.MapCommandCredentialsTest" name="TestCreateObjectNotAuthenticated" />
    </UnitTest>
    <UnitTest name="TestGetPlugInItemChangesWithInvalidUser" storage="d:\actions-runner\_work\xpco\xpco\eventserver\server\components\central\server\unittest\bin\x64\debug\videoos.event.server.unittest.dll" id="9f984ace-837b-182d-3dce-f598fcf98c2c">
      <TestCategory>
        <TestCategoryItem TestCategory="WebService/Map" />
      </TestCategory>
      <Execution id="84297e90-675f-4e2e-beda-703be59ed058" />
      <TestMethod codeBase="D:\actions-runner\_work\XPCO\XPCO\EventServer\Server\Components\Central\Server\unittest\bin\x64\Debug\VideoOS.Event.Server.UnitTest.dll" adapterTypeName="executor://mstestadapter/v2" className="VideoOS.Event.Server.WebService.Map.UnitTest.MapCommandTokenTest" name="TestGetPlugInItemChangesWithInvalidUser" />
    </UnitTest>
    <UnitTest name="TestGetStatusForAllObjectsWithComplexCyclicMapsWithMultipleRoots" storage="d:\actions-runner\_work\xpco\xpco\eventserver\server\components\central\server\unittest\bin\x64\debug\videoos.event.server.unittest.dll" id="efe80498-3b69-482c-b182-5566dd79e1e4">
      <Execution id="d0965ac9-5e46-4d0f-a23d-bf49fa6e2d45" />
      <TestMethod codeBase="D:\actions-runner\_work\XPCO\XPCO\EventServer\Server\Components\Central\Server\unittest\bin\x64\Debug\VideoOS.Event.Server.UnitTest.dll" adapterTypeName="executor://mstestadapter/v2" className="VideoOS.Event.Server.Map.UnitTest.VisualElementStatusCalculatorTest" name="TestGetStatusForAllObjectsWithComplexCyclicMapsWithMultipleRoots" />
    </UnitTest>
    <UnitTest name="TestGetObjectWithInvalidUser" storage="d:\actions-runner\_work\xpco\xpco\eventserver\server\components\central\server\unittest\bin\x64\debug\videoos.event.server.unittest.dll" id="b4c4f7db-6053-4338-b207-4f1401299acd">
      <TestCategory>
        <TestCategoryItem TestCategory="WebService/Map" />
      </TestCategory>
      <Execution id="752d0f31-f501-4893-ae70-736903c6d192" />
      <TestMethod codeBase="D:\actions-runner\_work\XPCO\XPCO\EventServer\Server\Components\Central\Server\unittest\bin\x64\Debug\VideoOS.Event.Server.UnitTest.dll" adapterTypeName="executor://mstestadapter/v2" className="VideoOS.Event.Server.WebService.Map.UnitTest.MapCommandTokenTest" name="TestGetObjectWithInvalidUser" />
    </UnitTest>
    <UnitTest name="TestLoadXMLWithInvalidDoubles" storage="d:\actions-runner\_work\xpco\xpco\eventserver\server\components\central\server\unittest\bin\x64\debug\videoos.event.server.unittest.dll" id="728d1115-151c-0e88-82f7-4da6a4daa585">
      <Execution id="4f8056bb-174a-4c87-9e48-4702f48b36d1" />
      <TestMethod codeBase="D:\actions-runner\_work\XPCO\XPCO\EventServer\Server\Components\Central\Server\unittest\bin\x64\Debug\VideoOS.Event.Server.UnitTest.dll" adapterTypeName="executor://mstestadapter/v2" className="VideoOS.Event.Server.Map.Data.UnitTest.PositionStorageTest" name="TestLoadXMLWithInvalidDoubles" />
    </UnitTest>
    <UnitTest name="TestGetHeader" storage="d:\actions-runner\_work\xpco\xpco\eventserver\server\components\central\server\unittest\bin\x64\debug\videoos.event.server.unittest.dll" id="aa86ab0f-83a2-76c1-c948-071136a36b4c">
      <Execution id="50cc515a-f748-458b-861d-7a0a613f669c" />
      <TestMethod codeBase="D:\actions-runner\_work\XPCO\XPCO\EventServer\Server\Components\Central\Server\unittest\bin\x64\Debug\VideoOS.Event.Server.UnitTest.dll" adapterTypeName="executor://mstestadapter/v2" className="VideoOS.Event.Server.WebService.Alarm.UnitTest.AlarmCommandTokenTest" name="TestGetHeader" />
    </UnitTest>
    <UnitTest name="TestInsertElementsWithSameId" storage="d:\actions-runner\_work\xpco\xpco\eventserver\server\components\central\server\unittest\bin\x64\debug\videoos.event.server.unittest.dll" id="bbfa7c3f-2997-8919-a5cd-1f95004e6f8b">
      <Execution id="f7766a33-6c06-4256-9587-4d953b07c917" />
      <TestMethod codeBase="D:\actions-runner\_work\XPCO\XPCO\EventServer\Server\Components\Central\Server\unittest\bin\x64\Debug\VideoOS.Event.Server.UnitTest.dll" adapterTypeName="executor://mstestadapter/v2" className="VideoOS.Event.Server.Map.UnitTest.VisualElementManagerTest" name="TestInsertElementsWithSameId" />
    </UnitTest>
    <UnitTest name="TestCreate" storage="d:\actions-runner\_work\xpco\xpco\eventserver\server\components\central\server\unittest\bin\x64\debug\videoos.event.server.unittest.dll" id="081d79ae-92e6-b908-1d02-350cb6023be2">
      <Execution id="ca16c19c-2895-49c9-b424-ad669a9a80b1" />
      <TestMethod codeBase="D:\actions-runner\_work\XPCO\XPCO\EventServer\Server\Components\Central\Server\unittest\bin\x64\Debug\VideoOS.Event.Server.UnitTest.dll" adapterTypeName="executor://mstestadapter/v2" className="VideoOS.Analytics.Events.UnitTest.Server.DeviceManager.TestDeviceManagerFactory" name="TestCreate" />
    </UnitTest>
    <UnitTest name="TestAddAsEventInvalidToken" storage="d:\actions-runner\_work\xpco\xpco\eventserver\server\components\central\server\unittest\bin\x64\debug\videoos.event.server.unittest.dll" id="ab474ba1-f565-f4cb-0e3b-d3f8180b2371">
      <Execution id="556d0388-b09e-449d-bf1a-3f0baa831ca2" />
      <TestMethod codeBase="D:\actions-runner\_work\XPCO\XPCO\EventServer\Server\Components\Central\Server\unittest\bin\x64\Debug\VideoOS.Event.Server.UnitTest.dll" adapterTypeName="executor://mstestadapter/v2" className="VideoOS.Event.Server.WebService.Alarm.UnitTest.AlarmCommandTokenTest" name="TestAddAsEventInvalidToken" />
    </UnitTest>
    <UnitTest name="TestGetStatusVirtualServersWithCameraNotOnMapInError" storage="d:\actions-runner\_work\xpco\xpco\eventserver\server\components\central\server\unittest\bin\x64\debug\videoos.event.server.unittest.dll" id="f961c61e-dc3b-4559-f24c-d104e1a1068d">
      <Execution id="5861ae25-7aba-4200-8df7-7fcff1e9bd0a" />
      <TestMethod codeBase="D:\actions-runner\_work\XPCO\XPCO\EventServer\Server\Components\Central\Server\unittest\bin\x64\Debug\VideoOS.Event.Server.UnitTest.dll" adapterTypeName="executor://mstestadapter/v2" className="VideoOS.Event.Server.Map.UnitTest.VisualElementStatusCalculatorTest" name="TestGetStatusVirtualServersWithCameraNotOnMapInError" />
    </UnitTest>
    <UnitTest name="GetAllObjectsOfType_FilteringAllDifferentServerRelations" storage="d:\actions-runner\_work\xpco\xpco\eventserver\server\components\central\server\unittest\bin\x64\debug\videoos.event.server.unittest.dll" id="deba99b4-cdac-fb23-19ce-dce20b5d74c9">
      <TestCategory>
        <TestCategoryItem TestCategory="WebService/Map" />
      </TestCategory>
      <Execution id="33007338-74d4-43cb-b0a6-f2dcde7a26b1" />
      <TestMethod codeBase="D:\actions-runner\_work\XPCO\XPCO\EventServer\Server\Components\Central\Server\unittest\bin\x64\Debug\VideoOS.Event.Server.UnitTest.dll" adapterTypeName="executor://mstestadapter/v2" className="VideoOS.Event.Server.WebService.Map.UnitTest.MapCommandTokenTest" name="GetAllObjectsOfType_FilteringAllDifferentServerRelations" />
    </UnitTest>
    <UnitTest name="TestGetStatusDetails" storage="d:\actions-runner\_work\xpco\xpco\eventserver\server\components\central\server\unittest\bin\x64\debug\videoos.event.server.unittest.dll" id="2543e1c9-0785-b41d-98cc-3e2c749289b6">
      <Execution id="efe85943-65a1-4ccd-b432-d56e5d2f1130" />
      <TestMethod codeBase="D:\actions-runner\_work\XPCO\XPCO\EventServer\Server\Components\Central\Server\unittest\bin\x64\Debug\VideoOS.Event.Server.UnitTest.dll" adapterTypeName="executor://mstestadapter/v2" className="VideoOS.Event.Server.Map.Data.UnitTest.StatusElementTest" name="TestGetStatusDetails" />
    </UnitTest>
    <UnitTest name="TestState" storage="d:\actions-runner\_work\xpco\xpco\eventserver\server\components\central\server\unittest\bin\x64\debug\videoos.event.server.unittest.dll" id="ee019f83-90b8-7ba1-fb37-5f45c8216c55">
      <Execution id="094f2f19-bdc5-4bd6-ad49-56067bc7008e" />
      <TestMethod codeBase="D:\actions-runner\_work\XPCO\XPCO\EventServer\Server\Components\Central\Server\unittest\bin\x64\Debug\VideoOS.Event.Server.UnitTest.dll" adapterTypeName="executor://mstestadapter/v2" className="VideoOS.Event.Server.Map.Data.UnitTest.VisualElementStatusTest" name="TestState" />
    </UnitTest>
    <UnitTest name="TestGetAllObjectsOfTypeWithInvalidUser" storage="d:\actions-runner\_work\xpco\xpco\eventserver\server\components\central\server\unittest\bin\x64\debug\videoos.event.server.unittest.dll" id="eba23772-4d9d-10e4-1b6a-5ca9604d5785">
      <TestCategory>
        <TestCategoryItem TestCategory="WebService/Map" />
      </TestCategory>
      <Execution id="22ff511e-6e47-45ff-936c-1dfe04f4d49b" />
      <TestMethod codeBase="D:\actions-runner\_work\XPCO\XPCO\EventServer\Server\Components\Central\Server\unittest\bin\x64\Debug\VideoOS.Event.Server.UnitTest.dll" adapterTypeName="executor://mstestadapter/v2" className="VideoOS.Event.Server.WebService.Map.UnitTest.MapCommandTokenTest" name="TestGetAllObjectsOfTypeWithInvalidUser" />
    </UnitTest>
    <UnitTest name="TestOneACSystemPLUnsupportedOneACSystemPLUnsupportedButEnabled" storage="d:\actions-runner\_work\xpco\xpco\eventserver\server\components\central\server\unittest\bin\x64\debug\videoos.event.server.unittest.dll" id="041625b6-13cb-062f-99b2-d9de901b49d9">
      <TestCategory>
        <TestCategoryItem TestCategory="AccessControlUserIdTransformer" />
      </TestCategory>
      <Execution id="f0b09f99-563f-458f-8798-3a584936c4cb" />
      <TestMethod codeBase="D:\actions-runner\_work\XPCO\XPCO\EventServer\Server\Components\Central\Server\unittest\bin\x64\Debug\VideoOS.Event.Server.UnitTest.dll" adapterTypeName="executor://mstestadapter/v2" className="VideoOS.Event.Server.UnitTest.Session.AccessControlUserIdTransformerTest" name="TestOneACSystemPLUnsupportedOneACSystemPLUnsupportedButEnabled" />
    </UnitTest>
    <UnitTest name="TestUpdate" storage="d:\actions-runner\_work\xpco\xpco\eventserver\server\components\central\server\unittest\bin\x64\debug\videoos.event.server.unittest.dll" id="6a8b8b1f-8fe2-95b2-8383-ea8749de5b7d">
      <Execution id="a5340059-ddba-4c81-88dd-66bf12139abc" />
      <TestMethod codeBase="D:\actions-runner\_work\XPCO\XPCO\EventServer\Server\Components\Central\Server\unittest\bin\x64\Debug\VideoOS.Event.Server.UnitTest.dll" adapterTypeName="executor://mstestadapter/v2" className="VideoOS.Event.Server.Map.Data.UnitTest.VisualizationStateStorageTest" name="TestUpdate" />
    </UnitTest>
    <UnitTest name="TestActivateContextMenuActionThrowsException" storage="d:\actions-runner\_work\xpco\xpco\eventserver\server\components\central\server\unittest\bin\x64\debug\videoos.event.server.unittest.dll" id="c9ff0112-047d-3721-6fca-037dbe133a6e">
      <Execution id="c63dbd31-453c-4708-94b1-85d51a151cf9" />
      <TestMethod codeBase="D:\actions-runner\_work\XPCO\XPCO\EventServer\Server\Components\Central\Server\unittest\bin\x64\Debug\VideoOS.Event.Server.UnitTest.dll" adapterTypeName="executor://mstestadapter/v2" className="VideoOS.Event.Server.MIP.PlugIn.UnitTest.MapPlugInTypeEventHandlerTest" name="TestActivateContextMenuActionThrowsException" />
    </UnitTest>
    <UnitTest name="TestUpdateWithNewType" storage="d:\actions-runner\_work\xpco\xpco\eventserver\server\components\central\server\unittest\bin\x64\debug\videoos.event.server.unittest.dll" id="31b39906-a73c-ce70-5752-c1ef42347816">
      <TestCategory>
        <TestCategoryItem TestCategory="MapPlugInInternalItem" />
      </TestCategory>
      <Execution id="af8e43de-7e05-4642-bc17-546222c4c000" />
      <TestMethod codeBase="D:\actions-runner\_work\XPCO\XPCO\EventServer\Server\Components\Central\Server\unittest\bin\x64\Debug\VideoOS.Event.Server.UnitTest.dll" adapterTypeName="executor://mstestadapter/v2" className="VideoOS.Event.Server.MIP.PlugIn.UnitTest.MapPlugInInternalItemTest" name="TestUpdateWithNewType" />
    </UnitTest>
    <UnitTest name="EventToBaseEventMapper_ReturnsBaseEvent_WhenUnknownObjectData" storage="d:\actions-runner\_work\xpco\xpco\eventserver\server\components\central\server\unittest\bin\x64\debug\videoos.event.server.unittest.dll" id="c6a1718e-79da-c7ba-d8ef-6c71af34e3dc">
      <Execution id="90e5161f-d97f-47c4-afd2-55c484e058ca" />
      <TestMethod codeBase="D:\actions-runner\_work\XPCO\XPCO\EventServer\Server\Components\Central\Server\unittest\bin\x64\Debug\VideoOS.Event.Server.UnitTest.dll" adapterTypeName="executor://mstestadapter/v2" className="VideoOS.Event.Server.UnitTest.Event.EventToBaseEventMapperTest" name="EventToBaseEventMapper_ReturnsBaseEvent_WhenUnknownObjectData" />
    </UnitTest>
    <UnitTest name="TestDeleteObjectAndChildObjectsWithInvalidUser" storage="d:\actions-runner\_work\xpco\xpco\eventserver\server\components\central\server\unittest\bin\x64\debug\videoos.event.server.unittest.dll" id="ed423946-5bf0-6e1c-0d7d-d408379e500a">
      <TestCategory>
        <TestCategoryItem TestCategory="WebService/Map" />
      </TestCategory>
      <Execution id="fef5a6aa-8fb2-4da1-8318-2f620114c5a9" />
      <TestMethod codeBase="D:\actions-runner\_work\XPCO\XPCO\EventServer\Server\Components\Central\Server\unittest\bin\x64\Debug\VideoOS.Event.Server.UnitTest.dll" adapterTypeName="executor://mstestadapter/v2" className="VideoOS.Event.Server.WebService.Map.UnitTest.MapCommandToken2Test" name="TestDeleteObjectAndChildObjectsWithInvalidUser" />
    </UnitTest>
    <UnitTest name="TestRuleSystemCommandPipeActionGet" storage="d:\actions-runner\_work\xpco\xpco\eventserver\server\components\central\server\unittest\bin\x64\debug\videoos.event.server.unittest.dll" id="2de2b216-5da4-7093-b904-66ecc02ddb52">
      <Execution id="1447f855-5033-4233-9e13-426193f988da" />
      <TestMethod codeBase="D:\actions-runner\_work\XPCO\XPCO\EventServer\Server\Components\Central\Server\unittest\bin\x64\Debug\VideoOS.Event.Server.UnitTest.dll" adapterTypeName="executor://mstestadapter/v2" className="VideoOS.Event.Server.UnitTest.XPCORuleSystem.RuleSystemCommandPipeTest" name="TestRuleSystemCommandPipeActionGet" />
    </UnitTest>
    <UnitTest name="TestTimestampGetSet" storage="d:\actions-runner\_work\xpco\xpco\eventserver\server\components\central\server\unittest\bin\x64\debug\videoos.event.server.unittest.dll" id="36f49d40-731c-4878-92ee-cc3991d48dcd">
      <Execution id="24aa778a-0956-4aa2-8c25-0eda17fd12c4" />
      <TestMethod codeBase="D:\actions-runner\_work\XPCO\XPCO\EventServer\Server\Components\Central\Server\unittest\bin\x64\Debug\VideoOS.Event.Server.UnitTest.dll" adapterTypeName="executor://mstestadapter/v2" className="VideoOS.Event.Server.Map.Data.UnitTest.VisualElementStorageTest" name="TestTimestampGetSet" />
    </UnitTest>
    <UnitTest name="TestLoadXMLWithNoParametersCorrect" storage="d:\actions-runner\_work\xpco\xpco\eventserver\server\components\central\server\unittest\bin\x64\debug\videoos.event.server.unittest.dll" id="69d89368-0003-59a3-862b-580f1edee151">
      <Execution id="a34f00ea-29ed-4281-a540-80d177985f5a" />
      <TestMethod codeBase="D:\actions-runner\_work\XPCO\XPCO\EventServer\Server\Components\Central\Server\unittest\bin\x64\Debug\VideoOS.Event.Server.UnitTest.dll" adapterTypeName="executor://mstestadapter/v2" className="VideoOS.Event.Server.Map.Data.UnitTest.VisualElementStorageTest" name="TestLoadXMLWithNoParametersCorrect" />
    </UnitTest>
    <UnitTest name="StartAndClose_StartsAndStopsCleanupThread" storage="d:\actions-runner\_work\xpco\xpco\eventserver\server\components\central\server\unittest\bin\x64\debug\videoos.event.server.unittest.dll" id="5c1b319b-f4f1-4700-614d-09ac09c16f25">
      <TestCategory>
        <TestCategoryItem TestCategory="CI" />
      </TestCategory>
      <Execution id="77139f49-2ec6-49a3-81fa-34b800713a8f" />
      <TestMethod codeBase="D:\actions-runner\_work\XPCO\XPCO\EventServer\Server\Components\Central\Server\unittest\bin\x64\Debug\VideoOS.Event.Server.UnitTest.dll" adapterTypeName="executor://mstestadapter/v2" className="VideoOS.EventServer.Disable.UnitTest.DisableManagerTest" name="StartAndClose_StartsAndStopsCleanupThread" />
    </UnitTest>
    <UnitTest name="TestSetVisualizationWithInvalidUser" storage="d:\actions-runner\_work\xpco\xpco\eventserver\server\components\central\server\unittest\bin\x64\debug\videoos.event.server.unittest.dll" id="fffaf3af-f15f-343b-4823-2c2c916f0e08">
      <Execution id="85f001fa-af0e-45ca-944a-ae8ffe56f28c" />
      <TestMethod codeBase="D:\actions-runner\_work\XPCO\XPCO\EventServer\Server\Components\Central\Server\unittest\bin\x64\Debug\VideoOS.Event.Server.UnitTest.dll" adapterTypeName="executor://mstestadapter/v2" className="VideoOS.Event.Server.WebService.Status.UnitTest.StatusCommandToken2Test" name="TestSetVisualizationWithInvalidUser" />
    </UnitTest>
    <UnitTest name="TestRefresh" storage="d:\actions-runner\_work\xpco\xpco\eventserver\server\components\central\server\unittest\bin\x64\debug\videoos.event.server.unittest.dll" id="0b86288e-80e8-cbc5-578a-2357123bd041">
      <Execution id="7f293574-4577-4d5b-8ce3-01a78f1194bd" />
      <TestMethod codeBase="D:\actions-runner\_work\XPCO\XPCO\EventServer\Server\Components\Central\Server\unittest\bin\x64\Debug\VideoOS.Event.Server.UnitTest.dll" adapterTypeName="executor://mstestadapter/v2" className="VideoOS.Analytics.Events.UnitTest.Server.DeviceManager.TestDeviceManagerXPCO" name="TestRefresh" />
    </UnitTest>
    <UnitTest name="TestCopyObject" storage="d:\actions-runner\_work\xpco\xpco\eventserver\server\components\central\server\unittest\bin\x64\debug\videoos.event.server.unittest.dll" id="a7129e47-f514-c184-12bf-648b55307ce8">
      <Execution id="8216dc09-2d2f-4d48-a980-1f27d986e025" />
      <TestMethod codeBase="D:\actions-runner\_work\XPCO\XPCO\EventServer\Server\Components\Central\Server\unittest\bin\x64\Debug\VideoOS.Event.Server.UnitTest.dll" adapterTypeName="executor://mstestadapter/v2" className="VideoOS.Event.Server.Map.Data.UnitTest.BoundsStorageFactoryTest" name="TestCopyObject" />
    </UnitTest>
    <UnitTest name="TestGetEmptyCache" storage="d:\actions-runner\_work\xpco\xpco\eventserver\server\components\central\server\unittest\bin\x64\debug\videoos.event.server.unittest.dll" id="3e86f939-9488-6b0c-7e20-237a538a88c1">
      <TestCategory>
        <TestCategoryItem TestCategory="SessionCache" />
      </TestCategory>
      <Execution id="f5d20949-384f-42de-b0ab-2d1a6dfbd4bc" />
      <TestMethod codeBase="D:\actions-runner\_work\XPCO\XPCO\EventServer\Server\Components\Central\Server\unittest\bin\x64\Debug\VideoOS.Event.Server.UnitTest.dll" adapterTypeName="executor://mstestadapter/v2" className="VideoOS.Event.Server.UnitTest.Session.SessionCacheTest" name="TestGetEmptyCache" />
    </UnitTest>
    <UnitTest name="TestUpdateObjectWithValidParameters" storage="d:\actions-runner\_work\xpco\xpco\eventserver\server\components\central\server\unittest\bin\x64\debug\videoos.event.server.unittest.dll" id="f03a5c4e-00a7-c123-3fad-20db24597c9c">
      <TestCategory>
        <TestCategoryItem TestCategory="WebService/Map" />
      </TestCategory>
      <Execution id="97e64d5e-4e3b-4a3b-afeb-d1282fcbcdd3" />
      <TestMethod codeBase="D:\actions-runner\_work\XPCO\XPCO\EventServer\Server\Components\Central\Server\unittest\bin\x64\Debug\VideoOS.Event.Server.UnitTest.dll" adapterTypeName="executor://mstestadapter/v2" className="VideoOS.Event.Server.WebService.Map.UnitTest.MapCommandCredentialsTest" name="TestUpdateObjectWithValidParameters" />
    </UnitTest>
    <UnitTest name="UpdateDisplayXML_WithValidParameters" storage="d:\actions-runner\_work\xpco\xpco\eventserver\server\components\central\server\unittest\bin\x64\debug\videoos.event.server.unittest.dll" id="7a2fd159-6d75-50b5-6d07-8acef305a64a">
      <TestCategory>
        <TestCategoryItem TestCategory="WebService/Map" />
      </TestCategory>
      <Execution id="8b052a9b-61a9-4f07-9a32-128ab5fa09bc" />
      <TestMethod codeBase="D:\actions-runner\_work\XPCO\XPCO\EventServer\Server\Components\Central\Server\unittest\bin\x64\Debug\VideoOS.Event.Server.UnitTest.dll" adapterTypeName="executor://mstestadapter/v2" className="VideoOS.Event.Server.WebService.Map.UnitTest.MapCommandTokenTest" name="UpdateDisplayXML_WithValidParameters" />
    </UnitTest>
    <UnitTest name="TestUpdateBoundsNotAuthenticated" storage="d:\actions-runner\_work\xpco\xpco\eventserver\server\components\central\server\unittest\bin\x64\debug\videoos.event.server.unittest.dll" id="63645b06-581c-fe94-5b64-37fa576bf61c">
      <TestCategory>
        <TestCategoryItem TestCategory="WebService/Map" />
      </TestCategory>
      <Execution id="57d9e51c-9d3d-476e-8350-60aa52756e1b" />
      <TestMethod codeBase="D:\actions-runner\_work\XPCO\XPCO\EventServer\Server\Components\Central\Server\unittest\bin\x64\Debug\VideoOS.Event.Server.UnitTest.dll" adapterTypeName="executor://mstestadapter/v2" className="VideoOS.Event.Server.WebService.Map.UnitTest.MapCommandCredentialsTest" name="TestUpdateBoundsNotAuthenticated" />
    </UnitTest>
    <UnitTest name="TestCreateFilteredConfigurationEventsLimited" storage="d:\actions-runner\_work\xpco\xpco\eventserver\server\components\central\server\unittest\bin\x64\debug\videoos.event.server.unittest.dll" id="e4485a7b-7692-9572-08b5-73744887a6e6">
      <TestCategory>
        <TestCategoryItem TestCategory="AccessControlServiceImplementation" />
      </TestCategory>
      <Execution id="980aaa34-a7af-45ae-bf10-1ff5edd40795" />
      <TestMethod codeBase="D:\actions-runner\_work\XPCO\XPCO\EventServer\Server\Components\Central\Server\unittest\bin\x64\Debug\VideoOS.Event.Server.UnitTest.dll" adapterTypeName="executor://mstestadapter/v2" className="VideoOS.Event.Server.UnitTest.AccessControl.AccessControlServiceImplementationTest" name="TestCreateFilteredConfigurationEventsLimited" />
    </UnitTest>
    <UnitTest name="TestGetObjectThrowingUnhandledException" storage="d:\actions-runner\_work\xpco\xpco\eventserver\server\components\central\server\unittest\bin\x64\debug\videoos.event.server.unittest.dll" id="c6ccf88c-1399-0635-b94d-e570e2da7529">
      <TestCategory>
        <TestCategoryItem TestCategory="WebService/Map" />
      </TestCategory>
      <Execution id="012211c1-486d-4b8e-8778-3c77e2e0d1b2" />
      <TestMethod codeBase="D:\actions-runner\_work\XPCO\XPCO\EventServer\Server\Components\Central\Server\unittest\bin\x64\Debug\VideoOS.Event.Server.UnitTest.dll" adapterTypeName="executor://mstestadapter/v2" className="VideoOS.Event.Server.WebService.Map.UnitTest.MapCommandCredentialsTest" name="TestGetObjectThrowingUnhandledException" />
    </UnitTest>
    <UnitTest name="TestGetStatusForAllObjectsOfTypeThrowingUnhandledException" storage="d:\actions-runner\_work\xpco\xpco\eventserver\server\components\central\server\unittest\bin\x64\debug\videoos.event.server.unittest.dll" id="a96bbd73-704d-32fb-7b5e-e65e94805cf4">
      <Execution id="53774fce-3d8c-4f23-ba49-5b4fdc9fdbab" />
      <TestMethod codeBase="D:\actions-runner\_work\XPCO\XPCO\EventServer\Server\Components\Central\Server\unittest\bin\x64\Debug\VideoOS.Event.Server.UnitTest.dll" adapterTypeName="executor://mstestadapter/v2" className="VideoOS.Event.Server.WebService.Status.UnitTest.StatusCommandTokenTest" name="TestGetStatusForAllObjectsOfTypeThrowingUnhandledException" />
    </UnitTest>
    <UnitTest name="TestClose" storage="d:\actions-runner\_work\xpco\xpco\eventserver\server\components\central\server\unittest\bin\x64\debug\videoos.event.server.unittest.dll" id="6d458a07-7789-12ca-e3c7-7c0e4257399b">
      <Execution id="60bb7064-0d4f-42c4-8e5d-5c682ab4513b" />
      <TestMethod codeBase="D:\actions-runner\_work\XPCO\XPCO\EventServer\Server\Components\Central\Server\unittest\bin\x64\Debug\VideoOS.Event.Server.UnitTest.dll" adapterTypeName="executor://mstestadapter/v2" className="VideoOS.Event.Server.Map.Access.UnitTest.DefaultAccessControlTest" name="TestClose" />
    </UnitTest>
    <UnitTest name="TestRuleSystemCommandPipeConfigurationChangeGet" storage="d:\actions-runner\_work\xpco\xpco\eventserver\server\components\central\server\unittest\bin\x64\debug\videoos.event.server.unittest.dll" id="0d07bc10-acea-4edd-972d-21155302c1bb">
      <Execution id="1d114455-06cf-4d32-a4fd-4a94cb40bd78" />
      <TestMethod codeBase="D:\actions-runner\_work\XPCO\XPCO\EventServer\Server\Components\Central\Server\unittest\bin\x64\Debug\VideoOS.Event.Server.UnitTest.dll" adapterTypeName="executor://mstestadapter/v2" className="VideoOS.Event.Server.UnitTest.XPCORuleSystem.RuleSystemCommandPipeTest" name="TestRuleSystemCommandPipeConfigurationChangeGet" />
    </UnitTest>
    <UnitTest name="TestValidateWithIncorrectUserTypeWindowsGroup" storage="d:\actions-runner\_work\xpco\xpco\eventserver\server\components\central\server\unittest\bin\x64\debug\videoos.event.server.unittest.dll" id="d828d57e-dac5-14b8-f7e8-fd33cc936f80">
      <Execution id="45404e90-9941-4530-bbdc-5cfb9404f4ae" />
      <TestMethod codeBase="D:\actions-runner\_work\XPCO\XPCO\EventServer\Server\Components\Central\Server\unittest\bin\x64\Debug\VideoOS.Event.Server.UnitTest.dll" adapterTypeName="executor://mstestadapter/v2" className="VideoOS.EventServer.UnitTest.UserValidation.AccessControlCredentialValidationTest" name="TestValidateWithIncorrectUserTypeWindowsGroup" />
    </UnitTest>
    <UnitTest name="TestGetAllElementsOfTypeExcludeRootOnSingleTree" storage="d:\actions-runner\_work\xpco\xpco\eventserver\server\components\central\server\unittest\bin\x64\debug\videoos.event.server.unittest.dll" id="98f23530-6359-050a-5fdf-f1b9599f467e">
      <Execution id="aaab129a-0625-4d3b-968e-6faf71f639ff" />
      <TestMethod codeBase="D:\actions-runner\_work\XPCO\XPCO\EventServer\Server\Components\Central\Server\unittest\bin\x64\Debug\VideoOS.Event.Server.UnitTest.dll" adapterTypeName="executor://mstestadapter/v2" className="VideoOS.Event.Server.Map.UnitTest.VisualElementManagerTest" name="TestGetAllElementsOfTypeExcludeRootOnSingleTree" />
    </UnitTest>
    <UnitTest name="TestValidateWithIncorrectUserTypeWindowsUser" storage="d:\actions-runner\_work\xpco\xpco\eventserver\server\components\central\server\unittest\bin\x64\debug\videoos.event.server.unittest.dll" id="4700ea0b-a6eb-2f32-8574-1971d027ccb0">
      <Execution id="82ce7f1d-5722-407f-ab25-9a32ce74fb28" />
      <TestMethod codeBase="D:\actions-runner\_work\XPCO\XPCO\EventServer\Server\Components\Central\Server\unittest\bin\x64\Debug\VideoOS.Event.Server.UnitTest.dll" adapterTypeName="executor://mstestadapter/v2" className="VideoOS.EventServer.UnitTest.UserValidation.AccessControlCredentialValidationTest" name="TestValidateWithIncorrectUserTypeWindowsUser" />
    </UnitTest>
    <UnitTest name="FetchCache_ShouldAddUserToTheCache_IfUserIsBasicUser" storage="d:\actions-runner\_work\xpco\xpco\eventserver\server\components\central\server\unittest\bin\x64\debug\videoos.event.server.unittest.dll" id="fe0fb3e9-27dd-b61e-9ae2-3ccd114e06ab">
      <Execution id="2ba03d78-6acb-4f1c-aaf4-854c2239cbb3" />
      <TestMethod codeBase="D:\actions-runner\_work\XPCO\XPCO\EventServer\Server\Components\Central\Server\unittest\bin\x64\Debug\VideoOS.Event.Server.UnitTest.dll" adapterTypeName="executor://mstestadapter/v2" className="VideoOS.EventServer.Security.Authorization.UnitTest.VMSItemAuthorizationTests" name="FetchCache_ShouldAddUserToTheCache_IfUserIsBasicUser" />
    </UnitTest>
    <UnitTest name="TestUpdateMultipleAlarmsException" storage="d:\actions-runner\_work\xpco\xpco\eventserver\server\components\central\server\unittest\bin\x64\debug\videoos.event.server.unittest.dll" id="48fc638a-cb7d-f4dd-6988-d0f7494f227e">
      <Execution id="dd424ef9-bc07-4d85-9412-483dabf168f5" />
      <TestMethod codeBase="D:\actions-runner\_work\XPCO\XPCO\EventServer\Server\Components\Central\Server\unittest\bin\x64\Debug\VideoOS.Event.Server.UnitTest.dll" adapterTypeName="executor://mstestadapter/v2" className="VideoOS.Event.Server.WebService.Alarm.UnitTest.AlarmCommandTokenTest" name="TestUpdateMultipleAlarmsException" />
    </UnitTest>
    <UnitTest name="TestInitalizationWithBuildInTypeGuid" storage="d:\actions-runner\_work\xpco\xpco\eventserver\server\components\central\server\unittest\bin\x64\debug\videoos.event.server.unittest.dll" id="301e1f2d-d1d4-56d4-fc38-da7889d0bf5e">
      <Execution id="29c3cede-7fba-4c6f-aa99-dac1b1396612" />
      <TestMethod codeBase="D:\actions-runner\_work\XPCO\XPCO\EventServer\Server\Components\Central\Server\unittest\bin\x64\Debug\VideoOS.Event.Server.UnitTest.dll" adapterTypeName="executor://mstestadapter/v2" className="VideoOS.Event.Server.MIP.PlugIn.UnitTest.MapPlugInEventHandlerTest" name="TestInitalizationWithBuildInTypeGuid" />
    </UnitTest>
    <UnitTest name="TestUpdateElementWithNonExistingId" storage="d:\actions-runner\_work\xpco\xpco\eventserver\server\components\central\server\unittest\bin\x64\debug\videoos.event.server.unittest.dll" id="10e89367-57d1-f44b-6ffe-7af21cc99a9a">
      <Execution id="59f36b5a-3b7b-4364-b614-ef74d1419d15" />
      <TestMethod codeBase="D:\actions-runner\_work\XPCO\XPCO\EventServer\Server\Components\Central\Server\unittest\bin\x64\Debug\VideoOS.Event.Server.UnitTest.dll" adapterTypeName="executor://mstestadapter/v2" className="VideoOS.Event.Server.Map.UnitTest.VisualElementManagerTest" name="TestUpdateElementWithNonExistingId" />
    </UnitTest>
    <UnitTest name="TestGetVisualizationThrowingUnhandledException" storage="d:\actions-runner\_work\xpco\xpco\eventserver\server\components\central\server\unittest\bin\x64\debug\videoos.event.server.unittest.dll" id="c1716f5e-0689-895f-3295-017dc3e9ada5">
      <Execution id="03ab40c9-a35f-44f0-9e69-c83ed01ec025" />
      <TestMethod codeBase="D:\actions-runner\_work\XPCO\XPCO\EventServer\Server\Components\Central\Server\unittest\bin\x64\Debug\VideoOS.Event.Server.UnitTest.dll" adapterTypeName="executor://mstestadapter/v2" className="VideoOS.Event.Server.WebService.Status.UnitTest.StatusCommandTokenTest" name="TestGetVisualizationThrowingUnhandledException" />
    </UnitTest>
    <UnitTest name="TestUpdateNameNotAuthenticated" storage="d:\actions-runner\_work\xpco\xpco\eventserver\server\components\central\server\unittest\bin\x64\debug\videoos.event.server.unittest.dll" id="dd96b905-dcef-c594-5611-ca3036f7f364">
      <TestCategory>
        <TestCategoryItem TestCategory="WebService/Map" />
      </TestCategory>
      <Execution id="6a2ead9d-b884-444f-a4fe-e6307c433bcf" />
      <TestMethod codeBase="D:\actions-runner\_work\XPCO\XPCO\EventServer\Server\Components\Central\Server\unittest\bin\x64\Debug\VideoOS.Event.Server.UnitTest.dll" adapterTypeName="executor://mstestadapter/v2" className="VideoOS.Event.Server.WebService.Map.UnitTest.MapCommandCredentialsTest" name="TestUpdateNameNotAuthenticated" />
    </UnitTest>
    <UnitTest name="TestActivatePlugInActionThrowingUnhandledException" storage="d:\actions-runner\_work\xpco\xpco\eventserver\server\components\central\server\unittest\bin\x64\debug\videoos.event.server.unittest.dll" id="500b72e0-4f4f-486d-00d8-847aa132558b">
      <TestCategory>
        <TestCategoryItem TestCategory="WebService/Map" />
      </TestCategory>
      <Execution id="d30fa816-2fa3-4607-b33d-16ae6093fbbe" />
      <TestMethod codeBase="D:\actions-runner\_work\XPCO\XPCO\EventServer\Server\Components\Central\Server\unittest\bin\x64\Debug\VideoOS.Event.Server.UnitTest.dll" adapterTypeName="executor://mstestadapter/v2" className="VideoOS.Event.Server.WebService.Map.UnitTest.MapCommandTokenTest" name="TestActivatePlugInActionThrowingUnhandledException" />
    </UnitTest>
    <UnitTest name="EventConverter_ConvertBaseItemToBaseEvent_Success_No_Reference_Items" storage="d:\actions-runner\_work\xpco\xpco\eventserver\server\components\central\server\unittest\bin\x64\debug\videoos.event.server.unittest.dll" id="ab329fe8-f796-7ca0-46bf-e9faca7899f8">
      <Execution id="0a00c84a-09d8-4aa0-ad94-d0ded2d376a8" />
      <TestMethod codeBase="D:\actions-runner\_work\XPCO\XPCO\EventServer\Server\Components\Central\Server\unittest\bin\x64\Debug\VideoOS.Event.Server.UnitTest.dll" adapterTypeName="executor://mstestadapter/v2" className="VideoOS.Event.Server.UnitTest.Utils.EventConverterTest" name="EventConverter_ConvertBaseItemToBaseEvent_Success_No_Reference_Items" />
    </UnitTest>
    <UnitTest name="EventConverter_ParseMetadata_Metadata_Success" storage="d:\actions-runner\_work\xpco\xpco\eventserver\server\components\central\server\unittest\bin\x64\debug\videoos.event.server.unittest.dll" id="0c5eded9-aaa4-989f-6237-6788ed673cd4">
      <Execution id="4706c2d5-9e17-48b6-9b14-1fdf161558c8" />
      <TestMethod codeBase="D:\actions-runner\_work\XPCO\XPCO\EventServer\Server\Components\Central\Server\unittest\bin\x64\Debug\VideoOS.Event.Server.UnitTest.dll" adapterTypeName="executor://mstestadapter/v2" className="VideoOS.Event.Server.UnitTest.Utils.EventConverterTest" name="EventConverter_ParseMetadata_Metadata_Success" />
    </UnitTest>
    <UnitTest name="TestCreateObjectsWithServerIDInID" storage="d:\actions-runner\_work\xpco\xpco\eventserver\server\components\central\server\unittest\bin\x64\debug\videoos.event.server.unittest.dll" id="007d5ca8-0cb3-4028-cb8b-1f37cb0111cc">
      <TestCategory>
        <TestCategoryItem TestCategory="WebService/Map" />
      </TestCategory>
      <Execution id="f8f48114-128b-4407-b816-5b393b22e659" />
      <TestMethod codeBase="D:\actions-runner\_work\XPCO\XPCO\EventServer\Server\Components\Central\Server\unittest\bin\x64\Debug\VideoOS.Event.Server.UnitTest.dll" adapterTypeName="executor://mstestadapter/v2" className="VideoOS.Event.Server.WebService.Map.UnitTest.MapCommandTokenTest" name="TestCreateObjectsWithServerIDInID" />
    </UnitTest>
    <UnitTest name="TestItemsWithItemIdsSubset" storage="d:\actions-runner\_work\xpco\xpco\eventserver\server\components\central\server\unittest\bin\x64\debug\videoos.event.server.unittest.dll" id="a088844f-aa95-895a-18a3-251325a06d05">
      <Execution id="809ba24c-3bea-4682-8d89-04dddd7d245f" />
      <TestMethod codeBase="D:\actions-runner\_work\XPCO\XPCO\EventServer\Server\Components\Central\Server\unittest\bin\x64\Debug\VideoOS.Event.Server.UnitTest.dll" adapterTypeName="executor://mstestadapter/v2" className="VideoOS.Event.Server.MIP.PlugIn.UnitTest.MapPlugInTypeEventHandlerTest" name="TestItemsWithItemIdsSubset" />
    </UnitTest>
    <UnitTest name="TestInsertElementWithUsedIdAndVisualOwnerId" storage="d:\actions-runner\_work\xpco\xpco\eventserver\server\components\central\server\unittest\bin\x64\debug\videoos.event.server.unittest.dll" id="1e0d3643-4c52-8551-b356-f6c3ec240da4">
      <Execution id="2dff87ff-483c-4c8f-af66-90b17312ce35" />
      <TestMethod codeBase="D:\actions-runner\_work\XPCO\XPCO\EventServer\Server\Components\Central\Server\unittest\bin\x64\Debug\VideoOS.Event.Server.UnitTest.dll" adapterTypeName="executor://mstestadapter/v2" className="VideoOS.Event.Server.Map.UnitTest.VisualElementManagerTest" name="TestInsertElementWithUsedIdAndVisualOwnerId" />
    </UnitTest>
    <UnitTest name="TestGetStatusForAllObjectsOfTypeWithInvalidUser" storage="d:\actions-runner\_work\xpco\xpco\eventserver\server\components\central\server\unittest\bin\x64\debug\videoos.event.server.unittest.dll" id="79450999-8ae4-f763-9830-712ef6ee317a">
      <Execution id="31c5f137-ff3e-4a19-a20f-9d0024354f74" />
      <TestMethod codeBase="D:\actions-runner\_work\XPCO\XPCO\EventServer\Server\Components\Central\Server\unittest\bin\x64\Debug\VideoOS.Event.Server.UnitTest.dll" adapterTypeName="executor://mstestadapter/v2" className="VideoOS.Event.Server.WebService.Status.UnitTest.StatusCommandToken2Test" name="TestGetStatusForAllObjectsOfTypeWithInvalidUser" />
    </UnitTest>
    <UnitTest name="TestAcknowledgeInvalidToken" storage="d:\actions-runner\_work\xpco\xpco\eventserver\server\components\central\server\unittest\bin\x64\debug\videoos.event.server.unittest.dll" id="3c594cc6-ca20-109c-0a05-3b26faf3408d">
      <Execution id="c94fbcd6-2a16-40e8-a2d0-96b7c0157111" />
      <TestMethod codeBase="D:\actions-runner\_work\XPCO\XPCO\EventServer\Server\Components\Central\Server\unittest\bin\x64\Debug\VideoOS.Event.Server.UnitTest.dll" adapterTypeName="executor://mstestadapter/v2" className="VideoOS.Event.Server.WebService.Alarm.UnitTest.AlarmCommandTokenTest" name="TestAcknowledgeInvalidToken" />
    </UnitTest>
    <UnitTest name="TestGetItemOperationalStateWithUnknownItem" storage="d:\actions-runner\_work\xpco\xpco\eventserver\server\components\central\server\unittest\bin\x64\debug\videoos.event.server.unittest.dll" id="81617092-5393-a84c-34e3-a0234bd9367b">
      <Execution id="d79968b5-c3e6-44f4-a1b2-6c36e7785557" />
      <TestMethod codeBase="D:\actions-runner\_work\XPCO\XPCO\EventServer\Server\Components\Central\Server\unittest\bin\x64\Debug\VideoOS.Event.Server.UnitTest.dll" adapterTypeName="executor://mstestadapter/v2" className="VideoOS.Event.Server.MIP.PlugIn.UnitTest.MapPlugInTypeEventHandlerTest" name="TestGetItemOperationalStateWithUnknownItem" />
    </UnitTest>
    <UnitTest name="TestCreateObjectsWithInvalidUser" storage="d:\actions-runner\_work\xpco\xpco\eventserver\server\components\central\server\unittest\bin\x64\debug\videoos.event.server.unittest.dll" id="14499e35-211f-3973-6507-0af44d7a2adb">
      <TestCategory>
        <TestCategoryItem TestCategory="WebService/Map" />
      </TestCategory>
      <Execution id="758225a7-5054-4a60-951c-78c9605c5d46" />
      <TestMethod codeBase="D:\actions-runner\_work\XPCO\XPCO\EventServer\Server\Components\Central\Server\unittest\bin\x64\Debug\VideoOS.Event.Server.UnitTest.dll" adapterTypeName="executor://mstestadapter/v2" className="VideoOS.Event.Server.WebService.Map.UnitTest.MapCommandTokenTest" name="TestCreateObjectsWithInvalidUser" />
    </UnitTest>
    <UnitTest name="TrimStart_ReturnInput_WhenInputDoesNotIncludePrefix" storage="d:\actions-runner\_work\xpco\xpco\eventserver\server\components\central\server\unittest\bin\x64\debug\videoos.event.server.unittest.dll" id="91188da9-d085-0bfd-d9b4-e5baf082c7ff">
      <TestCategory>
        <TestCategoryItem TestCategory="AccessControl" />
      </TestCategory>
      <Execution id="5b56bbbe-78e2-4907-96a1-e596af875c58" />
      <TestMethod codeBase="D:\actions-runner\_work\XPCO\XPCO\EventServer\Server\Components\Central\Server\unittest\bin\x64\Debug\VideoOS.Event.Server.UnitTest.dll" adapterTypeName="executor://mstestadapter/v2" className="VideoOS.Event.Server.UnitTest.AccessControl.AccessControlSystemTests" name="TrimStart_ReturnInput_WhenInputDoesNotIncludePrefix" />
    </UnitTest>
    <UnitTest name="EventConverter_ParseMetadata_EventName_Null" storage="d:\actions-runner\_work\xpco\xpco\eventserver\server\components\central\server\unittest\bin\x64\debug\videoos.event.server.unittest.dll" id="a95aec13-522b-72a2-0083-da69d3c98bc5">
      <Execution id="a9888bb9-2480-4dc2-a482-dc68a3066354" />
      <TestMethod codeBase="D:\actions-runner\_work\XPCO\XPCO\EventServer\Server\Components\Central\Server\unittest\bin\x64\Debug\VideoOS.Event.Server.UnitTest.dll" adapterTypeName="executor://mstestadapter/v2" className="VideoOS.Event.Server.UnitTest.Utils.EventConverterTest" name="EventConverter_ParseMetadata_EventName_Null" />
    </UnitTest>
    <UnitTest name="TestUpdateDisplayXMLThrowingUnhandledException" storage="d:\actions-runner\_work\xpco\xpco\eventserver\server\components\central\server\unittest\bin\x64\debug\videoos.event.server.unittest.dll" id="90e62cbf-7689-87e1-93e7-9ab4e0f34756">
      <TestCategory>
        <TestCategoryItem TestCategory="WebService/Map" />
      </TestCategory>
      <Execution id="c9615138-964a-4ff2-9786-23a4d9366dd0" />
      <TestMethod codeBase="D:\actions-runner\_work\XPCO\XPCO\EventServer\Server\Components\Central\Server\unittest\bin\x64\Debug\VideoOS.Event.Server.UnitTest.dll" adapterTypeName="executor://mstestadapter/v2" className="VideoOS.Event.Server.WebService.Map.UnitTest.MapCommandToken2Test" name="TestUpdateDisplayXMLThrowingUnhandledException" />
    </UnitTest>
    <UnitTest name="TestGetXML" storage="d:\actions-runner\_work\xpco\xpco\eventserver\server\components\central\server\unittest\bin\x64\debug\videoos.event.server.unittest.dll" id="e6aec06f-1b34-715c-7067-e3512266e985">
      <Execution id="6167d173-c6ce-424b-9b7a-4f537aa28f27" />
      <TestMethod codeBase="D:\actions-runner\_work\XPCO\XPCO\EventServer\Server\Components\Central\Server\unittest\bin\x64\Debug\VideoOS.Event.Server.UnitTest.dll" adapterTypeName="executor://mstestadapter/v2" className="VideoOS.Event.Server.Map.Data.UnitTest.VisualElementStorageTest" name="TestGetXML" />
    </UnitTest>
    <UnitTest name="TestGetAllObjectIDsOnVisualElementWithInvalidUser" storage="d:\actions-runner\_work\xpco\xpco\eventserver\server\components\central\server\unittest\bin\x64\debug\videoos.event.server.unittest.dll" id="7502a480-3d55-7c3a-43f7-314a17a87fc8">
      <TestCategory>
        <TestCategoryItem TestCategory="WebService/Map" />
      </TestCategory>
      <Execution id="c284192d-7020-4b6a-8ed0-915ba26b582f" />
      <TestMethod codeBase="D:\actions-runner\_work\XPCO\XPCO\EventServer\Server\Components\Central\Server\unittest\bin\x64\Debug\VideoOS.Event.Server.UnitTest.dll" adapterTypeName="executor://mstestadapter/v2" className="VideoOS.Event.Server.WebService.Map.UnitTest.MapCommandTokenTest" name="TestGetAllObjectIDsOnVisualElementWithInvalidUser" />
    </UnitTest>
    <UnitTest name="TestLoadXMLWithAllCorrectValues" storage="d:\actions-runner\_work\xpco\xpco\eventserver\server\components\central\server\unittest\bin\x64\debug\videoos.event.server.unittest.dll" id="800bfdb8-0f47-9c76-16ae-22d1c02e0f34">
      <Execution id="e663fb71-5342-46eb-b24e-b95a1c283902" />
      <TestMethod codeBase="D:\actions-runner\_work\XPCO\XPCO\EventServer\Server\Components\Central\Server\unittest\bin\x64\Debug\VideoOS.Event.Server.UnitTest.dll" adapterTypeName="executor://mstestadapter/v2" className="VideoOS.Event.Server.Map.Data.UnitTest.TypeIdStorageTest" name="TestLoadXMLWithAllCorrectValues" />
    </UnitTest>
    <UnitTest name="SubscribeEventReceiver_ReturnsTrue_WhenNotAlreadySubscribed" storage="d:\actions-runner\_work\xpco\xpco\eventserver\server\components\central\server\unittest\bin\x64\debug\videoos.event.server.unittest.dll" id="742ab573-3688-e462-d303-02a1c484494d">
      <Execution id="d02c99de-f684-4cf4-9d24-1c3a45118571" />
      <TestMethod codeBase="D:\actions-runner\_work\XPCO\XPCO\EventServer\Server\Components\Central\Server\unittest\bin\x64\Debug\VideoOS.Event.Server.UnitTest.dll" adapterTypeName="executor://mstestadapter/v2" className="VideoOS.Event.Server.UnitTest.Event.EventPusherTest" name="SubscribeEventReceiver_ReturnsTrue_WhenNotAlreadySubscribed" />
    </UnitTest>
    <UnitTest name="TestGetAlarmLines" storage="d:\actions-runner\_work\xpco\xpco\eventserver\server\components\central\server\unittest\bin\x64\debug\videoos.event.server.unittest.dll" id="0200c27a-805d-d307-9530-462a9d6d0eeb">
      <Execution id="426cb8fe-4c8d-4e8d-abfe-e8e36aee0676" />
      <TestMethod codeBase="D:\actions-runner\_work\XPCO\XPCO\EventServer\Server\Components\Central\Server\unittest\bin\x64\Debug\VideoOS.Event.Server.UnitTest.dll" adapterTypeName="executor://mstestadapter/v2" className="VideoOS.Event.Server.WebService.Alarm.UnitTest.AlarmCommandTokenTest" name="TestGetAlarmLines" />
    </UnitTest>
    <UnitTest name="TestUpdateDisplayXMLThrowingUnhandledException" storage="d:\actions-runner\_work\xpco\xpco\eventserver\server\components\central\server\unittest\bin\x64\debug\videoos.event.server.unittest.dll" id="da9b2ce5-50e0-4c70-1517-953340f2dd57">
      <TestCategory>
        <TestCategoryItem TestCategory="WebService/Map" />
      </TestCategory>
      <Execution id="6609cb46-3c2b-4b25-9784-da29ef4c3824" />
      <TestMethod codeBase="D:\actions-runner\_work\XPCO\XPCO\EventServer\Server\Components\Central\Server\unittest\bin\x64\Debug\VideoOS.Event.Server.UnitTest.dll" adapterTypeName="executor://mstestadapter/v2" className="VideoOS.Event.Server.WebService.Map.UnitTest.MapCommandCredentialsTest" name="TestUpdateDisplayXMLThrowingUnhandledException" />
    </UnitTest>
    <UnitTest name="TestCreateAccessControlItemAuthorizationFetcherWithNullConfigHost" storage="d:\actions-runner\_work\xpco\xpco\eventserver\server\components\central\server\unittest\bin\x64\debug\videoos.event.server.unittest.dll" id="84896106-2f9f-b03d-8fed-b3a52db5f04e">
      <TestCategory>
        <TestCategoryItem TestCategory="PermissionManagerFetcher" />
      </TestCategory>
      <Execution id="23227a3f-827f-473f-91b8-6d8ac6ed2e31" />
      <TestMethod codeBase="D:\actions-runner\_work\XPCO\XPCO\EventServer\Server\Components\Central\Server\unittest\bin\x64\Debug\VideoOS.Event.Server.UnitTest.dll" adapterTypeName="executor://mstestadapter/v2" className="VideoOS.Event.Server.UnitTest.Security.AuthorizationFetcher.ItemAuthorizationFetcherFactoryTest" name="TestCreateAccessControlItemAuthorizationFetcherWithNullConfigHost" />
    </UnitTest>
    <UnitTest name="TestUpdateElementWithAMarkedForDeletionElement" storage="d:\actions-runner\_work\xpco\xpco\eventserver\server\components\central\server\unittest\bin\x64\debug\videoos.event.server.unittest.dll" id="fa5511f4-8519-f9e6-eb84-5d9a722d9f15">
      <Execution id="1515c7a9-6557-4eef-8770-3e2e9ab79e02" />
      <TestMethod codeBase="D:\actions-runner\_work\XPCO\XPCO\EventServer\Server\Components\Central\Server\unittest\bin\x64\Debug\VideoOS.Event.Server.UnitTest.dll" adapterTypeName="executor://mstestadapter/v2" className="VideoOS.Event.Server.Map.UnitTest.VisualElementManagerTest" name="TestUpdateElementWithAMarkedForDeletionElement" />
    </UnitTest>
    <UnitTest name="TestCheckAuthorizationWhereCachedItemIsToOld" storage="d:\actions-runner\_work\xpco\xpco\eventserver\server\components\central\server\unittest\bin\x64\debug\videoos.event.server.unittest.dll" id="6c46d682-68df-98f6-c9c6-516dc2bcccb5">
      <TestCategory>
        <TestCategoryItem TestCategory="ActionAuthorizationCache" />
      </TestCategory>
      <Execution id="818116d6-1e80-4063-8969-7909ed843e46" />
      <TestMethod codeBase="D:\actions-runner\_work\XPCO\XPCO\EventServer\Server\Components\Central\Server\unittest\bin\x64\Debug\VideoOS.Event.Server.UnitTest.dll" adapterTypeName="executor://mstestadapter/v2" className="VideoOS.Event.Server.UnitTest.Security.ActionAuthorizationCacheTest" name="TestCheckAuthorizationWhereCachedItemIsToOld" />
    </UnitTest>
    <UnitTest name="TestGetPlugInsNotAuthenticated" storage="d:\actions-runner\_work\xpco\xpco\eventserver\server\components\central\server\unittest\bin\x64\debug\videoos.event.server.unittest.dll" id="f897ee6f-f339-b33f-9c9f-c0685c6da51b">
      <TestCategory>
        <TestCategoryItem TestCategory="WebService/Map" />
      </TestCategory>
      <Execution id="1911e361-2ad3-4c27-90a5-91715c39289d" />
      <TestMethod codeBase="D:\actions-runner\_work\XPCO\XPCO\EventServer\Server\Components\Central\Server\unittest\bin\x64\Debug\VideoOS.Event.Server.UnitTest.dll" adapterTypeName="executor://mstestadapter/v2" className="VideoOS.Event.Server.WebService.Map.UnitTest.MapCommandCredentialsTest" name="TestGetPlugInsNotAuthenticated" />
    </UnitTest>
    <UnitTest name="TestCreateObjectThrowingUnhandledException" storage="d:\actions-runner\_work\xpco\xpco\eventserver\server\components\central\server\unittest\bin\x64\debug\videoos.event.server.unittest.dll" id="ef9e8ef1-7480-4948-d154-095198b2522f">
      <TestCategory>
        <TestCategoryItem TestCategory="WebService/Map" />
      </TestCategory>
      <Execution id="1e7b3b8f-30a4-4f15-8325-adb08547609b" />
      <TestMethod codeBase="D:\actions-runner\_work\XPCO\XPCO\EventServer\Server\Components\Central\Server\unittest\bin\x64\Debug\VideoOS.Event.Server.UnitTest.dll" adapterTypeName="executor://mstestadapter/v2" className="VideoOS.Event.Server.WebService.Map.UnitTest.MapCommandToken2Test" name="TestCreateObjectThrowingUnhandledException" />
    </UnitTest>
    <UnitTest name="TestCopyObject" storage="d:\actions-runner\_work\xpco\xpco\eventserver\server\components\central\server\unittest\bin\x64\debug\videoos.event.server.unittest.dll" id="ef8e58cf-ea5c-2876-04a9-76267e76a3bd">
      <Execution id="9f9f6d0a-d5cb-4a56-90bb-405dd0a33cef" />
      <TestMethod codeBase="D:\actions-runner\_work\XPCO\XPCO\EventServer\Server\Components\Central\Server\unittest\bin\x64\Debug\VideoOS.Event.Server.UnitTest.dll" adapterTypeName="executor://mstestadapter/v2" className="VideoOS.Event.Server.Map.Data.UnitTest.VisualElementStorageFactoryTest" name="TestCopyObject" />
    </UnitTest>
    <UnitTest name="TestConstructor" storage="d:\actions-runner\_work\xpco\xpco\eventserver\server\components\central\server\unittest\bin\x64\debug\videoos.event.server.unittest.dll" id="f0759f59-0dc4-5893-7a39-d74e8b8ab5a4">
      <Execution id="4f093e6c-5f6e-4b5e-a37e-3c2fefbb4c5f" />
      <TestMethod codeBase="D:\actions-runner\_work\XPCO\XPCO\EventServer\Server\Components\Central\Server\unittest\bin\x64\Debug\VideoOS.Event.Server.UnitTest.dll" adapterTypeName="executor://mstestadapter/v2" className="VideoOS.Event.Server.Map.Access.UnitTest.DefaultAccessControlTest" name="TestConstructor" />
    </UnitTest>
    <UnitTest name="LprRetention_ShouldBe90Days_ByDefault" storage="d:\actions-runner\_work\xpco\xpco\eventserver\server\components\central\server\unittest\bin\x64\debug\videoos.event.server.unittest.dll" id="1cdd5ba2-fc39-af9d-9e41-6be70a2f35b2">
      <Execution id="aac76ea9-7aab-4fd1-87fc-8ea1a7359067" />
      <TestMethod codeBase="D:\actions-runner\_work\XPCO\XPCO\EventServer\Server\Components\Central\Server\unittest\bin\x64\Debug\VideoOS.Event.Server.UnitTest.dll" adapterTypeName="executor://mstestadapter/v2" className="VideoOS.Event.Server.UnitTest.Config.EventRetentionConfigTests" name="LprRetention_ShouldBe90Days_ByDefault" />
    </UnitTest>
    <UnitTest name="TestOneACSystemPLEnabled" storage="d:\actions-runner\_work\xpco\xpco\eventserver\server\components\central\server\unittest\bin\x64\debug\videoos.event.server.unittest.dll" id="d929a040-1aba-5669-e118-7d4e17a2b862">
      <TestCategory>
        <TestCategoryItem TestCategory="AccessControlUserIdTransformer" />
      </TestCategory>
      <Execution id="a7e7054a-3e0a-40f3-821f-ea7b6ca8e4ad" />
      <TestMethod codeBase="D:\actions-runner\_work\XPCO\XPCO\EventServer\Server\Components\Central\Server\unittest\bin\x64\Debug\VideoOS.Event.Server.UnitTest.dll" adapterTypeName="executor://mstestadapter/v2" className="VideoOS.Event.Server.UnitTest.Session.AccessControlUserIdTransformerTest" name="TestOneACSystemPLEnabled" />
    </UnitTest>
    <UnitTest name="TestGetIconDataThrowingUnhandledException" storage="d:\actions-runner\_work\xpco\xpco\eventserver\server\components\central\server\unittest\bin\x64\debug\videoos.event.server.unittest.dll" id="b2206278-bd3d-1c8b-0142-78ef5805880b">
      <TestCategory>
        <TestCategoryItem TestCategory="WebService/Map" />
      </TestCategory>
      <Execution id="77820f36-c694-4dee-a44a-d97ee600ecbb" />
      <TestMethod codeBase="D:\actions-runner\_work\XPCO\XPCO\EventServer\Server\Components\Central\Server\unittest\bin\x64\Debug\VideoOS.Event.Server.UnitTest.dll" adapterTypeName="executor://mstestadapter/v2" className="VideoOS.Event.Server.WebService.Map.UnitTest.MapCommandCredentialsTest" name="TestGetIconDataThrowingUnhandledException" />
    </UnitTest>
    <UnitTest name="TestItemAddedWithAnAllreadyExistingItemWithSameID" storage="d:\actions-runner\_work\xpco\xpco\eventserver\server\components\central\server\unittest\bin\x64\debug\videoos.event.server.unittest.dll" id="239f97ad-944d-968b-1719-9af125fd5862">
      <Execution id="ff55b47c-eaab-422d-a4f0-270ba02cfe04" />
      <TestMethod codeBase="D:\actions-runner\_work\XPCO\XPCO\EventServer\Server\Components\Central\Server\unittest\bin\x64\Debug\VideoOS.Event.Server.UnitTest.dll" adapterTypeName="executor://mstestadapter/v2" className="VideoOS.Event.Server.MIP.PlugIn.UnitTest.MapPlugInTypeEventHandlerTest" name="TestItemAddedWithAnAllreadyExistingItemWithSameID" />
    </UnitTest>
    <UnitTest name="TestSetConfigHostAddingNew" storage="d:\actions-runner\_work\xpco\xpco\eventserver\server\components\central\server\unittest\bin\x64\debug\videoos.event.server.unittest.dll" id="ca2a562d-641e-8e00-fa18-6369fac1395a">
      <Execution id="83bc1523-098a-4b04-8396-243a7cd22de3" />
      <TestMethod codeBase="D:\actions-runner\_work\XPCO\XPCO\EventServer\Server\Components\Central\Server\unittest\bin\x64\Debug\VideoOS.Event.Server.UnitTest.dll" adapterTypeName="executor://mstestadapter/v2" className="VideoOS.Event.Server.Communication.UnitTest.ServerConfigManagerTest" name="TestSetConfigHostAddingNew" />
    </UnitTest>
    <UnitTest name="TestConstructorWithVisualElementStorageDatabaseAndFactoryObjects" storage="d:\actions-runner\_work\xpco\xpco\eventserver\server\components\central\server\unittest\bin\x64\debug\videoos.event.server.unittest.dll" id="11ece51f-37eb-f926-cb36-a375b3572505">
      <Execution id="836ca867-eb98-4e2f-a96c-29d46048e913" />
      <TestMethod codeBase="D:\actions-runner\_work\XPCO\XPCO\EventServer\Server\Components\Central\Server\unittest\bin\x64\Debug\VideoOS.Event.Server.UnitTest.dll" adapterTypeName="executor://mstestadapter/v2" className="VideoOS.Event.Server.Map.Data.UnitTest.VisualElementStorageTest" name="TestConstructorWithVisualElementStorageDatabaseAndFactoryObjects" />
    </UnitTest>
    <UnitTest name="TestAdd" storage="d:\actions-runner\_work\xpco\xpco\eventserver\server\components\central\server\unittest\bin\x64\debug\videoos.event.server.unittest.dll" id="259a4717-3e9b-83f2-ff12-abf76f9e34aa">
      <Execution id="a5505dd6-9d40-4b0a-a4c8-e210ee03f654" />
      <TestMethod codeBase="D:\actions-runner\_work\XPCO\XPCO\EventServer\Server\Components\Central\Server\unittest\bin\x64\Debug\VideoOS.Event.Server.UnitTest.dll" adapterTypeName="executor://mstestadapter/v2" className="VideoOS.Analytics.Events.UnitTest.Server.DeviceManager.TestDeviceManagerXPCO" name="TestAdd" />
    </UnitTest>
    <UnitTest name="Setup_VmsTokenProvider_TempSecretExistsIsTrue_SecretExists_IsTrue_NoErrorsAreThrownAsync" storage="d:\actions-runner\_work\xpco\xpco\eventserver\server\components\central\server\unittest\bin\x64\debug\videoos.event.server.unittest.dll" id="f1786565-9098-421f-7c75-e67b4e0cb548">
      <Execution id="41251663-63f6-4df0-a2c8-cadf35a6c93c" />
      <TestMethod codeBase="D:\actions-runner\_work\XPCO\XPCO\EventServer\Server\Components\Central\Server\unittest\bin\x64\Debug\VideoOS.Event.Server.UnitTest.dll" adapterTypeName="executor://mstestadapter/v2" className="VideoOS.Event.Server.UnitTest.Utils.VmsTokenProvider.VmsTokenProviderTests" name="Setup_VmsTokenProvider_TempSecretExistsIsTrue_SecretExists_IsTrue_NoErrorsAreThrownAsync" />
    </UnitTest>
    <UnitTest name="TestCreateObjectWithInvalidUser" storage="d:\actions-runner\_work\xpco\xpco\eventserver\server\components\central\server\unittest\bin\x64\debug\videoos.event.server.unittest.dll" id="27cabf1d-308f-181d-d31e-b76ccd9ffbd5">
      <TestCategory>
        <TestCategoryItem TestCategory="WebService/Map" />
      </TestCategory>
      <Execution id="f3b85b2e-643b-438c-83a4-d3a176a58b71" />
      <TestMethod codeBase="D:\actions-runner\_work\XPCO\XPCO\EventServer\Server\Components\Central\Server\unittest\bin\x64\Debug\VideoOS.Event.Server.UnitTest.dll" adapterTypeName="executor://mstestadapter/v2" className="VideoOS.Event.Server.WebService.Map.UnitTest.MapCommandToken2Test" name="TestCreateObjectWithInvalidUser" />
    </UnitTest>
    <UnitTest name="LookupGroupId_ShouldReturnSystemEventGroup_WhenEventIsInputActivated_AndServerTypeIsXPServer" storage="d:\actions-runner\_work\xpco\xpco\eventserver\server\components\central\server\unittest\bin\x64\debug\videoos.event.server.unittest.dll" id="0d08f94e-274d-7901-ebb9-231638e49d24">
      <Execution id="9eb6cba7-efad-416f-912e-d4fc618fe7fa" />
      <TestMethod codeBase="D:\actions-runner\_work\XPCO\XPCO\EventServer\Server\Components\Central\Server\unittest\bin\x64\Debug\VideoOS.Event.Server.UnitTest.dll" adapterTypeName="executor://mstestadapter/v2" className="VideoOS.Event.Server.UnitTest.Alarm.ConfigFilterManagerTests" name="LookupGroupId_ShouldReturnSystemEventGroup_WhenEventIsInputActivated_AndServerTypeIsXPServer" />
    </UnitTest>
    <UnitTest name="TestCacheCleanupMultipleSessionsSingleUserIdNoTouch" storage="d:\actions-runner\_work\xpco\xpco\eventserver\server\components\central\server\unittest\bin\x64\debug\videoos.event.server.unittest.dll" id="cf3bd580-d58c-86fe-c0e2-03110ea272b8">
      <TestCategory>
        <TestCategoryItem TestCategory="SessionCache" />
      </TestCategory>
      <Execution id="ab53eba8-0401-421d-97b0-bc87b7bbbe10" />
      <TestMethod codeBase="D:\actions-runner\_work\XPCO\XPCO\EventServer\Server\Components\Central\Server\unittest\bin\x64\Debug\VideoOS.Event.Server.UnitTest.dll" adapterTypeName="executor://mstestadapter/v2" className="VideoOS.Event.Server.UnitTest.Session.SessionCacheCleanupTest" name="TestCacheCleanupMultipleSessionsSingleUserIdNoTouch" />
    </UnitTest>
    <UnitTest name="TestNonExistingRelationElement" storage="d:\actions-runner\_work\xpco\xpco\eventserver\server\components\central\server\unittest\bin\x64\debug\videoos.event.server.unittest.dll" id="482f2162-f630-84b1-16ff-f7d9e0c47833">
      <Execution id="f9ad9f55-521c-4651-9917-aee5c4fa66ba" />
      <TestMethod codeBase="D:\actions-runner\_work\XPCO\XPCO\EventServer\Server\Components\Central\Server\unittest\bin\x64\Debug\VideoOS.Event.Server.UnitTest.dll" adapterTypeName="executor://mstestadapter/v2" className="VideoOS.Event.Server.Map.UnitTest.VisualElementManagerTest" name="TestNonExistingRelationElement" />
    </UnitTest>
    <UnitTest name="TestRuleSystemCommandPipeConfigurationChange" storage="d:\actions-runner\_work\xpco\xpco\eventserver\server\components\central\server\unittest\bin\x64\debug\videoos.event.server.unittest.dll" id="b3c67cb0-c8db-1bac-2c9f-4a5d9119eaa7">
      <Execution id="4af08ae0-4dbc-483e-b6cd-87f98d3a963d" />
      <TestMethod codeBase="D:\actions-runner\_work\XPCO\XPCO\EventServer\Server\Components\Central\Server\unittest\bin\x64\Debug\VideoOS.Event.Server.UnitTest.dll" adapterTypeName="executor://mstestadapter/v2" className="VideoOS.Event.Server.UnitTest.XPCORuleSystem.RuleSystemCommandPipeTest" name="TestRuleSystemCommandPipeConfigurationChange" />
    </UnitTest>
    <UnitTest name="TestUpdateBoundsWithInvalidUser" storage="d:\actions-runner\_work\xpco\xpco\eventserver\server\components\central\server\unittest\bin\x64\debug\videoos.event.server.unittest.dll" id="575da95f-2230-1828-6b68-055396a6ceb9">
      <TestCategory>
        <TestCategoryItem TestCategory="WebService/Map" />
      </TestCategory>
      <Execution id="606dfc4f-f40d-4257-86be-47330aaaad9e" />
      <TestMethod codeBase="D:\actions-runner\_work\XPCO\XPCO\EventServer\Server\Components\Central\Server\unittest\bin\x64\Debug\VideoOS.Event.Server.UnitTest.dll" adapterTypeName="executor://mstestadapter/v2" className="VideoOS.Event.Server.WebService.Map.UnitTest.MapCommandTokenTest" name="TestUpdateBoundsWithInvalidUser" />
    </UnitTest>
    <UnitTest name="TestGetIconDataWithInvalidUser" storage="d:\actions-runner\_work\xpco\xpco\eventserver\server\components\central\server\unittest\bin\x64\debug\videoos.event.server.unittest.dll" id="cbdeb48c-9946-2f9b-d5ad-e5852245e50b">
      <TestCategory>
        <TestCategoryItem TestCategory="WebService/Map" />
      </TestCategory>
      <Execution id="a93b8705-98c9-4e31-9065-450cf7c6be62" />
      <TestMethod codeBase="D:\actions-runner\_work\XPCO\XPCO\EventServer\Server\Components\Central\Server\unittest\bin\x64\Debug\VideoOS.Event.Server.UnitTest.dll" adapterTypeName="executor://mstestadapter/v2" className="VideoOS.Event.Server.WebService.Map.UnitTest.MapCommandToken2Test" name="TestGetIconDataWithInvalidUser" />
    </UnitTest>
    <UnitTest name="TestRuleSystemCommandPipeConstruction" storage="d:\actions-runner\_work\xpco\xpco\eventserver\server\components\central\server\unittest\bin\x64\debug\videoos.event.server.unittest.dll" id="a233b0bf-7475-22b1-ba32-efabf55ac76e">
      <Execution id="58b0c8b4-71e1-4fc7-851e-f467a90446f0" />
      <TestMethod codeBase="D:\actions-runner\_work\XPCO\XPCO\EventServer\Server\Components\Central\Server\unittest\bin\x64\Debug\VideoOS.Event.Server.UnitTest.dll" adapterTypeName="executor://mstestadapter/v2" className="VideoOS.Event.Server.UnitTest.XPCORuleSystem.RuleSystemCommandPipeTest" name="TestRuleSystemCommandPipeConstruction" />
    </UnitTest>
    <UnitTest name="TestInProgressAlarms" storage="d:\actions-runner\_work\xpco\xpco\eventserver\server\components\central\server\unittest\bin\x64\debug\videoos.event.server.unittest.dll" id="c7a03a47-4936-1227-da9c-7540f240feb6">
      <Execution id="9aa21771-e1ee-4177-a9f1-f4338c96157c" />
      <TestMethod codeBase="D:\actions-runner\_work\XPCO\XPCO\EventServer\Server\Components\Central\Server\unittest\bin\x64\Debug\VideoOS.Event.Server.UnitTest.dll" adapterTypeName="executor://mstestadapter/v2" className="VideoOS.Event.Server.Map.Data.UnitTest.VisualElementStatusTest" name="TestInProgressAlarms" />
    </UnitTest>
    <UnitTest name="TestInsertElementsWithSameRelationIdAsExistingElement" storage="d:\actions-runner\_work\xpco\xpco\eventserver\server\components\central\server\unittest\bin\x64\debug\videoos.event.server.unittest.dll" id="47d6cddf-c885-e67b-0599-3e5be2206dbc">
      <Execution id="8976af10-937e-4643-9742-aa2267887ab3" />
      <TestMethod codeBase="D:\actions-runner\_work\XPCO\XPCO\EventServer\Server\Components\Central\Server\unittest\bin\x64\Debug\VideoOS.Event.Server.UnitTest.dll" adapterTypeName="executor://mstestadapter/v2" className="VideoOS.Event.Server.Map.UnitTest.VisualElementManagerTest" name="TestInsertElementsWithSameRelationIdAsExistingElement" />
    </UnitTest>
    <UnitTest name="TestGetTypeChangedWithNegativeTimeout" storage="d:\actions-runner\_work\xpco\xpco\eventserver\server\components\central\server\unittest\bin\x64\debug\videoos.event.server.unittest.dll" id="cdc99126-a89a-18ac-a220-6afcaf5ed324">
      <TestCategory>
        <TestCategoryItem TestCategory="WebService/Map" />
      </TestCategory>
      <Execution id="c0616bdb-c9e5-40c5-a2db-78b1d6e2bfa0" />
      <TestMethod codeBase="D:\actions-runner\_work\XPCO\XPCO\EventServer\Server\Components\Central\Server\unittest\bin\x64\Debug\VideoOS.Event.Server.UnitTest.dll" adapterTypeName="executor://mstestadapter/v2" className="VideoOS.Event.Server.WebService.Map.UnitTest.MapCommandCredentialsTest" name="TestGetTypeChangedWithNegativeTimeout" />
    </UnitTest>
    <UnitTest name="TestCreateObjectWithServerIDInID" storage="d:\actions-runner\_work\xpco\xpco\eventserver\server\components\central\server\unittest\bin\x64\debug\videoos.event.server.unittest.dll" id="2d49bdd7-3559-92cb-5127-2fb8d1c44b38">
      <TestCategory>
        <TestCategoryItem TestCategory="WebService/Map" />
      </TestCategory>
      <Execution id="ab589aea-d339-4bd0-9051-eda2e12f8ac1" />
      <TestMethod codeBase="D:\actions-runner\_work\XPCO\XPCO\EventServer\Server\Components\Central\Server\unittest\bin\x64\Debug\VideoOS.Event.Server.UnitTest.dll" adapterTypeName="executor://mstestadapter/v2" className="VideoOS.Event.Server.WebService.Map.UnitTest.MapCommandTokenTest" name="TestCreateObjectWithServerIDInID" />
    </UnitTest>
    <UnitTest name="ReadIdentity_ShouldReturnNull_WhenUserWithGivenNameDoesNotExists" storage="d:\actions-runner\_work\xpco\xpco\eventserver\server\components\central\server\unittest\bin\x64\debug\videoos.event.server.unittest.dll" id="c71b0e85-85e9-47a8-4df9-beaf3c66d61a">
      <Execution id="3d9162a4-0432-4bc8-8141-d96d67acc5f1" />
      <TestMethod codeBase="D:\actions-runner\_work\XPCO\XPCO\EventServer\Server\Components\Central\Server\unittest\bin\x64\Debug\VideoOS.Event.Server.UnitTest.dll" adapterTypeName="executor://mstestadapter/v2" className="VideoOS.Event.Server.Security.UnitTest.SecurityCommunicationDBTest" name="ReadIdentity_ShouldReturnNull_WhenUserWithGivenNameDoesNotExists" />
    </UnitTest>
    <UnitTest name="UpdateBounds_WithValidParameters" storage="d:\actions-runner\_work\xpco\xpco\eventserver\server\components\central\server\unittest\bin\x64\debug\videoos.event.server.unittest.dll" id="6275dece-a0c2-3768-4637-0ccb8b0992f0">
      <TestCategory>
        <TestCategoryItem TestCategory="WebService/Map" />
      </TestCategory>
      <Execution id="7ed4d9bc-d3bb-407c-a876-a530512c1886" />
      <TestMethod codeBase="D:\actions-runner\_work\XPCO\XPCO\EventServer\Server\Components\Central\Server\unittest\bin\x64\Debug\VideoOS.Event.Server.UnitTest.dll" adapterTypeName="executor://mstestadapter/v2" className="VideoOS.Event.Server.WebService.Map.UnitTest.MapCommandTokenTest" name="UpdateBounds_WithValidParameters" />
    </UnitTest>
    <UnitTest name="CreateObject_WithValidParameters" storage="d:\actions-runner\_work\xpco\xpco\eventserver\server\components\central\server\unittest\bin\x64\debug\videoos.event.server.unittest.dll" id="e3331d1b-8c7d-231c-6751-d2ce129ced81">
      <TestCategory>
        <TestCategoryItem TestCategory="WebService/Map" />
      </TestCategory>
      <Execution id="f2fca000-b508-4f42-babc-b036816c7b2a" />
      <TestMethod codeBase="D:\actions-runner\_work\XPCO\XPCO\EventServer\Server\Components\Central\Server\unittest\bin\x64\Debug\VideoOS.Event.Server.UnitTest.dll" adapterTypeName="executor://mstestadapter/v2" className="VideoOS.Event.Server.WebService.Map.UnitTest.MapCommandToken2Test" name="CreateObject_WithValidParameters" />
    </UnitTest>
    <UnitTest name="TestGetHostId" storage="d:\actions-runner\_work\xpco\xpco\eventserver\server\components\central\server\unittest\bin\x64\debug\videoos.event.server.unittest.dll" id="396d4ce9-42e4-63bb-9820-e13af62804a6">
      <Execution id="76c20d57-7cd5-458a-a2a4-92dc4f55f7ed" />
      <TestMethod codeBase="D:\actions-runner\_work\XPCO\XPCO\EventServer\Server\Components\Central\Server\unittest\bin\x64\Debug\VideoOS.Event.Server.UnitTest.dll" adapterTypeName="executor://mstestadapter/v2" className="VideoOS.Analytics.Events.UnitTest.Server.DeviceManager.TestHostResolver" name="TestGetHostId" />
    </UnitTest>
    <UnitTest name="TestSetConfigHostChanged" storage="d:\actions-runner\_work\xpco\xpco\eventserver\server\components\central\server\unittest\bin\x64\debug\videoos.event.server.unittest.dll" id="0ae9e340-245f-799a-bba4-bfae0a55b1bd">
      <Execution id="b936b7a3-d13c-41de-a9b7-69b58002c774" />
      <TestMethod codeBase="D:\actions-runner\_work\XPCO\XPCO\EventServer\Server\Components\Central\Server\unittest\bin\x64\Debug\VideoOS.Event.Server.UnitTest.dll" adapterTypeName="executor://mstestadapter/v2" className="VideoOS.Event.Server.Communication.UnitTest.ServerConfigManagerTest" name="TestSetConfigHostChanged" />
    </UnitTest>
    <UnitTest name="TestGetVisualElementChangesWithNewerDeletedTimestamp" storage="d:\actions-runner\_work\xpco\xpco\eventserver\server\components\central\server\unittest\bin\x64\debug\videoos.event.server.unittest.dll" id="bbed0de9-19bc-ba49-ea76-993a5f8a0766">
      <Execution id="06b26907-4260-466d-82ae-e0c9ec250652" />
      <TestMethod codeBase="D:\actions-runner\_work\XPCO\XPCO\EventServer\Server\Components\Central\Server\unittest\bin\x64\Debug\VideoOS.Event.Server.UnitTest.dll" adapterTypeName="executor://mstestadapter/v2" className="VideoOS.Event.Server.Map.UnitTest.VisualElementManagerTest" name="TestGetVisualElementChangesWithNewerDeletedTimestamp" />
    </UnitTest>
    <UnitTest name="TestCreateObjectsThrowingUnhandledException" storage="d:\actions-runner\_work\xpco\xpco\eventserver\server\components\central\server\unittest\bin\x64\debug\videoos.event.server.unittest.dll" id="c31cef10-8516-b9e7-a04d-69b760ded6f6">
      <TestCategory>
        <TestCategoryItem TestCategory="WebService/Map" />
      </TestCategory>
      <Execution id="5eca7382-3b5c-4421-a748-524fe560f21f" />
      <TestMethod codeBase="D:\actions-runner\_work\XPCO\XPCO\EventServer\Server\Components\Central\Server\unittest\bin\x64\Debug\VideoOS.Event.Server.UnitTest.dll" adapterTypeName="executor://mstestadapter/v2" className="VideoOS.Event.Server.WebService.Map.UnitTest.MapCommandToken2Test" name="TestCreateObjectsThrowingUnhandledException" />
    </UnitTest>
    <UnitTest name="SetAllEventRetentions_ShouldAuditLog_WhenEventTypeRetentionIsChanged" storage="d:\actions-runner\_work\xpco\xpco\eventserver\server\components\central\server\unittest\bin\x64\debug\videoos.event.server.unittest.dll" id="66ea99b5-4e3c-39a3-2be7-0a12fbeb60c9">
      <Execution id="382de9d7-adbd-42d4-b6d2-2f647c3a6686" />
      <TestMethod codeBase="D:\actions-runner\_work\XPCO\XPCO\EventServer\Server\Components\Central\Server\unittest\bin\x64\Debug\VideoOS.Event.Server.UnitTest.dll" adapterTypeName="executor://mstestadapter/v2" className="VideoOS.Event.Server.UnitTest.Config.EventRetentionConfigTests" name="SetAllEventRetentions_ShouldAuditLog_WhenEventTypeRetentionIsChanged" />
    </UnitTest>
    <UnitTest name="TestLoadXMLWithCorrectValues" storage="d:\actions-runner\_work\xpco\xpco\eventserver\server\components\central\server\unittest\bin\x64\debug\videoos.event.server.unittest.dll" id="b56fc5e0-ca7d-23ae-8b09-7929cd0345db">
      <Execution id="b3b5d1a2-0c14-483e-b2d8-2a09bfb8b6bf" />
      <TestMethod codeBase="D:\actions-runner\_work\XPCO\XPCO\EventServer\Server\Components\Central\Server\unittest\bin\x64\Debug\VideoOS.Event.Server.UnitTest.dll" adapterTypeName="executor://mstestadapter/v2" className="VideoOS.Event.Server.Map.Data.UnitTest.VisualElementStorageTest" name="TestLoadXMLWithCorrectValues" />
    </UnitTest>
    <UnitTest name="GetPlugInItemChanges_WithZeroTimeout" storage="d:\actions-runner\_work\xpco\xpco\eventserver\server\components\central\server\unittest\bin\x64\debug\videoos.event.server.unittest.dll" id="620e6004-2687-d40d-56fa-33016c3a2edf">
      <TestCategory>
        <TestCategoryItem TestCategory="WebService/Map" />
      </TestCategory>
      <Execution id="663a4a41-3e00-450c-9ac7-dcd897c234d3" />
      <TestMethod codeBase="D:\actions-runner\_work\XPCO\XPCO\EventServer\Server\Components\Central\Server\unittest\bin\x64\Debug\VideoOS.Event.Server.UnitTest.dll" adapterTypeName="executor://mstestadapter/v2" className="VideoOS.Event.Server.WebService.Map.UnitTest.MapCommandToken2Test" name="GetPlugInItemChanges_WithZeroTimeout" />
    </UnitTest>
    <UnitTest name="TestLoadXMLWithCorrectValues" storage="d:\actions-runner\_work\xpco\xpco\eventserver\server\components\central\server\unittest\bin\x64\debug\videoos.event.server.unittest.dll" id="cfb35121-9e90-19ab-8b56-e907e592381e">
      <Execution id="4f7aae87-f8fd-49f5-8089-32c756aaf9c3" />
      <TestMethod codeBase="D:\actions-runner\_work\XPCO\XPCO\EventServer\Server\Components\Central\Server\unittest\bin\x64\Debug\VideoOS.Event.Server.UnitTest.dll" adapterTypeName="executor://mstestadapter/v2" className="VideoOS.Event.Server.Map.Data.UnitTest.BoundsStorageTest" name="TestLoadXMLWithCorrectValues" />
    </UnitTest>
    <UnitTest name="TestGetAllElementsOfTypeIncludeRootOnSingleTreeWithAccessDenied" storage="d:\actions-runner\_work\xpco\xpco\eventserver\server\components\central\server\unittest\bin\x64\debug\videoos.event.server.unittest.dll" id="636d32e8-b7d3-00d6-fb1c-4e5351abe4cb">
      <Execution id="66c48338-d36f-4089-92a6-729b68537a2e" />
      <TestMethod codeBase="D:\actions-runner\_work\XPCO\XPCO\EventServer\Server\Components\Central\Server\unittest\bin\x64\Debug\VideoOS.Event.Server.UnitTest.dll" adapterTypeName="executor://mstestadapter/v2" className="VideoOS.Event.Server.Map.UnitTest.VisualElementManagerTest" name="TestGetAllElementsOfTypeIncludeRootOnSingleTreeWithAccessDenied" />
    </UnitTest>
    <UnitTest name="TestGetObjectWithValidParameters" storage="d:\actions-runner\_work\xpco\xpco\eventserver\server\components\central\server\unittest\bin\x64\debug\videoos.event.server.unittest.dll" id="fa339202-5b42-e67b-f97a-d6db06b2d3f0">
      <TestCategory>
        <TestCategoryItem TestCategory="WebService/Map" />
      </TestCategory>
      <Execution id="4ed852d7-5b88-47db-a15d-92a69fcf4d54" />
      <TestMethod codeBase="D:\actions-runner\_work\XPCO\XPCO\EventServer\Server\Components\Central\Server\unittest\bin\x64\Debug\VideoOS.Event.Server.UnitTest.dll" adapterTypeName="executor://mstestadapter/v2" className="VideoOS.Event.Server.WebService.Map.UnitTest.MapCommandCredentialsTest" name="TestGetObjectWithValidParameters" />
    </UnitTest>
    <UnitTest name="TestNameWithNull" storage="d:\actions-runner\_work\xpco\xpco\eventserver\server\components\central\server\unittest\bin\x64\debug\videoos.event.server.unittest.dll" id="aaafca5d-f4ef-4e22-3afb-bb9480d7c916">
      <Execution id="b7e8e8a6-2c8a-4e50-b654-0f6323a15d5d" />
      <TestMethod codeBase="D:\actions-runner\_work\XPCO\XPCO\EventServer\Server\Components\Central\Server\unittest\bin\x64\Debug\VideoOS.Event.Server.UnitTest.dll" adapterTypeName="executor://mstestadapter/v2" className="VideoOS.Event.Server.MIP.PlugIn.UnitTest.MapPlugInEventHandlerTest" name="TestNameWithNull" />
    </UnitTest>
    <UnitTest name="TestGetAllObjectsOfTypeThrowingUnhandledException" storage="d:\actions-runner\_work\xpco\xpco\eventserver\server\components\central\server\unittest\bin\x64\debug\videoos.event.server.unittest.dll" id="9dbb768e-bcac-b81e-8f84-5226fb578808">
      <TestCategory>
        <TestCategoryItem TestCategory="WebService/Map" />
      </TestCategory>
      <Execution id="a6470230-2362-4205-876b-a902e61c5647" />
      <TestMethod codeBase="D:\actions-runner\_work\XPCO\XPCO\EventServer\Server\Components\Central\Server\unittest\bin\x64\Debug\VideoOS.Event.Server.UnitTest.dll" adapterTypeName="executor://mstestadapter/v2" className="VideoOS.Event.Server.WebService.Map.UnitTest.MapCommandToken2Test" name="TestGetAllObjectsOfTypeThrowingUnhandledException" />
    </UnitTest>
    <UnitTest name="TestLoadAndInitDoubleACSystemConfiguration" storage="d:\actions-runner\_work\xpco\xpco\eventserver\server\components\central\server\unittest\bin\x64\debug\videoos.event.server.unittest.dll" id="f586d6aa-a26b-bf86-8db9-f89dc4137d1c">
      <Execution id="bd449b30-1828-4ffb-a1e4-23b55b6ade20" />
      <TestMethod codeBase="D:\actions-runner\_work\XPCO\XPCO\EventServer\Server\Components\Central\Server\unittest\bin\x64\Debug\VideoOS.Event.Server.UnitTest.dll" adapterTypeName="executor://mstestadapter/v2" className="VideoOS.Event.Server.UnitTest.AccessControl.AccessControlManagerTest" name="TestLoadAndInitDoubleACSystemConfiguration" />
    </UnitTest>
    <UnitTest name="TestConstructor" storage="d:\actions-runner\_work\xpco\xpco\eventserver\server\components\central\server\unittest\bin\x64\debug\videoos.event.server.unittest.dll" id="d8e0dc59-890c-1772-2405-bbda13b7b2e5">
      <Execution id="6536acaf-bddf-4223-b46e-750fa3bda128" />
      <TestMethod codeBase="D:\actions-runner\_work\XPCO\XPCO\EventServer\Server\Components\Central\Server\unittest\bin\x64\Debug\VideoOS.Event.Server.UnitTest.dll" adapterTypeName="executor://mstestadapter/v2" className="VideoOS.Event.Server.Communication.UnitTest.ServerRegisteredServicesTest" name="TestConstructor" />
    </UnitTest>
    <UnitTest name="TestSeveralConfigHostRemoved" storage="d:\actions-runner\_work\xpco\xpco\eventserver\server\components\central\server\unittest\bin\x64\debug\videoos.event.server.unittest.dll" id="deae603b-fab4-81c4-e8cc-7dc863200d1e">
      <TestCategory>
        <TestCategoryItem TestCategory="PermissionManagerFetcher" />
      </TestCategory>
      <Execution id="d5386d4c-a543-427f-9ee6-45c246b6e97a" />
      <TestMethod codeBase="D:\actions-runner\_work\XPCO\XPCO\EventServer\Server\Components\Central\Server\unittest\bin\x64\Debug\VideoOS.Event.Server.UnitTest.dll" adapterTypeName="executor://mstestadapter/v2" className="VideoOS.Event.Server.UnitTest.Security.PermissionFetcherTest" name="TestSeveralConfigHostRemoved" />
    </UnitTest>
    <UnitTest name="TryGetEventTypeRetention_ShouldReturnFalse_WhenEventTypeDoesntExist" storage="d:\actions-runner\_work\xpco\xpco\eventserver\server\components\central\server\unittest\bin\x64\debug\videoos.event.server.unittest.dll" id="757080b6-4e33-d5c9-6ffc-a22559518e7a">
      <Execution id="9e723d4f-550c-4202-9a0f-2c5763da85c7" />
      <TestMethod codeBase="D:\actions-runner\_work\XPCO\XPCO\EventServer\Server\Components\Central\Server\unittest\bin\x64\Debug\VideoOS.Event.Server.UnitTest.dll" adapterTypeName="executor://mstestadapter/v2" className="VideoOS.Event.Server.UnitTest.Config.EventRetentionConfigTests" name="TryGetEventTypeRetention_ShouldReturnFalse_WhenEventTypeDoesntExist" />
    </UnitTest>
    <UnitTest name="TestRemoveElementAndChildElementsWithTwoHotzonesToSameMap" storage="d:\actions-runner\_work\xpco\xpco\eventserver\server\components\central\server\unittest\bin\x64\debug\videoos.event.server.unittest.dll" id="4410ae7f-43aa-eb44-1b4e-81bba6a15a39">
      <Execution id="45b658d2-d18d-4c7b-b520-c8f7bea9fd84" />
      <TestMethod codeBase="D:\actions-runner\_work\XPCO\XPCO\EventServer\Server\Components\Central\Server\unittest\bin\x64\Debug\VideoOS.Event.Server.UnitTest.dll" adapterTypeName="executor://mstestadapter/v2" className="VideoOS.Event.Server.Map.UnitTest.VisualElementManagerTest" name="TestRemoveElementAndChildElementsWithTwoHotzonesToSameMap" />
    </UnitTest>
    <UnitTest name="ActivatePlugInAction_WithValidParameters" storage="d:\actions-runner\_work\xpco\xpco\eventserver\server\components\central\server\unittest\bin\x64\debug\videoos.event.server.unittest.dll" id="8dce2ebc-b84c-4e62-a5a6-b13a1fdb4d31">
      <TestCategory>
        <TestCategoryItem TestCategory="WebService/Map" />
      </TestCategory>
      <Execution id="0af4b02f-537e-414f-a357-aaabe767ef75" />
      <TestMethod codeBase="D:\actions-runner\_work\XPCO\XPCO\EventServer\Server\Components\Central\Server\unittest\bin\x64\Debug\VideoOS.Event.Server.UnitTest.dll" adapterTypeName="executor://mstestadapter/v2" className="VideoOS.Event.Server.WebService.Map.UnitTest.MapCommandToken2Test" name="ActivatePlugInAction_WithValidParameters" />
    </UnitTest>
    <UnitTest name="TestGetItemStatusDetails" storage="d:\actions-runner\_work\xpco\xpco\eventserver\server\components\central\server\unittest\bin\x64\debug\videoos.event.server.unittest.dll" id="481403c4-1fb6-c6a5-a156-1f4ba1ff1ed0">
      <TestCategory>
        <TestCategoryItem TestCategory="MapPlugInManagerTest" />
      </TestCategory>
      <Execution id="20e90027-e4c6-4c6a-b2f3-ba6f5d80d394" />
      <TestMethod codeBase="D:\actions-runner\_work\XPCO\XPCO\EventServer\Server\Components\Central\Server\unittest\bin\x64\Debug\VideoOS.Event.Server.UnitTest.dll" adapterTypeName="executor://mstestadapter/v2" className="VideoOS.Event.Server.MIP.PlugIn.UnitTest.MapPlugInManagerTest" name="TestGetItemStatusDetails" />
    </UnitTest>
    <UnitTest name="TestUpdateElementBoundsWithAMarkedForDeletionElement" storage="d:\actions-runner\_work\xpco\xpco\eventserver\server\components\central\server\unittest\bin\x64\debug\videoos.event.server.unittest.dll" id="c8928bd0-50a2-9d4e-412a-4945259d8ebb">
      <Execution id="19c16892-ef59-47bc-bff4-553ad92979b0" />
      <TestMethod codeBase="D:\actions-runner\_work\XPCO\XPCO\EventServer\Server\Components\Central\Server\unittest\bin\x64\Debug\VideoOS.Event.Server.UnitTest.dll" adapterTypeName="executor://mstestadapter/v2" className="VideoOS.Event.Server.Map.UnitTest.VisualElementManagerTest" name="TestUpdateElementBoundsWithAMarkedForDeletionElement" />
    </UnitTest>
    <UnitTest name="TestGetAllElementsOfTypeWithRelationOnDifferentServers" storage="d:\actions-runner\_work\xpco\xpco\eventserver\server\components\central\server\unittest\bin\x64\debug\videoos.event.server.unittest.dll" id="6ed6cc4f-0b69-d300-8374-f11ffe57b6be">
      <Execution id="bb009007-7b44-4306-87b3-3e41ae75ff51" />
      <TestMethod codeBase="D:\actions-runner\_work\XPCO\XPCO\EventServer\Server\Components\Central\Server\unittest\bin\x64\Debug\VideoOS.Event.Server.UnitTest.dll" adapterTypeName="executor://mstestadapter/v2" className="VideoOS.Event.Server.Map.UnitTest.VisualElementManagerTest" name="TestGetAllElementsOfTypeWithRelationOnDifferentServers" />
    </UnitTest>
    <UnitTest name="TestGetVisualElementChangesWithInvalidId" storage="d:\actions-runner\_work\xpco\xpco\eventserver\server\components\central\server\unittest\bin\x64\debug\videoos.event.server.unittest.dll" id="e2f48753-f22e-c0ac-7e89-4c2869a12297">
      <Execution id="01d15f0f-094c-4a99-ba22-1f1738f7f28f" />
      <TestMethod codeBase="D:\actions-runner\_work\XPCO\XPCO\EventServer\Server\Components\Central\Server\unittest\bin\x64\Debug\VideoOS.Event.Server.UnitTest.dll" adapterTypeName="executor://mstestadapter/v2" className="VideoOS.Event.Server.Map.UnitTest.VisualElementManagerTest" name="TestGetVisualElementChangesWithInvalidId" />
    </UnitTest>
    <UnitTest name="TestGetStatusWithSameItemsInDifferentLevels" storage="d:\actions-runner\_work\xpco\xpco\eventserver\server\components\central\server\unittest\bin\x64\debug\videoos.event.server.unittest.dll" id="c8a5b676-dccb-ef85-25d7-22cd0f991d41">
      <Execution id="14a8e96d-727d-4a86-b32b-a6890d27f06b" />
      <TestMethod codeBase="D:\actions-runner\_work\XPCO\XPCO\EventServer\Server\Components\Central\Server\unittest\bin\x64\Debug\VideoOS.Event.Server.UnitTest.dll" adapterTypeName="executor://mstestadapter/v2" className="VideoOS.Event.Server.Map.UnitTest.VisualElementStatusCalculatorTest" name="TestGetStatusWithSameItemsInDifferentLevels" />
    </UnitTest>
    <UnitTest name="DeleteObjects_WithValidParameters" storage="d:\actions-runner\_work\xpco\xpco\eventserver\server\components\central\server\unittest\bin\x64\debug\videoos.event.server.unittest.dll" id="48832875-ad63-f03d-36a5-b28de21d0017">
      <TestCategory>
        <TestCategoryItem TestCategory="WebService/Map" />
      </TestCategory>
      <Execution id="15cdeb8c-dab1-479c-ba65-56b1a1eb2c27" />
      <TestMethod codeBase="D:\actions-runner\_work\XPCO\XPCO\EventServer\Server\Components\Central\Server\unittest\bin\x64\Debug\VideoOS.Event.Server.UnitTest.dll" adapterTypeName="executor://mstestadapter/v2" className="VideoOS.Event.Server.WebService.Map.UnitTest.MapCommandTokenTest" name="DeleteObjects_WithValidParameters" />
    </UnitTest>
    <UnitTest name="TestDeleteObjectAndChildObjectsThrowingUnhandledException" storage="d:\actions-runner\_work\xpco\xpco\eventserver\server\components\central\server\unittest\bin\x64\debug\videoos.event.server.unittest.dll" id="d9eb3447-b3c7-2036-87ac-4205b4ee0399">
      <TestCategory>
        <TestCategoryItem TestCategory="WebService/Map" />
      </TestCategory>
      <Execution id="2df07dc1-45d2-4a7a-b894-b972057edb2a" />
      <TestMethod codeBase="D:\actions-runner\_work\XPCO\XPCO\EventServer\Server\Components\Central\Server\unittest\bin\x64\Debug\VideoOS.Event.Server.UnitTest.dll" adapterTypeName="executor://mstestadapter/v2" className="VideoOS.Event.Server.WebService.Map.UnitTest.MapCommandTokenTest" name="TestDeleteObjectAndChildObjectsThrowingUnhandledException" />
    </UnitTest>
    <UnitTest name="TestToVisualElementWithNullVariables" storage="d:\actions-runner\_work\xpco\xpco\eventserver\server\components\central\server\unittest\bin\x64\debug\videoos.event.server.unittest.dll" id="da0e23da-ffd3-b19d-ab37-35c036e31e36">
      <Execution id="0c5c4be8-c9b1-4e4a-ae9e-2635bd3175a2" />
      <TestMethod codeBase="D:\actions-runner\_work\XPCO\XPCO\EventServer\Server\Components\Central\Server\unittest\bin\x64\Debug\VideoOS.Event.Server.UnitTest.dll" adapterTypeName="executor://mstestadapter/v2" className="VideoOS.Event.Server.Map.Data.UnitTest.VisualElementStorageTest" name="TestToVisualElementWithNullVariables" />
    </UnitTest>
    <UnitTest name="GetAllObjectsOfType_SingleElementPath" storage="d:\actions-runner\_work\xpco\xpco\eventserver\server\components\central\server\unittest\bin\x64\debug\videoos.event.server.unittest.dll" id="43cccf8e-cac8-f44f-0a32-140b99d35095">
      <TestCategory>
        <TestCategoryItem TestCategory="WebService/Map" />
      </TestCategory>
      <Execution id="44092e65-e195-496e-86b5-49cf9070c537" />
      <TestMethod codeBase="D:\actions-runner\_work\XPCO\XPCO\EventServer\Server\Components\Central\Server\unittest\bin\x64\Debug\VideoOS.Event.Server.UnitTest.dll" adapterTypeName="executor://mstestadapter/v2" className="VideoOS.Event.Server.WebService.Map.UnitTest.MapCommandTokenTest" name="GetAllObjectsOfType_SingleElementPath" />
    </UnitTest>
    <UnitTest name="TestInsertElementWithTwoRelationWithSameId" storage="d:\actions-runner\_work\xpco\xpco\eventserver\server\components\central\server\unittest\bin\x64\debug\videoos.event.server.unittest.dll" id="57b55e6e-9069-bda1-354a-d72ede57b55a">
      <Execution id="2e7b388d-ea7d-4e80-84eb-07903683893f" />
      <TestMethod codeBase="D:\actions-runner\_work\XPCO\XPCO\EventServer\Server\Components\Central\Server\unittest\bin\x64\Debug\VideoOS.Event.Server.UnitTest.dll" adapterTypeName="executor://mstestadapter/v2" className="VideoOS.Event.Server.Map.UnitTest.VisualElementManagerTest" name="TestInsertElementWithTwoRelationWithSameId" />
    </UnitTest>
    <UnitTest name="TestOneACSystemPLUnsupportedButEnabled" storage="d:\actions-runner\_work\xpco\xpco\eventserver\server\components\central\server\unittest\bin\x64\debug\videoos.event.server.unittest.dll" id="8743236c-eff5-e04a-11ff-194859e4447b">
      <TestCategory>
        <TestCategoryItem TestCategory="AccessControlUserIdTransformer" />
      </TestCategory>
      <Execution id="16f6d968-30b7-41f4-a51b-c48a5f0d9b02" />
      <TestMethod codeBase="D:\actions-runner\_work\XPCO\XPCO\EventServer\Server\Components\Central\Server\unittest\bin\x64\Debug\VideoOS.Event.Server.UnitTest.dll" adapterTypeName="executor://mstestadapter/v2" className="VideoOS.Event.Server.UnitTest.Session.AccessControlUserIdTransformerTest" name="TestOneACSystemPLUnsupportedButEnabled" />
    </UnitTest>
    <UnitTest name="TestGetAllObjectIDsOnVisualElementWithValidParameters" storage="d:\actions-runner\_work\xpco\xpco\eventserver\server\components\central\server\unittest\bin\x64\debug\videoos.event.server.unittest.dll" id="ed9936a7-f78a-b416-3502-5c02b5737ef7">
      <TestCategory>
        <TestCategoryItem TestCategory="WebService/Map" />
      </TestCategory>
      <Execution id="5f218dc0-6fa3-4ea0-9e30-eaabf934cd87" />
      <TestMethod codeBase="D:\actions-runner\_work\XPCO\XPCO\EventServer\Server\Components\Central\Server\unittest\bin\x64\Debug\VideoOS.Event.Server.UnitTest.dll" adapterTypeName="executor://mstestadapter/v2" className="VideoOS.Event.Server.WebService.Map.UnitTest.MapCommandCredentialsTest" name="TestGetAllObjectIDsOnVisualElementWithValidParameters" />
    </UnitTest>
    <UnitTest name="SetAllEventRetentions_ShouldAuditLog_WhenDefaultRetentionIsChanged" storage="d:\actions-runner\_work\xpco\xpco\eventserver\server\components\central\server\unittest\bin\x64\debug\videoos.event.server.unittest.dll" id="acfb8bc4-d35c-001a-368e-6db458396c27">
      <Execution id="6da2502a-12d1-40fa-8935-ff5882fd80ec" />
      <TestMethod codeBase="D:\actions-runner\_work\XPCO\XPCO\EventServer\Server\Components\Central\Server\unittest\bin\x64\Debug\VideoOS.Event.Server.UnitTest.dll" adapterTypeName="executor://mstestadapter/v2" className="VideoOS.Event.Server.UnitTest.Config.EventRetentionConfigTests" name="SetAllEventRetentions_ShouldAuditLog_WhenDefaultRetentionIsChanged" />
    </UnitTest>
    <UnitTest name="TryGetEventGroupRetention_ShouldReturnFalse_WhenEventGroupDoesntExist" storage="d:\actions-runner\_work\xpco\xpco\eventserver\server\components\central\server\unittest\bin\x64\debug\videoos.event.server.unittest.dll" id="648c3423-ff75-8cf6-1c0f-68238348b975">
      <Execution id="a3408f18-2a32-4f61-85cb-4173ae111880" />
      <TestMethod codeBase="D:\actions-runner\_work\XPCO\XPCO\EventServer\Server\Components\Central\Server\unittest\bin\x64\Debug\VideoOS.Event.Server.UnitTest.dll" adapterTypeName="executor://mstestadapter/v2" className="VideoOS.Event.Server.UnitTest.Config.EventRetentionConfigTests" name="TryGetEventGroupRetention_ShouldReturnFalse_WhenEventGroupDoesntExist" />
    </UnitTest>
    <UnitTest name="TestConstructor" storage="d:\actions-runner\_work\xpco\xpco\eventserver\server\components\central\server\unittest\bin\x64\debug\videoos.event.server.unittest.dll" id="d508f85a-0f78-86a6-397d-d7afc532ed7f">
      <Execution id="f4425cff-651b-466d-b780-aaf1dd60153f" />
      <TestMethod codeBase="D:\actions-runner\_work\XPCO\XPCO\EventServer\Server\Components\Central\Server\unittest\bin\x64\Debug\VideoOS.Event.Server.UnitTest.dll" adapterTypeName="executor://mstestadapter/v2" className="VideoOS.Event.Server.Communication.UnitTest.ServerConfigManagerTest" name="TestConstructor" />
    </UnitTest>
    <UnitTest name="TestDeleteObjectAndChildObjectsThrowingUnhandledException" storage="d:\actions-runner\_work\xpco\xpco\eventserver\server\components\central\server\unittest\bin\x64\debug\videoos.event.server.unittest.dll" id="ce825fef-7327-dae6-f265-c437cad35b91">
      <TestCategory>
        <TestCategoryItem TestCategory="WebService/Map" />
      </TestCategory>
      <Execution id="8e080f1b-e7d5-472d-8c63-6a1bef41ca54" />
      <TestMethod codeBase="D:\actions-runner\_work\XPCO\XPCO\EventServer\Server\Components\Central\Server\unittest\bin\x64\Debug\VideoOS.Event.Server.UnitTest.dll" adapterTypeName="executor://mstestadapter/v2" className="VideoOS.Event.Server.WebService.Map.UnitTest.MapCommandToken2Test" name="TestDeleteObjectAndChildObjectsThrowingUnhandledException" />
    </UnitTest>
    <UnitTest name="TestGetInProgressAlarms" storage="d:\actions-runner\_work\xpco\xpco\eventserver\server\components\central\server\unittest\bin\x64\debug\videoos.event.server.unittest.dll" id="452b2ad6-63da-e377-e214-101b481a21fa">
      <Execution id="f973402a-2c73-46d1-8f40-4622e3d4299e" />
      <TestMethod codeBase="D:\actions-runner\_work\XPCO\XPCO\EventServer\Server\Components\Central\Server\unittest\bin\x64\Debug\VideoOS.Event.Server.UnitTest.dll" adapterTypeName="executor://mstestadapter/v2" className="VideoOS.Event.Server.Map.Data.UnitTest.StatusElementTest" name="TestGetInProgressAlarms" />
    </UnitTest>
    <UnitTest name="UpdateObjects_WithValidParameters" storage="d:\actions-runner\_work\xpco\xpco\eventserver\server\components\central\server\unittest\bin\x64\debug\videoos.event.server.unittest.dll" id="0c8af55d-888b-66ab-d122-5725e58fd271">
      <TestCategory>
        <TestCategoryItem TestCategory="WebService/Map" />
      </TestCategory>
      <Execution id="321108be-f226-414d-bc9b-3a924e8fa132" />
      <TestMethod codeBase="D:\actions-runner\_work\XPCO\XPCO\EventServer\Server\Components\Central\Server\unittest\bin\x64\Debug\VideoOS.Event.Server.UnitTest.dll" adapterTypeName="executor://mstestadapter/v2" className="VideoOS.Event.Server.WebService.Map.UnitTest.MapCommandToken2Test" name="UpdateObjects_WithValidParameters" />
    </UnitTest>
    <UnitTest name="TestCreateObjectsWithValidParameters" storage="d:\actions-runner\_work\xpco\xpco\eventserver\server\components\central\server\unittest\bin\x64\debug\videoos.event.server.unittest.dll" id="58b7e4c2-677e-eaa1-ffab-7fefdbb47c57">
      <TestCategory>
        <TestCategoryItem TestCategory="WebService/Map" />
      </TestCategory>
      <Execution id="6ccd3344-03f9-4fa9-a24f-94836aba3618" />
      <TestMethod codeBase="D:\actions-runner\_work\XPCO\XPCO\EventServer\Server\Components\Central\Server\unittest\bin\x64\Debug\VideoOS.Event.Server.UnitTest.dll" adapterTypeName="executor://mstestadapter/v2" className="VideoOS.Event.Server.WebService.Map.UnitTest.MapCommandCredentialsTest" name="TestCreateObjectsWithValidParameters" />
    </UnitTest>
    <UnitTest name="TestActionCommandCredentialsConfigurationChangedInvalidUser" storage="d:\actions-runner\_work\xpco\xpco\eventserver\server\components\central\server\unittest\bin\x64\debug\videoos.event.server.unittest.dll" id="a9129bc8-a37f-1926-b7d2-382b9df7e228">
      <Execution id="614e81f4-f5e3-4045-9d6a-cb493b92447d" />
      <TestMethod codeBase="D:\actions-runner\_work\XPCO\XPCO\EventServer\Server\Components\Central\Server\unittest\bin\x64\Debug\VideoOS.Event.Server.UnitTest.dll" adapterTypeName="executor://mstestadapter/v2" className="VideoOS.Event.Server.UnitTest.WebService.Action.ActionCommandCredentialsTest" name="TestActionCommandCredentialsConfigurationChangedInvalidUser" />
    </UnitTest>
    <UnitTest name="TestActivatePlugInActionThrowingUnhandledException" storage="d:\actions-runner\_work\xpco\xpco\eventserver\server\components\central\server\unittest\bin\x64\debug\videoos.event.server.unittest.dll" id="1920d83d-5950-9568-4233-11ab75bed826">
      <TestCategory>
        <TestCategoryItem TestCategory="WebService/Map" />
      </TestCategory>
      <Execution id="f306043e-48a5-4ac1-bab2-1937ef043f03" />
      <TestMethod codeBase="D:\actions-runner\_work\XPCO\XPCO\EventServer\Server\Components\Central\Server\unittest\bin\x64\Debug\VideoOS.Event.Server.UnitTest.dll" adapterTypeName="executor://mstestadapter/v2" className="VideoOS.Event.Server.WebService.Map.UnitTest.MapCommandToken2Test" name="TestActivatePlugInActionThrowingUnhandledException" />
    </UnitTest>
    <UnitTest name="TestCheckAuthorizationWhereNoCachedItemAndErrorFirstTime" storage="d:\actions-runner\_work\xpco\xpco\eventserver\server\components\central\server\unittest\bin\x64\debug\videoos.event.server.unittest.dll" id="1557dd86-0b20-4175-8eff-cf0a11f48247">
      <TestCategory>
        <TestCategoryItem TestCategory="ActionAuthorizationCache" />
      </TestCategory>
      <Execution id="d64f37bc-5b72-4850-bc2d-5e99a78b2837" />
      <TestMethod codeBase="D:\actions-runner\_work\XPCO\XPCO\EventServer\Server\Components\Central\Server\unittest\bin\x64\Debug\VideoOS.Event.Server.UnitTest.dll" adapterTypeName="executor://mstestadapter/v2" className="VideoOS.Event.Server.UnitTest.Security.ActionAuthorizationCacheTest" name="TestCheckAuthorizationWhereNoCachedItemAndErrorFirstTime" />
    </UnitTest>
    <UnitTest name="GetKindFromVisualElementObjectTypeTest" storage="d:\actions-runner\_work\xpco\xpco\eventserver\server\components\central\server\unittest\bin\x64\debug\videoos.event.server.unittest.dll" id="13287f31-e788-e2d4-f141-52b50e707662">
      <TestCategory>
        <TestCategoryItem TestCategory="Utils" />
      </TestCategory>
      <Execution id="632f2058-f548-4f32-8e38-6c0d7c973b9e" />
      <TestMethod codeBase="D:\actions-runner\_work\XPCO\XPCO\EventServer\Server\Components\Central\Server\unittest\bin\x64\Debug\VideoOS.Event.Server.UnitTest.dll" adapterTypeName="executor://mstestadapter/v2" className="VideoOS.Central.Server.UnitTest.Utils.TypeConverterTest" name="GetKindFromVisualElementObjectTypeTest" />
    </UnitTest>
    <UnitTest name="TestGetAllElementsOfTypeWithCyclicTreeAndLimit" storage="d:\actions-runner\_work\xpco\xpco\eventserver\server\components\central\server\unittest\bin\x64\debug\videoos.event.server.unittest.dll" id="1bff04e7-a34e-2661-3dfa-a55c31eb03e9">
      <Execution id="880678ec-4e69-4f78-afa9-89b848e2c98c" />
      <TestMethod codeBase="D:\actions-runner\_work\XPCO\XPCO\EventServer\Server\Components\Central\Server\unittest\bin\x64\Debug\VideoOS.Event.Server.UnitTest.dll" adapterTypeName="executor://mstestadapter/v2" className="VideoOS.Event.Server.Map.UnitTest.VisualElementManagerTest" name="TestGetAllElementsOfTypeWithCyclicTreeAndLimit" />
    </UnitTest>
    <UnitTest name="TestRemoveElementsWithNonExistingId" storage="d:\actions-runner\_work\xpco\xpco\eventserver\server\components\central\server\unittest\bin\x64\debug\videoos.event.server.unittest.dll" id="801374fb-6366-6e1b-24d9-368f321cfa1d">
      <Execution id="e4980aff-3108-4847-87ce-12a7b0fe484f" />
      <TestMethod codeBase="D:\actions-runner\_work\XPCO\XPCO\EventServer\Server\Components\Central\Server\unittest\bin\x64\Debug\VideoOS.Event.Server.UnitTest.dll" adapterTypeName="executor://mstestadapter/v2" className="VideoOS.Event.Server.Map.UnitTest.VisualElementManagerTest" name="TestRemoveElementsWithNonExistingId" />
    </UnitTest>
    <UnitTest name="Constructor_ShouldRaiseArgumentNullException_WhenKeyIsNull" storage="d:\actions-runner\_work\xpco\xpco\eventserver\server\components\central\server\unittest\bin\x64\debug\videoos.event.server.unittest.dll" id="4404f0bc-42cf-337a-ad9d-0be2c38d7ec2">
      <TestCategory>
        <TestCategoryItem TestCategory="Security" />
      </TestCategory>
      <Execution id="514a2900-db58-4fd3-954c-6d817eef6824" />
      <TestMethod codeBase="D:\actions-runner\_work\XPCO\XPCO\EventServer\Server\Components\Central\Server\unittest\bin\x64\Debug\VideoOS.Event.Server.UnitTest.dll" adapterTypeName="executor://mstestadapter/v2" className="VideoOS.Event.Server.UnitTest.Security.EventServerEncryptionSymmetricTest" name="Constructor_ShouldRaiseArgumentNullException_WhenKeyIsNull" />
    </UnitTest>
    <UnitTest name="TestDescription" storage="d:\actions-runner\_work\xpco\xpco\eventserver\server\components\central\server\unittest\bin\x64\debug\videoos.event.server.unittest.dll" id="095c6d2b-df92-4f2a-cb3c-ba4350787eb1">
      <Execution id="f05a028b-229b-4117-9026-df633936dbc9" />
      <TestMethod codeBase="D:\actions-runner\_work\XPCO\XPCO\EventServer\Server\Components\Central\Server\unittest\bin\x64\Debug\VideoOS.Event.Server.UnitTest.dll" adapterTypeName="executor://mstestadapter/v2" className="VideoOS.Event.Server.MIP.PlugIn.UnitTest.MapPlugInTypeEventHandlerTest" name="TestDescription" />
    </UnitTest>
    <UnitTest name="TestExecuteWhileLockedWithActionCausingException" storage="d:\actions-runner\_work\xpco\xpco\eventserver\server\components\central\server\unittest\bin\x64\debug\videoos.event.server.unittest.dll" id="33081f89-764f-7ff0-be12-18d81d6396f0">
      <TestCategory>
        <TestCategoryItem TestCategory="DatabaseConfigurableDataCache" />
      </TestCategory>
      <Execution id="e621e46d-583d-4fb2-b0c5-eb1e8a033d11" />
      <TestMethod codeBase="D:\actions-runner\_work\XPCO\XPCO\EventServer\Server\Components\Central\Server\unittest\bin\x64\Debug\VideoOS.Event.Server.UnitTest.dll" adapterTypeName="executor://mstestadapter/v2" className="VideoOS.EventServer.Config.UnitTest.DatabaseConfigurableDataCacheTest" name="TestExecuteWhileLockedWithActionCausingException" />
    </UnitTest>
    <UnitTest name="TestUpdateStateCorporate" storage="d:\actions-runner\_work\xpco\xpco\eventserver\server\components\central\server\unittest\bin\x64\debug\videoos.event.server.unittest.dll" id="40ceb1f5-b7ad-2efb-b2d4-1dd0881abec3">
      <Execution id="b7265846-1c1f-49c9-baa0-a19d64c21a59" />
      <TestMethod codeBase="D:\actions-runner\_work\XPCO\XPCO\EventServer\Server\Components\Central\Server\unittest\bin\x64\Debug\VideoOS.Event.Server.UnitTest.dll" adapterTypeName="executor://mstestadapter/v2" className="VideoOS.Event.Server.Map.Data.UnitTest.StatusElementCameraTest" name="TestUpdateStateCorporate" />
    </UnitTest>
    <UnitTest name="TestGetVisualElementChangesWithInvalidUser" storage="d:\actions-runner\_work\xpco\xpco\eventserver\server\components\central\server\unittest\bin\x64\debug\videoos.event.server.unittest.dll" id="ed0ebeb4-a5f7-d235-ddf8-88e75feb1b8f">
      <TestCategory>
        <TestCategoryItem TestCategory="WebService/Map" />
      </TestCategory>
      <Execution id="2e80e209-33ee-487c-a25a-7803f05dab37" />
      <TestMethod codeBase="D:\actions-runner\_work\XPCO\XPCO\EventServer\Server\Components\Central\Server\unittest\bin\x64\Debug\VideoOS.Event.Server.UnitTest.dll" adapterTypeName="executor://mstestadapter/v2" className="VideoOS.Event.Server.WebService.Map.UnitTest.MapCommandTokenTest" name="TestGetVisualElementChangesWithInvalidUser" />
    </UnitTest>
    <UnitTest name="TestConstructorWithVisualElementStorageDatabaseAndVisualElementWithObjects" storage="d:\actions-runner\_work\xpco\xpco\eventserver\server\components\central\server\unittest\bin\x64\debug\videoos.event.server.unittest.dll" id="97b31139-a598-5002-d238-5d4d9f4008d4">
      <Execution id="262c458e-480d-4dc8-8212-3508bf253953" />
      <TestMethod codeBase="D:\actions-runner\_work\XPCO\XPCO\EventServer\Server\Components\Central\Server\unittest\bin\x64\Debug\VideoOS.Event.Server.UnitTest.dll" adapterTypeName="executor://mstestadapter/v2" className="VideoOS.Event.Server.Map.Data.UnitTest.VisualElementStorageTest" name="TestConstructorWithVisualElementStorageDatabaseAndVisualElementWithObjects" />
    </UnitTest>
    <UnitTest name="TestRemoveElementsRemoveTwoElementsWhereOneIsMarkedForDeletion" storage="d:\actions-runner\_work\xpco\xpco\eventserver\server\components\central\server\unittest\bin\x64\debug\videoos.event.server.unittest.dll" id="6230042b-066b-7540-e033-c1da687c8808">
      <Execution id="5ef85bee-d757-41ec-9950-6e4cf3abc4df" />
      <TestMethod codeBase="D:\actions-runner\_work\XPCO\XPCO\EventServer\Server\Components\Central\Server\unittest\bin\x64\Debug\VideoOS.Event.Server.UnitTest.dll" adapterTypeName="executor://mstestadapter/v2" className="VideoOS.Event.Server.Map.UnitTest.VisualElementManagerTest" name="TestRemoveElementsRemoveTwoElementsWhereOneIsMarkedForDeletion" />
    </UnitTest>
    <UnitTest name="GetAllKinds_ShouldReturnCorrectKinds_WithUniqueMembers" storage="d:\actions-runner\_work\xpco\xpco\eventserver\server\components\central\server\unittest\bin\x64\debug\videoos.event.server.unittest.dll" id="03f3f165-6eb2-c462-06fa-5224fc9ec9a7">
      <TestCategory>
        <TestCategoryItem TestCategory="PermissionManagerFetcher" />
      </TestCategory>
      <Execution id="80d96a2d-ea04-416d-a9d3-c52cd80a92a3" />
      <TestMethod codeBase="D:\actions-runner\_work\XPCO\XPCO\EventServer\Server\Components\Central\Server\unittest\bin\x64\Debug\VideoOS.Event.Server.UnitTest.dll" adapterTypeName="executor://mstestadapter/v2" className="VideoOS.Event.Server.UnitTest.Security.AuthorizationFetcher.MIPItemAuthorizationFetcherTest" name="GetAllKinds_ShouldReturnCorrectKinds_WithUniqueMembers" />
    </UnitTest>
    <UnitTest name="TestGetStatusVirtualServersWithServerNotOnMapInError" storage="d:\actions-runner\_work\xpco\xpco\eventserver\server\components\central\server\unittest\bin\x64\debug\videoos.event.server.unittest.dll" id="1d0f1860-0023-b37e-c27f-76f745de67fa">
      <Execution id="eff16ac0-08ce-4816-abd3-ed32313592b3" />
      <TestMethod codeBase="D:\actions-runner\_work\XPCO\XPCO\EventServer\Server\Components\Central\Server\unittest\bin\x64\Debug\VideoOS.Event.Server.UnitTest.dll" adapterTypeName="executor://mstestadapter/v2" className="VideoOS.Event.Server.Map.UnitTest.VisualElementStatusCalculatorTest" name="TestGetStatusVirtualServersWithServerNotOnMapInError" />
    </UnitTest>
    <UnitTest name="TestGetPlugInItemsNotAuthenticated" storage="d:\actions-runner\_work\xpco\xpco\eventserver\server\components\central\server\unittest\bin\x64\debug\videoos.event.server.unittest.dll" id="e7850e2b-39d7-effe-6d3e-ea817bc5c9f9">
      <TestCategory>
        <TestCategoryItem TestCategory="WebService/Map" />
      </TestCategory>
      <Execution id="e33af717-ba0d-4e57-9d25-dc761cefd989" />
      <TestMethod codeBase="D:\actions-runner\_work\XPCO\XPCO\EventServer\Server\Components\Central\Server\unittest\bin\x64\Debug\VideoOS.Event.Server.UnitTest.dll" adapterTypeName="executor://mstestadapter/v2" className="VideoOS.Event.Server.WebService.Map.UnitTest.MapCommandCredentialsTest" name="TestGetPlugInItemsNotAuthenticated" />
    </UnitTest>
    <UnitTest name="TestDefaultWithNoMapPlugInType" storage="d:\actions-runner\_work\xpco\xpco\eventserver\server\components\central\server\unittest\bin\x64\debug\videoos.event.server.unittest.dll" id="ab3cae72-2ddf-ddc9-36d0-becb615bd702">
      <Execution id="680e2c30-623e-4b37-83e9-e92b8d4ceceb" />
      <TestMethod codeBase="D:\actions-runner\_work\XPCO\XPCO\EventServer\Server\Components\Central\Server\unittest\bin\x64\Debug\VideoOS.Event.Server.UnitTest.dll" adapterTypeName="executor://mstestadapter/v2" className="VideoOS.Event.Server.MIP.PlugIn.UnitTest.MapPlugInTypeEventHandlerTest" name="TestDefaultWithNoMapPlugInType" />
    </UnitTest>
    <UnitTest name="TestGetAllElementsOfTypeWithRelationOnDifferentServersInThreeLevels" storage="d:\actions-runner\_work\xpco\xpco\eventserver\server\components\central\server\unittest\bin\x64\debug\videoos.event.server.unittest.dll" id="51fbbeab-dfb7-8635-1c92-208ef93cc04f">
      <Execution id="7f741956-18f8-41ae-9b52-b8e567f6ad78" />
      <TestMethod codeBase="D:\actions-runner\_work\XPCO\XPCO\EventServer\Server\Components\Central\Server\unittest\bin\x64\Debug\VideoOS.Event.Server.UnitTest.dll" adapterTypeName="executor://mstestadapter/v2" className="VideoOS.Event.Server.Map.UnitTest.VisualElementManagerTest" name="TestGetAllElementsOfTypeWithRelationOnDifferentServersInThreeLevels" />
    </UnitTest>
    <UnitTest name="TestExecuteWhileLockedWithNullAction" storage="d:\actions-runner\_work\xpco\xpco\eventserver\server\components\central\server\unittest\bin\x64\debug\videoos.event.server.unittest.dll" id="48ac9e20-a22c-a01f-955d-1744f7f2749d">
      <TestCategory>
        <TestCategoryItem TestCategory="DatabaseConfigurableDataCache" />
      </TestCategory>
      <Execution id="a2a222a1-dda3-48d3-b482-4e3db5abb572" />
      <TestMethod codeBase="D:\actions-runner\_work\XPCO\XPCO\EventServer\Server\Components\Central\Server\unittest\bin\x64\Debug\VideoOS.Event.Server.UnitTest.dll" adapterTypeName="executor://mstestadapter/v2" className="VideoOS.EventServer.Config.UnitTest.DatabaseConfigurableDataCacheTest" name="TestExecuteWhileLockedWithNullAction" />
    </UnitTest>
    <UnitTest name="TestName" storage="d:\actions-runner\_work\xpco\xpco\eventserver\server\components\central\server\unittest\bin\x64\debug\videoos.event.server.unittest.dll" id="29387a21-cfe6-66b5-9f33-7383e6376a23">
      <Execution id="aa71c0e2-45a2-4c95-911c-33151510ea48" />
      <TestMethod codeBase="D:\actions-runner\_work\XPCO\XPCO\EventServer\Server\Components\Central\Server\unittest\bin\x64\Debug\VideoOS.Event.Server.UnitTest.dll" adapterTypeName="executor://mstestadapter/v2" className="VideoOS.Event.Server.MIP.PlugIn.UnitTest.MapPlugInEventHandlerTest" name="TestName" />
    </UnitTest>
    <UnitTest name="TestConstructor" storage="d:\actions-runner\_work\xpco\xpco\eventserver\server\components\central\server\unittest\bin\x64\debug\videoos.event.server.unittest.dll" id="48868d1f-b370-db6c-3ad6-24d3fdea86ac">
      <Execution id="892733e1-e7ce-4c98-89d2-f114635604d0" />
      <TestMethod codeBase="D:\actions-runner\_work\XPCO\XPCO\EventServer\Server\Components\Central\Server\unittest\bin\x64\Debug\VideoOS.Event.Server.UnitTest.dll" adapterTypeName="executor://mstestadapter/v2" className="VideoOS.Event.Server.UserValidation.Data.UnitTest.UserIDTest" name="TestConstructor" />
    </UnitTest>
    <UnitTest name="TestGetElementWithInsufficientRights" storage="d:\actions-runner\_work\xpco\xpco\eventserver\server\components\central\server\unittest\bin\x64\debug\videoos.event.server.unittest.dll" id="b2f65640-e1e7-8728-bb17-6625b8d8266f">
      <Execution id="de4a9b7e-1ca4-4b9b-afb9-8116e3f3ca26" />
      <TestMethod codeBase="D:\actions-runner\_work\XPCO\XPCO\EventServer\Server\Components\Central\Server\unittest\bin\x64\Debug\VideoOS.Event.Server.UnitTest.dll" adapterTypeName="executor://mstestadapter/v2" className="VideoOS.Event.Server.Map.UnitTest.VisualElementManagerTest" name="TestGetElementWithInsufficientRights" />
    </UnitTest>
    <UnitTest name="TestSeveralConfigHostAdded" storage="d:\actions-runner\_work\xpco\xpco\eventserver\server\components\central\server\unittest\bin\x64\debug\videoos.event.server.unittest.dll" id="542757a2-c1f0-a4d3-0091-b8dd7476d0ae">
      <TestCategory>
        <TestCategoryItem TestCategory="PermissionManagerFetcher" />
      </TestCategory>
      <Execution id="38264656-9e03-4df6-a673-70735f8c2159" />
      <TestMethod codeBase="D:\actions-runner\_work\XPCO\XPCO\EventServer\Server\Components\Central\Server\unittest\bin\x64\Debug\VideoOS.Event.Server.UnitTest.dll" adapterTypeName="executor://mstestadapter/v2" className="VideoOS.Event.Server.UnitTest.Security.PermissionFetcherTest" name="TestSeveralConfigHostAdded" />
    </UnitTest>
    <UnitTest name="TestUpdateStateWithKnownDeviceList" storage="d:\actions-runner\_work\xpco\xpco\eventserver\server\components\central\server\unittest\bin\x64\debug\videoos.event.server.unittest.dll" id="0422c0a9-8f46-02d8-cc74-796557fcdbf1">
      <Execution id="52f892a6-9c8c-4efa-9032-97f6cc4f080e" />
      <TestMethod codeBase="D:\actions-runner\_work\XPCO\XPCO\EventServer\Server\Components\Central\Server\unittest\bin\x64\Debug\VideoOS.Event.Server.UnitTest.dll" adapterTypeName="executor://mstestadapter/v2" className="VideoOS.Event.Server.Map.Data.UnitTest.StatusElementServerTest" name="TestUpdateStateWithKnownDeviceList" />
    </UnitTest>
    <UnitTest name="WhenAlarmSearchCriteriaWithCorrectDataThenCorrectString" storage="d:\actions-runner\_work\xpco\xpco\eventserver\server\components\central\server\unittest\bin\x64\debug\videoos.event.server.unittest.dll" id="edcfd9c3-452b-274d-975f-fbc155d6a6ed">
      <Execution id="de185bb1-5370-4fa4-b0da-5910f4e74289" />
      <TestMethod codeBase="D:\actions-runner\_work\XPCO\XPCO\EventServer\Server\Components\Central\Server\unittest\bin\x64\Debug\VideoOS.Event.Server.UnitTest.dll" adapterTypeName="executor://mstestadapter/v2" className="VideoOS.Event.Server.UnitTest.WebService.Alarm.LikeSearchConditionProviderTest" name="WhenAlarmSearchCriteriaWithCorrectDataThenCorrectString" />
    </UnitTest>
    <UnitTest name="TestSetVisualization" storage="d:\actions-runner\_work\xpco\xpco\eventserver\server\components\central\server\unittest\bin\x64\debug\videoos.event.server.unittest.dll" id="672e50ca-962b-dcfe-6802-6213b7d68a79">
      <Execution id="c96f8f5b-aba3-4a20-bf9a-78ce651d345e" />
      <TestMethod codeBase="D:\actions-runner\_work\XPCO\XPCO\EventServer\Server\Components\Central\Server\unittest\bin\x64\Debug\VideoOS.Event.Server.UnitTest.dll" adapterTypeName="executor://mstestadapter/v2" className="VideoOS.Event.Server.WebService.Status.UnitTest.StatusCommandCredentialsTest" name="TestSetVisualization" />
    </UnitTest>
    <UnitTest name="TestAcknowledgeMultipleAlarmsInvalidToken" storage="d:\actions-runner\_work\xpco\xpco\eventserver\server\components\central\server\unittest\bin\x64\debug\videoos.event.server.unittest.dll" id="46a4af85-2565-af66-9c4c-361ffcee9620">
      <Execution id="2b14a11e-db3e-4567-9529-5b506779186d" />
      <TestMethod codeBase="D:\actions-runner\_work\XPCO\XPCO\EventServer\Server\Components\Central\Server\unittest\bin\x64\Debug\VideoOS.Event.Server.UnitTest.dll" adapterTypeName="executor://mstestadapter/v2" className="VideoOS.Event.Server.WebService.Alarm.UnitTest.AlarmCommandTokenTest" name="TestAcknowledgeMultipleAlarmsInvalidToken" />
    </UnitTest>
    <UnitTest name="TestGetTypeChangedWithNegativeTimeout" storage="d:\actions-runner\_work\xpco\xpco\eventserver\server\components\central\server\unittest\bin\x64\debug\videoos.event.server.unittest.dll" id="5d56160f-1e48-faa2-365a-70edb9acf582">
      <TestCategory>
        <TestCategoryItem TestCategory="WebService/Map" />
      </TestCategory>
      <Execution id="67d0e842-798d-499a-8783-f2eddc19e219" />
      <TestMethod codeBase="D:\actions-runner\_work\XPCO\XPCO\EventServer\Server\Components\Central\Server\unittest\bin\x64\Debug\VideoOS.Event.Server.UnitTest.dll" adapterTypeName="executor://mstestadapter/v2" className="VideoOS.Event.Server.WebService.Map.UnitTest.MapCommandToken2Test" name="TestGetTypeChangedWithNegativeTimeout" />
    </UnitTest>
    <UnitTest name="SystemMonitorStatePusher_PushesCurrentCameraState_WhenNewCameraItemIsAdded" storage="d:\actions-runner\_work\xpco\xpco\eventserver\server\components\central\server\unittest\bin\x64\debug\videoos.event.server.unittest.dll" id="61b1faa6-0efc-af5e-6a9d-e58e6eb783b9">
      <Execution id="155be86b-f8fd-4f84-90de-8f9e33626a0c" />
      <TestMethod codeBase="D:\actions-runner\_work\XPCO\XPCO\EventServer\Server\Components\Central\Server\unittest\bin\x64\Debug\VideoOS.Event.Server.UnitTest.dll" adapterTypeName="executor://mstestadapter/v2" className="VideoOS.Event.Server.UnitTest.Communication.Corporate.SystemMonitorStatePusherTest" name="SystemMonitorStatePusher_PushesCurrentCameraState_WhenNewCameraItemIsAdded" />
    </UnitTest>
    <UnitTest name="TestUpdateBoundsWithAllParameters" storage="d:\actions-runner\_work\xpco\xpco\eventserver\server\components\central\server\unittest\bin\x64\debug\videoos.event.server.unittest.dll" id="9eeb3fb8-351d-99ec-72a2-514b9bbcc9ea">
      <Execution id="355efb65-f822-47a5-a294-c986a13019e0" />
      <TestMethod codeBase="D:\actions-runner\_work\XPCO\XPCO\EventServer\Server\Components\Central\Server\unittest\bin\x64\Debug\VideoOS.Event.Server.UnitTest.dll" adapterTypeName="executor://mstestadapter/v2" className="VideoOS.Event.Server.Map.Data.UnitTest.VisualElementStorageTest" name="TestUpdateBoundsWithAllParameters" />
    </UnitTest>
    <UnitTest name="TestConstructor" storage="d:\actions-runner\_work\xpco\xpco\eventserver\server\components\central\server\unittest\bin\x64\debug\videoos.event.server.unittest.dll" id="99cd4330-145a-d3bc-5183-5917220ba95a">
      <Execution id="758a99b7-864d-461a-95d1-ca4d9ee82c76" />
      <TestMethod codeBase="D:\actions-runner\_work\XPCO\XPCO\EventServer\Server\Components\Central\Server\unittest\bin\x64\Debug\VideoOS.Event.Server.UnitTest.dll" adapterTypeName="executor://mstestadapter/v2" className="VideoOS.Event.Server.MIP.PlugIn.UnitTest.MapPlugInInternalIconTest" name="TestConstructor" />
    </UnitTest>
    <UnitTest name="TestUpdateObjectWithServerIDInVisualOwnerID" storage="d:\actions-runner\_work\xpco\xpco\eventserver\server\components\central\server\unittest\bin\x64\debug\videoos.event.server.unittest.dll" id="8daa1b42-c536-0259-930d-8df6d9225251">
      <TestCategory>
        <TestCategoryItem TestCategory="WebService/Map" />
      </TestCategory>
      <Execution id="4e14d1b8-ce80-419c-b975-09b43d1cef29" />
      <TestMethod codeBase="D:\actions-runner\_work\XPCO\XPCO\EventServer\Server\Components\Central\Server\unittest\bin\x64\Debug\VideoOS.Event.Server.UnitTest.dll" adapterTypeName="executor://mstestadapter/v2" className="VideoOS.Event.Server.WebService.Map.UnitTest.MapCommandTokenTest" name="TestUpdateObjectWithServerIDInVisualOwnerID" />
    </UnitTest>
    <UnitTest name="TestRuleSystemCommandPipeExecuteAction" storage="d:\actions-runner\_work\xpco\xpco\eventserver\server\components\central\server\unittest\bin\x64\debug\videoos.event.server.unittest.dll" id="fb360f14-445d-1063-3054-52bfed09636a">
      <Execution id="babafd47-f6aa-4f6f-97e3-a065ced1e9e2" />
      <TestMethod codeBase="D:\actions-runner\_work\XPCO\XPCO\EventServer\Server\Components\Central\Server\unittest\bin\x64\Debug\VideoOS.Event.Server.UnitTest.dll" adapterTypeName="executor://mstestadapter/v2" className="VideoOS.Event.Server.UnitTest.XPCORuleSystem.RuleSystemCommandPipeTest" name="TestRuleSystemCommandPipeExecuteAction" />
    </UnitTest>
    <UnitTest name="TestGetStatus" storage="d:\actions-runner\_work\xpco\xpco\eventserver\server\components\central\server\unittest\bin\x64\debug\videoos.event.server.unittest.dll" id="0899a483-f978-208a-59fe-e2759339cea5">
      <Execution id="627db597-5fe7-45e0-bdf7-9230227f4788" />
      <TestMethod codeBase="D:\actions-runner\_work\XPCO\XPCO\EventServer\Server\Components\Central\Server\unittest\bin\x64\Debug\VideoOS.Event.Server.UnitTest.dll" adapterTypeName="executor://mstestadapter/v2" className="VideoOS.Event.Server.WebService.Status.UnitTest.StatusCommandToken2Test" name="TestGetStatus" />
    </UnitTest>
    <UnitTest name="TestUpdateElementWithOldTimestamp" storage="d:\actions-runner\_work\xpco\xpco\eventserver\server\components\central\server\unittest\bin\x64\debug\videoos.event.server.unittest.dll" id="be1dd291-8a0c-ebf5-dd07-b1f3096689d3">
      <Execution id="12265178-08de-4c7a-b7b8-52eb929c8865" />
      <TestMethod codeBase="D:\actions-runner\_work\XPCO\XPCO\EventServer\Server\Components\Central\Server\unittest\bin\x64\Debug\VideoOS.Event.Server.UnitTest.dll" adapterTypeName="executor://mstestadapter/v2" className="VideoOS.Event.Server.Map.UnitTest.VisualElementManagerTest" name="TestUpdateElementWithOldTimestamp" />
    </UnitTest>
    <UnitTest name="TestDeleteObjectWithValidParameters" storage="d:\actions-runner\_work\xpco\xpco\eventserver\server\components\central\server\unittest\bin\x64\debug\videoos.event.server.unittest.dll" id="ece55df4-e844-9447-c6bc-c6f30cd0b12f">
      <TestCategory>
        <TestCategoryItem TestCategory="WebService/Map" />
      </TestCategory>
      <Execution id="36a8aa71-5883-4a3e-8af4-ea2be642b687" />
      <TestMethod codeBase="D:\actions-runner\_work\XPCO\XPCO\EventServer\Server\Components\Central\Server\unittest\bin\x64\Debug\VideoOS.Event.Server.UnitTest.dll" adapterTypeName="executor://mstestadapter/v2" className="VideoOS.Event.Server.WebService.Map.UnitTest.MapCommandCredentialsTest" name="TestDeleteObjectWithValidParameters" />
    </UnitTest>
    <UnitTest name="TestAddException" storage="d:\actions-runner\_work\xpco\xpco\eventserver\server\components\central\server\unittest\bin\x64\debug\videoos.event.server.unittest.dll" id="44b05a81-39e5-1283-ef3e-05637c0ae9d5">
      <Execution id="5b04ea1b-01ba-440b-9d5d-1ae65c332a56" />
      <TestMethod codeBase="D:\actions-runner\_work\XPCO\XPCO\EventServer\Server\Components\Central\Server\unittest\bin\x64\Debug\VideoOS.Event.Server.UnitTest.dll" adapterTypeName="executor://mstestadapter/v2" className="VideoOS.Event.Server.WebService.Alarm.UnitTest.AlarmCommandTokenTest" name="TestAddException" />
    </UnitTest>
    <UnitTest name="TestUpdateObjectThrowingUnhandledException" storage="d:\actions-runner\_work\xpco\xpco\eventserver\server\components\central\server\unittest\bin\x64\debug\videoos.event.server.unittest.dll" id="040abd3d-af7d-66ad-a4bf-bba3d7f15b8e">
      <TestCategory>
        <TestCategoryItem TestCategory="WebService/Map" />
      </TestCategory>
      <Execution id="5ac54456-d663-425e-9fe6-080908491ad0" />
      <TestMethod codeBase="D:\actions-runner\_work\XPCO\XPCO\EventServer\Server\Components\Central\Server\unittest\bin\x64\Debug\VideoOS.Event.Server.UnitTest.dll" adapterTypeName="executor://mstestadapter/v2" className="VideoOS.Event.Server.WebService.Map.UnitTest.MapCommandCredentialsTest" name="TestUpdateObjectThrowingUnhandledException" />
    </UnitTest>
    <UnitTest name="Handle_ShouldFlattenPriorityValue_WhenValuesIncludePriorityName" storage="d:\actions-runner\_work\xpco\xpco\eventserver\server\components\central\server\unittest\bin\x64\debug\videoos.event.server.unittest.dll" id="9989838e-3058-c1a6-8440-9d0a7fb211f2">
      <Execution id="bee54a51-6a21-42c6-8847-92a74785f946" />
      <TestMethod codeBase="D:\actions-runner\_work\XPCO\XPCO\EventServer\Server\Components\Central\Server\unittest\bin\x64\Debug\VideoOS.Event.Server.UnitTest.dll" adapterTypeName="executor://mstestadapter/v2" className="VideoOS.Event.Server.UnitTest.Alarm.Processors.UpdateAlarms.UpdateAlarmCompositeValueHandlerTests" name="Handle_ShouldFlattenPriorityValue_WhenValuesIncludePriorityName" />
    </UnitTest>
    <UnitTest name="TestCacheCleanupSingleSessionSingleUserIdNoTouchMultipleCleanups" storage="d:\actions-runner\_work\xpco\xpco\eventserver\server\components\central\server\unittest\bin\x64\debug\videoos.event.server.unittest.dll" id="a19eee94-e1b1-61eb-a25b-0ec29c47edb0">
      <TestCategory>
        <TestCategoryItem TestCategory="SessionCache" />
      </TestCategory>
      <Execution id="27ea2f5f-f27c-4f23-a89a-3e0d36ef0f89" />
      <TestMethod codeBase="D:\actions-runner\_work\XPCO\XPCO\EventServer\Server\Components\Central\Server\unittest\bin\x64\Debug\VideoOS.Event.Server.UnitTest.dll" adapterTypeName="executor://mstestadapter/v2" className="VideoOS.Event.Server.UnitTest.Session.SessionCacheCleanupTest" name="TestCacheCleanupSingleSessionSingleUserIdNoTouchMultipleCleanups" />
    </UnitTest>
    <UnitTest name="WhenAlarmSearchCriteriaWithNoValuesThenEmptyString" storage="d:\actions-runner\_work\xpco\xpco\eventserver\server\components\central\server\unittest\bin\x64\debug\videoos.event.server.unittest.dll" id="8189793c-3d2c-2ced-546e-72d22af14373">
      <Execution id="4107ffa2-7699-4d8b-9241-aab026441088" />
      <TestMethod codeBase="D:\actions-runner\_work\XPCO\XPCO\EventServer\Server\Components\Central\Server\unittest\bin\x64\Debug\VideoOS.Event.Server.UnitTest.dll" adapterTypeName="executor://mstestadapter/v2" className="VideoOS.Event.Server.UnitTest.WebService.Alarm.InSearchConditionProviderTest" name="WhenAlarmSearchCriteriaWithNoValuesThenEmptyString" />
    </UnitTest>
    <UnitTest name="TestCheckAuthorizationWithWindowsUserWithUnknownError" storage="d:\actions-runner\_work\xpco\xpco\eventserver\server\components\central\server\unittest\bin\x64\debug\videoos.event.server.unittest.dll" id="7138cab9-c2f9-008a-0b0c-9d64fbb5e6b9">
      <TestCategory>
        <TestCategoryItem TestCategory="ActionAuthorizationCache" />
      </TestCategory>
      <Execution id="7030eabd-c313-4c3b-aa13-db6cd05fd396" />
      <TestMethod codeBase="D:\actions-runner\_work\XPCO\XPCO\EventServer\Server\Components\Central\Server\unittest\bin\x64\Debug\VideoOS.Event.Server.UnitTest.dll" adapterTypeName="executor://mstestadapter/v2" className="VideoOS.Event.Server.UnitTest.Security.ActionAuthorizationCacheTest" name="TestCheckAuthorizationWithWindowsUserWithUnknownError" />
    </UnitTest>
    <UnitTest name="TestGetPlugInItemsWithNoItemsAndDeleted" storage="d:\actions-runner\_work\xpco\xpco\eventserver\server\components\central\server\unittest\bin\x64\debug\videoos.event.server.unittest.dll" id="2d346b95-3c07-f0a0-419d-2cb7817a1d00">
      <TestCategory>
        <TestCategoryItem TestCategory="MapPlugInManagerTest" />
      </TestCategory>
      <Execution id="93a31122-3f15-4c3d-ae94-ca4e6a16c8d0" />
      <TestMethod codeBase="D:\actions-runner\_work\XPCO\XPCO\EventServer\Server\Components\Central\Server\unittest\bin\x64\Debug\VideoOS.Event.Server.UnitTest.dll" adapterTypeName="executor://mstestadapter/v2" className="VideoOS.Event.Server.MIP.PlugIn.UnitTest.MapPlugInManagerTest" name="TestGetPlugInItemsWithNoItemsAndDeleted" />
    </UnitTest>
    <UnitTest name="TestGetStatusDetailsWithInvalidCamera" storage="d:\actions-runner\_work\xpco\xpco\eventserver\server\components\central\server\unittest\bin\x64\debug\videoos.event.server.unittest.dll" id="7604a55a-e5b6-44c6-1689-a2eeb42596ff">
      <Execution id="361c30d0-72ef-4d4d-8d94-8af15a209218" />
      <TestMethod codeBase="D:\actions-runner\_work\XPCO\XPCO\EventServer\Server\Components\Central\Server\unittest\bin\x64\Debug\VideoOS.Event.Server.UnitTest.dll" adapterTypeName="executor://mstestadapter/v2" className="VideoOS.Event.Server.Map.Data.UnitTest.StatusElementCameraTest" name="TestGetStatusDetailsWithInvalidCamera" />
    </UnitTest>
    <UnitTest name="TestGetPlugInsWithInvalidUser" storage="d:\actions-runner\_work\xpco\xpco\eventserver\server\components\central\server\unittest\bin\x64\debug\videoos.event.server.unittest.dll" id="0aff4d1c-2404-9d01-845c-f4092cbac346">
      <TestCategory>
        <TestCategoryItem TestCategory="WebService/Map" />
      </TestCategory>
      <Execution id="e79e68e5-6e77-4bb5-a498-48be50a6022a" />
      <TestMethod codeBase="D:\actions-runner\_work\XPCO\XPCO\EventServer\Server\Components\Central\Server\unittest\bin\x64\Debug\VideoOS.Event.Server.UnitTest.dll" adapterTypeName="executor://mstestadapter/v2" className="VideoOS.Event.Server.WebService.Map.UnitTest.MapCommandTokenTest" name="TestGetPlugInsWithInvalidUser" />
    </UnitTest>
    <UnitTest name="TestLoadConfigurationWithValidIdOwnerIdAndRelationId" storage="d:\actions-runner\_work\xpco\xpco\eventserver\server\components\central\server\unittest\bin\x64\debug\videoos.event.server.unittest.dll" id="41ea29e9-e58b-d255-001e-9f1b744018a3">
      <Execution id="d44c66d6-91f5-4655-8a2e-75cb2a6e0086" />
      <TestMethod codeBase="D:\actions-runner\_work\XPCO\XPCO\EventServer\Server\Components\Central\Server\unittest\bin\x64\Debug\VideoOS.Event.Server.UnitTest.dll" adapterTypeName="executor://mstestadapter/v2" className="VideoOS.Event.Server.Map.UnitTest.VisualElementStorageDatabaseTest" name="TestLoadConfigurationWithValidIdOwnerIdAndRelationId" />
    </UnitTest>
    <UnitTest name="Constructor_ShouldThrowArgumentNullException_WhenAlarmDbManagerIsNull" storage="d:\actions-runner\_work\xpco\xpco\eventserver\server\components\central\server\unittest\bin\x64\debug\videoos.event.server.unittest.dll" id="41bd2e7e-c1c9-b8f8-d4b6-2cb33358daae">
      <Execution id="8272628e-8f53-410d-b82a-c12a6fc89872" />
      <TestMethod codeBase="D:\actions-runner\_work\XPCO\XPCO\EventServer\Server\Components\Central\Server\unittest\bin\x64\Debug\VideoOS.Event.Server.UnitTest.dll" adapterTypeName="executor://mstestadapter/v2" className="VideoOS.Event.Server.Security.UnitTest.SecurityCommunicationDBTest" name="Constructor_ShouldThrowArgumentNullException_WhenAlarmDbManagerIsNull" />
    </UnitTest>
    <UnitTest name="TestDeleteObjectWithInvalidUser" storage="d:\actions-runner\_work\xpco\xpco\eventserver\server\components\central\server\unittest\bin\x64\debug\videoos.event.server.unittest.dll" id="596fd6d3-e623-e12e-182c-0c3528e4e9c8">
      <TestCategory>
        <TestCategoryItem TestCategory="WebService/Map" />
      </TestCategory>
      <Execution id="1a3477a4-1122-444e-b748-1e279efde2e2" />
      <TestMethod codeBase="D:\actions-runner\_work\XPCO\XPCO\EventServer\Server\Components\Central\Server\unittest\bin\x64\Debug\VideoOS.Event.Server.UnitTest.dll" adapterTypeName="executor://mstestadapter/v2" className="VideoOS.Event.Server.WebService.Map.UnitTest.MapCommandTokenTest" name="TestDeleteObjectWithInvalidUser" />
    </UnitTest>
    <UnitTest name="TestConstructor" storage="d:\actions-runner\_work\xpco\xpco\eventserver\server\components\central\server\unittest\bin\x64\debug\videoos.event.server.unittest.dll" id="e6be1ea5-a641-6f17-a385-2f4fb68b01bd">
      <TestCategory>
        <TestCategoryItem TestCategory="ActionAuthorizationCache" />
      </TestCategory>
      <Execution id="df138734-ed3b-4957-9ac4-52fe4748d167" />
      <TestMethod codeBase="D:\actions-runner\_work\XPCO\XPCO\EventServer\Server\Components\Central\Server\unittest\bin\x64\Debug\VideoOS.Event.Server.UnitTest.dll" adapterTypeName="executor://mstestadapter/v2" className="VideoOS.Event.Server.UnitTest.Security.ActionAuthorizationCacheTest" name="TestConstructor" />
    </UnitTest>
    <UnitTest name="EventConverter_ParseMetadata_Metadata_Unsupported_Key" storage="d:\actions-runner\_work\xpco\xpco\eventserver\server\components\central\server\unittest\bin\x64\debug\videoos.event.server.unittest.dll" id="edd13736-1fb5-6759-bf44-2515873ea04b">
      <Execution id="bc7b1050-4b6e-4303-bc3f-5b133cce4069" />
      <TestMethod codeBase="D:\actions-runner\_work\XPCO\XPCO\EventServer\Server\Components\Central\Server\unittest\bin\x64\Debug\VideoOS.Event.Server.UnitTest.dll" adapterTypeName="executor://mstestadapter/v2" className="VideoOS.Event.Server.UnitTest.Utils.EventConverterTest" name="EventConverter_ParseMetadata_Metadata_Unsupported_Key" />
    </UnitTest>
    <UnitTest name="TestGetPlugInItemChangesNotAuthenticated" storage="d:\actions-runner\_work\xpco\xpco\eventserver\server\components\central\server\unittest\bin\x64\debug\videoos.event.server.unittest.dll" id="c7c1c2fa-07c7-0f3b-19b5-5eef26b00099">
      <TestCategory>
        <TestCategoryItem TestCategory="WebService/Map" />
      </TestCategory>
      <Execution id="5543d4da-3f78-410b-bcb9-295b8bd5dd90" />
      <TestMethod codeBase="D:\actions-runner\_work\XPCO\XPCO\EventServer\Server\Components\Central\Server\unittest\bin\x64\Debug\VideoOS.Event.Server.UnitTest.dll" adapterTypeName="executor://mstestadapter/v2" className="VideoOS.Event.Server.WebService.Map.UnitTest.MapCommandCredentialsTest" name="TestGetPlugInItemChangesNotAuthenticated" />
    </UnitTest>
    <UnitTest name="TestGetStatusForAllObjectsOfTypeWithElementOnDifferentServer" storage="d:\actions-runner\_work\xpco\xpco\eventserver\server\components\central\server\unittest\bin\x64\debug\videoos.event.server.unittest.dll" id="5d01de28-e6ae-6c22-5c91-d0c7d12338e3">
      <Execution id="2cdc616a-f31f-4887-a191-6460a25931dc" />
      <TestMethod codeBase="D:\actions-runner\_work\XPCO\XPCO\EventServer\Server\Components\Central\Server\unittest\bin\x64\Debug\VideoOS.Event.Server.UnitTest.dll" adapterTypeName="executor://mstestadapter/v2" className="VideoOS.Event.Server.Map.UnitTest.VisualElementStatusCalculatorTest" name="TestGetStatusForAllObjectsOfTypeWithElementOnDifferentServer" />
    </UnitTest>
    <UnitTest name="TestGetAllObjectsOfTypeFromRoot" storage="d:\actions-runner\_work\xpco\xpco\eventserver\server\components\central\server\unittest\bin\x64\debug\videoos.event.server.unittest.dll" id="1788269b-ca02-6525-029b-cb119237421f">
      <TestCategory>
        <TestCategoryItem TestCategory="WebService/Map" />
      </TestCategory>
      <Execution id="9e6c8e0b-2692-46f3-8052-6d53419be1c2" />
      <TestMethod codeBase="D:\actions-runner\_work\XPCO\XPCO\EventServer\Server\Components\Central\Server\unittest\bin\x64\Debug\VideoOS.Event.Server.UnitTest.dll" adapterTypeName="executor://mstestadapter/v2" className="VideoOS.Event.Server.WebService.Map.UnitTest.MapCommandToken2Test" name="TestGetAllObjectsOfTypeFromRoot" />
    </UnitTest>
    <UnitTest name="TestLiveCache" storage="d:\actions-runner\_work\xpco\xpco\eventserver\server\components\central\server\unittest\bin\x64\debug\videoos.event.server.unittest.dll" id="b9344815-31b2-f189-b070-973f4dd1ca18">
      <TestCategory>
        <TestCategoryItem TestCategory="DatabaseConfigurableDataCache" />
      </TestCategory>
      <Execution id="8eaeaf6e-66c6-4e83-bdaf-1224f1d1c064" />
      <TestMethod codeBase="D:\actions-runner\_work\XPCO\XPCO\EventServer\Server\Components\Central\Server\unittest\bin\x64\Debug\VideoOS.Event.Server.UnitTest.dll" adapterTypeName="executor://mstestadapter/v2" className="VideoOS.EventServer.Config.UnitTest.DatabaseConfigurableDataCacheTest" name="TestLiveCache" />
    </UnitTest>
    <UnitTest name="DeleteSuppressStatusItem_DeletesTheExistingItem" storage="d:\actions-runner\_work\xpco\xpco\eventserver\server\components\central\server\unittest\bin\x64\debug\videoos.event.server.unittest.dll" id="024a2dec-1dd7-470d-fb1d-18125e661d42">
      <TestCategory>
        <TestCategoryItem TestCategory="CI" />
      </TestCategory>
      <Execution id="3139652b-19ae-4ca9-90eb-fdd76c562d69" />
      <TestMethod codeBase="D:\actions-runner\_work\XPCO\XPCO\EventServer\Server\Components\Central\Server\unittest\bin\x64\Debug\VideoOS.Event.Server.UnitTest.dll" adapterTypeName="executor://mstestadapter/v2" className="VideoOS.EventServer.Disable.UnitTest.DisableManagerTest" name="DeleteSuppressStatusItem_DeletesTheExistingItem" />
    </UnitTest>
    <UnitTest name="TypeAndCounterStateToEventId_ReturnsCorrectId_OnTypeAndState" storage="d:\actions-runner\_work\xpco\xpco\eventserver\server\components\central\server\unittest\bin\x64\debug\videoos.event.server.unittest.dll" id="b1eb2d95-e380-1f2c-cbad-d734829ebaa6">
      <Execution id="aa097e3f-7353-4c1a-9164-fdb8356bfc24" />
      <TestMethod codeBase="D:\actions-runner\_work\XPCO\XPCO\EventServer\Server\Components\Central\Server\unittest\bin\x64\Debug\VideoOS.Event.Server.UnitTest.dll" adapterTypeName="executor://mstestadapter/v2" className="VideoOS.Event.Server.UnitTest.Communication.Corporate.CurrentStateToEventMapperTest" name="TypeAndCounterStateToEventId_ReturnsCorrectId_OnTypeAndState" />
    </UnitTest>
    <UnitTest name="Constructor_ShouldThrowArgumentNullException_ConfigFilterManagerIsNull" storage="d:\actions-runner\_work\xpco\xpco\eventserver\server\components\central\server\unittest\bin\x64\debug\videoos.event.server.unittest.dll" id="658a588b-f25a-953c-f845-7be4a815fac7">
      <Execution id="db8fb8cf-1e9a-460a-be3b-13f1a05147a1" />
      <TestMethod codeBase="D:\actions-runner\_work\XPCO\XPCO\EventServer\Server\Components\Central\Server\unittest\bin\x64\Debug\VideoOS.Event.Server.UnitTest.dll" adapterTypeName="executor://mstestadapter/v2" className="VideoOS.Event.Server.UnitTest.Config.EventRetentionConfigTests" name="Constructor_ShouldThrowArgumentNullException_ConfigFilterManagerIsNull" />
    </UnitTest>
    <UnitTest name="TestInsertElementWithUsedRelationIdButOnDifferentServer" storage="d:\actions-runner\_work\xpco\xpco\eventserver\server\components\central\server\unittest\bin\x64\debug\videoos.event.server.unittest.dll" id="63cc861a-ada6-6610-a57e-b107a7b46003">
      <Execution id="f80d0656-435d-4f3b-be3b-6d1476c1cef1" />
      <TestMethod codeBase="D:\actions-runner\_work\XPCO\XPCO\EventServer\Server\Components\Central\Server\unittest\bin\x64\Debug\VideoOS.Event.Server.UnitTest.dll" adapterTypeName="executor://mstestadapter/v2" className="VideoOS.Event.Server.Map.UnitTest.VisualElementManagerTest" name="TestInsertElementWithUsedRelationIdButOnDifferentServer" />
    </UnitTest>
    <UnitTest name="TestActionCommandCredentialsConstructor" storage="d:\actions-runner\_work\xpco\xpco\eventserver\server\components\central\server\unittest\bin\x64\debug\videoos.event.server.unittest.dll" id="db4cb7f2-b8a3-b1bb-027d-8824350ed6e4">
      <Execution id="ed25e829-3bd5-4774-9cd0-a5b26c43aa2a" />
      <TestMethod codeBase="D:\actions-runner\_work\XPCO\XPCO\EventServer\Server\Components\Central\Server\unittest\bin\x64\Debug\VideoOS.Event.Server.UnitTest.dll" adapterTypeName="executor://mstestadapter/v2" className="VideoOS.Event.Server.UnitTest.WebService.Action.ActionCommandCredentialsTest" name="TestActionCommandCredentialsConstructor" />
    </UnitTest>
    <UnitTest name="TestRemoveUserWithNullUser" storage="d:\actions-runner\_work\xpco\xpco\eventserver\server\components\central\server\unittest\bin\x64\debug\videoos.event.server.unittest.dll" id="32d260cd-d3ba-7dc8-bbda-4a59e566f96f">
      <TestCategory>
        <TestCategoryItem TestCategory="PermissionManagerFetcher" />
      </TestCategory>
      <Execution id="73bf3f75-ff02-4099-aa92-07c19a76aea0" />
      <TestMethod codeBase="D:\actions-runner\_work\XPCO\XPCO\EventServer\Server\Components\Central\Server\unittest\bin\x64\Debug\VideoOS.Event.Server.UnitTest.dll" adapterTypeName="executor://mstestadapter/v2" className="VideoOS.Event.Server.UnitTest.Security.PermissionFetcherTest" name="TestRemoveUserWithNullUser" />
    </UnitTest>
    <UnitTest name="TestCreateObjectsThrowingUnhandledException" storage="d:\actions-runner\_work\xpco\xpco\eventserver\server\components\central\server\unittest\bin\x64\debug\videoos.event.server.unittest.dll" id="6fe16355-fcdd-f78f-181e-5b3c475aa782">
      <TestCategory>
        <TestCategoryItem TestCategory="WebService/Map" />
      </TestCategory>
      <Execution id="133c60c5-74df-4df6-9445-da8164ad9e3e" />
      <TestMethod codeBase="D:\actions-runner\_work\XPCO\XPCO\EventServer\Server\Components\Central\Server\unittest\bin\x64\Debug\VideoOS.Event.Server.UnitTest.dll" adapterTypeName="executor://mstestadapter/v2" className="VideoOS.Event.Server.WebService.Map.UnitTest.MapCommandTokenTest" name="TestCreateObjectsThrowingUnhandledException" />
    </UnitTest>
    <UnitTest name="TestInsertElementWithServerIdInRelationIdAndCyclicRelation" storage="d:\actions-runner\_work\xpco\xpco\eventserver\server\components\central\server\unittest\bin\x64\debug\videoos.event.server.unittest.dll" id="f0226581-d7f4-7994-5ccb-69826aa89692">
      <Execution id="8922ecdb-c815-46b0-a717-0ff537c720a1" />
      <TestMethod codeBase="D:\actions-runner\_work\XPCO\XPCO\EventServer\Server\Components\Central\Server\unittest\bin\x64\Debug\VideoOS.Event.Server.UnitTest.dll" adapterTypeName="executor://mstestadapter/v2" className="VideoOS.Event.Server.Map.UnitTest.VisualElementManagerTest" name="TestInsertElementWithServerIdInRelationIdAndCyclicRelation" />
    </UnitTest>
    <UnitTest name="TestConstructor" storage="d:\actions-runner\_work\xpco\xpco\eventserver\server\components\central\server\unittest\bin\x64\debug\videoos.event.server.unittest.dll" id="e25dfe72-e1cf-054a-a7c4-9df774032db7">
      <Execution id="200aa91e-ced4-4dd9-bbf7-44a8dcc42286" />
      <TestMethod codeBase="D:\actions-runner\_work\XPCO\XPCO\EventServer\Server\Components\Central\Server\unittest\bin\x64\Debug\VideoOS.Event.Server.UnitTest.dll" adapterTypeName="executor://mstestadapter/v2" className="VideoOS.Event.Server.Map.Data.UnitTest.VisualElementStatusTest" name="TestConstructor" />
    </UnitTest>
    <UnitTest name="TestGetVisualElementChangesWithNewerDeletedTimestampButIgnoreCleanup" storage="d:\actions-runner\_work\xpco\xpco\eventserver\server\components\central\server\unittest\bin\x64\debug\videoos.event.server.unittest.dll" id="96d6153e-28d6-e21a-fb27-2616be6d7107">
      <Execution id="e31f5025-f297-48a2-a3dd-9c6ed3b71fd5" />
      <TestMethod codeBase="D:\actions-runner\_work\XPCO\XPCO\EventServer\Server\Components\Central\Server\unittest\bin\x64\Debug\VideoOS.Event.Server.UnitTest.dll" adapterTypeName="executor://mstestadapter/v2" className="VideoOS.Event.Server.Map.UnitTest.VisualElementManagerTest" name="TestGetVisualElementChangesWithNewerDeletedTimestampButIgnoreCleanup" />
    </UnitTest>
    <UnitTest name="WebServiceCommandBaseTest_VmoAdminUserValidation" storage="d:\actions-runner\_work\xpco\xpco\eventserver\server\components\central\server\unittest\bin\x64\debug\videoos.event.server.unittest.dll" id="80738fc9-f45c-b37e-24ed-0c0f3e31a8eb">
      <Execution id="9eac26a8-2f44-4639-bc5e-b744c862961f" />
      <TestMethod codeBase="D:\actions-runner\_work\XPCO\XPCO\EventServer\Server\Components\Central\Server\unittest\bin\x64\Debug\VideoOS.Event.Server.UnitTest.dll" adapterTypeName="executor://mstestadapter/v2" className="VideoOS.Event.Server.UnitTest.WebService.Action.WebServiceAdminCommandBaseTest" name="WebServiceCommandBaseTest_VmoAdminUserValidation" />
    </UnitTest>
    <UnitTest name="TestCacheCleanupMultipleSessionsMultipleUserIdsTouch" storage="d:\actions-runner\_work\xpco\xpco\eventserver\server\components\central\server\unittest\bin\x64\debug\videoos.event.server.unittest.dll" id="b6d0d5a2-39a3-741c-8375-c98860dbcbd7">
      <TestCategory>
        <TestCategoryItem TestCategory="SessionCache" />
      </TestCategory>
      <Execution id="7044f2dc-33db-4890-b4dc-dccd2af953a7" />
      <TestMethod codeBase="D:\actions-runner\_work\XPCO\XPCO\EventServer\Server\Components\Central\Server\unittest\bin\x64\Debug\VideoOS.Event.Server.UnitTest.dll" adapterTypeName="executor://mstestadapter/v2" className="VideoOS.Event.Server.UnitTest.Session.SessionCacheCleanupTest" name="TestCacheCleanupMultipleSessionsMultipleUserIdsTouch" />
    </UnitTest>
    <UnitTest name="TestRemoveElementAndChildElementsNonRecursiveWithTwoDifferenRelations" storage="d:\actions-runner\_work\xpco\xpco\eventserver\server\components\central\server\unittest\bin\x64\debug\videoos.event.server.unittest.dll" id="862c0172-86db-d049-84e9-0bedb2d2bc07">
      <Execution id="20c33b90-f08f-40f3-baaf-15524aa2e440" />
      <TestMethod codeBase="D:\actions-runner\_work\XPCO\XPCO\EventServer\Server\Components\Central\Server\unittest\bin\x64\Debug\VideoOS.Event.Server.UnitTest.dll" adapterTypeName="executor://mstestadapter/v2" className="VideoOS.Event.Server.Map.UnitTest.VisualElementManagerTest" name="TestRemoveElementAndChildElementsNonRecursiveWithTwoDifferenRelations" />
    </UnitTest>
    <UnitTest name="TestUpdateElementNameWithNonExistingVisualOwnerId" storage="d:\actions-runner\_work\xpco\xpco\eventserver\server\components\central\server\unittest\bin\x64\debug\videoos.event.server.unittest.dll" id="ea6d29d3-95d7-024f-8190-73b535cae4ec">
      <Execution id="5e0fcab8-2f0d-4c7b-a21e-d9a593c947b4" />
      <TestMethod codeBase="D:\actions-runner\_work\XPCO\XPCO\EventServer\Server\Components\Central\Server\unittest\bin\x64\Debug\VideoOS.Event.Server.UnitTest.dll" adapterTypeName="executor://mstestadapter/v2" className="VideoOS.Event.Server.Map.UnitTest.VisualElementManagerTest" name="TestUpdateElementNameWithNonExistingVisualOwnerId" />
    </UnitTest>
    <UnitTest name="TestInsertElementTwoRootElementsWithSameRecursiveElement" storage="d:\actions-runner\_work\xpco\xpco\eventserver\server\components\central\server\unittest\bin\x64\debug\videoos.event.server.unittest.dll" id="668dc18b-52e2-b50c-7609-7facf592731b">
      <Execution id="0ea27448-e4e1-4f49-aa6b-5fd0f4e76ef6" />
      <TestMethod codeBase="D:\actions-runner\_work\XPCO\XPCO\EventServer\Server\Components\Central\Server\unittest\bin\x64\Debug\VideoOS.Event.Server.UnitTest.dll" adapterTypeName="executor://mstestadapter/v2" className="VideoOS.Event.Server.Map.UnitTest.VisualElementManagerTest" name="TestInsertElementTwoRootElementsWithSameRecursiveElement" />
    </UnitTest>
    <UnitTest name="Handle_ShouldFlattenStateValue_WhenValuesIncludeStateIntAndStateNameAndState" storage="d:\actions-runner\_work\xpco\xpco\eventserver\server\components\central\server\unittest\bin\x64\debug\videoos.event.server.unittest.dll" id="43777f90-1960-02ae-d0ac-4e9f90968a37">
      <Execution id="b931646d-abb6-49db-9995-cde0d3ddc31a" />
      <TestMethod codeBase="D:\actions-runner\_work\XPCO\XPCO\EventServer\Server\Components\Central\Server\unittest\bin\x64\Debug\VideoOS.Event.Server.UnitTest.dll" adapterTypeName="executor://mstestadapter/v2" className="VideoOS.Event.Server.UnitTest.Alarm.Processors.UpdateAlarms.UpdateAlarmCompositeValueHandlerTests" name="Handle_ShouldFlattenStateValue_WhenValuesIncludeStateIntAndStateNameAndState" />
    </UnitTest>
    <UnitTest name="TestLoadConfigurationWithMultipleVisualElements" storage="d:\actions-runner\_work\xpco\xpco\eventserver\server\components\central\server\unittest\bin\x64\debug\videoos.event.server.unittest.dll" id="eff6b531-5aa8-3e1d-5b95-85cb31c10312">
      <Execution id="b4d44f1d-08a2-4cdd-b234-f608db6b4be0" />
      <TestMethod codeBase="D:\actions-runner\_work\XPCO\XPCO\EventServer\Server\Components\Central\Server\unittest\bin\x64\Debug\VideoOS.Event.Server.UnitTest.dll" adapterTypeName="executor://mstestadapter/v2" className="VideoOS.Event.Server.Map.UnitTest.VisualElementStorageDatabaseTest" name="TestLoadConfigurationWithMultipleVisualElements" />
    </UnitTest>
    <UnitTest name="TestDeleteObjectWithInvalidUser" storage="d:\actions-runner\_work\xpco\xpco\eventserver\server\components\central\server\unittest\bin\x64\debug\videoos.event.server.unittest.dll" id="a487004f-9199-ea6f-56ef-0474d325771f">
      <TestCategory>
        <TestCategoryItem TestCategory="WebService/Map" />
      </TestCategory>
      <Execution id="1df20a74-827e-41ee-a83c-bec08088487d" />
      <TestMethod codeBase="D:\actions-runner\_work\XPCO\XPCO\EventServer\Server\Components\Central\Server\unittest\bin\x64\Debug\VideoOS.Event.Server.UnitTest.dll" adapterTypeName="executor://mstestadapter/v2" className="VideoOS.Event.Server.WebService.Map.UnitTest.MapCommandToken2Test" name="TestDeleteObjectWithInvalidUser" />
    </UnitTest>
    <UnitTest name="DeleteObjectAndChildObjects_WithValidParameters" storage="d:\actions-runner\_work\xpco\xpco\eventserver\server\components\central\server\unittest\bin\x64\debug\videoos.event.server.unittest.dll" id="b13edc60-e14f-bede-2ebb-2cb5551e6ec9">
      <TestCategory>
        <TestCategoryItem TestCategory="WebService/Map" />
      </TestCategory>
      <Execution id="1d3cb2a2-0833-4acd-88a0-88091bba3f1d" />
      <TestMethod codeBase="D:\actions-runner\_work\XPCO\XPCO\EventServer\Server\Components\Central\Server\unittest\bin\x64\Debug\VideoOS.Event.Server.UnitTest.dll" adapterTypeName="executor://mstestadapter/v2" className="VideoOS.Event.Server.WebService.Map.UnitTest.MapCommandTokenTest" name="DeleteObjectAndChildObjects_WithValidParameters" />
    </UnitTest>
    <UnitTest name="TestGetAllElementsOfTypeWithTwoHotzonesPointingToSameSubMap" storage="d:\actions-runner\_work\xpco\xpco\eventserver\server\components\central\server\unittest\bin\x64\debug\videoos.event.server.unittest.dll" id="cfafff56-2602-965b-6406-2d952413ebf9">
      <Execution id="254a1414-6c6b-4301-b255-2cdc17de720c" />
      <TestMethod codeBase="D:\actions-runner\_work\XPCO\XPCO\EventServer\Server\Components\Central\Server\unittest\bin\x64\Debug\VideoOS.Event.Server.UnitTest.dll" adapterTypeName="executor://mstestadapter/v2" className="VideoOS.Event.Server.Map.UnitTest.VisualElementManagerTest" name="TestGetAllElementsOfTypeWithTwoHotzonesPointingToSameSubMap" />
    </UnitTest>
    <UnitTest name="TestExecuteWhileLockedWithClearCache" storage="d:\actions-runner\_work\xpco\xpco\eventserver\server\components\central\server\unittest\bin\x64\debug\videoos.event.server.unittest.dll" id="ed94f3af-9678-99cb-da54-ba392e399d95">
      <TestCategory>
        <TestCategoryItem TestCategory="DatabaseConfigurableDataCache" />
      </TestCategory>
      <Execution id="9f02d3ba-0dad-4af3-856e-88c5a5519d76" />
      <TestMethod codeBase="D:\actions-runner\_work\XPCO\XPCO\EventServer\Server\Components\Central\Server\unittest\bin\x64\Debug\VideoOS.Event.Server.UnitTest.dll" adapterTypeName="executor://mstestadapter/v2" className="VideoOS.EventServer.Config.UnitTest.DatabaseConfigurableDataCacheTest" name="TestExecuteWhileLockedWithClearCache" />
    </UnitTest>
    <UnitTest name="TestLoadEmptyConfiguration" storage="d:\actions-runner\_work\xpco\xpco\eventserver\server\components\central\server\unittest\bin\x64\debug\videoos.event.server.unittest.dll" id="d8e94a86-10aa-fdae-3afc-5be54dedcd54">
      <Execution id="87a11698-7a8e-4495-9dbc-077e3bd35db2" />
      <TestMethod codeBase="D:\actions-runner\_work\XPCO\XPCO\EventServer\Server\Components\Central\Server\unittest\bin\x64\Debug\VideoOS.Event.Server.UnitTest.dll" adapterTypeName="executor://mstestadapter/v2" className="VideoOS.Event.Server.UnitTest.AccessControl.AccessControlManagerTest" name="TestLoadEmptyConfiguration" />
    </UnitTest>
    <UnitTest name="TestDefaultConstructor" storage="d:\actions-runner\_work\xpco\xpco\eventserver\server\components\central\server\unittest\bin\x64\debug\videoos.event.server.unittest.dll" id="d7eb0fa5-c2e2-65a1-f9f7-5df125636e05">
      <Execution id="4a6f5990-30ec-4777-963e-1fe612ebd5d3" />
      <TestMethod codeBase="D:\actions-runner\_work\XPCO\XPCO\EventServer\Server\Components\Central\Server\unittest\bin\x64\Debug\VideoOS.Event.Server.UnitTest.dll" adapterTypeName="executor://mstestadapter/v2" className="VideoOS.EventServer.Disable.UnitTest.DisableAlarmItemTest" name="TestDefaultConstructor" />
    </UnitTest>
    <UnitTest name="TestAdd" storage="d:\actions-runner\_work\xpco\xpco\eventserver\server\components\central\server\unittest\bin\x64\debug\videoos.event.server.unittest.dll" id="cb9fd1fb-8ab1-0f9d-22d4-5063f280bf96">
      <Execution id="b2d25086-c649-45ed-a323-56f924d49c13" />
      <TestMethod codeBase="D:\actions-runner\_work\XPCO\XPCO\EventServer\Server\Components\Central\Server\unittest\bin\x64\Debug\VideoOS.Event.Server.UnitTest.dll" adapterTypeName="executor://mstestadapter/v2" className="VideoOS.Event.Server.WebService.Alarm.UnitTest.AlarmCommandTokenTest" name="TestAdd" />
    </UnitTest>
    <UnitTest name="TestGetAllElementsOfTypeFromRoot" storage="d:\actions-runner\_work\xpco\xpco\eventserver\server\components\central\server\unittest\bin\x64\debug\videoos.event.server.unittest.dll" id="7e8f69c1-55be-9077-4450-bb0da14ab5e8">
      <Execution id="dc25f6d9-b406-4268-8029-9914c4561d3f" />
      <TestMethod codeBase="D:\actions-runner\_work\XPCO\XPCO\EventServer\Server\Components\Central\Server\unittest\bin\x64\Debug\VideoOS.Event.Server.UnitTest.dll" adapterTypeName="executor://mstestadapter/v2" className="VideoOS.Event.Server.Map.UnitTest.VisualElementManagerTest" name="TestGetAllElementsOfTypeFromRoot" />
    </UnitTest>
    <UnitTest name="TestUpdateMultipleAlarms" storage="d:\actions-runner\_work\xpco\xpco\eventserver\server\components\central\server\unittest\bin\x64\debug\videoos.event.server.unittest.dll" id="ff97e124-3d02-c664-47e9-a160c2113d29">
      <Execution id="5e6d6407-3855-485e-b15d-055d02813f3d" />
      <TestMethod codeBase="D:\actions-runner\_work\XPCO\XPCO\EventServer\Server\Components\Central\Server\unittest\bin\x64\Debug\VideoOS.Event.Server.UnitTest.dll" adapterTypeName="executor://mstestadapter/v2" className="VideoOS.Event.Server.WebService.Alarm.UnitTest.AlarmCommandTokenTest" name="TestUpdateMultipleAlarms" />
    </UnitTest>
    <UnitTest name="TestDisplayXML" storage="d:\actions-runner\_work\xpco\xpco\eventserver\server\components\central\server\unittest\bin\x64\debug\videoos.event.server.unittest.dll" id="59908a85-7166-7469-7788-dbc94daa0091">
      <Execution id="f61404d8-71f6-4152-9adc-913088081114" />
      <TestMethod codeBase="D:\actions-runner\_work\XPCO\XPCO\EventServer\Server\Components\Central\Server\unittest\bin\x64\Debug\VideoOS.Event.Server.UnitTest.dll" adapterTypeName="executor://mstestadapter/v2" className="VideoOS.Event.Server.Map.Data.UnitTest.VisualElementStorageTest" name="TestDisplayXML" />
    </UnitTest>
    <UnitTest name="TestUpdateNameThrowingUnhandledException" storage="d:\actions-runner\_work\xpco\xpco\eventserver\server\components\central\server\unittest\bin\x64\debug\videoos.event.server.unittest.dll" id="339967ea-4862-67f1-7ac1-d6c751900a46">
      <TestCategory>
        <TestCategoryItem TestCategory="WebService/Map" />
      </TestCategory>
      <Execution id="2a2f168a-1996-46f3-84c6-0b52d0867d4f" />
      <TestMethod codeBase="D:\actions-runner\_work\XPCO\XPCO\EventServer\Server\Components\Central\Server\unittest\bin\x64\Debug\VideoOS.Event.Server.UnitTest.dll" adapterTypeName="executor://mstestadapter/v2" className="VideoOS.Event.Server.WebService.Map.UnitTest.MapCommandCredentialsTest" name="TestUpdateNameThrowingUnhandledException" />
    </UnitTest>
    <UnitTest name="TestUpdateStateWithUnknownDevice" storage="d:\actions-runner\_work\xpco\xpco\eventserver\server\components\central\server\unittest\bin\x64\debug\videoos.event.server.unittest.dll" id="1401e9ec-43ed-d93b-acf5-3d379ae583c1">
      <Execution id="2ccb9c64-776a-49e3-bfa3-89b73225faa6" />
      <TestMethod codeBase="D:\actions-runner\_work\XPCO\XPCO\EventServer\Server\Components\Central\Server\unittest\bin\x64\Debug\VideoOS.Event.Server.UnitTest.dll" adapterTypeName="executor://mstestadapter/v2" className="VideoOS.Event.Server.Map.Data.UnitTest.StatusElementDeviceTest" name="TestUpdateStateWithUnknownDevice" />
    </UnitTest>
    <UnitTest name="TestConstructorWithFactory" storage="d:\actions-runner\_work\xpco\xpco\eventserver\server\components\central\server\unittest\bin\x64\debug\videoos.event.server.unittest.dll" id="70370df1-7a4a-f979-db78-aa2b854af0b2">
      <Execution id="3616f914-ddbe-47fe-a984-bf3be4cd0f5c" />
      <TestMethod codeBase="D:\actions-runner\_work\XPCO\XPCO\EventServer\Server\Components\Central\Server\unittest\bin\x64\Debug\VideoOS.Event.Server.UnitTest.dll" adapterTypeName="executor://mstestadapter/v2" className="VideoOS.Event.Server.Map.UnitTest.VisualElementStatusCalculatorTest" name="TestConstructorWithFactory" />
    </UnitTest>
    <UnitTest name="TestCheckAccessWithForce" storage="d:\actions-runner\_work\xpco\xpco\eventserver\server\components\central\server\unittest\bin\x64\debug\videoos.event.server.unittest.dll" id="8a008f19-8c0c-1ccf-7f84-a2d6bcee30d0">
      <Execution id="fe230581-7fbe-4ad9-bdc2-186b259931c7" />
      <TestMethod codeBase="D:\actions-runner\_work\XPCO\XPCO\EventServer\Server\Components\Central\Server\unittest\bin\x64\Debug\VideoOS.Event.Server.UnitTest.dll" adapterTypeName="executor://mstestadapter/v2" className="VideoOS.Event.Server.Map.Access.UnitTest.DefaultAccessControlTest" name="TestCheckAccessWithForce" />
    </UnitTest>
    <UnitTest name="TestShutdown" storage="d:\actions-runner\_work\xpco\xpco\eventserver\server\components\central\server\unittest\bin\x64\debug\videoos.event.server.unittest.dll" id="f84268a3-d107-9fe2-639b-5219dc4b85d1">
      <Execution id="b9558cb1-cd42-40a9-aeee-75931b04be94" />
      <TestMethod codeBase="D:\actions-runner\_work\XPCO\XPCO\EventServer\Server\Components\Central\Server\unittest\bin\x64\Debug\VideoOS.Event.Server.UnitTest.dll" adapterTypeName="executor://mstestadapter/v2" className="VideoOS.Event.Server.MIP.PlugIn.UnitTest.MapPlugInEventHandlerTest" name="TestShutdown" />
    </UnitTest>
    <UnitTest name="TestLoadXMLWithAllCorrectValues" storage="d:\actions-runner\_work\xpco\xpco\eventserver\server\components\central\server\unittest\bin\x64\debug\videoos.event.server.unittest.dll" id="10541a8e-64ba-d774-f402-b9f32edbec4d">
      <Execution id="7de577c5-aa61-4520-b6af-f014389f0bb7" />
      <TestMethod codeBase="D:\actions-runner\_work\XPCO\XPCO\EventServer\Server\Components\Central\Server\unittest\bin\x64\Debug\VideoOS.Event.Server.UnitTest.dll" adapterTypeName="executor://mstestadapter/v2" className="VideoOS.Event.Server.Map.Data.UnitTest.AccessListStorageTest" name="TestLoadXMLWithAllCorrectValues" />
    </UnitTest>
    <UnitTest name="CreateInstanceReturnsMessageIdWhenCorporateEventTypeIdInMessageId" storage="d:\actions-runner\_work\xpco\xpco\eventserver\server\components\central\server\unittest\bin\x64\debug\videoos.event.server.unittest.dll" id="0531a6e3-4b1d-bc85-e7b0-17ca38e8abce">
      <Execution id="c3678446-39fb-4780-833d-032d275adff8" />
      <TestMethod codeBase="D:\actions-runner\_work\XPCO\XPCO\EventServer\Server\Components\Central\Server\unittest\bin\x64\Debug\VideoOS.Event.Server.UnitTest.dll" adapterTypeName="executor://mstestadapter/v2" className="VideoOS.Event.Server.UnitTest.Event.MapperEventTypeProviderTest" name="CreateInstanceReturnsMessageIdWhenCorporateEventTypeIdInMessageId" />
    </UnitTest>
    <UnitTest name="TestGetVisualizationChangesWithNulTimeout" storage="d:\actions-runner\_work\xpco\xpco\eventserver\server\components\central\server\unittest\bin\x64\debug\videoos.event.server.unittest.dll" id="4e371b17-35ef-55df-0fa1-d3ddda9e8bbd">
      <Execution id="17d87730-03d9-4d82-ac6d-62a96ec20878" />
      <TestMethod codeBase="D:\actions-runner\_work\XPCO\XPCO\EventServer\Server\Components\Central\Server\unittest\bin\x64\Debug\VideoOS.Event.Server.UnitTest.dll" adapterTypeName="executor://mstestadapter/v2" className="VideoOS.Event.Server.WebService.Status.UnitTest.StatusCommandToken2Test" name="TestGetVisualizationChangesWithNulTimeout" />
    </UnitTest>
    <UnitTest name="EventConverter_ConvertEventStatusToBaseItem_EventStatus_Null" storage="d:\actions-runner\_work\xpco\xpco\eventserver\server\components\central\server\unittest\bin\x64\debug\videoos.event.server.unittest.dll" id="cb2aa95c-8beb-d0c2-1741-b4fe4c31b24a">
      <Execution id="d6bf95a6-1136-4f6d-9801-44b798df1d0c" />
      <TestMethod codeBase="D:\actions-runner\_work\XPCO\XPCO\EventServer\Server\Components\Central\Server\unittest\bin\x64\Debug\VideoOS.Event.Server.UnitTest.dll" adapterTypeName="executor://mstestadapter/v2" className="VideoOS.Event.Server.UnitTest.Utils.EventConverterTest" name="EventConverter_ConvertEventStatusToBaseItem_EventStatus_Null" />
    </UnitTest>
    <UnitTest name="TestLogoutThrowingUnhandledException" storage="d:\actions-runner\_work\xpco\xpco\eventserver\server\components\central\server\unittest\bin\x64\debug\videoos.event.server.unittest.dll" id="b75eadaf-ca79-0fa3-f481-7827d3fdbfc2">
      <TestCategory>
        <TestCategoryItem TestCategory="WebService/Map" />
      </TestCategory>
      <Execution id="7f3c2575-d786-4342-b16f-4e99ce864b73" />
      <TestMethod codeBase="D:\actions-runner\_work\XPCO\XPCO\EventServer\Server\Components\Central\Server\unittest\bin\x64\Debug\VideoOS.Event.Server.UnitTest.dll" adapterTypeName="executor://mstestadapter/v2" className="VideoOS.Event.Server.WebService.Map.UnitTest.MapCommandTokenTest" name="TestLogoutThrowingUnhandledException" />
    </UnitTest>
    <UnitTest name="EventConverter_Instance" storage="d:\actions-runner\_work\xpco\xpco\eventserver\server\components\central\server\unittest\bin\x64\debug\videoos.event.server.unittest.dll" id="3dee02cb-5656-71b9-8f76-ae46cff96f99">
      <Execution id="d68f1176-3ac1-40ef-9d66-bccf7b7e46f8" />
      <TestMethod codeBase="D:\actions-runner\_work\XPCO\XPCO\EventServer\Server\Components\Central\Server\unittest\bin\x64\Debug\VideoOS.Event.Server.UnitTest.dll" adapterTypeName="executor://mstestadapter/v2" className="VideoOS.Event.Server.UnitTest.Utils.EventConverterTest" name="EventConverter_Instance" />
    </UnitTest>
    <UnitTest name="TestCacheCleanupSingleSessionSingleUserIdNoTouch" storage="d:\actions-runner\_work\xpco\xpco\eventserver\server\components\central\server\unittest\bin\x64\debug\videoos.event.server.unittest.dll" id="af2f1c64-8a2a-cc80-4b30-6947f73e734f">
      <TestCategory>
        <TestCategoryItem TestCategory="SessionCache" />
      </TestCategory>
      <Execution id="d9b1cc74-cedd-4c0f-93b6-ad217b78b0a5" />
      <TestMethod codeBase="D:\actions-runner\_work\XPCO\XPCO\EventServer\Server\Components\Central\Server\unittest\bin\x64\Debug\VideoOS.Event.Server.UnitTest.dll" adapterTypeName="executor://mstestadapter/v2" className="VideoOS.Event.Server.UnitTest.Session.SessionCacheCleanupTest" name="TestCacheCleanupSingleSessionSingleUserIdNoTouch" />
    </UnitTest>
    <UnitTest name="WhenAlarmSearchCriteriaWithCorrectDataThenCorrectString" storage="d:\actions-runner\_work\xpco\xpco\eventserver\server\components\central\server\unittest\bin\x64\debug\videoos.event.server.unittest.dll" id="8a29233c-71d1-67fd-f2f9-f76830d36268">
      <Execution id="4b1d9ef3-edfa-475f-bbb4-e9b03d18f564" />
      <TestMethod codeBase="D:\actions-runner\_work\XPCO\XPCO\EventServer\Server\Components\Central\Server\unittest\bin\x64\Debug\VideoOS.Event.Server.UnitTest.dll" adapterTypeName="executor://mstestadapter/v2" className="VideoOS.Event.Server.UnitTest.WebService.Alarm.AlarmSearchCriteriaConditionFactoryTest" name="WhenAlarmSearchCriteriaWithCorrectDataThenCorrectString" />
    </UnitTest>
    <UnitTest name="TestConstructorWithNullPluginDefinition" storage="d:\actions-runner\_work\xpco\xpco\eventserver\server\components\central\server\unittest\bin\x64\debug\videoos.event.server.unittest.dll" id="a0e44636-1ff6-6a1e-ac48-cd0b02b4597b">
      <TestCategory>
        <TestCategoryItem TestCategory="PermissionManagerFetcher" />
      </TestCategory>
      <Execution id="29477286-d087-467f-a626-33ebf6badad3" />
      <TestMethod codeBase="D:\actions-runner\_work\XPCO\XPCO\EventServer\Server\Components\Central\Server\unittest\bin\x64\Debug\VideoOS.Event.Server.UnitTest.dll" adapterTypeName="executor://mstestadapter/v2" className="VideoOS.Event.Server.UnitTest.Security.AuthorizationFetcher.MIPItemAuthorizationFetcherTest" name="TestConstructorWithNullPluginDefinition" />
    </UnitTest>
    <UnitTest name="ActivatePlugInAction_WithValidParameters" storage="d:\actions-runner\_work\xpco\xpco\eventserver\server\components\central\server\unittest\bin\x64\debug\videoos.event.server.unittest.dll" id="8f6be93f-ae19-1739-c558-d78ee9b6c788">
      <TestCategory>
        <TestCategoryItem TestCategory="WebService/Map" />
      </TestCategory>
      <Execution id="c3a758d1-a402-4cda-b6d8-dfabbf0f2987" />
      <TestMethod codeBase="D:\actions-runner\_work\XPCO\XPCO\EventServer\Server\Components\Central\Server\unittest\bin\x64\Debug\VideoOS.Event.Server.UnitTest.dll" adapterTypeName="executor://mstestadapter/v2" className="VideoOS.Event.Server.WebService.Map.UnitTest.MapCommandTokenTest" name="ActivatePlugInAction_WithValidParameters" />
    </UnitTest>
    <UnitTest name="TestGetStatusDetailNotAuthenticated" storage="d:\actions-runner\_work\xpco\xpco\eventserver\server\components\central\server\unittest\bin\x64\debug\videoos.event.server.unittest.dll" id="ac4537e1-9bda-803f-f98e-b8a7b0cac0f9">
      <Execution id="9370d7b4-eb68-4e90-ae81-4a41b4512211" />
      <TestMethod codeBase="D:\actions-runner\_work\XPCO\XPCO\EventServer\Server\Components\Central\Server\unittest\bin\x64\Debug\VideoOS.Event.Server.UnitTest.dll" adapterTypeName="executor://mstestadapter/v2" className="VideoOS.Event.Server.WebService.Status.UnitTest.StatusCommandCredentialsTest" name="TestGetStatusDetailNotAuthenticated" />
    </UnitTest>
    <UnitTest name="TestGetHeaderException" storage="d:\actions-runner\_work\xpco\xpco\eventserver\server\components\central\server\unittest\bin\x64\debug\videoos.event.server.unittest.dll" id="5cb95ba8-2ed5-0457-cda8-ddf8ed781451">
      <Execution id="8147b8b2-2b20-496f-acf0-697f209c0768" />
      <TestMethod codeBase="D:\actions-runner\_work\XPCO\XPCO\EventServer\Server\Components\Central\Server\unittest\bin\x64\Debug\VideoOS.Event.Server.UnitTest.dll" adapterTypeName="executor://mstestadapter/v2" className="VideoOS.Event.Server.WebService.Alarm.UnitTest.AlarmCommandTokenTest" name="TestGetHeaderException" />
    </UnitTest>
    <UnitTest name="ReadIdentity_ShouldReturnUserId_WhenUserWithGivenNameExists" storage="d:\actions-runner\_work\xpco\xpco\eventserver\server\components\central\server\unittest\bin\x64\debug\videoos.event.server.unittest.dll" id="49e81401-1a46-bf7c-3dc9-487f2b70b4e0">
      <Execution id="a362cd76-214e-4722-907b-1a971aa5f578" />
      <TestMethod codeBase="D:\actions-runner\_work\XPCO\XPCO\EventServer\Server\Components\Central\Server\unittest\bin\x64\Debug\VideoOS.Event.Server.UnitTest.dll" adapterTypeName="executor://mstestadapter/v2" className="VideoOS.Event.Server.Security.UnitTest.SecurityCommunicationDBTest" name="ReadIdentity_ShouldReturnUserId_WhenUserWithGivenNameExists" />
    </UnitTest>
    <UnitTest name="RemoveSoundTest" storage="d:\actions-runner\_work\xpco\xpco\eventserver\server\components\central\server\unittest\bin\x64\debug\videoos.event.server.unittest.dll" id="4c573b44-ffb9-27ab-53fa-a44efc2b060a">
      <Execution id="4e9d517c-6cff-4d6f-b063-aef6ef818b01" />
      <TestMethod codeBase="D:\actions-runner\_work\XPCO\XPCO\EventServer\Server\Components\Central\Server\unittest\bin\x64\Debug\VideoOS.Event.Server.UnitTest.dll" adapterTypeName="executor://mstestadapter/v2" className="VideoOS.Event.Server.Sound.UnitTest.SoundManagerTest" name="RemoveSoundTest" />
    </UnitTest>
    <UnitTest name="TestUpdateState" storage="d:\actions-runner\_work\xpco\xpco\eventserver\server\components\central\server\unittest\bin\x64\debug\videoos.event.server.unittest.dll" id="6d5770e0-f986-7f23-55f0-2f4cb6f37932">
      <Execution id="31776fa7-6086-465d-9417-c558346e1ef2" />
      <TestMethod codeBase="D:\actions-runner\_work\XPCO\XPCO\EventServer\Server\Components\Central\Server\unittest\bin\x64\Debug\VideoOS.Event.Server.UnitTest.dll" adapterTypeName="executor://mstestadapter/v2" className="VideoOS.Event.Server.Map.Data.UnitTest.StatusElementMapPlugInTest" name="TestUpdateState" />
    </UnitTest>
    <UnitTest name="CreateObjects_WithValidParameters" storage="d:\actions-runner\_work\xpco\xpco\eventserver\server\components\central\server\unittest\bin\x64\debug\videoos.event.server.unittest.dll" id="be97b11f-8dc8-1eaa-e222-f5f0d93061d2">
      <TestCategory>
        <TestCategoryItem TestCategory="WebService/Map" />
      </TestCategory>
      <Execution id="eb74ca8e-6428-46f3-8697-d48885e3ba20" />
      <TestMethod codeBase="D:\actions-runner\_work\XPCO\XPCO\EventServer\Server\Components\Central\Server\unittest\bin\x64\Debug\VideoOS.Event.Server.UnitTest.dll" adapterTypeName="executor://mstestadapter/v2" className="VideoOS.Event.Server.WebService.Map.UnitTest.MapCommandTokenTest" name="CreateObjects_WithValidParameters" />
    </UnitTest>
    <UnitTest name="TestConstructorWithFactory" storage="d:\actions-runner\_work\xpco\xpco\eventserver\server\components\central\server\unittest\bin\x64\debug\videoos.event.server.unittest.dll" id="6e7a7fc2-9543-cbf0-5e34-48c99ec5d8fc">
      <Execution id="4d0f53ba-bfe3-45a2-af16-fb01a21331a2" />
      <TestMethod codeBase="D:\actions-runner\_work\XPCO\XPCO\EventServer\Server\Components\Central\Server\unittest\bin\x64\Debug\VideoOS.Event.Server.UnitTest.dll" adapterTypeName="executor://mstestadapter/v2" className="VideoOS.Event.Server.MIP.PlugIn.UnitTest.MapPlugInTypeEventHandlerTest" name="TestConstructorWithFactory" />
    </UnitTest>
    <UnitTest name="TestCopyObject" storage="d:\actions-runner\_work\xpco\xpco\eventserver\server\components\central\server\unittest\bin\x64\debug\videoos.event.server.unittest.dll" id="666817bb-393b-286c-5b5e-86d66b36b67e">
      <Execution id="13310b46-ba3b-48be-8d83-5f028527ed59" />
      <TestMethod codeBase="D:\actions-runner\_work\XPCO\XPCO\EventServer\Server\Components\Central\Server\unittest\bin\x64\Debug\VideoOS.Event.Server.UnitTest.dll" adapterTypeName="executor://mstestadapter/v2" className="VideoOS.Event.Server.Map.Data.UnitTest.TypeIDStorageFactoryTest" name="TestCopyObject" />
    </UnitTest>
    <UnitTest name="TestRemoveElementAndChildElementsRecursive" storage="d:\actions-runner\_work\xpco\xpco\eventserver\server\components\central\server\unittest\bin\x64\debug\videoos.event.server.unittest.dll" id="19789653-59e6-f3c4-77df-ecd0baf02b64">
      <Execution id="f720ba97-c553-4c77-8513-61c6740fb92b" />
      <TestMethod codeBase="D:\actions-runner\_work\XPCO\XPCO\EventServer\Server\Components\Central\Server\unittest\bin\x64\Debug\VideoOS.Event.Server.UnitTest.dll" adapterTypeName="executor://mstestadapter/v2" className="VideoOS.Event.Server.Map.UnitTest.VisualElementManagerTest" name="TestRemoveElementAndChildElementsRecursive" />
    </UnitTest>
    <UnitTest name="GetAllObjectIDsOnVisualElement_WithValidParameters" storage="d:\actions-runner\_work\xpco\xpco\eventserver\server\components\central\server\unittest\bin\x64\debug\videoos.event.server.unittest.dll" id="767c499b-6b4e-ed35-1957-484bc25803c1">
      <TestCategory>
        <TestCategoryItem TestCategory="WebService/Map" />
      </TestCategory>
      <Execution id="0576e5f1-72b5-40a5-99f1-c6726463405f" />
      <TestMethod codeBase="D:\actions-runner\_work\XPCO\XPCO\EventServer\Server\Components\Central\Server\unittest\bin\x64\Debug\VideoOS.Event.Server.UnitTest.dll" adapterTypeName="executor://mstestadapter/v2" className="VideoOS.Event.Server.WebService.Map.UnitTest.MapCommandTokenTest" name="GetAllObjectIDsOnVisualElement_WithValidParameters" />
    </UnitTest>
    <UnitTest name="TestInsertElementWithServerIdInRelationId" storage="d:\actions-runner\_work\xpco\xpco\eventserver\server\components\central\server\unittest\bin\x64\debug\videoos.event.server.unittest.dll" id="330158ae-6f44-a1bc-0496-e8414b808346">
      <Execution id="5a9289ff-b4ca-4e96-bd05-9b1e8ab79060" />
      <TestMethod codeBase="D:\actions-runner\_work\XPCO\XPCO\EventServer\Server\Components\Central\Server\unittest\bin\x64\Debug\VideoOS.Event.Server.UnitTest.dll" adapterTypeName="executor://mstestadapter/v2" className="VideoOS.Event.Server.Map.UnitTest.VisualElementManagerTest" name="TestInsertElementWithServerIdInRelationId" />
    </UnitTest>
    <UnitTest name="TestTypeID" storage="d:\actions-runner\_work\xpco\xpco\eventserver\server\components\central\server\unittest\bin\x64\debug\videoos.event.server.unittest.dll" id="a9081024-1a3c-3980-14ce-9946c32defb3">
      <Execution id="d4a13692-cad9-4aa4-bad8-88c8b4a3f5a4" />
      <TestMethod codeBase="D:\actions-runner\_work\XPCO\XPCO\EventServer\Server\Components\Central\Server\unittest\bin\x64\Debug\VideoOS.Event.Server.UnitTest.dll" adapterTypeName="executor://mstestadapter/v2" className="VideoOS.Event.Server.MIP.PlugIn.UnitTest.MapPlugInTypeEventHandlerTest" name="TestTypeID" />
    </UnitTest>
    <UnitTest name="TestUpdateElements" storage="d:\actions-runner\_work\xpco\xpco\eventserver\server\components\central\server\unittest\bin\x64\debug\videoos.event.server.unittest.dll" id="f1542542-675f-de45-6963-b933ea9417ec">
      <Execution id="9931b6ec-7468-41cb-89b3-1a022c071835" />
      <TestMethod codeBase="D:\actions-runner\_work\XPCO\XPCO\EventServer\Server\Components\Central\Server\unittest\bin\x64\Debug\VideoOS.Event.Server.UnitTest.dll" adapterTypeName="executor://mstestadapter/v2" className="VideoOS.Event.Server.Map.UnitTest.VisualElementManagerTest" name="TestUpdateElements" />
    </UnitTest>
    <UnitTest name="TestGetStatusForAllObjectsOfTypeWithInsufficientRights" storage="d:\actions-runner\_work\xpco\xpco\eventserver\server\components\central\server\unittest\bin\x64\debug\videoos.event.server.unittest.dll" id="1f66a028-fe14-83e5-1dc3-037a7ab62871">
      <Execution id="17bdc573-2e4b-40c6-be7d-61b88c4cc23f" />
      <TestMethod codeBase="D:\actions-runner\_work\XPCO\XPCO\EventServer\Server\Components\Central\Server\unittest\bin\x64\Debug\VideoOS.Event.Server.UnitTest.dll" adapterTypeName="executor://mstestadapter/v2" className="VideoOS.Event.Server.Map.UnitTest.VisualElementStatusCalculatorTest" name="TestGetStatusForAllObjectsOfTypeWithInsufficientRights" />
    </UnitTest>
    <UnitTest name="TestInsertElementsAccessListWithoutItemButRelatedElementWithItem" storage="d:\actions-runner\_work\xpco\xpco\eventserver\server\components\central\server\unittest\bin\x64\debug\videoos.event.server.unittest.dll" id="85bc96f5-633a-73ce-38a3-065c75c961bf">
      <Execution id="35db8ee7-c21e-4a10-895b-b56ffd48e6bf" />
      <TestMethod codeBase="D:\actions-runner\_work\XPCO\XPCO\EventServer\Server\Components\Central\Server\unittest\bin\x64\Debug\VideoOS.Event.Server.UnitTest.dll" adapterTypeName="executor://mstestadapter/v2" className="VideoOS.Event.Server.Map.UnitTest.VisualElementManagerTest" name="TestInsertElementsAccessListWithoutItemButRelatedElementWithItem" />
    </UnitTest>
    <UnitTest name="TestLoadXMLWithNoParametersCorrect" storage="d:\actions-runner\_work\xpco\xpco\eventserver\server\components\central\server\unittest\bin\x64\debug\videoos.event.server.unittest.dll" id="dcab5aed-cb1b-c54d-fac5-8be674eef501">
      <Execution id="9b8fad46-e3f6-4064-babf-571e3ddae961" />
      <TestMethod codeBase="D:\actions-runner\_work\XPCO\XPCO\EventServer\Server\Components\Central\Server\unittest\bin\x64\Debug\VideoOS.Event.Server.UnitTest.dll" adapterTypeName="executor://mstestadapter/v2" className="VideoOS.Event.Server.Map.Data.UnitTest.PositionStorageTest" name="TestLoadXMLWithNoParametersCorrect" />
    </UnitTest>
    <UnitTest name="TestRemoveElementAndChildElementsWithSameParentRelation" storage="d:\actions-runner\_work\xpco\xpco\eventserver\server\components\central\server\unittest\bin\x64\debug\videoos.event.server.unittest.dll" id="b86c8948-f7d8-728c-6904-dc5d9758ae66">
      <Execution id="fa3bd1e5-adbe-4151-94f6-497c0736bb3e" />
      <TestMethod codeBase="D:\actions-runner\_work\XPCO\XPCO\EventServer\Server\Components\Central\Server\unittest\bin\x64\Debug\VideoOS.Event.Server.UnitTest.dll" adapterTypeName="executor://mstestadapter/v2" className="VideoOS.Event.Server.Map.UnitTest.VisualElementManagerTest" name="TestRemoveElementAndChildElementsWithSameParentRelation" />
    </UnitTest>
    <UnitTest name="TestOneACSystemPLUnsupportedOneACSystemPLUnsupported" storage="d:\actions-runner\_work\xpco\xpco\eventserver\server\components\central\server\unittest\bin\x64\debug\videoos.event.server.unittest.dll" id="1ec81807-d127-32aa-fc7b-9ec8ae41fc40">
      <TestCategory>
        <TestCategoryItem TestCategory="AccessControlUserIdTransformer" />
      </TestCategory>
      <Execution id="2ad8189c-58ba-4247-81fa-a1fc1a511572" />
      <TestMethod codeBase="D:\actions-runner\_work\XPCO\XPCO\EventServer\Server\Components\Central\Server\unittest\bin\x64\Debug\VideoOS.Event.Server.UnitTest.dll" adapterTypeName="executor://mstestadapter/v2" className="VideoOS.Event.Server.UnitTest.Session.AccessControlUserIdTransformerTest" name="TestOneACSystemPLUnsupportedOneACSystemPLUnsupported" />
    </UnitTest>
    <UnitTest name="TestGetStatusForAllObjectsOfTypeWithMapPlugInItem" storage="d:\actions-runner\_work\xpco\xpco\eventserver\server\components\central\server\unittest\bin\x64\debug\videoos.event.server.unittest.dll" id="f8a85ac7-0b47-a9c1-be80-451780272705">
      <Execution id="244432d0-9f63-4446-9df7-cd6d7a515a25" />
      <TestMethod codeBase="D:\actions-runner\_work\XPCO\XPCO\EventServer\Server\Components\Central\Server\unittest\bin\x64\Debug\VideoOS.Event.Server.UnitTest.dll" adapterTypeName="executor://mstestadapter/v2" className="VideoOS.Event.Server.Map.UnitTest.VisualElementStatusCalculatorTest" name="TestGetStatusForAllObjectsOfTypeWithMapPlugInItem" />
    </UnitTest>
    <UnitTest name="TestClose" storage="d:\actions-runner\_work\xpco\xpco\eventserver\server\components\central\server\unittest\bin\x64\debug\videoos.event.server.unittest.dll" id="14b24c83-afb1-1fe1-ea5d-17b496ea31a4">
      <TestCategory>
        <TestCategoryItem TestCategory="MapPlugInManagerTest" />
      </TestCategory>
      <Execution id="4eb91ccf-51c3-498c-9d13-f77992c11bf4" />
      <TestMethod codeBase="D:\actions-runner\_work\XPCO\XPCO\EventServer\Server\Components\Central\Server\unittest\bin\x64\Debug\VideoOS.Event.Server.UnitTest.dll" adapterTypeName="executor://mstestadapter/v2" className="VideoOS.Event.Server.MIP.PlugIn.UnitTest.MapPlugInManagerTest" name="TestClose" />
    </UnitTest>
    <UnitTest name="WebServiceTest_CreateWsHTTPBindingSecurityModeNone" storage="d:\actions-runner\_work\xpco\xpco\eventserver\server\components\central\server\unittest\bin\x64\debug\videoos.event.server.unittest.dll" id="eae8144a-f656-dd1f-f75c-bc79cb2d904b">
      <Execution id="c3c04c46-0b13-45eb-8a3f-43ecf82201c4" />
      <TestMethod codeBase="D:\actions-runner\_work\XPCO\XPCO\EventServer\Server\Components\Central\Server\unittest\bin\x64\Debug\VideoOS.Event.Server.UnitTest.dll" adapterTypeName="executor://mstestadapter/v2" className="VideoOS.Event.Server.UnitTest.WebService.WebServiceTest" name="WebServiceTest_CreateWsHTTPBindingSecurityModeNone" />
    </UnitTest>
    <UnitTest name="TestGetVisualizationChangesWithNullData" storage="d:\actions-runner\_work\xpco\xpco\eventserver\server\components\central\server\unittest\bin\x64\debug\videoos.event.server.unittest.dll" id="73be019d-1c26-14f4-6197-8702434cb789">
      <Execution id="3063cc63-ae31-4f67-9d45-4279d0905594" />
      <TestMethod codeBase="D:\actions-runner\_work\XPCO\XPCO\EventServer\Server\Components\Central\Server\unittest\bin\x64\Debug\VideoOS.Event.Server.UnitTest.dll" adapterTypeName="executor://mstestadapter/v2" className="VideoOS.Event.Server.WebService.Status.UnitTest.StatusCommandCredentialsTest" name="TestGetVisualizationChangesWithNullData" />
    </UnitTest>
    <UnitTest name="TestGetXMLWithNullVariables" storage="d:\actions-runner\_work\xpco\xpco\eventserver\server\components\central\server\unittest\bin\x64\debug\videoos.event.server.unittest.dll" id="434456dd-83b8-b9ef-a9e7-a51b85b3e467">
      <Execution id="547082a4-479f-40e7-b102-fda450b5f6db" />
      <TestMethod codeBase="D:\actions-runner\_work\XPCO\XPCO\EventServer\Server\Components\Central\Server\unittest\bin\x64\Debug\VideoOS.Event.Server.UnitTest.dll" adapterTypeName="executor://mstestadapter/v2" className="VideoOS.Event.Server.Map.Data.UnitTest.TypeIdStorageTest" name="TestGetXMLWithNullVariables" />
    </UnitTest>
    <UnitTest name="TestCopyObject" storage="d:\actions-runner\_work\xpco\xpco\eventserver\server\components\central\server\unittest\bin\x64\debug\videoos.event.server.unittest.dll" id="65a8332d-4352-8dbc-8434-d77dc0a1f9da">
      <Execution id="44269b8b-2bb8-4b83-ac21-976d720a2e3c" />
      <TestMethod codeBase="D:\actions-runner\_work\XPCO\XPCO\EventServer\Server\Components\Central\Server\unittest\bin\x64\Debug\VideoOS.Event.Server.UnitTest.dll" adapterTypeName="executor://mstestadapter/v2" className="VideoOS.Event.Server.Map.Data.UnitTest.VisualizationStateStorageFactoryTest" name="TestCopyObject" />
    </UnitTest>
    <UnitTest name="TestClearCache" storage="d:\actions-runner\_work\xpco\xpco\eventserver\server\components\central\server\unittest\bin\x64\debug\videoos.event.server.unittest.dll" id="656d23cf-ad47-3b41-6227-124bedd60d2c">
      <Execution id="4eececa6-ba1e-46d0-ad6e-db7da50fce27" />
      <TestMethod codeBase="D:\actions-runner\_work\XPCO\XPCO\EventServer\Server\Components\Central\Server\unittest\bin\x64\Debug\VideoOS.Event.Server.UnitTest.dll" adapterTypeName="executor://mstestadapter/v2" className="VideoOS.Central.Server.UnitTest.Security.PermissionManagerTest" name="TestClearCache" />
    </UnitTest>
    <UnitTest name="TestConstructor" storage="d:\actions-runner\_work\xpco\xpco\eventserver\server\components\central\server\unittest\bin\x64\debug\videoos.event.server.unittest.dll" id="55e4c6ef-9688-250a-8df9-cb5fdcccf252">
      <Execution id="10b7f211-b98b-44ac-adc9-1a082d51f411" />
      <TestMethod codeBase="D:\actions-runner\_work\XPCO\XPCO\EventServer\Server\Components\Central\Server\unittest\bin\x64\Debug\VideoOS.Event.Server.UnitTest.dll" adapterTypeName="executor://mstestadapter/v2" className="VideoOS.EventServer.Disable.UnitTest.SuppressStatusItemTest" name="TestConstructor" />
    </UnitTest>
    <UnitTest name="TestConstructorWithNullPacketHandler" storage="d:\actions-runner\_work\xpco\xpco\eventserver\server\components\central\server\unittest\bin\x64\debug\videoos.event.server.unittest.dll" id="778afe15-3438-7d2c-b20e-d28186da20a8">
      <TestCategory>
        <TestCategoryItem TestCategory="PermissionManagerFetcher" />
      </TestCategory>
      <Execution id="08a5a019-9ace-4794-a732-9c0305484222" />
      <TestMethod codeBase="D:\actions-runner\_work\XPCO\XPCO\EventServer\Server\Components\Central\Server\unittest\bin\x64\Debug\VideoOS.Event.Server.UnitTest.dll" adapterTypeName="executor://mstestadapter/v2" className="VideoOS.Event.Server.UnitTest.Security.AuthorizationFetcher.AccessControlItemAuthorizationFetcherTest" name="TestConstructorWithNullPacketHandler" />
    </UnitTest>
    <UnitTest name="TestOneACSystemPLUnsupportedOneACSystemPLDisabled" storage="d:\actions-runner\_work\xpco\xpco\eventserver\server\components\central\server\unittest\bin\x64\debug\videoos.event.server.unittest.dll" id="77d33b19-697e-aae6-4835-530b4384aafd">
      <TestCategory>
        <TestCategoryItem TestCategory="AccessControlUserIdTransformer" />
      </TestCategory>
      <Execution id="00e645b5-dbcb-4a3f-abc9-be2ee55bac13" />
      <TestMethod codeBase="D:\actions-runner\_work\XPCO\XPCO\EventServer\Server\Components\Central\Server\unittest\bin\x64\Debug\VideoOS.Event.Server.UnitTest.dll" adapterTypeName="executor://mstestadapter/v2" className="VideoOS.Event.Server.UnitTest.Session.AccessControlUserIdTransformerTest" name="TestOneACSystemPLUnsupportedOneACSystemPLDisabled" />
    </UnitTest>
    <UnitTest name="TestGetStatusTreeStructureWithComplexCyclicRelationWithMultipleRoots" storage="d:\actions-runner\_work\xpco\xpco\eventserver\server\components\central\server\unittest\bin\x64\debug\videoos.event.server.unittest.dll" id="d2cda2a3-f6b2-77c1-c33f-4505bd31bf6f">
      <Execution id="c9a75488-627e-4a39-b21b-233a535edb13" />
      <TestMethod codeBase="D:\actions-runner\_work\XPCO\XPCO\EventServer\Server\Components\Central\Server\unittest\bin\x64\Debug\VideoOS.Event.Server.UnitTest.dll" adapterTypeName="executor://mstestadapter/v2" className="VideoOS.Event.Server.Map.UnitTest.VisualElementStatusCalculatorTest" name="TestGetStatusTreeStructureWithComplexCyclicRelationWithMultipleRoots" />
    </UnitTest>
    <UnitTest name="TestGetDataWithPrune" storage="d:\actions-runner\_work\xpco\xpco\eventserver\server\components\central\server\unittest\bin\x64\debug\videoos.event.server.unittest.dll" id="fd0ab141-7840-5d96-7618-b67c8b840eee">
      <TestCategory>
        <TestCategoryItem TestCategory="DatabaseConfigurableDataCache" />
      </TestCategory>
      <Execution id="3a20b0b6-9a71-4c69-880f-53d7c6587027" />
      <TestMethod codeBase="D:\actions-runner\_work\XPCO\XPCO\EventServer\Server\Components\Central\Server\unittest\bin\x64\Debug\VideoOS.Event.Server.UnitTest.dll" adapterTypeName="executor://mstestadapter/v2" className="VideoOS.EventServer.Config.UnitTest.DatabaseConfigurableDataCacheTest" name="TestGetDataWithPrune" />
    </UnitTest>
    <UnitTest name="TestIcon" storage="d:\actions-runner\_work\xpco\xpco\eventserver\server\components\central\server\unittest\bin\x64\debug\videoos.event.server.unittest.dll" id="ccc8201a-cb2f-dd61-e37c-f0be3ae17276">
      <Execution id="55cf7510-ca8f-4d65-8ef1-a589fd873c35" />
      <TestMethod codeBase="D:\actions-runner\_work\XPCO\XPCO\EventServer\Server\Components\Central\Server\unittest\bin\x64\Debug\VideoOS.Event.Server.UnitTest.dll" adapterTypeName="executor://mstestadapter/v2" className="VideoOS.Event.Server.MIP.PlugIn.UnitTest.MapPlugInEventHandlerTest" name="TestIcon" />
    </UnitTest>
    <UnitTest name="LoadConfiguration_ShouldSetTheValuesFromTheProvidedConfiguration_OnceLoadingIsCompleted" storage="d:\actions-runner\_work\xpco\xpco\eventserver\server\components\central\server\unittest\bin\x64\debug\videoos.event.server.unittest.dll" id="2ef8916d-a194-5e24-5900-54c8ab00f21b">
      <Execution id="060975da-3811-4894-8de7-c10d78850362" />
      <TestMethod codeBase="D:\actions-runner\_work\XPCO\XPCO\EventServer\Server\Components\Central\Server\unittest\bin\x64\Debug\VideoOS.Event.Server.UnitTest.dll" adapterTypeName="executor://mstestadapter/v2" className="VideoOS.Event.Server.UnitTest.Config.EventRetentionConfigTests" name="LoadConfiguration_ShouldSetTheValuesFromTheProvidedConfiguration_OnceLoadingIsCompleted" />
    </UnitTest>
    <UnitTest name="TestCreateObjectThrowingUnhandledException" storage="d:\actions-runner\_work\xpco\xpco\eventserver\server\components\central\server\unittest\bin\x64\debug\videoos.event.server.unittest.dll" id="1615d896-8039-477a-8cb4-89284c760e2c">
      <TestCategory>
        <TestCategoryItem TestCategory="WebService/Map" />
      </TestCategory>
      <Execution id="7514643e-559a-4ad6-a409-77121f2c253d" />
      <TestMethod codeBase="D:\actions-runner\_work\XPCO\XPCO\EventServer\Server\Components\Central\Server\unittest\bin\x64\Debug\VideoOS.Event.Server.UnitTest.dll" adapterTypeName="executor://mstestadapter/v2" className="VideoOS.Event.Server.WebService.Map.UnitTest.MapCommandCredentialsTest" name="TestCreateObjectThrowingUnhandledException" />
    </UnitTest>
    <UnitTest name="TestIconWithNullIcon" storage="d:\actions-runner\_work\xpco\xpco\eventserver\server\components\central\server\unittest\bin\x64\debug\videoos.event.server.unittest.dll" id="a6a02ab7-42ed-4631-7ecb-7e2cdab16bb2">
      <Execution id="907fa9f7-b7d3-412f-aa54-e899a87ecc9f" />
      <TestMethod codeBase="D:\actions-runner\_work\XPCO\XPCO\EventServer\Server\Components\Central\Server\unittest\bin\x64\Debug\VideoOS.Event.Server.UnitTest.dll" adapterTypeName="executor://mstestadapter/v2" className="VideoOS.Event.Server.MIP.PlugIn.UnitTest.MapPlugInEventHandlerTest" name="TestIconWithNullIcon" />
    </UnitTest>
    <UnitTest name="TestGetPlugInItemChangesThrowingUnhandledException" storage="d:\actions-runner\_work\xpco\xpco\eventserver\server\components\central\server\unittest\bin\x64\debug\videoos.event.server.unittest.dll" id="2a02f797-197a-d19e-cf45-13600a76856b">
      <TestCategory>
        <TestCategoryItem TestCategory="WebService/Map" />
      </TestCategory>
      <Execution id="d524493e-1ea2-44aa-9a26-01b5d5be78f7" />
      <TestMethod codeBase="D:\actions-runner\_work\XPCO\XPCO\EventServer\Server\Components\Central\Server\unittest\bin\x64\Debug\VideoOS.Event.Server.UnitTest.dll" adapterTypeName="executor://mstestadapter/v2" className="VideoOS.Event.Server.WebService.Map.UnitTest.MapCommandToken2Test" name="TestGetPlugInItemChangesThrowingUnhandledException" />
    </UnitTest>
    <UnitTest name="TestGetPlugIns" storage="d:\actions-runner\_work\xpco\xpco\eventserver\server\components\central\server\unittest\bin\x64\debug\videoos.event.server.unittest.dll" id="bb55e130-5f01-e081-978d-29a528a58c56">
      <TestCategory>
        <TestCategoryItem TestCategory="MapPlugInManagerTest" />
      </TestCategory>
      <Execution id="8509962c-c2c0-4b36-9abe-d666c41de43b" />
      <TestMethod codeBase="D:\actions-runner\_work\XPCO\XPCO\EventServer\Server\Components\Central\Server\unittest\bin\x64\Debug\VideoOS.Event.Server.UnitTest.dll" adapterTypeName="executor://mstestadapter/v2" className="VideoOS.Event.Server.MIP.PlugIn.UnitTest.MapPlugInManagerTest" name="TestGetPlugIns" />
    </UnitTest>
    <UnitTest name="TestUpdateObjectsThrowingUnhandledException" storage="d:\actions-runner\_work\xpco\xpco\eventserver\server\components\central\server\unittest\bin\x64\debug\videoos.event.server.unittest.dll" id="5cdc70af-ff91-ee76-bf09-79c97701d345">
      <TestCategory>
        <TestCategoryItem TestCategory="WebService/Map" />
      </TestCategory>
      <Execution id="3feb5155-178a-46e8-ac96-523e5b7588fc" />
      <TestMethod codeBase="D:\actions-runner\_work\XPCO\XPCO\EventServer\Server\Components\Central\Server\unittest\bin\x64\Debug\VideoOS.Event.Server.UnitTest.dll" adapterTypeName="executor://mstestadapter/v2" className="VideoOS.Event.Server.WebService.Map.UnitTest.MapCommandTokenTest" name="TestUpdateObjectsThrowingUnhandledException" />
    </UnitTest>
    <UnitTest name="TrimStart_ReturnWordAfterPrefix_WhenInputIncludesPrefixAndContent" storage="d:\actions-runner\_work\xpco\xpco\eventserver\server\components\central\server\unittest\bin\x64\debug\videoos.event.server.unittest.dll" id="3bd90d8d-3840-8444-9982-0a5a71948575">
      <TestCategory>
        <TestCategoryItem TestCategory="AccessControl" />
      </TestCategory>
      <Execution id="53512fbb-95c0-4e8c-8f49-5d918b1f9dfc" />
      <TestMethod codeBase="D:\actions-runner\_work\XPCO\XPCO\EventServer\Server\Components\Central\Server\unittest\bin\x64\Debug\VideoOS.Event.Server.UnitTest.dll" adapterTypeName="executor://mstestadapter/v2" className="VideoOS.Event.Server.UnitTest.AccessControl.AccessControlSystemTests" name="TrimStart_ReturnWordAfterPrefix_WhenInputIncludesPrefixAndContent" />
    </UnitTest>
    <UnitTest name="TestGetAllObjectIDsOnVisualElementThrowingUnhandledException" storage="d:\actions-runner\_work\xpco\xpco\eventserver\server\components\central\server\unittest\bin\x64\debug\videoos.event.server.unittest.dll" id="81e2928b-d8a3-fc74-f97a-2c34a5d92bf3">
      <TestCategory>
        <TestCategoryItem TestCategory="WebService/Map" />
      </TestCategory>
      <Execution id="b3441ea7-4398-4cd9-b5aa-0ee862510cef" />
      <TestMethod codeBase="D:\actions-runner\_work\XPCO\XPCO\EventServer\Server\Components\Central\Server\unittest\bin\x64\Debug\VideoOS.Event.Server.UnitTest.dll" adapterTypeName="executor://mstestadapter/v2" className="VideoOS.Event.Server.WebService.Map.UnitTest.MapCommandCredentialsTest" name="TestGetAllObjectIDsOnVisualElementThrowingUnhandledException" />
    </UnitTest>
    <UnitTest name="GetEventTypesTest" storage="d:\actions-runner\_work\xpco\xpco\eventserver\server\components\central\server\unittest\bin\x64\debug\videoos.event.server.unittest.dll" id="e3262ca2-b92e-9142-2017-e6fceeb13397">
      <Execution id="a13df267-5955-4e2c-98de-b3d865fd4dde" />
      <TestMethod codeBase="D:\actions-runner\_work\XPCO\XPCO\EventServer\Server\Components\Central\Server\unittest\bin\x64\Debug\VideoOS.Event.Server.UnitTest.dll" adapterTypeName="executor://mstestadapter/v2" className="VideoOS.Event.Server.UnitTest.AccessControl.AccessControlEventTypeProviderTest" name="GetEventTypesTest" />
    </UnitTest>
    <UnitTest name="TestRemoveElementAndChildElementsWithNonExistingId" storage="d:\actions-runner\_work\xpco\xpco\eventserver\server\components\central\server\unittest\bin\x64\debug\videoos.event.server.unittest.dll" id="d70987a7-ad0e-7dc7-a5e7-ae54c7805c43">
      <Execution id="6a72e88e-dbad-44dc-b4e3-d9d21e34887c" />
      <TestMethod codeBase="D:\actions-runner\_work\XPCO\XPCO\EventServer\Server\Components\Central\Server\unittest\bin\x64\Debug\VideoOS.Event.Server.UnitTest.dll" adapterTypeName="executor://mstestadapter/v2" className="VideoOS.Event.Server.Map.UnitTest.VisualElementManagerTest" name="TestRemoveElementAndChildElementsWithNonExistingId" />
    </UnitTest>
    <UnitTest name="TestUpdateState" storage="d:\actions-runner\_work\xpco\xpco\eventserver\server\components\central\server\unittest\bin\x64\debug\videoos.event.server.unittest.dll" id="02d616ae-c78c-eff2-6768-d722c6db358e">
      <Execution id="eb93d0be-7e7e-4a92-97c9-a720486ae347" />
      <TestMethod codeBase="D:\actions-runner\_work\XPCO\XPCO\EventServer\Server\Components\Central\Server\unittest\bin\x64\Debug\VideoOS.Event.Server.UnitTest.dll" adapterTypeName="executor://mstestadapter/v2" className="VideoOS.Event.Server.Map.Data.UnitTest.StatusElementDeviceTest" name="TestUpdateState" />
    </UnitTest>
    <UnitTest name="TestConstructor" storage="d:\actions-runner\_work\xpco\xpco\eventserver\server\components\central\server\unittest\bin\x64\debug\videoos.event.server.unittest.dll" id="7b03728c-06a1-8649-8ebb-9e968a991819">
      <Execution id="72007f84-366f-4435-a5b6-fdeb9e7ec6e5" />
      <TestMethod codeBase="D:\actions-runner\_work\XPCO\XPCO\EventServer\Server\Components\Central\Server\unittest\bin\x64\Debug\VideoOS.Event.Server.UnitTest.dll" adapterTypeName="executor://mstestadapter/v2" className="VideoOS.Event.Server.MIP.PlugIn.UnitTest.MapPlugInInternalContextMenuItemTest" name="TestConstructor" />
    </UnitTest>
    <UnitTest name="TestLoadConfigurationWithoutValidId" storage="d:\actions-runner\_work\xpco\xpco\eventserver\server\components\central\server\unittest\bin\x64\debug\videoos.event.server.unittest.dll" id="d11de860-4163-85a1-7115-b5634191d79e">
      <Execution id="ba98e694-781f-4cbd-b484-b1a4e7a6529e" />
      <TestMethod codeBase="D:\actions-runner\_work\XPCO\XPCO\EventServer\Server\Components\Central\Server\unittest\bin\x64\Debug\VideoOS.Event.Server.UnitTest.dll" adapterTypeName="executor://mstestadapter/v2" className="VideoOS.Event.Server.Map.UnitTest.VisualElementStorageDatabaseTest" name="TestLoadConfigurationWithoutValidId" />
    </UnitTest>
    <UnitTest name="TestXmlValid" storage="d:\actions-runner\_work\xpco\xpco\eventserver\server\components\central\server\unittest\bin\x64\debug\videoos.event.server.unittest.dll" id="d367d6c7-6508-d285-3904-129e7c7eed2d">
      <Execution id="315d4630-3618-455c-9b82-0b63a2bf75b2" />
      <TestMethod codeBase="D:\actions-runner\_work\XPCO\XPCO\EventServer\Server\Components\Central\Server\unittest\bin\x64\Debug\VideoOS.Event.Server.UnitTest.dll" adapterTypeName="executor://mstestadapter/v2" className="VideoOS.EventServer.Disable.UnitTest.SuppressStatusItemTest" name="TestXmlValid" />
    </UnitTest>
    <UnitTest name="EventConverter_ConvertEventStatusToBaseItem_Success_ExternalEvent_Undefined" storage="d:\actions-runner\_work\xpco\xpco\eventserver\server\components\central\server\unittest\bin\x64\debug\videoos.event.server.unittest.dll" id="d1ea3dbc-ae5e-1318-b51a-3467e3c99c47">
      <Execution id="6e9ed81d-2179-424d-8de7-b03307785c75" />
      <TestMethod codeBase="D:\actions-runner\_work\XPCO\XPCO\EventServer\Server\Components\Central\Server\unittest\bin\x64\Debug\VideoOS.Event.Server.UnitTest.dll" adapterTypeName="executor://mstestadapter/v2" className="VideoOS.Event.Server.UnitTest.Utils.EventConverterTest" name="EventConverter_ConvertEventStatusToBaseItem_Success_ExternalEvent_Undefined" />
    </UnitTest>
    <UnitTest name="TestGetTypeWithKnownType" storage="d:\actions-runner\_work\xpco\xpco\eventserver\server\components\central\server\unittest\bin\x64\debug\videoos.event.server.unittest.dll" id="acac15f2-8d07-b82f-4ea7-5882088d661e">
      <Execution id="886d4d92-d2ee-4e2c-9067-9c5f1347b1f3" />
      <TestMethod codeBase="D:\actions-runner\_work\XPCO\XPCO\EventServer\Server\Components\Central\Server\unittest\bin\x64\Debug\VideoOS.Event.Server.UnitTest.dll" adapterTypeName="executor://mstestadapter/v2" className="VideoOS.Event.Server.MIP.PlugIn.UnitTest.MapPlugInEventHandlerTest" name="TestGetTypeWithKnownType" />
    </UnitTest>
    <UnitTest name="TestLoadXMLWithNoParametersCorrect" storage="d:\actions-runner\_work\xpco\xpco\eventserver\server\components\central\server\unittest\bin\x64\debug\videoos.event.server.unittest.dll" id="f10e4c7f-7c2f-db88-a32e-4b694fe871d7">
      <Execution id="6698394d-f2bd-4bd2-921e-2bee4e9b7180" />
      <TestMethod codeBase="D:\actions-runner\_work\XPCO\XPCO\EventServer\Server\Components\Central\Server\unittest\bin\x64\Debug\VideoOS.Event.Server.UnitTest.dll" adapterTypeName="executor://mstestadapter/v2" className="VideoOS.Event.Server.Map.Data.UnitTest.BoundsStorageTest" name="TestLoadXMLWithNoParametersCorrect" />
    </UnitTest>
    <UnitTest name="TestUpdateElementWithOwnerElement" storage="d:\actions-runner\_work\xpco\xpco\eventserver\server\components\central\server\unittest\bin\x64\debug\videoos.event.server.unittest.dll" id="60210042-0b26-379a-0c8f-fc467a31fbf3">
      <Execution id="bc0044b4-634e-4043-9ec5-5a5ed5c1771a" />
      <TestMethod codeBase="D:\actions-runner\_work\XPCO\XPCO\EventServer\Server\Components\Central\Server\unittest\bin\x64\Debug\VideoOS.Event.Server.UnitTest.dll" adapterTypeName="executor://mstestadapter/v2" className="VideoOS.Event.Server.Map.UnitTest.VisualElementManagerTest" name="TestUpdateElementWithOwnerElement" />
    </UnitTest>
    <UnitTest name="TestGetPlugInItemChangesWithNewerDeletedTimestamp" storage="d:\actions-runner\_work\xpco\xpco\eventserver\server\components\central\server\unittest\bin\x64\debug\videoos.event.server.unittest.dll" id="cb3eeac3-dc0d-3da5-bb56-3918885deb1c">
      <TestCategory>
        <TestCategoryItem TestCategory="MapPlugInManagerTest" />
      </TestCategory>
      <Execution id="a12bebf0-36c3-48f2-a08c-e8d9b7527a48" />
      <TestMethod codeBase="D:\actions-runner\_work\XPCO\XPCO\EventServer\Server\Components\Central\Server\unittest\bin\x64\Debug\VideoOS.Event.Server.UnitTest.dll" adapterTypeName="executor://mstestadapter/v2" className="VideoOS.Event.Server.MIP.PlugIn.UnitTest.MapPlugInManagerTest" name="TestGetPlugInItemChangesWithNewerDeletedTimestamp" />
    </UnitTest>
    <UnitTest name="TestLoadAndInitSingleACSystemConfiguration" storage="d:\actions-runner\_work\xpco\xpco\eventserver\server\components\central\server\unittest\bin\x64\debug\videoos.event.server.unittest.dll" id="6e1def5b-2f08-1a99-fdf0-0847a888dfa8">
      <Execution id="b909c10f-441a-4c4f-97b6-3a46ef96c2ff" />
      <TestMethod codeBase="D:\actions-runner\_work\XPCO\XPCO\EventServer\Server\Components\Central\Server\unittest\bin\x64\Debug\VideoOS.Event.Server.UnitTest.dll" adapterTypeName="executor://mstestadapter/v2" className="VideoOS.Event.Server.UnitTest.AccessControl.AccessControlManagerTest" name="TestLoadAndInitSingleACSystemConfiguration" />
    </UnitTest>
    <UnitTest name="TestGetVisualization" storage="d:\actions-runner\_work\xpco\xpco\eventserver\server\components\central\server\unittest\bin\x64\debug\videoos.event.server.unittest.dll" id="8536e151-edc3-ab1b-23e8-57399f33348f">
      <Execution id="0ec24f27-2e04-4b48-985a-9cc88833c76a" />
      <TestMethod codeBase="D:\actions-runner\_work\XPCO\XPCO\EventServer\Server\Components\Central\Server\unittest\bin\x64\Debug\VideoOS.Event.Server.UnitTest.dll" adapterTypeName="executor://mstestadapter/v2" className="VideoOS.Event.Server.WebService.Status.UnitTest.StatusCommandCredentialsTest" name="TestGetVisualization" />
    </UnitTest>
    <UnitTest name="TestGetPlugInsWithValidParameters" storage="d:\actions-runner\_work\xpco\xpco\eventserver\server\components\central\server\unittest\bin\x64\debug\videoos.event.server.unittest.dll" id="610f9de5-1a8b-0485-3547-74b0599f2c6c">
      <TestCategory>
        <TestCategoryItem TestCategory="WebService/Map" />
      </TestCategory>
      <Execution id="fc7fd6bd-18dd-409f-bdb8-3d12b5ac35d8" />
      <TestMethod codeBase="D:\actions-runner\_work\XPCO\XPCO\EventServer\Server\Components\Central\Server\unittest\bin\x64\Debug\VideoOS.Event.Server.UnitTest.dll" adapterTypeName="executor://mstestadapter/v2" className="VideoOS.Event.Server.WebService.Map.UnitTest.MapCommandCredentialsTest" name="TestGetPlugInsWithValidParameters" />
    </UnitTest>
    <UnitTest name="TestGetVisualElementChangesWithPositiveTimeout" storage="d:\actions-runner\_work\xpco\xpco\eventserver\server\components\central\server\unittest\bin\x64\debug\videoos.event.server.unittest.dll" id="d081cb70-5069-1fa2-b65b-e11f6ed53103">
      <Execution id="30a90734-75a8-43b6-8e40-cb4ba9e83cf0" />
      <TestMethod codeBase="D:\actions-runner\_work\XPCO\XPCO\EventServer\Server\Components\Central\Server\unittest\bin\x64\Debug\VideoOS.Event.Server.UnitTest.dll" adapterTypeName="executor://mstestadapter/v2" className="VideoOS.Event.Server.WebService.Status.UnitTest.StatusCommandToken2Test" name="TestGetVisualElementChangesWithPositiveTimeout" />
    </UnitTest>
    <UnitTest name="TestIconWithNullIconData" storage="d:\actions-runner\_work\xpco\xpco\eventserver\server\components\central\server\unittest\bin\x64\debug\videoos.event.server.unittest.dll" id="c1700cc0-d9ff-860f-9ee2-4bddd688914a">
      <Execution id="2a4c0ea8-da61-4495-8023-38117778cfce" />
      <TestMethod codeBase="D:\actions-runner\_work\XPCO\XPCO\EventServer\Server\Components\Central\Server\unittest\bin\x64\Debug\VideoOS.Event.Server.UnitTest.dll" adapterTypeName="executor://mstestadapter/v2" className="VideoOS.Event.Server.MIP.PlugIn.UnitTest.MapPlugInEventHandlerTest" name="TestIconWithNullIconData" />
    </UnitTest>
    <UnitTest name="TestConstructor" storage="d:\actions-runner\_work\xpco\xpco\eventserver\server\components\central\server\unittest\bin\x64\debug\videoos.event.server.unittest.dll" id="b94641e4-ee46-3d33-d427-e9153ae3739f">
      <Execution id="fcae7bdb-e747-4c0e-8a14-c7ddd220563c" />
      <TestMethod codeBase="D:\actions-runner\_work\XPCO\XPCO\EventServer\Server\Components\Central\Server\unittest\bin\x64\Debug\VideoOS.Event.Server.UnitTest.dll" adapterTypeName="executor://mstestadapter/v2" className="VideoOS.Event.Server.Map.Data.UnitTest.StatusElementMapPlugInTest" name="TestConstructor" />
    </UnitTest>
    <UnitTest name="UpdateBounds_WithValidParameters" storage="d:\actions-runner\_work\xpco\xpco\eventserver\server\components\central\server\unittest\bin\x64\debug\videoos.event.server.unittest.dll" id="ed24a0ae-0c10-dd44-6e9d-7b367e82eda5">
      <TestCategory>
        <TestCategoryItem TestCategory="WebService/Map" />
      </TestCategory>
      <Execution id="c528f117-b48f-4f56-ae34-5c7ccd8ca2c1" />
      <TestMethod codeBase="D:\actions-runner\_work\XPCO\XPCO\EventServer\Server\Components\Central\Server\unittest\bin\x64\Debug\VideoOS.Event.Server.UnitTest.dll" adapterTypeName="executor://mstestadapter/v2" className="VideoOS.Event.Server.WebService.Map.UnitTest.MapCommandToken2Test" name="UpdateBounds_WithValidParameters" />
    </UnitTest>
    <UnitTest name="TestItemsWithItemIdsMixed" storage="d:\actions-runner\_work\xpco\xpco\eventserver\server\components\central\server\unittest\bin\x64\debug\videoos.event.server.unittest.dll" id="c77b71b2-995b-c5bf-2b47-cce0693c6383">
      <Execution id="bfa0091e-1c75-4a6e-b328-e16fc5948e23" />
      <TestMethod codeBase="D:\actions-runner\_work\XPCO\XPCO\EventServer\Server\Components\Central\Server\unittest\bin\x64\Debug\VideoOS.Event.Server.UnitTest.dll" adapterTypeName="executor://mstestadapter/v2" className="VideoOS.Event.Server.MIP.PlugIn.UnitTest.MapPlugInTypeEventHandlerTest" name="TestItemsWithItemIdsMixed" />
    </UnitTest>
    <UnitTest name="TestUpdateElementDisplayXmlWithAMarkedForDeletionElement" storage="d:\actions-runner\_work\xpco\xpco\eventserver\server\components\central\server\unittest\bin\x64\debug\videoos.event.server.unittest.dll" id="1fd2b6be-bcbc-4280-f0ae-7029582ffa98">
      <Execution id="e55486d2-b9ce-43b0-a2b1-c941ecae38e7" />
      <TestMethod codeBase="D:\actions-runner\_work\XPCO\XPCO\EventServer\Server\Components\Central\Server\unittest\bin\x64\Debug\VideoOS.Event.Server.UnitTest.dll" adapterTypeName="executor://mstestadapter/v2" className="VideoOS.Event.Server.Map.UnitTest.VisualElementManagerTest" name="TestUpdateElementDisplayXmlWithAMarkedForDeletionElement" />
    </UnitTest>
    <UnitTest name="TestUpdateDisplayXMLWithValidParameters" storage="d:\actions-runner\_work\xpco\xpco\eventserver\server\components\central\server\unittest\bin\x64\debug\videoos.event.server.unittest.dll" id="5c7bdf78-5cd8-45cf-f70d-8d215a9dcd99">
      <TestCategory>
        <TestCategoryItem TestCategory="WebService/Map" />
      </TestCategory>
      <Execution id="d4725557-ef6e-4874-9445-4c07d13626a7" />
      <TestMethod codeBase="D:\actions-runner\_work\XPCO\XPCO\EventServer\Server\Components\Central\Server\unittest\bin\x64\Debug\VideoOS.Event.Server.UnitTest.dll" adapterTypeName="executor://mstestadapter/v2" className="VideoOS.Event.Server.WebService.Map.UnitTest.MapCommandCredentialsTest" name="TestUpdateDisplayXMLWithValidParameters" />
    </UnitTest>
    <UnitTest name="TestConstructorWithVisualElementStorageDatabaseFactoryObjectsAndVisualElementWithObjects" storage="d:\actions-runner\_work\xpco\xpco\eventserver\server\components\central\server\unittest\bin\x64\debug\videoos.event.server.unittest.dll" id="ac8b403c-ad95-1397-486c-57c0f405c26a">
      <Execution id="117a86d7-89e2-4bdd-bf76-3f43514a67a4" />
      <TestMethod codeBase="D:\actions-runner\_work\XPCO\XPCO\EventServer\Server\Components\Central\Server\unittest\bin\x64\Debug\VideoOS.Event.Server.UnitTest.dll" adapterTypeName="executor://mstestadapter/v2" className="VideoOS.Event.Server.Map.Data.UnitTest.VisualElementStorageTest" name="TestConstructorWithVisualElementStorageDatabaseFactoryObjectsAndVisualElementWithObjects" />
    </UnitTest>
    <UnitTest name="TestOneACSystemPLUnsupportedOneACSystemPLEnabled" storage="d:\actions-runner\_work\xpco\xpco\eventserver\server\components\central\server\unittest\bin\x64\debug\videoos.event.server.unittest.dll" id="b8026746-1698-2927-a5ef-40dfdc79616a">
      <TestCategory>
        <TestCategoryItem TestCategory="AccessControlUserIdTransformer" />
      </TestCategory>
      <Execution id="51817696-35ba-4344-9bc6-475493c19414" />
      <TestMethod codeBase="D:\actions-runner\_work\XPCO\XPCO\EventServer\Server\Components\Central\Server\unittest\bin\x64\Debug\VideoOS.Event.Server.UnitTest.dll" adapterTypeName="executor://mstestadapter/v2" className="VideoOS.Event.Server.UnitTest.Session.AccessControlUserIdTransformerTest" name="TestOneACSystemPLUnsupportedOneACSystemPLEnabled" />
    </UnitTest>
    <UnitTest name="TestUpdateElementWithNewUsedRelationId" storage="d:\actions-runner\_work\xpco\xpco\eventserver\server\components\central\server\unittest\bin\x64\debug\videoos.event.server.unittest.dll" id="7013a8cd-cd7b-db72-4c24-b5d43140d3c5">
      <Execution id="d69861b8-100d-4c42-9e45-659652b82daf" />
      <TestMethod codeBase="D:\actions-runner\_work\XPCO\XPCO\EventServer\Server\Components\Central\Server\unittest\bin\x64\Debug\VideoOS.Event.Server.UnitTest.dll" adapterTypeName="executor://mstestadapter/v2" className="VideoOS.Event.Server.Map.UnitTest.VisualElementManagerTest" name="TestUpdateElementWithNewUsedRelationId" />
    </UnitTest>
    <UnitTest name="TestSaveConfigurationWithMultipleElements" storage="d:\actions-runner\_work\xpco\xpco\eventserver\server\components\central\server\unittest\bin\x64\debug\videoos.event.server.unittest.dll" id="26a34bf0-9be6-d865-071a-28334a9bd104">
      <Execution id="dda6111e-4c2e-4940-b41a-2253e227897b" />
      <TestMethod codeBase="D:\actions-runner\_work\XPCO\XPCO\EventServer\Server\Components\Central\Server\unittest\bin\x64\Debug\VideoOS.Event.Server.UnitTest.dll" adapterTypeName="executor://mstestadapter/v2" className="VideoOS.Event.Server.Map.UnitTest.VisualElementStorageDatabaseTest" name="TestSaveConfigurationWithMultipleElements" />
    </UnitTest>
    <UnitTest name="GetAllObjectsOfType_FromRoot" storage="d:\actions-runner\_work\xpco\xpco\eventserver\server\components\central\server\unittest\bin\x64\debug\videoos.event.server.unittest.dll" id="402c8357-a508-a28e-f400-8cfa63df3da3">
      <TestCategory>
        <TestCategoryItem TestCategory="WebService/Map" />
      </TestCategory>
      <Execution id="a2f6afe0-6f3d-4e1a-8a9c-6d9bec44c772" />
      <TestMethod codeBase="D:\actions-runner\_work\XPCO\XPCO\EventServer\Server\Components\Central\Server\unittest\bin\x64\Debug\VideoOS.Event.Server.UnitTest.dll" adapterTypeName="executor://mstestadapter/v2" className="VideoOS.Event.Server.WebService.Map.UnitTest.MapCommandTokenTest" name="GetAllObjectsOfType_FromRoot" />
    </UnitTest>
    <UnitTest name="TestAttachSnapshotException" storage="d:\actions-runner\_work\xpco\xpco\eventserver\server\components\central\server\unittest\bin\x64\debug\videoos.event.server.unittest.dll" id="c094ea59-7ebf-de56-c011-d420ffa08fd4">
      <Execution id="e0dc674c-dcd4-4054-a153-e5378a561fac" />
      <TestMethod codeBase="D:\actions-runner\_work\XPCO\XPCO\EventServer\Server\Components\Central\Server\unittest\bin\x64\Debug\VideoOS.Event.Server.UnitTest.dll" adapterTypeName="executor://mstestadapter/v2" className="VideoOS.Event.Server.WebService.Alarm.UnitTest.AlarmCommandTokenTest" name="TestAttachSnapshotException" />
    </UnitTest>
    <UnitTest name="TestGetAllObjectsOfTypeThrowingUnhandledException" storage="d:\actions-runner\_work\xpco\xpco\eventserver\server\components\central\server\unittest\bin\x64\debug\videoos.event.server.unittest.dll" id="3ce60d24-6b9e-ad13-e847-b9237bca7759">
      <TestCategory>
        <TestCategoryItem TestCategory="WebService/Map" />
      </TestCategory>
      <Execution id="80bf39ab-c875-428d-99e0-ddef49e601db" />
      <TestMethod codeBase="D:\actions-runner\_work\XPCO\XPCO\EventServer\Server\Components\Central\Server\unittest\bin\x64\Debug\VideoOS.Event.Server.UnitTest.dll" adapterTypeName="executor://mstestadapter/v2" className="VideoOS.Event.Server.WebService.Map.UnitTest.MapCommandTokenTest" name="TestGetAllObjectsOfTypeThrowingUnhandledException" />
    </UnitTest>
    <UnitTest name="TestServiceInfoExists" storage="d:\actions-runner\_work\xpco\xpco\eventserver\server\components\central\server\unittest\bin\x64\debug\videoos.event.server.unittest.dll" id="e723873f-ed52-5989-552e-87e4aa20036a">
      <Execution id="c7679304-1e9c-4570-944a-7fbdde08d544" />
      <TestMethod codeBase="D:\actions-runner\_work\XPCO\XPCO\EventServer\Server\Components\Central\Server\unittest\bin\x64\Debug\VideoOS.Event.Server.UnitTest.dll" adapterTypeName="executor://mstestadapter/v2" className="VideoOS.Event.Server.Communication.UnitTest.ServerRegisteredServicesTest" name="TestServiceInfoExists" />
    </UnitTest>
    <UnitTest name="FeatureManager_NullSqlConnectionStorage_Throws_ArgumentNullException" storage="d:\actions-runner\_work\xpco\xpco\eventserver\server\components\central\server\unittest\bin\x64\debug\videoos.event.server.unittest.dll" id="9110ac03-e549-509b-3bb4-cd591764d1a4">
      <Execution id="f7509d57-04bb-4a7e-9e4a-2e2dca55c3fe" />
      <TestMethod codeBase="D:\actions-runner\_work\XPCO\XPCO\EventServer\Server\Components\Central\Server\unittest\bin\x64\Debug\VideoOS.Event.Server.UnitTest.dll" adapterTypeName="executor://mstestadapter/v2" className="VideoOS.Central.Server.Communication.UnitTest.FeatureFetcherTest" name="FeatureManager_NullSqlConnectionStorage_Throws_ArgumentNullException" />
    </UnitTest>
    <UnitTest name="TestUpdateObjectsWithServerIDInVisualOwnerID" storage="d:\actions-runner\_work\xpco\xpco\eventserver\server\components\central\server\unittest\bin\x64\debug\videoos.event.server.unittest.dll" id="33e5b36f-9681-2521-0d54-c62aebce6bce">
      <TestCategory>
        <TestCategoryItem TestCategory="WebService/Map" />
      </TestCategory>
      <Execution id="dabbca44-fdb4-4777-8860-ebc3ad2eb8e3" />
      <TestMethod codeBase="D:\actions-runner\_work\XPCO\XPCO\EventServer\Server\Components\Central\Server\unittest\bin\x64\Debug\VideoOS.Event.Server.UnitTest.dll" adapterTypeName="executor://mstestadapter/v2" className="VideoOS.Event.Server.WebService.Map.UnitTest.MapCommandTokenTest" name="TestUpdateObjectsWithServerIDInVisualOwnerID" />
    </UnitTest>
    <UnitTest name="LookupGroupId_ShouldReturnDeviceEventGroup_WhenEventIsDeviceEvent" storage="d:\actions-runner\_work\xpco\xpco\eventserver\server\components\central\server\unittest\bin\x64\debug\videoos.event.server.unittest.dll" id="279abe63-320e-13e4-a8e2-c9909fd8742b">
      <Execution id="23cf2c91-c7b7-40a4-825a-b7ce85abe33a" />
      <TestMethod codeBase="D:\actions-runner\_work\XPCO\XPCO\EventServer\Server\Components\Central\Server\unittest\bin\x64\Debug\VideoOS.Event.Server.UnitTest.dll" adapterTypeName="executor://mstestadapter/v2" className="VideoOS.Event.Server.UnitTest.Alarm.ConfigFilterManagerTests" name="LookupGroupId_ShouldReturnDeviceEventGroup_WhenEventIsDeviceEvent" />
    </UnitTest>
    <UnitTest name="CleanupThread_ChecksIfStatusItemHasBeenCleared" storage="d:\actions-runner\_work\xpco\xpco\eventserver\server\components\central\server\unittest\bin\x64\debug\videoos.event.server.unittest.dll" id="d5fe72e7-e784-de85-7327-74e3ed545624">
      <TestCategory>
        <TestCategoryItem TestCategory="CI" />
      </TestCategory>
      <Execution id="29cbe2d8-f0ea-41b8-aaae-45b8dd7a8de2" />
      <TestMethod codeBase="D:\actions-runner\_work\XPCO\XPCO\EventServer\Server\Components\Central\Server\unittest\bin\x64\Debug\VideoOS.Event.Server.UnitTest.dll" adapterTypeName="executor://mstestadapter/v2" className="VideoOS.EventServer.Disable.UnitTest.DisableManagerTest" name="CleanupThread_ChecksIfStatusItemHasBeenCleared" />
    </UnitTest>
    <UnitTest name="TestConstructorWithNullValues" storage="d:\actions-runner\_work\xpco\xpco\eventserver\server\components\central\server\unittest\bin\x64\debug\videoos.event.server.unittest.dll" id="abccf166-3a64-1c0d-ff8f-b1706f07f3cf">
      <TestCategory>
        <TestCategoryItem TestCategory="MapPlugInInternalItem" />
      </TestCategory>
      <Execution id="de76742b-bb01-4505-ae8a-723654d254cc" />
      <TestMethod codeBase="D:\actions-runner\_work\XPCO\XPCO\EventServer\Server\Components\Central\Server\unittest\bin\x64\Debug\VideoOS.Event.Server.UnitTest.dll" adapterTypeName="executor://mstestadapter/v2" className="VideoOS.Event.Server.MIP.PlugIn.UnitTest.MapPlugInInternalItemTest" name="TestConstructorWithNullValues" />
    </UnitTest>
    <UnitTest name="GetAllObjectsOnVisualElement_WithValidParameters" storage="d:\actions-runner\_work\xpco\xpco\eventserver\server\components\central\server\unittest\bin\x64\debug\videoos.event.server.unittest.dll" id="4228247f-6a8d-38cc-9a22-d89e1da014a8">
      <TestCategory>
        <TestCategoryItem TestCategory="WebService/Map" />
      </TestCategory>
      <Execution id="ab4a2907-1f87-44d5-bc09-c8c168655ffd" />
      <TestMethod codeBase="D:\actions-runner\_work\XPCO\XPCO\EventServer\Server\Components\Central\Server\unittest\bin\x64\Debug\VideoOS.Event.Server.UnitTest.dll" adapterTypeName="executor://mstestadapter/v2" className="VideoOS.Event.Server.WebService.Map.UnitTest.MapCommandToken2Test" name="GetAllObjectsOnVisualElement_WithValidParameters" />
    </UnitTest>
    <UnitTest name="TestActivateAction" storage="d:\actions-runner\_work\xpco\xpco\eventserver\server\components\central\server\unittest\bin\x64\debug\videoos.event.server.unittest.dll" id="a16fac14-2952-59c2-f9cb-93ac47ea55ca">
      <TestCategory>
        <TestCategoryItem TestCategory="MapPlugInManagerTest" />
      </TestCategory>
      <Execution id="ab402a58-a38b-4d6a-956d-6c1fc8097ea4" />
      <TestMethod codeBase="D:\actions-runner\_work\XPCO\XPCO\EventServer\Server\Components\Central\Server\unittest\bin\x64\Debug\VideoOS.Event.Server.UnitTest.dll" adapterTypeName="executor://mstestadapter/v2" className="VideoOS.Event.Server.MIP.PlugIn.UnitTest.MapPlugInManagerTest" name="TestActivateAction" />
    </UnitTest>
    <UnitTest name="TestLoadXMLWithNoName" storage="d:\actions-runner\_work\xpco\xpco\eventserver\server\components\central\server\unittest\bin\x64\debug\videoos.event.server.unittest.dll" id="c00ddb48-ce5a-3261-6ffe-29ad17eb5019">
      <Execution id="698ba93d-ac4c-4f04-8320-f923303e0c10" />
      <TestMethod codeBase="D:\actions-runner\_work\XPCO\XPCO\EventServer\Server\Components\Central\Server\unittest\bin\x64\Debug\VideoOS.Event.Server.UnitTest.dll" adapterTypeName="executor://mstestadapter/v2" className="VideoOS.Event.Server.Map.Data.UnitTest.AccessListStorageTest" name="TestLoadXMLWithNoName" />
    </UnitTest>
    <UnitTest name="TestConstructorWithDifferentConfigHost" storage="d:\actions-runner\_work\xpco\xpco\eventserver\server\components\central\server\unittest\bin\x64\debug\videoos.event.server.unittest.dll" id="af9c99ee-b8a6-0e24-b2bf-4eac5291d249">
      <TestCategory>
        <TestCategoryItem TestCategory="PermissionManagerFetcher" />
      </TestCategory>
      <Execution id="1c4ceaf9-57b1-41cf-8955-f5048ad203a0" />
      <TestMethod codeBase="D:\actions-runner\_work\XPCO\XPCO\EventServer\Server\Components\Central\Server\unittest\bin\x64\Debug\VideoOS.Event.Server.UnitTest.dll" adapterTypeName="executor://mstestadapter/v2" className="VideoOS.Event.Server.UnitTest.Security.AuthorizationFetcher.AccessControlItemAuthorizationFetcherTest" name="TestConstructorWithDifferentConfigHost" />
    </UnitTest>
    <UnitTest name="TestActionCommandCredentialsExecuteActionInvalidUser" storage="d:\actions-runner\_work\xpco\xpco\eventserver\server\components\central\server\unittest\bin\x64\debug\videoos.event.server.unittest.dll" id="bd149988-e15e-1a6b-1d23-1105951e6d27">
      <Execution id="417e4306-846f-44a8-aea0-0204667a131a" />
      <TestMethod codeBase="D:\actions-runner\_work\XPCO\XPCO\EventServer\Server\Components\Central\Server\unittest\bin\x64\Debug\VideoOS.Event.Server.UnitTest.dll" adapterTypeName="executor://mstestadapter/v2" className="VideoOS.Event.Server.UnitTest.WebService.Action.ActionCommandCredentialsTest" name="TestActionCommandCredentialsExecuteActionInvalidUser" />
    </UnitTest>
    <UnitTest name="TestUpdateState" storage="d:\actions-runner\_work\xpco\xpco\eventserver\server\components\central\server\unittest\bin\x64\debug\videoos.event.server.unittest.dll" id="7841167c-41fd-cdfa-d05d-fd33c674c56e">
      <Execution id="0462c4ed-4e29-4657-967a-09f777e44205" />
      <TestMethod codeBase="D:\actions-runner\_work\XPCO\XPCO\EventServer\Server\Components\Central\Server\unittest\bin\x64\Debug\VideoOS.Event.Server.UnitTest.dll" adapterTypeName="executor://mstestadapter/v2" className="VideoOS.Event.Server.Map.Data.UnitTest.StatusElementTest" name="TestUpdateState" />
    </UnitTest>
    <UnitTest name="TestCheckAuthorizationWithMultiplePlugins" storage="d:\actions-runner\_work\xpco\xpco\eventserver\server\components\central\server\unittest\bin\x64\debug\videoos.event.server.unittest.dll" id="f11a792a-5399-45fe-b006-95fa11819160">
      <TestCategory>
        <TestCategoryItem TestCategory="ActionAuthorizationCache" />
      </TestCategory>
      <Execution id="96843ea6-a03e-4476-a61e-f127560d2944" />
      <TestMethod codeBase="D:\actions-runner\_work\XPCO\XPCO\EventServer\Server\Components\Central\Server\unittest\bin\x64\Debug\VideoOS.Event.Server.UnitTest.dll" adapterTypeName="executor://mstestadapter/v2" className="VideoOS.Event.Server.UnitTest.Security.ActionAuthorizationCacheTest" name="TestCheckAuthorizationWithMultiplePlugins" />
    </UnitTest>
    <UnitTest name="TestAccessRequestActionHandlerConstruction" storage="d:\actions-runner\_work\xpco\xpco\eventserver\server\components\central\server\unittest\bin\x64\debug\videoos.event.server.unittest.dll" id="4176d264-09e0-b06d-c159-5226ace99675">
      <Execution id="5cf9fa20-66f2-4c2a-a28f-09e8860a670e" />
      <TestMethod codeBase="D:\actions-runner\_work\XPCO\XPCO\EventServer\Server\Components\Central\Server\unittest\bin\x64\Debug\VideoOS.Event.Server.UnitTest.dll" adapterTypeName="executor://mstestadapter/v2" className="VideoOS.Event.Server.UnitTest.XPCORuleSystem.MipActionHandlerTest" name="TestAccessRequestActionHandlerConstruction" />
    </UnitTest>
    <UnitTest name="Logout_WithValidParameters" storage="d:\actions-runner\_work\xpco\xpco\eventserver\server\components\central\server\unittest\bin\x64\debug\videoos.event.server.unittest.dll" id="03e3b455-6ea4-6a87-66b3-e22c2830555a">
      <TestCategory>
        <TestCategoryItem TestCategory="WebService/Map" />
      </TestCategory>
      <Execution id="fb50b0b8-c5e3-4c2c-b5d4-19d6307f1e92" />
      <TestMethod codeBase="D:\actions-runner\_work\XPCO\XPCO\EventServer\Server\Components\Central\Server\unittest\bin\x64\Debug\VideoOS.Event.Server.UnitTest.dll" adapterTypeName="executor://mstestadapter/v2" className="VideoOS.Event.Server.WebService.Map.UnitTest.MapCommandTokenTest" name="Logout_WithValidParameters" />
    </UnitTest>
    <UnitTest name="LookupGroupId_ShouldReturnUnknownEventGroup_WhenEventIsUnknown" storage="d:\actions-runner\_work\xpco\xpco\eventserver\server\components\central\server\unittest\bin\x64\debug\videoos.event.server.unittest.dll" id="475df9a0-d2db-c383-720b-f7b47342c040">
      <Execution id="6c21dca3-2b19-4d0b-ac55-f1c4ff31a49a" />
      <TestMethod codeBase="D:\actions-runner\_work\XPCO\XPCO\EventServer\Server\Components\Central\Server\unittest\bin\x64\Debug\VideoOS.Event.Server.UnitTest.dll" adapterTypeName="executor://mstestadapter/v2" className="VideoOS.Event.Server.UnitTest.Alarm.ConfigFilterManagerTests" name="LookupGroupId_ShouldReturnUnknownEventGroup_WhenEventIsUnknown" />
    </UnitTest>
    <UnitTest name="SubscribeEventReceiver_ReturnsFalse_WhenAlreadySubscribed" storage="d:\actions-runner\_work\xpco\xpco\eventserver\server\components\central\server\unittest\bin\x64\debug\videoos.event.server.unittest.dll" id="2a1b009e-790a-319b-c2a4-a057d3028269">
      <Execution id="ea2a39d9-eb1d-4b12-9e1e-18deb64843b8" />
      <TestMethod codeBase="D:\actions-runner\_work\XPCO\XPCO\EventServer\Server\Components\Central\Server\unittest\bin\x64\Debug\VideoOS.Event.Server.UnitTest.dll" adapterTypeName="executor://mstestadapter/v2" className="VideoOS.Event.Server.UnitTest.Event.EventPusherTest" name="SubscribeEventReceiver_ReturnsFalse_WhenAlreadySubscribed" />
    </UnitTest>
    <UnitTest name="TestUpdateObjectsNotAuthenticated" storage="d:\actions-runner\_work\xpco\xpco\eventserver\server\components\central\server\unittest\bin\x64\debug\videoos.event.server.unittest.dll" id="60ae2c82-754e-d1b2-c791-7f892d05deb5">
      <TestCategory>
        <TestCategoryItem TestCategory="WebService/Map" />
      </TestCategory>
      <Execution id="bb688ad9-6e3d-46a1-9c35-e4aa0b7e318f" />
      <TestMethod codeBase="D:\actions-runner\_work\XPCO\XPCO\EventServer\Server\Components\Central\Server\unittest\bin\x64\Debug\VideoOS.Event.Server.UnitTest.dll" adapterTypeName="executor://mstestadapter/v2" className="VideoOS.Event.Server.WebService.Map.UnitTest.MapCommandCredentialsTest" name="TestUpdateObjectsNotAuthenticated" />
    </UnitTest>
    <UnitTest name="TestUpdateElementWithValidIdAndNullVisualOwnerId" storage="d:\actions-runner\_work\xpco\xpco\eventserver\server\components\central\server\unittest\bin\x64\debug\videoos.event.server.unittest.dll" id="112a36d7-dc83-2422-8216-78a3ebc7ca6a">
      <Execution id="0f42ac93-d146-47c8-81f9-6fb5b53a1b5d" />
      <TestMethod codeBase="D:\actions-runner\_work\XPCO\XPCO\EventServer\Server\Components\Central\Server\unittest\bin\x64\Debug\VideoOS.Event.Server.UnitTest.dll" adapterTypeName="executor://mstestadapter/v2" className="VideoOS.Event.Server.Map.UnitTest.VisualElementManagerTest" name="TestUpdateElementWithValidIdAndNullVisualOwnerId" />
    </UnitTest>
    <UnitTest name="TestGetPlugInItemChangesWithNegativeTimeout" storage="d:\actions-runner\_work\xpco\xpco\eventserver\server\components\central\server\unittest\bin\x64\debug\videoos.event.server.unittest.dll" id="8a7e2926-6682-8f43-3bdc-6c7efd7a8faf">
      <TestCategory>
        <TestCategoryItem TestCategory="WebService/Map" />
      </TestCategory>
      <Execution id="2142bfd3-d410-4334-9f79-9ee1e76fe7e4" />
      <TestMethod codeBase="D:\actions-runner\_work\XPCO\XPCO\EventServer\Server\Components\Central\Server\unittest\bin\x64\Debug\VideoOS.Event.Server.UnitTest.dll" adapterTypeName="executor://mstestadapter/v2" className="VideoOS.Event.Server.WebService.Map.UnitTest.MapCommandCredentialsTest" name="TestGetPlugInItemChangesWithNegativeTimeout" />
    </UnitTest>
    <UnitTest name="TestGetHostId_InvalidAddress" storage="d:\actions-runner\_work\xpco\xpco\eventserver\server\components\central\server\unittest\bin\x64\debug\videoos.event.server.unittest.dll" id="f2bc5b69-4ed9-9b03-51e0-df93752a977d">
      <Execution id="d0b1ac79-796e-4d42-beea-8818297f4530" />
      <TestMethod codeBase="D:\actions-runner\_work\XPCO\XPCO\EventServer\Server\Components\Central\Server\unittest\bin\x64\Debug\VideoOS.Event.Server.UnitTest.dll" adapterTypeName="executor://mstestadapter/v2" className="VideoOS.Analytics.Events.UnitTest.Server.DeviceManager.TestHostResolver" name="TestGetHostId_InvalidAddress" />
    </UnitTest>
    <UnitTest name="TestConstructor" storage="d:\actions-runner\_work\xpco\xpco\eventserver\server\components\central\server\unittest\bin\x64\debug\videoos.event.server.unittest.dll" id="291db4d4-dfa4-9d8d-9f32-de6c3c2fe81e">
      <TestCategory>
        <TestCategoryItem TestCategory="MapPlugInInternalItem" />
      </TestCategory>
      <Execution id="e1c86b40-c261-40ec-a536-fda694e7b9a3" />
      <TestMethod codeBase="D:\actions-runner\_work\XPCO\XPCO\EventServer\Server\Components\Central\Server\unittest\bin\x64\Debug\VideoOS.Event.Server.UnitTest.dll" adapterTypeName="executor://mstestadapter/v2" className="VideoOS.Event.Server.MIP.PlugIn.UnitTest.MapPlugInInternalItemTest" name="TestConstructor" />
    </UnitTest>
    <UnitTest name="TestRemoveElementWithOldTimestamp" storage="d:\actions-runner\_work\xpco\xpco\eventserver\server\components\central\server\unittest\bin\x64\debug\videoos.event.server.unittest.dll" id="002617bd-a67a-7b4b-5bc6-130c54767026">
      <Execution id="b3f4a9e2-096a-4a09-9a2c-1039de0d01be" />
      <TestMethod codeBase="D:\actions-runner\_work\XPCO\XPCO\EventServer\Server\Components\Central\Server\unittest\bin\x64\Debug\VideoOS.Event.Server.UnitTest.dll" adapterTypeName="executor://mstestadapter/v2" className="VideoOS.Event.Server.Map.UnitTest.VisualElementManagerTest" name="TestRemoveElementWithOldTimestamp" />
    </UnitTest>
    <UnitTest name="TestGetVisualElementChangesWithSubElements" storage="d:\actions-runner\_work\xpco\xpco\eventserver\server\components\central\server\unittest\bin\x64\debug\videoos.event.server.unittest.dll" id="ccb9bfbc-3d59-3184-7e4f-081f9ce17556">
      <Execution id="ae935dcb-5fd1-46a4-bedf-95c1f682b19f" />
      <TestMethod codeBase="D:\actions-runner\_work\XPCO\XPCO\EventServer\Server\Components\Central\Server\unittest\bin\x64\Debug\VideoOS.Event.Server.UnitTest.dll" adapterTypeName="executor://mstestadapter/v2" className="VideoOS.Event.Server.Map.UnitTest.VisualElementManagerTest" name="TestGetVisualElementChangesWithSubElements" />
    </UnitTest>
    <UnitTest name="TestGetStatusForAllObjectsOfTypeRootAnd2Levels" storage="d:\actions-runner\_work\xpco\xpco\eventserver\server\components\central\server\unittest\bin\x64\debug\videoos.event.server.unittest.dll" id="06eaecc5-a61e-588c-3698-90b28ebd700e">
      <Execution id="4a895725-893e-4e43-a6e8-e41451aa6d99" />
      <TestMethod codeBase="D:\actions-runner\_work\XPCO\XPCO\EventServer\Server\Components\Central\Server\unittest\bin\x64\Debug\VideoOS.Event.Server.UnitTest.dll" adapterTypeName="executor://mstestadapter/v2" className="VideoOS.Event.Server.Map.UnitTest.VisualElementStatusCalculatorTest" name="TestGetStatusForAllObjectsOfTypeRootAnd2Levels" />
    </UnitTest>
    <UnitTest name="GetObjectsWithinGPSArea_FilteringAllDifferentServerRelations" storage="d:\actions-runner\_work\xpco\xpco\eventserver\server\components\central\server\unittest\bin\x64\debug\videoos.event.server.unittest.dll" id="85031ff5-98e8-19d0-56e2-c823ef4db0bd">
      <TestCategory>
        <TestCategoryItem TestCategory="WebService/Map" />
      </TestCategory>
      <Execution id="76da6847-7777-4e45-9502-89d362a406d3" />
      <TestMethod codeBase="D:\actions-runner\_work\XPCO\XPCO\EventServer\Server\Components\Central\Server\unittest\bin\x64\Debug\VideoOS.Event.Server.UnitTest.dll" adapterTypeName="executor://mstestadapter/v2" className="VideoOS.Event.Server.WebService.Map.UnitTest.MapCommandTokenTest" name="GetObjectsWithinGPSArea_FilteringAllDifferentServerRelations" />
    </UnitTest>
    <UnitTest name="TestGetStatusDetailThrowingUnhandledException" storage="d:\actions-runner\_work\xpco\xpco\eventserver\server\components\central\server\unittest\bin\x64\debug\videoos.event.server.unittest.dll" id="a12f3afc-4dde-52fd-5e8c-5f5aa241141f">
      <Execution id="4d033375-3ee0-416a-9477-afd426c62eee" />
      <TestMethod codeBase="D:\actions-runner\_work\XPCO\XPCO\EventServer\Server\Components\Central\Server\unittest\bin\x64\Debug\VideoOS.Event.Server.UnitTest.dll" adapterTypeName="executor://mstestadapter/v2" className="VideoOS.Event.Server.WebService.Status.UnitTest.StatusCommandCredentialsTest" name="TestGetStatusDetailThrowingUnhandledException" />
    </UnitTest>
    <UnitTest name="TestUpdateObjectThrowingUnhandledException" storage="d:\actions-runner\_work\xpco\xpco\eventserver\server\components\central\server\unittest\bin\x64\debug\videoos.event.server.unittest.dll" id="0a16f143-4e6b-d096-b579-37174a4e4dd1">
      <TestCategory>
        <TestCategoryItem TestCategory="WebService/Map" />
      </TestCategory>
      <Execution id="605a7e64-baa6-4ff5-af18-5b43b1a3c4d2" />
      <TestMethod codeBase="D:\actions-runner\_work\XPCO\XPCO\EventServer\Server\Components\Central\Server\unittest\bin\x64\Debug\VideoOS.Event.Server.UnitTest.dll" adapterTypeName="executor://mstestadapter/v2" className="VideoOS.Event.Server.WebService.Map.UnitTest.MapCommandToken2Test" name="TestUpdateObjectThrowingUnhandledException" />
    </UnitTest>
    <UnitTest name="FetchCache_ShouldAddUserToTheCache_IfUserIsWindowsUser" storage="d:\actions-runner\_work\xpco\xpco\eventserver\server\components\central\server\unittest\bin\x64\debug\videoos.event.server.unittest.dll" id="0072b67a-0d5c-e249-e1c3-0734c91de716">
      <Execution id="de025836-9d75-44f5-8809-71ea716a89f6" />
      <TestMethod codeBase="D:\actions-runner\_work\XPCO\XPCO\EventServer\Server\Components\Central\Server\unittest\bin\x64\Debug\VideoOS.Event.Server.UnitTest.dll" adapterTypeName="executor://mstestadapter/v2" className="VideoOS.EventServer.Security.Authorization.UnitTest.VMSItemAuthorizationTests" name="FetchCache_ShouldAddUserToTheCache_IfUserIsWindowsUser" />
    </UnitTest>
    <UnitTest name="TestLoadSaveLoad" storage="d:\actions-runner\_work\xpco\xpco\eventserver\server\components\central\server\unittest\bin\x64\debug\videoos.event.server.unittest.dll" id="7c01cc2c-9bdf-e761-6523-6d34add36149">
      <Execution id="74ebd865-d724-4487-8774-3a7cb9e3c97d" />
      <TestMethod codeBase="D:\actions-runner\_work\XPCO\XPCO\EventServer\Server\Components\Central\Server\unittest\bin\x64\Debug\VideoOS.Event.Server.UnitTest.dll" adapterTypeName="executor://mstestadapter/v2" className="VideoOS.Event.Server.UnitTest.AccessControl.AccessControlManagerTest" name="TestLoadSaveLoad" />
    </UnitTest>
    <UnitTest name="TestGetTypeChangedThrowingUnhandledException" storage="d:\actions-runner\_work\xpco\xpco\eventserver\server\components\central\server\unittest\bin\x64\debug\videoos.event.server.unittest.dll" id="0818f830-deb7-208e-1505-24ab8da73d74">
      <TestCategory>
        <TestCategoryItem TestCategory="WebService/Map" />
      </TestCategory>
      <Execution id="63a225c9-29bf-414b-accb-d1e2d9fc25f4" />
      <TestMethod codeBase="D:\actions-runner\_work\XPCO\XPCO\EventServer\Server\Components\Central\Server\unittest\bin\x64\Debug\VideoOS.Event.Server.UnitTest.dll" adapterTypeName="executor://mstestadapter/v2" className="VideoOS.Event.Server.WebService.Map.UnitTest.MapCommandToken2Test" name="TestGetTypeChangedThrowingUnhandledException" />
    </UnitTest>
    <UnitTest name="TestCheckAuthorizationWithWindowsUser" storage="d:\actions-runner\_work\xpco\xpco\eventserver\server\components\central\server\unittest\bin\x64\debug\videoos.event.server.unittest.dll" id="543d6f50-9e83-2086-ac17-bf4b4b11b747">
      <TestCategory>
        <TestCategoryItem TestCategory="ActionAuthorizationCache" />
      </TestCategory>
      <Execution id="435ec761-5eaa-475f-a4b0-bd18294b9130" />
      <TestMethod codeBase="D:\actions-runner\_work\XPCO\XPCO\EventServer\Server\Components\Central\Server\unittest\bin\x64\Debug\VideoOS.Event.Server.UnitTest.dll" adapterTypeName="executor://mstestadapter/v2" className="VideoOS.Event.Server.UnitTest.Security.ActionAuthorizationCacheTest" name="TestCheckAuthorizationWithWindowsUser" />
    </UnitTest>
    <UnitTest name="TestUpdateElementDisplayXmlWithOwnerElement" storage="d:\actions-runner\_work\xpco\xpco\eventserver\server\components\central\server\unittest\bin\x64\debug\videoos.event.server.unittest.dll" id="627d6085-bf48-c781-4c08-b2437a409111">
      <Execution id="60eaf10e-0c8f-4f8f-bb58-9ba2e38c5cd5" />
      <TestMethod codeBase="D:\actions-runner\_work\XPCO\XPCO\EventServer\Server\Components\Central\Server\unittest\bin\x64\Debug\VideoOS.Event.Server.UnitTest.dll" adapterTypeName="executor://mstestadapter/v2" className="VideoOS.Event.Server.Map.UnitTest.VisualElementManagerTest" name="TestUpdateElementDisplayXmlWithOwnerElement" />
    </UnitTest>
    <UnitTest name="TestCheckAuthorizationWithNullUserId" storage="d:\actions-runner\_work\xpco\xpco\eventserver\server\components\central\server\unittest\bin\x64\debug\videoos.event.server.unittest.dll" id="a211a97a-d25d-ebb4-1503-0b4189d0cff0">
      <TestCategory>
        <TestCategoryItem TestCategory="ActionAuthorizationCache" />
      </TestCategory>
      <Execution id="b83323a5-f35c-4ca7-92b4-7b88613f7156" />
      <TestMethod codeBase="D:\actions-runner\_work\XPCO\XPCO\EventServer\Server\Components\Central\Server\unittest\bin\x64\Debug\VideoOS.Event.Server.UnitTest.dll" adapterTypeName="executor://mstestadapter/v2" className="VideoOS.Event.Server.UnitTest.Security.ActionAuthorizationCacheTest" name="TestCheckAuthorizationWithNullUserId" />
    </UnitTest>
    <UnitTest name="WhenAlarmSearchCriteriaWithCorrectDataThenCorrectString" storage="d:\actions-runner\_work\xpco\xpco\eventserver\server\components\central\server\unittest\bin\x64\debug\videoos.event.server.unittest.dll" id="b1dc1888-2cdd-b99c-c9f4-1b7b7f67758a">
      <Execution id="4b2e4ca1-5ab8-45ae-a0f7-3bb103bd59bd" />
      <TestMethod codeBase="D:\actions-runner\_work\XPCO\XPCO\EventServer\Server\Components\Central\Server\unittest\bin\x64\Debug\VideoOS.Event.Server.UnitTest.dll" adapterTypeName="executor://mstestadapter/v2" className="VideoOS.Event.Server.UnitTest.WebService.Alarm.InSearchConditionProviderTest" name="WhenAlarmSearchCriteriaWithCorrectDataThenCorrectString" />
    </UnitTest>
    <UnitTest name="TestLogoutWithInvalidUser" storage="d:\actions-runner\_work\xpco\xpco\eventserver\server\components\central\server\unittest\bin\x64\debug\videoos.event.server.unittest.dll" id="5b41c46b-1dee-ac44-4454-7eb6d7e505a2">
      <TestCategory>
        <TestCategoryItem TestCategory="WebService/Map" />
      </TestCategory>
      <Execution id="3f953002-5bc6-4eca-9649-6f5ba841c62d" />
      <TestMethod codeBase="D:\actions-runner\_work\XPCO\XPCO\EventServer\Server\Components\Central\Server\unittest\bin\x64\Debug\VideoOS.Event.Server.UnitTest.dll" adapterTypeName="executor://mstestadapter/v2" className="VideoOS.Event.Server.WebService.Map.UnitTest.MapCommandTokenTest" name="TestLogoutWithInvalidUser" />
    </UnitTest>
    <UnitTest name="CreateInstanceReturnsNullWhenDuplicatedInputEvent" storage="d:\actions-runner\_work\xpco\xpco\eventserver\server\components\central\server\unittest\bin\x64\debug\videoos.event.server.unittest.dll" id="2fdca0ec-03ca-b79a-f880-b6fee07749a2">
      <Execution id="21b08ecd-f034-4a68-a7e6-f14313ec2ead" />
      <TestMethod codeBase="D:\actions-runner\_work\XPCO\XPCO\EventServer\Server\Components\Central\Server\unittest\bin\x64\Debug\VideoOS.Event.Server.UnitTest.dll" adapterTypeName="executor://mstestadapter/v2" className="VideoOS.Event.Server.UnitTest.Event.MapperEventTypeProviderTest" name="CreateInstanceReturnsNullWhenDuplicatedInputEvent" />
    </UnitTest>
    <UnitTest name="SaveConfiguration_RecreatesConfigurationFile" storage="d:\actions-runner\_work\xpco\xpco\eventserver\server\components\central\server\unittest\bin\x64\debug\videoos.event.server.unittest.dll" id="47d121ac-c3a0-9cb6-c260-31a7d126c875">
      <TestCategory>
        <TestCategoryItem TestCategory="CI" />
      </TestCategory>
      <Execution id="2c8ff594-6466-47e4-8246-778f76e84c58" />
      <TestMethod codeBase="D:\actions-runner\_work\XPCO\XPCO\EventServer\Server\Components\Central\Server\unittest\bin\x64\Debug\VideoOS.Event.Server.UnitTest.dll" adapterTypeName="executor://mstestadapter/v2" className="VideoOS.EventServer.Disable.UnitTest.DisableManagerTest" name="SaveConfiguration_RecreatesConfigurationFile" />
    </UnitTest>
    <UnitTest name="Handle_ShouldFlattenPriorityValue_WhenValuesIncludePriorityAndPriorityName" storage="d:\actions-runner\_work\xpco\xpco\eventserver\server\components\central\server\unittest\bin\x64\debug\videoos.event.server.unittest.dll" id="144352c5-c33b-97b1-d06c-d10783bcd24a">
      <Execution id="7b22cb7c-4a34-4d3e-bb72-8fc1860e5786" />
      <TestMethod codeBase="D:\actions-runner\_work\XPCO\XPCO\EventServer\Server\Components\Central\Server\unittest\bin\x64\Debug\VideoOS.Event.Server.UnitTest.dll" adapterTypeName="executor://mstestadapter/v2" className="VideoOS.Event.Server.UnitTest.Alarm.Processors.UpdateAlarms.UpdateAlarmCompositeValueHandlerTests" name="Handle_ShouldFlattenPriorityValue_WhenValuesIncludePriorityAndPriorityName" />
    </UnitTest>
    <UnitTest name="TestGetStatusWithForeignServerIDs" storage="d:\actions-runner\_work\xpco\xpco\eventserver\server\components\central\server\unittest\bin\x64\debug\videoos.event.server.unittest.dll" id="73e328c0-4710-e606-9be8-5deb082f424b">
      <Execution id="6d1c9f8b-e57f-4829-a16c-264ce5369b47" />
      <TestMethod codeBase="D:\actions-runner\_work\XPCO\XPCO\EventServer\Server\Components\Central\Server\unittest\bin\x64\Debug\VideoOS.Event.Server.UnitTest.dll" adapterTypeName="executor://mstestadapter/v2" className="VideoOS.Event.Server.WebService.Status.UnitTest.StatusCommandTokenTest" name="TestGetStatusWithForeignServerIDs" />
    </UnitTest>
    <UnitTest name="TestUpdateNameThrowingUnhandledException" storage="d:\actions-runner\_work\xpco\xpco\eventserver\server\components\central\server\unittest\bin\x64\debug\videoos.event.server.unittest.dll" id="5d512a31-7034-d4f2-c64d-c94b7792c734">
      <TestCategory>
        <TestCategoryItem TestCategory="WebService/Map" />
      </TestCategory>
      <Execution id="ce7743b7-1428-4330-b5e0-d63c654dbd6f" />
      <TestMethod codeBase="D:\actions-runner\_work\XPCO\XPCO\EventServer\Server\Components\Central\Server\unittest\bin\x64\Debug\VideoOS.Event.Server.UnitTest.dll" adapterTypeName="executor://mstestadapter/v2" className="VideoOS.Event.Server.WebService.Map.UnitTest.MapCommandTokenTest" name="TestUpdateNameThrowingUnhandledException" />
    </UnitTest>
    <UnitTest name="EventConverter_ConvertEventStatusToBaseItem_EventIds_Null" storage="d:\actions-runner\_work\xpco\xpco\eventserver\server\components\central\server\unittest\bin\x64\debug\videoos.event.server.unittest.dll" id="17a3b251-36cd-07f4-6f0c-5e839dd8b46e">
      <Execution id="efdec150-bfab-48ff-832c-b5b48f841b2c" />
      <TestMethod codeBase="D:\actions-runner\_work\XPCO\XPCO\EventServer\Server\Components\Central\Server\unittest\bin\x64\Debug\VideoOS.Event.Server.UnitTest.dll" adapterTypeName="executor://mstestadapter/v2" className="VideoOS.Event.Server.UnitTest.Utils.EventConverterTest" name="EventConverter_ConvertEventStatusToBaseItem_EventIds_Null" />
    </UnitTest>
    <UnitTest name="TestDeleteObjectAndChildObjectsWithInvalidUser" storage="d:\actions-runner\_work\xpco\xpco\eventserver\server\components\central\server\unittest\bin\x64\debug\videoos.event.server.unittest.dll" id="30ebb3a1-f6a2-0d2e-66f3-0fcd2f319718">
      <TestCategory>
        <TestCategoryItem TestCategory="WebService/Map" />
      </TestCategory>
      <Execution id="07f97408-7236-4082-9a68-028109fe09b3" />
      <TestMethod codeBase="D:\actions-runner\_work\XPCO\XPCO\EventServer\Server\Components\Central\Server\unittest\bin\x64\Debug\VideoOS.Event.Server.UnitTest.dll" adapterTypeName="executor://mstestadapter/v2" className="VideoOS.Event.Server.WebService.Map.UnitTest.MapCommandTokenTest" name="TestDeleteObjectAndChildObjectsWithInvalidUser" />
    </UnitTest>
    <UnitTest name="TestInsertElementWithTwoRelationsOnSameParentCausingCyclicTree" storage="d:\actions-runner\_work\xpco\xpco\eventserver\server\components\central\server\unittest\bin\x64\debug\videoos.event.server.unittest.dll" id="d80ebf43-6acb-a308-6cff-a125c5f66c12">
      <Execution id="81bcdd51-20be-453b-ba23-e5771efadfaf" />
      <TestMethod codeBase="D:\actions-runner\_work\XPCO\XPCO\EventServer\Server\Components\Central\Server\unittest\bin\x64\Debug\VideoOS.Event.Server.UnitTest.dll" adapterTypeName="executor://mstestadapter/v2" className="VideoOS.Event.Server.Map.UnitTest.VisualElementManagerTest" name="TestInsertElementWithTwoRelationsOnSameParentCausingCyclicTree" />
    </UnitTest>
    <UnitTest name="TestGetPlugInsThrowingUnhandledException" storage="d:\actions-runner\_work\xpco\xpco\eventserver\server\components\central\server\unittest\bin\x64\debug\videoos.event.server.unittest.dll" id="9f2d1477-390a-653e-b0f6-8bf047758a68">
      <TestCategory>
        <TestCategoryItem TestCategory="WebService/Map" />
      </TestCategory>
      <Execution id="102e9088-4a3d-4522-b6d8-aff50bf5586b" />
      <TestMethod codeBase="D:\actions-runner\_work\XPCO\XPCO\EventServer\Server\Components\Central\Server\unittest\bin\x64\Debug\VideoOS.Event.Server.UnitTest.dll" adapterTypeName="executor://mstestadapter/v2" className="VideoOS.Event.Server.WebService.Map.UnitTest.MapCommandToken2Test" name="TestGetPlugInsThrowingUnhandledException" />
    </UnitTest>
    <UnitTest name="TestGetObjectsWithinGPSAreaThrowingUnhandledException" storage="d:\actions-runner\_work\xpco\xpco\eventserver\server\components\central\server\unittest\bin\x64\debug\videoos.event.server.unittest.dll" id="bd1facd4-1792-cbdd-3a7e-8d456afdb128">
      <TestCategory>
        <TestCategoryItem TestCategory="WebService/Map" />
      </TestCategory>
      <Execution id="c6a9c975-fb25-4bd2-b7a4-9705a5b10ad2" />
      <TestMethod codeBase="D:\actions-runner\_work\XPCO\XPCO\EventServer\Server\Components\Central\Server\unittest\bin\x64\Debug\VideoOS.Event.Server.UnitTest.dll" adapterTypeName="executor://mstestadapter/v2" className="VideoOS.Event.Server.WebService.Map.UnitTest.MapCommandTokenTest" name="TestGetObjectsWithinGPSAreaThrowingUnhandledException" />
    </UnitTest>
    <UnitTest name="TestInsertElementsWithRelationIdAndNoIDs" storage="d:\actions-runner\_work\xpco\xpco\eventserver\server\components\central\server\unittest\bin\x64\debug\videoos.event.server.unittest.dll" id="e5e80db3-6144-ea2f-09dc-05657127f79c">
      <Execution id="12fca253-43db-4dda-b41f-3960ace7095e" />
      <TestMethod codeBase="D:\actions-runner\_work\XPCO\XPCO\EventServer\Server\Components\Central\Server\unittest\bin\x64\Debug\VideoOS.Event.Server.UnitTest.dll" adapterTypeName="executor://mstestadapter/v2" className="VideoOS.Event.Server.Map.UnitTest.VisualElementManagerTest" name="TestInsertElementsWithRelationIdAndNoIDs" />
    </UnitTest>
    <UnitTest name="TestLoadXMLWithInvalidValues" storage="d:\actions-runner\_work\xpco\xpco\eventserver\server\components\central\server\unittest\bin\x64\debug\videoos.event.server.unittest.dll" id="5850678c-fe74-23aa-d83d-da1f0e145943">
      <Execution id="e803125f-77ab-4ad4-b10e-1770cd2b41b9" />
      <TestMethod codeBase="D:\actions-runner\_work\XPCO\XPCO\EventServer\Server\Components\Central\Server\unittest\bin\x64\Debug\VideoOS.Event.Server.UnitTest.dll" adapterTypeName="executor://mstestadapter/v2" className="VideoOS.Event.Server.Map.Data.UnitTest.TypeIdStorageTest" name="TestLoadXMLWithInvalidValues" />
    </UnitTest>
    <UnitTest name="AddSuppressStatusItems_AddsNewItem" storage="d:\actions-runner\_work\xpco\xpco\eventserver\server\components\central\server\unittest\bin\x64\debug\videoos.event.server.unittest.dll" id="cc5e635b-4364-b1d3-13fc-71a6c0c163be">
      <TestCategory>
        <TestCategoryItem TestCategory="CI" />
      </TestCategory>
      <Execution id="687fb09a-fd42-4f63-b527-cd24c19fdc11" />
      <TestMethod codeBase="D:\actions-runner\_work\XPCO\XPCO\EventServer\Server\Components\Central\Server\unittest\bin\x64\Debug\VideoOS.Event.Server.UnitTest.dll" adapterTypeName="executor://mstestadapter/v2" className="VideoOS.EventServer.Disable.UnitTest.DisableManagerTest" name="AddSuppressStatusItems_AddsNewItem" />
    </UnitTest>
    <UnitTest name="TestUpdateObjectThrowingUnhandledException" storage="d:\actions-runner\_work\xpco\xpco\eventserver\server\components\central\server\unittest\bin\x64\debug\videoos.event.server.unittest.dll" id="9c486dc7-5089-b52d-43af-f1224bc53e63">
      <TestCategory>
        <TestCategoryItem TestCategory="WebService/Map" />
      </TestCategory>
      <Execution id="6660978a-f270-487c-bdce-8def4549f84f" />
      <TestMethod codeBase="D:\actions-runner\_work\XPCO\XPCO\EventServer\Server\Components\Central\Server\unittest\bin\x64\Debug\VideoOS.Event.Server.UnitTest.dll" adapterTypeName="executor://mstestadapter/v2" className="VideoOS.Event.Server.WebService.Map.UnitTest.MapCommandTokenTest" name="TestUpdateObjectThrowingUnhandledException" />
    </UnitTest>
    <UnitTest name="TestDefaultIcon" storage="d:\actions-runner\_work\xpco\xpco\eventserver\server\components\central\server\unittest\bin\x64\debug\videoos.event.server.unittest.dll" id="8d8dd4c5-5b28-e241-f21d-2bd80473286e">
      <Execution id="60b309ad-1fa2-4930-83f3-2f043ab546b6" />
      <TestMethod codeBase="D:\actions-runner\_work\XPCO\XPCO\EventServer\Server\Components\Central\Server\unittest\bin\x64\Debug\VideoOS.Event.Server.UnitTest.dll" adapterTypeName="executor://mstestadapter/v2" className="VideoOS.Event.Server.MIP.PlugIn.UnitTest.MapPlugInTypeEventHandlerTest" name="TestDefaultIcon" />
    </UnitTest>
    <UnitTest name="GetSetPrioritySoundMappingsTest" storage="d:\actions-runner\_work\xpco\xpco\eventserver\server\components\central\server\unittest\bin\x64\debug\videoos.event.server.unittest.dll" id="1f93c613-41f4-5e3c-69bd-1cc3daef0753">
      <Execution id="3ca0a6f2-8048-4fe5-b205-8388ab3426b4" />
      <TestMethod codeBase="D:\actions-runner\_work\XPCO\XPCO\EventServer\Server\Components\Central\Server\unittest\bin\x64\Debug\VideoOS.Event.Server.UnitTest.dll" adapterTypeName="executor://mstestadapter/v2" className="VideoOS.Event.Server.Sound.UnitTest.SoundManagerTest" name="GetSetPrioritySoundMappingsTest" />
    </UnitTest>
    <UnitTest name="TestGetAllElementsWithinGpsAreaWithInvalidUpperLeftBounds" storage="d:\actions-runner\_work\xpco\xpco\eventserver\server\components\central\server\unittest\bin\x64\debug\videoos.event.server.unittest.dll" id="1d1af91a-98bf-5e9c-f940-4402a64a3dc3">
      <Execution id="99e832a0-f7ce-4b62-b02d-58bf3c7b110b" />
      <TestMethod codeBase="D:\actions-runner\_work\XPCO\XPCO\EventServer\Server\Components\Central\Server\unittest\bin\x64\Debug\VideoOS.Event.Server.UnitTest.dll" adapterTypeName="executor://mstestadapter/v2" className="VideoOS.Event.Server.Map.UnitTest.VisualElementManagerTest" name="TestGetAllElementsWithinGpsAreaWithInvalidUpperLeftBounds" />
    </UnitTest>
    <UnitTest name="TestGetVisualElementChangesThrowingUnhandledException" storage="d:\actions-runner\_work\xpco\xpco\eventserver\server\components\central\server\unittest\bin\x64\debug\videoos.event.server.unittest.dll" id="f6b1bb3a-5c5f-c0b0-4263-16bc57dd9156">
      <TestCategory>
        <TestCategoryItem TestCategory="WebService/Map" />
      </TestCategory>
      <Execution id="add4e916-b7a3-40f3-9788-284e0af73286" />
      <TestMethod codeBase="D:\actions-runner\_work\XPCO\XPCO\EventServer\Server\Components\Central\Server\unittest\bin\x64\Debug\VideoOS.Event.Server.UnitTest.dll" adapterTypeName="executor://mstestadapter/v2" className="VideoOS.Event.Server.WebService.Map.UnitTest.MapCommandTokenTest" name="TestGetVisualElementChangesThrowingUnhandledException" />
    </UnitTest>
    <UnitTest name="TestGetStatusWithMarkForDeletionSubElements" storage="d:\actions-runner\_work\xpco\xpco\eventserver\server\components\central\server\unittest\bin\x64\debug\videoos.event.server.unittest.dll" id="dd9172a4-589d-2f12-840c-9e893bfa4aed">
      <Execution id="4c1369d5-d3f8-4d8c-99af-90515e7e4103" />
      <TestMethod codeBase="D:\actions-runner\_work\XPCO\XPCO\EventServer\Server\Components\Central\Server\unittest\bin\x64\Debug\VideoOS.Event.Server.UnitTest.dll" adapterTypeName="executor://mstestadapter/v2" className="VideoOS.Event.Server.Map.UnitTest.VisualElementStatusCalculatorTest" name="TestGetStatusWithMarkForDeletionSubElements" />
    </UnitTest>
    <UnitTest name="TestSaveEmptyConfiguration" storage="d:\actions-runner\_work\xpco\xpco\eventserver\server\components\central\server\unittest\bin\x64\debug\videoos.event.server.unittest.dll" id="816814c6-e83f-da87-ffd1-92aa41bb1752">
      <Execution id="3338f85d-4c79-44e1-bed2-d95f245ee96a" />
      <TestMethod codeBase="D:\actions-runner\_work\XPCO\XPCO\EventServer\Server\Components\Central\Server\unittest\bin\x64\Debug\VideoOS.Event.Server.UnitTest.dll" adapterTypeName="executor://mstestadapter/v2" className="VideoOS.Event.Server.UnitTest.AccessControl.AccessControlManagerTest" name="TestSaveEmptyConfiguration" />
    </UnitTest>
    <UnitTest name="GetObjectsWithinGPSArea_WithValidParameters" storage="d:\actions-runner\_work\xpco\xpco\eventserver\server\components\central\server\unittest\bin\x64\debug\videoos.event.server.unittest.dll" id="e7a08b1b-c209-326d-58d8-22c862327d47">
      <TestCategory>
        <TestCategoryItem TestCategory="WebService/Map" />
      </TestCategory>
      <Execution id="26573384-cd56-4c30-afbb-7cb7e2c23474" />
      <TestMethod codeBase="D:\actions-runner\_work\XPCO\XPCO\EventServer\Server\Components\Central\Server\unittest\bin\x64\Debug\VideoOS.Event.Server.UnitTest.dll" adapterTypeName="executor://mstestadapter/v2" className="VideoOS.Event.Server.WebService.Map.UnitTest.MapCommandTokenTest" name="GetObjectsWithinGPSArea_WithValidParameters" />
    </UnitTest>
    <UnitTest name="TestGetVisualizationWithInvalidUser" storage="d:\actions-runner\_work\xpco\xpco\eventserver\server\components\central\server\unittest\bin\x64\debug\videoos.event.server.unittest.dll" id="a8e4de2a-185b-d21a-92b4-a020ccc4cbea">
      <Execution id="a21cd89f-99e9-44fc-b032-526de59dd129" />
      <TestMethod codeBase="D:\actions-runner\_work\XPCO\XPCO\EventServer\Server\Components\Central\Server\unittest\bin\x64\Debug\VideoOS.Event.Server.UnitTest.dll" adapterTypeName="executor://mstestadapter/v2" className="VideoOS.Event.Server.WebService.Status.UnitTest.StatusCommandToken2Test" name="TestGetVisualizationWithInvalidUser" />
    </UnitTest>
    <UnitTest name="TestGetXMLWithNullVariables" storage="d:\actions-runner\_work\xpco\xpco\eventserver\server\components\central\server\unittest\bin\x64\debug\videoos.event.server.unittest.dll" id="7d179d52-6296-c46b-b9c6-bedbd352ed5d">
      <Execution id="e06bc5d4-8817-4fc8-bf8f-96f55cb90f08" />
      <TestMethod codeBase="D:\actions-runner\_work\XPCO\XPCO\EventServer\Server\Components\Central\Server\unittest\bin\x64\Debug\VideoOS.Event.Server.UnitTest.dll" adapterTypeName="executor://mstestadapter/v2" className="VideoOS.Event.Server.Map.Data.UnitTest.BoundsStorageTest" name="TestGetXMLWithNullVariables" />
    </UnitTest>
    <UnitTest name="TestGetStateWithEmptyState" storage="d:\actions-runner\_work\xpco\xpco\eventserver\server\components\central\server\unittest\bin\x64\debug\videoos.event.server.unittest.dll" id="6e7edd7b-7615-7152-6d9d-3cc4f9511cf7">
      <Execution id="c365b905-0241-4da1-ac7b-3de9bf80a735" />
      <TestMethod codeBase="D:\actions-runner\_work\XPCO\XPCO\EventServer\Server\Components\Central\Server\unittest\bin\x64\Debug\VideoOS.Event.Server.UnitTest.dll" adapterTypeName="executor://mstestadapter/v2" className="VideoOS.Event.Server.Map.Data.UnitTest.StatusElementTest" name="TestGetStateWithEmptyState" />
    </UnitTest>
    <UnitTest name="TestGetConfigurationDataThrowException" storage="d:\actions-runner\_work\xpco\xpco\eventserver\server\components\central\server\unittest\bin\x64\debug\videoos.event.server.unittest.dll" id="41475bcb-ef5d-3618-7d1d-5b1438a91061">
      <TestCategory>
        <TestCategoryItem TestCategory="DatabaseConfigurableDataCache" />
      </TestCategory>
      <Execution id="3bcc2f28-4958-4040-9bae-2e49fb13ef52" />
      <TestMethod codeBase="D:\actions-runner\_work\XPCO\XPCO\EventServer\Server\Components\Central\Server\unittest\bin\x64\Debug\VideoOS.Event.Server.UnitTest.dll" adapterTypeName="executor://mstestadapter/v2" className="VideoOS.EventServer.Config.UnitTest.DatabaseConfigurableDataCacheTest" name="TestGetConfigurationDataThrowException" />
    </UnitTest>
    <UnitTest name="TestGetPlugInItems" storage="d:\actions-runner\_work\xpco\xpco\eventserver\server\components\central\server\unittest\bin\x64\debug\videoos.event.server.unittest.dll" id="59524313-3601-c65c-9b12-abd92090ce88">
      <TestCategory>
        <TestCategoryItem TestCategory="WebService/Map" />
      </TestCategory>
      <Execution id="60b810c7-dcb3-439d-a7dd-f28b2da49913" />
      <TestMethod codeBase="D:\actions-runner\_work\XPCO\XPCO\EventServer\Server\Components\Central\Server\unittest\bin\x64\Debug\VideoOS.Event.Server.UnitTest.dll" adapterTypeName="executor://mstestadapter/v2" className="VideoOS.Event.Server.WebService.Map.UnitTest.MapCommandCredentialsTest" name="TestGetPlugInItems" />
    </UnitTest>
    <UnitTest name="TestUpdateAlarmInvalidToken" storage="d:\actions-runner\_work\xpco\xpco\eventserver\server\components\central\server\unittest\bin\x64\debug\videoos.event.server.unittest.dll" id="0bca286d-dd69-5c57-8d8c-a51a534f96aa">
      <Execution id="da1de149-5c37-4aa8-baa4-ff98d5bd1591" />
      <TestMethod codeBase="D:\actions-runner\_work\XPCO\XPCO\EventServer\Server\Components\Central\Server\unittest\bin\x64\Debug\VideoOS.Event.Server.UnitTest.dll" adapterTypeName="executor://mstestadapter/v2" className="VideoOS.Event.Server.WebService.Alarm.UnitTest.AlarmCommandTokenTest" name="TestUpdateAlarmInvalidToken" />
    </UnitTest>
    <UnitTest name="TestLoadXMLWithNoParametersCorrect" storage="d:\actions-runner\_work\xpco\xpco\eventserver\server\components\central\server\unittest\bin\x64\debug\videoos.event.server.unittest.dll" id="2c8a1d5b-0028-9f0a-8011-ed24ab9ceeae">
      <Execution id="88f049b0-5c8f-4b73-aff8-b667a99f2518" />
      <TestMethod codeBase="D:\actions-runner\_work\XPCO\XPCO\EventServer\Server\Components\Central\Server\unittest\bin\x64\Debug\VideoOS.Event.Server.UnitTest.dll" adapterTypeName="executor://mstestadapter/v2" className="VideoOS.Event.Server.Map.Data.UnitTest.VisualizationStateStorageTest" name="TestLoadXMLWithNoParametersCorrect" />
    </UnitTest>
    <UnitTest name="TestLoadXMLWithNoInnerText" storage="d:\actions-runner\_work\xpco\xpco\eventserver\server\components\central\server\unittest\bin\x64\debug\videoos.event.server.unittest.dll" id="adce347d-d8a3-fa81-3aab-32fa93d7feec">
      <Execution id="579799ba-b071-4daf-8328-41775c0db441" />
      <TestMethod codeBase="D:\actions-runner\_work\XPCO\XPCO\EventServer\Server\Components\Central\Server\unittest\bin\x64\Debug\VideoOS.Event.Server.UnitTest.dll" adapterTypeName="executor://mstestadapter/v2" className="VideoOS.Event.Server.Map.Data.UnitTest.PositionStorageTest" name="TestLoadXMLWithNoInnerText" />
    </UnitTest>
    <UnitTest name="TestGetStatusDetailsThrowingUnhandledException" storage="d:\actions-runner\_work\xpco\xpco\eventserver\server\components\central\server\unittest\bin\x64\debug\videoos.event.server.unittest.dll" id="6d94d123-0366-be52-99f0-ddb1f359935c">
      <Execution id="c6f6d0b1-4cdf-4c8d-b4d7-9aaeb7937000" />
      <TestMethod codeBase="D:\actions-runner\_work\XPCO\XPCO\EventServer\Server\Components\Central\Server\unittest\bin\x64\Debug\VideoOS.Event.Server.UnitTest.dll" adapterTypeName="executor://mstestadapter/v2" className="VideoOS.Event.Server.WebService.Status.UnitTest.StatusCommandToken2Test" name="TestGetStatusDetailsThrowingUnhandledException" />
    </UnitTest>
    <UnitTest name="TestAcknowledgeMultipleAlarms" storage="d:\actions-runner\_work\xpco\xpco\eventserver\server\components\central\server\unittest\bin\x64\debug\videoos.event.server.unittest.dll" id="d221b392-2f8f-4661-b81b-eb0b5b60e13d">
      <Execution id="f996026d-a88e-4ada-be1d-61f61720e8c9" />
      <TestMethod codeBase="D:\actions-runner\_work\XPCO\XPCO\EventServer\Server\Components\Central\Server\unittest\bin\x64\Debug\VideoOS.Event.Server.UnitTest.dll" adapterTypeName="executor://mstestadapter/v2" className="VideoOS.Event.Server.WebService.Alarm.UnitTest.AlarmCommandTokenTest" name="TestAcknowledgeMultipleAlarms" />
    </UnitTest>
    <UnitTest name="Handle_ShouldNotFlattenValuesBasedOnPriorityIntAndValue_WhenPriorityValueIsInvalid" storage="d:\actions-runner\_work\xpco\xpco\eventserver\server\components\central\server\unittest\bin\x64\debug\videoos.event.server.unittest.dll" id="76d9ad7e-958f-e925-ce8b-d0d52dd698a4">
      <Execution id="53b37a68-5bbe-47e7-b6bf-faeb5efdee55" />
      <TestMethod codeBase="D:\actions-runner\_work\XPCO\XPCO\EventServer\Server\Components\Central\Server\unittest\bin\x64\Debug\VideoOS.Event.Server.UnitTest.dll" adapterTypeName="executor://mstestadapter/v2" className="VideoOS.Event.Server.UnitTest.Alarm.Processors.UpdateAlarms.UpdateAlarmCompositeValueHandlerTests" name="Handle_ShouldNotFlattenValuesBasedOnPriorityIntAndValue_WhenPriorityValueIsInvalid" />
    </UnitTest>
    <UnitTest name="GetEventTypesForUser_ChecksFetchingOfAlarmDefinitionsWithDisabledEventType" storage="d:\actions-runner\_work\xpco\xpco\eventserver\server\components\central\server\unittest\bin\x64\debug\videoos.event.server.unittest.dll" id="70eb97cf-6fb5-8090-90b9-939e95e3b186">
      <TestCategory>
        <TestCategoryItem TestCategory="CI" />
      </TestCategory>
      <Execution id="040fb318-eae4-46b4-b7d6-feef563fe51c" />
      <TestMethod codeBase="D:\actions-runner\_work\XPCO\XPCO\EventServer\Server\Components\Central\Server\unittest\bin\x64\Debug\VideoOS.Event.Server.UnitTest.dll" adapterTypeName="executor://mstestadapter/v2" className="VideoOS.EventServer.Disable.UnitTest.DisableManagerTest" name="GetEventTypesForUser_ChecksFetchingOfAlarmDefinitionsWithDisabledEventType" />
    </UnitTest>
    <UnitTest name="TestLookup" storage="d:\actions-runner\_work\xpco\xpco\eventserver\server\components\central\server\unittest\bin\x64\debug\videoos.event.server.unittest.dll" id="3ca06c88-151a-d031-1bc7-e0c52536e410">
      <Execution id="8aacd65f-80d1-4793-88ac-9cde906504b1" />
      <TestMethod codeBase="D:\actions-runner\_work\XPCO\XPCO\EventServer\Server\Components\Central\Server\unittest\bin\x64\Debug\VideoOS.Event.Server.UnitTest.dll" adapterTypeName="executor://mstestadapter/v2" className="VideoOS.Analytics.Events.UnitTest.Server.DeviceManager.TestDeviceManagerXPCO" name="TestLookup" />
    </UnitTest>
    <UnitTest name="TestGetStatusForAllObjectsOfTypeThrowingUnhandledException" storage="d:\actions-runner\_work\xpco\xpco\eventserver\server\components\central\server\unittest\bin\x64\debug\videoos.event.server.unittest.dll" id="de221b3f-8faf-6d88-d504-dab94145d101">
      <Execution id="70db13fc-9b24-4de8-9c12-dfd3998fc2ab" />
      <TestMethod codeBase="D:\actions-runner\_work\XPCO\XPCO\EventServer\Server\Components\Central\Server\unittest\bin\x64\Debug\VideoOS.Event.Server.UnitTest.dll" adapterTypeName="executor://mstestadapter/v2" className="VideoOS.Event.Server.WebService.Status.UnitTest.StatusCommandCredentialsTest" name="TestGetStatusForAllObjectsOfTypeThrowingUnhandledException" />
    </UnitTest>
    <UnitTest name="TestGetVisualizationChangesWithNulTimeout" storage="d:\actions-runner\_work\xpco\xpco\eventserver\server\components\central\server\unittest\bin\x64\debug\videoos.event.server.unittest.dll" id="1125c384-36c9-7da0-f253-4de4fa4f1257">
      <Execution id="4f240299-d7c9-48b9-9ae5-b211bfc72280" />
      <TestMethod codeBase="D:\actions-runner\_work\XPCO\XPCO\EventServer\Server\Components\Central\Server\unittest\bin\x64\Debug\VideoOS.Event.Server.UnitTest.dll" adapterTypeName="executor://mstestadapter/v2" className="VideoOS.Event.Server.WebService.Status.UnitTest.StatusCommandCredentialsTest" name="TestGetVisualizationChangesWithNulTimeout" />
    </UnitTest>
    <UnitTest name="TestGetItemStatusDetails" storage="d:\actions-runner\_work\xpco\xpco\eventserver\server\components\central\server\unittest\bin\x64\debug\videoos.event.server.unittest.dll" id="893bae7d-2ecb-147a-4249-142a59be651b">
      <Execution id="179ea545-312c-404b-84cc-854d6bce947c" />
      <TestMethod codeBase="D:\actions-runner\_work\XPCO\XPCO\EventServer\Server\Components\Central\Server\unittest\bin\x64\Debug\VideoOS.Event.Server.UnitTest.dll" adapterTypeName="executor://mstestadapter/v2" className="VideoOS.Event.Server.MIP.PlugIn.UnitTest.MapPlugInTypeEventHandlerTest" name="TestGetItemStatusDetails" />
    </UnitTest>
    <UnitTest name="TestGetXML" storage="d:\actions-runner\_work\xpco\xpco\eventserver\server\components\central\server\unittest\bin\x64\debug\videoos.event.server.unittest.dll" id="5547bcbc-02e3-b114-85b3-0b9f6aeeed68">
      <Execution id="ec0c1739-0618-40cd-9a7d-c39e0fe91776" />
      <TestMethod codeBase="D:\actions-runner\_work\XPCO\XPCO\EventServer\Server\Components\Central\Server\unittest\bin\x64\Debug\VideoOS.Event.Server.UnitTest.dll" adapterTypeName="executor://mstestadapter/v2" className="VideoOS.Event.Server.Map.Data.UnitTest.AccessListStorageTest" name="TestGetXML" />
    </UnitTest>
    <UnitTest name="TestActionHandlerStart" storage="d:\actions-runner\_work\xpco\xpco\eventserver\server\components\central\server\unittest\bin\x64\debug\videoos.event.server.unittest.dll" id="ec4e63e2-3209-426c-3f87-d44e6c590fc1">
      <Execution id="e748d819-99cd-4564-b235-c2c512609ba1" />
      <TestMethod codeBase="D:\actions-runner\_work\XPCO\XPCO\EventServer\Server\Components\Central\Server\unittest\bin\x64\Debug\VideoOS.Event.Server.UnitTest.dll" adapterTypeName="executor://mstestadapter/v2" className="VideoOS.Event.Server.UnitTest.XPCORuleSystem.MipActionHandlerTest" name="TestActionHandlerStart" />
    </UnitTest>
    <UnitTest name="TestUpdateObjectWithServerIDInRelationID" storage="d:\actions-runner\_work\xpco\xpco\eventserver\server\components\central\server\unittest\bin\x64\debug\videoos.event.server.unittest.dll" id="f85f0413-7b9a-3dc4-3a08-bf3160fa78b9">
      <TestCategory>
        <TestCategoryItem TestCategory="WebService/Map" />
      </TestCategory>
      <Execution id="d05d2840-aa56-4ad4-98e3-efdb776d56a3" />
      <TestMethod codeBase="D:\actions-runner\_work\XPCO\XPCO\EventServer\Server\Components\Central\Server\unittest\bin\x64\Debug\VideoOS.Event.Server.UnitTest.dll" adapterTypeName="executor://mstestadapter/v2" className="VideoOS.Event.Server.WebService.Map.UnitTest.MapCommandTokenTest" name="TestUpdateObjectWithServerIDInRelationID" />
    </UnitTest>
    <UnitTest name="TestAccessControlConfigHostAddedAfterUsersAdded" storage="d:\actions-runner\_work\xpco\xpco\eventserver\server\components\central\server\unittest\bin\x64\debug\videoos.event.server.unittest.dll" id="d3da5022-8e4b-8d31-c15b-792642a32026">
      <TestCategory>
        <TestCategoryItem TestCategory="PermissionManagerFetcher" />
      </TestCategory>
      <Execution id="667cb7df-d5af-434b-99e6-4e03ae6caded" />
      <TestMethod codeBase="D:\actions-runner\_work\XPCO\XPCO\EventServer\Server\Components\Central\Server\unittest\bin\x64\Debug\VideoOS.Event.Server.UnitTest.dll" adapterTypeName="executor://mstestadapter/v2" className="VideoOS.Event.Server.UnitTest.Security.PermissionFetcherTest" name="TestAccessControlConfigHostAddedAfterUsersAdded" />
    </UnitTest>
    <UnitTest name="TestItemDeleted" storage="d:\actions-runner\_work\xpco\xpco\eventserver\server\components\central\server\unittest\bin\x64\debug\videoos.event.server.unittest.dll" id="eadbb5f9-fc4e-3847-f8a1-9c5f3da99658">
      <Execution id="ef17affb-9344-4fb4-83dd-dd7be9764a33" />
      <TestMethod codeBase="D:\actions-runner\_work\XPCO\XPCO\EventServer\Server\Components\Central\Server\unittest\bin\x64\Debug\VideoOS.Event.Server.UnitTest.dll" adapterTypeName="executor://mstestadapter/v2" className="VideoOS.Event.Server.MIP.PlugIn.UnitTest.MapPlugInTypeEventHandlerTest" name="TestItemDeleted" />
    </UnitTest>
    <UnitTest name="TestXmlValidTwo" storage="d:\actions-runner\_work\xpco\xpco\eventserver\server\components\central\server\unittest\bin\x64\debug\videoos.event.server.unittest.dll" id="7170d4d4-1352-0b81-d734-949ca2b0a26a">
      <Execution id="68a7d082-7440-4698-8416-bc01f76ae0bd" />
      <TestMethod codeBase="D:\actions-runner\_work\XPCO\XPCO\EventServer\Server\Components\Central\Server\unittest\bin\x64\Debug\VideoOS.Event.Server.UnitTest.dll" adapterTypeName="executor://mstestadapter/v2" className="VideoOS.EventServer.Disable.UnitTest.DisableAlarmItemTest" name="TestXmlValidTwo" />
    </UnitTest>
    <UnitTest name="TestGetAllElementsOfTypeExcludeRoot" storage="d:\actions-runner\_work\xpco\xpco\eventserver\server\components\central\server\unittest\bin\x64\debug\videoos.event.server.unittest.dll" id="cbe8b214-ea1c-0fd1-1902-5026939c5b9f">
      <Execution id="119c9f28-ce2d-437e-a910-eafcff75fcdd" />
      <TestMethod codeBase="D:\actions-runner\_work\XPCO\XPCO\EventServer\Server\Components\Central\Server\unittest\bin\x64\Debug\VideoOS.Event.Server.UnitTest.dll" adapterTypeName="executor://mstestadapter/v2" className="VideoOS.Event.Server.Map.UnitTest.VisualElementManagerTest" name="TestGetAllElementsOfTypeExcludeRoot" />
    </UnitTest>
    <UnitTest name="TestUpdateElementWithTwoRelationsOnSameParentCausingCyclicTree" storage="d:\actions-runner\_work\xpco\xpco\eventserver\server\components\central\server\unittest\bin\x64\debug\videoos.event.server.unittest.dll" id="40011b60-4048-c1a7-b55d-88f066436383">
      <Execution id="6c69375f-3c39-407b-856b-c33eedcd5ec1" />
      <TestMethod codeBase="D:\actions-runner\_work\XPCO\XPCO\EventServer\Server\Components\Central\Server\unittest\bin\x64\Debug\VideoOS.Event.Server.UnitTest.dll" adapterTypeName="executor://mstestadapter/v2" className="VideoOS.Event.Server.Map.UnitTest.VisualElementManagerTest" name="TestUpdateElementWithTwoRelationsOnSameParentCausingCyclicTree" />
    </UnitTest>
    <UnitTest name="TestUpdateObjectWithServerIDInID" storage="d:\actions-runner\_work\xpco\xpco\eventserver\server\components\central\server\unittest\bin\x64\debug\videoos.event.server.unittest.dll" id="6f269c0c-f8af-9aab-1e33-51ad0ab30096">
      <TestCategory>
        <TestCategoryItem TestCategory="WebService/Map" />
      </TestCategory>
      <Execution id="0008e467-9200-42c1-b508-5c56b76f442b" />
      <TestMethod codeBase="D:\actions-runner\_work\XPCO\XPCO\EventServer\Server\Components\Central\Server\unittest\bin\x64\Debug\VideoOS.Event.Server.UnitTest.dll" adapterTypeName="executor://mstestadapter/v2" className="VideoOS.Event.Server.WebService.Map.UnitTest.MapCommandTokenTest" name="TestUpdateObjectWithServerIDInID" />
    </UnitTest>
    <UnitTest name="TestGetXML" storage="d:\actions-runner\_work\xpco\xpco\eventserver\server\components\central\server\unittest\bin\x64\debug\videoos.event.server.unittest.dll" id="fa0411a1-2370-819b-055c-83a992a25bc8">
      <Execution id="d4797a65-eee7-4f27-a16a-e33882bc6b5e" />
      <TestMethod codeBase="D:\actions-runner\_work\XPCO\XPCO\EventServer\Server\Components\Central\Server\unittest\bin\x64\Debug\VideoOS.Event.Server.UnitTest.dll" adapterTypeName="executor://mstestadapter/v2" className="VideoOS.Event.Server.Map.Data.UnitTest.VisualizationStateStorageTest" name="TestGetXML" />
    </UnitTest>
    <UnitTest name="TestGetStatusForAllObjectsOfTypeNotAuthenticated" storage="d:\actions-runner\_work\xpco\xpco\eventserver\server\components\central\server\unittest\bin\x64\debug\videoos.event.server.unittest.dll" id="c7daca29-1755-7aa7-c742-17b920aea620">
      <Execution id="a9eb3f01-8f1c-4e15-92e4-89b9fa70b059" />
      <TestMethod codeBase="D:\actions-runner\_work\XPCO\XPCO\EventServer\Server\Components\Central\Server\unittest\bin\x64\Debug\VideoOS.Event.Server.UnitTest.dll" adapterTypeName="executor://mstestadapter/v2" className="VideoOS.Event.Server.WebService.Status.UnitTest.StatusCommandCredentialsTest" name="TestGetStatusForAllObjectsOfTypeNotAuthenticated" />
    </UnitTest>
    <UnitTest name="TestUpdateElementWithWithAChildRemovingRelation" storage="d:\actions-runner\_work\xpco\xpco\eventserver\server\components\central\server\unittest\bin\x64\debug\videoos.event.server.unittest.dll" id="628c5a10-fa75-4635-d543-84daf4bbbed1">
      <Execution id="fa7390f3-bd12-4800-8a3c-29e318642938" />
      <TestMethod codeBase="D:\actions-runner\_work\XPCO\XPCO\EventServer\Server\Components\Central\Server\unittest\bin\x64\Debug\VideoOS.Event.Server.UnitTest.dll" adapterTypeName="executor://mstestadapter/v2" className="VideoOS.Event.Server.Map.UnitTest.VisualElementManagerTest" name="TestUpdateElementWithWithAChildRemovingRelation" />
    </UnitTest>
    <UnitTest name="TestGetStatus" storage="d:\actions-runner\_work\xpco\xpco\eventserver\server\components\central\server\unittest\bin\x64\debug\videoos.event.server.unittest.dll" id="c425ec9e-c38d-1375-c959-34a80814e443">
      <Execution id="d0c6d085-0993-4864-8a1c-5b907f334b3d" />
      <TestMethod codeBase="D:\actions-runner\_work\XPCO\XPCO\EventServer\Server\Components\Central\Server\unittest\bin\x64\Debug\VideoOS.Event.Server.UnitTest.dll" adapterTypeName="executor://mstestadapter/v2" className="VideoOS.Event.Server.WebService.Status.UnitTest.StatusCommandTokenTest" name="TestGetStatus" />
    </UnitTest>
    <UnitTest name="GetObject_WithValidParameters" storage="d:\actions-runner\_work\xpco\xpco\eventserver\server\components\central\server\unittest\bin\x64\debug\videoos.event.server.unittest.dll" id="afe764cc-6fe5-f186-9934-0dcec682f3a1">
      <TestCategory>
        <TestCategoryItem TestCategory="WebService/Map" />
      </TestCategory>
      <Execution id="34a600b1-2f5c-429a-bc40-2d0e6faca5e6" />
      <TestMethod codeBase="D:\actions-runner\_work\XPCO\XPCO\EventServer\Server\Components\Central\Server\unittest\bin\x64\Debug\VideoOS.Event.Server.UnitTest.dll" adapterTypeName="executor://mstestadapter/v2" className="VideoOS.Event.Server.WebService.Map.UnitTest.MapCommandToken2Test" name="GetObject_WithValidParameters" />
    </UnitTest>
    <UnitTest name="TestCreateObjectWithInvalidUser" storage="d:\actions-runner\_work\xpco\xpco\eventserver\server\components\central\server\unittest\bin\x64\debug\videoos.event.server.unittest.dll" id="f17fb508-5add-884a-e759-f0cbc77bb104">
      <TestCategory>
        <TestCategoryItem TestCategory="WebService/Map" />
      </TestCategory>
      <Execution id="577e3758-df9b-4e24-bdb4-be987383f082" />
      <TestMethod codeBase="D:\actions-runner\_work\XPCO\XPCO\EventServer\Server\Components\Central\Server\unittest\bin\x64\Debug\VideoOS.Event.Server.UnitTest.dll" adapterTypeName="executor://mstestadapter/v2" className="VideoOS.Event.Server.WebService.Map.UnitTest.MapCommandTokenTest" name="TestCreateObjectWithInvalidUser" />
    </UnitTest>
    <UnitTest name="TestDeleteObjectsThrowingUnhandledException" storage="d:\actions-runner\_work\xpco\xpco\eventserver\server\components\central\server\unittest\bin\x64\debug\videoos.event.server.unittest.dll" id="bad3960a-f0bc-6413-1aed-72f207099ded">
      <TestCategory>
        <TestCategoryItem TestCategory="WebService/Map" />
      </TestCategory>
      <Execution id="63e28147-ba73-4a8f-8356-f03e75cefdcf" />
      <TestMethod codeBase="D:\actions-runner\_work\XPCO\XPCO\EventServer\Server\Components\Central\Server\unittest\bin\x64\Debug\VideoOS.Event.Server.UnitTest.dll" adapterTypeName="executor://mstestadapter/v2" className="VideoOS.Event.Server.WebService.Map.UnitTest.MapCommandCredentialsTest" name="TestDeleteObjectsThrowingUnhandledException" />
    </UnitTest>
    <UnitTest name="TestCreateObjectsWithInvalidUser" storage="d:\actions-runner\_work\xpco\xpco\eventserver\server\components\central\server\unittest\bin\x64\debug\videoos.event.server.unittest.dll" id="e25a0b21-87b2-7f59-87da-5dca25810132">
      <TestCategory>
        <TestCategoryItem TestCategory="WebService/Map" />
      </TestCategory>
      <Execution id="d8551269-55f7-4865-8f1c-637ef616bcc5" />
      <TestMethod codeBase="D:\actions-runner\_work\XPCO\XPCO\EventServer\Server\Components\Central\Server\unittest\bin\x64\Debug\VideoOS.Event.Server.UnitTest.dll" adapterTypeName="executor://mstestadapter/v2" className="VideoOS.Event.Server.WebService.Map.UnitTest.MapCommandToken2Test" name="TestCreateObjectsWithInvalidUser" />
    </UnitTest>
    <UnitTest name="TestGetPlugInsThrowingUnhandledException" storage="d:\actions-runner\_work\xpco\xpco\eventserver\server\components\central\server\unittest\bin\x64\debug\videoos.event.server.unittest.dll" id="6f8a36d0-d7e5-32de-4250-37aef9b883a4">
      <TestCategory>
        <TestCategoryItem TestCategory="WebService/Map" />
      </TestCategory>
      <Execution id="e35a2dfb-6b4c-4ead-86b9-34449795c340" />
      <TestMethod codeBase="D:\actions-runner\_work\XPCO\XPCO\EventServer\Server\Components\Central\Server\unittest\bin\x64\Debug\VideoOS.Event.Server.UnitTest.dll" adapterTypeName="executor://mstestadapter/v2" className="VideoOS.Event.Server.WebService.Map.UnitTest.MapCommandTokenTest" name="TestGetPlugInsThrowingUnhandledException" />
    </UnitTest>
    <UnitTest name="EventIdListTest_RecorderListIds_NotContainedInWebServiceEventIds" storage="d:\actions-runner\_work\xpco\xpco\eventserver\server\components\central\server\unittest\bin\x64\debug\videoos.event.server.unittest.dll" id="9a60e8b1-4d8a-31ce-d3cc-dc0fc13ef5e5">
      <Execution id="7c2befd3-3426-4be9-a322-2ec0dd44d055" />
      <TestMethod codeBase="D:\actions-runner\_work\XPCO\XPCO\EventServer\Server\Components\Central\Server\unittest\bin\x64\Debug\VideoOS.Event.Server.UnitTest.dll" adapterTypeName="executor://mstestadapter/v2" className="VideoOS.Event.Server.UnitTest.Event.EventIdListTest" name="EventIdListTest_RecorderListIds_NotContainedInWebServiceEventIds" />
    </UnitTest>
    <UnitTest name="TestAddUserWithNullUser" storage="d:\actions-runner\_work\xpco\xpco\eventserver\server\components\central\server\unittest\bin\x64\debug\videoos.event.server.unittest.dll" id="053605cc-6735-42bb-6e5a-f614c91f94ee">
      <TestCategory>
        <TestCategoryItem TestCategory="PermissionManagerFetcher" />
      </TestCategory>
      <Execution id="c70f853b-0100-4d1d-99f8-7d0151442d51" />
      <TestMethod codeBase="D:\actions-runner\_work\XPCO\XPCO\EventServer\Server\Components\Central\Server\unittest\bin\x64\Debug\VideoOS.Event.Server.UnitTest.dll" adapterTypeName="executor://mstestadapter/v2" className="VideoOS.Event.Server.UnitTest.Security.PermissionFetcherTest" name="TestAddUserWithNullUser" />
    </UnitTest>
    <UnitTest name="TestUpdateObjectWithInvalidUser" storage="d:\actions-runner\_work\xpco\xpco\eventserver\server\components\central\server\unittest\bin\x64\debug\videoos.event.server.unittest.dll" id="6d4ff796-fb99-102d-5dff-045c4f4a4c1a">
      <TestCategory>
        <TestCategoryItem TestCategory="WebService/Map" />
      </TestCategory>
      <Execution id="e00e8e21-efbd-4121-98f2-cbe3d5e83a93" />
      <TestMethod codeBase="D:\actions-runner\_work\XPCO\XPCO\EventServer\Server\Components\Central\Server\unittest\bin\x64\Debug\VideoOS.Event.Server.UnitTest.dll" adapterTypeName="executor://mstestadapter/v2" className="VideoOS.Event.Server.WebService.Map.UnitTest.MapCommandToken2Test" name="TestUpdateObjectWithInvalidUser" />
    </UnitTest>
    <UnitTest name="TestGetObjectWithInvalidUser" storage="d:\actions-runner\_work\xpco\xpco\eventserver\server\components\central\server\unittest\bin\x64\debug\videoos.event.server.unittest.dll" id="f87f9f49-0187-2919-3722-c1448f7defc0">
      <TestCategory>
        <TestCategoryItem TestCategory="WebService/Map" />
      </TestCategory>
      <Execution id="2cb88103-aec2-4012-8e0d-c179080d7b9b" />
      <TestMethod codeBase="D:\actions-runner\_work\XPCO\XPCO\EventServer\Server\Components\Central\Server\unittest\bin\x64\Debug\VideoOS.Event.Server.UnitTest.dll" adapterTypeName="executor://mstestadapter/v2" className="VideoOS.Event.Server.WebService.Map.UnitTest.MapCommandToken2Test" name="TestGetObjectWithInvalidUser" />
    </UnitTest>
    <UnitTest name="ConstructorTest" storage="d:\actions-runner\_work\xpco\xpco\eventserver\server\components\central\server\unittest\bin\x64\debug\videoos.event.server.unittest.dll" id="52e64020-04e8-41f8-927f-e3992d18234b">
      <Execution id="9c6f5ce3-793e-4af4-8b98-11ec07cff046" />
      <TestMethod codeBase="D:\actions-runner\_work\XPCO\XPCO\EventServer\Server\Components\Central\Server\unittest\bin\x64\Debug\VideoOS.Event.Server.UnitTest.dll" adapterTypeName="executor://mstestadapter/v2" className="VideoOS.Event.Server.Sound.UnitTest.SoundManagerTest" name="ConstructorTest" />
    </UnitTest>
    <UnitTest name="TestUpdateBoundsWithNullParameters" storage="d:\actions-runner\_work\xpco\xpco\eventserver\server\components\central\server\unittest\bin\x64\debug\videoos.event.server.unittest.dll" id="db82d364-bead-2e32-98c7-e2a0a53f7d8e">
      <Execution id="f5a8c171-f836-4720-8cbd-41507e749e3f" />
      <TestMethod codeBase="D:\actions-runner\_work\XPCO\XPCO\EventServer\Server\Components\Central\Server\unittest\bin\x64\Debug\VideoOS.Event.Server.UnitTest.dll" adapterTypeName="executor://mstestadapter/v2" className="VideoOS.Event.Server.Map.Data.UnitTest.VisualElementStorageTest" name="TestUpdateBoundsWithNullParameters" />
    </UnitTest>
    <UnitTest name="TestDeleteObjectAndChildObjectsThrowingUnhandledException" storage="d:\actions-runner\_work\xpco\xpco\eventserver\server\components\central\server\unittest\bin\x64\debug\videoos.event.server.unittest.dll" id="ccfdb732-b4f9-66b8-8a41-9bc827d46e1b">
      <TestCategory>
        <TestCategoryItem TestCategory="WebService/Map" />
      </TestCategory>
      <Execution id="53a1be6b-3add-4f5f-9210-195da3b9a07e" />
      <TestMethod codeBase="D:\actions-runner\_work\XPCO\XPCO\EventServer\Server\Components\Central\Server\unittest\bin\x64\Debug\VideoOS.Event.Server.UnitTest.dll" adapterTypeName="executor://mstestadapter/v2" className="VideoOS.Event.Server.WebService.Map.UnitTest.MapCommandCredentialsTest" name="TestDeleteObjectAndChildObjectsThrowingUnhandledException" />
    </UnitTest>
    <UnitTest name="TestUpdateAlarmException" storage="d:\actions-runner\_work\xpco\xpco\eventserver\server\components\central\server\unittest\bin\x64\debug\videoos.event.server.unittest.dll" id="fb6f9dd8-5e05-63fd-042e-9b13a815a54e">
      <Execution id="d5001b75-ea1d-43c2-8404-4ea763e7e149" />
      <TestMethod codeBase="D:\actions-runner\_work\XPCO\XPCO\EventServer\Server\Components\Central\Server\unittest\bin\x64\Debug\VideoOS.Event.Server.UnitTest.dll" adapterTypeName="executor://mstestadapter/v2" className="VideoOS.Event.Server.WebService.Alarm.UnitTest.AlarmCommandTokenTest" name="TestUpdateAlarmException" />
    </UnitTest>
    <UnitTest name="TestUpdateNameWithInvalidUser" storage="d:\actions-runner\_work\xpco\xpco\eventserver\server\components\central\server\unittest\bin\x64\debug\videoos.event.server.unittest.dll" id="e540e23a-9086-c95a-fecf-e7701392786b">
      <Execution id="9d7960cc-4040-4378-b790-3c4efb983457" />
      <TestMethod codeBase="D:\actions-runner\_work\XPCO\XPCO\EventServer\Server\Components\Central\Server\unittest\bin\x64\Debug\VideoOS.Event.Server.UnitTest.dll" adapterTypeName="executor://mstestadapter/v2" className="VideoOS.Event.Server.WebService.Map.UnitTest.MapCommandToken2Test" name="TestUpdateNameWithInvalidUser" />
    </UnitTest>
    <UnitTest name="HasStateUpdate_ShouldReturnFalse_WhenListIsEmpty" storage="d:\actions-runner\_work\xpco\xpco\eventserver\server\components\central\server\unittest\bin\x64\debug\videoos.event.server.unittest.dll" id="34946c4b-9b86-cf74-6501-0375a2804ba9">
      <Execution id="4d0db3f2-61dd-426a-9ede-af3cd8197dd2" />
      <TestMethod codeBase="D:\actions-runner\_work\XPCO\XPCO\EventServer\Server\Components\Central\Server\unittest\bin\x64\Debug\VideoOS.Event.Server.UnitTest.dll" adapterTypeName="executor://mstestadapter/v2" className="VideoOS.Event.Server.UnitTest.Alarm.AlarmActionItems.StateUpdateHelperTest" name="HasStateUpdate_ShouldReturnFalse_WhenListIsEmpty" />
    </UnitTest>
    <UnitTest name="HardwareAndDeviceEventTypes_ShouldBeReloaded_WhenXpcoConfigChangesAsync" storage="d:\actions-runner\_work\xpco\xpco\eventserver\server\components\central\server\unittest\bin\x64\debug\videoos.event.server.unittest.dll" id="9469aee2-b0ed-11c3-f4db-007069bd5ff7">
      <Execution id="ba54db9d-a964-45e7-bfb3-1b9b151c02f2" />
      <TestMethod codeBase="D:\actions-runner\_work\XPCO\XPCO\EventServer\Server\Components\Central\Server\unittest\bin\x64\Debug\VideoOS.Event.Server.UnitTest.dll" adapterTypeName="executor://mstestadapter/v2" className="VideoOS.Event.Server.UnitTest.Alarm.ConfigFilterManagerTests" name="HardwareAndDeviceEventTypes_ShouldBeReloaded_WhenXpcoConfigChangesAsync" />
    </UnitTest>
    <UnitTest name="TestRemoveElementAndChildElementsRemovingMiddleMap" storage="d:\actions-runner\_work\xpco\xpco\eventserver\server\components\central\server\unittest\bin\x64\debug\videoos.event.server.unittest.dll" id="0a3db00b-0b97-dba4-4bb2-8340250078ae">
      <Execution id="ff8f331f-548d-4c09-9ae1-5555b29e06f4" />
      <TestMethod codeBase="D:\actions-runner\_work\XPCO\XPCO\EventServer\Server\Components\Central\Server\unittest\bin\x64\Debug\VideoOS.Event.Server.UnitTest.dll" adapterTypeName="executor://mstestadapter/v2" className="VideoOS.Event.Server.Map.UnitTest.VisualElementManagerTest" name="TestRemoveElementAndChildElementsRemovingMiddleMap" />
    </UnitTest>
    <UnitTest name="TestGetAllObjectIDsOnVisualElementThrowingUnhandledException" storage="d:\actions-runner\_work\xpco\xpco\eventserver\server\components\central\server\unittest\bin\x64\debug\videoos.event.server.unittest.dll" id="3ad98607-26cc-6655-dc29-e5f3eed86a78">
      <TestCategory>
        <TestCategoryItem TestCategory="WebService/Map" />
      </TestCategory>
      <Execution id="0673f4c8-5eef-4fe3-9921-5557c4fff9ea" />
      <TestMethod codeBase="D:\actions-runner\_work\XPCO\XPCO\EventServer\Server\Components\Central\Server\unittest\bin\x64\Debug\VideoOS.Event.Server.UnitTest.dll" adapterTypeName="executor://mstestadapter/v2" className="VideoOS.Event.Server.WebService.Map.UnitTest.MapCommandToken2Test" name="TestGetAllObjectIDsOnVisualElementThrowingUnhandledException" />
    </UnitTest>
    <UnitTest name="WhenAlarmSearchCriteriaWrongCriteriaNameThenEmptyString" storage="d:\actions-runner\_work\xpco\xpco\eventserver\server\components\central\server\unittest\bin\x64\debug\videoos.event.server.unittest.dll" id="2eaf6ee4-1003-56ee-eef5-aafdbc50175e">
      <Execution id="47fbe27f-68b3-43d2-929a-a961e256b4d7" />
      <TestMethod codeBase="D:\actions-runner\_work\XPCO\XPCO\EventServer\Server\Components\Central\Server\unittest\bin\x64\Debug\VideoOS.Event.Server.UnitTest.dll" adapterTypeName="executor://mstestadapter/v2" className="VideoOS.Event.Server.UnitTest.WebService.Alarm.AlarmSearchCriteriaConditionFactoryTest" name="WhenAlarmSearchCriteriaWrongCriteriaNameThenEmptyString" />
    </UnitTest>
    <UnitTest name="TestInsertElementsWithSameRelationIdAsExistingElementButOnADifferentServer" storage="d:\actions-runner\_work\xpco\xpco\eventserver\server\components\central\server\unittest\bin\x64\debug\videoos.event.server.unittest.dll" id="54628e5e-9bc2-e168-4fa6-b236a923fcfe">
      <Execution id="cc4cf6a5-bc81-426d-ba15-99e16609deb8" />
      <TestMethod codeBase="D:\actions-runner\_work\XPCO\XPCO\EventServer\Server\Components\Central\Server\unittest\bin\x64\Debug\VideoOS.Event.Server.UnitTest.dll" adapterTypeName="executor://mstestadapter/v2" className="VideoOS.Event.Server.Map.UnitTest.VisualElementManagerTest" name="TestInsertElementsWithSameRelationIdAsExistingElementButOnADifferentServer" />
    </UnitTest>
    <UnitTest name="TestCreateObjectWithServerIDInOwnerID" storage="d:\actions-runner\_work\xpco\xpco\eventserver\server\components\central\server\unittest\bin\x64\debug\videoos.event.server.unittest.dll" id="581b35c1-69fb-fac0-162b-a3e1aaae8ec3">
      <TestCategory>
        <TestCategoryItem TestCategory="WebService/Map" />
      </TestCategory>
      <Execution id="5488258f-d51c-4cad-a5e8-4cada49a2df1" />
      <TestMethod codeBase="D:\actions-runner\_work\XPCO\XPCO\EventServer\Server\Components\Central\Server\unittest\bin\x64\Debug\VideoOS.Event.Server.UnitTest.dll" adapterTypeName="executor://mstestadapter/v2" className="VideoOS.Event.Server.WebService.Map.UnitTest.MapCommandTokenTest" name="TestCreateObjectWithServerIDInOwnerID" />
    </UnitTest>
    <UnitTest name="TestSecurityCommunication" storage="d:\actions-runner\_work\xpco\xpco\eventserver\server\components\central\server\unittest\bin\x64\debug\videoos.event.server.unittest.dll" id="a7c5d785-f39b-a877-a62c-7f98f99646cd">
      <Execution id="4f02c420-3a88-46fc-a8e6-edd71a4e2ad4" />
      <TestMethod codeBase="D:\actions-runner\_work\XPCO\XPCO\EventServer\Server\Components\Central\Server\unittest\bin\x64\Debug\VideoOS.Event.Server.UnitTest.dll" adapterTypeName="executor://mstestadapter/v2" className="VideoOS.Event.Server.Security.UnitTest.SecurityCommunicationTest" name="TestSecurityCommunication" />
    </UnitTest>
    <UnitTest name="TestInsertElementWithOwnerElement" storage="d:\actions-runner\_work\xpco\xpco\eventserver\server\components\central\server\unittest\bin\x64\debug\videoos.event.server.unittest.dll" id="4880dc0a-6935-afb4-9835-91322ae59472">
      <Execution id="bb65c066-d594-4297-8d61-754e555fd1da" />
      <TestMethod codeBase="D:\actions-runner\_work\XPCO\XPCO\EventServer\Server\Components\Central\Server\unittest\bin\x64\Debug\VideoOS.Event.Server.UnitTest.dll" adapterTypeName="executor://mstestadapter/v2" className="VideoOS.Event.Server.Map.UnitTest.VisualElementManagerTest" name="TestInsertElementWithOwnerElement" />
    </UnitTest>
    <UnitTest name="TestConstructor" storage="d:\actions-runner\_work\xpco\xpco\eventserver\server\components\central\server\unittest\bin\x64\debug\videoos.event.server.unittest.dll" id="fb90f6f4-d115-8815-e75c-a204c1c932cc">
      <Execution id="a3307097-f954-4fdc-a4ec-6853d241dc8b" />
      <TestMethod codeBase="D:\actions-runner\_work\XPCO\XPCO\EventServer\Server\Components\Central\Server\unittest\bin\x64\Debug\VideoOS.Event.Server.UnitTest.dll" adapterTypeName="executor://mstestadapter/v2" className="VideoOS.Event.Server.MIP.PlugIn.UnitTest.MapPlugInTypeEventHandlerTest" name="TestConstructor" />
    </UnitTest>
    <UnitTest name="TestGetTypeChangedWithInvalidUser" storage="d:\actions-runner\_work\xpco\xpco\eventserver\server\components\central\server\unittest\bin\x64\debug\videoos.event.server.unittest.dll" id="9c86edb1-8421-03ff-f287-850cdcf3d65e">
      <TestCategory>
        <TestCategoryItem TestCategory="WebService/Map" />
      </TestCategory>
      <Execution id="7b1b53d2-25f4-4cef-a721-6fdfc4f819c8" />
      <TestMethod codeBase="D:\actions-runner\_work\XPCO\XPCO\EventServer\Server\Components\Central\Server\unittest\bin\x64\Debug\VideoOS.Event.Server.UnitTest.dll" adapterTypeName="executor://mstestadapter/v2" className="VideoOS.Event.Server.WebService.Map.UnitTest.MapCommandToken2Test" name="TestGetTypeChangedWithInvalidUser" />
    </UnitTest>
    <UnitTest name="TestGetTypeChangedThrowingUnhandledException" storage="d:\actions-runner\_work\xpco\xpco\eventserver\server\components\central\server\unittest\bin\x64\debug\videoos.event.server.unittest.dll" id="f77eaa31-835c-32de-1591-59ded3243b0f">
      <TestCategory>
        <TestCategoryItem TestCategory="WebService/Map" />
      </TestCategory>
      <Execution id="ef1b49eb-88ff-4016-93b5-cff0b932b0a6" />
      <TestMethod codeBase="D:\actions-runner\_work\XPCO\XPCO\EventServer\Server\Components\Central\Server\unittest\bin\x64\Debug\VideoOS.Event.Server.UnitTest.dll" adapterTypeName="executor://mstestadapter/v2" className="VideoOS.Event.Server.WebService.Map.UnitTest.MapCommandCredentialsTest" name="TestGetTypeChangedThrowingUnhandledException" />
    </UnitTest>
    <UnitTest name="TestCheckAuthorizationWithCachedData" storage="d:\actions-runner\_work\xpco\xpco\eventserver\server\components\central\server\unittest\bin\x64\debug\videoos.event.server.unittest.dll" id="4ef61b4c-e4db-af8f-ac17-9fede93bc802">
      <TestCategory>
        <TestCategoryItem TestCategory="ActionAuthorizationCache" />
      </TestCategory>
      <Execution id="a1e41769-b3f6-4482-81cd-a385b3b6e04a" />
      <TestMethod codeBase="D:\actions-runner\_work\XPCO\XPCO\EventServer\Server\Components\Central\Server\unittest\bin\x64\Debug\VideoOS.Event.Server.UnitTest.dll" adapterTypeName="executor://mstestadapter/v2" className="VideoOS.Event.Server.UnitTest.Security.ActionAuthorizationCacheTest" name="TestCheckAuthorizationWithCachedData" />
    </UnitTest>
    <UnitTest name="TestAddAsEventException" storage="d:\actions-runner\_work\xpco\xpco\eventserver\server\components\central\server\unittest\bin\x64\debug\videoos.event.server.unittest.dll" id="cec85ed6-94b7-0884-130d-7d383606a34c">
      <Execution id="bfdc1b92-e34a-41bf-bc71-8586db305c61" />
      <TestMethod codeBase="D:\actions-runner\_work\XPCO\XPCO\EventServer\Server\Components\Central\Server\unittest\bin\x64\Debug\VideoOS.Event.Server.UnitTest.dll" adapterTypeName="executor://mstestadapter/v2" className="VideoOS.Event.Server.WebService.Alarm.UnitTest.AlarmCommandTokenTest" name="TestAddAsEventException" />
    </UnitTest>
    <UnitTest name="TestCacheCleanupSingleSessionMultipleUserIdsNoTouch" storage="d:\actions-runner\_work\xpco\xpco\eventserver\server\components\central\server\unittest\bin\x64\debug\videoos.event.server.unittest.dll" id="e079c5c4-1fae-a6da-0486-c552e58badba">
      <TestCategory>
        <TestCategoryItem TestCategory="SessionCache" />
      </TestCategory>
      <Execution id="99fee392-18bc-4638-84a6-6427f8aaa6a6" />
      <TestMethod codeBase="D:\actions-runner\_work\XPCO\XPCO\EventServer\Server\Components\Central\Server\unittest\bin\x64\Debug\VideoOS.Event.Server.UnitTest.dll" adapterTypeName="executor://mstestadapter/v2" className="VideoOS.Event.Server.UnitTest.Session.SessionCacheCleanupTest" name="TestCacheCleanupSingleSessionMultipleUserIdsNoTouch" />
    </UnitTest>
    <UnitTest name="TestToVisualElementWithAllVariables" storage="d:\actions-runner\_work\xpco\xpco\eventserver\server\components\central\server\unittest\bin\x64\debug\videoos.event.server.unittest.dll" id="d7b00472-0a8a-5b5d-fde7-8844bced6ccf">
      <Execution id="a84e3337-4cb9-4251-ad17-3cd430b6c86b" />
      <TestMethod codeBase="D:\actions-runner\_work\XPCO\XPCO\EventServer\Server\Components\Central\Server\unittest\bin\x64\Debug\VideoOS.Event.Server.UnitTest.dll" adapterTypeName="executor://mstestadapter/v2" className="VideoOS.Event.Server.Map.Data.UnitTest.VisualElementStorageTest" name="TestToVisualElementWithAllVariables" />
    </UnitTest>
    <UnitTest name="GetEventGroupsTest" storage="d:\actions-runner\_work\xpco\xpco\eventserver\server\components\central\server\unittest\bin\x64\debug\videoos.event.server.unittest.dll" id="99db2c8d-df19-f1dc-856a-dcda513f742a">
      <Execution id="f2802d79-d4cb-4eb9-acb8-7b6589fefd04" />
      <TestMethod codeBase="D:\actions-runner\_work\XPCO\XPCO\EventServer\Server\Components\Central\Server\unittest\bin\x64\Debug\VideoOS.Event.Server.UnitTest.dll" adapterTypeName="executor://mstestadapter/v2" className="VideoOS.Event.Server.UnitTest.AccessControl.AccessControlEventTypeProviderTest" name="GetEventGroupsTest" />
    </UnitTest>
    <UnitTest name="TestGetVisualizationChangesThrowingUnhandledException" storage="d:\actions-runner\_work\xpco\xpco\eventserver\server\components\central\server\unittest\bin\x64\debug\videoos.event.server.unittest.dll" id="65cd34d4-2620-d256-d48f-f7a1f4b0ff4c">
      <Execution id="28cece9b-5f74-4fb9-b9f0-c5042485352f" />
      <TestMethod codeBase="D:\actions-runner\_work\XPCO\XPCO\EventServer\Server\Components\Central\Server\unittest\bin\x64\Debug\VideoOS.Event.Server.UnitTest.dll" adapterTypeName="executor://mstestadapter/v2" className="VideoOS.Event.Server.WebService.Status.UnitTest.StatusCommandTokenTest" name="TestGetVisualizationChangesThrowingUnhandledException" />
    </UnitTest>
    <UnitTest name="TestGetAllObjectsOnVisualElementThrowingUnhandledException" storage="d:\actions-runner\_work\xpco\xpco\eventserver\server\components\central\server\unittest\bin\x64\debug\videoos.event.server.unittest.dll" id="ff4dc26d-11fa-60e5-abe6-ccf02d137214">
      <TestCategory>
        <TestCategoryItem TestCategory="WebService/Map" />
      </TestCategory>
      <Execution id="985d12f8-af87-46dd-a0a0-cc3fc646c923" />
      <TestMethod codeBase="D:\actions-runner\_work\XPCO\XPCO\EventServer\Server\Components\Central\Server\unittest\bin\x64\Debug\VideoOS.Event.Server.UnitTest.dll" adapterTypeName="executor://mstestadapter/v2" className="VideoOS.Event.Server.WebService.Map.UnitTest.MapCommandTokenTest" name="TestGetAllObjectsOnVisualElementThrowingUnhandledException" />
    </UnitTest>
    <UnitTest name="TestActionCommandCredentialsExecuteAction" storage="d:\actions-runner\_work\xpco\xpco\eventserver\server\components\central\server\unittest\bin\x64\debug\videoos.event.server.unittest.dll" id="54ea5201-a555-396e-a44c-4ddf5a575693">
      <Execution id="149ee5db-849b-44eb-995e-97f8eaa859e1" />
      <TestMethod codeBase="D:\actions-runner\_work\XPCO\XPCO\EventServer\Server\Components\Central\Server\unittest\bin\x64\Debug\VideoOS.Event.Server.UnitTest.dll" adapterTypeName="executor://mstestadapter/v2" className="VideoOS.Event.Server.UnitTest.WebService.Action.ActionCommandCredentialsTest" name="TestActionCommandCredentialsExecuteAction" />
    </UnitTest>
    <UnitTest name="TestRemoveElementAndChildElementsWithCyclicRelation" storage="d:\actions-runner\_work\xpco\xpco\eventserver\server\components\central\server\unittest\bin\x64\debug\videoos.event.server.unittest.dll" id="f63b110a-a15d-825d-14f9-2151d2f1e07f">
      <Execution id="575361ad-97b0-4434-866a-463a70271def" />
      <TestMethod codeBase="D:\actions-runner\_work\XPCO\XPCO\EventServer\Server\Components\Central\Server\unittest\bin\x64\Debug\VideoOS.Event.Server.UnitTest.dll" adapterTypeName="executor://mstestadapter/v2" className="VideoOS.Event.Server.Map.UnitTest.VisualElementManagerTest" name="TestRemoveElementAndChildElementsWithCyclicRelation" />
    </UnitTest>
    <UnitTest name="TestGetAllElementIDs" storage="d:\actions-runner\_work\xpco\xpco\eventserver\server\components\central\server\unittest\bin\x64\debug\videoos.event.server.unittest.dll" id="6cea7616-93f4-1d82-21a5-a08920114d81">
      <Execution id="1ce05cb2-3157-4981-8b4f-541014510d66" />
      <TestMethod codeBase="D:\actions-runner\_work\XPCO\XPCO\EventServer\Server\Components\Central\Server\unittest\bin\x64\Debug\VideoOS.Event.Server.UnitTest.dll" adapterTypeName="executor://mstestadapter/v2" className="VideoOS.Event.Server.Map.UnitTest.VisualElementManagerTest" name="TestGetAllElementIDs" />
    </UnitTest>
    <UnitTest name="TestOneACSystemPLDisabledOneACSystemPLDisabled" storage="d:\actions-runner\_work\xpco\xpco\eventserver\server\components\central\server\unittest\bin\x64\debug\videoos.event.server.unittest.dll" id="e79cff88-57a1-4d54-5842-382760458b84">
      <TestCategory>
        <TestCategoryItem TestCategory="AccessControlUserIdTransformer" />
      </TestCategory>
      <Execution id="9d14d718-e528-4eba-8fd4-2f672e1eba91" />
      <TestMethod codeBase="D:\actions-runner\_work\XPCO\XPCO\EventServer\Server\Components\Central\Server\unittest\bin\x64\Debug\VideoOS.Event.Server.UnitTest.dll" adapterTypeName="executor://mstestadapter/v2" className="VideoOS.Event.Server.UnitTest.Session.AccessControlUserIdTransformerTest" name="TestOneACSystemPLDisabledOneACSystemPLDisabled" />
    </UnitTest>
    <UnitTest name="TestGetIconWithKnownIcon" storage="d:\actions-runner\_work\xpco\xpco\eventserver\server\components\central\server\unittest\bin\x64\debug\videoos.event.server.unittest.dll" id="ab9fb49f-5b84-1d00-eb5f-054ce88b0664">
      <Execution id="5c2cd976-3dc3-46f7-b20e-5b4df48fab08" />
      <TestMethod codeBase="D:\actions-runner\_work\XPCO\XPCO\EventServer\Server\Components\Central\Server\unittest\bin\x64\Debug\VideoOS.Event.Server.UnitTest.dll" adapterTypeName="executor://mstestadapter/v2" className="VideoOS.Event.Server.MIP.PlugIn.UnitTest.MapPlugInTypeEventHandlerTest" name="TestGetIconWithKnownIcon" />
    </UnitTest>
    <UnitTest name="TestOneACSystemPLDisabled" storage="d:\actions-runner\_work\xpco\xpco\eventserver\server\components\central\server\unittest\bin\x64\debug\videoos.event.server.unittest.dll" id="c700525e-3442-c96d-4b95-bb78207a074f">
      <TestCategory>
        <TestCategoryItem TestCategory="AccessControlUserIdTransformer" />
      </TestCategory>
      <Execution id="e25f80f0-85fd-42de-a158-0bc826598767" />
      <TestMethod codeBase="D:\actions-runner\_work\XPCO\XPCO\EventServer\Server\Components\Central\Server\unittest\bin\x64\Debug\VideoOS.Event.Server.UnitTest.dll" adapterTypeName="executor://mstestadapter/v2" className="VideoOS.Event.Server.UnitTest.Session.AccessControlUserIdTransformerTest" name="TestOneACSystemPLDisabled" />
    </UnitTest>
    <UnitTest name="TestGetStatusForAllObjectsWithCyclicMaps" storage="d:\actions-runner\_work\xpco\xpco\eventserver\server\components\central\server\unittest\bin\x64\debug\videoos.event.server.unittest.dll" id="f93a0f24-8169-c076-4f65-be629a999d8f">
      <Execution id="a1dca232-d0a4-4e5a-9490-bbfa396ab494" />
      <TestMethod codeBase="D:\actions-runner\_work\XPCO\XPCO\EventServer\Server\Components\Central\Server\unittest\bin\x64\Debug\VideoOS.Event.Server.UnitTest.dll" adapterTypeName="executor://mstestadapter/v2" className="VideoOS.Event.Server.Map.UnitTest.VisualElementStatusCalculatorTest" name="TestGetStatusForAllObjectsWithCyclicMaps" />
    </UnitTest>
    <UnitTest name="Handle_ShouldFlattenValuesBasedOnPriorityIntAndPriorityValue_WhenValuesDoNotIncludeValidPriorityNameValues" storage="d:\actions-runner\_work\xpco\xpco\eventserver\server\components\central\server\unittest\bin\x64\debug\videoos.event.server.unittest.dll" id="75a586e0-0d79-2a07-0fde-9e8a5096a078">
      <Execution id="d9c1506d-542e-42d5-9d86-e367d8dda14f" />
      <TestMethod codeBase="D:\actions-runner\_work\XPCO\XPCO\EventServer\Server\Components\Central\Server\unittest\bin\x64\Debug\VideoOS.Event.Server.UnitTest.dll" adapterTypeName="executor://mstestadapter/v2" className="VideoOS.Event.Server.UnitTest.Alarm.Processors.UpdateAlarms.UpdateAlarmCompositeValueHandlerTests" name="Handle_ShouldFlattenValuesBasedOnPriorityIntAndPriorityValue_WhenValuesDoNotIncludeValidPriorityNameValues" />
    </UnitTest>
    <UnitTest name="TestInsertElementsWithTwoElementsWithSameRelationIdButOnOnADifferentServer" storage="d:\actions-runner\_work\xpco\xpco\eventserver\server\components\central\server\unittest\bin\x64\debug\videoos.event.server.unittest.dll" id="be8abf47-2092-779c-6ec7-090c9691bc5e">
      <Execution id="6dcae871-af31-449c-a72b-24461a932f81" />
      <TestMethod codeBase="D:\actions-runner\_work\XPCO\XPCO\EventServer\Server\Components\Central\Server\unittest\bin\x64\Debug\VideoOS.Event.Server.UnitTest.dll" adapterTypeName="executor://mstestadapter/v2" className="VideoOS.Event.Server.Map.UnitTest.VisualElementManagerTest" name="TestInsertElementsWithTwoElementsWithSameRelationIdButOnOnADifferentServer" />
    </UnitTest>
    <UnitTest name="GetPlugInItemChanges_WithZeroTimeout" storage="d:\actions-runner\_work\xpco\xpco\eventserver\server\components\central\server\unittest\bin\x64\debug\videoos.event.server.unittest.dll" id="410cd1ed-25de-3c72-94d2-b41e7adb85ee">
      <TestCategory>
        <TestCategoryItem TestCategory="WebService/Map" />
      </TestCategory>
      <Execution id="7cc7fd2d-230b-47ec-98b7-1b8705b3bebd" />
      <TestMethod codeBase="D:\actions-runner\_work\XPCO\XPCO\EventServer\Server\Components\Central\Server\unittest\bin\x64\Debug\VideoOS.Event.Server.UnitTest.dll" adapterTypeName="executor://mstestadapter/v2" className="VideoOS.Event.Server.WebService.Map.UnitTest.MapCommandTokenTest" name="GetPlugInItemChanges_WithZeroTimeout" />
    </UnitTest>
    <UnitTest name="TestInsertElementWithServerIdInRelationIdWithUsedId" storage="d:\actions-runner\_work\xpco\xpco\eventserver\server\components\central\server\unittest\bin\x64\debug\videoos.event.server.unittest.dll" id="abf180fc-abea-5708-37d0-63d9ab1f1203">
      <Execution id="7ccdfcf7-7367-4931-885d-b7e1d77042bb" />
      <TestMethod codeBase="D:\actions-runner\_work\XPCO\XPCO\EventServer\Server\Components\Central\Server\unittest\bin\x64\Debug\VideoOS.Event.Server.UnitTest.dll" adapterTypeName="executor://mstestadapter/v2" className="VideoOS.Event.Server.Map.UnitTest.VisualElementManagerTest" name="TestInsertElementWithServerIdInRelationIdWithUsedId" />
    </UnitTest>
    <UnitTest name="LookupGroupId_ShouldReturnHardwareEventGroup_WhenEventIsHardwareEvent" storage="d:\actions-runner\_work\xpco\xpco\eventserver\server\components\central\server\unittest\bin\x64\debug\videoos.event.server.unittest.dll" id="12ebd7b2-097b-e30b-d931-f521767957ca">
      <Execution id="90b4c7ba-452e-49e6-9e57-19e88a1985d2" />
      <TestMethod codeBase="D:\actions-runner\_work\XPCO\XPCO\EventServer\Server\Components\Central\Server\unittest\bin\x64\Debug\VideoOS.Event.Server.UnitTest.dll" adapterTypeName="executor://mstestadapter/v2" className="VideoOS.Event.Server.UnitTest.Alarm.ConfigFilterManagerTests" name="LookupGroupId_ShouldReturnHardwareEventGroup_WhenEventIsHardwareEvent" />
    </UnitTest>
    <UnitTest name="TestGetSetProperties" storage="d:\actions-runner\_work\xpco\xpco\eventserver\server\components\central\server\unittest\bin\x64\debug\videoos.event.server.unittest.dll" id="ef3d2462-9805-0737-b936-672aaa3b5c41">
      <Execution id="18767c25-9073-4930-85a2-83779a6ab85d" />
      <TestMethod codeBase="D:\actions-runner\_work\XPCO\XPCO\EventServer\Server\Components\Central\Server\unittest\bin\x64\Debug\VideoOS.Event.Server.UnitTest.dll" adapterTypeName="executor://mstestadapter/v2" className="VideoOS.Event.Server.Map.Data.UnitTest.VisualizationStateStorageTest" name="TestGetSetProperties" />
    </UnitTest>
    <UnitTest name="TestGetAllObjectsOfTypeNotAuthenticated" storage="d:\actions-runner\_work\xpco\xpco\eventserver\server\components\central\server\unittest\bin\x64\debug\videoos.event.server.unittest.dll" id="eccc0c4e-2696-633e-9659-aa59344c2d8e">
      <TestCategory>
        <TestCategoryItem TestCategory="WebService/Map" />
      </TestCategory>
      <Execution id="4306a332-18ed-4ea2-af61-9ace137b8091" />
      <TestMethod codeBase="D:\actions-runner\_work\XPCO\XPCO\EventServer\Server\Components\Central\Server\unittest\bin\x64\Debug\VideoOS.Event.Server.UnitTest.dll" adapterTypeName="executor://mstestadapter/v2" className="VideoOS.Event.Server.WebService.Map.UnitTest.MapCommandCredentialsTest" name="TestGetAllObjectsOfTypeNotAuthenticated" />
    </UnitTest>
    <UnitTest name="TestCheckAuthorizationWithWindowsUserWithInsufficientRights" storage="d:\actions-runner\_work\xpco\xpco\eventserver\server\components\central\server\unittest\bin\x64\debug\videoos.event.server.unittest.dll" id="bf670d26-8354-165d-b41a-42a1cf89e1b1">
      <TestCategory>
        <TestCategoryItem TestCategory="ActionAuthorizationCache" />
      </TestCategory>
      <Execution id="45fbd22e-c296-4fb4-986e-8ec4b0bc95bd" />
      <TestMethod codeBase="D:\actions-runner\_work\XPCO\XPCO\EventServer\Server\Components\Central\Server\unittest\bin\x64\Debug\VideoOS.Event.Server.UnitTest.dll" adapterTypeName="executor://mstestadapter/v2" className="VideoOS.Event.Server.UnitTest.Security.ActionAuthorizationCacheTest" name="TestCheckAuthorizationWithWindowsUserWithInsufficientRights" />
    </UnitTest>
    <UnitTest name="TestGetStatusDetailsWithUnknownServer" storage="d:\actions-runner\_work\xpco\xpco\eventserver\server\components\central\server\unittest\bin\x64\debug\videoos.event.server.unittest.dll" id="173b93f7-c356-9c4c-d976-470d9bb41b7f">
      <Execution id="72b8633e-cf5c-4e7d-a369-e8bbd06f80f1" />
      <TestMethod codeBase="D:\actions-runner\_work\XPCO\XPCO\EventServer\Server\Components\Central\Server\unittest\bin\x64\Debug\VideoOS.Event.Server.UnitTest.dll" adapterTypeName="executor://mstestadapter/v2" className="VideoOS.Event.Server.Map.Data.UnitTest.StatusElementServerTest" name="TestGetStatusDetailsWithUnknownServer" />
    </UnitTest>
    <UnitTest name="TestUpdateObjectNotAuthenticated" storage="d:\actions-runner\_work\xpco\xpco\eventserver\server\components\central\server\unittest\bin\x64\debug\videoos.event.server.unittest.dll" id="fffc1273-ce43-418f-8c06-38c9e3f1c833">
      <TestCategory>
        <TestCategoryItem TestCategory="WebService/Map" />
      </TestCategory>
      <Execution id="081448cb-482d-402e-b8d4-1ac50172c3e7" />
      <TestMethod codeBase="D:\actions-runner\_work\XPCO\XPCO\EventServer\Server\Components\Central\Server\unittest\bin\x64\Debug\VideoOS.Event.Server.UnitTest.dll" adapterTypeName="executor://mstestadapter/v2" className="VideoOS.Event.Server.WebService.Map.UnitTest.MapCommandCredentialsTest" name="TestUpdateObjectNotAuthenticated" />
    </UnitTest>
    <UnitTest name="TestGetPlugInItemChangesWithChangesItemsWithNowTimestamp" storage="d:\actions-runner\_work\xpco\xpco\eventserver\server\components\central\server\unittest\bin\x64\debug\videoos.event.server.unittest.dll" id="17464289-6d28-3fe2-3a2c-ff1a21f4a88d">
      <TestCategory>
        <TestCategoryItem TestCategory="MapPlugInManagerTest" />
      </TestCategory>
      <Execution id="00673f76-d63e-42de-abd6-7b53b20c6e1e" />
      <TestMethod codeBase="D:\actions-runner\_work\XPCO\XPCO\EventServer\Server\Components\Central\Server\unittest\bin\x64\Debug\VideoOS.Event.Server.UnitTest.dll" adapterTypeName="executor://mstestadapter/v2" className="VideoOS.Event.Server.MIP.PlugIn.UnitTest.MapPlugInManagerTest" name="TestGetPlugInItemChangesWithChangesItemsWithNowTimestamp" />
    </UnitTest>
    <UnitTest name="TestNewAlarms" storage="d:\actions-runner\_work\xpco\xpco\eventserver\server\components\central\server\unittest\bin\x64\debug\videoos.event.server.unittest.dll" id="b1f8662e-7da3-ea78-c648-44064c691ebe">
      <Execution id="4626a567-4f2b-4cd3-9f80-e8c2475f498f" />
      <TestMethod codeBase="D:\actions-runner\_work\XPCO\XPCO\EventServer\Server\Components\Central\Server\unittest\bin\x64\Debug\VideoOS.Event.Server.UnitTest.dll" adapterTypeName="executor://mstestadapter/v2" className="VideoOS.Event.Server.Map.Data.UnitTest.VisualElementStatusTest" name="TestNewAlarms" />
    </UnitTest>
    <UnitTest name="TestActivatePlugInActionWithInvalidUser" storage="d:\actions-runner\_work\xpco\xpco\eventserver\server\components\central\server\unittest\bin\x64\debug\videoos.event.server.unittest.dll" id="76e44b8c-d5f7-58a2-0358-20e726785cc4">
      <TestCategory>
        <TestCategoryItem TestCategory="WebService/Map" />
      </TestCategory>
      <Execution id="18913231-9525-4344-8aed-f37cf3a77ef9" />
      <TestMethod codeBase="D:\actions-runner\_work\XPCO\XPCO\EventServer\Server\Components\Central\Server\unittest\bin\x64\Debug\VideoOS.Event.Server.UnitTest.dll" adapterTypeName="executor://mstestadapter/v2" className="VideoOS.Event.Server.WebService.Map.UnitTest.MapCommandToken2Test" name="TestActivatePlugInActionWithInvalidUser" />
    </UnitTest>
    <UnitTest name="UpdateName_WithValidParameters" storage="d:\actions-runner\_work\xpco\xpco\eventserver\server\components\central\server\unittest\bin\x64\debug\videoos.event.server.unittest.dll" id="62d574af-05b1-57dc-4752-4bbc2d1e3b8d">
      <TestCategory>
        <TestCategoryItem TestCategory="WebService/Map" />
      </TestCategory>
      <Execution id="3ef1132d-ecfa-4ace-a5c8-8f8b1490e4ba" />
      <TestMethod codeBase="D:\actions-runner\_work\XPCO\XPCO\EventServer\Server\Components\Central\Server\unittest\bin\x64\Debug\VideoOS.Event.Server.UnitTest.dll" adapterTypeName="executor://mstestadapter/v2" className="VideoOS.Event.Server.WebService.Map.UnitTest.MapCommandTokenTest" name="UpdateName_WithValidParameters" />
    </UnitTest>
    <UnitTest name="TestGetStatusWithMapPlugInItem" storage="d:\actions-runner\_work\xpco\xpco\eventserver\server\components\central\server\unittest\bin\x64\debug\videoos.event.server.unittest.dll" id="ded5ffc5-e6ed-f1d6-b4b6-c5d364958d62">
      <Execution id="92b1e38e-adcb-4146-949d-3d4d07845e76" />
      <TestMethod codeBase="D:\actions-runner\_work\XPCO\XPCO\EventServer\Server\Components\Central\Server\unittest\bin\x64\Debug\VideoOS.Event.Server.UnitTest.dll" adapterTypeName="executor://mstestadapter/v2" className="VideoOS.Event.Server.Map.UnitTest.VisualElementStatusCalculatorTest" name="TestGetStatusWithMapPlugInItem" />
    </UnitTest>
    <UnitTest name="CreateObjects_WithValidParameters" storage="d:\actions-runner\_work\xpco\xpco\eventserver\server\components\central\server\unittest\bin\x64\debug\videoos.event.server.unittest.dll" id="db5bc05e-7d03-39dc-7c3d-a33059c48f9f">
      <TestCategory>
        <TestCategoryItem TestCategory="WebService/Map" />
      </TestCategory>
      <Execution id="78914796-61ae-4a73-b70d-0b6542afde71" />
      <TestMethod codeBase="D:\actions-runner\_work\XPCO\XPCO\EventServer\Server\Components\Central\Server\unittest\bin\x64\Debug\VideoOS.Event.Server.UnitTest.dll" adapterTypeName="executor://mstestadapter/v2" className="VideoOS.Event.Server.WebService.Map.UnitTest.MapCommandToken2Test" name="CreateObjects_WithValidParameters" />
    </UnitTest>
    <UnitTest name="EventIdListTest_AllEventIdsArePresent" storage="d:\actions-runner\_work\xpco\xpco\eventserver\server\components\central\server\unittest\bin\x64\debug\videoos.event.server.unittest.dll" id="4a5519f4-b843-6361-4132-1b8fe7307213">
      <Execution id="1cace066-911e-4b2d-8e9f-3fa7392658a8" />
      <TestMethod codeBase="D:\actions-runner\_work\XPCO\XPCO\EventServer\Server\Components\Central\Server\unittest\bin\x64\Debug\VideoOS.Event.Server.UnitTest.dll" adapterTypeName="executor://mstestadapter/v2" className="VideoOS.Event.Server.UnitTest.Event.EventIdListTest" name="EventIdListTest_AllEventIdsArePresent" />
    </UnitTest>
    <UnitTest name="EventConverter_ParseMetadata_Metadata_Null" storage="d:\actions-runner\_work\xpco\xpco\eventserver\server\components\central\server\unittest\bin\x64\debug\videoos.event.server.unittest.dll" id="961f3a6b-5492-f819-b01a-01bbcf7801ae">
      <Execution id="847ebb1d-c873-4f62-9b0f-d683ec2eb37a" />
      <TestMethod codeBase="D:\actions-runner\_work\XPCO\XPCO\EventServer\Server\Components\Central\Server\unittest\bin\x64\Debug\VideoOS.Event.Server.UnitTest.dll" adapterTypeName="executor://mstestadapter/v2" className="VideoOS.Event.Server.UnitTest.Utils.EventConverterTest" name="EventConverter_ParseMetadata_Metadata_Null" />
    </UnitTest>
    <UnitTest name="TestGetVisualElementChangesThrowingUnhandledException" storage="d:\actions-runner\_work\xpco\xpco\eventserver\server\components\central\server\unittest\bin\x64\debug\videoos.event.server.unittest.dll" id="e1c9128c-3d5a-a381-cb03-be847059c4f0">
      <TestCategory>
        <TestCategoryItem TestCategory="WebService/Map" />
      </TestCategory>
      <Execution id="a3a44c1f-56fc-4335-b4ae-3d3671ebeed5" />
      <TestMethod codeBase="D:\actions-runner\_work\XPCO\XPCO\EventServer\Server\Components\Central\Server\unittest\bin\x64\Debug\VideoOS.Event.Server.UnitTest.dll" adapterTypeName="executor://mstestadapter/v2" className="VideoOS.Event.Server.WebService.Map.UnitTest.MapCommandCredentialsTest" name="TestGetVisualElementChangesThrowingUnhandledException" />
    </UnitTest>
    <UnitTest name="CurrentStateToEvent_ReturnsCorrectEvent_OnCurrentState" storage="d:\actions-runner\_work\xpco\xpco\eventserver\server\components\central\server\unittest\bin\x64\debug\videoos.event.server.unittest.dll" id="102577c7-ae1c-a0a1-2ae5-60d42ad409f3">
      <Execution id="ab508854-0a01-415d-87f5-4074484cb587" />
      <TestMethod codeBase="D:\actions-runner\_work\XPCO\XPCO\EventServer\Server\Components\Central\Server\unittest\bin\x64\Debug\VideoOS.Event.Server.UnitTest.dll" adapterTypeName="executor://mstestadapter/v2" className="VideoOS.Event.Server.UnitTest.Communication.Corporate.CurrentStateToEventMapperTest" name="CurrentStateToEvent_ReturnsCorrectEvent_OnCurrentState" />
    </UnitTest>
    <UnitTest name="TestGetElementWithInvalidOwnerId" storage="d:\actions-runner\_work\xpco\xpco\eventserver\server\components\central\server\unittest\bin\x64\debug\videoos.event.server.unittest.dll" id="26849c02-82a3-ad28-280e-07d6eb67ef6c">
      <Execution id="48a1f4f4-54de-4162-825f-deaf18f49427" />
      <TestMethod codeBase="D:\actions-runner\_work\XPCO\XPCO\EventServer\Server\Components\Central\Server\unittest\bin\x64\Debug\VideoOS.Event.Server.UnitTest.dll" adapterTypeName="executor://mstestadapter/v2" className="VideoOS.Event.Server.Map.UnitTest.VisualElementManagerTest" name="TestGetElementWithInvalidOwnerId" />
    </UnitTest>
    <UnitTest name="Decrypt_ShouldRaiseArgumentNullException_WhenEncryptedValueIsNull" storage="d:\actions-runner\_work\xpco\xpco\eventserver\server\components\central\server\unittest\bin\x64\debug\videoos.event.server.unittest.dll" id="95dc2360-262f-0a68-74cf-07361d11ffb3">
      <TestCategory>
        <TestCategoryItem TestCategory="Security" />
      </TestCategory>
      <Execution id="3629bf4c-5007-4a01-b219-7e39a85b21dd" />
      <TestMethod codeBase="D:\actions-runner\_work\XPCO\XPCO\EventServer\Server\Components\Central\Server\unittest\bin\x64\Debug\VideoOS.Event.Server.UnitTest.dll" adapterTypeName="executor://mstestadapter/v2" className="VideoOS.Event.Server.UnitTest.Security.EncryptionServiceTest" name="Decrypt_ShouldRaiseArgumentNullException_WhenEncryptedValueIsNull" />
    </UnitTest>
    <UnitTest name="TestAddInvalidToken" storage="d:\actions-runner\_work\xpco\xpco\eventserver\server\components\central\server\unittest\bin\x64\debug\videoos.event.server.unittest.dll" id="1c8c6248-1c84-a4a5-d64f-264bc96db5aa">
      <Execution id="ce07ee4f-9de9-4434-8e5e-a9872aca702a" />
      <TestMethod codeBase="D:\actions-runner\_work\XPCO\XPCO\EventServer\Server\Components\Central\Server\unittest\bin\x64\Debug\VideoOS.Event.Server.UnitTest.dll" adapterTypeName="executor://mstestadapter/v2" className="VideoOS.Event.Server.WebService.Alarm.UnitTest.AlarmCommandTokenTest" name="TestAddInvalidToken" />
    </UnitTest>
    <UnitTest name="TestUpdate" storage="d:\actions-runner\_work\xpco\xpco\eventserver\server\components\central\server\unittest\bin\x64\debug\videoos.event.server.unittest.dll" id="4626a3cc-2981-ad39-b754-149a49bbf0af">
      <TestCategory>
        <TestCategoryItem TestCategory="MapPlugInInternalItem" />
      </TestCategory>
      <Execution id="fff6b402-fd12-4146-b0b7-d50e1c7955e5" />
      <TestMethod codeBase="D:\actions-runner\_work\XPCO\XPCO\EventServer\Server\Components\Central\Server\unittest\bin\x64\Debug\VideoOS.Event.Server.UnitTest.dll" adapterTypeName="executor://mstestadapter/v2" className="VideoOS.Event.Server.MIP.PlugIn.UnitTest.MapPlugInInternalItemTest" name="TestUpdate" />
    </UnitTest>
    <UnitTest name="TestRemoveElementsReturnListDosentContainRemovedElements" storage="d:\actions-runner\_work\xpco\xpco\eventserver\server\components\central\server\unittest\bin\x64\debug\videoos.event.server.unittest.dll" id="432295c4-db14-ec63-5c4b-be5afae4cb52">
      <Execution id="0c9ac56b-21bd-4a75-b0fb-65dc95df4bf5" />
      <TestMethod codeBase="D:\actions-runner\_work\XPCO\XPCO\EventServer\Server\Components\Central\Server\unittest\bin\x64\Debug\VideoOS.Event.Server.UnitTest.dll" adapterTypeName="executor://mstestadapter/v2" className="VideoOS.Event.Server.Map.UnitTest.VisualElementManagerTest" name="TestRemoveElementsReturnListDosentContainRemovedElements" />
    </UnitTest>
    <UnitTest name="TestUpdateElementDisplayXmlWithNonExistingVisualOwnerId" storage="d:\actions-runner\_work\xpco\xpco\eventserver\server\components\central\server\unittest\bin\x64\debug\videoos.event.server.unittest.dll" id="aff30fbf-763f-2f9e-b0cc-a98a35d151b0">
      <Execution id="800abb46-1976-410e-8fa9-823b87c54e66" />
      <TestMethod codeBase="D:\actions-runner\_work\XPCO\XPCO\EventServer\Server\Components\Central\Server\unittest\bin\x64\Debug\VideoOS.Event.Server.UnitTest.dll" adapterTypeName="executor://mstestadapter/v2" className="VideoOS.Event.Server.Map.UnitTest.VisualElementManagerTest" name="TestUpdateElementDisplayXmlWithNonExistingVisualOwnerId" />
    </UnitTest>
    <UnitTest name="TestGetAllObjectsOnVisualElementWithInvalidUser" storage="d:\actions-runner\_work\xpco\xpco\eventserver\server\components\central\server\unittest\bin\x64\debug\videoos.event.server.unittest.dll" id="a19fec4a-02e1-9322-efac-e71a64f156c3">
      <TestCategory>
        <TestCategoryItem TestCategory="WebService/Map" />
      </TestCategory>
      <Execution id="dc75f840-3e73-4b01-a5ea-4a4625c52984" />
      <TestMethod codeBase="D:\actions-runner\_work\XPCO\XPCO\EventServer\Server\Components\Central\Server\unittest\bin\x64\Debug\VideoOS.Event.Server.UnitTest.dll" adapterTypeName="executor://mstestadapter/v2" className="VideoOS.Event.Server.WebService.Map.UnitTest.MapCommandTokenTest" name="TestGetAllObjectsOnVisualElementWithInvalidUser" />
    </UnitTest>
    <UnitTest name="TestGetStatusWithMarkForDeletionElementId" storage="d:\actions-runner\_work\xpco\xpco\eventserver\server\components\central\server\unittest\bin\x64\debug\videoos.event.server.unittest.dll" id="885b3cd8-4bf4-c09f-f0c5-4232a1fd8140">
      <Execution id="1910a5b8-291a-411e-92b0-deb301e57b0a" />
      <TestMethod codeBase="D:\actions-runner\_work\XPCO\XPCO\EventServer\Server\Components\Central\Server\unittest\bin\x64\Debug\VideoOS.Event.Server.UnitTest.dll" adapterTypeName="executor://mstestadapter/v2" className="VideoOS.Event.Server.Map.UnitTest.VisualElementStatusCalculatorTest" name="TestGetStatusWithMarkForDeletionElementId" />
    </UnitTest>
    <UnitTest name="TestCheckAuthorizationWithCorporateBasicUser" storage="d:\actions-runner\_work\xpco\xpco\eventserver\server\components\central\server\unittest\bin\x64\debug\videoos.event.server.unittest.dll" id="fae7770e-a34c-d24e-3dc4-4c8b734ea8bd">
      <TestCategory>
        <TestCategoryItem TestCategory="ActionAuthorizationCache" />
      </TestCategory>
      <Execution id="2979343b-5297-4131-9ff6-3ab0f2339e8a" />
      <TestMethod codeBase="D:\actions-runner\_work\XPCO\XPCO\EventServer\Server\Components\Central\Server\unittest\bin\x64\Debug\VideoOS.Event.Server.UnitTest.dll" adapterTypeName="executor://mstestadapter/v2" className="VideoOS.Event.Server.UnitTest.Security.ActionAuthorizationCacheTest" name="TestCheckAuthorizationWithCorporateBasicUser" />
    </UnitTest>
    <UnitTest name="WhenAlarmSearchCriteriaWithNoValuesThenInvalidOperationException" storage="d:\actions-runner\_work\xpco\xpco\eventserver\server\components\central\server\unittest\bin\x64\debug\videoos.event.server.unittest.dll" id="dc9892b1-1829-9bf5-0716-2ba2e2bad072">
      <Execution id="17a57acb-1e26-449a-bfbb-aa34695b5510" />
      <TestMethod codeBase="D:\actions-runner\_work\XPCO\XPCO\EventServer\Server\Components\Central\Server\unittest\bin\x64\Debug\VideoOS.Event.Server.UnitTest.dll" adapterTypeName="executor://mstestadapter/v2" className="VideoOS.Event.Server.UnitTest.WebService.Alarm.TimeLapseSearchConditionProviderTest" name="WhenAlarmSearchCriteriaWithNoValuesThenInvalidOperationException" />
    </UnitTest>
    <UnitTest name="TestCacheCleanupSingleSessionMultipleUserIdsTouch" storage="d:\actions-runner\_work\xpco\xpco\eventserver\server\components\central\server\unittest\bin\x64\debug\videoos.event.server.unittest.dll" id="a46dec37-48f1-a3e7-6cbc-ba84823e14e5">
      <TestCategory>
        <TestCategoryItem TestCategory="SessionCache" />
      </TestCategory>
      <Execution id="0b641c70-eafe-49de-a4b1-358e1c78437e" />
      <TestMethod codeBase="D:\actions-runner\_work\XPCO\XPCO\EventServer\Server\Components\Central\Server\unittest\bin\x64\Debug\VideoOS.Event.Server.UnitTest.dll" adapterTypeName="executor://mstestadapter/v2" className="VideoOS.Event.Server.UnitTest.Session.SessionCacheCleanupTest" name="TestCacheCleanupSingleSessionMultipleUserIdsTouch" />
    </UnitTest>
    <UnitTest name="TestGetHeaderInvalidToken" storage="d:\actions-runner\_work\xpco\xpco\eventserver\server\components\central\server\unittest\bin\x64\debug\videoos.event.server.unittest.dll" id="30dfcd0d-5909-3714-5253-07cacdb3fba8">
      <Execution id="0c779131-98c0-43b6-b06c-6265f4306518" />
      <TestMethod codeBase="D:\actions-runner\_work\XPCO\XPCO\EventServer\Server\Components\Central\Server\unittest\bin\x64\Debug\VideoOS.Event.Server.UnitTest.dll" adapterTypeName="executor://mstestadapter/v2" className="VideoOS.Event.Server.WebService.Alarm.UnitTest.AlarmCommandTokenTest" name="TestGetHeaderInvalidToken" />
    </UnitTest>
    <UnitTest name="TestGetVisualizationWithNullData" storage="d:\actions-runner\_work\xpco\xpco\eventserver\server\components\central\server\unittest\bin\x64\debug\videoos.event.server.unittest.dll" id="6d723e59-8d3b-fb38-246d-45407ced1558">
      <Execution id="53d3967f-813f-41e3-a46a-382e84b936e8" />
      <TestMethod codeBase="D:\actions-runner\_work\XPCO\XPCO\EventServer\Server\Components\Central\Server\unittest\bin\x64\Debug\VideoOS.Event.Server.UnitTest.dll" adapterTypeName="executor://mstestadapter/v2" className="VideoOS.Event.Server.Map.UnitTest.VisualElementStatusCalculatorTest" name="TestGetVisualizationWithNullData" />
    </UnitTest>
    <UnitTest name="TestSetVisualizationThrowingUnhandledException" storage="d:\actions-runner\_work\xpco\xpco\eventserver\server\components\central\server\unittest\bin\x64\debug\videoos.event.server.unittest.dll" id="4a9399b4-44e7-cc5f-cd99-c31d91a518b3">
      <Execution id="9d5d2ba6-a680-486b-8bf0-7f0e5d843f6b" />
      <TestMethod codeBase="D:\actions-runner\_work\XPCO\XPCO\EventServer\Server\Components\Central\Server\unittest\bin\x64\Debug\VideoOS.Event.Server.UnitTest.dll" adapterTypeName="executor://mstestadapter/v2" className="VideoOS.Event.Server.WebService.Status.UnitTest.StatusCommandToken2Test" name="TestSetVisualizationThrowingUnhandledException" />
    </UnitTest>
    <UnitTest name="TrimStart_ReturnEmpty_WhenInputIncludesPrefixAndNoContent" storage="d:\actions-runner\_work\xpco\xpco\eventserver\server\components\central\server\unittest\bin\x64\debug\videoos.event.server.unittest.dll" id="573ebebf-5209-3be3-2454-5b42b176ce65">
      <TestCategory>
        <TestCategoryItem TestCategory="AccessControl" />
      </TestCategory>
      <Execution id="aa2386bc-d0db-4e7c-8307-04670fc5a0f4" />
      <TestMethod codeBase="D:\actions-runner\_work\XPCO\XPCO\EventServer\Server\Components\Central\Server\unittest\bin\x64\Debug\VideoOS.Event.Server.UnitTest.dll" adapterTypeName="executor://mstestadapter/v2" className="VideoOS.Event.Server.UnitTest.AccessControl.AccessControlSystemTests" name="TrimStart_ReturnEmpty_WhenInputIncludesPrefixAndNoContent" />
    </UnitTest>
    <UnitTest name="TestRemoveElementAndChildElementsWithTwoParents" storage="d:\actions-runner\_work\xpco\xpco\eventserver\server\components\central\server\unittest\bin\x64\debug\videoos.event.server.unittest.dll" id="74f3dc3e-f6eb-9692-58dc-def99f3951c7">
      <Execution id="8797a5aa-5053-466b-a7f7-46dc360c332e" />
      <TestMethod codeBase="D:\actions-runner\_work\XPCO\XPCO\EventServer\Server\Components\Central\Server\unittest\bin\x64\Debug\VideoOS.Event.Server.UnitTest.dll" adapterTypeName="executor://mstestadapter/v2" className="VideoOS.Event.Server.Map.UnitTest.VisualElementManagerTest" name="TestRemoveElementAndChildElementsWithTwoParents" />
    </UnitTest>
    <UnitTest name="TestUpdateBoundsThrowingUnhandledException" storage="d:\actions-runner\_work\xpco\xpco\eventserver\server\components\central\server\unittest\bin\x64\debug\videoos.event.server.unittest.dll" id="ca40eb2c-e0a0-78e8-6ed2-5e6440c04fde">
      <TestCategory>
        <TestCategoryItem TestCategory="WebService/Map" />
      </TestCategory>
      <Execution id="172c8402-2180-456b-8296-c7e17af00ccb" />
      <TestMethod codeBase="D:\actions-runner\_work\XPCO\XPCO\EventServer\Server\Components\Central\Server\unittest\bin\x64\Debug\VideoOS.Event.Server.UnitTest.dll" adapterTypeName="executor://mstestadapter/v2" className="VideoOS.Event.Server.WebService.Map.UnitTest.MapCommandToken2Test" name="TestUpdateBoundsThrowingUnhandledException" />
    </UnitTest>
    <UnitTest name="TestUpdateMultipleAlarmsInvalidToken" storage="d:\actions-runner\_work\xpco\xpco\eventserver\server\components\central\server\unittest\bin\x64\debug\videoos.event.server.unittest.dll" id="bf36e020-7ed3-92fa-2bf5-c3f310b7a5c0">
      <Execution id="a1dc6785-f8f8-45e2-897e-1f2c3fb605d0" />
      <TestMethod codeBase="D:\actions-runner\_work\XPCO\XPCO\EventServer\Server\Components\Central\Server\unittest\bin\x64\Debug\VideoOS.Event.Server.UnitTest.dll" adapterTypeName="executor://mstestadapter/v2" className="VideoOS.Event.Server.WebService.Alarm.UnitTest.AlarmCommandTokenTest" name="TestUpdateMultipleAlarmsInvalidToken" />
    </UnitTest>
    <UnitTest name="TestInsertElementRootElementsAndRecursively" storage="d:\actions-runner\_work\xpco\xpco\eventserver\server\components\central\server\unittest\bin\x64\debug\videoos.event.server.unittest.dll" id="dbbc5690-fac2-1b11-1e8a-0424a979bf51">
      <Execution id="8743c393-3cbc-4223-b54e-1fe3268003e6" />
      <TestMethod codeBase="D:\actions-runner\_work\XPCO\XPCO\EventServer\Server\Components\Central\Server\unittest\bin\x64\Debug\VideoOS.Event.Server.UnitTest.dll" adapterTypeName="executor://mstestadapter/v2" className="VideoOS.Event.Server.Map.UnitTest.VisualElementManagerTest" name="TestInsertElementRootElementsAndRecursively" />
    </UnitTest>
    <UnitTest name="TestGetPlugInItemsAccessControlWithChildren" storage="d:\actions-runner\_work\xpco\xpco\eventserver\server\components\central\server\unittest\bin\x64\debug\videoos.event.server.unittest.dll" id="660a49ac-22b4-f954-7722-970f53b93449">
      <TestCategory>
        <TestCategoryItem TestCategory="MapPlugInManagerTest" />
      </TestCategory>
      <Execution id="0f00549d-c1e1-4bdd-ae5e-ac4abbd22fa0" />
      <TestMethod codeBase="D:\actions-runner\_work\XPCO\XPCO\EventServer\Server\Components\Central\Server\unittest\bin\x64\Debug\VideoOS.Event.Server.UnitTest.dll" adapterTypeName="executor://mstestadapter/v2" className="VideoOS.Event.Server.MIP.PlugIn.UnitTest.MapPlugInManagerTest" name="TestGetPlugInItemsAccessControlWithChildren" />
    </UnitTest>
    <UnitTest name="EventConverter_ConvertEventStatusToBaseItem_Success_ExternalEvent_Defined" storage="d:\actions-runner\_work\xpco\xpco\eventserver\server\components\central\server\unittest\bin\x64\debug\videoos.event.server.unittest.dll" id="ad5313ea-84e5-d5fc-de76-67483906423e">
      <Execution id="a2ca0c71-facf-4c2d-bc4e-48a3b0709ba2" />
      <TestMethod codeBase="D:\actions-runner\_work\XPCO\XPCO\EventServer\Server\Components\Central\Server\unittest\bin\x64\Debug\VideoOS.Event.Server.UnitTest.dll" adapterTypeName="executor://mstestadapter/v2" className="VideoOS.Event.Server.UnitTest.Utils.EventConverterTest" name="EventConverter_ConvertEventStatusToBaseItem_Success_ExternalEvent_Defined" />
    </UnitTest>
    <UnitTest name="WhenAlarmSearchCriteriaWithWrongFieldNamesThenException" storage="d:\actions-runner\_work\xpco\xpco\eventserver\server\components\central\server\unittest\bin\x64\debug\videoos.event.server.unittest.dll" id="3d5f43c0-9395-c386-9c63-2dfdffc8ca2e">
      <Execution id="2c9d6c99-2e9d-43f9-90c9-dc9823802ee3" />
      <TestMethod codeBase="D:\actions-runner\_work\XPCO\XPCO\EventServer\Server\Components\Central\Server\unittest\bin\x64\Debug\VideoOS.Event.Server.UnitTest.dll" adapterTypeName="executor://mstestadapter/v2" className="VideoOS.Event.Server.UnitTest.WebService.Alarm.InSearchConditionProviderTest" name="WhenAlarmSearchCriteriaWithWrongFieldNamesThenException" />
    </UnitTest>
    <UnitTest name="TestUpdateStateSnooze" storage="d:\actions-runner\_work\xpco\xpco\eventserver\server\components\central\server\unittest\bin\x64\debug\videoos.event.server.unittest.dll" id="d1762521-556f-848c-2d9a-8b3843179f69">
      <Execution id="5282c9e0-783c-4907-9699-c77d5ac73040" />
      <TestMethod codeBase="D:\actions-runner\_work\XPCO\XPCO\EventServer\Server\Components\Central\Server\unittest\bin\x64\Debug\VideoOS.Event.Server.UnitTest.dll" adapterTypeName="executor://mstestadapter/v2" className="VideoOS.Event.Server.Map.Data.UnitTest.StatusElementServerTest" name="TestUpdateStateSnooze" />
    </UnitTest>
    <UnitTest name="TestUpdateElementsWithNonExistingId" storage="d:\actions-runner\_work\xpco\xpco\eventserver\server\components\central\server\unittest\bin\x64\debug\videoos.event.server.unittest.dll" id="82f8e66b-df98-7cbb-fdf7-dc2f3b4fd43e">
      <Execution id="be32f3a6-dc44-4b67-b7f4-28040f1a6199" />
      <TestMethod codeBase="D:\actions-runner\_work\XPCO\XPCO\EventServer\Server\Components\Central\Server\unittest\bin\x64\Debug\VideoOS.Event.Server.UnitTest.dll" adapterTypeName="executor://mstestadapter/v2" className="VideoOS.Event.Server.Map.UnitTest.VisualElementManagerTest" name="TestUpdateElementsWithNonExistingId" />
    </UnitTest>
    <UnitTest name="TestGetVisualElementChangesWithoutAskingForSubElements" storage="d:\actions-runner\_work\xpco\xpco\eventserver\server\components\central\server\unittest\bin\x64\debug\videoos.event.server.unittest.dll" id="62b536c1-1bca-c658-de57-8a37bfb49525">
      <Execution id="3ff020bc-4050-49fe-8409-34260a3fd860" />
      <TestMethod codeBase="D:\actions-runner\_work\XPCO\XPCO\EventServer\Server\Components\Central\Server\unittest\bin\x64\Debug\VideoOS.Event.Server.UnitTest.dll" adapterTypeName="executor://mstestadapter/v2" className="VideoOS.Event.Server.Map.UnitTest.VisualElementManagerTest" name="TestGetVisualElementChangesWithoutAskingForSubElements" />
    </UnitTest>
    <UnitTest name="GetAllKinds_ShouldReturnCorrectKinds_WithDuplicateMembers" storage="d:\actions-runner\_work\xpco\xpco\eventserver\server\components\central\server\unittest\bin\x64\debug\videoos.event.server.unittest.dll" id="8def1c76-4750-471b-e1ce-7655d670ef5f">
      <TestCategory>
        <TestCategoryItem TestCategory="PermissionManagerFetcher" />
      </TestCategory>
      <Execution id="c75eec2b-7812-461d-ad16-8232cec47eb8" />
      <TestMethod codeBase="D:\actions-runner\_work\XPCO\XPCO\EventServer\Server\Components\Central\Server\unittest\bin\x64\Debug\VideoOS.Event.Server.UnitTest.dll" adapterTypeName="executor://mstestadapter/v2" className="VideoOS.Event.Server.UnitTest.Security.AuthorizationFetcher.MIPItemAuthorizationFetcherTest" name="GetAllKinds_ShouldReturnCorrectKinds_WithDuplicateMembers" />
    </UnitTest>
    <UnitTest name="TestConstructor" storage="d:\actions-runner\_work\xpco\xpco\eventserver\server\components\central\server\unittest\bin\x64\debug\videoos.event.server.unittest.dll" id="056d9b2e-47e1-66fc-0f61-7dd44cd5f24a">
      <TestCategory>
        <TestCategoryItem TestCategory="MapPlugInManagerTest" />
      </TestCategory>
      <Execution id="66c5379c-2f03-4cce-9b65-9210d7bca133" />
      <TestMethod codeBase="D:\actions-runner\_work\XPCO\XPCO\EventServer\Server\Components\Central\Server\unittest\bin\x64\Debug\VideoOS.Event.Server.UnitTest.dll" adapterTypeName="executor://mstestadapter/v2" className="VideoOS.Event.Server.MIP.PlugIn.UnitTest.MapPlugInManagerTest" name="TestConstructor" />
    </UnitTest>
    <UnitTest name="LookupGroupId_ShouldReturnGroupId_WhenEventIsPluginEvent" storage="d:\actions-runner\_work\xpco\xpco\eventserver\server\components\central\server\unittest\bin\x64\debug\videoos.event.server.unittest.dll" id="deff660e-f447-afb1-3182-fea93a06e1e0">
      <Execution id="a52eef40-f24f-45ca-8d4f-24d8b8909b99" />
      <TestMethod codeBase="D:\actions-runner\_work\XPCO\XPCO\EventServer\Server\Components\Central\Server\unittest\bin\x64\Debug\VideoOS.Event.Server.UnitTest.dll" adapterTypeName="executor://mstestadapter/v2" className="VideoOS.Event.Server.UnitTest.Alarm.ConfigFilterManagerTests" name="LookupGroupId_ShouldReturnGroupId_WhenEventIsPluginEvent" />
    </UnitTest>
    <UnitTest name="TestUpdateElementWithoutTypeId" storage="d:\actions-runner\_work\xpco\xpco\eventserver\server\components\central\server\unittest\bin\x64\debug\videoos.event.server.unittest.dll" id="e2742b16-20b9-c148-0a15-b011a5020615">
      <Execution id="912e4bf3-c677-45d1-a6c3-7f09deee955e" />
      <TestMethod codeBase="D:\actions-runner\_work\XPCO\XPCO\EventServer\Server\Components\Central\Server\unittest\bin\x64\Debug\VideoOS.Event.Server.UnitTest.dll" adapterTypeName="executor://mstestadapter/v2" className="VideoOS.Event.Server.Map.UnitTest.VisualElementManagerTest" name="TestUpdateElementWithoutTypeId" />
    </UnitTest>
    <UnitTest name="TestGetObjectsWithinGPSAreaWithValidParameters" storage="d:\actions-runner\_work\xpco\xpco\eventserver\server\components\central\server\unittest\bin\x64\debug\videoos.event.server.unittest.dll" id="047deb11-1146-c672-a956-83af88e9f848">
      <TestCategory>
        <TestCategoryItem TestCategory="WebService/Map" />
      </TestCategory>
      <Execution id="0d6b7abf-61cf-4d93-b186-8ea1dfd3c9f8" />
      <TestMethod codeBase="D:\actions-runner\_work\XPCO\XPCO\EventServer\Server\Components\Central\Server\unittest\bin\x64\Debug\VideoOS.Event.Server.UnitTest.dll" adapterTypeName="executor://mstestadapter/v2" className="VideoOS.Event.Server.WebService.Map.UnitTest.MapCommandCredentialsTest" name="TestGetObjectsWithinGPSAreaWithValidParameters" />
    </UnitTest>
    <UnitTest name="TestAttachSnapshot" storage="d:\actions-runner\_work\xpco\xpco\eventserver\server\components\central\server\unittest\bin\x64\debug\videoos.event.server.unittest.dll" id="c4153300-d58c-99ef-1b85-cb3165a4dc51">
      <Execution id="c15a5ebf-b5ae-4202-a06e-f015f05f4713" />
      <TestMethod codeBase="D:\actions-runner\_work\XPCO\XPCO\EventServer\Server\Components\Central\Server\unittest\bin\x64\Debug\VideoOS.Event.Server.UnitTest.dll" adapterTypeName="executor://mstestadapter/v2" className="VideoOS.Event.Server.WebService.Alarm.UnitTest.AlarmCommandTokenTest" name="TestAttachSnapshot" />
    </UnitTest>
    <UnitTest name="TestGetIconDataNotAuthenticated" storage="d:\actions-runner\_work\xpco\xpco\eventserver\server\components\central\server\unittest\bin\x64\debug\videoos.event.server.unittest.dll" id="3d71eb69-9c6f-0f09-8429-11a4b64d43de">
      <TestCategory>
        <TestCategoryItem TestCategory="WebService/Map" />
      </TestCategory>
      <Execution id="9dc8c721-5770-4507-9268-15b5691fb4f0" />
      <TestMethod codeBase="D:\actions-runner\_work\XPCO\XPCO\EventServer\Server\Components\Central\Server\unittest\bin\x64\Debug\VideoOS.Event.Server.UnitTest.dll" adapterTypeName="executor://mstestadapter/v2" className="VideoOS.Event.Server.WebService.Map.UnitTest.MapCommandCredentialsTest" name="TestGetIconDataNotAuthenticated" />
    </UnitTest>
    <UnitTest name="TestConstructor" storage="d:\actions-runner\_work\xpco\xpco\eventserver\server\components\central\server\unittest\bin\x64\debug\videoos.event.server.unittest.dll" id="199bfd37-c469-c817-7cca-cebcf665e72c">
      <Execution id="26209c0e-38ea-4c51-9ba9-db070be760e1" />
      <TestMethod codeBase="D:\actions-runner\_work\XPCO\XPCO\EventServer\Server\Components\Central\Server\unittest\bin\x64\Debug\VideoOS.Event.Server.UnitTest.dll" adapterTypeName="executor://mstestadapter/v2" className="VideoOS.Event.Server.WebService.Status.UnitTest.StatusCommandTokenTest" name="TestConstructor" />
    </UnitTest>
    <UnitTest name="TestGetStatusOneLevel" storage="d:\actions-runner\_work\xpco\xpco\eventserver\server\components\central\server\unittest\bin\x64\debug\videoos.event.server.unittest.dll" id="16d69696-0632-feb6-0cc6-a45d7755309a">
      <Execution id="46f4c46d-871d-478b-ba08-9d0237a7c6db" />
      <TestMethod codeBase="D:\actions-runner\_work\XPCO\XPCO\EventServer\Server\Components\Central\Server\unittest\bin\x64\Debug\VideoOS.Event.Server.UnitTest.dll" adapterTypeName="executor://mstestadapter/v2" className="VideoOS.Event.Server.Map.UnitTest.VisualElementStatusCalculatorTest" name="TestGetStatusOneLevel" />
    </UnitTest>
    <UnitTest name="DeleteObject_WithValidParameters" storage="d:\actions-runner\_work\xpco\xpco\eventserver\server\components\central\server\unittest\bin\x64\debug\videoos.event.server.unittest.dll" id="6320ea53-85ae-967c-2d46-ad563b7772c4">
      <TestCategory>
        <TestCategoryItem TestCategory="WebService/Map" />
      </TestCategory>
      <Execution id="97235581-0311-4d2b-92cd-d24126aca734" />
      <TestMethod codeBase="D:\actions-runner\_work\XPCO\XPCO\EventServer\Server\Components\Central\Server\unittest\bin\x64\Debug\VideoOS.Event.Server.UnitTest.dll" adapterTypeName="executor://mstestadapter/v2" className="VideoOS.Event.Server.WebService.Map.UnitTest.MapCommandToken2Test" name="DeleteObject_WithValidParameters" />
    </UnitTest>
    <UnitTest name="TestCopyObject" storage="d:\actions-runner\_work\xpco\xpco\eventserver\server\components\central\server\unittest\bin\x64\debug\videoos.event.server.unittest.dll" id="fcbb9d42-bae7-3348-457f-44d640ba34db">
      <TestCategory>
        <TestCategoryItem TestCategory="MapPlugInInternalItemFactory" />
      </TestCategory>
      <Execution id="a6e91e9c-1b68-43c4-b671-bc2a85e5a9d2" />
      <TestMethod codeBase="D:\actions-runner\_work\XPCO\XPCO\EventServer\Server\Components\Central\Server\unittest\bin\x64\Debug\VideoOS.Event.Server.UnitTest.dll" adapterTypeName="executor://mstestadapter/v2" className="VideoOS.Event.Server.MIP.PlugIn.UnitTest.MapPlugInInternalItemFactoryTest" name="TestCopyObject" />
    </UnitTest>
    <UnitTest name="CreateInstanceReturnsMipEventIdWhenWhenEventServerTypeIdInMessageId" storage="d:\actions-runner\_work\xpco\xpco\eventserver\server\components\central\server\unittest\bin\x64\debug\videoos.event.server.unittest.dll" id="3f532001-bc00-e7ae-e945-4f15c68b9b8d">
      <Execution id="eca9ceac-a87a-4ecf-b38e-244d75220b8e" />
      <TestMethod codeBase="D:\actions-runner\_work\XPCO\XPCO\EventServer\Server\Components\Central\Server\unittest\bin\x64\Debug\VideoOS.Event.Server.UnitTest.dll" adapterTypeName="executor://mstestadapter/v2" className="VideoOS.Event.Server.UnitTest.Event.MapperEventTypeProviderTest" name="CreateInstanceReturnsMipEventIdWhenWhenEventServerTypeIdInMessageId" />
    </UnitTest>
    <UnitTest name="TestUpdateElementsWithTwoElementsWithSameRelationId" storage="d:\actions-runner\_work\xpco\xpco\eventserver\server\components\central\server\unittest\bin\x64\debug\videoos.event.server.unittest.dll" id="39f714b7-16f9-3450-b34f-9ea4ea4fe42b">
      <Execution id="b223ebac-1cbf-45d8-840a-a9d4e0da219c" />
      <TestMethod codeBase="D:\actions-runner\_work\XPCO\XPCO\EventServer\Server\Components\Central\Server\unittest\bin\x64\Debug\VideoOS.Event.Server.UnitTest.dll" adapterTypeName="executor://mstestadapter/v2" className="VideoOS.Event.Server.Map.UnitTest.VisualElementManagerTest" name="TestUpdateElementsWithTwoElementsWithSameRelationId" />
    </UnitTest>
    <UnitTest name="Handle_ShouldFlattenStateValue_WhenValuesIncludeStateName" storage="d:\actions-runner\_work\xpco\xpco\eventserver\server\components\central\server\unittest\bin\x64\debug\videoos.event.server.unittest.dll" id="f5f45b6b-f37b-9416-64de-dbe95a83e2b6">
      <Execution id="d14490d3-eaf9-4fdd-a6b5-4fdc888460ec" />
      <TestMethod codeBase="D:\actions-runner\_work\XPCO\XPCO\EventServer\Server\Components\Central\Server\unittest\bin\x64\Debug\VideoOS.Event.Server.UnitTest.dll" adapterTypeName="executor://mstestadapter/v2" className="VideoOS.Event.Server.UnitTest.Alarm.Processors.UpdateAlarms.UpdateAlarmCompositeValueHandlerTests" name="Handle_ShouldFlattenStateValue_WhenValuesIncludeStateName" />
    </UnitTest>
    <UnitTest name="TestDeleteConfigHost" storage="d:\actions-runner\_work\xpco\xpco\eventserver\server\components\central\server\unittest\bin\x64\debug\videoos.event.server.unittest.dll" id="4036a9c9-ddd8-3d85-cefe-a408868f9b37">
      <Execution id="ce592787-86c6-402d-87b2-3d45c90fc123" />
      <TestMethod codeBase="D:\actions-runner\_work\XPCO\XPCO\EventServer\Server\Components\Central\Server\unittest\bin\x64\Debug\VideoOS.Event.Server.UnitTest.dll" adapterTypeName="executor://mstestadapter/v2" className="VideoOS.Event.Server.Communication.UnitTest.ServerConfigManagerTest" name="TestDeleteConfigHost" />
    </UnitTest>
    <UnitTest name="TestUpdateDisplayXMLWithInvalidUser" storage="d:\actions-runner\_work\xpco\xpco\eventserver\server\components\central\server\unittest\bin\x64\debug\videoos.event.server.unittest.dll" id="6eaa22fd-b4ea-d938-d98e-0ba036c2c909">
      <TestCategory>
        <TestCategoryItem TestCategory="WebService/Map" />
      </TestCategory>
      <Execution id="69d26e98-57f7-492f-a056-55df53c71935" />
      <TestMethod codeBase="D:\actions-runner\_work\XPCO\XPCO\EventServer\Server\Components\Central\Server\unittest\bin\x64\Debug\VideoOS.Event.Server.UnitTest.dll" adapterTypeName="executor://mstestadapter/v2" className="VideoOS.Event.Server.WebService.Map.UnitTest.MapCommandToken2Test" name="TestUpdateDisplayXMLWithInvalidUser" />
    </UnitTest>
    <UnitTest name="TestConstructorWithNullValues" storage="d:\actions-runner\_work\xpco\xpco\eventserver\server\components\central\server\unittest\bin\x64\debug\videoos.event.server.unittest.dll" id="6422b942-3e12-a46d-3575-0576c2a2434a">
      <Execution id="ee3a97fb-bef4-4763-86c7-5f9da845978d" />
      <TestMethod codeBase="D:\actions-runner\_work\XPCO\XPCO\EventServer\Server\Components\Central\Server\unittest\bin\x64\Debug\VideoOS.Event.Server.UnitTest.dll" adapterTypeName="executor://mstestadapter/v2" className="VideoOS.Event.Server.MIP.PlugIn.UnitTest.MapPlugInInternalContextMenuItemTest" name="TestConstructorWithNullValues" />
    </UnitTest>
    <UnitTest name="TestInsertElement" storage="d:\actions-runner\_work\xpco\xpco\eventserver\server\components\central\server\unittest\bin\x64\debug\videoos.event.server.unittest.dll" id="998494cc-a3bd-af9d-027c-c56c7e84515d">
      <Execution id="cafb8767-7cfd-46fd-aa41-70cf0c0863e6" />
      <TestMethod codeBase="D:\actions-runner\_work\XPCO\XPCO\EventServer\Server\Components\Central\Server\unittest\bin\x64\Debug\VideoOS.Event.Server.UnitTest.dll" adapterTypeName="executor://mstestadapter/v2" className="VideoOS.Event.Server.Map.UnitTest.VisualElementManagerTest" name="TestInsertElement" />
    </UnitTest>
    <UnitTest name="TestCreateAccessControlItemAuthorizationFetcher" storage="d:\actions-runner\_work\xpco\xpco\eventserver\server\components\central\server\unittest\bin\x64\debug\videoos.event.server.unittest.dll" id="418d2f3a-c805-fa26-9c23-ebfcc450c9ea">
      <TestCategory>
        <TestCategoryItem TestCategory="PermissionManagerFetcher" />
      </TestCategory>
      <Execution id="022e24d6-6384-4d37-9c9c-1a8c160c1cd2" />
      <TestMethod codeBase="D:\actions-runner\_work\XPCO\XPCO\EventServer\Server\Components\Central\Server\unittest\bin\x64\Debug\VideoOS.Event.Server.UnitTest.dll" adapterTypeName="executor://mstestadapter/v2" className="VideoOS.Event.Server.UnitTest.Security.AuthorizationFetcher.ItemAuthorizationFetcherFactoryTest" name="TestCreateAccessControlItemAuthorizationFetcher" />
    </UnitTest>
    <UnitTest name="EventIdListTest_GetInstance_Success" storage="d:\actions-runner\_work\xpco\xpco\eventserver\server\components\central\server\unittest\bin\x64\debug\videoos.event.server.unittest.dll" id="da90b5b7-436f-4d9a-21a8-393e3267f2dd">
      <Execution id="45c51874-6a9e-4adf-8870-a1c83ba26956" />
      <TestMethod codeBase="D:\actions-runner\_work\XPCO\XPCO\EventServer\Server\Components\Central\Server\unittest\bin\x64\Debug\VideoOS.Event.Server.UnitTest.dll" adapterTypeName="executor://mstestadapter/v2" className="VideoOS.Event.Server.UnitTest.Event.EventIdListTest" name="EventIdListTest_GetInstance_Success" />
    </UnitTest>
    <UnitTest name="TestCopyConstructorWithInvalidVisualOwnerID" storage="d:\actions-runner\_work\xpco\xpco\eventserver\server\components\central\server\unittest\bin\x64\debug\videoos.event.server.unittest.dll" id="3a366738-caac-39a7-7092-6c7ae2aa3817">
      <Execution id="6b05b204-7f99-423e-a725-e9bdabe0a8e1" />
      <TestMethod codeBase="D:\actions-runner\_work\XPCO\XPCO\EventServer\Server\Components\Central\Server\unittest\bin\x64\Debug\VideoOS.Event.Server.UnitTest.dll" adapterTypeName="executor://mstestadapter/v2" className="VideoOS.Event.Server.Map.Data.UnitTest.StatusElementTest" name="TestCopyConstructorWithInvalidVisualOwnerID" />
    </UnitTest>
    <UnitTest name="TestGetStatusWithForeignServerIDs" storage="d:\actions-runner\_work\xpco\xpco\eventserver\server\components\central\server\unittest\bin\x64\debug\videoos.event.server.unittest.dll" id="bd8fc143-df78-30fb-c5ab-4fca27562b57">
      <Execution id="264341a1-965c-422d-a799-198b97987443" />
      <TestMethod codeBase="D:\actions-runner\_work\XPCO\XPCO\EventServer\Server\Components\Central\Server\unittest\bin\x64\Debug\VideoOS.Event.Server.UnitTest.dll" adapterTypeName="executor://mstestadapter/v2" className="VideoOS.Event.Server.WebService.Status.UnitTest.StatusCommandToken2Test" name="TestGetStatusWithForeignServerIDs" />
    </UnitTest>
    <UnitTest name="TestOneACSystemPLSupportedNoSession" storage="d:\actions-runner\_work\xpco\xpco\eventserver\server\components\central\server\unittest\bin\x64\debug\videoos.event.server.unittest.dll" id="ff715d4c-23d5-4773-66a5-38b9a7bdf442">
      <TestCategory>
        <TestCategoryItem TestCategory="AccessControlUserIdTransformer" />
      </TestCategory>
      <Execution id="9ff93023-157f-4049-849e-f543b9782d4c" />
      <TestMethod codeBase="D:\actions-runner\_work\XPCO\XPCO\EventServer\Server\Components\Central\Server\unittest\bin\x64\Debug\VideoOS.Event.Server.UnitTest.dll" adapterTypeName="executor://mstestadapter/v2" className="VideoOS.Event.Server.UnitTest.Session.AccessControlUserIdTransformerTest" name="TestOneACSystemPLSupportedNoSession" />
    </UnitTest>
    <UnitTest name="SystemMonitorStatePusher_PushesCurrentServerState_WhenNewServerItemIsAdded" storage="d:\actions-runner\_work\xpco\xpco\eventserver\server\components\central\server\unittest\bin\x64\debug\videoos.event.server.unittest.dll" id="4054a570-b405-add8-b79a-2940118a558e">
      <Execution id="9df7d913-4e7d-4dbd-b2ef-c8e0015173bd" />
      <TestMethod codeBase="D:\actions-runner\_work\XPCO\XPCO\EventServer\Server\Components\Central\Server\unittest\bin\x64\Debug\VideoOS.Event.Server.UnitTest.dll" adapterTypeName="executor://mstestadapter/v2" className="VideoOS.Event.Server.UnitTest.Communication.Corporate.SystemMonitorStatePusherTest" name="SystemMonitorStatePusher_PushesCurrentServerState_WhenNewServerItemIsAdded" />
    </UnitTest>
    <UnitTest name="TestDeleteObjectAndChildObjectsNotAuthenticated" storage="d:\actions-runner\_work\xpco\xpco\eventserver\server\components\central\server\unittest\bin\x64\debug\videoos.event.server.unittest.dll" id="895bd75e-0f55-5310-9068-abfb4fc8e832">
      <TestCategory>
        <TestCategoryItem TestCategory="WebService/Map" />
      </TestCategory>
      <Execution id="e270146a-c76c-41a5-b9de-b17d769b926d" />
      <TestMethod codeBase="D:\actions-runner\_work\XPCO\XPCO\EventServer\Server\Components\Central\Server\unittest\bin\x64\Debug\VideoOS.Event.Server.UnitTest.dll" adapterTypeName="executor://mstestadapter/v2" className="VideoOS.Event.Server.WebService.Map.UnitTest.MapCommandCredentialsTest" name="TestDeleteObjectAndChildObjectsNotAuthenticated" />
    </UnitTest>
    <UnitTest name="TestUpdateObjectsWithServerIDInID" storage="d:\actions-runner\_work\xpco\xpco\eventserver\server\components\central\server\unittest\bin\x64\debug\videoos.event.server.unittest.dll" id="ee13aa96-0440-147e-1f8e-74e5f001e7b6">
      <TestCategory>
        <TestCategoryItem TestCategory="WebService/Map" />
      </TestCategory>
      <Execution id="531226af-6dde-4f89-a0bf-e42feb2494bf" />
      <TestMethod codeBase="D:\actions-runner\_work\XPCO\XPCO\EventServer\Server\Components\Central\Server\unittest\bin\x64\Debug\VideoOS.Event.Server.UnitTest.dll" adapterTypeName="executor://mstestadapter/v2" className="VideoOS.Event.Server.WebService.Map.UnitTest.MapCommandTokenTest" name="TestUpdateObjectsWithServerIDInID" />
    </UnitTest>
    <UnitTest name="TestNewObject" storage="d:\actions-runner\_work\xpco\xpco\eventserver\server\components\central\server\unittest\bin\x64\debug\videoos.event.server.unittest.dll" id="862c3245-8f08-d542-39e8-a014d36f8b5b">
      <Execution id="bfb65e04-6d03-4d84-a9a1-33972aa954b3" />
      <TestMethod codeBase="D:\actions-runner\_work\XPCO\XPCO\EventServer\Server\Components\Central\Server\unittest\bin\x64\Debug\VideoOS.Event.Server.UnitTest.dll" adapterTypeName="executor://mstestadapter/v2" className="VideoOS.Event.Server.Map.Data.UnitTest.TypeIDStorageFactoryTest" name="TestNewObject" />
    </UnitTest>
    <UnitTest name="TestGetIconDataThrowingUnhandledException" storage="d:\actions-runner\_work\xpco\xpco\eventserver\server\components\central\server\unittest\bin\x64\debug\videoos.event.server.unittest.dll" id="469315c8-1cc6-451a-cd46-08337cc7ecdb">
      <TestCategory>
        <TestCategoryItem TestCategory="WebService/Map" />
      </TestCategory>
      <Execution id="e3f5850d-e0ec-4127-babf-be0689d29371" />
      <TestMethod codeBase="D:\actions-runner\_work\XPCO\XPCO\EventServer\Server\Components\Central\Server\unittest\bin\x64\Debug\VideoOS.Event.Server.UnitTest.dll" adapterTypeName="executor://mstestadapter/v2" className="VideoOS.Event.Server.WebService.Map.UnitTest.MapCommandToken2Test" name="TestGetIconDataThrowingUnhandledException" />
    </UnitTest>
    <UnitTest name="TestInsertElementWithAnExistingMarkedForDeletionElement" storage="d:\actions-runner\_work\xpco\xpco\eventserver\server\components\central\server\unittest\bin\x64\debug\videoos.event.server.unittest.dll" id="c551619f-eea0-801f-e025-a2dc4894f67e">
      <Execution id="75595f2d-9696-4177-8219-e9e99ca388c9" />
      <TestMethod codeBase="D:\actions-runner\_work\XPCO\XPCO\EventServer\Server\Components\Central\Server\unittest\bin\x64\Debug\VideoOS.Event.Server.UnitTest.dll" adapterTypeName="executor://mstestadapter/v2" className="VideoOS.Event.Server.Map.UnitTest.VisualElementManagerTest" name="TestInsertElementWithAnExistingMarkedForDeletionElement" />
    </UnitTest>
    <UnitTest name="TestActivatePlugInActionWithInvalidUser" storage="d:\actions-runner\_work\xpco\xpco\eventserver\server\components\central\server\unittest\bin\x64\debug\videoos.event.server.unittest.dll" id="c12565bd-6b40-192e-3905-3091c8e3cf94">
      <TestCategory>
        <TestCategoryItem TestCategory="WebService/Map" />
      </TestCategory>
      <Execution id="e17f2369-557f-487e-aab5-2ecbfb2025af" />
      <TestMethod codeBase="D:\actions-runner\_work\XPCO\XPCO\EventServer\Server\Components\Central\Server\unittest\bin\x64\Debug\VideoOS.Event.Server.UnitTest.dll" adapterTypeName="executor://mstestadapter/v2" className="VideoOS.Event.Server.WebService.Map.UnitTest.MapCommandTokenTest" name="TestActivatePlugInActionWithInvalidUser" />
    </UnitTest>
    <UnitTest name="TestConstructor" storage="d:\actions-runner\_work\xpco\xpco\eventserver\server\components\central\server\unittest\bin\x64\debug\videoos.event.server.unittest.dll" id="9846da53-217d-af4e-03e6-a85cce3a7464">
      <Execution id="4e04e1bf-933b-4d72-b57c-7b36ea266c5e" />
      <TestMethod codeBase="D:\actions-runner\_work\XPCO\XPCO\EventServer\Server\Components\Central\Server\unittest\bin\x64\Debug\VideoOS.Event.Server.UnitTest.dll" adapterTypeName="executor://mstestadapter/v2" className="VideoOS.EventServer.Disable.UnitTest.DisableAlarmItemTest" name="TestConstructor" />
    </UnitTest>
    <UnitTest name="TestUpdateElementsWithOldTimestamp" storage="d:\actions-runner\_work\xpco\xpco\eventserver\server\components\central\server\unittest\bin\x64\debug\videoos.event.server.unittest.dll" id="ae3b7ea3-5adc-531c-4b40-daea74d6b041">
      <Execution id="1e374336-06a9-40ee-8eca-99347497a083" />
      <TestMethod codeBase="D:\actions-runner\_work\XPCO\XPCO\EventServer\Server\Components\Central\Server\unittest\bin\x64\Debug\VideoOS.Event.Server.UnitTest.dll" adapterTypeName="executor://mstestadapter/v2" className="VideoOS.Event.Server.Map.UnitTest.VisualElementManagerTest" name="TestUpdateElementsWithOldTimestamp" />
    </UnitTest>
    <UnitTest name="TestGetAllObjectsOnVisualElementNotAuthenticated" storage="d:\actions-runner\_work\xpco\xpco\eventserver\server\components\central\server\unittest\bin\x64\debug\videoos.event.server.unittest.dll" id="04cda920-efc4-365b-24c0-fc5e6312876f">
      <TestCategory>
        <TestCategoryItem TestCategory="WebService/Map" />
      </TestCategory>
      <Execution id="d32ce2d4-6eeb-4773-aa72-088958e6cda0" />
      <TestMethod codeBase="D:\actions-runner\_work\XPCO\XPCO\EventServer\Server\Components\Central\Server\unittest\bin\x64\Debug\VideoOS.Event.Server.UnitTest.dll" adapterTypeName="executor://mstestadapter/v2" className="VideoOS.Event.Server.WebService.Map.UnitTest.MapCommandCredentialsTest" name="TestGetAllObjectsOnVisualElementNotAuthenticated" />
    </UnitTest>
    <UnitTest name="HasStateUpdate_ShouldReturnFalse_WhenListContainsTwoUpdatesWithDifferentStartAndEndStates" storage="d:\actions-runner\_work\xpco\xpco\eventserver\server\components\central\server\unittest\bin\x64\debug\videoos.event.server.unittest.dll" id="a614ea0c-b1f9-717c-58e4-2b444f8f746d">
      <Execution id="ad222d17-4ffa-4671-9340-8c771b688f9c" />
      <TestMethod codeBase="D:\actions-runner\_work\XPCO\XPCO\EventServer\Server\Components\Central\Server\unittest\bin\x64\Debug\VideoOS.Event.Server.UnitTest.dll" adapterTypeName="executor://mstestadapter/v2" className="VideoOS.Event.Server.UnitTest.Alarm.AlarmActionItems.StateUpdateHelperTest" name="HasStateUpdate_ShouldReturnFalse_WhenListContainsTwoUpdatesWithDifferentStartAndEndStates" />
    </UnitTest>
    <UnitTest name="TestGetVisualizationChangesWithInvalidUser" storage="d:\actions-runner\_work\xpco\xpco\eventserver\server\components\central\server\unittest\bin\x64\debug\videoos.event.server.unittest.dll" id="db38b9c7-ab19-e6fd-60f0-e3e59d88bf94">
      <Execution id="9126d743-7c44-4797-ba18-35d675255aa3" />
      <TestMethod codeBase="D:\actions-runner\_work\XPCO\XPCO\EventServer\Server\Components\Central\Server\unittest\bin\x64\Debug\VideoOS.Event.Server.UnitTest.dll" adapterTypeName="executor://mstestadapter/v2" className="VideoOS.Event.Server.WebService.Status.UnitTest.StatusCommandTokenTest" name="TestGetVisualizationChangesWithInvalidUser" />
    </UnitTest>
    <UnitTest name="TestGetItemOperationalState" storage="d:\actions-runner\_work\xpco\xpco\eventserver\server\components\central\server\unittest\bin\x64\debug\videoos.event.server.unittest.dll" id="f9189ce9-0529-6c8d-0d9e-095d8eb96f4d">
      <TestCategory>
        <TestCategoryItem TestCategory="MapPlugInManagerTest" />
      </TestCategory>
      <Execution id="6b1c6bda-643f-4534-85dd-bad854ae8c67" />
      <TestMethod codeBase="D:\actions-runner\_work\XPCO\XPCO\EventServer\Server\Components\Central\Server\unittest\bin\x64\Debug\VideoOS.Event.Server.UnitTest.dll" adapterTypeName="executor://mstestadapter/v2" className="VideoOS.Event.Server.MIP.PlugIn.UnitTest.MapPlugInManagerTest" name="TestGetItemOperationalState" />
    </UnitTest>
    <UnitTest name="TestGetInvalidToken" storage="d:\actions-runner\_work\xpco\xpco\eventserver\server\components\central\server\unittest\bin\x64\debug\videoos.event.server.unittest.dll" id="327b61fc-9460-6e80-0bab-087f3285986c">
      <Execution id="dc620058-8558-497f-ae4d-83b00567e03e" />
      <TestMethod codeBase="D:\actions-runner\_work\XPCO\XPCO\EventServer\Server\Components\Central\Server\unittest\bin\x64\Debug\VideoOS.Event.Server.UnitTest.dll" adapterTypeName="executor://mstestadapter/v2" className="VideoOS.Event.Server.WebService.Alarm.UnitTest.AlarmCommandTokenTest" name="TestGetInvalidToken" />
    </UnitTest>
    <UnitTest name="TestNoACUserIdsNoACSystems" storage="d:\actions-runner\_work\xpco\xpco\eventserver\server\components\central\server\unittest\bin\x64\debug\videoos.event.server.unittest.dll" id="775b1367-3189-a824-d0c9-823db512bc30">
      <TestCategory>
        <TestCategoryItem TestCategory="AccessControlUserIdTransformer" />
      </TestCategory>
      <Execution id="f7100cf6-fa1c-4877-b20f-8ed616725905" />
      <TestMethod codeBase="D:\actions-runner\_work\XPCO\XPCO\EventServer\Server\Components\Central\Server\unittest\bin\x64\Debug\VideoOS.Event.Server.UnitTest.dll" adapterTypeName="executor://mstestadapter/v2" className="VideoOS.Event.Server.UnitTest.Session.AccessControlUserIdTransformerTest" name="TestNoACUserIdsNoACSystems" />
    </UnitTest>
    <UnitTest name="TestGetIconWithUnknownIcon" storage="d:\actions-runner\_work\xpco\xpco\eventserver\server\components\central\server\unittest\bin\x64\debug\videoos.event.server.unittest.dll" id="77fc74ab-0dd5-c397-d0ed-5574632f3696">
      <TestCategory>
        <TestCategoryItem TestCategory="MapPlugInManagerTest" />
      </TestCategory>
      <Execution id="7612518b-8d03-4fd0-b82e-1bee6b5061fa" />
      <TestMethod codeBase="D:\actions-runner\_work\XPCO\XPCO\EventServer\Server\Components\Central\Server\unittest\bin\x64\Debug\VideoOS.Event.Server.UnitTest.dll" adapterTypeName="executor://mstestadapter/v2" className="VideoOS.Event.Server.MIP.PlugIn.UnitTest.MapPlugInManagerTest" name="TestGetIconWithUnknownIcon" />
    </UnitTest>
    <UnitTest name="ShouldSave_ShouldBeTrue_AfterSettingEventGroupRetention" storage="d:\actions-runner\_work\xpco\xpco\eventserver\server\components\central\server\unittest\bin\x64\debug\videoos.event.server.unittest.dll" id="a9c0567b-3355-1747-3327-c8adbd54000f">
      <Execution id="579a06d9-08ab-4e98-aacf-89f278c73db2" />
      <TestMethod codeBase="D:\actions-runner\_work\XPCO\XPCO\EventServer\Server\Components\Central\Server\unittest\bin\x64\Debug\VideoOS.Event.Server.UnitTest.dll" adapterTypeName="executor://mstestadapter/v2" className="VideoOS.Event.Server.UnitTest.Config.EventRetentionConfigTests" name="ShouldSave_ShouldBeTrue_AfterSettingEventGroupRetention" />
    </UnitTest>
    <UnitTest name="CreateObject_WithValidParameters" storage="d:\actions-runner\_work\xpco\xpco\eventserver\server\components\central\server\unittest\bin\x64\debug\videoos.event.server.unittest.dll" id="31121f38-47e5-338b-c330-5f8a9fb87bdf">
      <TestCategory>
        <TestCategoryItem TestCategory="WebService/Map" />
      </TestCategory>
      <Execution id="f4c0773f-90b3-457e-b776-f2ed034cb5b6" />
      <TestMethod codeBase="D:\actions-runner\_work\XPCO\XPCO\EventServer\Server\Components\Central\Server\unittest\bin\x64\Debug\VideoOS.Event.Server.UnitTest.dll" adapterTypeName="executor://mstestadapter/v2" className="VideoOS.Event.Server.WebService.Map.UnitTest.MapCommandTokenTest" name="CreateObject_WithValidParameters" />
    </UnitTest>
    <UnitTest name="TestUpdateBoundsWithInvalidUser" storage="d:\actions-runner\_work\xpco\xpco\eventserver\server\components\central\server\unittest\bin\x64\debug\videoos.event.server.unittest.dll" id="a18da52c-9f52-fb16-4078-bcb8084ca60e">
      <TestCategory>
        <TestCategoryItem TestCategory="WebService/Map" />
      </TestCategory>
      <Execution id="5cd7cee7-cf2a-454b-a413-5b814c7acd64" />
      <TestMethod codeBase="D:\actions-runner\_work\XPCO\XPCO\EventServer\Server\Components\Central\Server\unittest\bin\x64\Debug\VideoOS.Event.Server.UnitTest.dll" adapterTypeName="executor://mstestadapter/v2" className="VideoOS.Event.Server.WebService.Map.UnitTest.MapCommandToken2Test" name="TestUpdateBoundsWithInvalidUser" />
    </UnitTest>
    <UnitTest name="TestCreateFilteredConfigurationChildUnitLimited" storage="d:\actions-runner\_work\xpco\xpco\eventserver\server\components\central\server\unittest\bin\x64\debug\videoos.event.server.unittest.dll" id="47ff905a-bdb9-8c9d-978f-83c30105525a">
      <TestCategory>
        <TestCategoryItem TestCategory="AccessControlServiceImplementation" />
      </TestCategory>
      <Execution id="ca0ffe9d-4292-4f66-82c2-a8c9e6ff8be3" />
      <TestMethod codeBase="D:\actions-runner\_work\XPCO\XPCO\EventServer\Server\Components\Central\Server\unittest\bin\x64\Debug\VideoOS.Event.Server.UnitTest.dll" adapterTypeName="executor://mstestadapter/v2" className="VideoOS.Event.Server.UnitTest.AccessControl.AccessControlServiceImplementationTest" name="TestCreateFilteredConfigurationChildUnitLimited" />
    </UnitTest>
    <UnitTest name="Setup_VmsTokenProvider_TempSecretExistsIsTrue_SecretExists_IsFalse_NoErrorsAreThrownAsync" storage="d:\actions-runner\_work\xpco\xpco\eventserver\server\components\central\server\unittest\bin\x64\debug\videoos.event.server.unittest.dll" id="b853bca4-a79e-4f54-a4b4-35f801cc2d5a">
      <Execution id="fc5d4714-4b83-4fdf-addb-c78b8ba8181a" />
      <TestMethod codeBase="D:\actions-runner\_work\XPCO\XPCO\EventServer\Server\Components\Central\Server\unittest\bin\x64\Debug\VideoOS.Event.Server.UnitTest.dll" adapterTypeName="executor://mstestadapter/v2" className="VideoOS.Event.Server.UnitTest.Utils.VmsTokenProvider.VmsTokenProviderTests" name="Setup_VmsTokenProvider_TempSecretExistsIsTrue_SecretExists_IsFalse_NoErrorsAreThrownAsync" />
    </UnitTest>
    <UnitTest name="TestUpdateElementDisplayXmlWithNonExistingId" storage="d:\actions-runner\_work\xpco\xpco\eventserver\server\components\central\server\unittest\bin\x64\debug\videoos.event.server.unittest.dll" id="f2f022f0-f838-e0b9-e71f-f55003805c0e">
      <Execution id="e759a6c7-0df0-458a-a137-4aef5a9654bd" />
      <TestMethod codeBase="D:\actions-runner\_work\XPCO\XPCO\EventServer\Server\Components\Central\Server\unittest\bin\x64\Debug\VideoOS.Event.Server.UnitTest.dll" adapterTypeName="executor://mstestadapter/v2" className="VideoOS.Event.Server.Map.UnitTest.VisualElementManagerTest" name="TestUpdateElementDisplayXmlWithNonExistingId" />
    </UnitTest>
    <UnitTest name="TestUpdateWithNullValues" storage="d:\actions-runner\_work\xpco\xpco\eventserver\server\components\central\server\unittest\bin\x64\debug\videoos.event.server.unittest.dll" id="04f1c957-3b52-a4e4-88ce-e71488ccd8d2">
      <TestCategory>
        <TestCategoryItem TestCategory="MapPlugInInternalItem" />
      </TestCategory>
      <Execution id="a15e7ac9-9228-4a33-a272-4b8472293473" />
      <TestMethod codeBase="D:\actions-runner\_work\XPCO\XPCO\EventServer\Server\Components\Central\Server\unittest\bin\x64\Debug\VideoOS.Event.Server.UnitTest.dll" adapterTypeName="executor://mstestadapter/v2" className="VideoOS.Event.Server.MIP.PlugIn.UnitTest.MapPlugInInternalItemTest" name="TestUpdateWithNullValues" />
    </UnitTest>
    <UnitTest name="TestGetAllObjectsOnVisualElementWithInvalidUser" storage="d:\actions-runner\_work\xpco\xpco\eventserver\server\components\central\server\unittest\bin\x64\debug\videoos.event.server.unittest.dll" id="93031eb4-0393-34c5-580c-f6097d39ae92">
      <TestCategory>
        <TestCategoryItem TestCategory="WebService/Map" />
      </TestCategory>
      <Execution id="175dc918-d395-4d71-97ea-6f21fce40a9e" />
      <TestMethod codeBase="D:\actions-runner\_work\XPCO\XPCO\EventServer\Server\Components\Central\Server\unittest\bin\x64\Debug\VideoOS.Event.Server.UnitTest.dll" adapterTypeName="executor://mstestadapter/v2" className="VideoOS.Event.Server.WebService.Map.UnitTest.MapCommandToken2Test" name="TestGetAllObjectsOnVisualElementWithInvalidUser" />
    </UnitTest>
    <UnitTest name="TestUpdateWithAllParameters" storage="d:\actions-runner\_work\xpco\xpco\eventserver\server\components\central\server\unittest\bin\x64\debug\videoos.event.server.unittest.dll" id="cabe6cff-646c-5b08-f9fe-ca2fa3f35a92">
      <Execution id="2ef3c465-7ab5-4a7c-8d41-0ff88307db6a" />
      <TestMethod codeBase="D:\actions-runner\_work\XPCO\XPCO\EventServer\Server\Components\Central\Server\unittest\bin\x64\Debug\VideoOS.Event.Server.UnitTest.dll" adapterTypeName="executor://mstestadapter/v2" className="VideoOS.Event.Server.Map.Data.UnitTest.VisualElementStorageTest" name="TestUpdateWithAllParameters" />
    </UnitTest>
    <UnitTest name="Handle_ShouldNotFlattenValues_WhenValuesDoNotIncludeStateProperties" storage="d:\actions-runner\_work\xpco\xpco\eventserver\server\components\central\server\unittest\bin\x64\debug\videoos.event.server.unittest.dll" id="5bb69163-8c75-e295-34ab-b5c8205de7b3">
      <Execution id="1a77dded-07e1-4e39-8ec0-bf03861b3596" />
      <TestMethod codeBase="D:\actions-runner\_work\XPCO\XPCO\EventServer\Server\Components\Central\Server\unittest\bin\x64\Debug\VideoOS.Event.Server.UnitTest.dll" adapterTypeName="executor://mstestadapter/v2" className="VideoOS.Event.Server.UnitTest.Alarm.Processors.UpdateAlarms.UpdateAlarmCompositeValueHandlerTests" name="Handle_ShouldNotFlattenValues_WhenValuesDoNotIncludeStateProperties" />
    </UnitTest>
    <UnitTest name="TestClose" storage="d:\actions-runner\_work\xpco\xpco\eventserver\server\components\central\server\unittest\bin\x64\debug\videoos.event.server.unittest.dll" id="6f4aa358-fb39-bf15-74d6-cff7bf6dc736">
      <TestCategory>
        <TestCategoryItem TestCategory="PermissionManagerFetcher" />
      </TestCategory>
      <Execution id="ef0a18cb-429f-477e-9689-8707d354ba0c" />
      <TestMethod codeBase="D:\actions-runner\_work\XPCO\XPCO\EventServer\Server\Components\Central\Server\unittest\bin\x64\Debug\VideoOS.Event.Server.UnitTest.dll" adapterTypeName="executor://mstestadapter/v2" className="VideoOS.Event.Server.UnitTest.Security.PermissionFetcherTest" name="TestClose" />
    </UnitTest>
    <UnitTest name="EventToBaseEventMapper_ReturnsAnalyticsEvent_WhenAnalyticsData" storage="d:\actions-runner\_work\xpco\xpco\eventserver\server\components\central\server\unittest\bin\x64\debug\videoos.event.server.unittest.dll" id="b9d2dfd5-5fc8-0a0e-3f2b-a2de70ec6bf5">
      <Execution id="de1d21ad-30e0-4a48-9883-c3f7abab58e5" />
      <TestMethod codeBase="D:\actions-runner\_work\XPCO\XPCO\EventServer\Server\Components\Central\Server\unittest\bin\x64\Debug\VideoOS.Event.Server.UnitTest.dll" adapterTypeName="executor://mstestadapter/v2" className="VideoOS.Event.Server.UnitTest.Event.EventToBaseEventMapperTest" name="EventToBaseEventMapper_ReturnsAnalyticsEvent_WhenAnalyticsData" />
    </UnitTest>
    <UnitTest name="TestConstructor" storage="d:\actions-runner\_work\xpco\xpco\eventserver\server\components\central\server\unittest\bin\x64\debug\videoos.event.server.unittest.dll" id="58f66935-b4b3-6118-596d-600db53f9218">
      <TestCategory>
        <TestCategoryItem TestCategory="MapPlugInInternalItemFactory" />
      </TestCategory>
      <Execution id="d7570d1c-1bd0-433b-b993-9317cc09c4e0" />
      <TestMethod codeBase="D:\actions-runner\_work\XPCO\XPCO\EventServer\Server\Components\Central\Server\unittest\bin\x64\Debug\VideoOS.Event.Server.UnitTest.dll" adapterTypeName="executor://mstestadapter/v2" className="VideoOS.Event.Server.MIP.PlugIn.UnitTest.MapPlugInInternalItemFactoryTest" name="TestConstructor" />
    </UnitTest>
    <UnitTest name="HasStateUpdate_ShouldReturnFalse_WhenListContainsOneUpdateWithSameState" storage="d:\actions-runner\_work\xpco\xpco\eventserver\server\components\central\server\unittest\bin\x64\debug\videoos.event.server.unittest.dll" id="ab129d12-b905-76f6-7b0d-44fb8b172324">
      <Execution id="e5cc28c5-44d9-41c3-8acb-9e358ce881a6" />
      <TestMethod codeBase="D:\actions-runner\_work\XPCO\XPCO\EventServer\Server\Components\Central\Server\unittest\bin\x64\Debug\VideoOS.Event.Server.UnitTest.dll" adapterTypeName="executor://mstestadapter/v2" className="VideoOS.Event.Server.UnitTest.Alarm.AlarmActionItems.StateUpdateHelperTest" name="HasStateUpdate_ShouldReturnFalse_WhenListContainsOneUpdateWithSameState" />
    </UnitTest>
    <UnitTest name="Constructor_ShouldThrowArgumentNullException_WhenAuditLoggerIsNull" storage="d:\actions-runner\_work\xpco\xpco\eventserver\server\components\central\server\unittest\bin\x64\debug\videoos.event.server.unittest.dll" id="2f6d1302-17e2-6a1b-218f-11f673266c76">
      <Execution id="0dc613c5-2aec-4acd-a53c-d61a7ee0c35f" />
      <TestMethod codeBase="D:\actions-runner\_work\XPCO\XPCO\EventServer\Server\Components\Central\Server\unittest\bin\x64\Debug\VideoOS.Event.Server.UnitTest.dll" adapterTypeName="executor://mstestadapter/v2" className="VideoOS.Event.Server.UnitTest.Config.EventRetentionConfigTests" name="Constructor_ShouldThrowArgumentNullException_WhenAuditLoggerIsNull" />
    </UnitTest>
    <UnitTest name="CheckAccess_ShouldThrowException_WhenUserIsUnknown" storage="d:\actions-runner\_work\xpco\xpco\eventserver\server\components\central\server\unittest\bin\x64\debug\videoos.event.server.unittest.dll" id="c76831fe-1ee8-06a5-6801-a38931af7baf">
      <Execution id="4df3dd77-297b-40de-9bb8-d3ffced2acd6" />
      <TestMethod codeBase="D:\actions-runner\_work\XPCO\XPCO\EventServer\Server\Components\Central\Server\unittest\bin\x64\Debug\VideoOS.Event.Server.UnitTest.dll" adapterTypeName="executor://mstestadapter/v2" className="VideoOS.Event.Server.Security.UnitTest.SecurityCommunicationDBTest" name="CheckAccess_ShouldThrowException_WhenUserIsUnknown" />
    </UnitTest>
    <UnitTest name="TestDeleteConfigHostRecursive" storage="d:\actions-runner\_work\xpco\xpco\eventserver\server\components\central\server\unittest\bin\x64\debug\videoos.event.server.unittest.dll" id="a0e2b5a2-035f-51df-94ac-0c80a27d7671">
      <Execution id="d4a7ea14-ce88-4a48-ae32-918b14dd1df1" />
      <TestMethod codeBase="D:\actions-runner\_work\XPCO\XPCO\EventServer\Server\Components\Central\Server\unittest\bin\x64\Debug\VideoOS.Event.Server.UnitTest.dll" adapterTypeName="executor://mstestadapter/v2" className="VideoOS.Event.Server.Communication.UnitTest.ServerConfigManagerTest" name="TestDeleteConfigHostRecursive" />
    </UnitTest>
    <UnitTest name="TestNameWithNoMapPlugInType" storage="d:\actions-runner\_work\xpco\xpco\eventserver\server\components\central\server\unittest\bin\x64\debug\videoos.event.server.unittest.dll" id="61a27669-aede-ff1b-28bc-1b1d2d61e91a">
      <Execution id="485e9a0b-3760-4629-9e91-2d641dc8c1b3" />
      <TestMethod codeBase="D:\actions-runner\_work\XPCO\XPCO\EventServer\Server\Components\Central\Server\unittest\bin\x64\Debug\VideoOS.Event.Server.UnitTest.dll" adapterTypeName="executor://mstestadapter/v2" className="VideoOS.Event.Server.MIP.PlugIn.UnitTest.MapPlugInTypeEventHandlerTest" name="TestNameWithNoMapPlugInType" />
    </UnitTest>
    <UnitTest name="TestLoadXMLWithNoValue" storage="d:\actions-runner\_work\xpco\xpco\eventserver\server\components\central\server\unittest\bin\x64\debug\videoos.event.server.unittest.dll" id="8ac56230-1974-cdfe-6a70-2981d4993d59">
      <Execution id="a6b3ddee-64f1-430f-bf7e-6f1ee3ba9e52" />
      <TestMethod codeBase="D:\actions-runner\_work\XPCO\XPCO\EventServer\Server\Components\Central\Server\unittest\bin\x64\Debug\VideoOS.Event.Server.UnitTest.dll" adapterTypeName="executor://mstestadapter/v2" className="VideoOS.Event.Server.Map.Data.UnitTest.AccessListStorageTest" name="TestLoadXMLWithNoValue" />
    </UnitTest>
    <UnitTest name="GetObjectsWithinGPSArea_WithValidParameters" storage="d:\actions-runner\_work\xpco\xpco\eventserver\server\components\central\server\unittest\bin\x64\debug\videoos.event.server.unittest.dll" id="66672741-a1d3-80e2-a60f-bcbd8316ff3f">
      <TestCategory>
        <TestCategoryItem TestCategory="WebService/Map" />
      </TestCategory>
      <Execution id="738b7197-434a-4ca9-924c-6cf55bb2b6a0" />
      <TestMethod codeBase="D:\actions-runner\_work\XPCO\XPCO\EventServer\Server\Components\Central\Server\unittest\bin\x64\Debug\VideoOS.Event.Server.UnitTest.dll" adapterTypeName="executor://mstestadapter/v2" className="VideoOS.Event.Server.WebService.Map.UnitTest.MapCommandToken2Test" name="GetObjectsWithinGPSArea_WithValidParameters" />
    </UnitTest>
    <UnitTest name="TestConstructor" storage="d:\actions-runner\_work\xpco\xpco\eventserver\server\components\central\server\unittest\bin\x64\debug\videoos.event.server.unittest.dll" id="84a6ed3b-9aa1-9227-d98e-a331ef3fb88e">
      <Execution id="01200a2a-749d-4b9c-affc-8e06e9561945" />
      <TestMethod codeBase="D:\actions-runner\_work\XPCO\XPCO\EventServer\Server\Components\Central\Server\unittest\bin\x64\Debug\VideoOS.Event.Server.UnitTest.dll" adapterTypeName="executor://mstestadapter/v2" className="VideoOS.Event.Server.Map.Data.UnitTest.StatusElementTest" name="TestConstructor" />
    </UnitTest>
    <UnitTest name="TestLoadConfigurationWithNullNode" storage="d:\actions-runner\_work\xpco\xpco\eventserver\server\components\central\server\unittest\bin\x64\debug\videoos.event.server.unittest.dll" id="5633b127-bb04-d544-e3df-a69bb38d0776">
      <Execution id="10fd088a-3ba4-4b52-bef6-2407c437c289" />
      <TestMethod codeBase="D:\actions-runner\_work\XPCO\XPCO\EventServer\Server\Components\Central\Server\unittest\bin\x64\Debug\VideoOS.Event.Server.UnitTest.dll" adapterTypeName="executor://mstestadapter/v2" className="VideoOS.Event.Server.Map.UnitTest.VisualElementStorageDatabaseTest" name="TestLoadConfigurationWithNullNode" />
    </UnitTest>
    <UnitTest name="GetEventGroupsTest" storage="d:\actions-runner\_work\xpco\xpco\eventserver\server\components\central\server\unittest\bin\x64\debug\videoos.event.server.unittest.dll" id="cfcb2bbb-ebc1-fd20-fbb7-664d5ef066e3">
      <Execution id="82686633-3d22-4883-b7d0-66b2dbe51f24" />
      <TestMethod codeBase="D:\actions-runner\_work\XPCO\XPCO\EventServer\Server\Components\Central\Server\unittest\bin\x64\Debug\VideoOS.Event.Server.UnitTest.dll" adapterTypeName="executor://mstestadapter/v2" className="VideoOS.Event.Server.UnitTest.MIP.Environment.MIPEventTypeProviderTest" name="GetEventGroupsTest" />
    </UnitTest>
    <UnitTest name="TestActivatePlugInActionThrowingUnhandledException" storage="d:\actions-runner\_work\xpco\xpco\eventserver\server\components\central\server\unittest\bin\x64\debug\videoos.event.server.unittest.dll" id="b335820a-7104-d5ea-9cc3-885bd58666ec">
      <TestCategory>
        <TestCategoryItem TestCategory="WebService/Map" />
      </TestCategory>
      <Execution id="e8348987-1204-4896-9770-bd5a7c2dce59" />
      <TestMethod codeBase="D:\actions-runner\_work\XPCO\XPCO\EventServer\Server\Components\Central\Server\unittest\bin\x64\Debug\VideoOS.Event.Server.UnitTest.dll" adapterTypeName="executor://mstestadapter/v2" className="VideoOS.Event.Server.WebService.Map.UnitTest.MapCommandCredentialsTest" name="TestActivatePlugInActionThrowingUnhandledException" />
    </UnitTest>
    <UnitTest name="WebServiceTest_CreateWsHTTPBindingSecurityModeMessage" storage="d:\actions-runner\_work\xpco\xpco\eventserver\server\components\central\server\unittest\bin\x64\debug\videoos.event.server.unittest.dll" id="21990b8b-1291-e060-3e80-5b7f3edc09e2">
      <Execution id="16810f49-1dec-45f6-95fa-1368390b1dd6" />
      <TestMethod codeBase="D:\actions-runner\_work\XPCO\XPCO\EventServer\Server\Components\Central\Server\unittest\bin\x64\Debug\VideoOS.Event.Server.UnitTest.dll" adapterTypeName="executor://mstestadapter/v2" className="VideoOS.Event.Server.UnitTest.WebService.WebServiceTest" name="WebServiceTest_CreateWsHTTPBindingSecurityModeMessage" />
    </UnitTest>
    <UnitTest name="TestRemoveElementsWithOldTimestamp" storage="d:\actions-runner\_work\xpco\xpco\eventserver\server\components\central\server\unittest\bin\x64\debug\videoos.event.server.unittest.dll" id="d5621eba-cb30-7bb1-a1d1-8acbd8028e45">
      <Execution id="ee523e9c-6c6d-4c83-b082-dd672824b44e" />
      <TestMethod codeBase="D:\actions-runner\_work\XPCO\XPCO\EventServer\Server\Components\Central\Server\unittest\bin\x64\Debug\VideoOS.Event.Server.UnitTest.dll" adapterTypeName="executor://mstestadapter/v2" className="VideoOS.Event.Server.Map.UnitTest.VisualElementManagerTest" name="TestRemoveElementsWithOldTimestamp" />
    </UnitTest>
    <UnitTest name="TestMultipleSessionsMultipleUserIds" storage="d:\actions-runner\_work\xpco\xpco\eventserver\server\components\central\server\unittest\bin\x64\debug\videoos.event.server.unittest.dll" id="ded7da43-5b35-6452-1926-110c074ef91d">
      <TestCategory>
        <TestCategoryItem TestCategory="SessionCache" />
      </TestCategory>
      <Execution id="b8cccd22-910c-4d5e-a4e5-7bf86283affe" />
      <TestMethod codeBase="D:\actions-runner\_work\XPCO\XPCO\EventServer\Server\Components\Central\Server\unittest\bin\x64\Debug\VideoOS.Event.Server.UnitTest.dll" adapterTypeName="executor://mstestadapter/v2" className="VideoOS.Event.Server.UnitTest.Session.SessionCacheTest" name="TestMultipleSessionsMultipleUserIds" />
    </UnitTest>
    <UnitTest name="TestGetObjectsWithinGPSAreaNotAuthenticated" storage="d:\actions-runner\_work\xpco\xpco\eventserver\server\components\central\server\unittest\bin\x64\debug\videoos.event.server.unittest.dll" id="022a055b-6ebe-e782-e026-a09e283910ea">
      <TestCategory>
        <TestCategoryItem TestCategory="WebService/Map" />
      </TestCategory>
      <Execution id="4f955e18-82e0-4b8d-b592-11217bf05108" />
      <TestMethod codeBase="D:\actions-runner\_work\XPCO\XPCO\EventServer\Server\Components\Central\Server\unittest\bin\x64\Debug\VideoOS.Event.Server.UnitTest.dll" adapterTypeName="executor://mstestadapter/v2" className="VideoOS.Event.Server.WebService.Map.UnitTest.MapCommandCredentialsTest" name="TestGetObjectsWithinGPSAreaNotAuthenticated" />
    </UnitTest>
    <UnitTest name="TestGetPlugInItemsThrowingUnhandledException" storage="d:\actions-runner\_work\xpco\xpco\eventserver\server\components\central\server\unittest\bin\x64\debug\videoos.event.server.unittest.dll" id="2be6a9ee-7631-7b93-694c-0c9d581761da">
      <TestCategory>
        <TestCategoryItem TestCategory="WebService/Map" />
      </TestCategory>
      <Execution id="7785c607-2a88-451b-9eb4-fd8e4ac51885" />
      <TestMethod codeBase="D:\actions-runner\_work\XPCO\XPCO\EventServer\Server\Components\Central\Server\unittest\bin\x64\Debug\VideoOS.Event.Server.UnitTest.dll" adapterTypeName="executor://mstestadapter/v2" className="VideoOS.Event.Server.WebService.Map.UnitTest.MapCommandCredentialsTest" name="TestGetPlugInItemsThrowingUnhandledException" />
    </UnitTest>
    <UnitTest name="WhenAlarmSearchCriteriaWithCorrectDataThenCorrectString" storage="d:\actions-runner\_work\xpco\xpco\eventserver\server\components\central\server\unittest\bin\x64\debug\videoos.event.server.unittest.dll" id="6f5bbd40-400e-51ba-f44d-571f022a1abc">
      <Execution id="7dd80e06-4109-43cd-8eb8-cd4ced8a5dfe" />
      <TestMethod codeBase="D:\actions-runner\_work\XPCO\XPCO\EventServer\Server\Components\Central\Server\unittest\bin\x64\Debug\VideoOS.Event.Server.UnitTest.dll" adapterTypeName="executor://mstestadapter/v2" className="VideoOS.Event.Server.UnitTest.WebService.Alarm.NameAndNumberSearchConditionProviderTest" name="WhenAlarmSearchCriteriaWithCorrectDataThenCorrectString" />
    </UnitTest>
    <UnitTest name="TestUpdateElementsWithRelationIdAllreadyInUse" storage="d:\actions-runner\_work\xpco\xpco\eventserver\server\components\central\server\unittest\bin\x64\debug\videoos.event.server.unittest.dll" id="12c88a43-5a11-3c42-0ae5-64f9f48e1bb6">
      <Execution id="177caefa-aab3-4290-8261-f1bf09927e51" />
      <TestMethod codeBase="D:\actions-runner\_work\XPCO\XPCO\EventServer\Server\Components\Central\Server\unittest\bin\x64\Debug\VideoOS.Event.Server.UnitTest.dll" adapterTypeName="executor://mstestadapter/v2" className="VideoOS.Event.Server.Map.UnitTest.VisualElementManagerTest" name="TestUpdateElementsWithRelationIdAllreadyInUse" />
    </UnitTest>
    <UnitTest name="TestGetStatusWithInvalidUser" storage="d:\actions-runner\_work\xpco\xpco\eventserver\server\components\central\server\unittest\bin\x64\debug\videoos.event.server.unittest.dll" id="515deef3-25ea-3efc-5653-a41e47e92c2b">
      <Execution id="56373fba-73ac-4e45-a83e-e9d710a635e2" />
      <TestMethod codeBase="D:\actions-runner\_work\XPCO\XPCO\EventServer\Server\Components\Central\Server\unittest\bin\x64\Debug\VideoOS.Event.Server.UnitTest.dll" adapterTypeName="executor://mstestadapter/v2" className="VideoOS.Event.Server.WebService.Status.UnitTest.StatusCommandTokenTest" name="TestGetStatusWithInvalidUser" />
    </UnitTest>
    <UnitTest name="TestUpdateNameWithInvalidUser" storage="d:\actions-runner\_work\xpco\xpco\eventserver\server\components\central\server\unittest\bin\x64\debug\videoos.event.server.unittest.dll" id="67fe9761-0c53-3773-5339-ca492a2c95fb">
      <TestCategory>
        <TestCategoryItem TestCategory="WebService/Map" />
      </TestCategory>
      <Execution id="9c33dbeb-5bdf-489b-9a43-ab300557d144" />
      <TestMethod codeBase="D:\actions-runner\_work\XPCO\XPCO\EventServer\Server\Components\Central\Server\unittest\bin\x64\Debug\VideoOS.Event.Server.UnitTest.dll" adapterTypeName="executor://mstestadapter/v2" className="VideoOS.Event.Server.WebService.Map.UnitTest.MapCommandTokenTest" name="TestUpdateNameWithInvalidUser" />
    </UnitTest>
    <UnitTest name="GetVisualizationChanges_ShouldReturnNull_IfThereAreNoChanges" storage="d:\actions-runner\_work\xpco\xpco\eventserver\server\components\central\server\unittest\bin\x64\debug\videoos.event.server.unittest.dll" id="ce79ff04-29cf-8ada-ab53-58492db63b2c">
      <Execution id="be915036-cb95-4372-ac7f-58f382a653d6" />
      <TestMethod codeBase="D:\actions-runner\_work\XPCO\XPCO\EventServer\Server\Components\Central\Server\unittest\bin\x64\Debug\VideoOS.Event.Server.UnitTest.dll" adapterTypeName="executor://mstestadapter/v2" className="VideoOS.Event.Server.WebService.Status.UnitTest.StatusCommandToken2Test" name="GetVisualizationChanges_ShouldReturnNull_IfThereAreNoChanges" />
    </UnitTest>
    <UnitTest name="TestDeleteObjectsWithValidParameters" storage="d:\actions-runner\_work\xpco\xpco\eventserver\server\components\central\server\unittest\bin\x64\debug\videoos.event.server.unittest.dll" id="bf44b2b4-8310-5a30-3472-845b81c14e93">
      <TestCategory>
        <TestCategoryItem TestCategory="WebService/Map" />
      </TestCategory>
      <Execution id="67344979-4512-4ef4-9f9f-728cd338c204" />
      <TestMethod codeBase="D:\actions-runner\_work\XPCO\XPCO\EventServer\Server\Components\Central\Server\unittest\bin\x64\Debug\VideoOS.Event.Server.UnitTest.dll" adapterTypeName="executor://mstestadapter/v2" className="VideoOS.Event.Server.WebService.Map.UnitTest.MapCommandCredentialsTest" name="TestDeleteObjectsWithValidParameters" />
    </UnitTest>
    <UnitTest name="TestConstructorWithNullConfigHost" storage="d:\actions-runner\_work\xpco\xpco\eventserver\server\components\central\server\unittest\bin\x64\debug\videoos.event.server.unittest.dll" id="0b404634-fabf-542c-c39a-5b5860a30b25">
      <TestCategory>
        <TestCategoryItem TestCategory="PermissionManagerFetcher" />
      </TestCategory>
      <Execution id="7b961f89-48da-4590-9c1b-72e5017a8d2a" />
      <TestMethod codeBase="D:\actions-runner\_work\XPCO\XPCO\EventServer\Server\Components\Central\Server\unittest\bin\x64\Debug\VideoOS.Event.Server.UnitTest.dll" adapterTypeName="executor://mstestadapter/v2" className="VideoOS.Event.Server.UnitTest.Security.AuthorizationFetcher.AccessControlItemAuthorizationFetcherTest" name="TestConstructorWithNullConfigHost" />
    </UnitTest>
    <UnitTest name="TestUpdateNameThrowingUnhandledException" storage="d:\actions-runner\_work\xpco\xpco\eventserver\server\components\central\server\unittest\bin\x64\debug\videoos.event.server.unittest.dll" id="8c683b9a-044d-8adc-86d6-f9978fcb0f49">
      <TestCategory>
        <TestCategoryItem TestCategory="WebService/Map" />
      </TestCategory>
      <Execution id="2c6f035f-31bb-4183-80d5-9b4f4adc5b92" />
      <TestMethod codeBase="D:\actions-runner\_work\XPCO\XPCO\EventServer\Server\Components\Central\Server\unittest\bin\x64\Debug\VideoOS.Event.Server.UnitTest.dll" adapterTypeName="executor://mstestadapter/v2" className="VideoOS.Event.Server.WebService.Map.UnitTest.MapCommandToken2Test" name="TestUpdateNameThrowingUnhandledException" />
    </UnitTest>
    <UnitTest name="EventIdListTest_EventSource_Hardware" storage="d:\actions-runner\_work\xpco\xpco\eventserver\server\components\central\server\unittest\bin\x64\debug\videoos.event.server.unittest.dll" id="2af4e33f-3ad4-04f2-37df-9ec4b5574236">
      <Execution id="8e672666-9018-476f-ad65-9c5f44c4da8e" />
      <TestMethod codeBase="D:\actions-runner\_work\XPCO\XPCO\EventServer\Server\Components\Central\Server\unittest\bin\x64\Debug\VideoOS.Event.Server.UnitTest.dll" adapterTypeName="executor://mstestadapter/v2" className="VideoOS.Event.Server.UnitTest.Event.EventIdListTest" name="EventIdListTest_EventSource_Hardware" />
    </UnitTest>
    <UnitTest name="TestGetVisualElementChangesThrowingUnhandledException" storage="d:\actions-runner\_work\xpco\xpco\eventserver\server\components\central\server\unittest\bin\x64\debug\videoos.event.server.unittest.dll" id="e2e11837-721b-4b90-bc2d-5546133bb97c">
      <TestCategory>
        <TestCategoryItem TestCategory="WebService/Map" />
      </TestCategory>
      <Execution id="9c73b65f-2be1-46fc-b82c-3f7f3abebe6e" />
      <TestMethod codeBase="D:\actions-runner\_work\XPCO\XPCO\EventServer\Server\Components\Central\Server\unittest\bin\x64\Debug\VideoOS.Event.Server.UnitTest.dll" adapterTypeName="executor://mstestadapter/v2" className="VideoOS.Event.Server.WebService.Map.UnitTest.MapCommandToken2Test" name="TestGetVisualElementChangesThrowingUnhandledException" />
    </UnitTest>
    <UnitTest name="Handle_ShouldFlattenPriorityValue_WhenValuesIncludePriorityIntAndPriorityNameAndPriority" storage="d:\actions-runner\_work\xpco\xpco\eventserver\server\components\central\server\unittest\bin\x64\debug\videoos.event.server.unittest.dll" id="d0a15130-1ca6-b7e5-8f44-4b44d16aba65">
      <Execution id="49d59ed4-a477-418c-84c9-942865e84cab" />
      <TestMethod codeBase="D:\actions-runner\_work\XPCO\XPCO\EventServer\Server\Components\Central\Server\unittest\bin\x64\Debug\VideoOS.Event.Server.UnitTest.dll" adapterTypeName="executor://mstestadapter/v2" className="VideoOS.Event.Server.UnitTest.Alarm.Processors.UpdateAlarms.UpdateAlarmCompositeValueHandlerTests" name="Handle_ShouldFlattenPriorityValue_WhenValuesIncludePriorityIntAndPriorityNameAndPriority" />
    </UnitTest>
    <UnitTest name="WebServiceCommandBaseTest_UserAndParameterValidation_ValidateUserFails" storage="d:\actions-runner\_work\xpco\xpco\eventserver\server\components\central\server\unittest\bin\x64\debug\videoos.event.server.unittest.dll" id="ffbab35b-742f-82c4-d5ad-0fa0ce013dac">
      <Execution id="1e48f074-65ae-43a5-b161-e18682d0de4e" />
      <TestMethod codeBase="D:\actions-runner\_work\XPCO\XPCO\EventServer\Server\Components\Central\Server\unittest\bin\x64\Debug\VideoOS.Event.Server.UnitTest.dll" adapterTypeName="executor://mstestadapter/v2" className="VideoOS.Event.Server.UnitTest.WebService.Action.WebServiceAdminCommandBaseTest" name="WebServiceCommandBaseTest_UserAndParameterValidation_ValidateUserFails" />
    </UnitTest>
    <UnitTest name="UnsubscribeEventReceiver_ReturnsTrue_WhenAlreadySubscribed" storage="d:\actions-runner\_work\xpco\xpco\eventserver\server\components\central\server\unittest\bin\x64\debug\videoos.event.server.unittest.dll" id="e034f180-6179-db89-a0d9-ee482132bcaf">
      <Execution id="403471ae-5e4e-4aa3-8b8b-6ccdbc57b219" />
      <TestMethod codeBase="D:\actions-runner\_work\XPCO\XPCO\EventServer\Server\Components\Central\Server\unittest\bin\x64\Debug\VideoOS.Event.Server.UnitTest.dll" adapterTypeName="executor://mstestadapter/v2" className="VideoOS.Event.Server.UnitTest.Event.EventPusherTest" name="UnsubscribeEventReceiver_ReturnsTrue_WhenAlreadySubscribed" />
    </UnitTest>
    <UnitTest name="GetStatus_WithNullStatus" storage="d:\actions-runner\_work\xpco\xpco\eventserver\server\components\central\server\unittest\bin\x64\debug\videoos.event.server.unittest.dll" id="6b9ac42a-dd9e-2635-2a10-cde6123b9e84">
      <TestCategory>
        <TestCategoryItem TestCategory="WebService" />
      </TestCategory>
      <Execution id="dae100f9-3655-437f-ac26-76aae3494b74" />
      <TestMethod codeBase="D:\actions-runner\_work\XPCO\XPCO\EventServer\Server\Components\Central\Server\unittest\bin\x64\Debug\VideoOS.Event.Server.UnitTest.dll" adapterTypeName="executor://mstestadapter/v2" className="VideoOS.Event.Server.WebService.InterCommunication.UnitTest.InterCommunicationCommandTest" name="GetStatus_WithNullStatus" />
    </UnitTest>
    <UnitTest name="TestServiceInfosExists" storage="d:\actions-runner\_work\xpco\xpco\eventserver\server\components\central\server\unittest\bin\x64\debug\videoos.event.server.unittest.dll" id="fd4ace10-e5d6-edf3-912d-980f93f27759">
      <Execution id="e927e67d-5e56-4125-8b91-8b69b66463c2" />
      <TestMethod codeBase="D:\actions-runner\_work\XPCO\XPCO\EventServer\Server\Components\Central\Server\unittest\bin\x64\Debug\VideoOS.Event.Server.UnitTest.dll" adapterTypeName="executor://mstestadapter/v2" className="VideoOS.Event.Server.Communication.UnitTest.ServerRegisteredServicesTest" name="TestServiceInfosExists" />
    </UnitTest>
    <UnitTest name="TestGetPlugInItemChangesThrowingUnhandledException" storage="d:\actions-runner\_work\xpco\xpco\eventserver\server\components\central\server\unittest\bin\x64\debug\videoos.event.server.unittest.dll" id="7e0554fc-ea82-7cff-c217-916a21c725c6">
      <TestCategory>
        <TestCategoryItem TestCategory="WebService/Map" />
      </TestCategory>
      <Execution id="8866cf02-8070-46fe-b59d-8b854698bdcf" />
      <TestMethod codeBase="D:\actions-runner\_work\XPCO\XPCO\EventServer\Server\Components\Central\Server\unittest\bin\x64\Debug\VideoOS.Event.Server.UnitTest.dll" adapterTypeName="executor://mstestadapter/v2" className="VideoOS.Event.Server.WebService.Map.UnitTest.MapCommandCredentialsTest" name="TestGetPlugInItemChangesThrowingUnhandledException" />
    </UnitTest>
    <UnitTest name="TestCacheCleanupSingleSessionSingleUserIdNoTouchLongOverdue" storage="d:\actions-runner\_work\xpco\xpco\eventserver\server\components\central\server\unittest\bin\x64\debug\videoos.event.server.unittest.dll" id="f8b6cadd-b921-8c12-7802-ac8ca86f3113">
      <TestCategory>
        <TestCategoryItem TestCategory="SessionCache" />
      </TestCategory>
      <Execution id="e5f04923-40cf-417e-8f1f-af0b2add1575" />
      <TestMethod codeBase="D:\actions-runner\_work\XPCO\XPCO\EventServer\Server\Components\Central\Server\unittest\bin\x64\Debug\VideoOS.Event.Server.UnitTest.dll" adapterTypeName="executor://mstestadapter/v2" className="VideoOS.Event.Server.UnitTest.Session.SessionCacheCleanupTest" name="TestCacheCleanupSingleSessionSingleUserIdNoTouchLongOverdue" />
    </UnitTest>
    <UnitTest name="TestRemoveElementAllreadyMarkedForDeletion" storage="d:\actions-runner\_work\xpco\xpco\eventserver\server\components\central\server\unittest\bin\x64\debug\videoos.event.server.unittest.dll" id="758d0353-42af-8682-0395-6f91b285364d">
      <Execution id="f437581a-c5d1-4ede-be2d-e1b9e2888266" />
      <TestMethod codeBase="D:\actions-runner\_work\XPCO\XPCO\EventServer\Server\Components\Central\Server\unittest\bin\x64\Debug\VideoOS.Event.Server.UnitTest.dll" adapterTypeName="executor://mstestadapter/v2" className="VideoOS.Event.Server.Map.UnitTest.VisualElementManagerTest" name="TestRemoveElementAllreadyMarkedForDeletion" />
    </UnitTest>
    <UnitTest name="TestGetAllObjectsOfTypeThrowingUnhandledException" storage="d:\actions-runner\_work\xpco\xpco\eventserver\server\components\central\server\unittest\bin\x64\debug\videoos.event.server.unittest.dll" id="3f589117-7ee8-077c-6645-21816a7e0600">
      <TestCategory>
        <TestCategoryItem TestCategory="WebService/Map" />
      </TestCategory>
      <Execution id="254261f7-934c-4b2c-8188-ac15ed0dada1" />
      <TestMethod codeBase="D:\actions-runner\_work\XPCO\XPCO\EventServer\Server\Components\Central\Server\unittest\bin\x64\Debug\VideoOS.Event.Server.UnitTest.dll" adapterTypeName="executor://mstestadapter/v2" className="VideoOS.Event.Server.WebService.Map.UnitTest.MapCommandCredentialsTest" name="TestGetAllObjectsOfTypeThrowingUnhandledException" />
    </UnitTest>
    <UnitTest name="TestOneACSystemPLEnabledOneACSystemPLEnabled" storage="d:\actions-runner\_work\xpco\xpco\eventserver\server\components\central\server\unittest\bin\x64\debug\videoos.event.server.unittest.dll" id="73f3eafd-1bb4-9bf7-716f-d5fe9dc13a08">
      <TestCategory>
        <TestCategoryItem TestCategory="AccessControlUserIdTransformer" />
      </TestCategory>
      <Execution id="b62884ad-9cb2-46e6-95d6-4a7ce56dc666" />
      <TestMethod codeBase="D:\actions-runner\_work\XPCO\XPCO\EventServer\Server\Components\Central\Server\unittest\bin\x64\Debug\VideoOS.Event.Server.UnitTest.dll" adapterTypeName="executor://mstestadapter/v2" className="VideoOS.Event.Server.UnitTest.Session.AccessControlUserIdTransformerTest" name="TestOneACSystemPLEnabledOneACSystemPLEnabled" />
    </UnitTest>
    <UnitTest name="TestUpdateServiceInfo" storage="d:\actions-runner\_work\xpco\xpco\eventserver\server\components\central\server\unittest\bin\x64\debug\videoos.event.server.unittest.dll" id="f85b1ab5-7acd-437f-9ef7-b3157e4451bc">
      <Execution id="ebe041f8-9e40-48cb-83c0-de56a4b8986a" />
      <TestMethod codeBase="D:\actions-runner\_work\XPCO\XPCO\EventServer\Server\Components\Central\Server\unittest\bin\x64\Debug\VideoOS.Event.Server.UnitTest.dll" adapterTypeName="executor://mstestadapter/v2" className="VideoOS.Event.Server.Communication.UnitTest.ServerRegisteredServicesTest" name="TestUpdateServiceInfo" />
    </UnitTest>
    <UnitTest name="TestGetAllElementsWithinGpsAreaWithInvalidLowerRightBounds" storage="d:\actions-runner\_work\xpco\xpco\eventserver\server\components\central\server\unittest\bin\x64\debug\videoos.event.server.unittest.dll" id="9d75fc61-02a7-56c3-acfc-5b8fb2336567">
      <Execution id="950b8597-7e26-4110-b13f-a935bfb268fb" />
      <TestMethod codeBase="D:\actions-runner\_work\XPCO\XPCO\EventServer\Server\Components\Central\Server\unittest\bin\x64\Debug\VideoOS.Event.Server.UnitTest.dll" adapterTypeName="executor://mstestadapter/v2" className="VideoOS.Event.Server.Map.UnitTest.VisualElementManagerTest" name="TestGetAllElementsWithinGpsAreaWithInvalidLowerRightBounds" />
    </UnitTest>
    <UnitTest name="TestConstructorWithVisualElementStorageDatabaseFactoryObjectsAndVisualElementWithNullObjects" storage="d:\actions-runner\_work\xpco\xpco\eventserver\server\components\central\server\unittest\bin\x64\debug\videoos.event.server.unittest.dll" id="ef08d205-5e2f-fd18-d2fe-b1ac67218de5">
      <Execution id="a385fc00-171b-4875-899b-80b776deff41" />
      <TestMethod codeBase="D:\actions-runner\_work\XPCO\XPCO\EventServer\Server\Components\Central\Server\unittest\bin\x64\Debug\VideoOS.Event.Server.UnitTest.dll" adapterTypeName="executor://mstestadapter/v2" className="VideoOS.Event.Server.Map.Data.UnitTest.VisualElementStorageTest" name="TestConstructorWithVisualElementStorageDatabaseFactoryObjectsAndVisualElementWithNullObjects" />
    </UnitTest>
    <UnitTest name="WhenAlarmSearchCriteriaWWithWrongFieldNamesThenException" storage="d:\actions-runner\_work\xpco\xpco\eventserver\server\components\central\server\unittest\bin\x64\debug\videoos.event.server.unittest.dll" id="b2d08199-1744-af53-14e2-8b5747d2f865">
      <Execution id="03eb271c-3a6a-423b-bba7-cc26077bd0bb" />
      <TestMethod codeBase="D:\actions-runner\_work\XPCO\XPCO\EventServer\Server\Components\Central\Server\unittest\bin\x64\Debug\VideoOS.Event.Server.UnitTest.dll" adapterTypeName="executor://mstestadapter/v2" className="VideoOS.Event.Server.UnitTest.WebService.Alarm.NameAndNumberSearchConditionProviderTest" name="WhenAlarmSearchCriteriaWWithWrongFieldNamesThenException" />
    </UnitTest>
    <UnitTest name="TestLoadXMLWithDuplicateValues" storage="d:\actions-runner\_work\xpco\xpco\eventserver\server\components\central\server\unittest\bin\x64\debug\videoos.event.server.unittest.dll" id="0701857b-fca9-3491-aece-c5b7427b5ae4">
      <Execution id="d3c1422d-c04b-43b2-a7c0-0ecd4ae9d765" />
      <TestMethod codeBase="D:\actions-runner\_work\XPCO\XPCO\EventServer\Server\Components\Central\Server\unittest\bin\x64\Debug\VideoOS.Event.Server.UnitTest.dll" adapterTypeName="executor://mstestadapter/v2" className="VideoOS.Event.Server.Map.Data.UnitTest.AccessListStorageTest" name="TestLoadXMLWithDuplicateValues" />
    </UnitTest>
    <UnitTest name="TestRemoveElementAndChildElementsWithOwnerElementMarkedForDeletion" storage="d:\actions-runner\_work\xpco\xpco\eventserver\server\components\central\server\unittest\bin\x64\debug\videoos.event.server.unittest.dll" id="64bbd06a-f128-7831-8994-8de215c9a12a">
      <Execution id="ecdbd2de-da96-477b-b1d4-09c14c401839" />
      <TestMethod codeBase="D:\actions-runner\_work\XPCO\XPCO\EventServer\Server\Components\Central\Server\unittest\bin\x64\Debug\VideoOS.Event.Server.UnitTest.dll" adapterTypeName="executor://mstestadapter/v2" className="VideoOS.Event.Server.Map.UnitTest.VisualElementManagerTest" name="TestRemoveElementAndChildElementsWithOwnerElementMarkedForDeletion" />
    </UnitTest>
    <UnitTest name="TestUpdateObjectsThrowingUnhandledException" storage="d:\actions-runner\_work\xpco\xpco\eventserver\server\components\central\server\unittest\bin\x64\debug\videoos.event.server.unittest.dll" id="a6ada6b1-1f6c-a56d-fd5a-9dd7bb6086f3">
      <TestCategory>
        <TestCategoryItem TestCategory="WebService/Map" />
      </TestCategory>
      <Execution id="dd9f3f38-b866-4cd5-b2d3-075272238076" />
      <TestMethod codeBase="D:\actions-runner\_work\XPCO\XPCO\EventServer\Server\Components\Central\Server\unittest\bin\x64\Debug\VideoOS.Event.Server.UnitTest.dll" adapterTypeName="executor://mstestadapter/v2" className="VideoOS.Event.Server.WebService.Map.UnitTest.MapCommandToken2Test" name="TestUpdateObjectsThrowingUnhandledException" />
    </UnitTest>
    <UnitTest name="GetPlugIns_WithValidParameters" storage="d:\actions-runner\_work\xpco\xpco\eventserver\server\components\central\server\unittest\bin\x64\debug\videoos.event.server.unittest.dll" id="ec61fe7d-f8a9-0469-b26a-d2c1cf831a20">
      <TestCategory>
        <TestCategoryItem TestCategory="WebService/Map" />
      </TestCategory>
      <Execution id="4cbb2e86-3e53-4927-818a-178206e5f4b3" />
      <TestMethod codeBase="D:\actions-runner\_work\XPCO\XPCO\EventServer\Server\Components\Central\Server\unittest\bin\x64\Debug\VideoOS.Event.Server.UnitTest.dll" adapterTypeName="executor://mstestadapter/v2" className="VideoOS.Event.Server.WebService.Map.UnitTest.MapCommandTokenTest" name="GetPlugIns_WithValidParameters" />
    </UnitTest>
    <UnitTest name="TestRemoveElementsRemovingElementWithRelationsToIt" storage="d:\actions-runner\_work\xpco\xpco\eventserver\server\components\central\server\unittest\bin\x64\debug\videoos.event.server.unittest.dll" id="65dda2f7-0c63-1e1c-e70c-9c363c2c9b93">
      <Execution id="e322a6a2-309d-4a67-a199-ca6482454a01" />
      <TestMethod codeBase="D:\actions-runner\_work\XPCO\XPCO\EventServer\Server\Components\Central\Server\unittest\bin\x64\Debug\VideoOS.Event.Server.UnitTest.dll" adapterTypeName="executor://mstestadapter/v2" className="VideoOS.Event.Server.Map.UnitTest.VisualElementManagerTest" name="TestRemoveElementsRemovingElementWithRelationsToIt" />
    </UnitTest>
    <UnitTest name="TestGetPlugInItemChangesWithChangesItems" storage="d:\actions-runner\_work\xpco\xpco\eventserver\server\components\central\server\unittest\bin\x64\debug\videoos.event.server.unittest.dll" id="70904c01-783a-cf27-535e-fd5a6738edd4">
      <TestCategory>
        <TestCategoryItem TestCategory="MapPlugInManagerTest" />
      </TestCategory>
      <Execution id="78f7526a-4718-4506-b1ce-0c74ec6b6cc0" />
      <TestMethod codeBase="D:\actions-runner\_work\XPCO\XPCO\EventServer\Server\Components\Central\Server\unittest\bin\x64\Debug\VideoOS.Event.Server.UnitTest.dll" adapterTypeName="executor://mstestadapter/v2" className="VideoOS.Event.Server.MIP.PlugIn.UnitTest.MapPlugInManagerTest" name="TestGetPlugInItemChangesWithChangesItems" />
    </UnitTest>
    <UnitTest name="TestConstructorWithParameters" storage="d:\actions-runner\_work\xpco\xpco\eventserver\server\components\central\server\unittest\bin\x64\debug\videoos.event.server.unittest.dll" id="bbf1a571-0e55-45a8-1f93-f58c2db0dbae">
      <Execution id="b5eefc0e-304c-47c1-9169-7b145b72b363" />
      <TestMethod codeBase="D:\actions-runner\_work\XPCO\XPCO\EventServer\Server\Components\Central\Server\unittest\bin\x64\Debug\VideoOS.Event.Server.UnitTest.dll" adapterTypeName="executor://mstestadapter/v2" className="VideoOS.Event.Server.UserValidation.Data.UnitTest.UserIDTest" name="TestConstructorWithParameters" />
    </UnitTest>
    <UnitTest name="TestUserIDTypeConvertFromConstant" storage="d:\actions-runner\_work\xpco\xpco\eventserver\server\components\central\server\unittest\bin\x64\debug\videoos.event.server.unittest.dll" id="2d8314f9-b762-640e-1727-efd841637061">
      <Execution id="07aac489-37c6-4e12-bda1-c5e9e0ee9d0e" />
      <TestMethod codeBase="D:\actions-runner\_work\XPCO\XPCO\EventServer\Server\Components\Central\Server\unittest\bin\x64\Debug\VideoOS.Event.Server.UnitTest.dll" adapterTypeName="executor://mstestadapter/v2" className="VideoOS.Event.Server.UserValidation.Data.UnitTest.UserIDTypeTest" name="TestUserIDTypeConvertFromConstant" />
    </UnitTest>
    <UnitTest name="TestGetServiceInfo" storage="d:\actions-runner\_work\xpco\xpco\eventserver\server\components\central\server\unittest\bin\x64\debug\videoos.event.server.unittest.dll" id="6659ef55-df01-6033-873e-1d49a2e3e8df">
      <Execution id="8ca7f51d-24f0-492c-9d1f-d22517bf2af6" />
      <TestMethod codeBase="D:\actions-runner\_work\XPCO\XPCO\EventServer\Server\Components\Central\Server\unittest\bin\x64\Debug\VideoOS.Event.Server.UnitTest.dll" adapterTypeName="executor://mstestadapter/v2" className="VideoOS.Event.Server.Communication.UnitTest.ServerRegisteredServicesTest" name="TestGetServiceInfo" />
    </UnitTest>
    <UnitTest name="TestNewObjectWithVisualElementStorageDatabase" storage="d:\actions-runner\_work\xpco\xpco\eventserver\server\components\central\server\unittest\bin\x64\debug\videoos.event.server.unittest.dll" id="37096f25-4fdb-0672-8789-a379629f4a28">
      <Execution id="80fdbd75-b4bb-4cc2-bc38-d264a5463511" />
      <TestMethod codeBase="D:\actions-runner\_work\XPCO\XPCO\EventServer\Server\Components\Central\Server\unittest\bin\x64\Debug\VideoOS.Event.Server.UnitTest.dll" adapterTypeName="executor://mstestadapter/v2" className="VideoOS.Event.Server.Map.Data.UnitTest.VisualElementStorageFactoryTest" name="TestNewObjectWithVisualElementStorageDatabase" />
    </UnitTest>
    <UnitTest name="TestGetAllElementsOfTypeIncludeRootOnSingleTreeWithDeletedElement" storage="d:\actions-runner\_work\xpco\xpco\eventserver\server\components\central\server\unittest\bin\x64\debug\videoos.event.server.unittest.dll" id="6e3b7265-e6a8-b513-1aba-7f283cb0a057">
      <Execution id="8e6798d9-0135-431a-8bc5-28be0d475c9c" />
      <TestMethod codeBase="D:\actions-runner\_work\XPCO\XPCO\EventServer\Server\Components\Central\Server\unittest\bin\x64\Debug\VideoOS.Event.Server.UnitTest.dll" adapterTypeName="executor://mstestadapter/v2" className="VideoOS.Event.Server.Map.UnitTest.VisualElementManagerTest" name="TestGetAllElementsOfTypeIncludeRootOnSingleTreeWithDeletedElement" />
    </UnitTest>
    <UnitTest name="TestGetXmlWithProperData" storage="d:\actions-runner\_work\xpco\xpco\eventserver\server\components\central\server\unittest\bin\x64\debug\videoos.event.server.unittest.dll" id="b3ee9dac-379a-d43b-40bf-73709cb2d39a">
      <Execution id="b0f8a02a-dcdd-4537-86c4-3105fcda19d6" />
      <TestMethod codeBase="D:\actions-runner\_work\XPCO\XPCO\EventServer\Server\Components\Central\Server\unittest\bin\x64\Debug\VideoOS.Event.Server.UnitTest.dll" adapterTypeName="executor://mstestadapter/v2" className="VideoOS.Event.Server.Map.UnitTest.VisualElementStatusCalculatorTest" name="TestGetXmlWithProperData" />
    </UnitTest>
    <UnitTest name="TestDeleteObjectThrowingUnhandledException" storage="d:\actions-runner\_work\xpco\xpco\eventserver\server\components\central\server\unittest\bin\x64\debug\videoos.event.server.unittest.dll" id="cd32f402-6715-2c02-18cf-543bf6ea6e44">
      <TestCategory>
        <TestCategoryItem TestCategory="WebService/Map" />
      </TestCategory>
      <Execution id="58710899-0748-4b86-a2ce-835cd0dd74aa" />
      <TestMethod codeBase="D:\actions-runner\_work\XPCO\XPCO\EventServer\Server\Components\Central\Server\unittest\bin\x64\Debug\VideoOS.Event.Server.UnitTest.dll" adapterTypeName="executor://mstestadapter/v2" className="VideoOS.Event.Server.WebService.Map.UnitTest.MapCommandCredentialsTest" name="TestDeleteObjectThrowingUnhandledException" />
    </UnitTest>
    <UnitTest name="TestLoadConfigurationWithValidIdButWithoutOwnerAndRelationId" storage="d:\actions-runner\_work\xpco\xpco\eventserver\server\components\central\server\unittest\bin\x64\debug\videoos.event.server.unittest.dll" id="7e9547ef-92c4-9617-9854-4de06867f1d7">
      <Execution id="4552c908-916c-4588-8d09-ca4aa854cb4e" />
      <TestMethod codeBase="D:\actions-runner\_work\XPCO\XPCO\EventServer\Server\Components\Central\Server\unittest\bin\x64\Debug\VideoOS.Event.Server.UnitTest.dll" adapterTypeName="executor://mstestadapter/v2" className="VideoOS.Event.Server.Map.UnitTest.VisualElementStorageDatabaseTest" name="TestLoadConfigurationWithValidIdButWithoutOwnerAndRelationId" />
    </UnitTest>
    <UnitTest name="TestNewObject" storage="d:\actions-runner\_work\xpco\xpco\eventserver\server\components\central\server\unittest\bin\x64\debug\videoos.event.server.unittest.dll" id="ebf4eff3-a333-059c-7b06-0487cc0ae1fb">
      <Execution id="be0bd3c5-3794-4794-be70-c58b45675f41" />
      <TestMethod codeBase="D:\actions-runner\_work\XPCO\XPCO\EventServer\Server\Components\Central\Server\unittest\bin\x64\Debug\VideoOS.Event.Server.UnitTest.dll" adapterTypeName="executor://mstestadapter/v2" className="VideoOS.Event.Server.Map.Data.UnitTest.AccessListStorageFactoryTest" name="TestNewObject" />
    </UnitTest>
    <UnitTest name="WhenAlarmSearchCriteriaWithCorrectDataThenCorrectString" storage="d:\actions-runner\_work\xpco\xpco\eventserver\server\components\central\server\unittest\bin\x64\debug\videoos.event.server.unittest.dll" id="90008695-e423-465b-074d-2c2b187c520d">
      <Execution id="147c117f-0beb-4ae8-b294-8186f4533c10" />
      <TestMethod codeBase="D:\actions-runner\_work\XPCO\XPCO\EventServer\Server\Components\Central\Server\unittest\bin\x64\Debug\VideoOS.Event.Server.UnitTest.dll" adapterTypeName="executor://mstestadapter/v2" className="VideoOS.Event.Server.UnitTest.WebService.Alarm.TimeLapseSearchConditionProviderTest" name="WhenAlarmSearchCriteriaWithCorrectDataThenCorrectString" />
    </UnitTest>
    <UnitTest name="TestObjectTypesGuid" storage="d:\actions-runner\_work\xpco\xpco\eventserver\server\components\central\server\unittest\bin\x64\debug\videoos.event.server.unittest.dll" id="408c5984-2662-7b6b-ccb1-f1fe51f4357c">
      <Execution id="f4d6ea78-cf5a-411a-8b66-d33f354f8299" />
      <TestMethod codeBase="D:\actions-runner\_work\XPCO\XPCO\EventServer\Server\Components\Central\Server\unittest\bin\x64\Debug\VideoOS.Event.Server.UnitTest.dll" adapterTypeName="executor://mstestadapter/v2" className="VideoOS.Event.Server.Map.Data.UnitTest.VisualElementObjectTypesTest" name="TestObjectTypesGuid" />
    </UnitTest>
    <UnitTest name="TestCopyConstructor" storage="d:\actions-runner\_work\xpco\xpco\eventserver\server\components\central\server\unittest\bin\x64\debug\videoos.event.server.unittest.dll" id="b1fa9f6b-c8c9-1cc6-ecfe-6037d381d3e9">
      <Execution id="662f3baa-3ba7-492c-b12a-f546ec545dc2" />
      <TestMethod codeBase="D:\actions-runner\_work\XPCO\XPCO\EventServer\Server\Components\Central\Server\unittest\bin\x64\Debug\VideoOS.Event.Server.UnitTest.dll" adapterTypeName="executor://mstestadapter/v2" className="VideoOS.Event.Server.Map.Data.UnitTest.StatusElementMapPlugInTest" name="TestCopyConstructor" />
    </UnitTest>
    <UnitTest name="TestRemoveElementUpdateOwnerChildTimestamp" storage="d:\actions-runner\_work\xpco\xpco\eventserver\server\components\central\server\unittest\bin\x64\debug\videoos.event.server.unittest.dll" id="379961ee-b69a-35fe-40d3-0fa947c48330">
      <Execution id="c09fa3a7-a0ca-460b-9147-e8e9717040be" />
      <TestMethod codeBase="D:\actions-runner\_work\XPCO\XPCO\EventServer\Server\Components\Central\Server\unittest\bin\x64\Debug\VideoOS.Event.Server.UnitTest.dll" adapterTypeName="executor://mstestadapter/v2" className="VideoOS.Event.Server.Map.UnitTest.VisualElementManagerTest" name="TestRemoveElementUpdateOwnerChildTimestamp" />
    </UnitTest>
    <UnitTest name="WhenAlarmSearchCriteriaWithWrongFieldNamesThenException" storage="d:\actions-runner\_work\xpco\xpco\eventserver\server\components\central\server\unittest\bin\x64\debug\videoos.event.server.unittest.dll" id="4a962b51-b5ad-c9d4-5685-525bd4e41b90">
      <Execution id="32273959-9e58-488a-9328-5125184da160" />
      <TestMethod codeBase="D:\actions-runner\_work\XPCO\XPCO\EventServer\Server\Components\Central\Server\unittest\bin\x64\Debug\VideoOS.Event.Server.UnitTest.dll" adapterTypeName="executor://mstestadapter/v2" className="VideoOS.Event.Server.UnitTest.WebService.Alarm.TimeLapseSearchConditionProviderTest" name="WhenAlarmSearchCriteriaWithWrongFieldNamesThenException" />
    </UnitTest>
    <UnitTest name="TestGetPlugInsWithInvalidUser" storage="d:\actions-runner\_work\xpco\xpco\eventserver\server\components\central\server\unittest\bin\x64\debug\videoos.event.server.unittest.dll" id="91195293-ab8a-281f-05fd-7e561f26c70e">
      <TestCategory>
        <TestCategoryItem TestCategory="WebService/Map" />
      </TestCategory>
      <Execution id="bd1f5469-e6d7-4c41-a761-ab47f8168969" />
      <TestMethod codeBase="D:\actions-runner\_work\XPCO\XPCO\EventServer\Server\Components\Central\Server\unittest\bin\x64\Debug\VideoOS.Event.Server.UnitTest.dll" adapterTypeName="executor://mstestadapter/v2" className="VideoOS.Event.Server.WebService.Map.UnitTest.MapCommandToken2Test" name="TestGetPlugInsWithInvalidUser" />
    </UnitTest>
    <UnitTest name="TestConstructorWithNullData" storage="d:\actions-runner\_work\xpco\xpco\eventserver\server\components\central\server\unittest\bin\x64\debug\videoos.event.server.unittest.dll" id="9bb0e229-48e7-341c-ee58-a20a471abd3a">
      <Execution id="3efd16a9-4778-41b1-ad53-54dc0028326a" />
      <TestMethod codeBase="D:\actions-runner\_work\XPCO\XPCO\EventServer\Server\Components\Central\Server\unittest\bin\x64\Debug\VideoOS.Event.Server.UnitTest.dll" adapterTypeName="executor://mstestadapter/v2" className="VideoOS.Event.Server.MIP.PlugIn.UnitTest.MapPlugInInternalIconTest" name="TestConstructorWithNullData" />
    </UnitTest>
    <UnitTest name="TestGetStatusForAllObjectsOfTypeWithInvalidUser" storage="d:\actions-runner\_work\xpco\xpco\eventserver\server\components\central\server\unittest\bin\x64\debug\videoos.event.server.unittest.dll" id="2624c65e-dca6-66ef-54f0-35e68f401166">
      <Execution id="45833bf5-f1a6-4a64-bb5b-571c5c38c3a2" />
      <TestMethod codeBase="D:\actions-runner\_work\XPCO\XPCO\EventServer\Server\Components\Central\Server\unittest\bin\x64\Debug\VideoOS.Event.Server.UnitTest.dll" adapterTypeName="executor://mstestadapter/v2" className="VideoOS.Event.Server.WebService.Status.UnitTest.StatusCommandTokenTest" name="TestGetStatusForAllObjectsOfTypeWithInvalidUser" />
    </UnitTest>
    <UnitTest name="ShouldSave_ShouldBeTrue_IfAccessControlRetentionHasBeenUpdated" storage="d:\actions-runner\_work\xpco\xpco\eventserver\server\components\central\server\unittest\bin\x64\debug\videoos.event.server.unittest.dll" id="4d767f69-14db-faeb-9548-4009b01122ee">
      <Execution id="a18ee940-39d5-4562-90a3-ea782a4439a9" />
      <TestMethod codeBase="D:\actions-runner\_work\XPCO\XPCO\EventServer\Server\Components\Central\Server\unittest\bin\x64\Debug\VideoOS.Event.Server.UnitTest.dll" adapterTypeName="executor://mstestadapter/v2" className="VideoOS.Event.Server.UnitTest.Config.EventRetentionConfigTests" name="ShouldSave_ShouldBeTrue_IfAccessControlRetentionHasBeenUpdated" />
    </UnitTest>
    <UnitTest name="TestGetException" storage="d:\actions-runner\_work\xpco\xpco\eventserver\server\components\central\server\unittest\bin\x64\debug\videoos.event.server.unittest.dll" id="652d6245-b2bc-1bf1-9e71-8d0b01061274">
      <Execution id="0b57d776-a042-4468-ab84-02e2b52ca36b" />
      <TestMethod codeBase="D:\actions-runner\_work\XPCO\XPCO\EventServer\Server\Components\Central\Server\unittest\bin\x64\Debug\VideoOS.Event.Server.UnitTest.dll" adapterTypeName="executor://mstestadapter/v2" className="VideoOS.Event.Server.WebService.Alarm.UnitTest.AlarmCommandTokenTest" name="TestGetException" />
    </UnitTest>
    <UnitTest name="WebServiceTest_CreateServiceThrottlingBehavior" storage="d:\actions-runner\_work\xpco\xpco\eventserver\server\components\central\server\unittest\bin\x64\debug\videoos.event.server.unittest.dll" id="11e78819-fe5c-ec19-1720-48ee202cc5c0">
      <Execution id="284adf7b-88fb-4252-a1f9-6d1a8aebadc2" />
      <TestMethod codeBase="D:\actions-runner\_work\XPCO\XPCO\EventServer\Server\Components\Central\Server\unittest\bin\x64\Debug\VideoOS.Event.Server.UnitTest.dll" adapterTypeName="executor://mstestadapter/v2" className="VideoOS.Event.Server.UnitTest.WebService.WebServiceTest" name="WebServiceTest_CreateServiceThrottlingBehavior" />
    </UnitTest>
    <UnitTest name="TestConstructor" storage="d:\actions-runner\_work\xpco\xpco\eventserver\server\components\central\server\unittest\bin\x64\debug\videoos.event.server.unittest.dll" id="694f9361-5199-cee3-97fa-4b7874384fa3">
      <Execution id="52c41b9f-6f48-438d-aa92-9439e740823e" />
      <TestMethod codeBase="D:\actions-runner\_work\XPCO\XPCO\EventServer\Server\Components\Central\Server\unittest\bin\x64\Debug\VideoOS.Event.Server.UnitTest.dll" adapterTypeName="executor://mstestadapter/v2" className="VideoOS.Event.Server.WebService.Status.UnitTest.StatusCommandCredentialsTest" name="TestConstructor" />
    </UnitTest>
    <UnitTest name="TestRemoveServiceInfo" storage="d:\actions-runner\_work\xpco\xpco\eventserver\server\components\central\server\unittest\bin\x64\debug\videoos.event.server.unittest.dll" id="96614fe9-4e7b-8f5d-57fe-1fbd10350bae">
      <Execution id="dd68c48b-a7cc-42d6-a061-48ef7a631de6" />
      <TestMethod codeBase="D:\actions-runner\_work\XPCO\XPCO\EventServer\Server\Components\Central\Server\unittest\bin\x64\Debug\VideoOS.Event.Server.UnitTest.dll" adapterTypeName="executor://mstestadapter/v2" className="VideoOS.Event.Server.Communication.UnitTest.ServerRegisteredServicesTest" name="TestRemoveServiceInfo" />
    </UnitTest>
    <UnitTest name="TestInsertElementsWithInvalidId" storage="d:\actions-runner\_work\xpco\xpco\eventserver\server\components\central\server\unittest\bin\x64\debug\videoos.event.server.unittest.dll" id="b8edc3ef-b429-906b-f809-265185fb5189">
      <Execution id="6560d143-e937-45a2-a3cd-02cdfd7e9ef0" />
      <TestMethod codeBase="D:\actions-runner\_work\XPCO\XPCO\EventServer\Server\Components\Central\Server\unittest\bin\x64\Debug\VideoOS.Event.Server.UnitTest.dll" adapterTypeName="executor://mstestadapter/v2" className="VideoOS.Event.Server.Map.UnitTest.VisualElementManagerTest" name="TestInsertElementsWithInvalidId" />
    </UnitTest>
    <UnitTest name="TestGetAllElements" storage="d:\actions-runner\_work\xpco\xpco\eventserver\server\components\central\server\unittest\bin\x64\debug\videoos.event.server.unittest.dll" id="ac5310d6-6d6d-adaf-b5c0-386e110e2f4b">
      <Execution id="e6e45a7c-be4f-49f4-8498-546a845105c8" />
      <TestMethod codeBase="D:\actions-runner\_work\XPCO\XPCO\EventServer\Server\Components\Central\Server\unittest\bin\x64\Debug\VideoOS.Event.Server.UnitTest.dll" adapterTypeName="executor://mstestadapter/v2" className="VideoOS.Event.Server.Map.UnitTest.VisualElementManagerTest" name="TestGetAllElements" />
    </UnitTest>
    <UnitTest name="TestUpdateDisplayNotAuthenticated" storage="d:\actions-runner\_work\xpco\xpco\eventserver\server\components\central\server\unittest\bin\x64\debug\videoos.event.server.unittest.dll" id="29dacb0e-cd52-5215-c609-685fea82ec57">
      <TestCategory>
        <TestCategoryItem TestCategory="WebService/Map" />
      </TestCategory>
      <Execution id="c6f14f38-fc31-4810-99f0-9769a5a12e85" />
      <TestMethod codeBase="D:\actions-runner\_work\XPCO\XPCO\EventServer\Server\Components\Central\Server\unittest\bin\x64\Debug\VideoOS.Event.Server.UnitTest.dll" adapterTypeName="executor://mstestadapter/v2" className="VideoOS.Event.Server.WebService.Map.UnitTest.MapCommandCredentialsTest" name="TestUpdateDisplayNotAuthenticated" />
    </UnitTest>
    <UnitTest name="TestGetTypeChangedWithNegativeTimeout" storage="d:\actions-runner\_work\xpco\xpco\eventserver\server\components\central\server\unittest\bin\x64\debug\videoos.event.server.unittest.dll" id="ff57e55b-1854-c5e0-0fcd-8d0b4d8c7f8b">
      <TestCategory>
        <TestCategoryItem TestCategory="WebService/Map" />
      </TestCategory>
      <Execution id="ea9949a0-3828-4afc-a8de-3e1ef587a102" />
      <TestMethod codeBase="D:\actions-runner\_work\XPCO\XPCO\EventServer\Server\Components\Central\Server\unittest\bin\x64\Debug\VideoOS.Event.Server.UnitTest.dll" adapterTypeName="executor://mstestadapter/v2" className="VideoOS.Event.Server.WebService.Map.UnitTest.MapCommandTokenTest" name="TestGetTypeChangedWithNegativeTimeout" />
    </UnitTest>
    <UnitTest name="Handle_ShouldNotFlattenValuesBasedOnPriorityIntAndValue_WhenPriorityIntIsInvalid" storage="d:\actions-runner\_work\xpco\xpco\eventserver\server\components\central\server\unittest\bin\x64\debug\videoos.event.server.unittest.dll" id="b2ac219e-5cb0-8f80-80a6-44848b06f4ff">
      <Execution id="0cd7ed06-1346-4a93-a830-e95cc9293d39" />
      <TestMethod codeBase="D:\actions-runner\_work\XPCO\XPCO\EventServer\Server\Components\Central\Server\unittest\bin\x64\Debug\VideoOS.Event.Server.UnitTest.dll" adapterTypeName="executor://mstestadapter/v2" className="VideoOS.Event.Server.UnitTest.Alarm.Processors.UpdateAlarms.UpdateAlarmCompositeValueHandlerTests" name="Handle_ShouldNotFlattenValuesBasedOnPriorityIntAndValue_WhenPriorityIntIsInvalid" />
    </UnitTest>
    <UnitTest name="TestCleanupObsoleteAuthorization" storage="d:\actions-runner\_work\xpco\xpco\eventserver\server\components\central\server\unittest\bin\x64\debug\videoos.event.server.unittest.dll" id="090f2140-4bc4-30bd-174c-4e33819d9496">
      <TestCategory>
        <TestCategoryItem TestCategory="ActionAuthorizationCache" />
      </TestCategory>
      <Execution id="00d5e5b4-3323-40aa-a27e-09f72ed9421f" />
      <TestMethod codeBase="D:\actions-runner\_work\XPCO\XPCO\EventServer\Server\Components\Central\Server\unittest\bin\x64\Debug\VideoOS.Event.Server.UnitTest.dll" adapterTypeName="executor://mstestadapter/v2" className="VideoOS.Event.Server.UnitTest.Security.ActionAuthorizationCacheTest" name="TestCleanupObsoleteAuthorization" />
    </UnitTest>
    <UnitTest name="TestUpdateObjectsThrowingUnhandledException" storage="d:\actions-runner\_work\xpco\xpco\eventserver\server\components\central\server\unittest\bin\x64\debug\videoos.event.server.unittest.dll" id="92de626a-e1fe-77de-7215-859b49c72475">
      <TestCategory>
        <TestCategoryItem TestCategory="WebService/Map" />
      </TestCategory>
      <Execution id="e410e76c-cd54-419e-b53c-59c6f51d0d48" />
      <TestMethod codeBase="D:\actions-runner\_work\XPCO\XPCO\EventServer\Server\Components\Central\Server\unittest\bin\x64\Debug\VideoOS.Event.Server.UnitTest.dll" adapterTypeName="executor://mstestadapter/v2" className="VideoOS.Event.Server.WebService.Map.UnitTest.MapCommandCredentialsTest" name="TestUpdateObjectsThrowingUnhandledException" />
    </UnitTest>
    <UnitTest name="TestUpdateBoundsThrowingUnhandledException" storage="d:\actions-runner\_work\xpco\xpco\eventserver\server\components\central\server\unittest\bin\x64\debug\videoos.event.server.unittest.dll" id="2f9145a7-6311-f617-6ef6-69440c4a4162">
      <TestCategory>
        <TestCategoryItem TestCategory="WebService/Map" />
      </TestCategory>
      <Execution id="39173e72-9ca4-43f5-92c4-64d764be104c" />
      <TestMethod codeBase="D:\actions-runner\_work\XPCO\XPCO\EventServer\Server\Components\Central\Server\unittest\bin\x64\Debug\VideoOS.Event.Server.UnitTest.dll" adapterTypeName="executor://mstestadapter/v2" className="VideoOS.Event.Server.WebService.Map.UnitTest.MapCommandTokenTest" name="TestUpdateBoundsThrowingUnhandledException" />
    </UnitTest>
    <UnitTest name="TestUpdateAlarm" storage="d:\actions-runner\_work\xpco\xpco\eventserver\server\components\central\server\unittest\bin\x64\debug\videoos.event.server.unittest.dll" id="b065fdf1-2acb-9512-67e3-88357cc1f7bd">
      <Execution id="7032a1a4-a937-461e-ad04-5ee60b54ed4d" />
      <TestMethod codeBase="D:\actions-runner\_work\XPCO\XPCO\EventServer\Server\Components\Central\Server\unittest\bin\x64\Debug\VideoOS.Event.Server.UnitTest.dll" adapterTypeName="executor://mstestadapter/v2" className="VideoOS.Event.Server.WebService.Alarm.UnitTest.AlarmCommandTokenTest" name="TestUpdateAlarm" />
    </UnitTest>
    <UnitTest name="TestGetAllObjectIDsOnVisualElementNotAuthenticated" storage="d:\actions-runner\_work\xpco\xpco\eventserver\server\components\central\server\unittest\bin\x64\debug\videoos.event.server.unittest.dll" id="301dfd48-e8c9-1161-41f4-866afd5c0510">
      <TestCategory>
        <TestCategoryItem TestCategory="WebService/Map" />
      </TestCategory>
      <Execution id="e219b45d-af6d-4681-80a0-55af15c16e9b" />
      <TestMethod codeBase="D:\actions-runner\_work\XPCO\XPCO\EventServer\Server\Components\Central\Server\unittest\bin\x64\Debug\VideoOS.Event.Server.UnitTest.dll" adapterTypeName="executor://mstestadapter/v2" className="VideoOS.Event.Server.WebService.Map.UnitTest.MapCommandCredentialsTest" name="TestGetAllObjectIDsOnVisualElementNotAuthenticated" />
    </UnitTest>
    <UnitTest name="TestLoadXMLWithNoInnerText" storage="d:\actions-runner\_work\xpco\xpco\eventserver\server\components\central\server\unittest\bin\x64\debug\videoos.event.server.unittest.dll" id="4f0b0b92-ffc0-76b0-f803-1fc7c635617d">
      <Execution id="2de6c604-0113-4f6f-8695-6fce49ca93fc" />
      <TestMethod codeBase="D:\actions-runner\_work\XPCO\XPCO\EventServer\Server\Components\Central\Server\unittest\bin\x64\Debug\VideoOS.Event.Server.UnitTest.dll" adapterTypeName="executor://mstestadapter/v2" className="VideoOS.Event.Server.Map.Data.UnitTest.BoundsStorageTest" name="TestLoadXMLWithNoInnerText" />
    </UnitTest>
    <UnitTest name="TestGetObjectThrowingUnhandledException" storage="d:\actions-runner\_work\xpco\xpco\eventserver\server\components\central\server\unittest\bin\x64\debug\videoos.event.server.unittest.dll" id="ffee91ef-540c-aa73-1baf-ddf78484f21e">
      <TestCategory>
        <TestCategoryItem TestCategory="WebService/Map" />
      </TestCategory>
      <Execution id="9d0a11c6-1212-4df7-b053-c0f7f1d98e5b" />
      <TestMethod codeBase="D:\actions-runner\_work\XPCO\XPCO\EventServer\Server\Components\Central\Server\unittest\bin\x64\Debug\VideoOS.Event.Server.UnitTest.dll" adapterTypeName="executor://mstestadapter/v2" className="VideoOS.Event.Server.WebService.Map.UnitTest.MapCommandTokenTest" name="TestGetObjectThrowingUnhandledException" />
    </UnitTest>
    <UnitTest name="TryGetEventGroupRetention_ShouldReturnTrueAndOutputExpirationTime_WhenEventGroupExists" storage="d:\actions-runner\_work\xpco\xpco\eventserver\server\components\central\server\unittest\bin\x64\debug\videoos.event.server.unittest.dll" id="111b0480-95b0-23ba-c017-41ef618587ea">
      <Execution id="8a9469db-d63f-431e-9976-9599d3405950" />
      <TestMethod codeBase="D:\actions-runner\_work\XPCO\XPCO\EventServer\Server\Components\Central\Server\unittest\bin\x64\Debug\VideoOS.Event.Server.UnitTest.dll" adapterTypeName="executor://mstestadapter/v2" className="VideoOS.Event.Server.UnitTest.Config.EventRetentionConfigTests" name="TryGetEventGroupRetention_ShouldReturnTrueAndOutputExpirationTime_WhenEventGroupExists" />
    </UnitTest>
    <UnitTest name="TestNotAddingLargeItems" storage="d:\actions-runner\_work\xpco\xpco\eventserver\server\components\central\server\unittest\bin\x64\debug\videoos.event.server.unittest.dll" id="66a04374-2e65-19d2-5d8a-f98f17197487">
      <TestCategory>
        <TestCategoryItem TestCategory="DatabaseConfigurableDataCache" />
      </TestCategory>
      <Execution id="05b4da08-1c26-45ae-a469-192eb92f58ef" />
      <TestMethod codeBase="D:\actions-runner\_work\XPCO\XPCO\EventServer\Server\Components\Central\Server\unittest\bin\x64\Debug\VideoOS.Event.Server.UnitTest.dll" adapterTypeName="executor://mstestadapter/v2" className="VideoOS.EventServer.Config.UnitTest.DatabaseConfigurableDataCacheTest" name="TestNotAddingLargeItems" />
    </UnitTest>
    <UnitTest name="WhenAlarmSearchCriteriaWithNoValuesThenEmptyString" storage="d:\actions-runner\_work\xpco\xpco\eventserver\server\components\central\server\unittest\bin\x64\debug\videoos.event.server.unittest.dll" id="1a12a332-e73f-ef96-40a4-64a398ff0092">
      <Execution id="8c1f9966-d935-4d2c-ac18-627f40a06547" />
      <TestMethod codeBase="D:\actions-runner\_work\XPCO\XPCO\EventServer\Server\Components\Central\Server\unittest\bin\x64\Debug\VideoOS.Event.Server.UnitTest.dll" adapterTypeName="executor://mstestadapter/v2" className="VideoOS.Event.Server.UnitTest.WebService.Alarm.NameAndNumberSearchConditionProviderTest" name="WhenAlarmSearchCriteriaWithNoValuesThenEmptyString" />
    </UnitTest>
    <UnitTest name="GetStatus_WithValidParameters" storage="d:\actions-runner\_work\xpco\xpco\eventserver\server\components\central\server\unittest\bin\x64\debug\videoos.event.server.unittest.dll" id="0b849fea-c75b-8fe2-9812-434f956f0ad6">
      <TestCategory>
        <TestCategoryItem TestCategory="WebService" />
      </TestCategory>
      <Execution id="1ca1a7c2-2004-4044-8cf5-61a6f55f8b05" />
      <TestMethod codeBase="D:\actions-runner\_work\XPCO\XPCO\EventServer\Server\Components\Central\Server\unittest\bin\x64\Debug\VideoOS.Event.Server.UnitTest.dll" adapterTypeName="executor://mstestadapter/v2" className="VideoOS.Event.Server.WebService.InterCommunication.UnitTest.InterCommunicationCommandTest" name="GetStatus_WithValidParameters" />
    </UnitTest>
    <UnitTest name="TestGetAllElementsOfTypeLimitedLevels" storage="d:\actions-runner\_work\xpco\xpco\eventserver\server\components\central\server\unittest\bin\x64\debug\videoos.event.server.unittest.dll" id="0e3e3d76-0931-6ed2-f1ab-88f35b78ffad">
      <Execution id="42e12911-5929-4d7a-adab-d36b777595ce" />
      <TestMethod codeBase="D:\actions-runner\_work\XPCO\XPCO\EventServer\Server\Components\Central\Server\unittest\bin\x64\Debug\VideoOS.Event.Server.UnitTest.dll" adapterTypeName="executor://mstestadapter/v2" className="VideoOS.Event.Server.Map.UnitTest.VisualElementManagerTest" name="TestGetAllElementsOfTypeLimitedLevels" />
    </UnitTest>
    <UnitTest name="TestCacheCleanupSingleSessionSingleUserIdTouch" storage="d:\actions-runner\_work\xpco\xpco\eventserver\server\components\central\server\unittest\bin\x64\debug\videoos.event.server.unittest.dll" id="f9baa831-faa8-ccad-2531-d59c2b1e5b17">
      <TestCategory>
        <TestCategoryItem TestCategory="SessionCache" />
      </TestCategory>
      <Execution id="e34907aa-c5b3-4bb9-85d2-550ad218d9ff" />
      <TestMethod codeBase="D:\actions-runner\_work\XPCO\XPCO\EventServer\Server\Components\Central\Server\unittest\bin\x64\Debug\VideoOS.Event.Server.UnitTest.dll" adapterTypeName="executor://mstestadapter/v2" className="VideoOS.Event.Server.UnitTest.Session.SessionCacheCleanupTest" name="TestCacheCleanupSingleSessionSingleUserIdTouch" />
    </UnitTest>
    <UnitTest name="TestGetObjectsWithinGPSAreaThrowingUnhandledException" storage="d:\actions-runner\_work\xpco\xpco\eventserver\server\components\central\server\unittest\bin\x64\debug\videoos.event.server.unittest.dll" id="31169a73-2c6f-02f9-5556-8a2c0ee8e88a">
      <TestCategory>
        <TestCategoryItem TestCategory="WebService/Map" />
      </TestCategory>
      <Execution id="46a45c1e-c6a2-437d-b80a-0ce7be6f6e9c" />
      <TestMethod codeBase="D:\actions-runner\_work\XPCO\XPCO\EventServer\Server\Components\Central\Server\unittest\bin\x64\Debug\VideoOS.Event.Server.UnitTest.dll" adapterTypeName="executor://mstestadapter/v2" className="VideoOS.Event.Server.WebService.Map.UnitTest.MapCommandCredentialsTest" name="TestGetObjectsWithinGPSAreaThrowingUnhandledException" />
    </UnitTest>
    <UnitTest name="TestMultipleSessionsSingleUserIdAddedTwice" storage="d:\actions-runner\_work\xpco\xpco\eventserver\server\components\central\server\unittest\bin\x64\debug\videoos.event.server.unittest.dll" id="7bd86bb5-b4f3-456c-9451-1ba8747ecdfb">
      <TestCategory>
        <TestCategoryItem TestCategory="SessionCache" />
      </TestCategory>
      <Execution id="480d6b91-d7fa-4841-85ae-a4fd6131516b" />
      <TestMethod codeBase="D:\actions-runner\_work\XPCO\XPCO\EventServer\Server\Components\Central\Server\unittest\bin\x64\Debug\VideoOS.Event.Server.UnitTest.dll" adapterTypeName="executor://mstestadapter/v2" className="VideoOS.Event.Server.UnitTest.Session.SessionCacheTest" name="TestMultipleSessionsSingleUserIdAddedTwice" />
    </UnitTest>
    <UnitTest name="TestGetVisualizationChangesWithNullData" storage="d:\actions-runner\_work\xpco\xpco\eventserver\server\components\central\server\unittest\bin\x64\debug\videoos.event.server.unittest.dll" id="4dd5f838-e829-4027-c8a3-3812e45a9213">
      <Execution id="909e9816-d623-40c5-894d-fa821cff8e7b" />
      <TestMethod codeBase="D:\actions-runner\_work\XPCO\XPCO\EventServer\Server\Components\Central\Server\unittest\bin\x64\Debug\VideoOS.Event.Server.UnitTest.dll" adapterTypeName="executor://mstestadapter/v2" className="VideoOS.Event.Server.WebService.Status.UnitTest.StatusCommandTokenTest" name="TestGetVisualizationChangesWithNullData" />
    </UnitTest>
    <UnitTest name="CheckAccess_ShouldReturnPermission_WhenUserExistsInDb" storage="d:\actions-runner\_work\xpco\xpco\eventserver\server\components\central\server\unittest\bin\x64\debug\videoos.event.server.unittest.dll" id="f33a9716-9d3a-4753-b785-f9dda7da4e80">
      <Execution id="436949e4-b0ae-472c-a72f-a1105e33d690" />
      <TestMethod codeBase="D:\actions-runner\_work\XPCO\XPCO\EventServer\Server\Components\Central\Server\unittest\bin\x64\Debug\VideoOS.Event.Server.UnitTest.dll" adapterTypeName="executor://mstestadapter/v2" className="VideoOS.Event.Server.Security.UnitTest.SecurityCommunicationDBTest" name="CheckAccess_ShouldReturnPermission_WhenUserExistsInDb" />
    </UnitTest>
    <UnitTest name="TestActivateContextMenuAction" storage="d:\actions-runner\_work\xpco\xpco\eventserver\server\components\central\server\unittest\bin\x64\debug\videoos.event.server.unittest.dll" id="068ec4a5-0fee-3f40-7b8f-ff044af6ce33">
      <Execution id="75dab88d-166e-4132-9e6a-6500bee4dcb7" />
      <TestMethod codeBase="D:\actions-runner\_work\XPCO\XPCO\EventServer\Server\Components\Central\Server\unittest\bin\x64\Debug\VideoOS.Event.Server.UnitTest.dll" adapterTypeName="executor://mstestadapter/v2" className="VideoOS.Event.Server.MIP.PlugIn.UnitTest.MapPlugInTypeEventHandlerTest" name="TestActivateContextMenuAction" />
    </UnitTest>
    <UnitTest name="TestGetStatusTreeStructureWithCyclicRelation" storage="d:\actions-runner\_work\xpco\xpco\eventserver\server\components\central\server\unittest\bin\x64\debug\videoos.event.server.unittest.dll" id="a5d869a4-3fcb-7fd0-96f3-24b6f2ddb107">
      <Execution id="7f0346ad-5144-49ca-8a37-4ccb01892b05" />
      <TestMethod codeBase="D:\actions-runner\_work\XPCO\XPCO\EventServer\Server\Components\Central\Server\unittest\bin\x64\Debug\VideoOS.Event.Server.UnitTest.dll" adapterTypeName="executor://mstestadapter/v2" className="VideoOS.Event.Server.Map.UnitTest.VisualElementStatusCalculatorTest" name="TestGetStatusTreeStructureWithCyclicRelation" />
    </UnitTest>
    <UnitTest name="TestGetAlarmLinesInvalidToken" storage="d:\actions-runner\_work\xpco\xpco\eventserver\server\components\central\server\unittest\bin\x64\debug\videoos.event.server.unittest.dll" id="4ad32d2a-392c-75b6-9ee4-ad7026ad2f38">
      <Execution id="e0e61f1e-ac29-4754-8c43-c8dfd93a8117" />
      <TestMethod codeBase="D:\actions-runner\_work\XPCO\XPCO\EventServer\Server\Components\Central\Server\unittest\bin\x64\Debug\VideoOS.Event.Server.UnitTest.dll" adapterTypeName="executor://mstestadapter/v2" className="VideoOS.Event.Server.WebService.Alarm.UnitTest.AlarmCommandTokenTest" name="TestGetAlarmLinesInvalidToken" />
    </UnitTest>
    <UnitTest name="Handle_ShouldNotFlattenValuesBasedOnPriorityNameAndValue_WhenPriorityNameIsInvalid" storage="d:\actions-runner\_work\xpco\xpco\eventserver\server\components\central\server\unittest\bin\x64\debug\videoos.event.server.unittest.dll" id="60131f95-3126-ce3c-ffb5-ec094d16105b">
      <Execution id="989e32ec-b577-4b9e-a3c0-59acd51399bc" />
      <TestMethod codeBase="D:\actions-runner\_work\XPCO\XPCO\EventServer\Server\Components\Central\Server\unittest\bin\x64\Debug\VideoOS.Event.Server.UnitTest.dll" adapterTypeName="executor://mstestadapter/v2" className="VideoOS.Event.Server.UnitTest.Alarm.Processors.UpdateAlarms.UpdateAlarmCompositeValueHandlerTests" name="Handle_ShouldNotFlattenValuesBasedOnPriorityNameAndValue_WhenPriorityNameIsInvalid" />
    </UnitTest>
    <UnitTest name="TestGetIconDataWithValidParameters" storage="d:\actions-runner\_work\xpco\xpco\eventserver\server\components\central\server\unittest\bin\x64\debug\videoos.event.server.unittest.dll" id="ebce04db-882c-ceae-f4a7-61db1ab59332">
      <TestCategory>
        <TestCategoryItem TestCategory="WebService/Map" />
      </TestCategory>
      <Execution id="dbf1f9c4-fe84-4344-9386-c728570c8b58" />
      <TestMethod codeBase="D:\actions-runner\_work\XPCO\XPCO\EventServer\Server\Components\Central\Server\unittest\bin\x64\Debug\VideoOS.Event.Server.UnitTest.dll" adapterTypeName="executor://mstestadapter/v2" className="VideoOS.Event.Server.WebService.Map.UnitTest.MapCommandCredentialsTest" name="TestGetIconDataWithValidParameters" />
    </UnitTest>
    <UnitTest name="TestUpdateElementNameWithNonExistingId" storage="d:\actions-runner\_work\xpco\xpco\eventserver\server\components\central\server\unittest\bin\x64\debug\videoos.event.server.unittest.dll" id="a05284d8-4031-909e-c18c-d7c7aab786f5">
      <Execution id="9b77afec-816a-41a4-a671-c5619e62860a" />
      <TestMethod codeBase="D:\actions-runner\_work\XPCO\XPCO\EventServer\Server\Components\Central\Server\unittest\bin\x64\Debug\VideoOS.Event.Server.UnitTest.dll" adapterTypeName="executor://mstestadapter/v2" className="VideoOS.Event.Server.Map.UnitTest.VisualElementManagerTest" name="TestUpdateElementNameWithNonExistingId" />
    </UnitTest>
    <UnitTest name="TestInsertElementsWhereOneIdIsAllreadyUsedButDeleted" storage="d:\actions-runner\_work\xpco\xpco\eventserver\server\components\central\server\unittest\bin\x64\debug\videoos.event.server.unittest.dll" id="03fc8d35-4471-954f-a728-4400525b30ef">
      <Execution id="e1acf7a1-7939-445e-8ccb-6a5f32ceb059" />
      <TestMethod codeBase="D:\actions-runner\_work\XPCO\XPCO\EventServer\Server\Components\Central\Server\unittest\bin\x64\Debug\VideoOS.Event.Server.UnitTest.dll" adapterTypeName="executor://mstestadapter/v2" className="VideoOS.Event.Server.Map.UnitTest.VisualElementManagerTest" name="TestInsertElementsWhereOneIdIsAllreadyUsedButDeleted" />
    </UnitTest>
    <UnitTest name="TestLifecycle" storage="d:\actions-runner\_work\xpco\xpco\eventserver\server\components\central\server\unittest\bin\x64\debug\videoos.event.server.unittest.dll" id="4727b088-cd7e-6c13-545b-5272921d2e81">
      <Execution id="119e0b89-31e1-46ed-a790-fab64f651b0a" />
      <TestMethod codeBase="D:\actions-runner\_work\XPCO\XPCO\EventServer\Server\Components\Central\Server\unittest\bin\x64\Debug\VideoOS.Event.Server.UnitTest.dll" adapterTypeName="executor://mstestadapter/v2" className="VideoOS.Event.Server.UnitTest.AccessControl.AccessControlManagerTest" name="TestLifecycle" />
    </UnitTest>
    <UnitTest name="TestCacheCleanupMultipleSessionsMultipleUserIdsNoTouch" storage="d:\actions-runner\_work\xpco\xpco\eventserver\server\components\central\server\unittest\bin\x64\debug\videoos.event.server.unittest.dll" id="82112499-e461-a72c-94d6-1c690c567494">
      <TestCategory>
        <TestCategoryItem TestCategory="SessionCache" />
      </TestCategory>
      <Execution id="3ee20f63-ddee-4f88-a06f-e1abe5b46e0c" />
      <TestMethod codeBase="D:\actions-runner\_work\XPCO\XPCO\EventServer\Server\Components\Central\Server\unittest\bin\x64\Debug\VideoOS.Event.Server.UnitTest.dll" adapterTypeName="executor://mstestadapter/v2" className="VideoOS.Event.Server.UnitTest.Session.SessionCacheCleanupTest" name="TestCacheCleanupMultipleSessionsMultipleUserIdsNoTouch" />
    </UnitTest>
    <UnitTest name="TestGetNewAlarms" storage="d:\actions-runner\_work\xpco\xpco\eventserver\server\components\central\server\unittest\bin\x64\debug\videoos.event.server.unittest.dll" id="09333fb6-02c4-4782-382c-b2f2c7a30637">
      <Execution id="75e00771-cf8c-4b16-9594-8a40acee3313" />
      <TestMethod codeBase="D:\actions-runner\_work\XPCO\XPCO\EventServer\Server\Components\Central\Server\unittest\bin\x64\Debug\VideoOS.Event.Server.UnitTest.dll" adapterTypeName="executor://mstestadapter/v2" className="VideoOS.Event.Server.Map.Data.UnitTest.StatusElementTest" name="TestGetNewAlarms" />
    </UnitTest>
    <UnitTest name="TestUpdateElementBoundsWithOwnerElement" storage="d:\actions-runner\_work\xpco\xpco\eventserver\server\components\central\server\unittest\bin\x64\debug\videoos.event.server.unittest.dll" id="22c512ee-e1ec-d3b4-619b-8c4fac598876">
      <Execution id="9f778c5d-0e69-4825-a554-7f0b5625260e" />
      <TestMethod codeBase="D:\actions-runner\_work\XPCO\XPCO\EventServer\Server\Components\Central\Server\unittest\bin\x64\Debug\VideoOS.Event.Server.UnitTest.dll" adapterTypeName="executor://mstestadapter/v2" className="VideoOS.Event.Server.Map.UnitTest.VisualElementManagerTest" name="TestUpdateElementBoundsWithOwnerElement" />
    </UnitTest>
    <UnitTest name="ReloadPluginEventTypes_ShouldAddPluginEventTypes_WhenItemKindDoesNotExist" storage="d:\actions-runner\_work\xpco\xpco\eventserver\server\components\central\server\unittest\bin\x64\debug\videoos.event.server.unittest.dll" id="36d8e28b-ead9-631d-c956-91ee6e859e67">
      <Execution id="3164794c-8e93-4934-96e8-4e0edcb04e04" />
      <TestMethod codeBase="D:\actions-runner\_work\XPCO\XPCO\EventServer\Server\Components\Central\Server\unittest\bin\x64\Debug\VideoOS.Event.Server.UnitTest.dll" adapterTypeName="executor://mstestadapter/v2" className="VideoOS.Event.Server.UnitTest.Alarm.ConfigFilterManagerTests" name="ReloadPluginEventTypes_ShouldAddPluginEventTypes_WhenItemKindDoesNotExist" />
    </UnitTest>
    <UnitTest name="TestGetObjectThrowingUnhandledException" storage="d:\actions-runner\_work\xpco\xpco\eventserver\server\components\central\server\unittest\bin\x64\debug\videoos.event.server.unittest.dll" id="6172f02a-913a-1545-4284-9e6a65047ffb">
      <TestCategory>
        <TestCategoryItem TestCategory="WebService/Map" />
      </TestCategory>
      <Execution id="62cfdd58-675e-403f-acc9-b0e141578fd1" />
      <TestMethod codeBase="D:\actions-runner\_work\XPCO\XPCO\EventServer\Server\Components\Central\Server\unittest\bin\x64\Debug\VideoOS.Event.Server.UnitTest.dll" adapterTypeName="executor://mstestadapter/v2" className="VideoOS.Event.Server.WebService.Map.UnitTest.MapCommandToken2Test" name="TestGetObjectThrowingUnhandledException" />
    </UnitTest>
    <UnitTest name="TestDeleteObjectNotAuthenticated" storage="d:\actions-runner\_work\xpco\xpco\eventserver\server\components\central\server\unittest\bin\x64\debug\videoos.event.server.unittest.dll" id="a5cccd9d-254c-8f3f-f024-4cc20012dc97">
      <TestCategory>
        <TestCategoryItem TestCategory="WebService/Map" />
      </TestCategory>
      <Execution id="b6f0263e-a5cb-4013-b6e6-8a2d2ca425b9" />
      <TestMethod codeBase="D:\actions-runner\_work\XPCO\XPCO\EventServer\Server\Components\Central\Server\unittest\bin\x64\Debug\VideoOS.Event.Server.UnitTest.dll" adapterTypeName="executor://mstestadapter/v2" className="VideoOS.Event.Server.WebService.Map.UnitTest.MapCommandCredentialsTest" name="TestDeleteObjectNotAuthenticated" />
    </UnitTest>
    <UnitTest name="TestOneACSystemPLUnsupported" storage="d:\actions-runner\_work\xpco\xpco\eventserver\server\components\central\server\unittest\bin\x64\debug\videoos.event.server.unittest.dll" id="fae32176-7d58-c1c8-1250-0a12f87fc49d">
      <TestCategory>
        <TestCategoryItem TestCategory="AccessControlUserIdTransformer" />
      </TestCategory>
      <Execution id="8bee3b3a-8942-4f81-8e72-80bf1af83c78" />
      <TestMethod codeBase="D:\actions-runner\_work\XPCO\XPCO\EventServer\Server\Components\Central\Server\unittest\bin\x64\Debug\VideoOS.Event.Server.UnitTest.dll" adapterTypeName="executor://mstestadapter/v2" className="VideoOS.Event.Server.UnitTest.Session.AccessControlUserIdTransformerTest" name="TestOneACSystemPLUnsupported" />
    </UnitTest>
    <UnitTest name="TestDeleteObjectsWithInvalidUser" storage="d:\actions-runner\_work\xpco\xpco\eventserver\server\components\central\server\unittest\bin\x64\debug\videoos.event.server.unittest.dll" id="fafe1e8b-9920-8e35-4aa7-745a0e0735b3">
      <TestCategory>
        <TestCategoryItem TestCategory="WebService/Map" />
      </TestCategory>
      <Execution id="7a12efab-a266-45e2-8a74-aee993e4d6c9" />
      <TestMethod codeBase="D:\actions-runner\_work\XPCO\XPCO\EventServer\Server\Components\Central\Server\unittest\bin\x64\Debug\VideoOS.Event.Server.UnitTest.dll" adapterTypeName="executor://mstestadapter/v2" className="VideoOS.Event.Server.WebService.Map.UnitTest.MapCommandTokenTest" name="TestDeleteObjectsWithInvalidUser" />
    </UnitTest>
    <UnitTest name="TestSaveConfigurationWithNoElements" storage="d:\actions-runner\_work\xpco\xpco\eventserver\server\components\central\server\unittest\bin\x64\debug\videoos.event.server.unittest.dll" id="4cf9dbcf-57e4-1d7c-8f5e-9937c35779e4">
      <Execution id="cc6ce356-206d-4a7e-b51f-b8b96acb1048" />
      <TestMethod codeBase="D:\actions-runner\_work\XPCO\XPCO\EventServer\Server\Components\Central\Server\unittest\bin\x64\Debug\VideoOS.Event.Server.UnitTest.dll" adapterTypeName="executor://mstestadapter/v2" className="VideoOS.Event.Server.Map.UnitTest.VisualElementStorageDatabaseTest" name="TestSaveConfigurationWithNoElements" />
    </UnitTest>
    <UnitTest name="Handle_ShouldFlattenStateValue_WhenValuesIncludeStateInt" storage="d:\actions-runner\_work\xpco\xpco\eventserver\server\components\central\server\unittest\bin\x64\debug\videoos.event.server.unittest.dll" id="9fb80a7d-6c31-9fad-0ca5-8960fe35bc59">
      <Execution id="320300ab-0592-4c54-973e-7d127c557a17" />
      <TestMethod codeBase="D:\actions-runner\_work\XPCO\XPCO\EventServer\Server\Components\Central\Server\unittest\bin\x64\Debug\VideoOS.Event.Server.UnitTest.dll" adapterTypeName="executor://mstestadapter/v2" className="VideoOS.Event.Server.UnitTest.Alarm.Processors.UpdateAlarms.UpdateAlarmCompositeValueHandlerTests" name="Handle_ShouldFlattenStateValue_WhenValuesIncludeStateInt" />
    </UnitTest>
    <UnitTest name="TestConstructor" storage="d:\actions-runner\_work\xpco\xpco\eventserver\server\components\central\server\unittest\bin\x64\debug\videoos.event.server.unittest.dll" id="af217cab-9ac4-fdc0-c5f2-ef1cf1168149">
      <Execution id="4981c2ca-f7b5-49d4-8d34-8e97e8d1b9cf" />
      <TestMethod codeBase="D:\actions-runner\_work\XPCO\XPCO\EventServer\Server\Components\Central\Server\unittest\bin\x64\Debug\VideoOS.Event.Server.UnitTest.dll" adapterTypeName="executor://mstestadapter/v2" className="VideoOS.Event.Server.Map.Data.UnitTest.TypeIdStorageTest" name="TestConstructor" />
    </UnitTest>
    <UnitTest name="IEventReceiver_ReceiveEvents_WhenSubscribed" storage="d:\actions-runner\_work\xpco\xpco\eventserver\server\components\central\server\unittest\bin\x64\debug\videoos.event.server.unittest.dll" id="879731f1-353a-3b22-6dec-b9ebe4b6f04c">
      <Execution id="40d9303d-3277-43e3-889a-13065254326c" />
      <TestMethod codeBase="D:\actions-runner\_work\XPCO\XPCO\EventServer\Server\Components\Central\Server\unittest\bin\x64\Debug\VideoOS.Event.Server.UnitTest.dll" adapterTypeName="executor://mstestadapter/v2" className="VideoOS.Event.Server.UnitTest.Event.EventPusherTest" name="IEventReceiver_ReceiveEvents_WhenSubscribed" />
    </UnitTest>
    <UnitTest name="TestUpdateElementDisplayXmlWithOldTimestampAndForce" storage="d:\actions-runner\_work\xpco\xpco\eventserver\server\components\central\server\unittest\bin\x64\debug\videoos.event.server.unittest.dll" id="845e5fbe-92b7-e46f-a315-3d08b137ca3c">
      <Execution id="172ddf62-219e-4b9c-b28a-2637d0f583d2" />
      <TestMethod codeBase="D:\actions-runner\_work\XPCO\XPCO\EventServer\Server\Components\Central\Server\unittest\bin\x64\Debug\VideoOS.Event.Server.UnitTest.dll" adapterTypeName="executor://mstestadapter/v2" className="VideoOS.Event.Server.Map.UnitTest.VisualElementManagerTest" name="TestUpdateElementDisplayXmlWithOldTimestampAndForce" />
    </UnitTest>
    <UnitTest name="TestDefaultConstructor" storage="d:\actions-runner\_work\xpco\xpco\eventserver\server\components\central\server\unittest\bin\x64\debug\videoos.event.server.unittest.dll" id="0c1a4d57-c120-e603-2b30-3cb5477df224">
      <Execution id="aa977d4f-108b-46ac-81d7-077566c8e05f" />
      <TestMethod codeBase="D:\actions-runner\_work\XPCO\XPCO\EventServer\Server\Components\Central\Server\unittest\bin\x64\Debug\VideoOS.Event.Server.UnitTest.dll" adapterTypeName="executor://mstestadapter/v2" className="VideoOS.EventServer.Disable.UnitTest.SuppressStatusItemTest" name="TestDefaultConstructor" />
    </UnitTest>
    <UnitTest name="TestLoadAndInitDoubleACPluginConfiguration" storage="d:\actions-runner\_work\xpco\xpco\eventserver\server\components\central\server\unittest\bin\x64\debug\videoos.event.server.unittest.dll" id="ad7aea32-1690-1791-793b-b9745ed661e9">
      <Execution id="e43c5d2d-e221-4748-8ee8-16f14df3342d" />
      <TestMethod codeBase="D:\actions-runner\_work\XPCO\XPCO\EventServer\Server\Components\Central\Server\unittest\bin\x64\Debug\VideoOS.Event.Server.UnitTest.dll" adapterTypeName="executor://mstestadapter/v2" className="VideoOS.Event.Server.UnitTest.AccessControl.AccessControlManagerTest" name="TestLoadAndInitDoubleACPluginConfiguration" />
    </UnitTest>
    <UnitTest name="ShouldSave_ShouldBeFalse_AfterSavingConfiguration" storage="d:\actions-runner\_work\xpco\xpco\eventserver\server\components\central\server\unittest\bin\x64\debug\videoos.event.server.unittest.dll" id="e0e2a4f8-9b17-afa2-2d2e-e9ed6c9180b5">
      <Execution id="788b5c46-4f1a-4171-8d49-2e9d4519b04f" />
      <TestMethod codeBase="D:\actions-runner\_work\XPCO\XPCO\EventServer\Server\Components\Central\Server\unittest\bin\x64\Debug\VideoOS.Event.Server.UnitTest.dll" adapterTypeName="executor://mstestadapter/v2" className="VideoOS.Event.Server.UnitTest.Config.EventRetentionConfigTests" name="ShouldSave_ShouldBeFalse_AfterSavingConfiguration" />
    </UnitTest>
    <UnitTest name="StartAndClose_ShouldNotThrowExceptions" storage="d:\actions-runner\_work\xpco\xpco\eventserver\server\components\central\server\unittest\bin\x64\debug\videoos.event.server.unittest.dll" id="64480e1f-7942-5150-b48e-e50327aba391">
      <Execution id="477f190f-4179-4dd4-9d1e-ea592389328d" />
      <TestMethod codeBase="D:\actions-runner\_work\XPCO\XPCO\EventServer\Server\Components\Central\Server\unittest\bin\x64\Debug\VideoOS.Event.Server.UnitTest.dll" adapterTypeName="executor://mstestadapter/v2" className="VideoOS.Event.Server.UnitTest.Alarm.ConfigFilterManagerTests" name="StartAndClose_ShouldNotThrowExceptions" />
    </UnitTest>
    <UnitTest name="TestShutdown" storage="d:\actions-runner\_work\xpco\xpco\eventserver\server\components\central\server\unittest\bin\x64\debug\videoos.event.server.unittest.dll" id="f615a366-8b0a-715d-d5ab-613020d166d9">
      <Execution id="26685864-77b6-4110-bd25-ba3f02b381a5" />
      <TestMethod codeBase="D:\actions-runner\_work\XPCO\XPCO\EventServer\Server\Components\Central\Server\unittest\bin\x64\Debug\VideoOS.Event.Server.UnitTest.dll" adapterTypeName="executor://mstestadapter/v2" className="VideoOS.Event.Server.MIP.PlugIn.UnitTest.MapPlugInTypeEventHandlerTest" name="TestShutdown" />
    </UnitTest>
    <UnitTest name="TestGetStatusForAllObjectsOfTypeRootAndUnlimited" storage="d:\actions-runner\_work\xpco\xpco\eventserver\server\components\central\server\unittest\bin\x64\debug\videoos.event.server.unittest.dll" id="0764a672-89fe-5d86-13f0-944488cff56e">
      <Execution id="da4279da-2e24-4fb6-bd6a-1e8fbe62f928" />
      <TestMethod codeBase="D:\actions-runner\_work\XPCO\XPCO\EventServer\Server\Components\Central\Server\unittest\bin\x64\Debug\VideoOS.Event.Server.UnitTest.dll" adapterTypeName="executor://mstestadapter/v2" className="VideoOS.Event.Server.Map.UnitTest.VisualElementStatusCalculatorTest" name="TestGetStatusForAllObjectsOfTypeRootAndUnlimited" />
    </UnitTest>
    <UnitTest name="TestUpdateWithNullParameters" storage="d:\actions-runner\_work\xpco\xpco\eventserver\server\components\central\server\unittest\bin\x64\debug\videoos.event.server.unittest.dll" id="fa5b705f-74f1-eb9b-e48e-98b073d14fd2">
      <Execution id="7abac7af-3b89-4a0a-8a32-fa2d1882d5c7" />
      <TestMethod codeBase="D:\actions-runner\_work\XPCO\XPCO\EventServer\Server\Components\Central\Server\unittest\bin\x64\Debug\VideoOS.Event.Server.UnitTest.dll" adapterTypeName="executor://mstestadapter/v2" className="VideoOS.Event.Server.Map.Data.UnitTest.VisualElementStorageTest" name="TestUpdateWithNullParameters" />
    </UnitTest>
    <UnitTest name="TestSingleSessionMultipleUserIdsMultipleAdds" storage="d:\actions-runner\_work\xpco\xpco\eventserver\server\components\central\server\unittest\bin\x64\debug\videoos.event.server.unittest.dll" id="3dd47d29-371f-18a2-da91-9c7f5a2a2609">
      <TestCategory>
        <TestCategoryItem TestCategory="SessionCache" />
      </TestCategory>
      <Execution id="0a1bb2db-a585-485e-8494-2194f3f1d877" />
      <TestMethod codeBase="D:\actions-runner\_work\XPCO\XPCO\EventServer\Server\Components\Central\Server\unittest\bin\x64\Debug\VideoOS.Event.Server.UnitTest.dll" adapterTypeName="executor://mstestadapter/v2" className="VideoOS.Event.Server.UnitTest.Session.SessionCacheTest" name="TestSingleSessionMultipleUserIdsMultipleAdds" />
    </UnitTest>
    <UnitTest name="TestAddingNullValueToCache" storage="d:\actions-runner\_work\xpco\xpco\eventserver\server\components\central\server\unittest\bin\x64\debug\videoos.event.server.unittest.dll" id="54359a79-a350-b706-33cb-3a95c5e005c8">
      <TestCategory>
        <TestCategoryItem TestCategory="DatabaseConfigurableDataCache" />
      </TestCategory>
      <Execution id="a67c6571-b132-4b02-9db4-4be9f4dcbda9" />
      <TestMethod codeBase="D:\actions-runner\_work\XPCO\XPCO\EventServer\Server\Components\Central\Server\unittest\bin\x64\Debug\VideoOS.Event.Server.UnitTest.dll" adapterTypeName="executor://mstestadapter/v2" className="VideoOS.EventServer.Config.UnitTest.DatabaseConfigurableDataCacheTest" name="TestAddingNullValueToCache" />
    </UnitTest>
    <UnitTest name="TestGetPlugInItemChangesWithNegativeTimeout" storage="d:\actions-runner\_work\xpco\xpco\eventserver\server\components\central\server\unittest\bin\x64\debug\videoos.event.server.unittest.dll" id="ab5b73ee-a4d0-4ed6-4429-a1387a15ec36">
      <TestCategory>
        <TestCategoryItem TestCategory="WebService/Map" />
      </TestCategory>
      <Execution id="7b366664-6dcf-4f67-91e0-47951d837392" />
      <TestMethod codeBase="D:\actions-runner\_work\XPCO\XPCO\EventServer\Server\Components\Central\Server\unittest\bin\x64\Debug\VideoOS.Event.Server.UnitTest.dll" adapterTypeName="executor://mstestadapter/v2" className="VideoOS.Event.Server.WebService.Map.UnitTest.MapCommandToken2Test" name="TestGetPlugInItemChangesWithNegativeTimeout" />
    </UnitTest>
    <UnitTest name="TestGetStatusWithTwoHotzonesPointingToSameMapWithError" storage="d:\actions-runner\_work\xpco\xpco\eventserver\server\components\central\server\unittest\bin\x64\debug\videoos.event.server.unittest.dll" id="c8524030-a4ec-41a9-de8e-3dde74bf084b">
      <Execution id="56b04afe-9d08-4b36-8336-48b08b483a0b" />
      <TestMethod codeBase="D:\actions-runner\_work\XPCO\XPCO\EventServer\Server\Components\Central\Server\unittest\bin\x64\Debug\VideoOS.Event.Server.UnitTest.dll" adapterTypeName="executor://mstestadapter/v2" className="VideoOS.Event.Server.Map.UnitTest.VisualElementStatusCalculatorTest" name="TestGetStatusWithTwoHotzonesPointingToSameMapWithError" />
    </UnitTest>
    <UnitTest name="TestShutdownWithException" storage="d:\actions-runner\_work\xpco\xpco\eventserver\server\components\central\server\unittest\bin\x64\debug\videoos.event.server.unittest.dll" id="2418a372-3d95-2e9d-df96-8b56e8deb8bd">
      <Execution id="ba11ffdf-0b84-44d5-bbf5-ba35ac0fd8ca" />
      <TestMethod codeBase="D:\actions-runner\_work\XPCO\XPCO\EventServer\Server\Components\Central\Server\unittest\bin\x64\Debug\VideoOS.Event.Server.UnitTest.dll" adapterTypeName="executor://mstestadapter/v2" className="VideoOS.Event.Server.MIP.PlugIn.UnitTest.MapPlugInEventHandlerTest" name="TestShutdownWithException" />
    </UnitTest>
    <UnitTest name="TestGetVisualizationChangesWithNegativeTimeout" storage="d:\actions-runner\_work\xpco\xpco\eventserver\server\components\central\server\unittest\bin\x64\debug\videoos.event.server.unittest.dll" id="75f9fcd0-bfe0-554e-cc48-0d110429d9a6">
      <Execution id="70aa64c7-d88c-4700-b7f7-5266b9e16f07" />
      <TestMethod codeBase="D:\actions-runner\_work\XPCO\XPCO\EventServer\Server\Components\Central\Server\unittest\bin\x64\Debug\VideoOS.Event.Server.UnitTest.dll" adapterTypeName="executor://mstestadapter/v2" className="VideoOS.Event.Server.WebService.Status.UnitTest.StatusCommandToken2Test" name="TestGetVisualizationChangesWithNegativeTimeout" />
    </UnitTest>
    <UnitTest name="TestOneACSystemPLDisabledOneACSystemPLEnabled" storage="d:\actions-runner\_work\xpco\xpco\eventserver\server\components\central\server\unittest\bin\x64\debug\videoos.event.server.unittest.dll" id="ffe889c3-2f44-ef0a-71ca-383fba540493">
      <TestCategory>
        <TestCategoryItem TestCategory="AccessControlUserIdTransformer" />
      </TestCategory>
      <Execution id="3decd0ff-7b82-407d-bc56-8b62a1561bbe" />
      <TestMethod codeBase="D:\actions-runner\_work\XPCO\XPCO\EventServer\Server\Components\Central\Server\unittest\bin\x64\Debug\VideoOS.Event.Server.UnitTest.dll" adapterTypeName="executor://mstestadapter/v2" className="VideoOS.Event.Server.UnitTest.Session.AccessControlUserIdTransformerTest" name="TestOneACSystemPLDisabledOneACSystemPLEnabled" />
    </UnitTest>
    <UnitTest name="TestGetStatusForAllObjectsOfType" storage="d:\actions-runner\_work\xpco\xpco\eventserver\server\components\central\server\unittest\bin\x64\debug\videoos.event.server.unittest.dll" id="67779330-877d-efe4-d891-ea80d17ea9f2">
      <Execution id="75ee363c-d90c-48b3-ace1-f63d50b938e7" />
      <TestMethod codeBase="D:\actions-runner\_work\XPCO\XPCO\EventServer\Server\Components\Central\Server\unittest\bin\x64\Debug\VideoOS.Event.Server.UnitTest.dll" adapterTypeName="executor://mstestadapter/v2" className="VideoOS.Event.Server.WebService.Status.UnitTest.StatusCommandToken2Test" name="TestGetStatusForAllObjectsOfType" />
    </UnitTest>
    <UnitTest name="TestGetStatusDetailsWithInvalidToken" storage="d:\actions-runner\_work\xpco\xpco\eventserver\server\components\central\server\unittest\bin\x64\debug\videoos.event.server.unittest.dll" id="db023b66-5330-e56c-198f-c64b71b937f5">
      <Execution id="7eef1742-5c73-44a7-bf7a-c967f7e3aff5" />
      <TestMethod codeBase="D:\actions-runner\_work\XPCO\XPCO\EventServer\Server\Components\Central\Server\unittest\bin\x64\Debug\VideoOS.Event.Server.UnitTest.dll" adapterTypeName="executor://mstestadapter/v2" className="VideoOS.Event.Server.WebService.Status.UnitTest.StatusCommandTokenTest" name="TestGetStatusDetailsWithInvalidToken" />
    </UnitTest>
    <UnitTest name="TestConstructor" storage="d:\actions-runner\_work\xpco\xpco\eventserver\server\components\central\server\unittest\bin\x64\debug\videoos.event.server.unittest.dll" id="12cbe1a3-b8d8-c02f-3cd6-2eebde58d3b9">
      <Execution id="d059c316-4fd0-4e45-a200-b88d969496b3" />
      <TestMethod codeBase="D:\actions-runner\_work\XPCO\XPCO\EventServer\Server\Components\Central\Server\unittest\bin\x64\Debug\VideoOS.Event.Server.UnitTest.dll" adapterTypeName="executor://mstestadapter/v2" className="VideoOS.Event.Server.Map.UnitTest.VisualElementManagerTest" name="TestConstructor" />
    </UnitTest>
    <UnitTest name="TestUpdateAlarmWithAssignedTo" storage="d:\actions-runner\_work\xpco\xpco\eventserver\server\components\central\server\unittest\bin\x64\debug\videoos.event.server.unittest.dll" id="6c960dd3-ffc7-b8ad-26f9-de3a226327d2">
      <Execution id="eb4de290-b07e-46f0-99bd-65487947a8c5" />
      <TestMethod codeBase="D:\actions-runner\_work\XPCO\XPCO\EventServer\Server\Components\Central\Server\unittest\bin\x64\Debug\VideoOS.Event.Server.UnitTest.dll" adapterTypeName="executor://mstestadapter/v2" className="VideoOS.Event.Server.WebService.Alarm.UnitTest.AlarmCommandTokenTest" name="TestUpdateAlarmWithAssignedTo" />
    </UnitTest>
    <UnitTest name="TestConstructor" storage="d:\actions-runner\_work\xpco\xpco\eventserver\server\components\central\server\unittest\bin\x64\debug\videoos.event.server.unittest.dll" id="2c2042bd-598d-0554-0801-edc0a6538e11">
      <Execution id="9ef67d14-637e-4ad7-b1cd-23ffb3bf954a" />
      <TestMethod codeBase="D:\actions-runner\_work\XPCO\XPCO\EventServer\Server\Components\Central\Server\unittest\bin\x64\Debug\VideoOS.Event.Server.UnitTest.dll" adapterTypeName="executor://mstestadapter/v2" className="VideoOS.Event.Server.Map.Data.UnitTest.StatusElementForeignTest" name="TestConstructor" />
    </UnitTest>
    <UnitTest name="TestUpdateElementNameWithOwnerElement" storage="d:\actions-runner\_work\xpco\xpco\eventserver\server\components\central\server\unittest\bin\x64\debug\videoos.event.server.unittest.dll" id="f0192dd4-c07e-15a2-f132-e2c87819221c">
      <Execution id="02dc6972-07a4-4b82-a03f-b66a1170c72c" />
      <TestMethod codeBase="D:\actions-runner\_work\XPCO\XPCO\EventServer\Server\Components\Central\Server\unittest\bin\x64\Debug\VideoOS.Event.Server.UnitTest.dll" adapterTypeName="executor://mstestadapter/v2" className="VideoOS.Event.Server.Map.UnitTest.VisualElementManagerTest" name="TestUpdateElementNameWithOwnerElement" />
    </UnitTest>
    <UnitTest name="TestMarkAsDeleted" storage="d:\actions-runner\_work\xpco\xpco\eventserver\server\components\central\server\unittest\bin\x64\debug\videoos.event.server.unittest.dll" id="d1f7a5c2-3ee0-b6c4-54cf-c0d5f5f43eb3">
      <Execution id="4f711db9-0086-44fd-ab0c-fb2e2c8aeb37" />
      <TestMethod codeBase="D:\actions-runner\_work\XPCO\XPCO\EventServer\Server\Components\Central\Server\unittest\bin\x64\Debug\VideoOS.Event.Server.UnitTest.dll" adapterTypeName="executor://mstestadapter/v2" className="VideoOS.Event.Server.Map.Data.UnitTest.VisualElementStorageTest" name="TestMarkAsDeleted" />
    </UnitTest>
    <UnitTest name="TestConstructorWithParameters" storage="d:\actions-runner\_work\xpco\xpco\eventserver\server\components\central\server\unittest\bin\x64\debug\videoos.event.server.unittest.dll" id="709944ad-38f2-d49a-6dce-a5531cda1d37">
      <Execution id="b46a19bd-8fac-407a-8a22-59cc88618cc6" />
      <TestMethod codeBase="D:\actions-runner\_work\XPCO\XPCO\EventServer\Server\Components\Central\Server\unittest\bin\x64\Debug\VideoOS.Event.Server.UnitTest.dll" adapterTypeName="executor://mstestadapter/v2" className="VideoOS.Event.Server.Map.Data.UnitTest.VisualElementStatusTest" name="TestConstructorWithParameters" />
    </UnitTest>
    <UnitTest name="TestRemoveElementUpdateTypeTimestamp" storage="d:\actions-runner\_work\xpco\xpco\eventserver\server\components\central\server\unittest\bin\x64\debug\videoos.event.server.unittest.dll" id="24ddbe18-4cae-e90f-3505-9ac40083ecb2">
      <Execution id="275ea947-9ad0-4ca5-93bd-596dd94de277" />
      <TestMethod codeBase="D:\actions-runner\_work\XPCO\XPCO\EventServer\Server\Components\Central\Server\unittest\bin\x64\Debug\VideoOS.Event.Server.UnitTest.dll" adapterTypeName="executor://mstestadapter/v2" className="VideoOS.Event.Server.Map.UnitTest.VisualElementManagerTest" name="TestRemoveElementUpdateTypeTimestamp" />
    </UnitTest>
    <UnitTest name="TestStartWithNoConfigHosts" storage="d:\actions-runner\_work\xpco\xpco\eventserver\server\components\central\server\unittest\bin\x64\debug\videoos.event.server.unittest.dll" id="0fd024f0-12ba-7ea7-b690-018972738db2">
      <TestCategory>
        <TestCategoryItem TestCategory="PermissionManagerFetcher" />
      </TestCategory>
      <Execution id="2069eae5-127f-48f4-9fe6-ffc2f9d0f10a" />
      <TestMethod codeBase="D:\actions-runner\_work\XPCO\XPCO\EventServer\Server\Components\Central\Server\unittest\bin\x64\Debug\VideoOS.Event.Server.UnitTest.dll" adapterTypeName="executor://mstestadapter/v2" className="VideoOS.Event.Server.UnitTest.Security.PermissionFetcherTest" name="TestStartWithNoConfigHosts" />
    </UnitTest>
    <UnitTest name="TestUpdateElementsWithNonExistingVisualOwnerId" storage="d:\actions-runner\_work\xpco\xpco\eventserver\server\components\central\server\unittest\bin\x64\debug\videoos.event.server.unittest.dll" id="e9178e1a-3c14-5564-d259-ac18470ccb1d">
      <Execution id="30a0abff-aa08-48c4-b5f9-18e12e817246" />
      <TestMethod codeBase="D:\actions-runner\_work\XPCO\XPCO\EventServer\Server\Components\Central\Server\unittest\bin\x64\Debug\VideoOS.Event.Server.UnitTest.dll" adapterTypeName="executor://mstestadapter/v2" className="VideoOS.Event.Server.Map.UnitTest.VisualElementManagerTest" name="TestUpdateElementsWithNonExistingVisualOwnerId" />
    </UnitTest>
    <UnitTest name="ShouldSave_ShouldBeTrue_IfDefaultConfigurationHasBeenInvoked" storage="d:\actions-runner\_work\xpco\xpco\eventserver\server\components\central\server\unittest\bin\x64\debug\videoos.event.server.unittest.dll" id="ca7222e5-698c-ede6-13e8-d9ccebf23df9">
      <Execution id="81cf2496-4733-4c73-878b-57163283f30b" />
      <TestMethod codeBase="D:\actions-runner\_work\XPCO\XPCO\EventServer\Server\Components\Central\Server\unittest\bin\x64\Debug\VideoOS.Event.Server.UnitTest.dll" adapterTypeName="executor://mstestadapter/v2" className="VideoOS.Event.Server.UnitTest.Config.EventRetentionConfigTests" name="ShouldSave_ShouldBeTrue_IfDefaultConfigurationHasBeenInvoked" />
    </UnitTest>
    <UnitTest name="TestGetVisualElementChangesNotAuthenticated" storage="d:\actions-runner\_work\xpco\xpco\eventserver\server\components\central\server\unittest\bin\x64\debug\videoos.event.server.unittest.dll" id="5d472274-e651-49db-a19f-9c9fc5e07861">
      <TestCategory>
        <TestCategoryItem TestCategory="WebService/Map" />
      </TestCategory>
      <Execution id="3e9e7d54-6d54-455e-a901-6e7d86ea4bcb" />
      <TestMethod codeBase="D:\actions-runner\_work\XPCO\XPCO\EventServer\Server\Components\Central\Server\unittest\bin\x64\Debug\VideoOS.Event.Server.UnitTest.dll" adapterTypeName="executor://mstestadapter/v2" className="VideoOS.Event.Server.WebService.Map.UnitTest.MapCommandCredentialsTest" name="TestGetVisualElementChangesNotAuthenticated" />
    </UnitTest>
    <UnitTest name="EventConverter_ConvertBaseItemToBaseEvent_Success_With_Reference_Items" storage="d:\actions-runner\_work\xpco\xpco\eventserver\server\components\central\server\unittest\bin\x64\debug\videoos.event.server.unittest.dll" id="4e83dfb8-d6fa-96b5-e523-9b7e2b677ee8">
      <Execution id="a17d82be-f130-462e-9824-b768a923eb04" />
      <TestMethod codeBase="D:\actions-runner\_work\XPCO\XPCO\EventServer\Server\Components\Central\Server\unittest\bin\x64\Debug\VideoOS.Event.Server.UnitTest.dll" adapterTypeName="executor://mstestadapter/v2" className="VideoOS.Event.Server.UnitTest.Utils.EventConverterTest" name="EventConverter_ConvertBaseItemToBaseEvent_Success_With_Reference_Items" />
    </UnitTest>
    <UnitTest name="TestGetVisualizationChangesWithNulTimeout" storage="d:\actions-runner\_work\xpco\xpco\eventserver\server\components\central\server\unittest\bin\x64\debug\videoos.event.server.unittest.dll" id="9d68ca30-4c58-7743-728e-6fe99570fd2e">
      <Execution id="e17ca6e2-8665-41b0-b27a-0103bd76a52b" />
      <TestMethod codeBase="D:\actions-runner\_work\XPCO\XPCO\EventServer\Server\Components\Central\Server\unittest\bin\x64\Debug\VideoOS.Event.Server.UnitTest.dll" adapterTypeName="executor://mstestadapter/v2" className="VideoOS.Event.Server.WebService.Status.UnitTest.StatusCommandTokenTest" name="TestGetVisualizationChangesWithNulTimeout" />
    </UnitTest>
    <UnitTest name="TestGetPlugInItemsOnlyMIPPlugins" storage="d:\actions-runner\_work\xpco\xpco\eventserver\server\components\central\server\unittest\bin\x64\debug\videoos.event.server.unittest.dll" id="043bb7e8-5f77-8fba-11c2-dcb34548f3ad">
      <TestCategory>
        <TestCategoryItem TestCategory="MapPlugInManagerTest" />
      </TestCategory>
      <Execution id="f200326c-9920-4df0-b92c-209215502dcd" />
      <TestMethod codeBase="D:\actions-runner\_work\XPCO\XPCO\EventServer\Server\Components\Central\Server\unittest\bin\x64\Debug\VideoOS.Event.Server.UnitTest.dll" adapterTypeName="executor://mstestadapter/v2" className="VideoOS.Event.Server.MIP.PlugIn.UnitTest.MapPlugInManagerTest" name="TestGetPlugInItemsOnlyMIPPlugins" />
    </UnitTest>
    <UnitTest name="TestTypeIDs" storage="d:\actions-runner\_work\xpco\xpco\eventserver\server\components\central\server\unittest\bin\x64\debug\videoos.event.server.unittest.dll" id="c6108561-14c9-a60f-5d54-bf03bd18fb13">
      <Execution id="a1847150-7dd8-4491-b8f9-fee50b71a04d" />
      <TestMethod codeBase="D:\actions-runner\_work\XPCO\XPCO\EventServer\Server\Components\Central\Server\unittest\bin\x64\Debug\VideoOS.Event.Server.UnitTest.dll" adapterTypeName="executor://mstestadapter/v2" className="VideoOS.Event.Server.MIP.PlugIn.UnitTest.MapPlugInEventHandlerTest" name="TestTypeIDs" />
    </UnitTest>
    <UnitTest name="TestCreateFilteredConfigurationStatesLimited" storage="d:\actions-runner\_work\xpco\xpco\eventserver\server\components\central\server\unittest\bin\x64\debug\videoos.event.server.unittest.dll" id="0cb5aecd-0832-3f3a-db82-c1bc5b4e8469">
      <TestCategory>
        <TestCategoryItem TestCategory="AccessControlServiceImplementation" />
      </TestCategory>
      <Execution id="ce174446-ae44-4783-9b93-b5520e71693e" />
      <TestMethod codeBase="D:\actions-runner\_work\XPCO\XPCO\EventServer\Server\Components\Central\Server\unittest\bin\x64\Debug\VideoOS.Event.Server.UnitTest.dll" adapterTypeName="executor://mstestadapter/v2" className="VideoOS.Event.Server.UnitTest.AccessControl.AccessControlServiceImplementationTest" name="TestCreateFilteredConfigurationStatesLimited" />
    </UnitTest>
    <UnitTest name="TestAcknowledgeMultipleAlarmsException" storage="d:\actions-runner\_work\xpco\xpco\eventserver\server\components\central\server\unittest\bin\x64\debug\videoos.event.server.unittest.dll" id="ba4c54d1-5f25-c421-7a85-b398e7f8d74a">
      <Execution id="502ba377-5251-40c7-9c00-dd4f1bb4cda4" />
      <TestMethod codeBase="D:\actions-runner\_work\XPCO\XPCO\EventServer\Server\Components\Central\Server\unittest\bin\x64\Debug\VideoOS.Event.Server.UnitTest.dll" adapterTypeName="executor://mstestadapter/v2" className="VideoOS.Event.Server.WebService.Alarm.UnitTest.AlarmCommandTokenTest" name="TestAcknowledgeMultipleAlarmsException" />
    </UnitTest>
    <UnitTest name="TestGetPlugInItemsThrowingUnhandledException" storage="d:\actions-runner\_work\xpco\xpco\eventserver\server\components\central\server\unittest\bin\x64\debug\videoos.event.server.unittest.dll" id="1273889c-a586-73a8-3ad1-6b005ef36f19">
      <TestCategory>
        <TestCategoryItem TestCategory="WebService/Map" />
      </TestCategory>
      <Execution id="73b3e2af-9753-4cd6-950e-2413a854c774" />
      <TestMethod codeBase="D:\actions-runner\_work\XPCO\XPCO\EventServer\Server\Components\Central\Server\unittest\bin\x64\Debug\VideoOS.Event.Server.UnitTest.dll" adapterTypeName="executor://mstestadapter/v2" className="VideoOS.Event.Server.WebService.Map.UnitTest.MapCommandTokenTest" name="TestGetPlugInItemsThrowingUnhandledException" />
    </UnitTest>
    <UnitTest name="TestActivatePlugInActionNotAuthenticated" storage="d:\actions-runner\_work\xpco\xpco\eventserver\server\components\central\server\unittest\bin\x64\debug\videoos.event.server.unittest.dll" id="c57fc0c5-f9d0-7279-3e84-1fd326fe01da">
      <TestCategory>
        <TestCategoryItem TestCategory="WebService/Map" />
      </TestCategory>
      <Execution id="6c387ec9-718e-4f0f-83b9-535a714fc50e" />
      <TestMethod codeBase="D:\actions-runner\_work\XPCO\XPCO\EventServer\Server\Components\Central\Server\unittest\bin\x64\Debug\VideoOS.Event.Server.UnitTest.dll" adapterTypeName="executor://mstestadapter/v2" className="VideoOS.Event.Server.WebService.Map.UnitTest.MapCommandCredentialsTest" name="TestActivatePlugInActionNotAuthenticated" />
    </UnitTest>
    <UnitTest name="TestCreateObjectThrowingUnhandledException" storage="d:\actions-runner\_work\xpco\xpco\eventserver\server\components\central\server\unittest\bin\x64\debug\videoos.event.server.unittest.dll" id="57bdc43c-00dd-641d-e664-ae83375b77e2">
      <TestCategory>
        <TestCategoryItem TestCategory="WebService/Map" />
      </TestCategory>
      <Execution id="0fc8332f-37c6-4e27-850e-03b2b7c79db2" />
      <TestMethod codeBase="D:\actions-runner\_work\XPCO\XPCO\EventServer\Server\Components\Central\Server\unittest\bin\x64\Debug\VideoOS.Event.Server.UnitTest.dll" adapterTypeName="executor://mstestadapter/v2" className="VideoOS.Event.Server.WebService.Map.UnitTest.MapCommandTokenTest" name="TestCreateObjectThrowingUnhandledException" />
    </UnitTest>
    <UnitTest name="TestUpdateElementsWithOldTimestampAndForce" storage="d:\actions-runner\_work\xpco\xpco\eventserver\server\components\central\server\unittest\bin\x64\debug\videoos.event.server.unittest.dll" id="6bfb436a-3e70-7846-3d08-cc4ead42b9fa">
      <Execution id="7553053a-5323-48df-b593-be25f901db43" />
      <TestMethod codeBase="D:\actions-runner\_work\XPCO\XPCO\EventServer\Server\Components\Central\Server\unittest\bin\x64\Debug\VideoOS.Event.Server.UnitTest.dll" adapterTypeName="executor://mstestadapter/v2" className="VideoOS.Event.Server.Map.UnitTest.VisualElementManagerTest" name="TestUpdateElementsWithOldTimestampAndForce" />
    </UnitTest>
    <UnitTest name="TestGetStatusWithAForeignRelationButFiltered" storage="d:\actions-runner\_work\xpco\xpco\eventserver\server\components\central\server\unittest\bin\x64\debug\videoos.event.server.unittest.dll" id="e27bd1d2-650e-74fd-27b7-698f00abad61">
      <Execution id="7dc17952-e026-4729-b70d-2b5a07bca1c0" />
      <TestMethod codeBase="D:\actions-runner\_work\XPCO\XPCO\EventServer\Server\Components\Central\Server\unittest\bin\x64\Debug\VideoOS.Event.Server.UnitTest.dll" adapterTypeName="executor://mstestadapter/v2" className="VideoOS.Event.Server.Map.UnitTest.VisualElementStatusCalculatorTest" name="TestGetStatusWithAForeignRelationButFiltered" />
    </UnitTest>
    <UnitTest name="WhenAlarmSearchCriteriaWithWrongFieldNamesThenException" storage="d:\actions-runner\_work\xpco\xpco\eventserver\server\components\central\server\unittest\bin\x64\debug\videoos.event.server.unittest.dll" id="5eb2b56a-cb9f-8a13-72a8-1dedbe4703eb">
      <Execution id="cc021ae9-7d38-4223-b2b4-1c8f191c5d76" />
      <TestMethod codeBase="D:\actions-runner\_work\XPCO\XPCO\EventServer\Server\Components\Central\Server\unittest\bin\x64\Debug\VideoOS.Event.Server.UnitTest.dll" adapterTypeName="executor://mstestadapter/v2" className="VideoOS.Event.Server.UnitTest.WebService.Alarm.LikeSearchConditionProviderTest" name="WhenAlarmSearchCriteriaWithWrongFieldNamesThenException" />
    </UnitTest>
    <UnitTest name="TestName" storage="d:\actions-runner\_work\xpco\xpco\eventserver\server\components\central\server\unittest\bin\x64\debug\videoos.event.server.unittest.dll" id="d40dc10a-64d0-160e-43ab-7ade16a57465">
      <Execution id="227b1fb7-af2f-442f-9bd5-8ebbeb2e66ba" />
      <TestMethod codeBase="D:\actions-runner\_work\XPCO\XPCO\EventServer\Server\Components\Central\Server\unittest\bin\x64\Debug\VideoOS.Event.Server.UnitTest.dll" adapterTypeName="executor://mstestadapter/v2" className="VideoOS.Event.Server.MIP.PlugIn.UnitTest.MapPlugInTypeEventHandlerTest" name="TestName" />
    </UnitTest>
    <UnitTest name="TestCloseNoThread" storage="d:\actions-runner\_work\xpco\xpco\eventserver\server\components\central\server\unittest\bin\x64\debug\videoos.event.server.unittest.dll" id="65bf8705-3dc5-8cec-5e83-9dfec95ae5f1">
      <Execution id="7b58ed0a-bf83-4d19-93e2-37e4e16370dc" />
      <TestMethod codeBase="D:\actions-runner\_work\XPCO\XPCO\EventServer\Server\Components\Central\Server\unittest\bin\x64\Debug\VideoOS.Event.Server.UnitTest.dll" adapterTypeName="executor://mstestadapter/v2" className="VideoOS.Central.Server.Communication.UnitTest.FeatureFetcherTest" name="TestCloseNoThread" />
    </UnitTest>
    <UnitTest name="GetPlugInItems_WithValidParameters" storage="d:\actions-runner\_work\xpco\xpco\eventserver\server\components\central\server\unittest\bin\x64\debug\videoos.event.server.unittest.dll" id="136df291-2cca-c439-fece-8b21662e26cf">
      <TestCategory>
        <TestCategoryItem TestCategory="WebService/Map" />
      </TestCategory>
      <Execution id="a2584f39-2fe1-413b-9f11-f391e9edaaa4" />
      <TestMethod codeBase="D:\actions-runner\_work\XPCO\XPCO\EventServer\Server\Components\Central\Server\unittest\bin\x64\Debug\VideoOS.Event.Server.UnitTest.dll" adapterTypeName="executor://mstestadapter/v2" className="VideoOS.Event.Server.WebService.Map.UnitTest.MapCommandTokenTest" name="GetPlugInItems_WithValidParameters" />
    </UnitTest>
    <UnitTest name="FetchCache_ShouldNotDoAnything_IfUserIsNotWindowsUserOrBasicUser" storage="d:\actions-runner\_work\xpco\xpco\eventserver\server\components\central\server\unittest\bin\x64\debug\videoos.event.server.unittest.dll" id="5eb5fc76-03b2-62e8-8227-9882898ba5dd">
      <Execution id="5d21a108-729f-428d-a9d1-734863a87ffa" />
      <TestMethod codeBase="D:\actions-runner\_work\XPCO\XPCO\EventServer\Server\Components\Central\Server\unittest\bin\x64\Debug\VideoOS.Event.Server.UnitTest.dll" adapterTypeName="executor://mstestadapter/v2" className="VideoOS.EventServer.Security.Authorization.UnitTest.VMSItemAuthorizationTests" name="FetchCache_ShouldNotDoAnything_IfUserIsNotWindowsUserOrBasicUser" />
    </UnitTest>
    <UnitTest name="TestItemUpdatedWithANewItem" storage="d:\actions-runner\_work\xpco\xpco\eventserver\server\components\central\server\unittest\bin\x64\debug\videoos.event.server.unittest.dll" id="de539491-b743-7788-0879-8bb78cde3ebf">
      <Execution id="b3d7e61f-fe74-46cc-8c52-5de6fbf914f0" />
      <TestMethod codeBase="D:\actions-runner\_work\XPCO\XPCO\EventServer\Server\Components\Central\Server\unittest\bin\x64\Debug\VideoOS.Event.Server.UnitTest.dll" adapterTypeName="executor://mstestadapter/v2" className="VideoOS.Event.Server.MIP.PlugIn.UnitTest.MapPlugInTypeEventHandlerTest" name="TestItemUpdatedWithANewItem" />
    </UnitTest>
    <UnitTest name="StartStopTest" storage="d:\actions-runner\_work\xpco\xpco\eventserver\server\components\central\server\unittest\bin\x64\debug\videoos.event.server.unittest.dll" id="677471e8-3482-3d4a-74a6-b878d5f6513b">
      <Execution id="9ef267f4-7aa2-4173-b713-31d603daad1e" />
      <TestMethod codeBase="D:\actions-runner\_work\XPCO\XPCO\EventServer\Server\Components\Central\Server\unittest\bin\x64\Debug\VideoOS.Event.Server.UnitTest.dll" adapterTypeName="executor://mstestadapter/v2" className="VideoOS.Event.Server.UnitTest.MIP.Environment.MIPSourceProviderTest" name="StartStopTest" />
    </UnitTest>
    <UnitTest name="TestItemAddedWithWrongType" storage="d:\actions-runner\_work\xpco\xpco\eventserver\server\components\central\server\unittest\bin\x64\debug\videoos.event.server.unittest.dll" id="2b41abb9-682a-bffc-6ee0-3a53e366e2eb">
      <Execution id="14d1035a-bf5f-44bc-b567-313eeafed516" />
      <TestMethod codeBase="D:\actions-runner\_work\XPCO\XPCO\EventServer\Server\Components\Central\Server\unittest\bin\x64\Debug\VideoOS.Event.Server.UnitTest.dll" adapterTypeName="executor://mstestadapter/v2" className="VideoOS.Event.Server.MIP.PlugIn.UnitTest.MapPlugInTypeEventHandlerTest" name="TestItemAddedWithWrongType" />
    </UnitTest>
    <UnitTest name="GetSoundIsInCacheTest" storage="d:\actions-runner\_work\xpco\xpco\eventserver\server\components\central\server\unittest\bin\x64\debug\videoos.event.server.unittest.dll" id="a1bb1f9a-b82c-e54a-73fb-4c8aaec4bb3f">
      <Execution id="742af56e-2568-4016-b5c1-78cd37702340" />
      <TestMethod codeBase="D:\actions-runner\_work\XPCO\XPCO\EventServer\Server\Components\Central\Server\unittest\bin\x64\Debug\VideoOS.Event.Server.UnitTest.dll" adapterTypeName="executor://mstestadapter/v2" className="VideoOS.Event.Server.Sound.UnitTest.SoundManagerTest" name="GetSoundIsInCacheTest" />
    </UnitTest>
    <UnitTest name="TrimStart_ShouldRaiseArgumentNullException_WhenInputIsNull" storage="d:\actions-runner\_work\xpco\xpco\eventserver\server\components\central\server\unittest\bin\x64\debug\videoos.event.server.unittest.dll" id="7b6e80a8-808c-ac81-7619-b92280b3d235">
      <TestCategory>
        <TestCategoryItem TestCategory="AccessControl" />
      </TestCategory>
      <Execution id="cb70631d-570b-44a8-8ad5-7483bbf16ada" />
      <TestMethod codeBase="D:\actions-runner\_work\XPCO\XPCO\EventServer\Server\Components\Central\Server\unittest\bin\x64\Debug\VideoOS.Event.Server.UnitTest.dll" adapterTypeName="executor://mstestadapter/v2" className="VideoOS.Event.Server.UnitTest.AccessControl.AccessControlSystemTests" name="TrimStart_ShouldRaiseArgumentNullException_WhenInputIsNull" />
    </UnitTest>
    <UnitTest name="TestRemoveElementAndChildElementsWithTwoRelations" storage="d:\actions-runner\_work\xpco\xpco\eventserver\server\components\central\server\unittest\bin\x64\debug\videoos.event.server.unittest.dll" id="9c4ff579-8830-5232-3a16-ce25a63d0a5c">
      <Execution id="f21f7190-9c8d-44b1-9368-708f2036c244" />
      <TestMethod codeBase="D:\actions-runner\_work\XPCO\XPCO\EventServer\Server\Components\Central\Server\unittest\bin\x64\Debug\VideoOS.Event.Server.UnitTest.dll" adapterTypeName="executor://mstestadapter/v2" className="VideoOS.Event.Server.Map.UnitTest.VisualElementManagerTest" name="TestRemoveElementAndChildElementsWithTwoRelations" />
    </UnitTest>
    <UnitTest name="TestRemoveElementWithInvalidId" storage="d:\actions-runner\_work\xpco\xpco\eventserver\server\components\central\server\unittest\bin\x64\debug\videoos.event.server.unittest.dll" id="00e2a9d7-9068-7a6b-7d90-c421538afd8d">
      <Execution id="e2c3716c-c603-406a-9094-c81b9cfa6f61" />
      <TestMethod codeBase="D:\actions-runner\_work\XPCO\XPCO\EventServer\Server\Components\Central\Server\unittest\bin\x64\Debug\VideoOS.Event.Server.UnitTest.dll" adapterTypeName="executor://mstestadapter/v2" className="VideoOS.Event.Server.Map.UnitTest.VisualElementManagerTest" name="TestRemoveElementWithInvalidId" />
    </UnitTest>
    <UnitTest name="TestAccessControlConfigHostAdded" storage="d:\actions-runner\_work\xpco\xpco\eventserver\server\components\central\server\unittest\bin\x64\debug\videoos.event.server.unittest.dll" id="f47618c5-722e-6e57-bc97-ac13a004d957">
      <TestCategory>
        <TestCategoryItem TestCategory="PermissionManagerFetcher" />
      </TestCategory>
      <Execution id="d276f11e-fef8-4505-8534-cc6ebfee2d7f" />
      <TestMethod codeBase="D:\actions-runner\_work\XPCO\XPCO\EventServer\Server\Components\Central\Server\unittest\bin\x64\Debug\VideoOS.Event.Server.UnitTest.dll" adapterTypeName="executor://mstestadapter/v2" className="VideoOS.Event.Server.UnitTest.Security.PermissionFetcherTest" name="TestAccessControlConfigHostAdded" />
    </UnitTest>
    <UnitTest name="ShouldSave_ShouldBeFalse_ByDefault" storage="d:\actions-runner\_work\xpco\xpco\eventserver\server\components\central\server\unittest\bin\x64\debug\videoos.event.server.unittest.dll" id="0e60158c-36bc-8dc9-fd94-82efc858c9b8">
      <Execution id="a7142090-96a6-4e7e-ab5e-425264837408" />
      <TestMethod codeBase="D:\actions-runner\_work\XPCO\XPCO\EventServer\Server\Components\Central\Server\unittest\bin\x64\Debug\VideoOS.Event.Server.UnitTest.dll" adapterTypeName="executor://mstestadapter/v2" className="VideoOS.Event.Server.UnitTest.Config.EventRetentionConfigTests" name="ShouldSave_ShouldBeFalse_ByDefault" />
    </UnitTest>
    <UnitTest name="TestGetStatusNotAuthenticated" storage="d:\actions-runner\_work\xpco\xpco\eventserver\server\components\central\server\unittest\bin\x64\debug\videoos.event.server.unittest.dll" id="6f7b704f-1370-beeb-3ca0-35582d568c3d">
      <Execution id="c4983997-d235-4727-8bed-f3c2b056f872" />
      <TestMethod codeBase="D:\actions-runner\_work\XPCO\XPCO\EventServer\Server\Components\Central\Server\unittest\bin\x64\Debug\VideoOS.Event.Server.UnitTest.dll" adapterTypeName="executor://mstestadapter/v2" className="VideoOS.Event.Server.WebService.Status.UnitTest.StatusCommandCredentialsTest" name="TestGetStatusNotAuthenticated" />
    </UnitTest>
    <UnitTest name="TestGetVisualElementChangesWithNegativeTimeout" storage="d:\actions-runner\_work\xpco\xpco\eventserver\server\components\central\server\unittest\bin\x64\debug\videoos.event.server.unittest.dll" id="27182808-95bc-ca7b-c30b-ad0be6d3ff3a">
      <TestCategory>
        <TestCategoryItem TestCategory="WebService/Map" />
      </TestCategory>
      <Execution id="3e6bde00-26f5-4c55-9de6-00dd677e0129" />
      <TestMethod codeBase="D:\actions-runner\_work\XPCO\XPCO\EventServer\Server\Components\Central\Server\unittest\bin\x64\Debug\VideoOS.Event.Server.UnitTest.dll" adapterTypeName="executor://mstestadapter/v2" className="VideoOS.Event.Server.WebService.Map.UnitTest.MapCommandCredentialsTest" name="TestGetVisualElementChangesWithNegativeTimeout" />
    </UnitTest>
    <UnitTest name="TestAddAsEvent" storage="d:\actions-runner\_work\xpco\xpco\eventserver\server\components\central\server\unittest\bin\x64\debug\videoos.event.server.unittest.dll" id="5d3cca52-f621-0181-6589-18ea5da58e7b">
      <Execution id="79996611-c6d5-4c9f-9d9b-80acede73a79" />
      <TestMethod codeBase="D:\actions-runner\_work\XPCO\XPCO\EventServer\Server\Components\Central\Server\unittest\bin\x64\Debug\VideoOS.Event.Server.UnitTest.dll" adapterTypeName="executor://mstestadapter/v2" className="VideoOS.Event.Server.WebService.Alarm.UnitTest.AlarmCommandTokenTest" name="TestAddAsEvent" />
    </UnitTest>
    <UnitTest name="ModifySuppressStatusItem_ModifiesTheExistingItem" storage="d:\actions-runner\_work\xpco\xpco\eventserver\server\components\central\server\unittest\bin\x64\debug\videoos.event.server.unittest.dll" id="ef8dde0f-8cc7-b5bf-229c-416b59b00ca5">
      <TestCategory>
        <TestCategoryItem TestCategory="CI" />
      </TestCategory>
      <Execution id="5c446f34-2690-4cb8-b6d7-3c623ab4eb06" />
      <TestMethod codeBase="D:\actions-runner\_work\XPCO\XPCO\EventServer\Server\Components\Central\Server\unittest\bin\x64\Debug\VideoOS.Event.Server.UnitTest.dll" adapterTypeName="executor://mstestadapter/v2" className="VideoOS.EventServer.Disable.UnitTest.DisableManagerTest" name="ModifySuppressStatusItem_ModifiesTheExistingItem" />
    </UnitTest>
    <UnitTest name="TestActivateActionWithUnknownType" storage="d:\actions-runner\_work\xpco\xpco\eventserver\server\components\central\server\unittest\bin\x64\debug\videoos.event.server.unittest.dll" id="b023713a-a208-cdad-ca76-94793772a2ef">
      <TestCategory>
        <TestCategoryItem TestCategory="MapPlugInManagerTest" />
      </TestCategory>
      <Execution id="36746dcd-c1ed-4988-8844-0428a9f100a7" />
      <TestMethod codeBase="D:\actions-runner\_work\XPCO\XPCO\EventServer\Server\Components\Central\Server\unittest\bin\x64\Debug\VideoOS.Event.Server.UnitTest.dll" adapterTypeName="executor://mstestadapter/v2" className="VideoOS.Event.Server.MIP.PlugIn.UnitTest.MapPlugInManagerTest" name="TestActivateActionWithUnknownType" />
    </UnitTest>
    <UnitTest name="ToEventCreatesEventWithProperValuesWhenInvoked" storage="d:\actions-runner\_work\xpco\xpco\eventserver\server\components\central\server\unittest\bin\x64\debug\videoos.event.server.unittest.dll" id="17e1f8d8-ff47-33db-efc4-da6813ccc726">
      <Execution id="53c9bc97-91dc-4d27-b89d-6539dad5f46d" />
      <TestMethod codeBase="D:\actions-runner\_work\XPCO\XPCO\EventServer\Server\Components\Central\Server\unittest\bin\x64\Debug\VideoOS.Event.Server.UnitTest.dll" adapterTypeName="executor://mstestadapter/v2" className="VideoOS.Event.Server.UnitTest.Event.BaseEventToEventMapperTest" name="ToEventCreatesEventWithProperValuesWhenInvoked" />
    </UnitTest>
    <UnitTest name="TestUpdateWithNullItem" storage="d:\actions-runner\_work\xpco\xpco\eventserver\server\components\central\server\unittest\bin\x64\debug\videoos.event.server.unittest.dll" id="5a2de3a5-2a90-1705-60e7-49aa869e23e4">
      <TestCategory>
        <TestCategoryItem TestCategory="MapPlugInInternalItem" />
      </TestCategory>
      <Execution id="a43e978b-b29a-4e83-bedf-95199df9f22e" />
      <TestMethod codeBase="D:\actions-runner\_work\XPCO\XPCO\EventServer\Server\Components\Central\Server\unittest\bin\x64\Debug\VideoOS.Event.Server.UnitTest.dll" adapterTypeName="executor://mstestadapter/v2" className="VideoOS.Event.Server.MIP.PlugIn.UnitTest.MapPlugInInternalItemTest" name="TestUpdateWithNullItem" />
    </UnitTest>
    <UnitTest name="TestRemoveElementWithElementWithRelationRelationIdRemoved" storage="d:\actions-runner\_work\xpco\xpco\eventserver\server\components\central\server\unittest\bin\x64\debug\videoos.event.server.unittest.dll" id="c9ac8109-a977-5850-df7c-0201cbb26bfc">
      <Execution id="78047e6a-0749-4690-a692-9f6c075e3757" />
      <TestMethod codeBase="D:\actions-runner\_work\XPCO\XPCO\EventServer\Server\Components\Central\Server\unittest\bin\x64\Debug\VideoOS.Event.Server.UnitTest.dll" adapterTypeName="executor://mstestadapter/v2" className="VideoOS.Event.Server.Map.UnitTest.VisualElementManagerTest" name="TestRemoveElementWithElementWithRelationRelationIdRemoved" />
    </UnitTest>
    <UnitTest name="SetAllEventRetentions_ShouldAuditLogChangedToFollowGroup_WhenEventTypeRetentionIsRemoved" storage="d:\actions-runner\_work\xpco\xpco\eventserver\server\components\central\server\unittest\bin\x64\debug\videoos.event.server.unittest.dll" id="6f76e60a-96ae-1036-bb5e-9caebe81c35a">
      <Execution id="c6f90be3-1fb9-42d3-afdc-a0caf5487b23" />
      <TestMethod codeBase="D:\actions-runner\_work\XPCO\XPCO\EventServer\Server\Components\Central\Server\unittest\bin\x64\Debug\VideoOS.Event.Server.UnitTest.dll" adapterTypeName="executor://mstestadapter/v2" className="VideoOS.Event.Server.UnitTest.Config.EventRetentionConfigTests" name="SetAllEventRetentions_ShouldAuditLogChangedToFollowGroup_WhenEventTypeRetentionIsRemoved" />
    </UnitTest>
    <UnitTest name="Handle_ShouldFlattenPriorityValue_WhenValuesIncludePriorityIntAndPriorityName" storage="d:\actions-runner\_work\xpco\xpco\eventserver\server\components\central\server\unittest\bin\x64\debug\videoos.event.server.unittest.dll" id="016db6ee-2d38-0bc8-9736-56870f4b6a15">
      <Execution id="66693154-a823-463d-9fbe-b7e1966942ef" />
      <TestMethod codeBase="D:\actions-runner\_work\XPCO\XPCO\EventServer\Server\Components\Central\Server\unittest\bin\x64\Debug\VideoOS.Event.Server.UnitTest.dll" adapterTypeName="executor://mstestadapter/v2" className="VideoOS.Event.Server.UnitTest.Alarm.Processors.UpdateAlarms.UpdateAlarmCompositeValueHandlerTests" name="Handle_ShouldFlattenPriorityValue_WhenValuesIncludePriorityIntAndPriorityName" />
    </UnitTest>
    <UnitTest name="GetStatus_ThrowsFaultException_WhenVisualElementStatusIdIsInvalid" storage="d:\actions-runner\_work\xpco\xpco\eventserver\server\components\central\server\unittest\bin\x64\debug\videoos.event.server.unittest.dll" id="19f97e95-056a-35ca-4658-302b22e30358">
      <TestCategory>
        <TestCategoryItem TestCategory="WebService" />
      </TestCategory>
      <Execution id="e0b81e23-ad41-4342-9992-40c1db313d35" />
      <TestMethod codeBase="D:\actions-runner\_work\XPCO\XPCO\EventServer\Server\Components\Central\Server\unittest\bin\x64\Debug\VideoOS.Event.Server.UnitTest.dll" adapterTypeName="executor://mstestadapter/v2" className="VideoOS.Event.Server.WebService.InterCommunication.UnitTest.InterCommunicationCommandTest" name="GetStatus_ThrowsFaultException_WhenVisualElementStatusIdIsInvalid" />
    </UnitTest>
    <UnitTest name="TestLoadOldConfigSaveLoad" storage="d:\actions-runner\_work\xpco\xpco\eventserver\server\components\central\server\unittest\bin\x64\debug\videoos.event.server.unittest.dll" id="77a1057d-d9f6-6031-284b-0c450a69cfb9">
      <Execution id="cb2a9dde-0e15-42c7-be77-f0d9494767c5" />
      <TestMethod codeBase="D:\actions-runner\_work\XPCO\XPCO\EventServer\Server\Components\Central\Server\unittest\bin\x64\Debug\VideoOS.Event.Server.UnitTest.dll" adapterTypeName="executor://mstestadapter/v2" className="VideoOS.Event.Server.UnitTest.AccessControl.AccessControlManagerTest" name="TestLoadOldConfigSaveLoad" />
    </UnitTest>
    <UnitTest name="TestAttachSnapshotInvalidToken" storage="d:\actions-runner\_work\xpco\xpco\eventserver\server\components\central\server\unittest\bin\x64\debug\videoos.event.server.unittest.dll" id="6bc3643b-7bda-0852-a44d-828063310052">
      <Execution id="da33e5ea-8b4d-4cec-99dd-e55e8ebaf541" />
      <TestMethod codeBase="D:\actions-runner\_work\XPCO\XPCO\EventServer\Server\Components\Central\Server\unittest\bin\x64\Debug\VideoOS.Event.Server.UnitTest.dll" adapterTypeName="executor://mstestadapter/v2" className="VideoOS.Event.Server.WebService.Alarm.UnitTest.AlarmCommandTokenTest" name="TestAttachSnapshotInvalidToken" />
    </UnitTest>
    <UnitTest name="TestUpdateObjectsWithValidParameters" storage="d:\actions-runner\_work\xpco\xpco\eventserver\server\components\central\server\unittest\bin\x64\debug\videoos.event.server.unittest.dll" id="1bad829b-3605-2602-6a66-d68603322f0c">
      <TestCategory>
        <TestCategoryItem TestCategory="WebService/Map" />
      </TestCategory>
      <Execution id="d00913bb-829d-46cb-a90a-4016f63fa0a4" />
      <TestMethod codeBase="D:\actions-runner\_work\XPCO\XPCO\EventServer\Server\Components\Central\Server\unittest\bin\x64\Debug\VideoOS.Event.Server.UnitTest.dll" adapterTypeName="executor://mstestadapter/v2" className="VideoOS.Event.Server.WebService.Map.UnitTest.MapCommandCredentialsTest" name="TestUpdateObjectsWithValidParameters" />
    </UnitTest>
    <UnitTest name="DeleteObjectAndChildObjects_WithValidParameters" storage="d:\actions-runner\_work\xpco\xpco\eventserver\server\components\central\server\unittest\bin\x64\debug\videoos.event.server.unittest.dll" id="9aea92bd-a732-8732-3286-9126a7e2884c">
      <TestCategory>
        <TestCategoryItem TestCategory="WebService/Map" />
      </TestCategory>
      <Execution id="8792fc1f-ad66-4af0-aa3b-8fbc85ae64e6" />
      <TestMethod codeBase="D:\actions-runner\_work\XPCO\XPCO\EventServer\Server\Components\Central\Server\unittest\bin\x64\Debug\VideoOS.Event.Server.UnitTest.dll" adapterTypeName="executor://mstestadapter/v2" className="VideoOS.Event.Server.WebService.Map.UnitTest.MapCommandToken2Test" name="DeleteObjectAndChildObjects_WithValidParameters" />
    </UnitTest>
    <UnitTest name="TestMultipleSessionsMultipleUserIdsMultipleAdds" storage="d:\actions-runner\_work\xpco\xpco\eventserver\server\components\central\server\unittest\bin\x64\debug\videoos.event.server.unittest.dll" id="4f23a621-f756-78e4-ef6d-3087baf6d1ca">
      <TestCategory>
        <TestCategoryItem TestCategory="SessionCache" />
      </TestCategory>
      <Execution id="c94cfa32-bf96-4f21-8aa0-5c89f6bda61a" />
      <TestMethod codeBase="D:\actions-runner\_work\XPCO\XPCO\EventServer\Server\Components\Central\Server\unittest\bin\x64\Debug\VideoOS.Event.Server.UnitTest.dll" adapterTypeName="executor://mstestadapter/v2" className="VideoOS.Event.Server.UnitTest.Session.SessionCacheTest" name="TestMultipleSessionsMultipleUserIdsMultipleAdds" />
    </UnitTest>
    <UnitTest name="TestZeroItemCount" storage="d:\actions-runner\_work\xpco\xpco\eventserver\server\components\central\server\unittest\bin\x64\debug\videoos.event.server.unittest.dll" id="2f9c5de5-6323-bb6f-cda9-478c6409912a">
      <TestCategory>
        <TestCategoryItem TestCategory="DatabaseConfigurableDataCache" />
      </TestCategory>
      <Execution id="c957b25a-319f-44a2-984a-6e113bd4253f" />
      <TestMethod codeBase="D:\actions-runner\_work\XPCO\XPCO\EventServer\Server\Components\Central\Server\unittest\bin\x64\Debug\VideoOS.Event.Server.UnitTest.dll" adapterTypeName="executor://mstestadapter/v2" className="VideoOS.EventServer.Config.UnitTest.DatabaseConfigurableDataCacheTest" name="TestZeroItemCount" />
    </UnitTest>
    <UnitTest name="TestCheckAuthorizationWithMultipleWindowsUser" storage="d:\actions-runner\_work\xpco\xpco\eventserver\server\components\central\server\unittest\bin\x64\debug\videoos.event.server.unittest.dll" id="72eb27aa-9e70-3f4a-e8b3-b15e09b50910">
      <TestCategory>
        <TestCategoryItem TestCategory="ActionAuthorizationCache" />
      </TestCategory>
      <Execution id="7a9e1d54-29b1-45e5-b786-fefe2818c620" />
      <TestMethod codeBase="D:\actions-runner\_work\XPCO\XPCO\EventServer\Server\Components\Central\Server\unittest\bin\x64\Debug\VideoOS.Event.Server.UnitTest.dll" adapterTypeName="executor://mstestadapter/v2" className="VideoOS.Event.Server.UnitTest.Security.ActionAuthorizationCacheTest" name="TestCheckAuthorizationWithMultipleWindowsUser" />
    </UnitTest>
    <UnitTest name="TestGetTypeChangedWithNulTimeout" storage="d:\actions-runner\_work\xpco\xpco\eventserver\server\components\central\server\unittest\bin\x64\debug\videoos.event.server.unittest.dll" id="6a7cb602-bcd8-3c34-2ccf-a231cac327f3">
      <TestCategory>
        <TestCategoryItem TestCategory="WebService/Map" />
      </TestCategory>
      <Execution id="658c0179-975f-47f7-9624-1e73c5699b74" />
      <TestMethod codeBase="D:\actions-runner\_work\XPCO\XPCO\EventServer\Server\Components\Central\Server\unittest\bin\x64\Debug\VideoOS.Event.Server.UnitTest.dll" adapterTypeName="executor://mstestadapter/v2" className="VideoOS.Event.Server.WebService.Map.UnitTest.MapCommandCredentialsTest" name="TestGetTypeChangedWithNulTimeout" />
    </UnitTest>
    <UnitTest name="TestConstructor" storage="d:\actions-runner\_work\xpco\xpco\eventserver\server\components\central\server\unittest\bin\x64\debug\videoos.event.server.unittest.dll" id="2a55247b-2cad-1fbf-576f-ee8cf6fab5af">
      <Execution id="25d60b9a-841e-4fea-9a7e-f648970c0c2c" />
      <TestMethod codeBase="D:\actions-runner\_work\XPCO\XPCO\EventServer\Server\Components\Central\Server\unittest\bin\x64\Debug\VideoOS.Event.Server.UnitTest.dll" adapterTypeName="executor://mstestadapter/v2" className="VideoOS.Event.Server.MIP.PlugIn.UnitTest.MapPlugInTypeEventHandlerFactoryTest" name="TestConstructor" />
    </UnitTest>
    <UnitTest name="TestCreateObjectWithServerIDInRelationID" storage="d:\actions-runner\_work\xpco\xpco\eventserver\server\components\central\server\unittest\bin\x64\debug\videoos.event.server.unittest.dll" id="46c93511-7de3-b224-b0bc-10ed611b58bf">
      <TestCategory>
        <TestCategoryItem TestCategory="WebService/Map" />
      </TestCategory>
      <Execution id="ff1c8248-b2c1-49a8-8181-64b77fbc3b52" />
      <TestMethod codeBase="D:\actions-runner\_work\XPCO\XPCO\EventServer\Server\Components\Central\Server\unittest\bin\x64\Debug\VideoOS.Event.Server.UnitTest.dll" adapterTypeName="executor://mstestadapter/v2" className="VideoOS.Event.Server.WebService.Map.UnitTest.MapCommandTokenTest" name="TestCreateObjectWithServerIDInRelationID" />
    </UnitTest>
    <UnitTest name="TestItemAddedWithOtherDuplicatedItem" storage="d:\actions-runner\_work\xpco\xpco\eventserver\server\components\central\server\unittest\bin\x64\debug\videoos.event.server.unittest.dll" id="1b004e8f-24b5-c979-ccb9-ab7121f6f236">
      <Execution id="c317c836-53e5-4d7e-a26b-25a47a557b64" />
      <TestMethod codeBase="D:\actions-runner\_work\XPCO\XPCO\EventServer\Server\Components\Central\Server\unittest\bin\x64\Debug\VideoOS.Event.Server.UnitTest.dll" adapterTypeName="executor://mstestadapter/v2" className="VideoOS.Event.Server.MIP.PlugIn.UnitTest.MapPlugInTypeEventHandlerTest" name="TestItemAddedWithOtherDuplicatedItem" />
    </UnitTest>
    <UnitTest name="WebServiceCommandBaseTest_Constructor_Success" storage="d:\actions-runner\_work\xpco\xpco\eventserver\server\components\central\server\unittest\bin\x64\debug\videoos.event.server.unittest.dll" id="9ca330db-b2de-6fd8-4a31-28b777299130">
      <Execution id="ac0c5dc2-9219-43c0-abb0-2ca48387889a" />
      <TestMethod codeBase="D:\actions-runner\_work\XPCO\XPCO\EventServer\Server\Components\Central\Server\unittest\bin\x64\Debug\VideoOS.Event.Server.UnitTest.dll" adapterTypeName="executor://mstestadapter/v2" className="VideoOS.Event.Server.UnitTest.WebService.Action.WebServiceAdminCommandBaseTest" name="WebServiceCommandBaseTest_Constructor_Success" />
    </UnitTest>
    <UnitTest name="TestUpdateElementWithRelationIdonADifferentServerButUsedId" storage="d:\actions-runner\_work\xpco\xpco\eventserver\server\components\central\server\unittest\bin\x64\debug\videoos.event.server.unittest.dll" id="04f5cf17-3879-e2fe-c47d-e29ce4541cc8">
      <Execution id="79dfa1f3-8acc-4a8d-997a-4e4d25a9e0d6" />
      <TestMethod codeBase="D:\actions-runner\_work\XPCO\XPCO\EventServer\Server\Components\Central\Server\unittest\bin\x64\Debug\VideoOS.Event.Server.UnitTest.dll" adapterTypeName="executor://mstestadapter/v2" className="VideoOS.Event.Server.Map.UnitTest.VisualElementManagerTest" name="TestUpdateElementWithRelationIdonADifferentServerButUsedId" />
    </UnitTest>
    <UnitTest name="TestGetStatusThrowingUnhandledException" storage="d:\actions-runner\_work\xpco\xpco\eventserver\server\components\central\server\unittest\bin\x64\debug\videoos.event.server.unittest.dll" id="4ff64477-833a-244c-0375-990ccfb1a2e6">
      <Execution id="68b3d614-90de-4230-89ae-5c8126ae739e" />
      <TestMethod codeBase="D:\actions-runner\_work\XPCO\XPCO\EventServer\Server\Components\Central\Server\unittest\bin\x64\Debug\VideoOS.Event.Server.UnitTest.dll" adapterTypeName="executor://mstestadapter/v2" className="VideoOS.Event.Server.WebService.Status.UnitTest.StatusCommandToken2Test" name="TestGetStatusThrowingUnhandledException" />
    </UnitTest>
    <UnitTest name="TestRemoveElementAndChildElementsWithInvalidId" storage="d:\actions-runner\_work\xpco\xpco\eventserver\server\components\central\server\unittest\bin\x64\debug\videoos.event.server.unittest.dll" id="c6cbc0a5-c901-ffaa-2070-a47547148121">
      <Execution id="42d01b3c-770e-4750-8d73-b04d81979cd9" />
      <TestMethod codeBase="D:\actions-runner\_work\XPCO\XPCO\EventServer\Server\Components\Central\Server\unittest\bin\x64\Debug\VideoOS.Event.Server.UnitTest.dll" adapterTypeName="executor://mstestadapter/v2" className="VideoOS.Event.Server.Map.UnitTest.VisualElementManagerTest" name="TestRemoveElementAndChildElementsWithInvalidId" />
    </UnitTest>
    <UnitTest name="GetTypeChanged_WithZeroTimeout" storage="d:\actions-runner\_work\xpco\xpco\eventserver\server\components\central\server\unittest\bin\x64\debug\videoos.event.server.unittest.dll" id="ee875fc9-e910-2cdc-d141-1721c9e62eb7">
      <TestCategory>
        <TestCategoryItem TestCategory="WebService/Map" />
      </TestCategory>
      <Execution id="a335eab8-8ab0-497a-833f-b438906278da" />
      <TestMethod codeBase="D:\actions-runner\_work\XPCO\XPCO\EventServer\Server\Components\Central\Server\unittest\bin\x64\Debug\VideoOS.Event.Server.UnitTest.dll" adapterTypeName="executor://mstestadapter/v2" className="VideoOS.Event.Server.WebService.Map.UnitTest.MapCommandToken2Test" name="GetTypeChanged_WithZeroTimeout" />
    </UnitTest>
    <UnitTest name="TestGetVisualElementChangesWithPositiveTimeout" storage="d:\actions-runner\_work\xpco\xpco\eventserver\server\components\central\server\unittest\bin\x64\debug\videoos.event.server.unittest.dll" id="9688a158-7527-5fc3-8f52-444dcee106fa">
      <Execution id="73031a52-f15c-4ad4-96ab-f69195cb3c3d" />
      <TestMethod codeBase="D:\actions-runner\_work\XPCO\XPCO\EventServer\Server\Components\Central\Server\unittest\bin\x64\Debug\VideoOS.Event.Server.UnitTest.dll" adapterTypeName="executor://mstestadapter/v2" className="VideoOS.Event.Server.WebService.Status.UnitTest.StatusCommandCredentialsTest" name="TestGetVisualElementChangesWithPositiveTimeout" />
    </UnitTest>
    <UnitTest name="TestGetAllElementsOfTypeWithInsufficientRights" storage="d:\actions-runner\_work\xpco\xpco\eventserver\server\components\central\server\unittest\bin\x64\debug\videoos.event.server.unittest.dll" id="917c1bdf-6063-7913-d982-329ee05581db">
      <Execution id="1368faf5-0b8b-4525-8ac0-73f3ba2445f3" />
      <TestMethod codeBase="D:\actions-runner\_work\XPCO\XPCO\EventServer\Server\Components\Central\Server\unittest\bin\x64\Debug\VideoOS.Event.Server.UnitTest.dll" adapterTypeName="executor://mstestadapter/v2" className="VideoOS.Event.Server.Map.UnitTest.VisualElementManagerTest" name="TestGetAllElementsOfTypeWithInsufficientRights" />
    </UnitTest>
    <UnitTest name="TestItemsWithItemIdsEmpty" storage="d:\actions-runner\_work\xpco\xpco\eventserver\server\components\central\server\unittest\bin\x64\debug\videoos.event.server.unittest.dll" id="33667771-9d3c-f7ed-4cf3-0f7629b39f0c">
      <Execution id="39544b7f-12c4-40c6-8a0c-b1956b412209" />
      <TestMethod codeBase="D:\actions-runner\_work\XPCO\XPCO\EventServer\Server\Components\Central\Server\unittest\bin\x64\Debug\VideoOS.Event.Server.UnitTest.dll" adapterTypeName="executor://mstestadapter/v2" className="VideoOS.Event.Server.MIP.PlugIn.UnitTest.MapPlugInTypeEventHandlerTest" name="TestItemsWithItemIdsEmpty" />
    </UnitTest>
    <UnitTest name="TestSingleSessionSingleUserIdAddedTwice" storage="d:\actions-runner\_work\xpco\xpco\eventserver\server\components\central\server\unittest\bin\x64\debug\videoos.event.server.unittest.dll" id="fff67a66-5b63-4b59-d9e1-fa6cacb0c28f">
      <TestCategory>
        <TestCategoryItem TestCategory="SessionCache" />
      </TestCategory>
      <Execution id="a2a6924b-37a1-4c31-be5a-784cf4e6433c" />
      <TestMethod codeBase="D:\actions-runner\_work\XPCO\XPCO\EventServer\Server\Components\Central\Server\unittest\bin\x64\Debug\VideoOS.Event.Server.UnitTest.dll" adapterTypeName="executor://mstestadapter/v2" className="VideoOS.Event.Server.UnitTest.Session.SessionCacheTest" name="TestSingleSessionSingleUserIdAddedTwice" />
    </UnitTest>
    <UnitTest name="TestLoadXMLWithNoInnerText" storage="d:\actions-runner\_work\xpco\xpco\eventserver\server\components\central\server\unittest\bin\x64\debug\videoos.event.server.unittest.dll" id="03494ac0-2a90-1997-2d62-a4db082b1776">
      <Execution id="e975adc9-4680-4e55-aa40-6b6b60b2d3d3" />
      <TestMethod codeBase="D:\actions-runner\_work\XPCO\XPCO\EventServer\Server\Components\Central\Server\unittest\bin\x64\Debug\VideoOS.Event.Server.UnitTest.dll" adapterTypeName="executor://mstestadapter/v2" className="VideoOS.Event.Server.Map.Data.UnitTest.VisualElementStorageTest" name="TestLoadXMLWithNoInnerText" />
    </UnitTest>
    <UnitTest name="Handle_ShouldFlattenPriorityValue_WhenValuesIncludePriorityAndPriorityInt" storage="d:\actions-runner\_work\xpco\xpco\eventserver\server\components\central\server\unittest\bin\x64\debug\videoos.event.server.unittest.dll" id="4ef9ba7f-9843-68c1-3bd4-4c329c30cec0">
      <Execution id="50b2a560-a1ee-4117-9835-6e8fc2dcc276" />
      <TestMethod codeBase="D:\actions-runner\_work\XPCO\XPCO\EventServer\Server\Components\Central\Server\unittest\bin\x64\Debug\VideoOS.Event.Server.UnitTest.dll" adapterTypeName="executor://mstestadapter/v2" className="VideoOS.Event.Server.UnitTest.Alarm.Processors.UpdateAlarms.UpdateAlarmCompositeValueHandlerTests" name="Handle_ShouldFlattenPriorityValue_WhenValuesIncludePriorityAndPriorityInt" />
    </UnitTest>
    <UnitTest name="TestToTypeID" storage="d:\actions-runner\_work\xpco\xpco\eventserver\server\components\central\server\unittest\bin\x64\debug\videoos.event.server.unittest.dll" id="d343ebf0-90b9-8312-b39f-0f294924653b">
      <Execution id="e0a2b7ba-02a6-41c9-8374-e12110890655" />
      <TestMethod codeBase="D:\actions-runner\_work\XPCO\XPCO\EventServer\Server\Components\Central\Server\unittest\bin\x64\Debug\VideoOS.Event.Server.UnitTest.dll" adapterTypeName="executor://mstestadapter/v2" className="VideoOS.Event.Server.Map.Data.UnitTest.TypeIdStorageTest" name="TestToTypeID" />
    </UnitTest>
    <UnitTest name="TestGetAllObjectsOfTypeWithInvalidUser" storage="d:\actions-runner\_work\xpco\xpco\eventserver\server\components\central\server\unittest\bin\x64\debug\videoos.event.server.unittest.dll" id="b4d58491-e9cb-e66c-e25b-083a1222939f">
      <TestCategory>
        <TestCategoryItem TestCategory="WebService/Map" />
      </TestCategory>
      <Execution id="8f69ca14-496f-4489-bf14-979a34382584" />
      <TestMethod codeBase="D:\actions-runner\_work\XPCO\XPCO\EventServer\Server\Components\Central\Server\unittest\bin\x64\Debug\VideoOS.Event.Server.UnitTest.dll" adapterTypeName="executor://mstestadapter/v2" className="VideoOS.Event.Server.WebService.Map.UnitTest.MapCommandToken2Test" name="TestGetAllObjectsOfTypeWithInvalidUser" />
    </UnitTest>
    <UnitTest name="TestOneACSystemPLDisabledOneACSystemPLUnsupportedButEnabled" storage="d:\actions-runner\_work\xpco\xpco\eventserver\server\components\central\server\unittest\bin\x64\debug\videoos.event.server.unittest.dll" id="56749be8-1610-c2e6-0951-c97ece9f35f3">
      <TestCategory>
        <TestCategoryItem TestCategory="AccessControlUserIdTransformer" />
      </TestCategory>
      <Execution id="9aace315-c385-4bec-80f5-6547659f6f30" />
      <TestMethod codeBase="D:\actions-runner\_work\XPCO\XPCO\EventServer\Server\Components\Central\Server\unittest\bin\x64\Debug\VideoOS.Event.Server.UnitTest.dll" adapterTypeName="executor://mstestadapter/v2" className="VideoOS.Event.Server.UnitTest.Session.AccessControlUserIdTransformerTest" name="TestOneACSystemPLDisabledOneACSystemPLUnsupportedButEnabled" />
    </UnitTest>
    <UnitTest name="TestCreateObjectsWithServerIDInVisualOwnerID" storage="d:\actions-runner\_work\xpco\xpco\eventserver\server\components\central\server\unittest\bin\x64\debug\videoos.event.server.unittest.dll" id="9bfbcb97-7393-3e97-5b90-41360d0c076f">
      <TestCategory>
        <TestCategoryItem TestCategory="WebService/Map" />
      </TestCategory>
      <Execution id="d0ca2e1e-da33-4766-a11a-d0ee799aa73d" />
      <TestMethod codeBase="D:\actions-runner\_work\XPCO\XPCO\EventServer\Server\Components\Central\Server\unittest\bin\x64\Debug\VideoOS.Event.Server.UnitTest.dll" adapterTypeName="executor://mstestadapter/v2" className="VideoOS.Event.Server.WebService.Map.UnitTest.MapCommandTokenTest" name="TestCreateObjectsWithServerIDInVisualOwnerID" />
    </UnitTest>
    <UnitTest name="WebServiceCommandBaseTest_Constructor_Null" storage="d:\actions-runner\_work\xpco\xpco\eventserver\server\components\central\server\unittest\bin\x64\debug\videoos.event.server.unittest.dll" id="f10eac52-ea0d-ceed-393c-983a2a79629b">
      <Execution id="a1c68821-79e1-4178-bda6-015c0b85062f" />
      <TestMethod codeBase="D:\actions-runner\_work\XPCO\XPCO\EventServer\Server\Components\Central\Server\unittest\bin\x64\Debug\VideoOS.Event.Server.UnitTest.dll" adapterTypeName="executor://mstestadapter/v2" className="VideoOS.Event.Server.UnitTest.WebService.Action.WebServiceAdminCommandBaseTest" name="WebServiceCommandBaseTest_Constructor_Null" />
    </UnitTest>
    <UnitTest name="TestNewObject" storage="d:\actions-runner\_work\xpco\xpco\eventserver\server\components\central\server\unittest\bin\x64\debug\videoos.event.server.unittest.dll" id="e6575729-b3e6-600c-fa38-792f8b23bd68">
      <Execution id="7a222eac-4b7c-4485-bda2-e842c6c8d18b" />
      <TestMethod codeBase="D:\actions-runner\_work\XPCO\XPCO\EventServer\Server\Components\Central\Server\unittest\bin\x64\Debug\VideoOS.Event.Server.UnitTest.dll" adapterTypeName="executor://mstestadapter/v2" className="VideoOS.Event.Server.Map.Data.UnitTest.VisualizationStateStorageFactoryTest" name="TestNewObject" />
    </UnitTest>
    <UnitTest name="Handle_ShouldFlattenStateAndPriorityValue_WhenValuesIncludeStatePriorityIntAndStatePriorityNameAndStatePriority" storage="d:\actions-runner\_work\xpco\xpco\eventserver\server\components\central\server\unittest\bin\x64\debug\videoos.event.server.unittest.dll" id="cdd91721-6e98-3da2-8a09-95d8fa7ad5e3">
      <Execution id="0c02cafd-de98-4218-8d8a-1fd41ed049ac" />
      <TestMethod codeBase="D:\actions-runner\_work\XPCO\XPCO\EventServer\Server\Components\Central\Server\unittest\bin\x64\Debug\VideoOS.Event.Server.UnitTest.dll" adapterTypeName="executor://mstestadapter/v2" className="VideoOS.Event.Server.UnitTest.Alarm.Processors.UpdateAlarms.UpdateAlarmCompositeValueHandlerTests" name="Handle_ShouldFlattenStateAndPriorityValue_WhenValuesIncludeStatePriorityIntAndStatePriorityNameAndStatePriority" />
    </UnitTest>
    <UnitTest name="TestGetItemStatusDetailsThrowsException" storage="d:\actions-runner\_work\xpco\xpco\eventserver\server\components\central\server\unittest\bin\x64\debug\videoos.event.server.unittest.dll" id="bc1745b6-ab04-d5dc-f9d7-e9d93ce022a5">
      <Execution id="e3fd7f04-2c71-45a5-99b9-db02032a433b" />
      <TestMethod codeBase="D:\actions-runner\_work\XPCO\XPCO\EventServer\Server\Components\Central\Server\unittest\bin\x64\Debug\VideoOS.Event.Server.UnitTest.dll" adapterTypeName="executor://mstestadapter/v2" className="VideoOS.Event.Server.MIP.PlugIn.UnitTest.MapPlugInTypeEventHandlerTest" name="TestGetItemStatusDetailsThrowsException" />
    </UnitTest>
    <UnitTest name="FetchCache_ShouldThrowArgumentNullException_WhenUserIdIsNull" storage="d:\actions-runner\_work\xpco\xpco\eventserver\server\components\central\server\unittest\bin\x64\debug\videoos.event.server.unittest.dll" id="934eb40e-0cb9-2308-ec91-504d3c36e23a">
      <Execution id="15df1676-961a-48c7-b6f9-79aea55cdcc5" />
      <TestMethod codeBase="D:\actions-runner\_work\XPCO\XPCO\EventServer\Server\Components\Central\Server\unittest\bin\x64\Debug\VideoOS.Event.Server.UnitTest.dll" adapterTypeName="executor://mstestadapter/v2" className="VideoOS.EventServer.Security.Authorization.UnitTest.VMSItemAuthorizationTests" name="FetchCache_ShouldThrowArgumentNullException_WhenUserIdIsNull" />
    </UnitTest>
    <UnitTest name="TestLoadConfigurationWithRelationToDifferentServer" storage="d:\actions-runner\_work\xpco\xpco\eventserver\server\components\central\server\unittest\bin\x64\debug\videoos.event.server.unittest.dll" id="538d15af-d60d-120f-62fb-8e6efc0bc2dc">
      <Execution id="7e34ba80-05fb-4583-b53c-3df5d5f07d88" />
      <TestMethod codeBase="D:\actions-runner\_work\XPCO\XPCO\EventServer\Server\Components\Central\Server\unittest\bin\x64\Debug\VideoOS.Event.Server.UnitTest.dll" adapterTypeName="executor://mstestadapter/v2" className="VideoOS.Event.Server.Map.UnitTest.VisualElementStorageDatabaseTest" name="TestLoadConfigurationWithRelationToDifferentServer" />
    </UnitTest>
    <UnitTest name="TestGetVisualizationChangesWithNegativeTimeout" storage="d:\actions-runner\_work\xpco\xpco\eventserver\server\components\central\server\unittest\bin\x64\debug\videoos.event.server.unittest.dll" id="d93362b3-8c38-1941-c800-0783eedde6f7">
      <Execution id="d74ea5a9-0959-4bdb-b7c0-15f8484fe8e0" />
      <TestMethod codeBase="D:\actions-runner\_work\XPCO\XPCO\EventServer\Server\Components\Central\Server\unittest\bin\x64\Debug\VideoOS.Event.Server.UnitTest.dll" adapterTypeName="executor://mstestadapter/v2" className="VideoOS.Event.Server.WebService.Status.UnitTest.StatusCommandTokenTest" name="TestGetVisualizationChangesWithNegativeTimeout" />
    </UnitTest>
    <UnitTest name="EventConverter_ConvertBaseItemToBaseEvent_Unspecified_DateTime" storage="d:\actions-runner\_work\xpco\xpco\eventserver\server\components\central\server\unittest\bin\x64\debug\videoos.event.server.unittest.dll" id="a6f9bf28-954c-a169-d2e3-1df1e535b29e">
      <Execution id="98d4bfbc-2ae2-416c-b00d-11a939ea07b5" />
      <TestMethod codeBase="D:\actions-runner\_work\XPCO\XPCO\EventServer\Server\Components\Central\Server\unittest\bin\x64\Debug\VideoOS.Event.Server.UnitTest.dll" adapterTypeName="executor://mstestadapter/v2" className="VideoOS.Event.Server.UnitTest.Utils.EventConverterTest" name="EventConverter_ConvertBaseItemToBaseEvent_Unspecified_DateTime" />
    </UnitTest>
    <UnitTest name="TestSetVisualizationThrowingUnhandledException" storage="d:\actions-runner\_work\xpco\xpco\eventserver\server\components\central\server\unittest\bin\x64\debug\videoos.event.server.unittest.dll" id="9d4db236-12e8-cf7b-7262-929355f12bd0">
      <Execution id="b443c018-8dc1-4f31-8009-b2408789ff2b" />
      <TestMethod codeBase="D:\actions-runner\_work\XPCO\XPCO\EventServer\Server\Components\Central\Server\unittest\bin\x64\Debug\VideoOS.Event.Server.UnitTest.dll" adapterTypeName="executor://mstestadapter/v2" className="VideoOS.Event.Server.WebService.Status.UnitTest.StatusCommandTokenTest" name="TestSetVisualizationThrowingUnhandledException" />
    </UnitTest>
    <UnitTest name="TestUpdateStateWithUnknownCamera" storage="d:\actions-runner\_work\xpco\xpco\eventserver\server\components\central\server\unittest\bin\x64\debug\videoos.event.server.unittest.dll" id="7950372d-8564-c43b-1499-25c23a1e7c18">
      <Execution id="3922ebb5-5a58-4be2-b4ac-8388c06bec9d" />
      <TestMethod codeBase="D:\actions-runner\_work\XPCO\XPCO\EventServer\Server\Components\Central\Server\unittest\bin\x64\Debug\VideoOS.Event.Server.UnitTest.dll" adapterTypeName="executor://mstestadapter/v2" className="VideoOS.Event.Server.Map.Data.UnitTest.StatusElementCameraTest" name="TestUpdateStateWithUnknownCamera" />
    </UnitTest>
    <UnitTest name="GetAllObjectIDsOnVisualElement_FilteringAllDifferentServerRelations" storage="d:\actions-runner\_work\xpco\xpco\eventserver\server\components\central\server\unittest\bin\x64\debug\videoos.event.server.unittest.dll" id="1f4655b3-aed4-b0e5-1094-5819057eec1a">
      <TestCategory>
        <TestCategoryItem TestCategory="WebService/Map" />
      </TestCategory>
      <Execution id="ce4ee36f-e9df-473f-a2e4-5e943335332a" />
      <TestMethod codeBase="D:\actions-runner\_work\XPCO\XPCO\EventServer\Server\Components\Central\Server\unittest\bin\x64\Debug\VideoOS.Event.Server.UnitTest.dll" adapterTypeName="executor://mstestadapter/v2" className="VideoOS.Event.Server.WebService.Map.UnitTest.MapCommandTokenTest" name="GetAllObjectIDsOnVisualElement_FilteringAllDifferentServerRelations" />
    </UnitTest>
    <UnitTest name="TestRemoveElementAndChildElementsNonRecursive" storage="d:\actions-runner\_work\xpco\xpco\eventserver\server\components\central\server\unittest\bin\x64\debug\videoos.event.server.unittest.dll" id="5a7ff7ff-6e2d-de39-c565-1246305502ff">
      <Execution id="60020e8d-7605-43e9-8f44-92aef8a152c5" />
      <TestMethod codeBase="D:\actions-runner\_work\XPCO\XPCO\EventServer\Server\Components\Central\Server\unittest\bin\x64\Debug\VideoOS.Event.Server.UnitTest.dll" adapterTypeName="executor://mstestadapter/v2" className="VideoOS.Event.Server.Map.UnitTest.VisualElementManagerTest" name="TestRemoveElementAndChildElementsNonRecursive" />
    </UnitTest>
    <UnitTest name="TestInitalization" storage="d:\actions-runner\_work\xpco\xpco\eventserver\server\components\central\server\unittest\bin\x64\debug\videoos.event.server.unittest.dll" id="7d6993e3-5332-2d72-c5fa-04a2e45df77a">
      <Execution id="2f8e38d9-e137-46a7-8eb6-e69cd35f08f5" />
      <TestMethod codeBase="D:\actions-runner\_work\XPCO\XPCO\EventServer\Server\Components\Central\Server\unittest\bin\x64\Debug\VideoOS.Event.Server.UnitTest.dll" adapterTypeName="executor://mstestadapter/v2" className="VideoOS.Event.Server.MIP.PlugIn.UnitTest.MapPlugInEventHandlerTest" name="TestInitalization" />
    </UnitTest>
    <UnitTest name="TestIconWithNull" storage="d:\actions-runner\_work\xpco\xpco\eventserver\server\components\central\server\unittest\bin\x64\debug\videoos.event.server.unittest.dll" id="f58950ee-e6c3-81cd-8922-0a07966b4341">
      <Execution id="bfad9bdd-1b09-4fa1-8bd2-ca58cdc12f16" />
      <TestMethod codeBase="D:\actions-runner\_work\XPCO\XPCO\EventServer\Server\Components\Central\Server\unittest\bin\x64\Debug\VideoOS.Event.Server.UnitTest.dll" adapterTypeName="executor://mstestadapter/v2" className="VideoOS.Event.Server.MIP.PlugIn.UnitTest.MapPlugInEventHandlerTest" name="TestIconWithNull" />
    </UnitTest>
    <UnitTest name="TestGetPlugInsWithEmptyList" storage="d:\actions-runner\_work\xpco\xpco\eventserver\server\components\central\server\unittest\bin\x64\debug\videoos.event.server.unittest.dll" id="c9faf224-a0ec-ef88-2f10-44b1fbb47a0c">
      <TestCategory>
        <TestCategoryItem TestCategory="MapPlugInManagerTest" />
      </TestCategory>
      <Execution id="a8ab3a98-a85e-42ac-9840-5ab41fca5269" />
      <TestMethod codeBase="D:\actions-runner\_work\XPCO\XPCO\EventServer\Server\Components\Central\Server\unittest\bin\x64\Debug\VideoOS.Event.Server.UnitTest.dll" adapterTypeName="executor://mstestadapter/v2" className="VideoOS.Event.Server.MIP.PlugIn.UnitTest.MapPlugInManagerTest" name="TestGetPlugInsWithEmptyList" />
    </UnitTest>
    <UnitTest name="TestGetPlugInItemChangesThrowingUnhandledException" storage="d:\actions-runner\_work\xpco\xpco\eventserver\server\components\central\server\unittest\bin\x64\debug\videoos.event.server.unittest.dll" id="fd87e8bf-a3f1-615f-638a-3909aaf07ae4">
      <TestCategory>
        <TestCategoryItem TestCategory="WebService/Map" />
      </TestCategory>
      <Execution id="55c042da-b881-418e-aa12-1fdf52109e1a" />
      <TestMethod codeBase="D:\actions-runner\_work\XPCO\XPCO\EventServer\Server\Components\Central\Server\unittest\bin\x64\Debug\VideoOS.Event.Server.UnitTest.dll" adapterTypeName="executor://mstestadapter/v2" className="VideoOS.Event.Server.WebService.Map.UnitTest.MapCommandTokenTest" name="TestGetPlugInItemChangesThrowingUnhandledException" />
    </UnitTest>
    <UnitTest name="TestGetStatistics" storage="d:\actions-runner\_work\xpco\xpco\eventserver\server\components\central\server\unittest\bin\x64\debug\videoos.event.server.unittest.dll" id="ece6411b-94b9-4bfb-061f-a3a9c5698468">
      <Execution id="1c5eb353-a96d-448f-ba1c-f403b799674d" />
      <TestMethod codeBase="D:\actions-runner\_work\XPCO\XPCO\EventServer\Server\Components\Central\Server\unittest\bin\x64\Debug\VideoOS.Event.Server.UnitTest.dll" adapterTypeName="executor://mstestadapter/v2" className="VideoOS.Event.Server.WebService.Alarm.UnitTest.AlarmCommandTokenTest" name="TestGetStatistics" />
    </UnitTest>
    <UnitTest name="TestSingleSessionSingleUserId" storage="d:\actions-runner\_work\xpco\xpco\eventserver\server\components\central\server\unittest\bin\x64\debug\videoos.event.server.unittest.dll" id="a00b19c4-5cad-b60e-0009-ec4096ffeb28">
      <TestCategory>
        <TestCategoryItem TestCategory="SessionCache" />
      </TestCategory>
      <Execution id="9b6a55fa-8cce-43b3-aaea-d2d979e222cc" />
      <TestMethod codeBase="D:\actions-runner\_work\XPCO\XPCO\EventServer\Server\Components\Central\Server\unittest\bin\x64\Debug\VideoOS.Event.Server.UnitTest.dll" adapterTypeName="executor://mstestadapter/v2" className="VideoOS.Event.Server.UnitTest.Session.SessionCacheTest" name="TestSingleSessionSingleUserId" />
    </UnitTest>
    <UnitTest name="TestUpdateElementNameWithValidParameters" storage="d:\actions-runner\_work\xpco\xpco\eventserver\server\components\central\server\unittest\bin\x64\debug\videoos.event.server.unittest.dll" id="c25dab52-b84d-fe76-307f-8007fa791e96">
      <Execution id="797cb265-8499-4eb7-b233-4b8fc7e08f1e" />
      <TestMethod codeBase="D:\actions-runner\_work\XPCO\XPCO\EventServer\Server\Components\Central\Server\unittest\bin\x64\Debug\VideoOS.Event.Server.UnitTest.dll" adapterTypeName="executor://mstestadapter/v2" className="VideoOS.Event.Server.Map.UnitTest.VisualElementManagerTest" name="TestUpdateElementNameWithValidParameters" />
    </UnitTest>
    <UnitTest name="TestUpdateElementWithCyclicRelationInSubMap" storage="d:\actions-runner\_work\xpco\xpco\eventserver\server\components\central\server\unittest\bin\x64\debug\videoos.event.server.unittest.dll" id="33cdaae4-b39f-20fc-ed2e-414f29b7d798">
      <Execution id="61b579f9-8ba2-48d3-acf8-9cb2cf0d4056" />
      <TestMethod codeBase="D:\actions-runner\_work\XPCO\XPCO\EventServer\Server\Components\Central\Server\unittest\bin\x64\Debug\VideoOS.Event.Server.UnitTest.dll" adapterTypeName="executor://mstestadapter/v2" className="VideoOS.Event.Server.Map.UnitTest.VisualElementManagerTest" name="TestUpdateElementWithCyclicRelationInSubMap" />
    </UnitTest>
    <UnitTest name="TestGetItemStatusDetailsWithNullData" storage="d:\actions-runner\_work\xpco\xpco\eventserver\server\components\central\server\unittest\bin\x64\debug\videoos.event.server.unittest.dll" id="0d6a570a-2927-2321-e584-f1b09cfcdd34">
      <Execution id="b0da1873-8756-4e48-9f18-bfbb141ab3a8" />
      <TestMethod codeBase="D:\actions-runner\_work\XPCO\XPCO\EventServer\Server\Components\Central\Server\unittest\bin\x64\Debug\VideoOS.Event.Server.UnitTest.dll" adapterTypeName="executor://mstestadapter/v2" className="VideoOS.Event.Server.MIP.PlugIn.UnitTest.MapPlugInTypeEventHandlerTest" name="TestGetItemStatusDetailsWithNullData" />
    </UnitTest>
    <UnitTest name="EventConverter_ParseMetadata_Metadata_Unsupported_XmlValue" storage="d:\actions-runner\_work\xpco\xpco\eventserver\server\components\central\server\unittest\bin\x64\debug\videoos.event.server.unittest.dll" id="38dee21e-d1a8-cfd7-5570-f5f869cf091b">
      <Execution id="3995c584-e191-4443-affd-963c34015391" />
      <TestMethod codeBase="D:\actions-runner\_work\XPCO\XPCO\EventServer\Server\Components\Central\Server\unittest\bin\x64\Debug\VideoOS.Event.Server.UnitTest.dll" adapterTypeName="executor://mstestadapter/v2" className="VideoOS.Event.Server.UnitTest.Utils.EventConverterTest" name="EventConverter_ParseMetadata_Metadata_Unsupported_XmlValue" />
    </UnitTest>
    <UnitTest name="TestGetItemOperationalState" storage="d:\actions-runner\_work\xpco\xpco\eventserver\server\components\central\server\unittest\bin\x64\debug\videoos.event.server.unittest.dll" id="93458f80-3775-2ddd-10f2-12013507a32b">
      <Execution id="64d0ff2d-fa2e-4a40-9d0c-30c70280a7ed" />
      <TestMethod codeBase="D:\actions-runner\_work\XPCO\XPCO\EventServer\Server\Components\Central\Server\unittest\bin\x64\Debug\VideoOS.Event.Server.UnitTest.dll" adapterTypeName="executor://mstestadapter/v2" className="VideoOS.Event.Server.MIP.PlugIn.UnitTest.MapPlugInTypeEventHandlerTest" name="TestGetItemOperationalState" />
    </UnitTest>
    <UnitTest name="TestUpdateStateWithUnknownElement" storage="d:\actions-runner\_work\xpco\xpco\eventserver\server\components\central\server\unittest\bin\x64\debug\videoos.event.server.unittest.dll" id="3ca1982b-2ea7-5d94-db54-ade5cd0ce4d1">
      <Execution id="16be0af9-fabb-4109-89cf-1bfd2eeb779b" />
      <TestMethod codeBase="D:\actions-runner\_work\XPCO\XPCO\EventServer\Server\Components\Central\Server\unittest\bin\x64\Debug\VideoOS.Event.Server.UnitTest.dll" adapterTypeName="executor://mstestadapter/v2" className="VideoOS.Event.Server.Map.Data.UnitTest.StatusElementForeignTest" name="TestUpdateStateWithUnknownElement" />
    </UnitTest>
    <UnitTest name="TestStartWithSeveralConfigHosts" storage="d:\actions-runner\_work\xpco\xpco\eventserver\server\components\central\server\unittest\bin\x64\debug\videoos.event.server.unittest.dll" id="4b7e6207-7e08-33d7-a4a6-3c9c1c4bd46b">
      <TestCategory>
        <TestCategoryItem TestCategory="PermissionManagerFetcher" />
      </TestCategory>
      <Execution id="dfe02482-9c94-4e26-ae9d-eb71ef93434c" />
      <TestMethod codeBase="D:\actions-runner\_work\XPCO\XPCO\EventServer\Server\Components\Central\Server\unittest\bin\x64\Debug\VideoOS.Event.Server.UnitTest.dll" adapterTypeName="executor://mstestadapter/v2" className="VideoOS.Event.Server.UnitTest.Security.PermissionFetcherTest" name="TestStartWithSeveralConfigHosts" />
    </UnitTest>
    <UnitTest name="TestConstructor" storage="d:\actions-runner\_work\xpco\xpco\eventserver\server\components\central\server\unittest\bin\x64\debug\videoos.event.server.unittest.dll" id="e9d27e2e-2c56-404a-f7e1-fe6ab11b477b">
      <TestCategory>
        <TestCategoryItem TestCategory="PermissionManagerFetcher" />
      </TestCategory>
      <Execution id="0642b7ed-3658-4d88-b3a2-5d04128e2cd9" />
      <TestMethod codeBase="D:\actions-runner\_work\XPCO\XPCO\EventServer\Server\Components\Central\Server\unittest\bin\x64\Debug\VideoOS.Event.Server.UnitTest.dll" adapterTypeName="executor://mstestadapter/v2" className="VideoOS.Event.Server.UnitTest.Security.AuthorizationFetcher.ItemAuthorizationFetcherFactoryTest" name="TestConstructor" />
    </UnitTest>
    <UnitTest name="TestSetVisualizationWithInvalidUser" storage="d:\actions-runner\_work\xpco\xpco\eventserver\server\components\central\server\unittest\bin\x64\debug\videoos.event.server.unittest.dll" id="e958c267-d2e7-8fc0-2571-f4f00000f195">
      <Execution id="731ac0c5-a25e-4f17-89f3-901c0b884848" />
      <TestMethod codeBase="D:\actions-runner\_work\XPCO\XPCO\EventServer\Server\Components\Central\Server\unittest\bin\x64\Debug\VideoOS.Event.Server.UnitTest.dll" adapterTypeName="executor://mstestadapter/v2" className="VideoOS.Event.Server.WebService.Status.UnitTest.StatusCommandTokenTest" name="TestSetVisualizationWithInvalidUser" />
    </UnitTest>
    <UnitTest name="CheckAccess_ForMultipleDevices_ShouldThrowException_WhenUserIsUnknown" storage="d:\actions-runner\_work\xpco\xpco\eventserver\server\components\central\server\unittest\bin\x64\debug\videoos.event.server.unittest.dll" id="bb955b4c-70f1-890c-af10-28162d4f952c">
      <Execution id="279f210a-170b-4e3c-a898-c29315989c0e" />
      <TestMethod codeBase="D:\actions-runner\_work\XPCO\XPCO\EventServer\Server\Components\Central\Server\unittest\bin\x64\Debug\VideoOS.Event.Server.UnitTest.dll" adapterTypeName="executor://mstestadapter/v2" className="VideoOS.Event.Server.Security.UnitTest.SecurityCommunicationDBTest" name="CheckAccess_ForMultipleDevices_ShouldThrowException_WhenUserIsUnknown" />
    </UnitTest>
    <UnitTest name="GetStatus_ThrowsFaultException_WhenUserValidationFails" storage="d:\actions-runner\_work\xpco\xpco\eventserver\server\components\central\server\unittest\bin\x64\debug\videoos.event.server.unittest.dll" id="7604453c-7278-1d28-6624-d0650c0f7a8a">
      <TestCategory>
        <TestCategoryItem TestCategory="WebService" />
      </TestCategory>
      <Execution id="0e321ef1-9c3c-4031-81e4-1b0bc99ff595" />
      <TestMethod codeBase="D:\actions-runner\_work\XPCO\XPCO\EventServer\Server\Components\Central\Server\unittest\bin\x64\Debug\VideoOS.Event.Server.UnitTest.dll" adapterTypeName="executor://mstestadapter/v2" className="VideoOS.Event.Server.WebService.InterCommunication.UnitTest.InterCommunicationCommandTest" name="GetStatus_ThrowsFaultException_WhenUserValidationFails" />
    </UnitTest>
    <UnitTest name="TestGetAlarmHistory" storage="d:\actions-runner\_work\xpco\xpco\eventserver\server\components\central\server\unittest\bin\x64\debug\videoos.event.server.unittest.dll" id="def9d54b-92fa-33f4-14ab-9ec05765d89f">
      <Execution id="9b1415b0-b78b-41f9-b08f-9b6b0f2a07e3" />
      <TestMethod codeBase="D:\actions-runner\_work\XPCO\XPCO\EventServer\Server\Components\Central\Server\unittest\bin\x64\Debug\VideoOS.Event.Server.UnitTest.dll" adapterTypeName="executor://mstestadapter/v2" className="VideoOS.Event.Server.WebService.Alarm.UnitTest.AlarmCommandTokenTest" name="TestGetAlarmHistory" />
    </UnitTest>
    <UnitTest name="DeleteObject_WithValidParameters" storage="d:\actions-runner\_work\xpco\xpco\eventserver\server\components\central\server\unittest\bin\x64\debug\videoos.event.server.unittest.dll" id="73753696-2533-9426-cb28-017c160d36af">
      <TestCategory>
        <TestCategoryItem TestCategory="WebService/Map" />
      </TestCategory>
      <Execution id="55dd1fed-ef1e-4746-b0ed-c33c812512d3" />
      <TestMethod codeBase="D:\actions-runner\_work\XPCO\XPCO\EventServer\Server\Components\Central\Server\unittest\bin\x64\Debug\VideoOS.Event.Server.UnitTest.dll" adapterTypeName="executor://mstestadapter/v2" className="VideoOS.Event.Server.WebService.Map.UnitTest.MapCommandTokenTest" name="DeleteObject_WithValidParameters" />
    </UnitTest>
    <UnitTest name="TestGetProperties" storage="d:\actions-runner\_work\xpco\xpco\eventserver\server\components\central\server\unittest\bin\x64\debug\videoos.event.server.unittest.dll" id="b8289cb1-7e5f-64cb-d1b0-4dd9582e9145">
      <Execution id="17d09fc6-fd6d-4351-9cf1-433a22b9f19f" />
      <TestMethod codeBase="D:\actions-runner\_work\XPCO\XPCO\EventServer\Server\Components\Central\Server\unittest\bin\x64\Debug\VideoOS.Event.Server.UnitTest.dll" adapterTypeName="executor://mstestadapter/v2" className="VideoOS.Event.Server.Map.UnitTest.VisualElementStorageDatabaseTest" name="TestGetProperties" />
    </UnitTest>
    <UnitTest name="TestGetStatusForAllObjectsOfTypeWithMultipleTrees" storage="d:\actions-runner\_work\xpco\xpco\eventserver\server\components\central\server\unittest\bin\x64\debug\videoos.event.server.unittest.dll" id="5a8843a4-1b08-532d-9241-acaa715de5b3">
      <Execution id="dd1f3677-e81e-4a2f-803a-0ed1d03a8841" />
      <TestMethod codeBase="D:\actions-runner\_work\XPCO\XPCO\EventServer\Server\Components\Central\Server\unittest\bin\x64\Debug\VideoOS.Event.Server.UnitTest.dll" adapterTypeName="executor://mstestadapter/v2" className="VideoOS.Event.Server.Map.UnitTest.VisualElementStatusCalculatorTest" name="TestGetStatusForAllObjectsOfTypeWithMultipleTrees" />
    </UnitTest>
    <UnitTest name="TestGetIconDataThrowingUnhandledException" storage="d:\actions-runner\_work\xpco\xpco\eventserver\server\components\central\server\unittest\bin\x64\debug\videoos.event.server.unittest.dll" id="8abea1fb-283d-af2d-c3b8-2ae185aa87f2">
      <TestCategory>
        <TestCategoryItem TestCategory="WebService/Map" />
      </TestCategory>
      <Execution id="ba4c7cb0-7714-4fb7-a37a-fa868710fcc7" />
      <TestMethod codeBase="D:\actions-runner\_work\XPCO\XPCO\EventServer\Server\Components\Central\Server\unittest\bin\x64\Debug\VideoOS.Event.Server.UnitTest.dll" adapterTypeName="executor://mstestadapter/v2" className="VideoOS.Event.Server.WebService.Map.UnitTest.MapCommandTokenTest" name="TestGetIconDataThrowingUnhandledException" />
    </UnitTest>
    <UnitTest name="Encrypt_ShouldRaiseArgumentNullException_WhenUnencryptedValueIsNull" storage="d:\actions-runner\_work\xpco\xpco\eventserver\server\components\central\server\unittest\bin\x64\debug\videoos.event.server.unittest.dll" id="e189c542-bfd9-e0c5-f53f-47ea5e2b3951">
      <TestCategory>
        <TestCategoryItem TestCategory="Security" />
      </TestCategory>
      <Execution id="73167b25-d350-43ac-be94-967e92c7d0f7" />
      <TestMethod codeBase="D:\actions-runner\_work\XPCO\XPCO\EventServer\Server\Components\Central\Server\unittest\bin\x64\Debug\VideoOS.Event.Server.UnitTest.dll" adapterTypeName="executor://mstestadapter/v2" className="VideoOS.Event.Server.UnitTest.Security.EncryptionServiceTest" name="Encrypt_ShouldRaiseArgumentNullException_WhenUnencryptedValueIsNull" />
    </UnitTest>
    <UnitTest name="TestTypeIDWithNoMapPlugInType" storage="d:\actions-runner\_work\xpco\xpco\eventserver\server\components\central\server\unittest\bin\x64\debug\videoos.event.server.unittest.dll" id="3021f3ce-39a9-063c-5890-28208b88f4b4">
      <Execution id="1124ee87-0232-47c5-89b4-f9bbb279ec80" />
      <TestMethod codeBase="D:\actions-runner\_work\XPCO\XPCO\EventServer\Server\Components\Central\Server\unittest\bin\x64\Debug\VideoOS.Event.Server.UnitTest.dll" adapterTypeName="executor://mstestadapter/v2" className="VideoOS.Event.Server.MIP.PlugIn.UnitTest.MapPlugInTypeEventHandlerTest" name="TestTypeIDWithNoMapPlugInType" />
    </UnitTest>
    <UnitTest name="GetData_ReturnsAccessControlData_WhenAccessControlEvent" storage="d:\actions-runner\_work\xpco\xpco\eventserver\server\components\central\server\unittest\bin\x64\debug\videoos.event.server.unittest.dll" id="e2ee6963-65a5-363e-7d56-a973ec371926">
      <Execution id="051a5b7e-eb47-467c-ae69-a68096c805ea" />
      <TestMethod codeBase="D:\actions-runner\_work\XPCO\XPCO\EventServer\Server\Components\Central\Server\unittest\bin\x64\Debug\VideoOS.Event.Server.UnitTest.dll" adapterTypeName="executor://mstestadapter/v2" className="VideoOS.Event.Server.UnitTest.Event.MapperEventDataProviderTest" name="GetData_ReturnsAccessControlData_WhenAccessControlEvent" />
    </UnitTest>
    <UnitTest name="TestGetVisualization" storage="d:\actions-runner\_work\xpco\xpco\eventserver\server\components\central\server\unittest\bin\x64\debug\videoos.event.server.unittest.dll" id="a8fd67e6-c2f7-59ce-5a9b-76c86da6af8a">
      <Execution id="82448121-c5bb-4fff-827d-a7f80da66c1a" />
      <TestMethod codeBase="D:\actions-runner\_work\XPCO\XPCO\EventServer\Server\Components\Central\Server\unittest\bin\x64\Debug\VideoOS.Event.Server.UnitTest.dll" adapterTypeName="executor://mstestadapter/v2" className="VideoOS.Event.Server.WebService.Status.UnitTest.StatusCommandToken2Test" name="TestGetVisualization" />
    </UnitTest>
    <UnitTest name="TestRemoveElementWithServerIdPointingToADifferentServer" storage="d:\actions-runner\_work\xpco\xpco\eventserver\server\components\central\server\unittest\bin\x64\debug\videoos.event.server.unittest.dll" id="baaab09b-6eca-5e98-86f6-dac293760416">
      <Execution id="655e0180-4316-4fb3-bc15-e4be4036d315" />
      <TestMethod codeBase="D:\actions-runner\_work\XPCO\XPCO\EventServer\Server\Components\Central\Server\unittest\bin\x64\Debug\VideoOS.Event.Server.UnitTest.dll" adapterTypeName="executor://mstestadapter/v2" className="VideoOS.Event.Server.Map.UnitTest.VisualElementManagerTest" name="TestRemoveElementWithServerIdPointingToADifferentServer" />
    </UnitTest>
    <UnitTest name="TestValidateWithIncorrectUserTypeUnknownIdentityType" storage="d:\actions-runner\_work\xpco\xpco\eventserver\server\components\central\server\unittest\bin\x64\debug\videoos.event.server.unittest.dll" id="d316698a-5791-6b44-a6a4-aac621873402">
      <Execution id="db134fb2-d5e5-4733-a0b8-4b0d00ceb7b8" />
      <TestMethod codeBase="D:\actions-runner\_work\XPCO\XPCO\EventServer\Server\Components\Central\Server\unittest\bin\x64\Debug\VideoOS.Event.Server.UnitTest.dll" adapterTypeName="executor://mstestadapter/v2" className="VideoOS.EventServer.UnitTest.UserValidation.AccessControlCredentialValidationTest" name="TestValidateWithIncorrectUserTypeUnknownIdentityType" />
    </UnitTest>
    <UnitTest name="TestGetObjectNotAuthenticated" storage="d:\actions-runner\_work\xpco\xpco\eventserver\server\components\central\server\unittest\bin\x64\debug\videoos.event.server.unittest.dll" id="2c31726a-4faa-5736-d168-0f50b1e86978">
      <TestCategory>
        <TestCategoryItem TestCategory="WebService/Map" />
      </TestCategory>
      <Execution id="39c62009-628b-44ec-9a59-e8808af20849" />
      <TestMethod codeBase="D:\actions-runner\_work\XPCO\XPCO\EventServer\Server\Components\Central\Server\unittest\bin\x64\Debug\VideoOS.Event.Server.UnitTest.dll" adapterTypeName="executor://mstestadapter/v2" className="VideoOS.Event.Server.WebService.Map.UnitTest.MapCommandCredentialsTest" name="TestGetObjectNotAuthenticated" />
    </UnitTest>
    <UnitTest name="TestAddUserAfterConfigHostAdded" storage="d:\actions-runner\_work\xpco\xpco\eventserver\server\components\central\server\unittest\bin\x64\debug\videoos.event.server.unittest.dll" id="fbfea2c3-4942-2b1b-7392-35cb54fb0985">
      <TestCategory>
        <TestCategoryItem TestCategory="PermissionManagerFetcher" />
      </TestCategory>
      <Execution id="d52754d2-0df3-43a0-b50d-bb10d41e4838" />
      <TestMethod codeBase="D:\actions-runner\_work\XPCO\XPCO\EventServer\Server\Components\Central\Server\unittest\bin\x64\Debug\VideoOS.Event.Server.UnitTest.dll" adapterTypeName="executor://mstestadapter/v2" className="VideoOS.Event.Server.UnitTest.Security.PermissionFetcherTest" name="TestAddUserAfterConfigHostAdded" />
    </UnitTest>
    <UnitTest name="TestInsertElementWithUsedRelationId" storage="d:\actions-runner\_work\xpco\xpco\eventserver\server\components\central\server\unittest\bin\x64\debug\videoos.event.server.unittest.dll" id="e70f92fc-f1d3-cec4-b7e4-b0ff367f2fb1">
      <Execution id="db84c0f8-9969-413a-a19b-a42b5a9726a9" />
      <TestMethod codeBase="D:\actions-runner\_work\XPCO\XPCO\EventServer\Server\Components\Central\Server\unittest\bin\x64\Debug\VideoOS.Event.Server.UnitTest.dll" adapterTypeName="executor://mstestadapter/v2" className="VideoOS.Event.Server.Map.UnitTest.VisualElementManagerTest" name="TestInsertElementWithUsedRelationId" />
    </UnitTest>
    <UnitTest name="TestSetVisualization" storage="d:\actions-runner\_work\xpco\xpco\eventserver\server\components\central\server\unittest\bin\x64\debug\videoos.event.server.unittest.dll" id="ef7cf599-7d95-fc05-72c3-321993c498c1">
      <Execution id="5103d07f-698a-4f68-aa62-f575ab4f1ac5" />
      <TestMethod codeBase="D:\actions-runner\_work\XPCO\XPCO\EventServer\Server\Components\Central\Server\unittest\bin\x64\Debug\VideoOS.Event.Server.UnitTest.dll" adapterTypeName="executor://mstestadapter/v2" className="VideoOS.Event.Server.WebService.Status.UnitTest.StatusCommandToken2Test" name="TestSetVisualization" />
    </UnitTest>
    <UnitTest name="TestRemoveElementInCylicTreeAndFindCorrecRoot" storage="d:\actions-runner\_work\xpco\xpco\eventserver\server\components\central\server\unittest\bin\x64\debug\videoos.event.server.unittest.dll" id="d2786c03-a5df-3be9-c79c-b2954f993da4">
      <Execution id="110033bc-eaa8-4399-b123-ab9bc8cf9439" />
      <TestMethod codeBase="D:\actions-runner\_work\XPCO\XPCO\EventServer\Server\Components\Central\Server\unittest\bin\x64\Debug\VideoOS.Event.Server.UnitTest.dll" adapterTypeName="executor://mstestadapter/v2" className="VideoOS.Event.Server.Map.UnitTest.VisualElementManagerTest" name="TestRemoveElementInCylicTreeAndFindCorrecRoot" />
    </UnitTest>
    <UnitTest name="TestDeleteObjectAndChildObjectsWithValidParameters" storage="d:\actions-runner\_work\xpco\xpco\eventserver\server\components\central\server\unittest\bin\x64\debug\videoos.event.server.unittest.dll" id="a76e2dc6-ff7b-3171-d211-7b82037560b6">
      <TestCategory>
        <TestCategoryItem TestCategory="WebService/Map" />
      </TestCategory>
      <Execution id="c87a53fa-a1ab-451d-9204-21ca2d8030ab" />
      <TestMethod codeBase="D:\actions-runner\_work\XPCO\XPCO\EventServer\Server\Components\Central\Server\unittest\bin\x64\Debug\VideoOS.Event.Server.UnitTest.dll" adapterTypeName="executor://mstestadapter/v2" className="VideoOS.Event.Server.WebService.Map.UnitTest.MapCommandCredentialsTest" name="TestDeleteObjectAndChildObjectsWithValidParameters" />
    </UnitTest>
    <UnitTest name="TestUpdateStateWithAuthentication" storage="d:\actions-runner\_work\xpco\xpco\eventserver\server\components\central\server\unittest\bin\x64\debug\videoos.event.server.unittest.dll" id="d71c0ca9-13c6-627c-b94a-f4654b08b416">
      <Execution id="967e1831-8a1b-4620-9167-13ebaa10af6a" />
      <TestMethod codeBase="D:\actions-runner\_work\XPCO\XPCO\EventServer\Server\Components\Central\Server\unittest\bin\x64\Debug\VideoOS.Event.Server.UnitTest.dll" adapterTypeName="executor://mstestadapter/v2" className="VideoOS.Event.Server.Map.Data.UnitTest.StatusElementServerTest" name="TestUpdateStateWithAuthentication" />
    </UnitTest>
    <UnitTest name="WebServiceCommandBaseTest_ValidateUserId" storage="d:\actions-runner\_work\xpco\xpco\eventserver\server\components\central\server\unittest\bin\x64\debug\videoos.event.server.unittest.dll" id="fc0cc794-4fc9-7c17-588f-d7d9b4039cbc">
      <Execution id="f5f41e65-047d-42cf-bba3-25d9963428f0" />
      <TestMethod codeBase="D:\actions-runner\_work\XPCO\XPCO\EventServer\Server\Components\Central\Server\unittest\bin\x64\Debug\VideoOS.Event.Server.UnitTest.dll" adapterTypeName="executor://mstestadapter/v2" className="VideoOS.Event.Server.UnitTest.WebService.Action.WebServiceAdminCommandBaseTest" name="WebServiceCommandBaseTest_ValidateUserId" />
    </UnitTest>
    <UnitTest name="TestSetVisualizationNotAuthenticated" storage="d:\actions-runner\_work\xpco\xpco\eventserver\server\components\central\server\unittest\bin\x64\debug\videoos.event.server.unittest.dll" id="1d2192d4-d15d-69d2-7e4c-7b28b433796d">
      <Execution id="1b978101-36b2-4aeb-8605-13f833b84247" />
      <TestMethod codeBase="D:\actions-runner\_work\XPCO\XPCO\EventServer\Server\Components\Central\Server\unittest\bin\x64\Debug\VideoOS.Event.Server.UnitTest.dll" adapterTypeName="executor://mstestadapter/v2" className="VideoOS.Event.Server.WebService.Status.UnitTest.StatusCommandCredentialsTest" name="TestSetVisualizationNotAuthenticated" />
    </UnitTest>
    <UnitTest name="TestProperties" storage="d:\actions-runner\_work\xpco\xpco\eventserver\server\components\central\server\unittest\bin\x64\debug\videoos.event.server.unittest.dll" id="39827c9d-0a3a-6549-39f1-5086a67e0ad2">
      <Execution id="89de6343-6999-4679-bb97-677077f657fa" />
      <TestMethod codeBase="D:\actions-runner\_work\XPCO\XPCO\EventServer\Server\Components\Central\Server\unittest\bin\x64\Debug\VideoOS.Event.Server.UnitTest.dll" adapterTypeName="executor://mstestadapter/v2" className="VideoOS.Event.Server.Communication.Data.UnitTest.EngineInfoTest" name="TestProperties" />
    </UnitTest>
    <UnitTest name="TestGet" storage="d:\actions-runner\_work\xpco\xpco\eventserver\server\components\central\server\unittest\bin\x64\debug\videoos.event.server.unittest.dll" id="d8f8eb56-2b15-eb7e-8712-bb04521f6286">
      <Execution id="9adafa74-e4f4-4aa8-867b-4e07f43f11ed" />
      <TestMethod codeBase="D:\actions-runner\_work\XPCO\XPCO\EventServer\Server\Components\Central\Server\unittest\bin\x64\Debug\VideoOS.Event.Server.UnitTest.dll" adapterTypeName="executor://mstestadapter/v2" className="VideoOS.Event.Server.WebService.Alarm.UnitTest.AlarmCommandTokenTest" name="TestGet" />
    </UnitTest>
    <UnitTest name="TestGetXmlWithNullData" storage="d:\actions-runner\_work\xpco\xpco\eventserver\server\components\central\server\unittest\bin\x64\debug\videoos.event.server.unittest.dll" id="8eb6fb87-99ba-1360-e0aa-c090c9e0ad00">
      <Execution id="0c3a70e6-5240-4c36-92cd-90c2c5cd90e8" />
      <TestMethod codeBase="D:\actions-runner\_work\XPCO\XPCO\EventServer\Server\Components\Central\Server\unittest\bin\x64\Debug\VideoOS.Event.Server.UnitTest.dll" adapterTypeName="executor://mstestadapter/v2" className="VideoOS.Event.Server.Map.UnitTest.VisualElementStatusCalculatorTest" name="TestGetXmlWithNullData" />
    </UnitTest>
    <UnitTest name="TestConstructor" storage="d:\actions-runner\_work\xpco\xpco\eventserver\server\components\central\server\unittest\bin\x64\debug\videoos.event.server.unittest.dll" id="656e298d-2d36-cfe0-be8f-80e929d07c74">
      <Execution id="5ab8044d-7261-4c3a-85a4-183d4f86c988" />
      <TestMethod codeBase="D:\actions-runner\_work\XPCO\XPCO\EventServer\Server\Components\Central\Server\unittest\bin\x64\Debug\VideoOS.Event.Server.UnitTest.dll" adapterTypeName="executor://mstestadapter/v2" className="VideoOS.Event.Server.Communication.Data.UnitTest.EngineInfoTest" name="TestConstructor" />
    </UnitTest>
    <UnitTest name="TestItemAddedWithNullValue" storage="d:\actions-runner\_work\xpco\xpco\eventserver\server\components\central\server\unittest\bin\x64\debug\videoos.event.server.unittest.dll" id="5f2caf5e-eee3-03b0-3c1f-126ec31da375">
      <Execution id="728f18f7-25cc-4ca4-b3ed-5ad4458750b6" />
      <TestMethod codeBase="D:\actions-runner\_work\XPCO\XPCO\EventServer\Server\Components\Central\Server\unittest\bin\x64\Debug\VideoOS.Event.Server.UnitTest.dll" adapterTypeName="executor://mstestadapter/v2" className="VideoOS.Event.Server.MIP.PlugIn.UnitTest.MapPlugInTypeEventHandlerTest" name="TestItemAddedWithNullValue" />
    </UnitTest>
    <UnitTest name="GetVisualElementChanges_WithZeroTimeout" storage="d:\actions-runner\_work\xpco\xpco\eventserver\server\components\central\server\unittest\bin\x64\debug\videoos.event.server.unittest.dll" id="4ac1bc51-5ce4-d59f-f7f4-70be4d49e2cc">
      <TestCategory>
        <TestCategoryItem TestCategory="WebService/Map" />
      </TestCategory>
      <Execution id="e3f789ad-33c1-476d-af81-4e11d7e391e6" />
      <TestMethod codeBase="D:\actions-runner\_work\XPCO\XPCO\EventServer\Server\Components\Central\Server\unittest\bin\x64\Debug\VideoOS.Event.Server.UnitTest.dll" adapterTypeName="executor://mstestadapter/v2" className="VideoOS.Event.Server.WebService.Map.UnitTest.MapCommandTokenTest" name="GetVisualElementChanges_WithZeroTimeout" />
    </UnitTest>
    <UnitTest name="TestCreateObjectsNotAuthenticated" storage="d:\actions-runner\_work\xpco\xpco\eventserver\server\components\central\server\unittest\bin\x64\debug\videoos.event.server.unittest.dll" id="28c920d3-d830-b6bf-033e-73fe208d66d5">
      <TestCategory>
        <TestCategoryItem TestCategory="WebService/Map" />
      </TestCategory>
      <Execution id="db0b9d38-d764-477d-8c99-8572ed4aacf6" />
      <TestMethod codeBase="D:\actions-runner\_work\XPCO\XPCO\EventServer\Server\Components\Central\Server\unittest\bin\x64\Debug\VideoOS.Event.Server.UnitTest.dll" adapterTypeName="executor://mstestadapter/v2" className="VideoOS.Event.Server.WebService.Map.UnitTest.MapCommandCredentialsTest" name="TestCreateObjectsNotAuthenticated" />
    </UnitTest>
    <UnitTest name="TestLoadXMLWithNoParametersCorrect" storage="d:\actions-runner\_work\xpco\xpco\eventserver\server\components\central\server\unittest\bin\x64\debug\videoos.event.server.unittest.dll" id="777ff963-3277-f319-2838-bef13d2153a1">
      <Execution id="2571bf60-6c60-4fc4-ab82-4706f2c5b761" />
      <TestMethod codeBase="D:\actions-runner\_work\XPCO\XPCO\EventServer\Server\Components\Central\Server\unittest\bin\x64\Debug\VideoOS.Event.Server.UnitTest.dll" adapterTypeName="executor://mstestadapter/v2" className="VideoOS.Event.Server.Map.Data.UnitTest.TypeIdStorageTest" name="TestLoadXMLWithNoParametersCorrect" />
    </UnitTest>
    <UnitTest name="TestGetObjectsWithinGPSAreaThrowingUnhandledException" storage="d:\actions-runner\_work\xpco\xpco\eventserver\server\components\central\server\unittest\bin\x64\debug\videoos.event.server.unittest.dll" id="f914520d-69ec-5ce6-58da-0eda15baf7b9">
      <TestCategory>
        <TestCategoryItem TestCategory="WebService/Map" />
      </TestCategory>
      <Execution id="15815f54-d1ba-4a22-b726-eb7853b16d2e" />
      <TestMethod codeBase="D:\actions-runner\_work\XPCO\XPCO\EventServer\Server\Components\Central\Server\unittest\bin\x64\Debug\VideoOS.Event.Server.UnitTest.dll" adapterTypeName="executor://mstestadapter/v2" className="VideoOS.Event.Server.WebService.Map.UnitTest.MapCommandToken2Test" name="TestGetObjectsWithinGPSAreaThrowingUnhandledException" />
    </UnitTest>
    <UnitTest name="TestItemAdded" storage="d:\actions-runner\_work\xpco\xpco\eventserver\server\components\central\server\unittest\bin\x64\debug\videoos.event.server.unittest.dll" id="39637e8e-5153-59f6-a7c2-66ad8f077fb6">
      <Execution id="8da953a9-6011-412f-acce-1936bb850bb0" />
      <TestMethod codeBase="D:\actions-runner\_work\XPCO\XPCO\EventServer\Server\Components\Central\Server\unittest\bin\x64\Debug\VideoOS.Event.Server.UnitTest.dll" adapterTypeName="executor://mstestadapter/v2" className="VideoOS.Event.Server.MIP.PlugIn.UnitTest.MapPlugInTypeEventHandlerTest" name="TestItemAdded" />
    </UnitTest>
    <UnitTest name="Setup_VmsTokenProvider_TempSecretExists_SecretExists_IsTrue_TempSecretFileCreated_RefreshTokenIsCalled_OnceAsync" storage="d:\actions-runner\_work\xpco\xpco\eventserver\server\components\central\server\unittest\bin\x64\debug\videoos.event.server.unittest.dll" id="f68580ba-39fa-d150-ae97-d03c8d62e8d8">
      <Execution id="6c0340ed-2a72-4d1d-82ee-a133bd5b1a7f" />
      <TestMethod codeBase="D:\actions-runner\_work\XPCO\XPCO\EventServer\Server\Components\Central\Server\unittest\bin\x64\Debug\VideoOS.Event.Server.UnitTest.dll" adapterTypeName="executor://mstestadapter/v2" className="VideoOS.Event.Server.UnitTest.Utils.VmsTokenProvider.VmsTokenProviderTests" name="Setup_VmsTokenProvider_TempSecretExists_SecretExists_IsTrue_TempSecretFileCreated_RefreshTokenIsCalled_OnceAsync" />
    </UnitTest>
    <UnitTest name="DeleteObjects_WithValidParameters" storage="d:\actions-runner\_work\xpco\xpco\eventserver\server\components\central\server\unittest\bin\x64\debug\videoos.event.server.unittest.dll" id="d93f3e6c-7a7d-c0f0-6f61-bb3e7018f3e8">
      <TestCategory>
        <TestCategoryItem TestCategory="WebService/Map" />
      </TestCategory>
      <Execution id="381e60c5-6aad-4685-b9de-808a3121248b" />
      <TestMethod codeBase="D:\actions-runner\_work\XPCO\XPCO\EventServer\Server\Components\Central\Server\unittest\bin\x64\Debug\VideoOS.Event.Server.UnitTest.dll" adapterTypeName="executor://mstestadapter/v2" className="VideoOS.Event.Server.WebService.Map.UnitTest.MapCommandToken2Test" name="DeleteObjects_WithValidParameters" />
    </UnitTest>
    <UnitTest name="TestUpdateBoundsThrowingUnhandledException" storage="d:\actions-runner\_work\xpco\xpco\eventserver\server\components\central\server\unittest\bin\x64\debug\videoos.event.server.unittest.dll" id="5cff4ec6-47fc-95f2-23f2-32c6a732ef88">
      <TestCategory>
        <TestCategoryItem TestCategory="WebService/Map" />
      </TestCategory>
      <Execution id="ed69234c-fd24-43ca-a202-b61c0a45fd7a" />
      <TestMethod codeBase="D:\actions-runner\_work\XPCO\XPCO\EventServer\Server\Components\Central\Server\unittest\bin\x64\Debug\VideoOS.Event.Server.UnitTest.dll" adapterTypeName="executor://mstestadapter/v2" className="VideoOS.Event.Server.WebService.Map.UnitTest.MapCommandCredentialsTest" name="TestUpdateBoundsThrowingUnhandledException" />
    </UnitTest>
    <UnitTest name="Stop_ShouldSetStopFetchingToTrue_WhenCalled" storage="d:\actions-runner\_work\xpco\xpco\eventserver\server\components\central\server\unittest\bin\x64\debug\videoos.event.server.unittest.dll" id="f7e7505e-f831-a4e3-cd72-f64bacc34cde">
      <TestCategory>
        <TestCategoryItem TestCategory="Security" />
      </TestCategory>
      <Execution id="3b38a969-637a-4b9e-934f-793d7eeaf42a" />
      <TestMethod codeBase="D:\actions-runner\_work\XPCO\XPCO\EventServer\Server\Components\Central\Server\unittest\bin\x64\Debug\VideoOS.Event.Server.UnitTest.dll" adapterTypeName="executor://mstestadapter/v2" className="VideoOS.Event.Server.UnitTest.Security.MasterKey.MasterKeyFetcherTest" name="Stop_ShouldSetStopFetchingToTrue_WhenCalled" />
    </UnitTest>
    <UnitTest name="TestSetVisualizationWithPropertData" storage="d:\actions-runner\_work\xpco\xpco\eventserver\server\components\central\server\unittest\bin\x64\debug\videoos.event.server.unittest.dll" id="3d09ee46-d296-1cac-c2f9-a726964f20c0">
      <Execution id="df368a5c-cd13-454b-8849-e82b3094a174" />
      <TestMethod codeBase="D:\actions-runner\_work\XPCO\XPCO\EventServer\Server\Components\Central\Server\unittest\bin\x64\Debug\VideoOS.Event.Server.UnitTest.dll" adapterTypeName="executor://mstestadapter/v2" className="VideoOS.Event.Server.Map.UnitTest.VisualElementStatusCalculatorTest" name="TestSetVisualizationWithPropertData" />
    </UnitTest>
    <UnitTest name="TestGetStatusThrowingUnhandledException" storage="d:\actions-runner\_work\xpco\xpco\eventserver\server\components\central\server\unittest\bin\x64\debug\videoos.event.server.unittest.dll" id="9d00da37-99e6-64e6-3a14-1bcc1c5fdd5b">
      <Execution id="75d95473-8018-49da-ac88-4e2caf705031" />
      <TestMethod codeBase="D:\actions-runner\_work\XPCO\XPCO\EventServer\Server\Components\Central\Server\unittest\bin\x64\Debug\VideoOS.Event.Server.UnitTest.dll" adapterTypeName="executor://mstestadapter/v2" className="VideoOS.Event.Server.WebService.Status.UnitTest.StatusCommandCredentialsTest" name="TestGetStatusThrowingUnhandledException" />
    </UnitTest>
    <UnitTest name="EventConverter_ConvertBaseItemToBaseEvent_Unknown_Reference_Items" storage="d:\actions-runner\_work\xpco\xpco\eventserver\server\components\central\server\unittest\bin\x64\debug\videoos.event.server.unittest.dll" id="4721b7d6-5cc2-c57e-47c7-b954ad458df5">
      <Execution id="77658873-e9a6-43b1-b732-45fd736be985" />
      <TestMethod codeBase="D:\actions-runner\_work\XPCO\XPCO\EventServer\Server\Components\Central\Server\unittest\bin\x64\Debug\VideoOS.Event.Server.UnitTest.dll" adapterTypeName="executor://mstestadapter/v2" className="VideoOS.Event.Server.UnitTest.Utils.EventConverterTest" name="EventConverter_ConvertBaseItemToBaseEvent_Unknown_Reference_Items" />
    </UnitTest>
    <UnitTest name="TestUpdateElementsWithRelationIdAllreadyInUseButOnADifferentServer" storage="d:\actions-runner\_work\xpco\xpco\eventserver\server\components\central\server\unittest\bin\x64\debug\videoos.event.server.unittest.dll" id="2e10328f-e53a-3f72-c895-1355a1a8e2b1">
      <Execution id="1b6857a8-a620-4026-8935-20c5a54d367b" />
      <TestMethod codeBase="D:\actions-runner\_work\XPCO\XPCO\EventServer\Server\Components\Central\Server\unittest\bin\x64\Debug\VideoOS.Event.Server.UnitTest.dll" adapterTypeName="executor://mstestadapter/v2" className="VideoOS.Event.Server.Map.UnitTest.VisualElementManagerTest" name="TestUpdateElementsWithRelationIdAllreadyInUseButOnADifferentServer" />
    </UnitTest>
    <UnitTest name="TestGetPlugInItemChangesWithNegativeTimeout" storage="d:\actions-runner\_work\xpco\xpco\eventserver\server\components\central\server\unittest\bin\x64\debug\videoos.event.server.unittest.dll" id="b729c544-ff94-b88c-81d9-2769a166e5be">
      <TestCategory>
        <TestCategoryItem TestCategory="WebService/Map" />
      </TestCategory>
      <Execution id="9f462b18-5f66-4789-b63c-f944ab8de687" />
      <TestMethod codeBase="D:\actions-runner\_work\XPCO\XPCO\EventServer\Server\Components\Central\Server\unittest\bin\x64\Debug\VideoOS.Event.Server.UnitTest.dll" adapterTypeName="executor://mstestadapter/v2" className="VideoOS.Event.Server.WebService.Map.UnitTest.MapCommandTokenTest" name="TestGetPlugInItemChangesWithNegativeTimeout" />
    </UnitTest>
    <UnitTest name="TestGetTypeChangedWithInvalidUser" storage="d:\actions-runner\_work\xpco\xpco\eventserver\server\components\central\server\unittest\bin\x64\debug\videoos.event.server.unittest.dll" id="ca7368aa-77ae-e255-1637-45c6b94c7a42">
      <TestCategory>
        <TestCategoryItem TestCategory="WebService/Map" />
      </TestCategory>
      <Execution id="53cbeba6-5f1c-4840-b7f8-32539c1300fe" />
      <TestMethod codeBase="D:\actions-runner\_work\XPCO\XPCO\EventServer\Server\Components\Central\Server\unittest\bin\x64\Debug\VideoOS.Event.Server.UnitTest.dll" adapterTypeName="executor://mstestadapter/v2" className="VideoOS.Event.Server.WebService.Map.UnitTest.MapCommandTokenTest" name="TestGetTypeChangedWithInvalidUser" />
    </UnitTest>
    <UnitTest name="TestGetStatusForAllObjectsWithComplexCyclicMaps" storage="d:\actions-runner\_work\xpco\xpco\eventserver\server\components\central\server\unittest\bin\x64\debug\videoos.event.server.unittest.dll" id="46b4ecf5-05d0-f8e3-bf13-32dcd4106e16">
      <Execution id="d06d0f4e-1751-4a6f-9442-47337e558e83" />
      <TestMethod codeBase="D:\actions-runner\_work\XPCO\XPCO\EventServer\Server\Components\Central\Server\unittest\bin\x64\Debug\VideoOS.Event.Server.UnitTest.dll" adapterTypeName="executor://mstestadapter/v2" className="VideoOS.Event.Server.Map.UnitTest.VisualElementStatusCalculatorTest" name="TestGetStatusForAllObjectsWithComplexCyclicMaps" />
    </UnitTest>
    <UnitTest name="TestUpdateElementWithTwoCyclicRelationsWithSameParent" storage="d:\actions-runner\_work\xpco\xpco\eventserver\server\components\central\server\unittest\bin\x64\debug\videoos.event.server.unittest.dll" id="d79f44b2-f93c-761f-f728-c4580e0cf038">
      <Execution id="172f9f19-d016-4a58-bc52-78d040b1f0e8" />
      <TestMethod codeBase="D:\actions-runner\_work\XPCO\XPCO\EventServer\Server\Components\Central\Server\unittest\bin\x64\Debug\VideoOS.Event.Server.UnitTest.dll" adapterTypeName="executor://mstestadapter/v2" className="VideoOS.Event.Server.Map.UnitTest.VisualElementManagerTest" name="TestUpdateElementWithTwoCyclicRelationsWithSameParent" />
    </UnitTest>
    <UnitTest name="TestUpdateElementNameWithOldTimestampAndForce" storage="d:\actions-runner\_work\xpco\xpco\eventserver\server\components\central\server\unittest\bin\x64\debug\videoos.event.server.unittest.dll" id="6e5746df-a7d7-6d61-bc75-42a7a684ac36">
      <Execution id="692fffc5-2852-4bb2-8a5f-0216290a23a3" />
      <TestMethod codeBase="D:\actions-runner\_work\XPCO\XPCO\EventServer\Server\Components\Central\Server\unittest\bin\x64\Debug\VideoOS.Event.Server.UnitTest.dll" adapterTypeName="executor://mstestadapter/v2" className="VideoOS.Event.Server.Map.UnitTest.VisualElementManagerTest" name="TestUpdateElementNameWithOldTimestampAndForce" />
    </UnitTest>
    <UnitTest name="TestAddLiveCacheWithNullData" storage="d:\actions-runner\_work\xpco\xpco\eventserver\server\components\central\server\unittest\bin\x64\debug\videoos.event.server.unittest.dll" id="e57cf4c2-4e25-5fbe-8127-a1aed3da19ed">
      <TestCategory>
        <TestCategoryItem TestCategory="DatabaseConfigurableDataCache" />
      </TestCategory>
      <Execution id="531828bd-e4c8-46ba-b21a-de613dc6b29c" />
      <TestMethod codeBase="D:\actions-runner\_work\XPCO\XPCO\EventServer\Server\Components\Central\Server\unittest\bin\x64\Debug\VideoOS.Event.Server.UnitTest.dll" adapterTypeName="executor://mstestadapter/v2" className="VideoOS.EventServer.Config.UnitTest.DatabaseConfigurableDataCacheTest" name="TestAddLiveCacheWithNullData" />
    </UnitTest>
    <UnitTest name="UpdateObject_WithValidParameters" storage="d:\actions-runner\_work\xpco\xpco\eventserver\server\components\central\server\unittest\bin\x64\debug\videoos.event.server.unittest.dll" id="c0cecc77-98be-30da-2092-70881af7cc87">
      <TestCategory>
        <TestCategoryItem TestCategory="WebService/Map" />
      </TestCategory>
      <Execution id="01062479-0a99-4e7b-87bb-81a0f1141f76" />
      <TestMethod codeBase="D:\actions-runner\_work\XPCO\XPCO\EventServer\Server\Components\Central\Server\unittest\bin\x64\Debug\VideoOS.Event.Server.UnitTest.dll" adapterTypeName="executor://mstestadapter/v2" className="VideoOS.Event.Server.WebService.Map.UnitTest.MapCommandTokenTest" name="UpdateObject_WithValidParameters" />
    </UnitTest>
    <UnitTest name="TestCopyConstructor" storage="d:\actions-runner\_work\xpco\xpco\eventserver\server\components\central\server\unittest\bin\x64\debug\videoos.event.server.unittest.dll" id="3ed5199e-45f8-2091-36df-67dafeedfe41">
      <Execution id="ba03f2de-8ebf-47d5-bce3-7023a1b4879b" />
      <TestMethod codeBase="D:\actions-runner\_work\XPCO\XPCO\EventServer\Server\Components\Central\Server\unittest\bin\x64\Debug\VideoOS.Event.Server.UnitTest.dll" adapterTypeName="executor://mstestadapter/v2" className="VideoOS.Event.Server.Map.Data.UnitTest.StatusElementTest" name="TestCopyConstructor" />
    </UnitTest>
    <UnitTest name="TestID" storage="d:\actions-runner\_work\xpco\xpco\eventserver\server\components\central\server\unittest\bin\x64\debug\videoos.event.server.unittest.dll" id="6488b4e1-85d5-895b-3547-5a9de2e90989">
      <Execution id="a221a36c-8caa-4cf2-9337-1a5a538a8b72" />
      <TestMethod codeBase="D:\actions-runner\_work\XPCO\XPCO\EventServer\Server\Components\Central\Server\unittest\bin\x64\Debug\VideoOS.Event.Server.UnitTest.dll" adapterTypeName="executor://mstestadapter/v2" className="VideoOS.Event.Server.MIP.PlugIn.UnitTest.MapPlugInEventHandlerTest" name="TestID" />
    </UnitTest>
    <UnitTest name="TestUpdateWithNewItemId" storage="d:\actions-runner\_work\xpco\xpco\eventserver\server\components\central\server\unittest\bin\x64\debug\videoos.event.server.unittest.dll" id="5b4a64c0-5613-127b-50cc-55be5f9c3fed">
      <TestCategory>
        <TestCategoryItem TestCategory="MapPlugInInternalItem" />
      </TestCategory>
      <Execution id="8f2ac346-f146-4803-84ca-aa153b057b99" />
      <TestMethod codeBase="D:\actions-runner\_work\XPCO\XPCO\EventServer\Server\Components\Central\Server\unittest\bin\x64\Debug\VideoOS.Event.Server.UnitTest.dll" adapterTypeName="executor://mstestadapter/v2" className="VideoOS.Event.Server.MIP.PlugIn.UnitTest.MapPlugInInternalItemTest" name="TestUpdateWithNewItemId" />
    </UnitTest>
    <UnitTest name="TestGetVisualizationChangesWithInvalidUser" storage="d:\actions-runner\_work\xpco\xpco\eventserver\server\components\central\server\unittest\bin\x64\debug\videoos.event.server.unittest.dll" id="4c84501d-a184-f925-56ca-5fda70b2fc61">
      <Execution id="e8622bab-d586-4796-854f-b54d85567959" />
      <TestMethod codeBase="D:\actions-runner\_work\XPCO\XPCO\EventServer\Server\Components\Central\Server\unittest\bin\x64\Debug\VideoOS.Event.Server.UnitTest.dll" adapterTypeName="executor://mstestadapter/v2" className="VideoOS.Event.Server.WebService.Status.UnitTest.StatusCommandToken2Test" name="TestGetVisualizationChangesWithInvalidUser" />
    </UnitTest>
    <UnitTest name="TestGetVisualizationChangesThrowingUnhandledException" storage="d:\actions-runner\_work\xpco\xpco\eventserver\server\components\central\server\unittest\bin\x64\debug\videoos.event.server.unittest.dll" id="efb8c50b-ed0d-ed7a-3651-6dacba1bc765">
      <Execution id="5bbb1b34-0ebc-42a7-8aba-dff21721ea94" />
      <TestMethod codeBase="D:\actions-runner\_work\XPCO\XPCO\EventServer\Server\Components\Central\Server\unittest\bin\x64\Debug\VideoOS.Event.Server.UnitTest.dll" adapterTypeName="executor://mstestadapter/v2" className="VideoOS.Event.Server.WebService.Status.UnitTest.StatusCommandCredentialsTest" name="TestGetVisualizationChangesThrowingUnhandledException" />
    </UnitTest>
    <UnitTest name="TestGetVisualizationChangesThrowingUnhandledException" storage="d:\actions-runner\_work\xpco\xpco\eventserver\server\components\central\server\unittest\bin\x64\debug\videoos.event.server.unittest.dll" id="d07ef90d-5b74-2045-9ed5-456e0bc6bd37">
      <Execution id="81b20688-6102-4510-b0ef-318c98b97354" />
      <TestMethod codeBase="D:\actions-runner\_work\XPCO\XPCO\EventServer\Server\Components\Central\Server\unittest\bin\x64\Debug\VideoOS.Event.Server.UnitTest.dll" adapterTypeName="executor://mstestadapter/v2" className="VideoOS.Event.Server.WebService.Status.UnitTest.StatusCommandToken2Test" name="TestGetVisualizationChangesThrowingUnhandledException" />
    </UnitTest>
    <UnitTest name="TestGetVisualizationNotAuthenticated" storage="d:\actions-runner\_work\xpco\xpco\eventserver\server\components\central\server\unittest\bin\x64\debug\videoos.event.server.unittest.dll" id="4920ef1a-ec63-940a-6c12-3ff42fd4dece">
      <Execution id="2c3d206e-45b5-4b4e-b730-52baae2582a7" />
      <TestMethod codeBase="D:\actions-runner\_work\XPCO\XPCO\EventServer\Server\Components\Central\Server\unittest\bin\x64\Debug\VideoOS.Event.Server.UnitTest.dll" adapterTypeName="executor://mstestadapter/v2" className="VideoOS.Event.Server.WebService.Status.UnitTest.StatusCommandCredentialsTest" name="TestGetVisualizationNotAuthenticated" />
    </UnitTest>
    <UnitTest name="TestChildTimestampGetSet" storage="d:\actions-runner\_work\xpco\xpco\eventserver\server\components\central\server\unittest\bin\x64\debug\videoos.event.server.unittest.dll" id="64f18a27-c96f-411e-32ee-ee222b9e690a">
      <Execution id="1e85e162-cba7-4f40-a50a-3060fd435b7c" />
      <TestMethod codeBase="D:\actions-runner\_work\XPCO\XPCO\EventServer\Server\Components\Central\Server\unittest\bin\x64\Debug\VideoOS.Event.Server.UnitTest.dll" adapterTypeName="executor://mstestadapter/v2" className="VideoOS.Event.Server.Map.Data.UnitTest.VisualElementStorageTest" name="TestChildTimestampGetSet" />
    </UnitTest>
    <UnitTest name="GetAllObjectsOnVisualElement_FilteringAllDifferentServerRelations" storage="d:\actions-runner\_work\xpco\xpco\eventserver\server\components\central\server\unittest\bin\x64\debug\videoos.event.server.unittest.dll" id="a0c28440-3fc9-873a-2f7d-9443bb37c937">
      <TestCategory>
        <TestCategoryItem TestCategory="WebService/Map" />
      </TestCategory>
      <Execution id="279bf5ca-535b-43e4-81f9-b9247652a467" />
      <TestMethod codeBase="D:\actions-runner\_work\XPCO\XPCO\EventServer\Server\Components\Central\Server\unittest\bin\x64\Debug\VideoOS.Event.Server.UnitTest.dll" adapterTypeName="executor://mstestadapter/v2" className="VideoOS.Event.Server.WebService.Map.UnitTest.MapCommandTokenTest" name="GetAllObjectsOnVisualElement_FilteringAllDifferentServerRelations" />
    </UnitTest>
    <UnitTest name="EventConverter_ParseMetadata_Metadata_Non_Guid_DeviceId" storage="d:\actions-runner\_work\xpco\xpco\eventserver\server\components\central\server\unittest\bin\x64\debug\videoos.event.server.unittest.dll" id="30df2146-14a7-8ce2-c6a0-f56527a03154">
      <Execution id="3e30985b-8d81-479e-becd-b335555b9d41" />
      <TestMethod codeBase="D:\actions-runner\_work\XPCO\XPCO\EventServer\Server\Components\Central\Server\unittest\bin\x64\Debug\VideoOS.Event.Server.UnitTest.dll" adapterTypeName="executor://mstestadapter/v2" className="VideoOS.Event.Server.UnitTest.Utils.EventConverterTest" name="EventConverter_ParseMetadata_Metadata_Non_Guid_DeviceId" />
    </UnitTest>
    <UnitTest name="GetEventSourceReturnsSourceWhenUserDefinedEvent" storage="d:\actions-runner\_work\xpco\xpco\eventserver\server\components\central\server\unittest\bin\x64\debug\videoos.event.server.unittest.dll" id="94716114-1378-122a-03d6-a0d52329cd48">
      <Execution id="1eee7bf3-b0cf-4e2a-8f68-7567e8d8e0ba" />
      <TestMethod codeBase="D:\actions-runner\_work\XPCO\XPCO\EventServer\Server\Components\Central\Server\unittest\bin\x64\Debug\VideoOS.Event.Server.UnitTest.dll" adapterTypeName="executor://mstestadapter/v2" className="VideoOS.Event.Server.UnitTest.Event.MapperEventSourceProviderTest" name="GetEventSourceReturnsSourceWhenUserDefinedEvent" />
    </UnitTest>
    <UnitTest name="TestCreateObjectsWithServerIDInRelationID" storage="d:\actions-runner\_work\xpco\xpco\eventserver\server\components\central\server\unittest\bin\x64\debug\videoos.event.server.unittest.dll" id="845a4b78-2afb-dc38-4c33-12f56ddfe7ee">
      <TestCategory>
        <TestCategoryItem TestCategory="WebService/Map" />
      </TestCategory>
      <Execution id="55cd179d-899f-48fa-af81-fa868033ffeb" />
      <TestMethod codeBase="D:\actions-runner\_work\XPCO\XPCO\EventServer\Server\Components\Central\Server\unittest\bin\x64\Debug\VideoOS.Event.Server.UnitTest.dll" adapterTypeName="executor://mstestadapter/v2" className="VideoOS.Event.Server.WebService.Map.UnitTest.MapCommandTokenTest" name="TestCreateObjectsWithServerIDInRelationID" />
    </UnitTest>
    <UnitTest name="TestUpdateElementBoundsWithValidParameters" storage="d:\actions-runner\_work\xpco\xpco\eventserver\server\components\central\server\unittest\bin\x64\debug\videoos.event.server.unittest.dll" id="1ae86f40-de65-d93c-055b-9239232d7a2e">
      <Execution id="00bf04be-8cd4-4386-a3d1-da850bcef782" />
      <TestMethod codeBase="D:\actions-runner\_work\XPCO\XPCO\EventServer\Server\Components\Central\Server\unittest\bin\x64\Debug\VideoOS.Event.Server.UnitTest.dll" adapterTypeName="executor://mstestadapter/v2" className="VideoOS.Event.Server.Map.UnitTest.VisualElementManagerTest" name="TestUpdateElementBoundsWithValidParameters" />
    </UnitTest>
    <UnitTest name="TestUpdateElementWithValidVisualElement" storage="d:\actions-runner\_work\xpco\xpco\eventserver\server\components\central\server\unittest\bin\x64\debug\videoos.event.server.unittest.dll" id="fdf1736b-60b8-c0c0-9825-483b5108a5c6">
      <Execution id="4f0a108b-843e-4f66-88c6-8f6f634bbd88" />
      <TestMethod codeBase="D:\actions-runner\_work\XPCO\XPCO\EventServer\Server\Components\Central\Server\unittest\bin\x64\Debug\VideoOS.Event.Server.UnitTest.dll" adapterTypeName="executor://mstestadapter/v2" className="VideoOS.Event.Server.Map.UnitTest.VisualElementManagerTest" name="TestUpdateElementWithValidVisualElement" />
    </UnitTest>
    <UnitTest name="TestGetVisualizationThrowingUnhandledException" storage="d:\actions-runner\_work\xpco\xpco\eventserver\server\components\central\server\unittest\bin\x64\debug\videoos.event.server.unittest.dll" id="ac15a26e-7ca7-73ef-1884-cd2492b96da4">
      <Execution id="d73fcd2e-eb2d-41e0-ae63-f111a11b3df6" />
      <TestMethod codeBase="D:\actions-runner\_work\XPCO\XPCO\EventServer\Server\Components\Central\Server\unittest\bin\x64\Debug\VideoOS.Event.Server.UnitTest.dll" adapterTypeName="executor://mstestadapter/v2" className="VideoOS.Event.Server.WebService.Status.UnitTest.StatusCommandToken2Test" name="TestGetVisualizationThrowingUnhandledException" />
    </UnitTest>
    <UnitTest name="TestGetVisualizationThrowingUnhandledException" storage="d:\actions-runner\_work\xpco\xpco\eventserver\server\components\central\server\unittest\bin\x64\debug\videoos.event.server.unittest.dll" id="a46dfba8-c336-7feb-ea33-2b4a6bd94cdd">
      <Execution id="2edd46ae-7cd2-46d8-8b94-f2ed04c345ff" />
      <TestMethod codeBase="D:\actions-runner\_work\XPCO\XPCO\EventServer\Server\Components\Central\Server\unittest\bin\x64\Debug\VideoOS.Event.Server.UnitTest.dll" adapterTypeName="executor://mstestadapter/v2" className="VideoOS.Event.Server.WebService.Status.UnitTest.StatusCommandCredentialsTest" name="TestGetVisualizationThrowingUnhandledException" />
    </UnitTest>
    <UnitTest name="TestGetVisualElementChangesWithNullId" storage="d:\actions-runner\_work\xpco\xpco\eventserver\server\components\central\server\unittest\bin\x64\debug\videoos.event.server.unittest.dll" id="52477087-f303-ed10-2285-482352c7ad94">
      <Execution id="dc3983ab-4848-4b70-aaa9-e4a831aa362f" />
      <TestMethod codeBase="D:\actions-runner\_work\XPCO\XPCO\EventServer\Server\Components\Central\Server\unittest\bin\x64\Debug\VideoOS.Event.Server.UnitTest.dll" adapterTypeName="executor://mstestadapter/v2" className="VideoOS.Event.Server.Map.UnitTest.VisualElementManagerTest" name="TestGetVisualElementChangesWithNullId" />
    </UnitTest>
    <UnitTest name="EventIdListTest_EventSource_External" storage="d:\actions-runner\_work\xpco\xpco\eventserver\server\components\central\server\unittest\bin\x64\debug\videoos.event.server.unittest.dll" id="d10b06d8-0895-1428-c17e-78808c336ae2">
      <Execution id="25ff935b-1552-4c4e-a118-7e3872c5dd46" />
      <TestMethod codeBase="D:\actions-runner\_work\XPCO\XPCO\EventServer\Server\Components\Central\Server\unittest\bin\x64\Debug\VideoOS.Event.Server.UnitTest.dll" adapterTypeName="executor://mstestadapter/v2" className="VideoOS.Event.Server.UnitTest.Event.EventIdListTest" name="EventIdListTest_EventSource_External" />
    </UnitTest>
    <UnitTest name="TestProperties" storage="d:\actions-runner\_work\xpco\xpco\eventserver\server\components\central\server\unittest\bin\x64\debug\videoos.event.server.unittest.dll" id="9322c0f2-8323-a37b-92d5-ec05121f9230">
      <Execution id="ee911db9-1256-4ee3-92e9-6508828ae298" />
      <TestMethod codeBase="D:\actions-runner\_work\XPCO\XPCO\EventServer\Server\Components\Central\Server\unittest\bin\x64\Debug\VideoOS.Event.Server.UnitTest.dll" adapterTypeName="executor://mstestadapter/v2" className="VideoOS.Event.Server.Communication.Data.UnitTest.SiteInfoEngineTest" name="TestProperties" />
    </UnitTest>
    <UnitTest name="TestInsertElementWithoutTypeId" storage="d:\actions-runner\_work\xpco\xpco\eventserver\server\components\central\server\unittest\bin\x64\debug\videoos.event.server.unittest.dll" id="e11d37c3-85ce-b634-94ea-08dd0ce22124">
      <Execution id="003f247c-b310-4842-8d1b-188ac0943f75" />
      <TestMethod codeBase="D:\actions-runner\_work\XPCO\XPCO\EventServer\Server\Components\Central\Server\unittest\bin\x64\Debug\VideoOS.Event.Server.UnitTest.dll" adapterTypeName="executor://mstestadapter/v2" className="VideoOS.Event.Server.Map.UnitTest.VisualElementManagerTest" name="TestInsertElementWithoutTypeId" />
    </UnitTest>
    <UnitTest name="WhenAlarmSearchCriteriaWithNoValuesThenEmptyString" storage="d:\actions-runner\_work\xpco\xpco\eventserver\server\components\central\server\unittest\bin\x64\debug\videoos.event.server.unittest.dll" id="c279e56a-7f3b-6836-d500-b625e938ad25">
      <Execution id="0de82aa5-ed3f-4dda-b5dc-3840fd7489ad" />
      <TestMethod codeBase="D:\actions-runner\_work\XPCO\XPCO\EventServer\Server\Components\Central\Server\unittest\bin\x64\Debug\VideoOS.Event.Server.UnitTest.dll" adapterTypeName="executor://mstestadapter/v2" className="VideoOS.Event.Server.UnitTest.WebService.Alarm.LikeSearchConditionProviderTest" name="WhenAlarmSearchCriteriaWithNoValuesThenEmptyString" />
    </UnitTest>
    <UnitTest name="TestGetIconWithKnownIcon" storage="d:\actions-runner\_work\xpco\xpco\eventserver\server\components\central\server\unittest\bin\x64\debug\videoos.event.server.unittest.dll" id="f05beade-84ad-3739-4096-007a49eee211">
      <TestCategory>
        <TestCategoryItem TestCategory="MapPlugInManagerTest" />
      </TestCategory>
      <Execution id="6511625d-7375-4a3a-9a42-2a110d8655b8" />
      <TestMethod codeBase="D:\actions-runner\_work\XPCO\XPCO\EventServer\Server\Components\Central\Server\unittest\bin\x64\Debug\VideoOS.Event.Server.UnitTest.dll" adapterTypeName="executor://mstestadapter/v2" className="VideoOS.Event.Server.MIP.PlugIn.UnitTest.MapPlugInManagerTest" name="TestGetIconWithKnownIcon" />
    </UnitTest>
    <UnitTest name="TestToServiceContextMenu" storage="d:\actions-runner\_work\xpco\xpco\eventserver\server\components\central\server\unittest\bin\x64\debug\videoos.event.server.unittest.dll" id="de00552c-cce9-bf97-be32-2abc19974927">
      <Execution id="24a375db-7c99-4186-bd1f-39527dfbaf02" />
      <TestMethod codeBase="D:\actions-runner\_work\XPCO\XPCO\EventServer\Server\Components\Central\Server\unittest\bin\x64\Debug\VideoOS.Event.Server.UnitTest.dll" adapterTypeName="executor://mstestadapter/v2" className="VideoOS.Event.Server.MIP.PlugIn.UnitTest.MapPlugInInternalContextMenuItemTest" name="TestToServiceContextMenu" />
    </UnitTest>
    <UnitTest name="TestCreateObjectsThrowingUnhandledException" storage="d:\actions-runner\_work\xpco\xpco\eventserver\server\components\central\server\unittest\bin\x64\debug\videoos.event.server.unittest.dll" id="6e4612c4-3145-1588-b9f4-048fc08fdb7d">
      <TestCategory>
        <TestCategoryItem TestCategory="WebService/Map" />
      </TestCategory>
      <Execution id="7dc2961f-5aae-47c8-9359-b058fbd14233" />
      <TestMethod codeBase="D:\actions-runner\_work\XPCO\XPCO\EventServer\Server\Components\Central\Server\unittest\bin\x64\Debug\VideoOS.Event.Server.UnitTest.dll" adapterTypeName="executor://mstestadapter/v2" className="VideoOS.Event.Server.WebService.Map.UnitTest.MapCommandCredentialsTest" name="TestCreateObjectsThrowingUnhandledException" />
    </UnitTest>
    <UnitTest name="TestUpdateDisplayXMLWithInvalidUser" storage="d:\actions-runner\_work\xpco\xpco\eventserver\server\components\central\server\unittest\bin\x64\debug\videoos.event.server.unittest.dll" id="5542dda8-0b53-5ee0-368c-965e224d9fd4">
      <TestCategory>
        <TestCategoryItem TestCategory="WebService/Map" />
      </TestCategory>
      <Execution id="ebf3ae55-a7fc-42f8-91ac-bde0b6c96733" />
      <TestMethod codeBase="D:\actions-runner\_work\XPCO\XPCO\EventServer\Server\Components\Central\Server\unittest\bin\x64\Debug\VideoOS.Event.Server.UnitTest.dll" adapterTypeName="executor://mstestadapter/v2" className="VideoOS.Event.Server.WebService.Map.UnitTest.MapCommandTokenTest" name="TestUpdateDisplayXMLWithInvalidUser" />
    </UnitTest>
    <UnitTest name="TestConstruction" storage="d:\actions-runner\_work\xpco\xpco\eventserver\server\components\central\server\unittest\bin\x64\debug\videoos.event.server.unittest.dll" id="a6dd3ec3-7984-cf17-bcf1-fb463e8dfb77">
      <Execution id="d35f5ec9-081e-46d7-a378-292e0a0a605f" />
      <TestMethod codeBase="D:\actions-runner\_work\XPCO\XPCO\EventServer\Server\Components\Central\Server\unittest\bin\x64\Debug\VideoOS.Event.Server.UnitTest.dll" adapterTypeName="executor://mstestadapter/v2" className="VideoOS.Analytics.Events.UnitTest.Server.DeviceManager.TestDeviceManagerXPCO" name="TestConstruction" />
    </UnitTest>
    <UnitTest name="TestGetStatusWithInvalidUser" storage="d:\actions-runner\_work\xpco\xpco\eventserver\server\components\central\server\unittest\bin\x64\debug\videoos.event.server.unittest.dll" id="e95dd875-7599-5e7e-b707-528a616cf3e4">
      <Execution id="0b21ec18-fe34-4cde-96bd-541f36f90c86" />
      <TestMethod codeBase="D:\actions-runner\_work\XPCO\XPCO\EventServer\Server\Components\Central\Server\unittest\bin\x64\Debug\VideoOS.Event.Server.UnitTest.dll" adapterTypeName="executor://mstestadapter/v2" className="VideoOS.Event.Server.WebService.Status.UnitTest.StatusCommandToken2Test" name="TestGetStatusWithInvalidUser" />
    </UnitTest>
    <UnitTest name="TestGetIconWithUnknownIcon" storage="d:\actions-runner\_work\xpco\xpco\eventserver\server\components\central\server\unittest\bin\x64\debug\videoos.event.server.unittest.dll" id="40a81d98-a499-52ae-1497-235c31f6f116">
      <Execution id="c3ff5b63-99f2-4548-bbff-d50af9c43fff" />
      <TestMethod codeBase="D:\actions-runner\_work\XPCO\XPCO\EventServer\Server\Components\Central\Server\unittest\bin\x64\Debug\VideoOS.Event.Server.UnitTest.dll" adapterTypeName="executor://mstestadapter/v2" className="VideoOS.Event.Server.MIP.PlugIn.UnitTest.MapPlugInTypeEventHandlerTest" name="TestGetIconWithUnknownIcon" />
    </UnitTest>
    <UnitTest name="TestGetAlarmHistoryInvalidToken" storage="d:\actions-runner\_work\xpco\xpco\eventserver\server\components\central\server\unittest\bin\x64\debug\videoos.event.server.unittest.dll" id="3b70b7a4-364d-c121-c73b-ded2f96e8718">
      <Execution id="d3f2d050-2881-4bbb-b523-ea24472a1814" />
      <TestMethod codeBase="D:\actions-runner\_work\XPCO\XPCO\EventServer\Server\Components\Central\Server\unittest\bin\x64\Debug\VideoOS.Event.Server.UnitTest.dll" adapterTypeName="executor://mstestadapter/v2" className="VideoOS.Event.Server.WebService.Alarm.UnitTest.AlarmCommandTokenTest" name="TestGetAlarmHistoryInvalidToken" />
    </UnitTest>
    <UnitTest name="TestAllSid" storage="d:\actions-runner\_work\xpco\xpco\eventserver\server\components\central\server\unittest\bin\x64\debug\videoos.event.server.unittest.dll" id="0b1e3b98-0852-b8bb-9431-9f412235997e">
      <Execution id="3597de91-3cf2-447f-850f-2c827bfa8e86" />
      <TestMethod codeBase="D:\actions-runner\_work\XPCO\XPCO\EventServer\Server\Components\Central\Server\unittest\bin\x64\Debug\VideoOS.Event.Server.UnitTest.dll" adapterTypeName="executor://mstestadapter/v2" className="VideoOS.Event.Server.UserValidation.Data.UnitTest.UserIDTest" name="TestAllSid" />
    </UnitTest>
    <UnitTest name="TestStartStopCleanUpThread" storage="d:\actions-runner\_work\xpco\xpco\eventserver\server\components\central\server\unittest\bin\x64\debug\videoos.event.server.unittest.dll" id="36eb6c0d-6170-066f-c8ea-5526b110efc3">
      <Execution id="ef2d95ea-7d91-4002-81b3-acc018a5a7a9" />
      <TestMethod codeBase="D:\actions-runner\_work\XPCO\XPCO\EventServer\Server\Components\Central\Server\unittest\bin\x64\Debug\VideoOS.Event.Server.UnitTest.dll" adapterTypeName="executor://mstestadapter/v2" className="VideoOS.Event.Server.Map.UnitTest.VisualElementManagerTest" name="TestStartStopCleanUpThread" />
    </UnitTest>
    <UnitTest name="TestValidateWithIncorrectUserTypeRole" storage="d:\actions-runner\_work\xpco\xpco\eventserver\server\components\central\server\unittest\bin\x64\debug\videoos.event.server.unittest.dll" id="8d627c14-62f3-55fc-3353-475714ef0677">
      <Execution id="43a76b87-c382-45b7-86e4-c1d7d8ff61dd" />
      <TestMethod codeBase="D:\actions-runner\_work\XPCO\XPCO\EventServer\Server\Components\Central\Server\unittest\bin\x64\Debug\VideoOS.Event.Server.UnitTest.dll" adapterTypeName="executor://mstestadapter/v2" className="VideoOS.EventServer.UnitTest.UserValidation.AccessControlCredentialValidationTest" name="TestValidateWithIncorrectUserTypeRole" />
    </UnitTest>
    <UnitTest name="TestGetState" storage="d:\actions-runner\_work\xpco\xpco\eventserver\server\components\central\server\unittest\bin\x64\debug\videoos.event.server.unittest.dll" id="f2c10cca-fc55-f413-45c2-2521cc1961e2">
      <Execution id="d2f98c0d-f065-4df8-838b-dbb40d2cd55b" />
      <TestMethod codeBase="D:\actions-runner\_work\XPCO\XPCO\EventServer\Server\Components\Central\Server\unittest\bin\x64\Debug\VideoOS.Event.Server.UnitTest.dll" adapterTypeName="executor://mstestadapter/v2" className="VideoOS.Event.Server.Map.Data.UnitTest.StatusElementTest" name="TestGetState" />
    </UnitTest>
    <UnitTest name="TypeToSourceKind_ReturnsCorrectKind_OnType" storage="d:\actions-runner\_work\xpco\xpco\eventserver\server\components\central\server\unittest\bin\x64\debug\videoos.event.server.unittest.dll" id="6de6dc72-f8d9-f1ba-36aa-0628b8fb9b24">
      <Execution id="7ff70cd2-2217-4bfc-8fca-1cb5adc4b440" />
      <TestMethod codeBase="D:\actions-runner\_work\XPCO\XPCO\EventServer\Server\Components\Central\Server\unittest\bin\x64\Debug\VideoOS.Event.Server.UnitTest.dll" adapterTypeName="executor://mstestadapter/v2" className="VideoOS.Event.Server.UnitTest.Communication.Corporate.CurrentStateToEventMapperTest" name="TypeToSourceKind_ReturnsCorrectKind_OnType" />
    </UnitTest>
    <UnitTest name="TestProperties" storage="d:\actions-runner\_work\xpco\xpco\eventserver\server\components\central\server\unittest\bin\x64\debug\videoos.event.server.unittest.dll" id="d5d6f0da-873e-4fdc-a036-967cdfb725f8">
      <Execution id="f3dcd8b6-1fd7-41f7-b5ce-bf16f65e02dd" />
      <TestMethod codeBase="D:\actions-runner\_work\XPCO\XPCO\EventServer\Server\Components\Central\Server\unittest\bin\x64\Debug\VideoOS.Event.Server.UnitTest.dll" adapterTypeName="executor://mstestadapter/v2" className="VideoOS.Event.Server.UserValidation.Data.UnitTest.UserIDTest" name="TestProperties" />
    </UnitTest>
    <UnitTest name="TestCheckAuthorizationWithEnterpriseBasicUser" storage="d:\actions-runner\_work\xpco\xpco\eventserver\server\components\central\server\unittest\bin\x64\debug\videoos.event.server.unittest.dll" id="9d2e72d6-92ec-9416-6f65-3920a3a0eb8d">
      <TestCategory>
        <TestCategoryItem TestCategory="ActionAuthorizationCache" />
      </TestCategory>
      <Execution id="72515aac-796d-40bc-b773-c6068acb3f5d" />
      <TestMethod codeBase="D:\actions-runner\_work\XPCO\XPCO\EventServer\Server\Components\Central\Server\unittest\bin\x64\Debug\VideoOS.Event.Server.UnitTest.dll" adapterTypeName="executor://mstestadapter/v2" className="VideoOS.Event.Server.UnitTest.Security.ActionAuthorizationCacheTest" name="TestCheckAuthorizationWithEnterpriseBasicUser" />
    </UnitTest>
    <UnitTest name="TestGetElementWithValidIdAndOwnerId" storage="d:\actions-runner\_work\xpco\xpco\eventserver\server\components\central\server\unittest\bin\x64\debug\videoos.event.server.unittest.dll" id="99543fcc-f796-6f95-3612-f5fd1fdfb5f7">
      <Execution id="16400cdd-22eb-4c54-94af-7860c47400a7" />
      <TestMethod codeBase="D:\actions-runner\_work\XPCO\XPCO\EventServer\Server\Components\Central\Server\unittest\bin\x64\Debug\VideoOS.Event.Server.UnitTest.dll" adapterTypeName="executor://mstestadapter/v2" className="VideoOS.Event.Server.Map.UnitTest.VisualElementManagerTest" name="TestGetElementWithValidIdAndOwnerId" />
    </UnitTest>
    <UnitTest name="TestDeleteObjectThrowingUnhandledException" storage="d:\actions-runner\_work\xpco\xpco\eventserver\server\components\central\server\unittest\bin\x64\debug\videoos.event.server.unittest.dll" id="041377db-dcc6-3c7f-3732-41e0e8b36562">
      <TestCategory>
        <TestCategoryItem TestCategory="WebService/Map" />
      </TestCategory>
      <Execution id="7a2c92f1-1354-4e5b-9fe7-eb8460640d9d" />
      <TestMethod codeBase="D:\actions-runner\_work\XPCO\XPCO\EventServer\Server\Components\Central\Server\unittest\bin\x64\Debug\VideoOS.Event.Server.UnitTest.dll" adapterTypeName="executor://mstestadapter/v2" className="VideoOS.Event.Server.WebService.Map.UnitTest.MapCommandTokenTest" name="TestDeleteObjectThrowingUnhandledException" />
    </UnitTest>
    <UnitTest name="TestConstructor" storage="d:\actions-runner\_work\xpco\xpco\eventserver\server\components\central\server\unittest\bin\x64\debug\videoos.event.server.unittest.dll" id="b4501866-0bce-5dae-c51a-1282bb076da4">
      <Execution id="e6baea3d-b5a7-4165-ae4e-e28023b19e56" />
      <TestMethod codeBase="D:\actions-runner\_work\XPCO\XPCO\EventServer\Server\Components\Central\Server\unittest\bin\x64\Debug\VideoOS.Event.Server.UnitTest.dll" adapterTypeName="executor://mstestadapter/v2" className="VideoOS.Event.Server.Map.Data.UnitTest.VisualizationStateStorageTest" name="TestConstructor" />
    </UnitTest>
    <UnitTest name="CheckAccess_ForMultipleDevices_ShouldReturnArrayOfPermissions_WhenUserExistsInDb" storage="d:\actions-runner\_work\xpco\xpco\eventserver\server\components\central\server\unittest\bin\x64\debug\videoos.event.server.unittest.dll" id="4d0f6a2e-fc6f-1af8-c276-a92921441b69">
      <Execution id="4789bdf0-10ea-4399-b7fa-7e9b03bb0776" />
      <TestMethod codeBase="D:\actions-runner\_work\XPCO\XPCO\EventServer\Server\Components\Central\Server\unittest\bin\x64\Debug\VideoOS.Event.Server.UnitTest.dll" adapterTypeName="executor://mstestadapter/v2" className="VideoOS.Event.Server.Security.UnitTest.SecurityCommunicationDBTest" name="CheckAccess_ForMultipleDevices_ShouldReturnArrayOfPermissions_WhenUserExistsInDb" />
    </UnitTest>
    <UnitTest name="TestUpdateStateSnooze" storage="d:\actions-runner\_work\xpco\xpco\eventserver\server\components\central\server\unittest\bin\x64\debug\videoos.event.server.unittest.dll" id="b2881d3b-eee1-9890-c856-d64e53b3cb2a">
      <Execution id="46468c4a-4c76-4ff1-af27-39a65bb9e8c5" />
      <TestMethod codeBase="D:\actions-runner\_work\XPCO\XPCO\EventServer\Server\Components\Central\Server\unittest\bin\x64\Debug\VideoOS.Event.Server.UnitTest.dll" adapterTypeName="executor://mstestadapter/v2" className="VideoOS.Event.Server.Map.Data.UnitTest.StatusElementMapPlugInTest" name="TestUpdateStateSnooze" />
    </UnitTest>
    <UnitTest name="GetEventSourceReturnsSourceWhenNotUserDefinedEvent" storage="d:\actions-runner\_work\xpco\xpco\eventserver\server\components\central\server\unittest\bin\x64\debug\videoos.event.server.unittest.dll" id="12586267-0673-3fe4-7439-32d08ed9f40e">
      <Execution id="e7807586-8f17-40fd-9f72-ef924a3ed627" />
      <TestMethod codeBase="D:\actions-runner\_work\XPCO\XPCO\EventServer\Server\Components\Central\Server\unittest\bin\x64\Debug\VideoOS.Event.Server.UnitTest.dll" adapterTypeName="executor://mstestadapter/v2" className="VideoOS.Event.Server.UnitTest.Event.MapperEventSourceProviderTest" name="GetEventSourceReturnsSourceWhenNotUserDefinedEvent" />
    </UnitTest>
    <UnitTest name="TestGetStatusDetails" storage="d:\actions-runner\_work\xpco\xpco\eventserver\server\components\central\server\unittest\bin\x64\debug\videoos.event.server.unittest.dll" id="ed30d7b3-6c4f-ecd9-f0c1-57184b812b54">
      <Execution id="c278cb53-25a7-4645-84d5-c3378d591dbd" />
      <TestMethod codeBase="D:\actions-runner\_work\XPCO\XPCO\EventServer\Server\Components\Central\Server\unittest\bin\x64\Debug\VideoOS.Event.Server.UnitTest.dll" adapterTypeName="executor://mstestadapter/v2" className="VideoOS.Event.Server.WebService.Status.UnitTest.StatusCommandCredentialsTest" name="TestGetStatusDetails" />
    </UnitTest>
    <UnitTest name="TestGetStatusWithInsufficientRights" storage="d:\actions-runner\_work\xpco\xpco\eventserver\server\components\central\server\unittest\bin\x64\debug\videoos.event.server.unittest.dll" id="e36b2e0a-f623-eba1-545b-39729ad80b2e">
      <Execution id="531f9ae5-9e93-4acf-94b9-54e59bbb7c05" />
      <TestMethod codeBase="D:\actions-runner\_work\XPCO\XPCO\EventServer\Server\Components\Central\Server\unittest\bin\x64\Debug\VideoOS.Event.Server.UnitTest.dll" adapterTypeName="executor://mstestadapter/v2" className="VideoOS.Event.Server.Map.UnitTest.VisualElementStatusCalculatorTest" name="TestGetStatusWithInsufficientRights" />
    </UnitTest>
    <UnitTest name="TestGetStatusForAllObjectsOfTypeThrowingUnhandledException" storage="d:\actions-runner\_work\xpco\xpco\eventserver\server\components\central\server\unittest\bin\x64\debug\videoos.event.server.unittest.dll" id="7756291f-f52b-5262-1e5f-36b49a0df8d6">
      <Execution id="5ec96511-442a-4d84-8652-8e01312a11c8" />
      <TestMethod codeBase="D:\actions-runner\_work\XPCO\XPCO\EventServer\Server\Components\Central\Server\unittest\bin\x64\Debug\VideoOS.Event.Server.UnitTest.dll" adapterTypeName="executor://mstestadapter/v2" className="VideoOS.Event.Server.WebService.Status.UnitTest.StatusCommandToken2Test" name="TestGetStatusForAllObjectsOfTypeThrowingUnhandledException" />
    </UnitTest>
    <UnitTest name="TestLoadConfigurationWithRootAndCyclicEntriesFirstInXmlFile" storage="d:\actions-runner\_work\xpco\xpco\eventserver\server\components\central\server\unittest\bin\x64\debug\videoos.event.server.unittest.dll" id="29f8d109-e7ff-8cc5-8a86-e30f52887a1b">
      <Execution id="1283dfc1-c0c4-41b0-a993-b9cdb497b74f" />
      <TestMethod codeBase="D:\actions-runner\_work\XPCO\XPCO\EventServer\Server\Components\Central\Server\unittest\bin\x64\Debug\VideoOS.Event.Server.UnitTest.dll" adapterTypeName="executor://mstestadapter/v2" className="VideoOS.Event.Server.Map.UnitTest.VisualElementStorageDatabaseTest" name="TestLoadConfigurationWithRootAndCyclicEntriesFirstInXmlFile" />
    </UnitTest>
    <UnitTest name="TestConstructor" storage="d:\actions-runner\_work\xpco\xpco\eventserver\server\components\central\server\unittest\bin\x64\debug\videoos.event.server.unittest.dll" id="3a5cb963-f3b6-06f8-49ee-bc5358ebcbe8">
      <Execution id="de884477-46b1-48ae-a738-5682bb224918" />
      <TestMethod codeBase="D:\actions-runner\_work\XPCO\XPCO\EventServer\Server\Components\Central\Server\unittest\bin\x64\Debug\VideoOS.Event.Server.UnitTest.dll" adapterTypeName="executor://mstestadapter/v2" className="VideoOS.Event.Server.Map.UnitTest.VisualElementStatusCalculatorTest" name="TestConstructor" />
    </UnitTest>
    <UnitTest name="TestGetAllElementsWithinGpsArea" storage="d:\actions-runner\_work\xpco\xpco\eventserver\server\components\central\server\unittest\bin\x64\debug\videoos.event.server.unittest.dll" id="38120862-f098-314a-3a8d-e661e83a85d7">
      <Execution id="323bbd96-920c-4841-902d-bfe1ee126ad5" />
      <TestMethod codeBase="D:\actions-runner\_work\XPCO\XPCO\EventServer\Server\Components\Central\Server\unittest\bin\x64\Debug\VideoOS.Event.Server.UnitTest.dll" adapterTypeName="executor://mstestadapter/v2" className="VideoOS.Event.Server.Map.UnitTest.VisualElementManagerTest" name="TestGetAllElementsWithinGpsArea" />
    </UnitTest>
    <UnitTest name="TestGetPlugInItemsWithInvalidUser" storage="d:\actions-runner\_work\xpco\xpco\eventserver\server\components\central\server\unittest\bin\x64\debug\videoos.event.server.unittest.dll" id="978dc265-8b9f-481c-c0ec-115bf4a2ce3f">
      <TestCategory>
        <TestCategoryItem TestCategory="WebService/Map" />
      </TestCategory>
      <Execution id="0cc7a67b-e0b8-4e48-bf2a-dbb4dcfd99eb" />
      <TestMethod codeBase="D:\actions-runner\_work\XPCO\XPCO\EventServer\Server\Components\Central\Server\unittest\bin\x64\Debug\VideoOS.Event.Server.UnitTest.dll" adapterTypeName="executor://mstestadapter/v2" className="VideoOS.Event.Server.WebService.Map.UnitTest.MapCommandToken2Test" name="TestGetPlugInItemsWithInvalidUser" />
    </UnitTest>
    <UnitTest name="TestInsertElements" storage="d:\actions-runner\_work\xpco\xpco\eventserver\server\components\central\server\unittest\bin\x64\debug\videoos.event.server.unittest.dll" id="39c30b41-7533-0217-9e2f-38f551adf1cf">
      <Execution id="621b0d9d-b724-4562-acfe-4e33b429bec8" />
      <TestMethod codeBase="D:\actions-runner\_work\XPCO\XPCO\EventServer\Server\Components\Central\Server\unittest\bin\x64\Debug\VideoOS.Event.Server.UnitTest.dll" adapterTypeName="executor://mstestadapter/v2" className="VideoOS.Event.Server.Map.UnitTest.VisualElementManagerTest" name="TestInsertElements" />
    </UnitTest>
    <UnitTest name="ShouldSave_ShouldBeFalse_AfterLoadingConfiguration" storage="d:\actions-runner\_work\xpco\xpco\eventserver\server\components\central\server\unittest\bin\x64\debug\videoos.event.server.unittest.dll" id="e3f69282-c150-c471-27ff-f7baf0f46eec">
      <Execution id="0727332a-8851-4391-8477-137ae7784e6c" />
      <TestMethod codeBase="D:\actions-runner\_work\XPCO\XPCO\EventServer\Server\Components\Central\Server\unittest\bin\x64\Debug\VideoOS.Event.Server.UnitTest.dll" adapterTypeName="executor://mstestadapter/v2" className="VideoOS.Event.Server.UnitTest.Config.EventRetentionConfigTests" name="ShouldSave_ShouldBeFalse_AfterLoadingConfiguration" />
    </UnitTest>
    <UnitTest name="TestGetStatusDetailsWithElementButInsufficientRights" storage="d:\actions-runner\_work\xpco\xpco\eventserver\server\components\central\server\unittest\bin\x64\debug\videoos.event.server.unittest.dll" id="aeed8064-29d5-e705-3bb9-042e1ea88f69">
      <Execution id="d5e7cddc-a3ef-43a8-88b5-f11c4eb8a1e7" />
      <TestMethod codeBase="D:\actions-runner\_work\XPCO\XPCO\EventServer\Server\Components\Central\Server\unittest\bin\x64\Debug\VideoOS.Event.Server.UnitTest.dll" adapterTypeName="executor://mstestadapter/v2" className="VideoOS.Event.Server.Map.UnitTest.VisualElementStatusCalculatorTest" name="TestGetStatusDetailsWithElementButInsufficientRights" />
    </UnitTest>
    <UnitTest name="UpdateDisplayXML_WithValidParameters" storage="d:\actions-runner\_work\xpco\xpco\eventserver\server\components\central\server\unittest\bin\x64\debug\videoos.event.server.unittest.dll" id="e51d5a0b-1ec1-7c7b-fb43-2477559a4db3">
      <TestCategory>
        <TestCategoryItem TestCategory="WebService/Map" />
      </TestCategory>
      <Execution id="311655fa-f704-4910-9a1d-e5c78f7126da" />
      <TestMethod codeBase="D:\actions-runner\_work\XPCO\XPCO\EventServer\Server\Components\Central\Server\unittest\bin\x64\Debug\VideoOS.Event.Server.UnitTest.dll" adapterTypeName="executor://mstestadapter/v2" className="VideoOS.Event.Server.WebService.Map.UnitTest.MapCommandToken2Test" name="UpdateDisplayXML_WithValidParameters" />
    </UnitTest>
    <UnitTest name="TestGetPlugInsAccessControl" storage="d:\actions-runner\_work\xpco\xpco\eventserver\server\components\central\server\unittest\bin\x64\debug\videoos.event.server.unittest.dll" id="9186e825-8e3d-f413-3e31-cf412d7a879d">
      <TestCategory>
        <TestCategoryItem TestCategory="MapPlugInManagerTest" />
      </TestCategory>
      <Execution id="f3efab00-b066-4efd-903a-a78c33255da4" />
      <TestMethod codeBase="D:\actions-runner\_work\XPCO\XPCO\EventServer\Server\Components\Central\Server\unittest\bin\x64\Debug\VideoOS.Event.Server.UnitTest.dll" adapterTypeName="executor://mstestadapter/v2" className="VideoOS.Event.Server.MIP.PlugIn.UnitTest.MapPlugInManagerTest" name="TestGetPlugInsAccessControl" />
    </UnitTest>
    <UnitTest name="GetObject_WithValidParameters" storage="d:\actions-runner\_work\xpco\xpco\eventserver\server\components\central\server\unittest\bin\x64\debug\videoos.event.server.unittest.dll" id="45e3d0f9-72c5-6428-8f37-e623a4e7d169">
      <TestCategory>
        <TestCategoryItem TestCategory="WebService/Map" />
      </TestCategory>
      <Execution id="5cdca681-ed77-4e83-97ac-9a295a779abe" />
      <TestMethod codeBase="D:\actions-runner\_work\XPCO\XPCO\EventServer\Server\Components\Central\Server\unittest\bin\x64\Debug\VideoOS.Event.Server.UnitTest.dll" adapterTypeName="executor://mstestadapter/v2" className="VideoOS.Event.Server.WebService.Map.UnitTest.MapCommandTokenTest" name="GetObject_WithValidParameters" />
    </UnitTest>
    <UnitTest name="GetPlugIns_WithValidParameters" storage="d:\actions-runner\_work\xpco\xpco\eventserver\server\components\central\server\unittest\bin\x64\debug\videoos.event.server.unittest.dll" id="488a10c7-6e93-71e1-532e-0f788019feb9">
      <TestCategory>
        <TestCategoryItem TestCategory="WebService/Map" />
      </TestCategory>
      <Execution id="cf8caea3-0273-4ce4-8ce3-1a09f82ba4c1" />
      <TestMethod codeBase="D:\actions-runner\_work\XPCO\XPCO\EventServer\Server\Components\Central\Server\unittest\bin\x64\Debug\VideoOS.Event.Server.UnitTest.dll" adapterTypeName="executor://mstestadapter/v2" className="VideoOS.Event.Server.WebService.Map.UnitTest.MapCommandToken2Test" name="GetPlugIns_WithValidParameters" />
    </UnitTest>
    <UnitTest name="TestGetStatusDetails" storage="d:\actions-runner\_work\xpco\xpco\eventserver\server\components\central\server\unittest\bin\x64\debug\videoos.event.server.unittest.dll" id="f9d67eef-e39a-c239-105a-88d1afb6eab7">
      <Execution id="192a86c8-5325-4604-ba2e-98bf57f0b16a" />
      <TestMethod codeBase="D:\actions-runner\_work\XPCO\XPCO\EventServer\Server\Components\Central\Server\unittest\bin\x64\Debug\VideoOS.Event.Server.UnitTest.dll" adapterTypeName="executor://mstestadapter/v2" className="VideoOS.Event.Server.WebService.Status.UnitTest.StatusCommandToken2Test" name="TestGetStatusDetails" />
    </UnitTest>
    <UnitTest name="TestUpdateState" storage="d:\actions-runner\_work\xpco\xpco\eventserver\server\components\central\server\unittest\bin\x64\debug\videoos.event.server.unittest.dll" id="10092c91-f6f5-7031-f494-8a1a4394cccd">
      <Execution id="b373319d-0d9b-49cd-9d3f-180f4cdb6abe" />
      <TestMethod codeBase="D:\actions-runner\_work\XPCO\XPCO\EventServer\Server\Components\Central\Server\unittest\bin\x64\Debug\VideoOS.Event.Server.UnitTest.dll" adapterTypeName="executor://mstestadapter/v2" className="VideoOS.Event.Server.Map.Data.UnitTest.StatusElementHotzoneTest" name="TestUpdateState" />
    </UnitTest>
    <UnitTest name="TestGetStatusDetails" storage="d:\actions-runner\_work\xpco\xpco\eventserver\server\components\central\server\unittest\bin\x64\debug\videoos.event.server.unittest.dll" id="adb75ea3-f777-5203-f799-d1fc58ef10b1">
      <Execution id="ab91164c-7945-4c81-871e-c7e32bd96ba9" />
      <TestMethod codeBase="D:\actions-runner\_work\XPCO\XPCO\EventServer\Server\Components\Central\Server\unittest\bin\x64\Debug\VideoOS.Event.Server.UnitTest.dll" adapterTypeName="executor://mstestadapter/v2" className="VideoOS.Event.Server.WebService.Status.UnitTest.StatusCommandTokenTest" name="TestGetStatusDetails" />
    </UnitTest>
    <UnitTest name="TestUpdateElementNameWithOldTimestamp" storage="d:\actions-runner\_work\xpco\xpco\eventserver\server\components\central\server\unittest\bin\x64\debug\videoos.event.server.unittest.dll" id="a09789c3-f697-5663-6a05-6fa2cb53c4e5">
      <Execution id="3ba98898-41da-48b1-bc76-b716b2f4be34" />
      <TestMethod codeBase="D:\actions-runner\_work\XPCO\XPCO\EventServer\Server\Components\Central\Server\unittest\bin\x64\Debug\VideoOS.Event.Server.UnitTest.dll" adapterTypeName="executor://mstestadapter/v2" className="VideoOS.Event.Server.Map.UnitTest.VisualElementManagerTest" name="TestUpdateElementNameWithOldTimestamp" />
    </UnitTest>
    <UnitTest name="TestGetAlarmLinesException" storage="d:\actions-runner\_work\xpco\xpco\eventserver\server\components\central\server\unittest\bin\x64\debug\videoos.event.server.unittest.dll" id="95ca8a16-aa33-d88a-0f3b-3cf47cc95988">
      <Execution id="8ed2f1fb-6a1f-43cd-8613-e5b97b379a81" />
      <TestMethod codeBase="D:\actions-runner\_work\XPCO\XPCO\EventServer\Server\Components\Central\Server\unittest\bin\x64\Debug\VideoOS.Event.Server.UnitTest.dll" adapterTypeName="executor://mstestadapter/v2" className="VideoOS.Event.Server.WebService.Alarm.UnitTest.AlarmCommandTokenTest" name="TestGetAlarmLinesException" />
    </UnitTest>
    <UnitTest name="TestSetVisualization" storage="d:\actions-runner\_work\xpco\xpco\eventserver\server\components\central\server\unittest\bin\x64\debug\videoos.event.server.unittest.dll" id="6f6d8299-aebe-4419-b1c6-5d039f069125">
      <Execution id="25cf645f-8e86-43e6-bd77-ae2994b5642f" />
      <TestMethod codeBase="D:\actions-runner\_work\XPCO\XPCO\EventServer\Server\Components\Central\Server\unittest\bin\x64\Debug\VideoOS.Event.Server.UnitTest.dll" adapterTypeName="executor://mstestadapter/v2" className="VideoOS.Event.Server.WebService.Status.UnitTest.StatusCommandTokenTest" name="TestSetVisualization" />
    </UnitTest>
    <UnitTest name="TestConstructor" storage="d:\actions-runner\_work\xpco\xpco\eventserver\server\components\central\server\unittest\bin\x64\debug\videoos.event.server.unittest.dll" id="b1344741-f535-b211-feea-e072076c9503">
      <Execution id="63998bca-37ad-4018-9c37-4210d577baf0" />
      <TestMethod codeBase="D:\actions-runner\_work\XPCO\XPCO\EventServer\Server\Components\Central\Server\unittest\bin\x64\Debug\VideoOS.Event.Server.UnitTest.dll" adapterTypeName="executor://mstestadapter/v2" className="VideoOS.Event.Server.MIP.PlugIn.UnitTest.MapPlugInInternalIconFactoryTest" name="TestConstructor" />
    </UnitTest>
    <UnitTest name="TestGetPlugInsThrowingUnhandledException" storage="d:\actions-runner\_work\xpco\xpco\eventserver\server\components\central\server\unittest\bin\x64\debug\videoos.event.server.unittest.dll" id="0bd63037-6495-244e-9bba-5411f4925f62">
      <TestCategory>
        <TestCategoryItem TestCategory="WebService/Map" />
      </TestCategory>
      <Execution id="377ac1c1-0718-44d6-b590-77bc74c8a653" />
      <TestMethod codeBase="D:\actions-runner\_work\XPCO\XPCO\EventServer\Server\Components\Central\Server\unittest\bin\x64\Debug\VideoOS.Event.Server.UnitTest.dll" adapterTypeName="executor://mstestadapter/v2" className="VideoOS.Event.Server.WebService.Map.UnitTest.MapCommandCredentialsTest" name="TestGetPlugInsThrowingUnhandledException" />
    </UnitTest>
    <UnitTest name="TestNewObject" storage="d:\actions-runner\_work\xpco\xpco\eventserver\server\components\central\server\unittest\bin\x64\debug\videoos.event.server.unittest.dll" id="ba9feb86-5058-c27a-8cc6-ab7e67bf95f9">
      <Execution id="adc21cd0-1cc6-463f-8c08-19aaf701226a" />
      <TestMethod codeBase="D:\actions-runner\_work\XPCO\XPCO\EventServer\Server\Components\Central\Server\unittest\bin\x64\Debug\VideoOS.Event.Server.UnitTest.dll" adapterTypeName="executor://mstestadapter/v2" className="VideoOS.Event.Server.Map.Data.UnitTest.PositionStorageFactoryTest" name="TestNewObject" />
    </UnitTest>
    <UnitTest name="TestUpdateState" storage="d:\actions-runner\_work\xpco\xpco\eventserver\server\components\central\server\unittest\bin\x64\debug\videoos.event.server.unittest.dll" id="a787ff48-be4f-289c-784c-b1310306f6ca">
      <Execution id="50c38d1b-791c-4288-8007-4cfdb862f17b" />
      <TestMethod codeBase="D:\actions-runner\_work\XPCO\XPCO\EventServer\Server\Components\Central\Server\unittest\bin\x64\Debug\VideoOS.Event.Server.UnitTest.dll" adapterTypeName="executor://mstestadapter/v2" className="VideoOS.Event.Server.Map.Data.UnitTest.StatusElementServerTest" name="TestUpdateState" />
    </UnitTest>
    <UnitTest name="TestGetSnapshotsInvalidToken" storage="d:\actions-runner\_work\xpco\xpco\eventserver\server\components\central\server\unittest\bin\x64\debug\videoos.event.server.unittest.dll" id="8a14e7a5-8569-78a0-5b3f-b4c1b0eddaa7">
      <Execution id="5ca8bb6e-2268-44a9-9ffd-0a8a964a8dd2" />
      <TestMethod codeBase="D:\actions-runner\_work\XPCO\XPCO\EventServer\Server\Components\Central\Server\unittest\bin\x64\Debug\VideoOS.Event.Server.UnitTest.dll" adapterTypeName="executor://mstestadapter/v2" className="VideoOS.Event.Server.WebService.Alarm.UnitTest.AlarmCommandTokenTest" name="TestGetSnapshotsInvalidToken" />
    </UnitTest>
    <UnitTest name="TestGetVisualizationWithProperData" storage="d:\actions-runner\_work\xpco\xpco\eventserver\server\components\central\server\unittest\bin\x64\debug\videoos.event.server.unittest.dll" id="666804f4-1bf6-02d5-348c-c2829018a94b">
      <Execution id="6baec713-255e-4267-80d3-0ab1d87cacbd" />
      <TestMethod codeBase="D:\actions-runner\_work\XPCO\XPCO\EventServer\Server\Components\Central\Server\unittest\bin\x64\Debug\VideoOS.Event.Server.UnitTest.dll" adapterTypeName="executor://mstestadapter/v2" className="VideoOS.Event.Server.Map.UnitTest.VisualElementStatusCalculatorTest" name="TestGetVisualizationWithProperData" />
    </UnitTest>
    <UnitTest name="TestGetVisualElementChangesWithNegativeTimeout" storage="d:\actions-runner\_work\xpco\xpco\eventserver\server\components\central\server\unittest\bin\x64\debug\videoos.event.server.unittest.dll" id="5b4394a3-5514-825f-4826-f5d52800d9d3">
      <TestCategory>
        <TestCategoryItem TestCategory="WebService/Map" />
      </TestCategory>
      <Execution id="199fcfa1-cccb-4e9b-9847-be7ba4562c02" />
      <TestMethod codeBase="D:\actions-runner\_work\XPCO\XPCO\EventServer\Server\Components\Central\Server\unittest\bin\x64\Debug\VideoOS.Event.Server.UnitTest.dll" adapterTypeName="executor://mstestadapter/v2" className="VideoOS.Event.Server.WebService.Map.UnitTest.MapCommandTokenTest" name="TestGetVisualElementChangesWithNegativeTimeout" />
    </UnitTest>
    <UnitTest name="TestRemoveElementsSameCameraOnTwoMaps" storage="d:\actions-runner\_work\xpco\xpco\eventserver\server\components\central\server\unittest\bin\x64\debug\videoos.event.server.unittest.dll" id="9325cffd-549c-0b33-40fc-5ed80534bfbd">
      <Execution id="0563fa7a-6e58-46fc-8067-f55011b74abc" />
      <TestMethod codeBase="D:\actions-runner\_work\XPCO\XPCO\EventServer\Server\Components\Central\Server\unittest\bin\x64\Debug\VideoOS.Event.Server.UnitTest.dll" adapterTypeName="executor://mstestadapter/v2" className="VideoOS.Event.Server.Map.UnitTest.VisualElementManagerTest" name="TestRemoveElementsSameCameraOnTwoMaps" />
    </UnitTest>
    <UnitTest name="TestUpdateElementBoundsWithOldTimestamp" storage="d:\actions-runner\_work\xpco\xpco\eventserver\server\components\central\server\unittest\bin\x64\debug\videoos.event.server.unittest.dll" id="c326596e-7b75-36be-fcbf-3e9d3f28c73d">
      <Execution id="367e9f73-ceff-43df-9721-a5667150d382" />
      <TestMethod codeBase="D:\actions-runner\_work\XPCO\XPCO\EventServer\Server\Components\Central\Server\unittest\bin\x64\Debug\VideoOS.Event.Server.UnitTest.dll" adapterTypeName="executor://mstestadapter/v2" className="VideoOS.Event.Server.Map.UnitTest.VisualElementManagerTest" name="TestUpdateElementBoundsWithOldTimestamp" />
    </UnitTest>
    <UnitTest name="DecryptFromBase64String_ShouldRaiseArgumentNullException_WhenValueIsNull" storage="d:\actions-runner\_work\xpco\xpco\eventserver\server\components\central\server\unittest\bin\x64\debug\videoos.event.server.unittest.dll" id="56c342b2-4303-c64f-8adb-70aea0006eb3">
      <TestCategory>
        <TestCategoryItem TestCategory="Security" />
      </TestCategory>
      <Execution id="a8830ad1-8b89-4777-8516-22ce059487ad" />
      <TestMethod codeBase="D:\actions-runner\_work\XPCO\XPCO\EventServer\Server\Components\Central\Server\unittest\bin\x64\Debug\VideoOS.Event.Server.UnitTest.dll" adapterTypeName="executor://mstestadapter/v2" className="VideoOS.Event.Server.UnitTest.Security.EventServerEncryptionSymmetricTest" name="DecryptFromBase64String_ShouldRaiseArgumentNullException_WhenValueIsNull" />
    </UnitTest>
    <UnitTest name="ModifySuppressStatusItem_AttemptsToModifyNonExistingItem" storage="d:\actions-runner\_work\xpco\xpco\eventserver\server\components\central\server\unittest\bin\x64\debug\videoos.event.server.unittest.dll" id="42c7b6ec-6fd8-3a5b-5dad-a1ffcb7fbb57">
      <TestCategory>
        <TestCategoryItem TestCategory="CI" />
      </TestCategory>
      <Execution id="aa2c0c37-4afa-47f2-b71f-d4f079eb68cb" />
      <TestMethod codeBase="D:\actions-runner\_work\XPCO\XPCO\EventServer\Server\Components\Central\Server\unittest\bin\x64\Debug\VideoOS.Event.Server.UnitTest.dll" adapterTypeName="executor://mstestadapter/v2" className="VideoOS.EventServer.Disable.UnitTest.DisableManagerTest" name="ModifySuppressStatusItem_AttemptsToModifyNonExistingItem" />
    </UnitTest>
    <UnitTest name="TestToServiceItem" storage="d:\actions-runner\_work\xpco\xpco\eventserver\server\components\central\server\unittest\bin\x64\debug\videoos.event.server.unittest.dll" id="fb5492ab-cda6-ba8a-bab0-b37d58488088">
      <TestCategory>
        <TestCategoryItem TestCategory="MapPlugInInternalItem" />
      </TestCategory>
      <Execution id="c9e4f961-7443-41c7-a939-16bceaeaf880" />
      <TestMethod codeBase="D:\actions-runner\_work\XPCO\XPCO\EventServer\Server\Components\Central\Server\unittest\bin\x64\Debug\VideoOS.Event.Server.UnitTest.dll" adapterTypeName="executor://mstestadapter/v2" className="VideoOS.Event.Server.MIP.PlugIn.UnitTest.MapPlugInInternalItemTest" name="TestToServiceItem" />
    </UnitTest>
    <UnitTest name="TestObjectTypesGuid" storage="d:\actions-runner\_work\xpco\xpco\eventserver\server\components\central\server\unittest\bin\x64\debug\videoos.event.server.unittest.dll" id="b7b49a90-b7f2-58dd-a5f8-1f8a56ff100a">
      <Execution id="1abf546d-ead0-44ac-a97d-0196b91bf905" />
      <TestMethod codeBase="D:\actions-runner\_work\XPCO\XPCO\EventServer\Server\Components\Central\Server\unittest\bin\x64\Debug\VideoOS.Event.Server.UnitTest.dll" adapterTypeName="executor://mstestadapter/v2" className="VideoOS.Event.Server.Map.Data.UnitTest.VisualElementStateTypesTest" name="TestObjectTypesGuid" />
    </UnitTest>
    <UnitTest name="GetStateGroupsTest" storage="d:\actions-runner\_work\xpco\xpco\eventserver\server\components\central\server\unittest\bin\x64\debug\videoos.event.server.unittest.dll" id="9f8c3216-6149-5961-d5fe-113fb44f852c">
      <Execution id="753f7dc2-469b-48e5-8e32-4102aa07ac7e" />
      <TestMethod codeBase="D:\actions-runner\_work\XPCO\XPCO\EventServer\Server\Components\Central\Server\unittest\bin\x64\Debug\VideoOS.Event.Server.UnitTest.dll" adapterTypeName="executor://mstestadapter/v2" className="VideoOS.Event.Server.UnitTest.MIP.Environment.MIPEventTypeProviderTest" name="GetStateGroupsTest" />
    </UnitTest>
    <UnitTest name="TestLiveCacheWithSaved" storage="d:\actions-runner\_work\xpco\xpco\eventserver\server\components\central\server\unittest\bin\x64\debug\videoos.event.server.unittest.dll" id="525e8c69-505e-49e8-6928-10b9d0650e38">
      <TestCategory>
        <TestCategoryItem TestCategory="DatabaseConfigurableDataCache" />
      </TestCategory>
      <Execution id="f8032fca-3236-42d0-abd9-03c6b8a55749" />
      <TestMethod codeBase="D:\actions-runner\_work\XPCO\XPCO\EventServer\Server\Components\Central\Server\unittest\bin\x64\Debug\VideoOS.Event.Server.UnitTest.dll" adapterTypeName="executor://mstestadapter/v2" className="VideoOS.EventServer.Config.UnitTest.DatabaseConfigurableDataCacheTest" name="TestLiveCacheWithSaved" />
    </UnitTest>
    <UnitTest name="TestUpdateObjectsWithInvalidUser" storage="d:\actions-runner\_work\xpco\xpco\eventserver\server\components\central\server\unittest\bin\x64\debug\videoos.event.server.unittest.dll" id="0280bac4-7b8f-eea6-72bf-5e92818119e6">
      <TestCategory>
        <TestCategoryItem TestCategory="WebService/Map" />
      </TestCategory>
      <Execution id="4f284cc2-9799-4596-94b9-f9fc99d86f48" />
      <TestMethod codeBase="D:\actions-runner\_work\XPCO\XPCO\EventServer\Server\Components\Central\Server\unittest\bin\x64\Debug\VideoOS.Event.Server.UnitTest.dll" adapterTypeName="executor://mstestadapter/v2" className="VideoOS.Event.Server.WebService.Map.UnitTest.MapCommandTokenTest" name="TestUpdateObjectsWithInvalidUser" />
    </UnitTest>
    <UnitTest name="TestGetSnapshots" storage="d:\actions-runner\_work\xpco\xpco\eventserver\server\components\central\server\unittest\bin\x64\debug\videoos.event.server.unittest.dll" id="829d5191-315d-b7df-afe3-014222925fc8">
      <Execution id="b67a156d-ad24-4b2f-9899-e3303b091a4f" />
      <TestMethod codeBase="D:\actions-runner\_work\XPCO\XPCO\EventServer\Server\Components\Central\Server\unittest\bin\x64\Debug\VideoOS.Event.Server.UnitTest.dll" adapterTypeName="executor://mstestadapter/v2" className="VideoOS.Event.Server.WebService.Alarm.UnitTest.AlarmCommandTokenTest" name="TestGetSnapshots" />
    </UnitTest>
    <UnitTest name="Handle_ShouldReturnStateNewValue_WhenValuesIncludeStateIntIsStateNew" storage="d:\actions-runner\_work\xpco\xpco\eventserver\server\components\central\server\unittest\bin\x64\debug\videoos.event.server.unittest.dll" id="42517c84-6dea-ecc2-b8c2-5627cd2ab0be">
      <Execution id="1bda47ef-d1c0-45dd-84ad-250df1975117" />
      <TestMethod codeBase="D:\actions-runner\_work\XPCO\XPCO\EventServer\Server\Components\Central\Server\unittest\bin\x64\Debug\VideoOS.Event.Server.UnitTest.dll" adapterTypeName="executor://mstestadapter/v2" className="VideoOS.Event.Server.UnitTest.Alarm.Processors.UpdateAlarms.UpdateAlarmCompositeValueHandlerTests" name="Handle_ShouldReturnStateNewValue_WhenValuesIncludeStateIntIsStateNew" />
    </UnitTest>
    <UnitTest name="TestGetStatusForAllObjectsOfType" storage="d:\actions-runner\_work\xpco\xpco\eventserver\server\components\central\server\unittest\bin\x64\debug\videoos.event.server.unittest.dll" id="bda92b65-26d9-c174-14d8-f439d8b5e364">
      <Execution id="851aa450-9892-4ac1-817e-39db357b2d07" />
      <TestMethod codeBase="D:\actions-runner\_work\XPCO\XPCO\EventServer\Server\Components\Central\Server\unittest\bin\x64\Debug\VideoOS.Event.Server.UnitTest.dll" adapterTypeName="executor://mstestadapter/v2" className="VideoOS.Event.Server.WebService.Status.UnitTest.StatusCommandTokenTest" name="TestGetStatusForAllObjectsOfType" />
    </UnitTest>
    <UnitTest name="TestCopyObject" storage="d:\actions-runner\_work\xpco\xpco\eventserver\server\components\central\server\unittest\bin\x64\debug\videoos.event.server.unittest.dll" id="7aeef144-cbb4-b589-7357-281963de7fc3">
      <Execution id="bc411ba8-0ebf-4d03-bac0-38eb965beeb5" />
      <TestMethod codeBase="D:\actions-runner\_work\XPCO\XPCO\EventServer\Server\Components\Central\Server\unittest\bin\x64\Debug\VideoOS.Event.Server.UnitTest.dll" adapterTypeName="executor://mstestadapter/v2" className="VideoOS.Event.Server.MIP.PlugIn.UnitTest.MapPlugInInternalIconFactoryTest" name="TestCopyObject" />
    </UnitTest>
    <UnitTest name="EventToBaseEventMapper_ReturnsFreeFormEvent_WhenFreeFormData" storage="d:\actions-runner\_work\xpco\xpco\eventserver\server\components\central\server\unittest\bin\x64\debug\videoos.event.server.unittest.dll" id="3f506093-d5c7-05a3-3eba-db8d8da94f2d">
      <Execution id="67bad696-9602-451b-a8b3-c9d6eca3afdc" />
      <TestMethod codeBase="D:\actions-runner\_work\XPCO\XPCO\EventServer\Server\Components\Central\Server\unittest\bin\x64\Debug\VideoOS.Event.Server.UnitTest.dll" adapterTypeName="executor://mstestadapter/v2" className="VideoOS.Event.Server.UnitTest.Event.EventToBaseEventMapperTest" name="EventToBaseEventMapper_ReturnsFreeFormEvent_WhenFreeFormData" />
    </UnitTest>
    <UnitTest name="TestGetVisualizationChangesNotAuthenticated" storage="d:\actions-runner\_work\xpco\xpco\eventserver\server\components\central\server\unittest\bin\x64\debug\videoos.event.server.unittest.dll" id="9cdfec4c-e27e-9bd2-316e-e8b57afc6304">
      <Execution id="d5b9828b-6783-4544-a131-ef2b432d6a16" />
      <TestMethod codeBase="D:\actions-runner\_work\XPCO\XPCO\EventServer\Server\Components\Central\Server\unittest\bin\x64\Debug\VideoOS.Event.Server.UnitTest.dll" adapterTypeName="executor://mstestadapter/v2" className="VideoOS.Event.Server.WebService.Status.UnitTest.StatusCommandCredentialsTest" name="TestGetVisualizationChangesNotAuthenticated" />
    </UnitTest>
    <UnitTest name="TestCopyObject" storage="d:\actions-runner\_work\xpco\xpco\eventserver\server\components\central\server\unittest\bin\x64\debug\videoos.event.server.unittest.dll" id="46d030b8-a5b6-e2f5-b0a4-9cb1d0420e57">
      <Execution id="b3debabe-29be-47dc-bce1-1574eea9e2c2" />
      <TestMethod codeBase="D:\actions-runner\_work\XPCO\XPCO\EventServer\Server\Components\Central\Server\unittest\bin\x64\Debug\VideoOS.Event.Server.UnitTest.dll" adapterTypeName="executor://mstestadapter/v2" className="VideoOS.Event.Server.Map.Data.UnitTest.PositionStorageFactoryTest" name="TestCopyObject" />
    </UnitTest>
    <UnitTest name="TestNewObject" storage="d:\actions-runner\_work\xpco\xpco\eventserver\server\components\central\server\unittest\bin\x64\debug\videoos.event.server.unittest.dll" id="cfe923a5-11a0-312b-3c42-ddecffad1e3b">
      <Execution id="1ad08eed-d9fc-4929-b67d-cefd8488d92f" />
      <TestMethod codeBase="D:\actions-runner\_work\XPCO\XPCO\EventServer\Server\Components\Central\Server\unittest\bin\x64\Debug\VideoOS.Event.Server.UnitTest.dll" adapterTypeName="executor://mstestadapter/v2" className="VideoOS.Event.Server.Map.Data.UnitTest.BoundsStorageFactoryTest" name="TestNewObject" />
    </UnitTest>
    <UnitTest name="TestInsertElementsWhereOneIdIsAllreadyInUse" storage="d:\actions-runner\_work\xpco\xpco\eventserver\server\components\central\server\unittest\bin\x64\debug\videoos.event.server.unittest.dll" id="f6819eae-b90a-2385-66dc-666a348500ab">
      <Execution id="867a652b-9d75-4958-a3f3-330e8631e901" />
      <TestMethod codeBase="D:\actions-runner\_work\XPCO\XPCO\EventServer\Server\Components\Central\Server\unittest\bin\x64\Debug\VideoOS.Event.Server.UnitTest.dll" adapterTypeName="executor://mstestadapter/v2" className="VideoOS.Event.Server.Map.UnitTest.VisualElementManagerTest" name="TestInsertElementsWhereOneIdIsAllreadyInUse" />
    </UnitTest>
    <UnitTest name="TestGetTypeChangedNotAuthenticated" storage="d:\actions-runner\_work\xpco\xpco\eventserver\server\components\central\server\unittest\bin\x64\debug\videoos.event.server.unittest.dll" id="7de57e20-c921-b425-66cd-8a389b670b01">
      <TestCategory>
        <TestCategoryItem TestCategory="WebService/Map" />
      </TestCategory>
      <Execution id="ea7f3b74-3489-4c1f-9a35-7323d8bda086" />
      <TestMethod codeBase="D:\actions-runner\_work\XPCO\XPCO\EventServer\Server\Components\Central\Server\unittest\bin\x64\Debug\VideoOS.Event.Server.UnitTest.dll" adapterTypeName="executor://mstestadapter/v2" className="VideoOS.Event.Server.WebService.Map.UnitTest.MapCommandCredentialsTest" name="TestGetTypeChangedNotAuthenticated" />
    </UnitTest>
    <UnitTest name="TestGetAllElementsOfTypeWithTwoHotzonesPointingToSameSubMapOnForeignServer" storage="d:\actions-runner\_work\xpco\xpco\eventserver\server\components\central\server\unittest\bin\x64\debug\videoos.event.server.unittest.dll" id="6c9e3f23-3dc6-cbb1-dc19-2e22ab06529e">
      <Execution id="c2372a9b-5545-442a-a578-ba0ca01006b4" />
      <TestMethod codeBase="D:\actions-runner\_work\XPCO\XPCO\EventServer\Server\Components\Central\Server\unittest\bin\x64\Debug\VideoOS.Event.Server.UnitTest.dll" adapterTypeName="executor://mstestadapter/v2" className="VideoOS.Event.Server.Map.UnitTest.VisualElementManagerTest" name="TestGetAllElementsOfTypeWithTwoHotzonesPointingToSameSubMapOnForeignServer" />
    </UnitTest>
    <UnitTest name="TestGetVisualizationWithInvalidUser" storage="d:\actions-runner\_work\xpco\xpco\eventserver\server\components\central\server\unittest\bin\x64\debug\videoos.event.server.unittest.dll" id="b0effa69-0f52-5466-77c3-d4ce8fd9cb15">
      <Execution id="6f4bc772-3e44-4e4e-af00-92375ad4fd0e" />
      <TestMethod codeBase="D:\actions-runner\_work\XPCO\XPCO\EventServer\Server\Components\Central\Server\unittest\bin\x64\Debug\VideoOS.Event.Server.UnitTest.dll" adapterTypeName="executor://mstestadapter/v2" className="VideoOS.Event.Server.WebService.Status.UnitTest.StatusCommandTokenTest" name="TestGetVisualizationWithInvalidUser" />
    </UnitTest>
    <UnitTest name="ShouldSave_ShouldBeTrue_IfDefaultRetentionHasBeenUpdated" storage="d:\actions-runner\_work\xpco\xpco\eventserver\server\components\central\server\unittest\bin\x64\debug\videoos.event.server.unittest.dll" id="0d4292bb-9092-07e1-d05c-8ff30f027515">
      <Execution id="d9350dbf-7039-46aa-8235-546d976302f6" />
      <TestMethod codeBase="D:\actions-runner\_work\XPCO\XPCO\EventServer\Server\Components\Central\Server\unittest\bin\x64\Debug\VideoOS.Event.Server.UnitTest.dll" adapterTypeName="executor://mstestadapter/v2" className="VideoOS.Event.Server.UnitTest.Config.EventRetentionConfigTests" name="ShouldSave_ShouldBeTrue_IfDefaultRetentionHasBeenUpdated" />
    </UnitTest>
    <UnitTest name="TestInsertElementsWithTwoElementsWithSameRelationId" storage="d:\actions-runner\_work\xpco\xpco\eventserver\server\components\central\server\unittest\bin\x64\debug\videoos.event.server.unittest.dll" id="c93413a4-cce4-d076-cdab-9f751d1f2bd6">
      <Execution id="b960df2c-0dac-47a6-98e9-f447db4b6ce6" />
      <TestMethod codeBase="D:\actions-runner\_work\XPCO\XPCO\EventServer\Server\Components\Central\Server\unittest\bin\x64\Debug\VideoOS.Event.Server.UnitTest.dll" adapterTypeName="executor://mstestadapter/v2" className="VideoOS.Event.Server.Map.UnitTest.VisualElementManagerTest" name="TestInsertElementsWithTwoElementsWithSameRelationId" />
    </UnitTest>
    <UnitTest name="TestAddChild" storage="d:\actions-runner\_work\xpco\xpco\eventserver\server\components\central\server\unittest\bin\x64\debug\videoos.event.server.unittest.dll" id="268ed45b-8b47-9643-7567-8e7ecb14ae8a">
      <Execution id="4ca7c0f2-2ac3-4591-b2be-00e23fe7eec9" />
      <TestMethod codeBase="D:\actions-runner\_work\XPCO\XPCO\EventServer\Server\Components\Central\Server\unittest\bin\x64\Debug\VideoOS.Event.Server.UnitTest.dll" adapterTypeName="executor://mstestadapter/v2" className="VideoOS.Event.Server.Map.Data.UnitTest.StatusElementTest" name="TestAddChild" />
    </UnitTest>
    <UnitTest name="TestUpdateAlarmWithComment" storage="d:\actions-runner\_work\xpco\xpco\eventserver\server\components\central\server\unittest\bin\x64\debug\videoos.event.server.unittest.dll" id="57fccb87-67ac-d6c7-5c1d-5dac0961ade9">
      <Execution id="b5265152-7227-4133-add7-f6eb4fb3ed7a" />
      <TestMethod codeBase="D:\actions-runner\_work\XPCO\XPCO\EventServer\Server\Components\Central\Server\unittest\bin\x64\Debug\VideoOS.Event.Server.UnitTest.dll" adapterTypeName="executor://mstestadapter/v2" className="VideoOS.Event.Server.WebService.Alarm.UnitTest.AlarmCommandTokenTest" name="TestUpdateAlarmWithComment" />
    </UnitTest>
    <UnitTest name="TestUpdateElementWithCyclicRelation" storage="d:\actions-runner\_work\xpco\xpco\eventserver\server\components\central\server\unittest\bin\x64\debug\videoos.event.server.unittest.dll" id="efd6bd24-441a-3baa-e256-65b8d3cbc0bb">
      <Execution id="b959db34-f214-4dc1-98f0-c1f5244fbd24" />
      <TestMethod codeBase="D:\actions-runner\_work\XPCO\XPCO\EventServer\Server\Components\Central\Server\unittest\bin\x64\Debug\VideoOS.Event.Server.UnitTest.dll" adapterTypeName="executor://mstestadapter/v2" className="VideoOS.Event.Server.Map.UnitTest.VisualElementManagerTest" name="TestUpdateElementWithCyclicRelation" />
    </UnitTest>
    <UnitTest name="GetAllObjectsOnVisualElement_WithValidParameters" storage="d:\actions-runner\_work\xpco\xpco\eventserver\server\components\central\server\unittest\bin\x64\debug\videoos.event.server.unittest.dll" id="96141f11-d5b4-1b35-4b30-029b1af4f2e4">
      <TestCategory>
        <TestCategoryItem TestCategory="WebService/Map" />
      </TestCategory>
      <Execution id="6ab54407-16ef-42ed-a1ce-71c5e9c75e79" />
      <TestMethod codeBase="D:\actions-runner\_work\XPCO\XPCO\EventServer\Server\Components\Central\Server\unittest\bin\x64\Debug\VideoOS.Event.Server.UnitTest.dll" adapterTypeName="executor://mstestadapter/v2" className="VideoOS.Event.Server.WebService.Map.UnitTest.MapCommandTokenTest" name="GetAllObjectsOnVisualElement_WithValidParameters" />
    </UnitTest>
    <UnitTest name="TestRemoveElementWithoutRelationId" storage="d:\actions-runner\_work\xpco\xpco\eventserver\server\components\central\server\unittest\bin\x64\debug\videoos.event.server.unittest.dll" id="548d3157-fa5e-4025-ee08-7c82a34be892">
      <Execution id="14beddc3-f109-40ca-9b09-da81c97e5df4" />
      <TestMethod codeBase="D:\actions-runner\_work\XPCO\XPCO\EventServer\Server\Components\Central\Server\unittest\bin\x64\Debug\VideoOS.Event.Server.UnitTest.dll" adapterTypeName="executor://mstestadapter/v2" className="VideoOS.Event.Server.Map.UnitTest.VisualElementManagerTest" name="TestRemoveElementWithoutRelationId" />
    </UnitTest>
    <UnitTest name="TestLoadConfigurationWithRootAndCyclicEntriesLastInXmlFile" storage="d:\actions-runner\_work\xpco\xpco\eventserver\server\components\central\server\unittest\bin\x64\debug\videoos.event.server.unittest.dll" id="d0143e68-f378-480f-629d-fc0f669b6840">
      <Execution id="ae035546-4d07-430f-bb25-7ee5d3dbab82" />
      <TestMethod codeBase="D:\actions-runner\_work\XPCO\XPCO\EventServer\Server\Components\Central\Server\unittest\bin\x64\Debug\VideoOS.Event.Server.UnitTest.dll" adapterTypeName="executor://mstestadapter/v2" className="VideoOS.Event.Server.Map.UnitTest.VisualElementStorageDatabaseTest" name="TestLoadConfigurationWithRootAndCyclicEntriesLastInXmlFile" />
    </UnitTest>
    <UnitTest name="TestActionHandlerStop" storage="d:\actions-runner\_work\xpco\xpco\eventserver\server\components\central\server\unittest\bin\x64\debug\videoos.event.server.unittest.dll" id="7cec8bc4-c627-956e-ae64-773b23a815c2">
      <Execution id="09334a32-48e9-48c4-b89b-28ca1600d88b" />
      <TestMethod codeBase="D:\actions-runner\_work\XPCO\XPCO\EventServer\Server\Components\Central\Server\unittest\bin\x64\Debug\VideoOS.Event.Server.UnitTest.dll" adapterTypeName="executor://mstestadapter/v2" className="VideoOS.Event.Server.UnitTest.XPCORuleSystem.MipActionHandlerTest" name="TestActionHandlerStop" />
    </UnitTest>
    <UnitTest name="EventIdListTest_EventSource_Device" storage="d:\actions-runner\_work\xpco\xpco\eventserver\server\components\central\server\unittest\bin\x64\debug\videoos.event.server.unittest.dll" id="b88239be-6dd2-e42a-5938-b32ee50ed816">
      <Execution id="604bc8e6-983f-4b92-9320-99cd2717b093" />
      <TestMethod codeBase="D:\actions-runner\_work\XPCO\XPCO\EventServer\Server\Components\Central\Server\unittest\bin\x64\Debug\VideoOS.Event.Server.UnitTest.dll" adapterTypeName="executor://mstestadapter/v2" className="VideoOS.Event.Server.UnitTest.Event.EventIdListTest" name="EventIdListTest_EventSource_Device" />
    </UnitTest>
    <UnitTest name="TestUpdateObjectWithInvalidUser" storage="d:\actions-runner\_work\xpco\xpco\eventserver\server\components\central\server\unittest\bin\x64\debug\videoos.event.server.unittest.dll" id="5c673eb5-12cc-90ae-c56e-c7eb9d3c0590">
      <TestCategory>
        <TestCategoryItem TestCategory="WebService/Map" />
      </TestCategory>
      <Execution id="e1ffe22a-2d3f-49e6-81d8-2e84a392e84f" />
      <TestMethod codeBase="D:\actions-runner\_work\XPCO\XPCO\EventServer\Server\Components\Central\Server\unittest\bin\x64\Debug\VideoOS.Event.Server.UnitTest.dll" adapterTypeName="executor://mstestadapter/v2" className="VideoOS.Event.Server.WebService.Map.UnitTest.MapCommandTokenTest" name="TestUpdateObjectWithInvalidUser" />
    </UnitTest>
    <UnitTest name="TestUpdateElementNameWithAMarkedForDeletionElement" storage="d:\actions-runner\_work\xpco\xpco\eventserver\server\components\central\server\unittest\bin\x64\debug\videoos.event.server.unittest.dll" id="1b1aed6a-8b9e-499d-541d-e9bb494b1433">
      <Execution id="176ed71e-2b4d-4c8b-bbb6-1d405814f6a2" />
      <TestMethod codeBase="D:\actions-runner\_work\XPCO\XPCO\EventServer\Server\Components\Central\Server\unittest\bin\x64\Debug\VideoOS.Event.Server.UnitTest.dll" adapterTypeName="executor://mstestadapter/v2" className="VideoOS.Event.Server.Map.UnitTest.VisualElementManagerTest" name="TestUpdateElementNameWithAMarkedForDeletionElement" />
    </UnitTest>
    <UnitTest name="TestRemoveElementsWithInvalidId" storage="d:\actions-runner\_work\xpco\xpco\eventserver\server\components\central\server\unittest\bin\x64\debug\videoos.event.server.unittest.dll" id="c3bd286e-e412-9a7e-dc49-1313e3d02098">
      <Execution id="d214fbf4-a8a6-4d3d-9efe-c723c7b4cbb2" />
      <TestMethod codeBase="D:\actions-runner\_work\XPCO\XPCO\EventServer\Server\Components\Central\Server\unittest\bin\x64\Debug\VideoOS.Event.Server.UnitTest.dll" adapterTypeName="executor://mstestadapter/v2" className="VideoOS.Event.Server.Map.UnitTest.VisualElementManagerTest" name="TestRemoveElementsWithInvalidId" />
    </UnitTest>
    <UnitTest name="AddSoundTest" storage="d:\actions-runner\_work\xpco\xpco\eventserver\server\components\central\server\unittest\bin\x64\debug\videoos.event.server.unittest.dll" id="04c25643-376b-7a28-b586-b53145f3b62e">
      <Execution id="bd2d9b26-7127-41ed-a85e-2ce150bf0f7b" />
      <TestMethod codeBase="D:\actions-runner\_work\XPCO\XPCO\EventServer\Server\Components\Central\Server\unittest\bin\x64\Debug\VideoOS.Event.Server.UnitTest.dll" adapterTypeName="executor://mstestadapter/v2" className="VideoOS.Event.Server.Sound.UnitTest.SoundManagerTest" name="AddSoundTest" />
    </UnitTest>
    <UnitTest name="TestInitalizationWithSameTypeGuid" storage="d:\actions-runner\_work\xpco\xpco\eventserver\server\components\central\server\unittest\bin\x64\debug\videoos.event.server.unittest.dll" id="c1cddf05-4632-237c-35db-74e00d98f1cb">
      <Execution id="cccddaea-b631-45aa-a99b-224f16b56314" />
      <TestMethod codeBase="D:\actions-runner\_work\XPCO\XPCO\EventServer\Server\Components\Central\Server\unittest\bin\x64\Debug\VideoOS.Event.Server.UnitTest.dll" adapterTypeName="executor://mstestadapter/v2" className="VideoOS.Event.Server.MIP.PlugIn.UnitTest.MapPlugInEventHandlerTest" name="TestInitalizationWithSameTypeGuid" />
    </UnitTest>
    <UnitTest name="GetAllObjectIDsOnVisualElement_WithValidParameters" storage="d:\actions-runner\_work\xpco\xpco\eventserver\server\components\central\server\unittest\bin\x64\debug\videoos.event.server.unittest.dll" id="f586fca5-268f-ad39-85af-69b3179442b1">
      <TestCategory>
        <TestCategoryItem TestCategory="WebService/Map" />
      </TestCategory>
      <Execution id="4b973607-4091-4c07-991b-fc140c6b95eb" />
      <TestMethod codeBase="D:\actions-runner\_work\XPCO\XPCO\EventServer\Server\Components\Central\Server\unittest\bin\x64\Debug\VideoOS.Event.Server.UnitTest.dll" adapterTypeName="executor://mstestadapter/v2" className="VideoOS.Event.Server.WebService.Map.UnitTest.MapCommandToken2Test" name="GetAllObjectIDsOnVisualElement_WithValidParameters" />
    </UnitTest>
    <UnitTest name="TestGetVisualElementChangesWithZeroTimeout" storage="d:\actions-runner\_work\xpco\xpco\eventserver\server\components\central\server\unittest\bin\x64\debug\videoos.event.server.unittest.dll" id="a85129ae-c9fd-e336-efb1-3a4a2726dc6a">
      <TestCategory>
        <TestCategoryItem TestCategory="WebService/Map" />
      </TestCategory>
      <Execution id="7a5683bf-0903-4908-8504-7bb9f1aea3f5" />
      <TestMethod codeBase="D:\actions-runner\_work\XPCO\XPCO\EventServer\Server\Components\Central\Server\unittest\bin\x64\Debug\VideoOS.Event.Server.UnitTest.dll" adapterTypeName="executor://mstestadapter/v2" className="VideoOS.Event.Server.WebService.Map.UnitTest.MapCommandCredentialsTest" name="TestGetVisualElementChangesWithZeroTimeout" />
    </UnitTest>
    <UnitTest name="EncryptToBase64String_ShouldRaiseArgumentNullException_WhenValueIsNull" storage="d:\actions-runner\_work\xpco\xpco\eventserver\server\components\central\server\unittest\bin\x64\debug\videoos.event.server.unittest.dll" id="c30c4660-2f7b-1aa5-e1a9-541b7522a7fd">
      <TestCategory>
        <TestCategoryItem TestCategory="Security" />
      </TestCategory>
      <Execution id="9b2bfe10-ed07-40e2-a356-b5ee9422678d" />
      <TestMethod codeBase="D:\actions-runner\_work\XPCO\XPCO\EventServer\Server\Components\Central\Server\unittest\bin\x64\Debug\VideoOS.Event.Server.UnitTest.dll" adapterTypeName="executor://mstestadapter/v2" className="VideoOS.Event.Server.UnitTest.Security.EventServerEncryptionSymmetricTest" name="EncryptToBase64String_ShouldRaiseArgumentNullException_WhenValueIsNull" />
    </UnitTest>
    <UnitTest name="EventConverter_ConvertBaseItemToBaseEvent_BaseItem_Null" storage="d:\actions-runner\_work\xpco\xpco\eventserver\server\components\central\server\unittest\bin\x64\debug\videoos.event.server.unittest.dll" id="2642ffa3-58ea-8fa0-4a47-e34aa27d1791">
      <Execution id="0e914fda-800d-4f9c-8302-af39cdda2064" />
      <TestMethod codeBase="D:\actions-runner\_work\XPCO\XPCO\EventServer\Server\Components\Central\Server\unittest\bin\x64\Debug\VideoOS.Event.Server.UnitTest.dll" adapterTypeName="executor://mstestadapter/v2" className="VideoOS.Event.Server.UnitTest.Utils.EventConverterTest" name="EventConverter_ConvertBaseItemToBaseEvent_BaseItem_Null" />
    </UnitTest>
    <UnitTest name="TestGetAllObjectsOnVisualElementWithValidParameters" storage="d:\actions-runner\_work\xpco\xpco\eventserver\server\components\central\server\unittest\bin\x64\debug\videoos.event.server.unittest.dll" id="93bf2ce8-97d0-81d1-81a6-9c667f394bdb">
      <TestCategory>
        <TestCategoryItem TestCategory="WebService/Map" />
      </TestCategory>
      <Execution id="77d4c6c3-c175-4c01-a5b5-579b32ff7898" />
      <TestMethod codeBase="D:\actions-runner\_work\XPCO\XPCO\EventServer\Server\Components\Central\Server\unittest\bin\x64\Debug\VideoOS.Event.Server.UnitTest.dll" adapterTypeName="executor://mstestadapter/v2" className="VideoOS.Event.Server.WebService.Map.UnitTest.MapCommandCredentialsTest" name="TestGetAllObjectsOnVisualElementWithValidParameters" />
    </UnitTest>
    <UnitTest name="TestLoadXMLWithNoInnerText" storage="d:\actions-runner\_work\xpco\xpco\eventserver\server\components\central\server\unittest\bin\x64\debug\videoos.event.server.unittest.dll" id="77b5d4bc-b377-3b3d-cdba-71dd46765f92">
      <Execution id="44be71c2-6e6d-4a83-b59d-3679d37749f5" />
      <TestMethod codeBase="D:\actions-runner\_work\XPCO\XPCO\EventServer\Server\Components\Central\Server\unittest\bin\x64\Debug\VideoOS.Event.Server.UnitTest.dll" adapterTypeName="executor://mstestadapter/v2" className="VideoOS.Event.Server.Map.Data.UnitTest.TypeIdStorageTest" name="TestLoadXMLWithNoInnerText" />
    </UnitTest>
    <UnitTest name="TestRemoveElementWithRemovingElementWhereRelationIdIsPoitingTo" storage="d:\actions-runner\_work\xpco\xpco\eventserver\server\components\central\server\unittest\bin\x64\debug\videoos.event.server.unittest.dll" id="4d58dbe2-2b23-9b02-f6aa-34a415aba837">
      <Execution id="58afacf6-ccb5-4abc-b28b-426ef7ff0a77" />
      <TestMethod codeBase="D:\actions-runner\_work\XPCO\XPCO\EventServer\Server\Components\Central\Server\unittest\bin\x64\Debug\VideoOS.Event.Server.UnitTest.dll" adapterTypeName="executor://mstestadapter/v2" className="VideoOS.Event.Server.Map.UnitTest.VisualElementManagerTest" name="TestRemoveElementWithRemovingElementWhereRelationIdIsPoitingTo" />
    </UnitTest>
    <UnitTest name="TestRemoveElementsRemoveTwoElements" storage="d:\actions-runner\_work\xpco\xpco\eventserver\server\components\central\server\unittest\bin\x64\debug\videoos.event.server.unittest.dll" id="9e5d9a4d-c350-a94a-1194-aed8cbf67a80">
      <Execution id="5a3ddfbd-8699-4275-8e1d-d54693d4dc1e" />
      <TestMethod codeBase="D:\actions-runner\_work\XPCO\XPCO\EventServer\Server\Components\Central\Server\unittest\bin\x64\Debug\VideoOS.Event.Server.UnitTest.dll" adapterTypeName="executor://mstestadapter/v2" className="VideoOS.Event.Server.Map.UnitTest.VisualElementManagerTest" name="TestRemoveElementsRemoveTwoElements" />
    </UnitTest>
    <UnitTest name="TestGetIconReturnOthersIcon" storage="d:\actions-runner\_work\xpco\xpco\eventserver\server\components\central\server\unittest\bin\x64\debug\videoos.event.server.unittest.dll" id="83602d0f-e8fc-dc2c-16f1-f22bb5275d62">
      <TestCategory>
        <TestCategoryItem TestCategory="MapPlugInManagerTest" />
      </TestCategory>
      <Execution id="6e966d28-82b1-4ab6-bfff-2702aba91d8e" />
      <TestMethod codeBase="D:\actions-runner\_work\XPCO\XPCO\EventServer\Server\Components\Central\Server\unittest\bin\x64\Debug\VideoOS.Event.Server.UnitTest.dll" adapterTypeName="executor://mstestadapter/v2" className="VideoOS.Event.Server.MIP.PlugIn.UnitTest.MapPlugInManagerTest" name="TestGetIconReturnOthersIcon" />
    </UnitTest>
    <UnitTest name="TestUpdateNameWithValidParameters" storage="d:\actions-runner\_work\xpco\xpco\eventserver\server\components\central\server\unittest\bin\x64\debug\videoos.event.server.unittest.dll" id="5853a9e0-8ba5-a9fc-10cd-83263f396ebb">
      <TestCategory>
        <TestCategoryItem TestCategory="WebService/Map" />
      </TestCategory>
      <Execution id="878b6e2a-ec7f-4df9-995a-a938729a56d5" />
      <TestMethod codeBase="D:\actions-runner\_work\XPCO\XPCO\EventServer\Server\Components\Central\Server\unittest\bin\x64\Debug\VideoOS.Event.Server.UnitTest.dll" adapterTypeName="executor://mstestadapter/v2" className="VideoOS.Event.Server.WebService.Map.UnitTest.MapCommandCredentialsTest" name="TestUpdateNameWithValidParameters" />
    </UnitTest>
    <UnitTest name="AllEventTypeGroups_ShouldContainAllEventTypes_WhenAllEventTypesAreSet" storage="d:\actions-runner\_work\xpco\xpco\eventserver\server\components\central\server\unittest\bin\x64\debug\videoos.event.server.unittest.dll" id="832cb8dd-452e-8b63-c810-8d0dc73f7eb0">
      <Execution id="224bd8a9-9aeb-401c-99d4-6d2d6c4f439f" />
      <TestMethod codeBase="D:\actions-runner\_work\XPCO\XPCO\EventServer\Server\Components\Central\Server\unittest\bin\x64\Debug\VideoOS.Event.Server.UnitTest.dll" adapterTypeName="executor://mstestadapter/v2" className="VideoOS.Event.Server.UnitTest.Alarm.ConfigFilterManagerTests" name="AllEventTypeGroups_ShouldContainAllEventTypes_WhenAllEventTypesAreSet" />
    </UnitTest>
    <UnitTest name="TestGetVisualElementChangesWithPositiveTimeout" storage="d:\actions-runner\_work\xpco\xpco\eventserver\server\components\central\server\unittest\bin\x64\debug\videoos.event.server.unittest.dll" id="71ac7708-f02b-16cd-b5d5-cdd06651ba0e">
      <Execution id="dda43419-0347-4459-9348-be2a24cd8b9d" />
      <TestMethod codeBase="D:\actions-runner\_work\XPCO\XPCO\EventServer\Server\Components\Central\Server\unittest\bin\x64\Debug\VideoOS.Event.Server.UnitTest.dll" adapterTypeName="executor://mstestadapter/v2" className="VideoOS.Event.Server.WebService.Status.UnitTest.StatusCommandTokenTest" name="TestGetVisualElementChangesWithPositiveTimeout" />
    </UnitTest>
    <UnitTest name="TestGetTypeChangedThrowingUnhandledException" storage="d:\actions-runner\_work\xpco\xpco\eventserver\server\components\central\server\unittest\bin\x64\debug\videoos.event.server.unittest.dll" id="062d78b0-673a-e0bd-7cfd-1476597e307b">
      <TestCategory>
        <TestCategoryItem TestCategory="WebService/Map" />
      </TestCategory>
      <Execution id="bd0a6885-0735-4320-a8c0-e79d56659250" />
      <TestMethod codeBase="D:\actions-runner\_work\XPCO\XPCO\EventServer\Server\Components\Central\Server\unittest\bin\x64\Debug\VideoOS.Event.Server.UnitTest.dll" adapterTypeName="executor://mstestadapter/v2" className="VideoOS.Event.Server.WebService.Map.UnitTest.MapCommandTokenTest" name="TestGetTypeChangedThrowingUnhandledException" />
    </UnitTest>
    <UnitTest name="TestGetStatusForAllObjectsOfTypeSingleMap" storage="d:\actions-runner\_work\xpco\xpco\eventserver\server\components\central\server\unittest\bin\x64\debug\videoos.event.server.unittest.dll" id="a3a5c8ea-dbbb-3e4f-7267-ef6bd47aa29e">
      <Execution id="a8af96be-e5c7-445a-b0e8-f84825067c9e" />
      <TestMethod codeBase="D:\actions-runner\_work\XPCO\XPCO\EventServer\Server\Components\Central\Server\unittest\bin\x64\Debug\VideoOS.Event.Server.UnitTest.dll" adapterTypeName="executor://mstestadapter/v2" className="VideoOS.Event.Server.Map.UnitTest.VisualElementStatusCalculatorTest" name="TestGetStatusForAllObjectsOfTypeSingleMap" />
    </UnitTest>
    <UnitTest name="ReloadPluginEventTypes_ShouldReplacePluginEventTypes_WhenItemKindAlreadyExists" storage="d:\actions-runner\_work\xpco\xpco\eventserver\server\components\central\server\unittest\bin\x64\debug\videoos.event.server.unittest.dll" id="623d5464-fc7a-1663-b3fc-1cd58eecc58a">
      <Execution id="f744d99a-3ffd-44af-aa9f-ea686ca5e34c" />
      <TestMethod codeBase="D:\actions-runner\_work\XPCO\XPCO\EventServer\Server\Components\Central\Server\unittest\bin\x64\Debug\VideoOS.Event.Server.UnitTest.dll" adapterTypeName="executor://mstestadapter/v2" className="VideoOS.Event.Server.UnitTest.Alarm.ConfigFilterManagerTests" name="ReloadPluginEventTypes_ShouldReplacePluginEventTypes_WhenItemKindAlreadyExists" />
    </UnitTest>
    <UnitTest name="TestInitalizationWithException" storage="d:\actions-runner\_work\xpco\xpco\eventserver\server\components\central\server\unittest\bin\x64\debug\videoos.event.server.unittest.dll" id="e4f8b770-0d81-23f2-8871-d75af01e388b">
      <Execution id="89ac7d34-087c-4a22-b2a3-15fc3884c323" />
      <TestMethod codeBase="D:\actions-runner\_work\XPCO\XPCO\EventServer\Server\Components\Central\Server\unittest\bin\x64\Debug\VideoOS.Event.Server.UnitTest.dll" adapterTypeName="executor://mstestadapter/v2" className="VideoOS.Event.Server.MIP.PlugIn.UnitTest.MapPlugInEventHandlerTest" name="TestInitalizationWithException" />
    </UnitTest>
    <UnitTest name="TestUserIDTypeConvertToConstant" storage="d:\actions-runner\_work\xpco\xpco\eventserver\server\components\central\server\unittest\bin\x64\debug\videoos.event.server.unittest.dll" id="3eeebd0f-6c17-a08d-96dc-03c2f5058b44">
      <Execution id="1fbf9eed-8e5d-4df7-a980-e5b6ddfc79a7" />
      <TestMethod codeBase="D:\actions-runner\_work\XPCO\XPCO\EventServer\Server\Components\Central\Server\unittest\bin\x64\Debug\VideoOS.Event.Server.UnitTest.dll" adapterTypeName="executor://mstestadapter/v2" className="VideoOS.Event.Server.UserValidation.Data.UnitTest.UserIDTypeTest" name="TestUserIDTypeConvertToConstant" />
    </UnitTest>
    <UnitTest name="TestGetXML" storage="d:\actions-runner\_work\xpco\xpco\eventserver\server\components\central\server\unittest\bin\x64\debug\videoos.event.server.unittest.dll" id="708fca23-6d8e-9bd9-6995-a29d952babb8">
      <Execution id="7e57183b-c82f-4318-a779-b756b19b9417" />
      <TestMethod codeBase="D:\actions-runner\_work\XPCO\XPCO\EventServer\Server\Components\Central\Server\unittest\bin\x64\Debug\VideoOS.Event.Server.UnitTest.dll" adapterTypeName="executor://mstestadapter/v2" className="VideoOS.Event.Server.Map.Data.UnitTest.TypeIdStorageTest" name="TestGetXML" />
    </UnitTest>
    <UnitTest name="StartStopTest" storage="d:\actions-runner\_work\xpco\xpco\eventserver\server\components\central\server\unittest\bin\x64\debug\videoos.event.server.unittest.dll" id="5c4423f1-3542-6d83-6216-62288fcdf2f4">
      <Execution id="2c6ccfbc-a3e2-4f89-b01b-c0b7622f78ba" />
      <TestMethod codeBase="D:\actions-runner\_work\XPCO\XPCO\EventServer\Server\Components\Central\Server\unittest\bin\x64\Debug\VideoOS.Event.Server.UnitTest.dll" adapterTypeName="executor://mstestadapter/v2" className="VideoOS.Event.Server.UnitTest.AccessControl.AccessControlEventTypeProviderTest" name="StartStopTest" />
    </UnitTest>
    <UnitTest name="TestGetVisualElementChangesWithNegativeTimeout" storage="d:\actions-runner\_work\xpco\xpco\eventserver\server\components\central\server\unittest\bin\x64\debug\videoos.event.server.unittest.dll" id="d3b83472-d279-5956-8eb1-a6a351343475">
      <TestCategory>
        <TestCategoryItem TestCategory="WebService/Map" />
      </TestCategory>
      <Execution id="2944ef52-b51e-432f-9b00-57f32f94331f" />
      <TestMethod codeBase="D:\actions-runner\_work\XPCO\XPCO\EventServer\Server\Components\Central\Server\unittest\bin\x64\Debug\VideoOS.Event.Server.UnitTest.dll" adapterTypeName="executor://mstestadapter/v2" className="VideoOS.Event.Server.WebService.Map.UnitTest.MapCommandToken2Test" name="TestGetVisualElementChangesWithNegativeTimeout" />
    </UnitTest>
    <UnitTest name="TestSetVisualizationWithNullData" storage="d:\actions-runner\_work\xpco\xpco\eventserver\server\components\central\server\unittest\bin\x64\debug\videoos.event.server.unittest.dll" id="df76bf6c-5619-810d-15bf-759f6cad4ac2">
      <Execution id="12d78b51-2788-4e8d-8bfd-d838518bc79f" />
      <TestMethod codeBase="D:\actions-runner\_work\XPCO\XPCO\EventServer\Server\Components\Central\Server\unittest\bin\x64\Debug\VideoOS.Event.Server.UnitTest.dll" adapterTypeName="executor://mstestadapter/v2" className="VideoOS.Event.Server.Map.UnitTest.VisualElementStatusCalculatorTest" name="TestSetVisualizationWithNullData" />
    </UnitTest>
    <UnitTest name="TestGetElementGetAMarkedForDeletionElement" storage="d:\actions-runner\_work\xpco\xpco\eventserver\server\components\central\server\unittest\bin\x64\debug\videoos.event.server.unittest.dll" id="1560d87c-9504-582e-42c3-2a759a5254c0">
      <Execution id="2de78502-00a2-4600-baf2-f051c47fa35e" />
      <TestMethod codeBase="D:\actions-runner\_work\XPCO\XPCO\EventServer\Server\Components\Central\Server\unittest\bin\x64\Debug\VideoOS.Event.Server.UnitTest.dll" adapterTypeName="executor://mstestadapter/v2" className="VideoOS.Event.Server.Map.UnitTest.VisualElementManagerTest" name="TestGetElementGetAMarkedForDeletionElement" />
    </UnitTest>
    <UnitTest name="EventConverter_ConvertEventStatusToBaseItem_Success_InternalEvent" storage="d:\actions-runner\_work\xpco\xpco\eventserver\server\components\central\server\unittest\bin\x64\debug\videoos.event.server.unittest.dll" id="f70c4cdf-d4c9-9cde-60f2-7b3846e100d8">
      <Execution id="bc20b8cd-77e2-4b6d-8c9d-e674b2a29fbb" />
      <TestMethod codeBase="D:\actions-runner\_work\XPCO\XPCO\EventServer\Server\Components\Central\Server\unittest\bin\x64\Debug\VideoOS.Event.Server.UnitTest.dll" adapterTypeName="executor://mstestadapter/v2" className="VideoOS.Event.Server.UnitTest.Utils.EventConverterTest" name="EventConverter_ConvertEventStatusToBaseItem_Success_InternalEvent" />
    </UnitTest>
    <UnitTest name="TestGetSnapshotsException" storage="d:\actions-runner\_work\xpco\xpco\eventserver\server\components\central\server\unittest\bin\x64\debug\videoos.event.server.unittest.dll" id="b786416e-7d48-adbf-e477-6b331c5b8dce">
      <Execution id="1171f4ba-c291-473d-b60e-4e9f38d086c9" />
      <TestMethod codeBase="D:\actions-runner\_work\XPCO\XPCO\EventServer\Server\Components\Central\Server\unittest\bin\x64\Debug\VideoOS.Event.Server.UnitTest.dll" adapterTypeName="executor://mstestadapter/v2" className="VideoOS.Event.Server.WebService.Alarm.UnitTest.AlarmCommandTokenTest" name="TestGetSnapshotsException" />
    </UnitTest>
    <UnitTest name="TestUpdateElementsWithAnElementMarkedForDeletion" storage="d:\actions-runner\_work\xpco\xpco\eventserver\server\components\central\server\unittest\bin\x64\debug\videoos.event.server.unittest.dll" id="7c2c6837-0ff3-3639-aae7-2c01abcd651e">
      <Execution id="bdc8b1a7-954c-4bdd-bab1-e23b9902a04b" />
      <TestMethod codeBase="D:\actions-runner\_work\XPCO\XPCO\EventServer\Server\Components\Central\Server\unittest\bin\x64\Debug\VideoOS.Event.Server.UnitTest.dll" adapterTypeName="executor://mstestadapter/v2" className="VideoOS.Event.Server.Map.UnitTest.VisualElementManagerTest" name="TestUpdateElementsWithAnElementMarkedForDeletion" />
    </UnitTest>
    <UnitTest name="TestCreateObjectWithValidParameters" storage="d:\actions-runner\_work\xpco\xpco\eventserver\server\components\central\server\unittest\bin\x64\debug\videoos.event.server.unittest.dll" id="0e5a3475-da9b-1e91-d7bb-1eef45e61a92">
      <TestCategory>
        <TestCategoryItem TestCategory="WebService/Map" />
      </TestCategory>
      <Execution id="23d8eea3-1041-44c5-a7d6-cb87abe1fde2" />
      <TestMethod codeBase="D:\actions-runner\_work\XPCO\XPCO\EventServer\Server\Components\Central\Server\unittest\bin\x64\Debug\VideoOS.Event.Server.UnitTest.dll" adapterTypeName="executor://mstestadapter/v2" className="VideoOS.Event.Server.WebService.Map.UnitTest.MapCommandCredentialsTest" name="TestCreateObjectWithValidParameters" />
    </UnitTest>
    <UnitTest name="TestConstructorWithVisualElementStorageDatabaseAndVisualElementWithNullObjects" storage="d:\actions-runner\_work\xpco\xpco\eventserver\server\components\central\server\unittest\bin\x64\debug\videoos.event.server.unittest.dll" id="33996ad1-87de-26bf-b419-0a1ec0333bb4">
      <Execution id="ec1e29d5-e64f-4530-9efc-3ad1b07f14e3" />
      <TestMethod codeBase="D:\actions-runner\_work\XPCO\XPCO\EventServer\Server\Components\Central\Server\unittest\bin\x64\Debug\VideoOS.Event.Server.UnitTest.dll" adapterTypeName="executor://mstestadapter/v2" className="VideoOS.Event.Server.Map.Data.UnitTest.VisualElementStorageTest" name="TestConstructorWithVisualElementStorageDatabaseAndVisualElementWithNullObjects" />
    </UnitTest>
    <UnitTest name="TestDictMethods" storage="d:\actions-runner\_work\xpco\xpco\eventserver\server\components\central\server\unittest\bin\x64\debug\videoos.event.server.unittest.dll" id="1ba550a5-1f48-afaa-0282-6c7d6ffea5db">
      <Execution id="cd51494e-3517-4774-93c3-f3e16e7652b2" />
      <TestMethod codeBase="D:\actions-runner\_work\XPCO\XPCO\EventServer\Server\Components\Central\Server\unittest\bin\x64\Debug\VideoOS.Event.Server.UnitTest.dll" adapterTypeName="executor://mstestadapter/v2" className="VideoOS.Event.Server.Map.Data.UnitTest.AccessListStorageTest" name="TestDictMethods" />
    </UnitTest>
    <UnitTest name="TestUpdateState" storage="d:\actions-runner\_work\xpco\xpco\eventserver\server\components\central\server\unittest\bin\x64\debug\videoos.event.server.unittest.dll" id="3716fbb6-4400-db0e-3fbb-de68de859458">
      <Execution id="4a0dc1e6-bd89-486d-afd0-f3e7374190fc" />
      <TestMethod codeBase="D:\actions-runner\_work\XPCO\XPCO\EventServer\Server\Components\Central\Server\unittest\bin\x64\Debug\VideoOS.Event.Server.UnitTest.dll" adapterTypeName="executor://mstestadapter/v2" className="VideoOS.Event.Server.Map.Data.UnitTest.StatusElementMapTest" name="TestUpdateState" />
    </UnitTest>
    <UnitTest name="TestGetStatusForAllObjectsOfType" storage="d:\actions-runner\_work\xpco\xpco\eventserver\server\components\central\server\unittest\bin\x64\debug\videoos.event.server.unittest.dll" id="b9de5487-3d39-f56d-886b-071337ca9235">
      <Execution id="dfdd289d-a3fe-4114-aade-21b036f72d0e" />
      <TestMethod codeBase="D:\actions-runner\_work\XPCO\XPCO\EventServer\Server\Components\Central\Server\unittest\bin\x64\Debug\VideoOS.Event.Server.UnitTest.dll" adapterTypeName="executor://mstestadapter/v2" className="VideoOS.Event.Server.WebService.Status.UnitTest.StatusCommandCredentialsTest" name="TestGetStatusForAllObjectsOfType" />
    </UnitTest>
    <UnitTest name="TestGetStatusDetailsWithElementContainingNoDetails" storage="d:\actions-runner\_work\xpco\xpco\eventserver\server\components\central\server\unittest\bin\x64\debug\videoos.event.server.unittest.dll" id="83082774-001a-3111-eeb0-284040ad150c">
      <Execution id="48fd6385-cbdf-4e69-b407-bc6691507013" />
      <TestMethod codeBase="D:\actions-runner\_work\XPCO\XPCO\EventServer\Server\Components\Central\Server\unittest\bin\x64\Debug\VideoOS.Event.Server.UnitTest.dll" adapterTypeName="executor://mstestadapter/v2" className="VideoOS.Event.Server.Map.UnitTest.VisualElementStatusCalculatorTest" name="TestGetStatusDetailsWithElementContainingNoDetails" />
    </UnitTest>
    <UnitTest name="WebServiceTest_CreateHTTPBinding" storage="d:\actions-runner\_work\xpco\xpco\eventserver\server\components\central\server\unittest\bin\x64\debug\videoos.event.server.unittest.dll" id="6d3c75aa-64b1-6ada-2a01-e4e42d5cc21c">
      <Execution id="d2277c11-ac20-440d-8608-39b49f81f0e8" />
      <TestMethod codeBase="D:\actions-runner\_work\XPCO\XPCO\EventServer\Server\Components\Central\Server\unittest\bin\x64\Debug\VideoOS.Event.Server.UnitTest.dll" adapterTypeName="executor://mstestadapter/v2" className="VideoOS.Event.Server.UnitTest.WebService.WebServiceTest" name="WebServiceTest_CreateHTTPBinding" />
    </UnitTest>
    <UnitTest name="TestGetPlugInItemChangesWithNulTimeout" storage="d:\actions-runner\_work\xpco\xpco\eventserver\server\components\central\server\unittest\bin\x64\debug\videoos.event.server.unittest.dll" id="78bd5421-694f-1155-dee5-f3584d330adf">
      <TestCategory>
        <TestCategoryItem TestCategory="WebService/Map" />
      </TestCategory>
      <Execution id="a172dfb4-d382-41fb-b7e1-d6b3982dbf97" />
      <TestMethod codeBase="D:\actions-runner\_work\XPCO\XPCO\EventServer\Server\Components\Central\Server\unittest\bin\x64\Debug\VideoOS.Event.Server.UnitTest.dll" adapterTypeName="executor://mstestadapter/v2" className="VideoOS.Event.Server.WebService.Map.UnitTest.MapCommandCredentialsTest" name="TestGetPlugInItemChangesWithNulTimeout" />
    </UnitTest>
    <UnitTest name="TestGetPlugInItemsAccessControl" storage="d:\actions-runner\_work\xpco\xpco\eventserver\server\components\central\server\unittest\bin\x64\debug\videoos.event.server.unittest.dll" id="fe177b54-6a76-7409-52b8-05c4ba65e365">
      <TestCategory>
        <TestCategoryItem TestCategory="MapPlugInManagerTest" />
      </TestCategory>
      <Execution id="7ee268f3-c1d6-41db-84e3-ccbd192a5d9d" />
      <TestMethod codeBase="D:\actions-runner\_work\XPCO\XPCO\EventServer\Server\Components\Central\Server\unittest\bin\x64\Debug\VideoOS.Event.Server.UnitTest.dll" adapterTypeName="executor://mstestadapter/v2" className="VideoOS.Event.Server.MIP.PlugIn.UnitTest.MapPlugInManagerTest" name="TestGetPlugInItemsAccessControl" />
    </UnitTest>
    <UnitTest name="TestItemUpdated" storage="d:\actions-runner\_work\xpco\xpco\eventserver\server\components\central\server\unittest\bin\x64\debug\videoos.event.server.unittest.dll" id="4b4d29b9-1f01-6004-91ad-6a8c4e6e9223">
      <Execution id="93171971-9a1a-40bc-9da6-b40250a9575d" />
      <TestMethod codeBase="D:\actions-runner\_work\XPCO\XPCO\EventServer\Server\Components\Central\Server\unittest\bin\x64\Debug\VideoOS.Event.Server.UnitTest.dll" adapterTypeName="executor://mstestadapter/v2" className="VideoOS.Event.Server.MIP.PlugIn.UnitTest.MapPlugInTypeEventHandlerTest" name="TestItemUpdated" />
    </UnitTest>
    <UnitTest name="EventConverter_ConvertBaseItemToBaseEvent_TriggerEvent_Empty" storage="d:\actions-runner\_work\xpco\xpco\eventserver\server\components\central\server\unittest\bin\x64\debug\videoos.event.server.unittest.dll" id="436f3507-7b42-8e18-77db-9f6fb3e539f5">
      <Execution id="18505bd6-0b65-4357-bc84-515d69e8b4d7" />
      <TestMethod codeBase="D:\actions-runner\_work\XPCO\XPCO\EventServer\Server\Components\Central\Server\unittest\bin\x64\Debug\VideoOS.Event.Server.UnitTest.dll" adapterTypeName="executor://mstestadapter/v2" className="VideoOS.Event.Server.UnitTest.Utils.EventConverterTest" name="EventConverter_ConvertBaseItemToBaseEvent_TriggerEvent_Empty" />
    </UnitTest>
    <UnitTest name="TestTypeIDs" storage="d:\actions-runner\_work\xpco\xpco\eventserver\server\components\central\server\unittest\bin\x64\debug\videoos.event.server.unittest.dll" id="9fb72f8c-7a32-6c9c-0963-3a48de1ed139">
      <TestCategory>
        <TestCategoryItem TestCategory="MapPlugInManagerTest" />
      </TestCategory>
      <Execution id="ce8dd2d2-a725-440c-b2f5-24c1a0a10773" />
      <TestMethod codeBase="D:\actions-runner\_work\XPCO\XPCO\EventServer\Server\Components\Central\Server\unittest\bin\x64\Debug\VideoOS.Event.Server.UnitTest.dll" adapterTypeName="executor://mstestadapter/v2" className="VideoOS.Event.Server.MIP.PlugIn.UnitTest.MapPlugInManagerTest" name="TestTypeIDs" />
    </UnitTest>
    <UnitTest name="TestUpdateElementsWithInvalidId" storage="d:\actions-runner\_work\xpco\xpco\eventserver\server\components\central\server\unittest\bin\x64\debug\videoos.event.server.unittest.dll" id="bd04b31f-0f79-1b23-444f-e9199a7cc79f">
      <Execution id="d4ae6e4c-1da6-4d53-8a50-a4f4986ede8f" />
      <TestMethod codeBase="D:\actions-runner\_work\XPCO\XPCO\EventServer\Server\Components\Central\Server\unittest\bin\x64\Debug\VideoOS.Event.Server.UnitTest.dll" adapterTypeName="executor://mstestadapter/v2" className="VideoOS.Event.Server.Map.UnitTest.VisualElementManagerTest" name="TestUpdateElementsWithInvalidId" />
    </UnitTest>
    <UnitTest name="TestRemoveElementWithNonExistingId" storage="d:\actions-runner\_work\xpco\xpco\eventserver\server\components\central\server\unittest\bin\x64\debug\videoos.event.server.unittest.dll" id="71d20668-151d-d940-3401-2af3efc860c6">
      <Execution id="6766b530-b1c4-44ae-af3a-f52348c72b25" />
      <TestMethod codeBase="D:\actions-runner\_work\XPCO\XPCO\EventServer\Server\Components\Central\Server\unittest\bin\x64\Debug\VideoOS.Event.Server.UnitTest.dll" adapterTypeName="executor://mstestadapter/v2" className="VideoOS.Event.Server.Map.UnitTest.VisualElementManagerTest" name="TestRemoveElementWithNonExistingId" />
    </UnitTest>
  </TestDefinitions>
  <TestEntries>
    <TestEntry testId="94f14c42-e0df-d711-cfd1-a3c8559622c8" executionId="666de9b4-9ede-4b1f-8e60-e3c19f8d20d4" testListId="8c84fa94-04c1-424b-9868-57a2d4851a1d" />
    <TestEntry testId="27982400-f5b5-f21e-b696-dede26779e1b" executionId="46160110-afa9-4df5-99a9-0998b32cf138" testListId="8c84fa94-04c1-424b-9868-57a2d4851a1d" />
    <TestEntry testId="03d1e929-4c12-8117-129d-6f1c5c819267" executionId="d170f24b-e5db-489e-9895-250bdc34d6dc" testListId="8c84fa94-04c1-424b-9868-57a2d4851a1d" />
    <TestEntry testId="4054a570-b405-add8-b79a-2940118a558e" executionId="9df7d913-4e7d-4dbd-b2ef-c8e0015173bd" testListId="8c84fa94-04c1-424b-9868-57a2d4851a1d" />
    <TestEntry testId="2f9145a7-6311-f617-6ef6-69440c4a4162" executionId="39173e72-9ca4-43f5-92c4-64d764be104c" testListId="8c84fa94-04c1-424b-9868-57a2d4851a1d" />
    <TestEntry testId="0899a483-f978-208a-59fe-e2759339cea5" executionId="627db597-5fe7-45e0-bdf7-9230227f4788" testListId="8c84fa94-04c1-424b-9868-57a2d4851a1d" />
    <TestEntry testId="f1786565-9098-421f-7c75-e67b4e0cb548" executionId="41251663-63f6-4df0-a2c8-cadf35a6c93c" testListId="8c84fa94-04c1-424b-9868-57a2d4851a1d" />
    <TestEntry testId="21990b8b-1291-e060-3e80-5b7f3edc09e2" executionId="16810f49-1dec-45f6-95fa-1368390b1dd6" testListId="8c84fa94-04c1-424b-9868-57a2d4851a1d" />
    <TestEntry testId="d5621eba-cb30-7bb1-a1d1-8acbd8028e45" executionId="ee523e9c-6c6d-4c83-b082-dd672824b44e" testListId="8c84fa94-04c1-424b-9868-57a2d4851a1d" />
    <TestEntry testId="a18da52c-9f52-fb16-4078-bcb8084ca60e" executionId="5cd7cee7-cf2a-454b-a413-5b814c7acd64" testListId="8c84fa94-04c1-424b-9868-57a2d4851a1d" />
    <TestEntry testId="056d9b2e-47e1-66fc-0f61-7dd44cd5f24a" executionId="66c5379c-2f03-4cce-9b65-9210d7bca133" testListId="8c84fa94-04c1-424b-9868-57a2d4851a1d" />
    <TestEntry testId="709944ad-38f2-d49a-6dce-a5531cda1d37" executionId="b46a19bd-8fac-407a-8a22-59cc88618cc6" testListId="8c84fa94-04c1-424b-9868-57a2d4851a1d" />
    <TestEntry testId="bbed0de9-19bc-ba49-ea76-993a5f8a0766" executionId="06b26907-4260-466d-82ae-e0c9ec250652" testListId="8c84fa94-04c1-424b-9868-57a2d4851a1d" />
    <TestEntry testId="6275dece-a0c2-3768-4637-0ccb8b0992f0" executionId="7ed4d9bc-d3bb-407c-a876-a530512c1886" testListId="8c84fa94-04c1-424b-9868-57a2d4851a1d" />
    <TestEntry testId="1bad829b-3605-2602-6a66-d68603322f0c" executionId="d00913bb-829d-46cb-a90a-4016f63fa0a4" testListId="8c84fa94-04c1-424b-9868-57a2d4851a1d" />
    <TestEntry testId="d8eaa450-d2bd-a831-8272-f5ba42f1fec8" executionId="ff54d351-8903-45d2-b180-eae83b19aa1d" testListId="8c84fa94-04c1-424b-9868-57a2d4851a1d" />
    <TestEntry testId="efd6bd24-441a-3baa-e256-65b8d3cbc0bb" executionId="b959db34-f214-4dc1-98f0-c1f5244fbd24" testListId="8c84fa94-04c1-424b-9868-57a2d4851a1d" />
    <TestEntry testId="93458f80-3775-2ddd-10f2-12013507a32b" executionId="64d0ff2d-fa2e-4a40-9d0c-30c70280a7ed" testListId="8c84fa94-04c1-424b-9868-57a2d4851a1d" />
    <TestEntry testId="525e8c69-505e-49e8-6928-10b9d0650e38" executionId="f8032fca-3236-42d0-abd9-03c6b8a55749" testListId="8c84fa94-04c1-424b-9868-57a2d4851a1d" />
    <TestEntry testId="dc9892b1-1829-9bf5-0716-2ba2e2bad072" executionId="17a57acb-1e26-449a-bfbb-aa34695b5510" testListId="8c84fa94-04c1-424b-9868-57a2d4851a1d" />
    <TestEntry testId="758d0353-42af-8682-0395-6f91b285364d" executionId="f437581a-c5d1-4ede-be2d-e1b9e2888266" testListId="8c84fa94-04c1-424b-9868-57a2d4851a1d" />
    <TestEntry testId="153bb311-a7ab-905b-0fa3-53f7fcf4e20e" executionId="4571ce6a-6527-43e7-a264-b362ddc71e9a" testListId="8c84fa94-04c1-424b-9868-57a2d4851a1d" />
    <TestEntry testId="43a88965-7428-2504-3ad8-2c223aa43c1f" executionId="6893e000-349c-4e0c-8017-e92a3d641fa8" testListId="8c84fa94-04c1-424b-9868-57a2d4851a1d" />
    <TestEntry testId="5633b127-bb04-d544-e3df-a69bb38d0776" executionId="10fd088a-3ba4-4b52-bef6-2407c437c289" testListId="8c84fa94-04c1-424b-9868-57a2d4851a1d" />
    <TestEntry testId="0531a6e3-4b1d-bc85-e7b0-17ca38e8abce" executionId="c3678446-39fb-4780-833d-032d275adff8" testListId="8c84fa94-04c1-424b-9868-57a2d4851a1d" />
    <TestEntry testId="144352c5-c33b-97b1-d06c-d10783bcd24a" executionId="7b22cb7c-4a34-4d3e-bb72-8fc1860e5786" testListId="8c84fa94-04c1-424b-9868-57a2d4851a1d" />
    <TestEntry testId="b3bbe266-4686-06fd-00e8-bbec851e17e4" executionId="4bca88db-425e-44cc-bdf5-71e28db0529f" testListId="8c84fa94-04c1-424b-9868-57a2d4851a1d" />
    <TestEntry testId="4404f0bc-42cf-337a-ad9d-0be2c38d7ec2" executionId="514a2900-db58-4fd3-954c-6d817eef6824" testListId="8c84fa94-04c1-424b-9868-57a2d4851a1d" />
    <TestEntry testId="0c8af55d-888b-66ab-d122-5725e58fd271" executionId="321108be-f226-414d-bc9b-3a924e8fa132" testListId="8c84fa94-04c1-424b-9868-57a2d4851a1d" />
    <TestEntry testId="742ab573-3688-e462-d303-02a1c484494d" executionId="d02c99de-f684-4cf4-9d24-1c3a45118571" testListId="8c84fa94-04c1-424b-9868-57a2d4851a1d" />
    <TestEntry testId="ef8afd3a-3f31-f6d5-ab6d-4ac9daec90e6" executionId="a276d1d6-22eb-46d1-9360-b9fbf25d9732" testListId="8c84fa94-04c1-424b-9868-57a2d4851a1d" />
    <TestEntry testId="b05efe8d-d94c-9ff1-508e-eed12d2e8abb" executionId="589448ac-5c72-4407-a101-2aa1c8adabf7" testListId="8c84fa94-04c1-424b-9868-57a2d4851a1d" />
    <TestEntry testId="a09789c3-f697-5663-6a05-6fa2cb53c4e5" executionId="3ba98898-41da-48b1-bc76-b716b2f4be34" testListId="8c84fa94-04c1-424b-9868-57a2d4851a1d" />
    <TestEntry testId="6ea36cb7-dc9f-f9b5-d308-6a7e97d59a45" executionId="75748bfa-13b5-4e4f-8e3d-840e98575732" testListId="8c84fa94-04c1-424b-9868-57a2d4851a1d" />
    <TestEntry testId="6659ef55-df01-6033-873e-1d49a2e3e8df" executionId="8ca7f51d-24f0-492c-9d1f-d22517bf2af6" testListId="8c84fa94-04c1-424b-9868-57a2d4851a1d" />
    <TestEntry testId="ef8dde0f-8cc7-b5bf-229c-416b59b00ca5" executionId="5c446f34-2690-4cb8-b6d7-3c623ab4eb06" testListId="8c84fa94-04c1-424b-9868-57a2d4851a1d" />
    <TestEntry testId="9c6b93f0-21ea-bab9-4f22-0a88632e740e" executionId="bf485ec1-0e64-458e-852f-180c17940127" testListId="8c84fa94-04c1-424b-9868-57a2d4851a1d" />
    <TestEntry testId="cfe923a5-11a0-312b-3c42-ddecffad1e3b" executionId="1ad08eed-d9fc-4929-b67d-cefd8488d92f" testListId="8c84fa94-04c1-424b-9868-57a2d4851a1d" />
    <TestEntry testId="83082774-001a-3111-eeb0-284040ad150c" executionId="48fd6385-cbdf-4e69-b407-bc6691507013" testListId="8c84fa94-04c1-424b-9868-57a2d4851a1d" />
    <TestEntry testId="fa5511f4-8519-f9e6-eb84-5d9a722d9f15" executionId="1515c7a9-6557-4eef-8770-3e2e9ab79e02" testListId="8c84fa94-04c1-424b-9868-57a2d4851a1d" />
    <TestEntry testId="f5494661-fe61-3b93-b99f-f96ddc383216" executionId="afc387e5-964f-4252-ba23-5d0de09db3d0" testListId="8c84fa94-04c1-424b-9868-57a2d4851a1d" />
    <TestEntry testId="f77eaa31-835c-32de-1591-59ded3243b0f" executionId="ef1b49eb-88ff-4016-93b5-cff0b932b0a6" testListId="8c84fa94-04c1-424b-9868-57a2d4851a1d" />
    <TestEntry testId="7c8997fa-4eb0-4fdd-223c-cb6cf6f9de4d" executionId="16245044-b9be-474d-8834-a0db231dabe4" testListId="8c84fa94-04c1-424b-9868-57a2d4851a1d" />
    <TestEntry testId="2fdca0ec-03ca-b79a-f880-b6fee07749a2" executionId="21b08ecd-f034-4a68-a7e6-f14313ec2ead" testListId="8c84fa94-04c1-424b-9868-57a2d4851a1d" />
    <TestEntry testId="469315c8-1cc6-451a-cd46-08337cc7ecdb" executionId="e3f5850d-e0ec-4127-babf-be0689d29371" testListId="8c84fa94-04c1-424b-9868-57a2d4851a1d" />
    <TestEntry testId="99543fcc-f796-6f95-3612-f5fd1fdfb5f7" executionId="16400cdd-22eb-4c54-94af-7860c47400a7" testListId="8c84fa94-04c1-424b-9868-57a2d4851a1d" />
    <TestEntry testId="ded5ffc5-e6ed-f1d6-b4b6-c5d364958d62" executionId="92b1e38e-adcb-4146-949d-3d4d07845e76" testListId="8c84fa94-04c1-424b-9868-57a2d4851a1d" />
    <TestEntry testId="4ef61b4c-e4db-af8f-ac17-9fede93bc802" executionId="a1e41769-b3f6-4482-81cd-a385b3b6e04a" testListId="8c84fa94-04c1-424b-9868-57a2d4851a1d" />
    <TestEntry testId="73e328c0-4710-e606-9be8-5deb082f424b" executionId="6d1c9f8b-e57f-4829-a16c-264ce5369b47" testListId="8c84fa94-04c1-424b-9868-57a2d4851a1d" />
    <TestEntry testId="053605cc-6735-42bb-6e5a-f614c91f94ee" executionId="c70f853b-0100-4d1d-99f8-7d0151442d51" testListId="8c84fa94-04c1-424b-9868-57a2d4851a1d" />
    <TestEntry testId="4e83dfb8-d6fa-96b5-e523-9b7e2b677ee8" executionId="a17d82be-f130-462e-9824-b768a923eb04" testListId="8c84fa94-04c1-424b-9868-57a2d4851a1d" />
    <TestEntry testId="a7129e47-f514-c184-12bf-648b55307ce8" executionId="8216dc09-2d2f-4d48-a980-1f27d986e025" testListId="8c84fa94-04c1-424b-9868-57a2d4851a1d" />
    <TestEntry testId="6172f02a-913a-1545-4284-9e6a65047ffb" executionId="62cfdd58-675e-403f-acc9-b0e141578fd1" testListId="8c84fa94-04c1-424b-9868-57a2d4851a1d" />
    <TestEntry testId="4176d264-09e0-b06d-c159-5226ace99675" executionId="5cf9fa20-66f2-4c2a-a28f-09e8860a670e" testListId="8c84fa94-04c1-424b-9868-57a2d4851a1d" />
    <TestEntry testId="656e298d-2d36-cfe0-be8f-80e929d07c74" executionId="5ab8044d-7261-4c3a-85a4-183d4f86c988" testListId="8c84fa94-04c1-424b-9868-57a2d4851a1d" />
    <TestEntry testId="da9b2ce5-50e0-4c70-1517-953340f2dd57" executionId="6609cb46-3c2b-4b25-9784-da29ef4c3824" testListId="8c84fa94-04c1-424b-9868-57a2d4851a1d" />
    <TestEntry testId="2624c65e-dca6-66ef-54f0-35e68f401166" executionId="45833bf5-f1a6-4a64-bb5b-571c5c38c3a2" testListId="8c84fa94-04c1-424b-9868-57a2d4851a1d" />
    <TestEntry testId="a787ff48-be4f-289c-784c-b1310306f6ca" executionId="50c38d1b-791c-4288-8007-4cfdb862f17b" testListId="8c84fa94-04c1-424b-9868-57a2d4851a1d" />
    <TestEntry testId="71ac7708-f02b-16cd-b5d5-cdd06651ba0e" executionId="dda43419-0347-4459-9348-be2a24cd8b9d" testListId="8c84fa94-04c1-424b-9868-57a2d4851a1d" />
    <TestEntry testId="5d472274-e651-49db-a19f-9c9fc5e07861" executionId="3e9e7d54-6d54-455e-a901-6e7d86ea4bcb" testListId="8c84fa94-04c1-424b-9868-57a2d4851a1d" />
    <TestEntry testId="f17fb508-5add-884a-e759-f0cbc77bb104" executionId="577e3758-df9b-4e24-bdb4-be987383f082" testListId="8c84fa94-04c1-424b-9868-57a2d4851a1d" />
    <TestEntry testId="041377db-dcc6-3c7f-3732-41e0e8b36562" executionId="7a2c92f1-1354-4e5b-9fe7-eb8460640d9d" testListId="8c84fa94-04c1-424b-9868-57a2d4851a1d" />
    <TestEntry testId="402c8357-a508-a28e-f400-8cfa63df3da3" executionId="a2f6afe0-6f3d-4e1a-8a9c-6d9bec44c772" testListId="8c84fa94-04c1-424b-9868-57a2d4851a1d" />
    <TestEntry testId="43777f90-1960-02ae-d0ac-4e9f90968a37" executionId="b931646d-abb6-49db-9995-cde0d3ddc31a" testListId="8c84fa94-04c1-424b-9868-57a2d4851a1d" />
    <TestEntry testId="df106c93-dba2-fad8-cf9c-e89f94afe190" executionId="4daa9e89-fcd6-4746-8157-67fafc9bd87f" testListId="8c84fa94-04c1-424b-9868-57a2d4851a1d" />
    <TestEntry testId="9f8c3216-6149-5961-d5fe-113fb44f852c" executionId="753f7dc2-469b-48e5-8e32-4102aa07ac7e" testListId="8c84fa94-04c1-424b-9868-57a2d4851a1d" />
    <TestEntry testId="85031ff5-98e8-19d0-56e2-c823ef4db0bd" executionId="76da6847-7777-4e45-9502-89d362a406d3" testListId="8c84fa94-04c1-424b-9868-57a2d4851a1d" />
    <TestEntry testId="a9081024-1a3c-3980-14ce-9946c32defb3" executionId="d4a13692-cad9-4aa4-bad8-88c8b4a3f5a4" testListId="8c84fa94-04c1-424b-9868-57a2d4851a1d" />
    <TestEntry testId="85bdef9d-5e1c-84ca-4f17-43b92841d07e" executionId="2d6934bd-6510-4848-84d9-cc623bdf3096" testListId="8c84fa94-04c1-424b-9868-57a2d4851a1d" />
    <TestEntry testId="090f2140-4bc4-30bd-174c-4e33819d9496" executionId="00d5e5b4-3323-40aa-a27e-09f72ed9421f" testListId="8c84fa94-04c1-424b-9868-57a2d4851a1d" />
    <TestEntry testId="8536e151-edc3-ab1b-23e8-57399f33348f" executionId="0ec24f27-2e04-4b48-985a-9cc88833c76a" testListId="8c84fa94-04c1-424b-9868-57a2d4851a1d" />
    <TestEntry testId="dc08e628-1818-fd36-8e97-cefc3b20677b" executionId="504b529a-4354-48a4-ab37-60dae81b0fe7" testListId="8c84fa94-04c1-424b-9868-57a2d4851a1d" />
    <TestEntry testId="b4501866-0bce-5dae-c51a-1282bb076da4" executionId="e6baea3d-b5a7-4165-ae4e-e28023b19e56" testListId="8c84fa94-04c1-424b-9868-57a2d4851a1d" />
    <TestEntry testId="040abd3d-af7d-66ad-a4bf-bba3d7f15b8e" executionId="5ac54456-d663-425e-9fe6-080908491ad0" testListId="8c84fa94-04c1-424b-9868-57a2d4851a1d" />
    <TestEntry testId="a19fec4a-02e1-9322-efac-e71a64f156c3" executionId="dc75f840-3e73-4b01-a5ea-4a4625c52984" testListId="8c84fa94-04c1-424b-9868-57a2d4851a1d" />
    <TestEntry testId="b54d77b2-84ea-8a67-b4f0-f35f9bb7857b" executionId="3384aebf-098c-42e7-addc-bb13d2a4cec3" testListId="8c84fa94-04c1-424b-9868-57a2d4851a1d" />
    <TestEntry testId="cbe8b214-ea1c-0fd1-1902-5026939c5b9f" executionId="119c9f28-ce2d-437e-a910-eafcff75fcdd" testListId="8c84fa94-04c1-424b-9868-57a2d4851a1d" />
    <TestEntry testId="bcc2542f-2068-b622-e2f2-3cc555e9d8ce" executionId="78c57070-c7e0-4704-b854-60436dc870c8" testListId="8c84fa94-04c1-424b-9868-57a2d4851a1d" />
    <TestEntry testId="65dda2f7-0c63-1e1c-e70c-9c363c2c9b93" executionId="e322a6a2-309d-4a67-a199-ca6482454a01" testListId="8c84fa94-04c1-424b-9868-57a2d4851a1d" />
    <TestEntry testId="c93413a4-cce4-d076-cdab-9f751d1f2bd6" executionId="b960df2c-0dac-47a6-98e9-f447db4b6ce6" testListId="8c84fa94-04c1-424b-9868-57a2d4851a1d" />
    <TestEntry testId="c1716f5e-0689-895f-3295-017dc3e9ada5" executionId="03ab40c9-a35f-44f0-9e69-c83ed01ec025" testListId="8c84fa94-04c1-424b-9868-57a2d4851a1d" />
    <TestEntry testId="f6819eae-b90a-2385-66dc-666a348500ab" executionId="867a652b-9d75-4958-a3f3-330e8631e901" testListId="8c84fa94-04c1-424b-9868-57a2d4851a1d" />
    <TestEntry testId="1273889c-a586-73a8-3ad1-6b005ef36f19" executionId="73b3e2af-9753-4cd6-950e-2413a854c774" testListId="8c84fa94-04c1-424b-9868-57a2d4851a1d" />
    <TestEntry testId="adce347d-d8a3-fa81-3aab-32fa93d7feec" executionId="579799ba-b071-4daf-8328-41775c0db441" testListId="8c84fa94-04c1-424b-9868-57a2d4851a1d" />
    <TestEntry testId="885b3cd8-4bf4-c09f-f0c5-4232a1fd8140" executionId="1910a5b8-291a-411e-92b0-deb301e57b0a" testListId="8c84fa94-04c1-424b-9868-57a2d4851a1d" />
    <TestEntry testId="71d20668-151d-d940-3401-2af3efc860c6" executionId="6766b530-b1c4-44ae-af3a-f52348c72b25" testListId="8c84fa94-04c1-424b-9868-57a2d4851a1d" />
    <TestEntry testId="b13edc60-e14f-bede-2ebb-2cb5551e6ec9" executionId="1d3cb2a2-0833-4acd-88a0-88091bba3f1d" testListId="8c84fa94-04c1-424b-9868-57a2d4851a1d" />
    <TestEntry testId="84896106-2f9f-b03d-8fed-b3a52db5f04e" executionId="23227a3f-827f-473f-91b8-6d8ac6ed2e31" testListId="8c84fa94-04c1-424b-9868-57a2d4851a1d" />
    <TestEntry testId="17464289-6d28-3fe2-3a2c-ff1a21f4a88d" executionId="00673f76-d63e-42de-abd6-7b53b20c6e1e" testListId="8c84fa94-04c1-424b-9868-57a2d4851a1d" />
    <TestEntry testId="c7daca29-1755-7aa7-c742-17b920aea620" executionId="a9eb3f01-8f1c-4e15-92e4-89b9fa70b059" testListId="8c84fa94-04c1-424b-9868-57a2d4851a1d" />
    <TestEntry testId="c9ac8109-a977-5850-df7c-0201cbb26bfc" executionId="78047e6a-0749-4690-a692-9f6c075e3757" testListId="8c84fa94-04c1-424b-9868-57a2d4851a1d" />
    <TestEntry testId="bd13d3be-2b69-2191-9edd-a13c4674c882" executionId="a0b48aa2-c47f-4a97-8f65-94982a46e8e1" testListId="8c84fa94-04c1-424b-9868-57a2d4851a1d" />
    <TestEntry testId="ca7222e5-698c-ede6-13e8-d9ccebf23df9" executionId="81cf2496-4733-4c73-878b-57163283f30b" testListId="8c84fa94-04c1-424b-9868-57a2d4851a1d" />
    <TestEntry testId="46a4af85-2565-af66-9c4c-361ffcee9620" executionId="2b14a11e-db3e-4567-9529-5b506779186d" testListId="8c84fa94-04c1-424b-9868-57a2d4851a1d" />
    <TestEntry testId="29dacb0e-cd52-5215-c609-685fea82ec57" executionId="c6f14f38-fc31-4810-99f0-9769a5a12e85" testListId="8c84fa94-04c1-424b-9868-57a2d4851a1d" />
    <TestEntry testId="301dfd48-e8c9-1161-41f4-866afd5c0510" executionId="e219b45d-af6d-4681-80a0-55af15c16e9b" testListId="8c84fa94-04c1-424b-9868-57a2d4851a1d" />
    <TestEntry testId="65775a17-b1b7-46d3-f43c-2bc7e29acf69" executionId="efde9709-075a-4af8-8f0b-f71744d7fd5b" testListId="8c84fa94-04c1-424b-9868-57a2d4851a1d" />
    <TestEntry testId="ffee91ef-540c-aa73-1baf-ddf78484f21e" executionId="9d0a11c6-1212-4df7-b053-c0f7f1d98e5b" testListId="8c84fa94-04c1-424b-9868-57a2d4851a1d" />
    <TestEntry testId="c57fc0c5-f9d0-7279-3e84-1fd326fe01da" executionId="6c387ec9-718e-4f0f-83b9-535a714fc50e" testListId="8c84fa94-04c1-424b-9868-57a2d4851a1d" />
    <TestEntry testId="52477087-f303-ed10-2285-482352c7ad94" executionId="dc3983ab-4848-4b70-aaa9-e4a831aa362f" testListId="8c84fa94-04c1-424b-9868-57a2d4851a1d" />
    <TestEntry testId="a6a31fed-fb7d-f827-eb32-702bbf42a9e8" executionId="282f4d54-d008-4c07-b89e-3876c461b664" testListId="8c84fa94-04c1-424b-9868-57a2d4851a1d" />
    <TestEntry testId="97b31139-a598-5002-d238-5d4d9f4008d4" executionId="262c458e-480d-4dc8-8212-3508bf253953" testListId="8c84fa94-04c1-424b-9868-57a2d4851a1d" />
    <TestEntry testId="f7e7505e-f831-a4e3-cd72-f64bacc34cde" executionId="3b38a969-637a-4b9e-934f-793d7eeaf42a" testListId="8c84fa94-04c1-424b-9868-57a2d4851a1d" />
    <TestEntry testId="ff4dc26d-11fa-60e5-abe6-ccf02d137214" executionId="985d12f8-af87-46dd-a0a0-cc3fc646c923" testListId="8c84fa94-04c1-424b-9868-57a2d4851a1d" />
    <TestEntry testId="c094ea59-7ebf-de56-c011-d420ffa08fd4" executionId="e0dc674c-dcd4-4054-a153-e5378a561fac" testListId="8c84fa94-04c1-424b-9868-57a2d4851a1d" />
    <TestEntry testId="d3b83472-d279-5956-8eb1-a6a351343475" executionId="2944ef52-b51e-432f-9b00-57f32f94331f" testListId="8c84fa94-04c1-424b-9868-57a2d4851a1d" />
    <TestEntry testId="73f3eafd-1bb4-9bf7-716f-d5fe9dc13a08" executionId="b62884ad-9cb2-46e6-95d6-4a7ce56dc666" testListId="8c84fa94-04c1-424b-9868-57a2d4851a1d" />
    <TestEntry testId="a6ada6b1-1f6c-a56d-fd5a-9dd7bb6086f3" executionId="dd9f3f38-b866-4cd5-b2d3-075272238076" testListId="8c84fa94-04c1-424b-9868-57a2d4851a1d" />
    <TestEntry testId="d1ea3dbc-ae5e-1318-b51a-3467e3c99c47" executionId="6e9ed81d-2179-424d-8de7-b03307785c75" testListId="8c84fa94-04c1-424b-9868-57a2d4851a1d" />
    <TestEntry testId="61b1faa6-0efc-af5e-6a9d-e58e6eb783b9" executionId="155be86b-f8fd-4f84-90de-8f9e33626a0c" testListId="8c84fa94-04c1-424b-9868-57a2d4851a1d" />
    <TestEntry testId="5d8b5611-79f1-dd5d-ad97-7b4e8e39121c" executionId="7ed3abe0-cd65-4570-b2cd-17d9d02fa945" testListId="8c84fa94-04c1-424b-9868-57a2d4851a1d" />
    <TestEntry testId="12cbe1a3-b8d8-c02f-3cd6-2eebde58d3b9" executionId="d059c316-4fd0-4e45-a200-b88d969496b3" testListId="8c84fa94-04c1-424b-9868-57a2d4851a1d" />
    <TestEntry testId="ffe889c3-2f44-ef0a-71ca-383fba540493" executionId="3decd0ff-7b82-407d-bc56-8b62a1561bbe" testListId="8c84fa94-04c1-424b-9868-57a2d4851a1d" />
    <TestEntry testId="8a7e2926-6682-8f43-3bdc-6c7efd7a8faf" executionId="2142bfd3-d410-4334-9f79-9ee1e76fe7e4" testListId="8c84fa94-04c1-424b-9868-57a2d4851a1d" />
    <TestEntry testId="e187a4f8-2a0c-b2fa-65de-ffb89c00cd52" executionId="8e9d7896-6ce6-4ba5-bff7-8c15b78b8cd3" testListId="8c84fa94-04c1-424b-9868-57a2d4851a1d" />
    <TestEntry testId="9469aee2-b0ed-11c3-f4db-007069bd5ff7" executionId="ba54db9d-a964-45e7-bfb3-1b9b151c02f2" testListId="8c84fa94-04c1-424b-9868-57a2d4851a1d" />
    <TestEntry testId="cf3bd580-d58c-86fe-c0e2-03110ea272b8" executionId="ab53eba8-0401-421d-97b0-bc87b7bbbe10" testListId="8c84fa94-04c1-424b-9868-57a2d4851a1d" />
    <TestEntry testId="c4153300-d58c-99ef-1b85-cb3165a4dc51" executionId="c15a5ebf-b5ae-4202-a06e-f015f05f4713" testListId="8c84fa94-04c1-424b-9868-57a2d4851a1d" />
    <TestEntry testId="2543e1c9-0785-b41d-98cc-3e2c749289b6" executionId="efe85943-65a1-4ccd-b432-d56e5d2f1130" testListId="8c84fa94-04c1-424b-9868-57a2d4851a1d" />
    <TestEntry testId="73052815-243b-f729-0b25-8e22cfe5eb21" executionId="c78fb508-d502-41d5-8860-c836d3e6efdf" testListId="8c84fa94-04c1-424b-9868-57a2d4851a1d" />
    <TestEntry testId="46c93511-7de3-b224-b0bc-10ed611b58bf" executionId="ff1c8248-b2c1-49a8-8181-64b77fbc3b52" testListId="8c84fa94-04c1-424b-9868-57a2d4851a1d" />
    <TestEntry testId="3bd334de-d427-8484-65ca-b08a8977c8cd" executionId="74b4e1bb-85fd-4bdb-b390-a3550429b6f8" testListId="8c84fa94-04c1-424b-9868-57a2d4851a1d" />
    <TestEntry testId="e9178e1a-3c14-5564-d259-ac18470ccb1d" executionId="30a0abff-aa08-48c4-b5f9-18e12e817246" testListId="8c84fa94-04c1-424b-9868-57a2d4851a1d" />
    <TestEntry testId="ccb9bfbc-3d59-3184-7e4f-081f9ce17556" executionId="ae935dcb-5fd1-46a4-bedf-95c1f682b19f" testListId="8c84fa94-04c1-424b-9868-57a2d4851a1d" />
    <TestEntry testId="4d0f6a2e-fc6f-1af8-c276-a92921441b69" executionId="4789bdf0-10ea-4399-b7fa-7e9b03bb0776" testListId="8c84fa94-04c1-424b-9868-57a2d4851a1d" />
    <TestEntry testId="1d1af91a-98bf-5e9c-f940-4402a64a3dc3" executionId="99e832a0-f7ce-4b62-b02d-58bf3c7b110b" testListId="8c84fa94-04c1-424b-9868-57a2d4851a1d" />
    <TestEntry testId="d93362b3-8c38-1941-c800-0783eedde6f7" executionId="d74ea5a9-0959-4bdb-b7c0-15f8484fe8e0" testListId="8c84fa94-04c1-424b-9868-57a2d4851a1d" />
    <TestEntry testId="2424394d-3dc8-929b-c4f6-779908e3129b" executionId="2b2bfaa3-0b6b-422e-99a1-3e87485f3cc4" testListId="8c84fa94-04c1-424b-9868-57a2d4851a1d" />
    <TestEntry testId="d40dc10a-64d0-160e-43ab-7ade16a57465" executionId="227b1fb7-af2f-442f-9bd5-8ebbeb2e66ba" testListId="8c84fa94-04c1-424b-9868-57a2d4851a1d" />
    <TestEntry testId="b1dc1888-2cdd-b99c-c9f4-1b7b7f67758a" executionId="4b2e4ca1-5ab8-45ae-a0f7-3bb103bd59bd" testListId="8c84fa94-04c1-424b-9868-57a2d4851a1d" />
    <TestEntry testId="6bfb436a-3e70-7846-3d08-cc4ead42b9fa" executionId="7553053a-5323-48df-b593-be25f901db43" testListId="8c84fa94-04c1-424b-9868-57a2d4851a1d" />
    <TestEntry testId="2f9c5de5-6323-bb6f-cda9-478c6409912a" executionId="c957b25a-319f-44a2-984a-6e113bd4253f" testListId="8c84fa94-04c1-424b-9868-57a2d4851a1d" />
    <TestEntry testId="db38b9c7-ab19-e6fd-60f0-e3e59d88bf94" executionId="9126d743-7c44-4797-ba18-35d675255aa3" testListId="8c84fa94-04c1-424b-9868-57a2d4851a1d" />
    <TestEntry testId="9bfbcb97-7393-3e97-5b90-41360d0c076f" executionId="d0ca2e1e-da33-4766-a11a-d0ee799aa73d" testListId="8c84fa94-04c1-424b-9868-57a2d4851a1d" />
    <TestEntry testId="df76bf6c-5619-810d-15bf-759f6cad4ac2" executionId="12d78b51-2788-4e8d-8bfd-d838518bc79f" testListId="8c84fa94-04c1-424b-9868-57a2d4851a1d" />
    <TestEntry testId="f0759f59-0dc4-5893-7a39-d74e8b8ab5a4" executionId="4f093e6c-5f6e-4b5e-a37e-3c2fefbb4c5f" testListId="8c84fa94-04c1-424b-9868-57a2d4851a1d" />
    <TestEntry testId="0a16f143-4e6b-d096-b579-37174a4e4dd1" executionId="605a7e64-baa6-4ff5-af18-5b43b1a3c4d2" testListId="8c84fa94-04c1-424b-9868-57a2d4851a1d" />
    <TestEntry testId="c71b0e85-85e9-47a8-4df9-beaf3c66d61a" executionId="3d9162a4-0432-4bc8-8141-d96d67acc5f1" testListId="8c84fa94-04c1-424b-9868-57a2d4851a1d" />
    <TestEntry testId="eccc0c4e-2696-633e-9659-aa59344c2d8e" executionId="4306a332-18ed-4ea2-af61-9ace137b8091" testListId="8c84fa94-04c1-424b-9868-57a2d4851a1d" />
    <TestEntry testId="4b7e6207-7e08-33d7-a4a6-3c9c1c4bd46b" executionId="dfe02482-9c94-4e26-ae9d-eb71ef93434c" testListId="8c84fa94-04c1-424b-9868-57a2d4851a1d" />
    <TestEntry testId="ffbab35b-742f-82c4-d5ad-0fa0ce013dac" executionId="1e48f074-65ae-43a5-b161-e18682d0de4e" testListId="8c84fa94-04c1-424b-9868-57a2d4851a1d" />
    <TestEntry testId="79450999-8ae4-f763-9830-712ef6ee317a" executionId="31c5f137-ff3e-4a19-a20f-9d0024354f74" testListId="8c84fa94-04c1-424b-9868-57a2d4851a1d" />
    <TestEntry testId="8def1c76-4750-471b-e1ce-7655d670ef5f" executionId="c75eec2b-7812-461d-ad16-8232cec47eb8" testListId="8c84fa94-04c1-424b-9868-57a2d4851a1d" />
    <TestEntry testId="007d5ca8-0cb3-4028-cb8b-1f37cb0111cc" executionId="f8f48114-128b-4407-b816-5b393b22e659" testListId="8c84fa94-04c1-424b-9868-57a2d4851a1d" />
    <TestEntry testId="10092c91-f6f5-7031-f494-8a1a4394cccd" executionId="b373319d-0d9b-49cd-9d3f-180f4cdb6abe" testListId="8c84fa94-04c1-424b-9868-57a2d4851a1d" />
    <TestEntry testId="ba4c54d1-5f25-c421-7a85-b398e7f8d74a" executionId="502ba377-5251-40c7-9c00-dd4f1bb4cda4" testListId="8c84fa94-04c1-424b-9868-57a2d4851a1d" />
    <TestEntry testId="e9d27e2e-2c56-404a-f7e1-fe6ab11b477b" executionId="0642b7ed-3658-4d88-b3a2-5d04128e2cd9" testListId="8c84fa94-04c1-424b-9868-57a2d4851a1d" />
    <TestEntry testId="de00552c-cce9-bf97-be32-2abc19974927" executionId="24a375db-7c99-4186-bd1f-39527dfbaf02" testListId="8c84fa94-04c1-424b-9868-57a2d4851a1d" />
    <TestEntry testId="fcbb9d42-bae7-3348-457f-44d640ba34db" executionId="a6e91e9c-1b68-43c4-b671-bc2a85e5a9d2" testListId="8c84fa94-04c1-424b-9868-57a2d4851a1d" />
    <TestEntry testId="a5cccd9d-254c-8f3f-f024-4cc20012dc97" executionId="b6f0263e-a5cb-4013-b6e6-8a2d2ca425b9" testListId="8c84fa94-04c1-424b-9868-57a2d4851a1d" />
    <TestEntry testId="199bfd37-c469-c817-7cca-cebcf665e72c" executionId="26209c0e-38ea-4c51-9ba9-db070be760e1" testListId="8c84fa94-04c1-424b-9868-57a2d4851a1d" />
    <TestEntry testId="decbdcfc-adb8-130c-8096-ad9c64fb6a0e" executionId="11f58894-d263-4a1c-9802-e88c076f6c7f" testListId="8c84fa94-04c1-424b-9868-57a2d4851a1d" />
    <TestEntry testId="57bdc43c-00dd-641d-e664-ae83375b77e2" executionId="0fc8332f-37c6-4e27-850e-03b2b7c79db2" testListId="8c84fa94-04c1-424b-9868-57a2d4851a1d" />
    <TestEntry testId="36da37d2-4bc2-9801-a72b-ccfc4d1e6877" executionId="da73664a-48ca-4711-a816-73bb4d8fe6e9" testListId="8c84fa94-04c1-424b-9868-57a2d4851a1d" />
    <TestEntry testId="368418bf-f735-1c99-a6a6-9f37952f2bb7" executionId="62afdcf3-e0b8-45e2-b0fc-c48d43a9588e" testListId="8c84fa94-04c1-424b-9868-57a2d4851a1d" />
    <TestEntry testId="f10eac52-ea0d-ceed-393c-983a2a79629b" executionId="a1c68821-79e1-4178-bda6-015c0b85062f" testListId="8c84fa94-04c1-424b-9868-57a2d4851a1d" />
    <TestEntry testId="c551619f-eea0-801f-e025-a2dc4894f67e" executionId="75595f2d-9696-4177-8219-e9e99ca388c9" testListId="8c84fa94-04c1-424b-9868-57a2d4851a1d" />
    <TestEntry testId="c76831fe-1ee8-06a5-6801-a38931af7baf" executionId="4df3dd77-297b-40de-9bb8-d3ffced2acd6" testListId="8c84fa94-04c1-424b-9868-57a2d4851a1d" />
    <TestEntry testId="ef8e58cf-ea5c-2876-04a9-76267e76a3bd" executionId="9f9f6d0a-d5cb-4a56-90bb-405dd0a33cef" testListId="8c84fa94-04c1-424b-9868-57a2d4851a1d" />
    <TestEntry testId="bf6fbd2a-e814-acb0-0f76-4e97f7ae2f04" executionId="ab8a83db-589a-48aa-bf20-eea0521ff22e" testListId="8c84fa94-04c1-424b-9868-57a2d4851a1d" />
    <TestEntry testId="0764a672-89fe-5d86-13f0-944488cff56e" executionId="da4279da-2e24-4fb6-bd6a-1e8fbe62f928" testListId="8c84fa94-04c1-424b-9868-57a2d4851a1d" />
    <TestEntry testId="b1344741-f535-b211-feea-e072076c9503" executionId="63998bca-37ad-4018-9c37-4210d577baf0" testListId="8c84fa94-04c1-424b-9868-57a2d4851a1d" />
    <TestEntry testId="6c9e3f23-3dc6-cbb1-dc19-2e22ab06529e" executionId="c2372a9b-5545-442a-a578-ba0ca01006b4" testListId="8c84fa94-04c1-424b-9868-57a2d4851a1d" />
    <TestEntry testId="6f8a36d0-d7e5-32de-4250-37aef9b883a4" executionId="e35a2dfb-6b4c-4ead-86b9-34449795c340" testListId="8c84fa94-04c1-424b-9868-57a2d4851a1d" />
    <TestEntry testId="330158ae-6f44-a1bc-0496-e8414b808346" executionId="5a9289ff-b4ca-4e96-bd05-9b1e8ab79060" testListId="8c84fa94-04c1-424b-9868-57a2d4851a1d" />
    <TestEntry testId="5f2caf5e-eee3-03b0-3c1f-126ec31da375" executionId="728f18f7-25cc-4ca4-b3ed-5ad4458750b6" testListId="8c84fa94-04c1-424b-9868-57a2d4851a1d" />
    <TestEntry testId="ac15a26e-7ca7-73ef-1884-cd2492b96da4" executionId="d73fcd2e-eb2d-41e0-ae63-f111a11b3df6" testListId="8c84fa94-04c1-424b-9868-57a2d4851a1d" />
    <TestEntry testId="72eb27aa-9e70-3f4a-e8b3-b15e09b50910" executionId="7a9e1d54-29b1-45e5-b786-fefe2818c620" testListId="8c84fa94-04c1-424b-9868-57a2d4851a1d" />
    <TestEntry testId="52e64020-04e8-41f8-927f-e3992d18234b" executionId="9c6f5ce3-793e-4af4-8b98-11ec07cff046" testListId="8c84fa94-04c1-424b-9868-57a2d4851a1d" />
    <TestEntry testId="ad08490c-e2e3-37af-ebb5-f993a9f432cd" executionId="f14a0c68-9e26-44c3-a657-219e348e4ec4" testListId="8c84fa94-04c1-424b-9868-57a2d4851a1d" />
    <TestEntry testId="4c84501d-a184-f925-56ca-5fda70b2fc61" executionId="e8622bab-d586-4796-854f-b54d85567959" testListId="8c84fa94-04c1-424b-9868-57a2d4851a1d" />
    <TestEntry testId="062d78b0-673a-e0bd-7cfd-1476597e307b" executionId="bd0a6885-0735-4320-a8c0-e79d56659250" testListId="8c84fa94-04c1-424b-9868-57a2d4851a1d" />
    <TestEntry testId="0c1a4d57-c120-e603-2b30-3cb5477df224" executionId="aa977d4f-108b-46ac-81d7-077566c8e05f" testListId="8c84fa94-04c1-424b-9868-57a2d4851a1d" />
    <TestEntry testId="c6cbc0a5-c901-ffaa-2070-a47547148121" executionId="42d01b3c-770e-4750-8d73-b04d81979cd9" testListId="8c84fa94-04c1-424b-9868-57a2d4851a1d" />
    <TestEntry testId="9325cffd-549c-0b33-40fc-5ed80534bfbd" executionId="0563fa7a-6e58-46fc-8067-f55011b74abc" testListId="8c84fa94-04c1-424b-9868-57a2d4851a1d" />
    <TestEntry testId="76d9ad7e-958f-e925-ce8b-d0d52dd698a4" executionId="53b37a68-5bbe-47e7-b6bf-faeb5efdee55" testListId="8c84fa94-04c1-424b-9868-57a2d4851a1d" />
    <TestEntry testId="ab129d12-b905-76f6-7b0d-44fb8b172324" executionId="e5cc28c5-44d9-41c3-8acb-9e358ce881a6" testListId="8c84fa94-04c1-424b-9868-57a2d4851a1d" />
    <TestEntry testId="656d23cf-ad47-3b41-6227-124bedd60d2c" executionId="4eececa6-ba1e-46d0-ad6e-db7da50fce27" testListId="8c84fa94-04c1-424b-9868-57a2d4851a1d" />
    <TestEntry testId="a6d96280-b9e6-2010-bfdf-776efe0eaf5c" executionId="07a0131f-2e43-40b4-b10a-7f7e814b7968" testListId="8c84fa94-04c1-424b-9868-57a2d4851a1d" />
    <TestEntry testId="46d030b8-a5b6-e2f5-b0a4-9cb1d0420e57" executionId="b3debabe-29be-47dc-bce1-1574eea9e2c2" testListId="8c84fa94-04c1-424b-9868-57a2d4851a1d" />
    <TestEntry testId="fd4ace10-e5d6-edf3-912d-980f93f27759" executionId="e927e67d-5e56-4125-8b91-8b69b66463c2" testListId="8c84fa94-04c1-424b-9868-57a2d4851a1d" />
    <TestEntry testId="bb955b4c-70f1-890c-af10-28162d4f952c" executionId="279f210a-170b-4e3c-a898-c29315989c0e" testListId="8c84fa94-04c1-424b-9868-57a2d4851a1d" />
    <TestEntry testId="5547bcbc-02e3-b114-85b3-0b9f6aeeed68" executionId="ec0c1739-0618-40cd-9a7d-c39e0fe91776" testListId="8c84fa94-04c1-424b-9868-57a2d4851a1d" />
    <TestEntry testId="3dd47d29-371f-18a2-da91-9c7f5a2a2609" executionId="0a1bb2db-a585-485e-8494-2194f3f1d877" testListId="8c84fa94-04c1-424b-9868-57a2d4851a1d" />
    <TestEntry testId="7604453c-7278-1d28-6624-d0650c0f7a8a" executionId="0e321ef1-9c3c-4031-81e4-1b0bc99ff595" testListId="8c84fa94-04c1-424b-9868-57a2d4851a1d" />
    <TestEntry testId="d0143e68-f378-480f-629d-fc0f669b6840" executionId="ae035546-4d07-430f-bb25-7ee5d3dbab82" testListId="8c84fa94-04c1-424b-9868-57a2d4851a1d" />
    <TestEntry testId="5b434add-2b1e-055c-dba6-d690155d8160" executionId="1fbe0721-d0db-4e52-b32e-a6a7c5320a67" testListId="8c84fa94-04c1-424b-9868-57a2d4851a1d" />
    <TestEntry testId="6bc3643b-7bda-0852-a44d-828063310052" executionId="da33e5ea-8b4d-4cec-99dd-e55e8ebaf541" testListId="8c84fa94-04c1-424b-9868-57a2d4851a1d" />
    <TestEntry testId="24ddbe18-4cae-e90f-3505-9ac40083ecb2" executionId="275ea947-9ad0-4ca5-93bd-596dd94de277" testListId="8c84fa94-04c1-424b-9868-57a2d4851a1d" />
    <TestEntry testId="d7eb0fa5-c2e2-65a1-f9f7-5df125636e05" executionId="4a6f5990-30ec-4777-963e-1fe612ebd5d3" testListId="8c84fa94-04c1-424b-9868-57a2d4851a1d" />
    <TestEntry testId="cbdeb48c-9946-2f9b-d5ad-e5852245e50b" executionId="a93b8705-98c9-4e31-9065-450cf7c6be62" testListId="8c84fa94-04c1-424b-9868-57a2d4851a1d" />
    <TestEntry testId="b2ac219e-5cb0-8f80-80a6-44848b06f4ff" executionId="0cd7ed06-1346-4a93-a830-e95cc9293d39" testListId="8c84fa94-04c1-424b-9868-57a2d4851a1d" />
    <TestEntry testId="f28a72d2-f52c-b928-fd98-3b108ba91ffd" executionId="5e5636c3-c3d8-4ab7-b2c9-153413f5ab16" testListId="8c84fa94-04c1-424b-9868-57a2d4851a1d" />
    <TestEntry testId="573ebebf-5209-3be3-2454-5b42b176ce65" executionId="aa2386bc-d0db-4e7c-8307-04670fc5a0f4" testListId="8c84fa94-04c1-424b-9868-57a2d4851a1d" />
    <TestEntry testId="00e2a9d7-9068-7a6b-7d90-c421538afd8d" executionId="e2c3716c-c603-406a-9094-c81b9cfa6f61" testListId="8c84fa94-04c1-424b-9868-57a2d4851a1d" />
    <TestEntry testId="ba88fb45-743a-0090-5035-14df3b26d5c9" executionId="1b3ef02d-c688-4179-8dc8-60b191c54b44" testListId="8c84fa94-04c1-424b-9868-57a2d4851a1d" />
    <TestEntry testId="1f93c613-41f4-5e3c-69bd-1cc3daef0753" executionId="3ca0a6f2-8048-4fe5-b205-8388ab3426b4" testListId="8c84fa94-04c1-424b-9868-57a2d4851a1d" />
    <TestEntry testId="581b35c1-69fb-fac0-162b-a3e1aaae8ec3" executionId="5488258f-d51c-4cad-a5e8-4cada49a2df1" testListId="8c84fa94-04c1-424b-9868-57a2d4851a1d" />
    <TestEntry testId="cebde89e-d8bb-2be7-1899-93c5dfe58142" executionId="95010341-4a6a-447b-b843-940a150ff500" testListId="8c84fa94-04c1-424b-9868-57a2d4851a1d" />
    <TestEntry testId="9aa67281-7545-6a5e-d053-6d25bc86f9c5" executionId="10ead83b-0c97-464f-9f7b-652d0f0f1289" testListId="8c84fa94-04c1-424b-9868-57a2d4851a1d" />
    <TestEntry testId="2ca93f91-33b3-4ca8-96e1-8f20f289b9c2" executionId="1e0e1cfd-620e-467f-be6e-476d3bc1edb5" testListId="8c84fa94-04c1-424b-9868-57a2d4851a1d" />
    <TestEntry testId="49e81401-1a46-bf7c-3dc9-487f2b70b4e0" executionId="a362cd76-214e-4722-907b-1a971aa5f578" testListId="8c84fa94-04c1-424b-9868-57a2d4851a1d" />
    <TestEntry testId="7e0554fc-ea82-7cff-c217-916a21c725c6" executionId="8866cf02-8070-46fe-b59d-8b854698bdcf" testListId="8c84fa94-04c1-424b-9868-57a2d4851a1d" />
    <TestEntry testId="bb55e130-5f01-e081-978d-29a528a58c56" executionId="8509962c-c2c0-4b36-9abe-d666c41de43b" testListId="8c84fa94-04c1-424b-9868-57a2d4851a1d" />
    <TestEntry testId="9c86edb1-8421-03ff-f287-850cdcf3d65e" executionId="7b1b53d2-25f4-4cef-a721-6fdfc4f819c8" testListId="8c84fa94-04c1-424b-9868-57a2d4851a1d" />
    <TestEntry testId="edcfd9c3-452b-274d-975f-fbc155d6a6ed" executionId="de185bb1-5370-4fa4-b0da-5910f4e74289" testListId="8c84fa94-04c1-424b-9868-57a2d4851a1d" />
    <TestEntry testId="e958c267-d2e7-8fc0-2571-f4f00000f195" executionId="731ac0c5-a25e-4f17-89f3-901c0b884848" testListId="8c84fa94-04c1-424b-9868-57a2d4851a1d" />
    <TestEntry testId="a46dfba8-c336-7feb-ea33-2b4a6bd94cdd" executionId="2edd46ae-7cd2-46d8-8b94-f2ed04c345ff" testListId="8c84fa94-04c1-424b-9868-57a2d4851a1d" />
    <TestEntry testId="b3ee9dac-379a-d43b-40bf-73709cb2d39a" executionId="b0f8a02a-dcdd-4537-86c4-3105fcda19d6" testListId="8c84fa94-04c1-424b-9868-57a2d4851a1d" />
    <TestEntry testId="80738fc9-f45c-b37e-24ed-0c0f3e31a8eb" executionId="9eac26a8-2f44-4639-bc5e-b744c862961f" testListId="8c84fa94-04c1-424b-9868-57a2d4851a1d" />
    <TestEntry testId="3a5cb963-f3b6-06f8-49ee-bc5358ebcbe8" executionId="de884477-46b1-48ae-a738-5682bb224918" testListId="8c84fa94-04c1-424b-9868-57a2d4851a1d" />
    <TestEntry testId="5eb2b56a-cb9f-8a13-72a8-1dedbe4703eb" executionId="cc021ae9-7d38-4223-b2b4-1c8f191c5d76" testListId="8c84fa94-04c1-424b-9868-57a2d4851a1d" />
    <TestEntry testId="ebf4eff3-a333-059c-7b06-0487cc0ae1fb" executionId="be0bd3c5-3794-4794-be70-c58b45675f41" testListId="8c84fa94-04c1-424b-9868-57a2d4851a1d" />
    <TestEntry testId="3d09ee46-d296-1cac-c2f9-a726964f20c0" executionId="df368a5c-cd13-454b-8849-e82b3094a174" testListId="8c84fa94-04c1-424b-9868-57a2d4851a1d" />
    <TestEntry testId="31b39906-a73c-ce70-5752-c1ef42347816" executionId="af8e43de-7e05-4642-bc17-546222c4c000" testListId="8c84fa94-04c1-424b-9868-57a2d4851a1d" />
    <TestEntry testId="e04e5dc2-a9b6-35b0-703a-7145f4907414" executionId="81f8979f-4002-4952-adcb-16a1991ccfa5" testListId="8c84fa94-04c1-424b-9868-57a2d4851a1d" />
    <TestEntry testId="9f984ace-837b-182d-3dce-f598fcf98c2c" executionId="84297e90-675f-4e2e-beda-703be59ed058" testListId="8c84fa94-04c1-424b-9868-57a2d4851a1d" />
    <TestEntry testId="48868d1f-b370-db6c-3ad6-24d3fdea86ac" executionId="892733e1-e7ce-4c98-89d2-f114635604d0" testListId="8c84fa94-04c1-424b-9868-57a2d4851a1d" />
    <TestEntry testId="c12565bd-6b40-192e-3905-3091c8e3cf94" executionId="e17f2369-557f-487e-aab5-2ecbfb2025af" testListId="8c84fa94-04c1-424b-9868-57a2d4851a1d" />
    <TestEntry testId="e2f48753-f22e-c0ac-7e89-4c2869a12297" executionId="01d15f0f-094c-4a99-ba22-1f1738f7f28f" testListId="8c84fa94-04c1-424b-9868-57a2d4851a1d" />
    <TestEntry testId="6400e9ff-1959-05a6-4bbf-585c85889966" executionId="5bbfbe36-40a5-4f0f-ab3f-8cfcd6f368d7" testListId="8c84fa94-04c1-424b-9868-57a2d4851a1d" />
    <TestEntry testId="291db4d4-dfa4-9d8d-9f32-de6c3c2fe81e" executionId="e1c86b40-c261-40ec-a536-fda694e7b9a3" testListId="8c84fa94-04c1-424b-9868-57a2d4851a1d" />
    <TestEntry testId="1ba550a5-1f48-afaa-0282-6c7d6ffea5db" executionId="cd51494e-3517-4774-93c3-f3e16e7652b2" testListId="8c84fa94-04c1-424b-9868-57a2d4851a1d" />
    <TestEntry testId="28c920d3-d830-b6bf-033e-73fe208d66d5" executionId="db0b9d38-d764-477d-8c99-8572ed4aacf6" testListId="8c84fa94-04c1-424b-9868-57a2d4851a1d" />
    <TestEntry testId="917c1bdf-6063-7913-d982-329ee05581db" executionId="1368faf5-0b8b-4525-8ac0-73f3ba2445f3" testListId="8c84fa94-04c1-424b-9868-57a2d4851a1d" />
    <TestEntry testId="173b93f7-c356-9c4c-d976-470d9bb41b7f" executionId="72b8633e-cf5c-4e7d-a369-e8bbd06f80f1" testListId="8c84fa94-04c1-424b-9868-57a2d4851a1d" />
    <TestEntry testId="a6dd3ec3-7984-cf17-bcf1-fb463e8dfb77" executionId="d35f5ec9-081e-46d7-a378-292e0a0a605f" testListId="8c84fa94-04c1-424b-9868-57a2d4851a1d" />
    <TestEntry testId="9846da53-217d-af4e-03e6-a85cce3a7464" executionId="4e04e1bf-933b-4d72-b57c-7b36ea266c5e" testListId="8c84fa94-04c1-424b-9868-57a2d4851a1d" />
    <TestEntry testId="a89eaf12-e1e1-35d2-b638-0edbdc28dd28" executionId="0bacdf26-9fe1-480c-9a79-6ae630c9eb19" testListId="8c84fa94-04c1-424b-9868-57a2d4851a1d" />
    <TestEntry testId="91bf5645-44de-4716-0485-06a931ae32d4" executionId="26ef68f1-bd89-4120-affb-7b1f944c3e23" testListId="8c84fa94-04c1-424b-9868-57a2d4851a1d" />
    <TestEntry testId="1615d896-8039-477a-8cb4-89284c760e2c" executionId="7514643e-559a-4ad6-a409-77121f2c253d" testListId="8c84fa94-04c1-424b-9868-57a2d4851a1d" />
    <TestEntry testId="436f3507-7b42-8e18-77db-9f6fb3e539f5" executionId="18505bd6-0b65-4357-bc84-515d69e8b4d7" testListId="8c84fa94-04c1-424b-9868-57a2d4851a1d" />
    <TestEntry testId="60210042-0b26-379a-0c8f-fc467a31fbf3" executionId="bc0044b4-634e-4043-9ec5-5a5ed5c1771a" testListId="8c84fa94-04c1-424b-9868-57a2d4851a1d" />
    <TestEntry testId="fae7770e-a34c-d24e-3dc4-4c8b734ea8bd" executionId="2979343b-5297-4131-9ff6-3ab0f2339e8a" testListId="8c84fa94-04c1-424b-9868-57a2d4851a1d" />
    <TestEntry testId="3d71eb69-9c6f-0f09-8429-11a4b64d43de" executionId="9dc8c721-5770-4507-9268-15b5691fb4f0" testListId="8c84fa94-04c1-424b-9868-57a2d4851a1d" />
    <TestEntry testId="bc1745b6-ab04-d5dc-f9d7-e9d93ce022a5" executionId="e3fd7f04-2c71-45a5-99b9-db02032a433b" testListId="8c84fa94-04c1-424b-9868-57a2d4851a1d" />
    <TestEntry testId="c6108561-14c9-a60f-5d54-bf03bd18fb13" executionId="a1847150-7dd8-4491-b8f9-fee50b71a04d" testListId="8c84fa94-04c1-424b-9868-57a2d4851a1d" />
    <TestEntry testId="fb360f14-445d-1063-3054-52bfed09636a" executionId="babafd47-f6aa-4f6f-97e3-a065ced1e9e2" testListId="8c84fa94-04c1-424b-9868-57a2d4851a1d" />
    <TestEntry testId="3e86f939-9488-6b0c-7e20-237a538a88c1" executionId="f5d20949-384f-42de-b0ab-2d1a6dfbd4bc" testListId="8c84fa94-04c1-424b-9868-57a2d4851a1d" />
    <TestEntry testId="ef08d205-5e2f-fd18-d2fe-b1ac67218de5" executionId="a385fc00-171b-4875-899b-80b776deff41" testListId="8c84fa94-04c1-424b-9868-57a2d4851a1d" />
    <TestEntry testId="54470d67-55df-07dd-b92d-71bc35f06966" executionId="7cff1a29-9734-49de-8ff6-c82f3181a36b" testListId="8c84fa94-04c1-424b-9868-57a2d4851a1d" />
    <TestEntry testId="1b1aed6a-8b9e-499d-541d-e9bb494b1433" executionId="176ed71e-2b4d-4c8b-bbb6-1d405814f6a2" testListId="8c84fa94-04c1-424b-9868-57a2d4851a1d" />
    <TestEntry testId="a76e2dc6-ff7b-3171-d211-7b82037560b6" executionId="c87a53fa-a1ab-451d-9204-21ca2d8030ab" testListId="8c84fa94-04c1-424b-9868-57a2d4851a1d" />
    <TestEntry testId="4d58dbe2-2b23-9b02-f6aa-34a415aba837" executionId="58afacf6-ccb5-4abc-b28b-426ef7ff0a77" testListId="8c84fa94-04c1-424b-9868-57a2d4851a1d" />
    <TestEntry testId="d9eb3447-b3c7-2036-87ac-4205b4ee0399" executionId="2df07dc1-45d2-4a7a-b894-b972057edb2a" testListId="8c84fa94-04c1-424b-9868-57a2d4851a1d" />
    <TestEntry testId="932a96af-2988-0a99-80b8-e39fd0c1fc40" executionId="68b46a43-7bc0-4c00-9593-6ea0dd2a7f07" testListId="8c84fa94-04c1-424b-9868-57a2d4851a1d" />
    <TestEntry testId="03e3b455-6ea4-6a87-66b3-e22c2830555a" executionId="fb50b0b8-c5e3-4c2c-b5d4-19d6307f1e92" testListId="8c84fa94-04c1-424b-9868-57a2d4851a1d" />
    <TestEntry testId="f0192dd4-c07e-15a2-f132-e2c87819221c" executionId="02dc6972-07a4-4b82-a03f-b66a1170c72c" testListId="8c84fa94-04c1-424b-9868-57a2d4851a1d" />
    <TestEntry testId="f2bc5b69-4ed9-9b03-51e0-df93752a977d" executionId="d0b1ac79-796e-4d42-beea-8818297f4530" testListId="8c84fa94-04c1-424b-9868-57a2d4851a1d" />
    <TestEntry testId="6d0826c1-86cd-2026-2433-884f0aebad02" executionId="925acdbe-134c-4699-b727-b327fbd1d9a0" testListId="8c84fa94-04c1-424b-9868-57a2d4851a1d" />
    <TestEntry testId="3ed5199e-45f8-2091-36df-67dafeedfe41" executionId="ba03f2de-8ebf-47d5-bce3-7023a1b4879b" testListId="8c84fa94-04c1-424b-9868-57a2d4851a1d" />
    <TestEntry testId="c6ccf88c-1399-0635-b94d-e570e2da7529" executionId="012211c1-486d-4b8e-8778-3c77e2e0d1b2" testListId="8c84fa94-04c1-424b-9868-57a2d4851a1d" />
    <TestEntry testId="652d6245-b2bc-1bf1-9e71-8d0b01061274" executionId="0b57d776-a042-4468-ab84-02e2b52ca36b" testListId="8c84fa94-04c1-424b-9868-57a2d4851a1d" />
    <TestEntry testId="03494ac0-2a90-1997-2d62-a4db082b1776" executionId="e975adc9-4680-4e55-aa40-6b6b60b2d3d3" testListId="8c84fa94-04c1-424b-9868-57a2d4851a1d" />
    <TestEntry testId="56c342b2-4303-c64f-8adb-70aea0006eb3" executionId="a8830ad1-8b89-4777-8516-22ce059487ad" testListId="8c84fa94-04c1-424b-9868-57a2d4851a1d" />
    <TestEntry testId="0b404634-fabf-542c-c39a-5b5860a30b25" executionId="7b961f89-48da-4590-9c1b-72e5017a8d2a" testListId="8c84fa94-04c1-424b-9868-57a2d4851a1d" />
    <TestEntry testId="1a9e547a-3ec4-7799-7810-1748b9939ecd" executionId="b29c3b07-8b9c-450d-856e-183d8c5b468a" testListId="8c84fa94-04c1-424b-9868-57a2d4851a1d" />
    <TestEntry testId="a85129ae-c9fd-e336-efb1-3a4a2726dc6a" executionId="7a5683bf-0903-4908-8504-7bb9f1aea3f5" testListId="8c84fa94-04c1-424b-9868-57a2d4851a1d" />
    <TestEntry testId="6eaa22fd-b4ea-d938-d98e-0ba036c2c909" executionId="69d26e98-57f7-492f-a056-55df53c71935" testListId="8c84fa94-04c1-424b-9868-57a2d4851a1d" />
    <TestEntry testId="e25a0b21-87b2-7f59-87da-5dca25810132" executionId="d8551269-55f7-4865-8f1c-637ef616bcc5" testListId="8c84fa94-04c1-424b-9868-57a2d4851a1d" />
    <TestEntry testId="a00b19c4-5cad-b60e-0009-ec4096ffeb28" executionId="9b6a55fa-8cce-43b3-aaea-d2d979e222cc" testListId="8c84fa94-04c1-424b-9868-57a2d4851a1d" />
    <TestEntry testId="82112499-e461-a72c-94d6-1c690c567494" executionId="3ee20f63-ddee-4f88-a06f-e1abe5b46e0c" testListId="8c84fa94-04c1-424b-9868-57a2d4851a1d" />
    <TestEntry testId="ef7cf599-7d95-fc05-72c3-321993c498c1" executionId="5103d07f-698a-4f68-aa62-f575ab4f1ac5" testListId="8c84fa94-04c1-424b-9868-57a2d4851a1d" />
    <TestEntry testId="33996ad1-87de-26bf-b419-0a1ec0333bb4" executionId="ec1e29d5-e64f-4530-9efc-3ad1b07f14e3" testListId="8c84fa94-04c1-424b-9868-57a2d4851a1d" />
    <TestEntry testId="6187e3b7-90e4-8192-265f-6cd0c6182ead" executionId="2e4934a7-86d4-4e7a-9d9a-dee6117d4db3" testListId="8c84fa94-04c1-424b-9868-57a2d4851a1d" />
    <TestEntry testId="82f8e66b-df98-7cbb-fdf7-dc2f3b4fd43e" executionId="be32f3a6-dc44-4b67-b7f4-28040f1a6199" testListId="8c84fa94-04c1-424b-9868-57a2d4851a1d" />
    <TestEntry testId="aeed8064-29d5-e705-3bb9-042e1ea88f69" executionId="d5e7cddc-a3ef-43a8-88b5-f11c4eb8a1e7" testListId="8c84fa94-04c1-424b-9868-57a2d4851a1d" />
    <TestEntry testId="16d69696-0632-feb6-0cc6-a45d7755309a" executionId="46f4c46d-871d-478b-ba08-9d0237a7c6db" testListId="8c84fa94-04c1-424b-9868-57a2d4851a1d" />
    <TestEntry testId="0cb5aecd-0832-3f3a-db82-c1bc5b4e8469" executionId="ce174446-ae44-4783-9b93-b5520e71693e" testListId="8c84fa94-04c1-424b-9868-57a2d4851a1d" />
    <TestEntry testId="829d5191-315d-b7df-afe3-014222925fc8" executionId="b67a156d-ad24-4b2f-9899-e3303b091a4f" testListId="8c84fa94-04c1-424b-9868-57a2d4851a1d" />
    <TestEntry testId="6253d1ca-acb7-f42f-0dd6-8dd1875bff7a" executionId="ee488bae-1fc2-46f2-ade7-1560988204e0" testListId="8c84fa94-04c1-424b-9868-57a2d4851a1d" />
    <TestEntry testId="d93f3e6c-7a7d-c0f0-6f61-bb3e7018f3e8" executionId="381e60c5-6aad-4685-b9de-808a3121248b" testListId="8c84fa94-04c1-424b-9868-57a2d4851a1d" />
    <TestEntry testId="d71c0ca9-13c6-627c-b94a-f4654b08b416" executionId="967e1831-8a1b-4620-9167-13ebaa10af6a" testListId="8c84fa94-04c1-424b-9868-57a2d4851a1d" />
    <TestEntry testId="8f6be93f-ae19-1739-c558-d78ee9b6c788" executionId="c3a758d1-a402-4cda-b6d8-dfabbf0f2987" testListId="8c84fa94-04c1-424b-9868-57a2d4851a1d" />
    <TestEntry testId="1a8ece28-2d7b-4d15-bd96-32d58e25e257" executionId="6a536301-d77f-4d49-bf00-13b34b046b39" testListId="8c84fa94-04c1-424b-9868-57a2d4851a1d" />
    <TestEntry testId="7502a480-3d55-7c3a-43f7-314a17a87fc8" executionId="c284192d-7020-4b6a-8ed0-915ba26b582f" testListId="8c84fa94-04c1-424b-9868-57a2d4851a1d" />
    <TestEntry testId="ff97e124-3d02-c664-47e9-a160c2113d29" executionId="5e6d6407-3855-485e-b15d-055d02813f3d" testListId="8c84fa94-04c1-424b-9868-57a2d4851a1d" />
    <TestEntry testId="de221b3f-8faf-6d88-d504-dab94145d101" executionId="70db13fc-9b24-4de8-9c12-dfd3998fc2ab" testListId="8c84fa94-04c1-424b-9868-57a2d4851a1d" />
    <TestEntry testId="cb2aa95c-8beb-d0c2-1741-b4fe4c31b24a" executionId="d6bf95a6-1136-4f6d-9801-44b798df1d0c" testListId="8c84fa94-04c1-424b-9868-57a2d4851a1d" />
    <TestEntry testId="1f4655b3-aed4-b0e5-1094-5819057eec1a" executionId="ce4ee36f-e9df-473f-a2e4-5e943335332a" testListId="8c84fa94-04c1-424b-9868-57a2d4851a1d" />
    <TestEntry testId="cd32f402-6715-2c02-18cf-543bf6ea6e44" executionId="58710899-0748-4b86-a2ce-835cd0dd74aa" testListId="8c84fa94-04c1-424b-9868-57a2d4851a1d" />
    <TestEntry testId="36f49d40-731c-4878-92ee-cc3991d48dcd" executionId="24aa778a-0956-4aa2-8c25-0eda17fd12c4" testListId="8c84fa94-04c1-424b-9868-57a2d4851a1d" />
    <TestEntry testId="1a12a332-e73f-ef96-40a4-64a398ff0092" executionId="8c1f9966-d935-4d2c-ac18-627f40a06547" testListId="8c84fa94-04c1-424b-9868-57a2d4851a1d" />
    <TestEntry testId="6c960dd3-ffc7-b8ad-26f9-de3a226327d2" executionId="eb4de290-b07e-46f0-99bd-65487947a8c5" testListId="8c84fa94-04c1-424b-9868-57a2d4851a1d" />
    <TestEntry testId="708fca23-6d8e-9bd9-6995-a29d952babb8" executionId="7e57183b-c82f-4318-a779-b756b19b9417" testListId="8c84fa94-04c1-424b-9868-57a2d4851a1d" />
    <TestEntry testId="895bd75e-0f55-5310-9068-abfb4fc8e832" executionId="e270146a-c76c-41a5-b9de-b17d769b926d" testListId="8c84fa94-04c1-424b-9868-57a2d4851a1d" />
    <TestEntry testId="c31cef10-8516-b9e7-a04d-69b760ded6f6" executionId="5eca7382-3b5c-4421-a748-524fe560f21f" testListId="8c84fa94-04c1-424b-9868-57a2d4851a1d" />
    <TestEntry testId="2a1b009e-790a-319b-c2a4-a057d3028269" executionId="ea2a39d9-eb1d-4b12-9e1e-18deb64843b8" testListId="8c84fa94-04c1-424b-9868-57a2d4851a1d" />
    <TestEntry testId="56749be8-1610-c2e6-0951-c97ece9f35f3" executionId="9aace315-c385-4bec-80f5-6547659f6f30" testListId="8c84fa94-04c1-424b-9868-57a2d4851a1d" />
    <TestEntry testId="666817bb-393b-286c-5b5e-86d66b36b67e" executionId="13310b46-ba3b-48be-8d83-5f028527ed59" testListId="8c84fa94-04c1-424b-9868-57a2d4851a1d" />
    <TestEntry testId="4c573b44-ffb9-27ab-53fa-a44efc2b060a" executionId="4e9d517c-6cff-4d6f-b063-aef6ef818b01" testListId="8c84fa94-04c1-424b-9868-57a2d4851a1d" />
    <TestEntry testId="bbfa7c3f-2997-8919-a5cd-1f95004e6f8b" executionId="f7766a33-6c06-4256-9587-4d953b07c917" testListId="8c84fa94-04c1-424b-9868-57a2d4851a1d" />
    <TestEntry testId="43cccf8e-cac8-f44f-0a32-140b99d35095" executionId="44092e65-e195-496e-86b5-49cf9070c537" testListId="8c84fa94-04c1-424b-9868-57a2d4851a1d" />
    <TestEntry testId="cb3eeac3-dc0d-3da5-bb56-3918885deb1c" executionId="a12bebf0-36c3-48f2-a08c-e8d9b7527a48" testListId="8c84fa94-04c1-424b-9868-57a2d4851a1d" />
    <TestEntry testId="ece6411b-94b9-4bfb-061f-a3a9c5698468" executionId="1c5eb353-a96d-448f-ba1c-f403b799674d" testListId="8c84fa94-04c1-424b-9868-57a2d4851a1d" />
    <TestEntry testId="38120862-f098-314a-3a8d-e661e83a85d7" executionId="323bbd96-920c-4841-902d-bfe1ee126ad5" testListId="8c84fa94-04c1-424b-9868-57a2d4851a1d" />
    <TestEntry testId="fa339202-5b42-e67b-f97a-d6db06b2d3f0" executionId="4ed852d7-5b88-47db-a15d-92a69fcf4d54" testListId="8c84fa94-04c1-424b-9868-57a2d4851a1d" />
    <TestEntry testId="d10b06d8-0895-1428-c17e-78808c336ae2" executionId="25ff935b-1552-4c4e-a118-7e3872c5dd46" testListId="8c84fa94-04c1-424b-9868-57a2d4851a1d" />
    <TestEntry testId="b2f65640-e1e7-8728-bb17-6625b8d8266f" executionId="de4a9b7e-1ca4-4b9b-afb9-8116e3f3ca26" testListId="8c84fa94-04c1-424b-9868-57a2d4851a1d" />
    <TestEntry testId="ef9e8ef1-7480-4948-d154-095198b2522f" executionId="1e7b3b8f-30a4-4f15-8325-adb08547609b" testListId="8c84fa94-04c1-424b-9868-57a2d4851a1d" />
    <TestEntry testId="4d767f69-14db-faeb-9548-4009b01122ee" executionId="a18ee940-39d5-4562-90a3-ea782a4439a9" testListId="8c84fa94-04c1-424b-9868-57a2d4851a1d" />
    <TestEntry testId="13f6bcf6-e02b-f78e-142f-d69b6d63f0af" executionId="9d308e92-01a6-4bd4-b11b-fa877d605422" testListId="8c84fa94-04c1-424b-9868-57a2d4851a1d" />
    <TestEntry testId="75a586e0-0d79-2a07-0fde-9e8a5096a078" executionId="d9c1506d-542e-42d5-9d86-e367d8dda14f" testListId="8c84fa94-04c1-424b-9868-57a2d4851a1d" />
    <TestEntry testId="6ac0cf3c-db4c-fde0-6a5a-d4869aa3cb65" executionId="607f785b-6446-4a07-b95f-c6134d34d9b2" testListId="8c84fa94-04c1-424b-9868-57a2d4851a1d" />
    <TestEntry testId="0bd63037-6495-244e-9bba-5411f4925f62" executionId="377ac1c1-0718-44d6-b590-77bc74c8a653" testListId="8c84fa94-04c1-424b-9868-57a2d4851a1d" />
    <TestEntry testId="4b4d29b9-1f01-6004-91ad-6a8c4e6e9223" executionId="93171971-9a1a-40bc-9da6-b40250a9575d" testListId="8c84fa94-04c1-424b-9868-57a2d4851a1d" />
    <TestEntry testId="ac4537e1-9bda-803f-f98e-b8a7b0cac0f9" executionId="9370d7b4-eb68-4e90-ae81-4a41b4512211" testListId="8c84fa94-04c1-424b-9868-57a2d4851a1d" />
    <TestEntry testId="0e5a3475-da9b-1e91-d7bb-1eef45e61a92" executionId="23d8eea3-1041-44c5-a7d6-cb87abe1fde2" testListId="8c84fa94-04c1-424b-9868-57a2d4851a1d" />
    <TestEntry testId="c1cddf05-4632-237c-35db-74e00d98f1cb" executionId="cccddaea-b631-45aa-a99b-224f16b56314" testListId="8c84fa94-04c1-424b-9868-57a2d4851a1d" />
    <TestEntry testId="41ea29e9-e58b-d255-001e-9f1b744018a3" executionId="d44c66d6-91f5-4655-8a2e-75cb2a6e0086" testListId="8c84fa94-04c1-424b-9868-57a2d4851a1d" />
    <TestEntry testId="961f3a6b-5492-f819-b01a-01bbcf7801ae" executionId="847ebb1d-c873-4f62-9b0f-d683ec2eb37a" testListId="8c84fa94-04c1-424b-9868-57a2d4851a1d" />
    <TestEntry testId="ab9fb49f-5b84-1d00-eb5f-054ce88b0664" executionId="5c2cd976-3dc3-46f7-b20e-5b4df48fab08" testListId="8c84fa94-04c1-424b-9868-57a2d4851a1d" />
    <TestEntry testId="d70987a7-ad0e-7dc7-a5e7-ae54c7805c43" executionId="6a72e88e-dbad-44dc-b4e3-d9d21e34887c" testListId="8c84fa94-04c1-424b-9868-57a2d4851a1d" />
    <TestEntry testId="d828d57e-dac5-14b8-f7e8-fd33cc936f80" executionId="45404e90-9941-4530-bbdc-5cfb9404f4ae" testListId="8c84fa94-04c1-424b-9868-57a2d4851a1d" />
    <TestEntry testId="d1937577-6d87-7b55-fb65-0910bffe4dc1" executionId="b3fff4c9-a573-4bed-8da7-3eeb3c459e59" testListId="8c84fa94-04c1-424b-9868-57a2d4851a1d" />
    <TestEntry testId="f4902f5e-9e3d-9666-eb94-cb4e3db91fc8" executionId="0e258749-1ae4-4dac-85b3-7da50c68db8d" testListId="8c84fa94-04c1-424b-9868-57a2d4851a1d" />
    <TestEntry testId="2de2b216-5da4-7093-b904-66ecc02ddb52" executionId="1447f855-5033-4233-9e13-426193f988da" testListId="8c84fa94-04c1-424b-9868-57a2d4851a1d" />
    <TestEntry testId="408c5984-2662-7b6b-ccb1-f1fe51f4357c" executionId="f4d6ea78-cf5a-411a-8b66-d33f354f8299" testListId="8c84fa94-04c1-424b-9868-57a2d4851a1d" />
    <TestEntry testId="8ac56230-1974-cdfe-6a70-2981d4993d59" executionId="a6b3ddee-64f1-430f-bf7e-6f1ee3ba9e52" testListId="8c84fa94-04c1-424b-9868-57a2d4851a1d" />
    <TestEntry testId="b4d58491-e9cb-e66c-e25b-083a1222939f" executionId="8f69ca14-496f-4489-bf14-979a34382584" testListId="8c84fa94-04c1-424b-9868-57a2d4851a1d" />
    <TestEntry testId="8e643550-5c8a-fe3c-9540-1a420ec44dc1" executionId="b3994d44-e521-4202-9187-d880c50cdc3b" testListId="8c84fa94-04c1-424b-9868-57a2d4851a1d" />
    <TestEntry testId="d5fe72e7-e784-de85-7327-74e3ed545624" executionId="29cbe2d8-f0ea-41b8-aaae-45b8dd7a8de2" testListId="8c84fa94-04c1-424b-9868-57a2d4851a1d" />
    <TestEntry testId="77fc74ab-0dd5-c397-d0ed-5574632f3696" executionId="7612518b-8d03-4fd0-b82e-1bee6b5061fa" testListId="8c84fa94-04c1-424b-9868-57a2d4851a1d" />
    <TestEntry testId="f586fca5-268f-ad39-85af-69b3179442b1" executionId="4b973607-4091-4c07-991b-fc140c6b95eb" testListId="8c84fa94-04c1-424b-9868-57a2d4851a1d" />
    <TestEntry testId="5eb5fc76-03b2-62e8-8227-9882898ba5dd" executionId="5d21a108-729f-428d-a9d1-734863a87ffa" testListId="8c84fa94-04c1-424b-9868-57a2d4851a1d" />
    <TestEntry testId="22e094aa-8588-2993-1ed3-ae0f3e830978" executionId="b9111acf-b7d2-4fb5-8fe5-212c8ac9ad14" testListId="8c84fa94-04c1-424b-9868-57a2d4851a1d" />
    <TestEntry testId="7d6993e3-5332-2d72-c5fa-04a2e45df77a" executionId="2f8e38d9-e137-46a7-8eb6-e69cd35f08f5" testListId="8c84fa94-04c1-424b-9868-57a2d4851a1d" />
    <TestEntry testId="46b4ecf5-05d0-f8e3-bf13-32dcd4106e16" executionId="d06d0f4e-1751-4a6f-9442-47337e558e83" testListId="8c84fa94-04c1-424b-9868-57a2d4851a1d" />
    <TestEntry testId="b7c6a131-0ef5-a67f-8e6a-8d4104bd9338" executionId="90eb643f-f916-4ef5-b0c9-66278ff01b9c" testListId="8c84fa94-04c1-424b-9868-57a2d4851a1d" />
    <TestEntry testId="a8fd67e6-c2f7-59ce-5a9b-76c86da6af8a" executionId="82448121-c5bb-4fff-827d-a7f80da66c1a" testListId="8c84fa94-04c1-424b-9868-57a2d4851a1d" />
    <TestEntry testId="9989838e-3058-c1a6-8440-9d0a7fb211f2" executionId="bee54a51-6a21-42c6-8847-92a74785f946" testListId="8c84fa94-04c1-424b-9868-57a2d4851a1d" />
    <TestEntry testId="c700525e-3442-c96d-4b95-bb78207a074f" executionId="e25f80f0-85fd-42de-a158-0bc826598767" testListId="8c84fa94-04c1-424b-9868-57a2d4851a1d" />
    <TestEntry testId="ce816c85-ab51-0332-5579-1d1ad8a9b051" executionId="f9dcd0c4-9c83-4c75-abc3-401270e56379" testListId="8c84fa94-04c1-424b-9868-57a2d4851a1d" />
    <TestEntry testId="677471e8-3482-3d4a-74a6-b878d5f6513b" executionId="9ef267f4-7aa2-4173-b713-31d603daad1e" testListId="8c84fa94-04c1-424b-9868-57a2d4851a1d" />
    <TestEntry testId="afe764cc-6fe5-f186-9934-0dcec682f3a1" executionId="34a600b1-2f5c-429a-bc40-2d0e6faca5e6" testListId="8c84fa94-04c1-424b-9868-57a2d4851a1d" />
    <TestEntry testId="96470e3a-44b2-f7ef-4c24-c92303ca0636" executionId="6c70f834-f297-4f3e-a022-88d5ead4aed0" testListId="8c84fa94-04c1-424b-9868-57a2d4851a1d" />
    <TestEntry testId="d79f44b2-f93c-761f-f728-c4580e0cf038" executionId="172f9f19-d016-4a58-bc52-78d040b1f0e8" testListId="8c84fa94-04c1-424b-9868-57a2d4851a1d" />
    <TestEntry testId="66f3930e-4a99-6dd9-2352-c6adcfee11cc" executionId="07395213-38d0-4299-a35e-eb94876b186f" testListId="8c84fa94-04c1-424b-9868-57a2d4851a1d" />
    <TestEntry testId="b1fa9f6b-c8c9-1cc6-ecfe-6037d381d3e9" executionId="662f3baa-3ba7-492c-b12a-f546ec545dc2" testListId="8c84fa94-04c1-424b-9868-57a2d4851a1d" />
    <TestEntry testId="a0a872b1-f051-b8aa-b24b-b9eca47e8aa0" executionId="e6c3a3d5-47ab-4b2a-9736-6c57dc580bac" testListId="8c84fa94-04c1-424b-9868-57a2d4851a1d" />
    <TestEntry testId="65cd34d4-2620-d256-d48f-f7a1f4b0ff4c" executionId="28cece9b-5f74-4fb9-b9f0-c5042485352f" testListId="8c84fa94-04c1-424b-9868-57a2d4851a1d" />
    <TestEntry testId="6f76e60a-96ae-1036-bb5e-9caebe81c35a" executionId="c6f90be3-1fb9-42d3-afdc-a0caf5487b23" testListId="8c84fa94-04c1-424b-9868-57a2d4851a1d" />
    <TestEntry testId="8a14e7a5-8569-78a0-5b3f-b4c1b0eddaa7" executionId="5ca8bb6e-2268-44a9-9ffd-0a8a964a8dd2" testListId="8c84fa94-04c1-424b-9868-57a2d4851a1d" />
    <TestEntry testId="f897ee6f-f339-b33f-9c9f-c0685c6da51b" executionId="1911e361-2ad3-4c27-90a5-91715c39289d" testListId="8c84fa94-04c1-424b-9868-57a2d4851a1d" />
    <TestEntry testId="434456dd-83b8-b9ef-a9e7-a51b85b3e467" executionId="547082a4-479f-40e7-b102-fda450b5f6db" testListId="8c84fa94-04c1-424b-9868-57a2d4851a1d" />
    <TestEntry testId="fe177b54-6a76-7409-52b8-05c4ba65e365" executionId="7ee268f3-c1d6-41db-84e3-ccbd192a5d9d" testListId="8c84fa94-04c1-424b-9868-57a2d4851a1d" />
    <TestEntry testId="4a671305-16eb-1a33-0901-7ab1c0bdf4b2" executionId="940dcf43-689a-47bf-8582-a6929487fcf7" testListId="8c84fa94-04c1-424b-9868-57a2d4851a1d" />
    <TestEntry testId="7aeef144-cbb4-b589-7357-281963de7fc3" executionId="bc411ba8-0ebf-4d03-bac0-38eb965beeb5" testListId="8c84fa94-04c1-424b-9868-57a2d4851a1d" />
    <TestEntry testId="66ea99b5-4e3c-39a3-2be7-0a12fbeb60c9" executionId="382de9d7-adbd-42d4-b6d2-2f647c3a6686" testListId="8c84fa94-04c1-424b-9868-57a2d4851a1d" />
    <TestEntry testId="02d616ae-c78c-eff2-6768-d722c6db358e" executionId="eb93d0be-7e7e-4a92-97c9-a720486ae347" testListId="8c84fa94-04c1-424b-9868-57a2d4851a1d" />
    <TestEntry testId="66a04374-2e65-19d2-5d8a-f98f17197487" executionId="05b4da08-1c26-45ae-a469-192eb92f58ef" testListId="8c84fa94-04c1-424b-9868-57a2d4851a1d" />
    <TestEntry testId="be8abf47-2092-779c-6ec7-090c9691bc5e" executionId="6dcae871-af31-449c-a72b-24461a932f81" testListId="8c84fa94-04c1-424b-9868-57a2d4851a1d" />
    <TestEntry testId="0aff4d1c-2404-9d01-845c-f4092cbac346" executionId="e79e68e5-6e77-4bb5-a498-48be50a6022a" testListId="8c84fa94-04c1-424b-9868-57a2d4851a1d" />
    <TestEntry testId="6cea7616-93f4-1d82-21a5-a08920114d81" executionId="1ce05cb2-3157-4981-8b4f-541014510d66" testListId="8c84fa94-04c1-424b-9868-57a2d4851a1d" />
    <TestEntry testId="4f23a621-f756-78e4-ef6d-3087baf6d1ca" executionId="c94cfa32-bf96-4f21-8aa0-5c89f6bda61a" testListId="8c84fa94-04c1-424b-9868-57a2d4851a1d" />
    <TestEntry testId="be97b11f-8dc8-1eaa-e222-f5f0d93061d2" executionId="eb74ca8e-6428-46f3-8697-d48885e3ba20" testListId="8c84fa94-04c1-424b-9868-57a2d4851a1d" />
    <TestEntry testId="648c3423-ff75-8cf6-1c0f-68238348b975" executionId="a3408f18-2a32-4f61-85cb-4173ae111880" testListId="8c84fa94-04c1-424b-9868-57a2d4851a1d" />
    <TestEntry testId="9fb80a7d-6c31-9fad-0ca5-8960fe35bc59" executionId="320300ab-0592-4c54-973e-7d127c557a17" testListId="8c84fa94-04c1-424b-9868-57a2d4851a1d" />
    <TestEntry testId="6e1def5b-2f08-1a99-fdf0-0847a888dfa8" executionId="b909c10f-441a-4c4f-97b6-3a46ef96c2ff" testListId="8c84fa94-04c1-424b-9868-57a2d4851a1d" />
    <TestEntry testId="ac8b403c-ad95-1397-486c-57c0f405c26a" executionId="117a86d7-89e2-4bdd-bf76-3f43514a67a4" testListId="8c84fa94-04c1-424b-9868-57a2d4851a1d" />
    <TestEntry testId="57fccb87-67ac-d6c7-5c1d-5dac0961ade9" executionId="b5265152-7227-4133-add7-f6eb4fb3ed7a" testListId="8c84fa94-04c1-424b-9868-57a2d4851a1d" />
    <TestEntry testId="3a366738-caac-39a7-7092-6c7ae2aa3817" executionId="6b05b204-7f99-423e-a725-e9bdabe0a8e1" testListId="8c84fa94-04c1-424b-9868-57a2d4851a1d" />
    <TestEntry testId="fae32176-7d58-c1c8-1250-0a12f87fc49d" executionId="8bee3b3a-8942-4f81-8e72-80bf1af83c78" testListId="8c84fa94-04c1-424b-9868-57a2d4851a1d" />
    <TestEntry testId="41bd2e7e-c1c9-b8f8-d4b6-2cb33358daae" executionId="8272628e-8f53-410d-b82a-c12a6fc89872" testListId="8c84fa94-04c1-424b-9868-57a2d4851a1d" />
    <TestEntry testId="b6d0d5a2-39a3-741c-8375-c98860dbcbd7" executionId="7044f2dc-33db-4890-b4dc-dccd2af953a7" testListId="8c84fa94-04c1-424b-9868-57a2d4851a1d" />
    <TestEntry testId="4fb72ccd-2bb5-ad9a-c6fb-27993d836d19" executionId="4bf3d4b0-7469-49a6-9e43-d0f37ede1b01" testListId="8c84fa94-04c1-424b-9868-57a2d4851a1d" />
    <TestEntry testId="ed9936a7-f78a-b416-3502-5c02b5737ef7" executionId="5f218dc0-6fa3-4ea0-9e30-eaabf934cd87" testListId="8c84fa94-04c1-424b-9868-57a2d4851a1d" />
    <TestEntry testId="ecd41b4b-be5f-ac5a-522b-5bb4188712e6" executionId="b6f29f1d-9caf-40b1-a2a8-327175e0a10d" testListId="8c84fa94-04c1-424b-9868-57a2d4851a1d" />
    <TestEntry testId="136df291-2cca-c439-fece-8b21662e26cf" executionId="a2584f39-2fe1-413b-9f11-f391e9edaaa4" testListId="8c84fa94-04c1-424b-9868-57a2d4851a1d" />
    <TestEntry testId="bd04b31f-0f79-1b23-444f-e9199a7cc79f" executionId="d4ae6e4c-1da6-4d53-8a50-a4f4986ede8f" testListId="8c84fa94-04c1-424b-9868-57a2d4851a1d" />
    <TestEntry testId="2a33e1cb-1ff1-082c-7d5a-6bfd3c89dce8" executionId="50824252-cf95-456c-9a7b-79618d70e249" testListId="8c84fa94-04c1-424b-9868-57a2d4851a1d" />
    <TestEntry testId="fc0cc794-4fc9-7c17-588f-d7d9b4039cbc" executionId="f5f41e65-047d-42cf-bba3-25d9963428f0" testListId="8c84fa94-04c1-424b-9868-57a2d4851a1d" />
    <TestEntry testId="36d8e28b-ead9-631d-c956-91ee6e859e67" executionId="3164794c-8e93-4934-96e8-4e0edcb04e04" testListId="8c84fa94-04c1-424b-9868-57a2d4851a1d" />
    <TestEntry testId="6fe16355-fcdd-f78f-181e-5b3c475aa782" executionId="133c60c5-74df-4df6-9445-da8164ad9e3e" testListId="8c84fa94-04c1-424b-9868-57a2d4851a1d" />
    <TestEntry testId="102577c7-ae1c-a0a1-2ae5-60d42ad409f3" executionId="ab508854-0a01-415d-87f5-4074484cb587" testListId="8c84fa94-04c1-424b-9868-57a2d4851a1d" />
    <TestEntry testId="f9d67eef-e39a-c239-105a-88d1afb6eab7" executionId="192a86c8-5325-4604-ba2e-98bf57f0b16a" testListId="8c84fa94-04c1-424b-9868-57a2d4851a1d" />
    <TestEntry testId="f87f9f49-0187-2919-3722-c1448f7defc0" executionId="2cb88103-aec2-4012-8e0d-c179080d7b9b" testListId="8c84fa94-04c1-424b-9868-57a2d4851a1d" />
    <TestEntry testId="96141f11-d5b4-1b35-4b30-029b1af4f2e4" executionId="6ab54407-16ef-42ed-a1ce-71c5e9c75e79" testListId="8c84fa94-04c1-424b-9868-57a2d4851a1d" />
    <TestEntry testId="90008695-e423-465b-074d-2c2b187c520d" executionId="147c117f-0beb-4ae8-b294-8186f4533c10" testListId="8c84fa94-04c1-424b-9868-57a2d4851a1d" />
    <TestEntry testId="d508f85a-0f78-86a6-397d-d7afc532ed7f" executionId="f4425cff-651b-466d-b780-aaf1dd60153f" testListId="8c84fa94-04c1-424b-9868-57a2d4851a1d" />
    <TestEntry testId="327b61fc-9460-6e80-0bab-087f3285986c" executionId="dc620058-8558-497f-ae4d-83b00567e03e" testListId="8c84fa94-04c1-424b-9868-57a2d4851a1d" />
    <TestEntry testId="4ff64477-833a-244c-0375-990ccfb1a2e6" executionId="68b3d614-90de-4230-89ae-5c8126ae739e" testListId="8c84fa94-04c1-424b-9868-57a2d4851a1d" />
    <TestEntry testId="acfb8bc4-d35c-001a-368e-6db458396c27" executionId="6da2502a-12d1-40fa-8935-ff5882fd80ec" testListId="8c84fa94-04c1-424b-9868-57a2d4851a1d" />
    <TestEntry testId="6d906e57-720b-055b-9fb4-621cc72c2f6e" executionId="f4916001-8e05-4b56-a69a-042d1d186c13" testListId="8c84fa94-04c1-424b-9868-57a2d4851a1d" />
    <TestEntry testId="7e9547ef-92c4-9617-9854-4de06867f1d7" executionId="4552c908-916c-4588-8d09-ca4aa854cb4e" testListId="8c84fa94-04c1-424b-9868-57a2d4851a1d" />
    <TestEntry testId="3dee02cb-5656-71b9-8f76-ae46cff96f99" executionId="d68f1176-3ac1-40ef-9d66-bccf7b7e46f8" testListId="8c84fa94-04c1-424b-9868-57a2d4851a1d" />
    <TestEntry testId="016db6ee-2d38-0bc8-9736-56870f4b6a15" executionId="66693154-a823-463d-9fbe-b7e1966942ef" testListId="8c84fa94-04c1-424b-9868-57a2d4851a1d" />
    <TestEntry testId="c326596e-7b75-36be-fcbf-3e9d3f28c73d" executionId="367e9f73-ceff-43df-9721-a5667150d382" testListId="8c84fa94-04c1-424b-9868-57a2d4851a1d" />
    <TestEntry testId="575da95f-2230-1828-6b68-055396a6ceb9" executionId="606dfc4f-f40d-4257-86be-47330aaaad9e" testListId="8c84fa94-04c1-424b-9868-57a2d4851a1d" />
    <TestEntry testId="ac5310d6-6d6d-adaf-b5c0-386e110e2f4b" executionId="e6e45a7c-be4f-49f4-8498-546a845105c8" testListId="8c84fa94-04c1-424b-9868-57a2d4851a1d" />
    <TestEntry testId="17a3b251-36cd-07f4-6f0c-5e839dd8b46e" executionId="efdec150-bfab-48ff-832c-b5b48f841b2c" testListId="8c84fa94-04c1-424b-9868-57a2d4851a1d" />
    <TestEntry testId="5b4394a3-5514-825f-4826-f5d52800d9d3" executionId="199fcfa1-cccb-4e9b-9847-be7ba4562c02" testListId="8c84fa94-04c1-424b-9868-57a2d4851a1d" />
    <TestEntry testId="7604a55a-e5b6-44c6-1689-a2eeb42596ff" executionId="361c30d0-72ef-4d4d-8d94-8af15a209218" testListId="8c84fa94-04c1-424b-9868-57a2d4851a1d" />
    <TestEntry testId="ee019f83-90b8-7ba1-fb37-5f45c8216c55" executionId="094f2f19-bdc5-4bd6-ad49-56067bc7008e" testListId="8c84fa94-04c1-424b-9868-57a2d4851a1d" />
    <TestEntry testId="ec4e63e2-3209-426c-3f87-d44e6c590fc1" executionId="e748d819-99cd-4564-b235-c2c512609ba1" testListId="8c84fa94-04c1-424b-9868-57a2d4851a1d" />
    <TestEntry testId="d367d6c7-6508-d285-3904-129e7c7eed2d" executionId="315d4630-3618-455c-9b82-0b63a2bf75b2" testListId="8c84fa94-04c1-424b-9868-57a2d4851a1d" />
    <TestEntry testId="55e4c6ef-9688-250a-8df9-cb5fdcccf252" executionId="10b7f211-b98b-44ac-adc9-1a082d51f411" testListId="8c84fa94-04c1-424b-9868-57a2d4851a1d" />
    <TestEntry testId="1125c384-36c9-7da0-f253-4de4fa4f1257" executionId="4f240299-d7c9-48b9-9ae5-b211bfc72280" testListId="8c84fa94-04c1-424b-9868-57a2d4851a1d" />
    <TestEntry testId="74f3dc3e-f6eb-9692-58dc-def99f3951c7" executionId="8797a5aa-5053-466b-a7f7-46dc360c332e" testListId="8c84fa94-04c1-424b-9868-57a2d4851a1d" />
    <TestEntry testId="fb5492ab-cda6-ba8a-bab0-b37d58488088" executionId="c9e4f961-7443-41c7-a939-16bceaeaf880" testListId="8c84fa94-04c1-424b-9868-57a2d4851a1d" />
    <TestEntry testId="ab474ba1-f565-f4cb-0e3b-d3f8180b2371" executionId="556d0388-b09e-449d-bf1a-3f0baa831ca2" testListId="8c84fa94-04c1-424b-9868-57a2d4851a1d" />
    <TestEntry testId="15cfa11c-8ada-6afb-298e-3e04cfe3dabc" executionId="e38b9095-fd11-485b-b8bf-fe8ef713d6ab" testListId="8c84fa94-04c1-424b-9868-57a2d4851a1d" />
    <TestEntry testId="0422c0a9-8f46-02d8-cc74-796557fcdbf1" executionId="52f892a6-9c8c-4efa-9032-97f6cc4f080e" testListId="8c84fa94-04c1-424b-9868-57a2d4851a1d" />
    <TestEntry testId="e2e11837-721b-4b90-bc2d-5546133bb97c" executionId="9c73b65f-2be1-46fc-b82c-3f7f3abebe6e" testListId="8c84fa94-04c1-424b-9868-57a2d4851a1d" />
    <TestEntry testId="500b72e0-4f4f-486d-00d8-847aa132558b" executionId="d30fa816-2fa3-4607-b33d-16ae6093fbbe" testListId="8c84fa94-04c1-424b-9868-57a2d4851a1d" />
    <TestEntry testId="fff67a66-5b63-4b59-d9e1-fa6cacb0c28f" executionId="a2a6924b-37a1-4c31-be5a-784cf4e6433c" testListId="8c84fa94-04c1-424b-9868-57a2d4851a1d" />
    <TestEntry testId="e6aec06f-1b34-715c-7067-e3512266e985" executionId="6167d173-c6ce-424b-9b7a-4f537aa28f27" testListId="8c84fa94-04c1-424b-9868-57a2d4851a1d" />
    <TestEntry testId="8189793c-3d2c-2ced-546e-72d22af14373" executionId="4107ffa2-7699-4d8b-9241-aab026441088" testListId="8c84fa94-04c1-424b-9868-57a2d4851a1d" />
    <TestEntry testId="f1542542-675f-de45-6963-b933ea9417ec" executionId="9931b6ec-7468-41cb-89b3-1a022c071835" testListId="8c84fa94-04c1-424b-9868-57a2d4851a1d" />
    <TestEntry testId="1c8c6248-1c84-a4a5-d64f-264bc96db5aa" executionId="ce07ee4f-9de9-4434-8e5e-a9872aca702a" testListId="8c84fa94-04c1-424b-9868-57a2d4851a1d" />
    <TestEntry testId="e079c5c4-1fae-a6da-0486-c552e58badba" executionId="99fee392-18bc-4638-84a6-6427f8aaa6a6" testListId="8c84fa94-04c1-424b-9868-57a2d4851a1d" />
    <TestEntry testId="96abae70-804e-22a1-b798-693289176733" executionId="5e9bfbc3-7eae-4677-b15e-798204628cf4" testListId="8c84fa94-04c1-424b-9868-57a2d4851a1d" />
    <TestEntry testId="c3ca1b5d-ff95-9140-678b-491795097655" executionId="1649db8b-cfa3-4245-a841-f25bc1959895" testListId="8c84fa94-04c1-424b-9868-57a2d4851a1d" />
    <TestEntry testId="c30c4660-2f7b-1aa5-e1a9-541b7522a7fd" executionId="9b2bfe10-ed07-40e2-a356-b5ee9422678d" testListId="8c84fa94-04c1-424b-9868-57a2d4851a1d" />
    <TestEntry testId="8a008f19-8c0c-1ccf-7f84-a2d6bcee30d0" executionId="fe230581-7fbe-4ad9-bdc2-186b259931c7" testListId="8c84fa94-04c1-424b-9868-57a2d4851a1d" />
    <TestEntry testId="757080b6-4e33-d5c9-6ffc-a22559518e7a" executionId="9e723d4f-550c-4202-9a0f-2c5763da85c7" testListId="8c84fa94-04c1-424b-9868-57a2d4851a1d" />
    <TestEntry testId="44b05a81-39e5-1283-ef3e-05637c0ae9d5" executionId="5b04ea1b-01ba-440b-9d5d-1ae65c332a56" testListId="8c84fa94-04c1-424b-9868-57a2d4851a1d" />
    <TestEntry testId="deff660e-f447-afb1-3182-fea93a06e1e0" executionId="a52eef40-f24f-45ca-8d4f-24d8b8909b99" testListId="8c84fa94-04c1-424b-9868-57a2d4851a1d" />
    <TestEntry testId="8eb6fb87-99ba-1360-e0aa-c090c9e0ad00" executionId="0c3a70e6-5240-4c36-92cd-90c2c5cd90e8" testListId="8c84fa94-04c1-424b-9868-57a2d4851a1d" />
    <TestEntry testId="bd149988-e15e-1a6b-1d23-1105951e6d27" executionId="417e4306-846f-44a8-aea0-0204667a131a" testListId="8c84fa94-04c1-424b-9868-57a2d4851a1d" />
    <TestEntry testId="bd8fc143-df78-30fb-c5ab-4fca27562b57" executionId="264341a1-965c-422d-a799-198b97987443" testListId="8c84fa94-04c1-424b-9868-57a2d4851a1d" />
    <TestEntry testId="5d56160f-1e48-faa2-365a-70edb9acf582" executionId="67d0e842-798d-499a-8783-f2eddc19e219" testListId="8c84fa94-04c1-424b-9868-57a2d4851a1d" />
    <TestEntry testId="5a2de3a5-2a90-1705-60e7-49aa869e23e4" executionId="a43e978b-b29a-4e83-bedf-95199df9f22e" testListId="8c84fa94-04c1-424b-9868-57a2d4851a1d" />
    <TestEntry testId="ca2a562d-641e-8e00-fa18-6369fac1395a" executionId="83bc1523-098a-4b04-8396-243a7cd22de3" testListId="8c84fa94-04c1-424b-9868-57a2d4851a1d" />
    <TestEntry testId="bf670d26-8354-165d-b41a-42a1cf89e1b1" executionId="45fbd22e-c296-4fb4-986e-8ec4b0bc95bd" testListId="8c84fa94-04c1-424b-9868-57a2d4851a1d" />
    <TestEntry testId="2be6a9ee-7631-7b93-694c-0c9d581761da" executionId="7785c607-2a88-451b-9eb4-fd8e4ac51885" testListId="8c84fa94-04c1-424b-9868-57a2d4851a1d" />
    <TestEntry testId="3f589117-7ee8-077c-6645-21816a7e0600" executionId="254261f7-934c-4b2c-8188-ac15ed0dada1" testListId="8c84fa94-04c1-424b-9868-57a2d4851a1d" />
    <TestEntry testId="6f4aa358-fb39-bf15-74d6-cff7bf6dc736" executionId="ef0a18cb-429f-477e-9689-8707d354ba0c" testListId="8c84fa94-04c1-424b-9868-57a2d4851a1d" />
    <TestEntry testId="a05284d8-4031-909e-c18c-d7c7aab786f5" executionId="9b77afec-816a-41a4-a671-c5619e62860a" testListId="8c84fa94-04c1-424b-9868-57a2d4851a1d" />
    <TestEntry testId="cabe6cff-646c-5b08-f9fe-ca2fa3f35a92" executionId="2ef3c465-7ab5-4a7c-8d41-0ff88307db6a" testListId="8c84fa94-04c1-424b-9868-57a2d4851a1d" />
    <TestEntry testId="8a29233c-71d1-67fd-f2f9-f76830d36268" executionId="4b1d9ef3-edfa-475f-bbb4-e9b03d18f564" testListId="8c84fa94-04c1-424b-9868-57a2d4851a1d" />
    <TestEntry testId="658a588b-f25a-953c-f845-7be4a815fac7" executionId="db8fb8cf-1e9a-460a-be3b-13f1a05147a1" testListId="8c84fa94-04c1-424b-9868-57a2d4851a1d" />
    <TestEntry testId="816814c6-e83f-da87-ffd1-92aa41bb1752" executionId="3338f85d-4c79-44e1-bed2-d95f245ee96a" testListId="8c84fa94-04c1-424b-9868-57a2d4851a1d" />
    <TestEntry testId="14499e35-211f-3973-6507-0af44d7a2adb" executionId="758225a7-5054-4a60-951c-78c9605c5d46" testListId="8c84fa94-04c1-424b-9868-57a2d4851a1d" />
    <TestEntry testId="baaab09b-6eca-5e98-86f6-dac293760416" executionId="655e0180-4316-4fb3-bc15-e4be4036d315" testListId="8c84fa94-04c1-424b-9868-57a2d4851a1d" />
    <TestEntry testId="2f123298-872a-ab68-13c5-f31ac74304cf" executionId="b5d88b4b-6955-404d-ac1d-cc7a87bcb106" testListId="8c84fa94-04c1-424b-9868-57a2d4851a1d" />
    <TestEntry testId="09f25e02-1fea-e16e-0d02-81e3a86fadf2" executionId="d5b4dc3c-0255-4052-881d-134f08d4cfe7" testListId="8c84fa94-04c1-424b-9868-57a2d4851a1d" />
    <TestEntry testId="3d5a24db-0f68-99b2-64d0-ba5e0166d828" executionId="4fe5ef20-865b-4bc9-ae3b-ec8165c10003" testListId="8c84fa94-04c1-424b-9868-57a2d4851a1d" />
    <TestEntry testId="92de626a-e1fe-77de-7215-859b49c72475" executionId="e410e76c-cd54-419e-b53c-59c6f51d0d48" testListId="8c84fa94-04c1-424b-9868-57a2d4851a1d" />
    <TestEntry testId="ee13aa96-0440-147e-1f8e-74e5f001e7b6" executionId="531226af-6dde-4f89-a0bf-e42feb2494bf" testListId="8c84fa94-04c1-424b-9868-57a2d4851a1d" />
    <TestEntry testId="adb75ea3-f777-5203-f799-d1fc58ef10b1" executionId="ab91164c-7945-4c81-871e-c7e32bd96ba9" testListId="8c84fa94-04c1-424b-9868-57a2d4851a1d" />
    <TestEntry testId="64bbd06a-f128-7831-8994-8de215c9a12a" executionId="ecdbd2de-da96-477b-b1d4-09c14c401839" testListId="8c84fa94-04c1-424b-9868-57a2d4851a1d" />
    <TestEntry testId="7b03728c-06a1-8649-8ebb-9e968a991819" executionId="72007f84-366f-4435-a5b6-fdeb9e7ec6e5" testListId="8c84fa94-04c1-424b-9868-57a2d4851a1d" />
    <TestEntry testId="27182808-95bc-ca7b-c30b-ad0be6d3ff3a" executionId="3e6bde00-26f5-4c55-9de6-00dd677e0129" testListId="8c84fa94-04c1-424b-9868-57a2d4851a1d" />
    <TestEntry testId="047deb11-1146-c672-a956-83af88e9f848" executionId="0d6b7abf-61cf-4d93-b186-8ea1dfd3c9f8" testListId="8c84fa94-04c1-424b-9868-57a2d4851a1d" />
    <TestEntry testId="54ea5201-a555-396e-a44c-4ddf5a575693" executionId="149ee5db-849b-44eb-995e-97f8eaa859e1" testListId="8c84fa94-04c1-424b-9868-57a2d4851a1d" />
    <TestEntry testId="12586267-0673-3fe4-7439-32d08ed9f40e" executionId="e7807586-8f17-40fd-9f72-ef924a3ed627" testListId="8c84fa94-04c1-424b-9868-57a2d4851a1d" />
    <TestEntry testId="ccfdb732-b4f9-66b8-8a41-9bc827d46e1b" executionId="53a1be6b-3add-4f5f-9210-195da3b9a07e" testListId="8c84fa94-04c1-424b-9868-57a2d4851a1d" />
    <TestEntry testId="e4f8b770-0d81-23f2-8871-d75af01e388b" executionId="89ac7d34-087c-4a22-b2a3-15fc3884c323" testListId="8c84fa94-04c1-424b-9868-57a2d4851a1d" />
    <TestEntry testId="9688a158-7527-5fc3-8f52-444dcee106fa" executionId="73031a52-f15c-4ad4-96ab-f69195cb3c3d" testListId="8c84fa94-04c1-424b-9868-57a2d4851a1d" />
    <TestEntry testId="339967ea-4862-67f1-7ac1-d6c751900a46" executionId="2a2f168a-1996-46f3-84c6-0b52d0867d4f" testListId="8c84fa94-04c1-424b-9868-57a2d4851a1d" />
    <TestEntry testId="64480e1f-7942-5150-b48e-e50327aba391" executionId="477f190f-4179-4dd4-9d1e-ea592389328d" testListId="8c84fa94-04c1-424b-9868-57a2d4851a1d" />
    <TestEntry testId="77d33b19-697e-aae6-4835-530b4384aafd" executionId="00e645b5-dbcb-4a3f-abc9-be2ee55bac13" testListId="8c84fa94-04c1-424b-9868-57a2d4851a1d" />
    <TestEntry testId="9d68ca30-4c58-7743-728e-6fe99570fd2e" executionId="e17ca6e2-8665-41b0-b27a-0103bd76a52b" testListId="8c84fa94-04c1-424b-9868-57a2d4851a1d" />
    <TestEntry testId="1d7b4bc5-a1ca-c2fd-17bb-f050e55a81e6" executionId="5d4785e4-9178-4d1a-b0d1-f419a4cb8768" testListId="8c84fa94-04c1-424b-9868-57a2d4851a1d" />
    <TestEntry testId="6e3b7265-e6a8-b513-1aba-7f283cb0a057" executionId="8e6798d9-0135-431a-8bc5-28be0d475c9c" testListId="8c84fa94-04c1-424b-9868-57a2d4851a1d" />
    <TestEntry testId="e11d37c3-85ce-b634-94ea-08dd0ce22124" executionId="003f247c-b310-4842-8d1b-188ac0943f75" testListId="8c84fa94-04c1-424b-9868-57a2d4851a1d" />
    <TestEntry testId="538d15af-d60d-120f-62fb-8e6efc0bc2dc" executionId="7e34ba80-05fb-4583-b53c-3df5d5f07d88" testListId="8c84fa94-04c1-424b-9868-57a2d4851a1d" />
    <TestEntry testId="452b2ad6-63da-e377-e214-101b481a21fa" executionId="f973402a-2c73-46d1-8f40-4622e3d4299e" testListId="8c84fa94-04c1-424b-9868-57a2d4851a1d" />
    <TestEntry testId="af29d6a7-9195-dd2c-d311-f4fe2ac86487" executionId="db42ead9-09b2-49ef-9996-23b25bbea32a" testListId="8c84fa94-04c1-424b-9868-57a2d4851a1d" />
    <TestEntry testId="91fc9898-562e-ac60-b27b-73fa95a2dbfc" executionId="ade7e67a-d6e5-4e71-8ccf-f680ffb28b79" testListId="8c84fa94-04c1-424b-9868-57a2d4851a1d" />
    <TestEntry testId="40a81d98-a499-52ae-1497-235c31f6f116" executionId="c3ff5b63-99f2-4548-bbff-d50af9c43fff" testListId="8c84fa94-04c1-424b-9868-57a2d4851a1d" />
    <TestEntry testId="5c1b319b-f4f1-4700-614d-09ac09c16f25" executionId="77139f49-2ec6-49a3-81fa-34b800713a8f" testListId="8c84fa94-04c1-424b-9868-57a2d4851a1d" />
    <TestEntry testId="239f97ad-944d-968b-1719-9af125fd5862" executionId="ff55b47c-eaab-422d-a4f0-270ba02cfe04" testListId="8c84fa94-04c1-424b-9868-57a2d4851a1d" />
    <TestEntry testId="9322c0f2-8323-a37b-92d5-ec05121f9230" executionId="ee911db9-1256-4ee3-92e9-6508828ae298" testListId="8c84fa94-04c1-424b-9868-57a2d4851a1d" />
    <TestEntry testId="c9faf224-a0ec-ef88-2f10-44b1fbb47a0c" executionId="a8ab3a98-a85e-42ac-9840-5ab41fca5269" testListId="8c84fa94-04c1-424b-9868-57a2d4851a1d" />
    <TestEntry testId="6d458a07-7789-12ca-e3c7-7c0e4257399b" executionId="60bb7064-0d4f-42c4-8e5d-5c682ab4513b" testListId="8c84fa94-04c1-424b-9868-57a2d4851a1d" />
    <TestEntry testId="8d8dd4c5-5b28-e241-f21d-2bd80473286e" executionId="60b309ad-1fa2-4930-83f3-2f043ab546b6" testListId="8c84fa94-04c1-424b-9868-57a2d4851a1d" />
    <TestEntry testId="1557dd86-0b20-4175-8eff-cf0a11f48247" executionId="d64f37bc-5b72-4850-bc2d-5e99a78b2837" testListId="8c84fa94-04c1-424b-9868-57a2d4851a1d" />
    <TestEntry testId="1d0f1860-0023-b37e-c27f-76f745de67fa" executionId="eff16ac0-08ce-4816-abd3-ed32313592b3" testListId="8c84fa94-04c1-424b-9868-57a2d4851a1d" />
    <TestEntry testId="b065fdf1-2acb-9512-67e3-88357cc1f7bd" executionId="7032a1a4-a937-461e-ad04-5ee60b54ed4d" testListId="8c84fa94-04c1-424b-9868-57a2d4851a1d" />
    <TestEntry testId="26849c02-82a3-ad28-280e-07d6eb67ef6c" executionId="48a1f4f4-54de-4162-825f-deaf18f49427" testListId="8c84fa94-04c1-424b-9868-57a2d4851a1d" />
    <TestEntry testId="d8e94a86-10aa-fdae-3afc-5be54dedcd54" executionId="87a11698-7a8e-4495-9dbc-077e3bd35db2" testListId="8c84fa94-04c1-424b-9868-57a2d4851a1d" />
    <TestEntry testId="7a2fd159-6d75-50b5-6d07-8acef305a64a" executionId="8b052a9b-61a9-4f07-9a32-128ab5fa09bc" testListId="8c84fa94-04c1-424b-9868-57a2d4851a1d" />
    <TestEntry testId="d7b00472-0a8a-5b5d-fde7-8844bced6ccf" executionId="a84e3337-4cb9-4251-ad17-3cd430b6c86b" testListId="8c84fa94-04c1-424b-9868-57a2d4851a1d" />
    <TestEntry testId="b2881d3b-eee1-9890-c856-d64e53b3cb2a" executionId="46468c4a-4c76-4ff1-af27-39a65bb9e8c5" testListId="8c84fa94-04c1-424b-9868-57a2d4851a1d" />
    <TestEntry testId="636d32e8-b7d3-00d6-fb1c-4e5351abe4cb" executionId="66c48338-d36f-4089-92a6-729b68537a2e" testListId="8c84fa94-04c1-424b-9868-57a2d4851a1d" />
    <TestEntry testId="9d2e72d6-92ec-9416-6f65-3920a3a0eb8d" executionId="72515aac-796d-40bc-b773-c6068acb3f5d" testListId="8c84fa94-04c1-424b-9868-57a2d4851a1d" />
    <TestEntry testId="b56fc5e0-ca7d-23ae-8b09-7929cd0345db" executionId="b3b5d1a2-0c14-483e-b2d8-2a09bfb8b6bf" testListId="8c84fa94-04c1-424b-9868-57a2d4851a1d" />
    <TestEntry testId="1c94bdcf-8de3-0f60-783e-acd269e65780" executionId="87b234ae-cb4c-4f55-9084-091b21e44bb2" testListId="8c84fa94-04c1-424b-9868-57a2d4851a1d" />
    <TestEntry testId="dbbc5690-fac2-1b11-1e8a-0424a979bf51" executionId="8743c393-3cbc-4223-b54e-1fe3268003e6" testListId="8c84fa94-04c1-424b-9868-57a2d4851a1d" />
    <TestEntry testId="eb2f2cd7-c193-fc00-42d8-b5c3c4bea8bc" executionId="56620708-c608-472f-9df2-f8257a0ba79c" testListId="8c84fa94-04c1-424b-9868-57a2d4851a1d" />
    <TestEntry testId="77c0946a-35e6-2594-81e6-6e9900eb9d47" executionId="2032f029-f26e-4bfb-973d-52de8b41feee" testListId="8c84fa94-04c1-424b-9868-57a2d4851a1d" />
    <TestEntry testId="3ca06c88-151a-d031-1bc7-e0c52536e410" executionId="8aacd65f-80d1-4793-88ac-9cde906504b1" testListId="8c84fa94-04c1-424b-9868-57a2d4851a1d" />
    <TestEntry testId="772da960-f2ad-972a-fa28-e9bdb8e341f0" executionId="d0896048-92c2-4d20-87b1-6337fca91c7a" testListId="8c84fa94-04c1-424b-9868-57a2d4851a1d" />
    <TestEntry testId="69d89368-0003-59a3-862b-580f1edee151" executionId="a34f00ea-29ed-4281-a540-80d177985f5a" testListId="8c84fa94-04c1-424b-9868-57a2d4851a1d" />
    <TestEntry testId="8abea1fb-283d-af2d-c3b8-2ae185aa87f2" executionId="ba4c7cb0-7714-4fb7-a37a-fa868710fcc7" testListId="8c84fa94-04c1-424b-9868-57a2d4851a1d" />
    <TestEntry testId="c8a5b676-dccb-ef85-25d7-22cd0f991d41" executionId="14a8e96d-727d-4a86-b32b-a6890d27f06b" testListId="8c84fa94-04c1-424b-9868-57a2d4851a1d" />
    <TestEntry testId="81617092-5393-a84c-34e3-a0234bd9367b" executionId="d79968b5-c3e6-44f4-a1b2-6c36e7785557" testListId="8c84fa94-04c1-424b-9868-57a2d4851a1d" />
    <TestEntry testId="06c41f3f-b907-8887-c033-31260fa78eef" executionId="3b253bd4-c55a-411d-99d0-7138e5a44a69" testListId="8c84fa94-04c1-424b-9868-57a2d4851a1d" />
    <TestEntry testId="0c5eded9-aaa4-989f-6237-6788ed673cd4" executionId="4706c2d5-9e17-48b6-9b14-1fdf161558c8" testListId="8c84fa94-04c1-424b-9868-57a2d4851a1d" />
    <TestEntry testId="7d179d52-6296-c46b-b9c6-bedbd352ed5d" executionId="e06bc5d4-8817-4fc8-bf8f-96f55cb90f08" testListId="8c84fa94-04c1-424b-9868-57a2d4851a1d" />
    <TestEntry testId="2d8314f9-b762-640e-1727-efd841637061" executionId="07aac489-37c6-4e12-bda1-c5e9e0ee9d0e" testListId="8c84fa94-04c1-424b-9868-57a2d4851a1d" />
    <TestEntry testId="8f3e35ff-63ef-1a88-09e9-b0cb0f94c131" executionId="e809db9f-d741-4ce0-9b6c-b6666d90cee4" testListId="8c84fa94-04c1-424b-9868-57a2d4851a1d" />
    <TestEntry testId="2a55247b-2cad-1fbf-576f-ee8cf6fab5af" executionId="25d60b9a-841e-4fea-9a7e-f648970c0c2c" testListId="8c84fa94-04c1-424b-9868-57a2d4851a1d" />
    <TestEntry testId="6c816cd8-81f7-b68e-6d6b-86481f285a46" executionId="b68452f8-3a34-4eb6-b40b-184622191a1a" testListId="8c84fa94-04c1-424b-9868-57a2d4851a1d" />
    <TestEntry testId="f58950ee-e6c3-81cd-8922-0a07966b4341" executionId="bfad9bdd-1b09-4fa1-8bd2-ca58cdc12f16" testListId="8c84fa94-04c1-424b-9868-57a2d4851a1d" />
    <TestEntry testId="39827c9d-0a3a-6549-39f1-5086a67e0ad2" executionId="89de6343-6999-4679-bb97-677077f657fa" testListId="8c84fa94-04c1-424b-9868-57a2d4851a1d" />
    <TestEntry testId="04f5cf17-3879-e2fe-c47d-e29ce4541cc8" executionId="79dfa1f3-8acc-4a8d-997a-4e4d25a9e0d6" testListId="8c84fa94-04c1-424b-9868-57a2d4851a1d" />
    <TestEntry testId="dd9172a4-589d-2f12-840c-9e893bfa4aed" executionId="4c1369d5-d3f8-4d8c-99af-90515e7e4103" testListId="8c84fa94-04c1-424b-9868-57a2d4851a1d" />
    <TestEntry testId="3602f2af-1d8b-4e06-08f7-1d54f19ae98b" executionId="03dc2e76-eb09-4a44-8c65-9befa07613a0" testListId="8c84fa94-04c1-424b-9868-57a2d4851a1d" />
    <TestEntry testId="d8e0dc59-890c-1772-2405-bbda13b7b2e5" executionId="6536acaf-bddf-4223-b46e-750fa3bda128" testListId="8c84fa94-04c1-424b-9868-57a2d4851a1d" />
    <TestEntry testId="54359a79-a350-b706-33cb-3a95c5e005c8" executionId="a67c6571-b132-4b02-9db4-4be9f4dcbda9" testListId="8c84fa94-04c1-424b-9868-57a2d4851a1d" />
    <TestEntry testId="91188da9-d085-0bfd-d9b4-e5baf082c7ff" executionId="5b56bbbe-78e2-4907-96a1-e596af875c58" testListId="8c84fa94-04c1-424b-9868-57a2d4851a1d" />
    <TestEntry testId="4626a3cc-2981-ad39-b754-149a49bbf0af" executionId="fff6b402-fd12-4146-b0b7-d50e1c7955e5" testListId="8c84fa94-04c1-424b-9868-57a2d4851a1d" />
    <TestEntry testId="58b7e4c2-677e-eaa1-ffab-7fefdbb47c57" executionId="6ccd3344-03f9-4fa9-a24f-94836aba3618" testListId="8c84fa94-04c1-424b-9868-57a2d4851a1d" />
    <TestEntry testId="f8f331b8-d47d-c7f9-44dc-1c809a8198be" executionId="b2bcc307-4639-4f93-a523-961ed7db20ef" testListId="8c84fa94-04c1-424b-9868-57a2d4851a1d" />
    <TestEntry testId="f9189ce9-0529-6c8d-0d9e-095d8eb96f4d" executionId="6b1c6bda-643f-4534-85dd-bad854ae8c67" testListId="8c84fa94-04c1-424b-9868-57a2d4851a1d" />
    <TestEntry testId="48ac9e20-a22c-a01f-955d-1744f7f2749d" executionId="a2a222a1-dda3-48d3-b482-4e3db5abb572" testListId="8c84fa94-04c1-424b-9868-57a2d4851a1d" />
    <TestEntry testId="bd269d79-8d19-44db-f16d-abd4c7a4d073" executionId="839121df-99f0-494b-b883-4e88469b5c92" testListId="8c84fa94-04c1-424b-9868-57a2d4851a1d" />
    <TestEntry testId="fdf1736b-60b8-c0c0-9825-483b5108a5c6" executionId="4f0a108b-843e-4f66-88c6-8f6f634bbd88" testListId="8c84fa94-04c1-424b-9868-57a2d4851a1d" />
    <TestEntry testId="4dd5f838-e829-4027-c8a3-3812e45a9213" executionId="909e9816-d623-40c5-894d-fa821cff8e7b" testListId="8c84fa94-04c1-424b-9868-57a2d4851a1d" />
    <TestEntry testId="a12f3afc-4dde-52fd-5e8c-5f5aa241141f" executionId="4d033375-3ee0-416a-9477-afd426c62eee" testListId="8c84fa94-04c1-424b-9868-57a2d4851a1d" />
    <TestEntry testId="26a34bf0-9be6-d865-071a-28334a9bd104" executionId="dda6111e-4c2e-4940-b41a-2253e227897b" testListId="8c84fa94-04c1-424b-9868-57a2d4851a1d" />
    <TestEntry testId="64f18a27-c96f-411e-32ee-ee222b9e690a" executionId="1e85e162-cba7-4f40-a50a-3060fd435b7c" testListId="8c84fa94-04c1-424b-9868-57a2d4851a1d" />
    <TestEntry testId="5c4423f1-3542-6d83-6216-62288fcdf2f4" executionId="2c6ccfbc-a3e2-4f89-b01b-c0b7622f78ba" testListId="8c84fa94-04c1-424b-9868-57a2d4851a1d" />
    <TestEntry testId="c279e56a-7f3b-6836-d500-b625e938ad25" executionId="0de82aa5-ed3f-4dda-b5dc-3840fd7489ad" testListId="8c84fa94-04c1-424b-9868-57a2d4851a1d" />
    <TestEntry testId="77a1057d-d9f6-6031-284b-0c450a69cfb9" executionId="cb2a9dde-0e15-42c7-be77-f0d9494767c5" testListId="8c84fa94-04c1-424b-9868-57a2d4851a1d" />
    <TestEntry testId="b3abf8cb-be05-8444-7744-f2c6d82511e2" executionId="776dd25a-8964-485c-9308-6bdb1d927a70" testListId="8c84fa94-04c1-424b-9868-57a2d4851a1d" />
    <TestEntry testId="acac15f2-8d07-b82f-4ea7-5882088d661e" executionId="886d4d92-d2ee-4e2c-9067-9c5f1347b1f3" testListId="8c84fa94-04c1-424b-9868-57a2d4851a1d" />
    <TestEntry testId="11ece51f-37eb-f926-cb36-a375b3572505" executionId="836ca867-eb98-4e2f-a96c-29d46048e913" testListId="8c84fa94-04c1-424b-9868-57a2d4851a1d" />
    <TestEntry testId="f2f022f0-f838-e0b9-e71f-f55003805c0e" executionId="e759a6c7-0df0-458a-a137-4aef5a9654bd" testListId="8c84fa94-04c1-424b-9868-57a2d4851a1d" />
    <TestEntry testId="ae3b7ea3-5adc-531c-4b40-daea74d6b041" executionId="1e374336-06a9-40ee-8eca-99347497a083" testListId="8c84fa94-04c1-424b-9868-57a2d4851a1d" />
    <TestEntry testId="36eb6c0d-6170-066f-c8ea-5526b110efc3" executionId="ef2d95ea-7d91-4002-81b3-acc018a5a7a9" testListId="8c84fa94-04c1-424b-9868-57a2d4851a1d" />
    <TestEntry testId="3f6d692b-dc5e-6e22-6b52-dafab2736350" executionId="9fa57963-3e49-4891-9dae-80769a0d0d46" testListId="8c84fa94-04c1-424b-9868-57a2d4851a1d" />
    <TestEntry testId="fb6f9dd8-5e05-63fd-042e-9b13a815a54e" executionId="d5001b75-ea1d-43c2-8404-4ea763e7e149" testListId="8c84fa94-04c1-424b-9868-57a2d4851a1d" />
    <TestEntry testId="6f7b704f-1370-beeb-3ca0-35582d568c3d" executionId="c4983997-d235-4727-8bed-f3c2b056f872" testListId="8c84fa94-04c1-424b-9868-57a2d4851a1d" />
    <TestEntry testId="1bff04e7-a34e-2661-3dfa-a55c31eb03e9" executionId="880678ec-4e69-4f78-afa9-89b848e2c98c" testListId="8c84fa94-04c1-424b-9868-57a2d4851a1d" />
    <TestEntry testId="d081cb70-5069-1fa2-b65b-e11f6ed53103" executionId="30a90734-75a8-43b6-8e40-cb4ba9e83cf0" testListId="8c84fa94-04c1-424b-9868-57a2d4851a1d" />
    <TestEntry testId="778afe15-3438-7d2c-b20e-d28186da20a8" executionId="08a5a019-9ace-4794-a732-9c0305484222" testListId="8c84fa94-04c1-424b-9868-57a2d4851a1d" />
    <TestEntry testId="6488b4e1-85d5-895b-3547-5a9de2e90989" executionId="a221a36c-8caa-4cf2-9337-1a5a538a8b72" testListId="8c84fa94-04c1-424b-9868-57a2d4851a1d" />
    <TestEntry testId="043bb7e8-5f77-8fba-11c2-dcb34548f3ad" executionId="f200326c-9920-4df0-b92c-209215502dcd" testListId="8c84fa94-04c1-424b-9868-57a2d4851a1d" />
    <TestEntry testId="9fb72f8c-7a32-6c9c-0963-3a48de1ed139" executionId="ce8dd2d2-a725-440c-b2f5-24c1a0a10773" testListId="8c84fa94-04c1-424b-9868-57a2d4851a1d" />
    <TestEntry testId="ce825fef-7327-dae6-f265-c437cad35b91" executionId="8e080f1b-e7d5-472d-8c63-6a1bef41ca54" testListId="8c84fa94-04c1-424b-9868-57a2d4851a1d" />
    <TestEntry testId="67ceb524-c955-8b26-01e7-0953c0bf777b" executionId="c11230b2-dcbc-4af1-b8ea-e36514cee09f" testListId="8c84fa94-04c1-424b-9868-57a2d4851a1d" />
    <TestEntry testId="98f23530-6359-050a-5fdf-f1b9599f467e" executionId="aaab129a-0625-4d3b-968e-6faf71f639ff" testListId="8c84fa94-04c1-424b-9868-57a2d4851a1d" />
    <TestEntry testId="d0a15130-1ca6-b7e5-8f44-4b44d16aba65" executionId="49d59ed4-a477-418c-84c9-942865e84cab" testListId="8c84fa94-04c1-424b-9868-57a2d4851a1d" />
    <TestEntry testId="250170b2-10b9-0c8d-c0eb-dcdd23fa17a6" executionId="a011fe22-6b49-4875-b0be-3aec4c95f7df" testListId="8c84fa94-04c1-424b-9868-57a2d4851a1d" />
    <TestEntry testId="ed94f3af-9678-99cb-da54-ba392e399d95" executionId="9f02d3ba-0dad-4af3-856e-88c5a5519d76" testListId="8c84fa94-04c1-424b-9868-57a2d4851a1d" />
    <TestEntry testId="0280bac4-7b8f-eea6-72bf-5e92818119e6" executionId="4f284cc2-9799-4596-94b9-f9fc99d86f48" testListId="8c84fa94-04c1-424b-9868-57a2d4851a1d" />
    <TestEntry testId="72eaa5e2-14eb-fca3-ca77-51bd104d5653" executionId="873fddf3-ce8f-449f-877e-79a469626b9a" testListId="8c84fa94-04c1-424b-9868-57a2d4851a1d" />
    <TestEntry testId="0701857b-fca9-3491-aece-c5b7427b5ae4" executionId="d3c1422d-c04b-43b2-a7c0-0ecd4ae9d765" testListId="8c84fa94-04c1-424b-9868-57a2d4851a1d" />
    <TestEntry testId="2af4e33f-3ad4-04f2-37df-9ec4b5574236" executionId="8e672666-9018-476f-ad65-9c5f44c4da8e" testListId="8c84fa94-04c1-424b-9868-57a2d4851a1d" />
    <TestEntry testId="93031eb4-0393-34c5-580c-f6097d39ae92" executionId="175dc918-d395-4d71-97ea-6f21fce40a9e" testListId="8c84fa94-04c1-424b-9868-57a2d4851a1d" />
    <TestEntry testId="cc2dff21-ba04-a7ac-99ca-7f01ecfb6b50" executionId="2cc2d6f7-cfb3-4706-a1f2-0bfb8299cfe9" testListId="8c84fa94-04c1-424b-9868-57a2d4851a1d" />
    <TestEntry testId="25ce9d2e-07f3-f533-4f18-3d0cd17d5891" executionId="10e730e5-c327-4b12-b5fd-51541ed3b01e" testListId="8c84fa94-04c1-424b-9868-57a2d4851a1d" />
    <TestEntry testId="b668fb81-8c7e-9806-9e45-6250f49d266d" executionId="c57185d6-605b-415e-9ca1-3ee90a306836" testListId="8c84fa94-04c1-424b-9868-57a2d4851a1d" />
    <TestEntry testId="1fd2b6be-bcbc-4280-f0ae-7029582ffa98" executionId="e55486d2-b9ce-43b0-a2b1-c941ecae38e7" testListId="8c84fa94-04c1-424b-9868-57a2d4851a1d" />
    <TestEntry testId="03f3f165-6eb2-c462-06fa-5224fc9ec9a7" executionId="80d96a2d-ea04-416d-a9d3-c52cd80a92a3" testListId="8c84fa94-04c1-424b-9868-57a2d4851a1d" />
    <TestEntry testId="899500c2-22b6-94c7-b4e0-cd5f70f1e208" executionId="df86ab99-dfb9-4614-8c4a-fa6942734931" testListId="8c84fa94-04c1-424b-9868-57a2d4851a1d" />
    <TestEntry testId="ab329fe8-f796-7ca0-46bf-e9faca7899f8" executionId="0a00c84a-09d8-4aa0-ad94-d0ded2d376a8" testListId="8c84fa94-04c1-424b-9868-57a2d4851a1d" />
    <TestEntry testId="be1dd291-8a0c-ebf5-dd07-b1f3096689d3" executionId="12265178-08de-4c7a-b7b8-52eb929c8865" testListId="8c84fa94-04c1-424b-9868-57a2d4851a1d" />
    <TestEntry testId="6e7edd7b-7615-7152-6d9d-3cc4f9511cf7" executionId="c365b905-0241-4da1-ac7b-3de9bf80a735" testListId="8c84fa94-04c1-424b-9868-57a2d4851a1d" />
    <TestEntry testId="b023713a-a208-cdad-ca76-94793772a2ef" executionId="36746dcd-c1ed-4988-8844-0428a9f100a7" testListId="8c84fa94-04c1-424b-9868-57a2d4851a1d" />
    <TestEntry testId="7a3a0dea-02b1-cc56-4c12-fb536f0999e8" executionId="92cf8c59-dae9-4568-bf5c-70c1351cd14e" testListId="8c84fa94-04c1-424b-9868-57a2d4851a1d" />
    <TestEntry testId="95ca8a16-aa33-d88a-0f3b-3cf47cc95988" executionId="8ed2f1fb-6a1f-43cd-8613-e5b97b379a81" testListId="8c84fa94-04c1-424b-9868-57a2d4851a1d" />
    <TestEntry testId="623d5464-fc7a-1663-b3fc-1cd58eecc58a" executionId="f744d99a-3ffd-44af-aa9f-ea686ca5e34c" testListId="8c84fa94-04c1-424b-9868-57a2d4851a1d" />
    <TestEntry testId="7afbf90e-8d01-683d-8293-6610e6dfee27" executionId="802d41cc-8c7c-4e05-be61-c5bb9ff890f0" testListId="8c84fa94-04c1-424b-9868-57a2d4851a1d" />
    <TestEntry testId="d7b4be10-2260-740b-15c5-ed700c8a8036" executionId="64a4e9ed-03fb-4a15-8628-e1acd3e4d5f2" testListId="8c84fa94-04c1-424b-9868-57a2d4851a1d" />
    <TestEntry testId="33cdaae4-b39f-20fc-ed2e-414f29b7d798" executionId="61b579f9-8ba2-48d3-acf8-9cb2cf0d4056" testListId="8c84fa94-04c1-424b-9868-57a2d4851a1d" />
    <TestEntry testId="f93a0f24-8169-c076-4f65-be629a999d8f" executionId="a1dca232-d0a4-4e5a-9490-bbfa396ab494" testListId="8c84fa94-04c1-424b-9868-57a2d4851a1d" />
    <TestEntry testId="2418a372-3d95-2e9d-df96-8b56e8deb8bd" executionId="ba11ffdf-0b84-44d5-bbf5-ba35ac0fd8ca" testListId="8c84fa94-04c1-424b-9868-57a2d4851a1d" />
    <TestEntry testId="5ea9479e-d7e7-7392-899e-45335ff069e7" executionId="ae3807d1-110f-47b4-af92-00d006186c8c" testListId="8c84fa94-04c1-424b-9868-57a2d4851a1d" />
    <TestEntry testId="6a7cb602-bcd8-3c34-2ccf-a231cac327f3" executionId="658c0179-975f-47f7-9624-1e73c5699b74" testListId="8c84fa94-04c1-424b-9868-57a2d4851a1d" />
    <TestEntry testId="ee875fc9-e910-2cdc-d141-1721c9e62eb7" executionId="a335eab8-8ab0-497a-833f-b438906278da" testListId="8c84fa94-04c1-424b-9868-57a2d4851a1d" />
    <TestEntry testId="672e50ca-962b-dcfe-6802-6213b7d68a79" executionId="c96f8f5b-aba3-4a20-bf9a-78ce651d345e" testListId="8c84fa94-04c1-424b-9868-57a2d4851a1d" />
    <TestEntry testId="91195293-ab8a-281f-05fd-7e561f26c70e" executionId="bd1f5469-e6d7-4c41-a761-ab47f8168969" testListId="8c84fa94-04c1-424b-9868-57a2d4851a1d" />
    <TestEntry testId="c9ff0112-047d-3721-6fca-037dbe133a6e" executionId="c63dbd31-453c-4708-94b1-85d51a151cf9" testListId="8c84fa94-04c1-424b-9868-57a2d4851a1d" />
    <TestEntry testId="c1700cc0-d9ff-860f-9ee2-4bddd688914a" executionId="2a4c0ea8-da61-4495-8023-38117778cfce" testListId="8c84fa94-04c1-424b-9868-57a2d4851a1d" />
    <TestEntry testId="845e5fbe-92b7-e46f-a315-3d08b137ca3c" executionId="172ddf62-219e-4b9c-b28a-2637d0f583d2" testListId="8c84fa94-04c1-424b-9868-57a2d4851a1d" />
    <TestEntry testId="2c31726a-4faa-5736-d168-0f50b1e86978" executionId="39c62009-628b-44ec-9a59-e8808af20849" testListId="8c84fa94-04c1-424b-9868-57a2d4851a1d" />
    <TestEntry testId="c25dab52-b84d-fe76-307f-8007fa791e96" executionId="797cb265-8499-4eb7-b233-4b8fc7e08f1e" testListId="8c84fa94-04c1-424b-9868-57a2d4851a1d" />
    <TestEntry testId="6e5746df-a7d7-6d61-bc75-42a7a684ac36" executionId="692fffc5-2852-4bb2-8a5f-0216290a23a3" testListId="8c84fa94-04c1-424b-9868-57a2d4851a1d" />
    <TestEntry testId="111b0480-95b0-23ba-c017-41ef618587ea" executionId="8a9469db-d63f-431e-9976-9599d3405950" testListId="8c84fa94-04c1-424b-9868-57a2d4851a1d" />
    <TestEntry testId="af217cab-9ac4-fdc0-c5f2-ef1cf1168149" executionId="4981c2ca-f7b5-49d4-8d34-8e97e8d1b9cf" testListId="8c84fa94-04c1-424b-9868-57a2d4851a1d" />
    <TestEntry testId="da0e23da-ffd3-b19d-ab37-35c036e31e36" executionId="0c5c4be8-c9b1-4e4a-ae9e-2635bd3175a2" testListId="8c84fa94-04c1-424b-9868-57a2d4851a1d" />
    <TestEntry testId="8daa1b42-c536-0259-930d-8df6d9225251" executionId="4e14d1b8-ce80-419c-b975-09b43d1cef29" testListId="8c84fa94-04c1-424b-9868-57a2d4851a1d" />
    <TestEntry testId="3eeebd0f-6c17-a08d-96dc-03c2f5058b44" executionId="1fbf9eed-8e5d-4df7-a980-e5b6ddfc79a7" testListId="8c84fa94-04c1-424b-9868-57a2d4851a1d" />
    <TestEntry testId="1e6f1496-dce0-5308-df54-31492319a026" executionId="3bbaf95f-d0cf-4b51-a187-05f26b6a14fd" testListId="8c84fa94-04c1-424b-9868-57a2d4851a1d" />
    <TestEntry testId="9e5d9a4d-c350-a94a-1194-aed8cbf67a80" executionId="5a3ddfbd-8699-4275-8e1d-d54693d4dc1e" testListId="8c84fa94-04c1-424b-9868-57a2d4851a1d" />
    <TestEntry testId="ab3cae72-2ddf-ddc9-36d0-becb615bd702" executionId="680e2c30-623e-4b37-83e9-e92b8d4ceceb" testListId="8c84fa94-04c1-424b-9868-57a2d4851a1d" />
    <TestEntry testId="f615a366-8b0a-715d-d5ab-613020d166d9" executionId="26685864-77b6-4110-bd25-ba3f02b381a5" testListId="8c84fa94-04c1-424b-9868-57a2d4851a1d" />
    <TestEntry testId="5b4a64c0-5613-127b-50cc-55be5f9c3fed" executionId="8f2ac346-f146-4803-84ca-aa153b057b99" testListId="8c84fa94-04c1-424b-9868-57a2d4851a1d" />
    <TestEntry testId="70904c01-783a-cf27-535e-fd5a6738edd4" executionId="78f7526a-4718-4506-b1ce-0c74ec6b6cc0" testListId="8c84fa94-04c1-424b-9868-57a2d4851a1d" />
    <TestEntry testId="f85f0413-7b9a-3dc4-3a08-bf3160fa78b9" executionId="d05d2840-aa56-4ad4-98e3-efdb776d56a3" testListId="8c84fa94-04c1-424b-9868-57a2d4851a1d" />
    <TestEntry testId="3b70b7a4-364d-c121-c73b-ded2f96e8718" executionId="d3f2d050-2881-4bbb-b523-ea24472a1814" testListId="8c84fa94-04c1-424b-9868-57a2d4851a1d" />
    <TestEntry testId="b786416e-7d48-adbf-e477-6b331c5b8dce" executionId="1171f4ba-c291-473d-b60e-4e9f38d086c9" testListId="8c84fa94-04c1-424b-9868-57a2d4851a1d" />
    <TestEntry testId="bbf1a571-0e55-45a8-1f93-f58c2db0dbae" executionId="b5eefc0e-304c-47c1-9169-7b145b72b363" testListId="8c84fa94-04c1-424b-9868-57a2d4851a1d" />
    <TestEntry testId="1d2192d4-d15d-69d2-7e4c-7b28b433796d" executionId="1b978101-36b2-4aeb-8605-13f833b84247" testListId="8c84fa94-04c1-424b-9868-57a2d4851a1d" />
    <TestEntry testId="62d574af-05b1-57dc-4752-4bbc2d1e3b8d" executionId="3ef1132d-ecfa-4ace-a5c8-8f8b1490e4ba" testListId="8c84fa94-04c1-424b-9868-57a2d4851a1d" />
    <TestEntry testId="4a962b51-b5ad-c9d4-5685-525bd4e41b90" executionId="32273959-9e58-488a-9328-5125184da160" testListId="8c84fa94-04c1-424b-9868-57a2d4851a1d" />
    <TestEntry testId="7013a8cd-cd7b-db72-4c24-b5d43140d3c5" executionId="d69861b8-100d-4c42-9e45-659652b82daf" testListId="8c84fa94-04c1-424b-9868-57a2d4851a1d" />
    <TestEntry testId="e540e23a-9086-c95a-fecf-e7701392786b" executionId="9d7960cc-4040-4378-b790-3c4efb983457" testListId="8c84fa94-04c1-424b-9868-57a2d4851a1d" />
    <TestEntry testId="84a6ed3b-9aa1-9227-d98e-a331ef3fb88e" executionId="01200a2a-749d-4b9c-affc-8e06e9561945" testListId="8c84fa94-04c1-424b-9868-57a2d4851a1d" />
    <TestEntry testId="bad3960a-f0bc-6413-1aed-72f207099ded" executionId="63e28147-ba73-4a8f-8356-f03e75cefdcf" testListId="8c84fa94-04c1-424b-9868-57a2d4851a1d" />
    <TestEntry testId="3d5f43c0-9395-c386-9c63-2dfdffc8ca2e" executionId="2c9d6c99-2e9d-43f9-90c9-dc9823802ee3" testListId="8c84fa94-04c1-424b-9868-57a2d4851a1d" />
    <TestEntry testId="78bd5421-694f-1155-dee5-f3584d330adf" executionId="a172dfb4-d382-41fb-b7e1-d6b3982dbf97" testListId="8c84fa94-04c1-424b-9868-57a2d4851a1d" />
    <TestEntry testId="cfb35121-9e90-19ab-8b56-e907e592381e" executionId="4f7aae87-f8fd-49f5-8089-32c756aaf9c3" testListId="8c84fa94-04c1-424b-9868-57a2d4851a1d" />
    <TestEntry testId="7e8f69c1-55be-9077-4450-bb0da14ab5e8" executionId="dc25f6d9-b406-4268-8029-9914c4561d3f" testListId="8c84fa94-04c1-424b-9868-57a2d4851a1d" />
    <TestEntry testId="548d3157-fa5e-4025-ee08-7c82a34be892" executionId="14beddc3-f109-40ca-9b09-da81c97e5df4" testListId="8c84fa94-04c1-424b-9868-57a2d4851a1d" />
    <TestEntry testId="777ff963-3277-f319-2838-bef13d2153a1" executionId="2571bf60-6c60-4fc4-ab82-4706f2c5b761" testListId="8c84fa94-04c1-424b-9868-57a2d4851a1d" />
    <TestEntry testId="d07ef90d-5b74-2045-9ed5-456e0bc6bd37" executionId="81b20688-6102-4510-b0ef-318c98b97354" testListId="8c84fa94-04c1-424b-9868-57a2d4851a1d" />
    <TestEntry testId="deba99b4-cdac-fb23-19ce-dce20b5d74c9" executionId="33007338-74d4-43cb-b0a6-f2dcde7a26b1" testListId="8c84fa94-04c1-424b-9868-57a2d4851a1d" />
    <TestEntry testId="e95dd875-7599-5e7e-b707-528a616cf3e4" executionId="0b21ec18-fe34-4cde-96bd-541f36f90c86" testListId="8c84fa94-04c1-424b-9868-57a2d4851a1d" />
    <TestEntry testId="81e2928b-d8a3-fc74-f97a-2c34a5d92bf3" executionId="b3441ea7-4398-4cd9-b5aa-0ee862510cef" testListId="8c84fa94-04c1-424b-9868-57a2d4851a1d" />
    <TestEntry testId="30ebb3a1-f6a2-0d2e-66f3-0fcd2f319718" executionId="07f97408-7236-4082-9a68-028109fe09b3" testListId="8c84fa94-04c1-424b-9868-57a2d4851a1d" />
    <TestEntry testId="39f714b7-16f9-3450-b34f-9ea4ea4fe42b" executionId="b223ebac-1cbf-45d8-840a-a9d4e0da219c" testListId="8c84fa94-04c1-424b-9868-57a2d4851a1d" />
    <TestEntry testId="998494cc-a3bd-af9d-027c-c56c7e84515d" executionId="cafb8767-7cfd-46fd-aa41-70cf0c0863e6" testListId="8c84fa94-04c1-424b-9868-57a2d4851a1d" />
    <TestEntry testId="f68580ba-39fa-d150-ae97-d03c8d62e8d8" executionId="6c0340ed-2a72-4d1d-82ee-a133bd5b1a7f" testListId="8c84fa94-04c1-424b-9868-57a2d4851a1d" />
    <TestEntry testId="d2786c03-a5df-3be9-c79c-b2954f993da4" executionId="110033bc-eaa8-4399-b123-ab9bc8cf9439" testListId="8c84fa94-04c1-424b-9868-57a2d4851a1d" />
    <TestEntry testId="a6a02ab7-42ed-4631-7ecb-7e2cdab16bb2" executionId="907fa9f7-b7d3-412f-aa54-e899a87ecc9f" testListId="8c84fa94-04c1-424b-9868-57a2d4851a1d" />
    <TestEntry testId="084f32ac-20d9-3298-d35a-3e4233f1f96b" executionId="25790a70-ca34-48c3-85b8-5cdc94101ce3" testListId="8c84fa94-04c1-424b-9868-57a2d4851a1d" />
    <TestEntry testId="1b004e8f-24b5-c979-ccb9-ab7121f6f236" executionId="c317c836-53e5-4d7e-a26b-25a47a557b64" testListId="8c84fa94-04c1-424b-9868-57a2d4851a1d" />
    <TestEntry testId="e4485a7b-7692-9572-08b5-73744887a6e6" executionId="980aaa34-a7af-45ae-bf10-1ff5edd40795" testListId="8c84fa94-04c1-424b-9868-57a2d4851a1d" />
    <TestEntry testId="482f2162-f630-84b1-16ff-f7d9e0c47833" executionId="f9ad9f55-521c-4651-9917-aee5c4fa66ba" testListId="8c84fa94-04c1-424b-9868-57a2d4851a1d" />
    <TestEntry testId="0d07bc10-acea-4edd-972d-21155302c1bb" executionId="1d114455-06cf-4d32-a4fd-4a94cb40bd78" testListId="8c84fa94-04c1-424b-9868-57a2d4851a1d" />
    <TestEntry testId="e034f180-6179-db89-a0d9-ee482132bcaf" executionId="403471ae-5e4e-4aa3-8b8b-6ccdbc57b219" testListId="8c84fa94-04c1-424b-9868-57a2d4851a1d" />
    <TestEntry testId="a211a97a-d25d-ebb4-1503-0b4189d0cff0" executionId="b83323a5-f35c-4ca7-92b4-7b88613f7156" testListId="8c84fa94-04c1-424b-9868-57a2d4851a1d" />
    <TestEntry testId="abccf166-3a64-1c0d-ff8f-b1706f07f3cf" executionId="de76742b-bb01-4505-ae8a-723654d254cc" testListId="8c84fa94-04c1-424b-9868-57a2d4851a1d" />
    <TestEntry testId="095c6d2b-df92-4f2a-cb3c-ba4350787eb1" executionId="f05a028b-229b-4117-9026-df633936dbc9" testListId="8c84fa94-04c1-424b-9868-57a2d4851a1d" />
    <TestEntry testId="aaafca5d-f4ef-4e22-3afb-bb9480d7c916" executionId="b7e8e8a6-2c8a-4e50-b654-0f6323a15d5d" testListId="8c84fa94-04c1-424b-9868-57a2d4851a1d" />
    <TestEntry testId="04c25643-376b-7a28-b586-b53145f3b62e" executionId="bd2d9b26-7127-41ed-a85e-2ce150bf0f7b" testListId="8c84fa94-04c1-424b-9868-57a2d4851a1d" />
    <TestEntry testId="b1eb2d95-e380-1f2c-cbad-d734829ebaa6" executionId="aa097e3f-7353-4c1a-9164-fdb8356bfc24" testListId="8c84fa94-04c1-424b-9868-57a2d4851a1d" />
    <TestEntry testId="1958c285-da47-c12c-39c3-acb379a81240" executionId="22d3c154-80ad-4a4f-9774-ba249157345a" testListId="8c84fa94-04c1-424b-9868-57a2d4851a1d" />
    <TestEntry testId="e25dfe72-e1cf-054a-a7c4-9df774032db7" executionId="200aa91e-ced4-4dd9-bbf7-44a8dcc42286" testListId="8c84fa94-04c1-424b-9868-57a2d4851a1d" />
    <TestEntry testId="48d56e3f-ad3b-be4d-0cbc-efeb7cbda6a1" executionId="6bcf92ee-6306-4687-b9b2-69bbc4d8aae6" testListId="8c84fa94-04c1-424b-9868-57a2d4851a1d" />
    <TestEntry testId="ed24a0ae-0c10-dd44-6e9d-7b367e82eda5" executionId="c528f117-b48f-4f56-ae34-5c7ccd8ca2c1" testListId="8c84fa94-04c1-424b-9868-57a2d4851a1d" />
    <TestEntry testId="b8026746-1698-2927-a5ef-40dfdc79616a" executionId="51817696-35ba-4344-9bc6-475493c19414" testListId="8c84fa94-04c1-424b-9868-57a2d4851a1d" />
    <TestEntry testId="59908a85-7166-7469-7788-dbc94daa0091" executionId="f61404d8-71f6-4152-9adc-913088081114" testListId="8c84fa94-04c1-424b-9868-57a2d4851a1d" />
    <TestEntry testId="656f95db-014c-5ee9-06b7-7ba025853223" executionId="3830f0ad-2843-4bc1-86cc-ac0c66b0a5bc" testListId="8c84fa94-04c1-424b-9868-57a2d4851a1d" />
    <TestEntry testId="95dc2360-262f-0a68-74cf-07361d11ffb3" executionId="3629bf4c-5007-4a01-b219-7e39a85b21dd" testListId="8c84fa94-04c1-424b-9868-57a2d4851a1d" />
    <TestEntry testId="2642ffa3-58ea-8fa0-4a47-e34aa27d1791" executionId="0e914fda-800d-4f9c-8302-af39cdda2064" testListId="8c84fa94-04c1-424b-9868-57a2d4851a1d" />
    <TestEntry testId="e723873f-ed52-5989-552e-87e4aa20036a" executionId="c7679304-1e9c-4570-944a-7fbdde08d544" testListId="8c84fa94-04c1-424b-9868-57a2d4851a1d" />
    <TestEntry testId="893bae7d-2ecb-147a-4249-142a59be651b" executionId="179ea545-312c-404b-84cc-854d6bce947c" testListId="8c84fa94-04c1-424b-9868-57a2d4851a1d" />
    <TestEntry testId="cb9fd1fb-8ab1-0f9d-22d4-5063f280bf96" executionId="b2d25086-c649-45ed-a323-56f924d49c13" testListId="8c84fa94-04c1-424b-9868-57a2d4851a1d" />
    <TestEntry testId="5bb69163-8c75-e295-34ab-b5c8205de7b3" executionId="1a77dded-07e1-4e39-8ec0-bf03861b3596" testListId="8c84fa94-04c1-424b-9868-57a2d4851a1d" />
    <TestEntry testId="96614fe9-4e7b-8f5d-57fe-1fbd10350bae" executionId="dd68c48b-a7cc-42d6-a061-48ef7a631de6" testListId="8c84fa94-04c1-424b-9868-57a2d4851a1d" />
    <TestEntry testId="1ed2ed82-9584-aaae-b2e1-8e1cc7abef56" executionId="78834214-4124-46ae-b7c2-ae7d90a319b7" testListId="8c84fa94-04c1-424b-9868-57a2d4851a1d" />
    <TestEntry testId="c8928bd0-50a2-9d4e-412a-4945259d8ebb" executionId="19c16892-ef59-47bc-bff4-553ad92979b0" testListId="8c84fa94-04c1-424b-9868-57a2d4851a1d" />
    <TestEntry testId="e2ee6963-65a5-363e-7d56-a973ec371926" executionId="051a5b7e-eb47-467c-ae69-a68096c805ea" testListId="8c84fa94-04c1-424b-9868-57a2d4851a1d" />
    <TestEntry testId="bf44b2b4-8310-5a30-3472-845b81c14e93" executionId="67344979-4512-4ef4-9f9f-728cd338c204" testListId="8c84fa94-04c1-424b-9868-57a2d4851a1d" />
    <TestEntry testId="c7c1c2fa-07c7-0f3b-19b5-5eef26b00099" executionId="5543d4da-3f78-410b-bcb9-295b8bd5dd90" testListId="8c84fa94-04c1-424b-9868-57a2d4851a1d" />
    <TestEntry testId="a96676a6-3e98-b905-8bd8-781a670d781b" executionId="4616a4f4-9ace-4b44-8509-b3ffd139a9b6" testListId="8c84fa94-04c1-424b-9868-57a2d4851a1d" />
    <TestEntry testId="af9c99ee-b8a6-0e24-b2bf-4eac5291d249" executionId="1c4ceaf9-57b1-41cf-8955-f5048ad203a0" testListId="8c84fa94-04c1-424b-9868-57a2d4851a1d" />
    <TestEntry testId="3b44561b-0ad1-5468-2908-3864d1c7aedc" executionId="ca20938e-6e52-4c6d-a970-ea6a838e3ea6" testListId="8c84fa94-04c1-424b-9868-57a2d4851a1d" />
    <TestEntry testId="4a9399b4-44e7-cc5f-cd99-c31d91a518b3" executionId="9d5d2ba6-a680-486b-8bf0-7f0e5d843f6b" testListId="8c84fa94-04c1-424b-9868-57a2d4851a1d" />
    <TestEntry testId="e2742b16-20b9-c148-0a15-b011a5020615" executionId="912e4bf3-c677-45d1-a6c3-7f09deee955e" testListId="8c84fa94-04c1-424b-9868-57a2d4851a1d" />
    <TestEntry testId="32d260cd-d3ba-7dc8-bbda-4a59e566f96f" executionId="73bf3f75-ff02-4099-aa92-07c19a76aea0" testListId="8c84fa94-04c1-424b-9868-57a2d4851a1d" />
    <TestEntry testId="f63b110a-a15d-825d-14f9-2151d2f1e07f" executionId="575361ad-97b0-4434-866a-463a70271def" testListId="8c84fa94-04c1-424b-9868-57a2d4851a1d" />
    <TestEntry testId="3bd90d8d-3840-8444-9982-0a5a71948575" executionId="53512fbb-95c0-4e8c-8f49-5d918b1f9dfc" testListId="8c84fa94-04c1-424b-9868-57a2d4851a1d" />
    <TestEntry testId="e57cf4c2-4e25-5fbe-8127-a1aed3da19ed" executionId="531828bd-e4c8-46ba-b21a-de613dc6b29c" testListId="8c84fa94-04c1-424b-9868-57a2d4851a1d" />
    <TestEntry testId="f05beade-84ad-3739-4096-007a49eee211" executionId="6511625d-7375-4a3a-9a42-2a110d8655b8" testListId="8c84fa94-04c1-424b-9868-57a2d4851a1d" />
    <TestEntry testId="48832875-ad63-f03d-36a5-b28de21d0017" executionId="15cdeb8c-dab1-479c-ba65-56b1a1eb2c27" testListId="8c84fa94-04c1-424b-9868-57a2d4851a1d" />
    <TestEntry testId="6a8f0602-664e-bdf0-f0a2-3e7f9b76b3d9" executionId="6f76ce31-4b9d-4441-8307-4431fcebe04a" testListId="8c84fa94-04c1-424b-9868-57a2d4851a1d" />
    <TestEntry testId="e1c9128c-3d5a-a381-cb03-be847059c4f0" executionId="a3a44c1f-56fc-4335-b4ae-3d3671ebeed5" testListId="8c84fa94-04c1-424b-9868-57a2d4851a1d" />
    <TestEntry testId="9c486dc7-5089-b52d-43af-f1224bc53e63" executionId="6660978a-f270-487c-bdce-8def4549f84f" testListId="8c84fa94-04c1-424b-9868-57a2d4851a1d" />
    <TestEntry testId="a03feeed-1bbf-cf6a-a8a9-3a2d71ce8049" executionId="803b1b67-641f-474e-892e-354ea28b4d8f" testListId="8c84fa94-04c1-424b-9868-57a2d4851a1d" />
    <TestEntry testId="f33a9716-9d3a-4753-b785-f9dda7da4e80" executionId="436949e4-b0ae-472c-a72f-a1105e33d690" testListId="8c84fa94-04c1-424b-9868-57a2d4851a1d" />
    <TestEntry testId="488a10c7-6e93-71e1-532e-0f788019feb9" executionId="cf8caea3-0273-4ce4-8ce3-1a09f82ba4c1" testListId="8c84fa94-04c1-424b-9868-57a2d4851a1d" />
    <TestEntry testId="5a7ff7ff-6e2d-de39-c565-1246305502ff" executionId="60020e8d-7605-43e9-8f44-92aef8a152c5" testListId="8c84fa94-04c1-424b-9868-57a2d4851a1d" />
    <TestEntry testId="db1cf4cf-9e8e-00a9-a41f-122fcf4b358a" executionId="e32823a6-c260-4c48-b029-22cca9c43980" testListId="8c84fa94-04c1-424b-9868-57a2d4851a1d" />
    <TestEntry testId="f5f45b6b-f37b-9416-64de-dbe95a83e2b6" executionId="d14490d3-eaf9-4fdd-a6b5-4fdc888460ec" testListId="8c84fa94-04c1-424b-9868-57a2d4851a1d" />
    <TestEntry testId="b8289cb1-7e5f-64cb-d1b0-4dd9582e9145" executionId="17d09fc6-fd6d-4351-9cf1-433a22b9f19f" testListId="8c84fa94-04c1-424b-9868-57a2d4851a1d" />
    <TestEntry testId="8dce2ebc-b84c-4e62-a5a6-b13a1fdb4d31" executionId="0af4b02f-537e-414f-a357-aaabe767ef75" testListId="8c84fa94-04c1-424b-9868-57a2d4851a1d" />
    <TestEntry testId="9eeb3fb8-351d-99ec-72a2-514b9bbcc9ea" executionId="355efb65-f822-47a5-a294-c986a13019e0" testListId="8c84fa94-04c1-424b-9868-57a2d4851a1d" />
    <TestEntry testId="33667771-9d3c-f7ed-4cf3-0f7629b39f0c" executionId="39544b7f-12c4-40c6-8a0c-b1956b412209" testListId="8c84fa94-04c1-424b-9868-57a2d4851a1d" />
    <TestEntry testId="fa0411a1-2370-819b-055c-83a992a25bc8" executionId="d4797a65-eee7-4f27-a16a-e33882bc6b5e" testListId="8c84fa94-04c1-424b-9868-57a2d4851a1d" />
    <TestEntry testId="1788269b-ca02-6525-029b-cb119237421f" executionId="9e6c8e0b-2692-46f3-8052-6d53419be1c2" testListId="8c84fa94-04c1-424b-9868-57a2d4851a1d" />
    <TestEntry testId="3f506093-d5c7-05a3-3eba-db8d8da94f2d" executionId="67bad696-9602-451b-a8b3-c9d6eca3afdc" testListId="8c84fa94-04c1-424b-9868-57a2d4851a1d" />
    <TestEntry testId="620e6004-2687-d40d-56fa-33016c3a2edf" executionId="663a4a41-3e00-450c-9ac7-dcd897c234d3" testListId="8c84fa94-04c1-424b-9868-57a2d4851a1d" />
    <TestEntry testId="88d0aee6-a99d-fba2-74ff-00a248d9947a" executionId="ba59d2ad-e8ea-4885-9cde-3bb655445df0" testListId="8c84fa94-04c1-424b-9868-57a2d4851a1d" />
    <TestEntry testId="cfcb2bbb-ebc1-fd20-fbb7-664d5ef066e3" executionId="82686633-3d22-4883-b7d0-66b2dbe51f24" testListId="8c84fa94-04c1-424b-9868-57a2d4851a1d" />
    <TestEntry testId="65a8332d-4352-8dbc-8434-d77dc0a1f9da" executionId="44269b8b-2bb8-4b83-ac21-976d720a2e3c" testListId="8c84fa94-04c1-424b-9868-57a2d4851a1d" />
    <TestEntry testId="fbfea2c3-4942-2b1b-7392-35cb54fb0985" executionId="d52754d2-0df3-43a0-b50d-bb10d41e4838" testListId="8c84fa94-04c1-424b-9868-57a2d4851a1d" />
    <TestEntry testId="a0c28440-3fc9-873a-2f7d-9443bb37c937" executionId="279bf5ca-535b-43e4-81f9-b9247652a467" testListId="8c84fa94-04c1-424b-9868-57a2d4851a1d" />
    <TestEntry testId="515deef3-25ea-3efc-5653-a41e47e92c2b" executionId="56373fba-73ac-4e45-a83e-e9d710a635e2" testListId="8c84fa94-04c1-424b-9868-57a2d4851a1d" />
    <TestEntry testId="c00ddb48-ce5a-3261-6ffe-29ad17eb5019" executionId="698ba93d-ac4c-4f04-8320-f923303e0c10" testListId="8c84fa94-04c1-424b-9868-57a2d4851a1d" />
    <TestEntry testId="2e10328f-e53a-3f72-c895-1355a1a8e2b1" executionId="1b6857a8-a620-4026-8935-20c5a54d367b" testListId="8c84fa94-04c1-424b-9868-57a2d4851a1d" />
    <TestEntry testId="db5bc05e-7d03-39dc-7c3d-a33059c48f9f" executionId="78914796-61ae-4a73-b70d-0b6542afde71" testListId="8c84fa94-04c1-424b-9868-57a2d4851a1d" />
    <TestEntry testId="6de6dc72-f8d9-f1ba-36aa-0628b8fb9b24" executionId="7ff70cd2-2217-4bfc-8fca-1cb5adc4b440" testListId="8c84fa94-04c1-424b-9868-57a2d4851a1d" />
    <TestEntry testId="48fc638a-cb7d-f4dd-6988-d0f7494f227e" executionId="dd424ef9-bc07-4d85-9412-483dabf168f5" testListId="8c84fa94-04c1-424b-9868-57a2d4851a1d" />
    <TestEntry testId="47d121ac-c3a0-9cb6-c260-31a7d126c875" executionId="2c8ff594-6466-47e4-8246-778f76e84c58" testListId="8c84fa94-04c1-424b-9868-57a2d4851a1d" />
    <TestEntry testId="10e89367-57d1-f44b-6ffe-7af21cc99a9a" executionId="59f36b5a-3b7b-4364-b614-ef74d1419d15" testListId="8c84fa94-04c1-424b-9868-57a2d4851a1d" />
    <TestEntry testId="1560d87c-9504-582e-42c3-2a759a5254c0" executionId="2de78502-00a2-4600-baf2-f051c47fa35e" testListId="8c84fa94-04c1-424b-9868-57a2d4851a1d" />
    <TestEntry testId="5c2d44a1-b725-d1c0-30f0-c2e5bcd42c10" executionId="077e92ba-6a31-4796-a274-312854effabe" testListId="8c84fa94-04c1-424b-9868-57a2d4851a1d" />
    <TestEntry testId="db6fcf61-1043-5a01-715f-bc3b67842046" executionId="977e2ea1-3f39-4c1d-b4b7-d2647c57e3ae" testListId="8c84fa94-04c1-424b-9868-57a2d4851a1d" />
    <TestEntry testId="728d1115-151c-0e88-82f7-4da6a4daa585" executionId="4f8056bb-174a-4c87-9e48-4702f48b36d1" testListId="8c84fa94-04c1-424b-9868-57a2d4851a1d" />
    <TestEntry testId="aa8996b1-a7b7-7e28-df68-26caba5ea254" executionId="0d6f6e46-905c-4d52-9bfd-8e984a86da5b" testListId="8c84fa94-04c1-424b-9868-57a2d4851a1d" />
    <TestEntry testId="bf36e020-7ed3-92fa-2bf5-c3f310b7a5c0" executionId="a1dc6785-f8f8-45e2-897e-1f2c3fb605d0" testListId="8c84fa94-04c1-424b-9868-57a2d4851a1d" />
    <TestEntry testId="c8961c6a-00ce-7a22-15c3-44f07a639f36" executionId="00d013cd-c758-4d89-b6ae-e5a5ac20a73c" testListId="8c84fa94-04c1-424b-9868-57a2d4851a1d" />
    <TestEntry testId="ed423946-5bf0-6e1c-0d7d-d408379e500a" executionId="fef5a6aa-8fb2-4da1-8318-2f620114c5a9" testListId="8c84fa94-04c1-424b-9868-57a2d4851a1d" />
    <TestEntry testId="bd1facd4-1792-cbdd-3a7e-8d456afdb128" executionId="c6a9c975-fb25-4bd2-b7a4-9705a5b10ad2" testListId="8c84fa94-04c1-424b-9868-57a2d4851a1d" />
    <TestEntry testId="abf180fc-abea-5708-37d0-63d9ab1f1203" executionId="7ccdfcf7-7367-4931-885d-b7e1d77042bb" testListId="8c84fa94-04c1-424b-9868-57a2d4851a1d" />
    <TestEntry testId="e13f6ea5-95e8-7429-84b4-a5809f76cb83" executionId="d066c793-bb6a-497c-9598-932bc55feeff" testListId="8c84fa94-04c1-424b-9868-57a2d4851a1d" />
    <TestEntry testId="cec85ed6-94b7-0884-130d-7d383606a34c" executionId="bfdc1b92-e34a-41bf-bc71-8586db305c61" testListId="8c84fa94-04c1-424b-9868-57a2d4851a1d" />
    <TestEntry testId="2ef8916d-a194-5e24-5900-54c8ab00f21b" executionId="060975da-3811-4894-8de7-c10d78850362" testListId="8c84fa94-04c1-424b-9868-57a2d4851a1d" />
    <TestEntry testId="63645b06-581c-fe94-5b64-37fa576bf61c" executionId="57d9e51c-9d3d-476e-8350-60aa52756e1b" testListId="8c84fa94-04c1-424b-9868-57a2d4851a1d" />
    <TestEntry testId="432295c4-db14-ec63-5c4b-be5afae4cb52" executionId="0c9ac56b-21bd-4a75-b0fb-65dc95df4bf5" testListId="8c84fa94-04c1-424b-9868-57a2d4851a1d" />
    <TestEntry testId="67779330-877d-efe4-d891-ea80d17ea9f2" executionId="75ee363c-d90c-48b3-ace1-f63d50b938e7" testListId="8c84fa94-04c1-424b-9868-57a2d4851a1d" />
    <TestEntry testId="4727b088-cd7e-6c13-545b-5272921d2e81" executionId="119e0b89-31e1-46ed-a790-fab64f651b0a" testListId="8c84fa94-04c1-424b-9868-57a2d4851a1d" />
    <TestEntry testId="259a4717-3e9b-83f2-ff12-abf76f9e34aa" executionId="a5505dd6-9d40-4b0a-a4c8-e210ee03f654" testListId="8c84fa94-04c1-424b-9868-57a2d4851a1d" />
    <TestEntry testId="b5f7e19e-b7d3-0e84-e35f-5457bc7ff58c" executionId="f946c261-8b7b-4fe7-9247-eb816c2f673c" testListId="8c84fa94-04c1-424b-9868-57a2d4851a1d" />
    <TestEntry testId="7170d4d4-1352-0b81-d734-949ca2b0a26a" executionId="68a7d082-7440-4698-8416-bc01f76ae0bd" testListId="8c84fa94-04c1-424b-9868-57a2d4851a1d" />
    <TestEntry testId="4c2a3e3a-4e91-afcb-3da6-8ae1412bc169" executionId="8765cfc4-d1b5-4447-9c31-ca908a584146" testListId="8c84fa94-04c1-424b-9868-57a2d4851a1d" />
    <TestEntry testId="a19eee94-e1b1-61eb-a25b-0ec29c47edb0" executionId="27ea2f5f-f27c-4f23-a89a-3e0d36ef0f89" testListId="8c84fa94-04c1-424b-9868-57a2d4851a1d" />
    <TestEntry testId="1401f769-da16-93bd-e404-03abaa246295" executionId="fd0920ca-d6b3-4b8a-adda-474238f00820" testListId="8c84fa94-04c1-424b-9868-57a2d4851a1d" />
    <TestEntry testId="fa5b705f-74f1-eb9b-e48e-98b073d14fd2" executionId="7abac7af-3b89-4a0a-8a32-fa2d1882d5c7" testListId="8c84fa94-04c1-424b-9868-57a2d4851a1d" />
    <TestEntry testId="d3da5022-8e4b-8d31-c15b-792642a32026" executionId="667cb7df-d5af-434b-99e6-4e03ae6caded" testListId="8c84fa94-04c1-424b-9868-57a2d4851a1d" />
    <TestEntry testId="f47618c5-722e-6e57-bc97-ac13a004d957" executionId="d276f11e-fef8-4505-8534-cc6ebfee2d7f" testListId="8c84fa94-04c1-424b-9868-57a2d4851a1d" />
    <TestEntry testId="40ceb1f5-b7ad-2efb-b2d4-1dd0881abec3" executionId="b7265846-1c1f-49c9-baa0-a19d64c21a59" testListId="8c84fa94-04c1-424b-9868-57a2d4851a1d" />
    <TestEntry testId="e3f69282-c150-c471-27ff-f7baf0f46eec" executionId="0727332a-8851-4391-8477-137ae7784e6c" testListId="8c84fa94-04c1-424b-9868-57a2d4851a1d" />
    <TestEntry testId="543d6f50-9e83-2086-ac17-bf4b4b11b747" executionId="435ec761-5eaa-475f-a4b0-bd18294b9130" testListId="8c84fa94-04c1-424b-9868-57a2d4851a1d" />
    <TestEntry testId="4a5519f4-b843-6361-4132-1b8fe7307213" executionId="1cace066-911e-4b2d-8e9f-3fa7392658a8" testListId="8c84fa94-04c1-424b-9868-57a2d4851a1d" />
    <TestEntry testId="cdc99126-a89a-18ac-a220-6afcaf5ed324" executionId="c0616bdb-c9e5-40c5-a2db-78b1d6e2bfa0" testListId="8c84fa94-04c1-424b-9868-57a2d4851a1d" />
    <TestEntry testId="def9d54b-92fa-33f4-14ab-9ec05765d89f" executionId="9b1415b0-b78b-41f9-b08f-9b6b0f2a07e3" testListId="8c84fa94-04c1-424b-9868-57a2d4851a1d" />
    <TestEntry testId="ccc8201a-cb2f-dd61-e37c-f0be3ae17276" executionId="55cf7510-ca8f-4d65-8ef1-a589fd873c35" testListId="8c84fa94-04c1-424b-9868-57a2d4851a1d" />
    <TestEntry testId="11e78819-fe5c-ec19-1720-48ee202cc5c0" executionId="284adf7b-88fb-4252-a1f9-6d1a8aebadc2" testListId="8c84fa94-04c1-424b-9868-57a2d4851a1d" />
    <TestEntry testId="31121f38-47e5-338b-c330-5f8a9fb87bdf" executionId="f4c0773f-90b3-457e-b776-f2ed034cb5b6" testListId="8c84fa94-04c1-424b-9868-57a2d4851a1d" />
    <TestEntry testId="4228247f-6a8d-38cc-9a22-d89e1da014a8" executionId="ab4a2907-1f87-44d5-bc09-c8c168655ffd" testListId="8c84fa94-04c1-424b-9868-57a2d4851a1d" />
    <TestEntry testId="ab5b73ee-a4d0-4ed6-4429-a1387a15ec36" executionId="7b366664-6dcf-4f67-91e0-47951d837392" testListId="8c84fa94-04c1-424b-9868-57a2d4851a1d" />
    <TestEntry testId="39637e8e-5153-59f6-a7c2-66ad8f077fb6" executionId="8da953a9-6011-412f-acce-1936bb850bb0" testListId="8c84fa94-04c1-424b-9868-57a2d4851a1d" />
    <TestEntry testId="09333fb6-02c4-4782-382c-b2f2c7a30637" executionId="75e00771-cf8c-4b16-9594-8a40acee3313" testListId="8c84fa94-04c1-424b-9868-57a2d4851a1d" />
    <TestEntry testId="418d2f3a-c805-fa26-9c23-ebfcc450c9ea" executionId="022e24d6-6384-4d37-9c9c-1a8c160c1cd2" testListId="8c84fa94-04c1-424b-9868-57a2d4851a1d" />
    <TestEntry testId="668dc18b-52e2-b50c-7609-7facf592731b" executionId="0ea27448-e4e1-4f49-aa6b-5fd0f4e76ef6" testListId="8c84fa94-04c1-424b-9868-57a2d4851a1d" />
    <TestEntry testId="4f0b0b92-ffc0-76b0-f803-1fc7c635617d" executionId="2de6c604-0113-4f6f-8695-6fce49ca93fc" testListId="8c84fa94-04c1-424b-9868-57a2d4851a1d" />
    <TestEntry testId="002617bd-a67a-7b4b-5bc6-130c54767026" executionId="b3f4a9e2-096a-4a09-9a2c-1039de0d01be" testListId="8c84fa94-04c1-424b-9868-57a2d4851a1d" />
    <TestEntry testId="4210fdd9-d999-b317-21c5-3dcb00a82045" executionId="b198383e-c497-4f16-8bca-51224adc8b46" testListId="8c84fa94-04c1-424b-9868-57a2d4851a1d" />
    <TestEntry testId="b3c67cb0-c8db-1bac-2c9f-4a5d9119eaa7" executionId="4af08ae0-4dbc-483e-b6cd-87f98d3a963d" testListId="8c84fa94-04c1-424b-9868-57a2d4851a1d" />
    <TestEntry testId="094bba8f-c3e2-d36c-6093-90d928e3ff38" executionId="91114d2d-2271-43ad-a49e-c62918261985" testListId="8c84fa94-04c1-424b-9868-57a2d4851a1d" />
    <TestEntry testId="ded7da43-5b35-6452-1926-110c074ef91d" executionId="b8cccd22-910c-4d5e-a4e5-7bf86283affe" testListId="8c84fa94-04c1-424b-9868-57a2d4851a1d" />
    <TestEntry testId="c065df76-676e-d54b-2513-330c123b69fe" executionId="8fdc8003-f074-4f07-b395-58d977e772e8" testListId="8c84fa94-04c1-424b-9868-57a2d4851a1d" />
    <TestEntry testId="f586d6aa-a26b-bf86-8db9-f89dc4137d1c" executionId="bd449b30-1828-4ffb-a1e4-23b55b6ade20" testListId="8c84fa94-04c1-424b-9868-57a2d4851a1d" />
    <TestEntry testId="2a02f797-197a-d19e-cf45-13600a76856b" executionId="d524493e-1ea2-44aa-9a26-01b5d5be78f7" testListId="8c84fa94-04c1-424b-9868-57a2d4851a1d" />
    <TestEntry testId="12ebd7b2-097b-e30b-d931-f521767957ca" executionId="90b4c7ba-452e-49e6-9e57-19e88a1985d2" testListId="8c84fa94-04c1-424b-9868-57a2d4851a1d" />
    <TestEntry testId="4721b7d6-5cc2-c57e-47c7-b954ad458df5" executionId="77658873-e9a6-43b1-b732-45fd736be985" testListId="8c84fa94-04c1-424b-9868-57a2d4851a1d" />
    <TestEntry testId="3021f3ce-39a9-063c-5890-28208b88f4b4" executionId="1124ee87-0232-47c5-89b4-f9bbb279ec80" testListId="8c84fa94-04c1-424b-9868-57a2d4851a1d" />
    <TestEntry testId="041625b6-13cb-062f-99b2-d9de901b49d9" executionId="f0b09f99-563f-458f-8798-3a584936c4cb" testListId="8c84fa94-04c1-424b-9868-57a2d4851a1d" />
    <TestEntry testId="5d3cca52-f621-0181-6589-18ea5da58e7b" executionId="79996611-c6d5-4c9f-9d9b-80acede73a79" testListId="8c84fa94-04c1-424b-9868-57a2d4851a1d" />
    <TestEntry testId="10541a8e-64ba-d774-f402-b9f32edbec4d" executionId="7de577c5-aa61-4520-b6af-f014389f0bb7" testListId="8c84fa94-04c1-424b-9868-57a2d4851a1d" />
    <TestEntry testId="1cdd5ba2-fc39-af9d-9e41-6be70a2f35b2" executionId="aac76ea9-7aab-4fd1-87fc-8ea1a7359067" testListId="8c84fa94-04c1-424b-9868-57a2d4851a1d" />
    <TestEntry testId="d2cda2a3-f6b2-77c1-c33f-4505bd31bf6f" executionId="c9a75488-627e-4a39-b21b-233a535edb13" testListId="8c84fa94-04c1-424b-9868-57a2d4851a1d" />
    <TestEntry testId="fb90f6f4-d115-8815-e75c-a204c1c932cc" executionId="a3307097-f954-4fdc-a4ec-6853d241dc8b" testListId="8c84fa94-04c1-424b-9868-57a2d4851a1d" />
    <TestEntry testId="6d5770e0-f986-7f23-55f0-2f4cb6f37932" executionId="31776fa7-6086-465d-9417-c558346e1ef2" testListId="8c84fa94-04c1-424b-9868-57a2d4851a1d" />
    <TestEntry testId="8c683b9a-044d-8adc-86d6-f9978fcb0f49" executionId="2c6f035f-31bb-4183-80d5-9b4f4adc5b92" testListId="8c84fa94-04c1-424b-9868-57a2d4851a1d" />
    <TestEntry testId="d11de860-4163-85a1-7115-b5634191d79e" executionId="ba98e694-781f-4cbd-b484-b1a4e7a6529e" testListId="8c84fa94-04c1-424b-9868-57a2d4851a1d" />
    <TestEntry testId="a614ea0c-b1f9-717c-58e4-2b444f8f746d" executionId="ad222d17-4ffa-4671-9340-8c771b688f9c" testListId="8c84fa94-04c1-424b-9868-57a2d4851a1d" />
    <TestEntry testId="666804f4-1bf6-02d5-348c-c2829018a94b" executionId="6baec713-255e-4267-80d3-0ab1d87cacbd" testListId="8c84fa94-04c1-424b-9868-57a2d4851a1d" />
    <TestEntry testId="db023b66-5330-e56c-198f-c64b71b937f5" executionId="7eef1742-5c73-44a7-bf7a-c967f7e3aff5" testListId="8c84fa94-04c1-424b-9868-57a2d4851a1d" />
    <TestEntry testId="54628e5e-9bc2-e168-4fa6-b236a923fcfe" executionId="cc4cf6a5-bc81-426d-ba15-99e16609deb8" testListId="8c84fa94-04c1-424b-9868-57a2d4851a1d" />
    <TestEntry testId="94716114-1378-122a-03d6-a0d52329cd48" executionId="1eee7bf3-b0cf-4e2a-8f68-7567e8d8e0ba" testListId="8c84fa94-04c1-424b-9868-57a2d4851a1d" />
    <TestEntry testId="e5e80db3-6144-ea2f-09dc-05657127f79c" executionId="12fca253-43db-4dda-b41f-3960ace7095e" testListId="8c84fa94-04c1-424b-9868-57a2d4851a1d" />
    <TestEntry testId="ba9feb86-5058-c27a-8cc6-ab7e67bf95f9" executionId="adc21cd0-1cc6-463f-8c08-19aaf701226a" testListId="8c84fa94-04c1-424b-9868-57a2d4851a1d" />
    <TestEntry testId="5850678c-fe74-23aa-d83d-da1f0e145943" executionId="e803125f-77ab-4ad4-b10e-1770cd2b41b9" testListId="8c84fa94-04c1-424b-9868-57a2d4851a1d" />
    <TestEntry testId="b853bca4-a79e-4f54-a4b4-35f801cc2d5a" executionId="fc5d4714-4b83-4fdf-addb-c78b8ba8181a" testListId="8c84fa94-04c1-424b-9868-57a2d4851a1d" />
    <TestEntry testId="6f269c0c-f8af-9aab-1e33-51ad0ab30096" executionId="0008e467-9200-42c1-b508-5c56b76f442b" testListId="8c84fa94-04c1-424b-9868-57a2d4851a1d" />
    <TestEntry testId="deae603b-fab4-81c4-e8cc-7dc863200d1e" executionId="d5386d4c-a543-427f-9ee6-45c246b6e97a" testListId="8c84fa94-04c1-424b-9868-57a2d4851a1d" />
    <TestEntry testId="1e0d3643-4c52-8551-b356-f6c3ec240da4" executionId="2dff87ff-483c-4c8f-af66-90b17312ce35" testListId="8c84fa94-04c1-424b-9868-57a2d4851a1d" />
    <TestEntry testId="d325ee40-316b-6f9d-b0f9-6b523ec84e35" executionId="422ff1df-08ee-41c2-a4b3-e84b085cc40a" testListId="8c84fa94-04c1-424b-9868-57a2d4851a1d" />
    <TestEntry testId="767c499b-6b4e-ed35-1957-484bc25803c1" executionId="0576e5f1-72b5-40a5-99f1-c6726463405f" testListId="8c84fa94-04c1-424b-9868-57a2d4851a1d" />
    <TestEntry testId="f8a85ac7-0b47-a9c1-be80-451780272705" executionId="244432d0-9f63-4446-9df7-cd6d7a515a25" testListId="8c84fa94-04c1-424b-9868-57a2d4851a1d" />
    <TestEntry testId="fe0fb3e9-27dd-b61e-9ae2-3ccd114e06ab" executionId="2ba03d78-6acb-4f1c-aaf4-854c2239cbb3" testListId="8c84fa94-04c1-424b-9868-57a2d4851a1d" />
    <TestEntry testId="51fbbeab-dfb7-8635-1c92-208ef93cc04f" executionId="7f741956-18f8-41ae-9b52-b8e567f6ad78" testListId="8c84fa94-04c1-424b-9868-57a2d4851a1d" />
    <TestEntry testId="ad5313ea-84e5-d5fc-de76-67483906423e" executionId="a2ca0c71-facf-4c2d-bc4e-48a3b0709ba2" testListId="8c84fa94-04c1-424b-9868-57a2d4851a1d" />
    <TestEntry testId="e7a08b1b-c209-326d-58d8-22c862327d47" executionId="26573384-cd56-4c30-afbb-7cb7e2c23474" testListId="8c84fa94-04c1-424b-9868-57a2d4851a1d" />
    <TestEntry testId="068ec4a5-0fee-3f40-7b8f-ff044af6ce33" executionId="75dab88d-166e-4132-9e6a-6500bee4dcb7" testListId="8c84fa94-04c1-424b-9868-57a2d4851a1d" />
    <TestEntry testId="45e3d0f9-72c5-6428-8f37-e623a4e7d169" executionId="5cdca681-ed77-4e83-97ac-9a295a779abe" testListId="8c84fa94-04c1-424b-9868-57a2d4851a1d" />
    <TestEntry testId="6e4612c4-3145-1588-b9f4-048fc08fdb7d" executionId="7dc2961f-5aae-47c8-9359-b058fbd14233" testListId="8c84fa94-04c1-424b-9868-57a2d4851a1d" />
    <TestEntry testId="7c01cc2c-9bdf-e761-6523-6d34add36149" executionId="74ebd865-d724-4487-8774-3a7cb9e3c97d" testListId="8c84fa94-04c1-424b-9868-57a2d4851a1d" />
    <TestEntry testId="978dc265-8b9f-481c-c0ec-115bf4a2ce3f" executionId="0cc7a67b-e0b8-4e48-bf2a-dbb4dcfd99eb" testListId="8c84fa94-04c1-424b-9868-57a2d4851a1d" />
    <TestEntry testId="7756291f-f52b-5262-1e5f-36b49a0df8d6" executionId="5ec96511-442a-4d84-8652-8e01312a11c8" testListId="8c84fa94-04c1-424b-9868-57a2d4851a1d" />
    <TestEntry testId="19789653-59e6-f3c4-77df-ecd0baf02b64" executionId="f720ba97-c553-4c77-8513-61c6740fb92b" testListId="8c84fa94-04c1-424b-9868-57a2d4851a1d" />
    <TestEntry testId="b9d2dfd5-5fc8-0a0e-3f2b-a2de70ec6bf5" executionId="de1d21ad-30e0-4a48-9883-c3f7abab58e5" testListId="8c84fa94-04c1-424b-9868-57a2d4851a1d" />
    <TestEntry testId="03fc8d35-4471-954f-a728-4400525b30ef" executionId="e1acf7a1-7939-445e-8ccb-6a5f32ceb059" testListId="8c84fa94-04c1-424b-9868-57a2d4851a1d" />
    <TestEntry testId="b88239be-6dd2-e42a-5938-b32ee50ed816" executionId="604bc8e6-983f-4b92-9320-99cd2717b093" testListId="8c84fa94-04c1-424b-9868-57a2d4851a1d" />
    <TestEntry testId="a487004f-9199-ea6f-56ef-0474d325771f" executionId="1df20a74-827e-41ee-a83c-bec08088487d" testListId="8c84fa94-04c1-424b-9868-57a2d4851a1d" />
    <TestEntry testId="0818f830-deb7-208e-1505-24ab8da73d74" executionId="63a225c9-29bf-414b-accb-d1e2d9fc25f4" testListId="8c84fa94-04c1-424b-9868-57a2d4851a1d" />
    <TestEntry testId="d14e3f39-9a27-090e-fd4a-a1404886c886" executionId="64dd450c-788d-46e6-b31d-4a8746372ba3" testListId="8c84fa94-04c1-424b-9868-57a2d4851a1d" />
    <TestEntry testId="29387a21-cfe6-66b5-9f33-7383e6376a23" executionId="aa71c0e2-45a2-4c95-911c-33151510ea48" testListId="8c84fa94-04c1-424b-9868-57a2d4851a1d" />
    <TestEntry testId="b7b49a90-b7f2-58dd-a5f8-1f8a56ff100a" executionId="1abf546d-ead0-44ac-a97d-0196b91bf905" testListId="8c84fa94-04c1-424b-9868-57a2d4851a1d" />
    <TestEntry testId="0e60158c-36bc-8dc9-fd94-82efc858c9b8" executionId="a7142090-96a6-4e7e-ab5e-425264837408" testListId="8c84fa94-04c1-424b-9868-57a2d4851a1d" />
    <TestEntry testId="268ed45b-8b47-9643-7567-8e7ecb14ae8a" executionId="4ca7c0f2-2ac3-4591-b2be-00e23fe7eec9" testListId="8c84fa94-04c1-424b-9868-57a2d4851a1d" />
    <TestEntry testId="a7c5d785-f39b-a877-a62c-7f98f99646cd" executionId="4f02c420-3a88-46fc-a8e6-edd71a4e2ad4" testListId="8c84fa94-04c1-424b-9868-57a2d4851a1d" />
    <TestEntry testId="c0f3905a-0fcb-eb49-f9e4-c5460d516950" executionId="71fdfde8-de46-4f3d-9fd9-d42252161853" testListId="8c84fa94-04c1-424b-9868-57a2d4851a1d" />
    <TestEntry testId="b285b47f-41f0-c77d-9d57-63601810b57b" executionId="c659ef9a-e42c-4af2-88bd-57ccb790f065" testListId="8c84fa94-04c1-424b-9868-57a2d4851a1d" />
    <TestEntry testId="a96bbd73-704d-32fb-7b5e-e65e94805cf4" executionId="53774fce-3d8c-4f23-ba49-5b4fdc9fdbab" testListId="8c84fa94-04c1-424b-9868-57a2d4851a1d" />
    <TestEntry testId="410cd1ed-25de-3c72-94d2-b41e7adb85ee" executionId="7cc7fd2d-230b-47ec-98b7-1b8705b3bebd" testListId="8c84fa94-04c1-424b-9868-57a2d4851a1d" />
    <TestEntry testId="1401e9ec-43ed-d93b-acf5-3d379ae583c1" executionId="2ccb9c64-776a-49e3-bfa3-89b73225faa6" testListId="8c84fa94-04c1-424b-9868-57a2d4851a1d" />
    <TestEntry testId="29f8d109-e7ff-8cc5-8a86-e30f52887a1b" executionId="1283dfc1-c0c4-41b0-a993-b9cdb497b74f" testListId="8c84fa94-04c1-424b-9868-57a2d4851a1d" />
    <TestEntry testId="66672741-a1d3-80e2-a60f-bcbd8316ff3f" executionId="738b7197-434a-4ca9-924c-6cf55bb2b6a0" testListId="8c84fa94-04c1-424b-9868-57a2d4851a1d" />
    <TestEntry testId="ed30d7b3-6c4f-ecd9-f0c1-57184b812b54" executionId="c278cb53-25a7-4645-84d5-c3378d591dbd" testListId="8c84fa94-04c1-424b-9868-57a2d4851a1d" />
    <TestEntry testId="0d6a570a-2927-2321-e584-f1b09cfcdd34" executionId="b0da1873-8756-4e48-9f18-bfbb141ab3a8" testListId="8c84fa94-04c1-424b-9868-57a2d4851a1d" />
    <TestEntry testId="90e62cbf-7689-87e1-93e7-9ab4e0f34756" executionId="c9615138-964a-4ff2-9786-23a4d9366dd0" testListId="8c84fa94-04c1-424b-9868-57a2d4851a1d" />
    <TestEntry testId="7da7c86d-88f1-5b5d-59f9-4dc00dc7d18b" executionId="f1459e15-007d-42ff-9315-3b8ddbf07e6c" testListId="8c84fa94-04c1-424b-9868-57a2d4851a1d" />
    <TestEntry testId="33081f89-764f-7ff0-be12-18d81d6396f0" executionId="e621e46d-583d-4fb2-b0c5-eb1e8a033d11" testListId="8c84fa94-04c1-424b-9868-57a2d4851a1d" />
    <TestEntry testId="f961c61e-dc3b-4559-f24c-d104e1a1068d" executionId="5861ae25-7aba-4200-8df7-7fcff1e9bd0a" testListId="8c84fa94-04c1-424b-9868-57a2d4851a1d" />
    <TestEntry testId="6f5bbd40-400e-51ba-f44d-571f022a1abc" executionId="7dd80e06-4109-43cd-8eb8-cd4ced8a5dfe" testListId="8c84fa94-04c1-424b-9868-57a2d4851a1d" />
    <TestEntry testId="bda92b65-26d9-c174-14d8-f439d8b5e364" executionId="851aa450-9892-4ac1-817e-39db357b2d07" testListId="8c84fa94-04c1-424b-9868-57a2d4851a1d" />
    <TestEntry testId="96d6153e-28d6-e21a-fb27-2616be6d7107" executionId="e31f5025-f297-48a2-a3dd-9c6ed3b71fd5" testListId="8c84fa94-04c1-424b-9868-57a2d4851a1d" />
    <TestEntry testId="84a733c7-39c1-519f-9053-6cfcae8c2ec4" executionId="0aeedde2-2f83-42b2-9556-bf04e6829428" testListId="8c84fa94-04c1-424b-9868-57a2d4851a1d" />
    <TestEntry testId="63cc861a-ada6-6610-a57e-b107a7b46003" executionId="f80d0656-435d-4f3b-be3b-6d1476c1cef1" testListId="8c84fa94-04c1-424b-9868-57a2d4851a1d" />
    <TestEntry testId="f9baa831-faa8-ccad-2531-d59c2b1e5b17" executionId="e34907aa-c5b3-4bb9-85d2-550ad218d9ff" testListId="8c84fa94-04c1-424b-9868-57a2d4851a1d" />
    <TestEntry testId="7eb0a4eb-feaf-9106-c5a4-b2a62712433f" executionId="34bf4d95-8049-4382-849e-a89829df3b52" testListId="8c84fa94-04c1-424b-9868-57a2d4851a1d" />
    <TestEntry testId="7bd86bb5-b4f3-456c-9451-1ba8747ecdfb" executionId="480d6b91-d7fa-4841-85ae-a4fd6131516b" testListId="8c84fa94-04c1-424b-9868-57a2d4851a1d" />
    <TestEntry testId="37096f25-4fdb-0672-8789-a379629f4a28" executionId="80fdbd75-b4bb-4cc2-bc38-d264a5463511" testListId="8c84fa94-04c1-424b-9868-57a2d4851a1d" />
    <TestEntry testId="dcab5aed-cb1b-c54d-fac5-8be674eef501" executionId="9b8fad46-e3f6-4064-babf-571e3ddae961" testListId="8c84fa94-04c1-424b-9868-57a2d4851a1d" />
    <TestEntry testId="65bf8705-3dc5-8cec-5e83-9dfec95ae5f1" executionId="7b58ed0a-bf83-4d19-93e2-37e4e16370dc" testListId="8c84fa94-04c1-424b-9868-57a2d4851a1d" />
    <TestEntry testId="a5d869a4-3fcb-7fd0-96f3-24b6f2ddb107" executionId="7f0346ad-5144-49ca-8a37-4ccb01892b05" testListId="8c84fa94-04c1-424b-9868-57a2d4851a1d" />
    <TestEntry testId="6a8b8b1f-8fe2-95b2-8383-ea8749de5b7d" executionId="a5340059-ddba-4c81-88dd-66bf12139abc" testListId="8c84fa94-04c1-424b-9868-57a2d4851a1d" />
    <TestEntry testId="cdd91721-6e98-3da2-8a09-95d8fa7ad5e3" executionId="0c02cafd-de98-4218-8d8a-1fd41ed049ac" testListId="8c84fa94-04c1-424b-9868-57a2d4851a1d" />
    <TestEntry testId="5853a9e0-8ba5-a9fc-10cd-83263f396ebb" executionId="878b6e2a-ec7f-4df9-995a-a938729a56d5" testListId="8c84fa94-04c1-424b-9868-57a2d4851a1d" />
    <TestEntry testId="4880dc0a-6935-afb4-9835-91322ae59472" executionId="bb65c066-d594-4297-8d61-754e555fd1da" testListId="8c84fa94-04c1-424b-9868-57a2d4851a1d" />
    <TestEntry testId="5734cb8b-ad0b-f6ea-5207-d3e1d3f53b3f" executionId="2446eca9-bf5f-45ab-9161-732fd796dcbf" testListId="8c84fa94-04c1-424b-9868-57a2d4851a1d" />
    <TestEntry testId="5a8843a4-1b08-532d-9241-acaa715de5b3" executionId="dd1f3677-e81e-4a2f-803a-0ed1d03a8841" testListId="8c84fa94-04c1-424b-9868-57a2d4851a1d" />
    <TestEntry testId="b2d08199-1744-af53-14e2-8b5747d2f865" executionId="03eb271c-3a6a-423b-bba7-cc26077bd0bb" testListId="8c84fa94-04c1-424b-9868-57a2d4851a1d" />
    <TestEntry testId="b1f8662e-7da3-ea78-c648-44064c691ebe" executionId="4626a567-4f2b-4cd3-9f80-e8c2475f498f" testListId="8c84fa94-04c1-424b-9868-57a2d4851a1d" />
    <TestEntry testId="2eaf6ee4-1003-56ee-eef5-aafdbc50175e" executionId="47fbe27f-68b3-43d2-929a-a961e256b4d7" testListId="8c84fa94-04c1-424b-9868-57a2d4851a1d" />
    <TestEntry testId="ce79ff04-29cf-8ada-ab53-58492db63b2c" executionId="be915036-cb95-4372-ac7f-58f382a653d6" testListId="8c84fa94-04c1-424b-9868-57a2d4851a1d" />
    <TestEntry testId="7841167c-41fd-cdfa-d05d-fd33c674c56e" executionId="0462c4ed-4e29-4657-967a-09f777e44205" testListId="8c84fa94-04c1-424b-9868-57a2d4851a1d" />
    <TestEntry testId="60ae2c82-754e-d1b2-c791-7f892d05deb5" executionId="bb688ad9-6e3d-46a1-9c35-e4aa0b7e318f" testListId="8c84fa94-04c1-424b-9868-57a2d4851a1d" />
    <TestEntry testId="542757a2-c1f0-a4d3-0091-b8dd7476d0ae" executionId="38264656-9e03-4df6-a673-70735f8c2159" testListId="8c84fa94-04c1-424b-9868-57a2d4851a1d" />
    <TestEntry testId="70370df1-7a4a-f979-db78-aa2b854af0b2" executionId="3616f914-ddbe-47fe-a984-bf3be4cd0f5c" testListId="8c84fa94-04c1-424b-9868-57a2d4851a1d" />
    <TestEntry testId="31169a73-2c6f-02f9-5556-8a2c0ee8e88a" executionId="46a45c1e-c6a2-437d-b80a-0ce7be6f6e9c" testListId="8c84fa94-04c1-424b-9868-57a2d4851a1d" />
    <TestEntry testId="862c3245-8f08-d542-39e8-a014d36f8b5b" executionId="bfb65e04-6d03-4d84-a9a1-33972aa954b3" testListId="8c84fa94-04c1-424b-9868-57a2d4851a1d" />
    <TestEntry testId="91ea9c10-8ecf-4b5d-0e04-cc544285e285" executionId="3bada93e-0dbc-4706-9041-3c3de5fed3f7" testListId="8c84fa94-04c1-424b-9868-57a2d4851a1d" />
    <TestEntry testId="8743236c-eff5-e04a-11ff-194859e4447b" executionId="16f6d968-30b7-41f4-a51b-c48a5f0d9b02" testListId="8c84fa94-04c1-424b-9868-57a2d4851a1d" />
    <TestEntry testId="3f532001-bc00-e7ae-e945-4f15c68b9b8d" executionId="eca9ceac-a87a-4ecf-b38e-244d75220b8e" testListId="8c84fa94-04c1-424b-9868-57a2d4851a1d" />
    <TestEntry testId="d316698a-5791-6b44-a6a4-aac621873402" executionId="db134fb2-d5e5-4733-a0b8-4b0d00ceb7b8" testListId="8c84fa94-04c1-424b-9868-57a2d4851a1d" />
    <TestEntry testId="4700ea0b-a6eb-2f32-8574-1971d027ccb0" executionId="82ce7f1d-5722-407f-ab25-9a32ce74fb28" testListId="8c84fa94-04c1-424b-9868-57a2d4851a1d" />
    <TestEntry testId="379961ee-b69a-35fe-40d3-0fa947c48330" executionId="c09fa3a7-a0ca-460b-9147-e8e9717040be" testListId="8c84fa94-04c1-424b-9868-57a2d4851a1d" />
    <TestEntry testId="8a33daa2-6473-674a-d338-66f15cfd845b" executionId="c9dfb774-ac0f-4f74-9ad3-725785a3b5bc" testListId="8c84fa94-04c1-424b-9868-57a2d4851a1d" />
    <TestEntry testId="ad27e105-de14-8527-b59a-f7c2adb7eeaf" executionId="203a62f2-6f06-414f-b096-b871f8c27bd3" testListId="8c84fa94-04c1-424b-9868-57a2d4851a1d" />
    <TestEntry testId="ed0ebeb4-a5f7-d235-ddf8-88e75feb1b8f" executionId="2e80e209-33ee-487c-a25a-7803f05dab37" testListId="8c84fa94-04c1-424b-9868-57a2d4851a1d" />
    <TestEntry testId="db82d364-bead-2e32-98c7-e2a0a53f7d8e" executionId="f5a8c171-f836-4720-8cbd-41507e749e3f" testListId="8c84fa94-04c1-424b-9868-57a2d4851a1d" />
    <TestEntry testId="ca40eb2c-e0a0-78e8-6ed2-5e6440c04fde" executionId="172c8402-2180-456b-8296-c7e17af00ccb" testListId="8c84fa94-04c1-424b-9868-57a2d4851a1d" />
    <TestEntry testId="7950372d-8564-c43b-1499-25c23a1e7c18" executionId="3922ebb5-5a58-4be2-b4ac-8388c06bec9d" testListId="8c84fa94-04c1-424b-9868-57a2d4851a1d" />
    <TestEntry testId="42517c84-6dea-ecc2-b8c2-5627cd2ab0be" executionId="1bda47ef-d1c0-45dd-84ad-250df1975117" testListId="8c84fa94-04c1-424b-9868-57a2d4851a1d" />
    <TestEntry testId="84728403-b075-0630-859d-2be772a02544" executionId="e525c9d8-ef3f-4f91-b0b5-dc25d68996bd" testListId="8c84fa94-04c1-424b-9868-57a2d4851a1d" />
    <TestEntry testId="112a36d7-dc83-2422-8216-78a3ebc7ca6a" executionId="0f42ac93-d146-47c8-81f9-6fb5b53a1b5d" testListId="8c84fa94-04c1-424b-9868-57a2d4851a1d" />
    <TestEntry testId="1eaf47a2-60dc-7505-3311-4f2ff75e91fd" executionId="38e8e9e8-770d-4ee1-8cf8-d5f38ac7c803" testListId="8c84fa94-04c1-424b-9868-57a2d4851a1d" />
    <TestEntry testId="51e43f4b-8fa6-4d44-8369-516f875fa723" executionId="07acf4ae-0fa1-4d95-bee0-aba8b8c33add" testListId="8c84fa94-04c1-424b-9868-57a2d4851a1d" />
    <TestEntry testId="6422b942-3e12-a46d-3575-0576c2a2434a" executionId="ee3a97fb-bef4-4763-86c7-5f9da845978d" testListId="8c84fa94-04c1-424b-9868-57a2d4851a1d" />
    <TestEntry testId="b729c544-ff94-b88c-81d9-2769a166e5be" executionId="9f462b18-5f66-4789-b63c-f944ab8de687" testListId="8c84fa94-04c1-424b-9868-57a2d4851a1d" />
    <TestEntry testId="a95aec13-522b-72a2-0083-da69d3c98bc5" executionId="a9888bb9-2480-4dc2-a482-dc68a3066354" testListId="8c84fa94-04c1-424b-9868-57a2d4851a1d" />
    <TestEntry testId="610f9de5-1a8b-0485-3547-74b0599f2c6c" executionId="fc7fd6bd-18dd-409f-bdb8-3d12b5ac35d8" testListId="8c84fa94-04c1-424b-9868-57a2d4851a1d" />
    <TestEntry testId="17e1f8d8-ff47-33db-efc4-da6813ccc726" executionId="53c9bc97-91dc-4d27-b89d-6539dad5f46d" testListId="8c84fa94-04c1-424b-9868-57a2d4851a1d" />
    <TestEntry testId="2c8a1d5b-0028-9f0a-8011-ed24ab9ceeae" executionId="88f049b0-5c8f-4b73-aff8-b667a99f2518" testListId="8c84fa94-04c1-424b-9868-57a2d4851a1d" />
    <TestEntry testId="e9da0761-f34e-54da-195e-48388de70405" executionId="fffcdffa-3d60-4fed-9708-0b029311b627" testListId="8c84fa94-04c1-424b-9868-57a2d4851a1d" />
    <TestEntry testId="0072b67a-0d5c-e249-e1c3-0734c91de716" executionId="de025836-9d75-44f5-8809-71ea716a89f6" testListId="8c84fa94-04c1-424b-9868-57a2d4851a1d" />
    <TestEntry testId="9110ac03-e549-509b-3bb4-cd591764d1a4" executionId="f7509d57-04bb-4a7e-9e4a-2e2dca55c3fe" testListId="8c84fa94-04c1-424b-9868-57a2d4851a1d" />
    <TestEntry testId="ff715d4c-23d5-4773-66a5-38b9a7bdf442" executionId="9ff93023-157f-4049-849e-f543b9782d4c" testListId="8c84fa94-04c1-424b-9868-57a2d4851a1d" />
    <TestEntry testId="2d346b95-3c07-f0a0-419d-2cb7817a1d00" executionId="93a31122-3f15-4c3d-ae94-ca4e6a16c8d0" testListId="8c84fa94-04c1-424b-9868-57a2d4851a1d" />
    <TestEntry testId="6e7a7fc2-9543-cbf0-5e34-48c99ec5d8fc" executionId="4d0f53ba-bfe3-45a2-af16-fb01a21331a2" testListId="8c84fa94-04c1-424b-9868-57a2d4851a1d" />
    <TestEntry testId="da90b5b7-436f-4d9a-21a8-393e3267f2dd" executionId="45c51874-6a9e-4adf-8870-a1c83ba26956" testListId="8c84fa94-04c1-424b-9868-57a2d4851a1d" />
    <TestEntry testId="fffaf3af-f15f-343b-4823-2c2c916f0e08" executionId="85f001fa-af0e-45ca-944a-ae8ffe56f28c" testListId="8c84fa94-04c1-424b-9868-57a2d4851a1d" />
    <TestEntry testId="30df2146-14a7-8ce2-c6a0-f56527a03154" executionId="3e30985b-8d81-479e-becd-b335555b9d41" testListId="8c84fa94-04c1-424b-9868-57a2d4851a1d" />
    <TestEntry testId="a9129bc8-a37f-1926-b7d2-382b9df7e228" executionId="614e81f4-f5e3-4045-9d6a-cb493b92447d" testListId="8c84fa94-04c1-424b-9868-57a2d4851a1d" />
    <TestEntry testId="b335820a-7104-d5ea-9cc3-885bd58666ec" executionId="e8348987-1204-4896-9770-bd5a7c2dce59" testListId="8c84fa94-04c1-424b-9868-57a2d4851a1d" />
    <TestEntry testId="d8f8eb56-2b15-eb7e-8712-bb04521f6286" executionId="9adafa74-e4f4-4aa8-867b-4e07f43f11ed" testListId="8c84fa94-04c1-424b-9868-57a2d4851a1d" />
    <TestEntry testId="2b41abb9-682a-bffc-6ee0-3a53e366e2eb" executionId="14d1035a-bf5f-44bc-b567-313eeafed516" testListId="8c84fa94-04c1-424b-9868-57a2d4851a1d" />
    <TestEntry testId="627d6085-bf48-c781-4c08-b2437a409111" executionId="60eaf10e-0c8f-4f8f-bb58-9ba2e38c5cd5" testListId="8c84fa94-04c1-424b-9868-57a2d4851a1d" />
    <TestEntry testId="5d512a31-7034-d4f2-c64d-c94b7792c734" executionId="ce7743b7-1428-4330-b5e0-d63c654dbd6f" testListId="8c84fa94-04c1-424b-9868-57a2d4851a1d" />
    <TestEntry testId="9ca330db-b2de-6fd8-4a31-28b777299130" executionId="ac0c5dc2-9219-43c0-abb0-2ca48387889a" testListId="8c84fa94-04c1-424b-9868-57a2d4851a1d" />
    <TestEntry testId="a289a6a0-6040-4bc9-9774-69d4debbe7df" executionId="6ef777d1-7c2c-4fc5-b881-2ad8123860cf" testListId="8c84fa94-04c1-424b-9868-57a2d4851a1d" />
    <TestEntry testId="b9de5487-3d39-f56d-886b-071337ca9235" executionId="dfdd289d-a3fe-4114-aade-21b036f72d0e" testListId="8c84fa94-04c1-424b-9868-57a2d4851a1d" />
    <TestEntry testId="20683c07-dc9a-b552-b0e4-565a2c613275" executionId="1c4d7898-f9ac-47bc-b370-a4eaed886433" testListId="8c84fa94-04c1-424b-9868-57a2d4851a1d" />
    <TestEntry testId="4c1d0938-3401-b57b-6c6c-32b736f641d4" executionId="844f7239-0d3e-48f6-b569-3eec46d7bf4d" testListId="8c84fa94-04c1-424b-9868-57a2d4851a1d" />
    <TestEntry testId="481403c4-1fb6-c6a5-a156-1f4ba1ff1ed0" executionId="20e90027-e4c6-4c6a-b2f3-ba6f5d80d394" testListId="8c84fa94-04c1-424b-9868-57a2d4851a1d" />
    <TestEntry testId="694f9361-5199-cee3-97fa-4b7874384fa3" executionId="52c41b9f-6f48-438d-aa92-9439e740823e" testListId="8c84fa94-04c1-424b-9868-57a2d4851a1d" />
    <TestEntry testId="39c30b41-7533-0217-9e2f-38f551adf1cf" executionId="621b0d9d-b724-4562-acfe-4e33b429bec8" testListId="8c84fa94-04c1-424b-9868-57a2d4851a1d" />
    <TestEntry testId="c77b71b2-995b-c5bf-2b47-cce0693c6383" executionId="bfa0091e-1c75-4a6e-b328-e16fc5948e23" testListId="8c84fa94-04c1-424b-9868-57a2d4851a1d" />
    <TestEntry testId="76e44b8c-d5f7-58a2-0358-20e726785cc4" executionId="18913231-9525-4344-8aed-f37cf3a77ef9" testListId="8c84fa94-04c1-424b-9868-57a2d4851a1d" />
    <TestEntry testId="93bf2ce8-97d0-81d1-81a6-9c667f394bdb" executionId="77d4c6c3-c175-4c01-a5b5-579b32ff7898" testListId="8c84fa94-04c1-424b-9868-57a2d4851a1d" />
    <TestEntry testId="ec61fe7d-f8a9-0469-b26a-d2c1cf831a20" executionId="4cbb2e86-3e53-4927-818a-178206e5f4b3" testListId="8c84fa94-04c1-424b-9868-57a2d4851a1d" />
    <TestEntry testId="ca460ab7-0633-570a-3f65-82ba50f53cf4" executionId="ebeef13a-92b6-48c4-98aa-164c649014eb" testListId="8c84fa94-04c1-424b-9868-57a2d4851a1d" />
    <TestEntry testId="879731f1-353a-3b22-6dec-b9ebe4b6f04c" executionId="40d9303d-3277-43e3-889a-13065254326c" testListId="8c84fa94-04c1-424b-9868-57a2d4851a1d" />
    <TestEntry testId="862c0172-86db-d049-84e9-0bedb2d2bc07" executionId="20c33b90-f08f-40f3-baaf-15524aa2e440" testListId="8c84fa94-04c1-424b-9868-57a2d4851a1d" />
    <TestEntry testId="ad7aea32-1690-1791-793b-b9745ed661e9" executionId="e43c5d2d-e221-4748-8ee8-16f14df3342d" testListId="8c84fa94-04c1-424b-9868-57a2d4851a1d" />
    <TestEntry testId="efb8c50b-ed0d-ed7a-3651-6dacba1bc765" executionId="5bbb1b34-0ebc-42a7-8aba-dff21721ea94" testListId="8c84fa94-04c1-424b-9868-57a2d4851a1d" />
    <TestEntry testId="e189c542-bfd9-e0c5-f53f-47ea5e2b3951" executionId="73167b25-d350-43ac-be94-967e92c7d0f7" testListId="8c84fa94-04c1-424b-9868-57a2d4851a1d" />
    <TestEntry testId="301e1f2d-d1d4-56d4-fc38-da7889d0bf5e" executionId="29c3cede-7fba-4c6f-aa99-dac1b1396612" testListId="8c84fa94-04c1-424b-9868-57a2d4851a1d" />
    <TestEntry testId="7cec8bc4-c627-956e-ae64-773b23a815c2" executionId="09334a32-48e9-48c4-b89b-28ca1600d88b" testListId="8c84fa94-04c1-424b-9868-57a2d4851a1d" />
    <TestEntry testId="f914520d-69ec-5ce6-58da-0eda15baf7b9" executionId="15815f54-d1ba-4a22-b726-eb7853b16d2e" testListId="8c84fa94-04c1-424b-9868-57a2d4851a1d" />
    <TestEntry testId="fafe1e8b-9920-8e35-4aa7-745a0e0735b3" executionId="7a12efab-a266-45e2-8a74-aee993e4d6c9" testListId="8c84fa94-04c1-424b-9868-57a2d4851a1d" />
    <TestEntry testId="19f97e95-056a-35ca-4658-302b22e30358" executionId="e0b81e23-ad41-4342-9992-40c1db313d35" testListId="8c84fa94-04c1-424b-9868-57a2d4851a1d" />
    <TestEntry testId="4410ae7f-43aa-eb44-1b4e-81bba6a15a39" executionId="45b658d2-d18d-4c7b-b520-c8f7bea9fd84" testListId="8c84fa94-04c1-424b-9868-57a2d4851a1d" />
    <TestEntry testId="2f6d1302-17e2-6a1b-218f-11f673266c76" executionId="0dc613c5-2aec-4acd-a53c-d61a7ee0c35f" testListId="8c84fa94-04c1-424b-9868-57a2d4851a1d" />
    <TestEntry testId="5cff4ec6-47fc-95f2-23f2-32c6a732ef88" executionId="ed69234c-fd24-43ca-a202-b61c0a45fd7a" testListId="8c84fa94-04c1-424b-9868-57a2d4851a1d" />
    <TestEntry testId="f84268a3-d107-9fe2-639b-5219dc4b85d1" executionId="b9558cb1-cd42-40a9-aeee-75931b04be94" testListId="8c84fa94-04c1-424b-9868-57a2d4851a1d" />
    <TestEntry testId="3fa55667-086b-69ce-de5e-39864f868468" executionId="5f1fc9c7-6bcf-4ba2-87c3-8e0e58a28652" testListId="8c84fa94-04c1-424b-9868-57a2d4851a1d" />
    <TestEntry testId="eadbb5f9-fc4e-3847-f8a1-9c5f3da99658" executionId="ef17affb-9344-4fb4-83dd-dd7be9764a33" testListId="8c84fa94-04c1-424b-9868-57a2d4851a1d" />
    <TestEntry testId="b75eadaf-ca79-0fa3-f481-7827d3fdbfc2" executionId="7f3c2575-d786-4342-b16f-4e99ce864b73" testListId="8c84fa94-04c1-424b-9868-57a2d4851a1d" />
    <TestEntry testId="d221b392-2f8f-4661-b81b-eb0b5b60e13d" executionId="f996026d-a88e-4ada-be1d-61f61720e8c9" testListId="8c84fa94-04c1-424b-9868-57a2d4851a1d" />
    <TestEntry testId="024a2dec-1dd7-470d-fb1d-18125e661d42" executionId="3139652b-19ae-4ca9-90eb-fdd76c562d69" testListId="8c84fa94-04c1-424b-9868-57a2d4851a1d" />
    <TestEntry testId="edd13736-1fb5-6759-bf44-2515873ea04b" executionId="bc7b1050-4b6e-4303-bc3f-5b133cce4069" testListId="8c84fa94-04c1-424b-9868-57a2d4851a1d" />
    <TestEntry testId="a46dec37-48f1-a3e7-6cbc-ba84823e14e5" executionId="0b641c70-eafe-49de-a4b1-358e1c78437e" testListId="8c84fa94-04c1-424b-9868-57a2d4851a1d" />
    <TestEntry testId="c6a1718e-79da-c7ba-d8ef-6c71af34e3dc" executionId="90e5161f-d97f-47c4-afd2-55c484e058ca" testListId="8c84fa94-04c1-424b-9868-57a2d4851a1d" />
    <TestEntry testId="6b9ac42a-dd9e-2635-2a10-cde6123b9e84" executionId="dae100f9-3655-437f-ac26-76aae3494b74" testListId="8c84fa94-04c1-424b-9868-57a2d4851a1d" />
    <TestEntry testId="6d3c75aa-64b1-6ada-2a01-e4e42d5cc21c" executionId="d2277c11-ac20-440d-8608-39b49f81f0e8" testListId="8c84fa94-04c1-424b-9868-57a2d4851a1d" />
    <TestEntry testId="b0effa69-0f52-5466-77c3-d4ce8fd9cb15" executionId="6f4bc772-3e44-4e4e-af00-92375ad4fd0e" testListId="8c84fa94-04c1-424b-9868-57a2d4851a1d" />
    <TestEntry testId="3c594cc6-ca20-109c-0a05-3b26faf3408d" executionId="c94fbcd6-2a16-40e8-a2d0-96b7c0157111" testListId="8c84fa94-04c1-424b-9868-57a2d4851a1d" />
    <TestEntry testId="90647aa5-5f9b-30ce-5932-8d76fe8468b7" executionId="ece1ea3e-186f-417a-893d-be935e40fec4" testListId="8c84fa94-04c1-424b-9868-57a2d4851a1d" />
    <TestEntry testId="73753696-2533-9426-cb28-017c160d36af" executionId="55dd1fed-ef1e-4746-b0ed-c33c812512d3" testListId="8c84fa94-04c1-424b-9868-57a2d4851a1d" />
    <TestEntry testId="f70c4cdf-d4c9-9cde-60f2-7b3846e100d8" executionId="bc20b8cd-77e2-4b6d-8c9d-e674b2a29fbb" testListId="8c84fa94-04c1-424b-9868-57a2d4851a1d" />
    <TestEntry testId="f1e13469-4053-5591-5108-a4a258598b6c" executionId="057aa543-240f-409f-b407-80940fa2c809" testListId="8c84fa94-04c1-424b-9868-57a2d4851a1d" />
    <TestEntry testId="e6575729-b3e6-600c-fa38-792f8b23bd68" executionId="7a222eac-4b7c-4485-bda2-e842c6c8d18b" testListId="8c84fa94-04c1-424b-9868-57a2d4851a1d" />
    <TestEntry testId="0d08f94e-274d-7901-ebb9-231638e49d24" executionId="9eb6cba7-efad-416f-912e-d4fc618fe7fa" testListId="8c84fa94-04c1-424b-9868-57a2d4851a1d" />
    <TestEntry testId="c7a03a47-4936-1227-da9c-7540f240feb6" executionId="9aa21771-e1ee-4177-a9f1-f4338c96157c" testListId="8c84fa94-04c1-424b-9868-57a2d4851a1d" />
    <TestEntry testId="47d6cddf-c885-e67b-0599-3e5be2206dbc" executionId="8976af10-937e-4643-9742-aa2267887ab3" testListId="8c84fa94-04c1-424b-9868-57a2d4851a1d" />
    <TestEntry testId="e60106bd-77a3-bab8-cdd0-697b85096b7e" executionId="bf2563af-3042-43b4-95c8-43e697266080" testListId="8c84fa94-04c1-424b-9868-57a2d4851a1d" />
    <TestEntry testId="3716fbb6-4400-db0e-3fbb-de68de859458" executionId="4a0dc1e6-bd89-486d-afd0-f3e7374190fc" testListId="8c84fa94-04c1-424b-9868-57a2d4851a1d" />
    <TestEntry testId="41475bcb-ef5d-3618-7d1d-5b1438a91061" executionId="3bcc2f28-4958-4040-9bae-2e49fb13ef52" testListId="8c84fa94-04c1-424b-9868-57a2d4851a1d" />
    <TestEntry testId="2c2042bd-598d-0554-0801-edc0a6538e11" executionId="9ef67d14-637e-4ad7-b1cd-23ffb3bf954a" testListId="8c84fa94-04c1-424b-9868-57a2d4851a1d" />
    <TestEntry testId="d80ebf43-6acb-a308-6cff-a125c5f66c12" executionId="81bcdd51-20be-453b-ba23-e5771efadfaf" testListId="8c84fa94-04c1-424b-9868-57a2d4851a1d" />
    <TestEntry testId="c0cecc77-98be-30da-2092-70881af7cc87" executionId="01062479-0a99-4e7b-87bb-81a0f1141f76" testListId="8c84fa94-04c1-424b-9868-57a2d4851a1d" />
    <TestEntry testId="e0e8441d-eb5c-e1c5-2c54-e78c3cabf79f" executionId="2e911b6e-1a03-4084-aa89-f7a00cf1dd61" testListId="8c84fa94-04c1-424b-9868-57a2d4851a1d" />
    <TestEntry testId="d1f7a5c2-3ee0-b6c4-54cf-c0d5f5f43eb3" executionId="4f711db9-0086-44fd-ab0c-fb2e2c8aeb37" testListId="8c84fa94-04c1-424b-9868-57a2d4851a1d" />
    <TestEntry testId="9d4db236-12e8-cf7b-7262-929355f12bd0" executionId="b443c018-8dc1-4f31-8009-b2408789ff2b" testListId="8c84fa94-04c1-424b-9868-57a2d4851a1d" />
    <TestEntry testId="0fd712d9-59b7-cb04-8840-d908f2765c31" executionId="c3d87ded-63cf-44d5-89b1-f7d2e02ee059" testListId="8c84fa94-04c1-424b-9868-57a2d4851a1d" />
    <TestEntry testId="2d49bdd7-3559-92cb-5127-2fb8d1c44b38" executionId="ab589aea-d339-4bd0-9051-eda2e12f8ac1" testListId="8c84fa94-04c1-424b-9868-57a2d4851a1d" />
    <TestEntry testId="a8e4de2a-185b-d21a-92b4-a020ccc4cbea" executionId="a21cd89f-99e9-44fc-b032-526de59dd129" testListId="8c84fa94-04c1-424b-9868-57a2d4851a1d" />
    <TestEntry testId="6c46d682-68df-98f6-c9c6-516dc2bcccb5" executionId="818116d6-1e80-4063-8969-7909ed843e46" testListId="8c84fa94-04c1-424b-9868-57a2d4851a1d" />
    <TestEntry testId="3ad98607-26cc-6655-dc29-e5f3eed86a78" executionId="0673f4c8-5eef-4fe3-9921-5557c4fff9ea" testListId="8c84fa94-04c1-424b-9868-57a2d4851a1d" />
    <TestEntry testId="f11a792a-5399-45fe-b006-95fa11819160" executionId="96843ea6-a03e-4476-a61e-f127560d2944" testListId="8c84fa94-04c1-424b-9868-57a2d4851a1d" />
    <TestEntry testId="aa86ab0f-83a2-76c1-c948-071136a36b4c" executionId="50cc515a-f748-458b-861d-7a0a613f669c" testListId="8c84fa94-04c1-424b-9868-57a2d4851a1d" />
    <TestEntry testId="c8524030-a4ec-41a9-de8e-3dde74bf084b" executionId="56b04afe-9d08-4b36-8336-48b08b483a0b" testListId="8c84fa94-04c1-424b-9868-57a2d4851a1d" />
    <TestEntry testId="d1762521-556f-848c-2d9a-8b3843179f69" executionId="5282c9e0-783c-4907-9699-c77d5ac73040" testListId="8c84fa94-04c1-424b-9868-57a2d4851a1d" />
    <TestEntry testId="06eaecc5-a61e-588c-3698-90b28ebd700e" executionId="4a895725-893e-4e43-a6e8-e41451aa6d99" testListId="8c84fa94-04c1-424b-9868-57a2d4851a1d" />
    <TestEntry testId="59524313-3601-c65c-9b12-abd92090ce88" executionId="60b810c7-dcb3-439d-a7dd-f28b2da49913" testListId="8c84fa94-04c1-424b-9868-57a2d4851a1d" />
    <TestEntry testId="67fe9761-0c53-3773-5339-ca492a2c95fb" executionId="9c33dbeb-5bdf-489b-9a43-ab300557d144" testListId="8c84fa94-04c1-424b-9868-57a2d4851a1d" />
    <TestEntry testId="43daf569-3bce-220b-e88f-b666ac480023" executionId="3a7ff320-4497-4c37-903b-ee602fb2bd84" testListId="8c84fa94-04c1-424b-9868-57a2d4851a1d" />
    <TestEntry testId="5d01de28-e6ae-6c22-5c91-d0c7d12338e3" executionId="2cdc616a-f31f-4887-a191-6460a25931dc" testListId="8c84fa94-04c1-424b-9868-57a2d4851a1d" />
    <TestEntry testId="f6b1bb3a-5c5f-c0b0-4263-16bc57dd9156" executionId="add4e916-b7a3-40f3-9788-284e0af73286" testListId="8c84fa94-04c1-424b-9868-57a2d4851a1d" />
    <TestEntry testId="801374fb-6366-6e1b-24d9-368f321cfa1d" executionId="e4980aff-3108-4847-87ce-12a7b0fe484f" testListId="8c84fa94-04c1-424b-9868-57a2d4851a1d" />
    <TestEntry testId="f10e4c7f-7c2f-db88-a32e-4b694fe871d7" executionId="6698394d-f2bd-4bd2-921e-2bee4e9b7180" testListId="8c84fa94-04c1-424b-9868-57a2d4851a1d" />
    <TestEntry testId="7b6e80a8-808c-ac81-7619-b92280b3d235" executionId="cb70631d-570b-44a8-8ad5-7483bbf16ada" testListId="8c84fa94-04c1-424b-9868-57a2d4851a1d" />
    <TestEntry testId="e0e2a4f8-9b17-afa2-2d2e-e9ed6c9180b5" executionId="788b5c46-4f1a-4171-8d49-2e9d4519b04f" testListId="8c84fa94-04c1-424b-9868-57a2d4851a1d" />
    <TestEntry testId="cfafff56-2602-965b-6406-2d952413ebf9" executionId="254a1414-6c6b-4301-b255-2cdc17de720c" testListId="8c84fa94-04c1-424b-9868-57a2d4851a1d" />
    <TestEntry testId="f375cdd1-65d9-6f41-0c5c-46c11d15a575" executionId="2e0fd2e7-017e-410c-8e97-b2334780aed5" testListId="8c84fa94-04c1-424b-9868-57a2d4851a1d" />
    <TestEntry testId="8d627c14-62f3-55fc-3353-475714ef0677" executionId="43a76b87-c382-45b7-86e4-c1d7d8ff61dd" testListId="8c84fa94-04c1-424b-9868-57a2d4851a1d" />
    <TestEntry testId="70eb97cf-6fb5-8090-90b9-939e95e3b186" executionId="040fb318-eae4-46b4-b7d6-feef563fe51c" testListId="8c84fa94-04c1-424b-9868-57a2d4851a1d" />
    <TestEntry testId="ca7368aa-77ae-e255-1637-45c6b94c7a42" executionId="53cbeba6-5f1c-4840-b7f8-32539c1300fe" testListId="8c84fa94-04c1-424b-9868-57a2d4851a1d" />
    <TestEntry testId="01feb38e-4635-81d2-104a-41d47a7d67a5" executionId="c526f9e1-64fc-4fc2-98ed-9f501de7ec30" testListId="8c84fa94-04c1-424b-9868-57a2d4851a1d" />
    <TestEntry testId="1ae86f40-de65-d93c-055b-9239232d7a2e" executionId="00bf04be-8cd4-4386-a3d1-da850bcef782" testListId="8c84fa94-04c1-424b-9868-57a2d4851a1d" />
    <TestEntry testId="13287f31-e788-e2d4-f141-52b50e707662" executionId="632f2058-f548-4f32-8e38-6c0d7c973b9e" testListId="8c84fa94-04c1-424b-9868-57a2d4851a1d" />
    <TestEntry testId="a6f9bf28-954c-a169-d2e3-1df1e535b29e" executionId="98d4bfbc-2ae2-416c-b00d-11a939ea07b5" testListId="8c84fa94-04c1-424b-9868-57a2d4851a1d" />
    <TestEntry testId="775b1367-3189-a824-d0c9-823db512bc30" executionId="f7100cf6-fa1c-4877-b20f-8ed616725905" testListId="8c84fa94-04c1-424b-9868-57a2d4851a1d" />
    <TestEntry testId="14b24c83-afb1-1fe1-ea5d-17b496ea31a4" executionId="4eb91ccf-51c3-498c-9d13-f77992c11bf4" testListId="8c84fa94-04c1-424b-9868-57a2d4851a1d" />
    <TestEntry testId="9aea92bd-a732-8732-3286-9126a7e2884c" executionId="8792fc1f-ad66-4af0-aa3b-8fbc85ae64e6" testListId="8c84fa94-04c1-424b-9868-57a2d4851a1d" />
    <TestEntry testId="c425ec9e-c38d-1375-c959-34a80814e443" executionId="d0c6d085-0993-4864-8a1c-5b907f334b3d" testListId="8c84fa94-04c1-424b-9868-57a2d4851a1d" />
    <TestEntry testId="34946c4b-9b86-cf74-6501-0375a2804ba9" executionId="4d0db3f2-61dd-426a-9ede-af3cd8197dd2" testListId="8c84fa94-04c1-424b-9868-57a2d4851a1d" />
    <TestEntry testId="73be019d-1c26-14f4-6197-8702434cb789" executionId="3063cc63-ae31-4f67-9d45-4279d0905594" testListId="8c84fa94-04c1-424b-9868-57a2d4851a1d" />
    <TestEntry testId="a0e2b5a2-035f-51df-94ac-0c80a27d7671" executionId="d4a7ea14-ce88-4a48-ae32-918b14dd1df1" testListId="8c84fa94-04c1-424b-9868-57a2d4851a1d" />
    <TestEntry testId="e7850e2b-39d7-effe-6d3e-ea817bc5c9f9" executionId="e33af717-ba0d-4e57-9d25-dc761cefd989" testListId="8c84fa94-04c1-424b-9868-57a2d4851a1d" />
    <TestEntry testId="12c88a43-5a11-3c42-0ae5-64f9f48e1bb6" executionId="177caefa-aab3-4290-8261-f1bf09927e51" testListId="8c84fa94-04c1-424b-9868-57a2d4851a1d" />
    <TestEntry testId="934eb40e-0cb9-2308-ec91-504d3c36e23a" executionId="15df1676-961a-48c7-b6f9-79aea55cdcc5" testListId="8c84fa94-04c1-424b-9868-57a2d4851a1d" />
    <TestEntry testId="9fff0259-9346-ba07-75df-2e340fc42376" executionId="182ccbcf-3aff-4bb5-b5f9-66cdb1909b0e" testListId="8c84fa94-04c1-424b-9868-57a2d4851a1d" />
    <TestEntry testId="832cb8dd-452e-8b63-c810-8d0dc73f7eb0" executionId="224bd8a9-9aeb-401c-99d4-6d2d6c4f439f" testListId="8c84fa94-04c1-424b-9868-57a2d4851a1d" />
    <TestEntry testId="60131f95-3126-ce3c-ffb5-ec094d16105b" executionId="989e32ec-b577-4b9e-a3c0-59acd51399bc" testListId="8c84fa94-04c1-424b-9868-57a2d4851a1d" />
    <TestEntry testId="05f743d1-937a-7d43-9e19-5edaf4c25bb7" executionId="ffeec67c-8ff8-4625-8fb1-800d455098f3" testListId="8c84fa94-04c1-424b-9868-57a2d4851a1d" />
    <TestEntry testId="9cdfec4c-e27e-9bd2-316e-e8b57afc6304" executionId="d5b9828b-6783-4544-a131-ef2b432d6a16" testListId="8c84fa94-04c1-424b-9868-57a2d4851a1d" />
    <TestEntry testId="27cabf1d-308f-181d-d31e-b76ccd9ffbd5" executionId="f3b85b2e-643b-438c-83a4-d3a176a58b71" testListId="8c84fa94-04c1-424b-9868-57a2d4851a1d" />
    <TestEntry testId="596fd6d3-e623-e12e-182c-0c3528e4e9c8" executionId="1a3477a4-1122-444e-b748-1e279efde2e2" testListId="8c84fa94-04c1-424b-9868-57a2d4851a1d" />
    <TestEntry testId="cc5e635b-4364-b1d3-13fc-71a6c0c163be" executionId="687fb09a-fd42-4f63-b527-cd24c19fdc11" testListId="8c84fa94-04c1-424b-9868-57a2d4851a1d" />
    <TestEntry testId="eff6b531-5aa8-3e1d-5b95-85cb31c10312" executionId="b4d44f1d-08a2-4cdd-b234-f608db6b4be0" testListId="8c84fa94-04c1-424b-9868-57a2d4851a1d" />
    <TestEntry testId="a233b0bf-7475-22b1-ba32-efabf55ac76e" executionId="58b0c8b4-71e1-4fc7-851e-f467a90446f0" testListId="8c84fa94-04c1-424b-9868-57a2d4851a1d" />
    <TestEntry testId="ac7d45c0-1e3b-1eeb-0bbd-c6016a588e61" executionId="594db911-6091-4b8d-8a89-bfa55473bb26" testListId="8c84fa94-04c1-424b-9868-57a2d4851a1d" />
    <TestEntry testId="0f8f162f-04c8-93b6-bc09-ad6b2b579c3e" executionId="cb69e9f8-2437-4d1a-a085-d3f08e61f11e" testListId="8c84fa94-04c1-424b-9868-57a2d4851a1d" />
    <TestEntry testId="30dfcd0d-5909-3714-5253-07cacdb3fba8" executionId="0c779131-98c0-43b6-b06c-6265f4306518" testListId="8c84fa94-04c1-424b-9868-57a2d4851a1d" />
    <TestEntry testId="a1bb1f9a-b82c-e54a-73fb-4c8aaec4bb3f" executionId="742af56e-2568-4016-b5c1-78cd37702340" testListId="8c84fa94-04c1-424b-9868-57a2d4851a1d" />
    <TestEntry testId="e36b2e0a-f623-eba1-545b-39729ad80b2e" executionId="531f9ae5-9e93-4acf-94b9-54e59bbb7c05" testListId="8c84fa94-04c1-424b-9868-57a2d4851a1d" />
    <TestEntry testId="e3331d1b-8c7d-231c-6751-d2ce129ced81" executionId="f2fca000-b508-4f42-babc-b036816c7b2a" testListId="8c84fa94-04c1-424b-9868-57a2d4851a1d" />
    <TestEntry testId="0ae9e340-245f-799a-bba4-bfae0a55b1bd" executionId="b936b7a3-d13c-41de-a9b7-69b58002c774" testListId="8c84fa94-04c1-424b-9868-57a2d4851a1d" />
    <TestEntry testId="b86c8948-f7d8-728c-6904-dc5d9758ae66" executionId="fa3bd1e5-adbe-4151-94f6-497c0736bb3e" testListId="8c84fa94-04c1-424b-9868-57a2d4851a1d" />
    <TestEntry testId="6ed6cc4f-0b69-d300-8374-f11ffe57b6be" executionId="bb009007-7b44-4306-87b3-3e41ae75ff51" testListId="8c84fa94-04c1-424b-9868-57a2d4851a1d" />
    <TestEntry testId="a3a5c8ea-dbbb-3e4f-7267-ef6bd47aa29e" executionId="a8af96be-e5c7-445a-b0e8-f84825067c9e" testListId="8c84fa94-04c1-424b-9868-57a2d4851a1d" />
    <TestEntry testId="0bca286d-dd69-5c57-8d8c-a51a534f96aa" executionId="da1de149-5c37-4aa8-baa4-ff98d5bd1591" testListId="8c84fa94-04c1-424b-9868-57a2d4851a1d" />
    <TestEntry testId="a16fac14-2952-59c2-f9cb-93ac47ea55ca" executionId="ab402a58-a38b-4d6a-956d-6c1fc8097ea4" testListId="8c84fa94-04c1-424b-9868-57a2d4851a1d" />
    <TestEntry testId="6d94d123-0366-be52-99f0-ddb1f359935c" executionId="c6f6d0b1-4cdf-4c8d-b4d7-9aaeb7937000" testListId="8c84fa94-04c1-424b-9868-57a2d4851a1d" />
    <TestEntry testId="dd96b905-dcef-c594-5611-ca3036f7f364" executionId="6a2ead9d-b884-444f-a4fe-e6307c433bcf" testListId="8c84fa94-04c1-424b-9868-57a2d4851a1d" />
    <TestEntry testId="b4c4f7db-6053-4338-b207-4f1401299acd" executionId="752d0f31-f501-4893-ae70-736903c6d192" testListId="8c84fa94-04c1-424b-9868-57a2d4851a1d" />
    <TestEntry testId="33e5b36f-9681-2521-0d54-c62aebce6bce" executionId="dabbca44-fdb4-4777-8860-ebc3ad2eb8e3" testListId="8c84fa94-04c1-424b-9868-57a2d4851a1d" />
    <TestEntry testId="efe80498-3b69-482c-b182-5566dd79e1e4" executionId="d0965ac9-5e46-4d0f-a23d-bf49fa6e2d45" testListId="8c84fa94-04c1-424b-9868-57a2d4851a1d" />
    <TestEntry testId="af2f1c64-8a2a-cc80-4b30-6947f73e734f" executionId="d9b1cc74-cedd-4c0f-93b6-ad217b78b0a5" testListId="8c84fa94-04c1-424b-9868-57a2d4851a1d" />
    <TestEntry testId="822f7959-9dcb-09b4-3d54-006e0a8a1864" executionId="47429ae1-2ff6-48fd-92d7-a1551677afa3" testListId="8c84fa94-04c1-424b-9868-57a2d4851a1d" />
    <TestEntry testId="6d723e59-8d3b-fb38-246d-45407ced1558" executionId="53d3967f-813f-41e3-a46a-382e84b936e8" testListId="8c84fa94-04c1-424b-9868-57a2d4851a1d" />
    <TestEntry testId="4ad32d2a-392c-75b6-9ee4-ad7026ad2f38" executionId="e0e61f1e-ac29-4754-8c43-c8dfd93a8117" testListId="8c84fa94-04c1-424b-9868-57a2d4851a1d" />
    <TestEntry testId="a9c0567b-3355-1747-3327-c8adbd54000f" executionId="579a06d9-08ab-4e98-aacf-89f278c73db2" testListId="8c84fa94-04c1-424b-9868-57a2d4851a1d" />
    <TestEntry testId="f85b1ab5-7acd-437f-9ef7-b3157e4451bc" executionId="ebe041f8-9e40-48cb-83c0-de56a4b8986a" testListId="8c84fa94-04c1-424b-9868-57a2d4851a1d" />
    <TestEntry testId="6230042b-066b-7540-e033-c1da687c8808" executionId="5ef85bee-d757-41ec-9950-6e4cf3abc4df" testListId="8c84fa94-04c1-424b-9868-57a2d4851a1d" />
    <TestEntry testId="eae8144a-f656-dd1f-f75c-bc79cb2d904b" executionId="c3c04c46-0b13-45eb-8a3f-43ecf82201c4" testListId="8c84fa94-04c1-424b-9868-57a2d4851a1d" />
    <TestEntry testId="5c9176a2-10c0-60f1-d8ea-56e9bf838835" executionId="baee266b-dee6-4c66-96e2-5b7d233d0b96" testListId="8c84fa94-04c1-424b-9868-57a2d4851a1d" />
    <TestEntry testId="9d00da37-99e6-64e6-3a14-1bcc1c5fdd5b" executionId="75d95473-8018-49da-ac88-4e2caf705031" testListId="8c84fa94-04c1-424b-9868-57a2d4851a1d" />
    <TestEntry testId="ebce04db-882c-ceae-f4a7-61db1ab59332" executionId="dbf1f9c4-fe84-4344-9386-c728570c8b58" testListId="8c84fa94-04c1-424b-9868-57a2d4851a1d" />
    <TestEntry testId="ef3d2462-9805-0737-b936-672aaa3b5c41" executionId="18767c25-9073-4930-85a2-83779a6ab85d" testListId="8c84fa94-04c1-424b-9868-57a2d4851a1d" />
    <TestEntry testId="d343ebf0-90b9-8312-b39f-0f294924653b" executionId="e0a2b7ba-02a6-41c9-8374-e12110890655" testListId="8c84fa94-04c1-424b-9868-57a2d4851a1d" />
    <TestEntry testId="5c673eb5-12cc-90ae-c56e-c7eb9d3c0590" executionId="e1ffe22a-2d3f-49e6-81d8-2e84a392e84f" testListId="8c84fa94-04c1-424b-9868-57a2d4851a1d" />
    <TestEntry testId="6a17ffe4-7e07-899a-6465-91e72bdbf468" executionId="d0752938-9466-41b0-ae43-213e4b4dac08" testListId="8c84fa94-04c1-424b-9868-57a2d4851a1d" />
    <TestEntry testId="a088844f-aa95-895a-18a3-251325a06d05" executionId="809ba24c-3bea-4682-8d89-04dddd7d245f" testListId="8c84fa94-04c1-424b-9868-57a2d4851a1d" />
    <TestEntry testId="0b86288e-80e8-cbc5-578a-2357123bd041" executionId="7f293574-4577-4d5b-8ce3-01a78f1194bd" testListId="8c84fa94-04c1-424b-9868-57a2d4851a1d" />
    <TestEntry testId="fd0ab141-7840-5d96-7618-b67c8b840eee" executionId="3a20b0b6-9a71-4c69-880f-53d7c6587027" testListId="8c84fa94-04c1-424b-9868-57a2d4851a1d" />
    <TestEntry testId="5b41c46b-1dee-ac44-4454-7eb6d7e505a2" executionId="3f953002-5bc6-4eca-9649-6f5ba841c62d" testListId="8c84fa94-04c1-424b-9868-57a2d4851a1d" />
    <TestEntry testId="4ef9ba7f-9843-68c1-3bd4-4c329c30cec0" executionId="50b2a560-a1ee-4117-9835-6e8fc2dcc276" testListId="8c84fa94-04c1-424b-9868-57a2d4851a1d" />
    <TestEntry testId="85389b76-f656-b28d-81df-d1ec6e961132" executionId="6fc5d661-3758-4eef-b0a3-25b5b47524eb" testListId="8c84fa94-04c1-424b-9868-57a2d4851a1d" />
    <TestEntry testId="aff30fbf-763f-2f9e-b0cc-a98a35d151b0" executionId="800abb46-1976-410e-8fa9-823b87c54e66" testListId="8c84fa94-04c1-424b-9868-57a2d4851a1d" />
    <TestEntry testId="7138cab9-c2f9-008a-0b0c-9d64fbb5e6b9" executionId="7030eabd-c313-4c3b-aa13-db6cd05fd396" testListId="8c84fa94-04c1-424b-9868-57a2d4851a1d" />
    <TestEntry testId="a0e44636-1ff6-6a1e-ac48-cd0b02b4597b" executionId="29477286-d087-467f-a626-33ebf6badad3" testListId="8c84fa94-04c1-424b-9868-57a2d4851a1d" />
    <TestEntry testId="42161733-a84f-c463-f8a8-073b446ca3de" executionId="39ffa9d1-4a8d-43a0-884e-cbb8b10d5416" testListId="8c84fa94-04c1-424b-9868-57a2d4851a1d" />
    <TestEntry testId="b2206278-bd3d-1c8b-0142-78ef5805880b" executionId="77820f36-c694-4dee-a44a-d97ee600ecbb" testListId="8c84fa94-04c1-424b-9868-57a2d4851a1d" />
    <TestEntry testId="022a055b-6ebe-e782-e026-a09e283910ea" executionId="4f955e18-82e0-4b8d-b592-11217bf05108" testListId="8c84fa94-04c1-424b-9868-57a2d4851a1d" />
    <TestEntry testId="a5bf996a-851b-c1e5-0c9e-4b5c6288a744" executionId="5ad65ee4-a23c-4317-91f2-c541a34ee19e" testListId="8c84fa94-04c1-424b-9868-57a2d4851a1d" />
    <TestEntry testId="83602d0f-e8fc-dc2c-16f1-f22bb5275d62" executionId="6e966d28-82b1-4ab6-bfff-2702aba91d8e" testListId="8c84fa94-04c1-424b-9868-57a2d4851a1d" />
    <TestEntry testId="47ff905a-bdb9-8c9d-978f-83c30105525a" executionId="ca0ffe9d-4292-4f66-82c2-a8c9e6ff8be3" testListId="8c84fa94-04c1-424b-9868-57a2d4851a1d" />
    <TestEntry testId="f03a5c4e-00a7-c123-3fad-20db24597c9c" executionId="97e64d5e-4e3b-4a3b-afeb-d1282fcbcdd3" testListId="8c84fa94-04c1-424b-9868-57a2d4851a1d" />
    <TestEntry testId="845a4b78-2afb-dc38-4c33-12f56ddfe7ee" executionId="55cd179d-899f-48fa-af81-fa868033ffeb" testListId="8c84fa94-04c1-424b-9868-57a2d4851a1d" />
    <TestEntry testId="c3bd286e-e412-9a7e-dc49-1313e3d02098" executionId="d214fbf4-a8a6-4d3d-9efe-c723c7b4cbb2" testListId="8c84fa94-04c1-424b-9868-57a2d4851a1d" />
    <TestEntry testId="1ec81807-d127-32aa-fc7b-9ec8ae41fc40" executionId="2ad8189c-58ba-4247-81fa-a1fc1a511572" testListId="8c84fa94-04c1-424b-9868-57a2d4851a1d" />
    <TestEntry testId="ea6d29d3-95d7-024f-8190-73b535cae4ec" executionId="5e0fcab8-2f0d-4c7b-a21e-d9a593c947b4" testListId="8c84fa94-04c1-424b-9868-57a2d4851a1d" />
    <TestEntry testId="e70f92fc-f1d3-cec4-b7e4-b0ff367f2fb1" executionId="db84c0f8-9969-413a-a19b-a42b5a9726a9" testListId="8c84fa94-04c1-424b-9868-57a2d4851a1d" />
    <TestEntry testId="e882c110-d54b-b53d-28f8-466fc33e4948" executionId="cafbe729-8df0-47f4-9f87-596ac5332d48" testListId="8c84fa94-04c1-424b-9868-57a2d4851a1d" />
    <TestEntry testId="4cf9dbcf-57e4-1d7c-8f5e-9937c35779e4" executionId="cc6ce356-206d-4a7e-b51f-b8b96acb1048" testListId="8c84fa94-04c1-424b-9868-57a2d4851a1d" />
    <TestEntry testId="b94641e4-ee46-3d33-d427-e9153ae3739f" executionId="fcae7bdb-e747-4c0e-8a14-c7ddd220563c" testListId="8c84fa94-04c1-424b-9868-57a2d4851a1d" />
    <TestEntry testId="9a60e8b1-4d8a-31ce-d3cc-dc0fc13ef5e5" executionId="7c2befd3-3426-4be9-a322-2ec0dd44d055" testListId="8c84fa94-04c1-424b-9868-57a2d4851a1d" />
    <TestEntry testId="f8b6cadd-b921-8c12-7802-ac8ca86f3113" executionId="e5f04923-40cf-417e-8f1f-af0b2add1575" testListId="8c84fa94-04c1-424b-9868-57a2d4851a1d" />
    <TestEntry testId="0200c27a-805d-d307-9530-462a9d6d0eeb" executionId="426cb8fe-4c8d-4e8d-abfe-e8e36aee0676" testListId="8c84fa94-04c1-424b-9868-57a2d4851a1d" />
    <TestEntry testId="8279d099-96d6-eac9-0f98-2fd4f430960c" executionId="cf0c5b3c-7fc1-40cb-af1f-ffb173fbba47" testListId="8c84fa94-04c1-424b-9868-57a2d4851a1d" />
    <TestEntry testId="d687512c-3316-26f6-6876-16b79ea538f4" executionId="942fc715-72d9-4d9a-bd75-ce224329da42" testListId="8c84fa94-04c1-424b-9868-57a2d4851a1d" />
    <TestEntry testId="e79cff88-57a1-4d54-5842-382760458b84" executionId="9d14d718-e528-4eba-8fd4-2f672e1eba91" testListId="8c84fa94-04c1-424b-9868-57a2d4851a1d" />
    <TestEntry testId="fba6c5d6-f67e-b778-3f6d-40b264f20da7" executionId="435e253e-675e-4f00-b309-07e56b0b12a2" testListId="8c84fa94-04c1-424b-9868-57a2d4851a1d" />
    <TestEntry testId="f0226581-d7f4-7994-5ccb-69826aa89692" executionId="8922ecdb-c815-46b0-a717-0ff537c720a1" testListId="8c84fa94-04c1-424b-9868-57a2d4851a1d" />
    <TestEntry testId="7c2c6837-0ff3-3639-aae7-2c01abcd651e" executionId="bdc8b1a7-954c-4bdd-bab1-e23b9902a04b" testListId="8c84fa94-04c1-424b-9868-57a2d4851a1d" />
    <TestEntry testId="9f2d1477-390a-653e-b0f6-8bf047758a68" executionId="102e9088-4a3d-4522-b6d8-aff50bf5586b" testListId="8c84fa94-04c1-424b-9868-57a2d4851a1d" />
    <TestEntry testId="3ca1982b-2ea7-5d94-db54-ade5cd0ce4d1" executionId="16be0af9-fabb-4109-89cf-1bfd2eeb779b" testListId="8c84fa94-04c1-424b-9868-57a2d4851a1d" />
    <TestEntry testId="9d75fc61-02a7-56c3-acfc-5b8fb2336567" executionId="950b8597-7e26-4110-b13f-a935bfb268fb" testListId="8c84fa94-04c1-424b-9868-57a2d4851a1d" />
    <TestEntry testId="628c5a10-fa75-4635-d543-84daf4bbbed1" executionId="fa7390f3-bd12-4800-8a3c-29e318642938" testListId="8c84fa94-04c1-424b-9868-57a2d4851a1d" />
    <TestEntry testId="081d79ae-92e6-b908-1d02-350cb6023be2" executionId="ca16c19c-2895-49c9-b424-ad669a9a80b1" testListId="8c84fa94-04c1-424b-9868-57a2d4851a1d" />
    <TestEntry testId="ab798f06-3bf6-045e-1892-75901f2e7685" executionId="42221659-34f8-44ed-b992-b8a9ef121cdb" testListId="8c84fa94-04c1-424b-9868-57a2d4851a1d" />
    <TestEntry testId="20617ce6-36f9-6733-8379-e6990cbfa1ef" executionId="0f79181a-6d8d-4ce1-98d9-09a4f9fd5d89" testListId="8c84fa94-04c1-424b-9868-57a2d4851a1d" />
    <TestEntry testId="04cda920-efc4-365b-24c0-fc5e6312876f" executionId="d32ce2d4-6eeb-4773-aa72-088958e6cda0" testListId="8c84fa94-04c1-424b-9868-57a2d4851a1d" />
    <TestEntry testId="62b536c1-1bca-c658-de57-8a37bfb49525" executionId="3ff020bc-4050-49fe-8409-34260a3fd860" testListId="8c84fa94-04c1-424b-9868-57a2d4851a1d" />
    <TestEntry testId="f2c10cca-fc55-f413-45c2-2521cc1961e2" executionId="d2f98c0d-f065-4df8-838b-dbb40d2cd55b" testListId="8c84fa94-04c1-424b-9868-57a2d4851a1d" />
    <TestEntry testId="4478d8c6-cc1f-151f-5b78-c96e0f6d778a" executionId="1a6c1eab-67c0-460d-bb1e-15aaef65cf34" testListId="8c84fa94-04c1-424b-9868-57a2d4851a1d" />
    <TestEntry testId="475df9a0-d2db-c383-720b-f7b47342c040" executionId="6c21dca3-2b19-4d0b-ac55-f1c4ff31a49a" testListId="8c84fa94-04c1-424b-9868-57a2d4851a1d" />
    <TestEntry testId="e27bd1d2-650e-74fd-27b7-698f00abad61" executionId="7dc17952-e026-4729-b70d-2b5a07bca1c0" testListId="8c84fa94-04c1-424b-9868-57a2d4851a1d" />
    <TestEntry testId="e51d5a0b-1ec1-7c7b-fb43-2477559a4db3" executionId="311655fa-f704-4910-9a1d-e5c78f7126da" testListId="8c84fa94-04c1-424b-9868-57a2d4851a1d" />
    <TestEntry testId="61a27669-aede-ff1b-28bc-1b1d2d61e91a" executionId="485e9a0b-3760-4629-9e91-2d641dc8c1b3" testListId="8c84fa94-04c1-424b-9868-57a2d4851a1d" />
    <TestEntry testId="b8edc3ef-b429-906b-f809-265185fb5189" executionId="6560d143-e937-45a2-a3cd-02cdfd7e9ef0" testListId="8c84fa94-04c1-424b-9868-57a2d4851a1d" />
    <TestEntry testId="42c7b6ec-6fd8-3a5b-5dad-a1ffcb7fbb57" executionId="aa2c0c37-4afa-47f2-b71f-d4f079eb68cb" testListId="8c84fa94-04c1-424b-9868-57a2d4851a1d" />
    <TestEntry testId="0e3e3d76-0931-6ed2-f1ab-88f35b78ffad" executionId="42e12911-5929-4d7a-adab-d36b777595ce" testListId="8c84fa94-04c1-424b-9868-57a2d4851a1d" />
    <TestEntry testId="58f66935-b4b3-6118-596d-600db53f9218" executionId="d7570d1c-1bd0-433b-b993-9317cc09c4e0" testListId="8c84fa94-04c1-424b-9868-57a2d4851a1d" />
    <TestEntry testId="3ce60d24-6b9e-ad13-e847-b9237bca7759" executionId="80bf39ab-c875-428d-99e0-ddef49e601db" testListId="8c84fa94-04c1-424b-9868-57a2d4851a1d" />
    <TestEntry testId="0fd024f0-12ba-7ea7-b690-018972738db2" executionId="2069eae5-127f-48f4-9fe6-ffc2f9d0f10a" testListId="8c84fa94-04c1-424b-9868-57a2d4851a1d" />
    <TestEntry testId="9186e825-8e3d-f413-3e31-cf412d7a879d" executionId="f3efab00-b066-4efd-903a-a78c33255da4" testListId="8c84fa94-04c1-424b-9868-57a2d4851a1d" />
    <TestEntry testId="5cdc70af-ff91-ee76-bf09-79c97701d345" executionId="3feb5155-178a-46e8-ac96-523e5b7588fc" testListId="8c84fa94-04c1-424b-9868-57a2d4851a1d" />
    <TestEntry testId="ff57e55b-1854-c5e0-0fcd-8d0b4d8c7f8b" executionId="ea9949a0-3828-4afc-a8de-3e1ef587a102" testListId="8c84fa94-04c1-424b-9868-57a2d4851a1d" />
    <TestEntry testId="9dbb768e-bcac-b81e-8f84-5226fb578808" executionId="a6470230-2362-4205-876b-a902e61c5647" testListId="8c84fa94-04c1-424b-9868-57a2d4851a1d" />
    <TestEntry testId="85bc96f5-633a-73ce-38a3-065c75c961bf" executionId="35db8ee7-c21e-4a10-895b-b56ffd48e6bf" testListId="8c84fa94-04c1-424b-9868-57a2d4851a1d" />
    <TestEntry testId="04f1c957-3b52-a4e4-88ce-e71488ccd8d2" executionId="a15e7ac9-9228-4a33-a272-4b8472293473" testListId="8c84fa94-04c1-424b-9868-57a2d4851a1d" />
    <TestEntry testId="6d4ff796-fb99-102d-5dff-045c4f4a4c1a" executionId="e00e8e21-efbd-4121-98f2-cbe3d5e83a93" testListId="8c84fa94-04c1-424b-9868-57a2d4851a1d" />
    <TestEntry testId="279abe63-320e-13e4-a8e2-c9909fd8742b" executionId="23cf2c91-c7b7-40a4-825a-b7ce85abe33a" testListId="8c84fa94-04c1-424b-9868-57a2d4851a1d" />
    <TestEntry testId="eba23772-4d9d-10e4-1b6a-5ca9604d5785" executionId="22ff511e-6e47-45ff-936c-1dfe04f4d49b" testListId="8c84fa94-04c1-424b-9868-57a2d4851a1d" />
    <TestEntry testId="e3262ca2-b92e-9142-2017-e6fceeb13397" executionId="a13df267-5955-4e2c-98de-b3d865fd4dde" testListId="8c84fa94-04c1-424b-9868-57a2d4851a1d" />
    <TestEntry testId="0f20ed1f-90f5-3f55-3a6f-ddf0b36cb5a6" executionId="7f2716a1-b3b9-401c-99ca-54c913422b95" testListId="8c84fa94-04c1-424b-9868-57a2d4851a1d" />
    <TestEntry testId="5cb95ba8-2ed5-0457-cda8-ddf8ed781451" executionId="8147b8b2-2b20-496f-acf0-697f209c0768" testListId="8c84fa94-04c1-424b-9868-57a2d4851a1d" />
    <TestEntry testId="1f66a028-fe14-83e5-1dc3-037a7ab62871" executionId="17bdc573-2e4b-40c6-be7d-61b88c4cc23f" testListId="8c84fa94-04c1-424b-9868-57a2d4851a1d" />
    <TestEntry testId="7dfc50e8-714e-30b3-d106-dc4220777e56" executionId="d002d12a-06c9-418e-9bce-1644547589c7" testListId="8c84fa94-04c1-424b-9868-57a2d4851a1d" />
    <TestEntry testId="0d4292bb-9092-07e1-d05c-8ff30f027515" executionId="d9350dbf-7039-46aa-8235-546d976302f6" testListId="8c84fa94-04c1-424b-9868-57a2d4851a1d" />
    <TestEntry testId="7de57e20-c921-b425-66cd-8a389b670b01" executionId="ea7f3b74-3489-4c1f-9a35-7323d8bda086" testListId="8c84fa94-04c1-424b-9868-57a2d4851a1d" />
    <TestEntry testId="4920ef1a-ec63-940a-6c12-3ff42fd4dece" executionId="2c3d206e-45b5-4b4e-b730-52baae2582a7" testListId="8c84fa94-04c1-424b-9868-57a2d4851a1d" />
    <TestEntry testId="9c4ff579-8830-5232-3a16-ce25a63d0a5c" executionId="f21f7190-9c8d-44b1-9368-708f2036c244" testListId="8c84fa94-04c1-424b-9868-57a2d4851a1d" />
    <TestEntry testId="db4cb7f2-b8a3-b1bb-027d-8824350ed6e4" executionId="ed25e829-3bd5-4774-9cd0-a5b26c43aa2a" testListId="8c84fa94-04c1-424b-9868-57a2d4851a1d" />
    <TestEntry testId="9bb0e229-48e7-341c-ee58-a20a471abd3a" executionId="3efd16a9-4778-41b1-ad53-54dc0028326a" testListId="8c84fa94-04c1-424b-9868-57a2d4851a1d" />
    <TestEntry testId="4ac1bc51-5ce4-d59f-f7f4-70be4d49e2cc" executionId="e3f789ad-33c1-476d-af81-4e11d7e391e6" testListId="8c84fa94-04c1-424b-9868-57a2d4851a1d" />
    <TestEntry testId="d929a040-1aba-5669-e118-7d4e17a2b862" executionId="a7e7054a-3e0a-40f3-821f-ea7b6ca8e4ad" testListId="8c84fa94-04c1-424b-9868-57a2d4851a1d" />
    <TestEntry testId="d5d6f0da-873e-4fdc-a036-967cdfb725f8" executionId="f3dcd8b6-1fd7-41f7-b5ce-bf16f65e02dd" testListId="8c84fa94-04c1-424b-9868-57a2d4851a1d" />
    <TestEntry testId="77b5d4bc-b377-3b3d-cdba-71dd46765f92" executionId="44be71c2-6e6d-4a83-b59d-3679d37749f5" testListId="8c84fa94-04c1-424b-9868-57a2d4851a1d" />
    <TestEntry testId="0b849fea-c75b-8fe2-9812-434f956f0ad6" executionId="1ca1a7c2-2004-4044-8cf5-61a6f55f8b05" testListId="8c84fa94-04c1-424b-9868-57a2d4851a1d" />
    <TestEntry testId="40011b60-4048-c1a7-b55d-88f066436383" executionId="6c69375f-3c39-407b-856b-c33eedcd5ec1" testListId="8c84fa94-04c1-424b-9868-57a2d4851a1d" />
    <TestEntry testId="1920d83d-5950-9568-4233-11ab75bed826" executionId="f306043e-48a5-4ac1-bab2-1937ef043f03" testListId="8c84fa94-04c1-424b-9868-57a2d4851a1d" />
    <TestEntry testId="57b55e6e-9069-bda1-354a-d72ede57b55a" executionId="2e7b388d-ea7d-4e80-84eb-07903683893f" testListId="8c84fa94-04c1-424b-9868-57a2d4851a1d" />
    <TestEntry testId="0a3db00b-0b97-dba4-4bb2-8340250078ae" executionId="ff8f331f-548d-4c09-9ae1-5555b29e06f4" testListId="8c84fa94-04c1-424b-9868-57a2d4851a1d" />
    <TestEntry testId="396d4ce9-42e4-63bb-9820-e13af62804a6" executionId="76c20d57-7cd5-458a-a2a4-92dc4f55f7ed" testListId="8c84fa94-04c1-424b-9868-57a2d4851a1d" />
    <TestEntry testId="fffc1273-ce43-418f-8c06-38c9e3f1c833" executionId="081448cb-482d-402e-b8d4-1ac50172c3e7" testListId="8c84fa94-04c1-424b-9868-57a2d4851a1d" />
    <TestEntry testId="b9344815-31b2-f189-b070-973f4dd1ca18" executionId="8eaeaf6e-66c6-4e83-bdaf-1224f1d1c064" testListId="8c84fa94-04c1-424b-9868-57a2d4851a1d" />
    <TestEntry testId="660a49ac-22b4-f954-7722-970f53b93449" executionId="0f00549d-c1e1-4bdd-ae5e-ac4abbd22fa0" testListId="8c84fa94-04c1-424b-9868-57a2d4851a1d" />
    <TestEntry testId="0b1e3b98-0852-b8bb-9431-9f412235997e" executionId="3597de91-3cf2-447f-850f-2c827bfa8e86" testListId="8c84fa94-04c1-424b-9868-57a2d4851a1d" />
    <TestEntry testId="6f6d8299-aebe-4419-b1c6-5d039f069125" executionId="25cf645f-8e86-43e6-bd77-ae2994b5642f" testListId="8c84fa94-04c1-424b-9868-57a2d4851a1d" />
    <TestEntry testId="5c7bdf78-5cd8-45cf-f70d-8d215a9dcd99" executionId="d4725557-ef6e-4874-9445-4c07d13626a7" testListId="8c84fa94-04c1-424b-9868-57a2d4851a1d" />
    <TestEntry testId="5542dda8-0b53-5ee0-368c-965e224d9fd4" executionId="ebf3ae55-a7fc-42f8-91ac-bde0b6c96733" testListId="8c84fa94-04c1-424b-9868-57a2d4851a1d" />
    <TestEntry testId="6320ea53-85ae-967c-2d46-ad563b7772c4" executionId="97235581-0311-4d2b-92cd-d24126aca734" testListId="8c84fa94-04c1-424b-9868-57a2d4851a1d" />
    <TestEntry testId="fd87e8bf-a3f1-615f-638a-3909aaf07ae4" executionId="55c042da-b881-418e-aa12-1fdf52109e1a" testListId="8c84fa94-04c1-424b-9868-57a2d4851a1d" />
    <TestEntry testId="99db2c8d-df19-f1dc-856a-dcda513f742a" executionId="f2802d79-d4cb-4eb9-acb8-7b6589fefd04" testListId="8c84fa94-04c1-424b-9868-57a2d4851a1d" />
    <TestEntry testId="99cd4330-145a-d3bc-5183-5917220ba95a" executionId="758a99b7-864d-461a-95d1-ca4d9ee82c76" testListId="8c84fa94-04c1-424b-9868-57a2d4851a1d" />
    <TestEntry testId="de539491-b743-7788-0879-8bb78cde3ebf" executionId="b3d7e61f-fe74-46cc-8c52-5de6fbf914f0" testListId="8c84fa94-04c1-424b-9868-57a2d4851a1d" />
    <TestEntry testId="800bfdb8-0f47-9c76-16ae-22d1c02e0f34" executionId="e663fb71-5342-46eb-b24e-b95a1c283902" testListId="8c84fa94-04c1-424b-9868-57a2d4851a1d" />
    <TestEntry testId="e6be1ea5-a641-6f17-a385-2f4fb68b01bd" executionId="df138734-ed3b-4957-9ac4-52fe4748d167" testListId="8c84fa94-04c1-424b-9868-57a2d4851a1d" />
    <TestEntry testId="a2def4fc-aec0-5dd3-bc1f-324c56a9521f" executionId="314c37f1-d394-4687-a1ef-af9030913b3d" testListId="8c84fa94-04c1-424b-9868-57a2d4851a1d" />
    <TestEntry testId="72f7ef9e-d85d-d440-d8d3-354ecc2e1b75" executionId="312d6977-5e74-495d-bf9a-0487132ce71a" testListId="8c84fa94-04c1-424b-9868-57a2d4851a1d" />
    <TestEntry testId="22c512ee-e1ec-d3b4-619b-8c4fac598876" executionId="9f778c5d-0e69-4825-a554-7f0b5625260e" testListId="8c84fa94-04c1-424b-9868-57a2d4851a1d" />
    <TestEntry testId="75f9fcd0-bfe0-554e-cc48-0d110429d9a6" executionId="70aa64c7-d88c-4700-b7f7-5266b9e16f07" testListId="8c84fa94-04c1-424b-9868-57a2d4851a1d" />
    <TestEntry testId="4036a9c9-ddd8-3d85-cefe-a408868f9b37" executionId="ce592787-86c6-402d-87b2-3d45c90fc123" testListId="8c84fa94-04c1-424b-9868-57a2d4851a1d" />
    <TestEntry testId="ece55df4-e844-9447-c6bc-c6f30cd0b12f" executionId="36a8aa71-5883-4a3e-8af4-ea2be642b687" testListId="8c84fa94-04c1-424b-9868-57a2d4851a1d" />
    <TestEntry testId="4e371b17-35ef-55df-0fa1-d3ddda9e8bbd" executionId="17d87730-03d9-4d82-ac6d-62a96ec20878" testListId="8c84fa94-04c1-424b-9868-57a2d4851a1d" />
    <TestEntry testId="38dee21e-d1a8-cfd7-5570-f5f869cf091b" executionId="3995c584-e191-4443-affd-963c34015391" testListId="8c84fa94-04c1-424b-9868-57a2d4851a1d" />
  </TestEntries>
  <TestLists>
    <TestList name="Results Not in a List" id="8c84fa94-04c1-424b-9868-57a2d4851a1d" />
    <TestList name="All Loaded Results" id="19431567-8539-422a-85d7-44ee4e166bda" />
  </TestLists>
  <ResultSummary outcome="Completed">
    <Counters total="1103" executed="1103" passed="1103" failed="0" error="0" timeout="0" aborted="0" inconclusive="0" passedButRunAborted="0" notRunnable="0" notExecuted="0" disconnected="0" warning="0" completed="0" inProgress="0" pending="0" />
  </ResultSummary>
</TestRun>