<?xml version="1.0" encoding="utf-8"?>
<TestRun id="c5b5b943-da35-497a-a66f-7f7f4b2add13" name="DKSR-EFI-04$@DKSR-EFI-04 2023-12-22 09:33:39" runUser="NT AUTHORITY\NETWORK SERVICE" xmlns="http://microsoft.com/schemas/VisualStudio/TeamTest/2010">
  <Times creation="2023-12-22T09:33:39.6156585+01:00" queuing="2023-12-22T09:33:39.6156585+01:00" start="2023-12-22T09:33:38.1625279+01:00" finish="2023-12-22T09:33:39.6469091+01:00" />
  <TestSettings name="default" id="d3d0ec9e-c58e-4432-98fc-af88ce49edb9">
    <Deployment runDeploymentRoot="DKSR-EFI-04$_DKSR-EFI-04_2023-12-22_09_33_39" />
  </TestSettings>
  <Results>
    <UnitTestResult executionId="a4586046-da1a-480c-9207-6aa0c8fa549c" testId="f5a0182a-ae6a-cea7-f15d-b77123ad83cf" testName="TestMethod1" computerName="DKSR-EFI-04" duration="00:00:00.0057944" startTime="2023-12-22T09:33:39.1625317+01:00" endTime="2023-12-22T09:33:39.3031575+01:00" testType="13cdc9d9-ddb5-4fa4-a97d-d965ccfc6d4b" outcome="Passed" testListId="8c84fa94-04c1-424b-9868-57a2d4851a1d" relativeResultsDirectory="a4586046-da1a-480c-9207-6aa0c8fa549c" />
  </Results>
  <TestDefinitions>
    <UnitTest name="TestMethod1" storage="d:\actions-runner\_work\xpco\xpco\corporate\videoos.server.failover.configurator.unittests\bin\x64\debug\net472\videoos.server.failover.configurator.unittests.dll" id="f5a0182a-ae6a-cea7-f15d-b77123ad83cf">
      <Execution id="a4586046-da1a-480c-9207-6aa0c8fa549c" />
      <TestMethod codeBase="D:\actions-runner\_work\XPCO\XPCO\Corporate\VideoOS.Server.Failover.Configurator.UnitTests\bin\x64\Debug\net472\VideoOS.Server.Failover.Configurator.UnitTests.dll" adapterTypeName="executor://mstestadapter/v2" className="VideoOS.Server.Failover.Configurator.UnitTests.ConfiguratorTests" name="TestMethod1" />
    </UnitTest>
  </TestDefinitions>
  <TestEntries>
    <TestEntry testId="f5a0182a-ae6a-cea7-f15d-b77123ad83cf" executionId="a4586046-da1a-480c-9207-6aa0c8fa549c" testListId="8c84fa94-04c1-424b-9868-57a2d4851a1d" />
  </TestEntries>
  <TestLists>
    <TestList name="Results Not in a List" id="8c84fa94-04c1-424b-9868-57a2d4851a1d" />
    <TestList name="All Loaded Results" id="19431567-8539-422a-85d7-44ee4e166bda" />
  </TestLists>
  <ResultSummary outcome="Completed">
    <Counters total="1" executed="1" passed="1" failed="0" error="0" timeout="0" aborted="0" inconclusive="0" passedButRunAborted="0" notRunnable="0" notExecuted="0" disconnected="0" warning="0" completed="0" inProgress="0" pending="0" />
  </ResultSummary>
</TestRun>