<?xml version="1.0" encoding="utf-8"?>
<TestRun id="63e3e27e-c261-4a97-bfe7-5d60dbb9efa5" name="DKSR-EFI-04$@DKSR-EFI-04 2023-12-22 09:36:04" runUser="NT AUTHORITY\NETWORK SERVICE" xmlns="http://microsoft.com/schemas/VisualStudio/TeamTest/2010">
  <Times creation="2023-12-22T09:36:04.6788992+01:00" queuing="2023-12-22T09:36:04.6788992+01:00" start="2023-12-22T09:35:55.6319772+01:00" finish="2023-12-22T09:36:05.4289058+01:00" />
  <TestSettings name="default" id="6cd791d0-1fd3-462b-92ff-55e4755530c1">
    <Deployment runDeploymentRoot="DKSR-EFI-04$_DKSR-EFI-04_2023-12-22_09_36_04" />
  </TestSettings>
  <Results>
    <UnitTestResult executionId="76674651-f550-4c4b-bbe0-abf79bc8aa0a" testId="8f831222-614d-ef4b-cffa-9f3cc2202009" testName="LineIsTransactionStop_ShouldReturnFalse_WhenLineContainStopPatternegexAndMatchTypeIsExact" computerName="DKSR-EFI-04" duration="00:00:00.0002401" startTime="2023-12-22T09:36:04.8195268+01:00" endTime="2023-12-22T09:36:04.8195268+01:00" testType="13cdc9d9-ddb5-4fa4-a97d-d965ccfc6d4b" outcome="Passed" testListId="8c84fa94-04c1-424b-9868-57a2d4851a1d" relativeResultsDirectory="76674651-f550-4c4b-bbe0-abf79bc8aa0a" />
    <UnitTestResult executionId="39569be8-baad-4579-864a-c1d5bb07cff8" testId="75bf2728-493f-d710-05c1-3a9fcc5ab519" testName="ParsedFilterText_ShouldParseControlCharactersInFilterText_WhenFilterTextContainsEscapedControlCharactersAndNormalText" computerName="DKSR-EFI-04" duration="00:00:00.0002735" startTime="2023-12-22T09:36:04.7570232+01:00" endTime="2023-12-22T09:36:04.7570232+01:00" testType="13cdc9d9-ddb5-4fa4-a97d-d965ccfc6d4b" outcome="Passed" testListId="8c84fa94-04c1-424b-9868-57a2d4851a1d" relativeResultsDirectory="39569be8-baad-4579-864a-c1d5bb07cff8" />
    <UnitTestResult executionId="3b1db96c-7300-44df-9c0e-65a7a65d064a" testId="d1d261a4-6ac5-f1b1-dfda-486591cab711" testName="LineIsTransactionStop_ShouldReturnFalseForAnyInput_WhenStopPatternIsNull" computerName="DKSR-EFI-04" duration="00:00:00.0013253" startTime="2023-12-22T09:36:04.8039012+01:00" endTime="2023-12-22T09:36:04.8039012+01:00" testType="13cdc9d9-ddb5-4fa4-a97d-d965ccfc6d4b" outcome="Passed" testListId="8c84fa94-04c1-424b-9868-57a2d4851a1d" relativeResultsDirectory="3b1db96c-7300-44df-9c0e-65a7a65d064a" />
    <UnitTestResult executionId="1a8ac3f5-9ab0-4bde-9553-41a170ba6b7f" testId="9c8e4a8f-18e9-cf92-6249-8ee346ec90ba" testName="Constructor_ShouldThrowArgumentNullException_WhenStartPatternIsNull" computerName="DKSR-EFI-04" duration="00:00:00.0230017" startTime="2023-12-22T09:36:04.7570232+01:00" endTime="2023-12-22T09:36:04.7882755+01:00" testType="13cdc9d9-ddb5-4fa4-a97d-d965ccfc6d4b" outcome="Passed" testListId="8c84fa94-04c1-424b-9868-57a2d4851a1d" relativeResultsDirectory="1a8ac3f5-9ab0-4bde-9553-41a170ba6b7f" />
    <UnitTestResult executionId="7037a76e-d178-4534-831e-e153dc49987c" testId="9de0c068-df39-f91c-49a4-8a133d690f9e" testName="TestConnectorBooleanProperty" computerName="DKSR-EFI-04" duration="00:00:00.7716634" startTime="2023-12-22T09:36:03.3507693+01:00" endTime="2023-12-22T09:36:04.2101477+01:00" testType="13cdc9d9-ddb5-4fa4-a97d-d965ccfc6d4b" outcome="Passed" testListId="8c84fa94-04c1-424b-9868-57a2d4851a1d" relativeResultsDirectory="7037a76e-d178-4534-831e-e153dc49987c" />
    <UnitTestResult executionId="61a85b3c-1ff1-4573-9c17-dca4cba3605c" testId="5ab193eb-a596-fb19-2bd6-0d950167f2c9" testName="LineIsTransactionStop_ShouldReturnFalse_WhenLineDoesNotContainStopPatternRegexAndMatchTypeIsWildcard" computerName="DKSR-EFI-04" duration="00:00:00.0002225" startTime="2023-12-22T09:36:04.8351506+01:00" endTime="2023-12-22T09:36:04.8351506+01:00" testType="13cdc9d9-ddb5-4fa4-a97d-d965ccfc6d4b" outcome="Passed" testListId="8c84fa94-04c1-424b-9868-57a2d4851a1d" relativeResultsDirectory="61a85b3c-1ff1-4573-9c17-dca4cba3605c" />
    <UnitTestResult executionId="fce7d7ce-7a5c-4f4f-92ac-56309d6a9bfe" testId="6f044a00-0a2f-bcb5-aab7-e500c8d66cca" testName="LineIsTransactionStop_ShouldReturnFalse_WhenLineDoesNotContainStopPatternAndMatchTypeIsExact" computerName="DKSR-EFI-04" duration="00:00:00.0007987" startTime="2023-12-22T09:36:04.8195268+01:00" endTime="2023-12-22T09:36:04.8195268+01:00" testType="13cdc9d9-ddb5-4fa4-a97d-d965ccfc6d4b" outcome="Passed" testListId="8c84fa94-04c1-424b-9868-57a2d4851a1d" relativeResultsDirectory="fce7d7ce-7a5c-4f4f-92ac-56309d6a9bfe" />
    <UnitTestResult executionId="f038b794-de5d-4421-a3d8-864dbf974dd5" testId="7eb3f2d6-c4be-d201-f4cf-134e1a7190e9" testName="LineIsTransactionStop_ShouldReturnTrue_WhenLineContainsStopPatternRegexAndMatchTypeIsRegex" computerName="DKSR-EFI-04" duration="00:00:00.0002357" startTime="2023-12-22T09:36:04.8351506+01:00" endTime="2023-12-22T09:36:04.8351506+01:00" testType="13cdc9d9-ddb5-4fa4-a97d-d965ccfc6d4b" outcome="Passed" testListId="8c84fa94-04c1-424b-9868-57a2d4851a1d" relativeResultsDirectory="f038b794-de5d-4421-a3d8-864dbf974dd5" />
    <UnitTestResult executionId="3ccd3e02-e4ab-4075-b686-6a3080b6e6e0" testId="82aefbee-ba42-5554-835e-e0e160373b1f" testName="ParsedFilterText_ShouldReturnFilterText_WhenFilterTextDoesNotContainEscapedControlCharacters" computerName="DKSR-EFI-04" duration="00:00:00.0699505" startTime="2023-12-22T09:36:04.6476499+01:00" endTime="2023-12-22T09:36:04.7257776+01:00" testType="13cdc9d9-ddb5-4fa4-a97d-d965ccfc6d4b" outcome="Passed" testListId="8c84fa94-04c1-424b-9868-57a2d4851a1d" relativeResultsDirectory="3ccd3e02-e4ab-4075-b686-6a3080b6e6e0" />
    <UnitTestResult executionId="6d9051ba-059f-4ed2-a107-06bbacead347" testId="adcaa93c-2349-8b9f-66c5-e52b40d3c795" testName="LineIsTransactionStop_ShouldReturnFalse_WhenLineContainStopPatternWildcardAndMatchTypeIsExact" computerName="DKSR-EFI-04" duration="00:00:00.0002471" startTime="2023-12-22T09:36:04.8195268+01:00" endTime="2023-12-22T09:36:04.8195268+01:00" testType="13cdc9d9-ddb5-4fa4-a97d-d965ccfc6d4b" outcome="Passed" testListId="8c84fa94-04c1-424b-9868-57a2d4851a1d" relativeResultsDirectory="6d9051ba-059f-4ed2-a107-06bbacead347" />
    <UnitTestResult executionId="06cbc3a1-16a3-4975-8e2c-8e2ee04b0dc3" testId="2b0a828d-7797-76d1-4cf0-a4a67dcb6a2c" testName="LineIsTransactionStop_ShouldReturnFalse_WhenLineDoesNotContainStopPatternRegexAndMatchTypeIsRegex" computerName="DKSR-EFI-04" duration="00:00:00.0002308" startTime="2023-12-22T09:36:04.8351506+01:00" endTime="2023-12-22T09:36:04.8351506+01:00" testType="13cdc9d9-ddb5-4fa4-a97d-d965ccfc6d4b" outcome="Passed" testListId="8c84fa94-04c1-424b-9868-57a2d4851a1d" relativeResultsDirectory="06cbc3a1-16a3-4975-8e2c-8e2ee04b0dc3" />
    <UnitTestResult executionId="2b94f224-1159-4d39-82c8-48556fc2ad12" testId="f599128f-b34e-1dde-cae3-53d2303d76e5" testName="ToString_ShouldWriteFilterTextAndActionAndSubstitutionWithNewLineSeperator_WhenActionIsSubstitution" computerName="DKSR-EFI-04" duration="00:00:00.0493626" startTime="2023-12-22T09:36:04.5226486+01:00" endTime="2023-12-22T09:36:04.5851495+01:00" testType="13cdc9d9-ddb5-4fa4-a97d-d965ccfc6d4b" outcome="Passed" testListId="8c84fa94-04c1-424b-9868-57a2d4851a1d" relativeResultsDirectory="2b94f224-1159-4d39-82c8-48556fc2ad12" />
    <UnitTestResult executionId="914ce0e4-786d-461c-958a-3909cc0b1d56" testId="5f880452-7aef-aff1-770f-a5f732a45473" testName="TestConnectorInvalidOptionProperty" computerName="DKSR-EFI-04" duration="00:00:00.0666026" startTime="2023-12-22T09:36:04.4601500+01:00" endTime="2023-12-22T09:36:04.5226486+01:00" testType="13cdc9d9-ddb5-4fa4-a97d-d965ccfc6d4b" outcome="Passed" testListId="8c84fa94-04c1-424b-9868-57a2d4851a1d" relativeResultsDirectory="914ce0e4-786d-461c-958a-3909cc0b1d56" />
    <UnitTestResult executionId="5f4ff81d-f7d3-4993-a370-54c194f94e06" testId="c7313fa7-aa86-7e52-4600-8f96a655898f" testName="TestConnectorIntegerProperty" computerName="DKSR-EFI-04" duration="00:00:00.0099195" startTime="2023-12-22T09:36:04.3195209+01:00" endTime="2023-12-22T09:36:04.3351477+01:00" testType="13cdc9d9-ddb5-4fa4-a97d-d965ccfc6d4b" outcome="Passed" testListId="8c84fa94-04c1-424b-9868-57a2d4851a1d" relativeResultsDirectory="5f4ff81d-f7d3-4993-a370-54c194f94e06" />
    <UnitTestResult executionId="84050e28-8f20-4f60-b2ac-f07f69c24f48" testId="d10084db-6a2c-5918-25f6-5056ae5d323d" testName="TestConnectorOptionProperty" computerName="DKSR-EFI-04" duration="00:00:00.0487996" startTime="2023-12-22T09:36:04.4132743+01:00" endTime="2023-12-22T09:36:04.4601500+01:00" testType="13cdc9d9-ddb5-4fa4-a97d-d965ccfc6d4b" outcome="Passed" testListId="8c84fa94-04c1-424b-9868-57a2d4851a1d" relativeResultsDirectory="84050e28-8f20-4f60-b2ac-f07f69c24f48" />
    <UnitTestResult executionId="6064e80e-c4bc-4a2b-b0c4-6d7cee31f5f4" testId="2b4c0050-f1f6-7ffb-04ff-8828c596f1a5" testName="LineIsTransactionStop_ShouldThrowArgumentNullException_WhenLineIsNull" computerName="DKSR-EFI-04" duration="00:00:00.0046794" startTime="2023-12-22T09:36:04.8039012+01:00" endTime="2023-12-22T09:36:04.8039012+01:00" testType="13cdc9d9-ddb5-4fa4-a97d-d965ccfc6d4b" outcome="Passed" testListId="8c84fa94-04c1-424b-9868-57a2d4851a1d" relativeResultsDirectory="6064e80e-c4bc-4a2b-b0c4-6d7cee31f5f4" />
    <UnitTestResult executionId="34ec247f-290c-486a-893e-ba71b46851f4" testId="55fd7113-0c7c-fd97-3ab0-594166efb950" testName="Constructor_ShouldReadFilterTextAndActionAndSubstitutionWithNewLineSeperator_WhenActionIsSubstitution" computerName="DKSR-EFI-04" duration="00:00:00.0033746" startTime="2023-12-22T09:36:04.6165439+01:00" endTime="2023-12-22T09:36:04.6320236+01:00" testType="13cdc9d9-ddb5-4fa4-a97d-d965ccfc6d4b" outcome="Passed" testListId="8c84fa94-04c1-424b-9868-57a2d4851a1d" relativeResultsDirectory="34ec247f-290c-486a-893e-ba71b46851f4" />
    <UnitTestResult executionId="417292e0-bbba-42cb-a2d2-b977669e4ca2" testId="a5715060-4f9b-6790-94fb-3be72c840bca" testName="Constructor_ShouldThrowArgumentException_WhenStartPatternIsEmpty" computerName="DKSR-EFI-04" duration="00:00:00.0009472" startTime="2023-12-22T09:36:04.7882755+01:00" endTime="2023-12-22T09:36:04.8039012+01:00" testType="13cdc9d9-ddb5-4fa4-a97d-d965ccfc6d4b" outcome="Passed" testListId="8c84fa94-04c1-424b-9868-57a2d4851a1d" relativeResultsDirectory="417292e0-bbba-42cb-a2d2-b977669e4ca2" />
    <UnitTestResult executionId="64aedec4-4b64-423c-ae02-452fac771f65" testId="8eb82862-e4a7-92c6-4ef4-c80b82f5384f" testName="ToString_ShouldWriteFilterTextAndActionWithNewLineSeperator_WhenActionIsNewLine" computerName="DKSR-EFI-04" duration="00:00:00.0003194" startTime="2023-12-22T09:36:04.6165439+01:00" endTime="2023-12-22T09:36:04.6165439+01:00" testType="13cdc9d9-ddb5-4fa4-a97d-d965ccfc6d4b" outcome="Passed" testListId="8c84fa94-04c1-424b-9868-57a2d4851a1d" relativeResultsDirectory="64aedec4-4b64-423c-ae02-452fac771f65" />
    <UnitTestResult executionId="e62f9e7b-5960-4cdc-b633-9abcddaeaf58" testId="e7e74449-729a-1f67-9a0f-27d838f30f97" testName="ToString_ShouldWriteFilterTextAndActionWithNewLineSeperator_WhenActionIsOmit" computerName="DKSR-EFI-04" duration="00:00:00.0003766" startTime="2023-12-22T09:36:04.6165439+01:00" endTime="2023-12-22T09:36:04.6165439+01:00" testType="13cdc9d9-ddb5-4fa4-a97d-d965ccfc6d4b" outcome="Passed" testListId="8c84fa94-04c1-424b-9868-57a2d4851a1d" relativeResultsDirectory="e62f9e7b-5960-4cdc-b633-9abcddaeaf58" />
    <UnitTestResult executionId="257cae40-72e2-47b7-b117-348c7c6c6321" testId="44c44ed5-af95-24f7-308a-ba6d21bac030" testName="LineIsTransactionStop_ShouldReturnFalseForAnyInput_WhenStopPatternIsEmpty" computerName="DKSR-EFI-04" duration="00:00:00.0002541" startTime="2023-12-22T09:36:04.8039012+01:00" endTime="2023-12-22T09:36:04.8039012+01:00" testType="13cdc9d9-ddb5-4fa4-a97d-d965ccfc6d4b" outcome="Passed" testListId="8c84fa94-04c1-424b-9868-57a2d4851a1d" relativeResultsDirectory="257cae40-72e2-47b7-b117-348c7c6c6321" />
    <UnitTestResult executionId="f50344bb-2fc5-476f-a0bd-fdb28beeae79" testId="b020f86f-b6a7-3aff-9011-bf1e612c95a4" testName="ParsedFilterText_ShouldReturnNull_WhenFilterTextIsNull" computerName="DKSR-EFI-04" duration="00:00:00.0009584" startTime="2023-12-22T09:36:04.6476499+01:00" endTime="2023-12-22T09:36:04.6476499+01:00" testType="13cdc9d9-ddb5-4fa4-a97d-d965ccfc6d4b" outcome="Passed" testListId="8c84fa94-04c1-424b-9868-57a2d4851a1d" relativeResultsDirectory="f50344bb-2fc5-476f-a0bd-fdb28beeae79" />
    <UnitTestResult executionId="bfe0b467-dc0b-472f-9550-03e92bf74b43" testId="76cb4820-9a28-ddd6-15cb-f9be0f2e9b87" testName="LineIsTransactionStop_ShouldReturnFalse_WhenLineDoesNotContainStopPatternWildcardAndMatchTypeIsWildcard" computerName="DKSR-EFI-04" duration="00:00:00.0002372" startTime="2023-12-22T09:36:04.8351506+01:00" endTime="2023-12-22T09:36:04.8351506+01:00" testType="13cdc9d9-ddb5-4fa4-a97d-d965ccfc6d4b" outcome="Passed" testListId="8c84fa94-04c1-424b-9868-57a2d4851a1d" relativeResultsDirectory="bfe0b467-dc0b-472f-9550-03e92bf74b43" />
    <UnitTestResult executionId="4179ecfa-4c79-40ef-acbc-eba920c74b02" testId="f5e6e372-af05-9743-546d-3cff2121e04b" testName="LineIsTransactionStop_ShouldReturnFalse_WhenLineContainStopPatternWildcardAndMatchTypeIsRegex" computerName="DKSR-EFI-04" duration="00:00:00.0005381" startTime="2023-12-22T09:36:04.8351506+01:00" endTime="2023-12-22T09:36:04.8351506+01:00" testType="13cdc9d9-ddb5-4fa4-a97d-d965ccfc6d4b" outcome="Passed" testListId="8c84fa94-04c1-424b-9868-57a2d4851a1d" relativeResultsDirectory="4179ecfa-4c79-40ef-acbc-eba920c74b02" />
    <UnitTestResult executionId="d9ab0dfe-dd1f-436b-9877-410fa707cc65" testId="154eccc6-3150-8d4e-9a08-5db019f4c1fa" testName="TestConnectorPasswordProperty" computerName="DKSR-EFI-04" duration="00:00:00.0239779" startTime="2023-12-22T09:36:04.3820232+01:00" endTime="2023-12-22T09:36:04.3976470+01:00" testType="13cdc9d9-ddb5-4fa4-a97d-d965ccfc6d4b" outcome="Passed" testListId="8c84fa94-04c1-424b-9868-57a2d4851a1d" relativeResultsDirectory="d9ab0dfe-dd1f-436b-9877-410fa707cc65" />
    <UnitTestResult executionId="f521e5e6-3dc0-4c6d-9fb0-278ec297722f" testId="c4f371de-6612-be3d-c18e-67dc1e12fddd" testName="LineIsTransactionStop_ShouldReturnTrue_WhenLineContainsStopPatternWildcardAndMatchTypeIsWildcard" computerName="DKSR-EFI-04" duration="00:00:00.0005233" startTime="2023-12-22T09:36:04.8351506+01:00" endTime="2023-12-22T09:36:04.8351506+01:00" testType="13cdc9d9-ddb5-4fa4-a97d-d965ccfc6d4b" outcome="Passed" testListId="8c84fa94-04c1-424b-9868-57a2d4851a1d" relativeResultsDirectory="f521e5e6-3dc0-4c6d-9fb0-278ec297722f" />
    <UnitTestResult executionId="a2779765-dcb2-4644-b2cc-d17f7fd53f6f" testId="4bc40911-02c7-a14c-f98e-3abfa0b51ee6" testName="LineIsTransactionStop_ShouldReturnTrue_WhenLineContainsStopPatternAndMatchTypeIsExact" computerName="DKSR-EFI-04" duration="00:00:00.0023660" startTime="2023-12-22T09:36:04.8195268+01:00" endTime="2023-12-22T09:36:04.8195268+01:00" testType="13cdc9d9-ddb5-4fa4-a97d-d965ccfc6d4b" outcome="Passed" testListId="8c84fa94-04c1-424b-9868-57a2d4851a1d" relativeResultsDirectory="a2779765-dcb2-4644-b2cc-d17f7fd53f6f" />
    <UnitTestResult executionId="a6922806-9cc6-49a6-8cb6-23e93bb6280d" testId="94a99fda-4fd7-7b19-ed63-47eade84c984" testName="ParsedFilterText_ShouldParseControlCharactersInFilterText_WhenFilterTextOnlyContainsEscapedControlCharacters" computerName="DKSR-EFI-04" duration="00:00:00.0306554" startTime="2023-12-22T09:36:04.7257776+01:00" endTime="2023-12-22T09:36:04.7570232+01:00" testType="13cdc9d9-ddb5-4fa4-a97d-d965ccfc6d4b" outcome="Passed" testListId="8c84fa94-04c1-424b-9868-57a2d4851a1d" relativeResultsDirectory="a6922806-9cc6-49a6-8cb6-23e93bb6280d" />
  </Results>
  <TestDefinitions>
    <UnitTest name="ParsedFilterText_ShouldParseControlCharactersInFilterText_WhenFilterTextContainsEscapedControlCharactersAndNormalText" storage="d:\actions-runner\_work\xpco\xpco\transact\transact\videoos.transact.common.unittests\bin\debug\videoos.transact.common.unittests.dll" id="75bf2728-493f-d710-05c1-3a9fcc5ab519">
      <Execution id="39569be8-baad-4579-864a-c1d5bb07cff8" />
      <TestMethod codeBase="D:\actions-runner\_work\XPCO\XPCO\Transact\Transact\VideoOS.Transact.Common.UnitTests\bin\Debug\VideoOS.Transact.Common.UnitTests.dll" adapterTypeName="executor://mstestadapter/v1" className="VideoOS.Transact.Common.UnitTests.Configuration.TransactFilterTests" name="ParsedFilterText_ShouldParseControlCharactersInFilterText_WhenFilterTextContainsEscapedControlCharactersAndNormalText" />
    </UnitTest>
    <UnitTest name="LineIsTransactionStop_ShouldReturnFalseForAnyInput_WhenStopPatternIsNull" storage="d:\actions-runner\_work\xpco\xpco\transact\transact\videoos.transact.common.unittests\bin\debug\videoos.transact.common.unittests.dll" id="d1d261a4-6ac5-f1b1-dfda-486591cab711">
      <Execution id="3b1db96c-7300-44df-9c0e-65a7a65d064a" />
      <TestMethod codeBase="D:\actions-runner\_work\XPCO\XPCO\Transact\Transact\VideoOS.Transact.Common.UnitTests\bin\Debug\VideoOS.Transact.Common.UnitTests.dll" adapterTypeName="executor://mstestadapter/v1" className="VideoOS.Transact.Common.UnitTests.Configuration.TransactionDelimiterTests" name="LineIsTransactionStop_ShouldReturnFalseForAnyInput_WhenStopPatternIsNull" />
    </UnitTest>
    <UnitTest name="LineIsTransactionStop_ShouldReturnTrue_WhenLineContainsStopPatternWildcardAndMatchTypeIsWildcard" storage="d:\actions-runner\_work\xpco\xpco\transact\transact\videoos.transact.common.unittests\bin\debug\videoos.transact.common.unittests.dll" id="c4f371de-6612-be3d-c18e-67dc1e12fddd">
      <Execution id="f521e5e6-3dc0-4c6d-9fb0-278ec297722f" />
      <TestMethod codeBase="D:\actions-runner\_work\XPCO\XPCO\Transact\Transact\VideoOS.Transact.Common.UnitTests\bin\Debug\VideoOS.Transact.Common.UnitTests.dll" adapterTypeName="executor://mstestadapter/v1" className="VideoOS.Transact.Common.UnitTests.Configuration.TransactionDelimiterTests" name="LineIsTransactionStop_ShouldReturnTrue_WhenLineContainsStopPatternWildcardAndMatchTypeIsWildcard" />
    </UnitTest>
    <UnitTest name="LineIsTransactionStop_ShouldReturnFalse_WhenLineDoesNotContainStopPatternRegexAndMatchTypeIsWildcard" storage="d:\actions-runner\_work\xpco\xpco\transact\transact\videoos.transact.common.unittests\bin\debug\videoos.transact.common.unittests.dll" id="5ab193eb-a596-fb19-2bd6-0d950167f2c9">
      <Execution id="61a85b3c-1ff1-4573-9c17-dca4cba3605c" />
      <TestMethod codeBase="D:\actions-runner\_work\XPCO\XPCO\Transact\Transact\VideoOS.Transact.Common.UnitTests\bin\Debug\VideoOS.Transact.Common.UnitTests.dll" adapterTypeName="executor://mstestadapter/v1" className="VideoOS.Transact.Common.UnitTests.Configuration.TransactionDelimiterTests" name="LineIsTransactionStop_ShouldReturnFalse_WhenLineDoesNotContainStopPatternRegexAndMatchTypeIsWildcard" />
    </UnitTest>
    <UnitTest name="LineIsTransactionStop_ShouldReturnFalse_WhenLineDoesNotContainStopPatternWildcardAndMatchTypeIsWildcard" storage="d:\actions-runner\_work\xpco\xpco\transact\transact\videoos.transact.common.unittests\bin\debug\videoos.transact.common.unittests.dll" id="76cb4820-9a28-ddd6-15cb-f9be0f2e9b87">
      <Execution id="bfe0b467-dc0b-472f-9550-03e92bf74b43" />
      <TestMethod codeBase="D:\actions-runner\_work\XPCO\XPCO\Transact\Transact\VideoOS.Transact.Common.UnitTests\bin\Debug\VideoOS.Transact.Common.UnitTests.dll" adapterTypeName="executor://mstestadapter/v1" className="VideoOS.Transact.Common.UnitTests.Configuration.TransactionDelimiterTests" name="LineIsTransactionStop_ShouldReturnFalse_WhenLineDoesNotContainStopPatternWildcardAndMatchTypeIsWildcard" />
    </UnitTest>
    <UnitTest name="ToString_ShouldWriteFilterTextAndActionWithNewLineSeperator_WhenActionIsNewLine" storage="d:\actions-runner\_work\xpco\xpco\transact\transact\videoos.transact.common.unittests\bin\debug\videoos.transact.common.unittests.dll" id="8eb82862-e4a7-92c6-4ef4-c80b82f5384f">
      <Execution id="64aedec4-4b64-423c-ae02-452fac771f65" />
      <TestMethod codeBase="D:\actions-runner\_work\XPCO\XPCO\Transact\Transact\VideoOS.Transact.Common.UnitTests\bin\Debug\VideoOS.Transact.Common.UnitTests.dll" adapterTypeName="executor://mstestadapter/v1" className="VideoOS.Transact.Common.UnitTests.Configuration.TransactFilterTests" name="ToString_ShouldWriteFilterTextAndActionWithNewLineSeperator_WhenActionIsNewLine" />
    </UnitTest>
    <UnitTest name="Constructor_ShouldReadFilterTextAndActionAndSubstitutionWithNewLineSeperator_WhenActionIsSubstitution" storage="d:\actions-runner\_work\xpco\xpco\transact\transact\videoos.transact.common.unittests\bin\debug\videoos.transact.common.unittests.dll" id="55fd7113-0c7c-fd97-3ab0-594166efb950">
      <Execution id="34ec247f-290c-486a-893e-ba71b46851f4" />
      <TestMethod codeBase="D:\actions-runner\_work\XPCO\XPCO\Transact\Transact\VideoOS.Transact.Common.UnitTests\bin\Debug\VideoOS.Transact.Common.UnitTests.dll" adapterTypeName="executor://mstestadapter/v1" className="VideoOS.Transact.Common.UnitTests.Configuration.TransactFilterTests" name="Constructor_ShouldReadFilterTextAndActionAndSubstitutionWithNewLineSeperator_WhenActionIsSubstitution" />
    </UnitTest>
    <UnitTest name="LineIsTransactionStop_ShouldReturnFalse_WhenLineDoesNotContainStopPatternAndMatchTypeIsExact" storage="d:\actions-runner\_work\xpco\xpco\transact\transact\videoos.transact.common.unittests\bin\debug\videoos.transact.common.unittests.dll" id="6f044a00-0a2f-bcb5-aab7-e500c8d66cca">
      <Execution id="fce7d7ce-7a5c-4f4f-92ac-56309d6a9bfe" />
      <TestMethod codeBase="D:\actions-runner\_work\XPCO\XPCO\Transact\Transact\VideoOS.Transact.Common.UnitTests\bin\Debug\VideoOS.Transact.Common.UnitTests.dll" adapterTypeName="executor://mstestadapter/v1" className="VideoOS.Transact.Common.UnitTests.Configuration.TransactionDelimiterTests" name="LineIsTransactionStop_ShouldReturnFalse_WhenLineDoesNotContainStopPatternAndMatchTypeIsExact" />
    </UnitTest>
    <UnitTest name="LineIsTransactionStop_ShouldReturnFalse_WhenLineContainStopPatternegexAndMatchTypeIsExact" storage="d:\actions-runner\_work\xpco\xpco\transact\transact\videoos.transact.common.unittests\bin\debug\videoos.transact.common.unittests.dll" id="8f831222-614d-ef4b-cffa-9f3cc2202009">
      <Execution id="76674651-f550-4c4b-bbe0-abf79bc8aa0a" />
      <TestMethod codeBase="D:\actions-runner\_work\XPCO\XPCO\Transact\Transact\VideoOS.Transact.Common.UnitTests\bin\Debug\VideoOS.Transact.Common.UnitTests.dll" adapterTypeName="executor://mstestadapter/v1" className="VideoOS.Transact.Common.UnitTests.Configuration.TransactionDelimiterTests" name="LineIsTransactionStop_ShouldReturnFalse_WhenLineContainStopPatternegexAndMatchTypeIsExact" />
    </UnitTest>
    <UnitTest name="TestConnectorIntegerProperty" storage="d:\actions-runner\_work\xpco\xpco\transact\transact\videoos.transact.common.unittests\bin\debug\videoos.transact.common.unittests.dll" id="c7313fa7-aa86-7e52-4600-8f96a655898f">
      <Execution id="5f4ff81d-f7d3-4993-a370-54c194f94e06" />
      <TestMethod codeBase="D:\actions-runner\_work\XPCO\XPCO\Transact\Transact\VideoOS.Transact.Common.UnitTests\bin\Debug\VideoOS.Transact.Common.UnitTests.dll" adapterTypeName="executor://mstestadapter/v1" className="VideoOS.Transact.Common.UnitTests.Connector.Property.ConnectorPropertySerializationTest" name="TestConnectorIntegerProperty" />
    </UnitTest>
    <UnitTest name="TestConnectorPasswordProperty" storage="d:\actions-runner\_work\xpco\xpco\transact\transact\videoos.transact.common.unittests\bin\debug\videoos.transact.common.unittests.dll" id="154eccc6-3150-8d4e-9a08-5db019f4c1fa">
      <Execution id="d9ab0dfe-dd1f-436b-9877-410fa707cc65" />
      <TestMethod codeBase="D:\actions-runner\_work\XPCO\XPCO\Transact\Transact\VideoOS.Transact.Common.UnitTests\bin\Debug\VideoOS.Transact.Common.UnitTests.dll" adapterTypeName="executor://mstestadapter/v1" className="VideoOS.Transact.Common.UnitTests.Connector.Property.ConnectorPropertySerializationTest" name="TestConnectorPasswordProperty" />
    </UnitTest>
    <UnitTest name="ParsedFilterText_ShouldReturnFilterText_WhenFilterTextDoesNotContainEscapedControlCharacters" storage="d:\actions-runner\_work\xpco\xpco\transact\transact\videoos.transact.common.unittests\bin\debug\videoos.transact.common.unittests.dll" id="82aefbee-ba42-5554-835e-e0e160373b1f">
      <Execution id="3ccd3e02-e4ab-4075-b686-6a3080b6e6e0" />
      <TestMethod codeBase="D:\actions-runner\_work\XPCO\XPCO\Transact\Transact\VideoOS.Transact.Common.UnitTests\bin\Debug\VideoOS.Transact.Common.UnitTests.dll" adapterTypeName="executor://mstestadapter/v1" className="VideoOS.Transact.Common.UnitTests.Configuration.TransactFilterTests" name="ParsedFilterText_ShouldReturnFilterText_WhenFilterTextDoesNotContainEscapedControlCharacters" />
    </UnitTest>
    <UnitTest name="TestConnectorBooleanProperty" storage="d:\actions-runner\_work\xpco\xpco\transact\transact\videoos.transact.common.unittests\bin\debug\videoos.transact.common.unittests.dll" id="9de0c068-df39-f91c-49a4-8a133d690f9e">
      <Execution id="7037a76e-d178-4534-831e-e153dc49987c" />
      <TestMethod codeBase="D:\actions-runner\_work\XPCO\XPCO\Transact\Transact\VideoOS.Transact.Common.UnitTests\bin\Debug\VideoOS.Transact.Common.UnitTests.dll" adapterTypeName="executor://mstestadapter/v1" className="VideoOS.Transact.Common.UnitTests.Connector.Property.ConnectorPropertySerializationTest" name="TestConnectorBooleanProperty" />
    </UnitTest>
    <UnitTest name="LineIsTransactionStop_ShouldReturnFalse_WhenLineContainStopPatternWildcardAndMatchTypeIsRegex" storage="d:\actions-runner\_work\xpco\xpco\transact\transact\videoos.transact.common.unittests\bin\debug\videoos.transact.common.unittests.dll" id="f5e6e372-af05-9743-546d-3cff2121e04b">
      <Execution id="4179ecfa-4c79-40ef-acbc-eba920c74b02" />
      <TestMethod codeBase="D:\actions-runner\_work\XPCO\XPCO\Transact\Transact\VideoOS.Transact.Common.UnitTests\bin\Debug\VideoOS.Transact.Common.UnitTests.dll" adapterTypeName="executor://mstestadapter/v1" className="VideoOS.Transact.Common.UnitTests.Configuration.TransactionDelimiterTests" name="LineIsTransactionStop_ShouldReturnFalse_WhenLineContainStopPatternWildcardAndMatchTypeIsRegex" />
    </UnitTest>
    <UnitTest name="Constructor_ShouldThrowArgumentException_WhenStartPatternIsEmpty" storage="d:\actions-runner\_work\xpco\xpco\transact\transact\videoos.transact.common.unittests\bin\debug\videoos.transact.common.unittests.dll" id="a5715060-4f9b-6790-94fb-3be72c840bca">
      <Execution id="417292e0-bbba-42cb-a2d2-b977669e4ca2" />
      <TestMethod codeBase="D:\actions-runner\_work\XPCO\XPCO\Transact\Transact\VideoOS.Transact.Common.UnitTests\bin\Debug\VideoOS.Transact.Common.UnitTests.dll" adapterTypeName="executor://mstestadapter/v1" className="VideoOS.Transact.Common.UnitTests.Configuration.TransactionDelimiterTests" name="Constructor_ShouldThrowArgumentException_WhenStartPatternIsEmpty" />
    </UnitTest>
    <UnitTest name="ToString_ShouldWriteFilterTextAndActionWithNewLineSeperator_WhenActionIsOmit" storage="d:\actions-runner\_work\xpco\xpco\transact\transact\videoos.transact.common.unittests\bin\debug\videoos.transact.common.unittests.dll" id="e7e74449-729a-1f67-9a0f-27d838f30f97">
      <Execution id="e62f9e7b-5960-4cdc-b633-9abcddaeaf58" />
      <TestMethod codeBase="D:\actions-runner\_work\XPCO\XPCO\Transact\Transact\VideoOS.Transact.Common.UnitTests\bin\Debug\VideoOS.Transact.Common.UnitTests.dll" adapterTypeName="executor://mstestadapter/v1" className="VideoOS.Transact.Common.UnitTests.Configuration.TransactFilterTests" name="ToString_ShouldWriteFilterTextAndActionWithNewLineSeperator_WhenActionIsOmit" />
    </UnitTest>
    <UnitTest name="ParsedFilterText_ShouldParseControlCharactersInFilterText_WhenFilterTextOnlyContainsEscapedControlCharacters" storage="d:\actions-runner\_work\xpco\xpco\transact\transact\videoos.transact.common.unittests\bin\debug\videoos.transact.common.unittests.dll" id="94a99fda-4fd7-7b19-ed63-47eade84c984">
      <Execution id="a6922806-9cc6-49a6-8cb6-23e93bb6280d" />
      <TestMethod codeBase="D:\actions-runner\_work\XPCO\XPCO\Transact\Transact\VideoOS.Transact.Common.UnitTests\bin\Debug\VideoOS.Transact.Common.UnitTests.dll" adapterTypeName="executor://mstestadapter/v1" className="VideoOS.Transact.Common.UnitTests.Configuration.TransactFilterTests" name="ParsedFilterText_ShouldParseControlCharactersInFilterText_WhenFilterTextOnlyContainsEscapedControlCharacters" />
    </UnitTest>
    <UnitTest name="LineIsTransactionStop_ShouldThrowArgumentNullException_WhenLineIsNull" storage="d:\actions-runner\_work\xpco\xpco\transact\transact\videoos.transact.common.unittests\bin\debug\videoos.transact.common.unittests.dll" id="2b4c0050-f1f6-7ffb-04ff-8828c596f1a5">
      <Execution id="6064e80e-c4bc-4a2b-b0c4-6d7cee31f5f4" />
      <TestMethod codeBase="D:\actions-runner\_work\XPCO\XPCO\Transact\Transact\VideoOS.Transact.Common.UnitTests\bin\Debug\VideoOS.Transact.Common.UnitTests.dll" adapterTypeName="executor://mstestadapter/v1" className="VideoOS.Transact.Common.UnitTests.Configuration.TransactionDelimiterTests" name="LineIsTransactionStop_ShouldThrowArgumentNullException_WhenLineIsNull" />
    </UnitTest>
    <UnitTest name="TestConnectorInvalidOptionProperty" storage="d:\actions-runner\_work\xpco\xpco\transact\transact\videoos.transact.common.unittests\bin\debug\videoos.transact.common.unittests.dll" id="5f880452-7aef-aff1-770f-a5f732a45473">
      <Execution id="914ce0e4-786d-461c-958a-3909cc0b1d56" />
      <TestMethod codeBase="D:\actions-runner\_work\XPCO\XPCO\Transact\Transact\VideoOS.Transact.Common.UnitTests\bin\Debug\VideoOS.Transact.Common.UnitTests.dll" adapterTypeName="executor://mstestadapter/v1" className="VideoOS.Transact.Common.UnitTests.Connector.Property.ConnectorPropertySerializationTest" name="TestConnectorInvalidOptionProperty" />
    </UnitTest>
    <UnitTest name="Constructor_ShouldThrowArgumentNullException_WhenStartPatternIsNull" storage="d:\actions-runner\_work\xpco\xpco\transact\transact\videoos.transact.common.unittests\bin\debug\videoos.transact.common.unittests.dll" id="9c8e4a8f-18e9-cf92-6249-8ee346ec90ba">
      <Execution id="1a8ac3f5-9ab0-4bde-9553-41a170ba6b7f" />
      <TestMethod codeBase="D:\actions-runner\_work\XPCO\XPCO\Transact\Transact\VideoOS.Transact.Common.UnitTests\bin\Debug\VideoOS.Transact.Common.UnitTests.dll" adapterTypeName="executor://mstestadapter/v1" className="VideoOS.Transact.Common.UnitTests.Configuration.TransactionDelimiterTests" name="Constructor_ShouldThrowArgumentNullException_WhenStartPatternIsNull" />
    </UnitTest>
    <UnitTest name="LineIsTransactionStop_ShouldReturnTrue_WhenLineContainsStopPatternRegexAndMatchTypeIsRegex" storage="d:\actions-runner\_work\xpco\xpco\transact\transact\videoos.transact.common.unittests\bin\debug\videoos.transact.common.unittests.dll" id="7eb3f2d6-c4be-d201-f4cf-134e1a7190e9">
      <Execution id="f038b794-de5d-4421-a3d8-864dbf974dd5" />
      <TestMethod codeBase="D:\actions-runner\_work\XPCO\XPCO\Transact\Transact\VideoOS.Transact.Common.UnitTests\bin\Debug\VideoOS.Transact.Common.UnitTests.dll" adapterTypeName="executor://mstestadapter/v1" className="VideoOS.Transact.Common.UnitTests.Configuration.TransactionDelimiterTests" name="LineIsTransactionStop_ShouldReturnTrue_WhenLineContainsStopPatternRegexAndMatchTypeIsRegex" />
    </UnitTest>
    <UnitTest name="LineIsTransactionStop_ShouldReturnFalseForAnyInput_WhenStopPatternIsEmpty" storage="d:\actions-runner\_work\xpco\xpco\transact\transact\videoos.transact.common.unittests\bin\debug\videoos.transact.common.unittests.dll" id="44c44ed5-af95-24f7-308a-ba6d21bac030">
      <Execution id="257cae40-72e2-47b7-b117-348c7c6c6321" />
      <TestMethod codeBase="D:\actions-runner\_work\XPCO\XPCO\Transact\Transact\VideoOS.Transact.Common.UnitTests\bin\Debug\VideoOS.Transact.Common.UnitTests.dll" adapterTypeName="executor://mstestadapter/v1" className="VideoOS.Transact.Common.UnitTests.Configuration.TransactionDelimiterTests" name="LineIsTransactionStop_ShouldReturnFalseForAnyInput_WhenStopPatternIsEmpty" />
    </UnitTest>
    <UnitTest name="ParsedFilterText_ShouldReturnNull_WhenFilterTextIsNull" storage="d:\actions-runner\_work\xpco\xpco\transact\transact\videoos.transact.common.unittests\bin\debug\videoos.transact.common.unittests.dll" id="b020f86f-b6a7-3aff-9011-bf1e612c95a4">
      <Execution id="f50344bb-2fc5-476f-a0bd-fdb28beeae79" />
      <TestMethod codeBase="D:\actions-runner\_work\XPCO\XPCO\Transact\Transact\VideoOS.Transact.Common.UnitTests\bin\Debug\VideoOS.Transact.Common.UnitTests.dll" adapterTypeName="executor://mstestadapter/v1" className="VideoOS.Transact.Common.UnitTests.Configuration.TransactFilterTests" name="ParsedFilterText_ShouldReturnNull_WhenFilterTextIsNull" />
    </UnitTest>
    <UnitTest name="LineIsTransactionStop_ShouldReturnFalse_WhenLineDoesNotContainStopPatternRegexAndMatchTypeIsRegex" storage="d:\actions-runner\_work\xpco\xpco\transact\transact\videoos.transact.common.unittests\bin\debug\videoos.transact.common.unittests.dll" id="2b0a828d-7797-76d1-4cf0-a4a67dcb6a2c">
      <Execution id="06cbc3a1-16a3-4975-8e2c-8e2ee04b0dc3" />
      <TestMethod codeBase="D:\actions-runner\_work\XPCO\XPCO\Transact\Transact\VideoOS.Transact.Common.UnitTests\bin\Debug\VideoOS.Transact.Common.UnitTests.dll" adapterTypeName="executor://mstestadapter/v1" className="VideoOS.Transact.Common.UnitTests.Configuration.TransactionDelimiterTests" name="LineIsTransactionStop_ShouldReturnFalse_WhenLineDoesNotContainStopPatternRegexAndMatchTypeIsRegex" />
    </UnitTest>
    <UnitTest name="LineIsTransactionStop_ShouldReturnFalse_WhenLineContainStopPatternWildcardAndMatchTypeIsExact" storage="d:\actions-runner\_work\xpco\xpco\transact\transact\videoos.transact.common.unittests\bin\debug\videoos.transact.common.unittests.dll" id="adcaa93c-2349-8b9f-66c5-e52b40d3c795">
      <Execution id="6d9051ba-059f-4ed2-a107-06bbacead347" />
      <TestMethod codeBase="D:\actions-runner\_work\XPCO\XPCO\Transact\Transact\VideoOS.Transact.Common.UnitTests\bin\Debug\VideoOS.Transact.Common.UnitTests.dll" adapterTypeName="executor://mstestadapter/v1" className="VideoOS.Transact.Common.UnitTests.Configuration.TransactionDelimiterTests" name="LineIsTransactionStop_ShouldReturnFalse_WhenLineContainStopPatternWildcardAndMatchTypeIsExact" />
    </UnitTest>
    <UnitTest name="ToString_ShouldWriteFilterTextAndActionAndSubstitutionWithNewLineSeperator_WhenActionIsSubstitution" storage="d:\actions-runner\_work\xpco\xpco\transact\transact\videoos.transact.common.unittests\bin\debug\videoos.transact.common.unittests.dll" id="f599128f-b34e-1dde-cae3-53d2303d76e5">
      <Execution id="2b94f224-1159-4d39-82c8-48556fc2ad12" />
      <TestMethod codeBase="D:\actions-runner\_work\XPCO\XPCO\Transact\Transact\VideoOS.Transact.Common.UnitTests\bin\Debug\VideoOS.Transact.Common.UnitTests.dll" adapterTypeName="executor://mstestadapter/v1" className="VideoOS.Transact.Common.UnitTests.Configuration.TransactFilterTests" name="ToString_ShouldWriteFilterTextAndActionAndSubstitutionWithNewLineSeperator_WhenActionIsSubstitution" />
    </UnitTest>
    <UnitTest name="LineIsTransactionStop_ShouldReturnTrue_WhenLineContainsStopPatternAndMatchTypeIsExact" storage="d:\actions-runner\_work\xpco\xpco\transact\transact\videoos.transact.common.unittests\bin\debug\videoos.transact.common.unittests.dll" id="4bc40911-02c7-a14c-f98e-3abfa0b51ee6">
      <Execution id="a2779765-dcb2-4644-b2cc-d17f7fd53f6f" />
      <TestMethod codeBase="D:\actions-runner\_work\XPCO\XPCO\Transact\Transact\VideoOS.Transact.Common.UnitTests\bin\Debug\VideoOS.Transact.Common.UnitTests.dll" adapterTypeName="executor://mstestadapter/v1" className="VideoOS.Transact.Common.UnitTests.Configuration.TransactionDelimiterTests" name="LineIsTransactionStop_ShouldReturnTrue_WhenLineContainsStopPatternAndMatchTypeIsExact" />
    </UnitTest>
    <UnitTest name="TestConnectorOptionProperty" storage="d:\actions-runner\_work\xpco\xpco\transact\transact\videoos.transact.common.unittests\bin\debug\videoos.transact.common.unittests.dll" id="d10084db-6a2c-5918-25f6-5056ae5d323d">
      <Execution id="84050e28-8f20-4f60-b2ac-f07f69c24f48" />
      <TestMethod codeBase="D:\actions-runner\_work\XPCO\XPCO\Transact\Transact\VideoOS.Transact.Common.UnitTests\bin\Debug\VideoOS.Transact.Common.UnitTests.dll" adapterTypeName="executor://mstestadapter/v1" className="VideoOS.Transact.Common.UnitTests.Connector.Property.ConnectorPropertySerializationTest" name="TestConnectorOptionProperty" />
    </UnitTest>
  </TestDefinitions>
  <TestEntries>
    <TestEntry testId="8f831222-614d-ef4b-cffa-9f3cc2202009" executionId="76674651-f550-4c4b-bbe0-abf79bc8aa0a" testListId="8c84fa94-04c1-424b-9868-57a2d4851a1d" />
    <TestEntry testId="75bf2728-493f-d710-05c1-3a9fcc5ab519" executionId="39569be8-baad-4579-864a-c1d5bb07cff8" testListId="8c84fa94-04c1-424b-9868-57a2d4851a1d" />
    <TestEntry testId="d1d261a4-6ac5-f1b1-dfda-486591cab711" executionId="3b1db96c-7300-44df-9c0e-65a7a65d064a" testListId="8c84fa94-04c1-424b-9868-57a2d4851a1d" />
    <TestEntry testId="9c8e4a8f-18e9-cf92-6249-8ee346ec90ba" executionId="1a8ac3f5-9ab0-4bde-9553-41a170ba6b7f" testListId="8c84fa94-04c1-424b-9868-57a2d4851a1d" />
    <TestEntry testId="9de0c068-df39-f91c-49a4-8a133d690f9e" executionId="7037a76e-d178-4534-831e-e153dc49987c" testListId="8c84fa94-04c1-424b-9868-57a2d4851a1d" />
    <TestEntry testId="5ab193eb-a596-fb19-2bd6-0d950167f2c9" executionId="61a85b3c-1ff1-4573-9c17-dca4cba3605c" testListId="8c84fa94-04c1-424b-9868-57a2d4851a1d" />
    <TestEntry testId="6f044a00-0a2f-bcb5-aab7-e500c8d66cca" executionId="fce7d7ce-7a5c-4f4f-92ac-56309d6a9bfe" testListId="8c84fa94-04c1-424b-9868-57a2d4851a1d" />
    <TestEntry testId="7eb3f2d6-c4be-d201-f4cf-134e1a7190e9" executionId="f038b794-de5d-4421-a3d8-864dbf974dd5" testListId="8c84fa94-04c1-424b-9868-57a2d4851a1d" />
    <TestEntry testId="82aefbee-ba42-5554-835e-e0e160373b1f" executionId="3ccd3e02-e4ab-4075-b686-6a3080b6e6e0" testListId="8c84fa94-04c1-424b-9868-57a2d4851a1d" />
    <TestEntry testId="adcaa93c-2349-8b9f-66c5-e52b40d3c795" executionId="6d9051ba-059f-4ed2-a107-06bbacead347" testListId="8c84fa94-04c1-424b-9868-57a2d4851a1d" />
    <TestEntry testId="2b0a828d-7797-76d1-4cf0-a4a67dcb6a2c" executionId="06cbc3a1-16a3-4975-8e2c-8e2ee04b0dc3" testListId="8c84fa94-04c1-424b-9868-57a2d4851a1d" />
    <TestEntry testId="f599128f-b34e-1dde-cae3-53d2303d76e5" executionId="2b94f224-1159-4d39-82c8-48556fc2ad12" testListId="8c84fa94-04c1-424b-9868-57a2d4851a1d" />
    <TestEntry testId="5f880452-7aef-aff1-770f-a5f732a45473" executionId="914ce0e4-786d-461c-958a-3909cc0b1d56" testListId="8c84fa94-04c1-424b-9868-57a2d4851a1d" />
    <TestEntry testId="c7313fa7-aa86-7e52-4600-8f96a655898f" executionId="5f4ff81d-f7d3-4993-a370-54c194f94e06" testListId="8c84fa94-04c1-424b-9868-57a2d4851a1d" />
    <TestEntry testId="d10084db-6a2c-5918-25f6-5056ae5d323d" executionId="84050e28-8f20-4f60-b2ac-f07f69c24f48" testListId="8c84fa94-04c1-424b-9868-57a2d4851a1d" />
    <TestEntry testId="2b4c0050-f1f6-7ffb-04ff-8828c596f1a5" executionId="6064e80e-c4bc-4a2b-b0c4-6d7cee31f5f4" testListId="8c84fa94-04c1-424b-9868-57a2d4851a1d" />
    <TestEntry testId="55fd7113-0c7c-fd97-3ab0-594166efb950" executionId="34ec247f-290c-486a-893e-ba71b46851f4" testListId="8c84fa94-04c1-424b-9868-57a2d4851a1d" />
    <TestEntry testId="a5715060-4f9b-6790-94fb-3be72c840bca" executionId="417292e0-bbba-42cb-a2d2-b977669e4ca2" testListId="8c84fa94-04c1-424b-9868-57a2d4851a1d" />
    <TestEntry testId="8eb82862-e4a7-92c6-4ef4-c80b82f5384f" executionId="64aedec4-4b64-423c-ae02-452fac771f65" testListId="8c84fa94-04c1-424b-9868-57a2d4851a1d" />
    <TestEntry testId="e7e74449-729a-1f67-9a0f-27d838f30f97" executionId="e62f9e7b-5960-4cdc-b633-9abcddaeaf58" testListId="8c84fa94-04c1-424b-9868-57a2d4851a1d" />
    <TestEntry testId="44c44ed5-af95-24f7-308a-ba6d21bac030" executionId="257cae40-72e2-47b7-b117-348c7c6c6321" testListId="8c84fa94-04c1-424b-9868-57a2d4851a1d" />
    <TestEntry testId="b020f86f-b6a7-3aff-9011-bf1e612c95a4" executionId="f50344bb-2fc5-476f-a0bd-fdb28beeae79" testListId="8c84fa94-04c1-424b-9868-57a2d4851a1d" />
    <TestEntry testId="76cb4820-9a28-ddd6-15cb-f9be0f2e9b87" executionId="bfe0b467-dc0b-472f-9550-03e92bf74b43" testListId="8c84fa94-04c1-424b-9868-57a2d4851a1d" />
    <TestEntry testId="f5e6e372-af05-9743-546d-3cff2121e04b" executionId="4179ecfa-4c79-40ef-acbc-eba920c74b02" testListId="8c84fa94-04c1-424b-9868-57a2d4851a1d" />
    <TestEntry testId="154eccc6-3150-8d4e-9a08-5db019f4c1fa" executionId="d9ab0dfe-dd1f-436b-9877-410fa707cc65" testListId="8c84fa94-04c1-424b-9868-57a2d4851a1d" />
    <TestEntry testId="c4f371de-6612-be3d-c18e-67dc1e12fddd" executionId="f521e5e6-3dc0-4c6d-9fb0-278ec297722f" testListId="8c84fa94-04c1-424b-9868-57a2d4851a1d" />
    <TestEntry testId="4bc40911-02c7-a14c-f98e-3abfa0b51ee6" executionId="a2779765-dcb2-4644-b2cc-d17f7fd53f6f" testListId="8c84fa94-04c1-424b-9868-57a2d4851a1d" />
    <TestEntry testId="94a99fda-4fd7-7b19-ed63-47eade84c984" executionId="a6922806-9cc6-49a6-8cb6-23e93bb6280d" testListId="8c84fa94-04c1-424b-9868-57a2d4851a1d" />
  </TestEntries>
  <TestLists>
    <TestList name="Results Not in a List" id="8c84fa94-04c1-424b-9868-57a2d4851a1d" />
    <TestList name="All Loaded Results" id="19431567-8539-422a-85d7-44ee4e166bda" />
  </TestLists>
  <ResultSummary outcome="Completed">
    <Counters total="28" executed="28" passed="28" failed="0" error="0" timeout="0" aborted="0" inconclusive="0" passedButRunAborted="0" notRunnable="0" notExecuted="0" disconnected="0" warning="0" completed="0" inProgress="0" pending="0" />
  </ResultSummary>
</TestRun>