<?xml version="1.0" encoding="utf-8"?>
<TestRun id="aff6d11e-a8a6-46d8-b6c4-56b3d5537b11" name="DKSR-EFI-04$@DKSR-EFI-04 2023-12-22 09:34:32" runUser="NT AUTHORITY\NETWORK SERVICE" xmlns="http://microsoft.com/schemas/VisualStudio/TeamTest/2010">
  <Times creation="2023-12-22T09:34:32.0846701+01:00" queuing="2023-12-22T09:34:32.0846701+01:00" start="2023-12-22T09:34:28.3346500+01:00" finish="2023-12-22T09:34:34.5378075+01:00" />
  <TestSettings name="default" id="f98282be-46b6-4fae-b611-ebbaca2a1f68">
    <Deployment runDeploymentRoot="DKSR-EFI-04$_DKSR-EFI-04_2023-12-22_09_34_32" />
  </TestSettings>
  <Results>
    <UnitTestResult executionId="b7c41719-fef7-47aa-8ba2-90a8507902f1" testId="7ade7f6d-dbf6-7d1f-d7f6-b39a969b31ff" testName="VideoOS.IdentityServer.UnitTests.GrantValidators.ResourceOwnerPasswordValidatorTests.ValidateAsync_UserLockedOut_LockedOut" computerName="DKSR-EFI-04" duration="00:00:00.0049554" startTime="2023-12-22T09:34:34.1999300+01:00" endTime="2023-12-22T09:34:34.1999302+01:00" testType="13cdc9d9-ddb5-4fa4-a97d-d965ccfc6d4b" outcome="Passed" testListId="8c84fa94-04c1-424b-9868-57a2d4851a1d" relativeResultsDirectory="b7c41719-fef7-47aa-8ba2-90a8507902f1" />
    <UnitTestResult executionId="94678f74-f420-44a4-9194-daad6540ec1a" testId="01433ef2-8b3d-c050-4c37-ad60206b679e" testName="VideoOS.IdentityServer.UnitTests.Repositories.VmsUserManagerTests.FindByLoginAsync_UserNotFound_User" computerName="DKSR-EFI-04" duration="00:00:00.0763859" startTime="2023-12-22T09:34:33.7902096+01:00" endTime="2023-12-22T09:34:33.7902102+01:00" testType="13cdc9d9-ddb5-4fa4-a97d-d965ccfc6d4b" outcome="Passed" testListId="8c84fa94-04c1-424b-9868-57a2d4851a1d" relativeResultsDirectory="94678f74-f420-44a4-9194-daad6540ec1a" />
    <UnitTestResult executionId="4c35b18f-aceb-4af2-b62a-33f6ddf77251" testId="9dd8b317-666b-324d-19e4-ee5c6bd1749b" testName="VideoOS.IdentityServer.UnitTests.GrantValidators.TokenExchangeGrantValidatorTests.ValidateAsync_IssuerNotEnabled_InvalidRequestReturned" computerName="DKSR-EFI-04" duration="00:00:00.0187989" startTime="2023-12-22T09:34:32.7724167+01:00" endTime="2023-12-22T09:34:32.7724171+01:00" testType="13cdc9d9-ddb5-4fa4-a97d-d965ccfc6d4b" outcome="Passed" testListId="8c84fa94-04c1-424b-9868-57a2d4851a1d" relativeResultsDirectory="4c35b18f-aceb-4af2-b62a-33f6ddf77251" />
    <UnitTestResult executionId="5219b76d-4126-4afa-985b-1e0e2a3c26d7" testId="93cfa45e-50b0-604c-c09c-2e5001172962" testName="VideoOS.IdentityServer.UnitTests.Repositories.VmsUserManagerTests.HasClaimChanged_InputOfUserAndExternalClaims_ExpectedOutcome(userClaims: [], externalClaims: [name: name], expectedAddedIndex: [0], expectedRemovedIndex: [])" computerName="DKSR-EFI-04" duration="00:00:00.0001423" startTime="2023-12-22T09:34:33.8755780+01:00" endTime="2023-12-22T09:34:33.8755782+01:00" testType="13cdc9d9-ddb5-4fa4-a97d-d965ccfc6d4b" outcome="Passed" testListId="8c84fa94-04c1-424b-9868-57a2d4851a1d" relativeResultsDirectory="5219b76d-4126-4afa-985b-1e0e2a3c26d7" />
    <UnitTestResult executionId="5c46ea83-3b0b-4813-b0a8-8d76f1bc7471" testId="3714d8f5-188d-b81f-4d47-9936a4191a8f" testName="VideoOS.IdentityServer.UnitTests.Controllers.ClientsControllerTests.RegisterClient_RedirectUrisMissingWithAuthorizationCodeGrant_BusinessViolationExceptionIsThrown" computerName="DKSR-EFI-04" duration="00:00:00.0022504" startTime="2023-12-22T09:34:33.2068180+01:00" endTime="2023-12-22T09:34:33.2068183+01:00" testType="13cdc9d9-ddb5-4fa4-a97d-d965ccfc6d4b" outcome="Passed" testListId="8c84fa94-04c1-424b-9868-57a2d4851a1d" relativeResultsDirectory="5c46ea83-3b0b-4813-b0a8-8d76f1bc7471" />
    <UnitTestResult executionId="295b8cb7-1604-4fee-9b3e-2ba73f1ed3fa" testId="73af1a05-910c-f0d8-d5f3-cfbb3860e5f2" testName="VideoOS.IdentityServer.UnitTests.Controllers.TrustedIssuersControllerTests.Get_TrustedIssuers_TrustedIssuersAreReturned" computerName="DKSR-EFI-04" duration="00:00:00.0153270" startTime="2023-12-22T09:34:32.3739194+01:00" endTime="2023-12-22T09:34:32.3739198+01:00" testType="13cdc9d9-ddb5-4fa4-a97d-d965ccfc6d4b" outcome="Passed" testListId="8c84fa94-04c1-424b-9868-57a2d4851a1d" relativeResultsDirectory="295b8cb7-1604-4fee-9b3e-2ba73f1ed3fa" />
    <UnitTestResult executionId="7cf127fe-597b-469e-a787-bdaa032b341d" testId="363fcb95-f3be-f992-3fe9-9ea3d3b0fe13" testName="VideoOS.IdentityServer.UnitTests.Services.UserProvisionerTests.CreateOrUpdateUser_UserExistsUpdateExternalClaims_ExpectedClaimsAsInput(externalClaims: [sub: sub, sid: sid], expectedClaims: [])" computerName="DKSR-EFI-04" duration="00:00:00.0028539" startTime="2023-12-22T09:34:34.2920631+01:00" endTime="2023-12-22T09:34:34.2920634+01:00" testType="13cdc9d9-ddb5-4fa4-a97d-d965ccfc6d4b" outcome="Passed" testListId="8c84fa94-04c1-424b-9868-57a2d4851a1d" relativeResultsDirectory="7cf127fe-597b-469e-a787-bdaa032b341d" />
    <UnitTestResult executionId="4d4da7b6-9ade-4d74-80f2-5c1570b7584e" testId="8bd3647f-8cd2-e043-7189-ba9c29073c25" testName="VideoOS.IdentityServer.UnitTests.Services.PasswordHasherWithLegacySupportTests.VerifyHashedPassword_CorrectLegacyPassword_SuccessRehashNeeded(encryptionMethod: &quot;SHA2_512&quot;)" computerName="DKSR-EFI-04" duration="00:00:00.0337538" startTime="2023-12-22T09:34:33.5844147+01:00" endTime="2023-12-22T09:34:33.5844152+01:00" testType="13cdc9d9-ddb5-4fa4-a97d-d965ccfc6d4b" outcome="Passed" testListId="8c84fa94-04c1-424b-9868-57a2d4851a1d" relativeResultsDirectory="4d4da7b6-9ade-4d74-80f2-5c1570b7584e" />
    <UnitTestResult executionId="4fa8b295-9fa9-4587-9851-f43fb9e5e422" testId="021b65a3-5a24-d0a2-2bab-f8b5bb6bca2d" testName="VideoOS.IdentityServer.UnitTests.Middleware.CultureMiddlewareTests.InvokeAsync_Providers_WithCulture" computerName="DKSR-EFI-04" duration="00:00:00.2806245" startTime="2023-12-22T09:34:32.3056337+01:00" endTime="2023-12-22T09:34:32.3056340+01:00" testType="13cdc9d9-ddb5-4fa4-a97d-d965ccfc6d4b" outcome="Passed" testListId="8c84fa94-04c1-424b-9868-57a2d4851a1d" relativeResultsDirectory="4fa8b295-9fa9-4587-9851-f43fb9e5e422" />
    <UnitTestResult executionId="2d7f27b2-186e-4612-9063-fd6e1f04c484" testId="33483d30-0e90-c1ed-4ad0-47cc19ee7fbc" testName="VideoOS.IdentityServer.UnitTests.Helper.ExpressionBuilderTests.FromString_DifferentQueriesWithAllowedSearchNames_ReturnsExpectedCount(query: &quot;time le 2000-1-1&quot;, expectedCount: 4, allowedSearchNames: [&quot;Time&quot;])" computerName="DKSR-EFI-04" duration="00:00:00.0008437" startTime="2023-12-22T09:34:32.1206726+01:00" endTime="2023-12-22T09:34:32.1206728+01:00" testType="13cdc9d9-ddb5-4fa4-a97d-d965ccfc6d4b" outcome="Passed" testListId="8c84fa94-04c1-424b-9868-57a2d4851a1d" relativeResultsDirectory="2d7f27b2-186e-4612-9063-fd6e1f04c484" />
    <UnitTestResult executionId="d7e7fd5e-ad43-40af-80bb-02a86ccdeed2" testId="7770c141-8c93-cfa1-e2a9-574fba3e123b" testName="VideoOS.IdentityServer.UnitTests.Services.EventLogServiceTest.Log_LogCreated_SavedToDb" computerName="DKSR-EFI-04" duration="00:00:00.0029779" startTime="2023-12-22T09:34:33.3276999+01:00" endTime="2023-12-22T09:34:33.3277001+01:00" testType="13cdc9d9-ddb5-4fa4-a97d-d965ccfc6d4b" outcome="Passed" testListId="8c84fa94-04c1-424b-9868-57a2d4851a1d" relativeResultsDirectory="d7e7fd5e-ad43-40af-80bb-02a86ccdeed2" />
    <UnitTestResult executionId="7844498d-4f6d-46fc-925e-42ffa80ae574" testId="1516a435-f2df-7974-adb8-b2d5f187527e" testName="VideoOS.IdentityServer.UnitTests.Services.UserProvisionerTests.CreateOrUpdateUser_NewUserNoPreferredNoNameNoLast_First" computerName="DKSR-EFI-04" duration="00:00:00.0058086" startTime="2023-12-22T09:34:34.3180192+01:00" endTime="2023-12-22T09:34:34.3180195+01:00" testType="13cdc9d9-ddb5-4fa4-a97d-d965ccfc6d4b" outcome="Passed" testListId="8c84fa94-04c1-424b-9868-57a2d4851a1d" relativeResultsDirectory="7844498d-4f6d-46fc-925e-42ffa80ae574" />
    <UnitTestResult executionId="2ba0bb52-3de0-4448-a85a-af8c786454f0" testId="82a9957a-9f0d-e17c-0934-62601657a2fc" testName="VideoOS.IdentityServer.UnitTests.Filters.CheckModelForNullAttributeTests.OnActionExecuting_ActionArgumentsHasNullValue_BadRequestResultIsSet" computerName="DKSR-EFI-04" duration="00:00:00.0004921" startTime="2023-12-22T09:34:33.0510712+01:00" endTime="2023-12-22T09:34:33.0510715+01:00" testType="13cdc9d9-ddb5-4fa4-a97d-d965ccfc6d4b" outcome="Passed" testListId="8c84fa94-04c1-424b-9868-57a2d4851a1d" relativeResultsDirectory="2ba0bb52-3de0-4448-a85a-af8c786454f0" />
    <UnitTestResult executionId="a7fd46d1-f420-48ce-92d6-ca5be84733c5" testId="cde29e6a-85aa-838a-d88f-e083f65086be" testName="VideoOS.IdentityServer.UnitTests.Repositories.VmsUserManagerTests.FindByNameAsync_UserFound_User" computerName="DKSR-EFI-04" duration="00:00:00.0241185" startTime="2023-12-22T09:34:33.8144332+01:00" endTime="2023-12-22T09:34:33.8144338+01:00" testType="13cdc9d9-ddb5-4fa4-a97d-d965ccfc6d4b" outcome="Passed" testListId="8c84fa94-04c1-424b-9868-57a2d4851a1d" relativeResultsDirectory="a7fd46d1-f420-48ce-92d6-ca5be84733c5" />
    <UnitTestResult executionId="dfc431f4-8dc2-41af-8846-5f42bd0de6ee" testId="2bd2b7de-07b8-6957-99b3-e959f37311d0" testName="VideoOS.IdentityServer.UnitTests.Controllers.UsersControllerTests.GetUsers_UserIsNotFound_ReturnEmptyOkResult" computerName="DKSR-EFI-04" duration="00:00:00.0099429" startTime="2023-12-22T09:34:33.0557032+01:00" endTime="2023-12-22T09:34:33.0557034+01:00" testType="13cdc9d9-ddb5-4fa4-a97d-d965ccfc6d4b" outcome="Passed" testListId="8c84fa94-04c1-424b-9868-57a2d4851a1d" relativeResultsDirectory="dfc431f4-8dc2-41af-8846-5f42bd0de6ee" />
    <UnitTestResult executionId="d0edbaf5-1882-457a-9d4d-f840f3dd52d4" testId="53e33bfa-4472-50f1-ad88-06723b773ced" testName="VideoOS.IdentityServer.UnitTests.Repositories.VmsUserManagerTests.GetLogins_UsingProviderAndKey_LoginReturned" computerName="DKSR-EFI-04" duration="00:00:00.0945054" startTime="2023-12-22T09:34:33.2429944+01:00" endTime="2023-12-22T09:34:33.2429946+01:00" testType="13cdc9d9-ddb5-4fa4-a97d-d965ccfc6d4b" outcome="Passed" testListId="8c84fa94-04c1-424b-9868-57a2d4851a1d" relativeResultsDirectory="d0edbaf5-1882-457a-9d4d-f840f3dd52d4" />
    <UnitTestResult executionId="53b5c35d-4820-4c3d-bc78-2fd14b6c9d88" testId="bb0bd953-5bc3-d778-28dc-7d027690da77" testName="VideoOS.IdentityServer.UnitTests.Services.ProfileServiceTests.GetProfileDataAsync_ProviderScopeRequestedCallerIsIdentityToken_RequestedAndRequiredClaims" computerName="DKSR-EFI-04" duration="00:00:00.0045568" startTime="2023-12-22T09:34:33.9104023+01:00" endTime="2023-12-22T09:34:33.9104024+01:00" testType="13cdc9d9-ddb5-4fa4-a97d-d965ccfc6d4b" outcome="Passed" testListId="8c84fa94-04c1-424b-9868-57a2d4851a1d" relativeResultsDirectory="53b5c35d-4820-4c3d-bc78-2fd14b6c9d88" />
    <UnitTestResult executionId="cfb50f50-c2f5-4e6d-9db8-e7d35f43b192" testId="19419903-3bc3-a8cc-7415-7803df6439d8" testName="VideoOS.IdentityServer.UnitTests.Attributes.NonEmptyListTests.NonEmptyList_ListIsEmpty_ReturnFalse" computerName="DKSR-EFI-04" duration="00:00:00.0004325" startTime="2023-12-22T09:34:33.0563762+01:00" endTime="2023-12-22T09:34:33.0563763+01:00" testType="13cdc9d9-ddb5-4fa4-a97d-d965ccfc6d4b" outcome="Passed" testListId="8c84fa94-04c1-424b-9868-57a2d4851a1d" relativeResultsDirectory="cfb50f50-c2f5-4e6d-9db8-e7d35f43b192" />
    <UnitTestResult executionId="aeba9af8-9387-4437-8f2e-f67bc4323a5b" testId="2191f6dd-5015-945f-601a-a7b0a8fde314" testName="VideoOS.IdentityServer.UnitTests.Controllers.ExternalProvidersControllerTests.Get_DifferentHandlersConfigured_OnlyRemoteAuthenticationHandlersReturned(schemes: [AuthenticationScheme { DisplayName = &quot;abc&quot;, HandlerType = typeof(Microsoft.AspNetCore.Authentication.Cookies.CookieAuthenticationHandler), Name = &quot;CookieAuthenticationHandler&quot; }, AuthenticationScheme { DisplayName = &quot;abc&quot;, HandlerType = typeof(Duende.IdentityServer.Hosting.LocalApiAuthentication.LocalApiAuthenticationHandler), Name = &quot;LocalApiAuthenticationHandler&quot; }], expectedProviders: 0)" computerName="DKSR-EFI-04" duration="00:00:00.0002496" startTime="2023-12-22T09:34:32.3134197+01:00" endTime="2023-12-22T09:34:32.3134198+01:00" testType="13cdc9d9-ddb5-4fa4-a97d-d965ccfc6d4b" outcome="Passed" testListId="8c84fa94-04c1-424b-9868-57a2d4851a1d" relativeResultsDirectory="aeba9af8-9387-4437-8f2e-f67bc4323a5b" />
    <UnitTestResult executionId="f5c318c9-627b-4a14-b77b-d94ff41cd1fb" testId="916b12d7-8610-3d11-74fa-814e50a8b226" testName="VideoOS.IdentityServer.UnitTests.Pages.ErrorTests.OnGetAsync_RequestIsNotOnApiPath_DisplayCorrectErrorCodeAndShowFooter(httpStatusCode: OK, expectedErrorCodeMessage: &quot;UnexpectedError&quot;, expectedShowFooter: True)" computerName="DKSR-EFI-04" duration="00:00:00.0006156" startTime="2023-12-22T09:34:33.1593414+01:00" endTime="2023-12-22T09:34:33.1593416+01:00" testType="13cdc9d9-ddb5-4fa4-a97d-d965ccfc6d4b" outcome="Passed" testListId="8c84fa94-04c1-424b-9868-57a2d4851a1d" relativeResultsDirectory="f5c318c9-627b-4a14-b77b-d94ff41cd1fb" />
    <UnitTestResult executionId="17172b65-e0ae-4029-abed-981ea5badd3f" testId="94b10ab9-7d67-26b0-9391-9076ee44183e" testName="VideoOS.IdentityServer.UnitTests.Helper.ExpressionBuilderTests.FromString_DifferentQueriesWithAllowedSearchNames_ReturnsExpectedCount(query: &quot;name eq null&quot;, expectedCount: 1, allowedSearchNames: [&quot;Name&quot;])" computerName="DKSR-EFI-04" duration="00:00:00.0007142" startTime="2023-12-22T09:34:32.1249921+01:00" endTime="2023-12-22T09:34:32.1249923+01:00" testType="13cdc9d9-ddb5-4fa4-a97d-d965ccfc6d4b" outcome="Passed" testListId="8c84fa94-04c1-424b-9868-57a2d4851a1d" relativeResultsDirectory="17172b65-e0ae-4029-abed-981ea5badd3f" />
    <UnitTestResult executionId="29335a9a-6325-4113-bdc7-6e675baffd8b" testId="9805a00b-17c2-ac10-b04e-31770952e806" testName="VideoOS.IdentityServer.UnitTests.Model.ErrorResponseTests.ErrorResponse_DuplicateApiErrors_ErrorsContainAllDescriptionElements" computerName="DKSR-EFI-04" duration="00:00:00.0005347" startTime="2023-12-22T09:34:32.6397794+01:00" endTime="2023-12-22T09:34:32.6397796+01:00" testType="13cdc9d9-ddb5-4fa4-a97d-d965ccfc6d4b" outcome="Passed" testListId="8c84fa94-04c1-424b-9868-57a2d4851a1d" relativeResultsDirectory="29335a9a-6325-4113-bdc7-6e675baffd8b" />
    <UnitTestResult executionId="2484d989-1b04-47de-8865-170e1ec511b9" testId="eb1887f2-99e8-2199-5e42-44d49a96c712" testName="VideoOS.IdentityServer.UnitTests.Services.UserProvisionerTests.CreateOrUpdateUser_NewUserUserNameAlreadyCreatedDifferentClaims_VerifyUserName(claims: [name: Bobby Bob, email: james@bond.local], exsistingUserNames: [&quot;Bobby Bob&quot;], expectedUserName: &quot;james@bond.local&quot;)" computerName="DKSR-EFI-04" duration="00:00:00.0034857" startTime="2023-12-22T09:34:34.2641011+01:00" endTime="2023-12-22T09:34:34.2641013+01:00" testType="13cdc9d9-ddb5-4fa4-a97d-d965ccfc6d4b" outcome="Passed" testListId="8c84fa94-04c1-424b-9868-57a2d4851a1d" relativeResultsDirectory="2484d989-1b04-47de-8865-170e1ec511b9" />
    <UnitTestResult executionId="4ccbb2c7-2e5b-47d9-b73a-df2a581c0cb9" testId="43197df3-7437-0ac0-2a16-3d7ff5077152" testName="VideoOS.IdentityServer.UnitTests.Repositories.VmsUserManagerTests.CreateUserInternalAsync_NoPasswordProvided_Success" computerName="DKSR-EFI-04" duration="00:00:00.0351971" startTime="2023-12-22T09:34:33.6847878+01:00" endTime="2023-12-22T09:34:33.6847883+01:00" testType="13cdc9d9-ddb5-4fa4-a97d-d965ccfc6d4b" outcome="Passed" testListId="8c84fa94-04c1-424b-9868-57a2d4851a1d" relativeResultsDirectory="4ccbb2c7-2e5b-47d9-b73a-df2a581c0cb9" />
    <UnitTestResult executionId="aa4498d7-9ecb-497a-b3dd-65546d4c22e7" testId="6df617a3-480b-b950-cc83-439ce7b442c8" testName="VideoOS.IdentityServer.UnitTests.Filters.ApiExceptionFilterTest.OnException_ExceptionIsApiException_HttpContextResultIsSetWithStatus400AndMessage" computerName="DKSR-EFI-04" duration="00:00:00.0011067" startTime="2023-12-22T09:34:33.9993707+01:00" endTime="2023-12-22T09:34:33.9993709+01:00" testType="13cdc9d9-ddb5-4fa4-a97d-d965ccfc6d4b" outcome="Passed" testListId="8c84fa94-04c1-424b-9868-57a2d4851a1d" relativeResultsDirectory="aa4498d7-9ecb-497a-b3dd-65546d4c22e7" />
    <UnitTestResult executionId="07bdf6ef-9d3f-435a-b8e5-532ea3ed101c" testId="e4fc7a1f-da76-3fea-0cdd-b220789e02fa" testName="VideoOS.IdentityServer.UnitTests.Services.WellKnownConfigurationRetriever.WellKnownConfigurationRetrieverTests.GetWellKnownConfiguration_LoginProviderException_ReturnsErrorResult" computerName="DKSR-EFI-04" duration="00:00:00.0502552" startTime="2023-12-22T09:34:32.8895233+01:00" endTime="2023-12-22T09:34:32.8895235+01:00" testType="13cdc9d9-ddb5-4fa4-a97d-d965ccfc6d4b" outcome="Passed" testListId="8c84fa94-04c1-424b-9868-57a2d4851a1d" relativeResultsDirectory="07bdf6ef-9d3f-435a-b8e5-532ea3ed101c" />
    <UnitTestResult executionId="9671ac1f-84d0-4ac1-af10-9a97c407079e" testId="17a17d61-3693-4beb-a69c-da690ff6fcd4" testName="VideoOS.IdentityServer.UnitTests.GrantValidators.WinAuthGrantValidatorTests.ValidateAsync_DbContextTrowsSqlException_StatusCode500IsSet" computerName="DKSR-EFI-04" duration="00:00:00.0249696" startTime="2023-12-22T09:34:33.2910657+01:00" endTime="2023-12-22T09:34:33.2910661+01:00" testType="13cdc9d9-ddb5-4fa4-a97d-d965ccfc6d4b" outcome="Passed" testListId="8c84fa94-04c1-424b-9868-57a2d4851a1d" relativeResultsDirectory="9671ac1f-84d0-4ac1-af10-9a97c407079e" />
    <UnitTestResult executionId="6f419679-7840-4ddd-9759-1c98716a267d" testId="b122f024-4d62-5fa9-117a-e786ca27ba96" testName="VideoOS.IdentityServer.UnitTests.Helper.RsaKeyGeneratorTests.GenerateRsaSecurityKey_InvalidKeySize_ThrowsArgumentOutOfRangeException(keySize: 0)" computerName="DKSR-EFI-04" duration="00:00:00.0000286" startTime="2023-12-22T09:34:32.5888550+01:00" endTime="2023-12-22T09:34:32.5888551+01:00" testType="13cdc9d9-ddb5-4fa4-a97d-d965ccfc6d4b" outcome="Passed" testListId="8c84fa94-04c1-424b-9868-57a2d4851a1d" relativeResultsDirectory="6f419679-7840-4ddd-9759-1c98716a267d" />
    <UnitTestResult executionId="6352213c-1069-4433-9e7a-b47616ddb147" testId="3def9f2b-e5b3-ad6a-4e4f-3569812f3ca2" testName="VideoOS.IdentityServer.UnitTests.Repositories.VmsUserManagerTests.IsUserLockedOut_LockoutEnd_Expired" computerName="DKSR-EFI-04" duration="00:00:00.0007704" startTime="2023-12-22T09:34:33.3156620+01:00" endTime="2023-12-22T09:34:33.3156622+01:00" testType="13cdc9d9-ddb5-4fa4-a97d-d965ccfc6d4b" outcome="Passed" testListId="8c84fa94-04c1-424b-9868-57a2d4851a1d" relativeResultsDirectory="6352213c-1069-4433-9e7a-b47616ddb147" />
    <UnitTestResult executionId="19025ef5-fe39-492a-b693-b70be5e35236" testId="63bf71a7-1c76-c096-70d9-c487f1a1c964" testName="VideoOS.IdentityServer.UnitTests.GrantValidators.ResourceOwnerPasswordValidatorTests.ValidateAsync_UserCanSignIn_Success" computerName="DKSR-EFI-04" duration="00:00:00.0057225" startTime="2023-12-22T09:34:34.2057524+01:00" endTime="2023-12-22T09:34:34.2057526+01:00" testType="13cdc9d9-ddb5-4fa4-a97d-d965ccfc6d4b" outcome="Passed" testListId="8c84fa94-04c1-424b-9868-57a2d4851a1d" relativeResultsDirectory="19025ef5-fe39-492a-b693-b70be5e35236" />
    <UnitTestResult executionId="460f5667-c489-4f26-b37a-498b5b363a6d" testId="32be16a7-ee49-b10f-4c61-b754df927f5e" testName="VideoOS.IdentityServer.UnitTests.Controllers.ClientsControllerTests.RegisterClient_InvalidClientIdRequested_BusinessViolationExceptionIsThrown" computerName="DKSR-EFI-04" duration="00:00:00.0030008" startTime="2023-12-22T09:34:33.1018866+01:00" endTime="2023-12-22T09:34:33.1018870+01:00" testType="13cdc9d9-ddb5-4fa4-a97d-d965ccfc6d4b" outcome="Passed" testListId="8c84fa94-04c1-424b-9868-57a2d4851a1d" relativeResultsDirectory="460f5667-c489-4f26-b37a-498b5b363a6d" />
    <UnitTestResult executionId="2c7a2d36-1053-4f1d-9f58-9ef4657cda1c" testId="c3846fc0-2007-2b3f-c098-4deb9354cadc" testName="VideoOS.IdentityServer.UnitTests.Attributes.SIDAttributeTests.IsValid_IsCorrectSidFormat_ReturnsTrue(value: &quot;s-1-1-0&quot;)" computerName="DKSR-EFI-04" duration="00:00:00.0004254" startTime="2023-12-22T09:34:32.0656427+01:00" endTime="2023-12-22T09:34:32.0656428+01:00" testType="13cdc9d9-ddb5-4fa4-a97d-d965ccfc6d4b" outcome="Passed" testListId="8c84fa94-04c1-424b-9868-57a2d4851a1d" relativeResultsDirectory="2c7a2d36-1053-4f1d-9f58-9ef4657cda1c" />
    <UnitTestResult executionId="9c9649be-3add-455f-b9ca-8a7b54d45a66" testId="0ba0d8ee-e084-2fae-4304-de087e848ec3" testName="VideoOS.IdentityServer.UnitTests.Controllers.UsersControllerTests.Patch_UpdatesAreSent_ReturnUpdatedUserDto" computerName="DKSR-EFI-04" duration="00:00:00.0515658" startTime="2023-12-22T09:34:33.0177818+01:00" endTime="2023-12-22T09:34:33.0177819+01:00" testType="13cdc9d9-ddb5-4fa4-a97d-d965ccfc6d4b" outcome="Passed" testListId="8c84fa94-04c1-424b-9868-57a2d4851a1d" relativeResultsDirectory="9c9649be-3add-455f-b9ca-8a7b54d45a66" />
    <UnitTestResult executionId="578b5047-dccc-4191-b914-3c7f763c5249" testId="4f5a6cc6-1969-6f9b-ec83-8d5bda87395f" testName="VideoOS.IdentityServer.UnitTests.Services.UserProvisionerTests.CreateOrUpdateUser_NewUserUserNameAlreadyCreated_VerifyUserName(exsistingUserNames: [&quot;CustomUserName&quot;, &quot;Preferred Bobby Bob&quot;, &quot;Bobby Bob&quot;, &quot;james@bond.local&quot;], expectedUserName: &quot;CustomUserName#1&quot;)" computerName="DKSR-EFI-04" duration="00:00:00.0080573" startTime="2023-12-22T09:34:34.1959711+01:00" endTime="2023-12-22T09:34:34.1959714+01:00" testType="13cdc9d9-ddb5-4fa4-a97d-d965ccfc6d4b" outcome="Passed" testListId="8c84fa94-04c1-424b-9868-57a2d4851a1d" relativeResultsDirectory="578b5047-dccc-4191-b914-3c7f763c5249" />
    <UnitTestResult executionId="96a4f6ca-4409-4c65-bad6-91daba9e7191" testId="b50992fa-5125-9c48-09b0-58c5626cfd46" testName="VideoOS.IdentityServer.UnitTests.Controllers.LoginsControllerTests.AddLogin_LoginIsCreated_CreatedRouteReturned" computerName="DKSR-EFI-04" duration="00:00:00.0075952" startTime="2023-12-22T09:34:32.4229445+01:00" endTime="2023-12-22T09:34:32.4229448+01:00" testType="13cdc9d9-ddb5-4fa4-a97d-d965ccfc6d4b" outcome="Passed" testListId="8c84fa94-04c1-424b-9868-57a2d4851a1d" relativeResultsDirectory="96a4f6ca-4409-4c65-bad6-91daba9e7191" />
    <UnitTestResult executionId="079a1206-d9df-485e-ae7d-f32ad6ac073e" testId="d46eeb73-e964-e08a-1fbd-08c1223b20cd" testName="VideoOS.IdentityServer.UnitTests.Pages.LoginTests.OnGetAsync_IdpSpecified_Redirect" computerName="DKSR-EFI-04" duration="00:00:00.0121576" startTime="2023-12-22T09:34:34.0729060+01:00" endTime="2023-12-22T09:34:34.0729062+01:00" testType="13cdc9d9-ddb5-4fa4-a97d-d965ccfc6d4b" outcome="Passed" testListId="8c84fa94-04c1-424b-9868-57a2d4851a1d" relativeResultsDirectory="079a1206-d9df-485e-ae7d-f32ad6ac073e" />
    <UnitTestResult executionId="43b6114d-c18c-448d-9b36-7705cf3b0dec" testId="e63c8da7-36bc-0278-9da1-1f7a23301408" testName="VideoOS.IdentityServer.UnitTests.Helper.ExpressionBuilderTests.FromString_DifferentQueriesWithAllowedSearchNames_ReturnsExpectedCount(query: &quot;number ne 4&quot;, expectedCount: 4, allowedSearchNames: [&quot;Number&quot;])" computerName="DKSR-EFI-04" duration="00:00:00.0005484" startTime="2023-12-22T09:34:32.1197726+01:00" endTime="2023-12-22T09:34:32.1197728+01:00" testType="13cdc9d9-ddb5-4fa4-a97d-d965ccfc6d4b" outcome="Passed" testListId="8c84fa94-04c1-424b-9868-57a2d4851a1d" relativeResultsDirectory="43b6114d-c18c-448d-9b36-7705cf3b0dec" />
    <UnitTestResult executionId="3d7cb61a-c1e3-4433-8512-6a9761adc7ae" testId="473a3c80-3ea8-a077-65a6-e1d2c4bcc082" testName="VideoOS.IdentityServer.UnitTests.Controllers.TrustedIssuersControllerTests.Post_AddressExists_DuplicateTrustedIssuerError" computerName="DKSR-EFI-04" duration="00:00:00.0035998" startTime="2023-12-22T09:34:32.3515085+01:00" endTime="2023-12-22T09:34:32.3515087+01:00" testType="13cdc9d9-ddb5-4fa4-a97d-d965ccfc6d4b" outcome="Passed" testListId="8c84fa94-04c1-424b-9868-57a2d4851a1d" relativeResultsDirectory="3d7cb61a-c1e3-4433-8512-6a9761adc7ae" />
    <UnitTestResult executionId="21727824-3056-4c9f-aa8b-8d1b9afc8c96" testId="ec079d06-2a8d-026f-a72e-697634a6ae4e" testName="VideoOS.IdentityServer.UnitTests.Controllers.ScopesControllerTests.GetScopes_ScopesFromParameter_ReturnsOkResultWithScopes(scopes: [])" computerName="DKSR-EFI-04" duration="00:00:00.0296511" startTime="2023-12-22T09:34:32.7860327+01:00" endTime="2023-12-22T09:34:32.7860329+01:00" testType="13cdc9d9-ddb5-4fa4-a97d-d965ccfc6d4b" outcome="Passed" testListId="8c84fa94-04c1-424b-9868-57a2d4851a1d" relativeResultsDirectory="21727824-3056-4c9f-aa8b-8d1b9afc8c96" />
    <UnitTestResult executionId="2d789015-15db-4f4e-b753-5d8d41912ae8" testId="00d7f6e7-1681-b470-5943-2b2a47f76c10" testName="VideoOS.IdentityServer.UnitTests.Repositories.VmsUserManagerTests.CreateUserInternalAsync_LockoutDisabledAndUserHaveNotLockoutEnd_Success" computerName="DKSR-EFI-04" duration="00:00:00.0038544" startTime="2023-12-22T09:34:33.3036744+01:00" endTime="2023-12-22T09:34:33.3036746+01:00" testType="13cdc9d9-ddb5-4fa4-a97d-d965ccfc6d4b" outcome="Passed" testListId="8c84fa94-04c1-424b-9868-57a2d4851a1d" relativeResultsDirectory="2d789015-15db-4f4e-b753-5d8d41912ae8" />
    <UnitTestResult executionId="e6881b7e-dd3e-41f9-8b19-a27eeaa2f6a8" testId="d2484591-128b-24ef-8f52-6d83f7bc2c3f" testName="VideoOS.IdentityServer.UnitTests.Services.PasswordHasherWithLegacySupportTests.VerifyHashedPassword_CorrectLegacyPassword_SuccessRehashNeeded(encryptionMethod: &quot;SHA1&quot;)" computerName="DKSR-EFI-04" duration="00:00:00.0451757" startTime="2023-12-22T09:34:33.6298171+01:00" endTime="2023-12-22T09:34:33.6298176+01:00" testType="13cdc9d9-ddb5-4fa4-a97d-d965ccfc6d4b" outcome="Passed" testListId="8c84fa94-04c1-424b-9868-57a2d4851a1d" relativeResultsDirectory="e6881b7e-dd3e-41f9-8b19-a27eeaa2f6a8" />
    <UnitTestResult executionId="5a6dba2b-bebf-4acd-aee1-88edfdb75935" testId="4f5a6cc6-1969-6f9b-ec83-8d5bda87395f" testName="VideoOS.IdentityServer.UnitTests.Services.UserProvisionerTests.CreateOrUpdateUser_NewUserUserNameAlreadyCreated_VerifyUserName(exsistingUserNames: [&quot;CustomUserName&quot;, &quot;Preferred Bobby Bob&quot;, &quot;Bobby Bob&quot;], expectedUserName: &quot;james@bond.local&quot;)" computerName="DKSR-EFI-04" duration="00:00:00.0075264" startTime="2023-12-22T09:34:34.1878903+01:00" endTime="2023-12-22T09:34:34.1878912+01:00" testType="13cdc9d9-ddb5-4fa4-a97d-d965ccfc6d4b" outcome="Passed" testListId="8c84fa94-04c1-424b-9868-57a2d4851a1d" relativeResultsDirectory="5a6dba2b-bebf-4acd-aee1-88edfdb75935" />
    <UnitTestResult executionId="4c8ec41c-f9ec-4fc3-b610-534539eec21f" testId="87f4d9b7-2d7e-23c1-4003-883f358f7c2a" testName="VideoOS.IdentityServer.UnitTests.Controllers.BaseControllerTests.BadRequest_InvokeWithIdentityError_ReturnsResultWithErrorResponse" computerName="DKSR-EFI-04" duration="00:00:00.0002405" startTime="2023-12-22T09:34:33.9901127+01:00" endTime="2023-12-22T09:34:33.9901129+01:00" testType="13cdc9d9-ddb5-4fa4-a97d-d965ccfc6d4b" outcome="Passed" testListId="8c84fa94-04c1-424b-9868-57a2d4851a1d" relativeResultsDirectory="4c8ec41c-f9ec-4fc3-b610-534539eec21f" />
    <UnitTestResult executionId="3edc008a-2bbb-4535-9bec-d74bb7a77ed5" testId="c6010e29-17a3-a56b-9f48-27de2c404872" testName="VideoOS.IdentityServer.UnitTests.Model.Result.ResultTests.Success_ShouldNotBeError_WhenSuccessValueProvided" computerName="DKSR-EFI-04" duration="00:00:00.0001633" startTime="2023-12-22T09:34:32.7946030+01:00" endTime="2023-12-22T09:34:32.7946032+01:00" testType="13cdc9d9-ddb5-4fa4-a97d-d965ccfc6d4b" outcome="Passed" testListId="8c84fa94-04c1-424b-9868-57a2d4851a1d" relativeResultsDirectory="3edc008a-2bbb-4535-9bec-d74bb7a77ed5" />
    <UnitTestResult executionId="16f37610-54f7-464c-a6c3-47d24b7f5a27" testId="889e6f9b-0246-8302-3a49-afd2bfd230d1" testName="VideoOS.IdentityServer.UnitTests.Services.PasswordValidationTests.RegExBuild(minLength: 1, maxLength: 255, lowerCase: False, upperCase: False, digit: False, specialChar: False, uniqueCharacters: 1, testData: [[1, True], [11, True], [12, True], [121, True]])" computerName="DKSR-EFI-04" duration="00:00:00.0000754" startTime="2023-12-22T09:34:32.2827900+01:00" endTime="2023-12-22T09:34:32.2827901+01:00" testType="13cdc9d9-ddb5-4fa4-a97d-d965ccfc6d4b" outcome="Passed" testListId="8c84fa94-04c1-424b-9868-57a2d4851a1d" relativeResultsDirectory="16f37610-54f7-464c-a6c3-47d24b7f5a27" />
    <UnitTestResult executionId="42ed9726-a195-4974-9d84-b5deee13e43e" testId="207a906e-a774-4b05-3722-9a9c77877e13" testName="VideoOS.IdentityServer.UnitTests.Pages.ErrorTests.OnGetAsync_RequestIsNotOnApiPath_DisplayCorrectErrorCodeAndShowFooter(httpStatusCode: Forbidden, expectedErrorCodeMessage: &quot;PageForbidden&quot;, expectedShowFooter: False)" computerName="DKSR-EFI-04" duration="00:00:00.0000668" startTime="2023-12-22T09:34:33.1594471+01:00" endTime="2023-12-22T09:34:33.1594472+01:00" testType="13cdc9d9-ddb5-4fa4-a97d-d965ccfc6d4b" outcome="Passed" testListId="8c84fa94-04c1-424b-9868-57a2d4851a1d" relativeResultsDirectory="42ed9726-a195-4974-9d84-b5deee13e43e" />
    <UnitTestResult executionId="c129a431-ab85-4bdc-8d7b-e084543bb98f" testId="2b2206f7-9187-eae9-c01f-3d3853c0ca71" testName="VideoOS.IdentityServer.UnitTests.Helper.ArrayModelBinderTests.BindModelAsync_ValidInput_Success" computerName="DKSR-EFI-04" duration="00:00:00.0035369" startTime="2023-12-22T09:34:33.3493109+01:00" endTime="2023-12-22T09:34:33.3493112+01:00" testType="13cdc9d9-ddb5-4fa4-a97d-d965ccfc6d4b" outcome="Passed" testListId="8c84fa94-04c1-424b-9868-57a2d4851a1d" relativeResultsDirectory="c129a431-ab85-4bdc-8d7b-e084543bb98f" />
    <UnitTestResult executionId="7a385c1f-5a05-4a01-80e0-fb5cc5f5888c" testId="889e6f9b-0246-8302-3a49-afd2bfd230d1" testName="VideoOS.IdentityServer.UnitTests.Services.PasswordValidationTests.RegExBuild(minLength: 0, maxLength: 255, lowerCase: False, upperCase: False, digit: True, specialChar: False, uniqueCharacters: 1, testData: [[Milestonesys!1, True], [Milestonesys!, False], [Milestonesys1, True], [milestonesys!1, True], [MILESTONESYS!, False], ...])" computerName="DKSR-EFI-04" duration="00:00:00.0001125" startTime="2023-12-22T09:34:32.2815084+01:00" endTime="2023-12-22T09:34:32.2815085+01:00" testType="13cdc9d9-ddb5-4fa4-a97d-d965ccfc6d4b" outcome="Passed" testListId="8c84fa94-04c1-424b-9868-57a2d4851a1d" relativeResultsDirectory="7a385c1f-5a05-4a01-80e0-fb5cc5f5888c" />
    <UnitTestResult executionId="374d11e7-b730-4d34-96b4-cbd17044e5ae" testId="18fa64fa-97ab-ff66-4700-6c977c6610be" testName="VideoOS.IdentityServer.UnitTests.Helper.ExpressionBuilderTests.FromString_QueryIsNullOrEmpty_ThrowsArgumentException(query: null)" computerName="DKSR-EFI-04" duration="00:00:00.0003934" startTime="2023-12-22T09:34:32.1331942+01:00" endTime="2023-12-22T09:34:32.1331945+01:00" testType="13cdc9d9-ddb5-4fa4-a97d-d965ccfc6d4b" outcome="Passed" testListId="8c84fa94-04c1-424b-9868-57a2d4851a1d" relativeResultsDirectory="374d11e7-b730-4d34-96b4-cbd17044e5ae" />
    <UnitTestResult executionId="b2bc8ebf-2778-4739-a5bd-5a37bdfbc4ec" testId="4afd93b3-0dbd-977d-9326-df2e15851723" testName="VideoOS.IdentityServer.UnitTests.Helper.MapAllClaimsActionAndEnumerateArrayTests.Run_SingleAndArrayClaimPairsClaimNameMixedCasing_DuplicatePairsGetRemovedWithClaimNameCaseSensitive" computerName="DKSR-EFI-04" duration="00:00:00.0087223" startTime="2023-12-22T09:34:33.0430394+01:00" endTime="2023-12-22T09:34:33.0430398+01:00" testType="13cdc9d9-ddb5-4fa4-a97d-d965ccfc6d4b" outcome="Passed" testListId="8c84fa94-04c1-424b-9868-57a2d4851a1d" relativeResultsDirectory="b2bc8ebf-2778-4739-a5bd-5a37bdfbc4ec" />
    <UnitTestResult executionId="1b1a8606-8a92-4349-ab9b-6d2ef0a0034b" testId="9f9c6084-f03d-db9c-e06a-4171b07ef539" testName="VideoOS.IdentityServer.UnitTests.Controllers.ExternalProviderManagerTests.AddProvider_Enabled_ConfiguresProvider" computerName="DKSR-EFI-04" duration="00:00:00.0046891" startTime="2023-12-22T09:34:32.6272638+01:00" endTime="2023-12-22T09:34:32.6272639+01:00" testType="13cdc9d9-ddb5-4fa4-a97d-d965ccfc6d4b" outcome="Passed" testListId="8c84fa94-04c1-424b-9868-57a2d4851a1d" relativeResultsDirectory="1b1a8606-8a92-4349-ab9b-6d2ef0a0034b" />
    <UnitTestResult executionId="73c33f7e-8dd5-436f-a29d-73b5e510ae65" testId="f9f9c1a9-026b-519c-10d7-173536d70fa9" testName="VideoOS.IdentityServer.UnitTests.GrantValidators.TokenExchangeGrantValidatorTests.ValidateAsync_ExchangeStyleNotVmsFederation_InvalidRequestReturned" computerName="DKSR-EFI-04" duration="00:00:00.0095669" startTime="2023-12-22T09:34:32.8912630+01:00" endTime="2023-12-22T09:34:32.8912632+01:00" testType="13cdc9d9-ddb5-4fa4-a97d-d965ccfc6d4b" outcome="Passed" testListId="8c84fa94-04c1-424b-9868-57a2d4851a1d" relativeResultsDirectory="73c33f7e-8dd5-436f-a29d-73b5e510ae65" />
    <UnitTestResult executionId="4d498094-d0da-46c6-8688-bcd1ec86c0fb" testId="5373f050-6135-5a6d-df4f-e2461319f873" testName="VideoOS.IdentityServer.UnitTests.Services.ProfileServiceTests.GetProfileDataAsync_ProviderScopeRequestedCallerIsUserInfoEndpoint_RequestedAndRequiredClaims" computerName="DKSR-EFI-04" duration="00:00:00.0045823" startTime="2023-12-22T09:34:33.8957722+01:00" endTime="2023-12-22T09:34:33.8957724+01:00" testType="13cdc9d9-ddb5-4fa4-a97d-d965ccfc6d4b" outcome="Passed" testListId="8c84fa94-04c1-424b-9868-57a2d4851a1d" relativeResultsDirectory="4d498094-d0da-46c6-8688-bcd1ec86c0fb" />
    <UnitTestResult executionId="5e471d50-aee1-45bc-88de-72dec2165335" testId="e7845d4a-9c88-9f03-59fc-c92a5ceeca9a" testName="VideoOS.IdentityServer.UnitTests.Attributes.IsGuidTests.IsGuid_ValueIsNotGuid_ReturnsFalse" computerName="DKSR-EFI-04" duration="00:00:00.0003392" startTime="2023-12-22T09:34:33.2522625+01:00" endTime="2023-12-22T09:34:33.2522627+01:00" testType="13cdc9d9-ddb5-4fa4-a97d-d965ccfc6d4b" outcome="Passed" testListId="8c84fa94-04c1-424b-9868-57a2d4851a1d" relativeResultsDirectory="5e471d50-aee1-45bc-88de-72dec2165335" />
    <UnitTestResult executionId="69904ba8-6271-4d2d-be5a-f26afdb84d68" testId="0f7868bc-3682-bc6b-9f38-1769de49a115" testName="VideoOS.IdentityServer.UnitTests.Repositories.VmsUserManagerTests.GetLogins_NoLoginsMatchingFilters_NoLoginsReturned" computerName="DKSR-EFI-04" duration="00:00:00.0434674" startTime="2023-12-22T09:34:33.2997499+01:00" endTime="2023-12-22T09:34:33.2997503+01:00" testType="13cdc9d9-ddb5-4fa4-a97d-d965ccfc6d4b" outcome="Passed" testListId="8c84fa94-04c1-424b-9868-57a2d4851a1d" relativeResultsDirectory="69904ba8-6271-4d2d-be5a-f26afdb84d68" />
    <UnitTestResult executionId="6a61a498-2a3b-4de1-8ab3-5a30d5eb81c1" testId="32695111-f0d1-5117-1ea3-fba755aaec22" testName="VideoOS.IdentityServer.UnitTests.GrantValidators.WinAuthGrantValidatorTests.ValidateAsync_UserIsNotAuthenticated_FailureResultIsSet" computerName="DKSR-EFI-04" duration="00:00:00.0050740" startTime="2023-12-22T09:34:33.4119756+01:00" endTime="2023-12-22T09:34:33.4119759+01:00" testType="13cdc9d9-ddb5-4fa4-a97d-d965ccfc6d4b" outcome="Passed" testListId="8c84fa94-04c1-424b-9868-57a2d4851a1d" relativeResultsDirectory="6a61a498-2a3b-4de1-8ab3-5a30d5eb81c1" />
    <UnitTestResult executionId="6b24f7c0-f700-47cd-9b68-92226fcc1dc3" testId="c7205d22-c981-88a1-80a2-12e8b7e19a0f" testName="VideoOS.IdentityServer.UnitTests.Helper.MapAllClaimsActionAndEnumerateArrayTests.Run_DuplicateArrayClaimPairs_DuplicatePairsGetRemoved" computerName="DKSR-EFI-04" duration="00:00:00.0007203" startTime="2023-12-22T09:34:33.0446926+01:00" endTime="2023-12-22T09:34:33.0446928+01:00" testType="13cdc9d9-ddb5-4fa4-a97d-d965ccfc6d4b" outcome="Passed" testListId="8c84fa94-04c1-424b-9868-57a2d4851a1d" relativeResultsDirectory="6b24f7c0-f700-47cd-9b68-92226fcc1dc3" />
    <UnitTestResult executionId="668c1cc6-c0ea-4d13-ae31-7c9eadc8dbab" testId="38622752-e42e-50b5-44f2-47149b16f855" testName="VideoOS.IdentityServer.UnitTests.Repositories.VmsUserManagerTests.FindByIdsAsync_UsersNotFound_Empty" computerName="DKSR-EFI-04" duration="00:00:00.0043526" startTime="2023-12-22T09:34:33.3085301+01:00" endTime="2023-12-22T09:34:33.3085304+01:00" testType="13cdc9d9-ddb5-4fa4-a97d-d965ccfc6d4b" outcome="Passed" testListId="8c84fa94-04c1-424b-9868-57a2d4851a1d" relativeResultsDirectory="668c1cc6-c0ea-4d13-ae31-7c9eadc8dbab" />
    <UnitTestResult executionId="74274056-cfb4-43f9-a809-e6a589b5f9e7" testId="6852fa0d-96bc-81d2-59b0-8e8004a5deb8" testName="VideoOS.IdentityServer.UnitTests.Services.ExternalTokenValidatorTests.GetSubjectTokenClaims_SubjectTokenIsNull_TokenNotValidatedAndErrorReturned" computerName="DKSR-EFI-04" duration="00:00:00.0002375" startTime="2023-12-22T09:34:32.2550402+01:00" endTime="2023-12-22T09:34:32.2550402+01:00" testType="13cdc9d9-ddb5-4fa4-a97d-d965ccfc6d4b" outcome="Passed" testListId="8c84fa94-04c1-424b-9868-57a2d4851a1d" relativeResultsDirectory="74274056-cfb4-43f9-a809-e6a589b5f9e7" />
    <UnitTestResult executionId="4c52343e-08ba-49cb-ac67-6b3c9e7340ad" testId="fa378fcf-ab9c-4481-d1e8-d9cef920ea0f" testName="VideoOS.IdentityServer.UnitTests.Attributes.IsGuidTests.IsGuid_ValueIsGuidOrNull_ReturnsTrue(value: &quot;a86818c9-6703-4236-ae65-592332fb43e2&quot;)" computerName="DKSR-EFI-04" duration="00:00:00.0000066" startTime="2023-12-22T09:34:33.2524282+01:00" endTime="2023-12-22T09:34:33.2524282+01:00" testType="13cdc9d9-ddb5-4fa4-a97d-d965ccfc6d4b" outcome="Passed" testListId="8c84fa94-04c1-424b-9868-57a2d4851a1d" relativeResultsDirectory="4c52343e-08ba-49cb-ac67-6b3c9e7340ad" />
    <UnitTestResult executionId="45a8cbc3-a1af-4ee1-94c0-041428ba607a" testId="af815e99-2b63-05e9-7ea1-bfc6de0216ca" testName="VideoOS.IdentityServer.UnitTests.Services.EventLogServiceTest.Log_LogModelIsNull_ArgumentNullException" computerName="DKSR-EFI-04" duration="00:00:00.0013012" startTime="2023-12-22T09:34:33.3190686+01:00" endTime="2023-12-22T09:34:33.3190688+01:00" testType="13cdc9d9-ddb5-4fa4-a97d-d965ccfc6d4b" outcome="Passed" testListId="8c84fa94-04c1-424b-9868-57a2d4851a1d" relativeResultsDirectory="45a8cbc3-a1af-4ee1-94c0-041428ba607a" />
    <UnitTestResult executionId="208103a9-e4a9-4c78-9910-4276be7193f2" testId="5a59b2f7-dfbd-5ad9-04a9-ec8735995b0c" testName="VideoOS.IdentityServer.UnitTests.Services.UserProvisionerTests.CreateOrUpdateUser_NewUserNoPreferred_Name" computerName="DKSR-EFI-04" duration="00:00:00.0270341" startTime="2023-12-22T09:34:34.1244765+01:00" endTime="2023-12-22T09:34:34.1244770+01:00" testType="13cdc9d9-ddb5-4fa4-a97d-d965ccfc6d4b" outcome="Passed" testListId="8c84fa94-04c1-424b-9868-57a2d4851a1d" relativeResultsDirectory="208103a9-e4a9-4c78-9910-4276be7193f2" />
    <UnitTestResult executionId="bca38f1f-c1ab-4f4a-af00-6f716a349a84" testId="c3d62fdb-9f77-4aa5-0654-aae86222d252" testName="VideoOS.IdentityServer.UnitTests.Helper.ExpressionBuilderTests.FromString_DifferentQueriesWithDisallowedSearchNames_ThrowsInvalidOperationException(query: &quot;number ge 4&quot;, allowedSearchNames: [&quot;abc&quot;])" computerName="DKSR-EFI-04" duration="00:00:00.0000652" startTime="2023-12-22T09:34:32.1292269+01:00" endTime="2023-12-22T09:34:32.1292270+01:00" testType="13cdc9d9-ddb5-4fa4-a97d-d965ccfc6d4b" outcome="Passed" testListId="8c84fa94-04c1-424b-9868-57a2d4851a1d" relativeResultsDirectory="bca38f1f-c1ab-4f4a-af00-6f716a349a84" />
    <UnitTestResult executionId="3f7f74be-590c-434c-8f34-fcd934590455" testId="93cfa45e-50b0-604c-c09c-2e5001172962" testName="VideoOS.IdentityServer.UnitTests.Repositories.VmsUserManagerTests.HasClaimChanged_InputOfUserAndExternalClaims_ExpectedOutcome(userClaims: [VmsUserClaim { ClaimType = &quot;name&quot;, ClaimValue = &quot;name&quot;, CreatedDate = 0001-01-01T00:00:00.0000000, Id = 0, LoginProvider = null, ... }, VmsUserClaim { ClaimType = &quot;test&quot;, ClaimValue = &quot;test&quot;, CreatedDate = 0001-01-01T00:00:00.0000000, Id = 0, LoginProvider = null, ... }, VmsUserClaim { ClaimType = &quot;test&quot;, ClaimValue = &quot;test1&quot;, CreatedDate = 0001-01-01T00:00:00.0000000, Id = 0, LoginProvider = null, ... }], externalClaims: [name: name, test: test, test: newtest], expectedAddedIndex: [2], expectedRemovedIndex: [2])" computerName="DKSR-EFI-04" duration="00:00:00.0000679" startTime="2023-12-22T09:34:33.8759906+01:00" endTime="2023-12-22T09:34:33.8759907+01:00" testType="13cdc9d9-ddb5-4fa4-a97d-d965ccfc6d4b" outcome="Passed" testListId="8c84fa94-04c1-424b-9868-57a2d4851a1d" relativeResultsDirectory="3f7f74be-590c-434c-8f34-fcd934590455" />
    <UnitTestResult executionId="5d70549e-dc2b-4b09-828e-9ae111b24d1c" testId="32a63d0f-1518-258d-79a6-5db3d0ff3aaa" testName="VideoOS.IdentityServer.UnitTests.Attributes.HttpOrHttpsAttributeTests.IsValid_ForHttpOrHttpsUri_ReturnsSuccess(url: &quot;https://www.example.com&quot;)" computerName="DKSR-EFI-04" duration="00:00:00.0004314" startTime="2023-12-22T09:34:32.3120632+01:00" endTime="2023-12-22T09:34:32.3120634+01:00" testType="13cdc9d9-ddb5-4fa4-a97d-d965ccfc6d4b" outcome="Passed" testListId="8c84fa94-04c1-424b-9868-57a2d4851a1d" relativeResultsDirectory="5d70549e-dc2b-4b09-828e-9ae111b24d1c" />
    <UnitTestResult executionId="11aa51f7-1743-4a01-86b0-aeeb6f831848" testId="082e2d3a-9113-fbed-5f14-fb2a15bd14ea" testName="VideoOS.IdentityServer.UnitTests.Model.Result.ResultTests.Failure_ShouldThrowArgumentNullException_WhenNullErrorListProvided" computerName="DKSR-EFI-04" duration="00:00:00.0002724" startTime="2023-12-22T09:34:32.7955042+01:00" endTime="2023-12-22T09:34:32.7955043+01:00" testType="13cdc9d9-ddb5-4fa4-a97d-d965ccfc6d4b" outcome="Passed" testListId="8c84fa94-04c1-424b-9868-57a2d4851a1d" relativeResultsDirectory="11aa51f7-1743-4a01-86b0-aeeb6f831848" />
    <UnitTestResult executionId="d14aca09-20e1-48a2-b819-93cc635daaff" testId="494fe934-5722-db55-08f0-f3b411426110" testName="VideoOS.IdentityServer.UnitTests.Repositories.VmsUserManagerTests.GetLogins_UsingKeyOnly_LoginsReturned" computerName="DKSR-EFI-04" duration="00:00:00.0040631" startTime="2023-12-22T09:34:33.8871896+01:00" endTime="2023-12-22T09:34:33.8871898+01:00" testType="13cdc9d9-ddb5-4fa4-a97d-d965ccfc6d4b" outcome="Passed" testListId="8c84fa94-04c1-424b-9868-57a2d4851a1d" relativeResultsDirectory="d14aca09-20e1-48a2-b819-93cc635daaff" />
    <UnitTestResult executionId="33127f74-a2ac-49ac-8a16-020c48d55675" testId="014351e4-7bfa-ccb3-8272-e98f933a2890" testName="VideoOS.IdentityServer.UnitTests.Pages.LoginTests.OnGetAsync_LocalIdpSpecified_Local" computerName="DKSR-EFI-04" duration="00:00:00.0054905" startTime="2023-12-22T09:34:34.0779208+01:00" endTime="2023-12-22T09:34:34.0779214+01:00" testType="13cdc9d9-ddb5-4fa4-a97d-d965ccfc6d4b" outcome="Passed" testListId="8c84fa94-04c1-424b-9868-57a2d4851a1d" relativeResultsDirectory="33127f74-a2ac-49ac-8a16-020c48d55675" />
    <UnitTestResult executionId="53f9357f-bf4b-4f8b-8a2c-40d722e47ccb" testId="a915ae1e-25c2-6917-da6e-07b0380337af" testName="VideoOS.IdentityServer.UnitTests.Model.Result.ResultTests.Failure_ShouldBeErrorWithMultipleErrors_WhenMultipleErrorsProvided" computerName="DKSR-EFI-04" duration="00:00:00.0004980" startTime="2023-12-22T09:34:32.7951725+01:00" endTime="2023-12-22T09:34:32.7951726+01:00" testType="13cdc9d9-ddb5-4fa4-a97d-d965ccfc6d4b" outcome="Passed" testListId="8c84fa94-04c1-424b-9868-57a2d4851a1d" relativeResultsDirectory="53f9357f-bf4b-4f8b-8a2c-40d722e47ccb" />
    <UnitTestResult executionId="532e103a-e7da-4a7c-8e4f-ef884441f19a" testId="bd21bf91-6772-b618-cf7a-086f9bcbb72d" testName="VideoOS.IdentityServer.UnitTests.Pages.External.CallbackTests.OnGetAsync_UserExists_SignedIn" computerName="DKSR-EFI-04" duration="00:00:00.0624870" startTime="2023-12-22T09:34:34.2290981+01:00" endTime="2023-12-22T09:34:34.2290982+01:00" testType="13cdc9d9-ddb5-4fa4-a97d-d965ccfc6d4b" outcome="Passed" testListId="8c84fa94-04c1-424b-9868-57a2d4851a1d" relativeResultsDirectory="532e103a-e7da-4a7c-8e4f-ef884441f19a" />
    <UnitTestResult executionId="7e8c2ae9-e1b9-4689-be68-17edc0f9029a" testId="d5a56717-e9ce-6498-18fd-77539cebf38b" testName="VideoOS.IdentityServer.UnitTests.Attributes.SIDAttributeTests.IsValid_IsNotCorrectSidFormat_ReturnsFalse(value: &quot;0-1-1-0&quot;)" computerName="DKSR-EFI-04" duration="00:00:00.0045801" startTime="2023-12-22T09:34:32.0477838+01:00" endTime="2023-12-22T09:34:32.0478681+01:00" testType="13cdc9d9-ddb5-4fa4-a97d-d965ccfc6d4b" outcome="Passed" testListId="8c84fa94-04c1-424b-9868-57a2d4851a1d" relativeResultsDirectory="7e8c2ae9-e1b9-4689-be68-17edc0f9029a" />
    <UnitTestResult executionId="1a6fc0ca-779c-4449-86df-830db666b996" testId="4132f6e7-e401-244e-b327-d74900dc4106" testName="VideoOS.IdentityServer.UnitTests.Controllers.ClientsControllerTests.RegisterClient_RedirectUrisExistsWithMissingAuthorizationCodeGrant_BusinessViolationExceptionIsThrown" computerName="DKSR-EFI-04" duration="00:00:00.0022112" startTime="2023-12-22T09:34:33.1066202+01:00" endTime="2023-12-22T09:34:33.1066205+01:00" testType="13cdc9d9-ddb5-4fa4-a97d-d965ccfc6d4b" outcome="Passed" testListId="8c84fa94-04c1-424b-9868-57a2d4851a1d" relativeResultsDirectory="1a6fc0ca-779c-4449-86df-830db666b996" />
    <UnitTestResult executionId="24d5c5f5-43d5-4846-b29b-7f8bd18c0574" testId="15835881-44f2-8459-7a5b-9f6f9e507bac" testName="VideoOS.IdentityServer.UnitTests.Repositories.ConfigurationRepositoryTest.GetAllValidScopesAsync_ScopesExists_ScopesAreReturned" computerName="DKSR-EFI-04" duration="00:00:00.2514787" startTime="2023-12-22T09:34:32.8691944+01:00" endTime="2023-12-22T09:34:32.8691946+01:00" testType="13cdc9d9-ddb5-4fa4-a97d-d965ccfc6d4b" outcome="Passed" testListId="8c84fa94-04c1-424b-9868-57a2d4851a1d" relativeResultsDirectory="24d5c5f5-43d5-4846-b29b-7f8bd18c0574" />
    <UnitTestResult executionId="f46f1616-59dd-4dfc-bb9f-a5ff135c14dd" testId="93cfa45e-50b0-604c-c09c-2e5001172962" testName="VideoOS.IdentityServer.UnitTests.Repositories.VmsUserManagerTests.HasClaimChanged_InputOfUserAndExternalClaims_ExpectedOutcome(userClaims: [VmsUserClaim { ClaimType = &quot;name&quot;, ClaimValue = &quot;name&quot;, CreatedDate = 0001-01-01T00:00:00.0000000, Id = 0, LoginProvider = null, ... }], externalClaims: [], expectedAddedIndex: [], expectedRemovedIndex: [0])" computerName="DKSR-EFI-04" duration="00:00:00.0002004" startTime="2023-12-22T09:34:33.8758033+01:00" endTime="2023-12-22T09:34:33.8758034+01:00" testType="13cdc9d9-ddb5-4fa4-a97d-d965ccfc6d4b" outcome="Passed" testListId="8c84fa94-04c1-424b-9868-57a2d4851a1d" relativeResultsDirectory="f46f1616-59dd-4dfc-bb9f-a5ff135c14dd" />
    <UnitTestResult executionId="efba8da1-26c5-4fa3-9c1c-8ce3ab639dd8" testId="b76ba26d-44b3-e26c-27b8-2e42a199bd90" testName="VideoOS.IdentityServer.UnitTests.Attributes.DisallowCharacterAttributeTests.IsValid_ContainsOnlyAllowedCharacters_ReturnsTrue(value: null)" computerName="DKSR-EFI-04" duration="00:00:00.0000043" startTime="2023-12-22T09:34:32.2883107+01:00" endTime="2023-12-22T09:34:32.2883108+01:00" testType="13cdc9d9-ddb5-4fa4-a97d-d965ccfc6d4b" outcome="Passed" testListId="8c84fa94-04c1-424b-9868-57a2d4851a1d" relativeResultsDirectory="efba8da1-26c5-4fa3-9c1c-8ce3ab639dd8" />
    <UnitTestResult executionId="413f2cc3-838a-4364-ad15-b2ab809d5bd3" testId="1d389ffb-2e11-5848-1632-d0c27e2b06c9" testName="VideoOS.IdentityServer.UnitTests.Services.EventLogServiceTest.Log_LogSuccess_TimeStampSet" computerName="DKSR-EFI-04" duration="00:00:00.0054888" startTime="2023-12-22T09:34:33.3246557+01:00" endTime="2023-12-22T09:34:33.3246559+01:00" testType="13cdc9d9-ddb5-4fa4-a97d-d965ccfc6d4b" outcome="Passed" testListId="8c84fa94-04c1-424b-9868-57a2d4851a1d" relativeResultsDirectory="413f2cc3-838a-4364-ad15-b2ab809d5bd3" />
    <UnitTestResult executionId="a08ba350-83fb-4f0f-a2a1-5c4fbe69b0bb" testId="8c34430d-d39b-8a75-da42-c94626fb3592" testName="VideoOS.IdentityServer.UnitTests.Helper.ExpressionBuilderTests.FromString_DifferentQueriesWithAllowedSearchNames_ReturnsExpectedCount(query: &quot;time lt 2000-1-1&quot;, expectedCount: 3, allowedSearchNames: [&quot;Time&quot;])" computerName="DKSR-EFI-04" duration="00:00:00.0010161" startTime="2023-12-22T09:34:32.1242262+01:00" endTime="2023-12-22T09:34:32.1242264+01:00" testType="13cdc9d9-ddb5-4fa4-a97d-d965ccfc6d4b" outcome="Passed" testListId="8c84fa94-04c1-424b-9868-57a2d4851a1d" relativeResultsDirectory="a08ba350-83fb-4f0f-a2a1-5c4fbe69b0bb" />
    <UnitTestResult executionId="68324ba7-46e7-4877-a6b0-64bc4ad20a39" testId="3f988e2b-f56d-5783-b962-79eb401ba4b2" testName="VideoOS.IdentityServer.UnitTests.Controllers.TrustedIssuersControllerTests.Put_AddressAlreadyExists_DuplicateTrustedIssuersError" computerName="DKSR-EFI-04" duration="00:00:00.0037499" startTime="2023-12-22T09:34:32.3780025+01:00" endTime="2023-12-22T09:34:32.3780028+01:00" testType="13cdc9d9-ddb5-4fa4-a97d-d965ccfc6d4b" outcome="Passed" testListId="8c84fa94-04c1-424b-9868-57a2d4851a1d" relativeResultsDirectory="68324ba7-46e7-4877-a6b0-64bc4ad20a39" />
    <UnitTestResult executionId="47809a16-ace4-45c7-96fd-5cbffc3844c0" testId="24c04284-064f-8992-4640-f51fd7e9f897" testName="VideoOS.IdentityServer.UnitTests.Extensions.IQueryAbleExtensionsTests.Paginate_ArgumentNotOrdered_ThrowArgumentException" computerName="DKSR-EFI-04" duration="00:00:00.0008748" startTime="2023-12-22T09:34:32.2904871+01:00" endTime="2023-12-22T09:34:32.2904871+01:00" testType="13cdc9d9-ddb5-4fa4-a97d-d965ccfc6d4b" outcome="Passed" testListId="8c84fa94-04c1-424b-9868-57a2d4851a1d" relativeResultsDirectory="47809a16-ace4-45c7-96fd-5cbffc3844c0" />
    <UnitTestResult executionId="96d1f446-904f-4a3e-aae6-1dd8958adf21" testId="753803f6-06be-eef0-d662-c5a41595644a" testName="VideoOS.IdentityServer.UnitTests.Middleware.RequestResponseLogMiddlewareTests.InvokeAsync_NoLogging_DelegateRun" computerName="DKSR-EFI-04" duration="00:00:00.0015030" startTime="2023-12-22T09:34:33.0340775+01:00" endTime="2023-12-22T09:34:33.0340778+01:00" testType="13cdc9d9-ddb5-4fa4-a97d-d965ccfc6d4b" outcome="Passed" testListId="8c84fa94-04c1-424b-9868-57a2d4851a1d" relativeResultsDirectory="96d1f446-904f-4a3e-aae6-1dd8958adf21" />
    <UnitTestResult executionId="334929c8-c645-4240-9f98-297cbe6c2803" testId="0ecdd210-0357-ae0e-cf0e-09be7386e5ed" testName="VideoOS.IdentityServer.UnitTests.Repositories.EventLogRepositoryTests.FilterLogs_FilterIsNull_DoesNotThrowException" computerName="DKSR-EFI-04" duration="00:00:00.0094955" startTime="2023-12-22T09:34:32.2649174+01:00" endTime="2023-12-22T09:34:32.2649178+01:00" testType="13cdc9d9-ddb5-4fa4-a97d-d965ccfc6d4b" outcome="Passed" testListId="8c84fa94-04c1-424b-9868-57a2d4851a1d" relativeResultsDirectory="334929c8-c645-4240-9f98-297cbe6c2803" />
    <UnitTestResult executionId="5f6837c5-b9d3-4598-8bde-7c93d6435571" testId="7e8832a1-6e32-0798-a936-7af59dafc611" testName="VideoOS.IdentityServer.UnitTests.Repositories.VmsUserManagerTests.FindByFilterAsync_UserFoundUsingTypeAndValue_User" computerName="DKSR-EFI-04" duration="00:00:00.0062224" startTime="2023-12-22T09:34:33.3148328+01:00" endTime="2023-12-22T09:34:33.3148329+01:00" testType="13cdc9d9-ddb5-4fa4-a97d-d965ccfc6d4b" outcome="Passed" testListId="8c84fa94-04c1-424b-9868-57a2d4851a1d" relativeResultsDirectory="5f6837c5-b9d3-4598-8bde-7c93d6435571" />
    <UnitTestResult executionId="68ec0a31-305c-4632-b53f-5e748a7930ce" testId="a9ca7c6c-7750-96d8-7871-98f181c65f98" testName="VideoOS.IdentityServer.UnitTests.Services.ProfileServiceTests.GetProfileDataAsync_VmsUserWithIdpClaimFromMultipleProviders_ClaimsOnlyFromRequestedIdp" computerName="DKSR-EFI-04" duration="00:00:00.1283429" startTime="2023-12-22T09:34:33.8872734+01:00" endTime="2023-12-22T09:34:33.8872735+01:00" testType="13cdc9d9-ddb5-4fa4-a97d-d965ccfc6d4b" outcome="Passed" testListId="8c84fa94-04c1-424b-9868-57a2d4851a1d" relativeResultsDirectory="68ec0a31-305c-4632-b53f-5e748a7930ce" />
    <UnitTestResult executionId="dd57165d-c4c2-459d-87a1-eb1e0afef0cb" testId="7b78af51-a07c-4233-2f94-eac0ee2c6a72" testName="VideoOS.IdentityServer.UnitTests.GrantValidators.TokenExchangeGrantValidatorTests.ValidateAsync_TokenNotValidated_InvalidRequestReturned" computerName="DKSR-EFI-04" duration="00:00:00.1016165" startTime="2023-12-22T09:34:32.7508387+01:00" endTime="2023-12-22T09:34:32.7508392+01:00" testType="13cdc9d9-ddb5-4fa4-a97d-d965ccfc6d4b" outcome="Passed" testListId="8c84fa94-04c1-424b-9868-57a2d4851a1d" relativeResultsDirectory="dd57165d-c4c2-459d-87a1-eb1e0afef0cb" />
    <UnitTestResult executionId="e92a605b-8964-4283-91c5-0d8f98534ff6" testId="f2ce5a84-ec77-f411-f0d1-52ef065f2825" testName="VideoOS.IdentityServer.UnitTests.Helper.ExpressionBuilderTests.FromString_DifferentQueriesWithDisallowedSearchNames_ThrowsInvalidOperationException(query: &quot;name eq a&quot;, allowedSearchNames: [&quot;Time&quot;])" computerName="DKSR-EFI-04" duration="00:00:00.0006623" startTime="2023-12-22T09:34:32.1291236+01:00" endTime="2023-12-22T09:34:32.1291238+01:00" testType="13cdc9d9-ddb5-4fa4-a97d-d965ccfc6d4b" outcome="Passed" testListId="8c84fa94-04c1-424b-9868-57a2d4851a1d" relativeResultsDirectory="e92a605b-8964-4283-91c5-0d8f98534ff6" />
    <UnitTestResult executionId="2ef0faae-d67b-4f3e-9c91-bd6faabc66f3" testId="1e35a39e-d0e8-d4ab-bfb0-af910179f3e2" testName="VideoOS.IdentityServer.UnitTests.Helper.ArrayModelBinderTests.BindModelAsync_NotEnumerableType_Failed" computerName="DKSR-EFI-04" duration="00:00:00.0013932" startTime="2023-12-22T09:34:33.3509837+01:00" endTime="2023-12-22T09:34:33.3509839+01:00" testType="13cdc9d9-ddb5-4fa4-a97d-d965ccfc6d4b" outcome="Passed" testListId="8c84fa94-04c1-424b-9868-57a2d4851a1d" relativeResultsDirectory="2ef0faae-d67b-4f3e-9c91-bd6faabc66f3" />
    <UnitTestResult executionId="7c50e28d-30d8-47b7-8be4-32e3933f3f31" testId="ec443f4e-ff99-0070-b1f5-921b6a5a9db1" testName="VideoOS.IdentityServer.UnitTests.Controllers.UserCollectionsControllerTests.GetUserCollection_AllUsersFound_UsersReturned" computerName="DKSR-EFI-04" duration="00:00:00.0148557" startTime="2023-12-22T09:34:34.0823951+01:00" endTime="2023-12-22T09:34:34.0823952+01:00" testType="13cdc9d9-ddb5-4fa4-a97d-d965ccfc6d4b" outcome="Passed" testListId="8c84fa94-04c1-424b-9868-57a2d4851a1d" relativeResultsDirectory="7c50e28d-30d8-47b7-8be4-32e3933f3f31" />
    <UnitTestResult executionId="2ad5a670-4883-45e9-9d23-bb9f1b3e59df" testId="9168d8da-a349-31dd-2b45-0a6d377d0f4c" testName="VideoOS.IdentityServer.UnitTests.Controllers.BaseControllerTests.NotFound_InvokeWithObject_ThrowsNotImplementedException" computerName="DKSR-EFI-04" duration="00:00:00.0010943" startTime="2023-12-22T09:34:33.9912718+01:00" endTime="2023-12-22T09:34:33.9912720+01:00" testType="13cdc9d9-ddb5-4fa4-a97d-d965ccfc6d4b" outcome="Passed" testListId="8c84fa94-04c1-424b-9868-57a2d4851a1d" relativeResultsDirectory="2ad5a670-4883-45e9-9d23-bb9f1b3e59df" />
    <UnitTestResult executionId="7a7ebe06-2131-4313-9c8a-b3f8419fa05b" testId="0183fccb-d77a-a03a-5714-d0062038a2df" testName="VideoOS.IdentityServer.UnitTests.Controllers.UsersControllerTests.Patch_PasswordUpdatesAreSentForUserWithExternalLogin_ReturnBadRequest(patchDoc: JsonPatchDocument`1 { ContractResolver = DefaultContractResolver { DefaultMembersSearchFlags = Instance | Public, DynamicCodeGeneration = False, IgnoreIsSpecifiedMembers = False, IgnoreSerializableAttribute = True, IgnoreSerializableInterface = False, ... }, Operations = [Operation`1 { ... }] })" computerName="DKSR-EFI-04" duration="00:00:00.0069180" startTime="2023-12-22T09:34:32.7936925+01:00" endTime="2023-12-22T09:34:32.7936927+01:00" testType="13cdc9d9-ddb5-4fa4-a97d-d965ccfc6d4b" outcome="Passed" testListId="8c84fa94-04c1-424b-9868-57a2d4851a1d" relativeResultsDirectory="7a7ebe06-2131-4313-9c8a-b3f8419fa05b" />
    <UnitTestResult executionId="73640cc4-10bd-4634-bdaa-cf0a85a95aff" testId="eb1887f2-99e8-2199-5e42-44d49a96c712" testName="VideoOS.IdentityServer.UnitTests.Services.UserProvisionerTests.CreateOrUpdateUser_NewUserUserNameAlreadyCreatedDifferentClaims_VerifyUserName(claims: [preferred_username: Preferred Bobby Bob, name: Bobby Bob, email: james@bond.local], exsistingUserNames: [&quot;Preferred Bobby Bob&quot;, &quot;Bobby Bob&quot;, &quot;james@bond.local&quot;], expectedUserName: &quot;Preferred Bobby Bob#1&quot;)" computerName="DKSR-EFI-04" duration="00:00:00.0095183" startTime="2023-12-22T09:34:34.2564338+01:00" endTime="2023-12-22T09:34:34.2564340+01:00" testType="13cdc9d9-ddb5-4fa4-a97d-d965ccfc6d4b" outcome="Passed" testListId="8c84fa94-04c1-424b-9868-57a2d4851a1d" relativeResultsDirectory="73640cc4-10bd-4634-bdaa-cf0a85a95aff" />
    <UnitTestResult executionId="9d628fb3-b760-4022-9be0-d596535fb8e3" testId="ec2ada40-681f-61bd-0d28-7b6f8dc30809" testName="VideoOS.IdentityServer.UnitTests.Helper.RsaKeyGeneratorTests.GenerateRsaSecurityKey_InvalidKeySize_ThrowsArgumentOutOfRangeException(keySize: 383)" computerName="DKSR-EFI-04" duration="00:00:00.0000174" startTime="2023-12-22T09:34:32.5889005+01:00" endTime="2023-12-22T09:34:32.5889005+01:00" testType="13cdc9d9-ddb5-4fa4-a97d-d965ccfc6d4b" outcome="Passed" testListId="8c84fa94-04c1-424b-9868-57a2d4851a1d" relativeResultsDirectory="9d628fb3-b760-4022-9be0-d596535fb8e3" />
    <UnitTestResult executionId="37785c99-05b6-4ce4-b73d-87fa8c604d05" testId="920313dd-dbe4-45e4-85c7-ced5e63d5d71" testName="VideoOS.IdentityServer.UnitTests.Controllers.ClientsControllerTests.RegisterClientAuthorizationCodeFlow_ClientExists_ClientIsUpdatedWithScopesNameAndRedirectUris" computerName="DKSR-EFI-04" duration="00:00:00.0394964" startTime="2023-12-22T09:34:33.1943963+01:00" endTime="2023-12-22T09:34:33.1943970+01:00" testType="13cdc9d9-ddb5-4fa4-a97d-d965ccfc6d4b" outcome="Passed" testListId="8c84fa94-04c1-424b-9868-57a2d4851a1d" relativeResultsDirectory="37785c99-05b6-4ce4-b73d-87fa8c604d05" />
    <UnitTestResult executionId="05f449fe-2176-42a9-9f45-d74e3c7f7d65" testId="873ff879-5a57-44f1-cc90-acd6a24dbc43" testName="VideoOS.IdentityServer.UnitTests.Controllers.UsersControllerTests.Delete_UserIsDeleted_ReturnOkNoContent" computerName="DKSR-EFI-04" duration="00:00:00.0768511" startTime="2023-12-22T09:34:32.9661406+01:00" endTime="2023-12-22T09:34:32.9661410+01:00" testType="13cdc9d9-ddb5-4fa4-a97d-d965ccfc6d4b" outcome="Passed" testListId="8c84fa94-04c1-424b-9868-57a2d4851a1d" relativeResultsDirectory="05f449fe-2176-42a9-9f45-d74e3c7f7d65" />
    <UnitTestResult executionId="d145cb36-fddd-46df-95d1-e30d50a52594" testId="4f5a6cc6-1969-6f9b-ec83-8d5bda87395f" testName="VideoOS.IdentityServer.UnitTests.Services.UserProvisionerTests.CreateOrUpdateUser_NewUserUserNameAlreadyCreated_VerifyUserName(exsistingUserNames: [&quot;CustomUserName&quot;], expectedUserName: &quot;Preferred Bobby Bob&quot;)" computerName="DKSR-EFI-04" duration="00:00:00.0089789" startTime="2023-12-22T09:34:34.1476831+01:00" endTime="2023-12-22T09:34:34.1476833+01:00" testType="13cdc9d9-ddb5-4fa4-a97d-d965ccfc6d4b" outcome="Passed" testListId="8c84fa94-04c1-424b-9868-57a2d4851a1d" relativeResultsDirectory="d145cb36-fddd-46df-95d1-e30d50a52594" />
    <UnitTestResult executionId="4431c765-3daf-4603-93ae-1b1c329fa7f4" testId="da34095a-4f48-fcf8-49d7-10ec99566230" testName="VideoOS.IdentityServer.UnitTests.Helper.ExpressionBuilderTests.FromString_DifferentQueriesWithDisallowedSearchNames_ThrowsInvalidOperationException(query: &quot;number eq 4&quot;, allowedSearchNames: [&quot;Name&quot;])" computerName="DKSR-EFI-04" duration="00:00:00.0000549" startTime="2023-12-22T09:34:32.1297762+01:00" endTime="2023-12-22T09:34:32.1297763+01:00" testType="13cdc9d9-ddb5-4fa4-a97d-d965ccfc6d4b" outcome="Passed" testListId="8c84fa94-04c1-424b-9868-57a2d4851a1d" relativeResultsDirectory="4431c765-3daf-4603-93ae-1b1c329fa7f4" />
    <UnitTestResult executionId="719752d1-20cb-40d7-ab6a-7881c46337e8" testId="12137ac2-48bd-a902-d16c-541fa106b158" testName="VideoOS.IdentityServer.UnitTests.Repositories.VmsUserManagerTests.FindByIdAsync_UserNotFound_Null" computerName="DKSR-EFI-04" duration="00:00:00.0062687" startTime="2023-12-22T09:34:33.0176527+01:00" endTime="2023-12-22T09:34:33.0176530+01:00" testType="13cdc9d9-ddb5-4fa4-a97d-d965ccfc6d4b" outcome="Passed" testListId="8c84fa94-04c1-424b-9868-57a2d4851a1d" relativeResultsDirectory="719752d1-20cb-40d7-ab6a-7881c46337e8" />
    <UnitTestResult executionId="1c7b5302-1c6c-47ce-abd2-170ba4b383a8" testId="49e20756-5db1-2639-cc27-281c3d6c399d" testName="VideoOS.IdentityServer.UnitTests.Services.PasswordHasherWithLegacySupportTests.VerifyHashedPassword_UnknownLegacyEncryptionMethod_Failed" computerName="DKSR-EFI-04" duration="00:00:00.1212621" startTime="2023-12-22T09:34:33.8082523+01:00" endTime="2023-12-22T09:34:33.8082528+01:00" testType="13cdc9d9-ddb5-4fa4-a97d-d965ccfc6d4b" outcome="Passed" testListId="8c84fa94-04c1-424b-9868-57a2d4851a1d" relativeResultsDirectory="1c7b5302-1c6c-47ce-abd2-170ba4b383a8" />
    <UnitTestResult executionId="37422075-ab4c-4a7e-8a27-bc684db32329" testId="b38a5a04-b6dd-2a0a-6408-c160def365f0" testName="VideoOS.IdentityServer.UnitTests.Controllers.TrustedIssuersControllerTests.Put_IssuerAlreadyExists_DuplicateTrustedIssuersError" computerName="DKSR-EFI-04" duration="00:00:00.2982349" startTime="2023-12-22T09:34:32.3088474+01:00" endTime="2023-12-22T09:34:32.3088476+01:00" testType="13cdc9d9-ddb5-4fa4-a97d-d965ccfc6d4b" outcome="Passed" testListId="8c84fa94-04c1-424b-9868-57a2d4851a1d" relativeResultsDirectory="37422075-ab4c-4a7e-8a27-bc684db32329" />
    <UnitTestResult executionId="7b6394f0-0047-492a-a6c8-ae6be4f7eb54" testId="622f516f-ccbb-6e8c-01d1-b3762c647c4e" testName="VideoOS.IdentityServer.UnitTests.Helper.FilterModelBinderTests.BindModelAsync_ContextIsNull_ThrowsArgumentNullException" computerName="DKSR-EFI-04" duration="00:00:00.0019245" startTime="2023-12-22T09:34:32.7885997+01:00" endTime="2023-12-22T09:34:32.7885999+01:00" testType="13cdc9d9-ddb5-4fa4-a97d-d965ccfc6d4b" outcome="Passed" testListId="8c84fa94-04c1-424b-9868-57a2d4851a1d" relativeResultsDirectory="7b6394f0-0047-492a-a6c8-ae6be4f7eb54" />
    <UnitTestResult executionId="8818374b-01ff-48e2-876a-64c408a3560f" testId="9eba4420-fab6-f18a-0c59-5d7c61d27948" testName="VideoOS.IdentityServer.UnitTests.Filters.RedirectAntiForgeryValidationFailedResultFilterTest.OnResultExecutionAsync_ResultAntiforgeryValidationFailedResult" computerName="DKSR-EFI-04" duration="00:00:00.7761420" startTime="2023-12-22T09:34:34.0789409+01:00" endTime="2023-12-22T09:34:34.0789411+01:00" testType="13cdc9d9-ddb5-4fa4-a97d-d965ccfc6d4b" outcome="Passed" testListId="8c84fa94-04c1-424b-9868-57a2d4851a1d" relativeResultsDirectory="8818374b-01ff-48e2-876a-64c408a3560f" />
    <UnitTestResult executionId="e31241fa-0ad5-4523-9a81-81c892d6c3da" testId="c4fabfc6-aea7-ce5f-c9bf-0e383b17ae93" testName="VideoOS.IdentityServer.UnitTests.Services.ProfileServiceTests.GetProfileDataAsync_VmsUserNoRequestedClaims_RequiredClaims" computerName="DKSR-EFI-04" duration="00:00:00.0032653" startTime="2023-12-22T09:34:33.9375473+01:00" endTime="2023-12-22T09:34:33.9375475+01:00" testType="13cdc9d9-ddb5-4fa4-a97d-d965ccfc6d4b" outcome="Passed" testListId="8c84fa94-04c1-424b-9868-57a2d4851a1d" relativeResultsDirectory="e31241fa-0ad5-4523-9a81-81c892d6c3da" />
    <UnitTestResult executionId="58bf1f02-f3bf-439a-a3d4-e1aa70ecf272" testId="91011207-5e68-cefc-db4a-1c463e66d00e" testName="VideoOS.IdentityServer.UnitTests.Model.ErrorResponseTests.SetErrors_SetWithAllowedErrors_ErrorsContainAllElements" computerName="DKSR-EFI-04" duration="00:00:00.0020587" startTime="2023-12-22T09:34:32.6419823+01:00" endTime="2023-12-22T09:34:32.6419825+01:00" testType="13cdc9d9-ddb5-4fa4-a97d-d965ccfc6d4b" outcome="Passed" testListId="8c84fa94-04c1-424b-9868-57a2d4851a1d" relativeResultsDirectory="58bf1f02-f3bf-439a-a3d4-e1aa70ecf272" />
    <UnitTestResult executionId="a5a574c3-7b5c-4e9b-89c4-07f8ee4774bc" testId="b84beae9-8212-fbc1-9d19-d4118dca21e2" testName="VideoOS.IdentityServer.UnitTests.Helper.ExpressionBuilderTests.FromString_DifferentQueriesWithAllowedSearchNames_ReturnsExpectedCount(query: &quot; number eq 4 &quot;, expectedCount: 1, allowedSearchNames: [&quot;Number&quot;])" computerName="DKSR-EFI-04" duration="00:00:00.0005626" startTime="2023-12-22T09:34:32.1155185+01:00" endTime="2023-12-22T09:34:32.1155188+01:00" testType="13cdc9d9-ddb5-4fa4-a97d-d965ccfc6d4b" outcome="Passed" testListId="8c84fa94-04c1-424b-9868-57a2d4851a1d" relativeResultsDirectory="a5a574c3-7b5c-4e9b-89c4-07f8ee4774bc" />
    <UnitTestResult executionId="aedec684-7363-4b0e-a23d-b3f89c778c00" testId="2ede7152-24c8-7202-fc29-669fff21e646" testName="VideoOS.IdentityServer.UnitTests.Helper.ExpressionBuilderTests.FromString_QueryIsInvalid_ThrowsQueryFilterException(query: &quot;number eq a&quot;)" computerName="DKSR-EFI-04" duration="00:00:00.0002591" startTime="2023-12-22T09:34:32.1480454+01:00" endTime="2023-12-22T09:34:32.1480455+01:00" testType="13cdc9d9-ddb5-4fa4-a97d-d965ccfc6d4b" outcome="Passed" testListId="8c84fa94-04c1-424b-9868-57a2d4851a1d" relativeResultsDirectory="aedec684-7363-4b0e-a23d-b3f89c778c00" />
    <UnitTestResult executionId="4fc7bae9-4242-4589-9b50-475e62079500" testId="3ce805ef-0df2-a3e6-ebeb-47289be70483" testName="VideoOS.IdentityServer.UnitTests.Helper.ExpressionBuilderTests.FromString_QueryIsInvalid_ThrowsQueryFilterException(query: &quot;doesnotexists eq a&quot;)" computerName="DKSR-EFI-04" duration="00:00:00.0000525" startTime="2023-12-22T09:34:32.1485366+01:00" endTime="2023-12-22T09:34:32.1485366+01:00" testType="13cdc9d9-ddb5-4fa4-a97d-d965ccfc6d4b" outcome="Passed" testListId="8c84fa94-04c1-424b-9868-57a2d4851a1d" relativeResultsDirectory="4fc7bae9-4242-4589-9b50-475e62079500" />
    <UnitTestResult executionId="eff97d35-fdab-477f-bd77-e6294d23e204" testId="019ddef2-79b7-3e6f-c319-8751953491cf" testName="VideoOS.IdentityServer.UnitTests.GrantValidators.WindowsCredentialsGrantValidatorTests.ValidateAsync_UserNotAuthenticated_Failed" computerName="DKSR-EFI-04" duration="00:00:00.1463739" startTime="2023-12-22T09:34:32.5291029+01:00" endTime="2023-12-22T09:34:32.5291030+01:00" testType="13cdc9d9-ddb5-4fa4-a97d-d965ccfc6d4b" outcome="Passed" testListId="8c84fa94-04c1-424b-9868-57a2d4851a1d" relativeResultsDirectory="eff97d35-fdab-477f-bd77-e6294d23e204" />
    <UnitTestResult executionId="179e7c1e-e342-42a4-badb-65a7b6553543" testId="b2cdec7c-a312-2276-76f1-238abf52a1cd" testName="VideoOS.IdentityServer.UnitTests.Pages.External.CallbackTests.OnGetAsync_SidClaimIncluded_AddedToSignIn" computerName="DKSR-EFI-04" duration="00:00:00.0077924" startTime="2023-12-22T09:34:34.2370853+01:00" endTime="2023-12-22T09:34:34.2370855+01:00" testType="13cdc9d9-ddb5-4fa4-a97d-d965ccfc6d4b" outcome="Passed" testListId="8c84fa94-04c1-424b-9868-57a2d4851a1d" relativeResultsDirectory="179e7c1e-e342-42a4-badb-65a7b6553543" />
    <UnitTestResult executionId="19272eba-9385-43a0-a9c8-63ae713354fa" testId="e7442daf-39a2-9945-c85a-3f299df6b7ba" testName="VideoOS.IdentityServer.UnitTests.Controllers.TrustedIssuersControllerTests.Put_TrustedIssuerDoesnNotExist_TrustedIssuerNotFoundError" computerName="DKSR-EFI-04" duration="00:00:00.0037077" startTime="2023-12-22T09:34:32.3336978+01:00" endTime="2023-12-22T09:34:32.3336981+01:00" testType="13cdc9d9-ddb5-4fa4-a97d-d965ccfc6d4b" outcome="Passed" testListId="8c84fa94-04c1-424b-9868-57a2d4851a1d" relativeResultsDirectory="19272eba-9385-43a0-a9c8-63ae713354fa" />
    <UnitTestResult executionId="c111a4f9-0e23-4c77-ada8-bf651006737b" testId="0f441947-64c0-3c8f-c58e-90fe1a065165" testName="VideoOS.IdentityServer.UnitTests.Extensions.IQueryAbleExtensionsTests.Paginate_ArgumentOrdered_success" computerName="DKSR-EFI-04" duration="00:00:00.0006824" startTime="2023-12-22T09:34:32.2905258+01:00" endTime="2023-12-22T09:34:32.2905259+01:00" testType="13cdc9d9-ddb5-4fa4-a97d-d965ccfc6d4b" outcome="Passed" testListId="8c84fa94-04c1-424b-9868-57a2d4851a1d" relativeResultsDirectory="c111a4f9-0e23-4c77-ada8-bf651006737b" />
    <UnitTestResult executionId="7bccb1ce-8075-4f49-872e-4e58994fcf52" testId="70aed50b-f6e8-8391-d1ef-bd034c71575d" testName="VideoOS.IdentityServer.UnitTests.GrantValidators.TokenExchangeGrantValidatorTests.ValidateAsync_HttpContextIsNull_InvalidRequestReturned" computerName="DKSR-EFI-04" duration="00:00:00.0026008" startTime="2023-12-22T09:34:32.7535263+01:00" endTime="2023-12-22T09:34:32.7535267+01:00" testType="13cdc9d9-ddb5-4fa4-a97d-d965ccfc6d4b" outcome="Passed" testListId="8c84fa94-04c1-424b-9868-57a2d4851a1d" relativeResultsDirectory="7bccb1ce-8075-4f49-872e-4e58994fcf52" />
    <UnitTestResult executionId="0accc8c4-d346-4eb9-92b7-f18f2bc9208c" testId="28b7f218-7471-42e4-aaa6-832342c6ecca" testName="VideoOS.IdentityServer.UnitTests.Helper.ArrayModelBinderTests.BindModelAsync_NoInputValue_Success" computerName="DKSR-EFI-04" duration="00:00:00.0009719" startTime="2023-12-22T09:34:33.3456950+01:00" endTime="2023-12-22T09:34:33.3456952+01:00" testType="13cdc9d9-ddb5-4fa4-a97d-d965ccfc6d4b" outcome="Passed" testListId="8c84fa94-04c1-424b-9868-57a2d4851a1d" relativeResultsDirectory="0accc8c4-d346-4eb9-92b7-f18f2bc9208c" />
    <UnitTestResult executionId="a5d07b0e-1a43-4107-b1b1-0005d3ef4483" testId="f0769189-46ba-dd7f-13e5-7e6afa6117a7" testName="VideoOS.IdentityServer.UnitTests.Helper.ConstantValueHelperTests.GetConstantValues_ConstantTypeExists_AllValuesReturned" computerName="DKSR-EFI-04" duration="00:00:00.0020075" startTime="2023-12-22T09:34:32.9144377+01:00" endTime="2023-12-22T09:34:32.9144379+01:00" testType="13cdc9d9-ddb5-4fa4-a97d-d965ccfc6d4b" outcome="Passed" testListId="8c84fa94-04c1-424b-9868-57a2d4851a1d" relativeResultsDirectory="a5d07b0e-1a43-4107-b1b1-0005d3ef4483" />
    <UnitTestResult executionId="293b4d60-fcea-4f28-b380-5a2066920a46" testId="85443d53-4669-f0d4-0fb2-8edbb618f253" testName="VideoOS.IdentityServer.UnitTests.Attributes.DisallowCharacterAttributeTests.IsValid_ContainsDisallowedCharacters_ReturnsFalse(value: &quot;bob?&quot;)" computerName="DKSR-EFI-04" duration="00:00:00.0000199" startTime="2023-12-22T09:34:32.2885867+01:00" endTime="2023-12-22T09:34:32.2885868+01:00" testType="13cdc9d9-ddb5-4fa4-a97d-d965ccfc6d4b" outcome="Passed" testListId="8c84fa94-04c1-424b-9868-57a2d4851a1d" relativeResultsDirectory="293b4d60-fcea-4f28-b380-5a2066920a46" />
    <UnitTestResult executionId="a2eccff4-0ba7-47d4-b2f7-bd3830bade14" testId="e8a747f9-6a0f-1c7f-4cda-994c6ff1eb58" testName="VideoOS.IdentityServer.UnitTests.Controllers.EventLogsControllerTests.Get_HasOneLog_ReturnsOneLog" computerName="DKSR-EFI-04" duration="00:00:00.0053787" startTime="2023-12-22T09:34:33.9534661+01:00" endTime="2023-12-22T09:34:33.9534662+01:00" testType="13cdc9d9-ddb5-4fa4-a97d-d965ccfc6d4b" outcome="Passed" testListId="8c84fa94-04c1-424b-9868-57a2d4851a1d" relativeResultsDirectory="a2eccff4-0ba7-47d4-b2f7-bd3830bade14" />
    <UnitTestResult executionId="dcf13730-ec4a-43f8-84fa-d2e4436ee1e5" testId="cc5bbe87-bdd6-95f4-293a-8634b9585240" testName="VideoOS.IdentityServer.UnitTests.Helper.ExpressionBuilderTests.FromString_DifferentQueriesWithNoListOfAllowedSearchNames_ReturnsExpectedCount(query: &quot;name eq c&quot;, expectedCount: 1)" computerName="DKSR-EFI-04" duration="00:00:00.0014205" startTime="2023-12-22T09:34:32.1327072+01:00" endTime="2023-12-22T09:34:32.1327073+01:00" testType="13cdc9d9-ddb5-4fa4-a97d-d965ccfc6d4b" outcome="Passed" testListId="8c84fa94-04c1-424b-9868-57a2d4851a1d" relativeResultsDirectory="dcf13730-ec4a-43f8-84fa-d2e4436ee1e5" />
    <UnitTestResult executionId="f2ad7b6c-363e-4356-9a20-2813ecf16b20" testId="fe25b75f-22e9-6a8f-5657-47130db3d928" testName="VideoOS.IdentityServer.UnitTests.NLogConfiguration.NLogConfiguratorTests.RemoveFilter_LogRuleNotFound_DoesNotThrow" computerName="DKSR-EFI-04" duration="00:00:00.4272161" startTime="2023-12-22T09:34:34.0641542+01:00" endTime="2023-12-22T09:34:34.0641546+01:00" testType="13cdc9d9-ddb5-4fa4-a97d-d965ccfc6d4b" outcome="Passed" testListId="8c84fa94-04c1-424b-9868-57a2d4851a1d" relativeResultsDirectory="f2ad7b6c-363e-4356-9a20-2813ecf16b20" />
    <UnitTestResult executionId="0977ed3a-6cde-49f1-ab8d-b1a180954a08" testId="c2d60633-e143-4b6e-562f-197396df32c7" testName="VideoOS.IdentityServer.UnitTests.Model.Result.ErrorTests.Error_CreationWithDefaultDescription_ShouldHaveDefaultDescription" computerName="DKSR-EFI-04" duration="00:00:00.0000816" startTime="2023-12-22T09:34:32.6867603+01:00" endTime="2023-12-22T09:34:32.6867605+01:00" testType="13cdc9d9-ddb5-4fa4-a97d-d965ccfc6d4b" outcome="Passed" testListId="8c84fa94-04c1-424b-9868-57a2d4851a1d" relativeResultsDirectory="0977ed3a-6cde-49f1-ab8d-b1a180954a08" />
    <UnitTestResult executionId="10f41e2a-c259-42b5-a346-def771261b9b" testId="d35acd00-2480-6a26-845c-4b07b64b1632" testName="VideoOS.IdentityServer.UnitTests.Pages.ErrorTests.OnGetAsync_RequestIsNotOnApiPath_DisplayCorrectErrorCodeAndShowFooter(httpStatusCode: NotFound, expectedErrorCodeMessage: &quot;PageNotFound&quot;, expectedShowFooter: False)" computerName="DKSR-EFI-04" duration="00:00:00.1017178" startTime="2023-12-22T09:34:33.1586683+01:00" endTime="2023-12-22T09:34:33.1586685+01:00" testType="13cdc9d9-ddb5-4fa4-a97d-d965ccfc6d4b" outcome="Passed" testListId="8c84fa94-04c1-424b-9868-57a2d4851a1d" relativeResultsDirectory="10f41e2a-c259-42b5-a346-def771261b9b" />
    <UnitTestResult executionId="1dcc8aae-366c-44ca-b232-57a38037e422" testId="b4580218-8da8-9647-793a-06cfab52bf03" testName="VideoOS.IdentityServer.UnitTests.Attributes.HttpOrHttpsAttributeTests.IsValid_ForNullValue_ReturnsSuccess" computerName="DKSR-EFI-04" duration="00:00:00.0000972" startTime="2023-12-22T09:34:32.3135765+01:00" endTime="2023-12-22T09:34:32.3135766+01:00" testType="13cdc9d9-ddb5-4fa4-a97d-d965ccfc6d4b" outcome="Passed" testListId="8c84fa94-04c1-424b-9868-57a2d4851a1d" relativeResultsDirectory="1dcc8aae-366c-44ca-b232-57a38037e422" />
    <UnitTestResult executionId="a88e2f65-ce5f-485c-a0ce-8cfd455dcd21" testId="8e8cb7e0-78e5-ded1-0e93-cda5bf51d581" testName="VideoOS.IdentityServer.UnitTests.Repositories.ConfigurationRepositoryTest.GetByClientIdAsync_ClientExists_ClientIsReturned" computerName="DKSR-EFI-04" duration="00:00:00.3044764" startTime="2023-12-22T09:34:32.6176071+01:00" endTime="2023-12-22T09:34:32.6176074+01:00" testType="13cdc9d9-ddb5-4fa4-a97d-d965ccfc6d4b" outcome="Passed" testListId="8c84fa94-04c1-424b-9868-57a2d4851a1d" relativeResultsDirectory="a88e2f65-ce5f-485c-a0ce-8cfd455dcd21" />
    <UnitTestResult executionId="11feca6f-a33a-4bdb-b7b1-c12e05f08bf9" testId="971a56ac-d06c-4071-e005-797f93846783" testName="VideoOS.IdentityServer.UnitTests.Pages.LoginTests.OnPostAsync_UserLockedOut_EventLogCreated" computerName="DKSR-EFI-04" duration="00:00:00.0059599" startTime="2023-12-22T09:34:34.0964711+01:00" endTime="2023-12-22T09:34:34.0964713+01:00" testType="13cdc9d9-ddb5-4fa4-a97d-d965ccfc6d4b" outcome="Passed" testListId="8c84fa94-04c1-424b-9868-57a2d4851a1d" relativeResultsDirectory="11feca6f-a33a-4bdb-b7b1-c12e05f08bf9" />
    <UnitTestResult executionId="cd2b4709-35a7-4624-8ee7-42e8bcce9b4b" testId="dce055c4-2491-c727-d725-c728829ca56d" testName="VideoOS.IdentityServer.UnitTests.Controllers.TrustedIssuersControllerTests.Post_IssuerExists_DuplicateTrustedIssuerError" computerName="DKSR-EFI-04" duration="00:00:00.0099123" startTime="2023-12-22T09:34:32.3437123+01:00" endTime="2023-12-22T09:34:32.3437125+01:00" testType="13cdc9d9-ddb5-4fa4-a97d-d965ccfc6d4b" outcome="Passed" testListId="8c84fa94-04c1-424b-9868-57a2d4851a1d" relativeResultsDirectory="cd2b4709-35a7-4624-8ee7-42e8bcce9b4b" />
    <UnitTestResult executionId="3e8b36c9-0c7e-48ad-b8a4-67ac82942509" testId="45929646-9446-9747-d2c1-ef5315a080a9" testName="VideoOS.IdentityServer.UnitTests.Controllers.ClientsControllerTests.GetClients_ReturnOkResultWithClientDto" computerName="DKSR-EFI-04" duration="00:00:00.0109554" startTime="2023-12-22T09:34:33.1176716+01:00" endTime="2023-12-22T09:34:33.1176719+01:00" testType="13cdc9d9-ddb5-4fa4-a97d-d965ccfc6d4b" outcome="Passed" testListId="8c84fa94-04c1-424b-9868-57a2d4851a1d" relativeResultsDirectory="3e8b36c9-0c7e-48ad-b8a4-67ac82942509" />
    <UnitTestResult executionId="4349693f-ca94-4975-93b6-9ecad1a6093a" testId="7c229fdd-c6e1-ff68-c8ed-5a8c5da3638d" testName="VideoOS.IdentityServer.UnitTests.Services.ProfileServiceTests.IsActiveAsync_WindowsIntegratedAuthentication_UserIsActive" computerName="DKSR-EFI-04" duration="00:00:00.0032318" startTime="2023-12-22T09:34:33.9437959+01:00" endTime="2023-12-22T09:34:33.9437960+01:00" testType="13cdc9d9-ddb5-4fa4-a97d-d965ccfc6d4b" outcome="Passed" testListId="8c84fa94-04c1-424b-9868-57a2d4851a1d" relativeResultsDirectory="4349693f-ca94-4975-93b6-9ecad1a6093a" />
    <UnitTestResult executionId="97298d57-aa04-4f8f-bd1e-bfdd93a4eec9" testId="d40e2701-458d-e2b9-f497-37927a0f0a85" testName="VideoOS.IdentityServer.UnitTests.Repositories.VmsUserManagerTests.IsUserLockedOut_LockoutEnabled_False" computerName="DKSR-EFI-04" duration="00:00:00.0003873" startTime="2023-12-22T09:34:33.2434650+01:00" endTime="2023-12-22T09:34:33.2434652+01:00" testType="13cdc9d9-ddb5-4fa4-a97d-d965ccfc6d4b" outcome="Passed" testListId="8c84fa94-04c1-424b-9868-57a2d4851a1d" relativeResultsDirectory="97298d57-aa04-4f8f-bd1e-bfdd93a4eec9" />
    <UnitTestResult executionId="b93c0fd5-0499-49f2-8eaa-189b2fb60a95" testId="8b71f50e-ae38-d60f-498f-8315a9dbb08d" testName="VideoOS.IdentityServer.UnitTests.Attributes.HttpOrHttpsAttributeTests.IsValid_ForInvalidUriFormat_ReturnsError(url: &quot;not a uri&quot;)" computerName="DKSR-EFI-04" duration="00:00:00.0000058" startTime="2023-12-22T09:34:32.3135013+01:00" endTime="2023-12-22T09:34:32.3135017+01:00" testType="13cdc9d9-ddb5-4fa4-a97d-d965ccfc6d4b" outcome="Passed" testListId="8c84fa94-04c1-424b-9868-57a2d4851a1d" relativeResultsDirectory="b93c0fd5-0499-49f2-8eaa-189b2fb60a95" />
    <UnitTestResult executionId="cd4bd8b5-3833-48ff-8dda-c354635e78a5" testId="93cfa45e-50b0-604c-c09c-2e5001172962" testName="VideoOS.IdentityServer.UnitTests.Repositories.VmsUserManagerTests.HasClaimChanged_InputOfUserAndExternalClaims_ExpectedOutcome(userClaims: [VmsUserClaim { ClaimType = &quot;name&quot;, ClaimValue = &quot;name&quot;, CreatedDate = 0001-01-01T00:00:00.0000000, Id = 0, LoginProvider = null, ... }, VmsUserClaim { ClaimType = &quot;test&quot;, ClaimValue = &quot;test&quot;, CreatedDate = 0001-01-01T00:00:00.0000000, Id = 0, LoginProvider = null, ... }, VmsUserClaim { ClaimType = &quot;test&quot;, ClaimValue = &quot;test1&quot;, CreatedDate = 0001-01-01T00:00:00.0000000, Id = 0, LoginProvider = null, ... }], externalClaims: [name: name, test: test, test: test1], expectedAddedIndex: [], expectedRemovedIndex: [])" computerName="DKSR-EFI-04" duration="00:00:00.0003319" startTime="2023-12-22T09:34:33.8754086+01:00" endTime="2023-12-22T09:34:33.8754088+01:00" testType="13cdc9d9-ddb5-4fa4-a97d-d965ccfc6d4b" outcome="Passed" testListId="8c84fa94-04c1-424b-9868-57a2d4851a1d" relativeResultsDirectory="cd4bd8b5-3833-48ff-8dda-c354635e78a5" />
    <UnitTestResult executionId="1545800f-afa4-49e9-93dd-31e4236b72ea" testId="ce371133-7439-cc22-575e-2f8e96becb2d" testName="VideoOS.IdentityServer.UnitTests.Helper.ExpressionBuilderTests.FromString_DifferentQueriesWithAllowedSearchNames_ReturnsExpectedCount(query: &quot;number eq 4&quot;, expectedCount: 1, allowedSearchNames: [&quot;Number&quot;])" computerName="DKSR-EFI-04" duration="00:00:00.0006214" startTime="2023-12-22T09:34:32.1232867+01:00" endTime="2023-12-22T09:34:32.1232869+01:00" testType="13cdc9d9-ddb5-4fa4-a97d-d965ccfc6d4b" outcome="Passed" testListId="8c84fa94-04c1-424b-9868-57a2d4851a1d" relativeResultsDirectory="1545800f-afa4-49e9-93dd-31e4236b72ea" />
    <UnitTestResult executionId="b3eff410-cf6f-4a81-bd69-9601366f0a36" testId="09bd1177-f0ac-b268-be1b-885ab1f4828a" testName="VideoOS.IdentityServer.UnitTests.Repositories.VmsUserManagerTests.FindByFilterAsync_UsersNotUsingNoFilters_Empty" computerName="DKSR-EFI-04" duration="00:00:00.0045936" startTime="2023-12-22T09:34:33.7137292+01:00" endTime="2023-12-22T09:34:33.7137296+01:00" testType="13cdc9d9-ddb5-4fa4-a97d-d965ccfc6d4b" outcome="Passed" testListId="8c84fa94-04c1-424b-9868-57a2d4851a1d" relativeResultsDirectory="b3eff410-cf6f-4a81-bd69-9601366f0a36" />
    <UnitTestResult executionId="0331906e-e8a0-44c8-b792-cc1983c45a84" testId="3c28b699-7e42-a387-ebec-ae8f09e7595c" testName="VideoOS.IdentityServer.UnitTests.Controllers.LoginsControllerTests.DeleteLogin_WithOutFilterParameters_NotAllowedReturned" computerName="DKSR-EFI-04" duration="00:00:00.0046351" startTime="2023-12-22T09:34:32.4043412+01:00" endTime="2023-12-22T09:34:32.4043415+01:00" testType="13cdc9d9-ddb5-4fa4-a97d-d965ccfc6d4b" outcome="Passed" testListId="8c84fa94-04c1-424b-9868-57a2d4851a1d" relativeResultsDirectory="0331906e-e8a0-44c8-b792-cc1983c45a84" />
    <UnitTestResult executionId="0b7ea866-3618-4c1c-be61-623a80cfda20" testId="66c4ec48-8b26-bd82-bdd3-8f0cd78ada77" testName="VideoOS.IdentityServer.UnitTests.Repositories.VmsUserManagerTests.CreateUserInternalAsync_AddClaimsError_Failed" computerName="DKSR-EFI-04" duration="00:00:00.1273717" startTime="2023-12-22T09:34:33.1488331+01:00" endTime="2023-12-22T09:34:33.1488334+01:00" testType="13cdc9d9-ddb5-4fa4-a97d-d965ccfc6d4b" outcome="Passed" testListId="8c84fa94-04c1-424b-9868-57a2d4851a1d" relativeResultsDirectory="0b7ea866-3618-4c1c-be61-623a80cfda20" />
    <UnitTestResult executionId="df1840e9-eec7-487f-aa8b-27c604872452" testId="1c67d741-c9ce-dfc2-5f5a-2144a38e5ef7" testName="VideoOS.IdentityServer.UnitTests.Controllers.UsersControllerTests.Get_UserIsFound_ReturnOkResultWithUserDto" computerName="DKSR-EFI-04" duration="00:00:00.0121007" startTime="2023-12-22T09:34:32.6808450+01:00" endTime="2023-12-22T09:34:32.6808453+01:00" testType="13cdc9d9-ddb5-4fa4-a97d-d965ccfc6d4b" outcome="Passed" testListId="8c84fa94-04c1-424b-9868-57a2d4851a1d" relativeResultsDirectory="df1840e9-eec7-487f-aa8b-27c604872452" />
    <UnitTestResult executionId="0556ad02-6b7c-4026-af1a-7c9d40c4610b" testId="cb32f69f-efc6-c410-d588-b2c4340f8817" testName="VideoOS.IdentityServer.UnitTests.Repositories.VmsUserManagerTests.FindByIdsAsync_UsersFound_Users" computerName="DKSR-EFI-04" duration="00:00:00.0033118" startTime="2023-12-22T09:34:33.8800479+01:00" endTime="2023-12-22T09:34:33.8800482+01:00" testType="13cdc9d9-ddb5-4fa4-a97d-d965ccfc6d4b" outcome="Passed" testListId="8c84fa94-04c1-424b-9868-57a2d4851a1d" relativeResultsDirectory="0556ad02-6b7c-4026-af1a-7c9d40c4610b" />
    <UnitTestResult executionId="c3a0cbca-2348-4310-bbc9-b7497f0632e4" testId="492dace9-3b0a-d697-1385-c13f3d43e0e4" testName="VideoOS.IdentityServer.UnitTests.NLogConfiguration.NLogConfiguratorTests.RemoveFilter_FilterNotFound_NothingRemoved" computerName="DKSR-EFI-04" duration="00:00:00.0776855" startTime="2023-12-22T09:34:34.1427075+01:00" endTime="2023-12-22T09:34:34.1427078+01:00" testType="13cdc9d9-ddb5-4fa4-a97d-d965ccfc6d4b" outcome="Passed" testListId="8c84fa94-04c1-424b-9868-57a2d4851a1d" relativeResultsDirectory="c3a0cbca-2348-4310-bbc9-b7497f0632e4" />
    <UnitTestResult executionId="9d00d4b2-2c93-4886-993c-416a36c078c5" testId="05b4c97b-2e9a-ed5e-1129-08f3eee81585" testName="VideoOS.IdentityServer.UnitTests.Services.UserProvisionerTests.CreateOrUpdateUser_IdpClaim_ProviderEqualScheme" computerName="DKSR-EFI-04" duration="00:00:00.0256938" startTime="2023-12-22T09:34:34.2321375+01:00" endTime="2023-12-22T09:34:34.2321376+01:00" testType="13cdc9d9-ddb5-4fa4-a97d-d965ccfc6d4b" outcome="Passed" testListId="8c84fa94-04c1-424b-9868-57a2d4851a1d" relativeResultsDirectory="9d00d4b2-2c93-4886-993c-416a36c078c5" />
    <UnitTestResult executionId="39f740c0-48eb-4a41-ac2b-81e048100c45" testId="4f5a6cc6-1969-6f9b-ec83-8d5bda87395f" testName="VideoOS.IdentityServer.UnitTests.Services.UserProvisionerTests.CreateOrUpdateUser_NewUserUserNameAlreadyCreated_VerifyUserName(exsistingUserNames: [&quot;CustomUserName&quot;, &quot;Preferred Bobby Bob&quot;], expectedUserName: &quot;Bobby Bob&quot;)" computerName="DKSR-EFI-04" duration="00:00:00.0324794" startTime="2023-12-22T09:34:34.1803060+01:00" endTime="2023-12-22T09:34:34.1803068+01:00" testType="13cdc9d9-ddb5-4fa4-a97d-d965ccfc6d4b" outcome="Passed" testListId="8c84fa94-04c1-424b-9868-57a2d4851a1d" relativeResultsDirectory="39f740c0-48eb-4a41-ac2b-81e048100c45" />
    <UnitTestResult executionId="7b99515c-6121-47c8-a7a8-b46fbf4a2474" testId="c7b38266-3989-17e5-633a-0b7d19afb4c4" testName="VideoOS.IdentityServer.UnitTests.Controllers.ExternalProviderManagerTests.UpdateProvider_LoginProvider_NotEnabled_AlreadyExists_RemovesConfiguration" computerName="DKSR-EFI-04" duration="00:00:00.0042233" startTime="2023-12-22T09:34:32.6403801+01:00" endTime="2023-12-22T09:34:32.6403803+01:00" testType="13cdc9d9-ddb5-4fa4-a97d-d965ccfc6d4b" outcome="Passed" testListId="8c84fa94-04c1-424b-9868-57a2d4851a1d" relativeResultsDirectory="7b99515c-6121-47c8-a7a8-b46fbf4a2474" />
    <UnitTestResult executionId="09e12116-1f8e-404b-b21a-532ca94f2bf9" testId="363fcb95-f3be-f992-3fe9-9ea3d3b0fe13" testName="VideoOS.IdentityServer.UnitTests.Services.UserProvisionerTests.CreateOrUpdateUser_UserExistsUpdateExternalClaims_ExpectedClaimsAsInput(externalClaims: [sub: sub, name: name, test: test, test: test1], expectedClaims: [name: name, test: test, test: test1])" computerName="DKSR-EFI-04" duration="00:00:00.0060393" startTime="2023-12-22T09:34:34.2891548+01:00" endTime="2023-12-22T09:34:34.2891552+01:00" testType="13cdc9d9-ddb5-4fa4-a97d-d965ccfc6d4b" outcome="Passed" testListId="8c84fa94-04c1-424b-9868-57a2d4851a1d" relativeResultsDirectory="09e12116-1f8e-404b-b21a-532ca94f2bf9" />
    <UnitTestResult executionId="49ab5125-2c5b-4657-90e6-de9e2c744928" testId="b4bc320f-be69-44b8-e6e1-f7b7a62d2525" testName="VideoOS.IdentityServer.UnitTests.Pages.LoginTests.OnPostAsync_UserLoginFailed_EventLogCreated" computerName="DKSR-EFI-04" duration="00:00:00.0050539" startTime="2023-12-22T09:34:34.1016048+01:00" endTime="2023-12-22T09:34:34.1016050+01:00" testType="13cdc9d9-ddb5-4fa4-a97d-d965ccfc6d4b" outcome="Passed" testListId="8c84fa94-04c1-424b-9868-57a2d4851a1d" relativeResultsDirectory="49ab5125-2c5b-4657-90e6-de9e2c744928" />
    <UnitTestResult executionId="2c0b7326-335f-490c-bea3-05e9cfaaca9c" testId="85bf3866-403f-6cdd-9f23-280601254ec9" testName="VideoOS.IdentityServer.UnitTests.Controllers.LoginProvidersControllerTests.Patch_LoginProvider_Success" computerName="DKSR-EFI-04" duration="00:00:00.2525978" startTime="2023-12-22T09:34:33.1508179+01:00" endTime="2023-12-22T09:34:33.1508181+01:00" testType="13cdc9d9-ddb5-4fa4-a97d-d965ccfc6d4b" outcome="Passed" testListId="8c84fa94-04c1-424b-9868-57a2d4851a1d" relativeResultsDirectory="2c0b7326-335f-490c-bea3-05e9cfaaca9c" />
    <UnitTestResult executionId="c071b21b-c737-4f00-976b-8c073fc2e607" testId="b26e4236-793d-10b2-39ca-a954bf509a01" testName="VideoOS.IdentityServer.UnitTests.Helper.RsaKeyGeneratorTests.GenerateRsaSecurityKey_ValidKeySize_NewRsaSecurityKeyIsReturned(keySize: 384)" computerName="DKSR-EFI-04" duration="00:00:00.0291620" startTime="2023-12-22T09:34:32.6181637+01:00" endTime="2023-12-22T09:34:32.6181639+01:00" testType="13cdc9d9-ddb5-4fa4-a97d-d965ccfc6d4b" outcome="Passed" testListId="8c84fa94-04c1-424b-9868-57a2d4851a1d" relativeResultsDirectory="c071b21b-c737-4f00-976b-8c073fc2e607" />
    <UnitTestResult executionId="c0b6a56d-9669-4bcd-ae00-4e7c2277dced" testId="b15cbe91-1a7c-3e51-ee2d-df5d041497fc" testName="VideoOS.IdentityServer.UnitTests.Controllers.ExternalProviderManagerTests.UpdateProvider_LoginProvider_Enabled_NoSecret_AlreadyExists_RemovesConfiguration" computerName="DKSR-EFI-04" duration="00:00:00.0541123" startTime="2023-12-22T09:34:32.6945959+01:00" endTime="2023-12-22T09:34:32.6945962+01:00" testType="13cdc9d9-ddb5-4fa4-a97d-d965ccfc6d4b" outcome="Passed" testListId="8c84fa94-04c1-424b-9868-57a2d4851a1d" relativeResultsDirectory="c0b6a56d-9669-4bcd-ae00-4e7c2277dced" />
    <UnitTestResult executionId="7393d34a-7e43-4fbf-b6c0-3c3cd28accad" testId="c2a30588-211f-3067-d90d-ea2b0f188d42" testName="VideoOS.IdentityServer.UnitTests.Services.DeleteEventLogHostedServiceTest.DoWork_CalledOnEvent_LogsOlderThanOneDayDeleted" computerName="DKSR-EFI-04" duration="00:00:00.0110390" startTime="2023-12-22T09:34:34.2590717+01:00" endTime="2023-12-22T09:34:34.2590719+01:00" testType="13cdc9d9-ddb5-4fa4-a97d-d965ccfc6d4b" outcome="Passed" testListId="8c84fa94-04c1-424b-9868-57a2d4851a1d" relativeResultsDirectory="7393d34a-7e43-4fbf-b6c0-3c3cd28accad" />
    <UnitTestResult executionId="60f3c85d-8011-4485-961b-3c6471f690d0" testId="25862255-ea15-c4b2-f192-75ff61711a25" testName="VideoOS.IdentityServer.UnitTests.Services.WellKnownConfigurationRetriever.WellKnownConfigurationRetrieverTests.GetWellKnownConfiguration_LoginProviderError_ReturnsErrorResult" computerName="DKSR-EFI-04" duration="00:00:00.0027008" startTime="2023-12-22T09:34:32.9209963+01:00" endTime="2023-12-22T09:34:32.9209965+01:00" testType="13cdc9d9-ddb5-4fa4-a97d-d965ccfc6d4b" outcome="Passed" testListId="8c84fa94-04c1-424b-9868-57a2d4851a1d" relativeResultsDirectory="60f3c85d-8011-4485-961b-3c6471f690d0" />
    <UnitTestResult executionId="f8d7f4c2-45d5-417e-802c-2deaa8de4acb" testId="4bfae0fd-12aa-8da0-8477-e5814b23f285" testName="VideoOS.IdentityServer.UnitTests.Pages.LoginTests.OnGetAsync_NoIdpSpecified_Local" computerName="DKSR-EFI-04" duration="00:00:00.0064237" startTime="2023-12-22T09:34:34.0904221+01:00" endTime="2023-12-22T09:34:34.0904223+01:00" testType="13cdc9d9-ddb5-4fa4-a97d-d965ccfc6d4b" outcome="Passed" testListId="8c84fa94-04c1-424b-9868-57a2d4851a1d" relativeResultsDirectory="f8d7f4c2-45d5-417e-802c-2deaa8de4acb" />
    <UnitTestResult executionId="0bdb575b-695a-4534-a30c-ca341d4b1b91" testId="35fe19db-7a3f-051f-fc38-6b2b26be791d" testName="VideoOS.IdentityServer.UnitTests.Repositories.VmsUserManagerTests.FindByFilterAsync_UsingNoFilters_AllUsers" computerName="DKSR-EFI-04" duration="00:00:00.0029367" startTime="2023-12-22T09:34:33.8830549+01:00" endTime="2023-12-22T09:34:33.8830551+01:00" testType="13cdc9d9-ddb5-4fa4-a97d-d965ccfc6d4b" outcome="Passed" testListId="8c84fa94-04c1-424b-9868-57a2d4851a1d" relativeResultsDirectory="0bdb575b-695a-4534-a30c-ca341d4b1b91" />
    <UnitTestResult executionId="64a4b063-f42f-439a-9ac2-9e7a526ecb10" testId="5ae210e3-e23b-93eb-c3be-675944e83729" testName="VideoOS.IdentityServer.UnitTests.Services.ExternalTokenValidatorTests.GetSubjectTokenClaims_SubjectTokenMissingIdpClaim_TokenNotValidatedAndErrorReturned" computerName="DKSR-EFI-04" duration="00:00:00.0002428" startTime="2023-12-22T09:34:32.2551777+01:00" endTime="2023-12-22T09:34:32.2551778+01:00" testType="13cdc9d9-ddb5-4fa4-a97d-d965ccfc6d4b" outcome="Passed" testListId="8c84fa94-04c1-424b-9868-57a2d4851a1d" relativeResultsDirectory="64a4b063-f42f-439a-9ac2-9e7a526ecb10" />
    <UnitTestResult executionId="78832fbe-8690-48bb-a6db-b6ae7aa16a86" testId="a6c5fa75-cea3-5603-d1cb-2b654429ae90" testName="VideoOS.IdentityServer.UnitTests.Controllers.UserCollectionsControllerTests.GetUserCollection_NotAllUsersFound_NotFound" computerName="DKSR-EFI-04" duration="00:00:00.0133008" startTime="2023-12-22T09:34:34.0673539+01:00" endTime="2023-12-22T09:34:34.0673541+01:00" testType="13cdc9d9-ddb5-4fa4-a97d-d965ccfc6d4b" outcome="Passed" testListId="8c84fa94-04c1-424b-9868-57a2d4851a1d" relativeResultsDirectory="78832fbe-8690-48bb-a6db-b6ae7aa16a86" />
    <UnitTestResult executionId="772fff0f-233b-4dfe-a502-9b11a6127e6a" testId="b2bc26c4-1fb2-72c6-2cd4-9ee8e92adced" testName="VideoOS.IdentityServer.UnitTests.Services.UserProvisionerTests.CreateOrUpdateUser_NewUserNoPreferredNoName_FirstAndLast" computerName="DKSR-EFI-04" duration="00:00:00.0063198" startTime="2023-12-22T09:34:34.3053159+01:00" endTime="2023-12-22T09:34:34.3053163+01:00" testType="13cdc9d9-ddb5-4fa4-a97d-d965ccfc6d4b" outcome="Passed" testListId="8c84fa94-04c1-424b-9868-57a2d4851a1d" relativeResultsDirectory="772fff0f-233b-4dfe-a502-9b11a6127e6a" />
    <UnitTestResult executionId="58016a4d-25a0-4de7-88b5-2bf1df072304" testId="889e6f9b-0246-8302-3a49-afd2bfd230d1" testName="VideoOS.IdentityServer.UnitTests.Services.PasswordValidationTests.RegExBuild(minLength: 0, maxLength: 255, lowerCase: False, upperCase: False, digit: False, specialChar: True, uniqueCharacters: 1, testData: [[Milestonesys!1, True], [Milestonesys!, True], [Milestonesys1, False], [milestonesys!1, True], [MILESTONESYS!, True], ...])" computerName="DKSR-EFI-04" duration="00:00:00.0000914" startTime="2023-12-22T09:34:32.2815305+01:00" endTime="2023-12-22T09:34:32.2815305+01:00" testType="13cdc9d9-ddb5-4fa4-a97d-d965ccfc6d4b" outcome="Passed" testListId="8c84fa94-04c1-424b-9868-57a2d4851a1d" relativeResultsDirectory="58016a4d-25a0-4de7-88b5-2bf1df072304" />
    <UnitTestResult executionId="1e781ed8-104f-4a57-8faa-9b35fc735240" testId="79d67e59-7fbf-c07f-2150-4782871231d6" testName="VideoOS.IdentityServer.UnitTests.Repositories.EventLogRepositoryTests.SaveChangesAsync_NewChanges_SaveChangesIsCalledOnDbContext" computerName="DKSR-EFI-04" duration="00:00:00.4167196" startTime="2023-12-22T09:34:32.6861829+01:00" endTime="2023-12-22T09:34:32.6861832+01:00" testType="13cdc9d9-ddb5-4fa4-a97d-d965ccfc6d4b" outcome="Passed" testListId="8c84fa94-04c1-424b-9868-57a2d4851a1d" relativeResultsDirectory="1e781ed8-104f-4a57-8faa-9b35fc735240" />
    <UnitTestResult executionId="693983ae-0144-4a0a-af89-3d76515a2e1f" testId="6f78a48d-2ed9-1510-c50f-6e3222827d4c" testName="VideoOS.IdentityServer.UnitTests.GrantValidators.ResourceOwnerPasswordValidatorTests.ValidateAsync_WrongPassword_InvalidCredentials" computerName="DKSR-EFI-04" duration="00:00:00.0051884" startTime="2023-12-22T09:34:34.1948476+01:00" endTime="2023-12-22T09:34:34.1948480+01:00" testType="13cdc9d9-ddb5-4fa4-a97d-d965ccfc6d4b" outcome="Passed" testListId="8c84fa94-04c1-424b-9868-57a2d4851a1d" relativeResultsDirectory="693983ae-0144-4a0a-af89-3d76515a2e1f" />
    <UnitTestResult executionId="cf2dbd44-47e0-47c6-9cfd-c7f80f435e92" testId="889e6f9b-0246-8302-3a49-afd2bfd230d1" testName="VideoOS.IdentityServer.UnitTests.Services.PasswordValidationTests.RegExBuild(minLength: 0, maxLength: 255, lowerCase: True, upperCase: False, digit: False, specialChar: False, uniqueCharacters: 1, testData: [[Milestonesys!1, True], [Milestonesys!, True], [Milestonesys1, True], [milestonesys!1, True], [MILESTONESYS!, False], ...])" computerName="DKSR-EFI-04" duration="00:00:00.0002085" startTime="2023-12-22T09:34:32.2805754+01:00" endTime="2023-12-22T09:34:32.2805758+01:00" testType="13cdc9d9-ddb5-4fa4-a97d-d965ccfc6d4b" outcome="Passed" testListId="8c84fa94-04c1-424b-9868-57a2d4851a1d" relativeResultsDirectory="cf2dbd44-47e0-47c6-9cfd-c7f80f435e92" />
    <UnitTestResult executionId="17eea6a0-f3a2-490e-a917-b7f0f8aa698d" testId="92c94542-374a-ed7f-ea63-7a7f6d274b7b" testName="VideoOS.IdentityServer.UnitTests.Controllers.UsersControllerTests.Delete_DeleteFails_ReturnBadRequest" computerName="DKSR-EFI-04" duration="00:00:00.0045999" startTime="2023-12-22T09:34:33.0456688+01:00" endTime="2023-12-22T09:34:33.0456690+01:00" testType="13cdc9d9-ddb5-4fa4-a97d-d965ccfc6d4b" outcome="Passed" testListId="8c84fa94-04c1-424b-9868-57a2d4851a1d" relativeResultsDirectory="17eea6a0-f3a2-490e-a917-b7f0f8aa698d" />
    <UnitTestResult executionId="79958361-9d7d-4e90-9ab0-19f1918361fa" testId="1289cca3-a43e-b970-cb00-89521f8436c8" testName="VideoOS.IdentityServer.UnitTests.Attributes.NonEmptyListTests.NonEmptyList_ListIsNull_ReturnFalse" computerName="DKSR-EFI-04" duration="00:00:00.0000985" startTime="2023-12-22T09:34:33.0567327+01:00" endTime="2023-12-22T09:34:33.0567328+01:00" testType="13cdc9d9-ddb5-4fa4-a97d-d965ccfc6d4b" outcome="Passed" testListId="8c84fa94-04c1-424b-9868-57a2d4851a1d" relativeResultsDirectory="79958361-9d7d-4e90-9ab0-19f1918361fa" />
    <UnitTestResult executionId="b565354a-2a53-4f1e-8b67-7b23b996edeb" testId="cb5ec61f-e221-b5b8-b0a1-1fc232a63b0f" testName="VideoOS.IdentityServer.UnitTests.Repositories.VmsUserManagerTests.FindByIdAsync_UserFound_User" computerName="DKSR-EFI-04" duration="00:00:00.0065534" startTime="2023-12-22T09:34:33.8709590+01:00" endTime="2023-12-22T09:34:33.8709593+01:00" testType="13cdc9d9-ddb5-4fa4-a97d-d965ccfc6d4b" outcome="Passed" testListId="8c84fa94-04c1-424b-9868-57a2d4851a1d" relativeResultsDirectory="b565354a-2a53-4f1e-8b67-7b23b996edeb" />
    <UnitTestResult executionId="7ca83c1f-42e1-4c1d-9395-977aa68ce8fe" testId="25d2bd93-a823-6d38-10a4-14830854d44d" testName="VideoOS.IdentityServer.UnitTests.Controllers.LoginProvidersControllerTests.Get_LoginProvider_Success" computerName="DKSR-EFI-04" duration="00:00:00.0081924" startTime="2023-12-22T09:34:32.8942823+01:00" endTime="2023-12-22T09:34:32.8942825+01:00" testType="13cdc9d9-ddb5-4fa4-a97d-d965ccfc6d4b" outcome="Passed" testListId="8c84fa94-04c1-424b-9868-57a2d4851a1d" relativeResultsDirectory="7ca83c1f-42e1-4c1d-9395-977aa68ce8fe" />
    <UnitTestResult executionId="148c772d-e546-4181-a371-c41b9577c7f7" testId="889e6f9b-0246-8302-3a49-afd2bfd230d1" testName="VideoOS.IdentityServer.UnitTests.Services.PasswordValidationTests.RegExBuild(minLength: 0, maxLength: 255, lowerCase: False, upperCase: False, digit: False, specialChar: False, uniqueCharacters: 6, testData: [[mmmmmmm, False], [mmmmnnn, False], [mmnnoo, False], [mmnnoopp, False], [mmnnooppqq, False], ...])" computerName="DKSR-EFI-04" duration="00:00:00.0002054" startTime="2023-12-22T09:34:32.2815528+01:00" endTime="2023-12-22T09:34:32.2815529+01:00" testType="13cdc9d9-ddb5-4fa4-a97d-d965ccfc6d4b" outcome="Passed" testListId="8c84fa94-04c1-424b-9868-57a2d4851a1d" relativeResultsDirectory="148c772d-e546-4181-a371-c41b9577c7f7" />
    <UnitTestResult executionId="df6c2a99-95ad-4c1c-8985-91de1ccd6cdc" testId="23a0aadf-8602-0c4f-747c-73f2e22aefb8" testName="VideoOS.IdentityServer.UnitTests.Attributes.NonEmptyListTests.NonEmptyList_ListIsNotEmpty_ReturnTrue" computerName="DKSR-EFI-04" duration="00:00:00.0001479" startTime="2023-12-22T09:34:33.0565862+01:00" endTime="2023-12-22T09:34:33.0565864+01:00" testType="13cdc9d9-ddb5-4fa4-a97d-d965ccfc6d4b" outcome="Passed" testListId="8c84fa94-04c1-424b-9868-57a2d4851a1d" relativeResultsDirectory="df6c2a99-95ad-4c1c-8985-91de1ccd6cdc" />
    <UnitTestResult executionId="188ea524-aeb4-42ae-aeda-ac59c112bad8" testId="e10bc392-ff62-30ee-5e25-68f07f7ccdfb" testName="VideoOS.IdentityServer.UnitTests.Services.ExternalTokenValidatorTests.GetSubjectTokenClaims_ValidSubjectToken_TokenValidatedAndNoErrorReturned" computerName="DKSR-EFI-04" duration="00:00:00.0005751" startTime="2023-12-22T09:34:32.2550013+01:00" endTime="2023-12-22T09:34:32.2550014+01:00" testType="13cdc9d9-ddb5-4fa4-a97d-d965ccfc6d4b" outcome="Passed" testListId="8c84fa94-04c1-424b-9868-57a2d4851a1d" relativeResultsDirectory="188ea524-aeb4-42ae-aeda-ac59c112bad8" />
    <UnitTestResult executionId="63d4c43d-ce29-4357-8a6a-4ac98214537d" testId="dac6b22d-9d2e-9a3d-f7af-5d832c196a8d" testName="VideoOS.IdentityServer.UnitTests.Filters.ValidateModelFilterAttributeTest.OnActionExecuting_ModelstateIsInvalid_ContextResultIsSet" computerName="DKSR-EFI-04" duration="00:00:00.0005821" startTime="2023-12-22T09:34:34.0828580+01:00" endTime="2023-12-22T09:34:34.0828581+01:00" testType="13cdc9d9-ddb5-4fa4-a97d-d965ccfc6d4b" outcome="Passed" testListId="8c84fa94-04c1-424b-9868-57a2d4851a1d" relativeResultsDirectory="63d4c43d-ce29-4357-8a6a-4ac98214537d" />
    <UnitTestResult executionId="344633da-0e04-4391-b66f-32c6f16c7e59" testId="12da9981-a027-e01f-77a5-00298def904b" testName="VideoOS.IdentityServer.UnitTests.Repositories.VmsUserManagerTests.FindByFilterAsync_UserFoundUsingValue_User" computerName="DKSR-EFI-04" duration="00:00:00.0041346" startTime="2023-12-22T09:34:33.2561840+01:00" endTime="2023-12-22T09:34:33.2561844+01:00" testType="13cdc9d9-ddb5-4fa4-a97d-d965ccfc6d4b" outcome="Passed" testListId="8c84fa94-04c1-424b-9868-57a2d4851a1d" relativeResultsDirectory="344633da-0e04-4391-b66f-32c6f16c7e59" />
    <UnitTestResult executionId="dc5398fc-590b-4dd0-b905-f2ffbdac6618" testId="5007d108-09c8-61e4-2444-dd302e15e3e9" testName="VideoOS.IdentityServer.UnitTests.Services.ProfileServiceTests.IsActiveAsync_VmsUserIsLockedOut_UserNotActive" computerName="DKSR-EFI-04" duration="00:00:00.0039845" startTime="2023-12-22T09:34:33.9341934+01:00" endTime="2023-12-22T09:34:33.9341935+01:00" testType="13cdc9d9-ddb5-4fa4-a97d-d965ccfc6d4b" outcome="Passed" testListId="8c84fa94-04c1-424b-9868-57a2d4851a1d" relativeResultsDirectory="dc5398fc-590b-4dd0-b905-f2ffbdac6618" />
    <UnitTestResult executionId="cd699dd9-d519-427d-8a78-4286011e4e61" testId="db4ea747-3596-9bab-adc1-387fe867531d" testName="VideoOS.IdentityServer.UnitTests.Controllers.ExternalProviderManagerTests.AddProvider_NotEnabled_DoesNotConfigureProvider" computerName="DKSR-EFI-04" duration="00:00:00.0022797" startTime="2023-12-22T09:34:32.6224903+01:00" endTime="2023-12-22T09:34:32.6224905+01:00" testType="13cdc9d9-ddb5-4fa4-a97d-d965ccfc6d4b" outcome="Passed" testListId="8c84fa94-04c1-424b-9868-57a2d4851a1d" relativeResultsDirectory="cd699dd9-d519-427d-8a78-4286011e4e61" />
    <UnitTestResult executionId="bc076d57-168f-4f66-871b-5720549e5445" testId="3e1add04-de3f-c9f0-b251-36e0ce7c9141" testName="VideoOS.IdentityServer.UnitTests.NLogConfiguration.NLogConfiguratorTests.RemoveFilter_FilterFound_FilterRemoved" computerName="DKSR-EFI-04" duration="00:00:00.0003353" startTime="2023-12-22T09:34:34.1443499+01:00" endTime="2023-12-22T09:34:34.1443501+01:00" testType="13cdc9d9-ddb5-4fa4-a97d-d965ccfc6d4b" outcome="Passed" testListId="8c84fa94-04c1-424b-9868-57a2d4851a1d" relativeResultsDirectory="bc076d57-168f-4f66-871b-5720549e5445" />
    <UnitTestResult executionId="e8f3d384-4dec-43c1-9529-74116b681f51" testId="889e6f9b-0246-8302-3a49-afd2bfd230d1" testName="VideoOS.IdentityServer.UnitTests.Services.PasswordValidationTests.RegExBuild(minLength: 0, maxLength: 255, lowerCase: False, upperCase: False, digit: False, specialChar: False, uniqueCharacters: 3, testData: [[abc, True], [abca, True], [abcb, True], [abbcbbbaac, True], [aba, False], ...])" computerName="DKSR-EFI-04" duration="00:00:00.0000851" startTime="2023-12-22T09:34:32.2828169+01:00" endTime="2023-12-22T09:34:32.2828170+01:00" testType="13cdc9d9-ddb5-4fa4-a97d-d965ccfc6d4b" outcome="Passed" testListId="8c84fa94-04c1-424b-9868-57a2d4851a1d" relativeResultsDirectory="e8f3d384-4dec-43c1-9529-74116b681f51" />
    <UnitTestResult executionId="2e29cc21-c273-43c2-9316-10f7fe136b3e" testId="d3785e46-fff2-840c-edea-a1fef358fc3e" testName="VideoOS.IdentityServer.UnitTests.Controllers.LoginsControllerTests.GetLogins_LoginsAreFound_OkResultWithLoginReturned" computerName="DKSR-EFI-04" duration="00:00:00.0055385" startTime="2023-12-22T09:34:32.4099961+01:00" endTime="2023-12-22T09:34:32.4099965+01:00" testType="13cdc9d9-ddb5-4fa4-a97d-d965ccfc6d4b" outcome="Passed" testListId="8c84fa94-04c1-424b-9868-57a2d4851a1d" relativeResultsDirectory="2e29cc21-c273-43c2-9316-10f7fe136b3e" />
    <UnitTestResult executionId="fe3abe0f-e538-467a-b1e0-e0e04c9aff20" testId="670ae904-55a3-8185-fd54-c63dd045f796" testName="VideoOS.IdentityServer.UnitTests.Helper.ExpressionBuilderTests.FromString_DifferentQueriesWithAllowedSearchNames_ReturnsExpectedCount(query: &quot;number gt 4&quot;, expectedCount: 1, allowedSearchNames: [&quot;Number&quot;])" computerName="DKSR-EFI-04" duration="00:00:00.0006493" startTime="2023-12-22T09:34:32.1150094+01:00" endTime="2023-12-22T09:34:32.1150095+01:00" testType="13cdc9d9-ddb5-4fa4-a97d-d965ccfc6d4b" outcome="Passed" testListId="8c84fa94-04c1-424b-9868-57a2d4851a1d" relativeResultsDirectory="fe3abe0f-e538-467a-b1e0-e0e04c9aff20" />
    <UnitTestResult executionId="3427bb21-8885-4dfb-bd03-599c4db175a0" testId="42b682b6-b6d6-d89b-7937-0116f3c39906" testName="VideoOS.IdentityServer.UnitTests.Validators.PasswordValidatorTests.ValidateAsync_PasswordContainsMatchAndNotTheSameAsOldPassword_Success" computerName="DKSR-EFI-04" duration="00:00:00.0008944" startTime="2023-12-22T09:34:32.5877797+01:00" endTime="2023-12-22T09:34:32.5877799+01:00" testType="13cdc9d9-ddb5-4fa4-a97d-d965ccfc6d4b" outcome="Passed" testListId="8c84fa94-04c1-424b-9868-57a2d4851a1d" relativeResultsDirectory="3427bb21-8885-4dfb-bd03-599c4db175a0" />
    <UnitTestResult executionId="8fea8644-83f8-4ebe-808b-0b137696e16b" testId="6ae30df7-1365-ca5c-775a-88da868b4325" testName="VideoOS.IdentityServer.UnitTests.Controllers.UserCollectionsControllerTests.CreateUserCollection_MultipleUsersForCreation_CollectionOfUsersCreated" computerName="DKSR-EFI-04" duration="00:00:00.0389210" startTime="2023-12-22T09:34:34.0539789+01:00" endTime="2023-12-22T09:34:34.0539797+01:00" testType="13cdc9d9-ddb5-4fa4-a97d-d965ccfc6d4b" outcome="Passed" testListId="8c84fa94-04c1-424b-9868-57a2d4851a1d" relativeResultsDirectory="8fea8644-83f8-4ebe-808b-0b137696e16b" />
    <UnitTestResult executionId="741c633d-2c70-44b1-9b47-88e556bfb54f" testId="4c4d8ff2-30d2-4a6d-00b2-cb966c21c095" testName="VideoOS.IdentityServer.UnitTests.Services.ProfileServiceTests.GetProfileDataAsync_WindowsIntegratedAuthentication_RequestedClaimsAdded" computerName="DKSR-EFI-04" duration="00:00:00.0039852" startTime="2023-12-22T09:34:33.9478525+01:00" endTime="2023-12-22T09:34:33.9478527+01:00" testType="13cdc9d9-ddb5-4fa4-a97d-d965ccfc6d4b" outcome="Passed" testListId="8c84fa94-04c1-424b-9868-57a2d4851a1d" relativeResultsDirectory="741c633d-2c70-44b1-9b47-88e556bfb54f" />
    <UnitTestResult executionId="35545df2-a16a-4871-baea-27b5c3e44d5d" testId="edfabe8d-87a1-c5f6-b625-f078fdcb2be5" testName="VideoOS.IdentityServer.UnitTests.Attributes.MaxLengthUriAttributeTests.IsValid_ForUriValueLessThanMax_ReturnsSuccess" computerName="DKSR-EFI-04" duration="00:00:00.0002697" startTime="2023-12-22T09:34:32.3109850+01:00" endTime="2023-12-22T09:34:32.3109851+01:00" testType="13cdc9d9-ddb5-4fa4-a97d-d965ccfc6d4b" outcome="Passed" testListId="8c84fa94-04c1-424b-9868-57a2d4851a1d" relativeResultsDirectory="35545df2-a16a-4871-baea-27b5c3e44d5d" />
    <UnitTestResult executionId="80e67b0e-147f-4fcc-a5c4-0b5cb505a89d" testId="21d411b8-728d-403f-1163-65295fe6c37a" testName="VideoOS.IdentityServer.UnitTests.Helper.ExpressionBuilderTests.FromString_DifferentQueriesWithAllowedSearchNames_ReturnsExpectedCount(query: &quot;time ge 1000-1-1&quot;, expectedCount: 3, allowedSearchNames: [&quot;Time&quot;])" computerName="DKSR-EFI-04" duration="00:00:00.0009018" startTime="2023-12-22T09:34:32.1283786+01:00" endTime="2023-12-22T09:34:32.1283787+01:00" testType="13cdc9d9-ddb5-4fa4-a97d-d965ccfc6d4b" outcome="Passed" testListId="8c84fa94-04c1-424b-9868-57a2d4851a1d" relativeResultsDirectory="80e67b0e-147f-4fcc-a5c4-0b5cb505a89d" />
    <UnitTestResult executionId="646e0a80-4acf-4a5e-b45d-9bc5f2a4110c" testId="5de2ac4a-ce20-5c4a-e02b-66d9452032da" testName="VideoOS.IdentityServer.UnitTests.Controllers.LoginsControllerTests.AddLogin_LoginIsNotCreated_BadRequestReturned" computerName="DKSR-EFI-04" duration="00:00:00.0063586" startTime="2023-12-22T09:34:32.4334126+01:00" endTime="2023-12-22T09:34:32.4334129+01:00" testType="13cdc9d9-ddb5-4fa4-a97d-d965ccfc6d4b" outcome="Passed" testListId="8c84fa94-04c1-424b-9868-57a2d4851a1d" relativeResultsDirectory="646e0a80-4acf-4a5e-b45d-9bc5f2a4110c" />
    <UnitTestResult executionId="51d59b2a-bca7-443c-bb29-6200d21fb40f" testId="0dd32194-079f-14b9-f79d-a47e9b479a8d" testName="VideoOS.IdentityServer.UnitTests.Services.PasswordHasherWithLegacySupportTests.VerifyHashedPassword_WrongPassword_Failed" computerName="DKSR-EFI-04" duration="00:00:00.0131146" startTime="2023-12-22T09:34:33.3259473+01:00" endTime="2023-12-22T09:34:33.3259475+01:00" testType="13cdc9d9-ddb5-4fa4-a97d-d965ccfc6d4b" outcome="Passed" testListId="8c84fa94-04c1-424b-9868-57a2d4851a1d" relativeResultsDirectory="51d59b2a-bca7-443c-bb29-6200d21fb40f" />
    <UnitTestResult executionId="e9afe4da-9619-4a1d-8ba1-7bd3b0ac6a5b" testId="4718eeb0-d826-53ff-d747-fb40212f3413" testName="VideoOS.IdentityServer.UnitTests.Controllers.BaseControllerTests.BadRequest_InvokeWithErrorResponse_ReturnsResultWithErrorResponse" computerName="DKSR-EFI-04" duration="00:00:00.0013381" startTime="2023-12-22T09:34:33.9896872+01:00" endTime="2023-12-22T09:34:33.9896875+01:00" testType="13cdc9d9-ddb5-4fa4-a97d-d965ccfc6d4b" outcome="Passed" testListId="8c84fa94-04c1-424b-9868-57a2d4851a1d" relativeResultsDirectory="e9afe4da-9619-4a1d-8ba1-7bd3b0ac6a5b" />
    <UnitTestResult executionId="30777991-c348-47ee-acc6-7094a6c88d3c" testId="76f95199-b523-5f95-e287-8c3c372bacef" testName="VideoOS.IdentityServer.UnitTests.NLogConfiguration.NLogConfiguratorTests.RemoveFilter_MultipleFiltersOfTypeFound_AllFiltersOfTypeRemoved" computerName="DKSR-EFI-04" duration="00:00:00.0004481" startTime="2023-12-22T09:34:34.1439636+01:00" endTime="2023-12-22T09:34:34.1439638+01:00" testType="13cdc9d9-ddb5-4fa4-a97d-d965ccfc6d4b" outcome="Passed" testListId="8c84fa94-04c1-424b-9868-57a2d4851a1d" relativeResultsDirectory="30777991-c348-47ee-acc6-7094a6c88d3c" />
    <UnitTestResult executionId="2d56982e-40a2-4b85-a357-0203d83c1dc1" testId="32d31b65-fa07-6661-d591-50910694ecd1" testName="VideoOS.IdentityServer.UnitTests.Attributes.MaxLengthUriAttributeTests.IsValid_ForNotUriValue_ReturnsError" computerName="DKSR-EFI-04" duration="00:00:00.0001249" startTime="2023-12-22T09:34:32.3114051+01:00" endTime="2023-12-22T09:34:32.3114053+01:00" testType="13cdc9d9-ddb5-4fa4-a97d-d965ccfc6d4b" outcome="Passed" testListId="8c84fa94-04c1-424b-9868-57a2d4851a1d" relativeResultsDirectory="2d56982e-40a2-4b85-a357-0203d83c1dc1" />
    <UnitTestResult executionId="0b55d85b-fe66-4ff6-8283-038cb05190a1" testId="3e5751fd-bef9-cbe8-22ed-24370fbfaf62" testName="VideoOS.IdentityServer.UnitTests.Controllers.LoginProvidersControllerTests.Delete_LoginProviderDoesNotExist_Failure" computerName="DKSR-EFI-04" duration="00:00:00.0045373" startTime="2023-12-22T09:34:33.3335141+01:00" endTime="2023-12-22T09:34:33.3335143+01:00" testType="13cdc9d9-ddb5-4fa4-a97d-d965ccfc6d4b" outcome="Passed" testListId="8c84fa94-04c1-424b-9868-57a2d4851a1d" relativeResultsDirectory="0b55d85b-fe66-4ff6-8283-038cb05190a1" />
    <UnitTestResult executionId="c2e6332a-6a25-4f46-9cec-cba34e14a767" testId="2ef36e24-191a-4027-ef03-9d31e948af8b" testName="VideoOS.IdentityServer.UnitTests.Services.WellKnownConfigurationRetriever.WellKnownConfigurationRetrieverTests.GetWellKnownConfiguration_NoExternalProvider_ReturnsValidResult" computerName="DKSR-EFI-04" duration="00:00:00.0030507" startTime="2023-12-22T09:34:32.9182312+01:00" endTime="2023-12-22T09:34:32.9182314+01:00" testType="13cdc9d9-ddb5-4fa4-a97d-d965ccfc6d4b" outcome="Passed" testListId="8c84fa94-04c1-424b-9868-57a2d4851a1d" relativeResultsDirectory="c2e6332a-6a25-4f46-9cec-cba34e14a767" />
    <UnitTestResult executionId="1924a981-ab16-41aa-ab96-2a7ebcfc3bc8" testId="3f520ac0-c8cd-5212-c1e5-a71c6ce7b1d8" testName="VideoOS.IdentityServer.UnitTests.Attributes.SIDAttributeTests.IsValid_IsNotCorrectSidFormat_ReturnsFalse(value: &quot;abc&quot;)" computerName="DKSR-EFI-04" duration="00:00:00.0000929" startTime="2023-12-22T09:34:32.0544705+01:00" endTime="2023-12-22T09:34:32.0544706+01:00" testType="13cdc9d9-ddb5-4fa4-a97d-d965ccfc6d4b" outcome="Passed" testListId="8c84fa94-04c1-424b-9868-57a2d4851a1d" relativeResultsDirectory="1924a981-ab16-41aa-ab96-2a7ebcfc3bc8" />
    <UnitTestResult executionId="09cd39ac-b95d-498f-9049-d7a79886b132" testId="ec55700f-d34f-7d48-8c52-a5a7d96f3059" testName="VideoOS.IdentityServer.UnitTests.Controllers.UsersControllerTests.GetUsers_UserIsFoundWithProvider_ReturnOkResultWithUserDto" computerName="DKSR-EFI-04" duration="00:00:00.0108488" startTime="2023-12-22T09:34:33.0409771+01:00" endTime="2023-12-22T09:34:33.0409774+01:00" testType="13cdc9d9-ddb5-4fa4-a97d-d965ccfc6d4b" outcome="Passed" testListId="8c84fa94-04c1-424b-9868-57a2d4851a1d" relativeResultsDirectory="09cd39ac-b95d-498f-9049-d7a79886b132" />
    <UnitTestResult executionId="09ee561b-b7a7-438e-a928-2bef5a396eee" testId="999969fd-2340-af1e-c41b-51a612d4b506" testName="VideoOS.IdentityServer.UnitTests.Attributes.HttpOrHttpsAttributeTests.IsValid_ForNonHttpOrHttpsUri_ReturnsError(url: &quot;file://localhost/path&quot;)" computerName="DKSR-EFI-04" duration="00:00:00.0000093" startTime="2023-12-22T09:34:32.3133763+01:00" endTime="2023-12-22T09:34:32.3133764+01:00" testType="13cdc9d9-ddb5-4fa4-a97d-d965ccfc6d4b" outcome="Passed" testListId="8c84fa94-04c1-424b-9868-57a2d4851a1d" relativeResultsDirectory="09ee561b-b7a7-438e-a928-2bef5a396eee" />
    <UnitTestResult executionId="e0fdfc91-2b2a-4292-a086-637687208460" testId="2676003b-16e9-f7dd-6bd4-b590eaeb20a6" testName="VideoOS.IdentityServer.UnitTests.Attributes.HttpOrHttpsAttributeTests.IsValid_ForHttpOrHttpsUri_ReturnsSuccess(url: &quot;http://www.example.com&quot;)" computerName="DKSR-EFI-04" duration="00:00:00.0000112" startTime="2023-12-22T09:34:32.3121031+01:00" endTime="2023-12-22T09:34:32.3121032+01:00" testType="13cdc9d9-ddb5-4fa4-a97d-d965ccfc6d4b" outcome="Passed" testListId="8c84fa94-04c1-424b-9868-57a2d4851a1d" relativeResultsDirectory="e0fdfc91-2b2a-4292-a086-637687208460" />
    <UnitTestResult executionId="94cf3dbc-d8ea-405e-a214-db428d9b0656" testId="e9cda017-59c6-0e25-c577-52365991f63e" testName="VideoOS.IdentityServer.UnitTests.Helper.MapAllClaimsActionAndEnumerateArrayTests.Run_DuplicateSingleAndArrayClaimPairs_DuplicatePairsGetRemoved" computerName="DKSR-EFI-04" duration="00:00:00.0004917" startTime="2023-12-22T09:34:33.0457949+01:00" endTime="2023-12-22T09:34:33.0457950+01:00" testType="13cdc9d9-ddb5-4fa4-a97d-d965ccfc6d4b" outcome="Passed" testListId="8c84fa94-04c1-424b-9868-57a2d4851a1d" relativeResultsDirectory="94cf3dbc-d8ea-405e-a214-db428d9b0656" />
    <UnitTestResult executionId="333a2838-e1cd-4a61-b0cf-0522534c13d1" testId="56a56574-d434-69ef-6d61-031b81bda2e8" testName="VideoOS.IdentityServer.UnitTests.Controllers.LoginsControllerTests.AddLogin_UserNotFound_NotFoundResponse" computerName="DKSR-EFI-04" duration="00:00:00.1011691" startTime="2023-12-22T09:34:32.3918664+01:00" endTime="2023-12-22T09:34:32.3918668+01:00" testType="13cdc9d9-ddb5-4fa4-a97d-d965ccfc6d4b" outcome="Passed" testListId="8c84fa94-04c1-424b-9868-57a2d4851a1d" relativeResultsDirectory="333a2838-e1cd-4a61-b0cf-0522534c13d1" />
    <UnitTestResult executionId="a03f625e-cd02-443a-850f-32e258deeff8" testId="a299b8f6-2b36-89aa-132a-c0c17bb7acb2" testName="VideoOS.IdentityServer.UnitTests.Filters.ValidateModelFilterAttributeTest.OnActionExecuting_ModelstateIsValid_ContextResultIsNotSet" computerName="DKSR-EFI-04" duration="00:00:00.0004393" startTime="2023-12-22T09:34:34.0821211+01:00" endTime="2023-12-22T09:34:34.0821213+01:00" testType="13cdc9d9-ddb5-4fa4-a97d-d965ccfc6d4b" outcome="Passed" testListId="8c84fa94-04c1-424b-9868-57a2d4851a1d" relativeResultsDirectory="a03f625e-cd02-443a-850f-32e258deeff8" />
    <UnitTestResult executionId="a2e20f17-bf46-4599-b6f4-880318943dd5" testId="93cfa45e-50b0-604c-c09c-2e5001172962" testName="VideoOS.IdentityServer.UnitTests.Repositories.VmsUserManagerTests.HasClaimChanged_InputOfUserAndExternalClaims_ExpectedOutcome(userClaims: [VmsUserClaim { ClaimType = &quot;name&quot;, ClaimValue = &quot;name&quot;, CreatedDate = 0001-01-01T00:00:00.0000000, Id = 0, LoginProvider = null, ... }], externalClaims: [name: newName], expectedAddedIndex: [0], expectedRemovedIndex: [0])" computerName="DKSR-EFI-04" duration="00:00:00.0000841" startTime="2023-12-22T09:34:33.8759042+01:00" endTime="2023-12-22T09:34:33.8759043+01:00" testType="13cdc9d9-ddb5-4fa4-a97d-d965ccfc6d4b" outcome="Passed" testListId="8c84fa94-04c1-424b-9868-57a2d4851a1d" relativeResultsDirectory="a2e20f17-bf46-4599-b6f4-880318943dd5" />
    <UnitTestResult executionId="9633942f-2caf-490a-a7b9-ea60d292db93" testId="6e8e25c7-63cf-5e6a-6ab4-b39d8c6c18f8" testName="VideoOS.IdentityServer.UnitTests.Repositories.VmsUserManagerTests.CreateUserInternalAsync_WithLoginInfo_LoginInfoAdded" computerName="DKSR-EFI-04" duration="00:00:00.0045000" startTime="2023-12-22T09:34:33.6482992+01:00" endTime="2023-12-22T09:34:33.6482998+01:00" testType="13cdc9d9-ddb5-4fa4-a97d-d965ccfc6d4b" outcome="Passed" testListId="8c84fa94-04c1-424b-9868-57a2d4851a1d" relativeResultsDirectory="9633942f-2caf-490a-a7b9-ea60d292db93" />
    <UnitTestResult executionId="fbf09534-b257-4dca-8944-57fc4ccaa997" testId="06cbdd2b-1fec-3c68-def1-b3f41187d09c" testName="VideoOS.IdentityServer.UnitTests.GrantValidators.ResourceOwnerPasswordValidatorTests.ValidateAsync_UserDoesNotExists_InvalidCredentials" computerName="DKSR-EFI-04" duration="00:00:00.2324302" startTime="2023-12-22T09:34:34.1895484+01:00" endTime="2023-12-22T09:34:34.1895488+01:00" testType="13cdc9d9-ddb5-4fa4-a97d-d965ccfc6d4b" outcome="Passed" testListId="8c84fa94-04c1-424b-9868-57a2d4851a1d" relativeResultsDirectory="fbf09534-b257-4dca-8944-57fc4ccaa997" />
    <UnitTestResult executionId="6f1932ea-d1de-4c31-ad37-d89e455625d1" testId="0183fccb-d77a-a03a-5714-d0062038a2df" testName="VideoOS.IdentityServer.UnitTests.Controllers.UsersControllerTests.Patch_PasswordUpdatesAreSentForUserWithExternalLogin_ReturnBadRequest(patchDoc: JsonPatchDocument`1 { ContractResolver = DefaultContractResolver { DefaultMembersSearchFlags = Instance | Public, DynamicCodeGeneration = False, IgnoreIsSpecifiedMembers = False, IgnoreSerializableAttribute = True, IgnoreSerializableInterface = False, ... }, Operations = [Operation`1 { ... }] })" computerName="DKSR-EFI-04" duration="00:00:00.0054690" startTime="2023-12-22T09:34:32.8051888+01:00" endTime="2023-12-22T09:34:32.8051891+01:00" testType="13cdc9d9-ddb5-4fa4-a97d-d965ccfc6d4b" outcome="Passed" testListId="8c84fa94-04c1-424b-9868-57a2d4851a1d" relativeResultsDirectory="6f1932ea-d1de-4c31-ad37-d89e455625d1" />
    <UnitTestResult executionId="d89db832-4342-4283-87ed-191d014a8abc" testId="ed61d1f5-ecc7-8188-17ce-af4246429e4f" testName="VideoOS.IdentityServer.UnitTests.Attributes.HttpOrHttpsAttributeTests.IsValid_ForNonHttpOrHttpsUri_ReturnsError(url: &quot;ftp://www.example.com&quot;)" computerName="DKSR-EFI-04" duration="00:00:00.0001265" startTime="2023-12-22T09:34:32.3122850+01:00" endTime="2023-12-22T09:34:32.3122852+01:00" testType="13cdc9d9-ddb5-4fa4-a97d-d965ccfc6d4b" outcome="Passed" testListId="8c84fa94-04c1-424b-9868-57a2d4851a1d" relativeResultsDirectory="d89db832-4342-4283-87ed-191d014a8abc" />
    <UnitTestResult executionId="eb6d2d10-d625-4912-9cfe-cc2c63045d24" testId="2abf9b7c-9eea-ba2a-86cb-c537064ec32e" testName="VideoOS.IdentityServer.UnitTests.Model.Result.ResultTests.ImplicitConversion_ShouldNotBeError_WhenSuccessValueProvided" computerName="DKSR-EFI-04" duration="00:00:00.0009764" startTime="2023-12-22T09:34:32.7905954+01:00" endTime="2023-12-22T09:34:32.7905956+01:00" testType="13cdc9d9-ddb5-4fa4-a97d-d965ccfc6d4b" outcome="Passed" testListId="8c84fa94-04c1-424b-9868-57a2d4851a1d" relativeResultsDirectory="eb6d2d10-d625-4912-9cfe-cc2c63045d24" />
    <UnitTestResult executionId="76dc5b1c-5490-4461-8e96-afad96c99636" testId="701b9407-2bc9-d9c2-65dd-033db64cd63b" testName="VideoOS.IdentityServer.UnitTests.Controllers.ClientsControllerTests.RegisterClient_InvalidScopeRequested_BusinessViolationExceptionIsThrown" computerName="DKSR-EFI-04" duration="00:00:00.0031359" startTime="2023-12-22T09:34:33.2515568+01:00" endTime="2023-12-22T09:34:33.2515570+01:00" testType="13cdc9d9-ddb5-4fa4-a97d-d965ccfc6d4b" outcome="Passed" testListId="8c84fa94-04c1-424b-9868-57a2d4851a1d" relativeResultsDirectory="76dc5b1c-5490-4461-8e96-afad96c99636" />
    <UnitTestResult executionId="43275fca-d87c-44b9-bcfa-0e33feaa02e2" testId="94fdd69e-99e9-224e-c61d-362311610dbb" testName="VideoOS.IdentityServer.UnitTests.Attributes.HttpOrHttpsAttributeTests.IsValid_ForInvalidUriFormat_ReturnsError(url: &quot;12345&quot;)" computerName="DKSR-EFI-04" duration="00:00:00.0001161" startTime="2023-12-22T09:34:32.3134430+01:00" endTime="2023-12-22T09:34:32.3134431+01:00" testType="13cdc9d9-ddb5-4fa4-a97d-d965ccfc6d4b" outcome="Passed" testListId="8c84fa94-04c1-424b-9868-57a2d4851a1d" relativeResultsDirectory="43275fca-d87c-44b9-bcfa-0e33feaa02e2" />
    <UnitTestResult executionId="12304b57-6f91-4e03-84b5-335d949ddff7" testId="eb1887f2-99e8-2199-5e42-44d49a96c712" testName="VideoOS.IdentityServer.UnitTests.Services.UserProvisionerTests.CreateOrUpdateUser_NewUserUserNameAlreadyCreatedDifferentClaims_VerifyUserName(claims: [family_name: Bob, email: james@bond.local], exsistingUserNames: [&quot;Bob&quot;], expectedUserName: &quot;james@bond.local&quot;)" computerName="DKSR-EFI-04" duration="00:00:00.0050153" startTime="2023-12-22T09:34:34.2770789+01:00" endTime="2023-12-22T09:34:34.2770792+01:00" testType="13cdc9d9-ddb5-4fa4-a97d-d965ccfc6d4b" outcome="Passed" testListId="8c84fa94-04c1-424b-9868-57a2d4851a1d" relativeResultsDirectory="12304b57-6f91-4e03-84b5-335d949ddff7" />
    <UnitTestResult executionId="b98a4be9-06fe-4e81-b3a6-d467d55d77b9" testId="f11c9c08-493c-8d49-9530-a630d17cabb2" testName="VideoOS.IdentityServer.UnitTests.Controllers.ClientsControllerTests.RegisterClientClientCredentialsFlow_ClientExists_ClientIsUpdatedWithScopesNameAndSecret" computerName="DKSR-EFI-04" duration="00:00:00.0225734" startTime="2023-12-22T09:34:33.2392439+01:00" endTime="2023-12-22T09:34:33.2392448+01:00" testType="13cdc9d9-ddb5-4fa4-a97d-d965ccfc6d4b" outcome="Passed" testListId="8c84fa94-04c1-424b-9868-57a2d4851a1d" relativeResultsDirectory="b98a4be9-06fe-4e81-b3a6-d467d55d77b9" />
    <UnitTestResult executionId="b609b0fa-cc76-4181-abdd-afe4fb559036" testId="acc53fd7-cdff-7f0e-a754-d76e03bf679b" testName="VideoOS.IdentityServer.UnitTests.Pages.External.LoginTests.OnGet_ReturnUrlIsValid_Challenge" computerName="DKSR-EFI-04" duration="00:00:00.2782884" startTime="2023-12-22T09:34:34.2288326+01:00" endTime="2023-12-22T09:34:34.2288329+01:00" testType="13cdc9d9-ddb5-4fa4-a97d-d965ccfc6d4b" outcome="Passed" testListId="8c84fa94-04c1-424b-9868-57a2d4851a1d" relativeResultsDirectory="b609b0fa-cc76-4181-abdd-afe4fb559036" />
    <UnitTestResult executionId="05108fc4-54b2-4baf-afb2-166f342f5620" testId="a4e9e6d8-4075-3279-3fca-8bde89c4eb77" testName="VideoOS.IdentityServer.UnitTests.Filters.ApiExceptionFilterTest.OnException_ExceptionIsNotApiException_HttpContextResultIsNotSet" computerName="DKSR-EFI-04" duration="00:00:00.0021898" startTime="2023-12-22T09:34:33.9980971+01:00" endTime="2023-12-22T09:34:33.9980974+01:00" testType="13cdc9d9-ddb5-4fa4-a97d-d965ccfc6d4b" outcome="Passed" testListId="8c84fa94-04c1-424b-9868-57a2d4851a1d" relativeResultsDirectory="05108fc4-54b2-4baf-afb2-166f342f5620" />
    <UnitTestResult executionId="faf01292-4145-4ccf-9f26-9c8d9077c17c" testId="bf64ab71-1c25-b603-8586-eaa6f35927ac" testName="VideoOS.IdentityServer.UnitTests.Controllers.ClientsControllerTests.RegisterClient_InvalidRedirectUri_BusinessViolationExceptionIsThrown" computerName="DKSR-EFI-04" duration="00:00:00.0023440" startTime="2023-12-22T09:34:33.1968244+01:00" endTime="2023-12-22T09:34:33.1968248+01:00" testType="13cdc9d9-ddb5-4fa4-a97d-d965ccfc6d4b" outcome="Passed" testListId="8c84fa94-04c1-424b-9868-57a2d4851a1d" relativeResultsDirectory="faf01292-4145-4ccf-9f26-9c8d9077c17c" />
    <UnitTestResult executionId="5342eeb6-4cd0-4ac6-a46d-641740583110" testId="2bce7dd0-b1a6-dec2-bec3-b5fa8c6f5870" testName="VideoOS.IdentityServer.UnitTests.Helper.ExpressionBuilderTests.FromString_DifferentQueriesWithAllowedSearchNames_ReturnsExpectedCount(query: &quot;time gt 1000-1-1&quot;, expectedCount: 3, allowedSearchNames: [&quot;Time&quot;])" computerName="DKSR-EFI-04" duration="00:00:00.0008181" startTime="2023-12-22T09:34:32.1224708+01:00" endTime="2023-12-22T09:34:32.1224710+01:00" testType="13cdc9d9-ddb5-4fa4-a97d-d965ccfc6d4b" outcome="Passed" testListId="8c84fa94-04c1-424b-9868-57a2d4851a1d" relativeResultsDirectory="5342eeb6-4cd0-4ac6-a46d-641740583110" />
    <UnitTestResult executionId="0f807f54-a950-4735-a446-33f363c796ce" testId="4a1359fc-72ed-3e9b-62c1-570e98338ddd" testName="VideoOS.IdentityServer.UnitTests.GrantValidators.TokenExchangeGrantValidatorTests.ValidateAsync_ValidateAndExtractSubjectTokenFailed_InvalidRequestReturned" computerName="DKSR-EFI-04" duration="00:00:00.0025916" startTime="2023-12-22T09:34:32.6317645+01:00" endTime="2023-12-22T09:34:32.6317647+01:00" testType="13cdc9d9-ddb5-4fa4-a97d-d965ccfc6d4b" outcome="Passed" testListId="8c84fa94-04c1-424b-9868-57a2d4851a1d" relativeResultsDirectory="0f807f54-a950-4735-a446-33f363c796ce" />
    <UnitTestResult executionId="fe049671-a5a2-4514-a4f0-2d7b6d30c78f" testId="d58e1e3b-9c5e-8d57-a411-37f659ceb48c" testName="VideoOS.IdentityServer.UnitTests.Controllers.ClientsControllerTests.RegisterClientClientCredentialsFlow_ClientDoesNotExists_ClientIsCreatedAndSecretReturned" computerName="DKSR-EFI-04" duration="00:00:00.0044971" startTime="2023-12-22T09:34:33.2483335+01:00" endTime="2023-12-22T09:34:33.2483338+01:00" testType="13cdc9d9-ddb5-4fa4-a97d-d965ccfc6d4b" outcome="Passed" testListId="8c84fa94-04c1-424b-9868-57a2d4851a1d" relativeResultsDirectory="fe049671-a5a2-4514-a4f0-2d7b6d30c78f" />
    <UnitTestResult executionId="9292e9a8-49c3-4609-8f3d-28ea5ada50fc" testId="c161378b-642a-f85a-4142-ed10deeef57b" testName="VideoOS.IdentityServer.UnitTests.NLogConfiguration.NLogConfiguratorTests.AddFilter_LogRuleFound_FilterAdded" computerName="DKSR-EFI-04" duration="00:00:00.0002685" startTime="2023-12-22T09:34:34.1448284+01:00" endTime="2023-12-22T09:34:34.1448285+01:00" testType="13cdc9d9-ddb5-4fa4-a97d-d965ccfc6d4b" outcome="Passed" testListId="8c84fa94-04c1-424b-9868-57a2d4851a1d" relativeResultsDirectory="9292e9a8-49c3-4609-8f3d-28ea5ada50fc" />
    <UnitTestResult executionId="580ca224-85ff-4b49-b5e7-a57eda18f856" testId="2c26c12f-3ca5-522d-9529-d126717062be" testName="VideoOS.IdentityServer.UnitTests.Controllers.AdminIdentityControllerTests.Get_AdminIdentityExists_AdminIdentityIsReturned" computerName="DKSR-EFI-04" duration="00:00:00.0033903" startTime="2023-12-22T09:34:33.4396514+01:00" endTime="2023-12-22T09:34:33.4396516+01:00" testType="13cdc9d9-ddb5-4fa4-a97d-d965ccfc6d4b" outcome="Passed" testListId="8c84fa94-04c1-424b-9868-57a2d4851a1d" relativeResultsDirectory="580ca224-85ff-4b49-b5e7-a57eda18f856" />
    <UnitTestResult executionId="70ed70d0-e3bd-43a5-bb23-3b86cbcbfc67" testId="23e33eef-24b9-2a18-0758-b3fa92dab418" testName="VideoOS.IdentityServer.UnitTests.Middleware.RequestResponseLogMiddlewareTests.InvokeAsync_Logging_NormalRequest" computerName="DKSR-EFI-04" duration="00:00:00.2322410" startTime="2023-12-22T09:34:33.0294457+01:00" endTime="2023-12-22T09:34:33.0294461+01:00" testType="13cdc9d9-ddb5-4fa4-a97d-d965ccfc6d4b" outcome="Passed" testListId="8c84fa94-04c1-424b-9868-57a2d4851a1d" relativeResultsDirectory="70ed70d0-e3bd-43a5-bb23-3b86cbcbfc67" />
    <UnitTestResult executionId="0ef331b5-63ee-4b62-aec5-4cc8a4a22920" testId="efa8a8ad-4c39-271b-053b-041e97cad04b" testName="VideoOS.IdentityServer.UnitTests.Controllers.AdminIdentityControllerTests.Delete_AdminIdentityDoesNotExist_AdminIdentityNotFoundError" computerName="DKSR-EFI-04" duration="00:00:00.0032174" startTime="2023-12-22T09:34:33.4338779+01:00" endTime="2023-12-22T09:34:33.4338784+01:00" testType="13cdc9d9-ddb5-4fa4-a97d-d965ccfc6d4b" outcome="Passed" testListId="8c84fa94-04c1-424b-9868-57a2d4851a1d" relativeResultsDirectory="0ef331b5-63ee-4b62-aec5-4cc8a4a22920" />
    <UnitTestResult executionId="eaeb71a6-d0b0-43b2-ad45-985960fa1bf1" testId="2295bf5f-54b2-7009-b249-bb8ff450a189" testName="VideoOS.IdentityServer.UnitTests.Middleware.CultureMiddlewareTests.InvokeAsync_NoProviders_DelegateRun" computerName="DKSR-EFI-04" duration="00:00:00.0016323" startTime="2023-12-22T09:34:32.3100582+01:00" endTime="2023-12-22T09:34:32.3100584+01:00" testType="13cdc9d9-ddb5-4fa4-a97d-d965ccfc6d4b" outcome="Passed" testListId="8c84fa94-04c1-424b-9868-57a2d4851a1d" relativeResultsDirectory="eaeb71a6-d0b0-43b2-ad45-985960fa1bf1" />
    <UnitTestResult executionId="856b8cc5-0169-422d-b423-41c580dcd34b" testId="4edce983-a8ad-5e6e-4f80-9784107f39d4" testName="VideoOS.IdentityServer.UnitTests.Middleware.RequestResponseLogMiddlewareTests.InvokeAsync_Logging_RequestToBig" computerName="DKSR-EFI-04" duration="00:00:00.0029733" startTime="2023-12-22T09:34:33.0324965+01:00" endTime="2023-12-22T09:34:33.0324967+01:00" testType="13cdc9d9-ddb5-4fa4-a97d-d965ccfc6d4b" outcome="Passed" testListId="8c84fa94-04c1-424b-9868-57a2d4851a1d" relativeResultsDirectory="856b8cc5-0169-422d-b423-41c580dcd34b" />
    <UnitTestResult executionId="9c5ac0e5-0824-4c53-872b-528d9cd8c9b9" testId="13a66c9f-2eb4-db3a-7de2-27ae71a16c10" testName="VideoOS.IdentityServer.UnitTests.Controllers.LoginsControllerTests.DeleteLogin_UserNotFound_NotFoundReturned" computerName="DKSR-EFI-04" duration="00:00:00.0039153" startTime="2023-12-22T09:34:32.4269495+01:00" endTime="2023-12-22T09:34:32.4269497+01:00" testType="13cdc9d9-ddb5-4fa4-a97d-d965ccfc6d4b" outcome="Passed" testListId="8c84fa94-04c1-424b-9868-57a2d4851a1d" relativeResultsDirectory="9c5ac0e5-0824-4c53-872b-528d9cd8c9b9" />
    <UnitTestResult executionId="3596d960-b449-4090-a032-d9574b2cab8e" testId="889e6f9b-0246-8302-3a49-afd2bfd230d1" testName="VideoOS.IdentityServer.UnitTests.Services.PasswordValidationTests.RegExBuild(minLength: 0, maxLength: 255, lowerCase: False, upperCase: True, digit: False, specialChar: False, uniqueCharacters: 1, testData: [[Milestonesys!1, True], [Milestonesys!, True], [Milestonesys1, True], [milestonesys!1, False], [MILESTONESYS!, True], ...])" computerName="DKSR-EFI-04" duration="00:00:00.0005425" startTime="2023-12-22T09:34:32.2814737+01:00" endTime="2023-12-22T09:34:32.2814739+01:00" testType="13cdc9d9-ddb5-4fa4-a97d-d965ccfc6d4b" outcome="Passed" testListId="8c84fa94-04c1-424b-9868-57a2d4851a1d" relativeResultsDirectory="3596d960-b449-4090-a032-d9574b2cab8e" />
    <UnitTestResult executionId="d5d6737e-69ae-41a1-acf2-c9ee73c2bfa9" testId="d5541448-b537-d06e-8c14-f0a217384950" testName="VideoOS.IdentityServer.UnitTests.Services.WellKnownConfigurationRetriever.WellKnownConfigurationRetrieverTests.GetWellKnownConfiguration_WithExternalProviderUri_ReturnsValidResult" computerName="DKSR-EFI-04" duration="00:00:00.0254958" startTime="2023-12-22T09:34:32.9151136+01:00" endTime="2023-12-22T09:34:32.9151138+01:00" testType="13cdc9d9-ddb5-4fa4-a97d-d965ccfc6d4b" outcome="Passed" testListId="8c84fa94-04c1-424b-9868-57a2d4851a1d" relativeResultsDirectory="d5d6737e-69ae-41a1-acf2-c9ee73c2bfa9" />
    <UnitTestResult executionId="ccbcb339-fba4-49c0-bfec-2d0bfe687958" testId="3675eaec-c59e-9a8e-9bcb-78e436b9d77d" testName="VideoOS.IdentityServer.UnitTests.Helper.MapAllClaimsActionAndEnumerateArrayTests.Run_DuplicateSingleClaimPairs_DuplicatePairsGetRemoved" computerName="DKSR-EFI-04" duration="00:00:00.0005029" startTime="2023-12-22T09:34:33.0452604+01:00" endTime="2023-12-22T09:34:33.0452605+01:00" testType="13cdc9d9-ddb5-4fa4-a97d-d965ccfc6d4b" outcome="Passed" testListId="8c84fa94-04c1-424b-9868-57a2d4851a1d" relativeResultsDirectory="ccbcb339-fba4-49c0-bfec-2d0bfe687958" />
    <UnitTestResult executionId="aa746722-e827-4a21-a8bb-e8f1675e4dac" testId="55d780a0-2673-7fac-c57d-1246cf3e308f" testName="VideoOS.IdentityServer.UnitTests.Services.PasswordHasherWithLegacySupportTests.VerifyHashedPassword_WrongLegacyPassword_Failed(encryptionMethod: &quot;SHA1&quot;)" computerName="DKSR-EFI-04" duration="00:00:00.0146106" startTime="2023-12-22T09:34:33.6446761+01:00" endTime="2023-12-22T09:34:33.6446765+01:00" testType="13cdc9d9-ddb5-4fa4-a97d-d965ccfc6d4b" outcome="Passed" testListId="8c84fa94-04c1-424b-9868-57a2d4851a1d" relativeResultsDirectory="aa746722-e827-4a21-a8bb-e8f1675e4dac" />
    <UnitTestResult executionId="8d94f685-ba99-4c16-9f1d-8a898d19b77d" testId="4914b9f0-e8f8-58ce-422e-a75ec7ab88aa" testName="VideoOS.IdentityServer.UnitTests.Helper.ExpressionBuilderTests.FromString_DifferentQueriesWithAllowedSearchNames_ReturnsExpectedCount(query: &quot;  number  eq  4  &quot;, expectedCount: 1, allowedSearchNames: [&quot;Number&quot;])" computerName="DKSR-EFI-04" duration="00:00:00.0863379" startTime="2023-12-22T09:34:32.1114182+01:00" endTime="2023-12-22T09:34:32.1114186+01:00" testType="13cdc9d9-ddb5-4fa4-a97d-d965ccfc6d4b" outcome="Passed" testListId="8c84fa94-04c1-424b-9868-57a2d4851a1d" relativeResultsDirectory="8d94f685-ba99-4c16-9f1d-8a898d19b77d" />
    <UnitTestResult executionId="96635dae-03e4-417a-a8e1-50ab682457a6" testId="8a8a5963-5d44-f88c-9732-1f2ad3922525" testName="VideoOS.IdentityServer.UnitTests.Controllers.ScopesControllerTests.GetScopes_ScopesFromParameter_ReturnsOkResultWithScopes(scopes: [&quot;a&quot;])" computerName="DKSR-EFI-04" duration="00:00:00.0000748" startTime="2023-12-22T09:34:32.7868877+01:00" endTime="2023-12-22T09:34:32.7868877+01:00" testType="13cdc9d9-ddb5-4fa4-a97d-d965ccfc6d4b" outcome="Passed" testListId="8c84fa94-04c1-424b-9868-57a2d4851a1d" relativeResultsDirectory="96635dae-03e4-417a-a8e1-50ab682457a6" />
    <UnitTestResult executionId="b20d7e9a-47a4-4d34-beb4-46bdaaff7528" testId="453ac4b1-ff13-2691-3fe8-455ba35d7332" testName="VideoOS.IdentityServer.UnitTests.Helper.ExpressionBuilderTests.FromString_DifferentQueriesWithNoListOfAllowedSearchNames_ReturnsExpectedCount(query: &quot;time ge 1000-1-1&quot;, expectedCount: 3)" computerName="DKSR-EFI-04" duration="00:00:00.0008906" startTime="2023-12-22T09:34:32.1312287+01:00" endTime="2023-12-22T09:34:32.1312289+01:00" testType="13cdc9d9-ddb5-4fa4-a97d-d965ccfc6d4b" outcome="Passed" testListId="8c84fa94-04c1-424b-9868-57a2d4851a1d" relativeResultsDirectory="b20d7e9a-47a4-4d34-beb4-46bdaaff7528" />
    <UnitTestResult executionId="bb26bd44-e91b-4df7-956f-f206b02803f3" testId="a3257af4-4d9b-2be4-9396-cdf188ad3e8d" testName="VideoOS.IdentityServer.UnitTests.Pages.ChangePasswordTests.OnPostAsync_UserChangePasswordSuccess_EventLogCreated" computerName="DKSR-EFI-04" duration="00:00:00.9728930" startTime="2023-12-22T09:34:33.2857973+01:00" endTime="2023-12-22T09:34:33.2857977+01:00" testType="13cdc9d9-ddb5-4fa4-a97d-d965ccfc6d4b" outcome="Passed" testListId="8c84fa94-04c1-424b-9868-57a2d4851a1d" relativeResultsDirectory="bb26bd44-e91b-4df7-956f-f206b02803f3" />
    <UnitTestResult executionId="cb85320e-859e-4b2f-9cf5-55e0feff2ce9" testId="035b8cee-9291-e6da-9b8e-5ead340080fc" testName="VideoOS.IdentityServer.UnitTests.Attributes.SIDAttributeTests.IsValid_IsCorrectSidFormat_ReturnsTrue(value: null)" computerName="DKSR-EFI-04" duration="00:00:00.0000087" startTime="2023-12-22T09:34:32.0658695+01:00" endTime="2023-12-22T09:34:32.0658697+01:00" testType="13cdc9d9-ddb5-4fa4-a97d-d965ccfc6d4b" outcome="Passed" testListId="8c84fa94-04c1-424b-9868-57a2d4851a1d" relativeResultsDirectory="cb85320e-859e-4b2f-9cf5-55e0feff2ce9" />
    <UnitTestResult executionId="8c65cb21-957a-4b4b-9f6e-8a80ea8e63b9" testId="2fbd5cb9-8d43-e652-c6c4-785c5c4ad1d3" testName="VideoOS.IdentityServer.UnitTests.Controllers.UsersControllerTests.Delete_UserNotFound_ReturnNotFoundResult" computerName="DKSR-EFI-04" duration="00:00:00.0053243" startTime="2023-12-22T09:34:32.8204120+01:00" endTime="2023-12-22T09:34:32.8204122+01:00" testType="13cdc9d9-ddb5-4fa4-a97d-d965ccfc6d4b" outcome="Passed" testListId="8c84fa94-04c1-424b-9868-57a2d4851a1d" relativeResultsDirectory="8c65cb21-957a-4b4b-9f6e-8a80ea8e63b9" />
    <UnitTestResult executionId="c3f91a43-adec-42ab-b97f-407175cb4f7a" testId="bfb5848e-8f53-4c56-005c-ad410f1cc5e2" testName="VideoOS.IdentityServer.UnitTests.Validators.PasswordValidatorTests.ValidateAsync_PasswordIsEmpty_ThrowArgumentException" computerName="DKSR-EFI-04" duration="00:00:00.0011142" startTime="2023-12-22T09:34:32.5851030+01:00" endTime="2023-12-22T09:34:32.5851032+01:00" testType="13cdc9d9-ddb5-4fa4-a97d-d965ccfc6d4b" outcome="Passed" testListId="8c84fa94-04c1-424b-9868-57a2d4851a1d" relativeResultsDirectory="c3f91a43-adec-42ab-b97f-407175cb4f7a" />
    <UnitTestResult executionId="3bf33843-f5a9-4ef3-bd01-9a90fbec7dad" testId="a864dae9-9a72-ae9f-08f5-8d9ce3da9877" testName="VideoOS.IdentityServer.UnitTests.Services.ExternalTokenValidatorTests.GetSubjectTokenClaims_SubjectTokenMissingIssuerClaim_TokenNotValidatedAndErrorLogged" computerName="DKSR-EFI-04" duration="00:00:00.2288280" startTime="2023-12-22T09:34:32.2549407+01:00" endTime="2023-12-22T09:34:32.2549410+01:00" testType="13cdc9d9-ddb5-4fa4-a97d-d965ccfc6d4b" outcome="Passed" testListId="8c84fa94-04c1-424b-9868-57a2d4851a1d" relativeResultsDirectory="3bf33843-f5a9-4ef3-bd01-9a90fbec7dad" />
    <UnitTestResult executionId="668c1f2c-a6c9-4287-84d6-f46770090ffc" testId="c279d0aa-a1e8-5fbf-52c3-2919c88fb82e" testName="VideoOS.IdentityServer.UnitTests.GrantValidators.TokenExchangeGrantValidatorTests.ValidateAsync_TokenValidated_ValidResponseReturned" computerName="DKSR-EFI-04" duration="00:00:00.0132861" startTime="2023-12-22T09:34:32.9121696+01:00" endTime="2023-12-22T09:34:32.9121698+01:00" testType="13cdc9d9-ddb5-4fa4-a97d-d965ccfc6d4b" outcome="Passed" testListId="8c84fa94-04c1-424b-9868-57a2d4851a1d" relativeResultsDirectory="668c1f2c-a6c9-4287-84d6-f46770090ffc" />
    <UnitTestResult executionId="c2bf2ab3-b3e8-43e9-9ec3-43ff2f75c5f7" testId="60f49aec-c5b4-99ea-1acb-b873f5055301" testName="VideoOS.IdentityServer.UnitTests.Helper.RsaKeyGeneratorTests.GenerateRsaSecurityKey_InvalidKeySize_ThrowsArgumentOutOfRangeException(keySize: 16385)" computerName="DKSR-EFI-04" duration="00:00:00.0000167" startTime="2023-12-22T09:34:32.5893362+01:00" endTime="2023-12-22T09:34:32.5893363+01:00" testType="13cdc9d9-ddb5-4fa4-a97d-d965ccfc6d4b" outcome="Passed" testListId="8c84fa94-04c1-424b-9868-57a2d4851a1d" relativeResultsDirectory="c2bf2ab3-b3e8-43e9-9ec3-43ff2f75c5f7" />
    <UnitTestResult executionId="362ac4bb-a015-4d7a-890f-d0f9351faf5f" testId="86e63197-ee39-e9eb-fea5-38017d6dea21" testName="VideoOS.IdentityServer.UnitTests.Controllers.LoginProvidersControllerTests.Patch_LoginProvider_NotFound_Failure" computerName="DKSR-EFI-04" duration="00:00:00.0026982" startTime="2023-12-22T09:34:33.3288930+01:00" endTime="2023-12-22T09:34:33.3288932+01:00" testType="13cdc9d9-ddb5-4fa4-a97d-d965ccfc6d4b" outcome="Passed" testListId="8c84fa94-04c1-424b-9868-57a2d4851a1d" relativeResultsDirectory="362ac4bb-a015-4d7a-890f-d0f9351faf5f" />
    <UnitTestResult executionId="2c790b65-4291-4f9f-9dea-a1a81bb862c2" testId="554bc2dc-5683-0353-ab18-b38abe873c7a" testName="VideoOS.IdentityServer.UnitTests.Repositories.VmsUserManagerTests.ChangePasswordAsync_PasswordChangedSuccessful_ForcePasswordChangeReset" computerName="DKSR-EFI-04" duration="00:00:00.0031621" startTime="2023-12-22T09:34:33.0209102+01:00" endTime="2023-12-22T09:34:33.0209106+01:00" testType="13cdc9d9-ddb5-4fa4-a97d-d965ccfc6d4b" outcome="Passed" testListId="8c84fa94-04c1-424b-9868-57a2d4851a1d" relativeResultsDirectory="2c790b65-4291-4f9f-9dea-a1a81bb862c2" />
    <UnitTestResult executionId="bf8b79f2-e3fc-4532-8af3-e8ccf3abf8c9" testId="454ee311-5500-61f0-bfbf-eb31f090e7db" testName="VideoOS.IdentityServer.UnitTests.Pages.Account.LoginViewModelTests.ExternalProviders_TwoExternalProvider_IsNotExternalLoginOnly" computerName="DKSR-EFI-04" duration="00:00:00.0001455" startTime="2023-12-22T09:34:33.3524131+01:00" endTime="2023-12-22T09:34:33.3524132+01:00" testType="13cdc9d9-ddb5-4fa4-a97d-d965ccfc6d4b" outcome="Passed" testListId="8c84fa94-04c1-424b-9868-57a2d4851a1d" relativeResultsDirectory="bf8b79f2-e3fc-4532-8af3-e8ccf3abf8c9" />
    <UnitTestResult executionId="557b7b17-f9ea-4aa7-b6d5-b4a7127f55b9" testId="0527f1d7-19e5-cacc-4c2f-9cf02e02d316" testName="VideoOS.IdentityServer.UnitTests.Helper.ExpressionBuilderTests.FromString_DifferentQueriesWithAllowedSearchNames_ReturnsExpectedCount(query: &quot;name ne a&quot;, expectedCount: 3, allowedSearchNames: [&quot;Name&quot;])" computerName="DKSR-EFI-04" duration="00:00:00.0008442" startTime="2023-12-22T09:34:32.1274167+01:00" endTime="2023-12-22T09:34:32.1274168+01:00" testType="13cdc9d9-ddb5-4fa4-a97d-d965ccfc6d4b" outcome="Passed" testListId="8c84fa94-04c1-424b-9868-57a2d4851a1d" relativeResultsDirectory="557b7b17-f9ea-4aa7-b6d5-b4a7127f55b9" />
    <UnitTestResult executionId="2853dfd1-dbbf-409a-9ba0-2fed7ef603fb" testId="3abf4ce5-5742-a81f-318e-c7a4efd05d94" testName="VideoOS.IdentityServer.UnitTests.Repositories.EventLogRepositoryTests.CreateLog_NewLogPassed_LogIsAddedToDbContext" computerName="DKSR-EFI-04" duration="00:00:00.2013248" startTime="2023-12-22T09:34:32.2446755+01:00" endTime="2023-12-22T09:34:32.2446759+01:00" testType="13cdc9d9-ddb5-4fa4-a97d-d965ccfc6d4b" outcome="Passed" testListId="8c84fa94-04c1-424b-9868-57a2d4851a1d" relativeResultsDirectory="2853dfd1-dbbf-409a-9ba0-2fed7ef603fb" />
    <UnitTestResult executionId="5008cd1f-f165-4b9e-8893-c104e911bc50" testId="4122a9f9-946d-6675-5b2d-e3d415694cb1" testName="VideoOS.IdentityServer.UnitTests.Helper.ArrayModelBinderTests.BindModelAsync_InvalidInputValue_Failed" computerName="DKSR-EFI-04" duration="00:00:00.0166767" startTime="2023-12-22T09:34:33.3446377+01:00" endTime="2023-12-22T09:34:33.3446380+01:00" testType="13cdc9d9-ddb5-4fa4-a97d-d965ccfc6d4b" outcome="Passed" testListId="8c84fa94-04c1-424b-9868-57a2d4851a1d" relativeResultsDirectory="5008cd1f-f165-4b9e-8893-c104e911bc50" />
    <UnitTestResult executionId="c8fa72fe-c107-4264-8e10-09ce193f0506" testId="6d4dcff1-e71e-7eba-b747-dc0d28b69028" testName="VideoOS.IdentityServer.UnitTests.Services.ProfileServiceTests.IsActiveAsync_VmsUserNotExist_UserNotActive" computerName="DKSR-EFI-04" duration="00:00:00.0031323" startTime="2023-12-22T09:34:33.9136371+01:00" endTime="2023-12-22T09:34:33.9136374+01:00" testType="13cdc9d9-ddb5-4fa4-a97d-d965ccfc6d4b" outcome="Passed" testListId="8c84fa94-04c1-424b-9868-57a2d4851a1d" relativeResultsDirectory="c8fa72fe-c107-4264-8e10-09ce193f0506" />
    <UnitTestResult executionId="10d75366-306f-4180-adc2-08dc3ffed7a0" testId="d798ebf8-5eb5-d224-24ef-355e17a6ee53" testName="VideoOS.IdentityServer.UnitTests.Helper.ExpressionBuilderTests.FromString_DifferentQueriesWithDisallowedSearchNames_ThrowsInvalidOperationException(query: &quot;number gt 4&quot;, allowedSearchNames: [&quot;Name&quot;])" computerName="DKSR-EFI-04" duration="00:00:00.0000470" startTime="2023-12-22T09:34:32.1298136+01:00" endTime="2023-12-22T09:34:32.1298136+01:00" testType="13cdc9d9-ddb5-4fa4-a97d-d965ccfc6d4b" outcome="Passed" testListId="8c84fa94-04c1-424b-9868-57a2d4851a1d" relativeResultsDirectory="10d75366-306f-4180-adc2-08dc3ffed7a0" />
    <UnitTestResult executionId="3bd0f95a-326c-4985-83f9-53d928038423" testId="d839e357-7c87-cc97-99c7-06808fbc4ba9" testName="VideoOS.IdentityServer.UnitTests.Services.DeleteEventLogHostedServiceTest.StartAsync_Called_TimerStartedRunningEveryHour" computerName="DKSR-EFI-04" duration="00:00:00.8027048" startTime="2023-12-22T09:34:34.2479422+01:00" endTime="2023-12-22T09:34:34.2479424+01:00" testType="13cdc9d9-ddb5-4fa4-a97d-d965ccfc6d4b" outcome="Passed" testListId="8c84fa94-04c1-424b-9868-57a2d4851a1d" relativeResultsDirectory="3bd0f95a-326c-4985-83f9-53d928038423" />
    <UnitTestResult executionId="fca7a6cf-548e-45e9-83f6-a5e0663cc9bc" testId="d317f81f-bce9-b89e-fa54-8643b71e0922" testName="VideoOS.IdentityServer.UnitTests.Services.UserProvisionerTests.CreateOrUpdateUser_ErrorAutoProvisioningUser_Throws" computerName="DKSR-EFI-04" duration="00:00:00.0064992" startTime="2023-12-22T09:34:34.3120522+01:00" endTime="2023-12-22T09:34:34.3120529+01:00" testType="13cdc9d9-ddb5-4fa4-a97d-d965ccfc6d4b" outcome="Passed" testListId="8c84fa94-04c1-424b-9868-57a2d4851a1d" relativeResultsDirectory="fca7a6cf-548e-45e9-83f6-a5e0663cc9bc" />
    <UnitTestResult executionId="1de1875f-98fc-4400-8c66-cf2f534e1714" testId="2e73cdd6-5f0d-f8db-f31d-394aad188358" testName="VideoOS.IdentityServer.UnitTests.Attributes.MaxLengthUriAttributeTests.IsValid_ForNullValue_ReturnsSuccess" computerName="DKSR-EFI-04" duration="00:00:00.0005705" startTime="2023-12-22T09:34:32.3109335+01:00" endTime="2023-12-22T09:34:32.3109337+01:00" testType="13cdc9d9-ddb5-4fa4-a97d-d965ccfc6d4b" outcome="Passed" testListId="8c84fa94-04c1-424b-9868-57a2d4851a1d" relativeResultsDirectory="1de1875f-98fc-4400-8c66-cf2f534e1714" />
    <UnitTestResult executionId="cd4f6de9-ac1d-4e2f-b0bd-ffa9cd90d6b6" testId="7be300ea-073a-38be-afa7-93ec42c13925" testName="VideoOS.IdentityServer.UnitTests.Repositories.VmsUserManagerTests.CreateUserInternalAsync_PasswordProvided_Success" computerName="DKSR-EFI-04" duration="00:00:00.3135120" startTime="2023-12-22T09:34:33.6436597+01:00" endTime="2023-12-22T09:34:33.6436602+01:00" testType="13cdc9d9-ddb5-4fa4-a97d-d965ccfc6d4b" outcome="Passed" testListId="8c84fa94-04c1-424b-9868-57a2d4851a1d" relativeResultsDirectory="cd4f6de9-ac1d-4e2f-b0bd-ffa9cd90d6b6" />
    <UnitTestResult executionId="5e1ba2e1-f0bf-4b66-a891-7b110b53a618" testId="2b0d43ee-5a30-eeab-0382-8a8c5d521a0a" testName="VideoOS.IdentityServer.UnitTests.Filters.RedirectAntiForgeryValidationFailedResultFilterTest.OnResultExecutionAsync_ResultNotAntiforgeryValidationFailedResult" computerName="DKSR-EFI-04" duration="00:00:00.1426418" startTime="2023-12-22T09:34:33.3024469+01:00" endTime="2023-12-22T09:34:33.3024472+01:00" testType="13cdc9d9-ddb5-4fa4-a97d-d965ccfc6d4b" outcome="Passed" testListId="8c84fa94-04c1-424b-9868-57a2d4851a1d" relativeResultsDirectory="5e1ba2e1-f0bf-4b66-a891-7b110b53a618" />
    <UnitTestResult executionId="9ed29619-c632-4ebb-b25f-551c7e76d37a" testId="8a308586-3301-ed69-850b-aa82f3858b75" testName="VideoOS.IdentityServer.UnitTests.Middleware.ApiDisableStatusCodeFeatureMiddlewareTests.InvokeAsync_RequestApi_StatusCodePagesFeatureEnabled" computerName="DKSR-EFI-04" duration="00:00:00.5529435" startTime="2023-12-22T09:34:33.6366848+01:00" endTime="2023-12-22T09:34:33.6366851+01:00" testType="13cdc9d9-ddb5-4fa4-a97d-d965ccfc6d4b" outcome="Passed" testListId="8c84fa94-04c1-424b-9868-57a2d4851a1d" relativeResultsDirectory="9ed29619-c632-4ebb-b25f-551c7e76d37a" />
    <UnitTestResult executionId="0e3ba43b-126a-43f8-8cb0-ea1791caf011" testId="fd525cc0-7096-f2ae-e8d9-24ea20fe7cfe" testName="VideoOS.IdentityServer.UnitTests.Controllers.BaseControllerTests.BadRequest_InvokeParameterLess_ThrowsNotImplementedException" computerName="DKSR-EFI-04" duration="00:00:00.0014789" startTime="2023-12-22T09:34:33.9929130+01:00" endTime="2023-12-22T09:34:33.9929132+01:00" testType="13cdc9d9-ddb5-4fa4-a97d-d965ccfc6d4b" outcome="Passed" testListId="8c84fa94-04c1-424b-9868-57a2d4851a1d" relativeResultsDirectory="0e3ba43b-126a-43f8-8cb0-ea1791caf011" />
    <UnitTestResult executionId="8f5289cf-03f3-46bd-907a-4a8ad33f8726" testId="2f335b89-37f3-f36a-5c93-c7b3e39d8a38" testName="VideoOS.IdentityServer.UnitTests.Services.UserProvisionerTests.CreateOrUpdateUser_NewUserNoPreferredNoName_Email" computerName="DKSR-EFI-04" duration="00:00:00.0050683" startTime="2023-12-22T09:34:34.1381336+01:00" endTime="2023-12-22T09:34:34.1381340+01:00" testType="13cdc9d9-ddb5-4fa4-a97d-d965ccfc6d4b" outcome="Passed" testListId="8c84fa94-04c1-424b-9868-57a2d4851a1d" relativeResultsDirectory="8f5289cf-03f3-46bd-907a-4a8ad33f8726" />
    <UnitTestResult executionId="f943fe95-70ef-42bb-b7bd-ce8c9728329c" testId="e407b8a0-22ba-2a63-6c33-cfdfd1359996" testName="VideoOS.IdentityServer.UnitTests.Helper.MapAllClaimsActionAndEnumerateArrayTests.Run_SingleAndArrayClaimPairsClaimValueMixedCasing_DuplicatePairsGetRemovedWithClaimValueCaseSensitive" computerName="DKSR-EFI-04" duration="00:00:00.0007843" startTime="2023-12-22T09:34:33.0439080+01:00" endTime="2023-12-22T09:34:33.0439083+01:00" testType="13cdc9d9-ddb5-4fa4-a97d-d965ccfc6d4b" outcome="Passed" testListId="8c84fa94-04c1-424b-9868-57a2d4851a1d" relativeResultsDirectory="f943fe95-70ef-42bb-b7bd-ce8c9728329c" />
    <UnitTestResult executionId="bb2aec7e-31b9-4913-bc0e-fc94d816f7a4" testId="c910e7ec-42ca-2065-e546-d4cce50c61f4" testName="VideoOS.IdentityServer.UnitTests.GrantValidators.WinAuthGrantValidatorTests.ValidateAsync_UserIsBuiltInAdmin_SuccessResultIsSet" computerName="DKSR-EFI-04" duration="00:00:00.0133576" startTime="2023-12-22T09:34:33.2660090+01:00" endTime="2023-12-22T09:34:33.2660093+01:00" testType="13cdc9d9-ddb5-4fa4-a97d-d965ccfc6d4b" outcome="Passed" testListId="8c84fa94-04c1-424b-9868-57a2d4851a1d" relativeResultsDirectory="bb2aec7e-31b9-4913-bc0e-fc94d816f7a4" />
    <UnitTestResult executionId="b5dd5012-9c7f-4c8d-8b00-cd1da368cefb" testId="b09ec01e-490e-3eea-658f-8b98c142e321" testName="VideoOS.IdentityServer.UnitTests.Repositories.EventLogRepositoryTests.FilterLogs_Take2_2OrderedLogsOutOf4AreReturned" computerName="DKSR-EFI-04" duration="00:00:00.0060190" startTime="2023-12-22T09:34:32.2714707+01:00" endTime="2023-12-22T09:34:32.2714709+01:00" testType="13cdc9d9-ddb5-4fa4-a97d-d965ccfc6d4b" outcome="Passed" testListId="8c84fa94-04c1-424b-9868-57a2d4851a1d" relativeResultsDirectory="b5dd5012-9c7f-4c8d-8b00-cd1da368cefb" />
    <UnitTestResult executionId="43df3da8-7d41-4543-903f-a6ff652f4890" testId="7a650886-b796-7794-1000-8b637771079b" testName="VideoOS.IdentityServer.UnitTests.Helper.RsaKeyGeneratorTests.GenerateRsaSecurityKey_ValidKeySize_NewRsaSecurityKeyIsReturned(keySize: 2048)" computerName="DKSR-EFI-04" duration="00:00:00.1379070" startTime="2023-12-22T09:34:32.7561360+01:00" endTime="2023-12-22T09:34:32.7561363+01:00" testType="13cdc9d9-ddb5-4fa4-a97d-d965ccfc6d4b" outcome="Passed" testListId="8c84fa94-04c1-424b-9868-57a2d4851a1d" relativeResultsDirectory="43df3da8-7d41-4543-903f-a6ff652f4890" />
    <UnitTestResult executionId="e5f6d6fe-6798-45db-b1c5-e439abb1f3fc" testId="37c2b8ed-5307-fd14-fb78-5826ba25894d" testName="VideoOS.IdentityServer.UnitTests.Repositories.VmsUserManagerTests.FindByFilterAsync_UserFoundUsingType_User" computerName="DKSR-EFI-04" duration="00:00:00.4705246" startTime="2023-12-22T09:34:33.0112663+01:00" endTime="2023-12-22T09:34:33.0112667+01:00" testType="13cdc9d9-ddb5-4fa4-a97d-d965ccfc6d4b" outcome="Passed" testListId="8c84fa94-04c1-424b-9868-57a2d4851a1d" relativeResultsDirectory="e5f6d6fe-6798-45db-b1c5-e439abb1f3fc" />
    <UnitTestResult executionId="9d0eda9a-711a-4cd7-890d-1f378155c7f5" testId="93219c7c-8c54-78f0-c93d-da4407676ef0" testName="VideoOS.IdentityServer.UnitTests.GrantValidators.TokenExchangeGrantValidatorTests.ValidateAsync_GetWellKnownConfigurationFails_InvalidRequestReturned" computerName="DKSR-EFI-04" duration="00:00:00.0048294" startTime="2023-12-22T09:34:32.6366631+01:00" endTime="2023-12-22T09:34:32.6366632+01:00" testType="13cdc9d9-ddb5-4fa4-a97d-d965ccfc6d4b" outcome="Passed" testListId="8c84fa94-04c1-424b-9868-57a2d4851a1d" relativeResultsDirectory="9d0eda9a-711a-4cd7-890d-1f378155c7f5" />
    <UnitTestResult executionId="a04fc0e4-3c5d-4be1-9fb3-c0fef5c8b137" testId="bca552ad-4711-dd0b-15ca-0ec01c5a338b" testName="VideoOS.IdentityServer.UnitTests.Pages.External.CallbackTests.OnGetAsync_UserLockedOut_Error" computerName="DKSR-EFI-04" duration="00:00:00.0046097" startTime="2023-12-22T09:34:34.2417807+01:00" endTime="2023-12-22T09:34:34.2417809+01:00" testType="13cdc9d9-ddb5-4fa4-a97d-d965ccfc6d4b" outcome="Passed" testListId="8c84fa94-04c1-424b-9868-57a2d4851a1d" relativeResultsDirectory="a04fc0e4-3c5d-4be1-9fb3-c0fef5c8b137" />
    <UnitTestResult executionId="0bcd6cb6-1cab-4db5-9870-9bdb871d25e5" testId="5be0f320-a152-b431-cfb2-bf34547301b1" testName="VideoOS.IdentityServer.UnitTests.Repositories.ConfigurationRepositoryTest.SaveChangesAsync_NewChanges_SaveChangesIsCalledOnDbContext" computerName="DKSR-EFI-04" duration="00:00:00.0271701" startTime="2023-12-22T09:34:32.8964411+01:00" endTime="2023-12-22T09:34:32.8964413+01:00" testType="13cdc9d9-ddb5-4fa4-a97d-d965ccfc6d4b" outcome="Passed" testListId="8c84fa94-04c1-424b-9868-57a2d4851a1d" relativeResultsDirectory="0bcd6cb6-1cab-4db5-9870-9bdb871d25e5" />
    <UnitTestResult executionId="ab9f1664-59b1-4d89-a340-febf3fc7e061" testId="89eca625-e205-1852-94e5-9163f58047b8" testName="VideoOS.IdentityServer.UnitTests.GrantValidators.TokenExchangeGrantValidatorTests.ValidateAsync_SecureWithNonSecureIssuer_InvalidRequestReturned" computerName="DKSR-EFI-04" duration="00:00:00.0123638" startTime="2023-12-22T09:34:32.6491175+01:00" endTime="2023-12-22T09:34:32.6491177+01:00" testType="13cdc9d9-ddb5-4fa4-a97d-d965ccfc6d4b" outcome="Passed" testListId="8c84fa94-04c1-424b-9868-57a2d4851a1d" relativeResultsDirectory="ab9f1664-59b1-4d89-a340-febf3fc7e061" />
    <UnitTestResult executionId="7adf9945-477b-4f19-bb66-4e02c18666bd" testId="8077f55b-866c-8b6a-e210-2bf14ffef320" testName="VideoOS.IdentityServer.UnitTests.Repositories.VmsUserManagerTests.ChangePasswordAsync_PasswordChangedUnSuccessful_ForcePasswordChangeNotReset" computerName="DKSR-EFI-04" duration="00:00:00.4824258" startTime="2023-12-22T09:34:32.5076129+01:00" endTime="2023-12-22T09:34:32.5076133+01:00" testType="13cdc9d9-ddb5-4fa4-a97d-d965ccfc6d4b" outcome="Passed" testListId="8c84fa94-04c1-424b-9868-57a2d4851a1d" relativeResultsDirectory="7adf9945-477b-4f19-bb66-4e02c18666bd" />
    <UnitTestResult executionId="a4be68f8-6073-445c-a154-85550c1945db" testId="1fc6513f-0401-0907-ea53-a69e52aa54a2" testName="VideoOS.IdentityServer.UnitTests.Repositories.ConfigurationRepositoryTest.AddAsync_NewClientIsPassed_ClientIsAddedToDbContext" computerName="DKSR-EFI-04" duration="00:00:00.0077974" startTime="2023-12-22T09:34:32.9043183+01:00" endTime="2023-12-22T09:34:32.9043186+01:00" testType="13cdc9d9-ddb5-4fa4-a97d-d965ccfc6d4b" outcome="Passed" testListId="8c84fa94-04c1-424b-9868-57a2d4851a1d" relativeResultsDirectory="a4be68f8-6073-445c-a154-85550c1945db" />
    <UnitTestResult executionId="81a67ea0-179e-48ee-a473-f6779ec76456" testId="eb1887f2-99e8-2199-5e42-44d49a96c712" testName="VideoOS.IdentityServer.UnitTests.Services.UserProvisionerTests.CreateOrUpdateUser_NewUserUserNameAlreadyCreatedDifferentClaims_VerifyUserName(claims: [given_name: Bobby, email: james@bond.local], exsistingUserNames: [&quot;Bobby&quot;], expectedUserName: &quot;james@bond.local&quot;)" computerName="DKSR-EFI-04" duration="00:00:00.0043036" startTime="2023-12-22T09:34:34.2719464+01:00" endTime="2023-12-22T09:34:34.2719468+01:00" testType="13cdc9d9-ddb5-4fa4-a97d-d965ccfc6d4b" outcome="Passed" testListId="8c84fa94-04c1-424b-9868-57a2d4851a1d" relativeResultsDirectory="81a67ea0-179e-48ee-a473-f6779ec76456" />
    <UnitTestResult executionId="7fd063fc-fa54-4e24-963b-c065004d231d" testId="65be61bd-48d1-7d05-8d35-0ef84b0e73f8" testName="VideoOS.IdentityServer.UnitTests.Controllers.ExternalProviderManagerTests.RemoveProvider_LoginProvider_DontExist_DoesNothing" computerName="DKSR-EFI-04" duration="00:00:00.0030087" startTime="2023-12-22T09:34:32.5176392+01:00" endTime="2023-12-22T09:34:32.5176396+01:00" testType="13cdc9d9-ddb5-4fa4-a97d-d965ccfc6d4b" outcome="Passed" testListId="8c84fa94-04c1-424b-9868-57a2d4851a1d" relativeResultsDirectory="7fd063fc-fa54-4e24-963b-c065004d231d" />
    <UnitTestResult executionId="1d1adf51-adb1-41f4-99ab-71443050e277" testId="b4f75590-92df-872c-f70b-31c329cd70f3" testName="VideoOS.IdentityServer.UnitTests.Services.PasswordHasherWithLegacySupportTests.VerifyHashedPassword_MissingOneLegacyPasswordClaim_Logged(missingClaim: &quot;MigrateEncryptionMethod&quot;)" computerName="DKSR-EFI-04" duration="00:00:00.0718177" startTime="2023-12-22T09:34:33.5504187+01:00" endTime="2023-12-22T09:34:33.5504191+01:00" testType="13cdc9d9-ddb5-4fa4-a97d-d965ccfc6d4b" outcome="Passed" testListId="8c84fa94-04c1-424b-9868-57a2d4851a1d" relativeResultsDirectory="1d1adf51-adb1-41f4-99ab-71443050e277" />
    <UnitTestResult executionId="06d90e48-2148-4a1b-91fc-06deed59270b" testId="51fba3e8-b429-1223-77b1-e3bb21414eed" testName="VideoOS.IdentityServer.UnitTests.Model.ErrorResponseTests.ErrorResponse_MultipleApiErrors_ErrorsContainAllErrors" computerName="DKSR-EFI-04" duration="00:00:00.0020682" startTime="2023-12-22T09:34:32.6391916+01:00" endTime="2023-12-22T09:34:32.6391919+01:00" testType="13cdc9d9-ddb5-4fa4-a97d-d965ccfc6d4b" outcome="Passed" testListId="8c84fa94-04c1-424b-9868-57a2d4851a1d" relativeResultsDirectory="06d90e48-2148-4a1b-91fc-06deed59270b" />
    <UnitTestResult executionId="507652f1-0ad4-4649-b3e2-77c29b8ff088" testId="064adfe8-7f74-1859-2ce4-4280d3e48d69" testName="VideoOS.IdentityServer.UnitTests.Controllers.UsersControllerTests.Post_UserIsNotCreated_ReturnBadRequest" computerName="DKSR-EFI-04" duration="00:00:00.0058756" startTime="2023-12-22T09:34:32.8813177+01:00" endTime="2023-12-22T09:34:32.8813180+01:00" testType="13cdc9d9-ddb5-4fa4-a97d-d965ccfc6d4b" outcome="Passed" testListId="8c84fa94-04c1-424b-9868-57a2d4851a1d" relativeResultsDirectory="507652f1-0ad4-4649-b3e2-77c29b8ff088" />
    <UnitTestResult executionId="7799b06c-ef9c-466c-9b6e-7f07259ed47a" testId="2e898c72-c1a3-bc6e-005d-827c55556ffd" testName="VideoOS.IdentityServer.UnitTests.Services.PasswordHasherWithLegacySupportTests.VerifyHashedPassword_WrongLegacyPassword_Failed(encryptionMethod: &quot;SHA2_512&quot;)" computerName="DKSR-EFI-04" duration="00:00:00.0421397" startTime="2023-12-22T09:34:33.6868909+01:00" endTime="2023-12-22T09:34:33.6868912+01:00" testType="13cdc9d9-ddb5-4fa4-a97d-d965ccfc6d4b" outcome="Passed" testListId="8c84fa94-04c1-424b-9868-57a2d4851a1d" relativeResultsDirectory="7799b06c-ef9c-466c-9b6e-7f07259ed47a" />
    <UnitTestResult executionId="68ec79ff-f493-424b-ac18-71b0735f3837" testId="dcdbc362-f707-20d9-792c-fa37630f61d4" testName="VideoOS.IdentityServer.UnitTests.Filters.CheckModelForNullAttributeTests.OnActionExecuting_ActionArgumentsHasNotNullValue_ResultIsNotSet" computerName="DKSR-EFI-04" duration="00:00:00.0040440" startTime="2023-12-22T09:34:33.0501368+01:00" endTime="2023-12-22T09:34:33.0501371+01:00" testType="13cdc9d9-ddb5-4fa4-a97d-d965ccfc6d4b" outcome="Passed" testListId="8c84fa94-04c1-424b-9868-57a2d4851a1d" relativeResultsDirectory="68ec79ff-f493-424b-ac18-71b0735f3837" />
    <UnitTestResult executionId="937cf82a-1a83-4394-8427-2a4a049e960d" testId="ebac9683-6a2b-566e-3770-780405485cc2" testName="VideoOS.IdentityServer.UnitTests.Controllers.ExternalProviderManagerTests.UpdateProvider_LoginProvider_Enabled_DontExist_AddsConfiguration" computerName="DKSR-EFI-04" duration="00:00:00.0964441" startTime="2023-12-22T09:34:32.6201293+01:00" endTime="2023-12-22T09:34:32.6201295+01:00" testType="13cdc9d9-ddb5-4fa4-a97d-d965ccfc6d4b" outcome="Passed" testListId="8c84fa94-04c1-424b-9868-57a2d4851a1d" relativeResultsDirectory="937cf82a-1a83-4394-8427-2a4a049e960d" />
    <UnitTestResult executionId="962e96a4-35c3-40fa-8df7-12630a1068aa" testId="4b49fa3b-9e0e-e541-f50c-ee289c4e0302" testName="VideoOS.IdentityServer.UnitTests.Helper.ExpressionBuilderTests.FromString_DifferentQueriesWithAllowedSearchNames_ReturnsExpectedCount(query: &quot;number le 4&quot;, expectedCount: 4, allowedSearchNames: [&quot;Number&quot;, &quot;Time&quot;, &quot;Name&quot;])" computerName="DKSR-EFI-04" duration="00:00:00.0005865" startTime="2023-12-22T09:34:32.1150876+01:00" endTime="2023-12-22T09:34:32.1150877+01:00" testType="13cdc9d9-ddb5-4fa4-a97d-d965ccfc6d4b" outcome="Passed" testListId="8c84fa94-04c1-424b-9868-57a2d4851a1d" relativeResultsDirectory="962e96a4-35c3-40fa-8df7-12630a1068aa" />
    <UnitTestResult executionId="c1b07c54-9509-493c-883c-4e9469889e55" testId="1b1c617e-e8c3-892a-0a73-9823ff0526e1" testName="VideoOS.IdentityServer.UnitTests.Controllers.LoginProvidersControllerTests.Post_LoginProvider_DuplicateLoginProvider_Failure" computerName="DKSR-EFI-04" duration="00:00:00.0356635" startTime="2023-12-22T09:34:32.8859895+01:00" endTime="2023-12-22T09:34:32.8859897+01:00" testType="13cdc9d9-ddb5-4fa4-a97d-d965ccfc6d4b" outcome="Passed" testListId="8c84fa94-04c1-424b-9868-57a2d4851a1d" relativeResultsDirectory="c1b07c54-9509-493c-883c-4e9469889e55" />
    <UnitTestResult executionId="72153dc7-e53e-41ef-a74a-d54c8d0cbe8d" testId="5733c725-74f6-0e64-1c02-0d0e954418ad" testName="VideoOS.IdentityServer.UnitTests.Controllers.LoginProvidersControllerTests.Delete_LoginProviderExists_Success" computerName="DKSR-EFI-04" duration="00:00:00.1530189" startTime="2023-12-22T09:34:32.8502103+01:00" endTime="2023-12-22T09:34:32.8502107+01:00" testType="13cdc9d9-ddb5-4fa4-a97d-d965ccfc6d4b" outcome="Passed" testListId="8c84fa94-04c1-424b-9868-57a2d4851a1d" relativeResultsDirectory="72153dc7-e53e-41ef-a74a-d54c8d0cbe8d" />
    <UnitTestResult executionId="1187851e-9460-4dee-8ceb-1b8d47638e35" testId="2191f6dd-5015-945f-601a-a7b0a8fde314" testName="VideoOS.IdentityServer.UnitTests.Controllers.ExternalProvidersControllerTests.Get_DifferentHandlersConfigured_OnlyRemoteAuthenticationHandlersReturned(schemes: [AuthenticationScheme { DisplayName = &quot;abc&quot;, HandlerType = typeof(Microsoft.AspNetCore.Authentication.OpenIdConnect.OpenIdConnectHandler), Name = &quot;OpenIdConnectHandler&quot; }, AuthenticationScheme { DisplayName = &quot;abc&quot;, HandlerType = typeof(Microsoft.AspNetCore.Authentication.Cookies.CookieAuthenticationHandler), Name = &quot;CookieAuthenticationHandler&quot; }, AuthenticationScheme { DisplayName = &quot;abc&quot;, HandlerType = typeof(Microsoft.AspNetCore.Authentication.AuthenticationHandler&lt;Microsoft.AspNetCore.Authentication.RemoteAuthenticationOptions&gt;), Name = &quot;AuthenticationHandler&quot; }], expectedProviders: 1)" computerName="DKSR-EFI-04" duration="00:00:00.1206790" startTime="2023-12-22T09:34:32.3121302+01:00" endTime="2023-12-22T09:34:32.3121303+01:00" testType="13cdc9d9-ddb5-4fa4-a97d-d965ccfc6d4b" outcome="Passed" testListId="8c84fa94-04c1-424b-9868-57a2d4851a1d" relativeResultsDirectory="1187851e-9460-4dee-8ceb-1b8d47638e35" />
    <UnitTestResult executionId="6544b432-53d9-4a21-a7bd-3e5b59cc7c7e" testId="7710bff0-8d19-9987-cfcb-d6d3fac71252" testName="VideoOS.IdentityServer.UnitTests.Controllers.LoginsControllerTests.DeleteLogin_LoginNotFound_NotFoundReturned" computerName="DKSR-EFI-04" duration="00:00:00.0036514" startTime="2023-12-22T09:34:32.4371547+01:00" endTime="2023-12-22T09:34:32.4371550+01:00" testType="13cdc9d9-ddb5-4fa4-a97d-d965ccfc6d4b" outcome="Passed" testListId="8c84fa94-04c1-424b-9868-57a2d4851a1d" relativeResultsDirectory="6544b432-53d9-4a21-a7bd-3e5b59cc7c7e" />
    <UnitTestResult executionId="55f3e316-8597-4693-a1d7-06947e0a77c3" testId="d9266e78-bee1-2a29-f233-9658bb6cbdf0" testName="VideoOS.IdentityServer.UnitTests.Controllers.LoginsControllerTests.GetLogins_LoginIsNotFound_OkResultWithNoLoginReturned" computerName="DKSR-EFI-04" duration="00:00:00.0076172" startTime="2023-12-22T09:34:32.3996063+01:00" endTime="2023-12-22T09:34:32.3996066+01:00" testType="13cdc9d9-ddb5-4fa4-a97d-d965ccfc6d4b" outcome="Passed" testListId="8c84fa94-04c1-424b-9868-57a2d4851a1d" relativeResultsDirectory="55f3e316-8597-4693-a1d7-06947e0a77c3" />
    <UnitTestResult executionId="39bd7e5c-5ec7-48df-970a-1376419c8bba" testId="5a0d5dfe-96bc-4a66-bdea-1ea02d9e96dd" testName="VideoOS.IdentityServer.UnitTests.Controllers.ErrorControllerTests.Error_ProblemDetailsCreated_ProblemReturned" computerName="DKSR-EFI-04" duration="00:00:00.2527498" startTime="2023-12-22T09:34:34.0615334+01:00" endTime="2023-12-22T09:34:34.0615338+01:00" testType="13cdc9d9-ddb5-4fa4-a97d-d965ccfc6d4b" outcome="Passed" testListId="8c84fa94-04c1-424b-9868-57a2d4851a1d" relativeResultsDirectory="39bd7e5c-5ec7-48df-970a-1376419c8bba" />
    <UnitTestResult executionId="62564c3c-ec46-47c6-be1d-54b730405c69" testId="e1a480f7-1879-820c-92c7-55ac426d0357" testName="VideoOS.IdentityServer.UnitTests.Services.UserProvisionerTests.CreateOrUpdateUser_NewUserConfiguredUserNameClaimType_ClaimExistUserNameFromClaim" computerName="DKSR-EFI-04" duration="00:00:00.0145934" startTime="2023-12-22T09:34:34.0973170+01:00" endTime="2023-12-22T09:34:34.0973172+01:00" testType="13cdc9d9-ddb5-4fa4-a97d-d965ccfc6d4b" outcome="Passed" testListId="8c84fa94-04c1-424b-9868-57a2d4851a1d" relativeResultsDirectory="62564c3c-ec46-47c6-be1d-54b730405c69" />
    <UnitTestResult executionId="a2e58a5a-85a6-44c4-be67-11c44343590d" testId="5079d3fc-6790-cdcd-e37e-18fc2e9b3433" testName="VideoOS.IdentityServer.UnitTests.Helper.ExpressionBuilderTests.FromString_DifferentQueriesWithAllowedSearchNames_ReturnsExpectedCount(query: &quot;time ne 2000-1-1&quot;, expectedCount: 4, allowedSearchNames: [&quot;Time&quot;])" computerName="DKSR-EFI-04" duration="00:00:00.0008638" startTime="2023-12-22T09:34:32.1215937+01:00" endTime="2023-12-22T09:34:32.1215940+01:00" testType="13cdc9d9-ddb5-4fa4-a97d-d965ccfc6d4b" outcome="Passed" testListId="8c84fa94-04c1-424b-9868-57a2d4851a1d" relativeResultsDirectory="a2e58a5a-85a6-44c4-be67-11c44343590d" />
    <UnitTestResult executionId="2edec92a-f7ab-444e-9b72-532438a322bb" testId="93cfa45e-50b0-604c-c09c-2e5001172962" testName="VideoOS.IdentityServer.UnitTests.Repositories.VmsUserManagerTests.HasClaimChanged_InputOfUserAndExternalClaims_ExpectedOutcome(userClaims: [], externalClaims: [], expectedAddedIndex: [], expectedRemovedIndex: [])" computerName="DKSR-EFI-04" duration="00:00:00.0029845" startTime="2023-12-22T09:34:33.8750550+01:00" endTime="2023-12-22T09:34:33.8750553+01:00" testType="13cdc9d9-ddb5-4fa4-a97d-d965ccfc6d4b" outcome="Passed" testListId="8c84fa94-04c1-424b-9868-57a2d4851a1d" relativeResultsDirectory="2edec92a-f7ab-444e-9b72-532438a322bb" />
    <UnitTestResult executionId="eed92a91-9af1-474e-9be0-f28f1f48cf77" testId="4960d619-9637-97cb-79a8-c27b6f1b58a2" testName="VideoOS.IdentityServer.UnitTests.Helper.ExpressionBuilderTests.FromString_DifferentQueriesWithAllowedSearchNames_ReturnsExpectedCount(query: &quot;name eq c&quot;, expectedCount: 1, allowedSearchNames: [&quot;Name&quot;])" computerName="DKSR-EFI-04" duration="00:00:00.0011443" startTime="2023-12-22T09:34:32.1126424+01:00" endTime="2023-12-22T09:34:32.1126426+01:00" testType="13cdc9d9-ddb5-4fa4-a97d-d965ccfc6d4b" outcome="Passed" testListId="8c84fa94-04c1-424b-9868-57a2d4851a1d" relativeResultsDirectory="eed92a91-9af1-474e-9be0-f28f1f48cf77" />
    <UnitTestResult executionId="a082646f-5c3e-4ecc-83b5-a2163037fbd1" testId="8a8d9965-d9e6-321a-030d-efcea28da45a" testName="VideoOS.IdentityServer.UnitTests.Repositories.VmsUserManagerTests.IsUserLockedOut_LockoutEnd_Null" computerName="DKSR-EFI-04" duration="00:00:00.0003551" startTime="2023-12-22T09:34:33.3040867+01:00" endTime="2023-12-22T09:34:33.3040869+01:00" testType="13cdc9d9-ddb5-4fa4-a97d-d965ccfc6d4b" outcome="Passed" testListId="8c84fa94-04c1-424b-9868-57a2d4851a1d" relativeResultsDirectory="a082646f-5c3e-4ecc-83b5-a2163037fbd1" />
    <UnitTestResult executionId="dabfd5d7-8a0e-4f11-9365-9b4ab3d8707c" testId="18d87a86-c288-0d65-b334-9ae3feb83fd4" testName="VideoOS.IdentityServer.UnitTests.NLogConfiguration.NLogConfiguratorTests.AddFilter_LogRuleNotFound_DoesNotThrow" computerName="DKSR-EFI-04" duration="00:00:00.0007056" startTime="2023-12-22T09:34:34.0649249+01:00" endTime="2023-12-22T09:34:34.0649251+01:00" testType="13cdc9d9-ddb5-4fa4-a97d-d965ccfc6d4b" outcome="Passed" testListId="8c84fa94-04c1-424b-9868-57a2d4851a1d" relativeResultsDirectory="dabfd5d7-8a0e-4f11-9365-9b4ab3d8707c" />
    <UnitTestResult executionId="61fe2f99-19dd-4b12-b6e4-d924dc5db8a2" testId="aad812c8-11ae-299e-c062-2f91c6e51f5b" testName="VideoOS.IdentityServer.UnitTests.Controllers.UsersControllerTests.GetUsers_UserIsFound_ReturnOkResultWithUserDto" computerName="DKSR-EFI-04" duration="00:00:00.0546730" startTime="2023-12-22T09:34:32.8751998+01:00" endTime="2023-12-22T09:34:32.8752000+01:00" testType="13cdc9d9-ddb5-4fa4-a97d-d965ccfc6d4b" outcome="Passed" testListId="8c84fa94-04c1-424b-9868-57a2d4851a1d" relativeResultsDirectory="61fe2f99-19dd-4b12-b6e4-d924dc5db8a2" />
    <UnitTestResult executionId="484b690d-bf79-44b2-98a8-45dc1606bbfd" testId="09390f4d-0b0d-dc1c-1268-43edcd861ff3" testName="VideoOS.IdentityServer.UnitTests.Attributes.IsGuidTests.IsGuid_ValueIsGuidOrNull_ReturnsTrue(value: null)" computerName="DKSR-EFI-04" duration="00:00:00.0000908" startTime="2023-12-22T09:34:33.2523909+01:00" endTime="2023-12-22T09:34:33.2523910+01:00" testType="13cdc9d9-ddb5-4fa4-a97d-d965ccfc6d4b" outcome="Passed" testListId="8c84fa94-04c1-424b-9868-57a2d4851a1d" relativeResultsDirectory="484b690d-bf79-44b2-98a8-45dc1606bbfd" />
    <UnitTestResult executionId="c74755d8-3f85-4243-b9f0-9b6d4554a050" testId="6f4eb697-3e07-ede3-abd7-09e7ac68274c" testName="VideoOS.IdentityServer.UnitTests.Repositories.VmsUserManagerTests.IsUserLockedOut_ArgumentNull" computerName="DKSR-EFI-04" duration="00:00:00.0004956" startTime="2023-12-22T09:34:33.8766624+01:00" endTime="2023-12-22T09:34:33.8766626+01:00" testType="13cdc9d9-ddb5-4fa4-a97d-d965ccfc6d4b" outcome="Passed" testListId="8c84fa94-04c1-424b-9868-57a2d4851a1d" relativeResultsDirectory="c74755d8-3f85-4243-b9f0-9b6d4554a050" />
    <UnitTestResult executionId="b63ced66-ac5d-427b-acf9-333879fcbca5" testId="7441f6f9-bcec-0df2-f536-62b5e6253144" testName="VideoOS.IdentityServer.UnitTests.Controllers.EventLogsControllerTests.Get_CalledWithFilterAndPaginationParameters_CallsRepository" computerName="DKSR-EFI-04" duration="00:00:00.0032979" startTime="2023-12-22T09:34:33.9568359+01:00" endTime="2023-12-22T09:34:33.9568361+01:00" testType="13cdc9d9-ddb5-4fa4-a97d-d965ccfc6d4b" outcome="Passed" testListId="8c84fa94-04c1-424b-9868-57a2d4851a1d" relativeResultsDirectory="b63ced66-ac5d-427b-acf9-333879fcbca5" />
    <UnitTestResult executionId="e133ebba-205e-407d-8b7b-10741e2b5d4a" testId="8bed271a-762f-7749-24bd-471c01a4f81b" testName="VideoOS.IdentityServer.UnitTests.Pages.LoginTests.OnPostAsync_UserLoginSuccess_EventLogCreated" computerName="DKSR-EFI-04" duration="00:00:00.7261247" startTime="2023-12-22T09:34:34.0601156+01:00" endTime="2023-12-22T09:34:34.0601160+01:00" testType="13cdc9d9-ddb5-4fa4-a97d-d965ccfc6d4b" outcome="Passed" testListId="8c84fa94-04c1-424b-9868-57a2d4851a1d" relativeResultsDirectory="e133ebba-205e-407d-8b7b-10741e2b5d4a" />
    <UnitTestResult executionId="c8f38249-1dc6-4ed0-8e65-a7e88c6cb330" testId="c6ece820-8868-fea0-1530-fea93176d268" testName="VideoOS.IdentityServer.UnitTests.Controllers.BaseControllerTests.UserNotFound_InvokeWithString_ReturnsResultWithErrorResponse" computerName="DKSR-EFI-04" duration="00:00:00.0002633" startTime="2023-12-22T09:34:33.9954859+01:00" endTime="2023-12-22T09:34:33.9954862+01:00" testType="13cdc9d9-ddb5-4fa4-a97d-d965ccfc6d4b" outcome="Passed" testListId="8c84fa94-04c1-424b-9868-57a2d4851a1d" relativeResultsDirectory="c8f38249-1dc6-4ed0-8e65-a7e88c6cb330" />
    <UnitTestResult executionId="6daf8409-1335-4115-88df-fb470b1f0de9" testId="483bd5d1-7e4f-66ba-7653-fe651ec19642" testName="VideoOS.IdentityServer.UnitTests.Controllers.ClientsControllerTests.RegisterClientAuthorizationCodeFlow_ClientDoesNotExists_ClientIsCreatedAndNoSecretReturned" computerName="DKSR-EFI-04" duration="00:00:00.1831171" startTime="2023-12-22T09:34:33.0987660+01:00" endTime="2023-12-22T09:34:33.0987664+01:00" testType="13cdc9d9-ddb5-4fa4-a97d-d965ccfc6d4b" outcome="Passed" testListId="8c84fa94-04c1-424b-9868-57a2d4851a1d" relativeResultsDirectory="6daf8409-1335-4115-88df-fb470b1f0de9" />
    <UnitTestResult executionId="6caf8e81-ec90-409d-96bd-540a799f3eaf" testId="7c38c405-6200-5a1a-0fda-e13867787aa4" testName="VideoOS.IdentityServer.UnitTests.Services.ProfileServiceTests.GetProfileDataAsync_VmsUserClaimsRequestedWithoutProviderScope_NoProviderClaims" computerName="DKSR-EFI-04" duration="00:00:00.0164017" startTime="2023-12-22T09:34:33.9301147+01:00" endTime="2023-12-22T09:34:33.9301150+01:00" testType="13cdc9d9-ddb5-4fa4-a97d-d965ccfc6d4b" outcome="Passed" testListId="8c84fa94-04c1-424b-9868-57a2d4851a1d" relativeResultsDirectory="6caf8e81-ec90-409d-96bd-540a799f3eaf" />
    <UnitTestResult executionId="07494a35-a6a3-4012-9c0a-9f6b52d3977f" testId="eb1887f2-99e8-2199-5e42-44d49a96c712" testName="VideoOS.IdentityServer.UnitTests.Services.UserProvisionerTests.CreateOrUpdateUser_NewUserUserNameAlreadyCreatedDifferentClaims_VerifyUserName(claims: [given_name: Bobby, family_name: Bob, email: james@bond.local], exsistingUserNames: [&quot;Bobby Bob&quot;], expectedUserName: &quot;james@bond.local&quot;)" computerName="DKSR-EFI-04" duration="00:00:00.0034348" startTime="2023-12-22T09:34:34.2675819+01:00" endTime="2023-12-22T09:34:34.2675822+01:00" testType="13cdc9d9-ddb5-4fa4-a97d-d965ccfc6d4b" outcome="Passed" testListId="8c84fa94-04c1-424b-9868-57a2d4851a1d" relativeResultsDirectory="07494a35-a6a3-4012-9c0a-9f6b52d3977f" />
    <UnitTestResult executionId="3c2ee413-4e09-4d54-a0b4-e81aac4caad1" testId="f9dbaf2d-8319-3cb6-d10e-e8e4da1e14d6" testName="VideoOS.IdentityServer.UnitTests.Services.UserProvisionerTests.CreateOrUpdateUser_NewUserPreferred_PreferredUsername" computerName="DKSR-EFI-04" duration="00:00:00.0051396" startTime="2023-12-22T09:34:34.2373486+01:00" endTime="2023-12-22T09:34:34.2373488+01:00" testType="13cdc9d9-ddb5-4fa4-a97d-d965ccfc6d4b" outcome="Passed" testListId="8c84fa94-04c1-424b-9868-57a2d4851a1d" relativeResultsDirectory="3c2ee413-4e09-4d54-a0b4-e81aac4caad1" />
    <UnitTestResult executionId="14623121-fe81-4a9c-ac95-1ebcb396d7e1" testId="f92c6b6d-e73e-777e-805f-32a982387f8e" testName="VideoOS.IdentityServer.UnitTests.Model.ErrorResponseTests.ErrorResponse_ApiErrorCodeIsNull_KeyIsStringEmpty" computerName="DKSR-EFI-04" duration="00:00:00.0019829" startTime="2023-12-22T09:34:32.6370505+01:00" endTime="2023-12-22T09:34:32.6370506+01:00" testType="13cdc9d9-ddb5-4fa4-a97d-d965ccfc6d4b" outcome="Passed" testListId="8c84fa94-04c1-424b-9868-57a2d4851a1d" relativeResultsDirectory="14623121-fe81-4a9c-ac95-1ebcb396d7e1" />
    <UnitTestResult executionId="af7bd6bd-9c92-430f-8d84-d90ab9d21d9b" testId="d7da64a4-55b6-ed43-be57-9d181f7abde0" testName="VideoOS.IdentityServer.UnitTests.Controllers.ClientsControllerTests.GetClient_ClientIsFound_ReturnOkResultWithClientDto" computerName="DKSR-EFI-04" duration="00:00:00.0096183" startTime="2023-12-22T09:34:33.2165507+01:00" endTime="2023-12-22T09:34:33.2165510+01:00" testType="13cdc9d9-ddb5-4fa4-a97d-d965ccfc6d4b" outcome="Passed" testListId="8c84fa94-04c1-424b-9868-57a2d4851a1d" relativeResultsDirectory="af7bd6bd-9c92-430f-8d84-d90ab9d21d9b" />
    <UnitTestResult executionId="00a18af1-993c-482f-9fd0-a1cd77db65a8" testId="36459205-3fff-99ea-a8bb-b5596965c4e0" testName="VideoOS.IdentityServer.UnitTests.Attributes.DisallowCharacterAttributeTests.IsValid_ContainsOnlyAllowedCharacters_ReturnsTrue(value: &quot;bob&quot;)" computerName="DKSR-EFI-04" duration="00:00:00.0000344" startTime="2023-12-22T09:34:32.2882784+01:00" endTime="2023-12-22T09:34:32.2882785+01:00" testType="13cdc9d9-ddb5-4fa4-a97d-d965ccfc6d4b" outcome="Passed" testListId="8c84fa94-04c1-424b-9868-57a2d4851a1d" relativeResultsDirectory="00a18af1-993c-482f-9fd0-a1cd77db65a8" />
    <UnitTestResult executionId="4301a9a6-cdca-4d60-931b-32218c471e92" testId="4f5a6cc6-1969-6f9b-ec83-8d5bda87395f" testName="VideoOS.IdentityServer.UnitTests.Services.UserProvisionerTests.CreateOrUpdateUser_NewUserUserNameAlreadyCreated_VerifyUserName(exsistingUserNames: [&quot;CustomUserName&quot;, &quot;Preferred Bobby Bob&quot;, &quot;Bobby Bob&quot;, &quot;james@bond.local&quot;, &quot;CustomUserName#1&quot;], expectedUserName: &quot;CustomUserName#2&quot;)" computerName="DKSR-EFI-04" duration="00:00:00.0090236" startTime="2023-12-22T09:34:34.2062549+01:00" endTime="2023-12-22T09:34:34.2062551+01:00" testType="13cdc9d9-ddb5-4fa4-a97d-d965ccfc6d4b" outcome="Passed" testListId="8c84fa94-04c1-424b-9868-57a2d4851a1d" relativeResultsDirectory="4301a9a6-cdca-4d60-931b-32218c471e92" />
    <UnitTestResult executionId="23a4b6c5-3088-4cf3-9b42-f4b98559d0de" testId="3d1bcbae-e51f-a190-3e37-f7e57c802225" testName="VideoOS.IdentityServer.UnitTests.Pages.External.CallbackTests.OnGetAsync_UserNotAuthenticated_Throws" computerName="DKSR-EFI-04" duration="00:00:00.1046888" startTime="2023-12-22T09:34:34.1665263+01:00" endTime="2023-12-22T09:34:34.1665268+01:00" testType="13cdc9d9-ddb5-4fa4-a97d-d965ccfc6d4b" outcome="Passed" testListId="8c84fa94-04c1-424b-9868-57a2d4851a1d" relativeResultsDirectory="23a4b6c5-3088-4cf3-9b42-f4b98559d0de" />
    <UnitTestResult executionId="832a5b41-dcf8-4744-9e16-aae9a4978cc2" testId="da2b0da1-6076-2fbe-2022-7beb2bbf7e43" testName="VideoOS.IdentityServer.UnitTests.Validators.PasswordValidatorTests.ValidateAsync_VmsUserIsNull_ThrowArgumentNullException" computerName="DKSR-EFI-04" duration="00:00:00.0006900" startTime="2023-12-22T09:34:32.5865929+01:00" endTime="2023-12-22T09:34:32.5865933+01:00" testType="13cdc9d9-ddb5-4fa4-a97d-d965ccfc6d4b" outcome="Passed" testListId="8c84fa94-04c1-424b-9868-57a2d4851a1d" relativeResultsDirectory="832a5b41-dcf8-4744-9e16-aae9a4978cc2" />
    <UnitTestResult executionId="ecc086ce-ee99-41b9-9ffd-b96e06f51a40" testId="c90c323b-6fae-869b-14eb-05786760e218" testName="VideoOS.IdentityServer.UnitTests.Helper.ExpressionBuilderTests.FromString_DifferentQueriesWithNoListOfAllowedSearchNames_ReturnsExpectedCount(query: &quot;number eq 4&quot;, expectedCount: 1)" computerName="DKSR-EFI-04" duration="00:00:00.0008189" startTime="2023-12-22T09:34:32.1302798+01:00" endTime="2023-12-22T09:34:32.1302800+01:00" testType="13cdc9d9-ddb5-4fa4-a97d-d965ccfc6d4b" outcome="Passed" testListId="8c84fa94-04c1-424b-9868-57a2d4851a1d" relativeResultsDirectory="ecc086ce-ee99-41b9-9ffd-b96e06f51a40" />
    <UnitTestResult executionId="f08d4185-f57a-44c3-b3c9-4d0b7d2af52a" testId="05d3f044-5331-7ce3-623e-9916ab55f9e4" testName="VideoOS.IdentityServer.UnitTests.Repositories.VmsUserManagerTests.CreateUserInternalAsync_CreateError_Failed" computerName="DKSR-EFI-04" duration="00:00:00.0016213" startTime="2023-12-22T09:34:33.3300411+01:00" endTime="2023-12-22T09:34:33.3300413+01:00" testType="13cdc9d9-ddb5-4fa4-a97d-d965ccfc6d4b" outcome="Passed" testListId="8c84fa94-04c1-424b-9868-57a2d4851a1d" relativeResultsDirectory="f08d4185-f57a-44c3-b3c9-4d0b7d2af52a" />
    <UnitTestResult executionId="b48affa3-ad36-4280-9d04-2cdf051c5ebb" testId="50caac75-59c5-2982-763d-8bf5dea4f197" testName="VideoOS.IdentityServer.UnitTests.Repositories.VmsUserManagerTests.FindByFilterAsync_ArgumentNull" computerName="DKSR-EFI-04" duration="00:00:00.0010826" startTime="2023-12-22T09:34:33.6494551+01:00" endTime="2023-12-22T09:34:33.6494554+01:00" testType="13cdc9d9-ddb5-4fa4-a97d-d965ccfc6d4b" outcome="Passed" testListId="8c84fa94-04c1-424b-9868-57a2d4851a1d" relativeResultsDirectory="b48affa3-ad36-4280-9d04-2cdf051c5ebb" />
    <UnitTestResult executionId="edd14494-9a63-4b6c-b60a-6183932eaaec" testId="e76a2e3b-0926-9f69-c216-95e505062603" testName="VideoOS.IdentityServer.UnitTests.Controllers.TrustedIssuersControllerTests.Delete_TrustedIssuerExists_TrustedIssuerDeleted" computerName="DKSR-EFI-04" duration="00:00:00.0091110" startTime="2023-12-22T09:34:32.3180496+01:00" endTime="2023-12-22T09:34:32.3180498+01:00" testType="13cdc9d9-ddb5-4fa4-a97d-d965ccfc6d4b" outcome="Passed" testListId="8c84fa94-04c1-424b-9868-57a2d4851a1d" relativeResultsDirectory="edd14494-9a63-4b6c-b60a-6183932eaaec" />
    <UnitTestResult executionId="7116d5df-ee74-4e57-8b1d-1eb77d7fb8d9" testId="2ebee47b-2482-8e0c-4c0b-8a9204b6c22b" testName="VideoOS.IdentityServer.UnitTests.Repositories.EventLogRepositoryTests.FilterLogs_TakeIsNegative_ThrowArgumentOutOfRangeException" computerName="DKSR-EFI-04" duration="00:00:00.0047579" startTime="2023-12-22T09:34:32.0659531+01:00" endTime="2023-12-22T09:34:32.0659532+01:00" testType="13cdc9d9-ddb5-4fa4-a97d-d965ccfc6d4b" outcome="Passed" testListId="8c84fa94-04c1-424b-9868-57a2d4851a1d" relativeResultsDirectory="7116d5df-ee74-4e57-8b1d-1eb77d7fb8d9" />
    <UnitTestResult executionId="8768d486-8666-420a-867a-1454e8bf53e0" testId="57018c6c-77e8-b9db-09ff-723e1a88f49b" testName="VideoOS.IdentityServer.UnitTests.Attributes.SIDAttributeTests.IsValid_IsCorrectSidFormat_ReturnsTrue(value: &quot;S-1-0-0&quot;)" computerName="DKSR-EFI-04" duration="00:00:00.0000157" startTime="2023-12-22T09:34:32.0659062+01:00" endTime="2023-12-22T09:34:32.0659063+01:00" testType="13cdc9d9-ddb5-4fa4-a97d-d965ccfc6d4b" outcome="Passed" testListId="8c84fa94-04c1-424b-9868-57a2d4851a1d" relativeResultsDirectory="8768d486-8666-420a-867a-1454e8bf53e0" />
    <UnitTestResult executionId="0689e5ee-ef0c-4d20-af82-26704cc50374" testId="655efde5-eb67-b8e4-b0fe-7bf0264f6e1d" testName="VideoOS.IdentityServer.UnitTests.GrantValidators.TokenExchangeGrantValidatorTests.ValidateAsync_ProviderIdNotMapped_InvalidRequestReturned" computerName="DKSR-EFI-04" duration="00:00:00.0108793" startTime="2023-12-22T09:34:32.7874258+01:00" endTime="2023-12-22T09:34:32.7874260+01:00" testType="13cdc9d9-ddb5-4fa4-a97d-d965ccfc6d4b" outcome="Passed" testListId="8c84fa94-04c1-424b-9868-57a2d4851a1d" relativeResultsDirectory="0689e5ee-ef0c-4d20-af82-26704cc50374" />
    <UnitTestResult executionId="b4d3e5c7-0175-49c2-8947-3fcc63492bc5" testId="7144b9cd-8b82-fd81-0514-67816e952a1b" testName="VideoOS.IdentityServer.UnitTests.GrantValidators.TokenExchangeGrantValidatorTests.ValidateAsync_MissingVmsProviderKeyClaim_InvalidRequestReturned" computerName="DKSR-EFI-04" duration="00:00:00.6040677" startTime="2023-12-22T09:34:32.6290980+01:00" endTime="2023-12-22T09:34:32.6290982+01:00" testType="13cdc9d9-ddb5-4fa4-a97d-d965ccfc6d4b" outcome="Passed" testListId="8c84fa94-04c1-424b-9868-57a2d4851a1d" relativeResultsDirectory="b4d3e5c7-0175-49c2-8947-3fcc63492bc5" />
    <UnitTestResult executionId="a7f75081-45d3-4747-83dc-e7d954ad428e" testId="2c25d92f-b6d9-f67b-f9fb-1c50b91346d4" testName="VideoOS.IdentityServer.UnitTests.Services.ProfileServiceTests.GetProfileDataAsync_ProviderScopeRequestedCallerIsAccessToken_NoIdpClaims" computerName="DKSR-EFI-04" duration="00:00:00.7074458" startTime="2023-12-22T09:34:33.7589294+01:00" endTime="2023-12-22T09:34:33.7589300+01:00" testType="13cdc9d9-ddb5-4fa4-a97d-d965ccfc6d4b" outcome="Passed" testListId="8c84fa94-04c1-424b-9868-57a2d4851a1d" relativeResultsDirectory="a7f75081-45d3-4747-83dc-e7d954ad428e" />
    <UnitTestResult executionId="96a69bf5-b379-4c14-8189-7a764f75976f" testId="06c58579-c702-4e23-3f60-256bc8b3f2e6" testName="VideoOS.IdentityServer.UnitTests.Controllers.UsersControllerTests.Post_UserIsCreated_ReturnCreatedResultWithUserDto" computerName="DKSR-EFI-04" duration="00:00:00.0974589" startTime="2023-12-22T09:34:32.7784342+01:00" endTime="2023-12-22T09:34:32.7784345+01:00" testType="13cdc9d9-ddb5-4fa4-a97d-d965ccfc6d4b" outcome="Passed" testListId="8c84fa94-04c1-424b-9868-57a2d4851a1d" relativeResultsDirectory="96a69bf5-b379-4c14-8189-7a764f75976f" />
    <UnitTestResult executionId="d131546d-f36b-43f8-8998-7e2967a05c25" testId="c5a08dea-4572-0d74-7cd4-dd8bde384377" testName="VideoOS.IdentityServer.UnitTests.Controllers.ClientsControllerTests.GetClient_ClientNotFound_ReturnNotFoundResult" computerName="DKSR-EFI-04" duration="00:00:00.0044225" startTime="2023-12-22T09:34:33.2437478+01:00" endTime="2023-12-22T09:34:33.2437480+01:00" testType="13cdc9d9-ddb5-4fa4-a97d-d965ccfc6d4b" outcome="Passed" testListId="8c84fa94-04c1-424b-9868-57a2d4851a1d" relativeResultsDirectory="d131546d-f36b-43f8-8998-7e2967a05c25" />
    <UnitTestResult executionId="7eb1108e-d60f-47a7-9bc5-25d261b63dea" testId="ada794ff-b8f3-39d4-c1d3-ac159ff90320" testName="VideoOS.IdentityServer.UnitTests.Repositories.VmsUserManagerTests.GetLogins_UsingNoFilters_AllLoginsReturned" computerName="DKSR-EFI-04" duration="00:00:00.0094612" startTime="2023-12-22T09:34:33.8642971+01:00" endTime="2023-12-22T09:34:33.8642974+01:00" testType="13cdc9d9-ddb5-4fa4-a97d-d965ccfc6d4b" outcome="Passed" testListId="8c84fa94-04c1-424b-9868-57a2d4851a1d" relativeResultsDirectory="7eb1108e-d60f-47a7-9bc5-25d261b63dea" />
    <UnitTestResult executionId="48e26e5c-40fd-4a8f-a820-34c7d34577ff" testId="743f8a96-9897-3e88-3289-fb27a4e4447a" testName="VideoOS.IdentityServer.UnitTests.Controllers.ClientsControllerTests.RegisterClient_InvalidGranttype_BusinessViolationExceptionIsThrown" computerName="DKSR-EFI-04" duration="00:00:00.0023378" startTime="2023-12-22T09:34:33.1043265+01:00" endTime="2023-12-22T09:34:33.1043268+01:00" testType="13cdc9d9-ddb5-4fa4-a97d-d965ccfc6d4b" outcome="Passed" testListId="8c84fa94-04c1-424b-9868-57a2d4851a1d" relativeResultsDirectory="48e26e5c-40fd-4a8f-a820-34c7d34577ff" />
    <UnitTestResult executionId="45be8dab-8e57-4f86-b8a9-a06f7048f279" testId="eb1887f2-99e8-2199-5e42-44d49a96c712" testName="VideoOS.IdentityServer.UnitTests.Services.UserProvisionerTests.CreateOrUpdateUser_NewUserUserNameAlreadyCreatedDifferentClaims_VerifyUserName(claims: [preferred_username: Preferred Bobby Bob, name: Bobby Bob], exsistingUserNames: [&quot;Preferred Bobby Bob&quot;], expectedUserName: &quot;Bobby Bob&quot;)" computerName="DKSR-EFI-04" duration="00:00:00.0041080" startTime="2023-12-22T09:34:34.2605708+01:00" endTime="2023-12-22T09:34:34.2605710+01:00" testType="13cdc9d9-ddb5-4fa4-a97d-d965ccfc6d4b" outcome="Passed" testListId="8c84fa94-04c1-424b-9868-57a2d4851a1d" relativeResultsDirectory="45be8dab-8e57-4f86-b8a9-a06f7048f279" />
    <UnitTestResult executionId="b112240f-fbfa-4711-a1d8-b041d808b5e6" testId="ed05ce08-564e-9f53-e870-0bd02308d7fd" testName="VideoOS.IdentityServer.UnitTests.Pages.LoginTests.OnGetAsync_AuthSchemeNotFound_ErrorPage" computerName="DKSR-EFI-04" duration="00:00:00.0059324" startTime="2023-12-22T09:34:34.0839311+01:00" endTime="2023-12-22T09:34:34.0839313+01:00" testType="13cdc9d9-ddb5-4fa4-a97d-d965ccfc6d4b" outcome="Passed" testListId="8c84fa94-04c1-424b-9868-57a2d4851a1d" relativeResultsDirectory="b112240f-fbfa-4711-a1d8-b041d808b5e6" />
    <UnitTestResult executionId="309bf943-a00c-467c-bcfe-9f7b0ef23033" testId="9bc04b5a-96f6-a6a5-aeb9-c7c2c465389f" testName="VideoOS.IdentityServer.UnitTests.Repositories.EventLogRepositoryTests.FilterLogs_SkipIsNegative_ThrowArgumentOutOfRangeException" computerName="DKSR-EFI-04" duration="00:00:00.0007649" startTime="2023-12-22T09:34:32.2715352+01:00" endTime="2023-12-22T09:34:32.2715353+01:00" testType="13cdc9d9-ddb5-4fa4-a97d-d965ccfc6d4b" outcome="Passed" testListId="8c84fa94-04c1-424b-9868-57a2d4851a1d" relativeResultsDirectory="309bf943-a00c-467c-bcfe-9f7b0ef23033" />
    <UnitTestResult executionId="caf0d6eb-f613-4b94-a5a1-0867d28f43e4" testId="4796b15c-52f0-172e-3ce3-f76b2ed4d370" testName="VideoOS.IdentityServer.UnitTests.Controllers.BaseControllerTests.BadRequest_InvokeWithObject_ThrowsNotImplementedException" computerName="DKSR-EFI-04" duration="00:00:00.0004748" startTime="2023-12-22T09:34:33.9935437+01:00" endTime="2023-12-22T09:34:33.9935439+01:00" testType="13cdc9d9-ddb5-4fa4-a97d-d965ccfc6d4b" outcome="Passed" testListId="8c84fa94-04c1-424b-9868-57a2d4851a1d" relativeResultsDirectory="caf0d6eb-f613-4b94-a5a1-0867d28f43e4" />
    <UnitTestResult executionId="390beb0f-be7d-4975-91c8-1990590c535b" testId="02f245e3-c0c3-9cda-b0f9-6e617d61377c" testName="VideoOS.IdentityServer.UnitTests.Helper.ExpressionBuilderTests.FromString_DifferentQueriesWithAllowedSearchNames_ReturnsExpectedCount(query: &quot;time eq 2000-1-1&quot;, expectedCount: 1, allowedSearchNames: [&quot;Time&quot;, &quot;Name&quot;])" computerName="DKSR-EFI-04" duration="00:00:00.0037936" startTime="2023-12-22T09:34:32.1191672+01:00" endTime="2023-12-22T09:34:32.1191675+01:00" testType="13cdc9d9-ddb5-4fa4-a97d-d965ccfc6d4b" outcome="Passed" testListId="8c84fa94-04c1-424b-9868-57a2d4851a1d" relativeResultsDirectory="390beb0f-be7d-4975-91c8-1990590c535b" />
    <UnitTestResult executionId="aab99a8b-fdf2-4994-89ee-62ffa8b628b1" testId="45d3a797-f67c-21fc-e7a9-af6ed19a1606" testName="VideoOS.IdentityServer.UnitTests.Attributes.SIDAttributeTests.IsValid_IsNotCorrectSidFormat_ReturnsFalse(value: &quot;123&quot;)" computerName="DKSR-EFI-04" duration="00:00:00.0000432" startTime="2023-12-22T09:34:32.0545699+01:00" endTime="2023-12-22T09:34:32.0545700+01:00" testType="13cdc9d9-ddb5-4fa4-a97d-d965ccfc6d4b" outcome="Passed" testListId="8c84fa94-04c1-424b-9868-57a2d4851a1d" relativeResultsDirectory="aab99a8b-fdf2-4994-89ee-62ffa8b628b1" />
    <UnitTestResult executionId="a9f73265-2f35-456a-b9ca-bd15d9ac6eef" testId="174d39b0-bd84-a0df-73ab-c147dfe89409" testName="VideoOS.IdentityServer.UnitTests.GrantValidators.TokenExchangeGrantValidatorTests.ValidateAsync_ExchangeStyleNotProvided_InvalidRequestReturned" computerName="DKSR-EFI-04" duration="00:00:00.0039630" startTime="2023-12-22T09:34:32.7764826+01:00" endTime="2023-12-22T09:34:32.7764830+01:00" testType="13cdc9d9-ddb5-4fa4-a97d-d965ccfc6d4b" outcome="Passed" testListId="8c84fa94-04c1-424b-9868-57a2d4851a1d" relativeResultsDirectory="a9f73265-2f35-456a-b9ca-bd15d9ac6eef" />
    <UnitTestResult executionId="f2d84b47-31ed-4194-b49e-93fbb24d979c" testId="2b1c4864-9a39-5786-f28c-09b1dd762b25" testName="VideoOS.IdentityServer.UnitTests.Services.EventLogServiceTest.Log_IpAddressAvailable_IpSet" computerName="DKSR-EFI-04" duration="00:00:00.3913941" startTime="2023-12-22T09:34:33.3150658+01:00" endTime="2023-12-22T09:34:33.3150660+01:00" testType="13cdc9d9-ddb5-4fa4-a97d-d965ccfc6d4b" outcome="Passed" testListId="8c84fa94-04c1-424b-9868-57a2d4851a1d" relativeResultsDirectory="f2d84b47-31ed-4194-b49e-93fbb24d979c" />
    <UnitTestResult executionId="5eec91f4-b3fc-4e90-b085-9eecbb5668c2" testId="b8fb9772-bdb5-0007-d81b-1364d88469ef" testName="VideoOS.IdentityServer.UnitTests.Controllers.ExternalProviderManagerTests.UpdateProvider_LoginProvider_Enabled_NoSecret_DontExists_DoesNothing" computerName="DKSR-EFI-04" duration="00:00:00.3660046" startTime="2023-12-22T09:34:32.5145282+01:00" endTime="2023-12-22T09:34:32.5145286+01:00" testType="13cdc9d9-ddb5-4fa4-a97d-d965ccfc6d4b" outcome="Passed" testListId="8c84fa94-04c1-424b-9868-57a2d4851a1d" relativeResultsDirectory="5eec91f4-b3fc-4e90-b085-9eecbb5668c2" />
    <UnitTestResult executionId="0f40cc3c-f66b-4b81-b4cd-d25714b54ab4" testId="151a6d7d-62b0-0dab-d4be-0184b6258435" testName="VideoOS.IdentityServer.UnitTests.GrantValidators.TokenExchangeGrantValidatorTests.ValidateAsync_ErrorGettingUserClaims_InvalidRequestReturned" computerName="DKSR-EFI-04" duration="00:00:00.0940440" startTime="2023-12-22T09:34:32.8815478+01:00" endTime="2023-12-22T09:34:32.8815479+01:00" testType="13cdc9d9-ddb5-4fa4-a97d-d965ccfc6d4b" outcome="Passed" testListId="8c84fa94-04c1-424b-9868-57a2d4851a1d" relativeResultsDirectory="0f40cc3c-f66b-4b81-b4cd-d25714b54ab4" />
    <UnitTestResult executionId="f905407a-51c7-4f61-99f5-63cdc975e569" testId="9624a031-7855-a4af-5a12-0841cb0c62b4" testName="VideoOS.IdentityServer.UnitTests.Attributes.DisallowCharacterAttributeTests.IsValid_ContainsOnlyAllowedCharacters_ReturnsTrue(value: &quot;milestone_fam&quot;)" computerName="DKSR-EFI-04" duration="00:00:00.0057842" startTime="2023-12-22T09:34:32.2882298+01:00" endTime="2023-12-22T09:34:32.2882301+01:00" testType="13cdc9d9-ddb5-4fa4-a97d-d965ccfc6d4b" outcome="Passed" testListId="8c84fa94-04c1-424b-9868-57a2d4851a1d" relativeResultsDirectory="f905407a-51c7-4f61-99f5-63cdc975e569" />
    <UnitTestResult executionId="3d4d1201-d77f-4331-842b-49f0642231d1" testId="07e8a25f-7197-c209-719f-f588cfb085f1" testName="VideoOS.IdentityServer.UnitTests.Controllers.TrustedIssuersControllerTests.Put_TrustedIssuer_TrustedIssuersUpdated" computerName="DKSR-EFI-04" duration="00:00:00.0117024" startTime="2023-12-22T09:34:32.3298847+01:00" endTime="2023-12-22T09:34:32.3298850+01:00" testType="13cdc9d9-ddb5-4fa4-a97d-d965ccfc6d4b" outcome="Passed" testListId="8c84fa94-04c1-424b-9868-57a2d4851a1d" relativeResultsDirectory="3d4d1201-d77f-4331-842b-49f0642231d1" />
    <UnitTestResult executionId="f724b824-df9e-498d-810e-3086350f1f63" testId="2191f6dd-5015-945f-601a-a7b0a8fde314" testName="VideoOS.IdentityServer.UnitTests.Controllers.ExternalProvidersControllerTests.Get_DifferentHandlersConfigured_OnlyRemoteAuthenticationHandlersReturned(schemes: [], expectedProviders: 0)" computerName="DKSR-EFI-04" duration="00:00:00.0001668" startTime="2023-12-22T09:34:32.3135385+01:00" endTime="2023-12-22T09:34:32.3135385+01:00" testType="13cdc9d9-ddb5-4fa4-a97d-d965ccfc6d4b" outcome="Passed" testListId="8c84fa94-04c1-424b-9868-57a2d4851a1d" relativeResultsDirectory="f724b824-df9e-498d-810e-3086350f1f63" />
    <UnitTestResult executionId="0b2eb0ea-0efe-4992-b4eb-befa364c83a3" testId="8827fc4b-9473-8119-896d-eed4bf525c64" testName="VideoOS.IdentityServer.UnitTests.Validators.PasswordValidatorTests.Constructor_NullIPasswordRequirements_ThrowsArgumentNullException" computerName="DKSR-EFI-04" duration="00:00:00.0007443" startTime="2023-12-22T09:34:32.5828816+01:00" endTime="2023-12-22T09:34:32.5828820+01:00" testType="13cdc9d9-ddb5-4fa4-a97d-d965ccfc6d4b" outcome="Passed" testListId="8c84fa94-04c1-424b-9868-57a2d4851a1d" relativeResultsDirectory="0b2eb0ea-0efe-4992-b4eb-befa364c83a3" />
    <UnitTestResult executionId="cc4a35f2-a031-4a26-ac5c-5edd18562e2b" testId="45129488-13fb-76bf-a100-0cf810f72436" testName="VideoOS.IdentityServer.UnitTests.Extensions.ClaimActionCollectionExtensionTests.MapAllExcept_CollectionWithExistingAction_RemovesExistingActionAndAdds_MapAllClaimsActionAndEnumerateArray_DeleteClaimAction" computerName="DKSR-EFI-04" duration="00:00:00.0016492" startTime="2023-12-22T09:34:34.0813262+01:00" endTime="2023-12-22T09:34:34.0813264+01:00" testType="13cdc9d9-ddb5-4fa4-a97d-d965ccfc6d4b" outcome="Passed" testListId="8c84fa94-04c1-424b-9868-57a2d4851a1d" relativeResultsDirectory="cc4a35f2-a031-4a26-ac5c-5edd18562e2b" />
    <UnitTestResult executionId="731992a5-9173-4a94-b79f-b0f1072dab74" testId="7b099417-e68b-369a-98ea-81252ffe367b" testName="VideoOS.IdentityServer.UnitTests.Model.Result.ResultTests.ImplicitConversion_ShouldBeErrorWithMultipleErrors_WhenMultipleErrorsProvided" computerName="DKSR-EFI-04" duration="00:00:00.0010804" startTime="2023-12-22T09:34:32.7966534+01:00" endTime="2023-12-22T09:34:32.7966537+01:00" testType="13cdc9d9-ddb5-4fa4-a97d-d965ccfc6d4b" outcome="Passed" testListId="8c84fa94-04c1-424b-9868-57a2d4851a1d" relativeResultsDirectory="731992a5-9173-4a94-b79f-b0f1072dab74" />
    <UnitTestResult executionId="9498a0ee-a4e9-4174-bb40-db34fd02a178" testId="901a6d56-fae7-98f6-ab1b-7cb37539a449" testName="VideoOS.IdentityServer.UnitTests.Attributes.DisallowCharacterAttributeTests.IsValid_ContainsDisallowedCharacters_ReturnsFalse(value: &quot;#alice#&quot;)" computerName="DKSR-EFI-04" duration="00:00:00.0003063" startTime="2023-12-22T09:34:32.2884633+01:00" endTime="2023-12-22T09:34:32.2884634+01:00" testType="13cdc9d9-ddb5-4fa4-a97d-d965ccfc6d4b" outcome="Passed" testListId="8c84fa94-04c1-424b-9868-57a2d4851a1d" relativeResultsDirectory="9498a0ee-a4e9-4174-bb40-db34fd02a178" />
    <UnitTestResult executionId="b3fbccba-0ad8-4b1f-b29f-19d0a6a469a0" testId="4a7b3dd0-e4cf-93e6-ea32-71b917028e9d" testName="VideoOS.IdentityServer.UnitTests.Helper.ExpressionBuilderTests.FromString_QueryIsInvalid_ThrowsQueryFilterException(query: &quot; &quot;)" computerName="DKSR-EFI-04" duration="00:00:00.0143447" startTime="2023-12-22T09:34:32.1477286+01:00" endTime="2023-12-22T09:34:32.1477289+01:00" testType="13cdc9d9-ddb5-4fa4-a97d-d965ccfc6d4b" outcome="Passed" testListId="8c84fa94-04c1-424b-9868-57a2d4851a1d" relativeResultsDirectory="b3fbccba-0ad8-4b1f-b29f-19d0a6a469a0" />
    <UnitTestResult executionId="00d91acc-59b7-454c-8d54-ecd6b4e214aa" testId="1be1a000-d2fa-6c0f-c045-ff2861f84d37" testName="VideoOS.IdentityServer.UnitTests.Helper.RsaKeyGeneratorTests.GenerateRsaSecurityKey_InvalidKeySize_ThrowsArgumentOutOfRangeException(keySize: -2147483648)" computerName="DKSR-EFI-04" duration="00:00:00.0007804" startTime="2023-12-22T09:34:32.5888078+01:00" endTime="2023-12-22T09:34:32.5888081+01:00" testType="13cdc9d9-ddb5-4fa4-a97d-d965ccfc6d4b" outcome="Passed" testListId="8c84fa94-04c1-424b-9868-57a2d4851a1d" relativeResultsDirectory="00d91acc-59b7-454c-8d54-ecd6b4e214aa" />
    <UnitTestResult executionId="51390ae0-b6ba-4e84-b6a6-d9287f00332c" testId="244a44f0-246a-794e-7d4e-ee72bda98bd0" testName="VideoOS.IdentityServer.UnitTests.GrantValidators.TokenExchangeGrantValidatorTests.ValidateAsync_IssuerNotTrusted_InvalidRequestReturned" computerName="DKSR-EFI-04" duration="00:00:00.0034443" startTime="2023-12-22T09:34:32.8947706+01:00" endTime="2023-12-22T09:34:32.8947708+01:00" testType="13cdc9d9-ddb5-4fa4-a97d-d965ccfc6d4b" outcome="Passed" testListId="8c84fa94-04c1-424b-9868-57a2d4851a1d" relativeResultsDirectory="51390ae0-b6ba-4e84-b6a6-d9287f00332c" />
    <UnitTestResult executionId="ce525420-2d84-46bc-a559-7505c98bb333" testId="da209cf0-6094-274f-e78f-8889bf2f8ba5" testName="VideoOS.IdentityServer.UnitTests.Repositories.VmsUserManagerTests.CreateUserInternalAsync_LockoutDisabledAndUserHaveLockoutEnd_Failed" computerName="DKSR-EFI-04" duration="00:00:00.0401774" startTime="2023-12-22T09:34:33.8547188+01:00" endTime="2023-12-22T09:34:33.8547191+01:00" testType="13cdc9d9-ddb5-4fa4-a97d-d965ccfc6d4b" outcome="Passed" testListId="8c84fa94-04c1-424b-9868-57a2d4851a1d" relativeResultsDirectory="ce525420-2d84-46bc-a559-7505c98bb333" />
    <UnitTestResult executionId="32c85605-b5c9-4f9b-a57b-bcf0bd948474" testId="b946c6b2-48d3-48c0-dba1-87be276acdd4" testName="VideoOS.IdentityServer.UnitTests.Controllers.LoginsControllerTests.DeleteLogin_LoginIsDeleted_NoContentReturned" computerName="DKSR-EFI-04" duration="00:00:00.0051550" startTime="2023-12-22T09:34:32.4152300+01:00" endTime="2023-12-22T09:34:32.4152303+01:00" testType="13cdc9d9-ddb5-4fa4-a97d-d965ccfc6d4b" outcome="Passed" testListId="8c84fa94-04c1-424b-9868-57a2d4851a1d" relativeResultsDirectory="32c85605-b5c9-4f9b-a57b-bcf0bd948474" />
    <UnitTestResult executionId="92352278-bc54-431a-a86a-bfc52ab6efd5" testId="d1ba2313-0906-8d41-2715-24c6e5c1c48a" testName="VideoOS.IdentityServer.UnitTests.Validators.PasswordValidatorTests.Constructor_NullIPasswordHasher_ThrowsArgumentNullException" computerName="DKSR-EFI-04" duration="00:00:00.0001843" startTime="2023-12-22T09:34:32.5868189+01:00" endTime="2023-12-22T09:34:32.5868191+01:00" testType="13cdc9d9-ddb5-4fa4-a97d-d965ccfc6d4b" outcome="Passed" testListId="8c84fa94-04c1-424b-9868-57a2d4851a1d" relativeResultsDirectory="92352278-bc54-431a-a86a-bfc52ab6efd5" />
    <UnitTestResult executionId="38ea804c-d50e-4515-b2bd-6e263201ae16" testId="fe8caa31-dca9-eb84-ef3f-1e3d38758c51" testName="VideoOS.IdentityServer.UnitTests.Controllers.TrustedIssuersControllerTests.Delete_TrustedIssuerDoesnotExists_TrustedIssuerNotFoundError" computerName="DKSR-EFI-04" duration="00:00:00.0023676" startTime="2023-12-22T09:34:32.3803789+01:00" endTime="2023-12-22T09:34:32.3803791+01:00" testType="13cdc9d9-ddb5-4fa4-a97d-d965ccfc6d4b" outcome="Passed" testListId="8c84fa94-04c1-424b-9868-57a2d4851a1d" relativeResultsDirectory="38ea804c-d50e-4515-b2bd-6e263201ae16" />
    <UnitTestResult executionId="708f2588-5684-40e2-9887-c16bcd482a35" testId="e9b5c39a-de14-2511-2085-e1767b97fd6e" testName="VideoOS.IdentityServer.UnitTests.Controllers.LoginsControllerTests.DeleteLogin_LoginIsNotDeleted_BadRequestReturned" computerName="DKSR-EFI-04" duration="00:00:00.0051309" startTime="2023-12-22T09:34:32.4423869+01:00" endTime="2023-12-22T09:34:32.4423872+01:00" testType="13cdc9d9-ddb5-4fa4-a97d-d965ccfc6d4b" outcome="Passed" testListId="8c84fa94-04c1-424b-9868-57a2d4851a1d" relativeResultsDirectory="708f2588-5684-40e2-9887-c16bcd482a35" />
    <UnitTestResult executionId="3bc991c4-bc91-4703-8e10-eaa5e82fc4b3" testId="b18394c6-84c0-7182-e15a-0ec6b0ee5981" testName="VideoOS.IdentityServer.UnitTests.Controllers.AdminIdentityControllerTests.Get_AdminIdentityNotFound_NotFoundError" computerName="DKSR-EFI-04" duration="00:00:00.0022988" startTime="2023-12-22T09:34:33.4420345+01:00" endTime="2023-12-22T09:34:33.4420347+01:00" testType="13cdc9d9-ddb5-4fa4-a97d-d965ccfc6d4b" outcome="Passed" testListId="8c84fa94-04c1-424b-9868-57a2d4851a1d" relativeResultsDirectory="3bc991c4-bc91-4703-8e10-eaa5e82fc4b3" />
    <UnitTestResult executionId="9b50ddfa-7b18-45da-bf22-862c7ee11f22" testId="7afc244c-1882-5877-2a81-7cbc434e16a6" testName="VideoOS.IdentityServer.UnitTests.Validators.PasswordValidatorTests.ValidateAsync_PasswordMatchesPerfectly_Success" computerName="DKSR-EFI-04" duration="00:00:00.0006800" startTime="2023-12-22T09:34:32.5858910+01:00" endTime="2023-12-22T09:34:32.5858912+01:00" testType="13cdc9d9-ddb5-4fa4-a97d-d965ccfc6d4b" outcome="Passed" testListId="8c84fa94-04c1-424b-9868-57a2d4851a1d" relativeResultsDirectory="9b50ddfa-7b18-45da-bf22-862c7ee11f22" />
    <UnitTestResult executionId="1113f224-e5d5-4647-a7ef-37c12f636779" testId="de7c333c-dac0-97f8-ce50-bb79962f3356" testName="VideoOS.IdentityServer.UnitTests.Controllers.LoginProvidersControllerTests.Get_LoginProvider_NotFoundError_Failure" computerName="DKSR-EFI-04" duration="00:00:00.0036690" startTime="2023-12-22T09:34:32.8981247+01:00" endTime="2023-12-22T09:34:32.8981249+01:00" testType="13cdc9d9-ddb5-4fa4-a97d-d965ccfc6d4b" outcome="Passed" testListId="8c84fa94-04c1-424b-9868-57a2d4851a1d" relativeResultsDirectory="1113f224-e5d5-4647-a7ef-37c12f636779" />
    <UnitTestResult executionId="4d61f0c8-f3ec-4c2d-b898-b2e0461741f7" testId="b01c36f9-4c33-cbd8-7177-84aa9e0cdaac" testName="VideoOS.IdentityServer.UnitTests.Controllers.AdminIdentityControllerTests.Post_AdminIdentityAlreadyExist_DuplicateAdminIdentityError" computerName="DKSR-EFI-04" duration="00:00:00.0028812" startTime="2023-12-22T09:34:33.4449908+01:00" endTime="2023-12-22T09:34:33.4449911+01:00" testType="13cdc9d9-ddb5-4fa4-a97d-d965ccfc6d4b" outcome="Passed" testListId="8c84fa94-04c1-424b-9868-57a2d4851a1d" relativeResultsDirectory="4d61f0c8-f3ec-4c2d-b898-b2e0461741f7" />
    <UnitTestResult executionId="87e01743-66e4-4ab1-b576-29fc999d661f" testId="923bbb9b-001f-218b-483b-924b42d8eab3" testName="VideoOS.IdentityServer.UnitTests.Model.Result.ResultTests.Failure_ShouldThrowArgumentNullException_WhenNullErrorProvided" computerName="DKSR-EFI-04" duration="00:00:00.0005937" startTime="2023-12-22T09:34:32.7895335+01:00" endTime="2023-12-22T09:34:32.7895337+01:00" testType="13cdc9d9-ddb5-4fa4-a97d-d965ccfc6d4b" outcome="Passed" testListId="8c84fa94-04c1-424b-9868-57a2d4851a1d" relativeResultsDirectory="87e01743-66e4-4ab1-b576-29fc999d661f" />
    <UnitTestResult executionId="703f68b5-cb2b-46e6-af9a-f18851a81252" testId="62971434-d070-05e9-7e2e-67339cd457cc" testName="VideoOS.IdentityServer.UnitTests.Controllers.ClientsControllerTests.GetClients_ClientNotFound_ReturnEmptyOkResult" computerName="DKSR-EFI-04" duration="00:00:00.0075508" startTime="2023-12-22T09:34:33.2044726+01:00" endTime="2023-12-22T09:34:33.2044729+01:00" testType="13cdc9d9-ddb5-4fa4-a97d-d965ccfc6d4b" outcome="Passed" testListId="8c84fa94-04c1-424b-9868-57a2d4851a1d" relativeResultsDirectory="703f68b5-cb2b-46e6-af9a-f18851a81252" />
    <UnitTestResult executionId="60376c1f-ce9f-4b9b-9c6d-3affa9eab233" testId="509721b0-7be3-708d-26fd-3599c008d1d3" testName="VideoOS.IdentityServer.UnitTests.Middleware.ApiDisableStatusCodeFeatureMiddlewareTests.InvokeAsync_RequestApi_StatusCodePagesFeatureNull" computerName="DKSR-EFI-04" duration="00:00:00.1768233" startTime="2023-12-22T09:34:33.0814668+01:00" endTime="2023-12-22T09:34:33.0814673+01:00" testType="13cdc9d9-ddb5-4fa4-a97d-d965ccfc6d4b" outcome="Passed" testListId="8c84fa94-04c1-424b-9868-57a2d4851a1d" relativeResultsDirectory="60376c1f-ce9f-4b9b-9c6d-3affa9eab233" />
    <UnitTestResult executionId="ad1f74e4-a4fc-4f43-85a1-e80f64080666" testId="609c826a-3755-6de6-3e90-3398130aa650" testName="VideoOS.IdentityServer.UnitTests.Controllers.UserCollectionsControllerTests.GetUserCollection_AllUsersFoundWithProviders_UsersReturned" computerName="DKSR-EFI-04" duration="00:00:00.0146438" startTime="2023-12-22T09:34:34.0147740+01:00" endTime="2023-12-22T09:34:34.0147744+01:00" testType="13cdc9d9-ddb5-4fa4-a97d-d965ccfc6d4b" outcome="Passed" testListId="8c84fa94-04c1-424b-9868-57a2d4851a1d" relativeResultsDirectory="ad1f74e4-a4fc-4f43-85a1-e80f64080666" />
    <UnitTestResult executionId="aa5ca8e2-ba68-4730-9627-3f578df9c6dc" testId="9b11fbbf-e6b6-bf83-4a06-e41bb2807b4e" testName="VideoOS.IdentityServer.UnitTests.Attributes.DisallowCharacterAttributeTests.IsValid_ContainsDisallowedCharacters_ReturnsFalse(value: &quot;[testuser123]&quot;)" computerName="DKSR-EFI-04" duration="00:00:00.0000048" startTime="2023-12-22T09:34:32.2903911+01:00" endTime="2023-12-22T09:34:32.2903912+01:00" testType="13cdc9d9-ddb5-4fa4-a97d-d965ccfc6d4b" outcome="Passed" testListId="8c84fa94-04c1-424b-9868-57a2d4851a1d" relativeResultsDirectory="aa5ca8e2-ba68-4730-9627-3f578df9c6dc" />
    <UnitTestResult executionId="6075077a-2cc5-424b-9d6b-d693498af052" testId="b6ef847f-9b72-0da6-abe0-39563d4a303a" testName="VideoOS.IdentityServer.UnitTests.Repositories.VmsUserManagerTests.FindByNameAsync_UserNotFound_Null" computerName="DKSR-EFI-04" duration="00:00:00.0241262" startTime="2023-12-22T09:34:33.7090113+01:00" endTime="2023-12-22T09:34:33.7090118+01:00" testType="13cdc9d9-ddb5-4fa4-a97d-d965ccfc6d4b" outcome="Passed" testListId="8c84fa94-04c1-424b-9868-57a2d4851a1d" relativeResultsDirectory="6075077a-2cc5-424b-9d6b-d693498af052" />
    <UnitTestResult executionId="45758e53-0310-4ff5-ad1f-17ddfab66f37" testId="293f329e-27b6-4f11-0ed8-c60eb66e54e3" testName="VideoOS.IdentityServer.UnitTests.Controllers.ClientsControllerTests.RegisterClient_DuplicateGranttype_BusinessViolationExceptionIsThrown" computerName="DKSR-EFI-04" duration="00:00:00.0369818" startTime="2023-12-22T09:34:33.1547632+01:00" endTime="2023-12-22T09:34:33.1547634+01:00" testType="13cdc9d9-ddb5-4fa4-a97d-d965ccfc6d4b" outcome="Passed" testListId="8c84fa94-04c1-424b-9868-57a2d4851a1d" relativeResultsDirectory="45758e53-0310-4ff5-ad1f-17ddfab66f37" />
    <UnitTestResult executionId="b4523f8b-a2be-4eb0-a3b8-9fec51dbe4a0" testId="792d04f1-cdf3-a8f4-9e01-3aa112fc487d" testName="VideoOS.IdentityServer.UnitTests.Validators.PasswordValidatorTests.ValidateAsync_PasswordIsMatchButTheSameAsOld_Failure" computerName="DKSR-EFI-04" duration="00:00:00.0570124" startTime="2023-12-22T09:34:32.5820479+01:00" endTime="2023-12-22T09:34:32.5820484+01:00" testType="13cdc9d9-ddb5-4fa4-a97d-d965ccfc6d4b" outcome="Passed" testListId="8c84fa94-04c1-424b-9868-57a2d4851a1d" relativeResultsDirectory="b4523f8b-a2be-4eb0-a3b8-9fec51dbe4a0" />
    <UnitTestResult executionId="89885c5c-064f-41ec-b4bc-fcdf0e6d5340" testId="ebf24ca4-25fe-9d91-009b-2a977adb2d06" testName="VideoOS.IdentityServer.UnitTests.Repositories.VmsUserManagerTests.FindByLoginAsync_UserFound_User" computerName="DKSR-EFI-04" duration="00:00:00.0084637" startTime="2023-12-22T09:34:33.2520156+01:00" endTime="2023-12-22T09:34:33.2520158+01:00" testType="13cdc9d9-ddb5-4fa4-a97d-d965ccfc6d4b" outcome="Passed" testListId="8c84fa94-04c1-424b-9868-57a2d4851a1d" relativeResultsDirectory="89885c5c-064f-41ec-b4bc-fcdf0e6d5340" />
    <UnitTestResult executionId="40d5a403-a477-49a2-82d8-4e98e81c3eaa" testId="c9a0429d-69fe-4b0b-b274-ff7774c3a549" testName="VideoOS.IdentityServer.UnitTests.NLogConfiguration.NLogConfiguratorTests.AddFilter_FilterAlreadyAdded_FilterNotAdded" computerName="DKSR-EFI-04" duration="00:00:00.0006688" startTime="2023-12-22T09:34:34.1434486+01:00" endTime="2023-12-22T09:34:34.1434488+01:00" testType="13cdc9d9-ddb5-4fa4-a97d-d965ccfc6d4b" outcome="Passed" testListId="8c84fa94-04c1-424b-9868-57a2d4851a1d" relativeResultsDirectory="40d5a403-a477-49a2-82d8-4e98e81c3eaa" />
    <UnitTestResult executionId="cd72997b-217a-4647-ad4f-34362fa5a7f7" testId="eb1887f2-99e8-2199-5e42-44d49a96c712" testName="VideoOS.IdentityServer.UnitTests.Services.UserProvisionerTests.CreateOrUpdateUser_NewUserUserNameAlreadyCreatedDifferentClaims_VerifyUserName(claims: [email: james@bond.local], exsistingUserNames: [&quot;james@bond.local&quot;], expectedUserName: &quot;james@bond.local#1&quot;)" computerName="DKSR-EFI-04" duration="00:00:00.0054179" startTime="2023-12-22T09:34:34.2825575+01:00" endTime="2023-12-22T09:34:34.2825579+01:00" testType="13cdc9d9-ddb5-4fa4-a97d-d965ccfc6d4b" outcome="Passed" testListId="8c84fa94-04c1-424b-9868-57a2d4851a1d" relativeResultsDirectory="cd72997b-217a-4647-ad4f-34362fa5a7f7" />
    <UnitTestResult executionId="6f9646ca-b17b-472f-8e2f-2d7a86160192" testId="d0f32a3a-7617-9ed0-ef0e-dd198d75d8fc" testName="VideoOS.IdentityServer.UnitTests.GrantValidators.ResourceOwnerPasswordValidatorTests.ValidateAsync_UserNeedsToChangePassword_ChangePassword" computerName="DKSR-EFI-04" duration="00:00:00.0483114" startTime="2023-12-22T09:34:34.2541850+01:00" endTime="2023-12-22T09:34:34.2541853+01:00" testType="13cdc9d9-ddb5-4fa4-a97d-d965ccfc6d4b" outcome="Passed" testListId="8c84fa94-04c1-424b-9868-57a2d4851a1d" relativeResultsDirectory="6f9646ca-b17b-472f-8e2f-2d7a86160192" />
    <UnitTestResult executionId="fde0d56c-33b1-492d-81c4-f69a59194dc7" testId="7c812c75-8698-739c-a3b1-a7c2920998be" testName="VideoOS.IdentityServer.UnitTests.Services.ProfileServiceTests.IsActiveAsync_VmsUserNotLockedOut_UserIsActive" computerName="DKSR-EFI-04" duration="00:00:00.0037558" startTime="2023-12-22T09:34:33.8911124+01:00" endTime="2023-12-22T09:34:33.8911127+01:00" testType="13cdc9d9-ddb5-4fa4-a97d-d965ccfc6d4b" outcome="Passed" testListId="8c84fa94-04c1-424b-9868-57a2d4851a1d" relativeResultsDirectory="fde0d56c-33b1-492d-81c4-f69a59194dc7" />
    <UnitTestResult executionId="e721fef4-4711-4a5d-beaa-ff2185a040c6" testId="a8887616-d21a-2760-ae8d-12c4008e3d23" testName="VideoOS.IdentityServer.UnitTests.Attributes.HttpOrHttpsAttributeTests.IsValid_ForInvalidUriFormat_ReturnsError(url: &quot;http:::/wrong.url.com&quot;)" computerName="DKSR-EFI-04" duration="00:00:00.0000069" startTime="2023-12-22T09:34:32.3134727+01:00" endTime="2023-12-22T09:34:32.3134727+01:00" testType="13cdc9d9-ddb5-4fa4-a97d-d965ccfc6d4b" outcome="Passed" testListId="8c84fa94-04c1-424b-9868-57a2d4851a1d" relativeResultsDirectory="e721fef4-4711-4a5d-beaa-ff2185a040c6" />
    <UnitTestResult executionId="903cff23-673b-423d-9024-e05330ef944d" testId="3ca046f6-2934-db24-a17c-dfba6a65a4d4" testName="VideoOS.IdentityServer.UnitTests.Services.PasswordHasherWithLegacySupportTests.VerifyHashedPassword_MissingOneLegacyPasswordClaim_Logged(missingClaim: &quot;MigrateSalt&quot;)" computerName="DKSR-EFI-04" duration="00:00:00.1524561" startTime="2023-12-22T09:34:33.4785106+01:00" endTime="2023-12-22T09:34:33.4785112+01:00" testType="13cdc9d9-ddb5-4fa4-a97d-d965ccfc6d4b" outcome="Passed" testListId="8c84fa94-04c1-424b-9868-57a2d4851a1d" relativeResultsDirectory="903cff23-673b-423d-9024-e05330ef944d" />
    <UnitTestResult executionId="509cb63a-7f13-4ec6-83f5-4963937dd9e9" testId="f745d7c9-1b6e-8536-9e6d-7f308c1a00c6" testName="VideoOS.IdentityServer.UnitTests.Controllers.LoginProvidersControllerTests.Post_LoginProvider_Success" computerName="DKSR-EFI-04" duration="00:00:00.1751601" startTime="2023-12-22T09:34:33.3260582+01:00" endTime="2023-12-22T09:34:33.3260583+01:00" testType="13cdc9d9-ddb5-4fa4-a97d-d965ccfc6d4b" outcome="Passed" testListId="8c84fa94-04c1-424b-9868-57a2d4851a1d" relativeResultsDirectory="509cb63a-7f13-4ec6-83f5-4963937dd9e9" />
    <UnitTestResult executionId="06462872-940b-4418-8d64-81bfe39cf9e0" testId="2098fa07-0e88-c42b-6751-748860141601" testName="VideoOS.IdentityServer.UnitTests.Controllers.UsersControllerTests.Get_UserIsFoundWithClaimAndProvider_ReturnOkResultWithUserDto" computerName="DKSR-EFI-04" duration="00:00:00.0096674" startTime="2023-12-22T09:34:32.8149767+01:00" endTime="2023-12-22T09:34:32.8149769+01:00" testType="13cdc9d9-ddb5-4fa4-a97d-d965ccfc6d4b" outcome="Passed" testListId="8c84fa94-04c1-424b-9868-57a2d4851a1d" relativeResultsDirectory="06462872-940b-4418-8d64-81bfe39cf9e0" />
    <UnitTestResult executionId="1311cc4f-d44e-47f3-81d5-c51c1104e28e" testId="14ee1d5b-5645-b066-f21e-b6c725200105" testName="VideoOS.IdentityServer.UnitTests.GrantValidators.WinAuthGrantValidatorTests.ValidateAsync_UserIsNotAdmin_FailureResultIsSet" computerName="DKSR-EFI-04" duration="00:00:00.1010257" startTime="2023-12-22T09:34:33.3974487+01:00" endTime="2023-12-22T09:34:33.3974492+01:00" testType="13cdc9d9-ddb5-4fa4-a97d-d965ccfc6d4b" outcome="Passed" testListId="8c84fa94-04c1-424b-9868-57a2d4851a1d" relativeResultsDirectory="1311cc4f-d44e-47f3-81d5-c51c1104e28e" />
    <UnitTestResult executionId="17ff8230-2ab5-4682-8a69-8140eb3d6863" testId="758bca7f-8d6e-e391-8dbc-fe668434ed80" testName="VideoOS.IdentityServer.UnitTests.Repositories.EventLogRepositoryTests.DeleteLogsOlderThan_LogsOlderThanDatePassed_LogsDeleted" computerName="DKSR-EFI-04" duration="00:00:00.0080681" startTime="2023-12-22T09:34:32.2528994+01:00" endTime="2023-12-22T09:34:32.2528997+01:00" testType="13cdc9d9-ddb5-4fa4-a97d-d965ccfc6d4b" outcome="Passed" testListId="8c84fa94-04c1-424b-9868-57a2d4851a1d" relativeResultsDirectory="17ff8230-2ab5-4682-8a69-8140eb3d6863" />
    <UnitTestResult executionId="c4f134fd-f3d7-44b7-9789-ee3427a1f7c2" testId="37c7947a-3966-decd-629f-d603f8981b34" testName="VideoOS.IdentityServer.UnitTests.GrantValidators.WindowsCredentialsGrantValidatorTests.ValidateAsync_UserAuthenticated_Success" computerName="DKSR-EFI-04" duration="00:00:00.1077114" startTime="2023-12-22T09:34:32.6347996+01:00" endTime="2023-12-22T09:34:32.6347998+01:00" testType="13cdc9d9-ddb5-4fa4-a97d-d965ccfc6d4b" outcome="Passed" testListId="8c84fa94-04c1-424b-9868-57a2d4851a1d" relativeResultsDirectory="c4f134fd-f3d7-44b7-9789-ee3427a1f7c2" />
    <UnitTestResult executionId="a5202f31-a6d8-4f16-bc20-e7f761e17151" testId="b75fb83c-335f-c4a6-1eb4-272ad4739498" testName="VideoOS.IdentityServer.UnitTests.Repositories.VmsUserManagerTests.GetLogins_UsingProviderOnly_LoginsReturned" computerName="DKSR-EFI-04" duration="00:00:00.0038741" startTime="2023-12-22T09:34:33.9502706+01:00" endTime="2023-12-22T09:34:33.9502708+01:00" testType="13cdc9d9-ddb5-4fa4-a97d-d965ccfc6d4b" outcome="Passed" testListId="8c84fa94-04c1-424b-9868-57a2d4851a1d" relativeResultsDirectory="a5202f31-a6d8-4f16-bc20-e7f761e17151" />
    <UnitTestResult executionId="0b765dfd-2dec-4d95-898d-8bda72250fd7" testId="099c2cc4-9649-b53a-17b6-e9c80e929555" testName="VideoOS.IdentityServer.UnitTests.Model.ErrorResponseTests.SetErrors_SetWithNotAllowedError_ErrorsContainNoElements(blackListedError: ApiError { Code = &quot;PasswordMismatch&quot;, Description = &quot;Incorrect password.&quot; })" computerName="DKSR-EFI-04" duration="00:00:00.0003624" startTime="2023-12-22T09:34:32.6428248+01:00" endTime="2023-12-22T09:34:32.6428250+01:00" testType="13cdc9d9-ddb5-4fa4-a97d-d965ccfc6d4b" outcome="Passed" testListId="8c84fa94-04c1-424b-9868-57a2d4851a1d" relativeResultsDirectory="0b765dfd-2dec-4d95-898d-8bda72250fd7" />
    <UnitTestResult executionId="77dc41a8-56c0-4fee-baa9-b0f9469e5eae" testId="f254dd66-bf9e-9655-0d51-85c7a35aad72" testName="VideoOS.IdentityServer.UnitTests.Model.Result.ErrorTests.Error_CreationWithCustomDescription_ShouldHaveCustomDescription" computerName="DKSR-EFI-04" duration="00:00:00.0001719" startTime="2023-12-22T09:34:32.6866303+01:00" endTime="2023-12-22T09:34:32.6866304+01:00" testType="13cdc9d9-ddb5-4fa4-a97d-d965ccfc6d4b" outcome="Passed" testListId="8c84fa94-04c1-424b-9868-57a2d4851a1d" relativeResultsDirectory="77dc41a8-56c0-4fee-baa9-b0f9469e5eae" />
    <UnitTestResult executionId="65e8b09e-af63-48b9-a6cb-af928a6487f5" testId="88de0f63-ba78-57ec-2506-bc07443ca376" testName="VideoOS.IdentityServer.UnitTests.Middleware.ApiDisableStatusCodeFeatureMiddlewareTests.InvokeAsync_RequestNotApi_DelegateRun" computerName="DKSR-EFI-04" duration="00:00:00.0020651" startTime="2023-12-22T09:34:33.0836233+01:00" endTime="2023-12-22T09:34:33.0836237+01:00" testType="13cdc9d9-ddb5-4fa4-a97d-d965ccfc6d4b" outcome="Passed" testListId="8c84fa94-04c1-424b-9868-57a2d4851a1d" relativeResultsDirectory="65e8b09e-af63-48b9-a6cb-af928a6487f5" />
    <UnitTestResult executionId="d7a00c35-4083-4c46-8f0b-08d1efb376b5" testId="ca4e076f-26ca-800e-cace-65cc67d85c78" testName="VideoOS.IdentityServer.UnitTests.Controllers.TrustedIssuersControllerTests.Get_TrustedIssuerById_TrustedIssuerIsReturned" computerName="DKSR-EFI-04" duration="00:00:00.0039989" startTime="2023-12-22T09:34:32.3478100+01:00" endTime="2023-12-22T09:34:32.3478101+01:00" testType="13cdc9d9-ddb5-4fa4-a97d-d965ccfc6d4b" outcome="Passed" testListId="8c84fa94-04c1-424b-9868-57a2d4851a1d" relativeResultsDirectory="d7a00c35-4083-4c46-8f0b-08d1efb376b5" />
    <UnitTestResult executionId="84ee387c-7515-42fa-90f7-554332c6861d" testId="e818b1a2-e1c4-6691-71e3-65849a1507e6" testName="VideoOS.IdentityServer.UnitTests.Services.WellKnownConfigurationRetriever.WellKnownConfigurationRetrieverTests.GetWellKnownConfiguration_DiscoveryDocumentError_ReturnsErrorResult" computerName="DKSR-EFI-04" duration="00:00:00.0023716" startTime="2023-12-22T09:34:32.9234361+01:00" endTime="2023-12-22T09:34:32.9234365+01:00" testType="13cdc9d9-ddb5-4fa4-a97d-d965ccfc6d4b" outcome="Passed" testListId="8c84fa94-04c1-424b-9868-57a2d4851a1d" relativeResultsDirectory="84ee387c-7515-42fa-90f7-554332c6861d" />
    <UnitTestResult executionId="1e975d47-e8a9-4d22-8343-558fa2eec3aa" testId="93cfa45e-50b0-604c-c09c-2e5001172962" testName="VideoOS.IdentityServer.UnitTests.Repositories.VmsUserManagerTests.HasClaimChanged_InputOfUserAndExternalClaims_ExpectedOutcome(userClaims: [VmsUserClaim { ClaimType = &quot;name&quot;, ClaimValue = &quot;name&quot;, CreatedDate = 0001-01-01T00:00:00.0000000, Id = 0, LoginProvider = null, ... }, VmsUserClaim { ClaimType = &quot;test&quot;, ClaimValue = &quot;test&quot;, CreatedDate = 0001-01-01T00:00:00.0000000, Id = 0, LoginProvider = null, ... }, VmsUserClaim { ClaimType = &quot;test&quot;, ClaimValue = &quot;test1&quot;, CreatedDate = 0001-01-01T00:00:00.0000000, Id = 0, LoginProvider = null, ... }], externalClaims: [name: name1, test: newtest], expectedAddedIndex: [0, 1], expectedRemovedIndex: [0, 1, 2])" computerName="DKSR-EFI-04" duration="00:00:00.0000699" startTime="2023-12-22T09:34:33.8760766+01:00" endTime="2023-12-22T09:34:33.8760766+01:00" testType="13cdc9d9-ddb5-4fa4-a97d-d965ccfc6d4b" outcome="Passed" testListId="8c84fa94-04c1-424b-9868-57a2d4851a1d" relativeResultsDirectory="1e975d47-e8a9-4d22-8343-558fa2eec3aa" />
    <UnitTestResult executionId="c5ed7921-d02f-49bc-9118-f5aa40c3cfe5" testId="cfc7accd-2ffc-e599-985f-e81f83f1ff99" testName="VideoOS.IdentityServer.UnitTests.Controllers.ExternalProviderManagerTests.AddProvider_NoSecret_DoesNotConfigureProvider" computerName="DKSR-EFI-04" duration="00:00:00.0017999" startTime="2023-12-22T09:34:32.6295749+01:00" endTime="2023-12-22T09:34:32.6295750+01:00" testType="13cdc9d9-ddb5-4fa4-a97d-d965ccfc6d4b" outcome="Passed" testListId="8c84fa94-04c1-424b-9868-57a2d4851a1d" relativeResultsDirectory="c5ed7921-d02f-49bc-9118-f5aa40c3cfe5" />
    <UnitTestResult executionId="319d1a20-d71f-4dca-9b73-baf27de8ae9e" testId="dcfd8432-adf7-5236-cec9-8539318aaff2" testName="VideoOS.IdentityServer.UnitTests.Repositories.VmsUserManagerTests.CreateUserInternalAsync_WithClaims_ClaimsAdded" computerName="DKSR-EFI-04" duration="00:00:00.0590637" startTime="2023-12-22T09:34:33.9463261+01:00" endTime="2023-12-22T09:34:33.9463263+01:00" testType="13cdc9d9-ddb5-4fa4-a97d-d965ccfc6d4b" outcome="Passed" testListId="8c84fa94-04c1-424b-9868-57a2d4851a1d" relativeResultsDirectory="319d1a20-d71f-4dca-9b73-baf27de8ae9e" />
    <UnitTestResult executionId="a1299864-1b8b-4d7b-96aa-e9af3e2d0812" testId="3fdce964-b125-48a8-5647-b9bf4f10a233" testName="VideoOS.IdentityServer.UnitTests.Helper.ExpressionBuilderTests.FromString_DifferentQueriesWithAllowedSearchNames_ReturnsExpectedCount(query: &quot;number ge 4&quot;, expectedCount: 2, allowedSearchNames: [&quot;Number&quot;])" computerName="DKSR-EFI-04" duration="00:00:00.0006356" startTime="2023-12-22T09:34:32.1150552+01:00" endTime="2023-12-22T09:34:32.1150552+01:00" testType="13cdc9d9-ddb5-4fa4-a97d-d965ccfc6d4b" outcome="Passed" testListId="8c84fa94-04c1-424b-9868-57a2d4851a1d" relativeResultsDirectory="a1299864-1b8b-4d7b-96aa-e9af3e2d0812" />
    <UnitTestResult executionId="1ca559e7-4cc1-438f-b76d-56d5ff5c214b" testId="efff05e3-3b5a-b327-7cd0-0aaf390483f8" testName="VideoOS.IdentityServer.UnitTests.Model.Result.ResultTests.Failure_ShouldBeErrorWithOneError_WhenSingleErrorProvided" computerName="DKSR-EFI-04" duration="00:00:00.0037261" startTime="2023-12-22T09:34:32.7943788+01:00" endTime="2023-12-22T09:34:32.7943790+01:00" testType="13cdc9d9-ddb5-4fa4-a97d-d965ccfc6d4b" outcome="Passed" testListId="8c84fa94-04c1-424b-9868-57a2d4851a1d" relativeResultsDirectory="1ca559e7-4cc1-438f-b76d-56d5ff5c214b" />
    <UnitTestResult executionId="ef2ff813-7240-484f-911e-dc1bcb7ee3e8" testId="33d30ad4-3561-4a28-4f49-bcdce7341bfd" testName="VideoOS.IdentityServer.UnitTests.Helper.ExpressionBuilderTests.FromString_DifferentQueriesWithAllowedSearchNames_ReturnsExpectedCount(query: &quot;number lt 4&quot;, expectedCount: 3, allowedSearchNames: [&quot;Number&quot;])" computerName="DKSR-EFI-04" duration="00:00:00.0005906" startTime="2023-12-22T09:34:32.1256445+01:00" endTime="2023-12-22T09:34:32.1256447+01:00" testType="13cdc9d9-ddb5-4fa4-a97d-d965ccfc6d4b" outcome="Passed" testListId="8c84fa94-04c1-424b-9868-57a2d4851a1d" relativeResultsDirectory="ef2ff813-7240-484f-911e-dc1bcb7ee3e8" />
    <UnitTestResult executionId="35c96979-59e9-4251-a289-a021202d8dd1" testId="e926b7aa-0d60-f438-49eb-df0c89b7356d" testName="VideoOS.IdentityServer.UnitTests.Controllers.UsersControllerTests.Get_UserIsNotFound_ReturnUserNotFoundResult" computerName="DKSR-EFI-04" duration="00:00:00.0056026" startTime="2023-12-22T09:34:32.8890483+01:00" endTime="2023-12-22T09:34:32.8890485+01:00" testType="13cdc9d9-ddb5-4fa4-a97d-d965ccfc6d4b" outcome="Passed" testListId="8c84fa94-04c1-424b-9868-57a2d4851a1d" relativeResultsDirectory="35c96979-59e9-4251-a289-a021202d8dd1" />
    <UnitTestResult executionId="ea1476b4-7ffc-4bed-8e31-f3fb434accf7" testId="efe6e41e-f107-8576-56fa-4fe56f26d072" testName="VideoOS.IdentityServer.UnitTests.Helper.ExpressionBuilderTests.FromString_QueryIsNullOrEmpty_ThrowsArgumentException(query: &quot;&quot;)" computerName="DKSR-EFI-04" duration="00:00:00.0000372" startTime="2023-12-22T09:34:32.1332721+01:00" endTime="2023-12-22T09:34:32.1332722+01:00" testType="13cdc9d9-ddb5-4fa4-a97d-d965ccfc6d4b" outcome="Passed" testListId="8c84fa94-04c1-424b-9868-57a2d4851a1d" relativeResultsDirectory="ea1476b4-7ffc-4bed-8e31-f3fb434accf7" />
    <UnitTestResult executionId="c298be00-2bc9-40f6-ae65-1143895a28be" testId="d684d514-6ff7-26d9-ef45-6a901aa92573" testName="VideoOS.IdentityServer.UnitTests.Validators.PasswordValidatorTests.ValidateAsync_PasswordDoesNotMatch_Failure" computerName="DKSR-EFI-04" duration="00:00:00.0822528" startTime="2023-12-22T09:34:32.5290563+01:00" endTime="2023-12-22T09:34:32.5290564+01:00" testType="13cdc9d9-ddb5-4fa4-a97d-d965ccfc6d4b" outcome="Passed" testListId="8c84fa94-04c1-424b-9868-57a2d4851a1d" relativeResultsDirectory="c298be00-2bc9-40f6-ae65-1143895a28be" />
    <UnitTestResult executionId="56043f8a-e087-4af0-871c-bdc2f84790f5" testId="c0f52448-2499-65d8-37b3-2be993414d1d" testName="VideoOS.IdentityServer.UnitTests.Attributes.SIDAttributeTests.IsValid_IsCorrectSidFormat_ReturnsTrue(value: &quot;S-1-1-0&quot;)" computerName="DKSR-EFI-04" duration="00:00:00.0000049" startTime="2023-12-22T09:34:32.0659341+01:00" endTime="2023-12-22T09:34:32.0659342+01:00" testType="13cdc9d9-ddb5-4fa4-a97d-d965ccfc6d4b" outcome="Passed" testListId="8c84fa94-04c1-424b-9868-57a2d4851a1d" relativeResultsDirectory="56043f8a-e087-4af0-871c-bdc2f84790f5" />
    <UnitTestResult executionId="a1d26fc3-714e-42c9-bd25-035080137c52" testId="fc7d9da9-12c3-859d-7e0a-2f887e4ce1b8" testName="VideoOS.IdentityServer.UnitTests.Controllers.UsersControllerTests.Patch_UpdateFails_ReturnBadRequest" computerName="DKSR-EFI-04" duration="00:00:00.0121121" startTime="2023-12-22T09:34:33.0300112+01:00" endTime="2023-12-22T09:34:33.0300114+01:00" testType="13cdc9d9-ddb5-4fa4-a97d-d965ccfc6d4b" outcome="Passed" testListId="8c84fa94-04c1-424b-9868-57a2d4851a1d" relativeResultsDirectory="a1d26fc3-714e-42c9-bd25-035080137c52" />
    <UnitTestResult executionId="34e24d33-13ac-45f1-afde-e62b2eecff32" testId="054a59ea-182f-5736-1129-9e52b20b70d3" testName="VideoOS.IdentityServer.UnitTests.Pages.Account.LoginViewModelTests.ExternalProviders_OneExternalProvider_IsExternalLoginOnly" computerName="DKSR-EFI-04" duration="00:00:00.0008051" startTime="2023-12-22T09:34:33.3520270+01:00" endTime="2023-12-22T09:34:33.3520272+01:00" testType="13cdc9d9-ddb5-4fa4-a97d-d965ccfc6d4b" outcome="Passed" testListId="8c84fa94-04c1-424b-9868-57a2d4851a1d" relativeResultsDirectory="34e24d33-13ac-45f1-afde-e62b2eecff32" />
    <UnitTestResult executionId="26343389-5c8f-4597-b5c1-4ab31cb9c39f" testId="59ddccc5-1796-d0db-aa60-e975ef3b526d" testName="VideoOS.IdentityServer.UnitTests.Controllers.TrustedIssuersControllerTests.Get_TrustedIssuerByIdDoesNotExist_TrustedIssuerNotFoundError" computerName="DKSR-EFI-04" duration="00:00:00.0023029" startTime="2023-12-22T09:34:32.3538965+01:00" endTime="2023-12-22T09:34:32.3538967+01:00" testType="13cdc9d9-ddb5-4fa4-a97d-d965ccfc6d4b" outcome="Passed" testListId="8c84fa94-04c1-424b-9868-57a2d4851a1d" relativeResultsDirectory="26343389-5c8f-4597-b5c1-4ab31cb9c39f" />
    <UnitTestResult executionId="e29c118b-1339-45a7-88b0-dc70282584e5" testId="f20f88d2-f202-ea07-a9ea-ba84e7e02e5a" testName="VideoOS.IdentityServer.UnitTests.Services.UserProvisionerTests.CreateOrUpdateUser_SuccessfulAutoProvisioningUser_UserReturned" computerName="DKSR-EFI-04" duration="00:00:00.0067196" startTime="2023-12-22T09:34:34.2989037+01:00" endTime="2023-12-22T09:34:34.2989043+01:00" testType="13cdc9d9-ddb5-4fa4-a97d-d965ccfc6d4b" outcome="Passed" testListId="8c84fa94-04c1-424b-9868-57a2d4851a1d" relativeResultsDirectory="e29c118b-1339-45a7-88b0-dc70282584e5" />
    <UnitTestResult executionId="7d90c41c-7d9c-4b69-9711-6ff679a062e5" testId="46f0f36c-7d3e-9fc6-0e91-a8eb7e670908" testName="VideoOS.IdentityServer.UnitTests.Controllers.ExternalProviderManagerTests.RemoveProvider_LoginProvider_Exists_RemovesProviderConfiguration" computerName="DKSR-EFI-04" duration="00:00:00.0058698" startTime="2023-12-22T09:34:32.5289937+01:00" endTime="2023-12-22T09:34:32.5289942+01:00" testType="13cdc9d9-ddb5-4fa4-a97d-d965ccfc6d4b" outcome="Passed" testListId="8c84fa94-04c1-424b-9868-57a2d4851a1d" relativeResultsDirectory="7d90c41c-7d9c-4b69-9711-6ff679a062e5" />
    <UnitTestResult executionId="3feaad39-6264-41fb-8cc0-f4558d3182cd" testId="726e7ea3-087e-6d58-bc91-81673a1be569" testName="VideoOS.IdentityServer.UnitTests.Services.WellKnownConfigurationRetriever.WellKnownConfigurationRetrieverTests.GetWellKnownConfiguration_WithoutExternalProviderUri_ReturnsErrorResult" computerName="DKSR-EFI-04" duration="00:00:00.1521379" startTime="2023-12-22T09:34:32.8392185+01:00" endTime="2023-12-22T09:34:32.8392189+01:00" testType="13cdc9d9-ddb5-4fa4-a97d-d965ccfc6d4b" outcome="Passed" testListId="8c84fa94-04c1-424b-9868-57a2d4851a1d" relativeResultsDirectory="3feaad39-6264-41fb-8cc0-f4558d3182cd" />
    <UnitTestResult executionId="564e52c5-b033-4d7a-9f8c-f80c081cfc4a" testId="ae3f62f7-e5b3-a8a3-5e08-b3e3c5abc5d8" testName="VideoOS.IdentityServer.UnitTests.Filters.IdentityExceptionFilterAttributeTests.OnException_ExceptionIsRedirected" computerName="DKSR-EFI-04" duration="00:00:00.0006330" startTime="2023-12-22T09:34:33.3536720+01:00" endTime="2023-12-22T09:34:33.3536722+01:00" testType="13cdc9d9-ddb5-4fa4-a97d-d965ccfc6d4b" outcome="Passed" testListId="8c84fa94-04c1-424b-9868-57a2d4851a1d" relativeResultsDirectory="564e52c5-b033-4d7a-9f8c-f80c081cfc4a" />
    <UnitTestResult executionId="ee94d19a-5f82-4feb-b4a9-ecde781c4d81" testId="37aab818-d8de-5e76-26b8-9c05be444d79" testName="VideoOS.IdentityServer.UnitTests.Pages.Account.LoginViewModelTests.ExternalProviders_LocalLogin_NotExternalLoginOnly" computerName="DKSR-EFI-04" duration="00:00:00.0001391" startTime="2023-12-22T09:34:33.3522187+01:00" endTime="2023-12-22T09:34:33.3522188+01:00" testType="13cdc9d9-ddb5-4fa4-a97d-d965ccfc6d4b" outcome="Passed" testListId="8c84fa94-04c1-424b-9868-57a2d4851a1d" relativeResultsDirectory="ee94d19a-5f82-4feb-b4a9-ecde781c4d81" />
    <UnitTestResult executionId="e7ba93af-cc93-4b83-8d49-d5883787bc13" testId="f1dd52a8-3970-8b00-915d-53f41e6de369" testName="VideoOS.IdentityServer.UnitTests.Attributes.DisallowCharacterAttributeTests.IsValid_ContainsOnlyAllowedCharacters_ReturnsTrue(value: &quot;testUser123&quot;)" computerName="DKSR-EFI-04" duration="00:00:00.0000037" startTime="2023-12-22T09:34:32.2883438+01:00" endTime="2023-12-22T09:34:32.2883439+01:00" testType="13cdc9d9-ddb5-4fa4-a97d-d965ccfc6d4b" outcome="Passed" testListId="8c84fa94-04c1-424b-9868-57a2d4851a1d" relativeResultsDirectory="e7ba93af-cc93-4b83-8d49-d5883787bc13" />
    <UnitTestResult executionId="9d5f69af-da5b-4610-9a6c-7ac3f250c700" testId="c285aa96-6560-5b1c-5ee3-ecc88bb64559" testName="VideoOS.IdentityServer.UnitTests.Filters.CheckModelForNullAttributeTests.OnActionExecuting_ActionArgumentsIsEmpty_ResultIsNotSet" computerName="DKSR-EFI-04" duration="00:00:00.0003184" startTime="2023-12-22T09:34:33.0506422+01:00" endTime="2023-12-22T09:34:33.0506422+01:00" testType="13cdc9d9-ddb5-4fa4-a97d-d965ccfc6d4b" outcome="Passed" testListId="8c84fa94-04c1-424b-9868-57a2d4851a1d" relativeResultsDirectory="9d5f69af-da5b-4610-9a6c-7ac3f250c700" />
    <UnitTestResult executionId="4db621b3-a690-4a4b-906a-909950dc74d9" testId="454207ce-e227-03f9-a503-fae7cc260b73" testName="VideoOS.IdentityServer.UnitTests.Controllers.AdminIdentityControllerTests.Delete_AdminIdentityDoesExist_AdminIdentityDeleted" computerName="DKSR-EFI-04" duration="00:00:00.0022823" startTime="2023-12-22T09:34:33.4362231+01:00" endTime="2023-12-22T09:34:33.4362234+01:00" testType="13cdc9d9-ddb5-4fa4-a97d-d965ccfc6d4b" outcome="Passed" testListId="8c84fa94-04c1-424b-9868-57a2d4851a1d" relativeResultsDirectory="4db621b3-a690-4a4b-906a-909950dc74d9" />
    <UnitTestResult executionId="e58f37b6-4a07-40ea-8a4d-efb4009a26b2" testId="325340e9-20ac-29ae-a6eb-326801d899cc" testName="VideoOS.IdentityServer.UnitTests.Middleware.CultureMiddlewareTests.InvokeAsync_Providers_NoCulture" computerName="DKSR-EFI-04" duration="00:00:00.0024024" startTime="2023-12-22T09:34:32.3081376+01:00" endTime="2023-12-22T09:34:32.3081378+01:00" testType="13cdc9d9-ddb5-4fa4-a97d-d965ccfc6d4b" outcome="Passed" testListId="8c84fa94-04c1-424b-9868-57a2d4851a1d" relativeResultsDirectory="e58f37b6-4a07-40ea-8a4d-efb4009a26b2" />
    <UnitTestResult executionId="d69a7e73-002c-4db8-907f-3030b32cfb73" testId="bd4d040a-362e-315d-9db8-79afcca6e531" testName="VideoOS.IdentityServer.UnitTests.Controllers.ScopesControllerTests.GetScopes_ScopesFromParameter_ReturnsOkResultWithScopes(scopes: [&quot;a&quot;, &quot;b&quot;, &quot;c&quot;])" computerName="DKSR-EFI-04" duration="00:00:00.0002774" startTime="2023-12-22T09:34:32.7863672+01:00" endTime="2023-12-22T09:34:32.7863674+01:00" testType="13cdc9d9-ddb5-4fa4-a97d-d965ccfc6d4b" outcome="Passed" testListId="8c84fa94-04c1-424b-9868-57a2d4851a1d" relativeResultsDirectory="d69a7e73-002c-4db8-907f-3030b32cfb73" />
    <UnitTestResult executionId="5af0138c-af4a-4751-ba9e-885a7f1c6e81" testId="0183fccb-d77a-a03a-5714-d0062038a2df" testName="VideoOS.IdentityServer.UnitTests.Controllers.UsersControllerTests.Patch_PasswordUpdatesAreSentForUserWithExternalLogin_ReturnBadRequest(patchDoc: JsonPatchDocument`1 { ContractResolver = DefaultContractResolver { DefaultMembersSearchFlags = Instance | Public, DynamicCodeGeneration = False, IgnoreIsSpecifiedMembers = False, IgnoreSerializableAttribute = True, IgnoreSerializableInterface = False, ... }, Operations = [Operation`1 { ... }] })" computerName="DKSR-EFI-04" duration="00:00:00.0059359" startTime="2023-12-22T09:34:32.7996815+01:00" endTime="2023-12-22T09:34:32.7996818+01:00" testType="13cdc9d9-ddb5-4fa4-a97d-d965ccfc6d4b" outcome="Passed" testListId="8c84fa94-04c1-424b-9868-57a2d4851a1d" relativeResultsDirectory="5af0138c-af4a-4751-ba9e-885a7f1c6e81" />
    <UnitTestResult executionId="e412e509-c936-4bae-9f94-23e7a961505a" testId="c4f9ff86-5734-0f3a-d18e-ebe9e44a2911" testName="VideoOS.IdentityServer.UnitTests.Services.UserProvisionerTests.CreateOrUpdateUser_NoIdpClaim_ProviderEqualScheme" computerName="DKSR-EFI-04" duration="00:00:00.0080862" startTime="2023-12-22T09:34:34.1328202+01:00" endTime="2023-12-22T09:34:34.1328206+01:00" testType="13cdc9d9-ddb5-4fa4-a97d-d965ccfc6d4b" outcome="Passed" testListId="8c84fa94-04c1-424b-9868-57a2d4851a1d" relativeResultsDirectory="e412e509-c936-4bae-9f94-23e7a961505a" />
    <UnitTestResult executionId="975e0696-81b5-4f65-8fee-2e732b979fc8" testId="889e6f9b-0246-8302-3a49-afd2bfd230d1" testName="VideoOS.IdentityServer.UnitTests.Services.PasswordValidationTests.RegExBuild(minLength: 8, maxLength: 15, lowerCase: True, upperCase: True, digit: True, specialChar: True, uniqueCharacters: 5, testData: [[Milestonesys!1, True], [Milestonesys!12345, False], [Milestonesys!, False], [Milestonesys1, False], [milestonesys!1, False], ...])" computerName="DKSR-EFI-04" duration="00:00:00.0234755" startTime="2023-12-22T09:34:32.2803160+01:00" endTime="2023-12-22T09:34:32.2803164+01:00" testType="13cdc9d9-ddb5-4fa4-a97d-d965ccfc6d4b" outcome="Passed" testListId="8c84fa94-04c1-424b-9868-57a2d4851a1d" relativeResultsDirectory="975e0696-81b5-4f65-8fee-2e732b979fc8" />
    <UnitTestResult executionId="46c6c5f9-f7c1-4216-bbaf-4a7d34b5cbf0" testId="4593cd33-2e03-9acc-1ca8-9687f0404b31" testName="VideoOS.IdentityServer.UnitTests.Attributes.DisallowCharacterAttributeTests.IsValid_ContainsDisallowedCharacters_ReturnsFalse(value: &quot;{bob}&quot;)" computerName="DKSR-EFI-04" duration="00:00:00.0000089" startTime="2023-12-22T09:34:32.2886242+01:00" endTime="2023-12-22T09:34:32.2886243+01:00" testType="13cdc9d9-ddb5-4fa4-a97d-d965ccfc6d4b" outcome="Passed" testListId="8c84fa94-04c1-424b-9868-57a2d4851a1d" relativeResultsDirectory="46c6c5f9-f7c1-4216-bbaf-4a7d34b5cbf0" />
    <UnitTestResult executionId="3c51a00e-cfd7-4090-ae5b-77cb1e6bfd29" testId="eba938f9-1de9-a6d2-1cc3-c22477755358" testName="VideoOS.IdentityServer.UnitTests.Repositories.VmsUserManagerTests.CreateUserInternalAsync_AddLoginInfoError_Failed" computerName="DKSR-EFI-04" duration="00:00:00.0126205" startTime="2023-12-22T09:34:33.3283564+01:00" endTime="2023-12-22T09:34:33.3283566+01:00" testType="13cdc9d9-ddb5-4fa4-a97d-d965ccfc6d4b" outcome="Passed" testListId="8c84fa94-04c1-424b-9868-57a2d4851a1d" relativeResultsDirectory="3c51a00e-cfd7-4090-ae5b-77cb1e6bfd29" />
    <UnitTestResult executionId="93958d9d-92e5-4b71-aa6b-6f0f580a14bc" testId="7f59dbcd-75fe-db1e-8ad0-2f58f53f04a1" testName="VideoOS.IdentityServer.UnitTests.Services.PasswordHasherWithLegacySupportTests.VerifyHashedPassword_CorrectPassword_Success" computerName="DKSR-EFI-04" duration="00:00:00.0254419" startTime="2023-12-22T09:34:33.3127561+01:00" endTime="2023-12-22T09:34:33.3127563+01:00" testType="13cdc9d9-ddb5-4fa4-a97d-d965ccfc6d4b" outcome="Passed" testListId="8c84fa94-04c1-424b-9868-57a2d4851a1d" relativeResultsDirectory="93958d9d-92e5-4b71-aa6b-6f0f580a14bc" />
    <UnitTestResult executionId="e8b93b1a-7ea1-441f-aa9b-886c37a37fc6" testId="cc6cc5d5-3a4d-b157-d5f3-1b1b3db88479" testName="VideoOS.IdentityServer.UnitTests.Services.UserProvisionerTests.CreateOrUpdateUser_NewUserNoPreferredNoNameNoFirst_Last" computerName="DKSR-EFI-04" duration="00:00:00.0088851" startTime="2023-12-22T09:34:34.2463257+01:00" endTime="2023-12-22T09:34:34.2463260+01:00" testType="13cdc9d9-ddb5-4fa4-a97d-d965ccfc6d4b" outcome="Passed" testListId="8c84fa94-04c1-424b-9868-57a2d4851a1d" relativeResultsDirectory="e8b93b1a-7ea1-441f-aa9b-886c37a37fc6" />
    <UnitTestResult executionId="a425ccaa-afc6-4982-9775-96a3a3116fd5" testId="43adfb70-1852-8758-f791-ff3f745050ab" testName="VideoOS.IdentityServer.UnitTests.Controllers.TrustedIssuersControllerTests.Post_TrustedIssuer_TrustedIssuersAdded" computerName="DKSR-EFI-04" duration="00:00:00.0044964" startTime="2023-12-22T09:34:32.3584783+01:00" endTime="2023-12-22T09:34:32.3584785+01:00" testType="13cdc9d9-ddb5-4fa4-a97d-d965ccfc6d4b" outcome="Passed" testListId="8c84fa94-04c1-424b-9868-57a2d4851a1d" relativeResultsDirectory="a425ccaa-afc6-4982-9775-96a3a3116fd5" />
    <UnitTestResult executionId="2602189a-0395-4239-94fd-edffdd380190" testId="69f352d7-7fe9-aeb4-1818-5444cf458f62" testName="VideoOS.IdentityServer.UnitTests.Services.ProfileServiceTests.GetProfileDataAsync_VmsUserWithIdpClaim_RequestedAndRequiredClaimFromIdp" computerName="DKSR-EFI-04" duration="00:00:00.0098730" startTime="2023-12-22T09:34:33.9057506+01:00" endTime="2023-12-22T09:34:33.9057508+01:00" testType="13cdc9d9-ddb5-4fa4-a97d-d965ccfc6d4b" outcome="Passed" testListId="8c84fa94-04c1-424b-9868-57a2d4851a1d" relativeResultsDirectory="2602189a-0395-4239-94fd-edffdd380190" />
    <UnitTestResult executionId="b1cd28e4-e3cc-4c3a-a1ae-b7aecde303f7" testId="c2138e76-9f7f-8d2f-2ac2-891c3e25ac1f" testName="VideoOS.IdentityServer.UnitTests.Controllers.ExternalProviderManagerTests.UpdateProvider_LoginProvider_NotEnabled_DontExists_DoesNothing" computerName="DKSR-EFI-04" duration="00:00:00.0022143" startTime="2023-12-22T09:34:32.6968924+01:00" endTime="2023-12-22T09:34:32.6968929+01:00" testType="13cdc9d9-ddb5-4fa4-a97d-d965ccfc6d4b" outcome="Passed" testListId="8c84fa94-04c1-424b-9868-57a2d4851a1d" relativeResultsDirectory="b1cd28e4-e3cc-4c3a-a1ae-b7aecde303f7" />
    <UnitTestResult executionId="7c369910-6248-43df-b3a4-6f09b1de85cc" testId="5e7f1967-19b9-699d-65df-1c953ee285e7" testName="VideoOS.IdentityServer.UnitTests.Attributes.MaxLengthUriAttributeTests.IsValid_ForUriValueGreaterThanMax_ReturnsError" computerName="DKSR-EFI-04" duration="00:00:00.0001955" startTime="2023-12-22T09:34:32.3112321+01:00" endTime="2023-12-22T09:34:32.3112323+01:00" testType="13cdc9d9-ddb5-4fa4-a97d-d965ccfc6d4b" outcome="Passed" testListId="8c84fa94-04c1-424b-9868-57a2d4851a1d" relativeResultsDirectory="7c369910-6248-43df-b3a4-6f09b1de85cc" />
    <UnitTestResult executionId="7aa4a9ac-9310-4309-8447-7beccc93b054" testId="8ede8484-1e67-a40d-1a4b-5a875507f93a" testName="VideoOS.IdentityServer.UnitTests.Controllers.UsersControllerTests.Patch_PasswordIsNotGoodEnough_ReturnBadRequest" computerName="DKSR-EFI-04" duration="00:00:00.0062950" startTime="2023-12-22T09:34:32.7848143+01:00" endTime="2023-12-22T09:34:32.7848145+01:00" testType="13cdc9d9-ddb5-4fa4-a97d-d965ccfc6d4b" outcome="Passed" testListId="8c84fa94-04c1-424b-9868-57a2d4851a1d" relativeResultsDirectory="7aa4a9ac-9310-4309-8447-7beccc93b054" />
    <UnitTestResult executionId="3b76e646-b7f1-497f-adb7-444546b86e42" testId="452784ba-aacc-ffe6-5b8d-b1163443f304" testName="VideoOS.IdentityServer.UnitTests.Model.Result.ResultTests.ImplicitConversion_ShouldBeErrorWithOneError_WhenSingleErrorProvided" computerName="DKSR-EFI-04" duration="00:00:00.0002242" startTime="2023-12-22T09:34:32.7969395+01:00" endTime="2023-12-22T09:34:32.7969397+01:00" testType="13cdc9d9-ddb5-4fa4-a97d-d965ccfc6d4b" outcome="Passed" testListId="8c84fa94-04c1-424b-9868-57a2d4851a1d" relativeResultsDirectory="3b76e646-b7f1-497f-adb7-444546b86e42" />
    <UnitTestResult executionId="8b133e43-f419-4053-986c-e4e93d901f12" testId="865331f5-7c91-bdd2-0d8a-285f3542c5e4" testName="VideoOS.IdentityServer.UnitTests.Services.ProfileServiceTests.IsActiveAsync_AuthenticationMethodIsNull_VmsUser" computerName="DKSR-EFI-04" duration="00:00:00.0028766" startTime="2023-12-22T09:34:33.9404880+01:00" endTime="2023-12-22T09:34:33.9404882+01:00" testType="13cdc9d9-ddb5-4fa4-a97d-d965ccfc6d4b" outcome="Passed" testListId="8c84fa94-04c1-424b-9868-57a2d4851a1d" relativeResultsDirectory="8b133e43-f419-4053-986c-e4e93d901f12" />
    <UnitTestResult executionId="d56ce050-06c3-4194-9a18-914612d95fa1" testId="9dc45e64-4511-e60b-b229-5c6fc36d1771" testName="VideoOS.IdentityServer.UnitTests.Controllers.UsersControllerTests.Patch_UserNotFound_ReturnNotFoundResult" computerName="DKSR-EFI-04" duration="00:00:00.0254973" startTime="2023-12-22T09:34:32.6686326+01:00" endTime="2023-12-22T09:34:32.6686329+01:00" testType="13cdc9d9-ddb5-4fa4-a97d-d965ccfc6d4b" outcome="Passed" testListId="8c84fa94-04c1-424b-9868-57a2d4851a1d" relativeResultsDirectory="d56ce050-06c3-4194-9a18-914612d95fa1" />
    <UnitTestResult executionId="5a80095d-9492-4c1b-8938-8ce89ddd87b2" testId="f3406bcb-028f-939e-eacc-5f1134271147" testName="VideoOS.IdentityServer.UnitTests.Helper.ExpressionBuilderTests.FromString_DifferentQueriesWithAllowedSearchNames_ReturnsExpectedCount(query: &quot;name eq a&quot;, expectedCount: 2, allowedSearchNames: [&quot;Name&quot;])" computerName="DKSR-EFI-04" duration="00:00:00.0008015" startTime="2023-12-22T09:34:32.1265104+01:00" endTime="2023-12-22T09:34:32.1265105+01:00" testType="13cdc9d9-ddb5-4fa4-a97d-d965ccfc6d4b" outcome="Passed" testListId="8c84fa94-04c1-424b-9868-57a2d4851a1d" relativeResultsDirectory="5a80095d-9492-4c1b-8938-8ce89ddd87b2" />
    <UnitTestResult executionId="4473cafc-8728-43fc-b165-3f7fb9e58a7c" testId="6efb504e-4ae8-2274-7967-1c3a08e9f2db" testName="VideoOS.IdentityServer.UnitTests.GrantValidators.WinAuthGrantValidatorTests.ValidateAsync_UserIsAdminIdentity_SuccessResultIsSet" computerName="DKSR-EFI-04" duration="00:00:00.0144854" startTime="2023-12-22T09:34:33.4067967+01:00" endTime="2023-12-22T09:34:33.4067970+01:00" testType="13cdc9d9-ddb5-4fa4-a97d-d965ccfc6d4b" outcome="Passed" testListId="8c84fa94-04c1-424b-9868-57a2d4851a1d" relativeResultsDirectory="4473cafc-8728-43fc-b165-3f7fb9e58a7c" />
    <UnitTestResult executionId="2b1ac748-57f7-45e4-ae5d-dd092294f7e5" testId="734f9566-cbc0-51b2-0263-6214f1a3d5ce" testName="VideoOS.IdentityServer.UnitTests.Attributes.DisallowCharacterAttributeTests.IsValid_ContainsDisallowedCharacters_ReturnsFalse(value: &quot;milestone\\fam&quot;)" computerName="DKSR-EFI-04" duration="00:00:00.0000048" startTime="2023-12-22T09:34:32.2904312+01:00" endTime="2023-12-22T09:34:32.2904312+01:00" testType="13cdc9d9-ddb5-4fa4-a97d-d965ccfc6d4b" outcome="Passed" testListId="8c84fa94-04c1-424b-9868-57a2d4851a1d" relativeResultsDirectory="2b1ac748-57f7-45e4-ae5d-dd092294f7e5" />
    <UnitTestResult executionId="d73b5f95-b7d2-48b8-8e3c-bd27f96561e8" testId="a18732da-0733-f277-254f-d26d899992fb" testName="VideoOS.IdentityServer.UnitTests.Controllers.BaseControllerTests.RoleNotFound_InvokeWithString_ReturnsResultWithErrorResponse" computerName="DKSR-EFI-04" duration="00:00:00.6346576" startTime="2023-12-22T09:34:33.9881172+01:00" endTime="2023-12-22T09:34:33.9881179+01:00" testType="13cdc9d9-ddb5-4fa4-a97d-d965ccfc6d4b" outcome="Passed" testListId="8c84fa94-04c1-424b-9868-57a2d4851a1d" relativeResultsDirectory="d73b5f95-b7d2-48b8-8e3c-bd27f96561e8" />
    <UnitTestResult executionId="fc5ccd54-6c37-4444-9b85-e2023fce5b64" testId="f6517591-3689-63fc-d500-3583198fed0d" testName="VideoOS.IdentityServer.UnitTests.Repositories.VmsUserManagerTests.IsUserLockedOut_LockoutEnd_NotExpired" computerName="DKSR-EFI-04" duration="00:00:00.0329221" startTime="2023-12-22T09:34:32.5406286+01:00" endTime="2023-12-22T09:34:32.5406290+01:00" testType="13cdc9d9-ddb5-4fa4-a97d-d965ccfc6d4b" outcome="Passed" testListId="8c84fa94-04c1-424b-9868-57a2d4851a1d" relativeResultsDirectory="fc5ccd54-6c37-4444-9b85-e2023fce5b64" />
    <UnitTestResult executionId="8b0ad634-9f00-4863-8a9b-1d4b147f75ff" testId="3fd21a6e-edee-a13a-0c5f-a3ec8d98d388" testName="VideoOS.IdentityServer.UnitTests.Services.DeleteEventLogHostedServiceTest.StopAsync_Called_TimerStopped" computerName="DKSR-EFI-04" duration="00:00:00.0015044" startTime="2023-12-22T09:34:34.2610440+01:00" endTime="2023-12-22T09:34:34.2610440+01:00" testType="13cdc9d9-ddb5-4fa4-a97d-d965ccfc6d4b" outcome="Passed" testListId="8c84fa94-04c1-424b-9868-57a2d4851a1d" relativeResultsDirectory="8b0ad634-9f00-4863-8a9b-1d4b147f75ff" />
    <UnitTestResult executionId="3e5ca744-138b-4652-963b-464f34cde4c7" testId="f089c3d9-d7a7-8fe8-6b31-2f96d60268c8" testName="VideoOS.IdentityServer.UnitTests.Validators.PasswordValidatorTests.ValidateAsync_PasswordIsNull_ThrowArgumentException" computerName="DKSR-EFI-04" duration="00:00:00.0009719" startTime="2023-12-22T09:34:32.5839229+01:00" endTime="2023-12-22T09:34:32.5839232+01:00" testType="13cdc9d9-ddb5-4fa4-a97d-d965ccfc6d4b" outcome="Passed" testListId="8c84fa94-04c1-424b-9868-57a2d4851a1d" relativeResultsDirectory="3e5ca744-138b-4652-963b-464f34cde4c7" />
    <UnitTestResult executionId="1b182600-f1ce-4b6b-9df5-c5cd9998ec07" testId="562a5e2f-1dc4-5ed5-76f9-9fbbb991c9a3" testName="VideoOS.IdentityServer.UnitTests.Controllers.AdminIdentityControllerTests.Post_AdminIdentityDoesNotExist_AdminIdentityCreated" computerName="DKSR-EFI-04" duration="00:00:00.0179255" startTime="2023-12-22T09:34:33.4304625+01:00" endTime="2023-12-22T09:34:33.4304629+01:00" testType="13cdc9d9-ddb5-4fa4-a97d-d965ccfc6d4b" outcome="Passed" testListId="8c84fa94-04c1-424b-9868-57a2d4851a1d" relativeResultsDirectory="1b182600-f1ce-4b6b-9df5-c5cd9998ec07" />
    <UnitTestResult executionId="f9916808-0cae-4906-9b58-07ddacba0102" testId="652efa43-6827-5751-0b78-2bbbfaca6803" testName="VideoOS.IdentityServer.UnitTests.Pages.External.LoginTests.OnGet_ReturnUrlIsNotValid_Error" computerName="DKSR-EFI-04" duration="00:00:00.0027804" startTime="2023-12-22T09:34:34.2317057+01:00" endTime="2023-12-22T09:34:34.2317059+01:00" testType="13cdc9d9-ddb5-4fa4-a97d-d965ccfc6d4b" outcome="Passed" testListId="8c84fa94-04c1-424b-9868-57a2d4851a1d" relativeResultsDirectory="f9916808-0cae-4906-9b58-07ddacba0102" />
    <UnitTestResult executionId="e70db1d5-618c-4fb8-a8ce-348839abdd29" testId="8efb1ec5-b7e8-b3c6-0ad4-6500f872cd9c" testName="VideoOS.IdentityServer.UnitTests.Helper.ConstantValueHelperTests.GetConstantValues_ConstantTypeDoesnotExist_NoValueReturned" computerName="DKSR-EFI-04" duration="00:00:00.0008565" startTime="2023-12-22T09:34:32.9155835+01:00" endTime="2023-12-22T09:34:32.9155835+01:00" testType="13cdc9d9-ddb5-4fa4-a97d-d965ccfc6d4b" outcome="Passed" testListId="8c84fa94-04c1-424b-9868-57a2d4851a1d" relativeResultsDirectory="e70db1d5-618c-4fb8-a8ce-348839abdd29" />
    <UnitTestResult executionId="f3d898e7-f8da-4765-8a30-635d99d01c32" testId="21586175-584b-4451-cebd-1ccf3d32985f" testName="VideoOS.IdentityServer.UnitTests.GrantValidators.TokenExchangeGrantValidatorTests.ValidateAsync_SubjectTokenTypeIsNotAccessToken_InvalidRequestReturned" computerName="DKSR-EFI-04" duration="00:00:00.0039401" startTime="2023-12-22T09:34:32.8987812+01:00" endTime="2023-12-22T09:34:32.8987814+01:00" testType="13cdc9d9-ddb5-4fa4-a97d-d965ccfc6d4b" outcome="Passed" testListId="8c84fa94-04c1-424b-9868-57a2d4851a1d" relativeResultsDirectory="f3d898e7-f8da-4765-8a30-635d99d01c32" />
    <UnitTestResult executionId="9c793fa6-eeb9-429c-875a-cb706a128a12" testId="234fab66-fa93-b8bf-27d2-973372feba11" testName="VideoOS.IdentityServer.UnitTests.Services.EventLogServiceTest.Log_IpAddressNotAvailable_StringEmpty" computerName="DKSR-EFI-04" duration="00:00:00.0025486" startTime="2023-12-22T09:34:33.3176951+01:00" endTime="2023-12-22T09:34:33.3176952+01:00" testType="13cdc9d9-ddb5-4fa4-a97d-d965ccfc6d4b" outcome="Passed" testListId="8c84fa94-04c1-424b-9868-57a2d4851a1d" relativeResultsDirectory="9c793fa6-eeb9-429c-875a-cb706a128a12" />
    <UnitTestResult executionId="8f9d4678-15ab-45e3-86be-094b687e33e4" testId="0d85d1a5-4587-cde5-d4f6-a2747cae77f0" testName="VideoOS.IdentityServer.UnitTests.Controllers.ExternalProvidersControllerTests.ExternalProviderController_ClassIsDecoratedWithAllowAnonymous" computerName="DKSR-EFI-04" duration="00:00:00.0002403" startTime="2023-12-22T09:34:32.3136282+01:00" endTime="2023-12-22T09:34:32.3136282+01:00" testType="13cdc9d9-ddb5-4fa4-a97d-d965ccfc6d4b" outcome="Passed" testListId="8c84fa94-04c1-424b-9868-57a2d4851a1d" relativeResultsDirectory="8f9d4678-15ab-45e3-86be-094b687e33e4" />
    <UnitTestResult executionId="175ea195-256d-42ae-a933-9bedcae3dbd1" testId="304d6567-2592-ea3e-227f-6d5fbe6f4a9a" testName="VideoOS.IdentityServer.UnitTests.Controllers.ExternalProviderManagerTests.UpdateProvider_LoginProvider_Enabled_AlreadyExists_RemovesAndAddsConfiguration" computerName="DKSR-EFI-04" duration="00:00:00.0068650" startTime="2023-12-22T09:34:32.6360813+01:00" endTime="2023-12-22T09:34:32.6360814+01:00" testType="13cdc9d9-ddb5-4fa4-a97d-d965ccfc6d4b" outcome="Passed" testListId="8c84fa94-04c1-424b-9868-57a2d4851a1d" relativeResultsDirectory="175ea195-256d-42ae-a933-9bedcae3dbd1" />
  </Results>
  <TestDefinitions>
    <UnitTest name="VideoOS.IdentityServer.UnitTests.Controllers.UsersControllerTests.Get_UserIsFoundWithClaimAndProvider_ReturnOkResultWithUserDto" storage="d:\actions-runner\_work\xpco\xpco\identityserver\videoos.identityserver.unittests\bin\debug\net6.0\win-x64\videoos.identityserver.unittests.dll" id="2098fa07-0e88-c42b-6751-748860141601">
      <Execution id="06462872-940b-4418-8d64-81bfe39cf9e0" />
      <TestMethod codeBase="D:\actions-runner\_work\XPCO\XPCO\IdentityServer\VideoOS.IdentityServer.UnitTests\bin\Debug\net6.0\win-x64\VideoOS.IdentityServer.UnitTests.dll" adapterTypeName="executor://xunit/VsTestRunner2/netcoreapp" className="VideoOS.IdentityServer.UnitTests.Controllers.UsersControllerTests" name="Get_UserIsFoundWithClaimAndProvider_ReturnOkResultWithUserDto" />
    </UnitTest>
    <UnitTest name="VideoOS.IdentityServer.UnitTests.Pages.ErrorTests.OnGetAsync_RequestIsNotOnApiPath_DisplayCorrectErrorCodeAndShowFooter(httpStatusCode: NotFound, expectedErrorCodeMessage: &quot;PageNotFound&quot;, expectedShowFooter: False)" storage="d:\actions-runner\_work\xpco\xpco\identityserver\videoos.identityserver.unittests\bin\debug\net6.0\win-x64\videoos.identityserver.unittests.dll" id="d35acd00-2480-6a26-845c-4b07b64b1632">
      <Execution id="10f41e2a-c259-42b5-a346-def771261b9b" />
      <TestMethod codeBase="D:\actions-runner\_work\XPCO\XPCO\IdentityServer\VideoOS.IdentityServer.UnitTests\bin\Debug\net6.0\win-x64\VideoOS.IdentityServer.UnitTests.dll" adapterTypeName="executor://xunit/VsTestRunner2/netcoreapp" className="VideoOS.IdentityServer.UnitTests.Pages.ErrorTests" name="OnGetAsync_RequestIsNotOnApiPath_DisplayCorrectErrorCodeAndShowFooter" />
    </UnitTest>
    <UnitTest name="VideoOS.IdentityServer.UnitTests.Controllers.TrustedIssuersControllerTests.Delete_TrustedIssuerExists_TrustedIssuerDeleted" storage="d:\actions-runner\_work\xpco\xpco\identityserver\videoos.identityserver.unittests\bin\debug\net6.0\win-x64\videoos.identityserver.unittests.dll" id="e76a2e3b-0926-9f69-c216-95e505062603">
      <Execution id="edd14494-9a63-4b6c-b60a-6183932eaaec" />
      <TestMethod codeBase="D:\actions-runner\_work\XPCO\XPCO\IdentityServer\VideoOS.IdentityServer.UnitTests\bin\Debug\net6.0\win-x64\VideoOS.IdentityServer.UnitTests.dll" adapterTypeName="executor://xunit/VsTestRunner2/netcoreapp" className="VideoOS.IdentityServer.UnitTests.Controllers.TrustedIssuersControllerTests" name="Delete_TrustedIssuerExists_TrustedIssuerDeleted" />
    </UnitTest>
    <UnitTest name="VideoOS.IdentityServer.UnitTests.Controllers.UsersControllerTests.Patch_UpdatesAreSent_ReturnUpdatedUserDto" storage="d:\actions-runner\_work\xpco\xpco\identityserver\videoos.identityserver.unittests\bin\debug\net6.0\win-x64\videoos.identityserver.unittests.dll" id="0ba0d8ee-e084-2fae-4304-de087e848ec3">
      <Execution id="9c9649be-3add-455f-b9ca-8a7b54d45a66" />
      <TestMethod codeBase="D:\actions-runner\_work\XPCO\XPCO\IdentityServer\VideoOS.IdentityServer.UnitTests\bin\Debug\net6.0\win-x64\VideoOS.IdentityServer.UnitTests.dll" adapterTypeName="executor://xunit/VsTestRunner2/netcoreapp" className="VideoOS.IdentityServer.UnitTests.Controllers.UsersControllerTests" name="Patch_UpdatesAreSent_ReturnUpdatedUserDto" />
    </UnitTest>
    <UnitTest name="VideoOS.IdentityServer.UnitTests.NLogConfiguration.NLogConfiguratorTests.RemoveFilter_MultipleFiltersOfTypeFound_AllFiltersOfTypeRemoved" storage="d:\actions-runner\_work\xpco\xpco\identityserver\videoos.identityserver.unittests\bin\debug\net6.0\win-x64\videoos.identityserver.unittests.dll" id="76f95199-b523-5f95-e287-8c3c372bacef">
      <Execution id="30777991-c348-47ee-acc6-7094a6c88d3c" />
      <TestMethod codeBase="D:\actions-runner\_work\XPCO\XPCO\IdentityServer\VideoOS.IdentityServer.UnitTests\bin\Debug\net6.0\win-x64\VideoOS.IdentityServer.UnitTests.dll" adapterTypeName="executor://xunit/VsTestRunner2/netcoreapp" className="VideoOS.IdentityServer.UnitTests.NLogConfiguration.NLogConfiguratorTests" name="RemoveFilter_MultipleFiltersOfTypeFound_AllFiltersOfTypeRemoved" />
    </UnitTest>
    <UnitTest name="VideoOS.IdentityServer.UnitTests.Services.UserProvisionerTests.CreateOrUpdateUser_NewUserPreferred_PreferredUsername" storage="d:\actions-runner\_work\xpco\xpco\identityserver\videoos.identityserver.unittests\bin\debug\net6.0\win-x64\videoos.identityserver.unittests.dll" id="f9dbaf2d-8319-3cb6-d10e-e8e4da1e14d6">
      <Execution id="3c2ee413-4e09-4d54-a0b4-e81aac4caad1" />
      <TestMethod codeBase="D:\actions-runner\_work\XPCO\XPCO\IdentityServer\VideoOS.IdentityServer.UnitTests\bin\Debug\net6.0\win-x64\VideoOS.IdentityServer.UnitTests.dll" adapterTypeName="executor://xunit/VsTestRunner2/netcoreapp" className="VideoOS.IdentityServer.UnitTests.Services.UserProvisionerTests" name="CreateOrUpdateUser_NewUserPreferred_PreferredUsername" />
    </UnitTest>
    <UnitTest name="VideoOS.IdentityServer.UnitTests.Filters.RedirectAntiForgeryValidationFailedResultFilterTest.OnResultExecutionAsync_ResultNotAntiforgeryValidationFailedResult" storage="d:\actions-runner\_work\xpco\xpco\identityserver\videoos.identityserver.unittests\bin\debug\net6.0\win-x64\videoos.identityserver.unittests.dll" id="2b0d43ee-5a30-eeab-0382-8a8c5d521a0a">
      <Execution id="5e1ba2e1-f0bf-4b66-a891-7b110b53a618" />
      <TestMethod codeBase="D:\actions-runner\_work\XPCO\XPCO\IdentityServer\VideoOS.IdentityServer.UnitTests\bin\Debug\net6.0\win-x64\VideoOS.IdentityServer.UnitTests.dll" adapterTypeName="executor://xunit/VsTestRunner2/netcoreapp" className="VideoOS.IdentityServer.UnitTests.Filters.RedirectAntiForgeryValidationFailedResultFilterTest" name="OnResultExecutionAsync_ResultNotAntiforgeryValidationFailedResult" />
    </UnitTest>
    <UnitTest name="VideoOS.IdentityServer.UnitTests.Repositories.VmsUserManagerTests.ChangePasswordAsync_PasswordChangedUnSuccessful_ForcePasswordChangeNotReset" storage="d:\actions-runner\_work\xpco\xpco\identityserver\videoos.identityserver.unittests\bin\debug\net6.0\win-x64\videoos.identityserver.unittests.dll" id="8077f55b-866c-8b6a-e210-2bf14ffef320">
      <Execution id="7adf9945-477b-4f19-bb66-4e02c18666bd" />
      <TestMethod codeBase="D:\actions-runner\_work\XPCO\XPCO\IdentityServer\VideoOS.IdentityServer.UnitTests\bin\Debug\net6.0\win-x64\VideoOS.IdentityServer.UnitTests.dll" adapterTypeName="executor://xunit/VsTestRunner2/netcoreapp" className="VideoOS.IdentityServer.UnitTests.Repositories.VmsUserManagerTests" name="ChangePasswordAsync_PasswordChangedUnSuccessful_ForcePasswordChangeNotReset" />
    </UnitTest>
    <UnitTest name="VideoOS.IdentityServer.UnitTests.Repositories.VmsUserManagerTests.CreateUserInternalAsync_WithLoginInfo_LoginInfoAdded" storage="d:\actions-runner\_work\xpco\xpco\identityserver\videoos.identityserver.unittests\bin\debug\net6.0\win-x64\videoos.identityserver.unittests.dll" id="6e8e25c7-63cf-5e6a-6ab4-b39d8c6c18f8">
      <Execution id="9633942f-2caf-490a-a7b9-ea60d292db93" />
      <TestMethod codeBase="D:\actions-runner\_work\XPCO\XPCO\IdentityServer\VideoOS.IdentityServer.UnitTests\bin\Debug\net6.0\win-x64\VideoOS.IdentityServer.UnitTests.dll" adapterTypeName="executor://xunit/VsTestRunner2/netcoreapp" className="VideoOS.IdentityServer.UnitTests.Repositories.VmsUserManagerTests" name="CreateUserInternalAsync_WithLoginInfo_LoginInfoAdded" />
    </UnitTest>
    <UnitTest name="VideoOS.IdentityServer.UnitTests.Controllers.AdminIdentityControllerTests.Delete_AdminIdentityDoesNotExist_AdminIdentityNotFoundError" storage="d:\actions-runner\_work\xpco\xpco\identityserver\videoos.identityserver.unittests\bin\debug\net6.0\win-x64\videoos.identityserver.unittests.dll" id="efa8a8ad-4c39-271b-053b-041e97cad04b">
      <Execution id="0ef331b5-63ee-4b62-aec5-4cc8a4a22920" />
      <TestMethod codeBase="D:\actions-runner\_work\XPCO\XPCO\IdentityServer\VideoOS.IdentityServer.UnitTests\bin\Debug\net6.0\win-x64\VideoOS.IdentityServer.UnitTests.dll" adapterTypeName="executor://xunit/VsTestRunner2/netcoreapp" className="VideoOS.IdentityServer.UnitTests.Controllers.AdminIdentityControllerTests" name="Delete_AdminIdentityDoesNotExist_AdminIdentityNotFoundError" />
    </UnitTest>
    <UnitTest name="VideoOS.IdentityServer.UnitTests.Validators.PasswordValidatorTests.ValidateAsync_PasswordIsMatchButTheSameAsOld_Failure" storage="d:\actions-runner\_work\xpco\xpco\identityserver\videoos.identityserver.unittests\bin\debug\net6.0\win-x64\videoos.identityserver.unittests.dll" id="792d04f1-cdf3-a8f4-9e01-3aa112fc487d">
      <Execution id="b4523f8b-a2be-4eb0-a3b8-9fec51dbe4a0" />
      <TestMethod codeBase="D:\actions-runner\_work\XPCO\XPCO\IdentityServer\VideoOS.IdentityServer.UnitTests\bin\Debug\net6.0\win-x64\VideoOS.IdentityServer.UnitTests.dll" adapterTypeName="executor://xunit/VsTestRunner2/netcoreapp" className="VideoOS.IdentityServer.UnitTests.Validators.PasswordValidatorTests" name="ValidateAsync_PasswordIsMatchButTheSameAsOld_Failure" />
    </UnitTest>
    <UnitTest name="VideoOS.IdentityServer.UnitTests.Controllers.UsersControllerTests.Get_UserIsNotFound_ReturnUserNotFoundResult" storage="d:\actions-runner\_work\xpco\xpco\identityserver\videoos.identityserver.unittests\bin\debug\net6.0\win-x64\videoos.identityserver.unittests.dll" id="e926b7aa-0d60-f438-49eb-df0c89b7356d">
      <Execution id="35c96979-59e9-4251-a289-a021202d8dd1" />
      <TestMethod codeBase="D:\actions-runner\_work\XPCO\XPCO\IdentityServer\VideoOS.IdentityServer.UnitTests\bin\Debug\net6.0\win-x64\VideoOS.IdentityServer.UnitTests.dll" adapterTypeName="executor://xunit/VsTestRunner2/netcoreapp" className="VideoOS.IdentityServer.UnitTests.Controllers.UsersControllerTests" name="Get_UserIsNotFound_ReturnUserNotFoundResult" />
    </UnitTest>
    <UnitTest name="VideoOS.IdentityServer.UnitTests.NLogConfiguration.NLogConfiguratorTests.RemoveFilter_FilterFound_FilterRemoved" storage="d:\actions-runner\_work\xpco\xpco\identityserver\videoos.identityserver.unittests\bin\debug\net6.0\win-x64\videoos.identityserver.unittests.dll" id="3e1add04-de3f-c9f0-b251-36e0ce7c9141">
      <Execution id="bc076d57-168f-4f66-871b-5720549e5445" />
      <TestMethod codeBase="D:\actions-runner\_work\XPCO\XPCO\IdentityServer\VideoOS.IdentityServer.UnitTests\bin\Debug\net6.0\win-x64\VideoOS.IdentityServer.UnitTests.dll" adapterTypeName="executor://xunit/VsTestRunner2/netcoreapp" className="VideoOS.IdentityServer.UnitTests.NLogConfiguration.NLogConfiguratorTests" name="RemoveFilter_FilterFound_FilterRemoved" />
    </UnitTest>
    <UnitTest name="VideoOS.IdentityServer.UnitTests.Attributes.DisallowCharacterAttributeTests.IsValid_ContainsDisallowedCharacters_ReturnsFalse(value: &quot;[testuser123]&quot;)" storage="d:\actions-runner\_work\xpco\xpco\identityserver\videoos.identityserver.unittests\bin\debug\net6.0\win-x64\videoos.identityserver.unittests.dll" id="9b11fbbf-e6b6-bf83-4a06-e41bb2807b4e">
      <Execution id="aa5ca8e2-ba68-4730-9627-3f578df9c6dc" />
      <TestMethod codeBase="D:\actions-runner\_work\XPCO\XPCO\IdentityServer\VideoOS.IdentityServer.UnitTests\bin\Debug\net6.0\win-x64\VideoOS.IdentityServer.UnitTests.dll" adapterTypeName="executor://xunit/VsTestRunner2/netcoreapp" className="VideoOS.IdentityServer.UnitTests.Attributes.DisallowCharacterAttributeTests" name="IsValid_ContainsDisallowedCharacters_ReturnsFalse" />
    </UnitTest>
    <UnitTest name="VideoOS.IdentityServer.UnitTests.Repositories.EventLogRepositoryTests.SaveChangesAsync_NewChanges_SaveChangesIsCalledOnDbContext" storage="d:\actions-runner\_work\xpco\xpco\identityserver\videoos.identityserver.unittests\bin\debug\net6.0\win-x64\videoos.identityserver.unittests.dll" id="79d67e59-7fbf-c07f-2150-4782871231d6">
      <Execution id="1e781ed8-104f-4a57-8faa-9b35fc735240" />
      <TestMethod codeBase="D:\actions-runner\_work\XPCO\XPCO\IdentityServer\VideoOS.IdentityServer.UnitTests\bin\Debug\net6.0\win-x64\VideoOS.IdentityServer.UnitTests.dll" adapterTypeName="executor://xunit/VsTestRunner2/netcoreapp" className="VideoOS.IdentityServer.UnitTests.Repositories.EventLogRepositoryTests" name="SaveChangesAsync_NewChanges_SaveChangesIsCalledOnDbContext" />
    </UnitTest>
    <UnitTest name="VideoOS.IdentityServer.UnitTests.GrantValidators.ResourceOwnerPasswordValidatorTests.ValidateAsync_UserCanSignIn_Success" storage="d:\actions-runner\_work\xpco\xpco\identityserver\videoos.identityserver.unittests\bin\debug\net6.0\win-x64\videoos.identityserver.unittests.dll" id="63bf71a7-1c76-c096-70d9-c487f1a1c964">
      <Execution id="19025ef5-fe39-492a-b693-b70be5e35236" />
      <TestMethod codeBase="D:\actions-runner\_work\XPCO\XPCO\IdentityServer\VideoOS.IdentityServer.UnitTests\bin\Debug\net6.0\win-x64\VideoOS.IdentityServer.UnitTests.dll" adapterTypeName="executor://xunit/VsTestRunner2/netcoreapp" className="VideoOS.IdentityServer.UnitTests.GrantValidators.ResourceOwnerPasswordValidatorTests" name="ValidateAsync_UserCanSignIn_Success" />
    </UnitTest>
    <UnitTest name="VideoOS.IdentityServer.UnitTests.Controllers.ScopesControllerTests.GetScopes_ScopesFromParameter_ReturnsOkResultWithScopes(scopes: [&quot;a&quot;, &quot;b&quot;, &quot;c&quot;])" storage="d:\actions-runner\_work\xpco\xpco\identityserver\videoos.identityserver.unittests\bin\debug\net6.0\win-x64\videoos.identityserver.unittests.dll" id="bd4d040a-362e-315d-9db8-79afcca6e531">
      <Execution id="d69a7e73-002c-4db8-907f-3030b32cfb73" />
      <TestMethod codeBase="D:\actions-runner\_work\XPCO\XPCO\IdentityServer\VideoOS.IdentityServer.UnitTests\bin\Debug\net6.0\win-x64\VideoOS.IdentityServer.UnitTests.dll" adapterTypeName="executor://xunit/VsTestRunner2/netcoreapp" className="VideoOS.IdentityServer.UnitTests.Controllers.ScopesControllerTests" name="GetScopes_ScopesFromParameter_ReturnsOkResultWithScopes" />
    </UnitTest>
    <UnitTest name="VideoOS.IdentityServer.UnitTests.Controllers.LoginsControllerTests.DeleteLogin_WithOutFilterParameters_NotAllowedReturned" storage="d:\actions-runner\_work\xpco\xpco\identityserver\videoos.identityserver.unittests\bin\debug\net6.0\win-x64\videoos.identityserver.unittests.dll" id="3c28b699-7e42-a387-ebec-ae8f09e7595c">
      <Execution id="0331906e-e8a0-44c8-b792-cc1983c45a84" />
      <TestMethod codeBase="D:\actions-runner\_work\XPCO\XPCO\IdentityServer\VideoOS.IdentityServer.UnitTests\bin\Debug\net6.0\win-x64\VideoOS.IdentityServer.UnitTests.dll" adapterTypeName="executor://xunit/VsTestRunner2/netcoreapp" className="VideoOS.IdentityServer.UnitTests.Controllers.LoginsControllerTests" name="DeleteLogin_WithOutFilterParameters_NotAllowedReturned" />
    </UnitTest>
    <UnitTest name="VideoOS.IdentityServer.UnitTests.Attributes.SIDAttributeTests.IsValid_IsNotCorrectSidFormat_ReturnsFalse(value: &quot;abc&quot;)" storage="d:\actions-runner\_work\xpco\xpco\identityserver\videoos.identityserver.unittests\bin\debug\net6.0\win-x64\videoos.identityserver.unittests.dll" id="3f520ac0-c8cd-5212-c1e5-a71c6ce7b1d8">
      <Execution id="1924a981-ab16-41aa-ab96-2a7ebcfc3bc8" />
      <TestMethod codeBase="D:\actions-runner\_work\XPCO\XPCO\IdentityServer\VideoOS.IdentityServer.UnitTests\bin\Debug\net6.0\win-x64\VideoOS.IdentityServer.UnitTests.dll" adapterTypeName="executor://xunit/VsTestRunner2/netcoreapp" className="VideoOS.IdentityServer.UnitTests.Attributes.SIDAttributeTests" name="IsValid_IsNotCorrectSidFormat_ReturnsFalse" />
    </UnitTest>
    <UnitTest name="VideoOS.IdentityServer.UnitTests.Helper.ExpressionBuilderTests.FromString_DifferentQueriesWithAllowedSearchNames_ReturnsExpectedCount(query: &quot;time gt 1000-1-1&quot;, expectedCount: 3, allowedSearchNames: [&quot;Time&quot;])" storage="d:\actions-runner\_work\xpco\xpco\identityserver\videoos.identityserver.unittests\bin\debug\net6.0\win-x64\videoos.identityserver.unittests.dll" id="2bce7dd0-b1a6-dec2-bec3-b5fa8c6f5870">
      <Execution id="5342eeb6-4cd0-4ac6-a46d-641740583110" />
      <TestMethod codeBase="D:\actions-runner\_work\XPCO\XPCO\IdentityServer\VideoOS.IdentityServer.UnitTests\bin\Debug\net6.0\win-x64\VideoOS.IdentityServer.UnitTests.dll" adapterTypeName="executor://xunit/VsTestRunner2/netcoreapp" className="VideoOS.IdentityServer.UnitTests.Helper.ExpressionBuilderTests" name="FromString_DifferentQueriesWithAllowedSearchNames_ReturnsExpectedCount" />
    </UnitTest>
    <UnitTest name="VideoOS.IdentityServer.UnitTests.Controllers.BaseControllerTests.BadRequest_InvokeParameterLess_ThrowsNotImplementedException" storage="d:\actions-runner\_work\xpco\xpco\identityserver\videoos.identityserver.unittests\bin\debug\net6.0\win-x64\videoos.identityserver.unittests.dll" id="fd525cc0-7096-f2ae-e8d9-24ea20fe7cfe">
      <Execution id="0e3ba43b-126a-43f8-8cb0-ea1791caf011" />
      <TestMethod codeBase="D:\actions-runner\_work\XPCO\XPCO\IdentityServer\VideoOS.IdentityServer.UnitTests\bin\Debug\net6.0\win-x64\VideoOS.IdentityServer.UnitTests.dll" adapterTypeName="executor://xunit/VsTestRunner2/netcoreapp" className="VideoOS.IdentityServer.UnitTests.Controllers.BaseControllerTests" name="BadRequest_InvokeParameterLess_ThrowsNotImplementedException" />
    </UnitTest>
    <UnitTest name="VideoOS.IdentityServer.UnitTests.Controllers.BaseControllerTests.RoleNotFound_InvokeWithString_ReturnsResultWithErrorResponse" storage="d:\actions-runner\_work\xpco\xpco\identityserver\videoos.identityserver.unittests\bin\debug\net6.0\win-x64\videoos.identityserver.unittests.dll" id="a18732da-0733-f277-254f-d26d899992fb">
      <Execution id="d73b5f95-b7d2-48b8-8e3c-bd27f96561e8" />
      <TestMethod codeBase="D:\actions-runner\_work\XPCO\XPCO\IdentityServer\VideoOS.IdentityServer.UnitTests\bin\Debug\net6.0\win-x64\VideoOS.IdentityServer.UnitTests.dll" adapterTypeName="executor://xunit/VsTestRunner2/netcoreapp" className="VideoOS.IdentityServer.UnitTests.Controllers.BaseControllerTests" name="RoleNotFound_InvokeWithString_ReturnsResultWithErrorResponse" />
    </UnitTest>
    <UnitTest name="VideoOS.IdentityServer.UnitTests.Attributes.DisallowCharacterAttributeTests.IsValid_ContainsOnlyAllowedCharacters_ReturnsTrue(value: &quot;testUser123&quot;)" storage="d:\actions-runner\_work\xpco\xpco\identityserver\videoos.identityserver.unittests\bin\debug\net6.0\win-x64\videoos.identityserver.unittests.dll" id="f1dd52a8-3970-8b00-915d-53f41e6de369">
      <Execution id="e7ba93af-cc93-4b83-8d49-d5883787bc13" />
      <TestMethod codeBase="D:\actions-runner\_work\XPCO\XPCO\IdentityServer\VideoOS.IdentityServer.UnitTests\bin\Debug\net6.0\win-x64\VideoOS.IdentityServer.UnitTests.dll" adapterTypeName="executor://xunit/VsTestRunner2/netcoreapp" className="VideoOS.IdentityServer.UnitTests.Attributes.DisallowCharacterAttributeTests" name="IsValid_ContainsOnlyAllowedCharacters_ReturnsTrue" />
    </UnitTest>
    <UnitTest name="VideoOS.IdentityServer.UnitTests.Services.UserProvisionerTests.CreateOrUpdateUser_NewUserNoPreferredNoName_Email" storage="d:\actions-runner\_work\xpco\xpco\identityserver\videoos.identityserver.unittests\bin\debug\net6.0\win-x64\videoos.identityserver.unittests.dll" id="2f335b89-37f3-f36a-5c93-c7b3e39d8a38">
      <Execution id="8f5289cf-03f3-46bd-907a-4a8ad33f8726" />
      <TestMethod codeBase="D:\actions-runner\_work\XPCO\XPCO\IdentityServer\VideoOS.IdentityServer.UnitTests\bin\Debug\net6.0\win-x64\VideoOS.IdentityServer.UnitTests.dll" adapterTypeName="executor://xunit/VsTestRunner2/netcoreapp" className="VideoOS.IdentityServer.UnitTests.Services.UserProvisionerTests" name="CreateOrUpdateUser_NewUserNoPreferredNoName_Email" />
    </UnitTest>
    <UnitTest name="VideoOS.IdentityServer.UnitTests.Controllers.ErrorControllerTests.Error_ProblemDetailsCreated_ProblemReturned" storage="d:\actions-runner\_work\xpco\xpco\identityserver\videoos.identityserver.unittests\bin\debug\net6.0\win-x64\videoos.identityserver.unittests.dll" id="5a0d5dfe-96bc-4a66-bdea-1ea02d9e96dd">
      <Execution id="39bd7e5c-5ec7-48df-970a-1376419c8bba" />
      <TestMethod codeBase="D:\actions-runner\_work\XPCO\XPCO\IdentityServer\VideoOS.IdentityServer.UnitTests\bin\Debug\net6.0\win-x64\VideoOS.IdentityServer.UnitTests.dll" adapterTypeName="executor://xunit/VsTestRunner2/netcoreapp" className="VideoOS.IdentityServer.UnitTests.Controllers.ErrorControllerTests" name="Error_ProblemDetailsCreated_ProblemReturned" />
    </UnitTest>
    <UnitTest name="VideoOS.IdentityServer.UnitTests.Services.PasswordValidationTests.RegExBuild" storage="d:\actions-runner\_work\xpco\xpco\identityserver\videoos.identityserver.unittests\bin\debug\net6.0\win-x64\videoos.identityserver.unittests.dll" id="889e6f9b-0246-8302-3a49-afd2bfd230d1">
      <Execution id="975e0696-81b5-4f65-8fee-2e732b979fc8" />
      <TestMethod codeBase="D:\actions-runner\_work\XPCO\XPCO\IdentityServer\VideoOS.IdentityServer.UnitTests\bin\Debug\net6.0\win-x64\VideoOS.IdentityServer.UnitTests.dll" adapterTypeName="executor://xunit/VsTestRunner2/netcoreapp" className="VideoOS.IdentityServer.UnitTests.Services.PasswordValidationTests" name="RegExBuild" />
    </UnitTest>
    <UnitTest name="VideoOS.IdentityServer.UnitTests.Helper.ArrayModelBinderTests.BindModelAsync_NotEnumerableType_Failed" storage="d:\actions-runner\_work\xpco\xpco\identityserver\videoos.identityserver.unittests\bin\debug\net6.0\win-x64\videoos.identityserver.unittests.dll" id="1e35a39e-d0e8-d4ab-bfb0-af910179f3e2">
      <Execution id="2ef0faae-d67b-4f3e-9c91-bd6faabc66f3" />
      <TestMethod codeBase="D:\actions-runner\_work\XPCO\XPCO\IdentityServer\VideoOS.IdentityServer.UnitTests\bin\Debug\net6.0\win-x64\VideoOS.IdentityServer.UnitTests.dll" adapterTypeName="executor://xunit/VsTestRunner2/netcoreapp" className="VideoOS.IdentityServer.UnitTests.Helper.ArrayModelBinderTests" name="BindModelAsync_NotEnumerableType_Failed" />
    </UnitTest>
    <UnitTest name="VideoOS.IdentityServer.UnitTests.Controllers.TrustedIssuersControllerTests.Put_TrustedIssuer_TrustedIssuersUpdated" storage="d:\actions-runner\_work\xpco\xpco\identityserver\videoos.identityserver.unittests\bin\debug\net6.0\win-x64\videoos.identityserver.unittests.dll" id="07e8a25f-7197-c209-719f-f588cfb085f1">
      <Execution id="3d4d1201-d77f-4331-842b-49f0642231d1" />
      <TestMethod codeBase="D:\actions-runner\_work\XPCO\XPCO\IdentityServer\VideoOS.IdentityServer.UnitTests\bin\Debug\net6.0\win-x64\VideoOS.IdentityServer.UnitTests.dll" adapterTypeName="executor://xunit/VsTestRunner2/netcoreapp" className="VideoOS.IdentityServer.UnitTests.Controllers.TrustedIssuersControllerTests" name="Put_TrustedIssuer_TrustedIssuersUpdated" />
    </UnitTest>
    <UnitTest name="VideoOS.IdentityServer.UnitTests.Controllers.EventLogsControllerTests.Get_CalledWithFilterAndPaginationParameters_CallsRepository" storage="d:\actions-runner\_work\xpco\xpco\identityserver\videoos.identityserver.unittests\bin\debug\net6.0\win-x64\videoos.identityserver.unittests.dll" id="7441f6f9-bcec-0df2-f536-62b5e6253144">
      <Execution id="b63ced66-ac5d-427b-acf9-333879fcbca5" />
      <TestMethod codeBase="D:\actions-runner\_work\XPCO\XPCO\IdentityServer\VideoOS.IdentityServer.UnitTests\bin\Debug\net6.0\win-x64\VideoOS.IdentityServer.UnitTests.dll" adapterTypeName="executor://xunit/VsTestRunner2/netcoreapp" className="VideoOS.IdentityServer.UnitTests.Controllers.EventLogsControllerTests" name="Get_CalledWithFilterAndPaginationParameters_CallsRepository" />
    </UnitTest>
    <UnitTest name="VideoOS.IdentityServer.UnitTests.Controllers.AdminIdentityControllerTests.Get_AdminIdentityNotFound_NotFoundError" storage="d:\actions-runner\_work\xpco\xpco\identityserver\videoos.identityserver.unittests\bin\debug\net6.0\win-x64\videoos.identityserver.unittests.dll" id="b18394c6-84c0-7182-e15a-0ec6b0ee5981">
      <Execution id="3bc991c4-bc91-4703-8e10-eaa5e82fc4b3" />
      <TestMethod codeBase="D:\actions-runner\_work\XPCO\XPCO\IdentityServer\VideoOS.IdentityServer.UnitTests\bin\Debug\net6.0\win-x64\VideoOS.IdentityServer.UnitTests.dll" adapterTypeName="executor://xunit/VsTestRunner2/netcoreapp" className="VideoOS.IdentityServer.UnitTests.Controllers.AdminIdentityControllerTests" name="Get_AdminIdentityNotFound_NotFoundError" />
    </UnitTest>
    <UnitTest name="VideoOS.IdentityServer.UnitTests.Controllers.ClientsControllerTests.RegisterClientAuthorizationCodeFlow_ClientExists_ClientIsUpdatedWithScopesNameAndRedirectUris" storage="d:\actions-runner\_work\xpco\xpco\identityserver\videoos.identityserver.unittests\bin\debug\net6.0\win-x64\videoos.identityserver.unittests.dll" id="920313dd-dbe4-45e4-85c7-ced5e63d5d71">
      <Execution id="37785c99-05b6-4ce4-b73d-87fa8c604d05" />
      <TestMethod codeBase="D:\actions-runner\_work\XPCO\XPCO\IdentityServer\VideoOS.IdentityServer.UnitTests\bin\Debug\net6.0\win-x64\VideoOS.IdentityServer.UnitTests.dll" adapterTypeName="executor://xunit/VsTestRunner2/netcoreapp" className="VideoOS.IdentityServer.UnitTests.Controllers.ClientsControllerTests" name="RegisterClientAuthorizationCodeFlow_ClientExists_ClientIsUpdatedWithScopesNameAndRedirectUris" />
    </UnitTest>
    <UnitTest name="VideoOS.IdentityServer.UnitTests.Filters.IdentityExceptionFilterAttributeTests.OnException_ExceptionIsRedirected" storage="d:\actions-runner\_work\xpco\xpco\identityserver\videoos.identityserver.unittests\bin\debug\net6.0\win-x64\videoos.identityserver.unittests.dll" id="ae3f62f7-e5b3-a8a3-5e08-b3e3c5abc5d8">
      <Execution id="564e52c5-b033-4d7a-9f8c-f80c081cfc4a" />
      <TestMethod codeBase="D:\actions-runner\_work\XPCO\XPCO\IdentityServer\VideoOS.IdentityServer.UnitTests\bin\Debug\net6.0\win-x64\VideoOS.IdentityServer.UnitTests.dll" adapterTypeName="executor://xunit/VsTestRunner2/netcoreapp" className="VideoOS.IdentityServer.UnitTests.Filters.IdentityExceptionFilterAttributeTests" name="OnException_ExceptionIsRedirected" />
    </UnitTest>
    <UnitTest name="VideoOS.IdentityServer.UnitTests.Controllers.LoginsControllerTests.AddLogin_UserNotFound_NotFoundResponse" storage="d:\actions-runner\_work\xpco\xpco\identityserver\videoos.identityserver.unittests\bin\debug\net6.0\win-x64\videoos.identityserver.unittests.dll" id="56a56574-d434-69ef-6d61-031b81bda2e8">
      <Execution id="333a2838-e1cd-4a61-b0cf-0522534c13d1" />
      <TestMethod codeBase="D:\actions-runner\_work\XPCO\XPCO\IdentityServer\VideoOS.IdentityServer.UnitTests\bin\Debug\net6.0\win-x64\VideoOS.IdentityServer.UnitTests.dll" adapterTypeName="executor://xunit/VsTestRunner2/netcoreapp" className="VideoOS.IdentityServer.UnitTests.Controllers.LoginsControllerTests" name="AddLogin_UserNotFound_NotFoundResponse" />
    </UnitTest>
    <UnitTest name="VideoOS.IdentityServer.UnitTests.Validators.PasswordValidatorTests.ValidateAsync_PasswordIsEmpty_ThrowArgumentException" storage="d:\actions-runner\_work\xpco\xpco\identityserver\videoos.identityserver.unittests\bin\debug\net6.0\win-x64\videoos.identityserver.unittests.dll" id="bfb5848e-8f53-4c56-005c-ad410f1cc5e2">
      <Execution id="c3f91a43-adec-42ab-b97f-407175cb4f7a" />
      <TestMethod codeBase="D:\actions-runner\_work\XPCO\XPCO\IdentityServer\VideoOS.IdentityServer.UnitTests\bin\Debug\net6.0\win-x64\VideoOS.IdentityServer.UnitTests.dll" adapterTypeName="executor://xunit/VsTestRunner2/netcoreapp" className="VideoOS.IdentityServer.UnitTests.Validators.PasswordValidatorTests" name="ValidateAsync_PasswordIsEmpty_ThrowArgumentException" />
    </UnitTest>
    <UnitTest name="VideoOS.IdentityServer.UnitTests.Repositories.VmsUserManagerTests.CreateUserInternalAsync_WithClaims_ClaimsAdded" storage="d:\actions-runner\_work\xpco\xpco\identityserver\videoos.identityserver.unittests\bin\debug\net6.0\win-x64\videoos.identityserver.unittests.dll" id="dcfd8432-adf7-5236-cec9-8539318aaff2">
      <Execution id="319d1a20-d71f-4dca-9b73-baf27de8ae9e" />
      <TestMethod codeBase="D:\actions-runner\_work\XPCO\XPCO\IdentityServer\VideoOS.IdentityServer.UnitTests\bin\Debug\net6.0\win-x64\VideoOS.IdentityServer.UnitTests.dll" adapterTypeName="executor://xunit/VsTestRunner2/netcoreapp" className="VideoOS.IdentityServer.UnitTests.Repositories.VmsUserManagerTests" name="CreateUserInternalAsync_WithClaims_ClaimsAdded" />
    </UnitTest>
    <UnitTest name="VideoOS.IdentityServer.UnitTests.Validators.PasswordValidatorTests.ValidateAsync_VmsUserIsNull_ThrowArgumentNullException" storage="d:\actions-runner\_work\xpco\xpco\identityserver\videoos.identityserver.unittests\bin\debug\net6.0\win-x64\videoos.identityserver.unittests.dll" id="da2b0da1-6076-2fbe-2022-7beb2bbf7e43">
      <Execution id="832a5b41-dcf8-4744-9e16-aae9a4978cc2" />
      <TestMethod codeBase="D:\actions-runner\_work\XPCO\XPCO\IdentityServer\VideoOS.IdentityServer.UnitTests\bin\Debug\net6.0\win-x64\VideoOS.IdentityServer.UnitTests.dll" adapterTypeName="executor://xunit/VsTestRunner2/netcoreapp" className="VideoOS.IdentityServer.UnitTests.Validators.PasswordValidatorTests" name="ValidateAsync_VmsUserIsNull_ThrowArgumentNullException" />
    </UnitTest>
    <UnitTest name="VideoOS.IdentityServer.UnitTests.Controllers.ExternalProviderManagerTests.RemoveProvider_LoginProvider_Exists_RemovesProviderConfiguration" storage="d:\actions-runner\_work\xpco\xpco\identityserver\videoos.identityserver.unittests\bin\debug\net6.0\win-x64\videoos.identityserver.unittests.dll" id="46f0f36c-7d3e-9fc6-0e91-a8eb7e670908">
      <Execution id="7d90c41c-7d9c-4b69-9711-6ff679a062e5" />
      <TestMethod codeBase="D:\actions-runner\_work\XPCO\XPCO\IdentityServer\VideoOS.IdentityServer.UnitTests\bin\Debug\net6.0\win-x64\VideoOS.IdentityServer.UnitTests.dll" adapterTypeName="executor://xunit/VsTestRunner2/netcoreapp" className="VideoOS.IdentityServer.UnitTests.Controllers.ExternalProviderManagerTests" name="RemoveProvider_LoginProvider_Exists_RemovesProviderConfiguration" />
    </UnitTest>
    <UnitTest name="VideoOS.IdentityServer.UnitTests.Helper.ExpressionBuilderTests.FromString_DifferentQueriesWithAllowedSearchNames_ReturnsExpectedCount(query: &quot;time ne 2000-1-1&quot;, expectedCount: 4, allowedSearchNames: [&quot;Time&quot;])" storage="d:\actions-runner\_work\xpco\xpco\identityserver\videoos.identityserver.unittests\bin\debug\net6.0\win-x64\videoos.identityserver.unittests.dll" id="5079d3fc-6790-cdcd-e37e-18fc2e9b3433">
      <Execution id="a2e58a5a-85a6-44c4-be67-11c44343590d" />
      <TestMethod codeBase="D:\actions-runner\_work\XPCO\XPCO\IdentityServer\VideoOS.IdentityServer.UnitTests\bin\Debug\net6.0\win-x64\VideoOS.IdentityServer.UnitTests.dll" adapterTypeName="executor://xunit/VsTestRunner2/netcoreapp" className="VideoOS.IdentityServer.UnitTests.Helper.ExpressionBuilderTests" name="FromString_DifferentQueriesWithAllowedSearchNames_ReturnsExpectedCount" />
    </UnitTest>
    <UnitTest name="VideoOS.IdentityServer.UnitTests.Helper.RsaKeyGeneratorTests.GenerateRsaSecurityKey_InvalidKeySize_ThrowsArgumentOutOfRangeException(keySize: 0)" storage="d:\actions-runner\_work\xpco\xpco\identityserver\videoos.identityserver.unittests\bin\debug\net6.0\win-x64\videoos.identityserver.unittests.dll" id="b122f024-4d62-5fa9-117a-e786ca27ba96">
      <Execution id="6f419679-7840-4ddd-9759-1c98716a267d" />
      <TestMethod codeBase="D:\actions-runner\_work\XPCO\XPCO\IdentityServer\VideoOS.IdentityServer.UnitTests\bin\Debug\net6.0\win-x64\VideoOS.IdentityServer.UnitTests.dll" adapterTypeName="executor://xunit/VsTestRunner2/netcoreapp" className="VideoOS.IdentityServer.UnitTests.Helper.RsaKeyGeneratorTests" name="GenerateRsaSecurityKey_InvalidKeySize_ThrowsArgumentOutOfRangeException" />
    </UnitTest>
    <UnitTest name="VideoOS.IdentityServer.UnitTests.Controllers.ClientsControllerTests.RegisterClient_InvalidScopeRequested_BusinessViolationExceptionIsThrown" storage="d:\actions-runner\_work\xpco\xpco\identityserver\videoos.identityserver.unittests\bin\debug\net6.0\win-x64\videoos.identityserver.unittests.dll" id="701b9407-2bc9-d9c2-65dd-033db64cd63b">
      <Execution id="76dc5b1c-5490-4461-8e96-afad96c99636" />
      <TestMethod codeBase="D:\actions-runner\_work\XPCO\XPCO\IdentityServer\VideoOS.IdentityServer.UnitTests\bin\Debug\net6.0\win-x64\VideoOS.IdentityServer.UnitTests.dll" adapterTypeName="executor://xunit/VsTestRunner2/netcoreapp" className="VideoOS.IdentityServer.UnitTests.Controllers.ClientsControllerTests" name="RegisterClient_InvalidScopeRequested_BusinessViolationExceptionIsThrown" />
    </UnitTest>
    <UnitTest name="VideoOS.IdentityServer.UnitTests.Services.UserProvisionerTests.CreateOrUpdateUser_NewUserConfiguredUserNameClaimType_ClaimExistUserNameFromClaim" storage="d:\actions-runner\_work\xpco\xpco\identityserver\videoos.identityserver.unittests\bin\debug\net6.0\win-x64\videoos.identityserver.unittests.dll" id="e1a480f7-1879-820c-92c7-55ac426d0357">
      <Execution id="62564c3c-ec46-47c6-be1d-54b730405c69" />
      <TestMethod codeBase="D:\actions-runner\_work\XPCO\XPCO\IdentityServer\VideoOS.IdentityServer.UnitTests\bin\Debug\net6.0\win-x64\VideoOS.IdentityServer.UnitTests.dll" adapterTypeName="executor://xunit/VsTestRunner2/netcoreapp" className="VideoOS.IdentityServer.UnitTests.Services.UserProvisionerTests" name="CreateOrUpdateUser_NewUserConfiguredUserNameClaimType_ClaimExistUserNameFromClaim" />
    </UnitTest>
    <UnitTest name="VideoOS.IdentityServer.UnitTests.Pages.ErrorTests.OnGetAsync_RequestIsNotOnApiPath_DisplayCorrectErrorCodeAndShowFooter(httpStatusCode: OK, expectedErrorCodeMessage: &quot;UnexpectedError&quot;, expectedShowFooter: True)" storage="d:\actions-runner\_work\xpco\xpco\identityserver\videoos.identityserver.unittests\bin\debug\net6.0\win-x64\videoos.identityserver.unittests.dll" id="916b12d7-8610-3d11-74fa-814e50a8b226">
      <Execution id="f5c318c9-627b-4a14-b77b-d94ff41cd1fb" />
      <TestMethod codeBase="D:\actions-runner\_work\XPCO\XPCO\IdentityServer\VideoOS.IdentityServer.UnitTests\bin\Debug\net6.0\win-x64\VideoOS.IdentityServer.UnitTests.dll" adapterTypeName="executor://xunit/VsTestRunner2/netcoreapp" className="VideoOS.IdentityServer.UnitTests.Pages.ErrorTests" name="OnGetAsync_RequestIsNotOnApiPath_DisplayCorrectErrorCodeAndShowFooter" />
    </UnitTest>
    <UnitTest name="VideoOS.IdentityServer.UnitTests.Model.Result.ResultTests.Failure_ShouldBeErrorWithOneError_WhenSingleErrorProvided" storage="d:\actions-runner\_work\xpco\xpco\identityserver\videoos.identityserver.unittests\bin\debug\net6.0\win-x64\videoos.identityserver.unittests.dll" id="efff05e3-3b5a-b327-7cd0-0aaf390483f8">
      <Execution id="1ca559e7-4cc1-438f-b76d-56d5ff5c214b" />
      <TestMethod codeBase="D:\actions-runner\_work\XPCO\XPCO\IdentityServer\VideoOS.IdentityServer.UnitTests\bin\Debug\net6.0\win-x64\VideoOS.IdentityServer.UnitTests.dll" adapterTypeName="executor://xunit/VsTestRunner2/netcoreapp" className="VideoOS.IdentityServer.UnitTests.Model.Result.ResultTests" name="Failure_ShouldBeErrorWithOneError_WhenSingleErrorProvided" />
    </UnitTest>
    <UnitTest name="VideoOS.IdentityServer.UnitTests.Controllers.ExternalProviderManagerTests.RemoveProvider_LoginProvider_DontExist_DoesNothing" storage="d:\actions-runner\_work\xpco\xpco\identityserver\videoos.identityserver.unittests\bin\debug\net6.0\win-x64\videoos.identityserver.unittests.dll" id="65be61bd-48d1-7d05-8d35-0ef84b0e73f8">
      <Execution id="7fd063fc-fa54-4e24-963b-c065004d231d" />
      <TestMethod codeBase="D:\actions-runner\_work\XPCO\XPCO\IdentityServer\VideoOS.IdentityServer.UnitTests\bin\Debug\net6.0\win-x64\VideoOS.IdentityServer.UnitTests.dll" adapterTypeName="executor://xunit/VsTestRunner2/netcoreapp" className="VideoOS.IdentityServer.UnitTests.Controllers.ExternalProviderManagerTests" name="RemoveProvider_LoginProvider_DontExist_DoesNothing" />
    </UnitTest>
    <UnitTest name="VideoOS.IdentityServer.UnitTests.Controllers.TrustedIssuersControllerTests.Get_TrustedIssuers_TrustedIssuersAreReturned" storage="d:\actions-runner\_work\xpco\xpco\identityserver\videoos.identityserver.unittests\bin\debug\net6.0\win-x64\videoos.identityserver.unittests.dll" id="73af1a05-910c-f0d8-d5f3-cfbb3860e5f2">
      <Execution id="295b8cb7-1604-4fee-9b3e-2ba73f1ed3fa" />
      <TestMethod codeBase="D:\actions-runner\_work\XPCO\XPCO\IdentityServer\VideoOS.IdentityServer.UnitTests\bin\Debug\net6.0\win-x64\VideoOS.IdentityServer.UnitTests.dll" adapterTypeName="executor://xunit/VsTestRunner2/netcoreapp" className="VideoOS.IdentityServer.UnitTests.Controllers.TrustedIssuersControllerTests" name="Get_TrustedIssuers_TrustedIssuersAreReturned" />
    </UnitTest>
    <UnitTest name="VideoOS.IdentityServer.UnitTests.Repositories.VmsUserManagerTests.CreateUserInternalAsync_CreateError_Failed" storage="d:\actions-runner\_work\xpco\xpco\identityserver\videoos.identityserver.unittests\bin\debug\net6.0\win-x64\videoos.identityserver.unittests.dll" id="05d3f044-5331-7ce3-623e-9916ab55f9e4">
      <Execution id="f08d4185-f57a-44c3-b3c9-4d0b7d2af52a" />
      <TestMethod codeBase="D:\actions-runner\_work\XPCO\XPCO\IdentityServer\VideoOS.IdentityServer.UnitTests\bin\Debug\net6.0\win-x64\VideoOS.IdentityServer.UnitTests.dll" adapterTypeName="executor://xunit/VsTestRunner2/netcoreapp" className="VideoOS.IdentityServer.UnitTests.Repositories.VmsUserManagerTests" name="CreateUserInternalAsync_CreateError_Failed" />
    </UnitTest>
    <UnitTest name="VideoOS.IdentityServer.UnitTests.GrantValidators.TokenExchangeGrantValidatorTests.ValidateAsync_ProviderIdNotMapped_InvalidRequestReturned" storage="d:\actions-runner\_work\xpco\xpco\identityserver\videoos.identityserver.unittests\bin\debug\net6.0\win-x64\videoos.identityserver.unittests.dll" id="655efde5-eb67-b8e4-b0fe-7bf0264f6e1d">
      <Execution id="0689e5ee-ef0c-4d20-af82-26704cc50374" />
      <TestMethod codeBase="D:\actions-runner\_work\XPCO\XPCO\IdentityServer\VideoOS.IdentityServer.UnitTests\bin\Debug\net6.0\win-x64\VideoOS.IdentityServer.UnitTests.dll" adapterTypeName="executor://xunit/VsTestRunner2/netcoreapp" className="VideoOS.IdentityServer.UnitTests.GrantValidators.TokenExchangeGrantValidatorTests" name="ValidateAsync_ProviderIdNotMapped_InvalidRequestReturned" />
    </UnitTest>
    <UnitTest name="VideoOS.IdentityServer.UnitTests.Services.PasswordHasherWithLegacySupportTests.VerifyHashedPassword_CorrectPassword_Success" storage="d:\actions-runner\_work\xpco\xpco\identityserver\videoos.identityserver.unittests\bin\debug\net6.0\win-x64\videoos.identityserver.unittests.dll" id="7f59dbcd-75fe-db1e-8ad0-2f58f53f04a1">
      <Execution id="93958d9d-92e5-4b71-aa6b-6f0f580a14bc" />
      <TestMethod codeBase="D:\actions-runner\_work\XPCO\XPCO\IdentityServer\VideoOS.IdentityServer.UnitTests\bin\Debug\net6.0\win-x64\VideoOS.IdentityServer.UnitTests.dll" adapterTypeName="executor://xunit/VsTestRunner2/netcoreapp" className="VideoOS.IdentityServer.UnitTests.Services.PasswordHasherWithLegacySupportTests" name="VerifyHashedPassword_CorrectPassword_Success" />
    </UnitTest>
    <UnitTest name="VideoOS.IdentityServer.UnitTests.Attributes.HttpOrHttpsAttributeTests.IsValid_ForInvalidUriFormat_ReturnsError(url: &quot;http:::/wrong.url.com&quot;)" storage="d:\actions-runner\_work\xpco\xpco\identityserver\videoos.identityserver.unittests\bin\debug\net6.0\win-x64\videoos.identityserver.unittests.dll" id="a8887616-d21a-2760-ae8d-12c4008e3d23">
      <Execution id="e721fef4-4711-4a5d-beaa-ff2185a040c6" />
      <TestMethod codeBase="D:\actions-runner\_work\XPCO\XPCO\IdentityServer\VideoOS.IdentityServer.UnitTests\bin\Debug\net6.0\win-x64\VideoOS.IdentityServer.UnitTests.dll" adapterTypeName="executor://xunit/VsTestRunner2/netcoreapp" className="VideoOS.IdentityServer.UnitTests.Attributes.HttpOrHttpsAttributeTests" name="IsValid_ForInvalidUriFormat_ReturnsError" />
    </UnitTest>
    <UnitTest name="VideoOS.IdentityServer.UnitTests.GrantValidators.TokenExchangeGrantValidatorTests.ValidateAsync_SubjectTokenTypeIsNotAccessToken_InvalidRequestReturned" storage="d:\actions-runner\_work\xpco\xpco\identityserver\videoos.identityserver.unittests\bin\debug\net6.0\win-x64\videoos.identityserver.unittests.dll" id="21586175-584b-4451-cebd-1ccf3d32985f">
      <Execution id="f3d898e7-f8da-4765-8a30-635d99d01c32" />
      <TestMethod codeBase="D:\actions-runner\_work\XPCO\XPCO\IdentityServer\VideoOS.IdentityServer.UnitTests\bin\Debug\net6.0\win-x64\VideoOS.IdentityServer.UnitTests.dll" adapterTypeName="executor://xunit/VsTestRunner2/netcoreapp" className="VideoOS.IdentityServer.UnitTests.GrantValidators.TokenExchangeGrantValidatorTests" name="ValidateAsync_SubjectTokenTypeIsNotAccessToken_InvalidRequestReturned" />
    </UnitTest>
    <UnitTest name="VideoOS.IdentityServer.UnitTests.Validators.PasswordValidatorTests.ValidateAsync_PasswordContainsMatchAndNotTheSameAsOldPassword_Success" storage="d:\actions-runner\_work\xpco\xpco\identityserver\videoos.identityserver.unittests\bin\debug\net6.0\win-x64\videoos.identityserver.unittests.dll" id="42b682b6-b6d6-d89b-7937-0116f3c39906">
      <Execution id="3427bb21-8885-4dfb-bd03-599c4db175a0" />
      <TestMethod codeBase="D:\actions-runner\_work\XPCO\XPCO\IdentityServer\VideoOS.IdentityServer.UnitTests\bin\Debug\net6.0\win-x64\VideoOS.IdentityServer.UnitTests.dll" adapterTypeName="executor://xunit/VsTestRunner2/netcoreapp" className="VideoOS.IdentityServer.UnitTests.Validators.PasswordValidatorTests" name="ValidateAsync_PasswordContainsMatchAndNotTheSameAsOldPassword_Success" />
    </UnitTest>
    <UnitTest name="VideoOS.IdentityServer.UnitTests.Repositories.VmsUserManagerTests.CreateUserInternalAsync_NoPasswordProvided_Success" storage="d:\actions-runner\_work\xpco\xpco\identityserver\videoos.identityserver.unittests\bin\debug\net6.0\win-x64\videoos.identityserver.unittests.dll" id="43197df3-7437-0ac0-2a16-3d7ff5077152">
      <Execution id="4ccbb2c7-2e5b-47d9-b73a-df2a581c0cb9" />
      <TestMethod codeBase="D:\actions-runner\_work\XPCO\XPCO\IdentityServer\VideoOS.IdentityServer.UnitTests\bin\Debug\net6.0\win-x64\VideoOS.IdentityServer.UnitTests.dll" adapterTypeName="executor://xunit/VsTestRunner2/netcoreapp" className="VideoOS.IdentityServer.UnitTests.Repositories.VmsUserManagerTests" name="CreateUserInternalAsync_NoPasswordProvided_Success" />
    </UnitTest>
    <UnitTest name="VideoOS.IdentityServer.UnitTests.Model.ErrorResponseTests.SetErrors_SetWithNotAllowedError_ErrorsContainNoElements" storage="d:\actions-runner\_work\xpco\xpco\identityserver\videoos.identityserver.unittests\bin\debug\net6.0\win-x64\videoos.identityserver.unittests.dll" id="099c2cc4-9649-b53a-17b6-e9c80e929555">
      <Execution id="0b765dfd-2dec-4d95-898d-8bda72250fd7" />
      <TestMethod codeBase="D:\actions-runner\_work\XPCO\XPCO\IdentityServer\VideoOS.IdentityServer.UnitTests\bin\Debug\net6.0\win-x64\VideoOS.IdentityServer.UnitTests.dll" adapterTypeName="executor://xunit/VsTestRunner2/netcoreapp" className="VideoOS.IdentityServer.UnitTests.Model.ErrorResponseTests" name="SetErrors_SetWithNotAllowedError_ErrorsContainNoElements" />
    </UnitTest>
    <UnitTest name="VideoOS.IdentityServer.UnitTests.Helper.ExpressionBuilderTests.FromString_DifferentQueriesWithAllowedSearchNames_ReturnsExpectedCount(query: &quot;number ne 4&quot;, expectedCount: 4, allowedSearchNames: [&quot;Number&quot;])" storage="d:\actions-runner\_work\xpco\xpco\identityserver\videoos.identityserver.unittests\bin\debug\net6.0\win-x64\videoos.identityserver.unittests.dll" id="e63c8da7-36bc-0278-9da1-1f7a23301408">
      <Execution id="43b6114d-c18c-448d-9b36-7705cf3b0dec" />
      <TestMethod codeBase="D:\actions-runner\_work\XPCO\XPCO\IdentityServer\VideoOS.IdentityServer.UnitTests\bin\Debug\net6.0\win-x64\VideoOS.IdentityServer.UnitTests.dll" adapterTypeName="executor://xunit/VsTestRunner2/netcoreapp" className="VideoOS.IdentityServer.UnitTests.Helper.ExpressionBuilderTests" name="FromString_DifferentQueriesWithAllowedSearchNames_ReturnsExpectedCount" />
    </UnitTest>
    <UnitTest name="VideoOS.IdentityServer.UnitTests.Services.PasswordHasherWithLegacySupportTests.VerifyHashedPassword_MissingOneLegacyPasswordClaim_Logged(missingClaim: &quot;MigrateSalt&quot;)" storage="d:\actions-runner\_work\xpco\xpco\identityserver\videoos.identityserver.unittests\bin\debug\net6.0\win-x64\videoos.identityserver.unittests.dll" id="3ca046f6-2934-db24-a17c-dfba6a65a4d4">
      <Execution id="903cff23-673b-423d-9024-e05330ef944d" />
      <TestMethod codeBase="D:\actions-runner\_work\XPCO\XPCO\IdentityServer\VideoOS.IdentityServer.UnitTests\bin\Debug\net6.0\win-x64\VideoOS.IdentityServer.UnitTests.dll" adapterTypeName="executor://xunit/VsTestRunner2/netcoreapp" className="VideoOS.IdentityServer.UnitTests.Services.PasswordHasherWithLegacySupportTests" name="VerifyHashedPassword_MissingOneLegacyPasswordClaim_Logged" />
    </UnitTest>
    <UnitTest name="VideoOS.IdentityServer.UnitTests.Services.WellKnownConfigurationRetriever.WellKnownConfigurationRetrieverTests.GetWellKnownConfiguration_LoginProviderError_ReturnsErrorResult" storage="d:\actions-runner\_work\xpco\xpco\identityserver\videoos.identityserver.unittests\bin\debug\net6.0\win-x64\videoos.identityserver.unittests.dll" id="25862255-ea15-c4b2-f192-75ff61711a25">
      <Execution id="60f3c85d-8011-4485-961b-3c6471f690d0" />
      <TestMethod codeBase="D:\actions-runner\_work\XPCO\XPCO\IdentityServer\VideoOS.IdentityServer.UnitTests\bin\Debug\net6.0\win-x64\VideoOS.IdentityServer.UnitTests.dll" adapterTypeName="executor://xunit/VsTestRunner2/netcoreapp" className="VideoOS.IdentityServer.UnitTests.Services.WellKnownConfigurationRetriever.WellKnownConfigurationRetrieverTests" name="GetWellKnownConfiguration_LoginProviderError_ReturnsErrorResult" />
    </UnitTest>
    <UnitTest name="VideoOS.IdentityServer.UnitTests.Controllers.ExternalProvidersControllerTests.ExternalProviderController_ClassIsDecoratedWithAllowAnonymous" storage="d:\actions-runner\_work\xpco\xpco\identityserver\videoos.identityserver.unittests\bin\debug\net6.0\win-x64\videoos.identityserver.unittests.dll" id="0d85d1a5-4587-cde5-d4f6-a2747cae77f0">
      <Execution id="8f9d4678-15ab-45e3-86be-094b687e33e4" />
      <TestMethod codeBase="D:\actions-runner\_work\XPCO\XPCO\IdentityServer\VideoOS.IdentityServer.UnitTests\bin\Debug\net6.0\win-x64\VideoOS.IdentityServer.UnitTests.dll" adapterTypeName="executor://xunit/VsTestRunner2/netcoreapp" className="VideoOS.IdentityServer.UnitTests.Controllers.ExternalProvidersControllerTests" name="ExternalProviderController_ClassIsDecoratedWithAllowAnonymous" />
    </UnitTest>
    <UnitTest name="VideoOS.IdentityServer.UnitTests.Services.ProfileServiceTests.GetProfileDataAsync_ProviderScopeRequestedCallerIsUserInfoEndpoint_RequestedAndRequiredClaims" storage="d:\actions-runner\_work\xpco\xpco\identityserver\videoos.identityserver.unittests\bin\debug\net6.0\win-x64\videoos.identityserver.unittests.dll" id="5373f050-6135-5a6d-df4f-e2461319f873">
      <Execution id="4d498094-d0da-46c6-8688-bcd1ec86c0fb" />
      <TestMethod codeBase="D:\actions-runner\_work\XPCO\XPCO\IdentityServer\VideoOS.IdentityServer.UnitTests\bin\Debug\net6.0\win-x64\VideoOS.IdentityServer.UnitTests.dll" adapterTypeName="executor://xunit/VsTestRunner2/netcoreapp" className="VideoOS.IdentityServer.UnitTests.Services.ProfileServiceTests" name="GetProfileDataAsync_ProviderScopeRequestedCallerIsUserInfoEndpoint_RequestedAndRequiredClaims" />
    </UnitTest>
    <UnitTest name="VideoOS.IdentityServer.UnitTests.Repositories.ConfigurationRepositoryTest.AddAsync_NewClientIsPassed_ClientIsAddedToDbContext" storage="d:\actions-runner\_work\xpco\xpco\identityserver\videoos.identityserver.unittests\bin\debug\net6.0\win-x64\videoos.identityserver.unittests.dll" id="1fc6513f-0401-0907-ea53-a69e52aa54a2">
      <Execution id="a4be68f8-6073-445c-a154-85550c1945db" />
      <TestMethod codeBase="D:\actions-runner\_work\XPCO\XPCO\IdentityServer\VideoOS.IdentityServer.UnitTests\bin\Debug\net6.0\win-x64\VideoOS.IdentityServer.UnitTests.dll" adapterTypeName="executor://xunit/VsTestRunner2/netcoreapp" className="VideoOS.IdentityServer.UnitTests.Repositories.ConfigurationRepositoryTest" name="AddAsync_NewClientIsPassed_ClientIsAddedToDbContext" />
    </UnitTest>
    <UnitTest name="VideoOS.IdentityServer.UnitTests.Repositories.VmsUserManagerTests.IsUserLockedOut_ArgumentNull" storage="d:\actions-runner\_work\xpco\xpco\identityserver\videoos.identityserver.unittests\bin\debug\net6.0\win-x64\videoos.identityserver.unittests.dll" id="6f4eb697-3e07-ede3-abd7-09e7ac68274c">
      <Execution id="c74755d8-3f85-4243-b9f0-9b6d4554a050" />
      <TestMethod codeBase="D:\actions-runner\_work\XPCO\XPCO\IdentityServer\VideoOS.IdentityServer.UnitTests\bin\Debug\net6.0\win-x64\VideoOS.IdentityServer.UnitTests.dll" adapterTypeName="executor://xunit/VsTestRunner2/netcoreapp" className="VideoOS.IdentityServer.UnitTests.Repositories.VmsUserManagerTests" name="IsUserLockedOut_ArgumentNull" />
    </UnitTest>
    <UnitTest name="VideoOS.IdentityServer.UnitTests.Services.WellKnownConfigurationRetriever.WellKnownConfigurationRetrieverTests.GetWellKnownConfiguration_LoginProviderException_ReturnsErrorResult" storage="d:\actions-runner\_work\xpco\xpco\identityserver\videoos.identityserver.unittests\bin\debug\net6.0\win-x64\videoos.identityserver.unittests.dll" id="e4fc7a1f-da76-3fea-0cdd-b220789e02fa">
      <Execution id="07bdf6ef-9d3f-435a-b8e5-532ea3ed101c" />
      <TestMethod codeBase="D:\actions-runner\_work\XPCO\XPCO\IdentityServer\VideoOS.IdentityServer.UnitTests\bin\Debug\net6.0\win-x64\VideoOS.IdentityServer.UnitTests.dll" adapterTypeName="executor://xunit/VsTestRunner2/netcoreapp" className="VideoOS.IdentityServer.UnitTests.Services.WellKnownConfigurationRetriever.WellKnownConfigurationRetrieverTests" name="GetWellKnownConfiguration_LoginProviderException_ReturnsErrorResult" />
    </UnitTest>
    <UnitTest name="VideoOS.IdentityServer.UnitTests.Attributes.HttpOrHttpsAttributeTests.IsValid_ForNullValue_ReturnsSuccess" storage="d:\actions-runner\_work\xpco\xpco\identityserver\videoos.identityserver.unittests\bin\debug\net6.0\win-x64\videoos.identityserver.unittests.dll" id="b4580218-8da8-9647-793a-06cfab52bf03">
      <Execution id="1dcc8aae-366c-44ca-b232-57a38037e422" />
      <TestMethod codeBase="D:\actions-runner\_work\XPCO\XPCO\IdentityServer\VideoOS.IdentityServer.UnitTests\bin\Debug\net6.0\win-x64\VideoOS.IdentityServer.UnitTests.dll" adapterTypeName="executor://xunit/VsTestRunner2/netcoreapp" className="VideoOS.IdentityServer.UnitTests.Attributes.HttpOrHttpsAttributeTests" name="IsValid_ForNullValue_ReturnsSuccess" />
    </UnitTest>
    <UnitTest name="VideoOS.IdentityServer.UnitTests.Attributes.IsGuidTests.IsGuid_ValueIsNotGuid_ReturnsFalse" storage="d:\actions-runner\_work\xpco\xpco\identityserver\videoos.identityserver.unittests\bin\debug\net6.0\win-x64\videoos.identityserver.unittests.dll" id="e7845d4a-9c88-9f03-59fc-c92a5ceeca9a">
      <Execution id="5e471d50-aee1-45bc-88de-72dec2165335" />
      <TestMethod codeBase="D:\actions-runner\_work\XPCO\XPCO\IdentityServer\VideoOS.IdentityServer.UnitTests\bin\Debug\net6.0\win-x64\VideoOS.IdentityServer.UnitTests.dll" adapterTypeName="executor://xunit/VsTestRunner2/netcoreapp" className="VideoOS.IdentityServer.UnitTests.Attributes.IsGuidTests" name="IsGuid_ValueIsNotGuid_ReturnsFalse" />
    </UnitTest>
    <UnitTest name="VideoOS.IdentityServer.UnitTests.Controllers.UserCollectionsControllerTests.CreateUserCollection_MultipleUsersForCreation_CollectionOfUsersCreated" storage="d:\actions-runner\_work\xpco\xpco\identityserver\videoos.identityserver.unittests\bin\debug\net6.0\win-x64\videoos.identityserver.unittests.dll" id="6ae30df7-1365-ca5c-775a-88da868b4325">
      <Execution id="8fea8644-83f8-4ebe-808b-0b137696e16b" />
      <TestMethod codeBase="D:\actions-runner\_work\XPCO\XPCO\IdentityServer\VideoOS.IdentityServer.UnitTests\bin\Debug\net6.0\win-x64\VideoOS.IdentityServer.UnitTests.dll" adapterTypeName="executor://xunit/VsTestRunner2/netcoreapp" className="VideoOS.IdentityServer.UnitTests.Controllers.UserCollectionsControllerTests" name="CreateUserCollection_MultipleUsersForCreation_CollectionOfUsersCreated" />
    </UnitTest>
    <UnitTest name="VideoOS.IdentityServer.UnitTests.Controllers.ExternalProviderManagerTests.UpdateProvider_LoginProvider_NotEnabled_AlreadyExists_RemovesConfiguration" storage="d:\actions-runner\_work\xpco\xpco\identityserver\videoos.identityserver.unittests\bin\debug\net6.0\win-x64\videoos.identityserver.unittests.dll" id="c7b38266-3989-17e5-633a-0b7d19afb4c4">
      <Execution id="7b99515c-6121-47c8-a7a8-b46fbf4a2474" />
      <TestMethod codeBase="D:\actions-runner\_work\XPCO\XPCO\IdentityServer\VideoOS.IdentityServer.UnitTests\bin\Debug\net6.0\win-x64\VideoOS.IdentityServer.UnitTests.dll" adapterTypeName="executor://xunit/VsTestRunner2/netcoreapp" className="VideoOS.IdentityServer.UnitTests.Controllers.ExternalProviderManagerTests" name="UpdateProvider_LoginProvider_NotEnabled_AlreadyExists_RemovesConfiguration" />
    </UnitTest>
    <UnitTest name="VideoOS.IdentityServer.UnitTests.Repositories.VmsUserManagerTests.IsUserLockedOut_LockoutEnd_NotExpired" storage="d:\actions-runner\_work\xpco\xpco\identityserver\videoos.identityserver.unittests\bin\debug\net6.0\win-x64\videoos.identityserver.unittests.dll" id="f6517591-3689-63fc-d500-3583198fed0d">
      <Execution id="fc5ccd54-6c37-4444-9b85-e2023fce5b64" />
      <TestMethod codeBase="D:\actions-runner\_work\XPCO\XPCO\IdentityServer\VideoOS.IdentityServer.UnitTests\bin\Debug\net6.0\win-x64\VideoOS.IdentityServer.UnitTests.dll" adapterTypeName="executor://xunit/VsTestRunner2/netcoreapp" className="VideoOS.IdentityServer.UnitTests.Repositories.VmsUserManagerTests" name="IsUserLockedOut_LockoutEnd_NotExpired" />
    </UnitTest>
    <UnitTest name="VideoOS.IdentityServer.UnitTests.Repositories.ConfigurationRepositoryTest.GetByClientIdAsync_ClientExists_ClientIsReturned" storage="d:\actions-runner\_work\xpco\xpco\identityserver\videoos.identityserver.unittests\bin\debug\net6.0\win-x64\videoos.identityserver.unittests.dll" id="8e8cb7e0-78e5-ded1-0e93-cda5bf51d581">
      <Execution id="a88e2f65-ce5f-485c-a0ce-8cfd455dcd21" />
      <TestMethod codeBase="D:\actions-runner\_work\XPCO\XPCO\IdentityServer\VideoOS.IdentityServer.UnitTests\bin\Debug\net6.0\win-x64\VideoOS.IdentityServer.UnitTests.dll" adapterTypeName="executor://xunit/VsTestRunner2/netcoreapp" className="VideoOS.IdentityServer.UnitTests.Repositories.ConfigurationRepositoryTest" name="GetByClientIdAsync_ClientExists_ClientIsReturned" />
    </UnitTest>
    <UnitTest name="VideoOS.IdentityServer.UnitTests.Services.PasswordHasherWithLegacySupportTests.VerifyHashedPassword_CorrectLegacyPassword_SuccessRehashNeeded(encryptionMethod: &quot;SHA2_512&quot;)" storage="d:\actions-runner\_work\xpco\xpco\identityserver\videoos.identityserver.unittests\bin\debug\net6.0\win-x64\videoos.identityserver.unittests.dll" id="8bd3647f-8cd2-e043-7189-ba9c29073c25">
      <Execution id="4d4da7b6-9ade-4d74-80f2-5c1570b7584e" />
      <TestMethod codeBase="D:\actions-runner\_work\XPCO\XPCO\IdentityServer\VideoOS.IdentityServer.UnitTests\bin\Debug\net6.0\win-x64\VideoOS.IdentityServer.UnitTests.dll" adapterTypeName="executor://xunit/VsTestRunner2/netcoreapp" className="VideoOS.IdentityServer.UnitTests.Services.PasswordHasherWithLegacySupportTests" name="VerifyHashedPassword_CorrectLegacyPassword_SuccessRehashNeeded" />
    </UnitTest>
    <UnitTest name="VideoOS.IdentityServer.UnitTests.Model.Result.ResultTests.Failure_ShouldThrowArgumentNullException_WhenNullErrorListProvided" storage="d:\actions-runner\_work\xpco\xpco\identityserver\videoos.identityserver.unittests\bin\debug\net6.0\win-x64\videoos.identityserver.unittests.dll" id="082e2d3a-9113-fbed-5f14-fb2a15bd14ea">
      <Execution id="11aa51f7-1743-4a01-86b0-aeeb6f831848" />
      <TestMethod codeBase="D:\actions-runner\_work\XPCO\XPCO\IdentityServer\VideoOS.IdentityServer.UnitTests\bin\Debug\net6.0\win-x64\VideoOS.IdentityServer.UnitTests.dll" adapterTypeName="executor://xunit/VsTestRunner2/netcoreapp" className="VideoOS.IdentityServer.UnitTests.Model.Result.ResultTests" name="Failure_ShouldThrowArgumentNullException_WhenNullErrorListProvided" />
    </UnitTest>
    <UnitTest name="VideoOS.IdentityServer.UnitTests.GrantValidators.TokenExchangeGrantValidatorTests.ValidateAsync_ExchangeStyleNotVmsFederation_InvalidRequestReturned" storage="d:\actions-runner\_work\xpco\xpco\identityserver\videoos.identityserver.unittests\bin\debug\net6.0\win-x64\videoos.identityserver.unittests.dll" id="f9f9c1a9-026b-519c-10d7-173536d70fa9">
      <Execution id="73c33f7e-8dd5-436f-a29d-73b5e510ae65" />
      <TestMethod codeBase="D:\actions-runner\_work\XPCO\XPCO\IdentityServer\VideoOS.IdentityServer.UnitTests\bin\Debug\net6.0\win-x64\VideoOS.IdentityServer.UnitTests.dll" adapterTypeName="executor://xunit/VsTestRunner2/netcoreapp" className="VideoOS.IdentityServer.UnitTests.GrantValidators.TokenExchangeGrantValidatorTests" name="ValidateAsync_ExchangeStyleNotVmsFederation_InvalidRequestReturned" />
    </UnitTest>
    <UnitTest name="VideoOS.IdentityServer.UnitTests.Controllers.LoginProvidersControllerTests.Post_LoginProvider_DuplicateLoginProvider_Failure" storage="d:\actions-runner\_work\xpco\xpco\identityserver\videoos.identityserver.unittests\bin\debug\net6.0\win-x64\videoos.identityserver.unittests.dll" id="1b1c617e-e8c3-892a-0a73-9823ff0526e1">
      <Execution id="c1b07c54-9509-493c-883c-4e9469889e55" />
      <TestMethod codeBase="D:\actions-runner\_work\XPCO\XPCO\IdentityServer\VideoOS.IdentityServer.UnitTests\bin\Debug\net6.0\win-x64\VideoOS.IdentityServer.UnitTests.dll" adapterTypeName="executor://xunit/VsTestRunner2/netcoreapp" className="VideoOS.IdentityServer.UnitTests.Controllers.LoginProvidersControllerTests" name="Post_LoginProvider_DuplicateLoginProvider_Failure" />
    </UnitTest>
    <UnitTest name="VideoOS.IdentityServer.UnitTests.Repositories.VmsUserManagerTests.CreateUserInternalAsync_LockoutDisabledAndUserHaveLockoutEnd_Failed" storage="d:\actions-runner\_work\xpco\xpco\identityserver\videoos.identityserver.unittests\bin\debug\net6.0\win-x64\videoos.identityserver.unittests.dll" id="da209cf0-6094-274f-e78f-8889bf2f8ba5">
      <Execution id="ce525420-2d84-46bc-a559-7505c98bb333" />
      <TestMethod codeBase="D:\actions-runner\_work\XPCO\XPCO\IdentityServer\VideoOS.IdentityServer.UnitTests\bin\Debug\net6.0\win-x64\VideoOS.IdentityServer.UnitTests.dll" adapterTypeName="executor://xunit/VsTestRunner2/netcoreapp" className="VideoOS.IdentityServer.UnitTests.Repositories.VmsUserManagerTests" name="CreateUserInternalAsync_LockoutDisabledAndUserHaveLockoutEnd_Failed" />
    </UnitTest>
    <UnitTest name="VideoOS.IdentityServer.UnitTests.Helper.ExpressionBuilderTests.FromString_DifferentQueriesWithDisallowedSearchNames_ThrowsInvalidOperationException(query: &quot;number ge 4&quot;, allowedSearchNames: [&quot;abc&quot;])" storage="d:\actions-runner\_work\xpco\xpco\identityserver\videoos.identityserver.unittests\bin\debug\net6.0\win-x64\videoos.identityserver.unittests.dll" id="c3d62fdb-9f77-4aa5-0654-aae86222d252">
      <Execution id="bca38f1f-c1ab-4f4a-af00-6f716a349a84" />
      <TestMethod codeBase="D:\actions-runner\_work\XPCO\XPCO\IdentityServer\VideoOS.IdentityServer.UnitTests\bin\Debug\net6.0\win-x64\VideoOS.IdentityServer.UnitTests.dll" adapterTypeName="executor://xunit/VsTestRunner2/netcoreapp" className="VideoOS.IdentityServer.UnitTests.Helper.ExpressionBuilderTests" name="FromString_DifferentQueriesWithDisallowedSearchNames_ThrowsInvalidOperationException" />
    </UnitTest>
    <UnitTest name="VideoOS.IdentityServer.UnitTests.Repositories.VmsUserManagerTests.HasClaimChanged_InputOfUserAndExternalClaims_ExpectedOutcome" storage="d:\actions-runner\_work\xpco\xpco\identityserver\videoos.identityserver.unittests\bin\debug\net6.0\win-x64\videoos.identityserver.unittests.dll" id="93cfa45e-50b0-604c-c09c-2e5001172962">
      <Execution id="2edec92a-f7ab-444e-9b72-532438a322bb" />
      <TestMethod codeBase="D:\actions-runner\_work\XPCO\XPCO\IdentityServer\VideoOS.IdentityServer.UnitTests\bin\Debug\net6.0\win-x64\VideoOS.IdentityServer.UnitTests.dll" adapterTypeName="executor://xunit/VsTestRunner2/netcoreapp" className="VideoOS.IdentityServer.UnitTests.Repositories.VmsUserManagerTests" name="HasClaimChanged_InputOfUserAndExternalClaims_ExpectedOutcome" />
    </UnitTest>
    <UnitTest name="VideoOS.IdentityServer.UnitTests.Services.WellKnownConfigurationRetriever.WellKnownConfigurationRetrieverTests.GetWellKnownConfiguration_DiscoveryDocumentError_ReturnsErrorResult" storage="d:\actions-runner\_work\xpco\xpco\identityserver\videoos.identityserver.unittests\bin\debug\net6.0\win-x64\videoos.identityserver.unittests.dll" id="e818b1a2-e1c4-6691-71e3-65849a1507e6">
      <Execution id="84ee387c-7515-42fa-90f7-554332c6861d" />
      <TestMethod codeBase="D:\actions-runner\_work\XPCO\XPCO\IdentityServer\VideoOS.IdentityServer.UnitTests\bin\Debug\net6.0\win-x64\VideoOS.IdentityServer.UnitTests.dll" adapterTypeName="executor://xunit/VsTestRunner2/netcoreapp" className="VideoOS.IdentityServer.UnitTests.Services.WellKnownConfigurationRetriever.WellKnownConfigurationRetrieverTests" name="GetWellKnownConfiguration_DiscoveryDocumentError_ReturnsErrorResult" />
    </UnitTest>
    <UnitTest name="VideoOS.IdentityServer.UnitTests.Helper.ExpressionBuilderTests.FromString_DifferentQueriesWithAllowedSearchNames_ReturnsExpectedCount(query: &quot;name eq c&quot;, expectedCount: 1, allowedSearchNames: [&quot;Name&quot;])" storage="d:\actions-runner\_work\xpco\xpco\identityserver\videoos.identityserver.unittests\bin\debug\net6.0\win-x64\videoos.identityserver.unittests.dll" id="4960d619-9637-97cb-79a8-c27b6f1b58a2">
      <Execution id="eed92a91-9af1-474e-9be0-f28f1f48cf77" />
      <TestMethod codeBase="D:\actions-runner\_work\XPCO\XPCO\IdentityServer\VideoOS.IdentityServer.UnitTests\bin\Debug\net6.0\win-x64\VideoOS.IdentityServer.UnitTests.dll" adapterTypeName="executor://xunit/VsTestRunner2/netcoreapp" className="VideoOS.IdentityServer.UnitTests.Helper.ExpressionBuilderTests" name="FromString_DifferentQueriesWithAllowedSearchNames_ReturnsExpectedCount" />
    </UnitTest>
    <UnitTest name="VideoOS.IdentityServer.UnitTests.Filters.ValidateModelFilterAttributeTest.OnActionExecuting_ModelstateIsInvalid_ContextResultIsSet" storage="d:\actions-runner\_work\xpco\xpco\identityserver\videoos.identityserver.unittests\bin\debug\net6.0\win-x64\videoos.identityserver.unittests.dll" id="dac6b22d-9d2e-9a3d-f7af-5d832c196a8d">
      <Execution id="63d4c43d-ce29-4357-8a6a-4ac98214537d" />
      <TestMethod codeBase="D:\actions-runner\_work\XPCO\XPCO\IdentityServer\VideoOS.IdentityServer.UnitTests\bin\Debug\net6.0\win-x64\VideoOS.IdentityServer.UnitTests.dll" adapterTypeName="executor://xunit/VsTestRunner2/netcoreapp" className="VideoOS.IdentityServer.UnitTests.Filters.ValidateModelFilterAttributeTest" name="OnActionExecuting_ModelstateIsInvalid_ContextResultIsSet" />
    </UnitTest>
    <UnitTest name="VideoOS.IdentityServer.UnitTests.Helper.ArrayModelBinderTests.BindModelAsync_ValidInput_Success" storage="d:\actions-runner\_work\xpco\xpco\identityserver\videoos.identityserver.unittests\bin\debug\net6.0\win-x64\videoos.identityserver.unittests.dll" id="2b2206f7-9187-eae9-c01f-3d3853c0ca71">
      <Execution id="c129a431-ab85-4bdc-8d7b-e084543bb98f" />
      <TestMethod codeBase="D:\actions-runner\_work\XPCO\XPCO\IdentityServer\VideoOS.IdentityServer.UnitTests\bin\Debug\net6.0\win-x64\VideoOS.IdentityServer.UnitTests.dll" adapterTypeName="executor://xunit/VsTestRunner2/netcoreapp" className="VideoOS.IdentityServer.UnitTests.Helper.ArrayModelBinderTests" name="BindModelAsync_ValidInput_Success" />
    </UnitTest>
    <UnitTest name="VideoOS.IdentityServer.UnitTests.Controllers.LoginProvidersControllerTests.Patch_LoginProvider_Success" storage="d:\actions-runner\_work\xpco\xpco\identityserver\videoos.identityserver.unittests\bin\debug\net6.0\win-x64\videoos.identityserver.unittests.dll" id="85bf3866-403f-6cdd-9f23-280601254ec9">
      <Execution id="2c0b7326-335f-490c-bea3-05e9cfaaca9c" />
      <TestMethod codeBase="D:\actions-runner\_work\XPCO\XPCO\IdentityServer\VideoOS.IdentityServer.UnitTests\bin\Debug\net6.0\win-x64\VideoOS.IdentityServer.UnitTests.dll" adapterTypeName="executor://xunit/VsTestRunner2/netcoreapp" className="VideoOS.IdentityServer.UnitTests.Controllers.LoginProvidersControllerTests" name="Patch_LoginProvider_Success" />
    </UnitTest>
    <UnitTest name="VideoOS.IdentityServer.UnitTests.Model.Result.ResultTests.ImplicitConversion_ShouldNotBeError_WhenSuccessValueProvided" storage="d:\actions-runner\_work\xpco\xpco\identityserver\videoos.identityserver.unittests\bin\debug\net6.0\win-x64\videoos.identityserver.unittests.dll" id="2abf9b7c-9eea-ba2a-86cb-c537064ec32e">
      <Execution id="eb6d2d10-d625-4912-9cfe-cc2c63045d24" />
      <TestMethod codeBase="D:\actions-runner\_work\XPCO\XPCO\IdentityServer\VideoOS.IdentityServer.UnitTests\bin\Debug\net6.0\win-x64\VideoOS.IdentityServer.UnitTests.dll" adapterTypeName="executor://xunit/VsTestRunner2/netcoreapp" className="VideoOS.IdentityServer.UnitTests.Model.Result.ResultTests" name="ImplicitConversion_ShouldNotBeError_WhenSuccessValueProvided" />
    </UnitTest>
    <UnitTest name="VideoOS.IdentityServer.UnitTests.Repositories.VmsUserManagerTests.GetLogins_UsingProviderAndKey_LoginReturned" storage="d:\actions-runner\_work\xpco\xpco\identityserver\videoos.identityserver.unittests\bin\debug\net6.0\win-x64\videoos.identityserver.unittests.dll" id="53e33bfa-4472-50f1-ad88-06723b773ced">
      <Execution id="d0edbaf5-1882-457a-9d4d-f840f3dd52d4" />
      <TestMethod codeBase="D:\actions-runner\_work\XPCO\XPCO\IdentityServer\VideoOS.IdentityServer.UnitTests\bin\Debug\net6.0\win-x64\VideoOS.IdentityServer.UnitTests.dll" adapterTypeName="executor://xunit/VsTestRunner2/netcoreapp" className="VideoOS.IdentityServer.UnitTests.Repositories.VmsUserManagerTests" name="GetLogins_UsingProviderAndKey_LoginReturned" />
    </UnitTest>
    <UnitTest name="VideoOS.IdentityServer.UnitTests.Filters.ApiExceptionFilterTest.OnException_ExceptionIsNotApiException_HttpContextResultIsNotSet" storage="d:\actions-runner\_work\xpco\xpco\identityserver\videoos.identityserver.unittests\bin\debug\net6.0\win-x64\videoos.identityserver.unittests.dll" id="a4e9e6d8-4075-3279-3fca-8bde89c4eb77">
      <Execution id="05108fc4-54b2-4baf-afb2-166f342f5620" />
      <TestMethod codeBase="D:\actions-runner\_work\XPCO\XPCO\IdentityServer\VideoOS.IdentityServer.UnitTests\bin\Debug\net6.0\win-x64\VideoOS.IdentityServer.UnitTests.dll" adapterTypeName="executor://xunit/VsTestRunner2/netcoreapp" className="VideoOS.IdentityServer.UnitTests.Filters.ApiExceptionFilterTest" name="OnException_ExceptionIsNotApiException_HttpContextResultIsNotSet" />
    </UnitTest>
    <UnitTest name="VideoOS.IdentityServer.UnitTests.Attributes.IsGuidTests.IsGuid_ValueIsGuidOrNull_ReturnsTrue(value: null)" storage="d:\actions-runner\_work\xpco\xpco\identityserver\videoos.identityserver.unittests\bin\debug\net6.0\win-x64\videoos.identityserver.unittests.dll" id="09390f4d-0b0d-dc1c-1268-43edcd861ff3">
      <Execution id="484b690d-bf79-44b2-98a8-45dc1606bbfd" />
      <TestMethod codeBase="D:\actions-runner\_work\XPCO\XPCO\IdentityServer\VideoOS.IdentityServer.UnitTests\bin\Debug\net6.0\win-x64\VideoOS.IdentityServer.UnitTests.dll" adapterTypeName="executor://xunit/VsTestRunner2/netcoreapp" className="VideoOS.IdentityServer.UnitTests.Attributes.IsGuidTests" name="IsGuid_ValueIsGuidOrNull_ReturnsTrue" />
    </UnitTest>
    <UnitTest name="VideoOS.IdentityServer.UnitTests.Attributes.SIDAttributeTests.IsValid_IsNotCorrectSidFormat_ReturnsFalse(value: &quot;123&quot;)" storage="d:\actions-runner\_work\xpco\xpco\identityserver\videoos.identityserver.unittests\bin\debug\net6.0\win-x64\videoos.identityserver.unittests.dll" id="45d3a797-f67c-21fc-e7a9-af6ed19a1606">
      <Execution id="aab99a8b-fdf2-4994-89ee-62ffa8b628b1" />
      <TestMethod codeBase="D:\actions-runner\_work\XPCO\XPCO\IdentityServer\VideoOS.IdentityServer.UnitTests\bin\Debug\net6.0\win-x64\VideoOS.IdentityServer.UnitTests.dll" adapterTypeName="executor://xunit/VsTestRunner2/netcoreapp" className="VideoOS.IdentityServer.UnitTests.Attributes.SIDAttributeTests" name="IsValid_IsNotCorrectSidFormat_ReturnsFalse" />
    </UnitTest>
    <UnitTest name="VideoOS.IdentityServer.UnitTests.Repositories.VmsUserManagerTests.FindByFilterAsync_UsingNoFilters_AllUsers" storage="d:\actions-runner\_work\xpco\xpco\identityserver\videoos.identityserver.unittests\bin\debug\net6.0\win-x64\videoos.identityserver.unittests.dll" id="35fe19db-7a3f-051f-fc38-6b2b26be791d">
      <Execution id="0bdb575b-695a-4534-a30c-ca341d4b1b91" />
      <TestMethod codeBase="D:\actions-runner\_work\XPCO\XPCO\IdentityServer\VideoOS.IdentityServer.UnitTests\bin\Debug\net6.0\win-x64\VideoOS.IdentityServer.UnitTests.dll" adapterTypeName="executor://xunit/VsTestRunner2/netcoreapp" className="VideoOS.IdentityServer.UnitTests.Repositories.VmsUserManagerTests" name="FindByFilterAsync_UsingNoFilters_AllUsers" />
    </UnitTest>
    <UnitTest name="VideoOS.IdentityServer.UnitTests.Services.UserProvisionerTests.CreateOrUpdateUser_NewUserNoPreferredNoName_FirstAndLast" storage="d:\actions-runner\_work\xpco\xpco\identityserver\videoos.identityserver.unittests\bin\debug\net6.0\win-x64\videoos.identityserver.unittests.dll" id="b2bc26c4-1fb2-72c6-2cd4-9ee8e92adced">
      <Execution id="772fff0f-233b-4dfe-a502-9b11a6127e6a" />
      <TestMethod codeBase="D:\actions-runner\_work\XPCO\XPCO\IdentityServer\VideoOS.IdentityServer.UnitTests\bin\Debug\net6.0\win-x64\VideoOS.IdentityServer.UnitTests.dll" adapterTypeName="executor://xunit/VsTestRunner2/netcoreapp" className="VideoOS.IdentityServer.UnitTests.Services.UserProvisionerTests" name="CreateOrUpdateUser_NewUserNoPreferredNoName_FirstAndLast" />
    </UnitTest>
    <UnitTest name="VideoOS.IdentityServer.UnitTests.Controllers.UsersControllerTests.Post_UserIsCreated_ReturnCreatedResultWithUserDto" storage="d:\actions-runner\_work\xpco\xpco\identityserver\videoos.identityserver.unittests\bin\debug\net6.0\win-x64\videoos.identityserver.unittests.dll" id="06c58579-c702-4e23-3f60-256bc8b3f2e6">
      <Execution id="96a69bf5-b379-4c14-8189-7a764f75976f" />
      <TestMethod codeBase="D:\actions-runner\_work\XPCO\XPCO\IdentityServer\VideoOS.IdentityServer.UnitTests\bin\Debug\net6.0\win-x64\VideoOS.IdentityServer.UnitTests.dll" adapterTypeName="executor://xunit/VsTestRunner2/netcoreapp" className="VideoOS.IdentityServer.UnitTests.Controllers.UsersControllerTests" name="Post_UserIsCreated_ReturnCreatedResultWithUserDto" />
    </UnitTest>
    <UnitTest name="VideoOS.IdentityServer.UnitTests.Attributes.SIDAttributeTests.IsValid_IsNotCorrectSidFormat_ReturnsFalse(value: &quot;0-1-1-0&quot;)" storage="d:\actions-runner\_work\xpco\xpco\identityserver\videoos.identityserver.unittests\bin\debug\net6.0\win-x64\videoos.identityserver.unittests.dll" id="d5a56717-e9ce-6498-18fd-77539cebf38b">
      <Execution id="7e8c2ae9-e1b9-4689-be68-17edc0f9029a" />
      <TestMethod codeBase="D:\actions-runner\_work\XPCO\XPCO\IdentityServer\VideoOS.IdentityServer.UnitTests\bin\Debug\net6.0\win-x64\VideoOS.IdentityServer.UnitTests.dll" adapterTypeName="executor://xunit/VsTestRunner2/netcoreapp" className="VideoOS.IdentityServer.UnitTests.Attributes.SIDAttributeTests" name="IsValid_IsNotCorrectSidFormat_ReturnsFalse" />
    </UnitTest>
    <UnitTest name="VideoOS.IdentityServer.UnitTests.Services.ExternalTokenValidatorTests.GetSubjectTokenClaims_SubjectTokenMissingIdpClaim_TokenNotValidatedAndErrorReturned" storage="d:\actions-runner\_work\xpco\xpco\identityserver\videoos.identityserver.unittests\bin\debug\net6.0\win-x64\videoos.identityserver.unittests.dll" id="5ae210e3-e23b-93eb-c3be-675944e83729">
      <Execution id="64a4b063-f42f-439a-9ac2-9e7a526ecb10" />
      <TestMethod codeBase="D:\actions-runner\_work\XPCO\XPCO\IdentityServer\VideoOS.IdentityServer.UnitTests\bin\Debug\net6.0\win-x64\VideoOS.IdentityServer.UnitTests.dll" adapterTypeName="executor://xunit/VsTestRunner2/netcoreapp" className="VideoOS.IdentityServer.UnitTests.Services.ExternalTokenValidatorTests" name="GetSubjectTokenClaims_SubjectTokenMissingIdpClaim_TokenNotValidatedAndErrorReturned" />
    </UnitTest>
    <UnitTest name="VideoOS.IdentityServer.UnitTests.Helper.ExpressionBuilderTests.FromString_DifferentQueriesWithAllowedSearchNames_ReturnsExpectedCount(query: &quot;number ge 4&quot;, expectedCount: 2, allowedSearchNames: [&quot;Number&quot;])" storage="d:\actions-runner\_work\xpco\xpco\identityserver\videoos.identityserver.unittests\bin\debug\net6.0\win-x64\videoos.identityserver.unittests.dll" id="3fdce964-b125-48a8-5647-b9bf4f10a233">
      <Execution id="a1299864-1b8b-4d7b-96aa-e9af3e2d0812" />
      <TestMethod codeBase="D:\actions-runner\_work\XPCO\XPCO\IdentityServer\VideoOS.IdentityServer.UnitTests\bin\Debug\net6.0\win-x64\VideoOS.IdentityServer.UnitTests.dll" adapterTypeName="executor://xunit/VsTestRunner2/netcoreapp" className="VideoOS.IdentityServer.UnitTests.Helper.ExpressionBuilderTests" name="FromString_DifferentQueriesWithAllowedSearchNames_ReturnsExpectedCount" />
    </UnitTest>
    <UnitTest name="VideoOS.IdentityServer.UnitTests.Services.PasswordHasherWithLegacySupportTests.VerifyHashedPassword_WrongPassword_Failed" storage="d:\actions-runner\_work\xpco\xpco\identityserver\videoos.identityserver.unittests\bin\debug\net6.0\win-x64\videoos.identityserver.unittests.dll" id="0dd32194-079f-14b9-f79d-a47e9b479a8d">
      <Execution id="51d59b2a-bca7-443c-bb29-6200d21fb40f" />
      <TestMethod codeBase="D:\actions-runner\_work\XPCO\XPCO\IdentityServer\VideoOS.IdentityServer.UnitTests\bin\Debug\net6.0\win-x64\VideoOS.IdentityServer.UnitTests.dll" adapterTypeName="executor://xunit/VsTestRunner2/netcoreapp" className="VideoOS.IdentityServer.UnitTests.Services.PasswordHasherWithLegacySupportTests" name="VerifyHashedPassword_WrongPassword_Failed" />
    </UnitTest>
    <UnitTest name="VideoOS.IdentityServer.UnitTests.Services.ExternalTokenValidatorTests.GetSubjectTokenClaims_ValidSubjectToken_TokenValidatedAndNoErrorReturned" storage="d:\actions-runner\_work\xpco\xpco\identityserver\videoos.identityserver.unittests\bin\debug\net6.0\win-x64\videoos.identityserver.unittests.dll" id="e10bc392-ff62-30ee-5e25-68f07f7ccdfb">
      <Execution id="188ea524-aeb4-42ae-aeda-ac59c112bad8" />
      <TestMethod codeBase="D:\actions-runner\_work\XPCO\XPCO\IdentityServer\VideoOS.IdentityServer.UnitTests\bin\Debug\net6.0\win-x64\VideoOS.IdentityServer.UnitTests.dll" adapterTypeName="executor://xunit/VsTestRunner2/netcoreapp" className="VideoOS.IdentityServer.UnitTests.Services.ExternalTokenValidatorTests" name="GetSubjectTokenClaims_ValidSubjectToken_TokenValidatedAndNoErrorReturned" />
    </UnitTest>
    <UnitTest name="VideoOS.IdentityServer.UnitTests.Services.EventLogServiceTest.Log_LogModelIsNull_ArgumentNullException" storage="d:\actions-runner\_work\xpco\xpco\identityserver\videoos.identityserver.unittests\bin\debug\net6.0\win-x64\videoos.identityserver.unittests.dll" id="af815e99-2b63-05e9-7ea1-bfc6de0216ca">
      <Execution id="45a8cbc3-a1af-4ee1-94c0-041428ba607a" />
      <TestMethod codeBase="D:\actions-runner\_work\XPCO\XPCO\IdentityServer\VideoOS.IdentityServer.UnitTests\bin\Debug\net6.0\win-x64\VideoOS.IdentityServer.UnitTests.dll" adapterTypeName="executor://xunit/VsTestRunner2/netcoreapp" className="VideoOS.IdentityServer.UnitTests.Services.EventLogServiceTest" name="Log_LogModelIsNull_ArgumentNullException" />
    </UnitTest>
    <UnitTest name="VideoOS.IdentityServer.UnitTests.Repositories.VmsUserManagerTests.CreateUserInternalAsync_LockoutDisabledAndUserHaveNotLockoutEnd_Success" storage="d:\actions-runner\_work\xpco\xpco\identityserver\videoos.identityserver.unittests\bin\debug\net6.0\win-x64\videoos.identityserver.unittests.dll" id="00d7f6e7-1681-b470-5943-2b2a47f76c10">
      <Execution id="2d789015-15db-4f4e-b753-5d8d41912ae8" />
      <TestMethod codeBase="D:\actions-runner\_work\XPCO\XPCO\IdentityServer\VideoOS.IdentityServer.UnitTests\bin\Debug\net6.0\win-x64\VideoOS.IdentityServer.UnitTests.dll" adapterTypeName="executor://xunit/VsTestRunner2/netcoreapp" className="VideoOS.IdentityServer.UnitTests.Repositories.VmsUserManagerTests" name="CreateUserInternalAsync_LockoutDisabledAndUserHaveNotLockoutEnd_Success" />
    </UnitTest>
    <UnitTest name="VideoOS.IdentityServer.UnitTests.Pages.LoginTests.OnPostAsync_UserLoginSuccess_EventLogCreated" storage="d:\actions-runner\_work\xpco\xpco\identityserver\videoos.identityserver.unittests\bin\debug\net6.0\win-x64\videoos.identityserver.unittests.dll" id="8bed271a-762f-7749-24bd-471c01a4f81b">
      <Execution id="e133ebba-205e-407d-8b7b-10741e2b5d4a" />
      <TestMethod codeBase="D:\actions-runner\_work\XPCO\XPCO\IdentityServer\VideoOS.IdentityServer.UnitTests\bin\Debug\net6.0\win-x64\VideoOS.IdentityServer.UnitTests.dll" adapterTypeName="executor://xunit/VsTestRunner2/netcoreapp" className="VideoOS.IdentityServer.UnitTests.Pages.LoginTests" name="OnPostAsync_UserLoginSuccess_EventLogCreated" />
    </UnitTest>
    <UnitTest name="VideoOS.IdentityServer.UnitTests.Controllers.ClientsControllerTests.GetClient_ClientNotFound_ReturnNotFoundResult" storage="d:\actions-runner\_work\xpco\xpco\identityserver\videoos.identityserver.unittests\bin\debug\net6.0\win-x64\videoos.identityserver.unittests.dll" id="c5a08dea-4572-0d74-7cd4-dd8bde384377">
      <Execution id="d131546d-f36b-43f8-8998-7e2967a05c25" />
      <TestMethod codeBase="D:\actions-runner\_work\XPCO\XPCO\IdentityServer\VideoOS.IdentityServer.UnitTests\bin\Debug\net6.0\win-x64\VideoOS.IdentityServer.UnitTests.dll" adapterTypeName="executor://xunit/VsTestRunner2/netcoreapp" className="VideoOS.IdentityServer.UnitTests.Controllers.ClientsControllerTests" name="GetClient_ClientNotFound_ReturnNotFoundResult" />
    </UnitTest>
    <UnitTest name="VideoOS.IdentityServer.UnitTests.Controllers.TrustedIssuersControllerTests.Post_AddressExists_DuplicateTrustedIssuerError" storage="d:\actions-runner\_work\xpco\xpco\identityserver\videoos.identityserver.unittests\bin\debug\net6.0\win-x64\videoos.identityserver.unittests.dll" id="473a3c80-3ea8-a077-65a6-e1d2c4bcc082">
      <Execution id="3d7cb61a-c1e3-4433-8512-6a9761adc7ae" />
      <TestMethod codeBase="D:\actions-runner\_work\XPCO\XPCO\IdentityServer\VideoOS.IdentityServer.UnitTests\bin\Debug\net6.0\win-x64\VideoOS.IdentityServer.UnitTests.dll" adapterTypeName="executor://xunit/VsTestRunner2/netcoreapp" className="VideoOS.IdentityServer.UnitTests.Controllers.TrustedIssuersControllerTests" name="Post_AddressExists_DuplicateTrustedIssuerError" />
    </UnitTest>
    <UnitTest name="VideoOS.IdentityServer.UnitTests.Services.PasswordHasherWithLegacySupportTests.VerifyHashedPassword_CorrectLegacyPassword_SuccessRehashNeeded(encryptionMethod: &quot;SHA1&quot;)" storage="d:\actions-runner\_work\xpco\xpco\identityserver\videoos.identityserver.unittests\bin\debug\net6.0\win-x64\videoos.identityserver.unittests.dll" id="d2484591-128b-24ef-8f52-6d83f7bc2c3f">
      <Execution id="e6881b7e-dd3e-41f9-8b19-a27eeaa2f6a8" />
      <TestMethod codeBase="D:\actions-runner\_work\XPCO\XPCO\IdentityServer\VideoOS.IdentityServer.UnitTests\bin\Debug\net6.0\win-x64\VideoOS.IdentityServer.UnitTests.dll" adapterTypeName="executor://xunit/VsTestRunner2/netcoreapp" className="VideoOS.IdentityServer.UnitTests.Services.PasswordHasherWithLegacySupportTests" name="VerifyHashedPassword_CorrectLegacyPassword_SuccessRehashNeeded" />
    </UnitTest>
    <UnitTest name="VideoOS.IdentityServer.UnitTests.Pages.LoginTests.OnGetAsync_NoIdpSpecified_Local" storage="d:\actions-runner\_work\xpco\xpco\identityserver\videoos.identityserver.unittests\bin\debug\net6.0\win-x64\videoos.identityserver.unittests.dll" id="4bfae0fd-12aa-8da0-8477-e5814b23f285">
      <Execution id="f8d7f4c2-45d5-417e-802c-2deaa8de4acb" />
      <TestMethod codeBase="D:\actions-runner\_work\XPCO\XPCO\IdentityServer\VideoOS.IdentityServer.UnitTests\bin\Debug\net6.0\win-x64\VideoOS.IdentityServer.UnitTests.dll" adapterTypeName="executor://xunit/VsTestRunner2/netcoreapp" className="VideoOS.IdentityServer.UnitTests.Pages.LoginTests" name="OnGetAsync_NoIdpSpecified_Local" />
    </UnitTest>
    <UnitTest name="VideoOS.IdentityServer.UnitTests.Services.UserProvisionerTests.CreateOrUpdateUser_NewUserNoPreferredNoNameNoLast_First" storage="d:\actions-runner\_work\xpco\xpco\identityserver\videoos.identityserver.unittests\bin\debug\net6.0\win-x64\videoos.identityserver.unittests.dll" id="1516a435-f2df-7974-adb8-b2d5f187527e">
      <Execution id="7844498d-4f6d-46fc-925e-42ffa80ae574" />
      <TestMethod codeBase="D:\actions-runner\_work\XPCO\XPCO\IdentityServer\VideoOS.IdentityServer.UnitTests\bin\Debug\net6.0\win-x64\VideoOS.IdentityServer.UnitTests.dll" adapterTypeName="executor://xunit/VsTestRunner2/netcoreapp" className="VideoOS.IdentityServer.UnitTests.Services.UserProvisionerTests" name="CreateOrUpdateUser_NewUserNoPreferredNoNameNoLast_First" />
    </UnitTest>
    <UnitTest name="VideoOS.IdentityServer.UnitTests.Controllers.UsersControllerTests.Delete_UserNotFound_ReturnNotFoundResult" storage="d:\actions-runner\_work\xpco\xpco\identityserver\videoos.identityserver.unittests\bin\debug\net6.0\win-x64\videoos.identityserver.unittests.dll" id="2fbd5cb9-8d43-e652-c6c4-785c5c4ad1d3">
      <Execution id="8c65cb21-957a-4b4b-9f6e-8a80ea8e63b9" />
      <TestMethod codeBase="D:\actions-runner\_work\XPCO\XPCO\IdentityServer\VideoOS.IdentityServer.UnitTests\bin\Debug\net6.0\win-x64\VideoOS.IdentityServer.UnitTests.dll" adapterTypeName="executor://xunit/VsTestRunner2/netcoreapp" className="VideoOS.IdentityServer.UnitTests.Controllers.UsersControllerTests" name="Delete_UserNotFound_ReturnNotFoundResult" />
    </UnitTest>
    <UnitTest name="VideoOS.IdentityServer.UnitTests.Controllers.LoginProvidersControllerTests.Delete_LoginProviderDoesNotExist_Failure" storage="d:\actions-runner\_work\xpco\xpco\identityserver\videoos.identityserver.unittests\bin\debug\net6.0\win-x64\videoos.identityserver.unittests.dll" id="3e5751fd-bef9-cbe8-22ed-24370fbfaf62">
      <Execution id="0b55d85b-fe66-4ff6-8283-038cb05190a1" />
      <TestMethod codeBase="D:\actions-runner\_work\XPCO\XPCO\IdentityServer\VideoOS.IdentityServer.UnitTests\bin\Debug\net6.0\win-x64\VideoOS.IdentityServer.UnitTests.dll" adapterTypeName="executor://xunit/VsTestRunner2/netcoreapp" className="VideoOS.IdentityServer.UnitTests.Controllers.LoginProvidersControllerTests" name="Delete_LoginProviderDoesNotExist_Failure" />
    </UnitTest>
    <UnitTest name="VideoOS.IdentityServer.UnitTests.GrantValidators.TokenExchangeGrantValidatorTests.ValidateAsync_ExchangeStyleNotProvided_InvalidRequestReturned" storage="d:\actions-runner\_work\xpco\xpco\identityserver\videoos.identityserver.unittests\bin\debug\net6.0\win-x64\videoos.identityserver.unittests.dll" id="174d39b0-bd84-a0df-73ab-c147dfe89409">
      <Execution id="a9f73265-2f35-456a-b9ca-bd15d9ac6eef" />
      <TestMethod codeBase="D:\actions-runner\_work\XPCO\XPCO\IdentityServer\VideoOS.IdentityServer.UnitTests\bin\Debug\net6.0\win-x64\VideoOS.IdentityServer.UnitTests.dll" adapterTypeName="executor://xunit/VsTestRunner2/netcoreapp" className="VideoOS.IdentityServer.UnitTests.GrantValidators.TokenExchangeGrantValidatorTests" name="ValidateAsync_ExchangeStyleNotProvided_InvalidRequestReturned" />
    </UnitTest>
    <UnitTest name="VideoOS.IdentityServer.UnitTests.Helper.ExpressionBuilderTests.FromString_DifferentQueriesWithNoListOfAllowedSearchNames_ReturnsExpectedCount(query: &quot;time ge 1000-1-1&quot;, expectedCount: 3)" storage="d:\actions-runner\_work\xpco\xpco\identityserver\videoos.identityserver.unittests\bin\debug\net6.0\win-x64\videoos.identityserver.unittests.dll" id="453ac4b1-ff13-2691-3fe8-455ba35d7332">
      <Execution id="b20d7e9a-47a4-4d34-beb4-46bdaaff7528" />
      <TestMethod codeBase="D:\actions-runner\_work\XPCO\XPCO\IdentityServer\VideoOS.IdentityServer.UnitTests\bin\Debug\net6.0\win-x64\VideoOS.IdentityServer.UnitTests.dll" adapterTypeName="executor://xunit/VsTestRunner2/netcoreapp" className="VideoOS.IdentityServer.UnitTests.Helper.ExpressionBuilderTests" name="FromString_DifferentQueriesWithNoListOfAllowedSearchNames_ReturnsExpectedCount" />
    </UnitTest>
    <UnitTest name="VideoOS.IdentityServer.UnitTests.Repositories.VmsUserManagerTests.FindByFilterAsync_UserFoundUsingValue_User" storage="d:\actions-runner\_work\xpco\xpco\identityserver\videoos.identityserver.unittests\bin\debug\net6.0\win-x64\videoos.identityserver.unittests.dll" id="12da9981-a027-e01f-77a5-00298def904b">
      <Execution id="344633da-0e04-4391-b66f-32c6f16c7e59" />
      <TestMethod codeBase="D:\actions-runner\_work\XPCO\XPCO\IdentityServer\VideoOS.IdentityServer.UnitTests\bin\Debug\net6.0\win-x64\VideoOS.IdentityServer.UnitTests.dll" adapterTypeName="executor://xunit/VsTestRunner2/netcoreapp" className="VideoOS.IdentityServer.UnitTests.Repositories.VmsUserManagerTests" name="FindByFilterAsync_UserFoundUsingValue_User" />
    </UnitTest>
    <UnitTest name="VideoOS.IdentityServer.UnitTests.Services.ProfileServiceTests.GetProfileDataAsync_VmsUserNoRequestedClaims_RequiredClaims" storage="d:\actions-runner\_work\xpco\xpco\identityserver\videoos.identityserver.unittests\bin\debug\net6.0\win-x64\videoos.identityserver.unittests.dll" id="c4fabfc6-aea7-ce5f-c9bf-0e383b17ae93">
      <Execution id="e31241fa-0ad5-4523-9a81-81c892d6c3da" />
      <TestMethod codeBase="D:\actions-runner\_work\XPCO\XPCO\IdentityServer\VideoOS.IdentityServer.UnitTests\bin\Debug\net6.0\win-x64\VideoOS.IdentityServer.UnitTests.dll" adapterTypeName="executor://xunit/VsTestRunner2/netcoreapp" className="VideoOS.IdentityServer.UnitTests.Services.ProfileServiceTests" name="GetProfileDataAsync_VmsUserNoRequestedClaims_RequiredClaims" />
    </UnitTest>
    <UnitTest name="VideoOS.IdentityServer.UnitTests.GrantValidators.WinAuthGrantValidatorTests.ValidateAsync_UserIsNotAuthenticated_FailureResultIsSet" storage="d:\actions-runner\_work\xpco\xpco\identityserver\videoos.identityserver.unittests\bin\debug\net6.0\win-x64\videoos.identityserver.unittests.dll" id="32695111-f0d1-5117-1ea3-fba755aaec22">
      <Execution id="6a61a498-2a3b-4de1-8ab3-5a30d5eb81c1" />
      <TestMethod codeBase="D:\actions-runner\_work\XPCO\XPCO\IdentityServer\VideoOS.IdentityServer.UnitTests\bin\Debug\net6.0\win-x64\VideoOS.IdentityServer.UnitTests.dll" adapterTypeName="executor://xunit/VsTestRunner2/netcoreapp" className="VideoOS.IdentityServer.UnitTests.GrantValidators.WinAuthGrantValidatorTests" name="ValidateAsync_UserIsNotAuthenticated_FailureResultIsSet" />
    </UnitTest>
    <UnitTest name="VideoOS.IdentityServer.UnitTests.GrantValidators.TokenExchangeGrantValidatorTests.ValidateAsync_ErrorGettingUserClaims_InvalidRequestReturned" storage="d:\actions-runner\_work\xpco\xpco\identityserver\videoos.identityserver.unittests\bin\debug\net6.0\win-x64\videoos.identityserver.unittests.dll" id="151a6d7d-62b0-0dab-d4be-0184b6258435">
      <Execution id="0f40cc3c-f66b-4b81-b4cd-d25714b54ab4" />
      <TestMethod codeBase="D:\actions-runner\_work\XPCO\XPCO\IdentityServer\VideoOS.IdentityServer.UnitTests\bin\Debug\net6.0\win-x64\VideoOS.IdentityServer.UnitTests.dll" adapterTypeName="executor://xunit/VsTestRunner2/netcoreapp" className="VideoOS.IdentityServer.UnitTests.GrantValidators.TokenExchangeGrantValidatorTests" name="ValidateAsync_ErrorGettingUserClaims_InvalidRequestReturned" />
    </UnitTest>
    <UnitTest name="VideoOS.IdentityServer.UnitTests.Extensions.ClaimActionCollectionExtensionTests.MapAllExcept_CollectionWithExistingAction_RemovesExistingActionAndAdds_MapAllClaimsActionAndEnumerateArray_DeleteClaimAction" storage="d:\actions-runner\_work\xpco\xpco\identityserver\videoos.identityserver.unittests\bin\debug\net6.0\win-x64\videoos.identityserver.unittests.dll" id="45129488-13fb-76bf-a100-0cf810f72436">
      <Execution id="cc4a35f2-a031-4a26-ac5c-5edd18562e2b" />
      <TestMethod codeBase="D:\actions-runner\_work\XPCO\XPCO\IdentityServer\VideoOS.IdentityServer.UnitTests\bin\Debug\net6.0\win-x64\VideoOS.IdentityServer.UnitTests.dll" adapterTypeName="executor://xunit/VsTestRunner2/netcoreapp" className="VideoOS.IdentityServer.UnitTests.Extensions.ClaimActionCollectionExtensionTests" name="MapAllExcept_CollectionWithExistingAction_RemovesExistingActionAndAdds_MapAllClaimsActionAndEnumerateArray_DeleteClaimAction" />
    </UnitTest>
    <UnitTest name="VideoOS.IdentityServer.UnitTests.Services.EventLogServiceTest.Log_LogSuccess_TimeStampSet" storage="d:\actions-runner\_work\xpco\xpco\identityserver\videoos.identityserver.unittests\bin\debug\net6.0\win-x64\videoos.identityserver.unittests.dll" id="1d389ffb-2e11-5848-1632-d0c27e2b06c9">
      <Execution id="413f2cc3-838a-4364-ad15-b2ab809d5bd3" />
      <TestMethod codeBase="D:\actions-runner\_work\XPCO\XPCO\IdentityServer\VideoOS.IdentityServer.UnitTests\bin\Debug\net6.0\win-x64\VideoOS.IdentityServer.UnitTests.dll" adapterTypeName="executor://xunit/VsTestRunner2/netcoreapp" className="VideoOS.IdentityServer.UnitTests.Services.EventLogServiceTest" name="Log_LogSuccess_TimeStampSet" />
    </UnitTest>
    <UnitTest name="VideoOS.IdentityServer.UnitTests.Controllers.ExternalProviderManagerTests.UpdateProvider_LoginProvider_Enabled_DontExist_AddsConfiguration" storage="d:\actions-runner\_work\xpco\xpco\identityserver\videoos.identityserver.unittests\bin\debug\net6.0\win-x64\videoos.identityserver.unittests.dll" id="ebac9683-6a2b-566e-3770-780405485cc2">
      <Execution id="937cf82a-1a83-4394-8427-2a4a049e960d" />
      <TestMethod codeBase="D:\actions-runner\_work\XPCO\XPCO\IdentityServer\VideoOS.IdentityServer.UnitTests\bin\Debug\net6.0\win-x64\VideoOS.IdentityServer.UnitTests.dll" adapterTypeName="executor://xunit/VsTestRunner2/netcoreapp" className="VideoOS.IdentityServer.UnitTests.Controllers.ExternalProviderManagerTests" name="UpdateProvider_LoginProvider_Enabled_DontExist_AddsConfiguration" />
    </UnitTest>
    <UnitTest name="VideoOS.IdentityServer.UnitTests.Controllers.BaseControllerTests.BadRequest_InvokeWithIdentityError_ReturnsResultWithErrorResponse" storage="d:\actions-runner\_work\xpco\xpco\identityserver\videoos.identityserver.unittests\bin\debug\net6.0\win-x64\videoos.identityserver.unittests.dll" id="87f4d9b7-2d7e-23c1-4003-883f358f7c2a">
      <Execution id="4c8ec41c-f9ec-4fc3-b610-534539eec21f" />
      <TestMethod codeBase="D:\actions-runner\_work\XPCO\XPCO\IdentityServer\VideoOS.IdentityServer.UnitTests\bin\Debug\net6.0\win-x64\VideoOS.IdentityServer.UnitTests.dll" adapterTypeName="executor://xunit/VsTestRunner2/netcoreapp" className="VideoOS.IdentityServer.UnitTests.Controllers.BaseControllerTests" name="BadRequest_InvokeWithIdentityError_ReturnsResultWithErrorResponse" />
    </UnitTest>
    <UnitTest name="VideoOS.IdentityServer.UnitTests.Helper.MapAllClaimsActionAndEnumerateArrayTests.Run_DuplicateSingleClaimPairs_DuplicatePairsGetRemoved" storage="d:\actions-runner\_work\xpco\xpco\identityserver\videoos.identityserver.unittests\bin\debug\net6.0\win-x64\videoos.identityserver.unittests.dll" id="3675eaec-c59e-9a8e-9bcb-78e436b9d77d">
      <Execution id="ccbcb339-fba4-49c0-bfec-2d0bfe687958" />
      <TestMethod codeBase="D:\actions-runner\_work\XPCO\XPCO\IdentityServer\VideoOS.IdentityServer.UnitTests\bin\Debug\net6.0\win-x64\VideoOS.IdentityServer.UnitTests.dll" adapterTypeName="executor://xunit/VsTestRunner2/netcoreapp" className="VideoOS.IdentityServer.UnitTests.Helper.MapAllClaimsActionAndEnumerateArrayTests" name="Run_DuplicateSingleClaimPairs_DuplicatePairsGetRemoved" />
    </UnitTest>
    <UnitTest name="VideoOS.IdentityServer.UnitTests.GrantValidators.TokenExchangeGrantValidatorTests.ValidateAsync_GetWellKnownConfigurationFails_InvalidRequestReturned" storage="d:\actions-runner\_work\xpco\xpco\identityserver\videoos.identityserver.unittests\bin\debug\net6.0\win-x64\videoos.identityserver.unittests.dll" id="93219c7c-8c54-78f0-c93d-da4407676ef0">
      <Execution id="9d0eda9a-711a-4cd7-890d-1f378155c7f5" />
      <TestMethod codeBase="D:\actions-runner\_work\XPCO\XPCO\IdentityServer\VideoOS.IdentityServer.UnitTests\bin\Debug\net6.0\win-x64\VideoOS.IdentityServer.UnitTests.dll" adapterTypeName="executor://xunit/VsTestRunner2/netcoreapp" className="VideoOS.IdentityServer.UnitTests.GrantValidators.TokenExchangeGrantValidatorTests" name="ValidateAsync_GetWellKnownConfigurationFails_InvalidRequestReturned" />
    </UnitTest>
    <UnitTest name="VideoOS.IdentityServer.UnitTests.Pages.LoginTests.OnGetAsync_LocalIdpSpecified_Local" storage="d:\actions-runner\_work\xpco\xpco\identityserver\videoos.identityserver.unittests\bin\debug\net6.0\win-x64\videoos.identityserver.unittests.dll" id="014351e4-7bfa-ccb3-8272-e98f933a2890">
      <Execution id="33127f74-a2ac-49ac-8a16-020c48d55675" />
      <TestMethod codeBase="D:\actions-runner\_work\XPCO\XPCO\IdentityServer\VideoOS.IdentityServer.UnitTests\bin\Debug\net6.0\win-x64\VideoOS.IdentityServer.UnitTests.dll" adapterTypeName="executor://xunit/VsTestRunner2/netcoreapp" className="VideoOS.IdentityServer.UnitTests.Pages.LoginTests" name="OnGetAsync_LocalIdpSpecified_Local" />
    </UnitTest>
    <UnitTest name="VideoOS.IdentityServer.UnitTests.Controllers.ClientsControllerTests.RegisterClientClientCredentialsFlow_ClientExists_ClientIsUpdatedWithScopesNameAndSecret" storage="d:\actions-runner\_work\xpco\xpco\identityserver\videoos.identityserver.unittests\bin\debug\net6.0\win-x64\videoos.identityserver.unittests.dll" id="f11c9c08-493c-8d49-9530-a630d17cabb2">
      <Execution id="b98a4be9-06fe-4e81-b3a6-d467d55d77b9" />
      <TestMethod codeBase="D:\actions-runner\_work\XPCO\XPCO\IdentityServer\VideoOS.IdentityServer.UnitTests\bin\Debug\net6.0\win-x64\VideoOS.IdentityServer.UnitTests.dll" adapterTypeName="executor://xunit/VsTestRunner2/netcoreapp" className="VideoOS.IdentityServer.UnitTests.Controllers.ClientsControllerTests" name="RegisterClientClientCredentialsFlow_ClientExists_ClientIsUpdatedWithScopesNameAndSecret" />
    </UnitTest>
    <UnitTest name="VideoOS.IdentityServer.UnitTests.Middleware.CultureMiddlewareTests.InvokeAsync_Providers_WithCulture" storage="d:\actions-runner\_work\xpco\xpco\identityserver\videoos.identityserver.unittests\bin\debug\net6.0\win-x64\videoos.identityserver.unittests.dll" id="021b65a3-5a24-d0a2-2bab-f8b5bb6bca2d">
      <Execution id="4fa8b295-9fa9-4587-9851-f43fb9e5e422" />
      <TestMethod codeBase="D:\actions-runner\_work\XPCO\XPCO\IdentityServer\VideoOS.IdentityServer.UnitTests\bin\Debug\net6.0\win-x64\VideoOS.IdentityServer.UnitTests.dll" adapterTypeName="executor://xunit/VsTestRunner2/netcoreapp" className="VideoOS.IdentityServer.UnitTests.Middleware.CultureMiddlewareTests" name="InvokeAsync_Providers_WithCulture" />
    </UnitTest>
    <UnitTest name="VideoOS.IdentityServer.UnitTests.Repositories.ConfigurationRepositoryTest.SaveChangesAsync_NewChanges_SaveChangesIsCalledOnDbContext" storage="d:\actions-runner\_work\xpco\xpco\identityserver\videoos.identityserver.unittests\bin\debug\net6.0\win-x64\videoos.identityserver.unittests.dll" id="5be0f320-a152-b431-cfb2-bf34547301b1">
      <Execution id="0bcd6cb6-1cab-4db5-9870-9bdb871d25e5" />
      <TestMethod codeBase="D:\actions-runner\_work\XPCO\XPCO\IdentityServer\VideoOS.IdentityServer.UnitTests\bin\Debug\net6.0\win-x64\VideoOS.IdentityServer.UnitTests.dll" adapterTypeName="executor://xunit/VsTestRunner2/netcoreapp" className="VideoOS.IdentityServer.UnitTests.Repositories.ConfigurationRepositoryTest" name="SaveChangesAsync_NewChanges_SaveChangesIsCalledOnDbContext" />
    </UnitTest>
    <UnitTest name="VideoOS.IdentityServer.UnitTests.Middleware.CultureMiddlewareTests.InvokeAsync_NoProviders_DelegateRun" storage="d:\actions-runner\_work\xpco\xpco\identityserver\videoos.identityserver.unittests\bin\debug\net6.0\win-x64\videoos.identityserver.unittests.dll" id="2295bf5f-54b2-7009-b249-bb8ff450a189">
      <Execution id="eaeb71a6-d0b0-43b2-ad45-985960fa1bf1" />
      <TestMethod codeBase="D:\actions-runner\_work\XPCO\XPCO\IdentityServer\VideoOS.IdentityServer.UnitTests\bin\Debug\net6.0\win-x64\VideoOS.IdentityServer.UnitTests.dll" adapterTypeName="executor://xunit/VsTestRunner2/netcoreapp" className="VideoOS.IdentityServer.UnitTests.Middleware.CultureMiddlewareTests" name="InvokeAsync_NoProviders_DelegateRun" />
    </UnitTest>
    <UnitTest name="VideoOS.IdentityServer.UnitTests.Controllers.LoginsControllerTests.GetLogins_LoginsAreFound_OkResultWithLoginReturned" storage="d:\actions-runner\_work\xpco\xpco\identityserver\videoos.identityserver.unittests\bin\debug\net6.0\win-x64\videoos.identityserver.unittests.dll" id="d3785e46-fff2-840c-edea-a1fef358fc3e">
      <Execution id="2e29cc21-c273-43c2-9316-10f7fe136b3e" />
      <TestMethod codeBase="D:\actions-runner\_work\XPCO\XPCO\IdentityServer\VideoOS.IdentityServer.UnitTests\bin\Debug\net6.0\win-x64\VideoOS.IdentityServer.UnitTests.dll" adapterTypeName="executor://xunit/VsTestRunner2/netcoreapp" className="VideoOS.IdentityServer.UnitTests.Controllers.LoginsControllerTests" name="GetLogins_LoginsAreFound_OkResultWithLoginReturned" />
    </UnitTest>
    <UnitTest name="VideoOS.IdentityServer.UnitTests.Controllers.TrustedIssuersControllerTests.Delete_TrustedIssuerDoesnotExists_TrustedIssuerNotFoundError" storage="d:\actions-runner\_work\xpco\xpco\identityserver\videoos.identityserver.unittests\bin\debug\net6.0\win-x64\videoos.identityserver.unittests.dll" id="fe8caa31-dca9-eb84-ef3f-1e3d38758c51">
      <Execution id="38ea804c-d50e-4515-b2bd-6e263201ae16" />
      <TestMethod codeBase="D:\actions-runner\_work\XPCO\XPCO\IdentityServer\VideoOS.IdentityServer.UnitTests\bin\Debug\net6.0\win-x64\VideoOS.IdentityServer.UnitTests.dll" adapterTypeName="executor://xunit/VsTestRunner2/netcoreapp" className="VideoOS.IdentityServer.UnitTests.Controllers.TrustedIssuersControllerTests" name="Delete_TrustedIssuerDoesnotExists_TrustedIssuerNotFoundError" />
    </UnitTest>
    <UnitTest name="VideoOS.IdentityServer.UnitTests.GrantValidators.ResourceOwnerPasswordValidatorTests.ValidateAsync_UserDoesNotExists_InvalidCredentials" storage="d:\actions-runner\_work\xpco\xpco\identityserver\videoos.identityserver.unittests\bin\debug\net6.0\win-x64\videoos.identityserver.unittests.dll" id="06cbdd2b-1fec-3c68-def1-b3f41187d09c">
      <Execution id="fbf09534-b257-4dca-8944-57fc4ccaa997" />
      <TestMethod codeBase="D:\actions-runner\_work\XPCO\XPCO\IdentityServer\VideoOS.IdentityServer.UnitTests\bin\Debug\net6.0\win-x64\VideoOS.IdentityServer.UnitTests.dll" adapterTypeName="executor://xunit/VsTestRunner2/netcoreapp" className="VideoOS.IdentityServer.UnitTests.GrantValidators.ResourceOwnerPasswordValidatorTests" name="ValidateAsync_UserDoesNotExists_InvalidCredentials" />
    </UnitTest>
    <UnitTest name="VideoOS.IdentityServer.UnitTests.Middleware.ApiDisableStatusCodeFeatureMiddlewareTests.InvokeAsync_RequestNotApi_DelegateRun" storage="d:\actions-runner\_work\xpco\xpco\identityserver\videoos.identityserver.unittests\bin\debug\net6.0\win-x64\videoos.identityserver.unittests.dll" id="88de0f63-ba78-57ec-2506-bc07443ca376">
      <Execution id="65e8b09e-af63-48b9-a6cb-af928a6487f5" />
      <TestMethod codeBase="D:\actions-runner\_work\XPCO\XPCO\IdentityServer\VideoOS.IdentityServer.UnitTests\bin\Debug\net6.0\win-x64\VideoOS.IdentityServer.UnitTests.dll" adapterTypeName="executor://xunit/VsTestRunner2/netcoreapp" className="VideoOS.IdentityServer.UnitTests.Middleware.ApiDisableStatusCodeFeatureMiddlewareTests" name="InvokeAsync_RequestNotApi_DelegateRun" />
    </UnitTest>
    <UnitTest name="VideoOS.IdentityServer.UnitTests.Services.ProfileServiceTests.GetProfileDataAsync_VmsUserWithIdpClaimFromMultipleProviders_ClaimsOnlyFromRequestedIdp" storage="d:\actions-runner\_work\xpco\xpco\identityserver\videoos.identityserver.unittests\bin\debug\net6.0\win-x64\videoos.identityserver.unittests.dll" id="a9ca7c6c-7750-96d8-7871-98f181c65f98">
      <Execution id="68ec0a31-305c-4632-b53f-5e748a7930ce" />
      <TestMethod codeBase="D:\actions-runner\_work\XPCO\XPCO\IdentityServer\VideoOS.IdentityServer.UnitTests\bin\Debug\net6.0\win-x64\VideoOS.IdentityServer.UnitTests.dll" adapterTypeName="executor://xunit/VsTestRunner2/netcoreapp" className="VideoOS.IdentityServer.UnitTests.Services.ProfileServiceTests" name="GetProfileDataAsync_VmsUserWithIdpClaimFromMultipleProviders_ClaimsOnlyFromRequestedIdp" />
    </UnitTest>
    <UnitTest name="VideoOS.IdentityServer.UnitTests.Services.PasswordHasherWithLegacySupportTests.VerifyHashedPassword_WrongLegacyPassword_Failed(encryptionMethod: &quot;SHA2_512&quot;)" storage="d:\actions-runner\_work\xpco\xpco\identityserver\videoos.identityserver.unittests\bin\debug\net6.0\win-x64\videoos.identityserver.unittests.dll" id="2e898c72-c1a3-bc6e-005d-827c55556ffd">
      <Execution id="7799b06c-ef9c-466c-9b6e-7f07259ed47a" />
      <TestMethod codeBase="D:\actions-runner\_work\XPCO\XPCO\IdentityServer\VideoOS.IdentityServer.UnitTests\bin\Debug\net6.0\win-x64\VideoOS.IdentityServer.UnitTests.dll" adapterTypeName="executor://xunit/VsTestRunner2/netcoreapp" className="VideoOS.IdentityServer.UnitTests.Services.PasswordHasherWithLegacySupportTests" name="VerifyHashedPassword_WrongLegacyPassword_Failed" />
    </UnitTest>
    <UnitTest name="VideoOS.IdentityServer.UnitTests.Controllers.LoginsControllerTests.DeleteLogin_UserNotFound_NotFoundReturned" storage="d:\actions-runner\_work\xpco\xpco\identityserver\videoos.identityserver.unittests\bin\debug\net6.0\win-x64\videoos.identityserver.unittests.dll" id="13a66c9f-2eb4-db3a-7de2-27ae71a16c10">
      <Execution id="9c5ac0e5-0824-4c53-872b-528d9cd8c9b9" />
      <TestMethod codeBase="D:\actions-runner\_work\XPCO\XPCO\IdentityServer\VideoOS.IdentityServer.UnitTests\bin\Debug\net6.0\win-x64\VideoOS.IdentityServer.UnitTests.dll" adapterTypeName="executor://xunit/VsTestRunner2/netcoreapp" className="VideoOS.IdentityServer.UnitTests.Controllers.LoginsControllerTests" name="DeleteLogin_UserNotFound_NotFoundReturned" />
    </UnitTest>
    <UnitTest name="VideoOS.IdentityServer.UnitTests.Repositories.VmsUserManagerTests.FindByFilterAsync_UserFoundUsingTypeAndValue_User" storage="d:\actions-runner\_work\xpco\xpco\identityserver\videoos.identityserver.unittests\bin\debug\net6.0\win-x64\videoos.identityserver.unittests.dll" id="7e8832a1-6e32-0798-a936-7af59dafc611">
      <Execution id="5f6837c5-b9d3-4598-8bde-7c93d6435571" />
      <TestMethod codeBase="D:\actions-runner\_work\XPCO\XPCO\IdentityServer\VideoOS.IdentityServer.UnitTests\bin\Debug\net6.0\win-x64\VideoOS.IdentityServer.UnitTests.dll" adapterTypeName="executor://xunit/VsTestRunner2/netcoreapp" className="VideoOS.IdentityServer.UnitTests.Repositories.VmsUserManagerTests" name="FindByFilterAsync_UserFoundUsingTypeAndValue_User" />
    </UnitTest>
    <UnitTest name="VideoOS.IdentityServer.UnitTests.Services.UserProvisionerTests.CreateOrUpdateUser_NewUserUserNameAlreadyCreatedDifferentClaims_VerifyUserName" storage="d:\actions-runner\_work\xpco\xpco\identityserver\videoos.identityserver.unittests\bin\debug\net6.0\win-x64\videoos.identityserver.unittests.dll" id="eb1887f2-99e8-2199-5e42-44d49a96c712">
      <Execution id="73640cc4-10bd-4634-bdaa-cf0a85a95aff" />
      <TestMethod codeBase="D:\actions-runner\_work\XPCO\XPCO\IdentityServer\VideoOS.IdentityServer.UnitTests\bin\Debug\net6.0\win-x64\VideoOS.IdentityServer.UnitTests.dll" adapterTypeName="executor://xunit/VsTestRunner2/netcoreapp" className="VideoOS.IdentityServer.UnitTests.Services.UserProvisionerTests" name="CreateOrUpdateUser_NewUserUserNameAlreadyCreatedDifferentClaims_VerifyUserName" />
    </UnitTest>
    <UnitTest name="VideoOS.IdentityServer.UnitTests.Helper.ExpressionBuilderTests.FromString_DifferentQueriesWithNoListOfAllowedSearchNames_ReturnsExpectedCount(query: &quot;number eq 4&quot;, expectedCount: 1)" storage="d:\actions-runner\_work\xpco\xpco\identityserver\videoos.identityserver.unittests\bin\debug\net6.0\win-x64\videoos.identityserver.unittests.dll" id="c90c323b-6fae-869b-14eb-05786760e218">
      <Execution id="ecc086ce-ee99-41b9-9ffd-b96e06f51a40" />
      <TestMethod codeBase="D:\actions-runner\_work\XPCO\XPCO\IdentityServer\VideoOS.IdentityServer.UnitTests\bin\Debug\net6.0\win-x64\VideoOS.IdentityServer.UnitTests.dll" adapterTypeName="executor://xunit/VsTestRunner2/netcoreapp" className="VideoOS.IdentityServer.UnitTests.Helper.ExpressionBuilderTests" name="FromString_DifferentQueriesWithNoListOfAllowedSearchNames_ReturnsExpectedCount" />
    </UnitTest>
    <UnitTest name="VideoOS.IdentityServer.UnitTests.Attributes.NonEmptyListTests.NonEmptyList_ListIsNotEmpty_ReturnTrue" storage="d:\actions-runner\_work\xpco\xpco\identityserver\videoos.identityserver.unittests\bin\debug\net6.0\win-x64\videoos.identityserver.unittests.dll" id="23a0aadf-8602-0c4f-747c-73f2e22aefb8">
      <Execution id="df6c2a99-95ad-4c1c-8985-91de1ccd6cdc" />
      <TestMethod codeBase="D:\actions-runner\_work\XPCO\XPCO\IdentityServer\VideoOS.IdentityServer.UnitTests\bin\Debug\net6.0\win-x64\VideoOS.IdentityServer.UnitTests.dll" adapterTypeName="executor://xunit/VsTestRunner2/netcoreapp" className="VideoOS.IdentityServer.UnitTests.Attributes.NonEmptyListTests" name="NonEmptyList_ListIsNotEmpty_ReturnTrue" />
    </UnitTest>
    <UnitTest name="VideoOS.IdentityServer.UnitTests.Controllers.LoginsControllerTests.AddLogin_LoginIsCreated_CreatedRouteReturned" storage="d:\actions-runner\_work\xpco\xpco\identityserver\videoos.identityserver.unittests\bin\debug\net6.0\win-x64\videoos.identityserver.unittests.dll" id="b50992fa-5125-9c48-09b0-58c5626cfd46">
      <Execution id="96a4f6ca-4409-4c65-bad6-91daba9e7191" />
      <TestMethod codeBase="D:\actions-runner\_work\XPCO\XPCO\IdentityServer\VideoOS.IdentityServer.UnitTests\bin\Debug\net6.0\win-x64\VideoOS.IdentityServer.UnitTests.dll" adapterTypeName="executor://xunit/VsTestRunner2/netcoreapp" className="VideoOS.IdentityServer.UnitTests.Controllers.LoginsControllerTests" name="AddLogin_LoginIsCreated_CreatedRouteReturned" />
    </UnitTest>
    <UnitTest name="VideoOS.IdentityServer.UnitTests.Services.ProfileServiceTests.IsActiveAsync_VmsUserNotLockedOut_UserIsActive" storage="d:\actions-runner\_work\xpco\xpco\identityserver\videoos.identityserver.unittests\bin\debug\net6.0\win-x64\videoos.identityserver.unittests.dll" id="7c812c75-8698-739c-a3b1-a7c2920998be">
      <Execution id="fde0d56c-33b1-492d-81c4-f69a59194dc7" />
      <TestMethod codeBase="D:\actions-runner\_work\XPCO\XPCO\IdentityServer\VideoOS.IdentityServer.UnitTests\bin\Debug\net6.0\win-x64\VideoOS.IdentityServer.UnitTests.dll" adapterTypeName="executor://xunit/VsTestRunner2/netcoreapp" className="VideoOS.IdentityServer.UnitTests.Services.ProfileServiceTests" name="IsActiveAsync_VmsUserNotLockedOut_UserIsActive" />
    </UnitTest>
    <UnitTest name="VideoOS.IdentityServer.UnitTests.Pages.LoginTests.OnPostAsync_UserLoginFailed_EventLogCreated" storage="d:\actions-runner\_work\xpco\xpco\identityserver\videoos.identityserver.unittests\bin\debug\net6.0\win-x64\videoos.identityserver.unittests.dll" id="b4bc320f-be69-44b8-e6e1-f7b7a62d2525">
      <Execution id="49ab5125-2c5b-4657-90e6-de9e2c744928" />
      <TestMethod codeBase="D:\actions-runner\_work\XPCO\XPCO\IdentityServer\VideoOS.IdentityServer.UnitTests\bin\Debug\net6.0\win-x64\VideoOS.IdentityServer.UnitTests.dll" adapterTypeName="executor://xunit/VsTestRunner2/netcoreapp" className="VideoOS.IdentityServer.UnitTests.Pages.LoginTests" name="OnPostAsync_UserLoginFailed_EventLogCreated" />
    </UnitTest>
    <UnitTest name="VideoOS.IdentityServer.UnitTests.Repositories.VmsUserManagerTests.CreateUserInternalAsync_PasswordProvided_Success" storage="d:\actions-runner\_work\xpco\xpco\identityserver\videoos.identityserver.unittests\bin\debug\net6.0\win-x64\videoos.identityserver.unittests.dll" id="7be300ea-073a-38be-afa7-93ec42c13925">
      <Execution id="cd4f6de9-ac1d-4e2f-b0bd-ffa9cd90d6b6" />
      <TestMethod codeBase="D:\actions-runner\_work\XPCO\XPCO\IdentityServer\VideoOS.IdentityServer.UnitTests\bin\Debug\net6.0\win-x64\VideoOS.IdentityServer.UnitTests.dll" adapterTypeName="executor://xunit/VsTestRunner2/netcoreapp" className="VideoOS.IdentityServer.UnitTests.Repositories.VmsUserManagerTests" name="CreateUserInternalAsync_PasswordProvided_Success" />
    </UnitTest>
    <UnitTest name="VideoOS.IdentityServer.UnitTests.Middleware.RequestResponseLogMiddlewareTests.InvokeAsync_Logging_RequestToBig" storage="d:\actions-runner\_work\xpco\xpco\identityserver\videoos.identityserver.unittests\bin\debug\net6.0\win-x64\videoos.identityserver.unittests.dll" id="4edce983-a8ad-5e6e-4f80-9784107f39d4">
      <Execution id="856b8cc5-0169-422d-b423-41c580dcd34b" />
      <TestMethod codeBase="D:\actions-runner\_work\XPCO\XPCO\IdentityServer\VideoOS.IdentityServer.UnitTests\bin\Debug\net6.0\win-x64\VideoOS.IdentityServer.UnitTests.dll" adapterTypeName="executor://xunit/VsTestRunner2/netcoreapp" className="VideoOS.IdentityServer.UnitTests.Middleware.RequestResponseLogMiddlewareTests" name="InvokeAsync_Logging_RequestToBig" />
    </UnitTest>
    <UnitTest name="VideoOS.IdentityServer.UnitTests.Services.ProfileServiceTests.IsActiveAsync_WindowsIntegratedAuthentication_UserIsActive" storage="d:\actions-runner\_work\xpco\xpco\identityserver\videoos.identityserver.unittests\bin\debug\net6.0\win-x64\videoos.identityserver.unittests.dll" id="7c229fdd-c6e1-ff68-c8ed-5a8c5da3638d">
      <Execution id="4349693f-ca94-4975-93b6-9ecad1a6093a" />
      <TestMethod codeBase="D:\actions-runner\_work\XPCO\XPCO\IdentityServer\VideoOS.IdentityServer.UnitTests\bin\Debug\net6.0\win-x64\VideoOS.IdentityServer.UnitTests.dll" adapterTypeName="executor://xunit/VsTestRunner2/netcoreapp" className="VideoOS.IdentityServer.UnitTests.Services.ProfileServiceTests" name="IsActiveAsync_WindowsIntegratedAuthentication_UserIsActive" />
    </UnitTest>
    <UnitTest name="VideoOS.IdentityServer.UnitTests.Helper.ExpressionBuilderTests.FromString_DifferentQueriesWithAllowedSearchNames_ReturnsExpectedCount(query: &quot;time le 2000-1-1&quot;, expectedCount: 4, allowedSearchNames: [&quot;Time&quot;])" storage="d:\actions-runner\_work\xpco\xpco\identityserver\videoos.identityserver.unittests\bin\debug\net6.0\win-x64\videoos.identityserver.unittests.dll" id="33483d30-0e90-c1ed-4ad0-47cc19ee7fbc">
      <Execution id="2d7f27b2-186e-4612-9063-fd6e1f04c484" />
      <TestMethod codeBase="D:\actions-runner\_work\XPCO\XPCO\IdentityServer\VideoOS.IdentityServer.UnitTests\bin\Debug\net6.0\win-x64\VideoOS.IdentityServer.UnitTests.dll" adapterTypeName="executor://xunit/VsTestRunner2/netcoreapp" className="VideoOS.IdentityServer.UnitTests.Helper.ExpressionBuilderTests" name="FromString_DifferentQueriesWithAllowedSearchNames_ReturnsExpectedCount" />
    </UnitTest>
    <UnitTest name="VideoOS.IdentityServer.UnitTests.Middleware.ApiDisableStatusCodeFeatureMiddlewareTests.InvokeAsync_RequestApi_StatusCodePagesFeatureNull" storage="d:\actions-runner\_work\xpco\xpco\identityserver\videoos.identityserver.unittests\bin\debug\net6.0\win-x64\videoos.identityserver.unittests.dll" id="509721b0-7be3-708d-26fd-3599c008d1d3">
      <Execution id="60376c1f-ce9f-4b9b-9c6d-3affa9eab233" />
      <TestMethod codeBase="D:\actions-runner\_work\XPCO\XPCO\IdentityServer\VideoOS.IdentityServer.UnitTests\bin\Debug\net6.0\win-x64\VideoOS.IdentityServer.UnitTests.dll" adapterTypeName="executor://xunit/VsTestRunner2/netcoreapp" className="VideoOS.IdentityServer.UnitTests.Middleware.ApiDisableStatusCodeFeatureMiddlewareTests" name="InvokeAsync_RequestApi_StatusCodePagesFeatureNull" />
    </UnitTest>
    <UnitTest name="VideoOS.IdentityServer.UnitTests.Attributes.SIDAttributeTests.IsValid_IsCorrectSidFormat_ReturnsTrue(value: null)" storage="d:\actions-runner\_work\xpco\xpco\identityserver\videoos.identityserver.unittests\bin\debug\net6.0\win-x64\videoos.identityserver.unittests.dll" id="035b8cee-9291-e6da-9b8e-5ead340080fc">
      <Execution id="cb85320e-859e-4b2f-9cf5-55e0feff2ce9" />
      <TestMethod codeBase="D:\actions-runner\_work\XPCO\XPCO\IdentityServer\VideoOS.IdentityServer.UnitTests\bin\Debug\net6.0\win-x64\VideoOS.IdentityServer.UnitTests.dll" adapterTypeName="executor://xunit/VsTestRunner2/netcoreapp" className="VideoOS.IdentityServer.UnitTests.Attributes.SIDAttributeTests" name="IsValid_IsCorrectSidFormat_ReturnsTrue" />
    </UnitTest>
    <UnitTest name="VideoOS.IdentityServer.UnitTests.Repositories.VmsUserManagerTests.IsUserLockedOut_LockoutEnd_Expired" storage="d:\actions-runner\_work\xpco\xpco\identityserver\videoos.identityserver.unittests\bin\debug\net6.0\win-x64\videoos.identityserver.unittests.dll" id="3def9f2b-e5b3-ad6a-4e4f-3569812f3ca2">
      <Execution id="6352213c-1069-4433-9e7a-b47616ddb147" />
      <TestMethod codeBase="D:\actions-runner\_work\XPCO\XPCO\IdentityServer\VideoOS.IdentityServer.UnitTests\bin\Debug\net6.0\win-x64\VideoOS.IdentityServer.UnitTests.dll" adapterTypeName="executor://xunit/VsTestRunner2/netcoreapp" className="VideoOS.IdentityServer.UnitTests.Repositories.VmsUserManagerTests" name="IsUserLockedOut_LockoutEnd_Expired" />
    </UnitTest>
    <UnitTest name="VideoOS.IdentityServer.UnitTests.Helper.ExpressionBuilderTests.FromString_DifferentQueriesWithAllowedSearchNames_ReturnsExpectedCount(query: &quot;number le 4&quot;, expectedCount: 4, allowedSearchNames: [&quot;Number&quot;, &quot;Time&quot;, &quot;Name&quot;])" storage="d:\actions-runner\_work\xpco\xpco\identityserver\videoos.identityserver.unittests\bin\debug\net6.0\win-x64\videoos.identityserver.unittests.dll" id="4b49fa3b-9e0e-e541-f50c-ee289c4e0302">
      <Execution id="962e96a4-35c3-40fa-8df7-12630a1068aa" />
      <TestMethod codeBase="D:\actions-runner\_work\XPCO\XPCO\IdentityServer\VideoOS.IdentityServer.UnitTests\bin\Debug\net6.0\win-x64\VideoOS.IdentityServer.UnitTests.dll" adapterTypeName="executor://xunit/VsTestRunner2/netcoreapp" className="VideoOS.IdentityServer.UnitTests.Helper.ExpressionBuilderTests" name="FromString_DifferentQueriesWithAllowedSearchNames_ReturnsExpectedCount" />
    </UnitTest>
    <UnitTest name="VideoOS.IdentityServer.UnitTests.Helper.ConstantValueHelperTests.GetConstantValues_ConstantTypeDoesnotExist_NoValueReturned" storage="d:\actions-runner\_work\xpco\xpco\identityserver\videoos.identityserver.unittests\bin\debug\net6.0\win-x64\videoos.identityserver.unittests.dll" id="8efb1ec5-b7e8-b3c6-0ad4-6500f872cd9c">
      <Execution id="e70db1d5-618c-4fb8-a8ce-348839abdd29" />
      <TestMethod codeBase="D:\actions-runner\_work\XPCO\XPCO\IdentityServer\VideoOS.IdentityServer.UnitTests\bin\Debug\net6.0\win-x64\VideoOS.IdentityServer.UnitTests.dll" adapterTypeName="executor://xunit/VsTestRunner2/netcoreapp" className="VideoOS.IdentityServer.UnitTests.Helper.ConstantValueHelperTests" name="GetConstantValues_ConstantTypeDoesnotExist_NoValueReturned" />
    </UnitTest>
    <UnitTest name="VideoOS.IdentityServer.UnitTests.Helper.ExpressionBuilderTests.FromString_DifferentQueriesWithAllowedSearchNames_ReturnsExpectedCount(query: &quot;time lt 2000-1-1&quot;, expectedCount: 3, allowedSearchNames: [&quot;Time&quot;])" storage="d:\actions-runner\_work\xpco\xpco\identityserver\videoos.identityserver.unittests\bin\debug\net6.0\win-x64\videoos.identityserver.unittests.dll" id="8c34430d-d39b-8a75-da42-c94626fb3592">
      <Execution id="a08ba350-83fb-4f0f-a2a1-5c4fbe69b0bb" />
      <TestMethod codeBase="D:\actions-runner\_work\XPCO\XPCO\IdentityServer\VideoOS.IdentityServer.UnitTests\bin\Debug\net6.0\win-x64\VideoOS.IdentityServer.UnitTests.dll" adapterTypeName="executor://xunit/VsTestRunner2/netcoreapp" className="VideoOS.IdentityServer.UnitTests.Helper.ExpressionBuilderTests" name="FromString_DifferentQueriesWithAllowedSearchNames_ReturnsExpectedCount" />
    </UnitTest>
    <UnitTest name="VideoOS.IdentityServer.UnitTests.Helper.ExpressionBuilderTests.FromString_QueryIsNullOrEmpty_ThrowsArgumentException(query: &quot;&quot;)" storage="d:\actions-runner\_work\xpco\xpco\identityserver\videoos.identityserver.unittests\bin\debug\net6.0\win-x64\videoos.identityserver.unittests.dll" id="efe6e41e-f107-8576-56fa-4fe56f26d072">
      <Execution id="ea1476b4-7ffc-4bed-8e31-f3fb434accf7" />
      <TestMethod codeBase="D:\actions-runner\_work\XPCO\XPCO\IdentityServer\VideoOS.IdentityServer.UnitTests\bin\Debug\net6.0\win-x64\VideoOS.IdentityServer.UnitTests.dll" adapterTypeName="executor://xunit/VsTestRunner2/netcoreapp" className="VideoOS.IdentityServer.UnitTests.Helper.ExpressionBuilderTests" name="FromString_QueryIsNullOrEmpty_ThrowsArgumentException" />
    </UnitTest>
    <UnitTest name="VideoOS.IdentityServer.UnitTests.GrantValidators.TokenExchangeGrantValidatorTests.ValidateAsync_HttpContextIsNull_InvalidRequestReturned" storage="d:\actions-runner\_work\xpco\xpco\identityserver\videoos.identityserver.unittests\bin\debug\net6.0\win-x64\videoos.identityserver.unittests.dll" id="70aed50b-f6e8-8391-d1ef-bd034c71575d">
      <Execution id="7bccb1ce-8075-4f49-872e-4e58994fcf52" />
      <TestMethod codeBase="D:\actions-runner\_work\XPCO\XPCO\IdentityServer\VideoOS.IdentityServer.UnitTests\bin\Debug\net6.0\win-x64\VideoOS.IdentityServer.UnitTests.dll" adapterTypeName="executor://xunit/VsTestRunner2/netcoreapp" className="VideoOS.IdentityServer.UnitTests.GrantValidators.TokenExchangeGrantValidatorTests" name="ValidateAsync_HttpContextIsNull_InvalidRequestReturned" />
    </UnitTest>
    <UnitTest name="VideoOS.IdentityServer.UnitTests.Helper.ExpressionBuilderTests.FromString_QueryIsInvalid_ThrowsQueryFilterException(query: &quot; &quot;)" storage="d:\actions-runner\_work\xpco\xpco\identityserver\videoos.identityserver.unittests\bin\debug\net6.0\win-x64\videoos.identityserver.unittests.dll" id="4a7b3dd0-e4cf-93e6-ea32-71b917028e9d">
      <Execution id="b3fbccba-0ad8-4b1f-b29f-19d0a6a469a0" />
      <TestMethod codeBase="D:\actions-runner\_work\XPCO\XPCO\IdentityServer\VideoOS.IdentityServer.UnitTests\bin\Debug\net6.0\win-x64\VideoOS.IdentityServer.UnitTests.dll" adapterTypeName="executor://xunit/VsTestRunner2/netcoreapp" className="VideoOS.IdentityServer.UnitTests.Helper.ExpressionBuilderTests" name="FromString_QueryIsInvalid_ThrowsQueryFilterException" />
    </UnitTest>
    <UnitTest name="VideoOS.IdentityServer.UnitTests.Controllers.AdminIdentityControllerTests.Post_AdminIdentityAlreadyExist_DuplicateAdminIdentityError" storage="d:\actions-runner\_work\xpco\xpco\identityserver\videoos.identityserver.unittests\bin\debug\net6.0\win-x64\videoos.identityserver.unittests.dll" id="b01c36f9-4c33-cbd8-7177-84aa9e0cdaac">
      <Execution id="4d61f0c8-f3ec-4c2d-b898-b2e0461741f7" />
      <TestMethod codeBase="D:\actions-runner\_work\XPCO\XPCO\IdentityServer\VideoOS.IdentityServer.UnitTests\bin\Debug\net6.0\win-x64\VideoOS.IdentityServer.UnitTests.dll" adapterTypeName="executor://xunit/VsTestRunner2/netcoreapp" className="VideoOS.IdentityServer.UnitTests.Controllers.AdminIdentityControllerTests" name="Post_AdminIdentityAlreadyExist_DuplicateAdminIdentityError" />
    </UnitTest>
    <UnitTest name="VideoOS.IdentityServer.UnitTests.GrantValidators.TokenExchangeGrantValidatorTests.ValidateAsync_IssuerNotTrusted_InvalidRequestReturned" storage="d:\actions-runner\_work\xpco\xpco\identityserver\videoos.identityserver.unittests\bin\debug\net6.0\win-x64\videoos.identityserver.unittests.dll" id="244a44f0-246a-794e-7d4e-ee72bda98bd0">
      <Execution id="51390ae0-b6ba-4e84-b6a6-d9287f00332c" />
      <TestMethod codeBase="D:\actions-runner\_work\XPCO\XPCO\IdentityServer\VideoOS.IdentityServer.UnitTests\bin\Debug\net6.0\win-x64\VideoOS.IdentityServer.UnitTests.dll" adapterTypeName="executor://xunit/VsTestRunner2/netcoreapp" className="VideoOS.IdentityServer.UnitTests.GrantValidators.TokenExchangeGrantValidatorTests" name="ValidateAsync_IssuerNotTrusted_InvalidRequestReturned" />
    </UnitTest>
    <UnitTest name="VideoOS.IdentityServer.UnitTests.Controllers.ExternalProviderManagerTests.UpdateProvider_LoginProvider_Enabled_AlreadyExists_RemovesAndAddsConfiguration" storage="d:\actions-runner\_work\xpco\xpco\identityserver\videoos.identityserver.unittests\bin\debug\net6.0\win-x64\videoos.identityserver.unittests.dll" id="304d6567-2592-ea3e-227f-6d5fbe6f4a9a">
      <Execution id="175ea195-256d-42ae-a933-9bedcae3dbd1" />
      <TestMethod codeBase="D:\actions-runner\_work\XPCO\XPCO\IdentityServer\VideoOS.IdentityServer.UnitTests\bin\Debug\net6.0\win-x64\VideoOS.IdentityServer.UnitTests.dll" adapterTypeName="executor://xunit/VsTestRunner2/netcoreapp" className="VideoOS.IdentityServer.UnitTests.Controllers.ExternalProviderManagerTests" name="UpdateProvider_LoginProvider_Enabled_AlreadyExists_RemovesAndAddsConfiguration" />
    </UnitTest>
    <UnitTest name="VideoOS.IdentityServer.UnitTests.Services.ProfileServiceTests.GetProfileDataAsync_ProviderScopeRequestedCallerIsIdentityToken_RequestedAndRequiredClaims" storage="d:\actions-runner\_work\xpco\xpco\identityserver\videoos.identityserver.unittests\bin\debug\net6.0\win-x64\videoos.identityserver.unittests.dll" id="bb0bd953-5bc3-d778-28dc-7d027690da77">
      <Execution id="53b5c35d-4820-4c3d-bc78-2fd14b6c9d88" />
      <TestMethod codeBase="D:\actions-runner\_work\XPCO\XPCO\IdentityServer\VideoOS.IdentityServer.UnitTests\bin\Debug\net6.0\win-x64\VideoOS.IdentityServer.UnitTests.dll" adapterTypeName="executor://xunit/VsTestRunner2/netcoreapp" className="VideoOS.IdentityServer.UnitTests.Services.ProfileServiceTests" name="GetProfileDataAsync_ProviderScopeRequestedCallerIsIdentityToken_RequestedAndRequiredClaims" />
    </UnitTest>
    <UnitTest name="VideoOS.IdentityServer.UnitTests.Repositories.VmsUserManagerTests.FindByFilterAsync_UsersNotUsingNoFilters_Empty" storage="d:\actions-runner\_work\xpco\xpco\identityserver\videoos.identityserver.unittests\bin\debug\net6.0\win-x64\videoos.identityserver.unittests.dll" id="09bd1177-f0ac-b268-be1b-885ab1f4828a">
      <Execution id="b3eff410-cf6f-4a81-bd69-9601366f0a36" />
      <TestMethod codeBase="D:\actions-runner\_work\XPCO\XPCO\IdentityServer\VideoOS.IdentityServer.UnitTests\bin\Debug\net6.0\win-x64\VideoOS.IdentityServer.UnitTests.dll" adapterTypeName="executor://xunit/VsTestRunner2/netcoreapp" className="VideoOS.IdentityServer.UnitTests.Repositories.VmsUserManagerTests" name="FindByFilterAsync_UsersNotUsingNoFilters_Empty" />
    </UnitTest>
    <UnitTest name="VideoOS.IdentityServer.UnitTests.Middleware.RequestResponseLogMiddlewareTests.InvokeAsync_NoLogging_DelegateRun" storage="d:\actions-runner\_work\xpco\xpco\identityserver\videoos.identityserver.unittests\bin\debug\net6.0\win-x64\videoos.identityserver.unittests.dll" id="753803f6-06be-eef0-d662-c5a41595644a">
      <Execution id="96d1f446-904f-4a3e-aae6-1dd8958adf21" />
      <TestMethod codeBase="D:\actions-runner\_work\XPCO\XPCO\IdentityServer\VideoOS.IdentityServer.UnitTests\bin\Debug\net6.0\win-x64\VideoOS.IdentityServer.UnitTests.dll" adapterTypeName="executor://xunit/VsTestRunner2/netcoreapp" className="VideoOS.IdentityServer.UnitTests.Middleware.RequestResponseLogMiddlewareTests" name="InvokeAsync_NoLogging_DelegateRun" />
    </UnitTest>
    <UnitTest name="VideoOS.IdentityServer.UnitTests.Helper.ExpressionBuilderTests.FromString_DifferentQueriesWithNoListOfAllowedSearchNames_ReturnsExpectedCount(query: &quot;name eq c&quot;, expectedCount: 1)" storage="d:\actions-runner\_work\xpco\xpco\identityserver\videoos.identityserver.unittests\bin\debug\net6.0\win-x64\videoos.identityserver.unittests.dll" id="cc5bbe87-bdd6-95f4-293a-8634b9585240">
      <Execution id="dcf13730-ec4a-43f8-84fa-d2e4436ee1e5" />
      <TestMethod codeBase="D:\actions-runner\_work\XPCO\XPCO\IdentityServer\VideoOS.IdentityServer.UnitTests\bin\Debug\net6.0\win-x64\VideoOS.IdentityServer.UnitTests.dll" adapterTypeName="executor://xunit/VsTestRunner2/netcoreapp" className="VideoOS.IdentityServer.UnitTests.Helper.ExpressionBuilderTests" name="FromString_DifferentQueriesWithNoListOfAllowedSearchNames_ReturnsExpectedCount" />
    </UnitTest>
    <UnitTest name="VideoOS.IdentityServer.UnitTests.Services.ExternalTokenValidatorTests.GetSubjectTokenClaims_SubjectTokenMissingIssuerClaim_TokenNotValidatedAndErrorLogged" storage="d:\actions-runner\_work\xpco\xpco\identityserver\videoos.identityserver.unittests\bin\debug\net6.0\win-x64\videoos.identityserver.unittests.dll" id="a864dae9-9a72-ae9f-08f5-8d9ce3da9877">
      <Execution id="3bf33843-f5a9-4ef3-bd01-9a90fbec7dad" />
      <TestMethod codeBase="D:\actions-runner\_work\XPCO\XPCO\IdentityServer\VideoOS.IdentityServer.UnitTests\bin\Debug\net6.0\win-x64\VideoOS.IdentityServer.UnitTests.dll" adapterTypeName="executor://xunit/VsTestRunner2/netcoreapp" className="VideoOS.IdentityServer.UnitTests.Services.ExternalTokenValidatorTests" name="GetSubjectTokenClaims_SubjectTokenMissingIssuerClaim_TokenNotValidatedAndErrorLogged" />
    </UnitTest>
    <UnitTest name="VideoOS.IdentityServer.UnitTests.GrantValidators.WinAuthGrantValidatorTests.ValidateAsync_DbContextTrowsSqlException_StatusCode500IsSet" storage="d:\actions-runner\_work\xpco\xpco\identityserver\videoos.identityserver.unittests\bin\debug\net6.0\win-x64\videoos.identityserver.unittests.dll" id="17a17d61-3693-4beb-a69c-da690ff6fcd4">
      <Execution id="9671ac1f-84d0-4ac1-af10-9a97c407079e" />
      <TestMethod codeBase="D:\actions-runner\_work\XPCO\XPCO\IdentityServer\VideoOS.IdentityServer.UnitTests\bin\Debug\net6.0\win-x64\VideoOS.IdentityServer.UnitTests.dll" adapterTypeName="executor://xunit/VsTestRunner2/netcoreapp" className="VideoOS.IdentityServer.UnitTests.GrantValidators.WinAuthGrantValidatorTests" name="ValidateAsync_DbContextTrowsSqlException_StatusCode500IsSet" />
    </UnitTest>
    <UnitTest name="VideoOS.IdentityServer.UnitTests.Controllers.ClientsControllerTests.RegisterClient_InvalidRedirectUri_BusinessViolationExceptionIsThrown" storage="d:\actions-runner\_work\xpco\xpco\identityserver\videoos.identityserver.unittests\bin\debug\net6.0\win-x64\videoos.identityserver.unittests.dll" id="bf64ab71-1c25-b603-8586-eaa6f35927ac">
      <Execution id="faf01292-4145-4ccf-9f26-9c8d9077c17c" />
      <TestMethod codeBase="D:\actions-runner\_work\XPCO\XPCO\IdentityServer\VideoOS.IdentityServer.UnitTests\bin\Debug\net6.0\win-x64\VideoOS.IdentityServer.UnitTests.dll" adapterTypeName="executor://xunit/VsTestRunner2/netcoreapp" className="VideoOS.IdentityServer.UnitTests.Controllers.ClientsControllerTests" name="RegisterClient_InvalidRedirectUri_BusinessViolationExceptionIsThrown" />
    </UnitTest>
    <UnitTest name="VideoOS.IdentityServer.UnitTests.GrantValidators.TokenExchangeGrantValidatorTests.ValidateAsync_MissingVmsProviderKeyClaim_InvalidRequestReturned" storage="d:\actions-runner\_work\xpco\xpco\identityserver\videoos.identityserver.unittests\bin\debug\net6.0\win-x64\videoos.identityserver.unittests.dll" id="7144b9cd-8b82-fd81-0514-67816e952a1b">
      <Execution id="b4d3e5c7-0175-49c2-8947-3fcc63492bc5" />
      <TestMethod codeBase="D:\actions-runner\_work\XPCO\XPCO\IdentityServer\VideoOS.IdentityServer.UnitTests\bin\Debug\net6.0\win-x64\VideoOS.IdentityServer.UnitTests.dll" adapterTypeName="executor://xunit/VsTestRunner2/netcoreapp" className="VideoOS.IdentityServer.UnitTests.GrantValidators.TokenExchangeGrantValidatorTests" name="ValidateAsync_MissingVmsProviderKeyClaim_InvalidRequestReturned" />
    </UnitTest>
    <UnitTest name="VideoOS.IdentityServer.UnitTests.Helper.ExpressionBuilderTests.FromString_DifferentQueriesWithAllowedSearchNames_ReturnsExpectedCount(query: &quot;name eq null&quot;, expectedCount: 1, allowedSearchNames: [&quot;Name&quot;])" storage="d:\actions-runner\_work\xpco\xpco\identityserver\videoos.identityserver.unittests\bin\debug\net6.0\win-x64\videoos.identityserver.unittests.dll" id="94b10ab9-7d67-26b0-9391-9076ee44183e">
      <Execution id="17172b65-e0ae-4029-abed-981ea5badd3f" />
      <TestMethod codeBase="D:\actions-runner\_work\XPCO\XPCO\IdentityServer\VideoOS.IdentityServer.UnitTests\bin\Debug\net6.0\win-x64\VideoOS.IdentityServer.UnitTests.dll" adapterTypeName="executor://xunit/VsTestRunner2/netcoreapp" className="VideoOS.IdentityServer.UnitTests.Helper.ExpressionBuilderTests" name="FromString_DifferentQueriesWithAllowedSearchNames_ReturnsExpectedCount" />
    </UnitTest>
    <UnitTest name="VideoOS.IdentityServer.UnitTests.Model.Result.ErrorTests.Error_CreationWithDefaultDescription_ShouldHaveDefaultDescription" storage="d:\actions-runner\_work\xpco\xpco\identityserver\videoos.identityserver.unittests\bin\debug\net6.0\win-x64\videoos.identityserver.unittests.dll" id="c2d60633-e143-4b6e-562f-197396df32c7">
      <Execution id="0977ed3a-6cde-49f1-ab8d-b1a180954a08" />
      <TestMethod codeBase="D:\actions-runner\_work\XPCO\XPCO\IdentityServer\VideoOS.IdentityServer.UnitTests\bin\Debug\net6.0\win-x64\VideoOS.IdentityServer.UnitTests.dll" adapterTypeName="executor://xunit/VsTestRunner2/netcoreapp" className="VideoOS.IdentityServer.UnitTests.Model.Result.ErrorTests" name="Error_CreationWithDefaultDescription_ShouldHaveDefaultDescription" />
    </UnitTest>
    <UnitTest name="VideoOS.IdentityServer.UnitTests.Pages.ChangePasswordTests.OnPostAsync_UserChangePasswordSuccess_EventLogCreated" storage="d:\actions-runner\_work\xpco\xpco\identityserver\videoos.identityserver.unittests\bin\debug\net6.0\win-x64\videoos.identityserver.unittests.dll" id="a3257af4-4d9b-2be4-9396-cdf188ad3e8d">
      <Execution id="bb26bd44-e91b-4df7-956f-f206b02803f3" />
      <TestMethod codeBase="D:\actions-runner\_work\XPCO\XPCO\IdentityServer\VideoOS.IdentityServer.UnitTests\bin\Debug\net6.0\win-x64\VideoOS.IdentityServer.UnitTests.dll" adapterTypeName="executor://xunit/VsTestRunner2/netcoreapp" className="VideoOS.IdentityServer.UnitTests.Pages.ChangePasswordTests" name="OnPostAsync_UserChangePasswordSuccess_EventLogCreated" />
    </UnitTest>
    <UnitTest name="VideoOS.IdentityServer.UnitTests.Services.UserProvisionerTests.CreateOrUpdateUser_IdpClaim_ProviderEqualScheme" storage="d:\actions-runner\_work\xpco\xpco\identityserver\videoos.identityserver.unittests\bin\debug\net6.0\win-x64\videoos.identityserver.unittests.dll" id="05b4c97b-2e9a-ed5e-1129-08f3eee81585">
      <Execution id="9d00d4b2-2c93-4886-993c-416a36c078c5" />
      <TestMethod codeBase="D:\actions-runner\_work\XPCO\XPCO\IdentityServer\VideoOS.IdentityServer.UnitTests\bin\Debug\net6.0\win-x64\VideoOS.IdentityServer.UnitTests.dll" adapterTypeName="executor://xunit/VsTestRunner2/netcoreapp" className="VideoOS.IdentityServer.UnitTests.Services.UserProvisionerTests" name="CreateOrUpdateUser_IdpClaim_ProviderEqualScheme" />
    </UnitTest>
    <UnitTest name="VideoOS.IdentityServer.UnitTests.Helper.MapAllClaimsActionAndEnumerateArrayTests.Run_DuplicateSingleAndArrayClaimPairs_DuplicatePairsGetRemoved" storage="d:\actions-runner\_work\xpco\xpco\identityserver\videoos.identityserver.unittests\bin\debug\net6.0\win-x64\videoos.identityserver.unittests.dll" id="e9cda017-59c6-0e25-c577-52365991f63e">
      <Execution id="94cf3dbc-d8ea-405e-a214-db428d9b0656" />
      <TestMethod codeBase="D:\actions-runner\_work\XPCO\XPCO\IdentityServer\VideoOS.IdentityServer.UnitTests\bin\Debug\net6.0\win-x64\VideoOS.IdentityServer.UnitTests.dll" adapterTypeName="executor://xunit/VsTestRunner2/netcoreapp" className="VideoOS.IdentityServer.UnitTests.Helper.MapAllClaimsActionAndEnumerateArrayTests" name="Run_DuplicateSingleAndArrayClaimPairs_DuplicatePairsGetRemoved" />
    </UnitTest>
    <UnitTest name="VideoOS.IdentityServer.UnitTests.Pages.LoginTests.OnGetAsync_IdpSpecified_Redirect" storage="d:\actions-runner\_work\xpco\xpco\identityserver\videoos.identityserver.unittests\bin\debug\net6.0\win-x64\videoos.identityserver.unittests.dll" id="d46eeb73-e964-e08a-1fbd-08c1223b20cd">
      <Execution id="079a1206-d9df-485e-ae7d-f32ad6ac073e" />
      <TestMethod codeBase="D:\actions-runner\_work\XPCO\XPCO\IdentityServer\VideoOS.IdentityServer.UnitTests\bin\Debug\net6.0\win-x64\VideoOS.IdentityServer.UnitTests.dll" adapterTypeName="executor://xunit/VsTestRunner2/netcoreapp" className="VideoOS.IdentityServer.UnitTests.Pages.LoginTests" name="OnGetAsync_IdpSpecified_Redirect" />
    </UnitTest>
    <UnitTest name="VideoOS.IdentityServer.UnitTests.Controllers.ScopesControllerTests.GetScopes_ScopesFromParameter_ReturnsOkResultWithScopes(scopes: [&quot;a&quot;])" storage="d:\actions-runner\_work\xpco\xpco\identityserver\videoos.identityserver.unittests\bin\debug\net6.0\win-x64\videoos.identityserver.unittests.dll" id="8a8a5963-5d44-f88c-9732-1f2ad3922525">
      <Execution id="96635dae-03e4-417a-a8e1-50ab682457a6" />
      <TestMethod codeBase="D:\actions-runner\_work\XPCO\XPCO\IdentityServer\VideoOS.IdentityServer.UnitTests\bin\Debug\net6.0\win-x64\VideoOS.IdentityServer.UnitTests.dll" adapterTypeName="executor://xunit/VsTestRunner2/netcoreapp" className="VideoOS.IdentityServer.UnitTests.Controllers.ScopesControllerTests" name="GetScopes_ScopesFromParameter_ReturnsOkResultWithScopes" />
    </UnitTest>
    <UnitTest name="VideoOS.IdentityServer.UnitTests.Repositories.VmsUserManagerTests.IsUserLockedOut_LockoutEnd_Null" storage="d:\actions-runner\_work\xpco\xpco\identityserver\videoos.identityserver.unittests\bin\debug\net6.0\win-x64\videoos.identityserver.unittests.dll" id="8a8d9965-d9e6-321a-030d-efcea28da45a">
      <Execution id="a082646f-5c3e-4ecc-83b5-a2163037fbd1" />
      <TestMethod codeBase="D:\actions-runner\_work\XPCO\XPCO\IdentityServer\VideoOS.IdentityServer.UnitTests\bin\Debug\net6.0\win-x64\VideoOS.IdentityServer.UnitTests.dll" adapterTypeName="executor://xunit/VsTestRunner2/netcoreapp" className="VideoOS.IdentityServer.UnitTests.Repositories.VmsUserManagerTests" name="IsUserLockedOut_LockoutEnd_Null" />
    </UnitTest>
    <UnitTest name="VideoOS.IdentityServer.UnitTests.Controllers.BaseControllerTests.NotFound_InvokeWithObject_ThrowsNotImplementedException" storage="d:\actions-runner\_work\xpco\xpco\identityserver\videoos.identityserver.unittests\bin\debug\net6.0\win-x64\videoos.identityserver.unittests.dll" id="9168d8da-a349-31dd-2b45-0a6d377d0f4c">
      <Execution id="2ad5a670-4883-45e9-9d23-bb9f1b3e59df" />
      <TestMethod codeBase="D:\actions-runner\_work\XPCO\XPCO\IdentityServer\VideoOS.IdentityServer.UnitTests\bin\Debug\net6.0\win-x64\VideoOS.IdentityServer.UnitTests.dll" adapterTypeName="executor://xunit/VsTestRunner2/netcoreapp" className="VideoOS.IdentityServer.UnitTests.Controllers.BaseControllerTests" name="NotFound_InvokeWithObject_ThrowsNotImplementedException" />
    </UnitTest>
    <UnitTest name="VideoOS.IdentityServer.UnitTests.Attributes.HttpOrHttpsAttributeTests.IsValid_ForNonHttpOrHttpsUri_ReturnsError(url: &quot;file://localhost/path&quot;)" storage="d:\actions-runner\_work\xpco\xpco\identityserver\videoos.identityserver.unittests\bin\debug\net6.0\win-x64\videoos.identityserver.unittests.dll" id="999969fd-2340-af1e-c41b-51a612d4b506">
      <Execution id="09ee561b-b7a7-438e-a928-2bef5a396eee" />
      <TestMethod codeBase="D:\actions-runner\_work\XPCO\XPCO\IdentityServer\VideoOS.IdentityServer.UnitTests\bin\Debug\net6.0\win-x64\VideoOS.IdentityServer.UnitTests.dll" adapterTypeName="executor://xunit/VsTestRunner2/netcoreapp" className="VideoOS.IdentityServer.UnitTests.Attributes.HttpOrHttpsAttributeTests" name="IsValid_ForNonHttpOrHttpsUri_ReturnsError" />
    </UnitTest>
    <UnitTest name="VideoOS.IdentityServer.UnitTests.GrantValidators.WindowsCredentialsGrantValidatorTests.ValidateAsync_UserAuthenticated_Success" storage="d:\actions-runner\_work\xpco\xpco\identityserver\videoos.identityserver.unittests\bin\debug\net6.0\win-x64\videoos.identityserver.unittests.dll" id="37c7947a-3966-decd-629f-d603f8981b34">
      <Execution id="c4f134fd-f3d7-44b7-9789-ee3427a1f7c2" />
      <TestMethod codeBase="D:\actions-runner\_work\XPCO\XPCO\IdentityServer\VideoOS.IdentityServer.UnitTests\bin\Debug\net6.0\win-x64\VideoOS.IdentityServer.UnitTests.dll" adapterTypeName="executor://xunit/VsTestRunner2/netcoreapp" className="VideoOS.IdentityServer.UnitTests.GrantValidators.WindowsCredentialsGrantValidatorTests" name="ValidateAsync_UserAuthenticated_Success" />
    </UnitTest>
    <UnitTest name="VideoOS.IdentityServer.UnitTests.Repositories.VmsUserManagerTests.ChangePasswordAsync_PasswordChangedSuccessful_ForcePasswordChangeReset" storage="d:\actions-runner\_work\xpco\xpco\identityserver\videoos.identityserver.unittests\bin\debug\net6.0\win-x64\videoos.identityserver.unittests.dll" id="554bc2dc-5683-0353-ab18-b38abe873c7a">
      <Execution id="2c790b65-4291-4f9f-9dea-a1a81bb862c2" />
      <TestMethod codeBase="D:\actions-runner\_work\XPCO\XPCO\IdentityServer\VideoOS.IdentityServer.UnitTests\bin\Debug\net6.0\win-x64\VideoOS.IdentityServer.UnitTests.dll" adapterTypeName="executor://xunit/VsTestRunner2/netcoreapp" className="VideoOS.IdentityServer.UnitTests.Repositories.VmsUserManagerTests" name="ChangePasswordAsync_PasswordChangedSuccessful_ForcePasswordChangeReset" />
    </UnitTest>
    <UnitTest name="VideoOS.IdentityServer.UnitTests.Filters.RedirectAntiForgeryValidationFailedResultFilterTest.OnResultExecutionAsync_ResultAntiforgeryValidationFailedResult" storage="d:\actions-runner\_work\xpco\xpco\identityserver\videoos.identityserver.unittests\bin\debug\net6.0\win-x64\videoos.identityserver.unittests.dll" id="9eba4420-fab6-f18a-0c59-5d7c61d27948">
      <Execution id="8818374b-01ff-48e2-876a-64c408a3560f" />
      <TestMethod codeBase="D:\actions-runner\_work\XPCO\XPCO\IdentityServer\VideoOS.IdentityServer.UnitTests\bin\Debug\net6.0\win-x64\VideoOS.IdentityServer.UnitTests.dll" adapterTypeName="executor://xunit/VsTestRunner2/netcoreapp" className="VideoOS.IdentityServer.UnitTests.Filters.RedirectAntiForgeryValidationFailedResultFilterTest" name="OnResultExecutionAsync_ResultAntiforgeryValidationFailedResult" />
    </UnitTest>
    <UnitTest name="VideoOS.IdentityServer.UnitTests.Services.ProfileServiceTests.IsActiveAsync_AuthenticationMethodIsNull_VmsUser" storage="d:\actions-runner\_work\xpco\xpco\identityserver\videoos.identityserver.unittests\bin\debug\net6.0\win-x64\videoos.identityserver.unittests.dll" id="865331f5-7c91-bdd2-0d8a-285f3542c5e4">
      <Execution id="8b133e43-f419-4053-986c-e4e93d901f12" />
      <TestMethod codeBase="D:\actions-runner\_work\XPCO\XPCO\IdentityServer\VideoOS.IdentityServer.UnitTests\bin\Debug\net6.0\win-x64\VideoOS.IdentityServer.UnitTests.dll" adapterTypeName="executor://xunit/VsTestRunner2/netcoreapp" className="VideoOS.IdentityServer.UnitTests.Services.ProfileServiceTests" name="IsActiveAsync_AuthenticationMethodIsNull_VmsUser" />
    </UnitTest>
    <UnitTest name="VideoOS.IdentityServer.UnitTests.Repositories.VmsUserManagerTests.FindByFilterAsync_ArgumentNull" storage="d:\actions-runner\_work\xpco\xpco\identityserver\videoos.identityserver.unittests\bin\debug\net6.0\win-x64\videoos.identityserver.unittests.dll" id="50caac75-59c5-2982-763d-8bf5dea4f197">
      <Execution id="b48affa3-ad36-4280-9d04-2cdf051c5ebb" />
      <TestMethod codeBase="D:\actions-runner\_work\XPCO\XPCO\IdentityServer\VideoOS.IdentityServer.UnitTests\bin\Debug\net6.0\win-x64\VideoOS.IdentityServer.UnitTests.dll" adapterTypeName="executor://xunit/VsTestRunner2/netcoreapp" className="VideoOS.IdentityServer.UnitTests.Repositories.VmsUserManagerTests" name="FindByFilterAsync_ArgumentNull" />
    </UnitTest>
    <UnitTest name="VideoOS.IdentityServer.UnitTests.Services.ProfileServiceTests.GetProfileDataAsync_ProviderScopeRequestedCallerIsAccessToken_NoIdpClaims" storage="d:\actions-runner\_work\xpco\xpco\identityserver\videoos.identityserver.unittests\bin\debug\net6.0\win-x64\videoos.identityserver.unittests.dll" id="2c25d92f-b6d9-f67b-f9fb-1c50b91346d4">
      <Execution id="a7f75081-45d3-4747-83dc-e7d954ad428e" />
      <TestMethod codeBase="D:\actions-runner\_work\XPCO\XPCO\IdentityServer\VideoOS.IdentityServer.UnitTests\bin\Debug\net6.0\win-x64\VideoOS.IdentityServer.UnitTests.dll" adapterTypeName="executor://xunit/VsTestRunner2/netcoreapp" className="VideoOS.IdentityServer.UnitTests.Services.ProfileServiceTests" name="GetProfileDataAsync_ProviderScopeRequestedCallerIsAccessToken_NoIdpClaims" />
    </UnitTest>
    <UnitTest name="VideoOS.IdentityServer.UnitTests.Repositories.EventLogRepositoryTests.FilterLogs_Take2_2OrderedLogsOutOf4AreReturned" storage="d:\actions-runner\_work\xpco\xpco\identityserver\videoos.identityserver.unittests\bin\debug\net6.0\win-x64\videoos.identityserver.unittests.dll" id="b09ec01e-490e-3eea-658f-8b98c142e321">
      <Execution id="b5dd5012-9c7f-4c8d-8b00-cd1da368cefb" />
      <TestMethod codeBase="D:\actions-runner\_work\XPCO\XPCO\IdentityServer\VideoOS.IdentityServer.UnitTests\bin\Debug\net6.0\win-x64\VideoOS.IdentityServer.UnitTests.dll" adapterTypeName="executor://xunit/VsTestRunner2/netcoreapp" className="VideoOS.IdentityServer.UnitTests.Repositories.EventLogRepositoryTests" name="FilterLogs_Take2_2OrderedLogsOutOf4AreReturned" />
    </UnitTest>
    <UnitTest name="VideoOS.IdentityServer.UnitTests.Helper.MapAllClaimsActionAndEnumerateArrayTests.Run_SingleAndArrayClaimPairsClaimNameMixedCasing_DuplicatePairsGetRemovedWithClaimNameCaseSensitive" storage="d:\actions-runner\_work\xpco\xpco\identityserver\videoos.identityserver.unittests\bin\debug\net6.0\win-x64\videoos.identityserver.unittests.dll" id="4afd93b3-0dbd-977d-9326-df2e15851723">
      <Execution id="b2bc8ebf-2778-4739-a5bd-5a37bdfbc4ec" />
      <TestMethod codeBase="D:\actions-runner\_work\XPCO\XPCO\IdentityServer\VideoOS.IdentityServer.UnitTests\bin\Debug\net6.0\win-x64\VideoOS.IdentityServer.UnitTests.dll" adapterTypeName="executor://xunit/VsTestRunner2/netcoreapp" className="VideoOS.IdentityServer.UnitTests.Helper.MapAllClaimsActionAndEnumerateArrayTests" name="Run_SingleAndArrayClaimPairsClaimNameMixedCasing_DuplicatePairsGetRemovedWithClaimNameCaseSensitive" />
    </UnitTest>
    <UnitTest name="VideoOS.IdentityServer.UnitTests.Controllers.LoginProvidersControllerTests.Patch_LoginProvider_NotFound_Failure" storage="d:\actions-runner\_work\xpco\xpco\identityserver\videoos.identityserver.unittests\bin\debug\net6.0\win-x64\videoos.identityserver.unittests.dll" id="86e63197-ee39-e9eb-fea5-38017d6dea21">
      <Execution id="362ac4bb-a015-4d7a-890f-d0f9351faf5f" />
      <TestMethod codeBase="D:\actions-runner\_work\XPCO\XPCO\IdentityServer\VideoOS.IdentityServer.UnitTests\bin\Debug\net6.0\win-x64\VideoOS.IdentityServer.UnitTests.dll" adapterTypeName="executor://xunit/VsTestRunner2/netcoreapp" className="VideoOS.IdentityServer.UnitTests.Controllers.LoginProvidersControllerTests" name="Patch_LoginProvider_NotFound_Failure" />
    </UnitTest>
    <UnitTest name="VideoOS.IdentityServer.UnitTests.Helper.MapAllClaimsActionAndEnumerateArrayTests.Run_SingleAndArrayClaimPairsClaimValueMixedCasing_DuplicatePairsGetRemovedWithClaimValueCaseSensitive" storage="d:\actions-runner\_work\xpco\xpco\identityserver\videoos.identityserver.unittests\bin\debug\net6.0\win-x64\videoos.identityserver.unittests.dll" id="e407b8a0-22ba-2a63-6c33-cfdfd1359996">
      <Execution id="f943fe95-70ef-42bb-b7bd-ce8c9728329c" />
      <TestMethod codeBase="D:\actions-runner\_work\XPCO\XPCO\IdentityServer\VideoOS.IdentityServer.UnitTests\bin\Debug\net6.0\win-x64\VideoOS.IdentityServer.UnitTests.dll" adapterTypeName="executor://xunit/VsTestRunner2/netcoreapp" className="VideoOS.IdentityServer.UnitTests.Helper.MapAllClaimsActionAndEnumerateArrayTests" name="Run_SingleAndArrayClaimPairsClaimValueMixedCasing_DuplicatePairsGetRemovedWithClaimValueCaseSensitive" />
    </UnitTest>
    <UnitTest name="VideoOS.IdentityServer.UnitTests.Validators.PasswordValidatorTests.Constructor_NullIPasswordRequirements_ThrowsArgumentNullException" storage="d:\actions-runner\_work\xpco\xpco\identityserver\videoos.identityserver.unittests\bin\debug\net6.0\win-x64\videoos.identityserver.unittests.dll" id="8827fc4b-9473-8119-896d-eed4bf525c64">
      <Execution id="0b2eb0ea-0efe-4992-b4eb-befa364c83a3" />
      <TestMethod codeBase="D:\actions-runner\_work\XPCO\XPCO\IdentityServer\VideoOS.IdentityServer.UnitTests\bin\Debug\net6.0\win-x64\VideoOS.IdentityServer.UnitTests.dll" adapterTypeName="executor://xunit/VsTestRunner2/netcoreapp" className="VideoOS.IdentityServer.UnitTests.Validators.PasswordValidatorTests" name="Constructor_NullIPasswordRequirements_ThrowsArgumentNullException" />
    </UnitTest>
    <UnitTest name="VideoOS.IdentityServer.UnitTests.GrantValidators.ResourceOwnerPasswordValidatorTests.ValidateAsync_UserLockedOut_LockedOut" storage="d:\actions-runner\_work\xpco\xpco\identityserver\videoos.identityserver.unittests\bin\debug\net6.0\win-x64\videoos.identityserver.unittests.dll" id="7ade7f6d-dbf6-7d1f-d7f6-b39a969b31ff">
      <Execution id="b7c41719-fef7-47aa-8ba2-90a8507902f1" />
      <TestMethod codeBase="D:\actions-runner\_work\XPCO\XPCO\IdentityServer\VideoOS.IdentityServer.UnitTests\bin\Debug\net6.0\win-x64\VideoOS.IdentityServer.UnitTests.dll" adapterTypeName="executor://xunit/VsTestRunner2/netcoreapp" className="VideoOS.IdentityServer.UnitTests.GrantValidators.ResourceOwnerPasswordValidatorTests" name="ValidateAsync_UserLockedOut_LockedOut" />
    </UnitTest>
    <UnitTest name="VideoOS.IdentityServer.UnitTests.Controllers.LoginProvidersControllerTests.Delete_LoginProviderExists_Success" storage="d:\actions-runner\_work\xpco\xpco\identityserver\videoos.identityserver.unittests\bin\debug\net6.0\win-x64\videoos.identityserver.unittests.dll" id="5733c725-74f6-0e64-1c02-0d0e954418ad">
      <Execution id="72153dc7-e53e-41ef-a74a-d54c8d0cbe8d" />
      <TestMethod codeBase="D:\actions-runner\_work\XPCO\XPCO\IdentityServer\VideoOS.IdentityServer.UnitTests\bin\Debug\net6.0\win-x64\VideoOS.IdentityServer.UnitTests.dll" adapterTypeName="executor://xunit/VsTestRunner2/netcoreapp" className="VideoOS.IdentityServer.UnitTests.Controllers.LoginProvidersControllerTests" name="Delete_LoginProviderExists_Success" />
    </UnitTest>
    <UnitTest name="VideoOS.IdentityServer.UnitTests.Repositories.EventLogRepositoryTests.FilterLogs_SkipIsNegative_ThrowArgumentOutOfRangeException" storage="d:\actions-runner\_work\xpco\xpco\identityserver\videoos.identityserver.unittests\bin\debug\net6.0\win-x64\videoos.identityserver.unittests.dll" id="9bc04b5a-96f6-a6a5-aeb9-c7c2c465389f">
      <Execution id="309bf943-a00c-467c-bcfe-9f7b0ef23033" />
      <TestMethod codeBase="D:\actions-runner\_work\XPCO\XPCO\IdentityServer\VideoOS.IdentityServer.UnitTests\bin\Debug\net6.0\win-x64\VideoOS.IdentityServer.UnitTests.dll" adapterTypeName="executor://xunit/VsTestRunner2/netcoreapp" className="VideoOS.IdentityServer.UnitTests.Repositories.EventLogRepositoryTests" name="FilterLogs_SkipIsNegative_ThrowArgumentOutOfRangeException" />
    </UnitTest>
    <UnitTest name="VideoOS.IdentityServer.UnitTests.Helper.RsaKeyGeneratorTests.GenerateRsaSecurityKey_InvalidKeySize_ThrowsArgumentOutOfRangeException(keySize: 16385)" storage="d:\actions-runner\_work\xpco\xpco\identityserver\videoos.identityserver.unittests\bin\debug\net6.0\win-x64\videoos.identityserver.unittests.dll" id="60f49aec-c5b4-99ea-1acb-b873f5055301">
      <Execution id="c2bf2ab3-b3e8-43e9-9ec3-43ff2f75c5f7" />
      <TestMethod codeBase="D:\actions-runner\_work\XPCO\XPCO\IdentityServer\VideoOS.IdentityServer.UnitTests\bin\Debug\net6.0\win-x64\VideoOS.IdentityServer.UnitTests.dll" adapterTypeName="executor://xunit/VsTestRunner2/netcoreapp" className="VideoOS.IdentityServer.UnitTests.Helper.RsaKeyGeneratorTests" name="GenerateRsaSecurityKey_InvalidKeySize_ThrowsArgumentOutOfRangeException" />
    </UnitTest>
    <UnitTest name="VideoOS.IdentityServer.UnitTests.Services.WellKnownConfigurationRetriever.WellKnownConfigurationRetrieverTests.GetWellKnownConfiguration_NoExternalProvider_ReturnsValidResult" storage="d:\actions-runner\_work\xpco\xpco\identityserver\videoos.identityserver.unittests\bin\debug\net6.0\win-x64\videoos.identityserver.unittests.dll" id="2ef36e24-191a-4027-ef03-9d31e948af8b">
      <Execution id="c2e6332a-6a25-4f46-9cec-cba34e14a767" />
      <TestMethod codeBase="D:\actions-runner\_work\XPCO\XPCO\IdentityServer\VideoOS.IdentityServer.UnitTests\bin\Debug\net6.0\win-x64\VideoOS.IdentityServer.UnitTests.dll" adapterTypeName="executor://xunit/VsTestRunner2/netcoreapp" className="VideoOS.IdentityServer.UnitTests.Services.WellKnownConfigurationRetriever.WellKnownConfigurationRetrieverTests" name="GetWellKnownConfiguration_NoExternalProvider_ReturnsValidResult" />
    </UnitTest>
    <UnitTest name="VideoOS.IdentityServer.UnitTests.Controllers.ExternalProviderManagerTests.AddProvider_NotEnabled_DoesNotConfigureProvider" storage="d:\actions-runner\_work\xpco\xpco\identityserver\videoos.identityserver.unittests\bin\debug\net6.0\win-x64\videoos.identityserver.unittests.dll" id="db4ea747-3596-9bab-adc1-387fe867531d">
      <Execution id="cd699dd9-d519-427d-8a78-4286011e4e61" />
      <TestMethod codeBase="D:\actions-runner\_work\XPCO\XPCO\IdentityServer\VideoOS.IdentityServer.UnitTests\bin\Debug\net6.0\win-x64\VideoOS.IdentityServer.UnitTests.dll" adapterTypeName="executor://xunit/VsTestRunner2/netcoreapp" className="VideoOS.IdentityServer.UnitTests.Controllers.ExternalProviderManagerTests" name="AddProvider_NotEnabled_DoesNotConfigureProvider" />
    </UnitTest>
    <UnitTest name="VideoOS.IdentityServer.UnitTests.Helper.ExpressionBuilderTests.FromString_DifferentQueriesWithAllowedSearchNames_ReturnsExpectedCount(query: &quot;number gt 4&quot;, expectedCount: 1, allowedSearchNames: [&quot;Number&quot;])" storage="d:\actions-runner\_work\xpco\xpco\identityserver\videoos.identityserver.unittests\bin\debug\net6.0\win-x64\videoos.identityserver.unittests.dll" id="670ae904-55a3-8185-fd54-c63dd045f796">
      <Execution id="fe3abe0f-e538-467a-b1e0-e0e04c9aff20" />
      <TestMethod codeBase="D:\actions-runner\_work\XPCO\XPCO\IdentityServer\VideoOS.IdentityServer.UnitTests\bin\Debug\net6.0\win-x64\VideoOS.IdentityServer.UnitTests.dll" adapterTypeName="executor://xunit/VsTestRunner2/netcoreapp" className="VideoOS.IdentityServer.UnitTests.Helper.ExpressionBuilderTests" name="FromString_DifferentQueriesWithAllowedSearchNames_ReturnsExpectedCount" />
    </UnitTest>
    <UnitTest name="VideoOS.IdentityServer.UnitTests.Middleware.RequestResponseLogMiddlewareTests.InvokeAsync_Logging_NormalRequest" storage="d:\actions-runner\_work\xpco\xpco\identityserver\videoos.identityserver.unittests\bin\debug\net6.0\win-x64\videoos.identityserver.unittests.dll" id="23e33eef-24b9-2a18-0758-b3fa92dab418">
      <Execution id="70ed70d0-e3bd-43a5-bb23-3b86cbcbfc67" />
      <TestMethod codeBase="D:\actions-runner\_work\XPCO\XPCO\IdentityServer\VideoOS.IdentityServer.UnitTests\bin\Debug\net6.0\win-x64\VideoOS.IdentityServer.UnitTests.dll" adapterTypeName="executor://xunit/VsTestRunner2/netcoreapp" className="VideoOS.IdentityServer.UnitTests.Middleware.RequestResponseLogMiddlewareTests" name="InvokeAsync_Logging_NormalRequest" />
    </UnitTest>
    <UnitTest name="VideoOS.IdentityServer.UnitTests.Controllers.ClientsControllerTests.RegisterClient_InvalidClientIdRequested_BusinessViolationExceptionIsThrown" storage="d:\actions-runner\_work\xpco\xpco\identityserver\videoos.identityserver.unittests\bin\debug\net6.0\win-x64\videoos.identityserver.unittests.dll" id="32be16a7-ee49-b10f-4c61-b754df927f5e">
      <Execution id="460f5667-c489-4f26-b37a-498b5b363a6d" />
      <TestMethod codeBase="D:\actions-runner\_work\XPCO\XPCO\IdentityServer\VideoOS.IdentityServer.UnitTests\bin\Debug\net6.0\win-x64\VideoOS.IdentityServer.UnitTests.dll" adapterTypeName="executor://xunit/VsTestRunner2/netcoreapp" className="VideoOS.IdentityServer.UnitTests.Controllers.ClientsControllerTests" name="RegisterClient_InvalidClientIdRequested_BusinessViolationExceptionIsThrown" />
    </UnitTest>
    <UnitTest name="VideoOS.IdentityServer.UnitTests.Repositories.VmsUserManagerTests.FindByIdsAsync_UsersNotFound_Empty" storage="d:\actions-runner\_work\xpco\xpco\identityserver\videoos.identityserver.unittests\bin\debug\net6.0\win-x64\videoos.identityserver.unittests.dll" id="38622752-e42e-50b5-44f2-47149b16f855">
      <Execution id="668c1cc6-c0ea-4d13-ae31-7c9eadc8dbab" />
      <TestMethod codeBase="D:\actions-runner\_work\XPCO\XPCO\IdentityServer\VideoOS.IdentityServer.UnitTests\bin\Debug\net6.0\win-x64\VideoOS.IdentityServer.UnitTests.dll" adapterTypeName="executor://xunit/VsTestRunner2/netcoreapp" className="VideoOS.IdentityServer.UnitTests.Repositories.VmsUserManagerTests" name="FindByIdsAsync_UsersNotFound_Empty" />
    </UnitTest>
    <UnitTest name="VideoOS.IdentityServer.UnitTests.Controllers.TrustedIssuersControllerTests.Post_IssuerExists_DuplicateTrustedIssuerError" storage="d:\actions-runner\_work\xpco\xpco\identityserver\videoos.identityserver.unittests\bin\debug\net6.0\win-x64\videoos.identityserver.unittests.dll" id="dce055c4-2491-c727-d725-c728829ca56d">
      <Execution id="cd2b4709-35a7-4624-8ee7-42e8bcce9b4b" />
      <TestMethod codeBase="D:\actions-runner\_work\XPCO\XPCO\IdentityServer\VideoOS.IdentityServer.UnitTests\bin\Debug\net6.0\win-x64\VideoOS.IdentityServer.UnitTests.dll" adapterTypeName="executor://xunit/VsTestRunner2/netcoreapp" className="VideoOS.IdentityServer.UnitTests.Controllers.TrustedIssuersControllerTests" name="Post_IssuerExists_DuplicateTrustedIssuerError" />
    </UnitTest>
    <UnitTest name="VideoOS.IdentityServer.UnitTests.Attributes.SIDAttributeTests.IsValid_IsCorrectSidFormat_ReturnsTrue(value: &quot;s-1-1-0&quot;)" storage="d:\actions-runner\_work\xpco\xpco\identityserver\videoos.identityserver.unittests\bin\debug\net6.0\win-x64\videoos.identityserver.unittests.dll" id="c3846fc0-2007-2b3f-c098-4deb9354cadc">
      <Execution id="2c7a2d36-1053-4f1d-9f58-9ef4657cda1c" />
      <TestMethod codeBase="D:\actions-runner\_work\XPCO\XPCO\IdentityServer\VideoOS.IdentityServer.UnitTests\bin\Debug\net6.0\win-x64\VideoOS.IdentityServer.UnitTests.dll" adapterTypeName="executor://xunit/VsTestRunner2/netcoreapp" className="VideoOS.IdentityServer.UnitTests.Attributes.SIDAttributeTests" name="IsValid_IsCorrectSidFormat_ReturnsTrue" />
    </UnitTest>
    <UnitTest name="VideoOS.IdentityServer.UnitTests.Controllers.AdminIdentityControllerTests.Delete_AdminIdentityDoesExist_AdminIdentityDeleted" storage="d:\actions-runner\_work\xpco\xpco\identityserver\videoos.identityserver.unittests\bin\debug\net6.0\win-x64\videoos.identityserver.unittests.dll" id="454207ce-e227-03f9-a503-fae7cc260b73">
      <Execution id="4db621b3-a690-4a4b-906a-909950dc74d9" />
      <TestMethod codeBase="D:\actions-runner\_work\XPCO\XPCO\IdentityServer\VideoOS.IdentityServer.UnitTests\bin\Debug\net6.0\win-x64\VideoOS.IdentityServer.UnitTests.dll" adapterTypeName="executor://xunit/VsTestRunner2/netcoreapp" className="VideoOS.IdentityServer.UnitTests.Controllers.AdminIdentityControllerTests" name="Delete_AdminIdentityDoesExist_AdminIdentityDeleted" />
    </UnitTest>
    <UnitTest name="VideoOS.IdentityServer.UnitTests.Controllers.LoginsControllerTests.AddLogin_LoginIsNotCreated_BadRequestReturned" storage="d:\actions-runner\_work\xpco\xpco\identityserver\videoos.identityserver.unittests\bin\debug\net6.0\win-x64\videoos.identityserver.unittests.dll" id="5de2ac4a-ce20-5c4a-e02b-66d9452032da">
      <Execution id="646e0a80-4acf-4a5e-b45d-9bc5f2a4110c" />
      <TestMethod codeBase="D:\actions-runner\_work\XPCO\XPCO\IdentityServer\VideoOS.IdentityServer.UnitTests\bin\Debug\net6.0\win-x64\VideoOS.IdentityServer.UnitTests.dll" adapterTypeName="executor://xunit/VsTestRunner2/netcoreapp" className="VideoOS.IdentityServer.UnitTests.Controllers.LoginsControllerTests" name="AddLogin_LoginIsNotCreated_BadRequestReturned" />
    </UnitTest>
    <UnitTest name="VideoOS.IdentityServer.UnitTests.Controllers.UsersControllerTests.GetUsers_UserIsNotFound_ReturnEmptyOkResult" storage="d:\actions-runner\_work\xpco\xpco\identityserver\videoos.identityserver.unittests\bin\debug\net6.0\win-x64\videoos.identityserver.unittests.dll" id="2bd2b7de-07b8-6957-99b3-e959f37311d0">
      <Execution id="dfc431f4-8dc2-41af-8846-5f42bd0de6ee" />
      <TestMethod codeBase="D:\actions-runner\_work\XPCO\XPCO\IdentityServer\VideoOS.IdentityServer.UnitTests\bin\Debug\net6.0\win-x64\VideoOS.IdentityServer.UnitTests.dll" adapterTypeName="executor://xunit/VsTestRunner2/netcoreapp" className="VideoOS.IdentityServer.UnitTests.Controllers.UsersControllerTests" name="GetUsers_UserIsNotFound_ReturnEmptyOkResult" />
    </UnitTest>
    <UnitTest name="VideoOS.IdentityServer.UnitTests.Helper.ConstantValueHelperTests.GetConstantValues_ConstantTypeExists_AllValuesReturned" storage="d:\actions-runner\_work\xpco\xpco\identityserver\videoos.identityserver.unittests\bin\debug\net6.0\win-x64\videoos.identityserver.unittests.dll" id="f0769189-46ba-dd7f-13e5-7e6afa6117a7">
      <Execution id="a5d07b0e-1a43-4107-b1b1-0005d3ef4483" />
      <TestMethod codeBase="D:\actions-runner\_work\XPCO\XPCO\IdentityServer\VideoOS.IdentityServer.UnitTests\bin\Debug\net6.0\win-x64\VideoOS.IdentityServer.UnitTests.dll" adapterTypeName="executor://xunit/VsTestRunner2/netcoreapp" className="VideoOS.IdentityServer.UnitTests.Helper.ConstantValueHelperTests" name="GetConstantValues_ConstantTypeExists_AllValuesReturned" />
    </UnitTest>
    <UnitTest name="VideoOS.IdentityServer.UnitTests.Controllers.LoginsControllerTests.DeleteLogin_LoginIsNotDeleted_BadRequestReturned" storage="d:\actions-runner\_work\xpco\xpco\identityserver\videoos.identityserver.unittests\bin\debug\net6.0\win-x64\videoos.identityserver.unittests.dll" id="e9b5c39a-de14-2511-2085-e1767b97fd6e">
      <Execution id="708f2588-5684-40e2-9887-c16bcd482a35" />
      <TestMethod codeBase="D:\actions-runner\_work\XPCO\XPCO\IdentityServer\VideoOS.IdentityServer.UnitTests\bin\Debug\net6.0\win-x64\VideoOS.IdentityServer.UnitTests.dll" adapterTypeName="executor://xunit/VsTestRunner2/netcoreapp" className="VideoOS.IdentityServer.UnitTests.Controllers.LoginsControllerTests" name="DeleteLogin_LoginIsNotDeleted_BadRequestReturned" />
    </UnitTest>
    <UnitTest name="VideoOS.IdentityServer.UnitTests.Pages.LoginTests.OnPostAsync_UserLockedOut_EventLogCreated" storage="d:\actions-runner\_work\xpco\xpco\identityserver\videoos.identityserver.unittests\bin\debug\net6.0\win-x64\videoos.identityserver.unittests.dll" id="971a56ac-d06c-4071-e005-797f93846783">
      <Execution id="11feca6f-a33a-4bdb-b7b1-c12e05f08bf9" />
      <TestMethod codeBase="D:\actions-runner\_work\XPCO\XPCO\IdentityServer\VideoOS.IdentityServer.UnitTests\bin\Debug\net6.0\win-x64\VideoOS.IdentityServer.UnitTests.dll" adapterTypeName="executor://xunit/VsTestRunner2/netcoreapp" className="VideoOS.IdentityServer.UnitTests.Pages.LoginTests" name="OnPostAsync_UserLockedOut_EventLogCreated" />
    </UnitTest>
    <UnitTest name="VideoOS.IdentityServer.UnitTests.Controllers.ClientsControllerTests.GetClient_ClientIsFound_ReturnOkResultWithClientDto" storage="d:\actions-runner\_work\xpco\xpco\identityserver\videoos.identityserver.unittests\bin\debug\net6.0\win-x64\videoos.identityserver.unittests.dll" id="d7da64a4-55b6-ed43-be57-9d181f7abde0">
      <Execution id="af7bd6bd-9c92-430f-8d84-d90ab9d21d9b" />
      <TestMethod codeBase="D:\actions-runner\_work\XPCO\XPCO\IdentityServer\VideoOS.IdentityServer.UnitTests\bin\Debug\net6.0\win-x64\VideoOS.IdentityServer.UnitTests.dll" adapterTypeName="executor://xunit/VsTestRunner2/netcoreapp" className="VideoOS.IdentityServer.UnitTests.Controllers.ClientsControllerTests" name="GetClient_ClientIsFound_ReturnOkResultWithClientDto" />
    </UnitTest>
    <UnitTest name="VideoOS.IdentityServer.UnitTests.Pages.ErrorTests.OnGetAsync_RequestIsNotOnApiPath_DisplayCorrectErrorCodeAndShowFooter(httpStatusCode: Forbidden, expectedErrorCodeMessage: &quot;PageForbidden&quot;, expectedShowFooter: False)" storage="d:\actions-runner\_work\xpco\xpco\identityserver\videoos.identityserver.unittests\bin\debug\net6.0\win-x64\videoos.identityserver.unittests.dll" id="207a906e-a774-4b05-3722-9a9c77877e13">
      <Execution id="42ed9726-a195-4974-9d84-b5deee13e43e" />
      <TestMethod codeBase="D:\actions-runner\_work\XPCO\XPCO\IdentityServer\VideoOS.IdentityServer.UnitTests\bin\Debug\net6.0\win-x64\VideoOS.IdentityServer.UnitTests.dll" adapterTypeName="executor://xunit/VsTestRunner2/netcoreapp" className="VideoOS.IdentityServer.UnitTests.Pages.ErrorTests" name="OnGetAsync_RequestIsNotOnApiPath_DisplayCorrectErrorCodeAndShowFooter" />
    </UnitTest>
    <UnitTest name="VideoOS.IdentityServer.UnitTests.Filters.ApiExceptionFilterTest.OnException_ExceptionIsApiException_HttpContextResultIsSetWithStatus400AndMessage" storage="d:\actions-runner\_work\xpco\xpco\identityserver\videoos.identityserver.unittests\bin\debug\net6.0\win-x64\videoos.identityserver.unittests.dll" id="6df617a3-480b-b950-cc83-439ce7b442c8">
      <Execution id="aa4498d7-9ecb-497a-b3dd-65546d4c22e7" />
      <TestMethod codeBase="D:\actions-runner\_work\XPCO\XPCO\IdentityServer\VideoOS.IdentityServer.UnitTests\bin\Debug\net6.0\win-x64\VideoOS.IdentityServer.UnitTests.dll" adapterTypeName="executor://xunit/VsTestRunner2/netcoreapp" className="VideoOS.IdentityServer.UnitTests.Filters.ApiExceptionFilterTest" name="OnException_ExceptionIsApiException_HttpContextResultIsSetWithStatus400AndMessage" />
    </UnitTest>
    <UnitTest name="VideoOS.IdentityServer.UnitTests.Services.UserProvisionerTests.CreateOrUpdateUser_NoIdpClaim_ProviderEqualScheme" storage="d:\actions-runner\_work\xpco\xpco\identityserver\videoos.identityserver.unittests\bin\debug\net6.0\win-x64\videoos.identityserver.unittests.dll" id="c4f9ff86-5734-0f3a-d18e-ebe9e44a2911">
      <Execution id="e412e509-c936-4bae-9f94-23e7a961505a" />
      <TestMethod codeBase="D:\actions-runner\_work\XPCO\XPCO\IdentityServer\VideoOS.IdentityServer.UnitTests\bin\Debug\net6.0\win-x64\VideoOS.IdentityServer.UnitTests.dll" adapterTypeName="executor://xunit/VsTestRunner2/netcoreapp" className="VideoOS.IdentityServer.UnitTests.Services.UserProvisionerTests" name="CreateOrUpdateUser_NoIdpClaim_ProviderEqualScheme" />
    </UnitTest>
    <UnitTest name="VideoOS.IdentityServer.UnitTests.Pages.External.LoginTests.OnGet_ReturnUrlIsNotValid_Error" storage="d:\actions-runner\_work\xpco\xpco\identityserver\videoos.identityserver.unittests\bin\debug\net6.0\win-x64\videoos.identityserver.unittests.dll" id="652efa43-6827-5751-0b78-2bbbfaca6803">
      <Execution id="f9916808-0cae-4906-9b58-07ddacba0102" />
      <TestMethod codeBase="D:\actions-runner\_work\XPCO\XPCO\IdentityServer\VideoOS.IdentityServer.UnitTests\bin\Debug\net6.0\win-x64\VideoOS.IdentityServer.UnitTests.dll" adapterTypeName="executor://xunit/VsTestRunner2/netcoreapp" className="VideoOS.IdentityServer.UnitTests.Pages.External.LoginTests" name="OnGet_ReturnUrlIsNotValid_Error" />
    </UnitTest>
    <UnitTest name="VideoOS.IdentityServer.UnitTests.Helper.ExpressionBuilderTests.FromString_QueryIsInvalid_ThrowsQueryFilterException(query: &quot;number eq a&quot;)" storage="d:\actions-runner\_work\xpco\xpco\identityserver\videoos.identityserver.unittests\bin\debug\net6.0\win-x64\videoos.identityserver.unittests.dll" id="2ede7152-24c8-7202-fc29-669fff21e646">
      <Execution id="aedec684-7363-4b0e-a23d-b3f89c778c00" />
      <TestMethod codeBase="D:\actions-runner\_work\XPCO\XPCO\IdentityServer\VideoOS.IdentityServer.UnitTests\bin\Debug\net6.0\win-x64\VideoOS.IdentityServer.UnitTests.dll" adapterTypeName="executor://xunit/VsTestRunner2/netcoreapp" className="VideoOS.IdentityServer.UnitTests.Helper.ExpressionBuilderTests" name="FromString_QueryIsInvalid_ThrowsQueryFilterException" />
    </UnitTest>
    <UnitTest name="VideoOS.IdentityServer.UnitTests.Helper.ExpressionBuilderTests.FromString_DifferentQueriesWithAllowedSearchNames_ReturnsExpectedCount(query: &quot;  number  eq  4  &quot;, expectedCount: 1, allowedSearchNames: [&quot;Number&quot;])" storage="d:\actions-runner\_work\xpco\xpco\identityserver\videoos.identityserver.unittests\bin\debug\net6.0\win-x64\videoos.identityserver.unittests.dll" id="4914b9f0-e8f8-58ce-422e-a75ec7ab88aa">
      <Execution id="8d94f685-ba99-4c16-9f1d-8a898d19b77d" />
      <TestMethod codeBase="D:\actions-runner\_work\XPCO\XPCO\IdentityServer\VideoOS.IdentityServer.UnitTests\bin\Debug\net6.0\win-x64\VideoOS.IdentityServer.UnitTests.dll" adapterTypeName="executor://xunit/VsTestRunner2/netcoreapp" className="VideoOS.IdentityServer.UnitTests.Helper.ExpressionBuilderTests" name="FromString_DifferentQueriesWithAllowedSearchNames_ReturnsExpectedCount" />
    </UnitTest>
    <UnitTest name="VideoOS.IdentityServer.UnitTests.Controllers.UsersControllerTests.Patch_PasswordIsNotGoodEnough_ReturnBadRequest" storage="d:\actions-runner\_work\xpco\xpco\identityserver\videoos.identityserver.unittests\bin\debug\net6.0\win-x64\videoos.identityserver.unittests.dll" id="8ede8484-1e67-a40d-1a4b-5a875507f93a">
      <Execution id="7aa4a9ac-9310-4309-8447-7beccc93b054" />
      <TestMethod codeBase="D:\actions-runner\_work\XPCO\XPCO\IdentityServer\VideoOS.IdentityServer.UnitTests\bin\Debug\net6.0\win-x64\VideoOS.IdentityServer.UnitTests.dll" adapterTypeName="executor://xunit/VsTestRunner2/netcoreapp" className="VideoOS.IdentityServer.UnitTests.Controllers.UsersControllerTests" name="Patch_PasswordIsNotGoodEnough_ReturnBadRequest" />
    </UnitTest>
    <UnitTest name="VideoOS.IdentityServer.UnitTests.Services.PasswordHasherWithLegacySupportTests.VerifyHashedPassword_MissingOneLegacyPasswordClaim_Logged(missingClaim: &quot;MigrateEncryptionMethod&quot;)" storage="d:\actions-runner\_work\xpco\xpco\identityserver\videoos.identityserver.unittests\bin\debug\net6.0\win-x64\videoos.identityserver.unittests.dll" id="b4f75590-92df-872c-f70b-31c329cd70f3">
      <Execution id="1d1adf51-adb1-41f4-99ab-71443050e277" />
      <TestMethod codeBase="D:\actions-runner\_work\XPCO\XPCO\IdentityServer\VideoOS.IdentityServer.UnitTests\bin\Debug\net6.0\win-x64\VideoOS.IdentityServer.UnitTests.dll" adapterTypeName="executor://xunit/VsTestRunner2/netcoreapp" className="VideoOS.IdentityServer.UnitTests.Services.PasswordHasherWithLegacySupportTests" name="VerifyHashedPassword_MissingOneLegacyPasswordClaim_Logged" />
    </UnitTest>
    <UnitTest name="VideoOS.IdentityServer.UnitTests.Attributes.DisallowCharacterAttributeTests.IsValid_ContainsOnlyAllowedCharacters_ReturnsTrue(value: &quot;milestone_fam&quot;)" storage="d:\actions-runner\_work\xpco\xpco\identityserver\videoos.identityserver.unittests\bin\debug\net6.0\win-x64\videoos.identityserver.unittests.dll" id="9624a031-7855-a4af-5a12-0841cb0c62b4">
      <Execution id="f905407a-51c7-4f61-99f5-63cdc975e569" />
      <TestMethod codeBase="D:\actions-runner\_work\XPCO\XPCO\IdentityServer\VideoOS.IdentityServer.UnitTests\bin\Debug\net6.0\win-x64\VideoOS.IdentityServer.UnitTests.dll" adapterTypeName="executor://xunit/VsTestRunner2/netcoreapp" className="VideoOS.IdentityServer.UnitTests.Attributes.DisallowCharacterAttributeTests" name="IsValid_ContainsOnlyAllowedCharacters_ReturnsTrue" />
    </UnitTest>
    <UnitTest name="VideoOS.IdentityServer.UnitTests.Attributes.DisallowCharacterAttributeTests.IsValid_ContainsOnlyAllowedCharacters_ReturnsTrue(value: null)" storage="d:\actions-runner\_work\xpco\xpco\identityserver\videoos.identityserver.unittests\bin\debug\net6.0\win-x64\videoos.identityserver.unittests.dll" id="b76ba26d-44b3-e26c-27b8-2e42a199bd90">
      <Execution id="efba8da1-26c5-4fa3-9c1c-8ce3ab639dd8" />
      <TestMethod codeBase="D:\actions-runner\_work\XPCO\XPCO\IdentityServer\VideoOS.IdentityServer.UnitTests\bin\Debug\net6.0\win-x64\VideoOS.IdentityServer.UnitTests.dll" adapterTypeName="executor://xunit/VsTestRunner2/netcoreapp" className="VideoOS.IdentityServer.UnitTests.Attributes.DisallowCharacterAttributeTests" name="IsValid_ContainsOnlyAllowedCharacters_ReturnsTrue" />
    </UnitTest>
    <UnitTest name="VideoOS.IdentityServer.UnitTests.Model.ErrorResponseTests.ErrorResponse_DuplicateApiErrors_ErrorsContainAllDescriptionElements" storage="d:\actions-runner\_work\xpco\xpco\identityserver\videoos.identityserver.unittests\bin\debug\net6.0\win-x64\videoos.identityserver.unittests.dll" id="9805a00b-17c2-ac10-b04e-31770952e806">
      <Execution id="29335a9a-6325-4113-bdc7-6e675baffd8b" />
      <TestMethod codeBase="D:\actions-runner\_work\XPCO\XPCO\IdentityServer\VideoOS.IdentityServer.UnitTests\bin\Debug\net6.0\win-x64\VideoOS.IdentityServer.UnitTests.dll" adapterTypeName="executor://xunit/VsTestRunner2/netcoreapp" className="VideoOS.IdentityServer.UnitTests.Model.ErrorResponseTests" name="ErrorResponse_DuplicateApiErrors_ErrorsContainAllDescriptionElements" />
    </UnitTest>
    <UnitTest name="VideoOS.IdentityServer.UnitTests.Attributes.IsGuidTests.IsGuid_ValueIsGuidOrNull_ReturnsTrue(value: &quot;a86818c9-6703-4236-ae65-592332fb43e2&quot;)" storage="d:\actions-runner\_work\xpco\xpco\identityserver\videoos.identityserver.unittests\bin\debug\net6.0\win-x64\videoos.identityserver.unittests.dll" id="fa378fcf-ab9c-4481-d1e8-d9cef920ea0f">
      <Execution id="4c52343e-08ba-49cb-ac67-6b3c9e7340ad" />
      <TestMethod codeBase="D:\actions-runner\_work\XPCO\XPCO\IdentityServer\VideoOS.IdentityServer.UnitTests\bin\Debug\net6.0\win-x64\VideoOS.IdentityServer.UnitTests.dll" adapterTypeName="executor://xunit/VsTestRunner2/netcoreapp" className="VideoOS.IdentityServer.UnitTests.Attributes.IsGuidTests" name="IsGuid_ValueIsGuidOrNull_ReturnsTrue" />
    </UnitTest>
    <UnitTest name="VideoOS.IdentityServer.UnitTests.GrantValidators.WindowsCredentialsGrantValidatorTests.ValidateAsync_UserNotAuthenticated_Failed" storage="d:\actions-runner\_work\xpco\xpco\identityserver\videoos.identityserver.unittests\bin\debug\net6.0\win-x64\videoos.identityserver.unittests.dll" id="019ddef2-79b7-3e6f-c319-8751953491cf">
      <Execution id="eff97d35-fdab-477f-bd77-e6294d23e204" />
      <TestMethod codeBase="D:\actions-runner\_work\XPCO\XPCO\IdentityServer\VideoOS.IdentityServer.UnitTests\bin\Debug\net6.0\win-x64\VideoOS.IdentityServer.UnitTests.dll" adapterTypeName="executor://xunit/VsTestRunner2/netcoreapp" className="VideoOS.IdentityServer.UnitTests.GrantValidators.WindowsCredentialsGrantValidatorTests" name="ValidateAsync_UserNotAuthenticated_Failed" />
    </UnitTest>
    <UnitTest name="VideoOS.IdentityServer.UnitTests.Repositories.VmsUserManagerTests.CreateUserInternalAsync_AddLoginInfoError_Failed" storage="d:\actions-runner\_work\xpco\xpco\identityserver\videoos.identityserver.unittests\bin\debug\net6.0\win-x64\videoos.identityserver.unittests.dll" id="eba938f9-1de9-a6d2-1cc3-c22477755358">
      <Execution id="3c51a00e-cfd7-4090-ae5b-77cb1e6bfd29" />
      <TestMethod codeBase="D:\actions-runner\_work\XPCO\XPCO\IdentityServer\VideoOS.IdentityServer.UnitTests\bin\Debug\net6.0\win-x64\VideoOS.IdentityServer.UnitTests.dll" adapterTypeName="executor://xunit/VsTestRunner2/netcoreapp" className="VideoOS.IdentityServer.UnitTests.Repositories.VmsUserManagerTests" name="CreateUserInternalAsync_AddLoginInfoError_Failed" />
    </UnitTest>
    <UnitTest name="VideoOS.IdentityServer.UnitTests.Repositories.VmsUserManagerTests.GetLogins_NoLoginsMatchingFilters_NoLoginsReturned" storage="d:\actions-runner\_work\xpco\xpco\identityserver\videoos.identityserver.unittests\bin\debug\net6.0\win-x64\videoos.identityserver.unittests.dll" id="0f7868bc-3682-bc6b-9f38-1769de49a115">
      <Execution id="69904ba8-6271-4d2d-be5a-f26afdb84d68" />
      <TestMethod codeBase="D:\actions-runner\_work\XPCO\XPCO\IdentityServer\VideoOS.IdentityServer.UnitTests\bin\Debug\net6.0\win-x64\VideoOS.IdentityServer.UnitTests.dll" adapterTypeName="executor://xunit/VsTestRunner2/netcoreapp" className="VideoOS.IdentityServer.UnitTests.Repositories.VmsUserManagerTests" name="GetLogins_NoLoginsMatchingFilters_NoLoginsReturned" />
    </UnitTest>
    <UnitTest name="VideoOS.IdentityServer.UnitTests.Attributes.MaxLengthUriAttributeTests.IsValid_ForNotUriValue_ReturnsError" storage="d:\actions-runner\_work\xpco\xpco\identityserver\videoos.identityserver.unittests\bin\debug\net6.0\win-x64\videoos.identityserver.unittests.dll" id="32d31b65-fa07-6661-d591-50910694ecd1">
      <Execution id="2d56982e-40a2-4b85-a357-0203d83c1dc1" />
      <TestMethod codeBase="D:\actions-runner\_work\XPCO\XPCO\IdentityServer\VideoOS.IdentityServer.UnitTests\bin\Debug\net6.0\win-x64\VideoOS.IdentityServer.UnitTests.dll" adapterTypeName="executor://xunit/VsTestRunner2/netcoreapp" className="VideoOS.IdentityServer.UnitTests.Attributes.MaxLengthUriAttributeTests" name="IsValid_ForNotUriValue_ReturnsError" />
    </UnitTest>
    <UnitTest name="VideoOS.IdentityServer.UnitTests.Helper.ExpressionBuilderTests.FromString_QueryIsInvalid_ThrowsQueryFilterException(query: &quot;doesnotexists eq a&quot;)" storage="d:\actions-runner\_work\xpco\xpco\identityserver\videoos.identityserver.unittests\bin\debug\net6.0\win-x64\videoos.identityserver.unittests.dll" id="3ce805ef-0df2-a3e6-ebeb-47289be70483">
      <Execution id="4fc7bae9-4242-4589-9b50-475e62079500" />
      <TestMethod codeBase="D:\actions-runner\_work\XPCO\XPCO\IdentityServer\VideoOS.IdentityServer.UnitTests\bin\Debug\net6.0\win-x64\VideoOS.IdentityServer.UnitTests.dll" adapterTypeName="executor://xunit/VsTestRunner2/netcoreapp" className="VideoOS.IdentityServer.UnitTests.Helper.ExpressionBuilderTests" name="FromString_QueryIsInvalid_ThrowsQueryFilterException" />
    </UnitTest>
    <UnitTest name="VideoOS.IdentityServer.UnitTests.Model.Result.ResultTests.ImplicitConversion_ShouldBeErrorWithMultipleErrors_WhenMultipleErrorsProvided" storage="d:\actions-runner\_work\xpco\xpco\identityserver\videoos.identityserver.unittests\bin\debug\net6.0\win-x64\videoos.identityserver.unittests.dll" id="7b099417-e68b-369a-98ea-81252ffe367b">
      <Execution id="731992a5-9173-4a94-b79f-b0f1072dab74" />
      <TestMethod codeBase="D:\actions-runner\_work\XPCO\XPCO\IdentityServer\VideoOS.IdentityServer.UnitTests\bin\Debug\net6.0\win-x64\VideoOS.IdentityServer.UnitTests.dll" adapterTypeName="executor://xunit/VsTestRunner2/netcoreapp" className="VideoOS.IdentityServer.UnitTests.Model.Result.ResultTests" name="ImplicitConversion_ShouldBeErrorWithMultipleErrors_WhenMultipleErrorsProvided" />
    </UnitTest>
    <UnitTest name="VideoOS.IdentityServer.UnitTests.Attributes.SIDAttributeTests.IsValid_IsCorrectSidFormat_ReturnsTrue(value: &quot;S-1-0-0&quot;)" storage="d:\actions-runner\_work\xpco\xpco\identityserver\videoos.identityserver.unittests\bin\debug\net6.0\win-x64\videoos.identityserver.unittests.dll" id="57018c6c-77e8-b9db-09ff-723e1a88f49b">
      <Execution id="8768d486-8666-420a-867a-1454e8bf53e0" />
      <TestMethod codeBase="D:\actions-runner\_work\XPCO\XPCO\IdentityServer\VideoOS.IdentityServer.UnitTests\bin\Debug\net6.0\win-x64\VideoOS.IdentityServer.UnitTests.dll" adapterTypeName="executor://xunit/VsTestRunner2/netcoreapp" className="VideoOS.IdentityServer.UnitTests.Attributes.SIDAttributeTests" name="IsValid_IsCorrectSidFormat_ReturnsTrue" />
    </UnitTest>
    <UnitTest name="VideoOS.IdentityServer.UnitTests.Services.DeleteEventLogHostedServiceTest.DoWork_CalledOnEvent_LogsOlderThanOneDayDeleted" storage="d:\actions-runner\_work\xpco\xpco\identityserver\videoos.identityserver.unittests\bin\debug\net6.0\win-x64\videoos.identityserver.unittests.dll" id="c2a30588-211f-3067-d90d-ea2b0f188d42">
      <Execution id="7393d34a-7e43-4fbf-b6c0-3c3cd28accad" />
      <TestMethod codeBase="D:\actions-runner\_work\XPCO\XPCO\IdentityServer\VideoOS.IdentityServer.UnitTests\bin\Debug\net6.0\win-x64\VideoOS.IdentityServer.UnitTests.dll" adapterTypeName="executor://xunit/VsTestRunner2/netcoreapp" className="VideoOS.IdentityServer.UnitTests.Services.DeleteEventLogHostedServiceTest" name="DoWork_CalledOnEvent_LogsOlderThanOneDayDeleted" />
    </UnitTest>
    <UnitTest name="VideoOS.IdentityServer.UnitTests.Controllers.UsersControllerTests.Get_UserIsFound_ReturnOkResultWithUserDto" storage="d:\actions-runner\_work\xpco\xpco\identityserver\videoos.identityserver.unittests\bin\debug\net6.0\win-x64\videoos.identityserver.unittests.dll" id="1c67d741-c9ce-dfc2-5f5a-2144a38e5ef7">
      <Execution id="df1840e9-eec7-487f-aa8b-27c604872452" />
      <TestMethod codeBase="D:\actions-runner\_work\XPCO\XPCO\IdentityServer\VideoOS.IdentityServer.UnitTests\bin\Debug\net6.0\win-x64\VideoOS.IdentityServer.UnitTests.dll" adapterTypeName="executor://xunit/VsTestRunner2/netcoreapp" className="VideoOS.IdentityServer.UnitTests.Controllers.UsersControllerTests" name="Get_UserIsFound_ReturnOkResultWithUserDto" />
    </UnitTest>
    <UnitTest name="VideoOS.IdentityServer.UnitTests.Repositories.VmsUserManagerTests.GetLogins_UsingProviderOnly_LoginsReturned" storage="d:\actions-runner\_work\xpco\xpco\identityserver\videoos.identityserver.unittests\bin\debug\net6.0\win-x64\videoos.identityserver.unittests.dll" id="b75fb83c-335f-c4a6-1eb4-272ad4739498">
      <Execution id="a5202f31-a6d8-4f16-bc20-e7f761e17151" />
      <TestMethod codeBase="D:\actions-runner\_work\XPCO\XPCO\IdentityServer\VideoOS.IdentityServer.UnitTests\bin\Debug\net6.0\win-x64\VideoOS.IdentityServer.UnitTests.dll" adapterTypeName="executor://xunit/VsTestRunner2/netcoreapp" className="VideoOS.IdentityServer.UnitTests.Repositories.VmsUserManagerTests" name="GetLogins_UsingProviderOnly_LoginsReturned" />
    </UnitTest>
    <UnitTest name="VideoOS.IdentityServer.UnitTests.Validators.PasswordValidatorTests.Constructor_NullIPasswordHasher_ThrowsArgumentNullException" storage="d:\actions-runner\_work\xpco\xpco\identityserver\videoos.identityserver.unittests\bin\debug\net6.0\win-x64\videoos.identityserver.unittests.dll" id="d1ba2313-0906-8d41-2715-24c6e5c1c48a">
      <Execution id="92352278-bc54-431a-a86a-bfc52ab6efd5" />
      <TestMethod codeBase="D:\actions-runner\_work\XPCO\XPCO\IdentityServer\VideoOS.IdentityServer.UnitTests\bin\Debug\net6.0\win-x64\VideoOS.IdentityServer.UnitTests.dll" adapterTypeName="executor://xunit/VsTestRunner2/netcoreapp" className="VideoOS.IdentityServer.UnitTests.Validators.PasswordValidatorTests" name="Constructor_NullIPasswordHasher_ThrowsArgumentNullException" />
    </UnitTest>
    <UnitTest name="VideoOS.IdentityServer.UnitTests.Attributes.MaxLengthUriAttributeTests.IsValid_ForUriValueGreaterThanMax_ReturnsError" storage="d:\actions-runner\_work\xpco\xpco\identityserver\videoos.identityserver.unittests\bin\debug\net6.0\win-x64\videoos.identityserver.unittests.dll" id="5e7f1967-19b9-699d-65df-1c953ee285e7">
      <Execution id="7c369910-6248-43df-b3a4-6f09b1de85cc" />
      <TestMethod codeBase="D:\actions-runner\_work\XPCO\XPCO\IdentityServer\VideoOS.IdentityServer.UnitTests\bin\Debug\net6.0\win-x64\VideoOS.IdentityServer.UnitTests.dll" adapterTypeName="executor://xunit/VsTestRunner2/netcoreapp" className="VideoOS.IdentityServer.UnitTests.Attributes.MaxLengthUriAttributeTests" name="IsValid_ForUriValueGreaterThanMax_ReturnsError" />
    </UnitTest>
    <UnitTest name="VideoOS.IdentityServer.UnitTests.Repositories.VmsUserManagerTests.FindByLoginAsync_UserNotFound_User" storage="d:\actions-runner\_work\xpco\xpco\identityserver\videoos.identityserver.unittests\bin\debug\net6.0\win-x64\videoos.identityserver.unittests.dll" id="01433ef2-8b3d-c050-4c37-ad60206b679e">
      <Execution id="94678f74-f420-44a4-9194-daad6540ec1a" />
      <TestMethod codeBase="D:\actions-runner\_work\XPCO\XPCO\IdentityServer\VideoOS.IdentityServer.UnitTests\bin\Debug\net6.0\win-x64\VideoOS.IdentityServer.UnitTests.dll" adapterTypeName="executor://xunit/VsTestRunner2/netcoreapp" className="VideoOS.IdentityServer.UnitTests.Repositories.VmsUserManagerTests" name="FindByLoginAsync_UserNotFound_User" />
    </UnitTest>
    <UnitTest name="VideoOS.IdentityServer.UnitTests.Controllers.UsersControllerTests.GetUsers_UserIsFound_ReturnOkResultWithUserDto" storage="d:\actions-runner\_work\xpco\xpco\identityserver\videoos.identityserver.unittests\bin\debug\net6.0\win-x64\videoos.identityserver.unittests.dll" id="aad812c8-11ae-299e-c062-2f91c6e51f5b">
      <Execution id="61fe2f99-19dd-4b12-b6e4-d924dc5db8a2" />
      <TestMethod codeBase="D:\actions-runner\_work\XPCO\XPCO\IdentityServer\VideoOS.IdentityServer.UnitTests\bin\Debug\net6.0\win-x64\VideoOS.IdentityServer.UnitTests.dll" adapterTypeName="executor://xunit/VsTestRunner2/netcoreapp" className="VideoOS.IdentityServer.UnitTests.Controllers.UsersControllerTests" name="GetUsers_UserIsFound_ReturnOkResultWithUserDto" />
    </UnitTest>
    <UnitTest name="VideoOS.IdentityServer.UnitTests.Helper.ArrayModelBinderTests.BindModelAsync_InvalidInputValue_Failed" storage="d:\actions-runner\_work\xpco\xpco\identityserver\videoos.identityserver.unittests\bin\debug\net6.0\win-x64\videoos.identityserver.unittests.dll" id="4122a9f9-946d-6675-5b2d-e3d415694cb1">
      <Execution id="5008cd1f-f165-4b9e-8893-c104e911bc50" />
      <TestMethod codeBase="D:\actions-runner\_work\XPCO\XPCO\IdentityServer\VideoOS.IdentityServer.UnitTests\bin\Debug\net6.0\win-x64\VideoOS.IdentityServer.UnitTests.dll" adapterTypeName="executor://xunit/VsTestRunner2/netcoreapp" className="VideoOS.IdentityServer.UnitTests.Helper.ArrayModelBinderTests" name="BindModelAsync_InvalidInputValue_Failed" />
    </UnitTest>
    <UnitTest name="VideoOS.IdentityServer.UnitTests.Attributes.MaxLengthUriAttributeTests.IsValid_ForUriValueLessThanMax_ReturnsSuccess" storage="d:\actions-runner\_work\xpco\xpco\identityserver\videoos.identityserver.unittests\bin\debug\net6.0\win-x64\videoos.identityserver.unittests.dll" id="edfabe8d-87a1-c5f6-b625-f078fdcb2be5">
      <Execution id="35545df2-a16a-4871-baea-27b5c3e44d5d" />
      <TestMethod codeBase="D:\actions-runner\_work\XPCO\XPCO\IdentityServer\VideoOS.IdentityServer.UnitTests\bin\Debug\net6.0\win-x64\VideoOS.IdentityServer.UnitTests.dll" adapterTypeName="executor://xunit/VsTestRunner2/netcoreapp" className="VideoOS.IdentityServer.UnitTests.Attributes.MaxLengthUriAttributeTests" name="IsValid_ForUriValueLessThanMax_ReturnsSuccess" />
    </UnitTest>
    <UnitTest name="VideoOS.IdentityServer.UnitTests.Attributes.NonEmptyListTests.NonEmptyList_ListIsEmpty_ReturnFalse" storage="d:\actions-runner\_work\xpco\xpco\identityserver\videoos.identityserver.unittests\bin\debug\net6.0\win-x64\videoos.identityserver.unittests.dll" id="19419903-3bc3-a8cc-7415-7803df6439d8">
      <Execution id="cfb50f50-c2f5-4e6d-9db8-e7d35f43b192" />
      <TestMethod codeBase="D:\actions-runner\_work\XPCO\XPCO\IdentityServer\VideoOS.IdentityServer.UnitTests\bin\Debug\net6.0\win-x64\VideoOS.IdentityServer.UnitTests.dll" adapterTypeName="executor://xunit/VsTestRunner2/netcoreapp" className="VideoOS.IdentityServer.UnitTests.Attributes.NonEmptyListTests" name="NonEmptyList_ListIsEmpty_ReturnFalse" />
    </UnitTest>
    <UnitTest name="VideoOS.IdentityServer.UnitTests.GrantValidators.WinAuthGrantValidatorTests.ValidateAsync_UserIsBuiltInAdmin_SuccessResultIsSet" storage="d:\actions-runner\_work\xpco\xpco\identityserver\videoos.identityserver.unittests\bin\debug\net6.0\win-x64\videoos.identityserver.unittests.dll" id="c910e7ec-42ca-2065-e546-d4cce50c61f4">
      <Execution id="bb2aec7e-31b9-4913-bc0e-fc94d816f7a4" />
      <TestMethod codeBase="D:\actions-runner\_work\XPCO\XPCO\IdentityServer\VideoOS.IdentityServer.UnitTests\bin\Debug\net6.0\win-x64\VideoOS.IdentityServer.UnitTests.dll" adapterTypeName="executor://xunit/VsTestRunner2/netcoreapp" className="VideoOS.IdentityServer.UnitTests.GrantValidators.WinAuthGrantValidatorTests" name="ValidateAsync_UserIsBuiltInAdmin_SuccessResultIsSet" />
    </UnitTest>
    <UnitTest name="VideoOS.IdentityServer.UnitTests.Controllers.TrustedIssuersControllerTests.Get_TrustedIssuerByIdDoesNotExist_TrustedIssuerNotFoundError" storage="d:\actions-runner\_work\xpco\xpco\identityserver\videoos.identityserver.unittests\bin\debug\net6.0\win-x64\videoos.identityserver.unittests.dll" id="59ddccc5-1796-d0db-aa60-e975ef3b526d">
      <Execution id="26343389-5c8f-4597-b5c1-4ab31cb9c39f" />
      <TestMethod codeBase="D:\actions-runner\_work\XPCO\XPCO\IdentityServer\VideoOS.IdentityServer.UnitTests\bin\Debug\net6.0\win-x64\VideoOS.IdentityServer.UnitTests.dll" adapterTypeName="executor://xunit/VsTestRunner2/netcoreapp" className="VideoOS.IdentityServer.UnitTests.Controllers.TrustedIssuersControllerTests" name="Get_TrustedIssuerByIdDoesNotExist_TrustedIssuerNotFoundError" />
    </UnitTest>
    <UnitTest name="VideoOS.IdentityServer.UnitTests.Controllers.BaseControllerTests.UserNotFound_InvokeWithString_ReturnsResultWithErrorResponse" storage="d:\actions-runner\_work\xpco\xpco\identityserver\videoos.identityserver.unittests\bin\debug\net6.0\win-x64\videoos.identityserver.unittests.dll" id="c6ece820-8868-fea0-1530-fea93176d268">
      <Execution id="c8f38249-1dc6-4ed0-8e65-a7e88c6cb330" />
      <TestMethod codeBase="D:\actions-runner\_work\XPCO\XPCO\IdentityServer\VideoOS.IdentityServer.UnitTests\bin\Debug\net6.0\win-x64\VideoOS.IdentityServer.UnitTests.dll" adapterTypeName="executor://xunit/VsTestRunner2/netcoreapp" className="VideoOS.IdentityServer.UnitTests.Controllers.BaseControllerTests" name="UserNotFound_InvokeWithString_ReturnsResultWithErrorResponse" />
    </UnitTest>
    <UnitTest name="VideoOS.IdentityServer.UnitTests.Controllers.UsersControllerTests.Delete_UserIsDeleted_ReturnOkNoContent" storage="d:\actions-runner\_work\xpco\xpco\identityserver\videoos.identityserver.unittests\bin\debug\net6.0\win-x64\videoos.identityserver.unittests.dll" id="873ff879-5a57-44f1-cc90-acd6a24dbc43">
      <Execution id="05f449fe-2176-42a9-9f45-d74e3c7f7d65" />
      <TestMethod codeBase="D:\actions-runner\_work\XPCO\XPCO\IdentityServer\VideoOS.IdentityServer.UnitTests\bin\Debug\net6.0\win-x64\VideoOS.IdentityServer.UnitTests.dll" adapterTypeName="executor://xunit/VsTestRunner2/netcoreapp" className="VideoOS.IdentityServer.UnitTests.Controllers.UsersControllerTests" name="Delete_UserIsDeleted_ReturnOkNoContent" />
    </UnitTest>
    <UnitTest name="VideoOS.IdentityServer.UnitTests.Helper.ExpressionBuilderTests.FromString_DifferentQueriesWithAllowedSearchNames_ReturnsExpectedCount(query: &quot;time ge 1000-1-1&quot;, expectedCount: 3, allowedSearchNames: [&quot;Time&quot;])" storage="d:\actions-runner\_work\xpco\xpco\identityserver\videoos.identityserver.unittests\bin\debug\net6.0\win-x64\videoos.identityserver.unittests.dll" id="21d411b8-728d-403f-1163-65295fe6c37a">
      <Execution id="80e67b0e-147f-4fcc-a5c4-0b5cb505a89d" />
      <TestMethod codeBase="D:\actions-runner\_work\XPCO\XPCO\IdentityServer\VideoOS.IdentityServer.UnitTests\bin\Debug\net6.0\win-x64\VideoOS.IdentityServer.UnitTests.dll" adapterTypeName="executor://xunit/VsTestRunner2/netcoreapp" className="VideoOS.IdentityServer.UnitTests.Helper.ExpressionBuilderTests" name="FromString_DifferentQueriesWithAllowedSearchNames_ReturnsExpectedCount" />
    </UnitTest>
    <UnitTest name="VideoOS.IdentityServer.UnitTests.Controllers.AdminIdentityControllerTests.Post_AdminIdentityDoesNotExist_AdminIdentityCreated" storage="d:\actions-runner\_work\xpco\xpco\identityserver\videoos.identityserver.unittests\bin\debug\net6.0\win-x64\videoos.identityserver.unittests.dll" id="562a5e2f-1dc4-5ed5-76f9-9fbbb991c9a3">
      <Execution id="1b182600-f1ce-4b6b-9df5-c5cd9998ec07" />
      <TestMethod codeBase="D:\actions-runner\_work\XPCO\XPCO\IdentityServer\VideoOS.IdentityServer.UnitTests\bin\Debug\net6.0\win-x64\VideoOS.IdentityServer.UnitTests.dll" adapterTypeName="executor://xunit/VsTestRunner2/netcoreapp" className="VideoOS.IdentityServer.UnitTests.Controllers.AdminIdentityControllerTests" name="Post_AdminIdentityDoesNotExist_AdminIdentityCreated" />
    </UnitTest>
    <UnitTest name="VideoOS.IdentityServer.UnitTests.Controllers.ClientsControllerTests.RegisterClientClientCredentialsFlow_ClientDoesNotExists_ClientIsCreatedAndSecretReturned" storage="d:\actions-runner\_work\xpco\xpco\identityserver\videoos.identityserver.unittests\bin\debug\net6.0\win-x64\videoos.identityserver.unittests.dll" id="d58e1e3b-9c5e-8d57-a411-37f659ceb48c">
      <Execution id="fe049671-a5a2-4514-a4f0-2d7b6d30c78f" />
      <TestMethod codeBase="D:\actions-runner\_work\XPCO\XPCO\IdentityServer\VideoOS.IdentityServer.UnitTests\bin\Debug\net6.0\win-x64\VideoOS.IdentityServer.UnitTests.dll" adapterTypeName="executor://xunit/VsTestRunner2/netcoreapp" className="VideoOS.IdentityServer.UnitTests.Controllers.ClientsControllerTests" name="RegisterClientClientCredentialsFlow_ClientDoesNotExists_ClientIsCreatedAndSecretReturned" />
    </UnitTest>
    <UnitTest name="VideoOS.IdentityServer.UnitTests.Pages.Account.LoginViewModelTests.ExternalProviders_TwoExternalProvider_IsNotExternalLoginOnly" storage="d:\actions-runner\_work\xpco\xpco\identityserver\videoos.identityserver.unittests\bin\debug\net6.0\win-x64\videoos.identityserver.unittests.dll" id="454ee311-5500-61f0-bfbf-eb31f090e7db">
      <Execution id="bf8b79f2-e3fc-4532-8af3-e8ccf3abf8c9" />
      <TestMethod codeBase="D:\actions-runner\_work\XPCO\XPCO\IdentityServer\VideoOS.IdentityServer.UnitTests\bin\Debug\net6.0\win-x64\VideoOS.IdentityServer.UnitTests.dll" adapterTypeName="executor://xunit/VsTestRunner2/netcoreapp" className="VideoOS.IdentityServer.UnitTests.Pages.Account.LoginViewModelTests" name="ExternalProviders_TwoExternalProvider_IsNotExternalLoginOnly" />
    </UnitTest>
    <UnitTest name="VideoOS.IdentityServer.UnitTests.Helper.RsaKeyGeneratorTests.GenerateRsaSecurityKey_InvalidKeySize_ThrowsArgumentOutOfRangeException(keySize: 383)" storage="d:\actions-runner\_work\xpco\xpco\identityserver\videoos.identityserver.unittests\bin\debug\net6.0\win-x64\videoos.identityserver.unittests.dll" id="ec2ada40-681f-61bd-0d28-7b6f8dc30809">
      <Execution id="9d628fb3-b760-4022-9be0-d596535fb8e3" />
      <TestMethod codeBase="D:\actions-runner\_work\XPCO\XPCO\IdentityServer\VideoOS.IdentityServer.UnitTests\bin\Debug\net6.0\win-x64\VideoOS.IdentityServer.UnitTests.dll" adapterTypeName="executor://xunit/VsTestRunner2/netcoreapp" className="VideoOS.IdentityServer.UnitTests.Helper.RsaKeyGeneratorTests" name="GenerateRsaSecurityKey_InvalidKeySize_ThrowsArgumentOutOfRangeException" />
    </UnitTest>
    <UnitTest name="VideoOS.IdentityServer.UnitTests.Repositories.EventLogRepositoryTests.CreateLog_NewLogPassed_LogIsAddedToDbContext" storage="d:\actions-runner\_work\xpco\xpco\identityserver\videoos.identityserver.unittests\bin\debug\net6.0\win-x64\videoos.identityserver.unittests.dll" id="3abf4ce5-5742-a81f-318e-c7a4efd05d94">
      <Execution id="2853dfd1-dbbf-409a-9ba0-2fed7ef603fb" />
      <TestMethod codeBase="D:\actions-runner\_work\XPCO\XPCO\IdentityServer\VideoOS.IdentityServer.UnitTests\bin\Debug\net6.0\win-x64\VideoOS.IdentityServer.UnitTests.dll" adapterTypeName="executor://xunit/VsTestRunner2/netcoreapp" className="VideoOS.IdentityServer.UnitTests.Repositories.EventLogRepositoryTests" name="CreateLog_NewLogPassed_LogIsAddedToDbContext" />
    </UnitTest>
    <UnitTest name="VideoOS.IdentityServer.UnitTests.Attributes.HttpOrHttpsAttributeTests.IsValid_ForHttpOrHttpsUri_ReturnsSuccess(url: &quot;https://www.example.com&quot;)" storage="d:\actions-runner\_work\xpco\xpco\identityserver\videoos.identityserver.unittests\bin\debug\net6.0\win-x64\videoos.identityserver.unittests.dll" id="32a63d0f-1518-258d-79a6-5db3d0ff3aaa">
      <Execution id="5d70549e-dc2b-4b09-828e-9ae111b24d1c" />
      <TestMethod codeBase="D:\actions-runner\_work\XPCO\XPCO\IdentityServer\VideoOS.IdentityServer.UnitTests\bin\Debug\net6.0\win-x64\VideoOS.IdentityServer.UnitTests.dll" adapterTypeName="executor://xunit/VsTestRunner2/netcoreapp" className="VideoOS.IdentityServer.UnitTests.Attributes.HttpOrHttpsAttributeTests" name="IsValid_ForHttpOrHttpsUri_ReturnsSuccess" />
    </UnitTest>
    <UnitTest name="VideoOS.IdentityServer.UnitTests.Pages.External.CallbackTests.OnGetAsync_SidClaimIncluded_AddedToSignIn" storage="d:\actions-runner\_work\xpco\xpco\identityserver\videoos.identityserver.unittests\bin\debug\net6.0\win-x64\videoos.identityserver.unittests.dll" id="b2cdec7c-a312-2276-76f1-238abf52a1cd">
      <Execution id="179e7c1e-e342-42a4-badb-65a7b6553543" />
      <TestMethod codeBase="D:\actions-runner\_work\XPCO\XPCO\IdentityServer\VideoOS.IdentityServer.UnitTests\bin\Debug\net6.0\win-x64\VideoOS.IdentityServer.UnitTests.dll" adapterTypeName="executor://xunit/VsTestRunner2/netcoreapp" className="VideoOS.IdentityServer.UnitTests.Pages.External.CallbackTests" name="OnGetAsync_SidClaimIncluded_AddedToSignIn" />
    </UnitTest>
    <UnitTest name="VideoOS.IdentityServer.UnitTests.Services.WellKnownConfigurationRetriever.WellKnownConfigurationRetrieverTests.GetWellKnownConfiguration_WithoutExternalProviderUri_ReturnsErrorResult" storage="d:\actions-runner\_work\xpco\xpco\identityserver\videoos.identityserver.unittests\bin\debug\net6.0\win-x64\videoos.identityserver.unittests.dll" id="726e7ea3-087e-6d58-bc91-81673a1be569">
      <Execution id="3feaad39-6264-41fb-8cc0-f4558d3182cd" />
      <TestMethod codeBase="D:\actions-runner\_work\XPCO\XPCO\IdentityServer\VideoOS.IdentityServer.UnitTests\bin\Debug\net6.0\win-x64\VideoOS.IdentityServer.UnitTests.dll" adapterTypeName="executor://xunit/VsTestRunner2/netcoreapp" className="VideoOS.IdentityServer.UnitTests.Services.WellKnownConfigurationRetriever.WellKnownConfigurationRetrieverTests" name="GetWellKnownConfiguration_WithoutExternalProviderUri_ReturnsErrorResult" />
    </UnitTest>
    <UnitTest name="VideoOS.IdentityServer.UnitTests.Controllers.UsersControllerTests.GetUsers_UserIsFoundWithProvider_ReturnOkResultWithUserDto" storage="d:\actions-runner\_work\xpco\xpco\identityserver\videoos.identityserver.unittests\bin\debug\net6.0\win-x64\videoos.identityserver.unittests.dll" id="ec55700f-d34f-7d48-8c52-a5a7d96f3059">
      <Execution id="09cd39ac-b95d-498f-9049-d7a79886b132" />
      <TestMethod codeBase="D:\actions-runner\_work\XPCO\XPCO\IdentityServer\VideoOS.IdentityServer.UnitTests\bin\Debug\net6.0\win-x64\VideoOS.IdentityServer.UnitTests.dll" adapterTypeName="executor://xunit/VsTestRunner2/netcoreapp" className="VideoOS.IdentityServer.UnitTests.Controllers.UsersControllerTests" name="GetUsers_UserIsFoundWithProvider_ReturnOkResultWithUserDto" />
    </UnitTest>
    <UnitTest name="VideoOS.IdentityServer.UnitTests.GrantValidators.TokenExchangeGrantValidatorTests.ValidateAsync_TokenNotValidated_InvalidRequestReturned" storage="d:\actions-runner\_work\xpco\xpco\identityserver\videoos.identityserver.unittests\bin\debug\net6.0\win-x64\videoos.identityserver.unittests.dll" id="7b78af51-a07c-4233-2f94-eac0ee2c6a72">
      <Execution id="dd57165d-c4c2-459d-87a1-eb1e0afef0cb" />
      <TestMethod codeBase="D:\actions-runner\_work\XPCO\XPCO\IdentityServer\VideoOS.IdentityServer.UnitTests\bin\Debug\net6.0\win-x64\VideoOS.IdentityServer.UnitTests.dll" adapterTypeName="executor://xunit/VsTestRunner2/netcoreapp" className="VideoOS.IdentityServer.UnitTests.GrantValidators.TokenExchangeGrantValidatorTests" name="ValidateAsync_TokenNotValidated_InvalidRequestReturned" />
    </UnitTest>
    <UnitTest name="VideoOS.IdentityServer.UnitTests.Controllers.ClientsControllerTests.GetClients_ClientNotFound_ReturnEmptyOkResult" storage="d:\actions-runner\_work\xpco\xpco\identityserver\videoos.identityserver.unittests\bin\debug\net6.0\win-x64\videoos.identityserver.unittests.dll" id="62971434-d070-05e9-7e2e-67339cd457cc">
      <Execution id="703f68b5-cb2b-46e6-af9a-f18851a81252" />
      <TestMethod codeBase="D:\actions-runner\_work\XPCO\XPCO\IdentityServer\VideoOS.IdentityServer.UnitTests\bin\Debug\net6.0\win-x64\VideoOS.IdentityServer.UnitTests.dll" adapterTypeName="executor://xunit/VsTestRunner2/netcoreapp" className="VideoOS.IdentityServer.UnitTests.Controllers.ClientsControllerTests" name="GetClients_ClientNotFound_ReturnEmptyOkResult" />
    </UnitTest>
    <UnitTest name="VideoOS.IdentityServer.UnitTests.Repositories.VmsUserManagerTests.FindByFilterAsync_UserFoundUsingType_User" storage="d:\actions-runner\_work\xpco\xpco\identityserver\videoos.identityserver.unittests\bin\debug\net6.0\win-x64\videoos.identityserver.unittests.dll" id="37c2b8ed-5307-fd14-fb78-5826ba25894d">
      <Execution id="e5f6d6fe-6798-45db-b1c5-e439abb1f3fc" />
      <TestMethod codeBase="D:\actions-runner\_work\XPCO\XPCO\IdentityServer\VideoOS.IdentityServer.UnitTests\bin\Debug\net6.0\win-x64\VideoOS.IdentityServer.UnitTests.dll" adapterTypeName="executor://xunit/VsTestRunner2/netcoreapp" className="VideoOS.IdentityServer.UnitTests.Repositories.VmsUserManagerTests" name="FindByFilterAsync_UserFoundUsingType_User" />
    </UnitTest>
    <UnitTest name="VideoOS.IdentityServer.UnitTests.Repositories.EventLogRepositoryTests.DeleteLogsOlderThan_LogsOlderThanDatePassed_LogsDeleted" storage="d:\actions-runner\_work\xpco\xpco\identityserver\videoos.identityserver.unittests\bin\debug\net6.0\win-x64\videoos.identityserver.unittests.dll" id="758bca7f-8d6e-e391-8dbc-fe668434ed80">
      <Execution id="17ff8230-2ab5-4682-8a69-8140eb3d6863" />
      <TestMethod codeBase="D:\actions-runner\_work\XPCO\XPCO\IdentityServer\VideoOS.IdentityServer.UnitTests\bin\Debug\net6.0\win-x64\VideoOS.IdentityServer.UnitTests.dll" adapterTypeName="executor://xunit/VsTestRunner2/netcoreapp" className="VideoOS.IdentityServer.UnitTests.Repositories.EventLogRepositoryTests" name="DeleteLogsOlderThan_LogsOlderThanDatePassed_LogsDeleted" />
    </UnitTest>
    <UnitTest name="VideoOS.IdentityServer.UnitTests.Services.EventLogServiceTest.Log_IpAddressNotAvailable_StringEmpty" storage="d:\actions-runner\_work\xpco\xpco\identityserver\videoos.identityserver.unittests\bin\debug\net6.0\win-x64\videoos.identityserver.unittests.dll" id="234fab66-fa93-b8bf-27d2-973372feba11">
      <Execution id="9c793fa6-eeb9-429c-875a-cb706a128a12" />
      <TestMethod codeBase="D:\actions-runner\_work\XPCO\XPCO\IdentityServer\VideoOS.IdentityServer.UnitTests\bin\Debug\net6.0\win-x64\VideoOS.IdentityServer.UnitTests.dll" adapterTypeName="executor://xunit/VsTestRunner2/netcoreapp" className="VideoOS.IdentityServer.UnitTests.Services.EventLogServiceTest" name="Log_IpAddressNotAvailable_StringEmpty" />
    </UnitTest>
    <UnitTest name="VideoOS.IdentityServer.UnitTests.Controllers.ClientsControllerTests.RegisterClient_InvalidGranttype_BusinessViolationExceptionIsThrown" storage="d:\actions-runner\_work\xpco\xpco\identityserver\videoos.identityserver.unittests\bin\debug\net6.0\win-x64\videoos.identityserver.unittests.dll" id="743f8a96-9897-3e88-3289-fb27a4e4447a">
      <Execution id="48e26e5c-40fd-4a8f-a820-34c7d34577ff" />
      <TestMethod codeBase="D:\actions-runner\_work\XPCO\XPCO\IdentityServer\VideoOS.IdentityServer.UnitTests\bin\Debug\net6.0\win-x64\VideoOS.IdentityServer.UnitTests.dll" adapterTypeName="executor://xunit/VsTestRunner2/netcoreapp" className="VideoOS.IdentityServer.UnitTests.Controllers.ClientsControllerTests" name="RegisterClient_InvalidGranttype_BusinessViolationExceptionIsThrown" />
    </UnitTest>
    <UnitTest name="VideoOS.IdentityServer.UnitTests.Controllers.TrustedIssuersControllerTests.Get_TrustedIssuerById_TrustedIssuerIsReturned" storage="d:\actions-runner\_work\xpco\xpco\identityserver\videoos.identityserver.unittests\bin\debug\net6.0\win-x64\videoos.identityserver.unittests.dll" id="ca4e076f-26ca-800e-cace-65cc67d85c78">
      <Execution id="d7a00c35-4083-4c46-8f0b-08d1efb376b5" />
      <TestMethod codeBase="D:\actions-runner\_work\XPCO\XPCO\IdentityServer\VideoOS.IdentityServer.UnitTests\bin\Debug\net6.0\win-x64\VideoOS.IdentityServer.UnitTests.dll" adapterTypeName="executor://xunit/VsTestRunner2/netcoreapp" className="VideoOS.IdentityServer.UnitTests.Controllers.TrustedIssuersControllerTests" name="Get_TrustedIssuerById_TrustedIssuerIsReturned" />
    </UnitTest>
    <UnitTest name="VideoOS.IdentityServer.UnitTests.GrantValidators.TokenExchangeGrantValidatorTests.ValidateAsync_IssuerNotEnabled_InvalidRequestReturned" storage="d:\actions-runner\_work\xpco\xpco\identityserver\videoos.identityserver.unittests\bin\debug\net6.0\win-x64\videoos.identityserver.unittests.dll" id="9dd8b317-666b-324d-19e4-ee5c6bd1749b">
      <Execution id="4c35b18f-aceb-4af2-b62a-33f6ddf77251" />
      <TestMethod codeBase="D:\actions-runner\_work\XPCO\XPCO\IdentityServer\VideoOS.IdentityServer.UnitTests\bin\Debug\net6.0\win-x64\VideoOS.IdentityServer.UnitTests.dll" adapterTypeName="executor://xunit/VsTestRunner2/netcoreapp" className="VideoOS.IdentityServer.UnitTests.GrantValidators.TokenExchangeGrantValidatorTests" name="ValidateAsync_IssuerNotEnabled_InvalidRequestReturned" />
    </UnitTest>
    <UnitTest name="VideoOS.IdentityServer.UnitTests.Repositories.EventLogRepositoryTests.FilterLogs_FilterIsNull_DoesNotThrowException" storage="d:\actions-runner\_work\xpco\xpco\identityserver\videoos.identityserver.unittests\bin\debug\net6.0\win-x64\videoos.identityserver.unittests.dll" id="0ecdd210-0357-ae0e-cf0e-09be7386e5ed">
      <Execution id="334929c8-c645-4240-9f98-297cbe6c2803" />
      <TestMethod codeBase="D:\actions-runner\_work\XPCO\XPCO\IdentityServer\VideoOS.IdentityServer.UnitTests\bin\Debug\net6.0\win-x64\VideoOS.IdentityServer.UnitTests.dll" adapterTypeName="executor://xunit/VsTestRunner2/netcoreapp" className="VideoOS.IdentityServer.UnitTests.Repositories.EventLogRepositoryTests" name="FilterLogs_FilterIsNull_DoesNotThrowException" />
    </UnitTest>
    <UnitTest name="VideoOS.IdentityServer.UnitTests.Controllers.TrustedIssuersControllerTests.Put_AddressAlreadyExists_DuplicateTrustedIssuersError" storage="d:\actions-runner\_work\xpco\xpco\identityserver\videoos.identityserver.unittests\bin\debug\net6.0\win-x64\videoos.identityserver.unittests.dll" id="3f988e2b-f56d-5783-b962-79eb401ba4b2">
      <Execution id="68324ba7-46e7-4877-a6b0-64bc4ad20a39" />
      <TestMethod codeBase="D:\actions-runner\_work\XPCO\XPCO\IdentityServer\VideoOS.IdentityServer.UnitTests\bin\Debug\net6.0\win-x64\VideoOS.IdentityServer.UnitTests.dll" adapterTypeName="executor://xunit/VsTestRunner2/netcoreapp" className="VideoOS.IdentityServer.UnitTests.Controllers.TrustedIssuersControllerTests" name="Put_AddressAlreadyExists_DuplicateTrustedIssuersError" />
    </UnitTest>
    <UnitTest name="VideoOS.IdentityServer.UnitTests.Repositories.VmsUserManagerTests.CreateUserInternalAsync_AddClaimsError_Failed" storage="d:\actions-runner\_work\xpco\xpco\identityserver\videoos.identityserver.unittests\bin\debug\net6.0\win-x64\videoos.identityserver.unittests.dll" id="66c4ec48-8b26-bd82-bdd3-8f0cd78ada77">
      <Execution id="0b7ea866-3618-4c1c-be61-623a80cfda20" />
      <TestMethod codeBase="D:\actions-runner\_work\XPCO\XPCO\IdentityServer\VideoOS.IdentityServer.UnitTests\bin\Debug\net6.0\win-x64\VideoOS.IdentityServer.UnitTests.dll" adapterTypeName="executor://xunit/VsTestRunner2/netcoreapp" className="VideoOS.IdentityServer.UnitTests.Repositories.VmsUserManagerTests" name="CreateUserInternalAsync_AddClaimsError_Failed" />
    </UnitTest>
    <UnitTest name="VideoOS.IdentityServer.UnitTests.Controllers.AdminIdentityControllerTests.Get_AdminIdentityExists_AdminIdentityIsReturned" storage="d:\actions-runner\_work\xpco\xpco\identityserver\videoos.identityserver.unittests\bin\debug\net6.0\win-x64\videoos.identityserver.unittests.dll" id="2c26c12f-3ca5-522d-9529-d126717062be">
      <Execution id="580ca224-85ff-4b49-b5e7-a57eda18f856" />
      <TestMethod codeBase="D:\actions-runner\_work\XPCO\XPCO\IdentityServer\VideoOS.IdentityServer.UnitTests\bin\Debug\net6.0\win-x64\VideoOS.IdentityServer.UnitTests.dll" adapterTypeName="executor://xunit/VsTestRunner2/netcoreapp" className="VideoOS.IdentityServer.UnitTests.Controllers.AdminIdentityControllerTests" name="Get_AdminIdentityExists_AdminIdentityIsReturned" />
    </UnitTest>
    <UnitTest name="VideoOS.IdentityServer.UnitTests.Controllers.LoginProvidersControllerTests.Post_LoginProvider_Success" storage="d:\actions-runner\_work\xpco\xpco\identityserver\videoos.identityserver.unittests\bin\debug\net6.0\win-x64\videoos.identityserver.unittests.dll" id="f745d7c9-1b6e-8536-9e6d-7f308c1a00c6">
      <Execution id="509cb63a-7f13-4ec6-83f5-4963937dd9e9" />
      <TestMethod codeBase="D:\actions-runner\_work\XPCO\XPCO\IdentityServer\VideoOS.IdentityServer.UnitTests\bin\Debug\net6.0\win-x64\VideoOS.IdentityServer.UnitTests.dll" adapterTypeName="executor://xunit/VsTestRunner2/netcoreapp" className="VideoOS.IdentityServer.UnitTests.Controllers.LoginProvidersControllerTests" name="Post_LoginProvider_Success" />
    </UnitTest>
    <UnitTest name="VideoOS.IdentityServer.UnitTests.Extensions.IQueryAbleExtensionsTests.Paginate_ArgumentOrdered_success" storage="d:\actions-runner\_work\xpco\xpco\identityserver\videoos.identityserver.unittests\bin\debug\net6.0\win-x64\videoos.identityserver.unittests.dll" id="0f441947-64c0-3c8f-c58e-90fe1a065165">
      <Execution id="c111a4f9-0e23-4c77-ada8-bf651006737b" />
      <TestMethod codeBase="D:\actions-runner\_work\XPCO\XPCO\IdentityServer\VideoOS.IdentityServer.UnitTests\bin\Debug\net6.0\win-x64\VideoOS.IdentityServer.UnitTests.dll" adapterTypeName="executor://xunit/VsTestRunner2/netcoreapp" className="VideoOS.IdentityServer.UnitTests.Extensions.IQueryAbleExtensionsTests" name="Paginate_ArgumentOrdered_success" />
    </UnitTest>
    <UnitTest name="VideoOS.IdentityServer.UnitTests.Model.Result.ResultTests.Failure_ShouldThrowArgumentNullException_WhenNullErrorProvided" storage="d:\actions-runner\_work\xpco\xpco\identityserver\videoos.identityserver.unittests\bin\debug\net6.0\win-x64\videoos.identityserver.unittests.dll" id="923bbb9b-001f-218b-483b-924b42d8eab3">
      <Execution id="87e01743-66e4-4ab1-b576-29fc999d661f" />
      <TestMethod codeBase="D:\actions-runner\_work\XPCO\XPCO\IdentityServer\VideoOS.IdentityServer.UnitTests\bin\Debug\net6.0\win-x64\VideoOS.IdentityServer.UnitTests.dll" adapterTypeName="executor://xunit/VsTestRunner2/netcoreapp" className="VideoOS.IdentityServer.UnitTests.Model.Result.ResultTests" name="Failure_ShouldThrowArgumentNullException_WhenNullErrorProvided" />
    </UnitTest>
    <UnitTest name="VideoOS.IdentityServer.UnitTests.Helper.RsaKeyGeneratorTests.GenerateRsaSecurityKey_ValidKeySize_NewRsaSecurityKeyIsReturned(keySize: 2048)" storage="d:\actions-runner\_work\xpco\xpco\identityserver\videoos.identityserver.unittests\bin\debug\net6.0\win-x64\videoos.identityserver.unittests.dll" id="7a650886-b796-7794-1000-8b637771079b">
      <Execution id="43df3da8-7d41-4543-903f-a6ff652f4890" />
      <TestMethod codeBase="D:\actions-runner\_work\XPCO\XPCO\IdentityServer\VideoOS.IdentityServer.UnitTests\bin\Debug\net6.0\win-x64\VideoOS.IdentityServer.UnitTests.dll" adapterTypeName="executor://xunit/VsTestRunner2/netcoreapp" className="VideoOS.IdentityServer.UnitTests.Helper.RsaKeyGeneratorTests" name="GenerateRsaSecurityKey_ValidKeySize_NewRsaSecurityKeyIsReturned" />
    </UnitTest>
    <UnitTest name="VideoOS.IdentityServer.UnitTests.Model.Result.ResultTests.ImplicitConversion_ShouldBeErrorWithOneError_WhenSingleErrorProvided" storage="d:\actions-runner\_work\xpco\xpco\identityserver\videoos.identityserver.unittests\bin\debug\net6.0\win-x64\videoos.identityserver.unittests.dll" id="452784ba-aacc-ffe6-5b8d-b1163443f304">
      <Execution id="3b76e646-b7f1-497f-adb7-444546b86e42" />
      <TestMethod codeBase="D:\actions-runner\_work\XPCO\XPCO\IdentityServer\VideoOS.IdentityServer.UnitTests\bin\Debug\net6.0\win-x64\VideoOS.IdentityServer.UnitTests.dll" adapterTypeName="executor://xunit/VsTestRunner2/netcoreapp" className="VideoOS.IdentityServer.UnitTests.Model.Result.ResultTests" name="ImplicitConversion_ShouldBeErrorWithOneError_WhenSingleErrorProvided" />
    </UnitTest>
    <UnitTest name="VideoOS.IdentityServer.UnitTests.NLogConfiguration.NLogConfiguratorTests.RemoveFilter_FilterNotFound_NothingRemoved" storage="d:\actions-runner\_work\xpco\xpco\identityserver\videoos.identityserver.unittests\bin\debug\net6.0\win-x64\videoos.identityserver.unittests.dll" id="492dace9-3b0a-d697-1385-c13f3d43e0e4">
      <Execution id="c3a0cbca-2348-4310-bbc9-b7497f0632e4" />
      <TestMethod codeBase="D:\actions-runner\_work\XPCO\XPCO\IdentityServer\VideoOS.IdentityServer.UnitTests\bin\Debug\net6.0\win-x64\VideoOS.IdentityServer.UnitTests.dll" adapterTypeName="executor://xunit/VsTestRunner2/netcoreapp" className="VideoOS.IdentityServer.UnitTests.NLogConfiguration.NLogConfiguratorTests" name="RemoveFilter_FilterNotFound_NothingRemoved" />
    </UnitTest>
    <UnitTest name="VideoOS.IdentityServer.UnitTests.Helper.ExpressionBuilderTests.FromString_DifferentQueriesWithAllowedSearchNames_ReturnsExpectedCount(query: &quot; number eq 4 &quot;, expectedCount: 1, allowedSearchNames: [&quot;Number&quot;])" storage="d:\actions-runner\_work\xpco\xpco\identityserver\videoos.identityserver.unittests\bin\debug\net6.0\win-x64\videoos.identityserver.unittests.dll" id="b84beae9-8212-fbc1-9d19-d4118dca21e2">
      <Execution id="a5a574c3-7b5c-4e9b-89c4-07f8ee4774bc" />
      <TestMethod codeBase="D:\actions-runner\_work\XPCO\XPCO\IdentityServer\VideoOS.IdentityServer.UnitTests\bin\Debug\net6.0\win-x64\VideoOS.IdentityServer.UnitTests.dll" adapterTypeName="executor://xunit/VsTestRunner2/netcoreapp" className="VideoOS.IdentityServer.UnitTests.Helper.ExpressionBuilderTests" name="FromString_DifferentQueriesWithAllowedSearchNames_ReturnsExpectedCount" />
    </UnitTest>
    <UnitTest name="VideoOS.IdentityServer.UnitTests.GrantValidators.TokenExchangeGrantValidatorTests.ValidateAsync_SecureWithNonSecureIssuer_InvalidRequestReturned" storage="d:\actions-runner\_work\xpco\xpco\identityserver\videoos.identityserver.unittests\bin\debug\net6.0\win-x64\videoos.identityserver.unittests.dll" id="89eca625-e205-1852-94e5-9163f58047b8">
      <Execution id="ab9f1664-59b1-4d89-a340-febf3fc7e061" />
      <TestMethod codeBase="D:\actions-runner\_work\XPCO\XPCO\IdentityServer\VideoOS.IdentityServer.UnitTests\bin\Debug\net6.0\win-x64\VideoOS.IdentityServer.UnitTests.dll" adapterTypeName="executor://xunit/VsTestRunner2/netcoreapp" className="VideoOS.IdentityServer.UnitTests.GrantValidators.TokenExchangeGrantValidatorTests" name="ValidateAsync_SecureWithNonSecureIssuer_InvalidRequestReturned" />
    </UnitTest>
    <UnitTest name="VideoOS.IdentityServer.UnitTests.Services.UserProvisionerTests.CreateOrUpdateUser_NewUserNoPreferred_Name" storage="d:\actions-runner\_work\xpco\xpco\identityserver\videoos.identityserver.unittests\bin\debug\net6.0\win-x64\videoos.identityserver.unittests.dll" id="5a59b2f7-dfbd-5ad9-04a9-ec8735995b0c">
      <Execution id="208103a9-e4a9-4c78-9910-4276be7193f2" />
      <TestMethod codeBase="D:\actions-runner\_work\XPCO\XPCO\IdentityServer\VideoOS.IdentityServer.UnitTests\bin\Debug\net6.0\win-x64\VideoOS.IdentityServer.UnitTests.dll" adapterTypeName="executor://xunit/VsTestRunner2/netcoreapp" className="VideoOS.IdentityServer.UnitTests.Services.UserProvisionerTests" name="CreateOrUpdateUser_NewUserNoPreferred_Name" />
    </UnitTest>
    <UnitTest name="VideoOS.IdentityServer.UnitTests.Repositories.VmsUserManagerTests.FindByNameAsync_UserFound_User" storage="d:\actions-runner\_work\xpco\xpco\identityserver\videoos.identityserver.unittests\bin\debug\net6.0\win-x64\videoos.identityserver.unittests.dll" id="cde29e6a-85aa-838a-d88f-e083f65086be">
      <Execution id="a7fd46d1-f420-48ce-92d6-ca5be84733c5" />
      <TestMethod codeBase="D:\actions-runner\_work\XPCO\XPCO\IdentityServer\VideoOS.IdentityServer.UnitTests\bin\Debug\net6.0\win-x64\VideoOS.IdentityServer.UnitTests.dll" adapterTypeName="executor://xunit/VsTestRunner2/netcoreapp" className="VideoOS.IdentityServer.UnitTests.Repositories.VmsUserManagerTests" name="FindByNameAsync_UserFound_User" />
    </UnitTest>
    <UnitTest name="VideoOS.IdentityServer.UnitTests.GrantValidators.ResourceOwnerPasswordValidatorTests.ValidateAsync_WrongPassword_InvalidCredentials" storage="d:\actions-runner\_work\xpco\xpco\identityserver\videoos.identityserver.unittests\bin\debug\net6.0\win-x64\videoos.identityserver.unittests.dll" id="6f78a48d-2ed9-1510-c50f-6e3222827d4c">
      <Execution id="693983ae-0144-4a0a-af89-3d76515a2e1f" />
      <TestMethod codeBase="D:\actions-runner\_work\XPCO\XPCO\IdentityServer\VideoOS.IdentityServer.UnitTests\bin\Debug\net6.0\win-x64\VideoOS.IdentityServer.UnitTests.dll" adapterTypeName="executor://xunit/VsTestRunner2/netcoreapp" className="VideoOS.IdentityServer.UnitTests.GrantValidators.ResourceOwnerPasswordValidatorTests" name="ValidateAsync_WrongPassword_InvalidCredentials" />
    </UnitTest>
    <UnitTest name="VideoOS.IdentityServer.UnitTests.GrantValidators.WinAuthGrantValidatorTests.ValidateAsync_UserIsNotAdmin_FailureResultIsSet" storage="d:\actions-runner\_work\xpco\xpco\identityserver\videoos.identityserver.unittests\bin\debug\net6.0\win-x64\videoos.identityserver.unittests.dll" id="14ee1d5b-5645-b066-f21e-b6c725200105">
      <Execution id="1311cc4f-d44e-47f3-81d5-c51c1104e28e" />
      <TestMethod codeBase="D:\actions-runner\_work\XPCO\XPCO\IdentityServer\VideoOS.IdentityServer.UnitTests\bin\Debug\net6.0\win-x64\VideoOS.IdentityServer.UnitTests.dll" adapterTypeName="executor://xunit/VsTestRunner2/netcoreapp" className="VideoOS.IdentityServer.UnitTests.GrantValidators.WinAuthGrantValidatorTests" name="ValidateAsync_UserIsNotAdmin_FailureResultIsSet" />
    </UnitTest>
    <UnitTest name="VideoOS.IdentityServer.UnitTests.Controllers.LoginsControllerTests.DeleteLogin_LoginIsDeleted_NoContentReturned" storage="d:\actions-runner\_work\xpco\xpco\identityserver\videoos.identityserver.unittests\bin\debug\net6.0\win-x64\videoos.identityserver.unittests.dll" id="b946c6b2-48d3-48c0-dba1-87be276acdd4">
      <Execution id="32c85605-b5c9-4f9b-a57b-bcf0bd948474" />
      <TestMethod codeBase="D:\actions-runner\_work\XPCO\XPCO\IdentityServer\VideoOS.IdentityServer.UnitTests\bin\Debug\net6.0\win-x64\VideoOS.IdentityServer.UnitTests.dll" adapterTypeName="executor://xunit/VsTestRunner2/netcoreapp" className="VideoOS.IdentityServer.UnitTests.Controllers.LoginsControllerTests" name="DeleteLogin_LoginIsDeleted_NoContentReturned" />
    </UnitTest>
    <UnitTest name="VideoOS.IdentityServer.UnitTests.Validators.PasswordValidatorTests.ValidateAsync_PasswordIsNull_ThrowArgumentException" storage="d:\actions-runner\_work\xpco\xpco\identityserver\videoos.identityserver.unittests\bin\debug\net6.0\win-x64\videoos.identityserver.unittests.dll" id="f089c3d9-d7a7-8fe8-6b31-2f96d60268c8">
      <Execution id="3e5ca744-138b-4652-963b-464f34cde4c7" />
      <TestMethod codeBase="D:\actions-runner\_work\XPCO\XPCO\IdentityServer\VideoOS.IdentityServer.UnitTests\bin\Debug\net6.0\win-x64\VideoOS.IdentityServer.UnitTests.dll" adapterTypeName="executor://xunit/VsTestRunner2/netcoreapp" className="VideoOS.IdentityServer.UnitTests.Validators.PasswordValidatorTests" name="ValidateAsync_PasswordIsNull_ThrowArgumentException" />
    </UnitTest>
    <UnitTest name="VideoOS.IdentityServer.UnitTests.Controllers.ExternalProviderManagerTests.AddProvider_NoSecret_DoesNotConfigureProvider" storage="d:\actions-runner\_work\xpco\xpco\identityserver\videoos.identityserver.unittests\bin\debug\net6.0\win-x64\videoos.identityserver.unittests.dll" id="cfc7accd-2ffc-e599-985f-e81f83f1ff99">
      <Execution id="c5ed7921-d02f-49bc-9118-f5aa40c3cfe5" />
      <TestMethod codeBase="D:\actions-runner\_work\XPCO\XPCO\IdentityServer\VideoOS.IdentityServer.UnitTests\bin\Debug\net6.0\win-x64\VideoOS.IdentityServer.UnitTests.dll" adapterTypeName="executor://xunit/VsTestRunner2/netcoreapp" className="VideoOS.IdentityServer.UnitTests.Controllers.ExternalProviderManagerTests" name="AddProvider_NoSecret_DoesNotConfigureProvider" />
    </UnitTest>
    <UnitTest name="VideoOS.IdentityServer.UnitTests.Repositories.VmsUserManagerTests.GetLogins_UsingKeyOnly_LoginsReturned" storage="d:\actions-runner\_work\xpco\xpco\identityserver\videoos.identityserver.unittests\bin\debug\net6.0\win-x64\videoos.identityserver.unittests.dll" id="494fe934-5722-db55-08f0-f3b411426110">
      <Execution id="d14aca09-20e1-48a2-b819-93cc635daaff" />
      <TestMethod codeBase="D:\actions-runner\_work\XPCO\XPCO\IdentityServer\VideoOS.IdentityServer.UnitTests\bin\Debug\net6.0\win-x64\VideoOS.IdentityServer.UnitTests.dll" adapterTypeName="executor://xunit/VsTestRunner2/netcoreapp" className="VideoOS.IdentityServer.UnitTests.Repositories.VmsUserManagerTests" name="GetLogins_UsingKeyOnly_LoginsReturned" />
    </UnitTest>
    <UnitTest name="VideoOS.IdentityServer.UnitTests.Controllers.UsersControllerTests.Patch_PasswordUpdatesAreSentForUserWithExternalLogin_ReturnBadRequest" storage="d:\actions-runner\_work\xpco\xpco\identityserver\videoos.identityserver.unittests\bin\debug\net6.0\win-x64\videoos.identityserver.unittests.dll" id="0183fccb-d77a-a03a-5714-d0062038a2df">
      <Execution id="7a7ebe06-2131-4313-9c8a-b3f8419fa05b" />
      <TestMethod codeBase="D:\actions-runner\_work\XPCO\XPCO\IdentityServer\VideoOS.IdentityServer.UnitTests\bin\Debug\net6.0\win-x64\VideoOS.IdentityServer.UnitTests.dll" adapterTypeName="executor://xunit/VsTestRunner2/netcoreapp" className="VideoOS.IdentityServer.UnitTests.Controllers.UsersControllerTests" name="Patch_PasswordUpdatesAreSentForUserWithExternalLogin_ReturnBadRequest" />
    </UnitTest>
    <UnitTest name="VideoOS.IdentityServer.UnitTests.Services.ExternalTokenValidatorTests.GetSubjectTokenClaims_SubjectTokenIsNull_TokenNotValidatedAndErrorReturned" storage="d:\actions-runner\_work\xpco\xpco\identityserver\videoos.identityserver.unittests\bin\debug\net6.0\win-x64\videoos.identityserver.unittests.dll" id="6852fa0d-96bc-81d2-59b0-8e8004a5deb8">
      <Execution id="74274056-cfb4-43f9-a809-e6a589b5f9e7" />
      <TestMethod codeBase="D:\actions-runner\_work\XPCO\XPCO\IdentityServer\VideoOS.IdentityServer.UnitTests\bin\Debug\net6.0\win-x64\VideoOS.IdentityServer.UnitTests.dll" adapterTypeName="executor://xunit/VsTestRunner2/netcoreapp" className="VideoOS.IdentityServer.UnitTests.Services.ExternalTokenValidatorTests" name="GetSubjectTokenClaims_SubjectTokenIsNull_TokenNotValidatedAndErrorReturned" />
    </UnitTest>
    <UnitTest name="VideoOS.IdentityServer.UnitTests.Controllers.BaseControllerTests.BadRequest_InvokeWithObject_ThrowsNotImplementedException" storage="d:\actions-runner\_work\xpco\xpco\identityserver\videoos.identityserver.unittests\bin\debug\net6.0\win-x64\videoos.identityserver.unittests.dll" id="4796b15c-52f0-172e-3ce3-f76b2ed4d370">
      <Execution id="caf0d6eb-f613-4b94-a5a1-0867d28f43e4" />
      <TestMethod codeBase="D:\actions-runner\_work\XPCO\XPCO\IdentityServer\VideoOS.IdentityServer.UnitTests\bin\Debug\net6.0\win-x64\VideoOS.IdentityServer.UnitTests.dll" adapterTypeName="executor://xunit/VsTestRunner2/netcoreapp" className="VideoOS.IdentityServer.UnitTests.Controllers.BaseControllerTests" name="BadRequest_InvokeWithObject_ThrowsNotImplementedException" />
    </UnitTest>
    <UnitTest name="VideoOS.IdentityServer.UnitTests.Repositories.EventLogRepositoryTests.FilterLogs_TakeIsNegative_ThrowArgumentOutOfRangeException" storage="d:\actions-runner\_work\xpco\xpco\identityserver\videoos.identityserver.unittests\bin\debug\net6.0\win-x64\videoos.identityserver.unittests.dll" id="2ebee47b-2482-8e0c-4c0b-8a9204b6c22b">
      <Execution id="7116d5df-ee74-4e57-8b1d-1eb77d7fb8d9" />
      <TestMethod codeBase="D:\actions-runner\_work\XPCO\XPCO\IdentityServer\VideoOS.IdentityServer.UnitTests\bin\Debug\net6.0\win-x64\VideoOS.IdentityServer.UnitTests.dll" adapterTypeName="executor://xunit/VsTestRunner2/netcoreapp" className="VideoOS.IdentityServer.UnitTests.Repositories.EventLogRepositoryTests" name="FilterLogs_TakeIsNegative_ThrowArgumentOutOfRangeException" />
    </UnitTest>
    <UnitTest name="VideoOS.IdentityServer.UnitTests.Services.DeleteEventLogHostedServiceTest.StartAsync_Called_TimerStartedRunningEveryHour" storage="d:\actions-runner\_work\xpco\xpco\identityserver\videoos.identityserver.unittests\bin\debug\net6.0\win-x64\videoos.identityserver.unittests.dll" id="d839e357-7c87-cc97-99c7-06808fbc4ba9">
      <Execution id="3bd0f95a-326c-4985-83f9-53d928038423" />
      <TestMethod codeBase="D:\actions-runner\_work\XPCO\XPCO\IdentityServer\VideoOS.IdentityServer.UnitTests\bin\Debug\net6.0\win-x64\VideoOS.IdentityServer.UnitTests.dll" adapterTypeName="executor://xunit/VsTestRunner2/netcoreapp" className="VideoOS.IdentityServer.UnitTests.Services.DeleteEventLogHostedServiceTest" name="StartAsync_Called_TimerStartedRunningEveryHour" />
    </UnitTest>
    <UnitTest name="VideoOS.IdentityServer.UnitTests.Controllers.UserCollectionsControllerTests.GetUserCollection_NotAllUsersFound_NotFound" storage="d:\actions-runner\_work\xpco\xpco\identityserver\videoos.identityserver.unittests\bin\debug\net6.0\win-x64\videoos.identityserver.unittests.dll" id="a6c5fa75-cea3-5603-d1cb-2b654429ae90">
      <Execution id="78832fbe-8690-48bb-a6db-b6ae7aa16a86" />
      <TestMethod codeBase="D:\actions-runner\_work\XPCO\XPCO\IdentityServer\VideoOS.IdentityServer.UnitTests\bin\Debug\net6.0\win-x64\VideoOS.IdentityServer.UnitTests.dll" adapterTypeName="executor://xunit/VsTestRunner2/netcoreapp" className="VideoOS.IdentityServer.UnitTests.Controllers.UserCollectionsControllerTests" name="GetUserCollection_NotAllUsersFound_NotFound" />
    </UnitTest>
    <UnitTest name="VideoOS.IdentityServer.UnitTests.Controllers.ExternalProviderManagerTests.UpdateProvider_LoginProvider_Enabled_NoSecret_DontExists_DoesNothing" storage="d:\actions-runner\_work\xpco\xpco\identityserver\videoos.identityserver.unittests\bin\debug\net6.0\win-x64\videoos.identityserver.unittests.dll" id="b8fb9772-bdb5-0007-d81b-1364d88469ef">
      <Execution id="5eec91f4-b3fc-4e90-b085-9eecbb5668c2" />
      <TestMethod codeBase="D:\actions-runner\_work\XPCO\XPCO\IdentityServer\VideoOS.IdentityServer.UnitTests\bin\Debug\net6.0\win-x64\VideoOS.IdentityServer.UnitTests.dll" adapterTypeName="executor://xunit/VsTestRunner2/netcoreapp" className="VideoOS.IdentityServer.UnitTests.Controllers.ExternalProviderManagerTests" name="UpdateProvider_LoginProvider_Enabled_NoSecret_DontExists_DoesNothing" />
    </UnitTest>
    <UnitTest name="VideoOS.IdentityServer.UnitTests.Pages.External.LoginTests.OnGet_ReturnUrlIsValid_Challenge" storage="d:\actions-runner\_work\xpco\xpco\identityserver\videoos.identityserver.unittests\bin\debug\net6.0\win-x64\videoos.identityserver.unittests.dll" id="acc53fd7-cdff-7f0e-a754-d76e03bf679b">
      <Execution id="b609b0fa-cc76-4181-abdd-afe4fb559036" />
      <TestMethod codeBase="D:\actions-runner\_work\XPCO\XPCO\IdentityServer\VideoOS.IdentityServer.UnitTests\bin\Debug\net6.0\win-x64\VideoOS.IdentityServer.UnitTests.dll" adapterTypeName="executor://xunit/VsTestRunner2/netcoreapp" className="VideoOS.IdentityServer.UnitTests.Pages.External.LoginTests" name="OnGet_ReturnUrlIsValid_Challenge" />
    </UnitTest>
    <UnitTest name="VideoOS.IdentityServer.UnitTests.Controllers.ExternalProvidersControllerTests.Get_DifferentHandlersConfigured_OnlyRemoteAuthenticationHandlersReturned" storage="d:\actions-runner\_work\xpco\xpco\identityserver\videoos.identityserver.unittests\bin\debug\net6.0\win-x64\videoos.identityserver.unittests.dll" id="2191f6dd-5015-945f-601a-a7b0a8fde314">
      <Execution id="1187851e-9460-4dee-8ceb-1b8d47638e35" />
      <TestMethod codeBase="D:\actions-runner\_work\XPCO\XPCO\IdentityServer\VideoOS.IdentityServer.UnitTests\bin\Debug\net6.0\win-x64\VideoOS.IdentityServer.UnitTests.dll" adapterTypeName="executor://xunit/VsTestRunner2/netcoreapp" className="VideoOS.IdentityServer.UnitTests.Controllers.ExternalProvidersControllerTests" name="Get_DifferentHandlersConfigured_OnlyRemoteAuthenticationHandlersReturned" />
    </UnitTest>
    <UnitTest name="VideoOS.IdentityServer.UnitTests.Pages.External.CallbackTests.OnGetAsync_UserLockedOut_Error" storage="d:\actions-runner\_work\xpco\xpco\identityserver\videoos.identityserver.unittests\bin\debug\net6.0\win-x64\videoos.identityserver.unittests.dll" id="bca552ad-4711-dd0b-15ca-0ec01c5a338b">
      <Execution id="a04fc0e4-3c5d-4be1-9fb3-c0fef5c8b137" />
      <TestMethod codeBase="D:\actions-runner\_work\XPCO\XPCO\IdentityServer\VideoOS.IdentityServer.UnitTests\bin\Debug\net6.0\win-x64\VideoOS.IdentityServer.UnitTests.dll" adapterTypeName="executor://xunit/VsTestRunner2/netcoreapp" className="VideoOS.IdentityServer.UnitTests.Pages.External.CallbackTests" name="OnGetAsync_UserLockedOut_Error" />
    </UnitTest>
    <UnitTest name="VideoOS.IdentityServer.UnitTests.Services.UserProvisionerTests.CreateOrUpdateUser_ErrorAutoProvisioningUser_Throws" storage="d:\actions-runner\_work\xpco\xpco\identityserver\videoos.identityserver.unittests\bin\debug\net6.0\win-x64\videoos.identityserver.unittests.dll" id="d317f81f-bce9-b89e-fa54-8643b71e0922">
      <Execution id="fca7a6cf-548e-45e9-83f6-a5e0663cc9bc" />
      <TestMethod codeBase="D:\actions-runner\_work\XPCO\XPCO\IdentityServer\VideoOS.IdentityServer.UnitTests\bin\Debug\net6.0\win-x64\VideoOS.IdentityServer.UnitTests.dll" adapterTypeName="executor://xunit/VsTestRunner2/netcoreapp" className="VideoOS.IdentityServer.UnitTests.Services.UserProvisionerTests" name="CreateOrUpdateUser_ErrorAutoProvisioningUser_Throws" />
    </UnitTest>
    <UnitTest name="VideoOS.IdentityServer.UnitTests.Pages.Account.LoginViewModelTests.ExternalProviders_OneExternalProvider_IsExternalLoginOnly" storage="d:\actions-runner\_work\xpco\xpco\identityserver\videoos.identityserver.unittests\bin\debug\net6.0\win-x64\videoos.identityserver.unittests.dll" id="054a59ea-182f-5736-1129-9e52b20b70d3">
      <Execution id="34e24d33-13ac-45f1-afde-e62b2eecff32" />
      <TestMethod codeBase="D:\actions-runner\_work\XPCO\XPCO\IdentityServer\VideoOS.IdentityServer.UnitTests\bin\Debug\net6.0\win-x64\VideoOS.IdentityServer.UnitTests.dll" adapterTypeName="executor://xunit/VsTestRunner2/netcoreapp" className="VideoOS.IdentityServer.UnitTests.Pages.Account.LoginViewModelTests" name="ExternalProviders_OneExternalProvider_IsExternalLoginOnly" />
    </UnitTest>
    <UnitTest name="VideoOS.IdentityServer.UnitTests.GrantValidators.ResourceOwnerPasswordValidatorTests.ValidateAsync_UserNeedsToChangePassword_ChangePassword" storage="d:\actions-runner\_work\xpco\xpco\identityserver\videoos.identityserver.unittests\bin\debug\net6.0\win-x64\videoos.identityserver.unittests.dll" id="d0f32a3a-7617-9ed0-ef0e-dd198d75d8fc">
      <Execution id="6f9646ca-b17b-472f-8e2f-2d7a86160192" />
      <TestMethod codeBase="D:\actions-runner\_work\XPCO\XPCO\IdentityServer\VideoOS.IdentityServer.UnitTests\bin\Debug\net6.0\win-x64\VideoOS.IdentityServer.UnitTests.dll" adapterTypeName="executor://xunit/VsTestRunner2/netcoreapp" className="VideoOS.IdentityServer.UnitTests.GrantValidators.ResourceOwnerPasswordValidatorTests" name="ValidateAsync_UserNeedsToChangePassword_ChangePassword" />
    </UnitTest>
    <UnitTest name="VideoOS.IdentityServer.UnitTests.Attributes.NonEmptyListTests.NonEmptyList_ListIsNull_ReturnFalse" storage="d:\actions-runner\_work\xpco\xpco\identityserver\videoos.identityserver.unittests\bin\debug\net6.0\win-x64\videoos.identityserver.unittests.dll" id="1289cca3-a43e-b970-cb00-89521f8436c8">
      <Execution id="79958361-9d7d-4e90-9ab0-19f1918361fa" />
      <TestMethod codeBase="D:\actions-runner\_work\XPCO\XPCO\IdentityServer\VideoOS.IdentityServer.UnitTests\bin\Debug\net6.0\win-x64\VideoOS.IdentityServer.UnitTests.dll" adapterTypeName="executor://xunit/VsTestRunner2/netcoreapp" className="VideoOS.IdentityServer.UnitTests.Attributes.NonEmptyListTests" name="NonEmptyList_ListIsNull_ReturnFalse" />
    </UnitTest>
    <UnitTest name="VideoOS.IdentityServer.UnitTests.Services.WellKnownConfigurationRetriever.WellKnownConfigurationRetrieverTests.GetWellKnownConfiguration_WithExternalProviderUri_ReturnsValidResult" storage="d:\actions-runner\_work\xpco\xpco\identityserver\videoos.identityserver.unittests\bin\debug\net6.0\win-x64\videoos.identityserver.unittests.dll" id="d5541448-b537-d06e-8c14-f0a217384950">
      <Execution id="d5d6737e-69ae-41a1-acf2-c9ee73c2bfa9" />
      <TestMethod codeBase="D:\actions-runner\_work\XPCO\XPCO\IdentityServer\VideoOS.IdentityServer.UnitTests\bin\Debug\net6.0\win-x64\VideoOS.IdentityServer.UnitTests.dll" adapterTypeName="executor://xunit/VsTestRunner2/netcoreapp" className="VideoOS.IdentityServer.UnitTests.Services.WellKnownConfigurationRetriever.WellKnownConfigurationRetrieverTests" name="GetWellKnownConfiguration_WithExternalProviderUri_ReturnsValidResult" />
    </UnitTest>
    <UnitTest name="VideoOS.IdentityServer.UnitTests.Repositories.VmsUserManagerTests.GetLogins_UsingNoFilters_AllLoginsReturned" storage="d:\actions-runner\_work\xpco\xpco\identityserver\videoos.identityserver.unittests\bin\debug\net6.0\win-x64\videoos.identityserver.unittests.dll" id="ada794ff-b8f3-39d4-c1d3-ac159ff90320">
      <Execution id="7eb1108e-d60f-47a7-9bc5-25d261b63dea" />
      <TestMethod codeBase="D:\actions-runner\_work\XPCO\XPCO\IdentityServer\VideoOS.IdentityServer.UnitTests\bin\Debug\net6.0\win-x64\VideoOS.IdentityServer.UnitTests.dll" adapterTypeName="executor://xunit/VsTestRunner2/netcoreapp" className="VideoOS.IdentityServer.UnitTests.Repositories.VmsUserManagerTests" name="GetLogins_UsingNoFilters_AllLoginsReturned" />
    </UnitTest>
    <UnitTest name="VideoOS.IdentityServer.UnitTests.Attributes.HttpOrHttpsAttributeTests.IsValid_ForNonHttpOrHttpsUri_ReturnsError(url: &quot;ftp://www.example.com&quot;)" storage="d:\actions-runner\_work\xpco\xpco\identityserver\videoos.identityserver.unittests\bin\debug\net6.0\win-x64\videoos.identityserver.unittests.dll" id="ed61d1f5-ecc7-8188-17ce-af4246429e4f">
      <Execution id="d89db832-4342-4283-87ed-191d014a8abc" />
      <TestMethod codeBase="D:\actions-runner\_work\XPCO\XPCO\IdentityServer\VideoOS.IdentityServer.UnitTests\bin\Debug\net6.0\win-x64\VideoOS.IdentityServer.UnitTests.dll" adapterTypeName="executor://xunit/VsTestRunner2/netcoreapp" className="VideoOS.IdentityServer.UnitTests.Attributes.HttpOrHttpsAttributeTests" name="IsValid_ForNonHttpOrHttpsUri_ReturnsError" />
    </UnitTest>
    <UnitTest name="VideoOS.IdentityServer.UnitTests.Helper.ExpressionBuilderTests.FromString_DifferentQueriesWithAllowedSearchNames_ReturnsExpectedCount(query: &quot;name eq a&quot;, expectedCount: 2, allowedSearchNames: [&quot;Name&quot;])" storage="d:\actions-runner\_work\xpco\xpco\identityserver\videoos.identityserver.unittests\bin\debug\net6.0\win-x64\videoos.identityserver.unittests.dll" id="f3406bcb-028f-939e-eacc-5f1134271147">
      <Execution id="5a80095d-9492-4c1b-8938-8ce89ddd87b2" />
      <TestMethod codeBase="D:\actions-runner\_work\XPCO\XPCO\IdentityServer\VideoOS.IdentityServer.UnitTests\bin\Debug\net6.0\win-x64\VideoOS.IdentityServer.UnitTests.dll" adapterTypeName="executor://xunit/VsTestRunner2/netcoreapp" className="VideoOS.IdentityServer.UnitTests.Helper.ExpressionBuilderTests" name="FromString_DifferentQueriesWithAllowedSearchNames_ReturnsExpectedCount" />
    </UnitTest>
    <UnitTest name="VideoOS.IdentityServer.UnitTests.Repositories.ConfigurationRepositoryTest.GetAllValidScopesAsync_ScopesExists_ScopesAreReturned" storage="d:\actions-runner\_work\xpco\xpco\identityserver\videoos.identityserver.unittests\bin\debug\net6.0\win-x64\videoos.identityserver.unittests.dll" id="15835881-44f2-8459-7a5b-9f6f9e507bac">
      <Execution id="24d5c5f5-43d5-4846-b29b-7f8bd18c0574" />
      <TestMethod codeBase="D:\actions-runner\_work\XPCO\XPCO\IdentityServer\VideoOS.IdentityServer.UnitTests\bin\Debug\net6.0\win-x64\VideoOS.IdentityServer.UnitTests.dll" adapterTypeName="executor://xunit/VsTestRunner2/netcoreapp" className="VideoOS.IdentityServer.UnitTests.Repositories.ConfigurationRepositoryTest" name="GetAllValidScopesAsync_ScopesExists_ScopesAreReturned" />
    </UnitTest>
    <UnitTest name="VideoOS.IdentityServer.UnitTests.Controllers.ClientsControllerTests.RegisterClient_DuplicateGranttype_BusinessViolationExceptionIsThrown" storage="d:\actions-runner\_work\xpco\xpco\identityserver\videoos.identityserver.unittests\bin\debug\net6.0\win-x64\videoos.identityserver.unittests.dll" id="293f329e-27b6-4f11-0ed8-c60eb66e54e3">
      <Execution id="45758e53-0310-4ff5-ad1f-17ddfab66f37" />
      <TestMethod codeBase="D:\actions-runner\_work\XPCO\XPCO\IdentityServer\VideoOS.IdentityServer.UnitTests\bin\Debug\net6.0\win-x64\VideoOS.IdentityServer.UnitTests.dll" adapterTypeName="executor://xunit/VsTestRunner2/netcoreapp" className="VideoOS.IdentityServer.UnitTests.Controllers.ClientsControllerTests" name="RegisterClient_DuplicateGranttype_BusinessViolationExceptionIsThrown" />
    </UnitTest>
    <UnitTest name="VideoOS.IdentityServer.UnitTests.Pages.LoginTests.OnGetAsync_AuthSchemeNotFound_ErrorPage" storage="d:\actions-runner\_work\xpco\xpco\identityserver\videoos.identityserver.unittests\bin\debug\net6.0\win-x64\videoos.identityserver.unittests.dll" id="ed05ce08-564e-9f53-e870-0bd02308d7fd">
      <Execution id="b112240f-fbfa-4711-a1d8-b041d808b5e6" />
      <TestMethod codeBase="D:\actions-runner\_work\XPCO\XPCO\IdentityServer\VideoOS.IdentityServer.UnitTests\bin\Debug\net6.0\win-x64\VideoOS.IdentityServer.UnitTests.dll" adapterTypeName="executor://xunit/VsTestRunner2/netcoreapp" className="VideoOS.IdentityServer.UnitTests.Pages.LoginTests" name="OnGetAsync_AuthSchemeNotFound_ErrorPage" />
    </UnitTest>
    <UnitTest name="VideoOS.IdentityServer.UnitTests.Helper.ExpressionBuilderTests.FromString_DifferentQueriesWithDisallowedSearchNames_ThrowsInvalidOperationException(query: &quot;number gt 4&quot;, allowedSearchNames: [&quot;Name&quot;])" storage="d:\actions-runner\_work\xpco\xpco\identityserver\videoos.identityserver.unittests\bin\debug\net6.0\win-x64\videoos.identityserver.unittests.dll" id="d798ebf8-5eb5-d224-24ef-355e17a6ee53">
      <Execution id="10d75366-306f-4180-adc2-08dc3ffed7a0" />
      <TestMethod codeBase="D:\actions-runner\_work\XPCO\XPCO\IdentityServer\VideoOS.IdentityServer.UnitTests\bin\Debug\net6.0\win-x64\VideoOS.IdentityServer.UnitTests.dll" adapterTypeName="executor://xunit/VsTestRunner2/netcoreapp" className="VideoOS.IdentityServer.UnitTests.Helper.ExpressionBuilderTests" name="FromString_DifferentQueriesWithDisallowedSearchNames_ThrowsInvalidOperationException" />
    </UnitTest>
    <UnitTest name="VideoOS.IdentityServer.UnitTests.Helper.ExpressionBuilderTests.FromString_DifferentQueriesWithAllowedSearchNames_ReturnsExpectedCount(query: &quot;number lt 4&quot;, expectedCount: 3, allowedSearchNames: [&quot;Number&quot;])" storage="d:\actions-runner\_work\xpco\xpco\identityserver\videoos.identityserver.unittests\bin\debug\net6.0\win-x64\videoos.identityserver.unittests.dll" id="33d30ad4-3561-4a28-4f49-bcdce7341bfd">
      <Execution id="ef2ff813-7240-484f-911e-dc1bcb7ee3e8" />
      <TestMethod codeBase="D:\actions-runner\_work\XPCO\XPCO\IdentityServer\VideoOS.IdentityServer.UnitTests\bin\Debug\net6.0\win-x64\VideoOS.IdentityServer.UnitTests.dll" adapterTypeName="executor://xunit/VsTestRunner2/netcoreapp" className="VideoOS.IdentityServer.UnitTests.Helper.ExpressionBuilderTests" name="FromString_DifferentQueriesWithAllowedSearchNames_ReturnsExpectedCount" />
    </UnitTest>
    <UnitTest name="VideoOS.IdentityServer.UnitTests.Helper.FilterModelBinderTests.BindModelAsync_ContextIsNull_ThrowsArgumentNullException" storage="d:\actions-runner\_work\xpco\xpco\identityserver\videoos.identityserver.unittests\bin\debug\net6.0\win-x64\videoos.identityserver.unittests.dll" id="622f516f-ccbb-6e8c-01d1-b3762c647c4e">
      <Execution id="7b6394f0-0047-492a-a6c8-ae6be4f7eb54" />
      <TestMethod codeBase="D:\actions-runner\_work\XPCO\XPCO\IdentityServer\VideoOS.IdentityServer.UnitTests\bin\Debug\net6.0\win-x64\VideoOS.IdentityServer.UnitTests.dll" adapterTypeName="executor://xunit/VsTestRunner2/netcoreapp" className="VideoOS.IdentityServer.UnitTests.Helper.FilterModelBinderTests" name="BindModelAsync_ContextIsNull_ThrowsArgumentNullException" />
    </UnitTest>
    <UnitTest name="VideoOS.IdentityServer.UnitTests.Controllers.TrustedIssuersControllerTests.Post_TrustedIssuer_TrustedIssuersAdded" storage="d:\actions-runner\_work\xpco\xpco\identityserver\videoos.identityserver.unittests\bin\debug\net6.0\win-x64\videoos.identityserver.unittests.dll" id="43adfb70-1852-8758-f791-ff3f745050ab">
      <Execution id="a425ccaa-afc6-4982-9775-96a3a3116fd5" />
      <TestMethod codeBase="D:\actions-runner\_work\XPCO\XPCO\IdentityServer\VideoOS.IdentityServer.UnitTests\bin\Debug\net6.0\win-x64\VideoOS.IdentityServer.UnitTests.dll" adapterTypeName="executor://xunit/VsTestRunner2/netcoreapp" className="VideoOS.IdentityServer.UnitTests.Controllers.TrustedIssuersControllerTests" name="Post_TrustedIssuer_TrustedIssuersAdded" />
    </UnitTest>
    <UnitTest name="VideoOS.IdentityServer.UnitTests.Model.ErrorResponseTests.ErrorResponse_ApiErrorCodeIsNull_KeyIsStringEmpty" storage="d:\actions-runner\_work\xpco\xpco\identityserver\videoos.identityserver.unittests\bin\debug\net6.0\win-x64\videoos.identityserver.unittests.dll" id="f92c6b6d-e73e-777e-805f-32a982387f8e">
      <Execution id="14623121-fe81-4a9c-ac95-1ebcb396d7e1" />
      <TestMethod codeBase="D:\actions-runner\_work\XPCO\XPCO\IdentityServer\VideoOS.IdentityServer.UnitTests\bin\Debug\net6.0\win-x64\VideoOS.IdentityServer.UnitTests.dll" adapterTypeName="executor://xunit/VsTestRunner2/netcoreapp" className="VideoOS.IdentityServer.UnitTests.Model.ErrorResponseTests" name="ErrorResponse_ApiErrorCodeIsNull_KeyIsStringEmpty" />
    </UnitTest>
    <UnitTest name="VideoOS.IdentityServer.UnitTests.Attributes.DisallowCharacterAttributeTests.IsValid_ContainsOnlyAllowedCharacters_ReturnsTrue(value: &quot;bob&quot;)" storage="d:\actions-runner\_work\xpco\xpco\identityserver\videoos.identityserver.unittests\bin\debug\net6.0\win-x64\videoos.identityserver.unittests.dll" id="36459205-3fff-99ea-a8bb-b5596965c4e0">
      <Execution id="00a18af1-993c-482f-9fd0-a1cd77db65a8" />
      <TestMethod codeBase="D:\actions-runner\_work\XPCO\XPCO\IdentityServer\VideoOS.IdentityServer.UnitTests\bin\Debug\net6.0\win-x64\VideoOS.IdentityServer.UnitTests.dll" adapterTypeName="executor://xunit/VsTestRunner2/netcoreapp" className="VideoOS.IdentityServer.UnitTests.Attributes.DisallowCharacterAttributeTests" name="IsValid_ContainsOnlyAllowedCharacters_ReturnsTrue" />
    </UnitTest>
    <UnitTest name="VideoOS.IdentityServer.UnitTests.Helper.RsaKeyGeneratorTests.GenerateRsaSecurityKey_ValidKeySize_NewRsaSecurityKeyIsReturned(keySize: 384)" storage="d:\actions-runner\_work\xpco\xpco\identityserver\videoos.identityserver.unittests\bin\debug\net6.0\win-x64\videoos.identityserver.unittests.dll" id="b26e4236-793d-10b2-39ca-a954bf509a01">
      <Execution id="c071b21b-c737-4f00-976b-8c073fc2e607" />
      <TestMethod codeBase="D:\actions-runner\_work\XPCO\XPCO\IdentityServer\VideoOS.IdentityServer.UnitTests\bin\Debug\net6.0\win-x64\VideoOS.IdentityServer.UnitTests.dll" adapterTypeName="executor://xunit/VsTestRunner2/netcoreapp" className="VideoOS.IdentityServer.UnitTests.Helper.RsaKeyGeneratorTests" name="GenerateRsaSecurityKey_ValidKeySize_NewRsaSecurityKeyIsReturned" />
    </UnitTest>
    <UnitTest name="VideoOS.IdentityServer.UnitTests.Controllers.TrustedIssuersControllerTests.Put_IssuerAlreadyExists_DuplicateTrustedIssuersError" storage="d:\actions-runner\_work\xpco\xpco\identityserver\videoos.identityserver.unittests\bin\debug\net6.0\win-x64\videoos.identityserver.unittests.dll" id="b38a5a04-b6dd-2a0a-6408-c160def365f0">
      <Execution id="37422075-ab4c-4a7e-8a27-bc684db32329" />
      <TestMethod codeBase="D:\actions-runner\_work\XPCO\XPCO\IdentityServer\VideoOS.IdentityServer.UnitTests\bin\Debug\net6.0\win-x64\VideoOS.IdentityServer.UnitTests.dll" adapterTypeName="executor://xunit/VsTestRunner2/netcoreapp" className="VideoOS.IdentityServer.UnitTests.Controllers.TrustedIssuersControllerTests" name="Put_IssuerAlreadyExists_DuplicateTrustedIssuersError" />
    </UnitTest>
    <UnitTest name="VideoOS.IdentityServer.UnitTests.Middleware.ApiDisableStatusCodeFeatureMiddlewareTests.InvokeAsync_RequestApi_StatusCodePagesFeatureEnabled" storage="d:\actions-runner\_work\xpco\xpco\identityserver\videoos.identityserver.unittests\bin\debug\net6.0\win-x64\videoos.identityserver.unittests.dll" id="8a308586-3301-ed69-850b-aa82f3858b75">
      <Execution id="9ed29619-c632-4ebb-b25f-551c7e76d37a" />
      <TestMethod codeBase="D:\actions-runner\_work\XPCO\XPCO\IdentityServer\VideoOS.IdentityServer.UnitTests\bin\Debug\net6.0\win-x64\VideoOS.IdentityServer.UnitTests.dll" adapterTypeName="executor://xunit/VsTestRunner2/netcoreapp" className="VideoOS.IdentityServer.UnitTests.Middleware.ApiDisableStatusCodeFeatureMiddlewareTests" name="InvokeAsync_RequestApi_StatusCodePagesFeatureEnabled" />
    </UnitTest>
    <UnitTest name="VideoOS.IdentityServer.UnitTests.Attributes.SIDAttributeTests.IsValid_IsCorrectSidFormat_ReturnsTrue(value: &quot;S-1-1-0&quot;)" storage="d:\actions-runner\_work\xpco\xpco\identityserver\videoos.identityserver.unittests\bin\debug\net6.0\win-x64\videoos.identityserver.unittests.dll" id="c0f52448-2499-65d8-37b3-2be993414d1d">
      <Execution id="56043f8a-e087-4af0-871c-bdc2f84790f5" />
      <TestMethod codeBase="D:\actions-runner\_work\XPCO\XPCO\IdentityServer\VideoOS.IdentityServer.UnitTests\bin\Debug\net6.0\win-x64\VideoOS.IdentityServer.UnitTests.dll" adapterTypeName="executor://xunit/VsTestRunner2/netcoreapp" className="VideoOS.IdentityServer.UnitTests.Attributes.SIDAttributeTests" name="IsValid_IsCorrectSidFormat_ReturnsTrue" />
    </UnitTest>
    <UnitTest name="VideoOS.IdentityServer.UnitTests.Controllers.UsersControllerTests.Patch_UserNotFound_ReturnNotFoundResult" storage="d:\actions-runner\_work\xpco\xpco\identityserver\videoos.identityserver.unittests\bin\debug\net6.0\win-x64\videoos.identityserver.unittests.dll" id="9dc45e64-4511-e60b-b229-5c6fc36d1771">
      <Execution id="d56ce050-06c3-4194-9a18-914612d95fa1" />
      <TestMethod codeBase="D:\actions-runner\_work\XPCO\XPCO\IdentityServer\VideoOS.IdentityServer.UnitTests\bin\Debug\net6.0\win-x64\VideoOS.IdentityServer.UnitTests.dll" adapterTypeName="executor://xunit/VsTestRunner2/netcoreapp" className="VideoOS.IdentityServer.UnitTests.Controllers.UsersControllerTests" name="Patch_UserNotFound_ReturnNotFoundResult" />
    </UnitTest>
    <UnitTest name="VideoOS.IdentityServer.UnitTests.Repositories.VmsUserManagerTests.FindByIdAsync_UserNotFound_Null" storage="d:\actions-runner\_work\xpco\xpco\identityserver\videoos.identityserver.unittests\bin\debug\net6.0\win-x64\videoos.identityserver.unittests.dll" id="12137ac2-48bd-a902-d16c-541fa106b158">
      <Execution id="719752d1-20cb-40d7-ab6a-7881c46337e8" />
      <TestMethod codeBase="D:\actions-runner\_work\XPCO\XPCO\IdentityServer\VideoOS.IdentityServer.UnitTests\bin\Debug\net6.0\win-x64\VideoOS.IdentityServer.UnitTests.dll" adapterTypeName="executor://xunit/VsTestRunner2/netcoreapp" className="VideoOS.IdentityServer.UnitTests.Repositories.VmsUserManagerTests" name="FindByIdAsync_UserNotFound_Null" />
    </UnitTest>
    <UnitTest name="VideoOS.IdentityServer.UnitTests.Helper.ExpressionBuilderTests.FromString_DifferentQueriesWithAllowedSearchNames_ReturnsExpectedCount(query: &quot;number eq 4&quot;, expectedCount: 1, allowedSearchNames: [&quot;Number&quot;])" storage="d:\actions-runner\_work\xpco\xpco\identityserver\videoos.identityserver.unittests\bin\debug\net6.0\win-x64\videoos.identityserver.unittests.dll" id="ce371133-7439-cc22-575e-2f8e96becb2d">
      <Execution id="1545800f-afa4-49e9-93dd-31e4236b72ea" />
      <TestMethod codeBase="D:\actions-runner\_work\XPCO\XPCO\IdentityServer\VideoOS.IdentityServer.UnitTests\bin\Debug\net6.0\win-x64\VideoOS.IdentityServer.UnitTests.dll" adapterTypeName="executor://xunit/VsTestRunner2/netcoreapp" className="VideoOS.IdentityServer.UnitTests.Helper.ExpressionBuilderTests" name="FromString_DifferentQueriesWithAllowedSearchNames_ReturnsExpectedCount" />
    </UnitTest>
    <UnitTest name="VideoOS.IdentityServer.UnitTests.Helper.ArrayModelBinderTests.BindModelAsync_NoInputValue_Success" storage="d:\actions-runner\_work\xpco\xpco\identityserver\videoos.identityserver.unittests\bin\debug\net6.0\win-x64\videoos.identityserver.unittests.dll" id="28b7f218-7471-42e4-aaa6-832342c6ecca">
      <Execution id="0accc8c4-d346-4eb9-92b7-f18f2bc9208c" />
      <TestMethod codeBase="D:\actions-runner\_work\XPCO\XPCO\IdentityServer\VideoOS.IdentityServer.UnitTests\bin\Debug\net6.0\win-x64\VideoOS.IdentityServer.UnitTests.dll" adapterTypeName="executor://xunit/VsTestRunner2/netcoreapp" className="VideoOS.IdentityServer.UnitTests.Helper.ArrayModelBinderTests" name="BindModelAsync_NoInputValue_Success" />
    </UnitTest>
    <UnitTest name="VideoOS.IdentityServer.UnitTests.Repositories.VmsUserManagerTests.FindByIdAsync_UserFound_User" storage="d:\actions-runner\_work\xpco\xpco\identityserver\videoos.identityserver.unittests\bin\debug\net6.0\win-x64\videoos.identityserver.unittests.dll" id="cb5ec61f-e221-b5b8-b0a1-1fc232a63b0f">
      <Execution id="b565354a-2a53-4f1e-8b67-7b23b996edeb" />
      <TestMethod codeBase="D:\actions-runner\_work\XPCO\XPCO\IdentityServer\VideoOS.IdentityServer.UnitTests\bin\Debug\net6.0\win-x64\VideoOS.IdentityServer.UnitTests.dll" adapterTypeName="executor://xunit/VsTestRunner2/netcoreapp" className="VideoOS.IdentityServer.UnitTests.Repositories.VmsUserManagerTests" name="FindByIdAsync_UserFound_User" />
    </UnitTest>
    <UnitTest name="VideoOS.IdentityServer.UnitTests.Pages.External.CallbackTests.OnGetAsync_UserNotAuthenticated_Throws" storage="d:\actions-runner\_work\xpco\xpco\identityserver\videoos.identityserver.unittests\bin\debug\net6.0\win-x64\videoos.identityserver.unittests.dll" id="3d1bcbae-e51f-a190-3e37-f7e57c802225">
      <Execution id="23a4b6c5-3088-4cf3-9b42-f4b98559d0de" />
      <TestMethod codeBase="D:\actions-runner\_work\XPCO\XPCO\IdentityServer\VideoOS.IdentityServer.UnitTests\bin\Debug\net6.0\win-x64\VideoOS.IdentityServer.UnitTests.dll" adapterTypeName="executor://xunit/VsTestRunner2/netcoreapp" className="VideoOS.IdentityServer.UnitTests.Pages.External.CallbackTests" name="OnGetAsync_UserNotAuthenticated_Throws" />
    </UnitTest>
    <UnitTest name="VideoOS.IdentityServer.UnitTests.Attributes.DisallowCharacterAttributeTests.IsValid_ContainsDisallowedCharacters_ReturnsFalse(value: &quot;#alice#&quot;)" storage="d:\actions-runner\_work\xpco\xpco\identityserver\videoos.identityserver.unittests\bin\debug\net6.0\win-x64\videoos.identityserver.unittests.dll" id="901a6d56-fae7-98f6-ab1b-7cb37539a449">
      <Execution id="9498a0ee-a4e9-4174-bb40-db34fd02a178" />
      <TestMethod codeBase="D:\actions-runner\_work\XPCO\XPCO\IdentityServer\VideoOS.IdentityServer.UnitTests\bin\Debug\net6.0\win-x64\VideoOS.IdentityServer.UnitTests.dll" adapterTypeName="executor://xunit/VsTestRunner2/netcoreapp" className="VideoOS.IdentityServer.UnitTests.Attributes.DisallowCharacterAttributeTests" name="IsValid_ContainsDisallowedCharacters_ReturnsFalse" />
    </UnitTest>
    <UnitTest name="VideoOS.IdentityServer.UnitTests.Helper.ExpressionBuilderTests.FromString_DifferentQueriesWithAllowedSearchNames_ReturnsExpectedCount(query: &quot;name ne a&quot;, expectedCount: 3, allowedSearchNames: [&quot;Name&quot;])" storage="d:\actions-runner\_work\xpco\xpco\identityserver\videoos.identityserver.unittests\bin\debug\net6.0\win-x64\videoos.identityserver.unittests.dll" id="0527f1d7-19e5-cacc-4c2f-9cf02e02d316">
      <Execution id="557b7b17-f9ea-4aa7-b6d5-b4a7127f55b9" />
      <TestMethod codeBase="D:\actions-runner\_work\XPCO\XPCO\IdentityServer\VideoOS.IdentityServer.UnitTests\bin\Debug\net6.0\win-x64\VideoOS.IdentityServer.UnitTests.dll" adapterTypeName="executor://xunit/VsTestRunner2/netcoreapp" className="VideoOS.IdentityServer.UnitTests.Helper.ExpressionBuilderTests" name="FromString_DifferentQueriesWithAllowedSearchNames_ReturnsExpectedCount" />
    </UnitTest>
    <UnitTest name="VideoOS.IdentityServer.UnitTests.Services.DeleteEventLogHostedServiceTest.StopAsync_Called_TimerStopped" storage="d:\actions-runner\_work\xpco\xpco\identityserver\videoos.identityserver.unittests\bin\debug\net6.0\win-x64\videoos.identityserver.unittests.dll" id="3fd21a6e-edee-a13a-0c5f-a3ec8d98d388">
      <Execution id="8b0ad634-9f00-4863-8a9b-1d4b147f75ff" />
      <TestMethod codeBase="D:\actions-runner\_work\XPCO\XPCO\IdentityServer\VideoOS.IdentityServer.UnitTests\bin\Debug\net6.0\win-x64\VideoOS.IdentityServer.UnitTests.dll" adapterTypeName="executor://xunit/VsTestRunner2/netcoreapp" className="VideoOS.IdentityServer.UnitTests.Services.DeleteEventLogHostedServiceTest" name="StopAsync_Called_TimerStopped" />
    </UnitTest>
    <UnitTest name="VideoOS.IdentityServer.UnitTests.Repositories.VmsUserManagerTests.FindByNameAsync_UserNotFound_Null" storage="d:\actions-runner\_work\xpco\xpco\identityserver\videoos.identityserver.unittests\bin\debug\net6.0\win-x64\videoos.identityserver.unittests.dll" id="b6ef847f-9b72-0da6-abe0-39563d4a303a">
      <Execution id="6075077a-2cc5-424b-9d6b-d693498af052" />
      <TestMethod codeBase="D:\actions-runner\_work\XPCO\XPCO\IdentityServer\VideoOS.IdentityServer.UnitTests\bin\Debug\net6.0\win-x64\VideoOS.IdentityServer.UnitTests.dll" adapterTypeName="executor://xunit/VsTestRunner2/netcoreapp" className="VideoOS.IdentityServer.UnitTests.Repositories.VmsUserManagerTests" name="FindByNameAsync_UserNotFound_Null" />
    </UnitTest>
    <UnitTest name="VideoOS.IdentityServer.UnitTests.Controllers.LoginsControllerTests.GetLogins_LoginIsNotFound_OkResultWithNoLoginReturned" storage="d:\actions-runner\_work\xpco\xpco\identityserver\videoos.identityserver.unittests\bin\debug\net6.0\win-x64\videoos.identityserver.unittests.dll" id="d9266e78-bee1-2a29-f233-9658bb6cbdf0">
      <Execution id="55f3e316-8597-4693-a1d7-06947e0a77c3" />
      <TestMethod codeBase="D:\actions-runner\_work\XPCO\XPCO\IdentityServer\VideoOS.IdentityServer.UnitTests\bin\Debug\net6.0\win-x64\VideoOS.IdentityServer.UnitTests.dll" adapterTypeName="executor://xunit/VsTestRunner2/netcoreapp" className="VideoOS.IdentityServer.UnitTests.Controllers.LoginsControllerTests" name="GetLogins_LoginIsNotFound_OkResultWithNoLoginReturned" />
    </UnitTest>
    <UnitTest name="VideoOS.IdentityServer.UnitTests.Helper.ExpressionBuilderTests.FromString_DifferentQueriesWithAllowedSearchNames_ReturnsExpectedCount(query: &quot;time eq 2000-1-1&quot;, expectedCount: 1, allowedSearchNames: [&quot;Time&quot;, &quot;Name&quot;])" storage="d:\actions-runner\_work\xpco\xpco\identityserver\videoos.identityserver.unittests\bin\debug\net6.0\win-x64\videoos.identityserver.unittests.dll" id="02f245e3-c0c3-9cda-b0f9-6e617d61377c">
      <Execution id="390beb0f-be7d-4975-91c8-1990590c535b" />
      <TestMethod codeBase="D:\actions-runner\_work\XPCO\XPCO\IdentityServer\VideoOS.IdentityServer.UnitTests\bin\Debug\net6.0\win-x64\VideoOS.IdentityServer.UnitTests.dll" adapterTypeName="executor://xunit/VsTestRunner2/netcoreapp" className="VideoOS.IdentityServer.UnitTests.Helper.ExpressionBuilderTests" name="FromString_DifferentQueriesWithAllowedSearchNames_ReturnsExpectedCount" />
    </UnitTest>
    <UnitTest name="VideoOS.IdentityServer.UnitTests.Services.ProfileServiceTests.GetProfileDataAsync_WindowsIntegratedAuthentication_RequestedClaimsAdded" storage="d:\actions-runner\_work\xpco\xpco\identityserver\videoos.identityserver.unittests\bin\debug\net6.0\win-x64\videoos.identityserver.unittests.dll" id="4c4d8ff2-30d2-4a6d-00b2-cb966c21c095">
      <Execution id="741c633d-2c70-44b1-9b47-88e556bfb54f" />
      <TestMethod codeBase="D:\actions-runner\_work\XPCO\XPCO\IdentityServer\VideoOS.IdentityServer.UnitTests\bin\Debug\net6.0\win-x64\VideoOS.IdentityServer.UnitTests.dll" adapterTypeName="executor://xunit/VsTestRunner2/netcoreapp" className="VideoOS.IdentityServer.UnitTests.Services.ProfileServiceTests" name="GetProfileDataAsync_WindowsIntegratedAuthentication_RequestedClaimsAdded" />
    </UnitTest>
    <UnitTest name="VideoOS.IdentityServer.UnitTests.Helper.ExpressionBuilderTests.FromString_DifferentQueriesWithDisallowedSearchNames_ThrowsInvalidOperationException(query: &quot;name eq a&quot;, allowedSearchNames: [&quot;Time&quot;])" storage="d:\actions-runner\_work\xpco\xpco\identityserver\videoos.identityserver.unittests\bin\debug\net6.0\win-x64\videoos.identityserver.unittests.dll" id="f2ce5a84-ec77-f411-f0d1-52ef065f2825">
      <Execution id="e92a605b-8964-4283-91c5-0d8f98534ff6" />
      <TestMethod codeBase="D:\actions-runner\_work\XPCO\XPCO\IdentityServer\VideoOS.IdentityServer.UnitTests\bin\Debug\net6.0\win-x64\VideoOS.IdentityServer.UnitTests.dll" adapterTypeName="executor://xunit/VsTestRunner2/netcoreapp" className="VideoOS.IdentityServer.UnitTests.Helper.ExpressionBuilderTests" name="FromString_DifferentQueriesWithDisallowedSearchNames_ThrowsInvalidOperationException" />
    </UnitTest>
    <UnitTest name="VideoOS.IdentityServer.UnitTests.Filters.CheckModelForNullAttributeTests.OnActionExecuting_ActionArgumentsHasNullValue_BadRequestResultIsSet" storage="d:\actions-runner\_work\xpco\xpco\identityserver\videoos.identityserver.unittests\bin\debug\net6.0\win-x64\videoos.identityserver.unittests.dll" id="82a9957a-9f0d-e17c-0934-62601657a2fc">
      <Execution id="2ba0bb52-3de0-4448-a85a-af8c786454f0" />
      <TestMethod codeBase="D:\actions-runner\_work\XPCO\XPCO\IdentityServer\VideoOS.IdentityServer.UnitTests\bin\Debug\net6.0\win-x64\VideoOS.IdentityServer.UnitTests.dll" adapterTypeName="executor://xunit/VsTestRunner2/netcoreapp" className="VideoOS.IdentityServer.UnitTests.Filters.CheckModelForNullAttributeTests" name="OnActionExecuting_ActionArgumentsHasNullValue_BadRequestResultIsSet" />
    </UnitTest>
    <UnitTest name="VideoOS.IdentityServer.UnitTests.Controllers.ClientsControllerTests.RegisterClient_RedirectUrisMissingWithAuthorizationCodeGrant_BusinessViolationExceptionIsThrown" storage="d:\actions-runner\_work\xpco\xpco\identityserver\videoos.identityserver.unittests\bin\debug\net6.0\win-x64\videoos.identityserver.unittests.dll" id="3714d8f5-188d-b81f-4d47-9936a4191a8f">
      <Execution id="5c46ea83-3b0b-4813-b0a8-8d76f1bc7471" />
      <TestMethod codeBase="D:\actions-runner\_work\XPCO\XPCO\IdentityServer\VideoOS.IdentityServer.UnitTests\bin\Debug\net6.0\win-x64\VideoOS.IdentityServer.UnitTests.dll" adapterTypeName="executor://xunit/VsTestRunner2/netcoreapp" className="VideoOS.IdentityServer.UnitTests.Controllers.ClientsControllerTests" name="RegisterClient_RedirectUrisMissingWithAuthorizationCodeGrant_BusinessViolationExceptionIsThrown" />
    </UnitTest>
    <UnitTest name="VideoOS.IdentityServer.UnitTests.Services.UserProvisionerTests.CreateOrUpdateUser_NewUserUserNameAlreadyCreated_VerifyUserName" storage="d:\actions-runner\_work\xpco\xpco\identityserver\videoos.identityserver.unittests\bin\debug\net6.0\win-x64\videoos.identityserver.unittests.dll" id="4f5a6cc6-1969-6f9b-ec83-8d5bda87395f">
      <Execution id="d145cb36-fddd-46df-95d1-e30d50a52594" />
      <TestMethod codeBase="D:\actions-runner\_work\XPCO\XPCO\IdentityServer\VideoOS.IdentityServer.UnitTests\bin\Debug\net6.0\win-x64\VideoOS.IdentityServer.UnitTests.dll" adapterTypeName="executor://xunit/VsTestRunner2/netcoreapp" className="VideoOS.IdentityServer.UnitTests.Services.UserProvisionerTests" name="CreateOrUpdateUser_NewUserUserNameAlreadyCreated_VerifyUserName" />
    </UnitTest>
    <UnitTest name="VideoOS.IdentityServer.UnitTests.Controllers.UserCollectionsControllerTests.GetUserCollection_AllUsersFoundWithProviders_UsersReturned" storage="d:\actions-runner\_work\xpco\xpco\identityserver\videoos.identityserver.unittests\bin\debug\net6.0\win-x64\videoos.identityserver.unittests.dll" id="609c826a-3755-6de6-3e90-3398130aa650">
      <Execution id="ad1f74e4-a4fc-4f43-85a1-e80f64080666" />
      <TestMethod codeBase="D:\actions-runner\_work\XPCO\XPCO\IdentityServer\VideoOS.IdentityServer.UnitTests\bin\Debug\net6.0\win-x64\VideoOS.IdentityServer.UnitTests.dll" adapterTypeName="executor://xunit/VsTestRunner2/netcoreapp" className="VideoOS.IdentityServer.UnitTests.Controllers.UserCollectionsControllerTests" name="GetUserCollection_AllUsersFoundWithProviders_UsersReturned" />
    </UnitTest>
    <UnitTest name="VideoOS.IdentityServer.UnitTests.Validators.PasswordValidatorTests.ValidateAsync_PasswordMatchesPerfectly_Success" storage="d:\actions-runner\_work\xpco\xpco\identityserver\videoos.identityserver.unittests\bin\debug\net6.0\win-x64\videoos.identityserver.unittests.dll" id="7afc244c-1882-5877-2a81-7cbc434e16a6">
      <Execution id="9b50ddfa-7b18-45da-bf22-862c7ee11f22" />
      <TestMethod codeBase="D:\actions-runner\_work\XPCO\XPCO\IdentityServer\VideoOS.IdentityServer.UnitTests\bin\Debug\net6.0\win-x64\VideoOS.IdentityServer.UnitTests.dll" adapterTypeName="executor://xunit/VsTestRunner2/netcoreapp" className="VideoOS.IdentityServer.UnitTests.Validators.PasswordValidatorTests" name="ValidateAsync_PasswordMatchesPerfectly_Success" />
    </UnitTest>
    <UnitTest name="VideoOS.IdentityServer.UnitTests.NLogConfiguration.NLogConfiguratorTests.AddFilter_FilterAlreadyAdded_FilterNotAdded" storage="d:\actions-runner\_work\xpco\xpco\identityserver\videoos.identityserver.unittests\bin\debug\net6.0\win-x64\videoos.identityserver.unittests.dll" id="c9a0429d-69fe-4b0b-b274-ff7774c3a549">
      <Execution id="40d5a403-a477-49a2-82d8-4e98e81c3eaa" />
      <TestMethod codeBase="D:\actions-runner\_work\XPCO\XPCO\IdentityServer\VideoOS.IdentityServer.UnitTests\bin\Debug\net6.0\win-x64\VideoOS.IdentityServer.UnitTests.dll" adapterTypeName="executor://xunit/VsTestRunner2/netcoreapp" className="VideoOS.IdentityServer.UnitTests.NLogConfiguration.NLogConfiguratorTests" name="AddFilter_FilterAlreadyAdded_FilterNotAdded" />
    </UnitTest>
    <UnitTest name="VideoOS.IdentityServer.UnitTests.Attributes.MaxLengthUriAttributeTests.IsValid_ForNullValue_ReturnsSuccess" storage="d:\actions-runner\_work\xpco\xpco\identityserver\videoos.identityserver.unittests\bin\debug\net6.0\win-x64\videoos.identityserver.unittests.dll" id="2e73cdd6-5f0d-f8db-f31d-394aad188358">
      <Execution id="1de1875f-98fc-4400-8c66-cf2f534e1714" />
      <TestMethod codeBase="D:\actions-runner\_work\XPCO\XPCO\IdentityServer\VideoOS.IdentityServer.UnitTests\bin\Debug\net6.0\win-x64\VideoOS.IdentityServer.UnitTests.dll" adapterTypeName="executor://xunit/VsTestRunner2/netcoreapp" className="VideoOS.IdentityServer.UnitTests.Attributes.MaxLengthUriAttributeTests" name="IsValid_ForNullValue_ReturnsSuccess" />
    </UnitTest>
    <UnitTest name="VideoOS.IdentityServer.UnitTests.Pages.External.CallbackTests.OnGetAsync_UserExists_SignedIn" storage="d:\actions-runner\_work\xpco\xpco\identityserver\videoos.identityserver.unittests\bin\debug\net6.0\win-x64\videoos.identityserver.unittests.dll" id="bd21bf91-6772-b618-cf7a-086f9bcbb72d">
      <Execution id="532e103a-e7da-4a7c-8e4f-ef884441f19a" />
      <TestMethod codeBase="D:\actions-runner\_work\XPCO\XPCO\IdentityServer\VideoOS.IdentityServer.UnitTests\bin\Debug\net6.0\win-x64\VideoOS.IdentityServer.UnitTests.dll" adapterTypeName="executor://xunit/VsTestRunner2/netcoreapp" className="VideoOS.IdentityServer.UnitTests.Pages.External.CallbackTests" name="OnGetAsync_UserExists_SignedIn" />
    </UnitTest>
    <UnitTest name="VideoOS.IdentityServer.UnitTests.Services.ProfileServiceTests.IsActiveAsync_VmsUserNotExist_UserNotActive" storage="d:\actions-runner\_work\xpco\xpco\identityserver\videoos.identityserver.unittests\bin\debug\net6.0\win-x64\videoos.identityserver.unittests.dll" id="6d4dcff1-e71e-7eba-b747-dc0d28b69028">
      <Execution id="c8fa72fe-c107-4264-8e10-09ce193f0506" />
      <TestMethod codeBase="D:\actions-runner\_work\XPCO\XPCO\IdentityServer\VideoOS.IdentityServer.UnitTests\bin\Debug\net6.0\win-x64\VideoOS.IdentityServer.UnitTests.dll" adapterTypeName="executor://xunit/VsTestRunner2/netcoreapp" className="VideoOS.IdentityServer.UnitTests.Services.ProfileServiceTests" name="IsActiveAsync_VmsUserNotExist_UserNotActive" />
    </UnitTest>
    <UnitTest name="VideoOS.IdentityServer.UnitTests.Attributes.DisallowCharacterAttributeTests.IsValid_ContainsDisallowedCharacters_ReturnsFalse(value: &quot;bob?&quot;)" storage="d:\actions-runner\_work\xpco\xpco\identityserver\videoos.identityserver.unittests\bin\debug\net6.0\win-x64\videoos.identityserver.unittests.dll" id="85443d53-4669-f0d4-0fb2-8edbb618f253">
      <Execution id="293b4d60-fcea-4f28-b380-5a2066920a46" />
      <TestMethod codeBase="D:\actions-runner\_work\XPCO\XPCO\IdentityServer\VideoOS.IdentityServer.UnitTests\bin\Debug\net6.0\win-x64\VideoOS.IdentityServer.UnitTests.dll" adapterTypeName="executor://xunit/VsTestRunner2/netcoreapp" className="VideoOS.IdentityServer.UnitTests.Attributes.DisallowCharacterAttributeTests" name="IsValid_ContainsDisallowedCharacters_ReturnsFalse" />
    </UnitTest>
    <UnitTest name="VideoOS.IdentityServer.UnitTests.Filters.ValidateModelFilterAttributeTest.OnActionExecuting_ModelstateIsValid_ContextResultIsNotSet" storage="d:\actions-runner\_work\xpco\xpco\identityserver\videoos.identityserver.unittests\bin\debug\net6.0\win-x64\videoos.identityserver.unittests.dll" id="a299b8f6-2b36-89aa-132a-c0c17bb7acb2">
      <Execution id="a03f625e-cd02-443a-850f-32e258deeff8" />
      <TestMethod codeBase="D:\actions-runner\_work\XPCO\XPCO\IdentityServer\VideoOS.IdentityServer.UnitTests\bin\Debug\net6.0\win-x64\VideoOS.IdentityServer.UnitTests.dll" adapterTypeName="executor://xunit/VsTestRunner2/netcoreapp" className="VideoOS.IdentityServer.UnitTests.Filters.ValidateModelFilterAttributeTest" name="OnActionExecuting_ModelstateIsValid_ContextResultIsNotSet" />
    </UnitTest>
    <UnitTest name="VideoOS.IdentityServer.UnitTests.Controllers.ClientsControllerTests.GetClients_ReturnOkResultWithClientDto" storage="d:\actions-runner\_work\xpco\xpco\identityserver\videoos.identityserver.unittests\bin\debug\net6.0\win-x64\videoos.identityserver.unittests.dll" id="45929646-9446-9747-d2c1-ef5315a080a9">
      <Execution id="3e8b36c9-0c7e-48ad-b8a4-67ac82942509" />
      <TestMethod codeBase="D:\actions-runner\_work\XPCO\XPCO\IdentityServer\VideoOS.IdentityServer.UnitTests\bin\Debug\net6.0\win-x64\VideoOS.IdentityServer.UnitTests.dll" adapterTypeName="executor://xunit/VsTestRunner2/netcoreapp" className="VideoOS.IdentityServer.UnitTests.Controllers.ClientsControllerTests" name="GetClients_ReturnOkResultWithClientDto" />
    </UnitTest>
    <UnitTest name="VideoOS.IdentityServer.UnitTests.Controllers.UserCollectionsControllerTests.GetUserCollection_AllUsersFound_UsersReturned" storage="d:\actions-runner\_work\xpco\xpco\identityserver\videoos.identityserver.unittests\bin\debug\net6.0\win-x64\videoos.identityserver.unittests.dll" id="ec443f4e-ff99-0070-b1f5-921b6a5a9db1">
      <Execution id="7c50e28d-30d8-47b7-8be4-32e3933f3f31" />
      <TestMethod codeBase="D:\actions-runner\_work\XPCO\XPCO\IdentityServer\VideoOS.IdentityServer.UnitTests\bin\Debug\net6.0\win-x64\VideoOS.IdentityServer.UnitTests.dll" adapterTypeName="executor://xunit/VsTestRunner2/netcoreapp" className="VideoOS.IdentityServer.UnitTests.Controllers.UserCollectionsControllerTests" name="GetUserCollection_AllUsersFound_UsersReturned" />
    </UnitTest>
    <UnitTest name="VideoOS.IdentityServer.UnitTests.NLogConfiguration.NLogConfiguratorTests.RemoveFilter_LogRuleNotFound_DoesNotThrow" storage="d:\actions-runner\_work\xpco\xpco\identityserver\videoos.identityserver.unittests\bin\debug\net6.0\win-x64\videoos.identityserver.unittests.dll" id="fe25b75f-22e9-6a8f-5657-47130db3d928">
      <Execution id="f2ad7b6c-363e-4356-9a20-2813ecf16b20" />
      <TestMethod codeBase="D:\actions-runner\_work\XPCO\XPCO\IdentityServer\VideoOS.IdentityServer.UnitTests\bin\Debug\net6.0\win-x64\VideoOS.IdentityServer.UnitTests.dll" adapterTypeName="executor://xunit/VsTestRunner2/netcoreapp" className="VideoOS.IdentityServer.UnitTests.NLogConfiguration.NLogConfiguratorTests" name="RemoveFilter_LogRuleNotFound_DoesNotThrow" />
    </UnitTest>
    <UnitTest name="VideoOS.IdentityServer.UnitTests.Services.PasswordHasherWithLegacySupportTests.VerifyHashedPassword_UnknownLegacyEncryptionMethod_Failed" storage="d:\actions-runner\_work\xpco\xpco\identityserver\videoos.identityserver.unittests\bin\debug\net6.0\win-x64\videoos.identityserver.unittests.dll" id="49e20756-5db1-2639-cc27-281c3d6c399d">
      <Execution id="1c7b5302-1c6c-47ce-abd2-170ba4b383a8" />
      <TestMethod codeBase="D:\actions-runner\_work\XPCO\XPCO\IdentityServer\VideoOS.IdentityServer.UnitTests\bin\Debug\net6.0\win-x64\VideoOS.IdentityServer.UnitTests.dll" adapterTypeName="executor://xunit/VsTestRunner2/netcoreapp" className="VideoOS.IdentityServer.UnitTests.Services.PasswordHasherWithLegacySupportTests" name="VerifyHashedPassword_UnknownLegacyEncryptionMethod_Failed" />
    </UnitTest>
    <UnitTest name="VideoOS.IdentityServer.UnitTests.Filters.CheckModelForNullAttributeTests.OnActionExecuting_ActionArgumentsHasNotNullValue_ResultIsNotSet" storage="d:\actions-runner\_work\xpco\xpco\identityserver\videoos.identityserver.unittests\bin\debug\net6.0\win-x64\videoos.identityserver.unittests.dll" id="dcdbc362-f707-20d9-792c-fa37630f61d4">
      <Execution id="68ec79ff-f493-424b-ac18-71b0735f3837" />
      <TestMethod codeBase="D:\actions-runner\_work\XPCO\XPCO\IdentityServer\VideoOS.IdentityServer.UnitTests\bin\Debug\net6.0\win-x64\VideoOS.IdentityServer.UnitTests.dll" adapterTypeName="executor://xunit/VsTestRunner2/netcoreapp" className="VideoOS.IdentityServer.UnitTests.Filters.CheckModelForNullAttributeTests" name="OnActionExecuting_ActionArgumentsHasNotNullValue_ResultIsNotSet" />
    </UnitTest>
    <UnitTest name="VideoOS.IdentityServer.UnitTests.Pages.Account.LoginViewModelTests.ExternalProviders_LocalLogin_NotExternalLoginOnly" storage="d:\actions-runner\_work\xpco\xpco\identityserver\videoos.identityserver.unittests\bin\debug\net6.0\win-x64\videoos.identityserver.unittests.dll" id="37aab818-d8de-5e76-26b8-9c05be444d79">
      <Execution id="ee94d19a-5f82-4feb-b4a9-ecde781c4d81" />
      <TestMethod codeBase="D:\actions-runner\_work\XPCO\XPCO\IdentityServer\VideoOS.IdentityServer.UnitTests\bin\Debug\net6.0\win-x64\VideoOS.IdentityServer.UnitTests.dll" adapterTypeName="executor://xunit/VsTestRunner2/netcoreapp" className="VideoOS.IdentityServer.UnitTests.Pages.Account.LoginViewModelTests" name="ExternalProviders_LocalLogin_NotExternalLoginOnly" />
    </UnitTest>
    <UnitTest name="VideoOS.IdentityServer.UnitTests.Middleware.CultureMiddlewareTests.InvokeAsync_Providers_NoCulture" storage="d:\actions-runner\_work\xpco\xpco\identityserver\videoos.identityserver.unittests\bin\debug\net6.0\win-x64\videoos.identityserver.unittests.dll" id="325340e9-20ac-29ae-a6eb-326801d899cc">
      <Execution id="e58f37b6-4a07-40ea-8a4d-efb4009a26b2" />
      <TestMethod codeBase="D:\actions-runner\_work\XPCO\XPCO\IdentityServer\VideoOS.IdentityServer.UnitTests\bin\Debug\net6.0\win-x64\VideoOS.IdentityServer.UnitTests.dll" adapterTypeName="executor://xunit/VsTestRunner2/netcoreapp" className="VideoOS.IdentityServer.UnitTests.Middleware.CultureMiddlewareTests" name="InvokeAsync_Providers_NoCulture" />
    </UnitTest>
    <UnitTest name="VideoOS.IdentityServer.UnitTests.Filters.CheckModelForNullAttributeTests.OnActionExecuting_ActionArgumentsIsEmpty_ResultIsNotSet" storage="d:\actions-runner\_work\xpco\xpco\identityserver\videoos.identityserver.unittests\bin\debug\net6.0\win-x64\videoos.identityserver.unittests.dll" id="c285aa96-6560-5b1c-5ee3-ecc88bb64559">
      <Execution id="9d5f69af-da5b-4610-9a6c-7ac3f250c700" />
      <TestMethod codeBase="D:\actions-runner\_work\XPCO\XPCO\IdentityServer\VideoOS.IdentityServer.UnitTests\bin\Debug\net6.0\win-x64\VideoOS.IdentityServer.UnitTests.dll" adapterTypeName="executor://xunit/VsTestRunner2/netcoreapp" className="VideoOS.IdentityServer.UnitTests.Filters.CheckModelForNullAttributeTests" name="OnActionExecuting_ActionArgumentsIsEmpty_ResultIsNotSet" />
    </UnitTest>
    <UnitTest name="VideoOS.IdentityServer.UnitTests.Controllers.EventLogsControllerTests.Get_HasOneLog_ReturnsOneLog" storage="d:\actions-runner\_work\xpco\xpco\identityserver\videoos.identityserver.unittests\bin\debug\net6.0\win-x64\videoos.identityserver.unittests.dll" id="e8a747f9-6a0f-1c7f-4cda-994c6ff1eb58">
      <Execution id="a2eccff4-0ba7-47d4-b2f7-bd3830bade14" />
      <TestMethod codeBase="D:\actions-runner\_work\XPCO\XPCO\IdentityServer\VideoOS.IdentityServer.UnitTests\bin\Debug\net6.0\win-x64\VideoOS.IdentityServer.UnitTests.dll" adapterTypeName="executor://xunit/VsTestRunner2/netcoreapp" className="VideoOS.IdentityServer.UnitTests.Controllers.EventLogsControllerTests" name="Get_HasOneLog_ReturnsOneLog" />
    </UnitTest>
    <UnitTest name="VideoOS.IdentityServer.UnitTests.Validators.PasswordValidatorTests.ValidateAsync_PasswordDoesNotMatch_Failure" storage="d:\actions-runner\_work\xpco\xpco\identityserver\videoos.identityserver.unittests\bin\debug\net6.0\win-x64\videoos.identityserver.unittests.dll" id="d684d514-6ff7-26d9-ef45-6a901aa92573">
      <Execution id="c298be00-2bc9-40f6-ae65-1143895a28be" />
      <TestMethod codeBase="D:\actions-runner\_work\XPCO\XPCO\IdentityServer\VideoOS.IdentityServer.UnitTests\bin\Debug\net6.0\win-x64\VideoOS.IdentityServer.UnitTests.dll" adapterTypeName="executor://xunit/VsTestRunner2/netcoreapp" className="VideoOS.IdentityServer.UnitTests.Validators.PasswordValidatorTests" name="ValidateAsync_PasswordDoesNotMatch_Failure" />
    </UnitTest>
    <UnitTest name="VideoOS.IdentityServer.UnitTests.Services.UserProvisionerTests.CreateOrUpdateUser_NewUserNoPreferredNoNameNoFirst_Last" storage="d:\actions-runner\_work\xpco\xpco\identityserver\videoos.identityserver.unittests\bin\debug\net6.0\win-x64\videoos.identityserver.unittests.dll" id="cc6cc5d5-3a4d-b157-d5f3-1b1b3db88479">
      <Execution id="e8b93b1a-7ea1-441f-aa9b-886c37a37fc6" />
      <TestMethod codeBase="D:\actions-runner\_work\XPCO\XPCO\IdentityServer\VideoOS.IdentityServer.UnitTests\bin\Debug\net6.0\win-x64\VideoOS.IdentityServer.UnitTests.dll" adapterTypeName="executor://xunit/VsTestRunner2/netcoreapp" className="VideoOS.IdentityServer.UnitTests.Services.UserProvisionerTests" name="CreateOrUpdateUser_NewUserNoPreferredNoNameNoFirst_Last" />
    </UnitTest>
    <UnitTest name="VideoOS.IdentityServer.UnitTests.GrantValidators.WinAuthGrantValidatorTests.ValidateAsync_UserIsAdminIdentity_SuccessResultIsSet" storage="d:\actions-runner\_work\xpco\xpco\identityserver\videoos.identityserver.unittests\bin\debug\net6.0\win-x64\videoos.identityserver.unittests.dll" id="6efb504e-4ae8-2274-7967-1c3a08e9f2db">
      <Execution id="4473cafc-8728-43fc-b165-3f7fb9e58a7c" />
      <TestMethod codeBase="D:\actions-runner\_work\XPCO\XPCO\IdentityServer\VideoOS.IdentityServer.UnitTests\bin\Debug\net6.0\win-x64\VideoOS.IdentityServer.UnitTests.dll" adapterTypeName="executor://xunit/VsTestRunner2/netcoreapp" className="VideoOS.IdentityServer.UnitTests.GrantValidators.WinAuthGrantValidatorTests" name="ValidateAsync_UserIsAdminIdentity_SuccessResultIsSet" />
    </UnitTest>
    <UnitTest name="VideoOS.IdentityServer.UnitTests.Attributes.HttpOrHttpsAttributeTests.IsValid_ForHttpOrHttpsUri_ReturnsSuccess(url: &quot;http://www.example.com&quot;)" storage="d:\actions-runner\_work\xpco\xpco\identityserver\videoos.identityserver.unittests\bin\debug\net6.0\win-x64\videoos.identityserver.unittests.dll" id="2676003b-16e9-f7dd-6bd4-b590eaeb20a6">
      <Execution id="e0fdfc91-2b2a-4292-a086-637687208460" />
      <TestMethod codeBase="D:\actions-runner\_work\XPCO\XPCO\IdentityServer\VideoOS.IdentityServer.UnitTests\bin\Debug\net6.0\win-x64\VideoOS.IdentityServer.UnitTests.dll" adapterTypeName="executor://xunit/VsTestRunner2/netcoreapp" className="VideoOS.IdentityServer.UnitTests.Attributes.HttpOrHttpsAttributeTests" name="IsValid_ForHttpOrHttpsUri_ReturnsSuccess" />
    </UnitTest>
    <UnitTest name="VideoOS.IdentityServer.UnitTests.Controllers.ClientsControllerTests.RegisterClient_RedirectUrisExistsWithMissingAuthorizationCodeGrant_BusinessViolationExceptionIsThrown" storage="d:\actions-runner\_work\xpco\xpco\identityserver\videoos.identityserver.unittests\bin\debug\net6.0\win-x64\videoos.identityserver.unittests.dll" id="4132f6e7-e401-244e-b327-d74900dc4106">
      <Execution id="1a6fc0ca-779c-4449-86df-830db666b996" />
      <TestMethod codeBase="D:\actions-runner\_work\XPCO\XPCO\IdentityServer\VideoOS.IdentityServer.UnitTests\bin\Debug\net6.0\win-x64\VideoOS.IdentityServer.UnitTests.dll" adapterTypeName="executor://xunit/VsTestRunner2/netcoreapp" className="VideoOS.IdentityServer.UnitTests.Controllers.ClientsControllerTests" name="RegisterClient_RedirectUrisExistsWithMissingAuthorizationCodeGrant_BusinessViolationExceptionIsThrown" />
    </UnitTest>
    <UnitTest name="VideoOS.IdentityServer.UnitTests.Services.UserProvisionerTests.CreateOrUpdateUser_SuccessfulAutoProvisioningUser_UserReturned" storage="d:\actions-runner\_work\xpco\xpco\identityserver\videoos.identityserver.unittests\bin\debug\net6.0\win-x64\videoos.identityserver.unittests.dll" id="f20f88d2-f202-ea07-a9ea-ba84e7e02e5a">
      <Execution id="e29c118b-1339-45a7-88b0-dc70282584e5" />
      <TestMethod codeBase="D:\actions-runner\_work\XPCO\XPCO\IdentityServer\VideoOS.IdentityServer.UnitTests\bin\Debug\net6.0\win-x64\VideoOS.IdentityServer.UnitTests.dll" adapterTypeName="executor://xunit/VsTestRunner2/netcoreapp" className="VideoOS.IdentityServer.UnitTests.Services.UserProvisionerTests" name="CreateOrUpdateUser_SuccessfulAutoProvisioningUser_UserReturned" />
    </UnitTest>
    <UnitTest name="VideoOS.IdentityServer.UnitTests.Services.ProfileServiceTests.GetProfileDataAsync_VmsUserClaimsRequestedWithoutProviderScope_NoProviderClaims" storage="d:\actions-runner\_work\xpco\xpco\identityserver\videoos.identityserver.unittests\bin\debug\net6.0\win-x64\videoos.identityserver.unittests.dll" id="7c38c405-6200-5a1a-0fda-e13867787aa4">
      <Execution id="6caf8e81-ec90-409d-96bd-540a799f3eaf" />
      <TestMethod codeBase="D:\actions-runner\_work\XPCO\XPCO\IdentityServer\VideoOS.IdentityServer.UnitTests\bin\Debug\net6.0\win-x64\VideoOS.IdentityServer.UnitTests.dll" adapterTypeName="executor://xunit/VsTestRunner2/netcoreapp" className="VideoOS.IdentityServer.UnitTests.Services.ProfileServiceTests" name="GetProfileDataAsync_VmsUserClaimsRequestedWithoutProviderScope_NoProviderClaims" />
    </UnitTest>
    <UnitTest name="VideoOS.IdentityServer.UnitTests.Controllers.UsersControllerTests.Post_UserIsNotCreated_ReturnBadRequest" storage="d:\actions-runner\_work\xpco\xpco\identityserver\videoos.identityserver.unittests\bin\debug\net6.0\win-x64\videoos.identityserver.unittests.dll" id="064adfe8-7f74-1859-2ce4-4280d3e48d69">
      <Execution id="507652f1-0ad4-4649-b3e2-77c29b8ff088" />
      <TestMethod codeBase="D:\actions-runner\_work\XPCO\XPCO\IdentityServer\VideoOS.IdentityServer.UnitTests\bin\Debug\net6.0\win-x64\VideoOS.IdentityServer.UnitTests.dll" adapterTypeName="executor://xunit/VsTestRunner2/netcoreapp" className="VideoOS.IdentityServer.UnitTests.Controllers.UsersControllerTests" name="Post_UserIsNotCreated_ReturnBadRequest" />
    </UnitTest>
    <UnitTest name="VideoOS.IdentityServer.UnitTests.Controllers.ExternalProviderManagerTests.AddProvider_Enabled_ConfiguresProvider" storage="d:\actions-runner\_work\xpco\xpco\identityserver\videoos.identityserver.unittests\bin\debug\net6.0\win-x64\videoos.identityserver.unittests.dll" id="9f9c6084-f03d-db9c-e06a-4171b07ef539">
      <Execution id="1b1a8606-8a92-4349-ab9b-6d2ef0a0034b" />
      <TestMethod codeBase="D:\actions-runner\_work\XPCO\XPCO\IdentityServer\VideoOS.IdentityServer.UnitTests\bin\Debug\net6.0\win-x64\VideoOS.IdentityServer.UnitTests.dll" adapterTypeName="executor://xunit/VsTestRunner2/netcoreapp" className="VideoOS.IdentityServer.UnitTests.Controllers.ExternalProviderManagerTests" name="AddProvider_Enabled_ConfiguresProvider" />
    </UnitTest>
    <UnitTest name="VideoOS.IdentityServer.UnitTests.Services.ProfileServiceTests.IsActiveAsync_VmsUserIsLockedOut_UserNotActive" storage="d:\actions-runner\_work\xpco\xpco\identityserver\videoos.identityserver.unittests\bin\debug\net6.0\win-x64\videoos.identityserver.unittests.dll" id="5007d108-09c8-61e4-2444-dd302e15e3e9">
      <Execution id="dc5398fc-590b-4dd0-b905-f2ffbdac6618" />
      <TestMethod codeBase="D:\actions-runner\_work\XPCO\XPCO\IdentityServer\VideoOS.IdentityServer.UnitTests\bin\Debug\net6.0\win-x64\VideoOS.IdentityServer.UnitTests.dll" adapterTypeName="executor://xunit/VsTestRunner2/netcoreapp" className="VideoOS.IdentityServer.UnitTests.Services.ProfileServiceTests" name="IsActiveAsync_VmsUserIsLockedOut_UserNotActive" />
    </UnitTest>
    <UnitTest name="VideoOS.IdentityServer.UnitTests.Model.Result.ErrorTests.Error_CreationWithCustomDescription_ShouldHaveCustomDescription" storage="d:\actions-runner\_work\xpco\xpco\identityserver\videoos.identityserver.unittests\bin\debug\net6.0\win-x64\videoos.identityserver.unittests.dll" id="f254dd66-bf9e-9655-0d51-85c7a35aad72">
      <Execution id="77dc41a8-56c0-4fee-baa9-b0f9469e5eae" />
      <TestMethod codeBase="D:\actions-runner\_work\XPCO\XPCO\IdentityServer\VideoOS.IdentityServer.UnitTests\bin\Debug\net6.0\win-x64\VideoOS.IdentityServer.UnitTests.dll" adapterTypeName="executor://xunit/VsTestRunner2/netcoreapp" className="VideoOS.IdentityServer.UnitTests.Model.Result.ErrorTests" name="Error_CreationWithCustomDescription_ShouldHaveCustomDescription" />
    </UnitTest>
    <UnitTest name="VideoOS.IdentityServer.UnitTests.Services.ProfileServiceTests.GetProfileDataAsync_VmsUserWithIdpClaim_RequestedAndRequiredClaimFromIdp" storage="d:\actions-runner\_work\xpco\xpco\identityserver\videoos.identityserver.unittests\bin\debug\net6.0\win-x64\videoos.identityserver.unittests.dll" id="69f352d7-7fe9-aeb4-1818-5444cf458f62">
      <Execution id="2602189a-0395-4239-94fd-edffdd380190" />
      <TestMethod codeBase="D:\actions-runner\_work\XPCO\XPCO\IdentityServer\VideoOS.IdentityServer.UnitTests\bin\Debug\net6.0\win-x64\VideoOS.IdentityServer.UnitTests.dll" adapterTypeName="executor://xunit/VsTestRunner2/netcoreapp" className="VideoOS.IdentityServer.UnitTests.Services.ProfileServiceTests" name="GetProfileDataAsync_VmsUserWithIdpClaim_RequestedAndRequiredClaimFromIdp" />
    </UnitTest>
    <UnitTest name="VideoOS.IdentityServer.UnitTests.Model.Result.ResultTests.Failure_ShouldBeErrorWithMultipleErrors_WhenMultipleErrorsProvided" storage="d:\actions-runner\_work\xpco\xpco\identityserver\videoos.identityserver.unittests\bin\debug\net6.0\win-x64\videoos.identityserver.unittests.dll" id="a915ae1e-25c2-6917-da6e-07b0380337af">
      <Execution id="53f9357f-bf4b-4f8b-8a2c-40d722e47ccb" />
      <TestMethod codeBase="D:\actions-runner\_work\XPCO\XPCO\IdentityServer\VideoOS.IdentityServer.UnitTests\bin\Debug\net6.0\win-x64\VideoOS.IdentityServer.UnitTests.dll" adapterTypeName="executor://xunit/VsTestRunner2/netcoreapp" className="VideoOS.IdentityServer.UnitTests.Model.Result.ResultTests" name="Failure_ShouldBeErrorWithMultipleErrors_WhenMultipleErrorsProvided" />
    </UnitTest>
    <UnitTest name="VideoOS.IdentityServer.UnitTests.Attributes.HttpOrHttpsAttributeTests.IsValid_ForInvalidUriFormat_ReturnsError(url: &quot;12345&quot;)" storage="d:\actions-runner\_work\xpco\xpco\identityserver\videoos.identityserver.unittests\bin\debug\net6.0\win-x64\videoos.identityserver.unittests.dll" id="94fdd69e-99e9-224e-c61d-362311610dbb">
      <Execution id="43275fca-d87c-44b9-bcfa-0e33feaa02e2" />
      <TestMethod codeBase="D:\actions-runner\_work\XPCO\XPCO\IdentityServer\VideoOS.IdentityServer.UnitTests\bin\Debug\net6.0\win-x64\VideoOS.IdentityServer.UnitTests.dll" adapterTypeName="executor://xunit/VsTestRunner2/netcoreapp" className="VideoOS.IdentityServer.UnitTests.Attributes.HttpOrHttpsAttributeTests" name="IsValid_ForInvalidUriFormat_ReturnsError" />
    </UnitTest>
    <UnitTest name="VideoOS.IdentityServer.UnitTests.Controllers.LoginsControllerTests.DeleteLogin_LoginNotFound_NotFoundReturned" storage="d:\actions-runner\_work\xpco\xpco\identityserver\videoos.identityserver.unittests\bin\debug\net6.0\win-x64\videoos.identityserver.unittests.dll" id="7710bff0-8d19-9987-cfcb-d6d3fac71252">
      <Execution id="6544b432-53d9-4a21-a7bd-3e5b59cc7c7e" />
      <TestMethod codeBase="D:\actions-runner\_work\XPCO\XPCO\IdentityServer\VideoOS.IdentityServer.UnitTests\bin\Debug\net6.0\win-x64\VideoOS.IdentityServer.UnitTests.dll" adapterTypeName="executor://xunit/VsTestRunner2/netcoreapp" className="VideoOS.IdentityServer.UnitTests.Controllers.LoginsControllerTests" name="DeleteLogin_LoginNotFound_NotFoundReturned" />
    </UnitTest>
    <UnitTest name="VideoOS.IdentityServer.UnitTests.Repositories.VmsUserManagerTests.FindByLoginAsync_UserFound_User" storage="d:\actions-runner\_work\xpco\xpco\identityserver\videoos.identityserver.unittests\bin\debug\net6.0\win-x64\videoos.identityserver.unittests.dll" id="ebf24ca4-25fe-9d91-009b-2a977adb2d06">
      <Execution id="89885c5c-064f-41ec-b4bc-fcdf0e6d5340" />
      <TestMethod codeBase="D:\actions-runner\_work\XPCO\XPCO\IdentityServer\VideoOS.IdentityServer.UnitTests\bin\Debug\net6.0\win-x64\VideoOS.IdentityServer.UnitTests.dll" adapterTypeName="executor://xunit/VsTestRunner2/netcoreapp" className="VideoOS.IdentityServer.UnitTests.Repositories.VmsUserManagerTests" name="FindByLoginAsync_UserFound_User" />
    </UnitTest>
    <UnitTest name="VideoOS.IdentityServer.UnitTests.Services.PasswordHasherWithLegacySupportTests.VerifyHashedPassword_WrongLegacyPassword_Failed(encryptionMethod: &quot;SHA1&quot;)" storage="d:\actions-runner\_work\xpco\xpco\identityserver\videoos.identityserver.unittests\bin\debug\net6.0\win-x64\videoos.identityserver.unittests.dll" id="55d780a0-2673-7fac-c57d-1246cf3e308f">
      <Execution id="aa746722-e827-4a21-a8bb-e8f1675e4dac" />
      <TestMethod codeBase="D:\actions-runner\_work\XPCO\XPCO\IdentityServer\VideoOS.IdentityServer.UnitTests\bin\Debug\net6.0\win-x64\VideoOS.IdentityServer.UnitTests.dll" adapterTypeName="executor://xunit/VsTestRunner2/netcoreapp" className="VideoOS.IdentityServer.UnitTests.Services.PasswordHasherWithLegacySupportTests" name="VerifyHashedPassword_WrongLegacyPassword_Failed" />
    </UnitTest>
    <UnitTest name="VideoOS.IdentityServer.UnitTests.Model.Result.ResultTests.Success_ShouldNotBeError_WhenSuccessValueProvided" storage="d:\actions-runner\_work\xpco\xpco\identityserver\videoos.identityserver.unittests\bin\debug\net6.0\win-x64\videoos.identityserver.unittests.dll" id="c6010e29-17a3-a56b-9f48-27de2c404872">
      <Execution id="3edc008a-2bbb-4535-9bec-d74bb7a77ed5" />
      <TestMethod codeBase="D:\actions-runner\_work\XPCO\XPCO\IdentityServer\VideoOS.IdentityServer.UnitTests\bin\Debug\net6.0\win-x64\VideoOS.IdentityServer.UnitTests.dll" adapterTypeName="executor://xunit/VsTestRunner2/netcoreapp" className="VideoOS.IdentityServer.UnitTests.Model.Result.ResultTests" name="Success_ShouldNotBeError_WhenSuccessValueProvided" />
    </UnitTest>
    <UnitTest name="VideoOS.IdentityServer.UnitTests.Services.EventLogServiceTest.Log_IpAddressAvailable_IpSet" storage="d:\actions-runner\_work\xpco\xpco\identityserver\videoos.identityserver.unittests\bin\debug\net6.0\win-x64\videoos.identityserver.unittests.dll" id="2b1c4864-9a39-5786-f28c-09b1dd762b25">
      <Execution id="f2d84b47-31ed-4194-b49e-93fbb24d979c" />
      <TestMethod codeBase="D:\actions-runner\_work\XPCO\XPCO\IdentityServer\VideoOS.IdentityServer.UnitTests\bin\Debug\net6.0\win-x64\VideoOS.IdentityServer.UnitTests.dll" adapterTypeName="executor://xunit/VsTestRunner2/netcoreapp" className="VideoOS.IdentityServer.UnitTests.Services.EventLogServiceTest" name="Log_IpAddressAvailable_IpSet" />
    </UnitTest>
    <UnitTest name="VideoOS.IdentityServer.UnitTests.Controllers.ScopesControllerTests.GetScopes_ScopesFromParameter_ReturnsOkResultWithScopes(scopes: [])" storage="d:\actions-runner\_work\xpco\xpco\identityserver\videoos.identityserver.unittests\bin\debug\net6.0\win-x64\videoos.identityserver.unittests.dll" id="ec079d06-2a8d-026f-a72e-697634a6ae4e">
      <Execution id="21727824-3056-4c9f-aa8b-8d1b9afc8c96" />
      <TestMethod codeBase="D:\actions-runner\_work\XPCO\XPCO\IdentityServer\VideoOS.IdentityServer.UnitTests\bin\Debug\net6.0\win-x64\VideoOS.IdentityServer.UnitTests.dll" adapterTypeName="executor://xunit/VsTestRunner2/netcoreapp" className="VideoOS.IdentityServer.UnitTests.Controllers.ScopesControllerTests" name="GetScopes_ScopesFromParameter_ReturnsOkResultWithScopes" />
    </UnitTest>
    <UnitTest name="VideoOS.IdentityServer.UnitTests.Controllers.LoginProvidersControllerTests.Get_LoginProvider_Success" storage="d:\actions-runner\_work\xpco\xpco\identityserver\videoos.identityserver.unittests\bin\debug\net6.0\win-x64\videoos.identityserver.unittests.dll" id="25d2bd93-a823-6d38-10a4-14830854d44d">
      <Execution id="7ca83c1f-42e1-4c1d-9395-977aa68ce8fe" />
      <TestMethod codeBase="D:\actions-runner\_work\XPCO\XPCO\IdentityServer\VideoOS.IdentityServer.UnitTests\bin\Debug\net6.0\win-x64\VideoOS.IdentityServer.UnitTests.dll" adapterTypeName="executor://xunit/VsTestRunner2/netcoreapp" className="VideoOS.IdentityServer.UnitTests.Controllers.LoginProvidersControllerTests" name="Get_LoginProvider_Success" />
    </UnitTest>
    <UnitTest name="VideoOS.IdentityServer.UnitTests.Controllers.BaseControllerTests.BadRequest_InvokeWithErrorResponse_ReturnsResultWithErrorResponse" storage="d:\actions-runner\_work\xpco\xpco\identityserver\videoos.identityserver.unittests\bin\debug\net6.0\win-x64\videoos.identityserver.unittests.dll" id="4718eeb0-d826-53ff-d747-fb40212f3413">
      <Execution id="e9afe4da-9619-4a1d-8ba1-7bd3b0ac6a5b" />
      <TestMethod codeBase="D:\actions-runner\_work\XPCO\XPCO\IdentityServer\VideoOS.IdentityServer.UnitTests\bin\Debug\net6.0\win-x64\VideoOS.IdentityServer.UnitTests.dll" adapterTypeName="executor://xunit/VsTestRunner2/netcoreapp" className="VideoOS.IdentityServer.UnitTests.Controllers.BaseControllerTests" name="BadRequest_InvokeWithErrorResponse_ReturnsResultWithErrorResponse" />
    </UnitTest>
    <UnitTest name="VideoOS.IdentityServer.UnitTests.Model.ErrorResponseTests.SetErrors_SetWithAllowedErrors_ErrorsContainAllElements" storage="d:\actions-runner\_work\xpco\xpco\identityserver\videoos.identityserver.unittests\bin\debug\net6.0\win-x64\videoos.identityserver.unittests.dll" id="91011207-5e68-cefc-db4a-1c463e66d00e">
      <Execution id="58bf1f02-f3bf-439a-a3d4-e1aa70ecf272" />
      <TestMethod codeBase="D:\actions-runner\_work\XPCO\XPCO\IdentityServer\VideoOS.IdentityServer.UnitTests\bin\Debug\net6.0\win-x64\VideoOS.IdentityServer.UnitTests.dll" adapterTypeName="executor://xunit/VsTestRunner2/netcoreapp" className="VideoOS.IdentityServer.UnitTests.Model.ErrorResponseTests" name="SetErrors_SetWithAllowedErrors_ErrorsContainAllElements" />
    </UnitTest>
    <UnitTest name="VideoOS.IdentityServer.UnitTests.NLogConfiguration.NLogConfiguratorTests.AddFilter_LogRuleNotFound_DoesNotThrow" storage="d:\actions-runner\_work\xpco\xpco\identityserver\videoos.identityserver.unittests\bin\debug\net6.0\win-x64\videoos.identityserver.unittests.dll" id="18d87a86-c288-0d65-b334-9ae3feb83fd4">
      <Execution id="dabfd5d7-8a0e-4f11-9365-9b4ab3d8707c" />
      <TestMethod codeBase="D:\actions-runner\_work\XPCO\XPCO\IdentityServer\VideoOS.IdentityServer.UnitTests\bin\Debug\net6.0\win-x64\VideoOS.IdentityServer.UnitTests.dll" adapterTypeName="executor://xunit/VsTestRunner2/netcoreapp" className="VideoOS.IdentityServer.UnitTests.NLogConfiguration.NLogConfiguratorTests" name="AddFilter_LogRuleNotFound_DoesNotThrow" />
    </UnitTest>
    <UnitTest name="VideoOS.IdentityServer.UnitTests.Attributes.DisallowCharacterAttributeTests.IsValid_ContainsDisallowedCharacters_ReturnsFalse(value: &quot;{bob}&quot;)" storage="d:\actions-runner\_work\xpco\xpco\identityserver\videoos.identityserver.unittests\bin\debug\net6.0\win-x64\videoos.identityserver.unittests.dll" id="4593cd33-2e03-9acc-1ca8-9687f0404b31">
      <Execution id="46c6c5f9-f7c1-4216-bbaf-4a7d34b5cbf0" />
      <TestMethod codeBase="D:\actions-runner\_work\XPCO\XPCO\IdentityServer\VideoOS.IdentityServer.UnitTests\bin\Debug\net6.0\win-x64\VideoOS.IdentityServer.UnitTests.dll" adapterTypeName="executor://xunit/VsTestRunner2/netcoreapp" className="VideoOS.IdentityServer.UnitTests.Attributes.DisallowCharacterAttributeTests" name="IsValid_ContainsDisallowedCharacters_ReturnsFalse" />
    </UnitTest>
    <UnitTest name="VideoOS.IdentityServer.UnitTests.Helper.MapAllClaimsActionAndEnumerateArrayTests.Run_DuplicateArrayClaimPairs_DuplicatePairsGetRemoved" storage="d:\actions-runner\_work\xpco\xpco\identityserver\videoos.identityserver.unittests\bin\debug\net6.0\win-x64\videoos.identityserver.unittests.dll" id="c7205d22-c981-88a1-80a2-12e8b7e19a0f">
      <Execution id="6b24f7c0-f700-47cd-9b68-92226fcc1dc3" />
      <TestMethod codeBase="D:\actions-runner\_work\XPCO\XPCO\IdentityServer\VideoOS.IdentityServer.UnitTests\bin\Debug\net6.0\win-x64\VideoOS.IdentityServer.UnitTests.dll" adapterTypeName="executor://xunit/VsTestRunner2/netcoreapp" className="VideoOS.IdentityServer.UnitTests.Helper.MapAllClaimsActionAndEnumerateArrayTests" name="Run_DuplicateArrayClaimPairs_DuplicatePairsGetRemoved" />
    </UnitTest>
    <UnitTest name="VideoOS.IdentityServer.UnitTests.Model.ErrorResponseTests.ErrorResponse_MultipleApiErrors_ErrorsContainAllErrors" storage="d:\actions-runner\_work\xpco\xpco\identityserver\videoos.identityserver.unittests\bin\debug\net6.0\win-x64\videoos.identityserver.unittests.dll" id="51fba3e8-b429-1223-77b1-e3bb21414eed">
      <Execution id="06d90e48-2148-4a1b-91fc-06deed59270b" />
      <TestMethod codeBase="D:\actions-runner\_work\XPCO\XPCO\IdentityServer\VideoOS.IdentityServer.UnitTests\bin\Debug\net6.0\win-x64\VideoOS.IdentityServer.UnitTests.dll" adapterTypeName="executor://xunit/VsTestRunner2/netcoreapp" className="VideoOS.IdentityServer.UnitTests.Model.ErrorResponseTests" name="ErrorResponse_MultipleApiErrors_ErrorsContainAllErrors" />
    </UnitTest>
    <UnitTest name="VideoOS.IdentityServer.UnitTests.Services.EventLogServiceTest.Log_LogCreated_SavedToDb" storage="d:\actions-runner\_work\xpco\xpco\identityserver\videoos.identityserver.unittests\bin\debug\net6.0\win-x64\videoos.identityserver.unittests.dll" id="7770c141-8c93-cfa1-e2a9-574fba3e123b">
      <Execution id="d7e7fd5e-ad43-40af-80bb-02a86ccdeed2" />
      <TestMethod codeBase="D:\actions-runner\_work\XPCO\XPCO\IdentityServer\VideoOS.IdentityServer.UnitTests\bin\Debug\net6.0\win-x64\VideoOS.IdentityServer.UnitTests.dll" adapterTypeName="executor://xunit/VsTestRunner2/netcoreapp" className="VideoOS.IdentityServer.UnitTests.Services.EventLogServiceTest" name="Log_LogCreated_SavedToDb" />
    </UnitTest>
    <UnitTest name="VideoOS.IdentityServer.UnitTests.Helper.RsaKeyGeneratorTests.GenerateRsaSecurityKey_InvalidKeySize_ThrowsArgumentOutOfRangeException(keySize: -2147483648)" storage="d:\actions-runner\_work\xpco\xpco\identityserver\videoos.identityserver.unittests\bin\debug\net6.0\win-x64\videoos.identityserver.unittests.dll" id="1be1a000-d2fa-6c0f-c045-ff2861f84d37">
      <Execution id="00d91acc-59b7-454c-8d54-ecd6b4e214aa" />
      <TestMethod codeBase="D:\actions-runner\_work\XPCO\XPCO\IdentityServer\VideoOS.IdentityServer.UnitTests\bin\Debug\net6.0\win-x64\VideoOS.IdentityServer.UnitTests.dll" adapterTypeName="executor://xunit/VsTestRunner2/netcoreapp" className="VideoOS.IdentityServer.UnitTests.Helper.RsaKeyGeneratorTests" name="GenerateRsaSecurityKey_InvalidKeySize_ThrowsArgumentOutOfRangeException" />
    </UnitTest>
    <UnitTest name="VideoOS.IdentityServer.UnitTests.Controllers.ExternalProviderManagerTests.UpdateProvider_LoginProvider_NotEnabled_DontExists_DoesNothing" storage="d:\actions-runner\_work\xpco\xpco\identityserver\videoos.identityserver.unittests\bin\debug\net6.0\win-x64\videoos.identityserver.unittests.dll" id="c2138e76-9f7f-8d2f-2ac2-891c3e25ac1f">
      <Execution id="b1cd28e4-e3cc-4c3a-a1ae-b7aecde303f7" />
      <TestMethod codeBase="D:\actions-runner\_work\XPCO\XPCO\IdentityServer\VideoOS.IdentityServer.UnitTests\bin\Debug\net6.0\win-x64\VideoOS.IdentityServer.UnitTests.dll" adapterTypeName="executor://xunit/VsTestRunner2/netcoreapp" className="VideoOS.IdentityServer.UnitTests.Controllers.ExternalProviderManagerTests" name="UpdateProvider_LoginProvider_NotEnabled_DontExists_DoesNothing" />
    </UnitTest>
    <UnitTest name="VideoOS.IdentityServer.UnitTests.Attributes.HttpOrHttpsAttributeTests.IsValid_ForInvalidUriFormat_ReturnsError(url: &quot;not a uri&quot;)" storage="d:\actions-runner\_work\xpco\xpco\identityserver\videoos.identityserver.unittests\bin\debug\net6.0\win-x64\videoos.identityserver.unittests.dll" id="8b71f50e-ae38-d60f-498f-8315a9dbb08d">
      <Execution id="b93c0fd5-0499-49f2-8eaa-189b2fb60a95" />
      <TestMethod codeBase="D:\actions-runner\_work\XPCO\XPCO\IdentityServer\VideoOS.IdentityServer.UnitTests\bin\Debug\net6.0\win-x64\VideoOS.IdentityServer.UnitTests.dll" adapterTypeName="executor://xunit/VsTestRunner2/netcoreapp" className="VideoOS.IdentityServer.UnitTests.Attributes.HttpOrHttpsAttributeTests" name="IsValid_ForInvalidUriFormat_ReturnsError" />
    </UnitTest>
    <UnitTest name="VideoOS.IdentityServer.UnitTests.Repositories.VmsUserManagerTests.IsUserLockedOut_LockoutEnabled_False" storage="d:\actions-runner\_work\xpco\xpco\identityserver\videoos.identityserver.unittests\bin\debug\net6.0\win-x64\videoos.identityserver.unittests.dll" id="d40e2701-458d-e2b9-f497-37927a0f0a85">
      <Execution id="97298d57-aa04-4f8f-bd1e-bfdd93a4eec9" />
      <TestMethod codeBase="D:\actions-runner\_work\XPCO\XPCO\IdentityServer\VideoOS.IdentityServer.UnitTests\bin\Debug\net6.0\win-x64\VideoOS.IdentityServer.UnitTests.dll" adapterTypeName="executor://xunit/VsTestRunner2/netcoreapp" className="VideoOS.IdentityServer.UnitTests.Repositories.VmsUserManagerTests" name="IsUserLockedOut_LockoutEnabled_False" />
    </UnitTest>
    <UnitTest name="VideoOS.IdentityServer.UnitTests.Helper.ExpressionBuilderTests.FromString_QueryIsNullOrEmpty_ThrowsArgumentException(query: null)" storage="d:\actions-runner\_work\xpco\xpco\identityserver\videoos.identityserver.unittests\bin\debug\net6.0\win-x64\videoos.identityserver.unittests.dll" id="18fa64fa-97ab-ff66-4700-6c977c6610be">
      <Execution id="374d11e7-b730-4d34-96b4-cbd17044e5ae" />
      <TestMethod codeBase="D:\actions-runner\_work\XPCO\XPCO\IdentityServer\VideoOS.IdentityServer.UnitTests\bin\Debug\net6.0\win-x64\VideoOS.IdentityServer.UnitTests.dll" adapterTypeName="executor://xunit/VsTestRunner2/netcoreapp" className="VideoOS.IdentityServer.UnitTests.Helper.ExpressionBuilderTests" name="FromString_QueryIsNullOrEmpty_ThrowsArgumentException" />
    </UnitTest>
    <UnitTest name="VideoOS.IdentityServer.UnitTests.Controllers.LoginProvidersControllerTests.Get_LoginProvider_NotFoundError_Failure" storage="d:\actions-runner\_work\xpco\xpco\identityserver\videoos.identityserver.unittests\bin\debug\net6.0\win-x64\videoos.identityserver.unittests.dll" id="de7c333c-dac0-97f8-ce50-bb79962f3356">
      <Execution id="1113f224-e5d5-4647-a7ef-37c12f636779" />
      <TestMethod codeBase="D:\actions-runner\_work\XPCO\XPCO\IdentityServer\VideoOS.IdentityServer.UnitTests\bin\Debug\net6.0\win-x64\VideoOS.IdentityServer.UnitTests.dll" adapterTypeName="executor://xunit/VsTestRunner2/netcoreapp" className="VideoOS.IdentityServer.UnitTests.Controllers.LoginProvidersControllerTests" name="Get_LoginProvider_NotFoundError_Failure" />
    </UnitTest>
    <UnitTest name="VideoOS.IdentityServer.UnitTests.Controllers.ClientsControllerTests.RegisterClientAuthorizationCodeFlow_ClientDoesNotExists_ClientIsCreatedAndNoSecretReturned" storage="d:\actions-runner\_work\xpco\xpco\identityserver\videoos.identityserver.unittests\bin\debug\net6.0\win-x64\videoos.identityserver.unittests.dll" id="483bd5d1-7e4f-66ba-7653-fe651ec19642">
      <Execution id="6daf8409-1335-4115-88df-fb470b1f0de9" />
      <TestMethod codeBase="D:\actions-runner\_work\XPCO\XPCO\IdentityServer\VideoOS.IdentityServer.UnitTests\bin\Debug\net6.0\win-x64\VideoOS.IdentityServer.UnitTests.dll" adapterTypeName="executor://xunit/VsTestRunner2/netcoreapp" className="VideoOS.IdentityServer.UnitTests.Controllers.ClientsControllerTests" name="RegisterClientAuthorizationCodeFlow_ClientDoesNotExists_ClientIsCreatedAndNoSecretReturned" />
    </UnitTest>
    <UnitTest name="VideoOS.IdentityServer.UnitTests.NLogConfiguration.NLogConfiguratorTests.AddFilter_LogRuleFound_FilterAdded" storage="d:\actions-runner\_work\xpco\xpco\identityserver\videoos.identityserver.unittests\bin\debug\net6.0\win-x64\videoos.identityserver.unittests.dll" id="c161378b-642a-f85a-4142-ed10deeef57b">
      <Execution id="9292e9a8-49c3-4609-8f3d-28ea5ada50fc" />
      <TestMethod codeBase="D:\actions-runner\_work\XPCO\XPCO\IdentityServer\VideoOS.IdentityServer.UnitTests\bin\Debug\net6.0\win-x64\VideoOS.IdentityServer.UnitTests.dll" adapterTypeName="executor://xunit/VsTestRunner2/netcoreapp" className="VideoOS.IdentityServer.UnitTests.NLogConfiguration.NLogConfiguratorTests" name="AddFilter_LogRuleFound_FilterAdded" />
    </UnitTest>
    <UnitTest name="VideoOS.IdentityServer.UnitTests.Attributes.DisallowCharacterAttributeTests.IsValid_ContainsDisallowedCharacters_ReturnsFalse(value: &quot;milestone\\fam&quot;)" storage="d:\actions-runner\_work\xpco\xpco\identityserver\videoos.identityserver.unittests\bin\debug\net6.0\win-x64\videoos.identityserver.unittests.dll" id="734f9566-cbc0-51b2-0263-6214f1a3d5ce">
      <Execution id="2b1ac748-57f7-45e4-ae5d-dd092294f7e5" />
      <TestMethod codeBase="D:\actions-runner\_work\XPCO\XPCO\IdentityServer\VideoOS.IdentityServer.UnitTests\bin\Debug\net6.0\win-x64\VideoOS.IdentityServer.UnitTests.dll" adapterTypeName="executor://xunit/VsTestRunner2/netcoreapp" className="VideoOS.IdentityServer.UnitTests.Attributes.DisallowCharacterAttributeTests" name="IsValid_ContainsDisallowedCharacters_ReturnsFalse" />
    </UnitTest>
    <UnitTest name="VideoOS.IdentityServer.UnitTests.GrantValidators.TokenExchangeGrantValidatorTests.ValidateAsync_TokenValidated_ValidResponseReturned" storage="d:\actions-runner\_work\xpco\xpco\identityserver\videoos.identityserver.unittests\bin\debug\net6.0\win-x64\videoos.identityserver.unittests.dll" id="c279d0aa-a1e8-5fbf-52c3-2919c88fb82e">
      <Execution id="668c1f2c-a6c9-4287-84d6-f46770090ffc" />
      <TestMethod codeBase="D:\actions-runner\_work\XPCO\XPCO\IdentityServer\VideoOS.IdentityServer.UnitTests\bin\Debug\net6.0\win-x64\VideoOS.IdentityServer.UnitTests.dll" adapterTypeName="executor://xunit/VsTestRunner2/netcoreapp" className="VideoOS.IdentityServer.UnitTests.GrantValidators.TokenExchangeGrantValidatorTests" name="ValidateAsync_TokenValidated_ValidResponseReturned" />
    </UnitTest>
    <UnitTest name="VideoOS.IdentityServer.UnitTests.Controllers.UsersControllerTests.Delete_DeleteFails_ReturnBadRequest" storage="d:\actions-runner\_work\xpco\xpco\identityserver\videoos.identityserver.unittests\bin\debug\net6.0\win-x64\videoos.identityserver.unittests.dll" id="92c94542-374a-ed7f-ea63-7a7f6d274b7b">
      <Execution id="17eea6a0-f3a2-490e-a917-b7f0f8aa698d" />
      <TestMethod codeBase="D:\actions-runner\_work\XPCO\XPCO\IdentityServer\VideoOS.IdentityServer.UnitTests\bin\Debug\net6.0\win-x64\VideoOS.IdentityServer.UnitTests.dll" adapterTypeName="executor://xunit/VsTestRunner2/netcoreapp" className="VideoOS.IdentityServer.UnitTests.Controllers.UsersControllerTests" name="Delete_DeleteFails_ReturnBadRequest" />
    </UnitTest>
    <UnitTest name="VideoOS.IdentityServer.UnitTests.Controllers.UsersControllerTests.Patch_UpdateFails_ReturnBadRequest" storage="d:\actions-runner\_work\xpco\xpco\identityserver\videoos.identityserver.unittests\bin\debug\net6.0\win-x64\videoos.identityserver.unittests.dll" id="fc7d9da9-12c3-859d-7e0a-2f887e4ce1b8">
      <Execution id="a1d26fc3-714e-42c9-bd25-035080137c52" />
      <TestMethod codeBase="D:\actions-runner\_work\XPCO\XPCO\IdentityServer\VideoOS.IdentityServer.UnitTests\bin\Debug\net6.0\win-x64\VideoOS.IdentityServer.UnitTests.dll" adapterTypeName="executor://xunit/VsTestRunner2/netcoreapp" className="VideoOS.IdentityServer.UnitTests.Controllers.UsersControllerTests" name="Patch_UpdateFails_ReturnBadRequest" />
    </UnitTest>
    <UnitTest name="VideoOS.IdentityServer.UnitTests.Repositories.VmsUserManagerTests.FindByIdsAsync_UsersFound_Users" storage="d:\actions-runner\_work\xpco\xpco\identityserver\videoos.identityserver.unittests\bin\debug\net6.0\win-x64\videoos.identityserver.unittests.dll" id="cb32f69f-efc6-c410-d588-b2c4340f8817">
      <Execution id="0556ad02-6b7c-4026-af1a-7c9d40c4610b" />
      <TestMethod codeBase="D:\actions-runner\_work\XPCO\XPCO\IdentityServer\VideoOS.IdentityServer.UnitTests\bin\Debug\net6.0\win-x64\VideoOS.IdentityServer.UnitTests.dll" adapterTypeName="executor://xunit/VsTestRunner2/netcoreapp" className="VideoOS.IdentityServer.UnitTests.Repositories.VmsUserManagerTests" name="FindByIdsAsync_UsersFound_Users" />
    </UnitTest>
    <UnitTest name="VideoOS.IdentityServer.UnitTests.Helper.ExpressionBuilderTests.FromString_DifferentQueriesWithDisallowedSearchNames_ThrowsInvalidOperationException(query: &quot;number eq 4&quot;, allowedSearchNames: [&quot;Name&quot;])" storage="d:\actions-runner\_work\xpco\xpco\identityserver\videoos.identityserver.unittests\bin\debug\net6.0\win-x64\videoos.identityserver.unittests.dll" id="da34095a-4f48-fcf8-49d7-10ec99566230">
      <Execution id="4431c765-3daf-4603-93ae-1b1c329fa7f4" />
      <TestMethod codeBase="D:\actions-runner\_work\XPCO\XPCO\IdentityServer\VideoOS.IdentityServer.UnitTests\bin\Debug\net6.0\win-x64\VideoOS.IdentityServer.UnitTests.dll" adapterTypeName="executor://xunit/VsTestRunner2/netcoreapp" className="VideoOS.IdentityServer.UnitTests.Helper.ExpressionBuilderTests" name="FromString_DifferentQueriesWithDisallowedSearchNames_ThrowsInvalidOperationException" />
    </UnitTest>
    <UnitTest name="VideoOS.IdentityServer.UnitTests.Controllers.TrustedIssuersControllerTests.Put_TrustedIssuerDoesnNotExist_TrustedIssuerNotFoundError" storage="d:\actions-runner\_work\xpco\xpco\identityserver\videoos.identityserver.unittests\bin\debug\net6.0\win-x64\videoos.identityserver.unittests.dll" id="e7442daf-39a2-9945-c85a-3f299df6b7ba">
      <Execution id="19272eba-9385-43a0-a9c8-63ae713354fa" />
      <TestMethod codeBase="D:\actions-runner\_work\XPCO\XPCO\IdentityServer\VideoOS.IdentityServer.UnitTests\bin\Debug\net6.0\win-x64\VideoOS.IdentityServer.UnitTests.dll" adapterTypeName="executor://xunit/VsTestRunner2/netcoreapp" className="VideoOS.IdentityServer.UnitTests.Controllers.TrustedIssuersControllerTests" name="Put_TrustedIssuerDoesnNotExist_TrustedIssuerNotFoundError" />
    </UnitTest>
    <UnitTest name="VideoOS.IdentityServer.UnitTests.Services.UserProvisionerTests.CreateOrUpdateUser_UserExistsUpdateExternalClaims_ExpectedClaimsAsInput" storage="d:\actions-runner\_work\xpco\xpco\identityserver\videoos.identityserver.unittests\bin\debug\net6.0\win-x64\videoos.identityserver.unittests.dll" id="363fcb95-f3be-f992-3fe9-9ea3d3b0fe13">
      <Execution id="09e12116-1f8e-404b-b21a-532ca94f2bf9" />
      <TestMethod codeBase="D:\actions-runner\_work\XPCO\XPCO\IdentityServer\VideoOS.IdentityServer.UnitTests\bin\Debug\net6.0\win-x64\VideoOS.IdentityServer.UnitTests.dll" adapterTypeName="executor://xunit/VsTestRunner2/netcoreapp" className="VideoOS.IdentityServer.UnitTests.Services.UserProvisionerTests" name="CreateOrUpdateUser_UserExistsUpdateExternalClaims_ExpectedClaimsAsInput" />
    </UnitTest>
    <UnitTest name="VideoOS.IdentityServer.UnitTests.GrantValidators.TokenExchangeGrantValidatorTests.ValidateAsync_ValidateAndExtractSubjectTokenFailed_InvalidRequestReturned" storage="d:\actions-runner\_work\xpco\xpco\identityserver\videoos.identityserver.unittests\bin\debug\net6.0\win-x64\videoos.identityserver.unittests.dll" id="4a1359fc-72ed-3e9b-62c1-570e98338ddd">
      <Execution id="0f807f54-a950-4735-a446-33f363c796ce" />
      <TestMethod codeBase="D:\actions-runner\_work\XPCO\XPCO\IdentityServer\VideoOS.IdentityServer.UnitTests\bin\Debug\net6.0\win-x64\VideoOS.IdentityServer.UnitTests.dll" adapterTypeName="executor://xunit/VsTestRunner2/netcoreapp" className="VideoOS.IdentityServer.UnitTests.GrantValidators.TokenExchangeGrantValidatorTests" name="ValidateAsync_ValidateAndExtractSubjectTokenFailed_InvalidRequestReturned" />
    </UnitTest>
    <UnitTest name="VideoOS.IdentityServer.UnitTests.Extensions.IQueryAbleExtensionsTests.Paginate_ArgumentNotOrdered_ThrowArgumentException" storage="d:\actions-runner\_work\xpco\xpco\identityserver\videoos.identityserver.unittests\bin\debug\net6.0\win-x64\videoos.identityserver.unittests.dll" id="24c04284-064f-8992-4640-f51fd7e9f897">
      <Execution id="47809a16-ace4-45c7-96fd-5cbffc3844c0" />
      <TestMethod codeBase="D:\actions-runner\_work\XPCO\XPCO\IdentityServer\VideoOS.IdentityServer.UnitTests\bin\Debug\net6.0\win-x64\VideoOS.IdentityServer.UnitTests.dll" adapterTypeName="executor://xunit/VsTestRunner2/netcoreapp" className="VideoOS.IdentityServer.UnitTests.Extensions.IQueryAbleExtensionsTests" name="Paginate_ArgumentNotOrdered_ThrowArgumentException" />
    </UnitTest>
    <UnitTest name="VideoOS.IdentityServer.UnitTests.Controllers.ExternalProviderManagerTests.UpdateProvider_LoginProvider_Enabled_NoSecret_AlreadyExists_RemovesConfiguration" storage="d:\actions-runner\_work\xpco\xpco\identityserver\videoos.identityserver.unittests\bin\debug\net6.0\win-x64\videoos.identityserver.unittests.dll" id="b15cbe91-1a7c-3e51-ee2d-df5d041497fc">
      <Execution id="c0b6a56d-9669-4bcd-ae00-4e7c2277dced" />
      <TestMethod codeBase="D:\actions-runner\_work\XPCO\XPCO\IdentityServer\VideoOS.IdentityServer.UnitTests\bin\Debug\net6.0\win-x64\VideoOS.IdentityServer.UnitTests.dll" adapterTypeName="executor://xunit/VsTestRunner2/netcoreapp" className="VideoOS.IdentityServer.UnitTests.Controllers.ExternalProviderManagerTests" name="UpdateProvider_LoginProvider_Enabled_NoSecret_AlreadyExists_RemovesConfiguration" />
    </UnitTest>
  </TestDefinitions>
  <TestEntries>
    <TestEntry testId="7ade7f6d-dbf6-7d1f-d7f6-b39a969b31ff" executionId="b7c41719-fef7-47aa-8ba2-90a8507902f1" testListId="8c84fa94-04c1-424b-9868-57a2d4851a1d" />
    <TestEntry testId="01433ef2-8b3d-c050-4c37-ad60206b679e" executionId="94678f74-f420-44a4-9194-daad6540ec1a" testListId="8c84fa94-04c1-424b-9868-57a2d4851a1d" />
    <TestEntry testId="9dd8b317-666b-324d-19e4-ee5c6bd1749b" executionId="4c35b18f-aceb-4af2-b62a-33f6ddf77251" testListId="8c84fa94-04c1-424b-9868-57a2d4851a1d" />
    <TestEntry testId="93cfa45e-50b0-604c-c09c-2e5001172962" executionId="5219b76d-4126-4afa-985b-1e0e2a3c26d7" testListId="8c84fa94-04c1-424b-9868-57a2d4851a1d" />
    <TestEntry testId="3714d8f5-188d-b81f-4d47-9936a4191a8f" executionId="5c46ea83-3b0b-4813-b0a8-8d76f1bc7471" testListId="8c84fa94-04c1-424b-9868-57a2d4851a1d" />
    <TestEntry testId="73af1a05-910c-f0d8-d5f3-cfbb3860e5f2" executionId="295b8cb7-1604-4fee-9b3e-2ba73f1ed3fa" testListId="8c84fa94-04c1-424b-9868-57a2d4851a1d" />
    <TestEntry testId="363fcb95-f3be-f992-3fe9-9ea3d3b0fe13" executionId="7cf127fe-597b-469e-a787-bdaa032b341d" testListId="8c84fa94-04c1-424b-9868-57a2d4851a1d" />
    <TestEntry testId="8bd3647f-8cd2-e043-7189-ba9c29073c25" executionId="4d4da7b6-9ade-4d74-80f2-5c1570b7584e" testListId="8c84fa94-04c1-424b-9868-57a2d4851a1d" />
    <TestEntry testId="021b65a3-5a24-d0a2-2bab-f8b5bb6bca2d" executionId="4fa8b295-9fa9-4587-9851-f43fb9e5e422" testListId="8c84fa94-04c1-424b-9868-57a2d4851a1d" />
    <TestEntry testId="33483d30-0e90-c1ed-4ad0-47cc19ee7fbc" executionId="2d7f27b2-186e-4612-9063-fd6e1f04c484" testListId="8c84fa94-04c1-424b-9868-57a2d4851a1d" />
    <TestEntry testId="7770c141-8c93-cfa1-e2a9-574fba3e123b" executionId="d7e7fd5e-ad43-40af-80bb-02a86ccdeed2" testListId="8c84fa94-04c1-424b-9868-57a2d4851a1d" />
    <TestEntry testId="1516a435-f2df-7974-adb8-b2d5f187527e" executionId="7844498d-4f6d-46fc-925e-42ffa80ae574" testListId="8c84fa94-04c1-424b-9868-57a2d4851a1d" />
    <TestEntry testId="82a9957a-9f0d-e17c-0934-62601657a2fc" executionId="2ba0bb52-3de0-4448-a85a-af8c786454f0" testListId="8c84fa94-04c1-424b-9868-57a2d4851a1d" />
    <TestEntry testId="cde29e6a-85aa-838a-d88f-e083f65086be" executionId="a7fd46d1-f420-48ce-92d6-ca5be84733c5" testListId="8c84fa94-04c1-424b-9868-57a2d4851a1d" />
    <TestEntry testId="2bd2b7de-07b8-6957-99b3-e959f37311d0" executionId="dfc431f4-8dc2-41af-8846-5f42bd0de6ee" testListId="8c84fa94-04c1-424b-9868-57a2d4851a1d" />
    <TestEntry testId="53e33bfa-4472-50f1-ad88-06723b773ced" executionId="d0edbaf5-1882-457a-9d4d-f840f3dd52d4" testListId="8c84fa94-04c1-424b-9868-57a2d4851a1d" />
    <TestEntry testId="bb0bd953-5bc3-d778-28dc-7d027690da77" executionId="53b5c35d-4820-4c3d-bc78-2fd14b6c9d88" testListId="8c84fa94-04c1-424b-9868-57a2d4851a1d" />
    <TestEntry testId="19419903-3bc3-a8cc-7415-7803df6439d8" executionId="cfb50f50-c2f5-4e6d-9db8-e7d35f43b192" testListId="8c84fa94-04c1-424b-9868-57a2d4851a1d" />
    <TestEntry testId="2191f6dd-5015-945f-601a-a7b0a8fde314" executionId="aeba9af8-9387-4437-8f2e-f67bc4323a5b" testListId="8c84fa94-04c1-424b-9868-57a2d4851a1d" />
    <TestEntry testId="916b12d7-8610-3d11-74fa-814e50a8b226" executionId="f5c318c9-627b-4a14-b77b-d94ff41cd1fb" testListId="8c84fa94-04c1-424b-9868-57a2d4851a1d" />
    <TestEntry testId="94b10ab9-7d67-26b0-9391-9076ee44183e" executionId="17172b65-e0ae-4029-abed-981ea5badd3f" testListId="8c84fa94-04c1-424b-9868-57a2d4851a1d" />
    <TestEntry testId="9805a00b-17c2-ac10-b04e-31770952e806" executionId="29335a9a-6325-4113-bdc7-6e675baffd8b" testListId="8c84fa94-04c1-424b-9868-57a2d4851a1d" />
    <TestEntry testId="eb1887f2-99e8-2199-5e42-44d49a96c712" executionId="2484d989-1b04-47de-8865-170e1ec511b9" testListId="8c84fa94-04c1-424b-9868-57a2d4851a1d" />
    <TestEntry testId="43197df3-7437-0ac0-2a16-3d7ff5077152" executionId="4ccbb2c7-2e5b-47d9-b73a-df2a581c0cb9" testListId="8c84fa94-04c1-424b-9868-57a2d4851a1d" />
    <TestEntry testId="6df617a3-480b-b950-cc83-439ce7b442c8" executionId="aa4498d7-9ecb-497a-b3dd-65546d4c22e7" testListId="8c84fa94-04c1-424b-9868-57a2d4851a1d" />
    <TestEntry testId="e4fc7a1f-da76-3fea-0cdd-b220789e02fa" executionId="07bdf6ef-9d3f-435a-b8e5-532ea3ed101c" testListId="8c84fa94-04c1-424b-9868-57a2d4851a1d" />
    <TestEntry testId="17a17d61-3693-4beb-a69c-da690ff6fcd4" executionId="9671ac1f-84d0-4ac1-af10-9a97c407079e" testListId="8c84fa94-04c1-424b-9868-57a2d4851a1d" />
    <TestEntry testId="b122f024-4d62-5fa9-117a-e786ca27ba96" executionId="6f419679-7840-4ddd-9759-1c98716a267d" testListId="8c84fa94-04c1-424b-9868-57a2d4851a1d" />
    <TestEntry testId="3def9f2b-e5b3-ad6a-4e4f-3569812f3ca2" executionId="6352213c-1069-4433-9e7a-b47616ddb147" testListId="8c84fa94-04c1-424b-9868-57a2d4851a1d" />
    <TestEntry testId="63bf71a7-1c76-c096-70d9-c487f1a1c964" executionId="19025ef5-fe39-492a-b693-b70be5e35236" testListId="8c84fa94-04c1-424b-9868-57a2d4851a1d" />
    <TestEntry testId="32be16a7-ee49-b10f-4c61-b754df927f5e" executionId="460f5667-c489-4f26-b37a-498b5b363a6d" testListId="8c84fa94-04c1-424b-9868-57a2d4851a1d" />
    <TestEntry testId="c3846fc0-2007-2b3f-c098-4deb9354cadc" executionId="2c7a2d36-1053-4f1d-9f58-9ef4657cda1c" testListId="8c84fa94-04c1-424b-9868-57a2d4851a1d" />
    <TestEntry testId="0ba0d8ee-e084-2fae-4304-de087e848ec3" executionId="9c9649be-3add-455f-b9ca-8a7b54d45a66" testListId="8c84fa94-04c1-424b-9868-57a2d4851a1d" />
    <TestEntry testId="4f5a6cc6-1969-6f9b-ec83-8d5bda87395f" executionId="578b5047-dccc-4191-b914-3c7f763c5249" testListId="8c84fa94-04c1-424b-9868-57a2d4851a1d" />
    <TestEntry testId="b50992fa-5125-9c48-09b0-58c5626cfd46" executionId="96a4f6ca-4409-4c65-bad6-91daba9e7191" testListId="8c84fa94-04c1-424b-9868-57a2d4851a1d" />
    <TestEntry testId="d46eeb73-e964-e08a-1fbd-08c1223b20cd" executionId="079a1206-d9df-485e-ae7d-f32ad6ac073e" testListId="8c84fa94-04c1-424b-9868-57a2d4851a1d" />
    <TestEntry testId="e63c8da7-36bc-0278-9da1-1f7a23301408" executionId="43b6114d-c18c-448d-9b36-7705cf3b0dec" testListId="8c84fa94-04c1-424b-9868-57a2d4851a1d" />
    <TestEntry testId="473a3c80-3ea8-a077-65a6-e1d2c4bcc082" executionId="3d7cb61a-c1e3-4433-8512-6a9761adc7ae" testListId="8c84fa94-04c1-424b-9868-57a2d4851a1d" />
    <TestEntry testId="ec079d06-2a8d-026f-a72e-697634a6ae4e" executionId="21727824-3056-4c9f-aa8b-8d1b9afc8c96" testListId="8c84fa94-04c1-424b-9868-57a2d4851a1d" />
    <TestEntry testId="00d7f6e7-1681-b470-5943-2b2a47f76c10" executionId="2d789015-15db-4f4e-b753-5d8d41912ae8" testListId="8c84fa94-04c1-424b-9868-57a2d4851a1d" />
    <TestEntry testId="d2484591-128b-24ef-8f52-6d83f7bc2c3f" executionId="e6881b7e-dd3e-41f9-8b19-a27eeaa2f6a8" testListId="8c84fa94-04c1-424b-9868-57a2d4851a1d" />
    <TestEntry testId="4f5a6cc6-1969-6f9b-ec83-8d5bda87395f" executionId="5a6dba2b-bebf-4acd-aee1-88edfdb75935" testListId="8c84fa94-04c1-424b-9868-57a2d4851a1d" />
    <TestEntry testId="87f4d9b7-2d7e-23c1-4003-883f358f7c2a" executionId="4c8ec41c-f9ec-4fc3-b610-534539eec21f" testListId="8c84fa94-04c1-424b-9868-57a2d4851a1d" />
    <TestEntry testId="c6010e29-17a3-a56b-9f48-27de2c404872" executionId="3edc008a-2bbb-4535-9bec-d74bb7a77ed5" testListId="8c84fa94-04c1-424b-9868-57a2d4851a1d" />
    <TestEntry testId="889e6f9b-0246-8302-3a49-afd2bfd230d1" executionId="16f37610-54f7-464c-a6c3-47d24b7f5a27" testListId="8c84fa94-04c1-424b-9868-57a2d4851a1d" />
    <TestEntry testId="207a906e-a774-4b05-3722-9a9c77877e13" executionId="42ed9726-a195-4974-9d84-b5deee13e43e" testListId="8c84fa94-04c1-424b-9868-57a2d4851a1d" />
    <TestEntry testId="2b2206f7-9187-eae9-c01f-3d3853c0ca71" executionId="c129a431-ab85-4bdc-8d7b-e084543bb98f" testListId="8c84fa94-04c1-424b-9868-57a2d4851a1d" />
    <TestEntry testId="889e6f9b-0246-8302-3a49-afd2bfd230d1" executionId="7a385c1f-5a05-4a01-80e0-fb5cc5f5888c" testListId="8c84fa94-04c1-424b-9868-57a2d4851a1d" />
    <TestEntry testId="18fa64fa-97ab-ff66-4700-6c977c6610be" executionId="374d11e7-b730-4d34-96b4-cbd17044e5ae" testListId="8c84fa94-04c1-424b-9868-57a2d4851a1d" />
    <TestEntry testId="4afd93b3-0dbd-977d-9326-df2e15851723" executionId="b2bc8ebf-2778-4739-a5bd-5a37bdfbc4ec" testListId="8c84fa94-04c1-424b-9868-57a2d4851a1d" />
    <TestEntry testId="9f9c6084-f03d-db9c-e06a-4171b07ef539" executionId="1b1a8606-8a92-4349-ab9b-6d2ef0a0034b" testListId="8c84fa94-04c1-424b-9868-57a2d4851a1d" />
    <TestEntry testId="f9f9c1a9-026b-519c-10d7-173536d70fa9" executionId="73c33f7e-8dd5-436f-a29d-73b5e510ae65" testListId="8c84fa94-04c1-424b-9868-57a2d4851a1d" />
    <TestEntry testId="5373f050-6135-5a6d-df4f-e2461319f873" executionId="4d498094-d0da-46c6-8688-bcd1ec86c0fb" testListId="8c84fa94-04c1-424b-9868-57a2d4851a1d" />
    <TestEntry testId="e7845d4a-9c88-9f03-59fc-c92a5ceeca9a" executionId="5e471d50-aee1-45bc-88de-72dec2165335" testListId="8c84fa94-04c1-424b-9868-57a2d4851a1d" />
    <TestEntry testId="0f7868bc-3682-bc6b-9f38-1769de49a115" executionId="69904ba8-6271-4d2d-be5a-f26afdb84d68" testListId="8c84fa94-04c1-424b-9868-57a2d4851a1d" />
    <TestEntry testId="32695111-f0d1-5117-1ea3-fba755aaec22" executionId="6a61a498-2a3b-4de1-8ab3-5a30d5eb81c1" testListId="8c84fa94-04c1-424b-9868-57a2d4851a1d" />
    <TestEntry testId="c7205d22-c981-88a1-80a2-12e8b7e19a0f" executionId="6b24f7c0-f700-47cd-9b68-92226fcc1dc3" testListId="8c84fa94-04c1-424b-9868-57a2d4851a1d" />
    <TestEntry testId="38622752-e42e-50b5-44f2-47149b16f855" executionId="668c1cc6-c0ea-4d13-ae31-7c9eadc8dbab" testListId="8c84fa94-04c1-424b-9868-57a2d4851a1d" />
    <TestEntry testId="6852fa0d-96bc-81d2-59b0-8e8004a5deb8" executionId="74274056-cfb4-43f9-a809-e6a589b5f9e7" testListId="8c84fa94-04c1-424b-9868-57a2d4851a1d" />
    <TestEntry testId="fa378fcf-ab9c-4481-d1e8-d9cef920ea0f" executionId="4c52343e-08ba-49cb-ac67-6b3c9e7340ad" testListId="8c84fa94-04c1-424b-9868-57a2d4851a1d" />
    <TestEntry testId="af815e99-2b63-05e9-7ea1-bfc6de0216ca" executionId="45a8cbc3-a1af-4ee1-94c0-041428ba607a" testListId="8c84fa94-04c1-424b-9868-57a2d4851a1d" />
    <TestEntry testId="5a59b2f7-dfbd-5ad9-04a9-ec8735995b0c" executionId="208103a9-e4a9-4c78-9910-4276be7193f2" testListId="8c84fa94-04c1-424b-9868-57a2d4851a1d" />
    <TestEntry testId="c3d62fdb-9f77-4aa5-0654-aae86222d252" executionId="bca38f1f-c1ab-4f4a-af00-6f716a349a84" testListId="8c84fa94-04c1-424b-9868-57a2d4851a1d" />
    <TestEntry testId="93cfa45e-50b0-604c-c09c-2e5001172962" executionId="3f7f74be-590c-434c-8f34-fcd934590455" testListId="8c84fa94-04c1-424b-9868-57a2d4851a1d" />
    <TestEntry testId="32a63d0f-1518-258d-79a6-5db3d0ff3aaa" executionId="5d70549e-dc2b-4b09-828e-9ae111b24d1c" testListId="8c84fa94-04c1-424b-9868-57a2d4851a1d" />
    <TestEntry testId="082e2d3a-9113-fbed-5f14-fb2a15bd14ea" executionId="11aa51f7-1743-4a01-86b0-aeeb6f831848" testListId="8c84fa94-04c1-424b-9868-57a2d4851a1d" />
    <TestEntry testId="494fe934-5722-db55-08f0-f3b411426110" executionId="d14aca09-20e1-48a2-b819-93cc635daaff" testListId="8c84fa94-04c1-424b-9868-57a2d4851a1d" />
    <TestEntry testId="014351e4-7bfa-ccb3-8272-e98f933a2890" executionId="33127f74-a2ac-49ac-8a16-020c48d55675" testListId="8c84fa94-04c1-424b-9868-57a2d4851a1d" />
    <TestEntry testId="a915ae1e-25c2-6917-da6e-07b0380337af" executionId="53f9357f-bf4b-4f8b-8a2c-40d722e47ccb" testListId="8c84fa94-04c1-424b-9868-57a2d4851a1d" />
    <TestEntry testId="bd21bf91-6772-b618-cf7a-086f9bcbb72d" executionId="532e103a-e7da-4a7c-8e4f-ef884441f19a" testListId="8c84fa94-04c1-424b-9868-57a2d4851a1d" />
    <TestEntry testId="d5a56717-e9ce-6498-18fd-77539cebf38b" executionId="7e8c2ae9-e1b9-4689-be68-17edc0f9029a" testListId="8c84fa94-04c1-424b-9868-57a2d4851a1d" />
    <TestEntry testId="4132f6e7-e401-244e-b327-d74900dc4106" executionId="1a6fc0ca-779c-4449-86df-830db666b996" testListId="8c84fa94-04c1-424b-9868-57a2d4851a1d" />
    <TestEntry testId="15835881-44f2-8459-7a5b-9f6f9e507bac" executionId="24d5c5f5-43d5-4846-b29b-7f8bd18c0574" testListId="8c84fa94-04c1-424b-9868-57a2d4851a1d" />
    <TestEntry testId="93cfa45e-50b0-604c-c09c-2e5001172962" executionId="f46f1616-59dd-4dfc-bb9f-a5ff135c14dd" testListId="8c84fa94-04c1-424b-9868-57a2d4851a1d" />
    <TestEntry testId="b76ba26d-44b3-e26c-27b8-2e42a199bd90" executionId="efba8da1-26c5-4fa3-9c1c-8ce3ab639dd8" testListId="8c84fa94-04c1-424b-9868-57a2d4851a1d" />
    <TestEntry testId="1d389ffb-2e11-5848-1632-d0c27e2b06c9" executionId="413f2cc3-838a-4364-ad15-b2ab809d5bd3" testListId="8c84fa94-04c1-424b-9868-57a2d4851a1d" />
    <TestEntry testId="8c34430d-d39b-8a75-da42-c94626fb3592" executionId="a08ba350-83fb-4f0f-a2a1-5c4fbe69b0bb" testListId="8c84fa94-04c1-424b-9868-57a2d4851a1d" />
    <TestEntry testId="3f988e2b-f56d-5783-b962-79eb401ba4b2" executionId="68324ba7-46e7-4877-a6b0-64bc4ad20a39" testListId="8c84fa94-04c1-424b-9868-57a2d4851a1d" />
    <TestEntry testId="24c04284-064f-8992-4640-f51fd7e9f897" executionId="47809a16-ace4-45c7-96fd-5cbffc3844c0" testListId="8c84fa94-04c1-424b-9868-57a2d4851a1d" />
    <TestEntry testId="753803f6-06be-eef0-d662-c5a41595644a" executionId="96d1f446-904f-4a3e-aae6-1dd8958adf21" testListId="8c84fa94-04c1-424b-9868-57a2d4851a1d" />
    <TestEntry testId="0ecdd210-0357-ae0e-cf0e-09be7386e5ed" executionId="334929c8-c645-4240-9f98-297cbe6c2803" testListId="8c84fa94-04c1-424b-9868-57a2d4851a1d" />
    <TestEntry testId="7e8832a1-6e32-0798-a936-7af59dafc611" executionId="5f6837c5-b9d3-4598-8bde-7c93d6435571" testListId="8c84fa94-04c1-424b-9868-57a2d4851a1d" />
    <TestEntry testId="a9ca7c6c-7750-96d8-7871-98f181c65f98" executionId="68ec0a31-305c-4632-b53f-5e748a7930ce" testListId="8c84fa94-04c1-424b-9868-57a2d4851a1d" />
    <TestEntry testId="7b78af51-a07c-4233-2f94-eac0ee2c6a72" executionId="dd57165d-c4c2-459d-87a1-eb1e0afef0cb" testListId="8c84fa94-04c1-424b-9868-57a2d4851a1d" />
    <TestEntry testId="f2ce5a84-ec77-f411-f0d1-52ef065f2825" executionId="e92a605b-8964-4283-91c5-0d8f98534ff6" testListId="8c84fa94-04c1-424b-9868-57a2d4851a1d" />
    <TestEntry testId="1e35a39e-d0e8-d4ab-bfb0-af910179f3e2" executionId="2ef0faae-d67b-4f3e-9c91-bd6faabc66f3" testListId="8c84fa94-04c1-424b-9868-57a2d4851a1d" />
    <TestEntry testId="ec443f4e-ff99-0070-b1f5-921b6a5a9db1" executionId="7c50e28d-30d8-47b7-8be4-32e3933f3f31" testListId="8c84fa94-04c1-424b-9868-57a2d4851a1d" />
    <TestEntry testId="9168d8da-a349-31dd-2b45-0a6d377d0f4c" executionId="2ad5a670-4883-45e9-9d23-bb9f1b3e59df" testListId="8c84fa94-04c1-424b-9868-57a2d4851a1d" />
    <TestEntry testId="0183fccb-d77a-a03a-5714-d0062038a2df" executionId="7a7ebe06-2131-4313-9c8a-b3f8419fa05b" testListId="8c84fa94-04c1-424b-9868-57a2d4851a1d" />
    <TestEntry testId="eb1887f2-99e8-2199-5e42-44d49a96c712" executionId="73640cc4-10bd-4634-bdaa-cf0a85a95aff" testListId="8c84fa94-04c1-424b-9868-57a2d4851a1d" />
    <TestEntry testId="ec2ada40-681f-61bd-0d28-7b6f8dc30809" executionId="9d628fb3-b760-4022-9be0-d596535fb8e3" testListId="8c84fa94-04c1-424b-9868-57a2d4851a1d" />
    <TestEntry testId="920313dd-dbe4-45e4-85c7-ced5e63d5d71" executionId="37785c99-05b6-4ce4-b73d-87fa8c604d05" testListId="8c84fa94-04c1-424b-9868-57a2d4851a1d" />
    <TestEntry testId="873ff879-5a57-44f1-cc90-acd6a24dbc43" executionId="05f449fe-2176-42a9-9f45-d74e3c7f7d65" testListId="8c84fa94-04c1-424b-9868-57a2d4851a1d" />
    <TestEntry testId="4f5a6cc6-1969-6f9b-ec83-8d5bda87395f" executionId="d145cb36-fddd-46df-95d1-e30d50a52594" testListId="8c84fa94-04c1-424b-9868-57a2d4851a1d" />
    <TestEntry testId="da34095a-4f48-fcf8-49d7-10ec99566230" executionId="4431c765-3daf-4603-93ae-1b1c329fa7f4" testListId="8c84fa94-04c1-424b-9868-57a2d4851a1d" />
    <TestEntry testId="12137ac2-48bd-a902-d16c-541fa106b158" executionId="719752d1-20cb-40d7-ab6a-7881c46337e8" testListId="8c84fa94-04c1-424b-9868-57a2d4851a1d" />
    <TestEntry testId="49e20756-5db1-2639-cc27-281c3d6c399d" executionId="1c7b5302-1c6c-47ce-abd2-170ba4b383a8" testListId="8c84fa94-04c1-424b-9868-57a2d4851a1d" />
    <TestEntry testId="b38a5a04-b6dd-2a0a-6408-c160def365f0" executionId="37422075-ab4c-4a7e-8a27-bc684db32329" testListId="8c84fa94-04c1-424b-9868-57a2d4851a1d" />
    <TestEntry testId="622f516f-ccbb-6e8c-01d1-b3762c647c4e" executionId="7b6394f0-0047-492a-a6c8-ae6be4f7eb54" testListId="8c84fa94-04c1-424b-9868-57a2d4851a1d" />
    <TestEntry testId="9eba4420-fab6-f18a-0c59-5d7c61d27948" executionId="8818374b-01ff-48e2-876a-64c408a3560f" testListId="8c84fa94-04c1-424b-9868-57a2d4851a1d" />
    <TestEntry testId="c4fabfc6-aea7-ce5f-c9bf-0e383b17ae93" executionId="e31241fa-0ad5-4523-9a81-81c892d6c3da" testListId="8c84fa94-04c1-424b-9868-57a2d4851a1d" />
    <TestEntry testId="91011207-5e68-cefc-db4a-1c463e66d00e" executionId="58bf1f02-f3bf-439a-a3d4-e1aa70ecf272" testListId="8c84fa94-04c1-424b-9868-57a2d4851a1d" />
    <TestEntry testId="b84beae9-8212-fbc1-9d19-d4118dca21e2" executionId="a5a574c3-7b5c-4e9b-89c4-07f8ee4774bc" testListId="8c84fa94-04c1-424b-9868-57a2d4851a1d" />
    <TestEntry testId="2ede7152-24c8-7202-fc29-669fff21e646" executionId="aedec684-7363-4b0e-a23d-b3f89c778c00" testListId="8c84fa94-04c1-424b-9868-57a2d4851a1d" />
    <TestEntry testId="3ce805ef-0df2-a3e6-ebeb-47289be70483" executionId="4fc7bae9-4242-4589-9b50-475e62079500" testListId="8c84fa94-04c1-424b-9868-57a2d4851a1d" />
    <TestEntry testId="019ddef2-79b7-3e6f-c319-8751953491cf" executionId="eff97d35-fdab-477f-bd77-e6294d23e204" testListId="8c84fa94-04c1-424b-9868-57a2d4851a1d" />
    <TestEntry testId="b2cdec7c-a312-2276-76f1-238abf52a1cd" executionId="179e7c1e-e342-42a4-badb-65a7b6553543" testListId="8c84fa94-04c1-424b-9868-57a2d4851a1d" />
    <TestEntry testId="e7442daf-39a2-9945-c85a-3f299df6b7ba" executionId="19272eba-9385-43a0-a9c8-63ae713354fa" testListId="8c84fa94-04c1-424b-9868-57a2d4851a1d" />
    <TestEntry testId="0f441947-64c0-3c8f-c58e-90fe1a065165" executionId="c111a4f9-0e23-4c77-ada8-bf651006737b" testListId="8c84fa94-04c1-424b-9868-57a2d4851a1d" />
    <TestEntry testId="70aed50b-f6e8-8391-d1ef-bd034c71575d" executionId="7bccb1ce-8075-4f49-872e-4e58994fcf52" testListId="8c84fa94-04c1-424b-9868-57a2d4851a1d" />
    <TestEntry testId="28b7f218-7471-42e4-aaa6-832342c6ecca" executionId="0accc8c4-d346-4eb9-92b7-f18f2bc9208c" testListId="8c84fa94-04c1-424b-9868-57a2d4851a1d" />
    <TestEntry testId="f0769189-46ba-dd7f-13e5-7e6afa6117a7" executionId="a5d07b0e-1a43-4107-b1b1-0005d3ef4483" testListId="8c84fa94-04c1-424b-9868-57a2d4851a1d" />
    <TestEntry testId="85443d53-4669-f0d4-0fb2-8edbb618f253" executionId="293b4d60-fcea-4f28-b380-5a2066920a46" testListId="8c84fa94-04c1-424b-9868-57a2d4851a1d" />
    <TestEntry testId="e8a747f9-6a0f-1c7f-4cda-994c6ff1eb58" executionId="a2eccff4-0ba7-47d4-b2f7-bd3830bade14" testListId="8c84fa94-04c1-424b-9868-57a2d4851a1d" />
    <TestEntry testId="cc5bbe87-bdd6-95f4-293a-8634b9585240" executionId="dcf13730-ec4a-43f8-84fa-d2e4436ee1e5" testListId="8c84fa94-04c1-424b-9868-57a2d4851a1d" />
    <TestEntry testId="fe25b75f-22e9-6a8f-5657-47130db3d928" executionId="f2ad7b6c-363e-4356-9a20-2813ecf16b20" testListId="8c84fa94-04c1-424b-9868-57a2d4851a1d" />
    <TestEntry testId="c2d60633-e143-4b6e-562f-197396df32c7" executionId="0977ed3a-6cde-49f1-ab8d-b1a180954a08" testListId="8c84fa94-04c1-424b-9868-57a2d4851a1d" />
    <TestEntry testId="d35acd00-2480-6a26-845c-4b07b64b1632" executionId="10f41e2a-c259-42b5-a346-def771261b9b" testListId="8c84fa94-04c1-424b-9868-57a2d4851a1d" />
    <TestEntry testId="b4580218-8da8-9647-793a-06cfab52bf03" executionId="1dcc8aae-366c-44ca-b232-57a38037e422" testListId="8c84fa94-04c1-424b-9868-57a2d4851a1d" />
    <TestEntry testId="8e8cb7e0-78e5-ded1-0e93-cda5bf51d581" executionId="a88e2f65-ce5f-485c-a0ce-8cfd455dcd21" testListId="8c84fa94-04c1-424b-9868-57a2d4851a1d" />
    <TestEntry testId="971a56ac-d06c-4071-e005-797f93846783" executionId="11feca6f-a33a-4bdb-b7b1-c12e05f08bf9" testListId="8c84fa94-04c1-424b-9868-57a2d4851a1d" />
    <TestEntry testId="dce055c4-2491-c727-d725-c728829ca56d" executionId="cd2b4709-35a7-4624-8ee7-42e8bcce9b4b" testListId="8c84fa94-04c1-424b-9868-57a2d4851a1d" />
    <TestEntry testId="45929646-9446-9747-d2c1-ef5315a080a9" executionId="3e8b36c9-0c7e-48ad-b8a4-67ac82942509" testListId="8c84fa94-04c1-424b-9868-57a2d4851a1d" />
    <TestEntry testId="7c229fdd-c6e1-ff68-c8ed-5a8c5da3638d" executionId="4349693f-ca94-4975-93b6-9ecad1a6093a" testListId="8c84fa94-04c1-424b-9868-57a2d4851a1d" />
    <TestEntry testId="d40e2701-458d-e2b9-f497-37927a0f0a85" executionId="97298d57-aa04-4f8f-bd1e-bfdd93a4eec9" testListId="8c84fa94-04c1-424b-9868-57a2d4851a1d" />
    <TestEntry testId="8b71f50e-ae38-d60f-498f-8315a9dbb08d" executionId="b93c0fd5-0499-49f2-8eaa-189b2fb60a95" testListId="8c84fa94-04c1-424b-9868-57a2d4851a1d" />
    <TestEntry testId="93cfa45e-50b0-604c-c09c-2e5001172962" executionId="cd4bd8b5-3833-48ff-8dda-c354635e78a5" testListId="8c84fa94-04c1-424b-9868-57a2d4851a1d" />
    <TestEntry testId="ce371133-7439-cc22-575e-2f8e96becb2d" executionId="1545800f-afa4-49e9-93dd-31e4236b72ea" testListId="8c84fa94-04c1-424b-9868-57a2d4851a1d" />
    <TestEntry testId="09bd1177-f0ac-b268-be1b-885ab1f4828a" executionId="b3eff410-cf6f-4a81-bd69-9601366f0a36" testListId="8c84fa94-04c1-424b-9868-57a2d4851a1d" />
    <TestEntry testId="3c28b699-7e42-a387-ebec-ae8f09e7595c" executionId="0331906e-e8a0-44c8-b792-cc1983c45a84" testListId="8c84fa94-04c1-424b-9868-57a2d4851a1d" />
    <TestEntry testId="66c4ec48-8b26-bd82-bdd3-8f0cd78ada77" executionId="0b7ea866-3618-4c1c-be61-623a80cfda20" testListId="8c84fa94-04c1-424b-9868-57a2d4851a1d" />
    <TestEntry testId="1c67d741-c9ce-dfc2-5f5a-2144a38e5ef7" executionId="df1840e9-eec7-487f-aa8b-27c604872452" testListId="8c84fa94-04c1-424b-9868-57a2d4851a1d" />
    <TestEntry testId="cb32f69f-efc6-c410-d588-b2c4340f8817" executionId="0556ad02-6b7c-4026-af1a-7c9d40c4610b" testListId="8c84fa94-04c1-424b-9868-57a2d4851a1d" />
    <TestEntry testId="492dace9-3b0a-d697-1385-c13f3d43e0e4" executionId="c3a0cbca-2348-4310-bbc9-b7497f0632e4" testListId="8c84fa94-04c1-424b-9868-57a2d4851a1d" />
    <TestEntry testId="05b4c97b-2e9a-ed5e-1129-08f3eee81585" executionId="9d00d4b2-2c93-4886-993c-416a36c078c5" testListId="8c84fa94-04c1-424b-9868-57a2d4851a1d" />
    <TestEntry testId="4f5a6cc6-1969-6f9b-ec83-8d5bda87395f" executionId="39f740c0-48eb-4a41-ac2b-81e048100c45" testListId="8c84fa94-04c1-424b-9868-57a2d4851a1d" />
    <TestEntry testId="c7b38266-3989-17e5-633a-0b7d19afb4c4" executionId="7b99515c-6121-47c8-a7a8-b46fbf4a2474" testListId="8c84fa94-04c1-424b-9868-57a2d4851a1d" />
    <TestEntry testId="363fcb95-f3be-f992-3fe9-9ea3d3b0fe13" executionId="09e12116-1f8e-404b-b21a-532ca94f2bf9" testListId="8c84fa94-04c1-424b-9868-57a2d4851a1d" />
    <TestEntry testId="b4bc320f-be69-44b8-e6e1-f7b7a62d2525" executionId="49ab5125-2c5b-4657-90e6-de9e2c744928" testListId="8c84fa94-04c1-424b-9868-57a2d4851a1d" />
    <TestEntry testId="85bf3866-403f-6cdd-9f23-280601254ec9" executionId="2c0b7326-335f-490c-bea3-05e9cfaaca9c" testListId="8c84fa94-04c1-424b-9868-57a2d4851a1d" />
    <TestEntry testId="b26e4236-793d-10b2-39ca-a954bf509a01" executionId="c071b21b-c737-4f00-976b-8c073fc2e607" testListId="8c84fa94-04c1-424b-9868-57a2d4851a1d" />
    <TestEntry testId="b15cbe91-1a7c-3e51-ee2d-df5d041497fc" executionId="c0b6a56d-9669-4bcd-ae00-4e7c2277dced" testListId="8c84fa94-04c1-424b-9868-57a2d4851a1d" />
    <TestEntry testId="c2a30588-211f-3067-d90d-ea2b0f188d42" executionId="7393d34a-7e43-4fbf-b6c0-3c3cd28accad" testListId="8c84fa94-04c1-424b-9868-57a2d4851a1d" />
    <TestEntry testId="25862255-ea15-c4b2-f192-75ff61711a25" executionId="60f3c85d-8011-4485-961b-3c6471f690d0" testListId="8c84fa94-04c1-424b-9868-57a2d4851a1d" />
    <TestEntry testId="4bfae0fd-12aa-8da0-8477-e5814b23f285" executionId="f8d7f4c2-45d5-417e-802c-2deaa8de4acb" testListId="8c84fa94-04c1-424b-9868-57a2d4851a1d" />
    <TestEntry testId="35fe19db-7a3f-051f-fc38-6b2b26be791d" executionId="0bdb575b-695a-4534-a30c-ca341d4b1b91" testListId="8c84fa94-04c1-424b-9868-57a2d4851a1d" />
    <TestEntry testId="5ae210e3-e23b-93eb-c3be-675944e83729" executionId="64a4b063-f42f-439a-9ac2-9e7a526ecb10" testListId="8c84fa94-04c1-424b-9868-57a2d4851a1d" />
    <TestEntry testId="a6c5fa75-cea3-5603-d1cb-2b654429ae90" executionId="78832fbe-8690-48bb-a6db-b6ae7aa16a86" testListId="8c84fa94-04c1-424b-9868-57a2d4851a1d" />
    <TestEntry testId="b2bc26c4-1fb2-72c6-2cd4-9ee8e92adced" executionId="772fff0f-233b-4dfe-a502-9b11a6127e6a" testListId="8c84fa94-04c1-424b-9868-57a2d4851a1d" />
    <TestEntry testId="889e6f9b-0246-8302-3a49-afd2bfd230d1" executionId="58016a4d-25a0-4de7-88b5-2bf1df072304" testListId="8c84fa94-04c1-424b-9868-57a2d4851a1d" />
    <TestEntry testId="79d67e59-7fbf-c07f-2150-4782871231d6" executionId="1e781ed8-104f-4a57-8faa-9b35fc735240" testListId="8c84fa94-04c1-424b-9868-57a2d4851a1d" />
    <TestEntry testId="6f78a48d-2ed9-1510-c50f-6e3222827d4c" executionId="693983ae-0144-4a0a-af89-3d76515a2e1f" testListId="8c84fa94-04c1-424b-9868-57a2d4851a1d" />
    <TestEntry testId="889e6f9b-0246-8302-3a49-afd2bfd230d1" executionId="cf2dbd44-47e0-47c6-9cfd-c7f80f435e92" testListId="8c84fa94-04c1-424b-9868-57a2d4851a1d" />
    <TestEntry testId="92c94542-374a-ed7f-ea63-7a7f6d274b7b" executionId="17eea6a0-f3a2-490e-a917-b7f0f8aa698d" testListId="8c84fa94-04c1-424b-9868-57a2d4851a1d" />
    <TestEntry testId="1289cca3-a43e-b970-cb00-89521f8436c8" executionId="79958361-9d7d-4e90-9ab0-19f1918361fa" testListId="8c84fa94-04c1-424b-9868-57a2d4851a1d" />
    <TestEntry testId="cb5ec61f-e221-b5b8-b0a1-1fc232a63b0f" executionId="b565354a-2a53-4f1e-8b67-7b23b996edeb" testListId="8c84fa94-04c1-424b-9868-57a2d4851a1d" />
    <TestEntry testId="25d2bd93-a823-6d38-10a4-14830854d44d" executionId="7ca83c1f-42e1-4c1d-9395-977aa68ce8fe" testListId="8c84fa94-04c1-424b-9868-57a2d4851a1d" />
    <TestEntry testId="889e6f9b-0246-8302-3a49-afd2bfd230d1" executionId="148c772d-e546-4181-a371-c41b9577c7f7" testListId="8c84fa94-04c1-424b-9868-57a2d4851a1d" />
    <TestEntry testId="23a0aadf-8602-0c4f-747c-73f2e22aefb8" executionId="df6c2a99-95ad-4c1c-8985-91de1ccd6cdc" testListId="8c84fa94-04c1-424b-9868-57a2d4851a1d" />
    <TestEntry testId="e10bc392-ff62-30ee-5e25-68f07f7ccdfb" executionId="188ea524-aeb4-42ae-aeda-ac59c112bad8" testListId="8c84fa94-04c1-424b-9868-57a2d4851a1d" />
    <TestEntry testId="dac6b22d-9d2e-9a3d-f7af-5d832c196a8d" executionId="63d4c43d-ce29-4357-8a6a-4ac98214537d" testListId="8c84fa94-04c1-424b-9868-57a2d4851a1d" />
    <TestEntry testId="12da9981-a027-e01f-77a5-00298def904b" executionId="344633da-0e04-4391-b66f-32c6f16c7e59" testListId="8c84fa94-04c1-424b-9868-57a2d4851a1d" />
    <TestEntry testId="5007d108-09c8-61e4-2444-dd302e15e3e9" executionId="dc5398fc-590b-4dd0-b905-f2ffbdac6618" testListId="8c84fa94-04c1-424b-9868-57a2d4851a1d" />
    <TestEntry testId="db4ea747-3596-9bab-adc1-387fe867531d" executionId="cd699dd9-d519-427d-8a78-4286011e4e61" testListId="8c84fa94-04c1-424b-9868-57a2d4851a1d" />
    <TestEntry testId="3e1add04-de3f-c9f0-b251-36e0ce7c9141" executionId="bc076d57-168f-4f66-871b-5720549e5445" testListId="8c84fa94-04c1-424b-9868-57a2d4851a1d" />
    <TestEntry testId="889e6f9b-0246-8302-3a49-afd2bfd230d1" executionId="e8f3d384-4dec-43c1-9529-74116b681f51" testListId="8c84fa94-04c1-424b-9868-57a2d4851a1d" />
    <TestEntry testId="d3785e46-fff2-840c-edea-a1fef358fc3e" executionId="2e29cc21-c273-43c2-9316-10f7fe136b3e" testListId="8c84fa94-04c1-424b-9868-57a2d4851a1d" />
    <TestEntry testId="670ae904-55a3-8185-fd54-c63dd045f796" executionId="fe3abe0f-e538-467a-b1e0-e0e04c9aff20" testListId="8c84fa94-04c1-424b-9868-57a2d4851a1d" />
    <TestEntry testId="42b682b6-b6d6-d89b-7937-0116f3c39906" executionId="3427bb21-8885-4dfb-bd03-599c4db175a0" testListId="8c84fa94-04c1-424b-9868-57a2d4851a1d" />
    <TestEntry testId="6ae30df7-1365-ca5c-775a-88da868b4325" executionId="8fea8644-83f8-4ebe-808b-0b137696e16b" testListId="8c84fa94-04c1-424b-9868-57a2d4851a1d" />
    <TestEntry testId="4c4d8ff2-30d2-4a6d-00b2-cb966c21c095" executionId="741c633d-2c70-44b1-9b47-88e556bfb54f" testListId="8c84fa94-04c1-424b-9868-57a2d4851a1d" />
    <TestEntry testId="edfabe8d-87a1-c5f6-b625-f078fdcb2be5" executionId="35545df2-a16a-4871-baea-27b5c3e44d5d" testListId="8c84fa94-04c1-424b-9868-57a2d4851a1d" />
    <TestEntry testId="21d411b8-728d-403f-1163-65295fe6c37a" executionId="80e67b0e-147f-4fcc-a5c4-0b5cb505a89d" testListId="8c84fa94-04c1-424b-9868-57a2d4851a1d" />
    <TestEntry testId="5de2ac4a-ce20-5c4a-e02b-66d9452032da" executionId="646e0a80-4acf-4a5e-b45d-9bc5f2a4110c" testListId="8c84fa94-04c1-424b-9868-57a2d4851a1d" />
    <TestEntry testId="0dd32194-079f-14b9-f79d-a47e9b479a8d" executionId="51d59b2a-bca7-443c-bb29-6200d21fb40f" testListId="8c84fa94-04c1-424b-9868-57a2d4851a1d" />
    <TestEntry testId="4718eeb0-d826-53ff-d747-fb40212f3413" executionId="e9afe4da-9619-4a1d-8ba1-7bd3b0ac6a5b" testListId="8c84fa94-04c1-424b-9868-57a2d4851a1d" />
    <TestEntry testId="76f95199-b523-5f95-e287-8c3c372bacef" executionId="30777991-c348-47ee-acc6-7094a6c88d3c" testListId="8c84fa94-04c1-424b-9868-57a2d4851a1d" />
    <TestEntry testId="32d31b65-fa07-6661-d591-50910694ecd1" executionId="2d56982e-40a2-4b85-a357-0203d83c1dc1" testListId="8c84fa94-04c1-424b-9868-57a2d4851a1d" />
    <TestEntry testId="3e5751fd-bef9-cbe8-22ed-24370fbfaf62" executionId="0b55d85b-fe66-4ff6-8283-038cb05190a1" testListId="8c84fa94-04c1-424b-9868-57a2d4851a1d" />
    <TestEntry testId="2ef36e24-191a-4027-ef03-9d31e948af8b" executionId="c2e6332a-6a25-4f46-9cec-cba34e14a767" testListId="8c84fa94-04c1-424b-9868-57a2d4851a1d" />
    <TestEntry testId="3f520ac0-c8cd-5212-c1e5-a71c6ce7b1d8" executionId="1924a981-ab16-41aa-ab96-2a7ebcfc3bc8" testListId="8c84fa94-04c1-424b-9868-57a2d4851a1d" />
    <TestEntry testId="ec55700f-d34f-7d48-8c52-a5a7d96f3059" executionId="09cd39ac-b95d-498f-9049-d7a79886b132" testListId="8c84fa94-04c1-424b-9868-57a2d4851a1d" />
    <TestEntry testId="999969fd-2340-af1e-c41b-51a612d4b506" executionId="09ee561b-b7a7-438e-a928-2bef5a396eee" testListId="8c84fa94-04c1-424b-9868-57a2d4851a1d" />
    <TestEntry testId="2676003b-16e9-f7dd-6bd4-b590eaeb20a6" executionId="e0fdfc91-2b2a-4292-a086-637687208460" testListId="8c84fa94-04c1-424b-9868-57a2d4851a1d" />
    <TestEntry testId="e9cda017-59c6-0e25-c577-52365991f63e" executionId="94cf3dbc-d8ea-405e-a214-db428d9b0656" testListId="8c84fa94-04c1-424b-9868-57a2d4851a1d" />
    <TestEntry testId="56a56574-d434-69ef-6d61-031b81bda2e8" executionId="333a2838-e1cd-4a61-b0cf-0522534c13d1" testListId="8c84fa94-04c1-424b-9868-57a2d4851a1d" />
    <TestEntry testId="a299b8f6-2b36-89aa-132a-c0c17bb7acb2" executionId="a03f625e-cd02-443a-850f-32e258deeff8" testListId="8c84fa94-04c1-424b-9868-57a2d4851a1d" />
    <TestEntry testId="93cfa45e-50b0-604c-c09c-2e5001172962" executionId="a2e20f17-bf46-4599-b6f4-880318943dd5" testListId="8c84fa94-04c1-424b-9868-57a2d4851a1d" />
    <TestEntry testId="6e8e25c7-63cf-5e6a-6ab4-b39d8c6c18f8" executionId="9633942f-2caf-490a-a7b9-ea60d292db93" testListId="8c84fa94-04c1-424b-9868-57a2d4851a1d" />
    <TestEntry testId="06cbdd2b-1fec-3c68-def1-b3f41187d09c" executionId="fbf09534-b257-4dca-8944-57fc4ccaa997" testListId="8c84fa94-04c1-424b-9868-57a2d4851a1d" />
    <TestEntry testId="0183fccb-d77a-a03a-5714-d0062038a2df" executionId="6f1932ea-d1de-4c31-ad37-d89e455625d1" testListId="8c84fa94-04c1-424b-9868-57a2d4851a1d" />
    <TestEntry testId="ed61d1f5-ecc7-8188-17ce-af4246429e4f" executionId="d89db832-4342-4283-87ed-191d014a8abc" testListId="8c84fa94-04c1-424b-9868-57a2d4851a1d" />
    <TestEntry testId="2abf9b7c-9eea-ba2a-86cb-c537064ec32e" executionId="eb6d2d10-d625-4912-9cfe-cc2c63045d24" testListId="8c84fa94-04c1-424b-9868-57a2d4851a1d" />
    <TestEntry testId="701b9407-2bc9-d9c2-65dd-033db64cd63b" executionId="76dc5b1c-5490-4461-8e96-afad96c99636" testListId="8c84fa94-04c1-424b-9868-57a2d4851a1d" />
    <TestEntry testId="94fdd69e-99e9-224e-c61d-362311610dbb" executionId="43275fca-d87c-44b9-bcfa-0e33feaa02e2" testListId="8c84fa94-04c1-424b-9868-57a2d4851a1d" />
    <TestEntry testId="eb1887f2-99e8-2199-5e42-44d49a96c712" executionId="12304b57-6f91-4e03-84b5-335d949ddff7" testListId="8c84fa94-04c1-424b-9868-57a2d4851a1d" />
    <TestEntry testId="f11c9c08-493c-8d49-9530-a630d17cabb2" executionId="b98a4be9-06fe-4e81-b3a6-d467d55d77b9" testListId="8c84fa94-04c1-424b-9868-57a2d4851a1d" />
    <TestEntry testId="acc53fd7-cdff-7f0e-a754-d76e03bf679b" executionId="b609b0fa-cc76-4181-abdd-afe4fb559036" testListId="8c84fa94-04c1-424b-9868-57a2d4851a1d" />
    <TestEntry testId="a4e9e6d8-4075-3279-3fca-8bde89c4eb77" executionId="05108fc4-54b2-4baf-afb2-166f342f5620" testListId="8c84fa94-04c1-424b-9868-57a2d4851a1d" />
    <TestEntry testId="bf64ab71-1c25-b603-8586-eaa6f35927ac" executionId="faf01292-4145-4ccf-9f26-9c8d9077c17c" testListId="8c84fa94-04c1-424b-9868-57a2d4851a1d" />
    <TestEntry testId="2bce7dd0-b1a6-dec2-bec3-b5fa8c6f5870" executionId="5342eeb6-4cd0-4ac6-a46d-641740583110" testListId="8c84fa94-04c1-424b-9868-57a2d4851a1d" />
    <TestEntry testId="4a1359fc-72ed-3e9b-62c1-570e98338ddd" executionId="0f807f54-a950-4735-a446-33f363c796ce" testListId="8c84fa94-04c1-424b-9868-57a2d4851a1d" />
    <TestEntry testId="d58e1e3b-9c5e-8d57-a411-37f659ceb48c" executionId="fe049671-a5a2-4514-a4f0-2d7b6d30c78f" testListId="8c84fa94-04c1-424b-9868-57a2d4851a1d" />
    <TestEntry testId="c161378b-642a-f85a-4142-ed10deeef57b" executionId="9292e9a8-49c3-4609-8f3d-28ea5ada50fc" testListId="8c84fa94-04c1-424b-9868-57a2d4851a1d" />
    <TestEntry testId="2c26c12f-3ca5-522d-9529-d126717062be" executionId="580ca224-85ff-4b49-b5e7-a57eda18f856" testListId="8c84fa94-04c1-424b-9868-57a2d4851a1d" />
    <TestEntry testId="23e33eef-24b9-2a18-0758-b3fa92dab418" executionId="70ed70d0-e3bd-43a5-bb23-3b86cbcbfc67" testListId="8c84fa94-04c1-424b-9868-57a2d4851a1d" />
    <TestEntry testId="efa8a8ad-4c39-271b-053b-041e97cad04b" executionId="0ef331b5-63ee-4b62-aec5-4cc8a4a22920" testListId="8c84fa94-04c1-424b-9868-57a2d4851a1d" />
    <TestEntry testId="2295bf5f-54b2-7009-b249-bb8ff450a189" executionId="eaeb71a6-d0b0-43b2-ad45-985960fa1bf1" testListId="8c84fa94-04c1-424b-9868-57a2d4851a1d" />
    <TestEntry testId="4edce983-a8ad-5e6e-4f80-9784107f39d4" executionId="856b8cc5-0169-422d-b423-41c580dcd34b" testListId="8c84fa94-04c1-424b-9868-57a2d4851a1d" />
    <TestEntry testId="13a66c9f-2eb4-db3a-7de2-27ae71a16c10" executionId="9c5ac0e5-0824-4c53-872b-528d9cd8c9b9" testListId="8c84fa94-04c1-424b-9868-57a2d4851a1d" />
    <TestEntry testId="889e6f9b-0246-8302-3a49-afd2bfd230d1" executionId="3596d960-b449-4090-a032-d9574b2cab8e" testListId="8c84fa94-04c1-424b-9868-57a2d4851a1d" />
    <TestEntry testId="d5541448-b537-d06e-8c14-f0a217384950" executionId="d5d6737e-69ae-41a1-acf2-c9ee73c2bfa9" testListId="8c84fa94-04c1-424b-9868-57a2d4851a1d" />
    <TestEntry testId="3675eaec-c59e-9a8e-9bcb-78e436b9d77d" executionId="ccbcb339-fba4-49c0-bfec-2d0bfe687958" testListId="8c84fa94-04c1-424b-9868-57a2d4851a1d" />
    <TestEntry testId="55d780a0-2673-7fac-c57d-1246cf3e308f" executionId="aa746722-e827-4a21-a8bb-e8f1675e4dac" testListId="8c84fa94-04c1-424b-9868-57a2d4851a1d" />
    <TestEntry testId="4914b9f0-e8f8-58ce-422e-a75ec7ab88aa" executionId="8d94f685-ba99-4c16-9f1d-8a898d19b77d" testListId="8c84fa94-04c1-424b-9868-57a2d4851a1d" />
    <TestEntry testId="8a8a5963-5d44-f88c-9732-1f2ad3922525" executionId="96635dae-03e4-417a-a8e1-50ab682457a6" testListId="8c84fa94-04c1-424b-9868-57a2d4851a1d" />
    <TestEntry testId="453ac4b1-ff13-2691-3fe8-455ba35d7332" executionId="b20d7e9a-47a4-4d34-beb4-46bdaaff7528" testListId="8c84fa94-04c1-424b-9868-57a2d4851a1d" />
    <TestEntry testId="a3257af4-4d9b-2be4-9396-cdf188ad3e8d" executionId="bb26bd44-e91b-4df7-956f-f206b02803f3" testListId="8c84fa94-04c1-424b-9868-57a2d4851a1d" />
    <TestEntry testId="035b8cee-9291-e6da-9b8e-5ead340080fc" executionId="cb85320e-859e-4b2f-9cf5-55e0feff2ce9" testListId="8c84fa94-04c1-424b-9868-57a2d4851a1d" />
    <TestEntry testId="2fbd5cb9-8d43-e652-c6c4-785c5c4ad1d3" executionId="8c65cb21-957a-4b4b-9f6e-8a80ea8e63b9" testListId="8c84fa94-04c1-424b-9868-57a2d4851a1d" />
    <TestEntry testId="bfb5848e-8f53-4c56-005c-ad410f1cc5e2" executionId="c3f91a43-adec-42ab-b97f-407175cb4f7a" testListId="8c84fa94-04c1-424b-9868-57a2d4851a1d" />
    <TestEntry testId="a864dae9-9a72-ae9f-08f5-8d9ce3da9877" executionId="3bf33843-f5a9-4ef3-bd01-9a90fbec7dad" testListId="8c84fa94-04c1-424b-9868-57a2d4851a1d" />
    <TestEntry testId="c279d0aa-a1e8-5fbf-52c3-2919c88fb82e" executionId="668c1f2c-a6c9-4287-84d6-f46770090ffc" testListId="8c84fa94-04c1-424b-9868-57a2d4851a1d" />
    <TestEntry testId="60f49aec-c5b4-99ea-1acb-b873f5055301" executionId="c2bf2ab3-b3e8-43e9-9ec3-43ff2f75c5f7" testListId="8c84fa94-04c1-424b-9868-57a2d4851a1d" />
    <TestEntry testId="86e63197-ee39-e9eb-fea5-38017d6dea21" executionId="362ac4bb-a015-4d7a-890f-d0f9351faf5f" testListId="8c84fa94-04c1-424b-9868-57a2d4851a1d" />
    <TestEntry testId="554bc2dc-5683-0353-ab18-b38abe873c7a" executionId="2c790b65-4291-4f9f-9dea-a1a81bb862c2" testListId="8c84fa94-04c1-424b-9868-57a2d4851a1d" />
    <TestEntry testId="454ee311-5500-61f0-bfbf-eb31f090e7db" executionId="bf8b79f2-e3fc-4532-8af3-e8ccf3abf8c9" testListId="8c84fa94-04c1-424b-9868-57a2d4851a1d" />
    <TestEntry testId="0527f1d7-19e5-cacc-4c2f-9cf02e02d316" executionId="557b7b17-f9ea-4aa7-b6d5-b4a7127f55b9" testListId="8c84fa94-04c1-424b-9868-57a2d4851a1d" />
    <TestEntry testId="3abf4ce5-5742-a81f-318e-c7a4efd05d94" executionId="2853dfd1-dbbf-409a-9ba0-2fed7ef603fb" testListId="8c84fa94-04c1-424b-9868-57a2d4851a1d" />
    <TestEntry testId="4122a9f9-946d-6675-5b2d-e3d415694cb1" executionId="5008cd1f-f165-4b9e-8893-c104e911bc50" testListId="8c84fa94-04c1-424b-9868-57a2d4851a1d" />
    <TestEntry testId="6d4dcff1-e71e-7eba-b747-dc0d28b69028" executionId="c8fa72fe-c107-4264-8e10-09ce193f0506" testListId="8c84fa94-04c1-424b-9868-57a2d4851a1d" />
    <TestEntry testId="d798ebf8-5eb5-d224-24ef-355e17a6ee53" executionId="10d75366-306f-4180-adc2-08dc3ffed7a0" testListId="8c84fa94-04c1-424b-9868-57a2d4851a1d" />
    <TestEntry testId="d839e357-7c87-cc97-99c7-06808fbc4ba9" executionId="3bd0f95a-326c-4985-83f9-53d928038423" testListId="8c84fa94-04c1-424b-9868-57a2d4851a1d" />
    <TestEntry testId="d317f81f-bce9-b89e-fa54-8643b71e0922" executionId="fca7a6cf-548e-45e9-83f6-a5e0663cc9bc" testListId="8c84fa94-04c1-424b-9868-57a2d4851a1d" />
    <TestEntry testId="2e73cdd6-5f0d-f8db-f31d-394aad188358" executionId="1de1875f-98fc-4400-8c66-cf2f534e1714" testListId="8c84fa94-04c1-424b-9868-57a2d4851a1d" />
    <TestEntry testId="7be300ea-073a-38be-afa7-93ec42c13925" executionId="cd4f6de9-ac1d-4e2f-b0bd-ffa9cd90d6b6" testListId="8c84fa94-04c1-424b-9868-57a2d4851a1d" />
    <TestEntry testId="2b0d43ee-5a30-eeab-0382-8a8c5d521a0a" executionId="5e1ba2e1-f0bf-4b66-a891-7b110b53a618" testListId="8c84fa94-04c1-424b-9868-57a2d4851a1d" />
    <TestEntry testId="8a308586-3301-ed69-850b-aa82f3858b75" executionId="9ed29619-c632-4ebb-b25f-551c7e76d37a" testListId="8c84fa94-04c1-424b-9868-57a2d4851a1d" />
    <TestEntry testId="fd525cc0-7096-f2ae-e8d9-24ea20fe7cfe" executionId="0e3ba43b-126a-43f8-8cb0-ea1791caf011" testListId="8c84fa94-04c1-424b-9868-57a2d4851a1d" />
    <TestEntry testId="2f335b89-37f3-f36a-5c93-c7b3e39d8a38" executionId="8f5289cf-03f3-46bd-907a-4a8ad33f8726" testListId="8c84fa94-04c1-424b-9868-57a2d4851a1d" />
    <TestEntry testId="e407b8a0-22ba-2a63-6c33-cfdfd1359996" executionId="f943fe95-70ef-42bb-b7bd-ce8c9728329c" testListId="8c84fa94-04c1-424b-9868-57a2d4851a1d" />
    <TestEntry testId="c910e7ec-42ca-2065-e546-d4cce50c61f4" executionId="bb2aec7e-31b9-4913-bc0e-fc94d816f7a4" testListId="8c84fa94-04c1-424b-9868-57a2d4851a1d" />
    <TestEntry testId="b09ec01e-490e-3eea-658f-8b98c142e321" executionId="b5dd5012-9c7f-4c8d-8b00-cd1da368cefb" testListId="8c84fa94-04c1-424b-9868-57a2d4851a1d" />
    <TestEntry testId="7a650886-b796-7794-1000-8b637771079b" executionId="43df3da8-7d41-4543-903f-a6ff652f4890" testListId="8c84fa94-04c1-424b-9868-57a2d4851a1d" />
    <TestEntry testId="37c2b8ed-5307-fd14-fb78-5826ba25894d" executionId="e5f6d6fe-6798-45db-b1c5-e439abb1f3fc" testListId="8c84fa94-04c1-424b-9868-57a2d4851a1d" />
    <TestEntry testId="93219c7c-8c54-78f0-c93d-da4407676ef0" executionId="9d0eda9a-711a-4cd7-890d-1f378155c7f5" testListId="8c84fa94-04c1-424b-9868-57a2d4851a1d" />
    <TestEntry testId="bca552ad-4711-dd0b-15ca-0ec01c5a338b" executionId="a04fc0e4-3c5d-4be1-9fb3-c0fef5c8b137" testListId="8c84fa94-04c1-424b-9868-57a2d4851a1d" />
    <TestEntry testId="5be0f320-a152-b431-cfb2-bf34547301b1" executionId="0bcd6cb6-1cab-4db5-9870-9bdb871d25e5" testListId="8c84fa94-04c1-424b-9868-57a2d4851a1d" />
    <TestEntry testId="89eca625-e205-1852-94e5-9163f58047b8" executionId="ab9f1664-59b1-4d89-a340-febf3fc7e061" testListId="8c84fa94-04c1-424b-9868-57a2d4851a1d" />
    <TestEntry testId="8077f55b-866c-8b6a-e210-2bf14ffef320" executionId="7adf9945-477b-4f19-bb66-4e02c18666bd" testListId="8c84fa94-04c1-424b-9868-57a2d4851a1d" />
    <TestEntry testId="1fc6513f-0401-0907-ea53-a69e52aa54a2" executionId="a4be68f8-6073-445c-a154-85550c1945db" testListId="8c84fa94-04c1-424b-9868-57a2d4851a1d" />
    <TestEntry testId="eb1887f2-99e8-2199-5e42-44d49a96c712" executionId="81a67ea0-179e-48ee-a473-f6779ec76456" testListId="8c84fa94-04c1-424b-9868-57a2d4851a1d" />
    <TestEntry testId="65be61bd-48d1-7d05-8d35-0ef84b0e73f8" executionId="7fd063fc-fa54-4e24-963b-c065004d231d" testListId="8c84fa94-04c1-424b-9868-57a2d4851a1d" />
    <TestEntry testId="b4f75590-92df-872c-f70b-31c329cd70f3" executionId="1d1adf51-adb1-41f4-99ab-71443050e277" testListId="8c84fa94-04c1-424b-9868-57a2d4851a1d" />
    <TestEntry testId="51fba3e8-b429-1223-77b1-e3bb21414eed" executionId="06d90e48-2148-4a1b-91fc-06deed59270b" testListId="8c84fa94-04c1-424b-9868-57a2d4851a1d" />
    <TestEntry testId="064adfe8-7f74-1859-2ce4-4280d3e48d69" executionId="507652f1-0ad4-4649-b3e2-77c29b8ff088" testListId="8c84fa94-04c1-424b-9868-57a2d4851a1d" />
    <TestEntry testId="2e898c72-c1a3-bc6e-005d-827c55556ffd" executionId="7799b06c-ef9c-466c-9b6e-7f07259ed47a" testListId="8c84fa94-04c1-424b-9868-57a2d4851a1d" />
    <TestEntry testId="dcdbc362-f707-20d9-792c-fa37630f61d4" executionId="68ec79ff-f493-424b-ac18-71b0735f3837" testListId="8c84fa94-04c1-424b-9868-57a2d4851a1d" />
    <TestEntry testId="ebac9683-6a2b-566e-3770-780405485cc2" executionId="937cf82a-1a83-4394-8427-2a4a049e960d" testListId="8c84fa94-04c1-424b-9868-57a2d4851a1d" />
    <TestEntry testId="4b49fa3b-9e0e-e541-f50c-ee289c4e0302" executionId="962e96a4-35c3-40fa-8df7-12630a1068aa" testListId="8c84fa94-04c1-424b-9868-57a2d4851a1d" />
    <TestEntry testId="1b1c617e-e8c3-892a-0a73-9823ff0526e1" executionId="c1b07c54-9509-493c-883c-4e9469889e55" testListId="8c84fa94-04c1-424b-9868-57a2d4851a1d" />
    <TestEntry testId="5733c725-74f6-0e64-1c02-0d0e954418ad" executionId="72153dc7-e53e-41ef-a74a-d54c8d0cbe8d" testListId="8c84fa94-04c1-424b-9868-57a2d4851a1d" />
    <TestEntry testId="2191f6dd-5015-945f-601a-a7b0a8fde314" executionId="1187851e-9460-4dee-8ceb-1b8d47638e35" testListId="8c84fa94-04c1-424b-9868-57a2d4851a1d" />
    <TestEntry testId="7710bff0-8d19-9987-cfcb-d6d3fac71252" executionId="6544b432-53d9-4a21-a7bd-3e5b59cc7c7e" testListId="8c84fa94-04c1-424b-9868-57a2d4851a1d" />
    <TestEntry testId="d9266e78-bee1-2a29-f233-9658bb6cbdf0" executionId="55f3e316-8597-4693-a1d7-06947e0a77c3" testListId="8c84fa94-04c1-424b-9868-57a2d4851a1d" />
    <TestEntry testId="5a0d5dfe-96bc-4a66-bdea-1ea02d9e96dd" executionId="39bd7e5c-5ec7-48df-970a-1376419c8bba" testListId="8c84fa94-04c1-424b-9868-57a2d4851a1d" />
    <TestEntry testId="e1a480f7-1879-820c-92c7-55ac426d0357" executionId="62564c3c-ec46-47c6-be1d-54b730405c69" testListId="8c84fa94-04c1-424b-9868-57a2d4851a1d" />
    <TestEntry testId="5079d3fc-6790-cdcd-e37e-18fc2e9b3433" executionId="a2e58a5a-85a6-44c4-be67-11c44343590d" testListId="8c84fa94-04c1-424b-9868-57a2d4851a1d" />
    <TestEntry testId="93cfa45e-50b0-604c-c09c-2e5001172962" executionId="2edec92a-f7ab-444e-9b72-532438a322bb" testListId="8c84fa94-04c1-424b-9868-57a2d4851a1d" />
    <TestEntry testId="4960d619-9637-97cb-79a8-c27b6f1b58a2" executionId="eed92a91-9af1-474e-9be0-f28f1f48cf77" testListId="8c84fa94-04c1-424b-9868-57a2d4851a1d" />
    <TestEntry testId="8a8d9965-d9e6-321a-030d-efcea28da45a" executionId="a082646f-5c3e-4ecc-83b5-a2163037fbd1" testListId="8c84fa94-04c1-424b-9868-57a2d4851a1d" />
    <TestEntry testId="18d87a86-c288-0d65-b334-9ae3feb83fd4" executionId="dabfd5d7-8a0e-4f11-9365-9b4ab3d8707c" testListId="8c84fa94-04c1-424b-9868-57a2d4851a1d" />
    <TestEntry testId="aad812c8-11ae-299e-c062-2f91c6e51f5b" executionId="61fe2f99-19dd-4b12-b6e4-d924dc5db8a2" testListId="8c84fa94-04c1-424b-9868-57a2d4851a1d" />
    <TestEntry testId="09390f4d-0b0d-dc1c-1268-43edcd861ff3" executionId="484b690d-bf79-44b2-98a8-45dc1606bbfd" testListId="8c84fa94-04c1-424b-9868-57a2d4851a1d" />
    <TestEntry testId="6f4eb697-3e07-ede3-abd7-09e7ac68274c" executionId="c74755d8-3f85-4243-b9f0-9b6d4554a050" testListId="8c84fa94-04c1-424b-9868-57a2d4851a1d" />
    <TestEntry testId="7441f6f9-bcec-0df2-f536-62b5e6253144" executionId="b63ced66-ac5d-427b-acf9-333879fcbca5" testListId="8c84fa94-04c1-424b-9868-57a2d4851a1d" />
    <TestEntry testId="8bed271a-762f-7749-24bd-471c01a4f81b" executionId="e133ebba-205e-407d-8b7b-10741e2b5d4a" testListId="8c84fa94-04c1-424b-9868-57a2d4851a1d" />
    <TestEntry testId="c6ece820-8868-fea0-1530-fea93176d268" executionId="c8f38249-1dc6-4ed0-8e65-a7e88c6cb330" testListId="8c84fa94-04c1-424b-9868-57a2d4851a1d" />
    <TestEntry testId="483bd5d1-7e4f-66ba-7653-fe651ec19642" executionId="6daf8409-1335-4115-88df-fb470b1f0de9" testListId="8c84fa94-04c1-424b-9868-57a2d4851a1d" />
    <TestEntry testId="7c38c405-6200-5a1a-0fda-e13867787aa4" executionId="6caf8e81-ec90-409d-96bd-540a799f3eaf" testListId="8c84fa94-04c1-424b-9868-57a2d4851a1d" />
    <TestEntry testId="eb1887f2-99e8-2199-5e42-44d49a96c712" executionId="07494a35-a6a3-4012-9c0a-9f6b52d3977f" testListId="8c84fa94-04c1-424b-9868-57a2d4851a1d" />
    <TestEntry testId="f9dbaf2d-8319-3cb6-d10e-e8e4da1e14d6" executionId="3c2ee413-4e09-4d54-a0b4-e81aac4caad1" testListId="8c84fa94-04c1-424b-9868-57a2d4851a1d" />
    <TestEntry testId="f92c6b6d-e73e-777e-805f-32a982387f8e" executionId="14623121-fe81-4a9c-ac95-1ebcb396d7e1" testListId="8c84fa94-04c1-424b-9868-57a2d4851a1d" />
    <TestEntry testId="d7da64a4-55b6-ed43-be57-9d181f7abde0" executionId="af7bd6bd-9c92-430f-8d84-d90ab9d21d9b" testListId="8c84fa94-04c1-424b-9868-57a2d4851a1d" />
    <TestEntry testId="36459205-3fff-99ea-a8bb-b5596965c4e0" executionId="00a18af1-993c-482f-9fd0-a1cd77db65a8" testListId="8c84fa94-04c1-424b-9868-57a2d4851a1d" />
    <TestEntry testId="4f5a6cc6-1969-6f9b-ec83-8d5bda87395f" executionId="4301a9a6-cdca-4d60-931b-32218c471e92" testListId="8c84fa94-04c1-424b-9868-57a2d4851a1d" />
    <TestEntry testId="3d1bcbae-e51f-a190-3e37-f7e57c802225" executionId="23a4b6c5-3088-4cf3-9b42-f4b98559d0de" testListId="8c84fa94-04c1-424b-9868-57a2d4851a1d" />
    <TestEntry testId="da2b0da1-6076-2fbe-2022-7beb2bbf7e43" executionId="832a5b41-dcf8-4744-9e16-aae9a4978cc2" testListId="8c84fa94-04c1-424b-9868-57a2d4851a1d" />
    <TestEntry testId="c90c323b-6fae-869b-14eb-05786760e218" executionId="ecc086ce-ee99-41b9-9ffd-b96e06f51a40" testListId="8c84fa94-04c1-424b-9868-57a2d4851a1d" />
    <TestEntry testId="05d3f044-5331-7ce3-623e-9916ab55f9e4" executionId="f08d4185-f57a-44c3-b3c9-4d0b7d2af52a" testListId="8c84fa94-04c1-424b-9868-57a2d4851a1d" />
    <TestEntry testId="50caac75-59c5-2982-763d-8bf5dea4f197" executionId="b48affa3-ad36-4280-9d04-2cdf051c5ebb" testListId="8c84fa94-04c1-424b-9868-57a2d4851a1d" />
    <TestEntry testId="e76a2e3b-0926-9f69-c216-95e505062603" executionId="edd14494-9a63-4b6c-b60a-6183932eaaec" testListId="8c84fa94-04c1-424b-9868-57a2d4851a1d" />
    <TestEntry testId="2ebee47b-2482-8e0c-4c0b-8a9204b6c22b" executionId="7116d5df-ee74-4e57-8b1d-1eb77d7fb8d9" testListId="8c84fa94-04c1-424b-9868-57a2d4851a1d" />
    <TestEntry testId="57018c6c-77e8-b9db-09ff-723e1a88f49b" executionId="8768d486-8666-420a-867a-1454e8bf53e0" testListId="8c84fa94-04c1-424b-9868-57a2d4851a1d" />
    <TestEntry testId="655efde5-eb67-b8e4-b0fe-7bf0264f6e1d" executionId="0689e5ee-ef0c-4d20-af82-26704cc50374" testListId="8c84fa94-04c1-424b-9868-57a2d4851a1d" />
    <TestEntry testId="7144b9cd-8b82-fd81-0514-67816e952a1b" executionId="b4d3e5c7-0175-49c2-8947-3fcc63492bc5" testListId="8c84fa94-04c1-424b-9868-57a2d4851a1d" />
    <TestEntry testId="2c25d92f-b6d9-f67b-f9fb-1c50b91346d4" executionId="a7f75081-45d3-4747-83dc-e7d954ad428e" testListId="8c84fa94-04c1-424b-9868-57a2d4851a1d" />
    <TestEntry testId="06c58579-c702-4e23-3f60-256bc8b3f2e6" executionId="96a69bf5-b379-4c14-8189-7a764f75976f" testListId="8c84fa94-04c1-424b-9868-57a2d4851a1d" />
    <TestEntry testId="c5a08dea-4572-0d74-7cd4-dd8bde384377" executionId="d131546d-f36b-43f8-8998-7e2967a05c25" testListId="8c84fa94-04c1-424b-9868-57a2d4851a1d" />
    <TestEntry testId="ada794ff-b8f3-39d4-c1d3-ac159ff90320" executionId="7eb1108e-d60f-47a7-9bc5-25d261b63dea" testListId="8c84fa94-04c1-424b-9868-57a2d4851a1d" />
    <TestEntry testId="743f8a96-9897-3e88-3289-fb27a4e4447a" executionId="48e26e5c-40fd-4a8f-a820-34c7d34577ff" testListId="8c84fa94-04c1-424b-9868-57a2d4851a1d" />
    <TestEntry testId="eb1887f2-99e8-2199-5e42-44d49a96c712" executionId="45be8dab-8e57-4f86-b8a9-a06f7048f279" testListId="8c84fa94-04c1-424b-9868-57a2d4851a1d" />
    <TestEntry testId="ed05ce08-564e-9f53-e870-0bd02308d7fd" executionId="b112240f-fbfa-4711-a1d8-b041d808b5e6" testListId="8c84fa94-04c1-424b-9868-57a2d4851a1d" />
    <TestEntry testId="9bc04b5a-96f6-a6a5-aeb9-c7c2c465389f" executionId="309bf943-a00c-467c-bcfe-9f7b0ef23033" testListId="8c84fa94-04c1-424b-9868-57a2d4851a1d" />
    <TestEntry testId="4796b15c-52f0-172e-3ce3-f76b2ed4d370" executionId="caf0d6eb-f613-4b94-a5a1-0867d28f43e4" testListId="8c84fa94-04c1-424b-9868-57a2d4851a1d" />
    <TestEntry testId="02f245e3-c0c3-9cda-b0f9-6e617d61377c" executionId="390beb0f-be7d-4975-91c8-1990590c535b" testListId="8c84fa94-04c1-424b-9868-57a2d4851a1d" />
    <TestEntry testId="45d3a797-f67c-21fc-e7a9-af6ed19a1606" executionId="aab99a8b-fdf2-4994-89ee-62ffa8b628b1" testListId="8c84fa94-04c1-424b-9868-57a2d4851a1d" />
    <TestEntry testId="174d39b0-bd84-a0df-73ab-c147dfe89409" executionId="a9f73265-2f35-456a-b9ca-bd15d9ac6eef" testListId="8c84fa94-04c1-424b-9868-57a2d4851a1d" />
    <TestEntry testId="2b1c4864-9a39-5786-f28c-09b1dd762b25" executionId="f2d84b47-31ed-4194-b49e-93fbb24d979c" testListId="8c84fa94-04c1-424b-9868-57a2d4851a1d" />
    <TestEntry testId="b8fb9772-bdb5-0007-d81b-1364d88469ef" executionId="5eec91f4-b3fc-4e90-b085-9eecbb5668c2" testListId="8c84fa94-04c1-424b-9868-57a2d4851a1d" />
    <TestEntry testId="151a6d7d-62b0-0dab-d4be-0184b6258435" executionId="0f40cc3c-f66b-4b81-b4cd-d25714b54ab4" testListId="8c84fa94-04c1-424b-9868-57a2d4851a1d" />
    <TestEntry testId="9624a031-7855-a4af-5a12-0841cb0c62b4" executionId="f905407a-51c7-4f61-99f5-63cdc975e569" testListId="8c84fa94-04c1-424b-9868-57a2d4851a1d" />
    <TestEntry testId="07e8a25f-7197-c209-719f-f588cfb085f1" executionId="3d4d1201-d77f-4331-842b-49f0642231d1" testListId="8c84fa94-04c1-424b-9868-57a2d4851a1d" />
    <TestEntry testId="2191f6dd-5015-945f-601a-a7b0a8fde314" executionId="f724b824-df9e-498d-810e-3086350f1f63" testListId="8c84fa94-04c1-424b-9868-57a2d4851a1d" />
    <TestEntry testId="8827fc4b-9473-8119-896d-eed4bf525c64" executionId="0b2eb0ea-0efe-4992-b4eb-befa364c83a3" testListId="8c84fa94-04c1-424b-9868-57a2d4851a1d" />
    <TestEntry testId="45129488-13fb-76bf-a100-0cf810f72436" executionId="cc4a35f2-a031-4a26-ac5c-5edd18562e2b" testListId="8c84fa94-04c1-424b-9868-57a2d4851a1d" />
    <TestEntry testId="7b099417-e68b-369a-98ea-81252ffe367b" executionId="731992a5-9173-4a94-b79f-b0f1072dab74" testListId="8c84fa94-04c1-424b-9868-57a2d4851a1d" />
    <TestEntry testId="901a6d56-fae7-98f6-ab1b-7cb37539a449" executionId="9498a0ee-a4e9-4174-bb40-db34fd02a178" testListId="8c84fa94-04c1-424b-9868-57a2d4851a1d" />
    <TestEntry testId="4a7b3dd0-e4cf-93e6-ea32-71b917028e9d" executionId="b3fbccba-0ad8-4b1f-b29f-19d0a6a469a0" testListId="8c84fa94-04c1-424b-9868-57a2d4851a1d" />
    <TestEntry testId="1be1a000-d2fa-6c0f-c045-ff2861f84d37" executionId="00d91acc-59b7-454c-8d54-ecd6b4e214aa" testListId="8c84fa94-04c1-424b-9868-57a2d4851a1d" />
    <TestEntry testId="244a44f0-246a-794e-7d4e-ee72bda98bd0" executionId="51390ae0-b6ba-4e84-b6a6-d9287f00332c" testListId="8c84fa94-04c1-424b-9868-57a2d4851a1d" />
    <TestEntry testId="da209cf0-6094-274f-e78f-8889bf2f8ba5" executionId="ce525420-2d84-46bc-a559-7505c98bb333" testListId="8c84fa94-04c1-424b-9868-57a2d4851a1d" />
    <TestEntry testId="b946c6b2-48d3-48c0-dba1-87be276acdd4" executionId="32c85605-b5c9-4f9b-a57b-bcf0bd948474" testListId="8c84fa94-04c1-424b-9868-57a2d4851a1d" />
    <TestEntry testId="d1ba2313-0906-8d41-2715-24c6e5c1c48a" executionId="92352278-bc54-431a-a86a-bfc52ab6efd5" testListId="8c84fa94-04c1-424b-9868-57a2d4851a1d" />
    <TestEntry testId="fe8caa31-dca9-eb84-ef3f-1e3d38758c51" executionId="38ea804c-d50e-4515-b2bd-6e263201ae16" testListId="8c84fa94-04c1-424b-9868-57a2d4851a1d" />
    <TestEntry testId="e9b5c39a-de14-2511-2085-e1767b97fd6e" executionId="708f2588-5684-40e2-9887-c16bcd482a35" testListId="8c84fa94-04c1-424b-9868-57a2d4851a1d" />
    <TestEntry testId="b18394c6-84c0-7182-e15a-0ec6b0ee5981" executionId="3bc991c4-bc91-4703-8e10-eaa5e82fc4b3" testListId="8c84fa94-04c1-424b-9868-57a2d4851a1d" />
    <TestEntry testId="7afc244c-1882-5877-2a81-7cbc434e16a6" executionId="9b50ddfa-7b18-45da-bf22-862c7ee11f22" testListId="8c84fa94-04c1-424b-9868-57a2d4851a1d" />
    <TestEntry testId="de7c333c-dac0-97f8-ce50-bb79962f3356" executionId="1113f224-e5d5-4647-a7ef-37c12f636779" testListId="8c84fa94-04c1-424b-9868-57a2d4851a1d" />
    <TestEntry testId="b01c36f9-4c33-cbd8-7177-84aa9e0cdaac" executionId="4d61f0c8-f3ec-4c2d-b898-b2e0461741f7" testListId="8c84fa94-04c1-424b-9868-57a2d4851a1d" />
    <TestEntry testId="923bbb9b-001f-218b-483b-924b42d8eab3" executionId="87e01743-66e4-4ab1-b576-29fc999d661f" testListId="8c84fa94-04c1-424b-9868-57a2d4851a1d" />
    <TestEntry testId="62971434-d070-05e9-7e2e-67339cd457cc" executionId="703f68b5-cb2b-46e6-af9a-f18851a81252" testListId="8c84fa94-04c1-424b-9868-57a2d4851a1d" />
    <TestEntry testId="509721b0-7be3-708d-26fd-3599c008d1d3" executionId="60376c1f-ce9f-4b9b-9c6d-3affa9eab233" testListId="8c84fa94-04c1-424b-9868-57a2d4851a1d" />
    <TestEntry testId="609c826a-3755-6de6-3e90-3398130aa650" executionId="ad1f74e4-a4fc-4f43-85a1-e80f64080666" testListId="8c84fa94-04c1-424b-9868-57a2d4851a1d" />
    <TestEntry testId="9b11fbbf-e6b6-bf83-4a06-e41bb2807b4e" executionId="aa5ca8e2-ba68-4730-9627-3f578df9c6dc" testListId="8c84fa94-04c1-424b-9868-57a2d4851a1d" />
    <TestEntry testId="b6ef847f-9b72-0da6-abe0-39563d4a303a" executionId="6075077a-2cc5-424b-9d6b-d693498af052" testListId="8c84fa94-04c1-424b-9868-57a2d4851a1d" />
    <TestEntry testId="293f329e-27b6-4f11-0ed8-c60eb66e54e3" executionId="45758e53-0310-4ff5-ad1f-17ddfab66f37" testListId="8c84fa94-04c1-424b-9868-57a2d4851a1d" />
    <TestEntry testId="792d04f1-cdf3-a8f4-9e01-3aa112fc487d" executionId="b4523f8b-a2be-4eb0-a3b8-9fec51dbe4a0" testListId="8c84fa94-04c1-424b-9868-57a2d4851a1d" />
    <TestEntry testId="ebf24ca4-25fe-9d91-009b-2a977adb2d06" executionId="89885c5c-064f-41ec-b4bc-fcdf0e6d5340" testListId="8c84fa94-04c1-424b-9868-57a2d4851a1d" />
    <TestEntry testId="c9a0429d-69fe-4b0b-b274-ff7774c3a549" executionId="40d5a403-a477-49a2-82d8-4e98e81c3eaa" testListId="8c84fa94-04c1-424b-9868-57a2d4851a1d" />
    <TestEntry testId="eb1887f2-99e8-2199-5e42-44d49a96c712" executionId="cd72997b-217a-4647-ad4f-34362fa5a7f7" testListId="8c84fa94-04c1-424b-9868-57a2d4851a1d" />
    <TestEntry testId="d0f32a3a-7617-9ed0-ef0e-dd198d75d8fc" executionId="6f9646ca-b17b-472f-8e2f-2d7a86160192" testListId="8c84fa94-04c1-424b-9868-57a2d4851a1d" />
    <TestEntry testId="7c812c75-8698-739c-a3b1-a7c2920998be" executionId="fde0d56c-33b1-492d-81c4-f69a59194dc7" testListId="8c84fa94-04c1-424b-9868-57a2d4851a1d" />
    <TestEntry testId="a8887616-d21a-2760-ae8d-12c4008e3d23" executionId="e721fef4-4711-4a5d-beaa-ff2185a040c6" testListId="8c84fa94-04c1-424b-9868-57a2d4851a1d" />
    <TestEntry testId="3ca046f6-2934-db24-a17c-dfba6a65a4d4" executionId="903cff23-673b-423d-9024-e05330ef944d" testListId="8c84fa94-04c1-424b-9868-57a2d4851a1d" />
    <TestEntry testId="f745d7c9-1b6e-8536-9e6d-7f308c1a00c6" executionId="509cb63a-7f13-4ec6-83f5-4963937dd9e9" testListId="8c84fa94-04c1-424b-9868-57a2d4851a1d" />
    <TestEntry testId="2098fa07-0e88-c42b-6751-748860141601" executionId="06462872-940b-4418-8d64-81bfe39cf9e0" testListId="8c84fa94-04c1-424b-9868-57a2d4851a1d" />
    <TestEntry testId="14ee1d5b-5645-b066-f21e-b6c725200105" executionId="1311cc4f-d44e-47f3-81d5-c51c1104e28e" testListId="8c84fa94-04c1-424b-9868-57a2d4851a1d" />
    <TestEntry testId="758bca7f-8d6e-e391-8dbc-fe668434ed80" executionId="17ff8230-2ab5-4682-8a69-8140eb3d6863" testListId="8c84fa94-04c1-424b-9868-57a2d4851a1d" />
    <TestEntry testId="37c7947a-3966-decd-629f-d603f8981b34" executionId="c4f134fd-f3d7-44b7-9789-ee3427a1f7c2" testListId="8c84fa94-04c1-424b-9868-57a2d4851a1d" />
    <TestEntry testId="b75fb83c-335f-c4a6-1eb4-272ad4739498" executionId="a5202f31-a6d8-4f16-bc20-e7f761e17151" testListId="8c84fa94-04c1-424b-9868-57a2d4851a1d" />
    <TestEntry testId="099c2cc4-9649-b53a-17b6-e9c80e929555" executionId="0b765dfd-2dec-4d95-898d-8bda72250fd7" testListId="8c84fa94-04c1-424b-9868-57a2d4851a1d" />
    <TestEntry testId="f254dd66-bf9e-9655-0d51-85c7a35aad72" executionId="77dc41a8-56c0-4fee-baa9-b0f9469e5eae" testListId="8c84fa94-04c1-424b-9868-57a2d4851a1d" />
    <TestEntry testId="88de0f63-ba78-57ec-2506-bc07443ca376" executionId="65e8b09e-af63-48b9-a6cb-af928a6487f5" testListId="8c84fa94-04c1-424b-9868-57a2d4851a1d" />
    <TestEntry testId="ca4e076f-26ca-800e-cace-65cc67d85c78" executionId="d7a00c35-4083-4c46-8f0b-08d1efb376b5" testListId="8c84fa94-04c1-424b-9868-57a2d4851a1d" />
    <TestEntry testId="e818b1a2-e1c4-6691-71e3-65849a1507e6" executionId="84ee387c-7515-42fa-90f7-554332c6861d" testListId="8c84fa94-04c1-424b-9868-57a2d4851a1d" />
    <TestEntry testId="93cfa45e-50b0-604c-c09c-2e5001172962" executionId="1e975d47-e8a9-4d22-8343-558fa2eec3aa" testListId="8c84fa94-04c1-424b-9868-57a2d4851a1d" />
    <TestEntry testId="cfc7accd-2ffc-e599-985f-e81f83f1ff99" executionId="c5ed7921-d02f-49bc-9118-f5aa40c3cfe5" testListId="8c84fa94-04c1-424b-9868-57a2d4851a1d" />
    <TestEntry testId="dcfd8432-adf7-5236-cec9-8539318aaff2" executionId="319d1a20-d71f-4dca-9b73-baf27de8ae9e" testListId="8c84fa94-04c1-424b-9868-57a2d4851a1d" />
    <TestEntry testId="3fdce964-b125-48a8-5647-b9bf4f10a233" executionId="a1299864-1b8b-4d7b-96aa-e9af3e2d0812" testListId="8c84fa94-04c1-424b-9868-57a2d4851a1d" />
    <TestEntry testId="efff05e3-3b5a-b327-7cd0-0aaf390483f8" executionId="1ca559e7-4cc1-438f-b76d-56d5ff5c214b" testListId="8c84fa94-04c1-424b-9868-57a2d4851a1d" />
    <TestEntry testId="33d30ad4-3561-4a28-4f49-bcdce7341bfd" executionId="ef2ff813-7240-484f-911e-dc1bcb7ee3e8" testListId="8c84fa94-04c1-424b-9868-57a2d4851a1d" />
    <TestEntry testId="e926b7aa-0d60-f438-49eb-df0c89b7356d" executionId="35c96979-59e9-4251-a289-a021202d8dd1" testListId="8c84fa94-04c1-424b-9868-57a2d4851a1d" />
    <TestEntry testId="efe6e41e-f107-8576-56fa-4fe56f26d072" executionId="ea1476b4-7ffc-4bed-8e31-f3fb434accf7" testListId="8c84fa94-04c1-424b-9868-57a2d4851a1d" />
    <TestEntry testId="d684d514-6ff7-26d9-ef45-6a901aa92573" executionId="c298be00-2bc9-40f6-ae65-1143895a28be" testListId="8c84fa94-04c1-424b-9868-57a2d4851a1d" />
    <TestEntry testId="c0f52448-2499-65d8-37b3-2be993414d1d" executionId="56043f8a-e087-4af0-871c-bdc2f84790f5" testListId="8c84fa94-04c1-424b-9868-57a2d4851a1d" />
    <TestEntry testId="fc7d9da9-12c3-859d-7e0a-2f887e4ce1b8" executionId="a1d26fc3-714e-42c9-bd25-035080137c52" testListId="8c84fa94-04c1-424b-9868-57a2d4851a1d" />
    <TestEntry testId="054a59ea-182f-5736-1129-9e52b20b70d3" executionId="34e24d33-13ac-45f1-afde-e62b2eecff32" testListId="8c84fa94-04c1-424b-9868-57a2d4851a1d" />
    <TestEntry testId="59ddccc5-1796-d0db-aa60-e975ef3b526d" executionId="26343389-5c8f-4597-b5c1-4ab31cb9c39f" testListId="8c84fa94-04c1-424b-9868-57a2d4851a1d" />
    <TestEntry testId="f20f88d2-f202-ea07-a9ea-ba84e7e02e5a" executionId="e29c118b-1339-45a7-88b0-dc70282584e5" testListId="8c84fa94-04c1-424b-9868-57a2d4851a1d" />
    <TestEntry testId="46f0f36c-7d3e-9fc6-0e91-a8eb7e670908" executionId="7d90c41c-7d9c-4b69-9711-6ff679a062e5" testListId="8c84fa94-04c1-424b-9868-57a2d4851a1d" />
    <TestEntry testId="726e7ea3-087e-6d58-bc91-81673a1be569" executionId="3feaad39-6264-41fb-8cc0-f4558d3182cd" testListId="8c84fa94-04c1-424b-9868-57a2d4851a1d" />
    <TestEntry testId="ae3f62f7-e5b3-a8a3-5e08-b3e3c5abc5d8" executionId="564e52c5-b033-4d7a-9f8c-f80c081cfc4a" testListId="8c84fa94-04c1-424b-9868-57a2d4851a1d" />
    <TestEntry testId="37aab818-d8de-5e76-26b8-9c05be444d79" executionId="ee94d19a-5f82-4feb-b4a9-ecde781c4d81" testListId="8c84fa94-04c1-424b-9868-57a2d4851a1d" />
    <TestEntry testId="f1dd52a8-3970-8b00-915d-53f41e6de369" executionId="e7ba93af-cc93-4b83-8d49-d5883787bc13" testListId="8c84fa94-04c1-424b-9868-57a2d4851a1d" />
    <TestEntry testId="c285aa96-6560-5b1c-5ee3-ecc88bb64559" executionId="9d5f69af-da5b-4610-9a6c-7ac3f250c700" testListId="8c84fa94-04c1-424b-9868-57a2d4851a1d" />
    <TestEntry testId="454207ce-e227-03f9-a503-fae7cc260b73" executionId="4db621b3-a690-4a4b-906a-909950dc74d9" testListId="8c84fa94-04c1-424b-9868-57a2d4851a1d" />
    <TestEntry testId="325340e9-20ac-29ae-a6eb-326801d899cc" executionId="e58f37b6-4a07-40ea-8a4d-efb4009a26b2" testListId="8c84fa94-04c1-424b-9868-57a2d4851a1d" />
    <TestEntry testId="bd4d040a-362e-315d-9db8-79afcca6e531" executionId="d69a7e73-002c-4db8-907f-3030b32cfb73" testListId="8c84fa94-04c1-424b-9868-57a2d4851a1d" />
    <TestEntry testId="0183fccb-d77a-a03a-5714-d0062038a2df" executionId="5af0138c-af4a-4751-ba9e-885a7f1c6e81" testListId="8c84fa94-04c1-424b-9868-57a2d4851a1d" />
    <TestEntry testId="c4f9ff86-5734-0f3a-d18e-ebe9e44a2911" executionId="e412e509-c936-4bae-9f94-23e7a961505a" testListId="8c84fa94-04c1-424b-9868-57a2d4851a1d" />
    <TestEntry testId="889e6f9b-0246-8302-3a49-afd2bfd230d1" executionId="975e0696-81b5-4f65-8fee-2e732b979fc8" testListId="8c84fa94-04c1-424b-9868-57a2d4851a1d" />
    <TestEntry testId="4593cd33-2e03-9acc-1ca8-9687f0404b31" executionId="46c6c5f9-f7c1-4216-bbaf-4a7d34b5cbf0" testListId="8c84fa94-04c1-424b-9868-57a2d4851a1d" />
    <TestEntry testId="eba938f9-1de9-a6d2-1cc3-c22477755358" executionId="3c51a00e-cfd7-4090-ae5b-77cb1e6bfd29" testListId="8c84fa94-04c1-424b-9868-57a2d4851a1d" />
    <TestEntry testId="7f59dbcd-75fe-db1e-8ad0-2f58f53f04a1" executionId="93958d9d-92e5-4b71-aa6b-6f0f580a14bc" testListId="8c84fa94-04c1-424b-9868-57a2d4851a1d" />
    <TestEntry testId="cc6cc5d5-3a4d-b157-d5f3-1b1b3db88479" executionId="e8b93b1a-7ea1-441f-aa9b-886c37a37fc6" testListId="8c84fa94-04c1-424b-9868-57a2d4851a1d" />
    <TestEntry testId="43adfb70-1852-8758-f791-ff3f745050ab" executionId="a425ccaa-afc6-4982-9775-96a3a3116fd5" testListId="8c84fa94-04c1-424b-9868-57a2d4851a1d" />
    <TestEntry testId="69f352d7-7fe9-aeb4-1818-5444cf458f62" executionId="2602189a-0395-4239-94fd-edffdd380190" testListId="8c84fa94-04c1-424b-9868-57a2d4851a1d" />
    <TestEntry testId="c2138e76-9f7f-8d2f-2ac2-891c3e25ac1f" executionId="b1cd28e4-e3cc-4c3a-a1ae-b7aecde303f7" testListId="8c84fa94-04c1-424b-9868-57a2d4851a1d" />
    <TestEntry testId="5e7f1967-19b9-699d-65df-1c953ee285e7" executionId="7c369910-6248-43df-b3a4-6f09b1de85cc" testListId="8c84fa94-04c1-424b-9868-57a2d4851a1d" />
    <TestEntry testId="8ede8484-1e67-a40d-1a4b-5a875507f93a" executionId="7aa4a9ac-9310-4309-8447-7beccc93b054" testListId="8c84fa94-04c1-424b-9868-57a2d4851a1d" />
    <TestEntry testId="452784ba-aacc-ffe6-5b8d-b1163443f304" executionId="3b76e646-b7f1-497f-adb7-444546b86e42" testListId="8c84fa94-04c1-424b-9868-57a2d4851a1d" />
    <TestEntry testId="865331f5-7c91-bdd2-0d8a-285f3542c5e4" executionId="8b133e43-f419-4053-986c-e4e93d901f12" testListId="8c84fa94-04c1-424b-9868-57a2d4851a1d" />
    <TestEntry testId="9dc45e64-4511-e60b-b229-5c6fc36d1771" executionId="d56ce050-06c3-4194-9a18-914612d95fa1" testListId="8c84fa94-04c1-424b-9868-57a2d4851a1d" />
    <TestEntry testId="f3406bcb-028f-939e-eacc-5f1134271147" executionId="5a80095d-9492-4c1b-8938-8ce89ddd87b2" testListId="8c84fa94-04c1-424b-9868-57a2d4851a1d" />
    <TestEntry testId="6efb504e-4ae8-2274-7967-1c3a08e9f2db" executionId="4473cafc-8728-43fc-b165-3f7fb9e58a7c" testListId="8c84fa94-04c1-424b-9868-57a2d4851a1d" />
    <TestEntry testId="734f9566-cbc0-51b2-0263-6214f1a3d5ce" executionId="2b1ac748-57f7-45e4-ae5d-dd092294f7e5" testListId="8c84fa94-04c1-424b-9868-57a2d4851a1d" />
    <TestEntry testId="a18732da-0733-f277-254f-d26d899992fb" executionId="d73b5f95-b7d2-48b8-8e3c-bd27f96561e8" testListId="8c84fa94-04c1-424b-9868-57a2d4851a1d" />
    <TestEntry testId="f6517591-3689-63fc-d500-3583198fed0d" executionId="fc5ccd54-6c37-4444-9b85-e2023fce5b64" testListId="8c84fa94-04c1-424b-9868-57a2d4851a1d" />
    <TestEntry testId="3fd21a6e-edee-a13a-0c5f-a3ec8d98d388" executionId="8b0ad634-9f00-4863-8a9b-1d4b147f75ff" testListId="8c84fa94-04c1-424b-9868-57a2d4851a1d" />
    <TestEntry testId="f089c3d9-d7a7-8fe8-6b31-2f96d60268c8" executionId="3e5ca744-138b-4652-963b-464f34cde4c7" testListId="8c84fa94-04c1-424b-9868-57a2d4851a1d" />
    <TestEntry testId="562a5e2f-1dc4-5ed5-76f9-9fbbb991c9a3" executionId="1b182600-f1ce-4b6b-9df5-c5cd9998ec07" testListId="8c84fa94-04c1-424b-9868-57a2d4851a1d" />
    <TestEntry testId="652efa43-6827-5751-0b78-2bbbfaca6803" executionId="f9916808-0cae-4906-9b58-07ddacba0102" testListId="8c84fa94-04c1-424b-9868-57a2d4851a1d" />
    <TestEntry testId="8efb1ec5-b7e8-b3c6-0ad4-6500f872cd9c" executionId="e70db1d5-618c-4fb8-a8ce-348839abdd29" testListId="8c84fa94-04c1-424b-9868-57a2d4851a1d" />
    <TestEntry testId="21586175-584b-4451-cebd-1ccf3d32985f" executionId="f3d898e7-f8da-4765-8a30-635d99d01c32" testListId="8c84fa94-04c1-424b-9868-57a2d4851a1d" />
    <TestEntry testId="234fab66-fa93-b8bf-27d2-973372feba11" executionId="9c793fa6-eeb9-429c-875a-cb706a128a12" testListId="8c84fa94-04c1-424b-9868-57a2d4851a1d" />
    <TestEntry testId="0d85d1a5-4587-cde5-d4f6-a2747cae77f0" executionId="8f9d4678-15ab-45e3-86be-094b687e33e4" testListId="8c84fa94-04c1-424b-9868-57a2d4851a1d" />
    <TestEntry testId="304d6567-2592-ea3e-227f-6d5fbe6f4a9a" executionId="175ea195-256d-42ae-a933-9bedcae3dbd1" testListId="8c84fa94-04c1-424b-9868-57a2d4851a1d" />
  </TestEntries>
  <TestLists>
    <TestList name="Results Not in a List" id="8c84fa94-04c1-424b-9868-57a2d4851a1d" />
    <TestList name="All Loaded Results" id="19431567-8539-422a-85d7-44ee4e166bda" />
  </TestLists>
  <ResultSummary outcome="Completed">
    <Counters total="408" executed="408" passed="408" failed="0" error="0" timeout="0" aborted="0" inconclusive="0" passedButRunAborted="0" notRunnable="0" notExecuted="0" disconnected="0" warning="0" completed="0" inProgress="0" pending="0" />
    <Output>
      <StdOut>[xUnit.net 00:00:00.00] xUnit.net VSTest Adapter v2.4.3+1b45f5407b (64-bit .NET 6.0.25)&#xD;
[xUnit.net 00:00:01.83]   Discovering: VideoOS.IdentityServer.UnitTests&#xD;
[xUnit.net 00:00:02.11]   Discovered:  VideoOS.IdentityServer.UnitTests&#xD;
[xUnit.net 00:00:02.11]   Starting:    VideoOS.IdentityServer.UnitTests&#xD;
[xUnit.net 00:00:04.89]   Finished:    VideoOS.IdentityServer.UnitTests&#xD;
</StdOut>
    </Output>
  </ResultSummary>
</TestRun>