<?xml version="1.0" encoding="utf-8"?>
<TestRun id="a0774111-2e96-47e6-bfc2-84b4f75293e3" name="DKSR-EFI-04$@DKSR-EFI-04 2023-12-22 09:32:26" runUser="NT AUTHORITY\NETWORK SERVICE" xmlns="http://microsoft.com/schemas/VisualStudio/TeamTest/2010">
  <Times creation="2023-12-22T09:32:26.9746881+01:00" queuing="2023-12-22T09:32:26.9746881+01:00" start="2023-12-22T09:32:17.1621446+01:00" finish="2023-12-22T09:33:34.8656347+01:00" />
  <TestSettings name="default" id="b15b7906-a516-4b90-be8b-151f85548beb">
    <Deployment runDeploymentRoot="DKSR-EFI-04$_DKSR-EFI-04_2023-12-22_09_32_26" />
  </TestSettings>
  <Results>
    <UnitTestResult executionId="aa980f58-dced-40c4-9631-94ac7e22946d" testId="0f992a8c-5f2a-115c-5c24-adb0ecb69f62" testName="RemoveAllFrameworkElementsOverlays_ShouldRemoveAllItems" computerName="DKSR-EFI-04" duration="00:00:00.0007491" startTime="2023-12-22T09:33:05.9904966+01:00" endTime="2023-12-22T09:33:05.9904966+01:00" testType="13cdc9d9-ddb5-4fa4-a97d-d965ccfc6d4b" outcome="Passed" testListId="8c84fa94-04c1-424b-9868-57a2d4851a1d" relativeResultsDirectory="aa980f58-dced-40c4-9631-94ac7e22946d" />
    <UnitTestResult executionId="683403c5-4e1b-4fe4-906f-264b5b762c3f" testId="bad298ac-94ba-545f-f256-1e42ffa5b7b5" testName="TileStateMustRemainUnchangedByHostOnlineAndServiceAvailableStateChanges" computerName="DKSR-EFI-04" duration="00:00:00.0032441" startTime="2023-12-22T09:32:49.5685428+01:00" endTime="2023-12-22T09:32:49.5685428+01:00" testType="13cdc9d9-ddb5-4fa4-a97d-d965ccfc6d4b" outcome="Passed" testListId="8c84fa94-04c1-424b-9868-57a2d4851a1d" relativeResultsDirectory="683403c5-4e1b-4fe4-906f-264b5b762c3f" />
    <UnitTestResult executionId="e3d02b19-6d2d-4089-a7ec-03865f6027a7" testId="d44e5ef1-d45e-248e-aa87-897c4217e08f" testName="TooltipServiceWarning_Failover_AuthorizationError" computerName="DKSR-EFI-04" duration="00:00:00.0017044" startTime="2023-12-22T09:33:05.8029970+01:00" endTime="2023-12-22T09:33:05.8029970+01:00" testType="13cdc9d9-ddb5-4fa4-a97d-d965ccfc6d4b" outcome="Passed" testListId="8c84fa94-04c1-424b-9868-57a2d4851a1d" relativeResultsDirectory="e3d02b19-6d2d-4089-a7ec-03865f6027a7" />
    <UnitTestResult executionId="0c35150b-ed70-4f42-b24d-1e6eb34fa3ef" testId="3a13def5-4099-72b0-8c0e-420253783341" testName="UpdateToast_Success" computerName="DKSR-EFI-04" duration="00:00:00.0072864" startTime="2023-12-22T09:32:58.8029622+01:00" endTime="2023-12-22T09:32:58.8185873+01:00" testType="13cdc9d9-ddb5-4fa4-a97d-d965ccfc6d4b" outcome="Passed" testListId="8c84fa94-04c1-424b-9868-57a2d4851a1d" relativeResultsDirectory="0c35150b-ed70-4f42-b24d-1e6eb34fa3ef" />
    <UnitTestResult executionId="093323d9-8e7e-451c-9e78-1b0c777e31ee" testId="81f8c431-ec3f-72e9-977b-252633de4ae4" testName="Constructor_StateSessionHelper_ArgumentNull_Thrown" computerName="DKSR-EFI-04" duration="00:00:00.0005974" startTime="2023-12-22T09:33:06.2561231+01:00" endTime="2023-12-22T09:33:06.2717481+01:00" testType="13cdc9d9-ddb5-4fa4-a97d-d965ccfc6d4b" outcome="Passed" testListId="8c84fa94-04c1-424b-9868-57a2d4851a1d" relativeResultsDirectory="093323d9-8e7e-451c-9e78-1b0c777e31ee" />
    <UnitTestResult executionId="4a6b1039-a4ce-4b6f-ae63-e1fa7d543675" testId="d2336b6f-ec47-a30f-6052-9d509a829189" testName="TestHistoryFileSetter" computerName="DKSR-EFI-04" duration="00:00:00.1622054" startTime="2023-12-22T09:33:06.8967491+01:00" endTime="2023-12-22T09:33:07.0530005+01:00" testType="13cdc9d9-ddb5-4fa4-a97d-d965ccfc6d4b" outcome="Passed" testListId="8c84fa94-04c1-424b-9868-57a2d4851a1d" relativeResultsDirectory="4a6b1039-a4ce-4b6f-ae63-e1fa7d543675" />
    <UnitTestResult executionId="067c6ea2-35fc-47c0-8155-821526eda61b" testId="62c465a4-ad44-3be7-a78e-7e91064f29e0" testName="SingleCameraGroupMustSetDisplayNameDeletedCameraTextIfItDoesNotExist" computerName="DKSR-EFI-04" duration="00:00:00.0004691" startTime="2023-12-22T09:32:49.7404208+01:00" endTime="2023-12-22T09:32:49.7404208+01:00" testType="13cdc9d9-ddb5-4fa4-a97d-d965ccfc6d4b" outcome="Passed" testListId="8c84fa94-04c1-424b-9868-57a2d4851a1d" relativeResultsDirectory="067c6ea2-35fc-47c0-8155-821526eda61b" />
    <UnitTestResult executionId="53f0c024-1565-4b81-bf4f-46feb205e4dc" testId="fc42ecd1-8c72-c445-ea96-97544145f9ab" testName="ValidSlides_ShouldNotContainDefaults" computerName="DKSR-EFI-04" duration="00:00:00.0019918" startTime="2023-12-22T09:32:57.6310812+01:00" endTime="2023-12-22T09:32:57.6310812+01:00" testType="13cdc9d9-ddb5-4fa4-a97d-d965ccfc6d4b" outcome="Passed" testListId="8c84fa94-04c1-424b-9868-57a2d4851a1d" relativeResultsDirectory="53f0c024-1565-4b81-bf4f-46feb205e4dc" />
    <UnitTestResult executionId="5f226a5b-c5ec-484b-87da-ceff11d779ed" testId="f31e5243-90c8-7dae-7404-a3986e0efbe1" testName="Convert_WithMultiplier_Success" computerName="DKSR-EFI-04" duration="00:00:00.0003662" startTime="2023-12-22T09:32:27.9590675+01:00" endTime="2023-12-22T09:32:27.9590675+01:00" testType="13cdc9d9-ddb5-4fa4-a97d-d965ccfc6d4b" outcome="Passed" testListId="8c84fa94-04c1-424b-9868-57a2d4851a1d" relativeResultsDirectory="5f226a5b-c5ec-484b-87da-ceff11d779ed" />
    <UnitTestResult executionId="f638cb33-37db-4a22-af78-c0ea468ff7b0" testId="45ce53b6-2a00-442b-a6cc-32488dfaae90" testName="GetIntValueOrDefault_WrongKeyValue_DefaultValueReturned" computerName="DKSR-EFI-04" duration="00:00:00.0002407" startTime="2023-12-22T09:33:06.1467476+01:00" endTime="2023-12-22T09:33:06.1467476+01:00" testType="13cdc9d9-ddb5-4fa4-a97d-d965ccfc6d4b" outcome="Passed" testListId="8c84fa94-04c1-424b-9868-57a2d4851a1d" relativeResultsDirectory="f638cb33-37db-4a22-af78-c0ea468ff7b0" />
    <UnitTestResult executionId="cfefba9a-663c-49f3-9b0b-64dd3dcc3189" testId="583152d9-d199-0061-6cfe-e7b3f5f54327" testName="AuthenticationWindowsDefault_SetEnabled_Throws_InvalidOperationException" computerName="DKSR-EFI-04" duration="00:00:00.0005205" startTime="2023-12-22T09:33:06.8655013+01:00" endTime="2023-12-22T09:33:06.8655013+01:00" testType="13cdc9d9-ddb5-4fa4-a97d-d965ccfc6d4b" outcome="Passed" testListId="8c84fa94-04c1-424b-9868-57a2d4851a1d" relativeResultsDirectory="cfefba9a-663c-49f3-9b0b-64dd3dcc3189" />
    <UnitTestResult executionId="20c4cb50-1e60-4362-b281-6b508d90748c" testId="ca1a74cf-f42b-b5b7-8415-1bec1e2927e4" testName="Convert_MultiValueConverter_NotANumber_Throws" computerName="DKSR-EFI-04" duration="00:00:00.0027299" startTime="2023-12-22T09:32:58.5685868+01:00" endTime="2023-12-22T09:32:58.5685868+01:00" testType="13cdc9d9-ddb5-4fa4-a97d-d965ccfc6d4b" outcome="Passed" testListId="8c84fa94-04c1-424b-9868-57a2d4851a1d" relativeResultsDirectory="20c4cb50-1e60-4362-b281-6b508d90748c" />
    <UnitTestResult executionId="12666b2e-6ee6-4e4b-8b53-eb41d85a24c2" testId="4f4a64cd-6297-dad0-e258-e2bc655c9f25" testName="ShowCustomizeWindowReturnsIfNoWritePermission" computerName="DKSR-EFI-04" duration="00:00:00.0017451" startTime="2023-12-22T09:32:49.1154147+01:00" endTime="2023-12-22T09:32:49.1154147+01:00" testType="13cdc9d9-ddb5-4fa4-a97d-d965ccfc6d4b" outcome="Passed" testListId="8c84fa94-04c1-424b-9868-57a2d4851a1d" relativeResultsDirectory="12666b2e-6ee6-4e4b-8b53-eb41d85a24c2" />
    <UnitTestResult executionId="7735fb22-ad11-4206-90c1-9e121fa35d24" testId="a40e30ee-4537-9698-9f88-45700d1ef781" testName="Convert_WithAutomationId_ReturnsValue" computerName="DKSR-EFI-04" duration="00:00:00.0002727" startTime="2023-12-22T09:32:27.9434424+01:00" endTime="2023-12-22T09:32:27.9434424+01:00" testType="13cdc9d9-ddb5-4fa4-a97d-d965ccfc6d4b" outcome="Passed" testListId="8c84fa94-04c1-424b-9868-57a2d4851a1d" relativeResultsDirectory="7735fb22-ad11-4206-90c1-9e121fa35d24" />
    <UnitTestResult executionId="c73da362-ff6d-453e-8db1-428071a5f3fc" testId="ba4c1a66-a8cb-a425-dd33-a7ca657b44ae" testName="AuthenticationWindows_SetProperties_Success" computerName="DKSR-EFI-04" duration="00:00:00.0007147" startTime="2023-12-22T09:33:06.8811271+01:00" endTime="2023-12-22T09:33:06.8811271+01:00" testType="13cdc9d9-ddb5-4fa4-a97d-d965ccfc6d4b" outcome="Passed" testListId="8c84fa94-04c1-424b-9868-57a2d4851a1d" relativeResultsDirectory="c73da362-ff6d-453e-8db1-428071a5f3fc" />
    <UnitTestResult executionId="f6262e65-6f53-49dd-924a-04f9e04176e5" testId="50b702b0-e703-363d-0b04-619370ec937b" testName="AllowUnsecureConnection_ShouldBeTrue_WhenNoServerEntryButUserExists" computerName="DKSR-EFI-04" duration="00:00:00.0018136" startTime="2023-12-22T09:33:07.1000138+01:00" endTime="2023-12-22T09:33:07.1155011+01:00" testType="13cdc9d9-ddb5-4fa4-a97d-d965ccfc6d4b" outcome="Passed" testListId="8c84fa94-04c1-424b-9868-57a2d4851a1d" relativeResultsDirectory="f6262e65-6f53-49dd-924a-04f9e04176e5" />
    <UnitTestResult executionId="d122e576-1735-4ad0-93ea-482466586781" testId="9e746348-f3a7-2f41-9d29-e3b583264792" testName="RoundToMillisecond_Down" computerName="DKSR-EFI-04" duration="00:00:00.0102661" startTime="2023-12-22T09:32:57.8342077+01:00" endTime="2023-12-22T09:32:57.8498336+01:00" testType="13cdc9d9-ddb5-4fa4-a97d-d965ccfc6d4b" outcome="Passed" testListId="8c84fa94-04c1-424b-9868-57a2d4851a1d" relativeResultsDirectory="d122e576-1735-4ad0-93ea-482466586781" />
    <UnitTestResult executionId="1005d6f5-2333-4801-bef2-02632e720afc" testId="52a29049-9c8e-815e-36f6-b6f14de4f7c1" testName="RemoveRange_FewItems_SuccessWithResetNotification" computerName="DKSR-EFI-04" duration="00:00:00.0017926" startTime="2023-12-22T09:33:05.7873709+01:00" endTime="2023-12-22T09:33:05.7873709+01:00" testType="13cdc9d9-ddb5-4fa4-a97d-d965ccfc6d4b" outcome="Passed" testListId="8c84fa94-04c1-424b-9868-57a2d4851a1d" relativeResultsDirectory="1005d6f5-2333-4801-bef2-02632e720afc" />
    <UnitTestResult executionId="b46ca9bb-9ab1-4bd8-80b4-6c68ee303ea8" testId="fb8d16f8-d393-a6c5-f7cb-47543546127a" testName="MouseDown_OverLeftRangeBar_RangeMaxUpdated" computerName="DKSR-EFI-04" duration="00:00:00.1081202" startTime="2023-12-22T09:32:34.4903472+01:00" endTime="2023-12-22T09:32:34.5997235+01:00" testType="13cdc9d9-ddb5-4fa4-a97d-d965ccfc6d4b" outcome="Passed" testListId="8c84fa94-04c1-424b-9868-57a2d4851a1d" relativeResultsDirectory="b46ca9bb-9ab1-4bd8-80b4-6c68ee303ea8" />
    <UnitTestResult executionId="824eaf10-9c6e-4bb3-9b86-629029f83de9" testId="39dbf18b-e14c-3648-f5ba-d9480b6b2143" testName="RoundToSecond_RoundDown" computerName="DKSR-EFI-04" duration="00:00:00.0010890" startTime="2023-12-22T09:32:58.2248349+01:00" endTime="2023-12-22T09:32:58.2248349+01:00" testType="13cdc9d9-ddb5-4fa4-a97d-d965ccfc6d4b" outcome="Passed" testListId="8c84fa94-04c1-424b-9868-57a2d4851a1d" relativeResultsDirectory="824eaf10-9c6e-4bb3-9b86-629029f83de9" />
    <UnitTestResult executionId="fbbc90c7-3633-425d-a0bd-86c755f59260" testId="4a077e12-b64a-edfe-3b33-7ee47b81322b" testName="SaveToFile_ShouldNotSaveAllowUnsecureConnection_WhenAllowUnsecureSetToFalse" computerName="DKSR-EFI-04" duration="00:00:00.0028884" startTime="2023-12-22T09:33:07.1780013+01:00" endTime="2023-12-22T09:33:07.1780013+01:00" testType="13cdc9d9-ddb5-4fa4-a97d-d965ccfc6d4b" outcome="Passed" testListId="8c84fa94-04c1-424b-9868-57a2d4851a1d" relativeResultsDirectory="fbbc90c7-3633-425d-a0bd-86c755f59260" />
    <UnitTestResult executionId="1456a08e-e77d-49b4-a0a8-3f8f9ba821d2" testId="661c40ac-bb0a-5c56-01a5-d53b34f19b38" testName="Create_RecycledItemAlreadyBeingReused_Success" computerName="DKSR-EFI-04" duration="00:00:00.0008636" startTime="2023-12-22T09:32:27.8965662+01:00" endTime="2023-12-22T09:32:27.8965662+01:00" testType="13cdc9d9-ddb5-4fa4-a97d-d965ccfc6d4b" outcome="Passed" testListId="8c84fa94-04c1-424b-9868-57a2d4851a1d" relativeResultsDirectory="1456a08e-e77d-49b4-a0a8-3f8f9ba821d2" />
    <UnitTestResult executionId="7f5b706c-e32d-4a77-81cb-b6a679e35ed5" testId="93b7908d-50df-6acc-b081-9e999fed499f" testName="StartServerStates_TimeoutException_WithCustomLogger_DoubledSleepDuration" computerName="DKSR-EFI-04" duration="00:00:00.0051949" startTime="2023-12-22T09:33:06.7561240+01:00" endTime="2023-12-22T09:33:06.7717503+01:00" testType="13cdc9d9-ddb5-4fa4-a97d-d965ccfc6d4b" outcome="Passed" testListId="8c84fa94-04c1-424b-9868-57a2d4851a1d" relativeResultsDirectory="7f5b706c-e32d-4a77-81cb-b6a679e35ed5" />
    <UnitTestResult executionId="7fe2394f-e889-423d-9f7b-e1552fad5909" testId="d94fec79-4b64-232e-e01f-dd0b26b0effe" testName="Constructor_OAuth_ArgumentNull_NotThrown" computerName="DKSR-EFI-04" duration="00:00:00.0072321" startTime="2023-12-22T09:33:06.3967478+01:00" endTime="2023-12-22T09:33:06.3967478+01:00" testType="13cdc9d9-ddb5-4fa4-a97d-d965ccfc6d4b" outcome="Passed" testListId="8c84fa94-04c1-424b-9868-57a2d4851a1d" relativeResultsDirectory="7fe2394f-e889-423d-9f7b-e1552fad5909" />
    <UnitTestResult executionId="66544122-a820-447d-979e-86639d38fa59" testId="6bf27e89-1adf-d0e5-6e64-45ecd4ed017f" testName="RoundToHour_RoundUp" computerName="DKSR-EFI-04" duration="00:00:00.0008433" startTime="2023-12-22T09:32:58.2560875+01:00" endTime="2023-12-22T09:32:58.2560875+01:00" testType="13cdc9d9-ddb5-4fa4-a97d-d965ccfc6d4b" outcome="Passed" testListId="8c84fa94-04c1-424b-9868-57a2d4851a1d" relativeResultsDirectory="66544122-a820-447d-979e-86639d38fa59" />
    <UnitTestResult executionId="26e72d2c-79a6-4057-a62b-3e55b4ca7cac" testId="856c051c-051a-4b4c-bec5-8f02fddd04ae" testName="GetImageSource_Missing24px_Returns32pxImage" computerName="DKSR-EFI-04" duration="00:00:00.0059181" startTime="2023-12-22T09:32:58.0217081+01:00" endTime="2023-12-22T09:32:58.0217081+01:00" testType="13cdc9d9-ddb5-4fa4-a97d-d965ccfc6d4b" outcome="Passed" testListId="8c84fa94-04c1-424b-9868-57a2d4851a1d" relativeResultsDirectory="26e72d2c-79a6-4057-a62b-3e55b4ca7cac" />
    <UnitTestResult executionId="f74f16d4-ab33-4926-acbb-710410ba4fe0" testId="4f94cd28-33c0-a9f8-eb7e-0b5388f1fdc5" testName="TooltipServiceWarning_Failover_SSLError" computerName="DKSR-EFI-04" duration="00:00:00.0003775" startTime="2023-12-22T09:33:05.8186199+01:00" endTime="2023-12-22T09:33:05.8186199+01:00" testType="13cdc9d9-ddb5-4fa4-a97d-d965ccfc6d4b" outcome="Passed" testListId="8c84fa94-04c1-424b-9868-57a2d4851a1d" relativeResultsDirectory="f74f16d4-ab33-4926-acbb-710410ba4fe0" />
    <UnitTestResult executionId="7a5f25ef-1508-4475-a3fe-1451539ff8de" testId="b898ad5d-e738-1d64-d2c4-772f55ed34ea" testName="Full_Updating_With_Comparer_Works" computerName="DKSR-EFI-04" duration="00:00:00.0040535" startTime="2023-12-22T09:32:57.7248301+01:00" endTime="2023-12-22T09:32:57.7248301+01:00" testType="13cdc9d9-ddb5-4fa4-a97d-d965ccfc6d4b" outcome="Passed" testListId="8c84fa94-04c1-424b-9868-57a2d4851a1d" relativeResultsDirectory="7a5f25ef-1508-4475-a3fe-1451539ff8de" />
    <UnitTestResult executionId="04415853-b062-49d9-8899-9db0aeb70863" testId="406127ab-b342-e721-d286-823ee31b0fbc" testName="AuthenticationExternal_CopyConstructor_NullBaseAuth_Throws_ArgumentNullException" computerName="DKSR-EFI-04" duration="00:00:00.0005815" startTime="2023-12-22T09:33:06.8967491+01:00" endTime="2023-12-22T09:33:06.8967491+01:00" testType="13cdc9d9-ddb5-4fa4-a97d-d965ccfc6d4b" outcome="Passed" testListId="8c84fa94-04c1-424b-9868-57a2d4851a1d" relativeResultsDirectory="04415853-b062-49d9-8899-9db0aeb70863" />
    <UnitTestResult executionId="9a648291-bc84-4f44-9422-e5a3ab399dae" testId="f3327606-b2a8-9974-e840-2b31246f10e1" testName="DrawControl_AllRangeSelected_VisualsOK" computerName="DKSR-EFI-04" duration="00:00:00.1162635" startTime="2023-12-22T09:32:33.4434667+01:00" endTime="2023-12-22T09:32:33.5528475+01:00" testType="13cdc9d9-ddb5-4fa4-a97d-d965ccfc6d4b" outcome="Passed" testListId="8c84fa94-04c1-424b-9868-57a2d4851a1d" relativeResultsDirectory="9a648291-bc84-4f44-9422-e5a3ab399dae" />
    <UnitTestResult executionId="f73d62f7-a2da-4cf0-b400-02ad06f61057" testId="3fd0a529-448c-e9e0-7074-0b5c637ad7a8" testName="SetUnsecureConnectionAllowedForUser_ShouldAddUser_WhenAllowUnsecureConnectionsDoesNotContainUser" computerName="DKSR-EFI-04" duration="00:00:00.0012554" startTime="2023-12-22T09:33:07.2405019+01:00" endTime="2023-12-22T09:33:07.2405019+01:00" testType="13cdc9d9-ddb5-4fa4-a97d-d965ccfc6d4b" outcome="Passed" testListId="8c84fa94-04c1-424b-9868-57a2d4851a1d" relativeResultsDirectory="f73d62f7-a2da-4cf0-b400-02ad06f61057" />
    <UnitTestResult executionId="b2cd89a5-1b17-4543-8fae-fba45a1422c0" testId="800a9cc5-fc26-2bf4-fde7-906d76a2a91c" testName="AddToast_ExistingToast_Success" computerName="DKSR-EFI-04" duration="00:00:00.0087079" startTime="2023-12-22T09:32:28.5840718+01:00" endTime="2023-12-22T09:32:28.5840718+01:00" testType="13cdc9d9-ddb5-4fa4-a97d-d965ccfc6d4b" outcome="Passed" testListId="8c84fa94-04c1-424b-9868-57a2d4851a1d" relativeResultsDirectory="b2cd89a5-1b17-4543-8fae-fba45a1422c0" />
    <UnitTestResult executionId="ceb124ab-3db6-41aa-b711-e8d139b493eb" testId="95ce4bfb-8a8a-2e2d-8537-47c45d12d2d7" testName="TileIsStateUndefinedIfCurrentStatesIsNull" computerName="DKSR-EFI-04" duration="00:00:00.0010371" startTime="2023-12-22T09:32:49.5529205+01:00" endTime="2023-12-22T09:32:49.5529205+01:00" testType="13cdc9d9-ddb5-4fa4-a97d-d965ccfc6d4b" outcome="Passed" testListId="8c84fa94-04c1-424b-9868-57a2d4851a1d" relativeResultsDirectory="ceb124ab-3db6-41aa-b711-e8d139b493eb" />
    <UnitTestResult executionId="06529d8b-440f-4c35-8f67-c69be77bc40d" testId="da038b78-6557-20eb-7b54-2bd092edb693" testName="DownTileThrowsIfTileNotInBox" computerName="DKSR-EFI-04" duration="00:00:00.0024117" startTime="2023-12-22T09:32:49.3966679+01:00" endTime="2023-12-22T09:32:49.3966679+01:00" testType="13cdc9d9-ddb5-4fa4-a97d-d965ccfc6d4b" outcome="Passed" testListId="8c84fa94-04c1-424b-9868-57a2d4851a1d" relativeResultsDirectory="06529d8b-440f-4c35-8f67-c69be77bc40d" />
    <UnitTestResult executionId="2d479d26-ffab-48c9-9d2d-d02e8b0932e8" testId="213635e5-649b-5c44-aecd-050b59df7240" testName="Convert_RespectMinValue_Success" computerName="DKSR-EFI-04" duration="00:00:00.0003471" startTime="2023-12-22T09:32:27.9746950+01:00" endTime="2023-12-22T09:32:27.9746950+01:00" testType="13cdc9d9-ddb5-4fa4-a97d-d965ccfc6d4b" outcome="Passed" testListId="8c84fa94-04c1-424b-9868-57a2d4851a1d" relativeResultsDirectory="2d479d26-ffab-48c9-9d2d-d02e8b0932e8" />
    <UnitTestResult executionId="e887bebd-141e-4e5f-81be-8100dd9c9d07" testId="98ef8a3d-1657-a6ae-7eaf-dfb44be1b2e7" testName="GetStates_NoSessionStarted_NoSession" computerName="DKSR-EFI-04" duration="00:00:00.0011686" startTime="2023-12-22T09:33:06.8186253+01:00" endTime="2023-12-22T09:33:06.8342507+01:00" testType="13cdc9d9-ddb5-4fa4-a97d-d965ccfc6d4b" outcome="Passed" testListId="8c84fa94-04c1-424b-9868-57a2d4851a1d" relativeResultsDirectory="e887bebd-141e-4e5f-81be-8100dd9c9d07" />
    <UnitTestResult executionId="04a17655-b3ad-4bf6-884b-3776c1023cbe" testId="2d512390-4feb-0be5-34ad-eaab831bb98b" testName="AddRange_FewItems_SuccessWithSingleNotification" computerName="DKSR-EFI-04" duration="00:00:00.0029299" startTime="2023-12-22T09:33:05.7717437+01:00" endTime="2023-12-22T09:33:05.7873709+01:00" testType="13cdc9d9-ddb5-4fa4-a97d-d965ccfc6d4b" outcome="Passed" testListId="8c84fa94-04c1-424b-9868-57a2d4851a1d" relativeResultsDirectory="04a17655-b3ad-4bf6-884b-3776c1023cbe" />
    <UnitTestResult executionId="70a9aaef-380d-4a9c-b397-f3ec2dc705c4" testId="e47e5959-0404-6a12-bb2e-be035056d2fc" testName="RoundToHour_Nearest" computerName="DKSR-EFI-04" duration="00:00:00.0007514" startTime="2023-12-22T09:32:58.2560875+01:00" endTime="2023-12-22T09:32:58.2560875+01:00" testType="13cdc9d9-ddb5-4fa4-a97d-d965ccfc6d4b" outcome="Passed" testListId="8c84fa94-04c1-424b-9868-57a2d4851a1d" relativeResultsDirectory="70a9aaef-380d-4a9c-b397-f3ec2dc705c4" />
    <UnitTestResult executionId="b2a410f5-f76b-4f6d-960a-02a188b0894c" testId="669c2664-9e93-7539-3901-e5233189df70" testName="Convert_ShouldReturnGreaterThanString_WhenValueIsGreaterThanThreshold" computerName="DKSR-EFI-04" duration="00:00:00.0004538" startTime="2023-12-22T09:32:58.5529632+01:00" endTime="2023-12-22T09:32:58.5529632+01:00" testType="13cdc9d9-ddb5-4fa4-a97d-d965ccfc6d4b" outcome="Passed" testListId="8c84fa94-04c1-424b-9868-57a2d4851a1d" relativeResultsDirectory="b2a410f5-f76b-4f6d-960a-02a188b0894c" />
    <UnitTestResult executionId="1f649075-faa2-419c-b5a0-745bae3f1660" testId="332e199d-ea86-764a-0c78-68ba66fc4ac1" testName="Basic_Functionality_Works" computerName="DKSR-EFI-04" duration="00:00:00.0183139" startTime="2023-12-22T09:32:57.7717075+01:00" endTime="2023-12-22T09:32:57.7873327+01:00" testType="13cdc9d9-ddb5-4fa4-a97d-d965ccfc6d4b" outcome="Passed" testListId="8c84fa94-04c1-424b-9868-57a2d4851a1d" relativeResultsDirectory="1f649075-faa2-419c-b5a0-745bae3f1660" />
    <UnitTestResult executionId="fb65f5fa-2aaf-4fc1-ac04-05a97d93689f" testId="05ee0585-5324-c075-c884-eef61e6407ec" testName="Distinct" computerName="DKSR-EFI-04" duration="00:00:00.0025245" startTime="2023-12-22T09:32:58.0529583+01:00" endTime="2023-12-22T09:32:58.0529583+01:00" testType="13cdc9d9-ddb5-4fa4-a97d-d965ccfc6d4b" outcome="Passed" testListId="8c84fa94-04c1-424b-9868-57a2d4851a1d" relativeResultsDirectory="fb65f5fa-2aaf-4fc1-ac04-05a97d93689f" />
    <UnitTestResult executionId="f64523b3-4901-4772-80fe-d7b1ccab15f8" testId="9512ba48-0839-7f8e-1a51-7ed8079ac71a" testName="Ctor_MaxIdleTimeBeforeCleanupMoreThanAllowed_TimerNotEnabled" computerName="DKSR-EFI-04" duration="00:00:00.0499239" startTime="2023-12-22T09:32:27.8340690+01:00" endTime="2023-12-22T09:32:27.8965662+01:00" testType="13cdc9d9-ddb5-4fa4-a97d-d965ccfc6d4b" outcome="Passed" testListId="8c84fa94-04c1-424b-9868-57a2d4851a1d" relativeResultsDirectory="f64523b3-4901-4772-80fe-d7b1ccab15f8" />
    <UnitTestResult executionId="a3d155a2-9ec3-441b-bf9d-0bded81215d2" testId="b2995b06-1442-48cc-a8f7-299ee21d333d" testName="UpdateFrameworkElementsOverlay_WithUnknownId_ShouldReturnFalse" computerName="DKSR-EFI-04" duration="00:00:00.0006321" startTime="2023-12-22T09:33:05.9748719+01:00" endTime="2023-12-22T09:33:05.9748719+01:00" testType="13cdc9d9-ddb5-4fa4-a97d-d965ccfc6d4b" outcome="Passed" testListId="8c84fa94-04c1-424b-9868-57a2d4851a1d" relativeResultsDirectory="a3d155a2-9ec3-441b-bf9d-0bded81215d2" />
    <UnitTestResult executionId="e899d595-2b7a-49ea-a1e1-09adfff04aef" testId="8381658d-9fd6-1774-072f-49899bddfa46" testName="Stop_ThreadsStopped" computerName="DKSR-EFI-04" duration="00:00:00.0067279" startTime="2023-12-22T09:33:06.5686248+01:00" endTime="2023-12-22T09:33:06.5686248+01:00" testType="13cdc9d9-ddb5-4fa4-a97d-d965ccfc6d4b" outcome="Passed" testListId="8c84fa94-04c1-424b-9868-57a2d4851a1d" relativeResultsDirectory="e899d595-2b7a-49ea-a1e1-09adfff04aef" />
    <UnitTestResult executionId="6b114624-fcb2-42a0-a604-9b9f09ff89ba" testId="b6fd8020-db5d-f64a-77cc-9352b31e97f8" testName="SequenceEquals_EqualCollectionsOrderedDifferently_IgnoreOrder_SymmetricalTrueResult" computerName="DKSR-EFI-04" duration="00:00:00.0002811" startTime="2023-12-22T09:32:57.7560839+01:00" endTime="2023-12-22T09:32:57.7560839+01:00" testType="13cdc9d9-ddb5-4fa4-a97d-d965ccfc6d4b" outcome="Passed" testListId="8c84fa94-04c1-424b-9868-57a2d4851a1d" relativeResultsDirectory="6b114624-fcb2-42a0-a604-9b9f09ff89ba" />
    <UnitTestResult executionId="8edcdf67-9b52-480f-a0c4-95737d4fc3fe" testId="6be2a7ca-9e0f-738a-b561-fdbbb35486e2" testName="ProvideValue_ReturnsThis" computerName="DKSR-EFI-04" duration="00:00:00.0006946" startTime="2023-12-22T09:32:27.9434424+01:00" endTime="2023-12-22T09:32:27.9434424+01:00" testType="13cdc9d9-ddb5-4fa4-a97d-d965ccfc6d4b" outcome="Passed" testListId="8c84fa94-04c1-424b-9868-57a2d4851a1d" relativeResultsDirectory="8edcdf67-9b52-480f-a0c4-95737d4fc3fe" />
    <UnitTestResult executionId="f636f76c-efa0-4369-8390-509c76a29bf2" testId="fe19cce5-cc9d-9aa6-e44d-fbae8d8bb129" testName="SmartSearchFilterValue_Serialize_Success" computerName="DKSR-EFI-04" duration="00:00:00.0139708" startTime="2023-12-22T09:33:05.9904966+01:00" endTime="2023-12-22T09:33:06.0061213+01:00" testType="13cdc9d9-ddb5-4fa4-a97d-d965ccfc6d4b" outcome="Passed" testListId="8c84fa94-04c1-424b-9868-57a2d4851a1d" relativeResultsDirectory="f636f76c-efa0-4369-8390-509c76a29bf2" />
    <UnitTestResult executionId="02b95dd1-f491-4295-b303-9524f01020c5" testId="d6602b74-10ff-8e4a-a599-5e89f61e24aa" testName="DetermineScaledWindowLocationAndSize_AtPosition_100Percent_Scaling" computerName="DKSR-EFI-04" duration="00:00:00.0016001" startTime="2023-12-22T09:32:58.5217095+01:00" endTime="2023-12-22T09:32:58.5373370+01:00" testType="13cdc9d9-ddb5-4fa4-a97d-d965ccfc6d4b" outcome="Passed" testListId="8c84fa94-04c1-424b-9868-57a2d4851a1d" relativeResultsDirectory="02b95dd1-f491-4295-b303-9524f01020c5" />
    <UnitTestResult executionId="ff33d1b5-e5ee-403b-99f8-021b6a39851d" testId="ce44940c-50be-b7ab-4e00-61b9f154d25c" testName="RangeSingleEdit_EnterLargeNumber_EditFieldAutosizedAndCentered" computerName="DKSR-EFI-04" duration="00:00:00.1776256" startTime="2023-12-22T09:32:35.0216012+01:00" endTime="2023-12-22T09:32:35.1934768+01:00" testType="13cdc9d9-ddb5-4fa4-a97d-d965ccfc6d4b" outcome="Passed" testListId="8c84fa94-04c1-424b-9868-57a2d4851a1d" relativeResultsDirectory="ff33d1b5-e5ee-403b-99f8-021b6a39851d" />
    <UnitTestResult executionId="285b7818-1dac-4a4f-a3b0-85315730152a" testId="b64d692e-2bcf-ef81-2204-4e384a726323" testName="GetBoolValueOrDefault_WrongKeyValue_DefaultValueReturned" computerName="DKSR-EFI-04" duration="00:00:00.0006525" startTime="2023-12-22T09:33:06.1936229+01:00" endTime="2023-12-22T09:33:06.1936229+01:00" testType="13cdc9d9-ddb5-4fa4-a97d-d965ccfc6d4b" outcome="Passed" testListId="8c84fa94-04c1-424b-9868-57a2d4851a1d" relativeResultsDirectory="285b7818-1dac-4a4f-a3b0-85315730152a" />
    <UnitTestResult executionId="b9ccf081-9ff2-4a40-ba04-c9670ef17a6a" testId="dbce7785-0027-ceda-950a-0631c1c23a9b" testName="GetAllIntersectingTest" computerName="DKSR-EFI-04" duration="00:00:00.0106802" startTime="2023-12-22T09:32:26.9121889+01:00" endTime="2023-12-22T09:32:26.9121889+01:00" testType="13cdc9d9-ddb5-4fa4-a97d-d965ccfc6d4b" outcome="Passed" testListId="8c84fa94-04c1-424b-9868-57a2d4851a1d" relativeResultsDirectory="b9ccf081-9ff2-4a40-ba04-c9670ef17a6a" />
    <UnitTestResult executionId="959458b9-9498-4fa0-b54d-bbc81919fbf8" testId="82fcf867-5749-9edd-5c4f-4e3b8b6ee0a4" testName="ExtensionBeginInvokeOneParamTest" computerName="DKSR-EFI-04" duration="00:00:00.0247643" startTime="2023-12-22T09:32:26.5528127+01:00" endTime="2023-12-22T09:32:26.5840621+01:00" testType="13cdc9d9-ddb5-4fa4-a97d-d965ccfc6d4b" outcome="Passed" testListId="8c84fa94-04c1-424b-9868-57a2d4851a1d" relativeResultsDirectory="959458b9-9498-4fa0-b54d-bbc81919fbf8" />
    <UnitTestResult executionId="305e1b1d-0eba-4564-b8bd-cdbf96518584" testId="3b4e9ba3-5a1a-3d04-7b0a-c75c5f0c3a72" testName="StopsFiringAfterRemove" computerName="DKSR-EFI-04" duration="00:00:00.0011004" startTime="2023-12-22T09:32:57.8185832+01:00" endTime="2023-12-22T09:32:57.8185832+01:00" testType="13cdc9d9-ddb5-4fa4-a97d-d965ccfc6d4b" outcome="Passed" testListId="8c84fa94-04c1-424b-9868-57a2d4851a1d" relativeResultsDirectory="305e1b1d-0eba-4564-b8bd-cdbf96518584" />
    <UnitTestResult executionId="52dd1f8e-2fea-4cb1-83b1-de3ef6bf751f" testId="ff1a4b6f-649a-7590-b9c5-b466353c43f8" testName="Constructor_BasicUser_ArgumentNull_NotThrown" computerName="DKSR-EFI-04" duration="00:00:00.0011063" startTime="2023-12-22T09:33:06.5061239+01:00" endTime="2023-12-22T09:33:06.5061239+01:00" testType="13cdc9d9-ddb5-4fa4-a97d-d965ccfc6d4b" outcome="Passed" testListId="8c84fa94-04c1-424b-9868-57a2d4851a1d" relativeResultsDirectory="52dd1f8e-2fea-4cb1-83b1-de3ef6bf751f" />
    <UnitTestResult executionId="ffcee717-0460-4187-bb84-d6a52b543660" testId="0b0e0ad1-c995-9403-bc1c-5f3fb5cc273a" testName="GetBoolValueOrDefault_KeyFound_ValueReturned" computerName="DKSR-EFI-04" duration="00:00:00.0002031" startTime="2023-12-22T09:33:06.1936229+01:00" endTime="2023-12-22T09:33:06.1936229+01:00" testType="13cdc9d9-ddb5-4fa4-a97d-d965ccfc6d4b" outcome="Passed" testListId="8c84fa94-04c1-424b-9868-57a2d4851a1d" relativeResultsDirectory="ffcee717-0460-4187-bb84-d6a52b543660" />
    <UnitTestResult executionId="66a2a4f8-fe97-43ca-891b-db800b0b4f34" testId="d5c0e485-765d-c99d-60c1-f669baa2c385" testName="Convert_SingleValueConverter_ValidValue_Success" computerName="DKSR-EFI-04" duration="00:00:00.0005311" startTime="2023-12-22T09:32:58.5685868+01:00" endTime="2023-12-22T09:32:58.5685868+01:00" testType="13cdc9d9-ddb5-4fa4-a97d-d965ccfc6d4b" outcome="Passed" testListId="8c84fa94-04c1-424b-9868-57a2d4851a1d" relativeResultsDirectory="66a2a4f8-fe97-43ca-891b-db800b0b4f34" />
    <UnitTestResult executionId="39301744-c0ae-4b58-8c4c-f32091544430" testId="84bf38e9-9144-dc3f-3fbb-788aeff94918" testName="AddNullToast_Failure_WithArgumentNullException" computerName="DKSR-EFI-04" duration="00:00:00.0015553" startTime="2023-12-22T09:32:58.8498367+01:00" endTime="2023-12-22T09:32:58.8498367+01:00" testType="13cdc9d9-ddb5-4fa4-a97d-d965ccfc6d4b" outcome="Passed" testListId="8c84fa94-04c1-424b-9868-57a2d4851a1d" relativeResultsDirectory="39301744-c0ae-4b58-8c4c-f32091544430" />
    <UnitTestResult executionId="ad001cc4-197e-4add-96ae-3833043b5192" testId="35804b06-11f8-fb19-7cd9-4b5182d944a6" testName="TestTest" computerName="DKSR-EFI-04" duration="00:00:00.0656396" startTime="2023-12-22T09:32:26.7403139+01:00" endTime="2023-12-22T09:32:26.8184381+01:00" testType="13cdc9d9-ddb5-4fa4-a97d-d965ccfc6d4b" outcome="Passed" testListId="8c84fa94-04c1-424b-9868-57a2d4851a1d" relativeResultsDirectory="ad001cc4-197e-4add-96ae-3833043b5192" />
    <UnitTestResult executionId="a9124168-1518-41e1-9327-6b005679f6be" testId="4a3a4767-2fcd-8cd1-559f-f87bde132fcc" testName="RoundToMillisecond_Nearest" computerName="DKSR-EFI-04" duration="00:00:00.0014810" startTime="2023-12-22T09:32:57.8498336+01:00" endTime="2023-12-22T09:32:57.8498336+01:00" testType="13cdc9d9-ddb5-4fa4-a97d-d965ccfc6d4b" outcome="Passed" testListId="8c84fa94-04c1-424b-9868-57a2d4851a1d" relativeResultsDirectory="a9124168-1518-41e1-9327-6b005679f6be" />
    <UnitTestResult executionId="6d3514b0-9ec0-4ca2-8acc-ea6cb596b5fe" testId="3eb1bfa3-50f3-b918-d5a1-91e494194649" testName="GetImageSource_fallbackImageThrows_ExceptionIsThrown" computerName="DKSR-EFI-04" duration="00:00:00.0012820" startTime="2023-12-22T09:32:58.0529583+01:00" endTime="2023-12-22T09:32:58.0529583+01:00" testType="13cdc9d9-ddb5-4fa4-a97d-d965ccfc6d4b" outcome="Passed" testListId="8c84fa94-04c1-424b-9868-57a2d4851a1d" relativeResultsDirectory="6d3514b0-9ec0-4ca2-8acc-ea6cb596b5fe" />
    <UnitTestResult executionId="baf2f0be-a75b-4f2e-8364-9e2c6bba5347" testId="89375aca-5b37-064f-74cf-5102a1c4ec81" testName="ProvideValue_ReturnsThis" computerName="DKSR-EFI-04" duration="00:00:00.0102182" startTime="2023-12-22T09:32:27.9121924+01:00" endTime="2023-12-22T09:32:27.9278167+01:00" testType="13cdc9d9-ddb5-4fa4-a97d-d965ccfc6d4b" outcome="Passed" testListId="8c84fa94-04c1-424b-9868-57a2d4851a1d" relativeResultsDirectory="baf2f0be-a75b-4f2e-8364-9e2c6bba5347" />
    <UnitTestResult executionId="7cd4c9e9-6f2b-4377-927f-2de4ffa5673a" testId="4542ac08-3156-be6f-f9b6-60fac905db13" testName="DetermineScaledWindowLocationAndSize_AtPosition_150Percent_Scaling" computerName="DKSR-EFI-04" duration="00:00:00.0011054" startTime="2023-12-22T09:32:58.5373370+01:00" endTime="2023-12-22T09:32:58.5373370+01:00" testType="13cdc9d9-ddb5-4fa4-a97d-d965ccfc6d4b" outcome="Passed" testListId="8c84fa94-04c1-424b-9868-57a2d4851a1d" relativeResultsDirectory="7cd4c9e9-6f2b-4377-927f-2de4ffa5673a" />
    <UnitTestResult executionId="52c120e5-d216-4071-8223-d4e82f3171c5" testId="aadb342a-ff06-0cc2-8ee7-a275dc1cd7f8" testName="MeasureOverride_4child_InvalidChild_EnoughSpace_NotShrunk" computerName="DKSR-EFI-04" duration="00:00:00.0031542" startTime="2023-12-22T09:32:35.5997289+01:00" endTime="2023-12-22T09:32:35.5997289+01:00" testType="13cdc9d9-ddb5-4fa4-a97d-d965ccfc6d4b" outcome="Passed" testListId="8c84fa94-04c1-424b-9868-57a2d4851a1d" relativeResultsDirectory="52c120e5-d216-4071-8223-d4e82f3171c5" />
    <UnitTestResult executionId="0a0e265a-9397-44b1-b415-043edb189f70" testId="bf5e8c22-a26b-18f1-1802-acbe936c6160" testName="StartServerStates_Success_WithUpdate" computerName="DKSR-EFI-04" duration="00:00:00.0021312" startTime="2023-12-22T09:33:06.7405004+01:00" endTime="2023-12-22T09:33:06.7405004+01:00" testType="13cdc9d9-ddb5-4fa4-a97d-d965ccfc6d4b" outcome="Passed" testListId="8c84fa94-04c1-424b-9868-57a2d4851a1d" relativeResultsDirectory="0a0e265a-9397-44b1-b415-043edb189f70" />
    <UnitTestResult executionId="9d387aba-0c75-4dcb-ab94-a815d2f161e2" testId="a77657a1-a493-b15e-b5c4-9e5ce796a8ee" testName="MouseLeftButtonUp_ShouldNotInvokeClickHandlerAfterDelay_WhenNoDoubleClickIsDetectedAndMouseIsNotDirectlyOver" computerName="DKSR-EFI-04" duration="00:00:00.0018730" startTime="2023-12-22T09:33:05.9123699+01:00" endTime="2023-12-22T09:33:05.9123699+01:00" testType="13cdc9d9-ddb5-4fa4-a97d-d965ccfc6d4b" outcome="Passed" testListId="8c84fa94-04c1-424b-9868-57a2d4851a1d" relativeResultsDirectory="9d387aba-0c75-4dcb-ab94-a815d2f161e2" />
    <UnitTestResult executionId="befd5ff1-3b52-4495-afc5-c32a753482b1" testId="a3cffcd5-ca5b-acfc-2c92-56cbd2780945" testName="RightMouseDown_InsideSelection_NothingChanges" computerName="DKSR-EFI-04" duration="00:00:00.0886217" startTime="2023-12-22T09:32:34.7716041+01:00" endTime="2023-12-22T09:32:34.8653481+01:00" testType="13cdc9d9-ddb5-4fa4-a97d-d965ccfc6d4b" outcome="Passed" testListId="8c84fa94-04c1-424b-9868-57a2d4851a1d" relativeResultsDirectory="befd5ff1-3b52-4495-afc5-c32a753482b1" />
    <UnitTestResult executionId="eda71b43-bc19-4fbb-8cbe-0935a3a29bc5" testId="4d866a2f-8988-0d70-b30c-379e46401f2f" testName="Ctor_CreateAndClose_Success" computerName="DKSR-EFI-04" duration="00:00:00.1155348" startTime="2023-12-22T09:32:58.5998380+01:00" endTime="2023-12-22T09:32:58.7248390+01:00" testType="13cdc9d9-ddb5-4fa4-a97d-d965ccfc6d4b" outcome="Passed" testListId="8c84fa94-04c1-424b-9868-57a2d4851a1d" relativeResultsDirectory="eda71b43-bc19-4fbb-8cbe-0935a3a29bc5" />
    <UnitTestResult executionId="6e97bc0e-a547-4959-b52a-36aad0c4d29e" testId="a6478b4f-f785-703a-7384-c2061869f444" testName="DoComboTicksAllIfSelectedTileIsNull" computerName="DKSR-EFI-04" duration="00:00:00.0017023" startTime="2023-12-22T09:32:49.5841678+01:00" endTime="2023-12-22T09:32:49.5841678+01:00" testType="13cdc9d9-ddb5-4fa4-a97d-d965ccfc6d4b" outcome="Passed" testListId="8c84fa94-04c1-424b-9868-57a2d4851a1d" relativeResultsDirectory="6e97bc0e-a547-4959-b52a-36aad0c4d29e" />
    <UnitTestResult executionId="c784b23b-9928-4877-a2a6-3ff580126923" testId="4ddfc6a2-cba3-9569-714c-b24431bc49c1" testName="DrawControl_ReapplyTemplate_Success" computerName="DKSR-EFI-04" duration="00:00:00.1500828" startTime="2023-12-22T09:32:33.2872183+01:00" endTime="2023-12-22T09:32:33.4278439+01:00" testType="13cdc9d9-ddb5-4fa4-a97d-d965ccfc6d4b" outcome="Passed" testListId="8c84fa94-04c1-424b-9868-57a2d4851a1d" relativeResultsDirectory="c784b23b-9928-4877-a2a6-3ff580126923" />
    <UnitTestResult executionId="5dd625cc-265d-48fc-bd36-4244fd2bb9ac" testId="97ed5bad-2fed-e9d4-6d6f-bad924a904de" testName="GetStates_NoSessionStarted_NoSession" computerName="DKSR-EFI-04" duration="00:00:00.0011118" startTime="2023-12-22T09:33:06.2873722+01:00" endTime="2023-12-22T09:33:06.2873722+01:00" testType="13cdc9d9-ddb5-4fa4-a97d-d965ccfc6d4b" outcome="Passed" testListId="8c84fa94-04c1-424b-9868-57a2d4851a1d" relativeResultsDirectory="5dd625cc-265d-48fc-bd36-4244fd2bb9ac" />
    <UnitTestResult executionId="9983f8e3-a248-4824-9e1b-3e5a62887fea" testId="12ac6e7d-4dc0-7730-a820-51b345ac71e7" testName="ctor_Success" computerName="DKSR-EFI-04" duration="00:00:01.0582361" startTime="2023-12-22T09:32:28.6465703+01:00" endTime="2023-12-22T09:32:29.7090764+01:00" testType="13cdc9d9-ddb5-4fa4-a97d-d965ccfc6d4b" outcome="Passed" testListId="8c84fa94-04c1-424b-9868-57a2d4851a1d" relativeResultsDirectory="9983f8e3-a248-4824-9e1b-3e5a62887fea" />
    <UnitTestResult executionId="44187acf-9d0a-4b2f-9436-cd15c0b0c8c1" testId="31fd8fc3-155f-83fd-baeb-6572fbd4102c" testName="DownTileSwapsPositionsOfTileAndSuccessor" computerName="DKSR-EFI-04" duration="00:00:00.0046437" startTime="2023-12-22T09:32:49.4122918+01:00" endTime="2023-12-22T09:32:49.4122918+01:00" testType="13cdc9d9-ddb5-4fa4-a97d-d965ccfc6d4b" outcome="Passed" testListId="8c84fa94-04c1-424b-9868-57a2d4851a1d" relativeResultsDirectory="44187acf-9d0a-4b2f-9436-cd15c0b0c8c1" />
    <UnitTestResult executionId="ef32413c-b531-4eb4-9066-d6bb10f70881" testId="b0a63f8f-6af7-a1eb-69e4-87897c177ded" testName="ClearUnsecureConnectionAllowedForUser_ShouldDoNothing_WhenUserDoesNotExist" computerName="DKSR-EFI-04" duration="00:00:00.0006887" startTime="2023-12-22T09:33:07.2248786+01:00" endTime="2023-12-22T09:33:07.2248786+01:00" testType="13cdc9d9-ddb5-4fa4-a97d-d965ccfc6d4b" outcome="Passed" testListId="8c84fa94-04c1-424b-9868-57a2d4851a1d" relativeResultsDirectory="ef32413c-b531-4eb4-9066-d6bb10f70881" />
    <UnitTestResult executionId="2c02d912-7bbd-45fd-85ab-3c93b9286de6" testId="a0a697d6-c6a3-5a08-d701-7b26e299e138" testName="SaveToFile_ShouldSaveAllowUnsecureConnection_WhenAllowUnsecureSetToTrueAndServerEntryDoesNotExistInXml" computerName="DKSR-EFI-04" duration="00:00:00.0028768" startTime="2023-12-22T09:33:07.1780013+01:00" endTime="2023-12-22T09:33:07.1936274+01:00" testType="13cdc9d9-ddb5-4fa4-a97d-d965ccfc6d4b" outcome="Passed" testListId="8c84fa94-04c1-424b-9868-57a2d4851a1d" relativeResultsDirectory="2c02d912-7bbd-45fd-85ab-3c93b9286de6" />
    <UnitTestResult executionId="fd484d4d-7b49-4dc8-abbc-88984f447a8a" testId="732023ed-2a84-ce2e-e7c1-285eeae1c920" testName="OnPreviewKeyDown_LeftCtrl_A_UnselectAll_Success" computerName="DKSR-EFI-04" duration="00:00:00.2179240" startTime="2023-12-22T09:33:03.0373567+01:00" endTime="2023-12-22T09:33:03.2561084+01:00" testType="13cdc9d9-ddb5-4fa4-a97d-d965ccfc6d4b" outcome="Passed" testListId="8c84fa94-04c1-424b-9868-57a2d4851a1d" relativeResultsDirectory="fd484d4d-7b49-4dc8-abbc-88984f447a8a" />
    <UnitTestResult executionId="2606ff85-43d1-403e-8f50-817892129ed6" testId="3310872c-02b1-3a9f-d890-3c3dc06b553c" testName="ToastOnToastRemoved_ToastRemoved_Success" computerName="DKSR-EFI-04" duration="00:00:00.0324249" startTime="2023-12-22T09:32:28.5996952+01:00" endTime="2023-12-22T09:32:28.6309469+01:00" testType="13cdc9d9-ddb5-4fa4-a97d-d965ccfc6d4b" outcome="Passed" testListId="8c84fa94-04c1-424b-9868-57a2d4851a1d" relativeResultsDirectory="2606ff85-43d1-403e-8f50-817892129ed6" />
    <UnitTestResult executionId="837b57d3-d6f9-4ed2-ab2e-49a27395c5f8" testId="75b02970-aa24-70a3-87c6-08d86ea85974" testName="AuthenticationWindowsDefault_SetName_Throws_InvalidOperationException" computerName="DKSR-EFI-04" duration="00:00:00.0007072" startTime="2023-12-22T09:33:06.8498751+01:00" endTime="2023-12-22T09:33:06.8498751+01:00" testType="13cdc9d9-ddb5-4fa4-a97d-d965ccfc6d4b" outcome="Passed" testListId="8c84fa94-04c1-424b-9868-57a2d4851a1d" relativeResultsDirectory="837b57d3-d6f9-4ed2-ab2e-49a27395c5f8" />
    <UnitTestResult executionId="44be00e8-19ac-46c2-b9a6-c61a0389e72a" testId="877328ba-697b-0240-60a8-80c7a7d265bf" testName="OnPreviewKeyDown_LeftCtrl_A_SelectAll_Success" computerName="DKSR-EFI-04" duration="00:00:00.1981069" startTime="2023-12-22T09:33:02.6311071+01:00" endTime="2023-12-22T09:33:02.8342308+01:00" testType="13cdc9d9-ddb5-4fa4-a97d-d965ccfc6d4b" outcome="Passed" testListId="8c84fa94-04c1-424b-9868-57a2d4851a1d" relativeResultsDirectory="44be00e8-19ac-46c2-b9a6-c61a0389e72a" />
    <UnitTestResult executionId="3d59260b-44f9-4d7c-b985-291ec3c97334" testId="441a4176-3f9e-7fdb-d742-3ee7574fadc4" testName="TooltipServiceWarning_Failover_LocalAuthorizationError" computerName="DKSR-EFI-04" duration="00:00:00.0003592" startTime="2023-12-22T09:33:05.8186199+01:00" endTime="2023-12-22T09:33:05.8186199+01:00" testType="13cdc9d9-ddb5-4fa4-a97d-d965ccfc6d4b" outcome="Passed" testListId="8c84fa94-04c1-424b-9868-57a2d4851a1d" relativeResultsDirectory="3d59260b-44f9-4d7c-b985-291ec3c97334" />
    <UnitTestResult executionId="70d905ef-d872-47b7-a188-2147af42798e" testId="c92c23d1-5ca1-d95a-512b-ef3370dd6502" testName="ThumbsCanBeAddedAndFetchedTest" computerName="DKSR-EFI-04" duration="00:00:00.0030870" startTime="2023-12-22T09:32:48.6466630+01:00" endTime="2023-12-22T09:32:48.6466630+01:00" testType="13cdc9d9-ddb5-4fa4-a97d-d965ccfc6d4b" outcome="Passed" testListId="8c84fa94-04c1-424b-9868-57a2d4851a1d" relativeResultsDirectory="70d905ef-d872-47b7-a188-2147af42798e" />
    <UnitTestResult executionId="7a7130d0-3427-4210-b19a-5eb313a91eef" testId="7b296182-9791-5bb6-d0bc-cac1175b5b79" testName="AuthenticationSimple_SetProperties_Success" computerName="DKSR-EFI-04" duration="00:00:00.0006554" startTime="2023-12-22T09:33:06.8811271+01:00" endTime="2023-12-22T09:33:06.8811271+01:00" testType="13cdc9d9-ddb5-4fa4-a97d-d965ccfc6d4b" outcome="Passed" testListId="8c84fa94-04c1-424b-9868-57a2d4851a1d" relativeResultsDirectory="7a7130d0-3427-4210-b19a-5eb313a91eef" />
    <UnitTestResult executionId="e6f51672-58e5-4066-a2ac-a87221d2a19a" testId="b62c4f1d-0c70-3ca6-698f-93042754bfc6" testName="ChangeMaxValue_LessThanMinValue_RangeAndMinValueUpdated" computerName="DKSR-EFI-04" duration="00:00:00.0027674" startTime="2023-12-22T09:32:33.0372158+01:00" endTime="2023-12-22T09:32:33.0372158+01:00" testType="13cdc9d9-ddb5-4fa4-a97d-d965ccfc6d4b" outcome="Passed" testListId="8c84fa94-04c1-424b-9868-57a2d4851a1d" relativeResultsDirectory="e6f51672-58e5-4066-a2ac-a87221d2a19a" />
    <UnitTestResult executionId="47db34a5-8467-458c-a305-dffc1317d0ac" testId="ef941c35-94f0-1c6b-ae1b-3d9480badfe1" testName="ChangeMinValue_GreaterThanMaxValue_RangeAndMaxValueUpdated" computerName="DKSR-EFI-04" duration="00:00:00.0027779" startTime="2023-12-22T09:32:33.0372158+01:00" endTime="2023-12-22T09:32:33.0372158+01:00" testType="13cdc9d9-ddb5-4fa4-a97d-d965ccfc6d4b" outcome="Passed" testListId="8c84fa94-04c1-424b-9868-57a2d4851a1d" relativeResultsDirectory="47db34a5-8467-458c-a305-dffc1317d0ac" />
    <UnitTestResult executionId="3f591888-52c5-4ad3-a009-a1a3e320a16b" testId="b4b9ceca-0f9b-2f70-098f-b833aa83e26b" testName="StartServerStates_CommunicationException_DoubledSleepDuration" computerName="DKSR-EFI-04" duration="00:00:00.0027570" startTime="2023-12-22T09:33:06.7717503+01:00" endTime="2023-12-22T09:33:06.7717503+01:00" testType="13cdc9d9-ddb5-4fa4-a97d-d965ccfc6d4b" outcome="Passed" testListId="8c84fa94-04c1-424b-9868-57a2d4851a1d" relativeResultsDirectory="3f591888-52c5-4ad3-a009-a1a3e320a16b" />
    <UnitTestResult executionId="9e4fae27-ad84-43d2-994d-bdac79ac8cac" testId="8d2e4a94-ff96-e137-7aa1-856c2b177202" testName="FindOptimalTilingCalculatesEqualNumberOfRowsAndColumnsIfRatioIsOne" computerName="DKSR-EFI-04" duration="00:00:00.3232064" startTime="2023-12-22T09:32:48.7560406+01:00" endTime="2023-12-22T09:32:49.0685425+01:00" testType="13cdc9d9-ddb5-4fa4-a97d-d965ccfc6d4b" outcome="Passed" testListId="8c84fa94-04c1-424b-9868-57a2d4851a1d" relativeResultsDirectory="9e4fae27-ad84-43d2-994d-bdac79ac8cac" />
    <UnitTestResult executionId="9a0b2bba-e1c2-451b-93de-e8bf95e819c7" testId="e5e8af21-71fb-6408-e3b9-cb39965b660d" testName="StartCameraStates_CommunicationException_DoubledSleepDuration" computerName="DKSR-EFI-04" duration="00:00:00.0058989" startTime="2023-12-22T09:33:06.7092500+01:00" endTime="2023-12-22T09:33:06.7092500+01:00" testType="13cdc9d9-ddb5-4fa4-a97d-d965ccfc6d4b" outcome="Passed" testListId="8c84fa94-04c1-424b-9868-57a2d4851a1d" relativeResultsDirectory="9a0b2bba-e1c2-451b-93de-e8bf95e819c7" />
    <UnitTestResult executionId="3dda5c02-918a-48fe-9b12-4952c44027b7" testId="f9581051-4325-f7fc-7cc2-b7b62afe7956" testName="MeasureOverride_NoChildEnoughSpace_NotShrunk" computerName="DKSR-EFI-04" duration="00:00:00.0166117" startTime="2023-12-22T09:32:35.5528523+01:00" endTime="2023-12-22T09:32:35.5687326+01:00" testType="13cdc9d9-ddb5-4fa4-a97d-d965ccfc6d4b" outcome="Passed" testListId="8c84fa94-04c1-424b-9868-57a2d4851a1d" relativeResultsDirectory="3dda5c02-918a-48fe-9b12-4952c44027b7" />
    <UnitTestResult executionId="d0c92fe7-fa7a-4172-8bff-9b06a5adba70" testId="09ded2a6-c372-2eb2-ac00-fef2bebd4e6e" testName="TryCreateUri_ShouldReturnValidUri_WhenInputIsAbsoluteUri" computerName="DKSR-EFI-04" duration="00:00:00.0070131" startTime="2023-12-22T09:32:58.1779586+01:00" endTime="2023-12-22T09:32:58.1779586+01:00" testType="13cdc9d9-ddb5-4fa4-a97d-d965ccfc6d4b" outcome="Passed" testListId="8c84fa94-04c1-424b-9868-57a2d4851a1d" relativeResultsDirectory="d0c92fe7-fa7a-4172-8bff-9b06a5adba70" />
    <UnitTestResult executionId="add6878b-b280-4005-ba06-4c29edc1ee90" testId="b55addd3-5335-70b5-4725-96a0e81794df" testName="ArrangeOverride__6child_AllMustShrink__AllAreShrunk" computerName="DKSR-EFI-04" duration="00:00:00.0111472" startTime="2023-12-22T09:32:35.6778547+01:00" endTime="2023-12-22T09:32:35.6934799+01:00" testType="13cdc9d9-ddb5-4fa4-a97d-d965ccfc6d4b" outcome="Passed" testListId="8c84fa94-04c1-424b-9868-57a2d4851a1d" relativeResultsDirectory="add6878b-b280-4005-ba06-4c29edc1ee90">
      <Output>
        <StdOut>Debug Trace:&#xD;
offsets: 0, 20, 40, 60, 60, 80&#xD;
widths: 10, 10, 10, 0, 10, 10</StdOut>
      </Output>
    </UnitTestResult>
    <UnitTestResult executionId="f4659daf-7aba-4c6d-9005-ca1bec96f69c" testId="38f8f45d-602d-9fe2-6af1-7d834fd278db" testName="GetImageSource_thisIconIsNull_ReturnsFallback" computerName="DKSR-EFI-04" duration="00:00:00.0106889" startTime="2023-12-22T09:32:58.0373326+01:00" endTime="2023-12-22T09:32:58.0373326+01:00" testType="13cdc9d9-ddb5-4fa4-a97d-d965ccfc6d4b" outcome="Passed" testListId="8c84fa94-04c1-424b-9868-57a2d4851a1d" relativeResultsDirectory="f4659daf-7aba-4c6d-9005-ca1bec96f69c" />
    <UnitTestResult executionId="19164443-c03f-40eb-873c-4ca01e5a0fe8" testId="b8abe570-968b-bdd1-9711-285d9d0a6ba1" testName="Changing_Items_In_The_Middle_Works" computerName="DKSR-EFI-04" duration="00:00:00.0016122" startTime="2023-12-22T09:32:57.7873327+01:00" endTime="2023-12-22T09:32:57.8029578+01:00" testType="13cdc9d9-ddb5-4fa4-a97d-d965ccfc6d4b" outcome="Passed" testListId="8c84fa94-04c1-424b-9868-57a2d4851a1d" relativeResultsDirectory="19164443-c03f-40eb-873c-4ca01e5a0fe8" />
    <UnitTestResult executionId="48297e8a-bf06-4138-9b40-bf6efae20573" testId="62aebf56-249e-bb4c-3c75-70b7badd4f85" testName="MouseHover_OverRangeBarAndThumbs_IsMouseOverRangeBar_IsTrue" computerName="DKSR-EFI-04" duration="00:00:00.0901376" startTime="2023-12-22T09:32:34.1934730+01:00" endTime="2023-12-22T09:32:34.2715975+01:00" testType="13cdc9d9-ddb5-4fa4-a97d-d965ccfc6d4b" outcome="Passed" testListId="8c84fa94-04c1-424b-9868-57a2d4851a1d" relativeResultsDirectory="48297e8a-bf06-4138-9b40-bf6efae20573" />
    <UnitTestResult executionId="797f8f95-cd23-4b5b-b6ff-cfbf7fea2f55" testId="278a11dd-76cf-5c46-224d-0d3283afee51" testName="GetStates_SessionStarted_WithStates" computerName="DKSR-EFI-04" duration="00:00:00.0008680" startTime="2023-12-22T09:33:06.2717481+01:00" endTime="2023-12-22T09:33:06.2717481+01:00" testType="13cdc9d9-ddb5-4fa4-a97d-d965ccfc6d4b" outcome="Passed" testListId="8c84fa94-04c1-424b-9868-57a2d4851a1d" relativeResultsDirectory="797f8f95-cd23-4b5b-b6ff-cfbf7fea2f55" />
    <UnitTestResult executionId="3941aadc-49e6-415b-b16b-d358ac2786d5" testId="90cfc5f0-b7f9-31e3-d21a-be242b733ee9" testName="SingleServerMustSetDisplayNameDeletedServerTextIfItDoesNotExist" computerName="DKSR-EFI-04" duration="00:00:00.0025377" startTime="2023-12-22T09:32:49.7247939+01:00" endTime="2023-12-22T09:32:49.7247939+01:00" testType="13cdc9d9-ddb5-4fa4-a97d-d965ccfc6d4b" outcome="Passed" testListId="8c84fa94-04c1-424b-9868-57a2d4851a1d" relativeResultsDirectory="3941aadc-49e6-415b-b16b-d358ac2786d5" />
    <UnitTestResult executionId="5097df24-2fdb-4b02-acb9-499ced980bdc" testId="4fee98d5-de39-1ee6-cb6e-aeb30d9e4547" testName="GetBoolValueOrDefault_KeyNotFound_DefaultValueReturned" computerName="DKSR-EFI-04" duration="00:00:00.0003273" startTime="2023-12-22T09:33:06.1936229+01:00" endTime="2023-12-22T09:33:06.1936229+01:00" testType="13cdc9d9-ddb5-4fa4-a97d-d965ccfc6d4b" outcome="Passed" testListId="8c84fa94-04c1-424b-9868-57a2d4851a1d" relativeResultsDirectory="5097df24-2fdb-4b02-acb9-499ced980bdc" />
    <UnitTestResult executionId="28efe6a8-0f7c-444c-81b9-14841620cde9" testId="af38776a-6751-f268-5d04-8090b4d28593" testName="TileLayout_Selected_BorderBrushUpdated" computerName="DKSR-EFI-04" duration="00:00:00.0095141" startTime="2023-12-22T09:32:58.9748360+01:00" endTime="2023-12-22T09:32:58.9748360+01:00" testType="13cdc9d9-ddb5-4fa4-a97d-d965ccfc6d4b" outcome="Passed" testListId="8c84fa94-04c1-424b-9868-57a2d4851a1d" relativeResultsDirectory="28efe6a8-0f7c-444c-81b9-14841620cde9" />
    <UnitTestResult executionId="15ce4401-3d83-4b5f-ac51-29501b3d1cef" testId="70718e81-81f4-db7d-389b-91346f649480" testName="AuthenticationWindows_SetName_Throws_InvalidOperationException" computerName="DKSR-EFI-04" duration="00:00:00.0007323" startTime="2023-12-22T09:33:06.8498751+01:00" endTime="2023-12-22T09:33:06.8498751+01:00" testType="13cdc9d9-ddb5-4fa4-a97d-d965ccfc6d4b" outcome="Passed" testListId="8c84fa94-04c1-424b-9868-57a2d4851a1d" relativeResultsDirectory="15ce4401-3d83-4b5f-ac51-29501b3d1cef" />
    <UnitTestResult executionId="405a9d0c-1582-41e7-9be9-cb61c1c4aea2" testId="2e5f6fa9-36cf-588f-e363-93c7c6e15067" testName="Constructor_StateService_ArgumentNull_Thrown" computerName="DKSR-EFI-04" duration="00:00:00.0014820" startTime="2023-12-22T09:33:06.7873746+01:00" endTime="2023-12-22T09:33:06.7873746+01:00" testType="13cdc9d9-ddb5-4fa4-a97d-d965ccfc6d4b" outcome="Passed" testListId="8c84fa94-04c1-424b-9868-57a2d4851a1d" relativeResultsDirectory="405a9d0c-1582-41e7-9be9-cb61c1c4aea2" />
    <UnitTestResult executionId="97865dab-ff3a-470d-b39e-29455febc848" testId="3d782eb2-1185-1de8-9482-d479e4373af3" testName="MeasureCounters_UpdatesMemoryUsage_WithPercentage" computerName="DKSR-EFI-04" duration="00:00:00.0017227" startTime="2023-12-22T09:32:57.4279590+01:00" endTime="2023-12-22T09:32:57.4435826+01:00" testType="13cdc9d9-ddb5-4fa4-a97d-d965ccfc6d4b" outcome="Passed" testListId="8c84fa94-04c1-424b-9868-57a2d4851a1d" relativeResultsDirectory="97865dab-ff3a-470d-b39e-29455febc848" />
    <UnitTestResult executionId="ef9622cd-3db9-40a1-892a-30d0b2c11955" testId="16ee0ac6-17eb-3505-339b-384a8e931cbc" testName="ThumbLoadedEventIsNotFiredUntilAllThumbsAreLoaded" computerName="DKSR-EFI-04" duration="00:00:12.8704204" startTime="2023-12-22T09:32:35.7247296+01:00" endTime="2023-12-22T09:32:48.5841637+01:00" testType="13cdc9d9-ddb5-4fa4-a97d-d965ccfc6d4b" outcome="Passed" testListId="8c84fa94-04c1-424b-9868-57a2d4851a1d" relativeResultsDirectory="ef9622cd-3db9-40a1-892a-30d0b2c11955" />
    <UnitTestResult executionId="bbff0e12-f2d9-4fe4-be32-42e61b1a9bf4" testId="b8e97d03-ef15-901d-1e9d-db40f54cbfb0" testName="FormsControlScaledHeight_150Percent_Scaling" computerName="DKSR-EFI-04" duration="00:00:00.1317489" startTime="2023-12-22T09:32:58.3185831+01:00" endTime="2023-12-22T09:32:58.4435858+01:00" testType="13cdc9d9-ddb5-4fa4-a97d-d965ccfc6d4b" outcome="Passed" testListId="8c84fa94-04c1-424b-9868-57a2d4851a1d" relativeResultsDirectory="bbff0e12-f2d9-4fe4-be32-42e61b1a9bf4" />
    <UnitTestResult executionId="51258ee6-dd66-43b4-9e3d-95ff09b7d951" testId="5f23c18d-428e-08d4-6861-aed4128bbfb5" testName="ShowCustomizeWindowThrowsWhenParentControlIsNull" computerName="DKSR-EFI-04" duration="00:00:00.0026231" startTime="2023-12-22T09:32:49.1154147+01:00" endTime="2023-12-22T09:32:49.1154147+01:00" testType="13cdc9d9-ddb5-4fa4-a97d-d965ccfc6d4b" outcome="Passed" testListId="8c84fa94-04c1-424b-9868-57a2d4851a1d" relativeResultsDirectory="51258ee6-dd66-43b4-9e3d-95ff09b7d951" />
    <UnitTestResult executionId="e8a2dc7d-9160-431e-956b-bc10eaea19d1" testId="b9f990f1-833c-da15-c4ce-a21f43595dd2" testName="Constructor_WindowsUser_Domain_ArgumentNull_Thrown" computerName="DKSR-EFI-04" duration="00:00:00.0006443" startTime="2023-12-22T09:33:06.5373716+01:00" endTime="2023-12-22T09:33:06.5373716+01:00" testType="13cdc9d9-ddb5-4fa4-a97d-d965ccfc6d4b" outcome="Passed" testListId="8c84fa94-04c1-424b-9868-57a2d4851a1d" relativeResultsDirectory="e8a2dc7d-9160-431e-956b-bc10eaea19d1" />
    <UnitTestResult executionId="5b76fe64-8af1-4bfe-a1eb-6e2ff0c9efd0" testId="6dd090ae-0423-7a7c-d8df-35146cee22d9" testName="ExpirationTimerOnTick_ToastExpired_Success" computerName="DKSR-EFI-04" duration="00:00:00.0006066" startTime="2023-12-22T09:32:58.5998380+01:00" endTime="2023-12-22T09:32:58.5998380+01:00" testType="13cdc9d9-ddb5-4fa4-a97d-d965ccfc6d4b" outcome="Passed" testListId="8c84fa94-04c1-424b-9868-57a2d4851a1d" relativeResultsDirectory="5b76fe64-8af1-4bfe-a1eb-6e2ff0c9efd0" />
    <UnitTestResult executionId="96f48bed-c4ab-4618-a07a-6f3a88840211" testId="d321e896-1c35-b87a-a0b5-276c58a0218b" testName="DetermineScaledWindowLocationAndSize_150Percent_Scaling" computerName="DKSR-EFI-04" duration="00:00:00.0010037" startTime="2023-12-22T09:32:58.5060882+01:00" endTime="2023-12-22T09:32:58.5060882+01:00" testType="13cdc9d9-ddb5-4fa4-a97d-d965ccfc6d4b" outcome="Passed" testListId="8c84fa94-04c1-424b-9868-57a2d4851a1d" relativeResultsDirectory="96f48bed-c4ab-4618-a07a-6f3a88840211" />
    <UnitTestResult executionId="860bc791-64e6-4e5a-a4c6-2f313627d931" testId="bb65ea30-4ccc-91b1-efbb-715f93a6d534" testName="Constructor_StateService_ArgumentNull_Thrown" computerName="DKSR-EFI-04" duration="00:00:00.0102966" startTime="2023-12-22T09:33:06.2092464+01:00" endTime="2023-12-22T09:33:06.2248712+01:00" testType="13cdc9d9-ddb5-4fa4-a97d-d965ccfc6d4b" outcome="Passed" testListId="8c84fa94-04c1-424b-9868-57a2d4851a1d" relativeResultsDirectory="860bc791-64e6-4e5a-a4c6-2f313627d931" />
    <UnitTestResult executionId="a944cd10-02ca-42e1-bf4c-a1c5016e902c" testId="34b2f47b-480a-22d6-69fb-dc7eedfd64fd" testName="FormsControlScaleValue_150Percent_Scaling" computerName="DKSR-EFI-04" duration="00:00:00.0012248" startTime="2023-12-22T09:32:58.4592149+01:00" endTime="2023-12-22T09:32:58.4592149+01:00" testType="13cdc9d9-ddb5-4fa4-a97d-d965ccfc6d4b" outcome="Passed" testListId="8c84fa94-04c1-424b-9868-57a2d4851a1d" relativeResultsDirectory="a944cd10-02ca-42e1-bf4c-a1c5016e902c" />
    <UnitTestResult executionId="2411660e-133f-48cf-8060-5173ba2e9442" testId="8a767b9b-e015-e5fc-c6e0-fb31075f769b" testName="GetImageSource_16px_Success" computerName="DKSR-EFI-04" duration="00:00:00.1229283" startTime="2023-12-22T09:32:57.8967074+01:00" endTime="2023-12-22T09:32:58.0217081+01:00" testType="13cdc9d9-ddb5-4fa4-a97d-d965ccfc6d4b" outcome="Passed" testListId="8c84fa94-04c1-424b-9868-57a2d4851a1d" relativeResultsDirectory="2411660e-133f-48cf-8060-5173ba2e9442" />
    <UnitTestResult executionId="cc4215fb-aa9a-4d32-9adf-37040e304fd8" testId="33919fac-e25b-5982-05db-e9034087e4af" testName="AddToast_NullToast_Throws" computerName="DKSR-EFI-04" duration="00:00:00.4218407" startTime="2023-12-22T09:32:28.1309441+01:00" endTime="2023-12-22T09:32:28.5528212+01:00" testType="13cdc9d9-ddb5-4fa4-a97d-d965ccfc6d4b" outcome="Passed" testListId="8c84fa94-04c1-424b-9868-57a2d4851a1d" relativeResultsDirectory="cc4215fb-aa9a-4d32-9adf-37040e304fd8" />
    <UnitTestResult executionId="ee6c5aeb-1b73-4a0b-bc0d-a1fd76f331b0" testId="586aa199-8ad2-c267-31e0-7d856afcab20" testName="SetUnsecureConnectionAllowedForUser_ShouldAddUser_WhenUserIsEmpty" computerName="DKSR-EFI-04" duration="00:00:00.0080448" startTime="2023-12-22T09:33:07.2405019+01:00" endTime="2023-12-22T09:33:07.2405019+01:00" testType="13cdc9d9-ddb5-4fa4-a97d-d965ccfc6d4b" outcome="Passed" testListId="8c84fa94-04c1-424b-9868-57a2d4851a1d" relativeResultsDirectory="ee6c5aeb-1b73-4a0b-bc0d-a1fd76f331b0" />
    <UnitTestResult executionId="de40ccb0-0094-42e7-935c-fcb9c763a8dc" testId="4cc8300a-eeed-c2e1-d868-e1046399c3e2" testName="TileNewStateGetsAddedAndCurrentStatesGetUpdatedIfCurrentStatesIsNullAndNewStateIsNotUndefined" computerName="DKSR-EFI-04" duration="00:00:00.0019894" startTime="2023-12-22T09:32:49.5529205+01:00" endTime="2023-12-22T09:32:49.5529205+01:00" testType="13cdc9d9-ddb5-4fa4-a97d-d965ccfc6d4b" outcome="Passed" testListId="8c84fa94-04c1-424b-9868-57a2d4851a1d" relativeResultsDirectory="de40ccb0-0094-42e7-935c-fcb9c763a8dc" />
    <UnitTestResult executionId="5403e88c-2c27-4fea-81f5-1d9cad9ae46e" testId="54792cc5-5557-3941-5368-3e4248495373" testName="AddFrameworkElementsOverlay_WithFollowDigitalZoomFalse_ShouldAddToFrameworkElementsOverlaysFixed" computerName="DKSR-EFI-04" duration="00:00:00.0006147" startTime="2023-12-22T09:33:05.9592455+01:00" endTime="2023-12-22T09:33:05.9592455+01:00" testType="13cdc9d9-ddb5-4fa4-a97d-d965ccfc6d4b" outcome="Passed" testListId="8c84fa94-04c1-424b-9868-57a2d4851a1d" relativeResultsDirectory="5403e88c-2c27-4fea-81f5-1d9cad9ae46e" />
    <UnitTestResult executionId="783dfcbf-2f53-44a5-b49a-7438a327c777" testId="6405a933-f1c3-2d9d-c133-14524337831d" testName="GetLocalizedTextThrowsIfTypeDoesNotHaveLocalizedText" computerName="DKSR-EFI-04" duration="00:00:00.0008795" startTime="2023-12-22T09:32:49.7404208+01:00" endTime="2023-12-22T09:32:49.7404208+01:00" testType="13cdc9d9-ddb5-4fa4-a97d-d965ccfc6d4b" outcome="Passed" testListId="8c84fa94-04c1-424b-9868-57a2d4851a1d" relativeResultsDirectory="783dfcbf-2f53-44a5-b49a-7438a327c777" />
    <UnitTestResult executionId="a97ce02f-36f0-45ca-84ae-07409df36a86" testId="a968b87e-cff6-bf9a-9da7-2e125015401d" testName="CloseShouldBlockTheCache" computerName="DKSR-EFI-04" duration="00:00:00.0006994" startTime="2023-12-22T09:32:48.6779126+01:00" endTime="2023-12-22T09:32:48.6779126+01:00" testType="13cdc9d9-ddb5-4fa4-a97d-d965ccfc6d4b" outcome="Passed" testListId="8c84fa94-04c1-424b-9868-57a2d4851a1d" relativeResultsDirectory="a97ce02f-36f0-45ca-84ae-07409df36a86" />
    <UnitTestResult executionId="de76c9d5-c025-410a-8c84-bff8953b35d7" testId="af1fb9a2-8a78-6d8f-f175-66671f902a9b" testName="TooltipServiceWarning_EmptyServerType" computerName="DKSR-EFI-04" duration="00:00:00.0011585" startTime="2023-12-22T09:33:05.8029970+01:00" endTime="2023-12-22T09:33:05.8029970+01:00" testType="13cdc9d9-ddb5-4fa4-a97d-d965ccfc6d4b" outcome="Passed" testListId="8c84fa94-04c1-424b-9868-57a2d4851a1d" relativeResultsDirectory="de76c9d5-c025-410a-8c84-bff8953b35d7" />
    <UnitTestResult executionId="6c90c1ea-a921-4572-95f7-66d35b17daba" testId="76bac099-ab90-0ad5-557d-efa1c929ace3" testName="TickFrequenceChange_Success" computerName="DKSR-EFI-04" duration="00:00:00.0028465" startTime="2023-12-22T09:32:33.0372158+01:00" endTime="2023-12-22T09:32:33.0528424+01:00" testType="13cdc9d9-ddb5-4fa4-a97d-d965ccfc6d4b" outcome="Passed" testListId="8c84fa94-04c1-424b-9868-57a2d4851a1d" relativeResultsDirectory="6c90c1ea-a921-4572-95f7-66d35b17daba" />
    <UnitTestResult executionId="6cef1239-ecc0-4fe9-8f88-e9f4225500f1" testId="febb8456-be0b-5098-be4c-94fbaa942835" testName="AllowUnsecureConnection_ShouldBeFalse_WhenAllowUnsecureIsNotSet" computerName="DKSR-EFI-04" duration="00:00:00.0018054" startTime="2023-12-22T09:33:07.1000138+01:00" endTime="2023-12-22T09:33:07.1000138+01:00" testType="13cdc9d9-ddb5-4fa4-a97d-d965ccfc6d4b" outcome="Passed" testListId="8c84fa94-04c1-424b-9868-57a2d4851a1d" relativeResultsDirectory="6cef1239-ecc0-4fe9-8f88-e9f4225500f1" />
    <UnitTestResult executionId="1fb04bd7-a32e-496d-8397-8da9594c5a25" testId="e245fb45-69ee-13c5-5051-f3d423a730df" testName="Add_Child_Success" computerName="DKSR-EFI-04" duration="00:00:00.0015397" startTime="2023-12-22T09:32:59.0217129+01:00" endTime="2023-12-22T09:32:59.0217129+01:00" testType="13cdc9d9-ddb5-4fa4-a97d-d965ccfc6d4b" outcome="Passed" testListId="8c84fa94-04c1-424b-9868-57a2d4851a1d" relativeResultsDirectory="1fb04bd7-a32e-496d-8397-8da9594c5a25" />
    <UnitTestResult executionId="03d0e1b5-c3e5-49a9-9e6d-b41d3c910235" testId="8d4c082a-f9d0-c638-ed0b-343bc5cdce37" testName="Constructor_ShouldCreateTreeOfDepth1_WhenUnitsHaveNoParentButIncludeIsEnabled" computerName="DKSR-EFI-04" duration="00:00:00.0042504" startTime="2023-12-22T09:32:27.7715680+01:00" endTime="2023-12-22T09:32:27.7715680+01:00" testType="13cdc9d9-ddb5-4fa4-a97d-d965ccfc6d4b" outcome="Passed" testListId="8c84fa94-04c1-424b-9868-57a2d4851a1d" relativeResultsDirectory="03d0e1b5-c3e5-49a9-9e6d-b41d3c910235" />
    <UnitTestResult executionId="5c8cb851-69b5-465c-9bec-68265007976f" testId="bff954f8-e2d5-b0a0-fd97-8dd0ad93ed5a" testName="ExtensionInvokeTest" computerName="DKSR-EFI-04" duration="00:00:00.0877405" startTime="2023-12-22T09:32:26.3496862+01:00" endTime="2023-12-22T09:32:26.4434361+01:00" testType="13cdc9d9-ddb5-4fa4-a97d-d965ccfc6d4b" outcome="Passed" testListId="8c84fa94-04c1-424b-9868-57a2d4851a1d" relativeResultsDirectory="5c8cb851-69b5-465c-9bec-68265007976f" />
    <UnitTestResult executionId="b5a3d138-c87f-4aee-bc77-b4e1d0deac52" testId="c3eb088b-e534-d6fa-e2f7-38f7fde309c3" testName="SetTheSameCamAndDateTimeTwice" computerName="DKSR-EFI-04" duration="00:00:00.0008099" startTime="2023-12-22T09:32:48.6779126+01:00" endTime="2023-12-22T09:32:48.6779126+01:00" testType="13cdc9d9-ddb5-4fa4-a97d-d965ccfc6d4b" outcome="Passed" testListId="8c84fa94-04c1-424b-9868-57a2d4851a1d" relativeResultsDirectory="b5a3d138-c87f-4aee-bc77-b4e1d0deac52" />
    <UnitTestResult executionId="87fd5db4-f842-4461-b315-a66784caef60" testId="21727a68-5514-e7fd-4cbf-85c9b79894da" testName="ItemHolder_SelectedToggleButton_MouseClick_Success" computerName="DKSR-EFI-04" duration="00:00:00.1448890" startTime="2023-12-22T09:33:00.0998422+01:00" endTime="2023-12-22T09:33:00.2404698+01:00" testType="13cdc9d9-ddb5-4fa4-a97d-d965ccfc6d4b" outcome="Passed" testListId="8c84fa94-04c1-424b-9868-57a2d4851a1d" relativeResultsDirectory="87fd5db4-f842-4461-b315-a66784caef60" />
    <UnitTestResult executionId="a917d436-2857-4615-aff3-95084c924d15" testId="66e703e4-29de-a4c7-8c30-1bc7e1752b2f" testName="GetStates_NoSessionStarted_NewSession" computerName="DKSR-EFI-04" duration="00:00:00.0036034" startTime="2023-12-22T09:33:06.2561231+01:00" endTime="2023-12-22T09:33:06.2561231+01:00" testType="13cdc9d9-ddb5-4fa4-a97d-d965ccfc6d4b" outcome="Passed" testListId="8c84fa94-04c1-424b-9868-57a2d4851a1d" relativeResultsDirectory="a917d436-2857-4615-aff3-95084c924d15" />
    <UnitTestResult executionId="1a87efaf-a812-4213-9372-03ff5e501fb6" testId="6149a481-7ba1-ce8d-da96-1adf4aeb4783" testName="ItemHolderSelectedToggleButton_CheckedChanged" computerName="DKSR-EFI-04" duration="00:00:00.0090110" startTime="2023-12-22T09:32:58.9592132+01:00" endTime="2023-12-22T09:32:58.9748360+01:00" testType="13cdc9d9-ddb5-4fa4-a97d-d965ccfc6d4b" outcome="Passed" testListId="8c84fa94-04c1-424b-9868-57a2d4851a1d" relativeResultsDirectory="1a87efaf-a812-4213-9372-03ff5e501fb6" />
    <UnitTestResult executionId="6d875213-0b0e-4f3c-b3ab-a57e4b543464" testId="24801bf2-63b2-04d1-d795-083a0ecbe814" testName="DrawControl_Success" computerName="DKSR-EFI-04" duration="00:00:00.2254254" startTime="2023-12-22T09:32:33.0528424+01:00" endTime="2023-12-22T09:32:33.2872183+01:00" testType="13cdc9d9-ddb5-4fa4-a97d-d965ccfc6d4b" outcome="Passed" testListId="8c84fa94-04c1-424b-9868-57a2d4851a1d" relativeResultsDirectory="6d875213-0b0e-4f3c-b3ab-a57e4b543464" />
    <UnitTestResult executionId="c7d43b95-ee3f-441a-8d60-26f47362a2a6" testId="ba582828-87c0-f796-0108-b7c57cda86c7" testName="Convert_NotDoubleParameter_ReturnsUnsetValue" computerName="DKSR-EFI-04" duration="00:00:00.0006196" startTime="2023-12-22T09:32:27.9434424+01:00" endTime="2023-12-22T09:32:27.9590675+01:00" testType="13cdc9d9-ddb5-4fa4-a97d-d965ccfc6d4b" outcome="Passed" testListId="8c84fa94-04c1-424b-9868-57a2d4851a1d" relativeResultsDirectory="c7d43b95-ee3f-441a-8d60-26f47362a2a6" />
    <UnitTestResult executionId="44661754-e07e-488d-a4d9-f3ed172afbf3" testId="6cb4c9a0-0faa-e5bf-8132-58751189c459" testName="SingleCameraMustReturnDisplayNameAsEntityName" computerName="DKSR-EFI-04" duration="00:00:00.0006043" startTime="2023-12-22T09:32:49.7247939+01:00" endTime="2023-12-22T09:32:49.7247939+01:00" testType="13cdc9d9-ddb5-4fa4-a97d-d965ccfc6d4b" outcome="Passed" testListId="8c84fa94-04c1-424b-9868-57a2d4851a1d" relativeResultsDirectory="44661754-e07e-488d-a4d9-f3ed172afbf3" />
    <UnitTestResult executionId="67463f0e-6711-48f8-a6c0-32dd85b57c65" testId="d01aff65-cc66-59d9-483c-ef58ff5b02b0" testName="Remove_SingleItem_SuccessWithSingleNotification" computerName="DKSR-EFI-04" duration="00:00:00.0011319" startTime="2023-12-22T09:33:05.7873709+01:00" endTime="2023-12-22T09:33:05.7873709+01:00" testType="13cdc9d9-ddb5-4fa4-a97d-d965ccfc6d4b" outcome="Passed" testListId="8c84fa94-04c1-424b-9868-57a2d4851a1d" relativeResultsDirectory="67463f0e-6711-48f8-a6c0-32dd85b57c65" />
    <UnitTestResult executionId="360bafa5-3cf3-491d-85ae-db35c4735d91" testId="5901b859-8c35-d7a1-4b20-7aa832e2b2ac" testName="ArrangeOverride_1child_EnoughSpace_NotShrunk" computerName="DKSR-EFI-04" duration="00:00:00.0092206" startTime="2023-12-22T09:32:35.5997289+01:00" endTime="2023-12-22T09:32:35.6153543+01:00" testType="13cdc9d9-ddb5-4fa4-a97d-d965ccfc6d4b" outcome="Passed" testListId="8c84fa94-04c1-424b-9868-57a2d4851a1d" relativeResultsDirectory="360bafa5-3cf3-491d-85ae-db35c4735d91" />
    <UnitTestResult executionId="a18e38ed-4101-424b-88b4-30c9b48a196c" testId="eff56118-333e-58bc-c876-e39cbb7e3925" testName="TimerOnElapsed_MaxIdleTimeReached_CleanupNotPerformed" computerName="DKSR-EFI-04" duration="00:00:00.0005027" startTime="2023-12-22T09:32:27.9121924+01:00" endTime="2023-12-22T09:32:27.9121924+01:00" testType="13cdc9d9-ddb5-4fa4-a97d-d965ccfc6d4b" outcome="Passed" testListId="8c84fa94-04c1-424b-9868-57a2d4851a1d" relativeResultsDirectory="a18e38ed-4101-424b-88b4-30c9b48a196c" />
    <UnitTestResult executionId="fd190a4d-0c1b-4a11-971d-3eec3891c777" testId="5faaddbc-e454-1cad-1ea4-51f228dc32db" testName="SingleServerMustReturnDisplayNameAsEntityName" computerName="DKSR-EFI-04" duration="00:00:00.0297125" startTime="2023-12-22T09:32:49.5841678+01:00" endTime="2023-12-22T09:32:49.6154195+01:00" testType="13cdc9d9-ddb5-4fa4-a97d-d965ccfc6d4b" outcome="Passed" testListId="8c84fa94-04c1-424b-9868-57a2d4851a1d" relativeResultsDirectory="fd190a4d-0c1b-4a11-971d-3eec3891c777" />
    <UnitTestResult executionId="e914e58d-be51-49ff-b0f9-feca2254b52d" testId="f5caa479-ad8a-fc77-0f9d-b10ee7e2accc" testName="Ctor_NegativeMaxIdleTimeBeforeCleanup_Throws" computerName="DKSR-EFI-04" duration="00:00:00.0090322" startTime="2023-12-22T09:32:27.8340690+01:00" endTime="2023-12-22T09:32:27.8340690+01:00" testType="13cdc9d9-ddb5-4fa4-a97d-d965ccfc6d4b" outcome="Passed" testListId="8c84fa94-04c1-424b-9868-57a2d4851a1d" relativeResultsDirectory="e914e58d-be51-49ff-b0f9-feca2254b52d" />
    <UnitTestResult executionId="d069549d-1d59-4547-917d-783db1f6e1f4" testId="db062b49-88de-b8f8-9ca6-8a07ff86d1c6" testName="GetIntersectingTest" computerName="DKSR-EFI-04" duration="00:00:00.0794590" startTime="2023-12-22T09:32:26.8184381+01:00" endTime="2023-12-22T09:32:26.8965631+01:00" testType="13cdc9d9-ddb5-4fa4-a97d-d965ccfc6d4b" outcome="Passed" testListId="8c84fa94-04c1-424b-9868-57a2d4851a1d" relativeResultsDirectory="d069549d-1d59-4547-917d-783db1f6e1f4">
      <Output>
        <StdOut>Debug Trace:&#xD;
Warning: GetAllIntersecting is executing using IEnumerable. Investigate upgrading the collection to C5.ISorted.</StdOut>
      </Output>
    </UnitTestResult>
    <UnitTestResult executionId="cbd481b7-e6d8-464b-b110-54eabf20e1c6" testId="f5cf44f1-55f9-84ba-0c1d-f402f9b081e8" testName="TooltipServiceWarning_Failover_Combined" computerName="DKSR-EFI-04" duration="00:00:00.0002783" startTime="2023-12-22T09:33:05.8186199+01:00" endTime="2023-12-22T09:33:05.8186199+01:00" testType="13cdc9d9-ddb5-4fa4-a97d-d965ccfc6d4b" outcome="Passed" testListId="8c84fa94-04c1-424b-9868-57a2d4851a1d" relativeResultsDirectory="cbd481b7-e6d8-464b-b110-54eabf20e1c6" />
    <UnitTestResult executionId="e3772944-62a0-4f4d-afaf-68f4ebcfa9ee" testId="5a716387-727c-9f4a-576d-c532745d27fc" testName="RoundToMinute_Down" computerName="DKSR-EFI-04" duration="00:00:00.0013648" startTime="2023-12-22T09:32:57.8654600+01:00" endTime="2023-12-22T09:32:57.8654600+01:00" testType="13cdc9d9-ddb5-4fa4-a97d-d965ccfc6d4b" outcome="Passed" testListId="8c84fa94-04c1-424b-9868-57a2d4851a1d" relativeResultsDirectory="e3772944-62a0-4f4d-afaf-68f4ebcfa9ee" />
    <UnitTestResult executionId="0ad3e44b-610f-4ee9-b489-4303da93379e" testId="ac7da09a-9c21-96d1-0628-e57364e271db" testName="ClearUnsecureConnectionAllowedForUser_ShouldRemoveAllowUnsecureConnectionsNode_WhenAllUsersAreRemoved" computerName="DKSR-EFI-04" duration="00:00:00.0032439" startTime="2023-12-22T09:33:07.2248786+01:00" endTime="2023-12-22T09:33:07.2248786+01:00" testType="13cdc9d9-ddb5-4fa4-a97d-d965ccfc6d4b" outcome="Passed" testListId="8c84fa94-04c1-424b-9868-57a2d4851a1d" relativeResultsDirectory="0ad3e44b-610f-4ee9-b489-4303da93379e" />
    <UnitTestResult executionId="ee460bc7-0457-49a7-981d-5bf67999aebd" testId="88c0ee23-26fa-850a-6ac5-863c20752b1c" testName="TileIsStateUndefinedIfAllCurrentStatesAreUndefined" computerName="DKSR-EFI-04" duration="00:00:00.0075175" startTime="2023-12-22T09:32:49.5372928+01:00" endTime="2023-12-22T09:32:49.5529205+01:00" testType="13cdc9d9-ddb5-4fa4-a97d-d965ccfc6d4b" outcome="Passed" testListId="8c84fa94-04c1-424b-9868-57a2d4851a1d" relativeResultsDirectory="ee460bc7-0457-49a7-981d-5bf67999aebd" />
    <UnitTestResult executionId="b400553a-6a7b-4512-aa59-3dee05ecf200" testId="2d494ba4-00f9-0c80-6ff4-27a9065e579d" testName="StartCameraStates_TimeoutException_WithCustomLogger_DoubledSleepDuration" computerName="DKSR-EFI-04" duration="00:00:00.0060901" startTime="2023-12-22T09:33:06.6936255+01:00" endTime="2023-12-22T09:33:06.7092500+01:00" testType="13cdc9d9-ddb5-4fa4-a97d-d965ccfc6d4b" outcome="Passed" testListId="8c84fa94-04c1-424b-9868-57a2d4851a1d" relativeResultsDirectory="b400553a-6a7b-4512-aa59-3dee05ecf200" />
    <UnitTestResult executionId="23d0c57b-0497-4403-bba3-d12c432710ce" testId="d32054d7-3151-5a17-efe5-d560f827fbcf" testName="RoundToHour_Up" computerName="DKSR-EFI-04" duration="00:00:00.0011299" startTime="2023-12-22T09:32:57.8810843+01:00" endTime="2023-12-22T09:32:57.8810843+01:00" testType="13cdc9d9-ddb5-4fa4-a97d-d965ccfc6d4b" outcome="Passed" testListId="8c84fa94-04c1-424b-9868-57a2d4851a1d" relativeResultsDirectory="23d0c57b-0497-4403-bba3-d12c432710ce" />
    <UnitTestResult executionId="c9ea2bea-e93f-4bae-8acd-66ac685ece7f" testId="b5545286-2d51-273f-e678-5706630cef56" testName="Convert_NoAutomationIdAndNoFallback_ReturnsUnsetValue" computerName="DKSR-EFI-04" duration="00:00:00.0031951" startTime="2023-12-22T09:32:27.9278167+01:00" endTime="2023-12-22T09:32:27.9278167+01:00" testType="13cdc9d9-ddb5-4fa4-a97d-d965ccfc6d4b" outcome="Passed" testListId="8c84fa94-04c1-424b-9868-57a2d4851a1d" relativeResultsDirectory="c9ea2bea-e93f-4bae-8acd-66ac685ece7f" />
    <UnitTestResult executionId="75b7b22d-0d41-4015-b161-fde958bbdbce" testId="6f43ed26-de60-b0e4-78cc-d52e607c404f" testName="StartCameraStates_Success_WithUpdate" computerName="DKSR-EFI-04" duration="00:00:00.0039422" startTime="2023-12-22T09:33:06.5842482+01:00" endTime="2023-12-22T09:33:06.5998745+01:00" testType="13cdc9d9-ddb5-4fa4-a97d-d965ccfc6d4b" outcome="Passed" testListId="8c84fa94-04c1-424b-9868-57a2d4851a1d" relativeResultsDirectory="75b7b22d-0d41-4015-b161-fde958bbdbce" />
    <UnitTestResult executionId="f5b12cd2-e43c-4ad9-96be-73f9d6ddca98" testId="517e03e4-4abb-9810-ab6e-fc1b74f3e022" testName="GetDoubleValueOrDefault_KeyFound_ValueReturned" computerName="DKSR-EFI-04" duration="00:00:00.0005364" startTime="2023-12-22T09:33:06.1623737+01:00" endTime="2023-12-22T09:33:06.1623737+01:00" testType="13cdc9d9-ddb5-4fa4-a97d-d965ccfc6d4b" outcome="Passed" testListId="8c84fa94-04c1-424b-9868-57a2d4851a1d" relativeResultsDirectory="f5b12cd2-e43c-4ad9-96be-73f9d6ddca98" />
    <UnitTestResult executionId="aef9a1cd-4515-4889-b982-416f12174c31" testId="99ffc01d-6d47-54d4-118d-67b642c0d057" testName="SelectedItems_Cleanup_Success" computerName="DKSR-EFI-04" duration="00:00:00.0067577" startTime="2023-12-22T09:33:05.7561216+01:00" endTime="2023-12-22T09:33:05.7717437+01:00" testType="13cdc9d9-ddb5-4fa4-a97d-d965ccfc6d4b" outcome="Passed" testListId="8c84fa94-04c1-424b-9868-57a2d4851a1d" relativeResultsDirectory="aef9a1cd-4515-4889-b982-416f12174c31" />
    <UnitTestResult executionId="18ffbd6d-8348-4794-bf24-dc1ecd0397ed" testId="d3834f26-d7ff-018a-555c-a0be35190a28" testName="IntersectsWithTest" computerName="DKSR-EFI-04" duration="00:00:00.0009851" startTime="2023-12-22T09:32:26.9434391+01:00" endTime="2023-12-22T09:32:26.9590643+01:00" testType="13cdc9d9-ddb5-4fa4-a97d-d965ccfc6d4b" outcome="Passed" testListId="8c84fa94-04c1-424b-9868-57a2d4851a1d" relativeResultsDirectory="18ffbd6d-8348-4794-bf24-dc1ecd0397ed" />
    <UnitTestResult executionId="877e38a3-e4e8-45c9-9bf6-68d971f3bad2" testId="d8e63543-1f0c-4f29-79c8-6459f1072b63" testName="DetermineScaledWindowLocationAndSize_CenterScreen_150Percent_Scaling" computerName="DKSR-EFI-04" duration="00:00:00.0049515" startTime="2023-12-22T09:32:58.5217095+01:00" endTime="2023-12-22T09:32:58.5217095+01:00" testType="13cdc9d9-ddb5-4fa4-a97d-d965ccfc6d4b" outcome="Passed" testListId="8c84fa94-04c1-424b-9868-57a2d4851a1d" relativeResultsDirectory="877e38a3-e4e8-45c9-9bf6-68d971f3bad2" />
    <UnitTestResult executionId="d5b87d89-6d77-4676-abce-6cf0d1a42d71" testId="49b54f08-f7f0-ba91-ee50-7ae6390d4af1" testName="GetDoubleValueOrDefault_KeyNotFound_DefaultValueReturned" computerName="DKSR-EFI-04" duration="00:00:00.0008498" startTime="2023-12-22T09:33:06.1467476+01:00" endTime="2023-12-22T09:33:06.1623737+01:00" testType="13cdc9d9-ddb5-4fa4-a97d-d965ccfc6d4b" outcome="Passed" testListId="8c84fa94-04c1-424b-9868-57a2d4851a1d" relativeResultsDirectory="d5b87d89-6d77-4676-abce-6cf0d1a42d71" />
    <UnitTestResult executionId="e800dc3f-288d-47e4-a88e-a4d1621f1928" testId="27329ac4-220b-b901-238d-32a5c22c05d2" testName="ItemHolder_MouseDoubleClick_Success" computerName="DKSR-EFI-04" duration="00:00:00.1489097" startTime="2023-12-22T09:33:00.2404698+01:00" endTime="2023-12-22T09:33:00.3967180+01:00" testType="13cdc9d9-ddb5-4fa4-a97d-d965ccfc6d4b" outcome="Passed" testListId="8c84fa94-04c1-424b-9868-57a2d4851a1d" relativeResultsDirectory="e800dc3f-288d-47e4-a88e-a4d1621f1928" />
    <UnitTestResult executionId="f1c581d5-ea72-4f71-a638-807899d4c85a" testId="b452384b-46c9-9d28-fc42-8e46ec09f689" testName="MouseLeftButtonUp_ShouldInvokeClickHandlerAfterDelay_WhenNoDoubleClickIsDetectedAndMouseIsDirectlyOver" computerName="DKSR-EFI-04" duration="00:00:00.0497102" startTime="2023-12-22T09:33:05.8498700+01:00" endTime="2023-12-22T09:33:05.9123699+01:00" testType="13cdc9d9-ddb5-4fa4-a97d-d965ccfc6d4b" outcome="Passed" testListId="8c84fa94-04c1-424b-9868-57a2d4851a1d" relativeResultsDirectory="f1c581d5-ea72-4f71-a638-807899d4c85a" />
    <UnitTestResult executionId="56b9c610-eb05-45b6-93f6-5e00736203e0" testId="4d104602-0dda-c899-6d83-d5aa637c46a2" testName="MouseDown_InsideSelection_RangeMinUpdated" computerName="DKSR-EFI-04" duration="00:00:00.1726247" startTime="2023-12-22T09:32:34.5997235+01:00" endTime="2023-12-22T09:32:34.7716041+01:00" testType="13cdc9d9-ddb5-4fa4-a97d-d965ccfc6d4b" outcome="Passed" testListId="8c84fa94-04c1-424b-9868-57a2d4851a1d" relativeResultsDirectory="56b9c610-eb05-45b6-93f6-5e00736203e0" />
    <UnitTestResult executionId="c8068d7f-f28a-4e8c-b6e4-bf179dd4eb24" testId="12c318f1-025e-56db-70fc-391decd83ddf" testName="AllowUnsecureConnection_ShouldBeFalse_WhenUsernameDoesNotExist" computerName="DKSR-EFI-04" duration="00:00:00.0017908" startTime="2023-12-22T09:33:07.1000138+01:00" endTime="2023-12-22T09:33:07.1000138+01:00" testType="13cdc9d9-ddb5-4fa4-a97d-d965ccfc6d4b" outcome="Passed" testListId="8c84fa94-04c1-424b-9868-57a2d4851a1d" relativeResultsDirectory="c8068d7f-f28a-4e8c-b6e4-bf179dd4eb24" />
    <UnitTestResult executionId="b649f34b-ac54-4fd8-9bd1-cfce58b8ad7b" testId="08c8c1c6-bdcb-21d2-0325-62806128a803" testName="MouseDown_OverRightRangeBar_RangeMinUpdated" computerName="DKSR-EFI-04" duration="00:00:00.1172304" startTime="2023-12-22T09:32:34.3653472+01:00" endTime="2023-12-22T09:32:34.4903472+01:00" testType="13cdc9d9-ddb5-4fa4-a97d-d965ccfc6d4b" outcome="Passed" testListId="8c84fa94-04c1-424b-9868-57a2d4851a1d" relativeResultsDirectory="b649f34b-ac54-4fd8-9bd1-cfce58b8ad7b" />
    <UnitTestResult executionId="15bf823e-3c30-4f6d-8dcc-b89db3edefa4" testId="cc3b9b99-7533-a7bc-3f64-e2ee5a64fc21" testName="StartServerStates_CommunicationException_WithCustomLogger_DoubledSleepDuration" computerName="DKSR-EFI-04" duration="00:00:00.0038005" startTime="2023-12-22T09:33:06.7717503+01:00" endTime="2023-12-22T09:33:06.7873746+01:00" testType="13cdc9d9-ddb5-4fa4-a97d-d965ccfc6d4b" outcome="Passed" testListId="8c84fa94-04c1-424b-9868-57a2d4851a1d" relativeResultsDirectory="15bf823e-3c30-4f6d-8dcc-b89db3edefa4" />
    <UnitTestResult executionId="38fd5d8f-fc5d-4d31-b321-f1367752dc39" testId="d757e934-8867-a54c-c93f-b9b8e2d4f452" testName="ArrangeOverride__6child_EnoughSpace__NotShrunk" computerName="DKSR-EFI-04" duration="00:00:00.0099939" startTime="2023-12-22T09:32:35.6466040+01:00" endTime="2023-12-22T09:32:35.6622317+01:00" testType="13cdc9d9-ddb5-4fa4-a97d-d965ccfc6d4b" outcome="Passed" testListId="8c84fa94-04c1-424b-9868-57a2d4851a1d" relativeResultsDirectory="38fd5d8f-fc5d-4d31-b321-f1367752dc39">
      <Output>
        <StdOut>Debug Trace:&#xD;
offsets: 0, 21, 62, 120, 121, 141&#xD;
widths: 11, 31, 48, 0, 11, 48</StdOut>
      </Output>
    </UnitTestResult>
    <UnitTestResult executionId="d87fe051-7967-478d-a802-c59d1363ece7" testId="c6e1db41-6039-4a0b-4b5e-460a6a0df8ad" testName="Constructor_BasicUser_BaseServerAddress_ArgumentNull_Thrown" computerName="DKSR-EFI-04" duration="00:00:00.0013052" startTime="2023-12-22T09:33:06.4904995+01:00" endTime="2023-12-22T09:33:06.4904995+01:00" testType="13cdc9d9-ddb5-4fa4-a97d-d965ccfc6d4b" outcome="Passed" testListId="8c84fa94-04c1-424b-9868-57a2d4851a1d" relativeResultsDirectory="d87fe051-7967-478d-a802-c59d1363ece7" />
    <UnitTestResult executionId="8ae3a318-b059-4fa4-ac73-89157873ed9c" testId="c93e1fde-ba93-9054-d493-30af75ea0b03" testName="SelectManyOrdered_With_Key_Selector" computerName="DKSR-EFI-04" duration="00:00:00.0081225" startTime="2023-12-22T09:32:58.0842069+01:00" endTime="2023-12-22T09:32:58.0998342+01:00" testType="13cdc9d9-ddb5-4fa4-a97d-d965ccfc6d4b" outcome="Passed" testListId="8c84fa94-04c1-424b-9868-57a2d4851a1d" relativeResultsDirectory="8ae3a318-b059-4fa4-ac73-89157873ed9c" />
    <UnitTestResult executionId="f097de50-b895-4a75-a5ef-65482e2a077c" testId="bb23e984-379e-7e0e-1bce-dc1dbfcf6fc3" testName="AuthenticationSimple_SetName_Throws_InvalidOperationException" computerName="DKSR-EFI-04" duration="00:00:00.0091110" startTime="2023-12-22T09:33:06.8342507+01:00" endTime="2023-12-22T09:33:06.8498751+01:00" testType="13cdc9d9-ddb5-4fa4-a97d-d965ccfc6d4b" outcome="Passed" testListId="8c84fa94-04c1-424b-9868-57a2d4851a1d" relativeResultsDirectory="f097de50-b895-4a75-a5ef-65482e2a077c" />
    <UnitTestResult executionId="5ccfd010-9fcb-4667-b19f-3fa3930adf40" testId="a4ebc8c3-3a4e-4ab1-e6c5-04365965ee9e" testName="Constructor_StateService_ArgumentNull_Thrown" computerName="DKSR-EFI-04" duration="00:00:00.0008746" startTime="2023-12-22T09:33:06.2561231+01:00" endTime="2023-12-22T09:33:06.2561231+01:00" testType="13cdc9d9-ddb5-4fa4-a97d-d965ccfc6d4b" outcome="Passed" testListId="8c84fa94-04c1-424b-9868-57a2d4851a1d" relativeResultsDirectory="5ccfd010-9fcb-4667-b19f-3fa3930adf40" />
    <UnitTestResult executionId="387943a0-213c-4051-9963-f219e3a96618" testId="e1f855c8-36b9-4274-1f3f-20a1e21c5404" testName="OnPreviewKeyDown_Ctrl_Click_Unselect_Success" computerName="DKSR-EFI-04" duration="00:00:00.2829026" startTime="2023-12-22T09:33:05.4748672+01:00" endTime="2023-12-22T09:33:05.7561216+01:00" testType="13cdc9d9-ddb5-4fa4-a97d-d965ccfc6d4b" outcome="Passed" testListId="8c84fa94-04c1-424b-9868-57a2d4851a1d" relativeResultsDirectory="387943a0-213c-4051-9963-f219e3a96618" />
    <UnitTestResult executionId="b99aa32d-a066-4c06-83f4-b80823f7b50c" testId="5bb482fa-8a48-3336-66c9-7ea3af463c94" testName="OnPreviewKeyDown_RightCtrl_Click_Select_Success" computerName="DKSR-EFI-04" duration="00:00:00.2578745" startTime="2023-12-22T09:33:04.9123657+01:00" endTime="2023-12-22T09:33:05.1623668+01:00" testType="13cdc9d9-ddb5-4fa4-a97d-d965ccfc6d4b" outcome="Passed" testListId="8c84fa94-04c1-424b-9868-57a2d4851a1d" relativeResultsDirectory="b99aa32d-a066-4c06-83f4-b80823f7b50c" />
    <UnitTestResult executionId="3854286e-4b26-447a-89c1-28ad15edb2ba" testId="7afa246b-f4b2-fc5f-fe61-fe719713919d" testName="TileLayout_MouseOver_BorderBrushUpdated" computerName="DKSR-EFI-04" duration="00:00:00.0180150" startTime="2023-12-22T09:32:58.9904624+01:00" endTime="2023-12-22T09:32:59.0060864+01:00" testType="13cdc9d9-ddb5-4fa4-a97d-d965ccfc6d4b" outcome="Passed" testListId="8c84fa94-04c1-424b-9868-57a2d4851a1d" relativeResultsDirectory="3854286e-4b26-447a-89c1-28ad15edb2ba" />
    <UnitTestResult executionId="3e928432-fd67-4b52-9b8e-bf47b9f256a0" testId="d326e466-8fe4-d29b-9b6b-a9886d65bce4" testName="GetStates_NoSessionStarted_NewSession" computerName="DKSR-EFI-04" duration="00:00:00.0016044" startTime="2023-12-22T09:33:06.8342507+01:00" endTime="2023-12-22T09:33:06.8342507+01:00" testType="13cdc9d9-ddb5-4fa4-a97d-d965ccfc6d4b" outcome="Passed" testListId="8c84fa94-04c1-424b-9868-57a2d4851a1d" relativeResultsDirectory="3e928432-fd67-4b52-9b8e-bf47b9f256a0" />
    <UnitTestResult executionId="f21f52e8-6392-41dd-ab29-a41c38aa26d2" testId="2eb304bc-29a1-e3fc-a1ed-62b709614ba3" testName="FindOptimalTilingCalculatesRowsColumnsAppropriateToTileAndWindowRatioAndWithOptimumNumberOfCells" computerName="DKSR-EFI-04" duration="00:00:00.0269916" startTime="2023-12-22T09:32:49.0841669+01:00" endTime="2023-12-22T09:32:49.0997903+01:00" testType="13cdc9d9-ddb5-4fa4-a97d-d965ccfc6d4b" outcome="Passed" testListId="8c84fa94-04c1-424b-9868-57a2d4851a1d" relativeResultsDirectory="f21f52e8-6392-41dd-ab29-a41c38aa26d2" />
    <UnitTestResult executionId="6fd297cd-f666-42ee-a354-a0edb8a12d26" testId="896a835e-aa00-d5b5-efb0-cae3f484c942" testName="CleanUpShouldBeEnforced" computerName="DKSR-EFI-04" duration="00:00:00.0148012" startTime="2023-12-22T09:32:48.6466630+01:00" endTime="2023-12-22T09:32:48.6622879+01:00" testType="13cdc9d9-ddb5-4fa4-a97d-d965ccfc6d4b" outcome="Passed" testListId="8c84fa94-04c1-424b-9868-57a2d4851a1d" relativeResultsDirectory="6fd297cd-f666-42ee-a354-a0edb8a12d26" />
    <UnitTestResult executionId="aa79d2e4-55f9-4bfb-8ad5-26d97fa2f6e2" testId="c6c1a6ca-c551-f84f-b4f7-d3d4f0f2582f" testName="TryGetIntValue_WrongKeyValue_ValueReturnedZero" computerName="DKSR-EFI-04" duration="00:00:00.0002125" startTime="2023-12-22T09:33:06.2092464+01:00" endTime="2023-12-22T09:33:06.2092464+01:00" testType="13cdc9d9-ddb5-4fa4-a97d-d965ccfc6d4b" outcome="Passed" testListId="8c84fa94-04c1-424b-9868-57a2d4851a1d" relativeResultsDirectory="aa79d2e4-55f9-4bfb-8ad5-26d97fa2f6e2" />
    <UnitTestResult executionId="f78f51e2-dbfc-4e29-8d3d-7697c6c953d5" testId="20c0e1dd-a74f-c654-d865-142fb2a2787f" testName="Activate_ToastActivated" computerName="DKSR-EFI-04" duration="00:00:00.0004388" startTime="2023-12-22T09:32:58.5842103+01:00" endTime="2023-12-22T09:32:58.5842103+01:00" testType="13cdc9d9-ddb5-4fa4-a97d-d965ccfc6d4b" outcome="Passed" testListId="8c84fa94-04c1-424b-9868-57a2d4851a1d" relativeResultsDirectory="f78f51e2-dbfc-4e29-8d3d-7697c6c953d5" />
    <UnitTestResult executionId="a7fdf928-8f8b-4906-a689-8f30188df4ab" testId="54f6e699-b3d1-75b1-4814-37e5fcfee1a3" testName="Constructor_ShouldCreateTreeOfDepth3_WhenUnitsHaveGrandparentButIncludeIsEnabled" computerName="DKSR-EFI-04" duration="00:00:00.0080978" startTime="2023-12-22T09:32:27.8028177+01:00" endTime="2023-12-22T09:32:27.8028177+01:00" testType="13cdc9d9-ddb5-4fa4-a97d-d965ccfc6d4b" outcome="Passed" testListId="8c84fa94-04c1-424b-9868-57a2d4851a1d" relativeResultsDirectory="a7fdf928-8f8b-4906-a689-8f30188df4ab" />
    <UnitTestResult executionId="279d1083-37de-41e9-bdbe-b770151b8dca" testId="cf3d443f-6dec-a121-7292-16e5d1c821cc" testName="ColumnDefinition_ToString_Success" computerName="DKSR-EFI-04" duration="00:00:00.0005475" startTime="2023-12-22T09:33:05.7717437+01:00" endTime="2023-12-22T09:33:05.7717437+01:00" testType="13cdc9d9-ddb5-4fa4-a97d-d965ccfc6d4b" outcome="Passed" testListId="8c84fa94-04c1-424b-9868-57a2d4851a1d" relativeResultsDirectory="279d1083-37de-41e9-bdbe-b770151b8dca" />
    <UnitTestResult executionId="32cb9ab2-5a50-4717-a0c7-e5106d9379c5" testId="459463df-7b24-1834-e524-ebc8eb49d9bc" testName="PersistTilesCallsAppropriateMethodsInProvider" computerName="DKSR-EFI-04" duration="00:00:00.0423492" startTime="2023-12-22T09:32:49.4122918+01:00" endTime="2023-12-22T09:32:49.4591675+01:00" testType="13cdc9d9-ddb5-4fa4-a97d-d965ccfc6d4b" outcome="Passed" testListId="8c84fa94-04c1-424b-9868-57a2d4851a1d" relativeResultsDirectory="32cb9ab2-5a50-4717-a0c7-e5106d9379c5" />
    <UnitTestResult executionId="ac61bf74-9c4f-428b-8693-508acbfe4752" testId="77b841d2-c43a-4070-249a-23480e6bd29c" testName="MouseDrag_RangeMaxLessRangeMin_DataInvariantIsOK" computerName="DKSR-EFI-04" duration="00:00:00.1085463" startTime="2023-12-22T09:32:33.9590964+01:00" endTime="2023-12-22T09:32:34.0684736+01:00" testType="13cdc9d9-ddb5-4fa4-a97d-d965ccfc6d4b" outcome="Passed" testListId="8c84fa94-04c1-424b-9868-57a2d4851a1d" relativeResultsDirectory="ac61bf74-9c4f-428b-8693-508acbfe4752" />
    <UnitTestResult executionId="837543eb-2b98-462b-89d0-7232809ce7a3" testId="7f0c527e-e0ba-a3e5-7988-c20f8f846917" testName="OnPreviewKeyDown_Shift_Click_Select_ChangeSelection_Success" computerName="DKSR-EFI-04" duration="00:00:00.3125160" startTime="2023-12-22T09:33:04.3029883+01:00" endTime="2023-12-22T09:33:04.6154919+01:00" testType="13cdc9d9-ddb5-4fa4-a97d-d965ccfc6d4b" outcome="Passed" testListId="8c84fa94-04c1-424b-9868-57a2d4851a1d" relativeResultsDirectory="837543eb-2b98-462b-89d0-7232809ce7a3" />
    <UnitTestResult executionId="bc89aa66-7716-4c0b-a059-bd8c7f793f6b" testId="910ea956-c4b4-dc72-c890-ea2c8afbd1ba" testName="AllowUnsecureConnection_ShouldBeTrue_WhenAllowUnsecureIsTrue" computerName="DKSR-EFI-04" duration="00:00:00.0029155" startTime="2023-12-22T09:33:07.0842490+01:00" endTime="2023-12-22T09:33:07.0842490+01:00" testType="13cdc9d9-ddb5-4fa4-a97d-d965ccfc6d4b" outcome="Passed" testListId="8c84fa94-04c1-424b-9868-57a2d4851a1d" relativeResultsDirectory="bc89aa66-7716-4c0b-a059-bd8c7f793f6b" />
    <UnitTestResult executionId="681ffce4-bfe4-4b57-8a8e-444348539fa2" testId="1eb83994-41a5-06de-d18f-7e1407514b78" testName="SequenceEqualIgnoreOrder_EqualCollectionsOrderedDifferently_IgnoreOrder_SymmetricalTrueResult" computerName="DKSR-EFI-04" duration="00:00:00.0002673" startTime="2023-12-22T09:32:58.1310844+01:00" endTime="2023-12-22T09:32:58.1310844+01:00" testType="13cdc9d9-ddb5-4fa4-a97d-d965ccfc6d4b" outcome="Passed" testListId="8c84fa94-04c1-424b-9868-57a2d4851a1d" relativeResultsDirectory="681ffce4-bfe4-4b57-8a8e-444348539fa2" />
    <UnitTestResult executionId="1beccc75-4432-4de0-afbe-5205aeb1fc4b" testId="2bf7024d-c9a8-0f52-01c6-a02fd7b7c6c8" testName="SequenceEqualIgnoreOrder_OneCollectionWithDuplicateElementOrderedDifferently_IgnoreOrder_SymmetricalFalseResult" computerName="DKSR-EFI-04" duration="00:00:00.0002649" startTime="2023-12-22T09:32:58.1310844+01:00" endTime="2023-12-22T09:32:58.1310844+01:00" testType="13cdc9d9-ddb5-4fa4-a97d-d965ccfc6d4b" outcome="Passed" testListId="8c84fa94-04c1-424b-9868-57a2d4851a1d" relativeResultsDirectory="1beccc75-4432-4de0-afbe-5205aeb1fc4b" />
    <UnitTestResult executionId="d3a7a9ec-b7fa-443c-9217-fb3741030997" testId="da2d2e18-01f0-acb5-e8f2-d394d1e9d5f0" testName="AuthenticationWindowsDefault_SetProperties_Success" computerName="DKSR-EFI-04" duration="00:00:00.0007628" startTime="2023-12-22T09:33:06.8811271+01:00" endTime="2023-12-22T09:33:06.8811271+01:00" testType="13cdc9d9-ddb5-4fa4-a97d-d965ccfc6d4b" outcome="Passed" testListId="8c84fa94-04c1-424b-9868-57a2d4851a1d" relativeResultsDirectory="d3a7a9ec-b7fa-443c-9217-fb3741030997" />
    <UnitTestResult executionId="bb9c12ca-8a87-46ac-9564-1c7c6cc5bc64" testId="f9fd199c-9720-ab0c-f9a1-3482c7ab7054" testName="RemoveToast_NonExistingToast_DoesNotCrash" computerName="DKSR-EFI-04" duration="00:00:00.0013963" startTime="2023-12-22T09:32:28.5840718+01:00" endTime="2023-12-22T09:32:28.5996952+01:00" testType="13cdc9d9-ddb5-4fa4-a97d-d965ccfc6d4b" outcome="Passed" testListId="8c84fa94-04c1-424b-9868-57a2d4851a1d" relativeResultsDirectory="bb9c12ca-8a87-46ac-9564-1c7c6cc5bc64" />
    <UnitTestResult executionId="78468194-8bfa-404d-aeda-8c3ae2ef3ec6" testId="1bd901f8-3f7d-e4b9-9350-b8e0d21cecdd" testName="Convert_SingleValueConverter_NotANumber_Throws" computerName="DKSR-EFI-04" duration="00:00:00.0015047" startTime="2023-12-22T09:32:58.5529632+01:00" endTime="2023-12-22T09:32:58.5685868+01:00" testType="13cdc9d9-ddb5-4fa4-a97d-d965ccfc6d4b" outcome="Passed" testListId="8c84fa94-04c1-424b-9868-57a2d4851a1d" relativeResultsDirectory="78468194-8bfa-404d-aeda-8c3ae2ef3ec6" />
    <UnitTestResult executionId="c4750ee5-ee56-464f-9ad9-bacc6178d111" testId="bd6f3f69-8756-1ecb-680e-dc8bdb5e7007" testName="RoundToSecond_RoundUp" computerName="DKSR-EFI-04" duration="00:00:00.0008400" startTime="2023-12-22T09:32:58.2248349+01:00" endTime="2023-12-22T09:32:58.2248349+01:00" testType="13cdc9d9-ddb5-4fa4-a97d-d965ccfc6d4b" outcome="Passed" testListId="8c84fa94-04c1-424b-9868-57a2d4851a1d" relativeResultsDirectory="c4750ee5-ee56-464f-9ad9-bacc6178d111" />
    <UnitTestResult executionId="cbbf0ba3-0873-4190-8550-6996d1ce08b8" testId="3e8485c9-a7cd-7c8f-f394-cfd45a272654" testName="UpdateFrameworkElementsOverlay_WithBothArgumentsNull_ShouldReturnTrueAndLeaveListsUnchanged" computerName="DKSR-EFI-04" duration="00:00:00.0007384" startTime="2023-12-22T09:33:05.9748719+01:00" endTime="2023-12-22T09:33:05.9748719+01:00" testType="13cdc9d9-ddb5-4fa4-a97d-d965ccfc6d4b" outcome="Passed" testListId="8c84fa94-04c1-424b-9868-57a2d4851a1d" relativeResultsDirectory="cbbf0ba3-0873-4190-8550-6996d1ce08b8" />
    <UnitTestResult executionId="6c4c8dc8-f332-4b4f-8336-6dc38e3e1ad7" testId="8d3a13e4-7529-dcc7-acab-a47c8e85a381" testName="GetStates_SessionStarted_WithStates" computerName="DKSR-EFI-04" duration="00:00:00.0008543" startTime="2023-12-22T09:33:06.8186253+01:00" endTime="2023-12-22T09:33:06.8186253+01:00" testType="13cdc9d9-ddb5-4fa4-a97d-d965ccfc6d4b" outcome="Passed" testListId="8c84fa94-04c1-424b-9868-57a2d4851a1d" relativeResultsDirectory="6c4c8dc8-f332-4b4f-8336-6dc38e3e1ad7" />
    <UnitTestResult executionId="701afc26-c3fd-4b15-a1c5-11e802778ba7" testId="7137fa11-d3cd-d2e9-1892-35a2bcf917d7" testName="MeasureCounters_UpdatesCpuUsage_WithPercentage" computerName="DKSR-EFI-04" duration="00:00:07.6625783" startTime="2023-12-22T09:32:49.7716703+01:00" endTime="2023-12-22T09:32:57.4279590+01:00" testType="13cdc9d9-ddb5-4fa4-a97d-d965ccfc6d4b" outcome="Passed" testListId="8c84fa94-04c1-424b-9868-57a2d4851a1d" relativeResultsDirectory="701afc26-c3fd-4b15-a1c5-11e802778ba7" />
    <UnitTestResult executionId="2ffcf4b4-d82c-4bdd-8671-bde299424ca4" testId="096497aa-f877-ca92-6ca3-eb3764bf4357" testName="TileStateMaintainsDefinedStateAsLongAsAtLeastOneCurrentStateIsDefined" computerName="DKSR-EFI-04" duration="00:00:00.0024481" startTime="2023-12-22T09:32:49.5685428+01:00" endTime="2023-12-22T09:32:49.5685428+01:00" testType="13cdc9d9-ddb5-4fa4-a97d-d965ccfc6d4b" outcome="Passed" testListId="8c84fa94-04c1-424b-9868-57a2d4851a1d" relativeResultsDirectory="2ffcf4b4-d82c-4bdd-8671-bde299424ca4" />
    <UnitTestResult executionId="0fde4c17-b60c-4420-a4a1-aff66f74fc3a" testId="bf21cb13-4f33-4868-5185-223274a7024a" testName="TryGetIntValue_KeyFound_ValueReturned" computerName="DKSR-EFI-04" duration="00:00:00.0002290" startTime="2023-12-22T09:33:06.2092464+01:00" endTime="2023-12-22T09:33:06.2092464+01:00" testType="13cdc9d9-ddb5-4fa4-a97d-d965ccfc6d4b" outcome="Passed" testListId="8c84fa94-04c1-424b-9868-57a2d4851a1d" relativeResultsDirectory="0fde4c17-b60c-4420-a4a1-aff66f74fc3a" />
    <UnitTestResult executionId="e1e0c533-f321-4889-8ff7-14a2a1668204" testId="9fa25131-4a4e-7dac-7ed1-7e35fdb0b337" testName="ItemHolderSelectedToggleButton_Init_Success" computerName="DKSR-EFI-04" duration="00:00:00.0280933" startTime="2023-12-22T09:32:58.9279609+01:00" endTime="2023-12-22T09:32:58.9592132+01:00" testType="13cdc9d9-ddb5-4fa4-a97d-d965ccfc6d4b" outcome="Passed" testListId="8c84fa94-04c1-424b-9868-57a2d4851a1d" relativeResultsDirectory="e1e0c533-f321-4889-8ff7-14a2a1668204" />
    <UnitTestResult executionId="135da8b5-ef6a-4bff-9171-6b249a12ba42" testId="91452546-d657-4c1c-6138-277aca7ba885" testName="RoundToMinute_RoundDown" computerName="DKSR-EFI-04" duration="00:00:00.0012737" startTime="2023-12-22T09:32:58.2248349+01:00" endTime="2023-12-22T09:32:58.2404633+01:00" testType="13cdc9d9-ddb5-4fa4-a97d-d965ccfc6d4b" outcome="Passed" testListId="8c84fa94-04c1-424b-9868-57a2d4851a1d" relativeResultsDirectory="135da8b5-ef6a-4bff-9171-6b249a12ba42" />
    <UnitTestResult executionId="32e1ec46-0882-48cd-a6c9-da91eebf0183" testId="31287f75-c0f1-e036-018c-5c569b7613eb" testName="TickFrequenceSet_GreaterThanMax_ValueValidatedAndUpdated" computerName="DKSR-EFI-04" duration="00:00:00.0024783" startTime="2023-12-22T09:32:33.0528424+01:00" endTime="2023-12-22T09:32:33.0528424+01:00" testType="13cdc9d9-ddb5-4fa4-a97d-d965ccfc6d4b" outcome="Passed" testListId="8c84fa94-04c1-424b-9868-57a2d4851a1d" relativeResultsDirectory="32e1ec46-0882-48cd-a6c9-da91eebf0183" />
    <UnitTestResult executionId="c81500ed-cfad-4e09-a70d-8d9dfd4a8994" testId="810ffc2c-a4d4-e483-e7ec-425382693cc5" testName="Constructor_BasicUser_Username_ArgumentNull_Thrown" computerName="DKSR-EFI-04" duration="00:00:00.0007065" startTime="2023-12-22T09:33:06.5061239+01:00" endTime="2023-12-22T09:33:06.5061239+01:00" testType="13cdc9d9-ddb5-4fa4-a97d-d965ccfc6d4b" outcome="Passed" testListId="8c84fa94-04c1-424b-9868-57a2d4851a1d" relativeResultsDirectory="c81500ed-cfad-4e09-a70d-8d9dfd4a8994" />
    <UnitTestResult executionId="450d1128-3740-4e67-ac19-3b6b7700a37f" testId="187b12dc-8a8d-a2dd-a376-a830b72404bd" testName="IsUnsecureConnectionAllowedForUser_ShouldReturnTrue_WhenAllowUnsecureSetToAllowed" computerName="DKSR-EFI-04" duration="00:00:00.0024305" startTime="2023-12-22T09:33:07.1936274+01:00" endTime="2023-12-22T09:33:07.1936274+01:00" testType="13cdc9d9-ddb5-4fa4-a97d-d965ccfc6d4b" outcome="Passed" testListId="8c84fa94-04c1-424b-9868-57a2d4851a1d" relativeResultsDirectory="450d1128-3740-4e67-ac19-3b6b7700a37f" />
    <UnitTestResult executionId="fe2c6542-a1d7-44fb-a275-6bc31698a2df" testId="bd58f8d9-e6cb-76f7-101e-84475807384c" testName="TooltipServiceWarning_EmptyServer" computerName="DKSR-EFI-04" duration="00:00:00.0039837" startTime="2023-12-22T09:33:05.7873709+01:00" endTime="2023-12-22T09:33:05.8029970+01:00" testType="13cdc9d9-ddb5-4fa4-a97d-d965ccfc6d4b" outcome="Passed" testListId="8c84fa94-04c1-424b-9868-57a2d4851a1d" relativeResultsDirectory="fe2c6542-a1d7-44fb-a275-6bc31698a2df" />
    <UnitTestResult executionId="bb7e1284-b0ab-424a-8d8d-989d0bbae90c" testId="ce5d6351-00d4-a4e9-7df0-2fe2199468f7" testName="IsUnsecureConnectionAllowedForUser_ShouldReturnFalse_WhenAllowUnsecureSetToNotDecided" computerName="DKSR-EFI-04" duration="00:00:00.0007315" startTime="2023-12-22T09:33:07.1936274+01:00" endTime="2023-12-22T09:33:07.1936274+01:00" testType="13cdc9d9-ddb5-4fa4-a97d-d965ccfc6d4b" outcome="Passed" testListId="8c84fa94-04c1-424b-9868-57a2d4851a1d" relativeResultsDirectory="bb7e1284-b0ab-424a-8d8d-989d0bbae90c" />
    <UnitTestResult executionId="ac0fc66b-f945-422a-ab26-10418d50c8db" testId="bcf043e2-e23c-d4b1-e8df-ddcfaf2c6564" testName="IntersectWithTest" computerName="DKSR-EFI-04" duration="00:00:00.0025590" startTime="2023-12-22T09:32:26.9746881+01:00" endTime="2023-12-22T09:32:26.9746881+01:00" testType="13cdc9d9-ddb5-4fa4-a97d-d965ccfc6d4b" outcome="Passed" testListId="8c84fa94-04c1-424b-9868-57a2d4851a1d" relativeResultsDirectory="ac0fc66b-f945-422a-ab26-10418d50c8db" />
    <UnitTestResult executionId="950920fc-a98d-4e70-8f9e-eaa012b9db00" testId="1c24a4c8-79d9-1a7e-b3df-8a6211e695a8" testName="OnPreviewKeyDown_RightShift_Click_Select_Success" computerName="DKSR-EFI-04" duration="00:00:00.2661688" startTime="2023-12-22T09:33:03.7561116+01:00" endTime="2023-12-22T09:33:04.0217364+01:00" testType="13cdc9d9-ddb5-4fa4-a97d-d965ccfc6d4b" outcome="Passed" testListId="8c84fa94-04c1-424b-9868-57a2d4851a1d" relativeResultsDirectory="950920fc-a98d-4e70-8f9e-eaa012b9db00" />
    <UnitTestResult executionId="6668f6f2-9463-4f97-9598-ad11081882a9" testId="e4efa2e9-6d62-0683-b9e7-1e5cf6253345" testName="IntersectOrdered" computerName="DKSR-EFI-04" duration="00:00:00.0039498" startTime="2023-12-22T09:32:58.0998342+01:00" endTime="2023-12-22T09:32:58.0998342+01:00" testType="13cdc9d9-ddb5-4fa4-a97d-d965ccfc6d4b" outcome="Passed" testListId="8c84fa94-04c1-424b-9868-57a2d4851a1d" relativeResultsDirectory="6668f6f2-9463-4f97-9598-ad11081882a9" />
    <UnitTestResult executionId="5e49950a-915b-4467-b128-25e3f5ecc58b" testId="286237b8-58c5-8f71-48e4-5e1734d0ac85" testName="OnPreviewKeyDown_PageDown_Success" computerName="DKSR-EFI-04" duration="00:00:00.2553321" startTime="2023-12-22T09:33:01.7873515+01:00" endTime="2023-12-22T09:33:02.0529814+01:00" testType="13cdc9d9-ddb5-4fa4-a97d-d965ccfc6d4b" outcome="Passed" testListId="8c84fa94-04c1-424b-9868-57a2d4851a1d" relativeResultsDirectory="5e49950a-915b-4467-b128-25e3f5ecc58b" />
    <UnitTestResult executionId="6b90ff8d-40e1-439f-980c-8bb9f2383f07" testId="298c066a-2f38-5d22-8d3d-0de208425162" testName="DoComboSelectionSetTextToEntityDisplayNameWhenSingleInstance" computerName="DKSR-EFI-04" duration="00:00:00.0087052" startTime="2023-12-22T09:32:49.5372928+01:00" endTime="2023-12-22T09:32:49.5372928+01:00" testType="13cdc9d9-ddb5-4fa4-a97d-d965ccfc6d4b" outcome="Passed" testListId="8c84fa94-04c1-424b-9868-57a2d4851a1d" relativeResultsDirectory="6b90ff8d-40e1-439f-980c-8bb9f2383f07" />
    <UnitTestResult executionId="937dfb9b-fb2b-48a6-94b5-2575e0b3f5d6" testId="57b6d097-e9d6-3704-ff59-5ba052e3b406" testName="ExtensionBeginInvokeNoParamTest" computerName="DKSR-EFI-04" duration="00:00:00.1093813" startTime="2023-12-22T09:32:26.4434361+01:00" endTime="2023-12-22T09:32:26.5528127+01:00" testType="13cdc9d9-ddb5-4fa4-a97d-d965ccfc6d4b" outcome="Passed" testListId="8c84fa94-04c1-424b-9868-57a2d4851a1d" relativeResultsDirectory="937dfb9b-fb2b-48a6-94b5-2575e0b3f5d6" />
    <UnitTestResult executionId="a09df778-1c6f-4870-b6ac-8909c3641d31" testId="22b2ca51-378e-71cd-e0e0-67e36d20ff15" testName="ArrangeOverride_3child_EnoughSpace_NotShrunk" computerName="DKSR-EFI-04" duration="00:00:00.0155495" startTime="2023-12-22T09:32:35.6153543+01:00" endTime="2023-12-22T09:32:35.6309791+01:00" testType="13cdc9d9-ddb5-4fa4-a97d-d965ccfc6d4b" outcome="Passed" testListId="8c84fa94-04c1-424b-9868-57a2d4851a1d" relativeResultsDirectory="a09df778-1c6f-4870-b6ac-8909c3641d31">
      <Output>
        <StdOut>Debug Trace:&#xD;
offsets: 0, 21, 62&#xD;
widths: 11, 31, 51</StdOut>
      </Output>
    </UnitTestResult>
    <UnitTestResult executionId="77872887-9045-4772-be68-32230a73f54a" testId="035ef68b-c3bd-7b62-9eec-5a605eb83f8c" testName="RoundToMillisecond_RoundUp" computerName="DKSR-EFI-04" duration="00:00:00.0010081" startTime="2023-12-22T09:32:58.2092077+01:00" endTime="2023-12-22T09:32:58.2092077+01:00" testType="13cdc9d9-ddb5-4fa4-a97d-d965ccfc6d4b" outcome="Passed" testListId="8c84fa94-04c1-424b-9868-57a2d4851a1d" relativeResultsDirectory="77872887-9045-4772-be68-32230a73f54a" />
    <UnitTestResult executionId="74f1f2de-a2fc-40cf-978e-a904730d521d" testId="00128a49-1d90-04d8-005b-b12d7a997cf3" testName="StopAndDisconnect_SessionNotStarted_ServiceNotCalled" computerName="DKSR-EFI-04" duration="00:00:00.0008942" startTime="2023-12-22T09:33:06.8186253+01:00" endTime="2023-12-22T09:33:06.8186253+01:00" testType="13cdc9d9-ddb5-4fa4-a97d-d965ccfc6d4b" outcome="Passed" testListId="8c84fa94-04c1-424b-9868-57a2d4851a1d" relativeResultsDirectory="74f1f2de-a2fc-40cf-978e-a904730d521d" />
    <UnitTestResult executionId="1e6e5db2-a9be-4de0-a7b0-2cb555cc802b" testId="adb4be23-162a-8b95-3e02-bd423cdb5788" testName="MouseDrag_RangeMinSetToMinValue_EditBoxIsWithinControlBoundaries" computerName="DKSR-EFI-04" duration="00:00:00.0908310" startTime="2023-12-22T09:32:34.0840956+01:00" endTime="2023-12-22T09:32:34.1622257+01:00" testType="13cdc9d9-ddb5-4fa4-a97d-d965ccfc6d4b" outcome="Passed" testListId="8c84fa94-04c1-424b-9868-57a2d4851a1d" relativeResultsDirectory="1e6e5db2-a9be-4de0-a7b0-2cb555cc802b" />
    <UnitTestResult executionId="1eb41829-3e67-45bf-ac07-0a6721009814" testId="08927107-8d8c-0e18-84c3-bf6112c63fb2" testName="TileLayout_Focused_BorderBrushUpdated" computerName="DKSR-EFI-04" duration="00:00:00.0059952" startTime="2023-12-22T09:32:58.9904624+01:00" endTime="2023-12-22T09:32:58.9904624+01:00" testType="13cdc9d9-ddb5-4fa4-a97d-d965ccfc6d4b" outcome="Passed" testListId="8c84fa94-04c1-424b-9868-57a2d4851a1d" relativeResultsDirectory="1eb41829-3e67-45bf-ac07-0a6721009814" />
    <UnitTestResult executionId="5ec138f6-8ae4-4ee6-aa42-83fd845023e2" testId="ed486ee2-750d-c7b9-06cc-eb3021382eda" testName="Convert_NoAutomationIdWithFallbackProperty_ReturnsValue" computerName="DKSR-EFI-04" duration="00:00:00.0005895" startTime="2023-12-22T09:32:27.9434424+01:00" endTime="2023-12-22T09:32:27.9434424+01:00" testType="13cdc9d9-ddb5-4fa4-a97d-d965ccfc6d4b" outcome="Passed" testListId="8c84fa94-04c1-424b-9868-57a2d4851a1d" relativeResultsDirectory="5ec138f6-8ae4-4ee6-aa42-83fd845023e2" />
    <UnitTestResult executionId="c880f71c-385c-4fe6-89b4-cb396a05e584" testId="30702b8e-5ec7-eb10-4c6a-7105f5c77df3" testName="Convert_ShouldReturnEqualOrLessString_WhenValueIsLessThanThreshold" computerName="DKSR-EFI-04" duration="00:00:00.0012065" startTime="2023-12-22T09:32:58.5373370+01:00" endTime="2023-12-22T09:32:58.5373370+01:00" testType="13cdc9d9-ddb5-4fa4-a97d-d965ccfc6d4b" outcome="Passed" testListId="8c84fa94-04c1-424b-9868-57a2d4851a1d" relativeResultsDirectory="c880f71c-385c-4fe6-89b4-cb396a05e584" />
    <UnitTestResult executionId="f38880d2-0bde-46ee-b59a-1ac49d6b22d5" testId="e7fe4176-e00b-74b7-50f4-595529010ad0" testName="DeleteTileThrowsIfTileNotInBox" computerName="DKSR-EFI-04" duration="00:00:00.0016801" startTime="2023-12-22T09:32:49.3654612+01:00" endTime="2023-12-22T09:32:49.3654612+01:00" testType="13cdc9d9-ddb5-4fa4-a97d-d965ccfc6d4b" outcome="Passed" testListId="8c84fa94-04c1-424b-9868-57a2d4851a1d" relativeResultsDirectory="f38880d2-0bde-46ee-b59a-1ac49d6b22d5" />
    <UnitTestResult executionId="f9dfb3f8-c11c-495f-b1ca-15ae25024250" testId="93774d2d-144b-7040-611e-7e563672ebaa" testName="SaveToFile_ShouldSaveAllowUnsecureConnection_WhenAllowUnsecureIsTrue" computerName="DKSR-EFI-04" duration="00:00:00.0590202" startTime="2023-12-22T09:33:07.1155011+01:00" endTime="2023-12-22T09:33:07.1780013+01:00" testType="13cdc9d9-ddb5-4fa4-a97d-d965ccfc6d4b" outcome="Passed" testListId="8c84fa94-04c1-424b-9868-57a2d4851a1d" relativeResultsDirectory="f9dfb3f8-c11c-495f-b1ca-15ae25024250" />
    <UnitTestResult executionId="2579870d-45b6-469c-b5da-b99b17966713" testId="c1eeccdf-9e70-35f5-8d31-8a133efe3993" testName="GetItemUserControl_Failure" computerName="DKSR-EFI-04" duration="00:00:00.0026663" startTime="2023-12-22T09:32:59.5685883+01:00" endTime="2023-12-22T09:32:59.5685883+01:00" testType="13cdc9d9-ddb5-4fa4-a97d-d965ccfc6d4b" outcome="Passed" testListId="8c84fa94-04c1-424b-9868-57a2d4851a1d" relativeResultsDirectory="2579870d-45b6-469c-b5da-b99b17966713" />
    <UnitTestResult executionId="ca19347a-c118-4b67-a01b-ba703abd6295" testId="876bc370-09a2-ee34-0b46-51df5caf6b5d" testName="AddToast_NewToast_Success" computerName="DKSR-EFI-04" duration="00:00:00.0242308" startTime="2023-12-22T09:32:28.5528212+01:00" endTime="2023-12-22T09:32:28.5840718+01:00" testType="13cdc9d9-ddb5-4fa4-a97d-d965ccfc6d4b" outcome="Passed" testListId="8c84fa94-04c1-424b-9868-57a2d4851a1d" relativeResultsDirectory="ca19347a-c118-4b67-a01b-ba703abd6295" />
    <UnitTestResult executionId="84833e7b-8d7a-4458-893f-d0406bff70f8" testId="ab1319d7-a2c3-e991-b6a2-1cf10c8be090" testName="FormsControlScaleValue_100Percent_Scaling" computerName="DKSR-EFI-04" duration="00:00:00.0007828" startTime="2023-12-22T09:32:58.4592149+01:00" endTime="2023-12-22T09:32:58.4592149+01:00" testType="13cdc9d9-ddb5-4fa4-a97d-d965ccfc6d4b" outcome="Passed" testListId="8c84fa94-04c1-424b-9868-57a2d4851a1d" relativeResultsDirectory="84833e7b-8d7a-4458-893f-d0406bff70f8" />
    <UnitTestResult executionId="85c99b02-cbe6-41d3-9f28-230ee6966de9" testId="7382cb68-b8fd-71d6-f26a-53d5017fec14" testName="StartCameraStates_ThreadInterruptException_DoubledSleepDuration" computerName="DKSR-EFI-04" duration="00:00:00.0022472" startTime="2023-12-22T09:33:06.7248735+01:00" endTime="2023-12-22T09:33:06.7248735+01:00" testType="13cdc9d9-ddb5-4fa4-a97d-d965ccfc6d4b" outcome="Passed" testListId="8c84fa94-04c1-424b-9868-57a2d4851a1d" relativeResultsDirectory="85c99b02-cbe6-41d3-9f28-230ee6966de9" />
    <UnitTestResult executionId="e20e28b8-018c-4433-98e3-7399571b9360" testId="9af8ac57-47e8-e560-cb3c-d72fb3be6de6" testName="OnPreviewKeyDown_Up_Success" computerName="DKSR-EFI-04" duration="00:00:00.2060364" startTime="2023-12-22T09:33:00.7404713+01:00" endTime="2023-12-22T09:33:00.9435976+01:00" testType="13cdc9d9-ddb5-4fa4-a97d-d965ccfc6d4b" outcome="Passed" testListId="8c84fa94-04c1-424b-9868-57a2d4851a1d" relativeResultsDirectory="e20e28b8-018c-4433-98e3-7399571b9360" />
    <UnitTestResult executionId="d80fe3cd-599b-497c-b26d-acaecc95e129" testId="d0c56151-9eb1-435a-613d-6b16219b3912" testName="OnPreviewKeyDown_LeftShift_Click_Select_Success" computerName="DKSR-EFI-04" duration="00:00:00.2707507" startTime="2023-12-22T09:33:03.4748598+01:00" endTime="2023-12-22T09:33:03.7404873+01:00" testType="13cdc9d9-ddb5-4fa4-a97d-d965ccfc6d4b" outcome="Passed" testListId="8c84fa94-04c1-424b-9868-57a2d4851a1d" relativeResultsDirectory="d80fe3cd-599b-497c-b26d-acaecc95e129" />
    <UnitTestResult executionId="40317140-f704-452c-9a65-d28055e4cfbc" testId="78d8640f-f64c-e788-cbb5-62b4d5593dba" testName="RemoveFrameworkElementsOverlay_WithUnknownId_ShouldLeaveListsUnchanged" computerName="DKSR-EFI-04" duration="00:00:00.0011875" startTime="2023-12-22T09:33:05.9904966+01:00" endTime="2023-12-22T09:33:05.9904966+01:00" testType="13cdc9d9-ddb5-4fa4-a97d-d965ccfc6d4b" outcome="Passed" testListId="8c84fa94-04c1-424b-9868-57a2d4851a1d" relativeResultsDirectory="40317140-f704-452c-9a65-d28055e4cfbc" />
    <UnitTestResult executionId="aeed13c5-775b-4f4b-9882-89a8cf32c8dc" testId="85fbbcd0-881b-ae29-40f1-5696b7e80975" testName="Add_SingleItem_SuccessWithSingleNotification" computerName="DKSR-EFI-04" duration="00:00:00.0040124" startTime="2023-12-22T09:33:05.7717437+01:00" endTime="2023-12-22T09:33:05.7717437+01:00" testType="13cdc9d9-ddb5-4fa4-a97d-d965ccfc6d4b" outcome="Passed" testListId="8c84fa94-04c1-424b-9868-57a2d4851a1d" relativeResultsDirectory="aeed13c5-775b-4f4b-9882-89a8cf32c8dc" />
    <UnitTestResult executionId="eeac0c58-4d80-4b02-89e1-91ab5400ddab" testId="a9359554-6927-fb85-3830-72d7f8df0ae0" testName="RoundToHour_RoundDown" computerName="DKSR-EFI-04" duration="00:00:00.0012175" startTime="2023-12-22T09:32:58.2404633+01:00" endTime="2023-12-22T09:32:58.2404633+01:00" testType="13cdc9d9-ddb5-4fa4-a97d-d965ccfc6d4b" outcome="Passed" testListId="8c84fa94-04c1-424b-9868-57a2d4851a1d" relativeResultsDirectory="eeac0c58-4d80-4b02-89e1-91ab5400ddab" />
    <UnitTestResult executionId="d9767813-35d3-488f-baff-dda15a888a09" testId="8f9aaf67-4846-3c14-9893-fd9a67976dbd" testName="TryCreateUri_ShouldReturnValidUri_WhenInputIsRelativeUri" computerName="DKSR-EFI-04" duration="00:00:00.0004061" startTime="2023-12-22T09:32:58.1935842+01:00" endTime="2023-12-22T09:32:58.1935842+01:00" testType="13cdc9d9-ddb5-4fa4-a97d-d965ccfc6d4b" outcome="Passed" testListId="8c84fa94-04c1-424b-9868-57a2d4851a1d" relativeResultsDirectory="d9767813-35d3-488f-baff-dda15a888a09" />
    <UnitTestResult executionId="68b383e1-91d3-4614-992e-16c7b7cadb11" testId="cbb93574-008f-0923-82a1-ea6b8693b1c4" testName="Changing_The_Last_Item_Works" computerName="DKSR-EFI-04" duration="00:00:00.0013775" startTime="2023-12-22T09:32:57.8029578+01:00" endTime="2023-12-22T09:32:57.8029578+01:00" testType="13cdc9d9-ddb5-4fa4-a97d-d965ccfc6d4b" outcome="Passed" testListId="8c84fa94-04c1-424b-9868-57a2d4851a1d" relativeResultsDirectory="68b383e1-91d3-4614-992e-16c7b7cadb11" />
    <UnitTestResult executionId="c5dd5d10-73fc-48ec-84ba-47ee928e84b0" testId="4e8ec708-b63a-3736-0e4f-25924095128b" testName="Convert_ShouldReturnUnsetValue_WhenValueCannotBeParsedToAnIntegerValue" computerName="DKSR-EFI-04" duration="00:00:00.0004142" startTime="2023-12-22T09:32:58.5529632+01:00" endTime="2023-12-22T09:32:58.5529632+01:00" testType="13cdc9d9-ddb5-4fa4-a97d-d965ccfc6d4b" outcome="Passed" testListId="8c84fa94-04c1-424b-9868-57a2d4851a1d" relativeResultsDirectory="c5dd5d10-73fc-48ec-84ba-47ee928e84b0" />
    <UnitTestResult executionId="98d6f3ca-41c5-49da-968d-587f60a8e2e7" testId="2b14ff95-cabe-8a3e-8e5c-8673fcb142c5" testName="SingleCameraMustSetDisplayNameDeletedCameraTextIfItDoesNotExist" computerName="DKSR-EFI-04" duration="00:00:00.0004105" startTime="2023-12-22T09:32:49.7247939+01:00" endTime="2023-12-22T09:32:49.7247939+01:00" testType="13cdc9d9-ddb5-4fa4-a97d-d965ccfc6d4b" outcome="Passed" testListId="8c84fa94-04c1-424b-9868-57a2d4851a1d" relativeResultsDirectory="98d6f3ca-41c5-49da-968d-587f60a8e2e7" />
    <UnitTestResult executionId="8a848f2c-7c95-479b-83ad-05a491195eb8" testId="70886465-8a9c-f3a3-e66e-9c4d9f1e425f" testName="TileStateBecomesDefinedIfInputStateIsDefined" computerName="DKSR-EFI-04" duration="00:00:00.0011169" startTime="2023-12-22T09:32:49.5685428+01:00" endTime="2023-12-22T09:32:49.5841678+01:00" testType="13cdc9d9-ddb5-4fa4-a97d-d965ccfc6d4b" outcome="Passed" testListId="8c84fa94-04c1-424b-9868-57a2d4851a1d" relativeResultsDirectory="8a848f2c-7c95-479b-83ad-05a491195eb8" />
    <UnitTestResult executionId="1697cce4-d4eb-46cb-b272-7056e705ab99" testId="86511367-20e7-9ea5-808a-c86846f8f9e3" testName="MeasureOverride_3childEnoughSpaceNoSpacing_Shrunk" computerName="DKSR-EFI-04" duration="00:00:00.0032121" startTime="2023-12-22T09:32:35.5841072+01:00" endTime="2023-12-22T09:32:35.5997289+01:00" testType="13cdc9d9-ddb5-4fa4-a97d-d965ccfc6d4b" outcome="Passed" testListId="8c84fa94-04c1-424b-9868-57a2d4851a1d" relativeResultsDirectory="1697cce4-d4eb-46cb-b272-7056e705ab99" />
    <UnitTestResult executionId="395dcc2d-7c1a-41bc-ba61-086bccd6cad2" testId="322678fe-2d0e-03ee-cda0-d8553512610f" testName="GetStates_SessionStarted_NoStates" computerName="DKSR-EFI-04" duration="00:00:00.0048677" startTime="2023-12-22T09:33:06.2248712+01:00" endTime="2023-12-22T09:33:06.2404972+01:00" testType="13cdc9d9-ddb5-4fa4-a97d-d965ccfc6d4b" outcome="Passed" testListId="8c84fa94-04c1-424b-9868-57a2d4851a1d" relativeResultsDirectory="395dcc2d-7c1a-41bc-ba61-086bccd6cad2" />
    <UnitTestResult executionId="dad21736-dc83-48d2-81d4-4368aa087ae1" testId="76a3a4c2-b730-8445-7c90-0d70d705d3b2" testName="OnPreviewKeyDown_RightCtrl_A_UnselectAll_Success" computerName="DKSR-EFI-04" duration="00:00:00.2152225" startTime="2023-12-22T09:33:03.2561084+01:00" endTime="2023-12-22T09:33:03.4748598+01:00" testType="13cdc9d9-ddb5-4fa4-a97d-d965ccfc6d4b" outcome="Passed" testListId="8c84fa94-04c1-424b-9868-57a2d4851a1d" relativeResultsDirectory="dad21736-dc83-48d2-81d4-4368aa087ae1" />
    <UnitTestResult executionId="39ae8eee-5fbb-44e3-ab49-e67a337d3174" testId="9b6bcf4a-f6d4-8ccc-f16d-a434ebb9feb9" testName="DetermineScaledWindowLocationAndSize_CenterScreen_100Percent_Scaling" computerName="DKSR-EFI-04" duration="00:00:00.0011170" startTime="2023-12-22T09:32:58.5217095+01:00" endTime="2023-12-22T09:32:58.5217095+01:00" testType="13cdc9d9-ddb5-4fa4-a97d-d965ccfc6d4b" outcome="Passed" testListId="8c84fa94-04c1-424b-9868-57a2d4851a1d" relativeResultsDirectory="39ae8eee-5fbb-44e3-ab49-e67a337d3174" />
    <UnitTestResult executionId="b33b451e-dc2a-4f81-9d7c-56b06c05c611" testId="dfdaa8e6-900c-926b-6ac3-82e2d0119e60" testName="ExpirationTimerOnTick_ToastNotExpired_Success" computerName="DKSR-EFI-04" duration="00:00:00.0010538" startTime="2023-12-22T09:32:58.5998380+01:00" endTime="2023-12-22T09:32:58.5998380+01:00" testType="13cdc9d9-ddb5-4fa4-a97d-d965ccfc6d4b" outcome="Passed" testListId="8c84fa94-04c1-424b-9868-57a2d4851a1d" relativeResultsDirectory="b33b451e-dc2a-4f81-9d7c-56b06c05c611" />
    <UnitTestResult executionId="3e723343-f64b-44ef-8b1b-942d3a7cb16e" testId="b722671b-5697-c030-4a64-cd7cdd00f422" testName="ShowDialogScaledHorizontalCenter_150Percent_Scaling" computerName="DKSR-EFI-04" duration="00:00:00.0025901" startTime="2023-12-22T09:32:58.3029615+01:00" endTime="2023-12-22T09:32:58.3029615+01:00" testType="13cdc9d9-ddb5-4fa4-a97d-d965ccfc6d4b" outcome="Passed" testListId="8c84fa94-04c1-424b-9868-57a2d4851a1d" relativeResultsDirectory="3e723343-f64b-44ef-8b1b-942d3a7cb16e" />
    <UnitTestResult executionId="2fa8755d-b40d-4cf8-8400-21ab495680cd" testId="4f39f42c-bd61-1d3b-a9d4-94ed188e9ad5" testName="SequenceEqualIgnoreOrder_NullCollection_IgnoreOrder_FalseResult" computerName="DKSR-EFI-04" duration="00:00:00.0001668" startTime="2023-12-22T09:32:58.1310844+01:00" endTime="2023-12-22T09:32:58.1310844+01:00" testType="13cdc9d9-ddb5-4fa4-a97d-d965ccfc6d4b" outcome="Passed" testListId="8c84fa94-04c1-424b-9868-57a2d4851a1d" relativeResultsDirectory="2fa8755d-b40d-4cf8-8400-21ab495680cd" />
    <UnitTestResult executionId="2f04c127-0fe6-47be-a0db-564000875432" testId="9407802f-e3bb-717e-dfa6-c4f68e793c26" testName="Constructor_StateSessionHelper_ArgumentNull_Thrown" computerName="DKSR-EFI-04" duration="00:00:00.0009446" startTime="2023-12-22T09:33:06.7873746+01:00" endTime="2023-12-22T09:33:06.7873746+01:00" testType="13cdc9d9-ddb5-4fa4-a97d-d965ccfc6d4b" outcome="Passed" testListId="8c84fa94-04c1-424b-9868-57a2d4851a1d" relativeResultsDirectory="2f04c127-0fe6-47be-a0db-564000875432" />
    <UnitTestResult executionId="7b53d790-29d0-4b2b-9385-93cd910a48ab" testId="8c9d0f43-0c95-b12f-4abf-b89bea8f7dec" testName="RoundToMinute_Nearest" computerName="DKSR-EFI-04" duration="00:00:00.0011657" startTime="2023-12-22T09:32:57.8810843+01:00" endTime="2023-12-22T09:32:57.8810843+01:00" testType="13cdc9d9-ddb5-4fa4-a97d-d965ccfc6d4b" outcome="Passed" testListId="8c84fa94-04c1-424b-9868-57a2d4851a1d" relativeResultsDirectory="7b53d790-29d0-4b2b-9385-93cd910a48ab" />
    <UnitTestResult executionId="008aa098-408d-4204-9bc1-f74e41f9ae1a" testId="6ff49ce2-6c5f-2d12-78c5-d9fccb402e88" testName="RemoveToast_ExistingToast_Success" computerName="DKSR-EFI-04" duration="00:00:00.0014113" startTime="2023-12-22T09:32:28.5996952+01:00" endTime="2023-12-22T09:32:28.5996952+01:00" testType="13cdc9d9-ddb5-4fa4-a97d-d965ccfc6d4b" outcome="Passed" testListId="8c84fa94-04c1-424b-9868-57a2d4851a1d" relativeResultsDirectory="008aa098-408d-4204-9bc1-f74e41f9ae1a" />
    <UnitTestResult executionId="af7c46f8-f4c4-49c3-b2a5-338b5818ed6e" testId="09c48a42-9cc6-7c96-0386-069c96816ff0" testName="Convert_DefaultMultiplierAndOffset_ReturnsProvidedValue" computerName="DKSR-EFI-04" duration="00:00:00.0011193" startTime="2023-12-22T09:32:27.9590675+01:00" endTime="2023-12-22T09:32:27.9590675+01:00" testType="13cdc9d9-ddb5-4fa4-a97d-d965ccfc6d4b" outcome="Passed" testListId="8c84fa94-04c1-424b-9868-57a2d4851a1d" relativeResultsDirectory="af7c46f8-f4c4-49c3-b2a5-338b5818ed6e" />
    <UnitTestResult executionId="72a7af5b-2ae2-4ab2-9af7-1ac2976d91cc" testId="4976d7df-aa75-dba7-69e7-9402402b4c8e" testName="GetThumbDependOnTheCamId" computerName="DKSR-EFI-04" duration="00:00:00.0004337" startTime="2023-12-22T09:32:48.6466630+01:00" endTime="2023-12-22T09:32:48.6466630+01:00" testType="13cdc9d9-ddb5-4fa4-a97d-d965ccfc6d4b" outcome="Passed" testListId="8c84fa94-04c1-424b-9868-57a2d4851a1d" relativeResultsDirectory="72a7af5b-2ae2-4ab2-9af7-1ac2976d91cc" />
    <UnitTestResult executionId="59124ba9-6927-458a-af1e-eddaba6a3618" testId="e0165201-5cdb-4323-41c0-fe10a5054fb9" testName="ToastsCanLeaveQueue_Success" computerName="DKSR-EFI-04" duration="00:00:00.0137287" startTime="2023-12-22T09:32:58.7873387+01:00" endTime="2023-12-22T09:32:58.8029622+01:00" testType="13cdc9d9-ddb5-4fa4-a97d-d965ccfc6d4b" outcome="Passed" testListId="8c84fa94-04c1-424b-9868-57a2d4851a1d" relativeResultsDirectory="59124ba9-6927-458a-af1e-eddaba6a3618" />
    <UnitTestResult executionId="790a353b-9732-4519-af8d-d341e55eb703" testId="6b82ab31-6a38-fe74-50c1-7d145afb1011" testName="SpinlockHandlerTest" computerName="DKSR-EFI-04" duration="00:00:00.1506419" startTime="2023-12-22T09:32:26.5840621+01:00" endTime="2023-12-22T09:32:26.7403139+01:00" testType="13cdc9d9-ddb5-4fa4-a97d-d965ccfc6d4b" outcome="Passed" testListId="8c84fa94-04c1-424b-9868-57a2d4851a1d" relativeResultsDirectory="790a353b-9732-4519-af8d-d341e55eb703" />
    <UnitTestResult executionId="c0ece335-315b-4d78-9339-d6d609d29435" testId="c5d5c0bb-f780-e550-d703-b15880279a9f" testName="Convert_ShouldReturnEqualOrLessString_WhenValueIsEqualToThreshold" computerName="DKSR-EFI-04" duration="00:00:00.0003424" startTime="2023-12-22T09:32:58.5373370+01:00" endTime="2023-12-22T09:32:58.5373370+01:00" testType="13cdc9d9-ddb5-4fa4-a97d-d965ccfc6d4b" outcome="Passed" testListId="8c84fa94-04c1-424b-9868-57a2d4851a1d" relativeResultsDirectory="c0ece335-315b-4d78-9339-d6d609d29435" />
    <UnitTestResult executionId="e233ffa8-1922-45e1-b381-47ae3d3561ec" testId="13a2427c-e785-ce2d-2d1c-b445eff86f81" testName="FormsControlScaledLocationAndSize_NegativePositions_150Percent_Scaling" computerName="DKSR-EFI-04" duration="00:00:00.0010364" startTime="2023-12-22T09:32:58.4904626+01:00" endTime="2023-12-22T09:32:58.4904626+01:00" testType="13cdc9d9-ddb5-4fa4-a97d-d965ccfc6d4b" outcome="Passed" testListId="8c84fa94-04c1-424b-9868-57a2d4851a1d" relativeResultsDirectory="e233ffa8-1922-45e1-b381-47ae3d3561ec" />
    <UnitTestResult executionId="b7e10e6e-6f3b-4a4d-b8cf-94c86340b12a" testId="d7a4b603-8308-5acd-9a99-39b73afff367" testName="RoundToSecond_Nearest" computerName="DKSR-EFI-04" duration="00:00:00.0008586" startTime="2023-12-22T09:32:58.2248349+01:00" endTime="2023-12-22T09:32:58.2248349+01:00" testType="13cdc9d9-ddb5-4fa4-a97d-d965ccfc6d4b" outcome="Passed" testListId="8c84fa94-04c1-424b-9868-57a2d4851a1d" relativeResultsDirectory="b7e10e6e-6f3b-4a4d-b8cf-94c86340b12a" />
    <UnitTestResult executionId="00daba25-1322-48a3-a075-1697b68453f0" testId="d571e5ac-82ed-ebaf-4d14-3695e99fdecf" testName="DetermineScaledWindowLocationAndSize_75Percent_Scaling" computerName="DKSR-EFI-04" duration="00:00:00.0008700" startTime="2023-12-22T09:32:58.5060882+01:00" endTime="2023-12-22T09:32:58.5060882+01:00" testType="13cdc9d9-ddb5-4fa4-a97d-d965ccfc6d4b" outcome="Passed" testListId="8c84fa94-04c1-424b-9868-57a2d4851a1d" relativeResultsDirectory="00daba25-1322-48a3-a075-1697b68453f0" />
    <UnitTestResult executionId="a12d594a-e78a-4867-a7d6-faf4a5cffa95" testId="a53bc742-1aa6-1112-cd67-7bd1ef336fc4" testName="FormsControlScaledLocationAndSize_NegativePositions_100Percent_Scaling" computerName="DKSR-EFI-04" duration="00:00:00.0204851" startTime="2023-12-22T09:32:58.4592149+01:00" endTime="2023-12-22T09:32:58.4748366+01:00" testType="13cdc9d9-ddb5-4fa4-a97d-d965ccfc6d4b" outcome="Passed" testListId="8c84fa94-04c1-424b-9868-57a2d4851a1d" relativeResultsDirectory="a12d594a-e78a-4867-a7d6-faf4a5cffa95" />
    <UnitTestResult executionId="d897c570-7442-4824-a213-595cf050db86" testId="958cf364-23eb-e2d5-f664-d61945c55467" testName="IsUnsecureConnectionAllowedForUser_ShouldReturnFalse_WhenAllowUnsecureIsInvalid" computerName="DKSR-EFI-04" duration="00:00:00.0004748" startTime="2023-12-22T09:33:07.1936274+01:00" endTime="2023-12-22T09:33:07.1936274+01:00" testType="13cdc9d9-ddb5-4fa4-a97d-d965ccfc6d4b" outcome="Passed" testListId="8c84fa94-04c1-424b-9868-57a2d4851a1d" relativeResultsDirectory="d897c570-7442-4824-a213-595cf050db86" />
    <UnitTestResult executionId="724779bd-9cfc-46ad-a181-31cdf19be54d" testId="c852d483-d9e0-2c2b-b9c0-ac3a615cecaf" testName="IsFailover_IsFailover" computerName="DKSR-EFI-04" duration="00:00:00.0003506" startTime="2023-12-22T09:33:05.8498700+01:00" endTime="2023-12-22T09:33:05.8498700+01:00" testType="13cdc9d9-ddb5-4fa4-a97d-d965ccfc6d4b" outcome="Passed" testListId="8c84fa94-04c1-424b-9868-57a2d4851a1d" relativeResultsDirectory="724779bd-9cfc-46ad-a181-31cdf19be54d" />
    <UnitTestResult executionId="6ec1b27f-df67-406d-934a-7d444dd5dd50" testId="132e103c-17cc-dd6d-9a83-6fdfdde045a1" testName="RoundToMillisecond_RoundDown" computerName="DKSR-EFI-04" duration="00:00:00.0074995" startTime="2023-12-22T09:32:58.2092077+01:00" endTime="2023-12-22T09:32:58.2092077+01:00" testType="13cdc9d9-ddb5-4fa4-a97d-d965ccfc6d4b" outcome="Passed" testListId="8c84fa94-04c1-424b-9868-57a2d4851a1d" relativeResultsDirectory="6ec1b27f-df67-406d-934a-7d444dd5dd50" />
    <UnitTestResult executionId="b455bf11-b5f2-466e-80b6-200d0d4cec74" testId="9c6021a0-5c69-1d26-d3e6-3538913699de" testName="Create_NoRecycledItemsAvailable_Success" computerName="DKSR-EFI-04" duration="00:00:00.0012596" startTime="2023-12-22T09:32:27.8965662+01:00" endTime="2023-12-22T09:32:27.8965662+01:00" testType="13cdc9d9-ddb5-4fa4-a97d-d965ccfc6d4b" outcome="Passed" testListId="8c84fa94-04c1-424b-9868-57a2d4851a1d" relativeResultsDirectory="b455bf11-b5f2-466e-80b6-200d0d4cec74" />
    <UnitTestResult executionId="8d69bf28-712f-4c2e-b644-2fbd2feba84c" testId="3b223dd9-b4de-6435-8d9f-fb5af0ea22bc" testName="Ctor_Success" computerName="DKSR-EFI-04" duration="00:00:00.0010251" startTime="2023-12-22T09:32:58.8654633+01:00" endTime="2023-12-22T09:32:58.8654633+01:00" testType="13cdc9d9-ddb5-4fa4-a97d-d965ccfc6d4b" outcome="Passed" testListId="8c84fa94-04c1-424b-9868-57a2d4851a1d" relativeResultsDirectory="8d69bf28-712f-4c2e-b644-2fbd2feba84c" />
    <UnitTestResult executionId="2f5d736c-222a-44c1-bd60-203e7703c484" testId="2ee2e56d-59f2-3ef3-a9cd-f2fe65fa91af" testName="Convert_ShouldReturnGreaterThanString_WhenValueIsDoubleValueGreaterThanThreshold" computerName="DKSR-EFI-04" duration="00:00:00.0007735" startTime="2023-12-22T09:32:58.5529632+01:00" endTime="2023-12-22T09:32:58.5529632+01:00" testType="13cdc9d9-ddb5-4fa4-a97d-d965ccfc6d4b" outcome="Passed" testListId="8c84fa94-04c1-424b-9868-57a2d4851a1d" relativeResultsDirectory="2f5d736c-222a-44c1-bd60-203e7703c484" />
    <UnitTestResult executionId="6bcfaacb-35c5-4c0d-98ac-cc78f4809643" testId="e959378d-d0fd-4d49-0362-8d51b28a1ec4" testName="FormsControlScaledHeight_100Percent_Scaling" computerName="DKSR-EFI-04" duration="00:00:00.0008905" startTime="2023-12-22T09:32:58.4435858+01:00" endTime="2023-12-22T09:32:58.4435858+01:00" testType="13cdc9d9-ddb5-4fa4-a97d-d965ccfc6d4b" outcome="Passed" testListId="8c84fa94-04c1-424b-9868-57a2d4851a1d" relativeResultsDirectory="6bcfaacb-35c5-4c0d-98ac-cc78f4809643" />
    <UnitTestResult executionId="4208a00e-c49e-43b2-b24e-0a8d52dc7321" testId="f1184a8e-b69a-6295-ac82-24b2bd10984c" testName="OnPreviewKeyDown_Space_Success" computerName="DKSR-EFI-04" duration="00:00:00.1583986" startTime="2023-12-22T09:33:00.3967180+01:00" endTime="2023-12-22T09:33:00.5529716+01:00" testType="13cdc9d9-ddb5-4fa4-a97d-d965ccfc6d4b" outcome="Passed" testListId="8c84fa94-04c1-424b-9868-57a2d4851a1d" relativeResultsDirectory="4208a00e-c49e-43b2-b24e-0a8d52dc7321" />
    <UnitTestResult executionId="ee6927cd-132b-47ae-902d-32107455b06c" testId="2f93e454-b30c-a78b-d137-5d738935ef23" testName="AllowUnsecureConnection_ShouldBeFalse_WhenAllowUnsecureIsInvalid" computerName="DKSR-EFI-04" duration="00:00:00.0017756" startTime="2023-12-22T09:33:07.1000138+01:00" endTime="2023-12-22T09:33:07.1000138+01:00" testType="13cdc9d9-ddb5-4fa4-a97d-d965ccfc6d4b" outcome="Passed" testListId="8c84fa94-04c1-424b-9868-57a2d4851a1d" relativeResultsDirectory="ee6927cd-132b-47ae-902d-32107455b06c" />
    <UnitTestResult executionId="2e4bf799-c221-4693-bb8f-60fe74831ea6" testId="b301c31a-5fce-b4b4-96b1-9d8598e593a2" testName="RoundToMinute_Up" computerName="DKSR-EFI-04" duration="00:00:00.0011222" startTime="2023-12-22T09:32:57.8810843+01:00" endTime="2023-12-22T09:32:57.8810843+01:00" testType="13cdc9d9-ddb5-4fa4-a97d-d965ccfc6d4b" outcome="Passed" testListId="8c84fa94-04c1-424b-9868-57a2d4851a1d" relativeResultsDirectory="2e4bf799-c221-4693-bb8f-60fe74831ea6" />
    <UnitTestResult executionId="23e1c81d-342d-413f-866d-758a874a966f" testId="26b17eff-fa5a-17f2-d1c6-54abe3c460d9" testName="StartServerStates_ThreadInterruptException_DoubledSleepDuration" computerName="DKSR-EFI-04" duration="00:00:00.0012567" startTime="2023-12-22T09:33:06.7873746+01:00" endTime="2023-12-22T09:33:06.7873746+01:00" testType="13cdc9d9-ddb5-4fa4-a97d-d965ccfc6d4b" outcome="Passed" testListId="8c84fa94-04c1-424b-9868-57a2d4851a1d" relativeResultsDirectory="23e1c81d-342d-413f-866d-758a874a966f" />
    <UnitTestResult executionId="16722865-20a1-47bf-9469-8ddd548793db" testId="be742706-2384-ae61-bc11-568bd8c32abe" testName="Changing_The_First_Item_Works" computerName="DKSR-EFI-04" duration="00:00:00.0064764" startTime="2023-12-22T09:32:57.7873327+01:00" endTime="2023-12-22T09:32:57.7873327+01:00" testType="13cdc9d9-ddb5-4fa4-a97d-d965ccfc6d4b" outcome="Passed" testListId="8c84fa94-04c1-424b-9868-57a2d4851a1d" relativeResultsDirectory="16722865-20a1-47bf-9469-8ddd548793db" />
    <UnitTestResult executionId="07e74481-a752-46a2-bdbe-3f9486b5cd37" testId="c9ba1809-2f3f-3bdb-0be2-cd4f412ec431" testName="Constructor_BaseServerAddress_ArgumentNull_NotThrown" computerName="DKSR-EFI-04" duration="00:00:00.0005710" startTime="2023-12-22T09:33:06.4123733+01:00" endTime="2023-12-22T09:33:06.4123733+01:00" testType="13cdc9d9-ddb5-4fa4-a97d-d965ccfc6d4b" outcome="Passed" testListId="8c84fa94-04c1-424b-9868-57a2d4851a1d" relativeResultsDirectory="07e74481-a752-46a2-bdbe-3f9486b5cd37" />
    <UnitTestResult executionId="3244acd3-2d2d-4310-a988-3d8415fa158b" testId="bc77ee0c-1b15-15e6-cc3d-5cb4ade23cbd" testName="Dismiss_ToastDismissed" computerName="DKSR-EFI-04" duration="00:00:00.0008433" startTime="2023-12-22T09:32:58.5842103+01:00" endTime="2023-12-22T09:32:58.5842103+01:00" testType="13cdc9d9-ddb5-4fa4-a97d-d965ccfc6d4b" outcome="Passed" testListId="8c84fa94-04c1-424b-9868-57a2d4851a1d" relativeResultsDirectory="3244acd3-2d2d-4310-a988-3d8415fa158b" />
    <UnitTestResult executionId="30d8ae54-6ed3-4e4c-b89c-d5d25a3d1856" testId="3a338b5e-ca33-280e-31b5-7634bd32733f" testName="CacheCanBeResetTest" computerName="DKSR-EFI-04" duration="00:00:00.0003191" startTime="2023-12-22T09:32:48.6466630+01:00" endTime="2023-12-22T09:32:48.6466630+01:00" testType="13cdc9d9-ddb5-4fa4-a97d-d965ccfc6d4b" outcome="Passed" testListId="8c84fa94-04c1-424b-9868-57a2d4851a1d" relativeResultsDirectory="30d8ae54-6ed3-4e4c-b89c-d5d25a3d1856" />
    <UnitTestResult executionId="20c6cbb9-4eee-4737-b4f0-238e29657d44" testId="959b9c9e-d734-ce8a-a43a-d0fda79ec4d9" testName="Convert_MultiValueConverter_ValidValues_Success" computerName="DKSR-EFI-04" duration="00:00:00.0003064" startTime="2023-12-22T09:32:58.5842103+01:00" endTime="2023-12-22T09:32:58.5842103+01:00" testType="13cdc9d9-ddb5-4fa4-a97d-d965ccfc6d4b" outcome="Passed" testListId="8c84fa94-04c1-424b-9868-57a2d4851a1d" relativeResultsDirectory="20c6cbb9-4eee-4737-b4f0-238e29657d44" />
    <UnitTestResult executionId="646f111c-c346-4699-a6ae-7c7cc3af3969" testId="18e7f5ad-6f64-9e86-3f8d-3ffdc05df7e8" testName="SerializedSlides_ShouldCorrectlySerializeAndDeserialize" computerName="DKSR-EFI-04" duration="00:00:00.0378468" startTime="2023-12-22T09:32:57.6467143+01:00" endTime="2023-12-22T09:32:57.6779562+01:00" testType="13cdc9d9-ddb5-4fa4-a97d-d965ccfc6d4b" outcome="Passed" testListId="8c84fa94-04c1-424b-9868-57a2d4851a1d" relativeResultsDirectory="646f111c-c346-4699-a6ae-7c7cc3af3969" />
    <UnitTestResult executionId="c7adbd72-10b4-4a1b-8fde-b45f37e2ddab" testId="f973a97f-5a8e-0209-5020-2d35dba67422" testName="Convert_WithRenamedAutomationId_ReturnsValue" computerName="DKSR-EFI-04" duration="00:00:00.0005062" startTime="2023-12-22T09:32:27.9434424+01:00" endTime="2023-12-22T09:32:27.9434424+01:00" testType="13cdc9d9-ddb5-4fa4-a97d-d965ccfc6d4b" outcome="Passed" testListId="8c84fa94-04c1-424b-9868-57a2d4851a1d" relativeResultsDirectory="c7adbd72-10b4-4a1b-8fde-b45f37e2ddab" />
    <UnitTestResult executionId="87fd017e-4a68-43b3-8df1-ac70615a890a" testId="3ff3319a-948e-ff61-1feb-7a7a66592fd5" testName="ConvertToTileStates_Convert" computerName="DKSR-EFI-04" duration="00:00:00.0016505" startTime="2023-12-22T09:33:06.8030000+01:00" endTime="2023-12-22T09:33:06.8030000+01:00" testType="13cdc9d9-ddb5-4fa4-a97d-d965ccfc6d4b" outcome="Passed" testListId="8c84fa94-04c1-424b-9868-57a2d4851a1d" relativeResultsDirectory="87fd017e-4a68-43b3-8df1-ac70615a890a" />
    <UnitTestResult executionId="d4dd3c5a-9c97-43d3-911d-4330c99e8282" testId="439fd027-b2f2-7d61-d60d-ad31877df020" testName="IsUnsecureConnectionAllowedForUser_ShouldReturnFalse_WhenUsernameDoesNotExist" computerName="DKSR-EFI-04" duration="00:00:00.0005129" startTime="2023-12-22T09:33:07.2092499+01:00" endTime="2023-12-22T09:33:07.2092499+01:00" testType="13cdc9d9-ddb5-4fa4-a97d-d965ccfc6d4b" outcome="Passed" testListId="8c84fa94-04c1-424b-9868-57a2d4851a1d" relativeResultsDirectory="d4dd3c5a-9c97-43d3-911d-4330c99e8282" />
    <UnitTestResult executionId="9924ca34-3539-4ceb-8927-98388f5de71f" testId="74add8a2-d9f3-2054-f072-e9237767895b" testName="ProvideValue_ReturnsThis" computerName="DKSR-EFI-04" duration="00:00:00.0006415" startTime="2023-12-22T09:32:58.5529632+01:00" endTime="2023-12-22T09:32:58.5529632+01:00" testType="13cdc9d9-ddb5-4fa4-a97d-d965ccfc6d4b" outcome="Passed" testListId="8c84fa94-04c1-424b-9868-57a2d4851a1d" relativeResultsDirectory="9924ca34-3539-4ceb-8927-98388f5de71f" />
    <UnitTestResult executionId="caef2d24-134c-4ef9-90f9-7bd9850e4f21" testId="ce743239-1b20-9584-c28b-8dc6a59dc3bb" testName="IsUnsecureConnectionAllowedForUser_ShouldReturnFalse_WhenNoUser" computerName="DKSR-EFI-04" duration="00:00:00.0005362" startTime="2023-12-22T09:33:07.2092499+01:00" endTime="2023-12-22T09:33:07.2092499+01:00" testType="13cdc9d9-ddb5-4fa4-a97d-d965ccfc6d4b" outcome="Passed" testListId="8c84fa94-04c1-424b-9868-57a2d4851a1d" relativeResultsDirectory="caef2d24-134c-4ef9-90f9-7bd9850e4f21" />
    <UnitTestResult executionId="65c0fe6f-3a02-4025-b0ba-f7a5402ca6b2" testId="41441101-47ad-5d05-d82c-2bfa6a698b36" testName="RoundToHour_Down" computerName="DKSR-EFI-04" duration="00:00:00.0013721" startTime="2023-12-22T09:32:57.8810843+01:00" endTime="2023-12-22T09:32:57.8810843+01:00" testType="13cdc9d9-ddb5-4fa4-a97d-d965ccfc6d4b" outcome="Passed" testListId="8c84fa94-04c1-424b-9868-57a2d4851a1d" relativeResultsDirectory="65c0fe6f-3a02-4025-b0ba-f7a5402ca6b2" />
    <UnitTestResult executionId="927fae98-0dab-49a7-9aa6-bd812679296c" testId="ff05611d-fdda-b2a8-4bf8-b702f180c253" testName="UpTileSwapsPositionsOfTileAndPredecessor" computerName="DKSR-EFI-04" duration="00:00:00.0033870" startTime="2023-12-22T09:32:49.3810424+01:00" endTime="2023-12-22T09:32:49.3810424+01:00" testType="13cdc9d9-ddb5-4fa4-a97d-d965ccfc6d4b" outcome="Passed" testListId="8c84fa94-04c1-424b-9868-57a2d4851a1d" relativeResultsDirectory="927fae98-0dab-49a7-9aa6-bd812679296c" />
    <UnitTestResult executionId="5878a7c8-dabc-4227-aa2d-be5914c8c85a" testId="a22bf289-0878-e3c5-33fd-766102ec1be1" testName="TimerOnElapsed_MaxIdleTimeNotReached_CleanupNotPerformed" computerName="DKSR-EFI-04" duration="00:00:00.0007547" startTime="2023-12-22T09:32:27.8965662+01:00" endTime="2023-12-22T09:32:27.9121924+01:00" testType="13cdc9d9-ddb5-4fa4-a97d-d965ccfc6d4b" outcome="Passed" testListId="8c84fa94-04c1-424b-9868-57a2d4851a1d" relativeResultsDirectory="5878a7c8-dabc-4227-aa2d-be5914c8c85a" />
    <UnitTestResult executionId="d622e878-c9d1-405d-b849-7af4116013bc" testId="1f62d143-3147-647f-0581-911ba09941ed" testName="OnPreviewKeyDown_Enter_Success" computerName="DKSR-EFI-04" duration="00:00:00.1902986" startTime="2023-12-22T09:33:02.2561038+01:00" endTime="2023-12-22T09:33:02.4436056+01:00" testType="13cdc9d9-ddb5-4fa4-a97d-d965ccfc6d4b" outcome="Passed" testListId="8c84fa94-04c1-424b-9868-57a2d4851a1d" relativeResultsDirectory="d622e878-c9d1-405d-b849-7af4116013bc" />
    <UnitTestResult executionId="b97122b4-97a4-4565-8386-c0b058b9af19" testId="5791d93f-2ea0-ebcc-a300-0da5e771609b" testName="TryCreateUri_ShouldReturnValidUriWithHttps_WhenInputIsRelativeUriAndNoCustomFallbackSchemeProvided" computerName="DKSR-EFI-04" duration="00:00:00.0003966" startTime="2023-12-22T09:32:58.1935842+01:00" endTime="2023-12-22T09:32:58.1935842+01:00" testType="13cdc9d9-ddb5-4fa4-a97d-d965ccfc6d4b" outcome="Passed" testListId="8c84fa94-04c1-424b-9868-57a2d4851a1d" relativeResultsDirectory="b97122b4-97a4-4565-8386-c0b058b9af19" />
    <UnitTestResult executionId="9b2e25df-4ccc-4dd0-a7e1-451a95ce5805" testId="4c2c17d3-0b22-1bad-fc18-dfc6e618f39b" testName="AuthenticationWindows_SetEnabled_Throws_InvalidOperationException" computerName="DKSR-EFI-04" duration="00:00:00.0005429" startTime="2023-12-22T09:33:06.8655013+01:00" endTime="2023-12-22T09:33:06.8655013+01:00" testType="13cdc9d9-ddb5-4fa4-a97d-d965ccfc6d4b" outcome="Passed" testListId="8c84fa94-04c1-424b-9868-57a2d4851a1d" relativeResultsDirectory="9b2e25df-4ccc-4dd0-a7e1-451a95ce5805" />
    <UnitTestResult executionId="ff519526-24c4-498f-a33a-7878459198a7" testId="e04fdc2f-e623-9c34-4386-5fa6abb1dcd4" testName="GetColumnDefinitions_Success" computerName="DKSR-EFI-04" duration="00:00:00.1710480" startTime="2023-12-22T09:32:59.5842155+01:00" endTime="2023-12-22T09:32:59.7560911+01:00" testType="13cdc9d9-ddb5-4fa4-a97d-d965ccfc6d4b" outcome="Passed" testListId="8c84fa94-04c1-424b-9868-57a2d4851a1d" relativeResultsDirectory="ff519526-24c4-498f-a33a-7878459198a7" />
    <UnitTestResult executionId="1a1e6779-2d72-410c-ae5a-2e31e64585d5" testId="704cc4f9-442e-9c30-b5d7-b60631e124cf" testName="Constructor_ShouldCreateTreeOfDepth2_WhenUnitsHaveGrandparent" computerName="DKSR-EFI-04" duration="00:00:00.0050811" startTime="2023-12-22T09:32:27.7871943+01:00" endTime="2023-12-22T09:32:27.8028177+01:00" testType="13cdc9d9-ddb5-4fa4-a97d-d965ccfc6d4b" outcome="Passed" testListId="8c84fa94-04c1-424b-9868-57a2d4851a1d" relativeResultsDirectory="1a1e6779-2d72-410c-ae5a-2e31e64585d5" />
    <UnitTestResult executionId="322d3df5-dde8-48cb-955f-4f04dffde37c" testId="9bb26b43-c785-7f17-8df6-312acd18b6b3" testName="RemoveToast_Success" computerName="DKSR-EFI-04" duration="00:00:00.0034553" startTime="2023-12-22T09:32:58.8654633+01:00" endTime="2023-12-22T09:32:58.8654633+01:00" testType="13cdc9d9-ddb5-4fa4-a97d-d965ccfc6d4b" outcome="Passed" testListId="8c84fa94-04c1-424b-9868-57a2d4851a1d" relativeResultsDirectory="322d3df5-dde8-48cb-955f-4f04dffde37c" />
    <UnitTestResult executionId="389bd59a-7daa-47b9-ac13-5fa982ce97ac" testId="1a9ef545-ced5-a479-15d2-22e0772b422a" testName="GetTimeSpanValueOrDefault_KeyFound_ValueReturned" computerName="DKSR-EFI-04" duration="00:00:00.0003875" startTime="2023-12-22T09:33:06.1623737+01:00" endTime="2023-12-22T09:33:06.1623737+01:00" testType="13cdc9d9-ddb5-4fa4-a97d-d965ccfc6d4b" outcome="Passed" testListId="8c84fa94-04c1-424b-9868-57a2d4851a1d" relativeResultsDirectory="389bd59a-7daa-47b9-ac13-5fa982ce97ac" />
    <UnitTestResult executionId="0033aeef-231e-492f-a6b3-ad268cb17acf" testId="98166cc9-e914-f13d-508c-30c89f0ae058" testName="DismissAllToasts_MultipleToasts_Success" computerName="DKSR-EFI-04" duration="00:00:00.0124882" startTime="2023-12-22T09:32:28.6309469+01:00" endTime="2023-12-22T09:32:28.6465703+01:00" testType="13cdc9d9-ddb5-4fa4-a97d-d965ccfc6d4b" outcome="Passed" testListId="8c84fa94-04c1-424b-9868-57a2d4851a1d" relativeResultsDirectory="0033aeef-231e-492f-a6b3-ad268cb17acf" />
    <UnitTestResult executionId="bfe9d23d-9074-4b48-a3df-525ad1adaf7a" testId="7f7d1819-d3c3-0c1a-31f2-188e1a6b0674" testName="RoundToSecond_Down" computerName="DKSR-EFI-04" duration="00:00:00.0014366" startTime="2023-12-22T09:32:57.8498336+01:00" endTime="2023-12-22T09:32:57.8498336+01:00" testType="13cdc9d9-ddb5-4fa4-a97d-d965ccfc6d4b" outcome="Passed" testListId="8c84fa94-04c1-424b-9868-57a2d4851a1d" relativeResultsDirectory="bfe9d23d-9074-4b48-a3df-525ad1adaf7a" />
    <UnitTestResult executionId="5fdd5573-eace-4932-a47a-89de53b36c34" testId="7bd27d81-06b7-0043-ca3b-42b8a3ad840b" testName="Convert_WithMultiplierAndOffset_Success" computerName="DKSR-EFI-04" duration="00:00:00.0002846" startTime="2023-12-22T09:32:27.9590675+01:00" endTime="2023-12-22T09:32:27.9590675+01:00" testType="13cdc9d9-ddb5-4fa4-a97d-d965ccfc6d4b" outcome="Passed" testListId="8c84fa94-04c1-424b-9868-57a2d4851a1d" relativeResultsDirectory="5fdd5573-eace-4932-a47a-89de53b36c34" />
    <UnitTestResult executionId="10980350-bb03-4c91-972f-4ae681907e2c" testId="17d84dca-08db-1fc3-9f2e-4c3ca40d4597" testName="GetTimeSpanValueOrDefault_WrongKeyValue_DefaultValueReturned" computerName="DKSR-EFI-04" duration="00:00:00.0003885" startTime="2023-12-22T09:33:06.1779974+01:00" endTime="2023-12-22T09:33:06.1779974+01:00" testType="13cdc9d9-ddb5-4fa4-a97d-d965ccfc6d4b" outcome="Passed" testListId="8c84fa94-04c1-424b-9868-57a2d4851a1d" relativeResultsDirectory="10980350-bb03-4c91-972f-4ae681907e2c" />
    <UnitTestResult executionId="17f7108d-fef0-43b8-b931-6b3176ca74ba" testId="46887356-7c48-625a-9fa8-4ca482d2d04d" testName="SingleCameraGroupMustReturnDisplayNameAsEntityName" computerName="DKSR-EFI-04" duration="00:00:00.0003186" startTime="2023-12-22T09:32:49.7247939+01:00" endTime="2023-12-22T09:32:49.7247939+01:00" testType="13cdc9d9-ddb5-4fa4-a97d-d965ccfc6d4b" outcome="Passed" testListId="8c84fa94-04c1-424b-9868-57a2d4851a1d" relativeResultsDirectory="17f7108d-fef0-43b8-b931-6b3176ca74ba" />
    <UnitTestResult executionId="6ee0e4ad-4057-4b51-af8f-06bb814af39a" testId="a6bf3e32-69e6-e77a-4075-d39c48232b1d" testName="StartCameraStates_CommunicationException_WithCustomLogger_DoubledSleepDuration" computerName="DKSR-EFI-04" duration="00:00:00.0065522" startTime="2023-12-22T09:33:06.7248735+01:00" endTime="2023-12-22T09:33:06.7248735+01:00" testType="13cdc9d9-ddb5-4fa4-a97d-d965ccfc6d4b" outcome="Passed" testListId="8c84fa94-04c1-424b-9868-57a2d4851a1d" relativeResultsDirectory="6ee0e4ad-4057-4b51-af8f-06bb814af39a" />
    <UnitTestResult executionId="128888a8-6874-4b11-a8d5-4a249d03fef2" testId="68a3dcd6-b2e6-5bb3-d82c-04377e1a7b9b" testName="UpdateServerState_FailoverErrorState" computerName="DKSR-EFI-04" duration="00:00:00.0011190" startTime="2023-12-22T09:33:05.8498700+01:00" endTime="2023-12-22T09:33:05.8498700+01:00" testType="13cdc9d9-ddb5-4fa4-a97d-d965ccfc6d4b" outcome="Passed" testListId="8c84fa94-04c1-424b-9868-57a2d4851a1d" relativeResultsDirectory="128888a8-6874-4b11-a8d5-4a249d03fef2" />
    <UnitTestResult executionId="4b7e5b21-58b1-4383-9007-bffd86ccab83" testId="9e8c12e8-27ef-31c9-ca23-5d60c890c874" testName="GetBoolValueOrDefault_EmptyKeyValue_DefaultValueReturned" computerName="DKSR-EFI-04" duration="00:00:00.0001873" startTime="2023-12-22T09:33:06.1936229+01:00" endTime="2023-12-22T09:33:06.1936229+01:00" testType="13cdc9d9-ddb5-4fa4-a97d-d965ccfc6d4b" outcome="Passed" testListId="8c84fa94-04c1-424b-9868-57a2d4851a1d" relativeResultsDirectory="4b7e5b21-58b1-4383-9007-bffd86ccab83" />
    <UnitTestResult executionId="13765b8e-c0be-4cea-883b-fe182032282b" testId="b986ab05-f3dd-e5e1-b031-20a48d4b9519" testName="OkNewTileThrowsIfNoEventSources" computerName="DKSR-EFI-04" duration="00:00:00.0011107" startTime="2023-12-22T09:32:49.4904183+01:00" endTime="2023-12-22T09:32:49.4904183+01:00" testType="13cdc9d9-ddb5-4fa4-a97d-d965ccfc6d4b" outcome="Passed" testListId="8c84fa94-04c1-424b-9868-57a2d4851a1d" relativeResultsDirectory="13765b8e-c0be-4cea-883b-fe182032282b" />
    <UnitTestResult executionId="0955828d-54e0-44df-b8d1-32e8d28a1164" testId="da80a2db-c20f-18de-ab2b-4a162a892642" testName="StartCameraStates_Success" computerName="DKSR-EFI-04" duration="00:00:00.0102495" startTime="2023-12-22T09:33:06.5842482+01:00" endTime="2023-12-22T09:33:06.5842482+01:00" testType="13cdc9d9-ddb5-4fa4-a97d-d965ccfc6d4b" outcome="Passed" testListId="8c84fa94-04c1-424b-9868-57a2d4851a1d" relativeResultsDirectory="0955828d-54e0-44df-b8d1-32e8d28a1164" />
    <UnitTestResult executionId="e49713c5-bc26-42fd-ba48-430e59c6c7c3" testId="968cb0b5-2676-6cd1-05ad-544228943f8e" testName="SaveToFile_ShouldSaveAllowUnsecureConnection_WhenAllowUnsecureSetToTrueAndNoUserExistsInXml" computerName="DKSR-EFI-04" duration="00:00:00.0027196" startTime="2023-12-22T09:33:07.1780013+01:00" endTime="2023-12-22T09:33:07.1780013+01:00" testType="13cdc9d9-ddb5-4fa4-a97d-d965ccfc6d4b" outcome="Passed" testListId="8c84fa94-04c1-424b-9868-57a2d4851a1d" relativeResultsDirectory="e49713c5-bc26-42fd-ba48-430e59c6c7c3" />
    <UnitTestResult executionId="a588ceb5-8b22-41ab-b503-d7fe632752b4" testId="b65ce05c-91af-c3db-9a3c-440082baa61d" testName="Convert_WithOffset_Success" computerName="DKSR-EFI-04" duration="00:00:00.0003672" startTime="2023-12-22T09:32:27.9590675+01:00" endTime="2023-12-22T09:32:27.9590675+01:00" testType="13cdc9d9-ddb5-4fa4-a97d-d965ccfc6d4b" outcome="Passed" testListId="8c84fa94-04c1-424b-9868-57a2d4851a1d" relativeResultsDirectory="a588ceb5-8b22-41ab-b503-d7fe632752b4" />
    <UnitTestResult executionId="f0fe3490-e626-479f-abdf-bd9109ec2113" testId="0a8ef08d-9dbb-9ec8-d4a3-65f99078cd81" testName="OnPreviewKeyDown_Right_Success" computerName="DKSR-EFI-04" duration="00:00:00.1925838" startTime="2023-12-22T09:33:00.9592229+01:00" endTime="2023-12-22T09:33:01.1467227+01:00" testType="13cdc9d9-ddb5-4fa4-a97d-d965ccfc6d4b" outcome="Passed" testListId="8c84fa94-04c1-424b-9868-57a2d4851a1d" relativeResultsDirectory="f0fe3490-e626-479f-abdf-bd9109ec2113" />
    <UnitTestResult executionId="614f8fd5-5fe9-44d5-8052-d9513e499865" testId="43785e1c-5d96-d5bd-319b-47bbf8cd5cd3" testName="ExtractItems_ShouldExtractSubset_WhenNotAllItemsAreOfExtractedType" computerName="DKSR-EFI-04" duration="00:00:00.0014515" startTime="2023-12-22T09:32:58.1779586+01:00" endTime="2023-12-22T09:32:58.1779586+01:00" testType="13cdc9d9-ddb5-4fa4-a97d-d965ccfc6d4b" outcome="Passed" testListId="8c84fa94-04c1-424b-9868-57a2d4851a1d" relativeResultsDirectory="614f8fd5-5fe9-44d5-8052-d9513e499865" />
    <UnitTestResult executionId="dde66c52-10b7-4c1e-bba4-8c4d131f06d4" testId="d78750b2-ef6e-b941-b3e8-5db7115013c1" testName="DispatcherCreateTest" computerName="DKSR-EFI-04" duration="00:00:00.2217146" startTime="2023-12-22T09:32:25.5371822+01:00" endTime="2023-12-22T09:32:26.2871870+01:00" testType="13cdc9d9-ddb5-4fa4-a97d-d965ccfc6d4b" outcome="Passed" testListId="8c84fa94-04c1-424b-9868-57a2d4851a1d" relativeResultsDirectory="dde66c52-10b7-4c1e-bba4-8c4d131f06d4" />
    <UnitTestResult executionId="5c1547d1-25e2-403e-b5dd-4f666782af3f" testId="e38f82e3-3025-9045-c164-157109ebeae1" testName="Constructor_BasicUser_Password_ArgumentNull_Thrown" computerName="DKSR-EFI-04" duration="00:00:00.0006223" startTime="2023-12-22T09:33:06.5061239+01:00" endTime="2023-12-22T09:33:06.5061239+01:00" testType="13cdc9d9-ddb5-4fa4-a97d-d965ccfc6d4b" outcome="Passed" testListId="8c84fa94-04c1-424b-9868-57a2d4851a1d" relativeResultsDirectory="5c1547d1-25e2-403e-b5dd-4f666782af3f" />
    <UnitTestResult executionId="2fad2b09-cfaf-4995-9b0a-2a12b335f2d8" testId="a11892e0-6ac9-8a46-c8de-3248052e70d9" testName="Constructor_WindowsUser_ArgumentNull_NotThrown" computerName="DKSR-EFI-04" duration="00:00:00.0012050" startTime="2023-12-22T09:33:06.5373716+01:00" endTime="2023-12-22T09:33:06.5373716+01:00" testType="13cdc9d9-ddb5-4fa4-a97d-d965ccfc6d4b" outcome="Passed" testListId="8c84fa94-04c1-424b-9868-57a2d4851a1d" relativeResultsDirectory="2fad2b09-cfaf-4995-9b0a-2a12b335f2d8" />
    <UnitTestResult executionId="dc9ddd69-f25b-4d7b-b1cc-c151c0cbac09" testId="4f9e68da-d964-48d6-9d3b-7273107c43bc" testName="RoundToMinute_Nearest" computerName="DKSR-EFI-04" duration="00:00:00.0008444" startTime="2023-12-22T09:32:58.2404633+01:00" endTime="2023-12-22T09:32:58.2404633+01:00" testType="13cdc9d9-ddb5-4fa4-a97d-d965ccfc6d4b" outcome="Passed" testListId="8c84fa94-04c1-424b-9868-57a2d4851a1d" relativeResultsDirectory="dc9ddd69-f25b-4d7b-b1cc-c151c0cbac09" />
    <UnitTestResult executionId="1c32a024-af31-4315-a7ec-0245e9be6f0d" testId="133cb637-1f14-da6d-6e37-6a27375b1670" testName="ArrangeOverride__6child_AllMustShrinkAndRestore__AllAreShrunkAndRestored" computerName="DKSR-EFI-04" duration="00:00:00.0188504" startTime="2023-12-22T09:32:35.6934799+01:00" endTime="2023-12-22T09:32:35.7091051+01:00" testType="13cdc9d9-ddb5-4fa4-a97d-d965ccfc6d4b" outcome="Passed" testListId="8c84fa94-04c1-424b-9868-57a2d4851a1d" relativeResultsDirectory="1c32a024-af31-4315-a7ec-0245e9be6f0d">
      <Output>
        <StdOut>Debug Trace:&#xD;
offsets: 0, 31, 82, 123, 123, 164&#xD;
widths: 11, 31, 51, 0, 11, 51</StdOut>
      </Output>
    </UnitTestResult>
    <UnitTestResult executionId="6f650c08-1444-47da-92ab-50c004991f88" testId="8a840b5c-7cc0-3e0e-9c58-be69d6fcfb38" testName="FontDownCommand_ShouldDecreaseFontForSelectedSlide" computerName="DKSR-EFI-04" duration="00:00:00.0010617" startTime="2023-12-22T09:32:57.6467143+01:00" endTime="2023-12-22T09:32:57.6467143+01:00" testType="13cdc9d9-ddb5-4fa4-a97d-d965ccfc6d4b" outcome="Passed" testListId="8c84fa94-04c1-424b-9868-57a2d4851a1d" relativeResultsDirectory="6f650c08-1444-47da-92ab-50c004991f88" />
    <UnitTestResult executionId="5ccf6aff-f456-4897-b30e-5c52bb3d4b66" testId="76a2e345-aae7-9b1e-7fd6-6ac6ca32b74e" testName="GetStates_NoSessionStarted_NewSession" computerName="DKSR-EFI-04" duration="00:00:00.0019900" startTime="2023-12-22T09:33:06.2873722+01:00" endTime="2023-12-22T09:33:06.2873722+01:00" testType="13cdc9d9-ddb5-4fa4-a97d-d965ccfc6d4b" outcome="Passed" testListId="8c84fa94-04c1-424b-9868-57a2d4851a1d" relativeResultsDirectory="5ccf6aff-f456-4897-b30e-5c52bb3d4b66" />
    <UnitTestResult executionId="2de05ff9-a198-4c13-806a-6a2ae87cb9d4" testId="1c73ceb9-2072-2e5e-a2de-ee8cd9695cfc" testName="GetStringValueOrDefault_KeyNotFound_DefaultValueReturned" computerName="DKSR-EFI-04" duration="00:00:00.0003021" startTime="2023-12-22T09:33:06.1779974+01:00" endTime="2023-12-22T09:33:06.1779974+01:00" testType="13cdc9d9-ddb5-4fa4-a97d-d965ccfc6d4b" outcome="Passed" testListId="8c84fa94-04c1-424b-9868-57a2d4851a1d" relativeResultsDirectory="2de05ff9-a198-4c13-806a-6a2ae87cb9d4" />
    <UnitTestResult executionId="0f5d14f3-f02c-4985-99ef-a9a7b411536f" testId="f182b61b-da52-b9d6-afe0-3488a377d621" testName="TooltipServiceWarning_Failover_UnknownTriggerValue" computerName="DKSR-EFI-04" duration="00:00:00.0001760" startTime="2023-12-22T09:33:05.8342453+01:00" endTime="2023-12-22T09:33:05.8342453+01:00" testType="13cdc9d9-ddb5-4fa4-a97d-d965ccfc6d4b" outcome="Passed" testListId="8c84fa94-04c1-424b-9868-57a2d4851a1d" relativeResultsDirectory="0f5d14f3-f02c-4985-99ef-a9a7b411536f" />
    <UnitTestResult executionId="714238b1-5357-4cdf-8e4c-5593c4533bbc" testId="569900d4-58ce-d7ba-87cf-ed8c555e623f" testName="TileStateIsUpdatedEvenIfCurrentStatesIsNull" computerName="DKSR-EFI-04" duration="00:00:00.0011296" startTime="2023-12-22T09:32:49.5841678+01:00" endTime="2023-12-22T09:32:49.5841678+01:00" testType="13cdc9d9-ddb5-4fa4-a97d-d965ccfc6d4b" outcome="Passed" testListId="8c84fa94-04c1-424b-9868-57a2d4851a1d" relativeResultsDirectory="714238b1-5357-4cdf-8e4c-5593c4533bbc" />
    <UnitTestResult executionId="47b5356e-d3da-4ba0-9b29-aaa9751a3951" testId="ed71c039-25d2-86e6-ce2e-7f7815b19541" testName="FindOptimalTilingReturnsIfNoCameraTilesAndNoServerTiles" computerName="DKSR-EFI-04" duration="00:00:00.0019425" startTime="2023-12-22T09:32:48.7404144+01:00" endTime="2023-12-22T09:32:48.7560406+01:00" testType="13cdc9d9-ddb5-4fa4-a97d-d965ccfc6d4b" outcome="Passed" testListId="8c84fa94-04c1-424b-9868-57a2d4851a1d" relativeResultsDirectory="47b5356e-d3da-4ba0-9b29-aaa9751a3951" />
    <UnitTestResult executionId="da6cd412-57ec-45bf-a717-43b1adc65305" testId="39556250-42a0-8230-36af-33fb371b59df" testName="ShowDialogScaled_150Percent_Scaling" computerName="DKSR-EFI-04" duration="00:00:00.0325858" startTime="2023-12-22T09:32:58.2560875+01:00" endTime="2023-12-22T09:32:58.2873342+01:00" testType="13cdc9d9-ddb5-4fa4-a97d-d965ccfc6d4b" outcome="Passed" testListId="8c84fa94-04c1-424b-9868-57a2d4851a1d" relativeResultsDirectory="da6cd412-57ec-45bf-a717-43b1adc65305" />
    <UnitTestResult executionId="9aa52c23-6888-4ed7-a53f-a057a88d8798" testId="a219a971-ee6f-7138-7f95-5ebe25d5d446" testName="AddFrameworkElementsOverlay_WithFollowDigitalZoomTrue_ShouldAddToFrameworkElementsOverlaysFollowDigitalZoom" computerName="DKSR-EFI-04" duration="00:00:00.0420866" startTime="2023-12-22T09:33:05.9123699+01:00" endTime="2023-12-22T09:33:05.9592455+01:00" testType="13cdc9d9-ddb5-4fa4-a97d-d965ccfc6d4b" outcome="Passed" testListId="8c84fa94-04c1-424b-9868-57a2d4851a1d" relativeResultsDirectory="9aa52c23-6888-4ed7-a53f-a057a88d8798" />
    <UnitTestResult executionId="6c4382e5-7999-497a-8d7a-83b1c32ad862" testId="535b5010-34ee-7c3d-315a-1071e5381898" testName="Convert_SingleValueConverter_DifferentTargetType_Success" computerName="DKSR-EFI-04" duration="00:00:00.0007043" startTime="2023-12-22T09:32:58.5685868+01:00" endTime="2023-12-22T09:32:58.5685868+01:00" testType="13cdc9d9-ddb5-4fa4-a97d-d965ccfc6d4b" outcome="Passed" testListId="8c84fa94-04c1-424b-9868-57a2d4851a1d" relativeResultsDirectory="6c4382e5-7999-497a-8d7a-83b1c32ad862" />
    <UnitTestResult executionId="a109f8af-acb9-4016-bbd5-f92d2ee7bb4d" testId="dbbf39a1-557e-8113-cb77-f2aa3140bfbd" testName="ItemHolder_MouseOver_Success" computerName="DKSR-EFI-04" duration="00:00:00.1792916" startTime="2023-12-22T09:32:59.7560911+01:00" endTime="2023-12-22T09:32:59.9279677+01:00" testType="13cdc9d9-ddb5-4fa4-a97d-d965ccfc6d4b" outcome="Passed" testListId="8c84fa94-04c1-424b-9868-57a2d4851a1d" relativeResultsDirectory="a109f8af-acb9-4016-bbd5-f92d2ee7bb4d" />
    <UnitTestResult executionId="b3149a23-6f05-4e45-9c53-2cb0d8f517e5" testId="ae5ac97e-8b8c-eeb7-7e79-fd8b61df6329" testName="Constructor_ShouldCreateTreeOfDepth1_WhenUnitsHaveNoParentButToplevelNodesAreSet" computerName="DKSR-EFI-04" duration="00:00:00.0134908" startTime="2023-12-22T09:32:27.7559417+01:00" endTime="2023-12-22T09:32:27.7715680+01:00" testType="13cdc9d9-ddb5-4fa4-a97d-d965ccfc6d4b" outcome="Passed" testListId="8c84fa94-04c1-424b-9868-57a2d4851a1d" relativeResultsDirectory="b3149a23-6f05-4e45-9c53-2cb0d8f517e5" />
    <UnitTestResult executionId="a3bdc7a9-f042-455c-9436-8c2271d36402" testId="49da23cd-956c-d063-f00f-78019f6587a5" testName="ExtractItems_ShouldEmptyItemsControl_WhenAllItemsAreOfExtractedType" computerName="DKSR-EFI-04" duration="00:00:00.0350696" startTime="2023-12-22T09:32:58.1310844+01:00" endTime="2023-12-22T09:32:58.1623327+01:00" testType="13cdc9d9-ddb5-4fa4-a97d-d965ccfc6d4b" outcome="Passed" testListId="8c84fa94-04c1-424b-9868-57a2d4851a1d" relativeResultsDirectory="a3bdc7a9-f042-455c-9436-8c2271d36402" />
    <UnitTestResult executionId="343eefe6-52ef-4da7-8db3-36cb50894a3b" testId="af71ed0e-187b-fd2b-1963-f93916cf4abc" testName="TooltipServiceWarning_NotCritical" computerName="DKSR-EFI-04" duration="00:00:00.0001450" startTime="2023-12-22T09:33:05.8342453+01:00" endTime="2023-12-22T09:33:05.8342453+01:00" testType="13cdc9d9-ddb5-4fa4-a97d-d965ccfc6d4b" outcome="Passed" testListId="8c84fa94-04c1-424b-9868-57a2d4851a1d" relativeResultsDirectory="343eefe6-52ef-4da7-8db3-36cb50894a3b" />
    <UnitTestResult executionId="1acae39a-29ea-4f57-9b2d-c3bbb4644e3d" testId="6a5073ae-b067-17a6-9c6f-959cad372ca7" testName="GetItemUserControl_Success" computerName="DKSR-EFI-04" duration="00:00:00.0048011" startTime="2023-12-22T09:32:59.5685883+01:00" endTime="2023-12-22T09:32:59.5685883+01:00" testType="13cdc9d9-ddb5-4fa4-a97d-d965ccfc6d4b" outcome="Passed" testListId="8c84fa94-04c1-424b-9868-57a2d4851a1d" relativeResultsDirectory="1acae39a-29ea-4f57-9b2d-c3bbb4644e3d" />
    <UnitTestResult executionId="ab16e383-f1f8-4e95-a9c7-36226729e0eb" testId="0ee94363-92bd-eb3e-d7fb-92ad8f9a8087" testName="GetStates_SessionStarted_NoStates" computerName="DKSR-EFI-04" duration="00:00:00.0012217" startTime="2023-12-22T09:33:06.2717481+01:00" endTime="2023-12-22T09:33:06.2717481+01:00" testType="13cdc9d9-ddb5-4fa4-a97d-d965ccfc6d4b" outcome="Passed" testListId="8c84fa94-04c1-424b-9868-57a2d4851a1d" relativeResultsDirectory="ab16e383-f1f8-4e95-a9c7-36226729e0eb" />
    <UnitTestResult executionId="4d6d7613-351b-404c-872e-38e2d602888b" testId="f8481245-447a-5b32-a26f-ec1feabc1ee3" testName="ItemHolder_MouseClick_Success" computerName="DKSR-EFI-04" duration="00:00:00.1537817" startTime="2023-12-22T09:32:59.9435952+01:00" endTime="2023-12-22T09:33:00.0998422+01:00" testType="13cdc9d9-ddb5-4fa4-a97d-d965ccfc6d4b" outcome="Passed" testListId="8c84fa94-04c1-424b-9868-57a2d4851a1d" relativeResultsDirectory="4d6d7613-351b-404c-872e-38e2d602888b" />
    <UnitTestResult executionId="bf85002f-b357-44be-bdb3-8c492d6d17e7" testId="3a686c1f-b102-e8a9-b329-09a0749c945a" testName="RangeMaxEdit_EnterLargeNumber_EditFieldAutosizedAndAlignedRight" computerName="DKSR-EFI-04" duration="00:00:00.3484781" startTime="2023-12-22T09:32:35.1934768+01:00" endTime="2023-12-22T09:32:35.5372268+01:00" testType="13cdc9d9-ddb5-4fa4-a97d-d965ccfc6d4b" outcome="Passed" testListId="8c84fa94-04c1-424b-9868-57a2d4851a1d" relativeResultsDirectory="bf85002f-b357-44be-bdb3-8c492d6d17e7" />
    <UnitTestResult executionId="a261e451-c5b2-4349-93c0-5d3b279a22d6" testId="8e17e180-a6fb-9c35-ec45-dff245336c94" testName="Create_RecycledItemAvailable_Success" computerName="DKSR-EFI-04" duration="00:00:00.0016815" startTime="2023-12-22T09:32:27.8965662+01:00" endTime="2023-12-22T09:32:27.8965662+01:00" testType="13cdc9d9-ddb5-4fa4-a97d-d965ccfc6d4b" outcome="Passed" testListId="8c84fa94-04c1-424b-9868-57a2d4851a1d" relativeResultsDirectory="a261e451-c5b2-4349-93c0-5d3b279a22d6" />
    <UnitTestResult executionId="6b590541-cd9a-41ad-b231-188e5e4ecca3" testId="fbddede5-5be9-fcfe-2d72-bc891322f303" testName="OnPreviewKeyDown_LeftCtrl_Click_Select_Success" computerName="DKSR-EFI-04" duration="00:00:00.2853623" startTime="2023-12-22T09:33:04.6154919+01:00" endTime="2023-12-22T09:33:04.9123657+01:00" testType="13cdc9d9-ddb5-4fa4-a97d-d965ccfc6d4b" outcome="Passed" testListId="8c84fa94-04c1-424b-9868-57a2d4851a1d" relativeResultsDirectory="6b590541-cd9a-41ad-b231-188e5e4ecca3" />
    <UnitTestResult executionId="158b3ea7-b52b-4e31-b5b5-e4c4f7031c3d" testId="9d6748d3-43a8-fd2d-d4c5-a0b3805774ee" testName="LoaderIsNotCalledWhenDataIsInCacheTest" computerName="DKSR-EFI-04" duration="00:00:00.0286189" startTime="2023-12-22T09:32:48.5997892+01:00" endTime="2023-12-22T09:32:48.6154115+01:00" testType="13cdc9d9-ddb5-4fa4-a97d-d965ccfc6d4b" outcome="Passed" testListId="8c84fa94-04c1-424b-9868-57a2d4851a1d" relativeResultsDirectory="158b3ea7-b52b-4e31-b5b5-e4c4f7031c3d" />
    <UnitTestResult executionId="f3b869db-48f1-49a1-b125-abd37456a6ee" testId="1b91abd4-9b99-9dc8-e442-fa99a1f0e332" testName="MouseLeftButtonUp_ShouldReleaseMouseCapture_WhenInvokingSingleClickHandlerDelayed" computerName="DKSR-EFI-04" duration="00:00:00.0023190" startTime="2023-12-22T09:33:05.9123699+01:00" endTime="2023-12-22T09:33:05.9123699+01:00" testType="13cdc9d9-ddb5-4fa4-a97d-d965ccfc6d4b" outcome="Passed" testListId="8c84fa94-04c1-424b-9868-57a2d4851a1d" relativeResultsDirectory="f3b869db-48f1-49a1-b125-abd37456a6ee" />
    <UnitTestResult executionId="0ca5d314-fd9f-4471-b528-a804b707504f" testId="3a11b55c-2e4b-9de3-e429-e8e4d5b33710" testName="MeasureCounters_SetsTheCorrectInitialGpuInformation" computerName="DKSR-EFI-04" duration="00:00:00.0020094" startTime="2023-12-22T09:32:57.4435826+01:00" endTime="2023-12-22T09:32:57.4435826+01:00" testType="13cdc9d9-ddb5-4fa4-a97d-d965ccfc6d4b" outcome="Passed" testListId="8c84fa94-04c1-424b-9868-57a2d4851a1d" relativeResultsDirectory="0ca5d314-fd9f-4471-b528-a804b707504f" />
    <UnitTestResult executionId="30970280-048b-4baf-9fb0-99d8672166eb" testId="8830f43b-5d5e-0d90-f334-a1cf125e39b1" testName="SubstractTest" computerName="DKSR-EFI-04" duration="00:00:00.0026910" startTime="2023-12-22T09:32:26.9590643+01:00" endTime="2023-12-22T09:32:26.9590643+01:00" testType="13cdc9d9-ddb5-4fa4-a97d-d965ccfc6d4b" outcome="Passed" testListId="8c84fa94-04c1-424b-9868-57a2d4851a1d" relativeResultsDirectory="30970280-048b-4baf-9fb0-99d8672166eb" />
    <UnitTestResult executionId="857758f9-9511-4653-bde7-de800b3db6a1" testId="3b2d2dcf-dfa8-bcce-057a-1c433d9c6c08" testName="OnPreviewKeyDown_Shift_Click_Select_FromGreaterIndexToLowerIndex_Success" computerName="DKSR-EFI-04" duration="00:00:00.2836257" startTime="2023-12-22T09:33:04.0217364+01:00" endTime="2023-12-22T09:33:04.3029883+01:00" testType="13cdc9d9-ddb5-4fa4-a97d-d965ccfc6d4b" outcome="Passed" testListId="8c84fa94-04c1-424b-9868-57a2d4851a1d" relativeResultsDirectory="857758f9-9511-4653-bde7-de800b3db6a1" />
    <UnitTestResult executionId="f1c716a1-1730-4913-90c3-98ad0314caee" testId="30e292f5-f798-eac9-ba1e-713f3566415c" testName="OnPreviewKeyDown_Left_Success" computerName="DKSR-EFI-04" duration="00:00:00.1854534" startTime="2023-12-22T09:33:01.1467227+01:00" endTime="2023-12-22T09:33:01.3342259+01:00" testType="13cdc9d9-ddb5-4fa4-a97d-d965ccfc6d4b" outcome="Passed" testListId="8c84fa94-04c1-424b-9868-57a2d4851a1d" relativeResultsDirectory="f1c716a1-1730-4913-90c3-98ad0314caee" />
    <UnitTestResult executionId="9a50dc88-f9e5-4205-ac0f-292db3bf695d" testId="8c18207a-4a3c-8ee5-7129-6f35cbcaea2a" testName="GetRoundRectangle_Success" computerName="DKSR-EFI-04" duration="00:00:00.0131659" startTime="2023-12-22T09:32:58.8810903+01:00" endTime="2023-12-22T09:32:58.8810903+01:00" testType="13cdc9d9-ddb5-4fa4-a97d-d965ccfc6d4b" outcome="Passed" testListId="8c84fa94-04c1-424b-9868-57a2d4851a1d" relativeResultsDirectory="9a50dc88-f9e5-4205-ac0f-292db3bf695d" />
    <UnitTestResult executionId="772dc543-f389-4b32-8c32-728bf6e15edb" testId="d78b0152-cc1a-328b-d637-c02c8df9200a" testName="Finds_Simple_Rule" computerName="DKSR-EFI-04" duration="00:00:00.0099705" startTime="2023-12-22T09:32:57.8185832+01:00" endTime="2023-12-22T09:32:57.8342077+01:00" testType="13cdc9d9-ddb5-4fa4-a97d-d965ccfc6d4b" outcome="Passed" testListId="8c84fa94-04c1-424b-9868-57a2d4851a1d" relativeResultsDirectory="772dc543-f389-4b32-8c32-728bf6e15edb" />
    <UnitTestResult executionId="8390015f-aaea-4083-9010-f2c635668cd9" testId="a295235b-bf9f-1e32-c688-419c5d57596e" testName="SequenceEqualIgnoreOrder_EqualCollections_IgnoreOrder_SymmetricalTrueResult" computerName="DKSR-EFI-04" duration="00:00:00.0002869" startTime="2023-12-22T09:32:58.1154597+01:00" endTime="2023-12-22T09:32:58.1154597+01:00" testType="13cdc9d9-ddb5-4fa4-a97d-d965ccfc6d4b" outcome="Passed" testListId="8c84fa94-04c1-424b-9868-57a2d4851a1d" relativeResultsDirectory="8390015f-aaea-4083-9010-f2c635668cd9" />
    <UnitTestResult executionId="da755eb9-8530-4533-a181-4d9dc408c66a" testId="06f7ab65-67b0-9ceb-7950-154a66e24a54" testName="IntersectOrdered_With_Key_Selector" computerName="DKSR-EFI-04" duration="00:00:00.0035465" startTime="2023-12-22T09:32:58.0998342+01:00" endTime="2023-12-22T09:32:58.0998342+01:00" testType="13cdc9d9-ddb5-4fa4-a97d-d965ccfc6d4b" outcome="Passed" testListId="8c84fa94-04c1-424b-9868-57a2d4851a1d" relativeResultsDirectory="da755eb9-8530-4533-a181-4d9dc408c66a" />
    <UnitTestResult executionId="02ca610f-ae0f-42b7-9a93-4d51be7e8461" testId="4c169ed1-2ceb-3ce5-de75-44f39814124d" testName="GetStates_SessionStarted_NoStates" computerName="DKSR-EFI-04" duration="00:00:00.0009009" startTime="2023-12-22T09:33:06.8186253+01:00" endTime="2023-12-22T09:33:06.8186253+01:00" testType="13cdc9d9-ddb5-4fa4-a97d-d965ccfc6d4b" outcome="Passed" testListId="8c84fa94-04c1-424b-9868-57a2d4851a1d" relativeResultsDirectory="02ca610f-ae0f-42b7-9a93-4d51be7e8461" />
    <UnitTestResult executionId="d0316d4d-5334-4564-9bfb-6122a360017c" testId="928f2455-6ebd-8ffd-8fc5-fc1e86ca64c0" testName="TooltipServiceWarning_Failover_None" computerName="DKSR-EFI-04" duration="00:00:00.0001973" startTime="2023-12-22T09:33:05.8342453+01:00" endTime="2023-12-22T09:33:05.8342453+01:00" testType="13cdc9d9-ddb5-4fa4-a97d-d965ccfc6d4b" outcome="Passed" testListId="8c84fa94-04c1-424b-9868-57a2d4851a1d" relativeResultsDirectory="d0316d4d-5334-4564-9bfb-6122a360017c" />
    <UnitTestResult executionId="5bc28a25-2316-4e1d-9928-760b724a2033" testId="da7d9a18-f239-39a4-8fc7-3bf5666ab8f3" testName="TooltipServiceWarning_Failover_LocalSSLError" computerName="DKSR-EFI-04" duration="00:00:00.0003857" startTime="2023-12-22T09:33:05.8186199+01:00" endTime="2023-12-22T09:33:05.8186199+01:00" testType="13cdc9d9-ddb5-4fa4-a97d-d965ccfc6d4b" outcome="Passed" testListId="8c84fa94-04c1-424b-9868-57a2d4851a1d" relativeResultsDirectory="5bc28a25-2316-4e1d-9928-760b724a2033" />
    <UnitTestResult executionId="c2fa3bca-2e1a-4d84-870a-10a78efa367e" testId="0cb85e0d-e620-5ffd-3a6f-c0a03dbcffb6" testName="ShowDialogScaledHorizontalCenter_EnsureWithinScreen_100Percent_Scaling" computerName="DKSR-EFI-04" duration="00:00:00.0074172" startTime="2023-12-22T09:32:58.3029615+01:00" endTime="2023-12-22T09:32:58.3029615+01:00" testType="13cdc9d9-ddb5-4fa4-a97d-d965ccfc6d4b" outcome="Passed" testListId="8c84fa94-04c1-424b-9868-57a2d4851a1d" relativeResultsDirectory="c2fa3bca-2e1a-4d84-870a-10a78efa367e" />
    <UnitTestResult executionId="71772205-aa12-4f0f-b6f7-3fcf71b2562e" testId="126d2357-7090-a0c3-d4b1-34920ceb72d7" testName="ToastsCanEnterQueue_Success" computerName="DKSR-EFI-04" duration="00:00:00.0095507" startTime="2023-12-22T09:32:58.7717125+01:00" endTime="2023-12-22T09:32:58.7873387+01:00" testType="13cdc9d9-ddb5-4fa4-a97d-d965ccfc6d4b" outcome="Passed" testListId="8c84fa94-04c1-424b-9868-57a2d4851a1d" relativeResultsDirectory="71772205-aa12-4f0f-b6f7-3fcf71b2562e" />
    <UnitTestResult executionId="5cf5e87a-97bf-47dd-89c4-193e06c4cc8e" testId="e06e61ed-13a4-6147-16b5-ee8c50cfb777" testName="MeasureCounters_UpdatesGPUInformationCorrectly" computerName="DKSR-EFI-04" duration="00:00:00.0016560" startTime="2023-12-22T09:32:57.4435826+01:00" endTime="2023-12-22T09:32:57.4435826+01:00" testType="13cdc9d9-ddb5-4fa4-a97d-d965ccfc6d4b" outcome="Passed" testListId="8c84fa94-04c1-424b-9868-57a2d4851a1d" relativeResultsDirectory="5cf5e87a-97bf-47dd-89c4-193e06c4cc8e" />
    <UnitTestResult executionId="8c6f0a1f-a64c-4a1b-bf27-0b4d35a3e0fe" testId="2ea81381-5cde-6a05-1852-15eea9dd2db0" testName="StartServerStates_Success" computerName="DKSR-EFI-04" duration="00:00:00.0024806" startTime="2023-12-22T09:33:06.7405004+01:00" endTime="2023-12-22T09:33:06.7405004+01:00" testType="13cdc9d9-ddb5-4fa4-a97d-d965ccfc6d4b" outcome="Passed" testListId="8c84fa94-04c1-424b-9868-57a2d4851a1d" relativeResultsDirectory="8c6f0a1f-a64c-4a1b-bf27-0b4d35a3e0fe" />
    <UnitTestResult executionId="475c7267-0099-4afb-8e67-3e1f7ed7dfa1" testId="6302655b-61c8-7b0f-1cb8-2a78b11ff788" testName="GetStates_SessionStarted_WithStates" computerName="DKSR-EFI-04" duration="00:00:00.0023197" startTime="2023-12-22T09:33:06.2404972+01:00" endTime="2023-12-22T09:33:06.2404972+01:00" testType="13cdc9d9-ddb5-4fa4-a97d-d965ccfc6d4b" outcome="Passed" testListId="8c84fa94-04c1-424b-9868-57a2d4851a1d" relativeResultsDirectory="475c7267-0099-4afb-8e67-3e1f7ed7dfa1" />
    <UnitTestResult executionId="a3c00ea7-0148-4a4b-8857-7efdfc7868d4" testId="5edfc052-b48b-6806-a4fa-422f55aeb664" testName="StartServerStates_TimeoutException_DoubledSleepDuration" computerName="DKSR-EFI-04" duration="00:00:00.0092240" startTime="2023-12-22T09:33:06.7561240+01:00" endTime="2023-12-22T09:33:06.7561240+01:00" testType="13cdc9d9-ddb5-4fa4-a97d-d965ccfc6d4b" outcome="Passed" testListId="8c84fa94-04c1-424b-9868-57a2d4851a1d" relativeResultsDirectory="a3c00ea7-0148-4a4b-8857-7efdfc7868d4" />
    <UnitTestResult executionId="a1501b43-b136-4e58-ac33-5bc6b3e8f770" testId="cbe296a6-601b-dd72-bc79-8548a0abe9dd" testName="MouseHover_OverSelectionRange_IsMouseOverRangeBar_IsTrue" computerName="DKSR-EFI-04" duration="00:00:00.0832745" startTime="2023-12-22T09:32:34.2872221+01:00" endTime="2023-12-22T09:32:34.3653472+01:00" testType="13cdc9d9-ddb5-4fa4-a97d-d965ccfc6d4b" outcome="Passed" testListId="8c84fa94-04c1-424b-9868-57a2d4851a1d" relativeResultsDirectory="a1501b43-b136-4e58-ac33-5bc6b3e8f770" />
    <UnitTestResult executionId="657693d5-d83b-462d-a08b-6c3babae060a" testId="501c02cb-ac5f-5745-c75a-6cf52f922f62" testName="SequenceEquals_NullCollection_RespectOrder_FalseResult" computerName="DKSR-EFI-04" duration="00:00:00.0001618" startTime="2023-12-22T09:32:57.7560839+01:00" endTime="2023-12-22T09:32:57.7560839+01:00" testType="13cdc9d9-ddb5-4fa4-a97d-d965ccfc6d4b" outcome="Passed" testListId="8c84fa94-04c1-424b-9868-57a2d4851a1d" relativeResultsDirectory="657693d5-d83b-462d-a08b-6c3babae060a" />
    <UnitTestResult executionId="f36e49b0-8e0d-49fb-8024-bb6e311c1b65" testId="2feabfd6-0ffa-cf5e-b63d-1731ea803e6d" testName="OnPreviewKeyDown_PageUp_Success" computerName="DKSR-EFI-04" duration="00:00:00.2032471" startTime="2023-12-22T09:33:02.0529814+01:00" endTime="2023-12-22T09:33:02.2561038+01:00" testType="13cdc9d9-ddb5-4fa4-a97d-d965ccfc6d4b" outcome="Passed" testListId="8c84fa94-04c1-424b-9868-57a2d4851a1d" relativeResultsDirectory="f36e49b0-8e0d-49fb-8024-bb6e311c1b65" />
    <UnitTestResult executionId="aee5015d-17b7-48fe-890e-0199c5fcad63" testId="2cd364b1-6937-7083-5f7e-1dd1eac47cf1" testName="AuthenticationExternal_SetProperties_Success" computerName="DKSR-EFI-04" duration="00:00:00.0051810" startTime="2023-12-22T09:33:06.8655013+01:00" endTime="2023-12-22T09:33:06.8655013+01:00" testType="13cdc9d9-ddb5-4fa4-a97d-d965ccfc6d4b" outcome="Passed" testListId="8c84fa94-04c1-424b-9868-57a2d4851a1d" relativeResultsDirectory="aee5015d-17b7-48fe-890e-0199c5fcad63" />
    <UnitTestResult executionId="f7e9704c-5eb2-4e96-97ba-0b0e3e01ab31" testId="107b14c3-6a21-48da-a917-3a863ef45b45" testName="Constructor_StateSessionHelperFactory_ArgumentNull_Thrown" computerName="DKSR-EFI-04" duration="00:00:00.0010565" startTime="2023-12-22T09:33:06.8030000+01:00" endTime="2023-12-22T09:33:06.8030000+01:00" testType="13cdc9d9-ddb5-4fa4-a97d-d965ccfc6d4b" outcome="Passed" testListId="8c84fa94-04c1-424b-9868-57a2d4851a1d" relativeResultsDirectory="f7e9704c-5eb2-4e96-97ba-0b0e3e01ab31" />
    <UnitTestResult executionId="7ddd00d1-1fe1-48e3-8f8c-8f35996cd770" testId="695975e6-7257-8513-2988-a677f0875ff3" testName="Start_ThreadsStarted" computerName="DKSR-EFI-04" duration="00:00:00.0096277" startTime="2023-12-22T09:33:06.5530002+01:00" endTime="2023-12-22T09:33:06.5686248+01:00" testType="13cdc9d9-ddb5-4fa4-a97d-d965ccfc6d4b" outcome="Passed" testListId="8c84fa94-04c1-424b-9868-57a2d4851a1d" relativeResultsDirectory="7ddd00d1-1fe1-48e3-8f8c-8f35996cd770" />
    <UnitTestResult executionId="563f64a5-38d4-4b92-b1f2-d183347128fe" testId="ed6cc5e3-e995-dc54-805e-582527975834" testName="Constructor_WindowsUser_BaseServerAddress_ArgumentNull_Thrown" computerName="DKSR-EFI-04" duration="00:00:00.0012183" startTime="2023-12-22T09:33:06.5061239+01:00" endTime="2023-12-22T09:33:06.5061239+01:00" testType="13cdc9d9-ddb5-4fa4-a97d-d965ccfc6d4b" outcome="Passed" testListId="8c84fa94-04c1-424b-9868-57a2d4851a1d" relativeResultsDirectory="563f64a5-38d4-4b92-b1f2-d183347128fe" />
    <UnitTestResult executionId="0531cccb-57fc-4504-bb5f-90939e96e4e3" testId="96d31876-ad33-952c-3bd1-b146a14e3f83" testName="Constructor_ShouldCreateTreeWithUnitChildren_WhenUnitsHaveParentAndChildrenAndTheyMustBeIncludedInTree" computerName="DKSR-EFI-04" duration="00:00:00.0042812" startTime="2023-12-22T09:32:27.8184454+01:00" endTime="2023-12-22T09:32:27.8184454+01:00" testType="13cdc9d9-ddb5-4fa4-a97d-d965ccfc6d4b" outcome="Passed" testListId="8c84fa94-04c1-424b-9868-57a2d4851a1d" relativeResultsDirectory="0531cccb-57fc-4504-bb5f-90939e96e4e3" />
    <UnitTestResult executionId="84eba51a-5274-4bda-89e4-3fa9da8d54b9" testId="edd04f72-e846-3536-4d16-cb04e8460e6b" testName="FormsControlScaledLocationAndSize_AnchorRightAndBottom_150Percent_Scaling" computerName="DKSR-EFI-04" duration="00:00:00.0045901" startTime="2023-12-22T09:32:58.4904626+01:00" endTime="2023-12-22T09:32:58.5060882+01:00" testType="13cdc9d9-ddb5-4fa4-a97d-d965ccfc6d4b" outcome="Passed" testListId="8c84fa94-04c1-424b-9868-57a2d4851a1d" relativeResultsDirectory="84eba51a-5274-4bda-89e4-3fa9da8d54b9" />
    <UnitTestResult executionId="5c9a4790-da89-41c3-afbe-f782a307d1ec" testId="e7ac6111-62b8-1737-1b08-b5a95b8c801f" testName="LoaderCalledWhenDataIsNotInCacheTest" computerName="DKSR-EFI-04" duration="00:00:00.0150671" startTime="2023-12-22T09:32:48.6310377+01:00" endTime="2023-12-22T09:32:48.6466630+01:00" testType="13cdc9d9-ddb5-4fa4-a97d-d965ccfc6d4b" outcome="Passed" testListId="8c84fa94-04c1-424b-9868-57a2d4851a1d" relativeResultsDirectory="5c9a4790-da89-41c3-afbe-f782a307d1ec" />
    <UnitTestResult executionId="288c80d7-7d90-4713-a834-7ec17e935449" testId="f106274d-5d2d-5f08-6dad-6f5b4c7e2e4c" testName="OkEditTileEditsTile" computerName="DKSR-EFI-04" duration="00:00:00.0025725" startTime="2023-12-22T09:32:49.4904183+01:00" endTime="2023-12-22T09:32:49.4904183+01:00" testType="13cdc9d9-ddb5-4fa4-a97d-d965ccfc6d4b" outcome="Passed" testListId="8c84fa94-04c1-424b-9868-57a2d4851a1d" relativeResultsDirectory="288c80d7-7d90-4713-a834-7ec17e935449" />
    <UnitTestResult executionId="e47f2878-ea57-444d-a225-2a4b29895692" testId="6993f887-a58d-8b2d-0d37-9a2f5f848573" testName="DeleteTileDeletesIfTileIsInListBox" computerName="DKSR-EFI-04" duration="00:00:00.2205806" startTime="2023-12-22T09:32:49.1311731+01:00" endTime="2023-12-22T09:32:49.3497920+01:00" testType="13cdc9d9-ddb5-4fa4-a97d-d965ccfc6d4b" outcome="Passed" testListId="8c84fa94-04c1-424b-9868-57a2d4851a1d" relativeResultsDirectory="e47f2878-ea57-444d-a225-2a4b29895692" />
    <UnitTestResult executionId="598f74cd-b3d1-47ca-994b-dd05ea2f694d" testId="46313e0c-0560-4a59-beb1-c990fbb88dd8" testName="Constructor_WindowsUser_Password_ArgumentNull_Thrown" computerName="DKSR-EFI-04" duration="00:00:00.0007035" startTime="2023-12-22T09:33:06.5217479+01:00" endTime="2023-12-22T09:33:06.5217479+01:00" testType="13cdc9d9-ddb5-4fa4-a97d-d965ccfc6d4b" outcome="Passed" testListId="8c84fa94-04c1-424b-9868-57a2d4851a1d" relativeResultsDirectory="598f74cd-b3d1-47ca-994b-dd05ea2f694d" />
    <UnitTestResult executionId="06dfa22b-1397-44c5-bf93-cb044746524c" testId="24d7108a-b492-bd24-b0f8-ceb600b42692" testName="ScrollIntoView_Success" computerName="DKSR-EFI-04" duration="00:00:00.4509354" startTime="2023-12-22T09:32:59.1154644+01:00" endTime="2023-12-22T09:32:59.5529644+01:00" testType="13cdc9d9-ddb5-4fa4-a97d-d965ccfc6d4b" outcome="Passed" testListId="8c84fa94-04c1-424b-9868-57a2d4851a1d" relativeResultsDirectory="06dfa22b-1397-44c5-bf93-cb044746524c" />
    <UnitTestResult executionId="64fc515c-e122-4550-bacf-f09f0c50c770" testId="9dcd4ce8-33dc-3db8-df54-9c3e687528fe" testName="Convert_MultiValueConverter_DifferentTargetType_Success" computerName="DKSR-EFI-04" duration="00:00:00.0003288" startTime="2023-12-22T09:32:58.5842103+01:00" endTime="2023-12-22T09:32:58.5842103+01:00" testType="13cdc9d9-ddb5-4fa4-a97d-d965ccfc6d4b" outcome="Passed" testListId="8c84fa94-04c1-424b-9868-57a2d4851a1d" relativeResultsDirectory="64fc515c-e122-4550-bacf-f09f0c50c770" />
    <UnitTestResult executionId="a5bcdecd-78da-481a-af16-0fc4e308a7de" testId="91b01448-6a92-47bb-7ce5-67a9221a299c" testName="Ctor_Success" computerName="DKSR-EFI-04" duration="00:00:00.0255534" startTime="2023-12-22T09:32:58.8967124+01:00" endTime="2023-12-22T09:32:58.9279609+01:00" testType="13cdc9d9-ddb5-4fa4-a97d-d965ccfc6d4b" outcome="Passed" testListId="8c84fa94-04c1-424b-9868-57a2d4851a1d" relativeResultsDirectory="a5bcdecd-78da-481a-af16-0fc4e308a7de" />
    <UnitTestResult executionId="4cd80502-fbb2-4d41-82f2-8110aedb7e2b" testId="6e2b046c-b538-e705-bf5a-ce4b83d68120" testName="MeasureOverride_1childEnoughSpace_NotShrunk" computerName="DKSR-EFI-04" duration="00:00:00.0099355" startTime="2023-12-22T09:32:35.5687326+01:00" endTime="2023-12-22T09:32:35.5841072+01:00" testType="13cdc9d9-ddb5-4fa4-a97d-d965ccfc6d4b" outcome="Passed" testListId="8c84fa94-04c1-424b-9868-57a2d4851a1d" relativeResultsDirectory="4cd80502-fbb2-4d41-82f2-8110aedb7e2b" />
    <UnitTestResult executionId="5ca3a40c-4064-48b3-9a08-702ea8342cfd" testId="8a554420-2901-ce60-a106-99e771204384" testName="TryCreateUri_ShouldReturnFalse_WhenInputIsInvalidUri" computerName="DKSR-EFI-04" duration="00:00:00.0054596" startTime="2023-12-22T09:32:58.1935842+01:00" endTime="2023-12-22T09:32:58.1935842+01:00" testType="13cdc9d9-ddb5-4fa4-a97d-d965ccfc6d4b" outcome="Passed" testListId="8c84fa94-04c1-424b-9868-57a2d4851a1d" relativeResultsDirectory="5ca3a40c-4064-48b3-9a08-702ea8342cfd" />
    <UnitTestResult executionId="f0f28722-a7fc-4c00-9b7d-d4205d1521ef" testId="853fc9d6-6db1-9e50-13df-6a1ab3128380" testName="Clear_NoCleanupTimerRunning_Success" computerName="DKSR-EFI-04" duration="00:00:00.0004207" startTime="2023-12-22T09:32:27.9121924+01:00" endTime="2023-12-22T09:32:27.9121924+01:00" testType="13cdc9d9-ddb5-4fa4-a97d-d965ccfc6d4b" outcome="Passed" testListId="8c84fa94-04c1-424b-9868-57a2d4851a1d" relativeResultsDirectory="f0f28722-a7fc-4c00-9b7d-d4205d1521ef" />
    <UnitTestResult executionId="724f7a3d-29a9-4392-9055-b0b45a99901d" testId="8222d29f-50ae-b106-6ccd-5b5874365d8b" testName="RemoveNonExistingToast_Success" computerName="DKSR-EFI-04" duration="00:00:00.0019939" startTime="2023-12-22T09:32:58.8498367+01:00" endTime="2023-12-22T09:32:58.8654633+01:00" testType="13cdc9d9-ddb5-4fa4-a97d-d965ccfc6d4b" outcome="Passed" testListId="8c84fa94-04c1-424b-9868-57a2d4851a1d" relativeResultsDirectory="724f7a3d-29a9-4392-9055-b0b45a99901d" />
    <UnitTestResult executionId="ba942296-339f-4a5b-b320-5ed8bc9e683e" testId="319f8796-7403-b14a-34e0-f1797faae63e" testName="GetIntValueOrDefault_KeyNotFound_DefaultValueReturned" computerName="DKSR-EFI-04" duration="00:00:00.0004506" startTime="2023-12-22T09:33:06.1311222+01:00" endTime="2023-12-22T09:33:06.1311222+01:00" testType="13cdc9d9-ddb5-4fa4-a97d-d965ccfc6d4b" outcome="Passed" testListId="8c84fa94-04c1-424b-9868-57a2d4851a1d" relativeResultsDirectory="ba942296-339f-4a5b-b320-5ed8bc9e683e" />
    <UnitTestResult executionId="c1be67b3-dc86-4d91-8055-fdca2e7127d4" testId="bd9d6efd-ee5b-c8e1-7fe2-91d5e9a397a3" testName="Constructor_ShouldCreateTreeOfDepth1_WhenUnitsHaveParentButNoGrandparent" computerName="DKSR-EFI-04" duration="00:00:00.0026834" startTime="2023-12-22T09:32:27.7715680+01:00" endTime="2023-12-22T09:32:27.7871943+01:00" testType="13cdc9d9-ddb5-4fa4-a97d-d965ccfc6d4b" outcome="Passed" testListId="8c84fa94-04c1-424b-9868-57a2d4851a1d" relativeResultsDirectory="c1be67b3-dc86-4d91-8055-fdca2e7127d4" />
    <UnitTestResult executionId="c1d28842-c5ac-4b1d-bccf-36813d46e367" testId="bb96e440-92b4-1c31-95b5-59b0e4d11807" testName="GetIntValueOrDefault_KeyFound_ValueReturned" computerName="DKSR-EFI-04" duration="00:00:00.0006028" startTime="2023-12-22T09:33:06.1311222+01:00" endTime="2023-12-22T09:33:06.1467476+01:00" testType="13cdc9d9-ddb5-4fa4-a97d-d965ccfc6d4b" outcome="Passed" testListId="8c84fa94-04c1-424b-9868-57a2d4851a1d" relativeResultsDirectory="c1d28842-c5ac-4b1d-bccf-36813d46e367" />
    <UnitTestResult executionId="f5450af9-5951-4ab1-aa80-43f369566b5c" testId="61b1c2a4-89cd-5144-7bf8-430d589649be" testName="RoundToMillisecond_Up" computerName="DKSR-EFI-04" duration="00:00:00.0015488" startTime="2023-12-22T09:32:57.8498336+01:00" endTime="2023-12-22T09:32:57.8498336+01:00" testType="13cdc9d9-ddb5-4fa4-a97d-d965ccfc6d4b" outcome="Passed" testListId="8c84fa94-04c1-424b-9868-57a2d4851a1d" relativeResultsDirectory="f5450af9-5951-4ab1-aa80-43f369566b5c" />
    <UnitTestResult executionId="10c06546-f7c1-4b30-8d4f-a4ced2d32f62" testId="8dde7174-38d7-ee12-7e68-7117e399b660" testName="OkNewTileAddsANewTile" computerName="DKSR-EFI-04" duration="00:00:00.0171738" startTime="2023-12-22T09:32:49.4747942+01:00" endTime="2023-12-22T09:32:49.4904183+01:00" testType="13cdc9d9-ddb5-4fa4-a97d-d965ccfc6d4b" outcome="Passed" testListId="8c84fa94-04c1-424b-9868-57a2d4851a1d" relativeResultsDirectory="10c06546-f7c1-4b30-8d4f-a4ced2d32f62" />
    <UnitTestResult executionId="c504097a-f3dc-4aaa-bcdb-f0fd6608dc18" testId="7cdbbb68-ee89-4d99-8a8b-ff2dfe66aef4" testName="Constructor_BaseServerAddress_ArgumentNull_Thrown" computerName="DKSR-EFI-04" duration="00:00:00.0011109" startTime="2023-12-22T09:33:06.4123733+01:00" endTime="2023-12-22T09:33:06.4123733+01:00" testType="13cdc9d9-ddb5-4fa4-a97d-d965ccfc6d4b" outcome="Passed" testListId="8c84fa94-04c1-424b-9868-57a2d4851a1d" relativeResultsDirectory="c504097a-f3dc-4aaa-bcdb-f0fd6608dc18" />
    <UnitTestResult executionId="e8eac675-48c8-43bc-b0d9-13fd613b3b6e" testId="ca6d72ce-f71b-8ae1-85b8-7dccf00e0632" testName="SequenceEquals_DifferentlySizedCollections_RespectOrder_SymmetricalFalseResult" computerName="DKSR-EFI-04" duration="00:00:00.0020201" startTime="2023-12-22T09:32:57.7248301+01:00" endTime="2023-12-22T09:32:57.7248301+01:00" testType="13cdc9d9-ddb5-4fa4-a97d-d965ccfc6d4b" outcome="Passed" testListId="8c84fa94-04c1-424b-9868-57a2d4851a1d" relativeResultsDirectory="e8eac675-48c8-43bc-b0d9-13fd613b3b6e" />
    <UnitTestResult executionId="a3e7a9e4-92aa-4914-b8e5-80658fd96216" testId="33341dd4-6583-40f9-1eba-1c8c959a3a5e" testName="UpdateFrameworkElementsOverlay_WithChangedFollowDigitalZoom_ShouldUpdateBothLists" computerName="DKSR-EFI-04" duration="00:00:00.0008624" startTime="2023-12-22T09:33:05.9748719+01:00" endTime="2023-12-22T09:33:05.9748719+01:00" testType="13cdc9d9-ddb5-4fa4-a97d-d965ccfc6d4b" outcome="Passed" testListId="8c84fa94-04c1-424b-9868-57a2d4851a1d" relativeResultsDirectory="a3e7a9e4-92aa-4914-b8e5-80658fd96216" />
    <UnitTestResult executionId="0c72e559-175e-432b-aad2-2525d3a79402" testId="d3857317-63e0-c190-44d9-5fb025d72a80" testName="TryGetIntValue_KeyNotFound_ReturnFalse" computerName="DKSR-EFI-04" duration="00:00:00.0003270" startTime="2023-12-22T09:33:06.2092464+01:00" endTime="2023-12-22T09:33:06.2092464+01:00" testType="13cdc9d9-ddb5-4fa4-a97d-d965ccfc6d4b" outcome="Passed" testListId="8c84fa94-04c1-424b-9868-57a2d4851a1d" relativeResultsDirectory="0c72e559-175e-432b-aad2-2525d3a79402" />
    <UnitTestResult executionId="7c794898-34f4-48d6-9272-23721a1bf35e" testId="3c8c7252-b903-0c1c-e35f-58aec4759494" testName="RoundToHour_Nearest" computerName="DKSR-EFI-04" duration="00:00:00.0011579" startTime="2023-12-22T09:32:57.8810843+01:00" endTime="2023-12-22T09:32:57.8967074+01:00" testType="13cdc9d9-ddb5-4fa4-a97d-d965ccfc6d4b" outcome="Passed" testListId="8c84fa94-04c1-424b-9868-57a2d4851a1d" relativeResultsDirectory="7c794898-34f4-48d6-9272-23721a1bf35e" />
    <UnitTestResult executionId="ffdf6eb1-c953-4485-9781-a4afee36ebfe" testId="75ddff72-1da7-7256-0e4d-9208c0d7b717" testName="OnPreviewKeyDown_Down_Success" computerName="DKSR-EFI-04" duration="00:00:00.1817841" startTime="2023-12-22T09:33:00.5529716+01:00" endTime="2023-12-22T09:33:00.7404713+01:00" testType="13cdc9d9-ddb5-4fa4-a97d-d965ccfc6d4b" outcome="Passed" testListId="8c84fa94-04c1-424b-9868-57a2d4851a1d" relativeResultsDirectory="ffdf6eb1-c953-4485-9781-a4afee36ebfe" />
    <UnitTestResult executionId="20d2656e-ee50-48eb-b946-e264abf0d9ec" testId="f335010e-9fe4-33d4-3df2-9a2fa868a446" testName="Ctor_Success" computerName="DKSR-EFI-04" duration="00:00:00.0373261" startTime="2023-12-22T09:32:59.0685886+01:00" endTime="2023-12-22T09:32:59.0998383+01:00" testType="13cdc9d9-ddb5-4fa4-a97d-d965ccfc6d4b" outcome="Passed" testListId="8c84fa94-04c1-424b-9868-57a2d4851a1d" relativeResultsDirectory="20d2656e-ee50-48eb-b946-e264abf0d9ec" />
    <UnitTestResult executionId="9e69f7fb-cd3a-45a7-99b9-ee274667b61e" testId="067f6aa9-8e9c-3bdb-54dc-59497bccef18" testName="Convert_RespectMaxValue_Success" computerName="DKSR-EFI-04" duration="00:00:00.0003430" startTime="2023-12-22T09:32:27.9746950+01:00" endTime="2023-12-22T09:32:27.9746950+01:00" testType="13cdc9d9-ddb5-4fa4-a97d-d965ccfc6d4b" outcome="Passed" testListId="8c84fa94-04c1-424b-9868-57a2d4851a1d" relativeResultsDirectory="9e69f7fb-cd3a-45a7-99b9-ee274667b61e" />
    <UnitTestResult executionId="b640e297-b5d0-4501-918a-97b6a1b962c6" testId="0c965795-08e1-96ff-221c-6c48f278966b" testName="GetTimeSpanValueOrDefault_KeyNotFound_DefaultValueReturned" computerName="DKSR-EFI-04" duration="00:00:00.0009530" startTime="2023-12-22T09:33:06.1623737+01:00" endTime="2023-12-22T09:33:06.1623737+01:00" testType="13cdc9d9-ddb5-4fa4-a97d-d965ccfc6d4b" outcome="Passed" testListId="8c84fa94-04c1-424b-9868-57a2d4851a1d" relativeResultsDirectory="b640e297-b5d0-4501-918a-97b6a1b962c6" />
    <UnitTestResult executionId="90d62383-b50b-43cc-b8c9-350a51541cae" testId="3e5839e2-2685-aaaf-8dd6-2d9da7f4f9a8" testName="FormsControlScaledLocationAndSize_AnchorLeftAndTop_150Percent_Scaling" computerName="DKSR-EFI-04" duration="00:00:00.0010021" startTime="2023-12-22T09:32:58.4904626+01:00" endTime="2023-12-22T09:32:58.4904626+01:00" testType="13cdc9d9-ddb5-4fa4-a97d-d965ccfc6d4b" outcome="Passed" testListId="8c84fa94-04c1-424b-9868-57a2d4851a1d" relativeResultsDirectory="90d62383-b50b-43cc-b8c9-350a51541cae" />
    <UnitTestResult executionId="e0c70cd8-dd80-4d0c-bb79-e5014ca318c2" testId="98ecfc2f-a242-ec20-0f52-a34da70ff901" testName="DoComboSelectionSetsComboTextToTypeNameIfSelectionIsNotInstance" computerName="DKSR-EFI-04" duration="00:00:00.0027375" startTime="2023-12-22T09:32:49.5216665+01:00" endTime="2023-12-22T09:32:49.5216665+01:00" testType="13cdc9d9-ddb5-4fa4-a97d-d965ccfc6d4b" outcome="Passed" testListId="8c84fa94-04c1-424b-9868-57a2d4851a1d" relativeResultsDirectory="e0c70cd8-dd80-4d0c-bb79-e5014ca318c2" />
    <UnitTestResult executionId="05a9c6b1-fed1-4711-a21f-145c91c42ca7" testId="3cad3393-810a-cc62-94bb-2ded6c4b88c7" testName="OkEditTileThrowsIfNoEventSources" computerName="DKSR-EFI-04" duration="00:00:00.0010369" startTime="2023-12-22T09:32:49.5060452+01:00" endTime="2023-12-22T09:32:49.5060452+01:00" testType="13cdc9d9-ddb5-4fa4-a97d-d965ccfc6d4b" outcome="Passed" testListId="8c84fa94-04c1-424b-9868-57a2d4851a1d" relativeResultsDirectory="05a9c6b1-fed1-4711-a21f-145c91c42ca7" />
    <UnitTestResult executionId="a501f7cc-fea9-4935-b8d4-0d7eea4e02e1" testId="c1622c67-8934-6098-5c3f-000e90cb0bbf" testName="FontUpCommand_ShouldIncreaseFontForSelectedSlide" computerName="DKSR-EFI-04" duration="00:00:00.0010934" startTime="2023-12-22T09:32:57.6310812+01:00" endTime="2023-12-22T09:32:57.6310812+01:00" testType="13cdc9d9-ddb5-4fa4-a97d-d965ccfc6d4b" outcome="Passed" testListId="8c84fa94-04c1-424b-9868-57a2d4851a1d" relativeResultsDirectory="a501f7cc-fea9-4935-b8d4-0d7eea4e02e1" />
    <UnitTestResult executionId="22424d4b-16df-44ca-9f17-5fd9804e0079" testId="eee8a259-a056-ce20-fd00-ef8675395c38" testName="SequenceEquals_NullCollection_IgnoreOrder_FalseResult" computerName="DKSR-EFI-04" duration="00:00:00.0001686" startTime="2023-12-22T09:32:57.7560839+01:00" endTime="2023-12-22T09:32:57.7560839+01:00" testType="13cdc9d9-ddb5-4fa4-a97d-d965ccfc6d4b" outcome="Passed" testListId="8c84fa94-04c1-424b-9868-57a2d4851a1d" relativeResultsDirectory="22424d4b-16df-44ca-9f17-5fd9804e0079" />
    <UnitTestResult executionId="a2905af2-b61b-492d-86e6-dc8e9b46a746" testId="9055d3e9-2242-b78d-4e5e-551084a63cc0" testName="FiresCorrectly" computerName="DKSR-EFI-04" duration="00:00:00.0048046" startTime="2023-12-22T09:32:57.8029578+01:00" endTime="2023-12-22T09:32:57.8029578+01:00" testType="13cdc9d9-ddb5-4fa4-a97d-d965ccfc6d4b" outcome="Passed" testListId="8c84fa94-04c1-424b-9868-57a2d4851a1d" relativeResultsDirectory="a2905af2-b61b-492d-86e6-dc8e9b46a746" />
    <UnitTestResult executionId="c45e67d8-d413-47f5-b289-1b68d46a4f39" testId="a54e380b-42dc-d3a2-3d9d-8dd53d65fcd3" testName="ArrangeOverride__3child_2of3MustShrink__2of3AreShrunkEqually" computerName="DKSR-EFI-04" duration="00:00:00.0059340" startTime="2023-12-22T09:32:35.6466040+01:00" endTime="2023-12-22T09:32:35.6466040+01:00" testType="13cdc9d9-ddb5-4fa4-a97d-d965ccfc6d4b" outcome="Passed" testListId="8c84fa94-04c1-424b-9868-57a2d4851a1d" relativeResultsDirectory="c45e67d8-d413-47f5-b289-1b68d46a4f39">
      <Output>
        <StdOut>Debug Trace:&#xD;
offsets: 0, 21, 50&#xD;
widths: 11, 19, 19</StdOut>
      </Output>
    </UnitTestResult>
    <UnitTestResult executionId="c1579cde-7a10-4424-b6fd-ad4bfc672995" testId="800a71d5-fd75-b55e-d8d0-21c57915ee72" testName="DragRangeMin_NotifyInvoked_Success" computerName="DKSR-EFI-04" duration="00:00:03.3065854" startTime="2023-12-22T09:32:29.7090764+01:00" endTime="2023-12-22T09:32:33.0215916+01:00" testType="13cdc9d9-ddb5-4fa4-a97d-d965ccfc6d4b" outcome="Passed" testListId="8c84fa94-04c1-424b-9868-57a2d4851a1d" relativeResultsDirectory="c1579cde-7a10-4424-b6fd-ad4bfc672995" />
    <UnitTestResult executionId="4cc71933-6b10-43eb-8751-80c629965210" testId="b68df490-f19b-a1a8-b878-ba437321192c" testName="OnPreviewKeyDown_Home_Success" computerName="DKSR-EFI-04" duration="00:00:00.1866104" startTime="2023-12-22T09:33:01.5998493+01:00" endTime="2023-12-22T09:33:01.7873515+01:00" testType="13cdc9d9-ddb5-4fa4-a97d-d965ccfc6d4b" outcome="Passed" testListId="8c84fa94-04c1-424b-9868-57a2d4851a1d" relativeResultsDirectory="4cc71933-6b10-43eb-8751-80c629965210" />
    <UnitTestResult executionId="b495b17b-6f8a-467f-b372-1db50a43e0cb" testId="5ec2fd00-c7ca-4cee-7758-7801f820c473" testName="AuthenticationExternal_CopyConstructor_Success" computerName="DKSR-EFI-04" duration="00:00:00.0006841" startTime="2023-12-22T09:33:06.8811271+01:00" endTime="2023-12-22T09:33:06.8967491+01:00" testType="13cdc9d9-ddb5-4fa4-a97d-d965ccfc6d4b" outcome="Passed" testListId="8c84fa94-04c1-424b-9868-57a2d4851a1d" relativeResultsDirectory="b495b17b-6f8a-467f-b372-1db50a43e0cb" />
    <UnitTestResult executionId="75f14559-c3e2-4023-96cf-f67cc01f3057" testId="01c86469-a2b3-56b4-e415-0f887f533923" testName="Ctor_ImmutablePropertiesSet" computerName="DKSR-EFI-04" duration="00:00:00.1415556" startTime="2023-12-22T09:32:27.9746950+01:00" endTime="2023-12-22T09:32:28.1153198+01:00" testType="13cdc9d9-ddb5-4fa4-a97d-d965ccfc6d4b" outcome="Passed" testListId="8c84fa94-04c1-424b-9868-57a2d4851a1d" relativeResultsDirectory="75f14559-c3e2-4023-96cf-f67cc01f3057" />
    <UnitTestResult executionId="53d9afde-67fa-47c9-aa6d-b425da82faa9" testId="c196c0e0-1845-801a-d6ce-5a2a7861546a" testName="Constructor_ShouldForwardSlides_WhenMoreThanZero" computerName="DKSR-EFI-04" duration="00:00:00.1566409" startTime="2023-12-22T09:32:57.4592046+01:00" endTime="2023-12-22T09:32:57.6154567+01:00" testType="13cdc9d9-ddb5-4fa4-a97d-d965ccfc6d4b" outcome="Passed" testListId="8c84fa94-04c1-424b-9868-57a2d4851a1d" relativeResultsDirectory="53d9afde-67fa-47c9-aa6d-b425da82faa9" />
    <UnitTestResult executionId="0510e50f-7886-47c7-97be-ff7c7135363e" testId="2ad348ab-ada5-a25f-9253-b563f1c5898f" testName="ArrangeOverride__6child_2MustShrink__2AreShrunk" computerName="DKSR-EFI-04" duration="00:00:00.0116535" startTime="2023-12-22T09:32:35.6622317+01:00" endTime="2023-12-22T09:32:35.6778547+01:00" testType="13cdc9d9-ddb5-4fa4-a97d-d965ccfc6d4b" outcome="Passed" testListId="8c84fa94-04c1-424b-9868-57a2d4851a1d" relativeResultsDirectory="0510e50f-7886-47c7-97be-ff7c7135363e">
      <Output>
        <StdOut>Debug Trace:&#xD;
offsets: 0, 21, 60, 99, 100, 120&#xD;
widths: 11, 29, 29, 0, 11, 29</StdOut>
      </Output>
    </UnitTestResult>
    <UnitTestResult executionId="e7fd17ab-d14d-4f1e-b463-842edb476589" testId="255725f3-62ba-63bd-b914-0cdfd4638d83" testName="DetermineScaledWindowLocationAndSize_100Percent_Scaling" computerName="DKSR-EFI-04" duration="00:00:00.0008685" startTime="2023-12-22T09:32:58.5060882+01:00" endTime="2023-12-22T09:32:58.5060882+01:00" testType="13cdc9d9-ddb5-4fa4-a97d-d965ccfc6d4b" outcome="Passed" testListId="8c84fa94-04c1-424b-9868-57a2d4851a1d" relativeResultsDirectory="e7fd17ab-d14d-4f1e-b463-842edb476589" />
    <UnitTestResult executionId="46cf3cd8-f437-4a5f-90ac-628c48c4d53f" testId="87c36423-3ba7-fe8e-7a2d-f8a7fdd246be" testName="CreateTileMustInitializeWithProperLocalizedText" computerName="DKSR-EFI-04" duration="00:00:00.0192108" startTime="2023-12-22T09:32:49.7404208+01:00" endTime="2023-12-22T09:32:49.7716703+01:00" testType="13cdc9d9-ddb5-4fa4-a97d-d965ccfc6d4b" outcome="Passed" testListId="8c84fa94-04c1-424b-9868-57a2d4851a1d" relativeResultsDirectory="46cf3cd8-f437-4a5f-90ac-628c48c4d53f" />
    <UnitTestResult executionId="f5cfe9e7-8406-4455-a744-13fbfae75631" testId="e1c70711-e4bc-fec3-f088-e58c3b0e3088" testName="TileStateBecomesDefinedAsSoonAsOneCounterStateBecomesDefined" computerName="DKSR-EFI-04" duration="00:00:00.0015580" startTime="2023-12-22T09:32:49.5685428+01:00" endTime="2023-12-22T09:32:49.5685428+01:00" testType="13cdc9d9-ddb5-4fa4-a97d-d965ccfc6d4b" outcome="Passed" testListId="8c84fa94-04c1-424b-9868-57a2d4851a1d" relativeResultsDirectory="f5cfe9e7-8406-4455-a744-13fbfae75631" />
    <UnitTestResult executionId="ab606604-773f-4e97-aa95-c9da4197b368" testId="fea21907-a26b-6132-ad20-d11fecd505f7" testName="Ctor_DurationTimeSpanMax_DoesNotCrash" computerName="DKSR-EFI-04" duration="00:00:00.0001667" startTime="2023-12-22T09:32:58.5998380+01:00" endTime="2023-12-22T09:32:58.5998380+01:00" testType="13cdc9d9-ddb5-4fa4-a97d-d965ccfc6d4b" outcome="Passed" testListId="8c84fa94-04c1-424b-9868-57a2d4851a1d" relativeResultsDirectory="ab606604-773f-4e97-aa95-c9da4197b368" />
    <UnitTestResult executionId="95e92e0c-bc00-4540-aab5-cfc3d401b6ab" testId="64f4b309-46ce-14bc-92c8-2dbd5092f999" testName="UpdateFrameworkElementsOverlay_WithNewFrameworkElementList_ShouldUpdateList" computerName="DKSR-EFI-04" duration="00:00:00.0006464" startTime="2023-12-22T09:33:05.9748719+01:00" endTime="2023-12-22T09:33:05.9748719+01:00" testType="13cdc9d9-ddb5-4fa4-a97d-d965ccfc6d4b" outcome="Passed" testListId="8c84fa94-04c1-424b-9868-57a2d4851a1d" relativeResultsDirectory="95e92e0c-bc00-4540-aab5-cfc3d401b6ab" />
    <UnitTestResult executionId="238212e5-d171-4486-9dfb-d763e79aa706" testId="223a2e32-2c68-23be-9c45-d825c6cf4171" testName="Constructor_ShouldCreateEmptyTree_WhenUnitsHaveNoParent" computerName="DKSR-EFI-04" duration="00:00:00.7771247" startTime="2023-12-22T09:32:26.9746881+01:00" endTime="2023-12-22T09:32:27.7559417+01:00" testType="13cdc9d9-ddb5-4fa4-a97d-d965ccfc6d4b" outcome="Passed" testListId="8c84fa94-04c1-424b-9868-57a2d4851a1d" relativeResultsDirectory="238212e5-d171-4486-9dfb-d763e79aa706" />
    <UnitTestResult executionId="1549cabc-140c-4514-9f02-05ed5bac9f75" testId="db58122d-1cb6-c9dc-b0c5-af4f8da57592" testName="SubstractIntervalListTest" computerName="DKSR-EFI-04" duration="00:00:00.0035469" startTime="2023-12-22T09:32:26.9590643+01:00" endTime="2023-12-22T09:32:26.9590643+01:00" testType="13cdc9d9-ddb5-4fa4-a97d-d965ccfc6d4b" outcome="Passed" testListId="8c84fa94-04c1-424b-9868-57a2d4851a1d" relativeResultsDirectory="1549cabc-140c-4514-9f02-05ed5bac9f75" />
    <UnitTestResult executionId="4f3fc182-312d-4242-ab1f-1157b6b59691" testId="6a9b6055-9055-6cdd-ce58-2c6f0ec341c2" testName="SimpleTest" computerName="DKSR-EFI-04" duration="00:00:00.0241163" startTime="2023-12-22T09:32:57.6779562+01:00" endTime="2023-12-22T09:32:57.7092078+01:00" testType="13cdc9d9-ddb5-4fa4-a97d-d965ccfc6d4b" outcome="Passed" testListId="8c84fa94-04c1-424b-9868-57a2d4851a1d" relativeResultsDirectory="4f3fc182-312d-4242-ab1f-1157b6b59691" />
    <UnitTestResult executionId="223f7a05-9752-44e5-9da2-eadab6044aec" testId="b7e36637-289c-8e0e-9091-6aff9c16739a" testName="SetUnsecureConnectionAllowedForUser_ShouldDoNothing_WhenUserExistsAndHaveCorrectValue" computerName="DKSR-EFI-04" duration="00:00:00.0005969" startTime="2023-12-22T09:33:07.2561267+01:00" endTime="2023-12-22T09:33:07.2561267+01:00" testType="13cdc9d9-ddb5-4fa4-a97d-d965ccfc6d4b" outcome="Passed" testListId="8c84fa94-04c1-424b-9868-57a2d4851a1d" relativeResultsDirectory="223f7a05-9752-44e5-9da2-eadab6044aec" />
    <UnitTestResult executionId="b8a6030c-74fe-4322-93ac-4d0687c8a2dd" testId="8767f881-fdc8-88b5-6aba-c8e95f3120ba" testName="Constructor_ShouldCreateTreeOfDepth2_WhenUnitsHaveParentButNoGrandparentButIncludeIsEnabled" computerName="DKSR-EFI-04" duration="00:00:00.0043113" startTime="2023-12-22T09:32:27.7871943+01:00" endTime="2023-12-22T09:32:27.7871943+01:00" testType="13cdc9d9-ddb5-4fa4-a97d-d965ccfc6d4b" outcome="Passed" testListId="8c84fa94-04c1-424b-9868-57a2d4851a1d" relativeResultsDirectory="b8a6030c-74fe-4322-93ac-4d0687c8a2dd" />
    <UnitTestResult executionId="71f72bc9-7120-4f9b-aa8a-702a837f4f44" testId="30615111-4d56-31e8-6884-f7dcdc0aad49" testName="TestPersistTilesAsync" computerName="DKSR-EFI-04" duration="00:00:00.0068613" startTime="2023-12-22T09:32:57.4435826+01:00" endTime="2023-12-22T09:32:57.4592046+01:00" testType="13cdc9d9-ddb5-4fa4-a97d-d965ccfc6d4b" outcome="Passed" testListId="8c84fa94-04c1-424b-9868-57a2d4851a1d" relativeResultsDirectory="71f72bc9-7120-4f9b-aa8a-702a837f4f44" />
    <UnitTestResult executionId="25e2cc21-cd32-47b3-b164-5551dccf1b1b" testId="a7304e06-ae3e-2e3a-5ce1-1639916ee77c" testName="OnPreviewKeyDown_Return_Success" computerName="DKSR-EFI-04" duration="00:00:00.1735239" startTime="2023-12-22T09:33:02.4436056+01:00" endTime="2023-12-22T09:33:02.6311071+01:00" testType="13cdc9d9-ddb5-4fa4-a97d-d965ccfc6d4b" outcome="Passed" testListId="8c84fa94-04c1-424b-9868-57a2d4851a1d" relativeResultsDirectory="25e2cc21-cd32-47b3-b164-5551dccf1b1b" />
    <UnitTestResult executionId="0d2e2d2a-d32e-4db7-9944-1ff7a0aa94c3" testId="c6b0eba2-ea22-d188-1409-7b75cdedc201" testName="Constructor_OAuth_BaseServerAddress_ArgumentNull_Thrown" computerName="DKSR-EFI-04" duration="00:00:00.0923694" startTime="2023-12-22T09:33:06.2873722+01:00" endTime="2023-12-22T09:33:06.3811614+01:00" testType="13cdc9d9-ddb5-4fa4-a97d-d965ccfc6d4b" outcome="Passed" testListId="8c84fa94-04c1-424b-9868-57a2d4851a1d" relativeResultsDirectory="0d2e2d2a-d32e-4db7-9944-1ff7a0aa94c3" />
    <UnitTestResult executionId="9db7addf-eb5c-40b5-9c20-69edcf61dd81" testId="dab9c0b3-4ffb-2848-2c64-5c66c2da8b39" testName="SequenceEqualIgnoreOrder_DifferentlySizedCollections_IgnoreOrder_SymmetricalFalseResult" computerName="DKSR-EFI-04" duration="00:00:00.0018277" startTime="2023-12-22T09:32:58.1154597+01:00" endTime="2023-12-22T09:32:58.1154597+01:00" testType="13cdc9d9-ddb5-4fa4-a97d-d965ccfc6d4b" outcome="Passed" testListId="8c84fa94-04c1-424b-9868-57a2d4851a1d" relativeResultsDirectory="9db7addf-eb5c-40b5-9c20-69edcf61dd81" />
    <UnitTestResult executionId="1262a23d-2ffc-4f22-9903-c70212d40610" testId="2dbf24a9-29c5-3ef0-69a0-687ac45d4c86" testName="Constructor_ShouldCreateTreeOfMixedDepth_WhenUnitsHaveDifferentNumberOfAncestors" computerName="DKSR-EFI-04" duration="00:00:00.0057989" startTime="2023-12-22T09:32:27.8184454+01:00" endTime="2023-12-22T09:32:27.8184454+01:00" testType="13cdc9d9-ddb5-4fa4-a97d-d965ccfc6d4b" outcome="Passed" testListId="8c84fa94-04c1-424b-9868-57a2d4851a1d" relativeResultsDirectory="1262a23d-2ffc-4f22-9903-c70212d40610" />
    <UnitTestResult executionId="e0a6d847-a174-49c7-b197-9e8def017156" testId="c9c040fb-43ed-370d-2782-b2d5defe722d" testName="EmptyConstructor_ShouldCreateDefaultSlide" computerName="DKSR-EFI-04" duration="00:00:00.0005235" startTime="2023-12-22T09:32:57.6154567+01:00" endTime="2023-12-22T09:32:57.6310812+01:00" testType="13cdc9d9-ddb5-4fa4-a97d-d965ccfc6d4b" outcome="Passed" testListId="8c84fa94-04c1-424b-9868-57a2d4851a1d" relativeResultsDirectory="e0a6d847-a174-49c7-b197-9e8def017156" />
    <UnitTestResult executionId="d389e438-5c26-4676-8d78-95eb3f4026d5" testId="5095d613-b74e-da81-c8c0-bc71c282beb3" testName="SequenceEquals_UnequalCollections_RespectOrder_SymmetricalTrueResult" computerName="DKSR-EFI-04" duration="00:00:00.0002737" startTime="2023-12-22T09:32:57.7404574+01:00" endTime="2023-12-22T09:32:57.7404574+01:00" testType="13cdc9d9-ddb5-4fa4-a97d-d965ccfc6d4b" outcome="Passed" testListId="8c84fa94-04c1-424b-9868-57a2d4851a1d" relativeResultsDirectory="d389e438-5c26-4676-8d78-95eb3f4026d5" />
    <UnitTestResult executionId="0f11626a-6f05-4c6c-9fc8-4ebf6f75ab13" testId="f02c80b8-49d2-fc2d-4c9d-16620ea9d887" testName="RoundToMinute_RoundUp" computerName="DKSR-EFI-04" duration="00:00:00.0008508" startTime="2023-12-22T09:32:58.2404633+01:00" endTime="2023-12-22T09:32:58.2404633+01:00" testType="13cdc9d9-ddb5-4fa4-a97d-d965ccfc6d4b" outcome="Passed" testListId="8c84fa94-04c1-424b-9868-57a2d4851a1d" relativeResultsDirectory="0f11626a-6f05-4c6c-9fc8-4ebf6f75ab13" />
    <UnitTestResult executionId="d8b22e06-a1b9-449a-b29a-ebbd4602dc79" testId="084e4a3f-ffeb-8ba6-a7e4-e16e094a096c" testName="StartCameraStates_TimeoutException_DoubledSleepDuration" computerName="DKSR-EFI-04" duration="00:00:00.0999522" startTime="2023-12-22T09:33:06.5998745+01:00" endTime="2023-12-22T09:33:06.6936255+01:00" testType="13cdc9d9-ddb5-4fa4-a97d-d965ccfc6d4b" outcome="Passed" testListId="8c84fa94-04c1-424b-9868-57a2d4851a1d" relativeResultsDirectory="d8b22e06-a1b9-449a-b29a-ebbd4602dc79" />
    <UnitTestResult executionId="2e8fa302-ef71-4e1f-8cbd-d240e8028888" testId="db261fbf-eb7c-9161-ff1c-532a3db0f6a5" testName="UpTileThrowsIfTileNotInBox" computerName="DKSR-EFI-04" duration="00:00:00.0144135" startTime="2023-12-22T09:32:49.3654612+01:00" endTime="2023-12-22T09:32:49.3810424+01:00" testType="13cdc9d9-ddb5-4fa4-a97d-d965ccfc6d4b" outcome="Passed" testListId="8c84fa94-04c1-424b-9868-57a2d4851a1d" relativeResultsDirectory="2e8fa302-ef71-4e1f-8cbd-d240e8028888" />
    <UnitTestResult executionId="0308d772-0a2a-4d91-85c3-3370b7ae1c00" testId="70585a7d-e8bb-2ea7-4d4d-a7d89c0cc001" testName="SequenceEquals_EqualCollections_RespectOrder_SymmetricalTrueResult" computerName="DKSR-EFI-04" duration="00:00:00.0005482" startTime="2023-12-22T09:32:57.7404574+01:00" endTime="2023-12-22T09:32:57.7404574+01:00" testType="13cdc9d9-ddb5-4fa4-a97d-d965ccfc6d4b" outcome="Passed" testListId="8c84fa94-04c1-424b-9868-57a2d4851a1d" relativeResultsDirectory="0308d772-0a2a-4d91-85c3-3370b7ae1c00" />
    <UnitTestResult executionId="c96f1fa0-b746-426b-8a03-b7668d147c63" testId="192bc75c-0987-6d84-ba23-75d2871c7fb0" testName="Partial_Updating_Works" computerName="DKSR-EFI-04" duration="00:00:00.0066314" startTime="2023-12-22T09:32:57.7092078+01:00" endTime="2023-12-22T09:32:57.7248301+01:00" testType="13cdc9d9-ddb5-4fa4-a97d-d965ccfc6d4b" outcome="Passed" testListId="8c84fa94-04c1-424b-9868-57a2d4851a1d" relativeResultsDirectory="c96f1fa0-b746-426b-8a03-b7668d147c63" />
    <UnitTestResult executionId="11d2674a-3816-4c19-971d-b1c2d5281e3d" testId="5a9cc3cc-6255-3658-268b-a50ddfebf55b" testName="ClearUnsecureConnectionAllowedForUser_ShouldRemoveUser_WhenUserExists" computerName="DKSR-EFI-04" duration="00:00:00.0117270" startTime="2023-12-22T09:33:07.2092499+01:00" endTime="2023-12-22T09:33:07.2248786+01:00" testType="13cdc9d9-ddb5-4fa4-a97d-d965ccfc6d4b" outcome="Passed" testListId="8c84fa94-04c1-424b-9868-57a2d4851a1d" relativeResultsDirectory="11d2674a-3816-4c19-971d-b1c2d5281e3d" />
    <UnitTestResult executionId="d4814481-8a0c-4e23-8749-853b297c2883" testId="8d92020e-5832-705d-100b-9a3d128c1860" testName="IsFailover_IsNotFailover_IDNotSet" computerName="DKSR-EFI-04" duration="00:00:00.0000867" startTime="2023-12-22T09:33:05.8498700+01:00" endTime="2023-12-22T09:33:05.8498700+01:00" testType="13cdc9d9-ddb5-4fa4-a97d-d965ccfc6d4b" outcome="Passed" testListId="8c84fa94-04c1-424b-9868-57a2d4851a1d" relativeResultsDirectory="d4814481-8a0c-4e23-8749-853b297c2883" />
    <UnitTestResult executionId="e5ac7a38-9b6e-455e-a614-2f701cc064b0" testId="a157e23c-b861-4296-80a4-584edfe004e0" testName="ChangeRangeMax_LowerThanRangeMin_StopAtRangeMin" computerName="DKSR-EFI-04" duration="00:00:00.0030149" startTime="2023-12-22T09:32:33.0215916+01:00" endTime="2023-12-22T09:32:33.0215916+01:00" testType="13cdc9d9-ddb5-4fa4-a97d-d965ccfc6d4b" outcome="Passed" testListId="8c84fa94-04c1-424b-9868-57a2d4851a1d" relativeResultsDirectory="e5ac7a38-9b6e-455e-a614-2f701cc064b0" />
    <UnitTestResult executionId="01070860-d57d-4707-845b-31e38cd06f03" testId="51395a71-b567-dc86-b950-ec06701415e4" testName="ReorderTilesOrdersByPositionCamera" computerName="DKSR-EFI-04" duration="00:00:00.0130960" startTime="2023-12-22T09:32:49.1154147+01:00" endTime="2023-12-22T09:32:49.1311731+01:00" testType="13cdc9d9-ddb5-4fa4-a97d-d965ccfc6d4b" outcome="Passed" testListId="8c84fa94-04c1-424b-9868-57a2d4851a1d" relativeResultsDirectory="01070860-d57d-4707-845b-31e38cd06f03" />
    <UnitTestResult executionId="ca58d19d-fc39-432b-9f21-422cc3b91163" testId="6cf7fdb3-260b-5bc9-89b2-d50224c7f7ac" testName="GetStates_NoSessionStarted_NoSession" computerName="DKSR-EFI-04" duration="00:00:00.0020809" startTime="2023-12-22T09:33:06.2404972+01:00" endTime="2023-12-22T09:33:06.2404972+01:00" testType="13cdc9d9-ddb5-4fa4-a97d-d965ccfc6d4b" outcome="Passed" testListId="8c84fa94-04c1-424b-9868-57a2d4851a1d" relativeResultsDirectory="ca58d19d-fc39-432b-9f21-422cc3b91163" />
    <UnitTestResult executionId="1517699e-96b7-4442-b20b-3cbfa3989671" testId="046145c9-879d-c051-80d4-25fb448d3ce7" testName="Convert_MultiValueConverter_SingleValueNotANumber_Throws" computerName="DKSR-EFI-04" duration="00:00:00.0008407" startTime="2023-12-22T09:32:58.5842103+01:00" endTime="2023-12-22T09:32:58.5842103+01:00" testType="13cdc9d9-ddb5-4fa4-a97d-d965ccfc6d4b" outcome="Passed" testListId="8c84fa94-04c1-424b-9868-57a2d4851a1d" relativeResultsDirectory="1517699e-96b7-4442-b20b-3cbfa3989671" />
    <UnitTestResult executionId="c788cd76-64fa-4bf2-a627-a64813968f6f" testId="55857ea6-972d-1faa-f735-21722cd852ac" testName="Constructor_OAuth_TokenCache_ArgumentNull_Thrown" computerName="DKSR-EFI-04" duration="00:00:00.0006780" startTime="2023-12-22T09:33:06.3967478+01:00" endTime="2023-12-22T09:33:06.3967478+01:00" testType="13cdc9d9-ddb5-4fa4-a97d-d965ccfc6d4b" outcome="Passed" testListId="8c84fa94-04c1-424b-9868-57a2d4851a1d" relativeResultsDirectory="c788cd76-64fa-4bf2-a627-a64813968f6f" />
    <UnitTestResult executionId="b73d3f84-c31e-4985-a054-5e1a0101db20" testId="18f2ab8d-6696-bf3f-7e10-34e8c36dc629" testName="AuthenticationSimple_SetEnabled_Throws_InvalidOperationException" computerName="DKSR-EFI-04" duration="00:00:00.0006532" startTime="2023-12-22T09:33:06.8498751+01:00" endTime="2023-12-22T09:33:06.8655013+01:00" testType="13cdc9d9-ddb5-4fa4-a97d-d965ccfc6d4b" outcome="Passed" testListId="8c84fa94-04c1-424b-9868-57a2d4851a1d" relativeResultsDirectory="b73d3f84-c31e-4985-a054-5e1a0101db20" />
    <UnitTestResult executionId="aaa95c7b-792d-4225-86bd-b3d0a1f2df13" testId="5c79b57e-42fe-6704-1533-85860c8bbf12" testName="Constructor_WindowsUser_Username_ArgumentNull_Thrown" computerName="DKSR-EFI-04" duration="00:00:00.0005909" startTime="2023-12-22T09:33:06.5217479+01:00" endTime="2023-12-22T09:33:06.5217479+01:00" testType="13cdc9d9-ddb5-4fa4-a97d-d965ccfc6d4b" outcome="Passed" testListId="8c84fa94-04c1-424b-9868-57a2d4851a1d" relativeResultsDirectory="aaa95c7b-792d-4225-86bd-b3d0a1f2df13" />
    <UnitTestResult executionId="d8456ff0-577f-4f4a-9a10-c22a03270c69" testId="fe6a9027-ba74-76b9-9001-ff053b4242c3" testName="MeasureOverride_3childEnoughSpace_NotShrunk" computerName="DKSR-EFI-04" duration="00:00:00.0068039" startTime="2023-12-22T09:32:35.5841072+01:00" endTime="2023-12-22T09:32:35.5841072+01:00" testType="13cdc9d9-ddb5-4fa4-a97d-d965ccfc6d4b" outcome="Passed" testListId="8c84fa94-04c1-424b-9868-57a2d4851a1d" relativeResultsDirectory="d8456ff0-577f-4f4a-9a10-c22a03270c69" />
    <UnitTestResult executionId="75bbdc6b-d362-4017-8d6e-9a3bf0a6c4f7" testId="982659d8-a45b-dd6c-ac91-40bffddd94cf" testName="RoundToMillisecond_Nearest" computerName="DKSR-EFI-04" duration="00:00:00.0009739" startTime="2023-12-22T09:32:58.2248349+01:00" endTime="2023-12-22T09:32:58.2248349+01:00" testType="13cdc9d9-ddb5-4fa4-a97d-d965ccfc6d4b" outcome="Passed" testListId="8c84fa94-04c1-424b-9868-57a2d4851a1d" relativeResultsDirectory="75bbdc6b-d362-4017-8d6e-9a3bf0a6c4f7" />
    <UnitTestResult executionId="9593a3a0-b31c-4725-9bf8-abfa0c797fee" testId="3d591622-7a9a-3607-596b-40dbc7119e9a" testName="RemoveFrameworkElementsOverlay_WithKnownId_ShouldRemoveCorrectItem" computerName="DKSR-EFI-04" duration="00:00:00.0006874" startTime="2023-12-22T09:33:05.9904966+01:00" endTime="2023-12-22T09:33:05.9904966+01:00" testType="13cdc9d9-ddb5-4fa4-a97d-d965ccfc6d4b" outcome="Passed" testListId="8c84fa94-04c1-424b-9868-57a2d4851a1d" relativeResultsDirectory="9593a3a0-b31c-4725-9bf8-abfa0c797fee" />
    <UnitTestResult executionId="ed533b0b-8930-458b-abc2-d55841e9f091" testId="28408d30-8448-8f9c-b04c-e7779e7625cc" testName="DragDrop_RangeMinOverRangeMax_RangeEditDisplayed" computerName="DKSR-EFI-04" duration="00:00:00.1414459" startTime="2023-12-22T09:32:34.8653481+01:00" endTime="2023-12-22T09:32:35.0059759+01:00" testType="13cdc9d9-ddb5-4fa4-a97d-d965ccfc6d4b" outcome="Passed" testListId="8c84fa94-04c1-424b-9868-57a2d4851a1d" relativeResultsDirectory="ed533b0b-8930-458b-abc2-d55841e9f091" />
    <UnitTestResult executionId="4711ee7e-e1dd-401f-8c15-8bb402a9a030" testId="ac417528-a5fc-0267-1e71-119d845e1bc0" testName="SmartSearchFilterValue_Deserialize_Success" computerName="DKSR-EFI-04" duration="00:00:00.1159212" startTime="2023-12-22T09:33:06.0217463+01:00" endTime="2023-12-22T09:33:06.1311222+01:00" testType="13cdc9d9-ddb5-4fa4-a97d-d965ccfc6d4b" outcome="Passed" testListId="8c84fa94-04c1-424b-9868-57a2d4851a1d" relativeResultsDirectory="4711ee7e-e1dd-401f-8c15-8bb402a9a030" />
    <UnitTestResult executionId="33dda639-2258-417b-a099-0fa539161350" testId="9c1495d5-6651-ae8f-908a-bfaa0ece52f3" testName="OnPreviewKeyDown_End_Success" computerName="DKSR-EFI-04" duration="00:00:00.2631528" startTime="2023-12-22T09:33:01.3342259+01:00" endTime="2023-12-22T09:33:01.5998493+01:00" testType="13cdc9d9-ddb5-4fa4-a97d-d965ccfc6d4b" outcome="Passed" testListId="8c84fa94-04c1-424b-9868-57a2d4851a1d" relativeResultsDirectory="33dda639-2258-417b-a099-0fa539161350" />
    <UnitTestResult executionId="d86feeb1-ace4-4cf9-b9a7-ded6ddbc21d0" testId="7e8a853c-5510-8468-d824-0047ef588b74" testName="OnPreviewKeyDown_RightAlt_Click_Select_Success" computerName="DKSR-EFI-04" duration="00:00:00.2980799" startTime="2023-12-22T09:33:05.1779980+01:00" endTime="2023-12-22T09:33:05.4748672+01:00" testType="13cdc9d9-ddb5-4fa4-a97d-d965ccfc6d4b" outcome="Passed" testListId="8c84fa94-04c1-424b-9868-57a2d4851a1d" relativeResultsDirectory="d86feeb1-ace4-4cf9-b9a7-ded6ddbc21d0" />
    <UnitTestResult executionId="48d16588-faee-4433-a6a3-72a72e3e3a78" testId="c66e3bc2-2f46-3828-947c-08aea11ba952" testName="IfInstanceIdIsNotSetThenEntityNameIsCategoryName" computerName="DKSR-EFI-04" duration="00:00:00.0002883" startTime="2023-12-22T09:32:49.7404208+01:00" endTime="2023-12-22T09:32:49.7404208+01:00" testType="13cdc9d9-ddb5-4fa4-a97d-d965ccfc6d4b" outcome="Passed" testListId="8c84fa94-04c1-424b-9868-57a2d4851a1d" relativeResultsDirectory="48d16588-faee-4433-a6a3-72a72e3e3a78" />
    <UnitTestResult executionId="bcc8c314-f03e-4a37-855b-783005df4bba" testId="c6a10fb2-e3f8-d6eb-e921-0173f07aa1b5" testName="FormsControlScaledLocationAndSize_AnchorLeftAndTop_100Percent_Scaling" computerName="DKSR-EFI-04" duration="00:00:00.0023559" startTime="2023-12-22T09:32:58.4904626+01:00" endTime="2023-12-22T09:32:58.4904626+01:00" testType="13cdc9d9-ddb5-4fa4-a97d-d965ccfc6d4b" outcome="Passed" testListId="8c84fa94-04c1-424b-9868-57a2d4851a1d" relativeResultsDirectory="bcc8c314-f03e-4a37-855b-783005df4bba" />
    <UnitTestResult executionId="76b7b47d-cb0f-4503-b28d-64087fd6ce52" testId="93e1c6bd-3907-bf6a-9788-32ce344adf8d" testName="RoundToSecond_Up" computerName="DKSR-EFI-04" duration="00:00:00.0011927" startTime="2023-12-22T09:32:57.8654600+01:00" endTime="2023-12-22T09:32:57.8654600+01:00" testType="13cdc9d9-ddb5-4fa4-a97d-d965ccfc6d4b" outcome="Passed" testListId="8c84fa94-04c1-424b-9868-57a2d4851a1d" relativeResultsDirectory="76b7b47d-cb0f-4503-b28d-64087fd6ce52" />
    <UnitTestResult executionId="afd33d64-2d73-4e03-a181-90a9374c8ac0" testId="9f21fd60-dc5f-a407-0a71-dc6ac4edd3a8" testName="SequenceEquals_EqualCollections_IgnoreOrder_SymmetricalTrueResult" computerName="DKSR-EFI-04" duration="00:00:00.0055610" startTime="2023-12-22T09:32:57.7404574+01:00" endTime="2023-12-22T09:32:57.7560839+01:00" testType="13cdc9d9-ddb5-4fa4-a97d-d965ccfc6d4b" outcome="Passed" testListId="8c84fa94-04c1-424b-9868-57a2d4851a1d" relativeResultsDirectory="afd33d64-2d73-4e03-a181-90a9374c8ac0" />
    <UnitTestResult executionId="13d7a285-3478-4487-82f2-170259b6fc3e" testId="5a36dc19-91e6-2110-bdf3-d2f7bfc377f6" testName="ShowToast_Success" computerName="DKSR-EFI-04" duration="00:00:00.0330072" startTime="2023-12-22T09:32:58.7248390+01:00" endTime="2023-12-22T09:32:58.7560871+01:00" testType="13cdc9d9-ddb5-4fa4-a97d-d965ccfc6d4b" outcome="Passed" testListId="8c84fa94-04c1-424b-9868-57a2d4851a1d" relativeResultsDirectory="13d7a285-3478-4487-82f2-170259b6fc3e" />
    <UnitTestResult executionId="8fbd952e-202b-42aa-a93a-c2cb30a4e3bf" testId="9bbc1906-5daa-9c01-5fbd-04abcb77a4b4" testName="SelectManyOrdered" computerName="DKSR-EFI-04" duration="00:00:00.0197236" startTime="2023-12-22T09:32:58.0685842+01:00" endTime="2023-12-22T09:32:58.0842069+01:00" testType="13cdc9d9-ddb5-4fa4-a97d-d965ccfc6d4b" outcome="Passed" testListId="8c84fa94-04c1-424b-9868-57a2d4851a1d" relativeResultsDirectory="8fbd952e-202b-42aa-a93a-c2cb30a4e3bf" />
    <UnitTestResult executionId="75062ec9-2785-48d3-a923-725f2a5707a9" testId="ae9f9017-443d-54ba-c5ef-294c75c79e4f" testName="DrawControl_NegatigeMinValue_VisualsOK" computerName="DKSR-EFI-04" duration="00:00:00.1497912" startTime="2023-12-22T09:32:33.5528475+01:00" endTime="2023-12-22T09:32:33.7090949+01:00" testType="13cdc9d9-ddb5-4fa4-a97d-d965ccfc6d4b" outcome="Passed" testListId="8c84fa94-04c1-424b-9868-57a2d4851a1d" relativeResultsDirectory="75062ec9-2785-48d3-a923-725f2a5707a9" />
    <UnitTestResult executionId="c07f705c-9f27-46b7-b8d3-7e56c24bb949" testId="a0254ac5-3cdd-5371-614b-9e5a2dd1e775" testName="Finds_Rule_With_Context" computerName="DKSR-EFI-04" duration="00:00:00.0020343" startTime="2023-12-22T09:32:57.8342077+01:00" endTime="2023-12-22T09:32:57.8342077+01:00" testType="13cdc9d9-ddb5-4fa4-a97d-d965ccfc6d4b" outcome="Passed" testListId="8c84fa94-04c1-424b-9868-57a2d4851a1d" relativeResultsDirectory="c07f705c-9f27-46b7-b8d3-7e56c24bb949" />
    <UnitTestResult executionId="1a0a7f4b-e875-4b26-bfca-b1e7cbe925ba" testId="6e65f41d-fe2d-ee70-9028-5945410fb292" testName="GetStringValueOrDefault_WrongKeyValue_DefaultValueReturned" computerName="DKSR-EFI-04" duration="00:00:00.0002073" startTime="2023-12-22T09:33:06.1779974+01:00" endTime="2023-12-22T09:33:06.1779974+01:00" testType="13cdc9d9-ddb5-4fa4-a97d-d965ccfc6d4b" outcome="Passed" testListId="8c84fa94-04c1-424b-9868-57a2d4851a1d" relativeResultsDirectory="1a0a7f4b-e875-4b26-bfca-b1e7cbe925ba" />
    <UnitTestResult executionId="df2b0693-244c-4c6f-b455-7957e1afc0c0" testId="b0004f06-300e-d87d-8715-e540888dd689" testName="TooltipServiceWarning_UpdateTimeDefined" computerName="DKSR-EFI-04" duration="00:00:00.0028166" startTime="2023-12-22T09:33:05.8342453+01:00" endTime="2023-12-22T09:33:05.8342453+01:00" testType="13cdc9d9-ddb5-4fa4-a97d-d965ccfc6d4b" outcome="Passed" testListId="8c84fa94-04c1-424b-9868-57a2d4851a1d" relativeResultsDirectory="df2b0693-244c-4c6f-b455-7957e1afc0c0" />
    <UnitTestResult executionId="a3967282-55ad-45e3-b7c8-d17db4716022" testId="ea980a94-f888-1c61-339c-f499bb9324bc" testName="SetUnsecureConnectionAllowedForUser_ShouldUpdateUser_WhenUserExistsWithDiffetentValue" computerName="DKSR-EFI-04" duration="00:00:00.0011994" startTime="2023-12-22T09:33:07.2561267+01:00" endTime="2023-12-22T09:33:07.2561267+01:00" testType="13cdc9d9-ddb5-4fa4-a97d-d965ccfc6d4b" outcome="Passed" testListId="8c84fa94-04c1-424b-9868-57a2d4851a1d" relativeResultsDirectory="a3967282-55ad-45e3-b7c8-d17db4716022" />
    <UnitTestResult executionId="9d01f80d-0a48-46c7-bbf4-3d28633508f1" testId="cef7f277-5dc3-b0b8-eda4-af499be481dc" testName="OnApplyChildClip_Success" computerName="DKSR-EFI-04" duration="00:00:00.0452885" startTime="2023-12-22T09:32:59.0217129+01:00" endTime="2023-12-22T09:32:59.0685886+01:00" testType="13cdc9d9-ddb5-4fa4-a97d-d965ccfc6d4b" outcome="Passed" testListId="8c84fa94-04c1-424b-9868-57a2d4851a1d" relativeResultsDirectory="9d01f80d-0a48-46c7-bbf4-3d28633508f1" />
    <UnitTestResult executionId="04a0c478-185f-464f-ba5f-17c64a2ec082" testId="45e75a0d-4283-5aac-6b8e-d457bbb3aa8a" testName="GetStringValueOrDefault_KeyFound_ValueReturned" computerName="DKSR-EFI-04" duration="00:00:00.0002324" startTime="2023-12-22T09:33:06.1779974+01:00" endTime="2023-12-22T09:33:06.1779974+01:00" testType="13cdc9d9-ddb5-4fa4-a97d-d965ccfc6d4b" outcome="Passed" testListId="8c84fa94-04c1-424b-9868-57a2d4851a1d" relativeResultsDirectory="04a0c478-185f-464f-ba5f-17c64a2ec082" />
    <UnitTestResult executionId="731b8b1f-1006-42d1-bda6-dfdc407e769b" testId="a8dd4421-721b-7464-1ec7-7a0950dbe7f2" testName="ArrangeOverride__3child_AllMustShrink__AllAreShrunk" computerName="DKSR-EFI-04" duration="00:00:00.0074394" startTime="2023-12-22T09:32:35.6309791+01:00" endTime="2023-12-22T09:32:35.6466040+01:00" testType="13cdc9d9-ddb5-4fa4-a97d-d965ccfc6d4b" outcome="Passed" testListId="8c84fa94-04c1-424b-9868-57a2d4851a1d" relativeResultsDirectory="731b8b1f-1006-42d1-bda6-dfdc407e769b">
      <Output>
        <StdOut>Debug Trace:&#xD;
offsets: 0, 20, 40&#xD;
widths: 10, 10, 10</StdOut>
      </Output>
    </UnitTestResult>
    <UnitTestResult executionId="3c35bde1-03f2-41cc-97ce-8d6bef06e9b8" testId="3edfc2a7-1754-35d9-a869-000eb02198df" testName="FindOptimalTilingReturnsIfPassedZeroSize" computerName="DKSR-EFI-04" duration="00:00:00.0523667" startTime="2023-12-22T09:32:48.6779126+01:00" endTime="2023-12-22T09:32:48.7404144+01:00" testType="13cdc9d9-ddb5-4fa4-a97d-d965ccfc6d4b" outcome="Passed" testListId="8c84fa94-04c1-424b-9868-57a2d4851a1d" relativeResultsDirectory="3c35bde1-03f2-41cc-97ce-8d6bef06e9b8" />
    <UnitTestResult executionId="ffe89ec7-7b72-44a7-9dab-36e5894bfbc8" testId="fdac1400-a880-08a5-eb9b-8963e9019833" testName="StopAndDisconnect_SessionStarted_ServiceCalled" computerName="DKSR-EFI-04" duration="00:00:00.0009376" startTime="2023-12-22T09:33:06.8186253+01:00" endTime="2023-12-22T09:33:06.8186253+01:00" testType="13cdc9d9-ddb5-4fa4-a97d-d965ccfc6d4b" outcome="Passed" testListId="8c84fa94-04c1-424b-9868-57a2d4851a1d" relativeResultsDirectory="ffe89ec7-7b72-44a7-9dab-36e5894bfbc8" />
    <UnitTestResult executionId="02e3fad8-a604-4acc-84eb-fbbf92572a44" testId="14a1f95e-78fa-735f-e1e1-62755f5e4ea3" testName="GetDoubleValueOrDefault_WrongKeyValue_DefaultValueReturned" computerName="DKSR-EFI-04" duration="00:00:00.0003950" startTime="2023-12-22T09:33:06.1623737+01:00" endTime="2023-12-22T09:33:06.1623737+01:00" testType="13cdc9d9-ddb5-4fa4-a97d-d965ccfc6d4b" outcome="Passed" testListId="8c84fa94-04c1-424b-9868-57a2d4851a1d" relativeResultsDirectory="02e3fad8-a604-4acc-84eb-fbbf92572a44" />
    <UnitTestResult executionId="f6d65070-cd12-4116-a255-bea9afc4097f" testId="f2effcb5-d303-005d-6682-8ccbac2c3bbc" testName="ShowMultipleToasts_Success" computerName="DKSR-EFI-04" duration="00:00:00.0105211" startTime="2023-12-22T09:32:58.7560871+01:00" endTime="2023-12-22T09:32:58.7717125+01:00" testType="13cdc9d9-ddb5-4fa4-a97d-d965ccfc6d4b" outcome="Passed" testListId="8c84fa94-04c1-424b-9868-57a2d4851a1d" relativeResultsDirectory="f6d65070-cd12-4116-a255-bea9afc4097f" />
    <UnitTestResult executionId="4de80c0d-aa8c-4bf5-8a63-307099a14216" testId="7cf60077-2671-481f-1310-11968c982eb2" testName="RoundToSecond_Nearest" computerName="DKSR-EFI-04" duration="00:00:00.0011745" startTime="2023-12-22T09:32:57.8654600+01:00" endTime="2023-12-22T09:32:57.8654600+01:00" testType="13cdc9d9-ddb5-4fa4-a97d-d965ccfc6d4b" outcome="Passed" testListId="8c84fa94-04c1-424b-9868-57a2d4851a1d" relativeResultsDirectory="4de80c0d-aa8c-4bf5-8a63-307099a14216" />
    <UnitTestResult executionId="43af2f3d-ffd0-4291-9371-b15c6f5b121a" testId="16d4258e-743c-71b8-441e-da9ab5d1a655" testName="SequenceEquals_DifferentlySizedCollections_IgnoreOrder_SymmetricalFalseResult" computerName="DKSR-EFI-04" duration="00:00:00.0002400" startTime="2023-12-22T09:32:57.7404574+01:00" endTime="2023-12-22T09:32:57.7404574+01:00" testType="13cdc9d9-ddb5-4fa4-a97d-d965ccfc6d4b" outcome="Passed" testListId="8c84fa94-04c1-424b-9868-57a2d4851a1d" relativeResultsDirectory="43af2f3d-ffd0-4291-9371-b15c6f5b121a" />
    <UnitTestResult executionId="ba6e4880-2787-4897-a711-594ffc98cf41" testId="2aca5760-5736-8fb2-f42a-c078d75461ed" testName="DoComboSelectionThrowsIfServerTypeIdIsNotAValidGuid" computerName="DKSR-EFI-04" duration="00:00:00.0194571" startTime="2023-12-22T09:32:49.5060452+01:00" endTime="2023-12-22T09:32:49.5216665+01:00" testType="13cdc9d9-ddb5-4fa4-a97d-d965ccfc6d4b" outcome="Passed" testListId="8c84fa94-04c1-424b-9868-57a2d4851a1d" relativeResultsDirectory="ba6e4880-2787-4897-a711-594ffc98cf41" />
    <UnitTestResult executionId="331fcf19-492e-4f6c-9e24-a75512683e3e" testId="3625363b-2b2b-2a01-cb9b-b878cc7db25a" testName="MouseDrag_RangeMinOverRangeMax_DataInvariantIsOK" computerName="DKSR-EFI-04" duration="00:00:00.2447547" startTime="2023-12-22T09:32:33.7247208+01:00" endTime="2023-12-22T09:32:33.9590964+01:00" testType="13cdc9d9-ddb5-4fa4-a97d-d965ccfc6d4b" outcome="Passed" testListId="8c84fa94-04c1-424b-9868-57a2d4851a1d" relativeResultsDirectory="331fcf19-492e-4f6c-9e24-a75512683e3e" />
    <UnitTestResult executionId="2894aef7-9e14-4cf4-8f21-42bf06cd4e87" testId="a4f1aa92-0955-504e-be1f-a783fd5bf664" testName="OnPreviewKeyDown_RightCtrl_A_SelectAll_Success" computerName="DKSR-EFI-04" duration="00:00:00.1997628" startTime="2023-12-22T09:33:02.8342308+01:00" endTime="2023-12-22T09:33:03.0217317+01:00" testType="13cdc9d9-ddb5-4fa4-a97d-d965ccfc6d4b" outcome="Passed" testListId="8c84fa94-04c1-424b-9868-57a2d4851a1d" relativeResultsDirectory="2894aef7-9e14-4cf4-8f21-42bf06cd4e87" />
    <UnitTestResult executionId="c68c76aa-b5c8-4c7b-9956-faf3f3b1fef8" testId="94400230-a0cf-2852-335d-5880a46a038d" testName="Constructor_StateSessionHelper_ArgumentNull_Thrown" computerName="DKSR-EFI-04" duration="00:00:00.0009740" startTime="2023-12-22T09:33:06.2248712+01:00" endTime="2023-12-22T09:33:06.2248712+01:00" testType="13cdc9d9-ddb5-4fa4-a97d-d965ccfc6d4b" outcome="Passed" testListId="8c84fa94-04c1-424b-9868-57a2d4851a1d" relativeResultsDirectory="c68c76aa-b5c8-4c7b-9956-faf3f3b1fef8" />
    <UnitTestResult executionId="72a18c83-3757-484d-a0ac-a0145609dcb9" testId="8ca24930-13c2-9054-276b-c0c9a4d03ea7" testName="SequenceEquals_OneCollectionWithDuplicateElementOrderedDifferently_IgnoreOrder_SymmetricalFalseResult" computerName="DKSR-EFI-04" duration="00:00:00.0002654" startTime="2023-12-22T09:32:57.7560839+01:00" endTime="2023-12-22T09:32:57.7560839+01:00" testType="13cdc9d9-ddb5-4fa4-a97d-d965ccfc6d4b" outcome="Passed" testListId="8c84fa94-04c1-424b-9868-57a2d4851a1d" relativeResultsDirectory="72a18c83-3757-484d-a0ac-a0145609dcb9" />
    <UnitTestResult executionId="dbda9548-f7f2-470c-8ecf-5b3c6f590aab" testId="16c91d34-e916-3d59-f51a-4f9b85399289" testName="EqualsTest" computerName="DKSR-EFI-04" duration="00:00:00.0008815" startTime="2023-12-22T09:32:26.9434391+01:00" endTime="2023-12-22T09:32:26.9434391+01:00" testType="13cdc9d9-ddb5-4fa4-a97d-d965ccfc6d4b" outcome="Passed" testListId="8c84fa94-04c1-424b-9868-57a2d4851a1d" relativeResultsDirectory="dbda9548-f7f2-470c-8ecf-5b3c6f590aab" />
    <UnitTestResult executionId="81c6c54a-c9aa-4f4b-acdd-9cd1856223c7" testId="cc3505a4-7232-cc24-3cfe-056b7e73ed2b" testName="CompareToTest" computerName="DKSR-EFI-04" duration="00:00:00.0022964" startTime="2023-12-22T09:32:26.9278124+01:00" endTime="2023-12-22T09:32:26.9278124+01:00" testType="13cdc9d9-ddb5-4fa4-a97d-d965ccfc6d4b" outcome="Passed" testListId="8c84fa94-04c1-424b-9868-57a2d4851a1d" relativeResultsDirectory="81c6c54a-c9aa-4f4b-acdd-9cd1856223c7" />
    <UnitTestResult executionId="b2cea77e-1576-4f63-ae29-e10c28cd4024" testId="7cbfb0f2-220f-3c70-4132-45e5c8965201" testName="Constructor_ShouldCreateDefaultSlide_WhenZeroSlidesGiven" computerName="DKSR-EFI-04" duration="00:00:00.0006801" startTime="2023-12-22T09:32:57.6154567+01:00" endTime="2023-12-22T09:32:57.6154567+01:00" testType="13cdc9d9-ddb5-4fa4-a97d-d965ccfc6d4b" outcome="Passed" testListId="8c84fa94-04c1-424b-9868-57a2d4851a1d" relativeResultsDirectory="b2cea77e-1576-4f63-ae29-e10c28cd4024" />
    <UnitTestResult executionId="8cc019c9-756e-4e49-ac90-8ce23b2ff471" testId="f4aace76-8b78-d9f9-5c7e-a830773b46bd" testName="ConvertToTileStates_ArgumentNull_NotThrown" computerName="DKSR-EFI-04" duration="00:00:00.0001544" startTime="2023-12-22T09:33:06.8030000+01:00" endTime="2023-12-22T09:33:06.8030000+01:00" testType="13cdc9d9-ddb5-4fa4-a97d-d965ccfc6d4b" outcome="Passed" testListId="8c84fa94-04c1-424b-9868-57a2d4851a1d" relativeResultsDirectory="8cc019c9-756e-4e49-ac90-8ce23b2ff471" />
    <UnitTestResult executionId="e2177dc9-05cb-433c-8e04-7c757c9e5bbb" testId="a3ace3b8-2cc6-88df-a94a-a9602ec1951a" testName="IsFailover_IsNotFailover" computerName="DKSR-EFI-04" duration="00:00:00.0001338" startTime="2023-12-22T09:33:05.8498700+01:00" endTime="2023-12-22T09:33:05.8498700+01:00" testType="13cdc9d9-ddb5-4fa4-a97d-d965ccfc6d4b" outcome="Passed" testListId="8c84fa94-04c1-424b-9868-57a2d4851a1d" relativeResultsDirectory="e2177dc9-05cb-433c-8e04-7c757c9e5bbb" />
  </Results>
  <TestDefinitions>
    <UnitTest name="StartServerStates_TimeoutException_WithCustomLogger_DoubledSleepDuration" storage="d:\actions-runner\_work\xpco\xpco\common\sc_commonfiles\zsc_commonfiles_unittest\bin\debug\net472\zsc_commonfiles_unittest.dll" id="93b7908d-50df-6acc-b081-9e999fed499f">
      <Execution id="7f5b706c-e32d-4a77-81cb-b6a679e35ed5" />
      <TestMethod codeBase="D:\actions-runner\_work\XPCO\XPCO\Common\SC_CommonFiles\zSC_CommonFiles_UnitTest\bin\Debug\net472\zSC_CommonFiles_UnitTest.dll" adapterTypeName="executor://mstestadapter/v2" className="zSC_CommonFiles_UnitTest.VideoOS.Common.State.StateHandlerTests" name="StartServerStates_TimeoutException_WithCustomLogger_DoubledSleepDuration" />
    </UnitTest>
    <UnitTest name="PersistTilesCallsAppropriateMethodsInProvider" storage="d:\actions-runner\_work\xpco\xpco\common\sc_commonfiles\zsc_commonfiles_unittest\bin\debug\net472\zsc_commonfiles_unittest.dll" id="459463df-7b24-1834-e524-ebc8eb49d9bc">
      <Execution id="32cb9ab2-5a50-4717-a0c7-e5106d9379c5" />
      <TestMethod codeBase="D:\actions-runner\_work\XPCO\XPCO\Common\SC_CommonFiles\zSC_CommonFiles_UnitTest\bin\Debug\net472\zSC_CommonFiles_UnitTest.dll" adapterTypeName="executor://mstestadapter/v2" className="zSC_CommonFiles_UnitTest.DashboardTilesTests" name="PersistTilesCallsAppropriateMethodsInProvider" />
    </UnitTest>
    <UnitTest name="ItemHolder_MouseOver_Success" storage="d:\actions-runner\_work\xpco\xpco\common\sc_commonfiles\zsc_commonfiles_unittest\bin\debug\net472\zsc_commonfiles_unittest.dll" id="dbbf39a1-557e-8113-cb77-f2aa3140bfbd">
      <TestCategory>
        <TestCategoryItem TestCategory="SC_CommonFiles.WPF.TileLayout" />
      </TestCategory>
      <Execution id="a109f8af-acb9-4016-bbd5-f92d2ee7bb4d" />
      <TestMethod codeBase="D:\actions-runner\_work\XPCO\XPCO\Common\SC_CommonFiles\zSC_CommonFiles_UnitTest\bin\Debug\net472\zSC_CommonFiles_UnitTest.dll" adapterTypeName="executor://mstestadapter/v2" className="zSC_CommonFiles_UnitTest.VideoOS.UI.Common.WPF.TileLayout.TileLayoutTest" name="ItemHolder_MouseOver_Success" />
    </UnitTest>
    <UnitTest name="AuthenticationExternal_CopyConstructor_NullBaseAuth_Throws_ArgumentNullException" storage="d:\actions-runner\_work\xpco\xpco\common\sc_commonfiles\zsc_commonfiles_unittest\bin\debug\net472\zsc_commonfiles_unittest.dll" id="406127ab-b342-e721-d286-823ee31b0fbc">
      <TestCategory>
        <TestCategoryItem TestCategory="AuthenticationInfoTests" />
      </TestCategory>
      <Execution id="04415853-b062-49d9-8899-9db0aeb70863" />
      <TestMethod codeBase="D:\actions-runner\_work\XPCO\XPCO\Common\SC_CommonFiles\zSC_CommonFiles_UnitTest\bin\Debug\net472\zSC_CommonFiles_UnitTest.dll" adapterTypeName="executor://mstestadapter/v2" className="zSC_CommonFiles_UnitTest.VideoOS.Common.Login.AuthenticationInfoTests" name="AuthenticationExternal_CopyConstructor_NullBaseAuth_Throws_ArgumentNullException" />
    </UnitTest>
    <UnitTest name="RangeSingleEdit_EnterLargeNumber_EditFieldAutosizedAndCentered" storage="d:\actions-runner\_work\xpco\xpco\common\sc_commonfiles\zsc_commonfiles_unittest\bin\debug\net472\zsc_commonfiles_unittest.dll" id="ce44940c-50be-b7ab-4e00-61b9f154d25c">
      <TestCategory>
        <TestCategoryItem TestCategory="RangeSelector" />
      </TestCategory>
      <Execution id="ff33d1b5-e5ee-403b-99f8-021b6a39851d" />
      <TestMethod codeBase="D:\actions-runner\_work\XPCO\XPCO\Common\SC_CommonFiles\zSC_CommonFiles_UnitTest\bin\Debug\net472\zSC_CommonFiles_UnitTest.dll" adapterTypeName="executor://mstestadapter/v2" className="VideoOS.UI.Common.WPF.RangeSelector.RangeSelectorTest" name="RangeSingleEdit_EnterLargeNumber_EditFieldAutosizedAndCentered" />
    </UnitTest>
    <UnitTest name="TooltipServiceWarning_UpdateTimeDefined" storage="d:\actions-runner\_work\xpco\xpco\common\sc_commonfiles\zsc_commonfiles_unittest\bin\debug\net472\zsc_commonfiles_unittest.dll" id="b0004f06-300e-d87d-8715-e540888dd689">
      <Execution id="df2b0693-244c-4c6f-b455-7957e1afc0c0" />
      <TestMethod codeBase="D:\actions-runner\_work\XPCO\XPCO\Common\SC_CommonFiles\zSC_CommonFiles_UnitTest\bin\Debug\net472\zSC_CommonFiles_UnitTest.dll" adapterTypeName="executor://mstestadapter/v2" className="zSC_CommonFiles_UnitTest.VideoOS.UI.Common.WPF.Dashboard.Types.ServerTest" name="TooltipServiceWarning_UpdateTimeDefined" />
    </UnitTest>
    <UnitTest name="SaveToFile_ShouldSaveAllowUnsecureConnection_WhenAllowUnsecureIsTrue" storage="d:\actions-runner\_work\xpco\xpco\common\sc_commonfiles\zsc_commonfiles_unittest\bin\debug\net472\zsc_commonfiles_unittest.dll" id="93774d2d-144b-7040-611e-7e563672ebaa">
      <Execution id="f9dfb3f8-c11c-495f-b1ca-15ae25024250" />
      <TestMethod codeBase="D:\actions-runner\_work\XPCO\XPCO\Common\SC_CommonFiles\zSC_CommonFiles_UnitTest\bin\Debug\net472\zSC_CommonFiles_UnitTest.dll" adapterTypeName="executor://mstestadapter/v2" className="zSC_CommonFiles_UnitTest.VideoOS.Common.Login.UIConnectionInfoTests" name="SaveToFile_ShouldSaveAllowUnsecureConnection_WhenAllowUnsecureIsTrue" />
    </UnitTest>
    <UnitTest name="RoundToSecond_Nearest" storage="d:\actions-runner\_work\xpco\xpco\common\sc_commonfiles\zsc_commonfiles_unittest\bin\debug\net472\zsc_commonfiles_unittest.dll" id="7cf60077-2671-481f-1310-11968c982eb2">
      <Execution id="4de80c0d-aa8c-4bf5-8a63-307099a14216" />
      <TestMethod codeBase="D:\actions-runner\_work\XPCO\XPCO\Common\SC_CommonFiles\zSC_CommonFiles_UnitTest\bin\Debug\net472\zSC_CommonFiles_UnitTest.dll" adapterTypeName="executor://mstestadapter/v2" className="zSC_CommonFiles_UnitTest.VideoOS.UI.Common.WPF.Utils.ExtensionMethods.DateTimeExtensionsTests" name="RoundToSecond_Nearest" />
    </UnitTest>
    <UnitTest name="OnPreviewKeyDown_Return_Success" storage="d:\actions-runner\_work\xpco\xpco\common\sc_commonfiles\zsc_commonfiles_unittest\bin\debug\net472\zsc_commonfiles_unittest.dll" id="a7304e06-ae3e-2e3a-5ce1-1639916ee77c">
      <TestCategory>
        <TestCategoryItem TestCategory="SC_CommonFiles.WPF.TileLayout" />
      </TestCategory>
      <Execution id="25e2cc21-cd32-47b3-b164-5551dccf1b1b" />
      <TestMethod codeBase="D:\actions-runner\_work\XPCO\XPCO\Common\SC_CommonFiles\zSC_CommonFiles_UnitTest\bin\Debug\net472\zSC_CommonFiles_UnitTest.dll" adapterTypeName="executor://mstestadapter/v2" className="zSC_CommonFiles_UnitTest.VideoOS.UI.Common.WPF.TileLayout.TileLayoutTest" name="OnPreviewKeyDown_Return_Success" />
    </UnitTest>
    <UnitTest name="ShowDialogScaled_150Percent_Scaling" storage="d:\actions-runner\_work\xpco\xpco\common\sc_commonfiles\zsc_commonfiles_unittest\bin\debug\net472\zsc_commonfiles_unittest.dll" id="39556250-42a0-8230-36af-33fb371b59df">
      <Execution id="da6cd412-57ec-45bf-a717-43b1adc65305" />
      <TestMethod codeBase="D:\actions-runner\_work\XPCO\XPCO\Common\SC_CommonFiles\zSC_CommonFiles_UnitTest\bin\Debug\net472\zSC_CommonFiles_UnitTest.dll" adapterTypeName="executor://mstestadapter/v2" className="zSC_CommonFiles_UnitTest.VideoOS.UI.Common.WPF.Utils.ExtensionMethods.WindowExtensionsTests" name="ShowDialogScaled_150Percent_Scaling" />
    </UnitTest>
    <UnitTest name="ValidSlides_ShouldNotContainDefaults" storage="d:\actions-runner\_work\xpco\xpco\common\sc_commonfiles\zsc_commonfiles_unittest\bin\debug\net472\zsc_commonfiles_unittest.dll" id="fc42ecd1-8c72-c445-ea96-97544145f9ab">
      <Execution id="53f0c024-1565-4b81-bf4f-46feb205e4dc" />
      <TestMethod codeBase="D:\actions-runner\_work\XPCO\XPCO\Common\SC_CommonFiles\zSC_CommonFiles_UnitTest\bin\Debug\net472\zSC_CommonFiles_UnitTest.dll" adapterTypeName="executor://mstestadapter/v2" className="zSC_CommonFiles_UnitTest.VideoOS.UI.Common.WPF.VideoText.VideoTextWindowViewModelTests" name="ValidSlides_ShouldNotContainDefaults" />
    </UnitTest>
    <UnitTest name="FindOptimalTilingCalculatesRowsColumnsAppropriateToTileAndWindowRatioAndWithOptimumNumberOfCells" storage="d:\actions-runner\_work\xpco\xpco\common\sc_commonfiles\zsc_commonfiles_unittest\bin\debug\net472\zsc_commonfiles_unittest.dll" id="2eb304bc-29a1-e3fc-a1ed-62b709614ba3">
      <Execution id="f21f52e8-6392-41dd-ab29-a41c38aa26d2" />
      <TestMethod codeBase="D:\actions-runner\_work\XPCO\XPCO\Common\SC_CommonFiles\zSC_CommonFiles_UnitTest\bin\Debug\net472\zSC_CommonFiles_UnitTest.dll" adapterTypeName="executor://mstestadapter/v2" className="zSC_CommonFiles_UnitTest.DashboardTilesTests" name="FindOptimalTilingCalculatesRowsColumnsAppropriateToTileAndWindowRatioAndWithOptimumNumberOfCells" />
    </UnitTest>
    <UnitTest name="GetImageSource_16px_Success" storage="d:\actions-runner\_work\xpco\xpco\common\sc_commonfiles\zsc_commonfiles_unittest\bin\debug\net472\zsc_commonfiles_unittest.dll" id="8a767b9b-e015-e5fc-c6e0-fb31075f769b">
      <TestCategory>
        <TestCategoryItem TestCategory="SC_CommonFiles.WPF" />
      </TestCategory>
      <Execution id="2411660e-133f-48cf-8060-5173ba2e9442" />
      <TestMethod codeBase="D:\actions-runner\_work\XPCO\XPCO\Common\SC_CommonFiles\zSC_CommonFiles_UnitTest\bin\Debug\net472\zSC_CommonFiles_UnitTest.dll" adapterTypeName="executor://mstestadapter/v2" className="zSC_CommonFiles_UnitTest.VideoOS.UI.Common.WPF.Utils.ExtensionMethods.IconExtensionsTests" name="GetImageSource_16px_Success" />
    </UnitTest>
    <UnitTest name="StartServerStates_CommunicationException_WithCustomLogger_DoubledSleepDuration" storage="d:\actions-runner\_work\xpco\xpco\common\sc_commonfiles\zsc_commonfiles_unittest\bin\debug\net472\zsc_commonfiles_unittest.dll" id="cc3b9b99-7533-a7bc-3f64-e2ee5a64fc21">
      <Execution id="15bf823e-3c30-4f6d-8dcc-b89db3edefa4" />
      <TestMethod codeBase="D:\actions-runner\_work\XPCO\XPCO\Common\SC_CommonFiles\zSC_CommonFiles_UnitTest\bin\Debug\net472\zSC_CommonFiles_UnitTest.dll" adapterTypeName="executor://mstestadapter/v2" className="zSC_CommonFiles_UnitTest.VideoOS.Common.State.StateHandlerTests" name="StartServerStates_CommunicationException_WithCustomLogger_DoubledSleepDuration" />
    </UnitTest>
    <UnitTest name="GetDoubleValueOrDefault_KeyNotFound_DefaultValueReturned" storage="d:\actions-runner\_work\xpco\xpco\common\sc_commonfiles\zsc_commonfiles_unittest\bin\debug\net472\zsc_commonfiles_unittest.dll" id="49b54f08-f7f0-ba91-ee50-7ae6390d4af1">
      <Execution id="d5b87d89-6d77-4676-abce-6cf0d1a42d71" />
      <TestMethod codeBase="D:\actions-runner\_work\XPCO\XPCO\Common\SC_CommonFiles\zSC_CommonFiles_UnitTest\bin\Debug\net472\zSC_CommonFiles_UnitTest.dll" adapterTypeName="executor://mstestadapter/v2" className="zSC_CommonFiles_UnitTest.VideoOS.Common.Configuration.NameValueCollectionExtensionsTest" name="GetDoubleValueOrDefault_KeyNotFound_DefaultValueReturned" />
    </UnitTest>
    <UnitTest name="MeasureOverride_4child_InvalidChild_EnoughSpace_NotShrunk" storage="d:\actions-runner\_work\xpco\xpco\common\sc_commonfiles\zsc_commonfiles_unittest\bin\debug\net472\zsc_commonfiles_unittest.dll" id="aadb342a-ff06-0cc2-8ee7-a275dc1cd7f8">
      <TestCategory>
        <TestCategoryItem TestCategory="Controls" />
      </TestCategory>
      <Execution id="52c120e5-d216-4071-8223-d4e82f3171c5" />
      <TestMethod codeBase="D:\actions-runner\_work\XPCO\XPCO\Common\SC_CommonFiles\zSC_CommonFiles_UnitTest\bin\Debug\net472\zSC_CommonFiles_UnitTest.dll" adapterTypeName="executor://mstestadapter/v2" className="VideoOS.UI.Common.WPF.Controls.HorizontalPanelTests" name="MeasureOverride_4child_InvalidChild_EnoughSpace_NotShrunk" />
    </UnitTest>
    <UnitTest name="DetermineScaledWindowLocationAndSize_100Percent_Scaling" storage="d:\actions-runner\_work\xpco\xpco\common\sc_commonfiles\zsc_commonfiles_unittest\bin\debug\net472\zsc_commonfiles_unittest.dll" id="255725f3-62ba-63bd-b914-0cdfd4638d83">
      <Execution id="e7fd17ab-d14d-4f1e-b463-842edb476589" />
      <TestMethod codeBase="D:\actions-runner\_work\XPCO\XPCO\Common\SC_CommonFiles\zSC_CommonFiles_UnitTest\bin\Debug\net472\zSC_CommonFiles_UnitTest.dll" adapterTypeName="executor://mstestadapter/v2" className="zSC_CommonFiles_UnitTest.VideoOS.UI.Common.WPF.Utils.ExtensionMethods.WindowExtensionsTests" name="DetermineScaledWindowLocationAndSize_100Percent_Scaling" />
    </UnitTest>
    <UnitTest name="StopAndDisconnect_SessionNotStarted_ServiceNotCalled" storage="d:\actions-runner\_work\xpco\xpco\common\sc_commonfiles\zsc_commonfiles_unittest\bin\debug\net472\zsc_commonfiles_unittest.dll" id="00128a49-1d90-04d8-005b-b12d7a997cf3">
      <Execution id="74f1f2de-a2fc-40cf-978e-a904730d521d" />
      <TestMethod codeBase="D:\actions-runner\_work\XPCO\XPCO\Common\SC_CommonFiles\zSC_CommonFiles_UnitTest\bin\Debug\net472\zSC_CommonFiles_UnitTest.dll" adapterTypeName="executor://mstestadapter/v2" className="zSC_CommonFiles_UnitTest.VideoOS.Common.State.StateManagerTests" name="StopAndDisconnect_SessionNotStarted_ServiceNotCalled" />
    </UnitTest>
    <UnitTest name="TileIsStateUndefinedIfCurrentStatesIsNull" storage="d:\actions-runner\_work\xpco\xpco\common\sc_commonfiles\zsc_commonfiles_unittest\bin\debug\net472\zsc_commonfiles_unittest.dll" id="95ce4bfb-8a8a-2e2d-8537-47c45d12d2d7">
      <Execution id="ceb124ab-3db6-41aa-b711-e8d139b493eb" />
      <TestMethod codeBase="D:\actions-runner\_work\XPCO\XPCO\Common\SC_CommonFiles\zSC_CommonFiles_UnitTest\bin\Debug\net472\zSC_CommonFiles_UnitTest.dll" adapterTypeName="executor://mstestadapter/v2" className="zSC_CommonFiles_UnitTest.DashboardTilesTests" name="TileIsStateUndefinedIfCurrentStatesIsNull" />
    </UnitTest>
    <UnitTest name="DetermineScaledWindowLocationAndSize_AtPosition_100Percent_Scaling" storage="d:\actions-runner\_work\xpco\xpco\common\sc_commonfiles\zsc_commonfiles_unittest\bin\debug\net472\zsc_commonfiles_unittest.dll" id="d6602b74-10ff-8e4a-a599-5e89f61e24aa">
      <Execution id="02b95dd1-f491-4295-b303-9524f01020c5" />
      <TestMethod codeBase="D:\actions-runner\_work\XPCO\XPCO\Common\SC_CommonFiles\zSC_CommonFiles_UnitTest\bin\Debug\net472\zSC_CommonFiles_UnitTest.dll" adapterTypeName="executor://mstestadapter/v2" className="zSC_CommonFiles_UnitTest.VideoOS.UI.Common.WPF.Utils.ExtensionMethods.WindowExtensionsTests" name="DetermineScaledWindowLocationAndSize_AtPosition_100Percent_Scaling" />
    </UnitTest>
    <UnitTest name="FormsControlScaledLocationAndSize_NegativePositions_100Percent_Scaling" storage="d:\actions-runner\_work\xpco\xpco\common\sc_commonfiles\zsc_commonfiles_unittest\bin\debug\net472\zsc_commonfiles_unittest.dll" id="a53bc742-1aa6-1112-cd67-7bd1ef336fc4">
      <Execution id="a12d594a-e78a-4867-a7d6-faf4a5cffa95" />
      <TestMethod codeBase="D:\actions-runner\_work\XPCO\XPCO\Common\SC_CommonFiles\zSC_CommonFiles_UnitTest\bin\Debug\net472\zSC_CommonFiles_UnitTest.dll" adapterTypeName="executor://mstestadapter/v2" className="zSC_CommonFiles_UnitTest.VideoOS.UI.Common.WPF.Utils.ExtensionMethods.WindowExtensionsTests" name="FormsControlScaledLocationAndSize_NegativePositions_100Percent_Scaling" />
    </UnitTest>
    <UnitTest name="TestHistoryFileSetter" storage="d:\actions-runner\_work\xpco\xpco\common\sc_commonfiles\zsc_commonfiles_unittest\bin\debug\net472\zsc_commonfiles_unittest.dll" id="d2336b6f-ec47-a30f-6052-9d509a829189">
      <Execution id="4a6b1039-a4ce-4b6f-ae63-e1fa7d543675" />
      <TestMethod codeBase="D:\actions-runner\_work\XPCO\XPCO\Common\SC_CommonFiles\zSC_CommonFiles_UnitTest\bin\Debug\net472\zSC_CommonFiles_UnitTest.dll" adapterTypeName="executor://mstestadapter/v2" className="zSC_CommonFiles_UnitTest.VideoOS.Common.Login.UIConnectionInfoTests" name="TestHistoryFileSetter" />
    </UnitTest>
    <UnitTest name="TryGetIntValue_KeyFound_ValueReturned" storage="d:\actions-runner\_work\xpco\xpco\common\sc_commonfiles\zsc_commonfiles_unittest\bin\debug\net472\zsc_commonfiles_unittest.dll" id="bf21cb13-4f33-4868-5185-223274a7024a">
      <Execution id="0fde4c17-b60c-4420-a4a1-aff66f74fc3a" />
      <TestMethod codeBase="D:\actions-runner\_work\XPCO\XPCO\Common\SC_CommonFiles\zSC_CommonFiles_UnitTest\bin\Debug\net472\zSC_CommonFiles_UnitTest.dll" adapterTypeName="executor://mstestadapter/v2" className="zSC_CommonFiles_UnitTest.VideoOS.Common.Configuration.NameValueCollectionExtensionsTest" name="TryGetIntValue_KeyFound_ValueReturned" />
    </UnitTest>
    <UnitTest name="Constructor_ShouldCreateTreeOfDepth1_WhenUnitsHaveNoParentButToplevelNodesAreSet" storage="d:\actions-runner\_work\xpco\xpco\common\sc_commonfiles\zsc_commonfiles_unittest\bin\debug\net472\zsc_commonfiles_unittest.dll" id="ae5ac97e-8b8c-eeb7-7e79-fd8b61df6329">
      <Execution id="b3149a23-6f05-4e45-9c53-2cb0d8f517e5" />
      <TestMethod codeBase="D:\actions-runner\_work\XPCO\XPCO\Common\SC_CommonFiles\zSC_CommonFiles_UnitTest\bin\Debug\net472\zSC_CommonFiles_UnitTest.dll" adapterTypeName="executor://mstestadapter/v2" className="SmartClient_UnitTest_VideoOS_UI_Common_WPF_FilterTree.FilterTreeUserControlViewModelTest" name="Constructor_ShouldCreateTreeOfDepth1_WhenUnitsHaveNoParentButToplevelNodesAreSet" />
    </UnitTest>
    <UnitTest name="FormsControlScaledLocationAndSize_AnchorRightAndBottom_150Percent_Scaling" storage="d:\actions-runner\_work\xpco\xpco\common\sc_commonfiles\zsc_commonfiles_unittest\bin\debug\net472\zsc_commonfiles_unittest.dll" id="edd04f72-e846-3536-4d16-cb04e8460e6b">
      <Execution id="84eba51a-5274-4bda-89e4-3fa9da8d54b9" />
      <TestMethod codeBase="D:\actions-runner\_work\XPCO\XPCO\Common\SC_CommonFiles\zSC_CommonFiles_UnitTest\bin\Debug\net472\zSC_CommonFiles_UnitTest.dll" adapterTypeName="executor://mstestadapter/v2" className="zSC_CommonFiles_UnitTest.VideoOS.UI.Common.WPF.Utils.ExtensionMethods.WindowExtensionsTests" name="FormsControlScaledLocationAndSize_AnchorRightAndBottom_150Percent_Scaling" />
    </UnitTest>
    <UnitTest name="UpdateServerState_FailoverErrorState" storage="d:\actions-runner\_work\xpco\xpco\common\sc_commonfiles\zsc_commonfiles_unittest\bin\debug\net472\zsc_commonfiles_unittest.dll" id="68a3dcd6-b2e6-5bb3-d82c-04377e1a7b9b">
      <Execution id="128888a8-6874-4b11-a8d5-4a249d03fef2" />
      <TestMethod codeBase="D:\actions-runner\_work\XPCO\XPCO\Common\SC_CommonFiles\zSC_CommonFiles_UnitTest\bin\Debug\net472\zSC_CommonFiles_UnitTest.dll" adapterTypeName="executor://mstestadapter/v2" className="zSC_CommonFiles_UnitTest.VideoOS.UI.Common.WPF.Dashboard.List.ListServersAndCamerasModelTest" name="UpdateServerState_FailoverErrorState" />
    </UnitTest>
    <UnitTest name="Activate_ToastActivated" storage="d:\actions-runner\_work\xpco\xpco\common\sc_commonfiles\zsc_commonfiles_unittest\bin\debug\net472\zsc_commonfiles_unittest.dll" id="20c0e1dd-a74f-c654-d865-142fb2a2787f">
      <TestCategory>
        <TestCategoryItem TestCategory="Toasts" />
      </TestCategory>
      <Execution id="f78f51e2-dbfc-4e29-8d3d-7697c6c953d5" />
      <TestMethod codeBase="D:\actions-runner\_work\XPCO\XPCO\Common\SC_CommonFiles\zSC_CommonFiles_UnitTest\bin\Debug\net472\zSC_CommonFiles_UnitTest.dll" adapterTypeName="executor://mstestadapter/v2" className="zSC_CommonFiles_UnitTest.VideoOS.UI.Common.WPF.Toast.ToastBaseTests" name="Activate_ToastActivated" />
    </UnitTest>
    <UnitTest name="RoundToMillisecond_RoundDown" storage="d:\actions-runner\_work\xpco\xpco\common\sc_commonfiles\zsc_commonfiles_unittest\bin\debug\net472\zsc_commonfiles_unittest.dll" id="132e103c-17cc-dd6d-9a83-6fdfdde045a1">
      <Execution id="6ec1b27f-df67-406d-934a-7d444dd5dd50" />
      <TestMethod codeBase="D:\actions-runner\_work\XPCO\XPCO\Common\SC_CommonFiles\zSC_CommonFiles_UnitTest\bin\Debug\net472\zSC_CommonFiles_UnitTest.dll" adapterTypeName="executor://mstestadapter/v2" className="zSC_CommonFiles_UnitTest.VideoOS.UI.Common.WPF.Utils.ExtensionMethods.TimeSpanExtensionsTests" name="RoundToMillisecond_RoundDown" />
    </UnitTest>
    <UnitTest name="Clear_NoCleanupTimerRunning_Success" storage="d:\actions-runner\_work\xpco\xpco\common\sc_commonfiles\zsc_commonfiles_unittest\bin\debug\net472\zsc_commonfiles_unittest.dll" id="853fc9d6-6db1-9e50-13df-6a1ab3128380">
      <Execution id="f0f28722-a7fc-4c00-9b7d-d4205d1521ef" />
      <TestMethod codeBase="D:\actions-runner\_work\XPCO\XPCO\Common\SC_CommonFiles\zSC_CommonFiles_UnitTest\bin\Debug\net472\zSC_CommonFiles_UnitTest.dll" adapterTypeName="executor://mstestadapter/v2" className="VideoOS.UI.Common.WPF.Utils.RecyclingFactory.RecyclingFactoryTests" name="Clear_NoCleanupTimerRunning_Success" />
    </UnitTest>
    <UnitTest name="SubstractTest" storage="d:\actions-runner\_work\xpco\xpco\common\sc_commonfiles\zsc_commonfiles_unittest\bin\debug\net472\zsc_commonfiles_unittest.dll" id="8830f43b-5d5e-0d90-f334-a1cf125e39b1">
      <Execution id="30970280-048b-4baf-9fb0-99d8672166eb" />
      <TestMethod codeBase="D:\actions-runner\_work\XPCO\XPCO\Common\SC_CommonFiles\zSC_CommonFiles_UnitTest\bin\Debug\net472\zSC_CommonFiles_UnitTest.dll" adapterTypeName="executor://mstestadapter/v2" className="SmartClient_UnitTest_VideoOS_UI_Common_WPF_Timeline.TimeIntervalTest" name="SubstractTest" />
    </UnitTest>
    <UnitTest name="TileIsStateUndefinedIfAllCurrentStatesAreUndefined" storage="d:\actions-runner\_work\xpco\xpco\common\sc_commonfiles\zsc_commonfiles_unittest\bin\debug\net472\zsc_commonfiles_unittest.dll" id="88c0ee23-26fa-850a-6ac5-863c20752b1c">
      <Execution id="ee460bc7-0457-49a7-981d-5bf67999aebd" />
      <TestMethod codeBase="D:\actions-runner\_work\XPCO\XPCO\Common\SC_CommonFiles\zSC_CommonFiles_UnitTest\bin\Debug\net472\zSC_CommonFiles_UnitTest.dll" adapterTypeName="executor://mstestadapter/v2" className="zSC_CommonFiles_UnitTest.DashboardTilesTests" name="TileIsStateUndefinedIfAllCurrentStatesAreUndefined" />
    </UnitTest>
    <UnitTest name="FiresCorrectly" storage="d:\actions-runner\_work\xpco\xpco\common\sc_commonfiles\zsc_commonfiles_unittest\bin\debug\net472\zsc_commonfiles_unittest.dll" id="9055d3e9-2242-b78d-4e5e-551084a63cc0">
      <Execution id="a2905af2-b61b-492d-86e6-dc8e9b46a746" />
      <TestMethod codeBase="D:\actions-runner\_work\XPCO\XPCO\Common\SC_CommonFiles\zSC_CommonFiles_UnitTest\bin\Debug\net472\zSC_CommonFiles_UnitTest.dll" adapterTypeName="executor://mstestadapter/v2" className="zSC_CommonFiles_UnitTest.VideoOS.UI.Common.WPF.Utils.WeakEventTests" name="FiresCorrectly" />
    </UnitTest>
    <UnitTest name="ClearUnsecureConnectionAllowedForUser_ShouldRemoveUser_WhenUserExists" storage="d:\actions-runner\_work\xpco\xpco\common\sc_commonfiles\zsc_commonfiles_unittest\bin\debug\net472\zsc_commonfiles_unittest.dll" id="5a9cc3cc-6255-3658-268b-a50ddfebf55b">
      <Execution id="11d2674a-3816-4c19-971d-b1c2d5281e3d" />
      <TestMethod codeBase="D:\actions-runner\_work\XPCO\XPCO\Common\SC_CommonFiles\zSC_CommonFiles_UnitTest\bin\Debug\net472\zSC_CommonFiles_UnitTest.dll" adapterTypeName="executor://mstestadapter/v2" className="zSC_CommonFiles_UnitTest.VideoOS.Common.Login.UIConnectionInfoTests" name="ClearUnsecureConnectionAllowedForUser_ShouldRemoveUser_WhenUserExists" />
    </UnitTest>
    <UnitTest name="UpdateFrameworkElementsOverlay_WithChangedFollowDigitalZoom_ShouldUpdateBothLists" storage="d:\actions-runner\_work\xpco\xpco\common\sc_commonfiles\zsc_commonfiles_unittest\bin\debug\net472\zsc_commonfiles_unittest.dll" id="33341dd4-6583-40f9-1eba-1c8c959a3a5e">
      <Execution id="a3e7a9e4-92aa-4914-b8e5-80658fd96216" />
      <TestMethod codeBase="D:\actions-runner\_work\XPCO\XPCO\Common\SC_CommonFiles\zSC_CommonFiles_UnitTest\bin\Debug\net472\zSC_CommonFiles_UnitTest.dll" adapterTypeName="executor://mstestadapter/v2" className="zSC_CommonFiles_UnitTest.VideoOS.UI.Common.WPF.VideoPlayer.Model.FrameworkElementsOverlayModelTests" name="UpdateFrameworkElementsOverlay_WithChangedFollowDigitalZoom_ShouldUpdateBothLists" />
    </UnitTest>
    <UnitTest name="AuthenticationExternal_SetProperties_Success" storage="d:\actions-runner\_work\xpco\xpco\common\sc_commonfiles\zsc_commonfiles_unittest\bin\debug\net472\zsc_commonfiles_unittest.dll" id="2cd364b1-6937-7083-5f7e-1dd1eac47cf1">
      <TestCategory>
        <TestCategoryItem TestCategory="AuthenticationInfoTests" />
      </TestCategory>
      <Execution id="aee5015d-17b7-48fe-890e-0199c5fcad63" />
      <TestMethod codeBase="D:\actions-runner\_work\XPCO\XPCO\Common\SC_CommonFiles\zSC_CommonFiles_UnitTest\bin\Debug\net472\zSC_CommonFiles_UnitTest.dll" adapterTypeName="executor://mstestadapter/v2" className="zSC_CommonFiles_UnitTest.VideoOS.Common.Login.AuthenticationInfoTests" name="AuthenticationExternal_SetProperties_Success" />
    </UnitTest>
    <UnitTest name="TileStateBecomesDefinedAsSoonAsOneCounterStateBecomesDefined" storage="d:\actions-runner\_work\xpco\xpco\common\sc_commonfiles\zsc_commonfiles_unittest\bin\debug\net472\zsc_commonfiles_unittest.dll" id="e1c70711-e4bc-fec3-f088-e58c3b0e3088">
      <Execution id="f5cfe9e7-8406-4455-a744-13fbfae75631" />
      <TestMethod codeBase="D:\actions-runner\_work\XPCO\XPCO\Common\SC_CommonFiles\zSC_CommonFiles_UnitTest\bin\Debug\net472\zSC_CommonFiles_UnitTest.dll" adapterTypeName="executor://mstestadapter/v2" className="zSC_CommonFiles_UnitTest.DashboardTilesTests" name="TileStateBecomesDefinedAsSoonAsOneCounterStateBecomesDefined" />
    </UnitTest>
    <UnitTest name="TooltipServiceWarning_Failover_Combined" storage="d:\actions-runner\_work\xpco\xpco\common\sc_commonfiles\zsc_commonfiles_unittest\bin\debug\net472\zsc_commonfiles_unittest.dll" id="f5cf44f1-55f9-84ba-0c1d-f402f9b081e8">
      <Execution id="cbd481b7-e6d8-464b-b110-54eabf20e1c6" />
      <TestMethod codeBase="D:\actions-runner\_work\XPCO\XPCO\Common\SC_CommonFiles\zSC_CommonFiles_UnitTest\bin\Debug\net472\zSC_CommonFiles_UnitTest.dll" adapterTypeName="executor://mstestadapter/v2" className="zSC_CommonFiles_UnitTest.VideoOS.UI.Common.WPF.Dashboard.Types.ServerTest" name="TooltipServiceWarning_Failover_Combined" />
    </UnitTest>
    <UnitTest name="Convert_RespectMaxValue_Success" storage="d:\actions-runner\_work\xpco\xpco\common\sc_commonfiles\zsc_commonfiles_unittest\bin\debug\net472\zsc_commonfiles_unittest.dll" id="067f6aa9-8e9c-3bdb-54dc-59497bccef18">
      <TestCategory>
        <TestCategoryItem TestCategory="Converters" />
      </TestCategory>
      <Execution id="9e69f7fb-cd3a-45a7-99b9-ee274667b61e" />
      <TestMethod codeBase="D:\actions-runner\_work\XPCO\XPCO\Common\SC_CommonFiles\zSC_CommonFiles_UnitTest\bin\Debug\net472\zSC_CommonFiles_UnitTest.dll" adapterTypeName="executor://mstestadapter/v2" className="VideoOS.UI.Common.WPF.Utils.Converters.OffsetConverterTests" name="Convert_RespectMaxValue_Success" />
    </UnitTest>
    <UnitTest name="Constructor_ShouldCreateTreeOfMixedDepth_WhenUnitsHaveDifferentNumberOfAncestors" storage="d:\actions-runner\_work\xpco\xpco\common\sc_commonfiles\zsc_commonfiles_unittest\bin\debug\net472\zsc_commonfiles_unittest.dll" id="2dbf24a9-29c5-3ef0-69a0-687ac45d4c86">
      <Execution id="1262a23d-2ffc-4f22-9903-c70212d40610" />
      <TestMethod codeBase="D:\actions-runner\_work\XPCO\XPCO\Common\SC_CommonFiles\zSC_CommonFiles_UnitTest\bin\Debug\net472\zSC_CommonFiles_UnitTest.dll" adapterTypeName="executor://mstestadapter/v2" className="SmartClient_UnitTest_VideoOS_UI_Common_WPF_FilterTree.FilterTreeUserControlViewModelTest" name="Constructor_ShouldCreateTreeOfMixedDepth_WhenUnitsHaveDifferentNumberOfAncestors" />
    </UnitTest>
    <UnitTest name="SelectManyOrdered" storage="d:\actions-runner\_work\xpco\xpco\common\sc_commonfiles\zsc_commonfiles_unittest\bin\debug\net472\zsc_commonfiles_unittest.dll" id="9bbc1906-5daa-9c01-5fbd-04abcb77a4b4">
      <Execution id="8fbd952e-202b-42aa-a93a-c2cb30a4e3bf" />
      <TestMethod codeBase="D:\actions-runner\_work\XPCO\XPCO\Common\SC_CommonFiles\zSC_CommonFiles_UnitTest\bin\Debug\net472\zSC_CommonFiles_UnitTest.dll" adapterTypeName="executor://mstestadapter/v2" className="zSC_CommonFiles_UnitTest.VideoOS.UI.Common.WPF.Utils.ExtensionMethods.IEnumerableExtensionTests" name="SelectManyOrdered" />
    </UnitTest>
    <UnitTest name="OnPreviewKeyDown_LeftCtrl_A_UnselectAll_Success" storage="d:\actions-runner\_work\xpco\xpco\common\sc_commonfiles\zsc_commonfiles_unittest\bin\debug\net472\zsc_commonfiles_unittest.dll" id="732023ed-2a84-ce2e-e7c1-285eeae1c920">
      <TestCategory>
        <TestCategoryItem TestCategory="SC_CommonFiles.WPF.TileLayout" />
      </TestCategory>
      <Execution id="fd484d4d-7b49-4dc8-abbc-88984f447a8a" />
      <TestMethod codeBase="D:\actions-runner\_work\XPCO\XPCO\Common\SC_CommonFiles\zSC_CommonFiles_UnitTest\bin\Debug\net472\zSC_CommonFiles_UnitTest.dll" adapterTypeName="executor://mstestadapter/v2" className="zSC_CommonFiles_UnitTest.VideoOS.UI.Common.WPF.TileLayout.TileLayoutTest" name="OnPreviewKeyDown_LeftCtrl_A_UnselectAll_Success" />
    </UnitTest>
    <UnitTest name="UpTileThrowsIfTileNotInBox" storage="d:\actions-runner\_work\xpco\xpco\common\sc_commonfiles\zsc_commonfiles_unittest\bin\debug\net472\zsc_commonfiles_unittest.dll" id="db261fbf-eb7c-9161-ff1c-532a3db0f6a5">
      <Execution id="2e8fa302-ef71-4e1f-8cbd-d240e8028888" />
      <TestMethod codeBase="D:\actions-runner\_work\XPCO\XPCO\Common\SC_CommonFiles\zSC_CommonFiles_UnitTest\bin\Debug\net472\zSC_CommonFiles_UnitTest.dll" adapterTypeName="executor://mstestadapter/v2" className="zSC_CommonFiles_UnitTest.DashboardTilesTests" name="UpTileThrowsIfTileNotInBox" />
    </UnitTest>
    <UnitTest name="ShowToast_Success" storage="d:\actions-runner\_work\xpco\xpco\common\sc_commonfiles\zsc_commonfiles_unittest\bin\debug\net472\zsc_commonfiles_unittest.dll" id="5a36dc19-91e6-2110-bdf3-d2f7bfc377f6">
      <TestCategory>
        <TestCategoryItem TestCategory="Toasts" />
      </TestCategory>
      <Execution id="13d7a285-3478-4487-82f2-170259b6fc3e" />
      <TestMethod codeBase="D:\actions-runner\_work\XPCO\XPCO\Common\SC_CommonFiles\zSC_CommonFiles_UnitTest\bin\Debug\net472\zSC_CommonFiles_UnitTest.dll" adapterTypeName="executor://mstestadapter/v2" className="zSC_CommonFiles_UnitTest.VideoOS.UI.Common.WPF.Toast.ToastsViewModelTests" name="ShowToast_Success" />
    </UnitTest>
    <UnitTest name="TickFrequenceChange_Success" storage="d:\actions-runner\_work\xpco\xpco\common\sc_commonfiles\zsc_commonfiles_unittest\bin\debug\net472\zsc_commonfiles_unittest.dll" id="76bac099-ab90-0ad5-557d-efa1c929ace3">
      <TestCategory>
        <TestCategoryItem TestCategory="RangeSelector" />
      </TestCategory>
      <Execution id="6c90c1ea-a921-4572-95f7-66d35b17daba" />
      <TestMethod codeBase="D:\actions-runner\_work\XPCO\XPCO\Common\SC_CommonFiles\zSC_CommonFiles_UnitTest\bin\Debug\net472\zSC_CommonFiles_UnitTest.dll" adapterTypeName="executor://mstestadapter/v2" className="VideoOS.UI.Common.WPF.RangeSelector.RangeSelectorTest" name="TickFrequenceChange_Success" />
    </UnitTest>
    <UnitTest name="ToastOnToastRemoved_ToastRemoved_Success" storage="d:\actions-runner\_work\xpco\xpco\common\sc_commonfiles\zsc_commonfiles_unittest\bin\debug\net472\zsc_commonfiles_unittest.dll" id="3310872c-02b1-3a9f-d890-3c3dc06b553c">
      <TestCategory>
        <TestCategoryItem TestCategory="Toasts" />
      </TestCategory>
      <Execution id="2606ff85-43d1-403e-8f50-817892129ed6" />
      <TestMethod codeBase="D:\actions-runner\_work\XPCO\XPCO\Common\SC_CommonFiles\zSC_CommonFiles_UnitTest\bin\Debug\net472\zSC_CommonFiles_UnitTest.dll" adapterTypeName="executor://mstestadapter/v2" className="VideoOS.UI.Common.WPF.Toast.ToastManagerTests" name="ToastOnToastRemoved_ToastRemoved_Success" />
    </UnitTest>
    <UnitTest name="FormsControlScaleValue_150Percent_Scaling" storage="d:\actions-runner\_work\xpco\xpco\common\sc_commonfiles\zsc_commonfiles_unittest\bin\debug\net472\zsc_commonfiles_unittest.dll" id="34b2f47b-480a-22d6-69fb-dc7eedfd64fd">
      <Execution id="a944cd10-02ca-42e1-bf4c-a1c5016e902c" />
      <TestMethod codeBase="D:\actions-runner\_work\XPCO\XPCO\Common\SC_CommonFiles\zSC_CommonFiles_UnitTest\bin\Debug\net472\zSC_CommonFiles_UnitTest.dll" adapterTypeName="executor://mstestadapter/v2" className="zSC_CommonFiles_UnitTest.VideoOS.UI.Common.WPF.Utils.ExtensionMethods.WindowExtensionsTests" name="FormsControlScaleValue_150Percent_Scaling" />
    </UnitTest>
    <UnitTest name="GetStates_SessionStarted_NoStates" storage="d:\actions-runner\_work\xpco\xpco\common\sc_commonfiles\zsc_commonfiles_unittest\bin\debug\net472\zsc_commonfiles_unittest.dll" id="4c169ed1-2ceb-3ce5-de75-44f39814124d">
      <Execution id="02ca610f-ae0f-42b7-9a93-4d51be7e8461" />
      <TestMethod codeBase="D:\actions-runner\_work\XPCO\XPCO\Common\SC_CommonFiles\zSC_CommonFiles_UnitTest\bin\Debug\net472\zSC_CommonFiles_UnitTest.dll" adapterTypeName="executor://mstestadapter/v2" className="zSC_CommonFiles_UnitTest.VideoOS.Common.State.StateManagerTests" name="GetStates_SessionStarted_NoStates" />
    </UnitTest>
    <UnitTest name="TileLayout_Selected_BorderBrushUpdated" storage="d:\actions-runner\_work\xpco\xpco\common\sc_commonfiles\zsc_commonfiles_unittest\bin\debug\net472\zsc_commonfiles_unittest.dll" id="af38776a-6751-f268-5d04-8090b4d28593">
      <TestCategory>
        <TestCategoryItem TestCategory="SC_CommonFiles.WPF.TileLayout" />
      </TestCategory>
      <Execution id="28efe6a8-0f7c-444c-81b9-14841620cde9" />
      <TestMethod codeBase="D:\actions-runner\_work\XPCO\XPCO\Common\SC_CommonFiles\zSC_CommonFiles_UnitTest\bin\Debug\net472\zSC_CommonFiles_UnitTest.dll" adapterTypeName="executor://mstestadapter/v2" className="zSC_CommonFiles_UnitTest.VideoOS.UI.Common.WPF.TileLayout.ItemHolderTest" name="TileLayout_Selected_BorderBrushUpdated" />
    </UnitTest>
    <UnitTest name="Constructor_ShouldCreateTreeOfDepth3_WhenUnitsHaveGrandparentButIncludeIsEnabled" storage="d:\actions-runner\_work\xpco\xpco\common\sc_commonfiles\zsc_commonfiles_unittest\bin\debug\net472\zsc_commonfiles_unittest.dll" id="54f6e699-b3d1-75b1-4814-37e5fcfee1a3">
      <Execution id="a7fdf928-8f8b-4906-a689-8f30188df4ab" />
      <TestMethod codeBase="D:\actions-runner\_work\XPCO\XPCO\Common\SC_CommonFiles\zSC_CommonFiles_UnitTest\bin\Debug\net472\zSC_CommonFiles_UnitTest.dll" adapterTypeName="executor://mstestadapter/v2" className="SmartClient_UnitTest_VideoOS_UI_Common_WPF_FilterTree.FilterTreeUserControlViewModelTest" name="Constructor_ShouldCreateTreeOfDepth3_WhenUnitsHaveGrandparentButIncludeIsEnabled" />
    </UnitTest>
    <UnitTest name="AllowUnsecureConnection_ShouldBeFalse_WhenAllowUnsecureIsInvalid" storage="d:\actions-runner\_work\xpco\xpco\common\sc_commonfiles\zsc_commonfiles_unittest\bin\debug\net472\zsc_commonfiles_unittest.dll" id="2f93e454-b30c-a78b-d137-5d738935ef23">
      <Execution id="ee6927cd-132b-47ae-902d-32107455b06c" />
      <TestMethod codeBase="D:\actions-runner\_work\XPCO\XPCO\Common\SC_CommonFiles\zSC_CommonFiles_UnitTest\bin\Debug\net472\zSC_CommonFiles_UnitTest.dll" adapterTypeName="executor://mstestadapter/v2" className="zSC_CommonFiles_UnitTest.VideoOS.Common.Login.UIConnectionInfoTests" name="AllowUnsecureConnection_ShouldBeFalse_WhenAllowUnsecureIsInvalid" />
    </UnitTest>
    <UnitTest name="OnPreviewKeyDown_RightShift_Click_Select_Success" storage="d:\actions-runner\_work\xpco\xpco\common\sc_commonfiles\zsc_commonfiles_unittest\bin\debug\net472\zsc_commonfiles_unittest.dll" id="1c24a4c8-79d9-1a7e-b3df-8a6211e695a8">
      <TestCategory>
        <TestCategoryItem TestCategory="SC_CommonFiles.WPF.TileLayout" />
      </TestCategory>
      <Execution id="950920fc-a98d-4e70-8f9e-eaa012b9db00" />
      <TestMethod codeBase="D:\actions-runner\_work\XPCO\XPCO\Common\SC_CommonFiles\zSC_CommonFiles_UnitTest\bin\Debug\net472\zSC_CommonFiles_UnitTest.dll" adapterTypeName="executor://mstestadapter/v2" className="zSC_CommonFiles_UnitTest.VideoOS.UI.Common.WPF.TileLayout.TileLayoutTest" name="OnPreviewKeyDown_RightShift_Click_Select_Success" />
    </UnitTest>
    <UnitTest name="TooltipServiceWarning_Failover_SSLError" storage="d:\actions-runner\_work\xpco\xpco\common\sc_commonfiles\zsc_commonfiles_unittest\bin\debug\net472\zsc_commonfiles_unittest.dll" id="4f94cd28-33c0-a9f8-eb7e-0b5388f1fdc5">
      <Execution id="f74f16d4-ab33-4926-acbb-710410ba4fe0" />
      <TestMethod codeBase="D:\actions-runner\_work\XPCO\XPCO\Common\SC_CommonFiles\zSC_CommonFiles_UnitTest\bin\Debug\net472\zSC_CommonFiles_UnitTest.dll" adapterTypeName="executor://mstestadapter/v2" className="zSC_CommonFiles_UnitTest.VideoOS.UI.Common.WPF.Dashboard.Types.ServerTest" name="TooltipServiceWarning_Failover_SSLError" />
    </UnitTest>
    <UnitTest name="Constructor_StateService_ArgumentNull_Thrown" storage="d:\actions-runner\_work\xpco\xpco\common\sc_commonfiles\zsc_commonfiles_unittest\bin\debug\net472\zsc_commonfiles_unittest.dll" id="2e5f6fa9-36cf-588f-e363-93c7c6e15067">
      <Execution id="405a9d0c-1582-41e7-9be9-cb61c1c4aea2" />
      <TestMethod codeBase="D:\actions-runner\_work\XPCO\XPCO\Common\SC_CommonFiles\zSC_CommonFiles_UnitTest\bin\Debug\net472\zSC_CommonFiles_UnitTest.dll" adapterTypeName="executor://mstestadapter/v2" className="zSC_CommonFiles_UnitTest.VideoOS.Common.State.StateManagerTests" name="Constructor_StateService_ArgumentNull_Thrown" />
    </UnitTest>
    <UnitTest name="GetStates_SessionStarted_WithStates" storage="d:\actions-runner\_work\xpco\xpco\common\sc_commonfiles\zsc_commonfiles_unittest\bin\debug\net472\zsc_commonfiles_unittest.dll" id="8d3a13e4-7529-dcc7-acab-a47c8e85a381">
      <Execution id="6c4c8dc8-f332-4b4f-8336-6dc38e3e1ad7" />
      <TestMethod codeBase="D:\actions-runner\_work\XPCO\XPCO\Common\SC_CommonFiles\zSC_CommonFiles_UnitTest\bin\Debug\net472\zSC_CommonFiles_UnitTest.dll" adapterTypeName="executor://mstestadapter/v2" className="zSC_CommonFiles_UnitTest.VideoOS.Common.State.StateManagerTests" name="GetStates_SessionStarted_WithStates" />
    </UnitTest>
    <UnitTest name="Finds_Simple_Rule" storage="d:\actions-runner\_work\xpco\xpco\common\sc_commonfiles\zsc_commonfiles_unittest\bin\debug\net472\zsc_commonfiles_unittest.dll" id="d78b0152-cc1a-328b-d637-c02c8df9200a">
      <Execution id="772dc543-f389-4b32-8c32-728bf6e15edb" />
      <TestMethod codeBase="D:\actions-runner\_work\XPCO\XPCO\Common\SC_CommonFiles\zSC_CommonFiles_UnitTest\bin\Debug\net472\zSC_CommonFiles_UnitTest.dll" adapterTypeName="executor://mstestadapter/v2" className="zSC_CommonFiles_UnitTest.VideoOS.UI.Common.WPF.Utils.MvvmHelpers.ViewLocatorTest" name="Finds_Simple_Rule" />
    </UnitTest>
    <UnitTest name="Constructor_ShouldForwardSlides_WhenMoreThanZero" storage="d:\actions-runner\_work\xpco\xpco\common\sc_commonfiles\zsc_commonfiles_unittest\bin\debug\net472\zsc_commonfiles_unittest.dll" id="c196c0e0-1845-801a-d6ce-5a2a7861546a">
      <Execution id="53d9afde-67fa-47c9-aa6d-b425da82faa9" />
      <TestMethod codeBase="D:\actions-runner\_work\XPCO\XPCO\Common\SC_CommonFiles\zSC_CommonFiles_UnitTest\bin\Debug\net472\zSC_CommonFiles_UnitTest.dll" adapterTypeName="executor://mstestadapter/v2" className="zSC_CommonFiles_UnitTest.VideoOS.UI.Common.WPF.VideoText.VideoTextWindowViewModelTests" name="Constructor_ShouldForwardSlides_WhenMoreThanZero" />
    </UnitTest>
    <UnitTest name="DeleteTileDeletesIfTileIsInListBox" storage="d:\actions-runner\_work\xpco\xpco\common\sc_commonfiles\zsc_commonfiles_unittest\bin\debug\net472\zsc_commonfiles_unittest.dll" id="6993f887-a58d-8b2d-0d37-9a2f5f848573">
      <Execution id="e47f2878-ea57-444d-a225-2a4b29895692" />
      <TestMethod codeBase="D:\actions-runner\_work\XPCO\XPCO\Common\SC_CommonFiles\zSC_CommonFiles_UnitTest\bin\Debug\net472\zSC_CommonFiles_UnitTest.dll" adapterTypeName="executor://mstestadapter/v2" className="zSC_CommonFiles_UnitTest.DashboardTilesTests" name="DeleteTileDeletesIfTileIsInListBox" />
    </UnitTest>
    <UnitTest name="TryCreateUri_ShouldReturnValidUri_WhenInputIsRelativeUri" storage="d:\actions-runner\_work\xpco\xpco\common\sc_commonfiles\zsc_commonfiles_unittest\bin\debug\net472\zsc_commonfiles_unittest.dll" id="8f9aaf67-4846-3c14-9893-fd9a67976dbd">
      <Execution id="d9767813-35d3-488f-baff-dda15a888a09" />
      <TestMethod codeBase="D:\actions-runner\_work\XPCO\XPCO\Common\SC_CommonFiles\zSC_CommonFiles_UnitTest\bin\Debug\net472\zSC_CommonFiles_UnitTest.dll" adapterTypeName="executor://mstestadapter/v2" className="zSC_CommonFiles_UnitTest.VideoOS.UI.Common.WPF.Utils.ExtensionMethods.StringExtensionsTests" name="TryCreateUri_ShouldReturnValidUri_WhenInputIsRelativeUri" />
    </UnitTest>
    <UnitTest name="StartServerStates_ThreadInterruptException_DoubledSleepDuration" storage="d:\actions-runner\_work\xpco\xpco\common\sc_commonfiles\zsc_commonfiles_unittest\bin\debug\net472\zsc_commonfiles_unittest.dll" id="26b17eff-fa5a-17f2-d1c6-54abe3c460d9">
      <Execution id="23e1c81d-342d-413f-866d-758a874a966f" />
      <TestMethod codeBase="D:\actions-runner\_work\XPCO\XPCO\Common\SC_CommonFiles\zSC_CommonFiles_UnitTest\bin\Debug\net472\zSC_CommonFiles_UnitTest.dll" adapterTypeName="executor://mstestadapter/v2" className="zSC_CommonFiles_UnitTest.VideoOS.Common.State.StateHandlerTests" name="StartServerStates_ThreadInterruptException_DoubledSleepDuration" />
    </UnitTest>
    <UnitTest name="Constructor_StateService_ArgumentNull_Thrown" storage="d:\actions-runner\_work\xpco\xpco\common\sc_commonfiles\zsc_commonfiles_unittest\bin\debug\net472\zsc_commonfiles_unittest.dll" id="bb65ea30-4ccc-91b1-efbb-715f93a6d534">
      <Execution id="860bc791-64e6-4e5a-a4c6-2f313627d931" />
      <TestMethod codeBase="D:\actions-runner\_work\XPCO\XPCO\Common\SC_CommonFiles\zSC_CommonFiles_UnitTest\bin\Debug\net472\zSC_CommonFiles_UnitTest.dll" adapterTypeName="executor://mstestadapter/v2" className="zSC_CommonFiles_UnitTest.VideoOS.Common.State.CameraStateManagerTests" name="Constructor_StateService_ArgumentNull_Thrown" />
    </UnitTest>
    <UnitTest name="Convert_MultiValueConverter_NotANumber_Throws" storage="d:\actions-runner\_work\xpco\xpco\common\sc_commonfiles\zsc_commonfiles_unittest\bin\debug\net472\zsc_commonfiles_unittest.dll" id="ca1a74cf-f42b-b5b7-8415-1bec1e2927e4">
      <Execution id="20c4cb50-1e60-4362-b281-6b508d90748c" />
      <TestMethod codeBase="D:\actions-runner\_work\XPCO\XPCO\Common\SC_CommonFiles\zSC_CommonFiles_UnitTest\bin\Debug\net472\zSC_CommonFiles_UnitTest.dll" adapterTypeName="executor://mstestadapter/v2" className="zSC_CommonFiles_UnitTest.VideoOS.UI.Common.WPF.Utils.Converters.MaxWidthConverterTests" name="Convert_MultiValueConverter_NotANumber_Throws" />
    </UnitTest>
    <UnitTest name="Convert_NotDoubleParameter_ReturnsUnsetValue" storage="d:\actions-runner\_work\xpco\xpco\common\sc_commonfiles\zsc_commonfiles_unittest\bin\debug\net472\zsc_commonfiles_unittest.dll" id="ba582828-87c0-f796-0108-b7c57cda86c7">
      <TestCategory>
        <TestCategoryItem TestCategory="Converters" />
      </TestCategory>
      <Execution id="c7d43b95-ee3f-441a-8d60-26f47362a2a6" />
      <TestMethod codeBase="D:\actions-runner\_work\XPCO\XPCO\Common\SC_CommonFiles\zSC_CommonFiles_UnitTest\bin\Debug\net472\zSC_CommonFiles_UnitTest.dll" adapterTypeName="executor://mstestadapter/v2" className="VideoOS.UI.Common.WPF.Utils.Converters.OffsetConverterTests" name="Convert_NotDoubleParameter_ReturnsUnsetValue" />
    </UnitTest>
    <UnitTest name="GetBoolValueOrDefault_KeyNotFound_DefaultValueReturned" storage="d:\actions-runner\_work\xpco\xpco\common\sc_commonfiles\zsc_commonfiles_unittest\bin\debug\net472\zsc_commonfiles_unittest.dll" id="4fee98d5-de39-1ee6-cb6e-aeb30d9e4547">
      <Execution id="5097df24-2fdb-4b02-acb9-499ced980bdc" />
      <TestMethod codeBase="D:\actions-runner\_work\XPCO\XPCO\Common\SC_CommonFiles\zSC_CommonFiles_UnitTest\bin\Debug\net472\zSC_CommonFiles_UnitTest.dll" adapterTypeName="executor://mstestadapter/v2" className="zSC_CommonFiles_UnitTest.VideoOS.Common.Configuration.NameValueCollectionExtensionsTest" name="GetBoolValueOrDefault_KeyNotFound_DefaultValueReturned" />
    </UnitTest>
    <UnitTest name="Constructor_OAuth_TokenCache_ArgumentNull_Thrown" storage="d:\actions-runner\_work\xpco\xpco\common\sc_commonfiles\zsc_commonfiles_unittest\bin\debug\net472\zsc_commonfiles_unittest.dll" id="55857ea6-972d-1faa-f735-21722cd852ac">
      <Execution id="c788cd76-64fa-4bf2-a627-a64813968f6f" />
      <TestMethod codeBase="D:\actions-runner\_work\XPCO\XPCO\Common\SC_CommonFiles\zSC_CommonFiles_UnitTest\bin\Debug\net472\zSC_CommonFiles_UnitTest.dll" adapterTypeName="executor://mstestadapter/v2" className="zSC_CommonFiles_UnitTest.VideoOS.Common.State.StateHandlerTests" name="Constructor_OAuth_TokenCache_ArgumentNull_Thrown" />
    </UnitTest>
    <UnitTest name="ConvertToTileStates_Convert" storage="d:\actions-runner\_work\xpco\xpco\common\sc_commonfiles\zsc_commonfiles_unittest\bin\debug\net472\zsc_commonfiles_unittest.dll" id="3ff3319a-948e-ff61-1feb-7a7a66592fd5">
      <Execution id="87fd017e-4a68-43b3-8df1-ac70615a890a" />
      <TestMethod codeBase="D:\actions-runner\_work\XPCO\XPCO\Common\SC_CommonFiles\zSC_CommonFiles_UnitTest\bin\Debug\net472\zSC_CommonFiles_UnitTest.dll" adapterTypeName="executor://mstestadapter/v2" className="zSC_CommonFiles_UnitTest.VideoOS.Common.State.StateManagerTests" name="ConvertToTileStates_Convert" />
    </UnitTest>
    <UnitTest name="Ctor_DurationTimeSpanMax_DoesNotCrash" storage="d:\actions-runner\_work\xpco\xpco\common\sc_commonfiles\zsc_commonfiles_unittest\bin\debug\net472\zsc_commonfiles_unittest.dll" id="fea21907-a26b-6132-ad20-d11fecd505f7">
      <TestCategory>
        <TestCategoryItem TestCategory="Toasts" />
      </TestCategory>
      <Execution id="ab606604-773f-4e97-aa95-c9da4197b368" />
      <TestMethod codeBase="D:\actions-runner\_work\XPCO\XPCO\Common\SC_CommonFiles\zSC_CommonFiles_UnitTest\bin\Debug\net472\zSC_CommonFiles_UnitTest.dll" adapterTypeName="executor://mstestadapter/v2" className="zSC_CommonFiles_UnitTest.VideoOS.UI.Common.WPF.Toast.ToastBaseTests" name="Ctor_DurationTimeSpanMax_DoesNotCrash" />
    </UnitTest>
    <UnitTest name="SingleServerMustReturnDisplayNameAsEntityName" storage="d:\actions-runner\_work\xpco\xpco\common\sc_commonfiles\zsc_commonfiles_unittest\bin\debug\net472\zsc_commonfiles_unittest.dll" id="5faaddbc-e454-1cad-1ea4-51f228dc32db">
      <Execution id="fd190a4d-0c1b-4a11-971d-3eec3891c777" />
      <TestMethod codeBase="D:\actions-runner\_work\XPCO\XPCO\Common\SC_CommonFiles\zSC_CommonFiles_UnitTest\bin\Debug\net472\zSC_CommonFiles_UnitTest.dll" adapterTypeName="executor://mstestadapter/v2" className="zSC_CommonFiles_UnitTest.LocalizationTests" name="SingleServerMustReturnDisplayNameAsEntityName" />
    </UnitTest>
    <UnitTest name="GetStates_SessionStarted_NoStates" storage="d:\actions-runner\_work\xpco\xpco\common\sc_commonfiles\zsc_commonfiles_unittest\bin\debug\net472\zsc_commonfiles_unittest.dll" id="322678fe-2d0e-03ee-cda0-d8553512610f">
      <Execution id="395dcc2d-7c1a-41bc-ba61-086bccd6cad2" />
      <TestMethod codeBase="D:\actions-runner\_work\XPCO\XPCO\Common\SC_CommonFiles\zSC_CommonFiles_UnitTest\bin\Debug\net472\zSC_CommonFiles_UnitTest.dll" adapterTypeName="executor://mstestadapter/v2" className="zSC_CommonFiles_UnitTest.VideoOS.Common.State.CameraStateManagerTests" name="GetStates_SessionStarted_NoStates" />
    </UnitTest>
    <UnitTest name="SingleCameraGroupMustSetDisplayNameDeletedCameraTextIfItDoesNotExist" storage="d:\actions-runner\_work\xpco\xpco\common\sc_commonfiles\zsc_commonfiles_unittest\bin\debug\net472\zsc_commonfiles_unittest.dll" id="62c465a4-ad44-3be7-a78e-7e91064f29e0">
      <Execution id="067c6ea2-35fc-47c0-8155-821526eda61b" />
      <TestMethod codeBase="D:\actions-runner\_work\XPCO\XPCO\Common\SC_CommonFiles\zSC_CommonFiles_UnitTest\bin\Debug\net472\zSC_CommonFiles_UnitTest.dll" adapterTypeName="executor://mstestadapter/v2" className="zSC_CommonFiles_UnitTest.LocalizationTests" name="SingleCameraGroupMustSetDisplayNameDeletedCameraTextIfItDoesNotExist" />
    </UnitTest>
    <UnitTest name="LoaderCalledWhenDataIsNotInCacheTest" storage="d:\actions-runner\_work\xpco\xpco\common\sc_commonfiles\zsc_commonfiles_unittest\bin\debug\net472\zsc_commonfiles_unittest.dll" id="e7ac6111-62b8-1737-1b08-b5a95b8c801f">
      <Execution id="5c9a4790-da89-41c3-afbe-f782a307d1ec" />
      <TestMethod codeBase="D:\actions-runner\_work\XPCO\XPCO\Common\SC_CommonFiles\zSC_CommonFiles_UnitTest\bin\Debug\net472\zSC_CommonFiles_UnitTest.dll" adapterTypeName="executor://mstestadapter/v2" className="SC_CommonFiles_UnitTest_VideoOS_UI_Common_Data_SequenceRetriever.ThumbFetcherTest" name="LoaderCalledWhenDataIsNotInCacheTest" />
    </UnitTest>
    <UnitTest name="ItemHolderSelectedToggleButton_CheckedChanged" storage="d:\actions-runner\_work\xpco\xpco\common\sc_commonfiles\zsc_commonfiles_unittest\bin\debug\net472\zsc_commonfiles_unittest.dll" id="6149a481-7ba1-ce8d-da96-1adf4aeb4783">
      <TestCategory>
        <TestCategoryItem TestCategory="SC_CommonFiles.WPF.TileLayout" />
      </TestCategory>
      <Execution id="1a87efaf-a812-4213-9372-03ff5e501fb6" />
      <TestMethod codeBase="D:\actions-runner\_work\XPCO\XPCO\Common\SC_CommonFiles\zSC_CommonFiles_UnitTest\bin\Debug\net472\zSC_CommonFiles_UnitTest.dll" adapterTypeName="executor://mstestadapter/v2" className="zSC_CommonFiles_UnitTest.VideoOS.UI.Common.WPF.TileLayout.ItemHolderTest" name="ItemHolderSelectedToggleButton_CheckedChanged" />
    </UnitTest>
    <UnitTest name="Finds_Rule_With_Context" storage="d:\actions-runner\_work\xpco\xpco\common\sc_commonfiles\zsc_commonfiles_unittest\bin\debug\net472\zsc_commonfiles_unittest.dll" id="a0254ac5-3cdd-5371-614b-9e5a2dd1e775">
      <Execution id="c07f705c-9f27-46b7-b8d3-7e56c24bb949" />
      <TestMethod codeBase="D:\actions-runner\_work\XPCO\XPCO\Common\SC_CommonFiles\zSC_CommonFiles_UnitTest\bin\Debug\net472\zSC_CommonFiles_UnitTest.dll" adapterTypeName="executor://mstestadapter/v2" className="zSC_CommonFiles_UnitTest.VideoOS.UI.Common.WPF.Utils.MvvmHelpers.ViewLocatorTest" name="Finds_Rule_With_Context" />
    </UnitTest>
    <UnitTest name="DetermineScaledWindowLocationAndSize_CenterScreen_150Percent_Scaling" storage="d:\actions-runner\_work\xpco\xpco\common\sc_commonfiles\zsc_commonfiles_unittest\bin\debug\net472\zsc_commonfiles_unittest.dll" id="d8e63543-1f0c-4f29-79c8-6459f1072b63">
      <Execution id="877e38a3-e4e8-45c9-9bf6-68d971f3bad2" />
      <TestMethod codeBase="D:\actions-runner\_work\XPCO\XPCO\Common\SC_CommonFiles\zSC_CommonFiles_UnitTest\bin\Debug\net472\zSC_CommonFiles_UnitTest.dll" adapterTypeName="executor://mstestadapter/v2" className="zSC_CommonFiles_UnitTest.VideoOS.UI.Common.WPF.Utils.ExtensionMethods.WindowExtensionsTests" name="DetermineScaledWindowLocationAndSize_CenterScreen_150Percent_Scaling" />
    </UnitTest>
    <UnitTest name="DragRangeMin_NotifyInvoked_Success" storage="d:\actions-runner\_work\xpco\xpco\common\sc_commonfiles\zsc_commonfiles_unittest\bin\debug\net472\zsc_commonfiles_unittest.dll" id="800a71d5-fd75-b55e-d8d0-21c57915ee72">
      <TestCategory>
        <TestCategoryItem TestCategory="RangeSelector" />
      </TestCategory>
      <Execution id="c1579cde-7a10-4424-b6fd-ad4bfc672995" />
      <TestMethod codeBase="D:\actions-runner\_work\XPCO\XPCO\Common\SC_CommonFiles\zSC_CommonFiles_UnitTest\bin\Debug\net472\zSC_CommonFiles_UnitTest.dll" adapterTypeName="executor://mstestadapter/v2" className="VideoOS.UI.Common.WPF.RangeSelector.RangeSelectorTest" name="DragRangeMin_NotifyInvoked_Success" />
    </UnitTest>
    <UnitTest name="SequenceEquals_EqualCollections_RespectOrder_SymmetricalTrueResult" storage="d:\actions-runner\_work\xpco\xpco\common\sc_commonfiles\zsc_commonfiles_unittest\bin\debug\net472\zsc_commonfiles_unittest.dll" id="70585a7d-e8bb-2ea7-4d4d-a7d89c0cc001">
      <Execution id="0308d772-0a2a-4d91-85c3-3370b7ae1c00" />
      <TestMethod codeBase="D:\actions-runner\_work\XPCO\XPCO\Common\SC_CommonFiles\zSC_CommonFiles_UnitTest\bin\Debug\net472\zSC_CommonFiles_UnitTest.dll" adapterTypeName="executor://mstestadapter/v2" className="zSC_CommonFiles_UnitTest.VideoOS.UI.Common.WPF.Utils.ObservableCollectionExtensionTest" name="SequenceEquals_EqualCollections_RespectOrder_SymmetricalTrueResult" />
    </UnitTest>
    <UnitTest name="Constructor_BasicUser_Username_ArgumentNull_Thrown" storage="d:\actions-runner\_work\xpco\xpco\common\sc_commonfiles\zsc_commonfiles_unittest\bin\debug\net472\zsc_commonfiles_unittest.dll" id="810ffc2c-a4d4-e483-e7ec-425382693cc5">
      <Execution id="c81500ed-cfad-4e09-a70d-8d9dfd4a8994" />
      <TestMethod codeBase="D:\actions-runner\_work\XPCO\XPCO\Common\SC_CommonFiles\zSC_CommonFiles_UnitTest\bin\Debug\net472\zSC_CommonFiles_UnitTest.dll" adapterTypeName="executor://mstestadapter/v2" className="zSC_CommonFiles_UnitTest.VideoOS.Common.State.StateHandlerTests" name="Constructor_BasicUser_Username_ArgumentNull_Thrown" />
    </UnitTest>
    <UnitTest name="ItemHolder_MouseDoubleClick_Success" storage="d:\actions-runner\_work\xpco\xpco\common\sc_commonfiles\zsc_commonfiles_unittest\bin\debug\net472\zsc_commonfiles_unittest.dll" id="27329ac4-220b-b901-238d-32a5c22c05d2">
      <TestCategory>
        <TestCategoryItem TestCategory="SC_CommonFiles.WPF.TileLayout" />
      </TestCategory>
      <Execution id="e800dc3f-288d-47e4-a88e-a4d1621f1928" />
      <TestMethod codeBase="D:\actions-runner\_work\XPCO\XPCO\Common\SC_CommonFiles\zSC_CommonFiles_UnitTest\bin\Debug\net472\zSC_CommonFiles_UnitTest.dll" adapterTypeName="executor://mstestadapter/v2" className="zSC_CommonFiles_UnitTest.VideoOS.UI.Common.WPF.TileLayout.TileLayoutTest" name="ItemHolder_MouseDoubleClick_Success" />
    </UnitTest>
    <UnitTest name="ArrangeOverride_1child_EnoughSpace_NotShrunk" storage="d:\actions-runner\_work\xpco\xpco\common\sc_commonfiles\zsc_commonfiles_unittest\bin\debug\net472\zsc_commonfiles_unittest.dll" id="5901b859-8c35-d7a1-4b20-7aa832e2b2ac">
      <TestCategory>
        <TestCategoryItem TestCategory="Controls" />
      </TestCategory>
      <Execution id="360bafa5-3cf3-491d-85ae-db35c4735d91" />
      <TestMethod codeBase="D:\actions-runner\_work\XPCO\XPCO\Common\SC_CommonFiles\zSC_CommonFiles_UnitTest\bin\Debug\net472\zSC_CommonFiles_UnitTest.dll" adapterTypeName="executor://mstestadapter/v2" className="VideoOS.UI.Common.WPF.Controls.HorizontalPanelTests" name="ArrangeOverride_1child_EnoughSpace_NotShrunk" />
    </UnitTest>
    <UnitTest name="ShowCustomizeWindowReturnsIfNoWritePermission" storage="d:\actions-runner\_work\xpco\xpco\common\sc_commonfiles\zsc_commonfiles_unittest\bin\debug\net472\zsc_commonfiles_unittest.dll" id="4f4a64cd-6297-dad0-e258-e2bc655c9f25">
      <Execution id="12666b2e-6ee6-4e4b-8b53-eb41d85a24c2" />
      <TestMethod codeBase="D:\actions-runner\_work\XPCO\XPCO\Common\SC_CommonFiles\zSC_CommonFiles_UnitTest\bin\Debug\net472\zSC_CommonFiles_UnitTest.dll" adapterTypeName="executor://mstestadapter/v2" className="zSC_CommonFiles_UnitTest.DashboardTilesTests" name="ShowCustomizeWindowReturnsIfNoWritePermission" />
    </UnitTest>
    <UnitTest name="SetUnsecureConnectionAllowedForUser_ShouldAddUser_WhenUserIsEmpty" storage="d:\actions-runner\_work\xpco\xpco\common\sc_commonfiles\zsc_commonfiles_unittest\bin\debug\net472\zsc_commonfiles_unittest.dll" id="586aa199-8ad2-c267-31e0-7d856afcab20">
      <Execution id="ee6c5aeb-1b73-4a0b-bc0d-a1fd76f331b0" />
      <TestMethod codeBase="D:\actions-runner\_work\XPCO\XPCO\Common\SC_CommonFiles\zSC_CommonFiles_UnitTest\bin\Debug\net472\zSC_CommonFiles_UnitTest.dll" adapterTypeName="executor://mstestadapter/v2" className="zSC_CommonFiles_UnitTest.VideoOS.Common.Login.UIConnectionInfoTests" name="SetUnsecureConnectionAllowedForUser_ShouldAddUser_WhenUserIsEmpty" />
    </UnitTest>
    <UnitTest name="OnPreviewKeyDown_Shift_Click_Select_FromGreaterIndexToLowerIndex_Success" storage="d:\actions-runner\_work\xpco\xpco\common\sc_commonfiles\zsc_commonfiles_unittest\bin\debug\net472\zsc_commonfiles_unittest.dll" id="3b2d2dcf-dfa8-bcce-057a-1c433d9c6c08">
      <TestCategory>
        <TestCategoryItem TestCategory="SC_CommonFiles.WPF.TileLayout" />
      </TestCategory>
      <Execution id="857758f9-9511-4653-bde7-de800b3db6a1" />
      <TestMethod codeBase="D:\actions-runner\_work\XPCO\XPCO\Common\SC_CommonFiles\zSC_CommonFiles_UnitTest\bin\Debug\net472\zSC_CommonFiles_UnitTest.dll" adapterTypeName="executor://mstestadapter/v2" className="zSC_CommonFiles_UnitTest.VideoOS.UI.Common.WPF.TileLayout.TileLayoutTest" name="OnPreviewKeyDown_Shift_Click_Select_FromGreaterIndexToLowerIndex_Success" />
    </UnitTest>
    <UnitTest name="MouseDown_OverLeftRangeBar_RangeMaxUpdated" storage="d:\actions-runner\_work\xpco\xpco\common\sc_commonfiles\zsc_commonfiles_unittest\bin\debug\net472\zsc_commonfiles_unittest.dll" id="fb8d16f8-d393-a6c5-f7cb-47543546127a">
      <TestCategory>
        <TestCategoryItem TestCategory="RangeSelector" />
      </TestCategory>
      <Execution id="b46ca9bb-9ab1-4bd8-80b4-6c68ee303ea8" />
      <TestMethod codeBase="D:\actions-runner\_work\XPCO\XPCO\Common\SC_CommonFiles\zSC_CommonFiles_UnitTest\bin\Debug\net472\zSC_CommonFiles_UnitTest.dll" adapterTypeName="executor://mstestadapter/v2" className="VideoOS.UI.Common.WPF.RangeSelector.RangeSelectorTest" name="MouseDown_OverLeftRangeBar_RangeMaxUpdated" />
    </UnitTest>
    <UnitTest name="StartServerStates_Success_WithUpdate" storage="d:\actions-runner\_work\xpco\xpco\common\sc_commonfiles\zsc_commonfiles_unittest\bin\debug\net472\zsc_commonfiles_unittest.dll" id="bf5e8c22-a26b-18f1-1802-acbe936c6160">
      <Execution id="0a0e265a-9397-44b1-b415-043edb189f70" />
      <TestMethod codeBase="D:\actions-runner\_work\XPCO\XPCO\Common\SC_CommonFiles\zSC_CommonFiles_UnitTest\bin\Debug\net472\zSC_CommonFiles_UnitTest.dll" adapterTypeName="executor://mstestadapter/v2" className="zSC_CommonFiles_UnitTest.VideoOS.Common.State.StateHandlerTests" name="StartServerStates_Success_WithUpdate" />
    </UnitTest>
    <UnitTest name="FontUpCommand_ShouldIncreaseFontForSelectedSlide" storage="d:\actions-runner\_work\xpco\xpco\common\sc_commonfiles\zsc_commonfiles_unittest\bin\debug\net472\zsc_commonfiles_unittest.dll" id="c1622c67-8934-6098-5c3f-000e90cb0bbf">
      <Execution id="a501f7cc-fea9-4935-b8d4-0d7eea4e02e1" />
      <TestMethod codeBase="D:\actions-runner\_work\XPCO\XPCO\Common\SC_CommonFiles\zSC_CommonFiles_UnitTest\bin\Debug\net472\zSC_CommonFiles_UnitTest.dll" adapterTypeName="executor://mstestadapter/v2" className="zSC_CommonFiles_UnitTest.VideoOS.UI.Common.WPF.VideoText.VideoTextWindowViewModelTests" name="FontUpCommand_ShouldIncreaseFontForSelectedSlide" />
    </UnitTest>
    <UnitTest name="Ctor_MaxIdleTimeBeforeCleanupMoreThanAllowed_TimerNotEnabled" storage="d:\actions-runner\_work\xpco\xpco\common\sc_commonfiles\zsc_commonfiles_unittest\bin\debug\net472\zsc_commonfiles_unittest.dll" id="9512ba48-0839-7f8e-1a51-7ed8079ac71a">
      <Execution id="f64523b3-4901-4772-80fe-d7b1ccab15f8" />
      <TestMethod codeBase="D:\actions-runner\_work\XPCO\XPCO\Common\SC_CommonFiles\zSC_CommonFiles_UnitTest\bin\Debug\net472\zSC_CommonFiles_UnitTest.dll" adapterTypeName="executor://mstestadapter/v2" className="VideoOS.UI.Common.WPF.Utils.RecyclingFactory.RecyclingFactoryTests" name="Ctor_MaxIdleTimeBeforeCleanupMoreThanAllowed_TimerNotEnabled" />
    </UnitTest>
    <UnitTest name="ColumnDefinition_ToString_Success" storage="d:\actions-runner\_work\xpco\xpco\common\sc_commonfiles\zsc_commonfiles_unittest\bin\debug\net472\zsc_commonfiles_unittest.dll" id="cf3d443f-6dec-a121-7292-16e5d1c821cc">
      <TestCategory>
        <TestCategoryItem TestCategory="SC_CommonFiles.WPF.TileLayout" />
      </TestCategory>
      <Execution id="279d1083-37de-41e9-bdbe-b770151b8dca" />
      <TestMethod codeBase="D:\actions-runner\_work\XPCO\XPCO\Common\SC_CommonFiles\zSC_CommonFiles_UnitTest\bin\Debug\net472\zSC_CommonFiles_UnitTest.dll" adapterTypeName="executor://mstestadapter/v2" className="zSC_CommonFiles_UnitTest.VideoOS.UI.Common.WPF.TileLayout.TileLayoutTest" name="ColumnDefinition_ToString_Success" />
    </UnitTest>
    <UnitTest name="DeleteTileThrowsIfTileNotInBox" storage="d:\actions-runner\_work\xpco\xpco\common\sc_commonfiles\zsc_commonfiles_unittest\bin\debug\net472\zsc_commonfiles_unittest.dll" id="e7fe4176-e00b-74b7-50f4-595529010ad0">
      <Execution id="f38880d2-0bde-46ee-b59a-1ac49d6b22d5" />
      <TestMethod codeBase="D:\actions-runner\_work\XPCO\XPCO\Common\SC_CommonFiles\zSC_CommonFiles_UnitTest\bin\Debug\net472\zSC_CommonFiles_UnitTest.dll" adapterTypeName="executor://mstestadapter/v2" className="zSC_CommonFiles_UnitTest.DashboardTilesTests" name="DeleteTileThrowsIfTileNotInBox" />
    </UnitTest>
    <UnitTest name="ArrangeOverride__3child_2of3MustShrink__2of3AreShrunkEqually" storage="d:\actions-runner\_work\xpco\xpco\common\sc_commonfiles\zsc_commonfiles_unittest\bin\debug\net472\zsc_commonfiles_unittest.dll" id="a54e380b-42dc-d3a2-3d9d-8dd53d65fcd3">
      <TestCategory>
        <TestCategoryItem TestCategory="Controls" />
      </TestCategory>
      <Execution id="c45e67d8-d413-47f5-b289-1b68d46a4f39" />
      <TestMethod codeBase="D:\actions-runner\_work\XPCO\XPCO\Common\SC_CommonFiles\zSC_CommonFiles_UnitTest\bin\Debug\net472\zSC_CommonFiles_UnitTest.dll" adapterTypeName="executor://mstestadapter/v2" className="VideoOS.UI.Common.WPF.Controls.HorizontalPanelTests" name="ArrangeOverride__3child_2of3MustShrink__2of3AreShrunkEqually" />
    </UnitTest>
    <UnitTest name="GetStates_NoSessionStarted_NewSession" storage="d:\actions-runner\_work\xpco\xpco\common\sc_commonfiles\zsc_commonfiles_unittest\bin\debug\net472\zsc_commonfiles_unittest.dll" id="66e703e4-29de-a4c7-8c30-1bc7e1752b2f">
      <Execution id="a917d436-2857-4615-aff3-95084c924d15" />
      <TestMethod codeBase="D:\actions-runner\_work\XPCO\XPCO\Common\SC_CommonFiles\zSC_CommonFiles_UnitTest\bin\Debug\net472\zSC_CommonFiles_UnitTest.dll" adapterTypeName="executor://mstestadapter/v2" className="zSC_CommonFiles_UnitTest.VideoOS.Common.State.CameraStateManagerTests" name="GetStates_NoSessionStarted_NewSession" />
    </UnitTest>
    <UnitTest name="GetItemUserControl_Success" storage="d:\actions-runner\_work\xpco\xpco\common\sc_commonfiles\zsc_commonfiles_unittest\bin\debug\net472\zsc_commonfiles_unittest.dll" id="6a5073ae-b067-17a6-9c6f-959cad372ca7">
      <TestCategory>
        <TestCategoryItem TestCategory="SC_CommonFiles.WPF.TileLayout" />
      </TestCategory>
      <Execution id="1acae39a-29ea-4f57-9b2d-c3bbb4644e3d" />
      <TestMethod codeBase="D:\actions-runner\_work\XPCO\XPCO\Common\SC_CommonFiles\zSC_CommonFiles_UnitTest\bin\Debug\net472\zSC_CommonFiles_UnitTest.dll" adapterTypeName="executor://mstestadapter/v2" className="zSC_CommonFiles_UnitTest.VideoOS.UI.Common.WPF.TileLayout.TileLayoutTest" name="GetItemUserControl_Success" />
    </UnitTest>
    <UnitTest name="AuthenticationWindows_SetName_Throws_InvalidOperationException" storage="d:\actions-runner\_work\xpco\xpco\common\sc_commonfiles\zsc_commonfiles_unittest\bin\debug\net472\zsc_commonfiles_unittest.dll" id="70718e81-81f4-db7d-389b-91346f649480">
      <TestCategory>
        <TestCategoryItem TestCategory="AuthenticationInfoTests" />
      </TestCategory>
      <Execution id="15ce4401-3d83-4b5f-ac51-29501b3d1cef" />
      <TestMethod codeBase="D:\actions-runner\_work\XPCO\XPCO\Common\SC_CommonFiles\zSC_CommonFiles_UnitTest\bin\Debug\net472\zSC_CommonFiles_UnitTest.dll" adapterTypeName="executor://mstestadapter/v2" className="zSC_CommonFiles_UnitTest.VideoOS.Common.Login.AuthenticationInfoTests" name="AuthenticationWindows_SetName_Throws_InvalidOperationException" />
    </UnitTest>
    <UnitTest name="OnPreviewKeyDown_Shift_Click_Select_ChangeSelection_Success" storage="d:\actions-runner\_work\xpco\xpco\common\sc_commonfiles\zsc_commonfiles_unittest\bin\debug\net472\zsc_commonfiles_unittest.dll" id="7f0c527e-e0ba-a3e5-7988-c20f8f846917">
      <TestCategory>
        <TestCategoryItem TestCategory="SC_CommonFiles.WPF.TileLayout" />
      </TestCategory>
      <Execution id="837543eb-2b98-462b-89d0-7232809ce7a3" />
      <TestMethod codeBase="D:\actions-runner\_work\XPCO\XPCO\Common\SC_CommonFiles\zSC_CommonFiles_UnitTest\bin\Debug\net472\zSC_CommonFiles_UnitTest.dll" adapterTypeName="executor://mstestadapter/v2" className="zSC_CommonFiles_UnitTest.VideoOS.UI.Common.WPF.TileLayout.TileLayoutTest" name="OnPreviewKeyDown_Shift_Click_Select_ChangeSelection_Success" />
    </UnitTest>
    <UnitTest name="IsUnsecureConnectionAllowedForUser_ShouldReturnTrue_WhenAllowUnsecureSetToAllowed" storage="d:\actions-runner\_work\xpco\xpco\common\sc_commonfiles\zsc_commonfiles_unittest\bin\debug\net472\zsc_commonfiles_unittest.dll" id="187b12dc-8a8d-a2dd-a376-a830b72404bd">
      <Execution id="450d1128-3740-4e67-ac19-3b6b7700a37f" />
      <TestMethod codeBase="D:\actions-runner\_work\XPCO\XPCO\Common\SC_CommonFiles\zSC_CommonFiles_UnitTest\bin\Debug\net472\zSC_CommonFiles_UnitTest.dll" adapterTypeName="executor://mstestadapter/v2" className="zSC_CommonFiles_UnitTest.VideoOS.Common.Login.UIConnectionInfoTests" name="IsUnsecureConnectionAllowedForUser_ShouldReturnTrue_WhenAllowUnsecureSetToAllowed" />
    </UnitTest>
    <UnitTest name="MouseLeftButtonUp_ShouldReleaseMouseCapture_WhenInvokingSingleClickHandlerDelayed" storage="d:\actions-runner\_work\xpco\xpco\common\sc_commonfiles\zsc_commonfiles_unittest\bin\debug\net472\zsc_commonfiles_unittest.dll" id="1b91abd4-9b99-9dc8-e442-fa99a1f0e332">
      <Execution id="f3b869db-48f1-49a1-b125-abd37456a6ee" />
      <TestMethod codeBase="D:\actions-runner\_work\XPCO\XPCO\Common\SC_CommonFiles\zSC_CommonFiles_UnitTest\bin\Debug\net472\zSC_CommonFiles_UnitTest.dll" adapterTypeName="executor://mstestadapter/v2" className="zSC_CommonFiles_UnitTest.VideoOS.UI.Common.WPF.Behaviors.MouseInputBehaviorTests" name="MouseLeftButtonUp_ShouldReleaseMouseCapture_WhenInvokingSingleClickHandlerDelayed" />
    </UnitTest>
    <UnitTest name="GetLocalizedTextThrowsIfTypeDoesNotHaveLocalizedText" storage="d:\actions-runner\_work\xpco\xpco\common\sc_commonfiles\zsc_commonfiles_unittest\bin\debug\net472\zsc_commonfiles_unittest.dll" id="6405a933-f1c3-2d9d-c133-14524337831d">
      <Execution id="783dfcbf-2f53-44a5-b49a-7438a327c777" />
      <TestMethod codeBase="D:\actions-runner\_work\XPCO\XPCO\Common\SC_CommonFiles\zSC_CommonFiles_UnitTest\bin\Debug\net472\zSC_CommonFiles_UnitTest.dll" adapterTypeName="executor://mstestadapter/v2" className="zSC_CommonFiles_UnitTest.LocalizationTests" name="GetLocalizedTextThrowsIfTypeDoesNotHaveLocalizedText" />
    </UnitTest>
    <UnitTest name="StartServerStates_CommunicationException_DoubledSleepDuration" storage="d:\actions-runner\_work\xpco\xpco\common\sc_commonfiles\zsc_commonfiles_unittest\bin\debug\net472\zsc_commonfiles_unittest.dll" id="b4b9ceca-0f9b-2f70-098f-b833aa83e26b">
      <Execution id="3f591888-52c5-4ad3-a009-a1a3e320a16b" />
      <TestMethod codeBase="D:\actions-runner\_work\XPCO\XPCO\Common\SC_CommonFiles\zSC_CommonFiles_UnitTest\bin\Debug\net472\zSC_CommonFiles_UnitTest.dll" adapterTypeName="executor://mstestadapter/v2" className="zSC_CommonFiles_UnitTest.VideoOS.Common.State.StateHandlerTests" name="StartServerStates_CommunicationException_DoubledSleepDuration" />
    </UnitTest>
    <UnitTest name="RoundToMinute_Nearest" storage="d:\actions-runner\_work\xpco\xpco\common\sc_commonfiles\zsc_commonfiles_unittest\bin\debug\net472\zsc_commonfiles_unittest.dll" id="4f9e68da-d964-48d6-9d3b-7273107c43bc">
      <Execution id="dc9ddd69-f25b-4d7b-b1cc-c151c0cbac09" />
      <TestMethod codeBase="D:\actions-runner\_work\XPCO\XPCO\Common\SC_CommonFiles\zSC_CommonFiles_UnitTest\bin\Debug\net472\zSC_CommonFiles_UnitTest.dll" adapterTypeName="executor://mstestadapter/v2" className="zSC_CommonFiles_UnitTest.VideoOS.UI.Common.WPF.Utils.ExtensionMethods.TimeSpanExtensionsTests" name="RoundToMinute_Nearest" />
    </UnitTest>
    <UnitTest name="IntersectsWithTest" storage="d:\actions-runner\_work\xpco\xpco\common\sc_commonfiles\zsc_commonfiles_unittest\bin\debug\net472\zsc_commonfiles_unittest.dll" id="d3834f26-d7ff-018a-555c-a0be35190a28">
      <Execution id="18ffbd6d-8348-4794-bf24-dc1ecd0397ed" />
      <TestMethod codeBase="D:\actions-runner\_work\XPCO\XPCO\Common\SC_CommonFiles\zSC_CommonFiles_UnitTest\bin\Debug\net472\zSC_CommonFiles_UnitTest.dll" adapterTypeName="executor://mstestadapter/v2" className="SmartClient_UnitTest_VideoOS_UI_Common_WPF_Timeline.TimeIntervalTest" name="IntersectsWithTest" />
    </UnitTest>
    <UnitTest name="RoundToMillisecond_Up" storage="d:\actions-runner\_work\xpco\xpco\common\sc_commonfiles\zsc_commonfiles_unittest\bin\debug\net472\zsc_commonfiles_unittest.dll" id="61b1c2a4-89cd-5144-7bf8-430d589649be">
      <Execution id="f5450af9-5951-4ab1-aa80-43f369566b5c" />
      <TestMethod codeBase="D:\actions-runner\_work\XPCO\XPCO\Common\SC_CommonFiles\zSC_CommonFiles_UnitTest\bin\Debug\net472\zSC_CommonFiles_UnitTest.dll" adapterTypeName="executor://mstestadapter/v2" className="zSC_CommonFiles_UnitTest.VideoOS.UI.Common.WPF.Utils.ExtensionMethods.DateTimeExtensionsTests" name="RoundToMillisecond_Up" />
    </UnitTest>
    <UnitTest name="RoundToMillisecond_Nearest" storage="d:\actions-runner\_work\xpco\xpco\common\sc_commonfiles\zsc_commonfiles_unittest\bin\debug\net472\zsc_commonfiles_unittest.dll" id="4a3a4767-2fcd-8cd1-559f-f87bde132fcc">
      <Execution id="a9124168-1518-41e1-9327-6b005679f6be" />
      <TestMethod codeBase="D:\actions-runner\_work\XPCO\XPCO\Common\SC_CommonFiles\zSC_CommonFiles_UnitTest\bin\Debug\net472\zSC_CommonFiles_UnitTest.dll" adapterTypeName="executor://mstestadapter/v2" className="zSC_CommonFiles_UnitTest.VideoOS.UI.Common.WPF.Utils.ExtensionMethods.DateTimeExtensionsTests" name="RoundToMillisecond_Nearest" />
    </UnitTest>
    <UnitTest name="AuthenticationWindowsDefault_SetName_Throws_InvalidOperationException" storage="d:\actions-runner\_work\xpco\xpco\common\sc_commonfiles\zsc_commonfiles_unittest\bin\debug\net472\zsc_commonfiles_unittest.dll" id="75b02970-aa24-70a3-87c6-08d86ea85974">
      <TestCategory>
        <TestCategoryItem TestCategory="AuthenticationInfoTests" />
      </TestCategory>
      <Execution id="837b57d3-d6f9-4ed2-ab2e-49a27395c5f8" />
      <TestMethod codeBase="D:\actions-runner\_work\XPCO\XPCO\Common\SC_CommonFiles\zSC_CommonFiles_UnitTest\bin\Debug\net472\zSC_CommonFiles_UnitTest.dll" adapterTypeName="executor://mstestadapter/v2" className="zSC_CommonFiles_UnitTest.VideoOS.Common.Login.AuthenticationInfoTests" name="AuthenticationWindowsDefault_SetName_Throws_InvalidOperationException" />
    </UnitTest>
    <UnitTest name="OnPreviewKeyDown_PageDown_Success" storage="d:\actions-runner\_work\xpco\xpco\common\sc_commonfiles\zsc_commonfiles_unittest\bin\debug\net472\zsc_commonfiles_unittest.dll" id="286237b8-58c5-8f71-48e4-5e1734d0ac85">
      <TestCategory>
        <TestCategoryItem TestCategory="SC_CommonFiles.WPF.TileLayout" />
      </TestCategory>
      <Execution id="5e49950a-915b-4467-b128-25e3f5ecc58b" />
      <TestMethod codeBase="D:\actions-runner\_work\XPCO\XPCO\Common\SC_CommonFiles\zSC_CommonFiles_UnitTest\bin\Debug\net472\zSC_CommonFiles_UnitTest.dll" adapterTypeName="executor://mstestadapter/v2" className="zSC_CommonFiles_UnitTest.VideoOS.UI.Common.WPF.TileLayout.TileLayoutTest" name="OnPreviewKeyDown_PageDown_Success" />
    </UnitTest>
    <UnitTest name="GetStates_SessionStarted_WithStates" storage="d:\actions-runner\_work\xpco\xpco\common\sc_commonfiles\zsc_commonfiles_unittest\bin\debug\net472\zsc_commonfiles_unittest.dll" id="6302655b-61c8-7b0f-1cb8-2a78b11ff788">
      <Execution id="475c7267-0099-4afb-8e67-3e1f7ed7dfa1" />
      <TestMethod codeBase="D:\actions-runner\_work\XPCO\XPCO\Common\SC_CommonFiles\zSC_CommonFiles_UnitTest\bin\Debug\net472\zSC_CommonFiles_UnitTest.dll" adapterTypeName="executor://mstestadapter/v2" className="zSC_CommonFiles_UnitTest.VideoOS.Common.State.CameraStateManagerTests" name="GetStates_SessionStarted_WithStates" />
    </UnitTest>
    <UnitTest name="DismissAllToasts_MultipleToasts_Success" storage="d:\actions-runner\_work\xpco\xpco\common\sc_commonfiles\zsc_commonfiles_unittest\bin\debug\net472\zsc_commonfiles_unittest.dll" id="98166cc9-e914-f13d-508c-30c89f0ae058">
      <TestCategory>
        <TestCategoryItem TestCategory="Toasts" />
      </TestCategory>
      <Execution id="0033aeef-231e-492f-a6b3-ad268cb17acf" />
      <TestMethod codeBase="D:\actions-runner\_work\XPCO\XPCO\Common\SC_CommonFiles\zSC_CommonFiles_UnitTest\bin\Debug\net472\zSC_CommonFiles_UnitTest.dll" adapterTypeName="executor://mstestadapter/v2" className="VideoOS.UI.Common.WPF.Toast.ToastManagerTests" name="DismissAllToasts_MultipleToasts_Success" />
    </UnitTest>
    <UnitTest name="MouseLeftButtonUp_ShouldNotInvokeClickHandlerAfterDelay_WhenNoDoubleClickIsDetectedAndMouseIsNotDirectlyOver" storage="d:\actions-runner\_work\xpco\xpco\common\sc_commonfiles\zsc_commonfiles_unittest\bin\debug\net472\zsc_commonfiles_unittest.dll" id="a77657a1-a493-b15e-b5c4-9e5ce796a8ee">
      <Execution id="9d387aba-0c75-4dcb-ab94-a815d2f161e2" />
      <TestMethod codeBase="D:\actions-runner\_work\XPCO\XPCO\Common\SC_CommonFiles\zSC_CommonFiles_UnitTest\bin\Debug\net472\zSC_CommonFiles_UnitTest.dll" adapterTypeName="executor://mstestadapter/v2" className="zSC_CommonFiles_UnitTest.VideoOS.UI.Common.WPF.Behaviors.MouseInputBehaviorTests" name="MouseLeftButtonUp_ShouldNotInvokeClickHandlerAfterDelay_WhenNoDoubleClickIsDetectedAndMouseIsNotDirectlyOver" />
    </UnitTest>
    <UnitTest name="GetBoolValueOrDefault_KeyFound_ValueReturned" storage="d:\actions-runner\_work\xpco\xpco\common\sc_commonfiles\zsc_commonfiles_unittest\bin\debug\net472\zsc_commonfiles_unittest.dll" id="0b0e0ad1-c995-9403-bc1c-5f3fb5cc273a">
      <Execution id="ffcee717-0460-4187-bb84-d6a52b543660" />
      <TestMethod codeBase="D:\actions-runner\_work\XPCO\XPCO\Common\SC_CommonFiles\zSC_CommonFiles_UnitTest\bin\Debug\net472\zSC_CommonFiles_UnitTest.dll" adapterTypeName="executor://mstestadapter/v2" className="zSC_CommonFiles_UnitTest.VideoOS.Common.Configuration.NameValueCollectionExtensionsTest" name="GetBoolValueOrDefault_KeyFound_ValueReturned" />
    </UnitTest>
    <UnitTest name="TooltipServiceWarning_Failover_LocalAuthorizationError" storage="d:\actions-runner\_work\xpco\xpco\common\sc_commonfiles\zsc_commonfiles_unittest\bin\debug\net472\zsc_commonfiles_unittest.dll" id="441a4176-3f9e-7fdb-d742-3ee7574fadc4">
      <Execution id="3d59260b-44f9-4d7c-b985-291ec3c97334" />
      <TestMethod codeBase="D:\actions-runner\_work\XPCO\XPCO\Common\SC_CommonFiles\zSC_CommonFiles_UnitTest\bin\Debug\net472\zSC_CommonFiles_UnitTest.dll" adapterTypeName="executor://mstestadapter/v2" className="zSC_CommonFiles_UnitTest.VideoOS.UI.Common.WPF.Dashboard.Types.ServerTest" name="TooltipServiceWarning_Failover_LocalAuthorizationError" />
    </UnitTest>
    <UnitTest name="GetIntValueOrDefault_WrongKeyValue_DefaultValueReturned" storage="d:\actions-runner\_work\xpco\xpco\common\sc_commonfiles\zsc_commonfiles_unittest\bin\debug\net472\zsc_commonfiles_unittest.dll" id="45ce53b6-2a00-442b-a6cc-32488dfaae90">
      <Execution id="f638cb33-37db-4a22-af78-c0ea468ff7b0" />
      <TestMethod codeBase="D:\actions-runner\_work\XPCO\XPCO\Common\SC_CommonFiles\zSC_CommonFiles_UnitTest\bin\Debug\net472\zSC_CommonFiles_UnitTest.dll" adapterTypeName="executor://mstestadapter/v2" className="zSC_CommonFiles_UnitTest.VideoOS.Common.Configuration.NameValueCollectionExtensionsTest" name="GetIntValueOrDefault_WrongKeyValue_DefaultValueReturned" />
    </UnitTest>
    <UnitTest name="Stop_ThreadsStopped" storage="d:\actions-runner\_work\xpco\xpco\common\sc_commonfiles\zsc_commonfiles_unittest\bin\debug\net472\zsc_commonfiles_unittest.dll" id="8381658d-9fd6-1774-072f-49899bddfa46">
      <Execution id="e899d595-2b7a-49ea-a1e1-09adfff04aef" />
      <TestMethod codeBase="D:\actions-runner\_work\XPCO\XPCO\Common\SC_CommonFiles\zSC_CommonFiles_UnitTest\bin\Debug\net472\zSC_CommonFiles_UnitTest.dll" adapterTypeName="executor://mstestadapter/v2" className="zSC_CommonFiles_UnitTest.VideoOS.Common.State.StateHandlerTests" name="Stop_ThreadsStopped" />
    </UnitTest>
    <UnitTest name="MouseHover_OverSelectionRange_IsMouseOverRangeBar_IsTrue" storage="d:\actions-runner\_work\xpco\xpco\common\sc_commonfiles\zsc_commonfiles_unittest\bin\debug\net472\zsc_commonfiles_unittest.dll" id="cbe296a6-601b-dd72-bc79-8548a0abe9dd">
      <TestCategory>
        <TestCategoryItem TestCategory="RangeSelector" />
      </TestCategory>
      <Execution id="a1501b43-b136-4e58-ac33-5bc6b3e8f770" />
      <TestMethod codeBase="D:\actions-runner\_work\XPCO\XPCO\Common\SC_CommonFiles\zSC_CommonFiles_UnitTest\bin\Debug\net472\zSC_CommonFiles_UnitTest.dll" adapterTypeName="executor://mstestadapter/v2" className="VideoOS.UI.Common.WPF.RangeSelector.RangeSelectorTest" name="MouseHover_OverSelectionRange_IsMouseOverRangeBar_IsTrue" />
    </UnitTest>
    <UnitTest name="TileStateMaintainsDefinedStateAsLongAsAtLeastOneCurrentStateIsDefined" storage="d:\actions-runner\_work\xpco\xpco\common\sc_commonfiles\zsc_commonfiles_unittest\bin\debug\net472\zsc_commonfiles_unittest.dll" id="096497aa-f877-ca92-6ca3-eb3764bf4357">
      <Execution id="2ffcf4b4-d82c-4bdd-8671-bde299424ca4" />
      <TestMethod codeBase="D:\actions-runner\_work\XPCO\XPCO\Common\SC_CommonFiles\zSC_CommonFiles_UnitTest\bin\Debug\net472\zSC_CommonFiles_UnitTest.dll" adapterTypeName="executor://mstestadapter/v2" className="zSC_CommonFiles_UnitTest.DashboardTilesTests" name="TileStateMaintainsDefinedStateAsLongAsAtLeastOneCurrentStateIsDefined" />
    </UnitTest>
    <UnitTest name="SequenceEqualIgnoreOrder_EqualCollectionsOrderedDifferently_IgnoreOrder_SymmetricalTrueResult" storage="d:\actions-runner\_work\xpco\xpco\common\sc_commonfiles\zsc_commonfiles_unittest\bin\debug\net472\zsc_commonfiles_unittest.dll" id="1eb83994-41a5-06de-d18f-7e1407514b78">
      <Execution id="681ffce4-bfe4-4b57-8a8e-444348539fa2" />
      <TestMethod codeBase="D:\actions-runner\_work\XPCO\XPCO\Common\SC_CommonFiles\zSC_CommonFiles_UnitTest\bin\Debug\net472\zSC_CommonFiles_UnitTest.dll" adapterTypeName="executor://mstestadapter/v2" className="zSC_CommonFiles_UnitTest.VideoOS.UI.Common.WPF.Utils.ExtensionMethods.IEnumerableExtensionTests" name="SequenceEqualIgnoreOrder_EqualCollectionsOrderedDifferently_IgnoreOrder_SymmetricalTrueResult" />
    </UnitTest>
    <UnitTest name="MouseHover_OverRangeBarAndThumbs_IsMouseOverRangeBar_IsTrue" storage="d:\actions-runner\_work\xpco\xpco\common\sc_commonfiles\zsc_commonfiles_unittest\bin\debug\net472\zsc_commonfiles_unittest.dll" id="62aebf56-249e-bb4c-3c75-70b7badd4f85">
      <TestCategory>
        <TestCategoryItem TestCategory="RangeSelector" />
      </TestCategory>
      <Execution id="48297e8a-bf06-4138-9b40-bf6efae20573" />
      <TestMethod codeBase="D:\actions-runner\_work\XPCO\XPCO\Common\SC_CommonFiles\zSC_CommonFiles_UnitTest\bin\Debug\net472\zSC_CommonFiles_UnitTest.dll" adapterTypeName="executor://mstestadapter/v2" className="VideoOS.UI.Common.WPF.RangeSelector.RangeSelectorTest" name="MouseHover_OverRangeBarAndThumbs_IsMouseOverRangeBar_IsTrue" />
    </UnitTest>
    <UnitTest name="TryGetIntValue_KeyNotFound_ReturnFalse" storage="d:\actions-runner\_work\xpco\xpco\common\sc_commonfiles\zsc_commonfiles_unittest\bin\debug\net472\zsc_commonfiles_unittest.dll" id="d3857317-63e0-c190-44d9-5fb025d72a80">
      <Execution id="0c72e559-175e-432b-aad2-2525d3a79402" />
      <TestMethod codeBase="D:\actions-runner\_work\XPCO\XPCO\Common\SC_CommonFiles\zSC_CommonFiles_UnitTest\bin\Debug\net472\zSC_CommonFiles_UnitTest.dll" adapterTypeName="executor://mstestadapter/v2" className="zSC_CommonFiles_UnitTest.VideoOS.Common.Configuration.NameValueCollectionExtensionsTest" name="TryGetIntValue_KeyNotFound_ReturnFalse" />
    </UnitTest>
    <UnitTest name="ShowMultipleToasts_Success" storage="d:\actions-runner\_work\xpco\xpco\common\sc_commonfiles\zsc_commonfiles_unittest\bin\debug\net472\zsc_commonfiles_unittest.dll" id="f2effcb5-d303-005d-6682-8ccbac2c3bbc">
      <TestCategory>
        <TestCategoryItem TestCategory="Toasts" />
      </TestCategory>
      <Execution id="f6d65070-cd12-4116-a255-bea9afc4097f" />
      <TestMethod codeBase="D:\actions-runner\_work\XPCO\XPCO\Common\SC_CommonFiles\zSC_CommonFiles_UnitTest\bin\Debug\net472\zSC_CommonFiles_UnitTest.dll" adapterTypeName="executor://mstestadapter/v2" className="zSC_CommonFiles_UnitTest.VideoOS.UI.Common.WPF.Toast.ToastsViewModelTests" name="ShowMultipleToasts_Success" />
    </UnitTest>
    <UnitTest name="IntersectWithTest" storage="d:\actions-runner\_work\xpco\xpco\common\sc_commonfiles\zsc_commonfiles_unittest\bin\debug\net472\zsc_commonfiles_unittest.dll" id="bcf043e2-e23c-d4b1-e8df-ddcfaf2c6564">
      <Execution id="ac0fc66b-f945-422a-ab26-10418d50c8db" />
      <TestMethod codeBase="D:\actions-runner\_work\XPCO\XPCO\Common\SC_CommonFiles\zSC_CommonFiles_UnitTest\bin\Debug\net472\zSC_CommonFiles_UnitTest.dll" adapterTypeName="executor://mstestadapter/v2" className="SmartClient_UnitTest_VideoOS_UI_Common_WPF_Timeline.TimeIntervalTest" name="IntersectWithTest" />
    </UnitTest>
    <UnitTest name="TickFrequenceSet_GreaterThanMax_ValueValidatedAndUpdated" storage="d:\actions-runner\_work\xpco\xpco\common\sc_commonfiles\zsc_commonfiles_unittest\bin\debug\net472\zsc_commonfiles_unittest.dll" id="31287f75-c0f1-e036-018c-5c569b7613eb">
      <TestCategory>
        <TestCategoryItem TestCategory="RangeSelector" />
      </TestCategory>
      <Execution id="32e1ec46-0882-48cd-a6c9-da91eebf0183" />
      <TestMethod codeBase="D:\actions-runner\_work\XPCO\XPCO\Common\SC_CommonFiles\zSC_CommonFiles_UnitTest\bin\Debug\net472\zSC_CommonFiles_UnitTest.dll" adapterTypeName="executor://mstestadapter/v2" className="VideoOS.UI.Common.WPF.RangeSelector.RangeSelectorTest" name="TickFrequenceSet_GreaterThanMax_ValueValidatedAndUpdated" />
    </UnitTest>
    <UnitTest name="FormsControlScaledHeight_100Percent_Scaling" storage="d:\actions-runner\_work\xpco\xpco\common\sc_commonfiles\zsc_commonfiles_unittest\bin\debug\net472\zsc_commonfiles_unittest.dll" id="e959378d-d0fd-4d49-0362-8d51b28a1ec4">
      <Execution id="6bcfaacb-35c5-4c0d-98ac-cc78f4809643" />
      <TestMethod codeBase="D:\actions-runner\_work\XPCO\XPCO\Common\SC_CommonFiles\zSC_CommonFiles_UnitTest\bin\Debug\net472\zSC_CommonFiles_UnitTest.dll" adapterTypeName="executor://mstestadapter/v2" className="zSC_CommonFiles_UnitTest.VideoOS.UI.Common.WPF.Utils.ExtensionMethods.WindowExtensionsTests" name="FormsControlScaledHeight_100Percent_Scaling" />
    </UnitTest>
    <UnitTest name="AuthenticationExternal_CopyConstructor_Success" storage="d:\actions-runner\_work\xpco\xpco\common\sc_commonfiles\zsc_commonfiles_unittest\bin\debug\net472\zsc_commonfiles_unittest.dll" id="5ec2fd00-c7ca-4cee-7758-7801f820c473">
      <TestCategory>
        <TestCategoryItem TestCategory="AuthenticationInfoTests" />
      </TestCategory>
      <Execution id="b495b17b-6f8a-467f-b372-1db50a43e0cb" />
      <TestMethod codeBase="D:\actions-runner\_work\XPCO\XPCO\Common\SC_CommonFiles\zSC_CommonFiles_UnitTest\bin\Debug\net472\zSC_CommonFiles_UnitTest.dll" adapterTypeName="executor://mstestadapter/v2" className="zSC_CommonFiles_UnitTest.VideoOS.Common.Login.AuthenticationInfoTests" name="AuthenticationExternal_CopyConstructor_Success" />
    </UnitTest>
    <UnitTest name="RemoveRange_FewItems_SuccessWithResetNotification" storage="d:\actions-runner\_work\xpco\xpco\common\sc_commonfiles\zsc_commonfiles_unittest\bin\debug\net472\zsc_commonfiles_unittest.dll" id="52a29049-9c8e-815e-36f6-b6f14de4f7c1">
      <TestCategory>
        <TestCategoryItem TestCategory="SC_CommonFiles.WPF" />
      </TestCategory>
      <Execution id="1005d6f5-2333-4801-bef2-02632e720afc" />
      <TestMethod codeBase="D:\actions-runner\_work\XPCO\XPCO\Common\SC_CommonFiles\zSC_CommonFiles_UnitTest\bin\Debug\net472\zSC_CommonFiles_UnitTest.dll" adapterTypeName="executor://mstestadapter/v2" className="zSC_CommonFiles_UnitTest.VideoOS.UI.Common.WPF.ObservableCollections.BulkObservableCollectionTests" name="RemoveRange_FewItems_SuccessWithResetNotification" />
    </UnitTest>
    <UnitTest name="DetermineScaledWindowLocationAndSize_150Percent_Scaling" storage="d:\actions-runner\_work\xpco\xpco\common\sc_commonfiles\zsc_commonfiles_unittest\bin\debug\net472\zsc_commonfiles_unittest.dll" id="d321e896-1c35-b87a-a0b5-276c58a0218b">
      <Execution id="96f48bed-c4ab-4618-a07a-6f3a88840211" />
      <TestMethod codeBase="D:\actions-runner\_work\XPCO\XPCO\Common\SC_CommonFiles\zSC_CommonFiles_UnitTest\bin\Debug\net472\zSC_CommonFiles_UnitTest.dll" adapterTypeName="executor://mstestadapter/v2" className="zSC_CommonFiles_UnitTest.VideoOS.UI.Common.WPF.Utils.ExtensionMethods.WindowExtensionsTests" name="DetermineScaledWindowLocationAndSize_150Percent_Scaling" />
    </UnitTest>
    <UnitTest name="OnPreviewKeyDown_Right_Success" storage="d:\actions-runner\_work\xpco\xpco\common\sc_commonfiles\zsc_commonfiles_unittest\bin\debug\net472\zsc_commonfiles_unittest.dll" id="0a8ef08d-9dbb-9ec8-d4a3-65f99078cd81">
      <TestCategory>
        <TestCategoryItem TestCategory="SC_CommonFiles.WPF.TileLayout" />
      </TestCategory>
      <Execution id="f0fe3490-e626-479f-abdf-bd9109ec2113" />
      <TestMethod codeBase="D:\actions-runner\_work\XPCO\XPCO\Common\SC_CommonFiles\zSC_CommonFiles_UnitTest\bin\Debug\net472\zSC_CommonFiles_UnitTest.dll" adapterTypeName="executor://mstestadapter/v2" className="zSC_CommonFiles_UnitTest.VideoOS.UI.Common.WPF.TileLayout.TileLayoutTest" name="OnPreviewKeyDown_Right_Success" />
    </UnitTest>
    <UnitTest name="TileStateMustRemainUnchangedByHostOnlineAndServiceAvailableStateChanges" storage="d:\actions-runner\_work\xpco\xpco\common\sc_commonfiles\zsc_commonfiles_unittest\bin\debug\net472\zsc_commonfiles_unittest.dll" id="bad298ac-94ba-545f-f256-1e42ffa5b7b5">
      <Execution id="683403c5-4e1b-4fe4-906f-264b5b762c3f" />
      <TestMethod codeBase="D:\actions-runner\_work\XPCO\XPCO\Common\SC_CommonFiles\zSC_CommonFiles_UnitTest\bin\Debug\net472\zSC_CommonFiles_UnitTest.dll" adapterTypeName="executor://mstestadapter/v2" className="zSC_CommonFiles_UnitTest.DashboardTilesTests" name="TileStateMustRemainUnchangedByHostOnlineAndServiceAvailableStateChanges" />
    </UnitTest>
    <UnitTest name="GetDoubleValueOrDefault_WrongKeyValue_DefaultValueReturned" storage="d:\actions-runner\_work\xpco\xpco\common\sc_commonfiles\zsc_commonfiles_unittest\bin\debug\net472\zsc_commonfiles_unittest.dll" id="14a1f95e-78fa-735f-e1e1-62755f5e4ea3">
      <Execution id="02e3fad8-a604-4acc-84eb-fbbf92572a44" />
      <TestMethod codeBase="D:\actions-runner\_work\XPCO\XPCO\Common\SC_CommonFiles\zSC_CommonFiles_UnitTest\bin\Debug\net472\zSC_CommonFiles_UnitTest.dll" adapterTypeName="executor://mstestadapter/v2" className="zSC_CommonFiles_UnitTest.VideoOS.Common.Configuration.NameValueCollectionExtensionsTest" name="GetDoubleValueOrDefault_WrongKeyValue_DefaultValueReturned" />
    </UnitTest>
    <UnitTest name="Convert_RespectMinValue_Success" storage="d:\actions-runner\_work\xpco\xpco\common\sc_commonfiles\zsc_commonfiles_unittest\bin\debug\net472\zsc_commonfiles_unittest.dll" id="213635e5-649b-5c44-aecd-050b59df7240">
      <TestCategory>
        <TestCategoryItem TestCategory="Converters" />
      </TestCategory>
      <Execution id="2d479d26-ffab-48c9-9d2d-d02e8b0932e8" />
      <TestMethod codeBase="D:\actions-runner\_work\XPCO\XPCO\Common\SC_CommonFiles\zSC_CommonFiles_UnitTest\bin\Debug\net472\zSC_CommonFiles_UnitTest.dll" adapterTypeName="executor://mstestadapter/v2" className="VideoOS.UI.Common.WPF.Utils.Converters.OffsetConverterTests" name="Convert_RespectMinValue_Success" />
    </UnitTest>
    <UnitTest name="ExtensionBeginInvokeNoParamTest" storage="d:\actions-runner\_work\xpco\xpco\common\sc_commonfiles\zsc_commonfiles_unittest\bin\debug\net472\zsc_commonfiles_unittest.dll" id="57b6d097-e9d6-3704-ff59-5ba052e3b406">
      <Execution id="937dfb9b-fb2b-48a6-94b5-2575e0b3f5d6" />
      <TestMethod codeBase="D:\actions-runner\_work\XPCO\XPCO\Common\SC_CommonFiles\zSC_CommonFiles_UnitTest\bin\Debug\net472\zSC_CommonFiles_UnitTest.dll" adapterTypeName="executor://mstestadapter/v2" className="SmartClient_UnitTest.VideoOS.UI.Common.WPF.Utils.Threading.DispatcherExtensionsTest" name="ExtensionBeginInvokeNoParamTest" />
    </UnitTest>
    <UnitTest name="Convert_ShouldReturnEqualOrLessString_WhenValueIsEqualToThreshold" storage="d:\actions-runner\_work\xpco\xpco\common\sc_commonfiles\zsc_commonfiles_unittest\bin\debug\net472\zsc_commonfiles_unittest.dll" id="c5d5c0bb-f780-e550-d703-b15880279a9f">
      <Execution id="c0ece335-315b-4d78-9339-d6d609d29435" />
      <TestMethod codeBase="D:\actions-runner\_work\XPCO\XPCO\Common\SC_CommonFiles\zSC_CommonFiles_UnitTest\bin\Debug\net472\zSC_CommonFiles_UnitTest.dll" adapterTypeName="executor://mstestadapter/v2" className="zSC_CommonFiles_UnitTest.VideoOS.UI.Common.WPF.Utils.Converters.CountToStringConverterTests" name="Convert_ShouldReturnEqualOrLessString_WhenValueIsEqualToThreshold" />
    </UnitTest>
    <UnitTest name="ArrangeOverride__6child_AllMustShrinkAndRestore__AllAreShrunkAndRestored" storage="d:\actions-runner\_work\xpco\xpco\common\sc_commonfiles\zsc_commonfiles_unittest\bin\debug\net472\zsc_commonfiles_unittest.dll" id="133cb637-1f14-da6d-6e37-6a27375b1670">
      <TestCategory>
        <TestCategoryItem TestCategory="Controls" />
      </TestCategory>
      <Execution id="1c32a024-af31-4315-a7ec-0245e9be6f0d" />
      <TestMethod codeBase="D:\actions-runner\_work\XPCO\XPCO\Common\SC_CommonFiles\zSC_CommonFiles_UnitTest\bin\Debug\net472\zSC_CommonFiles_UnitTest.dll" adapterTypeName="executor://mstestadapter/v2" className="VideoOS.UI.Common.WPF.Controls.HorizontalPanelTests" name="ArrangeOverride__6child_AllMustShrinkAndRestore__AllAreShrunkAndRestored" />
    </UnitTest>
    <UnitTest name="DownTileSwapsPositionsOfTileAndSuccessor" storage="d:\actions-runner\_work\xpco\xpco\common\sc_commonfiles\zsc_commonfiles_unittest\bin\debug\net472\zsc_commonfiles_unittest.dll" id="31fd8fc3-155f-83fd-baeb-6572fbd4102c">
      <Execution id="44187acf-9d0a-4b2f-9436-cd15c0b0c8c1" />
      <TestMethod codeBase="D:\actions-runner\_work\XPCO\XPCO\Common\SC_CommonFiles\zSC_CommonFiles_UnitTest\bin\Debug\net472\zSC_CommonFiles_UnitTest.dll" adapterTypeName="executor://mstestadapter/v2" className="zSC_CommonFiles_UnitTest.DashboardTilesTests" name="DownTileSwapsPositionsOfTileAndSuccessor" />
    </UnitTest>
    <UnitTest name="SaveToFile_ShouldSaveAllowUnsecureConnection_WhenAllowUnsecureSetToTrueAndServerEntryDoesNotExistInXml" storage="d:\actions-runner\_work\xpco\xpco\common\sc_commonfiles\zsc_commonfiles_unittest\bin\debug\net472\zsc_commonfiles_unittest.dll" id="a0a697d6-c6a3-5a08-d701-7b26e299e138">
      <Execution id="2c02d912-7bbd-45fd-85ab-3c93b9286de6" />
      <TestMethod codeBase="D:\actions-runner\_work\XPCO\XPCO\Common\SC_CommonFiles\zSC_CommonFiles_UnitTest\bin\Debug\net472\zSC_CommonFiles_UnitTest.dll" adapterTypeName="executor://mstestadapter/v2" className="zSC_CommonFiles_UnitTest.VideoOS.Common.Login.UIConnectionInfoTests" name="SaveToFile_ShouldSaveAllowUnsecureConnection_WhenAllowUnsecureSetToTrueAndServerEntryDoesNotExistInXml" />
    </UnitTest>
    <UnitTest name="Convert_WithOffset_Success" storage="d:\actions-runner\_work\xpco\xpco\common\sc_commonfiles\zsc_commonfiles_unittest\bin\debug\net472\zsc_commonfiles_unittest.dll" id="b65ce05c-91af-c3db-9a3c-440082baa61d">
      <TestCategory>
        <TestCategoryItem TestCategory="Converters" />
      </TestCategory>
      <Execution id="a588ceb5-8b22-41ab-b503-d7fe632752b4" />
      <TestMethod codeBase="D:\actions-runner\_work\XPCO\XPCO\Common\SC_CommonFiles\zSC_CommonFiles_UnitTest\bin\Debug\net472\zSC_CommonFiles_UnitTest.dll" adapterTypeName="executor://mstestadapter/v2" className="VideoOS.UI.Common.WPF.Utils.Converters.OffsetConverterTests" name="Convert_WithOffset_Success" />
    </UnitTest>
    <UnitTest name="Partial_Updating_Works" storage="d:\actions-runner\_work\xpco\xpco\common\sc_commonfiles\zsc_commonfiles_unittest\bin\debug\net472\zsc_commonfiles_unittest.dll" id="192bc75c-0987-6d84-ba23-75d2871c7fb0">
      <Execution id="c96f1fa0-b746-426b-8a03-b7668d147c63" />
      <TestMethod codeBase="D:\actions-runner\_work\XPCO\XPCO\Common\SC_CommonFiles\zSC_CommonFiles_UnitTest\bin\Debug\net472\zSC_CommonFiles_UnitTest.dll" adapterTypeName="executor://mstestadapter/v2" className="zSC_CommonFiles_UnitTest.VideoOS.UI.Common.WPF.Utils.ObservableCollectionExtensionTest" name="Partial_Updating_Works" />
    </UnitTest>
    <UnitTest name="SmartSearchFilterValue_Serialize_Success" storage="d:\actions-runner\_work\xpco\xpco\common\sc_commonfiles\zsc_commonfiles_unittest\bin\debug\net472\zsc_commonfiles_unittest.dll" id="fe19cce5-cc9d-9aa6-e44d-fbae8d8bb129">
      <TestCategory>
        <TestCategoryItem TestCategory="Search.FilterValues" />
      </TestCategory>
      <Execution id="f636f76c-efa0-4369-8390-509c76a29bf2" />
      <TestMethod codeBase="D:\actions-runner\_work\XPCO\XPCO\Common\SC_CommonFiles\zSC_CommonFiles_UnitTest\bin\Debug\net472\zSC_CommonFiles_UnitTest.dll" adapterTypeName="executor://mstestadapter/v2" className="zSC_CommonFiles_UnitTest.VideoOS.UI.Common.Data.SmartSearch.SmartSearchFilterValueTests" name="SmartSearchFilterValue_Serialize_Success" />
    </UnitTest>
    <UnitTest name="MouseLeftButtonUp_ShouldInvokeClickHandlerAfterDelay_WhenNoDoubleClickIsDetectedAndMouseIsDirectlyOver" storage="d:\actions-runner\_work\xpco\xpco\common\sc_commonfiles\zsc_commonfiles_unittest\bin\debug\net472\zsc_commonfiles_unittest.dll" id="b452384b-46c9-9d28-fc42-8e46ec09f689">
      <Execution id="f1c581d5-ea72-4f71-a638-807899d4c85a" />
      <TestMethod codeBase="D:\actions-runner\_work\XPCO\XPCO\Common\SC_CommonFiles\zSC_CommonFiles_UnitTest\bin\Debug\net472\zSC_CommonFiles_UnitTest.dll" adapterTypeName="executor://mstestadapter/v2" className="zSC_CommonFiles_UnitTest.VideoOS.UI.Common.WPF.Behaviors.MouseInputBehaviorTests" name="MouseLeftButtonUp_ShouldInvokeClickHandlerAfterDelay_WhenNoDoubleClickIsDetectedAndMouseIsDirectlyOver" />
    </UnitTest>
    <UnitTest name="RoundToHour_Nearest" storage="d:\actions-runner\_work\xpco\xpco\common\sc_commonfiles\zsc_commonfiles_unittest\bin\debug\net472\zsc_commonfiles_unittest.dll" id="e47e5959-0404-6a12-bb2e-be035056d2fc">
      <Execution id="70a9aaef-380d-4a9c-b397-f3ec2dc705c4" />
      <TestMethod codeBase="D:\actions-runner\_work\XPCO\XPCO\Common\SC_CommonFiles\zSC_CommonFiles_UnitTest\bin\Debug\net472\zSC_CommonFiles_UnitTest.dll" adapterTypeName="executor://mstestadapter/v2" className="zSC_CommonFiles_UnitTest.VideoOS.UI.Common.WPF.Utils.ExtensionMethods.TimeSpanExtensionsTests" name="RoundToHour_Nearest" />
    </UnitTest>
    <UnitTest name="MeasureOverride_3childEnoughSpaceNoSpacing_Shrunk" storage="d:\actions-runner\_work\xpco\xpco\common\sc_commonfiles\zsc_commonfiles_unittest\bin\debug\net472\zsc_commonfiles_unittest.dll" id="86511367-20e7-9ea5-808a-c86846f8f9e3">
      <TestCategory>
        <TestCategoryItem TestCategory="Controls" />
      </TestCategory>
      <Execution id="1697cce4-d4eb-46cb-b272-7056e705ab99" />
      <TestMethod codeBase="D:\actions-runner\_work\XPCO\XPCO\Common\SC_CommonFiles\zSC_CommonFiles_UnitTest\bin\Debug\net472\zSC_CommonFiles_UnitTest.dll" adapterTypeName="executor://mstestadapter/v2" className="VideoOS.UI.Common.WPF.Controls.HorizontalPanelTests" name="MeasureOverride_3childEnoughSpaceNoSpacing_Shrunk" />
    </UnitTest>
    <UnitTest name="RoundToHour_RoundUp" storage="d:\actions-runner\_work\xpco\xpco\common\sc_commonfiles\zsc_commonfiles_unittest\bin\debug\net472\zsc_commonfiles_unittest.dll" id="6bf27e89-1adf-d0e5-6e64-45ecd4ed017f">
      <Execution id="66544122-a820-447d-979e-86639d38fa59" />
      <TestMethod codeBase="D:\actions-runner\_work\XPCO\XPCO\Common\SC_CommonFiles\zSC_CommonFiles_UnitTest\bin\Debug\net472\zSC_CommonFiles_UnitTest.dll" adapterTypeName="executor://mstestadapter/v2" className="zSC_CommonFiles_UnitTest.VideoOS.UI.Common.WPF.Utils.ExtensionMethods.TimeSpanExtensionsTests" name="RoundToHour_RoundUp" />
    </UnitTest>
    <UnitTest name="SequenceEqualIgnoreOrder_NullCollection_IgnoreOrder_FalseResult" storage="d:\actions-runner\_work\xpco\xpco\common\sc_commonfiles\zsc_commonfiles_unittest\bin\debug\net472\zsc_commonfiles_unittest.dll" id="4f39f42c-bd61-1d3b-a9d4-94ed188e9ad5">
      <Execution id="2fa8755d-b40d-4cf8-8400-21ab495680cd" />
      <TestMethod codeBase="D:\actions-runner\_work\XPCO\XPCO\Common\SC_CommonFiles\zSC_CommonFiles_UnitTest\bin\Debug\net472\zSC_CommonFiles_UnitTest.dll" adapterTypeName="executor://mstestadapter/v2" className="zSC_CommonFiles_UnitTest.VideoOS.UI.Common.WPF.Utils.ExtensionMethods.IEnumerableExtensionTests" name="SequenceEqualIgnoreOrder_NullCollection_IgnoreOrder_FalseResult" />
    </UnitTest>
    <UnitTest name="GetIntValueOrDefault_KeyFound_ValueReturned" storage="d:\actions-runner\_work\xpco\xpco\common\sc_commonfiles\zsc_commonfiles_unittest\bin\debug\net472\zsc_commonfiles_unittest.dll" id="bb96e440-92b4-1c31-95b5-59b0e4d11807">
      <Execution id="c1d28842-c5ac-4b1d-bccf-36813d46e367" />
      <TestMethod codeBase="D:\actions-runner\_work\XPCO\XPCO\Common\SC_CommonFiles\zSC_CommonFiles_UnitTest\bin\Debug\net472\zSC_CommonFiles_UnitTest.dll" adapterTypeName="executor://mstestadapter/v2" className="zSC_CommonFiles_UnitTest.VideoOS.Common.Configuration.NameValueCollectionExtensionsTest" name="GetIntValueOrDefault_KeyFound_ValueReturned" />
    </UnitTest>
    <UnitTest name="Ctor_CreateAndClose_Success" storage="d:\actions-runner\_work\xpco\xpco\common\sc_commonfiles\zsc_commonfiles_unittest\bin\debug\net472\zsc_commonfiles_unittest.dll" id="4d866a2f-8988-0d70-b30c-379e46401f2f">
      <TestCategory>
        <TestCategoryItem TestCategory="Toasts" />
      </TestCategory>
      <Execution id="eda71b43-bc19-4fbb-8cbe-0935a3a29bc5" />
      <TestMethod codeBase="D:\actions-runner\_work\XPCO\XPCO\Common\SC_CommonFiles\zSC_CommonFiles_UnitTest\bin\Debug\net472\zSC_CommonFiles_UnitTest.dll" adapterTypeName="executor://mstestadapter/v2" className="zSC_CommonFiles_UnitTest.VideoOS.UI.Common.WPF.Toast.ToastsViewModelTests" name="Ctor_CreateAndClose_Success" />
    </UnitTest>
    <UnitTest name="Constructor_BaseServerAddress_ArgumentNull_Thrown" storage="d:\actions-runner\_work\xpco\xpco\common\sc_commonfiles\zsc_commonfiles_unittest\bin\debug\net472\zsc_commonfiles_unittest.dll" id="7cdbbb68-ee89-4d99-8a8b-ff2dfe66aef4">
      <Execution id="c504097a-f3dc-4aaa-bcdb-f0fd6608dc18" />
      <TestMethod codeBase="D:\actions-runner\_work\XPCO\XPCO\Common\SC_CommonFiles\zSC_CommonFiles_UnitTest\bin\Debug\net472\zSC_CommonFiles_UnitTest.dll" adapterTypeName="executor://mstestadapter/v2" className="zSC_CommonFiles_UnitTest.VideoOS.Common.State.StateHandlerTests" name="Constructor_BaseServerAddress_ArgumentNull_Thrown" />
    </UnitTest>
    <UnitTest name="OnPreviewKeyDown_End_Success" storage="d:\actions-runner\_work\xpco\xpco\common\sc_commonfiles\zsc_commonfiles_unittest\bin\debug\net472\zsc_commonfiles_unittest.dll" id="9c1495d5-6651-ae8f-908a-bfaa0ece52f3">
      <TestCategory>
        <TestCategoryItem TestCategory="SC_CommonFiles.WPF.TileLayout" />
      </TestCategory>
      <Execution id="33dda639-2258-417b-a099-0fa539161350" />
      <TestMethod codeBase="D:\actions-runner\_work\XPCO\XPCO\Common\SC_CommonFiles\zSC_CommonFiles_UnitTest\bin\Debug\net472\zSC_CommonFiles_UnitTest.dll" adapterTypeName="executor://mstestadapter/v2" className="zSC_CommonFiles_UnitTest.VideoOS.UI.Common.WPF.TileLayout.TileLayoutTest" name="OnPreviewKeyDown_End_Success" />
    </UnitTest>
    <UnitTest name="FormsControlScaledHeight_150Percent_Scaling" storage="d:\actions-runner\_work\xpco\xpco\common\sc_commonfiles\zsc_commonfiles_unittest\bin\debug\net472\zsc_commonfiles_unittest.dll" id="b8e97d03-ef15-901d-1e9d-db40f54cbfb0">
      <Execution id="bbff0e12-f2d9-4fe4-be32-42e61b1a9bf4" />
      <TestMethod codeBase="D:\actions-runner\_work\XPCO\XPCO\Common\SC_CommonFiles\zSC_CommonFiles_UnitTest\bin\Debug\net472\zSC_CommonFiles_UnitTest.dll" adapterTypeName="executor://mstestadapter/v2" className="zSC_CommonFiles_UnitTest.VideoOS.UI.Common.WPF.Utils.ExtensionMethods.WindowExtensionsTests" name="FormsControlScaledHeight_150Percent_Scaling" />
    </UnitTest>
    <UnitTest name="SaveToFile_ShouldNotSaveAllowUnsecureConnection_WhenAllowUnsecureSetToFalse" storage="d:\actions-runner\_work\xpco\xpco\common\sc_commonfiles\zsc_commonfiles_unittest\bin\debug\net472\zsc_commonfiles_unittest.dll" id="4a077e12-b64a-edfe-3b33-7ee47b81322b">
      <Execution id="fbbc90c7-3633-425d-a0bd-86c755f59260" />
      <TestMethod codeBase="D:\actions-runner\_work\XPCO\XPCO\Common\SC_CommonFiles\zSC_CommonFiles_UnitTest\bin\Debug\net472\zSC_CommonFiles_UnitTest.dll" adapterTypeName="executor://mstestadapter/v2" className="zSC_CommonFiles_UnitTest.VideoOS.Common.Login.UIConnectionInfoTests" name="SaveToFile_ShouldNotSaveAllowUnsecureConnection_WhenAllowUnsecureSetToFalse" />
    </UnitTest>
    <UnitTest name="ToastsCanLeaveQueue_Success" storage="d:\actions-runner\_work\xpco\xpco\common\sc_commonfiles\zsc_commonfiles_unittest\bin\debug\net472\zsc_commonfiles_unittest.dll" id="e0165201-5cdb-4323-41c0-fe10a5054fb9">
      <TestCategory>
        <TestCategoryItem TestCategory="Toasts" />
      </TestCategory>
      <Execution id="59124ba9-6927-458a-af1e-eddaba6a3618" />
      <TestMethod codeBase="D:\actions-runner\_work\XPCO\XPCO\Common\SC_CommonFiles\zSC_CommonFiles_UnitTest\bin\Debug\net472\zSC_CommonFiles_UnitTest.dll" adapterTypeName="executor://mstestadapter/v2" className="zSC_CommonFiles_UnitTest.VideoOS.UI.Common.WPF.Toast.ToastsViewModelTests" name="ToastsCanLeaveQueue_Success" />
    </UnitTest>
    <UnitTest name="FormsControlScaledLocationAndSize_NegativePositions_150Percent_Scaling" storage="d:\actions-runner\_work\xpco\xpco\common\sc_commonfiles\zsc_commonfiles_unittest\bin\debug\net472\zsc_commonfiles_unittest.dll" id="13a2427c-e785-ce2d-2d1c-b445eff86f81">
      <Execution id="e233ffa8-1922-45e1-b381-47ae3d3561ec" />
      <TestMethod codeBase="D:\actions-runner\_work\XPCO\XPCO\Common\SC_CommonFiles\zSC_CommonFiles_UnitTest\bin\Debug\net472\zSC_CommonFiles_UnitTest.dll" adapterTypeName="executor://mstestadapter/v2" className="zSC_CommonFiles_UnitTest.VideoOS.UI.Common.WPF.Utils.ExtensionMethods.WindowExtensionsTests" name="FormsControlScaledLocationAndSize_NegativePositions_150Percent_Scaling" />
    </UnitTest>
    <UnitTest name="ArrangeOverride__6child_EnoughSpace__NotShrunk" storage="d:\actions-runner\_work\xpco\xpco\common\sc_commonfiles\zsc_commonfiles_unittest\bin\debug\net472\zsc_commonfiles_unittest.dll" id="d757e934-8867-a54c-c93f-b9b8e2d4f452">
      <TestCategory>
        <TestCategoryItem TestCategory="Controls" />
      </TestCategory>
      <Execution id="38fd5d8f-fc5d-4d31-b321-f1367752dc39" />
      <TestMethod codeBase="D:\actions-runner\_work\XPCO\XPCO\Common\SC_CommonFiles\zSC_CommonFiles_UnitTest\bin\Debug\net472\zSC_CommonFiles_UnitTest.dll" adapterTypeName="executor://mstestadapter/v2" className="VideoOS.UI.Common.WPF.Controls.HorizontalPanelTests" name="ArrangeOverride__6child_EnoughSpace__NotShrunk" />
    </UnitTest>
    <UnitTest name="Convert_WithMultiplier_Success" storage="d:\actions-runner\_work\xpco\xpco\common\sc_commonfiles\zsc_commonfiles_unittest\bin\debug\net472\zsc_commonfiles_unittest.dll" id="f31e5243-90c8-7dae-7404-a3986e0efbe1">
      <TestCategory>
        <TestCategoryItem TestCategory="Converters" />
      </TestCategory>
      <Execution id="5f226a5b-c5ec-484b-87da-ceff11d779ed" />
      <TestMethod codeBase="D:\actions-runner\_work\XPCO\XPCO\Common\SC_CommonFiles\zSC_CommonFiles_UnitTest\bin\Debug\net472\zSC_CommonFiles_UnitTest.dll" adapterTypeName="executor://mstestadapter/v2" className="VideoOS.UI.Common.WPF.Utils.Converters.OffsetConverterTests" name="Convert_WithMultiplier_Success" />
    </UnitTest>
    <UnitTest name="DetermineScaledWindowLocationAndSize_75Percent_Scaling" storage="d:\actions-runner\_work\xpco\xpco\common\sc_commonfiles\zsc_commonfiles_unittest\bin\debug\net472\zsc_commonfiles_unittest.dll" id="d571e5ac-82ed-ebaf-4d14-3695e99fdecf">
      <Execution id="00daba25-1322-48a3-a075-1697b68453f0" />
      <TestMethod codeBase="D:\actions-runner\_work\XPCO\XPCO\Common\SC_CommonFiles\zSC_CommonFiles_UnitTest\bin\Debug\net472\zSC_CommonFiles_UnitTest.dll" adapterTypeName="executor://mstestadapter/v2" className="zSC_CommonFiles_UnitTest.VideoOS.UI.Common.WPF.Utils.ExtensionMethods.WindowExtensionsTests" name="DetermineScaledWindowLocationAndSize_75Percent_Scaling" />
    </UnitTest>
    <UnitTest name="RemoveToast_NonExistingToast_DoesNotCrash" storage="d:\actions-runner\_work\xpco\xpco\common\sc_commonfiles\zsc_commonfiles_unittest\bin\debug\net472\zsc_commonfiles_unittest.dll" id="f9fd199c-9720-ab0c-f9a1-3482c7ab7054">
      <TestCategory>
        <TestCategoryItem TestCategory="Toasts" />
      </TestCategory>
      <Execution id="bb9c12ca-8a87-46ac-9564-1c7c6cc5bc64" />
      <TestMethod codeBase="D:\actions-runner\_work\XPCO\XPCO\Common\SC_CommonFiles\zSC_CommonFiles_UnitTest\bin\Debug\net472\zSC_CommonFiles_UnitTest.dll" adapterTypeName="executor://mstestadapter/v2" className="VideoOS.UI.Common.WPF.Toast.ToastManagerTests" name="RemoveToast_NonExistingToast_DoesNotCrash" />
    </UnitTest>
    <UnitTest name="CompareToTest" storage="d:\actions-runner\_work\xpco\xpco\common\sc_commonfiles\zsc_commonfiles_unittest\bin\debug\net472\zsc_commonfiles_unittest.dll" id="cc3505a4-7232-cc24-3cfe-056b7e73ed2b">
      <Execution id="81c6c54a-c9aa-4f4b-acdd-9cd1856223c7" />
      <TestMethod codeBase="D:\actions-runner\_work\XPCO\XPCO\Common\SC_CommonFiles\zSC_CommonFiles_UnitTest\bin\Debug\net472\zSC_CommonFiles_UnitTest.dll" adapterTypeName="executor://mstestadapter/v2" className="SmartClient_UnitTest_VideoOS_UI_Common_WPF_Timeline.TimeIntervalTest" name="CompareToTest" />
    </UnitTest>
    <UnitTest name="DownTileThrowsIfTileNotInBox" storage="d:\actions-runner\_work\xpco\xpco\common\sc_commonfiles\zsc_commonfiles_unittest\bin\debug\net472\zsc_commonfiles_unittest.dll" id="da038b78-6557-20eb-7b54-2bd092edb693">
      <Execution id="06529d8b-440f-4c35-8f67-c69be77bc40d" />
      <TestMethod codeBase="D:\actions-runner\_work\XPCO\XPCO\Common\SC_CommonFiles\zSC_CommonFiles_UnitTest\bin\Debug\net472\zSC_CommonFiles_UnitTest.dll" adapterTypeName="executor://mstestadapter/v2" className="zSC_CommonFiles_UnitTest.DashboardTilesTests" name="DownTileThrowsIfTileNotInBox" />
    </UnitTest>
    <UnitTest name="AuthenticationWindowsDefault_SetProperties_Success" storage="d:\actions-runner\_work\xpco\xpco\common\sc_commonfiles\zsc_commonfiles_unittest\bin\debug\net472\zsc_commonfiles_unittest.dll" id="da2d2e18-01f0-acb5-e8f2-d394d1e9d5f0">
      <TestCategory>
        <TestCategoryItem TestCategory="AuthenticationInfoTests" />
      </TestCategory>
      <Execution id="d3a7a9ec-b7fa-443c-9217-fb3741030997" />
      <TestMethod codeBase="D:\actions-runner\_work\XPCO\XPCO\Common\SC_CommonFiles\zSC_CommonFiles_UnitTest\bin\Debug\net472\zSC_CommonFiles_UnitTest.dll" adapterTypeName="executor://mstestadapter/v2" className="zSC_CommonFiles_UnitTest.VideoOS.Common.Login.AuthenticationInfoTests" name="AuthenticationWindowsDefault_SetProperties_Success" />
    </UnitTest>
    <UnitTest name="CleanUpShouldBeEnforced" storage="d:\actions-runner\_work\xpco\xpco\common\sc_commonfiles\zsc_commonfiles_unittest\bin\debug\net472\zsc_commonfiles_unittest.dll" id="896a835e-aa00-d5b5-efb0-cae3f484c942">
      <Execution id="6fd297cd-f666-42ee-a354-a0edb8a12d26" />
      <TestMethod codeBase="D:\actions-runner\_work\XPCO\XPCO\Common\SC_CommonFiles\zSC_CommonFiles_UnitTest\bin\Debug\net472\zSC_CommonFiles_UnitTest.dll" adapterTypeName="executor://mstestadapter/v2" className="SC_Common_UnitTest_VideoOS_UI_Common_Data_SequenceRetriever_ThumbCache.ThumbCacheTest" name="CleanUpShouldBeEnforced" />
    </UnitTest>
    <UnitTest name="Constructor_ShouldCreateDefaultSlide_WhenZeroSlidesGiven" storage="d:\actions-runner\_work\xpco\xpco\common\sc_commonfiles\zsc_commonfiles_unittest\bin\debug\net472\zsc_commonfiles_unittest.dll" id="7cbfb0f2-220f-3c70-4132-45e5c8965201">
      <Execution id="b2cea77e-1576-4f63-ae29-e10c28cd4024" />
      <TestMethod codeBase="D:\actions-runner\_work\XPCO\XPCO\Common\SC_CommonFiles\zSC_CommonFiles_UnitTest\bin\Debug\net472\zSC_CommonFiles_UnitTest.dll" adapterTypeName="executor://mstestadapter/v2" className="zSC_CommonFiles_UnitTest.VideoOS.UI.Common.WPF.VideoText.VideoTextWindowViewModelTests" name="Constructor_ShouldCreateDefaultSlide_WhenZeroSlidesGiven" />
    </UnitTest>
    <UnitTest name="SaveToFile_ShouldSaveAllowUnsecureConnection_WhenAllowUnsecureSetToTrueAndNoUserExistsInXml" storage="d:\actions-runner\_work\xpco\xpco\common\sc_commonfiles\zsc_commonfiles_unittest\bin\debug\net472\zsc_commonfiles_unittest.dll" id="968cb0b5-2676-6cd1-05ad-544228943f8e">
      <Execution id="e49713c5-bc26-42fd-ba48-430e59c6c7c3" />
      <TestMethod codeBase="D:\actions-runner\_work\XPCO\XPCO\Common\SC_CommonFiles\zSC_CommonFiles_UnitTest\bin\Debug\net472\zSC_CommonFiles_UnitTest.dll" adapterTypeName="executor://mstestadapter/v2" className="zSC_CommonFiles_UnitTest.VideoOS.Common.Login.UIConnectionInfoTests" name="SaveToFile_ShouldSaveAllowUnsecureConnection_WhenAllowUnsecureSetToTrueAndNoUserExistsInXml" />
    </UnitTest>
    <UnitTest name="StartCameraStates_ThreadInterruptException_DoubledSleepDuration" storage="d:\actions-runner\_work\xpco\xpco\common\sc_commonfiles\zsc_commonfiles_unittest\bin\debug\net472\zsc_commonfiles_unittest.dll" id="7382cb68-b8fd-71d6-f26a-53d5017fec14">
      <Execution id="85c99b02-cbe6-41d3-9f28-230ee6966de9" />
      <TestMethod codeBase="D:\actions-runner\_work\XPCO\XPCO\Common\SC_CommonFiles\zSC_CommonFiles_UnitTest\bin\Debug\net472\zSC_CommonFiles_UnitTest.dll" adapterTypeName="executor://mstestadapter/v2" className="zSC_CommonFiles_UnitTest.VideoOS.Common.State.StateHandlerTests" name="StartCameraStates_ThreadInterruptException_DoubledSleepDuration" />
    </UnitTest>
    <UnitTest name="Constructor_StateSessionHelper_ArgumentNull_Thrown" storage="d:\actions-runner\_work\xpco\xpco\common\sc_commonfiles\zsc_commonfiles_unittest\bin\debug\net472\zsc_commonfiles_unittest.dll" id="81f8c431-ec3f-72e9-977b-252633de4ae4">
      <Execution id="093323d9-8e7e-451c-9e78-1b0c777e31ee" />
      <TestMethod codeBase="D:\actions-runner\_work\XPCO\XPCO\Common\SC_CommonFiles\zSC_CommonFiles_UnitTest\bin\Debug\net472\zSC_CommonFiles_UnitTest.dll" adapterTypeName="executor://mstestadapter/v2" className="zSC_CommonFiles_UnitTest.VideoOS.Common.State.ServerStateManagerTests" name="Constructor_StateSessionHelper_ArgumentNull_Thrown" />
    </UnitTest>
    <UnitTest name="MeasureOverride_3childEnoughSpace_NotShrunk" storage="d:\actions-runner\_work\xpco\xpco\common\sc_commonfiles\zsc_commonfiles_unittest\bin\debug\net472\zsc_commonfiles_unittest.dll" id="fe6a9027-ba74-76b9-9001-ff053b4242c3">
      <TestCategory>
        <TestCategoryItem TestCategory="Controls" />
      </TestCategory>
      <Execution id="d8456ff0-577f-4f4a-9a10-c22a03270c69" />
      <TestMethod codeBase="D:\actions-runner\_work\XPCO\XPCO\Common\SC_CommonFiles\zSC_CommonFiles_UnitTest\bin\Debug\net472\zSC_CommonFiles_UnitTest.dll" adapterTypeName="executor://mstestadapter/v2" className="VideoOS.UI.Common.WPF.Controls.HorizontalPanelTests" name="MeasureOverride_3childEnoughSpace_NotShrunk" />
    </UnitTest>
    <UnitTest name="Ctor_ImmutablePropertiesSet" storage="d:\actions-runner\_work\xpco\xpco\common\sc_commonfiles\zsc_commonfiles_unittest\bin\debug\net472\zsc_commonfiles_unittest.dll" id="01c86469-a2b3-56b4-e415-0f887f533923">
      <TestCategory>
        <TestCategoryItem TestCategory="Toasts" />
      </TestCategory>
      <Execution id="75f14559-c3e2-4023-96cf-f67cc01f3057" />
      <TestMethod codeBase="D:\actions-runner\_work\XPCO\XPCO\Common\SC_CommonFiles\zSC_CommonFiles_UnitTest\bin\Debug\net472\zSC_CommonFiles_UnitTest.dll" adapterTypeName="executor://mstestadapter/v2" className="VideoOS.UI.Common.WPF.Toast.TextToastTests" name="Ctor_ImmutablePropertiesSet" />
    </UnitTest>
    <UnitTest name="MeasureCounters_UpdatesMemoryUsage_WithPercentage" storage="d:\actions-runner\_work\xpco\xpco\common\sc_commonfiles\zsc_commonfiles_unittest\bin\debug\net472\zsc_commonfiles_unittest.dll" id="3d782eb2-1185-1de8-9482-d479e4373af3">
      <Execution id="97865dab-ff3a-470d-b39e-29455febc848" />
      <TestMethod codeBase="D:\actions-runner\_work\XPCO\XPCO\Common\SC_CommonFiles\zSC_CommonFiles_UnitTest\bin\Debug\net472\zSC_CommonFiles_UnitTest.dll" adapterTypeName="executor://mstestadapter/v2" className="zSC_CommonFiles_UnitTest.VideoOS.UI.Common.WPF.ClientDataGathererTests" name="MeasureCounters_UpdatesMemoryUsage_WithPercentage" />
    </UnitTest>
    <UnitTest name="OnPreviewKeyDown_Home_Success" storage="d:\actions-runner\_work\xpco\xpco\common\sc_commonfiles\zsc_commonfiles_unittest\bin\debug\net472\zsc_commonfiles_unittest.dll" id="b68df490-f19b-a1a8-b878-ba437321192c">
      <TestCategory>
        <TestCategoryItem TestCategory="SC_CommonFiles.WPF.TileLayout" />
      </TestCategory>
      <Execution id="4cc71933-6b10-43eb-8751-80c629965210" />
      <TestMethod codeBase="D:\actions-runner\_work\XPCO\XPCO\Common\SC_CommonFiles\zSC_CommonFiles_UnitTest\bin\Debug\net472\zSC_CommonFiles_UnitTest.dll" adapterTypeName="executor://mstestadapter/v2" className="zSC_CommonFiles_UnitTest.VideoOS.UI.Common.WPF.TileLayout.TileLayoutTest" name="OnPreviewKeyDown_Home_Success" />
    </UnitTest>
    <UnitTest name="AddRange_FewItems_SuccessWithSingleNotification" storage="d:\actions-runner\_work\xpco\xpco\common\sc_commonfiles\zsc_commonfiles_unittest\bin\debug\net472\zsc_commonfiles_unittest.dll" id="2d512390-4feb-0be5-34ad-eaab831bb98b">
      <TestCategory>
        <TestCategoryItem TestCategory="SC_CommonFiles.WPF" />
      </TestCategory>
      <Execution id="04a17655-b3ad-4bf6-884b-3776c1023cbe" />
      <TestMethod codeBase="D:\actions-runner\_work\XPCO\XPCO\Common\SC_CommonFiles\zSC_CommonFiles_UnitTest\bin\Debug\net472\zSC_CommonFiles_UnitTest.dll" adapterTypeName="executor://mstestadapter/v2" className="zSC_CommonFiles_UnitTest.VideoOS.UI.Common.WPF.ObservableCollections.BulkObservableCollectionTests" name="AddRange_FewItems_SuccessWithSingleNotification" />
    </UnitTest>
    <UnitTest name="ClearUnsecureConnectionAllowedForUser_ShouldDoNothing_WhenUserDoesNotExist" storage="d:\actions-runner\_work\xpco\xpco\common\sc_commonfiles\zsc_commonfiles_unittest\bin\debug\net472\zsc_commonfiles_unittest.dll" id="b0a63f8f-6af7-a1eb-69e4-87897c177ded">
      <Execution id="ef32413c-b531-4eb4-9066-d6bb10f70881" />
      <TestMethod codeBase="D:\actions-runner\_work\XPCO\XPCO\Common\SC_CommonFiles\zSC_CommonFiles_UnitTest\bin\Debug\net472\zSC_CommonFiles_UnitTest.dll" adapterTypeName="executor://mstestadapter/v2" className="zSC_CommonFiles_UnitTest.VideoOS.Common.Login.UIConnectionInfoTests" name="ClearUnsecureConnectionAllowedForUser_ShouldDoNothing_WhenUserDoesNotExist" />
    </UnitTest>
    <UnitTest name="OnApplyChildClip_Success" storage="d:\actions-runner\_work\xpco\xpco\common\sc_commonfiles\zsc_commonfiles_unittest\bin\debug\net472\zsc_commonfiles_unittest.dll" id="cef7f277-5dc3-b0b8-eda4-af499be481dc">
      <TestCategory>
        <TestCategoryItem TestCategory="SC_CommonFiles.WPF.TileLayout" />
      </TestCategory>
      <Execution id="9d01f80d-0a48-46c7-bbf4-3d28633508f1" />
      <TestMethod codeBase="D:\actions-runner\_work\XPCO\XPCO\Common\SC_CommonFiles\zSC_CommonFiles_UnitTest\bin\Debug\net472\zSC_CommonFiles_UnitTest.dll" adapterTypeName="executor://mstestadapter/v2" className="zSC_CommonFiles_UnitTest.VideoOS.UI.Common.WPF.TileLayout.ItemHolderTest" name="OnApplyChildClip_Success" />
    </UnitTest>
    <UnitTest name="FormsControlScaledLocationAndSize_AnchorLeftAndTop_150Percent_Scaling" storage="d:\actions-runner\_work\xpco\xpco\common\sc_commonfiles\zsc_commonfiles_unittest\bin\debug\net472\zsc_commonfiles_unittest.dll" id="3e5839e2-2685-aaaf-8dd6-2d9da7f4f9a8">
      <Execution id="90d62383-b50b-43cc-b8c9-350a51541cae" />
      <TestMethod codeBase="D:\actions-runner\_work\XPCO\XPCO\Common\SC_CommonFiles\zSC_CommonFiles_UnitTest\bin\Debug\net472\zSC_CommonFiles_UnitTest.dll" adapterTypeName="executor://mstestadapter/v2" className="zSC_CommonFiles_UnitTest.VideoOS.UI.Common.WPF.Utils.ExtensionMethods.WindowExtensionsTests" name="FormsControlScaledLocationAndSize_AnchorLeftAndTop_150Percent_Scaling" />
    </UnitTest>
    <UnitTest name="ToastsCanEnterQueue_Success" storage="d:\actions-runner\_work\xpco\xpco\common\sc_commonfiles\zsc_commonfiles_unittest\bin\debug\net472\zsc_commonfiles_unittest.dll" id="126d2357-7090-a0c3-d4b1-34920ceb72d7">
      <TestCategory>
        <TestCategoryItem TestCategory="Toasts" />
      </TestCategory>
      <Execution id="71772205-aa12-4f0f-b6f7-3fcf71b2562e" />
      <TestMethod codeBase="D:\actions-runner\_work\XPCO\XPCO\Common\SC_CommonFiles\zSC_CommonFiles_UnitTest\bin\Debug\net472\zSC_CommonFiles_UnitTest.dll" adapterTypeName="executor://mstestadapter/v2" className="zSC_CommonFiles_UnitTest.VideoOS.UI.Common.WPF.Toast.ToastsViewModelTests" name="ToastsCanEnterQueue_Success" />
    </UnitTest>
    <UnitTest name="Convert_NoAutomationIdWithFallbackProperty_ReturnsValue" storage="d:\actions-runner\_work\xpco\xpco\common\sc_commonfiles\zsc_commonfiles_unittest\bin\debug\net472\zsc_commonfiles_unittest.dll" id="ed486ee2-750d-c7b9-06cc-eb3021382eda">
      <TestCategory>
        <TestCategoryItem TestCategory="Converters" />
      </TestCategory>
      <Execution id="5ec138f6-8ae4-4ee6-aa42-83fd845023e2" />
      <TestMethod codeBase="D:\actions-runner\_work\XPCO\XPCO\Common\SC_CommonFiles\zSC_CommonFiles_UnitTest\bin\Debug\net472\zSC_CommonFiles_UnitTest.dll" adapterTypeName="executor://mstestadapter/v2" className="VideoOS.UI.Common.WPF.Utils.Converters.AutomationIdConverterTests" name="Convert_NoAutomationIdWithFallbackProperty_ReturnsValue" />
    </UnitTest>
    <UnitTest name="UpTileSwapsPositionsOfTileAndPredecessor" storage="d:\actions-runner\_work\xpco\xpco\common\sc_commonfiles\zsc_commonfiles_unittest\bin\debug\net472\zsc_commonfiles_unittest.dll" id="ff05611d-fdda-b2a8-4bf8-b702f180c253">
      <Execution id="927fae98-0dab-49a7-9aa6-bd812679296c" />
      <TestMethod codeBase="D:\actions-runner\_work\XPCO\XPCO\Common\SC_CommonFiles\zSC_CommonFiles_UnitTest\bin\Debug\net472\zSC_CommonFiles_UnitTest.dll" adapterTypeName="executor://mstestadapter/v2" className="zSC_CommonFiles_UnitTest.DashboardTilesTests" name="UpTileSwapsPositionsOfTileAndPredecessor" />
    </UnitTest>
    <UnitTest name="Changing_The_First_Item_Works" storage="d:\actions-runner\_work\xpco\xpco\common\sc_commonfiles\zsc_commonfiles_unittest\bin\debug\net472\zsc_commonfiles_unittest.dll" id="be742706-2384-ae61-bc11-568bd8c32abe">
      <Execution id="16722865-20a1-47bf-9469-8ddd548793db" />
      <TestMethod codeBase="D:\actions-runner\_work\XPCO\XPCO\Common\SC_CommonFiles\zSC_CommonFiles_UnitTest\bin\Debug\net472\zSC_CommonFiles_UnitTest.dll" adapterTypeName="executor://mstestadapter/v2" className="zSC_CommonFiles_UnitTest.VideoOS.UI.Common.WPF.Utils.ReadOnlyCollectionExtensionsTest" name="Changing_The_First_Item_Works" />
    </UnitTest>
    <UnitTest name="RangeMaxEdit_EnterLargeNumber_EditFieldAutosizedAndAlignedRight" storage="d:\actions-runner\_work\xpco\xpco\common\sc_commonfiles\zsc_commonfiles_unittest\bin\debug\net472\zsc_commonfiles_unittest.dll" id="3a686c1f-b102-e8a9-b329-09a0749c945a">
      <TestCategory>
        <TestCategoryItem TestCategory="RangeSelector" />
      </TestCategory>
      <Execution id="bf85002f-b357-44be-bdb3-8c492d6d17e7" />
      <TestMethod codeBase="D:\actions-runner\_work\XPCO\XPCO\Common\SC_CommonFiles\zSC_CommonFiles_UnitTest\bin\Debug\net472\zSC_CommonFiles_UnitTest.dll" adapterTypeName="executor://mstestadapter/v2" className="VideoOS.UI.Common.WPF.RangeSelector.RangeSelectorTest" name="RangeMaxEdit_EnterLargeNumber_EditFieldAutosizedAndAlignedRight" />
    </UnitTest>
    <UnitTest name="StopsFiringAfterRemove" storage="d:\actions-runner\_work\xpco\xpco\common\sc_commonfiles\zsc_commonfiles_unittest\bin\debug\net472\zsc_commonfiles_unittest.dll" id="3b4e9ba3-5a1a-3d04-7b0a-c75c5f0c3a72">
      <Execution id="305e1b1d-0eba-4564-b8bd-cdbf96518584" />
      <TestMethod codeBase="D:\actions-runner\_work\XPCO\XPCO\Common\SC_CommonFiles\zSC_CommonFiles_UnitTest\bin\Debug\net472\zSC_CommonFiles_UnitTest.dll" adapterTypeName="executor://mstestadapter/v2" className="zSC_CommonFiles_UnitTest.VideoOS.UI.Common.WPF.Utils.WeakEventTests" name="StopsFiringAfterRemove" />
    </UnitTest>
    <UnitTest name="ArrangeOverride__6child_2MustShrink__2AreShrunk" storage="d:\actions-runner\_work\xpco\xpco\common\sc_commonfiles\zsc_commonfiles_unittest\bin\debug\net472\zsc_commonfiles_unittest.dll" id="2ad348ab-ada5-a25f-9253-b563f1c5898f">
      <TestCategory>
        <TestCategoryItem TestCategory="Controls" />
      </TestCategory>
      <Execution id="0510e50f-7886-47c7-97be-ff7c7135363e" />
      <TestMethod codeBase="D:\actions-runner\_work\XPCO\XPCO\Common\SC_CommonFiles\zSC_CommonFiles_UnitTest\bin\Debug\net472\zSC_CommonFiles_UnitTest.dll" adapterTypeName="executor://mstestadapter/v2" className="VideoOS.UI.Common.WPF.Controls.HorizontalPanelTests" name="ArrangeOverride__6child_2MustShrink__2AreShrunk" />
    </UnitTest>
    <UnitTest name="Convert_ShouldReturnGreaterThanString_WhenValueIsDoubleValueGreaterThanThreshold" storage="d:\actions-runner\_work\xpco\xpco\common\sc_commonfiles\zsc_commonfiles_unittest\bin\debug\net472\zsc_commonfiles_unittest.dll" id="2ee2e56d-59f2-3ef3-a9cd-f2fe65fa91af">
      <Execution id="2f5d736c-222a-44c1-bd60-203e7703c484" />
      <TestMethod codeBase="D:\actions-runner\_work\XPCO\XPCO\Common\SC_CommonFiles\zSC_CommonFiles_UnitTest\bin\Debug\net472\zSC_CommonFiles_UnitTest.dll" adapterTypeName="executor://mstestadapter/v2" className="zSC_CommonFiles_UnitTest.VideoOS.UI.Common.WPF.Utils.Converters.CountToStringConverterTests" name="Convert_ShouldReturnGreaterThanString_WhenValueIsDoubleValueGreaterThanThreshold" />
    </UnitTest>
    <UnitTest name="GetStringValueOrDefault_WrongKeyValue_DefaultValueReturned" storage="d:\actions-runner\_work\xpco\xpco\common\sc_commonfiles\zsc_commonfiles_unittest\bin\debug\net472\zsc_commonfiles_unittest.dll" id="6e65f41d-fe2d-ee70-9028-5945410fb292">
      <Execution id="1a0a7f4b-e875-4b26-bfca-b1e7cbe925ba" />
      <TestMethod codeBase="D:\actions-runner\_work\XPCO\XPCO\Common\SC_CommonFiles\zSC_CommonFiles_UnitTest\bin\Debug\net472\zSC_CommonFiles_UnitTest.dll" adapterTypeName="executor://mstestadapter/v2" className="zSC_CommonFiles_UnitTest.VideoOS.Common.Configuration.NameValueCollectionExtensionsTest" name="GetStringValueOrDefault_WrongKeyValue_DefaultValueReturned" />
    </UnitTest>
    <UnitTest name="RoundToMinute_Down" storage="d:\actions-runner\_work\xpco\xpco\common\sc_commonfiles\zsc_commonfiles_unittest\bin\debug\net472\zsc_commonfiles_unittest.dll" id="5a716387-727c-9f4a-576d-c532745d27fc">
      <Execution id="e3772944-62a0-4f4d-afaf-68f4ebcfa9ee" />
      <TestMethod codeBase="D:\actions-runner\_work\XPCO\XPCO\Common\SC_CommonFiles\zSC_CommonFiles_UnitTest\bin\Debug\net472\zSC_CommonFiles_UnitTest.dll" adapterTypeName="executor://mstestadapter/v2" className="zSC_CommonFiles_UnitTest.VideoOS.UI.Common.WPF.Utils.ExtensionMethods.DateTimeExtensionsTests" name="RoundToMinute_Down" />
    </UnitTest>
    <UnitTest name="Convert_SingleValueConverter_ValidValue_Success" storage="d:\actions-runner\_work\xpco\xpco\common\sc_commonfiles\zsc_commonfiles_unittest\bin\debug\net472\zsc_commonfiles_unittest.dll" id="d5c0e485-765d-c99d-60c1-f669baa2c385">
      <Execution id="66a2a4f8-fe97-43ca-891b-db800b0b4f34" />
      <TestMethod codeBase="D:\actions-runner\_work\XPCO\XPCO\Common\SC_CommonFiles\zSC_CommonFiles_UnitTest\bin\Debug\net472\zSC_CommonFiles_UnitTest.dll" adapterTypeName="executor://mstestadapter/v2" className="zSC_CommonFiles_UnitTest.VideoOS.UI.Common.WPF.Utils.Converters.MaxWidthConverterTests" name="Convert_SingleValueConverter_ValidValue_Success" />
    </UnitTest>
    <UnitTest name="OkNewTileThrowsIfNoEventSources" storage="d:\actions-runner\_work\xpco\xpco\common\sc_commonfiles\zsc_commonfiles_unittest\bin\debug\net472\zsc_commonfiles_unittest.dll" id="b986ab05-f3dd-e5e1-b031-20a48d4b9519">
      <Execution id="13765b8e-c0be-4cea-883b-fe182032282b" />
      <TestMethod codeBase="D:\actions-runner\_work\XPCO\XPCO\Common\SC_CommonFiles\zSC_CommonFiles_UnitTest\bin\Debug\net472\zSC_CommonFiles_UnitTest.dll" adapterTypeName="executor://mstestadapter/v2" className="zSC_CommonFiles_UnitTest.DashboardTilesTests" name="OkNewTileThrowsIfNoEventSources" />
    </UnitTest>
    <UnitTest name="DetermineScaledWindowLocationAndSize_AtPosition_150Percent_Scaling" storage="d:\actions-runner\_work\xpco\xpco\common\sc_commonfiles\zsc_commonfiles_unittest\bin\debug\net472\zsc_commonfiles_unittest.dll" id="4542ac08-3156-be6f-f9b6-60fac905db13">
      <Execution id="7cd4c9e9-6f2b-4377-927f-2de4ffa5673a" />
      <TestMethod codeBase="D:\actions-runner\_work\XPCO\XPCO\Common\SC_CommonFiles\zSC_CommonFiles_UnitTest\bin\Debug\net472\zSC_CommonFiles_UnitTest.dll" adapterTypeName="executor://mstestadapter/v2" className="zSC_CommonFiles_UnitTest.VideoOS.UI.Common.WPF.Utils.ExtensionMethods.WindowExtensionsTests" name="DetermineScaledWindowLocationAndSize_AtPosition_150Percent_Scaling" />
    </UnitTest>
    <UnitTest name="SetTheSameCamAndDateTimeTwice" storage="d:\actions-runner\_work\xpco\xpco\common\sc_commonfiles\zsc_commonfiles_unittest\bin\debug\net472\zsc_commonfiles_unittest.dll" id="c3eb088b-e534-d6fa-e2f7-38f7fde309c3">
      <Execution id="b5a3d138-c87f-4aee-bc77-b4e1d0deac52" />
      <TestMethod codeBase="D:\actions-runner\_work\XPCO\XPCO\Common\SC_CommonFiles\zSC_CommonFiles_UnitTest\bin\Debug\net472\zSC_CommonFiles_UnitTest.dll" adapterTypeName="executor://mstestadapter/v2" className="SC_Common_UnitTest_VideoOS_UI_Common_Data_SequenceRetriever_ThumbCache.ThumbCacheTest" name="SetTheSameCamAndDateTimeTwice" />
    </UnitTest>
    <UnitTest name="AllowUnsecureConnection_ShouldBeTrue_WhenNoServerEntryButUserExists" storage="d:\actions-runner\_work\xpco\xpco\common\sc_commonfiles\zsc_commonfiles_unittest\bin\debug\net472\zsc_commonfiles_unittest.dll" id="50b702b0-e703-363d-0b04-619370ec937b">
      <Execution id="f6262e65-6f53-49dd-924a-04f9e04176e5" />
      <TestMethod codeBase="D:\actions-runner\_work\XPCO\XPCO\Common\SC_CommonFiles\zSC_CommonFiles_UnitTest\bin\Debug\net472\zSC_CommonFiles_UnitTest.dll" adapterTypeName="executor://mstestadapter/v2" className="zSC_CommonFiles_UnitTest.VideoOS.Common.Login.UIConnectionInfoTests" name="AllowUnsecureConnection_ShouldBeTrue_WhenNoServerEntryButUserExists" />
    </UnitTest>
    <UnitTest name="DrawControl_NegatigeMinValue_VisualsOK" storage="d:\actions-runner\_work\xpco\xpco\common\sc_commonfiles\zsc_commonfiles_unittest\bin\debug\net472\zsc_commonfiles_unittest.dll" id="ae9f9017-443d-54ba-c5ef-294c75c79e4f">
      <TestCategory>
        <TestCategoryItem TestCategory="RangeSelector" />
      </TestCategory>
      <Execution id="75062ec9-2785-48d3-a923-725f2a5707a9" />
      <TestMethod codeBase="D:\actions-runner\_work\XPCO\XPCO\Common\SC_CommonFiles\zSC_CommonFiles_UnitTest\bin\Debug\net472\zSC_CommonFiles_UnitTest.dll" adapterTypeName="executor://mstestadapter/v2" className="VideoOS.UI.Common.WPF.RangeSelector.RangeSelectorTest" name="DrawControl_NegatigeMinValue_VisualsOK" />
    </UnitTest>
    <UnitTest name="StartCameraStates_CommunicationException_WithCustomLogger_DoubledSleepDuration" storage="d:\actions-runner\_work\xpco\xpco\common\sc_commonfiles\zsc_commonfiles_unittest\bin\debug\net472\zsc_commonfiles_unittest.dll" id="a6bf3e32-69e6-e77a-4075-d39c48232b1d">
      <Execution id="6ee0e4ad-4057-4b51-af8f-06bb814af39a" />
      <TestMethod codeBase="D:\actions-runner\_work\XPCO\XPCO\Common\SC_CommonFiles\zSC_CommonFiles_UnitTest\bin\Debug\net472\zSC_CommonFiles_UnitTest.dll" adapterTypeName="executor://mstestadapter/v2" className="zSC_CommonFiles_UnitTest.VideoOS.Common.State.StateHandlerTests" name="StartCameraStates_CommunicationException_WithCustomLogger_DoubledSleepDuration" />
    </UnitTest>
    <UnitTest name="RemoveFrameworkElementsOverlay_WithUnknownId_ShouldLeaveListsUnchanged" storage="d:\actions-runner\_work\xpco\xpco\common\sc_commonfiles\zsc_commonfiles_unittest\bin\debug\net472\zsc_commonfiles_unittest.dll" id="78d8640f-f64c-e788-cbb5-62b4d5593dba">
      <Execution id="40317140-f704-452c-9a65-d28055e4cfbc" />
      <TestMethod codeBase="D:\actions-runner\_work\XPCO\XPCO\Common\SC_CommonFiles\zSC_CommonFiles_UnitTest\bin\Debug\net472\zSC_CommonFiles_UnitTest.dll" adapterTypeName="executor://mstestadapter/v2" className="zSC_CommonFiles_UnitTest.VideoOS.UI.Common.WPF.VideoPlayer.Model.FrameworkElementsOverlayModelTests" name="RemoveFrameworkElementsOverlay_WithUnknownId_ShouldLeaveListsUnchanged" />
    </UnitTest>
    <UnitTest name="OnPreviewKeyDown_RightCtrl_A_SelectAll_Success" storage="d:\actions-runner\_work\xpco\xpco\common\sc_commonfiles\zsc_commonfiles_unittest\bin\debug\net472\zsc_commonfiles_unittest.dll" id="a4f1aa92-0955-504e-be1f-a783fd5bf664">
      <TestCategory>
        <TestCategoryItem TestCategory="SC_CommonFiles.WPF.TileLayout" />
      </TestCategory>
      <Execution id="2894aef7-9e14-4cf4-8f21-42bf06cd4e87" />
      <TestMethod codeBase="D:\actions-runner\_work\XPCO\XPCO\Common\SC_CommonFiles\zSC_CommonFiles_UnitTest\bin\Debug\net472\zSC_CommonFiles_UnitTest.dll" adapterTypeName="executor://mstestadapter/v2" className="zSC_CommonFiles_UnitTest.VideoOS.UI.Common.WPF.TileLayout.TileLayoutTest" name="OnPreviewKeyDown_RightCtrl_A_SelectAll_Success" />
    </UnitTest>
    <UnitTest name="EmptyConstructor_ShouldCreateDefaultSlide" storage="d:\actions-runner\_work\xpco\xpco\common\sc_commonfiles\zsc_commonfiles_unittest\bin\debug\net472\zsc_commonfiles_unittest.dll" id="c9c040fb-43ed-370d-2782-b2d5defe722d">
      <Execution id="e0a6d847-a174-49c7-b197-9e8def017156" />
      <TestMethod codeBase="D:\actions-runner\_work\XPCO\XPCO\Common\SC_CommonFiles\zSC_CommonFiles_UnitTest\bin\Debug\net472\zSC_CommonFiles_UnitTest.dll" adapterTypeName="executor://mstestadapter/v2" className="zSC_CommonFiles_UnitTest.VideoOS.UI.Common.WPF.VideoText.VideoTextWindowViewModelTests" name="EmptyConstructor_ShouldCreateDefaultSlide" />
    </UnitTest>
    <UnitTest name="GetBoolValueOrDefault_EmptyKeyValue_DefaultValueReturned" storage="d:\actions-runner\_work\xpco\xpco\common\sc_commonfiles\zsc_commonfiles_unittest\bin\debug\net472\zsc_commonfiles_unittest.dll" id="9e8c12e8-27ef-31c9-ca23-5d60c890c874">
      <Execution id="4b7e5b21-58b1-4383-9007-bffd86ccab83" />
      <TestMethod codeBase="D:\actions-runner\_work\XPCO\XPCO\Common\SC_CommonFiles\zSC_CommonFiles_UnitTest\bin\Debug\net472\zSC_CommonFiles_UnitTest.dll" adapterTypeName="executor://mstestadapter/v2" className="zSC_CommonFiles_UnitTest.VideoOS.Common.Configuration.NameValueCollectionExtensionsTest" name="GetBoolValueOrDefault_EmptyKeyValue_DefaultValueReturned" />
    </UnitTest>
    <UnitTest name="TooltipServiceWarning_EmptyServerType" storage="d:\actions-runner\_work\xpco\xpco\common\sc_commonfiles\zsc_commonfiles_unittest\bin\debug\net472\zsc_commonfiles_unittest.dll" id="af1fb9a2-8a78-6d8f-f175-66671f902a9b">
      <Execution id="de76c9d5-c025-410a-8c84-bff8953b35d7" />
      <TestMethod codeBase="D:\actions-runner\_work\XPCO\XPCO\Common\SC_CommonFiles\zSC_CommonFiles_UnitTest\bin\Debug\net472\zSC_CommonFiles_UnitTest.dll" adapterTypeName="executor://mstestadapter/v2" className="zSC_CommonFiles_UnitTest.VideoOS.UI.Common.WPF.Dashboard.Types.ServerTest" name="TooltipServiceWarning_EmptyServerType" />
    </UnitTest>
    <UnitTest name="Create_RecycledItemAlreadyBeingReused_Success" storage="d:\actions-runner\_work\xpco\xpco\common\sc_commonfiles\zsc_commonfiles_unittest\bin\debug\net472\zsc_commonfiles_unittest.dll" id="661c40ac-bb0a-5c56-01a5-d53b34f19b38">
      <Execution id="1456a08e-e77d-49b4-a0a8-3f8f9ba821d2" />
      <TestMethod codeBase="D:\actions-runner\_work\XPCO\XPCO\Common\SC_CommonFiles\zSC_CommonFiles_UnitTest\bin\Debug\net472\zSC_CommonFiles_UnitTest.dll" adapterTypeName="executor://mstestadapter/v2" className="VideoOS.UI.Common.WPF.Utils.RecyclingFactory.RecyclingFactoryTests" name="Create_RecycledItemAlreadyBeingReused_Success" />
    </UnitTest>
    <UnitTest name="Changing_The_Last_Item_Works" storage="d:\actions-runner\_work\xpco\xpco\common\sc_commonfiles\zsc_commonfiles_unittest\bin\debug\net472\zsc_commonfiles_unittest.dll" id="cbb93574-008f-0923-82a1-ea6b8693b1c4">
      <Execution id="68b383e1-91d3-4614-992e-16c7b7cadb11" />
      <TestMethod codeBase="D:\actions-runner\_work\XPCO\XPCO\Common\SC_CommonFiles\zSC_CommonFiles_UnitTest\bin\Debug\net472\zSC_CommonFiles_UnitTest.dll" adapterTypeName="executor://mstestadapter/v2" className="zSC_CommonFiles_UnitTest.VideoOS.UI.Common.WPF.Utils.ReadOnlyCollectionExtensionsTest" name="Changing_The_Last_Item_Works" />
    </UnitTest>
    <UnitTest name="Convert_MultiValueConverter_ValidValues_Success" storage="d:\actions-runner\_work\xpco\xpco\common\sc_commonfiles\zsc_commonfiles_unittest\bin\debug\net472\zsc_commonfiles_unittest.dll" id="959b9c9e-d734-ce8a-a43a-d0fda79ec4d9">
      <Execution id="20c6cbb9-4eee-4737-b4f0-238e29657d44" />
      <TestMethod codeBase="D:\actions-runner\_work\XPCO\XPCO\Common\SC_CommonFiles\zSC_CommonFiles_UnitTest\bin\Debug\net472\zSC_CommonFiles_UnitTest.dll" adapterTypeName="executor://mstestadapter/v2" className="zSC_CommonFiles_UnitTest.VideoOS.UI.Common.WPF.Utils.Converters.MaxWidthConverterTests" name="Convert_MultiValueConverter_ValidValues_Success" />
    </UnitTest>
    <UnitTest name="SequenceEqualIgnoreOrder_EqualCollections_IgnoreOrder_SymmetricalTrueResult" storage="d:\actions-runner\_work\xpco\xpco\common\sc_commonfiles\zsc_commonfiles_unittest\bin\debug\net472\zsc_commonfiles_unittest.dll" id="a295235b-bf9f-1e32-c688-419c5d57596e">
      <Execution id="8390015f-aaea-4083-9010-f2c635668cd9" />
      <TestMethod codeBase="D:\actions-runner\_work\XPCO\XPCO\Common\SC_CommonFiles\zSC_CommonFiles_UnitTest\bin\Debug\net472\zSC_CommonFiles_UnitTest.dll" adapterTypeName="executor://mstestadapter/v2" className="zSC_CommonFiles_UnitTest.VideoOS.UI.Common.WPF.Utils.ExtensionMethods.IEnumerableExtensionTests" name="SequenceEqualIgnoreOrder_EqualCollections_IgnoreOrder_SymmetricalTrueResult" />
    </UnitTest>
    <UnitTest name="TimerOnElapsed_MaxIdleTimeReached_CleanupNotPerformed" storage="d:\actions-runner\_work\xpco\xpco\common\sc_commonfiles\zsc_commonfiles_unittest\bin\debug\net472\zsc_commonfiles_unittest.dll" id="eff56118-333e-58bc-c876-e39cbb7e3925">
      <Execution id="a18e38ed-4101-424b-88b4-30c9b48a196c" />
      <TestMethod codeBase="D:\actions-runner\_work\XPCO\XPCO\Common\SC_CommonFiles\zSC_CommonFiles_UnitTest\bin\Debug\net472\zSC_CommonFiles_UnitTest.dll" adapterTypeName="executor://mstestadapter/v2" className="VideoOS.UI.Common.WPF.Utils.RecyclingFactory.RecyclingFactoryTests" name="TimerOnElapsed_MaxIdleTimeReached_CleanupNotPerformed" />
    </UnitTest>
    <UnitTest name="GetColumnDefinitions_Success" storage="d:\actions-runner\_work\xpco\xpco\common\sc_commonfiles\zsc_commonfiles_unittest\bin\debug\net472\zsc_commonfiles_unittest.dll" id="e04fdc2f-e623-9c34-4386-5fa6abb1dcd4">
      <TestCategory>
        <TestCategoryItem TestCategory="SC_CommonFiles.WPF.TileLayout" />
      </TestCategory>
      <Execution id="ff519526-24c4-498f-a33a-7878459198a7" />
      <TestMethod codeBase="D:\actions-runner\_work\XPCO\XPCO\Common\SC_CommonFiles\zSC_CommonFiles_UnitTest\bin\Debug\net472\zSC_CommonFiles_UnitTest.dll" adapterTypeName="executor://mstestadapter/v2" className="zSC_CommonFiles_UnitTest.VideoOS.UI.Common.WPF.TileLayout.TileLayoutTest" name="GetColumnDefinitions_Success" />
    </UnitTest>
    <UnitTest name="RoundToSecond_Down" storage="d:\actions-runner\_work\xpco\xpco\common\sc_commonfiles\zsc_commonfiles_unittest\bin\debug\net472\zsc_commonfiles_unittest.dll" id="7f7d1819-d3c3-0c1a-31f2-188e1a6b0674">
      <Execution id="bfe9d23d-9074-4b48-a3df-525ad1adaf7a" />
      <TestMethod codeBase="D:\actions-runner\_work\XPCO\XPCO\Common\SC_CommonFiles\zSC_CommonFiles_UnitTest\bin\Debug\net472\zSC_CommonFiles_UnitTest.dll" adapterTypeName="executor://mstestadapter/v2" className="zSC_CommonFiles_UnitTest.VideoOS.UI.Common.WPF.Utils.ExtensionMethods.DateTimeExtensionsTests" name="RoundToSecond_Down" />
    </UnitTest>
    <UnitTest name="Constructor_StateSessionHelperFactory_ArgumentNull_Thrown" storage="d:\actions-runner\_work\xpco\xpco\common\sc_commonfiles\zsc_commonfiles_unittest\bin\debug\net472\zsc_commonfiles_unittest.dll" id="107b14c3-6a21-48da-a917-3a863ef45b45">
      <Execution id="f7e9704c-5eb2-4e96-97ba-0b0e3e01ab31" />
      <TestMethod codeBase="D:\actions-runner\_work\XPCO\XPCO\Common\SC_CommonFiles\zSC_CommonFiles_UnitTest\bin\Debug\net472\zSC_CommonFiles_UnitTest.dll" adapterTypeName="executor://mstestadapter/v2" className="zSC_CommonFiles_UnitTest.VideoOS.Common.State.StateManagerTests" name="Constructor_StateSessionHelperFactory_ArgumentNull_Thrown" />
    </UnitTest>
    <UnitTest name="SelectedItems_Cleanup_Success" storage="d:\actions-runner\_work\xpco\xpco\common\sc_commonfiles\zsc_commonfiles_unittest\bin\debug\net472\zsc_commonfiles_unittest.dll" id="99ffc01d-6d47-54d4-118d-67b642c0d057">
      <TestCategory>
        <TestCategoryItem TestCategory="SC_CommonFiles.WPF.TileLayout" />
      </TestCategory>
      <Execution id="aef9a1cd-4515-4889-b982-416f12174c31" />
      <TestMethod codeBase="D:\actions-runner\_work\XPCO\XPCO\Common\SC_CommonFiles\zSC_CommonFiles_UnitTest\bin\Debug\net472\zSC_CommonFiles_UnitTest.dll" adapterTypeName="executor://mstestadapter/v2" className="zSC_CommonFiles_UnitTest.VideoOS.UI.Common.WPF.TileLayout.TileLayoutTest" name="SelectedItems_Cleanup_Success" />
    </UnitTest>
    <UnitTest name="LoaderIsNotCalledWhenDataIsInCacheTest" storage="d:\actions-runner\_work\xpco\xpco\common\sc_commonfiles\zsc_commonfiles_unittest\bin\debug\net472\zsc_commonfiles_unittest.dll" id="9d6748d3-43a8-fd2d-d4c5-a0b3805774ee">
      <Execution id="158b3ea7-b52b-4e31-b5b5-e4c4f7031c3d" />
      <TestMethod codeBase="D:\actions-runner\_work\XPCO\XPCO\Common\SC_CommonFiles\zSC_CommonFiles_UnitTest\bin\Debug\net472\zSC_CommonFiles_UnitTest.dll" adapterTypeName="executor://mstestadapter/v2" className="SC_CommonFiles_UnitTest_VideoOS_UI_Common_Data_SequenceRetriever.ThumbFetcherTest" name="LoaderIsNotCalledWhenDataIsInCacheTest" />
    </UnitTest>
    <UnitTest name="RemoveToast_ExistingToast_Success" storage="d:\actions-runner\_work\xpco\xpco\common\sc_commonfiles\zsc_commonfiles_unittest\bin\debug\net472\zsc_commonfiles_unittest.dll" id="6ff49ce2-6c5f-2d12-78c5-d9fccb402e88">
      <TestCategory>
        <TestCategoryItem TestCategory="Toasts" />
      </TestCategory>
      <Execution id="008aa098-408d-4204-9bc1-f74e41f9ae1a" />
      <TestMethod codeBase="D:\actions-runner\_work\XPCO\XPCO\Common\SC_CommonFiles\zSC_CommonFiles_UnitTest\bin\Debug\net472\zSC_CommonFiles_UnitTest.dll" adapterTypeName="executor://mstestadapter/v2" className="VideoOS.UI.Common.WPF.Toast.ToastManagerTests" name="RemoveToast_ExistingToast_Success" />
    </UnitTest>
    <UnitTest name="StartCameraStates_TimeoutException_WithCustomLogger_DoubledSleepDuration" storage="d:\actions-runner\_work\xpco\xpco\common\sc_commonfiles\zsc_commonfiles_unittest\bin\debug\net472\zsc_commonfiles_unittest.dll" id="2d494ba4-00f9-0c80-6ff4-27a9065e579d">
      <Execution id="b400553a-6a7b-4512-aa59-3dee05ecf200" />
      <TestMethod codeBase="D:\actions-runner\_work\XPCO\XPCO\Common\SC_CommonFiles\zSC_CommonFiles_UnitTest\bin\Debug\net472\zSC_CommonFiles_UnitTest.dll" adapterTypeName="executor://mstestadapter/v2" className="zSC_CommonFiles_UnitTest.VideoOS.Common.State.StateHandlerTests" name="StartCameraStates_TimeoutException_WithCustomLogger_DoubledSleepDuration" />
    </UnitTest>
    <UnitTest name="TryGetIntValue_WrongKeyValue_ValueReturnedZero" storage="d:\actions-runner\_work\xpco\xpco\common\sc_commonfiles\zsc_commonfiles_unittest\bin\debug\net472\zsc_commonfiles_unittest.dll" id="c6c1a6ca-c551-f84f-b4f7-d3d4f0f2582f">
      <Execution id="aa79d2e4-55f9-4bfb-8ad5-26d97fa2f6e2" />
      <TestMethod codeBase="D:\actions-runner\_work\XPCO\XPCO\Common\SC_CommonFiles\zSC_CommonFiles_UnitTest\bin\Debug\net472\zSC_CommonFiles_UnitTest.dll" adapterTypeName="executor://mstestadapter/v2" className="zSC_CommonFiles_UnitTest.VideoOS.Common.Configuration.NameValueCollectionExtensionsTest" name="TryGetIntValue_WrongKeyValue_ValueReturnedZero" />
    </UnitTest>
    <UnitTest name="StartServerStates_TimeoutException_DoubledSleepDuration" storage="d:\actions-runner\_work\xpco\xpco\common\sc_commonfiles\zsc_commonfiles_unittest\bin\debug\net472\zsc_commonfiles_unittest.dll" id="5edfc052-b48b-6806-a4fa-422f55aeb664">
      <Execution id="a3c00ea7-0148-4a4b-8857-7efdfc7868d4" />
      <TestMethod codeBase="D:\actions-runner\_work\XPCO\XPCO\Common\SC_CommonFiles\zSC_CommonFiles_UnitTest\bin\Debug\net472\zSC_CommonFiles_UnitTest.dll" adapterTypeName="executor://mstestadapter/v2" className="zSC_CommonFiles_UnitTest.VideoOS.Common.State.StateHandlerTests" name="StartServerStates_TimeoutException_DoubledSleepDuration" />
    </UnitTest>
    <UnitTest name="OnPreviewKeyDown_Left_Success" storage="d:\actions-runner\_work\xpco\xpco\common\sc_commonfiles\zsc_commonfiles_unittest\bin\debug\net472\zsc_commonfiles_unittest.dll" id="30e292f5-f798-eac9-ba1e-713f3566415c">
      <TestCategory>
        <TestCategoryItem TestCategory="SC_CommonFiles.WPF.TileLayout" />
      </TestCategory>
      <Execution id="f1c716a1-1730-4913-90c3-98ad0314caee" />
      <TestMethod codeBase="D:\actions-runner\_work\XPCO\XPCO\Common\SC_CommonFiles\zSC_CommonFiles_UnitTest\bin\Debug\net472\zSC_CommonFiles_UnitTest.dll" adapterTypeName="executor://mstestadapter/v2" className="zSC_CommonFiles_UnitTest.VideoOS.UI.Common.WPF.TileLayout.TileLayoutTest" name="OnPreviewKeyDown_Left_Success" />
    </UnitTest>
    <UnitTest name="OnPreviewKeyDown_PageUp_Success" storage="d:\actions-runner\_work\xpco\xpco\common\sc_commonfiles\zsc_commonfiles_unittest\bin\debug\net472\zsc_commonfiles_unittest.dll" id="2feabfd6-0ffa-cf5e-b63d-1731ea803e6d">
      <TestCategory>
        <TestCategoryItem TestCategory="SC_CommonFiles.WPF.TileLayout" />
      </TestCategory>
      <Execution id="f36e49b0-8e0d-49fb-8024-bb6e311c1b65" />
      <TestMethod codeBase="D:\actions-runner\_work\XPCO\XPCO\Common\SC_CommonFiles\zSC_CommonFiles_UnitTest\bin\Debug\net472\zSC_CommonFiles_UnitTest.dll" adapterTypeName="executor://mstestadapter/v2" className="zSC_CommonFiles_UnitTest.VideoOS.UI.Common.WPF.TileLayout.TileLayoutTest" name="OnPreviewKeyDown_PageUp_Success" />
    </UnitTest>
    <UnitTest name="Constructor_WindowsUser_ArgumentNull_NotThrown" storage="d:\actions-runner\_work\xpco\xpco\common\sc_commonfiles\zsc_commonfiles_unittest\bin\debug\net472\zsc_commonfiles_unittest.dll" id="a11892e0-6ac9-8a46-c8de-3248052e70d9">
      <Execution id="2fad2b09-cfaf-4995-9b0a-2a12b335f2d8" />
      <TestMethod codeBase="D:\actions-runner\_work\XPCO\XPCO\Common\SC_CommonFiles\zSC_CommonFiles_UnitTest\bin\Debug\net472\zSC_CommonFiles_UnitTest.dll" adapterTypeName="executor://mstestadapter/v2" className="zSC_CommonFiles_UnitTest.VideoOS.Common.State.StateHandlerTests" name="Constructor_WindowsUser_ArgumentNull_NotThrown" />
    </UnitTest>
    <UnitTest name="Full_Updating_With_Comparer_Works" storage="d:\actions-runner\_work\xpco\xpco\common\sc_commonfiles\zsc_commonfiles_unittest\bin\debug\net472\zsc_commonfiles_unittest.dll" id="b898ad5d-e738-1d64-d2c4-772f55ed34ea">
      <Execution id="7a5f25ef-1508-4475-a3fe-1451539ff8de" />
      <TestMethod codeBase="D:\actions-runner\_work\XPCO\XPCO\Common\SC_CommonFiles\zSC_CommonFiles_UnitTest\bin\Debug\net472\zSC_CommonFiles_UnitTest.dll" adapterTypeName="executor://mstestadapter/v2" className="zSC_CommonFiles_UnitTest.VideoOS.UI.Common.WPF.Utils.ObservableCollectionExtensionTest" name="Full_Updating_With_Comparer_Works" />
    </UnitTest>
    <UnitTest name="MeasureCounters_UpdatesCpuUsage_WithPercentage" storage="d:\actions-runner\_work\xpco\xpco\common\sc_commonfiles\zsc_commonfiles_unittest\bin\debug\net472\zsc_commonfiles_unittest.dll" id="7137fa11-d3cd-d2e9-1892-35a2bcf917d7">
      <Execution id="701afc26-c3fd-4b15-a1c5-11e802778ba7" />
      <TestMethod codeBase="D:\actions-runner\_work\XPCO\XPCO\Common\SC_CommonFiles\zSC_CommonFiles_UnitTest\bin\Debug\net472\zSC_CommonFiles_UnitTest.dll" adapterTypeName="executor://mstestadapter/v2" className="zSC_CommonFiles_UnitTest.VideoOS.UI.Common.WPF.ClientDataGathererTests" name="MeasureCounters_UpdatesCpuUsage_WithPercentage" />
    </UnitTest>
    <UnitTest name="MeasureOverride_1childEnoughSpace_NotShrunk" storage="d:\actions-runner\_work\xpco\xpco\common\sc_commonfiles\zsc_commonfiles_unittest\bin\debug\net472\zsc_commonfiles_unittest.dll" id="6e2b046c-b538-e705-bf5a-ce4b83d68120">
      <TestCategory>
        <TestCategoryItem TestCategory="Controls" />
      </TestCategory>
      <Execution id="4cd80502-fbb2-4d41-82f2-8110aedb7e2b" />
      <TestMethod codeBase="D:\actions-runner\_work\XPCO\XPCO\Common\SC_CommonFiles\zSC_CommonFiles_UnitTest\bin\Debug\net472\zSC_CommonFiles_UnitTest.dll" adapterTypeName="executor://mstestadapter/v2" className="VideoOS.UI.Common.WPF.Controls.HorizontalPanelTests" name="MeasureOverride_1childEnoughSpace_NotShrunk" />
    </UnitTest>
    <UnitTest name="DrawControl_ReapplyTemplate_Success" storage="d:\actions-runner\_work\xpco\xpco\common\sc_commonfiles\zsc_commonfiles_unittest\bin\debug\net472\zsc_commonfiles_unittest.dll" id="4ddfc6a2-cba3-9569-714c-b24431bc49c1">
      <TestCategory>
        <TestCategoryItem TestCategory="RangeSelector" />
      </TestCategory>
      <Execution id="c784b23b-9928-4877-a2a6-3ff580126923" />
      <TestMethod codeBase="D:\actions-runner\_work\XPCO\XPCO\Common\SC_CommonFiles\zSC_CommonFiles_UnitTest\bin\Debug\net472\zSC_CommonFiles_UnitTest.dll" adapterTypeName="executor://mstestadapter/v2" className="VideoOS.UI.Common.WPF.RangeSelector.RangeSelectorTest" name="DrawControl_ReapplyTemplate_Success" />
    </UnitTest>
    <UnitTest name="AuthenticationWindows_SetProperties_Success" storage="d:\actions-runner\_work\xpco\xpco\common\sc_commonfiles\zsc_commonfiles_unittest\bin\debug\net472\zsc_commonfiles_unittest.dll" id="ba4c1a66-a8cb-a425-dd33-a7ca657b44ae">
      <TestCategory>
        <TestCategoryItem TestCategory="AuthenticationInfoTests" />
      </TestCategory>
      <Execution id="c73da362-ff6d-453e-8db1-428071a5f3fc" />
      <TestMethod codeBase="D:\actions-runner\_work\XPCO\XPCO\Common\SC_CommonFiles\zSC_CommonFiles_UnitTest\bin\Debug\net472\zSC_CommonFiles_UnitTest.dll" adapterTypeName="executor://mstestadapter/v2" className="zSC_CommonFiles_UnitTest.VideoOS.Common.Login.AuthenticationInfoTests" name="AuthenticationWindows_SetProperties_Success" />
    </UnitTest>
    <UnitTest name="OnPreviewKeyDown_Enter_Success" storage="d:\actions-runner\_work\xpco\xpco\common\sc_commonfiles\zsc_commonfiles_unittest\bin\debug\net472\zsc_commonfiles_unittest.dll" id="1f62d143-3147-647f-0581-911ba09941ed">
      <TestCategory>
        <TestCategoryItem TestCategory="SC_CommonFiles.WPF.TileLayout" />
      </TestCategory>
      <Execution id="d622e878-c9d1-405d-b849-7af4116013bc" />
      <TestMethod codeBase="D:\actions-runner\_work\XPCO\XPCO\Common\SC_CommonFiles\zSC_CommonFiles_UnitTest\bin\Debug\net472\zSC_CommonFiles_UnitTest.dll" adapterTypeName="executor://mstestadapter/v2" className="zSC_CommonFiles_UnitTest.VideoOS.UI.Common.WPF.TileLayout.TileLayoutTest" name="OnPreviewKeyDown_Enter_Success" />
    </UnitTest>
    <UnitTest name="GetImageSource_thisIconIsNull_ReturnsFallback" storage="d:\actions-runner\_work\xpco\xpco\common\sc_commonfiles\zsc_commonfiles_unittest\bin\debug\net472\zsc_commonfiles_unittest.dll" id="38f8f45d-602d-9fe2-6af1-7d834fd278db">
      <TestCategory>
        <TestCategoryItem TestCategory="SC_CommonFiles.WPF" />
      </TestCategory>
      <Execution id="f4659daf-7aba-4c6d-9005-ca1bec96f69c" />
      <TestMethod codeBase="D:\actions-runner\_work\XPCO\XPCO\Common\SC_CommonFiles\zSC_CommonFiles_UnitTest\bin\Debug\net472\zSC_CommonFiles_UnitTest.dll" adapterTypeName="executor://mstestadapter/v2" className="zSC_CommonFiles_UnitTest.VideoOS.UI.Common.WPF.Utils.ExtensionMethods.IconExtensionsTests" name="GetImageSource_thisIconIsNull_ReturnsFallback" />
    </UnitTest>
    <UnitTest name="FindOptimalTilingReturnsIfNoCameraTilesAndNoServerTiles" storage="d:\actions-runner\_work\xpco\xpco\common\sc_commonfiles\zsc_commonfiles_unittest\bin\debug\net472\zsc_commonfiles_unittest.dll" id="ed71c039-25d2-86e6-ce2e-7f7815b19541">
      <Execution id="47b5356e-d3da-4ba0-9b29-aaa9751a3951" />
      <TestMethod codeBase="D:\actions-runner\_work\XPCO\XPCO\Common\SC_CommonFiles\zSC_CommonFiles_UnitTest\bin\Debug\net472\zSC_CommonFiles_UnitTest.dll" adapterTypeName="executor://mstestadapter/v2" className="zSC_CommonFiles_UnitTest.DashboardTilesTests" name="FindOptimalTilingReturnsIfNoCameraTilesAndNoServerTiles" />
    </UnitTest>
    <UnitTest name="FormsControlScaleValue_100Percent_Scaling" storage="d:\actions-runner\_work\xpco\xpco\common\sc_commonfiles\zsc_commonfiles_unittest\bin\debug\net472\zsc_commonfiles_unittest.dll" id="ab1319d7-a2c3-e991-b6a2-1cf10c8be090">
      <Execution id="84833e7b-8d7a-4458-893f-d0406bff70f8" />
      <TestMethod codeBase="D:\actions-runner\_work\XPCO\XPCO\Common\SC_CommonFiles\zSC_CommonFiles_UnitTest\bin\Debug\net472\zSC_CommonFiles_UnitTest.dll" adapterTypeName="executor://mstestadapter/v2" className="zSC_CommonFiles_UnitTest.VideoOS.UI.Common.WPF.Utils.ExtensionMethods.WindowExtensionsTests" name="FormsControlScaleValue_100Percent_Scaling" />
    </UnitTest>
    <UnitTest name="AuthenticationWindowsDefault_SetEnabled_Throws_InvalidOperationException" storage="d:\actions-runner\_work\xpco\xpco\common\sc_commonfiles\zsc_commonfiles_unittest\bin\debug\net472\zsc_commonfiles_unittest.dll" id="583152d9-d199-0061-6cfe-e7b3f5f54327">
      <TestCategory>
        <TestCategoryItem TestCategory="AuthenticationInfoTests" />
      </TestCategory>
      <Execution id="cfefba9a-663c-49f3-9b0b-64dd3dcc3189" />
      <TestMethod codeBase="D:\actions-runner\_work\XPCO\XPCO\Common\SC_CommonFiles\zSC_CommonFiles_UnitTest\bin\Debug\net472\zSC_CommonFiles_UnitTest.dll" adapterTypeName="executor://mstestadapter/v2" className="zSC_CommonFiles_UnitTest.VideoOS.Common.Login.AuthenticationInfoTests" name="AuthenticationWindowsDefault_SetEnabled_Throws_InvalidOperationException" />
    </UnitTest>
    <UnitTest name="SetUnsecureConnectionAllowedForUser_ShouldUpdateUser_WhenUserExistsWithDiffetentValue" storage="d:\actions-runner\_work\xpco\xpco\common\sc_commonfiles\zsc_commonfiles_unittest\bin\debug\net472\zsc_commonfiles_unittest.dll" id="ea980a94-f888-1c61-339c-f499bb9324bc">
      <Execution id="a3967282-55ad-45e3-b7c8-d17db4716022" />
      <TestMethod codeBase="D:\actions-runner\_work\XPCO\XPCO\Common\SC_CommonFiles\zSC_CommonFiles_UnitTest\bin\Debug\net472\zSC_CommonFiles_UnitTest.dll" adapterTypeName="executor://mstestadapter/v2" className="zSC_CommonFiles_UnitTest.VideoOS.Common.Login.UIConnectionInfoTests" name="SetUnsecureConnectionAllowedForUser_ShouldUpdateUser_WhenUserExistsWithDiffetentValue" />
    </UnitTest>
    <UnitTest name="RoundToMillisecond_Nearest" storage="d:\actions-runner\_work\xpco\xpco\common\sc_commonfiles\zsc_commonfiles_unittest\bin\debug\net472\zsc_commonfiles_unittest.dll" id="982659d8-a45b-dd6c-ac91-40bffddd94cf">
      <Execution id="75bbdc6b-d362-4017-8d6e-9a3bf0a6c4f7" />
      <TestMethod codeBase="D:\actions-runner\_work\XPCO\XPCO\Common\SC_CommonFiles\zSC_CommonFiles_UnitTest\bin\Debug\net472\zSC_CommonFiles_UnitTest.dll" adapterTypeName="executor://mstestadapter/v2" className="zSC_CommonFiles_UnitTest.VideoOS.UI.Common.WPF.Utils.ExtensionMethods.TimeSpanExtensionsTests" name="RoundToMillisecond_Nearest" />
    </UnitTest>
    <UnitTest name="DoComboSelectionSetTextToEntityDisplayNameWhenSingleInstance" storage="d:\actions-runner\_work\xpco\xpco\common\sc_commonfiles\zsc_commonfiles_unittest\bin\debug\net472\zsc_commonfiles_unittest.dll" id="298c066a-2f38-5d22-8d3d-0de208425162">
      <Execution id="6b90ff8d-40e1-439f-980c-8bb9f2383f07" />
      <TestMethod codeBase="D:\actions-runner\_work\XPCO\XPCO\Common\SC_CommonFiles\zSC_CommonFiles_UnitTest\bin\Debug\net472\zSC_CommonFiles_UnitTest.dll" adapterTypeName="executor://mstestadapter/v2" className="zSC_CommonFiles_UnitTest.DashboardTilesTests" name="DoComboSelectionSetTextToEntityDisplayNameWhenSingleInstance" />
    </UnitTest>
    <UnitTest name="FindOptimalTilingReturnsIfPassedZeroSize" storage="d:\actions-runner\_work\xpco\xpco\common\sc_commonfiles\zsc_commonfiles_unittest\bin\debug\net472\zsc_commonfiles_unittest.dll" id="3edfc2a7-1754-35d9-a869-000eb02198df">
      <Execution id="3c35bde1-03f2-41cc-97ce-8d6bef06e9b8" />
      <TestMethod codeBase="D:\actions-runner\_work\XPCO\XPCO\Common\SC_CommonFiles\zSC_CommonFiles_UnitTest\bin\Debug\net472\zSC_CommonFiles_UnitTest.dll" adapterTypeName="executor://mstestadapter/v2" className="zSC_CommonFiles_UnitTest.DashboardTilesTests" name="FindOptimalTilingReturnsIfPassedZeroSize" />
    </UnitTest>
    <UnitTest name="Convert_ShouldReturnEqualOrLessString_WhenValueIsLessThanThreshold" storage="d:\actions-runner\_work\xpco\xpco\common\sc_commonfiles\zsc_commonfiles_unittest\bin\debug\net472\zsc_commonfiles_unittest.dll" id="30702b8e-5ec7-eb10-4c6a-7105f5c77df3">
      <Execution id="c880f71c-385c-4fe6-89b4-cb396a05e584" />
      <TestMethod codeBase="D:\actions-runner\_work\XPCO\XPCO\Common\SC_CommonFiles\zSC_CommonFiles_UnitTest\bin\Debug\net472\zSC_CommonFiles_UnitTest.dll" adapterTypeName="executor://mstestadapter/v2" className="zSC_CommonFiles_UnitTest.VideoOS.UI.Common.WPF.Utils.Converters.CountToStringConverterTests" name="Convert_ShouldReturnEqualOrLessString_WhenValueIsLessThanThreshold" />
    </UnitTest>
    <UnitTest name="AddToast_ExistingToast_Success" storage="d:\actions-runner\_work\xpco\xpco\common\sc_commonfiles\zsc_commonfiles_unittest\bin\debug\net472\zsc_commonfiles_unittest.dll" id="800a9cc5-fc26-2bf4-fde7-906d76a2a91c">
      <TestCategory>
        <TestCategoryItem TestCategory="Toasts" />
      </TestCategory>
      <Execution id="b2cd89a5-1b17-4543-8fae-fba45a1422c0" />
      <TestMethod codeBase="D:\actions-runner\_work\XPCO\XPCO\Common\SC_CommonFiles\zSC_CommonFiles_UnitTest\bin\Debug\net472\zSC_CommonFiles_UnitTest.dll" adapterTypeName="executor://mstestadapter/v2" className="VideoOS.UI.Common.WPF.Toast.ToastManagerTests" name="AddToast_ExistingToast_Success" />
    </UnitTest>
    <UnitTest name="SubstractIntervalListTest" storage="d:\actions-runner\_work\xpco\xpco\common\sc_commonfiles\zsc_commonfiles_unittest\bin\debug\net472\zsc_commonfiles_unittest.dll" id="db58122d-1cb6-c9dc-b0c5-af4f8da57592">
      <Execution id="1549cabc-140c-4514-9f02-05ed5bac9f75" />
      <TestMethod codeBase="D:\actions-runner\_work\XPCO\XPCO\Common\SC_CommonFiles\zSC_CommonFiles_UnitTest\bin\Debug\net472\zSC_CommonFiles_UnitTest.dll" adapterTypeName="executor://mstestadapter/v2" className="SmartClient_UnitTest_VideoOS_UI_Common_WPF_Timeline.TimeIntervalTest" name="SubstractIntervalListTest" />
    </UnitTest>
    <UnitTest name="Convert_WithAutomationId_ReturnsValue" storage="d:\actions-runner\_work\xpco\xpco\common\sc_commonfiles\zsc_commonfiles_unittest\bin\debug\net472\zsc_commonfiles_unittest.dll" id="a40e30ee-4537-9698-9f88-45700d1ef781">
      <TestCategory>
        <TestCategoryItem TestCategory="Converters" />
      </TestCategory>
      <Execution id="7735fb22-ad11-4206-90c1-9e121fa35d24" />
      <TestMethod codeBase="D:\actions-runner\_work\XPCO\XPCO\Common\SC_CommonFiles\zSC_CommonFiles_UnitTest\bin\Debug\net472\zSC_CommonFiles_UnitTest.dll" adapterTypeName="executor://mstestadapter/v2" className="VideoOS.UI.Common.WPF.Utils.Converters.AutomationIdConverterTests" name="Convert_WithAutomationId_ReturnsValue" />
    </UnitTest>
    <UnitTest name="DrawControl_AllRangeSelected_VisualsOK" storage="d:\actions-runner\_work\xpco\xpco\common\sc_commonfiles\zsc_commonfiles_unittest\bin\debug\net472\zsc_commonfiles_unittest.dll" id="f3327606-b2a8-9974-e840-2b31246f10e1">
      <TestCategory>
        <TestCategoryItem TestCategory="RangeSelector" />
      </TestCategory>
      <Execution id="9a648291-bc84-4f44-9422-e5a3ab399dae" />
      <TestMethod codeBase="D:\actions-runner\_work\XPCO\XPCO\Common\SC_CommonFiles\zSC_CommonFiles_UnitTest\bin\Debug\net472\zSC_CommonFiles_UnitTest.dll" adapterTypeName="executor://mstestadapter/v2" className="VideoOS.UI.Common.WPF.RangeSelector.RangeSelectorTest" name="DrawControl_AllRangeSelected_VisualsOK" />
    </UnitTest>
    <UnitTest name="OnPreviewKeyDown_Space_Success" storage="d:\actions-runner\_work\xpco\xpco\common\sc_commonfiles\zsc_commonfiles_unittest\bin\debug\net472\zsc_commonfiles_unittest.dll" id="f1184a8e-b69a-6295-ac82-24b2bd10984c">
      <TestCategory>
        <TestCategoryItem TestCategory="SC_CommonFiles.WPF.TileLayout" />
      </TestCategory>
      <Execution id="4208a00e-c49e-43b2-b24e-0a8d52dc7321" />
      <TestMethod codeBase="D:\actions-runner\_work\XPCO\XPCO\Common\SC_CommonFiles\zSC_CommonFiles_UnitTest\bin\Debug\net472\zSC_CommonFiles_UnitTest.dll" adapterTypeName="executor://mstestadapter/v2" className="zSC_CommonFiles_UnitTest.VideoOS.UI.Common.WPF.TileLayout.TileLayoutTest" name="OnPreviewKeyDown_Space_Success" />
    </UnitTest>
    <UnitTest name="ChangeMinValue_GreaterThanMaxValue_RangeAndMaxValueUpdated" storage="d:\actions-runner\_work\xpco\xpco\common\sc_commonfiles\zsc_commonfiles_unittest\bin\debug\net472\zsc_commonfiles_unittest.dll" id="ef941c35-94f0-1c6b-ae1b-3d9480badfe1">
      <TestCategory>
        <TestCategoryItem TestCategory="RangeSelector" />
      </TestCategory>
      <Execution id="47db34a5-8467-458c-a305-dffc1317d0ac" />
      <TestMethod codeBase="D:\actions-runner\_work\XPCO\XPCO\Common\SC_CommonFiles\zSC_CommonFiles_UnitTest\bin\Debug\net472\zSC_CommonFiles_UnitTest.dll" adapterTypeName="executor://mstestadapter/v2" className="VideoOS.UI.Common.WPF.RangeSelector.RangeSelectorTest" name="ChangeMinValue_GreaterThanMaxValue_RangeAndMaxValueUpdated" />
    </UnitTest>
    <UnitTest name="GetStates_SessionStarted_NoStates" storage="d:\actions-runner\_work\xpco\xpco\common\sc_commonfiles\zsc_commonfiles_unittest\bin\debug\net472\zsc_commonfiles_unittest.dll" id="0ee94363-92bd-eb3e-d7fb-92ad8f9a8087">
      <Execution id="ab16e383-f1f8-4e95-a9c7-36226729e0eb" />
      <TestMethod codeBase="D:\actions-runner\_work\XPCO\XPCO\Common\SC_CommonFiles\zSC_CommonFiles_UnitTest\bin\Debug\net472\zSC_CommonFiles_UnitTest.dll" adapterTypeName="executor://mstestadapter/v2" className="zSC_CommonFiles_UnitTest.VideoOS.Common.State.ServerStateManagerTests" name="GetStates_SessionStarted_NoStates" />
    </UnitTest>
    <UnitTest name="Remove_SingleItem_SuccessWithSingleNotification" storage="d:\actions-runner\_work\xpco\xpco\common\sc_commonfiles\zsc_commonfiles_unittest\bin\debug\net472\zsc_commonfiles_unittest.dll" id="d01aff65-cc66-59d9-483c-ef58ff5b02b0">
      <TestCategory>
        <TestCategoryItem TestCategory="SC_CommonFiles.WPF" />
      </TestCategory>
      <Execution id="67463f0e-6711-48f8-a6c0-32dd85b57c65" />
      <TestMethod codeBase="D:\actions-runner\_work\XPCO\XPCO\Common\SC_CommonFiles\zSC_CommonFiles_UnitTest\bin\Debug\net472\zSC_CommonFiles_UnitTest.dll" adapterTypeName="executor://mstestadapter/v2" className="zSC_CommonFiles_UnitTest.VideoOS.UI.Common.WPF.ObservableCollections.BulkObservableCollectionTests" name="Remove_SingleItem_SuccessWithSingleNotification" />
    </UnitTest>
    <UnitTest name="ThumbsCanBeAddedAndFetchedTest" storage="d:\actions-runner\_work\xpco\xpco\common\sc_commonfiles\zsc_commonfiles_unittest\bin\debug\net472\zsc_commonfiles_unittest.dll" id="c92c23d1-5ca1-d95a-512b-ef3370dd6502">
      <Execution id="70d905ef-d872-47b7-a188-2147af42798e" />
      <TestMethod codeBase="D:\actions-runner\_work\XPCO\XPCO\Common\SC_CommonFiles\zSC_CommonFiles_UnitTest\bin\Debug\net472\zSC_CommonFiles_UnitTest.dll" adapterTypeName="executor://mstestadapter/v2" className="SC_Common_UnitTest_VideoOS_UI_Common_Data_SequenceRetriever_ThumbCache.ThumbCacheTest" name="ThumbsCanBeAddedAndFetchedTest" />
    </UnitTest>
    <UnitTest name="GetIntValueOrDefault_KeyNotFound_DefaultValueReturned" storage="d:\actions-runner\_work\xpco\xpco\common\sc_commonfiles\zsc_commonfiles_unittest\bin\debug\net472\zsc_commonfiles_unittest.dll" id="319f8796-7403-b14a-34e0-f1797faae63e">
      <Execution id="ba942296-339f-4a5b-b320-5ed8bc9e683e" />
      <TestMethod codeBase="D:\actions-runner\_work\XPCO\XPCO\Common\SC_CommonFiles\zSC_CommonFiles_UnitTest\bin\Debug\net472\zSC_CommonFiles_UnitTest.dll" adapterTypeName="executor://mstestadapter/v2" className="zSC_CommonFiles_UnitTest.VideoOS.Common.Configuration.NameValueCollectionExtensionsTest" name="GetIntValueOrDefault_KeyNotFound_DefaultValueReturned" />
    </UnitTest>
    <UnitTest name="OnPreviewKeyDown_Up_Success" storage="d:\actions-runner\_work\xpco\xpco\common\sc_commonfiles\zsc_commonfiles_unittest\bin\debug\net472\zsc_commonfiles_unittest.dll" id="9af8ac57-47e8-e560-cb3c-d72fb3be6de6">
      <TestCategory>
        <TestCategoryItem TestCategory="SC_CommonFiles.WPF.TileLayout" />
      </TestCategory>
      <Execution id="e20e28b8-018c-4433-98e3-7399571b9360" />
      <TestMethod codeBase="D:\actions-runner\_work\XPCO\XPCO\Common\SC_CommonFiles\zSC_CommonFiles_UnitTest\bin\Debug\net472\zSC_CommonFiles_UnitTest.dll" adapterTypeName="executor://mstestadapter/v2" className="zSC_CommonFiles_UnitTest.VideoOS.UI.Common.WPF.TileLayout.TileLayoutTest" name="OnPreviewKeyDown_Up_Success" />
    </UnitTest>
    <UnitTest name="UpdateFrameworkElementsOverlay_WithBothArgumentsNull_ShouldReturnTrueAndLeaveListsUnchanged" storage="d:\actions-runner\_work\xpco\xpco\common\sc_commonfiles\zsc_commonfiles_unittest\bin\debug\net472\zsc_commonfiles_unittest.dll" id="3e8485c9-a7cd-7c8f-f394-cfd45a272654">
      <Execution id="cbbf0ba3-0873-4190-8550-6996d1ce08b8" />
      <TestMethod codeBase="D:\actions-runner\_work\XPCO\XPCO\Common\SC_CommonFiles\zSC_CommonFiles_UnitTest\bin\Debug\net472\zSC_CommonFiles_UnitTest.dll" adapterTypeName="executor://mstestadapter/v2" className="zSC_CommonFiles_UnitTest.VideoOS.UI.Common.WPF.VideoPlayer.Model.FrameworkElementsOverlayModelTests" name="UpdateFrameworkElementsOverlay_WithBothArgumentsNull_ShouldReturnTrueAndLeaveListsUnchanged" />
    </UnitTest>
    <UnitTest name="Add_SingleItem_SuccessWithSingleNotification" storage="d:\actions-runner\_work\xpco\xpco\common\sc_commonfiles\zsc_commonfiles_unittest\bin\debug\net472\zsc_commonfiles_unittest.dll" id="85fbbcd0-881b-ae29-40f1-5696b7e80975">
      <TestCategory>
        <TestCategoryItem TestCategory="SC_CommonFiles.WPF" />
      </TestCategory>
      <Execution id="aeed13c5-775b-4f4b-9882-89a8cf32c8dc" />
      <TestMethod codeBase="D:\actions-runner\_work\XPCO\XPCO\Common\SC_CommonFiles\zSC_CommonFiles_UnitTest\bin\Debug\net472\zSC_CommonFiles_UnitTest.dll" adapterTypeName="executor://mstestadapter/v2" className="zSC_CommonFiles_UnitTest.VideoOS.UI.Common.WPF.ObservableCollections.BulkObservableCollectionTests" name="Add_SingleItem_SuccessWithSingleNotification" />
    </UnitTest>
    <UnitTest name="DetermineScaledWindowLocationAndSize_CenterScreen_100Percent_Scaling" storage="d:\actions-runner\_work\xpco\xpco\common\sc_commonfiles\zsc_commonfiles_unittest\bin\debug\net472\zsc_commonfiles_unittest.dll" id="9b6bcf4a-f6d4-8ccc-f16d-a434ebb9feb9">
      <Execution id="39ae8eee-5fbb-44e3-ab49-e67a337d3174" />
      <TestMethod codeBase="D:\actions-runner\_work\XPCO\XPCO\Common\SC_CommonFiles\zSC_CommonFiles_UnitTest\bin\Debug\net472\zSC_CommonFiles_UnitTest.dll" adapterTypeName="executor://mstestadapter/v2" className="zSC_CommonFiles_UnitTest.VideoOS.UI.Common.WPF.Utils.ExtensionMethods.WindowExtensionsTests" name="DetermineScaledWindowLocationAndSize_CenterScreen_100Percent_Scaling" />
    </UnitTest>
    <UnitTest name="ItemHolder_MouseClick_Success" storage="d:\actions-runner\_work\xpco\xpco\common\sc_commonfiles\zsc_commonfiles_unittest\bin\debug\net472\zsc_commonfiles_unittest.dll" id="f8481245-447a-5b32-a26f-ec1feabc1ee3">
      <TestCategory>
        <TestCategoryItem TestCategory="SC_CommonFiles.WPF.TileLayout" />
      </TestCategory>
      <Execution id="4d6d7613-351b-404c-872e-38e2d602888b" />
      <TestMethod codeBase="D:\actions-runner\_work\XPCO\XPCO\Common\SC_CommonFiles\zSC_CommonFiles_UnitTest\bin\Debug\net472\zSC_CommonFiles_UnitTest.dll" adapterTypeName="executor://mstestadapter/v2" className="zSC_CommonFiles_UnitTest.VideoOS.UI.Common.WPF.TileLayout.TileLayoutTest" name="ItemHolder_MouseClick_Success" />
    </UnitTest>
    <UnitTest name="GetDoubleValueOrDefault_KeyFound_ValueReturned" storage="d:\actions-runner\_work\xpco\xpco\common\sc_commonfiles\zsc_commonfiles_unittest\bin\debug\net472\zsc_commonfiles_unittest.dll" id="517e03e4-4abb-9810-ab6e-fc1b74f3e022">
      <Execution id="f5b12cd2-e43c-4ad9-96be-73f9d6ddca98" />
      <TestMethod codeBase="D:\actions-runner\_work\XPCO\XPCO\Common\SC_CommonFiles\zSC_CommonFiles_UnitTest\bin\Debug\net472\zSC_CommonFiles_UnitTest.dll" adapterTypeName="executor://mstestadapter/v2" className="zSC_CommonFiles_UnitTest.VideoOS.Common.Configuration.NameValueCollectionExtensionsTest" name="GetDoubleValueOrDefault_KeyFound_ValueReturned" />
    </UnitTest>
    <UnitTest name="SequenceEqualIgnoreOrder_DifferentlySizedCollections_IgnoreOrder_SymmetricalFalseResult" storage="d:\actions-runner\_work\xpco\xpco\common\sc_commonfiles\zsc_commonfiles_unittest\bin\debug\net472\zsc_commonfiles_unittest.dll" id="dab9c0b3-4ffb-2848-2c64-5c66c2da8b39">
      <Execution id="9db7addf-eb5c-40b5-9c20-69edcf61dd81" />
      <TestMethod codeBase="D:\actions-runner\_work\XPCO\XPCO\Common\SC_CommonFiles\zSC_CommonFiles_UnitTest\bin\Debug\net472\zSC_CommonFiles_UnitTest.dll" adapterTypeName="executor://mstestadapter/v2" className="zSC_CommonFiles_UnitTest.VideoOS.UI.Common.WPF.Utils.ExtensionMethods.IEnumerableExtensionTests" name="SequenceEqualIgnoreOrder_DifferentlySizedCollections_IgnoreOrder_SymmetricalFalseResult" />
    </UnitTest>
    <UnitTest name="ArrangeOverride__3child_AllMustShrink__AllAreShrunk" storage="d:\actions-runner\_work\xpco\xpco\common\sc_commonfiles\zsc_commonfiles_unittest\bin\debug\net472\zsc_commonfiles_unittest.dll" id="a8dd4421-721b-7464-1ec7-7a0950dbe7f2">
      <TestCategory>
        <TestCategoryItem TestCategory="Controls" />
      </TestCategory>
      <Execution id="731b8b1f-1006-42d1-bda6-dfdc407e769b" />
      <TestMethod codeBase="D:\actions-runner\_work\XPCO\XPCO\Common\SC_CommonFiles\zSC_CommonFiles_UnitTest\bin\Debug\net472\zSC_CommonFiles_UnitTest.dll" adapterTypeName="executor://mstestadapter/v2" className="VideoOS.UI.Common.WPF.Controls.HorizontalPanelTests" name="ArrangeOverride__3child_AllMustShrink__AllAreShrunk" />
    </UnitTest>
    <UnitTest name="ProvideValue_ReturnsThis" storage="d:\actions-runner\_work\xpco\xpco\common\sc_commonfiles\zsc_commonfiles_unittest\bin\debug\net472\zsc_commonfiles_unittest.dll" id="74add8a2-d9f3-2054-f072-e9237767895b">
      <Execution id="9924ca34-3539-4ceb-8927-98388f5de71f" />
      <TestMethod codeBase="D:\actions-runner\_work\XPCO\XPCO\Common\SC_CommonFiles\zSC_CommonFiles_UnitTest\bin\Debug\net472\zSC_CommonFiles_UnitTest.dll" adapterTypeName="executor://mstestadapter/v2" className="zSC_CommonFiles_UnitTest.VideoOS.UI.Common.WPF.Utils.Converters.MaxWidthConverterTests" name="ProvideValue_ReturnsThis" />
    </UnitTest>
    <UnitTest name="Constructor_BasicUser_Password_ArgumentNull_Thrown" storage="d:\actions-runner\_work\xpco\xpco\common\sc_commonfiles\zsc_commonfiles_unittest\bin\debug\net472\zsc_commonfiles_unittest.dll" id="e38f82e3-3025-9045-c164-157109ebeae1">
      <Execution id="5c1547d1-25e2-403e-b5dd-4f666782af3f" />
      <TestMethod codeBase="D:\actions-runner\_work\XPCO\XPCO\Common\SC_CommonFiles\zSC_CommonFiles_UnitTest\bin\Debug\net472\zSC_CommonFiles_UnitTest.dll" adapterTypeName="executor://mstestadapter/v2" className="zSC_CommonFiles_UnitTest.VideoOS.Common.State.StateHandlerTests" name="Constructor_BasicUser_Password_ArgumentNull_Thrown" />
    </UnitTest>
    <UnitTest name="TileLayout_MouseOver_BorderBrushUpdated" storage="d:\actions-runner\_work\xpco\xpco\common\sc_commonfiles\zsc_commonfiles_unittest\bin\debug\net472\zsc_commonfiles_unittest.dll" id="7afa246b-f4b2-fc5f-fe61-fe719713919d">
      <TestCategory>
        <TestCategoryItem TestCategory="SC_CommonFiles.WPF.TileLayout" />
      </TestCategory>
      <Execution id="3854286e-4b26-447a-89c1-28ad15edb2ba" />
      <TestMethod codeBase="D:\actions-runner\_work\XPCO\XPCO\Common\SC_CommonFiles\zSC_CommonFiles_UnitTest\bin\Debug\net472\zSC_CommonFiles_UnitTest.dll" adapterTypeName="executor://mstestadapter/v2" className="zSC_CommonFiles_UnitTest.VideoOS.UI.Common.WPF.TileLayout.ItemHolderTest" name="TileLayout_MouseOver_BorderBrushUpdated" />
    </UnitTest>
    <UnitTest name="Convert_SingleValueConverter_DifferentTargetType_Success" storage="d:\actions-runner\_work\xpco\xpco\common\sc_commonfiles\zsc_commonfiles_unittest\bin\debug\net472\zsc_commonfiles_unittest.dll" id="535b5010-34ee-7c3d-315a-1071e5381898">
      <Execution id="6c4382e5-7999-497a-8d7a-83b1c32ad862" />
      <TestMethod codeBase="D:\actions-runner\_work\XPCO\XPCO\Common\SC_CommonFiles\zSC_CommonFiles_UnitTest\bin\Debug\net472\zSC_CommonFiles_UnitTest.dll" adapterTypeName="executor://mstestadapter/v2" className="zSC_CommonFiles_UnitTest.VideoOS.UI.Common.WPF.Utils.Converters.MaxWidthConverterTests" name="Convert_SingleValueConverter_DifferentTargetType_Success" />
    </UnitTest>
    <UnitTest name="TimerOnElapsed_MaxIdleTimeNotReached_CleanupNotPerformed" storage="d:\actions-runner\_work\xpco\xpco\common\sc_commonfiles\zsc_commonfiles_unittest\bin\debug\net472\zsc_commonfiles_unittest.dll" id="a22bf289-0878-e3c5-33fd-766102ec1be1">
      <Execution id="5878a7c8-dabc-4227-aa2d-be5914c8c85a" />
      <TestMethod codeBase="D:\actions-runner\_work\XPCO\XPCO\Common\SC_CommonFiles\zSC_CommonFiles_UnitTest\bin\Debug\net472\zSC_CommonFiles_UnitTest.dll" adapterTypeName="executor://mstestadapter/v2" className="VideoOS.UI.Common.WPF.Utils.RecyclingFactory.RecyclingFactoryTests" name="TimerOnElapsed_MaxIdleTimeNotReached_CleanupNotPerformed" />
    </UnitTest>
    <UnitTest name="StartServerStates_Success" storage="d:\actions-runner\_work\xpco\xpco\common\sc_commonfiles\zsc_commonfiles_unittest\bin\debug\net472\zsc_commonfiles_unittest.dll" id="2ea81381-5cde-6a05-1852-15eea9dd2db0">
      <Execution id="8c6f0a1f-a64c-4a1b-bf27-0b4d35a3e0fe" />
      <TestMethod codeBase="D:\actions-runner\_work\XPCO\XPCO\Common\SC_CommonFiles\zSC_CommonFiles_UnitTest\bin\Debug\net472\zSC_CommonFiles_UnitTest.dll" adapterTypeName="executor://mstestadapter/v2" className="zSC_CommonFiles_UnitTest.VideoOS.Common.State.StateHandlerTests" name="StartServerStates_Success" />
    </UnitTest>
    <UnitTest name="TryCreateUri_ShouldReturnValidUriWithHttps_WhenInputIsRelativeUriAndNoCustomFallbackSchemeProvided" storage="d:\actions-runner\_work\xpco\xpco\common\sc_commonfiles\zsc_commonfiles_unittest\bin\debug\net472\zsc_commonfiles_unittest.dll" id="5791d93f-2ea0-ebcc-a300-0da5e771609b">
      <Execution id="b97122b4-97a4-4565-8386-c0b058b9af19" />
      <TestMethod codeBase="D:\actions-runner\_work\XPCO\XPCO\Common\SC_CommonFiles\zSC_CommonFiles_UnitTest\bin\Debug\net472\zSC_CommonFiles_UnitTest.dll" adapterTypeName="executor://mstestadapter/v2" className="zSC_CommonFiles_UnitTest.VideoOS.UI.Common.WPF.Utils.ExtensionMethods.StringExtensionsTests" name="TryCreateUri_ShouldReturnValidUriWithHttps_WhenInputIsRelativeUriAndNoCustomFallbackSchemeProvided" />
    </UnitTest>
    <UnitTest name="TryCreateUri_ShouldReturnValidUri_WhenInputIsAbsoluteUri" storage="d:\actions-runner\_work\xpco\xpco\common\sc_commonfiles\zsc_commonfiles_unittest\bin\debug\net472\zsc_commonfiles_unittest.dll" id="09ded2a6-c372-2eb2-ac00-fef2bebd4e6e">
      <Execution id="d0c92fe7-fa7a-4172-8bff-9b06a5adba70" />
      <TestMethod codeBase="D:\actions-runner\_work\XPCO\XPCO\Common\SC_CommonFiles\zSC_CommonFiles_UnitTest\bin\Debug\net472\zSC_CommonFiles_UnitTest.dll" adapterTypeName="executor://mstestadapter/v2" className="zSC_CommonFiles_UnitTest.VideoOS.UI.Common.WPF.Utils.ExtensionMethods.StringExtensionsTests" name="TryCreateUri_ShouldReturnValidUri_WhenInputIsAbsoluteUri" />
    </UnitTest>
    <UnitTest name="RoundToSecond_Up" storage="d:\actions-runner\_work\xpco\xpco\common\sc_commonfiles\zsc_commonfiles_unittest\bin\debug\net472\zsc_commonfiles_unittest.dll" id="93e1c6bd-3907-bf6a-9788-32ce344adf8d">
      <Execution id="76b7b47d-cb0f-4503-b28d-64087fd6ce52" />
      <TestMethod codeBase="D:\actions-runner\_work\XPCO\XPCO\Common\SC_CommonFiles\zSC_CommonFiles_UnitTest\bin\Debug\net472\zSC_CommonFiles_UnitTest.dll" adapterTypeName="executor://mstestadapter/v2" className="zSC_CommonFiles_UnitTest.VideoOS.UI.Common.WPF.Utils.ExtensionMethods.DateTimeExtensionsTests" name="RoundToSecond_Up" />
    </UnitTest>
    <UnitTest name="Convert_MultiValueConverter_SingleValueNotANumber_Throws" storage="d:\actions-runner\_work\xpco\xpco\common\sc_commonfiles\zsc_commonfiles_unittest\bin\debug\net472\zsc_commonfiles_unittest.dll" id="046145c9-879d-c051-80d4-25fb448d3ce7">
      <Execution id="1517699e-96b7-4442-b20b-3cbfa3989671" />
      <TestMethod codeBase="D:\actions-runner\_work\XPCO\XPCO\Common\SC_CommonFiles\zSC_CommonFiles_UnitTest\bin\Debug\net472\zSC_CommonFiles_UnitTest.dll" adapterTypeName="executor://mstestadapter/v2" className="zSC_CommonFiles_UnitTest.VideoOS.UI.Common.WPF.Utils.Converters.MaxWidthConverterTests" name="Convert_MultiValueConverter_SingleValueNotANumber_Throws" />
    </UnitTest>
    <UnitTest name="ThumbLoadedEventIsNotFiredUntilAllThumbsAreLoaded" storage="d:\actions-runner\_work\xpco\xpco\common\sc_commonfiles\zsc_commonfiles_unittest\bin\debug\net472\zsc_commonfiles_unittest.dll" id="16ee0ac6-17eb-3505-339b-384a8e931cbc">
      <Execution id="ef9622cd-3db9-40a1-892a-30d0b2c11955" />
      <TestMethod codeBase="D:\actions-runner\_work\XPCO\XPCO\Common\SC_CommonFiles\zSC_CommonFiles_UnitTest\bin\Debug\net472\zSC_CommonFiles_UnitTest.dll" adapterTypeName="executor://mstestadapter/v2" className="SC_CommonFiles_UnitTest_VideoOS_UI_Common_Data_SequenceRetriever.ThumbFetcherTest" name="ThumbLoadedEventIsNotFiredUntilAllThumbsAreLoaded" />
    </UnitTest>
    <UnitTest name="ExpirationTimerOnTick_ToastExpired_Success" storage="d:\actions-runner\_work\xpco\xpco\common\sc_commonfiles\zsc_commonfiles_unittest\bin\debug\net472\zsc_commonfiles_unittest.dll" id="6dd090ae-0423-7a7c-d8df-35146cee22d9">
      <TestCategory>
        <TestCategoryItem TestCategory="Toasts" />
      </TestCategory>
      <Execution id="5b76fe64-8af1-4bfe-a1eb-6e2ff0c9efd0" />
      <TestMethod codeBase="D:\actions-runner\_work\XPCO\XPCO\Common\SC_CommonFiles\zSC_CommonFiles_UnitTest\bin\Debug\net472\zSC_CommonFiles_UnitTest.dll" adapterTypeName="executor://mstestadapter/v2" className="zSC_CommonFiles_UnitTest.VideoOS.UI.Common.WPF.Toast.ToastBaseTests" name="ExpirationTimerOnTick_ToastExpired_Success" />
    </UnitTest>
    <UnitTest name="Convert_WithRenamedAutomationId_ReturnsValue" storage="d:\actions-runner\_work\xpco\xpco\common\sc_commonfiles\zsc_commonfiles_unittest\bin\debug\net472\zsc_commonfiles_unittest.dll" id="f973a97f-5a8e-0209-5020-2d35dba67422">
      <TestCategory>
        <TestCategoryItem TestCategory="Converters" />
      </TestCategory>
      <Execution id="c7adbd72-10b4-4a1b-8fde-b45f37e2ddab" />
      <TestMethod codeBase="D:\actions-runner\_work\XPCO\XPCO\Common\SC_CommonFiles\zSC_CommonFiles_UnitTest\bin\Debug\net472\zSC_CommonFiles_UnitTest.dll" adapterTypeName="executor://mstestadapter/v2" className="VideoOS.UI.Common.WPF.Utils.Converters.AutomationIdConverterTests" name="Convert_WithRenamedAutomationId_ReturnsValue" />
    </UnitTest>
    <UnitTest name="SimpleTest" storage="d:\actions-runner\_work\xpco\xpco\common\sc_commonfiles\zsc_commonfiles_unittest\bin\debug\net472\zsc_commonfiles_unittest.dll" id="6a9b6055-9055-6cdd-ce58-2c6f0ec341c2">
      <Execution id="4f3fc182-312d-4242-ab1f-1157b6b59691" />
      <TestMethod codeBase="D:\actions-runner\_work\XPCO\XPCO\Common\SC_CommonFiles\zSC_CommonFiles_UnitTest\bin\Debug\net472\zSC_CommonFiles_UnitTest.dll" adapterTypeName="executor://mstestadapter/v2" className="zSC_CommonFiles_UnitTest.VideoOS.UI.Common.WPF.Utils.CacheTests" name="SimpleTest" />
    </UnitTest>
    <UnitTest name="IsUnsecureConnectionAllowedForUser_ShouldReturnFalse_WhenAllowUnsecureIsInvalid" storage="d:\actions-runner\_work\xpco\xpco\common\sc_commonfiles\zsc_commonfiles_unittest\bin\debug\net472\zsc_commonfiles_unittest.dll" id="958cf364-23eb-e2d5-f664-d61945c55467">
      <Execution id="d897c570-7442-4824-a213-595cf050db86" />
      <TestMethod codeBase="D:\actions-runner\_work\XPCO\XPCO\Common\SC_CommonFiles\zSC_CommonFiles_UnitTest\bin\Debug\net472\zSC_CommonFiles_UnitTest.dll" adapterTypeName="executor://mstestadapter/v2" className="zSC_CommonFiles_UnitTest.VideoOS.Common.Login.UIConnectionInfoTests" name="IsUnsecureConnectionAllowedForUser_ShouldReturnFalse_WhenAllowUnsecureIsInvalid" />
    </UnitTest>
    <UnitTest name="IsFailover_IsNotFailover" storage="d:\actions-runner\_work\xpco\xpco\common\sc_commonfiles\zsc_commonfiles_unittest\bin\debug\net472\zsc_commonfiles_unittest.dll" id="a3ace3b8-2cc6-88df-a94a-a9602ec1951a">
      <Execution id="e2177dc9-05cb-433c-8e04-7c757c9e5bbb" />
      <TestMethod codeBase="D:\actions-runner\_work\XPCO\XPCO\Common\SC_CommonFiles\zSC_CommonFiles_UnitTest\bin\Debug\net472\zSC_CommonFiles_UnitTest.dll" adapterTypeName="executor://mstestadapter/v2" className="zSC_CommonFiles_UnitTest.VideoOS.UI.Common.WPF.Dashboard.Types.ServerTypeTest" name="IsFailover_IsNotFailover" />
    </UnitTest>
    <UnitTest name="IsFailover_IsFailover" storage="d:\actions-runner\_work\xpco\xpco\common\sc_commonfiles\zsc_commonfiles_unittest\bin\debug\net472\zsc_commonfiles_unittest.dll" id="c852d483-d9e0-2c2b-b9c0-ac3a615cecaf">
      <Execution id="724779bd-9cfc-46ad-a181-31cdf19be54d" />
      <TestMethod codeBase="D:\actions-runner\_work\XPCO\XPCO\Common\SC_CommonFiles\zSC_CommonFiles_UnitTest\bin\Debug\net472\zSC_CommonFiles_UnitTest.dll" adapterTypeName="executor://mstestadapter/v2" className="zSC_CommonFiles_UnitTest.VideoOS.UI.Common.WPF.Dashboard.Types.ServerTypeTest" name="IsFailover_IsFailover" />
    </UnitTest>
    <UnitTest name="Distinct" storage="d:\actions-runner\_work\xpco\xpco\common\sc_commonfiles\zsc_commonfiles_unittest\bin\debug\net472\zsc_commonfiles_unittest.dll" id="05ee0585-5324-c075-c884-eef61e6407ec">
      <Execution id="fb65f5fa-2aaf-4fc1-ac04-05a97d93689f" />
      <TestMethod codeBase="D:\actions-runner\_work\XPCO\XPCO\Common\SC_CommonFiles\zSC_CommonFiles_UnitTest\bin\Debug\net472\zSC_CommonFiles_UnitTest.dll" adapterTypeName="executor://mstestadapter/v2" className="zSC_CommonFiles_UnitTest.VideoOS.UI.Common.WPF.Utils.ExtensionMethods.IEnumerableExtensionTests" name="Distinct" />
    </UnitTest>
    <UnitTest name="GetTimeSpanValueOrDefault_KeyNotFound_DefaultValueReturned" storage="d:\actions-runner\_work\xpco\xpco\common\sc_commonfiles\zsc_commonfiles_unittest\bin\debug\net472\zsc_commonfiles_unittest.dll" id="0c965795-08e1-96ff-221c-6c48f278966b">
      <Execution id="b640e297-b5d0-4501-918a-97b6a1b962c6" />
      <TestMethod codeBase="D:\actions-runner\_work\XPCO\XPCO\Common\SC_CommonFiles\zSC_CommonFiles_UnitTest\bin\Debug\net472\zSC_CommonFiles_UnitTest.dll" adapterTypeName="executor://mstestadapter/v2" className="zSC_CommonFiles_UnitTest.VideoOS.Common.Configuration.NameValueCollectionExtensionsTest" name="GetTimeSpanValueOrDefault_KeyNotFound_DefaultValueReturned" />
    </UnitTest>
    <UnitTest name="DragDrop_RangeMinOverRangeMax_RangeEditDisplayed" storage="d:\actions-runner\_work\xpco\xpco\common\sc_commonfiles\zsc_commonfiles_unittest\bin\debug\net472\zsc_commonfiles_unittest.dll" id="28408d30-8448-8f9c-b04c-e7779e7625cc">
      <TestCategory>
        <TestCategoryItem TestCategory="RangeSelector" />
      </TestCategory>
      <Execution id="ed533b0b-8930-458b-abc2-d55841e9f091" />
      <TestMethod codeBase="D:\actions-runner\_work\XPCO\XPCO\Common\SC_CommonFiles\zSC_CommonFiles_UnitTest\bin\Debug\net472\zSC_CommonFiles_UnitTest.dll" adapterTypeName="executor://mstestadapter/v2" className="VideoOS.UI.Common.WPF.RangeSelector.RangeSelectorTest" name="DragDrop_RangeMinOverRangeMax_RangeEditDisplayed" />
    </UnitTest>
    <UnitTest name="UpdateFrameworkElementsOverlay_WithNewFrameworkElementList_ShouldUpdateList" storage="d:\actions-runner\_work\xpco\xpco\common\sc_commonfiles\zsc_commonfiles_unittest\bin\debug\net472\zsc_commonfiles_unittest.dll" id="64f4b309-46ce-14bc-92c8-2dbd5092f999">
      <Execution id="95e92e0c-bc00-4540-aab5-cfc3d401b6ab" />
      <TestMethod codeBase="D:\actions-runner\_work\XPCO\XPCO\Common\SC_CommonFiles\zSC_CommonFiles_UnitTest\bin\Debug\net472\zSC_CommonFiles_UnitTest.dll" adapterTypeName="executor://mstestadapter/v2" className="zSC_CommonFiles_UnitTest.VideoOS.UI.Common.WPF.VideoPlayer.Model.FrameworkElementsOverlayModelTests" name="UpdateFrameworkElementsOverlay_WithNewFrameworkElementList_ShouldUpdateList" />
    </UnitTest>
    <UnitTest name="OnPreviewKeyDown_LeftShift_Click_Select_Success" storage="d:\actions-runner\_work\xpco\xpco\common\sc_commonfiles\zsc_commonfiles_unittest\bin\debug\net472\zsc_commonfiles_unittest.dll" id="d0c56151-9eb1-435a-613d-6b16219b3912">
      <TestCategory>
        <TestCategoryItem TestCategory="SC_CommonFiles.WPF.TileLayout" />
      </TestCategory>
      <Execution id="d80fe3cd-599b-497c-b26d-acaecc95e129" />
      <TestMethod codeBase="D:\actions-runner\_work\XPCO\XPCO\Common\SC_CommonFiles\zSC_CommonFiles_UnitTest\bin\Debug\net472\zSC_CommonFiles_UnitTest.dll" adapterTypeName="executor://mstestadapter/v2" className="zSC_CommonFiles_UnitTest.VideoOS.UI.Common.WPF.TileLayout.TileLayoutTest" name="OnPreviewKeyDown_LeftShift_Click_Select_Success" />
    </UnitTest>
    <UnitTest name="IntersectOrdered_With_Key_Selector" storage="d:\actions-runner\_work\xpco\xpco\common\sc_commonfiles\zsc_commonfiles_unittest\bin\debug\net472\zsc_commonfiles_unittest.dll" id="06f7ab65-67b0-9ceb-7950-154a66e24a54">
      <Execution id="da755eb9-8530-4533-a181-4d9dc408c66a" />
      <TestMethod codeBase="D:\actions-runner\_work\XPCO\XPCO\Common\SC_CommonFiles\zSC_CommonFiles_UnitTest\bin\Debug\net472\zSC_CommonFiles_UnitTest.dll" adapterTypeName="executor://mstestadapter/v2" className="zSC_CommonFiles_UnitTest.VideoOS.UI.Common.WPF.Utils.ExtensionMethods.IEnumerableExtensionTests" name="IntersectOrdered_With_Key_Selector" />
    </UnitTest>
    <UnitTest name="ScrollIntoView_Success" storage="d:\actions-runner\_work\xpco\xpco\common\sc_commonfiles\zsc_commonfiles_unittest\bin\debug\net472\zsc_commonfiles_unittest.dll" id="24d7108a-b492-bd24-b0f8-ceb600b42692">
      <TestCategory>
        <TestCategoryItem TestCategory="SC_CommonFiles.WPF.TileLayout" />
      </TestCategory>
      <Execution id="06dfa22b-1397-44c5-bf93-cb044746524c" />
      <TestMethod codeBase="D:\actions-runner\_work\XPCO\XPCO\Common\SC_CommonFiles\zSC_CommonFiles_UnitTest\bin\Debug\net472\zSC_CommonFiles_UnitTest.dll" adapterTypeName="executor://mstestadapter/v2" className="zSC_CommonFiles_UnitTest.VideoOS.UI.Common.WPF.TileLayout.TileLayoutTest" name="ScrollIntoView_Success" />
    </UnitTest>
    <UnitTest name="SetUnsecureConnectionAllowedForUser_ShouldDoNothing_WhenUserExistsAndHaveCorrectValue" storage="d:\actions-runner\_work\xpco\xpco\common\sc_commonfiles\zsc_commonfiles_unittest\bin\debug\net472\zsc_commonfiles_unittest.dll" id="b7e36637-289c-8e0e-9091-6aff9c16739a">
      <Execution id="223f7a05-9752-44e5-9da2-eadab6044aec" />
      <TestMethod codeBase="D:\actions-runner\_work\XPCO\XPCO\Common\SC_CommonFiles\zSC_CommonFiles_UnitTest\bin\Debug\net472\zSC_CommonFiles_UnitTest.dll" adapterTypeName="executor://mstestadapter/v2" className="zSC_CommonFiles_UnitTest.VideoOS.Common.Login.UIConnectionInfoTests" name="SetUnsecureConnectionAllowedForUser_ShouldDoNothing_WhenUserExistsAndHaveCorrectValue" />
    </UnitTest>
    <UnitTest name="StartCameraStates_Success" storage="d:\actions-runner\_work\xpco\xpco\common\sc_commonfiles\zsc_commonfiles_unittest\bin\debug\net472\zsc_commonfiles_unittest.dll" id="da80a2db-c20f-18de-ab2b-4a162a892642">
      <Execution id="0955828d-54e0-44df-b8d1-32e8d28a1164" />
      <TestMethod codeBase="D:\actions-runner\_work\XPCO\XPCO\Common\SC_CommonFiles\zSC_CommonFiles_UnitTest\bin\Debug\net472\zSC_CommonFiles_UnitTest.dll" adapterTypeName="executor://mstestadapter/v2" className="zSC_CommonFiles_UnitTest.VideoOS.Common.State.StateHandlerTests" name="StartCameraStates_Success" />
    </UnitTest>
    <UnitTest name="MeasureCounters_UpdatesGPUInformationCorrectly" storage="d:\actions-runner\_work\xpco\xpco\common\sc_commonfiles\zsc_commonfiles_unittest\bin\debug\net472\zsc_commonfiles_unittest.dll" id="e06e61ed-13a4-6147-16b5-ee8c50cfb777">
      <Execution id="5cf5e87a-97bf-47dd-89c4-193e06c4cc8e" />
      <TestMethod codeBase="D:\actions-runner\_work\XPCO\XPCO\Common\SC_CommonFiles\zSC_CommonFiles_UnitTest\bin\Debug\net472\zSC_CommonFiles_UnitTest.dll" adapterTypeName="executor://mstestadapter/v2" className="zSC_CommonFiles_UnitTest.VideoOS.UI.Common.WPF.ClientDataGathererTests" name="MeasureCounters_UpdatesGPUInformationCorrectly" />
    </UnitTest>
    <UnitTest name="ArrangeOverride_3child_EnoughSpace_NotShrunk" storage="d:\actions-runner\_work\xpco\xpco\common\sc_commonfiles\zsc_commonfiles_unittest\bin\debug\net472\zsc_commonfiles_unittest.dll" id="22b2ca51-378e-71cd-e0e0-67e36d20ff15">
      <TestCategory>
        <TestCategoryItem TestCategory="Controls" />
      </TestCategory>
      <Execution id="a09df778-1c6f-4870-b6ac-8909c3641d31" />
      <TestMethod codeBase="D:\actions-runner\_work\XPCO\XPCO\Common\SC_CommonFiles\zSC_CommonFiles_UnitTest\bin\Debug\net472\zSC_CommonFiles_UnitTest.dll" adapterTypeName="executor://mstestadapter/v2" className="VideoOS.UI.Common.WPF.Controls.HorizontalPanelTests" name="ArrangeOverride_3child_EnoughSpace_NotShrunk" />
    </UnitTest>
    <UnitTest name="Convert_NoAutomationIdAndNoFallback_ReturnsUnsetValue" storage="d:\actions-runner\_work\xpco\xpco\common\sc_commonfiles\zsc_commonfiles_unittest\bin\debug\net472\zsc_commonfiles_unittest.dll" id="b5545286-2d51-273f-e678-5706630cef56">
      <TestCategory>
        <TestCategoryItem TestCategory="Converters" />
      </TestCategory>
      <Execution id="c9ea2bea-e93f-4bae-8acd-66ac685ece7f" />
      <TestMethod codeBase="D:\actions-runner\_work\XPCO\XPCO\Common\SC_CommonFiles\zSC_CommonFiles_UnitTest\bin\Debug\net472\zSC_CommonFiles_UnitTest.dll" adapterTypeName="executor://mstestadapter/v2" className="VideoOS.UI.Common.WPF.Utils.Converters.AutomationIdConverterTests" name="Convert_NoAutomationIdAndNoFallback_ReturnsUnsetValue" />
    </UnitTest>
    <UnitTest name="Constructor_WindowsUser_Domain_ArgumentNull_Thrown" storage="d:\actions-runner\_work\xpco\xpco\common\sc_commonfiles\zsc_commonfiles_unittest\bin\debug\net472\zsc_commonfiles_unittest.dll" id="b9f990f1-833c-da15-c4ce-a21f43595dd2">
      <Execution id="e8a2dc7d-9160-431e-956b-bc10eaea19d1" />
      <TestMethod codeBase="D:\actions-runner\_work\XPCO\XPCO\Common\SC_CommonFiles\zSC_CommonFiles_UnitTest\bin\Debug\net472\zSC_CommonFiles_UnitTest.dll" adapterTypeName="executor://mstestadapter/v2" className="zSC_CommonFiles_UnitTest.VideoOS.Common.State.StateHandlerTests" name="Constructor_WindowsUser_Domain_ArgumentNull_Thrown" />
    </UnitTest>
    <UnitTest name="SelectManyOrdered_With_Key_Selector" storage="d:\actions-runner\_work\xpco\xpco\common\sc_commonfiles\zsc_commonfiles_unittest\bin\debug\net472\zsc_commonfiles_unittest.dll" id="c93e1fde-ba93-9054-d493-30af75ea0b03">
      <Execution id="8ae3a318-b059-4fa4-ac73-89157873ed9c" />
      <TestMethod codeBase="D:\actions-runner\_work\XPCO\XPCO\Common\SC_CommonFiles\zSC_CommonFiles_UnitTest\bin\Debug\net472\zSC_CommonFiles_UnitTest.dll" adapterTypeName="executor://mstestadapter/v2" className="zSC_CommonFiles_UnitTest.VideoOS.UI.Common.WPF.Utils.ExtensionMethods.IEnumerableExtensionTests" name="SelectManyOrdered_With_Key_Selector" />
    </UnitTest>
    <UnitTest name="SequenceEquals_EqualCollectionsOrderedDifferently_IgnoreOrder_SymmetricalTrueResult" storage="d:\actions-runner\_work\xpco\xpco\common\sc_commonfiles\zsc_commonfiles_unittest\bin\debug\net472\zsc_commonfiles_unittest.dll" id="b6fd8020-db5d-f64a-77cc-9352b31e97f8">
      <Execution id="6b114624-fcb2-42a0-a604-9b9f09ff89ba" />
      <TestMethod codeBase="D:\actions-runner\_work\XPCO\XPCO\Common\SC_CommonFiles\zSC_CommonFiles_UnitTest\bin\Debug\net472\zSC_CommonFiles_UnitTest.dll" adapterTypeName="executor://mstestadapter/v2" className="zSC_CommonFiles_UnitTest.VideoOS.UI.Common.WPF.Utils.ObservableCollectionExtensionTest" name="SequenceEquals_EqualCollectionsOrderedDifferently_IgnoreOrder_SymmetricalTrueResult" />
    </UnitTest>
    <UnitTest name="RemoveToast_Success" storage="d:\actions-runner\_work\xpco\xpco\common\sc_commonfiles\zsc_commonfiles_unittest\bin\debug\net472\zsc_commonfiles_unittest.dll" id="9bb26b43-c785-7f17-8df6-312acd18b6b3">
      <TestCategory>
        <TestCategoryItem TestCategory="Toasts" />
      </TestCategory>
      <Execution id="322d3df5-dde8-48cb-955f-4f04dffde37c" />
      <TestMethod codeBase="D:\actions-runner\_work\XPCO\XPCO\Common\SC_CommonFiles\zSC_CommonFiles_UnitTest\bin\Debug\net472\zSC_CommonFiles_UnitTest.dll" adapterTypeName="executor://mstestadapter/v2" className="zSC_CommonFiles_UnitTest.VideoOS.UI.Common.WPF.Toast.ToastsViewModelTests" name="RemoveToast_Success" />
    </UnitTest>
    <UnitTest name="MouseDrag_RangeMinSetToMinValue_EditBoxIsWithinControlBoundaries" storage="d:\actions-runner\_work\xpco\xpco\common\sc_commonfiles\zsc_commonfiles_unittest\bin\debug\net472\zsc_commonfiles_unittest.dll" id="adb4be23-162a-8b95-3e02-bd423cdb5788">
      <TestCategory>
        <TestCategoryItem TestCategory="RangeSelector" />
      </TestCategory>
      <Execution id="1e6e5db2-a9be-4de0-a7b0-2cb555cc802b" />
      <TestMethod codeBase="D:\actions-runner\_work\XPCO\XPCO\Common\SC_CommonFiles\zSC_CommonFiles_UnitTest\bin\Debug\net472\zSC_CommonFiles_UnitTest.dll" adapterTypeName="executor://mstestadapter/v2" className="VideoOS.UI.Common.WPF.RangeSelector.RangeSelectorTest" name="MouseDrag_RangeMinSetToMinValue_EditBoxIsWithinControlBoundaries" />
    </UnitTest>
    <UnitTest name="SingleCameraMustSetDisplayNameDeletedCameraTextIfItDoesNotExist" storage="d:\actions-runner\_work\xpco\xpco\common\sc_commonfiles\zsc_commonfiles_unittest\bin\debug\net472\zsc_commonfiles_unittest.dll" id="2b14ff95-cabe-8a3e-8e5c-8673fcb142c5">
      <Execution id="98d6f3ca-41c5-49da-968d-587f60a8e2e7" />
      <TestMethod codeBase="D:\actions-runner\_work\XPCO\XPCO\Common\SC_CommonFiles\zSC_CommonFiles_UnitTest\bin\Debug\net472\zSC_CommonFiles_UnitTest.dll" adapterTypeName="executor://mstestadapter/v2" className="zSC_CommonFiles_UnitTest.LocalizationTests" name="SingleCameraMustSetDisplayNameDeletedCameraTextIfItDoesNotExist" />
    </UnitTest>
    <UnitTest name="RoundToSecond_Nearest" storage="d:\actions-runner\_work\xpco\xpco\common\sc_commonfiles\zsc_commonfiles_unittest\bin\debug\net472\zsc_commonfiles_unittest.dll" id="d7a4b603-8308-5acd-9a99-39b73afff367">
      <Execution id="b7e10e6e-6f3b-4a4d-b8cf-94c86340b12a" />
      <TestMethod codeBase="D:\actions-runner\_work\XPCO\XPCO\Common\SC_CommonFiles\zSC_CommonFiles_UnitTest\bin\Debug\net472\zSC_CommonFiles_UnitTest.dll" adapterTypeName="executor://mstestadapter/v2" className="zSC_CommonFiles_UnitTest.VideoOS.UI.Common.WPF.Utils.ExtensionMethods.TimeSpanExtensionsTests" name="RoundToSecond_Nearest" />
    </UnitTest>
    <UnitTest name="SingleServerMustSetDisplayNameDeletedServerTextIfItDoesNotExist" storage="d:\actions-runner\_work\xpco\xpco\common\sc_commonfiles\zsc_commonfiles_unittest\bin\debug\net472\zsc_commonfiles_unittest.dll" id="90cfc5f0-b7f9-31e3-d21a-be242b733ee9">
      <Execution id="3941aadc-49e6-415b-b16b-d358ac2786d5" />
      <TestMethod codeBase="D:\actions-runner\_work\XPCO\XPCO\Common\SC_CommonFiles\zSC_CommonFiles_UnitTest\bin\Debug\net472\zSC_CommonFiles_UnitTest.dll" adapterTypeName="executor://mstestadapter/v2" className="zSC_CommonFiles_UnitTest.LocalizationTests" name="SingleServerMustSetDisplayNameDeletedServerTextIfItDoesNotExist" />
    </UnitTest>
    <UnitTest name="OnPreviewKeyDown_RightCtrl_Click_Select_Success" storage="d:\actions-runner\_work\xpco\xpco\common\sc_commonfiles\zsc_commonfiles_unittest\bin\debug\net472\zsc_commonfiles_unittest.dll" id="5bb482fa-8a48-3336-66c9-7ea3af463c94">
      <TestCategory>
        <TestCategoryItem TestCategory="SC_CommonFiles.WPF.TileLayout" />
      </TestCategory>
      <Execution id="b99aa32d-a066-4c06-83f4-b80823f7b50c" />
      <TestMethod codeBase="D:\actions-runner\_work\XPCO\XPCO\Common\SC_CommonFiles\zSC_CommonFiles_UnitTest\bin\Debug\net472\zSC_CommonFiles_UnitTest.dll" adapterTypeName="executor://mstestadapter/v2" className="zSC_CommonFiles_UnitTest.VideoOS.UI.Common.WPF.TileLayout.TileLayoutTest" name="OnPreviewKeyDown_RightCtrl_Click_Select_Success" />
    </UnitTest>
    <UnitTest name="Convert_SingleValueConverter_NotANumber_Throws" storage="d:\actions-runner\_work\xpco\xpco\common\sc_commonfiles\zsc_commonfiles_unittest\bin\debug\net472\zsc_commonfiles_unittest.dll" id="1bd901f8-3f7d-e4b9-9350-b8e0d21cecdd">
      <Execution id="78468194-8bfa-404d-aeda-8c3ae2ef3ec6" />
      <TestMethod codeBase="D:\actions-runner\_work\XPCO\XPCO\Common\SC_CommonFiles\zSC_CommonFiles_UnitTest\bin\Debug\net472\zSC_CommonFiles_UnitTest.dll" adapterTypeName="executor://mstestadapter/v2" className="zSC_CommonFiles_UnitTest.VideoOS.UI.Common.WPF.Utils.Converters.MaxWidthConverterTests" name="Convert_SingleValueConverter_NotANumber_Throws" />
    </UnitTest>
    <UnitTest name="SequenceEqualIgnoreOrder_OneCollectionWithDuplicateElementOrderedDifferently_IgnoreOrder_SymmetricalFalseResult" storage="d:\actions-runner\_work\xpco\xpco\common\sc_commonfiles\zsc_commonfiles_unittest\bin\debug\net472\zsc_commonfiles_unittest.dll" id="2bf7024d-c9a8-0f52-01c6-a02fd7b7c6c8">
      <Execution id="1beccc75-4432-4de0-afbe-5205aeb1fc4b" />
      <TestMethod codeBase="D:\actions-runner\_work\XPCO\XPCO\Common\SC_CommonFiles\zSC_CommonFiles_UnitTest\bin\Debug\net472\zSC_CommonFiles_UnitTest.dll" adapterTypeName="executor://mstestadapter/v2" className="zSC_CommonFiles_UnitTest.VideoOS.UI.Common.WPF.Utils.ExtensionMethods.IEnumerableExtensionTests" name="SequenceEqualIgnoreOrder_OneCollectionWithDuplicateElementOrderedDifferently_IgnoreOrder_SymmetricalFalseResult" />
    </UnitTest>
    <UnitTest name="Start_ThreadsStarted" storage="d:\actions-runner\_work\xpco\xpco\common\sc_commonfiles\zsc_commonfiles_unittest\bin\debug\net472\zsc_commonfiles_unittest.dll" id="695975e6-7257-8513-2988-a677f0875ff3">
      <Execution id="7ddd00d1-1fe1-48e3-8f8c-8f35996cd770" />
      <TestMethod codeBase="D:\actions-runner\_work\XPCO\XPCO\Common\SC_CommonFiles\zSC_CommonFiles_UnitTest\bin\Debug\net472\zSC_CommonFiles_UnitTest.dll" adapterTypeName="executor://mstestadapter/v2" className="zSC_CommonFiles_UnitTest.VideoOS.Common.State.StateHandlerTests" name="Start_ThreadsStarted" />
    </UnitTest>
    <UnitTest name="SmartSearchFilterValue_Deserialize_Success" storage="d:\actions-runner\_work\xpco\xpco\common\sc_commonfiles\zsc_commonfiles_unittest\bin\debug\net472\zsc_commonfiles_unittest.dll" id="ac417528-a5fc-0267-1e71-119d845e1bc0">
      <TestCategory>
        <TestCategoryItem TestCategory="Search.FilterValues" />
      </TestCategory>
      <Execution id="4711ee7e-e1dd-401f-8c15-8bb402a9a030" />
      <TestMethod codeBase="D:\actions-runner\_work\XPCO\XPCO\Common\SC_CommonFiles\zSC_CommonFiles_UnitTest\bin\Debug\net472\zSC_CommonFiles_UnitTest.dll" adapterTypeName="executor://mstestadapter/v2" className="zSC_CommonFiles_UnitTest.VideoOS.UI.Common.Data.SmartSearch.SmartSearchFilterValueTests" name="SmartSearchFilterValue_Deserialize_Success" />
    </UnitTest>
    <UnitTest name="ExpirationTimerOnTick_ToastNotExpired_Success" storage="d:\actions-runner\_work\xpco\xpco\common\sc_commonfiles\zsc_commonfiles_unittest\bin\debug\net472\zsc_commonfiles_unittest.dll" id="dfdaa8e6-900c-926b-6ac3-82e2d0119e60">
      <TestCategory>
        <TestCategoryItem TestCategory="Toasts" />
      </TestCategory>
      <Execution id="b33b451e-dc2a-4f81-9d7c-56b06c05c611" />
      <TestMethod codeBase="D:\actions-runner\_work\XPCO\XPCO\Common\SC_CommonFiles\zSC_CommonFiles_UnitTest\bin\Debug\net472\zSC_CommonFiles_UnitTest.dll" adapterTypeName="executor://mstestadapter/v2" className="zSC_CommonFiles_UnitTest.VideoOS.UI.Common.WPF.Toast.ToastBaseTests" name="ExpirationTimerOnTick_ToastNotExpired_Success" />
    </UnitTest>
    <UnitTest name="Convert_DefaultMultiplierAndOffset_ReturnsProvidedValue" storage="d:\actions-runner\_work\xpco\xpco\common\sc_commonfiles\zsc_commonfiles_unittest\bin\debug\net472\zsc_commonfiles_unittest.dll" id="09c48a42-9cc6-7c96-0386-069c96816ff0">
      <TestCategory>
        <TestCategoryItem TestCategory="Converters" />
      </TestCategory>
      <Execution id="af7c46f8-f4c4-49c3-b2a5-338b5818ed6e" />
      <TestMethod codeBase="D:\actions-runner\_work\XPCO\XPCO\Common\SC_CommonFiles\zSC_CommonFiles_UnitTest\bin\Debug\net472\zSC_CommonFiles_UnitTest.dll" adapterTypeName="executor://mstestadapter/v2" className="VideoOS.UI.Common.WPF.Utils.Converters.OffsetConverterTests" name="Convert_DefaultMultiplierAndOffset_ReturnsProvidedValue" />
    </UnitTest>
    <UnitTest name="OnPreviewKeyDown_RightCtrl_A_UnselectAll_Success" storage="d:\actions-runner\_work\xpco\xpco\common\sc_commonfiles\zsc_commonfiles_unittest\bin\debug\net472\zsc_commonfiles_unittest.dll" id="76a3a4c2-b730-8445-7c90-0d70d705d3b2">
      <TestCategory>
        <TestCategoryItem TestCategory="SC_CommonFiles.WPF.TileLayout" />
      </TestCategory>
      <Execution id="dad21736-dc83-48d2-81d4-4368aa087ae1" />
      <TestMethod codeBase="D:\actions-runner\_work\XPCO\XPCO\Common\SC_CommonFiles\zSC_CommonFiles_UnitTest\bin\Debug\net472\zSC_CommonFiles_UnitTest.dll" adapterTypeName="executor://mstestadapter/v2" className="zSC_CommonFiles_UnitTest.VideoOS.UI.Common.WPF.TileLayout.TileLayoutTest" name="OnPreviewKeyDown_RightCtrl_A_UnselectAll_Success" />
    </UnitTest>
    <UnitTest name="Convert_WithMultiplierAndOffset_Success" storage="d:\actions-runner\_work\xpco\xpco\common\sc_commonfiles\zsc_commonfiles_unittest\bin\debug\net472\zsc_commonfiles_unittest.dll" id="7bd27d81-06b7-0043-ca3b-42b8a3ad840b">
      <TestCategory>
        <TestCategoryItem TestCategory="Converters" />
      </TestCategory>
      <Execution id="5fdd5573-eace-4932-a47a-89de53b36c34" />
      <TestMethod codeBase="D:\actions-runner\_work\XPCO\XPCO\Common\SC_CommonFiles\zSC_CommonFiles_UnitTest\bin\Debug\net472\zSC_CommonFiles_UnitTest.dll" adapterTypeName="executor://mstestadapter/v2" className="VideoOS.UI.Common.WPF.Utils.Converters.OffsetConverterTests" name="Convert_WithMultiplierAndOffset_Success" />
    </UnitTest>
    <UnitTest name="AuthenticationSimple_SetEnabled_Throws_InvalidOperationException" storage="d:\actions-runner\_work\xpco\xpco\common\sc_commonfiles\zsc_commonfiles_unittest\bin\debug\net472\zsc_commonfiles_unittest.dll" id="18f2ab8d-6696-bf3f-7e10-34e8c36dc629">
      <TestCategory>
        <TestCategoryItem TestCategory="AuthenticationInfoTests" />
      </TestCategory>
      <Execution id="b73d3f84-c31e-4985-a054-5e1a0101db20" />
      <TestMethod codeBase="D:\actions-runner\_work\XPCO\XPCO\Common\SC_CommonFiles\zSC_CommonFiles_UnitTest\bin\Debug\net472\zSC_CommonFiles_UnitTest.dll" adapterTypeName="executor://mstestadapter/v2" className="zSC_CommonFiles_UnitTest.VideoOS.Common.Login.AuthenticationInfoTests" name="AuthenticationSimple_SetEnabled_Throws_InvalidOperationException" />
    </UnitTest>
    <UnitTest name="MeasureOverride_NoChildEnoughSpace_NotShrunk" storage="d:\actions-runner\_work\xpco\xpco\common\sc_commonfiles\zsc_commonfiles_unittest\bin\debug\net472\zsc_commonfiles_unittest.dll" id="f9581051-4325-f7fc-7cc2-b7b62afe7956">
      <TestCategory>
        <TestCategoryItem TestCategory="Controls" />
      </TestCategory>
      <Execution id="3dda5c02-918a-48fe-9b12-4952c44027b7" />
      <TestMethod codeBase="D:\actions-runner\_work\XPCO\XPCO\Common\SC_CommonFiles\zSC_CommonFiles_UnitTest\bin\Debug\net472\zSC_CommonFiles_UnitTest.dll" adapterTypeName="executor://mstestadapter/v2" className="VideoOS.UI.Common.WPF.Controls.HorizontalPanelTests" name="MeasureOverride_NoChildEnoughSpace_NotShrunk" />
    </UnitTest>
    <UnitTest name="Ctor_NegativeMaxIdleTimeBeforeCleanup_Throws" storage="d:\actions-runner\_work\xpco\xpco\common\sc_commonfiles\zsc_commonfiles_unittest\bin\debug\net472\zsc_commonfiles_unittest.dll" id="f5caa479-ad8a-fc77-0f9d-b10ee7e2accc">
      <Execution id="e914e58d-be51-49ff-b0f9-feca2254b52d" />
      <TestMethod codeBase="D:\actions-runner\_work\XPCO\XPCO\Common\SC_CommonFiles\zSC_CommonFiles_UnitTest\bin\Debug\net472\zSC_CommonFiles_UnitTest.dll" adapterTypeName="executor://mstestadapter/v2" className="VideoOS.UI.Common.WPF.Utils.RecyclingFactory.RecyclingFactoryTests" name="Ctor_NegativeMaxIdleTimeBeforeCleanup_Throws" />
    </UnitTest>
    <UnitTest name="RemoveFrameworkElementsOverlay_WithKnownId_ShouldRemoveCorrectItem" storage="d:\actions-runner\_work\xpco\xpco\common\sc_commonfiles\zsc_commonfiles_unittest\bin\debug\net472\zsc_commonfiles_unittest.dll" id="3d591622-7a9a-3607-596b-40dbc7119e9a">
      <Execution id="9593a3a0-b31c-4725-9bf8-abfa0c797fee" />
      <TestMethod codeBase="D:\actions-runner\_work\XPCO\XPCO\Common\SC_CommonFiles\zSC_CommonFiles_UnitTest\bin\Debug\net472\zSC_CommonFiles_UnitTest.dll" adapterTypeName="executor://mstestadapter/v2" className="zSC_CommonFiles_UnitTest.VideoOS.UI.Common.WPF.VideoPlayer.Model.FrameworkElementsOverlayModelTests" name="RemoveFrameworkElementsOverlay_WithKnownId_ShouldRemoveCorrectItem" />
    </UnitTest>
    <UnitTest name="RoundToSecond_RoundUp" storage="d:\actions-runner\_work\xpco\xpco\common\sc_commonfiles\zsc_commonfiles_unittest\bin\debug\net472\zsc_commonfiles_unittest.dll" id="bd6f3f69-8756-1ecb-680e-dc8bdb5e7007">
      <Execution id="c4750ee5-ee56-464f-9ad9-bacc6178d111" />
      <TestMethod codeBase="D:\actions-runner\_work\XPCO\XPCO\Common\SC_CommonFiles\zSC_CommonFiles_UnitTest\bin\Debug\net472\zSC_CommonFiles_UnitTest.dll" adapterTypeName="executor://mstestadapter/v2" className="zSC_CommonFiles_UnitTest.VideoOS.UI.Common.WPF.Utils.ExtensionMethods.TimeSpanExtensionsTests" name="RoundToSecond_RoundUp" />
    </UnitTest>
    <UnitTest name="AllowUnsecureConnection_ShouldBeFalse_WhenAllowUnsecureIsNotSet" storage="d:\actions-runner\_work\xpco\xpco\common\sc_commonfiles\zsc_commonfiles_unittest\bin\debug\net472\zsc_commonfiles_unittest.dll" id="febb8456-be0b-5098-be4c-94fbaa942835">
      <Execution id="6cef1239-ecc0-4fe9-8f88-e9f4225500f1" />
      <TestMethod codeBase="D:\actions-runner\_work\XPCO\XPCO\Common\SC_CommonFiles\zSC_CommonFiles_UnitTest\bin\Debug\net472\zSC_CommonFiles_UnitTest.dll" adapterTypeName="executor://mstestadapter/v2" className="zSC_CommonFiles_UnitTest.VideoOS.Common.Login.UIConnectionInfoTests" name="AllowUnsecureConnection_ShouldBeFalse_WhenAllowUnsecureIsNotSet" />
    </UnitTest>
    <UnitTest name="ConvertToTileStates_ArgumentNull_NotThrown" storage="d:\actions-runner\_work\xpco\xpco\common\sc_commonfiles\zsc_commonfiles_unittest\bin\debug\net472\zsc_commonfiles_unittest.dll" id="f4aace76-8b78-d9f9-5c7e-a830773b46bd">
      <Execution id="8cc019c9-756e-4e49-ac90-8ce23b2ff471" />
      <TestMethod codeBase="D:\actions-runner\_work\XPCO\XPCO\Common\SC_CommonFiles\zSC_CommonFiles_UnitTest\bin\Debug\net472\zSC_CommonFiles_UnitTest.dll" adapterTypeName="executor://mstestadapter/v2" className="zSC_CommonFiles_UnitTest.VideoOS.Common.State.StateManagerTests" name="ConvertToTileStates_ArgumentNull_NotThrown" />
    </UnitTest>
    <UnitTest name="GetRoundRectangle_Success" storage="d:\actions-runner\_work\xpco\xpco\common\sc_commonfiles\zsc_commonfiles_unittest\bin\debug\net472\zsc_commonfiles_unittest.dll" id="8c18207a-4a3c-8ee5-7129-6f35cbcaea2a">
      <TestCategory>
        <TestCategoryItem TestCategory="SC_CommonFiles.WPF.TileLayout" />
      </TestCategory>
      <Execution id="9a50dc88-f9e5-4205-ac0f-292db3bf695d" />
      <TestMethod codeBase="D:\actions-runner\_work\XPCO\XPCO\Common\SC_CommonFiles\zSC_CommonFiles_UnitTest\bin\Debug\net472\zSC_CommonFiles_UnitTest.dll" adapterTypeName="executor://mstestadapter/v2" className="zSC_CommonFiles_UnitTest.VideoOS.UI.Common.WPF.TileLayout.ItemHolderHelperTest" name="GetRoundRectangle_Success" />
    </UnitTest>
    <UnitTest name="SerializedSlides_ShouldCorrectlySerializeAndDeserialize" storage="d:\actions-runner\_work\xpco\xpco\common\sc_commonfiles\zsc_commonfiles_unittest\bin\debug\net472\zsc_commonfiles_unittest.dll" id="18e7f5ad-6f64-9e86-3f8d-3ffdc05df7e8">
      <Execution id="646f111c-c346-4699-a6ae-7c7cc3af3969" />
      <TestMethod codeBase="D:\actions-runner\_work\XPCO\XPCO\Common\SC_CommonFiles\zSC_CommonFiles_UnitTest\bin\Debug\net472\zSC_CommonFiles_UnitTest.dll" adapterTypeName="executor://mstestadapter/v2" className="zSC_CommonFiles_UnitTest.VideoOS.UI.Common.WPF.VideoText.VideoTextWindowViewModelTests" name="SerializedSlides_ShouldCorrectlySerializeAndDeserialize" />
    </UnitTest>
    <UnitTest name="GetImageSource_Missing24px_Returns32pxImage" storage="d:\actions-runner\_work\xpco\xpco\common\sc_commonfiles\zsc_commonfiles_unittest\bin\debug\net472\zsc_commonfiles_unittest.dll" id="856c051c-051a-4b4c-bec5-8f02fddd04ae">
      <TestCategory>
        <TestCategoryItem TestCategory="SC_CommonFiles.WPF" />
      </TestCategory>
      <Execution id="26e72d2c-79a6-4057-a62b-3e55b4ca7cac" />
      <TestMethod codeBase="D:\actions-runner\_work\XPCO\XPCO\Common\SC_CommonFiles\zSC_CommonFiles_UnitTest\bin\Debug\net472\zSC_CommonFiles_UnitTest.dll" adapterTypeName="executor://mstestadapter/v2" className="zSC_CommonFiles_UnitTest.VideoOS.UI.Common.WPF.Utils.ExtensionMethods.IconExtensionsTests" name="GetImageSource_Missing24px_Returns32pxImage" />
    </UnitTest>
    <UnitTest name="GetStates_NoSessionStarted_NewSession" storage="d:\actions-runner\_work\xpco\xpco\common\sc_commonfiles\zsc_commonfiles_unittest\bin\debug\net472\zsc_commonfiles_unittest.dll" id="d326e466-8fe4-d29b-9b6b-a9886d65bce4">
      <Execution id="3e928432-fd67-4b52-9b8e-bf47b9f256a0" />
      <TestMethod codeBase="D:\actions-runner\_work\XPCO\XPCO\Common\SC_CommonFiles\zSC_CommonFiles_UnitTest\bin\Debug\net472\zSC_CommonFiles_UnitTest.dll" adapterTypeName="executor://mstestadapter/v2" className="zSC_CommonFiles_UnitTest.VideoOS.Common.State.StateManagerTests" name="GetStates_NoSessionStarted_NewSession" />
    </UnitTest>
    <UnitTest name="FindOptimalTilingCalculatesEqualNumberOfRowsAndColumnsIfRatioIsOne" storage="d:\actions-runner\_work\xpco\xpco\common\sc_commonfiles\zsc_commonfiles_unittest\bin\debug\net472\zsc_commonfiles_unittest.dll" id="8d2e4a94-ff96-e137-7aa1-856c2b177202">
      <Execution id="9e4fae27-ad84-43d2-994d-bdac79ac8cac" />
      <TestMethod codeBase="D:\actions-runner\_work\XPCO\XPCO\Common\SC_CommonFiles\zSC_CommonFiles_UnitTest\bin\Debug\net472\zSC_CommonFiles_UnitTest.dll" adapterTypeName="executor://mstestadapter/v2" className="zSC_CommonFiles_UnitTest.DashboardTilesTests" name="FindOptimalTilingCalculatesEqualNumberOfRowsAndColumnsIfRatioIsOne" />
    </UnitTest>
    <UnitTest name="RoundToMillisecond_Down" storage="d:\actions-runner\_work\xpco\xpco\common\sc_commonfiles\zsc_commonfiles_unittest\bin\debug\net472\zsc_commonfiles_unittest.dll" id="9e746348-f3a7-2f41-9d29-e3b583264792">
      <Execution id="d122e576-1735-4ad0-93ea-482466586781" />
      <TestMethod codeBase="D:\actions-runner\_work\XPCO\XPCO\Common\SC_CommonFiles\zSC_CommonFiles_UnitTest\bin\Debug\net472\zSC_CommonFiles_UnitTest.dll" adapterTypeName="executor://mstestadapter/v2" className="zSC_CommonFiles_UnitTest.VideoOS.UI.Common.WPF.Utils.ExtensionMethods.DateTimeExtensionsTests" name="RoundToMillisecond_Down" />
    </UnitTest>
    <UnitTest name="DispatcherCreateTest" storage="d:\actions-runner\_work\xpco\xpco\common\sc_commonfiles\zsc_commonfiles_unittest\bin\debug\net472\zsc_commonfiles_unittest.dll" id="d78750b2-ef6e-b941-b3e8-5db7115013c1">
      <Execution id="dde66c52-10b7-4c1e-bba4-8c4d131f06d4" />
      <TestMethod codeBase="D:\actions-runner\_work\XPCO\XPCO\Common\SC_CommonFiles\zSC_CommonFiles_UnitTest\bin\Debug\net472\zSC_CommonFiles_UnitTest.dll" adapterTypeName="executor://mstestadapter/v2" className="SmartClient_UnitTest.VideoOS.UI.Common.WPF.Utils.Threading.DispatcherExtensionsTest" name="DispatcherCreateTest" />
    </UnitTest>
    <UnitTest name="SpinlockHandlerTest" storage="d:\actions-runner\_work\xpco\xpco\common\sc_commonfiles\zsc_commonfiles_unittest\bin\debug\net472\zsc_commonfiles_unittest.dll" id="6b82ab31-6a38-fe74-50c1-7d145afb1011">
      <Execution id="790a353b-9732-4519-af8d-d341e55eb703" />
      <TestMethod codeBase="D:\actions-runner\_work\XPCO\XPCO\Common\SC_CommonFiles\zSC_CommonFiles_UnitTest\bin\Debug\net472\zSC_CommonFiles_UnitTest.dll" adapterTypeName="executor://mstestadapter/v2" className="SmartClient_UnitTest.VideoOS.UI.Common.WPF.Utils.Threading.SpinLockHandlerTest" name="SpinlockHandlerTest" />
    </UnitTest>
    <UnitTest name="AuthenticationSimple_SetProperties_Success" storage="d:\actions-runner\_work\xpco\xpco\common\sc_commonfiles\zsc_commonfiles_unittest\bin\debug\net472\zsc_commonfiles_unittest.dll" id="7b296182-9791-5bb6-d0bc-cac1175b5b79">
      <TestCategory>
        <TestCategoryItem TestCategory="AuthenticationInfoTests" />
      </TestCategory>
      <Execution id="7a7130d0-3427-4210-b19a-5eb313a91eef" />
      <TestMethod codeBase="D:\actions-runner\_work\XPCO\XPCO\Common\SC_CommonFiles\zSC_CommonFiles_UnitTest\bin\Debug\net472\zSC_CommonFiles_UnitTest.dll" adapterTypeName="executor://mstestadapter/v2" className="zSC_CommonFiles_UnitTest.VideoOS.Common.Login.AuthenticationInfoTests" name="AuthenticationSimple_SetProperties_Success" />
    </UnitTest>
    <UnitTest name="ShowDialogScaledHorizontalCenter_EnsureWithinScreen_100Percent_Scaling" storage="d:\actions-runner\_work\xpco\xpco\common\sc_commonfiles\zsc_commonfiles_unittest\bin\debug\net472\zsc_commonfiles_unittest.dll" id="0cb85e0d-e620-5ffd-3a6f-c0a03dbcffb6">
      <Execution id="c2fa3bca-2e1a-4d84-870a-10a78efa367e" />
      <TestMethod codeBase="D:\actions-runner\_work\XPCO\XPCO\Common\SC_CommonFiles\zSC_CommonFiles_UnitTest\bin\Debug\net472\zSC_CommonFiles_UnitTest.dll" adapterTypeName="executor://mstestadapter/v2" className="zSC_CommonFiles_UnitTest.VideoOS.UI.Common.WPF.Utils.ExtensionMethods.WindowExtensionsTests" name="ShowDialogScaledHorizontalCenter_EnsureWithinScreen_100Percent_Scaling" />
    </UnitTest>
    <UnitTest name="ChangeMaxValue_LessThanMinValue_RangeAndMinValueUpdated" storage="d:\actions-runner\_work\xpco\xpco\common\sc_commonfiles\zsc_commonfiles_unittest\bin\debug\net472\zsc_commonfiles_unittest.dll" id="b62c4f1d-0c70-3ca6-698f-93042754bfc6">
      <TestCategory>
        <TestCategoryItem TestCategory="RangeSelector" />
      </TestCategory>
      <Execution id="e6f51672-58e5-4066-a2ac-a87221d2a19a" />
      <TestMethod codeBase="D:\actions-runner\_work\XPCO\XPCO\Common\SC_CommonFiles\zSC_CommonFiles_UnitTest\bin\Debug\net472\zSC_CommonFiles_UnitTest.dll" adapterTypeName="executor://mstestadapter/v2" className="VideoOS.UI.Common.WPF.RangeSelector.RangeSelectorTest" name="ChangeMaxValue_LessThanMinValue_RangeAndMinValueUpdated" />
    </UnitTest>
    <UnitTest name="AuthenticationWindows_SetEnabled_Throws_InvalidOperationException" storage="d:\actions-runner\_work\xpco\xpco\common\sc_commonfiles\zsc_commonfiles_unittest\bin\debug\net472\zsc_commonfiles_unittest.dll" id="4c2c17d3-0b22-1bad-fc18-dfc6e618f39b">
      <TestCategory>
        <TestCategoryItem TestCategory="AuthenticationInfoTests" />
      </TestCategory>
      <Execution id="9b2e25df-4ccc-4dd0-a7e1-451a95ce5805" />
      <TestMethod codeBase="D:\actions-runner\_work\XPCO\XPCO\Common\SC_CommonFiles\zSC_CommonFiles_UnitTest\bin\Debug\net472\zSC_CommonFiles_UnitTest.dll" adapterTypeName="executor://mstestadapter/v2" className="zSC_CommonFiles_UnitTest.VideoOS.Common.Login.AuthenticationInfoTests" name="AuthenticationWindows_SetEnabled_Throws_InvalidOperationException" />
    </UnitTest>
    <UnitTest name="RoundToMinute_RoundDown" storage="d:\actions-runner\_work\xpco\xpco\common\sc_commonfiles\zsc_commonfiles_unittest\bin\debug\net472\zsc_commonfiles_unittest.dll" id="91452546-d657-4c1c-6138-277aca7ba885">
      <Execution id="135da8b5-ef6a-4bff-9171-6b249a12ba42" />
      <TestMethod codeBase="D:\actions-runner\_work\XPCO\XPCO\Common\SC_CommonFiles\zSC_CommonFiles_UnitTest\bin\Debug\net472\zSC_CommonFiles_UnitTest.dll" adapterTypeName="executor://mstestadapter/v2" className="zSC_CommonFiles_UnitTest.VideoOS.UI.Common.WPF.Utils.ExtensionMethods.TimeSpanExtensionsTests" name="RoundToMinute_RoundDown" />
    </UnitTest>
    <UnitTest name="AuthenticationSimple_SetName_Throws_InvalidOperationException" storage="d:\actions-runner\_work\xpco\xpco\common\sc_commonfiles\zsc_commonfiles_unittest\bin\debug\net472\zsc_commonfiles_unittest.dll" id="bb23e984-379e-7e0e-1bce-dc1dbfcf6fc3">
      <TestCategory>
        <TestCategoryItem TestCategory="AuthenticationInfoTests" />
      </TestCategory>
      <Execution id="f097de50-b895-4a75-a5ef-65482e2a077c" />
      <TestMethod codeBase="D:\actions-runner\_work\XPCO\XPCO\Common\SC_CommonFiles\zSC_CommonFiles_UnitTest\bin\Debug\net472\zSC_CommonFiles_UnitTest.dll" adapterTypeName="executor://mstestadapter/v2" className="zSC_CommonFiles_UnitTest.VideoOS.Common.Login.AuthenticationInfoTests" name="AuthenticationSimple_SetName_Throws_InvalidOperationException" />
    </UnitTest>
    <UnitTest name="Constructor_OAuth_ArgumentNull_NotThrown" storage="d:\actions-runner\_work\xpco\xpco\common\sc_commonfiles\zsc_commonfiles_unittest\bin\debug\net472\zsc_commonfiles_unittest.dll" id="d94fec79-4b64-232e-e01f-dd0b26b0effe">
      <Execution id="7fe2394f-e889-423d-9f7b-e1552fad5909" />
      <TestMethod codeBase="D:\actions-runner\_work\XPCO\XPCO\Common\SC_CommonFiles\zSC_CommonFiles_UnitTest\bin\Debug\net472\zSC_CommonFiles_UnitTest.dll" adapterTypeName="executor://mstestadapter/v2" className="zSC_CommonFiles_UnitTest.VideoOS.Common.State.StateHandlerTests" name="Constructor_OAuth_ArgumentNull_NotThrown" />
    </UnitTest>
    <UnitTest name="GetAllIntersectingTest" storage="d:\actions-runner\_work\xpco\xpco\common\sc_commonfiles\zsc_commonfiles_unittest\bin\debug\net472\zsc_commonfiles_unittest.dll" id="dbce7785-0027-ceda-950a-0631c1c23a9b">
      <Execution id="b9ccf081-9ff2-4a40-ba04-c9670ef17a6a" />
      <TestMethod codeBase="D:\actions-runner\_work\XPCO\XPCO\Common\SC_CommonFiles\zSC_CommonFiles_UnitTest\bin\Debug\net472\zSC_CommonFiles_UnitTest.dll" adapterTypeName="executor://mstestadapter/v2" className="SmartClient_UnitTest_VideoOS_UI_Common_WPF_Timeline.TimeIntervalC5ExtensionTest" name="GetAllIntersectingTest" />
    </UnitTest>
    <UnitTest name="Convert_ShouldReturnUnsetValue_WhenValueCannotBeParsedToAnIntegerValue" storage="d:\actions-runner\_work\xpco\xpco\common\sc_commonfiles\zsc_commonfiles_unittest\bin\debug\net472\zsc_commonfiles_unittest.dll" id="4e8ec708-b63a-3736-0e4f-25924095128b">
      <Execution id="c5dd5d10-73fc-48ec-84ba-47ee928e84b0" />
      <TestMethod codeBase="D:\actions-runner\_work\XPCO\XPCO\Common\SC_CommonFiles\zSC_CommonFiles_UnitTest\bin\Debug\net472\zSC_CommonFiles_UnitTest.dll" adapterTypeName="executor://mstestadapter/v2" className="zSC_CommonFiles_UnitTest.VideoOS.UI.Common.WPF.Utils.Converters.CountToStringConverterTests" name="Convert_ShouldReturnUnsetValue_WhenValueCannotBeParsedToAnIntegerValue" />
    </UnitTest>
    <UnitTest name="Constructor_OAuth_BaseServerAddress_ArgumentNull_Thrown" storage="d:\actions-runner\_work\xpco\xpco\common\sc_commonfiles\zsc_commonfiles_unittest\bin\debug\net472\zsc_commonfiles_unittest.dll" id="c6b0eba2-ea22-d188-1409-7b75cdedc201">
      <Execution id="0d2e2d2a-d32e-4db7-9944-1ff7a0aa94c3" />
      <TestMethod codeBase="D:\actions-runner\_work\XPCO\XPCO\Common\SC_CommonFiles\zSC_CommonFiles_UnitTest\bin\Debug\net472\zSC_CommonFiles_UnitTest.dll" adapterTypeName="executor://mstestadapter/v2" className="zSC_CommonFiles_UnitTest.VideoOS.Common.State.StateHandlerTests" name="Constructor_OAuth_BaseServerAddress_ArgumentNull_Thrown" />
    </UnitTest>
    <UnitTest name="FormsControlScaledLocationAndSize_AnchorLeftAndTop_100Percent_Scaling" storage="d:\actions-runner\_work\xpco\xpco\common\sc_commonfiles\zsc_commonfiles_unittest\bin\debug\net472\zsc_commonfiles_unittest.dll" id="c6a10fb2-e3f8-d6eb-e921-0173f07aa1b5">
      <Execution id="bcc8c314-f03e-4a37-855b-783005df4bba" />
      <TestMethod codeBase="D:\actions-runner\_work\XPCO\XPCO\Common\SC_CommonFiles\zSC_CommonFiles_UnitTest\bin\Debug\net472\zSC_CommonFiles_UnitTest.dll" adapterTypeName="executor://mstestadapter/v2" className="zSC_CommonFiles_UnitTest.VideoOS.UI.Common.WPF.Utils.ExtensionMethods.WindowExtensionsTests" name="FormsControlScaledLocationAndSize_AnchorLeftAndTop_100Percent_Scaling" />
    </UnitTest>
    <UnitTest name="RemoveNonExistingToast_Success" storage="d:\actions-runner\_work\xpco\xpco\common\sc_commonfiles\zsc_commonfiles_unittest\bin\debug\net472\zsc_commonfiles_unittest.dll" id="8222d29f-50ae-b106-6ccd-5b5874365d8b">
      <TestCategory>
        <TestCategoryItem TestCategory="Toasts" />
      </TestCategory>
      <Execution id="724f7a3d-29a9-4392-9055-b0b45a99901d" />
      <TestMethod codeBase="D:\actions-runner\_work\XPCO\XPCO\Common\SC_CommonFiles\zSC_CommonFiles_UnitTest\bin\Debug\net472\zSC_CommonFiles_UnitTest.dll" adapterTypeName="executor://mstestadapter/v2" className="zSC_CommonFiles_UnitTest.VideoOS.UI.Common.WPF.Toast.ToastsViewModelTests" name="RemoveNonExistingToast_Success" />
    </UnitTest>
    <UnitTest name="IsUnsecureConnectionAllowedForUser_ShouldReturnFalse_WhenUsernameDoesNotExist" storage="d:\actions-runner\_work\xpco\xpco\common\sc_commonfiles\zsc_commonfiles_unittest\bin\debug\net472\zsc_commonfiles_unittest.dll" id="439fd027-b2f2-7d61-d60d-ad31877df020">
      <Execution id="d4dd3c5a-9c97-43d3-911d-4330c99e8282" />
      <TestMethod codeBase="D:\actions-runner\_work\XPCO\XPCO\Common\SC_CommonFiles\zSC_CommonFiles_UnitTest\bin\Debug\net472\zSC_CommonFiles_UnitTest.dll" adapterTypeName="executor://mstestadapter/v2" className="zSC_CommonFiles_UnitTest.VideoOS.Common.Login.UIConnectionInfoTests" name="IsUnsecureConnectionAllowedForUser_ShouldReturnFalse_WhenUsernameDoesNotExist" />
    </UnitTest>
    <UnitTest name="MouseDown_OverRightRangeBar_RangeMinUpdated" storage="d:\actions-runner\_work\xpco\xpco\common\sc_commonfiles\zsc_commonfiles_unittest\bin\debug\net472\zsc_commonfiles_unittest.dll" id="08c8c1c6-bdcb-21d2-0325-62806128a803">
      <TestCategory>
        <TestCategoryItem TestCategory="RangeSelector" />
      </TestCategory>
      <Execution id="b649f34b-ac54-4fd8-9bd1-cfce58b8ad7b" />
      <TestMethod codeBase="D:\actions-runner\_work\XPCO\XPCO\Common\SC_CommonFiles\zSC_CommonFiles_UnitTest\bin\Debug\net472\zSC_CommonFiles_UnitTest.dll" adapterTypeName="executor://mstestadapter/v2" className="VideoOS.UI.Common.WPF.RangeSelector.RangeSelectorTest" name="MouseDown_OverRightRangeBar_RangeMinUpdated" />
    </UnitTest>
    <UnitTest name="Constructor_ShouldCreateEmptyTree_WhenUnitsHaveNoParent" storage="d:\actions-runner\_work\xpco\xpco\common\sc_commonfiles\zsc_commonfiles_unittest\bin\debug\net472\zsc_commonfiles_unittest.dll" id="223a2e32-2c68-23be-9c45-d825c6cf4171">
      <Execution id="238212e5-d171-4486-9dfb-d763e79aa706" />
      <TestMethod codeBase="D:\actions-runner\_work\XPCO\XPCO\Common\SC_CommonFiles\zSC_CommonFiles_UnitTest\bin\Debug\net472\zSC_CommonFiles_UnitTest.dll" adapterTypeName="executor://mstestadapter/v2" className="SmartClient_UnitTest_VideoOS_UI_Common_WPF_FilterTree.FilterTreeUserControlViewModelTest" name="Constructor_ShouldCreateEmptyTree_WhenUnitsHaveNoParent" />
    </UnitTest>
    <UnitTest name="DoComboTicksAllIfSelectedTileIsNull" storage="d:\actions-runner\_work\xpco\xpco\common\sc_commonfiles\zsc_commonfiles_unittest\bin\debug\net472\zsc_commonfiles_unittest.dll" id="a6478b4f-f785-703a-7384-c2061869f444">
      <Execution id="6e97bc0e-a547-4959-b52a-36aad0c4d29e" />
      <TestMethod codeBase="D:\actions-runner\_work\XPCO\XPCO\Common\SC_CommonFiles\zSC_CommonFiles_UnitTest\bin\Debug\net472\zSC_CommonFiles_UnitTest.dll" adapterTypeName="executor://mstestadapter/v2" className="zSC_CommonFiles_UnitTest.DashboardTilesTests" name="DoComboTicksAllIfSelectedTileIsNull" />
    </UnitTest>
    <UnitTest name="SequenceEquals_NullCollection_IgnoreOrder_FalseResult" storage="d:\actions-runner\_work\xpco\xpco\common\sc_commonfiles\zsc_commonfiles_unittest\bin\debug\net472\zsc_commonfiles_unittest.dll" id="eee8a259-a056-ce20-fd00-ef8675395c38">
      <Execution id="22424d4b-16df-44ca-9f17-5fd9804e0079" />
      <TestMethod codeBase="D:\actions-runner\_work\XPCO\XPCO\Common\SC_CommonFiles\zSC_CommonFiles_UnitTest\bin\Debug\net472\zSC_CommonFiles_UnitTest.dll" adapterTypeName="executor://mstestadapter/v2" className="zSC_CommonFiles_UnitTest.VideoOS.UI.Common.WPF.Utils.ObservableCollectionExtensionTest" name="SequenceEquals_NullCollection_IgnoreOrder_FalseResult" />
    </UnitTest>
    <UnitTest name="GetStates_NoSessionStarted_NoSession" storage="d:\actions-runner\_work\xpco\xpco\common\sc_commonfiles\zsc_commonfiles_unittest\bin\debug\net472\zsc_commonfiles_unittest.dll" id="97ed5bad-2fed-e9d4-6d6f-bad924a904de">
      <Execution id="5dd625cc-265d-48fc-bd36-4244fd2bb9ac" />
      <TestMethod codeBase="D:\actions-runner\_work\XPCO\XPCO\Common\SC_CommonFiles\zSC_CommonFiles_UnitTest\bin\Debug\net472\zSC_CommonFiles_UnitTest.dll" adapterTypeName="executor://mstestadapter/v2" className="zSC_CommonFiles_UnitTest.VideoOS.Common.State.ServerStateManagerTests" name="GetStates_NoSessionStarted_NoSession" />
    </UnitTest>
    <UnitTest name="SequenceEquals_UnequalCollections_RespectOrder_SymmetricalTrueResult" storage="d:\actions-runner\_work\xpco\xpco\common\sc_commonfiles\zsc_commonfiles_unittest\bin\debug\net472\zsc_commonfiles_unittest.dll" id="5095d613-b74e-da81-c8c0-bc71c282beb3">
      <Execution id="d389e438-5c26-4676-8d78-95eb3f4026d5" />
      <TestMethod codeBase="D:\actions-runner\_work\XPCO\XPCO\Common\SC_CommonFiles\zSC_CommonFiles_UnitTest\bin\Debug\net472\zSC_CommonFiles_UnitTest.dll" adapterTypeName="executor://mstestadapter/v2" className="zSC_CommonFiles_UnitTest.VideoOS.UI.Common.WPF.Utils.ObservableCollectionExtensionTest" name="SequenceEquals_UnequalCollections_RespectOrder_SymmetricalTrueResult" />
    </UnitTest>
    <UnitTest name="OnPreviewKeyDown_LeftCtrl_Click_Select_Success" storage="d:\actions-runner\_work\xpco\xpco\common\sc_commonfiles\zsc_commonfiles_unittest\bin\debug\net472\zsc_commonfiles_unittest.dll" id="fbddede5-5be9-fcfe-2d72-bc891322f303">
      <TestCategory>
        <TestCategoryItem TestCategory="SC_CommonFiles.WPF.TileLayout" />
      </TestCategory>
      <Execution id="6b590541-cd9a-41ad-b231-188e5e4ecca3" />
      <TestMethod codeBase="D:\actions-runner\_work\XPCO\XPCO\Common\SC_CommonFiles\zSC_CommonFiles_UnitTest\bin\Debug\net472\zSC_CommonFiles_UnitTest.dll" adapterTypeName="executor://mstestadapter/v2" className="zSC_CommonFiles_UnitTest.VideoOS.UI.Common.WPF.TileLayout.TileLayoutTest" name="OnPreviewKeyDown_LeftCtrl_Click_Select_Success" />
    </UnitTest>
    <UnitTest name="RoundToMinute_Up" storage="d:\actions-runner\_work\xpco\xpco\common\sc_commonfiles\zsc_commonfiles_unittest\bin\debug\net472\zsc_commonfiles_unittest.dll" id="b301c31a-5fce-b4b4-96b1-9d8598e593a2">
      <Execution id="2e4bf799-c221-4693-bb8f-60fe74831ea6" />
      <TestMethod codeBase="D:\actions-runner\_work\XPCO\XPCO\Common\SC_CommonFiles\zSC_CommonFiles_UnitTest\bin\Debug\net472\zSC_CommonFiles_UnitTest.dll" adapterTypeName="executor://mstestadapter/v2" className="zSC_CommonFiles_UnitTest.VideoOS.UI.Common.WPF.Utils.ExtensionMethods.DateTimeExtensionsTests" name="RoundToMinute_Up" />
    </UnitTest>
    <UnitTest name="OnPreviewKeyDown_Down_Success" storage="d:\actions-runner\_work\xpco\xpco\common\sc_commonfiles\zsc_commonfiles_unittest\bin\debug\net472\zsc_commonfiles_unittest.dll" id="75ddff72-1da7-7256-0e4d-9208c0d7b717">
      <TestCategory>
        <TestCategoryItem TestCategory="SC_CommonFiles.WPF.TileLayout" />
      </TestCategory>
      <Execution id="ffdf6eb1-c953-4485-9781-a4afee36ebfe" />
      <TestMethod codeBase="D:\actions-runner\_work\XPCO\XPCO\Common\SC_CommonFiles\zSC_CommonFiles_UnitTest\bin\Debug\net472\zSC_CommonFiles_UnitTest.dll" adapterTypeName="executor://mstestadapter/v2" className="zSC_CommonFiles_UnitTest.VideoOS.UI.Common.WPF.TileLayout.TileLayoutTest" name="OnPreviewKeyDown_Down_Success" />
    </UnitTest>
    <UnitTest name="GetTimeSpanValueOrDefault_WrongKeyValue_DefaultValueReturned" storage="d:\actions-runner\_work\xpco\xpco\common\sc_commonfiles\zsc_commonfiles_unittest\bin\debug\net472\zsc_commonfiles_unittest.dll" id="17d84dca-08db-1fc3-9f2e-4c3ca40d4597">
      <Execution id="10980350-bb03-4c91-972f-4ae681907e2c" />
      <TestMethod codeBase="D:\actions-runner\_work\XPCO\XPCO\Common\SC_CommonFiles\zSC_CommonFiles_UnitTest\bin\Debug\net472\zSC_CommonFiles_UnitTest.dll" adapterTypeName="executor://mstestadapter/v2" className="zSC_CommonFiles_UnitTest.VideoOS.Common.Configuration.NameValueCollectionExtensionsTest" name="GetTimeSpanValueOrDefault_WrongKeyValue_DefaultValueReturned" />
    </UnitTest>
    <UnitTest name="DoComboSelectionSetsComboTextToTypeNameIfSelectionIsNotInstance" storage="d:\actions-runner\_work\xpco\xpco\common\sc_commonfiles\zsc_commonfiles_unittest\bin\debug\net472\zsc_commonfiles_unittest.dll" id="98ecfc2f-a242-ec20-0f52-a34da70ff901">
      <Execution id="e0c70cd8-dd80-4d0c-bb79-e5014ca318c2" />
      <TestMethod codeBase="D:\actions-runner\_work\XPCO\XPCO\Common\SC_CommonFiles\zSC_CommonFiles_UnitTest\bin\Debug\net472\zSC_CommonFiles_UnitTest.dll" adapterTypeName="executor://mstestadapter/v2" className="zSC_CommonFiles_UnitTest.DashboardTilesTests" name="DoComboSelectionSetsComboTextToTypeNameIfSelectionIsNotInstance" />
    </UnitTest>
    <UnitTest name="SingleCameraMustReturnDisplayNameAsEntityName" storage="d:\actions-runner\_work\xpco\xpco\common\sc_commonfiles\zsc_commonfiles_unittest\bin\debug\net472\zsc_commonfiles_unittest.dll" id="6cb4c9a0-0faa-e5bf-8132-58751189c459">
      <Execution id="44661754-e07e-488d-a4d9-f3ed172afbf3" />
      <TestMethod codeBase="D:\actions-runner\_work\XPCO\XPCO\Common\SC_CommonFiles\zSC_CommonFiles_UnitTest\bin\Debug\net472\zSC_CommonFiles_UnitTest.dll" adapterTypeName="executor://mstestadapter/v2" className="zSC_CommonFiles_UnitTest.LocalizationTests" name="SingleCameraMustReturnDisplayNameAsEntityName" />
    </UnitTest>
    <UnitTest name="GetStates_NoSessionStarted_NoSession" storage="d:\actions-runner\_work\xpco\xpco\common\sc_commonfiles\zsc_commonfiles_unittest\bin\debug\net472\zsc_commonfiles_unittest.dll" id="98ef8a3d-1657-a6ae-7eaf-dfb44be1b2e7">
      <Execution id="e887bebd-141e-4e5f-81be-8100dd9c9d07" />
      <TestMethod codeBase="D:\actions-runner\_work\XPCO\XPCO\Common\SC_CommonFiles\zSC_CommonFiles_UnitTest\bin\Debug\net472\zSC_CommonFiles_UnitTest.dll" adapterTypeName="executor://mstestadapter/v2" className="zSC_CommonFiles_UnitTest.VideoOS.Common.State.StateManagerTests" name="GetStates_NoSessionStarted_NoSession" />
    </UnitTest>
    <UnitTest name="SequenceEquals_EqualCollections_IgnoreOrder_SymmetricalTrueResult" storage="d:\actions-runner\_work\xpco\xpco\common\sc_commonfiles\zsc_commonfiles_unittest\bin\debug\net472\zsc_commonfiles_unittest.dll" id="9f21fd60-dc5f-a407-0a71-dc6ac4edd3a8">
      <Execution id="afd33d64-2d73-4e03-a181-90a9374c8ac0" />
      <TestMethod codeBase="D:\actions-runner\_work\XPCO\XPCO\Common\SC_CommonFiles\zSC_CommonFiles_UnitTest\bin\Debug\net472\zSC_CommonFiles_UnitTest.dll" adapterTypeName="executor://mstestadapter/v2" className="zSC_CommonFiles_UnitTest.VideoOS.UI.Common.WPF.Utils.ObservableCollectionExtensionTest" name="SequenceEquals_EqualCollections_IgnoreOrder_SymmetricalTrueResult" />
    </UnitTest>
    <UnitTest name="Constructor_ShouldCreateTreeOfDepth2_WhenUnitsHaveParentButNoGrandparentButIncludeIsEnabled" storage="d:\actions-runner\_work\xpco\xpco\common\sc_commonfiles\zsc_commonfiles_unittest\bin\debug\net472\zsc_commonfiles_unittest.dll" id="8767f881-fdc8-88b5-6aba-c8e95f3120ba">
      <Execution id="b8a6030c-74fe-4322-93ac-4d0687c8a2dd" />
      <TestMethod codeBase="D:\actions-runner\_work\XPCO\XPCO\Common\SC_CommonFiles\zSC_CommonFiles_UnitTest\bin\Debug\net472\zSC_CommonFiles_UnitTest.dll" adapterTypeName="executor://mstestadapter/v2" className="SmartClient_UnitTest_VideoOS_UI_Common_WPF_FilterTree.FilterTreeUserControlViewModelTest" name="Constructor_ShouldCreateTreeOfDepth2_WhenUnitsHaveParentButNoGrandparentButIncludeIsEnabled" />
    </UnitTest>
    <UnitTest name="IntersectOrdered" storage="d:\actions-runner\_work\xpco\xpco\common\sc_commonfiles\zsc_commonfiles_unittest\bin\debug\net472\zsc_commonfiles_unittest.dll" id="e4efa2e9-6d62-0683-b9e7-1e5cf6253345">
      <Execution id="6668f6f2-9463-4f97-9598-ad11081882a9" />
      <TestMethod codeBase="D:\actions-runner\_work\XPCO\XPCO\Common\SC_CommonFiles\zSC_CommonFiles_UnitTest\bin\Debug\net472\zSC_CommonFiles_UnitTest.dll" adapterTypeName="executor://mstestadapter/v2" className="zSC_CommonFiles_UnitTest.VideoOS.UI.Common.WPF.Utils.ExtensionMethods.IEnumerableExtensionTests" name="IntersectOrdered" />
    </UnitTest>
    <UnitTest name="AddFrameworkElementsOverlay_WithFollowDigitalZoomTrue_ShouldAddToFrameworkElementsOverlaysFollowDigitalZoom" storage="d:\actions-runner\_work\xpco\xpco\common\sc_commonfiles\zsc_commonfiles_unittest\bin\debug\net472\zsc_commonfiles_unittest.dll" id="a219a971-ee6f-7138-7f95-5ebe25d5d446">
      <Execution id="9aa52c23-6888-4ed7-a53f-a057a88d8798" />
      <TestMethod codeBase="D:\actions-runner\_work\XPCO\XPCO\Common\SC_CommonFiles\zSC_CommonFiles_UnitTest\bin\Debug\net472\zSC_CommonFiles_UnitTest.dll" adapterTypeName="executor://mstestadapter/v2" className="zSC_CommonFiles_UnitTest.VideoOS.UI.Common.WPF.VideoPlayer.Model.FrameworkElementsOverlayModelTests" name="AddFrameworkElementsOverlay_WithFollowDigitalZoomTrue_ShouldAddToFrameworkElementsOverlaysFollowDigitalZoom" />
    </UnitTest>
    <UnitTest name="AddToast_NewToast_Success" storage="d:\actions-runner\_work\xpco\xpco\common\sc_commonfiles\zsc_commonfiles_unittest\bin\debug\net472\zsc_commonfiles_unittest.dll" id="876bc370-09a2-ee34-0b46-51df5caf6b5d">
      <TestCategory>
        <TestCategoryItem TestCategory="Toasts" />
      </TestCategory>
      <Execution id="ca19347a-c118-4b67-a01b-ba703abd6295" />
      <TestMethod codeBase="D:\actions-runner\_work\XPCO\XPCO\Common\SC_CommonFiles\zSC_CommonFiles_UnitTest\bin\Debug\net472\zSC_CommonFiles_UnitTest.dll" adapterTypeName="executor://mstestadapter/v2" className="VideoOS.UI.Common.WPF.Toast.ToastManagerTests" name="AddToast_NewToast_Success" />
    </UnitTest>
    <UnitTest name="Dismiss_ToastDismissed" storage="d:\actions-runner\_work\xpco\xpco\common\sc_commonfiles\zsc_commonfiles_unittest\bin\debug\net472\zsc_commonfiles_unittest.dll" id="bc77ee0c-1b15-15e6-cc3d-5cb4ade23cbd">
      <TestCategory>
        <TestCategoryItem TestCategory="Toasts" />
      </TestCategory>
      <Execution id="3244acd3-2d2d-4310-a988-3d8415fa158b" />
      <TestMethod codeBase="D:\actions-runner\_work\XPCO\XPCO\Common\SC_CommonFiles\zSC_CommonFiles_UnitTest\bin\Debug\net472\zSC_CommonFiles_UnitTest.dll" adapterTypeName="executor://mstestadapter/v2" className="zSC_CommonFiles_UnitTest.VideoOS.UI.Common.WPF.Toast.ToastBaseTests" name="Dismiss_ToastDismissed" />
    </UnitTest>
    <UnitTest name="Add_Child_Success" storage="d:\actions-runner\_work\xpco\xpco\common\sc_commonfiles\zsc_commonfiles_unittest\bin\debug\net472\zsc_commonfiles_unittest.dll" id="e245fb45-69ee-13c5-5051-f3d423a730df">
      <TestCategory>
        <TestCategoryItem TestCategory="SC_CommonFiles.WPF.TileLayout" />
      </TestCategory>
      <Execution id="1fb04bd7-a32e-496d-8397-8da9594c5a25" />
      <TestMethod codeBase="D:\actions-runner\_work\XPCO\XPCO\Common\SC_CommonFiles\zSC_CommonFiles_UnitTest\bin\Debug\net472\zSC_CommonFiles_UnitTest.dll" adapterTypeName="executor://mstestadapter/v2" className="zSC_CommonFiles_UnitTest.VideoOS.UI.Common.WPF.TileLayout.ItemHolderTest" name="Add_Child_Success" />
    </UnitTest>
    <UnitTest name="Constructor_BaseServerAddress_ArgumentNull_NotThrown" storage="d:\actions-runner\_work\xpco\xpco\common\sc_commonfiles\zsc_commonfiles_unittest\bin\debug\net472\zsc_commonfiles_unittest.dll" id="c9ba1809-2f3f-3bdb-0be2-cd4f412ec431">
      <Execution id="07e74481-a752-46a2-bdbe-3f9486b5cd37" />
      <TestMethod codeBase="D:\actions-runner\_work\XPCO\XPCO\Common\SC_CommonFiles\zSC_CommonFiles_UnitTest\bin\Debug\net472\zSC_CommonFiles_UnitTest.dll" adapterTypeName="executor://mstestadapter/v2" className="zSC_CommonFiles_UnitTest.VideoOS.Common.State.StateHandlerTests" name="Constructor_BaseServerAddress_ArgumentNull_NotThrown" />
    </UnitTest>
    <UnitTest name="Constructor_ShouldCreateTreeOfDepth2_WhenUnitsHaveGrandparent" storage="d:\actions-runner\_work\xpco\xpco\common\sc_commonfiles\zsc_commonfiles_unittest\bin\debug\net472\zsc_commonfiles_unittest.dll" id="704cc4f9-442e-9c30-b5d7-b60631e124cf">
      <Execution id="1a1e6779-2d72-410c-ae5a-2e31e64585d5" />
      <TestMethod codeBase="D:\actions-runner\_work\XPCO\XPCO\Common\SC_CommonFiles\zSC_CommonFiles_UnitTest\bin\Debug\net472\zSC_CommonFiles_UnitTest.dll" adapterTypeName="executor://mstestadapter/v2" className="SmartClient_UnitTest_VideoOS_UI_Common_WPF_FilterTree.FilterTreeUserControlViewModelTest" name="Constructor_ShouldCreateTreeOfDepth2_WhenUnitsHaveGrandparent" />
    </UnitTest>
    <UnitTest name="TestTest" storage="d:\actions-runner\_work\xpco\xpco\common\sc_commonfiles\zsc_commonfiles_unittest\bin\debug\net472\zsc_commonfiles_unittest.dll" id="35804b06-11f8-fb19-7cd9-4b5182d944a6">
      <Execution id="ad001cc4-197e-4add-96ae-3833043b5192" />
      <TestMethod codeBase="D:\actions-runner\_work\XPCO\XPCO\Common\SC_CommonFiles\zSC_CommonFiles_UnitTest\bin\Debug\net472\zSC_CommonFiles_UnitTest.dll" adapterTypeName="executor://mstestadapter/v2" className="SmartClient_UnitTest_VideoOS_UI_Common_WPF_Timeline_QueryDispatcher.QueryDispatcherTest" name="TestTest" />
    </UnitTest>
    <UnitTest name="ProvideValue_ReturnsThis" storage="d:\actions-runner\_work\xpco\xpco\common\sc_commonfiles\zsc_commonfiles_unittest\bin\debug\net472\zsc_commonfiles_unittest.dll" id="89375aca-5b37-064f-74cf-5102a1c4ec81">
      <TestCategory>
        <TestCategoryItem TestCategory="Converters" />
      </TestCategory>
      <Execution id="baf2f0be-a75b-4f2e-8364-9e2c6bba5347" />
      <TestMethod codeBase="D:\actions-runner\_work\XPCO\XPCO\Common\SC_CommonFiles\zSC_CommonFiles_UnitTest\bin\Debug\net472\zSC_CommonFiles_UnitTest.dll" adapterTypeName="executor://mstestadapter/v2" className="VideoOS.UI.Common.WPF.Utils.Converters.AutomationIdConverterTests" name="ProvideValue_ReturnsThis" />
    </UnitTest>
    <UnitTest name="RoundToMinute_RoundUp" storage="d:\actions-runner\_work\xpco\xpco\common\sc_commonfiles\zsc_commonfiles_unittest\bin\debug\net472\zsc_commonfiles_unittest.dll" id="f02c80b8-49d2-fc2d-4c9d-16620ea9d887">
      <Execution id="0f11626a-6f05-4c6c-9fc8-4ebf6f75ab13" />
      <TestMethod codeBase="D:\actions-runner\_work\XPCO\XPCO\Common\SC_CommonFiles\zSC_CommonFiles_UnitTest\bin\Debug\net472\zSC_CommonFiles_UnitTest.dll" adapterTypeName="executor://mstestadapter/v2" className="zSC_CommonFiles_UnitTest.VideoOS.UI.Common.WPF.Utils.ExtensionMethods.TimeSpanExtensionsTests" name="RoundToMinute_RoundUp" />
    </UnitTest>
    <UnitTest name="RoundToHour_Nearest" storage="d:\actions-runner\_work\xpco\xpco\common\sc_commonfiles\zsc_commonfiles_unittest\bin\debug\net472\zsc_commonfiles_unittest.dll" id="3c8c7252-b903-0c1c-e35f-58aec4759494">
      <Execution id="7c794898-34f4-48d6-9272-23721a1bf35e" />
      <TestMethod codeBase="D:\actions-runner\_work\XPCO\XPCO\Common\SC_CommonFiles\zSC_CommonFiles_UnitTest\bin\Debug\net472\zSC_CommonFiles_UnitTest.dll" adapterTypeName="executor://mstestadapter/v2" className="zSC_CommonFiles_UnitTest.VideoOS.UI.Common.WPF.Utils.ExtensionMethods.DateTimeExtensionsTests" name="RoundToHour_Nearest" />
    </UnitTest>
    <UnitTest name="TryCreateUri_ShouldReturnFalse_WhenInputIsInvalidUri" storage="d:\actions-runner\_work\xpco\xpco\common\sc_commonfiles\zsc_commonfiles_unittest\bin\debug\net472\zsc_commonfiles_unittest.dll" id="8a554420-2901-ce60-a106-99e771204384">
      <Execution id="5ca3a40c-4064-48b3-9a08-702ea8342cfd" />
      <TestMethod codeBase="D:\actions-runner\_work\XPCO\XPCO\Common\SC_CommonFiles\zSC_CommonFiles_UnitTest\bin\Debug\net472\zSC_CommonFiles_UnitTest.dll" adapterTypeName="executor://mstestadapter/v2" className="zSC_CommonFiles_UnitTest.VideoOS.UI.Common.WPF.Utils.ExtensionMethods.StringExtensionsTests" name="TryCreateUri_ShouldReturnFalse_WhenInputIsInvalidUri" />
    </UnitTest>
    <UnitTest name="StartCameraStates_CommunicationException_DoubledSleepDuration" storage="d:\actions-runner\_work\xpco\xpco\common\sc_commonfiles\zsc_commonfiles_unittest\bin\debug\net472\zsc_commonfiles_unittest.dll" id="e5e8af21-71fb-6408-e3b9-cb39965b660d">
      <Execution id="9a0b2bba-e1c2-451b-93de-e8bf95e819c7" />
      <TestMethod codeBase="D:\actions-runner\_work\XPCO\XPCO\Common\SC_CommonFiles\zSC_CommonFiles_UnitTest\bin\Debug\net472\zSC_CommonFiles_UnitTest.dll" adapterTypeName="executor://mstestadapter/v2" className="zSC_CommonFiles_UnitTest.VideoOS.Common.State.StateHandlerTests" name="StartCameraStates_CommunicationException_DoubledSleepDuration" />
    </UnitTest>
    <UnitTest name="SingleCameraGroupMustReturnDisplayNameAsEntityName" storage="d:\actions-runner\_work\xpco\xpco\common\sc_commonfiles\zsc_commonfiles_unittest\bin\debug\net472\zsc_commonfiles_unittest.dll" id="46887356-7c48-625a-9fa8-4ca482d2d04d">
      <Execution id="17f7108d-fef0-43b8-b931-6b3176ca74ba" />
      <TestMethod codeBase="D:\actions-runner\_work\XPCO\XPCO\Common\SC_CommonFiles\zSC_CommonFiles_UnitTest\bin\Debug\net472\zSC_CommonFiles_UnitTest.dll" adapterTypeName="executor://mstestadapter/v2" className="zSC_CommonFiles_UnitTest.LocalizationTests" name="SingleCameraGroupMustReturnDisplayNameAsEntityName" />
    </UnitTest>
    <UnitTest name="TileStateIsUpdatedEvenIfCurrentStatesIsNull" storage="d:\actions-runner\_work\xpco\xpco\common\sc_commonfiles\zsc_commonfiles_unittest\bin\debug\net472\zsc_commonfiles_unittest.dll" id="569900d4-58ce-d7ba-87cf-ed8c555e623f">
      <Execution id="714238b1-5357-4cdf-8e4c-5593c4533bbc" />
      <TestMethod codeBase="D:\actions-runner\_work\XPCO\XPCO\Common\SC_CommonFiles\zSC_CommonFiles_UnitTest\bin\Debug\net472\zSC_CommonFiles_UnitTest.dll" adapterTypeName="executor://mstestadapter/v2" className="zSC_CommonFiles_UnitTest.DashboardTilesTests" name="TileStateIsUpdatedEvenIfCurrentStatesIsNull" />
    </UnitTest>
    <UnitTest name="GetThumbDependOnTheCamId" storage="d:\actions-runner\_work\xpco\xpco\common\sc_commonfiles\zsc_commonfiles_unittest\bin\debug\net472\zsc_commonfiles_unittest.dll" id="4976d7df-aa75-dba7-69e7-9402402b4c8e">
      <Execution id="72a7af5b-2ae2-4ab2-9af7-1ac2976d91cc" />
      <TestMethod codeBase="D:\actions-runner\_work\XPCO\XPCO\Common\SC_CommonFiles\zSC_CommonFiles_UnitTest\bin\Debug\net472\zSC_CommonFiles_UnitTest.dll" adapterTypeName="executor://mstestadapter/v2" className="SC_Common_UnitTest_VideoOS_UI_Common_Data_SequenceRetriever_ThumbCache.ThumbCacheTest" name="GetThumbDependOnTheCamId" />
    </UnitTest>
    <UnitTest name="ShowCustomizeWindowThrowsWhenParentControlIsNull" storage="d:\actions-runner\_work\xpco\xpco\common\sc_commonfiles\zsc_commonfiles_unittest\bin\debug\net472\zsc_commonfiles_unittest.dll" id="5f23c18d-428e-08d4-6861-aed4128bbfb5">
      <Execution id="51258ee6-dd66-43b4-9e3d-95ff09b7d951" />
      <TestMethod codeBase="D:\actions-runner\_work\XPCO\XPCO\Common\SC_CommonFiles\zSC_CommonFiles_UnitTest\bin\Debug\net472\zSC_CommonFiles_UnitTest.dll" adapterTypeName="executor://mstestadapter/v2" className="zSC_CommonFiles_UnitTest.DashboardTilesTests" name="ShowCustomizeWindowThrowsWhenParentControlIsNull" />
    </UnitTest>
    <UnitTest name="ChangeRangeMax_LowerThanRangeMin_StopAtRangeMin" storage="d:\actions-runner\_work\xpco\xpco\common\sc_commonfiles\zsc_commonfiles_unittest\bin\debug\net472\zsc_commonfiles_unittest.dll" id="a157e23c-b861-4296-80a4-584edfe004e0">
      <TestCategory>
        <TestCategoryItem TestCategory="RangeSelector" />
      </TestCategory>
      <Execution id="e5ac7a38-9b6e-455e-a614-2f701cc064b0" />
      <TestMethod codeBase="D:\actions-runner\_work\XPCO\XPCO\Common\SC_CommonFiles\zSC_CommonFiles_UnitTest\bin\Debug\net472\zSC_CommonFiles_UnitTest.dll" adapterTypeName="executor://mstestadapter/v2" className="VideoOS.UI.Common.WPF.RangeSelector.RangeSelectorTest" name="ChangeRangeMax_LowerThanRangeMin_StopAtRangeMin" />
    </UnitTest>
    <UnitTest name="TooltipServiceWarning_EmptyServer" storage="d:\actions-runner\_work\xpco\xpco\common\sc_commonfiles\zsc_commonfiles_unittest\bin\debug\net472\zsc_commonfiles_unittest.dll" id="bd58f8d9-e6cb-76f7-101e-84475807384c">
      <Execution id="fe2c6542-a1d7-44fb-a275-6bc31698a2df" />
      <TestMethod codeBase="D:\actions-runner\_work\XPCO\XPCO\Common\SC_CommonFiles\zSC_CommonFiles_UnitTest\bin\Debug\net472\zSC_CommonFiles_UnitTest.dll" adapterTypeName="executor://mstestadapter/v2" className="zSC_CommonFiles_UnitTest.VideoOS.UI.Common.WPF.Dashboard.Types.ServerTest" name="TooltipServiceWarning_EmptyServer" />
    </UnitTest>
    <UnitTest name="RoundToHour_RoundDown" storage="d:\actions-runner\_work\xpco\xpco\common\sc_commonfiles\zsc_commonfiles_unittest\bin\debug\net472\zsc_commonfiles_unittest.dll" id="a9359554-6927-fb85-3830-72d7f8df0ae0">
      <Execution id="eeac0c58-4d80-4b02-89e1-91ab5400ddab" />
      <TestMethod codeBase="D:\actions-runner\_work\XPCO\XPCO\Common\SC_CommonFiles\zSC_CommonFiles_UnitTest\bin\Debug\net472\zSC_CommonFiles_UnitTest.dll" adapterTypeName="executor://mstestadapter/v2" className="zSC_CommonFiles_UnitTest.VideoOS.UI.Common.WPF.Utils.ExtensionMethods.TimeSpanExtensionsTests" name="RoundToHour_RoundDown" />
    </UnitTest>
    <UnitTest name="CacheCanBeResetTest" storage="d:\actions-runner\_work\xpco\xpco\common\sc_commonfiles\zsc_commonfiles_unittest\bin\debug\net472\zsc_commonfiles_unittest.dll" id="3a338b5e-ca33-280e-31b5-7634bd32733f">
      <Execution id="30d8ae54-6ed3-4e4c-b89c-d5d25a3d1856" />
      <TestMethod codeBase="D:\actions-runner\_work\XPCO\XPCO\Common\SC_CommonFiles\zSC_CommonFiles_UnitTest\bin\Debug\net472\zSC_CommonFiles_UnitTest.dll" adapterTypeName="executor://mstestadapter/v2" className="SC_Common_UnitTest_VideoOS_UI_Common_Data_SequenceRetriever_ThumbCache.ThumbCacheTest" name="CacheCanBeResetTest" />
    </UnitTest>
    <UnitTest name="Ctor_Success" storage="d:\actions-runner\_work\xpco\xpco\common\sc_commonfiles\zsc_commonfiles_unittest\bin\debug\net472\zsc_commonfiles_unittest.dll" id="3b223dd9-b4de-6435-8d9f-fb5af0ea22bc">
      <TestCategory>
        <TestCategoryItem TestCategory="SC_CommonFiles.WPF.TileLayout" />
      </TestCategory>
      <Execution id="8d69bf28-712f-4c2e-b644-2fbd2feba84c" />
      <TestMethod codeBase="D:\actions-runner\_work\XPCO\XPCO\Common\SC_CommonFiles\zSC_CommonFiles_UnitTest\bin\Debug\net472\zSC_CommonFiles_UnitTest.dll" adapterTypeName="executor://mstestadapter/v2" className="zSC_CommonFiles_UnitTest.VideoOS.UI.Common.WPF.TileLayout.ItemEventArgsTest" name="Ctor_Success" />
    </UnitTest>
    <UnitTest name="MouseDrag_RangeMinOverRangeMax_DataInvariantIsOK" storage="d:\actions-runner\_work\xpco\xpco\common\sc_commonfiles\zsc_commonfiles_unittest\bin\debug\net472\zsc_commonfiles_unittest.dll" id="3625363b-2b2b-2a01-cb9b-b878cc7db25a">
      <TestCategory>
        <TestCategoryItem TestCategory="RangeSelector" />
      </TestCategory>
      <Execution id="331fcf19-492e-4f6c-9e24-a75512683e3e" />
      <TestMethod codeBase="D:\actions-runner\_work\XPCO\XPCO\Common\SC_CommonFiles\zSC_CommonFiles_UnitTest\bin\Debug\net472\zSC_CommonFiles_UnitTest.dll" adapterTypeName="executor://mstestadapter/v2" className="VideoOS.UI.Common.WPF.RangeSelector.RangeSelectorTest" name="MouseDrag_RangeMinOverRangeMax_DataInvariantIsOK" />
    </UnitTest>
    <UnitTest name="MouseDrag_RangeMaxLessRangeMin_DataInvariantIsOK" storage="d:\actions-runner\_work\xpco\xpco\common\sc_commonfiles\zsc_commonfiles_unittest\bin\debug\net472\zsc_commonfiles_unittest.dll" id="77b841d2-c43a-4070-249a-23480e6bd29c">
      <TestCategory>
        <TestCategoryItem TestCategory="RangeSelector" />
      </TestCategory>
      <Execution id="ac61bf74-9c4f-428b-8693-508acbfe4752" />
      <TestMethod codeBase="D:\actions-runner\_work\XPCO\XPCO\Common\SC_CommonFiles\zSC_CommonFiles_UnitTest\bin\Debug\net472\zSC_CommonFiles_UnitTest.dll" adapterTypeName="executor://mstestadapter/v2" className="VideoOS.UI.Common.WPF.RangeSelector.RangeSelectorTest" name="MouseDrag_RangeMaxLessRangeMin_DataInvariantIsOK" />
    </UnitTest>
    <UnitTest name="StartCameraStates_TimeoutException_DoubledSleepDuration" storage="d:\actions-runner\_work\xpco\xpco\common\sc_commonfiles\zsc_commonfiles_unittest\bin\debug\net472\zsc_commonfiles_unittest.dll" id="084e4a3f-ffeb-8ba6-a7e4-e16e094a096c">
      <Execution id="d8b22e06-a1b9-449a-b29a-ebbd4602dc79" />
      <TestMethod codeBase="D:\actions-runner\_work\XPCO\XPCO\Common\SC_CommonFiles\zSC_CommonFiles_UnitTest\bin\Debug\net472\zSC_CommonFiles_UnitTest.dll" adapterTypeName="executor://mstestadapter/v2" className="zSC_CommonFiles_UnitTest.VideoOS.Common.State.StateHandlerTests" name="StartCameraStates_TimeoutException_DoubledSleepDuration" />
    </UnitTest>
    <UnitTest name="Constructor_ShouldCreateTreeWithUnitChildren_WhenUnitsHaveParentAndChildrenAndTheyMustBeIncludedInTree" storage="d:\actions-runner\_work\xpco\xpco\common\sc_commonfiles\zsc_commonfiles_unittest\bin\debug\net472\zsc_commonfiles_unittest.dll" id="96d31876-ad33-952c-3bd1-b146a14e3f83">
      <Execution id="0531cccb-57fc-4504-bb5f-90939e96e4e3" />
      <TestMethod codeBase="D:\actions-runner\_work\XPCO\XPCO\Common\SC_CommonFiles\zSC_CommonFiles_UnitTest\bin\Debug\net472\zSC_CommonFiles_UnitTest.dll" adapterTypeName="executor://mstestadapter/v2" className="SmartClient_UnitTest_VideoOS_UI_Common_WPF_FilterTree.FilterTreeUserControlViewModelTest" name="Constructor_ShouldCreateTreeWithUnitChildren_WhenUnitsHaveParentAndChildrenAndTheyMustBeIncludedInTree" />
    </UnitTest>
    <UnitTest name="GetImageSource_fallbackImageThrows_ExceptionIsThrown" storage="d:\actions-runner\_work\xpco\xpco\common\sc_commonfiles\zsc_commonfiles_unittest\bin\debug\net472\zsc_commonfiles_unittest.dll" id="3eb1bfa3-50f3-b918-d5a1-91e494194649">
      <Execution id="6d3514b0-9ec0-4ca2-8acc-ea6cb596b5fe" />
      <TestMethod codeBase="D:\actions-runner\_work\XPCO\XPCO\Common\SC_CommonFiles\zSC_CommonFiles_UnitTest\bin\Debug\net472\zSC_CommonFiles_UnitTest.dll" adapterTypeName="executor://mstestadapter/v2" className="zSC_CommonFiles_UnitTest.VideoOS.UI.Common.WPF.Utils.ExtensionMethods.IconExtensionsTests" name="GetImageSource_fallbackImageThrows_ExceptionIsThrown" />
    </UnitTest>
    <UnitTest name="RightMouseDown_InsideSelection_NothingChanges" storage="d:\actions-runner\_work\xpco\xpco\common\sc_commonfiles\zsc_commonfiles_unittest\bin\debug\net472\zsc_commonfiles_unittest.dll" id="a3cffcd5-ca5b-acfc-2c92-56cbd2780945">
      <TestCategory>
        <TestCategoryItem TestCategory="RangeSelector" />
      </TestCategory>
      <Execution id="befd5ff1-3b52-4495-afc5-c32a753482b1" />
      <TestMethod codeBase="D:\actions-runner\_work\XPCO\XPCO\Common\SC_CommonFiles\zSC_CommonFiles_UnitTest\bin\Debug\net472\zSC_CommonFiles_UnitTest.dll" adapterTypeName="executor://mstestadapter/v2" className="VideoOS.UI.Common.WPF.RangeSelector.RangeSelectorTest" name="RightMouseDown_InsideSelection_NothingChanges" />
    </UnitTest>
    <UnitTest name="Constructor_BasicUser_BaseServerAddress_ArgumentNull_Thrown" storage="d:\actions-runner\_work\xpco\xpco\common\sc_commonfiles\zsc_commonfiles_unittest\bin\debug\net472\zsc_commonfiles_unittest.dll" id="c6e1db41-6039-4a0b-4b5e-460a6a0df8ad">
      <Execution id="d87fe051-7967-478d-a802-c59d1363ece7" />
      <TestMethod codeBase="D:\actions-runner\_work\XPCO\XPCO\Common\SC_CommonFiles\zSC_CommonFiles_UnitTest\bin\Debug\net472\zSC_CommonFiles_UnitTest.dll" adapterTypeName="executor://mstestadapter/v2" className="zSC_CommonFiles_UnitTest.VideoOS.Common.State.StateHandlerTests" name="Constructor_BasicUser_BaseServerAddress_ArgumentNull_Thrown" />
    </UnitTest>
    <UnitTest name="RoundToMinute_Nearest" storage="d:\actions-runner\_work\xpco\xpco\common\sc_commonfiles\zsc_commonfiles_unittest\bin\debug\net472\zsc_commonfiles_unittest.dll" id="8c9d0f43-0c95-b12f-4abf-b89bea8f7dec">
      <Execution id="7b53d790-29d0-4b2b-9385-93cd910a48ab" />
      <TestMethod codeBase="D:\actions-runner\_work\XPCO\XPCO\Common\SC_CommonFiles\zSC_CommonFiles_UnitTest\bin\Debug\net472\zSC_CommonFiles_UnitTest.dll" adapterTypeName="executor://mstestadapter/v2" className="zSC_CommonFiles_UnitTest.VideoOS.UI.Common.WPF.Utils.ExtensionMethods.DateTimeExtensionsTests" name="RoundToMinute_Nearest" />
    </UnitTest>
    <UnitTest name="SequenceEquals_OneCollectionWithDuplicateElementOrderedDifferently_IgnoreOrder_SymmetricalFalseResult" storage="d:\actions-runner\_work\xpco\xpco\common\sc_commonfiles\zsc_commonfiles_unittest\bin\debug\net472\zsc_commonfiles_unittest.dll" id="8ca24930-13c2-9054-276b-c0c9a4d03ea7">
      <Execution id="72a18c83-3757-484d-a0ac-a0145609dcb9" />
      <TestMethod codeBase="D:\actions-runner\_work\XPCO\XPCO\Common\SC_CommonFiles\zSC_CommonFiles_UnitTest\bin\Debug\net472\zSC_CommonFiles_UnitTest.dll" adapterTypeName="executor://mstestadapter/v2" className="zSC_CommonFiles_UnitTest.VideoOS.UI.Common.WPF.Utils.ObservableCollectionExtensionTest" name="SequenceEquals_OneCollectionWithDuplicateElementOrderedDifferently_IgnoreOrder_SymmetricalFalseResult" />
    </UnitTest>
    <UnitTest name="Basic_Functionality_Works" storage="d:\actions-runner\_work\xpco\xpco\common\sc_commonfiles\zsc_commonfiles_unittest\bin\debug\net472\zsc_commonfiles_unittest.dll" id="332e199d-ea86-764a-0c78-68ba66fc4ac1">
      <Execution id="1f649075-faa2-419c-b5a0-745bae3f1660" />
      <TestMethod codeBase="D:\actions-runner\_work\XPCO\XPCO\Common\SC_CommonFiles\zSC_CommonFiles_UnitTest\bin\Debug\net472\zSC_CommonFiles_UnitTest.dll" adapterTypeName="executor://mstestadapter/v2" className="zSC_CommonFiles_UnitTest.VideoOS.UI.Common.WPF.Utils.ReadOnlyCollectionExtensionsTest" name="Basic_Functionality_Works" />
    </UnitTest>
    <UnitTest name="Constructor_WindowsUser_BaseServerAddress_ArgumentNull_Thrown" storage="d:\actions-runner\_work\xpco\xpco\common\sc_commonfiles\zsc_commonfiles_unittest\bin\debug\net472\zsc_commonfiles_unittest.dll" id="ed6cc5e3-e995-dc54-805e-582527975834">
      <Execution id="563f64a5-38d4-4b92-b1f2-d183347128fe" />
      <TestMethod codeBase="D:\actions-runner\_work\XPCO\XPCO\Common\SC_CommonFiles\zSC_CommonFiles_UnitTest\bin\Debug\net472\zSC_CommonFiles_UnitTest.dll" adapterTypeName="executor://mstestadapter/v2" className="zSC_CommonFiles_UnitTest.VideoOS.Common.State.StateHandlerTests" name="Constructor_WindowsUser_BaseServerAddress_ArgumentNull_Thrown" />
    </UnitTest>
    <UnitTest name="Ctor_Success" storage="d:\actions-runner\_work\xpco\xpco\common\sc_commonfiles\zsc_commonfiles_unittest\bin\debug\net472\zsc_commonfiles_unittest.dll" id="f335010e-9fe4-33d4-3df2-9a2fa868a446">
      <TestCategory>
        <TestCategoryItem TestCategory="SC_CommonFiles.WPF.TileLayout" />
      </TestCategory>
      <Execution id="20d2656e-ee50-48eb-b946-e264abf0d9ec" />
      <TestMethod codeBase="D:\actions-runner\_work\XPCO\XPCO\Common\SC_CommonFiles\zSC_CommonFiles_UnitTest\bin\Debug\net472\zSC_CommonFiles_UnitTest.dll" adapterTypeName="executor://mstestadapter/v2" className="zSC_CommonFiles_UnitTest.VideoOS.UI.Common.WPF.TileLayout.TileLayoutTest" name="Ctor_Success" />
    </UnitTest>
    <UnitTest name="IsFailover_IsNotFailover_IDNotSet" storage="d:\actions-runner\_work\xpco\xpco\common\sc_commonfiles\zsc_commonfiles_unittest\bin\debug\net472\zsc_commonfiles_unittest.dll" id="8d92020e-5832-705d-100b-9a3d128c1860">
      <Execution id="d4814481-8a0c-4e23-8749-853b297c2883" />
      <TestMethod codeBase="D:\actions-runner\_work\XPCO\XPCO\Common\SC_CommonFiles\zSC_CommonFiles_UnitTest\bin\Debug\net472\zSC_CommonFiles_UnitTest.dll" adapterTypeName="executor://mstestadapter/v2" className="zSC_CommonFiles_UnitTest.VideoOS.UI.Common.WPF.Dashboard.Types.ServerTypeTest" name="IsFailover_IsNotFailover_IDNotSet" />
    </UnitTest>
    <UnitTest name="Constructor_ShouldCreateTreeOfDepth1_WhenUnitsHaveParentButNoGrandparent" storage="d:\actions-runner\_work\xpco\xpco\common\sc_commonfiles\zsc_commonfiles_unittest\bin\debug\net472\zsc_commonfiles_unittest.dll" id="bd9d6efd-ee5b-c8e1-7fe2-91d5e9a397a3">
      <Execution id="c1be67b3-dc86-4d91-8055-fdca2e7127d4" />
      <TestMethod codeBase="D:\actions-runner\_work\XPCO\XPCO\Common\SC_CommonFiles\zSC_CommonFiles_UnitTest\bin\Debug\net472\zSC_CommonFiles_UnitTest.dll" adapterTypeName="executor://mstestadapter/v2" className="SmartClient_UnitTest_VideoOS_UI_Common_WPF_FilterTree.FilterTreeUserControlViewModelTest" name="Constructor_ShouldCreateTreeOfDepth1_WhenUnitsHaveParentButNoGrandparent" />
    </UnitTest>
    <UnitTest name="StartCameraStates_Success_WithUpdate" storage="d:\actions-runner\_work\xpco\xpco\common\sc_commonfiles\zsc_commonfiles_unittest\bin\debug\net472\zsc_commonfiles_unittest.dll" id="6f43ed26-de60-b0e4-78cc-d52e607c404f">
      <Execution id="75b7b22d-0d41-4015-b161-fde958bbdbce" />
      <TestMethod codeBase="D:\actions-runner\_work\XPCO\XPCO\Common\SC_CommonFiles\zSC_CommonFiles_UnitTest\bin\Debug\net472\zSC_CommonFiles_UnitTest.dll" adapterTypeName="executor://mstestadapter/v2" className="zSC_CommonFiles_UnitTest.VideoOS.Common.State.StateHandlerTests" name="StartCameraStates_Success_WithUpdate" />
    </UnitTest>
    <UnitTest name="ClearUnsecureConnectionAllowedForUser_ShouldRemoveAllowUnsecureConnectionsNode_WhenAllUsersAreRemoved" storage="d:\actions-runner\_work\xpco\xpco\common\sc_commonfiles\zsc_commonfiles_unittest\bin\debug\net472\zsc_commonfiles_unittest.dll" id="ac7da09a-9c21-96d1-0628-e57364e271db">
      <Execution id="0ad3e44b-610f-4ee9-b489-4303da93379e" />
      <TestMethod codeBase="D:\actions-runner\_work\XPCO\XPCO\Common\SC_CommonFiles\zSC_CommonFiles_UnitTest\bin\Debug\net472\zSC_CommonFiles_UnitTest.dll" adapterTypeName="executor://mstestadapter/v2" className="zSC_CommonFiles_UnitTest.VideoOS.Common.Login.UIConnectionInfoTests" name="ClearUnsecureConnectionAllowedForUser_ShouldRemoveAllowUnsecureConnectionsNode_WhenAllUsersAreRemoved" />
    </UnitTest>
    <UnitTest name="GetTimeSpanValueOrDefault_KeyFound_ValueReturned" storage="d:\actions-runner\_work\xpco\xpco\common\sc_commonfiles\zsc_commonfiles_unittest\bin\debug\net472\zsc_commonfiles_unittest.dll" id="1a9ef545-ced5-a479-15d2-22e0772b422a">
      <Execution id="389bd59a-7daa-47b9-ac13-5fa982ce97ac" />
      <TestMethod codeBase="D:\actions-runner\_work\XPCO\XPCO\Common\SC_CommonFiles\zSC_CommonFiles_UnitTest\bin\Debug\net472\zSC_CommonFiles_UnitTest.dll" adapterTypeName="executor://mstestadapter/v2" className="zSC_CommonFiles_UnitTest.VideoOS.Common.Configuration.NameValueCollectionExtensionsTest" name="GetTimeSpanValueOrDefault_KeyFound_ValueReturned" />
    </UnitTest>
    <UnitTest name="Ctor_Success" storage="d:\actions-runner\_work\xpco\xpco\common\sc_commonfiles\zsc_commonfiles_unittest\bin\debug\net472\zsc_commonfiles_unittest.dll" id="91b01448-6a92-47bb-7ce5-67a9221a299c">
      <TestCategory>
        <TestCategoryItem TestCategory="SC_CommonFiles.WPF.TileLayout" />
      </TestCategory>
      <Execution id="a5bcdecd-78da-481a-af16-0fc4e308a7de" />
      <TestMethod codeBase="D:\actions-runner\_work\XPCO\XPCO\Common\SC_CommonFiles\zSC_CommonFiles_UnitTest\bin\Debug\net472\zSC_CommonFiles_UnitTest.dll" adapterTypeName="executor://mstestadapter/v2" className="zSC_CommonFiles_UnitTest.VideoOS.UI.Common.WPF.TileLayout.ItemHolderTest" name="Ctor_Success" />
    </UnitTest>
    <UnitTest name="ctor_Success" storage="d:\actions-runner\_work\xpco\xpco\common\sc_commonfiles\zsc_commonfiles_unittest\bin\debug\net472\zsc_commonfiles_unittest.dll" id="12ac6e7d-4dc0-7730-a820-51b345ac71e7">
      <TestCategory>
        <TestCategoryItem TestCategory="RangeSelector" />
      </TestCategory>
      <Execution id="9983f8e3-a248-4824-9e1b-3e5a62887fea" />
      <TestMethod codeBase="D:\actions-runner\_work\XPCO\XPCO\Common\SC_CommonFiles\zSC_CommonFiles_UnitTest\bin\Debug\net472\zSC_CommonFiles_UnitTest.dll" adapterTypeName="executor://mstestadapter/v2" className="VideoOS.UI.Common.WPF.RangeSelector.RangeSelectorTest" name="ctor_Success" />
    </UnitTest>
    <UnitTest name="SetUnsecureConnectionAllowedForUser_ShouldAddUser_WhenAllowUnsecureConnectionsDoesNotContainUser" storage="d:\actions-runner\_work\xpco\xpco\common\sc_commonfiles\zsc_commonfiles_unittest\bin\debug\net472\zsc_commonfiles_unittest.dll" id="3fd0a529-448c-e9e0-7074-0b5c637ad7a8">
      <Execution id="f73d62f7-a2da-4cf0-b400-02ad06f61057" />
      <TestMethod codeBase="D:\actions-runner\_work\XPCO\XPCO\Common\SC_CommonFiles\zSC_CommonFiles_UnitTest\bin\Debug\net472\zSC_CommonFiles_UnitTest.dll" adapterTypeName="executor://mstestadapter/v2" className="zSC_CommonFiles_UnitTest.VideoOS.Common.Login.UIConnectionInfoTests" name="SetUnsecureConnectionAllowedForUser_ShouldAddUser_WhenAllowUnsecureConnectionsDoesNotContainUser" />
    </UnitTest>
    <UnitTest name="OkEditTileThrowsIfNoEventSources" storage="d:\actions-runner\_work\xpco\xpco\common\sc_commonfiles\zsc_commonfiles_unittest\bin\debug\net472\zsc_commonfiles_unittest.dll" id="3cad3393-810a-cc62-94bb-2ded6c4b88c7">
      <Execution id="05a9c6b1-fed1-4711-a21f-145c91c42ca7" />
      <TestMethod codeBase="D:\actions-runner\_work\XPCO\XPCO\Common\SC_CommonFiles\zSC_CommonFiles_UnitTest\bin\Debug\net472\zSC_CommonFiles_UnitTest.dll" adapterTypeName="executor://mstestadapter/v2" className="zSC_CommonFiles_UnitTest.DashboardTilesTests" name="OkEditTileThrowsIfNoEventSources" />
    </UnitTest>
    <UnitTest name="OnPreviewKeyDown_LeftCtrl_A_SelectAll_Success" storage="d:\actions-runner\_work\xpco\xpco\common\sc_commonfiles\zsc_commonfiles_unittest\bin\debug\net472\zsc_commonfiles_unittest.dll" id="877328ba-697b-0240-60a8-80c7a7d265bf">
      <TestCategory>
        <TestCategoryItem TestCategory="SC_CommonFiles.WPF.TileLayout" />
      </TestCategory>
      <Execution id="44be00e8-19ac-46c2-b9a6-c61a0389e72a" />
      <TestMethod codeBase="D:\actions-runner\_work\XPCO\XPCO\Common\SC_CommonFiles\zSC_CommonFiles_UnitTest\bin\Debug\net472\zSC_CommonFiles_UnitTest.dll" adapterTypeName="executor://mstestadapter/v2" className="zSC_CommonFiles_UnitTest.VideoOS.UI.Common.WPF.TileLayout.TileLayoutTest" name="OnPreviewKeyDown_LeftCtrl_A_SelectAll_Success" />
    </UnitTest>
    <UnitTest name="TileStateBecomesDefinedIfInputStateIsDefined" storage="d:\actions-runner\_work\xpco\xpco\common\sc_commonfiles\zsc_commonfiles_unittest\bin\debug\net472\zsc_commonfiles_unittest.dll" id="70886465-8a9c-f3a3-e66e-9c4d9f1e425f">
      <Execution id="8a848f2c-7c95-479b-83ad-05a491195eb8" />
      <TestMethod codeBase="D:\actions-runner\_work\XPCO\XPCO\Common\SC_CommonFiles\zSC_CommonFiles_UnitTest\bin\Debug\net472\zSC_CommonFiles_UnitTest.dll" adapterTypeName="executor://mstestadapter/v2" className="zSC_CommonFiles_UnitTest.DashboardTilesTests" name="TileStateBecomesDefinedIfInputStateIsDefined" />
    </UnitTest>
    <UnitTest name="AllowUnsecureConnection_ShouldBeTrue_WhenAllowUnsecureIsTrue" storage="d:\actions-runner\_work\xpco\xpco\common\sc_commonfiles\zsc_commonfiles_unittest\bin\debug\net472\zsc_commonfiles_unittest.dll" id="910ea956-c4b4-dc72-c890-ea2c8afbd1ba">
      <Execution id="bc89aa66-7716-4c0b-a059-bd8c7f793f6b" />
      <TestMethod codeBase="D:\actions-runner\_work\XPCO\XPCO\Common\SC_CommonFiles\zSC_CommonFiles_UnitTest\bin\Debug\net472\zSC_CommonFiles_UnitTest.dll" adapterTypeName="executor://mstestadapter/v2" className="zSC_CommonFiles_UnitTest.VideoOS.Common.Login.UIConnectionInfoTests" name="AllowUnsecureConnection_ShouldBeTrue_WhenAllowUnsecureIsTrue" />
    </UnitTest>
    <UnitTest name="GetStates_NoSessionStarted_NewSession" storage="d:\actions-runner\_work\xpco\xpco\common\sc_commonfiles\zsc_commonfiles_unittest\bin\debug\net472\zsc_commonfiles_unittest.dll" id="76a2e345-aae7-9b1e-7fd6-6ac6ca32b74e">
      <Execution id="5ccf6aff-f456-4897-b30e-5c52bb3d4b66" />
      <TestMethod codeBase="D:\actions-runner\_work\XPCO\XPCO\Common\SC_CommonFiles\zSC_CommonFiles_UnitTest\bin\Debug\net472\zSC_CommonFiles_UnitTest.dll" adapterTypeName="executor://mstestadapter/v2" className="zSC_CommonFiles_UnitTest.VideoOS.Common.State.ServerStateManagerTests" name="GetStates_NoSessionStarted_NewSession" />
    </UnitTest>
    <UnitTest name="TooltipServiceWarning_Failover_None" storage="d:\actions-runner\_work\xpco\xpco\common\sc_commonfiles\zsc_commonfiles_unittest\bin\debug\net472\zsc_commonfiles_unittest.dll" id="928f2455-6ebd-8ffd-8fc5-fc1e86ca64c0">
      <Execution id="d0316d4d-5334-4564-9bfb-6122a360017c" />
      <TestMethod codeBase="D:\actions-runner\_work\XPCO\XPCO\Common\SC_CommonFiles\zSC_CommonFiles_UnitTest\bin\Debug\net472\zSC_CommonFiles_UnitTest.dll" adapterTypeName="executor://mstestadapter/v2" className="zSC_CommonFiles_UnitTest.VideoOS.UI.Common.WPF.Dashboard.Types.ServerTest" name="TooltipServiceWarning_Failover_None" />
    </UnitTest>
    <UnitTest name="TooltipServiceWarning_NotCritical" storage="d:\actions-runner\_work\xpco\xpco\common\sc_commonfiles\zsc_commonfiles_unittest\bin\debug\net472\zsc_commonfiles_unittest.dll" id="af71ed0e-187b-fd2b-1963-f93916cf4abc">
      <Execution id="343eefe6-52ef-4da7-8db3-36cb50894a3b" />
      <TestMethod codeBase="D:\actions-runner\_work\XPCO\XPCO\Common\SC_CommonFiles\zSC_CommonFiles_UnitTest\bin\Debug\net472\zSC_CommonFiles_UnitTest.dll" adapterTypeName="executor://mstestadapter/v2" className="zSC_CommonFiles_UnitTest.VideoOS.UI.Common.WPF.Dashboard.Types.ServerTest" name="TooltipServiceWarning_NotCritical" />
    </UnitTest>
    <UnitTest name="UpdateToast_Success" storage="d:\actions-runner\_work\xpco\xpco\common\sc_commonfiles\zsc_commonfiles_unittest\bin\debug\net472\zsc_commonfiles_unittest.dll" id="3a13def5-4099-72b0-8c0e-420253783341">
      <TestCategory>
        <TestCategoryItem TestCategory="Toasts" />
      </TestCategory>
      <Execution id="0c35150b-ed70-4f42-b24d-1e6eb34fa3ef" />
      <TestMethod codeBase="D:\actions-runner\_work\XPCO\XPCO\Common\SC_CommonFiles\zSC_CommonFiles_UnitTest\bin\Debug\net472\zSC_CommonFiles_UnitTest.dll" adapterTypeName="executor://mstestadapter/v2" className="zSC_CommonFiles_UnitTest.VideoOS.UI.Common.WPF.Toast.ToastsViewModelTests" name="UpdateToast_Success" />
    </UnitTest>
    <UnitTest name="Constructor_StateSessionHelper_ArgumentNull_Thrown" storage="d:\actions-runner\_work\xpco\xpco\common\sc_commonfiles\zsc_commonfiles_unittest\bin\debug\net472\zsc_commonfiles_unittest.dll" id="94400230-a0cf-2852-335d-5880a46a038d">
      <Execution id="c68c76aa-b5c8-4c7b-9956-faf3f3b1fef8" />
      <TestMethod codeBase="D:\actions-runner\_work\XPCO\XPCO\Common\SC_CommonFiles\zSC_CommonFiles_UnitTest\bin\Debug\net472\zSC_CommonFiles_UnitTest.dll" adapterTypeName="executor://mstestadapter/v2" className="zSC_CommonFiles_UnitTest.VideoOS.Common.State.CameraStateManagerTests" name="Constructor_StateSessionHelper_ArgumentNull_Thrown" />
    </UnitTest>
    <UnitTest name="TooltipServiceWarning_Failover_UnknownTriggerValue" storage="d:\actions-runner\_work\xpco\xpco\common\sc_commonfiles\zsc_commonfiles_unittest\bin\debug\net472\zsc_commonfiles_unittest.dll" id="f182b61b-da52-b9d6-afe0-3488a377d621">
      <Execution id="0f5d14f3-f02c-4985-99ef-a9a7b411536f" />
      <TestMethod codeBase="D:\actions-runner\_work\XPCO\XPCO\Common\SC_CommonFiles\zSC_CommonFiles_UnitTest\bin\Debug\net472\zSC_CommonFiles_UnitTest.dll" adapterTypeName="executor://mstestadapter/v2" className="zSC_CommonFiles_UnitTest.VideoOS.UI.Common.WPF.Dashboard.Types.ServerTest" name="TooltipServiceWarning_Failover_UnknownTriggerValue" />
    </UnitTest>
    <UnitTest name="Constructor_WindowsUser_Username_ArgumentNull_Thrown" storage="d:\actions-runner\_work\xpco\xpco\common\sc_commonfiles\zsc_commonfiles_unittest\bin\debug\net472\zsc_commonfiles_unittest.dll" id="5c79b57e-42fe-6704-1533-85860c8bbf12">
      <Execution id="aaa95c7b-792d-4225-86bd-b3d0a1f2df13" />
      <TestMethod codeBase="D:\actions-runner\_work\XPCO\XPCO\Common\SC_CommonFiles\zSC_CommonFiles_UnitTest\bin\Debug\net472\zSC_CommonFiles_UnitTest.dll" adapterTypeName="executor://mstestadapter/v2" className="zSC_CommonFiles_UnitTest.VideoOS.Common.State.StateHandlerTests" name="Constructor_WindowsUser_Username_ArgumentNull_Thrown" />
    </UnitTest>
    <UnitTest name="OnPreviewKeyDown_Ctrl_Click_Unselect_Success" storage="d:\actions-runner\_work\xpco\xpco\common\sc_commonfiles\zsc_commonfiles_unittest\bin\debug\net472\zsc_commonfiles_unittest.dll" id="e1f855c8-36b9-4274-1f3f-20a1e21c5404">
      <TestCategory>
        <TestCategoryItem TestCategory="SC_CommonFiles.WPF.TileLayout" />
      </TestCategory>
      <Execution id="387943a0-213c-4051-9963-f219e3a96618" />
      <TestMethod codeBase="D:\actions-runner\_work\XPCO\XPCO\Common\SC_CommonFiles\zSC_CommonFiles_UnitTest\bin\Debug\net472\zSC_CommonFiles_UnitTest.dll" adapterTypeName="executor://mstestadapter/v2" className="zSC_CommonFiles_UnitTest.VideoOS.UI.Common.WPF.TileLayout.TileLayoutTest" name="OnPreviewKeyDown_Ctrl_Click_Unselect_Success" />
    </UnitTest>
    <UnitTest name="AddNullToast_Failure_WithArgumentNullException" storage="d:\actions-runner\_work\xpco\xpco\common\sc_commonfiles\zsc_commonfiles_unittest\bin\debug\net472\zsc_commonfiles_unittest.dll" id="84bf38e9-9144-dc3f-3fbb-788aeff94918">
      <TestCategory>
        <TestCategoryItem TestCategory="Toasts" />
      </TestCategory>
      <Execution id="39301744-c0ae-4b58-8c4c-f32091544430" />
      <TestMethod codeBase="D:\actions-runner\_work\XPCO\XPCO\Common\SC_CommonFiles\zSC_CommonFiles_UnitTest\bin\Debug\net472\zSC_CommonFiles_UnitTest.dll" adapterTypeName="executor://mstestadapter/v2" className="zSC_CommonFiles_UnitTest.VideoOS.UI.Common.WPF.Toast.ToastsViewModelTests" name="AddNullToast_Failure_WithArgumentNullException" />
    </UnitTest>
    <UnitTest name="TileNewStateGetsAddedAndCurrentStatesGetUpdatedIfCurrentStatesIsNullAndNewStateIsNotUndefined" storage="d:\actions-runner\_work\xpco\xpco\common\sc_commonfiles\zsc_commonfiles_unittest\bin\debug\net472\zsc_commonfiles_unittest.dll" id="4cc8300a-eeed-c2e1-d868-e1046399c3e2">
      <Execution id="de40ccb0-0094-42e7-935c-fcb9c763a8dc" />
      <TestMethod codeBase="D:\actions-runner\_work\XPCO\XPCO\Common\SC_CommonFiles\zSC_CommonFiles_UnitTest\bin\Debug\net472\zSC_CommonFiles_UnitTest.dll" adapterTypeName="executor://mstestadapter/v2" className="zSC_CommonFiles_UnitTest.DashboardTilesTests" name="TileNewStateGetsAddedAndCurrentStatesGetUpdatedIfCurrentStatesIsNullAndNewStateIsNotUndefined" />
    </UnitTest>
    <UnitTest name="StopAndDisconnect_SessionStarted_ServiceCalled" storage="d:\actions-runner\_work\xpco\xpco\common\sc_commonfiles\zsc_commonfiles_unittest\bin\debug\net472\zsc_commonfiles_unittest.dll" id="fdac1400-a880-08a5-eb9b-8963e9019833">
      <Execution id="ffe89ec7-7b72-44a7-9dab-36e5894bfbc8" />
      <TestMethod codeBase="D:\actions-runner\_work\XPCO\XPCO\Common\SC_CommonFiles\zSC_CommonFiles_UnitTest\bin\Debug\net472\zSC_CommonFiles_UnitTest.dll" adapterTypeName="executor://mstestadapter/v2" className="zSC_CommonFiles_UnitTest.VideoOS.Common.State.StateManagerTests" name="StopAndDisconnect_SessionStarted_ServiceCalled" />
    </UnitTest>
    <UnitTest name="ExtractItems_ShouldExtractSubset_WhenNotAllItemsAreOfExtractedType" storage="d:\actions-runner\_work\xpco\xpco\common\sc_commonfiles\zsc_commonfiles_unittest\bin\debug\net472\zsc_commonfiles_unittest.dll" id="43785e1c-5d96-d5bd-319b-47bbf8cd5cd3">
      <TestCategory>
        <TestCategoryItem TestCategory="UIControlsExtensions" />
      </TestCategory>
      <Execution id="614f8fd5-5fe9-44d5-8052-d9513e499865" />
      <TestMethod codeBase="D:\actions-runner\_work\XPCO\XPCO\Common\SC_CommonFiles\zSC_CommonFiles_UnitTest\bin\Debug\net472\zSC_CommonFiles_UnitTest.dll" adapterTypeName="executor://mstestadapter/v2" className="zSC_CommonFiles_UnitTest.VideoOS.UI.Common.WPF.Utils.ExtensionMethods.ItemsControlExtensionsTests" name="ExtractItems_ShouldExtractSubset_WhenNotAllItemsAreOfExtractedType" />
    </UnitTest>
    <UnitTest name="GetItemUserControl_Failure" storage="d:\actions-runner\_work\xpco\xpco\common\sc_commonfiles\zsc_commonfiles_unittest\bin\debug\net472\zsc_commonfiles_unittest.dll" id="c1eeccdf-9e70-35f5-8d31-8a133efe3993">
      <TestCategory>
        <TestCategoryItem TestCategory="SC_CommonFiles.WPF.TileLayout" />
      </TestCategory>
      <Execution id="2579870d-45b6-469c-b5da-b99b17966713" />
      <TestMethod codeBase="D:\actions-runner\_work\XPCO\XPCO\Common\SC_CommonFiles\zSC_CommonFiles_UnitTest\bin\Debug\net472\zSC_CommonFiles_UnitTest.dll" adapterTypeName="executor://mstestadapter/v2" className="zSC_CommonFiles_UnitTest.VideoOS.UI.Common.WPF.TileLayout.TileLayoutTest" name="GetItemUserControl_Failure" />
    </UnitTest>
    <UnitTest name="Create_NoRecycledItemsAvailable_Success" storage="d:\actions-runner\_work\xpco\xpco\common\sc_commonfiles\zsc_commonfiles_unittest\bin\debug\net472\zsc_commonfiles_unittest.dll" id="9c6021a0-5c69-1d26-d3e6-3538913699de">
      <Execution id="b455bf11-b5f2-466e-80b6-200d0d4cec74" />
      <TestMethod codeBase="D:\actions-runner\_work\XPCO\XPCO\Common\SC_CommonFiles\zSC_CommonFiles_UnitTest\bin\Debug\net472\zSC_CommonFiles_UnitTest.dll" adapterTypeName="executor://mstestadapter/v2" className="VideoOS.UI.Common.WPF.Utils.RecyclingFactory.RecyclingFactoryTests" name="Create_NoRecycledItemsAvailable_Success" />
    </UnitTest>
    <UnitTest name="Constructor_ShouldCreateTreeOfDepth1_WhenUnitsHaveNoParentButIncludeIsEnabled" storage="d:\actions-runner\_work\xpco\xpco\common\sc_commonfiles\zsc_commonfiles_unittest\bin\debug\net472\zsc_commonfiles_unittest.dll" id="8d4c082a-f9d0-c638-ed0b-343bc5cdce37">
      <Execution id="03d0e1b5-c3e5-49a9-9e6d-b41d3c910235" />
      <TestMethod codeBase="D:\actions-runner\_work\XPCO\XPCO\Common\SC_CommonFiles\zSC_CommonFiles_UnitTest\bin\Debug\net472\zSC_CommonFiles_UnitTest.dll" adapterTypeName="executor://mstestadapter/v2" className="SmartClient_UnitTest_VideoOS_UI_Common_WPF_FilterTree.FilterTreeUserControlViewModelTest" name="Constructor_ShouldCreateTreeOfDepth1_WhenUnitsHaveNoParentButIncludeIsEnabled" />
    </UnitTest>
    <UnitTest name="OnPreviewKeyDown_RightAlt_Click_Select_Success" storage="d:\actions-runner\_work\xpco\xpco\common\sc_commonfiles\zsc_commonfiles_unittest\bin\debug\net472\zsc_commonfiles_unittest.dll" id="7e8a853c-5510-8468-d824-0047ef588b74">
      <TestCategory>
        <TestCategoryItem TestCategory="SC_CommonFiles.WPF.TileLayout" />
      </TestCategory>
      <Execution id="d86feeb1-ace4-4cf9-b9a7-ded6ddbc21d0" />
      <TestMethod codeBase="D:\actions-runner\_work\XPCO\XPCO\Common\SC_CommonFiles\zSC_CommonFiles_UnitTest\bin\Debug\net472\zSC_CommonFiles_UnitTest.dll" adapterTypeName="executor://mstestadapter/v2" className="zSC_CommonFiles_UnitTest.VideoOS.UI.Common.WPF.TileLayout.TileLayoutTest" name="OnPreviewKeyDown_RightAlt_Click_Select_Success" />
    </UnitTest>
    <UnitTest name="MouseDown_InsideSelection_RangeMinUpdated" storage="d:\actions-runner\_work\xpco\xpco\common\sc_commonfiles\zsc_commonfiles_unittest\bin\debug\net472\zsc_commonfiles_unittest.dll" id="4d104602-0dda-c899-6d83-d5aa637c46a2">
      <TestCategory>
        <TestCategoryItem TestCategory="RangeSelector" />
      </TestCategory>
      <Execution id="56b9c610-eb05-45b6-93f6-5e00736203e0" />
      <TestMethod codeBase="D:\actions-runner\_work\XPCO\XPCO\Common\SC_CommonFiles\zSC_CommonFiles_UnitTest\bin\Debug\net472\zSC_CommonFiles_UnitTest.dll" adapterTypeName="executor://mstestadapter/v2" className="VideoOS.UI.Common.WPF.RangeSelector.RangeSelectorTest" name="MouseDown_InsideSelection_RangeMinUpdated" />
    </UnitTest>
    <UnitTest name="IsUnsecureConnectionAllowedForUser_ShouldReturnFalse_WhenAllowUnsecureSetToNotDecided" storage="d:\actions-runner\_work\xpco\xpco\common\sc_commonfiles\zsc_commonfiles_unittest\bin\debug\net472\zsc_commonfiles_unittest.dll" id="ce5d6351-00d4-a4e9-7df0-2fe2199468f7">
      <Execution id="bb7e1284-b0ab-424a-8d8d-989d0bbae90c" />
      <TestMethod codeBase="D:\actions-runner\_work\XPCO\XPCO\Common\SC_CommonFiles\zSC_CommonFiles_UnitTest\bin\Debug\net472\zSC_CommonFiles_UnitTest.dll" adapterTypeName="executor://mstestadapter/v2" className="zSC_CommonFiles_UnitTest.VideoOS.Common.Login.UIConnectionInfoTests" name="IsUnsecureConnectionAllowedForUser_ShouldReturnFalse_WhenAllowUnsecureSetToNotDecided" />
    </UnitTest>
    <UnitTest name="SequenceEquals_DifferentlySizedCollections_IgnoreOrder_SymmetricalFalseResult" storage="d:\actions-runner\_work\xpco\xpco\common\sc_commonfiles\zsc_commonfiles_unittest\bin\debug\net472\zsc_commonfiles_unittest.dll" id="16d4258e-743c-71b8-441e-da9ab5d1a655">
      <Execution id="43af2f3d-ffd0-4291-9371-b15c6f5b121a" />
      <TestMethod codeBase="D:\actions-runner\_work\XPCO\XPCO\Common\SC_CommonFiles\zSC_CommonFiles_UnitTest\bin\Debug\net472\zSC_CommonFiles_UnitTest.dll" adapterTypeName="executor://mstestadapter/v2" className="zSC_CommonFiles_UnitTest.VideoOS.UI.Common.WPF.Utils.ObservableCollectionExtensionTest" name="SequenceEquals_DifferentlySizedCollections_IgnoreOrder_SymmetricalFalseResult" />
    </UnitTest>
    <UnitTest name="SequenceEquals_NullCollection_RespectOrder_FalseResult" storage="d:\actions-runner\_work\xpco\xpco\common\sc_commonfiles\zsc_commonfiles_unittest\bin\debug\net472\zsc_commonfiles_unittest.dll" id="501c02cb-ac5f-5745-c75a-6cf52f922f62">
      <Execution id="657693d5-d83b-462d-a08b-6c3babae060a" />
      <TestMethod codeBase="D:\actions-runner\_work\XPCO\XPCO\Common\SC_CommonFiles\zSC_CommonFiles_UnitTest\bin\Debug\net472\zSC_CommonFiles_UnitTest.dll" adapterTypeName="executor://mstestadapter/v2" className="zSC_CommonFiles_UnitTest.VideoOS.UI.Common.WPF.Utils.ObservableCollectionExtensionTest" name="SequenceEquals_NullCollection_RespectOrder_FalseResult" />
    </UnitTest>
    <UnitTest name="Constructor_StateService_ArgumentNull_Thrown" storage="d:\actions-runner\_work\xpco\xpco\common\sc_commonfiles\zsc_commonfiles_unittest\bin\debug\net472\zsc_commonfiles_unittest.dll" id="a4ebc8c3-3a4e-4ab1-e6c5-04365965ee9e">
      <Execution id="5ccfd010-9fcb-4667-b19f-3fa3930adf40" />
      <TestMethod codeBase="D:\actions-runner\_work\XPCO\XPCO\Common\SC_CommonFiles\zSC_CommonFiles_UnitTest\bin\Debug\net472\zSC_CommonFiles_UnitTest.dll" adapterTypeName="executor://mstestadapter/v2" className="zSC_CommonFiles_UnitTest.VideoOS.Common.State.ServerStateManagerTests" name="Constructor_StateService_ArgumentNull_Thrown" />
    </UnitTest>
    <UnitTest name="FontDownCommand_ShouldDecreaseFontForSelectedSlide" storage="d:\actions-runner\_work\xpco\xpco\common\sc_commonfiles\zsc_commonfiles_unittest\bin\debug\net472\zsc_commonfiles_unittest.dll" id="8a840b5c-7cc0-3e0e-9c58-be69d6fcfb38">
      <Execution id="6f650c08-1444-47da-92ab-50c004991f88" />
      <TestMethod codeBase="D:\actions-runner\_work\XPCO\XPCO\Common\SC_CommonFiles\zSC_CommonFiles_UnitTest\bin\Debug\net472\zSC_CommonFiles_UnitTest.dll" adapterTypeName="executor://mstestadapter/v2" className="zSC_CommonFiles_UnitTest.VideoOS.UI.Common.WPF.VideoText.VideoTextWindowViewModelTests" name="FontDownCommand_ShouldDecreaseFontForSelectedSlide" />
    </UnitTest>
    <UnitTest name="CreateTileMustInitializeWithProperLocalizedText" storage="d:\actions-runner\_work\xpco\xpco\common\sc_commonfiles\zsc_commonfiles_unittest\bin\debug\net472\zsc_commonfiles_unittest.dll" id="87c36423-3ba7-fe8e-7a2d-f8a7fdd246be">
      <Execution id="46cf3cd8-f437-4a5f-90ac-628c48c4d53f" />
      <TestMethod codeBase="D:\actions-runner\_work\XPCO\XPCO\Common\SC_CommonFiles\zSC_CommonFiles_UnitTest\bin\Debug\net472\zSC_CommonFiles_UnitTest.dll" adapterTypeName="executor://mstestadapter/v2" className="zSC_CommonFiles_UnitTest.LocalizationTests" name="CreateTileMustInitializeWithProperLocalizedText" />
    </UnitTest>
    <UnitTest name="ExtractItems_ShouldEmptyItemsControl_WhenAllItemsAreOfExtractedType" storage="d:\actions-runner\_work\xpco\xpco\common\sc_commonfiles\zsc_commonfiles_unittest\bin\debug\net472\zsc_commonfiles_unittest.dll" id="49da23cd-956c-d063-f00f-78019f6587a5">
      <TestCategory>
        <TestCategoryItem TestCategory="UIControlsExtensions" />
      </TestCategory>
      <Execution id="a3bdc7a9-f042-455c-9436-8c2271d36402" />
      <TestMethod codeBase="D:\actions-runner\_work\XPCO\XPCO\Common\SC_CommonFiles\zSC_CommonFiles_UnitTest\bin\Debug\net472\zSC_CommonFiles_UnitTest.dll" adapterTypeName="executor://mstestadapter/v2" className="zSC_CommonFiles_UnitTest.VideoOS.UI.Common.WPF.Utils.ExtensionMethods.ItemsControlExtensionsTests" name="ExtractItems_ShouldEmptyItemsControl_WhenAllItemsAreOfExtractedType" />
    </UnitTest>
    <UnitTest name="AddToast_NullToast_Throws" storage="d:\actions-runner\_work\xpco\xpco\common\sc_commonfiles\zsc_commonfiles_unittest\bin\debug\net472\zsc_commonfiles_unittest.dll" id="33919fac-e25b-5982-05db-e9034087e4af">
      <TestCategory>
        <TestCategoryItem TestCategory="Toasts" />
      </TestCategory>
      <Execution id="cc4215fb-aa9a-4d32-9adf-37040e304fd8" />
      <TestMethod codeBase="D:\actions-runner\_work\XPCO\XPCO\Common\SC_CommonFiles\zSC_CommonFiles_UnitTest\bin\Debug\net472\zSC_CommonFiles_UnitTest.dll" adapterTypeName="executor://mstestadapter/v2" className="VideoOS.UI.Common.WPF.Toast.ToastManagerTests" name="AddToast_NullToast_Throws" />
    </UnitTest>
    <UnitTest name="Constructor_StateSessionHelper_ArgumentNull_Thrown" storage="d:\actions-runner\_work\xpco\xpco\common\sc_commonfiles\zsc_commonfiles_unittest\bin\debug\net472\zsc_commonfiles_unittest.dll" id="9407802f-e3bb-717e-dfa6-c4f68e793c26">
      <Execution id="2f04c127-0fe6-47be-a0db-564000875432" />
      <TestMethod codeBase="D:\actions-runner\_work\XPCO\XPCO\Common\SC_CommonFiles\zSC_CommonFiles_UnitTest\bin\Debug\net472\zSC_CommonFiles_UnitTest.dll" adapterTypeName="executor://mstestadapter/v2" className="zSC_CommonFiles_UnitTest.VideoOS.Common.State.StateManagerTests" name="Constructor_StateSessionHelper_ArgumentNull_Thrown" />
    </UnitTest>
    <UnitTest name="GetBoolValueOrDefault_WrongKeyValue_DefaultValueReturned" storage="d:\actions-runner\_work\xpco\xpco\common\sc_commonfiles\zsc_commonfiles_unittest\bin\debug\net472\zsc_commonfiles_unittest.dll" id="b64d692e-2bcf-ef81-2204-4e384a726323">
      <Execution id="285b7818-1dac-4a4f-a3b0-85315730152a" />
      <TestMethod codeBase="D:\actions-runner\_work\XPCO\XPCO\Common\SC_CommonFiles\zSC_CommonFiles_UnitTest\bin\Debug\net472\zSC_CommonFiles_UnitTest.dll" adapterTypeName="executor://mstestadapter/v2" className="zSC_CommonFiles_UnitTest.VideoOS.Common.Configuration.NameValueCollectionExtensionsTest" name="GetBoolValueOrDefault_WrongKeyValue_DefaultValueReturned" />
    </UnitTest>
    <UnitTest name="IsUnsecureConnectionAllowedForUser_ShouldReturnFalse_WhenNoUser" storage="d:\actions-runner\_work\xpco\xpco\common\sc_commonfiles\zsc_commonfiles_unittest\bin\debug\net472\zsc_commonfiles_unittest.dll" id="ce743239-1b20-9584-c28b-8dc6a59dc3bb">
      <Execution id="caef2d24-134c-4ef9-90f9-7bd9850e4f21" />
      <TestMethod codeBase="D:\actions-runner\_work\XPCO\XPCO\Common\SC_CommonFiles\zSC_CommonFiles_UnitTest\bin\Debug\net472\zSC_CommonFiles_UnitTest.dll" adapterTypeName="executor://mstestadapter/v2" className="zSC_CommonFiles_UnitTest.VideoOS.Common.Login.UIConnectionInfoTests" name="IsUnsecureConnectionAllowedForUser_ShouldReturnFalse_WhenNoUser" />
    </UnitTest>
    <UnitTest name="ArrangeOverride__6child_AllMustShrink__AllAreShrunk" storage="d:\actions-runner\_work\xpco\xpco\common\sc_commonfiles\zsc_commonfiles_unittest\bin\debug\net472\zsc_commonfiles_unittest.dll" id="b55addd3-5335-70b5-4725-96a0e81794df">
      <TestCategory>
        <TestCategoryItem TestCategory="Controls" />
      </TestCategory>
      <Execution id="add6878b-b280-4005-ba06-4c29edc1ee90" />
      <TestMethod codeBase="D:\actions-runner\_work\XPCO\XPCO\Common\SC_CommonFiles\zSC_CommonFiles_UnitTest\bin\Debug\net472\zSC_CommonFiles_UnitTest.dll" adapterTypeName="executor://mstestadapter/v2" className="VideoOS.UI.Common.WPF.Controls.HorizontalPanelTests" name="ArrangeOverride__6child_AllMustShrink__AllAreShrunk" />
    </UnitTest>
    <UnitTest name="RoundToHour_Down" storage="d:\actions-runner\_work\xpco\xpco\common\sc_commonfiles\zsc_commonfiles_unittest\bin\debug\net472\zsc_commonfiles_unittest.dll" id="41441101-47ad-5d05-d82c-2bfa6a698b36">
      <Execution id="65c0fe6f-3a02-4025-b0ba-f7a5402ca6b2" />
      <TestMethod codeBase="D:\actions-runner\_work\XPCO\XPCO\Common\SC_CommonFiles\zSC_CommonFiles_UnitTest\bin\Debug\net472\zSC_CommonFiles_UnitTest.dll" adapterTypeName="executor://mstestadapter/v2" className="zSC_CommonFiles_UnitTest.VideoOS.UI.Common.WPF.Utils.ExtensionMethods.DateTimeExtensionsTests" name="RoundToHour_Down" />
    </UnitTest>
    <UnitTest name="Convert_ShouldReturnGreaterThanString_WhenValueIsGreaterThanThreshold" storage="d:\actions-runner\_work\xpco\xpco\common\sc_commonfiles\zsc_commonfiles_unittest\bin\debug\net472\zsc_commonfiles_unittest.dll" id="669c2664-9e93-7539-3901-e5233189df70">
      <Execution id="b2a410f5-f76b-4f6d-960a-02a188b0894c" />
      <TestMethod codeBase="D:\actions-runner\_work\XPCO\XPCO\Common\SC_CommonFiles\zSC_CommonFiles_UnitTest\bin\Debug\net472\zSC_CommonFiles_UnitTest.dll" adapterTypeName="executor://mstestadapter/v2" className="zSC_CommonFiles_UnitTest.VideoOS.UI.Common.WPF.Utils.Converters.CountToStringConverterTests" name="Convert_ShouldReturnGreaterThanString_WhenValueIsGreaterThanThreshold" />
    </UnitTest>
    <UnitTest name="Convert_MultiValueConverter_DifferentTargetType_Success" storage="d:\actions-runner\_work\xpco\xpco\common\sc_commonfiles\zsc_commonfiles_unittest\bin\debug\net472\zsc_commonfiles_unittest.dll" id="9dcd4ce8-33dc-3db8-df54-9c3e687528fe">
      <Execution id="64fc515c-e122-4550-bacf-f09f0c50c770" />
      <TestMethod codeBase="D:\actions-runner\_work\XPCO\XPCO\Common\SC_CommonFiles\zSC_CommonFiles_UnitTest\bin\Debug\net472\zSC_CommonFiles_UnitTest.dll" adapterTypeName="executor://mstestadapter/v2" className="zSC_CommonFiles_UnitTest.VideoOS.UI.Common.WPF.Utils.Converters.MaxWidthConverterTests" name="Convert_MultiValueConverter_DifferentTargetType_Success" />
    </UnitTest>
    <UnitTest name="ExtensionInvokeTest" storage="d:\actions-runner\_work\xpco\xpco\common\sc_commonfiles\zsc_commonfiles_unittest\bin\debug\net472\zsc_commonfiles_unittest.dll" id="bff954f8-e2d5-b0a0-fd97-8dd0ad93ed5a">
      <Execution id="5c8cb851-69b5-465c-9bec-68265007976f" />
      <TestMethod codeBase="D:\actions-runner\_work\XPCO\XPCO\Common\SC_CommonFiles\zSC_CommonFiles_UnitTest\bin\Debug\net472\zSC_CommonFiles_UnitTest.dll" adapterTypeName="executor://mstestadapter/v2" className="SmartClient_UnitTest.VideoOS.UI.Common.WPF.Utils.Threading.DispatcherExtensionsTest" name="ExtensionInvokeTest" />
    </UnitTest>
    <UnitTest name="TooltipServiceWarning_Failover_AuthorizationError" storage="d:\actions-runner\_work\xpco\xpco\common\sc_commonfiles\zsc_commonfiles_unittest\bin\debug\net472\zsc_commonfiles_unittest.dll" id="d44e5ef1-d45e-248e-aa87-897c4217e08f">
      <Execution id="e3d02b19-6d2d-4089-a7ec-03865f6027a7" />
      <TestMethod codeBase="D:\actions-runner\_work\XPCO\XPCO\Common\SC_CommonFiles\zSC_CommonFiles_UnitTest\bin\Debug\net472\zSC_CommonFiles_UnitTest.dll" adapterTypeName="executor://mstestadapter/v2" className="zSC_CommonFiles_UnitTest.VideoOS.UI.Common.WPF.Dashboard.Types.ServerTest" name="TooltipServiceWarning_Failover_AuthorizationError" />
    </UnitTest>
    <UnitTest name="CloseShouldBlockTheCache" storage="d:\actions-runner\_work\xpco\xpco\common\sc_commonfiles\zsc_commonfiles_unittest\bin\debug\net472\zsc_commonfiles_unittest.dll" id="a968b87e-cff6-bf9a-9da7-2e125015401d">
      <Execution id="a97ce02f-36f0-45ca-84ae-07409df36a86" />
      <TestMethod codeBase="D:\actions-runner\_work\XPCO\XPCO\Common\SC_CommonFiles\zSC_CommonFiles_UnitTest\bin\Debug\net472\zSC_CommonFiles_UnitTest.dll" adapterTypeName="executor://mstestadapter/v2" className="SC_Common_UnitTest_VideoOS_UI_Common_Data_SequenceRetriever_ThumbCache.ThumbCacheTest" name="CloseShouldBlockTheCache" />
    </UnitTest>
    <UnitTest name="ItemHolderSelectedToggleButton_Init_Success" storage="d:\actions-runner\_work\xpco\xpco\common\sc_commonfiles\zsc_commonfiles_unittest\bin\debug\net472\zsc_commonfiles_unittest.dll" id="9fa25131-4a4e-7dac-7ed1-7e35fdb0b337">
      <TestCategory>
        <TestCategoryItem TestCategory="SC_CommonFiles.WPF.TileLayout" />
      </TestCategory>
      <Execution id="e1e0c533-f321-4889-8ff7-14a2a1668204" />
      <TestMethod codeBase="D:\actions-runner\_work\XPCO\XPCO\Common\SC_CommonFiles\zSC_CommonFiles_UnitTest\bin\Debug\net472\zSC_CommonFiles_UnitTest.dll" adapterTypeName="executor://mstestadapter/v2" className="zSC_CommonFiles_UnitTest.VideoOS.UI.Common.WPF.TileLayout.ItemHolderTest" name="ItemHolderSelectedToggleButton_Init_Success" />
    </UnitTest>
    <UnitTest name="AddFrameworkElementsOverlay_WithFollowDigitalZoomFalse_ShouldAddToFrameworkElementsOverlaysFixed" storage="d:\actions-runner\_work\xpco\xpco\common\sc_commonfiles\zsc_commonfiles_unittest\bin\debug\net472\zsc_commonfiles_unittest.dll" id="54792cc5-5557-3941-5368-3e4248495373">
      <Execution id="5403e88c-2c27-4fea-81f5-1d9cad9ae46e" />
      <TestMethod codeBase="D:\actions-runner\_work\XPCO\XPCO\Common\SC_CommonFiles\zSC_CommonFiles_UnitTest\bin\Debug\net472\zSC_CommonFiles_UnitTest.dll" adapterTypeName="executor://mstestadapter/v2" className="zSC_CommonFiles_UnitTest.VideoOS.UI.Common.WPF.VideoPlayer.Model.FrameworkElementsOverlayModelTests" name="AddFrameworkElementsOverlay_WithFollowDigitalZoomFalse_ShouldAddToFrameworkElementsOverlaysFixed" />
    </UnitTest>
    <UnitTest name="Create_RecycledItemAvailable_Success" storage="d:\actions-runner\_work\xpco\xpco\common\sc_commonfiles\zsc_commonfiles_unittest\bin\debug\net472\zsc_commonfiles_unittest.dll" id="8e17e180-a6fb-9c35-ec45-dff245336c94">
      <Execution id="a261e451-c5b2-4349-93c0-5d3b279a22d6" />
      <TestMethod codeBase="D:\actions-runner\_work\XPCO\XPCO\Common\SC_CommonFiles\zSC_CommonFiles_UnitTest\bin\Debug\net472\zSC_CommonFiles_UnitTest.dll" adapterTypeName="executor://mstestadapter/v2" className="VideoOS.UI.Common.WPF.Utils.RecyclingFactory.RecyclingFactoryTests" name="Create_RecycledItemAvailable_Success" />
    </UnitTest>
    <UnitTest name="ShowDialogScaledHorizontalCenter_150Percent_Scaling" storage="d:\actions-runner\_work\xpco\xpco\common\sc_commonfiles\zsc_commonfiles_unittest\bin\debug\net472\zsc_commonfiles_unittest.dll" id="b722671b-5697-c030-4a64-cd7cdd00f422">
      <Execution id="3e723343-f64b-44ef-8b1b-942d3a7cb16e" />
      <TestMethod codeBase="D:\actions-runner\_work\XPCO\XPCO\Common\SC_CommonFiles\zSC_CommonFiles_UnitTest\bin\Debug\net472\zSC_CommonFiles_UnitTest.dll" adapterTypeName="executor://mstestadapter/v2" className="zSC_CommonFiles_UnitTest.VideoOS.UI.Common.WPF.Utils.ExtensionMethods.WindowExtensionsTests" name="ShowDialogScaledHorizontalCenter_150Percent_Scaling" />
    </UnitTest>
    <UnitTest name="GetStringValueOrDefault_KeyNotFound_DefaultValueReturned" storage="d:\actions-runner\_work\xpco\xpco\common\sc_commonfiles\zsc_commonfiles_unittest\bin\debug\net472\zsc_commonfiles_unittest.dll" id="1c73ceb9-2072-2e5e-a2de-ee8cd9695cfc">
      <Execution id="2de05ff9-a198-4c13-806a-6a2ae87cb9d4" />
      <TestMethod codeBase="D:\actions-runner\_work\XPCO\XPCO\Common\SC_CommonFiles\zSC_CommonFiles_UnitTest\bin\Debug\net472\zSC_CommonFiles_UnitTest.dll" adapterTypeName="executor://mstestadapter/v2" className="zSC_CommonFiles_UnitTest.VideoOS.Common.Configuration.NameValueCollectionExtensionsTest" name="GetStringValueOrDefault_KeyNotFound_DefaultValueReturned" />
    </UnitTest>
    <UnitTest name="RoundToMillisecond_RoundUp" storage="d:\actions-runner\_work\xpco\xpco\common\sc_commonfiles\zsc_commonfiles_unittest\bin\debug\net472\zsc_commonfiles_unittest.dll" id="035ef68b-c3bd-7b62-9eec-5a605eb83f8c">
      <Execution id="77872887-9045-4772-be68-32230a73f54a" />
      <TestMethod codeBase="D:\actions-runner\_work\XPCO\XPCO\Common\SC_CommonFiles\zSC_CommonFiles_UnitTest\bin\Debug\net472\zSC_CommonFiles_UnitTest.dll" adapterTypeName="executor://mstestadapter/v2" className="zSC_CommonFiles_UnitTest.VideoOS.UI.Common.WPF.Utils.ExtensionMethods.TimeSpanExtensionsTests" name="RoundToMillisecond_RoundUp" />
    </UnitTest>
    <UnitTest name="ExtensionBeginInvokeOneParamTest" storage="d:\actions-runner\_work\xpco\xpco\common\sc_commonfiles\zsc_commonfiles_unittest\bin\debug\net472\zsc_commonfiles_unittest.dll" id="82fcf867-5749-9edd-5c4f-4e3b8b6ee0a4">
      <Execution id="959458b9-9498-4fa0-b54d-bbc81919fbf8" />
      <TestMethod codeBase="D:\actions-runner\_work\XPCO\XPCO\Common\SC_CommonFiles\zSC_CommonFiles_UnitTest\bin\Debug\net472\zSC_CommonFiles_UnitTest.dll" adapterTypeName="executor://mstestadapter/v2" className="SmartClient_UnitTest.VideoOS.UI.Common.WPF.Utils.Threading.DispatcherExtensionsTest" name="ExtensionBeginInvokeOneParamTest" />
    </UnitTest>
    <UnitTest name="OkNewTileAddsANewTile" storage="d:\actions-runner\_work\xpco\xpco\common\sc_commonfiles\zsc_commonfiles_unittest\bin\debug\net472\zsc_commonfiles_unittest.dll" id="8dde7174-38d7-ee12-7e68-7117e399b660">
      <Execution id="10c06546-f7c1-4b30-8d4f-a4ced2d32f62" />
      <TestMethod codeBase="D:\actions-runner\_work\XPCO\XPCO\Common\SC_CommonFiles\zSC_CommonFiles_UnitTest\bin\Debug\net472\zSC_CommonFiles_UnitTest.dll" adapterTypeName="executor://mstestadapter/v2" className="zSC_CommonFiles_UnitTest.DashboardTilesTests" name="OkNewTileAddsANewTile" />
    </UnitTest>
    <UnitTest name="EqualsTest" storage="d:\actions-runner\_work\xpco\xpco\common\sc_commonfiles\zsc_commonfiles_unittest\bin\debug\net472\zsc_commonfiles_unittest.dll" id="16c91d34-e916-3d59-f51a-4f9b85399289">
      <Execution id="dbda9548-f7f2-470c-8ecf-5b3c6f590aab" />
      <TestMethod codeBase="D:\actions-runner\_work\XPCO\XPCO\Common\SC_CommonFiles\zSC_CommonFiles_UnitTest\bin\Debug\net472\zSC_CommonFiles_UnitTest.dll" adapterTypeName="executor://mstestadapter/v2" className="SmartClient_UnitTest_VideoOS_UI_Common_WPF_Timeline.TimeIntervalTest" name="EqualsTest" />
    </UnitTest>
    <UnitTest name="IfInstanceIdIsNotSetThenEntityNameIsCategoryName" storage="d:\actions-runner\_work\xpco\xpco\common\sc_commonfiles\zsc_commonfiles_unittest\bin\debug\net472\zsc_commonfiles_unittest.dll" id="c66e3bc2-2f46-3828-947c-08aea11ba952">
      <Execution id="48d16588-faee-4433-a6a3-72a72e3e3a78" />
      <TestMethod codeBase="D:\actions-runner\_work\XPCO\XPCO\Common\SC_CommonFiles\zSC_CommonFiles_UnitTest\bin\Debug\net472\zSC_CommonFiles_UnitTest.dll" adapterTypeName="executor://mstestadapter/v2" className="zSC_CommonFiles_UnitTest.LocalizationTests" name="IfInstanceIdIsNotSetThenEntityNameIsCategoryName" />
    </UnitTest>
    <UnitTest name="Constructor_BasicUser_ArgumentNull_NotThrown" storage="d:\actions-runner\_work\xpco\xpco\common\sc_commonfiles\zsc_commonfiles_unittest\bin\debug\net472\zsc_commonfiles_unittest.dll" id="ff1a4b6f-649a-7590-b9c5-b466353c43f8">
      <Execution id="52dd1f8e-2fea-4cb1-83b1-de3ef6bf751f" />
      <TestMethod codeBase="D:\actions-runner\_work\XPCO\XPCO\Common\SC_CommonFiles\zSC_CommonFiles_UnitTest\bin\Debug\net472\zSC_CommonFiles_UnitTest.dll" adapterTypeName="executor://mstestadapter/v2" className="zSC_CommonFiles_UnitTest.VideoOS.Common.State.StateHandlerTests" name="Constructor_BasicUser_ArgumentNull_NotThrown" />
    </UnitTest>
    <UnitTest name="GetStates_SessionStarted_WithStates" storage="d:\actions-runner\_work\xpco\xpco\common\sc_commonfiles\zsc_commonfiles_unittest\bin\debug\net472\zsc_commonfiles_unittest.dll" id="278a11dd-76cf-5c46-224d-0d3283afee51">
      <Execution id="797f8f95-cd23-4b5b-b6ff-cfbf7fea2f55" />
      <TestMethod codeBase="D:\actions-runner\_work\XPCO\XPCO\Common\SC_CommonFiles\zSC_CommonFiles_UnitTest\bin\Debug\net472\zSC_CommonFiles_UnitTest.dll" adapterTypeName="executor://mstestadapter/v2" className="zSC_CommonFiles_UnitTest.VideoOS.Common.State.ServerStateManagerTests" name="GetStates_SessionStarted_WithStates" />
    </UnitTest>
    <UnitTest name="OkEditTileEditsTile" storage="d:\actions-runner\_work\xpco\xpco\common\sc_commonfiles\zsc_commonfiles_unittest\bin\debug\net472\zsc_commonfiles_unittest.dll" id="f106274d-5d2d-5f08-6dad-6f5b4c7e2e4c">
      <Execution id="288c80d7-7d90-4713-a834-7ec17e935449" />
      <TestMethod codeBase="D:\actions-runner\_work\XPCO\XPCO\Common\SC_CommonFiles\zSC_CommonFiles_UnitTest\bin\Debug\net472\zSC_CommonFiles_UnitTest.dll" adapterTypeName="executor://mstestadapter/v2" className="zSC_CommonFiles_UnitTest.DashboardTilesTests" name="OkEditTileEditsTile" />
    </UnitTest>
    <UnitTest name="GetIntersectingTest" storage="d:\actions-runner\_work\xpco\xpco\common\sc_commonfiles\zsc_commonfiles_unittest\bin\debug\net472\zsc_commonfiles_unittest.dll" id="db062b49-88de-b8f8-9ca6-8a07ff86d1c6">
      <Execution id="d069549d-1d59-4547-917d-783db1f6e1f4" />
      <TestMethod codeBase="D:\actions-runner\_work\XPCO\XPCO\Common\SC_CommonFiles\zSC_CommonFiles_UnitTest\bin\Debug\net472\zSC_CommonFiles_UnitTest.dll" adapterTypeName="executor://mstestadapter/v2" className="SmartClient_UnitTest_VideoOS_UI_Common_WPF_Timeline.TimeIntervalC5ExtensionTest" name="GetIntersectingTest" />
    </UnitTest>
    <UnitTest name="ReorderTilesOrdersByPositionCamera" storage="d:\actions-runner\_work\xpco\xpco\common\sc_commonfiles\zsc_commonfiles_unittest\bin\debug\net472\zsc_commonfiles_unittest.dll" id="51395a71-b567-dc86-b950-ec06701415e4">
      <Execution id="01070860-d57d-4707-845b-31e38cd06f03" />
      <TestMethod codeBase="D:\actions-runner\_work\XPCO\XPCO\Common\SC_CommonFiles\zSC_CommonFiles_UnitTest\bin\Debug\net472\zSC_CommonFiles_UnitTest.dll" adapterTypeName="executor://mstestadapter/v2" className="zSC_CommonFiles_UnitTest.DashboardTilesTests" name="ReorderTilesOrdersByPositionCamera" />
    </UnitTest>
    <UnitTest name="UpdateFrameworkElementsOverlay_WithUnknownId_ShouldReturnFalse" storage="d:\actions-runner\_work\xpco\xpco\common\sc_commonfiles\zsc_commonfiles_unittest\bin\debug\net472\zsc_commonfiles_unittest.dll" id="b2995b06-1442-48cc-a8f7-299ee21d333d">
      <Execution id="a3d155a2-9ec3-441b-bf9d-0bded81215d2" />
      <TestMethod codeBase="D:\actions-runner\_work\XPCO\XPCO\Common\SC_CommonFiles\zSC_CommonFiles_UnitTest\bin\Debug\net472\zSC_CommonFiles_UnitTest.dll" adapterTypeName="executor://mstestadapter/v2" className="zSC_CommonFiles_UnitTest.VideoOS.UI.Common.WPF.VideoPlayer.Model.FrameworkElementsOverlayModelTests" name="UpdateFrameworkElementsOverlay_WithUnknownId_ShouldReturnFalse" />
    </UnitTest>
    <UnitTest name="DrawControl_Success" storage="d:\actions-runner\_work\xpco\xpco\common\sc_commonfiles\zsc_commonfiles_unittest\bin\debug\net472\zsc_commonfiles_unittest.dll" id="24801bf2-63b2-04d1-d795-083a0ecbe814">
      <TestCategory>
        <TestCategoryItem TestCategory="RangeSelector" />
      </TestCategory>
      <Execution id="6d875213-0b0e-4f3c-b3ab-a57e4b543464" />
      <TestMethod codeBase="D:\actions-runner\_work\XPCO\XPCO\Common\SC_CommonFiles\zSC_CommonFiles_UnitTest\bin\Debug\net472\zSC_CommonFiles_UnitTest.dll" adapterTypeName="executor://mstestadapter/v2" className="VideoOS.UI.Common.WPF.RangeSelector.RangeSelectorTest" name="DrawControl_Success" />
    </UnitTest>
    <UnitTest name="AllowUnsecureConnection_ShouldBeFalse_WhenUsernameDoesNotExist" storage="d:\actions-runner\_work\xpco\xpco\common\sc_commonfiles\zsc_commonfiles_unittest\bin\debug\net472\zsc_commonfiles_unittest.dll" id="12c318f1-025e-56db-70fc-391decd83ddf">
      <Execution id="c8068d7f-f28a-4e8c-b6e4-bf179dd4eb24" />
      <TestMethod codeBase="D:\actions-runner\_work\XPCO\XPCO\Common\SC_CommonFiles\zSC_CommonFiles_UnitTest\bin\Debug\net472\zSC_CommonFiles_UnitTest.dll" adapterTypeName="executor://mstestadapter/v2" className="zSC_CommonFiles_UnitTest.VideoOS.Common.Login.UIConnectionInfoTests" name="AllowUnsecureConnection_ShouldBeFalse_WhenUsernameDoesNotExist" />
    </UnitTest>
    <UnitTest name="TileLayout_Focused_BorderBrushUpdated" storage="d:\actions-runner\_work\xpco\xpco\common\sc_commonfiles\zsc_commonfiles_unittest\bin\debug\net472\zsc_commonfiles_unittest.dll" id="08927107-8d8c-0e18-84c3-bf6112c63fb2">
      <TestCategory>
        <TestCategoryItem TestCategory="SC_CommonFiles.WPF.TileLayout" />
      </TestCategory>
      <Execution id="1eb41829-3e67-45bf-ac07-0a6721009814" />
      <TestMethod codeBase="D:\actions-runner\_work\XPCO\XPCO\Common\SC_CommonFiles\zSC_CommonFiles_UnitTest\bin\Debug\net472\zSC_CommonFiles_UnitTest.dll" adapterTypeName="executor://mstestadapter/v2" className="zSC_CommonFiles_UnitTest.VideoOS.UI.Common.WPF.TileLayout.ItemHolderTest" name="TileLayout_Focused_BorderBrushUpdated" />
    </UnitTest>
    <UnitTest name="GetStringValueOrDefault_KeyFound_ValueReturned" storage="d:\actions-runner\_work\xpco\xpco\common\sc_commonfiles\zsc_commonfiles_unittest\bin\debug\net472\zsc_commonfiles_unittest.dll" id="45e75a0d-4283-5aac-6b8e-d457bbb3aa8a">
      <Execution id="04a0c478-185f-464f-ba5f-17c64a2ec082" />
      <TestMethod codeBase="D:\actions-runner\_work\XPCO\XPCO\Common\SC_CommonFiles\zSC_CommonFiles_UnitTest\bin\Debug\net472\zSC_CommonFiles_UnitTest.dll" adapterTypeName="executor://mstestadapter/v2" className="zSC_CommonFiles_UnitTest.VideoOS.Common.Configuration.NameValueCollectionExtensionsTest" name="GetStringValueOrDefault_KeyFound_ValueReturned" />
    </UnitTest>
    <UnitTest name="ProvideValue_ReturnsThis" storage="d:\actions-runner\_work\xpco\xpco\common\sc_commonfiles\zsc_commonfiles_unittest\bin\debug\net472\zsc_commonfiles_unittest.dll" id="6be2a7ca-9e0f-738a-b561-fdbbb35486e2">
      <TestCategory>
        <TestCategoryItem TestCategory="Converters" />
      </TestCategory>
      <Execution id="8edcdf67-9b52-480f-a0c4-95737d4fc3fe" />
      <TestMethod codeBase="D:\actions-runner\_work\XPCO\XPCO\Common\SC_CommonFiles\zSC_CommonFiles_UnitTest\bin\Debug\net472\zSC_CommonFiles_UnitTest.dll" adapterTypeName="executor://mstestadapter/v2" className="VideoOS.UI.Common.WPF.Utils.Converters.OffsetConverterTests" name="ProvideValue_ReturnsThis" />
    </UnitTest>
    <UnitTest name="TooltipServiceWarning_Failover_LocalSSLError" storage="d:\actions-runner\_work\xpco\xpco\common\sc_commonfiles\zsc_commonfiles_unittest\bin\debug\net472\zsc_commonfiles_unittest.dll" id="da7d9a18-f239-39a4-8fc7-3bf5666ab8f3">
      <Execution id="5bc28a25-2316-4e1d-9928-760b724a2033" />
      <TestMethod codeBase="D:\actions-runner\_work\XPCO\XPCO\Common\SC_CommonFiles\zSC_CommonFiles_UnitTest\bin\Debug\net472\zSC_CommonFiles_UnitTest.dll" adapterTypeName="executor://mstestadapter/v2" className="zSC_CommonFiles_UnitTest.VideoOS.UI.Common.WPF.Dashboard.Types.ServerTest" name="TooltipServiceWarning_Failover_LocalSSLError" />
    </UnitTest>
    <UnitTest name="TestPersistTilesAsync" storage="d:\actions-runner\_work\xpco\xpco\common\sc_commonfiles\zsc_commonfiles_unittest\bin\debug\net472\zsc_commonfiles_unittest.dll" id="30615111-4d56-31e8-6884-f7dcdc0aad49">
      <Execution id="71f72bc9-7120-4f9b-aa8a-702a837f4f44" />
      <TestMethod codeBase="D:\actions-runner\_work\XPCO\XPCO\Common\SC_CommonFiles\zSC_CommonFiles_UnitTest\bin\Debug\net472\zSC_CommonFiles_UnitTest.dll" adapterTypeName="executor://mstestadapter/v2" className="zSC_CommonFiles_UnitTest.VideoOS.UI.Common.WPF.SystemDashboardUnitTests" name="TestPersistTilesAsync" />
    </UnitTest>
    <UnitTest name="Constructor_WindowsUser_Password_ArgumentNull_Thrown" storage="d:\actions-runner\_work\xpco\xpco\common\sc_commonfiles\zsc_commonfiles_unittest\bin\debug\net472\zsc_commonfiles_unittest.dll" id="46313e0c-0560-4a59-beb1-c990fbb88dd8">
      <Execution id="598f74cd-b3d1-47ca-994b-dd05ea2f694d" />
      <TestMethod codeBase="D:\actions-runner\_work\XPCO\XPCO\Common\SC_CommonFiles\zSC_CommonFiles_UnitTest\bin\Debug\net472\zSC_CommonFiles_UnitTest.dll" adapterTypeName="executor://mstestadapter/v2" className="zSC_CommonFiles_UnitTest.VideoOS.Common.State.StateHandlerTests" name="Constructor_WindowsUser_Password_ArgumentNull_Thrown" />
    </UnitTest>
    <UnitTest name="Changing_Items_In_The_Middle_Works" storage="d:\actions-runner\_work\xpco\xpco\common\sc_commonfiles\zsc_commonfiles_unittest\bin\debug\net472\zsc_commonfiles_unittest.dll" id="b8abe570-968b-bdd1-9711-285d9d0a6ba1">
      <Execution id="19164443-c03f-40eb-873c-4ca01e5a0fe8" />
      <TestMethod codeBase="D:\actions-runner\_work\XPCO\XPCO\Common\SC_CommonFiles\zSC_CommonFiles_UnitTest\bin\Debug\net472\zSC_CommonFiles_UnitTest.dll" adapterTypeName="executor://mstestadapter/v2" className="zSC_CommonFiles_UnitTest.VideoOS.UI.Common.WPF.Utils.ReadOnlyCollectionExtensionsTest" name="Changing_Items_In_The_Middle_Works" />
    </UnitTest>
    <UnitTest name="MeasureCounters_SetsTheCorrectInitialGpuInformation" storage="d:\actions-runner\_work\xpco\xpco\common\sc_commonfiles\zsc_commonfiles_unittest\bin\debug\net472\zsc_commonfiles_unittest.dll" id="3a11b55c-2e4b-9de3-e429-e8e4d5b33710">
      <Execution id="0ca5d314-fd9f-4471-b528-a804b707504f" />
      <TestMethod codeBase="D:\actions-runner\_work\XPCO\XPCO\Common\SC_CommonFiles\zSC_CommonFiles_UnitTest\bin\Debug\net472\zSC_CommonFiles_UnitTest.dll" adapterTypeName="executor://mstestadapter/v2" className="zSC_CommonFiles_UnitTest.VideoOS.UI.Common.WPF.ClientDataGathererTests" name="MeasureCounters_SetsTheCorrectInitialGpuInformation" />
    </UnitTest>
    <UnitTest name="RoundToHour_Up" storage="d:\actions-runner\_work\xpco\xpco\common\sc_commonfiles\zsc_commonfiles_unittest\bin\debug\net472\zsc_commonfiles_unittest.dll" id="d32054d7-3151-5a17-efe5-d560f827fbcf">
      <Execution id="23d0c57b-0497-4403-bba3-d12c432710ce" />
      <TestMethod codeBase="D:\actions-runner\_work\XPCO\XPCO\Common\SC_CommonFiles\zSC_CommonFiles_UnitTest\bin\Debug\net472\zSC_CommonFiles_UnitTest.dll" adapterTypeName="executor://mstestadapter/v2" className="zSC_CommonFiles_UnitTest.VideoOS.UI.Common.WPF.Utils.ExtensionMethods.DateTimeExtensionsTests" name="RoundToHour_Up" />
    </UnitTest>
    <UnitTest name="SequenceEquals_DifferentlySizedCollections_RespectOrder_SymmetricalFalseResult" storage="d:\actions-runner\_work\xpco\xpco\common\sc_commonfiles\zsc_commonfiles_unittest\bin\debug\net472\zsc_commonfiles_unittest.dll" id="ca6d72ce-f71b-8ae1-85b8-7dccf00e0632">
      <Execution id="e8eac675-48c8-43bc-b0d9-13fd613b3b6e" />
      <TestMethod codeBase="D:\actions-runner\_work\XPCO\XPCO\Common\SC_CommonFiles\zSC_CommonFiles_UnitTest\bin\Debug\net472\zSC_CommonFiles_UnitTest.dll" adapterTypeName="executor://mstestadapter/v2" className="zSC_CommonFiles_UnitTest.VideoOS.UI.Common.WPF.Utils.ObservableCollectionExtensionTest" name="SequenceEquals_DifferentlySizedCollections_RespectOrder_SymmetricalFalseResult" />
    </UnitTest>
    <UnitTest name="DoComboSelectionThrowsIfServerTypeIdIsNotAValidGuid" storage="d:\actions-runner\_work\xpco\xpco\common\sc_commonfiles\zsc_commonfiles_unittest\bin\debug\net472\zsc_commonfiles_unittest.dll" id="2aca5760-5736-8fb2-f42a-c078d75461ed">
      <Execution id="ba6e4880-2787-4897-a711-594ffc98cf41" />
      <TestMethod codeBase="D:\actions-runner\_work\XPCO\XPCO\Common\SC_CommonFiles\zSC_CommonFiles_UnitTest\bin\Debug\net472\zSC_CommonFiles_UnitTest.dll" adapterTypeName="executor://mstestadapter/v2" className="zSC_CommonFiles_UnitTest.DashboardTilesTests" name="DoComboSelectionThrowsIfServerTypeIdIsNotAValidGuid" />
    </UnitTest>
    <UnitTest name="RemoveAllFrameworkElementsOverlays_ShouldRemoveAllItems" storage="d:\actions-runner\_work\xpco\xpco\common\sc_commonfiles\zsc_commonfiles_unittest\bin\debug\net472\zsc_commonfiles_unittest.dll" id="0f992a8c-5f2a-115c-5c24-adb0ecb69f62">
      <Execution id="aa980f58-dced-40c4-9631-94ac7e22946d" />
      <TestMethod codeBase="D:\actions-runner\_work\XPCO\XPCO\Common\SC_CommonFiles\zSC_CommonFiles_UnitTest\bin\Debug\net472\zSC_CommonFiles_UnitTest.dll" adapterTypeName="executor://mstestadapter/v2" className="zSC_CommonFiles_UnitTest.VideoOS.UI.Common.WPF.VideoPlayer.Model.FrameworkElementsOverlayModelTests" name="RemoveAllFrameworkElementsOverlays_ShouldRemoveAllItems" />
    </UnitTest>
    <UnitTest name="ItemHolder_SelectedToggleButton_MouseClick_Success" storage="d:\actions-runner\_work\xpco\xpco\common\sc_commonfiles\zsc_commonfiles_unittest\bin\debug\net472\zsc_commonfiles_unittest.dll" id="21727a68-5514-e7fd-4cbf-85c9b79894da">
      <TestCategory>
        <TestCategoryItem TestCategory="SC_CommonFiles.WPF.TileLayout" />
      </TestCategory>
      <Execution id="87fd5db4-f842-4461-b315-a66784caef60" />
      <TestMethod codeBase="D:\actions-runner\_work\XPCO\XPCO\Common\SC_CommonFiles\zSC_CommonFiles_UnitTest\bin\Debug\net472\zSC_CommonFiles_UnitTest.dll" adapterTypeName="executor://mstestadapter/v2" className="zSC_CommonFiles_UnitTest.VideoOS.UI.Common.WPF.TileLayout.TileLayoutTest" name="ItemHolder_SelectedToggleButton_MouseClick_Success" />
    </UnitTest>
    <UnitTest name="GetStates_NoSessionStarted_NoSession" storage="d:\actions-runner\_work\xpco\xpco\common\sc_commonfiles\zsc_commonfiles_unittest\bin\debug\net472\zsc_commonfiles_unittest.dll" id="6cf7fdb3-260b-5bc9-89b2-d50224c7f7ac">
      <Execution id="ca58d19d-fc39-432b-9f21-422cc3b91163" />
      <TestMethod codeBase="D:\actions-runner\_work\XPCO\XPCO\Common\SC_CommonFiles\zSC_CommonFiles_UnitTest\bin\Debug\net472\zSC_CommonFiles_UnitTest.dll" adapterTypeName="executor://mstestadapter/v2" className="zSC_CommonFiles_UnitTest.VideoOS.Common.State.CameraStateManagerTests" name="GetStates_NoSessionStarted_NoSession" />
    </UnitTest>
    <UnitTest name="RoundToSecond_RoundDown" storage="d:\actions-runner\_work\xpco\xpco\common\sc_commonfiles\zsc_commonfiles_unittest\bin\debug\net472\zsc_commonfiles_unittest.dll" id="39dbf18b-e14c-3648-f5ba-d9480b6b2143">
      <Execution id="824eaf10-9c6e-4bb3-9b86-629029f83de9" />
      <TestMethod codeBase="D:\actions-runner\_work\XPCO\XPCO\Common\SC_CommonFiles\zSC_CommonFiles_UnitTest\bin\Debug\net472\zSC_CommonFiles_UnitTest.dll" adapterTypeName="executor://mstestadapter/v2" className="zSC_CommonFiles_UnitTest.VideoOS.UI.Common.WPF.Utils.ExtensionMethods.TimeSpanExtensionsTests" name="RoundToSecond_RoundDown" />
    </UnitTest>
  </TestDefinitions>
  <TestEntries>
    <TestEntry testId="0f992a8c-5f2a-115c-5c24-adb0ecb69f62" executionId="aa980f58-dced-40c4-9631-94ac7e22946d" testListId="8c84fa94-04c1-424b-9868-57a2d4851a1d" />
    <TestEntry testId="bad298ac-94ba-545f-f256-1e42ffa5b7b5" executionId="683403c5-4e1b-4fe4-906f-264b5b762c3f" testListId="8c84fa94-04c1-424b-9868-57a2d4851a1d" />
    <TestEntry testId="d44e5ef1-d45e-248e-aa87-897c4217e08f" executionId="e3d02b19-6d2d-4089-a7ec-03865f6027a7" testListId="8c84fa94-04c1-424b-9868-57a2d4851a1d" />
    <TestEntry testId="3a13def5-4099-72b0-8c0e-420253783341" executionId="0c35150b-ed70-4f42-b24d-1e6eb34fa3ef" testListId="8c84fa94-04c1-424b-9868-57a2d4851a1d" />
    <TestEntry testId="81f8c431-ec3f-72e9-977b-252633de4ae4" executionId="093323d9-8e7e-451c-9e78-1b0c777e31ee" testListId="8c84fa94-04c1-424b-9868-57a2d4851a1d" />
    <TestEntry testId="d2336b6f-ec47-a30f-6052-9d509a829189" executionId="4a6b1039-a4ce-4b6f-ae63-e1fa7d543675" testListId="8c84fa94-04c1-424b-9868-57a2d4851a1d" />
    <TestEntry testId="62c465a4-ad44-3be7-a78e-7e91064f29e0" executionId="067c6ea2-35fc-47c0-8155-821526eda61b" testListId="8c84fa94-04c1-424b-9868-57a2d4851a1d" />
    <TestEntry testId="fc42ecd1-8c72-c445-ea96-97544145f9ab" executionId="53f0c024-1565-4b81-bf4f-46feb205e4dc" testListId="8c84fa94-04c1-424b-9868-57a2d4851a1d" />
    <TestEntry testId="f31e5243-90c8-7dae-7404-a3986e0efbe1" executionId="5f226a5b-c5ec-484b-87da-ceff11d779ed" testListId="8c84fa94-04c1-424b-9868-57a2d4851a1d" />
    <TestEntry testId="45ce53b6-2a00-442b-a6cc-32488dfaae90" executionId="f638cb33-37db-4a22-af78-c0ea468ff7b0" testListId="8c84fa94-04c1-424b-9868-57a2d4851a1d" />
    <TestEntry testId="583152d9-d199-0061-6cfe-e7b3f5f54327" executionId="cfefba9a-663c-49f3-9b0b-64dd3dcc3189" testListId="8c84fa94-04c1-424b-9868-57a2d4851a1d" />
    <TestEntry testId="ca1a74cf-f42b-b5b7-8415-1bec1e2927e4" executionId="20c4cb50-1e60-4362-b281-6b508d90748c" testListId="8c84fa94-04c1-424b-9868-57a2d4851a1d" />
    <TestEntry testId="4f4a64cd-6297-dad0-e258-e2bc655c9f25" executionId="12666b2e-6ee6-4e4b-8b53-eb41d85a24c2" testListId="8c84fa94-04c1-424b-9868-57a2d4851a1d" />
    <TestEntry testId="a40e30ee-4537-9698-9f88-45700d1ef781" executionId="7735fb22-ad11-4206-90c1-9e121fa35d24" testListId="8c84fa94-04c1-424b-9868-57a2d4851a1d" />
    <TestEntry testId="ba4c1a66-a8cb-a425-dd33-a7ca657b44ae" executionId="c73da362-ff6d-453e-8db1-428071a5f3fc" testListId="8c84fa94-04c1-424b-9868-57a2d4851a1d" />
    <TestEntry testId="50b702b0-e703-363d-0b04-619370ec937b" executionId="f6262e65-6f53-49dd-924a-04f9e04176e5" testListId="8c84fa94-04c1-424b-9868-57a2d4851a1d" />
    <TestEntry testId="9e746348-f3a7-2f41-9d29-e3b583264792" executionId="d122e576-1735-4ad0-93ea-482466586781" testListId="8c84fa94-04c1-424b-9868-57a2d4851a1d" />
    <TestEntry testId="52a29049-9c8e-815e-36f6-b6f14de4f7c1" executionId="1005d6f5-2333-4801-bef2-02632e720afc" testListId="8c84fa94-04c1-424b-9868-57a2d4851a1d" />
    <TestEntry testId="fb8d16f8-d393-a6c5-f7cb-47543546127a" executionId="b46ca9bb-9ab1-4bd8-80b4-6c68ee303ea8" testListId="8c84fa94-04c1-424b-9868-57a2d4851a1d" />
    <TestEntry testId="39dbf18b-e14c-3648-f5ba-d9480b6b2143" executionId="824eaf10-9c6e-4bb3-9b86-629029f83de9" testListId="8c84fa94-04c1-424b-9868-57a2d4851a1d" />
    <TestEntry testId="4a077e12-b64a-edfe-3b33-7ee47b81322b" executionId="fbbc90c7-3633-425d-a0bd-86c755f59260" testListId="8c84fa94-04c1-424b-9868-57a2d4851a1d" />
    <TestEntry testId="661c40ac-bb0a-5c56-01a5-d53b34f19b38" executionId="1456a08e-e77d-49b4-a0a8-3f8f9ba821d2" testListId="8c84fa94-04c1-424b-9868-57a2d4851a1d" />
    <TestEntry testId="93b7908d-50df-6acc-b081-9e999fed499f" executionId="7f5b706c-e32d-4a77-81cb-b6a679e35ed5" testListId="8c84fa94-04c1-424b-9868-57a2d4851a1d" />
    <TestEntry testId="d94fec79-4b64-232e-e01f-dd0b26b0effe" executionId="7fe2394f-e889-423d-9f7b-e1552fad5909" testListId="8c84fa94-04c1-424b-9868-57a2d4851a1d" />
    <TestEntry testId="6bf27e89-1adf-d0e5-6e64-45ecd4ed017f" executionId="66544122-a820-447d-979e-86639d38fa59" testListId="8c84fa94-04c1-424b-9868-57a2d4851a1d" />
    <TestEntry testId="856c051c-051a-4b4c-bec5-8f02fddd04ae" executionId="26e72d2c-79a6-4057-a62b-3e55b4ca7cac" testListId="8c84fa94-04c1-424b-9868-57a2d4851a1d" />
    <TestEntry testId="4f94cd28-33c0-a9f8-eb7e-0b5388f1fdc5" executionId="f74f16d4-ab33-4926-acbb-710410ba4fe0" testListId="8c84fa94-04c1-424b-9868-57a2d4851a1d" />
    <TestEntry testId="b898ad5d-e738-1d64-d2c4-772f55ed34ea" executionId="7a5f25ef-1508-4475-a3fe-1451539ff8de" testListId="8c84fa94-04c1-424b-9868-57a2d4851a1d" />
    <TestEntry testId="406127ab-b342-e721-d286-823ee31b0fbc" executionId="04415853-b062-49d9-8899-9db0aeb70863" testListId="8c84fa94-04c1-424b-9868-57a2d4851a1d" />
    <TestEntry testId="f3327606-b2a8-9974-e840-2b31246f10e1" executionId="9a648291-bc84-4f44-9422-e5a3ab399dae" testListId="8c84fa94-04c1-424b-9868-57a2d4851a1d" />
    <TestEntry testId="3fd0a529-448c-e9e0-7074-0b5c637ad7a8" executionId="f73d62f7-a2da-4cf0-b400-02ad06f61057" testListId="8c84fa94-04c1-424b-9868-57a2d4851a1d" />
    <TestEntry testId="800a9cc5-fc26-2bf4-fde7-906d76a2a91c" executionId="b2cd89a5-1b17-4543-8fae-fba45a1422c0" testListId="8c84fa94-04c1-424b-9868-57a2d4851a1d" />
    <TestEntry testId="95ce4bfb-8a8a-2e2d-8537-47c45d12d2d7" executionId="ceb124ab-3db6-41aa-b711-e8d139b493eb" testListId="8c84fa94-04c1-424b-9868-57a2d4851a1d" />
    <TestEntry testId="da038b78-6557-20eb-7b54-2bd092edb693" executionId="06529d8b-440f-4c35-8f67-c69be77bc40d" testListId="8c84fa94-04c1-424b-9868-57a2d4851a1d" />
    <TestEntry testId="213635e5-649b-5c44-aecd-050b59df7240" executionId="2d479d26-ffab-48c9-9d2d-d02e8b0932e8" testListId="8c84fa94-04c1-424b-9868-57a2d4851a1d" />
    <TestEntry testId="98ef8a3d-1657-a6ae-7eaf-dfb44be1b2e7" executionId="e887bebd-141e-4e5f-81be-8100dd9c9d07" testListId="8c84fa94-04c1-424b-9868-57a2d4851a1d" />
    <TestEntry testId="2d512390-4feb-0be5-34ad-eaab831bb98b" executionId="04a17655-b3ad-4bf6-884b-3776c1023cbe" testListId="8c84fa94-04c1-424b-9868-57a2d4851a1d" />
    <TestEntry testId="e47e5959-0404-6a12-bb2e-be035056d2fc" executionId="70a9aaef-380d-4a9c-b397-f3ec2dc705c4" testListId="8c84fa94-04c1-424b-9868-57a2d4851a1d" />
    <TestEntry testId="669c2664-9e93-7539-3901-e5233189df70" executionId="b2a410f5-f76b-4f6d-960a-02a188b0894c" testListId="8c84fa94-04c1-424b-9868-57a2d4851a1d" />
    <TestEntry testId="332e199d-ea86-764a-0c78-68ba66fc4ac1" executionId="1f649075-faa2-419c-b5a0-745bae3f1660" testListId="8c84fa94-04c1-424b-9868-57a2d4851a1d" />
    <TestEntry testId="05ee0585-5324-c075-c884-eef61e6407ec" executionId="fb65f5fa-2aaf-4fc1-ac04-05a97d93689f" testListId="8c84fa94-04c1-424b-9868-57a2d4851a1d" />
    <TestEntry testId="9512ba48-0839-7f8e-1a51-7ed8079ac71a" executionId="f64523b3-4901-4772-80fe-d7b1ccab15f8" testListId="8c84fa94-04c1-424b-9868-57a2d4851a1d" />
    <TestEntry testId="b2995b06-1442-48cc-a8f7-299ee21d333d" executionId="a3d155a2-9ec3-441b-bf9d-0bded81215d2" testListId="8c84fa94-04c1-424b-9868-57a2d4851a1d" />
    <TestEntry testId="8381658d-9fd6-1774-072f-49899bddfa46" executionId="e899d595-2b7a-49ea-a1e1-09adfff04aef" testListId="8c84fa94-04c1-424b-9868-57a2d4851a1d" />
    <TestEntry testId="b6fd8020-db5d-f64a-77cc-9352b31e97f8" executionId="6b114624-fcb2-42a0-a604-9b9f09ff89ba" testListId="8c84fa94-04c1-424b-9868-57a2d4851a1d" />
    <TestEntry testId="6be2a7ca-9e0f-738a-b561-fdbbb35486e2" executionId="8edcdf67-9b52-480f-a0c4-95737d4fc3fe" testListId="8c84fa94-04c1-424b-9868-57a2d4851a1d" />
    <TestEntry testId="fe19cce5-cc9d-9aa6-e44d-fbae8d8bb129" executionId="f636f76c-efa0-4369-8390-509c76a29bf2" testListId="8c84fa94-04c1-424b-9868-57a2d4851a1d" />
    <TestEntry testId="d6602b74-10ff-8e4a-a599-5e89f61e24aa" executionId="02b95dd1-f491-4295-b303-9524f01020c5" testListId="8c84fa94-04c1-424b-9868-57a2d4851a1d" />
    <TestEntry testId="ce44940c-50be-b7ab-4e00-61b9f154d25c" executionId="ff33d1b5-e5ee-403b-99f8-021b6a39851d" testListId="8c84fa94-04c1-424b-9868-57a2d4851a1d" />
    <TestEntry testId="b64d692e-2bcf-ef81-2204-4e384a726323" executionId="285b7818-1dac-4a4f-a3b0-85315730152a" testListId="8c84fa94-04c1-424b-9868-57a2d4851a1d" />
    <TestEntry testId="dbce7785-0027-ceda-950a-0631c1c23a9b" executionId="b9ccf081-9ff2-4a40-ba04-c9670ef17a6a" testListId="8c84fa94-04c1-424b-9868-57a2d4851a1d" />
    <TestEntry testId="82fcf867-5749-9edd-5c4f-4e3b8b6ee0a4" executionId="959458b9-9498-4fa0-b54d-bbc81919fbf8" testListId="8c84fa94-04c1-424b-9868-57a2d4851a1d" />
    <TestEntry testId="3b4e9ba3-5a1a-3d04-7b0a-c75c5f0c3a72" executionId="305e1b1d-0eba-4564-b8bd-cdbf96518584" testListId="8c84fa94-04c1-424b-9868-57a2d4851a1d" />
    <TestEntry testId="ff1a4b6f-649a-7590-b9c5-b466353c43f8" executionId="52dd1f8e-2fea-4cb1-83b1-de3ef6bf751f" testListId="8c84fa94-04c1-424b-9868-57a2d4851a1d" />
    <TestEntry testId="0b0e0ad1-c995-9403-bc1c-5f3fb5cc273a" executionId="ffcee717-0460-4187-bb84-d6a52b543660" testListId="8c84fa94-04c1-424b-9868-57a2d4851a1d" />
    <TestEntry testId="d5c0e485-765d-c99d-60c1-f669baa2c385" executionId="66a2a4f8-fe97-43ca-891b-db800b0b4f34" testListId="8c84fa94-04c1-424b-9868-57a2d4851a1d" />
    <TestEntry testId="84bf38e9-9144-dc3f-3fbb-788aeff94918" executionId="39301744-c0ae-4b58-8c4c-f32091544430" testListId="8c84fa94-04c1-424b-9868-57a2d4851a1d" />
    <TestEntry testId="35804b06-11f8-fb19-7cd9-4b5182d944a6" executionId="ad001cc4-197e-4add-96ae-3833043b5192" testListId="8c84fa94-04c1-424b-9868-57a2d4851a1d" />
    <TestEntry testId="4a3a4767-2fcd-8cd1-559f-f87bde132fcc" executionId="a9124168-1518-41e1-9327-6b005679f6be" testListId="8c84fa94-04c1-424b-9868-57a2d4851a1d" />
    <TestEntry testId="3eb1bfa3-50f3-b918-d5a1-91e494194649" executionId="6d3514b0-9ec0-4ca2-8acc-ea6cb596b5fe" testListId="8c84fa94-04c1-424b-9868-57a2d4851a1d" />
    <TestEntry testId="89375aca-5b37-064f-74cf-5102a1c4ec81" executionId="baf2f0be-a75b-4f2e-8364-9e2c6bba5347" testListId="8c84fa94-04c1-424b-9868-57a2d4851a1d" />
    <TestEntry testId="4542ac08-3156-be6f-f9b6-60fac905db13" executionId="7cd4c9e9-6f2b-4377-927f-2de4ffa5673a" testListId="8c84fa94-04c1-424b-9868-57a2d4851a1d" />
    <TestEntry testId="aadb342a-ff06-0cc2-8ee7-a275dc1cd7f8" executionId="52c120e5-d216-4071-8223-d4e82f3171c5" testListId="8c84fa94-04c1-424b-9868-57a2d4851a1d" />
    <TestEntry testId="bf5e8c22-a26b-18f1-1802-acbe936c6160" executionId="0a0e265a-9397-44b1-b415-043edb189f70" testListId="8c84fa94-04c1-424b-9868-57a2d4851a1d" />
    <TestEntry testId="a77657a1-a493-b15e-b5c4-9e5ce796a8ee" executionId="9d387aba-0c75-4dcb-ab94-a815d2f161e2" testListId="8c84fa94-04c1-424b-9868-57a2d4851a1d" />
    <TestEntry testId="a3cffcd5-ca5b-acfc-2c92-56cbd2780945" executionId="befd5ff1-3b52-4495-afc5-c32a753482b1" testListId="8c84fa94-04c1-424b-9868-57a2d4851a1d" />
    <TestEntry testId="4d866a2f-8988-0d70-b30c-379e46401f2f" executionId="eda71b43-bc19-4fbb-8cbe-0935a3a29bc5" testListId="8c84fa94-04c1-424b-9868-57a2d4851a1d" />
    <TestEntry testId="a6478b4f-f785-703a-7384-c2061869f444" executionId="6e97bc0e-a547-4959-b52a-36aad0c4d29e" testListId="8c84fa94-04c1-424b-9868-57a2d4851a1d" />
    <TestEntry testId="4ddfc6a2-cba3-9569-714c-b24431bc49c1" executionId="c784b23b-9928-4877-a2a6-3ff580126923" testListId="8c84fa94-04c1-424b-9868-57a2d4851a1d" />
    <TestEntry testId="97ed5bad-2fed-e9d4-6d6f-bad924a904de" executionId="5dd625cc-265d-48fc-bd36-4244fd2bb9ac" testListId="8c84fa94-04c1-424b-9868-57a2d4851a1d" />
    <TestEntry testId="12ac6e7d-4dc0-7730-a820-51b345ac71e7" executionId="9983f8e3-a248-4824-9e1b-3e5a62887fea" testListId="8c84fa94-04c1-424b-9868-57a2d4851a1d" />
    <TestEntry testId="31fd8fc3-155f-83fd-baeb-6572fbd4102c" executionId="44187acf-9d0a-4b2f-9436-cd15c0b0c8c1" testListId="8c84fa94-04c1-424b-9868-57a2d4851a1d" />
    <TestEntry testId="b0a63f8f-6af7-a1eb-69e4-87897c177ded" executionId="ef32413c-b531-4eb4-9066-d6bb10f70881" testListId="8c84fa94-04c1-424b-9868-57a2d4851a1d" />
    <TestEntry testId="a0a697d6-c6a3-5a08-d701-7b26e299e138" executionId="2c02d912-7bbd-45fd-85ab-3c93b9286de6" testListId="8c84fa94-04c1-424b-9868-57a2d4851a1d" />
    <TestEntry testId="732023ed-2a84-ce2e-e7c1-285eeae1c920" executionId="fd484d4d-7b49-4dc8-abbc-88984f447a8a" testListId="8c84fa94-04c1-424b-9868-57a2d4851a1d" />
    <TestEntry testId="3310872c-02b1-3a9f-d890-3c3dc06b553c" executionId="2606ff85-43d1-403e-8f50-817892129ed6" testListId="8c84fa94-04c1-424b-9868-57a2d4851a1d" />
    <TestEntry testId="75b02970-aa24-70a3-87c6-08d86ea85974" executionId="837b57d3-d6f9-4ed2-ab2e-49a27395c5f8" testListId="8c84fa94-04c1-424b-9868-57a2d4851a1d" />
    <TestEntry testId="877328ba-697b-0240-60a8-80c7a7d265bf" executionId="44be00e8-19ac-46c2-b9a6-c61a0389e72a" testListId="8c84fa94-04c1-424b-9868-57a2d4851a1d" />
    <TestEntry testId="441a4176-3f9e-7fdb-d742-3ee7574fadc4" executionId="3d59260b-44f9-4d7c-b985-291ec3c97334" testListId="8c84fa94-04c1-424b-9868-57a2d4851a1d" />
    <TestEntry testId="c92c23d1-5ca1-d95a-512b-ef3370dd6502" executionId="70d905ef-d872-47b7-a188-2147af42798e" testListId="8c84fa94-04c1-424b-9868-57a2d4851a1d" />
    <TestEntry testId="7b296182-9791-5bb6-d0bc-cac1175b5b79" executionId="7a7130d0-3427-4210-b19a-5eb313a91eef" testListId="8c84fa94-04c1-424b-9868-57a2d4851a1d" />
    <TestEntry testId="b62c4f1d-0c70-3ca6-698f-93042754bfc6" executionId="e6f51672-58e5-4066-a2ac-a87221d2a19a" testListId="8c84fa94-04c1-424b-9868-57a2d4851a1d" />
    <TestEntry testId="ef941c35-94f0-1c6b-ae1b-3d9480badfe1" executionId="47db34a5-8467-458c-a305-dffc1317d0ac" testListId="8c84fa94-04c1-424b-9868-57a2d4851a1d" />
    <TestEntry testId="b4b9ceca-0f9b-2f70-098f-b833aa83e26b" executionId="3f591888-52c5-4ad3-a009-a1a3e320a16b" testListId="8c84fa94-04c1-424b-9868-57a2d4851a1d" />
    <TestEntry testId="8d2e4a94-ff96-e137-7aa1-856c2b177202" executionId="9e4fae27-ad84-43d2-994d-bdac79ac8cac" testListId="8c84fa94-04c1-424b-9868-57a2d4851a1d" />
    <TestEntry testId="e5e8af21-71fb-6408-e3b9-cb39965b660d" executionId="9a0b2bba-e1c2-451b-93de-e8bf95e819c7" testListId="8c84fa94-04c1-424b-9868-57a2d4851a1d" />
    <TestEntry testId="f9581051-4325-f7fc-7cc2-b7b62afe7956" executionId="3dda5c02-918a-48fe-9b12-4952c44027b7" testListId="8c84fa94-04c1-424b-9868-57a2d4851a1d" />
    <TestEntry testId="09ded2a6-c372-2eb2-ac00-fef2bebd4e6e" executionId="d0c92fe7-fa7a-4172-8bff-9b06a5adba70" testListId="8c84fa94-04c1-424b-9868-57a2d4851a1d" />
    <TestEntry testId="b55addd3-5335-70b5-4725-96a0e81794df" executionId="add6878b-b280-4005-ba06-4c29edc1ee90" testListId="8c84fa94-04c1-424b-9868-57a2d4851a1d" />
    <TestEntry testId="38f8f45d-602d-9fe2-6af1-7d834fd278db" executionId="f4659daf-7aba-4c6d-9005-ca1bec96f69c" testListId="8c84fa94-04c1-424b-9868-57a2d4851a1d" />
    <TestEntry testId="b8abe570-968b-bdd1-9711-285d9d0a6ba1" executionId="19164443-c03f-40eb-873c-4ca01e5a0fe8" testListId="8c84fa94-04c1-424b-9868-57a2d4851a1d" />
    <TestEntry testId="62aebf56-249e-bb4c-3c75-70b7badd4f85" executionId="48297e8a-bf06-4138-9b40-bf6efae20573" testListId="8c84fa94-04c1-424b-9868-57a2d4851a1d" />
    <TestEntry testId="278a11dd-76cf-5c46-224d-0d3283afee51" executionId="797f8f95-cd23-4b5b-b6ff-cfbf7fea2f55" testListId="8c84fa94-04c1-424b-9868-57a2d4851a1d" />
    <TestEntry testId="90cfc5f0-b7f9-31e3-d21a-be242b733ee9" executionId="3941aadc-49e6-415b-b16b-d358ac2786d5" testListId="8c84fa94-04c1-424b-9868-57a2d4851a1d" />
    <TestEntry testId="4fee98d5-de39-1ee6-cb6e-aeb30d9e4547" executionId="5097df24-2fdb-4b02-acb9-499ced980bdc" testListId="8c84fa94-04c1-424b-9868-57a2d4851a1d" />
    <TestEntry testId="af38776a-6751-f268-5d04-8090b4d28593" executionId="28efe6a8-0f7c-444c-81b9-14841620cde9" testListId="8c84fa94-04c1-424b-9868-57a2d4851a1d" />
    <TestEntry testId="70718e81-81f4-db7d-389b-91346f649480" executionId="15ce4401-3d83-4b5f-ac51-29501b3d1cef" testListId="8c84fa94-04c1-424b-9868-57a2d4851a1d" />
    <TestEntry testId="2e5f6fa9-36cf-588f-e363-93c7c6e15067" executionId="405a9d0c-1582-41e7-9be9-cb61c1c4aea2" testListId="8c84fa94-04c1-424b-9868-57a2d4851a1d" />
    <TestEntry testId="3d782eb2-1185-1de8-9482-d479e4373af3" executionId="97865dab-ff3a-470d-b39e-29455febc848" testListId="8c84fa94-04c1-424b-9868-57a2d4851a1d" />
    <TestEntry testId="16ee0ac6-17eb-3505-339b-384a8e931cbc" executionId="ef9622cd-3db9-40a1-892a-30d0b2c11955" testListId="8c84fa94-04c1-424b-9868-57a2d4851a1d" />
    <TestEntry testId="b8e97d03-ef15-901d-1e9d-db40f54cbfb0" executionId="bbff0e12-f2d9-4fe4-be32-42e61b1a9bf4" testListId="8c84fa94-04c1-424b-9868-57a2d4851a1d" />
    <TestEntry testId="5f23c18d-428e-08d4-6861-aed4128bbfb5" executionId="51258ee6-dd66-43b4-9e3d-95ff09b7d951" testListId="8c84fa94-04c1-424b-9868-57a2d4851a1d" />
    <TestEntry testId="b9f990f1-833c-da15-c4ce-a21f43595dd2" executionId="e8a2dc7d-9160-431e-956b-bc10eaea19d1" testListId="8c84fa94-04c1-424b-9868-57a2d4851a1d" />
    <TestEntry testId="6dd090ae-0423-7a7c-d8df-35146cee22d9" executionId="5b76fe64-8af1-4bfe-a1eb-6e2ff0c9efd0" testListId="8c84fa94-04c1-424b-9868-57a2d4851a1d" />
    <TestEntry testId="d321e896-1c35-b87a-a0b5-276c58a0218b" executionId="96f48bed-c4ab-4618-a07a-6f3a88840211" testListId="8c84fa94-04c1-424b-9868-57a2d4851a1d" />
    <TestEntry testId="bb65ea30-4ccc-91b1-efbb-715f93a6d534" executionId="860bc791-64e6-4e5a-a4c6-2f313627d931" testListId="8c84fa94-04c1-424b-9868-57a2d4851a1d" />
    <TestEntry testId="34b2f47b-480a-22d6-69fb-dc7eedfd64fd" executionId="a944cd10-02ca-42e1-bf4c-a1c5016e902c" testListId="8c84fa94-04c1-424b-9868-57a2d4851a1d" />
    <TestEntry testId="8a767b9b-e015-e5fc-c6e0-fb31075f769b" executionId="2411660e-133f-48cf-8060-5173ba2e9442" testListId="8c84fa94-04c1-424b-9868-57a2d4851a1d" />
    <TestEntry testId="33919fac-e25b-5982-05db-e9034087e4af" executionId="cc4215fb-aa9a-4d32-9adf-37040e304fd8" testListId="8c84fa94-04c1-424b-9868-57a2d4851a1d" />
    <TestEntry testId="586aa199-8ad2-c267-31e0-7d856afcab20" executionId="ee6c5aeb-1b73-4a0b-bc0d-a1fd76f331b0" testListId="8c84fa94-04c1-424b-9868-57a2d4851a1d" />
    <TestEntry testId="4cc8300a-eeed-c2e1-d868-e1046399c3e2" executionId="de40ccb0-0094-42e7-935c-fcb9c763a8dc" testListId="8c84fa94-04c1-424b-9868-57a2d4851a1d" />
    <TestEntry testId="54792cc5-5557-3941-5368-3e4248495373" executionId="5403e88c-2c27-4fea-81f5-1d9cad9ae46e" testListId="8c84fa94-04c1-424b-9868-57a2d4851a1d" />
    <TestEntry testId="6405a933-f1c3-2d9d-c133-14524337831d" executionId="783dfcbf-2f53-44a5-b49a-7438a327c777" testListId="8c84fa94-04c1-424b-9868-57a2d4851a1d" />
    <TestEntry testId="a968b87e-cff6-bf9a-9da7-2e125015401d" executionId="a97ce02f-36f0-45ca-84ae-07409df36a86" testListId="8c84fa94-04c1-424b-9868-57a2d4851a1d" />
    <TestEntry testId="af1fb9a2-8a78-6d8f-f175-66671f902a9b" executionId="de76c9d5-c025-410a-8c84-bff8953b35d7" testListId="8c84fa94-04c1-424b-9868-57a2d4851a1d" />
    <TestEntry testId="76bac099-ab90-0ad5-557d-efa1c929ace3" executionId="6c90c1ea-a921-4572-95f7-66d35b17daba" testListId="8c84fa94-04c1-424b-9868-57a2d4851a1d" />
    <TestEntry testId="febb8456-be0b-5098-be4c-94fbaa942835" executionId="6cef1239-ecc0-4fe9-8f88-e9f4225500f1" testListId="8c84fa94-04c1-424b-9868-57a2d4851a1d" />
    <TestEntry testId="e245fb45-69ee-13c5-5051-f3d423a730df" executionId="1fb04bd7-a32e-496d-8397-8da9594c5a25" testListId="8c84fa94-04c1-424b-9868-57a2d4851a1d" />
    <TestEntry testId="8d4c082a-f9d0-c638-ed0b-343bc5cdce37" executionId="03d0e1b5-c3e5-49a9-9e6d-b41d3c910235" testListId="8c84fa94-04c1-424b-9868-57a2d4851a1d" />
    <TestEntry testId="bff954f8-e2d5-b0a0-fd97-8dd0ad93ed5a" executionId="5c8cb851-69b5-465c-9bec-68265007976f" testListId="8c84fa94-04c1-424b-9868-57a2d4851a1d" />
    <TestEntry testId="c3eb088b-e534-d6fa-e2f7-38f7fde309c3" executionId="b5a3d138-c87f-4aee-bc77-b4e1d0deac52" testListId="8c84fa94-04c1-424b-9868-57a2d4851a1d" />
    <TestEntry testId="21727a68-5514-e7fd-4cbf-85c9b79894da" executionId="87fd5db4-f842-4461-b315-a66784caef60" testListId="8c84fa94-04c1-424b-9868-57a2d4851a1d" />
    <TestEntry testId="66e703e4-29de-a4c7-8c30-1bc7e1752b2f" executionId="a917d436-2857-4615-aff3-95084c924d15" testListId="8c84fa94-04c1-424b-9868-57a2d4851a1d" />
    <TestEntry testId="6149a481-7ba1-ce8d-da96-1adf4aeb4783" executionId="1a87efaf-a812-4213-9372-03ff5e501fb6" testListId="8c84fa94-04c1-424b-9868-57a2d4851a1d" />
    <TestEntry testId="24801bf2-63b2-04d1-d795-083a0ecbe814" executionId="6d875213-0b0e-4f3c-b3ab-a57e4b543464" testListId="8c84fa94-04c1-424b-9868-57a2d4851a1d" />
    <TestEntry testId="ba582828-87c0-f796-0108-b7c57cda86c7" executionId="c7d43b95-ee3f-441a-8d60-26f47362a2a6" testListId="8c84fa94-04c1-424b-9868-57a2d4851a1d" />
    <TestEntry testId="6cb4c9a0-0faa-e5bf-8132-58751189c459" executionId="44661754-e07e-488d-a4d9-f3ed172afbf3" testListId="8c84fa94-04c1-424b-9868-57a2d4851a1d" />
    <TestEntry testId="d01aff65-cc66-59d9-483c-ef58ff5b02b0" executionId="67463f0e-6711-48f8-a6c0-32dd85b57c65" testListId="8c84fa94-04c1-424b-9868-57a2d4851a1d" />
    <TestEntry testId="5901b859-8c35-d7a1-4b20-7aa832e2b2ac" executionId="360bafa5-3cf3-491d-85ae-db35c4735d91" testListId="8c84fa94-04c1-424b-9868-57a2d4851a1d" />
    <TestEntry testId="eff56118-333e-58bc-c876-e39cbb7e3925" executionId="a18e38ed-4101-424b-88b4-30c9b48a196c" testListId="8c84fa94-04c1-424b-9868-57a2d4851a1d" />
    <TestEntry testId="5faaddbc-e454-1cad-1ea4-51f228dc32db" executionId="fd190a4d-0c1b-4a11-971d-3eec3891c777" testListId="8c84fa94-04c1-424b-9868-57a2d4851a1d" />
    <TestEntry testId="f5caa479-ad8a-fc77-0f9d-b10ee7e2accc" executionId="e914e58d-be51-49ff-b0f9-feca2254b52d" testListId="8c84fa94-04c1-424b-9868-57a2d4851a1d" />
    <TestEntry testId="db062b49-88de-b8f8-9ca6-8a07ff86d1c6" executionId="d069549d-1d59-4547-917d-783db1f6e1f4" testListId="8c84fa94-04c1-424b-9868-57a2d4851a1d" />
    <TestEntry testId="f5cf44f1-55f9-84ba-0c1d-f402f9b081e8" executionId="cbd481b7-e6d8-464b-b110-54eabf20e1c6" testListId="8c84fa94-04c1-424b-9868-57a2d4851a1d" />
    <TestEntry testId="5a716387-727c-9f4a-576d-c532745d27fc" executionId="e3772944-62a0-4f4d-afaf-68f4ebcfa9ee" testListId="8c84fa94-04c1-424b-9868-57a2d4851a1d" />
    <TestEntry testId="ac7da09a-9c21-96d1-0628-e57364e271db" executionId="0ad3e44b-610f-4ee9-b489-4303da93379e" testListId="8c84fa94-04c1-424b-9868-57a2d4851a1d" />
    <TestEntry testId="88c0ee23-26fa-850a-6ac5-863c20752b1c" executionId="ee460bc7-0457-49a7-981d-5bf67999aebd" testListId="8c84fa94-04c1-424b-9868-57a2d4851a1d" />
    <TestEntry testId="2d494ba4-00f9-0c80-6ff4-27a9065e579d" executionId="b400553a-6a7b-4512-aa59-3dee05ecf200" testListId="8c84fa94-04c1-424b-9868-57a2d4851a1d" />
    <TestEntry testId="d32054d7-3151-5a17-efe5-d560f827fbcf" executionId="23d0c57b-0497-4403-bba3-d12c432710ce" testListId="8c84fa94-04c1-424b-9868-57a2d4851a1d" />
    <TestEntry testId="b5545286-2d51-273f-e678-5706630cef56" executionId="c9ea2bea-e93f-4bae-8acd-66ac685ece7f" testListId="8c84fa94-04c1-424b-9868-57a2d4851a1d" />
    <TestEntry testId="6f43ed26-de60-b0e4-78cc-d52e607c404f" executionId="75b7b22d-0d41-4015-b161-fde958bbdbce" testListId="8c84fa94-04c1-424b-9868-57a2d4851a1d" />
    <TestEntry testId="517e03e4-4abb-9810-ab6e-fc1b74f3e022" executionId="f5b12cd2-e43c-4ad9-96be-73f9d6ddca98" testListId="8c84fa94-04c1-424b-9868-57a2d4851a1d" />
    <TestEntry testId="99ffc01d-6d47-54d4-118d-67b642c0d057" executionId="aef9a1cd-4515-4889-b982-416f12174c31" testListId="8c84fa94-04c1-424b-9868-57a2d4851a1d" />
    <TestEntry testId="d3834f26-d7ff-018a-555c-a0be35190a28" executionId="18ffbd6d-8348-4794-bf24-dc1ecd0397ed" testListId="8c84fa94-04c1-424b-9868-57a2d4851a1d" />
    <TestEntry testId="d8e63543-1f0c-4f29-79c8-6459f1072b63" executionId="877e38a3-e4e8-45c9-9bf6-68d971f3bad2" testListId="8c84fa94-04c1-424b-9868-57a2d4851a1d" />
    <TestEntry testId="49b54f08-f7f0-ba91-ee50-7ae6390d4af1" executionId="d5b87d89-6d77-4676-abce-6cf0d1a42d71" testListId="8c84fa94-04c1-424b-9868-57a2d4851a1d" />
    <TestEntry testId="27329ac4-220b-b901-238d-32a5c22c05d2" executionId="e800dc3f-288d-47e4-a88e-a4d1621f1928" testListId="8c84fa94-04c1-424b-9868-57a2d4851a1d" />
    <TestEntry testId="b452384b-46c9-9d28-fc42-8e46ec09f689" executionId="f1c581d5-ea72-4f71-a638-807899d4c85a" testListId="8c84fa94-04c1-424b-9868-57a2d4851a1d" />
    <TestEntry testId="4d104602-0dda-c899-6d83-d5aa637c46a2" executionId="56b9c610-eb05-45b6-93f6-5e00736203e0" testListId="8c84fa94-04c1-424b-9868-57a2d4851a1d" />
    <TestEntry testId="12c318f1-025e-56db-70fc-391decd83ddf" executionId="c8068d7f-f28a-4e8c-b6e4-bf179dd4eb24" testListId="8c84fa94-04c1-424b-9868-57a2d4851a1d" />
    <TestEntry testId="08c8c1c6-bdcb-21d2-0325-62806128a803" executionId="b649f34b-ac54-4fd8-9bd1-cfce58b8ad7b" testListId="8c84fa94-04c1-424b-9868-57a2d4851a1d" />
    <TestEntry testId="cc3b9b99-7533-a7bc-3f64-e2ee5a64fc21" executionId="15bf823e-3c30-4f6d-8dcc-b89db3edefa4" testListId="8c84fa94-04c1-424b-9868-57a2d4851a1d" />
    <TestEntry testId="d757e934-8867-a54c-c93f-b9b8e2d4f452" executionId="38fd5d8f-fc5d-4d31-b321-f1367752dc39" testListId="8c84fa94-04c1-424b-9868-57a2d4851a1d" />
    <TestEntry testId="c6e1db41-6039-4a0b-4b5e-460a6a0df8ad" executionId="d87fe051-7967-478d-a802-c59d1363ece7" testListId="8c84fa94-04c1-424b-9868-57a2d4851a1d" />
    <TestEntry testId="c93e1fde-ba93-9054-d493-30af75ea0b03" executionId="8ae3a318-b059-4fa4-ac73-89157873ed9c" testListId="8c84fa94-04c1-424b-9868-57a2d4851a1d" />
    <TestEntry testId="bb23e984-379e-7e0e-1bce-dc1dbfcf6fc3" executionId="f097de50-b895-4a75-a5ef-65482e2a077c" testListId="8c84fa94-04c1-424b-9868-57a2d4851a1d" />
    <TestEntry testId="a4ebc8c3-3a4e-4ab1-e6c5-04365965ee9e" executionId="5ccfd010-9fcb-4667-b19f-3fa3930adf40" testListId="8c84fa94-04c1-424b-9868-57a2d4851a1d" />
    <TestEntry testId="e1f855c8-36b9-4274-1f3f-20a1e21c5404" executionId="387943a0-213c-4051-9963-f219e3a96618" testListId="8c84fa94-04c1-424b-9868-57a2d4851a1d" />
    <TestEntry testId="5bb482fa-8a48-3336-66c9-7ea3af463c94" executionId="b99aa32d-a066-4c06-83f4-b80823f7b50c" testListId="8c84fa94-04c1-424b-9868-57a2d4851a1d" />
    <TestEntry testId="7afa246b-f4b2-fc5f-fe61-fe719713919d" executionId="3854286e-4b26-447a-89c1-28ad15edb2ba" testListId="8c84fa94-04c1-424b-9868-57a2d4851a1d" />
    <TestEntry testId="d326e466-8fe4-d29b-9b6b-a9886d65bce4" executionId="3e928432-fd67-4b52-9b8e-bf47b9f256a0" testListId="8c84fa94-04c1-424b-9868-57a2d4851a1d" />
    <TestEntry testId="2eb304bc-29a1-e3fc-a1ed-62b709614ba3" executionId="f21f52e8-6392-41dd-ab29-a41c38aa26d2" testListId="8c84fa94-04c1-424b-9868-57a2d4851a1d" />
    <TestEntry testId="896a835e-aa00-d5b5-efb0-cae3f484c942" executionId="6fd297cd-f666-42ee-a354-a0edb8a12d26" testListId="8c84fa94-04c1-424b-9868-57a2d4851a1d" />
    <TestEntry testId="c6c1a6ca-c551-f84f-b4f7-d3d4f0f2582f" executionId="aa79d2e4-55f9-4bfb-8ad5-26d97fa2f6e2" testListId="8c84fa94-04c1-424b-9868-57a2d4851a1d" />
    <TestEntry testId="20c0e1dd-a74f-c654-d865-142fb2a2787f" executionId="f78f51e2-dbfc-4e29-8d3d-7697c6c953d5" testListId="8c84fa94-04c1-424b-9868-57a2d4851a1d" />
    <TestEntry testId="54f6e699-b3d1-75b1-4814-37e5fcfee1a3" executionId="a7fdf928-8f8b-4906-a689-8f30188df4ab" testListId="8c84fa94-04c1-424b-9868-57a2d4851a1d" />
    <TestEntry testId="cf3d443f-6dec-a121-7292-16e5d1c821cc" executionId="279d1083-37de-41e9-bdbe-b770151b8dca" testListId="8c84fa94-04c1-424b-9868-57a2d4851a1d" />
    <TestEntry testId="459463df-7b24-1834-e524-ebc8eb49d9bc" executionId="32cb9ab2-5a50-4717-a0c7-e5106d9379c5" testListId="8c84fa94-04c1-424b-9868-57a2d4851a1d" />
    <TestEntry testId="77b841d2-c43a-4070-249a-23480e6bd29c" executionId="ac61bf74-9c4f-428b-8693-508acbfe4752" testListId="8c84fa94-04c1-424b-9868-57a2d4851a1d" />
    <TestEntry testId="7f0c527e-e0ba-a3e5-7988-c20f8f846917" executionId="837543eb-2b98-462b-89d0-7232809ce7a3" testListId="8c84fa94-04c1-424b-9868-57a2d4851a1d" />
    <TestEntry testId="910ea956-c4b4-dc72-c890-ea2c8afbd1ba" executionId="bc89aa66-7716-4c0b-a059-bd8c7f793f6b" testListId="8c84fa94-04c1-424b-9868-57a2d4851a1d" />
    <TestEntry testId="1eb83994-41a5-06de-d18f-7e1407514b78" executionId="681ffce4-bfe4-4b57-8a8e-444348539fa2" testListId="8c84fa94-04c1-424b-9868-57a2d4851a1d" />
    <TestEntry testId="2bf7024d-c9a8-0f52-01c6-a02fd7b7c6c8" executionId="1beccc75-4432-4de0-afbe-5205aeb1fc4b" testListId="8c84fa94-04c1-424b-9868-57a2d4851a1d" />
    <TestEntry testId="da2d2e18-01f0-acb5-e8f2-d394d1e9d5f0" executionId="d3a7a9ec-b7fa-443c-9217-fb3741030997" testListId="8c84fa94-04c1-424b-9868-57a2d4851a1d" />
    <TestEntry testId="f9fd199c-9720-ab0c-f9a1-3482c7ab7054" executionId="bb9c12ca-8a87-46ac-9564-1c7c6cc5bc64" testListId="8c84fa94-04c1-424b-9868-57a2d4851a1d" />
    <TestEntry testId="1bd901f8-3f7d-e4b9-9350-b8e0d21cecdd" executionId="78468194-8bfa-404d-aeda-8c3ae2ef3ec6" testListId="8c84fa94-04c1-424b-9868-57a2d4851a1d" />
    <TestEntry testId="bd6f3f69-8756-1ecb-680e-dc8bdb5e7007" executionId="c4750ee5-ee56-464f-9ad9-bacc6178d111" testListId="8c84fa94-04c1-424b-9868-57a2d4851a1d" />
    <TestEntry testId="3e8485c9-a7cd-7c8f-f394-cfd45a272654" executionId="cbbf0ba3-0873-4190-8550-6996d1ce08b8" testListId="8c84fa94-04c1-424b-9868-57a2d4851a1d" />
    <TestEntry testId="8d3a13e4-7529-dcc7-acab-a47c8e85a381" executionId="6c4c8dc8-f332-4b4f-8336-6dc38e3e1ad7" testListId="8c84fa94-04c1-424b-9868-57a2d4851a1d" />
    <TestEntry testId="7137fa11-d3cd-d2e9-1892-35a2bcf917d7" executionId="701afc26-c3fd-4b15-a1c5-11e802778ba7" testListId="8c84fa94-04c1-424b-9868-57a2d4851a1d" />
    <TestEntry testId="096497aa-f877-ca92-6ca3-eb3764bf4357" executionId="2ffcf4b4-d82c-4bdd-8671-bde299424ca4" testListId="8c84fa94-04c1-424b-9868-57a2d4851a1d" />
    <TestEntry testId="bf21cb13-4f33-4868-5185-223274a7024a" executionId="0fde4c17-b60c-4420-a4a1-aff66f74fc3a" testListId="8c84fa94-04c1-424b-9868-57a2d4851a1d" />
    <TestEntry testId="9fa25131-4a4e-7dac-7ed1-7e35fdb0b337" executionId="e1e0c533-f321-4889-8ff7-14a2a1668204" testListId="8c84fa94-04c1-424b-9868-57a2d4851a1d" />
    <TestEntry testId="91452546-d657-4c1c-6138-277aca7ba885" executionId="135da8b5-ef6a-4bff-9171-6b249a12ba42" testListId="8c84fa94-04c1-424b-9868-57a2d4851a1d" />
    <TestEntry testId="31287f75-c0f1-e036-018c-5c569b7613eb" executionId="32e1ec46-0882-48cd-a6c9-da91eebf0183" testListId="8c84fa94-04c1-424b-9868-57a2d4851a1d" />
    <TestEntry testId="810ffc2c-a4d4-e483-e7ec-425382693cc5" executionId="c81500ed-cfad-4e09-a70d-8d9dfd4a8994" testListId="8c84fa94-04c1-424b-9868-57a2d4851a1d" />
    <TestEntry testId="187b12dc-8a8d-a2dd-a376-a830b72404bd" executionId="450d1128-3740-4e67-ac19-3b6b7700a37f" testListId="8c84fa94-04c1-424b-9868-57a2d4851a1d" />
    <TestEntry testId="bd58f8d9-e6cb-76f7-101e-84475807384c" executionId="fe2c6542-a1d7-44fb-a275-6bc31698a2df" testListId="8c84fa94-04c1-424b-9868-57a2d4851a1d" />
    <TestEntry testId="ce5d6351-00d4-a4e9-7df0-2fe2199468f7" executionId="bb7e1284-b0ab-424a-8d8d-989d0bbae90c" testListId="8c84fa94-04c1-424b-9868-57a2d4851a1d" />
    <TestEntry testId="bcf043e2-e23c-d4b1-e8df-ddcfaf2c6564" executionId="ac0fc66b-f945-422a-ab26-10418d50c8db" testListId="8c84fa94-04c1-424b-9868-57a2d4851a1d" />
    <TestEntry testId="1c24a4c8-79d9-1a7e-b3df-8a6211e695a8" executionId="950920fc-a98d-4e70-8f9e-eaa012b9db00" testListId="8c84fa94-04c1-424b-9868-57a2d4851a1d" />
    <TestEntry testId="e4efa2e9-6d62-0683-b9e7-1e5cf6253345" executionId="6668f6f2-9463-4f97-9598-ad11081882a9" testListId="8c84fa94-04c1-424b-9868-57a2d4851a1d" />
    <TestEntry testId="286237b8-58c5-8f71-48e4-5e1734d0ac85" executionId="5e49950a-915b-4467-b128-25e3f5ecc58b" testListId="8c84fa94-04c1-424b-9868-57a2d4851a1d" />
    <TestEntry testId="298c066a-2f38-5d22-8d3d-0de208425162" executionId="6b90ff8d-40e1-439f-980c-8bb9f2383f07" testListId="8c84fa94-04c1-424b-9868-57a2d4851a1d" />
    <TestEntry testId="57b6d097-e9d6-3704-ff59-5ba052e3b406" executionId="937dfb9b-fb2b-48a6-94b5-2575e0b3f5d6" testListId="8c84fa94-04c1-424b-9868-57a2d4851a1d" />
    <TestEntry testId="22b2ca51-378e-71cd-e0e0-67e36d20ff15" executionId="a09df778-1c6f-4870-b6ac-8909c3641d31" testListId="8c84fa94-04c1-424b-9868-57a2d4851a1d" />
    <TestEntry testId="035ef68b-c3bd-7b62-9eec-5a605eb83f8c" executionId="77872887-9045-4772-be68-32230a73f54a" testListId="8c84fa94-04c1-424b-9868-57a2d4851a1d" />
    <TestEntry testId="00128a49-1d90-04d8-005b-b12d7a997cf3" executionId="74f1f2de-a2fc-40cf-978e-a904730d521d" testListId="8c84fa94-04c1-424b-9868-57a2d4851a1d" />
    <TestEntry testId="adb4be23-162a-8b95-3e02-bd423cdb5788" executionId="1e6e5db2-a9be-4de0-a7b0-2cb555cc802b" testListId="8c84fa94-04c1-424b-9868-57a2d4851a1d" />
    <TestEntry testId="08927107-8d8c-0e18-84c3-bf6112c63fb2" executionId="1eb41829-3e67-45bf-ac07-0a6721009814" testListId="8c84fa94-04c1-424b-9868-57a2d4851a1d" />
    <TestEntry testId="ed486ee2-750d-c7b9-06cc-eb3021382eda" executionId="5ec138f6-8ae4-4ee6-aa42-83fd845023e2" testListId="8c84fa94-04c1-424b-9868-57a2d4851a1d" />
    <TestEntry testId="30702b8e-5ec7-eb10-4c6a-7105f5c77df3" executionId="c880f71c-385c-4fe6-89b4-cb396a05e584" testListId="8c84fa94-04c1-424b-9868-57a2d4851a1d" />
    <TestEntry testId="e7fe4176-e00b-74b7-50f4-595529010ad0" executionId="f38880d2-0bde-46ee-b59a-1ac49d6b22d5" testListId="8c84fa94-04c1-424b-9868-57a2d4851a1d" />
    <TestEntry testId="93774d2d-144b-7040-611e-7e563672ebaa" executionId="f9dfb3f8-c11c-495f-b1ca-15ae25024250" testListId="8c84fa94-04c1-424b-9868-57a2d4851a1d" />
    <TestEntry testId="c1eeccdf-9e70-35f5-8d31-8a133efe3993" executionId="2579870d-45b6-469c-b5da-b99b17966713" testListId="8c84fa94-04c1-424b-9868-57a2d4851a1d" />
    <TestEntry testId="876bc370-09a2-ee34-0b46-51df5caf6b5d" executionId="ca19347a-c118-4b67-a01b-ba703abd6295" testListId="8c84fa94-04c1-424b-9868-57a2d4851a1d" />
    <TestEntry testId="ab1319d7-a2c3-e991-b6a2-1cf10c8be090" executionId="84833e7b-8d7a-4458-893f-d0406bff70f8" testListId="8c84fa94-04c1-424b-9868-57a2d4851a1d" />
    <TestEntry testId="7382cb68-b8fd-71d6-f26a-53d5017fec14" executionId="85c99b02-cbe6-41d3-9f28-230ee6966de9" testListId="8c84fa94-04c1-424b-9868-57a2d4851a1d" />
    <TestEntry testId="9af8ac57-47e8-e560-cb3c-d72fb3be6de6" executionId="e20e28b8-018c-4433-98e3-7399571b9360" testListId="8c84fa94-04c1-424b-9868-57a2d4851a1d" />
    <TestEntry testId="d0c56151-9eb1-435a-613d-6b16219b3912" executionId="d80fe3cd-599b-497c-b26d-acaecc95e129" testListId="8c84fa94-04c1-424b-9868-57a2d4851a1d" />
    <TestEntry testId="78d8640f-f64c-e788-cbb5-62b4d5593dba" executionId="40317140-f704-452c-9a65-d28055e4cfbc" testListId="8c84fa94-04c1-424b-9868-57a2d4851a1d" />
    <TestEntry testId="85fbbcd0-881b-ae29-40f1-5696b7e80975" executionId="aeed13c5-775b-4f4b-9882-89a8cf32c8dc" testListId="8c84fa94-04c1-424b-9868-57a2d4851a1d" />
    <TestEntry testId="a9359554-6927-fb85-3830-72d7f8df0ae0" executionId="eeac0c58-4d80-4b02-89e1-91ab5400ddab" testListId="8c84fa94-04c1-424b-9868-57a2d4851a1d" />
    <TestEntry testId="8f9aaf67-4846-3c14-9893-fd9a67976dbd" executionId="d9767813-35d3-488f-baff-dda15a888a09" testListId="8c84fa94-04c1-424b-9868-57a2d4851a1d" />
    <TestEntry testId="cbb93574-008f-0923-82a1-ea6b8693b1c4" executionId="68b383e1-91d3-4614-992e-16c7b7cadb11" testListId="8c84fa94-04c1-424b-9868-57a2d4851a1d" />
    <TestEntry testId="4e8ec708-b63a-3736-0e4f-25924095128b" executionId="c5dd5d10-73fc-48ec-84ba-47ee928e84b0" testListId="8c84fa94-04c1-424b-9868-57a2d4851a1d" />
    <TestEntry testId="2b14ff95-cabe-8a3e-8e5c-8673fcb142c5" executionId="98d6f3ca-41c5-49da-968d-587f60a8e2e7" testListId="8c84fa94-04c1-424b-9868-57a2d4851a1d" />
    <TestEntry testId="70886465-8a9c-f3a3-e66e-9c4d9f1e425f" executionId="8a848f2c-7c95-479b-83ad-05a491195eb8" testListId="8c84fa94-04c1-424b-9868-57a2d4851a1d" />
    <TestEntry testId="86511367-20e7-9ea5-808a-c86846f8f9e3" executionId="1697cce4-d4eb-46cb-b272-7056e705ab99" testListId="8c84fa94-04c1-424b-9868-57a2d4851a1d" />
    <TestEntry testId="322678fe-2d0e-03ee-cda0-d8553512610f" executionId="395dcc2d-7c1a-41bc-ba61-086bccd6cad2" testListId="8c84fa94-04c1-424b-9868-57a2d4851a1d" />
    <TestEntry testId="76a3a4c2-b730-8445-7c90-0d70d705d3b2" executionId="dad21736-dc83-48d2-81d4-4368aa087ae1" testListId="8c84fa94-04c1-424b-9868-57a2d4851a1d" />
    <TestEntry testId="9b6bcf4a-f6d4-8ccc-f16d-a434ebb9feb9" executionId="39ae8eee-5fbb-44e3-ab49-e67a337d3174" testListId="8c84fa94-04c1-424b-9868-57a2d4851a1d" />
    <TestEntry testId="dfdaa8e6-900c-926b-6ac3-82e2d0119e60" executionId="b33b451e-dc2a-4f81-9d7c-56b06c05c611" testListId="8c84fa94-04c1-424b-9868-57a2d4851a1d" />
    <TestEntry testId="b722671b-5697-c030-4a64-cd7cdd00f422" executionId="3e723343-f64b-44ef-8b1b-942d3a7cb16e" testListId="8c84fa94-04c1-424b-9868-57a2d4851a1d" />
    <TestEntry testId="4f39f42c-bd61-1d3b-a9d4-94ed188e9ad5" executionId="2fa8755d-b40d-4cf8-8400-21ab495680cd" testListId="8c84fa94-04c1-424b-9868-57a2d4851a1d" />
    <TestEntry testId="9407802f-e3bb-717e-dfa6-c4f68e793c26" executionId="2f04c127-0fe6-47be-a0db-564000875432" testListId="8c84fa94-04c1-424b-9868-57a2d4851a1d" />
    <TestEntry testId="8c9d0f43-0c95-b12f-4abf-b89bea8f7dec" executionId="7b53d790-29d0-4b2b-9385-93cd910a48ab" testListId="8c84fa94-04c1-424b-9868-57a2d4851a1d" />
    <TestEntry testId="6ff49ce2-6c5f-2d12-78c5-d9fccb402e88" executionId="008aa098-408d-4204-9bc1-f74e41f9ae1a" testListId="8c84fa94-04c1-424b-9868-57a2d4851a1d" />
    <TestEntry testId="09c48a42-9cc6-7c96-0386-069c96816ff0" executionId="af7c46f8-f4c4-49c3-b2a5-338b5818ed6e" testListId="8c84fa94-04c1-424b-9868-57a2d4851a1d" />
    <TestEntry testId="4976d7df-aa75-dba7-69e7-9402402b4c8e" executionId="72a7af5b-2ae2-4ab2-9af7-1ac2976d91cc" testListId="8c84fa94-04c1-424b-9868-57a2d4851a1d" />
    <TestEntry testId="e0165201-5cdb-4323-41c0-fe10a5054fb9" executionId="59124ba9-6927-458a-af1e-eddaba6a3618" testListId="8c84fa94-04c1-424b-9868-57a2d4851a1d" />
    <TestEntry testId="6b82ab31-6a38-fe74-50c1-7d145afb1011" executionId="790a353b-9732-4519-af8d-d341e55eb703" testListId="8c84fa94-04c1-424b-9868-57a2d4851a1d" />
    <TestEntry testId="c5d5c0bb-f780-e550-d703-b15880279a9f" executionId="c0ece335-315b-4d78-9339-d6d609d29435" testListId="8c84fa94-04c1-424b-9868-57a2d4851a1d" />
    <TestEntry testId="13a2427c-e785-ce2d-2d1c-b445eff86f81" executionId="e233ffa8-1922-45e1-b381-47ae3d3561ec" testListId="8c84fa94-04c1-424b-9868-57a2d4851a1d" />
    <TestEntry testId="d7a4b603-8308-5acd-9a99-39b73afff367" executionId="b7e10e6e-6f3b-4a4d-b8cf-94c86340b12a" testListId="8c84fa94-04c1-424b-9868-57a2d4851a1d" />
    <TestEntry testId="d571e5ac-82ed-ebaf-4d14-3695e99fdecf" executionId="00daba25-1322-48a3-a075-1697b68453f0" testListId="8c84fa94-04c1-424b-9868-57a2d4851a1d" />
    <TestEntry testId="a53bc742-1aa6-1112-cd67-7bd1ef336fc4" executionId="a12d594a-e78a-4867-a7d6-faf4a5cffa95" testListId="8c84fa94-04c1-424b-9868-57a2d4851a1d" />
    <TestEntry testId="958cf364-23eb-e2d5-f664-d61945c55467" executionId="d897c570-7442-4824-a213-595cf050db86" testListId="8c84fa94-04c1-424b-9868-57a2d4851a1d" />
    <TestEntry testId="c852d483-d9e0-2c2b-b9c0-ac3a615cecaf" executionId="724779bd-9cfc-46ad-a181-31cdf19be54d" testListId="8c84fa94-04c1-424b-9868-57a2d4851a1d" />
    <TestEntry testId="132e103c-17cc-dd6d-9a83-6fdfdde045a1" executionId="6ec1b27f-df67-406d-934a-7d444dd5dd50" testListId="8c84fa94-04c1-424b-9868-57a2d4851a1d" />
    <TestEntry testId="9c6021a0-5c69-1d26-d3e6-3538913699de" executionId="b455bf11-b5f2-466e-80b6-200d0d4cec74" testListId="8c84fa94-04c1-424b-9868-57a2d4851a1d" />
    <TestEntry testId="3b223dd9-b4de-6435-8d9f-fb5af0ea22bc" executionId="8d69bf28-712f-4c2e-b644-2fbd2feba84c" testListId="8c84fa94-04c1-424b-9868-57a2d4851a1d" />
    <TestEntry testId="2ee2e56d-59f2-3ef3-a9cd-f2fe65fa91af" executionId="2f5d736c-222a-44c1-bd60-203e7703c484" testListId="8c84fa94-04c1-424b-9868-57a2d4851a1d" />
    <TestEntry testId="e959378d-d0fd-4d49-0362-8d51b28a1ec4" executionId="6bcfaacb-35c5-4c0d-98ac-cc78f4809643" testListId="8c84fa94-04c1-424b-9868-57a2d4851a1d" />
    <TestEntry testId="f1184a8e-b69a-6295-ac82-24b2bd10984c" executionId="4208a00e-c49e-43b2-b24e-0a8d52dc7321" testListId="8c84fa94-04c1-424b-9868-57a2d4851a1d" />
    <TestEntry testId="2f93e454-b30c-a78b-d137-5d738935ef23" executionId="ee6927cd-132b-47ae-902d-32107455b06c" testListId="8c84fa94-04c1-424b-9868-57a2d4851a1d" />
    <TestEntry testId="b301c31a-5fce-b4b4-96b1-9d8598e593a2" executionId="2e4bf799-c221-4693-bb8f-60fe74831ea6" testListId="8c84fa94-04c1-424b-9868-57a2d4851a1d" />
    <TestEntry testId="26b17eff-fa5a-17f2-d1c6-54abe3c460d9" executionId="23e1c81d-342d-413f-866d-758a874a966f" testListId="8c84fa94-04c1-424b-9868-57a2d4851a1d" />
    <TestEntry testId="be742706-2384-ae61-bc11-568bd8c32abe" executionId="16722865-20a1-47bf-9469-8ddd548793db" testListId="8c84fa94-04c1-424b-9868-57a2d4851a1d" />
    <TestEntry testId="c9ba1809-2f3f-3bdb-0be2-cd4f412ec431" executionId="07e74481-a752-46a2-bdbe-3f9486b5cd37" testListId="8c84fa94-04c1-424b-9868-57a2d4851a1d" />
    <TestEntry testId="bc77ee0c-1b15-15e6-cc3d-5cb4ade23cbd" executionId="3244acd3-2d2d-4310-a988-3d8415fa158b" testListId="8c84fa94-04c1-424b-9868-57a2d4851a1d" />
    <TestEntry testId="3a338b5e-ca33-280e-31b5-7634bd32733f" executionId="30d8ae54-6ed3-4e4c-b89c-d5d25a3d1856" testListId="8c84fa94-04c1-424b-9868-57a2d4851a1d" />
    <TestEntry testId="959b9c9e-d734-ce8a-a43a-d0fda79ec4d9" executionId="20c6cbb9-4eee-4737-b4f0-238e29657d44" testListId="8c84fa94-04c1-424b-9868-57a2d4851a1d" />
    <TestEntry testId="18e7f5ad-6f64-9e86-3f8d-3ffdc05df7e8" executionId="646f111c-c346-4699-a6ae-7c7cc3af3969" testListId="8c84fa94-04c1-424b-9868-57a2d4851a1d" />
    <TestEntry testId="f973a97f-5a8e-0209-5020-2d35dba67422" executionId="c7adbd72-10b4-4a1b-8fde-b45f37e2ddab" testListId="8c84fa94-04c1-424b-9868-57a2d4851a1d" />
    <TestEntry testId="3ff3319a-948e-ff61-1feb-7a7a66592fd5" executionId="87fd017e-4a68-43b3-8df1-ac70615a890a" testListId="8c84fa94-04c1-424b-9868-57a2d4851a1d" />
    <TestEntry testId="439fd027-b2f2-7d61-d60d-ad31877df020" executionId="d4dd3c5a-9c97-43d3-911d-4330c99e8282" testListId="8c84fa94-04c1-424b-9868-57a2d4851a1d" />
    <TestEntry testId="74add8a2-d9f3-2054-f072-e9237767895b" executionId="9924ca34-3539-4ceb-8927-98388f5de71f" testListId="8c84fa94-04c1-424b-9868-57a2d4851a1d" />
    <TestEntry testId="ce743239-1b20-9584-c28b-8dc6a59dc3bb" executionId="caef2d24-134c-4ef9-90f9-7bd9850e4f21" testListId="8c84fa94-04c1-424b-9868-57a2d4851a1d" />
    <TestEntry testId="41441101-47ad-5d05-d82c-2bfa6a698b36" executionId="65c0fe6f-3a02-4025-b0ba-f7a5402ca6b2" testListId="8c84fa94-04c1-424b-9868-57a2d4851a1d" />
    <TestEntry testId="ff05611d-fdda-b2a8-4bf8-b702f180c253" executionId="927fae98-0dab-49a7-9aa6-bd812679296c" testListId="8c84fa94-04c1-424b-9868-57a2d4851a1d" />
    <TestEntry testId="a22bf289-0878-e3c5-33fd-766102ec1be1" executionId="5878a7c8-dabc-4227-aa2d-be5914c8c85a" testListId="8c84fa94-04c1-424b-9868-57a2d4851a1d" />
    <TestEntry testId="1f62d143-3147-647f-0581-911ba09941ed" executionId="d622e878-c9d1-405d-b849-7af4116013bc" testListId="8c84fa94-04c1-424b-9868-57a2d4851a1d" />
    <TestEntry testId="5791d93f-2ea0-ebcc-a300-0da5e771609b" executionId="b97122b4-97a4-4565-8386-c0b058b9af19" testListId="8c84fa94-04c1-424b-9868-57a2d4851a1d" />
    <TestEntry testId="4c2c17d3-0b22-1bad-fc18-dfc6e618f39b" executionId="9b2e25df-4ccc-4dd0-a7e1-451a95ce5805" testListId="8c84fa94-04c1-424b-9868-57a2d4851a1d" />
    <TestEntry testId="e04fdc2f-e623-9c34-4386-5fa6abb1dcd4" executionId="ff519526-24c4-498f-a33a-7878459198a7" testListId="8c84fa94-04c1-424b-9868-57a2d4851a1d" />
    <TestEntry testId="704cc4f9-442e-9c30-b5d7-b60631e124cf" executionId="1a1e6779-2d72-410c-ae5a-2e31e64585d5" testListId="8c84fa94-04c1-424b-9868-57a2d4851a1d" />
    <TestEntry testId="9bb26b43-c785-7f17-8df6-312acd18b6b3" executionId="322d3df5-dde8-48cb-955f-4f04dffde37c" testListId="8c84fa94-04c1-424b-9868-57a2d4851a1d" />
    <TestEntry testId="1a9ef545-ced5-a479-15d2-22e0772b422a" executionId="389bd59a-7daa-47b9-ac13-5fa982ce97ac" testListId="8c84fa94-04c1-424b-9868-57a2d4851a1d" />
    <TestEntry testId="98166cc9-e914-f13d-508c-30c89f0ae058" executionId="0033aeef-231e-492f-a6b3-ad268cb17acf" testListId="8c84fa94-04c1-424b-9868-57a2d4851a1d" />
    <TestEntry testId="7f7d1819-d3c3-0c1a-31f2-188e1a6b0674" executionId="bfe9d23d-9074-4b48-a3df-525ad1adaf7a" testListId="8c84fa94-04c1-424b-9868-57a2d4851a1d" />
    <TestEntry testId="7bd27d81-06b7-0043-ca3b-42b8a3ad840b" executionId="5fdd5573-eace-4932-a47a-89de53b36c34" testListId="8c84fa94-04c1-424b-9868-57a2d4851a1d" />
    <TestEntry testId="17d84dca-08db-1fc3-9f2e-4c3ca40d4597" executionId="10980350-bb03-4c91-972f-4ae681907e2c" testListId="8c84fa94-04c1-424b-9868-57a2d4851a1d" />
    <TestEntry testId="46887356-7c48-625a-9fa8-4ca482d2d04d" executionId="17f7108d-fef0-43b8-b931-6b3176ca74ba" testListId="8c84fa94-04c1-424b-9868-57a2d4851a1d" />
    <TestEntry testId="a6bf3e32-69e6-e77a-4075-d39c48232b1d" executionId="6ee0e4ad-4057-4b51-af8f-06bb814af39a" testListId="8c84fa94-04c1-424b-9868-57a2d4851a1d" />
    <TestEntry testId="68a3dcd6-b2e6-5bb3-d82c-04377e1a7b9b" executionId="128888a8-6874-4b11-a8d5-4a249d03fef2" testListId="8c84fa94-04c1-424b-9868-57a2d4851a1d" />
    <TestEntry testId="9e8c12e8-27ef-31c9-ca23-5d60c890c874" executionId="4b7e5b21-58b1-4383-9007-bffd86ccab83" testListId="8c84fa94-04c1-424b-9868-57a2d4851a1d" />
    <TestEntry testId="b986ab05-f3dd-e5e1-b031-20a48d4b9519" executionId="13765b8e-c0be-4cea-883b-fe182032282b" testListId="8c84fa94-04c1-424b-9868-57a2d4851a1d" />
    <TestEntry testId="da80a2db-c20f-18de-ab2b-4a162a892642" executionId="0955828d-54e0-44df-b8d1-32e8d28a1164" testListId="8c84fa94-04c1-424b-9868-57a2d4851a1d" />
    <TestEntry testId="968cb0b5-2676-6cd1-05ad-544228943f8e" executionId="e49713c5-bc26-42fd-ba48-430e59c6c7c3" testListId="8c84fa94-04c1-424b-9868-57a2d4851a1d" />
    <TestEntry testId="b65ce05c-91af-c3db-9a3c-440082baa61d" executionId="a588ceb5-8b22-41ab-b503-d7fe632752b4" testListId="8c84fa94-04c1-424b-9868-57a2d4851a1d" />
    <TestEntry testId="0a8ef08d-9dbb-9ec8-d4a3-65f99078cd81" executionId="f0fe3490-e626-479f-abdf-bd9109ec2113" testListId="8c84fa94-04c1-424b-9868-57a2d4851a1d" />
    <TestEntry testId="43785e1c-5d96-d5bd-319b-47bbf8cd5cd3" executionId="614f8fd5-5fe9-44d5-8052-d9513e499865" testListId="8c84fa94-04c1-424b-9868-57a2d4851a1d" />
    <TestEntry testId="d78750b2-ef6e-b941-b3e8-5db7115013c1" executionId="dde66c52-10b7-4c1e-bba4-8c4d131f06d4" testListId="8c84fa94-04c1-424b-9868-57a2d4851a1d" />
    <TestEntry testId="e38f82e3-3025-9045-c164-157109ebeae1" executionId="5c1547d1-25e2-403e-b5dd-4f666782af3f" testListId="8c84fa94-04c1-424b-9868-57a2d4851a1d" />
    <TestEntry testId="a11892e0-6ac9-8a46-c8de-3248052e70d9" executionId="2fad2b09-cfaf-4995-9b0a-2a12b335f2d8" testListId="8c84fa94-04c1-424b-9868-57a2d4851a1d" />
    <TestEntry testId="4f9e68da-d964-48d6-9d3b-7273107c43bc" executionId="dc9ddd69-f25b-4d7b-b1cc-c151c0cbac09" testListId="8c84fa94-04c1-424b-9868-57a2d4851a1d" />
    <TestEntry testId="133cb637-1f14-da6d-6e37-6a27375b1670" executionId="1c32a024-af31-4315-a7ec-0245e9be6f0d" testListId="8c84fa94-04c1-424b-9868-57a2d4851a1d" />
    <TestEntry testId="8a840b5c-7cc0-3e0e-9c58-be69d6fcfb38" executionId="6f650c08-1444-47da-92ab-50c004991f88" testListId="8c84fa94-04c1-424b-9868-57a2d4851a1d" />
    <TestEntry testId="76a2e345-aae7-9b1e-7fd6-6ac6ca32b74e" executionId="5ccf6aff-f456-4897-b30e-5c52bb3d4b66" testListId="8c84fa94-04c1-424b-9868-57a2d4851a1d" />
    <TestEntry testId="1c73ceb9-2072-2e5e-a2de-ee8cd9695cfc" executionId="2de05ff9-a198-4c13-806a-6a2ae87cb9d4" testListId="8c84fa94-04c1-424b-9868-57a2d4851a1d" />
    <TestEntry testId="f182b61b-da52-b9d6-afe0-3488a377d621" executionId="0f5d14f3-f02c-4985-99ef-a9a7b411536f" testListId="8c84fa94-04c1-424b-9868-57a2d4851a1d" />
    <TestEntry testId="569900d4-58ce-d7ba-87cf-ed8c555e623f" executionId="714238b1-5357-4cdf-8e4c-5593c4533bbc" testListId="8c84fa94-04c1-424b-9868-57a2d4851a1d" />
    <TestEntry testId="ed71c039-25d2-86e6-ce2e-7f7815b19541" executionId="47b5356e-d3da-4ba0-9b29-aaa9751a3951" testListId="8c84fa94-04c1-424b-9868-57a2d4851a1d" />
    <TestEntry testId="39556250-42a0-8230-36af-33fb371b59df" executionId="da6cd412-57ec-45bf-a717-43b1adc65305" testListId="8c84fa94-04c1-424b-9868-57a2d4851a1d" />
    <TestEntry testId="a219a971-ee6f-7138-7f95-5ebe25d5d446" executionId="9aa52c23-6888-4ed7-a53f-a057a88d8798" testListId="8c84fa94-04c1-424b-9868-57a2d4851a1d" />
    <TestEntry testId="535b5010-34ee-7c3d-315a-1071e5381898" executionId="6c4382e5-7999-497a-8d7a-83b1c32ad862" testListId="8c84fa94-04c1-424b-9868-57a2d4851a1d" />
    <TestEntry testId="dbbf39a1-557e-8113-cb77-f2aa3140bfbd" executionId="a109f8af-acb9-4016-bbd5-f92d2ee7bb4d" testListId="8c84fa94-04c1-424b-9868-57a2d4851a1d" />
    <TestEntry testId="ae5ac97e-8b8c-eeb7-7e79-fd8b61df6329" executionId="b3149a23-6f05-4e45-9c53-2cb0d8f517e5" testListId="8c84fa94-04c1-424b-9868-57a2d4851a1d" />
    <TestEntry testId="49da23cd-956c-d063-f00f-78019f6587a5" executionId="a3bdc7a9-f042-455c-9436-8c2271d36402" testListId="8c84fa94-04c1-424b-9868-57a2d4851a1d" />
    <TestEntry testId="af71ed0e-187b-fd2b-1963-f93916cf4abc" executionId="343eefe6-52ef-4da7-8db3-36cb50894a3b" testListId="8c84fa94-04c1-424b-9868-57a2d4851a1d" />
    <TestEntry testId="6a5073ae-b067-17a6-9c6f-959cad372ca7" executionId="1acae39a-29ea-4f57-9b2d-c3bbb4644e3d" testListId="8c84fa94-04c1-424b-9868-57a2d4851a1d" />
    <TestEntry testId="0ee94363-92bd-eb3e-d7fb-92ad8f9a8087" executionId="ab16e383-f1f8-4e95-a9c7-36226729e0eb" testListId="8c84fa94-04c1-424b-9868-57a2d4851a1d" />
    <TestEntry testId="f8481245-447a-5b32-a26f-ec1feabc1ee3" executionId="4d6d7613-351b-404c-872e-38e2d602888b" testListId="8c84fa94-04c1-424b-9868-57a2d4851a1d" />
    <TestEntry testId="3a686c1f-b102-e8a9-b329-09a0749c945a" executionId="bf85002f-b357-44be-bdb3-8c492d6d17e7" testListId="8c84fa94-04c1-424b-9868-57a2d4851a1d" />
    <TestEntry testId="8e17e180-a6fb-9c35-ec45-dff245336c94" executionId="a261e451-c5b2-4349-93c0-5d3b279a22d6" testListId="8c84fa94-04c1-424b-9868-57a2d4851a1d" />
    <TestEntry testId="fbddede5-5be9-fcfe-2d72-bc891322f303" executionId="6b590541-cd9a-41ad-b231-188e5e4ecca3" testListId="8c84fa94-04c1-424b-9868-57a2d4851a1d" />
    <TestEntry testId="9d6748d3-43a8-fd2d-d4c5-a0b3805774ee" executionId="158b3ea7-b52b-4e31-b5b5-e4c4f7031c3d" testListId="8c84fa94-04c1-424b-9868-57a2d4851a1d" />
    <TestEntry testId="1b91abd4-9b99-9dc8-e442-fa99a1f0e332" executionId="f3b869db-48f1-49a1-b125-abd37456a6ee" testListId="8c84fa94-04c1-424b-9868-57a2d4851a1d" />
    <TestEntry testId="3a11b55c-2e4b-9de3-e429-e8e4d5b33710" executionId="0ca5d314-fd9f-4471-b528-a804b707504f" testListId="8c84fa94-04c1-424b-9868-57a2d4851a1d" />
    <TestEntry testId="8830f43b-5d5e-0d90-f334-a1cf125e39b1" executionId="30970280-048b-4baf-9fb0-99d8672166eb" testListId="8c84fa94-04c1-424b-9868-57a2d4851a1d" />
    <TestEntry testId="3b2d2dcf-dfa8-bcce-057a-1c433d9c6c08" executionId="857758f9-9511-4653-bde7-de800b3db6a1" testListId="8c84fa94-04c1-424b-9868-57a2d4851a1d" />
    <TestEntry testId="30e292f5-f798-eac9-ba1e-713f3566415c" executionId="f1c716a1-1730-4913-90c3-98ad0314caee" testListId="8c84fa94-04c1-424b-9868-57a2d4851a1d" />
    <TestEntry testId="8c18207a-4a3c-8ee5-7129-6f35cbcaea2a" executionId="9a50dc88-f9e5-4205-ac0f-292db3bf695d" testListId="8c84fa94-04c1-424b-9868-57a2d4851a1d" />
    <TestEntry testId="d78b0152-cc1a-328b-d637-c02c8df9200a" executionId="772dc543-f389-4b32-8c32-728bf6e15edb" testListId="8c84fa94-04c1-424b-9868-57a2d4851a1d" />
    <TestEntry testId="a295235b-bf9f-1e32-c688-419c5d57596e" executionId="8390015f-aaea-4083-9010-f2c635668cd9" testListId="8c84fa94-04c1-424b-9868-57a2d4851a1d" />
    <TestEntry testId="06f7ab65-67b0-9ceb-7950-154a66e24a54" executionId="da755eb9-8530-4533-a181-4d9dc408c66a" testListId="8c84fa94-04c1-424b-9868-57a2d4851a1d" />
    <TestEntry testId="4c169ed1-2ceb-3ce5-de75-44f39814124d" executionId="02ca610f-ae0f-42b7-9a93-4d51be7e8461" testListId="8c84fa94-04c1-424b-9868-57a2d4851a1d" />
    <TestEntry testId="928f2455-6ebd-8ffd-8fc5-fc1e86ca64c0" executionId="d0316d4d-5334-4564-9bfb-6122a360017c" testListId="8c84fa94-04c1-424b-9868-57a2d4851a1d" />
    <TestEntry testId="da7d9a18-f239-39a4-8fc7-3bf5666ab8f3" executionId="5bc28a25-2316-4e1d-9928-760b724a2033" testListId="8c84fa94-04c1-424b-9868-57a2d4851a1d" />
    <TestEntry testId="0cb85e0d-e620-5ffd-3a6f-c0a03dbcffb6" executionId="c2fa3bca-2e1a-4d84-870a-10a78efa367e" testListId="8c84fa94-04c1-424b-9868-57a2d4851a1d" />
    <TestEntry testId="126d2357-7090-a0c3-d4b1-34920ceb72d7" executionId="71772205-aa12-4f0f-b6f7-3fcf71b2562e" testListId="8c84fa94-04c1-424b-9868-57a2d4851a1d" />
    <TestEntry testId="e06e61ed-13a4-6147-16b5-ee8c50cfb777" executionId="5cf5e87a-97bf-47dd-89c4-193e06c4cc8e" testListId="8c84fa94-04c1-424b-9868-57a2d4851a1d" />
    <TestEntry testId="2ea81381-5cde-6a05-1852-15eea9dd2db0" executionId="8c6f0a1f-a64c-4a1b-bf27-0b4d35a3e0fe" testListId="8c84fa94-04c1-424b-9868-57a2d4851a1d" />
    <TestEntry testId="6302655b-61c8-7b0f-1cb8-2a78b11ff788" executionId="475c7267-0099-4afb-8e67-3e1f7ed7dfa1" testListId="8c84fa94-04c1-424b-9868-57a2d4851a1d" />
    <TestEntry testId="5edfc052-b48b-6806-a4fa-422f55aeb664" executionId="a3c00ea7-0148-4a4b-8857-7efdfc7868d4" testListId="8c84fa94-04c1-424b-9868-57a2d4851a1d" />
    <TestEntry testId="cbe296a6-601b-dd72-bc79-8548a0abe9dd" executionId="a1501b43-b136-4e58-ac33-5bc6b3e8f770" testListId="8c84fa94-04c1-424b-9868-57a2d4851a1d" />
    <TestEntry testId="501c02cb-ac5f-5745-c75a-6cf52f922f62" executionId="657693d5-d83b-462d-a08b-6c3babae060a" testListId="8c84fa94-04c1-424b-9868-57a2d4851a1d" />
    <TestEntry testId="2feabfd6-0ffa-cf5e-b63d-1731ea803e6d" executionId="f36e49b0-8e0d-49fb-8024-bb6e311c1b65" testListId="8c84fa94-04c1-424b-9868-57a2d4851a1d" />
    <TestEntry testId="2cd364b1-6937-7083-5f7e-1dd1eac47cf1" executionId="aee5015d-17b7-48fe-890e-0199c5fcad63" testListId="8c84fa94-04c1-424b-9868-57a2d4851a1d" />
    <TestEntry testId="107b14c3-6a21-48da-a917-3a863ef45b45" executionId="f7e9704c-5eb2-4e96-97ba-0b0e3e01ab31" testListId="8c84fa94-04c1-424b-9868-57a2d4851a1d" />
    <TestEntry testId="695975e6-7257-8513-2988-a677f0875ff3" executionId="7ddd00d1-1fe1-48e3-8f8c-8f35996cd770" testListId="8c84fa94-04c1-424b-9868-57a2d4851a1d" />
    <TestEntry testId="ed6cc5e3-e995-dc54-805e-582527975834" executionId="563f64a5-38d4-4b92-b1f2-d183347128fe" testListId="8c84fa94-04c1-424b-9868-57a2d4851a1d" />
    <TestEntry testId="96d31876-ad33-952c-3bd1-b146a14e3f83" executionId="0531cccb-57fc-4504-bb5f-90939e96e4e3" testListId="8c84fa94-04c1-424b-9868-57a2d4851a1d" />
    <TestEntry testId="edd04f72-e846-3536-4d16-cb04e8460e6b" executionId="84eba51a-5274-4bda-89e4-3fa9da8d54b9" testListId="8c84fa94-04c1-424b-9868-57a2d4851a1d" />
    <TestEntry testId="e7ac6111-62b8-1737-1b08-b5a95b8c801f" executionId="5c9a4790-da89-41c3-afbe-f782a307d1ec" testListId="8c84fa94-04c1-424b-9868-57a2d4851a1d" />
    <TestEntry testId="f106274d-5d2d-5f08-6dad-6f5b4c7e2e4c" executionId="288c80d7-7d90-4713-a834-7ec17e935449" testListId="8c84fa94-04c1-424b-9868-57a2d4851a1d" />
    <TestEntry testId="6993f887-a58d-8b2d-0d37-9a2f5f848573" executionId="e47f2878-ea57-444d-a225-2a4b29895692" testListId="8c84fa94-04c1-424b-9868-57a2d4851a1d" />
    <TestEntry testId="46313e0c-0560-4a59-beb1-c990fbb88dd8" executionId="598f74cd-b3d1-47ca-994b-dd05ea2f694d" testListId="8c84fa94-04c1-424b-9868-57a2d4851a1d" />
    <TestEntry testId="24d7108a-b492-bd24-b0f8-ceb600b42692" executionId="06dfa22b-1397-44c5-bf93-cb044746524c" testListId="8c84fa94-04c1-424b-9868-57a2d4851a1d" />
    <TestEntry testId="9dcd4ce8-33dc-3db8-df54-9c3e687528fe" executionId="64fc515c-e122-4550-bacf-f09f0c50c770" testListId="8c84fa94-04c1-424b-9868-57a2d4851a1d" />
    <TestEntry testId="91b01448-6a92-47bb-7ce5-67a9221a299c" executionId="a5bcdecd-78da-481a-af16-0fc4e308a7de" testListId="8c84fa94-04c1-424b-9868-57a2d4851a1d" />
    <TestEntry testId="6e2b046c-b538-e705-bf5a-ce4b83d68120" executionId="4cd80502-fbb2-4d41-82f2-8110aedb7e2b" testListId="8c84fa94-04c1-424b-9868-57a2d4851a1d" />
    <TestEntry testId="8a554420-2901-ce60-a106-99e771204384" executionId="5ca3a40c-4064-48b3-9a08-702ea8342cfd" testListId="8c84fa94-04c1-424b-9868-57a2d4851a1d" />
    <TestEntry testId="853fc9d6-6db1-9e50-13df-6a1ab3128380" executionId="f0f28722-a7fc-4c00-9b7d-d4205d1521ef" testListId="8c84fa94-04c1-424b-9868-57a2d4851a1d" />
    <TestEntry testId="8222d29f-50ae-b106-6ccd-5b5874365d8b" executionId="724f7a3d-29a9-4392-9055-b0b45a99901d" testListId="8c84fa94-04c1-424b-9868-57a2d4851a1d" />
    <TestEntry testId="319f8796-7403-b14a-34e0-f1797faae63e" executionId="ba942296-339f-4a5b-b320-5ed8bc9e683e" testListId="8c84fa94-04c1-424b-9868-57a2d4851a1d" />
    <TestEntry testId="bd9d6efd-ee5b-c8e1-7fe2-91d5e9a397a3" executionId="c1be67b3-dc86-4d91-8055-fdca2e7127d4" testListId="8c84fa94-04c1-424b-9868-57a2d4851a1d" />
    <TestEntry testId="bb96e440-92b4-1c31-95b5-59b0e4d11807" executionId="c1d28842-c5ac-4b1d-bccf-36813d46e367" testListId="8c84fa94-04c1-424b-9868-57a2d4851a1d" />
    <TestEntry testId="61b1c2a4-89cd-5144-7bf8-430d589649be" executionId="f5450af9-5951-4ab1-aa80-43f369566b5c" testListId="8c84fa94-04c1-424b-9868-57a2d4851a1d" />
    <TestEntry testId="8dde7174-38d7-ee12-7e68-7117e399b660" executionId="10c06546-f7c1-4b30-8d4f-a4ced2d32f62" testListId="8c84fa94-04c1-424b-9868-57a2d4851a1d" />
    <TestEntry testId="7cdbbb68-ee89-4d99-8a8b-ff2dfe66aef4" executionId="c504097a-f3dc-4aaa-bcdb-f0fd6608dc18" testListId="8c84fa94-04c1-424b-9868-57a2d4851a1d" />
    <TestEntry testId="ca6d72ce-f71b-8ae1-85b8-7dccf00e0632" executionId="e8eac675-48c8-43bc-b0d9-13fd613b3b6e" testListId="8c84fa94-04c1-424b-9868-57a2d4851a1d" />
    <TestEntry testId="33341dd4-6583-40f9-1eba-1c8c959a3a5e" executionId="a3e7a9e4-92aa-4914-b8e5-80658fd96216" testListId="8c84fa94-04c1-424b-9868-57a2d4851a1d" />
    <TestEntry testId="d3857317-63e0-c190-44d9-5fb025d72a80" executionId="0c72e559-175e-432b-aad2-2525d3a79402" testListId="8c84fa94-04c1-424b-9868-57a2d4851a1d" />
    <TestEntry testId="3c8c7252-b903-0c1c-e35f-58aec4759494" executionId="7c794898-34f4-48d6-9272-23721a1bf35e" testListId="8c84fa94-04c1-424b-9868-57a2d4851a1d" />
    <TestEntry testId="75ddff72-1da7-7256-0e4d-9208c0d7b717" executionId="ffdf6eb1-c953-4485-9781-a4afee36ebfe" testListId="8c84fa94-04c1-424b-9868-57a2d4851a1d" />
    <TestEntry testId="f335010e-9fe4-33d4-3df2-9a2fa868a446" executionId="20d2656e-ee50-48eb-b946-e264abf0d9ec" testListId="8c84fa94-04c1-424b-9868-57a2d4851a1d" />
    <TestEntry testId="067f6aa9-8e9c-3bdb-54dc-59497bccef18" executionId="9e69f7fb-cd3a-45a7-99b9-ee274667b61e" testListId="8c84fa94-04c1-424b-9868-57a2d4851a1d" />
    <TestEntry testId="0c965795-08e1-96ff-221c-6c48f278966b" executionId="b640e297-b5d0-4501-918a-97b6a1b962c6" testListId="8c84fa94-04c1-424b-9868-57a2d4851a1d" />
    <TestEntry testId="3e5839e2-2685-aaaf-8dd6-2d9da7f4f9a8" executionId="90d62383-b50b-43cc-b8c9-350a51541cae" testListId="8c84fa94-04c1-424b-9868-57a2d4851a1d" />
    <TestEntry testId="98ecfc2f-a242-ec20-0f52-a34da70ff901" executionId="e0c70cd8-dd80-4d0c-bb79-e5014ca318c2" testListId="8c84fa94-04c1-424b-9868-57a2d4851a1d" />
    <TestEntry testId="3cad3393-810a-cc62-94bb-2ded6c4b88c7" executionId="05a9c6b1-fed1-4711-a21f-145c91c42ca7" testListId="8c84fa94-04c1-424b-9868-57a2d4851a1d" />
    <TestEntry testId="c1622c67-8934-6098-5c3f-000e90cb0bbf" executionId="a501f7cc-fea9-4935-b8d4-0d7eea4e02e1" testListId="8c84fa94-04c1-424b-9868-57a2d4851a1d" />
    <TestEntry testId="eee8a259-a056-ce20-fd00-ef8675395c38" executionId="22424d4b-16df-44ca-9f17-5fd9804e0079" testListId="8c84fa94-04c1-424b-9868-57a2d4851a1d" />
    <TestEntry testId="9055d3e9-2242-b78d-4e5e-551084a63cc0" executionId="a2905af2-b61b-492d-86e6-dc8e9b46a746" testListId="8c84fa94-04c1-424b-9868-57a2d4851a1d" />
    <TestEntry testId="a54e380b-42dc-d3a2-3d9d-8dd53d65fcd3" executionId="c45e67d8-d413-47f5-b289-1b68d46a4f39" testListId="8c84fa94-04c1-424b-9868-57a2d4851a1d" />
    <TestEntry testId="800a71d5-fd75-b55e-d8d0-21c57915ee72" executionId="c1579cde-7a10-4424-b6fd-ad4bfc672995" testListId="8c84fa94-04c1-424b-9868-57a2d4851a1d" />
    <TestEntry testId="b68df490-f19b-a1a8-b878-ba437321192c" executionId="4cc71933-6b10-43eb-8751-80c629965210" testListId="8c84fa94-04c1-424b-9868-57a2d4851a1d" />
    <TestEntry testId="5ec2fd00-c7ca-4cee-7758-7801f820c473" executionId="b495b17b-6f8a-467f-b372-1db50a43e0cb" testListId="8c84fa94-04c1-424b-9868-57a2d4851a1d" />
    <TestEntry testId="01c86469-a2b3-56b4-e415-0f887f533923" executionId="75f14559-c3e2-4023-96cf-f67cc01f3057" testListId="8c84fa94-04c1-424b-9868-57a2d4851a1d" />
    <TestEntry testId="c196c0e0-1845-801a-d6ce-5a2a7861546a" executionId="53d9afde-67fa-47c9-aa6d-b425da82faa9" testListId="8c84fa94-04c1-424b-9868-57a2d4851a1d" />
    <TestEntry testId="2ad348ab-ada5-a25f-9253-b563f1c5898f" executionId="0510e50f-7886-47c7-97be-ff7c7135363e" testListId="8c84fa94-04c1-424b-9868-57a2d4851a1d" />
    <TestEntry testId="255725f3-62ba-63bd-b914-0cdfd4638d83" executionId="e7fd17ab-d14d-4f1e-b463-842edb476589" testListId="8c84fa94-04c1-424b-9868-57a2d4851a1d" />
    <TestEntry testId="87c36423-3ba7-fe8e-7a2d-f8a7fdd246be" executionId="46cf3cd8-f437-4a5f-90ac-628c48c4d53f" testListId="8c84fa94-04c1-424b-9868-57a2d4851a1d" />
    <TestEntry testId="e1c70711-e4bc-fec3-f088-e58c3b0e3088" executionId="f5cfe9e7-8406-4455-a744-13fbfae75631" testListId="8c84fa94-04c1-424b-9868-57a2d4851a1d" />
    <TestEntry testId="fea21907-a26b-6132-ad20-d11fecd505f7" executionId="ab606604-773f-4e97-aa95-c9da4197b368" testListId="8c84fa94-04c1-424b-9868-57a2d4851a1d" />
    <TestEntry testId="64f4b309-46ce-14bc-92c8-2dbd5092f999" executionId="95e92e0c-bc00-4540-aab5-cfc3d401b6ab" testListId="8c84fa94-04c1-424b-9868-57a2d4851a1d" />
    <TestEntry testId="223a2e32-2c68-23be-9c45-d825c6cf4171" executionId="238212e5-d171-4486-9dfb-d763e79aa706" testListId="8c84fa94-04c1-424b-9868-57a2d4851a1d" />
    <TestEntry testId="db58122d-1cb6-c9dc-b0c5-af4f8da57592" executionId="1549cabc-140c-4514-9f02-05ed5bac9f75" testListId="8c84fa94-04c1-424b-9868-57a2d4851a1d" />
    <TestEntry testId="6a9b6055-9055-6cdd-ce58-2c6f0ec341c2" executionId="4f3fc182-312d-4242-ab1f-1157b6b59691" testListId="8c84fa94-04c1-424b-9868-57a2d4851a1d" />
    <TestEntry testId="b7e36637-289c-8e0e-9091-6aff9c16739a" executionId="223f7a05-9752-44e5-9da2-eadab6044aec" testListId="8c84fa94-04c1-424b-9868-57a2d4851a1d" />
    <TestEntry testId="8767f881-fdc8-88b5-6aba-c8e95f3120ba" executionId="b8a6030c-74fe-4322-93ac-4d0687c8a2dd" testListId="8c84fa94-04c1-424b-9868-57a2d4851a1d" />
    <TestEntry testId="30615111-4d56-31e8-6884-f7dcdc0aad49" executionId="71f72bc9-7120-4f9b-aa8a-702a837f4f44" testListId="8c84fa94-04c1-424b-9868-57a2d4851a1d" />
    <TestEntry testId="a7304e06-ae3e-2e3a-5ce1-1639916ee77c" executionId="25e2cc21-cd32-47b3-b164-5551dccf1b1b" testListId="8c84fa94-04c1-424b-9868-57a2d4851a1d" />
    <TestEntry testId="c6b0eba2-ea22-d188-1409-7b75cdedc201" executionId="0d2e2d2a-d32e-4db7-9944-1ff7a0aa94c3" testListId="8c84fa94-04c1-424b-9868-57a2d4851a1d" />
    <TestEntry testId="dab9c0b3-4ffb-2848-2c64-5c66c2da8b39" executionId="9db7addf-eb5c-40b5-9c20-69edcf61dd81" testListId="8c84fa94-04c1-424b-9868-57a2d4851a1d" />
    <TestEntry testId="2dbf24a9-29c5-3ef0-69a0-687ac45d4c86" executionId="1262a23d-2ffc-4f22-9903-c70212d40610" testListId="8c84fa94-04c1-424b-9868-57a2d4851a1d" />
    <TestEntry testId="c9c040fb-43ed-370d-2782-b2d5defe722d" executionId="e0a6d847-a174-49c7-b197-9e8def017156" testListId="8c84fa94-04c1-424b-9868-57a2d4851a1d" />
    <TestEntry testId="5095d613-b74e-da81-c8c0-bc71c282beb3" executionId="d389e438-5c26-4676-8d78-95eb3f4026d5" testListId="8c84fa94-04c1-424b-9868-57a2d4851a1d" />
    <TestEntry testId="f02c80b8-49d2-fc2d-4c9d-16620ea9d887" executionId="0f11626a-6f05-4c6c-9fc8-4ebf6f75ab13" testListId="8c84fa94-04c1-424b-9868-57a2d4851a1d" />
    <TestEntry testId="084e4a3f-ffeb-8ba6-a7e4-e16e094a096c" executionId="d8b22e06-a1b9-449a-b29a-ebbd4602dc79" testListId="8c84fa94-04c1-424b-9868-57a2d4851a1d" />
    <TestEntry testId="db261fbf-eb7c-9161-ff1c-532a3db0f6a5" executionId="2e8fa302-ef71-4e1f-8cbd-d240e8028888" testListId="8c84fa94-04c1-424b-9868-57a2d4851a1d" />
    <TestEntry testId="70585a7d-e8bb-2ea7-4d4d-a7d89c0cc001" executionId="0308d772-0a2a-4d91-85c3-3370b7ae1c00" testListId="8c84fa94-04c1-424b-9868-57a2d4851a1d" />
    <TestEntry testId="192bc75c-0987-6d84-ba23-75d2871c7fb0" executionId="c96f1fa0-b746-426b-8a03-b7668d147c63" testListId="8c84fa94-04c1-424b-9868-57a2d4851a1d" />
    <TestEntry testId="5a9cc3cc-6255-3658-268b-a50ddfebf55b" executionId="11d2674a-3816-4c19-971d-b1c2d5281e3d" testListId="8c84fa94-04c1-424b-9868-57a2d4851a1d" />
    <TestEntry testId="8d92020e-5832-705d-100b-9a3d128c1860" executionId="d4814481-8a0c-4e23-8749-853b297c2883" testListId="8c84fa94-04c1-424b-9868-57a2d4851a1d" />
    <TestEntry testId="a157e23c-b861-4296-80a4-584edfe004e0" executionId="e5ac7a38-9b6e-455e-a614-2f701cc064b0" testListId="8c84fa94-04c1-424b-9868-57a2d4851a1d" />
    <TestEntry testId="51395a71-b567-dc86-b950-ec06701415e4" executionId="01070860-d57d-4707-845b-31e38cd06f03" testListId="8c84fa94-04c1-424b-9868-57a2d4851a1d" />
    <TestEntry testId="6cf7fdb3-260b-5bc9-89b2-d50224c7f7ac" executionId="ca58d19d-fc39-432b-9f21-422cc3b91163" testListId="8c84fa94-04c1-424b-9868-57a2d4851a1d" />
    <TestEntry testId="046145c9-879d-c051-80d4-25fb448d3ce7" executionId="1517699e-96b7-4442-b20b-3cbfa3989671" testListId="8c84fa94-04c1-424b-9868-57a2d4851a1d" />
    <TestEntry testId="55857ea6-972d-1faa-f735-21722cd852ac" executionId="c788cd76-64fa-4bf2-a627-a64813968f6f" testListId="8c84fa94-04c1-424b-9868-57a2d4851a1d" />
    <TestEntry testId="18f2ab8d-6696-bf3f-7e10-34e8c36dc629" executionId="b73d3f84-c31e-4985-a054-5e1a0101db20" testListId="8c84fa94-04c1-424b-9868-57a2d4851a1d" />
    <TestEntry testId="5c79b57e-42fe-6704-1533-85860c8bbf12" executionId="aaa95c7b-792d-4225-86bd-b3d0a1f2df13" testListId="8c84fa94-04c1-424b-9868-57a2d4851a1d" />
    <TestEntry testId="fe6a9027-ba74-76b9-9001-ff053b4242c3" executionId="d8456ff0-577f-4f4a-9a10-c22a03270c69" testListId="8c84fa94-04c1-424b-9868-57a2d4851a1d" />
    <TestEntry testId="982659d8-a45b-dd6c-ac91-40bffddd94cf" executionId="75bbdc6b-d362-4017-8d6e-9a3bf0a6c4f7" testListId="8c84fa94-04c1-424b-9868-57a2d4851a1d" />
    <TestEntry testId="3d591622-7a9a-3607-596b-40dbc7119e9a" executionId="9593a3a0-b31c-4725-9bf8-abfa0c797fee" testListId="8c84fa94-04c1-424b-9868-57a2d4851a1d" />
    <TestEntry testId="28408d30-8448-8f9c-b04c-e7779e7625cc" executionId="ed533b0b-8930-458b-abc2-d55841e9f091" testListId="8c84fa94-04c1-424b-9868-57a2d4851a1d" />
    <TestEntry testId="ac417528-a5fc-0267-1e71-119d845e1bc0" executionId="4711ee7e-e1dd-401f-8c15-8bb402a9a030" testListId="8c84fa94-04c1-424b-9868-57a2d4851a1d" />
    <TestEntry testId="9c1495d5-6651-ae8f-908a-bfaa0ece52f3" executionId="33dda639-2258-417b-a099-0fa539161350" testListId="8c84fa94-04c1-424b-9868-57a2d4851a1d" />
    <TestEntry testId="7e8a853c-5510-8468-d824-0047ef588b74" executionId="d86feeb1-ace4-4cf9-b9a7-ded6ddbc21d0" testListId="8c84fa94-04c1-424b-9868-57a2d4851a1d" />
    <TestEntry testId="c66e3bc2-2f46-3828-947c-08aea11ba952" executionId="48d16588-faee-4433-a6a3-72a72e3e3a78" testListId="8c84fa94-04c1-424b-9868-57a2d4851a1d" />
    <TestEntry testId="c6a10fb2-e3f8-d6eb-e921-0173f07aa1b5" executionId="bcc8c314-f03e-4a37-855b-783005df4bba" testListId="8c84fa94-04c1-424b-9868-57a2d4851a1d" />
    <TestEntry testId="93e1c6bd-3907-bf6a-9788-32ce344adf8d" executionId="76b7b47d-cb0f-4503-b28d-64087fd6ce52" testListId="8c84fa94-04c1-424b-9868-57a2d4851a1d" />
    <TestEntry testId="9f21fd60-dc5f-a407-0a71-dc6ac4edd3a8" executionId="afd33d64-2d73-4e03-a181-90a9374c8ac0" testListId="8c84fa94-04c1-424b-9868-57a2d4851a1d" />
    <TestEntry testId="5a36dc19-91e6-2110-bdf3-d2f7bfc377f6" executionId="13d7a285-3478-4487-82f2-170259b6fc3e" testListId="8c84fa94-04c1-424b-9868-57a2d4851a1d" />
    <TestEntry testId="9bbc1906-5daa-9c01-5fbd-04abcb77a4b4" executionId="8fbd952e-202b-42aa-a93a-c2cb30a4e3bf" testListId="8c84fa94-04c1-424b-9868-57a2d4851a1d" />
    <TestEntry testId="ae9f9017-443d-54ba-c5ef-294c75c79e4f" executionId="75062ec9-2785-48d3-a923-725f2a5707a9" testListId="8c84fa94-04c1-424b-9868-57a2d4851a1d" />
    <TestEntry testId="a0254ac5-3cdd-5371-614b-9e5a2dd1e775" executionId="c07f705c-9f27-46b7-b8d3-7e56c24bb949" testListId="8c84fa94-04c1-424b-9868-57a2d4851a1d" />
    <TestEntry testId="6e65f41d-fe2d-ee70-9028-5945410fb292" executionId="1a0a7f4b-e875-4b26-bfca-b1e7cbe925ba" testListId="8c84fa94-04c1-424b-9868-57a2d4851a1d" />
    <TestEntry testId="b0004f06-300e-d87d-8715-e540888dd689" executionId="df2b0693-244c-4c6f-b455-7957e1afc0c0" testListId="8c84fa94-04c1-424b-9868-57a2d4851a1d" />
    <TestEntry testId="ea980a94-f888-1c61-339c-f499bb9324bc" executionId="a3967282-55ad-45e3-b7c8-d17db4716022" testListId="8c84fa94-04c1-424b-9868-57a2d4851a1d" />
    <TestEntry testId="cef7f277-5dc3-b0b8-eda4-af499be481dc" executionId="9d01f80d-0a48-46c7-bbf4-3d28633508f1" testListId="8c84fa94-04c1-424b-9868-57a2d4851a1d" />
    <TestEntry testId="45e75a0d-4283-5aac-6b8e-d457bbb3aa8a" executionId="04a0c478-185f-464f-ba5f-17c64a2ec082" testListId="8c84fa94-04c1-424b-9868-57a2d4851a1d" />
    <TestEntry testId="a8dd4421-721b-7464-1ec7-7a0950dbe7f2" executionId="731b8b1f-1006-42d1-bda6-dfdc407e769b" testListId="8c84fa94-04c1-424b-9868-57a2d4851a1d" />
    <TestEntry testId="3edfc2a7-1754-35d9-a869-000eb02198df" executionId="3c35bde1-03f2-41cc-97ce-8d6bef06e9b8" testListId="8c84fa94-04c1-424b-9868-57a2d4851a1d" />
    <TestEntry testId="fdac1400-a880-08a5-eb9b-8963e9019833" executionId="ffe89ec7-7b72-44a7-9dab-36e5894bfbc8" testListId="8c84fa94-04c1-424b-9868-57a2d4851a1d" />
    <TestEntry testId="14a1f95e-78fa-735f-e1e1-62755f5e4ea3" executionId="02e3fad8-a604-4acc-84eb-fbbf92572a44" testListId="8c84fa94-04c1-424b-9868-57a2d4851a1d" />
    <TestEntry testId="f2effcb5-d303-005d-6682-8ccbac2c3bbc" executionId="f6d65070-cd12-4116-a255-bea9afc4097f" testListId="8c84fa94-04c1-424b-9868-57a2d4851a1d" />
    <TestEntry testId="7cf60077-2671-481f-1310-11968c982eb2" executionId="4de80c0d-aa8c-4bf5-8a63-307099a14216" testListId="8c84fa94-04c1-424b-9868-57a2d4851a1d" />
    <TestEntry testId="16d4258e-743c-71b8-441e-da9ab5d1a655" executionId="43af2f3d-ffd0-4291-9371-b15c6f5b121a" testListId="8c84fa94-04c1-424b-9868-57a2d4851a1d" />
    <TestEntry testId="2aca5760-5736-8fb2-f42a-c078d75461ed" executionId="ba6e4880-2787-4897-a711-594ffc98cf41" testListId="8c84fa94-04c1-424b-9868-57a2d4851a1d" />
    <TestEntry testId="3625363b-2b2b-2a01-cb9b-b878cc7db25a" executionId="331fcf19-492e-4f6c-9e24-a75512683e3e" testListId="8c84fa94-04c1-424b-9868-57a2d4851a1d" />
    <TestEntry testId="a4f1aa92-0955-504e-be1f-a783fd5bf664" executionId="2894aef7-9e14-4cf4-8f21-42bf06cd4e87" testListId="8c84fa94-04c1-424b-9868-57a2d4851a1d" />
    <TestEntry testId="94400230-a0cf-2852-335d-5880a46a038d" executionId="c68c76aa-b5c8-4c7b-9956-faf3f3b1fef8" testListId="8c84fa94-04c1-424b-9868-57a2d4851a1d" />
    <TestEntry testId="8ca24930-13c2-9054-276b-c0c9a4d03ea7" executionId="72a18c83-3757-484d-a0ac-a0145609dcb9" testListId="8c84fa94-04c1-424b-9868-57a2d4851a1d" />
    <TestEntry testId="16c91d34-e916-3d59-f51a-4f9b85399289" executionId="dbda9548-f7f2-470c-8ecf-5b3c6f590aab" testListId="8c84fa94-04c1-424b-9868-57a2d4851a1d" />
    <TestEntry testId="cc3505a4-7232-cc24-3cfe-056b7e73ed2b" executionId="81c6c54a-c9aa-4f4b-acdd-9cd1856223c7" testListId="8c84fa94-04c1-424b-9868-57a2d4851a1d" />
    <TestEntry testId="7cbfb0f2-220f-3c70-4132-45e5c8965201" executionId="b2cea77e-1576-4f63-ae29-e10c28cd4024" testListId="8c84fa94-04c1-424b-9868-57a2d4851a1d" />
    <TestEntry testId="f4aace76-8b78-d9f9-5c7e-a830773b46bd" executionId="8cc019c9-756e-4e49-ac90-8ce23b2ff471" testListId="8c84fa94-04c1-424b-9868-57a2d4851a1d" />
    <TestEntry testId="a3ace3b8-2cc6-88df-a94a-a9602ec1951a" executionId="e2177dc9-05cb-433c-8e04-7c757c9e5bbb" testListId="8c84fa94-04c1-424b-9868-57a2d4851a1d" />
  </TestEntries>
  <TestLists>
    <TestList name="Results Not in a List" id="8c84fa94-04c1-424b-9868-57a2d4851a1d" />
    <TestList name="All Loaded Results" id="19431567-8539-422a-85d7-44ee4e166bda" />
  </TestLists>
  <ResultSummary outcome="Completed">
    <Counters total="441" executed="441" passed="441" failed="0" error="0" timeout="0" aborted="0" inconclusive="0" passedButRunAborted="0" notRunnable="0" notExecuted="0" disconnected="0" warning="0" completed="0" inProgress="0" pending="0" />
  </ResultSummary>
</TestRun>