<?xml version="1.0" encoding="utf-8"?>
<TestRun id="50d78c88-dae7-44f7-9d6f-1a3843c81254" name="DKSR-EFI-04$@DKSR-EFI-04 2023-12-22 09:35:48" runUser="NT AUTHORITY\NETWORK SERVICE" xmlns="http://microsoft.com/schemas/VisualStudio/TeamTest/2010">
  <Times creation="2023-12-22T09:35:48.8194416+01:00" queuing="2023-12-22T09:35:48.8194416+01:00" start="2023-12-22T09:35:47.4131836+01:00" finish="2023-12-22T09:39:01.5217154+01:00" />
  <TestSettings name="default" id="a8b4020c-91d5-46ec-b854-1a3858587b9b">
    <Deployment runDeploymentRoot="DKSR-EFI-04$_DKSR-EFI-04_2023-12-22_09_35_48" />
  </TestSettings>
  <Results>
    <UnitTestResult executionId="859fac6a-553e-4169-b280-1623b666c268" testId="d08fd0d0-106c-6df0-e83c-5d210fcd79c8" testName="TestAttachObserver" computerName="DKSR-EFI-04" duration="00:00:00.0009425" startTime="2023-12-22T09:37:46.1481939+01:00" endTime="2023-12-22T09:37:46.1481939+01:00" testType="13cdc9d9-ddb5-4fa4-a97d-d965ccfc6d4b" outcome="Passed" testListId="8c84fa94-04c1-424b-9868-57a2d4851a1d" relativeResultsDirectory="859fac6a-553e-4169-b280-1623b666c268" />
    <UnitTestResult executionId="ba69c7b1-9e02-4cb2-8e11-706cfc38e467" testId="2fa8526c-a521-f4dd-f525-15d0ffe38536" testName="ExistingZipPackage_ShouldBeOverwritten" computerName="DKSR-EFI-04" startTime="2023-12-22T09:35:50.6007155+01:00" endTime="2023-12-22T09:35:50.6007155+01:00" testType="13cdc9d9-ddb5-4fa4-a97d-d965ccfc6d4b" outcome="NotExecuted" testListId="8c84fa94-04c1-424b-9868-57a2d4851a1d" relativeResultsDirectory="ba69c7b1-9e02-4cb2-8e11-706cfc38e467">
      <Output></Output>
    </UnitTestResult>
    <UnitTestResult executionId="97b5fea1-d855-4457-8ee3-b39d3623d655" testId="45ad0a95-8260-c925-5d56-45d076826047" testName="TestCopyFile" computerName="DKSR-EFI-04" duration="00:00:00.0037688" startTime="2023-12-22T09:35:50.6163257+01:00" endTime="2023-12-22T09:35:50.6163257+01:00" testType="13cdc9d9-ddb5-4fa4-a97d-d965ccfc6d4b" outcome="Passed" testListId="8c84fa94-04c1-424b-9868-57a2d4851a1d" relativeResultsDirectory="97b5fea1-d855-4457-8ee3-b39d3623d655" />
    <UnitTestResult executionId="da5d368c-4be5-4bb5-832b-47da8310cbf9" testId="1396e80d-ac6c-7b7b-e5dd-cce3f57d2022" testName="TestGetConnectionOptionsWithoutDomainNotLocal" computerName="DKSR-EFI-04" duration="00:00:00.0014537" startTime="2023-12-22T09:35:48.8975656+01:00" endTime="2023-12-22T09:35:48.8975656+01:00" testType="13cdc9d9-ddb5-4fa4-a97d-d965ccfc6d4b" outcome="Passed" testListId="8c84fa94-04c1-424b-9868-57a2d4851a1d" relativeResultsDirectory="da5d368c-4be5-4bb5-832b-47da8310cbf9" />
    <UnitTestResult executionId="e0538b00-26e9-4c9d-b39f-4626faa73464" testId="856c68f3-4881-d96b-cb1b-41d24780a2bb" testName="TestConstructor" computerName="DKSR-EFI-04" duration="00:00:00.0006512" startTime="2023-12-22T09:35:53.0538382+01:00" endTime="2023-12-22T09:35:53.0538382+01:00" testType="13cdc9d9-ddb5-4fa4-a97d-d965ccfc6d4b" outcome="Passed" testListId="8c84fa94-04c1-424b-9868-57a2d4851a1d" relativeResultsDirectory="e0538b00-26e9-4c9d-b39f-4626faa73464" />
    <UnitTestResult executionId="9b4a1524-5b81-4109-bbad-5e1ab04ad873" testId="33b4f16b-c0a6-76f0-1897-1fedd2028106" testName="TestConstructorWithMultipleObservers" computerName="DKSR-EFI-04" duration="00:00:00.0005579" startTime="2023-12-22T09:37:46.1481939+01:00" endTime="2023-12-22T09:37:46.1481939+01:00" testType="13cdc9d9-ddb5-4fa4-a97d-d965ccfc6d4b" outcome="Passed" testListId="8c84fa94-04c1-424b-9868-57a2d4851a1d" relativeResultsDirectory="9b4a1524-5b81-4109-bbad-5e1ab04ad873" />
    <UnitTestResult executionId="7b030442-9c3f-48b7-931b-04bc67b07914" testId="03e51c8c-4d92-59ee-ca72-7ef99d8d0f0f" testName="TestGetPackagesWithNullRepositoryPath" computerName="DKSR-EFI-04" startTime="2023-12-22T09:35:53.0069621+01:00" endTime="2023-12-22T09:35:53.0069621+01:00" testType="13cdc9d9-ddb5-4fa4-a97d-d965ccfc6d4b" outcome="NotExecuted" testListId="8c84fa94-04c1-424b-9868-57a2d4851a1d" relativeResultsDirectory="7b030442-9c3f-48b7-931b-04bc67b07914">
      <Output></Output>
    </UnitTestResult>
    <UnitTestResult executionId="574cfb68-2b4d-4a92-831f-e8129183bcfc" testId="cc0e8736-e37c-0fe0-2c61-f81f9c25390d" testName="TestStopHostTaskAllLevels" computerName="DKSR-EFI-04" duration="00:00:03.1089293" startTime="2023-12-22T09:38:24.2246339+01:00" endTime="2023-12-22T09:38:27.3340281+01:00" testType="13cdc9d9-ddb5-4fa4-a97d-d965ccfc6d4b" outcome="Passed" testListId="8c84fa94-04c1-424b-9868-57a2d4851a1d" relativeResultsDirectory="574cfb68-2b4d-4a92-831f-e8129183bcfc" />
    <UnitTestResult executionId="5cbab6e7-375b-447c-82bd-290090951cbf" testId="470e3884-a013-e07a-6032-a69655df1b7d" testName="TestConstructorWithErrorCodeDependentServicesRunning" computerName="DKSR-EFI-04" duration="00:00:00.0004961" startTime="2023-12-22T09:35:48.8350662+01:00" endTime="2023-12-22T09:35:48.8506906+01:00" testType="13cdc9d9-ddb5-4fa4-a97d-d965ccfc6d4b" outcome="Passed" testListId="8c84fa94-04c1-424b-9868-57a2d4851a1d" relativeResultsDirectory="5cbab6e7-375b-447c-82bd-290090951cbf" />
    <UnitTestResult executionId="13d229cb-ff2f-4b44-9759-cd24bedf75a1" testId="f95c7b64-34a7-4bf5-8bd6-0abab06578a9" testName="TestUploadPackageSequential" computerName="DKSR-EFI-04" duration="00:00:03.0308803" startTime="2023-12-22T09:37:53.3669868+01:00" endTime="2023-12-22T09:37:56.3982603+01:00" testType="13cdc9d9-ddb5-4fa4-a97d-d965ccfc6d4b" outcome="Passed" testListId="8c84fa94-04c1-424b-9868-57a2d4851a1d" relativeResultsDirectory="13d229cb-ff2f-4b44-9759-cd24bedf75a1" />
    <UnitTestResult executionId="9470e339-99fd-4409-9387-92635c3ea6a6" testId="a14d479c-95fa-c808-46c0-2d34bef5217e" testName="TestInstallPackageSequential" computerName="DKSR-EFI-04" duration="00:00:03.0308609" startTime="2023-12-22T09:37:56.4920044+01:00" endTime="2023-12-22T09:37:59.5232764+01:00" testType="13cdc9d9-ddb5-4fa4-a97d-d965ccfc6d4b" outcome="Passed" testListId="8c84fa94-04c1-424b-9868-57a2d4851a1d" relativeResultsDirectory="9470e339-99fd-4409-9387-92635c3ea6a6" />
    <UnitTestResult executionId="951d1e7e-7f68-4374-8d73-d8015d91fd83" testId="f40cd8a4-121f-c14e-cc4f-2cfd0883c319" testName="TestConstructorWithErrorCodeSuccess" computerName="DKSR-EFI-04" duration="00:00:00.0008363" startTime="2023-12-22T09:35:48.8506906+01:00" endTime="2023-12-22T09:35:48.8506906+01:00" testType="13cdc9d9-ddb5-4fa4-a97d-d965ccfc6d4b" outcome="Passed" testListId="8c84fa94-04c1-424b-9868-57a2d4851a1d" relativeResultsDirectory="951d1e7e-7f68-4374-8d73-d8015d91fd83" />
    <UnitTestResult executionId="08d8b2d4-7704-4b9a-8bd2-234e01720f68" testId="67643f1b-8036-19eb-72c3-d7d1af0dea43" testName="TestStartWhileRunning" computerName="DKSR-EFI-04" duration="00:00:00.1040544" startTime="2023-12-22T09:37:46.3825703+01:00" endTime="2023-12-22T09:37:46.4919477+01:00" testType="13cdc9d9-ddb5-4fa4-a97d-d965ccfc6d4b" outcome="Passed" testListId="8c84fa94-04c1-424b-9868-57a2d4851a1d" relativeResultsDirectory="08d8b2d4-7704-4b9a-8bd2-234e01720f68" />
    <UnitTestResult executionId="77ef6e9f-02cd-44a1-a45e-23d82c762c9f" testId="69b26249-94e9-7c44-10dc-7b2701eb66e6" testName="TestCreateRealFilePathWithUNCPath" computerName="DKSR-EFI-04" duration="00:00:00.0005367" startTime="2023-12-22T09:35:48.8819404+01:00" endTime="2023-12-22T09:35:48.8819404+01:00" testType="13cdc9d9-ddb5-4fa4-a97d-d965ccfc6d4b" outcome="Passed" testListId="8c84fa94-04c1-424b-9868-57a2d4851a1d" relativeResultsDirectory="77ef6e9f-02cd-44a1-a45e-23d82c762c9f" />
    <UnitTestResult executionId="acfed6cf-4357-49d1-979a-cdbcfd98f081" testId="37ff3888-9777-0cdf-214f-477a32f5fbee" testName="TestGetRebooter" computerName="DKSR-EFI-04" duration="00:00:00.0006860" startTime="2023-12-22T09:39:01.3342178+01:00" endTime="2023-12-22T09:39:01.3342178+01:00" testType="13cdc9d9-ddb5-4fa4-a97d-d965ccfc6d4b" outcome="Passed" testListId="8c84fa94-04c1-424b-9868-57a2d4851a1d" relativeResultsDirectory="acfed6cf-4357-49d1-979a-cdbcfd98f081" />
    <UnitTestResult executionId="9fc9347b-9a74-4194-b29d-5ffa3bc92775" testId="e301d847-37c6-086f-9b26-007beaf92f5d" testName="TestConstructorWithMessage" computerName="DKSR-EFI-04" duration="00:00:00.0006718" startTime="2023-12-22T09:35:48.8350662+01:00" endTime="2023-12-22T09:35:48.8350662+01:00" testType="13cdc9d9-ddb5-4fa4-a97d-d965ccfc6d4b" outcome="Passed" testListId="8c84fa94-04c1-424b-9868-57a2d4851a1d" relativeResultsDirectory="9fc9347b-9a74-4194-b29d-5ffa3bc92775" />
    <UnitTestResult executionId="c3a36ee5-b0e6-4215-81ca-89d7be066588" testId="b4150eb4-7116-6d8e-ac8b-e76f559058b0" testName="TestIsLocalIPAddress_localhost" computerName="DKSR-EFI-04" duration="00:00:00.0001532" startTime="2023-12-22T09:39:01.3498363+01:00" endTime="2023-12-22T09:39:01.3498363+01:00" testType="13cdc9d9-ddb5-4fa4-a97d-d965ccfc6d4b" outcome="Passed" testListId="8c84fa94-04c1-424b-9868-57a2d4851a1d" relativeResultsDirectory="c3a36ee5-b0e6-4215-81ca-89d7be066588" />
    <UnitTestResult executionId="794d212c-5838-41a3-a205-0c1e75dabf69" testId="3be3dd6c-70a8-fb50-940e-ef5b6d783571" testName="TestConstructorWithMessage" computerName="DKSR-EFI-04" duration="00:00:00.0005585" startTime="2023-12-22T09:35:48.8038161+01:00" endTime="2023-12-22T09:35:48.8038161+01:00" testType="13cdc9d9-ddb5-4fa4-a97d-d965ccfc6d4b" outcome="Passed" testListId="8c84fa94-04c1-424b-9868-57a2d4851a1d" relativeResultsDirectory="794d212c-5838-41a3-a205-0c1e75dabf69" />
    <UnitTestResult executionId="218eddc3-0355-4838-be3d-85641225b59c" testId="6675b4f2-1c41-c131-8a1d-4566375e4ed0" testName="TestConstructor" computerName="DKSR-EFI-04" duration="00:00:00.0007956" startTime="2023-12-22T09:35:48.8350662+01:00" endTime="2023-12-22T09:35:48.8350662+01:00" testType="13cdc9d9-ddb5-4fa4-a97d-d965ccfc6d4b" outcome="Passed" testListId="8c84fa94-04c1-424b-9868-57a2d4851a1d" relativeResultsDirectory="218eddc3-0355-4838-be3d-85641225b59c" />
    <UnitTestResult executionId="7a9a6f93-d64d-4395-b8d7-e14d6cde34b6" testId="e8a8896f-e6f5-3a84-3848-09ca421d6b30" testName="TestConstructor" computerName="DKSR-EFI-04" duration="00:00:00.0019298" startTime="2023-12-22T09:35:48.8975656+01:00" endTime="2023-12-22T09:35:48.8975656+01:00" testType="13cdc9d9-ddb5-4fa4-a97d-d965ccfc6d4b" outcome="Passed" testListId="8c84fa94-04c1-424b-9868-57a2d4851a1d" relativeResultsDirectory="7a9a6f93-d64d-4395-b8d7-e14d6cde34b6" />
    <UnitTestResult executionId="edff1458-56d5-405a-af1d-f433fe6eb043" testId="f87bdbf8-6366-f4cc-9c50-055e8e1058ed" testName="TestMakeExistingDir" computerName="DKSR-EFI-04" duration="00:00:00.0006238" startTime="2023-12-22T09:37:41.8825454+01:00" endTime="2023-12-22T09:37:41.8825454+01:00" testType="13cdc9d9-ddb5-4fa4-a97d-d965ccfc6d4b" outcome="Passed" testListId="8c84fa94-04c1-424b-9868-57a2d4851a1d" relativeResultsDirectory="edff1458-56d5-405a-af1d-f433fe6eb043" />
    <UnitTestResult executionId="4235f632-8308-4564-bbcf-925950638535" testId="b1e328f4-c08c-066b-0de5-353098f02c6d" testName="TestTestHosts" computerName="DKSR-EFI-04" duration="00:00:00.0331549" startTime="2023-12-22T09:37:52.1951047+01:00" endTime="2023-12-22T09:37:52.2419818+01:00" testType="13cdc9d9-ddb5-4fa4-a97d-d965ccfc6d4b" outcome="Passed" testListId="8c84fa94-04c1-424b-9868-57a2d4851a1d" relativeResultsDirectory="4235f632-8308-4564-bbcf-925950638535" />
    <UnitTestResult executionId="44da7f04-eaee-410a-b18f-dcf9f0107751" testId="a17d8629-6734-b6b8-4baf-81a08190a4c8" testName="TestRemoveTaskWhileRunning" computerName="DKSR-EFI-04" duration="00:00:00.1247483" startTime="2023-12-22T09:37:32.9450005+01:00" endTime="2023-12-22T09:37:33.0700387+01:00" testType="13cdc9d9-ddb5-4fa4-a97d-d965ccfc6d4b" outcome="Passed" testListId="8c84fa94-04c1-424b-9868-57a2d4851a1d" relativeResultsDirectory="44da7f04-eaee-410a-b18f-dcf9f0107751" />
    <UnitTestResult executionId="055b2b0b-351a-43c1-bb30-31f6ba36ee97" testId="9e542a9d-17aa-18eb-fcd9-68e906b0cbf9" testName="TestGetPackages" computerName="DKSR-EFI-04" duration="00:00:00.0006625" startTime="2023-12-22T09:37:26.5230906+01:00" endTime="2023-12-22T09:37:26.5230906+01:00" testType="13cdc9d9-ddb5-4fa4-a97d-d965ccfc6d4b" outcome="Passed" testListId="8c84fa94-04c1-424b-9868-57a2d4851a1d" relativeResultsDirectory="055b2b0b-351a-43c1-bb30-31f6ba36ee97" />
    <UnitTestResult executionId="e9ad33a2-8569-416d-9445-44762d8102f7" testId="3fb46fb3-2257-f562-c8d7-029a28d402d9" testName="TestIsTasksRunningWithNullManager" computerName="DKSR-EFI-04" duration="00:00:00.0010256" startTime="2023-12-22T09:37:52.4294805+01:00" endTime="2023-12-22T09:37:52.4294805+01:00" testType="13cdc9d9-ddb5-4fa4-a97d-d965ccfc6d4b" outcome="Passed" testListId="8c84fa94-04c1-424b-9868-57a2d4851a1d" relativeResultsDirectory="e9ad33a2-8569-416d-9445-44762d8102f7" />
    <UnitTestResult executionId="0cbad60c-4de1-4bbc-920f-56b9ed122e15" testId="9b73a5d8-1c11-0cec-419f-e56feb2831ba" testName="TestConstructor" computerName="DKSR-EFI-04" duration="00:00:00.0004224" startTime="2023-12-22T09:37:46.1481939+01:00" endTime="2023-12-22T09:37:46.1481939+01:00" testType="13cdc9d9-ddb5-4fa4-a97d-d965ccfc6d4b" outcome="Passed" testListId="8c84fa94-04c1-424b-9868-57a2d4851a1d" relativeResultsDirectory="0cbad60c-4de1-4bbc-920f-56b9ed122e15" />
    <UnitTestResult executionId="30a40b6d-c9d8-4d5a-97e4-251e2e4e252e" testId="c04ca2fa-f46f-46e6-bb95-37c7c54edf8e" testName="TestConstructor" computerName="DKSR-EFI-04" duration="00:00:00.0004087" startTime="2023-12-22T09:37:46.1481939+01:00" endTime="2023-12-22T09:37:46.1481939+01:00" testType="13cdc9d9-ddb5-4fa4-a97d-d965ccfc6d4b" outcome="Passed" testListId="8c84fa94-04c1-424b-9868-57a2d4851a1d" relativeResultsDirectory="30a40b6d-c9d8-4d5a-97e4-251e2e4e252e" />
    <UnitTestResult executionId="07184414-0f35-4996-9b00-65ce125b9177" testId="725b3199-f97f-4e4e-3df7-e4d50227cc9c" testName="TestUninstallDynamicFiles" computerName="DKSR-EFI-04" duration="00:00:00.0046083" startTime="2023-12-22T09:35:49.8819460+01:00" endTime="2023-12-22T09:35:49.8819460+01:00" testType="13cdc9d9-ddb5-4fa4-a97d-d965ccfc6d4b" outcome="Passed" testListId="8c84fa94-04c1-424b-9868-57a2d4851a1d" relativeResultsDirectory="07184414-0f35-4996-9b00-65ce125b9177" />
    <UnitTestResult executionId="1d1e601f-881c-48c8-b9e6-e2eff075c184" testId="91caed3b-2955-2bf7-0a49-1538d6760b9b" testName="TestGetUploader" computerName="DKSR-EFI-04" duration="00:00:00.0035019" startTime="2023-12-22T09:35:49.4756938+01:00" endTime="2023-12-22T09:35:49.4756938+01:00" testType="13cdc9d9-ddb5-4fa4-a97d-d965ccfc6d4b" outcome="Passed" testListId="8c84fa94-04c1-424b-9868-57a2d4851a1d" relativeResultsDirectory="1d1e601f-881c-48c8-b9e6-e2eff075c184" />
    <UnitTestResult executionId="69d319ff-e87d-445c-8727-a855c5893276" testId="3b623a3d-89e2-adbe-0562-30890ff4514f" testName="TestConstructor" computerName="DKSR-EFI-04" duration="00:00:00.0004759" startTime="2023-12-22T09:35:49.8663192+01:00" endTime="2023-12-22T09:35:49.8663192+01:00" testType="13cdc9d9-ddb5-4fa4-a97d-d965ccfc6d4b" outcome="Passed" testListId="8c84fa94-04c1-424b-9868-57a2d4851a1d" relativeResultsDirectory="69d319ff-e87d-445c-8727-a855c5893276" />
    <UnitTestResult executionId="58679553-d660-415e-ac8e-ac659547beb1" testId="facdbc00-3344-ebbb-65de-f4f2d40c143a" testName="TestDifferentPassword" computerName="DKSR-EFI-04" duration="00:00:00.0025779" startTime="2023-12-22T09:35:50.4288239+01:00" endTime="2023-12-22T09:35:50.4288239+01:00" testType="13cdc9d9-ddb5-4fa4-a97d-d965ccfc6d4b" outcome="Passed" testListId="8c84fa94-04c1-424b-9868-57a2d4851a1d" relativeResultsDirectory="58679553-d660-415e-ac8e-ac659547beb1" />
    <UnitTestResult executionId="a254fea8-349e-41b9-85e8-3b2a01d073c0" testId="146196f5-f90c-a6d4-6ef4-bdf63a422741" testName="TestStartStoppedTask" computerName="DKSR-EFI-04" duration="00:00:00.0011654" startTime="2023-12-22T09:37:41.3200420+01:00" endTime="2023-12-22T09:37:41.3200420+01:00" testType="13cdc9d9-ddb5-4fa4-a97d-d965ccfc6d4b" outcome="Passed" testListId="8c84fa94-04c1-424b-9868-57a2d4851a1d" relativeResultsDirectory="a254fea8-349e-41b9-85e8-3b2a01d073c0" />
    <UnitTestResult executionId="06c96bdc-1440-4eef-84b1-27b331aa5732" testId="7066b9b5-1610-d275-dc55-593de5802882" testName="TestInstallDynamicFiles" computerName="DKSR-EFI-04" duration="00:00:00.0047909" startTime="2023-12-22T09:35:49.8663192+01:00" endTime="2023-12-22T09:35:49.8819460+01:00" testType="13cdc9d9-ddb5-4fa4-a97d-d965ccfc6d4b" outcome="Passed" testListId="8c84fa94-04c1-424b-9868-57a2d4851a1d" relativeResultsDirectory="06c96bdc-1440-4eef-84b1-27b331aa5732" />
    <UnitTestResult executionId="cf0b2b5a-8f9d-4e5b-9991-c09c8a0092e7" testId="48eb9e20-76c9-3c7b-a7a3-fc60c91a53d4" testName="Test127001" computerName="DKSR-EFI-04" duration="00:00:00.0107460" startTime="2023-12-22T09:37:41.8981737+01:00" endTime="2023-12-22T09:37:41.8981737+01:00" testType="13cdc9d9-ddb5-4fa4-a97d-d965ccfc6d4b" outcome="Passed" testListId="8c84fa94-04c1-424b-9868-57a2d4851a1d" relativeResultsDirectory="cf0b2b5a-8f9d-4e5b-9991-c09c8a0092e7" />
    <UnitTestResult executionId="7abb02d1-3632-4b52-ae79-dbdd7fd5e73b" testId="62662b40-9dbf-8863-d09c-a0274ba353cf" testName="TestConstructor" computerName="DKSR-EFI-04" duration="00:00:00.0043234" startTime="2023-12-22T09:35:49.9131972+01:00" endTime="2023-12-22T09:35:49.9131972+01:00" testType="13cdc9d9-ddb5-4fa4-a97d-d965ccfc6d4b" outcome="Passed" testListId="8c84fa94-04c1-424b-9868-57a2d4851a1d" relativeResultsDirectory="7abb02d1-3632-4b52-ae79-dbdd7fd5e73b" />
    <UnitTestResult executionId="54df8f20-3ffc-4e80-af05-51687dee03e1" testId="22814c1f-c66f-6ce6-5a48-a0ba882bd316" testName="TestVersionInfoDefault" computerName="DKSR-EFI-04" duration="00:00:00.0001959" startTime="2023-12-22T09:35:49.9288213+01:00" endTime="2023-12-22T09:35:49.9288213+01:00" testType="13cdc9d9-ddb5-4fa4-a97d-d965ccfc6d4b" outcome="Passed" testListId="8c84fa94-04c1-424b-9868-57a2d4851a1d" relativeResultsDirectory="54df8f20-3ffc-4e80-af05-51687dee03e1" />
    <UnitTestResult executionId="47d9be77-486f-496b-af1f-789fbb0f5720" testId="2be41cae-1d5a-7945-3cba-93feb00da08b" testName="TestBrowser" computerName="DKSR-EFI-04" duration="00:00:00.0003927" startTime="2023-12-22T09:35:48.9131895+01:00" endTime="2023-12-22T09:35:48.9131895+01:00" testType="13cdc9d9-ddb5-4fa4-a97d-d965ccfc6d4b" outcome="Passed" testListId="8c84fa94-04c1-424b-9868-57a2d4851a1d" relativeResultsDirectory="47d9be77-486f-496b-af1f-789fbb0f5720" />
    <UnitTestResult executionId="dfed596c-4126-40c8-b31b-a10dc7ae8240" testId="0e7c27bc-b91f-73e0-6ab1-588849d6b366" testName="TestStart" computerName="DKSR-EFI-04" duration="00:00:00.1023479" startTime="2023-12-22T09:37:46.1638216+01:00" endTime="2023-12-22T09:37:46.2731958+01:00" testType="13cdc9d9-ddb5-4fa4-a97d-d965ccfc6d4b" outcome="Passed" testListId="8c84fa94-04c1-424b-9868-57a2d4851a1d" relativeResultsDirectory="dfed596c-4126-40c8-b31b-a10dc7ae8240" />
    <UnitTestResult executionId="8ae18e46-24a6-485e-9653-c58e5b676203" testId="914452d1-2a5b-ada2-b3bb-094b0c594d6e" testName="TestGetHostInfoParallel" computerName="DKSR-EFI-04" duration="00:00:00.0272971" startTime="2023-12-22T09:38:05.7420588+01:00" endTime="2023-12-22T09:38:05.7733037+01:00" testType="13cdc9d9-ddb5-4fa4-a97d-d965ccfc6d4b" outcome="Passed" testListId="8c84fa94-04c1-424b-9868-57a2d4851a1d" relativeResultsDirectory="8ae18e46-24a6-485e-9653-c58e5b676203" />
    <UnitTestResult executionId="b6661efd-5634-4695-b002-21b5e0d9a77c" testId="9f360e22-795c-5c17-8bb8-33a39a68517b" testName="TestStopAllHostTaskAllLevels" computerName="DKSR-EFI-04" duration="00:00:03.1087905" startTime="2023-12-22T09:38:33.5059295+01:00" endTime="2023-12-22T09:38:36.6153230+01:00" testType="13cdc9d9-ddb5-4fa4-a97d-d965ccfc6d4b" outcome="Passed" testListId="8c84fa94-04c1-424b-9868-57a2d4851a1d" relativeResultsDirectory="b6661efd-5634-4695-b002-21b5e0d9a77c" />
    <UnitTestResult executionId="17777843-ff92-46d6-b4d8-675947a0ac0a" testId="a812c461-75bd-711d-a173-a6a8e32057ca" testName="TestStopNotAddedHostTaskOneLevel" computerName="DKSR-EFI-04" duration="00:00:00.0011735" startTime="2023-12-22T09:38:21.1228739+01:00" endTime="2023-12-22T09:38:21.1228739+01:00" testType="13cdc9d9-ddb5-4fa4-a97d-d965ccfc6d4b" outcome="Passed" testListId="8c84fa94-04c1-424b-9868-57a2d4851a1d" relativeResultsDirectory="17777843-ff92-46d6-b4d8-675947a0ac0a" />
    <UnitTestResult executionId="dd08d7ad-a43a-454f-846f-6a80948062c9" testId="d165a1f9-3d44-76cb-b902-4ddbe0cccecb" testName="TestSetValueInvalid" computerName="DKSR-EFI-04" duration="00:00:00.0002627" startTime="2023-12-22T09:35:49.8663192+01:00" endTime="2023-12-22T09:35:49.8663192+01:00" testType="13cdc9d9-ddb5-4fa4-a97d-d965ccfc6d4b" outcome="Passed" testListId="8c84fa94-04c1-424b-9868-57a2d4851a1d" relativeResultsDirectory="dd08d7ad-a43a-454f-846f-6a80948062c9" />
    <UnitTestResult executionId="d0d6fa63-1afd-40c5-ab84-d59498cc8bfb" testId="c5470e5b-7c09-9f0a-1bc9-4794fa6f7f0d" testName="TestConstructorWithSingleObserver" computerName="DKSR-EFI-04" duration="00:00:00.0005826" startTime="2023-12-22T09:37:46.1481939+01:00" endTime="2023-12-22T09:37:46.1481939+01:00" testType="13cdc9d9-ddb5-4fa4-a97d-d965ccfc6d4b" outcome="Passed" testListId="8c84fa94-04c1-424b-9868-57a2d4851a1d" relativeResultsDirectory="d0d6fa63-1afd-40c5-ab84-d59498cc8bfb" />
    <UnitTestResult executionId="c4f7bca1-6cbd-4470-8c80-09666abfa2cf" testId="637afb78-232b-13fd-81e7-22084e8d37bf" testName="TestGetPackagesTask" computerName="DKSR-EFI-04" duration="00:00:00.0027040" startTime="2023-12-22T09:35:48.8975656+01:00" endTime="2023-12-22T09:35:48.8975656+01:00" testType="13cdc9d9-ddb5-4fa4-a97d-d965ccfc6d4b" outcome="Passed" testListId="8c84fa94-04c1-424b-9868-57a2d4851a1d" relativeResultsDirectory="c4f7bca1-6cbd-4470-8c80-09666abfa2cf" />
    <UnitTestResult executionId="c71f8d1d-57e6-4711-bb3d-864cfd24512d" testId="6dd7d197-bf00-3c2b-0bfa-cfbbc2b0d93c" testName="TestConstructor" computerName="DKSR-EFI-04" duration="00:00:00.0347868" startTime="2023-12-22T09:37:26.4762148+01:00" endTime="2023-12-22T09:37:26.5230906+01:00" testType="13cdc9d9-ddb5-4fa4-a97d-d965ccfc6d4b" outcome="Passed" testListId="8c84fa94-04c1-424b-9868-57a2d4851a1d" relativeResultsDirectory="c71f8d1d-57e6-4711-bb3d-864cfd24512d" />
    <UnitTestResult executionId="2ed0a1a2-6820-4276-95d5-11e574696d7c" testId="6de69a91-a9ae-a510-a8e5-ddf1d08a2918" testName="TestConstructor" computerName="DKSR-EFI-04" duration="00:00:00.0004230" startTime="2023-12-22T09:35:49.9288213+01:00" endTime="2023-12-22T09:35:49.9288213+01:00" testType="13cdc9d9-ddb5-4fa4-a97d-d965ccfc6d4b" outcome="Passed" testListId="8c84fa94-04c1-424b-9868-57a2d4851a1d" relativeResultsDirectory="2ed0a1a2-6820-4276-95d5-11e574696d7c" />
    <UnitTestResult executionId="703195d2-cc9c-4c94-aa2d-9493c5b6e8b1" testId="d4187810-f371-b966-4ddc-9f7511ff3c2e" testName="TestConstructor" computerName="DKSR-EFI-04" duration="00:00:00.0013120" startTime="2023-12-22T09:35:50.3194483+01:00" endTime="2023-12-22T09:35:50.3194483+01:00" testType="13cdc9d9-ddb5-4fa4-a97d-d965ccfc6d4b" outcome="Passed" testListId="8c84fa94-04c1-424b-9868-57a2d4851a1d" relativeResultsDirectory="703195d2-cc9c-4c94-aa2d-9493c5b6e8b1" />
    <UnitTestResult executionId="d4a87b61-a4d3-4163-82f5-e01b662a16b4" testId="92137449-d2b3-f66c-1ac0-02ad6dd462b9" testName="TestInstallPackageWithInvalidHost" computerName="DKSR-EFI-04" duration="00:00:00.0023345" startTime="2023-12-22T09:37:56.4295090+01:00" endTime="2023-12-22T09:37:56.4295090+01:00" testType="13cdc9d9-ddb5-4fa4-a97d-d965ccfc6d4b" outcome="Passed" testListId="8c84fa94-04c1-424b-9868-57a2d4851a1d" relativeResultsDirectory="d4a87b61-a4d3-4163-82f5-e01b662a16b4" />
    <UnitTestResult executionId="481f43af-7bea-41e0-8aa3-df06430d3750" testId="0c1ed704-8205-a20a-83ff-3afa740995be" testName="TestConstructor" computerName="DKSR-EFI-04" duration="00:00:00.0005553" startTime="2023-12-22T09:35:48.8038161+01:00" endTime="2023-12-22T09:35:48.8038161+01:00" testType="13cdc9d9-ddb5-4fa4-a97d-d965ccfc6d4b" outcome="Passed" testListId="8c84fa94-04c1-424b-9868-57a2d4851a1d" relativeResultsDirectory="481f43af-7bea-41e0-8aa3-df06430d3750" />
    <UnitTestResult executionId="34184d65-8c1e-4989-9d5f-312293d5ae95" testId="f9925917-8140-bd6d-1fd3-76831b749208" testName="TestCreateDirectory" computerName="DKSR-EFI-04" startTime="2023-12-22T09:35:48.8819404+01:00" endTime="2023-12-22T09:35:48.8819404+01:00" testType="13cdc9d9-ddb5-4fa4-a97d-d965ccfc6d4b" outcome="NotExecuted" testListId="8c84fa94-04c1-424b-9868-57a2d4851a1d" relativeResultsDirectory="34184d65-8c1e-4989-9d5f-312293d5ae95">
      <Output></Output>
    </UnitTestResult>
    <UnitTestResult executionId="8d7d1bc8-b47a-4850-9932-e3b3b696be9f" testId="80f38fd0-6f01-962d-1286-fff70fb35efb" testName="TestLastWarning" computerName="DKSR-EFI-04" duration="00:00:04.0307425" startTime="2023-12-22T09:37:37.2262724+01:00" endTime="2023-12-22T09:37:41.2575441+01:00" testType="13cdc9d9-ddb5-4fa4-a97d-d965ccfc6d4b" outcome="Passed" testListId="8c84fa94-04c1-424b-9868-57a2d4851a1d" relativeResultsDirectory="8d7d1bc8-b47a-4850-9932-e3b3b696be9f" />
    <UnitTestResult executionId="72b54664-0682-4c4b-85ff-5e56a9a18f76" testId="dfd7d47b-3150-15b1-892c-f707b58a7859" testName="Test_With_LicenseTypeAndParameters_When_CreateXmlStreamInV2_Then_CorrectXMLStreamIsCreated" computerName="DKSR-EFI-04" duration="00:00:00.0009514" startTime="2023-12-22T09:39:01.3498363+01:00" endTime="2023-12-22T09:39:01.3498363+01:00" testType="13cdc9d9-ddb5-4fa4-a97d-d965ccfc6d4b" outcome="Passed" testListId="8c84fa94-04c1-424b-9868-57a2d4851a1d" relativeResultsDirectory="72b54664-0682-4c4b-85ff-5e56a9a18f76" />
    <UnitTestResult executionId="c901c526-133f-4ec7-899d-b2b313799247" testId="5f070273-889c-c350-6e7c-2ac18b92811d" testName="ExistingZipPackageWithReadOnlyAttribute_ShouldBeOverwritten" computerName="DKSR-EFI-04" startTime="2023-12-22T09:35:50.6007155+01:00" endTime="2023-12-22T09:35:50.6007155+01:00" testType="13cdc9d9-ddb5-4fa4-a97d-d965ccfc6d4b" outcome="NotExecuted" testListId="8c84fa94-04c1-424b-9868-57a2d4851a1d" relativeResultsDirectory="c901c526-133f-4ec7-899d-b2b313799247">
      <Output></Output>
    </UnitTestResult>
    <UnitTestResult executionId="b6f7ff12-cb3e-4cdc-9ff0-9335c022595e" testId="74b65cff-260d-58c5-47e1-b7fd9794e6da" testName="TestStopRepositoryTaskWithInvalidRepository" computerName="DKSR-EFI-04" duration="00:00:00.0017302" startTime="2023-12-22T09:37:52.9766915+01:00" endTime="2023-12-22T09:37:52.9766915+01:00" testType="13cdc9d9-ddb5-4fa4-a97d-d965ccfc6d4b" outcome="Passed" testListId="8c84fa94-04c1-424b-9868-57a2d4851a1d" relativeResultsDirectory="b6f7ff12-cb3e-4cdc-9ff0-9335c022595e" />
    <UnitTestResult executionId="5e96a7f6-081b-456d-819d-0d25450c4d13" testId="b61c59b3-029a-0817-1252-32f71c8216f9" testName="TestRunFailureTasksLast" computerName="DKSR-EFI-04" duration="00:00:02.0141669" startTime="2023-12-22T09:37:30.5543619+01:00" endTime="2023-12-22T09:37:32.5699962+01:00" testType="13cdc9d9-ddb5-4fa4-a97d-d965ccfc6d4b" outcome="Passed" testListId="8c84fa94-04c1-424b-9868-57a2d4851a1d" relativeResultsDirectory="5e96a7f6-081b-456d-819d-0d25450c4d13" />
    <UnitTestResult executionId="8d7e4ced-705f-4504-b1f5-6868917564c4" testId="968b0cfd-4e46-39af-8c32-7a63d2e0218b" testName="TestGetHostInfoWithInvalidHost" computerName="DKSR-EFI-04" duration="00:00:00.0030190" startTime="2023-12-22T09:38:05.7420588+01:00" endTime="2023-12-22T09:38:05.7420588+01:00" testType="13cdc9d9-ddb5-4fa4-a97d-d965ccfc6d4b" outcome="Passed" testListId="8c84fa94-04c1-424b-9868-57a2d4851a1d" relativeResultsDirectory="8d7e4ced-705f-4504-b1f5-6868917564c4" />
    <UnitTestResult executionId="7c8759c2-a255-471e-828f-adfec40aa111" testId="c9f53748-47ce-0633-50ad-3007e055d4a5" testName="TestObserver" computerName="DKSR-EFI-04" duration="00:00:00.0085480" startTime="2023-12-22T09:37:33.1950087+01:00" endTime="2023-12-22T09:37:33.1950087+01:00" testType="13cdc9d9-ddb5-4fa4-a97d-d965ccfc6d4b" outcome="Passed" testListId="8c84fa94-04c1-424b-9868-57a2d4851a1d" relativeResultsDirectory="7c8759c2-a255-471e-828f-adfec40aa111" />
    <UnitTestResult executionId="43fca826-ef19-4f2d-be0d-6495927dd70d" testId="aeb69c69-f399-d401-e754-f443149b61bf" testName="TestSubTasks" computerName="DKSR-EFI-04" duration="00:00:00.0145404" startTime="2023-12-22T09:35:50.2725741+01:00" endTime="2023-12-22T09:35:50.2882011+01:00" testType="13cdc9d9-ddb5-4fa4-a97d-d965ccfc6d4b" outcome="Passed" testListId="8c84fa94-04c1-424b-9868-57a2d4851a1d" relativeResultsDirectory="43fca826-ef19-4f2d-be0d-6495927dd70d" />
    <UnitTestResult executionId="f40af064-c796-4539-952d-6e01134dbd11" testId="056db6d2-8d71-1089-b705-b6a45c621744" testName="TestPingWithInvalidHost" computerName="DKSR-EFI-04" duration="00:00:00.0023852" startTime="2023-12-22T09:38:14.9608563+01:00" endTime="2023-12-22T09:38:14.9608563+01:00" testType="13cdc9d9-ddb5-4fa4-a97d-d965ccfc6d4b" outcome="Passed" testListId="8c84fa94-04c1-424b-9868-57a2d4851a1d" relativeResultsDirectory="f40af064-c796-4539-952d-6e01134dbd11" />
    <UnitTestResult executionId="ef038305-0437-45be-a637-546a05862457" testId="bcd71e73-4f9f-2385-5ac9-da99939e2a84" testName="TestConstructor" computerName="DKSR-EFI-04" duration="00:00:00.2529815" startTime="2023-12-22T09:35:48.9131895+01:00" endTime="2023-12-22T09:35:49.1631946+01:00" testType="13cdc9d9-ddb5-4fa4-a97d-d965ccfc6d4b" outcome="Passed" testListId="8c84fa94-04c1-424b-9868-57a2d4851a1d" relativeResultsDirectory="ef038305-0437-45be-a637-546a05862457" />
    <UnitTestResult executionId="9032ab2a-6c17-495f-83bd-39c6fb545b89" testId="fb684710-7aee-b5ee-ca08-6c8c8894727b" testName="TestWMIServerHost" computerName="DKSR-EFI-04" duration="00:00:00.0007557" startTime="2023-12-22T09:39:01.3029675+01:00" endTime="2023-12-22T09:39:01.3029675+01:00" testType="13cdc9d9-ddb5-4fa4-a97d-d965ccfc6d4b" outcome="Passed" testListId="8c84fa94-04c1-424b-9868-57a2d4851a1d" relativeResultsDirectory="9032ab2a-6c17-495f-83bd-39c6fb545b89" />
    <UnitTestResult executionId="b9e342b8-c4ba-487e-8e90-8c7d8e8e19d5" testId="68a2363a-b484-17cf-1f18-a03fd75c478a" testName="TestConstructor" computerName="DKSR-EFI-04" duration="00:00:00.0004286" startTime="2023-12-22T09:37:53.3044998+01:00" endTime="2023-12-22T09:37:53.3044998+01:00" testType="13cdc9d9-ddb5-4fa4-a97d-d965ccfc6d4b" outcome="Passed" testListId="8c84fa94-04c1-424b-9868-57a2d4851a1d" relativeResultsDirectory="b9e342b8-c4ba-487e-8e90-8c7d8e8e19d5" />
    <UnitTestResult executionId="00619485-0e12-47ec-a3b9-8fcb5508a2d3" testId="bde7a222-ad8e-3af2-d4c0-949060459864" testName="TestHostImp" computerName="DKSR-EFI-04" duration="00:00:00.0026185" startTime="2023-12-22T09:39:01.3498363+01:00" endTime="2023-12-22T09:39:01.3498363+01:00" testType="13cdc9d9-ddb5-4fa4-a97d-d965ccfc6d4b" outcome="Passed" testListId="8c84fa94-04c1-424b-9868-57a2d4851a1d" relativeResultsDirectory="00619485-0e12-47ec-a3b9-8fcb5508a2d3" />
    <UnitTestResult executionId="f9031611-5602-4223-8ebf-dbe11fbf4b3b" testId="79533e52-233d-e680-ff9d-b0bffcd77412" testName="TestConstructor" computerName="DKSR-EFI-04" duration="00:00:00.0181227" startTime="2023-12-22T09:35:49.2413195+01:00" endTime="2023-12-22T09:35:49.2569447+01:00" testType="13cdc9d9-ddb5-4fa4-a97d-d965ccfc6d4b" outcome="Passed" testListId="8c84fa94-04c1-424b-9868-57a2d4851a1d" relativeResultsDirectory="f9031611-5602-4223-8ebf-dbe11fbf4b3b" />
    <UnitTestResult executionId="8ecadb2f-dd34-48f4-b80c-4c1091f424f5" testId="032d6516-cb1c-4c92-f9b8-d4038adae9f6" testName="TestWaitForAllTasksWithNoTimeout" computerName="DKSR-EFI-04" duration="00:00:00.1088648" startTime="2023-12-22T09:37:52.5857345+01:00" endTime="2023-12-22T09:37:52.6951073+01:00" testType="13cdc9d9-ddb5-4fa4-a97d-d965ccfc6d4b" outcome="Passed" testListId="8c84fa94-04c1-424b-9868-57a2d4851a1d" relativeResultsDirectory="8ecadb2f-dd34-48f4-b80c-4c1091f424f5" />
    <UnitTestResult executionId="95adbf31-0835-41ac-8720-43accf37048b" testId="dccffa84-7c98-4410-7aaa-69b1a9b9bf4b" testName="TestConstructor" computerName="DKSR-EFI-04" duration="00:00:00.0001523" startTime="2023-12-22T09:35:49.4913197+01:00" endTime="2023-12-22T09:35:49.4913197+01:00" testType="13cdc9d9-ddb5-4fa4-a97d-d965ccfc6d4b" outcome="Passed" testListId="8c84fa94-04c1-424b-9868-57a2d4851a1d" relativeResultsDirectory="95adbf31-0835-41ac-8720-43accf37048b" />
    <UnitTestResult executionId="42d5b317-a7a0-4524-bee8-c8493517e686" testId="1d9e37b6-d9d3-1a0e-a567-21f1127d93e2" testName="TestMakeDirWithWithCorrectSecurity" computerName="DKSR-EFI-04" startTime="2023-12-22T09:37:41.8825454+01:00" endTime="2023-12-22T09:37:41.8825454+01:00" testType="13cdc9d9-ddb5-4fa4-a97d-d965ccfc6d4b" outcome="NotExecuted" testListId="8c84fa94-04c1-424b-9868-57a2d4851a1d" relativeResultsDirectory="42d5b317-a7a0-4524-bee8-c8493517e686">
      <Output></Output>
    </UnitTestResult>
    <UnitTestResult executionId="52bee0bd-af98-4094-a1d0-ce72093367f7" testId="b3fb1e37-e2e5-a2a7-3eb9-4154e4ee124e" testName="TestParseFullTranslate" computerName="DKSR-EFI-04" startTime="2023-12-22T09:35:49.9131972+01:00" endTime="2023-12-22T09:35:49.9131972+01:00" testType="13cdc9d9-ddb5-4fa4-a97d-d965ccfc6d4b" outcome="NotExecuted" testListId="8c84fa94-04c1-424b-9868-57a2d4851a1d" relativeResultsDirectory="52bee0bd-af98-4094-a1d0-ce72093367f7">
      <Output></Output>
    </UnitTestResult>
    <UnitTestResult executionId="56f94af2-2d13-4f22-8e82-c61c4234ebfd" testId="ea065467-0433-ed80-40ec-d47c6bf0c0ec" testName="TestRebootParallel" computerName="DKSR-EFI-04" duration="00:00:00.0436162" startTime="2023-12-22T09:38:18.0447327+01:00" endTime="2023-12-22T09:38:18.0916073+01:00" testType="13cdc9d9-ddb5-4fa4-a97d-d965ccfc6d4b" outcome="Passed" testListId="8c84fa94-04c1-424b-9868-57a2d4851a1d" relativeResultsDirectory="56f94af2-2d13-4f22-8e82-c61c4234ebfd" />
    <UnitTestResult executionId="96a6a21d-0b49-45ac-be87-8c6c61efb37e" testId="33d6df35-743f-3933-86b9-c0c13618fe51" testName="TestTaskCompletedEventSet" computerName="DKSR-EFI-04" duration="00:00:00.0018767" startTime="2023-12-22T09:37:41.8200467+01:00" endTime="2023-12-22T09:37:41.8200467+01:00" testType="13cdc9d9-ddb5-4fa4-a97d-d965ccfc6d4b" outcome="Passed" testListId="8c84fa94-04c1-424b-9868-57a2d4851a1d" relativeResultsDirectory="96a6a21d-0b49-45ac-be87-8c6c61efb37e" />
    <UnitTestResult executionId="e325a08c-06b6-4d62-9c7e-8e07eadbb418" testId="b1d46ea5-c9c3-57f4-a648-9c804c7fe269" testName="TestHostInfoConstructorWithCurrentUser" computerName="DKSR-EFI-04" duration="00:00:00.0011772" startTime="2023-12-22T09:39:01.3342178+01:00" endTime="2023-12-22T09:39:01.3498363+01:00" testType="13cdc9d9-ddb5-4fa4-a97d-d965ccfc6d4b" outcome="Passed" testListId="8c84fa94-04c1-424b-9868-57a2d4851a1d" relativeResultsDirectory="e325a08c-06b6-4d62-9c7e-8e07eadbb418" />
    <UnitTestResult executionId="40d51e3f-e9ae-4783-935c-4b534be3f794" testId="d298a578-cf4a-5724-204a-283c52f4d161" testName="TestRebooterTaskConstructor" computerName="DKSR-EFI-04" duration="00:00:00.0006958" startTime="2023-12-22T09:35:52.9757117+01:00" endTime="2023-12-22T09:35:52.9757117+01:00" testType="13cdc9d9-ddb5-4fa4-a97d-d965ccfc6d4b" outcome="Passed" testListId="8c84fa94-04c1-424b-9868-57a2d4851a1d" relativeResultsDirectory="40d51e3f-e9ae-4783-935c-4b534be3f794" />
    <UnitTestResult executionId="a0c0c60c-97c6-4dd9-874b-fc459deb96ab" testId="98ae4173-2b41-8add-b689-8ccbfe7d047c" testName="TestTaskWarningInDoRun" computerName="DKSR-EFI-04" duration="00:00:00.0012333" startTime="2023-12-22T09:37:41.8200467+01:00" endTime="2023-12-22T09:37:41.8200467+01:00" testType="13cdc9d9-ddb5-4fa4-a97d-d965ccfc6d4b" outcome="Passed" testListId="8c84fa94-04c1-424b-9868-57a2d4851a1d" relativeResultsDirectory="a0c0c60c-97c6-4dd9-874b-fc459deb96ab" />
    <UnitTestResult executionId="fc0a84c8-faa7-4b5f-8cc7-4bc07a38e7c6" testId="b6c9091d-bcc3-5cee-d00b-d898c91721c4" testName="TestPackageUploader" computerName="DKSR-EFI-04" duration="00:00:00.1364964" startTime="2023-12-22T09:35:49.2569447+01:00" endTime="2023-12-22T09:35:49.3975710+01:00" testType="13cdc9d9-ddb5-4fa4-a97d-d965ccfc6d4b" outcome="Passed" testListId="8c84fa94-04c1-424b-9868-57a2d4851a1d" relativeResultsDirectory="fc0a84c8-faa7-4b5f-8cc7-4bc07a38e7c6" />
    <UnitTestResult executionId="7a4bbf0b-5cba-4671-bf27-93c3eff8be2a" testId="9fbd03c1-13ed-30d2-53e4-a629d9907b7f" testName="TestConstructorWithErrorCodeInvalidServiceControl" computerName="DKSR-EFI-04" duration="00:00:00.0004692" startTime="2023-12-22T09:35:48.8506906+01:00" endTime="2023-12-22T09:35:48.8506906+01:00" testType="13cdc9d9-ddb5-4fa4-a97d-d965ccfc6d4b" outcome="Passed" testListId="8c84fa94-04c1-424b-9868-57a2d4851a1d" relativeResultsDirectory="7a4bbf0b-5cba-4671-bf27-93c3eff8be2a" />
    <UnitTestResult executionId="9dc316fb-296a-4ae8-bae2-1719156dd590" testId="ba7f02fd-cb3c-c5bd-bb46-ccacb6d55dfc" testName="TestStartTwiceInDifferentThreads" computerName="DKSR-EFI-04" duration="00:00:00.0577674" startTime="2023-12-22T09:37:41.2575441+01:00" endTime="2023-12-22T09:37:41.3200420+01:00" testType="13cdc9d9-ddb5-4fa4-a97d-d965ccfc6d4b" outcome="Passed" testListId="8c84fa94-04c1-424b-9868-57a2d4851a1d" relativeResultsDirectory="9dc316fb-296a-4ae8-bae2-1719156dd590" />
    <UnitTestResult executionId="fdb5558c-c47d-4b44-b6d8-0a3bd2d062c8" testId="eed0e532-778f-1521-30a1-a0a82462bc7c" testName="TestHost" computerName="DKSR-EFI-04" duration="00:00:00.0018747" startTime="2023-12-22T09:39:01.3498363+01:00" endTime="2023-12-22T09:39:01.3498363+01:00" testType="13cdc9d9-ddb5-4fa4-a97d-d965ccfc6d4b" outcome="Passed" testListId="8c84fa94-04c1-424b-9868-57a2d4851a1d" relativeResultsDirectory="fdb5558c-c47d-4b44-b6d8-0a3bd2d062c8" />
    <UnitTestResult executionId="1cd6b754-adf9-4705-b95b-f053a6d1008d" testId="7a991418-161a-8bc7-48a3-d4da676431a8" testName="TestWaitForAllTasksWithNegativeTimeout" computerName="DKSR-EFI-04" duration="00:00:00.0004404" startTime="2023-12-22T09:37:52.6951073+01:00" endTime="2023-12-22T09:37:52.6951073+01:00" testType="13cdc9d9-ddb5-4fa4-a97d-d965ccfc6d4b" outcome="Passed" testListId="8c84fa94-04c1-424b-9868-57a2d4851a1d" relativeResultsDirectory="1cd6b754-adf9-4705-b95b-f053a6d1008d" />
    <UnitTestResult executionId="07788dae-b50a-4c0a-ad7d-8fe546c47a5a" testId="634c3d39-dd7c-75cb-c220-3f7b2938c830" testName="IsTrusted_ShouldNotThrow_WhenPackageIsSigned" computerName="DKSR-EFI-04" startTime="2023-12-22T09:39:01.3498363+01:00" endTime="2023-12-22T09:39:01.3498363+01:00" testType="13cdc9d9-ddb5-4fa4-a97d-d965ccfc6d4b" outcome="NotExecuted" testListId="8c84fa94-04c1-424b-9868-57a2d4851a1d" relativeResultsDirectory="07788dae-b50a-4c0a-ad7d-8fe546c47a5a">
      <Output></Output>
    </UnitTestResult>
    <UnitTestResult executionId="a3735852-321f-4425-a23e-19452d23af1f" testId="d40e99cb-258c-705b-832c-694aa024eb9b" testName="TestConstructor" computerName="DKSR-EFI-04" duration="00:00:00.0008797" startTime="2023-12-22T09:35:50.3975887+01:00" endTime="2023-12-22T09:35:50.3975887+01:00" testType="13cdc9d9-ddb5-4fa4-a97d-d965ccfc6d4b" outcome="Passed" testListId="8c84fa94-04c1-424b-9868-57a2d4851a1d" relativeResultsDirectory="a3735852-321f-4425-a23e-19452d23af1f" />
    <UnitTestResult executionId="1e68fa3e-b180-4f7a-9ef8-46dff37f87a7" testId="67c4869c-15f5-900e-172f-81dfbb8d8f9d" testName="TestWaitForAllTasksWithNoTimeout" computerName="DKSR-EFI-04" duration="00:00:06.1402561" startTime="2023-12-22T09:38:45.8497543+01:00" endTime="2023-12-22T09:38:51.9904058+01:00" testType="13cdc9d9-ddb5-4fa4-a97d-d965ccfc6d4b" outcome="Passed" testListId="8c84fa94-04c1-424b-9868-57a2d4851a1d" relativeResultsDirectory="1e68fa3e-b180-4f7a-9ef8-46dff37f87a7" />
    <UnitTestResult executionId="fd567fe8-9f7c-4d0d-951a-04e36c8c28dd" testId="a0116380-da24-5eef-9985-8a188dfc4704" testName="Test_With_LicenseTypeAndParameters_When_CreateXmlStreamInV1_Then_CorrectXMLStreamIsCreated" computerName="DKSR-EFI-04" duration="00:00:00.0017388" startTime="2023-12-22T09:39:01.3498363+01:00" endTime="2023-12-22T09:39:01.3498363+01:00" testType="13cdc9d9-ddb5-4fa4-a97d-d965ccfc6d4b" outcome="Passed" testListId="8c84fa94-04c1-424b-9868-57a2d4851a1d" relativeResultsDirectory="fd567fe8-9f7c-4d0d-951a-04e36c8c28dd" />
    <UnitTestResult executionId="dec5ea2a-40b0-4658-82de-b74b456777a2" testId="61bc1cb9-fa1c-14ae-4514-4fe458a0c1ea" testName="TestConstructor" computerName="DKSR-EFI-04" duration="00:00:00.0004848" startTime="2023-12-22T09:39:01.3185978+01:00" endTime="2023-12-22T09:39:01.3185978+01:00" testType="13cdc9d9-ddb5-4fa4-a97d-d965ccfc6d4b" outcome="Passed" testListId="8c84fa94-04c1-424b-9868-57a2d4851a1d" relativeResultsDirectory="dec5ea2a-40b0-4658-82de-b74b456777a2" />
    <UnitTestResult executionId="8fe3ace7-b80e-4e13-a4c5-20eddb4bf778" testId="134ae08d-1d0a-1973-58ab-5b1798125f37" testName="ExistingExePackage_ShouldBeOverwritten" computerName="DKSR-EFI-04" startTime="2023-12-22T09:35:50.6007155+01:00" endTime="2023-12-22T09:35:50.6007155+01:00" testType="13cdc9d9-ddb5-4fa4-a97d-d965ccfc6d4b" outcome="NotExecuted" testListId="8c84fa94-04c1-424b-9868-57a2d4851a1d" relativeResultsDirectory="8fe3ace7-b80e-4e13-a4c5-20eddb4bf778">
      <Output></Output>
    </UnitTestResult>
    <UnitTestResult executionId="4719e646-bb46-4af3-b2d5-20f765130d73" testId="12aa105f-10e1-59b7-7310-0c550e8398f0" testName="TestGetTest" computerName="DKSR-EFI-04" duration="00:00:00.0008473" startTime="2023-12-22T09:39:01.3342178+01:00" endTime="2023-12-22T09:39:01.3342178+01:00" testType="13cdc9d9-ddb5-4fa4-a97d-d965ccfc6d4b" outcome="Passed" testListId="8c84fa94-04c1-424b-9868-57a2d4851a1d" relativeResultsDirectory="4719e646-bb46-4af3-b2d5-20f765130d73" />
    <UnitTestResult executionId="c2ed2c0c-1887-4871-b1ec-c7506904dad9" testId="5f16e599-0edf-c76a-748c-623462ea92a5" testName="TestGetOSVersion" computerName="DKSR-EFI-04" duration="00:00:00.0005776" startTime="2023-12-22T09:39:01.3342178+01:00" endTime="2023-12-22T09:39:01.3342178+01:00" testType="13cdc9d9-ddb5-4fa4-a97d-d965ccfc6d4b" outcome="Passed" testListId="8c84fa94-04c1-424b-9868-57a2d4851a1d" relativeResultsDirectory="c2ed2c0c-1887-4871-b1ec-c7506904dad9" />
    <UnitTestResult executionId="3c9488c0-4a59-4070-960a-cd8ec06aea55" testId="ecfc6ba1-5f0a-aa01-e635-13a76143e3af" testName="NonExistingFile_ShouldNotBeImported" computerName="DKSR-EFI-04" duration="00:00:00.0033152" startTime="2023-12-22T09:35:50.6007155+01:00" endTime="2023-12-22T09:35:50.6007155+01:00" testType="13cdc9d9-ddb5-4fa4-a97d-d965ccfc6d4b" outcome="Passed" testListId="8c84fa94-04c1-424b-9868-57a2d4851a1d" relativeResultsDirectory="3c9488c0-4a59-4070-960a-cd8ec06aea55" />
    <UnitTestResult executionId="17d19a2e-94c4-4c01-9c2d-79c1b1212f7c" testId="c9377d28-ab28-8cea-c0b0-302ce1bcb067" testName="TestIsTasksRunningWithInvalidID" computerName="DKSR-EFI-04" duration="00:00:00.0015133" startTime="2023-12-22T09:38:58.2404449+01:00" endTime="2023-12-22T09:38:58.2404449+01:00" testType="13cdc9d9-ddb5-4fa4-a97d-d965ccfc6d4b" outcome="Passed" testListId="8c84fa94-04c1-424b-9868-57a2d4851a1d" relativeResultsDirectory="17d19a2e-94c4-4c01-9c2d-79c1b1212f7c" />
    <UnitTestResult executionId="5f8dd481-c152-4a58-aad2-d950237ac53f" testId="3be573fd-8249-d766-9daa-dbf90a35485d" testName="TestIsTasksRunningWithInvalidID" computerName="DKSR-EFI-04" duration="00:00:00.0023293" startTime="2023-12-22T09:37:52.4294805+01:00" endTime="2023-12-22T09:37:52.4294805+01:00" testType="13cdc9d9-ddb5-4fa4-a97d-d965ccfc6d4b" outcome="Passed" testListId="8c84fa94-04c1-424b-9868-57a2d4851a1d" relativeResultsDirectory="5f8dd481-c152-4a58-aad2-d950237ac53f" />
    <UnitTestResult executionId="d0862534-df0b-49d4-b7a7-38ec45606039" testId="476ef389-cb99-4565-a578-a52bf7decd04" testName="IsTrusted_ShouldThrow_WhenPackageNotSigned" computerName="DKSR-EFI-04" startTime="2023-12-22T09:39:01.3498363+01:00" endTime="2023-12-22T09:39:01.3498363+01:00" testType="13cdc9d9-ddb5-4fa4-a97d-d965ccfc6d4b" outcome="NotExecuted" testListId="8c84fa94-04c1-424b-9868-57a2d4851a1d" relativeResultsDirectory="d0862534-df0b-49d4-b7a7-38ec45606039">
      <Output></Output>
    </UnitTestResult>
    <UnitTestResult executionId="a1044d59-18f4-4e10-8139-bba745b8aa23" testId="e2fb3b49-d247-3780-d8ba-70eea61fc9c3" testName="ZipPackageInvalidPackageXml_ShouldNotBeImported" computerName="DKSR-EFI-04" duration="00:00:00.0041959" startTime="2023-12-22T09:35:50.5850744+01:00" endTime="2023-12-22T09:35:50.5850744+01:00" testType="13cdc9d9-ddb5-4fa4-a97d-d965ccfc6d4b" outcome="Passed" testListId="8c84fa94-04c1-424b-9868-57a2d4851a1d" relativeResultsDirectory="a1044d59-18f4-4e10-8139-bba745b8aa23" />
    <UnitTestResult executionId="30f5ed7d-12ea-4a2a-9b22-12ce7f10e5c7" testId="b132170f-9730-0961-71b5-52e8ff86f635" testName="TestCopyFileWithPauseAndStop" computerName="DKSR-EFI-04" duration="00:00:00.1533127" startTime="2023-12-22T09:35:50.6319498+01:00" endTime="2023-12-22T09:35:50.7882210+01:00" testType="13cdc9d9-ddb5-4fa4-a97d-d965ccfc6d4b" outcome="Passed" testListId="8c84fa94-04c1-424b-9868-57a2d4851a1d" relativeResultsDirectory="30f5ed7d-12ea-4a2a-9b22-12ce7f10e5c7" />
    <UnitTestResult executionId="b3e41c97-bb3d-4bfc-b8de-104730ed2f01" testId="e4acf489-b013-782f-a6fa-a1ae4b61107d" testName="TestStopRepositoryTasksWithInvalidRepository" computerName="DKSR-EFI-04" duration="00:00:00.0038056" startTime="2023-12-22T09:38:39.7090966+01:00" endTime="2023-12-22T09:38:39.7090966+01:00" testType="13cdc9d9-ddb5-4fa4-a97d-d965ccfc6d4b" outcome="Passed" testListId="8c84fa94-04c1-424b-9868-57a2d4851a1d" relativeResultsDirectory="b3e41c97-bb3d-4bfc-b8de-104730ed2f01" />
    <UnitTestResult executionId="5985cd28-7323-4355-b56c-a8300ed259d2" testId="d2f0f18f-d511-3fd1-b6ef-762c17fc2632" testName="TestConstructorWithUserNamePasswordDomain" computerName="DKSR-EFI-04" duration="00:00:00.0001944" startTime="2023-12-22T09:39:01.3029675+01:00" endTime="2023-12-22T09:39:01.3029675+01:00" testType="13cdc9d9-ddb5-4fa4-a97d-d965ccfc6d4b" outcome="Passed" testListId="8c84fa94-04c1-424b-9868-57a2d4851a1d" relativeResultsDirectory="5985cd28-7323-4355-b56c-a8300ed259d2" />
    <UnitTestResult executionId="59c83fc5-cb22-4d6d-8a56-427ad9890ce2" testId="c9e1a6db-907d-9c8d-8ab2-22df33deb8b7" testName="TestPingSequential" computerName="DKSR-EFI-04" duration="00:00:03.0366751" startTime="2023-12-22T09:38:15.0077338+01:00" endTime="2023-12-22T09:38:18.0447327+01:00" testType="13cdc9d9-ddb5-4fa4-a97d-d965ccfc6d4b" outcome="Passed" testListId="8c84fa94-04c1-424b-9868-57a2d4851a1d" relativeResultsDirectory="59c83fc5-cb22-4d6d-8a56-427ad9890ce2" />
    <UnitTestResult executionId="87eb1b9c-4f9d-4621-9b1a-7220ac77c68a" testId="7b0075a6-a37e-989f-ba7f-1766dadf06a6" testName="TestConstructorWithUserNamePassword" computerName="DKSR-EFI-04" duration="00:00:00.0005230" startTime="2023-12-22T09:39:01.3029675+01:00" endTime="2023-12-22T09:39:01.3029675+01:00" testType="13cdc9d9-ddb5-4fa4-a97d-d965ccfc6d4b" outcome="Passed" testListId="8c84fa94-04c1-424b-9868-57a2d4851a1d" relativeResultsDirectory="87eb1b9c-4f9d-4621-9b1a-7220ac77c68a" />
    <UnitTestResult executionId="feb1af4d-933d-44c8-aab7-e424ddd47bdf" testId="62428f30-52d9-df43-0156-e8935a65e173" testName="TestTestHostsWithInvalidHosts" computerName="DKSR-EFI-04" duration="00:00:00.0110833" startTime="2023-12-22T09:37:52.1951047+01:00" endTime="2023-12-22T09:37:52.1951047+01:00" testType="13cdc9d9-ddb5-4fa4-a97d-d965ccfc6d4b" outcome="Passed" testListId="8c84fa94-04c1-424b-9868-57a2d4851a1d" relativeResultsDirectory="feb1af4d-933d-44c8-aab7-e424ddd47bdf" />
    <UnitTestResult executionId="f85c1eec-7313-47a4-afbc-000cafd708f4" testId="86d70c67-12ee-2c7b-bcbf-95fc43850d05" testName="TestStartTwiceInSameThread" computerName="DKSR-EFI-04" duration="00:00:00.0013500" startTime="2023-12-22T09:37:41.2575441+01:00" endTime="2023-12-22T09:37:41.2575441+01:00" testType="13cdc9d9-ddb5-4fa4-a97d-d965ccfc6d4b" outcome="Passed" testListId="8c84fa94-04c1-424b-9868-57a2d4851a1d" relativeResultsDirectory="f85c1eec-7313-47a4-afbc-000cafd708f4" />
    <UnitTestResult executionId="923877b8-fa22-4448-8194-210ac19f2cd2" testId="d4e569f1-10c6-3311-ff80-77655b87aa0b" testName="TestWaitForAllTasksWithTimeout" computerName="DKSR-EFI-04" duration="00:00:00.2482479" startTime="2023-12-22T09:37:52.6951073+01:00" endTime="2023-12-22T09:37:52.9451111+01:00" testType="13cdc9d9-ddb5-4fa4-a97d-d965ccfc6d4b" outcome="Passed" testListId="8c84fa94-04c1-424b-9868-57a2d4851a1d" relativeResultsDirectory="923877b8-fa22-4448-8194-210ac19f2cd2" />
    <UnitTestResult executionId="6c0a069d-ee25-43b1-a51b-51f8c4e7cc27" testId="d13aa229-8e39-18d5-187c-99e8a2b31cd1" testName="TestClearTasksWhileRunning" computerName="DKSR-EFI-04" duration="00:00:00.1245852" startTime="2023-12-22T09:37:33.0700387+01:00" endTime="2023-12-22T09:37:33.1950087+01:00" testType="13cdc9d9-ddb5-4fa4-a97d-d965ccfc6d4b" outcome="Passed" testListId="8c84fa94-04c1-424b-9868-57a2d4851a1d" relativeResultsDirectory="6c0a069d-ee25-43b1-a51b-51f8c4e7cc27" />
    <UnitTestResult executionId="deb501b2-75fa-4f93-95c1-836c14041768" testId="f8d56533-4831-9e9d-1d46-8aa065d52bd7" testName="TestGetLocalPackagesSequential" computerName="DKSR-EFI-04" duration="00:00:03.0309722" startTime="2023-12-22T09:38:02.7107940+01:00" endTime="2023-12-22T09:38:05.7420588+01:00" testType="13cdc9d9-ddb5-4fa4-a97d-d965ccfc6d4b" outcome="Passed" testListId="8c84fa94-04c1-424b-9868-57a2d4851a1d" relativeResultsDirectory="deb501b2-75fa-4f93-95c1-836c14041768" />
    <UnitTestResult executionId="6167845a-4589-4fd1-a879-9fdabb3e19a2" testId="48e43d53-7c28-80cb-4d94-a851e7def8d6" testName="TestStart" computerName="DKSR-EFI-04" duration="00:00:00.0015456" startTime="2023-12-22T09:37:41.2575441+01:00" endTime="2023-12-22T09:37:41.2575441+01:00" testType="13cdc9d9-ddb5-4fa4-a97d-d965ccfc6d4b" outcome="Passed" testListId="8c84fa94-04c1-424b-9868-57a2d4851a1d" relativeResultsDirectory="6167845a-4589-4fd1-a879-9fdabb3e19a2" />
    <UnitTestResult executionId="6debc597-0967-4a96-b859-b0012b0f5eed" testId="8062c4ed-4139-90d1-1d4d-27bbbb4874ab" testName="TestStopHostTask" computerName="DKSR-EFI-04" duration="00:00:00.0908383" startTime="2023-12-22T09:37:52.2419818+01:00" endTime="2023-12-22T09:37:52.3357330+01:00" testType="13cdc9d9-ddb5-4fa4-a97d-d965ccfc6d4b" outcome="Passed" testListId="8c84fa94-04c1-424b-9868-57a2d4851a1d" relativeResultsDirectory="6debc597-0967-4a96-b859-b0012b0f5eed" />
    <UnitTestResult executionId="a83ed288-414b-46f4-bda1-7a3be4d271a7" testId="8b04072f-eeb4-1721-94fb-a629d1232d5b" testName="TestGetConnectionOptionsWithCurrentUserNotLocal" computerName="DKSR-EFI-04" duration="00:00:00.0004130" startTime="2023-12-22T09:35:48.8975656+01:00" endTime="2023-12-22T09:35:48.8975656+01:00" testType="13cdc9d9-ddb5-4fa4-a97d-d965ccfc6d4b" outcome="Passed" testListId="8c84fa94-04c1-424b-9868-57a2d4851a1d" relativeResultsDirectory="a83ed288-414b-46f4-bda1-7a3be4d271a7" />
    <UnitTestResult executionId="a4818042-5f59-43ca-b23f-8c15d06ac124" testId="76f8f701-1bdc-9124-6fea-7ef1a2823716" testName="TestStopHostTaskOneLevel" computerName="DKSR-EFI-04" duration="00:00:03.0976339" startTime="2023-12-22T09:38:21.1228739+01:00" endTime="2023-12-22T09:38:24.2246339+01:00" testType="13cdc9d9-ddb5-4fa4-a97d-d965ccfc6d4b" outcome="Passed" testListId="8c84fa94-04c1-424b-9868-57a2d4851a1d" relativeResultsDirectory="a4818042-5f59-43ca-b23f-8c15d06ac124" />
    <UnitTestResult executionId="e7242ff9-3b93-4254-bac8-cfbf2f9e4bbc" testId="9a36ccfd-d63a-659a-1e69-f453dafefad6" testName="ExistingExePackageWithReadOnlyAttribute_ShouldBeOverwritten" computerName="DKSR-EFI-04" startTime="2023-12-22T09:35:50.6007155+01:00" endTime="2023-12-22T09:35:50.6007155+01:00" testType="13cdc9d9-ddb5-4fa4-a97d-d965ccfc6d4b" outcome="NotExecuted" testListId="8c84fa94-04c1-424b-9868-57a2d4851a1d" relativeResultsDirectory="e7242ff9-3b93-4254-bac8-cfbf2f9e4bbc">
      <Output></Output>
    </UnitTestResult>
    <UnitTestResult executionId="634cd2e8-f976-44a3-b6fe-13cbf167d290" testId="cbf74680-c91c-0984-eb66-6d8ceb9c17ab" testName="TestGetActionTasks" computerName="DKSR-EFI-04" duration="00:00:00.0099764" startTime="2023-12-22T09:39:01.3029675+01:00" endTime="2023-12-22T09:39:01.3029675+01:00" testType="13cdc9d9-ddb5-4fa4-a97d-d965ccfc6d4b" outcome="Passed" testListId="8c84fa94-04c1-424b-9868-57a2d4851a1d" relativeResultsDirectory="634cd2e8-f976-44a3-b6fe-13cbf167d290" />
    <UnitTestResult executionId="ecbc298e-bae3-4a8e-ad5c-3e96f11a4e46" testId="b79a5e07-1e7c-c356-7199-6e39153fecb6" testName="TestConstructor" computerName="DKSR-EFI-04" duration="00:00:00.0025056" startTime="2023-12-22T09:35:50.2725741+01:00" endTime="2023-12-22T09:35:50.2725741+01:00" testType="13cdc9d9-ddb5-4fa4-a97d-d965ccfc6d4b" outcome="Passed" testListId="8c84fa94-04c1-424b-9868-57a2d4851a1d" relativeResultsDirectory="ecbc298e-bae3-4a8e-ad5c-3e96f11a4e46" />
    <UnitTestResult executionId="141ab468-4c5d-425d-a0b3-77873e7b5bf1" testId="edacc32d-c9b7-f113-5afb-92f8e4eacc6b" testName="TestConstructor" computerName="DKSR-EFI-04" duration="00:00:00.0244403" startTime="2023-12-22T09:35:52.9913379+01:00" endTime="2023-12-22T09:35:53.0069621+01:00" testType="13cdc9d9-ddb5-4fa4-a97d-d965ccfc6d4b" outcome="Passed" testListId="8c84fa94-04c1-424b-9868-57a2d4851a1d" relativeResultsDirectory="141ab468-4c5d-425d-a0b3-77873e7b5bf1" />
    <UnitTestResult executionId="dc76c9f5-0650-4ceb-9078-b293a840304c" testId="910d9e71-a6d1-f7ea-624f-20cad78d3822" testName="TestValids" computerName="DKSR-EFI-04" duration="00:01:33.4184128" startTime="2023-12-22T09:35:53.0538382+01:00" endTime="2023-12-22T09:37:26.4762148+01:00" testType="13cdc9d9-ddb5-4fa4-a97d-d965ccfc6d4b" outcome="Passed" testListId="8c84fa94-04c1-424b-9868-57a2d4851a1d" relativeResultsDirectory="dc76c9f5-0650-4ceb-9078-b293a840304c">
      <Output>
        <StdOut>Debug Trace:&#xD;
Visual Studio Enterprise 2022 ***** 17.8.2&#xD;
Visual Studio Enterprise 2019 ***** 16.11.32&#xD;
Microsoft Edge Update ***** 1.3.181.5&#xD;
Microsoft Edge WebView2 Runtime ***** 120.0.2210.91&#xD;
WinRT Intellisense UAP - Other Languages ***** 10.1.17763.132&#xD;
WinRT Intellisense Desktop - en-us ***** 10.1.17763.132&#xD;
Visual C++ Library CRT Appx Package ***** 14.38.33130&#xD;
Universal CRT Redistributable ***** 10.0.26624&#xD;
Microsoft Visual C++ 2013 Redistributable (x64) - 12.0.30501 ***** 12.0.30501.0&#xD;
Visual C++ Library CRT Desktop Appx Package ***** 14.38.33130&#xD;
Windows IoT Extension SDK Contracts ***** 10.1.22621.2428&#xD;
Windows SDK Desktop Tools arm64 ***** 10.1.19041.685&#xD;
Microsoft .NET Targeting Pack - 8.0.0 (x86) ***** 64.0.4211&#xD;
Windows IoT Extension SDK ***** 10.1.19041.685&#xD;
WinRT Intellisense UAP - en-us ***** 10.1.22621.2428&#xD;
WinRT Intellisense UAP - en-us ***** 10.1.19041.685&#xD;
Windows Simulator - ENU ***** 16.0.28522&#xD;
Windows SDK for Windows Store Apps DirectX x86 Remote ***** 10.1.19041.685&#xD;
Windows Mobile Extension SDK Contracts ***** 10.1.22621.2428&#xD;
icecap_collection_neutral ***** 16.10.31306&#xD;
Windows IoT Extension SDK ***** 10.1.17763.132&#xD;
Microsoft .NET CoreRuntime SDK ***** 1.1.27004.0&#xD;
Microsoft Visual C++ 2013 x86 Minimum Runtime - 12.0.21005 ***** 12.0.21005&#xD;
WinRT Intellisense PPI - en-us ***** 10.1.19041.685&#xD;
Windows SDK Desktop Libs x64 ***** 10.1.19041.685&#xD;
Microsoft .NET Framework 4.7.2 Targeting Pack ***** 4.7.03062&#xD;
vs_CoreEditorFonts ***** 17.7.40001&#xD;
Microsoft .NET Framework Cumulative Intellisense Pack for Visual Studio (ENU) ***** 4.8.09037&#xD;
Windows SDK Desktop Tools x86 ***** 10.1.19041.685&#xD;
Visual C++ Library CRT Desktop Appx Package ***** 14.38.33130&#xD;
Microsoft Visual C++ 2015-2022 Redistributable (x64) - 14.38.33130 ***** 14.38.33130.0&#xD;
Windows SDK for Windows Store Apps Libs ***** 10.1.19041.685&#xD;
Universal CRT Redistributable ***** 10.1.22621.2428&#xD;
WinRT Intellisense IoT - Other Languages ***** 10.1.19041.685&#xD;
ClickOnce Bootstrapper Package for Microsoft .NET Framework ***** 4.8.09037&#xD;
Visual C++ Library CRT Desktop Appx Package ***** 14.38.33130&#xD;
Microsoft Windows Communication Foundation Diagnostic Pack for x86 ***** 17.8.34205&#xD;
Windows SDK ***** 10.1.22621.2428&#xD;
Windows Mobile Extension SDK ***** 10.1.22621.2428&#xD;
Kits Configuration Installer ***** 10.1.17763.132&#xD;
Windows SDK for Windows Store Apps Contracts ***** 10.1.19041.685&#xD;
Windows SDK Desktop Libs arm ***** 10.1.19041.685&#xD;
WinAppDeploy ***** 10.1.19041.685&#xD;
Microsoft Windows Desktop Runtime - 7.0.14 (x86) ***** 56.56.4039&#xD;
Windows SDK for Windows Store Apps Metadata ***** 10.1.19041.685&#xD;
Microsoft Visual C++ 2015-2022 Redistributable (x86) - 14.38.33130 ***** 14.38.33130.0&#xD;
Windows SDK Facade Windows WinMD Versioned ***** 10.1.19041.685&#xD;
Microsoft .NET Runtime - 7.0.14 (x86) ***** 56.56.4026&#xD;
Windows SDK EULA ***** 10.1.17763.132&#xD;
Microsoft ASP.NET Core 7.0.14 Targeting Pack (x86) ***** 7.0.14.23523&#xD;
Windows SDK Desktop Libs arm64 ***** 10.1.22621.2428&#xD;
Windows SDK Desktop Libs arm ***** 10.1.17763.132&#xD;
Windows SDK for Windows Store Apps DirectX x86 Remote ***** 10.1.22621.2428&#xD;
WinRT Intellisense IoT - en-us ***** 10.1.22621.2428&#xD;
WinRT Intellisense IoT - en-us ***** 10.1.19041.685&#xD;
Microsoft .NET Framework 4.7 SDK ***** 4.7.02053&#xD;
Windows SDK Desktop Headers x64 ***** 10.1.22621.2428&#xD;
Windows SDK for Windows Store Apps Contracts ***** 10.1.17763.132&#xD;
icecap_collectionresourcesx64 ***** 16.10.31306&#xD;
vs_minshellmsires ***** 17.8.34205&#xD;
Microsoft ASP.NET Core 7.0.14 Shared Framework (x86) ***** 7.0.14.23523&#xD;
vs_communitymsires ***** 17.8.34205&#xD;
Microsoft Windows Desktop Targeting Pack - 6.0.25 (x86) ***** 48.100.4037&#xD;
Microsoft Visual C++ 2022 X86 Debug Runtime - 14.38.33130 ***** 14.38.33130&#xD;
Windows SDK Desktop Headers x86 ***** 10.1.19041.685&#xD;
Windows SDK Desktop Libs x86 ***** 10.1.22621.2428&#xD;
Entity Framework 6.2.0 Tools  for Visual Studio 2022 ***** 6.2.0.0&#xD;
Windows App Certification Kit x64 ***** 10.1.22621.2428&#xD;
vs_tipsmsi ***** 17.8.34129&#xD;
Windows SDK Desktop Headers arm64 ***** 10.1.17763.132&#xD;
WinRT Intellisense Mobile - en-us ***** 10.1.19041.685&#xD;
Windows Software Development Kit - Windows 10.0.19041.685 ***** 10.1.19041.685&#xD;
WinRT Intellisense PPI - Other Languages ***** 10.1.22621.2428&#xD;
Visual C++ Library CRT ARM64 Appx Package ***** 14.38.33130&#xD;
Microsoft .NET CoreRuntime For CoreCon ***** 1.0.0.0&#xD;
Windows SDK Desktop Headers x64 ***** 10.1.17763.132&#xD;
vs_clickoncebootstrappermsi ***** 17.8.34205&#xD;
Windows IoT Extension SDK Contracts ***** 10.1.19041.685&#xD;
Microsoft ASP.NET Web Tools Packages 16.0 - ENU ***** 1.0.21125.0&#xD;
Microsoft HTML Help Workshop Package ***** 4.74.8702&#xD;
Universal General MIDI DLS Extension SDK ***** 10.1.22621.2428&#xD;
Windows SDK for Windows Store Apps Tools ***** 10.1.19041.685&#xD;
vs_githubprotocolhandlermsi ***** 17.8.34129&#xD;
Windows SDK Desktop Headers arm ***** 10.1.19041.685&#xD;
vcpp_crt.redist.clickonce ***** 14.38.33130&#xD;
Universal CRT Extension SDK ***** 10.1.19041.685&#xD;
Windows SDK Desktop Headers x86 ***** 10.1.22621.2428&#xD;
MSI Development Tools ***** 10.1.22621.2428&#xD;
Windows SDK Desktop Libs arm64 ***** 10.1.17763.132&#xD;
Microsoft Windows Desktop Runtime - 8.0.0 (x86) ***** 64.0.5329&#xD;
WinRT Intellisense IoT - Other Languages ***** 10.1.22621.2428&#xD;
Windows SDK Desktop Headers arm ***** 10.1.22621.2428&#xD;
vs_codecoveragemsi ***** 17.8.34129&#xD;
Microsoft .NET Framework 4.7.1 Targeting Pack ***** 4.7.02558&#xD;
Microsoft .NET Framework 4.5 Multi-Targeting Pack ***** 4.5.50710&#xD;
Windows Team Extension SDK Contracts ***** 10.1.22621.2428&#xD;
Windows SDK Signing Tools ***** 10.1.17763.132&#xD;
vs_cuitcommoncoremsi17 ***** 17.8.34205&#xD;
Windows SDK Desktop Headers arm64 ***** 10.1.22621.2428&#xD;
Windows SDK AddOn ***** 10.1.0.0&#xD;
vs_communitymsi ***** 16.11.31911&#xD;
Microsoft Visual C++ 2022 X86 Additional Runtime - 14.38.33130 ***** 14.38.33130&#xD;
Windows SDK Signing Tools ***** 10.1.22621.2428&#xD;
WinAppDeploy ***** 10.1.22621.2428&#xD;
Universal CRT Redistributable ***** 10.1.17763.132&#xD;
Windows Team Extension SDK Contracts ***** 10.1.19041.685&#xD;
Windows Software Development Kit - Windows 10.0.17763.132 ***** 10.1.17763.132&#xD;
icecap_collectionresources ***** 17.8.34205&#xD;
vs_cuitextensionmsi17_x64 ***** 17.8.34129&#xD;
Windows SDK Desktop Libs x64 ***** 10.1.22621.2428&#xD;
windows_toolscorepkg ***** 17.8.34205&#xD;
Universal CRT Headers Libraries and Sources ***** 10.1.19041.685&#xD;
Windows Phone SDK 8.0 Assemblies for Visual Studio 2019 ***** 16.0.31404&#xD;
MSI Development Tools ***** 10.1.17763.132&#xD;
icecap_collectionresourcesx64 ***** 17.8.34205&#xD;
TypeScript SDK ***** 4.3.5.0&#xD;
Microsoft .NET Runtime - 6.0.25 (x86) ***** 48.100.4028&#xD;
Windows SDK for Windows Store Apps Headers ***** 10.1.22621.2428&#xD;
vs_cuitextensionmsi16 ***** 16.11.32802&#xD;
WinRT Intellisense Mobile - en-us ***** 10.1.22621.2428&#xD;
Windows Mobile Extension SDK Contracts ***** 10.1.17763.132&#xD;
Universal CRT Headers Libraries and Sources ***** 10.1.22621.2428&#xD;
WinAppDeploy ***** 10.1.17763.132&#xD;
Windows Mobile Extension SDK ***** 10.1.19041.685&#xD;
Microsoft System CLR Types for SQL Server 2019 CTP2.2 ***** 15.0.1200.24&#xD;
vs_clickoncesigntoolmsi ***** 17.8.34129&#xD;
Windows SDK ARM Desktop Tools ***** 10.1.22621.2428&#xD;
Microsoft NetStandard SDK ***** 15.0.51105&#xD;
WinRT Intellisense Desktop - en-us ***** 10.1.22621.2428&#xD;
Windows SDK EULA ***** 10.1.22621.2428&#xD;
Microsoft Windows Desktop Targeting Pack - 7.0.14 (x86) ***** 56.56.4039&#xD;
Windows SDK for Windows Store Apps Libs ***** 10.1.22621.2428&#xD;
Windows Software Development Kit - Windows 10.0.22621.2428 ***** 10.1.22621.2428&#xD;
WinRT Intellisense PPI - Other Languages ***** 10.1.17763.132&#xD;
Microsoft ASP.NET Core 8.0.0 Targeting Pack (x86) ***** 8.0.0.23531&#xD;
Windows SDK for Windows Store Apps Headers ***** 10.1.17763.132&#xD;
WinRT Intellisense Desktop - Other Languages ***** 10.1.22621.2428&#xD;
Windows Mobile Extension SDK Contracts ***** 10.1.19041.685&#xD;
MSI Development Tools ***** 10.1.19041.685&#xD;
Windows SDK Modern Versioned Developer Tools ***** 10.1.22621.2428&#xD;
Universal CRT Extension SDK ***** 10.1.17763.132&#xD;
Microsoft ASP.NET Diagnostic Pack for Visual Studio ***** 17.8.358.6298&#xD;
Windows SDK Desktop Libs x86 ***** 10.1.19041.685&#xD;
WinRT Intellisense IoT - en-us ***** 10.1.17763.132&#xD;
Microsoft .NET Framework 4.8.1 SDK ***** 4.8.09037&#xD;
Microsoft .NET Framework 4.7 Targeting Pack (ENU) ***** 4.7.02053&#xD;
Windows SDK Desktop Tools x64 ***** 10.1.17763.132&#xD;
WinRT Intellisense PPI - en-us ***** 10.1.17763.132&#xD;
Microsoft TestPlatform SDK Local Feed ***** 17.0.0.5175695&#xD;
vs_cuitextensionmsi17 ***** 17.8.34205&#xD;
vs_FileTracker_Singleton ***** 17.8.34205&#xD;
vs_minshellmsi ***** 16.11.33130&#xD;
WinRT Intellisense UAP - Other Languages ***** 10.1.19041.685&#xD;
vs_minshellinteropmsi ***** 16.10.31306&#xD;
Windows SDK for Windows Store Apps Contracts ***** 10.1.22621.2428&#xD;
vs_clickoncebootstrappermsires ***** 17.8.34129&#xD;
Microsoft .NET Framework 4.6.1 Targeting Pack ***** 4.6.01055&#xD;
Microsoft .NET Framework 4.8.1 Targeting Pack ***** 4.8.09037&#xD;
Windows SDK for Windows Store Apps Headers ***** 10.1.19041.685&#xD;
Microsoft .NET Framework 4.7.1 Doc Redirected Targeting Pack (ENU) ***** 4.7.02558&#xD;
windows_toolscorepkg ***** 16.11.32406&#xD;
Universal CRT Tools x86 ***** 10.1.22621.2428&#xD;
Visual C++ Library CRT Appx Resource Package ***** 14.38.33130&#xD;
Windows SDK for Windows Store Apps Tools ***** 10.1.22621.2428&#xD;
Windows SDK DirectX x86 Remote ***** 10.1.22621.2428&#xD;
Microsoft Windows Desktop Targeting Pack - 8.0.0 (x86) ***** 64.0.5329&#xD;
Windows SDK for Windows Store Apps DirectX x86 Remote ***** 10.1.17763.132&#xD;
Windows SDK ARM Desktop Tools ***** 10.1.19041.685&#xD;
Windows Desktop Extension SDK Contracts ***** 10.1.17763.132&#xD;
Windows SDK for Windows Store Apps ***** 10.1.22621.2428&#xD;
Microsoft .NET Framework 4.8 SDK ***** 4.8.03928&#xD;
Windows SDK Desktop Libs arm64 ***** 10.1.19041.685&#xD;
vs_communitysharedmsi ***** 17.8.34205&#xD;
Microsoft ASP.NET Core 8.0.0 Shared Framework (x86) ***** 8.0.0.23531&#xD;
Windows SDK for Windows Store Managed Apps Libs ***** 10.1.17763.132&#xD;
SDK ARM Additions ***** 10.1.22621.2428&#xD;
Windows SDK Desktop Libs arm ***** 10.1.22621.2428&#xD;
Windows SDK Desktop Tools arm64 ***** 10.1.17763.132&#xD;
icecap_collection_neutral ***** 17.8.34205&#xD;
Microsoft Visual Studio Setup WMI Provider ***** 3.8.2091.34612&#xD;
Windows SDK for Windows Store Managed Apps Libs ***** 10.1.22621.2428&#xD;
Visual C++ Library CRT Appx Package ***** 14.38.33130&#xD;
Windows SDK for Windows Store Apps Metadata ***** 10.1.17763.132&#xD;
Microsoft .NET Framework 4.6.2 Targeting Pack ***** 4.6.01590&#xD;
WinRT Intellisense PPI - en-us ***** 10.1.22621.2428&#xD;
Microsoft .NET Framework 4.8.1 Targeting Pack (ENU) ***** 4.8.09037&#xD;
Windows Desktop Extension SDK Contracts ***** 10.1.19041.685&#xD;
Microsoft .NET Targeting Pack - 7.0.14 (x86) ***** 56.56.4026&#xD;
Windows SDK Desktop Tools x86 ***** 10.1.22621.2428&#xD;
Microsoft .NET Framework 4.8 Targeting Pack (ENU) ***** 4.8.03761&#xD;
Windows SDK EULA ***** 10.1.19041.685&#xD;
Universal CRT Redistributable ***** 10.1.19041.685&#xD;
vs_filehandler_x86 ***** 17.8.34205&#xD;
Windows SDK Modern Non-Versioned Developer Tools ***** 10.1.22621.2428&#xD;
Universal General MIDI DLS Extension SDK ***** 10.1.19041.685&#xD;
Windows Team Extension SDK ***** 10.1.17763.132&#xD;
Windows IoT Extension SDK Contracts ***** 10.1.17763.132&#xD;
vs_devenvmsi ***** 16.0.28329&#xD;
Windows SDK Desktop Libs x64 ***** 10.1.17763.132&#xD;
Windows SDK Desktop Tools arm64 ***** 10.1.22621.2428&#xD;
Microsoft Windows Desktop Runtime - 6.0.25 (x86) ***** 48.100.4037&#xD;
vs_vswebprotocolselectormsi ***** 17.8.34129&#xD;
WinRT Intellisense UAP - en-us ***** 10.1.17763.132&#xD;
Microsoft .NET Targeting Pack - 6.0.25 (x86) ***** 48.100.4028&#xD;
Windows Desktop Extension SDK ***** 10.1.22621.2428&#xD;
Windows Mobile Extension SDK ***** 10.1.17763.132&#xD;
Microsoft .NET Host - 8.0.0 (x86) ***** 64.0.4211&#xD;
WinRT Intellisense Desktop - Other Languages ***** 10.1.19041.685&#xD;
Microsoft .NET Framework 4.7.2 Targeting Pack (ENU) ***** 4.7.03062&#xD;
Windows SDK Signing Tools ***** 10.1.19041.685&#xD;
SDK ARM Redistributables ***** 10.1.22621.2428&#xD;
Microsoft .NET Framework 4.5.2 Multi-Targeting Pack ***** 4.5.51209&#xD;
Windows Desktop Extension SDK Contracts ***** 10.1.22621.2428&#xD;
Windows SDK for Windows Store Apps Tools ***** 10.1.17763.132&#xD;
Microsoft .NET Runtime - 8.0.0 (x86) ***** 64.0.4211&#xD;
Microsoft .NET Framework 4.8 Targeting Pack ***** 4.8.03761&#xD;
WinRT Intellisense Desktop - en-us ***** 10.1.19041.685&#xD;
Microsoft ASP.NET Web Tools Packages 17.0 - ENU ***** 17.0.30714.0&#xD;
Windows App Certification Kit x64 (OnecoreUAP) ***** 10.1.22621.2428&#xD;
WinRT Intellisense UAP - Other Languages ***** 10.1.22621.2428&#xD;
Windows SDK Desktop Headers arm ***** 10.1.17763.132&#xD;
Windows SDK Modern Versioned Developer Tools ***** 10.1.17763.132&#xD;
Windows Team Extension SDK ***** 10.1.22621.2428&#xD;
Windows SDK for Windows Store Apps Metadata ***** 10.1.22621.2428&#xD;
Windows IoT Extension SDK ***** 10.1.22621.2428&#xD;
Windows SDK Redistributables ***** 10.1.22621.2428&#xD;
Microsoft UniversalWindowsPlatform SDK ***** 15.9.16&#xD;
Microsoft Visual Studio Setup Configuration ***** 3.8.2091.34612&#xD;
Microsoft .NET Framework 4.6.2 Targeting Pack (ENU) ***** 4.6.01590&#xD;
Windows SDK Desktop Headers x64 ***** 10.1.19041.685&#xD;
Windows SDK Desktop Headers arm64 ***** 10.1.19041.685&#xD;
IntelliTraceProfilerProxy ***** 15.0.21225.01&#xD;
Windows SDK Desktop Headers x86 ***** 10.1.17763.132&#xD;
Windows SDK Facade Windows WinMD Versioned ***** 10.1.17763.132&#xD;
Universal CRT Headers Libraries and Sources ***** 10.1.17763.132&#xD;
vs_devenvsharedmsi ***** 17.8.34129&#xD;
Windows Team Extension SDK ***** 10.1.19041.685&#xD;
Universal General MIDI DLS Extension SDK ***** 10.1.17763.132&#xD;
Microsoft .NET Framework 4 Multi-Targeting Pack ***** 4.0.30319&#xD;
Update for  (KB2504637) ***** 1&#xD;
Microsoft Edge ***** 120.0.2210.91&#xD;
vs_networkemulationmsi_x64 ***** 17.8.34129&#xD;
icecap_collectionresources ***** 16.10.31306&#xD;
Windows SDK Facade Windows WinMD Versioned ***** 10.1.22621.2428&#xD;
Windows Desktop Extension SDK ***** 10.1.19041.685&#xD;
Windows SDK Desktop Libs x86 ***** 10.1.17763.132&#xD;
Microsoft ASP.NET Core 6.0.25 Shared Framework (x86) ***** 6.0.25.23523&#xD;
Windows App Certification Kit SupportedApiList x86 ***** 10.1.22621.2428&#xD;
Universal CRT Extension SDK ***** 10.1.22621.2428&#xD;
Microsoft .NET Host FX Resolver - 8.0.0 (x86) ***** 64.0.4211&#xD;
Windows SDK for Windows Store Apps Libs ***** 10.1.17763.132&#xD;
vs_codeduitestframeworkmsi ***** 17.8.34129&#xD;
vs_cuitcommoncoremsi16 ***** 16.5.29521&#xD;
Microsoft Visual C++ 2022 X86 Minimum Runtime - 14.38.33130 ***** 14.38.33130&#xD;
vs_minshellsharedmsi ***** 17.8.34205&#xD;
vs_minshellinteropsharedmsi ***** 17.8.34205&#xD;
WinRT Intellisense Desktop - Other Languages ***** 10.1.17763.132&#xD;
WinRT Intellisense IoT - Other Languages ***** 10.1.17763.132&#xD;
Windows Simulator ***** 16.0.28522&#xD;
Windows SDK ARM Desktop Tools ***** 10.1.17763.132&#xD;
Microsoft ASP.NET Core 6.0.25 Targeting Pack (x86) ***** 6.0.25.23523&#xD;
Microsoft .NET Framework 4.7 Targeting Pack ***** 4.7.02053&#xD;
Windows Desktop Extension SDK ***** 10.1.17763.132&#xD;
vs_SQLClickOnceBootstrappermsi ***** 17.8.34129&#xD;
vs_cuitextensionmsi16_x64 ***** 16.0.28329&#xD;
Windows SDK Desktop Tools x64 ***** 10.1.22621.2428&#xD;
Microsoft .NET Native SDK ***** 15.0.24211.07&#xD;
vs_filehandler_amd64 ***** 17.8.34205&#xD;
vs_BlendMsi ***** 17.8.34129&#xD;
Windows Team Extension SDK Contracts ***** 10.1.17763.132&#xD;
Microsoft Visual C++ 2013 Redistributable (x86) - 12.0.30501 ***** 12.0.30501.0&#xD;
WinRT Intellisense Mobile - en-us ***** 10.1.17763.132&#xD;
Windows SDK Desktop Tools x86 ***** 10.1.17763.132&#xD;
Microsoft Visual C++ 2013 x86 Additional Runtime - 12.0.21005 ***** 12.0.21005&#xD;
Windows SDK Desktop Tools x64 ***** 10.1.19041.685&#xD;
Windows SDK Modern Versioned Developer Tools ***** 10.1.19041.685&#xD;
Microsoft .NET Framework 4.7 Developer Pack ***** 4.7.2053&#xD;
Microsoft Windows Communication Foundation Diagnostic Pack for x86 ***** 16.0.28329&#xD;
WinRT Intellisense PPI - Other Languages ***** 10.1.19041.685&#xD;
Windows SDK for Windows Store Managed Apps Libs ***** 10.1.19041.685&#xD;
VS Immersive Activate Helper ***** 17.0.125.0&#xD;
Git ***** 2.43.0&#xD;
Microsoft Azure Compute Emulator - v2.9.7 ***** 2.9.8999.43&#xD;
Microsoft Azure Compute Emulator - v2.9.7 ***** 2.9.8999.43&#xD;
IIS Express Application Compatibility Database for x64 ***** &#xD;
Microsoft.NET.Workload.Mono.Toolchain.Current.Manifest (x64) ***** 64.0.4211&#xD;
Microsoft ASP.NET Core 6.0.25 Targeting Pack (x64) ***** 6.0.25.23523&#xD;
Microsoft Windows Desktop Runtime - 8.0.0 (x64) ***** 64.0.5329&#xD;
Microsoft.NET.Sdk.Maui.Manifest-8.0.100 (x64) ***** 8.0.3&#xD;
Microsoft.NETCore.App.Runtime.AOT.win-x64.Cross.browser-wasm (x64) ***** 8.0.0.0&#xD;
Microsoft Visual C++ 2022 X64 Minimum Runtime - 14.38.33130 ***** 14.38.33130&#xD;
Microsoft .NET AppHost Pack - 6.0.25 (x64_arm64) ***** 48.100.4028&#xD;
Microsoft .NET AppHost Pack - 7.0.14 (x64) ***** 56.56.4026&#xD;
Microsoft .NET AppHost Pack - 6.0.25 (x64) ***** 48.100.4028&#xD;
Microsoft.NET.Runtime.MonoAOTCompiler.Task (x64) ***** 8.0.0.0&#xD;
Microsoft.NETCore.App.Runtime.AOT.win-x64.Cross.browser-wasm (x64) ***** 7.0.14.0&#xD;
icecap_collection_x64 ***** 16.10.31306&#xD;
Microsoft .NET 6.0 Templates 8.0.100 (x64) ***** 24.6.61899&#xD;
Microsoft .NET 7.0 Templates 8.0.100 (x64) ***** 28.7.61899&#xD;
Microsoft.NET.Workload.Emscripten.net6.Manifest (x64) ***** 64.0.4194&#xD;
Microsoft Windows Desktop Runtime - 7.0.14 (x64) ***** 56.56.4039&#xD;
Microsoft .NET AppHost Pack - 8.0.0 (x64_arm64) ***** 64.0.4211&#xD;
Microsoft.NET.Runtime.MonoAOTCompiler.Task (x64) ***** 6.0.25.0&#xD;
Microsoft .NET Runtime - 6.0.25 (x64) ***** 48.100.4028&#xD;
Microsoft SQL Server 2019 LocalDB  ***** 15.0.4153.1&#xD;
Microsoft .NET AppHost Pack - 8.0.0 (x64) ***** 64.0.4211&#xD;
Microsoft.NETCore.App.Runtime.AOT.win-x64.Cross.browser-wasm (x64) ***** 6.0.25.0&#xD;
Microsoft.NET.Runtime.Emscripten.Cache (x64) ***** 8.0.0.0&#xD;
Microsoft .NET Host FX Resolver - 8.0.0 (x64) ***** 64.0.4211&#xD;
Microsoft Azure PowerShell - April 2018 ***** 5.7.0.18831&#xD;
Microsoft Azure Libraries for .NET – v2.9 ***** 3.0.2310.23&#xD;
Microsoft Windows Desktop Targeting Pack - 8.0.0 (x64) ***** 64.0.5329&#xD;
vs_devenx64vmsi ***** 17.8.34129&#xD;
Microsoft Command Line Utilities 15 for SQL Server ***** 15.0.1300.359&#xD;
Microsoft ASP.NET Core 7.0.14 Shared Framework (x64) ***** 7.0.14.23523&#xD;
Universal CRT Tools x64 ***** 10.1.22621.2428&#xD;
Microsoft.NET.Sdk.tvOS.Manifest-8.0.100 (x64) ***** 17.0.8478&#xD;
Application Verifier x64 External Package (DesktopEditions) ***** 10.1.22621.2428&#xD;
Microsoft System CLR Types for SQL Server 2019 ***** 15.0.2000.5&#xD;
Microsoft.NET.Runtime.Emscripten.Cache (x64) ***** 7.0.14.0&#xD;
vs_minshellinteropx64msi ***** 17.8.34129&#xD;
Microsoft .NET SDK 8.0.100 (x64) from Visual Studio ***** 8.1.23.55115&#xD;
Windows App Certification Kit Native Components ***** 10.1.22621.2428&#xD;
Microsoft Policy Platform ***** 68.1.1010.0&#xD;
Active Directory Authentication Library for SQL Server ***** 15.0.1300.359&#xD;
Microsoft.NET.Sdk.iOS.Manifest-8.0.100 (x64) ***** 17.0.8478&#xD;
Microsoft.NET.Workload.Emscripten.net7.Manifest (x64) ***** 64.0.4194&#xD;
Microsoft.NET.Workload.Emscripten.Current.Manifest (x64) ***** 64.0.4194&#xD;
Microsoft Visual Studio Installer ***** 3.8.2112.61926&#xD;
Microsoft .NET Toolset 8.0.100 (x64) ***** 32.6.61899&#xD;
Microsoft .NET Runtime - 8.0.0 (x64) ***** 64.0.4211&#xD;
Microsoft ASP.NET Core 7.0.14 Targeting Pack (x64) ***** 7.0.14.23523&#xD;
Microsoft .NET AppHost Pack - 7.0.14 (x64_arm64) ***** 56.56.4026&#xD;
Microsoft ODBC Driver 17 for SQL Server ***** 17.7.2.1&#xD;
Microsoft.NETCore.App.Runtime.Mono.browser-wasm (x64) ***** 6.0.25.0&#xD;
Microsoft .NET 8.0 Templates 8.0.100 (x64) ***** 32.6.61899&#xD;
Application Verifier x64 External Package ***** 10.1.19041.685&#xD;
Microsoft.NET.Runtime.Emscripten.Python (x64) ***** 8.0.0.0&#xD;
Microsoft.NET.Sdk.MacCatalyst.Manifest-8.0.100 (x64) ***** 17.0.8478&#xD;
Microsoft.NET.Runtime.MonoTargets.Sdk (x64) ***** 8.0.0.0&#xD;
Microsoft .NET Targeting Pack - 6.0.25 (x64) ***** 48.100.4028&#xD;
Microsoft.NET.Runtime.Emscripten.Node (x64) ***** 7.0.14.0&#xD;
Configuration Manager Client ***** 5.00.9096.1000&#xD;
Microsoft ASP.NET Core 8.0.0 Shared Framework (x64) ***** 8.0.0.23531&#xD;
Microsoft Azure Authoring Tools - v2.9.7 ***** 2.9.8999.45&#xD;
Microsoft SQL Server 2016 LocalDB  ***** 13.1.4001.0&#xD;
Microsoft Visual C++ 2013 x64 Additional Runtime - 12.0.21005 ***** 12.0.21005&#xD;
Microsoft Windows Desktop Targeting Pack - 7.0.14 (x64) ***** 56.56.4039&#xD;
Microsoft .NET Targeting Pack - 8.0.0 (x64) ***** 64.0.4211&#xD;
Microsoft.NET.Sdk.macOS.Manifest-8.0.100 (x64) ***** 14.0.8478&#xD;
Microsoft .NET AppHost Pack - 7.0.14 (x64_x86) ***** 56.56.4026&#xD;
Microsoft.NETCore.App.Runtime.Mono.browser-wasm (x64) ***** 8.0.0.0&#xD;
Microsoft.NET.Workload.Mono.Toolchain.net6.Manifest (x64) ***** 64.0.4211&#xD;
Microsoft .NET Runtime - 7.0.14 (x64) ***** 56.56.4026&#xD;
Microsoft ASP.NET Core 8.0.0 Targeting Pack (x64) ***** 8.0.0.23531&#xD;
vs_communityx64msi ***** 17.8.34205&#xD;
Microsoft.NETCore.App.Runtime.Mono.browser-wasm (x64) ***** 7.0.14.0&#xD;
Microsoft Windows Desktop Targeting Pack - 6.0.25 (x64) ***** 48.100.4037&#xD;
Microsoft.NET.Runtime.MonoTargets.Sdk (x64) ***** 7.0.14.0&#xD;
Microsoft.NET.Runtime.Emscripten.Python (x64) ***** 6.0.25.0&#xD;
Microsoft .NET Standard Targeting Pack - 2.1.0 (x64) ***** 24.0.28113&#xD;
Microsoft Visual C++ 2013 x64 Minimum Runtime - 12.0.21005 ***** 12.0.21005&#xD;
PowerShell 7-x64 ***** 7.4.0.0&#xD;
IIS Express Application Compatibility Database for x86 ***** &#xD;
Microsoft Visual C++ 2022 X64 Debug Runtime - 14.38.33130 ***** 14.38.33130&#xD;
Microsoft.NET.Runtime.MonoTargets.Sdk (x64) ***** 6.0.25.0&#xD;
Application Verifier x64 External Package ***** 10.1.17763.132&#xD;
Microsoft.NET.Runtime.Emscripten.Python (x64) ***** 7.0.14.0&#xD;
Microsoft.NET.Sdk.Android.Manifest-8.0.100 (x64) ***** 34.0.43&#xD;
Microsoft .NET AppHost Pack - 7.0.14 (x64_arm) ***** 56.56.4026&#xD;
Microsoft .NET AppHost Pack - 6.0.25 (x64_arm) ***** 48.100.4028&#xD;
Microsoft.NET.Runtime.Emscripten.Sdk (x64) ***** 8.0.0.0&#xD;
Microsoft.NET.Runtime.Emscripten.Sdk (x64) ***** 7.0.14.0&#xD;
VS JIT Debugger ***** 17.0.125.0&#xD;
Microsoft.NET.Workload.Mono.Toolchain.net7.Manifest (x64) ***** 64.0.4211&#xD;
Microsoft Visual C++ 2022 X64 Additional Runtime - 14.38.33130 ***** 14.38.33130&#xD;
vs_minshellx64msi ***** 17.8.34205&#xD;
Microsoft.NET.Runtime.WebAssembly.Sdk (x64) ***** 8.0.0.0&#xD;
Microsoft Web Deploy 4.0 ***** 10.0.7421&#xD;
Microsoft.NET.Runtime.Emscripten.Sdk (x64) ***** 6.0.25.0&#xD;
Microsoft.NET.Runtime.WebAssembly.Sdk (x64) ***** 6.0.25.0&#xD;
icecap_collection_x64 ***** 17.8.34205&#xD;
Windows SDK DirectX x64 Remote ***** 10.1.22621.2428&#xD;
VS WCF Debugging ***** 17.0.125.0&#xD;
Windows Firewall Configuration Provider ***** 68.1.9081.1009&#xD;
Microsoft .NET Host - 8.0.0 (x64) ***** 64.0.4211&#xD;
VS Script Debugging Common ***** 17.0.125.0&#xD;
IIS 10.0 Express ***** 10.0.08412&#xD;
Microsoft .NET AppHost Pack - 8.0.0 (x64_x86) ***** 64.0.4211&#xD;
Microsoft Windows Desktop Runtime - 6.0.25 (x64) ***** 48.100.4037&#xD;
Microsoft.NET.Runtime.Emscripten.Node (x64) ***** 6.0.25.0&#xD;
Microsoft.NET.Runtime.MonoAOTCompiler.Task (x64) ***** 7.0.14.0&#xD;
Microsoft ASP.NET Core 6.0.25 Shared Framework (x64) ***** 6.0.25.23523&#xD;
Microsoft.NET.Runtime.WebAssembly.Sdk (x64) ***** 7.0.14.0&#xD;
Microsoft.NET.Runtime.Emscripten.Node (x64) ***** 8.0.0.0&#xD;
Microsoft ASP.NET Core Module V2 for IIS Express ***** 17.0.22116.0&#xD;
Microsoft .NET Targeting Pack - 7.0.14 (x64) ***** 56.56.4026&#xD;
Application Verifier x64 External Package (OnecoreUAP) ***** 10.1.22621.2428&#xD;
IntelliTraceProfilerProxy ***** 15.0.21225.01&#xD;
Microsoft .NET AppHost Pack - 6.0.25 (x64_x86) ***** 48.100.4028&#xD;
Microsoft ASP.NET Core Module for IIS Express ***** 12.2.18292.0&#xD;
DiagnosticsHub_CollectionService ***** 17.3.32601&#xD;
******************************************************&#xD;
******************************************************&#xD;
******************************************************&#xD;
Visual Studio Enterprise 2022 ***** 17.8.2&#xD;
Visual Studio Enterprise 2019 ***** 16.11.32&#xD;
Microsoft Edge Update ***** 1.3.181.5&#xD;
Microsoft Edge WebView2 Runtime ***** 120.0.2210.91&#xD;
WinRT Intellisense UAP - Other Languages ***** 10.1.17763.132&#xD;
WinRT Intellisense Desktop - en-us ***** 10.1.17763.132&#xD;
Visual C++ Library CRT Appx Package ***** 14.38.33130&#xD;
Universal CRT Redistributable ***** 10.0.26624&#xD;
Microsoft Visual C++ 2013 Redistributable (x64) - 12.0.30501 ***** 12.0.30501.0&#xD;
Visual C++ Library CRT Desktop Appx Package ***** 14.38.33130&#xD;
Windows IoT Extension SDK Contracts ***** 10.1.22621.2428&#xD;
Windows SDK Desktop Tools arm64 ***** 10.1.19041.685&#xD;
Microsoft .NET Targeting Pack - 8.0.0 (x86) ***** 64.0.4211&#xD;
Windows IoT Extension SDK ***** 10.1.19041.685&#xD;
WinRT Intellisense UAP - en-us ***** 10.1.22621.2428&#xD;
WinRT Intellisense UAP - en-us ***** 10.1.19041.685&#xD;
Windows Simulator - ENU ***** 16.0.28522&#xD;
Windows SDK for Windows Store Apps DirectX x86 Remote ***** 10.1.19041.685&#xD;
Windows Mobile Extension SDK Contracts ***** 10.1.22621.2428&#xD;
icecap_collection_neutral ***** 16.10.31306&#xD;
Windows IoT Extension SDK ***** 10.1.17763.132&#xD;
Microsoft .NET CoreRuntime SDK ***** 1.1.27004.0&#xD;
Microsoft Visual C++ 2013 x86 Minimum Runtime - 12.0.21005 ***** 12.0.21005&#xD;
WinRT Intellisense PPI - en-us ***** 10.1.19041.685&#xD;
Windows SDK Desktop Libs x64 ***** 10.1.19041.685&#xD;
Microsoft .NET Framework 4.7.2 Targeting Pack ***** 4.7.03062&#xD;
vs_CoreEditorFonts ***** 17.7.40001&#xD;
Microsoft .NET Framework Cumulative Intellisense Pack for Visual Studio (ENU) ***** 4.8.09037&#xD;
Windows SDK Desktop Tools x86 ***** 10.1.19041.685&#xD;
Visual C++ Library CRT Desktop Appx Package ***** 14.38.33130&#xD;
Microsoft Visual C++ 2015-2022 Redistributable (x64) - 14.38.33130 ***** 14.38.33130.0&#xD;
Windows SDK for Windows Store Apps Libs ***** 10.1.19041.685&#xD;
Universal CRT Redistributable ***** 10.1.22621.2428&#xD;
WinRT Intellisense IoT - Other Languages ***** 10.1.19041.685&#xD;
ClickOnce Bootstrapper Package for Microsoft .NET Framework ***** 4.8.09037&#xD;
Visual C++ Library CRT Desktop Appx Package ***** 14.38.33130&#xD;
Microsoft Windows Communication Foundation Diagnostic Pack for x86 ***** 17.8.34205&#xD;
Windows SDK ***** 10.1.22621.2428&#xD;
Windows Mobile Extension SDK ***** 10.1.22621.2428&#xD;
Kits Configuration Installer ***** 10.1.17763.132&#xD;
Windows SDK for Windows Store Apps Contracts ***** 10.1.19041.685&#xD;
Windows SDK Desktop Libs arm ***** 10.1.19041.685&#xD;
WinAppDeploy ***** 10.1.19041.685&#xD;
Microsoft Windows Desktop Runtime - 7.0.14 (x86) ***** 56.56.4039&#xD;
Windows SDK for Windows Store Apps Metadata ***** 10.1.19041.685&#xD;
Microsoft Visual C++ 2015-2022 Redistributable (x86) - 14.38.33130 ***** 14.38.33130.0&#xD;
Windows SDK Facade Windows WinMD Versioned ***** 10.1.19041.685&#xD;
Microsoft .NET Runtime - 7.0.14 (x86) ***** 56.56.4026&#xD;
Windows SDK EULA ***** 10.1.17763.132&#xD;
Microsoft ASP.NET Core 7.0.14 Targeting Pack (x86) ***** 7.0.14.23523&#xD;
Windows SDK Desktop Libs arm64 ***** 10.1.22621.2428&#xD;
Windows SDK Desktop Libs arm ***** 10.1.17763.132&#xD;
Windows SDK for Windows Store Apps DirectX x86 Remote ***** 10.1.22621.2428&#xD;
WinRT Intellisense IoT - en-us ***** 10.1.22621.2428&#xD;
WinRT Intellisense IoT - en-us ***** 10.1.19041.685&#xD;
Microsoft .NET Framework 4.7 SDK ***** 4.7.02053&#xD;
Windows SDK Desktop Headers x64 ***** 10.1.22621.2428&#xD;
Windows SDK for Windows Store Apps Contracts ***** 10.1.17763.132&#xD;
icecap_collectionresourcesx64 ***** 16.10.31306&#xD;
vs_minshellmsires ***** 17.8.34205&#xD;
Microsoft ASP.NET Core 7.0.14 Shared Framework (x86) ***** 7.0.14.23523&#xD;
vs_communitymsires ***** 17.8.34205&#xD;
Microsoft Windows Desktop Targeting Pack - 6.0.25 (x86) ***** 48.100.4037&#xD;
Microsoft Visual C++ 2022 X86 Debug Runtime - 14.38.33130 ***** 14.38.33130&#xD;
Windows SDK Desktop Headers x86 ***** 10.1.19041.685&#xD;
Windows SDK Desktop Libs x86 ***** 10.1.22621.2428&#xD;
Entity Framework 6.2.0 Tools  for Visual Studio 2022 ***** 6.2.0.0&#xD;
Windows App Certification Kit x64 ***** 10.1.22621.2428&#xD;
vs_tipsmsi ***** 17.8.34129&#xD;
Windows SDK Desktop Headers arm64 ***** 10.1.17763.132&#xD;
WinRT Intellisense Mobile - en-us ***** 10.1.19041.685&#xD;
Windows Software Development Kit - Windows 10.0.19041.685 ***** 10.1.19041.685&#xD;
WinRT Intellisense PPI - Other Languages ***** 10.1.22621.2428&#xD;
Visual C++ Library CRT ARM64 Appx Package ***** 14.38.33130&#xD;
Microsoft .NET CoreRuntime For CoreCon ***** 1.0.0.0&#xD;
Windows SDK Desktop Headers x64 ***** 10.1.17763.132&#xD;
vs_clickoncebootstrappermsi ***** 17.8.34205&#xD;
Windows IoT Extension SDK Contracts ***** 10.1.19041.685&#xD;
Microsoft ASP.NET Web Tools Packages 16.0 - ENU ***** 1.0.21125.0&#xD;
Microsoft HTML Help Workshop Package ***** 4.74.8702&#xD;
Universal General MIDI DLS Extension SDK ***** 10.1.22621.2428&#xD;
Windows SDK for Windows Store Apps Tools ***** 10.1.19041.685&#xD;
vs_githubprotocolhandlermsi ***** 17.8.34129&#xD;
Windows SDK Desktop Headers arm ***** 10.1.19041.685&#xD;
vcpp_crt.redist.clickonce ***** 14.38.33130&#xD;
Universal CRT Extension SDK ***** 10.1.19041.685&#xD;
Windows SDK Desktop Headers x86 ***** 10.1.22621.2428&#xD;
MSI Development Tools ***** 10.1.22621.2428&#xD;
Windows SDK Desktop Libs arm64 ***** 10.1.17763.132&#xD;
Microsoft Windows Desktop Runtime - 8.0.0 (x86) ***** 64.0.5329&#xD;
WinRT Intellisense IoT - Other Languages ***** 10.1.22621.2428&#xD;
Windows SDK Desktop Headers arm ***** 10.1.22621.2428&#xD;
vs_codecoveragemsi ***** 17.8.34129&#xD;
Microsoft .NET Framework 4.7.1 Targeting Pack ***** 4.7.02558&#xD;
Microsoft .NET Framework 4.5 Multi-Targeting Pack ***** 4.5.50710&#xD;
Windows Team Extension SDK Contracts ***** 10.1.22621.2428&#xD;
Windows SDK Signing Tools ***** 10.1.17763.132&#xD;
vs_cuitcommoncoremsi17 ***** 17.8.34205&#xD;
Windows SDK Desktop Headers arm64 ***** 10.1.22621.2428&#xD;
Windows SDK AddOn ***** 10.1.0.0&#xD;
vs_communitymsi ***** 16.11.31911&#xD;
Microsoft Visual C++ 2022 X86 Additional Runtime - 14.38.33130 ***** 14.38.33130&#xD;
Windows SDK Signing Tools ***** 10.1.22621.2428&#xD;
WinAppDeploy ***** 10.1.22621.2428&#xD;
Universal CRT Redistributable ***** 10.1.17763.132&#xD;
Windows Team Extension SDK Contracts ***** 10.1.19041.685&#xD;
Windows Software Development Kit - Windows 10.0.17763.132 ***** 10.1.17763.132&#xD;
icecap_collectionresources ***** 17.8.34205&#xD;
vs_cuitextensionmsi17_x64 ***** 17.8.34129&#xD;
Windows SDK Desktop Libs x64 ***** 10.1.22621.2428&#xD;
windows_toolscorepkg ***** 17.8.34205&#xD;
Universal CRT Headers Libraries and Sources ***** 10.1.19041.685&#xD;
Windows Phone SDK 8.0 Assemblies for Visual Studio 2019 ***** 16.0.31404&#xD;
MSI Development Tools ***** 10.1.17763.132&#xD;
icecap_collectionresourcesx64 ***** 17.8.34205&#xD;
TypeScript SDK ***** 4.3.5.0&#xD;
Microsoft .NET Runtime - 6.0.25 (x86) ***** 48.100.4028&#xD;
Windows SDK for Windows Store Apps Headers ***** 10.1.22621.2428&#xD;
vs_cuitextensionmsi16 ***** 16.11.32802&#xD;
WinRT Intellisense Mobile - en-us ***** 10.1.22621.2428&#xD;
Windows Mobile Extension SDK Contracts ***** 10.1.17763.132&#xD;
Universal CRT Headers Libraries and Sources ***** 10.1.22621.2428&#xD;
WinAppDeploy ***** 10.1.17763.132&#xD;
Windows Mobile Extension SDK ***** 10.1.19041.685&#xD;
Microsoft System CLR Types for SQL Server 2019 CTP2.2 ***** 15.0.1200.24&#xD;
vs_clickoncesigntoolmsi ***** 17.8.34129&#xD;
Windows SDK ARM Desktop Tools ***** 10.1.22621.2428&#xD;
Microsoft NetStandard SDK ***** 15.0.51105&#xD;
WinRT Intellisense Desktop - en-us ***** 10.1.22621.2428&#xD;
Windows SDK EULA ***** 10.1.22621.2428&#xD;
Microsoft Windows Desktop Targeting Pack - 7.0.14 (x86) ***** 56.56.4039&#xD;
Windows SDK for Windows Store Apps Libs ***** 10.1.22621.2428&#xD;
Windows Software Development Kit - Windows 10.0.22621.2428 ***** 10.1.22621.2428&#xD;
WinRT Intellisense PPI - Other Languages ***** 10.1.17763.132&#xD;
Microsoft ASP.NET Core 8.0.0 Targeting Pack (x86) ***** 8.0.0.23531&#xD;
Windows SDK for Windows Store Apps Headers ***** 10.1.17763.132&#xD;
WinRT Intellisense Desktop - Other Languages ***** 10.1.22621.2428&#xD;
Windows Mobile Extension SDK Contracts ***** 10.1.19041.685&#xD;
MSI Development Tools ***** 10.1.19041.685&#xD;
Windows SDK Modern Versioned Developer Tools ***** 10.1.22621.2428&#xD;
Universal CRT Extension SDK ***** 10.1.17763.132&#xD;
Microsoft ASP.NET Diagnostic Pack for Visual Studio ***** 17.8.358.6298&#xD;
Windows SDK Desktop Libs x86 ***** 10.1.19041.685&#xD;
WinRT Intellisense IoT - en-us ***** 10.1.17763.132&#xD;
Microsoft .NET Framework 4.8.1 SDK ***** 4.8.09037&#xD;
Microsoft .NET Framework 4.7 Targeting Pack (ENU) ***** 4.7.02053&#xD;
Windows SDK Desktop Tools x64 ***** 10.1.17763.132&#xD;
WinRT Intellisense PPI - en-us ***** 10.1.17763.132&#xD;
Microsoft TestPlatform SDK Local Feed ***** 17.0.0.5175695&#xD;
vs_cuitextensionmsi17 ***** 17.8.34205&#xD;
vs_FileTracker_Singleton ***** 17.8.34205&#xD;
vs_minshellmsi ***** 16.11.33130&#xD;
WinRT Intellisense UAP - Other Languages ***** 10.1.19041.685&#xD;
vs_minshellinteropmsi ***** 16.10.31306&#xD;
Windows SDK for Windows Store Apps Contracts ***** 10.1.22621.2428&#xD;
vs_clickoncebootstrappermsires ***** 17.8.34129&#xD;
Microsoft .NET Framework 4.6.1 Targeting Pack ***** 4.6.01055&#xD;
Microsoft .NET Framework 4.8.1 Targeting Pack ***** 4.8.09037&#xD;
Windows SDK for Windows Store Apps Headers ***** 10.1.19041.685&#xD;
Microsoft .NET Framework 4.7.1 Doc Redirected Targeting Pack (ENU) ***** 4.7.02558&#xD;
windows_toolscorepkg ***** 16.11.32406&#xD;
Universal CRT Tools x86 ***** 10.1.22621.2428&#xD;
Visual C++ Library CRT Appx Resource Package ***** 14.38.33130&#xD;
Windows SDK for Windows Store Apps Tools ***** 10.1.22621.2428&#xD;
Windows SDK DirectX x86 Remote ***** 10.1.22621.2428&#xD;
Microsoft Windows Desktop Targeting Pack - 8.0.0 (x86) ***** 64.0.5329&#xD;
Windows SDK for Windows Store Apps DirectX x86 Remote ***** 10.1.17763.132&#xD;
Windows SDK ARM Desktop Tools ***** 10.1.19041.685&#xD;
Windows Desktop Extension SDK Contracts ***** 10.1.17763.132&#xD;
Windows SDK for Windows Store Apps ***** 10.1.22621.2428&#xD;
Microsoft .NET Framework 4.8 SDK ***** 4.8.03928&#xD;
Windows SDK Desktop Libs arm64 ***** 10.1.19041.685&#xD;
vs_communitysharedmsi ***** 17.8.34205&#xD;
Microsoft ASP.NET Core 8.0.0 Shared Framework (x86) ***** 8.0.0.23531&#xD;
Windows SDK for Windows Store Managed Apps Libs ***** 10.1.17763.132&#xD;
SDK ARM Additions ***** 10.1.22621.2428&#xD;
Windows SDK Desktop Libs arm ***** 10.1.22621.2428&#xD;
Windows SDK Desktop Tools arm64 ***** 10.1.17763.132&#xD;
icecap_collection_neutral ***** 17.8.34205&#xD;
Microsoft Visual Studio Setup WMI Provider ***** 3.8.2091.34612&#xD;
Windows SDK for Windows Store Managed Apps Libs ***** 10.1.22621.2428&#xD;
Visual C++ Library CRT Appx Package ***** 14.38.33130&#xD;
Windows SDK for Windows Store Apps Metadata ***** 10.1.17763.132&#xD;
Microsoft .NET Framework 4.6.2 Targeting Pack ***** 4.6.01590&#xD;
WinRT Intellisense PPI - en-us ***** 10.1.22621.2428&#xD;
Microsoft .NET Framework 4.8.1 Targeting Pack (ENU) ***** 4.8.09037&#xD;
Windows Desktop Extension SDK Contracts ***** 10.1.19041.685&#xD;
Microsoft .NET Targeting Pack - 7.0.14 (x86) ***** 56.56.4026&#xD;
Windows SDK Desktop Tools x86 ***** 10.1.22621.2428&#xD;
Microsoft .NET Framework 4.8 Targeting Pack (ENU) ***** 4.8.03761&#xD;
Windows SDK EULA ***** 10.1.19041.685&#xD;
Universal CRT Redistributable ***** 10.1.19041.685&#xD;
vs_filehandler_x86 ***** 17.8.34205&#xD;
Windows SDK Modern Non-Versioned Developer Tools ***** 10.1.22621.2428&#xD;
Universal General MIDI DLS Extension SDK ***** 10.1.19041.685&#xD;
Windows Team Extension SDK ***** 10.1.17763.132&#xD;
Windows IoT Extension SDK Contracts ***** 10.1.17763.132&#xD;
vs_devenvmsi ***** 16.0.28329&#xD;
Windows SDK Desktop Libs x64 ***** 10.1.17763.132&#xD;
Windows SDK Desktop Tools arm64 ***** 10.1.22621.2428&#xD;
Microsoft Windows Desktop Runtime - 6.0.25 (x86) ***** 48.100.4037&#xD;
vs_vswebprotocolselectormsi ***** 17.8.34129&#xD;
WinRT Intellisense UAP - en-us ***** 10.1.17763.132&#xD;
Microsoft .NET Targeting Pack - 6.0.25 (x86) ***** 48.100.4028&#xD;
Windows Desktop Extension SDK ***** 10.1.22621.2428&#xD;
Windows Mobile Extension SDK ***** 10.1.17763.132&#xD;
Microsoft .NET Host - 8.0.0 (x86) ***** 64.0.4211&#xD;
WinRT Intellisense Desktop - Other Languages ***** 10.1.19041.685&#xD;
Microsoft .NET Framework 4.7.2 Targeting Pack (ENU) ***** 4.7.03062&#xD;
Windows SDK Signing Tools ***** 10.1.19041.685&#xD;
SDK ARM Redistributables ***** 10.1.22621.2428&#xD;
Microsoft .NET Framework 4.5.2 Multi-Targeting Pack ***** 4.5.51209&#xD;
Windows Desktop Extension SDK Contracts ***** 10.1.22621.2428&#xD;
Windows SDK for Windows Store Apps Tools ***** 10.1.17763.132&#xD;
Microsoft .NET Runtime - 8.0.0 (x86) ***** 64.0.4211&#xD;
Microsoft .NET Framework 4.8 Targeting Pack ***** 4.8.03761&#xD;
WinRT Intellisense Desktop - en-us ***** 10.1.19041.685&#xD;
Microsoft ASP.NET Web Tools Packages 17.0 - ENU ***** 17.0.30714.0&#xD;
Windows App Certification Kit x64 (OnecoreUAP) ***** 10.1.22621.2428&#xD;
WinRT Intellisense UAP - Other Languages ***** 10.1.22621.2428&#xD;
Windows SDK Desktop Headers arm ***** 10.1.17763.132&#xD;
Windows SDK Modern Versioned Developer Tools ***** 10.1.17763.132&#xD;
Windows Team Extension SDK ***** 10.1.22621.2428&#xD;
Windows SDK for Windows Store Apps Metadata ***** 10.1.22621.2428&#xD;
Windows IoT Extension SDK ***** 10.1.22621.2428&#xD;
Windows SDK Redistributables ***** 10.1.22621.2428&#xD;
Microsoft UniversalWindowsPlatform SDK ***** 15.9.16&#xD;
Microsoft Visual Studio Setup Configuration ***** 3.8.2091.34612&#xD;
Microsoft .NET Framework 4.6.2 Targeting Pack (ENU) ***** 4.6.01590&#xD;
Windows SDK Desktop Headers x64 ***** 10.1.19041.685&#xD;
Windows SDK Desktop Headers arm64 ***** 10.1.19041.685&#xD;
IntelliTraceProfilerProxy ***** 15.0.21225.01&#xD;
Windows SDK Desktop Headers x86 ***** 10.1.17763.132&#xD;
Windows SDK Facade Windows WinMD Versioned ***** 10.1.17763.132&#xD;
Universal CRT Headers Libraries and Sources ***** 10.1.17763.132&#xD;
vs_devenvsharedmsi ***** 17.8.34129&#xD;
Windows Team Extension SDK ***** 10.1.19041.685&#xD;
Universal General MIDI DLS Extension SDK ***** 10.1.17763.132&#xD;
Microsoft .NET Framework 4 Multi-Targeting Pack ***** 4.0.30319&#xD;
Update for  (KB2504637) ***** 1&#xD;
Microsoft Edge ***** 120.0.2210.91&#xD;
vs_networkemulationmsi_x64 ***** 17.8.34129&#xD;
icecap_collectionresources ***** 16.10.31306&#xD;
Windows SDK Facade Windows WinMD Versioned ***** 10.1.22621.2428&#xD;
Windows Desktop Extension SDK ***** 10.1.19041.685&#xD;
Windows SDK Desktop Libs x86 ***** 10.1.17763.132&#xD;
Microsoft ASP.NET Core 6.0.25 Shared Framework (x86) ***** 6.0.25.23523&#xD;
Windows App Certification Kit SupportedApiList x86 ***** 10.1.22621.2428&#xD;
Universal CRT Extension SDK ***** 10.1.22621.2428&#xD;
Microsoft .NET Host FX Resolver - 8.0.0 (x86) ***** 64.0.4211&#xD;
Windows SDK for Windows Store Apps Libs ***** 10.1.17763.132&#xD;
vs_codeduitestframeworkmsi ***** 17.8.34129&#xD;
vs_cuitcommoncoremsi16 ***** 16.5.29521&#xD;
Microsoft Visual C++ 2022 X86 Minimum Runtime - 14.38.33130 ***** 14.38.33130&#xD;
vs_minshellsharedmsi ***** 17.8.34205&#xD;
vs_minshellinteropsharedmsi ***** 17.8.34205&#xD;
WinRT Intellisense Desktop - Other Languages ***** 10.1.17763.132&#xD;
WinRT Intellisense IoT - Other Languages ***** 10.1.17763.132&#xD;
Windows Simulator ***** 16.0.28522&#xD;
Windows SDK ARM Desktop Tools ***** 10.1.17763.132&#xD;
Microsoft ASP.NET Core 6.0.25 Targeting Pack (x86) ***** 6.0.25.23523&#xD;
Microsoft .NET Framework 4.7 Targeting Pack ***** 4.7.02053&#xD;
Windows Desktop Extension SDK ***** 10.1.17763.132&#xD;
vs_SQLClickOnceBootstrappermsi ***** 17.8.34129&#xD;
vs_cuitextensionmsi16_x64 ***** 16.0.28329&#xD;
Windows SDK Desktop Tools x64 ***** 10.1.22621.2428&#xD;
Microsoft .NET Native SDK ***** 15.0.24211.07&#xD;
vs_filehandler_amd64 ***** 17.8.34205&#xD;
vs_BlendMsi ***** 17.8.34129&#xD;
Windows Team Extension SDK Contracts ***** 10.1.17763.132&#xD;
Microsoft Visual C++ 2013 Redistributable (x86) - 12.0.30501 ***** 12.0.30501.0&#xD;
WinRT Intellisense Mobile - en-us ***** 10.1.17763.132&#xD;
Windows SDK Desktop Tools x86 ***** 10.1.17763.132&#xD;
Microsoft Visual C++ 2013 x86 Additional Runtime - 12.0.21005 ***** 12.0.21005&#xD;
Windows SDK Desktop Tools x64 ***** 10.1.19041.685&#xD;
Windows SDK Modern Versioned Developer Tools ***** 10.1.19041.685&#xD;
Microsoft .NET Framework 4.7 Developer Pack ***** 4.7.2053&#xD;
Microsoft Windows Communication Foundation Diagnostic Pack for x86 ***** 16.0.28329&#xD;
WinRT Intellisense PPI - Other Languages ***** 10.1.19041.685&#xD;
Windows SDK for Windows Store Managed Apps Libs ***** 10.1.19041.685&#xD;
VS Immersive Activate Helper ***** 17.0.125.0&#xD;
Git ***** 2.43.0&#xD;
Microsoft Azure Compute Emulator - v2.9.7 ***** 2.9.8999.43&#xD;
Microsoft Azure Compute Emulator - v2.9.7 ***** 2.9.8999.43&#xD;
IIS Express Application Compatibility Database for x64 ***** &#xD;
Microsoft.NET.Workload.Mono.Toolchain.Current.Manifest (x64) ***** 64.0.4211&#xD;
Microsoft ASP.NET Core 6.0.25 Targeting Pack (x64) ***** 6.0.25.23523&#xD;
Microsoft Windows Desktop Runtime - 8.0.0 (x64) ***** 64.0.5329&#xD;
Microsoft.NET.Sdk.Maui.Manifest-8.0.100 (x64) ***** 8.0.3&#xD;
Microsoft.NETCore.App.Runtime.AOT.win-x64.Cross.browser-wasm (x64) ***** 8.0.0.0&#xD;
Microsoft Visual C++ 2022 X64 Minimum Runtime - 14.38.33130 ***** 14.38.33130&#xD;
Microsoft .NET AppHost Pack - 6.0.25 (x64_arm64) ***** 48.100.4028&#xD;
Microsoft .NET AppHost Pack - 7.0.14 (x64) ***** 56.56.4026&#xD;
Microsoft .NET AppHost Pack - 6.0.25 (x64) ***** 48.100.4028&#xD;
Microsoft.NET.Runtime.MonoAOTCompiler.Task (x64) ***** 8.0.0.0&#xD;
Microsoft.NETCore.App.Runtime.AOT.win-x64.Cross.browser-wasm (x64) ***** 7.0.14.0&#xD;
icecap_collection_x64 ***** 16.10.31306&#xD;
Microsoft .NET 6.0 Templates 8.0.100 (x64) ***** 24.6.61899&#xD;
Microsoft .NET 7.0 Templates 8.0.100 (x64) ***** 28.7.61899&#xD;
Microsoft.NET.Workload.Emscripten.net6.Manifest (x64) ***** 64.0.4194&#xD;
Microsoft Windows Desktop Runtime - 7.0.14 (x64) ***** 56.56.4039&#xD;
Microsoft .NET AppHost Pack - 8.0.0 (x64_arm64) ***** 64.0.4211&#xD;
Microsoft.NET.Runtime.MonoAOTCompiler.Task (x64) ***** 6.0.25.0&#xD;
Microsoft .NET Runtime - 6.0.25 (x64) ***** 48.100.4028&#xD;
Microsoft SQL Server 2019 LocalDB  ***** 15.0.4153.1&#xD;
Microsoft .NET AppHost Pack - 8.0.0 (x64) ***** 64.0.4211&#xD;
Microsoft.NETCore.App.Runtime.AOT.win-x64.Cross.browser-wasm (x64) ***** 6.0.25.0&#xD;
Microsoft.NET.Runtime.Emscripten.Cache (x64) ***** 8.0.0.0&#xD;
Microsoft .NET Host FX Resolver - 8.0.0 (x64) ***** 64.0.4211&#xD;
Microsoft Azure PowerShell - April 2018 ***** 5.7.0.18831&#xD;
Microsoft Azure Libraries for .NET – v2.9 ***** 3.0.2310.23&#xD;
Microsoft Windows Desktop Targeting Pack - 8.0.0 (x64) ***** 64.0.5329&#xD;
vs_devenx64vmsi ***** 17.8.34129&#xD;
Microsoft Command Line Utilities 15 for SQL Server ***** 15.0.1300.359&#xD;
Microsoft ASP.NET Core 7.0.14 Shared Framework (x64) ***** 7.0.14.23523&#xD;
Universal CRT Tools x64 ***** 10.1.22621.2428&#xD;
Microsoft.NET.Sdk.tvOS.Manifest-8.0.100 (x64) ***** 17.0.8478&#xD;
Application Verifier x64 External Package (DesktopEditions) ***** 10.1.22621.2428&#xD;
Microsoft System CLR Types for SQL Server 2019 ***** 15.0.2000.5&#xD;
Microsoft.NET.Runtime.Emscripten.Cache (x64) ***** 7.0.14.0&#xD;
vs_minshellinteropx64msi ***** 17.8.34129&#xD;
Microsoft .NET SDK 8.0.100 (x64) from Visual Studio ***** 8.1.23.55115&#xD;
Windows App Certification Kit Native Components ***** 10.1.22621.2428&#xD;
Microsoft Policy Platform ***** 68.1.1010.0&#xD;
Active Directory Authentication Library for SQL Server ***** 15.0.1300.359&#xD;
Microsoft.NET.Sdk.iOS.Manifest-8.0.100 (x64) ***** 17.0.8478&#xD;
Microsoft.NET.Workload.Emscripten.net7.Manifest (x64) ***** 64.0.4194&#xD;
Microsoft.NET.Workload.Emscripten.Current.Manifest (x64) ***** 64.0.4194&#xD;
Microsoft Visual Studio Installer ***** 3.8.2112.61926&#xD;
Microsoft .NET Toolset 8.0.100 (x64) ***** 32.6.61899&#xD;
Microsoft .NET Runtime - 8.0.0 (x64) ***** 64.0.4211&#xD;
Microsoft ASP.NET Core 7.0.14 Targeting Pack (x64) ***** 7.0.14.23523&#xD;
Microsoft .NET AppHost Pack - 7.0.14 (x64_arm64) ***** 56.56.4026&#xD;
Microsoft ODBC Driver 17 for SQL Server ***** 17.7.2.1&#xD;
Microsoft.NETCore.App.Runtime.Mono.browser-wasm (x64) ***** 6.0.25.0&#xD;
Microsoft .NET 8.0 Templates 8.0.100 (x64) ***** 32.6.61899&#xD;
Application Verifier x64 External Package ***** 10.1.19041.685&#xD;
Microsoft.NET.Runtime.Emscripten.Python (x64) ***** 8.0.0.0&#xD;
Microsoft.NET.Sdk.MacCatalyst.Manifest-8.0.100 (x64) ***** 17.0.8478&#xD;
Microsoft.NET.Runtime.MonoTargets.Sdk (x64) ***** 8.0.0.0&#xD;
Microsoft .NET Targeting Pack - 6.0.25 (x64) ***** 48.100.4028&#xD;
Microsoft.NET.Runtime.Emscripten.Node (x64) ***** 7.0.14.0&#xD;
Configuration Manager Client ***** 5.00.9096.1000&#xD;
Microsoft ASP.NET Core 8.0.0 Shared Framework (x64) ***** 8.0.0.23531&#xD;
Microsoft Azure Authoring Tools - v2.9.7 ***** 2.9.8999.45&#xD;
Microsoft SQL Server 2016 LocalDB  ***** 13.1.4001.0&#xD;
Microsoft Visual C++ 2013 x64 Additional Runtime - 12.0.21005 ***** 12.0.21005&#xD;
Microsoft Windows Desktop Targeting Pack - 7.0.14 (x64) ***** 56.56.4039&#xD;
Microsoft .NET Targeting Pack - 8.0.0 (x64) ***** 64.0.4211&#xD;
Microsoft.NET.Sdk.macOS.Manifest-8.0.100 (x64) ***** 14.0.8478&#xD;
Microsoft .NET AppHost Pack - 7.0.14 (x64_x86) ***** 56.56.4026&#xD;
Microsoft.NETCore.App.Runtime.Mono.browser-wasm (x64) ***** 8.0.0.0&#xD;
Microsoft.NET.Workload.Mono.Toolchain.net6.Manifest (x64) ***** 64.0.4211&#xD;
Microsoft .NET Runtime - 7.0.14 (x64) ***** 56.56.4026&#xD;
Microsoft ASP.NET Core 8.0.0 Targeting Pack (x64) ***** 8.0.0.23531&#xD;
vs_communityx64msi ***** 17.8.34205&#xD;
Microsoft.NETCore.App.Runtime.Mono.browser-wasm (x64) ***** 7.0.14.0&#xD;
Microsoft Windows Desktop Targeting Pack - 6.0.25 (x64) ***** 48.100.4037&#xD;
Microsoft.NET.Runtime.MonoTargets.Sdk (x64) ***** 7.0.14.0&#xD;
Microsoft.NET.Runtime.Emscripten.Python (x64) ***** 6.0.25.0&#xD;
Microsoft .NET Standard Targeting Pack - 2.1.0 (x64) ***** 24.0.28113&#xD;
Microsoft Visual C++ 2013 x64 Minimum Runtime - 12.0.21005 ***** 12.0.21005&#xD;
PowerShell 7-x64 ***** 7.4.0.0&#xD;
IIS Express Application Compatibility Database for x86 ***** &#xD;
Microsoft Visual C++ 2022 X64 Debug Runtime - 14.38.33130 ***** 14.38.33130&#xD;
Microsoft.NET.Runtime.MonoTargets.Sdk (x64) ***** 6.0.25.0&#xD;
Application Verifier x64 External Package ***** 10.1.17763.132&#xD;
Microsoft.NET.Runtime.Emscripten.Python (x64) ***** 7.0.14.0&#xD;
Microsoft.NET.Sdk.Android.Manifest-8.0.100 (x64) ***** 34.0.43&#xD;
Microsoft .NET AppHost Pack - 7.0.14 (x64_arm) ***** 56.56.4026&#xD;
Microsoft .NET AppHost Pack - 6.0.25 (x64_arm) ***** 48.100.4028&#xD;
Microsoft.NET.Runtime.Emscripten.Sdk (x64) ***** 8.0.0.0&#xD;
Microsoft.NET.Runtime.Emscripten.Sdk (x64) ***** 7.0.14.0&#xD;
VS JIT Debugger ***** 17.0.125.0&#xD;
Microsoft.NET.Workload.Mono.Toolchain.net7.Manifest (x64) ***** 64.0.4211&#xD;
Microsoft Visual C++ 2022 X64 Additional Runtime - 14.38.33130 ***** 14.38.33130&#xD;
vs_minshellx64msi ***** 17.8.34205&#xD;
Microsoft.NET.Runtime.WebAssembly.Sdk (x64) ***** 8.0.0.0&#xD;
Microsoft Web Deploy 4.0 ***** 10.0.7421&#xD;
Microsoft.NET.Runtime.Emscripten.Sdk (x64) ***** 6.0.25.0&#xD;
Microsoft.NET.Runtime.WebAssembly.Sdk (x64) ***** 6.0.25.0&#xD;
icecap_collection_x64 ***** 17.8.34205&#xD;
Windows SDK DirectX x64 Remote ***** 10.1.22621.2428&#xD;
VS WCF Debugging ***** 17.0.125.0&#xD;
Windows Firewall Configuration Provider ***** 68.1.9081.1009&#xD;
Microsoft .NET Host - 8.0.0 (x64) ***** 64.0.4211&#xD;
VS Script Debugging Common ***** 17.0.125.0&#xD;
IIS 10.0 Express ***** 10.0.08412&#xD;
Microsoft .NET AppHost Pack - 8.0.0 (x64_x86) ***** 64.0.4211&#xD;
Microsoft Windows Desktop Runtime - 6.0.25 (x64) ***** 48.100.4037&#xD;
Microsoft.NET.Runtime.Emscripten.Node (x64) ***** 6.0.25.0&#xD;
Microsoft.NET.Runtime.MonoAOTCompiler.Task (x64) ***** 7.0.14.0&#xD;
Microsoft ASP.NET Core 6.0.25 Shared Framework (x64) ***** 6.0.25.23523&#xD;
Microsoft.NET.Runtime.WebAssembly.Sdk (x64) ***** 7.0.14.0&#xD;
Microsoft.NET.Runtime.Emscripten.Node (x64) ***** 8.0.0.0&#xD;
Microsoft ASP.NET Core Module V2 for IIS Express ***** 17.0.22116.0&#xD;
Microsoft .NET Targeting Pack - 7.0.14 (x64) ***** 56.56.4026&#xD;
Application Verifier x64 External Package (OnecoreUAP) ***** 10.1.22621.2428&#xD;
IntelliTraceProfilerProxy ***** 15.0.21225.01&#xD;
Microsoft .NET AppHost Pack - 6.0.25 (x64_x86) ***** 48.100.4028&#xD;
Microsoft ASP.NET Core Module for IIS Express ***** 12.2.18292.0&#xD;
DiagnosticsHub_CollectionService ***** 17.3.32601&#xD;
******************************************************</StdOut>
      </Output>
    </UnitTestResult>
    <UnitTestResult executionId="b76e4e06-da73-411c-9c7a-8a046446c8a2" testId="bb42b17f-ff3f-6784-6f3c-e7ff14203605" testName="TestConstructor" computerName="DKSR-EFI-04" duration="00:00:00.0001570" startTime="2023-12-22T09:37:46.1481939+01:00" endTime="2023-12-22T09:37:46.1481939+01:00" testType="13cdc9d9-ddb5-4fa4-a97d-d965ccfc6d4b" outcome="Passed" testListId="8c84fa94-04c1-424b-9868-57a2d4851a1d" relativeResultsDirectory="b76e4e06-da73-411c-9c7a-8a046446c8a2" />
    <UnitTestResult executionId="b0900d95-074c-4941-849a-02f3645c5d5e" testId="f25a5dd4-d634-e42a-9c7d-6a32b2501019" testName="TestIP_invalid" computerName="DKSR-EFI-04" duration="00:00:00.1757235" startTime="2023-12-22T09:37:41.9294238+01:00" endTime="2023-12-22T09:37:42.1013000+01:00" testType="13cdc9d9-ddb5-4fa4-a97d-d965ccfc6d4b" outcome="Passed" testListId="8c84fa94-04c1-424b-9868-57a2d4851a1d" relativeResultsDirectory="b0900d95-074c-4941-849a-02f3645c5d5e" />
    <UnitTestResult executionId="485c48aa-c95a-4e42-9e4d-038dfaff131e" testId="cc729317-8003-3dcb-4690-b7bab2deead5" testName="TestProcessWithInvalidCommand" computerName="DKSR-EFI-04" duration="00:00:00.3058938" startTime="2023-12-22T09:35:49.9444463+01:00" endTime="2023-12-22T09:35:50.2413237+01:00" testType="13cdc9d9-ddb5-4fa4-a97d-d965ccfc6d4b" outcome="Passed" testListId="8c84fa94-04c1-424b-9868-57a2d4851a1d" relativeResultsDirectory="485c48aa-c95a-4e42-9e4d-038dfaff131e" />
    <UnitTestResult executionId="2b1a880a-a6f8-4276-aa5a-f86acb7581cc" testId="59eb40cd-0334-8f25-0421-88dc706b675e" testName="TestFileDoesNotExists" computerName="DKSR-EFI-04" duration="00:00:00.0013290" startTime="2023-12-22T09:35:52.9913379+01:00" endTime="2023-12-22T09:35:52.9913379+01:00" testType="13cdc9d9-ddb5-4fa4-a97d-d965ccfc6d4b" outcome="Passed" testListId="8c84fa94-04c1-424b-9868-57a2d4851a1d" relativeResultsDirectory="2b1a880a-a6f8-4276-aa5a-f86acb7581cc" />
    <UnitTestResult executionId="460fdbde-10cb-490c-a446-0d2c4b35036b" testId="d3b84e20-e2d1-bc9e-eadc-945089fa4f50" testName="TestDNS" computerName="DKSR-EFI-04" duration="00:00:00.0001703" startTime="2023-12-22T09:39:01.3498363+01:00" endTime="2023-12-22T09:39:01.3498363+01:00" testType="13cdc9d9-ddb5-4fa4-a97d-d965ccfc6d4b" outcome="Passed" testListId="8c84fa94-04c1-424b-9868-57a2d4851a1d" relativeResultsDirectory="460fdbde-10cb-490c-a446-0d2c4b35036b" />
    <UnitTestResult executionId="7a28c505-4930-42e5-9909-da0a72fa2201" testId="54f8bded-296e-aa5b-9abb-dc5fb84fd2fb" testName="TestParseCIMDateTimeWrongFormat" computerName="DKSR-EFI-04" duration="00:00:00.0018832" startTime="2023-12-22T09:35:48.8819404+01:00" endTime="2023-12-22T09:35:48.8819404+01:00" testType="13cdc9d9-ddb5-4fa4-a97d-d965ccfc6d4b" outcome="Passed" testListId="8c84fa94-04c1-424b-9868-57a2d4851a1d" relativeResultsDirectory="7a28c505-4930-42e5-9909-da0a72fa2201" />
    <UnitTestResult executionId="cfa8efed-f5f5-4c0b-ba8a-5c2dd35bad73" testId="a52af099-adde-616a-e493-3c951c853af5" testName="TestConstructorWithErrorCodeUnknownFailure" computerName="DKSR-EFI-04" duration="00:00:00.0004734" startTime="2023-12-22T09:35:48.8506906+01:00" endTime="2023-12-22T09:35:48.8506906+01:00" testType="13cdc9d9-ddb5-4fa4-a97d-d965ccfc6d4b" outcome="Passed" testListId="8c84fa94-04c1-424b-9868-57a2d4851a1d" relativeResultsDirectory="cfa8efed-f5f5-4c0b-ba8a-5c2dd35bad73" />
    <UnitTestResult executionId="3a2504b4-1fd2-4324-8de6-6aee160575df" testId="df6b692b-8f1d-16a6-725c-b3998737cbae" testName="TestPauseAndUnpauseBeforeDoRun" computerName="DKSR-EFI-04" duration="00:00:00.1248892" startTime="2023-12-22T09:37:41.5075485+01:00" endTime="2023-12-22T09:37:41.6325457+01:00" testType="13cdc9d9-ddb5-4fa4-a97d-d965ccfc6d4b" outcome="Passed" testListId="8c84fa94-04c1-424b-9868-57a2d4851a1d" relativeResultsDirectory="3a2504b4-1fd2-4324-8de6-6aee160575df" />
    <UnitTestResult executionId="951b79d4-0ad1-4d54-8038-bba10cb13f47" testId="3263e060-9ee6-ac54-fc85-444722aa77f3" testName="ZipPackageCompressed_ShouldBeImportedSuccessfully" computerName="DKSR-EFI-04" startTime="2023-12-22T09:35:50.5850744+01:00" endTime="2023-12-22T09:35:50.5850744+01:00" testType="13cdc9d9-ddb5-4fa4-a97d-d965ccfc6d4b" outcome="NotExecuted" testListId="8c84fa94-04c1-424b-9868-57a2d4851a1d" relativeResultsDirectory="951b79d4-0ad1-4d54-8038-bba10cb13f47">
      <Output></Output>
    </UnitTestResult>
    <UnitTestResult executionId="4c4fdc14-cc58-426c-9e68-63e92d52936d" testId="81256e9c-7576-e53d-a206-ff8d79a392bb" testName="TestDifferentUserName" computerName="DKSR-EFI-04" duration="00:00:00.0022095" startTime="2023-12-22T09:35:50.4288239+01:00" endTime="2023-12-22T09:35:50.4288239+01:00" testType="13cdc9d9-ddb5-4fa4-a97d-d965ccfc6d4b" outcome="Passed" testListId="8c84fa94-04c1-424b-9868-57a2d4851a1d" relativeResultsDirectory="4c4fdc14-cc58-426c-9e68-63e92d52936d" />
    <UnitTestResult executionId="e5c13cfe-10bc-4371-ada4-ace6fc84310e" testId="7716f847-a934-7066-ece4-1dbcf9a6f5bd" testName="TestRunTasks" computerName="DKSR-EFI-04" duration="00:00:04.0237701" startTime="2023-12-22T09:37:26.5230906+01:00" endTime="2023-12-22T09:37:30.5543619+01:00" testType="13cdc9d9-ddb5-4fa4-a97d-d965ccfc6d4b" outcome="Passed" testListId="8c84fa94-04c1-424b-9868-57a2d4851a1d" relativeResultsDirectory="e5c13cfe-10bc-4371-ada4-ace6fc84310e" />
    <UnitTestResult executionId="0d953f81-c57a-4764-a152-89fdd61425b5" testId="07adac7c-44a1-f7fd-b195-61aec0a8c77d" testName="TestEquals" computerName="DKSR-EFI-04" duration="00:00:00.0007532" startTime="2023-12-22T09:35:49.9288213+01:00" endTime="2023-12-22T09:35:49.9288213+01:00" testType="13cdc9d9-ddb5-4fa4-a97d-d965ccfc6d4b" outcome="Passed" testListId="8c84fa94-04c1-424b-9868-57a2d4851a1d" relativeResultsDirectory="0d953f81-c57a-4764-a152-89fdd61425b5" />
    <UnitTestResult executionId="cb71db8b-e9d9-465d-ac5e-99444a9b466a" testId="7f8e2eb1-484c-e1fa-6cd4-fb4d01efe634" testName="TestConstructor" computerName="DKSR-EFI-04" duration="00:00:00.0009004" startTime="2023-12-22T09:35:48.8350662+01:00" endTime="2023-12-22T09:35:48.8350662+01:00" testType="13cdc9d9-ddb5-4fa4-a97d-d965ccfc6d4b" outcome="Passed" testListId="8c84fa94-04c1-424b-9868-57a2d4851a1d" relativeResultsDirectory="cb71db8b-e9d9-465d-ac5e-99444a9b466a" />
    <UnitTestResult executionId="4348dd52-ff7a-4455-ac37-941b3b4d1fe0" testId="3d1ea2f1-5577-20c9-e32d-81d23fe5a514" testName="TestConstructor" computerName="DKSR-EFI-04" duration="00:00:00.0006264" startTime="2023-12-22T09:35:48.8038161+01:00" endTime="2023-12-22T09:35:48.8038161+01:00" testType="13cdc9d9-ddb5-4fa4-a97d-d965ccfc6d4b" outcome="Passed" testListId="8c84fa94-04c1-424b-9868-57a2d4851a1d" relativeResultsDirectory="4348dd52-ff7a-4455-ac37-941b3b4d1fe0" />
    <UnitTestResult executionId="f77558c1-58de-49f4-959e-b5de5a2cf30a" testId="4ebe8040-de48-1757-191f-73ec1eccf02d" testName="TestWaitForAllTasksWithTimeout" computerName="DKSR-EFI-04" duration="00:00:03.1705106" startTime="2023-12-22T09:38:51.9904058+01:00" endTime="2023-12-22T09:38:55.1623076+01:00" testType="13cdc9d9-ddb5-4fa4-a97d-d965ccfc6d4b" outcome="Passed" testListId="8c84fa94-04c1-424b-9868-57a2d4851a1d" relativeResultsDirectory="f77558c1-58de-49f4-959e-b5de5a2cf30a" />
    <UnitTestResult executionId="2fa54282-8f8c-417b-b777-893b85f53976" testId="a7b1190d-96a0-cc80-f0bd-b3feded255cb" testName="TestIsTasksRunningOnHost" computerName="DKSR-EFI-04" duration="00:00:00.1518171" startTime="2023-12-22T09:37:52.4294805+01:00" endTime="2023-12-22T09:37:52.5857345+01:00" testType="13cdc9d9-ddb5-4fa4-a97d-d965ccfc6d4b" outcome="Passed" testListId="8c84fa94-04c1-424b-9868-57a2d4851a1d" relativeResultsDirectory="2fa54282-8f8c-417b-b777-893b85f53976" />
    <UnitTestResult executionId="916cf340-1fca-48d7-a4ce-6727a525c128" testId="a33f8d13-deba-b734-2914-a26d82968c05" testName="TestConstructor" computerName="DKSR-EFI-04" duration="00:00:00.0006033" startTime="2023-12-22T09:35:53.0225876+01:00" endTime="2023-12-22T09:35:53.0382129+01:00" testType="13cdc9d9-ddb5-4fa4-a97d-d965ccfc6d4b" outcome="Passed" testListId="8c84fa94-04c1-424b-9868-57a2d4851a1d" relativeResultsDirectory="916cf340-1fca-48d7-a4ce-6727a525c128" />
    <UnitTestResult executionId="ef4c0594-46e6-4129-952c-e7fd3f0e2377" testId="710f6486-2b5c-d1f0-26ce-a7f85cc332a3" testName="TestImportPackage_TaskShouldError_WhenInstallerDoesNotConatainPackageXml" computerName="DKSR-EFI-04" duration="00:00:00.0692171" startTime="2023-12-22T09:35:50.4913234+01:00" endTime="2023-12-22T09:35:50.5538251+01:00" testType="13cdc9d9-ddb5-4fa4-a97d-d965ccfc6d4b" outcome="Passed" testListId="8c84fa94-04c1-424b-9868-57a2d4851a1d" relativeResultsDirectory="ef4c0594-46e6-4129-952c-e7fd3f0e2377" />
    <UnitTestResult executionId="2c429dff-b404-4586-9f1c-502b69317d3d" testId="b2a70d06-beb1-52cd-a2cd-c3fbd2a0e80f" testName="TestTestRepositoriesWithNullManager" computerName="DKSR-EFI-04" duration="00:00:00.0016219" startTime="2023-12-22T09:37:52.9451111+01:00" endTime="2023-12-22T09:37:52.9451111+01:00" testType="13cdc9d9-ddb5-4fa4-a97d-d965ccfc6d4b" outcome="Passed" testListId="8c84fa94-04c1-424b-9868-57a2d4851a1d" relativeResultsDirectory="2c429dff-b404-4586-9f1c-502b69317d3d" />
    <UnitTestResult executionId="a1d2c7e4-567c-419d-b0d3-9c71ed9a1329" testId="33675f94-c719-761f-5636-41fb611944c3" testName="TestSetValue" computerName="DKSR-EFI-04" duration="00:00:00.0001422" startTime="2023-12-22T09:35:49.9288213+01:00" endTime="2023-12-22T09:35:49.9288213+01:00" testType="13cdc9d9-ddb5-4fa4-a97d-d965ccfc6d4b" outcome="Passed" testListId="8c84fa94-04c1-424b-9868-57a2d4851a1d" relativeResultsDirectory="a1d2c7e4-567c-419d-b0d3-9c71ed9a1329" />
    <UnitTestResult executionId="226c9465-422a-45be-b191-81baf3f9d0c9" testId="169ff10c-e66e-16ab-a678-ea53f5925307" testName="TestConstructorWithErrorCodeServiceDisabled" computerName="DKSR-EFI-04" duration="00:00:00.0004803" startTime="2023-12-22T09:35:48.8506906+01:00" endTime="2023-12-22T09:35:48.8506906+01:00" testType="13cdc9d9-ddb5-4fa4-a97d-d965ccfc6d4b" outcome="Passed" testListId="8c84fa94-04c1-424b-9868-57a2d4851a1d" relativeResultsDirectory="226c9465-422a-45be-b191-81baf3f9d0c9" />
    <UnitTestResult executionId="4cf0a9c8-9abe-47d2-994d-814f7bd4e86f" testId="ad182115-1963-3cb0-c943-5a18434006c2" testName="TestInstallString" computerName="DKSR-EFI-04" duration="00:00:00.0207625" startTime="2023-12-22T09:35:49.8350718+01:00" endTime="2023-12-22T09:35:49.8506973+01:00" testType="13cdc9d9-ddb5-4fa4-a97d-d965ccfc6d4b" outcome="Passed" testListId="8c84fa94-04c1-424b-9868-57a2d4851a1d" relativeResultsDirectory="4cf0a9c8-9abe-47d2-994d-814f7bd4e86f" />
    <UnitTestResult executionId="43f23283-f43f-4fde-aa22-cb82fd3ca003" testId="fd9e40ea-9126-c861-9dea-563c66bcf20c" testName="Test_With_ArgmunentsXmlFileV1WithXsdError_When_ExtractingTheArguments_Then_ArgumentsAreEmpty" computerName="DKSR-EFI-04" duration="00:00:00.0037606" startTime="2023-12-22T09:39:01.3967130+01:00" endTime="2023-12-22T09:39:01.3967130+01:00" testType="13cdc9d9-ddb5-4fa4-a97d-d965ccfc6d4b" outcome="Passed" testListId="8c84fa94-04c1-424b-9868-57a2d4851a1d" relativeResultsDirectory="43f23283-f43f-4fde-aa22-cb82fd3ca003" />
    <UnitTestResult executionId="e8f9f1d4-a645-4300-80bb-585f5ca8e642" testId="ede83e9c-fccc-794b-8457-5adc5aedf18a" testName="TestConstructor" computerName="DKSR-EFI-04" duration="00:00:00.0298233" startTime="2023-12-22T09:37:52.1638544+01:00" endTime="2023-12-22T09:37:52.1794790+01:00" testType="13cdc9d9-ddb5-4fa4-a97d-d965ccfc6d4b" outcome="Passed" testListId="8c84fa94-04c1-424b-9868-57a2d4851a1d" relativeResultsDirectory="e8f9f1d4-a645-4300-80bb-585f5ca8e642" />
    <UnitTestResult executionId="bd6c8e3b-0bb1-4b00-bb7a-c2da34193c55" testId="620b4223-3408-072e-6355-73c38adf0b0e" testName="TestConstructor" computerName="DKSR-EFI-04" duration="00:00:00.0004428" startTime="2023-12-22T09:39:01.3185978+01:00" endTime="2023-12-22T09:39:01.3185978+01:00" testType="13cdc9d9-ddb5-4fa4-a97d-d965ccfc6d4b" outcome="Passed" testListId="8c84fa94-04c1-424b-9868-57a2d4851a1d" relativeResultsDirectory="bd6c8e3b-0bb1-4b00-bb7a-c2da34193c55" />
    <UnitTestResult executionId="f5614cc2-7d1c-48ae-9e2c-50fdf5a44820" testId="d83a4903-12f4-40d7-6107-dfc77d36cf8a" testName="TestConstructor" computerName="DKSR-EFI-04" duration="00:00:00.0004146" startTime="2023-12-22T09:35:49.8819460+01:00" endTime="2023-12-22T09:35:49.8819460+01:00" testType="13cdc9d9-ddb5-4fa4-a97d-d965ccfc6d4b" outcome="Passed" testListId="8c84fa94-04c1-424b-9868-57a2d4851a1d" relativeResultsDirectory="f5614cc2-7d1c-48ae-9e2c-50fdf5a44820" />
    <UnitTestResult executionId="17ddad15-d490-4be2-b212-0e17e5ee02f3" testId="0a929c64-a22a-2fcf-f8de-0fe5c4abfe0f" testName="TestPause" computerName="DKSR-EFI-04" duration="00:00:00.1250604" startTime="2023-12-22T09:37:32.5699962+01:00" endTime="2023-12-22T09:37:32.6949965+01:00" testType="13cdc9d9-ddb5-4fa4-a97d-d965ccfc6d4b" outcome="Passed" testListId="8c84fa94-04c1-424b-9868-57a2d4851a1d" relativeResultsDirectory="17ddad15-d490-4be2-b212-0e17e5ee02f3" />
    <UnitTestResult executionId="38352967-f7bd-4cca-93c9-048f2a62389b" testId="50cf843a-7917-122d-91e8-dbab549c9083" testName="FileSharePackageUploaderTask_ShouldFail_IfVerifyToolThrowsTrustVerificationException" computerName="DKSR-EFI-04" duration="00:00:00.0504505" startTime="2023-12-22T09:35:50.4288239+01:00" endTime="2023-12-22T09:35:50.4756979+01:00" testType="13cdc9d9-ddb5-4fa4-a97d-d965ccfc6d4b" outcome="Passed" testListId="8c84fa94-04c1-424b-9868-57a2d4851a1d" relativeResultsDirectory="38352967-f7bd-4cca-93c9-048f2a62389b" />
    <UnitTestResult executionId="f3efbfd6-9ea1-42db-945a-b82a9f18fed5" testId="c97edf9e-6f9b-d171-d88b-6c67b4a76d09" testName="TestGetPing" computerName="DKSR-EFI-04" duration="00:00:00.0007895" startTime="2023-12-22T09:39:01.3342178+01:00" endTime="2023-12-22T09:39:01.3342178+01:00" testType="13cdc9d9-ddb5-4fa4-a97d-d965ccfc6d4b" outcome="Passed" testListId="8c84fa94-04c1-424b-9868-57a2d4851a1d" relativeResultsDirectory="f3efbfd6-9ea1-42db-945a-b82a9f18fed5" />
    <UnitTestResult executionId="9841e429-2879-49a9-9d73-4f6d3895037a" testId="f7d42701-2ea6-710a-c26e-6a5c6247f8de" testName="TestStopAllRepositoryTask" computerName="DKSR-EFI-04" duration="00:00:00.0777981" startTime="2023-12-22T09:37:53.0544885+01:00" endTime="2023-12-22T09:37:53.1326241+01:00" testType="13cdc9d9-ddb5-4fa4-a97d-d965ccfc6d4b" outcome="Passed" testListId="8c84fa94-04c1-424b-9868-57a2d4851a1d" relativeResultsDirectory="9841e429-2879-49a9-9d73-4f6d3895037a" />
    <UnitTestResult executionId="e7ad701f-5e07-4f32-bae4-086e7f9ee931" testId="ba25d85d-5f6f-50aa-c01e-f15ddb2c280f" testName="TestGetActionTasks" computerName="DKSR-EFI-04" duration="00:00:00.0043234" startTime="2023-12-22T09:39:01.3185978+01:00" endTime="2023-12-22T09:39:01.3185978+01:00" testType="13cdc9d9-ddb5-4fa4-a97d-d965ccfc6d4b" outcome="Passed" testListId="8c84fa94-04c1-424b-9868-57a2d4851a1d" relativeResultsDirectory="e7ad701f-5e07-4f32-bae4-086e7f9ee931" />
    <UnitTestResult executionId="4632d0ca-8350-45c3-b150-5380e6dd92d1" testId="2101384d-a9f9-ef6c-f985-07718b448cb2" testName="TestConstructorWithErrorCodeAccessDenied" computerName="DKSR-EFI-04" duration="00:00:00.0004622" startTime="2023-12-22T09:35:48.8350662+01:00" endTime="2023-12-22T09:35:48.8350662+01:00" testType="13cdc9d9-ddb5-4fa4-a97d-d965ccfc6d4b" outcome="Passed" testListId="8c84fa94-04c1-424b-9868-57a2d4851a1d" relativeResultsDirectory="4632d0ca-8350-45c3-b150-5380e6dd92d1" />
    <UnitTestResult executionId="fa1ec5f4-0634-4703-a702-3376c880560e" testId="05ecd758-3402-3b67-caa4-bf6054c93296" testName="TestConstructor" computerName="DKSR-EFI-04" duration="00:00:00.0002819" startTime="2023-12-22T09:37:26.5230906+01:00" endTime="2023-12-22T09:37:26.5230906+01:00" testType="13cdc9d9-ddb5-4fa4-a97d-d965ccfc6d4b" outcome="Passed" testListId="8c84fa94-04c1-424b-9868-57a2d4851a1d" relativeResultsDirectory="fa1ec5f4-0634-4703-a702-3376c880560e" />
    <UnitTestResult executionId="6f9153cc-913e-4dd2-9df2-d9fc5704f49a" testId="b4ef782b-9320-c210-3644-282eb256ccea" testName="TestStartWithErrorInDoRun" computerName="DKSR-EFI-04" duration="00:00:00.0014135" startTime="2023-12-22T09:37:41.3200420+01:00" endTime="2023-12-22T09:37:41.3200420+01:00" testType="13cdc9d9-ddb5-4fa4-a97d-d965ccfc6d4b" outcome="Passed" testListId="8c84fa94-04c1-424b-9868-57a2d4851a1d" relativeResultsDirectory="6f9153cc-913e-4dd2-9df2-d9fc5704f49a" />
    <UnitTestResult executionId="176fe045-cf5f-4d0d-b035-5dcb66a68a61" testId="f9648dbe-f664-0e7d-f48a-463671a37fa4" testName="TestTestHostsWithNullManager" computerName="DKSR-EFI-04" duration="00:00:00.0024302" startTime="2023-12-22T09:37:52.1794790+01:00" endTime="2023-12-22T09:37:52.1951047+01:00" testType="13cdc9d9-ddb5-4fa4-a97d-d965ccfc6d4b" outcome="Passed" testListId="8c84fa94-04c1-424b-9868-57a2d4851a1d" relativeResultsDirectory="176fe045-cf5f-4d0d-b035-5dcb66a68a61" />
    <UnitTestResult executionId="b032c1ca-db34-4a47-8b0d-299616e7607c" testId="5830e48c-ec35-ee5c-5f9f-1b8deedc3e70" testName="Test_With_ArgmunentsXmlFileV1_When_ExtractingTheArguments_Then_TheArgumentsAreCorrect" computerName="DKSR-EFI-04" duration="00:00:00.0313342" startTime="2023-12-22T09:39:01.3498363+01:00" endTime="2023-12-22T09:39:01.3811015+01:00" testType="13cdc9d9-ddb5-4fa4-a97d-d965ccfc6d4b" outcome="Passed" testListId="8c84fa94-04c1-424b-9868-57a2d4851a1d" relativeResultsDirectory="b032c1ca-db34-4a47-8b0d-299616e7607c" />
    <UnitTestResult executionId="1772e987-93df-4091-8bbc-3d09a4e8e34d" testId="22b4db21-3428-db9a-3223-8ca266a1cb59" testName="TestSetParameter" computerName="DKSR-EFI-04" duration="00:00:00.0117247" startTime="2023-12-22T09:35:49.9131972+01:00" endTime="2023-12-22T09:35:49.9288213+01:00" testType="13cdc9d9-ddb5-4fa4-a97d-d965ccfc6d4b" outcome="Passed" testListId="8c84fa94-04c1-424b-9868-57a2d4851a1d" relativeResultsDirectory="1772e987-93df-4091-8bbc-3d09a4e8e34d" />
    <UnitTestResult executionId="bd725582-deaa-4da6-91de-d9ac0b824903" testId="28db9034-3e2b-b2bb-67c2-1c43a25b6448" testName="TestHostInfoConstructorWithUserNamePasswordDomain" computerName="DKSR-EFI-04" duration="00:00:00.0001955" startTime="2023-12-22T09:39:01.3342178+01:00" endTime="2023-12-22T09:39:01.3342178+01:00" testType="13cdc9d9-ddb5-4fa4-a97d-d965ccfc6d4b" outcome="Passed" testListId="8c84fa94-04c1-424b-9868-57a2d4851a1d" relativeResultsDirectory="bd725582-deaa-4da6-91de-d9ac0b824903" />
    <UnitTestResult executionId="0dc54065-d73c-4aa2-ad06-891cd943e8e6" testId="74b2bb2e-78b9-c0b6-bf8c-1bbb711a6582" testName="TestCopyFileUnicode" computerName="DKSR-EFI-04" duration="00:00:00.0021228" startTime="2023-12-22T09:35:52.9757117+01:00" endTime="2023-12-22T09:35:52.9757117+01:00" testType="13cdc9d9-ddb5-4fa4-a97d-d965ccfc6d4b" outcome="Passed" testListId="8c84fa94-04c1-424b-9868-57a2d4851a1d" relativeResultsDirectory="0dc54065-d73c-4aa2-ad06-891cd943e8e6" />
    <UnitTestResult executionId="8c63818b-add2-4cec-8cdb-2daf63d20b25" testId="e977703f-2970-df2c-d9d1-2e6c523b5ab1" testName="TestConstructorWithMetadata" computerName="DKSR-EFI-04" duration="00:00:00.0037369" startTime="2023-12-22T09:37:46.1638216+01:00" endTime="2023-12-22T09:37:46.1638216+01:00" testType="13cdc9d9-ddb5-4fa4-a97d-d965ccfc6d4b" outcome="Passed" testListId="8c84fa94-04c1-424b-9868-57a2d4851a1d" relativeResultsDirectory="8c63818b-add2-4cec-8cdb-2daf63d20b25" />
    <UnitTestResult executionId="40147b64-05d0-43a8-ba65-2a4254da1ee6" testId="5e6d963b-b1b0-9e97-ce84-57c0b0288549" testName="TestParseCIMDateTime" computerName="DKSR-EFI-04" duration="00:00:00.0034725" startTime="2023-12-22T09:35:48.8819404+01:00" endTime="2023-12-22T09:35:48.8819404+01:00" testType="13cdc9d9-ddb5-4fa4-a97d-d965ccfc6d4b" outcome="Passed" testListId="8c84fa94-04c1-424b-9868-57a2d4851a1d" relativeResultsDirectory="40147b64-05d0-43a8-ba65-2a4254da1ee6" />
    <UnitTestResult executionId="d83213b0-400b-49ad-bbd1-75ad1273b4bd" testId="3ae92588-2163-e713-7477-64228713a6b8" testName="TestRebootSequential" computerName="DKSR-EFI-04" duration="00:00:03.0309074" startTime="2023-12-22T09:38:18.0916073+01:00" endTime="2023-12-22T09:38:21.1228739+01:00" testType="13cdc9d9-ddb5-4fa4-a97d-d965ccfc6d4b" outcome="Passed" testListId="8c84fa94-04c1-424b-9868-57a2d4851a1d" relativeResultsDirectory="d83213b0-400b-49ad-bbd1-75ad1273b4bd" />
    <UnitTestResult executionId="9f8e58b4-ac8d-4348-b16d-e85952f5e3fb" testId="ab424643-ee10-dbb4-356f-30ee770a2155" testName="TestDeleteLocalPackageParallel" computerName="DKSR-EFI-04" duration="00:00:00.0425540" startTime="2023-12-22T09:38:55.1623076+01:00" endTime="2023-12-22T09:38:55.2091852+01:00" testType="13cdc9d9-ddb5-4fa4-a97d-d965ccfc6d4b" outcome="Passed" testListId="8c84fa94-04c1-424b-9868-57a2d4851a1d" relativeResultsDirectory="9f8e58b4-ac8d-4348-b16d-e85952f5e3fb" />
    <UnitTestResult executionId="66f19134-ac8d-4af7-a107-30f43f04252d" testId="efc14a12-eb7c-c0b5-a73c-f0dcb17c28e9" testName="TestConstructor" computerName="DKSR-EFI-04" duration="00:00:00.0198954" startTime="2023-12-22T09:35:50.3194483+01:00" endTime="2023-12-22T09:35:50.3506990+01:00" testType="13cdc9d9-ddb5-4fa4-a97d-d965ccfc6d4b" outcome="Passed" testListId="8c84fa94-04c1-424b-9868-57a2d4851a1d" relativeResultsDirectory="66f19134-ac8d-4af7-a107-30f43f04252d" />
    <UnitTestResult executionId="58b36dcb-cdcf-4884-b7c3-396ffaecb907" testId="1023b553-27bc-2612-6f0d-254dce8c82cd" testName="TestStopBeforeStart" computerName="DKSR-EFI-04" duration="00:00:05.1245863" startTime="2023-12-22T09:37:47.0388267+01:00" endTime="2023-12-22T09:37:52.1638544+01:00" testType="13cdc9d9-ddb5-4fa4-a97d-d965ccfc6d4b" outcome="Passed" testListId="8c84fa94-04c1-424b-9868-57a2d4851a1d" relativeResultsDirectory="58b36dcb-cdcf-4884-b7c3-396ffaecb907" />
    <UnitTestResult executionId="e88c78f4-ea85-4379-b759-6d1a74825963" testId="ffb5e73e-887f-1a38-a682-d33443b4dfc6" testName="TestWaitForAllTasksWithNegativeTimeout" computerName="DKSR-EFI-04" duration="00:00:00.0006334" startTime="2023-12-22T09:38:51.9904058+01:00" endTime="2023-12-22T09:38:51.9904058+01:00" testType="13cdc9d9-ddb5-4fa4-a97d-d965ccfc6d4b" outcome="Passed" testListId="8c84fa94-04c1-424b-9868-57a2d4851a1d" relativeResultsDirectory="e88c78f4-ea85-4379-b759-6d1a74825963" />
    <UnitTestResult executionId="b52035ca-e9f6-4670-b616-9dead25cc15d" testId="729c0c4c-75b6-3606-8352-31e30f6054ad" testName="TestConstructorWithErrorCodeUnknownFailure" computerName="DKSR-EFI-04" duration="00:00:00.0005431" startTime="2023-12-22T09:35:48.8506906+01:00" endTime="2023-12-22T09:35:48.8506906+01:00" testType="13cdc9d9-ddb5-4fa4-a97d-d965ccfc6d4b" outcome="Passed" testListId="8c84fa94-04c1-424b-9868-57a2d4851a1d" relativeResultsDirectory="b52035ca-e9f6-4670-b616-9dead25cc15d" />
    <UnitTestResult executionId="7627895b-7b4f-44e8-9b87-9ad308b4801a" testId="a4832f8a-9e96-8de9-ccfd-bdd7f5cd4be7" testName="TestConstructorWithSingleObserver" computerName="DKSR-EFI-04" duration="00:00:00.0003080" startTime="2023-12-22T09:37:46.1481939+01:00" endTime="2023-12-22T09:37:46.1481939+01:00" testType="13cdc9d9-ddb5-4fa4-a97d-d965ccfc6d4b" outcome="Passed" testListId="8c84fa94-04c1-424b-9868-57a2d4851a1d" relativeResultsDirectory="7627895b-7b4f-44e8-9b87-9ad308b4801a" />
    <UnitTestResult executionId="512f129c-552e-467b-81c8-cf69229beb9b" testId="0b54b4a5-32e6-48ab-16a8-27ca219e6ec9" testName="TestGetPackageInstaller" computerName="DKSR-EFI-04" duration="00:00:00.0053655" startTime="2023-12-22T09:39:01.3185978+01:00" endTime="2023-12-22T09:39:01.3342178+01:00" testType="13cdc9d9-ddb5-4fa4-a97d-d965ccfc6d4b" outcome="Passed" testListId="8c84fa94-04c1-424b-9868-57a2d4851a1d" relativeResultsDirectory="512f129c-552e-467b-81c8-cf69229beb9b" />
    <UnitTestResult executionId="ff1b8f06-46e9-4ac9-a9f3-36dbcd5bd873" testId="2fad831b-dada-8534-2cae-bc8f8eabad64" testName="ZipPackageNoPackageXml_ShouldNotBeImported" computerName="DKSR-EFI-04" startTime="2023-12-22T09:35:50.5850744+01:00" endTime="2023-12-22T09:35:50.5850744+01:00" testType="13cdc9d9-ddb5-4fa4-a97d-d965ccfc6d4b" outcome="NotExecuted" testListId="8c84fa94-04c1-424b-9868-57a2d4851a1d" relativeResultsDirectory="ff1b8f06-46e9-4ac9-a9f3-36dbcd5bd873">
      <Output></Output>
    </UnitTestResult>
    <UnitTestResult executionId="c6c5f294-bfb6-400f-90b6-597cb0c7bf1d" testId="abd4b833-c358-500a-7788-db40ecef5e75" testName="TestStopAllRepositoryTasks" computerName="DKSR-EFI-04" duration="00:00:03.0620290" startTime="2023-12-22T09:38:42.7872342+01:00" endTime="2023-12-22T09:38:45.8497543+01:00" testType="13cdc9d9-ddb5-4fa4-a97d-d965ccfc6d4b" outcome="Passed" testListId="8c84fa94-04c1-424b-9868-57a2d4851a1d" relativeResultsDirectory="c6c5f294-bfb6-400f-90b6-597cb0c7bf1d" />
    <UnitTestResult executionId="57385437-bd87-4ff7-9dd1-f0a010c60ebf" testId="f84adace-860d-1865-ba0b-b14560f981c7" testName="TestConstructorWithMessage" computerName="DKSR-EFI-04" duration="00:00:00.0007065" startTime="2023-12-22T09:35:48.8350662+01:00" endTime="2023-12-22T09:35:48.8350662+01:00" testType="13cdc9d9-ddb5-4fa4-a97d-d965ccfc6d4b" outcome="Passed" testListId="8c84fa94-04c1-424b-9868-57a2d4851a1d" relativeResultsDirectory="57385437-bd87-4ff7-9dd1-f0a010c60ebf" />
    <UnitTestResult executionId="20f27447-9c07-49ca-aaf2-44373eb21b53" testId="d506503d-311a-ec67-c05f-4000d3531d44" testName="TestConstructorWithMessageAndInnerException" computerName="DKSR-EFI-04" duration="00:00:00.0005311" startTime="2023-12-22T09:35:48.8038161+01:00" endTime="2023-12-22T09:35:48.8038161+01:00" testType="13cdc9d9-ddb5-4fa4-a97d-d965ccfc6d4b" outcome="Passed" testListId="8c84fa94-04c1-424b-9868-57a2d4851a1d" relativeResultsDirectory="20f27447-9c07-49ca-aaf2-44373eb21b53" />
    <UnitTestResult executionId="70e626e7-37b9-4641-bc49-c14902644e10" testId="d1de3b4d-2e01-3204-b28f-98879a6cc328" testName="Package610bytes_ShouldNotBeImported" computerName="DKSR-EFI-04" duration="00:00:00.0037711" startTime="2023-12-22T09:35:50.6007155+01:00" endTime="2023-12-22T09:35:50.6007155+01:00" testType="13cdc9d9-ddb5-4fa4-a97d-d965ccfc6d4b" outcome="Passed" testListId="8c84fa94-04c1-424b-9868-57a2d4851a1d" relativeResultsDirectory="70e626e7-37b9-4641-bc49-c14902644e10" />
    <UnitTestResult executionId="7d419603-bd93-4e66-a3fa-3ac73a7e7367" testId="d83947fd-fcc3-6351-3b2a-c4fb1ea09216" testName="TestImportPackage" computerName="DKSR-EFI-04" duration="00:00:00.0307309" startTime="2023-12-22T09:38:02.6482906+01:00" endTime="2023-12-22T09:38:02.6795432+01:00" testType="13cdc9d9-ddb5-4fa4-a97d-d965ccfc6d4b" outcome="Passed" testListId="8c84fa94-04c1-424b-9868-57a2d4851a1d" relativeResultsDirectory="7d419603-bd93-4e66-a3fa-3ac73a7e7367" />
    <UnitTestResult executionId="7261291f-623c-4844-a661-d9849e2a80f0" testId="3da684be-8c97-6e5c-5191-88483e147d71" testName="TestConstructor" computerName="DKSR-EFI-04" duration="00:00:00.0012340" startTime="2023-12-22T09:35:49.9288213+01:00" endTime="2023-12-22T09:35:49.9444463+01:00" testType="13cdc9d9-ddb5-4fa4-a97d-d965ccfc6d4b" outcome="Passed" testListId="8c84fa94-04c1-424b-9868-57a2d4851a1d" relativeResultsDirectory="7261291f-623c-4844-a661-d9849e2a80f0" />
    <UnitTestResult executionId="e97e90e1-72ca-43a6-b6f9-9a83752dd1ab" testId="9f056c08-18de-7324-0ad3-bd5aa991fc91" testName="TestConstructor" computerName="DKSR-EFI-04" duration="00:00:00.0213264" startTime="2023-12-22T09:35:50.2413237+01:00" endTime="2023-12-22T09:35:50.2725741+01:00" testType="13cdc9d9-ddb5-4fa4-a97d-d965ccfc6d4b" outcome="Passed" testListId="8c84fa94-04c1-424b-9868-57a2d4851a1d" relativeResultsDirectory="e97e90e1-72ca-43a6-b6f9-9a83752dd1ab" />
    <UnitTestResult executionId="b03a201d-720a-4703-9d29-31836e563d99" testId="1c48d561-85fd-29b1-a4db-a1c7f65fe558" testName="TestAllComparisonOverloadsInVersionInfo" computerName="DKSR-EFI-04" duration="00:00:00.0017629" startTime="2023-12-22T09:35:49.9288213+01:00" endTime="2023-12-22T09:35:49.9288213+01:00" testType="13cdc9d9-ddb5-4fa4-a97d-d965ccfc6d4b" outcome="Passed" testListId="8c84fa94-04c1-424b-9868-57a2d4851a1d" relativeResultsDirectory="b03a201d-720a-4703-9d29-31836e563d99" />
    <UnitTestResult executionId="22eb8177-da43-4c64-8af3-de1ea9fba67a" testId="2bc70be2-ffe0-b742-b080-3426828dbdf8" testName="TestDirectoryExists" computerName="DKSR-EFI-04" duration="00:00:00.0011320" startTime="2023-12-22T09:35:52.9913379+01:00" endTime="2023-12-22T09:35:52.9913379+01:00" testType="13cdc9d9-ddb5-4fa4-a97d-d965ccfc6d4b" outcome="Passed" testListId="8c84fa94-04c1-424b-9868-57a2d4851a1d" relativeResultsDirectory="22eb8177-da43-4c64-8af3-de1ea9fba67a" />
    <UnitTestResult executionId="c8c2454f-ea88-47df-a791-3f39ae7e3795" testId="a76765fa-a6f1-2e6e-2762-dc27a61e9a6d" testName="TestGetInstalledPackagesSequential" computerName="DKSR-EFI-04" duration="00:00:03.0309952" startTime="2023-12-22T09:38:08.8514476+01:00" endTime="2023-12-22T09:38:11.8827179+01:00" testType="13cdc9d9-ddb5-4fa4-a97d-d965ccfc6d4b" outcome="Passed" testListId="8c84fa94-04c1-424b-9868-57a2d4851a1d" relativeResultsDirectory="c8c2454f-ea88-47df-a791-3f39ae7e3795" />
    <UnitTestResult executionId="670e4eca-8741-48aa-99ae-6d212781303b" testId="0f15567d-8946-0afb-e177-08aff03eae03" testName="TestReStart" computerName="DKSR-EFI-04" duration="00:00:00.1139940" startTime="2023-12-22T09:37:46.2731958+01:00" endTime="2023-12-22T09:37:46.3825703+01:00" testType="13cdc9d9-ddb5-4fa4-a97d-d965ccfc6d4b" outcome="Passed" testListId="8c84fa94-04c1-424b-9868-57a2d4851a1d" relativeResultsDirectory="670e4eca-8741-48aa-99ae-6d212781303b" />
    <UnitTestResult executionId="453495e6-ab82-401f-b435-c0315bb407d1" testId="1c706d7c-aa05-3432-b707-da141d5eca3a" testName="TestRebooterTaskConstructor" computerName="DKSR-EFI-04" duration="00:00:00.0009017" startTime="2023-12-22T09:35:50.3663233+01:00" endTime="2023-12-22T09:35:50.3663233+01:00" testType="13cdc9d9-ddb5-4fa4-a97d-d965ccfc6d4b" outcome="Passed" testListId="8c84fa94-04c1-424b-9868-57a2d4851a1d" relativeResultsDirectory="453495e6-ab82-401f-b435-c0315bb407d1" />
    <UnitTestResult executionId="29e03404-1821-43e5-8a67-7347fec3859b" testId="8bcfbbc0-c915-02f3-dbac-e543225952bc" testName="TestConstructor" computerName="DKSR-EFI-04" startTime="2023-12-22T09:35:49.9131972+01:00" endTime="2023-12-22T09:35:49.9131972+01:00" testType="13cdc9d9-ddb5-4fa4-a97d-d965ccfc6d4b" outcome="NotExecuted" testListId="8c84fa94-04c1-424b-9868-57a2d4851a1d" relativeResultsDirectory="29e03404-1821-43e5-8a67-7347fec3859b">
      <Output></Output>
    </UnitTestResult>
    <UnitTestResult executionId="0d3eae00-2eb2-4f7a-b369-0df9d8481eac" testId="7ac45643-e8d3-e0a9-5634-02ae2a6a3051" testName="TestConstructorWithErrorCodeInsufficientPrivilege" computerName="DKSR-EFI-04" duration="00:00:00.0004892" startTime="2023-12-22T09:35:48.8506906+01:00" endTime="2023-12-22T09:35:48.8506906+01:00" testType="13cdc9d9-ddb5-4fa4-a97d-d965ccfc6d4b" outcome="Passed" testListId="8c84fa94-04c1-424b-9868-57a2d4851a1d" relativeResultsDirectory="0d3eae00-2eb2-4f7a-b369-0df9d8481eac" />
    <UnitTestResult executionId="0cc0743a-8001-4540-8805-b695adc85a03" testId="a041f741-20d8-3a12-5a12-ac603b3ef6bc" testName="TestConstructorWithMultipleObservers" computerName="DKSR-EFI-04" duration="00:00:00.0005245" startTime="2023-12-22T09:37:46.1481939+01:00" endTime="2023-12-22T09:37:46.1481939+01:00" testType="13cdc9d9-ddb5-4fa4-a97d-d965ccfc6d4b" outcome="Passed" testListId="8c84fa94-04c1-424b-9868-57a2d4851a1d" relativeResultsDirectory="0cc0743a-8001-4540-8805-b695adc85a03" />
    <UnitTestResult executionId="7f4d6be1-f72b-43af-8304-f97823096717" testId="9ebed48c-2db3-f4a5-ffbd-adc1b1c4df6f" testName="TestConstructor" computerName="DKSR-EFI-04" duration="00:00:00.0007122" startTime="2023-12-22T09:35:48.8350662+01:00" endTime="2023-12-22T09:35:48.8350662+01:00" testType="13cdc9d9-ddb5-4fa4-a97d-d965ccfc6d4b" outcome="Passed" testListId="8c84fa94-04c1-424b-9868-57a2d4851a1d" relativeResultsDirectory="7f4d6be1-f72b-43af-8304-f97823096717" />
    <UnitTestResult executionId="73444c63-7c95-4ae2-b35b-57e0f5a6dce5" testId="136de879-175a-bc3d-7320-1d7a216765a0" testName="TestSetValue" computerName="DKSR-EFI-04" duration="00:00:00.0006077" startTime="2023-12-22T09:35:49.8663192+01:00" endTime="2023-12-22T09:35:49.8663192+01:00" testType="13cdc9d9-ddb5-4fa4-a97d-d965ccfc6d4b" outcome="Passed" testListId="8c84fa94-04c1-424b-9868-57a2d4851a1d" relativeResultsDirectory="73444c63-7c95-4ae2-b35b-57e0f5a6dce5" />
    <UnitTestResult executionId="072cd167-e723-4305-b7c1-84ac6c9ae90b" testId="6df818c5-73c8-7004-d8bf-eb24c08d331c" testName="TestPausedBeforeDoRun" computerName="DKSR-EFI-04" duration="00:00:00.0621006" startTime="2023-12-22T09:37:41.4450494+01:00" endTime="2023-12-22T09:37:41.5075485+01:00" testType="13cdc9d9-ddb5-4fa4-a97d-d965ccfc6d4b" outcome="Passed" testListId="8c84fa94-04c1-424b-9868-57a2d4851a1d" relativeResultsDirectory="072cd167-e723-4305-b7c1-84ac6c9ae90b" />
    <UnitTestResult executionId="2a7e2686-d69e-4e11-95f8-19f1ba8486c0" testId="a447afd4-2d0d-357e-0812-7bd1cc83ab2a" testName="ZipPackageUncompressed_ShouldBeImportedSuccessfully" computerName="DKSR-EFI-04" startTime="2023-12-22T09:35:50.5850744+01:00" endTime="2023-12-22T09:35:50.5850744+01:00" testType="13cdc9d9-ddb5-4fa4-a97d-d965ccfc6d4b" outcome="NotExecuted" testListId="8c84fa94-04c1-424b-9868-57a2d4851a1d" relativeResultsDirectory="2a7e2686-d69e-4e11-95f8-19f1ba8486c0">
      <Output></Output>
    </UnitTestResult>
    <UnitTestResult executionId="b615278a-1782-4a8f-b3ad-b75a8d0508ae" testId="be72001e-cbeb-f70f-60bd-efa29a260472" testName="TestGetLocalPackagesValids" computerName="DKSR-EFI-04" duration="00:00:00.0023394" startTime="2023-12-22T09:35:48.8506906+01:00" endTime="2023-12-22T09:35:48.8506906+01:00" testType="13cdc9d9-ddb5-4fa4-a97d-d965ccfc6d4b" outcome="Passed" testListId="8c84fa94-04c1-424b-9868-57a2d4851a1d" relativeResultsDirectory="b615278a-1782-4a8f-b3ad-b75a8d0508ae" />
    <UnitTestResult executionId="6664d48a-fe60-46db-89bc-d237b407b94a" testId="7836a48f-abf6-7e36-5e54-4c0b983c976a" testName="TestTaskWarningInPostRun" computerName="DKSR-EFI-04" duration="00:00:00.0011841" startTime="2023-12-22T09:37:41.8200467+01:00" endTime="2023-12-22T09:37:41.8200467+01:00" testType="13cdc9d9-ddb5-4fa4-a97d-d965ccfc6d4b" outcome="Passed" testListId="8c84fa94-04c1-424b-9868-57a2d4851a1d" relativeResultsDirectory="6664d48a-fe60-46db-89bc-d237b407b94a" />
    <UnitTestResult executionId="9526b0fd-96f7-4249-b124-4bf5b71dea91" testId="41702cc4-b255-60a5-af8d-918c6d7b7ceb" testName="TestGetLocalPackagesParallel" computerName="DKSR-EFI-04" duration="00:00:00.0284223" startTime="2023-12-22T09:38:02.6795432+01:00" endTime="2023-12-22T09:38:02.7107940+01:00" testType="13cdc9d9-ddb5-4fa4-a97d-d965ccfc6d4b" outcome="Passed" testListId="8c84fa94-04c1-424b-9868-57a2d4851a1d" relativeResultsDirectory="9526b0fd-96f7-4249-b124-4bf5b71dea91" />
    <UnitTestResult executionId="d05a5e22-dd7b-4a89-a7c4-88e13017ae17" testId="e0aa219f-1854-91b3-3e29-4258ec3f3da6" testName="TestStopHostTaskWithInvalidHost" computerName="DKSR-EFI-04" duration="00:00:00.0011850" startTime="2023-12-22T09:37:52.2419818+01:00" endTime="2023-12-22T09:37:52.2419818+01:00" testType="13cdc9d9-ddb5-4fa4-a97d-d965ccfc6d4b" outcome="Passed" testListId="8c84fa94-04c1-424b-9868-57a2d4851a1d" relativeResultsDirectory="d05a5e22-dd7b-4a89-a7c4-88e13017ae17" />
    <UnitTestResult executionId="f2af89c5-7340-44b7-8051-f46dcdd5ebb6" testId="f9b9c561-1fe4-1995-c5fe-f02674753531" testName="Package10bytes_ShouldNotBeImported" computerName="DKSR-EFI-04" duration="00:00:00.0044762" startTime="2023-12-22T09:35:50.5850744+01:00" endTime="2023-12-22T09:35:50.6007155+01:00" testType="13cdc9d9-ddb5-4fa4-a97d-d965ccfc6d4b" outcome="Passed" testListId="8c84fa94-04c1-424b-9868-57a2d4851a1d" relativeResultsDirectory="f2af89c5-7340-44b7-8051-f46dcdd5ebb6" />
    <UnitTestResult executionId="bd3e8404-afbb-47e7-a7d0-2326a39304c6" testId="7e6f01e0-6e4a-e81f-57f2-c8127ebd815b" testName="TestStopRepositoryTask" computerName="DKSR-EFI-04" duration="00:00:00.0724931" startTime="2023-12-22T09:37:52.9766915+01:00" endTime="2023-12-22T09:37:53.0544885+01:00" testType="13cdc9d9-ddb5-4fa4-a97d-d965ccfc6d4b" outcome="Passed" testListId="8c84fa94-04c1-424b-9868-57a2d4851a1d" relativeResultsDirectory="bd3e8404-afbb-47e7-a7d0-2326a39304c6" />
    <UnitTestResult executionId="b7ec6d0e-0563-42fb-a07c-fba9eaf7dbac" testId="d6af3bbc-50d4-c2cf-6b87-9647ae787cde" testName="TestConstructor" computerName="DKSR-EFI-04" duration="00:00:00.0004729" startTime="2023-12-22T09:37:26.5230906+01:00" endTime="2023-12-22T09:37:26.5230906+01:00" testType="13cdc9d9-ddb5-4fa4-a97d-d965ccfc6d4b" outcome="Passed" testListId="8c84fa94-04c1-424b-9868-57a2d4851a1d" relativeResultsDirectory="b7ec6d0e-0563-42fb-a07c-fba9eaf7dbac" />
    <UnitTestResult executionId="e6914f40-593a-4dd3-88c2-2c36c118c2c2" testId="0e31cfb4-c48c-f98b-c02a-b0ce70005a5e" testName="TestInstallString" computerName="DKSR-EFI-04" duration="00:00:00.0036564" startTime="2023-12-22T09:35:49.8975716+01:00" endTime="2023-12-22T09:35:49.8975716+01:00" testType="13cdc9d9-ddb5-4fa4-a97d-d965ccfc6d4b" outcome="Passed" testListId="8c84fa94-04c1-424b-9868-57a2d4851a1d" relativeResultsDirectory="e6914f40-593a-4dd3-88c2-2c36c118c2c2" />
    <UnitTestResult executionId="51d26855-62a7-41bb-abb1-7deb91b15b74" testId="6152e041-6043-20aa-4ee6-2fde325c4d9c" testName="TestConstructorWithMessageAndInnerException" computerName="DKSR-EFI-04" duration="00:00:00.0006915" startTime="2023-12-22T09:35:48.8350662+01:00" endTime="2023-12-22T09:35:48.8350662+01:00" testType="13cdc9d9-ddb5-4fa4-a97d-d965ccfc6d4b" outcome="Passed" testListId="8c84fa94-04c1-424b-9868-57a2d4851a1d" relativeResultsDirectory="51d26855-62a7-41bb-abb1-7deb91b15b74" />
    <UnitTestResult executionId="b5a96add-af33-4523-9988-bede93340c40" testId="8f477c37-7083-1672-5283-a9d495e9fd61" testName="TestGetPackages" computerName="DKSR-EFI-04" startTime="2023-12-22T09:35:53.0069621+01:00" endTime="2023-12-22T09:35:53.0069621+01:00" testType="13cdc9d9-ddb5-4fa4-a97d-d965ccfc6d4b" outcome="NotExecuted" testListId="8c84fa94-04c1-424b-9868-57a2d4851a1d" relativeResultsDirectory="b5a96add-af33-4523-9988-bede93340c40">
      <Output></Output>
    </UnitTestResult>
    <UnitTestResult executionId="45334f5c-f42f-42bf-b59c-50ed96eaf271" testId="36a635b8-d4a5-9a69-60b9-668002b58b49" testName="TestPackageUploader_PackageSigned" computerName="DKSR-EFI-04" duration="00:00:00.0831486" startTime="2023-12-22T09:35:49.3975710+01:00" endTime="2023-12-22T09:35:49.4756938+01:00" testType="13cdc9d9-ddb5-4fa4-a97d-d965ccfc6d4b" outcome="Passed" testListId="8c84fa94-04c1-424b-9868-57a2d4851a1d" relativeResultsDirectory="45334f5c-f42f-42bf-b59c-50ed96eaf271" />
    <UnitTestResult executionId="36ae5718-b6e8-4729-8c08-e7da705cd268" testId="2b7c73e8-3685-8491-b861-62d5fe5e1781" testName="Test_With_ArgmunentsXmlFileV2WithXsdError_When_ExtractingTheArguments_Then_ArgumentsAreEmpty" computerName="DKSR-EFI-04" duration="00:00:00.0005565" startTime="2023-12-22T09:39:01.3967130+01:00" endTime="2023-12-22T09:39:01.3967130+01:00" testType="13cdc9d9-ddb5-4fa4-a97d-d965ccfc6d4b" outcome="Passed" testListId="8c84fa94-04c1-424b-9868-57a2d4851a1d" relativeResultsDirectory="36ae5718-b6e8-4729-8c08-e7da705cd268" />
    <UnitTestResult executionId="b1ab065b-04e6-4493-84e1-6345fef50b77" testId="23436098-962c-b201-5a6c-05e35b01769d" testName="TestReadOnly" computerName="DKSR-EFI-04" duration="00:00:00.0001888" startTime="2023-12-22T09:35:49.9288213+01:00" endTime="2023-12-22T09:35:49.9288213+01:00" testType="13cdc9d9-ddb5-4fa4-a97d-d965ccfc6d4b" outcome="Passed" testListId="8c84fa94-04c1-424b-9868-57a2d4851a1d" relativeResultsDirectory="b1ab065b-04e6-4493-84e1-6345fef50b77" />
    <UnitTestResult executionId="6afe270b-9fd2-4af5-a32a-2a2987410f39" testId="d0f51d46-55ad-14e4-ecf1-7ac1fdeac6d0" testName="TestConstructor" computerName="DKSR-EFI-04" duration="00:00:00.0268438" startTime="2023-12-22T09:35:50.3663233+01:00" endTime="2023-12-22T09:35:50.3975887+01:00" testType="13cdc9d9-ddb5-4fa4-a97d-d965ccfc6d4b" outcome="Passed" testListId="8c84fa94-04c1-424b-9868-57a2d4851a1d" relativeResultsDirectory="6afe270b-9fd2-4af5-a32a-2a2987410f39" />
    <UnitTestResult executionId="0cdfdf5c-8779-41c5-907f-6ec86ef2ac56" testId="3538f6df-51fc-46bb-bdd2-8a9a714c9781" testName="TestConstructor" computerName="DKSR-EFI-04" duration="00:00:00.0033406" startTime="2023-12-22T09:35:49.8506973+01:00" endTime="2023-12-22T09:35:49.8663192+01:00" testType="13cdc9d9-ddb5-4fa4-a97d-d965ccfc6d4b" outcome="Passed" testListId="8c84fa94-04c1-424b-9868-57a2d4851a1d" relativeResultsDirectory="0cdfdf5c-8779-41c5-907f-6ec86ef2ac56" />
    <UnitTestResult executionId="e1682d8a-9d8b-461c-af5f-7cbed79a64a8" testId="b60114ef-9c63-d2ca-5962-07d7a30acee8" testName="TestGetLocalPackages" computerName="DKSR-EFI-04" duration="00:00:00.0010940" startTime="2023-12-22T09:39:01.3342178+01:00" endTime="2023-12-22T09:39:01.3342178+01:00" testType="13cdc9d9-ddb5-4fa4-a97d-d965ccfc6d4b" outcome="Passed" testListId="8c84fa94-04c1-424b-9868-57a2d4851a1d" relativeResultsDirectory="e1682d8a-9d8b-461c-af5f-7cbed79a64a8" />
    <UnitTestResult executionId="7c071ed8-76c8-46ad-afd9-9d88ba0b7501" testId="123eb3ff-4a58-1eca-6d67-d756df1179d7" testName="TestGetPackagesWithInvalidRepository" computerName="DKSR-EFI-04" duration="00:00:00.0028995" startTime="2023-12-22T09:38:02.6170398+01:00" endTime="2023-12-22T09:38:02.6170398+01:00" testType="13cdc9d9-ddb5-4fa4-a97d-d965ccfc6d4b" outcome="Passed" testListId="8c84fa94-04c1-424b-9868-57a2d4851a1d" relativeResultsDirectory="7c071ed8-76c8-46ad-afd9-9d88ba0b7501" />
    <UnitTestResult executionId="435b04a3-c6b6-4e82-a5b9-55967830ac20" testId="bc42b46e-3ad8-9bd9-e407-c79f3c41a24a" testName="TestTestRepositoriesWithInvalidRepositories" computerName="DKSR-EFI-04" duration="00:00:00.0074085" startTime="2023-12-22T09:37:52.9451111+01:00" endTime="2023-12-22T09:37:52.9451111+01:00" testType="13cdc9d9-ddb5-4fa4-a97d-d965ccfc6d4b" outcome="Passed" testListId="8c84fa94-04c1-424b-9868-57a2d4851a1d" relativeResultsDirectory="435b04a3-c6b6-4e82-a5b9-55967830ac20" />
    <UnitTestResult executionId="07586fb0-3bec-496b-86cb-6c5d4c6164ff" testId="740a8610-8c31-8944-361e-d37faed1ef95" testName="TestIsTasksRunningWithSpecificIDs" computerName="DKSR-EFI-04" duration="00:00:03.0601590" startTime="2023-12-22T09:38:58.2404449+01:00" endTime="2023-12-22T09:39:01.3029675+01:00" testType="13cdc9d9-ddb5-4fa4-a97d-d965ccfc6d4b" outcome="Passed" testListId="8c84fa94-04c1-424b-9868-57a2d4851a1d" relativeResultsDirectory="07586fb0-3bec-496b-86cb-6c5d4c6164ff" />
    <UnitTestResult executionId="654a5c4f-66ab-4a13-85df-8eebe1c25e7f" testId="a01967fd-fbe7-36ce-1ca1-d3fd457b8d42" testName="TestConstructorWithMessageAndInnerException" computerName="DKSR-EFI-04" duration="00:00:00.0006033" startTime="2023-12-22T09:35:48.8350662+01:00" endTime="2023-12-22T09:35:48.8350662+01:00" testType="13cdc9d9-ddb5-4fa4-a97d-d965ccfc6d4b" outcome="Passed" testListId="8c84fa94-04c1-424b-9868-57a2d4851a1d" relativeResultsDirectory="654a5c4f-66ab-4a13-85df-8eebe1c25e7f" />
    <UnitTestResult executionId="4a262aac-b4b8-4a0e-a92b-c7c92d89fba3" testId="7834dd3b-f169-31d5-1c4d-87c231ef4e34" testName="TestEnumeration1" computerName="DKSR-EFI-04" duration="00:00:00.0001360" startTime="2023-12-22T09:37:26.5230906+01:00" endTime="2023-12-22T09:37:26.5230906+01:00" testType="13cdc9d9-ddb5-4fa4-a97d-d965ccfc6d4b" outcome="Passed" testListId="8c84fa94-04c1-424b-9868-57a2d4851a1d" relativeResultsDirectory="4a262aac-b4b8-4a0e-a92b-c7c92d89fba3" />
    <UnitTestResult executionId="6369eb4d-16e2-486a-bd87-d7fe4e2d4343" testId="40155484-ee6e-4839-ee9d-f2f524b2192f" testName="TestStart" computerName="DKSR-EFI-04" duration="00:00:00.0282644" startTime="2023-12-22T09:35:53.0382129+01:00" endTime="2023-12-22T09:35:53.0538382+01:00" testType="13cdc9d9-ddb5-4fa4-a97d-d965ccfc6d4b" outcome="Passed" testListId="8c84fa94-04c1-424b-9868-57a2d4851a1d" relativeResultsDirectory="6369eb4d-16e2-486a-bd87-d7fe4e2d4343" />
    <UnitTestResult executionId="a23266c2-76a9-44a8-816c-8566f2631c23" testId="49f154a2-52b8-d09b-0cc0-999f7d82fc57" testName="TestConstructor" computerName="DKSR-EFI-04" duration="00:00:00.0237931" startTime="2023-12-22T09:35:50.3975887+01:00" endTime="2023-12-22T09:35:50.4288239+01:00" testType="13cdc9d9-ddb5-4fa4-a97d-d965ccfc6d4b" outcome="Passed" testListId="8c84fa94-04c1-424b-9868-57a2d4851a1d" relativeResultsDirectory="a23266c2-76a9-44a8-816c-8566f2631c23" />
    <UnitTestResult executionId="3d23de45-73db-4c8e-b8d8-533ab1213cb9" testId="a86a3687-379f-3de9-0259-cf26ca96ae61" testName="TestConstructorWithCurrentUser" computerName="DKSR-EFI-04" duration="00:00:00.0011366" startTime="2023-12-22T09:39:01.3029675+01:00" endTime="2023-12-22T09:39:01.3029675+01:00" testType="13cdc9d9-ddb5-4fa4-a97d-d965ccfc6d4b" outcome="Passed" testListId="8c84fa94-04c1-424b-9868-57a2d4851a1d" relativeResultsDirectory="3d23de45-73db-4c8e-b8d8-533ab1213cb9" />
    <UnitTestResult executionId="9b1e6e71-cae3-46ab-accb-a74aa62bc6db" testId="44d15d2f-608e-f569-c6d7-e1f96d32ab07" testName="TestGetInstalledPackages" computerName="DKSR-EFI-04" duration="00:00:00.0006443" startTime="2023-12-22T09:39:01.3342178+01:00" endTime="2023-12-22T09:39:01.3342178+01:00" testType="13cdc9d9-ddb5-4fa4-a97d-d965ccfc6d4b" outcome="Passed" testListId="8c84fa94-04c1-424b-9868-57a2d4851a1d" relativeResultsDirectory="9b1e6e71-cae3-46ab-accb-a74aa62bc6db" />
    <UnitTestResult executionId="07d9a1af-ce25-4394-9d8f-9eba169b5897" testId="04753381-ed85-90b5-1a05-be092499cb90" testName="TestGetInstalledPackagesWithInvalidHost" computerName="DKSR-EFI-04" duration="00:00:00.0023762" startTime="2023-12-22T09:38:08.8045735+01:00" endTime="2023-12-22T09:38:08.8045735+01:00" testType="13cdc9d9-ddb5-4fa4-a97d-d965ccfc6d4b" outcome="Passed" testListId="8c84fa94-04c1-424b-9868-57a2d4851a1d" relativeResultsDirectory="07d9a1af-ce25-4394-9d8f-9eba169b5897" />
    <UnitTestResult executionId="c3e0a807-893c-4fd5-8a04-1a580d680e30" testId="da47f623-7c3a-9404-4444-2b2c7c59f762" testName="TestConstructor" computerName="DKSR-EFI-04" duration="00:00:00.0009714" startTime="2023-12-22T09:35:49.8663192+01:00" endTime="2023-12-22T09:35:49.8663192+01:00" testType="13cdc9d9-ddb5-4fa4-a97d-d965ccfc6d4b" outcome="Passed" testListId="8c84fa94-04c1-424b-9868-57a2d4851a1d" relativeResultsDirectory="c3e0a807-893c-4fd5-8a04-1a580d680e30" />
    <UnitTestResult executionId="1547e941-b1e9-410d-b6a2-dc7446afad08" testId="227cdad4-e657-f59d-ef9e-12d753b423d0" testName="TestConstructorWithErrorCodeSuccess" computerName="DKSR-EFI-04" duration="00:00:00.0008264" startTime="2023-12-22T09:35:48.8350662+01:00" endTime="2023-12-22T09:35:48.8350662+01:00" testType="13cdc9d9-ddb5-4fa4-a97d-d965ccfc6d4b" outcome="Passed" testListId="8c84fa94-04c1-424b-9868-57a2d4851a1d" relativeResultsDirectory="1547e941-b1e9-410d-b6a2-dc7446afad08" />
    <UnitTestResult executionId="7f50ae32-2f82-46fb-98ee-11320b39e9b0" testId="b53777b6-9b17-4b3f-bddc-b6f07e3ad483" testName="TestInjection" computerName="DKSR-EFI-04" duration="00:00:04.0219204" startTime="2023-12-22T09:37:33.1950087+01:00" endTime="2023-12-22T09:37:37.2262724+01:00" testType="13cdc9d9-ddb5-4fa4-a97d-d965ccfc6d4b" outcome="Passed" testListId="8c84fa94-04c1-424b-9868-57a2d4851a1d" relativeResultsDirectory="7f50ae32-2f82-46fb-98ee-11320b39e9b0" />
    <UnitTestResult executionId="1de34e72-8078-4984-a721-0cb4df6c26e8" testId="c808a093-8195-0aab-e564-4015d1f64b86" testName="TestConstructorWithErrorCodeNonExistingService" computerName="DKSR-EFI-04" duration="00:00:00.0005045" startTime="2023-12-22T09:35:48.8506906+01:00" endTime="2023-12-22T09:35:48.8506906+01:00" testType="13cdc9d9-ddb5-4fa4-a97d-d965ccfc6d4b" outcome="Passed" testListId="8c84fa94-04c1-424b-9868-57a2d4851a1d" relativeResultsDirectory="1de34e72-8078-4984-a721-0cb4df6c26e8" />
    <UnitTestResult executionId="492b053e-91de-466d-9ea1-8d38ae96f0a8" testId="7799398e-47a6-85f8-e5e8-e2d395e7ffab" testName="TestStopHostTasksWithNullManager" computerName="DKSR-EFI-04" duration="00:00:00.0011175" startTime="2023-12-22T09:37:52.2419818+01:00" endTime="2023-12-22T09:37:52.2419818+01:00" testType="13cdc9d9-ddb5-4fa4-a97d-d965ccfc6d4b" outcome="Passed" testListId="8c84fa94-04c1-424b-9868-57a2d4851a1d" relativeResultsDirectory="492b053e-91de-466d-9ea1-8d38ae96f0a8" />
    <UnitTestResult executionId="da221a7e-ca13-4eff-b03a-f30986a1c7ce" testId="7f9ed6cf-7a79-9d37-5f62-7db0e658076c" testName="TestGetInstalledPackagesParallel" computerName="DKSR-EFI-04" duration="00:00:00.0438028" startTime="2023-12-22T09:38:08.8045735+01:00" endTime="2023-12-22T09:38:08.8514476+01:00" testType="13cdc9d9-ddb5-4fa4-a97d-d965ccfc6d4b" outcome="Passed" testListId="8c84fa94-04c1-424b-9868-57a2d4851a1d" relativeResultsDirectory="da221a7e-ca13-4eff-b03a-f30986a1c7ce" />
    <UnitTestResult executionId="4292c39b-5258-46f7-b792-bc54e47d0c8e" testId="e81ed2b9-9c7f-074e-5740-b30036c6ffca" testName="TestParameter" computerName="DKSR-EFI-04" duration="00:00:00.0005118" startTime="2023-12-22T09:35:49.9288213+01:00" endTime="2023-12-22T09:35:49.9288213+01:00" testType="13cdc9d9-ddb5-4fa4-a97d-d965ccfc6d4b" outcome="Passed" testListId="8c84fa94-04c1-424b-9868-57a2d4851a1d" relativeResultsDirectory="4292c39b-5258-46f7-b792-bc54e47d0c8e" />
    <UnitTestResult executionId="8ab4c2b9-e366-4543-b809-21951445bd7b" testId="ff251435-488c-f14c-109e-e0528c8469ae" testName="TestStopAllHostTask" computerName="DKSR-EFI-04" duration="00:00:00.0932855" startTime="2023-12-22T09:37:52.3357330+01:00" endTime="2023-12-22T09:37:52.4294805+01:00" testType="13cdc9d9-ddb5-4fa4-a97d-d965ccfc6d4b" outcome="Passed" testListId="8c84fa94-04c1-424b-9868-57a2d4851a1d" relativeResultsDirectory="8ab4c2b9-e366-4543-b809-21951445bd7b" />
    <UnitTestResult executionId="9ecd4594-0ce0-40d8-a7af-7bd28f699906" testId="f1681b95-2edd-308e-08f8-900cdf2ed21f" testName="TestStopAllHostTaskRemainingLevels" computerName="DKSR-EFI-04" duration="00:00:03.0934597" startTime="2023-12-22T09:38:36.6153230+01:00" endTime="2023-12-22T09:38:39.7090966+01:00" testType="13cdc9d9-ddb5-4fa4-a97d-d965ccfc6d4b" outcome="Passed" testListId="8c84fa94-04c1-424b-9868-57a2d4851a1d" relativeResultsDirectory="9ecd4594-0ce0-40d8-a7af-7bd28f699906" />
    <UnitTestResult executionId="70fecf72-e118-44b7-b6d6-b5960860ff3e" testId="b1db4271-00db-47c3-3257-a21b26aa024d" testName="TestConstructor" computerName="DKSR-EFI-04" duration="00:00:00.0124450" startTime="2023-12-22T09:35:49.1631946+01:00" endTime="2023-12-22T09:35:49.1788189+01:00" testType="13cdc9d9-ddb5-4fa4-a97d-d965ccfc6d4b" outcome="Passed" testListId="8c84fa94-04c1-424b-9868-57a2d4851a1d" relativeResultsDirectory="70fecf72-e118-44b7-b6d6-b5960860ff3e" />
    <UnitTestResult executionId="a0b6e3b5-9ec3-44a8-b69d-3ccf85c2c7a2" testId="43d6dc3c-53e8-45da-7aff-f2a5d909f61d" testName="TestPause" computerName="DKSR-EFI-04" duration="00:00:00.1185462" startTime="2023-12-22T09:37:41.3200420+01:00" endTime="2023-12-22T09:37:41.4450494+01:00" testType="13cdc9d9-ddb5-4fa4-a97d-d965ccfc6d4b" outcome="Passed" testListId="8c84fa94-04c1-424b-9868-57a2d4851a1d" relativeResultsDirectory="a0b6e3b5-9ec3-44a8-b69d-3ccf85c2c7a2" />
    <UnitTestResult executionId="c8b144a7-d97d-4fe9-bc63-e6e37d59b558" testId="1cff3eca-d525-091e-65e2-230ac0996f0f" testName="TestConstructor" computerName="DKSR-EFI-04" duration="00:00:00.0022211" startTime="2023-12-22T09:35:49.8975716+01:00" endTime="2023-12-22T09:35:49.8975716+01:00" testType="13cdc9d9-ddb5-4fa4-a97d-d965ccfc6d4b" outcome="Passed" testListId="8c84fa94-04c1-424b-9868-57a2d4851a1d" relativeResultsDirectory="c8b144a7-d97d-4fe9-bc63-e6e37d59b558" />
    <UnitTestResult executionId="be391bfe-09a1-401d-905c-ca482dffb0a6" testId="c5a9b9e3-ddc7-d599-f7fe-3844f6f9e15e" testName="TestGetHostInfo" computerName="DKSR-EFI-04" duration="00:00:00.0005989" startTime="2023-12-22T09:39:01.3342178+01:00" endTime="2023-12-22T09:39:01.3342178+01:00" testType="13cdc9d9-ddb5-4fa4-a97d-d965ccfc6d4b" outcome="Passed" testListId="8c84fa94-04c1-424b-9868-57a2d4851a1d" relativeResultsDirectory="be391bfe-09a1-401d-905c-ca482dffb0a6" />
    <UnitTestResult executionId="bbac35c4-774f-4d33-a5d5-7f0421f29d30" testId="6904d3c0-7be0-62c4-0ee3-07e51655142b" testName="TestUpdate" computerName="DKSR-EFI-04" duration="00:00:00.0001789" startTime="2023-12-22T09:37:46.1481939+01:00" endTime="2023-12-22T09:37:46.1481939+01:00" testType="13cdc9d9-ddb5-4fa4-a97d-d965ccfc6d4b" outcome="Passed" testListId="8c84fa94-04c1-424b-9868-57a2d4851a1d" relativeResultsDirectory="bbac35c4-774f-4d33-a5d5-7f0421f29d30" />
    <UnitTestResult executionId="a7b5f0e4-de73-40c3-8372-d0edba1f8736" testId="f4901ffe-89d3-e081-0aa9-7b9d56b57c0f" testName="TestGetOSVersionSequential" computerName="DKSR-EFI-04" duration="00:00:03.0308595" startTime="2023-12-22T09:38:11.9295958+01:00" endTime="2023-12-22T09:38:14.9608563+01:00" testType="13cdc9d9-ddb5-4fa4-a97d-d965ccfc6d4b" outcome="Passed" testListId="8c84fa94-04c1-424b-9868-57a2d4851a1d" relativeResultsDirectory="a7b5f0e4-de73-40c3-8372-d0edba1f8736" />
    <UnitTestResult executionId="2496763c-34ff-45f5-9e0b-5a5eaad6735f" testId="cc6517ba-270c-cbce-324e-33515a90db02" testName="TestConstructorWithMessageAndInnerException" computerName="DKSR-EFI-04" duration="00:00:00.0006164" startTime="2023-12-22T09:35:48.8350662+01:00" endTime="2023-12-22T09:35:48.8350662+01:00" testType="13cdc9d9-ddb5-4fa4-a97d-d965ccfc6d4b" outcome="Passed" testListId="8c84fa94-04c1-424b-9868-57a2d4851a1d" relativeResultsDirectory="2496763c-34ff-45f5-9e0b-5a5eaad6735f" />
    <UnitTestResult executionId="fbf79b09-1e24-4159-ade5-f20c48a736c2" testId="0f470e8f-f37d-d726-0ed9-2faddccddbca" testName="TestConstructor" computerName="DKSR-EFI-04" duration="00:00:00.0005385" startTime="2023-12-22T09:39:01.3029675+01:00" endTime="2023-12-22T09:39:01.3185978+01:00" testType="13cdc9d9-ddb5-4fa4-a97d-d965ccfc6d4b" outcome="Passed" testListId="8c84fa94-04c1-424b-9868-57a2d4851a1d" relativeResultsDirectory="fbf79b09-1e24-4159-ade5-f20c48a736c2" />
    <UnitTestResult executionId="e6748a70-45d4-4154-b562-c49e80b676a4" testId="f3eff344-b8fc-0e39-5989-18b02610ed7c" testName="TestIP" computerName="DKSR-EFI-04" duration="00:00:00.0005052" startTime="2023-12-22T09:39:01.3498363+01:00" endTime="2023-12-22T09:39:01.3498363+01:00" testType="13cdc9d9-ddb5-4fa4-a97d-d965ccfc6d4b" outcome="Passed" testListId="8c84fa94-04c1-424b-9868-57a2d4851a1d" relativeResultsDirectory="e6748a70-45d4-4154-b562-c49e80b676a4" />
    <UnitTestResult executionId="35fa7c08-d10d-4506-bc6a-c5b6d6f762d9" testId="fe18c034-aa0b-61e5-8a2a-c9568fd83fd9" testName="TestConstructorWithMessageAndInnerException" computerName="DKSR-EFI-04" duration="00:00:00.0005199" startTime="2023-12-22T09:35:48.8038161+01:00" endTime="2023-12-22T09:35:48.8038161+01:00" testType="13cdc9d9-ddb5-4fa4-a97d-d965ccfc6d4b" outcome="Passed" testListId="8c84fa94-04c1-424b-9868-57a2d4851a1d" relativeResultsDirectory="35fa7c08-d10d-4506-bc6a-c5b6d6f762d9" />
    <UnitTestResult executionId="c4cae03f-20af-4787-82ab-bed224d0449f" testId="dd2d2a8f-9ec7-e1ca-b0f2-5e683485ea4d" testName="TestConstructor" computerName="DKSR-EFI-04" duration="00:00:00.0158153" startTime="2023-12-22T09:35:49.8194468+01:00" endTime="2023-12-22T09:35:49.8350718+01:00" testType="13cdc9d9-ddb5-4fa4-a97d-d965ccfc6d4b" outcome="Passed" testListId="8c84fa94-04c1-424b-9868-57a2d4851a1d" relativeResultsDirectory="c4cae03f-20af-4787-82ab-bed224d0449f" />
    <UnitTestResult executionId="47c44a25-41de-412b-be19-9dfa3687bfec" testId="d0f30995-f3c5-37b9-b86a-fa5c9a160b83" testName="TestDNS_invalid" computerName="DKSR-EFI-04" duration="00:00:00.0185382" startTime="2023-12-22T09:37:41.8981737+01:00" endTime="2023-12-22T09:37:41.9294238+01:00" testType="13cdc9d9-ddb5-4fa4-a97d-d965ccfc6d4b" outcome="Passed" testListId="8c84fa94-04c1-424b-9868-57a2d4851a1d" relativeResultsDirectory="47c44a25-41de-412b-be19-9dfa3687bfec" />
    <UnitTestResult executionId="a8f57817-1f20-4285-ac94-0ef27d826b61" testId="04ad7382-7f4e-ecdf-65f5-9b1671144ea8" testName="TestUploadPackageParallel" computerName="DKSR-EFI-04" duration="00:00:00.0494247" startTime="2023-12-22T09:37:53.3044998+01:00" endTime="2023-12-22T09:37:53.3669868+01:00" testType="13cdc9d9-ddb5-4fa4-a97d-d965ccfc6d4b" outcome="Passed" testListId="8c84fa94-04c1-424b-9868-57a2d4851a1d" relativeResultsDirectory="a8f57817-1f20-4285-ac94-0ef27d826b61" />
    <UnitTestResult executionId="ea025f58-5002-44d1-b68c-91dcf5411d9f" testId="021ef098-7dbe-513e-8387-e4ed44861025" testName="TestConstructorWithValids" computerName="DKSR-EFI-04" duration="00:00:00.0004452" startTime="2023-12-22T09:35:53.0538382+01:00" endTime="2023-12-22T09:35:53.0538382+01:00" testType="13cdc9d9-ddb5-4fa4-a97d-d965ccfc6d4b" outcome="Passed" testListId="8c84fa94-04c1-424b-9868-57a2d4851a1d" relativeResultsDirectory="ea025f58-5002-44d1-b68c-91dcf5411d9f" />
    <UnitTestResult executionId="58149b4f-19d5-4019-aae3-549a91ed0935" testId="46745519-9ecc-7f3f-f79a-bc558a311ac6" testName="TestConstructor" computerName="DKSR-EFI-04" duration="00:00:00.0011451" startTime="2023-12-22T09:37:46.1481939+01:00" endTime="2023-12-22T09:37:46.1638216+01:00" testType="13cdc9d9-ddb5-4fa4-a97d-d965ccfc6d4b" outcome="Passed" testListId="8c84fa94-04c1-424b-9868-57a2d4851a1d" relativeResultsDirectory="58149b4f-19d5-4019-aae3-549a91ed0935" />
    <UnitTestResult executionId="f137e45e-2511-4791-a7a6-7e03c0f01459" testId="398e487f-9dca-6d67-fd26-4c9254a8ff88" testName="TestRebooterTaskConstructor" computerName="DKSR-EFI-04" duration="00:00:00.0009369" startTime="2023-12-22T09:37:42.1013000+01:00" endTime="2023-12-22T09:37:42.1013000+01:00" testType="13cdc9d9-ddb5-4fa4-a97d-d965ccfc6d4b" outcome="Passed" testListId="8c84fa94-04c1-424b-9868-57a2d4851a1d" relativeResultsDirectory="f137e45e-2511-4791-a7a6-7e03c0f01459" />
    <UnitTestResult executionId="dfaf2fea-39ed-48bb-830b-e8178a40faec" testId="21a039f5-a92d-7952-0779-2ef36815aea5" testName="TestTaskStopOnCompletedTask" computerName="DKSR-EFI-04" duration="00:00:00.0012510" startTime="2023-12-22T09:37:41.8200467+01:00" endTime="2023-12-22T09:37:41.8200467+01:00" testType="13cdc9d9-ddb5-4fa4-a97d-d965ccfc6d4b" outcome="Passed" testListId="8c84fa94-04c1-424b-9868-57a2d4851a1d" relativeResultsDirectory="dfaf2fea-39ed-48bb-830b-e8178a40faec" />
    <UnitTestResult executionId="ff87935b-8e47-4a4b-9e91-d98284e48b14" testId="505bf6e1-ce44-5a68-88c1-fb6651bb0490" testName="TestSetIndex" computerName="DKSR-EFI-04" duration="00:00:00.0007821" startTime="2023-12-22T09:35:49.8663192+01:00" endTime="2023-12-22T09:35:49.8663192+01:00" testType="13cdc9d9-ddb5-4fa4-a97d-d965ccfc6d4b" outcome="Passed" testListId="8c84fa94-04c1-424b-9868-57a2d4851a1d" relativeResultsDirectory="ff87935b-8e47-4a4b-9e91-d98284e48b14" />
    <UnitTestResult executionId="7ef25b92-b16c-41e9-8a99-c6b74e64737e" testId="6a762779-34b5-9625-f1df-b0709303efc2" testName="TestMakeSingleDir" computerName="DKSR-EFI-04" duration="00:00:00.0008437" startTime="2023-12-22T09:37:41.8825454+01:00" endTime="2023-12-22T09:37:41.8825454+01:00" testType="13cdc9d9-ddb5-4fa4-a97d-d965ccfc6d4b" outcome="Passed" testListId="8c84fa94-04c1-424b-9868-57a2d4851a1d" relativeResultsDirectory="7ef25b92-b16c-41e9-8a99-c6b74e64737e" />
    <UnitTestResult executionId="dab6d140-39ae-4b7b-b9e3-72ae22a77384" testId="bc2db273-e428-de1d-791f-6018cb46f40b" testName="TestGetPackages" computerName="DKSR-EFI-04" duration="00:00:00.0274955" startTime="2023-12-22T09:38:02.6170398+01:00" endTime="2023-12-22T09:38:02.6482906+01:00" testType="13cdc9d9-ddb5-4fa4-a97d-d965ccfc6d4b" outcome="Passed" testListId="8c84fa94-04c1-424b-9868-57a2d4851a1d" relativeResultsDirectory="dab6d140-39ae-4b7b-b9e3-72ae22a77384" />
    <UnitTestResult executionId="071e8172-ad4f-4a1a-8e19-6e34194242ed" testId="56faf403-3c0f-60e1-0db0-3e3aedf00f0a" testName="TestRunFailureTasksFirst" computerName="DKSR-EFI-04" duration="00:00:00.0008279" startTime="2023-12-22T09:37:30.5543619+01:00" endTime="2023-12-22T09:37:30.5543619+01:00" testType="13cdc9d9-ddb5-4fa4-a97d-d965ccfc6d4b" outcome="Passed" testListId="8c84fa94-04c1-424b-9868-57a2d4851a1d" relativeResultsDirectory="071e8172-ad4f-4a1a-8e19-6e34194242ed" />
    <UnitTestResult executionId="a80ed325-69c2-4922-9e1b-bbb727a05d9d" testId="957b3463-0dd9-a4c2-2310-22f1e43fd6cc" testName="TestConstructorWithErrorCodePathNotFound" computerName="DKSR-EFI-04" duration="00:00:00.0004823" startTime="2023-12-22T09:35:48.8506906+01:00" endTime="2023-12-22T09:35:48.8506906+01:00" testType="13cdc9d9-ddb5-4fa4-a97d-d965ccfc6d4b" outcome="Passed" testListId="8c84fa94-04c1-424b-9868-57a2d4851a1d" relativeResultsDirectory="a80ed325-69c2-4922-9e1b-bbb727a05d9d" />
    <UnitTestResult executionId="df2e80ad-647d-4ac9-b0e6-6b4e813eac9c" testId="d8a26e5e-a3ae-ca28-4ef4-d1f662c46cd6" testName="TestUploader" computerName="DKSR-EFI-04" duration="00:00:00.0005998" startTime="2023-12-22T09:35:48.9131895+01:00" endTime="2023-12-22T09:35:48.9131895+01:00" testType="13cdc9d9-ddb5-4fa4-a97d-d965ccfc6d4b" outcome="Passed" testListId="8c84fa94-04c1-424b-9868-57a2d4851a1d" relativeResultsDirectory="df2e80ad-647d-4ac9-b0e6-6b4e813eac9c" />
    <UnitTestResult executionId="0ff8cb4c-996d-41e8-a68f-dcc93e72e85a" testId="a2e12f75-2242-2b8d-51b3-d7a0e150a45c" testName="TestGetHost" computerName="DKSR-EFI-04" duration="00:00:00.0009427" startTime="2023-12-22T09:37:53.3044998+01:00" endTime="2023-12-22T09:37:53.3044998+01:00" testType="13cdc9d9-ddb5-4fa4-a97d-d965ccfc6d4b" outcome="Passed" testListId="8c84fa94-04c1-424b-9868-57a2d4851a1d" relativeResultsDirectory="0ff8cb4c-996d-41e8-a68f-dcc93e72e85a" />
    <UnitTestResult executionId="a1393332-38ac-4df0-a508-cfd7a18472d8" testId="7bced07e-5002-455f-f0b3-e4b378be8923" testName="TestStartWithErrorInPreRun" computerName="DKSR-EFI-04" duration="00:00:00.0015078" startTime="2023-12-22T09:37:41.3200420+01:00" endTime="2023-12-22T09:37:41.3200420+01:00" testType="13cdc9d9-ddb5-4fa4-a97d-d965ccfc6d4b" outcome="Passed" testListId="8c84fa94-04c1-424b-9868-57a2d4851a1d" relativeResultsDirectory="a1393332-38ac-4df0-a508-cfd7a18472d8" />
    <UnitTestResult executionId="0a16c3fc-d6f2-4282-adb7-b8ffd1c57829" testId="76542709-be8d-6929-2c1e-1e0af7b93f0e" testName="TestUninstallString" computerName="DKSR-EFI-04" duration="00:00:00.0040503" startTime="2023-12-22T09:35:49.8506973+01:00" endTime="2023-12-22T09:35:49.8506973+01:00" testType="13cdc9d9-ddb5-4fa4-a97d-d965ccfc6d4b" outcome="Passed" testListId="8c84fa94-04c1-424b-9868-57a2d4851a1d" relativeResultsDirectory="0a16c3fc-d6f2-4282-adb7-b8ffd1c57829" />
    <UnitTestResult executionId="3aa6a3c6-4b7d-4753-8e61-8007d28c16d4" testId="5b57b096-32f8-a318-15a0-dbd4aa3c2753" testName="FileShareImportPackageTask_ShouldFail_IfVerifyToolThrowsTrustVerificationException" computerName="DKSR-EFI-04" duration="00:00:00.0038429" startTime="2023-12-22T09:35:50.6007155+01:00" endTime="2023-12-22T09:35:50.6007155+01:00" testType="13cdc9d9-ddb5-4fa4-a97d-d965ccfc6d4b" outcome="Passed" testListId="8c84fa94-04c1-424b-9868-57a2d4851a1d" relativeResultsDirectory="3aa6a3c6-4b7d-4753-8e61-8007d28c16d4" />
    <UnitTestResult executionId="8ce5195c-78d1-48e2-8a75-cb840e2bc0b8" testId="e5bc4ebc-87db-486a-42fb-aa45ec30b12b" testName="TestConstructor" computerName="DKSR-EFI-04" duration="00:00:00.0020291" startTime="2023-12-22T09:35:52.9757117+01:00" endTime="2023-12-22T09:35:52.9757117+01:00" testType="13cdc9d9-ddb5-4fa4-a97d-d965ccfc6d4b" outcome="Passed" testListId="8c84fa94-04c1-424b-9868-57a2d4851a1d" relativeResultsDirectory="8ce5195c-78d1-48e2-8a75-cb840e2bc0b8" />
    <UnitTestResult executionId="55396cf6-bdb8-4761-9818-2bc0fbd5c6ce" testId="fd0ce9f9-2415-20bc-0fe2-2f12873a13f9" testName="TestStopStartedTask" computerName="DKSR-EFI-04" duration="00:00:00.2182794" startTime="2023-12-22T09:37:46.4919477+01:00" endTime="2023-12-22T09:37:46.7107058+01:00" testType="13cdc9d9-ddb5-4fa4-a97d-d965ccfc6d4b" outcome="Passed" testListId="8c84fa94-04c1-424b-9868-57a2d4851a1d" relativeResultsDirectory="55396cf6-bdb8-4761-9818-2bc0fbd5c6ce" />
    <UnitTestResult executionId="1b800663-ca0e-40f1-957f-55ee791f1c73" testId="16b0b669-97dc-a186-724b-c8025a9929b5" testName="TestGetPackages" computerName="DKSR-EFI-04" duration="00:00:00.0626341" startTime="2023-12-22T09:35:49.1788189+01:00" endTime="2023-12-22T09:35:49.2413195+01:00" testType="13cdc9d9-ddb5-4fa4-a97d-d965ccfc6d4b" outcome="Passed" testListId="8c84fa94-04c1-424b-9868-57a2d4851a1d" relativeResultsDirectory="1b800663-ca0e-40f1-957f-55ee791f1c73" />
    <UnitTestResult executionId="df52bb03-de58-4fa3-aff2-e9cb1c3085af" testId="0b029b03-e5f3-b149-3920-586205f4cd46" testName="TestParseXmlThatDoesNotValidateSchema" computerName="DKSR-EFI-04" startTime="2023-12-22T09:35:49.9131972+01:00" endTime="2023-12-22T09:35:49.9131972+01:00" testType="13cdc9d9-ddb5-4fa4-a97d-d965ccfc6d4b" outcome="NotExecuted" testListId="8c84fa94-04c1-424b-9868-57a2d4851a1d" relativeResultsDirectory="df52bb03-de58-4fa3-aff2-e9cb1c3085af">
      <Output></Output>
    </UnitTestResult>
    <UnitTestResult executionId="4bab1d93-cce6-49d0-a6cc-da7ba1814ecd" testId="a5fae02e-9780-3d8e-be60-788c3b7d16c2" testName="TestGetRepository" computerName="DKSR-EFI-04" duration="00:00:00.0010875" startTime="2023-12-22T09:37:53.3044998+01:00" endTime="2023-12-22T09:37:53.3044998+01:00" testType="13cdc9d9-ddb5-4fa4-a97d-d965ccfc6d4b" outcome="Passed" testListId="8c84fa94-04c1-424b-9868-57a2d4851a1d" relativeResultsDirectory="4bab1d93-cce6-49d0-a6cc-da7ba1814ecd" />
    <UnitTestResult executionId="cdeba476-3cb9-4b0f-9730-7912aa6dc207" testId="dca228a0-81df-8712-dc7f-0dc5c847777d" testName="TestCopyFileWithProgress" computerName="DKSR-EFI-04" duration="00:00:00.0016669" startTime="2023-12-22T09:35:50.6319498+01:00" endTime="2023-12-22T09:35:50.6319498+01:00" testType="13cdc9d9-ddb5-4fa4-a97d-d965ccfc6d4b" outcome="Passed" testListId="8c84fa94-04c1-424b-9868-57a2d4851a1d" relativeResultsDirectory="cdeba476-3cb9-4b0f-9730-7912aa6dc207" />
    <UnitTestResult executionId="3bc9d2a3-aeb5-40be-acfc-b3f18593eb9a" testId="e054dcdd-51af-3c68-d12e-6dc73cf4eb19" testName="TestStartWithErrorInPostRun" computerName="DKSR-EFI-04" duration="00:00:00.0013025" startTime="2023-12-22T09:37:41.3200420+01:00" endTime="2023-12-22T09:37:41.3200420+01:00" testType="13cdc9d9-ddb5-4fa4-a97d-d965ccfc6d4b" outcome="Passed" testListId="8c84fa94-04c1-424b-9868-57a2d4851a1d" relativeResultsDirectory="3bc9d2a3-aeb5-40be-acfc-b3f18593eb9a" />
    <UnitTestResult executionId="6b2c2f34-804e-407d-b4e4-8cb68441057f" testId="5a880289-fba4-8a86-5ba1-cfa26e3284b5" testName="TestPrerequisite" computerName="DKSR-EFI-04" duration="00:00:00.0009699" startTime="2023-12-22T09:35:49.9288213+01:00" endTime="2023-12-22T09:35:49.9288213+01:00" testType="13cdc9d9-ddb5-4fa4-a97d-d965ccfc6d4b" outcome="Passed" testListId="8c84fa94-04c1-424b-9868-57a2d4851a1d" relativeResultsDirectory="6b2c2f34-804e-407d-b4e4-8cb68441057f" />
    <UnitTestResult executionId="757a9157-450e-4470-911f-085419c17355" testId="a39446df-6f24-60d3-7536-413204661085" testName="TestCopyFileWithPauseAndUnpause" computerName="DKSR-EFI-04" duration="00:00:02.1945741" startTime="2023-12-22T09:35:50.7882210+01:00" endTime="2023-12-22T09:35:52.9757117+01:00" testType="13cdc9d9-ddb5-4fa4-a97d-d965ccfc6d4b" outcome="Passed" testListId="8c84fa94-04c1-424b-9868-57a2d4851a1d" relativeResultsDirectory="757a9157-450e-4470-911f-085419c17355" />
    <UnitTestResult executionId="29dd430b-3310-4c22-bfbe-c716fa8acf6e" testId="e3ca0d6d-89ae-429d-2832-2bb467f02eff" testName="TestStopFailedTask" computerName="DKSR-EFI-04" duration="00:00:00.0539560" startTime="2023-12-22T09:37:41.8200467+01:00" endTime="2023-12-22T09:37:41.8825454+01:00" testType="13cdc9d9-ddb5-4fa4-a97d-d965ccfc6d4b" outcome="Passed" testListId="8c84fa94-04c1-424b-9868-57a2d4851a1d" relativeResultsDirectory="29dd430b-3310-4c22-bfbe-c716fa8acf6e" />
    <UnitTestResult executionId="b07b60ca-e6d5-4fad-846b-3f703ee902d9" testId="a3e7e124-513f-599e-5dcf-9092069c6e07" testName="TestConstructorWithErrorCodeServiceCannotAcceptControl" computerName="DKSR-EFI-04" duration="00:00:00.0005557" startTime="2023-12-22T09:35:48.8506906+01:00" endTime="2023-12-22T09:35:48.8506906+01:00" testType="13cdc9d9-ddb5-4fa4-a97d-d965ccfc6d4b" outcome="Passed" testListId="8c84fa94-04c1-424b-9868-57a2d4851a1d" relativeResultsDirectory="b07b60ca-e6d5-4fad-846b-3f703ee902d9" />
    <UnitTestResult executionId="ef02b723-453b-46be-8428-945599cc8b64" testId="509804e8-d8ee-e9bd-b5b3-aeeece8c3d43" testName="TestIsLocalIPAddressWithMultipleCalls" computerName="DKSR-EFI-04" duration="00:00:00.0000959" startTime="2023-12-22T09:39:01.3498363+01:00" endTime="2023-12-22T09:39:01.3498363+01:00" testType="13cdc9d9-ddb5-4fa4-a97d-d965ccfc6d4b" outcome="Passed" testListId="8c84fa94-04c1-424b-9868-57a2d4851a1d" relativeResultsDirectory="ef02b723-453b-46be-8428-945599cc8b64" />
    <UnitTestResult executionId="bf06ed7e-263c-49d9-b487-bb73cec50e0d" testId="1361d5d5-52ef-44c5-6dcc-69e48369bb22" testName="TestDetachObserver" computerName="DKSR-EFI-04" duration="00:00:00.0007093" startTime="2023-12-22T09:37:46.1481939+01:00" endTime="2023-12-22T09:37:46.1481939+01:00" testType="13cdc9d9-ddb5-4fa4-a97d-d965ccfc6d4b" outcome="Passed" testListId="8c84fa94-04c1-424b-9868-57a2d4851a1d" relativeResultsDirectory="bf06ed7e-263c-49d9-b487-bb73cec50e0d" />
    <UnitTestResult executionId="0b73f35e-3bdc-4db4-a96a-d68a96869a6a" testId="b7ea915e-8d23-5a60-08af-57723815f578" testName="TestConstructor" computerName="DKSR-EFI-04" duration="00:00:00.0008190" startTime="2023-12-22T09:37:41.2575441+01:00" endTime="2023-12-22T09:37:41.2575441+01:00" testType="13cdc9d9-ddb5-4fa4-a97d-d965ccfc6d4b" outcome="Passed" testListId="8c84fa94-04c1-424b-9868-57a2d4851a1d" relativeResultsDirectory="0b73f35e-3bdc-4db4-a96a-d68a96869a6a" />
    <UnitTestResult executionId="d364cbdc-ba33-4ad7-a690-df240fc35430" testId="7468abf9-8496-a9ce-938c-e8b14b5f2200" testName="TestGetDeleteLocalPackage" computerName="DKSR-EFI-04" duration="00:00:00.0010265" startTime="2023-12-22T09:39:01.3342178+01:00" endTime="2023-12-22T09:39:01.3342178+01:00" testType="13cdc9d9-ddb5-4fa4-a97d-d965ccfc6d4b" outcome="Passed" testListId="8c84fa94-04c1-424b-9868-57a2d4851a1d" relativeResultsDirectory="d364cbdc-ba33-4ad7-a690-df240fc35430" />
    <UnitTestResult executionId="03b8d652-0e3c-4fb6-9e95-85b9ac270702" testId="f9cd709d-06a0-cb2e-c1c2-3af44a928bed" testName="TestConstructorWithMessage" computerName="DKSR-EFI-04" duration="00:00:00.0005383" startTime="2023-12-22T09:35:48.8038161+01:00" endTime="2023-12-22T09:35:48.8038161+01:00" testType="13cdc9d9-ddb5-4fa4-a97d-d965ccfc6d4b" outcome="Passed" testListId="8c84fa94-04c1-424b-9868-57a2d4851a1d" relativeResultsDirectory="03b8d652-0e3c-4fb6-9e95-85b9ac270702" />
    <UnitTestResult executionId="d6746a09-4662-437c-a1a2-5b21150b2f30" testId="2d9dbc28-3346-aa2c-3f94-7988e6e65d16" testName="TestGetLocalPackagesWithInvalidHost" computerName="DKSR-EFI-04" duration="00:00:00.0023461" startTime="2023-12-22T09:38:02.6795432+01:00" endTime="2023-12-22T09:38:02.6795432+01:00" testType="13cdc9d9-ddb5-4fa4-a97d-d965ccfc6d4b" outcome="Passed" testListId="8c84fa94-04c1-424b-9868-57a2d4851a1d" relativeResultsDirectory="d6746a09-4662-437c-a1a2-5b21150b2f30" />
    <UnitTestResult executionId="9eacb1c1-6a6c-4cce-80a1-9cb49f0587ad" testId="cef844ae-f7df-59dd-115d-a7bcafd90e57" testName="TestLocalHost" computerName="DKSR-EFI-04" duration="00:00:00.0118293" startTime="2023-12-22T09:37:41.8825454+01:00" endTime="2023-12-22T09:37:41.8981737+01:00" testType="13cdc9d9-ddb5-4fa4-a97d-d965ccfc6d4b" outcome="Passed" testListId="8c84fa94-04c1-424b-9868-57a2d4851a1d" relativeResultsDirectory="9eacb1c1-6a6c-4cce-80a1-9cb49f0587ad" />
    <UnitTestResult executionId="16b53d80-e99b-46aa-aec8-a0ff294fc19f" testId="189e2ed8-2590-6f80-cf67-f946098c2a53" testName="TestIsLocalIPAddress_127001" computerName="DKSR-EFI-04" duration="00:00:00.0000515" startTime="2023-12-22T09:39:01.3498363+01:00" endTime="2023-12-22T09:39:01.3498363+01:00" testType="13cdc9d9-ddb5-4fa4-a97d-d965ccfc6d4b" outcome="Passed" testListId="8c84fa94-04c1-424b-9868-57a2d4851a1d" relativeResultsDirectory="16b53d80-e99b-46aa-aec8-a0ff294fc19f" />
    <UnitTestResult executionId="71ac4ea4-e402-4480-8355-c240fbe8dbad" testId="f1d3bc99-16dc-eb0d-4f79-920ef3df3a07" testName="TestTaskWarningInPreRun" computerName="DKSR-EFI-04" duration="00:00:00.0013611" startTime="2023-12-22T09:37:41.8200467+01:00" endTime="2023-12-22T09:37:41.8200467+01:00" testType="13cdc9d9-ddb5-4fa4-a97d-d965ccfc6d4b" outcome="Passed" testListId="8c84fa94-04c1-424b-9868-57a2d4851a1d" relativeResultsDirectory="71ac4ea4-e402-4480-8355-c240fbe8dbad" />
    <UnitTestResult executionId="6e213e92-7959-41f0-bf91-dd1e8d94e831" testId="c40bd895-725a-1fb2-ec21-aeab0bc59909" testName="TestImportPackage_ShouldSucceed_WhenInstallerConatainsValidPackageXml" computerName="DKSR-EFI-04" startTime="2023-12-22T09:35:50.4913234+01:00" endTime="2023-12-22T09:35:50.4913234+01:00" testType="13cdc9d9-ddb5-4fa4-a97d-d965ccfc6d4b" outcome="NotExecuted" testListId="8c84fa94-04c1-424b-9868-57a2d4851a1d" relativeResultsDirectory="6e213e92-7959-41f0-bf91-dd1e8d94e831">
      <Output></Output>
    </UnitTestResult>
    <UnitTestResult executionId="7a1926d2-ee8a-47e9-b536-7a09db95f25d" testId="c0d78bc9-8b22-4b83-e487-b28dbfa43be1" testName="TestConstructorWithMessageAndInnerException" computerName="DKSR-EFI-04" duration="00:00:00.0006307" startTime="2023-12-22T09:35:48.8038161+01:00" endTime="2023-12-22T09:35:48.8038161+01:00" testType="13cdc9d9-ddb5-4fa4-a97d-d965ccfc6d4b" outcome="Passed" testListId="8c84fa94-04c1-424b-9868-57a2d4851a1d" relativeResultsDirectory="7a1926d2-ee8a-47e9-b536-7a09db95f25d" />
    <UnitTestResult executionId="cf54747e-c13e-4303-9eeb-2101acd13f70" testId="6a8d8c2c-5a74-d0ec-0a79-8c551b112800" testName="TestGetOSVersionWithInvalidHost" computerName="DKSR-EFI-04" duration="00:00:00.0030822" startTime="2023-12-22T09:38:11.8827179+01:00" endTime="2023-12-22T09:38:11.8827179+01:00" testType="13cdc9d9-ddb5-4fa4-a97d-d965ccfc6d4b" outcome="Passed" testListId="8c84fa94-04c1-424b-9868-57a2d4851a1d" relativeResultsDirectory="cf54747e-c13e-4303-9eeb-2101acd13f70" />
    <UnitTestResult executionId="d6cf141a-d8fe-4ace-a44e-655d05f310af" testId="5323add9-9438-8c53-0fca-d94870660b43" testName="TestMakeDirWithMultipleSubDirs" computerName="DKSR-EFI-04" duration="00:00:00.0010473" startTime="2023-12-22T09:37:41.8825454+01:00" endTime="2023-12-22T09:37:41.8825454+01:00" testType="13cdc9d9-ddb5-4fa4-a97d-d965ccfc6d4b" outcome="Passed" testListId="8c84fa94-04c1-424b-9868-57a2d4851a1d" relativeResultsDirectory="d6cf141a-d8fe-4ace-a44e-655d05f310af" />
    <UnitTestResult executionId="f61f7e89-3ad4-442c-a173-23e93c059cf8" testId="6c12d520-15aa-b4cf-0a08-c96da7cf1722" testName="TestConstructorWithErrorCodeServiceRequestTimeout" computerName="DKSR-EFI-04" duration="00:00:00.0004855" startTime="2023-12-22T09:35:48.8506906+01:00" endTime="2023-12-22T09:35:48.8506906+01:00" testType="13cdc9d9-ddb5-4fa4-a97d-d965ccfc6d4b" outcome="Passed" testListId="8c84fa94-04c1-424b-9868-57a2d4851a1d" relativeResultsDirectory="f61f7e89-3ad4-442c-a173-23e93c059cf8" />
    <UnitTestResult executionId="ac089ef1-1268-4c9f-81f8-2059991c74c3" testId="7d275e3d-ce8a-245d-532c-9789e820e55e" testName="TestGetPackagesInvalid" computerName="DKSR-EFI-04" duration="00:00:00.0152834" startTime="2023-12-22T09:35:53.0069621+01:00" endTime="2023-12-22T09:35:53.0225876+01:00" testType="13cdc9d9-ddb5-4fa4-a97d-d965ccfc6d4b" outcome="Passed" testListId="8c84fa94-04c1-424b-9868-57a2d4851a1d" relativeResultsDirectory="ac089ef1-1268-4c9f-81f8-2059991c74c3" />
    <UnitTestResult executionId="8217b3e9-aea5-4a53-afab-f7dca1232ac7" testId="6a8fa308-ac39-ccff-224f-2c11a1875cff" testName="TestStopHostTaskWithInvalidHost" computerName="DKSR-EFI-04" duration="00:00:00.0023175" startTime="2023-12-22T09:38:21.1228739+01:00" endTime="2023-12-22T09:38:21.1228739+01:00" testType="13cdc9d9-ddb5-4fa4-a97d-d965ccfc6d4b" outcome="Passed" testListId="8c84fa94-04c1-424b-9868-57a2d4851a1d" relativeResultsDirectory="8217b3e9-aea5-4a53-afab-f7dca1232ac7" />
    <UnitTestResult executionId="84070532-1ff8-4017-a6e1-ce8e003d5186" testId="07b8ae28-3f7d-4c7c-c1aa-a7481b9226b5" testName="TestIPv6_2" computerName="DKSR-EFI-04" duration="00:00:00.0003855" startTime="2023-12-22T09:39:01.3498363+01:00" endTime="2023-12-22T09:39:01.3498363+01:00" testType="13cdc9d9-ddb5-4fa4-a97d-d965ccfc6d4b" outcome="Passed" testListId="8c84fa94-04c1-424b-9868-57a2d4851a1d" relativeResultsDirectory="84070532-1ff8-4017-a6e1-ce8e003d5186" />
    <UnitTestResult executionId="f8e295da-f25b-4242-af59-0c867affd32f" testId="37e26fc7-40a0-7e47-0f13-ec833e365aba" testName="TestEnumeration2" computerName="DKSR-EFI-04" duration="00:00:00.0001502" startTime="2023-12-22T09:37:26.5230906+01:00" endTime="2023-12-22T09:37:26.5230906+01:00" testType="13cdc9d9-ddb5-4fa4-a97d-d965ccfc6d4b" outcome="Passed" testListId="8c84fa94-04c1-424b-9868-57a2d4851a1d" relativeResultsDirectory="f8e295da-f25b-4242-af59-0c867affd32f" />
    <UnitTestResult executionId="25ab8d1c-b0a8-4ef9-8a38-81f2d59f2d2d" testId="517deaa3-fb72-43d4-f26a-18dc2c3127b6" testName="TestConstructorWithMessage" computerName="DKSR-EFI-04" duration="00:00:00.0005635" startTime="2023-12-22T09:35:48.8350662+01:00" endTime="2023-12-22T09:35:48.8350662+01:00" testType="13cdc9d9-ddb5-4fa4-a97d-d965ccfc6d4b" outcome="Passed" testListId="8c84fa94-04c1-424b-9868-57a2d4851a1d" relativeResultsDirectory="25ab8d1c-b0a8-4ef9-8a38-81f2d59f2d2d" />
    <UnitTestResult executionId="8d73f153-77ef-4cea-aba5-634ce697c22a" testId="56fd3714-911e-3c1d-d65a-ddc9984079a7" testName="TestWaitForAllTasksWithNullManager" computerName="DKSR-EFI-04" duration="00:00:00.0005334" startTime="2023-12-22T09:37:52.6951073+01:00" endTime="2023-12-22T09:37:52.6951073+01:00" testType="13cdc9d9-ddb5-4fa4-a97d-d965ccfc6d4b" outcome="Passed" testListId="8c84fa94-04c1-424b-9868-57a2d4851a1d" relativeResultsDirectory="8d73f153-77ef-4cea-aba5-634ce697c22a" />
    <UnitTestResult executionId="681bbbe0-1507-44f6-9482-28e230e1968b" testId="cb156529-9899-4aae-6bb8-bbac8771853d" testName="TestConstructor" computerName="DKSR-EFI-04" duration="00:00:00.0010676" startTime="2023-12-22T09:37:41.8825454+01:00" endTime="2023-12-22T09:37:41.8825454+01:00" testType="13cdc9d9-ddb5-4fa4-a97d-d965ccfc6d4b" outcome="Passed" testListId="8c84fa94-04c1-424b-9868-57a2d4851a1d" relativeResultsDirectory="681bbbe0-1507-44f6-9482-28e230e1968b" />
    <UnitTestResult executionId="599ad06d-cae2-485f-9cac-22e693599c1d" testId="330e6a9d-2d5c-ac83-143d-e6e550e3720b" testName="TestConstructorWithErrorCodeAccessDenied" computerName="DKSR-EFI-04" duration="00:00:00.0005066" startTime="2023-12-22T09:35:48.8506906+01:00" endTime="2023-12-22T09:35:48.8506906+01:00" testType="13cdc9d9-ddb5-4fa4-a97d-d965ccfc6d4b" outcome="Passed" testListId="8c84fa94-04c1-424b-9868-57a2d4851a1d" relativeResultsDirectory="599ad06d-cae2-485f-9cac-22e693599c1d" />
    <UnitTestResult executionId="9118c865-f7e0-4f1e-91d3-a7ef87e1c8e0" testId="86d1cc4f-8091-b22e-336f-4cb0386e426c" testName="TestGetOSVersionParallel" computerName="DKSR-EFI-04" duration="00:00:00.0429819" startTime="2023-12-22T09:38:11.8827179+01:00" endTime="2023-12-22T09:38:11.9295958+01:00" testType="13cdc9d9-ddb5-4fa4-a97d-d965ccfc6d4b" outcome="Passed" testListId="8c84fa94-04c1-424b-9868-57a2d4851a1d" relativeResultsDirectory="9118c865-f7e0-4f1e-91d3-a7ef87e1c8e0" />
    <UnitTestResult executionId="e2784fb2-49f4-4eb3-9675-fd32200c05ba" testId="fca63c0e-d16d-4503-2a64-6b01e464c0f0" testName="TestTestRepositories" computerName="DKSR-EFI-04" duration="00:00:00.0215963" startTime="2023-12-22T09:37:52.9451111+01:00" endTime="2023-12-22T09:37:52.9766915+01:00" testType="13cdc9d9-ddb5-4fa4-a97d-d965ccfc6d4b" outcome="Passed" testListId="8c84fa94-04c1-424b-9868-57a2d4851a1d" relativeResultsDirectory="e2784fb2-49f4-4eb3-9675-fd32200c05ba" />
    <UnitTestResult executionId="57284812-33e5-4eea-b600-38360eee61da" testId="3cb4d030-e34c-4c73-8e37-551b04141e43" testName="TestConstructor" computerName="DKSR-EFI-04" duration="00:00:00.0006002" startTime="2023-12-22T09:37:41.8825454+01:00" endTime="2023-12-22T09:37:41.8825454+01:00" testType="13cdc9d9-ddb5-4fa4-a97d-d965ccfc6d4b" outcome="Passed" testListId="8c84fa94-04c1-424b-9868-57a2d4851a1d" relativeResultsDirectory="57284812-33e5-4eea-b600-38360eee61da" />
    <UnitTestResult executionId="40732137-78b3-48c2-b287-91c2f139c96c" testId="3dff1f41-5a6c-1f6b-dc94-6936d92863d6" testName="TestStop" computerName="DKSR-EFI-04" duration="00:00:00.1242401" startTime="2023-12-22T09:37:32.6949965+01:00" endTime="2023-12-22T09:37:32.8200039+01:00" testType="13cdc9d9-ddb5-4fa4-a97d-d965ccfc6d4b" outcome="Passed" testListId="8c84fa94-04c1-424b-9868-57a2d4851a1d" relativeResultsDirectory="40732137-78b3-48c2-b287-91c2f139c96c" />
    <UnitTestResult executionId="13bf6a4e-693b-4a5a-b23f-25fdc49927b6" testId="dda34e2b-0d6b-f778-6cc1-d3fd58535a8e" testName="TestGetHostName" computerName="DKSR-EFI-04" duration="00:00:00.0005171" startTime="2023-12-22T09:35:50.3506990+01:00" endTime="2023-12-22T09:35:50.3506990+01:00" testType="13cdc9d9-ddb5-4fa4-a97d-d965ccfc6d4b" outcome="Passed" testListId="8c84fa94-04c1-424b-9868-57a2d4851a1d" relativeResultsDirectory="13bf6a4e-693b-4a5a-b23f-25fdc49927b6" />
    <UnitTestResult executionId="00776456-7d6a-49ef-b7de-3289cda1830c" testId="9e34c367-5723-2d6b-b206-e27de106d084" testName="TestImportPackage_TaskShouldError_WhenInstallerConatainsInvalidPackageXml" computerName="DKSR-EFI-04" duration="00:00:00.0277923" startTime="2023-12-22T09:35:50.5538251+01:00" endTime="2023-12-22T09:35:50.5850744+01:00" testType="13cdc9d9-ddb5-4fa4-a97d-d965ccfc6d4b" outcome="Passed" testListId="8c84fa94-04c1-424b-9868-57a2d4851a1d" relativeResultsDirectory="00776456-7d6a-49ef-b7de-3289cda1830c" />
    <UnitTestResult executionId="68bf4789-199c-495f-902f-7b1df62c9b1a" testId="93203ca6-739a-f1e1-3f23-53da55ebd190" testName="TestDeleteLocalPackageWithInvalidHost" computerName="DKSR-EFI-04" duration="00:00:00.0036529" startTime="2023-12-22T09:38:55.1623076+01:00" endTime="2023-12-22T09:38:55.1623076+01:00" testType="13cdc9d9-ddb5-4fa4-a97d-d965ccfc6d4b" outcome="Passed" testListId="8c84fa94-04c1-424b-9868-57a2d4851a1d" relativeResultsDirectory="68bf4789-199c-495f-902f-7b1df62c9b1a" />
    <UnitTestResult executionId="8270723e-cafc-4e16-91fc-748b58f55aa9" testId="781458f1-23a4-0aa0-3bdb-d72f01e70470" testName="TestRebooterTaskConstructor" computerName="DKSR-EFI-04" duration="00:00:00.0005812" startTime="2023-12-22T09:35:50.3975887+01:00" endTime="2023-12-22T09:35:50.3975887+01:00" testType="13cdc9d9-ddb5-4fa4-a97d-d965ccfc6d4b" outcome="Passed" testListId="8c84fa94-04c1-424b-9868-57a2d4851a1d" relativeResultsDirectory="8270723e-cafc-4e16-91fc-748b58f55aa9" />
    <UnitTestResult executionId="afd2d75a-d432-4edd-b36e-936bbbd6997f" testId="a4208f47-51bb-3553-6e35-32df31a81552" testName="TestUninstallString" computerName="DKSR-EFI-04" duration="00:00:00.0035883" startTime="2023-12-22T09:35:49.8975716+01:00" endTime="2023-12-22T09:35:49.9131972+01:00" testType="13cdc9d9-ddb5-4fa4-a97d-d965ccfc6d4b" outcome="Passed" testListId="8c84fa94-04c1-424b-9868-57a2d4851a1d" relativeResultsDirectory="afd2d75a-d432-4edd-b36e-936bbbd6997f" />
    <UnitTestResult executionId="5353bd63-a4ec-4e95-9ad0-8cc6043371f8" testId="9d5c5276-a7b0-5513-b1ab-ce2be37e9b89" testName="TestConstructor" computerName="DKSR-EFI-04" duration="00:00:00.0003996" startTime="2023-12-22T09:37:46.1481939+01:00" endTime="2023-12-22T09:37:46.1481939+01:00" testType="13cdc9d9-ddb5-4fa4-a97d-d965ccfc6d4b" outcome="Passed" testListId="8c84fa94-04c1-424b-9868-57a2d4851a1d" relativeResultsDirectory="5353bd63-a4ec-4e95-9ad0-8cc6043371f8" />
    <UnitTestResult executionId="171ccc26-4de8-4672-ad77-18bad5f9bee6" testId="7b27a646-3b79-71b7-4cd1-43571fd2570e" testName="TestStopRepositoryTasks" computerName="DKSR-EFI-04" duration="00:00:03.0735960" startTime="2023-12-22T09:38:39.7090966+01:00" endTime="2023-12-22T09:38:42.7872342+01:00" testType="13cdc9d9-ddb5-4fa4-a97d-d965ccfc6d4b" outcome="Passed" testListId="8c84fa94-04c1-424b-9868-57a2d4851a1d" relativeResultsDirectory="171ccc26-4de8-4672-ad77-18bad5f9bee6" />
    <UnitTestResult executionId="909b103b-2873-47e2-b579-5e4db39269bc" testId="99b054db-dc54-f38e-941b-12cf00b7ca8e" testName="TestConstructorWithErrorCodeNotSupported" computerName="DKSR-EFI-04" duration="00:00:00.0004893" startTime="2023-12-22T09:35:48.8350662+01:00" endTime="2023-12-22T09:35:48.8350662+01:00" testType="13cdc9d9-ddb5-4fa4-a97d-d965ccfc6d4b" outcome="Passed" testListId="8c84fa94-04c1-424b-9868-57a2d4851a1d" relativeResultsDirectory="909b103b-2873-47e2-b579-5e4db39269bc" />
    <UnitTestResult executionId="42c66b76-76ef-4cd5-b3b3-e9681a7165b0" testId="d9c896b3-18ac-1bf3-97b7-05dfbfa56ea2" testName="Test_With_MilestoneInstallerFrameworkPackage_When_ParamtersAreSerializedWithFormat1_Then_TheDynamicFilesContainsCorrectXmlFormat" computerName="DKSR-EFI-04" duration="00:00:00.3172133" startTime="2023-12-22T09:35:49.4913197+01:00" endTime="2023-12-22T09:35:49.8038186+01:00" testType="13cdc9d9-ddb5-4fa4-a97d-d965ccfc6d4b" outcome="Passed" testListId="8c84fa94-04c1-424b-9868-57a2d4851a1d" relativeResultsDirectory="42c66b76-76ef-4cd5-b3b3-e9681a7165b0" />
    <UnitTestResult executionId="018fd484-ba98-450b-b50e-0fb2e914219c" testId="b126bbc4-6355-64b2-7b0e-a07a415e03cd" testName="TestNotifyObserverThrowingException" computerName="DKSR-EFI-04" duration="00:00:00.0018106" startTime="2023-12-22T09:37:46.1481939+01:00" endTime="2023-12-22T09:37:46.1481939+01:00" testType="13cdc9d9-ddb5-4fa4-a97d-d965ccfc6d4b" outcome="Passed" testListId="8c84fa94-04c1-424b-9868-57a2d4851a1d" relativeResultsDirectory="018fd484-ba98-450b-b50e-0fb2e914219c" />
    <UnitTestResult executionId="064cceb6-daf3-4601-9310-f73b17b4155e" testId="f1fa0dac-dc54-e0fe-f9ad-70a6d58061fe" testName="TestConstructor" computerName="DKSR-EFI-04" duration="00:00:00.0053353" startTime="2023-12-22T09:35:49.8819460+01:00" endTime="2023-12-22T09:35:49.8819460+01:00" testType="13cdc9d9-ddb5-4fa4-a97d-d965ccfc6d4b" outcome="Passed" testListId="8c84fa94-04c1-424b-9868-57a2d4851a1d" relativeResultsDirectory="064cceb6-daf3-4601-9310-f73b17b4155e" />
    <UnitTestResult executionId="7b67b3f6-b334-4f0a-bb6d-fd5f189c440d" testId="49529985-1ba0-c238-eae3-48cc6bd0feac" testName="TestUploadPackageWithInvalidRepository" computerName="DKSR-EFI-04" duration="00:00:00.0013369" startTime="2023-12-22T09:37:53.3044998+01:00" endTime="2023-12-22T09:37:53.3044998+01:00" testType="13cdc9d9-ddb5-4fa4-a97d-d965ccfc6d4b" outcome="Passed" testListId="8c84fa94-04c1-424b-9868-57a2d4851a1d" relativeResultsDirectory="7b67b3f6-b334-4f0a-bb6d-fd5f189c440d" />
    <UnitTestResult executionId="c9c76bd8-d357-4234-a8f2-26df8c110f7e" testId="aeef6c1f-4c83-a297-28c5-f2458e78b8fa" testName="TestConstructor" computerName="DKSR-EFI-04" duration="00:00:00.0004562" startTime="2023-12-22T09:35:49.9288213+01:00" endTime="2023-12-22T09:35:49.9288213+01:00" testType="13cdc9d9-ddb5-4fa4-a97d-d965ccfc6d4b" outcome="Passed" testListId="8c84fa94-04c1-424b-9868-57a2d4851a1d" relativeResultsDirectory="c9c76bd8-d357-4234-a8f2-26df8c110f7e" />
    <UnitTestResult executionId="5145ce92-b62e-4be4-942c-7680a4954c1d" testId="4120ce42-f415-07cf-2596-3bbad5e24de7" testName="TestInstallDynamicFiles" computerName="DKSR-EFI-04" duration="00:00:00.0048904" startTime="2023-12-22T09:35:49.8819460+01:00" endTime="2023-12-22T09:35:49.8975716+01:00" testType="13cdc9d9-ddb5-4fa4-a97d-d965ccfc6d4b" outcome="Passed" testListId="8c84fa94-04c1-424b-9868-57a2d4851a1d" relativeResultsDirectory="5145ce92-b62e-4be4-942c-7680a4954c1d" />
    <UnitTestResult executionId="3e1164fa-95da-446b-8fe2-036055df9129" testId="9207245b-a7fa-82ff-1427-4b3d12e39613" testName="TestRebootWithInvalidHost" computerName="DKSR-EFI-04" duration="00:00:00.0025889" startTime="2023-12-22T09:38:18.0447327+01:00" endTime="2023-12-22T09:38:18.0447327+01:00" testType="13cdc9d9-ddb5-4fa4-a97d-d965ccfc6d4b" outcome="Passed" testListId="8c84fa94-04c1-424b-9868-57a2d4851a1d" relativeResultsDirectory="3e1164fa-95da-446b-8fe2-036055df9129" />
    <UnitTestResult executionId="0a7d4b28-dd5a-43fd-b069-5ab7774347f5" testId="3add4a08-97e9-90f7-a8c6-705b9e10368c" testName="TestUnInstallPackageSequential" computerName="DKSR-EFI-04" duration="00:00:03.0310541" startTime="2023-12-22T09:37:59.5857685+01:00" endTime="2023-12-22T09:38:02.6170398+01:00" testType="13cdc9d9-ddb5-4fa4-a97d-d965ccfc6d4b" outcome="Passed" testListId="8c84fa94-04c1-424b-9868-57a2d4851a1d" relativeResultsDirectory="0a7d4b28-dd5a-43fd-b069-5ab7774347f5" />
    <UnitTestResult executionId="3de3cd47-9165-4b0e-9ad9-ae641543ac39" testId="6ac90c63-c23f-6f1a-ea9b-05c892b344e8" testName="TestConstructor" computerName="DKSR-EFI-04" duration="00:00:00.0009607" startTime="2023-12-22T09:35:50.3975887+01:00" endTime="2023-12-22T09:35:50.3975887+01:00" testType="13cdc9d9-ddb5-4fa4-a97d-d965ccfc6d4b" outcome="Passed" testListId="8c84fa94-04c1-424b-9868-57a2d4851a1d" relativeResultsDirectory="3de3cd47-9165-4b0e-9ad9-ae641543ac39" />
    <UnitTestResult executionId="5b216e82-41a0-412b-85bf-ac9d11a1f264" testId="2a067b92-4347-6a39-bc15-e87ff4d0efc9" testName="TestConstructorWithOverwrite" computerName="DKSR-EFI-04" duration="00:00:00.0007602" startTime="2023-12-22T09:35:50.6163257+01:00" endTime="2023-12-22T09:35:50.6163257+01:00" testType="13cdc9d9-ddb5-4fa4-a97d-d965ccfc6d4b" outcome="Passed" testListId="8c84fa94-04c1-424b-9868-57a2d4851a1d" relativeResultsDirectory="5b216e82-41a0-412b-85bf-ac9d11a1f264" />
    <UnitTestResult executionId="74889b45-4385-4a4b-afe6-c98ab2fef6b8" testId="7865af95-405e-00d9-0891-66c018874e42" testName="TestAddRemoveRepository" computerName="DKSR-EFI-04" duration="00:00:00.0019568" startTime="2023-12-22T09:37:53.3044998+01:00" endTime="2023-12-22T09:37:53.3044998+01:00" testType="13cdc9d9-ddb5-4fa4-a97d-d965ccfc6d4b" outcome="Passed" testListId="8c84fa94-04c1-424b-9868-57a2d4851a1d" relativeResultsDirectory="74889b45-4385-4a4b-afe6-c98ab2fef6b8" />
    <UnitTestResult executionId="94fc65e3-ad52-451c-b116-4b933c752426" testId="c11becfa-b802-6cdb-ce4e-e4281ec502ee" testName="TestParseFull" computerName="DKSR-EFI-04" startTime="2023-12-22T09:35:49.9131972+01:00" endTime="2023-12-22T09:35:49.9131972+01:00" testType="13cdc9d9-ddb5-4fa4-a97d-d965ccfc6d4b" outcome="NotExecuted" testListId="8c84fa94-04c1-424b-9868-57a2d4851a1d" relativeResultsDirectory="94fc65e3-ad52-451c-b116-4b933c752426">
      <Output></Output>
    </UnitTestResult>
    <UnitTestResult executionId="cd0a4f93-b60b-4620-9f7f-89400c43e2ba" testId="0f0f7131-42bd-3008-39e4-936130039165" testName="TestConstructor" computerName="DKSR-EFI-04" duration="00:00:00.0295476" startTime="2023-12-22T09:35:50.2882011+01:00" endTime="2023-12-22T09:35:50.3194483+01:00" testType="13cdc9d9-ddb5-4fa4-a97d-d965ccfc6d4b" outcome="Passed" testListId="8c84fa94-04c1-424b-9868-57a2d4851a1d" relativeResultsDirectory="cd0a4f93-b60b-4620-9f7f-89400c43e2ba" />
    <UnitTestResult executionId="dae69bba-d067-49f1-b7b1-e8cb9002671f" testId="3b800de0-7f55-0230-86ac-278c66c5da09" testName="TestRebooterTaskLocalhost" computerName="DKSR-EFI-04" duration="00:00:00.0004451" startTime="2023-12-22T09:37:46.1325798+01:00" endTime="2023-12-22T09:37:46.1481939+01:00" testType="13cdc9d9-ddb5-4fa4-a97d-d965ccfc6d4b" outcome="Passed" testListId="8c84fa94-04c1-424b-9868-57a2d4851a1d" relativeResultsDirectory="dae69bba-d067-49f1-b7b1-e8cb9002671f" />
    <UnitTestResult executionId="ffacbbda-423d-451e-b22f-7493e2a11607" testId="1ae52b3a-7f71-39ee-b374-bc88518d0a21" testName="TestCopyFile" computerName="DKSR-EFI-04" duration="00:00:00.0039856" startTime="2023-12-22T09:35:50.6163257+01:00" endTime="2023-12-22T09:35:50.6163257+01:00" testType="13cdc9d9-ddb5-4fa4-a97d-d965ccfc6d4b" outcome="Passed" testListId="8c84fa94-04c1-424b-9868-57a2d4851a1d" relativeResultsDirectory="ffacbbda-423d-451e-b22f-7493e2a11607" />
    <UnitTestResult executionId="c0c51e0b-49b3-4060-96d2-67b2b26172b7" testId="97023402-6dfa-1a85-9a19-e49c35df9c6b" testName="TestAddRemoveHost" computerName="DKSR-EFI-04" duration="00:00:00.0026494" startTime="2023-12-22T09:37:53.3044998+01:00" endTime="2023-12-22T09:37:53.3044998+01:00" testType="13cdc9d9-ddb5-4fa4-a97d-d965ccfc6d4b" outcome="Passed" testListId="8c84fa94-04c1-424b-9868-57a2d4851a1d" relativeResultsDirectory="c0c51e0b-49b3-4060-96d2-67b2b26172b7" />
    <UnitTestResult executionId="89673d97-82de-4000-8895-b97e42a9e53b" testId="4e334c90-085d-d837-dbad-b8a5c30c5beb" testName="TestGetBrowser" computerName="DKSR-EFI-04" duration="00:00:00.0015911" startTime="2023-12-22T09:35:49.4756938+01:00" endTime="2023-12-22T09:35:49.4913197+01:00" testType="13cdc9d9-ddb5-4fa4-a97d-d965ccfc6d4b" outcome="Passed" testListId="8c84fa94-04c1-424b-9868-57a2d4851a1d" relativeResultsDirectory="89673d97-82de-4000-8895-b97e42a9e53b" />
    <UnitTestResult executionId="a25711d5-306b-4a7f-8877-408102fe8304" testId="54505b15-5a00-25a3-11b0-3721b2419942" testName="TestCopyFileFailBecauseFileExists" computerName="DKSR-EFI-04" duration="00:00:00.0013082" startTime="2023-12-22T09:35:50.6163257+01:00" endTime="2023-12-22T09:35:50.6319498+01:00" testType="13cdc9d9-ddb5-4fa4-a97d-d965ccfc6d4b" outcome="Passed" testListId="8c84fa94-04c1-424b-9868-57a2d4851a1d" relativeResultsDirectory="a25711d5-306b-4a7f-8877-408102fe8304" />
    <UnitTestResult executionId="eed03f57-58c5-481f-b600-26b825233e36" testId="8bee89f3-b545-13ae-bf1c-f764a03a926a" testName="TestStop" computerName="DKSR-EFI-04" duration="00:00:00.0622009" startTime="2023-12-22T09:37:41.7575459+01:00" endTime="2023-12-22T09:37:41.8200467+01:00" testType="13cdc9d9-ddb5-4fa4-a97d-d965ccfc6d4b" outcome="Passed" testListId="8c84fa94-04c1-424b-9868-57a2d4851a1d" relativeResultsDirectory="eed03f57-58c5-481f-b600-26b825233e36" />
    <UnitTestResult executionId="6355445a-89fa-4c24-be39-5dd89b7942e5" testId="20866b5e-00ad-91c8-5292-4eb0cd2cc57c" testName="Test_With_ArgmunentsXmlFileV2_When_ExtractingTheArguments_Then_TheArgumentsAreCorrect" computerName="DKSR-EFI-04" duration="00:00:00.0050507" startTime="2023-12-22T09:39:01.3811015+01:00" endTime="2023-12-22T09:39:01.3967130+01:00" testType="13cdc9d9-ddb5-4fa4-a97d-d965ccfc6d4b" outcome="Passed" testListId="8c84fa94-04c1-424b-9868-57a2d4851a1d" relativeResultsDirectory="6355445a-89fa-4c24-be39-5dd89b7942e5" />
    <UnitTestResult executionId="6f58c8dd-f2ad-4b66-9fb7-939d6c1b30d8" testId="16676cd4-3af1-1b40-f8fd-0b757767ae35" testName="TestGetHostInfoSequential" computerName="DKSR-EFI-04" duration="00:00:03.0309740" startTime="2023-12-22T09:38:05.7733037+01:00" endTime="2023-12-22T09:38:08.8045735+01:00" testType="13cdc9d9-ddb5-4fa4-a97d-d965ccfc6d4b" outcome="Passed" testListId="8c84fa94-04c1-424b-9868-57a2d4851a1d" relativeResultsDirectory="6f58c8dd-f2ad-4b66-9fb7-939d6c1b30d8" />
    <UnitTestResult executionId="0abe00f9-35ed-47bc-8c49-b095e029133c" testId="8b238217-430f-05ee-47e5-89c18f51b0b9" testName="TestConstructor" computerName="DKSR-EFI-04" duration="00:00:00.0012280" startTime="2023-12-22T09:35:49.4756938+01:00" endTime="2023-12-22T09:35:49.4756938+01:00" testType="13cdc9d9-ddb5-4fa4-a97d-d965ccfc6d4b" outcome="Passed" testListId="8c84fa94-04c1-424b-9868-57a2d4851a1d" relativeResultsDirectory="0abe00f9-35ed-47bc-8c49-b095e029133c" />
    <UnitTestResult executionId="315192a1-6737-4f25-a3aa-3ad3c917d315" testId="3515ab69-b8ab-9731-40c5-aa9261919d51" testName="TestRebooterTaskInvalidHostName" computerName="DKSR-EFI-04" duration="00:00:04.0382329" startTime="2023-12-22T09:37:42.1013000+01:00" endTime="2023-12-22T09:37:46.1325798+01:00" testType="13cdc9d9-ddb5-4fa4-a97d-d965ccfc6d4b" outcome="NotExecuted" testListId="8c84fa94-04c1-424b-9868-57a2d4851a1d" relativeResultsDirectory="315192a1-6737-4f25-a3aa-3ad3c917d315">
      <Output>
        <ErrorInfo>
          <Message>Assert.Inconclusive failed. Wrong reason for failing: The RPC server is unavailable.&#xD;
</Message>
          <StackTrace>   at VideoOS.SoftwareManager.Core.Task.UnitTest.WMIRebooterTaskTest.TestRebooterTaskInvalidHostName() in D:\actions-runner\_work\XPCO\XPCO\SoftwareManager\Core\SoftwareManager\Core\unittest\Task\WMI\WMIRebooterTaskTest.cs:line 97&#xD;
</StackTrace>
        </ErrorInfo>
      </Output>
    </UnitTestResult>
    <UnitTestResult executionId="f5a7c0ff-d166-4007-9917-a462e695fcbc" testId="59a687c4-cb9f-631c-69ed-da984b9e6b7a" testName="TestVersionInfo" computerName="DKSR-EFI-04" duration="00:00:00.0002910" startTime="2023-12-22T09:35:49.9288213+01:00" endTime="2023-12-22T09:35:49.9288213+01:00" testType="13cdc9d9-ddb5-4fa4-a97d-d965ccfc6d4b" outcome="Passed" testListId="8c84fa94-04c1-424b-9868-57a2d4851a1d" relativeResultsDirectory="f5a7c0ff-d166-4007-9917-a462e695fcbc" />
    <UnitTestResult executionId="f82ade71-5929-4243-9b2d-dc96a1854e2d" testId="2b2d084f-5640-0691-4200-77423cd95a54" testName="TestConstructorWithErrorCodePathNotFound" computerName="DKSR-EFI-04" duration="00:00:00.0005083" startTime="2023-12-22T09:35:48.8506906+01:00" endTime="2023-12-22T09:35:48.8506906+01:00" testType="13cdc9d9-ddb5-4fa4-a97d-d965ccfc6d4b" outcome="Passed" testListId="8c84fa94-04c1-424b-9868-57a2d4851a1d" relativeResultsDirectory="f82ade71-5929-4243-9b2d-dc96a1854e2d" />
    <UnitTestResult executionId="88bd23be-9332-40c5-905a-94b1519367c0" testId="59fbdfc9-53f7-92c9-bff0-f0352b5bb907" testName="TestDifferentDomain" computerName="DKSR-EFI-04" duration="00:00:00.0033366" startTime="2023-12-22T09:35:50.4288239+01:00" endTime="2023-12-22T09:35:50.4288239+01:00" testType="13cdc9d9-ddb5-4fa4-a97d-d965ccfc6d4b" outcome="Passed" testListId="8c84fa94-04c1-424b-9868-57a2d4851a1d" relativeResultsDirectory="88bd23be-9332-40c5-905a-94b1519367c0" />
    <UnitTestResult executionId="42c0cb1e-8b20-40fe-a484-ea5cb306f6bc" testId="84fc2d45-9c65-24ed-a603-3dd6b23b161b" testName="TestUploadPackageWithInvalidHost" computerName="DKSR-EFI-04" duration="00:00:00.0024714" startTime="2023-12-22T09:37:53.3044998+01:00" endTime="2023-12-22T09:37:53.3044998+01:00" testType="13cdc9d9-ddb5-4fa4-a97d-d965ccfc6d4b" outcome="Passed" testListId="8c84fa94-04c1-424b-9868-57a2d4851a1d" relativeResultsDirectory="42c0cb1e-8b20-40fe-a484-ea5cb306f6bc" />
    <UnitTestResult executionId="0702de4e-9204-476b-b113-1ea316bed92b" testId="c0f579a5-5ae7-71d9-6691-3cfa7f1b150a" testName="TestFileExists" computerName="DKSR-EFI-04" duration="00:00:00.0014773" startTime="2023-12-22T09:35:52.9757117+01:00" endTime="2023-12-22T09:35:52.9913379+01:00" testType="13cdc9d9-ddb5-4fa4-a97d-d965ccfc6d4b" outcome="Passed" testListId="8c84fa94-04c1-424b-9868-57a2d4851a1d" relativeResultsDirectory="0702de4e-9204-476b-b113-1ea316bed92b" />
    <UnitTestResult executionId="ba382046-bfdc-441d-bff6-c54c81338650" testId="a17e8d02-5a28-ea2d-f09e-368bfc7a6e40" testName="TestIsTasksRunningOnRepository" computerName="DKSR-EFI-04" duration="00:00:00.1715661" startTime="2023-12-22T09:37:53.1326241+01:00" endTime="2023-12-22T09:37:53.3044998+01:00" testType="13cdc9d9-ddb5-4fa4-a97d-d965ccfc6d4b" outcome="Passed" testListId="8c84fa94-04c1-424b-9868-57a2d4851a1d" relativeResultsDirectory="ba382046-bfdc-441d-bff6-c54c81338650" />
    <UnitTestResult executionId="ea6e79ae-7f1f-4a88-8c5e-36ac6a5ace01" testId="6d0fa322-8959-7bc7-9627-74995f65e2a9" testName="TestConstructor" computerName="DKSR-EFI-04" duration="00:00:00.0026671" startTime="2023-12-22T09:35:50.6163257+01:00" endTime="2023-12-22T09:35:50.6163257+01:00" testType="13cdc9d9-ddb5-4fa4-a97d-d965ccfc6d4b" outcome="Passed" testListId="8c84fa94-04c1-424b-9868-57a2d4851a1d" relativeResultsDirectory="ea6e79ae-7f1f-4a88-8c5e-36ac6a5ace01" />
    <UnitTestResult executionId="8a53e373-7b7a-4c9e-ba01-b33525f42709" testId="3915b03e-a985-a2c2-3ccc-dadf5b35e158" testName="TestConstructor" computerName="DKSR-EFI-04" duration="00:00:00.0029328" startTime="2023-12-22T09:35:48.8975656+01:00" endTime="2023-12-22T09:35:48.8975656+01:00" testType="13cdc9d9-ddb5-4fa4-a97d-d965ccfc6d4b" outcome="Passed" testListId="8c84fa94-04c1-424b-9868-57a2d4851a1d" relativeResultsDirectory="8a53e373-7b7a-4c9e-ba01-b33525f42709" />
    <UnitTestResult executionId="e2deefe6-c951-445a-b00c-933b8f387628" testId="3f124bb3-caeb-8d62-c0aa-8c36ecc36e38" testName="IsTrusted_ShouldThrow_WhenPackageIsSignedButTampered" computerName="DKSR-EFI-04" startTime="2023-12-22T09:39:01.3498363+01:00" endTime="2023-12-22T09:39:01.3498363+01:00" testType="13cdc9d9-ddb5-4fa4-a97d-d965ccfc6d4b" outcome="NotExecuted" testListId="8c84fa94-04c1-424b-9868-57a2d4851a1d" relativeResultsDirectory="e2deefe6-c951-445a-b00c-933b8f387628">
      <Output></Output>
    </UnitTestResult>
    <UnitTestResult executionId="0c554ee5-62ac-4cde-b35d-7725037f3941" testId="6cef3e8d-2ebd-6290-5a28-0c415e30adc8" testName="TestStartProcess" computerName="DKSR-EFI-04" startTime="2023-12-22T09:35:49.9444463+01:00" endTime="2023-12-22T09:35:49.9444463+01:00" testType="13cdc9d9-ddb5-4fa4-a97d-d965ccfc6d4b" outcome="NotExecuted" testListId="8c84fa94-04c1-424b-9868-57a2d4851a1d" relativeResultsDirectory="0c554ee5-62ac-4cde-b35d-7725037f3941">
      <Output></Output>
    </UnitTestResult>
    <UnitTestResult executionId="22fad25d-4997-48e5-b9a6-bcd10eaeac82" testId="e6c2e5fc-7fb8-b319-6ad8-57edc8eaae1a" testName="TestConstructor" computerName="DKSR-EFI-04" duration="00:00:00.0020091" startTime="2023-12-22T09:35:50.4756979+01:00" endTime="2023-12-22T09:35:50.4913234+01:00" testType="13cdc9d9-ddb5-4fa4-a97d-d965ccfc6d4b" outcome="Passed" testListId="8c84fa94-04c1-424b-9868-57a2d4851a1d" relativeResultsDirectory="22fad25d-4997-48e5-b9a6-bcd10eaeac82" />
    <UnitTestResult executionId="21014384-c96c-4726-bb1f-b6a9b73b4014" testId="0b25e965-3296-4277-c598-c67475b071d1" testName="TestSetValue" computerName="DKSR-EFI-04" duration="00:00:00.0003410" startTime="2023-12-22T09:35:49.9288213+01:00" endTime="2023-12-22T09:35:49.9288213+01:00" testType="13cdc9d9-ddb5-4fa4-a97d-d965ccfc6d4b" outcome="Passed" testListId="8c84fa94-04c1-424b-9868-57a2d4851a1d" relativeResultsDirectory="21014384-c96c-4726-bb1f-b6a9b73b4014" />
    <UnitTestResult executionId="11e7d32c-3b37-4b32-96db-d2f89931a5f5" testId="2c127a20-3c88-593b-f395-f582e0a2b6e0" testName="TestConstructor" computerName="DKSR-EFI-04" duration="00:00:00.0002125" startTime="2023-12-22T09:35:50.2882011+01:00" endTime="2023-12-22T09:35:50.2882011+01:00" testType="13cdc9d9-ddb5-4fa4-a97d-d965ccfc6d4b" outcome="Passed" testListId="8c84fa94-04c1-424b-9868-57a2d4851a1d" relativeResultsDirectory="11e7d32c-3b37-4b32-96db-d2f89931a5f5" />
    <UnitTestResult executionId="b2abf86f-ae55-4c4e-89e0-144c42ac2d55" testId="d908c8a8-2398-0e10-28f9-4b3de740a2b8" testName="TestConstructor" computerName="DKSR-EFI-04" duration="00:00:00.0005965" startTime="2023-12-22T09:39:01.3029675+01:00" endTime="2023-12-22T09:39:01.3029675+01:00" testType="13cdc9d9-ddb5-4fa4-a97d-d965ccfc6d4b" outcome="Passed" testListId="8c84fa94-04c1-424b-9868-57a2d4851a1d" relativeResultsDirectory="b2abf86f-ae55-4c4e-89e0-144c42ac2d55" />
    <UnitTestResult executionId="58b7a4de-3f42-45fc-884d-24fc499ac6a9" testId="f25cced5-ce9e-bbb4-b8c8-3e87f67f7dc4" testName="TestDeleteLocalPackageSequential" computerName="DKSR-EFI-04" duration="00:00:03.0308659" startTime="2023-12-22T09:38:55.2091852+01:00" endTime="2023-12-22T09:38:58.2404449+01:00" testType="13cdc9d9-ddb5-4fa4-a97d-d965ccfc6d4b" outcome="Passed" testListId="8c84fa94-04c1-424b-9868-57a2d4851a1d" relativeResultsDirectory="58b7a4de-3f42-45fc-884d-24fc499ac6a9" />
    <UnitTestResult executionId="0a7866e3-138c-4733-a032-80089a3a86d0" testId="b4bc3446-4a33-e238-ffe8-f27ad8971712" testName="TestGetRepositoryLocationIdentifier" computerName="DKSR-EFI-04" duration="00:00:00.0002325" startTime="2023-12-22T09:35:48.9131895+01:00" endTime="2023-12-22T09:35:48.9131895+01:00" testType="13cdc9d9-ddb5-4fa4-a97d-d965ccfc6d4b" outcome="Passed" testListId="8c84fa94-04c1-424b-9868-57a2d4851a1d" relativeResultsDirectory="0a7866e3-138c-4733-a032-80089a3a86d0" />
    <UnitTestResult executionId="dbc81e21-0841-49fd-a140-3f7c71639a75" testId="f936dbe2-1850-5119-1e00-9716f608d0a4" testName="TestPingParallel" computerName="DKSR-EFI-04" duration="00:00:00.0438288" startTime="2023-12-22T09:38:14.9608563+01:00" endTime="2023-12-22T09:38:15.0077338+01:00" testType="13cdc9d9-ddb5-4fa4-a97d-d965ccfc6d4b" outcome="Passed" testListId="8c84fa94-04c1-424b-9868-57a2d4851a1d" relativeResultsDirectory="dbc81e21-0841-49fd-a140-3f7c71639a75" />
    <UnitTestResult executionId="309e0333-df6d-4f8a-8cc3-595002ff7537" testId="966ee7d3-699a-e5e7-0a2b-6c1da1a4c68c" testName="TestGetConnectionOptionsLocal" computerName="DKSR-EFI-04" duration="00:00:00.0041071" startTime="2023-12-22T09:35:48.8819404+01:00" endTime="2023-12-22T09:35:48.8975656+01:00" testType="13cdc9d9-ddb5-4fa4-a97d-d965ccfc6d4b" outcome="Passed" testListId="8c84fa94-04c1-424b-9868-57a2d4851a1d" relativeResultsDirectory="309e0333-df6d-4f8a-8cc3-595002ff7537" />
    <UnitTestResult executionId="8615d724-e3e8-4c9c-85f8-1099ee7bab39" testId="cc76721f-059d-14cc-2a33-b02fc511af6d" testName="TestFileShareRepository" computerName="DKSR-EFI-04" duration="00:00:00.0011361" startTime="2023-12-22T09:35:49.2413195+01:00" endTime="2023-12-22T09:35:49.2413195+01:00" testType="13cdc9d9-ddb5-4fa4-a97d-d965ccfc6d4b" outcome="Passed" testListId="8c84fa94-04c1-424b-9868-57a2d4851a1d" relativeResultsDirectory="8615d724-e3e8-4c9c-85f8-1099ee7bab39" />
    <UnitTestResult executionId="b21fb8b7-a8b4-4409-86f6-fe7269a46f5b" testId="507dcade-d9c5-591a-a8c8-41d99aa32547" testName="TestStopAllHostTaskOneLevel" computerName="DKSR-EFI-04" duration="00:00:03.0779688" startTime="2023-12-22T09:38:30.4277911+01:00" endTime="2023-12-22T09:38:33.5059295+01:00" testType="13cdc9d9-ddb5-4fa4-a97d-d965ccfc6d4b" outcome="Passed" testListId="8c84fa94-04c1-424b-9868-57a2d4851a1d" relativeResultsDirectory="b21fb8b7-a8b4-4409-86f6-fe7269a46f5b" />
    <UnitTestResult executionId="541e387f-08a1-4afb-a9a8-52bc2c3e49f0" testId="122a7ff7-08e1-f4dc-a56a-6d770b30253d" testName="TestConstructorWithErrorCodeInvalidParameter" computerName="DKSR-EFI-04" duration="00:00:00.0005577" startTime="2023-12-22T09:35:48.8506906+01:00" endTime="2023-12-22T09:35:48.8506906+01:00" testType="13cdc9d9-ddb5-4fa4-a97d-d965ccfc6d4b" outcome="Passed" testListId="8c84fa94-04c1-424b-9868-57a2d4851a1d" relativeResultsDirectory="541e387f-08a1-4afb-a9a8-52bc2c3e49f0" />
    <UnitTestResult executionId="021b0e7e-888e-4eee-8309-8f66cf4b292b" testId="3a1ee3d4-bee4-132c-f414-9fc20d7683da" testName="TestConstructorWithMessage" computerName="DKSR-EFI-04" duration="00:00:00.0007191" startTime="2023-12-22T09:35:48.8038161+01:00" endTime="2023-12-22T09:35:48.8038161+01:00" testType="13cdc9d9-ddb5-4fa4-a97d-d965ccfc6d4b" outcome="Passed" testListId="8c84fa94-04c1-424b-9868-57a2d4851a1d" relativeResultsDirectory="021b0e7e-888e-4eee-8309-8f66cf4b292b" />
    <UnitTestResult executionId="6be7053b-a188-4f2d-bf6a-0102a4ca22df" testId="c3800336-306f-d7b8-9385-05631f008da4" testName="TestStopRepositoryTasksWithNullManager" computerName="DKSR-EFI-04" duration="00:00:00.0020275" startTime="2023-12-22T09:37:52.9766915+01:00" endTime="2023-12-22T09:37:52.9766915+01:00" testType="13cdc9d9-ddb5-4fa4-a97d-d965ccfc6d4b" outcome="Passed" testListId="8c84fa94-04c1-424b-9868-57a2d4851a1d" relativeResultsDirectory="6be7053b-a188-4f2d-bf6a-0102a4ca22df" />
    <UnitTestResult executionId="759e5a5f-6280-4467-8437-0c8f2eb3fc6e" testId="88cce5da-1134-4d90-54f2-f1e25810b263" testName="TestStopHostTaskAllLevelsAndRemoveQueued" computerName="DKSR-EFI-04" duration="00:00:03.0932165" startTime="2023-12-22T09:38:27.3340281+01:00" endTime="2023-12-22T09:38:30.4277911+01:00" testType="13cdc9d9-ddb5-4fa4-a97d-d965ccfc6d4b" outcome="Passed" testListId="8c84fa94-04c1-424b-9868-57a2d4851a1d" relativeResultsDirectory="759e5a5f-6280-4467-8437-0c8f2eb3fc6e" />
    <UnitTestResult executionId="d06c8ebc-4390-4ca9-8215-c491943776da" testId="940b531e-2790-8e0d-49d2-253e218ff75a" testName="TestConstructor" computerName="DKSR-EFI-04" duration="00:00:00.0042773" startTime="2023-12-22T09:35:50.6007155+01:00" endTime="2023-12-22T09:35:50.6163257+01:00" testType="13cdc9d9-ddb5-4fa4-a97d-d965ccfc6d4b" outcome="Passed" testListId="8c84fa94-04c1-424b-9868-57a2d4851a1d" relativeResultsDirectory="d06c8ebc-4390-4ca9-8215-c491943776da" />
    <UnitTestResult executionId="ccc6034f-7f7f-4d87-bc00-9dcc43bd3fe4" testId="40352d1e-7af0-87a6-2cbd-75971fbe368c" testName="TestSetIndexInvalid" computerName="DKSR-EFI-04" duration="00:00:00.0002289" startTime="2023-12-22T09:35:49.8663192+01:00" endTime="2023-12-22T09:35:49.8663192+01:00" testType="13cdc9d9-ddb5-4fa4-a97d-d965ccfc6d4b" outcome="Passed" testListId="8c84fa94-04c1-424b-9868-57a2d4851a1d" relativeResultsDirectory="ccc6034f-7f7f-4d87-bc00-9dcc43bd3fe4" />
    <UnitTestResult executionId="63054499-c9c0-4b00-b38e-6300aea0f97a" testId="c77a073d-bd7f-a0bc-7dc1-d2b9a4ec3a28" testName="TestCreateRealFilePathLocal" computerName="DKSR-EFI-04" duration="00:00:00.0229517" startTime="2023-12-22T09:35:48.8506906+01:00" endTime="2023-12-22T09:35:48.8819404+01:00" testType="13cdc9d9-ddb5-4fa4-a97d-d965ccfc6d4b" outcome="Passed" testListId="8c84fa94-04c1-424b-9868-57a2d4851a1d" relativeResultsDirectory="63054499-c9c0-4b00-b38e-6300aea0f97a" />
    <UnitTestResult executionId="5ded19da-1177-4c74-88d8-c0cb33a35f7b" testId="f9b4a59e-f609-4a39-b0af-d9d71a052b87" testName="TestUninstallDynamicFiles" computerName="DKSR-EFI-04" duration="00:00:00.0043849" startTime="2023-12-22T09:35:49.8975716+01:00" endTime="2023-12-22T09:35:49.8975716+01:00" testType="13cdc9d9-ddb5-4fa4-a97d-d965ccfc6d4b" outcome="Passed" testListId="8c84fa94-04c1-424b-9868-57a2d4851a1d" relativeResultsDirectory="5ded19da-1177-4c74-88d8-c0cb33a35f7b" />
    <UnitTestResult executionId="638e2a08-41fe-4c71-8eb0-9d9dbe6441dc" testId="129055b6-b8ec-538c-e6ea-3d4081636908" testName="TestConstructor" computerName="DKSR-EFI-04" duration="00:00:00.0053633" startTime="2023-12-22T09:35:49.8663192+01:00" endTime="2023-12-22T09:35:49.8663192+01:00" testType="13cdc9d9-ddb5-4fa4-a97d-d965ccfc6d4b" outcome="Passed" testListId="8c84fa94-04c1-424b-9868-57a2d4851a1d" relativeResultsDirectory="638e2a08-41fe-4c71-8eb0-9d9dbe6441dc" />
    <UnitTestResult executionId="712a6766-7e28-4bcd-ac78-01848dbccd42" testId="a2237cff-2fec-9f3d-16cc-4fd05503957e" testName="TestGetPackageUnInstaller" computerName="DKSR-EFI-04" duration="00:00:00.0038440" startTime="2023-12-22T09:39:01.3342178+01:00" endTime="2023-12-22T09:39:01.3342178+01:00" testType="13cdc9d9-ddb5-4fa4-a97d-d965ccfc6d4b" outcome="Passed" testListId="8c84fa94-04c1-424b-9868-57a2d4851a1d" relativeResultsDirectory="712a6766-7e28-4bcd-ac78-01848dbccd42" />
    <UnitTestResult executionId="040a7e2e-0293-4359-ac8d-8589512ac157" testId="610e8bda-ad87-7af5-dff8-990fa1173593" testName="TestParseMinimum" computerName="DKSR-EFI-04" startTime="2023-12-22T09:35:49.9131972+01:00" endTime="2023-12-22T09:35:49.9131972+01:00" testType="13cdc9d9-ddb5-4fa4-a97d-d965ccfc6d4b" outcome="NotExecuted" testListId="8c84fa94-04c1-424b-9868-57a2d4851a1d" relativeResultsDirectory="040a7e2e-0293-4359-ac8d-8589512ac157">
      <Output></Output>
    </UnitTestResult>
    <UnitTestResult executionId="313c70d6-6a51-4fe6-b21d-d6d44ca0d3e6" testId="b05b330f-5d99-5f6e-5424-2528823be4f6" testName="TestPauseAndUnpauseAfterDoRun" computerName="DKSR-EFI-04" duration="00:00:00.1244615" startTime="2023-12-22T09:37:41.6325457+01:00" endTime="2023-12-22T09:37:41.7575459+01:00" testType="13cdc9d9-ddb5-4fa4-a97d-d965ccfc6d4b" outcome="Passed" testListId="8c84fa94-04c1-424b-9868-57a2d4851a1d" relativeResultsDirectory="313c70d6-6a51-4fe6-b21d-d6d44ca0d3e6" />
    <UnitTestResult executionId="ae2a663a-703d-463e-93c7-528128a44210" testId="a0d50940-2432-3acf-bdae-0dfaf7c5f854" testName="TestNotifyObservers" computerName="DKSR-EFI-04" duration="00:00:00.0030774" startTime="2023-12-22T09:37:46.1481939+01:00" endTime="2023-12-22T09:37:46.1481939+01:00" testType="13cdc9d9-ddb5-4fa4-a97d-d965ccfc6d4b" outcome="Passed" testListId="8c84fa94-04c1-424b-9868-57a2d4851a1d" relativeResultsDirectory="ae2a663a-703d-463e-93c7-528128a44210" />
    <UnitTestResult executionId="0d7bbdd3-31ba-480a-8f7d-061871646813" testId="eceaaf6b-5306-b6a9-a798-462c0467ff4a" testName="TestTerminateProcess" computerName="DKSR-EFI-04" startTime="2023-12-22T09:35:49.9444463+01:00" endTime="2023-12-22T09:35:49.9444463+01:00" testType="13cdc9d9-ddb5-4fa4-a97d-d965ccfc6d4b" outcome="NotExecuted" testListId="8c84fa94-04c1-424b-9868-57a2d4851a1d" relativeResultsDirectory="0d7bbdd3-31ba-480a-8f7d-061871646813">
      <Output></Output>
    </UnitTestResult>
    <UnitTestResult executionId="1aec1f24-b0f8-4508-bced-c31915304bb0" testId="cee29a5a-9206-9b74-96ac-28ce4de6a024" testName="Test_With_MilestoneInstallerFrameworkPackage_When_ParamtersAreSerializedWithFormat2_Then_TheDynamicFilesContainsCorrectXmlFormat" computerName="DKSR-EFI-04" duration="00:00:00.0112624" startTime="2023-12-22T09:35:49.8038186+01:00" endTime="2023-12-22T09:35:49.8194468+01:00" testType="13cdc9d9-ddb5-4fa4-a97d-d965ccfc6d4b" outcome="Passed" testListId="8c84fa94-04c1-424b-9868-57a2d4851a1d" relativeResultsDirectory="1aec1f24-b0f8-4508-bced-c31915304bb0" />
    <UnitTestResult executionId="e93cc384-b68c-4df5-9886-64845d5ffc14" testId="bc4a1af8-3d51-4179-a551-c278715b53c7" testName="TestUpload2PackagesParallel" computerName="DKSR-EFI-04" duration="00:00:00.0308706" startTime="2023-12-22T09:37:56.3982603+01:00" endTime="2023-12-22T09:37:56.4295090+01:00" testType="13cdc9d9-ddb5-4fa4-a97d-d965ccfc6d4b" outcome="Passed" testListId="8c84fa94-04c1-424b-9868-57a2d4851a1d" relativeResultsDirectory="e93cc384-b68c-4df5-9886-64845d5ffc14" />
    <UnitTestResult executionId="227b165c-d656-46b9-8a88-609e50c176cc" testId="f1542d8f-aea4-6399-622a-dbd039a58b9a" testName="TestStopTwiceTask" computerName="DKSR-EFI-04" duration="00:00:00.3278053" startTime="2023-12-22T09:37:46.7107058+01:00" endTime="2023-12-22T09:37:47.0388267+01:00" testType="13cdc9d9-ddb5-4fa4-a97d-d965ccfc6d4b" outcome="Passed" testListId="8c84fa94-04c1-424b-9868-57a2d4851a1d" relativeResultsDirectory="227b165c-d656-46b9-8a88-609e50c176cc" />
    <UnitTestResult executionId="bbe4b362-e324-4967-816b-332ab77d3e65" testId="40c9aad1-ee00-e27d-0b4f-d8f949438612" testName="TestConstructor" computerName="DKSR-EFI-04" duration="00:00:00.0210569" startTime="2023-12-22T09:35:50.3506990+01:00" endTime="2023-12-22T09:35:50.3663233+01:00" testType="13cdc9d9-ddb5-4fa4-a97d-d965ccfc6d4b" outcome="Passed" testListId="8c84fa94-04c1-424b-9868-57a2d4851a1d" relativeResultsDirectory="bbe4b362-e324-4967-816b-332ab77d3e65" />
    <UnitTestResult executionId="a1cf39ee-e8db-4b00-8509-be0fcf540218" testId="d818aa24-7faf-b679-f37f-e2929af9a569" testName="TestUnInstallPackageParallel" computerName="DKSR-EFI-04" duration="00:00:00.0592111" startTime="2023-12-22T09:37:59.5232764+01:00" endTime="2023-12-22T09:37:59.5857685+01:00" testType="13cdc9d9-ddb5-4fa4-a97d-d965ccfc6d4b" outcome="Passed" testListId="8c84fa94-04c1-424b-9868-57a2d4851a1d" relativeResultsDirectory="a1cf39ee-e8db-4b00-8509-be0fcf540218" />
    <UnitTestResult executionId="c2e71086-b376-44d3-a3ec-8acad99f8f59" testId="dd7db48f-87b8-61de-b17c-06d3ef83a055" testName="TestUnInstallPackageWithInvalidHost" computerName="DKSR-EFI-04" duration="00:00:00.0025367" startTime="2023-12-22T09:37:59.5232764+01:00" endTime="2023-12-22T09:37:59.5232764+01:00" testType="13cdc9d9-ddb5-4fa4-a97d-d965ccfc6d4b" outcome="Passed" testListId="8c84fa94-04c1-424b-9868-57a2d4851a1d" relativeResultsDirectory="c2e71086-b376-44d3-a3ec-8acad99f8f59" />
    <UnitTestResult executionId="7322b3ea-b0e8-4fb2-b5ff-6d1295d54ca6" testId="5dde1ad8-2a5f-9e49-d80b-87af96b9782f" testName="TestConstructor" computerName="DKSR-EFI-04" duration="00:00:00.0011265" startTime="2023-12-22T09:35:53.0225876+01:00" endTime="2023-12-22T09:35:53.0225876+01:00" testType="13cdc9d9-ddb5-4fa4-a97d-d965ccfc6d4b" outcome="Passed" testListId="8c84fa94-04c1-424b-9868-57a2d4851a1d" relativeResultsDirectory="7322b3ea-b0e8-4fb2-b5ff-6d1295d54ca6" />
    <UnitTestResult executionId="56411f01-8823-4865-9963-dfd17c82e09f" testId="6596a401-a376-8fd2-668a-6808ccafe6e7" testName="TestUpdate" computerName="DKSR-EFI-04" duration="00:00:00.0076219" startTime="2023-12-22T09:35:50.2882011+01:00" endTime="2023-12-22T09:35:50.2882011+01:00" testType="13cdc9d9-ddb5-4fa4-a97d-d965ccfc6d4b" outcome="Passed" testListId="8c84fa94-04c1-424b-9868-57a2d4851a1d" relativeResultsDirectory="56411f01-8823-4865-9963-dfd17c82e09f" />
    <UnitTestResult executionId="5f40a415-c958-4fc7-a38f-2efd0a60df06" testId="dfe5eb18-fc86-0989-8caf-49b9107cfa43" testName="TestAddTaskWhileRunning" computerName="DKSR-EFI-04" duration="00:00:00.1248293" startTime="2023-12-22T09:37:32.8200039+01:00" endTime="2023-12-22T09:37:32.9450005+01:00" testType="13cdc9d9-ddb5-4fa4-a97d-d965ccfc6d4b" outcome="Passed" testListId="8c84fa94-04c1-424b-9868-57a2d4851a1d" relativeResultsDirectory="5f40a415-c958-4fc7-a38f-2efd0a60df06" />
    <UnitTestResult executionId="6e0dac9e-83b9-4e71-b0e4-84f4dbc81b17" testId="d2a38c12-1133-cc13-9e43-5bdd0cf775fc" testName="TestHostInfoConstructorWithUserNamePassword" computerName="DKSR-EFI-04" duration="00:00:00.0004000" startTime="2023-12-22T09:39:01.3342178+01:00" endTime="2023-12-22T09:39:01.3342178+01:00" testType="13cdc9d9-ddb5-4fa4-a97d-d965ccfc6d4b" outcome="Passed" testListId="8c84fa94-04c1-424b-9868-57a2d4851a1d" relativeResultsDirectory="6e0dac9e-83b9-4e71-b0e4-84f4dbc81b17" />
    <UnitTestResult executionId="770b38a3-e45e-4b6b-af1d-2905c45e74c0" testId="fe1191f9-4ecd-2913-fb7b-c5e75f511287" testName="TestAddRemoveTasks" computerName="DKSR-EFI-04" duration="00:00:00.0030291" startTime="2023-12-22T09:37:26.5230906+01:00" endTime="2023-12-22T09:37:26.5230906+01:00" testType="13cdc9d9-ddb5-4fa4-a97d-d965ccfc6d4b" outcome="Passed" testListId="8c84fa94-04c1-424b-9868-57a2d4851a1d" relativeResultsDirectory="770b38a3-e45e-4b6b-af1d-2905c45e74c0" />
    <UnitTestResult executionId="f5686e0d-0fe5-4725-a369-766973c23f7d" testId="11fe7685-9398-3200-8756-ca20267b48e6" testName="TestConstructor" computerName="DKSR-EFI-04" duration="00:00:00.0087926" startTime="2023-12-22T09:35:48.6631918+01:00" endTime="2023-12-22T09:35:48.7725645+01:00" testType="13cdc9d9-ddb5-4fa4-a97d-d965ccfc6d4b" outcome="Passed" testListId="8c84fa94-04c1-424b-9868-57a2d4851a1d" relativeResultsDirectory="f5686e0d-0fe5-4725-a369-766973c23f7d" />
    <UnitTestResult executionId="d480fbea-eed3-4b3f-9a77-5f8585e31861" testId="32505077-4fe1-2204-4219-664d842b3cbd" testName="TestInstallPackageParallel" computerName="DKSR-EFI-04" duration="00:00:00.0596117" startTime="2023-12-22T09:37:56.4295090+01:00" endTime="2023-12-22T09:37:56.4920044+01:00" testType="13cdc9d9-ddb5-4fa4-a97d-d965ccfc6d4b" outcome="Passed" testListId="8c84fa94-04c1-424b-9868-57a2d4851a1d" relativeResultsDirectory="d480fbea-eed3-4b3f-9a77-5f8585e31861" />
  </Results>
  <TestDefinitions>
    <UnitTest name="ZipPackageCompressed_ShouldBeImportedSuccessfully" storage="d:\actions-runner\_work\xpco\xpco\softwaremanager\core\softwaremanager\core\unittest\bin\debug\videoos.softwaremanager.core.unittest.dll" id="3263e060-9ee6-ac54-fc85-444722aa77f3">
      <Execution id="951b79d4-0ad1-4d54-8038-bba10cb13f47" />
      <TestMethod codeBase="D:\actions-runner\_work\XPCO\XPCO\SoftwareManager\Core\SoftwareManager\Core\unittest\bin\Debug\VideoOS.SoftwareManager.Core.UnitTest.dll" adapterTypeName="executor://mstestadapter/v2" className="VideoOS.SoftwareManager.Core.Task.UnitTest.FileShareImportPackageTaskTest" name="ZipPackageCompressed_ShouldBeImportedSuccessfully" />
    </UnitTest>
    <UnitTest name="TestCopyFileFailBecauseFileExists" storage="d:\actions-runner\_work\xpco\xpco\softwaremanager\core\softwaremanager\core\unittest\bin\debug\videoos.softwaremanager.core.unittest.dll" id="54505b15-5a00-25a3-11b0-3721b2419942">
      <Execution id="a25711d5-306b-4a7f-8877-408102fe8304" />
      <TestMethod codeBase="D:\actions-runner\_work\XPCO\XPCO\SoftwareManager\Core\SoftwareManager\Core\unittest\bin\Debug\VideoOS.SoftwareManager.Core.UnitTest.dll" adapterTypeName="executor://mstestadapter/v2" className="VideoOS.SoftwareManager.Core.Task.UnitTest.Win32FileCopyTaskTest" name="TestCopyFileFailBecauseFileExists" />
    </UnitTest>
    <UnitTest name="TestConstructor" storage="d:\actions-runner\_work\xpco\xpco\softwaremanager\core\softwaremanager\core\unittest\bin\debug\videoos.softwaremanager.core.unittest.dll" id="9b73a5d8-1c11-0cec-419f-e56feb2831ba">
      <Execution id="0cbad60c-4de1-4bbc-920f-56b9ed122e15" />
      <TestMethod codeBase="D:\actions-runner\_work\XPCO\XPCO\SoftwareManager\Core\SoftwareManager\Core\unittest\bin\Debug\VideoOS.SoftwareManager.Core.UnitTest.dll" adapterTypeName="executor://mstestadapter/v2" className="VideoOS.SoftwareManager.Core.Observer.UnitTest.ObservableTest" name="TestConstructor" />
    </UnitTest>
    <UnitTest name="TestCopyFileWithProgress" storage="d:\actions-runner\_work\xpco\xpco\softwaremanager\core\softwaremanager\core\unittest\bin\debug\videoos.softwaremanager.core.unittest.dll" id="dca228a0-81df-8712-dc7f-0dc5c847777d">
      <Execution id="cdeba476-3cb9-4b0f-9730-7912aa6dc207" />
      <TestMethod codeBase="D:\actions-runner\_work\XPCO\XPCO\SoftwareManager\Core\SoftwareManager\Core\unittest\bin\Debug\VideoOS.SoftwareManager.Core.UnitTest.dll" adapterTypeName="executor://mstestadapter/v2" className="VideoOS.SoftwareManager.Core.Task.UnitTest.Win32FileCopyTaskTest" name="TestCopyFileWithProgress" />
    </UnitTest>
    <UnitTest name="TestConstructor" storage="d:\actions-runner\_work\xpco\xpco\softwaremanager\core\softwaremanager\core\unittest\bin\debug\videoos.softwaremanager.core.unittest.dll" id="a33f8d13-deba-b734-2914-a26d82968c05">
      <Execution id="916cf340-1fca-48d7-a4ce-6727a525c128" />
      <TestMethod codeBase="D:\actions-runner\_work\XPCO\XPCO\SoftwareManager\Core\SoftwareManager\Core\unittest\bin\Debug\VideoOS.SoftwareManager.Core.UnitTest.dll" adapterTypeName="executor://mstestadapter/v2" className="VideoOS.SoftwareManager.Core.Task.UnitTest.WMIGetHostInfoTaskTest" name="TestConstructor" />
    </UnitTest>
    <UnitTest name="TestTaskWarningInPostRun" storage="d:\actions-runner\_work\xpco\xpco\softwaremanager\core\softwaremanager\core\unittest\bin\debug\videoos.softwaremanager.core.unittest.dll" id="7836a48f-abf6-7e36-5e54-4c0b983c976a">
      <Execution id="6664d48a-fe60-46db-89bc-d237b407b94a" />
      <TestMethod codeBase="D:\actions-runner\_work\XPCO\XPCO\SoftwareManager\Core\SoftwareManager\Core\unittest\bin\Debug\VideoOS.SoftwareManager.Core.UnitTest.dll" adapterTypeName="executor://mstestadapter/v2" className="VideoOS.SoftwareManager.Core.Task.UnitTest.TaskTest" name="TestTaskWarningInPostRun" />
    </UnitTest>
    <UnitTest name="TestConstructor" storage="d:\actions-runner\_work\xpco\xpco\softwaremanager\core\softwaremanager\core\unittest\bin\debug\videoos.softwaremanager.core.unittest.dll" id="62662b40-9dbf-8863-d09c-a0274ba353cf">
      <Execution id="7abb02d1-3632-4b52-ae79-dbdd7fd5e73b" />
      <TestMethod codeBase="D:\actions-runner\_work\XPCO\XPCO\SoftwareManager\Core\SoftwareManager\Core\unittest\bin\Debug\VideoOS.SoftwareManager.Core.UnitTest.dll" adapterTypeName="executor://mstestadapter/v2" className="VideoOS.SoftwareManager.Core.Package.UnitTest.PackageTest" name="TestConstructor" />
    </UnitTest>
    <UnitTest name="TestStartProcess" storage="d:\actions-runner\_work\xpco\xpco\softwaremanager\core\softwaremanager\core\unittest\bin\debug\videoos.softwaremanager.core.unittest.dll" id="6cef3e8d-2ebd-6290-5a28-0c415e30adc8">
      <Execution id="0c554ee5-62ac-4cde-b35d-7725037f3941" />
      <TestMethod codeBase="D:\actions-runner\_work\XPCO\XPCO\SoftwareManager\Core\SoftwareManager\Core\unittest\bin\Debug\VideoOS.SoftwareManager.Core.UnitTest.dll" adapterTypeName="executor://mstestadapter/v2" className="VideoOS.SoftwareManager.Core.Task.WMI.UnitTest.WMIProcessTaskTest" name="TestStartProcess" />
    </UnitTest>
    <UnitTest name="TestGetOSVersion" storage="d:\actions-runner\_work\xpco\xpco\softwaremanager\core\softwaremanager\core\unittest\bin\debug\videoos.softwaremanager.core.unittest.dll" id="5f16e599-0edf-c76a-748c-623462ea92a5">
      <Execution id="c2ed2c0c-1887-4871-b1ec-c7506904dad9" />
      <TestMethod codeBase="D:\actions-runner\_work\XPCO\XPCO\SoftwareManager\Core\SoftwareManager\Core\unittest\bin\Debug\VideoOS.SoftwareManager.Core.UnitTest.dll" adapterTypeName="executor://mstestadapter/v2" className="VideoOS.SoftwareManager.Core.Host.UnitTest.WmiHostImpTest" name="TestGetOSVersion" />
    </UnitTest>
    <UnitTest name="TestGetPackageUnInstaller" storage="d:\actions-runner\_work\xpco\xpco\softwaremanager\core\softwaremanager\core\unittest\bin\debug\videoos.softwaremanager.core.unittest.dll" id="a2237cff-2fec-9f3d-16cc-4fd05503957e">
      <Execution id="712a6766-7e28-4bcd-ac78-01848dbccd42" />
      <TestMethod codeBase="D:\actions-runner\_work\XPCO\XPCO\SoftwareManager\Core\SoftwareManager\Core\unittest\bin\Debug\VideoOS.SoftwareManager.Core.UnitTest.dll" adapterTypeName="executor://mstestadapter/v2" className="VideoOS.SoftwareManager.Core.Host.UnitTest.WmiHostImpTest" name="TestGetPackageUnInstaller" />
    </UnitTest>
    <UnitTest name="TestGetHostInfoParallel" storage="d:\actions-runner\_work\xpco\xpco\softwaremanager\core\softwaremanager\core\unittest\bin\debug\videoos.softwaremanager.core.unittest.dll" id="914452d1-2a5b-ada2-b3bb-094b0c594d6e">
      <Execution id="8ae18e46-24a6-485e-9653-c58e5b676203" />
      <TestMethod codeBase="D:\actions-runner\_work\XPCO\XPCO\SoftwareManager\Core\SoftwareManager\Core\unittest\bin\Debug\VideoOS.SoftwareManager.Core.UnitTest.dll" adapterTypeName="executor://mstestadapter/v2" className="VideoOS.SoftwareManager.Core.Manager.UnitTest.ManagerTest" name="TestGetHostInfoParallel" />
    </UnitTest>
    <UnitTest name="Package10bytes_ShouldNotBeImported" storage="d:\actions-runner\_work\xpco\xpco\softwaremanager\core\softwaremanager\core\unittest\bin\debug\videoos.softwaremanager.core.unittest.dll" id="f9b9c561-1fe4-1995-c5fe-f02674753531">
      <Execution id="f2af89c5-7340-44b7-8051-f46dcdd5ebb6" />
      <TestMethod codeBase="D:\actions-runner\_work\XPCO\XPCO\SoftwareManager\Core\SoftwareManager\Core\unittest\bin\Debug\VideoOS.SoftwareManager.Core.UnitTest.dll" adapterTypeName="executor://mstestadapter/v2" className="VideoOS.SoftwareManager.Core.Task.UnitTest.FileShareImportPackageTaskTest" name="Package10bytes_ShouldNotBeImported" />
    </UnitTest>
    <UnitTest name="TestSetParameter" storage="d:\actions-runner\_work\xpco\xpco\softwaremanager\core\softwaremanager\core\unittest\bin\debug\videoos.softwaremanager.core.unittest.dll" id="22b4db21-3428-db9a-3223-8ca266a1cb59">
      <Execution id="1772e987-93df-4091-8bbc-3d09a4e8e34d" />
      <TestMethod codeBase="D:\actions-runner\_work\XPCO\XPCO\SoftwareManager\Core\SoftwareManager\Core\unittest\bin\Debug\VideoOS.SoftwareManager.Core.UnitTest.dll" adapterTypeName="executor://mstestadapter/v2" className="VideoOS.SoftwareManager.Core.Package.UnitTest.PackageTest" name="TestSetParameter" />
    </UnitTest>
    <UnitTest name="TestRebooterTaskConstructor" storage="d:\actions-runner\_work\xpco\xpco\softwaremanager\core\softwaremanager\core\unittest\bin\debug\videoos.softwaremanager.core.unittest.dll" id="781458f1-23a4-0aa0-3bdb-d72f01e70470">
      <Execution id="8270723e-cafc-4e16-91fc-748b58f55aa9" />
      <TestMethod codeBase="D:\actions-runner\_work\XPCO\XPCO\SoftwareManager\Core\SoftwareManager\Core\unittest\bin\Debug\VideoOS.SoftwareManager.Core.UnitTest.dll" adapterTypeName="executor://mstestadapter/v2" className="VideoOS.SoftwareManager.Core.Task.UnitTest.PingTaskTest" name="TestRebooterTaskConstructor" />
    </UnitTest>
    <UnitTest name="TestConstructor" storage="d:\actions-runner\_work\xpco\xpco\softwaremanager\core\softwaremanager\core\unittest\bin\debug\videoos.softwaremanager.core.unittest.dll" id="d0f51d46-55ad-14e4-ecf1-7ac1fdeac6d0">
      <Execution id="6afe270b-9fd2-4af5-a32a-2a2987410f39" />
      <TestMethod codeBase="D:\actions-runner\_work\XPCO\XPCO\SoftwareManager\Core\SoftwareManager\Core\unittest\bin\Debug\VideoOS.SoftwareManager.Core.UnitTest.dll" adapterTypeName="executor://mstestadapter/v2" className="VideoOS.SoftwareManager.Core.Task.UnitTest.HostTestTaskTest" name="TestConstructor" />
    </UnitTest>
    <UnitTest name="TestConstructorWithMessage" storage="d:\actions-runner\_work\xpco\xpco\softwaremanager\core\softwaremanager\core\unittest\bin\debug\videoos.softwaremanager.core.unittest.dll" id="3be3dd6c-70a8-fb50-940e-ef5b6d783571">
      <Execution id="794d212c-5838-41a3-a205-0c1e75dabf69" />
      <TestMethod codeBase="D:\actions-runner\_work\XPCO\XPCO\SoftwareManager\Core\SoftwareManager\Core\unittest\bin\Debug\VideoOS.SoftwareManager.Core.UnitTest.dll" adapterTypeName="executor://mstestadapter/v2" className="VideoOS.SoftwareManager.Core.Utils.UnitTest.SoftwareManagerCannotRebootLocalhostExceptionTest" name="TestConstructorWithMessage" />
    </UnitTest>
    <UnitTest name="TestStopAllHostTaskAllLevels" storage="d:\actions-runner\_work\xpco\xpco\softwaremanager\core\softwaremanager\core\unittest\bin\debug\videoos.softwaremanager.core.unittest.dll" id="9f360e22-795c-5c17-8bb8-33a39a68517b">
      <Execution id="b6661efd-5634-4695-b002-21b5e0d9a77c" />
      <TestMethod codeBase="D:\actions-runner\_work\XPCO\XPCO\SoftwareManager\Core\SoftwareManager\Core\unittest\bin\Debug\VideoOS.SoftwareManager.Core.UnitTest.dll" adapterTypeName="executor://mstestadapter/v2" className="VideoOS.SoftwareManager.Core.Manager.UnitTest.ManagerTest" name="TestStopAllHostTaskAllLevels" />
    </UnitTest>
    <UnitTest name="TestStart" storage="d:\actions-runner\_work\xpco\xpco\softwaremanager\core\softwaremanager\core\unittest\bin\debug\videoos.softwaremanager.core.unittest.dll" id="40155484-ee6e-4839-ee9d-f2f524b2192f">
      <Execution id="6369eb4d-16e2-486a-bd87-d7fe4e2d4343" />
      <TestMethod codeBase="D:\actions-runner\_work\XPCO\XPCO\SoftwareManager\Core\SoftwareManager\Core\unittest\bin\Debug\VideoOS.SoftwareManager.Core.UnitTest.dll" adapterTypeName="executor://mstestadapter/v2" className="VideoOS.SoftwareManager.Core.Task.UnitTest.WMIGetHostInfoTaskTest" name="TestStart" />
    </UnitTest>
    <UnitTest name="TestFileShareRepository" storage="d:\actions-runner\_work\xpco\xpco\softwaremanager\core\softwaremanager\core\unittest\bin\debug\videoos.softwaremanager.core.unittest.dll" id="cc76721f-059d-14cc-2a33-b02fc511af6d">
      <Execution id="8615d724-e3e8-4c9c-85f8-1099ee7bab39" />
      <TestMethod codeBase="D:\actions-runner\_work\XPCO\XPCO\SoftwareManager\Core\SoftwareManager\Core\unittest\bin\Debug\VideoOS.SoftwareManager.Core.UnitTest.dll" adapterTypeName="executor://mstestadapter/v2" className="VideoOS.SoftwareManager.Core.Repository.UnitTest.RepositoryFactoryTest" name="TestFileShareRepository" />
    </UnitTest>
    <UnitTest name="TestStopNotAddedHostTaskOneLevel" storage="d:\actions-runner\_work\xpco\xpco\softwaremanager\core\softwaremanager\core\unittest\bin\debug\videoos.softwaremanager.core.unittest.dll" id="a812c461-75bd-711d-a173-a6a8e32057ca">
      <Execution id="17777843-ff92-46d6-b4d8-675947a0ac0a" />
      <TestMethod codeBase="D:\actions-runner\_work\XPCO\XPCO\SoftwareManager\Core\SoftwareManager\Core\unittest\bin\Debug\VideoOS.SoftwareManager.Core.UnitTest.dll" adapterTypeName="executor://mstestadapter/v2" className="VideoOS.SoftwareManager.Core.Manager.UnitTest.ManagerTest" name="TestStopNotAddedHostTaskOneLevel" />
    </UnitTest>
    <UnitTest name="TestIP" storage="d:\actions-runner\_work\xpco\xpco\softwaremanager\core\softwaremanager\core\unittest\bin\debug\videoos.softwaremanager.core.unittest.dll" id="f3eff344-b8fc-0e39-5989-18b02610ed7c">
      <Execution id="e6748a70-45d4-4154-b562-c49e80b676a4" />
      <TestMethod codeBase="D:\actions-runner\_work\XPCO\XPCO\SoftwareManager\Core\SoftwareManager\Core\unittest\bin\Debug\VideoOS.SoftwareManager.Core.UnitTest.dll" adapterTypeName="executor://mstestadapter/v2" className="VideoOS.SoftwareManager.Core.UnitTest.Utils.NetUtilsTest" name="TestIP" />
    </UnitTest>
    <UnitTest name="Test_With_ArgmunentsXmlFileV2WithXsdError_When_ExtractingTheArguments_Then_ArgumentsAreEmpty" storage="d:\actions-runner\_work\xpco\xpco\softwaremanager\core\softwaremanager\core\unittest\bin\debug\videoos.softwaremanager.core.unittest.dll" id="2b7c73e8-3685-8491-b861-62d5fe5e1781">
      <Execution id="36ae5718-b6e8-4729-8c08-e7da705cd268" />
      <TestMethod codeBase="D:\actions-runner\_work\XPCO\XPCO\SoftwareManager\Core\SoftwareManager\Core\unittest\bin\Debug\VideoOS.SoftwareManager.Core.UnitTest.dll" adapterTypeName="executor://mstestadapter/v2" className="VideoOS.SoftwareManager.Core.UnitTest.ArgumentsXml.ArgumentsXmlSerializationTest" name="Test_With_ArgmunentsXmlFileV2WithXsdError_When_ExtractingTheArguments_Then_ArgumentsAreEmpty" />
    </UnitTest>
    <UnitTest name="TestConstructor" storage="d:\actions-runner\_work\xpco\xpco\softwaremanager\core\softwaremanager\core\unittest\bin\debug\videoos.softwaremanager.core.unittest.dll" id="3b623a3d-89e2-adbe-0562-30890ff4514f">
      <Execution id="69d319ff-e87d-445c-8727-a855c5893276" />
      <TestMethod codeBase="D:\actions-runner\_work\XPCO\XPCO\SoftwareManager\Core\SoftwareManager\Core\unittest\bin\Debug\VideoOS.SoftwareManager.Core.UnitTest.dll" adapterTypeName="executor://mstestadapter/v2" className="VideoOS.SoftwareManager.Core.Package.UnitTest.DynamicFileTest" name="TestConstructor" />
    </UnitTest>
    <UnitTest name="TestMakeDirWithMultipleSubDirs" storage="d:\actions-runner\_work\xpco\xpco\softwaremanager\core\softwaremanager\core\unittest\bin\debug\videoos.softwaremanager.core.unittest.dll" id="5323add9-9438-8c53-0fca-d94870660b43">
      <Execution id="d6cf141a-d8fe-4ace-a44e-655d05f310af" />
      <TestMethod codeBase="D:\actions-runner\_work\XPCO\XPCO\SoftwareManager\Core\SoftwareManager\Core\unittest\bin\Debug\VideoOS.SoftwareManager.Core.UnitTest.dll" adapterTypeName="executor://mstestadapter/v2" className="VideoOS.SoftwareManager.Core.Task.UnitTest.Win32MakeDirTaskTest" name="TestMakeDirWithMultipleSubDirs" />
    </UnitTest>
    <UnitTest name="TestSetIndex" storage="d:\actions-runner\_work\xpco\xpco\softwaremanager\core\softwaremanager\core\unittest\bin\debug\videoos.softwaremanager.core.unittest.dll" id="505bf6e1-ce44-5a68-88c1-fb6651bb0490">
      <Execution id="ff87935b-8e47-4a4b-9e91-d98284e48b14" />
      <TestMethod codeBase="D:\actions-runner\_work\XPCO\XPCO\SoftwareManager\Core\SoftwareManager\Core\unittest\bin\Debug\VideoOS.SoftwareManager.Core.UnitTest.dll" adapterTypeName="executor://mstestadapter/v2" className="VideoOS.SoftwareManager.Core.Package.UnitTest.EnumParameterTest" name="TestSetIndex" />
    </UnitTest>
    <UnitTest name="TestSubTasks" storage="d:\actions-runner\_work\xpco\xpco\softwaremanager\core\softwaremanager\core\unittest\bin\debug\videoos.softwaremanager.core.unittest.dll" id="aeb69c69-f399-d401-e754-f443149b61bf">
      <Execution id="43fca826-ef19-4f2d-be0d-6495927dd70d" />
      <TestMethod codeBase="D:\actions-runner\_work\XPCO\XPCO\SoftwareManager\Core\SoftwareManager\Core\unittest\bin\Debug\VideoOS.SoftwareManager.Core.UnitTest.dll" adapterTypeName="executor://mstestadapter/v2" className="VideoOS.SoftwareManager.Core.Task.TaskSuites.UnitTest.WMIPackageInstallerTaskTest" name="TestSubTasks" />
    </UnitTest>
    <UnitTest name="TestStop" storage="d:\actions-runner\_work\xpco\xpco\softwaremanager\core\softwaremanager\core\unittest\bin\debug\videoos.softwaremanager.core.unittest.dll" id="8bee89f3-b545-13ae-bf1c-f764a03a926a">
      <Execution id="eed03f57-58c5-481f-b600-26b825233e36" />
      <TestMethod codeBase="D:\actions-runner\_work\XPCO\XPCO\SoftwareManager\Core\SoftwareManager\Core\unittest\bin\Debug\VideoOS.SoftwareManager.Core.UnitTest.dll" adapterTypeName="executor://mstestadapter/v2" className="VideoOS.SoftwareManager.Core.Task.UnitTest.TaskTest" name="TestStop" />
    </UnitTest>
    <UnitTest name="TestAddRemoveHost" storage="d:\actions-runner\_work\xpco\xpco\softwaremanager\core\softwaremanager\core\unittest\bin\debug\videoos.softwaremanager.core.unittest.dll" id="97023402-6dfa-1a85-9a19-e49c35df9c6b">
      <Execution id="c0c51e0b-49b3-4060-96d2-67b2b26172b7" />
      <TestMethod codeBase="D:\actions-runner\_work\XPCO\XPCO\SoftwareManager\Core\SoftwareManager\Core\unittest\bin\Debug\VideoOS.SoftwareManager.Core.UnitTest.dll" adapterTypeName="executor://mstestadapter/v2" className="VideoOS.SoftwareManager.Core.Manager.UnitTest.ManagerTest" name="TestAddRemoveHost" />
    </UnitTest>
    <UnitTest name="TestUploader" storage="d:\actions-runner\_work\xpco\xpco\softwaremanager\core\softwaremanager\core\unittest\bin\debug\videoos.softwaremanager.core.unittest.dll" id="d8a26e5e-a3ae-ca28-4ef4-d1f662c46cd6">
      <Execution id="df2e80ad-647d-4ac9-b0e6-6b4e813eac9c" />
      <TestMethod codeBase="D:\actions-runner\_work\XPCO\XPCO\SoftwareManager\Core\SoftwareManager\Core\unittest\bin\Debug\VideoOS.SoftwareManager.Core.UnitTest.dll" adapterTypeName="executor://mstestadapter/v2" className="VideoOS.SoftwareManager.Core.Repository.UnitTest.FileShareRepositoryTest" name="TestUploader" />
    </UnitTest>
    <UnitTest name="TestRebootWithInvalidHost" storage="d:\actions-runner\_work\xpco\xpco\softwaremanager\core\softwaremanager\core\unittest\bin\debug\videoos.softwaremanager.core.unittest.dll" id="9207245b-a7fa-82ff-1427-4b3d12e39613">
      <Execution id="3e1164fa-95da-446b-8fe2-036055df9129" />
      <TestMethod codeBase="D:\actions-runner\_work\XPCO\XPCO\SoftwareManager\Core\SoftwareManager\Core\unittest\bin\Debug\VideoOS.SoftwareManager.Core.UnitTest.dll" adapterTypeName="executor://mstestadapter/v2" className="VideoOS.SoftwareManager.Core.Manager.UnitTest.ManagerTest" name="TestRebootWithInvalidHost" />
    </UnitTest>
    <UnitTest name="TestGetActionTasks" storage="d:\actions-runner\_work\xpco\xpco\softwaremanager\core\softwaremanager\core\unittest\bin\debug\videoos.softwaremanager.core.unittest.dll" id="ba25d85d-5f6f-50aa-c01e-f15ddb2c280f">
      <Execution id="e7ad701f-5e07-4f32-bae4-086e7f9ee931" />
      <TestMethod codeBase="D:\actions-runner\_work\XPCO\XPCO\SoftwareManager\Core\SoftwareManager\Core\unittest\bin\Debug\VideoOS.SoftwareManager.Core.UnitTest.dll" adapterTypeName="executor://mstestadapter/v2" className="VideoOS.SoftwareManager.Core.Host.UnitTest.WMIHostImpActionHelperTest" name="TestGetActionTasks" />
    </UnitTest>
    <UnitTest name="TestHostInfoConstructorWithUserNamePassword" storage="d:\actions-runner\_work\xpco\xpco\softwaremanager\core\softwaremanager\core\unittest\bin\debug\videoos.softwaremanager.core.unittest.dll" id="d2a38c12-1133-cc13-9e43-5bdd0cf775fc">
      <Execution id="6e0dac9e-83b9-4e71-b0e4-84f4dbc81b17" />
      <TestMethod codeBase="D:\actions-runner\_work\XPCO\XPCO\SoftwareManager\Core\SoftwareManager\Core\unittest\bin\Debug\VideoOS.SoftwareManager.Core.UnitTest.dll" adapterTypeName="executor://mstestadapter/v2" className="VideoOS.SoftwareManager.Core.Host.UnitTest.HostInfoTest" name="TestHostInfoConstructorWithUserNamePassword" />
    </UnitTest>
    <UnitTest name="TestGetLocalPackages" storage="d:\actions-runner\_work\xpco\xpco\softwaremanager\core\softwaremanager\core\unittest\bin\debug\videoos.softwaremanager.core.unittest.dll" id="b60114ef-9c63-d2ca-5962-07d7a30acee8">
      <Execution id="e1682d8a-9d8b-461c-af5f-7cbed79a64a8" />
      <TestMethod codeBase="D:\actions-runner\_work\XPCO\XPCO\SoftwareManager\Core\SoftwareManager\Core\unittest\bin\Debug\VideoOS.SoftwareManager.Core.UnitTest.dll" adapterTypeName="executor://mstestadapter/v2" className="VideoOS.SoftwareManager.Core.Host.UnitTest.WmiHostImpTest" name="TestGetLocalPackages" />
    </UnitTest>
    <UnitTest name="TestUnInstallPackageWithInvalidHost" storage="d:\actions-runner\_work\xpco\xpco\softwaremanager\core\softwaremanager\core\unittest\bin\debug\videoos.softwaremanager.core.unittest.dll" id="dd7db48f-87b8-61de-b17c-06d3ef83a055">
      <Execution id="c2e71086-b376-44d3-a3ec-8acad99f8f59" />
      <TestMethod codeBase="D:\actions-runner\_work\XPCO\XPCO\SoftwareManager\Core\SoftwareManager\Core\unittest\bin\Debug\VideoOS.SoftwareManager.Core.UnitTest.dll" adapterTypeName="executor://mstestadapter/v2" className="VideoOS.SoftwareManager.Core.Manager.UnitTest.ManagerTest" name="TestUnInstallPackageWithInvalidHost" />
    </UnitTest>
    <UnitTest name="TestLocalHost" storage="d:\actions-runner\_work\xpco\xpco\softwaremanager\core\softwaremanager\core\unittest\bin\debug\videoos.softwaremanager.core.unittest.dll" id="cef844ae-f7df-59dd-115d-a7bcafd90e57">
      <Execution id="9eacb1c1-6a6c-4cce-80a1-9cb49f0587ad" />
      <TestMethod codeBase="D:\actions-runner\_work\XPCO\XPCO\SoftwareManager\Core\SoftwareManager\Core\unittest\bin\Debug\VideoOS.SoftwareManager.Core.UnitTest.dll" adapterTypeName="executor://mstestadapter/v2" className="VideoOS.SoftwareManager.Core.Task.UnitTest.WMIPingTaskTest" name="TestLocalHost" />
    </UnitTest>
    <UnitTest name="TestConstructor" storage="d:\actions-runner\_work\xpco\xpco\softwaremanager\core\softwaremanager\core\unittest\bin\debug\videoos.softwaremanager.core.unittest.dll" id="3cb4d030-e34c-4c73-8e37-551b04141e43">
      <Execution id="57284812-33e5-4eea-b600-38360eee61da" />
      <TestMethod codeBase="D:\actions-runner\_work\XPCO\XPCO\SoftwareManager\Core\SoftwareManager\Core\unittest\bin\Debug\VideoOS.SoftwareManager.Core.UnitTest.dll" adapterTypeName="executor://mstestadapter/v2" className="VideoOS.SoftwareManager.Core.Task.UnitTest.Win32MakeDirTaskTest" name="TestConstructor" />
    </UnitTest>
    <UnitTest name="TestPingParallel" storage="d:\actions-runner\_work\xpco\xpco\softwaremanager\core\softwaremanager\core\unittest\bin\debug\videoos.softwaremanager.core.unittest.dll" id="f936dbe2-1850-5119-1e00-9716f608d0a4">
      <Execution id="dbc81e21-0841-49fd-a140-3f7c71639a75" />
      <TestMethod codeBase="D:\actions-runner\_work\XPCO\XPCO\SoftwareManager\Core\SoftwareManager\Core\unittest\bin\Debug\VideoOS.SoftwareManager.Core.UnitTest.dll" adapterTypeName="executor://mstestadapter/v2" className="VideoOS.SoftwareManager.Core.Manager.UnitTest.ManagerTest" name="TestPingParallel" />
    </UnitTest>
    <UnitTest name="TestHostImp" storage="d:\actions-runner\_work\xpco\xpco\softwaremanager\core\softwaremanager\core\unittest\bin\debug\videoos.softwaremanager.core.unittest.dll" id="bde7a222-ad8e-3af2-d4c0-949060459864">
      <Execution id="00619485-0e12-47ec-a3b9-8fcb5508a2d3" />
      <TestMethod codeBase="D:\actions-runner\_work\XPCO\XPCO\SoftwareManager\Core\SoftwareManager\Core\unittest\bin\Debug\VideoOS.SoftwareManager.Core.UnitTest.dll" adapterTypeName="executor://mstestadapter/v2" className="VideoOS.SoftwareManager.Core.Host.UnitTest.HostImpTest" name="TestHostImp" />
    </UnitTest>
    <UnitTest name="TestConstructor" storage="d:\actions-runner\_work\xpco\xpco\softwaremanager\core\softwaremanager\core\unittest\bin\debug\videoos.softwaremanager.core.unittest.dll" id="620b4223-3408-072e-6355-73c38adf0b0e">
      <Execution id="bd6c8e3b-0bb1-4b00-bb7a-c2da34193c55" />
      <TestMethod codeBase="D:\actions-runner\_work\XPCO\XPCO\SoftwareManager\Core\SoftwareManager\Core\unittest\bin\Debug\VideoOS.SoftwareManager.Core.UnitTest.dll" adapterTypeName="executor://mstestadapter/v2" className="VideoOS.SoftwareManager.Core.Host.UnitTest.WmiHostImpTest" name="TestConstructor" />
    </UnitTest>
    <UnitTest name="Package610bytes_ShouldNotBeImported" storage="d:\actions-runner\_work\xpco\xpco\softwaremanager\core\softwaremanager\core\unittest\bin\debug\videoos.softwaremanager.core.unittest.dll" id="d1de3b4d-2e01-3204-b28f-98879a6cc328">
      <Execution id="70e626e7-37b9-4641-bc49-c14902644e10" />
      <TestMethod codeBase="D:\actions-runner\_work\XPCO\XPCO\SoftwareManager\Core\SoftwareManager\Core\unittest\bin\Debug\VideoOS.SoftwareManager.Core.UnitTest.dll" adapterTypeName="executor://mstestadapter/v2" className="VideoOS.SoftwareManager.Core.Task.UnitTest.FileShareImportPackageTaskTest" name="Package610bytes_ShouldNotBeImported" />
    </UnitTest>
    <UnitTest name="TestGetRepository" storage="d:\actions-runner\_work\xpco\xpco\softwaremanager\core\softwaremanager\core\unittest\bin\debug\videoos.softwaremanager.core.unittest.dll" id="a5fae02e-9780-3d8e-be60-788c3b7d16c2">
      <Execution id="4bab1d93-cce6-49d0-a6cc-da7ba1814ecd" />
      <TestMethod codeBase="D:\actions-runner\_work\XPCO\XPCO\SoftwareManager\Core\SoftwareManager\Core\unittest\bin\Debug\VideoOS.SoftwareManager.Core.UnitTest.dll" adapterTypeName="executor://mstestadapter/v2" className="VideoOS.SoftwareManager.Core.Manager.UnitTest.ManagerTest" name="TestGetRepository" />
    </UnitTest>
    <UnitTest name="TestEnumeration2" storage="d:\actions-runner\_work\xpco\xpco\softwaremanager\core\softwaremanager\core\unittest\bin\debug\videoos.softwaremanager.core.unittest.dll" id="37e26fc7-40a0-7e47-0f13-ec833e365aba">
      <Execution id="f8e295da-f25b-4242-af59-0c867affd32f" />
      <TestMethod codeBase="D:\actions-runner\_work\XPCO\XPCO\SoftwareManager\Core\SoftwareManager\Core\unittest\bin\Debug\VideoOS.SoftwareManager.Core.UnitTest.dll" adapterTypeName="executor://mstestadapter/v2" className="VideoOS.SoftwareManager.Core.Task.UnitTest.TaskResultTest" name="TestEnumeration2" />
    </UnitTest>
    <UnitTest name="TestGetUploader" storage="d:\actions-runner\_work\xpco\xpco\softwaremanager\core\softwaremanager\core\unittest\bin\debug\videoos.softwaremanager.core.unittest.dll" id="91caed3b-2955-2bf7-0a49-1538d6760b9b">
      <Execution id="1d1e601f-881c-48c8-b9e6-e2eff075c184" />
      <TestMethod codeBase="D:\actions-runner\_work\XPCO\XPCO\SoftwareManager\Core\SoftwareManager\Core\unittest\bin\Debug\VideoOS.SoftwareManager.Core.UnitTest.dll" adapterTypeName="executor://mstestadapter/v2" className="VideoOS.SoftwareManager.Core.Repository.UnitTest.RepositoryTest" name="TestGetUploader" />
    </UnitTest>
    <UnitTest name="TestImportPackage" storage="d:\actions-runner\_work\xpco\xpco\softwaremanager\core\softwaremanager\core\unittest\bin\debug\videoos.softwaremanager.core.unittest.dll" id="d83947fd-fcc3-6351-3b2a-c4fb1ea09216">
      <Execution id="7d419603-bd93-4e66-a3fa-3ac73a7e7367" />
      <TestMethod codeBase="D:\actions-runner\_work\XPCO\XPCO\SoftwareManager\Core\SoftwareManager\Core\unittest\bin\Debug\VideoOS.SoftwareManager.Core.UnitTest.dll" adapterTypeName="executor://mstestadapter/v2" className="VideoOS.SoftwareManager.Core.Manager.UnitTest.ManagerTest" name="TestImportPackage" />
    </UnitTest>
    <UnitTest name="TestConstructor" storage="d:\actions-runner\_work\xpco\xpco\softwaremanager\core\softwaremanager\core\unittest\bin\debug\videoos.softwaremanager.core.unittest.dll" id="efc14a12-eb7c-c0b5-a73c-f0dcb17c28e9">
      <Execution id="66f19134-ac8d-4af7-a107-30f43f04252d" />
      <TestMethod codeBase="D:\actions-runner\_work\XPCO\XPCO\SoftwareManager\Core\SoftwareManager\Core\unittest\bin\Debug\VideoOS.SoftwareManager.Core.UnitTest.dll" adapterTypeName="executor://mstestadapter/v2" className="VideoOS.SoftwareManager.Core.Task.UnitTest.GetHostNameTaskTest" name="TestConstructor" />
    </UnitTest>
    <UnitTest name="TestConstructor" storage="d:\actions-runner\_work\xpco\xpco\softwaremanager\core\softwaremanager\core\unittest\bin\debug\videoos.softwaremanager.core.unittest.dll" id="d908c8a8-2398-0e10-28f9-4b3de740a2b8">
      <Execution id="b2abf86f-ae55-4c4e-89e0-144c42ac2d55" />
      <TestMethod codeBase="D:\actions-runner\_work\XPCO\XPCO\SoftwareManager\Core\SoftwareManager\Core\unittest\bin\Debug\VideoOS.SoftwareManager.Core.UnitTest.dll" adapterTypeName="executor://mstestadapter/v2" className="VideoOS.SoftwareManager.Core.Host.UnitTest.HostImpActionHelperTest" name="TestConstructor" />
    </UnitTest>
    <UnitTest name="TestStopHostTaskWithInvalidHost" storage="d:\actions-runner\_work\xpco\xpco\softwaremanager\core\softwaremanager\core\unittest\bin\debug\videoos.softwaremanager.core.unittest.dll" id="e0aa219f-1854-91b3-3e29-4258ec3f3da6">
      <Execution id="d05a5e22-dd7b-4a89-a7c4-88e13017ae17" />
      <TestMethod codeBase="D:\actions-runner\_work\XPCO\XPCO\SoftwareManager\Core\SoftwareManager\Core\unittest\bin\Debug\VideoOS.SoftwareManager.Core.UnitTest.dll" adapterTypeName="executor://mstestadapter/v2" className="VideoOS.SoftwareManager.Core.Manager.UnitTest.TestTest" name="TestStopHostTaskWithInvalidHost" />
    </UnitTest>
    <UnitTest name="TestConstructorWithErrorCodeDependentServicesRunning" storage="d:\actions-runner\_work\xpco\xpco\softwaremanager\core\softwaremanager\core\unittest\bin\debug\videoos.softwaremanager.core.unittest.dll" id="470e3884-a013-e07a-6032-a69655df1b7d">
      <Execution id="5cbab6e7-375b-447c-82bd-290090951cbf" />
      <TestMethod codeBase="D:\actions-runner\_work\XPCO\XPCO\SoftwareManager\Core\SoftwareManager\Core\unittest\bin\Debug\VideoOS.SoftwareManager.Core.UnitTest.dll" adapterTypeName="executor://mstestadapter/v2" className="VideoOS.SoftwareManager.Core.Utils.UnitTest.SoftwareManagerWMIServiceExceptionTest" name="TestConstructorWithErrorCodeDependentServicesRunning" />
    </UnitTest>
    <UnitTest name="TestGetPackagesWithNullRepositoryPath" storage="d:\actions-runner\_work\xpco\xpco\softwaremanager\core\softwaremanager\core\unittest\bin\debug\videoos.softwaremanager.core.unittest.dll" id="03e51c8c-4d92-59ee-ca72-7ef99d8d0f0f">
      <Execution id="7b030442-9c3f-48b7-931b-04bc67b07914" />
      <TestMethod codeBase="D:\actions-runner\_work\XPCO\XPCO\SoftwareManager\Core\SoftwareManager\Core\unittest\bin\Debug\VideoOS.SoftwareManager.Core.UnitTest.dll" adapterTypeName="executor://mstestadapter/v2" className="VideoOS.SoftwareManager.Core.Task.UnitTest.FileShareGetPackagesTaskTest" name="TestGetPackagesWithNullRepositoryPath" />
    </UnitTest>
    <UnitTest name="TestDifferentUserName" storage="d:\actions-runner\_work\xpco\xpco\softwaremanager\core\softwaremanager\core\unittest\bin\debug\videoos.softwaremanager.core.unittest.dll" id="81256e9c-7576-e53d-a206-ff8d79a392bb">
      <Execution id="4c4fdc14-cc58-426c-9e68-63e92d52936d" />
      <TestMethod codeBase="D:\actions-runner\_work\XPCO\XPCO\SoftwareManager\Core\SoftwareManager\Core\unittest\bin\Debug\VideoOS.SoftwareManager.Core.UnitTest.dll" adapterTypeName="executor://mstestadapter/v2" className="VideoOS.SoftwareManager.Core.Task.UnitTest.FileSharePackageUploaderTaskTest" name="TestDifferentUserName" />
    </UnitTest>
    <UnitTest name="TestConstructor" storage="d:\actions-runner\_work\xpco\xpco\softwaremanager\core\softwaremanager\core\unittest\bin\debug\videoos.softwaremanager.core.unittest.dll" id="9d5c5276-a7b0-5513-b1ab-ce2be37e9b89">
      <Execution id="5353bd63-a4ec-4e95-9ad0-8cc6043371f8" />
      <TestMethod codeBase="D:\actions-runner\_work\XPCO\XPCO\SoftwareManager\Core\SoftwareManager\Core\unittest\bin\Debug\VideoOS.SoftwareManager.Core.UnitTest.dll" adapterTypeName="executor://mstestadapter/v2" className="VideoOS.SoftwareManager.Core.Manager.UnitTest.ObservableRepositoryTest" name="TestConstructor" />
    </UnitTest>
    <UnitTest name="TestConstructorWithOverwrite" storage="d:\actions-runner\_work\xpco\xpco\softwaremanager\core\softwaremanager\core\unittest\bin\debug\videoos.softwaremanager.core.unittest.dll" id="2a067b92-4347-6a39-bc15-e87ff4d0efc9">
      <Execution id="5b216e82-41a0-412b-85bf-ac9d11a1f264" />
      <TestMethod codeBase="D:\actions-runner\_work\XPCO\XPCO\SoftwareManager\Core\SoftwareManager\Core\unittest\bin\Debug\VideoOS.SoftwareManager.Core.UnitTest.dll" adapterTypeName="executor://mstestadapter/v2" className="VideoOS.SoftwareManager.Core.Task.UnitTest.Win32FileCopyTaskTest" name="TestConstructorWithOverwrite" />
    </UnitTest>
    <UnitTest name="TestConstructor" storage="d:\actions-runner\_work\xpco\xpco\softwaremanager\core\softwaremanager\core\unittest\bin\debug\videoos.softwaremanager.core.unittest.dll" id="3da684be-8c97-6e5c-5191-88483e147d71">
      <Execution id="7261291f-623c-4844-a661-d9849e2a80f0" />
      <TestMethod codeBase="D:\actions-runner\_work\XPCO\XPCO\SoftwareManager\Core\SoftwareManager\Core\unittest\bin\Debug\VideoOS.SoftwareManager.Core.UnitTest.dll" adapterTypeName="executor://mstestadapter/v2" className="VideoOS.SoftwareManager.Core.Task.WMI.UnitTest.WMIProcessTaskTest" name="TestConstructor" />
    </UnitTest>
    <UnitTest name="TestStopRepositoryTasksWithNullManager" storage="d:\actions-runner\_work\xpco\xpco\softwaremanager\core\softwaremanager\core\unittest\bin\debug\videoos.softwaremanager.core.unittest.dll" id="c3800336-306f-d7b8-9385-05631f008da4">
      <Execution id="6be7053b-a188-4f2d-bf6a-0102a4ca22df" />
      <TestMethod codeBase="D:\actions-runner\_work\XPCO\XPCO\SoftwareManager\Core\SoftwareManager\Core\unittest\bin\Debug\VideoOS.SoftwareManager.Core.UnitTest.dll" adapterTypeName="executor://mstestadapter/v2" className="VideoOS.SoftwareManager.Core.Manager.UnitTest.TestTest" name="TestStopRepositoryTasksWithNullManager" />
    </UnitTest>
    <UnitTest name="TestConstructor" storage="d:\actions-runner\_work\xpco\xpco\softwaremanager\core\softwaremanager\core\unittest\bin\debug\videoos.softwaremanager.core.unittest.dll" id="d4187810-f371-b966-4ddc-9f7511ff3c2e">
      <Execution id="703195d2-cc9c-4c94-aa2d-9493c5b6e8b1" />
      <TestMethod codeBase="D:\actions-runner\_work\XPCO\XPCO\SoftwareManager\Core\SoftwareManager\Core\unittest\bin\Debug\VideoOS.SoftwareManager.Core.UnitTest.dll" adapterTypeName="executor://mstestadapter/v2" className="VideoOS.SoftwareManager.Core.Task.UnitTest.GetProductInfoTaskTest" name="TestConstructor" />
    </UnitTest>
    <UnitTest name="TestParameter" storage="d:\actions-runner\_work\xpco\xpco\softwaremanager\core\softwaremanager\core\unittest\bin\debug\videoos.softwaremanager.core.unittest.dll" id="e81ed2b9-9c7f-074e-5740-b30036c6ffca">
      <Execution id="4292c39b-5258-46f7-b792-bc54e47d0c8e" />
      <TestMethod codeBase="D:\actions-runner\_work\XPCO\XPCO\SoftwareManager\Core\SoftwareManager\Core\unittest\bin\Debug\VideoOS.SoftwareManager.Core.UnitTest.dll" adapterTypeName="executor://mstestadapter/v2" className="VideoOS.SoftwareManager.Core.Package.UnitTest.ParameterTest" name="TestParameter" />
    </UnitTest>
    <UnitTest name="ZipPackageUncompressed_ShouldBeImportedSuccessfully" storage="d:\actions-runner\_work\xpco\xpco\softwaremanager\core\softwaremanager\core\unittest\bin\debug\videoos.softwaremanager.core.unittest.dll" id="a447afd4-2d0d-357e-0812-7bd1cc83ab2a">
      <Execution id="2a7e2686-d69e-4e11-95f8-19f1ba8486c0" />
      <TestMethod codeBase="D:\actions-runner\_work\XPCO\XPCO\SoftwareManager\Core\SoftwareManager\Core\unittest\bin\Debug\VideoOS.SoftwareManager.Core.UnitTest.dll" adapterTypeName="executor://mstestadapter/v2" className="VideoOS.SoftwareManager.Core.Task.UnitTest.FileShareImportPackageTaskTest" name="ZipPackageUncompressed_ShouldBeImportedSuccessfully" />
    </UnitTest>
    <UnitTest name="TestPause" storage="d:\actions-runner\_work\xpco\xpco\softwaremanager\core\softwaremanager\core\unittest\bin\debug\videoos.softwaremanager.core.unittest.dll" id="0a929c64-a22a-2fcf-f8de-0fe5c4abfe0f">
      <Execution id="17ddad15-d490-4be2-b212-0e17e5ee02f3" />
      <TestMethod codeBase="D:\actions-runner\_work\XPCO\XPCO\SoftwareManager\Core\SoftwareManager\Core\unittest\bin\Debug\VideoOS.SoftwareManager.Core.UnitTest.dll" adapterTypeName="executor://mstestadapter/v2" className="VideoOS.SoftwareManager.Core.Task.UnitTest.TaskSuiteTest" name="TestPause" />
    </UnitTest>
    <UnitTest name="TestGetPackagesTask" storage="d:\actions-runner\_work\xpco\xpco\softwaremanager\core\softwaremanager\core\unittest\bin\debug\videoos.softwaremanager.core.unittest.dll" id="637afb78-232b-13fd-81e7-22084e8d37bf">
      <Execution id="c4f7bca1-6cbd-4470-8c80-09666abfa2cf" />
      <TestMethod codeBase="D:\actions-runner\_work\XPCO\XPCO\SoftwareManager\Core\SoftwareManager\Core\unittest\bin\Debug\VideoOS.SoftwareManager.Core.UnitTest.dll" adapterTypeName="executor://mstestadapter/v2" className="VideoOS.SoftwareManager.Core.Repository.UnitTest.FileShareRepositoryBrowserTest" name="TestGetPackagesTask" />
    </UnitTest>
    <UnitTest name="TestConstructorWithMultipleObservers" storage="d:\actions-runner\_work\xpco\xpco\softwaremanager\core\softwaremanager\core\unittest\bin\debug\videoos.softwaremanager.core.unittest.dll" id="33b4f16b-c0a6-76f0-1897-1fedd2028106">
      <Execution id="9b4a1524-5b81-4109-bbad-5e1ab04ad873" />
      <TestMethod codeBase="D:\actions-runner\_work\XPCO\XPCO\SoftwareManager\Core\SoftwareManager\Core\unittest\bin\Debug\VideoOS.SoftwareManager.Core.UnitTest.dll" adapterTypeName="executor://mstestadapter/v2" className="VideoOS.SoftwareManager.Core.Manager.UnitTest.ObservableRepositoryTest" name="TestConstructorWithMultipleObservers" />
    </UnitTest>
    <UnitTest name="TestUninstallDynamicFiles" storage="d:\actions-runner\_work\xpco\xpco\softwaremanager\core\softwaremanager\core\unittest\bin\debug\videoos.softwaremanager.core.unittest.dll" id="725b3199-f97f-4e4e-3df7-e4d50227cc9c">
      <Execution id="07184414-0f35-4996-9b00-65ce125b9177" />
      <TestMethod codeBase="D:\actions-runner\_work\XPCO\XPCO\SoftwareManager\Core\SoftwareManager\Core\unittest\bin\Debug\VideoOS.SoftwareManager.Core.UnitTest.dll" adapterTypeName="executor://mstestadapter/v2" className="VideoOS.SoftwareManager.Core.Package.UnitTest.INNOPackageTest" name="TestUninstallDynamicFiles" />
    </UnitTest>
    <UnitTest name="TestConstructorWithMessage" storage="d:\actions-runner\_work\xpco\xpco\softwaremanager\core\softwaremanager\core\unittest\bin\debug\videoos.softwaremanager.core.unittest.dll" id="3a1ee3d4-bee4-132c-f414-9fc20d7683da">
      <Execution id="021b0e7e-888e-4eee-8309-8f66cf4b292b" />
      <TestMethod codeBase="D:\actions-runner\_work\XPCO\XPCO\SoftwareManager\Core\SoftwareManager\Core\unittest\bin\Debug\VideoOS.SoftwareManager.Core.UnitTest.dll" adapterTypeName="executor://mstestadapter/v2" className="VideoOS.SoftwareManager.Core.Utils.UnitTest.SoftwareManagerExceptionTest" name="TestConstructorWithMessage" />
    </UnitTest>
    <UnitTest name="TestConstructor" storage="d:\actions-runner\_work\xpco\xpco\softwaremanager\core\softwaremanager\core\unittest\bin\debug\videoos.softwaremanager.core.unittest.dll" id="c04ca2fa-f46f-46e6-bb95-37c7c54edf8e">
      <Execution id="30a40b6d-c9d8-4d5a-97e4-251e2e4e252e" />
      <TestMethod codeBase="D:\actions-runner\_work\XPCO\XPCO\SoftwareManager\Core\SoftwareManager\Core\unittest\bin\Debug\VideoOS.SoftwareManager.Core.UnitTest.dll" adapterTypeName="executor://mstestadapter/v2" className="VideoOS.SoftwareManager.Core.Manager.UnitTest.ObservableHostTest" name="TestConstructor" />
    </UnitTest>
    <UnitTest name="TestConstructor" storage="d:\actions-runner\_work\xpco\xpco\softwaremanager\core\softwaremanager\core\unittest\bin\debug\videoos.softwaremanager.core.unittest.dll" id="d40e99cb-258c-705b-832c-694aa024eb9b">
      <Execution id="a3735852-321f-4425-a23e-19452d23af1f" />
      <TestMethod codeBase="D:\actions-runner\_work\XPCO\XPCO\SoftwareManager\Core\SoftwareManager\Core\unittest\bin\Debug\VideoOS.SoftwareManager.Core.UnitTest.dll" adapterTypeName="executor://mstestadapter/v2" className="VideoOS.SoftwareManager.Core.Task.UnitTest.FileShareDeletePackageTaskTest" name="TestConstructor" />
    </UnitTest>
    <UnitTest name="TestRemoveTaskWhileRunning" storage="d:\actions-runner\_work\xpco\xpco\softwaremanager\core\softwaremanager\core\unittest\bin\debug\videoos.softwaremanager.core.unittest.dll" id="a17d8629-6734-b6b8-4baf-81a08190a4c8">
      <Execution id="44da7f04-eaee-410a-b18f-dcf9f0107751" />
      <TestMethod codeBase="D:\actions-runner\_work\XPCO\XPCO\SoftwareManager\Core\SoftwareManager\Core\unittest\bin\Debug\VideoOS.SoftwareManager.Core.UnitTest.dll" adapterTypeName="executor://mstestadapter/v2" className="VideoOS.SoftwareManager.Core.Task.UnitTest.TaskSuiteTest" name="TestRemoveTaskWhileRunning" />
    </UnitTest>
    <UnitTest name="TestMakeSingleDir" storage="d:\actions-runner\_work\xpco\xpco\softwaremanager\core\softwaremanager\core\unittest\bin\debug\videoos.softwaremanager.core.unittest.dll" id="6a762779-34b5-9625-f1df-b0709303efc2">
      <Execution id="7ef25b92-b16c-41e9-8a99-c6b74e64737e" />
      <TestMethod codeBase="D:\actions-runner\_work\XPCO\XPCO\SoftwareManager\Core\SoftwareManager\Core\unittest\bin\Debug\VideoOS.SoftwareManager.Core.UnitTest.dll" adapterTypeName="executor://mstestadapter/v2" className="VideoOS.SoftwareManager.Core.Task.UnitTest.Win32MakeDirTaskTest" name="TestMakeSingleDir" />
    </UnitTest>
    <UnitTest name="TestStopRepositoryTaskWithInvalidRepository" storage="d:\actions-runner\_work\xpco\xpco\softwaremanager\core\softwaremanager\core\unittest\bin\debug\videoos.softwaremanager.core.unittest.dll" id="74b65cff-260d-58c5-47e1-b7fd9794e6da">
      <Execution id="b6f7ff12-cb3e-4cdc-9ff0-9335c022595e" />
      <TestMethod codeBase="D:\actions-runner\_work\XPCO\XPCO\SoftwareManager\Core\SoftwareManager\Core\unittest\bin\Debug\VideoOS.SoftwareManager.Core.UnitTest.dll" adapterTypeName="executor://mstestadapter/v2" className="VideoOS.SoftwareManager.Core.Manager.UnitTest.TestTest" name="TestStopRepositoryTaskWithInvalidRepository" />
    </UnitTest>
    <UnitTest name="TestTaskWarningInDoRun" storage="d:\actions-runner\_work\xpco\xpco\softwaremanager\core\softwaremanager\core\unittest\bin\debug\videoos.softwaremanager.core.unittest.dll" id="98ae4173-2b41-8add-b689-8ccbfe7d047c">
      <Execution id="a0c0c60c-97c6-4dd9-874b-fc459deb96ab" />
      <TestMethod codeBase="D:\actions-runner\_work\XPCO\XPCO\SoftwareManager\Core\SoftwareManager\Core\unittest\bin\Debug\VideoOS.SoftwareManager.Core.UnitTest.dll" adapterTypeName="executor://mstestadapter/v2" className="VideoOS.SoftwareManager.Core.Task.UnitTest.TaskTest" name="TestTaskWarningInDoRun" />
    </UnitTest>
    <UnitTest name="TestGetHostName" storage="d:\actions-runner\_work\xpco\xpco\softwaremanager\core\softwaremanager\core\unittest\bin\debug\videoos.softwaremanager.core.unittest.dll" id="dda34e2b-0d6b-f778-6cc1-d3fd58535a8e">
      <Execution id="13bf6a4e-693b-4a5a-b23f-25fdc49927b6" />
      <TestMethod codeBase="D:\actions-runner\_work\XPCO\XPCO\SoftwareManager\Core\SoftwareManager\Core\unittest\bin\Debug\VideoOS.SoftwareManager.Core.UnitTest.dll" adapterTypeName="executor://mstestadapter/v2" className="VideoOS.SoftwareManager.Core.Task.UnitTest.GetHostNameTaskTest" name="TestGetHostName" />
    </UnitTest>
    <UnitTest name="TestConstructor" storage="d:\actions-runner\_work\xpco\xpco\softwaremanager\core\softwaremanager\core\unittest\bin\debug\videoos.softwaremanager.core.unittest.dll" id="bcd71e73-4f9f-2385-5ac9-da99939e2a84">
      <Execution id="ef038305-0437-45be-a637-546a05862457" />
      <TestMethod codeBase="D:\actions-runner\_work\XPCO\XPCO\SoftwareManager\Core\SoftwareManager\Core\unittest\bin\Debug\VideoOS.SoftwareManager.Core.UnitTest.dll" adapterTypeName="executor://mstestadapter/v2" className="VideoOS.SoftwareManager.Core.Repository.UnitTest.FileShareRepositoryUploaderTest" name="TestConstructor" />
    </UnitTest>
    <UnitTest name="TestInstallPackageParallel" storage="d:\actions-runner\_work\xpco\xpco\softwaremanager\core\softwaremanager\core\unittest\bin\debug\videoos.softwaremanager.core.unittest.dll" id="32505077-4fe1-2204-4219-664d842b3cbd">
      <Execution id="d480fbea-eed3-4b3f-9a77-5f8585e31861" />
      <TestMethod codeBase="D:\actions-runner\_work\XPCO\XPCO\SoftwareManager\Core\SoftwareManager\Core\unittest\bin\Debug\VideoOS.SoftwareManager.Core.UnitTest.dll" adapterTypeName="executor://mstestadapter/v2" className="VideoOS.SoftwareManager.Core.Manager.UnitTest.ManagerTest" name="TestInstallPackageParallel" />
    </UnitTest>
    <UnitTest name="TestConstructorWithMessage" storage="d:\actions-runner\_work\xpco\xpco\softwaremanager\core\softwaremanager\core\unittest\bin\debug\videoos.softwaremanager.core.unittest.dll" id="e301d847-37c6-086f-9b26-007beaf92f5d">
      <Execution id="9fc9347b-9a74-4194-b29d-5ffa3bc92775" />
      <TestMethod codeBase="D:\actions-runner\_work\XPCO\XPCO\SoftwareManager\Core\SoftwareManager\Core\unittest\bin\Debug\VideoOS.SoftwareManager.Core.UnitTest.dll" adapterTypeName="executor://mstestadapter/v2" className="VideoOS.SoftwareManager.Core.Utils.UnitTest.SoftwareManagerInvalidRepositoryIDExceptionTest" name="TestConstructorWithMessage" />
    </UnitTest>
    <UnitTest name="TestConstructor" storage="d:\actions-runner\_work\xpco\xpco\softwaremanager\core\softwaremanager\core\unittest\bin\debug\videoos.softwaremanager.core.unittest.dll" id="9f056c08-18de-7324-0ad3-bd5aa991fc91">
      <Execution id="e97e90e1-72ca-43a6-b6f9-9a83752dd1ab" />
      <TestMethod codeBase="D:\actions-runner\_work\XPCO\XPCO\SoftwareManager\Core\SoftwareManager\Core\unittest\bin\Debug\VideoOS.SoftwareManager.Core.UnitTest.dll" adapterTypeName="executor://mstestadapter/v2" className="VideoOS.SoftwareManager.Core.Task.TaskSuites.UnitTest.WMIPackageUnInstallerTaskTest" name="TestConstructor" />
    </UnitTest>
    <UnitTest name="TestConstructorWithMessageAndInnerException" storage="d:\actions-runner\_work\xpco\xpco\softwaremanager\core\softwaremanager\core\unittest\bin\debug\videoos.softwaremanager.core.unittest.dll" id="cc6517ba-270c-cbce-324e-33515a90db02">
      <Execution id="2496763c-34ff-45f5-9e0b-5a5eaad6735f" />
      <TestMethod codeBase="D:\actions-runner\_work\XPCO\XPCO\SoftwareManager\Core\SoftwareManager\Core\unittest\bin\Debug\VideoOS.SoftwareManager.Core.UnitTest.dll" adapterTypeName="executor://mstestadapter/v2" className="VideoOS.SoftwareManager.Core.Utils.UnitTest.SoftwareManagerMissingFileExceptionTest" name="TestConstructorWithMessageAndInnerException" />
    </UnitTest>
    <UnitTest name="TestConstructorWithErrorCodePathNotFound" storage="d:\actions-runner\_work\xpco\xpco\softwaremanager\core\softwaremanager\core\unittest\bin\debug\videoos.softwaremanager.core.unittest.dll" id="957b3463-0dd9-a4c2-2310-22f1e43fd6cc">
      <Execution id="a80ed325-69c2-4922-9e1b-bbb727a05d9d" />
      <TestMethod codeBase="D:\actions-runner\_work\XPCO\XPCO\SoftwareManager\Core\SoftwareManager\Core\unittest\bin\Debug\VideoOS.SoftwareManager.Core.UnitTest.dll" adapterTypeName="executor://mstestadapter/v2" className="VideoOS.SoftwareManager.Core.Utils.UnitTest.SoftwareManagerWMIServiceExceptionTest" name="TestConstructorWithErrorCodePathNotFound" />
    </UnitTest>
    <UnitTest name="TestGetPing" storage="d:\actions-runner\_work\xpco\xpco\softwaremanager\core\softwaremanager\core\unittest\bin\debug\videoos.softwaremanager.core.unittest.dll" id="c97edf9e-6f9b-d171-d88b-6c67b4a76d09">
      <Execution id="f3efbfd6-9ea1-42db-945a-b82a9f18fed5" />
      <TestMethod codeBase="D:\actions-runner\_work\XPCO\XPCO\SoftwareManager\Core\SoftwareManager\Core\unittest\bin\Debug\VideoOS.SoftwareManager.Core.UnitTest.dll" adapterTypeName="executor://mstestadapter/v2" className="VideoOS.SoftwareManager.Core.Host.UnitTest.WmiHostImpTest" name="TestGetPing" />
    </UnitTest>
    <UnitTest name="ExistingZipPackageWithReadOnlyAttribute_ShouldBeOverwritten" storage="d:\actions-runner\_work\xpco\xpco\softwaremanager\core\softwaremanager\core\unittest\bin\debug\videoos.softwaremanager.core.unittest.dll" id="5f070273-889c-c350-6e7c-2ac18b92811d">
      <Execution id="c901c526-133f-4ec7-899d-b2b313799247" />
      <TestMethod codeBase="D:\actions-runner\_work\XPCO\XPCO\SoftwareManager\Core\SoftwareManager\Core\unittest\bin\Debug\VideoOS.SoftwareManager.Core.UnitTest.dll" adapterTypeName="executor://mstestadapter/v2" className="VideoOS.SoftwareManager.Core.Task.UnitTest.FileShareImportPackageTaskTest" name="ExistingZipPackageWithReadOnlyAttribute_ShouldBeOverwritten" />
    </UnitTest>
    <UnitTest name="TestUpdate" storage="d:\actions-runner\_work\xpco\xpco\softwaremanager\core\softwaremanager\core\unittest\bin\debug\videoos.softwaremanager.core.unittest.dll" id="6904d3c0-7be0-62c4-0ee3-07e51655142b">
      <Execution id="bbac35c4-774f-4d33-a5d5-7f0421f29d30" />
      <TestMethod codeBase="D:\actions-runner\_work\XPCO\XPCO\SoftwareManager\Core\SoftwareManager\Core\unittest\bin\Debug\VideoOS.SoftwareManager.Core.UnitTest.dll" adapterTypeName="executor://mstestadapter/v2" className="VideoOS.SoftwareManager.Core.Observer.UnitTest.ObserverTest" name="TestUpdate" />
    </UnitTest>
    <UnitTest name="TestConstructor" storage="d:\actions-runner\_work\xpco\xpco\softwaremanager\core\softwaremanager\core\unittest\bin\debug\videoos.softwaremanager.core.unittest.dll" id="e5bc4ebc-87db-486a-42fb-aa45ec30b12b">
      <Execution id="8ce5195c-78d1-48e2-8a75-cb840e2bc0b8" />
      <TestMethod codeBase="D:\actions-runner\_work\XPCO\XPCO\SoftwareManager\Core\SoftwareManager\Core\unittest\bin\Debug\VideoOS.SoftwareManager.Core.UnitTest.dll" adapterTypeName="executor://mstestadapter/v2" className="VideoOS.SoftwareManager.Core.Task.UnitTest.Win32FileExistsTaskTest" name="TestConstructor" />
    </UnitTest>
    <UnitTest name="TestMakeDirWithWithCorrectSecurity" storage="d:\actions-runner\_work\xpco\xpco\softwaremanager\core\softwaremanager\core\unittest\bin\debug\videoos.softwaremanager.core.unittest.dll" id="1d9e37b6-d9d3-1a0e-a567-21f1127d93e2">
      <Execution id="42d5b317-a7a0-4524-bee8-c8493517e686" />
      <TestMethod codeBase="D:\actions-runner\_work\XPCO\XPCO\SoftwareManager\Core\SoftwareManager\Core\unittest\bin\Debug\VideoOS.SoftwareManager.Core.UnitTest.dll" adapterTypeName="executor://mstestadapter/v2" className="VideoOS.SoftwareManager.Core.Task.UnitTest.Win32MakeDirTaskTest" name="TestMakeDirWithWithCorrectSecurity" />
    </UnitTest>
    <UnitTest name="TestStopHostTaskWithInvalidHost" storage="d:\actions-runner\_work\xpco\xpco\softwaremanager\core\softwaremanager\core\unittest\bin\debug\videoos.softwaremanager.core.unittest.dll" id="6a8fa308-ac39-ccff-224f-2c11a1875cff">
      <Execution id="8217b3e9-aea5-4a53-afab-f7dca1232ac7" />
      <TestMethod codeBase="D:\actions-runner\_work\XPCO\XPCO\SoftwareManager\Core\SoftwareManager\Core\unittest\bin\Debug\VideoOS.SoftwareManager.Core.UnitTest.dll" adapterTypeName="executor://mstestadapter/v2" className="VideoOS.SoftwareManager.Core.Manager.UnitTest.ManagerTest" name="TestStopHostTaskWithInvalidHost" />
    </UnitTest>
    <UnitTest name="TestIsTasksRunningOnHost" storage="d:\actions-runner\_work\xpco\xpco\softwaremanager\core\softwaremanager\core\unittest\bin\debug\videoos.softwaremanager.core.unittest.dll" id="a7b1190d-96a0-cc80-f0bd-b3feded255cb">
      <Execution id="2fa54282-8f8c-417b-b777-893b85f53976" />
      <TestMethod codeBase="D:\actions-runner\_work\XPCO\XPCO\SoftwareManager\Core\SoftwareManager\Core\unittest\bin\Debug\VideoOS.SoftwareManager.Core.UnitTest.dll" adapterTypeName="executor://mstestadapter/v2" className="VideoOS.SoftwareManager.Core.Manager.UnitTest.TestTest" name="TestIsTasksRunningOnHost" />
    </UnitTest>
    <UnitTest name="TestGetHostInfoSequential" storage="d:\actions-runner\_work\xpco\xpco\softwaremanager\core\softwaremanager\core\unittest\bin\debug\videoos.softwaremanager.core.unittest.dll" id="16676cd4-3af1-1b40-f8fd-0b757767ae35">
      <Execution id="6f58c8dd-f2ad-4b66-9fb7-939d6c1b30d8" />
      <TestMethod codeBase="D:\actions-runner\_work\XPCO\XPCO\SoftwareManager\Core\SoftwareManager\Core\unittest\bin\Debug\VideoOS.SoftwareManager.Core.UnitTest.dll" adapterTypeName="executor://mstestadapter/v2" className="VideoOS.SoftwareManager.Core.Manager.UnitTest.ManagerTest" name="TestGetHostInfoSequential" />
    </UnitTest>
    <UnitTest name="TestStopRepositoryTasks" storage="d:\actions-runner\_work\xpco\xpco\softwaremanager\core\softwaremanager\core\unittest\bin\debug\videoos.softwaremanager.core.unittest.dll" id="7b27a646-3b79-71b7-4cd1-43571fd2570e">
      <Execution id="171ccc26-4de8-4672-ad77-18bad5f9bee6" />
      <TestMethod codeBase="D:\actions-runner\_work\XPCO\XPCO\SoftwareManager\Core\SoftwareManager\Core\unittest\bin\Debug\VideoOS.SoftwareManager.Core.UnitTest.dll" adapterTypeName="executor://mstestadapter/v2" className="VideoOS.SoftwareManager.Core.Manager.UnitTest.ManagerTest" name="TestStopRepositoryTasks" />
    </UnitTest>
    <UnitTest name="IsTrusted_ShouldThrow_WhenPackageIsSignedButTampered" storage="d:\actions-runner\_work\xpco\xpco\softwaremanager\core\softwaremanager\core\unittest\bin\debug\videoos.softwaremanager.core.unittest.dll" id="3f124bb3-caeb-8d62-c0aa-8c36ecc36e38">
      <Execution id="e2deefe6-c951-445a-b00c-933b8f387628" />
      <TestMethod codeBase="D:\actions-runner\_work\XPCO\XPCO\SoftwareManager\Core\SoftwareManager\Core\unittest\bin\Debug\VideoOS.SoftwareManager.Core.UnitTest.dll" adapterTypeName="executor://mstestadapter/v2" className="VideoOS.SoftwareManager.Core.UnitTest.Utils.Win32TrustUtilTest" name="IsTrusted_ShouldThrow_WhenPackageIsSignedButTampered" />
    </UnitTest>
    <UnitTest name="TestRebooterTaskConstructor" storage="d:\actions-runner\_work\xpco\xpco\softwaremanager\core\softwaremanager\core\unittest\bin\debug\videoos.softwaremanager.core.unittest.dll" id="1c706d7c-aa05-3432-b707-da141d5eca3a">
      <Execution id="453495e6-ab82-401f-b435-c0315bb407d1" />
      <TestMethod codeBase="D:\actions-runner\_work\XPCO\XPCO\SoftwareManager\Core\SoftwareManager\Core\unittest\bin\Debug\VideoOS.SoftwareManager.Core.UnitTest.dll" adapterTypeName="executor://mstestadapter/v2" className="VideoOS.SoftwareManager.Core.Task.UnitTest.GetOSVersionTaskTest" name="TestRebooterTaskConstructor" />
    </UnitTest>
    <UnitTest name="TestRunTasks" storage="d:\actions-runner\_work\xpco\xpco\softwaremanager\core\softwaremanager\core\unittest\bin\debug\videoos.softwaremanager.core.unittest.dll" id="7716f847-a934-7066-ece4-1dbcf9a6f5bd">
      <Execution id="e5c13cfe-10bc-4371-ada4-ace6fc84310e" />
      <TestMethod codeBase="D:\actions-runner\_work\XPCO\XPCO\SoftwareManager\Core\SoftwareManager\Core\unittest\bin\Debug\VideoOS.SoftwareManager.Core.UnitTest.dll" adapterTypeName="executor://mstestadapter/v2" className="VideoOS.SoftwareManager.Core.Task.UnitTest.TaskSuiteTest" name="TestRunTasks" />
    </UnitTest>
    <UnitTest name="TestConstructor" storage="d:\actions-runner\_work\xpco\xpco\softwaremanager\core\softwaremanager\core\unittest\bin\debug\videoos.softwaremanager.core.unittest.dll" id="5dde1ad8-2a5f-9e49-d80b-87af96b9782f">
      <Execution id="7322b3ea-b0e8-4fb2-b5ff-6d1295d54ca6" />
      <TestMethod codeBase="D:\actions-runner\_work\XPCO\XPCO\SoftwareManager\Core\SoftwareManager\Core\unittest\bin\Debug\VideoOS.SoftwareManager.Core.UnitTest.dll" adapterTypeName="executor://mstestadapter/v2" className="VideoOS.SoftwareManager.Core.Task.UnitTest.WMIGetProductInfoTaskTest" name="TestConstructor" />
    </UnitTest>
    <UnitTest name="TestConstructorWithErrorCodeSuccess" storage="d:\actions-runner\_work\xpco\xpco\softwaremanager\core\softwaremanager\core\unittest\bin\debug\videoos.softwaremanager.core.unittest.dll" id="f40cd8a4-121f-c14e-cc4f-2cfd0883c319">
      <Execution id="951d1e7e-7f68-4374-8d73-d8015d91fd83" />
      <TestMethod codeBase="D:\actions-runner\_work\XPCO\XPCO\SoftwareManager\Core\SoftwareManager\Core\unittest\bin\Debug\VideoOS.SoftwareManager.Core.UnitTest.dll" adapterTypeName="executor://mstestadapter/v2" className="VideoOS.SoftwareManager.Core.Utils.UnitTest.SoftwareManagerWMIProcessExceptionTest" name="TestConstructorWithErrorCodeSuccess" />
    </UnitTest>
    <UnitTest name="TestConstructor" storage="d:\actions-runner\_work\xpco\xpco\softwaremanager\core\softwaremanager\core\unittest\bin\debug\videoos.softwaremanager.core.unittest.dll" id="bb42b17f-ff3f-6784-6f3c-e7ff14203605">
      <Execution id="b76e4e06-da73-411c-9c7a-8a046446c8a2" />
      <TestMethod codeBase="D:\actions-runner\_work\XPCO\XPCO\SoftwareManager\Core\SoftwareManager\Core\unittest\bin\Debug\VideoOS.SoftwareManager.Core.UnitTest.dll" adapterTypeName="executor://mstestadapter/v2" className="VideoOS.SoftwareManager.Core.Observer.UnitTest.ObserverTest" name="TestConstructor" />
    </UnitTest>
    <UnitTest name="TestDeleteLocalPackageWithInvalidHost" storage="d:\actions-runner\_work\xpco\xpco\softwaremanager\core\softwaremanager\core\unittest\bin\debug\videoos.softwaremanager.core.unittest.dll" id="93203ca6-739a-f1e1-3f23-53da55ebd190">
      <Execution id="68bf4789-199c-495f-902f-7b1df62c9b1a" />
      <TestMethod codeBase="D:\actions-runner\_work\XPCO\XPCO\SoftwareManager\Core\SoftwareManager\Core\unittest\bin\Debug\VideoOS.SoftwareManager.Core.UnitTest.dll" adapterTypeName="executor://mstestadapter/v2" className="VideoOS.SoftwareManager.Core.Manager.UnitTest.ManagerTest" name="TestDeleteLocalPackageWithInvalidHost" />
    </UnitTest>
    <UnitTest name="TestConstructorWithMetadata" storage="d:\actions-runner\_work\xpco\xpco\softwaremanager\core\softwaremanager\core\unittest\bin\debug\videoos.softwaremanager.core.unittest.dll" id="e977703f-2970-df2c-d9d1-2e6c523b5ab1">
      <Execution id="8c63818b-add2-4cec-8cdb-2daf63d20b25" />
      <TestMethod codeBase="D:\actions-runner\_work\XPCO\XPCO\SoftwareManager\Core\SoftwareManager\Core\unittest\bin\Debug\VideoOS.SoftwareManager.Core.UnitTest.dll" adapterTypeName="executor://mstestadapter/v2" className="VideoOS.SoftwareManager.Core.Manager.UnitTest.RuntimeContextTest" name="TestConstructorWithMetadata" />
    </UnitTest>
    <UnitTest name="TestConstructor" storage="d:\actions-runner\_work\xpco\xpco\softwaremanager\core\softwaremanager\core\unittest\bin\debug\videoos.softwaremanager.core.unittest.dll" id="6d0fa322-8959-7bc7-9627-74995f65e2a9">
      <Execution id="ea6e79ae-7f1f-4a88-8c5e-36ac6a5ace01" />
      <TestMethod codeBase="D:\actions-runner\_work\XPCO\XPCO\SoftwareManager\Core\SoftwareManager\Core\unittest\bin\Debug\VideoOS.SoftwareManager.Core.UnitTest.dll" adapterTypeName="executor://mstestadapter/v2" className="VideoOS.SoftwareManager.Core.Task.UnitTest.Win32FileCopyTaskTest" name="TestConstructor" />
    </UnitTest>
    <UnitTest name="TestConstructor" storage="d:\actions-runner\_work\xpco\xpco\softwaremanager\core\softwaremanager\core\unittest\bin\debug\videoos.softwaremanager.core.unittest.dll" id="e6c2e5fc-7fb8-b319-6ad8-57edc8eaae1a">
      <Execution id="22fad25d-4997-48e5-b9a6-bcd10eaeac82" />
      <TestMethod codeBase="D:\actions-runner\_work\XPCO\XPCO\SoftwareManager\Core\SoftwareManager\Core\unittest\bin\Debug\VideoOS.SoftwareManager.Core.UnitTest.dll" adapterTypeName="executor://mstestadapter/v2" className="VideoOS.SoftwareManager.Core.Task.UnitTest.FileShareImportPackageTaskTest" name="TestConstructor" />
    </UnitTest>
    <UnitTest name="TestNotifyObserverThrowingException" storage="d:\actions-runner\_work\xpco\xpco\softwaremanager\core\softwaremanager\core\unittest\bin\debug\videoos.softwaremanager.core.unittest.dll" id="b126bbc4-6355-64b2-7b0e-a07a415e03cd">
      <Execution id="018fd484-ba98-450b-b50e-0fb2e914219c" />
      <TestMethod codeBase="D:\actions-runner\_work\XPCO\XPCO\SoftwareManager\Core\SoftwareManager\Core\unittest\bin\Debug\VideoOS.SoftwareManager.Core.UnitTest.dll" adapterTypeName="executor://mstestadapter/v2" className="VideoOS.SoftwareManager.Core.Observer.UnitTest.ObservableTest" name="TestNotifyObserverThrowingException" />
    </UnitTest>
    <UnitTest name="TestGetConnectionOptionsLocal" storage="d:\actions-runner\_work\xpco\xpco\softwaremanager\core\softwaremanager\core\unittest\bin\debug\videoos.softwaremanager.core.unittest.dll" id="966ee7d3-699a-e5e7-0a2b-6c1da1a4c68c">
      <Execution id="309e0333-df6d-4f8a-8cc3-595002ff7537" />
      <TestMethod codeBase="D:\actions-runner\_work\XPCO\XPCO\SoftwareManager\Core\SoftwareManager\Core\unittest\bin\Debug\VideoOS.SoftwareManager.Core.UnitTest.dll" adapterTypeName="executor://mstestadapter/v2" className="VideoOS.SoftwareManager.Core.Utils.UnitTest.WMIUtilsTest" name="TestGetConnectionOptionsLocal" />
    </UnitTest>
    <UnitTest name="TestBrowser" storage="d:\actions-runner\_work\xpco\xpco\softwaremanager\core\softwaremanager\core\unittest\bin\debug\videoos.softwaremanager.core.unittest.dll" id="2be41cae-1d5a-7945-3cba-93feb00da08b">
      <Execution id="47d9be77-486f-496b-af1f-789fbb0f5720" />
      <TestMethod codeBase="D:\actions-runner\_work\XPCO\XPCO\SoftwareManager\Core\SoftwareManager\Core\unittest\bin\Debug\VideoOS.SoftwareManager.Core.UnitTest.dll" adapterTypeName="executor://mstestadapter/v2" className="VideoOS.SoftwareManager.Core.Repository.UnitTest.FileShareRepositoryTest" name="TestBrowser" />
    </UnitTest>
    <UnitTest name="TestConstructor" storage="d:\actions-runner\_work\xpco\xpco\softwaremanager\core\softwaremanager\core\unittest\bin\debug\videoos.softwaremanager.core.unittest.dll" id="6dd7d197-bf00-3c2b-0bfa-cfbbc2b0d93c">
      <Execution id="c71f8d1d-57e6-4711-bb3d-864cfd24512d" />
      <TestMethod codeBase="D:\actions-runner\_work\XPCO\XPCO\SoftwareManager\Core\SoftwareManager\Core\unittest\bin\Debug\VideoOS.SoftwareManager.Core.UnitTest.dll" adapterTypeName="executor://mstestadapter/v2" className="VideoOS.SoftwareManager.Core.Task.UnitTest.WMIGetOSVersionTaskTest" name="TestConstructor" />
    </UnitTest>
    <UnitTest name="TestDNS" storage="d:\actions-runner\_work\xpco\xpco\softwaremanager\core\softwaremanager\core\unittest\bin\debug\videoos.softwaremanager.core.unittest.dll" id="d3b84e20-e2d1-bc9e-eadc-945089fa4f50">
      <Execution id="460fdbde-10cb-490c-a446-0d2c4b35036b" />
      <TestMethod codeBase="D:\actions-runner\_work\XPCO\XPCO\SoftwareManager\Core\SoftwareManager\Core\unittest\bin\Debug\VideoOS.SoftwareManager.Core.UnitTest.dll" adapterTypeName="executor://mstestadapter/v2" className="VideoOS.SoftwareManager.Core.UnitTest.Utils.NetUtilsTest" name="TestDNS" />
    </UnitTest>
    <UnitTest name="TestConstructor" storage="d:\actions-runner\_work\xpco\xpco\softwaremanager\core\softwaremanager\core\unittest\bin\debug\videoos.softwaremanager.core.unittest.dll" id="b79a5e07-1e7c-c356-7199-6e39153fecb6">
      <Execution id="ecbc298e-bae3-4a8e-ad5c-3e96f11a4e46" />
      <TestMethod codeBase="D:\actions-runner\_work\XPCO\XPCO\SoftwareManager\Core\SoftwareManager\Core\unittest\bin\Debug\VideoOS.SoftwareManager.Core.UnitTest.dll" adapterTypeName="executor://mstestadapter/v2" className="VideoOS.SoftwareManager.Core.Task.TaskSuites.UnitTest.WMIPackageInstallerTaskTest" name="TestConstructor" />
    </UnitTest>
    <UnitTest name="TestConstructorWithMessageAndInnerException" storage="d:\actions-runner\_work\xpco\xpco\softwaremanager\core\softwaremanager\core\unittest\bin\debug\videoos.softwaremanager.core.unittest.dll" id="6152e041-6043-20aa-4ee6-2fde325c4d9c">
      <Execution id="51d26855-62a7-41bb-abb1-7deb91b15b74" />
      <TestMethod codeBase="D:\actions-runner\_work\XPCO\XPCO\SoftwareManager\Core\SoftwareManager\Core\unittest\bin\Debug\VideoOS.SoftwareManager.Core.UnitTest.dll" adapterTypeName="executor://mstestadapter/v2" className="VideoOS.SoftwareManager.Core.Utils.UnitTest.SoftwareManagerInvalidHostIDExceptionTest" name="TestConstructorWithMessageAndInnerException" />
    </UnitTest>
    <UnitTest name="TestGetPackagesWithInvalidRepository" storage="d:\actions-runner\_work\xpco\xpco\softwaremanager\core\softwaremanager\core\unittest\bin\debug\videoos.softwaremanager.core.unittest.dll" id="123eb3ff-4a58-1eca-6d67-d756df1179d7">
      <Execution id="7c071ed8-76c8-46ad-afd9-9d88ba0b7501" />
      <TestMethod codeBase="D:\actions-runner\_work\XPCO\XPCO\SoftwareManager\Core\SoftwareManager\Core\unittest\bin\Debug\VideoOS.SoftwareManager.Core.UnitTest.dll" adapterTypeName="executor://mstestadapter/v2" className="VideoOS.SoftwareManager.Core.Manager.UnitTest.ManagerTest" name="TestGetPackagesWithInvalidRepository" />
    </UnitTest>
    <UnitTest name="TestRebooterTaskInvalidHostName" storage="d:\actions-runner\_work\xpco\xpco\softwaremanager\core\softwaremanager\core\unittest\bin\debug\videoos.softwaremanager.core.unittest.dll" id="3515ab69-b8ab-9731-40c5-aa9261919d51">
      <Execution id="315192a1-6737-4f25-a3aa-3ad3c917d315" />
      <TestMethod codeBase="D:\actions-runner\_work\XPCO\XPCO\SoftwareManager\Core\SoftwareManager\Core\unittest\bin\Debug\VideoOS.SoftwareManager.Core.UnitTest.dll" adapterTypeName="executor://mstestadapter/v2" className="VideoOS.SoftwareManager.Core.Task.UnitTest.WMIRebooterTaskTest" name="TestRebooterTaskInvalidHostName" />
    </UnitTest>
    <UnitTest name="TestRebooterTaskConstructor" storage="d:\actions-runner\_work\xpco\xpco\softwaremanager\core\softwaremanager\core\unittest\bin\debug\videoos.softwaremanager.core.unittest.dll" id="d298a578-cf4a-5724-204a-283c52f4d161">
      <Execution id="40d51e3f-e9ae-4783-935c-4b534be3f794" />
      <TestMethod codeBase="D:\actions-runner\_work\XPCO\XPCO\SoftwareManager\Core\SoftwareManager\Core\unittest\bin\Debug\VideoOS.SoftwareManager.Core.UnitTest.dll" adapterTypeName="executor://mstestadapter/v2" className="VideoOS.SoftwareManager.Core.Task.UnitTest.RebooterTaskTest" name="TestRebooterTaskConstructor" />
    </UnitTest>
    <UnitTest name="TestTestRepositories" storage="d:\actions-runner\_work\xpco\xpco\softwaremanager\core\softwaremanager\core\unittest\bin\debug\videoos.softwaremanager.core.unittest.dll" id="fca63c0e-d16d-4503-2a64-6b01e464c0f0">
      <Execution id="e2784fb2-49f4-4eb3-9675-fd32200c05ba" />
      <TestMethod codeBase="D:\actions-runner\_work\XPCO\XPCO\SoftwareManager\Core\SoftwareManager\Core\unittest\bin\Debug\VideoOS.SoftwareManager.Core.UnitTest.dll" adapterTypeName="executor://mstestadapter/v2" className="VideoOS.SoftwareManager.Core.Manager.UnitTest.TestTest" name="TestTestRepositories" />
    </UnitTest>
    <UnitTest name="TestUninstallString" storage="d:\actions-runner\_work\xpco\xpco\softwaremanager\core\softwaremanager\core\unittest\bin\debug\videoos.softwaremanager.core.unittest.dll" id="a4208f47-51bb-3553-6e35-32df31a81552">
      <Execution id="afd2d75a-d432-4edd-b36e-936bbbd6997f" />
      <TestMethod codeBase="D:\actions-runner\_work\XPCO\XPCO\SoftwareManager\Core\SoftwareManager\Core\unittest\bin\Debug\VideoOS.SoftwareManager.Core.UnitTest.dll" adapterTypeName="executor://mstestadapter/v2" className="VideoOS.SoftwareManager.Core.Package.UnitTest.MSIPackageTest" name="TestUninstallString" />
    </UnitTest>
    <UnitTest name="Test_With_MilestoneInstallerFrameworkPackage_When_ParamtersAreSerializedWithFormat1_Then_TheDynamicFilesContainsCorrectXmlFormat" storage="d:\actions-runner\_work\xpco\xpco\softwaremanager\core\softwaremanager\core\unittest\bin\debug\videoos.softwaremanager.core.unittest.dll" id="d9c896b3-18ac-1bf3-97b7-05dfbfa56ea2">
      <Execution id="42c66b76-76ef-4cd5-b3b3-e9681a7165b0" />
      <TestMethod codeBase="D:\actions-runner\_work\XPCO\XPCO\SoftwareManager\Core\SoftwareManager\Core\unittest\bin\Debug\VideoOS.SoftwareManager.Core.UnitTest.dll" adapterTypeName="executor://mstestadapter/v2" className="VideoOS.SoftwareManager.Core.Package.UnitTest.MilestoneInstallerFrameworkPackageTest" name="Test_With_MilestoneInstallerFrameworkPackage_When_ParamtersAreSerializedWithFormat1_Then_TheDynamicFilesContainsCorrectXmlFormat" />
    </UnitTest>
    <UnitTest name="TestInstallDynamicFiles" storage="d:\actions-runner\_work\xpco\xpco\softwaremanager\core\softwaremanager\core\unittest\bin\debug\videoos.softwaremanager.core.unittest.dll" id="7066b9b5-1610-d275-dc55-593de5802882">
      <Execution id="06c96bdc-1440-4eef-84b1-27b331aa5732" />
      <TestMethod codeBase="D:\actions-runner\_work\XPCO\XPCO\SoftwareManager\Core\SoftwareManager\Core\unittest\bin\Debug\VideoOS.SoftwareManager.Core.UnitTest.dll" adapterTypeName="executor://mstestadapter/v2" className="VideoOS.SoftwareManager.Core.Package.UnitTest.INNOPackageTest" name="TestInstallDynamicFiles" />
    </UnitTest>
    <UnitTest name="TestRebooterTaskConstructor" storage="d:\actions-runner\_work\xpco\xpco\softwaremanager\core\softwaremanager\core\unittest\bin\debug\videoos.softwaremanager.core.unittest.dll" id="398e487f-9dca-6d67-fd26-4c9254a8ff88">
      <Execution id="f137e45e-2511-4791-a7a6-7e03c0f01459" />
      <TestMethod codeBase="D:\actions-runner\_work\XPCO\XPCO\SoftwareManager\Core\SoftwareManager\Core\unittest\bin\Debug\VideoOS.SoftwareManager.Core.UnitTest.dll" adapterTypeName="executor://mstestadapter/v2" className="VideoOS.SoftwareManager.Core.Task.UnitTest.WMIRebooterTaskTest" name="TestRebooterTaskConstructor" />
    </UnitTest>
    <UnitTest name="TestStopAllRepositoryTask" storage="d:\actions-runner\_work\xpco\xpco\softwaremanager\core\softwaremanager\core\unittest\bin\debug\videoos.softwaremanager.core.unittest.dll" id="f7d42701-2ea6-710a-c26e-6a5c6247f8de">
      <Execution id="9841e429-2879-49a9-9d73-4f6d3895037a" />
      <TestMethod codeBase="D:\actions-runner\_work\XPCO\XPCO\SoftwareManager\Core\SoftwareManager\Core\unittest\bin\Debug\VideoOS.SoftwareManager.Core.UnitTest.dll" adapterTypeName="executor://mstestadapter/v2" className="VideoOS.SoftwareManager.Core.Manager.UnitTest.TestTest" name="TestStopAllRepositoryTask" />
    </UnitTest>
    <UnitTest name="TestNotifyObservers" storage="d:\actions-runner\_work\xpco\xpco\softwaremanager\core\softwaremanager\core\unittest\bin\debug\videoos.softwaremanager.core.unittest.dll" id="a0d50940-2432-3acf-bdae-0dfaf7c5f854">
      <Execution id="ae2a663a-703d-463e-93c7-528128a44210" />
      <TestMethod codeBase="D:\actions-runner\_work\XPCO\XPCO\SoftwareManager\Core\SoftwareManager\Core\unittest\bin\Debug\VideoOS.SoftwareManager.Core.UnitTest.dll" adapterTypeName="executor://mstestadapter/v2" className="VideoOS.SoftwareManager.Core.Observer.UnitTest.ObservableTest" name="TestNotifyObservers" />
    </UnitTest>
    <UnitTest name="TestConstructorWithMessageAndInnerException" storage="d:\actions-runner\_work\xpco\xpco\softwaremanager\core\softwaremanager\core\unittest\bin\debug\videoos.softwaremanager.core.unittest.dll" id="d506503d-311a-ec67-c05f-4000d3531d44">
      <Execution id="20f27447-9c07-49ca-aaf2-44373eb21b53" />
      <TestMethod codeBase="D:\actions-runner\_work\XPCO\XPCO\SoftwareManager\Core\SoftwareManager\Core\unittest\bin\Debug\VideoOS.SoftwareManager.Core.UnitTest.dll" adapterTypeName="executor://mstestadapter/v2" className="VideoOS.SoftwareManager.Core.Utils.UnitTest.SoftwareManagerCannotRebootLocalhostExceptionTest" name="TestConstructorWithMessageAndInnerException" />
    </UnitTest>
    <UnitTest name="TestConstructor" storage="d:\actions-runner\_work\xpco\xpco\softwaremanager\core\softwaremanager\core\unittest\bin\debug\videoos.softwaremanager.core.unittest.dll" id="e8a8896f-e6f5-3a84-3848-09ca421d6b30">
      <Execution id="7a9a6f93-d64d-4395-b8d7-e14d6cde34b6" />
      <TestMethod codeBase="D:\actions-runner\_work\XPCO\XPCO\SoftwareManager\Core\SoftwareManager\Core\unittest\bin\Debug\VideoOS.SoftwareManager.Core.UnitTest.dll" adapterTypeName="executor://mstestadapter/v2" className="VideoOS.SoftwareManager.Core.Repository.UnitTest.FileShareRepositoryTest" name="TestConstructor" />
    </UnitTest>
    <UnitTest name="TestMakeExistingDir" storage="d:\actions-runner\_work\xpco\xpco\softwaremanager\core\softwaremanager\core\unittest\bin\debug\videoos.softwaremanager.core.unittest.dll" id="f87bdbf8-6366-f4cc-9c50-055e8e1058ed">
      <Execution id="edff1458-56d5-405a-af1d-f433fe6eb043" />
      <TestMethod codeBase="D:\actions-runner\_work\XPCO\XPCO\SoftwareManager\Core\SoftwareManager\Core\unittest\bin\Debug\VideoOS.SoftwareManager.Core.UnitTest.dll" adapterTypeName="executor://mstestadapter/v2" className="VideoOS.SoftwareManager.Core.Task.UnitTest.Win32MakeDirTaskTest" name="TestMakeExistingDir" />
    </UnitTest>
    <UnitTest name="TestConstructorWithErrorCodeInvalidServiceControl" storage="d:\actions-runner\_work\xpco\xpco\softwaremanager\core\softwaremanager\core\unittest\bin\debug\videoos.softwaremanager.core.unittest.dll" id="9fbd03c1-13ed-30d2-53e4-a629d9907b7f">
      <Execution id="7a4bbf0b-5cba-4671-bf27-93c3eff8be2a" />
      <TestMethod codeBase="D:\actions-runner\_work\XPCO\XPCO\SoftwareManager\Core\SoftwareManager\Core\unittest\bin\Debug\VideoOS.SoftwareManager.Core.UnitTest.dll" adapterTypeName="executor://mstestadapter/v2" className="VideoOS.SoftwareManager.Core.Utils.UnitTest.SoftwareManagerWMIServiceExceptionTest" name="TestConstructorWithErrorCodeInvalidServiceControl" />
    </UnitTest>
    <UnitTest name="TestConstructorWithMessage" storage="d:\actions-runner\_work\xpco\xpco\softwaremanager\core\softwaremanager\core\unittest\bin\debug\videoos.softwaremanager.core.unittest.dll" id="f84adace-860d-1865-ba0b-b14560f981c7">
      <Execution id="57385437-bd87-4ff7-9dd1-f0a010c60ebf" />
      <TestMethod codeBase="D:\actions-runner\_work\XPCO\XPCO\SoftwareManager\Core\SoftwareManager\Core\unittest\bin\Debug\VideoOS.SoftwareManager.Core.UnitTest.dll" adapterTypeName="executor://mstestadapter/v2" className="VideoOS.SoftwareManager.Core.Utils.UnitTest.SoftwareManagerMissingFileExceptionTest" name="TestConstructorWithMessage" />
    </UnitTest>
    <UnitTest name="TestRunFailureTasksLast" storage="d:\actions-runner\_work\xpco\xpco\softwaremanager\core\softwaremanager\core\unittest\bin\debug\videoos.softwaremanager.core.unittest.dll" id="b61c59b3-029a-0817-1252-32f71c8216f9">
      <Execution id="5e96a7f6-081b-456d-819d-0d25450c4d13" />
      <TestMethod codeBase="D:\actions-runner\_work\XPCO\XPCO\SoftwareManager\Core\SoftwareManager\Core\unittest\bin\Debug\VideoOS.SoftwareManager.Core.UnitTest.dll" adapterTypeName="executor://mstestadapter/v2" className="VideoOS.SoftwareManager.Core.Task.UnitTest.TaskSuiteTest" name="TestRunFailureTasksLast" />
    </UnitTest>
    <UnitTest name="TestGetRebooter" storage="d:\actions-runner\_work\xpco\xpco\softwaremanager\core\softwaremanager\core\unittest\bin\debug\videoos.softwaremanager.core.unittest.dll" id="37ff3888-9777-0cdf-214f-477a32f5fbee">
      <Execution id="acfed6cf-4357-49d1-979a-cdbcfd98f081" />
      <TestMethod codeBase="D:\actions-runner\_work\XPCO\XPCO\SoftwareManager\Core\SoftwareManager\Core\unittest\bin\Debug\VideoOS.SoftwareManager.Core.UnitTest.dll" adapterTypeName="executor://mstestadapter/v2" className="VideoOS.SoftwareManager.Core.Host.UnitTest.WmiHostImpTest" name="TestGetRebooter" />
    </UnitTest>
    <UnitTest name="TestConstructor" storage="d:\actions-runner\_work\xpco\xpco\softwaremanager\core\softwaremanager\core\unittest\bin\debug\videoos.softwaremanager.core.unittest.dll" id="8b238217-430f-05ee-47e5-89c18f51b0b9">
      <Execution id="0abe00f9-35ed-47bc-8c49-b095e029133c" />
      <TestMethod codeBase="D:\actions-runner\_work\XPCO\XPCO\SoftwareManager\Core\SoftwareManager\Core\unittest\bin\Debug\VideoOS.SoftwareManager.Core.UnitTest.dll" adapterTypeName="executor://mstestadapter/v2" className="VideoOS.SoftwareManager.Core.Repository.UnitTest.RepositoryTest" name="TestConstructor" />
    </UnitTest>
    <UnitTest name="TestConstructorWithErrorCodeAccessDenied" storage="d:\actions-runner\_work\xpco\xpco\softwaremanager\core\softwaremanager\core\unittest\bin\debug\videoos.softwaremanager.core.unittest.dll" id="2101384d-a9f9-ef6c-f985-07718b448cb2">
      <Execution id="4632d0ca-8350-45c3-b150-5380e6dd92d1" />
      <TestMethod codeBase="D:\actions-runner\_work\XPCO\XPCO\SoftwareManager\Core\SoftwareManager\Core\unittest\bin\Debug\VideoOS.SoftwareManager.Core.UnitTest.dll" adapterTypeName="executor://mstestadapter/v2" className="VideoOS.SoftwareManager.Core.Utils.UnitTest.SoftwareManagerWMIServiceExceptionTest" name="TestConstructorWithErrorCodeAccessDenied" />
    </UnitTest>
    <UnitTest name="TestConstructorWithErrorCodeSuccess" storage="d:\actions-runner\_work\xpco\xpco\softwaremanager\core\softwaremanager\core\unittest\bin\debug\videoos.softwaremanager.core.unittest.dll" id="227cdad4-e657-f59d-ef9e-12d753b423d0">
      <Execution id="1547e941-b1e9-410d-b6a2-dc7446afad08" />
      <TestMethod codeBase="D:\actions-runner\_work\XPCO\XPCO\SoftwareManager\Core\SoftwareManager\Core\unittest\bin\Debug\VideoOS.SoftwareManager.Core.UnitTest.dll" adapterTypeName="executor://mstestadapter/v2" className="VideoOS.SoftwareManager.Core.Utils.UnitTest.SoftwareManagerWMIServiceExceptionTest" name="TestConstructorWithErrorCodeSuccess" />
    </UnitTest>
    <UnitTest name="TestStopAllHostTaskOneLevel" storage="d:\actions-runner\_work\xpco\xpco\softwaremanager\core\softwaremanager\core\unittest\bin\debug\videoos.softwaremanager.core.unittest.dll" id="507dcade-d9c5-591a-a8c8-41d99aa32547">
      <Execution id="b21fb8b7-a8b4-4409-86f6-fe7269a46f5b" />
      <TestMethod codeBase="D:\actions-runner\_work\XPCO\XPCO\SoftwareManager\Core\SoftwareManager\Core\unittest\bin\Debug\VideoOS.SoftwareManager.Core.UnitTest.dll" adapterTypeName="executor://mstestadapter/v2" className="VideoOS.SoftwareManager.Core.Manager.UnitTest.ManagerTest" name="TestStopAllHostTaskOneLevel" />
    </UnitTest>
    <UnitTest name="TestConstructor" storage="d:\actions-runner\_work\xpco\xpco\softwaremanager\core\softwaremanager\core\unittest\bin\debug\videoos.softwaremanager.core.unittest.dll" id="b1db4271-00db-47c3-3257-a21b26aa024d">
      <Execution id="70fecf72-e118-44b7-b6d6-b5960860ff3e" />
      <TestMethod codeBase="D:\actions-runner\_work\XPCO\XPCO\SoftwareManager\Core\SoftwareManager\Core\unittest\bin\Debug\VideoOS.SoftwareManager.Core.UnitTest.dll" adapterTypeName="executor://mstestadapter/v2" className="VideoOS.SoftwareManager.Core.Repository.UnitTest.RepositoryBrowserTest" name="TestConstructor" />
    </UnitTest>
    <UnitTest name="TestIsLocalIPAddressWithMultipleCalls" storage="d:\actions-runner\_work\xpco\xpco\softwaremanager\core\softwaremanager\core\unittest\bin\debug\videoos.softwaremanager.core.unittest.dll" id="509804e8-d8ee-e9bd-b5b3-aeeece8c3d43">
      <Execution id="ef02b723-453b-46be-8428-945599cc8b64" />
      <TestMethod codeBase="D:\actions-runner\_work\XPCO\XPCO\SoftwareManager\Core\SoftwareManager\Core\unittest\bin\Debug\VideoOS.SoftwareManager.Core.UnitTest.dll" adapterTypeName="executor://mstestadapter/v2" className="VideoOS.SoftwareManager.Core.UnitTest.Utils.NetUtilsTest" name="TestIsLocalIPAddressWithMultipleCalls" />
    </UnitTest>
    <UnitTest name="TestGetLocalPackagesParallel" storage="d:\actions-runner\_work\xpco\xpco\softwaremanager\core\softwaremanager\core\unittest\bin\debug\videoos.softwaremanager.core.unittest.dll" id="41702cc4-b255-60a5-af8d-918c6d7b7ceb">
      <Execution id="9526b0fd-96f7-4249-b124-4bf5b71dea91" />
      <TestMethod codeBase="D:\actions-runner\_work\XPCO\XPCO\SoftwareManager\Core\SoftwareManager\Core\unittest\bin\Debug\VideoOS.SoftwareManager.Core.UnitTest.dll" adapterTypeName="executor://mstestadapter/v2" className="VideoOS.SoftwareManager.Core.Manager.UnitTest.ManagerTest" name="TestGetLocalPackagesParallel" />
    </UnitTest>
    <UnitTest name="TestTaskStopOnCompletedTask" storage="d:\actions-runner\_work\xpco\xpco\softwaremanager\core\softwaremanager\core\unittest\bin\debug\videoos.softwaremanager.core.unittest.dll" id="21a039f5-a92d-7952-0779-2ef36815aea5">
      <Execution id="dfaf2fea-39ed-48bb-830b-e8178a40faec" />
      <TestMethod codeBase="D:\actions-runner\_work\XPCO\XPCO\SoftwareManager\Core\SoftwareManager\Core\unittest\bin\Debug\VideoOS.SoftwareManager.Core.UnitTest.dll" adapterTypeName="executor://mstestadapter/v2" className="VideoOS.SoftwareManager.Core.Task.UnitTest.TaskTest" name="TestTaskStopOnCompletedTask" />
    </UnitTest>
    <UnitTest name="TestConstructorWithMessageAndInnerException" storage="d:\actions-runner\_work\xpco\xpco\softwaremanager\core\softwaremanager\core\unittest\bin\debug\videoos.softwaremanager.core.unittest.dll" id="c0d78bc9-8b22-4b83-e487-b28dbfa43be1">
      <Execution id="7a1926d2-ee8a-47e9-b536-7a09db95f25d" />
      <TestMethod codeBase="D:\actions-runner\_work\XPCO\XPCO\SoftwareManager\Core\SoftwareManager\Core\unittest\bin\Debug\VideoOS.SoftwareManager.Core.UnitTest.dll" adapterTypeName="executor://mstestadapter/v2" className="VideoOS.SoftwareManager.Core.Utils.UnitTest.SoftwareManagerExceptionTest" name="TestConstructorWithMessageAndInnerException" />
    </UnitTest>
    <UnitTest name="Test127001" storage="d:\actions-runner\_work\xpco\xpco\softwaremanager\core\softwaremanager\core\unittest\bin\debug\videoos.softwaremanager.core.unittest.dll" id="48eb9e20-76c9-3c7b-a7a3-fc60c91a53d4">
      <Execution id="cf0b2b5a-8f9d-4e5b-9991-c09c8a0092e7" />
      <TestMethod codeBase="D:\actions-runner\_work\XPCO\XPCO\SoftwareManager\Core\SoftwareManager\Core\unittest\bin\Debug\VideoOS.SoftwareManager.Core.UnitTest.dll" adapterTypeName="executor://mstestadapter/v2" className="VideoOS.SoftwareManager.Core.Task.UnitTest.WMIPingTaskTest" name="Test127001" />
    </UnitTest>
    <UnitTest name="TestConstructor" storage="d:\actions-runner\_work\xpco\xpco\softwaremanager\core\softwaremanager\core\unittest\bin\debug\videoos.softwaremanager.core.unittest.dll" id="0f0f7131-42bd-3008-39e4-936130039165">
      <Execution id="cd0a4f93-b60b-4620-9f7f-89400c43e2ba" />
      <TestMethod codeBase="D:\actions-runner\_work\XPCO\XPCO\SoftwareManager\Core\SoftwareManager\Core\unittest\bin\Debug\VideoOS.SoftwareManager.Core.UnitTest.dll" adapterTypeName="executor://mstestadapter/v2" className="VideoOS.SoftwareManager.Core.Task.UnitTest.DeletePackageTaskTest" name="TestConstructor" />
    </UnitTest>
    <UnitTest name="TestWaitForAllTasksWithTimeout" storage="d:\actions-runner\_work\xpco\xpco\softwaremanager\core\softwaremanager\core\unittest\bin\debug\videoos.softwaremanager.core.unittest.dll" id="d4e569f1-10c6-3311-ff80-77655b87aa0b">
      <Execution id="923877b8-fa22-4448-8194-210ac19f2cd2" />
      <TestMethod codeBase="D:\actions-runner\_work\XPCO\XPCO\SoftwareManager\Core\SoftwareManager\Core\unittest\bin\Debug\VideoOS.SoftwareManager.Core.UnitTest.dll" adapterTypeName="executor://mstestadapter/v2" className="VideoOS.SoftwareManager.Core.Manager.UnitTest.TestTest" name="TestWaitForAllTasksWithTimeout" />
    </UnitTest>
    <UnitTest name="TestPackageUploader" storage="d:\actions-runner\_work\xpco\xpco\softwaremanager\core\softwaremanager\core\unittest\bin\debug\videoos.softwaremanager.core.unittest.dll" id="b6c9091d-bcc3-5cee-d00b-d898c91721c4">
      <Execution id="fc0a84c8-faa7-4b5f-8cc7-4bc07a38e7c6" />
      <TestMethod codeBase="D:\actions-runner\_work\XPCO\XPCO\SoftwareManager\Core\SoftwareManager\Core\unittest\bin\Debug\VideoOS.SoftwareManager.Core.UnitTest.dll" adapterTypeName="executor://mstestadapter/v2" className="VideoOS.SoftwareManager.Core.Repository.UnitTest.RepositoryUploaderTest" name="TestPackageUploader" />
    </UnitTest>
    <UnitTest name="TestSetValueInvalid" storage="d:\actions-runner\_work\xpco\xpco\softwaremanager\core\softwaremanager\core\unittest\bin\debug\videoos.softwaremanager.core.unittest.dll" id="d165a1f9-3d44-76cb-b902-4ddbe0cccecb">
      <Execution id="dd08d7ad-a43a-454f-846f-6a80948062c9" />
      <TestMethod codeBase="D:\actions-runner\_work\XPCO\XPCO\SoftwareManager\Core\SoftwareManager\Core\unittest\bin\Debug\VideoOS.SoftwareManager.Core.UnitTest.dll" adapterTypeName="executor://mstestadapter/v2" className="VideoOS.SoftwareManager.Core.Package.UnitTest.EnumParameterTest" name="TestSetValueInvalid" />
    </UnitTest>
    <UnitTest name="TestClearTasksWhileRunning" storage="d:\actions-runner\_work\xpco\xpco\softwaremanager\core\softwaremanager\core\unittest\bin\debug\videoos.softwaremanager.core.unittest.dll" id="d13aa229-8e39-18d5-187c-99e8a2b31cd1">
      <Execution id="6c0a069d-ee25-43b1-a51b-51f8c4e7cc27" />
      <TestMethod codeBase="D:\actions-runner\_work\XPCO\XPCO\SoftwareManager\Core\SoftwareManager\Core\unittest\bin\Debug\VideoOS.SoftwareManager.Core.UnitTest.dll" adapterTypeName="executor://mstestadapter/v2" className="VideoOS.SoftwareManager.Core.Task.UnitTest.TaskSuiteTest" name="TestClearTasksWhileRunning" />
    </UnitTest>
    <UnitTest name="TestInjection" storage="d:\actions-runner\_work\xpco\xpco\softwaremanager\core\softwaremanager\core\unittest\bin\debug\videoos.softwaremanager.core.unittest.dll" id="b53777b6-9b17-4b3f-bddc-b6f07e3ad483">
      <Execution id="7f50ae32-2f82-46fb-98ee-11320b39e9b0" />
      <TestMethod codeBase="D:\actions-runner\_work\XPCO\XPCO\SoftwareManager\Core\SoftwareManager\Core\unittest\bin\Debug\VideoOS.SoftwareManager.Core.UnitTest.dll" adapterTypeName="executor://mstestadapter/v2" className="VideoOS.SoftwareManager.Core.Task.UnitTest.TaskSuiteTest" name="TestInjection" />
    </UnitTest>
    <UnitTest name="TestConstructorWithErrorCodeUnknownFailure" storage="d:\actions-runner\_work\xpco\xpco\softwaremanager\core\softwaremanager\core\unittest\bin\debug\videoos.softwaremanager.core.unittest.dll" id="a52af099-adde-616a-e493-3c951c853af5">
      <Execution id="cfa8efed-f5f5-4c0b-ba8a-5c2dd35bad73" />
      <TestMethod codeBase="D:\actions-runner\_work\XPCO\XPCO\SoftwareManager\Core\SoftwareManager\Core\unittest\bin\Debug\VideoOS.SoftwareManager.Core.UnitTest.dll" adapterTypeName="executor://mstestadapter/v2" className="VideoOS.SoftwareManager.Core.Utils.UnitTest.SoftwareManagerWMIServiceExceptionTest" name="TestConstructorWithErrorCodeUnknownFailure" />
    </UnitTest>
    <UnitTest name="TestWaitForAllTasksWithNullManager" storage="d:\actions-runner\_work\xpco\xpco\softwaremanager\core\softwaremanager\core\unittest\bin\debug\videoos.softwaremanager.core.unittest.dll" id="56fd3714-911e-3c1d-d65a-ddc9984079a7">
      <Execution id="8d73f153-77ef-4cea-aba5-634ce697c22a" />
      <TestMethod codeBase="D:\actions-runner\_work\XPCO\XPCO\SoftwareManager\Core\SoftwareManager\Core\unittest\bin\Debug\VideoOS.SoftwareManager.Core.UnitTest.dll" adapterTypeName="executor://mstestadapter/v2" className="VideoOS.SoftwareManager.Core.Manager.UnitTest.TestTest" name="TestWaitForAllTasksWithNullManager" />
    </UnitTest>
    <UnitTest name="TestConstructor" storage="d:\actions-runner\_work\xpco\xpco\softwaremanager\core\softwaremanager\core\unittest\bin\debug\videoos.softwaremanager.core.unittest.dll" id="ede83e9c-fccc-794b-8457-5adc5aedf18a">
      <Execution id="e8f9f1d4-a645-4300-80bb-585f5ca8e642" />
      <TestMethod codeBase="D:\actions-runner\_work\XPCO\XPCO\SoftwareManager\Core\SoftwareManager\Core\unittest\bin\Debug\VideoOS.SoftwareManager.Core.UnitTest.dll" adapterTypeName="executor://mstestadapter/v2" className="VideoOS.SoftwareManager.Core.Manager.UnitTest.TestTest" name="TestConstructor" />
    </UnitTest>
    <UnitTest name="TestGetPackages" storage="d:\actions-runner\_work\xpco\xpco\softwaremanager\core\softwaremanager\core\unittest\bin\debug\videoos.softwaremanager.core.unittest.dll" id="8f477c37-7083-1672-5283-a9d495e9fd61">
      <Execution id="b5a96add-af33-4523-9988-bede93340c40" />
      <TestMethod codeBase="D:\actions-runner\_work\XPCO\XPCO\SoftwareManager\Core\SoftwareManager\Core\unittest\bin\Debug\VideoOS.SoftwareManager.Core.UnitTest.dll" adapterTypeName="executor://mstestadapter/v2" className="VideoOS.SoftwareManager.Core.Task.UnitTest.FileShareGetPackagesTaskTest" name="TestGetPackages" />
    </UnitTest>
    <UnitTest name="TestObserver" storage="d:\actions-runner\_work\xpco\xpco\softwaremanager\core\softwaremanager\core\unittest\bin\debug\videoos.softwaremanager.core.unittest.dll" id="c9f53748-47ce-0633-50ad-3007e055d4a5">
      <Execution id="7c8759c2-a255-471e-828f-adfec40aa111" />
      <TestMethod codeBase="D:\actions-runner\_work\XPCO\XPCO\SoftwareManager\Core\SoftwareManager\Core\unittest\bin\Debug\VideoOS.SoftwareManager.Core.UnitTest.dll" adapterTypeName="executor://mstestadapter/v2" className="VideoOS.SoftwareManager.Core.Task.UnitTest.TaskSuiteTest" name="TestObserver" />
    </UnitTest>
    <UnitTest name="TestConstructorWithMultipleObservers" storage="d:\actions-runner\_work\xpco\xpco\softwaremanager\core\softwaremanager\core\unittest\bin\debug\videoos.softwaremanager.core.unittest.dll" id="a041f741-20d8-3a12-5a12-ac603b3ef6bc">
      <Execution id="0cc0743a-8001-4540-8805-b695adc85a03" />
      <TestMethod codeBase="D:\actions-runner\_work\XPCO\XPCO\SoftwareManager\Core\SoftwareManager\Core\unittest\bin\Debug\VideoOS.SoftwareManager.Core.UnitTest.dll" adapterTypeName="executor://mstestadapter/v2" className="VideoOS.SoftwareManager.Core.Manager.UnitTest.ObservableHostTest" name="TestConstructorWithMultipleObservers" />
    </UnitTest>
    <UnitTest name="TestGetOSVersionSequential" storage="d:\actions-runner\_work\xpco\xpco\softwaremanager\core\softwaremanager\core\unittest\bin\debug\videoos.softwaremanager.core.unittest.dll" id="f4901ffe-89d3-e081-0aa9-7b9d56b57c0f">
      <Execution id="a7b5f0e4-de73-40c3-8372-d0edba1f8736" />
      <TestMethod codeBase="D:\actions-runner\_work\XPCO\XPCO\SoftwareManager\Core\SoftwareManager\Core\unittest\bin\Debug\VideoOS.SoftwareManager.Core.UnitTest.dll" adapterTypeName="executor://mstestadapter/v2" className="VideoOS.SoftwareManager.Core.Manager.UnitTest.ManagerTest" name="TestGetOSVersionSequential" />
    </UnitTest>
    <UnitTest name="TestAttachObserver" storage="d:\actions-runner\_work\xpco\xpco\softwaremanager\core\softwaremanager\core\unittest\bin\debug\videoos.softwaremanager.core.unittest.dll" id="d08fd0d0-106c-6df0-e83c-5d210fcd79c8">
      <Execution id="859fac6a-553e-4169-b280-1623b666c268" />
      <TestMethod codeBase="D:\actions-runner\_work\XPCO\XPCO\SoftwareManager\Core\SoftwareManager\Core\unittest\bin\Debug\VideoOS.SoftwareManager.Core.UnitTest.dll" adapterTypeName="executor://mstestadapter/v2" className="VideoOS.SoftwareManager.Core.Observer.UnitTest.ObservableTest" name="TestAttachObserver" />
    </UnitTest>
    <UnitTest name="TestConstructorWithErrorCodeUnknownFailure" storage="d:\actions-runner\_work\xpco\xpco\softwaremanager\core\softwaremanager\core\unittest\bin\debug\videoos.softwaremanager.core.unittest.dll" id="729c0c4c-75b6-3606-8352-31e30f6054ad">
      <Execution id="b52035ca-e9f6-4670-b616-9dead25cc15d" />
      <TestMethod codeBase="D:\actions-runner\_work\XPCO\XPCO\SoftwareManager\Core\SoftwareManager\Core\unittest\bin\Debug\VideoOS.SoftwareManager.Core.UnitTest.dll" adapterTypeName="executor://mstestadapter/v2" className="VideoOS.SoftwareManager.Core.Utils.UnitTest.SoftwareManagerWMIProcessExceptionTest" name="TestConstructorWithErrorCodeUnknownFailure" />
    </UnitTest>
    <UnitTest name="TestWaitForAllTasksWithNegativeTimeout" storage="d:\actions-runner\_work\xpco\xpco\softwaremanager\core\softwaremanager\core\unittest\bin\debug\videoos.softwaremanager.core.unittest.dll" id="ffb5e73e-887f-1a38-a682-d33443b4dfc6">
      <Execution id="e88c78f4-ea85-4379-b759-6d1a74825963" />
      <TestMethod codeBase="D:\actions-runner\_work\XPCO\XPCO\SoftwareManager\Core\SoftwareManager\Core\unittest\bin\Debug\VideoOS.SoftwareManager.Core.UnitTest.dll" adapterTypeName="executor://mstestadapter/v2" className="VideoOS.SoftwareManager.Core.Manager.UnitTest.ManagerTest" name="TestWaitForAllTasksWithNegativeTimeout" />
    </UnitTest>
    <UnitTest name="TestSetValue" storage="d:\actions-runner\_work\xpco\xpco\softwaremanager\core\softwaremanager\core\unittest\bin\debug\videoos.softwaremanager.core.unittest.dll" id="33675f94-c719-761f-5636-41fb611944c3">
      <Execution id="a1d2c7e4-567c-419d-b0d3-9c71ed9a1329" />
      <TestMethod codeBase="D:\actions-runner\_work\XPCO\XPCO\SoftwareManager\Core\SoftwareManager\Core\unittest\bin\Debug\VideoOS.SoftwareManager.Core.UnitTest.dll" adapterTypeName="executor://mstestadapter/v2" className="VideoOS.SoftwareManager.Core.Package.UnitTest.ParameterTest" name="TestSetValue" />
    </UnitTest>
    <UnitTest name="TestCopyFileWithPauseAndStop" storage="d:\actions-runner\_work\xpco\xpco\softwaremanager\core\softwaremanager\core\unittest\bin\debug\videoos.softwaremanager.core.unittest.dll" id="b132170f-9730-0961-71b5-52e8ff86f635">
      <Execution id="30f5ed7d-12ea-4a2a-9b22-12ce7f10e5c7" />
      <TestMethod codeBase="D:\actions-runner\_work\XPCO\XPCO\SoftwareManager\Core\SoftwareManager\Core\unittest\bin\Debug\VideoOS.SoftwareManager.Core.UnitTest.dll" adapterTypeName="executor://mstestadapter/v2" className="VideoOS.SoftwareManager.Core.Task.UnitTest.Win32FileCopyTaskTest" name="TestCopyFileWithPauseAndStop" />
    </UnitTest>
    <UnitTest name="TestUninstallString" storage="d:\actions-runner\_work\xpco\xpco\softwaremanager\core\softwaremanager\core\unittest\bin\debug\videoos.softwaremanager.core.unittest.dll" id="76542709-be8d-6929-2c1e-1e0af7b93f0e">
      <Execution id="0a16c3fc-d6f2-4282-adb7-b8ffd1c57829" />
      <TestMethod codeBase="D:\actions-runner\_work\XPCO\XPCO\SoftwareManager\Core\SoftwareManager\Core\unittest\bin\Debug\VideoOS.SoftwareManager.Core.UnitTest.dll" adapterTypeName="executor://mstestadapter/v2" className="VideoOS.SoftwareManager.Core.Package.UnitTest.MSIBootstrapperPackageTest" name="TestUninstallString" />
    </UnitTest>
    <UnitTest name="TestGetInstalledPackagesSequential" storage="d:\actions-runner\_work\xpco\xpco\softwaremanager\core\softwaremanager\core\unittest\bin\debug\videoos.softwaremanager.core.unittest.dll" id="a76765fa-a6f1-2e6e-2762-dc27a61e9a6d">
      <Execution id="c8c2454f-ea88-47df-a791-3f39ae7e3795" />
      <TestMethod codeBase="D:\actions-runner\_work\XPCO\XPCO\SoftwareManager\Core\SoftwareManager\Core\unittest\bin\Debug\VideoOS.SoftwareManager.Core.UnitTest.dll" adapterTypeName="executor://mstestadapter/v2" className="VideoOS.SoftwareManager.Core.Manager.UnitTest.ManagerTest" name="TestGetInstalledPackagesSequential" />
    </UnitTest>
    <UnitTest name="TestStopAllHostTask" storage="d:\actions-runner\_work\xpco\xpco\softwaremanager\core\softwaremanager\core\unittest\bin\debug\videoos.softwaremanager.core.unittest.dll" id="ff251435-488c-f14c-109e-e0528c8469ae">
      <Execution id="8ab4c2b9-e366-4543-b809-21951445bd7b" />
      <TestMethod codeBase="D:\actions-runner\_work\XPCO\XPCO\SoftwareManager\Core\SoftwareManager\Core\unittest\bin\Debug\VideoOS.SoftwareManager.Core.UnitTest.dll" adapterTypeName="executor://mstestadapter/v2" className="VideoOS.SoftwareManager.Core.Manager.UnitTest.TestTest" name="TestStopAllHostTask" />
    </UnitTest>
    <UnitTest name="TestConstructor" storage="d:\actions-runner\_work\xpco\xpco\softwaremanager\core\softwaremanager\core\unittest\bin\debug\videoos.softwaremanager.core.unittest.dll" id="68a2363a-b484-17cf-1f18-a03fd75c478a">
      <Execution id="b9e342b8-c4ba-487e-8e90-8c7d8e8e19d5" />
      <TestMethod codeBase="D:\actions-runner\_work\XPCO\XPCO\SoftwareManager\Core\SoftwareManager\Core\unittest\bin\Debug\VideoOS.SoftwareManager.Core.UnitTest.dll" adapterTypeName="executor://mstestadapter/v2" className="VideoOS.SoftwareManager.Core.Manager.UnitTest.ManagerTest" name="TestConstructor" />
    </UnitTest>
    <UnitTest name="TestGetConnectionOptionsWithoutDomainNotLocal" storage="d:\actions-runner\_work\xpco\xpco\softwaremanager\core\softwaremanager\core\unittest\bin\debug\videoos.softwaremanager.core.unittest.dll" id="1396e80d-ac6c-7b7b-e5dd-cce3f57d2022">
      <Execution id="da5d368c-4be5-4bb5-832b-47da8310cbf9" />
      <TestMethod codeBase="D:\actions-runner\_work\XPCO\XPCO\SoftwareManager\Core\SoftwareManager\Core\unittest\bin\Debug\VideoOS.SoftwareManager.Core.UnitTest.dll" adapterTypeName="executor://mstestadapter/v2" className="VideoOS.SoftwareManager.Core.Utils.UnitTest.WMIUtilsTest" name="TestGetConnectionOptionsWithoutDomainNotLocal" />
    </UnitTest>
    <UnitTest name="TestGetLocalPackagesValids" storage="d:\actions-runner\_work\xpco\xpco\softwaremanager\core\softwaremanager\core\unittest\bin\debug\videoos.softwaremanager.core.unittest.dll" id="be72001e-cbeb-f70f-60bd-efa29a260472">
      <Execution id="b615278a-1782-4a8f-b3ad-b75a8d0508ae" />
      <TestMethod codeBase="D:\actions-runner\_work\XPCO\XPCO\SoftwareManager\Core\SoftwareManager\Core\unittest\bin\Debug\VideoOS.SoftwareManager.Core.UnitTest.dll" adapterTypeName="executor://mstestadapter/v2" className="VideoOS.SoftwareManager.Core.Utils.UnitTest.OEMUtilsTest" name="TestGetLocalPackagesValids" />
    </UnitTest>
    <UnitTest name="TestGetLocalPackagesWithInvalidHost" storage="d:\actions-runner\_work\xpco\xpco\softwaremanager\core\softwaremanager\core\unittest\bin\debug\videoos.softwaremanager.core.unittest.dll" id="2d9dbc28-3346-aa2c-3f94-7988e6e65d16">
      <Execution id="d6746a09-4662-437c-a1a2-5b21150b2f30" />
      <TestMethod codeBase="D:\actions-runner\_work\XPCO\XPCO\SoftwareManager\Core\SoftwareManager\Core\unittest\bin\Debug\VideoOS.SoftwareManager.Core.UnitTest.dll" adapterTypeName="executor://mstestadapter/v2" className="VideoOS.SoftwareManager.Core.Manager.UnitTest.ManagerTest" name="TestGetLocalPackagesWithInvalidHost" />
    </UnitTest>
    <UnitTest name="TestPingSequential" storage="d:\actions-runner\_work\xpco\xpco\softwaremanager\core\softwaremanager\core\unittest\bin\debug\videoos.softwaremanager.core.unittest.dll" id="c9e1a6db-907d-9c8d-8ab2-22df33deb8b7">
      <Execution id="59c83fc5-cb22-4d6d-8a56-427ad9890ce2" />
      <TestMethod codeBase="D:\actions-runner\_work\XPCO\XPCO\SoftwareManager\Core\SoftwareManager\Core\unittest\bin\Debug\VideoOS.SoftwareManager.Core.UnitTest.dll" adapterTypeName="executor://mstestadapter/v2" className="VideoOS.SoftwareManager.Core.Manager.UnitTest.ManagerTest" name="TestPingSequential" />
    </UnitTest>
    <UnitTest name="TestConstructor" storage="d:\actions-runner\_work\xpco\xpco\softwaremanager\core\softwaremanager\core\unittest\bin\debug\videoos.softwaremanager.core.unittest.dll" id="dccffa84-7c98-4410-7aaa-69b1a9b9bf4b">
      <Execution id="95adbf31-0835-41ac-8720-43accf37048b" />
      <TestMethod codeBase="D:\actions-runner\_work\XPCO\XPCO\SoftwareManager\Core\SoftwareManager\Core\unittest\bin\Debug\VideoOS.SoftwareManager.Core.UnitTest.dll" adapterTypeName="executor://mstestadapter/v2" className="VideoOS.SoftwareManager.Core.Package.UnitTest.FileParameterTest" name="TestConstructor" />
    </UnitTest>
    <UnitTest name="TestConstructor" storage="d:\actions-runner\_work\xpco\xpco\softwaremanager\core\softwaremanager\core\unittest\bin\debug\videoos.softwaremanager.core.unittest.dll" id="3538f6df-51fc-46bb-bdd2-8a9a714c9781">
      <Execution id="0cdfdf5c-8779-41c5-907f-6ec86ef2ac56" />
      <TestMethod codeBase="D:\actions-runner\_work\XPCO\XPCO\SoftwareManager\Core\SoftwareManager\Core\unittest\bin\Debug\VideoOS.SoftwareManager.Core.UnitTest.dll" adapterTypeName="executor://mstestadapter/v2" className="VideoOS.SoftwareManager.Core.Package.UnitTest.InstallerActionTest" name="TestConstructor" />
    </UnitTest>
    <UnitTest name="TestPausedBeforeDoRun" storage="d:\actions-runner\_work\xpco\xpco\softwaremanager\core\softwaremanager\core\unittest\bin\debug\videoos.softwaremanager.core.unittest.dll" id="6df818c5-73c8-7004-d8bf-eb24c08d331c">
      <Execution id="072cd167-e723-4305-b7c1-84ac6c9ae90b" />
      <TestMethod codeBase="D:\actions-runner\_work\XPCO\XPCO\SoftwareManager\Core\SoftwareManager\Core\unittest\bin\Debug\VideoOS.SoftwareManager.Core.UnitTest.dll" adapterTypeName="executor://mstestadapter/v2" className="VideoOS.SoftwareManager.Core.Task.UnitTest.TaskTest" name="TestPausedBeforeDoRun" />
    </UnitTest>
    <UnitTest name="TestRebooterTaskLocalhost" storage="d:\actions-runner\_work\xpco\xpco\softwaremanager\core\softwaremanager\core\unittest\bin\debug\videoos.softwaremanager.core.unittest.dll" id="3b800de0-7f55-0230-86ac-278c66c5da09">
      <Execution id="dae69bba-d067-49f1-b7b1-e8cb9002671f" />
      <TestMethod codeBase="D:\actions-runner\_work\XPCO\XPCO\SoftwareManager\Core\SoftwareManager\Core\unittest\bin\Debug\VideoOS.SoftwareManager.Core.UnitTest.dll" adapterTypeName="executor://mstestadapter/v2" className="VideoOS.SoftwareManager.Core.Task.UnitTest.WMIRebooterTaskTest" name="TestRebooterTaskLocalhost" />
    </UnitTest>
    <UnitTest name="TestConstructorWithMessageAndInnerException" storage="d:\actions-runner\_work\xpco\xpco\softwaremanager\core\softwaremanager\core\unittest\bin\debug\videoos.softwaremanager.core.unittest.dll" id="fe18c034-aa0b-61e5-8a2a-c9568fd83fd9">
      <Execution id="35fa7c08-d10d-4506-bc6a-c5b6d6f762d9" />
      <TestMethod codeBase="D:\actions-runner\_work\XPCO\XPCO\SoftwareManager\Core\SoftwareManager\Core\unittest\bin\Debug\VideoOS.SoftwareManager.Core.UnitTest.dll" adapterTypeName="executor://mstestadapter/v2" className="VideoOS.SoftwareManager.Core.Utils.UnitTest.SoftwareManagerInvalidParametersExceptionTest" name="TestConstructorWithMessageAndInnerException" />
    </UnitTest>
    <UnitTest name="TestValids" storage="d:\actions-runner\_work\xpco\xpco\softwaremanager\core\softwaremanager\core\unittest\bin\debug\videoos.softwaremanager.core.unittest.dll" id="910d9e71-a6d1-f7ea-624f-20cad78d3822">
      <Execution id="dc76c9f5-0650-4ceb-9078-b293a840304c" />
      <TestMethod codeBase="D:\actions-runner\_work\XPCO\XPCO\SoftwareManager\Core\SoftwareManager\Core\unittest\bin\Debug\VideoOS.SoftwareManager.Core.UnitTest.dll" adapterTypeName="executor://mstestadapter/v2" className="VideoOS.SoftwareManager.Core.Task.UnitTest.WMIGetInstalledPackagesTaskTest" name="TestValids" />
    </UnitTest>
    <UnitTest name="TestParseXmlThatDoesNotValidateSchema" storage="d:\actions-runner\_work\xpco\xpco\softwaremanager\core\softwaremanager\core\unittest\bin\debug\videoos.softwaremanager.core.unittest.dll" id="0b029b03-e5f3-b149-3920-586205f4cd46">
      <Execution id="df52bb03-de58-4fa3-aff2-e9cb1c3085af" />
      <TestMethod codeBase="D:\actions-runner\_work\XPCO\XPCO\SoftwareManager\Core\SoftwareManager\Core\unittest\bin\Debug\VideoOS.SoftwareManager.Core.UnitTest.dll" adapterTypeName="executor://mstestadapter/v2" className="VideoOS.SoftwareManager.Core.Package.UnitTest.PackageParserTest" name="TestParseXmlThatDoesNotValidateSchema" />
    </UnitTest>
    <UnitTest name="TestIsTasksRunningWithInvalidID" storage="d:\actions-runner\_work\xpco\xpco\softwaremanager\core\softwaremanager\core\unittest\bin\debug\videoos.softwaremanager.core.unittest.dll" id="3be573fd-8249-d766-9daa-dbf90a35485d">
      <Execution id="5f8dd481-c152-4a58-aad2-d950237ac53f" />
      <TestMethod codeBase="D:\actions-runner\_work\XPCO\XPCO\SoftwareManager\Core\SoftwareManager\Core\unittest\bin\Debug\VideoOS.SoftwareManager.Core.UnitTest.dll" adapterTypeName="executor://mstestadapter/v2" className="VideoOS.SoftwareManager.Core.Manager.UnitTest.TestTest" name="TestIsTasksRunningWithInvalidID" />
    </UnitTest>
    <UnitTest name="TestUploadPackageParallel" storage="d:\actions-runner\_work\xpco\xpco\softwaremanager\core\softwaremanager\core\unittest\bin\debug\videoos.softwaremanager.core.unittest.dll" id="04ad7382-7f4e-ecdf-65f5-9b1671144ea8">
      <Execution id="a8f57817-1f20-4285-ac94-0ef27d826b61" />
      <TestMethod codeBase="D:\actions-runner\_work\XPCO\XPCO\SoftwareManager\Core\SoftwareManager\Core\unittest\bin\Debug\VideoOS.SoftwareManager.Core.UnitTest.dll" adapterTypeName="executor://mstestadapter/v2" className="VideoOS.SoftwareManager.Core.Manager.UnitTest.ManagerTest" name="TestUploadPackageParallel" />
    </UnitTest>
    <UnitTest name="TestGetRepositoryLocationIdentifier" storage="d:\actions-runner\_work\xpco\xpco\softwaremanager\core\softwaremanager\core\unittest\bin\debug\videoos.softwaremanager.core.unittest.dll" id="b4bc3446-4a33-e238-ffe8-f27ad8971712">
      <Execution id="0a7866e3-138c-4733-a032-80089a3a86d0" />
      <TestMethod codeBase="D:\actions-runner\_work\XPCO\XPCO\SoftwareManager\Core\SoftwareManager\Core\unittest\bin\Debug\VideoOS.SoftwareManager.Core.UnitTest.dll" adapterTypeName="executor://mstestadapter/v2" className="VideoOS.SoftwareManager.Core.Repository.UnitTest.FileShareRepositoryTest" name="TestGetRepositoryLocationIdentifier" />
    </UnitTest>
    <UnitTest name="TestStopHostTaskAllLevels" storage="d:\actions-runner\_work\xpco\xpco\softwaremanager\core\softwaremanager\core\unittest\bin\debug\videoos.softwaremanager.core.unittest.dll" id="cc0e8736-e37c-0fe0-2c61-f81f9c25390d">
      <Execution id="574cfb68-2b4d-4a92-831f-e8129183bcfc" />
      <TestMethod codeBase="D:\actions-runner\_work\XPCO\XPCO\SoftwareManager\Core\SoftwareManager\Core\unittest\bin\Debug\VideoOS.SoftwareManager.Core.UnitTest.dll" adapterTypeName="executor://mstestadapter/v2" className="VideoOS.SoftwareManager.Core.Manager.UnitTest.ManagerTest" name="TestStopHostTaskAllLevels" />
    </UnitTest>
    <UnitTest name="TestParseCIMDateTime" storage="d:\actions-runner\_work\xpco\xpco\softwaremanager\core\softwaremanager\core\unittest\bin\debug\videoos.softwaremanager.core.unittest.dll" id="5e6d963b-b1b0-9e97-ce84-57c0b0288549">
      <Execution id="40147b64-05d0-43a8-ba65-2a4254da1ee6" />
      <TestMethod codeBase="D:\actions-runner\_work\XPCO\XPCO\SoftwareManager\Core\SoftwareManager\Core\unittest\bin\Debug\VideoOS.SoftwareManager.Core.UnitTest.dll" adapterTypeName="executor://mstestadapter/v2" className="VideoOS.SoftwareManager.Core.Utils.UnitTest.WMIUtilsTest" name="TestParseCIMDateTime" />
    </UnitTest>
    <UnitTest name="TestReStart" storage="d:\actions-runner\_work\xpco\xpco\softwaremanager\core\softwaremanager\core\unittest\bin\debug\videoos.softwaremanager.core.unittest.dll" id="0f15567d-8946-0afb-e177-08aff03eae03">
      <Execution id="670e4eca-8741-48aa-99ae-6d212781303b" />
      <TestMethod codeBase="D:\actions-runner\_work\XPCO\XPCO\SoftwareManager\Core\SoftwareManager\Core\unittest\bin\Debug\VideoOS.SoftwareManager.Core.UnitTest.dll" adapterTypeName="executor://mstestadapter/v2" className="VideoOS.SoftwareManager.Core.Manager.UnitTest.RuntimeContextTest" name="TestReStart" />
    </UnitTest>
    <UnitTest name="TestGetPackages" storage="d:\actions-runner\_work\xpco\xpco\softwaremanager\core\softwaremanager\core\unittest\bin\debug\videoos.softwaremanager.core.unittest.dll" id="16b0b669-97dc-a186-724b-c8025a9929b5">
      <Execution id="1b800663-ca0e-40f1-957f-55ee791f1c73" />
      <TestMethod codeBase="D:\actions-runner\_work\XPCO\XPCO\SoftwareManager\Core\SoftwareManager\Core\unittest\bin\Debug\VideoOS.SoftwareManager.Core.UnitTest.dll" adapterTypeName="executor://mstestadapter/v2" className="VideoOS.SoftwareManager.Core.Repository.UnitTest.RepositoryBrowserTest" name="TestGetPackages" />
    </UnitTest>
    <UnitTest name="TestIPv6_2" storage="d:\actions-runner\_work\xpco\xpco\softwaremanager\core\softwaremanager\core\unittest\bin\debug\videoos.softwaremanager.core.unittest.dll" id="07b8ae28-3f7d-4c7c-c1aa-a7481b9226b5">
      <Execution id="84070532-1ff8-4017-a6e1-ce8e003d5186" />
      <TestMethod codeBase="D:\actions-runner\_work\XPCO\XPCO\SoftwareManager\Core\SoftwareManager\Core\unittest\bin\Debug\VideoOS.SoftwareManager.Core.UnitTest.dll" adapterTypeName="executor://mstestadapter/v2" className="VideoOS.SoftwareManager.Core.UnitTest.Utils.NetUtilsTest" name="TestIPv6_2" />
    </UnitTest>
    <UnitTest name="TestConstructor" storage="d:\actions-runner\_work\xpco\xpco\softwaremanager\core\softwaremanager\core\unittest\bin\debug\videoos.softwaremanager.core.unittest.dll" id="3915b03e-a985-a2c2-3ccc-dadf5b35e158">
      <Execution id="8a53e373-7b7a-4c9e-ba01-b33525f42709" />
      <TestMethod codeBase="D:\actions-runner\_work\XPCO\XPCO\SoftwareManager\Core\SoftwareManager\Core\unittest\bin\Debug\VideoOS.SoftwareManager.Core.UnitTest.dll" adapterTypeName="executor://mstestadapter/v2" className="VideoOS.SoftwareManager.Core.Repository.UnitTest.FileShareRepositoryBrowserTest" name="TestConstructor" />
    </UnitTest>
    <UnitTest name="TestStartWithErrorInPostRun" storage="d:\actions-runner\_work\xpco\xpco\softwaremanager\core\softwaremanager\core\unittest\bin\debug\videoos.softwaremanager.core.unittest.dll" id="e054dcdd-51af-3c68-d12e-6dc73cf4eb19">
      <Execution id="3bc9d2a3-aeb5-40be-acfc-b3f18593eb9a" />
      <TestMethod codeBase="D:\actions-runner\_work\XPCO\XPCO\SoftwareManager\Core\SoftwareManager\Core\unittest\bin\Debug\VideoOS.SoftwareManager.Core.UnitTest.dll" adapterTypeName="executor://mstestadapter/v2" className="VideoOS.SoftwareManager.Core.Task.UnitTest.TaskTest" name="TestStartWithErrorInPostRun" />
    </UnitTest>
    <UnitTest name="IsTrusted_ShouldNotThrow_WhenPackageIsSigned" storage="d:\actions-runner\_work\xpco\xpco\softwaremanager\core\softwaremanager\core\unittest\bin\debug\videoos.softwaremanager.core.unittest.dll" id="634c3d39-dd7c-75cb-c220-3f7b2938c830">
      <Execution id="07788dae-b50a-4c0a-ad7d-8fe546c47a5a" />
      <TestMethod codeBase="D:\actions-runner\_work\XPCO\XPCO\SoftwareManager\Core\SoftwareManager\Core\unittest\bin\Debug\VideoOS.SoftwareManager.Core.UnitTest.dll" adapterTypeName="executor://mstestadapter/v2" className="VideoOS.SoftwareManager.Core.UnitTest.Utils.Win32TrustUtilTest" name="IsTrusted_ShouldNotThrow_WhenPackageIsSigned" />
    </UnitTest>
    <UnitTest name="TestCopyFileUnicode" storage="d:\actions-runner\_work\xpco\xpco\softwaremanager\core\softwaremanager\core\unittest\bin\debug\videoos.softwaremanager.core.unittest.dll" id="74b2bb2e-78b9-c0b6-bf8c-1bbb711a6582">
      <Execution id="0dc54065-d73c-4aa2-ad06-891cd943e8e6" />
      <TestMethod codeBase="D:\actions-runner\_work\XPCO\XPCO\SoftwareManager\Core\SoftwareManager\Core\unittest\bin\Debug\VideoOS.SoftwareManager.Core.UnitTest.dll" adapterTypeName="executor://mstestadapter/v2" className="VideoOS.SoftwareManager.Core.Task.UnitTest.Win32FileCopyTaskTest" name="TestCopyFileUnicode" />
    </UnitTest>
    <UnitTest name="TestIsTasksRunningWithInvalidID" storage="d:\actions-runner\_work\xpco\xpco\softwaremanager\core\softwaremanager\core\unittest\bin\debug\videoos.softwaremanager.core.unittest.dll" id="c9377d28-ab28-8cea-c0b0-302ce1bcb067">
      <Execution id="17d19a2e-94c4-4c01-9c2d-79c1b1212f7c" />
      <TestMethod codeBase="D:\actions-runner\_work\XPCO\XPCO\SoftwareManager\Core\SoftwareManager\Core\unittest\bin\Debug\VideoOS.SoftwareManager.Core.UnitTest.dll" adapterTypeName="executor://mstestadapter/v2" className="VideoOS.SoftwareManager.Core.Manager.UnitTest.ManagerTest" name="TestIsTasksRunningWithInvalidID" />
    </UnitTest>
    <UnitTest name="TestStopFailedTask" storage="d:\actions-runner\_work\xpco\xpco\softwaremanager\core\softwaremanager\core\unittest\bin\debug\videoos.softwaremanager.core.unittest.dll" id="e3ca0d6d-89ae-429d-2832-2bb467f02eff">
      <Execution id="29dd430b-3310-4c22-bfbe-c716fa8acf6e" />
      <TestMethod codeBase="D:\actions-runner\_work\XPCO\XPCO\SoftwareManager\Core\SoftwareManager\Core\unittest\bin\Debug\VideoOS.SoftwareManager.Core.UnitTest.dll" adapterTypeName="executor://mstestadapter/v2" className="VideoOS.SoftwareManager.Core.Task.UnitTest.TaskTest" name="TestStopFailedTask" />
    </UnitTest>
    <UnitTest name="TestHost" storage="d:\actions-runner\_work\xpco\xpco\softwaremanager\core\softwaremanager\core\unittest\bin\debug\videoos.softwaremanager.core.unittest.dll" id="eed0e532-778f-1521-30a1-a0a82462bc7c">
      <Execution id="fdb5558c-c47d-4b44-b6d8-0a3bd2d062c8" />
      <TestMethod codeBase="D:\actions-runner\_work\XPCO\XPCO\SoftwareManager\Core\SoftwareManager\Core\unittest\bin\Debug\VideoOS.SoftwareManager.Core.UnitTest.dll" adapterTypeName="executor://mstestadapter/v2" className="VideoOS.SoftwareManager.Core.Host.UnitTest.HostTest" name="TestHost" />
    </UnitTest>
    <UnitTest name="TestAllComparisonOverloadsInVersionInfo" storage="d:\actions-runner\_work\xpco\xpco\softwaremanager\core\softwaremanager\core\unittest\bin\debug\videoos.softwaremanager.core.unittest.dll" id="1c48d561-85fd-29b1-a4db-a1c7f65fe558">
      <Execution id="b03a201d-720a-4703-9d29-31836e563d99" />
      <TestMethod codeBase="D:\actions-runner\_work\XPCO\XPCO\SoftwareManager\Core\SoftwareManager\Core\unittest\bin\Debug\VideoOS.SoftwareManager.Core.UnitTest.dll" adapterTypeName="executor://mstestadapter/v2" className="VideoOS.SoftwareManager.Core.Package.UnitTest.VersionInfoTest" name="TestAllComparisonOverloadsInVersionInfo" />
    </UnitTest>
    <UnitTest name="TestPingWithInvalidHost" storage="d:\actions-runner\_work\xpco\xpco\softwaremanager\core\softwaremanager\core\unittest\bin\debug\videoos.softwaremanager.core.unittest.dll" id="056db6d2-8d71-1089-b705-b6a45c621744">
      <Execution id="f40af064-c796-4539-952d-6e01134dbd11" />
      <TestMethod codeBase="D:\actions-runner\_work\XPCO\XPCO\SoftwareManager\Core\SoftwareManager\Core\unittest\bin\Debug\VideoOS.SoftwareManager.Core.UnitTest.dll" adapterTypeName="executor://mstestadapter/v2" className="VideoOS.SoftwareManager.Core.Manager.UnitTest.ManagerTest" name="TestPingWithInvalidHost" />
    </UnitTest>
    <UnitTest name="TestStartTwiceInSameThread" storage="d:\actions-runner\_work\xpco\xpco\softwaremanager\core\softwaremanager\core\unittest\bin\debug\videoos.softwaremanager.core.unittest.dll" id="86d70c67-12ee-2c7b-bcbf-95fc43850d05">
      <Execution id="f85c1eec-7313-47a4-afbc-000cafd708f4" />
      <TestMethod codeBase="D:\actions-runner\_work\XPCO\XPCO\SoftwareManager\Core\SoftwareManager\Core\unittest\bin\Debug\VideoOS.SoftwareManager.Core.UnitTest.dll" adapterTypeName="executor://mstestadapter/v2" className="VideoOS.SoftwareManager.Core.Task.UnitTest.TaskTest" name="TestStartTwiceInSameThread" />
    </UnitTest>
    <UnitTest name="TestConstructor" storage="d:\actions-runner\_work\xpco\xpco\softwaremanager\core\softwaremanager\core\unittest\bin\debug\videoos.softwaremanager.core.unittest.dll" id="6de69a91-a9ae-a510-a8e5-ddf1d08a2918">
      <Execution id="2ed0a1a2-6820-4276-95d5-11e574696d7c" />
      <TestMethod codeBase="D:\actions-runner\_work\XPCO\XPCO\SoftwareManager\Core\SoftwareManager\Core\unittest\bin\Debug\VideoOS.SoftwareManager.Core.UnitTest.dll" adapterTypeName="executor://mstestadapter/v2" className="VideoOS.SoftwareManager.Core.Package.UnitTest.ProductInfoTest" name="TestConstructor" />
    </UnitTest>
    <UnitTest name="TestWaitForAllTasksWithNoTimeout" storage="d:\actions-runner\_work\xpco\xpco\softwaremanager\core\softwaremanager\core\unittest\bin\debug\videoos.softwaremanager.core.unittest.dll" id="67c4869c-15f5-900e-172f-81dfbb8d8f9d">
      <Execution id="1e68fa3e-b180-4f7a-9ef8-46dff37f87a7" />
      <TestMethod codeBase="D:\actions-runner\_work\XPCO\XPCO\SoftwareManager\Core\SoftwareManager\Core\unittest\bin\Debug\VideoOS.SoftwareManager.Core.UnitTest.dll" adapterTypeName="executor://mstestadapter/v2" className="VideoOS.SoftwareManager.Core.Manager.UnitTest.ManagerTest" name="TestWaitForAllTasksWithNoTimeout" />
    </UnitTest>
    <UnitTest name="TestTestRepositoriesWithNullManager" storage="d:\actions-runner\_work\xpco\xpco\softwaremanager\core\softwaremanager\core\unittest\bin\debug\videoos.softwaremanager.core.unittest.dll" id="b2a70d06-beb1-52cd-a2cd-c3fbd2a0e80f">
      <Execution id="2c429dff-b404-4586-9f1c-502b69317d3d" />
      <TestMethod codeBase="D:\actions-runner\_work\XPCO\XPCO\SoftwareManager\Core\SoftwareManager\Core\unittest\bin\Debug\VideoOS.SoftwareManager.Core.UnitTest.dll" adapterTypeName="executor://mstestadapter/v2" className="VideoOS.SoftwareManager.Core.Manager.UnitTest.TestTest" name="TestTestRepositoriesWithNullManager" />
    </UnitTest>
    <UnitTest name="TestFileDoesNotExists" storage="d:\actions-runner\_work\xpco\xpco\softwaremanager\core\softwaremanager\core\unittest\bin\debug\videoos.softwaremanager.core.unittest.dll" id="59eb40cd-0334-8f25-0421-88dc706b675e">
      <Execution id="2b1a880a-a6f8-4276-aa5a-f86acb7581cc" />
      <TestMethod codeBase="D:\actions-runner\_work\XPCO\XPCO\SoftwareManager\Core\SoftwareManager\Core\unittest\bin\Debug\VideoOS.SoftwareManager.Core.UnitTest.dll" adapterTypeName="executor://mstestadapter/v2" className="VideoOS.SoftwareManager.Core.Task.UnitTest.Win32FileExistsTaskTest" name="TestFileDoesNotExists" />
    </UnitTest>
    <UnitTest name="TestAddRemoveTasks" storage="d:\actions-runner\_work\xpco\xpco\softwaremanager\core\softwaremanager\core\unittest\bin\debug\videoos.softwaremanager.core.unittest.dll" id="fe1191f9-4ecd-2913-fb7b-c5e75f511287">
      <Execution id="770b38a3-e45e-4b6b-af1d-2905c45e74c0" />
      <TestMethod codeBase="D:\actions-runner\_work\XPCO\XPCO\SoftwareManager\Core\SoftwareManager\Core\unittest\bin\Debug\VideoOS.SoftwareManager.Core.UnitTest.dll" adapterTypeName="executor://mstestadapter/v2" className="VideoOS.SoftwareManager.Core.Task.UnitTest.TaskSuiteTest" name="TestAddRemoveTasks" />
    </UnitTest>
    <UnitTest name="TestConstructor" storage="d:\actions-runner\_work\xpco\xpco\softwaremanager\core\softwaremanager\core\unittest\bin\debug\videoos.softwaremanager.core.unittest.dll" id="d83a4903-12f4-40d7-6107-dfc77d36cf8a">
      <Execution id="f5614cc2-7d1c-48ae-9e2c-50fdf5a44820" />
      <TestMethod codeBase="D:\actions-runner\_work\XPCO\XPCO\SoftwareManager\Core\SoftwareManager\Core\unittest\bin\Debug\VideoOS.SoftwareManager.Core.UnitTest.dll" adapterTypeName="executor://mstestadapter/v2" className="VideoOS.SoftwareManager.Core.Package.UnitTest.InstallerServiceActionTest" name="TestConstructor" />
    </UnitTest>
    <UnitTest name="TestUninstallDynamicFiles" storage="d:\actions-runner\_work\xpco\xpco\softwaremanager\core\softwaremanager\core\unittest\bin\debug\videoos.softwaremanager.core.unittest.dll" id="f9b4a59e-f609-4a39-b0af-d9d71a052b87">
      <Execution id="5ded19da-1177-4c74-88d8-c0cb33a35f7b" />
      <TestMethod codeBase="D:\actions-runner\_work\XPCO\XPCO\SoftwareManager\Core\SoftwareManager\Core\unittest\bin\Debug\VideoOS.SoftwareManager.Core.UnitTest.dll" adapterTypeName="executor://mstestadapter/v2" className="VideoOS.SoftwareManager.Core.Package.UnitTest.InstallShieldPackageTest" name="TestUninstallDynamicFiles" />
    </UnitTest>
    <UnitTest name="TestParseFull" storage="d:\actions-runner\_work\xpco\xpco\softwaremanager\core\softwaremanager\core\unittest\bin\debug\videoos.softwaremanager.core.unittest.dll" id="c11becfa-b802-6cdb-ce4e-e4281ec502ee">
      <Execution id="94fc65e3-ad52-451c-b116-4b933c752426" />
      <TestMethod codeBase="D:\actions-runner\_work\XPCO\XPCO\SoftwareManager\Core\SoftwareManager\Core\unittest\bin\Debug\VideoOS.SoftwareManager.Core.UnitTest.dll" adapterTypeName="executor://mstestadapter/v2" className="VideoOS.SoftwareManager.Core.Package.UnitTest.PackageParserTest" name="TestParseFull" />
    </UnitTest>
    <UnitTest name="TestConstructor" storage="d:\actions-runner\_work\xpco\xpco\softwaremanager\core\softwaremanager\core\unittest\bin\debug\videoos.softwaremanager.core.unittest.dll" id="940b531e-2790-8e0d-49d2-253e218ff75a">
      <Execution id="d06c8ebc-4390-4ca9-8215-c491943776da" />
      <TestMethod codeBase="D:\actions-runner\_work\XPCO\XPCO\SoftwareManager\Core\SoftwareManager\Core\unittest\bin\Debug\VideoOS.SoftwareManager.Core.UnitTest.dll" adapterTypeName="executor://mstestadapter/v2" className="VideoOS.SoftwareManager.Core.Task.UnitTest.Win32FileCopyDiscoveryTaskTest" name="TestConstructor" />
    </UnitTest>
    <UnitTest name="TestParseFullTranslate" storage="d:\actions-runner\_work\xpco\xpco\softwaremanager\core\softwaremanager\core\unittest\bin\debug\videoos.softwaremanager.core.unittest.dll" id="b3fb1e37-e2e5-a2a7-3eb9-4154e4ee124e">
      <Execution id="52bee0bd-af98-4094-a1d0-ce72093367f7" />
      <TestMethod codeBase="D:\actions-runner\_work\XPCO\XPCO\SoftwareManager\Core\SoftwareManager\Core\unittest\bin\Debug\VideoOS.SoftwareManager.Core.UnitTest.dll" adapterTypeName="executor://mstestadapter/v2" className="VideoOS.SoftwareManager.Core.Package.UnitTest.PackageParserTest" name="TestParseFullTranslate" />
    </UnitTest>
    <UnitTest name="TestPackageUploader_PackageSigned" storage="d:\actions-runner\_work\xpco\xpco\softwaremanager\core\softwaremanager\core\unittest\bin\debug\videoos.softwaremanager.core.unittest.dll" id="36a635b8-d4a5-9a69-60b9-668002b58b49">
      <Execution id="45334f5c-f42f-42bf-b59c-50ed96eaf271" />
      <TestMethod codeBase="D:\actions-runner\_work\XPCO\XPCO\SoftwareManager\Core\SoftwareManager\Core\unittest\bin\Debug\VideoOS.SoftwareManager.Core.UnitTest.dll" adapterTypeName="executor://mstestadapter/v2" className="VideoOS.SoftwareManager.Core.Repository.UnitTest.RepositoryUploaderTest" name="TestPackageUploader_PackageSigned" />
    </UnitTest>
    <UnitTest name="TestConstructorWithValids" storage="d:\actions-runner\_work\xpco\xpco\softwaremanager\core\softwaremanager\core\unittest\bin\debug\videoos.softwaremanager.core.unittest.dll" id="021ef098-7dbe-513e-8387-e4ed44861025">
      <Execution id="ea025f58-5002-44d1-b68c-91dcf5411d9f" />
      <TestMethod codeBase="D:\actions-runner\_work\XPCO\XPCO\SoftwareManager\Core\SoftwareManager\Core\unittest\bin\Debug\VideoOS.SoftwareManager.Core.UnitTest.dll" adapterTypeName="executor://mstestadapter/v2" className="VideoOS.SoftwareManager.Core.Task.UnitTest.WMIGetInstalledPackagesTaskTest" name="TestConstructorWithValids" />
    </UnitTest>
    <UnitTest name="TestParseMinimum" storage="d:\actions-runner\_work\xpco\xpco\softwaremanager\core\softwaremanager\core\unittest\bin\debug\videoos.softwaremanager.core.unittest.dll" id="610e8bda-ad87-7af5-dff8-990fa1173593">
      <Execution id="040a7e2e-0293-4359-ac8d-8589512ac157" />
      <TestMethod codeBase="D:\actions-runner\_work\XPCO\XPCO\SoftwareManager\Core\SoftwareManager\Core\unittest\bin\Debug\VideoOS.SoftwareManager.Core.UnitTest.dll" adapterTypeName="executor://mstestadapter/v2" className="VideoOS.SoftwareManager.Core.Package.UnitTest.PackageParserTest" name="TestParseMinimum" />
    </UnitTest>
    <UnitTest name="TestFileExists" storage="d:\actions-runner\_work\xpco\xpco\softwaremanager\core\softwaremanager\core\unittest\bin\debug\videoos.softwaremanager.core.unittest.dll" id="c0f579a5-5ae7-71d9-6691-3cfa7f1b150a">
      <Execution id="0702de4e-9204-476b-b113-1ea316bed92b" />
      <TestMethod codeBase="D:\actions-runner\_work\XPCO\XPCO\SoftwareManager\Core\SoftwareManager\Core\unittest\bin\Debug\VideoOS.SoftwareManager.Core.UnitTest.dll" adapterTypeName="executor://mstestadapter/v2" className="VideoOS.SoftwareManager.Core.Task.UnitTest.Win32FileExistsTaskTest" name="TestFileExists" />
    </UnitTest>
    <UnitTest name="TestStartWithErrorInPreRun" storage="d:\actions-runner\_work\xpco\xpco\softwaremanager\core\softwaremanager\core\unittest\bin\debug\videoos.softwaremanager.core.unittest.dll" id="7bced07e-5002-455f-f0b3-e4b378be8923">
      <Execution id="a1393332-38ac-4df0-a508-cfd7a18472d8" />
      <TestMethod codeBase="D:\actions-runner\_work\XPCO\XPCO\SoftwareManager\Core\SoftwareManager\Core\unittest\bin\Debug\VideoOS.SoftwareManager.Core.UnitTest.dll" adapterTypeName="executor://mstestadapter/v2" className="VideoOS.SoftwareManager.Core.Task.UnitTest.TaskTest" name="TestStartWithErrorInPreRun" />
    </UnitTest>
    <UnitTest name="TestGetDeleteLocalPackage" storage="d:\actions-runner\_work\xpco\xpco\softwaremanager\core\softwaremanager\core\unittest\bin\debug\videoos.softwaremanager.core.unittest.dll" id="7468abf9-8496-a9ce-938c-e8b14b5f2200">
      <Execution id="d364cbdc-ba33-4ad7-a690-df240fc35430" />
      <TestMethod codeBase="D:\actions-runner\_work\XPCO\XPCO\SoftwareManager\Core\SoftwareManager\Core\unittest\bin\Debug\VideoOS.SoftwareManager.Core.UnitTest.dll" adapterTypeName="executor://mstestadapter/v2" className="VideoOS.SoftwareManager.Core.Host.UnitTest.WmiHostImpTest" name="TestGetDeleteLocalPackage" />
    </UnitTest>
    <UnitTest name="TestDeleteLocalPackageParallel" storage="d:\actions-runner\_work\xpco\xpco\softwaremanager\core\softwaremanager\core\unittest\bin\debug\videoos.softwaremanager.core.unittest.dll" id="ab424643-ee10-dbb4-356f-30ee770a2155">
      <Execution id="9f8e58b4-ac8d-4348-b16d-e85952f5e3fb" />
      <TestMethod codeBase="D:\actions-runner\_work\XPCO\XPCO\SoftwareManager\Core\SoftwareManager\Core\unittest\bin\Debug\VideoOS.SoftwareManager.Core.UnitTest.dll" adapterTypeName="executor://mstestadapter/v2" className="VideoOS.SoftwareManager.Core.Manager.UnitTest.ManagerTest" name="TestDeleteLocalPackageParallel" />
    </UnitTest>
    <UnitTest name="TestUpdate" storage="d:\actions-runner\_work\xpco\xpco\softwaremanager\core\softwaremanager\core\unittest\bin\debug\videoos.softwaremanager.core.unittest.dll" id="6596a401-a376-8fd2-668a-6808ccafe6e7">
      <Execution id="56411f01-8823-4865-9963-dfd17c82e09f" />
      <TestMethod codeBase="D:\actions-runner\_work\XPCO\XPCO\SoftwareManager\Core\SoftwareManager\Core\unittest\bin\Debug\VideoOS.SoftwareManager.Core.UnitTest.dll" adapterTypeName="executor://mstestadapter/v2" className="VideoOS.SoftwareManager.Core.Task.UnitTest.TaskSuiteObserverTest" name="TestUpdate" />
    </UnitTest>
    <UnitTest name="Test_With_ArgmunentsXmlFileV2_When_ExtractingTheArguments_Then_TheArgumentsAreCorrect" storage="d:\actions-runner\_work\xpco\xpco\softwaremanager\core\softwaremanager\core\unittest\bin\debug\videoos.softwaremanager.core.unittest.dll" id="20866b5e-00ad-91c8-5292-4eb0cd2cc57c">
      <Execution id="6355445a-89fa-4c24-be39-5dd89b7942e5" />
      <TestMethod codeBase="D:\actions-runner\_work\XPCO\XPCO\SoftwareManager\Core\SoftwareManager\Core\unittest\bin\Debug\VideoOS.SoftwareManager.Core.UnitTest.dll" adapterTypeName="executor://mstestadapter/v2" className="VideoOS.SoftwareManager.Core.UnitTest.ArgumentsXml.ArgumentsXmlSerializationTest" name="Test_With_ArgmunentsXmlFileV2_When_ExtractingTheArguments_Then_TheArgumentsAreCorrect" />
    </UnitTest>
    <UnitTest name="TestTerminateProcess" storage="d:\actions-runner\_work\xpco\xpco\softwaremanager\core\softwaremanager\core\unittest\bin\debug\videoos.softwaremanager.core.unittest.dll" id="eceaaf6b-5306-b6a9-a798-462c0467ff4a">
      <Execution id="0d7bbdd3-31ba-480a-8f7d-061871646813" />
      <TestMethod codeBase="D:\actions-runner\_work\XPCO\XPCO\SoftwareManager\Core\SoftwareManager\Core\unittest\bin\Debug\VideoOS.SoftwareManager.Core.UnitTest.dll" adapterTypeName="executor://mstestadapter/v2" className="VideoOS.SoftwareManager.Core.Task.WMI.UnitTest.WMIProcessTaskTest" name="TestTerminateProcess" />
    </UnitTest>
    <UnitTest name="TestConstructorWithUserNamePassword" storage="d:\actions-runner\_work\xpco\xpco\softwaremanager\core\softwaremanager\core\unittest\bin\debug\videoos.softwaremanager.core.unittest.dll" id="7b0075a6-a37e-989f-ba7f-1766dadf06a6">
      <Execution id="87eb1b9c-4f9d-4621-9b1a-7220ac77c68a" />
      <TestMethod codeBase="D:\actions-runner\_work\XPCO\XPCO\SoftwareManager\Core\SoftwareManager\Core\unittest\bin\Debug\VideoOS.SoftwareManager.Core.UnitTest.dll" adapterTypeName="executor://mstestadapter/v2" className="VideoOS.SoftwareManager.Core.Host.UnitTest.CredentialsTest" name="TestConstructorWithUserNamePassword" />
    </UnitTest>
    <UnitTest name="TestStopStartedTask" storage="d:\actions-runner\_work\xpco\xpco\softwaremanager\core\softwaremanager\core\unittest\bin\debug\videoos.softwaremanager.core.unittest.dll" id="fd0ce9f9-2415-20bc-0fe2-2f12873a13f9">
      <Execution id="55396cf6-bdb8-4761-9818-2bc0fbd5c6ce" />
      <TestMethod codeBase="D:\actions-runner\_work\XPCO\XPCO\SoftwareManager\Core\SoftwareManager\Core\unittest\bin\Debug\VideoOS.SoftwareManager.Core.UnitTest.dll" adapterTypeName="executor://mstestadapter/v2" className="VideoOS.SoftwareManager.Core.Manager.UnitTest.RuntimeContextTest" name="TestStopStartedTask" />
    </UnitTest>
    <UnitTest name="Test_With_LicenseTypeAndParameters_When_CreateXmlStreamInV1_Then_CorrectXMLStreamIsCreated" storage="d:\actions-runner\_work\xpco\xpco\softwaremanager\core\softwaremanager\core\unittest\bin\debug\videoos.softwaremanager.core.unittest.dll" id="a0116380-da24-5eef-9985-8a188dfc4704">
      <Execution id="fd567fe8-9f7c-4d0d-951a-04e36c8c28dd" />
      <TestMethod codeBase="D:\actions-runner\_work\XPCO\XPCO\SoftwareManager\Core\SoftwareManager\Core\unittest\bin\Debug\VideoOS.SoftwareManager.Core.UnitTest.dll" adapterTypeName="executor://mstestadapter/v2" className="VideoOS.SoftwareManager.Core.UnitTest.ArgumentsXml.ArgumentsXmlSerializationTest" name="Test_With_LicenseTypeAndParameters_When_CreateXmlStreamInV1_Then_CorrectXMLStreamIsCreated" />
    </UnitTest>
    <UnitTest name="TestRebootParallel" storage="d:\actions-runner\_work\xpco\xpco\softwaremanager\core\softwaremanager\core\unittest\bin\debug\videoos.softwaremanager.core.unittest.dll" id="ea065467-0433-ed80-40ec-d47c6bf0c0ec">
      <Execution id="56f94af2-2d13-4f22-8e82-c61c4234ebfd" />
      <TestMethod codeBase="D:\actions-runner\_work\XPCO\XPCO\SoftwareManager\Core\SoftwareManager\Core\unittest\bin\Debug\VideoOS.SoftwareManager.Core.UnitTest.dll" adapterTypeName="executor://mstestadapter/v2" className="VideoOS.SoftwareManager.Core.Manager.UnitTest.ManagerTest" name="TestRebootParallel" />
    </UnitTest>
    <UnitTest name="TestConstructorWithMessage" storage="d:\actions-runner\_work\xpco\xpco\softwaremanager\core\softwaremanager\core\unittest\bin\debug\videoos.softwaremanager.core.unittest.dll" id="517deaa3-fb72-43d4-f26a-18dc2c3127b6">
      <Execution id="25ab8d1c-b0a8-4ef9-8a38-81f2d59f2d2d" />
      <TestMethod codeBase="D:\actions-runner\_work\XPCO\XPCO\SoftwareManager\Core\SoftwareManager\Core\unittest\bin\Debug\VideoOS.SoftwareManager.Core.UnitTest.dll" adapterTypeName="executor://mstestadapter/v2" className="VideoOS.SoftwareManager.Core.Utils.UnitTest.SoftwareManagerInvalidHostIDExceptionTest" name="TestConstructorWithMessage" />
    </UnitTest>
    <UnitTest name="TestGetConnectionOptionsWithCurrentUserNotLocal" storage="d:\actions-runner\_work\xpco\xpco\softwaremanager\core\softwaremanager\core\unittest\bin\debug\videoos.softwaremanager.core.unittest.dll" id="8b04072f-eeb4-1721-94fb-a629d1232d5b">
      <Execution id="a83ed288-414b-46f4-bda1-7a3be4d271a7" />
      <TestMethod codeBase="D:\actions-runner\_work\XPCO\XPCO\SoftwareManager\Core\SoftwareManager\Core\unittest\bin\Debug\VideoOS.SoftwareManager.Core.UnitTest.dll" adapterTypeName="executor://mstestadapter/v2" className="VideoOS.SoftwareManager.Core.Utils.UnitTest.WMIUtilsTest" name="TestGetConnectionOptionsWithCurrentUserNotLocal" />
    </UnitTest>
    <UnitTest name="TestTaskCompletedEventSet" storage="d:\actions-runner\_work\xpco\xpco\softwaremanager\core\softwaremanager\core\unittest\bin\debug\videoos.softwaremanager.core.unittest.dll" id="33d6df35-743f-3933-86b9-c0c13618fe51">
      <Execution id="96a6a21d-0b49-45ac-be87-8c6c61efb37e" />
      <TestMethod codeBase="D:\actions-runner\_work\XPCO\XPCO\SoftwareManager\Core\SoftwareManager\Core\unittest\bin\Debug\VideoOS.SoftwareManager.Core.UnitTest.dll" adapterTypeName="executor://mstestadapter/v2" className="VideoOS.SoftwareManager.Core.Task.UnitTest.TaskTest" name="TestTaskCompletedEventSet" />
    </UnitTest>
    <UnitTest name="TestConstructor" storage="d:\actions-runner\_work\xpco\xpco\softwaremanager\core\softwaremanager\core\unittest\bin\debug\videoos.softwaremanager.core.unittest.dll" id="0f470e8f-f37d-d726-0ed9-2faddccddbca">
      <Execution id="fbf79b09-1e24-4159-ade5-f20c48a736c2" />
      <TestMethod codeBase="D:\actions-runner\_work\XPCO\XPCO\SoftwareManager\Core\SoftwareManager\Core\unittest\bin\Debug\VideoOS.SoftwareManager.Core.UnitTest.dll" adapterTypeName="executor://mstestadapter/v2" className="VideoOS.SoftwareManager.Core.Host.UnitTest.ServerHostTest" name="TestConstructor" />
    </UnitTest>
    <UnitTest name="TestStopRepositoryTask" storage="d:\actions-runner\_work\xpco\xpco\softwaremanager\core\softwaremanager\core\unittest\bin\debug\videoos.softwaremanager.core.unittest.dll" id="7e6f01e0-6e4a-e81f-57f2-c8127ebd815b">
      <Execution id="bd3e8404-afbb-47e7-a7d0-2326a39304c6" />
      <TestMethod codeBase="D:\actions-runner\_work\XPCO\XPCO\SoftwareManager\Core\SoftwareManager\Core\unittest\bin\Debug\VideoOS.SoftwareManager.Core.UnitTest.dll" adapterTypeName="executor://mstestadapter/v2" className="VideoOS.SoftwareManager.Core.Manager.UnitTest.TestTest" name="TestStopRepositoryTask" />
    </UnitTest>
    <UnitTest name="TestInstallPackageSequential" storage="d:\actions-runner\_work\xpco\xpco\softwaremanager\core\softwaremanager\core\unittest\bin\debug\videoos.softwaremanager.core.unittest.dll" id="a14d479c-95fa-c808-46c0-2d34bef5217e">
      <Execution id="9470e339-99fd-4409-9387-92635c3ea6a6" />
      <TestMethod codeBase="D:\actions-runner\_work\XPCO\XPCO\SoftwareManager\Core\SoftwareManager\Core\unittest\bin\Debug\VideoOS.SoftwareManager.Core.UnitTest.dll" adapterTypeName="executor://mstestadapter/v2" className="VideoOS.SoftwareManager.Core.Manager.UnitTest.ManagerTest" name="TestInstallPackageSequential" />
    </UnitTest>
    <UnitTest name="TestConstructor" storage="d:\actions-runner\_work\xpco\xpco\softwaremanager\core\softwaremanager\core\unittest\bin\debug\videoos.softwaremanager.core.unittest.dll" id="49f154a2-52b8-d09b-0cc0-999f7d82fc57">
      <Execution id="a23266c2-76a9-44a8-816c-8566f2631c23" />
      <TestMethod codeBase="D:\actions-runner\_work\XPCO\XPCO\SoftwareManager\Core\SoftwareManager\Core\unittest\bin\Debug\VideoOS.SoftwareManager.Core.UnitTest.dll" adapterTypeName="executor://mstestadapter/v2" className="VideoOS.SoftwareManager.Core.Task.UnitTest.FileSharePackageUploaderTaskTest" name="TestConstructor" />
    </UnitTest>
    <UnitTest name="TestStopAllHostTaskRemainingLevels" storage="d:\actions-runner\_work\xpco\xpco\softwaremanager\core\softwaremanager\core\unittest\bin\debug\videoos.softwaremanager.core.unittest.dll" id="f1681b95-2edd-308e-08f8-900cdf2ed21f">
      <Execution id="9ecd4594-0ce0-40d8-a7af-7bd28f699906" />
      <TestMethod codeBase="D:\actions-runner\_work\XPCO\XPCO\SoftwareManager\Core\SoftwareManager\Core\unittest\bin\Debug\VideoOS.SoftwareManager.Core.UnitTest.dll" adapterTypeName="executor://mstestadapter/v2" className="VideoOS.SoftwareManager.Core.Manager.UnitTest.ManagerTest" name="TestStopAllHostTaskRemainingLevels" />
    </UnitTest>
    <UnitTest name="TestImportPackage_TaskShouldError_WhenInstallerDoesNotConatainPackageXml" storage="d:\actions-runner\_work\xpco\xpco\softwaremanager\core\softwaremanager\core\unittest\bin\debug\videoos.softwaremanager.core.unittest.dll" id="710f6486-2b5c-d1f0-26ce-a7f85cc332a3">
      <Execution id="ef4c0594-46e6-4129-952c-e7fd3f0e2377" />
      <TestMethod codeBase="D:\actions-runner\_work\XPCO\XPCO\SoftwareManager\Core\SoftwareManager\Core\unittest\bin\Debug\VideoOS.SoftwareManager.Core.UnitTest.dll" adapterTypeName="executor://mstestadapter/v2" className="VideoOS.SoftwareManager.Core.Task.UnitTest.FileShareImportPackageTaskTest" name="TestImportPackage_TaskShouldError_WhenInstallerDoesNotConatainPackageXml" />
    </UnitTest>
    <UnitTest name="TestConstructor" storage="d:\actions-runner\_work\xpco\xpco\softwaremanager\core\softwaremanager\core\unittest\bin\debug\videoos.softwaremanager.core.unittest.dll" id="129055b6-b8ec-538c-e6ea-3d4081636908">
      <Execution id="638e2a08-41fe-4c71-8eb0-9d9dbe6441dc" />
      <TestMethod codeBase="D:\actions-runner\_work\XPCO\XPCO\SoftwareManager\Core\SoftwareManager\Core\unittest\bin\Debug\VideoOS.SoftwareManager.Core.UnitTest.dll" adapterTypeName="executor://mstestadapter/v2" className="VideoOS.SoftwareManager.Core.Package.UnitTest.INNOPackageTest" name="TestConstructor" />
    </UnitTest>
    <UnitTest name="TestStopHostTaskAllLevelsAndRemoveQueued" storage="d:\actions-runner\_work\xpco\xpco\softwaremanager\core\softwaremanager\core\unittest\bin\debug\videoos.softwaremanager.core.unittest.dll" id="88cce5da-1134-4d90-54f2-f1e25810b263">
      <Execution id="759e5a5f-6280-4467-8437-0c8f2eb3fc6e" />
      <TestMethod codeBase="D:\actions-runner\_work\XPCO\XPCO\SoftwareManager\Core\SoftwareManager\Core\unittest\bin\Debug\VideoOS.SoftwareManager.Core.UnitTest.dll" adapterTypeName="executor://mstestadapter/v2" className="VideoOS.SoftwareManager.Core.Manager.UnitTest.ManagerTest" name="TestStopHostTaskAllLevelsAndRemoveQueued" />
    </UnitTest>
    <UnitTest name="TestConstructor" storage="d:\actions-runner\_work\xpco\xpco\softwaremanager\core\softwaremanager\core\unittest\bin\debug\videoos.softwaremanager.core.unittest.dll" id="1cff3eca-d525-091e-65e2-230ac0996f0f">
      <Execution id="c8b144a7-d97d-4fe9-bc63-e6e37d59b558" />
      <TestMethod codeBase="D:\actions-runner\_work\XPCO\XPCO\SoftwareManager\Core\SoftwareManager\Core\unittest\bin\Debug\VideoOS.SoftwareManager.Core.UnitTest.dll" adapterTypeName="executor://mstestadapter/v2" className="VideoOS.SoftwareManager.Core.Package.UnitTest.MSIPackageTest" name="TestConstructor" />
    </UnitTest>
    <UnitTest name="TestIsTasksRunningOnRepository" storage="d:\actions-runner\_work\xpco\xpco\softwaremanager\core\softwaremanager\core\unittest\bin\debug\videoos.softwaremanager.core.unittest.dll" id="a17e8d02-5a28-ea2d-f09e-368bfc7a6e40">
      <Execution id="ba382046-bfdc-441d-bff6-c54c81338650" />
      <TestMethod codeBase="D:\actions-runner\_work\XPCO\XPCO\SoftwareManager\Core\SoftwareManager\Core\unittest\bin\Debug\VideoOS.SoftwareManager.Core.UnitTest.dll" adapterTypeName="executor://mstestadapter/v2" className="VideoOS.SoftwareManager.Core.Manager.UnitTest.TestTest" name="TestIsTasksRunningOnRepository" />
    </UnitTest>
    <UnitTest name="TestPause" storage="d:\actions-runner\_work\xpco\xpco\softwaremanager\core\softwaremanager\core\unittest\bin\debug\videoos.softwaremanager.core.unittest.dll" id="43d6dc3c-53e8-45da-7aff-f2a5d909f61d">
      <Execution id="a0b6e3b5-9ec3-44a8-b69d-3ccf85c2c7a2" />
      <TestMethod codeBase="D:\actions-runner\_work\XPCO\XPCO\SoftwareManager\Core\SoftwareManager\Core\unittest\bin\Debug\VideoOS.SoftwareManager.Core.UnitTest.dll" adapterTypeName="executor://mstestadapter/v2" className="VideoOS.SoftwareManager.Core.Task.UnitTest.TaskTest" name="TestPause" />
    </UnitTest>
    <UnitTest name="TestLastWarning" storage="d:\actions-runner\_work\xpco\xpco\softwaremanager\core\softwaremanager\core\unittest\bin\debug\videoos.softwaremanager.core.unittest.dll" id="80f38fd0-6f01-962d-1286-fff70fb35efb">
      <Execution id="8d7d1bc8-b47a-4850-9932-e3b3b696be9f" />
      <TestMethod codeBase="D:\actions-runner\_work\XPCO\XPCO\SoftwareManager\Core\SoftwareManager\Core\unittest\bin\Debug\VideoOS.SoftwareManager.Core.UnitTest.dll" adapterTypeName="executor://mstestadapter/v2" className="VideoOS.SoftwareManager.Core.Task.UnitTest.TaskSuiteTest" name="TestLastWarning" />
    </UnitTest>
    <UnitTest name="TestStart" storage="d:\actions-runner\_work\xpco\xpco\softwaremanager\core\softwaremanager\core\unittest\bin\debug\videoos.softwaremanager.core.unittest.dll" id="48e43d53-7c28-80cb-4d94-a851e7def8d6">
      <Execution id="6167845a-4589-4fd1-a879-9fdabb3e19a2" />
      <TestMethod codeBase="D:\actions-runner\_work\XPCO\XPCO\SoftwareManager\Core\SoftwareManager\Core\unittest\bin\Debug\VideoOS.SoftwareManager.Core.UnitTest.dll" adapterTypeName="executor://mstestadapter/v2" className="VideoOS.SoftwareManager.Core.Task.UnitTest.TaskTest" name="TestStart" />
    </UnitTest>
    <UnitTest name="TestGetBrowser" storage="d:\actions-runner\_work\xpco\xpco\softwaremanager\core\softwaremanager\core\unittest\bin\debug\videoos.softwaremanager.core.unittest.dll" id="4e334c90-085d-d837-dbad-b8a5c30c5beb">
      <Execution id="89673d97-82de-4000-8895-b97e42a9e53b" />
      <TestMethod codeBase="D:\actions-runner\_work\XPCO\XPCO\SoftwareManager\Core\SoftwareManager\Core\unittest\bin\Debug\VideoOS.SoftwareManager.Core.UnitTest.dll" adapterTypeName="executor://mstestadapter/v2" className="VideoOS.SoftwareManager.Core.Repository.UnitTest.RepositoryTest" name="TestGetBrowser" />
    </UnitTest>
    <UnitTest name="TestSetValue" storage="d:\actions-runner\_work\xpco\xpco\softwaremanager\core\softwaremanager\core\unittest\bin\debug\videoos.softwaremanager.core.unittest.dll" id="0b25e965-3296-4277-c598-c67475b071d1">
      <Execution id="21014384-c96c-4726-bb1f-b6a9b73b4014" />
      <TestMethod codeBase="D:\actions-runner\_work\XPCO\XPCO\SoftwareManager\Core\SoftwareManager\Core\unittest\bin\Debug\VideoOS.SoftwareManager.Core.UnitTest.dll" adapterTypeName="executor://mstestadapter/v2" className="VideoOS.SoftwareManager.Core.Package.UnitTest.StringParameterTest" name="TestSetValue" />
    </UnitTest>
    <UnitTest name="TestConstructorWithMessageAndInnerException" storage="d:\actions-runner\_work\xpco\xpco\softwaremanager\core\softwaremanager\core\unittest\bin\debug\videoos.softwaremanager.core.unittest.dll" id="a01967fd-fbe7-36ce-1ca1-d3fd457b8d42">
      <Execution id="654a5c4f-66ab-4a13-85df-8eebe1c25e7f" />
      <TestMethod codeBase="D:\actions-runner\_work\XPCO\XPCO\SoftwareManager\Core\SoftwareManager\Core\unittest\bin\Debug\VideoOS.SoftwareManager.Core.UnitTest.dll" adapterTypeName="executor://mstestadapter/v2" className="VideoOS.SoftwareManager.Core.Utils.UnitTest.SoftwareManagerInvalidRepositoryIDExceptionTest" name="TestConstructorWithMessageAndInnerException" />
    </UnitTest>
    <UnitTest name="TestAddRemoveRepository" storage="d:\actions-runner\_work\xpco\xpco\softwaremanager\core\softwaremanager\core\unittest\bin\debug\videoos.softwaremanager.core.unittest.dll" id="7865af95-405e-00d9-0891-66c018874e42">
      <Execution id="74889b45-4385-4a4b-afe6-c98ab2fef6b8" />
      <TestMethod codeBase="D:\actions-runner\_work\XPCO\XPCO\SoftwareManager\Core\SoftwareManager\Core\unittest\bin\Debug\VideoOS.SoftwareManager.Core.UnitTest.dll" adapterTypeName="executor://mstestadapter/v2" className="VideoOS.SoftwareManager.Core.Manager.UnitTest.ManagerTest" name="TestAddRemoveRepository" />
    </UnitTest>
    <UnitTest name="TestConstructor" storage="d:\actions-runner\_work\xpco\xpco\softwaremanager\core\softwaremanager\core\unittest\bin\debug\videoos.softwaremanager.core.unittest.dll" id="6ac90c63-c23f-6f1a-ea9b-05c892b344e8">
      <Execution id="3de3cd47-9165-4b0e-9ad9-ae641543ac39" />
      <TestMethod codeBase="D:\actions-runner\_work\XPCO\XPCO\SoftwareManager\Core\SoftwareManager\Core\unittest\bin\Debug\VideoOS.SoftwareManager.Core.UnitTest.dll" adapterTypeName="executor://mstestadapter/v2" className="VideoOS.SoftwareManager.Core.Task.UnitTest.PackageUploaderTaskTest" name="TestConstructor" />
    </UnitTest>
    <UnitTest name="TestCreateRealFilePathLocal" storage="d:\actions-runner\_work\xpco\xpco\softwaremanager\core\softwaremanager\core\unittest\bin\debug\videoos.softwaremanager.core.unittest.dll" id="c77a073d-bd7f-a0bc-7dc1-d2b9a4ec3a28">
      <Execution id="63054499-c9c0-4b00-b38e-6300aea0f97a" />
      <TestMethod codeBase="D:\actions-runner\_work\XPCO\XPCO\SoftwareManager\Core\SoftwareManager\Core\unittest\bin\Debug\VideoOS.SoftwareManager.Core.UnitTest.dll" adapterTypeName="executor://mstestadapter/v2" className="VideoOS.SoftwareManager.Core.Utils.UnitTest.Win32UtilsTest" name="TestCreateRealFilePathLocal" />
    </UnitTest>
    <UnitTest name="TestConstructor" storage="d:\actions-runner\_work\xpco\xpco\softwaremanager\core\softwaremanager\core\unittest\bin\debug\videoos.softwaremanager.core.unittest.dll" id="7f8e2eb1-484c-e1fa-6cd4-fb4d01efe634">
      <Execution id="cb71db8b-e9d9-465d-ac5e-99444a9b466a" />
      <TestMethod codeBase="D:\actions-runner\_work\XPCO\XPCO\SoftwareManager\Core\SoftwareManager\Core\unittest\bin\Debug\VideoOS.SoftwareManager.Core.UnitTest.dll" adapterTypeName="executor://mstestadapter/v2" className="VideoOS.SoftwareManager.Core.Utils.UnitTest.SoftwareManagerInvalidRepositoryIDExceptionTest" name="TestConstructor" />
    </UnitTest>
    <UnitTest name="TestStopAllRepositoryTasks" storage="d:\actions-runner\_work\xpco\xpco\softwaremanager\core\softwaremanager\core\unittest\bin\debug\videoos.softwaremanager.core.unittest.dll" id="abd4b833-c358-500a-7788-db40ecef5e75">
      <Execution id="c6c5f294-bfb6-400f-90b6-597cb0c7bf1d" />
      <TestMethod codeBase="D:\actions-runner\_work\XPCO\XPCO\SoftwareManager\Core\SoftwareManager\Core\unittest\bin\Debug\VideoOS.SoftwareManager.Core.UnitTest.dll" adapterTypeName="executor://mstestadapter/v2" className="VideoOS.SoftwareManager.Core.Manager.UnitTest.ManagerTest" name="TestStopAllRepositoryTasks" />
    </UnitTest>
    <UnitTest name="TestConstructor" storage="d:\actions-runner\_work\xpco\xpco\softwaremanager\core\softwaremanager\core\unittest\bin\debug\videoos.softwaremanager.core.unittest.dll" id="aeef6c1f-4c83-a297-28c5-f2458e78b8fa">
      <Execution id="c9c76bd8-d357-4234-a8f2-26df8c110f7e" />
      <TestMethod codeBase="D:\actions-runner\_work\XPCO\XPCO\SoftwareManager\Core\SoftwareManager\Core\unittest\bin\Debug\VideoOS.SoftwareManager.Core.UnitTest.dll" adapterTypeName="executor://mstestadapter/v2" className="VideoOS.SoftwareManager.Core.Package.UnitTest.StringParameterTest" name="TestConstructor" />
    </UnitTest>
    <UnitTest name="TestGetHostInfoWithInvalidHost" storage="d:\actions-runner\_work\xpco\xpco\softwaremanager\core\softwaremanager\core\unittest\bin\debug\videoos.softwaremanager.core.unittest.dll" id="968b0cfd-4e46-39af-8c32-7a63d2e0218b">
      <Execution id="8d7e4ced-705f-4504-b1f5-6868917564c4" />
      <TestMethod codeBase="D:\actions-runner\_work\XPCO\XPCO\SoftwareManager\Core\SoftwareManager\Core\unittest\bin\Debug\VideoOS.SoftwareManager.Core.UnitTest.dll" adapterTypeName="executor://mstestadapter/v2" className="VideoOS.SoftwareManager.Core.Manager.UnitTest.ManagerTest" name="TestGetHostInfoWithInvalidHost" />
    </UnitTest>
    <UnitTest name="TestUnInstallPackageSequential" storage="d:\actions-runner\_work\xpco\xpco\softwaremanager\core\softwaremanager\core\unittest\bin\debug\videoos.softwaremanager.core.unittest.dll" id="3add4a08-97e9-90f7-a8c6-705b9e10368c">
      <Execution id="0a7d4b28-dd5a-43fd-b069-5ab7774347f5" />
      <TestMethod codeBase="D:\actions-runner\_work\XPCO\XPCO\SoftwareManager\Core\SoftwareManager\Core\unittest\bin\Debug\VideoOS.SoftwareManager.Core.UnitTest.dll" adapterTypeName="executor://mstestadapter/v2" className="VideoOS.SoftwareManager.Core.Manager.UnitTest.ManagerTest" name="TestUnInstallPackageSequential" />
    </UnitTest>
    <UnitTest name="TestCreateDirectory" storage="d:\actions-runner\_work\xpco\xpco\softwaremanager\core\softwaremanager\core\unittest\bin\debug\videoos.softwaremanager.core.unittest.dll" id="f9925917-8140-bd6d-1fd3-76831b749208">
      <Execution id="34184d65-8c1e-4989-9d5f-312293d5ae95" />
      <TestMethod codeBase="D:\actions-runner\_work\XPCO\XPCO\SoftwareManager\Core\SoftwareManager\Core\unittest\bin\Debug\VideoOS.SoftwareManager.Core.UnitTest.dll" adapterTypeName="executor://mstestadapter/v2" className="VideoOS.SoftwareManager.Core.Utils.UnitTest.Win32UtilsTest" name="TestCreateDirectory" />
    </UnitTest>
    <UnitTest name="TestStopTwiceTask" storage="d:\actions-runner\_work\xpco\xpco\softwaremanager\core\softwaremanager\core\unittest\bin\debug\videoos.softwaremanager.core.unittest.dll" id="f1542d8f-aea4-6399-622a-dbd039a58b9a">
      <Execution id="227b165c-d656-46b9-8a88-609e50c176cc" />
      <TestMethod codeBase="D:\actions-runner\_work\XPCO\XPCO\SoftwareManager\Core\SoftwareManager\Core\unittest\bin\Debug\VideoOS.SoftwareManager.Core.UnitTest.dll" adapterTypeName="executor://mstestadapter/v2" className="VideoOS.SoftwareManager.Core.Manager.UnitTest.RuntimeContextTest" name="TestStopTwiceTask" />
    </UnitTest>
    <UnitTest name="TestTaskWarningInPreRun" storage="d:\actions-runner\_work\xpco\xpco\softwaremanager\core\softwaremanager\core\unittest\bin\debug\videoos.softwaremanager.core.unittest.dll" id="f1d3bc99-16dc-eb0d-4f79-920ef3df3a07">
      <Execution id="71ac4ea4-e402-4480-8355-c240fbe8dbad" />
      <TestMethod codeBase="D:\actions-runner\_work\XPCO\XPCO\SoftwareManager\Core\SoftwareManager\Core\unittest\bin\Debug\VideoOS.SoftwareManager.Core.UnitTest.dll" adapterTypeName="executor://mstestadapter/v2" className="VideoOS.SoftwareManager.Core.Task.UnitTest.TaskTest" name="TestTaskWarningInPreRun" />
    </UnitTest>
    <UnitTest name="TestDetachObserver" storage="d:\actions-runner\_work\xpco\xpco\softwaremanager\core\softwaremanager\core\unittest\bin\debug\videoos.softwaremanager.core.unittest.dll" id="1361d5d5-52ef-44c5-6dcc-69e48369bb22">
      <Execution id="bf06ed7e-263c-49d9-b487-bb73cec50e0d" />
      <TestMethod codeBase="D:\actions-runner\_work\XPCO\XPCO\SoftwareManager\Core\SoftwareManager\Core\unittest\bin\Debug\VideoOS.SoftwareManager.Core.UnitTest.dll" adapterTypeName="executor://mstestadapter/v2" className="VideoOS.SoftwareManager.Core.Observer.UnitTest.ObservableTest" name="TestDetachObserver" />
    </UnitTest>
    <UnitTest name="TestWMIServerHost" storage="d:\actions-runner\_work\xpco\xpco\softwaremanager\core\softwaremanager\core\unittest\bin\debug\videoos.softwaremanager.core.unittest.dll" id="fb684710-7aee-b5ee-ca08-6c8c8894727b">
      <Execution id="9032ab2a-6c17-495f-83bd-39c6fb545b89" />
      <TestMethod codeBase="D:\actions-runner\_work\XPCO\XPCO\SoftwareManager\Core\SoftwareManager\Core\unittest\bin\Debug\VideoOS.SoftwareManager.Core.UnitTest.dll" adapterTypeName="executor://mstestadapter/v2" className="VideoOS.SoftwareManager.Core.Host.UnitTest.HostFactoryTest" name="TestWMIServerHost" />
    </UnitTest>
    <UnitTest name="TestConstructorWithErrorCodeServiceRequestTimeout" storage="d:\actions-runner\_work\xpco\xpco\softwaremanager\core\softwaremanager\core\unittest\bin\debug\videoos.softwaremanager.core.unittest.dll" id="6c12d520-15aa-b4cf-0a08-c96da7cf1722">
      <Execution id="f61f7e89-3ad4-442c-a173-23e93c059cf8" />
      <TestMethod codeBase="D:\actions-runner\_work\XPCO\XPCO\SoftwareManager\Core\SoftwareManager\Core\unittest\bin\Debug\VideoOS.SoftwareManager.Core.UnitTest.dll" adapterTypeName="executor://mstestadapter/v2" className="VideoOS.SoftwareManager.Core.Utils.UnitTest.SoftwareManagerWMIServiceExceptionTest" name="TestConstructorWithErrorCodeServiceRequestTimeout" />
    </UnitTest>
    <UnitTest name="TestConstructorWithErrorCodeServiceDisabled" storage="d:\actions-runner\_work\xpco\xpco\softwaremanager\core\softwaremanager\core\unittest\bin\debug\videoos.softwaremanager.core.unittest.dll" id="169ff10c-e66e-16ab-a678-ea53f5925307">
      <Execution id="226c9465-422a-45be-b191-81baf3f9d0c9" />
      <TestMethod codeBase="D:\actions-runner\_work\XPCO\XPCO\SoftwareManager\Core\SoftwareManager\Core\unittest\bin\Debug\VideoOS.SoftwareManager.Core.UnitTest.dll" adapterTypeName="executor://mstestadapter/v2" className="VideoOS.SoftwareManager.Core.Utils.UnitTest.SoftwareManagerWMIServiceExceptionTest" name="TestConstructorWithErrorCodeServiceDisabled" />
    </UnitTest>
    <UnitTest name="TestTestHosts" storage="d:\actions-runner\_work\xpco\xpco\softwaremanager\core\softwaremanager\core\unittest\bin\debug\videoos.softwaremanager.core.unittest.dll" id="b1e328f4-c08c-066b-0de5-353098f02c6d">
      <Execution id="4235f632-8308-4564-bbcf-925950638535" />
      <TestMethod codeBase="D:\actions-runner\_work\XPCO\XPCO\SoftwareManager\Core\SoftwareManager\Core\unittest\bin\Debug\VideoOS.SoftwareManager.Core.UnitTest.dll" adapterTypeName="executor://mstestadapter/v2" className="VideoOS.SoftwareManager.Core.Manager.UnitTest.TestTest" name="TestTestHosts" />
    </UnitTest>
    <UnitTest name="TestStartWhileRunning" storage="d:\actions-runner\_work\xpco\xpco\softwaremanager\core\softwaremanager\core\unittest\bin\debug\videoos.softwaremanager.core.unittest.dll" id="67643f1b-8036-19eb-72c3-d7d1af0dea43">
      <Execution id="08d8b2d4-7704-4b9a-8bd2-234e01720f68" />
      <TestMethod codeBase="D:\actions-runner\_work\XPCO\XPCO\SoftwareManager\Core\SoftwareManager\Core\unittest\bin\Debug\VideoOS.SoftwareManager.Core.UnitTest.dll" adapterTypeName="executor://mstestadapter/v2" className="VideoOS.SoftwareManager.Core.Manager.UnitTest.RuntimeContextTest" name="TestStartWhileRunning" />
    </UnitTest>
    <UnitTest name="TestConstructor" storage="d:\actions-runner\_work\xpco\xpco\softwaremanager\core\softwaremanager\core\unittest\bin\debug\videoos.softwaremanager.core.unittest.dll" id="da47f623-7c3a-9404-4444-2b2c7c59f762">
      <Execution id="c3e0a807-893c-4fd5-8a04-1a580d680e30" />
      <TestMethod codeBase="D:\actions-runner\_work\XPCO\XPCO\SoftwareManager\Core\SoftwareManager\Core\unittest\bin\Debug\VideoOS.SoftwareManager.Core.UnitTest.dll" adapterTypeName="executor://mstestadapter/v2" className="VideoOS.SoftwareManager.Core.Package.UnitTest.EnumParameterTest" name="TestConstructor" />
    </UnitTest>
    <UnitTest name="TestWaitForAllTasksWithTimeout" storage="d:\actions-runner\_work\xpco\xpco\softwaremanager\core\softwaremanager\core\unittest\bin\debug\videoos.softwaremanager.core.unittest.dll" id="4ebe8040-de48-1757-191f-73ec1eccf02d">
      <Execution id="f77558c1-58de-49f4-959e-b5de5a2cf30a" />
      <TestMethod codeBase="D:\actions-runner\_work\XPCO\XPCO\SoftwareManager\Core\SoftwareManager\Core\unittest\bin\Debug\VideoOS.SoftwareManager.Core.UnitTest.dll" adapterTypeName="executor://mstestadapter/v2" className="VideoOS.SoftwareManager.Core.Manager.UnitTest.ManagerTest" name="TestWaitForAllTasksWithTimeout" />
    </UnitTest>
    <UnitTest name="TestGetInstalledPackages" storage="d:\actions-runner\_work\xpco\xpco\softwaremanager\core\softwaremanager\core\unittest\bin\debug\videoos.softwaremanager.core.unittest.dll" id="44d15d2f-608e-f569-c6d7-e1f96d32ab07">
      <Execution id="9b1e6e71-cae3-46ab-accb-a74aa62bc6db" />
      <TestMethod codeBase="D:\actions-runner\_work\XPCO\XPCO\SoftwareManager\Core\SoftwareManager\Core\unittest\bin\Debug\VideoOS.SoftwareManager.Core.UnitTest.dll" adapterTypeName="executor://mstestadapter/v2" className="VideoOS.SoftwareManager.Core.Host.UnitTest.WmiHostImpTest" name="TestGetInstalledPackages" />
    </UnitTest>
    <UnitTest name="TestImportPackage_TaskShouldError_WhenInstallerConatainsInvalidPackageXml" storage="d:\actions-runner\_work\xpco\xpco\softwaremanager\core\softwaremanager\core\unittest\bin\debug\videoos.softwaremanager.core.unittest.dll" id="9e34c367-5723-2d6b-b206-e27de106d084">
      <Execution id="00776456-7d6a-49ef-b7de-3289cda1830c" />
      <TestMethod codeBase="D:\actions-runner\_work\XPCO\XPCO\SoftwareManager\Core\SoftwareManager\Core\unittest\bin\Debug\VideoOS.SoftwareManager.Core.UnitTest.dll" adapterTypeName="executor://mstestadapter/v2" className="VideoOS.SoftwareManager.Core.Task.UnitTest.FileShareImportPackageTaskTest" name="TestImportPackage_TaskShouldError_WhenInstallerConatainsInvalidPackageXml" />
    </UnitTest>
    <UnitTest name="TestHostInfoConstructorWithCurrentUser" storage="d:\actions-runner\_work\xpco\xpco\softwaremanager\core\softwaremanager\core\unittest\bin\debug\videoos.softwaremanager.core.unittest.dll" id="b1d46ea5-c9c3-57f4-a648-9c804c7fe269">
      <Execution id="e325a08c-06b6-4d62-9c7e-8e07eadbb418" />
      <TestMethod codeBase="D:\actions-runner\_work\XPCO\XPCO\SoftwareManager\Core\SoftwareManager\Core\unittest\bin\Debug\VideoOS.SoftwareManager.Core.UnitTest.dll" adapterTypeName="executor://mstestadapter/v2" className="VideoOS.SoftwareManager.Core.Host.UnitTest.HostInfoTest" name="TestHostInfoConstructorWithCurrentUser" />
    </UnitTest>
    <UnitTest name="TestVersionInfoDefault" storage="d:\actions-runner\_work\xpco\xpco\softwaremanager\core\softwaremanager\core\unittest\bin\debug\videoos.softwaremanager.core.unittest.dll" id="22814c1f-c66f-6ce6-5a48-a0ba882bd316">
      <Execution id="54df8f20-3ffc-4e80-af05-51687dee03e1" />
      <TestMethod codeBase="D:\actions-runner\_work\XPCO\XPCO\SoftwareManager\Core\SoftwareManager\Core\unittest\bin\Debug\VideoOS.SoftwareManager.Core.UnitTest.dll" adapterTypeName="executor://mstestadapter/v2" className="VideoOS.SoftwareManager.Core.Package.UnitTest.VersionInfoTest" name="TestVersionInfoDefault" />
    </UnitTest>
    <UnitTest name="TestGetActionTasks" storage="d:\actions-runner\_work\xpco\xpco\softwaremanager\core\softwaremanager\core\unittest\bin\debug\videoos.softwaremanager.core.unittest.dll" id="cbf74680-c91c-0984-eb66-6d8ceb9c17ab">
      <Execution id="634cd2e8-f976-44a3-b6fe-13cbf167d290" />
      <TestMethod codeBase="D:\actions-runner\_work\XPCO\XPCO\SoftwareManager\Core\SoftwareManager\Core\unittest\bin\Debug\VideoOS.SoftwareManager.Core.UnitTest.dll" adapterTypeName="executor://mstestadapter/v2" className="VideoOS.SoftwareManager.Core.Host.UnitTest.HostImpActionHelperTest" name="TestGetActionTasks" />
    </UnitTest>
    <UnitTest name="TestStartStoppedTask" storage="d:\actions-runner\_work\xpco\xpco\softwaremanager\core\softwaremanager\core\unittest\bin\debug\videoos.softwaremanager.core.unittest.dll" id="146196f5-f90c-a6d4-6ef4-bdf63a422741">
      <Execution id="a254fea8-349e-41b9-85e8-3b2a01d073c0" />
      <TestMethod codeBase="D:\actions-runner\_work\XPCO\XPCO\SoftwareManager\Core\SoftwareManager\Core\unittest\bin\Debug\VideoOS.SoftwareManager.Core.UnitTest.dll" adapterTypeName="executor://mstestadapter/v2" className="VideoOS.SoftwareManager.Core.Task.UnitTest.TaskTest" name="TestStartStoppedTask" />
    </UnitTest>
    <UnitTest name="TestConstructor" storage="d:\actions-runner\_work\xpco\xpco\softwaremanager\core\softwaremanager\core\unittest\bin\debug\videoos.softwaremanager.core.unittest.dll" id="3d1ea2f1-5577-20c9-e32d-81d23fe5a514">
      <Execution id="4348dd52-ff7a-4455-ac37-941b3b4d1fe0" />
      <TestMethod codeBase="D:\actions-runner\_work\XPCO\XPCO\SoftwareManager\Core\SoftwareManager\Core\unittest\bin\Debug\VideoOS.SoftwareManager.Core.UnitTest.dll" adapterTypeName="executor://mstestadapter/v2" className="VideoOS.SoftwareManager.Core.Utils.UnitTest.SoftwareManagerCannotRebootLocalhostExceptionTest" name="TestConstructor" />
    </UnitTest>
    <UnitTest name="TestGetPackagesInvalid" storage="d:\actions-runner\_work\xpco\xpco\softwaremanager\core\softwaremanager\core\unittest\bin\debug\videoos.softwaremanager.core.unittest.dll" id="7d275e3d-ce8a-245d-532c-9789e820e55e">
      <Execution id="ac089ef1-1268-4c9f-81f8-2059991c74c3" />
      <TestMethod codeBase="D:\actions-runner\_work\XPCO\XPCO\SoftwareManager\Core\SoftwareManager\Core\unittest\bin\Debug\VideoOS.SoftwareManager.Core.UnitTest.dll" adapterTypeName="executor://mstestadapter/v2" className="VideoOS.SoftwareManager.Core.Task.UnitTest.FileShareGetPackagesTaskTest" name="TestGetPackagesInvalid" />
    </UnitTest>
    <UnitTest name="TestConstructorWithErrorCodeInsufficientPrivilege" storage="d:\actions-runner\_work\xpco\xpco\softwaremanager\core\softwaremanager\core\unittest\bin\debug\videoos.softwaremanager.core.unittest.dll" id="7ac45643-e8d3-e0a9-5634-02ae2a6a3051">
      <Execution id="0d3eae00-2eb2-4f7a-b369-0df9d8481eac" />
      <TestMethod codeBase="D:\actions-runner\_work\XPCO\XPCO\SoftwareManager\Core\SoftwareManager\Core\unittest\bin\Debug\VideoOS.SoftwareManager.Core.UnitTest.dll" adapterTypeName="executor://mstestadapter/v2" className="VideoOS.SoftwareManager.Core.Utils.UnitTest.SoftwareManagerWMIProcessExceptionTest" name="TestConstructorWithErrorCodeInsufficientPrivilege" />
    </UnitTest>
    <UnitTest name="TestConstructorWithErrorCodePathNotFound" storage="d:\actions-runner\_work\xpco\xpco\softwaremanager\core\softwaremanager\core\unittest\bin\debug\videoos.softwaremanager.core.unittest.dll" id="2b2d084f-5640-0691-4200-77423cd95a54">
      <Execution id="f82ade71-5929-4243-9b2d-dc96a1854e2d" />
      <TestMethod codeBase="D:\actions-runner\_work\XPCO\XPCO\SoftwareManager\Core\SoftwareManager\Core\unittest\bin\Debug\VideoOS.SoftwareManager.Core.UnitTest.dll" adapterTypeName="executor://mstestadapter/v2" className="VideoOS.SoftwareManager.Core.Utils.UnitTest.SoftwareManagerWMIProcessExceptionTest" name="TestConstructorWithErrorCodePathNotFound" />
    </UnitTest>
    <UnitTest name="TestStopHostTask" storage="d:\actions-runner\_work\xpco\xpco\softwaremanager\core\softwaremanager\core\unittest\bin\debug\videoos.softwaremanager.core.unittest.dll" id="8062c4ed-4139-90d1-1d4d-27bbbb4874ab">
      <Execution id="6debc597-0967-4a96-b859-b0012b0f5eed" />
      <TestMethod codeBase="D:\actions-runner\_work\XPCO\XPCO\SoftwareManager\Core\SoftwareManager\Core\unittest\bin\Debug\VideoOS.SoftwareManager.Core.UnitTest.dll" adapterTypeName="executor://mstestadapter/v2" className="VideoOS.SoftwareManager.Core.Manager.UnitTest.TestTest" name="TestStopHostTask" />
    </UnitTest>
    <UnitTest name="TestUnInstallPackageParallel" storage="d:\actions-runner\_work\xpco\xpco\softwaremanager\core\softwaremanager\core\unittest\bin\debug\videoos.softwaremanager.core.unittest.dll" id="d818aa24-7faf-b679-f37f-e2929af9a569">
      <Execution id="a1cf39ee-e8db-4b00-8509-be0fcf540218" />
      <TestMethod codeBase="D:\actions-runner\_work\XPCO\XPCO\SoftwareManager\Core\SoftwareManager\Core\unittest\bin\Debug\VideoOS.SoftwareManager.Core.UnitTest.dll" adapterTypeName="executor://mstestadapter/v2" className="VideoOS.SoftwareManager.Core.Manager.UnitTest.ManagerTest" name="TestUnInstallPackageParallel" />
    </UnitTest>
    <UnitTest name="TestDeleteLocalPackageSequential" storage="d:\actions-runner\_work\xpco\xpco\softwaremanager\core\softwaremanager\core\unittest\bin\debug\videoos.softwaremanager.core.unittest.dll" id="f25cced5-ce9e-bbb4-b8c8-3e87f67f7dc4">
      <Execution id="58b7a4de-3f42-45fc-884d-24fc499ac6a9" />
      <TestMethod codeBase="D:\actions-runner\_work\XPCO\XPCO\SoftwareManager\Core\SoftwareManager\Core\unittest\bin\Debug\VideoOS.SoftwareManager.Core.UnitTest.dll" adapterTypeName="executor://mstestadapter/v2" className="VideoOS.SoftwareManager.Core.Manager.UnitTest.ManagerTest" name="TestDeleteLocalPackageSequential" />
    </UnitTest>
    <UnitTest name="TestWaitForAllTasksWithNoTimeout" storage="d:\actions-runner\_work\xpco\xpco\softwaremanager\core\softwaremanager\core\unittest\bin\debug\videoos.softwaremanager.core.unittest.dll" id="032d6516-cb1c-4c92-f9b8-d4038adae9f6">
      <Execution id="8ecadb2f-dd34-48f4-b80c-4c1091f424f5" />
      <TestMethod codeBase="D:\actions-runner\_work\XPCO\XPCO\SoftwareManager\Core\SoftwareManager\Core\unittest\bin\Debug\VideoOS.SoftwareManager.Core.UnitTest.dll" adapterTypeName="executor://mstestadapter/v2" className="VideoOS.SoftwareManager.Core.Manager.UnitTest.TestTest" name="TestWaitForAllTasksWithNoTimeout" />
    </UnitTest>
    <UnitTest name="TestConstructorWithErrorCodeServiceCannotAcceptControl" storage="d:\actions-runner\_work\xpco\xpco\softwaremanager\core\softwaremanager\core\unittest\bin\debug\videoos.softwaremanager.core.unittest.dll" id="a3e7e124-513f-599e-5dcf-9092069c6e07">
      <Execution id="b07b60ca-e6d5-4fad-846b-3f703ee902d9" />
      <TestMethod codeBase="D:\actions-runner\_work\XPCO\XPCO\SoftwareManager\Core\SoftwareManager\Core\unittest\bin\Debug\VideoOS.SoftwareManager.Core.UnitTest.dll" adapterTypeName="executor://mstestadapter/v2" className="VideoOS.SoftwareManager.Core.Utils.UnitTest.SoftwareManagerWMIServiceExceptionTest" name="TestConstructorWithErrorCodeServiceCannotAcceptControl" />
    </UnitTest>
    <UnitTest name="ZipPackageNoPackageXml_ShouldNotBeImported" storage="d:\actions-runner\_work\xpco\xpco\softwaremanager\core\softwaremanager\core\unittest\bin\debug\videoos.softwaremanager.core.unittest.dll" id="2fad831b-dada-8534-2cae-bc8f8eabad64">
      <Execution id="ff1b8f06-46e9-4ac9-a9f3-36dbcd5bd873" />
      <TestMethod codeBase="D:\actions-runner\_work\XPCO\XPCO\SoftwareManager\Core\SoftwareManager\Core\unittest\bin\Debug\VideoOS.SoftwareManager.Core.UnitTest.dll" adapterTypeName="executor://mstestadapter/v2" className="VideoOS.SoftwareManager.Core.Task.UnitTest.FileShareImportPackageTaskTest" name="ZipPackageNoPackageXml_ShouldNotBeImported" />
    </UnitTest>
    <UnitTest name="TestConstructorWithCurrentUser" storage="d:\actions-runner\_work\xpco\xpco\softwaremanager\core\softwaremanager\core\unittest\bin\debug\videoos.softwaremanager.core.unittest.dll" id="a86a3687-379f-3de9-0259-cf26ca96ae61">
      <Execution id="3d23de45-73db-4c8e-b8d8-533ab1213cb9" />
      <TestMethod codeBase="D:\actions-runner\_work\XPCO\XPCO\SoftwareManager\Core\SoftwareManager\Core\unittest\bin\Debug\VideoOS.SoftwareManager.Core.UnitTest.dll" adapterTypeName="executor://mstestadapter/v2" className="VideoOS.SoftwareManager.Core.Host.UnitTest.CredentialsTest" name="TestConstructorWithCurrentUser" />
    </UnitTest>
    <UnitTest name="TestPrerequisite" storage="d:\actions-runner\_work\xpco\xpco\softwaremanager\core\softwaremanager\core\unittest\bin\debug\videoos.softwaremanager.core.unittest.dll" id="5a880289-fba4-8a86-5ba1-cfa26e3284b5">
      <Execution id="6b2c2f34-804e-407d-b4e4-8cb68441057f" />
      <TestMethod codeBase="D:\actions-runner\_work\XPCO\XPCO\SoftwareManager\Core\SoftwareManager\Core\unittest\bin\Debug\VideoOS.SoftwareManager.Core.UnitTest.dll" adapterTypeName="executor://mstestadapter/v2" className="VideoOS.SoftwareManager.Core.Package.UnitTest.PrerequisiteTest" name="TestPrerequisite" />
    </UnitTest>
    <UnitTest name="TestStopBeforeStart" storage="d:\actions-runner\_work\xpco\xpco\softwaremanager\core\softwaremanager\core\unittest\bin\debug\videoos.softwaremanager.core.unittest.dll" id="1023b553-27bc-2612-6f0d-254dce8c82cd">
      <Execution id="58b36dcb-cdcf-4884-b7c3-396ffaecb907" />
      <TestMethod codeBase="D:\actions-runner\_work\XPCO\XPCO\SoftwareManager\Core\SoftwareManager\Core\unittest\bin\Debug\VideoOS.SoftwareManager.Core.UnitTest.dll" adapterTypeName="executor://mstestadapter/v2" className="VideoOS.SoftwareManager.Core.Manager.UnitTest.RuntimeContextTest" name="TestStopBeforeStart" />
    </UnitTest>
    <UnitTest name="ExistingZipPackage_ShouldBeOverwritten" storage="d:\actions-runner\_work\xpco\xpco\softwaremanager\core\softwaremanager\core\unittest\bin\debug\videoos.softwaremanager.core.unittest.dll" id="2fa8526c-a521-f4dd-f525-15d0ffe38536">
      <Execution id="ba69c7b1-9e02-4cb2-8e11-706cfc38e467" />
      <TestMethod codeBase="D:\actions-runner\_work\XPCO\XPCO\SoftwareManager\Core\SoftwareManager\Core\unittest\bin\Debug\VideoOS.SoftwareManager.Core.UnitTest.dll" adapterTypeName="executor://mstestadapter/v2" className="VideoOS.SoftwareManager.Core.Task.UnitTest.FileShareImportPackageTaskTest" name="ExistingZipPackage_ShouldBeOverwritten" />
    </UnitTest>
    <UnitTest name="Test_With_ArgmunentsXmlFileV1_When_ExtractingTheArguments_Then_TheArgumentsAreCorrect" storage="d:\actions-runner\_work\xpco\xpco\softwaremanager\core\softwaremanager\core\unittest\bin\debug\videoos.softwaremanager.core.unittest.dll" id="5830e48c-ec35-ee5c-5f9f-1b8deedc3e70">
      <Execution id="b032c1ca-db34-4a47-8b0d-299616e7607c" />
      <TestMethod codeBase="D:\actions-runner\_work\XPCO\XPCO\SoftwareManager\Core\SoftwareManager\Core\unittest\bin\Debug\VideoOS.SoftwareManager.Core.UnitTest.dll" adapterTypeName="executor://mstestadapter/v2" className="VideoOS.SoftwareManager.Core.UnitTest.ArgumentsXml.ArgumentsXmlSerializationTest" name="Test_With_ArgmunentsXmlFileV1_When_ExtractingTheArguments_Then_TheArgumentsAreCorrect" />
    </UnitTest>
    <UnitTest name="TestCopyFile" storage="d:\actions-runner\_work\xpco\xpco\softwaremanager\core\softwaremanager\core\unittest\bin\debug\videoos.softwaremanager.core.unittest.dll" id="1ae52b3a-7f71-39ee-b374-bc88518d0a21">
      <Execution id="ffacbbda-423d-451e-b22f-7493e2a11607" />
      <TestMethod codeBase="D:\actions-runner\_work\XPCO\XPCO\SoftwareManager\Core\SoftwareManager\Core\unittest\bin\Debug\VideoOS.SoftwareManager.Core.UnitTest.dll" adapterTypeName="executor://mstestadapter/v2" className="VideoOS.SoftwareManager.Core.Task.UnitTest.Win32FileCopyDiscoveryTaskTest" name="TestCopyFile" />
    </UnitTest>
    <UnitTest name="TestConstructorWithErrorCodeAccessDenied" storage="d:\actions-runner\_work\xpco\xpco\softwaremanager\core\softwaremanager\core\unittest\bin\debug\videoos.softwaremanager.core.unittest.dll" id="330e6a9d-2d5c-ac83-143d-e6e550e3720b">
      <Execution id="599ad06d-cae2-485f-9cac-22e693599c1d" />
      <TestMethod codeBase="D:\actions-runner\_work\XPCO\XPCO\SoftwareManager\Core\SoftwareManager\Core\unittest\bin\Debug\VideoOS.SoftwareManager.Core.UnitTest.dll" adapterTypeName="executor://mstestadapter/v2" className="VideoOS.SoftwareManager.Core.Utils.UnitTest.SoftwareManagerWMIProcessExceptionTest" name="TestConstructorWithErrorCodeAccessDenied" />
    </UnitTest>
    <UnitTest name="TestConstructor" storage="d:\actions-runner\_work\xpco\xpco\softwaremanager\core\softwaremanager\core\unittest\bin\debug\videoos.softwaremanager.core.unittest.dll" id="9ebed48c-2db3-f4a5-ffbd-adc1b1c4df6f">
      <Execution id="7f4d6be1-f72b-43af-8304-f97823096717" />
      <TestMethod codeBase="D:\actions-runner\_work\XPCO\XPCO\SoftwareManager\Core\SoftwareManager\Core\unittest\bin\Debug\VideoOS.SoftwareManager.Core.UnitTest.dll" adapterTypeName="executor://mstestadapter/v2" className="VideoOS.SoftwareManager.Core.Utils.UnitTest.SoftwareManagerInvalidHostIDExceptionTest" name="TestConstructor" />
    </UnitTest>
    <UnitTest name="TestConstructorWithErrorCodeNotSupported" storage="d:\actions-runner\_work\xpco\xpco\softwaremanager\core\softwaremanager\core\unittest\bin\debug\videoos.softwaremanager.core.unittest.dll" id="99b054db-dc54-f38e-941b-12cf00b7ca8e">
      <Execution id="909b103b-2873-47e2-b579-5e4db39269bc" />
      <TestMethod codeBase="D:\actions-runner\_work\XPCO\XPCO\SoftwareManager\Core\SoftwareManager\Core\unittest\bin\Debug\VideoOS.SoftwareManager.Core.UnitTest.dll" adapterTypeName="executor://mstestadapter/v2" className="VideoOS.SoftwareManager.Core.Utils.UnitTest.SoftwareManagerWMIServiceExceptionTest" name="TestConstructorWithErrorCodeNotSupported" />
    </UnitTest>
    <UnitTest name="TestConstructor" storage="d:\actions-runner\_work\xpco\xpco\softwaremanager\core\softwaremanager\core\unittest\bin\debug\videoos.softwaremanager.core.unittest.dll" id="46745519-9ecc-7f3f-f79a-bc558a311ac6">
      <Execution id="58149b4f-19d5-4019-aae3-549a91ed0935" />
      <TestMethod codeBase="D:\actions-runner\_work\XPCO\XPCO\SoftwareManager\Core\SoftwareManager\Core\unittest\bin\Debug\VideoOS.SoftwareManager.Core.UnitTest.dll" adapterTypeName="executor://mstestadapter/v2" className="VideoOS.SoftwareManager.Core.Manager.UnitTest.RuntimeContextTest" name="TestConstructor" />
    </UnitTest>
    <UnitTest name="TestCreateRealFilePathWithUNCPath" storage="d:\actions-runner\_work\xpco\xpco\softwaremanager\core\softwaremanager\core\unittest\bin\debug\videoos.softwaremanager.core.unittest.dll" id="69b26249-94e9-7c44-10dc-7b2701eb66e6">
      <Execution id="77ef6e9f-02cd-44a1-a45e-23d82c762c9f" />
      <TestMethod codeBase="D:\actions-runner\_work\XPCO\XPCO\SoftwareManager\Core\SoftwareManager\Core\unittest\bin\Debug\VideoOS.SoftwareManager.Core.UnitTest.dll" adapterTypeName="executor://mstestadapter/v2" className="VideoOS.SoftwareManager.Core.Utils.UnitTest.Win32UtilsTest" name="TestCreateRealFilePathWithUNCPath" />
    </UnitTest>
    <UnitTest name="TestInstallString" storage="d:\actions-runner\_work\xpco\xpco\softwaremanager\core\softwaremanager\core\unittest\bin\debug\videoos.softwaremanager.core.unittest.dll" id="0e31cfb4-c48c-f98b-c02a-b0ce70005a5e">
      <Execution id="e6914f40-593a-4dd3-88c2-2c36c118c2c2" />
      <TestMethod codeBase="D:\actions-runner\_work\XPCO\XPCO\SoftwareManager\Core\SoftwareManager\Core\unittest\bin\Debug\VideoOS.SoftwareManager.Core.UnitTest.dll" adapterTypeName="executor://mstestadapter/v2" className="VideoOS.SoftwareManager.Core.Package.UnitTest.MSIPackageTest" name="TestInstallString" />
    </UnitTest>
    <UnitTest name="TestConstructor" storage="d:\actions-runner\_work\xpco\xpco\softwaremanager\core\softwaremanager\core\unittest\bin\debug\videoos.softwaremanager.core.unittest.dll" id="cb156529-9899-4aae-6bb8-bbac8771853d">
      <Execution id="681bbbe0-1507-44f6-9482-28e230e1968b" />
      <TestMethod codeBase="D:\actions-runner\_work\XPCO\XPCO\SoftwareManager\Core\SoftwareManager\Core\unittest\bin\Debug\VideoOS.SoftwareManager.Core.UnitTest.dll" adapterTypeName="executor://mstestadapter/v2" className="VideoOS.SoftwareManager.Core.Task.UnitTest.WMIHostTestTaskTest" name="TestConstructor" />
    </UnitTest>
    <UnitTest name="TestGetPackages" storage="d:\actions-runner\_work\xpco\xpco\softwaremanager\core\softwaremanager\core\unittest\bin\debug\videoos.softwaremanager.core.unittest.dll" id="9e542a9d-17aa-18eb-fcd9-68e906b0cbf9">
      <Execution id="055b2b0b-351a-43c1-bb30-31f6ba36ee97" />
      <TestMethod codeBase="D:\actions-runner\_work\XPCO\XPCO\SoftwareManager\Core\SoftwareManager\Core\unittest\bin\Debug\VideoOS.SoftwareManager.Core.UnitTest.dll" adapterTypeName="executor://mstestadapter/v2" className="VideoOS.SoftwareManager.Core.Task.UnitTest.BrowserTaskTest" name="TestGetPackages" />
    </UnitTest>
    <UnitTest name="TestImportPackage_ShouldSucceed_WhenInstallerConatainsValidPackageXml" storage="d:\actions-runner\_work\xpco\xpco\softwaremanager\core\softwaremanager\core\unittest\bin\debug\videoos.softwaremanager.core.unittest.dll" id="c40bd895-725a-1fb2-ec21-aeab0bc59909">
      <Execution id="6e213e92-7959-41f0-bf91-dd1e8d94e831" />
      <TestMethod codeBase="D:\actions-runner\_work\XPCO\XPCO\SoftwareManager\Core\SoftwareManager\Core\unittest\bin\Debug\VideoOS.SoftwareManager.Core.UnitTest.dll" adapterTypeName="executor://mstestadapter/v2" className="VideoOS.SoftwareManager.Core.Task.UnitTest.FileShareImportPackageTaskTest" name="TestImportPackage_ShouldSucceed_WhenInstallerConatainsValidPackageXml" />
    </UnitTest>
    <UnitTest name="TestConstructorWithSingleObserver" storage="d:\actions-runner\_work\xpco\xpco\softwaremanager\core\softwaremanager\core\unittest\bin\debug\videoos.softwaremanager.core.unittest.dll" id="c5470e5b-7c09-9f0a-1bc9-4794fa6f7f0d">
      <Execution id="d0d6fa63-1afd-40c5-ab84-d59498cc8bfb" />
      <TestMethod codeBase="D:\actions-runner\_work\XPCO\XPCO\SoftwareManager\Core\SoftwareManager\Core\unittest\bin\Debug\VideoOS.SoftwareManager.Core.UnitTest.dll" adapterTypeName="executor://mstestadapter/v2" className="VideoOS.SoftwareManager.Core.Manager.UnitTest.ObservableHostTest" name="TestConstructorWithSingleObserver" />
    </UnitTest>
    <UnitTest name="TestUploadPackageWithInvalidHost" storage="d:\actions-runner\_work\xpco\xpco\softwaremanager\core\softwaremanager\core\unittest\bin\debug\videoos.softwaremanager.core.unittest.dll" id="84fc2d45-9c65-24ed-a603-3dd6b23b161b">
      <Execution id="42c0cb1e-8b20-40fe-a484-ea5cb306f6bc" />
      <TestMethod codeBase="D:\actions-runner\_work\XPCO\XPCO\SoftwareManager\Core\SoftwareManager\Core\unittest\bin\Debug\VideoOS.SoftwareManager.Core.UnitTest.dll" adapterTypeName="executor://mstestadapter/v2" className="VideoOS.SoftwareManager.Core.Manager.UnitTest.ManagerTest" name="TestUploadPackageWithInvalidHost" />
    </UnitTest>
    <UnitTest name="ExistingExePackage_ShouldBeOverwritten" storage="d:\actions-runner\_work\xpco\xpco\softwaremanager\core\softwaremanager\core\unittest\bin\debug\videoos.softwaremanager.core.unittest.dll" id="134ae08d-1d0a-1973-58ab-5b1798125f37">
      <Execution id="8fe3ace7-b80e-4e13-a4c5-20eddb4bf778" />
      <TestMethod codeBase="D:\actions-runner\_work\XPCO\XPCO\SoftwareManager\Core\SoftwareManager\Core\unittest\bin\Debug\VideoOS.SoftwareManager.Core.UnitTest.dll" adapterTypeName="executor://mstestadapter/v2" className="VideoOS.SoftwareManager.Core.Task.UnitTest.FileShareImportPackageTaskTest" name="ExistingExePackage_ShouldBeOverwritten" />
    </UnitTest>
    <UnitTest name="TestEquals" storage="d:\actions-runner\_work\xpco\xpco\softwaremanager\core\softwaremanager\core\unittest\bin\debug\videoos.softwaremanager.core.unittest.dll" id="07adac7c-44a1-f7fd-b195-61aec0a8c77d">
      <Execution id="0d953f81-c57a-4764-a152-89fdd61425b5" />
      <TestMethod codeBase="D:\actions-runner\_work\XPCO\XPCO\SoftwareManager\Core\SoftwareManager\Core\unittest\bin\Debug\VideoOS.SoftwareManager.Core.UnitTest.dll" adapterTypeName="executor://mstestadapter/v2" className="VideoOS.SoftwareManager.Core.Package.UnitTest.PackageTest" name="TestEquals" />
    </UnitTest>
    <UnitTest name="TestTestHostsWithNullManager" storage="d:\actions-runner\_work\xpco\xpco\softwaremanager\core\softwaremanager\core\unittest\bin\debug\videoos.softwaremanager.core.unittest.dll" id="f9648dbe-f664-0e7d-f48a-463671a37fa4">
      <Execution id="176fe045-cf5f-4d0d-b035-5dcb66a68a61" />
      <TestMethod codeBase="D:\actions-runner\_work\XPCO\XPCO\SoftwareManager\Core\SoftwareManager\Core\unittest\bin\Debug\VideoOS.SoftwareManager.Core.UnitTest.dll" adapterTypeName="executor://mstestadapter/v2" className="VideoOS.SoftwareManager.Core.Manager.UnitTest.TestTest" name="TestTestHostsWithNullManager" />
    </UnitTest>
    <UnitTest name="TestGetPackages" storage="d:\actions-runner\_work\xpco\xpco\softwaremanager\core\softwaremanager\core\unittest\bin\debug\videoos.softwaremanager.core.unittest.dll" id="bc2db273-e428-de1d-791f-6018cb46f40b">
      <Execution id="dab6d140-39ae-4b7b-b9e3-72ae22a77384" />
      <TestMethod codeBase="D:\actions-runner\_work\XPCO\XPCO\SoftwareManager\Core\SoftwareManager\Core\unittest\bin\Debug\VideoOS.SoftwareManager.Core.UnitTest.dll" adapterTypeName="executor://mstestadapter/v2" className="VideoOS.SoftwareManager.Core.Manager.UnitTest.ManagerTest" name="TestGetPackages" />
    </UnitTest>
    <UnitTest name="FileSharePackageUploaderTask_ShouldFail_IfVerifyToolThrowsTrustVerificationException" storage="d:\actions-runner\_work\xpco\xpco\softwaremanager\core\softwaremanager\core\unittest\bin\debug\videoos.softwaremanager.core.unittest.dll" id="50cf843a-7917-122d-91e8-dbab549c9083">
      <Execution id="38352967-f7bd-4cca-93c9-048f2a62389b" />
      <TestMethod codeBase="D:\actions-runner\_work\XPCO\XPCO\SoftwareManager\Core\SoftwareManager\Core\unittest\bin\Debug\VideoOS.SoftwareManager.Core.UnitTest.dll" adapterTypeName="executor://mstestadapter/v2" className="VideoOS.SoftwareManager.Core.Task.UnitTest.FileSharePackageUploaderTaskTest" name="FileSharePackageUploaderTask_ShouldFail_IfVerifyToolThrowsTrustVerificationException" />
    </UnitTest>
    <UnitTest name="TestPauseAndUnpauseAfterDoRun" storage="d:\actions-runner\_work\xpco\xpco\softwaremanager\core\softwaremanager\core\unittest\bin\debug\videoos.softwaremanager.core.unittest.dll" id="b05b330f-5d99-5f6e-5424-2528823be4f6">
      <Execution id="313c70d6-6a51-4fe6-b21d-d6d44ca0d3e6" />
      <TestMethod codeBase="D:\actions-runner\_work\XPCO\XPCO\SoftwareManager\Core\SoftwareManager\Core\unittest\bin\Debug\VideoOS.SoftwareManager.Core.UnitTest.dll" adapterTypeName="executor://mstestadapter/v2" className="VideoOS.SoftwareManager.Core.Task.UnitTest.TaskTest" name="TestPauseAndUnpauseAfterDoRun" />
    </UnitTest>
    <UnitTest name="TestConstructor" storage="d:\actions-runner\_work\xpco\xpco\softwaremanager\core\softwaremanager\core\unittest\bin\debug\videoos.softwaremanager.core.unittest.dll" id="61bc1cb9-fa1c-14ae-4514-4fe458a0c1ea">
      <Execution id="dec5ea2a-40b0-4658-82de-b74b456777a2" />
      <TestMethod codeBase="D:\actions-runner\_work\XPCO\XPCO\SoftwareManager\Core\SoftwareManager\Core\unittest\bin\Debug\VideoOS.SoftwareManager.Core.UnitTest.dll" adapterTypeName="executor://mstestadapter/v2" className="VideoOS.SoftwareManager.Core.Host.UnitTest.WMIHostImpActionHelperTest" name="TestConstructor" />
    </UnitTest>
    <UnitTest name="FileShareImportPackageTask_ShouldFail_IfVerifyToolThrowsTrustVerificationException" storage="d:\actions-runner\_work\xpco\xpco\softwaremanager\core\softwaremanager\core\unittest\bin\debug\videoos.softwaremanager.core.unittest.dll" id="5b57b096-32f8-a318-15a0-dbd4aa3c2753">
      <Execution id="3aa6a3c6-4b7d-4753-8e61-8007d28c16d4" />
      <TestMethod codeBase="D:\actions-runner\_work\XPCO\XPCO\SoftwareManager\Core\SoftwareManager\Core\unittest\bin\Debug\VideoOS.SoftwareManager.Core.UnitTest.dll" adapterTypeName="executor://mstestadapter/v2" className="VideoOS.SoftwareManager.Core.Task.UnitTest.FileShareImportPackageTaskTest" name="FileShareImportPackageTask_ShouldFail_IfVerifyToolThrowsTrustVerificationException" />
    </UnitTest>
    <UnitTest name="TestProcessWithInvalidCommand" storage="d:\actions-runner\_work\xpco\xpco\softwaremanager\core\softwaremanager\core\unittest\bin\debug\videoos.softwaremanager.core.unittest.dll" id="cc729317-8003-3dcb-4690-b7bab2deead5">
      <Execution id="485c48aa-c95a-4e42-9e4d-038dfaff131e" />
      <TestMethod codeBase="D:\actions-runner\_work\XPCO\XPCO\SoftwareManager\Core\SoftwareManager\Core\unittest\bin\Debug\VideoOS.SoftwareManager.Core.UnitTest.dll" adapterTypeName="executor://mstestadapter/v2" className="VideoOS.SoftwareManager.Core.Task.WMI.UnitTest.WMIProcessTaskTest" name="TestProcessWithInvalidCommand" />
    </UnitTest>
    <UnitTest name="Test_With_ArgmunentsXmlFileV1WithXsdError_When_ExtractingTheArguments_Then_ArgumentsAreEmpty" storage="d:\actions-runner\_work\xpco\xpco\softwaremanager\core\softwaremanager\core\unittest\bin\debug\videoos.softwaremanager.core.unittest.dll" id="fd9e40ea-9126-c861-9dea-563c66bcf20c">
      <Execution id="43f23283-f43f-4fde-aa22-cb82fd3ca003" />
      <TestMethod codeBase="D:\actions-runner\_work\XPCO\XPCO\SoftwareManager\Core\SoftwareManager\Core\unittest\bin\Debug\VideoOS.SoftwareManager.Core.UnitTest.dll" adapterTypeName="executor://mstestadapter/v2" className="VideoOS.SoftwareManager.Core.UnitTest.ArgumentsXml.ArgumentsXmlSerializationTest" name="Test_With_ArgmunentsXmlFileV1WithXsdError_When_ExtractingTheArguments_Then_ArgumentsAreEmpty" />
    </UnitTest>
    <UnitTest name="TestGetOSVersionWithInvalidHost" storage="d:\actions-runner\_work\xpco\xpco\softwaremanager\core\softwaremanager\core\unittest\bin\debug\videoos.softwaremanager.core.unittest.dll" id="6a8d8c2c-5a74-d0ec-0a79-8c551b112800">
      <Execution id="cf54747e-c13e-4303-9eeb-2101acd13f70" />
      <TestMethod codeBase="D:\actions-runner\_work\XPCO\XPCO\SoftwareManager\Core\SoftwareManager\Core\unittest\bin\Debug\VideoOS.SoftwareManager.Core.UnitTest.dll" adapterTypeName="executor://mstestadapter/v2" className="VideoOS.SoftwareManager.Core.Manager.UnitTest.ManagerTest" name="TestGetOSVersionWithInvalidHost" />
    </UnitTest>
    <UnitTest name="TestGetHost" storage="d:\actions-runner\_work\xpco\xpco\softwaremanager\core\softwaremanager\core\unittest\bin\debug\videoos.softwaremanager.core.unittest.dll" id="a2e12f75-2242-2b8d-51b3-d7a0e150a45c">
      <Execution id="0ff8cb4c-996d-41e8-a68f-dcc93e72e85a" />
      <TestMethod codeBase="D:\actions-runner\_work\XPCO\XPCO\SoftwareManager\Core\SoftwareManager\Core\unittest\bin\Debug\VideoOS.SoftwareManager.Core.UnitTest.dll" adapterTypeName="executor://mstestadapter/v2" className="VideoOS.SoftwareManager.Core.Manager.UnitTest.ManagerTest" name="TestGetHost" />
    </UnitTest>
    <UnitTest name="TestConstructor" storage="d:\actions-runner\_work\xpco\xpco\softwaremanager\core\softwaremanager\core\unittest\bin\debug\videoos.softwaremanager.core.unittest.dll" id="6675b4f2-1c41-c131-8a1d-4566375e4ed0">
      <Execution id="218eddc3-0355-4838-be3d-85641225b59c" />
      <TestMethod codeBase="D:\actions-runner\_work\XPCO\XPCO\SoftwareManager\Core\SoftwareManager\Core\unittest\bin\Debug\VideoOS.SoftwareManager.Core.UnitTest.dll" adapterTypeName="executor://mstestadapter/v2" className="VideoOS.SoftwareManager.Core.Utils.UnitTest.SoftwareManagerMissingFileExceptionTest" name="TestConstructor" />
    </UnitTest>
    <UnitTest name="TestGetInstalledPackagesWithInvalidHost" storage="d:\actions-runner\_work\xpco\xpco\softwaremanager\core\softwaremanager\core\unittest\bin\debug\videoos.softwaremanager.core.unittest.dll" id="04753381-ed85-90b5-1a05-be092499cb90">
      <Execution id="07d9a1af-ce25-4394-9d8f-9eba169b5897" />
      <TestMethod codeBase="D:\actions-runner\_work\XPCO\XPCO\SoftwareManager\Core\SoftwareManager\Core\unittest\bin\Debug\VideoOS.SoftwareManager.Core.UnitTest.dll" adapterTypeName="executor://mstestadapter/v2" className="VideoOS.SoftwareManager.Core.Manager.UnitTest.ManagerTest" name="TestGetInstalledPackagesWithInvalidHost" />
    </UnitTest>
    <UnitTest name="TestGetTest" storage="d:\actions-runner\_work\xpco\xpco\softwaremanager\core\softwaremanager\core\unittest\bin\debug\videoos.softwaremanager.core.unittest.dll" id="12aa105f-10e1-59b7-7310-0c550e8398f0">
      <Execution id="4719e646-bb46-4af3-b2d5-20f765130d73" />
      <TestMethod codeBase="D:\actions-runner\_work\XPCO\XPCO\SoftwareManager\Core\SoftwareManager\Core\unittest\bin\Debug\VideoOS.SoftwareManager.Core.UnitTest.dll" adapterTypeName="executor://mstestadapter/v2" className="VideoOS.SoftwareManager.Core.Host.UnitTest.WmiHostImpTest" name="TestGetTest" />
    </UnitTest>
    <UnitTest name="TestStartWithErrorInDoRun" storage="d:\actions-runner\_work\xpco\xpco\softwaremanager\core\softwaremanager\core\unittest\bin\debug\videoos.softwaremanager.core.unittest.dll" id="b4ef782b-9320-c210-3644-282eb256ccea">
      <Execution id="6f9153cc-913e-4dd2-9df2-d9fc5704f49a" />
      <TestMethod codeBase="D:\actions-runner\_work\XPCO\XPCO\SoftwareManager\Core\SoftwareManager\Core\unittest\bin\Debug\VideoOS.SoftwareManager.Core.UnitTest.dll" adapterTypeName="executor://mstestadapter/v2" className="VideoOS.SoftwareManager.Core.Task.UnitTest.TaskTest" name="TestStartWithErrorInDoRun" />
    </UnitTest>
    <UnitTest name="TestIsTasksRunningWithSpecificIDs" storage="d:\actions-runner\_work\xpco\xpco\softwaremanager\core\softwaremanager\core\unittest\bin\debug\videoos.softwaremanager.core.unittest.dll" id="740a8610-8c31-8944-361e-d37faed1ef95">
      <Execution id="07586fb0-3bec-496b-86cb-6c5d4c6164ff" />
      <TestMethod codeBase="D:\actions-runner\_work\XPCO\XPCO\SoftwareManager\Core\SoftwareManager\Core\unittest\bin\Debug\VideoOS.SoftwareManager.Core.UnitTest.dll" adapterTypeName="executor://mstestadapter/v2" className="VideoOS.SoftwareManager.Core.Manager.UnitTest.ManagerTest" name="TestIsTasksRunningWithSpecificIDs" />
    </UnitTest>
    <UnitTest name="TestSetIndexInvalid" storage="d:\actions-runner\_work\xpco\xpco\softwaremanager\core\softwaremanager\core\unittest\bin\debug\videoos.softwaremanager.core.unittest.dll" id="40352d1e-7af0-87a6-2cbd-75971fbe368c">
      <Execution id="ccc6034f-7f7f-4d87-bc00-9dcc43bd3fe4" />
      <TestMethod codeBase="D:\actions-runner\_work\XPCO\XPCO\SoftwareManager\Core\SoftwareManager\Core\unittest\bin\Debug\VideoOS.SoftwareManager.Core.UnitTest.dll" adapterTypeName="executor://mstestadapter/v2" className="VideoOS.SoftwareManager.Core.Package.UnitTest.EnumParameterTest" name="TestSetIndexInvalid" />
    </UnitTest>
    <UnitTest name="TestReadOnly" storage="d:\actions-runner\_work\xpco\xpco\softwaremanager\core\softwaremanager\core\unittest\bin\debug\videoos.softwaremanager.core.unittest.dll" id="23436098-962c-b201-5a6c-05e35b01769d">
      <Execution id="b1ab065b-04e6-4493-84e1-6345fef50b77" />
      <TestMethod codeBase="D:\actions-runner\_work\XPCO\XPCO\SoftwareManager\Core\SoftwareManager\Core\unittest\bin\Debug\VideoOS.SoftwareManager.Core.UnitTest.dll" adapterTypeName="executor://mstestadapter/v2" className="VideoOS.SoftwareManager.Core.Package.UnitTest.ParameterTest" name="TestReadOnly" />
    </UnitTest>
    <UnitTest name="TestAddTaskWhileRunning" storage="d:\actions-runner\_work\xpco\xpco\softwaremanager\core\softwaremanager\core\unittest\bin\debug\videoos.softwaremanager.core.unittest.dll" id="dfe5eb18-fc86-0989-8caf-49b9107cfa43">
      <Execution id="5f40a415-c958-4fc7-a38f-2efd0a60df06" />
      <TestMethod codeBase="D:\actions-runner\_work\XPCO\XPCO\SoftwareManager\Core\SoftwareManager\Core\unittest\bin\Debug\VideoOS.SoftwareManager.Core.UnitTest.dll" adapterTypeName="executor://mstestadapter/v2" className="VideoOS.SoftwareManager.Core.Task.UnitTest.TaskSuiteTest" name="TestAddTaskWhileRunning" />
    </UnitTest>
    <UnitTest name="TestHostInfoConstructorWithUserNamePasswordDomain" storage="d:\actions-runner\_work\xpco\xpco\softwaremanager\core\softwaremanager\core\unittest\bin\debug\videoos.softwaremanager.core.unittest.dll" id="28db9034-3e2b-b2bb-67c2-1c43a25b6448">
      <Execution id="bd725582-deaa-4da6-91de-d9ac0b824903" />
      <TestMethod codeBase="D:\actions-runner\_work\XPCO\XPCO\SoftwareManager\Core\SoftwareManager\Core\unittest\bin\Debug\VideoOS.SoftwareManager.Core.UnitTest.dll" adapterTypeName="executor://mstestadapter/v2" className="VideoOS.SoftwareManager.Core.Host.UnitTest.HostInfoTest" name="TestHostInfoConstructorWithUserNamePasswordDomain" />
    </UnitTest>
    <UnitTest name="TestSetValue" storage="d:\actions-runner\_work\xpco\xpco\softwaremanager\core\softwaremanager\core\unittest\bin\debug\videoos.softwaremanager.core.unittest.dll" id="136de879-175a-bc3d-7320-1d7a216765a0">
      <Execution id="73444c63-7c95-4ae2-b35b-57e0f5a6dce5" />
      <TestMethod codeBase="D:\actions-runner\_work\XPCO\XPCO\SoftwareManager\Core\SoftwareManager\Core\unittest\bin\Debug\VideoOS.SoftwareManager.Core.UnitTest.dll" adapterTypeName="executor://mstestadapter/v2" className="VideoOS.SoftwareManager.Core.Package.UnitTest.EnumParameterTest" name="TestSetValue" />
    </UnitTest>
    <UnitTest name="TestConstructor" storage="d:\actions-runner\_work\xpco\xpco\softwaremanager\core\softwaremanager\core\unittest\bin\debug\videoos.softwaremanager.core.unittest.dll" id="05ecd758-3402-3b67-caa4-bf6054c93296">
      <Execution id="fa1ec5f4-0634-4703-a702-3376c880560e" />
      <TestMethod codeBase="D:\actions-runner\_work\XPCO\XPCO\SoftwareManager\Core\SoftwareManager\Core\unittest\bin\Debug\VideoOS.SoftwareManager.Core.UnitTest.dll" adapterTypeName="executor://mstestadapter/v2" className="VideoOS.SoftwareManager.Core.Task.UnitTest.TaskSuiteTest" name="TestConstructor" />
    </UnitTest>
    <UnitTest name="TestUploadPackageWithInvalidRepository" storage="d:\actions-runner\_work\xpco\xpco\softwaremanager\core\softwaremanager\core\unittest\bin\debug\videoos.softwaremanager.core.unittest.dll" id="49529985-1ba0-c238-eae3-48cc6bd0feac">
      <Execution id="7b67b3f6-b334-4f0a-bb6d-fd5f189c440d" />
      <TestMethod codeBase="D:\actions-runner\_work\XPCO\XPCO\SoftwareManager\Core\SoftwareManager\Core\unittest\bin\Debug\VideoOS.SoftwareManager.Core.UnitTest.dll" adapterTypeName="executor://mstestadapter/v2" className="VideoOS.SoftwareManager.Core.Manager.UnitTest.ManagerTest" name="TestUploadPackageWithInvalidRepository" />
    </UnitTest>
    <UnitTest name="TestInstallString" storage="d:\actions-runner\_work\xpco\xpco\softwaremanager\core\softwaremanager\core\unittest\bin\debug\videoos.softwaremanager.core.unittest.dll" id="ad182115-1963-3cb0-c943-5a18434006c2">
      <Execution id="4cf0a9c8-9abe-47d2-994d-814f7bd4e86f" />
      <TestMethod codeBase="D:\actions-runner\_work\XPCO\XPCO\SoftwareManager\Core\SoftwareManager\Core\unittest\bin\Debug\VideoOS.SoftwareManager.Core.UnitTest.dll" adapterTypeName="executor://mstestadapter/v2" className="VideoOS.SoftwareManager.Core.Package.UnitTest.MSIBootstrapperPackageTest" name="TestInstallString" />
    </UnitTest>
    <UnitTest name="ExistingExePackageWithReadOnlyAttribute_ShouldBeOverwritten" storage="d:\actions-runner\_work\xpco\xpco\softwaremanager\core\softwaremanager\core\unittest\bin\debug\videoos.softwaremanager.core.unittest.dll" id="9a36ccfd-d63a-659a-1e69-f453dafefad6">
      <Execution id="e7242ff9-3b93-4254-bac8-cfbf2f9e4bbc" />
      <TestMethod codeBase="D:\actions-runner\_work\XPCO\XPCO\SoftwareManager\Core\SoftwareManager\Core\unittest\bin\Debug\VideoOS.SoftwareManager.Core.UnitTest.dll" adapterTypeName="executor://mstestadapter/v2" className="VideoOS.SoftwareManager.Core.Task.UnitTest.FileShareImportPackageTaskTest" name="ExistingExePackageWithReadOnlyAttribute_ShouldBeOverwritten" />
    </UnitTest>
    <UnitTest name="TestConstructor" storage="d:\actions-runner\_work\xpco\xpco\softwaremanager\core\softwaremanager\core\unittest\bin\debug\videoos.softwaremanager.core.unittest.dll" id="0c1ed704-8205-a20a-83ff-3afa740995be">
      <Execution id="481f43af-7bea-41e0-8aa3-df06430d3750" />
      <TestMethod codeBase="D:\actions-runner\_work\XPCO\XPCO\SoftwareManager\Core\SoftwareManager\Core\unittest\bin\Debug\VideoOS.SoftwareManager.Core.UnitTest.dll" adapterTypeName="executor://mstestadapter/v2" className="VideoOS.SoftwareManager.Core.Utils.UnitTest.SoftwareManagerInvalidParametersExceptionTest" name="TestConstructor" />
    </UnitTest>
    <UnitTest name="TestDifferentPassword" storage="d:\actions-runner\_work\xpco\xpco\softwaremanager\core\softwaremanager\core\unittest\bin\debug\videoos.softwaremanager.core.unittest.dll" id="facdbc00-3344-ebbb-65de-f4f2d40c143a">
      <Execution id="58679553-d660-415e-ac8e-ac659547beb1" />
      <TestMethod codeBase="D:\actions-runner\_work\XPCO\XPCO\SoftwareManager\Core\SoftwareManager\Core\unittest\bin\Debug\VideoOS.SoftwareManager.Core.UnitTest.dll" adapterTypeName="executor://mstestadapter/v2" className="VideoOS.SoftwareManager.Core.Task.UnitTest.FileSharePackageUploaderTaskTest" name="TestDifferentPassword" />
    </UnitTest>
    <UnitTest name="TestStopRepositoryTasksWithInvalidRepository" storage="d:\actions-runner\_work\xpco\xpco\softwaremanager\core\softwaremanager\core\unittest\bin\debug\videoos.softwaremanager.core.unittest.dll" id="e4acf489-b013-782f-a6fa-a1ae4b61107d">
      <Execution id="b3e41c97-bb3d-4bfc-b8de-104730ed2f01" />
      <TestMethod codeBase="D:\actions-runner\_work\XPCO\XPCO\SoftwareManager\Core\SoftwareManager\Core\unittest\bin\Debug\VideoOS.SoftwareManager.Core.UnitTest.dll" adapterTypeName="executor://mstestadapter/v2" className="VideoOS.SoftwareManager.Core.Manager.UnitTest.ManagerTest" name="TestStopRepositoryTasksWithInvalidRepository" />
    </UnitTest>
    <UnitTest name="TestGetPackageInstaller" storage="d:\actions-runner\_work\xpco\xpco\softwaremanager\core\softwaremanager\core\unittest\bin\debug\videoos.softwaremanager.core.unittest.dll" id="0b54b4a5-32e6-48ab-16a8-27ca219e6ec9">
      <Execution id="512f129c-552e-467b-81c8-cf69229beb9b" />
      <TestMethod codeBase="D:\actions-runner\_work\XPCO\XPCO\SoftwareManager\Core\SoftwareManager\Core\unittest\bin\Debug\VideoOS.SoftwareManager.Core.UnitTest.dll" adapterTypeName="executor://mstestadapter/v2" className="VideoOS.SoftwareManager.Core.Host.UnitTest.WmiHostImpTest" name="TestGetPackageInstaller" />
    </UnitTest>
    <UnitTest name="TestStopHostTasksWithNullManager" storage="d:\actions-runner\_work\xpco\xpco\softwaremanager\core\softwaremanager\core\unittest\bin\debug\videoos.softwaremanager.core.unittest.dll" id="7799398e-47a6-85f8-e5e8-e2d395e7ffab">
      <Execution id="492b053e-91de-466d-9ea1-8d38ae96f0a8" />
      <TestMethod codeBase="D:\actions-runner\_work\XPCO\XPCO\SoftwareManager\Core\SoftwareManager\Core\unittest\bin\Debug\VideoOS.SoftwareManager.Core.UnitTest.dll" adapterTypeName="executor://mstestadapter/v2" className="VideoOS.SoftwareManager.Core.Manager.UnitTest.TestTest" name="TestStopHostTasksWithNullManager" />
    </UnitTest>
    <UnitTest name="TestGetInstalledPackagesParallel" storage="d:\actions-runner\_work\xpco\xpco\softwaremanager\core\softwaremanager\core\unittest\bin\debug\videoos.softwaremanager.core.unittest.dll" id="7f9ed6cf-7a79-9d37-5f62-7db0e658076c">
      <Execution id="da221a7e-ca13-4eff-b03a-f30986a1c7ce" />
      <TestMethod codeBase="D:\actions-runner\_work\XPCO\XPCO\SoftwareManager\Core\SoftwareManager\Core\unittest\bin\Debug\VideoOS.SoftwareManager.Core.UnitTest.dll" adapterTypeName="executor://mstestadapter/v2" className="VideoOS.SoftwareManager.Core.Manager.UnitTest.ManagerTest" name="TestGetInstalledPackagesParallel" />
    </UnitTest>
    <UnitTest name="TestDNS_invalid" storage="d:\actions-runner\_work\xpco\xpco\softwaremanager\core\softwaremanager\core\unittest\bin\debug\videoos.softwaremanager.core.unittest.dll" id="d0f30995-f3c5-37b9-b86a-fa5c9a160b83">
      <Execution id="47c44a25-41de-412b-be19-9dfa3687bfec" />
      <TestMethod codeBase="D:\actions-runner\_work\XPCO\XPCO\SoftwareManager\Core\SoftwareManager\Core\unittest\bin\Debug\VideoOS.SoftwareManager.Core.UnitTest.dll" adapterTypeName="executor://mstestadapter/v2" className="VideoOS.SoftwareManager.Core.Task.UnitTest.WMIPingTaskTest" name="TestDNS_invalid" />
    </UnitTest>
    <UnitTest name="TestTestRepositoriesWithInvalidRepositories" storage="d:\actions-runner\_work\xpco\xpco\softwaremanager\core\softwaremanager\core\unittest\bin\debug\videoos.softwaremanager.core.unittest.dll" id="bc42b46e-3ad8-9bd9-e407-c79f3c41a24a">
      <Execution id="435b04a3-c6b6-4e82-a5b9-55967830ac20" />
      <TestMethod codeBase="D:\actions-runner\_work\XPCO\XPCO\SoftwareManager\Core\SoftwareManager\Core\unittest\bin\Debug\VideoOS.SoftwareManager.Core.UnitTest.dll" adapterTypeName="executor://mstestadapter/v2" className="VideoOS.SoftwareManager.Core.Manager.UnitTest.TestTest" name="TestTestRepositoriesWithInvalidRepositories" />
    </UnitTest>
    <UnitTest name="TestDifferentDomain" storage="d:\actions-runner\_work\xpco\xpco\softwaremanager\core\softwaremanager\core\unittest\bin\debug\videoos.softwaremanager.core.unittest.dll" id="59fbdfc9-53f7-92c9-bff0-f0352b5bb907">
      <Execution id="88bd23be-9332-40c5-905a-94b1519367c0" />
      <TestMethod codeBase="D:\actions-runner\_work\XPCO\XPCO\SoftwareManager\Core\SoftwareManager\Core\unittest\bin\Debug\VideoOS.SoftwareManager.Core.UnitTest.dll" adapterTypeName="executor://mstestadapter/v2" className="VideoOS.SoftwareManager.Core.Task.UnitTest.FileSharePackageUploaderTaskTest" name="TestDifferentDomain" />
    </UnitTest>
    <UnitTest name="TestStart" storage="d:\actions-runner\_work\xpco\xpco\softwaremanager\core\softwaremanager\core\unittest\bin\debug\videoos.softwaremanager.core.unittest.dll" id="0e7c27bc-b91f-73e0-6ab1-588849d6b366">
      <Execution id="dfed596c-4126-40c8-b31b-a10dc7ae8240" />
      <TestMethod codeBase="D:\actions-runner\_work\XPCO\XPCO\SoftwareManager\Core\SoftwareManager\Core\unittest\bin\Debug\VideoOS.SoftwareManager.Core.UnitTest.dll" adapterTypeName="executor://mstestadapter/v2" className="VideoOS.SoftwareManager.Core.Manager.UnitTest.RuntimeContextTest" name="TestStart" />
    </UnitTest>
    <UnitTest name="TestEnumeration1" storage="d:\actions-runner\_work\xpco\xpco\softwaremanager\core\softwaremanager\core\unittest\bin\debug\videoos.softwaremanager.core.unittest.dll" id="7834dd3b-f169-31d5-1c4d-87c231ef4e34">
      <Execution id="4a262aac-b4b8-4a0e-a92b-c7c92d89fba3" />
      <TestMethod codeBase="D:\actions-runner\_work\XPCO\XPCO\SoftwareManager\Core\SoftwareManager\Core\unittest\bin\Debug\VideoOS.SoftwareManager.Core.UnitTest.dll" adapterTypeName="executor://mstestadapter/v2" className="VideoOS.SoftwareManager.Core.Task.UnitTest.TaskStatusTest" name="TestEnumeration1" />
    </UnitTest>
    <UnitTest name="TestConstructor" storage="d:\actions-runner\_work\xpco\xpco\softwaremanager\core\softwaremanager\core\unittest\bin\debug\videoos.softwaremanager.core.unittest.dll" id="8bcfbbc0-c915-02f3-dbac-e543225952bc">
      <Execution id="29e03404-1821-43e5-8a67-7347fec3859b" />
      <TestMethod codeBase="D:\actions-runner\_work\XPCO\XPCO\SoftwareManager\Core\SoftwareManager\Core\unittest\bin\Debug\VideoOS.SoftwareManager.Core.UnitTest.dll" adapterTypeName="executor://mstestadapter/v2" className="VideoOS.SoftwareManager.Core.Package.UnitTest.PackageParserTest" name="TestConstructor" />
    </UnitTest>
    <UnitTest name="TestUploadPackageSequential" storage="d:\actions-runner\_work\xpco\xpco\softwaremanager\core\softwaremanager\core\unittest\bin\debug\videoos.softwaremanager.core.unittest.dll" id="f95c7b64-34a7-4bf5-8bd6-0abab06578a9">
      <Execution id="13d229cb-ff2f-4b44-9759-cd24bedf75a1" />
      <TestMethod codeBase="D:\actions-runner\_work\XPCO\XPCO\SoftwareManager\Core\SoftwareManager\Core\unittest\bin\Debug\VideoOS.SoftwareManager.Core.UnitTest.dll" adapterTypeName="executor://mstestadapter/v2" className="VideoOS.SoftwareManager.Core.Manager.UnitTest.ManagerTest" name="TestUploadPackageSequential" />
    </UnitTest>
    <UnitTest name="TestStop" storage="d:\actions-runner\_work\xpco\xpco\softwaremanager\core\softwaremanager\core\unittest\bin\debug\videoos.softwaremanager.core.unittest.dll" id="3dff1f41-5a6c-1f6b-dc94-6936d92863d6">
      <Execution id="40732137-78b3-48c2-b287-91c2f139c96c" />
      <TestMethod codeBase="D:\actions-runner\_work\XPCO\XPCO\SoftwareManager\Core\SoftwareManager\Core\unittest\bin\Debug\VideoOS.SoftwareManager.Core.UnitTest.dll" adapterTypeName="executor://mstestadapter/v2" className="VideoOS.SoftwareManager.Core.Task.UnitTest.TaskSuiteTest" name="TestStop" />
    </UnitTest>
    <UnitTest name="TestConstructor" storage="d:\actions-runner\_work\xpco\xpco\softwaremanager\core\softwaremanager\core\unittest\bin\debug\videoos.softwaremanager.core.unittest.dll" id="dd2d2a8f-9ec7-e1ca-b0f2-5e683485ea4d">
      <Execution id="c4cae03f-20af-4787-82ab-bed224d0449f" />
      <TestMethod codeBase="D:\actions-runner\_work\XPCO\XPCO\SoftwareManager\Core\SoftwareManager\Core\unittest\bin\Debug\VideoOS.SoftwareManager.Core.UnitTest.dll" adapterTypeName="executor://mstestadapter/v2" className="VideoOS.SoftwareManager.Core.Package.UnitTest.MSIBootstrapperPackageTest" name="TestConstructor" />
    </UnitTest>
    <UnitTest name="TestConstructor" storage="d:\actions-runner\_work\xpco\xpco\softwaremanager\core\softwaremanager\core\unittest\bin\debug\videoos.softwaremanager.core.unittest.dll" id="edacc32d-c9b7-f113-5afb-92f8e4eacc6b">
      <Execution id="141ab468-4c5d-425d-a0b3-77873e7b5bf1" />
      <TestMethod codeBase="D:\actions-runner\_work\XPCO\XPCO\SoftwareManager\Core\SoftwareManager\Core\unittest\bin\Debug\VideoOS.SoftwareManager.Core.UnitTest.dll" adapterTypeName="executor://mstestadapter/v2" className="VideoOS.SoftwareManager.Core.Task.UnitTest.FileShareGetPackagesTaskTest" name="TestConstructor" />
    </UnitTest>
    <UnitTest name="TestGetHostInfo" storage="d:\actions-runner\_work\xpco\xpco\softwaremanager\core\softwaremanager\core\unittest\bin\debug\videoos.softwaremanager.core.unittest.dll" id="c5a9b9e3-ddc7-d599-f7fe-3844f6f9e15e">
      <Execution id="be391bfe-09a1-401d-905c-ca482dffb0a6" />
      <TestMethod codeBase="D:\actions-runner\_work\XPCO\XPCO\SoftwareManager\Core\SoftwareManager\Core\unittest\bin\Debug\VideoOS.SoftwareManager.Core.UnitTest.dll" adapterTypeName="executor://mstestadapter/v2" className="VideoOS.SoftwareManager.Core.Host.UnitTest.WmiHostImpTest" name="TestGetHostInfo" />
    </UnitTest>
    <UnitTest name="TestConstructor" storage="d:\actions-runner\_work\xpco\xpco\softwaremanager\core\softwaremanager\core\unittest\bin\debug\videoos.softwaremanager.core.unittest.dll" id="40c9aad1-ee00-e27d-0b4f-d8f949438612">
      <Execution id="bbe4b362-e324-4967-816b-332ab77d3e65" />
      <TestMethod codeBase="D:\actions-runner\_work\XPCO\XPCO\SoftwareManager\Core\SoftwareManager\Core\unittest\bin\Debug\VideoOS.SoftwareManager.Core.UnitTest.dll" adapterTypeName="executor://mstestadapter/v2" className="VideoOS.SoftwareManager.Core.Task.UnitTest.GetInstalledPackagesTaskTest" name="TestConstructor" />
    </UnitTest>
    <UnitTest name="TestConstructor" storage="d:\actions-runner\_work\xpco\xpco\softwaremanager\core\softwaremanager\core\unittest\bin\debug\videoos.softwaremanager.core.unittest.dll" id="11fe7685-9398-3200-8756-ca20267b48e6">
      <Execution id="f5686e0d-0fe5-4725-a369-766973c23f7d" />
      <TestMethod codeBase="D:\actions-runner\_work\XPCO\XPCO\SoftwareManager\Core\SoftwareManager\Core\unittest\bin\Debug\VideoOS.SoftwareManager.Core.UnitTest.dll" adapterTypeName="executor://mstestadapter/v2" className="VideoOS.SoftwareManager.Core.Utils.UnitTest.SoftwareManagerExceptionTest" name="TestConstructor" />
    </UnitTest>
    <UnitTest name="TestVersionInfo" storage="d:\actions-runner\_work\xpco\xpco\softwaremanager\core\softwaremanager\core\unittest\bin\debug\videoos.softwaremanager.core.unittest.dll" id="59a687c4-cb9f-631c-69ed-da984b9e6b7a">
      <Execution id="f5a7c0ff-d166-4007-9917-a462e695fcbc" />
      <TestMethod codeBase="D:\actions-runner\_work\XPCO\XPCO\SoftwareManager\Core\SoftwareManager\Core\unittest\bin\Debug\VideoOS.SoftwareManager.Core.UnitTest.dll" adapterTypeName="executor://mstestadapter/v2" className="VideoOS.SoftwareManager.Core.Package.UnitTest.VersionInfoTest" name="TestVersionInfo" />
    </UnitTest>
    <UnitTest name="TestTestHostsWithInvalidHosts" storage="d:\actions-runner\_work\xpco\xpco\softwaremanager\core\softwaremanager\core\unittest\bin\debug\videoos.softwaremanager.core.unittest.dll" id="62428f30-52d9-df43-0156-e8935a65e173">
      <Execution id="feb1af4d-933d-44c8-aab7-e424ddd47bdf" />
      <TestMethod codeBase="D:\actions-runner\_work\XPCO\XPCO\SoftwareManager\Core\SoftwareManager\Core\unittest\bin\Debug\VideoOS.SoftwareManager.Core.UnitTest.dll" adapterTypeName="executor://mstestadapter/v2" className="VideoOS.SoftwareManager.Core.Manager.UnitTest.TestTest" name="TestTestHostsWithInvalidHosts" />
    </UnitTest>
    <UnitTest name="TestCopyFileWithPauseAndUnpause" storage="d:\actions-runner\_work\xpco\xpco\softwaremanager\core\softwaremanager\core\unittest\bin\debug\videoos.softwaremanager.core.unittest.dll" id="a39446df-6f24-60d3-7536-413204661085">
      <Execution id="757a9157-450e-4470-911f-085419c17355" />
      <TestMethod codeBase="D:\actions-runner\_work\XPCO\XPCO\SoftwareManager\Core\SoftwareManager\Core\unittest\bin\Debug\VideoOS.SoftwareManager.Core.UnitTest.dll" adapterTypeName="executor://mstestadapter/v2" className="VideoOS.SoftwareManager.Core.Task.UnitTest.Win32FileCopyTaskTest" name="TestCopyFileWithPauseAndUnpause" />
    </UnitTest>
    <UnitTest name="TestDirectoryExists" storage="d:\actions-runner\_work\xpco\xpco\softwaremanager\core\softwaremanager\core\unittest\bin\debug\videoos.softwaremanager.core.unittest.dll" id="2bc70be2-ffe0-b742-b080-3426828dbdf8">
      <Execution id="22eb8177-da43-4c64-8af3-de1ea9fba67a" />
      <TestMethod codeBase="D:\actions-runner\_work\XPCO\XPCO\SoftwareManager\Core\SoftwareManager\Core\unittest\bin\Debug\VideoOS.SoftwareManager.Core.UnitTest.dll" adapterTypeName="executor://mstestadapter/v2" className="VideoOS.SoftwareManager.Core.Task.UnitTest.Win32FileExistsTaskTest" name="TestDirectoryExists" />
    </UnitTest>
    <UnitTest name="TestConstructorWithErrorCodeNonExistingService" storage="d:\actions-runner\_work\xpco\xpco\softwaremanager\core\softwaremanager\core\unittest\bin\debug\videoos.softwaremanager.core.unittest.dll" id="c808a093-8195-0aab-e564-4015d1f64b86">
      <Execution id="1de34e72-8078-4984-a721-0cb4df6c26e8" />
      <TestMethod codeBase="D:\actions-runner\_work\XPCO\XPCO\SoftwareManager\Core\SoftwareManager\Core\unittest\bin\Debug\VideoOS.SoftwareManager.Core.UnitTest.dll" adapterTypeName="executor://mstestadapter/v2" className="VideoOS.SoftwareManager.Core.Utils.UnitTest.SoftwareManagerWMIServiceExceptionTest" name="TestConstructorWithErrorCodeNonExistingService" />
    </UnitTest>
    <UnitTest name="TestCopyFile" storage="d:\actions-runner\_work\xpco\xpco\softwaremanager\core\softwaremanager\core\unittest\bin\debug\videoos.softwaremanager.core.unittest.dll" id="45ad0a95-8260-c925-5d56-45d076826047">
      <Execution id="97b5fea1-d855-4457-8ee3-b39d3623d655" />
      <TestMethod codeBase="D:\actions-runner\_work\XPCO\XPCO\SoftwareManager\Core\SoftwareManager\Core\unittest\bin\Debug\VideoOS.SoftwareManager.Core.UnitTest.dll" adapterTypeName="executor://mstestadapter/v2" className="VideoOS.SoftwareManager.Core.Task.UnitTest.Win32FileCopyTaskTest" name="TestCopyFile" />
    </UnitTest>
    <UnitTest name="IsTrusted_ShouldThrow_WhenPackageNotSigned" storage="d:\actions-runner\_work\xpco\xpco\softwaremanager\core\softwaremanager\core\unittest\bin\debug\videoos.softwaremanager.core.unittest.dll" id="476ef389-cb99-4565-a578-a52bf7decd04">
      <Execution id="d0862534-df0b-49d4-b7a7-38ec45606039" />
      <TestMethod codeBase="D:\actions-runner\_work\XPCO\XPCO\SoftwareManager\Core\SoftwareManager\Core\unittest\bin\Debug\VideoOS.SoftwareManager.Core.UnitTest.dll" adapterTypeName="executor://mstestadapter/v2" className="VideoOS.SoftwareManager.Core.UnitTest.Utils.Win32TrustUtilTest" name="IsTrusted_ShouldThrow_WhenPackageNotSigned" />
    </UnitTest>
    <UnitTest name="TestConstructorWithSingleObserver" storage="d:\actions-runner\_work\xpco\xpco\softwaremanager\core\softwaremanager\core\unittest\bin\debug\videoos.softwaremanager.core.unittest.dll" id="a4832f8a-9e96-8de9-ccfd-bdd7f5cd4be7">
      <Execution id="7627895b-7b4f-44e8-9b87-9ad308b4801a" />
      <TestMethod codeBase="D:\actions-runner\_work\XPCO\XPCO\SoftwareManager\Core\SoftwareManager\Core\unittest\bin\Debug\VideoOS.SoftwareManager.Core.UnitTest.dll" adapterTypeName="executor://mstestadapter/v2" className="VideoOS.SoftwareManager.Core.Manager.UnitTest.ObservableRepositoryTest" name="TestConstructorWithSingleObserver" />
    </UnitTest>
    <UnitTest name="TestParseCIMDateTimeWrongFormat" storage="d:\actions-runner\_work\xpco\xpco\softwaremanager\core\softwaremanager\core\unittest\bin\debug\videoos.softwaremanager.core.unittest.dll" id="54f8bded-296e-aa5b-9abb-dc5fb84fd2fb">
      <Execution id="7a28c505-4930-42e5-9909-da0a72fa2201" />
      <TestMethod codeBase="D:\actions-runner\_work\XPCO\XPCO\SoftwareManager\Core\SoftwareManager\Core\unittest\bin\Debug\VideoOS.SoftwareManager.Core.UnitTest.dll" adapterTypeName="executor://mstestadapter/v2" className="VideoOS.SoftwareManager.Core.Utils.UnitTest.WMIUtilsTest" name="TestParseCIMDateTimeWrongFormat" />
    </UnitTest>
    <UnitTest name="TestConstructor" storage="d:\actions-runner\_work\xpco\xpco\softwaremanager\core\softwaremanager\core\unittest\bin\debug\videoos.softwaremanager.core.unittest.dll" id="2c127a20-3c88-593b-f395-f582e0a2b6e0">
      <Execution id="11e7d32c-3b37-4b32-96db-d2f89931a5f5" />
      <TestMethod codeBase="D:\actions-runner\_work\XPCO\XPCO\SoftwareManager\Core\SoftwareManager\Core\unittest\bin\Debug\VideoOS.SoftwareManager.Core.UnitTest.dll" adapterTypeName="executor://mstestadapter/v2" className="VideoOS.SoftwareManager.Core.Task.UnitTest.TaskSuiteObserverTest" name="TestConstructor" />
    </UnitTest>
    <UnitTest name="NonExistingFile_ShouldNotBeImported" storage="d:\actions-runner\_work\xpco\xpco\softwaremanager\core\softwaremanager\core\unittest\bin\debug\videoos.softwaremanager.core.unittest.dll" id="ecfc6ba1-5f0a-aa01-e635-13a76143e3af">
      <Execution id="3c9488c0-4a59-4070-960a-cd8ec06aea55" />
      <TestMethod codeBase="D:\actions-runner\_work\XPCO\XPCO\SoftwareManager\Core\SoftwareManager\Core\unittest\bin\Debug\VideoOS.SoftwareManager.Core.UnitTest.dll" adapterTypeName="executor://mstestadapter/v2" className="VideoOS.SoftwareManager.Core.Task.UnitTest.FileShareImportPackageTaskTest" name="NonExistingFile_ShouldNotBeImported" />
    </UnitTest>
    <UnitTest name="TestUpload2PackagesParallel" storage="d:\actions-runner\_work\xpco\xpco\softwaremanager\core\softwaremanager\core\unittest\bin\debug\videoos.softwaremanager.core.unittest.dll" id="bc4a1af8-3d51-4179-a551-c278715b53c7">
      <Execution id="e93cc384-b68c-4df5-9886-64845d5ffc14" />
      <TestMethod codeBase="D:\actions-runner\_work\XPCO\XPCO\SoftwareManager\Core\SoftwareManager\Core\unittest\bin\Debug\VideoOS.SoftwareManager.Core.UnitTest.dll" adapterTypeName="executor://mstestadapter/v2" className="VideoOS.SoftwareManager.Core.Manager.UnitTest.ManagerTest" name="TestUpload2PackagesParallel" />
    </UnitTest>
    <UnitTest name="TestConstructor" storage="d:\actions-runner\_work\xpco\xpco\softwaremanager\core\softwaremanager\core\unittest\bin\debug\videoos.softwaremanager.core.unittest.dll" id="79533e52-233d-e680-ff9d-b0bffcd77412">
      <Execution id="f9031611-5602-4223-8ebf-dbe11fbf4b3b" />
      <TestMethod codeBase="D:\actions-runner\_work\XPCO\XPCO\SoftwareManager\Core\SoftwareManager\Core\unittest\bin\Debug\VideoOS.SoftwareManager.Core.UnitTest.dll" adapterTypeName="executor://mstestadapter/v2" className="VideoOS.SoftwareManager.Core.Repository.UnitTest.RepositoryUploaderTest" name="TestConstructor" />
    </UnitTest>
    <UnitTest name="TestStopHostTaskOneLevel" storage="d:\actions-runner\_work\xpco\xpco\softwaremanager\core\softwaremanager\core\unittest\bin\debug\videoos.softwaremanager.core.unittest.dll" id="76f8f701-1bdc-9124-6fea-7ef1a2823716">
      <Execution id="a4818042-5f59-43ca-b23f-8c15d06ac124" />
      <TestMethod codeBase="D:\actions-runner\_work\XPCO\XPCO\SoftwareManager\Core\SoftwareManager\Core\unittest\bin\Debug\VideoOS.SoftwareManager.Core.UnitTest.dll" adapterTypeName="executor://mstestadapter/v2" className="VideoOS.SoftwareManager.Core.Manager.UnitTest.ManagerTest" name="TestStopHostTaskOneLevel" />
    </UnitTest>
    <UnitTest name="TestPauseAndUnpauseBeforeDoRun" storage="d:\actions-runner\_work\xpco\xpco\softwaremanager\core\softwaremanager\core\unittest\bin\debug\videoos.softwaremanager.core.unittest.dll" id="df6b692b-8f1d-16a6-725c-b3998737cbae">
      <Execution id="3a2504b4-1fd2-4324-8de6-6aee160575df" />
      <TestMethod codeBase="D:\actions-runner\_work\XPCO\XPCO\SoftwareManager\Core\SoftwareManager\Core\unittest\bin\Debug\VideoOS.SoftwareManager.Core.UnitTest.dll" adapterTypeName="executor://mstestadapter/v2" className="VideoOS.SoftwareManager.Core.Task.UnitTest.TaskTest" name="TestPauseAndUnpauseBeforeDoRun" />
    </UnitTest>
    <UnitTest name="TestIsLocalIPAddress_127001" storage="d:\actions-runner\_work\xpco\xpco\softwaremanager\core\softwaremanager\core\unittest\bin\debug\videoos.softwaremanager.core.unittest.dll" id="189e2ed8-2590-6f80-cf67-f946098c2a53">
      <Execution id="16b53d80-e99b-46aa-aec8-a0ff294fc19f" />
      <TestMethod codeBase="D:\actions-runner\_work\XPCO\XPCO\SoftwareManager\Core\SoftwareManager\Core\unittest\bin\Debug\VideoOS.SoftwareManager.Core.UnitTest.dll" adapterTypeName="executor://mstestadapter/v2" className="VideoOS.SoftwareManager.Core.UnitTest.Utils.NetUtilsTest" name="TestIsLocalIPAddress_127001" />
    </UnitTest>
    <UnitTest name="TestConstructor" storage="d:\actions-runner\_work\xpco\xpco\softwaremanager\core\softwaremanager\core\unittest\bin\debug\videoos.softwaremanager.core.unittest.dll" id="f1fa0dac-dc54-e0fe-f9ad-70a6d58061fe">
      <Execution id="064cceb6-daf3-4601-9310-f73b17b4155e" />
      <TestMethod codeBase="D:\actions-runner\_work\XPCO\XPCO\SoftwareManager\Core\SoftwareManager\Core\unittest\bin\Debug\VideoOS.SoftwareManager.Core.UnitTest.dll" adapterTypeName="executor://mstestadapter/v2" className="VideoOS.SoftwareManager.Core.Package.UnitTest.InstallShieldPackageTest" name="TestConstructor" />
    </UnitTest>
    <UnitTest name="TestConstructorWithUserNamePasswordDomain" storage="d:\actions-runner\_work\xpco\xpco\softwaremanager\core\softwaremanager\core\unittest\bin\debug\videoos.softwaremanager.core.unittest.dll" id="d2f0f18f-d511-3fd1-b6ef-762c17fc2632">
      <Execution id="5985cd28-7323-4355-b56c-a8300ed259d2" />
      <TestMethod codeBase="D:\actions-runner\_work\XPCO\XPCO\SoftwareManager\Core\SoftwareManager\Core\unittest\bin\Debug\VideoOS.SoftwareManager.Core.UnitTest.dll" adapterTypeName="executor://mstestadapter/v2" className="VideoOS.SoftwareManager.Core.Host.UnitTest.CredentialsTest" name="TestConstructorWithUserNamePasswordDomain" />
    </UnitTest>
    <UnitTest name="TestIsLocalIPAddress_localhost" storage="d:\actions-runner\_work\xpco\xpco\softwaremanager\core\softwaremanager\core\unittest\bin\debug\videoos.softwaremanager.core.unittest.dll" id="b4150eb4-7116-6d8e-ac8b-e76f559058b0">
      <Execution id="c3a36ee5-b0e6-4215-81ca-89d7be066588" />
      <TestMethod codeBase="D:\actions-runner\_work\XPCO\XPCO\SoftwareManager\Core\SoftwareManager\Core\unittest\bin\Debug\VideoOS.SoftwareManager.Core.UnitTest.dll" adapterTypeName="executor://mstestadapter/v2" className="VideoOS.SoftwareManager.Core.UnitTest.Utils.NetUtilsTest" name="TestIsLocalIPAddress_localhost" />
    </UnitTest>
    <UnitTest name="TestWaitForAllTasksWithNegativeTimeout" storage="d:\actions-runner\_work\xpco\xpco\softwaremanager\core\softwaremanager\core\unittest\bin\debug\videoos.softwaremanager.core.unittest.dll" id="7a991418-161a-8bc7-48a3-d4da676431a8">
      <Execution id="1cd6b754-adf9-4705-b95b-f053a6d1008d" />
      <TestMethod codeBase="D:\actions-runner\_work\XPCO\XPCO\SoftwareManager\Core\SoftwareManager\Core\unittest\bin\Debug\VideoOS.SoftwareManager.Core.UnitTest.dll" adapterTypeName="executor://mstestadapter/v2" className="VideoOS.SoftwareManager.Core.Manager.UnitTest.TestTest" name="TestWaitForAllTasksWithNegativeTimeout" />
    </UnitTest>
    <UnitTest name="Test_With_MilestoneInstallerFrameworkPackage_When_ParamtersAreSerializedWithFormat2_Then_TheDynamicFilesContainsCorrectXmlFormat" storage="d:\actions-runner\_work\xpco\xpco\softwaremanager\core\softwaremanager\core\unittest\bin\debug\videoos.softwaremanager.core.unittest.dll" id="cee29a5a-9206-9b74-96ac-28ce4de6a024">
      <Execution id="1aec1f24-b0f8-4508-bced-c31915304bb0" />
      <TestMethod codeBase="D:\actions-runner\_work\XPCO\XPCO\SoftwareManager\Core\SoftwareManager\Core\unittest\bin\Debug\VideoOS.SoftwareManager.Core.UnitTest.dll" adapterTypeName="executor://mstestadapter/v2" className="VideoOS.SoftwareManager.Core.Package.UnitTest.MilestoneInstallerFrameworkPackageTest" name="Test_With_MilestoneInstallerFrameworkPackage_When_ParamtersAreSerializedWithFormat2_Then_TheDynamicFilesContainsCorrectXmlFormat" />
    </UnitTest>
    <UnitTest name="TestIsTasksRunningWithNullManager" storage="d:\actions-runner\_work\xpco\xpco\softwaremanager\core\softwaremanager\core\unittest\bin\debug\videoos.softwaremanager.core.unittest.dll" id="3fb46fb3-2257-f562-c8d7-029a28d402d9">
      <Execution id="e9ad33a2-8569-416d-9445-44762d8102f7" />
      <TestMethod codeBase="D:\actions-runner\_work\XPCO\XPCO\SoftwareManager\Core\SoftwareManager\Core\unittest\bin\Debug\VideoOS.SoftwareManager.Core.UnitTest.dll" adapterTypeName="executor://mstestadapter/v2" className="VideoOS.SoftwareManager.Core.Manager.UnitTest.TestTest" name="TestIsTasksRunningWithNullManager" />
    </UnitTest>
    <UnitTest name="TestStartTwiceInDifferentThreads" storage="d:\actions-runner\_work\xpco\xpco\softwaremanager\core\softwaremanager\core\unittest\bin\debug\videoos.softwaremanager.core.unittest.dll" id="ba7f02fd-cb3c-c5bd-bb46-ccacb6d55dfc">
      <Execution id="9dc316fb-296a-4ae8-bae2-1719156dd590" />
      <TestMethod codeBase="D:\actions-runner\_work\XPCO\XPCO\SoftwareManager\Core\SoftwareManager\Core\unittest\bin\Debug\VideoOS.SoftwareManager.Core.UnitTest.dll" adapterTypeName="executor://mstestadapter/v2" className="VideoOS.SoftwareManager.Core.Task.UnitTest.TaskTest" name="TestStartTwiceInDifferentThreads" />
    </UnitTest>
    <UnitTest name="ZipPackageInvalidPackageXml_ShouldNotBeImported" storage="d:\actions-runner\_work\xpco\xpco\softwaremanager\core\softwaremanager\core\unittest\bin\debug\videoos.softwaremanager.core.unittest.dll" id="e2fb3b49-d247-3780-d8ba-70eea61fc9c3">
      <Execution id="a1044d59-18f4-4e10-8139-bba745b8aa23" />
      <TestMethod codeBase="D:\actions-runner\_work\XPCO\XPCO\SoftwareManager\Core\SoftwareManager\Core\unittest\bin\Debug\VideoOS.SoftwareManager.Core.UnitTest.dll" adapterTypeName="executor://mstestadapter/v2" className="VideoOS.SoftwareManager.Core.Task.UnitTest.FileShareImportPackageTaskTest" name="ZipPackageInvalidPackageXml_ShouldNotBeImported" />
    </UnitTest>
    <UnitTest name="TestIP_invalid" storage="d:\actions-runner\_work\xpco\xpco\softwaremanager\core\softwaremanager\core\unittest\bin\debug\videoos.softwaremanager.core.unittest.dll" id="f25a5dd4-d634-e42a-9c7d-6a32b2501019">
      <Execution id="b0900d95-074c-4941-849a-02f3645c5d5e" />
      <TestMethod codeBase="D:\actions-runner\_work\XPCO\XPCO\SoftwareManager\Core\SoftwareManager\Core\unittest\bin\Debug\VideoOS.SoftwareManager.Core.UnitTest.dll" adapterTypeName="executor://mstestadapter/v2" className="VideoOS.SoftwareManager.Core.Task.UnitTest.WMIPingTaskTest" name="TestIP_invalid" />
    </UnitTest>
    <UnitTest name="TestConstructorWithErrorCodeInvalidParameter" storage="d:\actions-runner\_work\xpco\xpco\softwaremanager\core\softwaremanager\core\unittest\bin\debug\videoos.softwaremanager.core.unittest.dll" id="122a7ff7-08e1-f4dc-a56a-6d770b30253d">
      <Execution id="541e387f-08a1-4afb-a9a8-52bc2c3e49f0" />
      <TestMethod codeBase="D:\actions-runner\_work\XPCO\XPCO\SoftwareManager\Core\SoftwareManager\Core\unittest\bin\Debug\VideoOS.SoftwareManager.Core.UnitTest.dll" adapterTypeName="executor://mstestadapter/v2" className="VideoOS.SoftwareManager.Core.Utils.UnitTest.SoftwareManagerWMIProcessExceptionTest" name="TestConstructorWithErrorCodeInvalidParameter" />
    </UnitTest>
    <UnitTest name="TestInstallDynamicFiles" storage="d:\actions-runner\_work\xpco\xpco\softwaremanager\core\softwaremanager\core\unittest\bin\debug\videoos.softwaremanager.core.unittest.dll" id="4120ce42-f415-07cf-2596-3bbad5e24de7">
      <Execution id="5145ce92-b62e-4be4-942c-7680a4954c1d" />
      <TestMethod codeBase="D:\actions-runner\_work\XPCO\XPCO\SoftwareManager\Core\SoftwareManager\Core\unittest\bin\Debug\VideoOS.SoftwareManager.Core.UnitTest.dll" adapterTypeName="executor://mstestadapter/v2" className="VideoOS.SoftwareManager.Core.Package.UnitTest.InstallShieldPackageTest" name="TestInstallDynamicFiles" />
    </UnitTest>
    <UnitTest name="TestConstructorWithMessage" storage="d:\actions-runner\_work\xpco\xpco\softwaremanager\core\softwaremanager\core\unittest\bin\debug\videoos.softwaremanager.core.unittest.dll" id="f9cd709d-06a0-cb2e-c1c2-3af44a928bed">
      <Execution id="03b8d652-0e3c-4fb6-9e95-85b9ac270702" />
      <TestMethod codeBase="D:\actions-runner\_work\XPCO\XPCO\SoftwareManager\Core\SoftwareManager\Core\unittest\bin\Debug\VideoOS.SoftwareManager.Core.UnitTest.dll" adapterTypeName="executor://mstestadapter/v2" className="VideoOS.SoftwareManager.Core.Utils.UnitTest.SoftwareManagerInvalidParametersExceptionTest" name="TestConstructorWithMessage" />
    </UnitTest>
    <UnitTest name="TestInstallPackageWithInvalidHost" storage="d:\actions-runner\_work\xpco\xpco\softwaremanager\core\softwaremanager\core\unittest\bin\debug\videoos.softwaremanager.core.unittest.dll" id="92137449-d2b3-f66c-1ac0-02ad6dd462b9">
      <Execution id="d4a87b61-a4d3-4163-82f5-e01b662a16b4" />
      <TestMethod codeBase="D:\actions-runner\_work\XPCO\XPCO\SoftwareManager\Core\SoftwareManager\Core\unittest\bin\Debug\VideoOS.SoftwareManager.Core.UnitTest.dll" adapterTypeName="executor://mstestadapter/v2" className="VideoOS.SoftwareManager.Core.Manager.UnitTest.ManagerTest" name="TestInstallPackageWithInvalidHost" />
    </UnitTest>
    <UnitTest name="TestRunFailureTasksFirst" storage="d:\actions-runner\_work\xpco\xpco\softwaremanager\core\softwaremanager\core\unittest\bin\debug\videoos.softwaremanager.core.unittest.dll" id="56faf403-3c0f-60e1-0db0-3e3aedf00f0a">
      <Execution id="071e8172-ad4f-4a1a-8e19-6e34194242ed" />
      <TestMethod codeBase="D:\actions-runner\_work\XPCO\XPCO\SoftwareManager\Core\SoftwareManager\Core\unittest\bin\Debug\VideoOS.SoftwareManager.Core.UnitTest.dll" adapterTypeName="executor://mstestadapter/v2" className="VideoOS.SoftwareManager.Core.Task.UnitTest.TaskSuiteTest" name="TestRunFailureTasksFirst" />
    </UnitTest>
    <UnitTest name="TestGetLocalPackagesSequential" storage="d:\actions-runner\_work\xpco\xpco\softwaremanager\core\softwaremanager\core\unittest\bin\debug\videoos.softwaremanager.core.unittest.dll" id="f8d56533-4831-9e9d-1d46-8aa065d52bd7">
      <Execution id="deb501b2-75fa-4f93-95c1-836c14041768" />
      <TestMethod codeBase="D:\actions-runner\_work\XPCO\XPCO\SoftwareManager\Core\SoftwareManager\Core\unittest\bin\Debug\VideoOS.SoftwareManager.Core.UnitTest.dll" adapterTypeName="executor://mstestadapter/v2" className="VideoOS.SoftwareManager.Core.Manager.UnitTest.ManagerTest" name="TestGetLocalPackagesSequential" />
    </UnitTest>
    <UnitTest name="TestConstructor" storage="d:\actions-runner\_work\xpco\xpco\softwaremanager\core\softwaremanager\core\unittest\bin\debug\videoos.softwaremanager.core.unittest.dll" id="856c68f3-4881-d96b-cb1b-41d24780a2bb">
      <Execution id="e0538b00-26e9-4c9d-b39f-4626faa73464" />
      <TestMethod codeBase="D:\actions-runner\_work\XPCO\XPCO\SoftwareManager\Core\SoftwareManager\Core\unittest\bin\Debug\VideoOS.SoftwareManager.Core.UnitTest.dll" adapterTypeName="executor://mstestadapter/v2" className="VideoOS.SoftwareManager.Core.Task.UnitTest.WMIGetInstalledPackagesTaskTest" name="TestConstructor" />
    </UnitTest>
    <UnitTest name="Test_With_LicenseTypeAndParameters_When_CreateXmlStreamInV2_Then_CorrectXMLStreamIsCreated" storage="d:\actions-runner\_work\xpco\xpco\softwaremanager\core\softwaremanager\core\unittest\bin\debug\videoos.softwaremanager.core.unittest.dll" id="dfd7d47b-3150-15b1-892c-f707b58a7859">
      <Execution id="72b54664-0682-4c4b-85ff-5e56a9a18f76" />
      <TestMethod codeBase="D:\actions-runner\_work\XPCO\XPCO\SoftwareManager\Core\SoftwareManager\Core\unittest\bin\Debug\VideoOS.SoftwareManager.Core.UnitTest.dll" adapterTypeName="executor://mstestadapter/v2" className="VideoOS.SoftwareManager.Core.UnitTest.ArgumentsXml.ArgumentsXmlSerializationTest" name="Test_With_LicenseTypeAndParameters_When_CreateXmlStreamInV2_Then_CorrectXMLStreamIsCreated" />
    </UnitTest>
    <UnitTest name="TestRebootSequential" storage="d:\actions-runner\_work\xpco\xpco\softwaremanager\core\softwaremanager\core\unittest\bin\debug\videoos.softwaremanager.core.unittest.dll" id="3ae92588-2163-e713-7477-64228713a6b8">
      <Execution id="d83213b0-400b-49ad-bbd1-75ad1273b4bd" />
      <TestMethod codeBase="D:\actions-runner\_work\XPCO\XPCO\SoftwareManager\Core\SoftwareManager\Core\unittest\bin\Debug\VideoOS.SoftwareManager.Core.UnitTest.dll" adapterTypeName="executor://mstestadapter/v2" className="VideoOS.SoftwareManager.Core.Manager.UnitTest.ManagerTest" name="TestRebootSequential" />
    </UnitTest>
    <UnitTest name="TestConstructor" storage="d:\actions-runner\_work\xpco\xpco\softwaremanager\core\softwaremanager\core\unittest\bin\debug\videoos.softwaremanager.core.unittest.dll" id="d6af3bbc-50d4-c2cf-6b87-9647ae787cde">
      <Execution id="b7ec6d0e-0563-42fb-a07c-fba9eaf7dbac" />
      <TestMethod codeBase="D:\actions-runner\_work\XPCO\XPCO\SoftwareManager\Core\SoftwareManager\Core\unittest\bin\Debug\VideoOS.SoftwareManager.Core.UnitTest.dll" adapterTypeName="executor://mstestadapter/v2" className="VideoOS.SoftwareManager.Core.Task.UnitTest.BrowserTaskTest" name="TestConstructor" />
    </UnitTest>
    <UnitTest name="TestConstructor" storage="d:\actions-runner\_work\xpco\xpco\softwaremanager\core\softwaremanager\core\unittest\bin\debug\videoos.softwaremanager.core.unittest.dll" id="b7ea915e-8d23-5a60-08af-57723815f578">
      <Execution id="0b73f35e-3bdc-4db4-a96a-d68a96869a6a" />
      <TestMethod codeBase="D:\actions-runner\_work\XPCO\XPCO\SoftwareManager\Core\SoftwareManager\Core\unittest\bin\Debug\VideoOS.SoftwareManager.Core.UnitTest.dll" adapterTypeName="executor://mstestadapter/v2" className="VideoOS.SoftwareManager.Core.Task.UnitTest.TaskTest" name="TestConstructor" />
    </UnitTest>
    <UnitTest name="TestGetOSVersionParallel" storage="d:\actions-runner\_work\xpco\xpco\softwaremanager\core\softwaremanager\core\unittest\bin\debug\videoos.softwaremanager.core.unittest.dll" id="86d1cc4f-8091-b22e-336f-4cb0386e426c">
      <Execution id="9118c865-f7e0-4f1e-91d3-a7ef87e1c8e0" />
      <TestMethod codeBase="D:\actions-runner\_work\XPCO\XPCO\SoftwareManager\Core\SoftwareManager\Core\unittest\bin\Debug\VideoOS.SoftwareManager.Core.UnitTest.dll" adapterTypeName="executor://mstestadapter/v2" className="VideoOS.SoftwareManager.Core.Manager.UnitTest.ManagerTest" name="TestGetOSVersionParallel" />
    </UnitTest>
  </TestDefinitions>
  <TestEntries>
    <TestEntry testId="d08fd0d0-106c-6df0-e83c-5d210fcd79c8" executionId="859fac6a-553e-4169-b280-1623b666c268" testListId="8c84fa94-04c1-424b-9868-57a2d4851a1d" />
    <TestEntry testId="2fa8526c-a521-f4dd-f525-15d0ffe38536" executionId="ba69c7b1-9e02-4cb2-8e11-706cfc38e467" testListId="8c84fa94-04c1-424b-9868-57a2d4851a1d" />
    <TestEntry testId="45ad0a95-8260-c925-5d56-45d076826047" executionId="97b5fea1-d855-4457-8ee3-b39d3623d655" testListId="8c84fa94-04c1-424b-9868-57a2d4851a1d" />
    <TestEntry testId="1396e80d-ac6c-7b7b-e5dd-cce3f57d2022" executionId="da5d368c-4be5-4bb5-832b-47da8310cbf9" testListId="8c84fa94-04c1-424b-9868-57a2d4851a1d" />
    <TestEntry testId="856c68f3-4881-d96b-cb1b-41d24780a2bb" executionId="e0538b00-26e9-4c9d-b39f-4626faa73464" testListId="8c84fa94-04c1-424b-9868-57a2d4851a1d" />
    <TestEntry testId="33b4f16b-c0a6-76f0-1897-1fedd2028106" executionId="9b4a1524-5b81-4109-bbad-5e1ab04ad873" testListId="8c84fa94-04c1-424b-9868-57a2d4851a1d" />
    <TestEntry testId="03e51c8c-4d92-59ee-ca72-7ef99d8d0f0f" executionId="7b030442-9c3f-48b7-931b-04bc67b07914" testListId="8c84fa94-04c1-424b-9868-57a2d4851a1d" />
    <TestEntry testId="cc0e8736-e37c-0fe0-2c61-f81f9c25390d" executionId="574cfb68-2b4d-4a92-831f-e8129183bcfc" testListId="8c84fa94-04c1-424b-9868-57a2d4851a1d" />
    <TestEntry testId="470e3884-a013-e07a-6032-a69655df1b7d" executionId="5cbab6e7-375b-447c-82bd-290090951cbf" testListId="8c84fa94-04c1-424b-9868-57a2d4851a1d" />
    <TestEntry testId="f95c7b64-34a7-4bf5-8bd6-0abab06578a9" executionId="13d229cb-ff2f-4b44-9759-cd24bedf75a1" testListId="8c84fa94-04c1-424b-9868-57a2d4851a1d" />
    <TestEntry testId="a14d479c-95fa-c808-46c0-2d34bef5217e" executionId="9470e339-99fd-4409-9387-92635c3ea6a6" testListId="8c84fa94-04c1-424b-9868-57a2d4851a1d" />
    <TestEntry testId="f40cd8a4-121f-c14e-cc4f-2cfd0883c319" executionId="951d1e7e-7f68-4374-8d73-d8015d91fd83" testListId="8c84fa94-04c1-424b-9868-57a2d4851a1d" />
    <TestEntry testId="67643f1b-8036-19eb-72c3-d7d1af0dea43" executionId="08d8b2d4-7704-4b9a-8bd2-234e01720f68" testListId="8c84fa94-04c1-424b-9868-57a2d4851a1d" />
    <TestEntry testId="69b26249-94e9-7c44-10dc-7b2701eb66e6" executionId="77ef6e9f-02cd-44a1-a45e-23d82c762c9f" testListId="8c84fa94-04c1-424b-9868-57a2d4851a1d" />
    <TestEntry testId="37ff3888-9777-0cdf-214f-477a32f5fbee" executionId="acfed6cf-4357-49d1-979a-cdbcfd98f081" testListId="8c84fa94-04c1-424b-9868-57a2d4851a1d" />
    <TestEntry testId="e301d847-37c6-086f-9b26-007beaf92f5d" executionId="9fc9347b-9a74-4194-b29d-5ffa3bc92775" testListId="8c84fa94-04c1-424b-9868-57a2d4851a1d" />
    <TestEntry testId="b4150eb4-7116-6d8e-ac8b-e76f559058b0" executionId="c3a36ee5-b0e6-4215-81ca-89d7be066588" testListId="8c84fa94-04c1-424b-9868-57a2d4851a1d" />
    <TestEntry testId="3be3dd6c-70a8-fb50-940e-ef5b6d783571" executionId="794d212c-5838-41a3-a205-0c1e75dabf69" testListId="8c84fa94-04c1-424b-9868-57a2d4851a1d" />
    <TestEntry testId="6675b4f2-1c41-c131-8a1d-4566375e4ed0" executionId="218eddc3-0355-4838-be3d-85641225b59c" testListId="8c84fa94-04c1-424b-9868-57a2d4851a1d" />
    <TestEntry testId="e8a8896f-e6f5-3a84-3848-09ca421d6b30" executionId="7a9a6f93-d64d-4395-b8d7-e14d6cde34b6" testListId="8c84fa94-04c1-424b-9868-57a2d4851a1d" />
    <TestEntry testId="f87bdbf8-6366-f4cc-9c50-055e8e1058ed" executionId="edff1458-56d5-405a-af1d-f433fe6eb043" testListId="8c84fa94-04c1-424b-9868-57a2d4851a1d" />
    <TestEntry testId="b1e328f4-c08c-066b-0de5-353098f02c6d" executionId="4235f632-8308-4564-bbcf-925950638535" testListId="8c84fa94-04c1-424b-9868-57a2d4851a1d" />
    <TestEntry testId="a17d8629-6734-b6b8-4baf-81a08190a4c8" executionId="44da7f04-eaee-410a-b18f-dcf9f0107751" testListId="8c84fa94-04c1-424b-9868-57a2d4851a1d" />
    <TestEntry testId="9e542a9d-17aa-18eb-fcd9-68e906b0cbf9" executionId="055b2b0b-351a-43c1-bb30-31f6ba36ee97" testListId="8c84fa94-04c1-424b-9868-57a2d4851a1d" />
    <TestEntry testId="3fb46fb3-2257-f562-c8d7-029a28d402d9" executionId="e9ad33a2-8569-416d-9445-44762d8102f7" testListId="8c84fa94-04c1-424b-9868-57a2d4851a1d" />
    <TestEntry testId="9b73a5d8-1c11-0cec-419f-e56feb2831ba" executionId="0cbad60c-4de1-4bbc-920f-56b9ed122e15" testListId="8c84fa94-04c1-424b-9868-57a2d4851a1d" />
    <TestEntry testId="c04ca2fa-f46f-46e6-bb95-37c7c54edf8e" executionId="30a40b6d-c9d8-4d5a-97e4-251e2e4e252e" testListId="8c84fa94-04c1-424b-9868-57a2d4851a1d" />
    <TestEntry testId="725b3199-f97f-4e4e-3df7-e4d50227cc9c" executionId="07184414-0f35-4996-9b00-65ce125b9177" testListId="8c84fa94-04c1-424b-9868-57a2d4851a1d" />
    <TestEntry testId="91caed3b-2955-2bf7-0a49-1538d6760b9b" executionId="1d1e601f-881c-48c8-b9e6-e2eff075c184" testListId="8c84fa94-04c1-424b-9868-57a2d4851a1d" />
    <TestEntry testId="3b623a3d-89e2-adbe-0562-30890ff4514f" executionId="69d319ff-e87d-445c-8727-a855c5893276" testListId="8c84fa94-04c1-424b-9868-57a2d4851a1d" />
    <TestEntry testId="facdbc00-3344-ebbb-65de-f4f2d40c143a" executionId="58679553-d660-415e-ac8e-ac659547beb1" testListId="8c84fa94-04c1-424b-9868-57a2d4851a1d" />
    <TestEntry testId="146196f5-f90c-a6d4-6ef4-bdf63a422741" executionId="a254fea8-349e-41b9-85e8-3b2a01d073c0" testListId="8c84fa94-04c1-424b-9868-57a2d4851a1d" />
    <TestEntry testId="7066b9b5-1610-d275-dc55-593de5802882" executionId="06c96bdc-1440-4eef-84b1-27b331aa5732" testListId="8c84fa94-04c1-424b-9868-57a2d4851a1d" />
    <TestEntry testId="48eb9e20-76c9-3c7b-a7a3-fc60c91a53d4" executionId="cf0b2b5a-8f9d-4e5b-9991-c09c8a0092e7" testListId="8c84fa94-04c1-424b-9868-57a2d4851a1d" />
    <TestEntry testId="62662b40-9dbf-8863-d09c-a0274ba353cf" executionId="7abb02d1-3632-4b52-ae79-dbdd7fd5e73b" testListId="8c84fa94-04c1-424b-9868-57a2d4851a1d" />
    <TestEntry testId="22814c1f-c66f-6ce6-5a48-a0ba882bd316" executionId="54df8f20-3ffc-4e80-af05-51687dee03e1" testListId="8c84fa94-04c1-424b-9868-57a2d4851a1d" />
    <TestEntry testId="2be41cae-1d5a-7945-3cba-93feb00da08b" executionId="47d9be77-486f-496b-af1f-789fbb0f5720" testListId="8c84fa94-04c1-424b-9868-57a2d4851a1d" />
    <TestEntry testId="0e7c27bc-b91f-73e0-6ab1-588849d6b366" executionId="dfed596c-4126-40c8-b31b-a10dc7ae8240" testListId="8c84fa94-04c1-424b-9868-57a2d4851a1d" />
    <TestEntry testId="914452d1-2a5b-ada2-b3bb-094b0c594d6e" executionId="8ae18e46-24a6-485e-9653-c58e5b676203" testListId="8c84fa94-04c1-424b-9868-57a2d4851a1d" />
    <TestEntry testId="9f360e22-795c-5c17-8bb8-33a39a68517b" executionId="b6661efd-5634-4695-b002-21b5e0d9a77c" testListId="8c84fa94-04c1-424b-9868-57a2d4851a1d" />
    <TestEntry testId="a812c461-75bd-711d-a173-a6a8e32057ca" executionId="17777843-ff92-46d6-b4d8-675947a0ac0a" testListId="8c84fa94-04c1-424b-9868-57a2d4851a1d" />
    <TestEntry testId="d165a1f9-3d44-76cb-b902-4ddbe0cccecb" executionId="dd08d7ad-a43a-454f-846f-6a80948062c9" testListId="8c84fa94-04c1-424b-9868-57a2d4851a1d" />
    <TestEntry testId="c5470e5b-7c09-9f0a-1bc9-4794fa6f7f0d" executionId="d0d6fa63-1afd-40c5-ab84-d59498cc8bfb" testListId="8c84fa94-04c1-424b-9868-57a2d4851a1d" />
    <TestEntry testId="637afb78-232b-13fd-81e7-22084e8d37bf" executionId="c4f7bca1-6cbd-4470-8c80-09666abfa2cf" testListId="8c84fa94-04c1-424b-9868-57a2d4851a1d" />
    <TestEntry testId="6dd7d197-bf00-3c2b-0bfa-cfbbc2b0d93c" executionId="c71f8d1d-57e6-4711-bb3d-864cfd24512d" testListId="8c84fa94-04c1-424b-9868-57a2d4851a1d" />
    <TestEntry testId="6de69a91-a9ae-a510-a8e5-ddf1d08a2918" executionId="2ed0a1a2-6820-4276-95d5-11e574696d7c" testListId="8c84fa94-04c1-424b-9868-57a2d4851a1d" />
    <TestEntry testId="d4187810-f371-b966-4ddc-9f7511ff3c2e" executionId="703195d2-cc9c-4c94-aa2d-9493c5b6e8b1" testListId="8c84fa94-04c1-424b-9868-57a2d4851a1d" />
    <TestEntry testId="92137449-d2b3-f66c-1ac0-02ad6dd462b9" executionId="d4a87b61-a4d3-4163-82f5-e01b662a16b4" testListId="8c84fa94-04c1-424b-9868-57a2d4851a1d" />
    <TestEntry testId="0c1ed704-8205-a20a-83ff-3afa740995be" executionId="481f43af-7bea-41e0-8aa3-df06430d3750" testListId="8c84fa94-04c1-424b-9868-57a2d4851a1d" />
    <TestEntry testId="f9925917-8140-bd6d-1fd3-76831b749208" executionId="34184d65-8c1e-4989-9d5f-312293d5ae95" testListId="8c84fa94-04c1-424b-9868-57a2d4851a1d" />
    <TestEntry testId="80f38fd0-6f01-962d-1286-fff70fb35efb" executionId="8d7d1bc8-b47a-4850-9932-e3b3b696be9f" testListId="8c84fa94-04c1-424b-9868-57a2d4851a1d" />
    <TestEntry testId="dfd7d47b-3150-15b1-892c-f707b58a7859" executionId="72b54664-0682-4c4b-85ff-5e56a9a18f76" testListId="8c84fa94-04c1-424b-9868-57a2d4851a1d" />
    <TestEntry testId="5f070273-889c-c350-6e7c-2ac18b92811d" executionId="c901c526-133f-4ec7-899d-b2b313799247" testListId="8c84fa94-04c1-424b-9868-57a2d4851a1d" />
    <TestEntry testId="74b65cff-260d-58c5-47e1-b7fd9794e6da" executionId="b6f7ff12-cb3e-4cdc-9ff0-9335c022595e" testListId="8c84fa94-04c1-424b-9868-57a2d4851a1d" />
    <TestEntry testId="b61c59b3-029a-0817-1252-32f71c8216f9" executionId="5e96a7f6-081b-456d-819d-0d25450c4d13" testListId="8c84fa94-04c1-424b-9868-57a2d4851a1d" />
    <TestEntry testId="968b0cfd-4e46-39af-8c32-7a63d2e0218b" executionId="8d7e4ced-705f-4504-b1f5-6868917564c4" testListId="8c84fa94-04c1-424b-9868-57a2d4851a1d" />
    <TestEntry testId="c9f53748-47ce-0633-50ad-3007e055d4a5" executionId="7c8759c2-a255-471e-828f-adfec40aa111" testListId="8c84fa94-04c1-424b-9868-57a2d4851a1d" />
    <TestEntry testId="aeb69c69-f399-d401-e754-f443149b61bf" executionId="43fca826-ef19-4f2d-be0d-6495927dd70d" testListId="8c84fa94-04c1-424b-9868-57a2d4851a1d" />
    <TestEntry testId="056db6d2-8d71-1089-b705-b6a45c621744" executionId="f40af064-c796-4539-952d-6e01134dbd11" testListId="8c84fa94-04c1-424b-9868-57a2d4851a1d" />
    <TestEntry testId="bcd71e73-4f9f-2385-5ac9-da99939e2a84" executionId="ef038305-0437-45be-a637-546a05862457" testListId="8c84fa94-04c1-424b-9868-57a2d4851a1d" />
    <TestEntry testId="fb684710-7aee-b5ee-ca08-6c8c8894727b" executionId="9032ab2a-6c17-495f-83bd-39c6fb545b89" testListId="8c84fa94-04c1-424b-9868-57a2d4851a1d" />
    <TestEntry testId="68a2363a-b484-17cf-1f18-a03fd75c478a" executionId="b9e342b8-c4ba-487e-8e90-8c7d8e8e19d5" testListId="8c84fa94-04c1-424b-9868-57a2d4851a1d" />
    <TestEntry testId="bde7a222-ad8e-3af2-d4c0-949060459864" executionId="00619485-0e12-47ec-a3b9-8fcb5508a2d3" testListId="8c84fa94-04c1-424b-9868-57a2d4851a1d" />
    <TestEntry testId="79533e52-233d-e680-ff9d-b0bffcd77412" executionId="f9031611-5602-4223-8ebf-dbe11fbf4b3b" testListId="8c84fa94-04c1-424b-9868-57a2d4851a1d" />
    <TestEntry testId="032d6516-cb1c-4c92-f9b8-d4038adae9f6" executionId="8ecadb2f-dd34-48f4-b80c-4c1091f424f5" testListId="8c84fa94-04c1-424b-9868-57a2d4851a1d" />
    <TestEntry testId="dccffa84-7c98-4410-7aaa-69b1a9b9bf4b" executionId="95adbf31-0835-41ac-8720-43accf37048b" testListId="8c84fa94-04c1-424b-9868-57a2d4851a1d" />
    <TestEntry testId="1d9e37b6-d9d3-1a0e-a567-21f1127d93e2" executionId="42d5b317-a7a0-4524-bee8-c8493517e686" testListId="8c84fa94-04c1-424b-9868-57a2d4851a1d" />
    <TestEntry testId="b3fb1e37-e2e5-a2a7-3eb9-4154e4ee124e" executionId="52bee0bd-af98-4094-a1d0-ce72093367f7" testListId="8c84fa94-04c1-424b-9868-57a2d4851a1d" />
    <TestEntry testId="ea065467-0433-ed80-40ec-d47c6bf0c0ec" executionId="56f94af2-2d13-4f22-8e82-c61c4234ebfd" testListId="8c84fa94-04c1-424b-9868-57a2d4851a1d" />
    <TestEntry testId="33d6df35-743f-3933-86b9-c0c13618fe51" executionId="96a6a21d-0b49-45ac-be87-8c6c61efb37e" testListId="8c84fa94-04c1-424b-9868-57a2d4851a1d" />
    <TestEntry testId="b1d46ea5-c9c3-57f4-a648-9c804c7fe269" executionId="e325a08c-06b6-4d62-9c7e-8e07eadbb418" testListId="8c84fa94-04c1-424b-9868-57a2d4851a1d" />
    <TestEntry testId="d298a578-cf4a-5724-204a-283c52f4d161" executionId="40d51e3f-e9ae-4783-935c-4b534be3f794" testListId="8c84fa94-04c1-424b-9868-57a2d4851a1d" />
    <TestEntry testId="98ae4173-2b41-8add-b689-8ccbfe7d047c" executionId="a0c0c60c-97c6-4dd9-874b-fc459deb96ab" testListId="8c84fa94-04c1-424b-9868-57a2d4851a1d" />
    <TestEntry testId="b6c9091d-bcc3-5cee-d00b-d898c91721c4" executionId="fc0a84c8-faa7-4b5f-8cc7-4bc07a38e7c6" testListId="8c84fa94-04c1-424b-9868-57a2d4851a1d" />
    <TestEntry testId="9fbd03c1-13ed-30d2-53e4-a629d9907b7f" executionId="7a4bbf0b-5cba-4671-bf27-93c3eff8be2a" testListId="8c84fa94-04c1-424b-9868-57a2d4851a1d" />
    <TestEntry testId="ba7f02fd-cb3c-c5bd-bb46-ccacb6d55dfc" executionId="9dc316fb-296a-4ae8-bae2-1719156dd590" testListId="8c84fa94-04c1-424b-9868-57a2d4851a1d" />
    <TestEntry testId="eed0e532-778f-1521-30a1-a0a82462bc7c" executionId="fdb5558c-c47d-4b44-b6d8-0a3bd2d062c8" testListId="8c84fa94-04c1-424b-9868-57a2d4851a1d" />
    <TestEntry testId="7a991418-161a-8bc7-48a3-d4da676431a8" executionId="1cd6b754-adf9-4705-b95b-f053a6d1008d" testListId="8c84fa94-04c1-424b-9868-57a2d4851a1d" />
    <TestEntry testId="634c3d39-dd7c-75cb-c220-3f7b2938c830" executionId="07788dae-b50a-4c0a-ad7d-8fe546c47a5a" testListId="8c84fa94-04c1-424b-9868-57a2d4851a1d" />
    <TestEntry testId="d40e99cb-258c-705b-832c-694aa024eb9b" executionId="a3735852-321f-4425-a23e-19452d23af1f" testListId="8c84fa94-04c1-424b-9868-57a2d4851a1d" />
    <TestEntry testId="67c4869c-15f5-900e-172f-81dfbb8d8f9d" executionId="1e68fa3e-b180-4f7a-9ef8-46dff37f87a7" testListId="8c84fa94-04c1-424b-9868-57a2d4851a1d" />
    <TestEntry testId="a0116380-da24-5eef-9985-8a188dfc4704" executionId="fd567fe8-9f7c-4d0d-951a-04e36c8c28dd" testListId="8c84fa94-04c1-424b-9868-57a2d4851a1d" />
    <TestEntry testId="61bc1cb9-fa1c-14ae-4514-4fe458a0c1ea" executionId="dec5ea2a-40b0-4658-82de-b74b456777a2" testListId="8c84fa94-04c1-424b-9868-57a2d4851a1d" />
    <TestEntry testId="134ae08d-1d0a-1973-58ab-5b1798125f37" executionId="8fe3ace7-b80e-4e13-a4c5-20eddb4bf778" testListId="8c84fa94-04c1-424b-9868-57a2d4851a1d" />
    <TestEntry testId="12aa105f-10e1-59b7-7310-0c550e8398f0" executionId="4719e646-bb46-4af3-b2d5-20f765130d73" testListId="8c84fa94-04c1-424b-9868-57a2d4851a1d" />
    <TestEntry testId="5f16e599-0edf-c76a-748c-623462ea92a5" executionId="c2ed2c0c-1887-4871-b1ec-c7506904dad9" testListId="8c84fa94-04c1-424b-9868-57a2d4851a1d" />
    <TestEntry testId="ecfc6ba1-5f0a-aa01-e635-13a76143e3af" executionId="3c9488c0-4a59-4070-960a-cd8ec06aea55" testListId="8c84fa94-04c1-424b-9868-57a2d4851a1d" />
    <TestEntry testId="c9377d28-ab28-8cea-c0b0-302ce1bcb067" executionId="17d19a2e-94c4-4c01-9c2d-79c1b1212f7c" testListId="8c84fa94-04c1-424b-9868-57a2d4851a1d" />
    <TestEntry testId="3be573fd-8249-d766-9daa-dbf90a35485d" executionId="5f8dd481-c152-4a58-aad2-d950237ac53f" testListId="8c84fa94-04c1-424b-9868-57a2d4851a1d" />
    <TestEntry testId="476ef389-cb99-4565-a578-a52bf7decd04" executionId="d0862534-df0b-49d4-b7a7-38ec45606039" testListId="8c84fa94-04c1-424b-9868-57a2d4851a1d" />
    <TestEntry testId="e2fb3b49-d247-3780-d8ba-70eea61fc9c3" executionId="a1044d59-18f4-4e10-8139-bba745b8aa23" testListId="8c84fa94-04c1-424b-9868-57a2d4851a1d" />
    <TestEntry testId="b132170f-9730-0961-71b5-52e8ff86f635" executionId="30f5ed7d-12ea-4a2a-9b22-12ce7f10e5c7" testListId="8c84fa94-04c1-424b-9868-57a2d4851a1d" />
    <TestEntry testId="e4acf489-b013-782f-a6fa-a1ae4b61107d" executionId="b3e41c97-bb3d-4bfc-b8de-104730ed2f01" testListId="8c84fa94-04c1-424b-9868-57a2d4851a1d" />
    <TestEntry testId="d2f0f18f-d511-3fd1-b6ef-762c17fc2632" executionId="5985cd28-7323-4355-b56c-a8300ed259d2" testListId="8c84fa94-04c1-424b-9868-57a2d4851a1d" />
    <TestEntry testId="c9e1a6db-907d-9c8d-8ab2-22df33deb8b7" executionId="59c83fc5-cb22-4d6d-8a56-427ad9890ce2" testListId="8c84fa94-04c1-424b-9868-57a2d4851a1d" />
    <TestEntry testId="7b0075a6-a37e-989f-ba7f-1766dadf06a6" executionId="87eb1b9c-4f9d-4621-9b1a-7220ac77c68a" testListId="8c84fa94-04c1-424b-9868-57a2d4851a1d" />
    <TestEntry testId="62428f30-52d9-df43-0156-e8935a65e173" executionId="feb1af4d-933d-44c8-aab7-e424ddd47bdf" testListId="8c84fa94-04c1-424b-9868-57a2d4851a1d" />
    <TestEntry testId="86d70c67-12ee-2c7b-bcbf-95fc43850d05" executionId="f85c1eec-7313-47a4-afbc-000cafd708f4" testListId="8c84fa94-04c1-424b-9868-57a2d4851a1d" />
    <TestEntry testId="d4e569f1-10c6-3311-ff80-77655b87aa0b" executionId="923877b8-fa22-4448-8194-210ac19f2cd2" testListId="8c84fa94-04c1-424b-9868-57a2d4851a1d" />
    <TestEntry testId="d13aa229-8e39-18d5-187c-99e8a2b31cd1" executionId="6c0a069d-ee25-43b1-a51b-51f8c4e7cc27" testListId="8c84fa94-04c1-424b-9868-57a2d4851a1d" />
    <TestEntry testId="f8d56533-4831-9e9d-1d46-8aa065d52bd7" executionId="deb501b2-75fa-4f93-95c1-836c14041768" testListId="8c84fa94-04c1-424b-9868-57a2d4851a1d" />
    <TestEntry testId="48e43d53-7c28-80cb-4d94-a851e7def8d6" executionId="6167845a-4589-4fd1-a879-9fdabb3e19a2" testListId="8c84fa94-04c1-424b-9868-57a2d4851a1d" />
    <TestEntry testId="8062c4ed-4139-90d1-1d4d-27bbbb4874ab" executionId="6debc597-0967-4a96-b859-b0012b0f5eed" testListId="8c84fa94-04c1-424b-9868-57a2d4851a1d" />
    <TestEntry testId="8b04072f-eeb4-1721-94fb-a629d1232d5b" executionId="a83ed288-414b-46f4-bda1-7a3be4d271a7" testListId="8c84fa94-04c1-424b-9868-57a2d4851a1d" />
    <TestEntry testId="76f8f701-1bdc-9124-6fea-7ef1a2823716" executionId="a4818042-5f59-43ca-b23f-8c15d06ac124" testListId="8c84fa94-04c1-424b-9868-57a2d4851a1d" />
    <TestEntry testId="9a36ccfd-d63a-659a-1e69-f453dafefad6" executionId="e7242ff9-3b93-4254-bac8-cfbf2f9e4bbc" testListId="8c84fa94-04c1-424b-9868-57a2d4851a1d" />
    <TestEntry testId="cbf74680-c91c-0984-eb66-6d8ceb9c17ab" executionId="634cd2e8-f976-44a3-b6fe-13cbf167d290" testListId="8c84fa94-04c1-424b-9868-57a2d4851a1d" />
    <TestEntry testId="b79a5e07-1e7c-c356-7199-6e39153fecb6" executionId="ecbc298e-bae3-4a8e-ad5c-3e96f11a4e46" testListId="8c84fa94-04c1-424b-9868-57a2d4851a1d" />
    <TestEntry testId="edacc32d-c9b7-f113-5afb-92f8e4eacc6b" executionId="141ab468-4c5d-425d-a0b3-77873e7b5bf1" testListId="8c84fa94-04c1-424b-9868-57a2d4851a1d" />
    <TestEntry testId="910d9e71-a6d1-f7ea-624f-20cad78d3822" executionId="dc76c9f5-0650-4ceb-9078-b293a840304c" testListId="8c84fa94-04c1-424b-9868-57a2d4851a1d" />
    <TestEntry testId="bb42b17f-ff3f-6784-6f3c-e7ff14203605" executionId="b76e4e06-da73-411c-9c7a-8a046446c8a2" testListId="8c84fa94-04c1-424b-9868-57a2d4851a1d" />
    <TestEntry testId="f25a5dd4-d634-e42a-9c7d-6a32b2501019" executionId="b0900d95-074c-4941-849a-02f3645c5d5e" testListId="8c84fa94-04c1-424b-9868-57a2d4851a1d" />
    <TestEntry testId="cc729317-8003-3dcb-4690-b7bab2deead5" executionId="485c48aa-c95a-4e42-9e4d-038dfaff131e" testListId="8c84fa94-04c1-424b-9868-57a2d4851a1d" />
    <TestEntry testId="59eb40cd-0334-8f25-0421-88dc706b675e" executionId="2b1a880a-a6f8-4276-aa5a-f86acb7581cc" testListId="8c84fa94-04c1-424b-9868-57a2d4851a1d" />
    <TestEntry testId="d3b84e20-e2d1-bc9e-eadc-945089fa4f50" executionId="460fdbde-10cb-490c-a446-0d2c4b35036b" testListId="8c84fa94-04c1-424b-9868-57a2d4851a1d" />
    <TestEntry testId="54f8bded-296e-aa5b-9abb-dc5fb84fd2fb" executionId="7a28c505-4930-42e5-9909-da0a72fa2201" testListId="8c84fa94-04c1-424b-9868-57a2d4851a1d" />
    <TestEntry testId="a52af099-adde-616a-e493-3c951c853af5" executionId="cfa8efed-f5f5-4c0b-ba8a-5c2dd35bad73" testListId="8c84fa94-04c1-424b-9868-57a2d4851a1d" />
    <TestEntry testId="df6b692b-8f1d-16a6-725c-b3998737cbae" executionId="3a2504b4-1fd2-4324-8de6-6aee160575df" testListId="8c84fa94-04c1-424b-9868-57a2d4851a1d" />
    <TestEntry testId="3263e060-9ee6-ac54-fc85-444722aa77f3" executionId="951b79d4-0ad1-4d54-8038-bba10cb13f47" testListId="8c84fa94-04c1-424b-9868-57a2d4851a1d" />
    <TestEntry testId="81256e9c-7576-e53d-a206-ff8d79a392bb" executionId="4c4fdc14-cc58-426c-9e68-63e92d52936d" testListId="8c84fa94-04c1-424b-9868-57a2d4851a1d" />
    <TestEntry testId="7716f847-a934-7066-ece4-1dbcf9a6f5bd" executionId="e5c13cfe-10bc-4371-ada4-ace6fc84310e" testListId="8c84fa94-04c1-424b-9868-57a2d4851a1d" />
    <TestEntry testId="07adac7c-44a1-f7fd-b195-61aec0a8c77d" executionId="0d953f81-c57a-4764-a152-89fdd61425b5" testListId="8c84fa94-04c1-424b-9868-57a2d4851a1d" />
    <TestEntry testId="7f8e2eb1-484c-e1fa-6cd4-fb4d01efe634" executionId="cb71db8b-e9d9-465d-ac5e-99444a9b466a" testListId="8c84fa94-04c1-424b-9868-57a2d4851a1d" />
    <TestEntry testId="3d1ea2f1-5577-20c9-e32d-81d23fe5a514" executionId="4348dd52-ff7a-4455-ac37-941b3b4d1fe0" testListId="8c84fa94-04c1-424b-9868-57a2d4851a1d" />
    <TestEntry testId="4ebe8040-de48-1757-191f-73ec1eccf02d" executionId="f77558c1-58de-49f4-959e-b5de5a2cf30a" testListId="8c84fa94-04c1-424b-9868-57a2d4851a1d" />
    <TestEntry testId="a7b1190d-96a0-cc80-f0bd-b3feded255cb" executionId="2fa54282-8f8c-417b-b777-893b85f53976" testListId="8c84fa94-04c1-424b-9868-57a2d4851a1d" />
    <TestEntry testId="a33f8d13-deba-b734-2914-a26d82968c05" executionId="916cf340-1fca-48d7-a4ce-6727a525c128" testListId="8c84fa94-04c1-424b-9868-57a2d4851a1d" />
    <TestEntry testId="710f6486-2b5c-d1f0-26ce-a7f85cc332a3" executionId="ef4c0594-46e6-4129-952c-e7fd3f0e2377" testListId="8c84fa94-04c1-424b-9868-57a2d4851a1d" />
    <TestEntry testId="b2a70d06-beb1-52cd-a2cd-c3fbd2a0e80f" executionId="2c429dff-b404-4586-9f1c-502b69317d3d" testListId="8c84fa94-04c1-424b-9868-57a2d4851a1d" />
    <TestEntry testId="33675f94-c719-761f-5636-41fb611944c3" executionId="a1d2c7e4-567c-419d-b0d3-9c71ed9a1329" testListId="8c84fa94-04c1-424b-9868-57a2d4851a1d" />
    <TestEntry testId="169ff10c-e66e-16ab-a678-ea53f5925307" executionId="226c9465-422a-45be-b191-81baf3f9d0c9" testListId="8c84fa94-04c1-424b-9868-57a2d4851a1d" />
    <TestEntry testId="ad182115-1963-3cb0-c943-5a18434006c2" executionId="4cf0a9c8-9abe-47d2-994d-814f7bd4e86f" testListId="8c84fa94-04c1-424b-9868-57a2d4851a1d" />
    <TestEntry testId="fd9e40ea-9126-c861-9dea-563c66bcf20c" executionId="43f23283-f43f-4fde-aa22-cb82fd3ca003" testListId="8c84fa94-04c1-424b-9868-57a2d4851a1d" />
    <TestEntry testId="ede83e9c-fccc-794b-8457-5adc5aedf18a" executionId="e8f9f1d4-a645-4300-80bb-585f5ca8e642" testListId="8c84fa94-04c1-424b-9868-57a2d4851a1d" />
    <TestEntry testId="620b4223-3408-072e-6355-73c38adf0b0e" executionId="bd6c8e3b-0bb1-4b00-bb7a-c2da34193c55" testListId="8c84fa94-04c1-424b-9868-57a2d4851a1d" />
    <TestEntry testId="d83a4903-12f4-40d7-6107-dfc77d36cf8a" executionId="f5614cc2-7d1c-48ae-9e2c-50fdf5a44820" testListId="8c84fa94-04c1-424b-9868-57a2d4851a1d" />
    <TestEntry testId="0a929c64-a22a-2fcf-f8de-0fe5c4abfe0f" executionId="17ddad15-d490-4be2-b212-0e17e5ee02f3" testListId="8c84fa94-04c1-424b-9868-57a2d4851a1d" />
    <TestEntry testId="50cf843a-7917-122d-91e8-dbab549c9083" executionId="38352967-f7bd-4cca-93c9-048f2a62389b" testListId="8c84fa94-04c1-424b-9868-57a2d4851a1d" />
    <TestEntry testId="c97edf9e-6f9b-d171-d88b-6c67b4a76d09" executionId="f3efbfd6-9ea1-42db-945a-b82a9f18fed5" testListId="8c84fa94-04c1-424b-9868-57a2d4851a1d" />
    <TestEntry testId="f7d42701-2ea6-710a-c26e-6a5c6247f8de" executionId="9841e429-2879-49a9-9d73-4f6d3895037a" testListId="8c84fa94-04c1-424b-9868-57a2d4851a1d" />
    <TestEntry testId="ba25d85d-5f6f-50aa-c01e-f15ddb2c280f" executionId="e7ad701f-5e07-4f32-bae4-086e7f9ee931" testListId="8c84fa94-04c1-424b-9868-57a2d4851a1d" />
    <TestEntry testId="2101384d-a9f9-ef6c-f985-07718b448cb2" executionId="4632d0ca-8350-45c3-b150-5380e6dd92d1" testListId="8c84fa94-04c1-424b-9868-57a2d4851a1d" />
    <TestEntry testId="05ecd758-3402-3b67-caa4-bf6054c93296" executionId="fa1ec5f4-0634-4703-a702-3376c880560e" testListId="8c84fa94-04c1-424b-9868-57a2d4851a1d" />
    <TestEntry testId="b4ef782b-9320-c210-3644-282eb256ccea" executionId="6f9153cc-913e-4dd2-9df2-d9fc5704f49a" testListId="8c84fa94-04c1-424b-9868-57a2d4851a1d" />
    <TestEntry testId="f9648dbe-f664-0e7d-f48a-463671a37fa4" executionId="176fe045-cf5f-4d0d-b035-5dcb66a68a61" testListId="8c84fa94-04c1-424b-9868-57a2d4851a1d" />
    <TestEntry testId="5830e48c-ec35-ee5c-5f9f-1b8deedc3e70" executionId="b032c1ca-db34-4a47-8b0d-299616e7607c" testListId="8c84fa94-04c1-424b-9868-57a2d4851a1d" />
    <TestEntry testId="22b4db21-3428-db9a-3223-8ca266a1cb59" executionId="1772e987-93df-4091-8bbc-3d09a4e8e34d" testListId="8c84fa94-04c1-424b-9868-57a2d4851a1d" />
    <TestEntry testId="28db9034-3e2b-b2bb-67c2-1c43a25b6448" executionId="bd725582-deaa-4da6-91de-d9ac0b824903" testListId="8c84fa94-04c1-424b-9868-57a2d4851a1d" />
    <TestEntry testId="74b2bb2e-78b9-c0b6-bf8c-1bbb711a6582" executionId="0dc54065-d73c-4aa2-ad06-891cd943e8e6" testListId="8c84fa94-04c1-424b-9868-57a2d4851a1d" />
    <TestEntry testId="e977703f-2970-df2c-d9d1-2e6c523b5ab1" executionId="8c63818b-add2-4cec-8cdb-2daf63d20b25" testListId="8c84fa94-04c1-424b-9868-57a2d4851a1d" />
    <TestEntry testId="5e6d963b-b1b0-9e97-ce84-57c0b0288549" executionId="40147b64-05d0-43a8-ba65-2a4254da1ee6" testListId="8c84fa94-04c1-424b-9868-57a2d4851a1d" />
    <TestEntry testId="3ae92588-2163-e713-7477-64228713a6b8" executionId="d83213b0-400b-49ad-bbd1-75ad1273b4bd" testListId="8c84fa94-04c1-424b-9868-57a2d4851a1d" />
    <TestEntry testId="ab424643-ee10-dbb4-356f-30ee770a2155" executionId="9f8e58b4-ac8d-4348-b16d-e85952f5e3fb" testListId="8c84fa94-04c1-424b-9868-57a2d4851a1d" />
    <TestEntry testId="efc14a12-eb7c-c0b5-a73c-f0dcb17c28e9" executionId="66f19134-ac8d-4af7-a107-30f43f04252d" testListId="8c84fa94-04c1-424b-9868-57a2d4851a1d" />
    <TestEntry testId="1023b553-27bc-2612-6f0d-254dce8c82cd" executionId="58b36dcb-cdcf-4884-b7c3-396ffaecb907" testListId="8c84fa94-04c1-424b-9868-57a2d4851a1d" />
    <TestEntry testId="ffb5e73e-887f-1a38-a682-d33443b4dfc6" executionId="e88c78f4-ea85-4379-b759-6d1a74825963" testListId="8c84fa94-04c1-424b-9868-57a2d4851a1d" />
    <TestEntry testId="729c0c4c-75b6-3606-8352-31e30f6054ad" executionId="b52035ca-e9f6-4670-b616-9dead25cc15d" testListId="8c84fa94-04c1-424b-9868-57a2d4851a1d" />
    <TestEntry testId="a4832f8a-9e96-8de9-ccfd-bdd7f5cd4be7" executionId="7627895b-7b4f-44e8-9b87-9ad308b4801a" testListId="8c84fa94-04c1-424b-9868-57a2d4851a1d" />
    <TestEntry testId="0b54b4a5-32e6-48ab-16a8-27ca219e6ec9" executionId="512f129c-552e-467b-81c8-cf69229beb9b" testListId="8c84fa94-04c1-424b-9868-57a2d4851a1d" />
    <TestEntry testId="2fad831b-dada-8534-2cae-bc8f8eabad64" executionId="ff1b8f06-46e9-4ac9-a9f3-36dbcd5bd873" testListId="8c84fa94-04c1-424b-9868-57a2d4851a1d" />
    <TestEntry testId="abd4b833-c358-500a-7788-db40ecef5e75" executionId="c6c5f294-bfb6-400f-90b6-597cb0c7bf1d" testListId="8c84fa94-04c1-424b-9868-57a2d4851a1d" />
    <TestEntry testId="f84adace-860d-1865-ba0b-b14560f981c7" executionId="57385437-bd87-4ff7-9dd1-f0a010c60ebf" testListId="8c84fa94-04c1-424b-9868-57a2d4851a1d" />
    <TestEntry testId="d506503d-311a-ec67-c05f-4000d3531d44" executionId="20f27447-9c07-49ca-aaf2-44373eb21b53" testListId="8c84fa94-04c1-424b-9868-57a2d4851a1d" />
    <TestEntry testId="d1de3b4d-2e01-3204-b28f-98879a6cc328" executionId="70e626e7-37b9-4641-bc49-c14902644e10" testListId="8c84fa94-04c1-424b-9868-57a2d4851a1d" />
    <TestEntry testId="d83947fd-fcc3-6351-3b2a-c4fb1ea09216" executionId="7d419603-bd93-4e66-a3fa-3ac73a7e7367" testListId="8c84fa94-04c1-424b-9868-57a2d4851a1d" />
    <TestEntry testId="3da684be-8c97-6e5c-5191-88483e147d71" executionId="7261291f-623c-4844-a661-d9849e2a80f0" testListId="8c84fa94-04c1-424b-9868-57a2d4851a1d" />
    <TestEntry testId="9f056c08-18de-7324-0ad3-bd5aa991fc91" executionId="e97e90e1-72ca-43a6-b6f9-9a83752dd1ab" testListId="8c84fa94-04c1-424b-9868-57a2d4851a1d" />
    <TestEntry testId="1c48d561-85fd-29b1-a4db-a1c7f65fe558" executionId="b03a201d-720a-4703-9d29-31836e563d99" testListId="8c84fa94-04c1-424b-9868-57a2d4851a1d" />
    <TestEntry testId="2bc70be2-ffe0-b742-b080-3426828dbdf8" executionId="22eb8177-da43-4c64-8af3-de1ea9fba67a" testListId="8c84fa94-04c1-424b-9868-57a2d4851a1d" />
    <TestEntry testId="a76765fa-a6f1-2e6e-2762-dc27a61e9a6d" executionId="c8c2454f-ea88-47df-a791-3f39ae7e3795" testListId="8c84fa94-04c1-424b-9868-57a2d4851a1d" />
    <TestEntry testId="0f15567d-8946-0afb-e177-08aff03eae03" executionId="670e4eca-8741-48aa-99ae-6d212781303b" testListId="8c84fa94-04c1-424b-9868-57a2d4851a1d" />
    <TestEntry testId="1c706d7c-aa05-3432-b707-da141d5eca3a" executionId="453495e6-ab82-401f-b435-c0315bb407d1" testListId="8c84fa94-04c1-424b-9868-57a2d4851a1d" />
    <TestEntry testId="8bcfbbc0-c915-02f3-dbac-e543225952bc" executionId="29e03404-1821-43e5-8a67-7347fec3859b" testListId="8c84fa94-04c1-424b-9868-57a2d4851a1d" />
    <TestEntry testId="7ac45643-e8d3-e0a9-5634-02ae2a6a3051" executionId="0d3eae00-2eb2-4f7a-b369-0df9d8481eac" testListId="8c84fa94-04c1-424b-9868-57a2d4851a1d" />
    <TestEntry testId="a041f741-20d8-3a12-5a12-ac603b3ef6bc" executionId="0cc0743a-8001-4540-8805-b695adc85a03" testListId="8c84fa94-04c1-424b-9868-57a2d4851a1d" />
    <TestEntry testId="9ebed48c-2db3-f4a5-ffbd-adc1b1c4df6f" executionId="7f4d6be1-f72b-43af-8304-f97823096717" testListId="8c84fa94-04c1-424b-9868-57a2d4851a1d" />
    <TestEntry testId="136de879-175a-bc3d-7320-1d7a216765a0" executionId="73444c63-7c95-4ae2-b35b-57e0f5a6dce5" testListId="8c84fa94-04c1-424b-9868-57a2d4851a1d" />
    <TestEntry testId="6df818c5-73c8-7004-d8bf-eb24c08d331c" executionId="072cd167-e723-4305-b7c1-84ac6c9ae90b" testListId="8c84fa94-04c1-424b-9868-57a2d4851a1d" />
    <TestEntry testId="a447afd4-2d0d-357e-0812-7bd1cc83ab2a" executionId="2a7e2686-d69e-4e11-95f8-19f1ba8486c0" testListId="8c84fa94-04c1-424b-9868-57a2d4851a1d" />
    <TestEntry testId="be72001e-cbeb-f70f-60bd-efa29a260472" executionId="b615278a-1782-4a8f-b3ad-b75a8d0508ae" testListId="8c84fa94-04c1-424b-9868-57a2d4851a1d" />
    <TestEntry testId="7836a48f-abf6-7e36-5e54-4c0b983c976a" executionId="6664d48a-fe60-46db-89bc-d237b407b94a" testListId="8c84fa94-04c1-424b-9868-57a2d4851a1d" />
    <TestEntry testId="41702cc4-b255-60a5-af8d-918c6d7b7ceb" executionId="9526b0fd-96f7-4249-b124-4bf5b71dea91" testListId="8c84fa94-04c1-424b-9868-57a2d4851a1d" />
    <TestEntry testId="e0aa219f-1854-91b3-3e29-4258ec3f3da6" executionId="d05a5e22-dd7b-4a89-a7c4-88e13017ae17" testListId="8c84fa94-04c1-424b-9868-57a2d4851a1d" />
    <TestEntry testId="f9b9c561-1fe4-1995-c5fe-f02674753531" executionId="f2af89c5-7340-44b7-8051-f46dcdd5ebb6" testListId="8c84fa94-04c1-424b-9868-57a2d4851a1d" />
    <TestEntry testId="7e6f01e0-6e4a-e81f-57f2-c8127ebd815b" executionId="bd3e8404-afbb-47e7-a7d0-2326a39304c6" testListId="8c84fa94-04c1-424b-9868-57a2d4851a1d" />
    <TestEntry testId="d6af3bbc-50d4-c2cf-6b87-9647ae787cde" executionId="b7ec6d0e-0563-42fb-a07c-fba9eaf7dbac" testListId="8c84fa94-04c1-424b-9868-57a2d4851a1d" />
    <TestEntry testId="0e31cfb4-c48c-f98b-c02a-b0ce70005a5e" executionId="e6914f40-593a-4dd3-88c2-2c36c118c2c2" testListId="8c84fa94-04c1-424b-9868-57a2d4851a1d" />
    <TestEntry testId="6152e041-6043-20aa-4ee6-2fde325c4d9c" executionId="51d26855-62a7-41bb-abb1-7deb91b15b74" testListId="8c84fa94-04c1-424b-9868-57a2d4851a1d" />
    <TestEntry testId="8f477c37-7083-1672-5283-a9d495e9fd61" executionId="b5a96add-af33-4523-9988-bede93340c40" testListId="8c84fa94-04c1-424b-9868-57a2d4851a1d" />
    <TestEntry testId="36a635b8-d4a5-9a69-60b9-668002b58b49" executionId="45334f5c-f42f-42bf-b59c-50ed96eaf271" testListId="8c84fa94-04c1-424b-9868-57a2d4851a1d" />
    <TestEntry testId="2b7c73e8-3685-8491-b861-62d5fe5e1781" executionId="36ae5718-b6e8-4729-8c08-e7da705cd268" testListId="8c84fa94-04c1-424b-9868-57a2d4851a1d" />
    <TestEntry testId="23436098-962c-b201-5a6c-05e35b01769d" executionId="b1ab065b-04e6-4493-84e1-6345fef50b77" testListId="8c84fa94-04c1-424b-9868-57a2d4851a1d" />
    <TestEntry testId="d0f51d46-55ad-14e4-ecf1-7ac1fdeac6d0" executionId="6afe270b-9fd2-4af5-a32a-2a2987410f39" testListId="8c84fa94-04c1-424b-9868-57a2d4851a1d" />
    <TestEntry testId="3538f6df-51fc-46bb-bdd2-8a9a714c9781" executionId="0cdfdf5c-8779-41c5-907f-6ec86ef2ac56" testListId="8c84fa94-04c1-424b-9868-57a2d4851a1d" />
    <TestEntry testId="b60114ef-9c63-d2ca-5962-07d7a30acee8" executionId="e1682d8a-9d8b-461c-af5f-7cbed79a64a8" testListId="8c84fa94-04c1-424b-9868-57a2d4851a1d" />
    <TestEntry testId="123eb3ff-4a58-1eca-6d67-d756df1179d7" executionId="7c071ed8-76c8-46ad-afd9-9d88ba0b7501" testListId="8c84fa94-04c1-424b-9868-57a2d4851a1d" />
    <TestEntry testId="bc42b46e-3ad8-9bd9-e407-c79f3c41a24a" executionId="435b04a3-c6b6-4e82-a5b9-55967830ac20" testListId="8c84fa94-04c1-424b-9868-57a2d4851a1d" />
    <TestEntry testId="740a8610-8c31-8944-361e-d37faed1ef95" executionId="07586fb0-3bec-496b-86cb-6c5d4c6164ff" testListId="8c84fa94-04c1-424b-9868-57a2d4851a1d" />
    <TestEntry testId="a01967fd-fbe7-36ce-1ca1-d3fd457b8d42" executionId="654a5c4f-66ab-4a13-85df-8eebe1c25e7f" testListId="8c84fa94-04c1-424b-9868-57a2d4851a1d" />
    <TestEntry testId="7834dd3b-f169-31d5-1c4d-87c231ef4e34" executionId="4a262aac-b4b8-4a0e-a92b-c7c92d89fba3" testListId="8c84fa94-04c1-424b-9868-57a2d4851a1d" />
    <TestEntry testId="40155484-ee6e-4839-ee9d-f2f524b2192f" executionId="6369eb4d-16e2-486a-bd87-d7fe4e2d4343" testListId="8c84fa94-04c1-424b-9868-57a2d4851a1d" />
    <TestEntry testId="49f154a2-52b8-d09b-0cc0-999f7d82fc57" executionId="a23266c2-76a9-44a8-816c-8566f2631c23" testListId="8c84fa94-04c1-424b-9868-57a2d4851a1d" />
    <TestEntry testId="a86a3687-379f-3de9-0259-cf26ca96ae61" executionId="3d23de45-73db-4c8e-b8d8-533ab1213cb9" testListId="8c84fa94-04c1-424b-9868-57a2d4851a1d" />
    <TestEntry testId="44d15d2f-608e-f569-c6d7-e1f96d32ab07" executionId="9b1e6e71-cae3-46ab-accb-a74aa62bc6db" testListId="8c84fa94-04c1-424b-9868-57a2d4851a1d" />
    <TestEntry testId="04753381-ed85-90b5-1a05-be092499cb90" executionId="07d9a1af-ce25-4394-9d8f-9eba169b5897" testListId="8c84fa94-04c1-424b-9868-57a2d4851a1d" />
    <TestEntry testId="da47f623-7c3a-9404-4444-2b2c7c59f762" executionId="c3e0a807-893c-4fd5-8a04-1a580d680e30" testListId="8c84fa94-04c1-424b-9868-57a2d4851a1d" />
    <TestEntry testId="227cdad4-e657-f59d-ef9e-12d753b423d0" executionId="1547e941-b1e9-410d-b6a2-dc7446afad08" testListId="8c84fa94-04c1-424b-9868-57a2d4851a1d" />
    <TestEntry testId="b53777b6-9b17-4b3f-bddc-b6f07e3ad483" executionId="7f50ae32-2f82-46fb-98ee-11320b39e9b0" testListId="8c84fa94-04c1-424b-9868-57a2d4851a1d" />
    <TestEntry testId="c808a093-8195-0aab-e564-4015d1f64b86" executionId="1de34e72-8078-4984-a721-0cb4df6c26e8" testListId="8c84fa94-04c1-424b-9868-57a2d4851a1d" />
    <TestEntry testId="7799398e-47a6-85f8-e5e8-e2d395e7ffab" executionId="492b053e-91de-466d-9ea1-8d38ae96f0a8" testListId="8c84fa94-04c1-424b-9868-57a2d4851a1d" />
    <TestEntry testId="7f9ed6cf-7a79-9d37-5f62-7db0e658076c" executionId="da221a7e-ca13-4eff-b03a-f30986a1c7ce" testListId="8c84fa94-04c1-424b-9868-57a2d4851a1d" />
    <TestEntry testId="e81ed2b9-9c7f-074e-5740-b30036c6ffca" executionId="4292c39b-5258-46f7-b792-bc54e47d0c8e" testListId="8c84fa94-04c1-424b-9868-57a2d4851a1d" />
    <TestEntry testId="ff251435-488c-f14c-109e-e0528c8469ae" executionId="8ab4c2b9-e366-4543-b809-21951445bd7b" testListId="8c84fa94-04c1-424b-9868-57a2d4851a1d" />
    <TestEntry testId="f1681b95-2edd-308e-08f8-900cdf2ed21f" executionId="9ecd4594-0ce0-40d8-a7af-7bd28f699906" testListId="8c84fa94-04c1-424b-9868-57a2d4851a1d" />
    <TestEntry testId="b1db4271-00db-47c3-3257-a21b26aa024d" executionId="70fecf72-e118-44b7-b6d6-b5960860ff3e" testListId="8c84fa94-04c1-424b-9868-57a2d4851a1d" />
    <TestEntry testId="43d6dc3c-53e8-45da-7aff-f2a5d909f61d" executionId="a0b6e3b5-9ec3-44a8-b69d-3ccf85c2c7a2" testListId="8c84fa94-04c1-424b-9868-57a2d4851a1d" />
    <TestEntry testId="1cff3eca-d525-091e-65e2-230ac0996f0f" executionId="c8b144a7-d97d-4fe9-bc63-e6e37d59b558" testListId="8c84fa94-04c1-424b-9868-57a2d4851a1d" />
    <TestEntry testId="c5a9b9e3-ddc7-d599-f7fe-3844f6f9e15e" executionId="be391bfe-09a1-401d-905c-ca482dffb0a6" testListId="8c84fa94-04c1-424b-9868-57a2d4851a1d" />
    <TestEntry testId="6904d3c0-7be0-62c4-0ee3-07e51655142b" executionId="bbac35c4-774f-4d33-a5d5-7f0421f29d30" testListId="8c84fa94-04c1-424b-9868-57a2d4851a1d" />
    <TestEntry testId="f4901ffe-89d3-e081-0aa9-7b9d56b57c0f" executionId="a7b5f0e4-de73-40c3-8372-d0edba1f8736" testListId="8c84fa94-04c1-424b-9868-57a2d4851a1d" />
    <TestEntry testId="cc6517ba-270c-cbce-324e-33515a90db02" executionId="2496763c-34ff-45f5-9e0b-5a5eaad6735f" testListId="8c84fa94-04c1-424b-9868-57a2d4851a1d" />
    <TestEntry testId="0f470e8f-f37d-d726-0ed9-2faddccddbca" executionId="fbf79b09-1e24-4159-ade5-f20c48a736c2" testListId="8c84fa94-04c1-424b-9868-57a2d4851a1d" />
    <TestEntry testId="f3eff344-b8fc-0e39-5989-18b02610ed7c" executionId="e6748a70-45d4-4154-b562-c49e80b676a4" testListId="8c84fa94-04c1-424b-9868-57a2d4851a1d" />
    <TestEntry testId="fe18c034-aa0b-61e5-8a2a-c9568fd83fd9" executionId="35fa7c08-d10d-4506-bc6a-c5b6d6f762d9" testListId="8c84fa94-04c1-424b-9868-57a2d4851a1d" />
    <TestEntry testId="dd2d2a8f-9ec7-e1ca-b0f2-5e683485ea4d" executionId="c4cae03f-20af-4787-82ab-bed224d0449f" testListId="8c84fa94-04c1-424b-9868-57a2d4851a1d" />
    <TestEntry testId="d0f30995-f3c5-37b9-b86a-fa5c9a160b83" executionId="47c44a25-41de-412b-be19-9dfa3687bfec" testListId="8c84fa94-04c1-424b-9868-57a2d4851a1d" />
    <TestEntry testId="04ad7382-7f4e-ecdf-65f5-9b1671144ea8" executionId="a8f57817-1f20-4285-ac94-0ef27d826b61" testListId="8c84fa94-04c1-424b-9868-57a2d4851a1d" />
    <TestEntry testId="021ef098-7dbe-513e-8387-e4ed44861025" executionId="ea025f58-5002-44d1-b68c-91dcf5411d9f" testListId="8c84fa94-04c1-424b-9868-57a2d4851a1d" />
    <TestEntry testId="46745519-9ecc-7f3f-f79a-bc558a311ac6" executionId="58149b4f-19d5-4019-aae3-549a91ed0935" testListId="8c84fa94-04c1-424b-9868-57a2d4851a1d" />
    <TestEntry testId="398e487f-9dca-6d67-fd26-4c9254a8ff88" executionId="f137e45e-2511-4791-a7a6-7e03c0f01459" testListId="8c84fa94-04c1-424b-9868-57a2d4851a1d" />
    <TestEntry testId="21a039f5-a92d-7952-0779-2ef36815aea5" executionId="dfaf2fea-39ed-48bb-830b-e8178a40faec" testListId="8c84fa94-04c1-424b-9868-57a2d4851a1d" />
    <TestEntry testId="505bf6e1-ce44-5a68-88c1-fb6651bb0490" executionId="ff87935b-8e47-4a4b-9e91-d98284e48b14" testListId="8c84fa94-04c1-424b-9868-57a2d4851a1d" />
    <TestEntry testId="6a762779-34b5-9625-f1df-b0709303efc2" executionId="7ef25b92-b16c-41e9-8a99-c6b74e64737e" testListId="8c84fa94-04c1-424b-9868-57a2d4851a1d" />
    <TestEntry testId="bc2db273-e428-de1d-791f-6018cb46f40b" executionId="dab6d140-39ae-4b7b-b9e3-72ae22a77384" testListId="8c84fa94-04c1-424b-9868-57a2d4851a1d" />
    <TestEntry testId="56faf403-3c0f-60e1-0db0-3e3aedf00f0a" executionId="071e8172-ad4f-4a1a-8e19-6e34194242ed" testListId="8c84fa94-04c1-424b-9868-57a2d4851a1d" />
    <TestEntry testId="957b3463-0dd9-a4c2-2310-22f1e43fd6cc" executionId="a80ed325-69c2-4922-9e1b-bbb727a05d9d" testListId="8c84fa94-04c1-424b-9868-57a2d4851a1d" />
    <TestEntry testId="d8a26e5e-a3ae-ca28-4ef4-d1f662c46cd6" executionId="df2e80ad-647d-4ac9-b0e6-6b4e813eac9c" testListId="8c84fa94-04c1-424b-9868-57a2d4851a1d" />
    <TestEntry testId="a2e12f75-2242-2b8d-51b3-d7a0e150a45c" executionId="0ff8cb4c-996d-41e8-a68f-dcc93e72e85a" testListId="8c84fa94-04c1-424b-9868-57a2d4851a1d" />
    <TestEntry testId="7bced07e-5002-455f-f0b3-e4b378be8923" executionId="a1393332-38ac-4df0-a508-cfd7a18472d8" testListId="8c84fa94-04c1-424b-9868-57a2d4851a1d" />
    <TestEntry testId="76542709-be8d-6929-2c1e-1e0af7b93f0e" executionId="0a16c3fc-d6f2-4282-adb7-b8ffd1c57829" testListId="8c84fa94-04c1-424b-9868-57a2d4851a1d" />
    <TestEntry testId="5b57b096-32f8-a318-15a0-dbd4aa3c2753" executionId="3aa6a3c6-4b7d-4753-8e61-8007d28c16d4" testListId="8c84fa94-04c1-424b-9868-57a2d4851a1d" />
    <TestEntry testId="e5bc4ebc-87db-486a-42fb-aa45ec30b12b" executionId="8ce5195c-78d1-48e2-8a75-cb840e2bc0b8" testListId="8c84fa94-04c1-424b-9868-57a2d4851a1d" />
    <TestEntry testId="fd0ce9f9-2415-20bc-0fe2-2f12873a13f9" executionId="55396cf6-bdb8-4761-9818-2bc0fbd5c6ce" testListId="8c84fa94-04c1-424b-9868-57a2d4851a1d" />
    <TestEntry testId="16b0b669-97dc-a186-724b-c8025a9929b5" executionId="1b800663-ca0e-40f1-957f-55ee791f1c73" testListId="8c84fa94-04c1-424b-9868-57a2d4851a1d" />
    <TestEntry testId="0b029b03-e5f3-b149-3920-586205f4cd46" executionId="df52bb03-de58-4fa3-aff2-e9cb1c3085af" testListId="8c84fa94-04c1-424b-9868-57a2d4851a1d" />
    <TestEntry testId="a5fae02e-9780-3d8e-be60-788c3b7d16c2" executionId="4bab1d93-cce6-49d0-a6cc-da7ba1814ecd" testListId="8c84fa94-04c1-424b-9868-57a2d4851a1d" />
    <TestEntry testId="dca228a0-81df-8712-dc7f-0dc5c847777d" executionId="cdeba476-3cb9-4b0f-9730-7912aa6dc207" testListId="8c84fa94-04c1-424b-9868-57a2d4851a1d" />
    <TestEntry testId="e054dcdd-51af-3c68-d12e-6dc73cf4eb19" executionId="3bc9d2a3-aeb5-40be-acfc-b3f18593eb9a" testListId="8c84fa94-04c1-424b-9868-57a2d4851a1d" />
    <TestEntry testId="5a880289-fba4-8a86-5ba1-cfa26e3284b5" executionId="6b2c2f34-804e-407d-b4e4-8cb68441057f" testListId="8c84fa94-04c1-424b-9868-57a2d4851a1d" />
    <TestEntry testId="a39446df-6f24-60d3-7536-413204661085" executionId="757a9157-450e-4470-911f-085419c17355" testListId="8c84fa94-04c1-424b-9868-57a2d4851a1d" />
    <TestEntry testId="e3ca0d6d-89ae-429d-2832-2bb467f02eff" executionId="29dd430b-3310-4c22-bfbe-c716fa8acf6e" testListId="8c84fa94-04c1-424b-9868-57a2d4851a1d" />
    <TestEntry testId="a3e7e124-513f-599e-5dcf-9092069c6e07" executionId="b07b60ca-e6d5-4fad-846b-3f703ee902d9" testListId="8c84fa94-04c1-424b-9868-57a2d4851a1d" />
    <TestEntry testId="509804e8-d8ee-e9bd-b5b3-aeeece8c3d43" executionId="ef02b723-453b-46be-8428-945599cc8b64" testListId="8c84fa94-04c1-424b-9868-57a2d4851a1d" />
    <TestEntry testId="1361d5d5-52ef-44c5-6dcc-69e48369bb22" executionId="bf06ed7e-263c-49d9-b487-bb73cec50e0d" testListId="8c84fa94-04c1-424b-9868-57a2d4851a1d" />
    <TestEntry testId="b7ea915e-8d23-5a60-08af-57723815f578" executionId="0b73f35e-3bdc-4db4-a96a-d68a96869a6a" testListId="8c84fa94-04c1-424b-9868-57a2d4851a1d" />
    <TestEntry testId="7468abf9-8496-a9ce-938c-e8b14b5f2200" executionId="d364cbdc-ba33-4ad7-a690-df240fc35430" testListId="8c84fa94-04c1-424b-9868-57a2d4851a1d" />
    <TestEntry testId="f9cd709d-06a0-cb2e-c1c2-3af44a928bed" executionId="03b8d652-0e3c-4fb6-9e95-85b9ac270702" testListId="8c84fa94-04c1-424b-9868-57a2d4851a1d" />
    <TestEntry testId="2d9dbc28-3346-aa2c-3f94-7988e6e65d16" executionId="d6746a09-4662-437c-a1a2-5b21150b2f30" testListId="8c84fa94-04c1-424b-9868-57a2d4851a1d" />
    <TestEntry testId="cef844ae-f7df-59dd-115d-a7bcafd90e57" executionId="9eacb1c1-6a6c-4cce-80a1-9cb49f0587ad" testListId="8c84fa94-04c1-424b-9868-57a2d4851a1d" />
    <TestEntry testId="189e2ed8-2590-6f80-cf67-f946098c2a53" executionId="16b53d80-e99b-46aa-aec8-a0ff294fc19f" testListId="8c84fa94-04c1-424b-9868-57a2d4851a1d" />
    <TestEntry testId="f1d3bc99-16dc-eb0d-4f79-920ef3df3a07" executionId="71ac4ea4-e402-4480-8355-c240fbe8dbad" testListId="8c84fa94-04c1-424b-9868-57a2d4851a1d" />
    <TestEntry testId="c40bd895-725a-1fb2-ec21-aeab0bc59909" executionId="6e213e92-7959-41f0-bf91-dd1e8d94e831" testListId="8c84fa94-04c1-424b-9868-57a2d4851a1d" />
    <TestEntry testId="c0d78bc9-8b22-4b83-e487-b28dbfa43be1" executionId="7a1926d2-ee8a-47e9-b536-7a09db95f25d" testListId="8c84fa94-04c1-424b-9868-57a2d4851a1d" />
    <TestEntry testId="6a8d8c2c-5a74-d0ec-0a79-8c551b112800" executionId="cf54747e-c13e-4303-9eeb-2101acd13f70" testListId="8c84fa94-04c1-424b-9868-57a2d4851a1d" />
    <TestEntry testId="5323add9-9438-8c53-0fca-d94870660b43" executionId="d6cf141a-d8fe-4ace-a44e-655d05f310af" testListId="8c84fa94-04c1-424b-9868-57a2d4851a1d" />
    <TestEntry testId="6c12d520-15aa-b4cf-0a08-c96da7cf1722" executionId="f61f7e89-3ad4-442c-a173-23e93c059cf8" testListId="8c84fa94-04c1-424b-9868-57a2d4851a1d" />
    <TestEntry testId="7d275e3d-ce8a-245d-532c-9789e820e55e" executionId="ac089ef1-1268-4c9f-81f8-2059991c74c3" testListId="8c84fa94-04c1-424b-9868-57a2d4851a1d" />
    <TestEntry testId="6a8fa308-ac39-ccff-224f-2c11a1875cff" executionId="8217b3e9-aea5-4a53-afab-f7dca1232ac7" testListId="8c84fa94-04c1-424b-9868-57a2d4851a1d" />
    <TestEntry testId="07b8ae28-3f7d-4c7c-c1aa-a7481b9226b5" executionId="84070532-1ff8-4017-a6e1-ce8e003d5186" testListId="8c84fa94-04c1-424b-9868-57a2d4851a1d" />
    <TestEntry testId="37e26fc7-40a0-7e47-0f13-ec833e365aba" executionId="f8e295da-f25b-4242-af59-0c867affd32f" testListId="8c84fa94-04c1-424b-9868-57a2d4851a1d" />
    <TestEntry testId="517deaa3-fb72-43d4-f26a-18dc2c3127b6" executionId="25ab8d1c-b0a8-4ef9-8a38-81f2d59f2d2d" testListId="8c84fa94-04c1-424b-9868-57a2d4851a1d" />
    <TestEntry testId="56fd3714-911e-3c1d-d65a-ddc9984079a7" executionId="8d73f153-77ef-4cea-aba5-634ce697c22a" testListId="8c84fa94-04c1-424b-9868-57a2d4851a1d" />
    <TestEntry testId="cb156529-9899-4aae-6bb8-bbac8771853d" executionId="681bbbe0-1507-44f6-9482-28e230e1968b" testListId="8c84fa94-04c1-424b-9868-57a2d4851a1d" />
    <TestEntry testId="330e6a9d-2d5c-ac83-143d-e6e550e3720b" executionId="599ad06d-cae2-485f-9cac-22e693599c1d" testListId="8c84fa94-04c1-424b-9868-57a2d4851a1d" />
    <TestEntry testId="86d1cc4f-8091-b22e-336f-4cb0386e426c" executionId="9118c865-f7e0-4f1e-91d3-a7ef87e1c8e0" testListId="8c84fa94-04c1-424b-9868-57a2d4851a1d" />
    <TestEntry testId="fca63c0e-d16d-4503-2a64-6b01e464c0f0" executionId="e2784fb2-49f4-4eb3-9675-fd32200c05ba" testListId="8c84fa94-04c1-424b-9868-57a2d4851a1d" />
    <TestEntry testId="3cb4d030-e34c-4c73-8e37-551b04141e43" executionId="57284812-33e5-4eea-b600-38360eee61da" testListId="8c84fa94-04c1-424b-9868-57a2d4851a1d" />
    <TestEntry testId="3dff1f41-5a6c-1f6b-dc94-6936d92863d6" executionId="40732137-78b3-48c2-b287-91c2f139c96c" testListId="8c84fa94-04c1-424b-9868-57a2d4851a1d" />
    <TestEntry testId="dda34e2b-0d6b-f778-6cc1-d3fd58535a8e" executionId="13bf6a4e-693b-4a5a-b23f-25fdc49927b6" testListId="8c84fa94-04c1-424b-9868-57a2d4851a1d" />
    <TestEntry testId="9e34c367-5723-2d6b-b206-e27de106d084" executionId="00776456-7d6a-49ef-b7de-3289cda1830c" testListId="8c84fa94-04c1-424b-9868-57a2d4851a1d" />
    <TestEntry testId="93203ca6-739a-f1e1-3f23-53da55ebd190" executionId="68bf4789-199c-495f-902f-7b1df62c9b1a" testListId="8c84fa94-04c1-424b-9868-57a2d4851a1d" />
    <TestEntry testId="781458f1-23a4-0aa0-3bdb-d72f01e70470" executionId="8270723e-cafc-4e16-91fc-748b58f55aa9" testListId="8c84fa94-04c1-424b-9868-57a2d4851a1d" />
    <TestEntry testId="a4208f47-51bb-3553-6e35-32df31a81552" executionId="afd2d75a-d432-4edd-b36e-936bbbd6997f" testListId="8c84fa94-04c1-424b-9868-57a2d4851a1d" />
    <TestEntry testId="9d5c5276-a7b0-5513-b1ab-ce2be37e9b89" executionId="5353bd63-a4ec-4e95-9ad0-8cc6043371f8" testListId="8c84fa94-04c1-424b-9868-57a2d4851a1d" />
    <TestEntry testId="7b27a646-3b79-71b7-4cd1-43571fd2570e" executionId="171ccc26-4de8-4672-ad77-18bad5f9bee6" testListId="8c84fa94-04c1-424b-9868-57a2d4851a1d" />
    <TestEntry testId="99b054db-dc54-f38e-941b-12cf00b7ca8e" executionId="909b103b-2873-47e2-b579-5e4db39269bc" testListId="8c84fa94-04c1-424b-9868-57a2d4851a1d" />
    <TestEntry testId="d9c896b3-18ac-1bf3-97b7-05dfbfa56ea2" executionId="42c66b76-76ef-4cd5-b3b3-e9681a7165b0" testListId="8c84fa94-04c1-424b-9868-57a2d4851a1d" />
    <TestEntry testId="b126bbc4-6355-64b2-7b0e-a07a415e03cd" executionId="018fd484-ba98-450b-b50e-0fb2e914219c" testListId="8c84fa94-04c1-424b-9868-57a2d4851a1d" />
    <TestEntry testId="f1fa0dac-dc54-e0fe-f9ad-70a6d58061fe" executionId="064cceb6-daf3-4601-9310-f73b17b4155e" testListId="8c84fa94-04c1-424b-9868-57a2d4851a1d" />
    <TestEntry testId="49529985-1ba0-c238-eae3-48cc6bd0feac" executionId="7b67b3f6-b334-4f0a-bb6d-fd5f189c440d" testListId="8c84fa94-04c1-424b-9868-57a2d4851a1d" />
    <TestEntry testId="aeef6c1f-4c83-a297-28c5-f2458e78b8fa" executionId="c9c76bd8-d357-4234-a8f2-26df8c110f7e" testListId="8c84fa94-04c1-424b-9868-57a2d4851a1d" />
    <TestEntry testId="4120ce42-f415-07cf-2596-3bbad5e24de7" executionId="5145ce92-b62e-4be4-942c-7680a4954c1d" testListId="8c84fa94-04c1-424b-9868-57a2d4851a1d" />
    <TestEntry testId="9207245b-a7fa-82ff-1427-4b3d12e39613" executionId="3e1164fa-95da-446b-8fe2-036055df9129" testListId="8c84fa94-04c1-424b-9868-57a2d4851a1d" />
    <TestEntry testId="3add4a08-97e9-90f7-a8c6-705b9e10368c" executionId="0a7d4b28-dd5a-43fd-b069-5ab7774347f5" testListId="8c84fa94-04c1-424b-9868-57a2d4851a1d" />
    <TestEntry testId="6ac90c63-c23f-6f1a-ea9b-05c892b344e8" executionId="3de3cd47-9165-4b0e-9ad9-ae641543ac39" testListId="8c84fa94-04c1-424b-9868-57a2d4851a1d" />
    <TestEntry testId="2a067b92-4347-6a39-bc15-e87ff4d0efc9" executionId="5b216e82-41a0-412b-85bf-ac9d11a1f264" testListId="8c84fa94-04c1-424b-9868-57a2d4851a1d" />
    <TestEntry testId="7865af95-405e-00d9-0891-66c018874e42" executionId="74889b45-4385-4a4b-afe6-c98ab2fef6b8" testListId="8c84fa94-04c1-424b-9868-57a2d4851a1d" />
    <TestEntry testId="c11becfa-b802-6cdb-ce4e-e4281ec502ee" executionId="94fc65e3-ad52-451c-b116-4b933c752426" testListId="8c84fa94-04c1-424b-9868-57a2d4851a1d" />
    <TestEntry testId="0f0f7131-42bd-3008-39e4-936130039165" executionId="cd0a4f93-b60b-4620-9f7f-89400c43e2ba" testListId="8c84fa94-04c1-424b-9868-57a2d4851a1d" />
    <TestEntry testId="3b800de0-7f55-0230-86ac-278c66c5da09" executionId="dae69bba-d067-49f1-b7b1-e8cb9002671f" testListId="8c84fa94-04c1-424b-9868-57a2d4851a1d" />
    <TestEntry testId="1ae52b3a-7f71-39ee-b374-bc88518d0a21" executionId="ffacbbda-423d-451e-b22f-7493e2a11607" testListId="8c84fa94-04c1-424b-9868-57a2d4851a1d" />
    <TestEntry testId="97023402-6dfa-1a85-9a19-e49c35df9c6b" executionId="c0c51e0b-49b3-4060-96d2-67b2b26172b7" testListId="8c84fa94-04c1-424b-9868-57a2d4851a1d" />
    <TestEntry testId="4e334c90-085d-d837-dbad-b8a5c30c5beb" executionId="89673d97-82de-4000-8895-b97e42a9e53b" testListId="8c84fa94-04c1-424b-9868-57a2d4851a1d" />
    <TestEntry testId="54505b15-5a00-25a3-11b0-3721b2419942" executionId="a25711d5-306b-4a7f-8877-408102fe8304" testListId="8c84fa94-04c1-424b-9868-57a2d4851a1d" />
    <TestEntry testId="8bee89f3-b545-13ae-bf1c-f764a03a926a" executionId="eed03f57-58c5-481f-b600-26b825233e36" testListId="8c84fa94-04c1-424b-9868-57a2d4851a1d" />
    <TestEntry testId="20866b5e-00ad-91c8-5292-4eb0cd2cc57c" executionId="6355445a-89fa-4c24-be39-5dd89b7942e5" testListId="8c84fa94-04c1-424b-9868-57a2d4851a1d" />
    <TestEntry testId="16676cd4-3af1-1b40-f8fd-0b757767ae35" executionId="6f58c8dd-f2ad-4b66-9fb7-939d6c1b30d8" testListId="8c84fa94-04c1-424b-9868-57a2d4851a1d" />
    <TestEntry testId="8b238217-430f-05ee-47e5-89c18f51b0b9" executionId="0abe00f9-35ed-47bc-8c49-b095e029133c" testListId="8c84fa94-04c1-424b-9868-57a2d4851a1d" />
    <TestEntry testId="3515ab69-b8ab-9731-40c5-aa9261919d51" executionId="315192a1-6737-4f25-a3aa-3ad3c917d315" testListId="8c84fa94-04c1-424b-9868-57a2d4851a1d" />
    <TestEntry testId="59a687c4-cb9f-631c-69ed-da984b9e6b7a" executionId="f5a7c0ff-d166-4007-9917-a462e695fcbc" testListId="8c84fa94-04c1-424b-9868-57a2d4851a1d" />
    <TestEntry testId="2b2d084f-5640-0691-4200-77423cd95a54" executionId="f82ade71-5929-4243-9b2d-dc96a1854e2d" testListId="8c84fa94-04c1-424b-9868-57a2d4851a1d" />
    <TestEntry testId="59fbdfc9-53f7-92c9-bff0-f0352b5bb907" executionId="88bd23be-9332-40c5-905a-94b1519367c0" testListId="8c84fa94-04c1-424b-9868-57a2d4851a1d" />
    <TestEntry testId="84fc2d45-9c65-24ed-a603-3dd6b23b161b" executionId="42c0cb1e-8b20-40fe-a484-ea5cb306f6bc" testListId="8c84fa94-04c1-424b-9868-57a2d4851a1d" />
    <TestEntry testId="c0f579a5-5ae7-71d9-6691-3cfa7f1b150a" executionId="0702de4e-9204-476b-b113-1ea316bed92b" testListId="8c84fa94-04c1-424b-9868-57a2d4851a1d" />
    <TestEntry testId="a17e8d02-5a28-ea2d-f09e-368bfc7a6e40" executionId="ba382046-bfdc-441d-bff6-c54c81338650" testListId="8c84fa94-04c1-424b-9868-57a2d4851a1d" />
    <TestEntry testId="6d0fa322-8959-7bc7-9627-74995f65e2a9" executionId="ea6e79ae-7f1f-4a88-8c5e-36ac6a5ace01" testListId="8c84fa94-04c1-424b-9868-57a2d4851a1d" />
    <TestEntry testId="3915b03e-a985-a2c2-3ccc-dadf5b35e158" executionId="8a53e373-7b7a-4c9e-ba01-b33525f42709" testListId="8c84fa94-04c1-424b-9868-57a2d4851a1d" />
    <TestEntry testId="3f124bb3-caeb-8d62-c0aa-8c36ecc36e38" executionId="e2deefe6-c951-445a-b00c-933b8f387628" testListId="8c84fa94-04c1-424b-9868-57a2d4851a1d" />
    <TestEntry testId="6cef3e8d-2ebd-6290-5a28-0c415e30adc8" executionId="0c554ee5-62ac-4cde-b35d-7725037f3941" testListId="8c84fa94-04c1-424b-9868-57a2d4851a1d" />
    <TestEntry testId="e6c2e5fc-7fb8-b319-6ad8-57edc8eaae1a" executionId="22fad25d-4997-48e5-b9a6-bcd10eaeac82" testListId="8c84fa94-04c1-424b-9868-57a2d4851a1d" />
    <TestEntry testId="0b25e965-3296-4277-c598-c67475b071d1" executionId="21014384-c96c-4726-bb1f-b6a9b73b4014" testListId="8c84fa94-04c1-424b-9868-57a2d4851a1d" />
    <TestEntry testId="2c127a20-3c88-593b-f395-f582e0a2b6e0" executionId="11e7d32c-3b37-4b32-96db-d2f89931a5f5" testListId="8c84fa94-04c1-424b-9868-57a2d4851a1d" />
    <TestEntry testId="d908c8a8-2398-0e10-28f9-4b3de740a2b8" executionId="b2abf86f-ae55-4c4e-89e0-144c42ac2d55" testListId="8c84fa94-04c1-424b-9868-57a2d4851a1d" />
    <TestEntry testId="f25cced5-ce9e-bbb4-b8c8-3e87f67f7dc4" executionId="58b7a4de-3f42-45fc-884d-24fc499ac6a9" testListId="8c84fa94-04c1-424b-9868-57a2d4851a1d" />
    <TestEntry testId="b4bc3446-4a33-e238-ffe8-f27ad8971712" executionId="0a7866e3-138c-4733-a032-80089a3a86d0" testListId="8c84fa94-04c1-424b-9868-57a2d4851a1d" />
    <TestEntry testId="f936dbe2-1850-5119-1e00-9716f608d0a4" executionId="dbc81e21-0841-49fd-a140-3f7c71639a75" testListId="8c84fa94-04c1-424b-9868-57a2d4851a1d" />
    <TestEntry testId="966ee7d3-699a-e5e7-0a2b-6c1da1a4c68c" executionId="309e0333-df6d-4f8a-8cc3-595002ff7537" testListId="8c84fa94-04c1-424b-9868-57a2d4851a1d" />
    <TestEntry testId="cc76721f-059d-14cc-2a33-b02fc511af6d" executionId="8615d724-e3e8-4c9c-85f8-1099ee7bab39" testListId="8c84fa94-04c1-424b-9868-57a2d4851a1d" />
    <TestEntry testId="507dcade-d9c5-591a-a8c8-41d99aa32547" executionId="b21fb8b7-a8b4-4409-86f6-fe7269a46f5b" testListId="8c84fa94-04c1-424b-9868-57a2d4851a1d" />
    <TestEntry testId="122a7ff7-08e1-f4dc-a56a-6d770b30253d" executionId="541e387f-08a1-4afb-a9a8-52bc2c3e49f0" testListId="8c84fa94-04c1-424b-9868-57a2d4851a1d" />
    <TestEntry testId="3a1ee3d4-bee4-132c-f414-9fc20d7683da" executionId="021b0e7e-888e-4eee-8309-8f66cf4b292b" testListId="8c84fa94-04c1-424b-9868-57a2d4851a1d" />
    <TestEntry testId="c3800336-306f-d7b8-9385-05631f008da4" executionId="6be7053b-a188-4f2d-bf6a-0102a4ca22df" testListId="8c84fa94-04c1-424b-9868-57a2d4851a1d" />
    <TestEntry testId="88cce5da-1134-4d90-54f2-f1e25810b263" executionId="759e5a5f-6280-4467-8437-0c8f2eb3fc6e" testListId="8c84fa94-04c1-424b-9868-57a2d4851a1d" />
    <TestEntry testId="940b531e-2790-8e0d-49d2-253e218ff75a" executionId="d06c8ebc-4390-4ca9-8215-c491943776da" testListId="8c84fa94-04c1-424b-9868-57a2d4851a1d" />
    <TestEntry testId="40352d1e-7af0-87a6-2cbd-75971fbe368c" executionId="ccc6034f-7f7f-4d87-bc00-9dcc43bd3fe4" testListId="8c84fa94-04c1-424b-9868-57a2d4851a1d" />
    <TestEntry testId="c77a073d-bd7f-a0bc-7dc1-d2b9a4ec3a28" executionId="63054499-c9c0-4b00-b38e-6300aea0f97a" testListId="8c84fa94-04c1-424b-9868-57a2d4851a1d" />
    <TestEntry testId="f9b4a59e-f609-4a39-b0af-d9d71a052b87" executionId="5ded19da-1177-4c74-88d8-c0cb33a35f7b" testListId="8c84fa94-04c1-424b-9868-57a2d4851a1d" />
    <TestEntry testId="129055b6-b8ec-538c-e6ea-3d4081636908" executionId="638e2a08-41fe-4c71-8eb0-9d9dbe6441dc" testListId="8c84fa94-04c1-424b-9868-57a2d4851a1d" />
    <TestEntry testId="a2237cff-2fec-9f3d-16cc-4fd05503957e" executionId="712a6766-7e28-4bcd-ac78-01848dbccd42" testListId="8c84fa94-04c1-424b-9868-57a2d4851a1d" />
    <TestEntry testId="610e8bda-ad87-7af5-dff8-990fa1173593" executionId="040a7e2e-0293-4359-ac8d-8589512ac157" testListId="8c84fa94-04c1-424b-9868-57a2d4851a1d" />
    <TestEntry testId="b05b330f-5d99-5f6e-5424-2528823be4f6" executionId="313c70d6-6a51-4fe6-b21d-d6d44ca0d3e6" testListId="8c84fa94-04c1-424b-9868-57a2d4851a1d" />
    <TestEntry testId="a0d50940-2432-3acf-bdae-0dfaf7c5f854" executionId="ae2a663a-703d-463e-93c7-528128a44210" testListId="8c84fa94-04c1-424b-9868-57a2d4851a1d" />
    <TestEntry testId="eceaaf6b-5306-b6a9-a798-462c0467ff4a" executionId="0d7bbdd3-31ba-480a-8f7d-061871646813" testListId="8c84fa94-04c1-424b-9868-57a2d4851a1d" />
    <TestEntry testId="cee29a5a-9206-9b74-96ac-28ce4de6a024" executionId="1aec1f24-b0f8-4508-bced-c31915304bb0" testListId="8c84fa94-04c1-424b-9868-57a2d4851a1d" />
    <TestEntry testId="bc4a1af8-3d51-4179-a551-c278715b53c7" executionId="e93cc384-b68c-4df5-9886-64845d5ffc14" testListId="8c84fa94-04c1-424b-9868-57a2d4851a1d" />
    <TestEntry testId="f1542d8f-aea4-6399-622a-dbd039a58b9a" executionId="227b165c-d656-46b9-8a88-609e50c176cc" testListId="8c84fa94-04c1-424b-9868-57a2d4851a1d" />
    <TestEntry testId="40c9aad1-ee00-e27d-0b4f-d8f949438612" executionId="bbe4b362-e324-4967-816b-332ab77d3e65" testListId="8c84fa94-04c1-424b-9868-57a2d4851a1d" />
    <TestEntry testId="d818aa24-7faf-b679-f37f-e2929af9a569" executionId="a1cf39ee-e8db-4b00-8509-be0fcf540218" testListId="8c84fa94-04c1-424b-9868-57a2d4851a1d" />
    <TestEntry testId="dd7db48f-87b8-61de-b17c-06d3ef83a055" executionId="c2e71086-b376-44d3-a3ec-8acad99f8f59" testListId="8c84fa94-04c1-424b-9868-57a2d4851a1d" />
    <TestEntry testId="5dde1ad8-2a5f-9e49-d80b-87af96b9782f" executionId="7322b3ea-b0e8-4fb2-b5ff-6d1295d54ca6" testListId="8c84fa94-04c1-424b-9868-57a2d4851a1d" />
    <TestEntry testId="6596a401-a376-8fd2-668a-6808ccafe6e7" executionId="56411f01-8823-4865-9963-dfd17c82e09f" testListId="8c84fa94-04c1-424b-9868-57a2d4851a1d" />
    <TestEntry testId="dfe5eb18-fc86-0989-8caf-49b9107cfa43" executionId="5f40a415-c958-4fc7-a38f-2efd0a60df06" testListId="8c84fa94-04c1-424b-9868-57a2d4851a1d" />
    <TestEntry testId="d2a38c12-1133-cc13-9e43-5bdd0cf775fc" executionId="6e0dac9e-83b9-4e71-b0e4-84f4dbc81b17" testListId="8c84fa94-04c1-424b-9868-57a2d4851a1d" />
    <TestEntry testId="fe1191f9-4ecd-2913-fb7b-c5e75f511287" executionId="770b38a3-e45e-4b6b-af1d-2905c45e74c0" testListId="8c84fa94-04c1-424b-9868-57a2d4851a1d" />
    <TestEntry testId="11fe7685-9398-3200-8756-ca20267b48e6" executionId="f5686e0d-0fe5-4725-a369-766973c23f7d" testListId="8c84fa94-04c1-424b-9868-57a2d4851a1d" />
    <TestEntry testId="32505077-4fe1-2204-4219-664d842b3cbd" executionId="d480fbea-eed3-4b3f-9a77-5f8585e31861" testListId="8c84fa94-04c1-424b-9868-57a2d4851a1d" />
  </TestEntries>
  <TestLists>
    <TestList name="Results Not in a List" id="8c84fa94-04c1-424b-9868-57a2d4851a1d" />
    <TestList name="All Loaded Results" id="19431567-8539-422a-85d7-44ee4e166bda" />
  </TestLists>
  <ResultSummary outcome="Completed">
    <Counters total="356" executed="333" passed="333" failed="0" error="0" timeout="0" aborted="0" inconclusive="0" passedButRunAborted="0" notRunnable="0" notExecuted="0" disconnected="0" warning="0" completed="0" inProgress="0" pending="0" />
    <Output>
      <StdOut>Test 'TestCreateDirectory' was skipped in the test run.&#xD;
Test 'TestConstructor' was skipped in the test run.&#xD;
Test 'TestParseFull' was skipped in the test run.&#xD;
Test 'TestParseFullTranslate' was skipped in the test run.&#xD;
Test 'TestParseMinimum' was skipped in the test run.&#xD;
Test 'TestParseXmlThatDoesNotValidateSchema' was skipped in the test run.&#xD;
Test 'TestStartProcess' was skipped in the test run.&#xD;
Test 'TestTerminateProcess' was skipped in the test run.&#xD;
Test 'TestImportPackage_ShouldSucceed_WhenInstallerConatainsValidPackageXml' was skipped in the test run.&#xD;
Test 'ZipPackageUncompressed_ShouldBeImportedSuccessfully' was skipped in the test run.&#xD;
Test 'ZipPackageCompressed_ShouldBeImportedSuccessfully' was skipped in the test run.&#xD;
Test 'ZipPackageNoPackageXml_ShouldNotBeImported' was skipped in the test run.&#xD;
Test 'ExistingZipPackage_ShouldBeOverwritten' was skipped in the test run.&#xD;
Test 'ExistingExePackage_ShouldBeOverwritten' was skipped in the test run.&#xD;
Test 'ExistingExePackageWithReadOnlyAttribute_ShouldBeOverwritten' was skipped in the test run.&#xD;
Test 'ExistingZipPackageWithReadOnlyAttribute_ShouldBeOverwritten' was skipped in the test run.&#xD;
Test 'TestGetPackages' was skipped in the test run.&#xD;
Test 'TestGetPackagesWithNullRepositoryPath' was skipped in the test run.&#xD;
Test 'TestMakeDirWithWithCorrectSecurity' was skipped in the test run.&#xD;
Test 'TestRebooterTaskInvalidHostName' was skipped in the test run.&#xD;
Test 'IsTrusted_ShouldNotThrow_WhenPackageIsSigned' was skipped in the test run.&#xD;
Test 'IsTrusted_ShouldThrow_WhenPackageIsSignedButTampered' was skipped in the test run.&#xD;
Test 'IsTrusted_ShouldThrow_WhenPackageNotSigned' was skipped in the test run.&#xD;
</StdOut>
    </Output>
  </ResultSummary>
</TestRun>